<?xml version="1.0" encoding="UTF-8"?>
<testsuites tests="49" failures="0" errors="0" skipped="0">
  <testsuite timestamp="2025-06-04T15:06:45" time="1806.25" tests="49" failures="0" errors="0" skipped="0">
    <properties>
      <property name="specId" value="0" />
      <property name="suiteName" value="Sanity Tests US104253" />
      <property name="capabilities" value="chrome.137_0_7151_56.windows" />
      <property name="file" value="file:///D:/a/1/s/test/specs/General/sanity.spec.js" />
    </properties>
    <testcase classname="chrome.137_0_7151_56.windows.Sanity_Tests_US104253" name="Should open Manage Partners page" time="36.49">
      <system-out><![CDATA[
COMMAND: POST /session/e44526e052a1670125e85f4cf92ba029/execute/async - {"script":"<script> [1562 bytes]","args":[{"selector":{"controlType":"sap.m.GenericTile","properties":{"header":"Manage Partners"}},"wdio_ui5_key":"sapm.GenericTile{\"header\":\"Manage Partners\"}"}]}
RESULT: {"script":"<script> [1562 bytes]","args":[{"selector":{"controlType":"sap.m.GenericTile","properties":{"header":"Manage Partners"}},"wdio_ui5_key":"sapm.GenericTile{\"header\":\"Manage Partners\"}"}]}
RESULT: undefined
COMMAND: POST /session/e44526e052a1670125e85f4cf92ba029/element - {"using":"xpath","value":"//*[@id=\"__tile38\"]"}
RESULT: {"using":"xpath","value":"//*[@id=\"__tile38\"]"}
COMMAND: POST /session/e44526e052a1670125e85f4cf92ba029/element/f.A1DCFEC41B3517C11530D0F7A218328C.d.99A377B6CBC0A07D5C856A54ABC4358E.e.116/click - {}
RESULT: {}
COMMAND: GET /session/e44526e052a1670125e85f4cf92ba029/screenshot - {}
RESULT: {}
COMMAND: POST /session/e44526e052a1670125e85f4cf92ba029/elements - {"using":"xpath","value":"//span[text()='Error']"}
RESULT: {"using":"xpath","value":"//span[text()='Error']"}
RESULT: undefined
COMMAND: POST /session/e44526e052a1670125e85f4cf92ba029/element - {"using":"xpath","value":"//*[@id=\"__tile38\"]"}
RESULT: {"using":"xpath","value":"//*[@id=\"__tile38\"]"}
COMMAND: POST /session/e44526e052a1670125e85f4cf92ba029/element/f.A1DCFEC41B3517C11530D0F7A218328C.d.99A377B6CBC0A07D5C856A54ABC4358E.e.116/click - {}
RESULT: undefined
COMMAND: POST /session/e44526e052a1670125e85f4cf92ba029/element - {"using":"xpath","value":"//*[@id=\"__tile38\"]"}
RESULT: {"using":"xpath","value":"//*[@id=\"__tile38\"]"}
COMMAND: POST /session/e44526e052a1670125e85f4cf92ba029/element/f.A1DCFEC41B3517C11530D0F7A218328C.d.99A377B6CBC0A07D5C856A54ABC4358E.e.116/click - {}
COMMAND: POST /session/e44526e052a1670125e85f4cf92ba029/execute/async - {"script":"<script> [1562 bytes]","args":[{"selector":{"id":"shellAppTitle"},"wdio_ui5_key":"shellAppTitle"}]}
RESULT: {"script":"<script> [1562 bytes]","args":[{"selector":{"id":"shellAppTitle"},"wdio_ui5_key":"shellAppTitle"}]}
RESULT: undefined
COMMAND: POST /session/e44526e052a1670125e85f4cf92ba029/execute/async - {"script":"<script> [6424 bytes]","args":[{"element-6066-11e4-a52e-4f735466cecf":"f.A1DCFEC41B3517C11530D0F7A218328C.d.99A377B6CBC0A07D5C856A54ABC4358E.e.291"},"getTitle",[]]}
RESULT: {"script":"<script> [6424 bytes]","args":[{"element-6066-11e4-a52e-4f735466cecf":"f.A1DCFEC41B3517C11530D0F7A218328C.d.99A377B6CBC0A07D5C856A54ABC4358E.e.291"},"getTitle",[]]}
COMMAND: POST /session/e44526e052a1670125e85f4cf92ba029/execute/async - {"script":"<script> [1562 bytes]","args":[{"selector":{"id":"backBtn"},"wdio_ui5_key":"backBtn"}]}
RESULT: {"script":"<script> [1562 bytes]","args":[{"selector":{"id":"backBtn"},"wdio_ui5_key":"backBtn"}]}
RESULT: undefined
COMMAND: POST /session/e44526e052a1670125e85f4cf92ba029/element - {"using":"xpath","value":"//*[@id=\"backBtn\"]"}
RESULT: {"using":"xpath","value":"//*[@id=\"backBtn\"]"}
COMMAND: POST /session/e44526e052a1670125e85f4cf92ba029/element/f.A1DCFEC41B3517C11530D0F7A218328C.d.99A377B6CBC0A07D5C856A54ABC4358E.e.292/click - {}
RESULT: {}
COMMAND: GET /session/e44526e052a1670125e85f4cf92ba029/screenshot - {}
RESULT: {}
]]></system-out>
    </testcase>
    <testcase classname="chrome.137_0_7151_56.windows.Sanity_Tests_US104253" name="Should open Manage Sites page" time="35.767">
      <system-out><![CDATA[
COMMAND: POST /session/e44526e052a1670125e85f4cf92ba029/execute/async - {"script":"<script> [1562 bytes]","args":[{"selector":{"controlType":"sap.m.GenericTile","properties":{"header":"Manage Sites"}},"wdio_ui5_key":"sapm.GenericTile{\"header\":\"Manage Sites\"}"}]}
RESULT: {"script":"<script> [1562 bytes]","args":[{"selector":{"controlType":"sap.m.GenericTile","properties":{"header":"Manage Sites"}},"wdio_ui5_key":"sapm.GenericTile{\"header\":\"Manage Sites\"}"}]}
RESULT: undefined
COMMAND: POST /session/e44526e052a1670125e85f4cf92ba029/element - {"using":"xpath","value":"//*[@id=\"__tile40\"]"}
RESULT: {"using":"xpath","value":"//*[@id=\"__tile40\"]"}
COMMAND: POST /session/e44526e052a1670125e85f4cf92ba029/element/f.A1DCFEC41B3517C11530D0F7A218328C.d.99A377B6CBC0A07D5C856A54ABC4358E.e.294/click - {}
RESULT: {}
COMMAND: GET /session/e44526e052a1670125e85f4cf92ba029/screenshot - {}
RESULT: {}
COMMAND: POST /session/e44526e052a1670125e85f4cf92ba029/elements - {"using":"xpath","value":"//span[text()='Error']"}
RESULT: {"using":"xpath","value":"//span[text()='Error']"}
RESULT: undefined
COMMAND: POST /session/e44526e052a1670125e85f4cf92ba029/element - {"using":"xpath","value":"//*[@id=\"__tile40\"]"}
RESULT: {"using":"xpath","value":"//*[@id=\"__tile40\"]"}
COMMAND: POST /session/e44526e052a1670125e85f4cf92ba029/element/f.A1DCFEC41B3517C11530D0F7A218328C.d.99A377B6CBC0A07D5C856A54ABC4358E.e.294/click - {}
RESULT: undefined
COMMAND: POST /session/e44526e052a1670125e85f4cf92ba029/element - {"using":"xpath","value":"//*[@id=\"__tile40\"]"}
RESULT: {"using":"xpath","value":"//*[@id=\"__tile40\"]"}
COMMAND: POST /session/e44526e052a1670125e85f4cf92ba029/element/f.A1DCFEC41B3517C11530D0F7A218328C.d.99A377B6CBC0A07D5C856A54ABC4358E.e.294/click - {}
RESULT: undefined
COMMAND: POST /session/e44526e052a1670125e85f4cf92ba029/execute/async - {"script":"<script> [6424 bytes]","args":[{"element-6066-11e4-a52e-4f735466cecf":"f.A1DCFEC41B3517C11530D0F7A218328C.d.99A377B6CBC0A07D5C856A54ABC4358E.e.291"},"getTitle",[]]}
COMMAND: POST /session/e44526e052a1670125e85f4cf92ba029/execute/async - {"script":"<script> [1562 bytes]","args":[{"selector":{"id":"shellAppTitle"},"wdio_ui5_key":"shellAppTitle"}]}
RESULT: {"script":"<script> [1562 bytes]","args":[{"selector":{"id":"shellAppTitle"},"wdio_ui5_key":"shellAppTitle"}]}
COMMAND: POST /session/e44526e052a1670125e85f4cf92ba029/execute/async - {"script":"<script> [6424 bytes]","args":[{"element-6066-11e4-a52e-4f735466cecf":"f.A1DCFEC41B3517C11530D0F7A218328C.d.99A377B6CBC0A07D5C856A54ABC4358E.e.481"},"getTitle",[]]}
RESULT: {"script":"<script> [6424 bytes]","args":[{"element-6066-11e4-a52e-4f735466cecf":"f.A1DCFEC41B3517C11530D0F7A218328C.d.99A377B6CBC0A07D5C856A54ABC4358E.e.481"},"getTitle",[]]}
RESULT: undefined
COMMAND: POST /session/e44526e052a1670125e85f4cf92ba029/element/f.A1DCFEC41B3517C11530D0F7A218328C.d.99A377B6CBC0A07D5C856A54ABC4358E.e.292/click - {}
RESULT: {}
COMMAND: GET /session/e44526e052a1670125e85f4cf92ba029/screenshot - {}
RESULT: {}
]]></system-out>
    </testcase>
    <testcase classname="chrome.137_0_7151_56.windows.Sanity_Tests_US104253" name="Should open Manage Resources page" time="36.19">
      <system-out><![CDATA[
COMMAND: POST /session/e44526e052a1670125e85f4cf92ba029/execute/async - {"script":"<script> [1562 bytes]","args":[{"selector":{"controlType":"sap.m.GenericTile","properties":{"header":"Manage Resources"}},"wdio_ui5_key":"sapm.GenericTile{\"header\":\"Manage Resources\"}"}]}
RESULT: {"script":"<script> [1562 bytes]","args":[{"selector":{"controlType":"sap.m.GenericTile","properties":{"header":"Manage Resources"}},"wdio_ui5_key":"sapm.GenericTile{\"header\":\"Manage Resources\"}"}]}
RESULT: undefined
COMMAND: POST /session/e44526e052a1670125e85f4cf92ba029/element - {"using":"xpath","value":"//*[@id=\"__tile39\"]"}
RESULT: {"using":"xpath","value":"//*[@id=\"__tile39\"]"}
COMMAND: POST /session/e44526e052a1670125e85f4cf92ba029/element/f.A1DCFEC41B3517C11530D0F7A218328C.d.99A377B6CBC0A07D5C856A54ABC4358E.e.483/click - {}
RESULT: {}
COMMAND: GET /session/e44526e052a1670125e85f4cf92ba029/screenshot - {}
RESULT: {}
COMMAND: POST /session/e44526e052a1670125e85f4cf92ba029/elements - {"using":"xpath","value":"//span[text()='Error']"}
RESULT: {"using":"xpath","value":"//span[text()='Error']"}
RESULT: undefined
COMMAND: POST /session/e44526e052a1670125e85f4cf92ba029/element - {"using":"xpath","value":"//*[@id=\"__tile39\"]"}
RESULT: {"using":"xpath","value":"//*[@id=\"__tile39\"]"}
COMMAND: POST /session/e44526e052a1670125e85f4cf92ba029/element/f.A1DCFEC41B3517C11530D0F7A218328C.d.99A377B6CBC0A07D5C856A54ABC4358E.e.483/click - {}
RESULT: undefined
COMMAND: POST /session/e44526e052a1670125e85f4cf92ba029/element - {"using":"xpath","value":"//*[@id=\"__tile39\"]"}
RESULT: {"using":"xpath","value":"//*[@id=\"__tile39\"]"}
COMMAND: POST /session/e44526e052a1670125e85f4cf92ba029/element/f.A1DCFEC41B3517C11530D0F7A218328C.d.99A377B6CBC0A07D5C856A54ABC4358E.e.483/click - {}
RESULT: undefined
COMMAND: POST /session/e44526e052a1670125e85f4cf92ba029/execute/async - {"script":"<script> [6424 bytes]","args":[{"element-6066-11e4-a52e-4f735466cecf":"f.A1DCFEC41B3517C11530D0F7A218328C.d.99A377B6CBC0A07D5C856A54ABC4358E.e.291"},"getTitle",[]]}
COMMAND: POST /session/e44526e052a1670125e85f4cf92ba029/execute/async - {"script":"<script> [1562 bytes]","args":[{"selector":{"id":"shellAppTitle"},"wdio_ui5_key":"shellAppTitle"}]}
RESULT: {"script":"<script> [1562 bytes]","args":[{"selector":{"id":"shellAppTitle"},"wdio_ui5_key":"shellAppTitle"}]}
COMMAND: POST /session/e44526e052a1670125e85f4cf92ba029/execute/async - {"script":"<script> [6424 bytes]","args":[{"element-6066-11e4-a52e-4f735466cecf":"f.A1DCFEC41B3517C11530D0F7A218328C.d.99A377B6CBC0A07D5C856A54ABC4358E.e.654"},"getTitle",[]]}
RESULT: {"script":"<script> [6424 bytes]","args":[{"element-6066-11e4-a52e-4f735466cecf":"f.A1DCFEC41B3517C11530D0F7A218328C.d.99A377B6CBC0A07D5C856A54ABC4358E.e.654"},"getTitle",[]]}
RESULT: undefined
COMMAND: POST /session/e44526e052a1670125e85f4cf92ba029/element/f.A1DCFEC41B3517C11530D0F7A218328C.d.99A377B6CBC0A07D5C856A54ABC4358E.e.292/click - {}
COMMAND: POST /session/e44526e052a1670125e85f4cf92ba029/element - {"using":"xpath","value":"//*[@id=\"backBtn\"]"}
RESULT: {"using":"xpath","value":"//*[@id=\"backBtn\"]"}
COMMAND: POST /session/e44526e052a1670125e85f4cf92ba029/element/f.A1DCFEC41B3517C11530D0F7A218328C.d.99A377B6CBC0A07D5C856A54ABC4358E.e.292/click - {}
COMMAND: POST /session/e44526e052a1670125e85f4cf92ba029/element - {"using":"xpath","value":"//*[@id=\"backBtn\"]"}
RESULT: {"using":"xpath","value":"//*[@id=\"backBtn\"]"}
COMMAND: POST /session/e44526e052a1670125e85f4cf92ba029/element/f.A1DCFEC41B3517C11530D0F7A218328C.d.99A377B6CBC0A07D5C856A54ABC4358E.e.655/click - {}
RESULT: {}
COMMAND: GET /session/e44526e052a1670125e85f4cf92ba029/screenshot - {}
RESULT: {}
]]></system-out>
    </testcase>
    <testcase classname="chrome.137_0_7151_56.windows.Sanity_Tests_US104253" name="Should open Manage Catalogs page" time="36.164">
      <system-out><![CDATA[
COMMAND: POST /session/e44526e052a1670125e85f4cf92ba029/execute/async - {"script":"<script> [1562 bytes]","args":[{"selector":{"controlType":"sap.m.GenericTile","properties":{"header":"Manage Catalogs"}},"wdio_ui5_key":"sapm.GenericTile{\"header\":\"Manage Catalogs\"}"}]}
RESULT: {"script":"<script> [1562 bytes]","args":[{"selector":{"controlType":"sap.m.GenericTile","properties":{"header":"Manage Catalogs"}},"wdio_ui5_key":"sapm.GenericTile{\"header\":\"Manage Catalogs\"}"}]}
RESULT: undefined
COMMAND: POST /session/e44526e052a1670125e85f4cf92ba029/element - {"using":"xpath","value":"//*[@id=\"__tile37\"]"}
RESULT: {"using":"xpath","value":"//*[@id=\"__tile37\"]"}
COMMAND: POST /session/e44526e052a1670125e85f4cf92ba029/element/f.A1DCFEC41B3517C11530D0F7A218328C.d.99A377B6CBC0A07D5C856A54ABC4358E.e.657/click - {}
RESULT: {}
COMMAND: GET /session/e44526e052a1670125e85f4cf92ba029/screenshot - {}
RESULT: {}
COMMAND: POST /session/e44526e052a1670125e85f4cf92ba029/elements - {"using":"xpath","value":"//span[text()='Error']"}
RESULT: {"using":"xpath","value":"//span[text()='Error']"}
RESULT: undefined
COMMAND: POST /session/e44526e052a1670125e85f4cf92ba029/element - {"using":"xpath","value":"//*[@id=\"__tile37\"]"}
RESULT: {"using":"xpath","value":"//*[@id=\"__tile37\"]"}
COMMAND: POST /session/e44526e052a1670125e85f4cf92ba029/element/f.A1DCFEC41B3517C11530D0F7A218328C.d.99A377B6CBC0A07D5C856A54ABC4358E.e.657/click - {}
RESULT: undefined
COMMAND: POST /session/e44526e052a1670125e85f4cf92ba029/element - {"using":"xpath","value":"//*[@id=\"__tile37\"]"}
RESULT: {"using":"xpath","value":"//*[@id=\"__tile37\"]"}
COMMAND: POST /session/e44526e052a1670125e85f4cf92ba029/element/f.A1DCFEC41B3517C11530D0F7A218328C.d.99A377B6CBC0A07D5C856A54ABC4358E.e.657/click - {}
RESULT: undefined
COMMAND: POST /session/e44526e052a1670125e85f4cf92ba029/execute/async - {"script":"<script> [6424 bytes]","args":[{"element-6066-11e4-a52e-4f735466cecf":"f.A1DCFEC41B3517C11530D0F7A218328C.d.99A377B6CBC0A07D5C856A54ABC4358E.e.291"},"getTitle",[]]}
COMMAND: POST /session/e44526e052a1670125e85f4cf92ba029/execute/async - {"script":"<script> [1562 bytes]","args":[{"selector":{"id":"shellAppTitle"},"wdio_ui5_key":"shellAppTitle"}]}
RESULT: {"script":"<script> [1562 bytes]","args":[{"selector":{"id":"shellAppTitle"},"wdio_ui5_key":"shellAppTitle"}]}
COMMAND: POST /session/e44526e052a1670125e85f4cf92ba029/execute/async - {"script":"<script> [6424 bytes]","args":[{"element-6066-11e4-a52e-4f735466cecf":"f.A1DCFEC41B3517C11530D0F7A218328C.d.99A377B6CBC0A07D5C856A54ABC4358E.e.728"},"getTitle",[]]}
RESULT: {"script":"<script> [6424 bytes]","args":[{"element-6066-11e4-a52e-4f735466cecf":"f.A1DCFEC41B3517C11530D0F7A218328C.d.99A377B6CBC0A07D5C856A54ABC4358E.e.728"},"getTitle",[]]}
RESULT: undefined
COMMAND: POST /session/e44526e052a1670125e85f4cf92ba029/element/f.A1DCFEC41B3517C11530D0F7A218328C.d.99A377B6CBC0A07D5C856A54ABC4358E.e.655/click - {}
RESULT: {}
COMMAND: GET /session/e44526e052a1670125e85f4cf92ba029/screenshot - {}
RESULT: {}
]]></system-out>
    </testcase>
    <testcase classname="chrome.137_0_7151_56.windows.Sanity_Tests_US104253" name="Should open Manage Calendars page" time="35.735">
      <system-out><![CDATA[
COMMAND: POST /session/e44526e052a1670125e85f4cf92ba029/execute/async - {"script":"<script> [1562 bytes]","args":[{"selector":{"controlType":"sap.m.GenericTile","properties":{"header":"Manage Calendars"}},"wdio_ui5_key":"sapm.GenericTile{\"header\":\"Manage Calendars\"}"}]}
RESULT: {"script":"<script> [1562 bytes]","args":[{"selector":{"controlType":"sap.m.GenericTile","properties":{"header":"Manage Calendars"}},"wdio_ui5_key":"sapm.GenericTile{\"header\":\"Manage Calendars\"}"}]}
RESULT: undefined
COMMAND: POST /session/e44526e052a1670125e85f4cf92ba029/element - {"using":"xpath","value":"//*[@id=\"__tile36\"]"}
RESULT: {"using":"xpath","value":"//*[@id=\"__tile36\"]"}
COMMAND: POST /session/e44526e052a1670125e85f4cf92ba029/element/f.A1DCFEC41B3517C11530D0F7A218328C.d.99A377B6CBC0A07D5C856A54ABC4358E.e.730/click - {}
RESULT: {}
COMMAND: GET /session/e44526e052a1670125e85f4cf92ba029/screenshot - {}
RESULT: {}
COMMAND: POST /session/e44526e052a1670125e85f4cf92ba029/elements - {"using":"xpath","value":"//span[text()='Error']"}
RESULT: {"using":"xpath","value":"//span[text()='Error']"}
RESULT: undefined
COMMAND: POST /session/e44526e052a1670125e85f4cf92ba029/element - {"using":"xpath","value":"//*[@id=\"__tile36\"]"}
RESULT: {"using":"xpath","value":"//*[@id=\"__tile36\"]"}
COMMAND: POST /session/e44526e052a1670125e85f4cf92ba029/element/f.A1DCFEC41B3517C11530D0F7A218328C.d.99A377B6CBC0A07D5C856A54ABC4358E.e.730/click - {}
RESULT: undefined
COMMAND: POST /session/e44526e052a1670125e85f4cf92ba029/element - {"using":"xpath","value":"//*[@id=\"__tile36\"]"}
RESULT: {"using":"xpath","value":"//*[@id=\"__tile36\"]"}
COMMAND: POST /session/e44526e052a1670125e85f4cf92ba029/element/f.A1DCFEC41B3517C11530D0F7A218328C.d.99A377B6CBC0A07D5C856A54ABC4358E.e.730/click - {}
RESULT: undefined
COMMAND: POST /session/e44526e052a1670125e85f4cf92ba029/execute/async - {"script":"<script> [6424 bytes]","args":[{"element-6066-11e4-a52e-4f735466cecf":"f.A1DCFEC41B3517C11530D0F7A218328C.d.99A377B6CBC0A07D5C856A54ABC4358E.e.291"},"getTitle",[]]}
COMMAND: POST /session/e44526e052a1670125e85f4cf92ba029/execute/async - {"script":"<script> [1562 bytes]","args":[{"selector":{"id":"shellAppTitle"},"wdio_ui5_key":"shellAppTitle"}]}
RESULT: {"script":"<script> [1562 bytes]","args":[{"selector":{"id":"shellAppTitle"},"wdio_ui5_key":"shellAppTitle"}]}
COMMAND: POST /session/e44526e052a1670125e85f4cf92ba029/execute/async - {"script":"<script> [6424 bytes]","args":[{"element-6066-11e4-a52e-4f735466cecf":"f.A1DCFEC41B3517C11530D0F7A218328C.d.99A377B6CBC0A07D5C856A54ABC4358E.e.807"},"getTitle",[]]}
RESULT: {"script":"<script> [6424 bytes]","args":[{"element-6066-11e4-a52e-4f735466cecf":"f.A1DCFEC41B3517C11530D0F7A218328C.d.99A377B6CBC0A07D5C856A54ABC4358E.e.807"},"getTitle",[]]}
RESULT: undefined
COMMAND: POST /session/e44526e052a1670125e85f4cf92ba029/element/f.A1DCFEC41B3517C11530D0F7A218328C.d.99A377B6CBC0A07D5C856A54ABC4358E.e.655/click - {}
COMMAND: POST /session/e44526e052a1670125e85f4cf92ba029/element - {"using":"xpath","value":"//*[@id=\"backBtn\"]"}
RESULT: {"using":"xpath","value":"//*[@id=\"backBtn\"]"}
COMMAND: POST /session/e44526e052a1670125e85f4cf92ba029/element/f.A1DCFEC41B3517C11530D0F7A218328C.d.99A377B6CBC0A07D5C856A54ABC4358E.e.655/click - {}
COMMAND: POST /session/e44526e052a1670125e85f4cf92ba029/element - {"using":"xpath","value":"//*[@id=\"backBtn\"]"}
RESULT: {"using":"xpath","value":"//*[@id=\"backBtn\"]"}
COMMAND: POST /session/e44526e052a1670125e85f4cf92ba029/element/f.A1DCFEC41B3517C11530D0F7A218328C.d.99A377B6CBC0A07D5C856A54ABC4358E.e.808/click - {}
RESULT: {}
COMMAND: GET /session/e44526e052a1670125e85f4cf92ba029/screenshot - {}
RESULT: {}
]]></system-out>
    </testcase>
    <testcase classname="chrome.137_0_7151_56.windows.Sanity_Tests_US104253" name="Should open Address Management page" time="35.943">
      <system-out><![CDATA[
COMMAND: POST /session/e44526e052a1670125e85f4cf92ba029/execute/async - {"script":"<script> [1562 bytes]","args":[{"selector":{"controlType":"sap.m.GenericTile","properties":{"header":"Address Management"}},"wdio_ui5_key":"sapm.GenericTile{\"header\":\"Address Management\"}"}]}
RESULT: {"script":"<script> [1562 bytes]","args":[{"selector":{"controlType":"sap.m.GenericTile","properties":{"header":"Address Management"}},"wdio_ui5_key":"sapm.GenericTile{\"header\":\"Address Management\"}"}]}
RESULT: undefined
COMMAND: POST /session/e44526e052a1670125e85f4cf92ba029/element - {"using":"xpath","value":"//*[@id=\"__tile33\"]"}
RESULT: {"using":"xpath","value":"//*[@id=\"__tile33\"]"}
COMMAND: POST /session/e44526e052a1670125e85f4cf92ba029/element/f.A1DCFEC41B3517C11530D0F7A218328C.d.99A377B6CBC0A07D5C856A54ABC4358E.e.810/click - {}
RESULT: {}
COMMAND: GET /session/e44526e052a1670125e85f4cf92ba029/screenshot - {}
RESULT: {}
COMMAND: POST /session/e44526e052a1670125e85f4cf92ba029/elements - {"using":"xpath","value":"//span[text()='Error']"}
RESULT: {"using":"xpath","value":"//span[text()='Error']"}
RESULT: undefined
COMMAND: POST /session/e44526e052a1670125e85f4cf92ba029/element - {"using":"xpath","value":"//*[@id=\"__tile33\"]"}
RESULT: {"using":"xpath","value":"//*[@id=\"__tile33\"]"}
COMMAND: POST /session/e44526e052a1670125e85f4cf92ba029/element/f.A1DCFEC41B3517C11530D0F7A218328C.d.99A377B6CBC0A07D5C856A54ABC4358E.e.810/click - {}
RESULT: undefined
COMMAND: POST /session/e44526e052a1670125e85f4cf92ba029/element - {"using":"xpath","value":"//*[@id=\"__tile33\"]"}
RESULT: {"using":"xpath","value":"//*[@id=\"__tile33\"]"}
COMMAND: POST /session/e44526e052a1670125e85f4cf92ba029/element/f.A1DCFEC41B3517C11530D0F7A218328C.d.99A377B6CBC0A07D5C856A54ABC4358E.e.810/click - {}
RESULT: undefined
COMMAND: POST /session/e44526e052a1670125e85f4cf92ba029/execute/async - {"script":"<script> [6424 bytes]","args":[{"element-6066-11e4-a52e-4f735466cecf":"f.A1DCFEC41B3517C11530D0F7A218328C.d.99A377B6CBC0A07D5C856A54ABC4358E.e.291"},"getTitle",[]]}
COMMAND: POST /session/e44526e052a1670125e85f4cf92ba029/execute/async - {"script":"<script> [1562 bytes]","args":[{"selector":{"id":"shellAppTitle"},"wdio_ui5_key":"shellAppTitle"}]}
RESULT: {"script":"<script> [1562 bytes]","args":[{"selector":{"id":"shellAppTitle"},"wdio_ui5_key":"shellAppTitle"}]}
COMMAND: POST /session/e44526e052a1670125e85f4cf92ba029/execute/async - {"script":"<script> [6424 bytes]","args":[{"element-6066-11e4-a52e-4f735466cecf":"f.A1DCFEC41B3517C11530D0F7A218328C.d.99A377B6CBC0A07D5C856A54ABC4358E.e.1007"},"getTitle",[]]}
RESULT: {"script":"<script> [6424 bytes]","args":[{"element-6066-11e4-a52e-4f735466cecf":"f.A1DCFEC41B3517C11530D0F7A218328C.d.99A377B6CBC0A07D5C856A54ABC4358E.e.1007"},"getTitle",[]]}
RESULT: undefined
COMMAND: POST /session/e44526e052a1670125e85f4cf92ba029/element/f.A1DCFEC41B3517C11530D0F7A218328C.d.99A377B6CBC0A07D5C856A54ABC4358E.e.808/click - {}
RESULT: {}
COMMAND: GET /session/e44526e052a1670125e85f4cf92ba029/screenshot - {}
RESULT: {}
]]></system-out>
    </testcase>
    <testcase classname="chrome.137_0_7151_56.windows.Sanity_Tests_US104253" name="Should open Bill Of Resources page" time="35.727">
      <system-out><![CDATA[
COMMAND: POST /session/e44526e052a1670125e85f4cf92ba029/execute/async - {"script":"<script> [1562 bytes]","args":[{"selector":{"controlType":"sap.m.GenericTile","properties":{"header":"Bill Of Resources"}},"wdio_ui5_key":"sapm.GenericTile{\"header\":\"Bill Of Resources\"}"}]}
RESULT: {"script":"<script> [1562 bytes]","args":[{"selector":{"controlType":"sap.m.GenericTile","properties":{"header":"Bill Of Resources"}},"wdio_ui5_key":"sapm.GenericTile{\"header\":\"Bill Of Resources\"}"}]}
RESULT: undefined
COMMAND: POST /session/e44526e052a1670125e85f4cf92ba029/element - {"using":"xpath","value":"//*[@id=\"__tile34\"]"}
RESULT: {"using":"xpath","value":"//*[@id=\"__tile34\"]"}
COMMAND: POST /session/e44526e052a1670125e85f4cf92ba029/element/f.A1DCFEC41B3517C11530D0F7A218328C.d.99A377B6CBC0A07D5C856A54ABC4358E.e.1009/click - {}
RESULT: {}
COMMAND: GET /session/e44526e052a1670125e85f4cf92ba029/screenshot - {}
RESULT: {}
COMMAND: POST /session/e44526e052a1670125e85f4cf92ba029/elements - {"using":"xpath","value":"//span[text()='Error']"}
RESULT: {"using":"xpath","value":"//span[text()='Error']"}
RESULT: undefined
COMMAND: POST /session/e44526e052a1670125e85f4cf92ba029/element - {"using":"xpath","value":"//*[@id=\"__tile34\"]"}
RESULT: {"using":"xpath","value":"//*[@id=\"__tile34\"]"}
COMMAND: POST /session/e44526e052a1670125e85f4cf92ba029/element/f.A1DCFEC41B3517C11530D0F7A218328C.d.99A377B6CBC0A07D5C856A54ABC4358E.e.1009/click - {}
RESULT: undefined
COMMAND: POST /session/e44526e052a1670125e85f4cf92ba029/element - {"using":"xpath","value":"//*[@id=\"__tile34\"]"}
RESULT: {"using":"xpath","value":"//*[@id=\"__tile34\"]"}
COMMAND: POST /session/e44526e052a1670125e85f4cf92ba029/element/f.A1DCFEC41B3517C11530D0F7A218328C.d.99A377B6CBC0A07D5C856A54ABC4358E.e.1009/click - {}
RESULT: undefined
COMMAND: POST /session/e44526e052a1670125e85f4cf92ba029/execute/async - {"script":"<script> [6424 bytes]","args":[{"element-6066-11e4-a52e-4f735466cecf":"f.A1DCFEC41B3517C11530D0F7A218328C.d.99A377B6CBC0A07D5C856A54ABC4358E.e.291"},"getTitle",[]]}
COMMAND: POST /session/e44526e052a1670125e85f4cf92ba029/execute/async - {"script":"<script> [1562 bytes]","args":[{"selector":{"id":"shellAppTitle"},"wdio_ui5_key":"shellAppTitle"}]}
RESULT: {"script":"<script> [1562 bytes]","args":[{"selector":{"id":"shellAppTitle"},"wdio_ui5_key":"shellAppTitle"}]}
COMMAND: POST /session/e44526e052a1670125e85f4cf92ba029/execute/async - {"script":"<script> [6424 bytes]","args":[{"element-6066-11e4-a52e-4f735466cecf":"f.A1DCFEC41B3517C11530D0F7A218328C.d.99A377B6CBC0A07D5C856A54ABC4358E.e.1111"},"getTitle",[]]}
RESULT: {"script":"<script> [6424 bytes]","args":[{"element-6066-11e4-a52e-4f735466cecf":"f.A1DCFEC41B3517C11530D0F7A218328C.d.99A377B6CBC0A07D5C856A54ABC4358E.e.1111"},"getTitle",[]]}
RESULT: undefined
COMMAND: POST /session/e44526e052a1670125e85f4cf92ba029/element/f.A1DCFEC41B3517C11530D0F7A218328C.d.99A377B6CBC0A07D5C856A54ABC4358E.e.808/click - {}
COMMAND: POST /session/e44526e052a1670125e85f4cf92ba029/element - {"using":"xpath","value":"//*[@id=\"backBtn\"]"}
RESULT: {"using":"xpath","value":"//*[@id=\"backBtn\"]"}
COMMAND: POST /session/e44526e052a1670125e85f4cf92ba029/element/f.A1DCFEC41B3517C11530D0F7A218328C.d.99A377B6CBC0A07D5C856A54ABC4358E.e.808/click - {}
COMMAND: POST /session/e44526e052a1670125e85f4cf92ba029/element - {"using":"xpath","value":"//*[@id=\"backBtn\"]"}
RESULT: {"using":"xpath","value":"//*[@id=\"backBtn\"]"}
COMMAND: POST /session/e44526e052a1670125e85f4cf92ba029/element/f.A1DCFEC41B3517C11530D0F7A218328C.d.99A377B6CBC0A07D5C856A54ABC4358E.e.1112/click - {}
RESULT: {}
COMMAND: GET /session/e44526e052a1670125e85f4cf92ba029/screenshot - {}
RESULT: {}
]]></system-out>
    </testcase>
    <testcase classname="chrome.137_0_7151_56.windows.Sanity_Tests_US104253" name="Should open Manage Yards page" time="35.703">
      <system-out><![CDATA[
COMMAND: POST /session/e44526e052a1670125e85f4cf92ba029/execute/async - {"script":"<script> [1562 bytes]","args":[{"selector":{"controlType":"sap.m.GenericTile","properties":{"header":"Manage Yards"}},"wdio_ui5_key":"sapm.GenericTile{\"header\":\"Manage Yards\"}"}]}
RESULT: {"script":"<script> [1562 bytes]","args":[{"selector":{"controlType":"sap.m.GenericTile","properties":{"header":"Manage Yards"}},"wdio_ui5_key":"sapm.GenericTile{\"header\":\"Manage Yards\"}"}]}
RESULT: undefined
COMMAND: POST /session/e44526e052a1670125e85f4cf92ba029/element - {"using":"xpath","value":"//*[@id=\"__tile41\"]"}
RESULT: {"using":"xpath","value":"//*[@id=\"__tile41\"]"}
COMMAND: POST /session/e44526e052a1670125e85f4cf92ba029/element/f.A1DCFEC41B3517C11530D0F7A218328C.d.99A377B6CBC0A07D5C856A54ABC4358E.e.1114/click - {}
RESULT: {}
COMMAND: GET /session/e44526e052a1670125e85f4cf92ba029/screenshot - {}
RESULT: {}
COMMAND: POST /session/e44526e052a1670125e85f4cf92ba029/elements - {"using":"xpath","value":"//span[text()='Error']"}
RESULT: {"using":"xpath","value":"//span[text()='Error']"}
RESULT: undefined
COMMAND: POST /session/e44526e052a1670125e85f4cf92ba029/element - {"using":"xpath","value":"//*[@id=\"__tile41\"]"}
RESULT: {"using":"xpath","value":"//*[@id=\"__tile41\"]"}
COMMAND: POST /session/e44526e052a1670125e85f4cf92ba029/element/f.A1DCFEC41B3517C11530D0F7A218328C.d.99A377B6CBC0A07D5C856A54ABC4358E.e.1114/click - {}
RESULT: undefined
COMMAND: POST /session/e44526e052a1670125e85f4cf92ba029/element - {"using":"xpath","value":"//*[@id=\"__tile41\"]"}
RESULT: {"using":"xpath","value":"//*[@id=\"__tile41\"]"}
COMMAND: POST /session/e44526e052a1670125e85f4cf92ba029/element/f.A1DCFEC41B3517C11530D0F7A218328C.d.99A377B6CBC0A07D5C856A54ABC4358E.e.1114/click - {}
RESULT: undefined
COMMAND: POST /session/e44526e052a1670125e85f4cf92ba029/execute/async - {"script":"<script> [6424 bytes]","args":[{"element-6066-11e4-a52e-4f735466cecf":"f.A1DCFEC41B3517C11530D0F7A218328C.d.99A377B6CBC0A07D5C856A54ABC4358E.e.291"},"getTitle",[]]}
COMMAND: POST /session/e44526e052a1670125e85f4cf92ba029/execute/async - {"script":"<script> [1562 bytes]","args":[{"selector":{"id":"shellAppTitle"},"wdio_ui5_key":"shellAppTitle"}]}
RESULT: {"script":"<script> [1562 bytes]","args":[{"selector":{"id":"shellAppTitle"},"wdio_ui5_key":"shellAppTitle"}]}
COMMAND: POST /session/e44526e052a1670125e85f4cf92ba029/execute/async - {"script":"<script> [6424 bytes]","args":[{"element-6066-11e4-a52e-4f735466cecf":"f.A1DCFEC41B3517C11530D0F7A218328C.d.99A377B6CBC0A07D5C856A54ABC4358E.e.1432"},"getTitle",[]]}
RESULT: {"script":"<script> [6424 bytes]","args":[{"element-6066-11e4-a52e-4f735466cecf":"f.A1DCFEC41B3517C11530D0F7A218328C.d.99A377B6CBC0A07D5C856A54ABC4358E.e.1432"},"getTitle",[]]}
RESULT: undefined
COMMAND: POST /session/e44526e052a1670125e85f4cf92ba029/element/f.A1DCFEC41B3517C11530D0F7A218328C.d.99A377B6CBC0A07D5C856A54ABC4358E.e.1112/click - {}
RESULT: {}
COMMAND: GET /session/e44526e052a1670125e85f4cf92ba029/screenshot - {}
RESULT: {}
]]></system-out>
    </testcase>
    <testcase classname="chrome.137_0_7151_56.windows.Sanity_Tests_US104253" name="Should open Manage Requests page" time="36.606">
      <system-out><![CDATA[
COMMAND: POST /session/e44526e052a1670125e85f4cf92ba029/execute/async - {"script":"<script> [1562 bytes]","args":[{"selector":{"controlType":"sap.m.GenericTile","properties":{"header":"Manage Requests"}},"wdio_ui5_key":"sapm.GenericTile{\"header\":\"Manage Requests\"}"}]}
RESULT: {"script":"<script> [1562 bytes]","args":[{"selector":{"controlType":"sap.m.GenericTile","properties":{"header":"Manage Requests"}},"wdio_ui5_key":"sapm.GenericTile{\"header\":\"Manage Requests\"}"}]}
RESULT: undefined
COMMAND: POST /session/e44526e052a1670125e85f4cf92ba029/element - {"using":"xpath","value":"//*[@id=\"__tile47\"]"}
RESULT: {"using":"xpath","value":"//*[@id=\"__tile47\"]"}
COMMAND: POST /session/e44526e052a1670125e85f4cf92ba029/element/f.A1DCFEC41B3517C11530D0F7A218328C.d.99A377B6CBC0A07D5C856A54ABC4358E.e.1434/click - {}
RESULT: {}
COMMAND: GET /session/e44526e052a1670125e85f4cf92ba029/screenshot - {}
RESULT: {}
COMMAND: POST /session/e44526e052a1670125e85f4cf92ba029/elements - {"using":"xpath","value":"//span[text()='Error']"}
RESULT: {"using":"xpath","value":"//span[text()='Error']"}
RESULT: undefined
COMMAND: POST /session/e44526e052a1670125e85f4cf92ba029/element - {"using":"xpath","value":"//*[@id=\"__tile47\"]"}
RESULT: {"using":"xpath","value":"//*[@id=\"__tile47\"]"}
COMMAND: POST /session/e44526e052a1670125e85f4cf92ba029/element/f.A1DCFEC41B3517C11530D0F7A218328C.d.99A377B6CBC0A07D5C856A54ABC4358E.e.1434/click - {}
RESULT: undefined
COMMAND: POST /session/e44526e052a1670125e85f4cf92ba029/element - {"using":"xpath","value":"//*[@id=\"__tile47\"]"}
RESULT: {"using":"xpath","value":"//*[@id=\"__tile47\"]"}
COMMAND: POST /session/e44526e052a1670125e85f4cf92ba029/element/f.A1DCFEC41B3517C11530D0F7A218328C.d.99A377B6CBC0A07D5C856A54ABC4358E.e.1434/click - {}
RESULT: undefined
COMMAND: POST /session/e44526e052a1670125e85f4cf92ba029/execute/async - {"script":"<script> [6424 bytes]","args":[{"element-6066-11e4-a52e-4f735466cecf":"f.A1DCFEC41B3517C11530D0F7A218328C.d.99A377B6CBC0A07D5C856A54ABC4358E.e.291"},"getTitle",[]]}
COMMAND: POST /session/e44526e052a1670125e85f4cf92ba029/execute/async - {"script":"<script> [1562 bytes]","args":[{"selector":{"id":"shellAppTitle"},"wdio_ui5_key":"shellAppTitle"}]}
RESULT: {"script":"<script> [1562 bytes]","args":[{"selector":{"id":"shellAppTitle"},"wdio_ui5_key":"shellAppTitle"}]}
COMMAND: POST /session/e44526e052a1670125e85f4cf92ba029/execute/async - {"script":"<script> [6424 bytes]","args":[{"element-6066-11e4-a52e-4f735466cecf":"f.A1DCFEC41B3517C11530D0F7A218328C.d.99A377B6CBC0A07D5C856A54ABC4358E.e.1533"},"getTitle",[]]}
RESULT: {"script":"<script> [6424 bytes]","args":[{"element-6066-11e4-a52e-4f735466cecf":"f.A1DCFEC41B3517C11530D0F7A218328C.d.99A377B6CBC0A07D5C856A54ABC4358E.e.1533"},"getTitle",[]]}
RESULT: undefined
COMMAND: POST /session/e44526e052a1670125e85f4cf92ba029/element/f.A1DCFEC41B3517C11530D0F7A218328C.d.99A377B6CBC0A07D5C856A54ABC4358E.e.1112/click - {}
COMMAND: POST /session/e44526e052a1670125e85f4cf92ba029/element - {"using":"xpath","value":"//*[@id=\"backBtn\"]"}
RESULT: {"using":"xpath","value":"//*[@id=\"backBtn\"]"}
COMMAND: POST /session/e44526e052a1670125e85f4cf92ba029/element/f.A1DCFEC41B3517C11530D0F7A218328C.d.99A377B6CBC0A07D5C856A54ABC4358E.e.1112/click - {}
COMMAND: POST /session/e44526e052a1670125e85f4cf92ba029/element - {"using":"xpath","value":"//*[@id=\"backBtn\"]"}
RESULT: {"using":"xpath","value":"//*[@id=\"backBtn\"]"}
COMMAND: POST /session/e44526e052a1670125e85f4cf92ba029/element/f.A1DCFEC41B3517C11530D0F7A218328C.d.99A377B6CBC0A07D5C856A54ABC4358E.e.1534/click - {}
RESULT: {}
COMMAND: GET /session/e44526e052a1670125e85f4cf92ba029/screenshot - {}
RESULT: {}
]]></system-out>
    </testcase>
    <testcase classname="chrome.137_0_7151_56.windows.Sanity_Tests_US104253" name="Should open Manage Purchasing page" time="35.695">
      <system-out><![CDATA[
COMMAND: POST /session/e44526e052a1670125e85f4cf92ba029/execute/async - {"script":"<script> [1562 bytes]","args":[{"selector":{"controlType":"sap.m.GenericTile","properties":{"header":"Manage Purchasing"}},"wdio_ui5_key":"sapm.GenericTile{\"header\":\"Manage Purchasing\"}"}]}
RESULT: {"script":"<script> [1562 bytes]","args":[{"selector":{"controlType":"sap.m.GenericTile","properties":{"header":"Manage Purchasing"}},"wdio_ui5_key":"sapm.GenericTile{\"header\":\"Manage Purchasing\"}"}]}
RESULT: undefined
COMMAND: POST /session/e44526e052a1670125e85f4cf92ba029/element - {"using":"xpath","value":"//*[@id=\"__tile46\"]"}
RESULT: {"using":"xpath","value":"//*[@id=\"__tile46\"]"}
COMMAND: POST /session/e44526e052a1670125e85f4cf92ba029/element/f.A1DCFEC41B3517C11530D0F7A218328C.d.99A377B6CBC0A07D5C856A54ABC4358E.e.1537/click - {}
RESULT: {}
COMMAND: GET /session/e44526e052a1670125e85f4cf92ba029/screenshot - {}
RESULT: {}
COMMAND: POST /session/e44526e052a1670125e85f4cf92ba029/elements - {"using":"xpath","value":"//span[text()='Error']"}
RESULT: {"using":"xpath","value":"//span[text()='Error']"}
RESULT: undefined
COMMAND: POST /session/e44526e052a1670125e85f4cf92ba029/element - {"using":"xpath","value":"//*[@id=\"__tile46\"]"}
RESULT: {"using":"xpath","value":"//*[@id=\"__tile46\"]"}
COMMAND: POST /session/e44526e052a1670125e85f4cf92ba029/element/f.A1DCFEC41B3517C11530D0F7A218328C.d.99A377B6CBC0A07D5C856A54ABC4358E.e.1537/click - {}
RESULT: undefined
COMMAND: POST /session/e44526e052a1670125e85f4cf92ba029/element - {"using":"xpath","value":"//*[@id=\"__tile46\"]"}
RESULT: {"using":"xpath","value":"//*[@id=\"__tile46\"]"}
COMMAND: POST /session/e44526e052a1670125e85f4cf92ba029/element/f.A1DCFEC41B3517C11530D0F7A218328C.d.99A377B6CBC0A07D5C856A54ABC4358E.e.1537/click - {}
RESULT: undefined
COMMAND: POST /session/e44526e052a1670125e85f4cf92ba029/execute/async - {"script":"<script> [6424 bytes]","args":[{"element-6066-11e4-a52e-4f735466cecf":"f.A1DCFEC41B3517C11530D0F7A218328C.d.99A377B6CBC0A07D5C856A54ABC4358E.e.291"},"getTitle",[]]}
COMMAND: POST /session/e44526e052a1670125e85f4cf92ba029/execute/async - {"script":"<script> [1562 bytes]","args":[{"selector":{"id":"shellAppTitle"},"wdio_ui5_key":"shellAppTitle"}]}
RESULT: {"script":"<script> [1562 bytes]","args":[{"selector":{"id":"shellAppTitle"},"wdio_ui5_key":"shellAppTitle"}]}
COMMAND: POST /session/e44526e052a1670125e85f4cf92ba029/execute/async - {"script":"<script> [6424 bytes]","args":[{"element-6066-11e4-a52e-4f735466cecf":"f.A1DCFEC41B3517C11530D0F7A218328C.d.99A377B6CBC0A07D5C856A54ABC4358E.e.1620"},"getTitle",[]]}
RESULT: {"script":"<script> [6424 bytes]","args":[{"element-6066-11e4-a52e-4f735466cecf":"f.A1DCFEC41B3517C11530D0F7A218328C.d.99A377B6CBC0A07D5C856A54ABC4358E.e.1620"},"getTitle",[]]}
RESULT: undefined
COMMAND: POST /session/e44526e052a1670125e85f4cf92ba029/element/f.A1DCFEC41B3517C11530D0F7A218328C.d.99A377B6CBC0A07D5C856A54ABC4358E.e.1534/click - {}
RESULT: {}
COMMAND: GET /session/e44526e052a1670125e85f4cf92ba029/screenshot - {}
RESULT: {}
]]></system-out>
    </testcase>
    <testcase classname="chrome.137_0_7151_56.windows.Sanity_Tests_US104253" name="Should open Planning Board page" time="35.707">
      <system-out><![CDATA[
COMMAND: POST /session/e44526e052a1670125e85f4cf92ba029/execute/async - {"script":"<script> [1562 bytes]","args":[{"selector":{"controlType":"sap.m.GenericTile","properties":{"header":"Planning Board"}},"wdio_ui5_key":"sapm.GenericTile{\"header\":\"Planning Board\"}"}]}
RESULT: {"script":"<script> [1562 bytes]","args":[{"selector":{"controlType":"sap.m.GenericTile","properties":{"header":"Planning Board"}},"wdio_ui5_key":"sapm.GenericTile{\"header\":\"Planning Board\"}"}]}
RESULT: undefined
COMMAND: POST /session/e44526e052a1670125e85f4cf92ba029/element - {"using":"xpath","value":"//*[@id=\"__tile131\"]"}
RESULT: {"using":"xpath","value":"//*[@id=\"__tile131\"]"}
COMMAND: POST /session/e44526e052a1670125e85f4cf92ba029/element/f.A1DCFEC41B3517C11530D0F7A218328C.d.99A377B6CBC0A07D5C856A54ABC4358E.e.1622/click - {}
RESULT: {}
COMMAND: GET /session/e44526e052a1670125e85f4cf92ba029/screenshot - {}
RESULT: {}
COMMAND: POST /session/e44526e052a1670125e85f4cf92ba029/elements - {"using":"xpath","value":"//span[text()='Error']"}
RESULT: {"using":"xpath","value":"//span[text()='Error']"}
RESULT: undefined
COMMAND: POST /session/e44526e052a1670125e85f4cf92ba029/element - {"using":"xpath","value":"//*[@id=\"__tile131\"]"}
RESULT: {"using":"xpath","value":"//*[@id=\"__tile131\"]"}
COMMAND: POST /session/e44526e052a1670125e85f4cf92ba029/element/f.A1DCFEC41B3517C11530D0F7A218328C.d.99A377B6CBC0A07D5C856A54ABC4358E.e.1622/click - {}
RESULT: undefined
COMMAND: POST /session/e44526e052a1670125e85f4cf92ba029/element - {"using":"xpath","value":"//*[@id=\"__tile131\"]"}
RESULT: {"using":"xpath","value":"//*[@id=\"__tile131\"]"}
COMMAND: POST /session/e44526e052a1670125e85f4cf92ba029/element/f.A1DCFEC41B3517C11530D0F7A218328C.d.99A377B6CBC0A07D5C856A54ABC4358E.e.1622/click - {}
RESULT: undefined
COMMAND: POST /session/e44526e052a1670125e85f4cf92ba029/execute/async - {"script":"<script> [6424 bytes]","args":[{"element-6066-11e4-a52e-4f735466cecf":"f.A1DCFEC41B3517C11530D0F7A218328C.d.99A377B6CBC0A07D5C856A54ABC4358E.e.291"},"getTitle",[]]}
COMMAND: POST /session/e44526e052a1670125e85f4cf92ba029/execute/async - {"script":"<script> [1562 bytes]","args":[{"selector":{"id":"shellAppTitle"},"wdio_ui5_key":"shellAppTitle"}]}
RESULT: {"script":"<script> [1562 bytes]","args":[{"selector":{"id":"shellAppTitle"},"wdio_ui5_key":"shellAppTitle"}]}
COMMAND: POST /session/e44526e052a1670125e85f4cf92ba029/execute/async - {"script":"<script> [6424 bytes]","args":[{"element-6066-11e4-a52e-4f735466cecf":"f.A1DCFEC41B3517C11530D0F7A218328C.d.99A377B6CBC0A07D5C856A54ABC4358E.e.1673"},"getTitle",[]]}
RESULT: {"script":"<script> [6424 bytes]","args":[{"element-6066-11e4-a52e-4f735466cecf":"f.A1DCFEC41B3517C11530D0F7A218328C.d.99A377B6CBC0A07D5C856A54ABC4358E.e.1673"},"getTitle",[]]}
RESULT: undefined
COMMAND: POST /session/e44526e052a1670125e85f4cf92ba029/element/f.A1DCFEC41B3517C11530D0F7A218328C.d.99A377B6CBC0A07D5C856A54ABC4358E.e.1534/click - {}
COMMAND: POST /session/e44526e052a1670125e85f4cf92ba029/element/f.A1DCFEC41B3517C11530D0F7A218328C.d.99A377B6CBC0A07D5C856A54ABC4358E.e.1534/click - {}
COMMAND: POST /session/e44526e052a1670125e85f4cf92ba029/element - {"using":"xpath","value":"//*[@id=\"backBtn\"]"}
COMMAND: POST /session/e44526e052a1670125e85f4cf92ba029/element - {"using":"xpath","value":"//*[@id=\"backBtn\"]"}
RESULT: {"using":"xpath","value":"//*[@id=\"backBtn\"]"}
COMMAND: POST /session/e44526e052a1670125e85f4cf92ba029/element/f.A1DCFEC41B3517C11530D0F7A218328C.d.99A377B6CBC0A07D5C856A54ABC4358E.e.1534/click - {}
RESULT: {"using":"xpath","value":"//*[@id=\"backBtn\"]"}
COMMAND: POST /session/e44526e052a1670125e85f4cf92ba029/element/f.A1DCFEC41B3517C11530D0F7A218328C.d.99A377B6CBC0A07D5C856A54ABC4358E.e.1534/click - {}
COMMAND: POST /session/e44526e052a1670125e85f4cf92ba029/element - {"using":"xpath","value":"//*[@id=\"backBtn\"]"}
COMMAND: POST /session/e44526e052a1670125e85f4cf92ba029/element - {"using":"xpath","value":"//*[@id=\"backBtn\"]"}
RESULT: {"using":"xpath","value":"//*[@id=\"backBtn\"]"}
COMMAND: POST /session/e44526e052a1670125e85f4cf92ba029/element/f.A1DCFEC41B3517C11530D0F7A218328C.d.99A377B6CBC0A07D5C856A54ABC4358E.e.1674/click - {}
RESULT: {"using":"xpath","value":"//*[@id=\"backBtn\"]"}
COMMAND: POST /session/e44526e052a1670125e85f4cf92ba029/element/f.A1DCFEC41B3517C11530D0F7A218328C.d.99A377B6CBC0A07D5C856A54ABC4358E.e.1674/click - {}
RESULT: {}
COMMAND: GET /session/e44526e052a1670125e85f4cf92ba029/screenshot - {}
RESULT: {}
COMMAND: GET /session/e44526e052a1670125e85f4cf92ba029/screenshot - {}
RESULT: {}
RESULT: {}
]]></system-out>
    </testcase>
    <testcase classname="chrome.137_0_7151_56.windows.Sanity_Tests_US104253" name="Should open Manage Contracts page" time="35.72">
      <system-out><![CDATA[
COMMAND: POST /session/e44526e052a1670125e85f4cf92ba029/execute/async - {"script":"<script> [1562 bytes]","args":[{"selector":{"controlType":"sap.m.GenericTile","properties":{"header":"Manage Contracts"}},"wdio_ui5_key":"sapm.GenericTile{\"header\":\"Manage Contracts\"}"}]}
RESULT: {"script":"<script> [1562 bytes]","args":[{"selector":{"controlType":"sap.m.GenericTile","properties":{"header":"Manage Contracts"}},"wdio_ui5_key":"sapm.GenericTile{\"header\":\"Manage Contracts\"}"}]}
RESULT: undefined
COMMAND: POST /session/e44526e052a1670125e85f4cf92ba029/element - {"using":"xpath","value":"//*[@id=\"__tile133\"]"}
RESULT: {"using":"xpath","value":"//*[@id=\"__tile133\"]"}
COMMAND: POST /session/e44526e052a1670125e85f4cf92ba029/element/f.A1DCFEC41B3517C11530D0F7A218328C.d.99A377B6CBC0A07D5C856A54ABC4358E.e.1676/click - {}
RESULT: {}
COMMAND: GET /session/e44526e052a1670125e85f4cf92ba029/screenshot - {}
RESULT: {}
COMMAND: POST /session/e44526e052a1670125e85f4cf92ba029/elements - {"using":"xpath","value":"//span[text()='Error']"}
RESULT: {"using":"xpath","value":"//span[text()='Error']"}
RESULT: undefined
COMMAND: POST /session/e44526e052a1670125e85f4cf92ba029/element - {"using":"xpath","value":"//*[@id=\"__tile133\"]"}
RESULT: {"using":"xpath","value":"//*[@id=\"__tile133\"]"}
COMMAND: POST /session/e44526e052a1670125e85f4cf92ba029/element/f.A1DCFEC41B3517C11530D0F7A218328C.d.99A377B6CBC0A07D5C856A54ABC4358E.e.1676/click - {}
RESULT: undefined
COMMAND: POST /session/e44526e052a1670125e85f4cf92ba029/element - {"using":"xpath","value":"//*[@id=\"__tile133\"]"}
RESULT: {"using":"xpath","value":"//*[@id=\"__tile133\"]"}
COMMAND: POST /session/e44526e052a1670125e85f4cf92ba029/element/f.A1DCFEC41B3517C11530D0F7A218328C.d.99A377B6CBC0A07D5C856A54ABC4358E.e.1676/click - {}
RESULT: undefined
COMMAND: POST /session/e44526e052a1670125e85f4cf92ba029/execute/async - {"script":"<script> [6424 bytes]","args":[{"element-6066-11e4-a52e-4f735466cecf":"f.A1DCFEC41B3517C11530D0F7A218328C.d.99A377B6CBC0A07D5C856A54ABC4358E.e.291"},"getTitle",[]]}
COMMAND: POST /session/e44526e052a1670125e85f4cf92ba029/execute/async - {"script":"<script> [1562 bytes]","args":[{"selector":{"id":"shellAppTitle"},"wdio_ui5_key":"shellAppTitle"}]}
RESULT: {"script":"<script> [1562 bytes]","args":[{"selector":{"id":"shellAppTitle"},"wdio_ui5_key":"shellAppTitle"}]}
COMMAND: POST /session/e44526e052a1670125e85f4cf92ba029/execute/async - {"script":"<script> [6424 bytes]","args":[{"element-6066-11e4-a52e-4f735466cecf":"f.A1DCFEC41B3517C11530D0F7A218328C.d.99A377B6CBC0A07D5C856A54ABC4358E.e.1739"},"getTitle",[]]}
RESULT: {"script":"<script> [6424 bytes]","args":[{"element-6066-11e4-a52e-4f735466cecf":"f.A1DCFEC41B3517C11530D0F7A218328C.d.99A377B6CBC0A07D5C856A54ABC4358E.e.1739"},"getTitle",[]]}
RESULT: undefined
COMMAND: POST /session/e44526e052a1670125e85f4cf92ba029/element/f.A1DCFEC41B3517C11530D0F7A218328C.d.99A377B6CBC0A07D5C856A54ABC4358E.e.1674/click - {}
RESULT: {}
COMMAND: GET /session/e44526e052a1670125e85f4cf92ba029/screenshot - {}
RESULT: {}
]]></system-out>
    </testcase>
    <testcase classname="chrome.137_0_7151_56.windows.Sanity_Tests_US104253" name="Should open Manage Quotations page" time="35.841">
      <system-out><![CDATA[
COMMAND: POST /session/e44526e052a1670125e85f4cf92ba029/execute/async - {"script":"<script> [1562 bytes]","args":[{"selector":{"controlType":"sap.m.GenericTile","properties":{"header":"Manage Quotations"}},"wdio_ui5_key":"sapm.GenericTile{\"header\":\"Manage Quotations\"}"}]}
RESULT: {"script":"<script> [1562 bytes]","args":[{"selector":{"controlType":"sap.m.GenericTile","properties":{"header":"Manage Quotations"}},"wdio_ui5_key":"sapm.GenericTile{\"header\":\"Manage Quotations\"}"}]}
RESULT: undefined
COMMAND: POST /session/e44526e052a1670125e85f4cf92ba029/element - {"using":"xpath","value":"//*[@id=\"__tile132\"]"}
RESULT: {"using":"xpath","value":"//*[@id=\"__tile132\"]"}
COMMAND: POST /session/e44526e052a1670125e85f4cf92ba029/element/f.A1DCFEC41B3517C11530D0F7A218328C.d.99A377B6CBC0A07D5C856A54ABC4358E.e.1741/click - {}
RESULT: {}
COMMAND: GET /session/e44526e052a1670125e85f4cf92ba029/screenshot - {}
RESULT: {}
COMMAND: POST /session/e44526e052a1670125e85f4cf92ba029/elements - {"using":"xpath","value":"//span[text()='Error']"}
RESULT: {"using":"xpath","value":"//span[text()='Error']"}
RESULT: undefined
COMMAND: POST /session/e44526e052a1670125e85f4cf92ba029/element - {"using":"xpath","value":"//*[@id=\"__tile132\"]"}
RESULT: {"using":"xpath","value":"//*[@id=\"__tile132\"]"}
COMMAND: POST /session/e44526e052a1670125e85f4cf92ba029/element/f.A1DCFEC41B3517C11530D0F7A218328C.d.99A377B6CBC0A07D5C856A54ABC4358E.e.1741/click - {}
RESULT: undefined
COMMAND: POST /session/e44526e052a1670125e85f4cf92ba029/element - {"using":"xpath","value":"//*[@id=\"__tile132\"]"}
RESULT: {"using":"xpath","value":"//*[@id=\"__tile132\"]"}
COMMAND: POST /session/e44526e052a1670125e85f4cf92ba029/element/f.A1DCFEC41B3517C11530D0F7A218328C.d.99A377B6CBC0A07D5C856A54ABC4358E.e.1741/click - {}
RESULT: undefined
COMMAND: POST /session/e44526e052a1670125e85f4cf92ba029/execute/async - {"script":"<script> [6424 bytes]","args":[{"element-6066-11e4-a52e-4f735466cecf":"f.A1DCFEC41B3517C11530D0F7A218328C.d.99A377B6CBC0A07D5C856A54ABC4358E.e.291"},"getTitle",[]]}
COMMAND: POST /session/e44526e052a1670125e85f4cf92ba029/execute/async - {"script":"<script> [1562 bytes]","args":[{"selector":{"id":"shellAppTitle"},"wdio_ui5_key":"shellAppTitle"}]}
RESULT: {"script":"<script> [1562 bytes]","args":[{"selector":{"id":"shellAppTitle"},"wdio_ui5_key":"shellAppTitle"}]}
COMMAND: POST /session/e44526e052a1670125e85f4cf92ba029/execute/async - {"script":"<script> [6424 bytes]","args":[{"element-6066-11e4-a52e-4f735466cecf":"f.A1DCFEC41B3517C11530D0F7A218328C.d.99A377B6CBC0A07D5C856A54ABC4358E.e.1824"},"getTitle",[]]}
RESULT: {"script":"<script> [6424 bytes]","args":[{"element-6066-11e4-a52e-4f735466cecf":"f.A1DCFEC41B3517C11530D0F7A218328C.d.99A377B6CBC0A07D5C856A54ABC4358E.e.1824"},"getTitle",[]]}
RESULT: undefined
COMMAND: POST /session/e44526e052a1670125e85f4cf92ba029/element/f.A1DCFEC41B3517C11530D0F7A218328C.d.99A377B6CBC0A07D5C856A54ABC4358E.e.1674/click - {}
COMMAND: POST /session/e44526e052a1670125e85f4cf92ba029/element - {"using":"xpath","value":"//*[@id=\"backBtn\"]"}
RESULT: {"using":"xpath","value":"//*[@id=\"backBtn\"]"}
COMMAND: POST /session/e44526e052a1670125e85f4cf92ba029/element/f.A1DCFEC41B3517C11530D0F7A218328C.d.99A377B6CBC0A07D5C856A54ABC4358E.e.1674/click - {}
COMMAND: POST /session/e44526e052a1670125e85f4cf92ba029/element - {"using":"xpath","value":"//*[@id=\"backBtn\"]"}
RESULT: {"using":"xpath","value":"//*[@id=\"backBtn\"]"}
COMMAND: POST /session/e44526e052a1670125e85f4cf92ba029/element/f.A1DCFEC41B3517C11530D0F7A218328C.d.99A377B6CBC0A07D5C856A54ABC4358E.e.1825/click - {}
RESULT: {}
COMMAND: GET /session/e44526e052a1670125e85f4cf92ba029/screenshot - {}
RESULT: {}
]]></system-out>
    </testcase>
    <testcase classname="chrome.137_0_7151_56.windows.Sanity_Tests_US104253" name="Should open Manage Handovers page" time="35.735">
      <system-out><![CDATA[
COMMAND: POST /session/e44526e052a1670125e85f4cf92ba029/execute/async - {"script":"<script> [1562 bytes]","args":[{"selector":{"controlType":"sap.m.GenericTile","properties":{"header":"Manage Handovers"}},"wdio_ui5_key":"sapm.GenericTile{\"header\":\"Manage Handovers\"}"}]}
RESULT: {"script":"<script> [1562 bytes]","args":[{"selector":{"controlType":"sap.m.GenericTile","properties":{"header":"Manage Handovers"}},"wdio_ui5_key":"sapm.GenericTile{\"header\":\"Manage Handovers\"}"}]}
RESULT: undefined
COMMAND: POST /session/e44526e052a1670125e85f4cf92ba029/element - {"using":"xpath","value":"//*[@id=\"__tile130\"]"}
RESULT: {"using":"xpath","value":"//*[@id=\"__tile130\"]"}
COMMAND: POST /session/e44526e052a1670125e85f4cf92ba029/element/f.A1DCFEC41B3517C11530D0F7A218328C.d.99A377B6CBC0A07D5C856A54ABC4358E.e.1827/click - {}
RESULT: {}
COMMAND: GET /session/e44526e052a1670125e85f4cf92ba029/screenshot - {}
RESULT: {}
COMMAND: POST /session/e44526e052a1670125e85f4cf92ba029/elements - {"using":"xpath","value":"//span[text()='Error']"}
RESULT: {"using":"xpath","value":"//span[text()='Error']"}
RESULT: undefined
COMMAND: POST /session/e44526e052a1670125e85f4cf92ba029/element - {"using":"xpath","value":"//*[@id=\"__tile130\"]"}
RESULT: {"using":"xpath","value":"//*[@id=\"__tile130\"]"}
COMMAND: POST /session/e44526e052a1670125e85f4cf92ba029/element/f.A1DCFEC41B3517C11530D0F7A218328C.d.99A377B6CBC0A07D5C856A54ABC4358E.e.1827/click - {}
RESULT: undefined
COMMAND: POST /session/e44526e052a1670125e85f4cf92ba029/element - {"using":"xpath","value":"//*[@id=\"__tile130\"]"}
RESULT: {"using":"xpath","value":"//*[@id=\"__tile130\"]"}
COMMAND: POST /session/e44526e052a1670125e85f4cf92ba029/element/f.A1DCFEC41B3517C11530D0F7A218328C.d.99A377B6CBC0A07D5C856A54ABC4358E.e.1827/click - {}
RESULT: undefined
COMMAND: POST /session/e44526e052a1670125e85f4cf92ba029/execute/async - {"script":"<script> [6424 bytes]","args":[{"element-6066-11e4-a52e-4f735466cecf":"f.A1DCFEC41B3517C11530D0F7A218328C.d.99A377B6CBC0A07D5C856A54ABC4358E.e.291"},"getTitle",[]]}
COMMAND: POST /session/e44526e052a1670125e85f4cf92ba029/execute/async - {"script":"<script> [1562 bytes]","args":[{"selector":{"id":"shellAppTitle"},"wdio_ui5_key":"shellAppTitle"}]}
RESULT: {"script":"<script> [1562 bytes]","args":[{"selector":{"id":"shellAppTitle"},"wdio_ui5_key":"shellAppTitle"}]}
COMMAND: POST /session/e44526e052a1670125e85f4cf92ba029/execute/async - {"script":"<script> [6424 bytes]","args":[{"element-6066-11e4-a52e-4f735466cecf":"f.A1DCFEC41B3517C11530D0F7A218328C.d.99A377B6CBC0A07D5C856A54ABC4358E.e.1916"},"getTitle",[]]}
RESULT: {"script":"<script> [6424 bytes]","args":[{"element-6066-11e4-a52e-4f735466cecf":"f.A1DCFEC41B3517C11530D0F7A218328C.d.99A377B6CBC0A07D5C856A54ABC4358E.e.1916"},"getTitle",[]]}
RESULT: undefined
COMMAND: POST /session/e44526e052a1670125e85f4cf92ba029/element/f.A1DCFEC41B3517C11530D0F7A218328C.d.99A377B6CBC0A07D5C856A54ABC4358E.e.1825/click - {}
RESULT: {}
COMMAND: GET /session/e44526e052a1670125e85f4cf92ba029/screenshot - {}
RESULT: {}
]]></system-out>
    </testcase>
    <testcase classname="chrome.137_0_7151_56.windows.Sanity_Tests_US104253" name="Should open Delivery Monitor page" time="35.718">
      <system-out><![CDATA[
COMMAND: POST /session/e44526e052a1670125e85f4cf92ba029/execute/async - {"script":"<script> [1562 bytes]","args":[{"selector":{"controlType":"sap.m.GenericTile","properties":{"header":"Delivery Monitor"}},"wdio_ui5_key":"sapm.GenericTile{\"header\":\"Delivery Monitor\"}"}]}
RESULT: {"script":"<script> [1562 bytes]","args":[{"selector":{"controlType":"sap.m.GenericTile","properties":{"header":"Delivery Monitor"}},"wdio_ui5_key":"sapm.GenericTile{\"header\":\"Delivery Monitor\"}"}]}
RESULT: undefined
COMMAND: POST /session/e44526e052a1670125e85f4cf92ba029/element - {"using":"xpath","value":"//*[@id=\"__tile43\"]"}
RESULT: {"using":"xpath","value":"//*[@id=\"__tile43\"]"}
COMMAND: POST /session/e44526e052a1670125e85f4cf92ba029/element/f.A1DCFEC41B3517C11530D0F7A218328C.d.99A377B6CBC0A07D5C856A54ABC4358E.e.1918/click - {}
RESULT: {}
COMMAND: GET /session/e44526e052a1670125e85f4cf92ba029/screenshot - {}
RESULT: {}
COMMAND: POST /session/e44526e052a1670125e85f4cf92ba029/elements - {"using":"xpath","value":"//span[text()='Error']"}
RESULT: {"using":"xpath","value":"//span[text()='Error']"}
RESULT: undefined
COMMAND: POST /session/e44526e052a1670125e85f4cf92ba029/element - {"using":"xpath","value":"//*[@id=\"__tile43\"]"}
RESULT: {"using":"xpath","value":"//*[@id=\"__tile43\"]"}
COMMAND: POST /session/e44526e052a1670125e85f4cf92ba029/element/f.A1DCFEC41B3517C11530D0F7A218328C.d.99A377B6CBC0A07D5C856A54ABC4358E.e.1918/click - {}
RESULT: undefined
COMMAND: POST /session/e44526e052a1670125e85f4cf92ba029/element - {"using":"xpath","value":"//*[@id=\"__tile43\"]"}
RESULT: {"using":"xpath","value":"//*[@id=\"__tile43\"]"}
COMMAND: POST /session/e44526e052a1670125e85f4cf92ba029/element/f.A1DCFEC41B3517C11530D0F7A218328C.d.99A377B6CBC0A07D5C856A54ABC4358E.e.1918/click - {}
RESULT: undefined
COMMAND: POST /session/e44526e052a1670125e85f4cf92ba029/execute/async - {"script":"<script> [6424 bytes]","args":[{"element-6066-11e4-a52e-4f735466cecf":"f.A1DCFEC41B3517C11530D0F7A218328C.d.99A377B6CBC0A07D5C856A54ABC4358E.e.291"},"getTitle",[]]}
COMMAND: POST /session/e44526e052a1670125e85f4cf92ba029/execute/async - {"script":"<script> [1562 bytes]","args":[{"selector":{"id":"shellAppTitle"},"wdio_ui5_key":"shellAppTitle"}]}
RESULT: {"script":"<script> [1562 bytes]","args":[{"selector":{"id":"shellAppTitle"},"wdio_ui5_key":"shellAppTitle"}]}
COMMAND: POST /session/e44526e052a1670125e85f4cf92ba029/execute/async - {"script":"<script> [6424 bytes]","args":[{"element-6066-11e4-a52e-4f735466cecf":"f.A1DCFEC41B3517C11530D0F7A218328C.d.99A377B6CBC0A07D5C856A54ABC4358E.e.2023"},"getTitle",[]]}
RESULT: {"script":"<script> [6424 bytes]","args":[{"element-6066-11e4-a52e-4f735466cecf":"f.A1DCFEC41B3517C11530D0F7A218328C.d.99A377B6CBC0A07D5C856A54ABC4358E.e.2023"},"getTitle",[]]}
RESULT: undefined
COMMAND: POST /session/e44526e052a1670125e85f4cf92ba029/element/f.A1DCFEC41B3517C11530D0F7A218328C.d.99A377B6CBC0A07D5C856A54ABC4358E.e.1825/click - {}
COMMAND: POST /session/e44526e052a1670125e85f4cf92ba029/element - {"using":"xpath","value":"//*[@id=\"backBtn\"]"}
RESULT: {"using":"xpath","value":"//*[@id=\"backBtn\"]"}
COMMAND: POST /session/e44526e052a1670125e85f4cf92ba029/element/f.A1DCFEC41B3517C11530D0F7A218328C.d.99A377B6CBC0A07D5C856A54ABC4358E.e.1825/click - {}
COMMAND: POST /session/e44526e052a1670125e85f4cf92ba029/element - {"using":"xpath","value":"//*[@id=\"backBtn\"]"}
RESULT: {"using":"xpath","value":"//*[@id=\"backBtn\"]"}
COMMAND: POST /session/e44526e052a1670125e85f4cf92ba029/element/f.A1DCFEC41B3517C11530D0F7A218328C.d.99A377B6CBC0A07D5C856A54ABC4358E.e.2024/click - {}
RESULT: {}
COMMAND: GET /session/e44526e052a1670125e85f4cf92ba029/screenshot - {}
RESULT: {}
]]></system-out>
    </testcase>
    <testcase classname="chrome.137_0_7151_56.windows.Sanity_Tests_US104253" name="Should open Manage Calendar Exceptions page" time="35.747">
      <system-out><![CDATA[
COMMAND: POST /session/e44526e052a1670125e85f4cf92ba029/execute/async - {"script":"<script> [1562 bytes]","args":[{"selector":{"controlType":"sap.m.GenericTile","properties":{"header":"Manage Calendar Exceptions"}},"wdio_ui5_key":"sapm.GenericTile{\"header\":\"Manage Calendar Exceptions\"}"}]}
RESULT: {"script":"<script> [1562 bytes]","args":[{"selector":{"controlType":"sap.m.GenericTile","properties":{"header":"Manage Calendar Exceptions"}},"wdio_ui5_key":"sapm.GenericTile{\"header\":\"Manage Calendar Exceptions\"}"}]}
RESULT: undefined
COMMAND: POST /session/e44526e052a1670125e85f4cf92ba029/element - {"using":"xpath","value":"//*[@id=\"__tile52\"]"}
RESULT: {"using":"xpath","value":"//*[@id=\"__tile52\"]"}
COMMAND: POST /session/e44526e052a1670125e85f4cf92ba029/element/f.A1DCFEC41B3517C11530D0F7A218328C.d.99A377B6CBC0A07D5C856A54ABC4358E.e.2026/click - {}
RESULT: {}
COMMAND: GET /session/e44526e052a1670125e85f4cf92ba029/screenshot - {}
RESULT: {}
COMMAND: POST /session/e44526e052a1670125e85f4cf92ba029/elements - {"using":"xpath","value":"//span[text()='Error']"}
RESULT: {"using":"xpath","value":"//span[text()='Error']"}
RESULT: undefined
COMMAND: POST /session/e44526e052a1670125e85f4cf92ba029/element - {"using":"xpath","value":"//*[@id=\"__tile52\"]"}
RESULT: {"using":"xpath","value":"//*[@id=\"__tile52\"]"}
COMMAND: POST /session/e44526e052a1670125e85f4cf92ba029/element/f.A1DCFEC41B3517C11530D0F7A218328C.d.99A377B6CBC0A07D5C856A54ABC4358E.e.2026/click - {}
RESULT: undefined
COMMAND: POST /session/e44526e052a1670125e85f4cf92ba029/element - {"using":"xpath","value":"//*[@id=\"__tile52\"]"}
RESULT: {"using":"xpath","value":"//*[@id=\"__tile52\"]"}
COMMAND: POST /session/e44526e052a1670125e85f4cf92ba029/element/f.A1DCFEC41B3517C11530D0F7A218328C.d.99A377B6CBC0A07D5C856A54ABC4358E.e.2026/click - {}
RESULT: undefined
COMMAND: POST /session/e44526e052a1670125e85f4cf92ba029/execute/async - {"script":"<script> [6424 bytes]","args":[{"element-6066-11e4-a52e-4f735466cecf":"f.A1DCFEC41B3517C11530D0F7A218328C.d.99A377B6CBC0A07D5C856A54ABC4358E.e.291"},"getTitle",[]]}
COMMAND: POST /session/e44526e052a1670125e85f4cf92ba029/execute/async - {"script":"<script> [1562 bytes]","args":[{"selector":{"id":"shellAppTitle"},"wdio_ui5_key":"shellAppTitle"}]}
RESULT: {"script":"<script> [1562 bytes]","args":[{"selector":{"id":"shellAppTitle"},"wdio_ui5_key":"shellAppTitle"}]}
COMMAND: POST /session/e44526e052a1670125e85f4cf92ba029/execute/async - {"script":"<script> [6424 bytes]","args":[{"element-6066-11e4-a52e-4f735466cecf":"f.A1DCFEC41B3517C11530D0F7A218328C.d.99A377B6CBC0A07D5C856A54ABC4358E.e.2155"},"getTitle",[]]}
RESULT: {"script":"<script> [6424 bytes]","args":[{"element-6066-11e4-a52e-4f735466cecf":"f.A1DCFEC41B3517C11530D0F7A218328C.d.99A377B6CBC0A07D5C856A54ABC4358E.e.2155"},"getTitle",[]]}
RESULT: undefined
COMMAND: POST /session/e44526e052a1670125e85f4cf92ba029/element/f.A1DCFEC41B3517C11530D0F7A218328C.d.99A377B6CBC0A07D5C856A54ABC4358E.e.2024/click - {}
RESULT: {}
COMMAND: GET /session/e44526e052a1670125e85f4cf92ba029/screenshot - {}
RESULT: {}
]]></system-out>
    </testcase>
    <testcase classname="chrome.137_0_7151_56.windows.Sanity_Tests_US104253" name="Should open Manage States Performance page" time="35.732">
      <system-out><![CDATA[
COMMAND: POST /session/e44526e052a1670125e85f4cf92ba029/execute/async - {"script":"<script> [1562 bytes]","args":[{"selector":{"controlType":"sap.m.GenericTile","properties":{"header":"Manage States & Performance"}},"wdio_ui5_key":"sapm.GenericTile{\"header\":\"Manage States & Performance\"}"}]}
RESULT: {"script":"<script> [1562 bytes]","args":[{"selector":{"controlType":"sap.m.GenericTile","properties":{"header":"Manage States & Performance"}},"wdio_ui5_key":"sapm.GenericTile{\"header\":\"Manage States & Performance\"}"}]}
RESULT: undefined
COMMAND: POST /session/e44526e052a1670125e85f4cf92ba029/element - {"using":"xpath","value":"//*[@id=\"__tile56\"]"}
RESULT: {"using":"xpath","value":"//*[@id=\"__tile56\"]"}
COMMAND: POST /session/e44526e052a1670125e85f4cf92ba029/element/f.A1DCFEC41B3517C11530D0F7A218328C.d.99A377B6CBC0A07D5C856A54ABC4358E.e.2159/click - {}
RESULT: {}
COMMAND: GET /session/e44526e052a1670125e85f4cf92ba029/screenshot - {}
RESULT: {}
COMMAND: POST /session/e44526e052a1670125e85f4cf92ba029/elements - {"using":"xpath","value":"//span[text()='Error']"}
RESULT: {"using":"xpath","value":"//span[text()='Error']"}
RESULT: undefined
COMMAND: POST /session/e44526e052a1670125e85f4cf92ba029/element - {"using":"xpath","value":"//*[@id=\"__tile56\"]"}
RESULT: {"using":"xpath","value":"//*[@id=\"__tile56\"]"}
COMMAND: POST /session/e44526e052a1670125e85f4cf92ba029/element/f.A1DCFEC41B3517C11530D0F7A218328C.d.99A377B6CBC0A07D5C856A54ABC4358E.e.2159/click - {}
RESULT: undefined
COMMAND: POST /session/e44526e052a1670125e85f4cf92ba029/element - {"using":"xpath","value":"//*[@id=\"__tile56\"]"}
RESULT: {"using":"xpath","value":"//*[@id=\"__tile56\"]"}
COMMAND: POST /session/e44526e052a1670125e85f4cf92ba029/element/f.A1DCFEC41B3517C11530D0F7A218328C.d.99A377B6CBC0A07D5C856A54ABC4358E.e.2159/click - {}
RESULT: undefined
COMMAND: POST /session/e44526e052a1670125e85f4cf92ba029/execute/async - {"script":"<script> [6424 bytes]","args":[{"element-6066-11e4-a52e-4f735466cecf":"f.A1DCFEC41B3517C11530D0F7A218328C.d.99A377B6CBC0A07D5C856A54ABC4358E.e.291"},"getTitle",[]]}
COMMAND: POST /session/e44526e052a1670125e85f4cf92ba029/execute/async - {"script":"<script> [1562 bytes]","args":[{"selector":{"id":"shellAppTitle"},"wdio_ui5_key":"shellAppTitle"}]}
RESULT: {"script":"<script> [1562 bytes]","args":[{"selector":{"id":"shellAppTitle"},"wdio_ui5_key":"shellAppTitle"}]}
COMMAND: POST /session/e44526e052a1670125e85f4cf92ba029/execute/async - {"script":"<script> [6424 bytes]","args":[{"element-6066-11e4-a52e-4f735466cecf":"f.A1DCFEC41B3517C11530D0F7A218328C.d.99A377B6CBC0A07D5C856A54ABC4358E.e.2258"},"getTitle",[]]}
RESULT: {"script":"<script> [6424 bytes]","args":[{"element-6066-11e4-a52e-4f735466cecf":"f.A1DCFEC41B3517C11530D0F7A218328C.d.99A377B6CBC0A07D5C856A54ABC4358E.e.2258"},"getTitle",[]]}
RESULT: undefined
COMMAND: POST /session/e44526e052a1670125e85f4cf92ba029/element/f.A1DCFEC41B3517C11530D0F7A218328C.d.99A377B6CBC0A07D5C856A54ABC4358E.e.2024/click - {}
COMMAND: POST /session/e44526e052a1670125e85f4cf92ba029/element - {"using":"xpath","value":"//*[@id=\"backBtn\"]"}
RESULT: {"using":"xpath","value":"//*[@id=\"backBtn\"]"}
COMMAND: POST /session/e44526e052a1670125e85f4cf92ba029/element/f.A1DCFEC41B3517C11530D0F7A218328C.d.99A377B6CBC0A07D5C856A54ABC4358E.e.2024/click - {}
COMMAND: POST /session/e44526e052a1670125e85f4cf92ba029/element - {"using":"xpath","value":"//*[@id=\"backBtn\"]"}
RESULT: {"using":"xpath","value":"//*[@id=\"backBtn\"]"}
COMMAND: POST /session/e44526e052a1670125e85f4cf92ba029/element/f.A1DCFEC41B3517C11530D0F7A218328C.d.99A377B6CBC0A07D5C856A54ABC4358E.e.2259/click - {}
RESULT: {}
COMMAND: GET /session/e44526e052a1670125e85f4cf92ba029/screenshot - {}
RESULT: {}
]]></system-out>
    </testcase>
    <testcase classname="chrome.137_0_7151_56.windows.Sanity_Tests_US104253" name="Should open Manage Billings page" time="37.077">
      <system-out><![CDATA[
COMMAND: POST /session/e44526e052a1670125e85f4cf92ba029/execute/async - {"script":"<script> [1562 bytes]","args":[{"selector":{"controlType":"sap.m.GenericTile","properties":{"header":"Manage Billings"}},"wdio_ui5_key":"sapm.GenericTile{\"header\":\"Manage Billings\"}"}]}
RESULT: {"script":"<script> [1562 bytes]","args":[{"selector":{"controlType":"sap.m.GenericTile","properties":{"header":"Manage Billings"}},"wdio_ui5_key":"sapm.GenericTile{\"header\":\"Manage Billings\"}"}]}
RESULT: undefined
COMMAND: POST /session/e44526e052a1670125e85f4cf92ba029/element - {"using":"xpath","value":"//*[@id=\"__tile51\"]"}
RESULT: {"using":"xpath","value":"//*[@id=\"__tile51\"]"}
COMMAND: POST /session/e44526e052a1670125e85f4cf92ba029/element/f.A1DCFEC41B3517C11530D0F7A218328C.d.99A377B6CBC0A07D5C856A54ABC4358E.e.2261/click - {}
RESULT: {}
COMMAND: GET /session/e44526e052a1670125e85f4cf92ba029/screenshot - {}
RESULT: {}
COMMAND: POST /session/e44526e052a1670125e85f4cf92ba029/elements - {"using":"xpath","value":"//span[text()='Error']"}
RESULT: {"using":"xpath","value":"//span[text()='Error']"}
RESULT: undefined
COMMAND: POST /session/e44526e052a1670125e85f4cf92ba029/element - {"using":"xpath","value":"//*[@id=\"__tile51\"]"}
RESULT: {"using":"xpath","value":"//*[@id=\"__tile51\"]"}
COMMAND: POST /session/e44526e052a1670125e85f4cf92ba029/element/f.A1DCFEC41B3517C11530D0F7A218328C.d.99A377B6CBC0A07D5C856A54ABC4358E.e.2261/click - {}
RESULT: undefined
COMMAND: POST /session/e44526e052a1670125e85f4cf92ba029/element - {"using":"xpath","value":"//*[@id=\"__tile51\"]"}
RESULT: {"using":"xpath","value":"//*[@id=\"__tile51\"]"}
COMMAND: POST /session/e44526e052a1670125e85f4cf92ba029/element/f.A1DCFEC41B3517C11530D0F7A218328C.d.99A377B6CBC0A07D5C856A54ABC4358E.e.2261/click - {}
RESULT: undefined
COMMAND: POST /session/e44526e052a1670125e85f4cf92ba029/execute/async - {"script":"<script> [6424 bytes]","args":[{"element-6066-11e4-a52e-4f735466cecf":"f.A1DCFEC41B3517C11530D0F7A218328C.d.99A377B6CBC0A07D5C856A54ABC4358E.e.291"},"getTitle",[]]}
COMMAND: POST /session/e44526e052a1670125e85f4cf92ba029/execute/async - {"script":"<script> [1562 bytes]","args":[{"selector":{"id":"shellAppTitle"},"wdio_ui5_key":"shellAppTitle"}]}
RESULT: {"script":"<script> [1562 bytes]","args":[{"selector":{"id":"shellAppTitle"},"wdio_ui5_key":"shellAppTitle"}]}
COMMAND: POST /session/e44526e052a1670125e85f4cf92ba029/execute/async - {"script":"<script> [6424 bytes]","args":[{"element-6066-11e4-a52e-4f735466cecf":"f.A1DCFEC41B3517C11530D0F7A218328C.d.99A377B6CBC0A07D5C856A54ABC4358E.e.2473"},"getTitle",[]]}
RESULT: {"script":"<script> [6424 bytes]","args":[{"element-6066-11e4-a52e-4f735466cecf":"f.A1DCFEC41B3517C11530D0F7A218328C.d.99A377B6CBC0A07D5C856A54ABC4358E.e.2473"},"getTitle",[]]}
RESULT: undefined
COMMAND: POST /session/e44526e052a1670125e85f4cf92ba029/element/f.A1DCFEC41B3517C11530D0F7A218328C.d.99A377B6CBC0A07D5C856A54ABC4358E.e.2259/click - {}
COMMAND: POST /session/e44526e052a1670125e85f4cf92ba029/element/f.A1DCFEC41B3517C11530D0F7A218328C.d.99A377B6CBC0A07D5C856A54ABC4358E.e.2259/click - {}
RESULT: {}
COMMAND: GET /session/e44526e052a1670125e85f4cf92ba029/screenshot - {}
COMMAND: POST /session/e44526e052a1670125e85f4cf92ba029/element - {"using":"xpath","value":"//*[@id=\"backBtn\"]"}
RESULT: {}
RESULT: {"using":"xpath","value":"//*[@id=\"backBtn\"]"}
COMMAND: POST /session/e44526e052a1670125e85f4cf92ba029/elements - {"using":"xpath","value":"//*[@id=\"backBtn\"]"}
RESULT: {"using":"xpath","value":"//*[@id=\"backBtn\"]"}
COMMAND: POST /session/e44526e052a1670125e85f4cf92ba029/elements - {"using":"xpath","value":"//*[@id=\"backBtn\"]"}
RESULT: {"using":"xpath","value":"//*[@id=\"backBtn\"]"}
COMMAND: POST /session/e44526e052a1670125e85f4cf92ba029/elements - {"using":"xpath","value":"//*[@id=\"backBtn\"]"}
RESULT: {"using":"xpath","value":"//*[@id=\"backBtn\"]"}
COMMAND: POST /session/e44526e052a1670125e85f4cf92ba029/elements - {"using":"xpath","value":"//*[@id=\"backBtn\"]"}
RESULT: {"using":"xpath","value":"//*[@id=\"backBtn\"]"}
COMMAND: POST /session/e44526e052a1670125e85f4cf92ba029/elements - {"using":"xpath","value":"//*[@id=\"backBtn\"]"}
RESULT: {"using":"xpath","value":"//*[@id=\"backBtn\"]"}
COMMAND: POST /session/e44526e052a1670125e85f4cf92ba029/elements - {"using":"xpath","value":"//*[@id=\"backBtn\"]"}
RESULT: {"using":"xpath","value":"//*[@id=\"backBtn\"]"}
COMMAND: POST /session/e44526e052a1670125e85f4cf92ba029/elements - {"using":"xpath","value":"//*[@id=\"backBtn\"]"}
RESULT: {"using":"xpath","value":"//*[@id=\"backBtn\"]"}
COMMAND: POST /session/e44526e052a1670125e85f4cf92ba029/elements - {"using":"xpath","value":"//*[@id=\"backBtn\"]"}
RESULT: {"using":"xpath","value":"//*[@id=\"backBtn\"]"}
COMMAND: POST /session/e44526e052a1670125e85f4cf92ba029/elements - {"using":"xpath","value":"//*[@id=\"backBtn\"]"}
RESULT: {"using":"xpath","value":"//*[@id=\"backBtn\"]"}
COMMAND: POST /session/e44526e052a1670125e85f4cf92ba029/elements - {"using":"xpath","value":"//*[@id=\"backBtn\"]"}
RESULT: {"using":"xpath","value":"//*[@id=\"backBtn\"]"}
COMMAND: POST /session/e44526e052a1670125e85f4cf92ba029/elements - {"using":"xpath","value":"//*[@id=\"backBtn\"]"}
RESULT: {"using":"xpath","value":"//*[@id=\"backBtn\"]"}
COMMAND: POST /session/e44526e052a1670125e85f4cf92ba029/elements - {"using":"xpath","value":"//*[@id=\"backBtn\"]"}
RESULT: {"using":"xpath","value":"//*[@id=\"backBtn\"]"}
COMMAND: POST /session/e44526e052a1670125e85f4cf92ba029/elements - {"using":"xpath","value":"//*[@id=\"backBtn\"]"}
RESULT: {"using":"xpath","value":"//*[@id=\"backBtn\"]"}
COMMAND: POST /session/e44526e052a1670125e85f4cf92ba029/elements - {"using":"xpath","value":"//*[@id=\"backBtn\"]"}
RESULT: {"using":"xpath","value":"//*[@id=\"backBtn\"]"}
COMMAND: POST /session/e44526e052a1670125e85f4cf92ba029/elements - {"using":"xpath","value":"//*[@id=\"backBtn\"]"}
RESULT: {"using":"xpath","value":"//*[@id=\"backBtn\"]"}
COMMAND: POST /session/e44526e052a1670125e85f4cf92ba029/elements - {"using":"xpath","value":"//*[@id=\"backBtn\"]"}
RESULT: {"using":"xpath","value":"//*[@id=\"backBtn\"]"}
COMMAND: POST /session/e44526e052a1670125e85f4cf92ba029/elements - {"using":"xpath","value":"//*[@id=\"backBtn\"]"}
RESULT: {"using":"xpath","value":"//*[@id=\"backBtn\"]"}
COMMAND: POST /session/e44526e052a1670125e85f4cf92ba029/elements - {"using":"xpath","value":"//*[@id=\"backBtn\"]"}
RESULT: {"using":"xpath","value":"//*[@id=\"backBtn\"]"}
]]></system-out>
    </testcase>
    <testcase classname="chrome.137_0_7151_56.windows.Sanity_Tests_US104253" name="Should open Manage Conditions Prices page" time="41.436">
      <system-out><![CDATA[
COMMAND: POST /session/e44526e052a1670125e85f4cf92ba029/execute/async - {"script":"<script> [1562 bytes]","args":[{"selector":{"controlType":"sap.m.GenericTile","properties":{"header":"Manage Conditions & Prices"}},"wdio_ui5_key":"sapm.GenericTile{\"header\":\"Manage Conditions & Prices\"}"}]}
COMMAND: POST /session/e44526e052a1670125e85f4cf92ba029/elements - {"using":"xpath","value":"//*[@id=\"backBtn\"]"}
RESULT: {"script":"<script> [1562 bytes]","args":[{"selector":{"controlType":"sap.m.GenericTile","properties":{"header":"Manage Conditions & Prices"}},"wdio_ui5_key":"sapm.GenericTile{\"header\":\"Manage Conditions & Prices\"}"}]}
RESULT: undefined
COMMAND: POST /session/e44526e052a1670125e85f4cf92ba029/element - {"using":"xpath","value":"//*[@id=\"__tile53\"]"}
RESULT: {"using":"xpath","value":"//*[@id=\"backBtn\"]"}
RESULT: {"using":"xpath","value":"//*[@id=\"__tile53\"]"}
COMMAND: POST /session/e44526e052a1670125e85f4cf92ba029/element/f.A1DCFEC41B3517C11530D0F7A218328C.d.99A377B6CBC0A07D5C856A54ABC4358E.e.2475/click - {}
RESULT: {}
COMMAND: GET /session/e44526e052a1670125e85f4cf92ba029/screenshot - {}
COMMAND: POST /session/e44526e052a1670125e85f4cf92ba029/elements - {"using":"xpath","value":"//*[@id=\"backBtn\"]"}
RESULT: {}
RESULT: {"using":"xpath","value":"//*[@id=\"backBtn\"]"}
COMMAND: POST /session/e44526e052a1670125e85f4cf92ba029/elements - {"using":"xpath","value":"//*[@id=\"backBtn\"]"}
RESULT: {"using":"xpath","value":"//*[@id=\"backBtn\"]"}
COMMAND: POST /session/e44526e052a1670125e85f4cf92ba029/elements - {"using":"xpath","value":"//*[@id=\"backBtn\"]"}
RESULT: {"using":"xpath","value":"//*[@id=\"backBtn\"]"}
COMMAND: POST /session/e44526e052a1670125e85f4cf92ba029/elements - {"using":"xpath","value":"//*[@id=\"backBtn\"]"}
RESULT: {"using":"xpath","value":"//*[@id=\"backBtn\"]"}
COMMAND: POST /session/e44526e052a1670125e85f4cf92ba029/element - {"using":"xpath","value":"//*[@id=\"backBtn\"]"}
RESULT: {"using":"xpath","value":"//*[@id=\"backBtn\"]"}
COMMAND: POST /session/e44526e052a1670125e85f4cf92ba029/element/f.A1DCFEC41B3517C11530D0F7A218328C.d.99A377B6CBC0A07D5C856A54ABC4358E.e.2259/click - {}
COMMAND: POST /session/e44526e052a1670125e85f4cf92ba029/element - {"using":"xpath","value":"//*[@id=\"backBtn\"]"}
RESULT: {"using":"xpath","value":"//*[@id=\"backBtn\"]"}
COMMAND: POST /session/e44526e052a1670125e85f4cf92ba029/element/f.A1DCFEC41B3517C11530D0F7A218328C.d.99A377B6CBC0A07D5C856A54ABC4358E.e.2507/click - {}
RESULT: {}
COMMAND: GET /session/e44526e052a1670125e85f4cf92ba029/screenshot - {}
RESULT: {}
COMMAND: POST /session/e44526e052a1670125e85f4cf92ba029/elements - {"using":"xpath","value":"//span[text()='Error']"}
RESULT: {"using":"xpath","value":"//span[text()='Error']"}
RESULT: undefined
COMMAND: POST /session/e44526e052a1670125e85f4cf92ba029/element - {"using":"xpath","value":"//*[@id=\"__tile53\"]"}
RESULT: {"using":"xpath","value":"//*[@id=\"__tile53\"]"}
COMMAND: POST /session/e44526e052a1670125e85f4cf92ba029/element/f.A1DCFEC41B3517C11530D0F7A218328C.d.99A377B6CBC0A07D5C856A54ABC4358E.e.2475/click - {}
RESULT: {}
RESULT: undefined
COMMAND: POST /session/e44526e052a1670125e85f4cf92ba029/element - {"using":"xpath","value":"//*[@id=\"__tile53\"]"}
COMMAND: GET /session/e44526e052a1670125e85f4cf92ba029/screenshot - {}
RESULT: {"using":"xpath","value":"//*[@id=\"__tile53\"]"}
COMMAND: POST /session/e44526e052a1670125e85f4cf92ba029/element/f.A1DCFEC41B3517C11530D0F7A218328C.d.99A377B6CBC0A07D5C856A54ABC4358E.e.2475/click - {}
RESULT: {}
RESULT: undefined
COMMAND: POST /session/e44526e052a1670125e85f4cf92ba029/execute/async - {"script":"<script> [6424 bytes]","args":[{"element-6066-11e4-a52e-4f735466cecf":"f.A1DCFEC41B3517C11530D0F7A218328C.d.99A377B6CBC0A07D5C856A54ABC4358E.e.291"},"getTitle",[]]}
COMMAND: POST /session/e44526e052a1670125e85f4cf92ba029/execute/async - {"script":"<script> [1562 bytes]","args":[{"selector":{"id":"shellAppTitle"},"wdio_ui5_key":"shellAppTitle"}]}
RESULT: {"script":"<script> [1562 bytes]","args":[{"selector":{"id":"shellAppTitle"},"wdio_ui5_key":"shellAppTitle"}]}
COMMAND: POST /session/e44526e052a1670125e85f4cf92ba029/execute/async - {"script":"<script> [6424 bytes]","args":[{"element-6066-11e4-a52e-4f735466cecf":"f.A1DCFEC41B3517C11530D0F7A218328C.d.99A377B6CBC0A07D5C856A54ABC4358E.e.2699"},"getTitle",[]]}
RESULT: {"script":"<script> [6424 bytes]","args":[{"element-6066-11e4-a52e-4f735466cecf":"f.A1DCFEC41B3517C11530D0F7A218328C.d.99A377B6CBC0A07D5C856A54ABC4358E.e.2699"},"getTitle",[]]}
RESULT: undefined
COMMAND: POST /session/e44526e052a1670125e85f4cf92ba029/element/f.A1DCFEC41B3517C11530D0F7A218328C.d.99A377B6CBC0A07D5C856A54ABC4358E.e.2507/click - {}
RESULT: {}
COMMAND: GET /session/e44526e052a1670125e85f4cf92ba029/screenshot - {}
RESULT: {}
]]></system-out>
    </testcase>
    <testcase classname="chrome.137_0_7151_56.windows.Sanity_Tests_US104253" name="Should open Billing Transfer page" time="35.78">
      <system-out><![CDATA[
COMMAND: POST /session/e44526e052a1670125e85f4cf92ba029/execute/async - {"script":"<script> [1562 bytes]","args":[{"selector":{"controlType":"sap.m.GenericTile","properties":{"header":"Billing Transfer"}},"wdio_ui5_key":"sapm.GenericTile{\"header\":\"Billing Transfer\"}"}]}
RESULT: {"script":"<script> [1562 bytes]","args":[{"selector":{"controlType":"sap.m.GenericTile","properties":{"header":"Billing Transfer"}},"wdio_ui5_key":"sapm.GenericTile{\"header\":\"Billing Transfer\"}"}]}
RESULT: undefined
COMMAND: POST /session/e44526e052a1670125e85f4cf92ba029/element - {"using":"xpath","value":"//*[@id=\"__tile50\"]"}
RESULT: {"using":"xpath","value":"//*[@id=\"__tile50\"]"}
COMMAND: POST /session/e44526e052a1670125e85f4cf92ba029/element/f.A1DCFEC41B3517C11530D0F7A218328C.d.99A377B6CBC0A07D5C856A54ABC4358E.e.2701/click - {}
RESULT: {}
COMMAND: GET /session/e44526e052a1670125e85f4cf92ba029/screenshot - {}
RESULT: {}
COMMAND: POST /session/e44526e052a1670125e85f4cf92ba029/elements - {"using":"xpath","value":"//span[text()='Error']"}
RESULT: {"using":"xpath","value":"//span[text()='Error']"}
RESULT: undefined
COMMAND: POST /session/e44526e052a1670125e85f4cf92ba029/element - {"using":"xpath","value":"//*[@id=\"__tile50\"]"}
RESULT: {"using":"xpath","value":"//*[@id=\"__tile50\"]"}
COMMAND: POST /session/e44526e052a1670125e85f4cf92ba029/element/f.A1DCFEC41B3517C11530D0F7A218328C.d.99A377B6CBC0A07D5C856A54ABC4358E.e.2701/click - {}
RESULT: undefined
COMMAND: POST /session/e44526e052a1670125e85f4cf92ba029/element - {"using":"xpath","value":"//*[@id=\"__tile50\"]"}
RESULT: {"using":"xpath","value":"//*[@id=\"__tile50\"]"}
COMMAND: POST /session/e44526e052a1670125e85f4cf92ba029/element/f.A1DCFEC41B3517C11530D0F7A218328C.d.99A377B6CBC0A07D5C856A54ABC4358E.e.2701/click - {}
RESULT: undefined
COMMAND: POST /session/e44526e052a1670125e85f4cf92ba029/execute/async - {"script":"<script> [6424 bytes]","args":[{"element-6066-11e4-a52e-4f735466cecf":"f.A1DCFEC41B3517C11530D0F7A218328C.d.99A377B6CBC0A07D5C856A54ABC4358E.e.291"},"getTitle",[]]}
COMMAND: POST /session/e44526e052a1670125e85f4cf92ba029/execute/async - {"script":"<script> [1562 bytes]","args":[{"selector":{"id":"shellAppTitle"},"wdio_ui5_key":"shellAppTitle"}]}
RESULT: {"script":"<script> [1562 bytes]","args":[{"selector":{"id":"shellAppTitle"},"wdio_ui5_key":"shellAppTitle"}]}
COMMAND: POST /session/e44526e052a1670125e85f4cf92ba029/execute/async - {"script":"<script> [6424 bytes]","args":[{"element-6066-11e4-a52e-4f735466cecf":"f.A1DCFEC41B3517C11530D0F7A218328C.d.99A377B6CBC0A07D5C856A54ABC4358E.e.2793"},"getTitle",[]]}
RESULT: {"script":"<script> [6424 bytes]","args":[{"element-6066-11e4-a52e-4f735466cecf":"f.A1DCFEC41B3517C11530D0F7A218328C.d.99A377B6CBC0A07D5C856A54ABC4358E.e.2793"},"getTitle",[]]}
RESULT: undefined
COMMAND: POST /session/e44526e052a1670125e85f4cf92ba029/element/f.A1DCFEC41B3517C11530D0F7A218328C.d.99A377B6CBC0A07D5C856A54ABC4358E.e.2507/click - {}
COMMAND: POST /session/e44526e052a1670125e85f4cf92ba029/element - {"using":"xpath","value":"//*[@id=\"backBtn\"]"}
RESULT: {"using":"xpath","value":"//*[@id=\"backBtn\"]"}
COMMAND: POST /session/e44526e052a1670125e85f4cf92ba029/element/f.A1DCFEC41B3517C11530D0F7A218328C.d.99A377B6CBC0A07D5C856A54ABC4358E.e.2507/click - {}
COMMAND: POST /session/e44526e052a1670125e85f4cf92ba029/element - {"using":"xpath","value":"//*[@id=\"backBtn\"]"}
RESULT: {"using":"xpath","value":"//*[@id=\"backBtn\"]"}
COMMAND: POST /session/e44526e052a1670125e85f4cf92ba029/element/f.A1DCFEC41B3517C11530D0F7A218328C.d.99A377B6CBC0A07D5C856A54ABC4358E.e.2794/click - {}
RESULT: {}
COMMAND: GET /session/e44526e052a1670125e85f4cf92ba029/screenshot - {}
RESULT: {}
]]></system-out>
    </testcase>
    <testcase classname="chrome.137_0_7151_56.windows.Sanity_Tests_US104253" name="Should open Manage Pricing Rules page" time="35.765">
      <system-out><![CDATA[
COMMAND: POST /session/e44526e052a1670125e85f4cf92ba029/execute/async - {"script":"<script> [1562 bytes]","args":[{"selector":{"controlType":"sap.m.GenericTile","properties":{"header":"Manage Pricing Rules"}},"wdio_ui5_key":"sapm.GenericTile{\"header\":\"Manage Pricing Rules\"}"}]}
RESULT: {"script":"<script> [1562 bytes]","args":[{"selector":{"controlType":"sap.m.GenericTile","properties":{"header":"Manage Pricing Rules"}},"wdio_ui5_key":"sapm.GenericTile{\"header\":\"Manage Pricing Rules\"}"}]}
RESULT: undefined
COMMAND: POST /session/e44526e052a1670125e85f4cf92ba029/element - {"using":"xpath","value":"//*[@id=\"__tile55\"]"}
RESULT: {"using":"xpath","value":"//*[@id=\"__tile55\"]"}
COMMAND: POST /session/e44526e052a1670125e85f4cf92ba029/element/f.A1DCFEC41B3517C11530D0F7A218328C.d.99A377B6CBC0A07D5C856A54ABC4358E.e.2796/click - {}
RESULT: {}
COMMAND: GET /session/e44526e052a1670125e85f4cf92ba029/screenshot - {}
RESULT: {}
COMMAND: POST /session/e44526e052a1670125e85f4cf92ba029/elements - {"using":"xpath","value":"//span[text()='Error']"}
RESULT: {"using":"xpath","value":"//span[text()='Error']"}
RESULT: undefined
COMMAND: POST /session/e44526e052a1670125e85f4cf92ba029/element - {"using":"xpath","value":"//*[@id=\"__tile55\"]"}
RESULT: {"using":"xpath","value":"//*[@id=\"__tile55\"]"}
COMMAND: POST /session/e44526e052a1670125e85f4cf92ba029/element/f.A1DCFEC41B3517C11530D0F7A218328C.d.99A377B6CBC0A07D5C856A54ABC4358E.e.2796/click - {}
RESULT: undefined
COMMAND: POST /session/e44526e052a1670125e85f4cf92ba029/element - {"using":"xpath","value":"//*[@id=\"__tile55\"]"}
RESULT: {"using":"xpath","value":"//*[@id=\"__tile55\"]"}
COMMAND: POST /session/e44526e052a1670125e85f4cf92ba029/element/f.A1DCFEC41B3517C11530D0F7A218328C.d.99A377B6CBC0A07D5C856A54ABC4358E.e.2796/click - {}
RESULT: undefined
COMMAND: POST /session/e44526e052a1670125e85f4cf92ba029/execute/async - {"script":"<script> [6424 bytes]","args":[{"element-6066-11e4-a52e-4f735466cecf":"f.A1DCFEC41B3517C11530D0F7A218328C.d.99A377B6CBC0A07D5C856A54ABC4358E.e.291"},"getTitle",[]]}
COMMAND: POST /session/e44526e052a1670125e85f4cf92ba029/execute/async - {"script":"<script> [1562 bytes]","args":[{"selector":{"id":"shellAppTitle"},"wdio_ui5_key":"shellAppTitle"}]}
RESULT: {"script":"<script> [1562 bytes]","args":[{"selector":{"id":"shellAppTitle"},"wdio_ui5_key":"shellAppTitle"}]}
COMMAND: POST /session/e44526e052a1670125e85f4cf92ba029/execute/async - {"script":"<script> [6424 bytes]","args":[{"element-6066-11e4-a52e-4f735466cecf":"f.A1DCFEC41B3517C11530D0F7A218328C.d.99A377B6CBC0A07D5C856A54ABC4358E.e.2893"},"getTitle",[]]}
RESULT: {"script":"<script> [6424 bytes]","args":[{"element-6066-11e4-a52e-4f735466cecf":"f.A1DCFEC41B3517C11530D0F7A218328C.d.99A377B6CBC0A07D5C856A54ABC4358E.e.2893"},"getTitle",[]]}
RESULT: undefined
COMMAND: POST /session/e44526e052a1670125e85f4cf92ba029/element/f.A1DCFEC41B3517C11530D0F7A218328C.d.99A377B6CBC0A07D5C856A54ABC4358E.e.2794/click - {}
RESULT: {}
COMMAND: GET /session/e44526e052a1670125e85f4cf92ba029/screenshot - {}
RESULT: {}
]]></system-out>
    </testcase>
    <testcase classname="chrome.137_0_7151_56.windows.Sanity_Tests_US104253" name="Should open Manage Price Determination Matrices page" time="36.127">
      <system-out><![CDATA[
COMMAND: POST /session/e44526e052a1670125e85f4cf92ba029/execute/async - {"script":"<script> [1562 bytes]","args":[{"selector":{"controlType":"sap.m.GenericTile","properties":{"header":"Manage Price Determination Matrices"}},"wdio_ui5_key":"sapm.GenericTile{\"header\":\"Manage Price Determination Matrices\"}"}]}
RESULT: {"script":"<script> [1562 bytes]","args":[{"selector":{"controlType":"sap.m.GenericTile","properties":{"header":"Manage Price Determination Matrices"}},"wdio_ui5_key":"sapm.GenericTile{\"header\":\"Manage Price Determination Matrices\"}"}]}
RESULT: undefined
COMMAND: POST /session/e44526e052a1670125e85f4cf92ba029/element - {"using":"xpath","value":"//*[@id=\"__tile54\"]"}
RESULT: {"using":"xpath","value":"//*[@id=\"__tile54\"]"}
COMMAND: POST /session/e44526e052a1670125e85f4cf92ba029/element/f.A1DCFEC41B3517C11530D0F7A218328C.d.99A377B6CBC0A07D5C856A54ABC4358E.e.2895/click - {}
RESULT: {}
COMMAND: GET /session/e44526e052a1670125e85f4cf92ba029/screenshot - {}
RESULT: {}
COMMAND: POST /session/e44526e052a1670125e85f4cf92ba029/elements - {"using":"xpath","value":"//span[text()='Error']"}
RESULT: {"using":"xpath","value":"//span[text()='Error']"}
RESULT: undefined
COMMAND: POST /session/e44526e052a1670125e85f4cf92ba029/element - {"using":"xpath","value":"//*[@id=\"__tile54\"]"}
RESULT: {"using":"xpath","value":"//*[@id=\"__tile54\"]"}
COMMAND: POST /session/e44526e052a1670125e85f4cf92ba029/element/f.A1DCFEC41B3517C11530D0F7A218328C.d.99A377B6CBC0A07D5C856A54ABC4358E.e.2895/click - {}
RESULT: undefined
COMMAND: POST /session/e44526e052a1670125e85f4cf92ba029/element - {"using":"xpath","value":"//*[@id=\"__tile54\"]"}
RESULT: {"using":"xpath","value":"//*[@id=\"__tile54\"]"}
COMMAND: POST /session/e44526e052a1670125e85f4cf92ba029/element/f.A1DCFEC41B3517C11530D0F7A218328C.d.99A377B6CBC0A07D5C856A54ABC4358E.e.2895/click - {}
RESULT: undefined
COMMAND: POST /session/e44526e052a1670125e85f4cf92ba029/execute/async - {"script":"<script> [6424 bytes]","args":[{"element-6066-11e4-a52e-4f735466cecf":"f.A1DCFEC41B3517C11530D0F7A218328C.d.99A377B6CBC0A07D5C856A54ABC4358E.e.291"},"getTitle",[]]}
COMMAND: POST /session/e44526e052a1670125e85f4cf92ba029/execute/async - {"script":"<script> [1562 bytes]","args":[{"selector":{"id":"shellAppTitle"},"wdio_ui5_key":"shellAppTitle"}]}
RESULT: {"script":"<script> [1562 bytes]","args":[{"selector":{"id":"shellAppTitle"},"wdio_ui5_key":"shellAppTitle"}]}
COMMAND: POST /session/e44526e052a1670125e85f4cf92ba029/execute/async - {"script":"<script> [6424 bytes]","args":[{"element-6066-11e4-a52e-4f735466cecf":"f.A1DCFEC41B3517C11530D0F7A218328C.d.99A377B6CBC0A07D5C856A54ABC4358E.e.2978"},"getTitle",[]]}
RESULT: {"script":"<script> [6424 bytes]","args":[{"element-6066-11e4-a52e-4f735466cecf":"f.A1DCFEC41B3517C11530D0F7A218328C.d.99A377B6CBC0A07D5C856A54ABC4358E.e.2978"},"getTitle",[]]}
RESULT: undefined
COMMAND: POST /session/e44526e052a1670125e85f4cf92ba029/element/f.A1DCFEC41B3517C11530D0F7A218328C.d.99A377B6CBC0A07D5C856A54ABC4358E.e.2794/click - {}
COMMAND: POST /session/e44526e052a1670125e85f4cf92ba029/element - {"using":"xpath","value":"//*[@id=\"backBtn\"]"}
RESULT: {"using":"xpath","value":"//*[@id=\"backBtn\"]"}
COMMAND: POST /session/e44526e052a1670125e85f4cf92ba029/element/f.A1DCFEC41B3517C11530D0F7A218328C.d.99A377B6CBC0A07D5C856A54ABC4358E.e.2794/click - {}
COMMAND: POST /session/e44526e052a1670125e85f4cf92ba029/element - {"using":"xpath","value":"//*[@id=\"backBtn\"]"}
RESULT: {"using":"xpath","value":"//*[@id=\"backBtn\"]"}
COMMAND: POST /session/e44526e052a1670125e85f4cf92ba029/element/f.A1DCFEC41B3517C11530D0F7A218328C.d.99A377B6CBC0A07D5C856A54ABC4358E.e.2979/click - {}
RESULT: {}
COMMAND: GET /session/e44526e052a1670125e85f4cf92ba029/screenshot - {}
RESULT: {}
]]></system-out>
    </testcase>
    <testcase classname="chrome.137_0_7151_56.windows.Sanity_Tests_US104253" name="Should open Yard Overview page" time="35.749">
      <system-out><![CDATA[
COMMAND: POST /session/e44526e052a1670125e85f4cf92ba029/execute/async - {"script":"<script> [1562 bytes]","args":[{"selector":{"controlType":"sap.m.GenericTile","properties":{"header":"Yard Overview"}},"wdio_ui5_key":"sapm.GenericTile{\"header\":\"Yard Overview\"}"}]}
RESULT: {"script":"<script> [1562 bytes]","args":[{"selector":{"controlType":"sap.m.GenericTile","properties":{"header":"Yard Overview"}},"wdio_ui5_key":"sapm.GenericTile{\"header\":\"Yard Overview\"}"}]}
RESULT: undefined
COMMAND: POST /session/e44526e052a1670125e85f4cf92ba029/element - {"using":"xpath","value":"//*[@id=\"__tile102\"]"}
RESULT: {"using":"xpath","value":"//*[@id=\"__tile102\"]"}
COMMAND: POST /session/e44526e052a1670125e85f4cf92ba029/element/f.A1DCFEC41B3517C11530D0F7A218328C.d.99A377B6CBC0A07D5C856A54ABC4358E.e.2981/click - {}
RESULT: {}
COMMAND: GET /session/e44526e052a1670125e85f4cf92ba029/screenshot - {}
RESULT: {}
COMMAND: POST /session/e44526e052a1670125e85f4cf92ba029/elements - {"using":"xpath","value":"//span[text()='Error']"}
RESULT: {"using":"xpath","value":"//span[text()='Error']"}
RESULT: undefined
COMMAND: POST /session/e44526e052a1670125e85f4cf92ba029/element - {"using":"xpath","value":"//*[@id=\"__tile102\"]"}
RESULT: {"using":"xpath","value":"//*[@id=\"__tile102\"]"}
COMMAND: POST /session/e44526e052a1670125e85f4cf92ba029/element/f.A1DCFEC41B3517C11530D0F7A218328C.d.99A377B6CBC0A07D5C856A54ABC4358E.e.2981/click - {}
RESULT: undefined
COMMAND: POST /session/e44526e052a1670125e85f4cf92ba029/element - {"using":"xpath","value":"//*[@id=\"__tile102\"]"}
RESULT: {"using":"xpath","value":"//*[@id=\"__tile102\"]"}
COMMAND: POST /session/e44526e052a1670125e85f4cf92ba029/element/f.A1DCFEC41B3517C11530D0F7A218328C.d.99A377B6CBC0A07D5C856A54ABC4358E.e.2981/click - {}
RESULT: undefined
COMMAND: POST /session/e44526e052a1670125e85f4cf92ba029/execute/async - {"script":"<script> [6424 bytes]","args":[{"element-6066-11e4-a52e-4f735466cecf":"f.A1DCFEC41B3517C11530D0F7A218328C.d.99A377B6CBC0A07D5C856A54ABC4358E.e.291"},"getTitle",[]]}
COMMAND: POST /session/e44526e052a1670125e85f4cf92ba029/execute/async - {"script":"<script> [1562 bytes]","args":[{"selector":{"id":"shellAppTitle"},"wdio_ui5_key":"shellAppTitle"}]}
RESULT: {"script":"<script> [1562 bytes]","args":[{"selector":{"id":"shellAppTitle"},"wdio_ui5_key":"shellAppTitle"}]}
COMMAND: POST /session/e44526e052a1670125e85f4cf92ba029/execute/async - {"script":"<script> [6424 bytes]","args":[{"element-6066-11e4-a52e-4f735466cecf":"f.A1DCFEC41B3517C11530D0F7A218328C.d.99A377B6CBC0A07D5C856A54ABC4358E.e.3046"},"getTitle",[]]}
RESULT: {"script":"<script> [6424 bytes]","args":[{"element-6066-11e4-a52e-4f735466cecf":"f.A1DCFEC41B3517C11530D0F7A218328C.d.99A377B6CBC0A07D5C856A54ABC4358E.e.3046"},"getTitle",[]]}
RESULT: undefined
COMMAND: POST /session/e44526e052a1670125e85f4cf92ba029/element/f.A1DCFEC41B3517C11530D0F7A218328C.d.99A377B6CBC0A07D5C856A54ABC4358E.e.2979/click - {}
RESULT: {}
COMMAND: GET /session/e44526e052a1670125e85f4cf92ba029/screenshot - {}
RESULT: {}
]]></system-out>
    </testcase>
    <testcase classname="chrome.137_0_7151_56.windows.Sanity_Tests_US104253" name="Should open Site Overview page" time="35.746">
      <system-out><![CDATA[
COMMAND: POST /session/e44526e052a1670125e85f4cf92ba029/execute/async - {"script":"<script> [1562 bytes]","args":[{"selector":{"controlType":"sap.m.GenericTile","properties":{"header":"Site Overview"}},"wdio_ui5_key":"sapm.GenericTile{\"header\":\"Site Overview\"}"}]}
RESULT: {"script":"<script> [1562 bytes]","args":[{"selector":{"controlType":"sap.m.GenericTile","properties":{"header":"Site Overview"}},"wdio_ui5_key":"sapm.GenericTile{\"header\":\"Site Overview\"}"}]}
RESULT: undefined
COMMAND: POST /session/e44526e052a1670125e85f4cf92ba029/element - {"using":"xpath","value":"//*[@id=\"__tile100\"]"}
RESULT: {"using":"xpath","value":"//*[@id=\"__tile100\"]"}
COMMAND: POST /session/e44526e052a1670125e85f4cf92ba029/element/f.A1DCFEC41B3517C11530D0F7A218328C.d.99A377B6CBC0A07D5C856A54ABC4358E.e.3049/click - {}
RESULT: {}
COMMAND: GET /session/e44526e052a1670125e85f4cf92ba029/screenshot - {}
RESULT: {}
COMMAND: POST /session/e44526e052a1670125e85f4cf92ba029/elements - {"using":"xpath","value":"//span[text()='Error']"}
RESULT: {"using":"xpath","value":"//span[text()='Error']"}
RESULT: undefined
COMMAND: POST /session/e44526e052a1670125e85f4cf92ba029/element - {"using":"xpath","value":"//*[@id=\"__tile100\"]"}
RESULT: {"using":"xpath","value":"//*[@id=\"__tile100\"]"}
COMMAND: POST /session/e44526e052a1670125e85f4cf92ba029/element/f.A1DCFEC41B3517C11530D0F7A218328C.d.99A377B6CBC0A07D5C856A54ABC4358E.e.3049/click - {}
RESULT: undefined
COMMAND: POST /session/e44526e052a1670125e85f4cf92ba029/element - {"using":"xpath","value":"//*[@id=\"__tile100\"]"}
RESULT: {"using":"xpath","value":"//*[@id=\"__tile100\"]"}
COMMAND: POST /session/e44526e052a1670125e85f4cf92ba029/element/f.A1DCFEC41B3517C11530D0F7A218328C.d.99A377B6CBC0A07D5C856A54ABC4358E.e.3049/click - {}
RESULT: undefined
COMMAND: POST /session/e44526e052a1670125e85f4cf92ba029/execute/async - {"script":"<script> [6424 bytes]","args":[{"element-6066-11e4-a52e-4f735466cecf":"f.A1DCFEC41B3517C11530D0F7A218328C.d.99A377B6CBC0A07D5C856A54ABC4358E.e.291"},"getTitle",[]]}
COMMAND: POST /session/e44526e052a1670125e85f4cf92ba029/execute/async - {"script":"<script> [1562 bytes]","args":[{"selector":{"id":"shellAppTitle"},"wdio_ui5_key":"shellAppTitle"}]}
RESULT: {"script":"<script> [1562 bytes]","args":[{"selector":{"id":"shellAppTitle"},"wdio_ui5_key":"shellAppTitle"}]}
COMMAND: POST /session/e44526e052a1670125e85f4cf92ba029/execute/async - {"script":"<script> [6424 bytes]","args":[{"element-6066-11e4-a52e-4f735466cecf":"f.A1DCFEC41B3517C11530D0F7A218328C.d.99A377B6CBC0A07D5C856A54ABC4358E.e.3170"},"getTitle",[]]}
RESULT: {"script":"<script> [6424 bytes]","args":[{"element-6066-11e4-a52e-4f735466cecf":"f.A1DCFEC41B3517C11530D0F7A218328C.d.99A377B6CBC0A07D5C856A54ABC4358E.e.3170"},"getTitle",[]]}
RESULT: undefined
COMMAND: POST /session/e44526e052a1670125e85f4cf92ba029/element/f.A1DCFEC41B3517C11530D0F7A218328C.d.99A377B6CBC0A07D5C856A54ABC4358E.e.2979/click - {}
COMMAND: POST /session/e44526e052a1670125e85f4cf92ba029/element - {"using":"xpath","value":"//*[@id=\"backBtn\"]"}
RESULT: {"using":"xpath","value":"//*[@id=\"backBtn\"]"}
COMMAND: POST /session/e44526e052a1670125e85f4cf92ba029/element/f.A1DCFEC41B3517C11530D0F7A218328C.d.99A377B6CBC0A07D5C856A54ABC4358E.e.2979/click - {}
COMMAND: POST /session/e44526e052a1670125e85f4cf92ba029/element - {"using":"xpath","value":"//*[@id=\"backBtn\"]"}
RESULT: {"using":"xpath","value":"//*[@id=\"backBtn\"]"}
COMMAND: POST /session/e44526e052a1670125e85f4cf92ba029/element/f.A1DCFEC41B3517C11530D0F7A218328C.d.99A377B6CBC0A07D5C856A54ABC4358E.e.3171/click - {}
RESULT: {}
COMMAND: GET /session/e44526e052a1670125e85f4cf92ba029/screenshot - {}
RESULT: {}
]]></system-out>
    </testcase>
    <testcase classname="chrome.137_0_7151_56.windows.Sanity_Tests_US104253" name="Should open Trace Track Resources page" time="36.214">
      <system-out><![CDATA[
COMMAND: POST /session/e44526e052a1670125e85f4cf92ba029/execute/async - {"script":"<script> [1562 bytes]","args":[{"selector":{"controlType":"sap.m.GenericTile","properties":{"header":"Trace & Track Resources"}},"wdio_ui5_key":"sapm.GenericTile{\"header\":\"Trace & Track Resources\"}"}]}
RESULT: {"script":"<script> [1562 bytes]","args":[{"selector":{"controlType":"sap.m.GenericTile","properties":{"header":"Trace & Track Resources"}},"wdio_ui5_key":"sapm.GenericTile{\"header\":\"Trace & Track Resources\"}"}]}
RESULT: undefined
COMMAND: POST /session/e44526e052a1670125e85f4cf92ba029/element - {"using":"xpath","value":"//*[@id=\"__tile101\"]"}
RESULT: {"using":"xpath","value":"//*[@id=\"__tile101\"]"}
COMMAND: POST /session/e44526e052a1670125e85f4cf92ba029/element/f.A1DCFEC41B3517C11530D0F7A218328C.d.99A377B6CBC0A07D5C856A54ABC4358E.e.3173/click - {}
RESULT: {}
COMMAND: GET /session/e44526e052a1670125e85f4cf92ba029/screenshot - {}
RESULT: {}
COMMAND: POST /session/e44526e052a1670125e85f4cf92ba029/elements - {"using":"xpath","value":"//span[text()='Error']"}
RESULT: {"using":"xpath","value":"//span[text()='Error']"}
RESULT: undefined
COMMAND: POST /session/e44526e052a1670125e85f4cf92ba029/element - {"using":"xpath","value":"//*[@id=\"__tile101\"]"}
RESULT: {"using":"xpath","value":"//*[@id=\"__tile101\"]"}
COMMAND: POST /session/e44526e052a1670125e85f4cf92ba029/element/f.A1DCFEC41B3517C11530D0F7A218328C.d.99A377B6CBC0A07D5C856A54ABC4358E.e.3173/click - {}
RESULT: undefined
COMMAND: POST /session/e44526e052a1670125e85f4cf92ba029/element - {"using":"xpath","value":"//*[@id=\"__tile101\"]"}
RESULT: {"using":"xpath","value":"//*[@id=\"__tile101\"]"}
COMMAND: POST /session/e44526e052a1670125e85f4cf92ba029/element/f.A1DCFEC41B3517C11530D0F7A218328C.d.99A377B6CBC0A07D5C856A54ABC4358E.e.3173/click - {}
RESULT: undefined
COMMAND: POST /session/e44526e052a1670125e85f4cf92ba029/execute/async - {"script":"<script> [6424 bytes]","args":[{"element-6066-11e4-a52e-4f735466cecf":"f.A1DCFEC41B3517C11530D0F7A218328C.d.99A377B6CBC0A07D5C856A54ABC4358E.e.291"},"getTitle",[]]}
COMMAND: POST /session/e44526e052a1670125e85f4cf92ba029/execute/async - {"script":"<script> [1562 bytes]","args":[{"selector":{"id":"shellAppTitle"},"wdio_ui5_key":"shellAppTitle"}]}
RESULT: {"script":"<script> [1562 bytes]","args":[{"selector":{"id":"shellAppTitle"},"wdio_ui5_key":"shellAppTitle"}]}
COMMAND: POST /session/e44526e052a1670125e85f4cf92ba029/execute/async - {"script":"<script> [6424 bytes]","args":[{"element-6066-11e4-a52e-4f735466cecf":"f.A1DCFEC41B3517C11530D0F7A218328C.d.99A377B6CBC0A07D5C856A54ABC4358E.e.3209"},"getTitle",[]]}
RESULT: {"script":"<script> [6424 bytes]","args":[{"element-6066-11e4-a52e-4f735466cecf":"f.A1DCFEC41B3517C11530D0F7A218328C.d.99A377B6CBC0A07D5C856A54ABC4358E.e.3209"},"getTitle",[]]}
RESULT: undefined
COMMAND: POST /session/e44526e052a1670125e85f4cf92ba029/element/f.A1DCFEC41B3517C11530D0F7A218328C.d.99A377B6CBC0A07D5C856A54ABC4358E.e.3171/click - {}
RESULT: {}
COMMAND: GET /session/e44526e052a1670125e85f4cf92ba029/screenshot - {}
RESULT: {}
]]></system-out>
    </testcase>
    <testcase classname="chrome.137_0_7151_56.windows.Sanity_Tests_US104253" name="Should open RU Inventory List page" time="35.784">
      <system-out><![CDATA[
COMMAND: POST /session/e44526e052a1670125e85f4cf92ba029/execute/async - {"script":"<script> [1562 bytes]","args":[{"selector":{"controlType":"sap.m.GenericTile","properties":{"header":"RU Inventory List"}},"wdio_ui5_key":"sapm.GenericTile{\"header\":\"RU Inventory List\"}"}]}
RESULT: {"script":"<script> [1562 bytes]","args":[{"selector":{"controlType":"sap.m.GenericTile","properties":{"header":"RU Inventory List"}},"wdio_ui5_key":"sapm.GenericTile{\"header\":\"RU Inventory List\"}"}]}
RESULT: undefined
COMMAND: POST /session/e44526e052a1670125e85f4cf92ba029/element - {"using":"xpath","value":"//*[@id=\"__tile99\"]"}
RESULT: {"using":"xpath","value":"//*[@id=\"__tile99\"]"}
COMMAND: POST /session/e44526e052a1670125e85f4cf92ba029/element/f.A1DCFEC41B3517C11530D0F7A218328C.d.99A377B6CBC0A07D5C856A54ABC4358E.e.3211/click - {}
RESULT: {}
COMMAND: GET /session/e44526e052a1670125e85f4cf92ba029/screenshot - {}
RESULT: {}
COMMAND: POST /session/e44526e052a1670125e85f4cf92ba029/elements - {"using":"xpath","value":"//span[text()='Error']"}
RESULT: {"using":"xpath","value":"//span[text()='Error']"}
RESULT: undefined
COMMAND: POST /session/e44526e052a1670125e85f4cf92ba029/element - {"using":"xpath","value":"//*[@id=\"__tile99\"]"}
RESULT: {"using":"xpath","value":"//*[@id=\"__tile99\"]"}
COMMAND: POST /session/e44526e052a1670125e85f4cf92ba029/element/f.A1DCFEC41B3517C11530D0F7A218328C.d.99A377B6CBC0A07D5C856A54ABC4358E.e.3211/click - {}
RESULT: undefined
COMMAND: POST /session/e44526e052a1670125e85f4cf92ba029/element - {"using":"xpath","value":"//*[@id=\"__tile99\"]"}
RESULT: {"using":"xpath","value":"//*[@id=\"__tile99\"]"}
COMMAND: POST /session/e44526e052a1670125e85f4cf92ba029/element/f.A1DCFEC41B3517C11530D0F7A218328C.d.99A377B6CBC0A07D5C856A54ABC4358E.e.3211/click - {}
RESULT: undefined
COMMAND: POST /session/e44526e052a1670125e85f4cf92ba029/execute/async - {"script":"<script> [6424 bytes]","args":[{"element-6066-11e4-a52e-4f735466cecf":"f.A1DCFEC41B3517C11530D0F7A218328C.d.99A377B6CBC0A07D5C856A54ABC4358E.e.291"},"getTitle",[]]}
COMMAND: POST /session/e44526e052a1670125e85f4cf92ba029/execute/async - {"script":"<script> [1562 bytes]","args":[{"selector":{"id":"shellAppTitle"},"wdio_ui5_key":"shellAppTitle"}]}
RESULT: {"script":"<script> [1562 bytes]","args":[{"selector":{"id":"shellAppTitle"},"wdio_ui5_key":"shellAppTitle"}]}
COMMAND: POST /session/e44526e052a1670125e85f4cf92ba029/execute/async - {"script":"<script> [6424 bytes]","args":[{"element-6066-11e4-a52e-4f735466cecf":"f.A1DCFEC41B3517C11530D0F7A218328C.d.99A377B6CBC0A07D5C856A54ABC4358E.e.3411"},"getTitle",[]]}
RESULT: {"script":"<script> [6424 bytes]","args":[{"element-6066-11e4-a52e-4f735466cecf":"f.A1DCFEC41B3517C11530D0F7A218328C.d.99A377B6CBC0A07D5C856A54ABC4358E.e.3411"},"getTitle",[]]}
RESULT: undefined
COMMAND: POST /session/e44526e052a1670125e85f4cf92ba029/element/f.A1DCFEC41B3517C11530D0F7A218328C.d.99A377B6CBC0A07D5C856A54ABC4358E.e.3171/click - {}
COMMAND: POST /session/e44526e052a1670125e85f4cf92ba029/element - {"using":"xpath","value":"//*[@id=\"backBtn\"]"}
RESULT: {"using":"xpath","value":"//*[@id=\"backBtn\"]"}
COMMAND: POST /session/e44526e052a1670125e85f4cf92ba029/element/f.A1DCFEC41B3517C11530D0F7A218328C.d.99A377B6CBC0A07D5C856A54ABC4358E.e.3171/click - {}
COMMAND: POST /session/e44526e052a1670125e85f4cf92ba029/element - {"using":"xpath","value":"//*[@id=\"backBtn\"]"}
RESULT: {"using":"xpath","value":"//*[@id=\"backBtn\"]"}
COMMAND: POST /session/e44526e052a1670125e85f4cf92ba029/element/f.A1DCFEC41B3517C11530D0F7A218328C.d.99A377B6CBC0A07D5C856A54ABC4358E.e.3412/click - {}
RESULT: {}
COMMAND: GET /session/e44526e052a1670125e85f4cf92ba029/screenshot - {}
RESULT: {}
]]></system-out>
    </testcase>
    <testcase classname="chrome.137_0_7151_56.windows.Sanity_Tests_US104253" name="Should open Contracts Dashboard page" time="36.316">
      <system-out><![CDATA[
COMMAND: POST /session/e44526e052a1670125e85f4cf92ba029/execute/async - {"script":"<script> [1562 bytes]","args":[{"selector":{"controlType":"sap.m.GenericTile","properties":{"header":"Contracts Dashboard"}},"wdio_ui5_key":"sapm.GenericTile{\"header\":\"Contracts Dashboard\"}"}]}
RESULT: {"script":"<script> [1562 bytes]","args":[{"selector":{"controlType":"sap.m.GenericTile","properties":{"header":"Contracts Dashboard"}},"wdio_ui5_key":"sapm.GenericTile{\"header\":\"Contracts Dashboard\"}"}]}
RESULT: undefined
COMMAND: POST /session/e44526e052a1670125e85f4cf92ba029/element - {"using":"xpath","value":"//*[@id=\"__tile97\"]"}
RESULT: {"using":"xpath","value":"//*[@id=\"__tile97\"]"}
COMMAND: POST /session/e44526e052a1670125e85f4cf92ba029/element/f.A1DCFEC41B3517C11530D0F7A218328C.d.99A377B6CBC0A07D5C856A54ABC4358E.e.3414/click - {}
RESULT: {}
COMMAND: GET /session/e44526e052a1670125e85f4cf92ba029/screenshot - {}
RESULT: {}
COMMAND: POST /session/e44526e052a1670125e85f4cf92ba029/elements - {"using":"xpath","value":"//span[text()='Error']"}
RESULT: {"using":"xpath","value":"//span[text()='Error']"}
RESULT: undefined
COMMAND: POST /session/e44526e052a1670125e85f4cf92ba029/element - {"using":"xpath","value":"//*[@id=\"__tile97\"]"}
RESULT: {"using":"xpath","value":"//*[@id=\"__tile97\"]"}
COMMAND: POST /session/e44526e052a1670125e85f4cf92ba029/element/f.A1DCFEC41B3517C11530D0F7A218328C.d.99A377B6CBC0A07D5C856A54ABC4358E.e.3414/click - {}
RESULT: undefined
COMMAND: POST /session/e44526e052a1670125e85f4cf92ba029/element - {"using":"xpath","value":"//*[@id=\"__tile97\"]"}
RESULT: {"using":"xpath","value":"//*[@id=\"__tile97\"]"}
COMMAND: POST /session/e44526e052a1670125e85f4cf92ba029/element/f.A1DCFEC41B3517C11530D0F7A218328C.d.99A377B6CBC0A07D5C856A54ABC4358E.e.3414/click - {}
RESULT: undefined
COMMAND: POST /session/e44526e052a1670125e85f4cf92ba029/execute/async - {"script":"<script> [6424 bytes]","args":[{"element-6066-11e4-a52e-4f735466cecf":"f.A1DCFEC41B3517C11530D0F7A218328C.d.99A377B6CBC0A07D5C856A54ABC4358E.e.291"},"getTitle",[]]}
COMMAND: POST /session/e44526e052a1670125e85f4cf92ba029/execute/async - {"script":"<script> [1562 bytes]","args":[{"selector":{"id":"shellAppTitle"},"wdio_ui5_key":"shellAppTitle"}]}
RESULT: {"script":"<script> [1562 bytes]","args":[{"selector":{"id":"shellAppTitle"},"wdio_ui5_key":"shellAppTitle"}]}
COMMAND: POST /session/e44526e052a1670125e85f4cf92ba029/execute/async - {"script":"<script> [6424 bytes]","args":[{"element-6066-11e4-a52e-4f735466cecf":"f.A1DCFEC41B3517C11530D0F7A218328C.d.99A377B6CBC0A07D5C856A54ABC4358E.e.3439"},"getTitle",[]]}
RESULT: {"script":"<script> [6424 bytes]","args":[{"element-6066-11e4-a52e-4f735466cecf":"f.A1DCFEC41B3517C11530D0F7A218328C.d.99A377B6CBC0A07D5C856A54ABC4358E.e.3439"},"getTitle",[]]}
RESULT: undefined
COMMAND: POST /session/e44526e052a1670125e85f4cf92ba029/element/f.A1DCFEC41B3517C11530D0F7A218328C.d.99A377B6CBC0A07D5C856A54ABC4358E.e.3412/click - {}
RESULT: {}
COMMAND: GET /session/e44526e052a1670125e85f4cf92ba029/screenshot - {}
RESULT: {}
]]></system-out>
    </testcase>
    <testcase classname="chrome.137_0_7151_56.windows.Sanity_Tests_US104253" name="Should open Bin Status Report page" time="36.04">
      <system-out><![CDATA[
COMMAND: POST /session/e44526e052a1670125e85f4cf92ba029/execute/async - {"script":"<script> [1562 bytes]","args":[{"selector":{"controlType":"sap.m.GenericTile","properties":{"header":"Bin Status Report"}},"wdio_ui5_key":"sapm.GenericTile{\"header\":\"Bin Status Report\"}"}]}
RESULT: {"script":"<script> [1562 bytes]","args":[{"selector":{"controlType":"sap.m.GenericTile","properties":{"header":"Bin Status Report"}},"wdio_ui5_key":"sapm.GenericTile{\"header\":\"Bin Status Report\"}"}]}
RESULT: undefined
COMMAND: POST /session/e44526e052a1670125e85f4cf92ba029/element - {"using":"xpath","value":"//*[@id=\"__tile104\"]"}
RESULT: {"using":"xpath","value":"//*[@id=\"__tile104\"]"}
COMMAND: POST /session/e44526e052a1670125e85f4cf92ba029/element/f.A1DCFEC41B3517C11530D0F7A218328C.d.99A377B6CBC0A07D5C856A54ABC4358E.e.3441/click - {}
RESULT: {}
COMMAND: GET /session/e44526e052a1670125e85f4cf92ba029/screenshot - {}
RESULT: {}
COMMAND: POST /session/e44526e052a1670125e85f4cf92ba029/elements - {"using":"xpath","value":"//span[text()='Error']"}
RESULT: {"using":"xpath","value":"//span[text()='Error']"}
RESULT: undefined
COMMAND: POST /session/e44526e052a1670125e85f4cf92ba029/element - {"using":"xpath","value":"//*[@id=\"__tile104\"]"}
RESULT: {"using":"xpath","value":"//*[@id=\"__tile104\"]"}
COMMAND: POST /session/e44526e052a1670125e85f4cf92ba029/element/f.A1DCFEC41B3517C11530D0F7A218328C.d.99A377B6CBC0A07D5C856A54ABC4358E.e.3441/click - {}
RESULT: undefined
COMMAND: POST /session/e44526e052a1670125e85f4cf92ba029/element - {"using":"xpath","value":"//*[@id=\"__tile104\"]"}
RESULT: {"using":"xpath","value":"//*[@id=\"__tile104\"]"}
COMMAND: POST /session/e44526e052a1670125e85f4cf92ba029/element/f.A1DCFEC41B3517C11530D0F7A218328C.d.99A377B6CBC0A07D5C856A54ABC4358E.e.3441/click - {}
RESULT: undefined
COMMAND: POST /session/e44526e052a1670125e85f4cf92ba029/execute/async - {"script":"<script> [6424 bytes]","args":[{"element-6066-11e4-a52e-4f735466cecf":"f.A1DCFEC41B3517C11530D0F7A218328C.d.99A377B6CBC0A07D5C856A54ABC4358E.e.291"},"getTitle",[]]}
COMMAND: POST /session/e44526e052a1670125e85f4cf92ba029/execute/async - {"script":"<script> [1562 bytes]","args":[{"selector":{"id":"shellAppTitle"},"wdio_ui5_key":"shellAppTitle"}]}
RESULT: {"script":"<script> [1562 bytes]","args":[{"selector":{"id":"shellAppTitle"},"wdio_ui5_key":"shellAppTitle"}]}
COMMAND: POST /session/e44526e052a1670125e85f4cf92ba029/execute/async - {"script":"<script> [6424 bytes]","args":[{"element-6066-11e4-a52e-4f735466cecf":"f.A1DCFEC41B3517C11530D0F7A218328C.d.99A377B6CBC0A07D5C856A54ABC4358E.e.3510"},"getTitle",[]]}
RESULT: {"script":"<script> [6424 bytes]","args":[{"element-6066-11e4-a52e-4f735466cecf":"f.A1DCFEC41B3517C11530D0F7A218328C.d.99A377B6CBC0A07D5C856A54ABC4358E.e.3510"},"getTitle",[]]}
RESULT: undefined
COMMAND: POST /session/e44526e052a1670125e85f4cf92ba029/element/f.A1DCFEC41B3517C11530D0F7A218328C.d.99A377B6CBC0A07D5C856A54ABC4358E.e.3412/click - {}
COMMAND: POST /session/e44526e052a1670125e85f4cf92ba029/element - {"using":"xpath","value":"//*[@id=\"backBtn\"]"}
RESULT: {"using":"xpath","value":"//*[@id=\"backBtn\"]"}
COMMAND: POST /session/e44526e052a1670125e85f4cf92ba029/element/f.A1DCFEC41B3517C11530D0F7A218328C.d.99A377B6CBC0A07D5C856A54ABC4358E.e.3412/click - {}
COMMAND: POST /session/e44526e052a1670125e85f4cf92ba029/element - {"using":"xpath","value":"//*[@id=\"backBtn\"]"}
RESULT: {"using":"xpath","value":"//*[@id=\"backBtn\"]"}
COMMAND: POST /session/e44526e052a1670125e85f4cf92ba029/element/f.A1DCFEC41B3517C11530D0F7A218328C.d.99A377B6CBC0A07D5C856A54ABC4358E.e.3511/click - {}
RESULT: {}
COMMAND: GET /session/e44526e052a1670125e85f4cf92ba029/screenshot - {}
RESULT: {}
]]></system-out>
    </testcase>
    <testcase classname="chrome.137_0_7151_56.windows.Sanity_Tests_US104253" name="Should open Manage Warehouse Movements page" time="35.951">
      <system-out><![CDATA[
COMMAND: POST /session/e44526e052a1670125e85f4cf92ba029/execute/async - {"script":"<script> [1562 bytes]","args":[{"selector":{"controlType":"sap.m.GenericTile","properties":{"header":"Manage Warehouse Movements"}},"wdio_ui5_key":"sapm.GenericTile{\"header\":\"Manage Warehouse Movements\"}"}]}
RESULT: {"script":"<script> [1562 bytes]","args":[{"selector":{"controlType":"sap.m.GenericTile","properties":{"header":"Manage Warehouse Movements"}},"wdio_ui5_key":"sapm.GenericTile{\"header\":\"Manage Warehouse Movements\"}"}]}
RESULT: undefined
COMMAND: POST /session/e44526e052a1670125e85f4cf92ba029/element - {"using":"xpath","value":"//*[@id=\"__tile105\"]"}
RESULT: {"using":"xpath","value":"//*[@id=\"__tile105\"]"}
COMMAND: POST /session/e44526e052a1670125e85f4cf92ba029/element/f.A1DCFEC41B3517C11530D0F7A218328C.d.99A377B6CBC0A07D5C856A54ABC4358E.e.3515/click - {}
RESULT: {}
COMMAND: GET /session/e44526e052a1670125e85f4cf92ba029/screenshot - {}
RESULT: {}
COMMAND: POST /session/e44526e052a1670125e85f4cf92ba029/elements - {"using":"xpath","value":"//span[text()='Error']"}
RESULT: {"using":"xpath","value":"//span[text()='Error']"}
RESULT: undefined
COMMAND: POST /session/e44526e052a1670125e85f4cf92ba029/element - {"using":"xpath","value":"//*[@id=\"__tile105\"]"}
RESULT: {"using":"xpath","value":"//*[@id=\"__tile105\"]"}
COMMAND: POST /session/e44526e052a1670125e85f4cf92ba029/element/f.A1DCFEC41B3517C11530D0F7A218328C.d.99A377B6CBC0A07D5C856A54ABC4358E.e.3515/click - {}
RESULT: undefined
COMMAND: POST /session/e44526e052a1670125e85f4cf92ba029/element - {"using":"xpath","value":"//*[@id=\"__tile105\"]"}
RESULT: {"using":"xpath","value":"//*[@id=\"__tile105\"]"}
COMMAND: POST /session/e44526e052a1670125e85f4cf92ba029/element/f.A1DCFEC41B3517C11530D0F7A218328C.d.99A377B6CBC0A07D5C856A54ABC4358E.e.3515/click - {}
RESULT: undefined
COMMAND: POST /session/e44526e052a1670125e85f4cf92ba029/execute/async - {"script":"<script> [6424 bytes]","args":[{"element-6066-11e4-a52e-4f735466cecf":"f.A1DCFEC41B3517C11530D0F7A218328C.d.99A377B6CBC0A07D5C856A54ABC4358E.e.291"},"getTitle",[]]}
COMMAND: POST /session/e44526e052a1670125e85f4cf92ba029/execute/async - {"script":"<script> [1562 bytes]","args":[{"selector":{"id":"shellAppTitle"},"wdio_ui5_key":"shellAppTitle"}]}
RESULT: {"script":"<script> [1562 bytes]","args":[{"selector":{"id":"shellAppTitle"},"wdio_ui5_key":"shellAppTitle"}]}
COMMAND: POST /session/e44526e052a1670125e85f4cf92ba029/execute/async - {"script":"<script> [6424 bytes]","args":[{"element-6066-11e4-a52e-4f735466cecf":"f.A1DCFEC41B3517C11530D0F7A218328C.d.99A377B6CBC0A07D5C856A54ABC4358E.e.3609"},"getTitle",[]]}
RESULT: {"script":"<script> [6424 bytes]","args":[{"element-6066-11e4-a52e-4f735466cecf":"f.A1DCFEC41B3517C11530D0F7A218328C.d.99A377B6CBC0A07D5C856A54ABC4358E.e.3609"},"getTitle",[]]}
RESULT: undefined
COMMAND: POST /session/e44526e052a1670125e85f4cf92ba029/element/f.A1DCFEC41B3517C11530D0F7A218328C.d.99A377B6CBC0A07D5C856A54ABC4358E.e.3511/click - {}
RESULT: {}
COMMAND: GET /session/e44526e052a1670125e85f4cf92ba029/screenshot - {}
RESULT: {}
]]></system-out>
    </testcase>
    <testcase classname="chrome.137_0_7151_56.windows.Sanity_Tests_US104253" name="Should open Bin Inventory List page" time="36.28">
      <system-out><![CDATA[
COMMAND: POST /session/e44526e052a1670125e85f4cf92ba029/execute/async - {"script":"<script> [1562 bytes]","args":[{"selector":{"controlType":"sap.m.GenericTile","properties":{"header":"Bin Inventory List"}},"wdio_ui5_key":"sapm.GenericTile{\"header\":\"Bin Inventory List\"}"}]}
RESULT: {"script":"<script> [1562 bytes]","args":[{"selector":{"controlType":"sap.m.GenericTile","properties":{"header":"Bin Inventory List"}},"wdio_ui5_key":"sapm.GenericTile{\"header\":\"Bin Inventory List\"}"}]}
RESULT: undefined
COMMAND: POST /session/e44526e052a1670125e85f4cf92ba029/element - {"using":"xpath","value":"//*[@id=\"__tile103\"]"}
RESULT: {"using":"xpath","value":"//*[@id=\"__tile103\"]"}
COMMAND: POST /session/e44526e052a1670125e85f4cf92ba029/element/f.A1DCFEC41B3517C11530D0F7A218328C.d.99A377B6CBC0A07D5C856A54ABC4358E.e.3611/click - {}
RESULT: {}
COMMAND: GET /session/e44526e052a1670125e85f4cf92ba029/screenshot - {}
RESULT: {}
COMMAND: POST /session/e44526e052a1670125e85f4cf92ba029/elements - {"using":"xpath","value":"//span[text()='Error']"}
RESULT: {"using":"xpath","value":"//span[text()='Error']"}
RESULT: undefined
COMMAND: POST /session/e44526e052a1670125e85f4cf92ba029/element - {"using":"xpath","value":"//*[@id=\"__tile103\"]"}
RESULT: {"using":"xpath","value":"//*[@id=\"__tile103\"]"}
COMMAND: POST /session/e44526e052a1670125e85f4cf92ba029/element/f.A1DCFEC41B3517C11530D0F7A218328C.d.99A377B6CBC0A07D5C856A54ABC4358E.e.3611/click - {}
RESULT: undefined
COMMAND: POST /session/e44526e052a1670125e85f4cf92ba029/element - {"using":"xpath","value":"//*[@id=\"__tile103\"]"}
RESULT: {"using":"xpath","value":"//*[@id=\"__tile103\"]"}
COMMAND: POST /session/e44526e052a1670125e85f4cf92ba029/element/f.A1DCFEC41B3517C11530D0F7A218328C.d.99A377B6CBC0A07D5C856A54ABC4358E.e.3611/click - {}
RESULT: undefined
COMMAND: POST /session/e44526e052a1670125e85f4cf92ba029/execute/async - {"script":"<script> [6424 bytes]","args":[{"element-6066-11e4-a52e-4f735466cecf":"f.A1DCFEC41B3517C11530D0F7A218328C.d.99A377B6CBC0A07D5C856A54ABC4358E.e.291"},"getTitle",[]]}
COMMAND: POST /session/e44526e052a1670125e85f4cf92ba029/execute/async - {"script":"<script> [1562 bytes]","args":[{"selector":{"id":"shellAppTitle"},"wdio_ui5_key":"shellAppTitle"}]}
RESULT: {"script":"<script> [1562 bytes]","args":[{"selector":{"id":"shellAppTitle"},"wdio_ui5_key":"shellAppTitle"}]}
COMMAND: POST /session/e44526e052a1670125e85f4cf92ba029/execute/async - {"script":"<script> [6424 bytes]","args":[{"element-6066-11e4-a52e-4f735466cecf":"f.A1DCFEC41B3517C11530D0F7A218328C.d.99A377B6CBC0A07D5C856A54ABC4358E.e.3712"},"getTitle",[]]}
RESULT: {"script":"<script> [6424 bytes]","args":[{"element-6066-11e4-a52e-4f735466cecf":"f.A1DCFEC41B3517C11530D0F7A218328C.d.99A377B6CBC0A07D5C856A54ABC4358E.e.3712"},"getTitle",[]]}
RESULT: undefined
COMMAND: POST /session/e44526e052a1670125e85f4cf92ba029/element/f.A1DCFEC41B3517C11530D0F7A218328C.d.99A377B6CBC0A07D5C856A54ABC4358E.e.3511/click - {}
COMMAND: POST /session/e44526e052a1670125e85f4cf92ba029/element - {"using":"xpath","value":"//*[@id=\"backBtn\"]"}
RESULT: {"using":"xpath","value":"//*[@id=\"backBtn\"]"}
COMMAND: POST /session/e44526e052a1670125e85f4cf92ba029/element/f.A1DCFEC41B3517C11530D0F7A218328C.d.99A377B6CBC0A07D5C856A54ABC4358E.e.3511/click - {}
COMMAND: POST /session/e44526e052a1670125e85f4cf92ba029/element - {"using":"xpath","value":"//*[@id=\"backBtn\"]"}
RESULT: {"using":"xpath","value":"//*[@id=\"backBtn\"]"}
COMMAND: POST /session/e44526e052a1670125e85f4cf92ba029/element/f.A1DCFEC41B3517C11530D0F7A218328C.d.99A377B6CBC0A07D5C856A54ABC4358E.e.3713/click - {}
RESULT: {}
COMMAND: GET /session/e44526e052a1670125e85f4cf92ba029/screenshot - {}
RESULT: {}
]]></system-out>
    </testcase>
    <testcase classname="chrome.137_0_7151_56.windows.Sanity_Tests_US104253" name="Should open ISC Templates page" time="36.281">
      <system-out><![CDATA[
COMMAND: POST /session/e44526e052a1670125e85f4cf92ba029/execute/async - {"script":"<script> [1562 bytes]","args":[{"selector":{"controlType":"sap.m.GenericTile","properties":{"header":"ISC Templates"}},"wdio_ui5_key":"sapm.GenericTile{\"header\":\"ISC Templates\"}"}]}
RESULT: {"script":"<script> [1562 bytes]","args":[{"selector":{"controlType":"sap.m.GenericTile","properties":{"header":"ISC Templates"}},"wdio_ui5_key":"sapm.GenericTile{\"header\":\"ISC Templates\"}"}]}
RESULT: undefined
COMMAND: POST /session/e44526e052a1670125e85f4cf92ba029/element - {"using":"xpath","value":"//*[@id=\"__tile111\"]"}
RESULT: {"using":"xpath","value":"//*[@id=\"__tile111\"]"}
COMMAND: POST /session/e44526e052a1670125e85f4cf92ba029/element/f.A1DCFEC41B3517C11530D0F7A218328C.d.99A377B6CBC0A07D5C856A54ABC4358E.e.3715/click - {}
RESULT: {}
COMMAND: GET /session/e44526e052a1670125e85f4cf92ba029/screenshot - {}
RESULT: {}
COMMAND: POST /session/e44526e052a1670125e85f4cf92ba029/elements - {"using":"xpath","value":"//span[text()='Error']"}
RESULT: {"using":"xpath","value":"//span[text()='Error']"}
RESULT: undefined
COMMAND: POST /session/e44526e052a1670125e85f4cf92ba029/element - {"using":"xpath","value":"//*[@id=\"__tile111\"]"}
RESULT: {"using":"xpath","value":"//*[@id=\"__tile111\"]"}
COMMAND: POST /session/e44526e052a1670125e85f4cf92ba029/element/f.A1DCFEC41B3517C11530D0F7A218328C.d.99A377B6CBC0A07D5C856A54ABC4358E.e.3715/click - {}
RESULT: undefined
COMMAND: POST /session/e44526e052a1670125e85f4cf92ba029/element - {"using":"xpath","value":"//*[@id=\"__tile111\"]"}
RESULT: {"using":"xpath","value":"//*[@id=\"__tile111\"]"}
COMMAND: POST /session/e44526e052a1670125e85f4cf92ba029/element/f.A1DCFEC41B3517C11530D0F7A218328C.d.99A377B6CBC0A07D5C856A54ABC4358E.e.3715/click - {}
RESULT: undefined
COMMAND: POST /session/e44526e052a1670125e85f4cf92ba029/execute/async - {"script":"<script> [6424 bytes]","args":[{"element-6066-11e4-a52e-4f735466cecf":"f.A1DCFEC41B3517C11530D0F7A218328C.d.99A377B6CBC0A07D5C856A54ABC4358E.e.291"},"getTitle",[]]}
COMMAND: POST /session/e44526e052a1670125e85f4cf92ba029/execute/async - {"script":"<script> [1562 bytes]","args":[{"selector":{"id":"shellAppTitle"},"wdio_ui5_key":"shellAppTitle"}]}
RESULT: {"script":"<script> [1562 bytes]","args":[{"selector":{"id":"shellAppTitle"},"wdio_ui5_key":"shellAppTitle"}]}
COMMAND: POST /session/e44526e052a1670125e85f4cf92ba029/execute/async - {"script":"<script> [6424 bytes]","args":[{"element-6066-11e4-a52e-4f735466cecf":"f.A1DCFEC41B3517C11530D0F7A218328C.d.99A377B6CBC0A07D5C856A54ABC4358E.e.3801"},"getTitle",[]]}
RESULT: {"script":"<script> [6424 bytes]","args":[{"element-6066-11e4-a52e-4f735466cecf":"f.A1DCFEC41B3517C11530D0F7A218328C.d.99A377B6CBC0A07D5C856A54ABC4358E.e.3801"},"getTitle",[]]}
RESULT: undefined
COMMAND: POST /session/e44526e052a1670125e85f4cf92ba029/element/f.A1DCFEC41B3517C11530D0F7A218328C.d.99A377B6CBC0A07D5C856A54ABC4358E.e.3713/click - {}
RESULT: {}
COMMAND: GET /session/e44526e052a1670125e85f4cf92ba029/screenshot - {}
RESULT: {}
]]></system-out>
    </testcase>
    <testcase classname="chrome.137_0_7151_56.windows.Sanity_Tests_US104253" name="Should open ISC Schedules page" time="35.889">
      <system-out><![CDATA[
COMMAND: POST /session/e44526e052a1670125e85f4cf92ba029/execute/async - {"script":"<script> [1562 bytes]","args":[{"selector":{"controlType":"sap.m.GenericTile","properties":{"header":"ISC Schedules"}},"wdio_ui5_key":"sapm.GenericTile{\"header\":\"ISC Schedules\"}"}]}
RESULT: {"script":"<script> [1562 bytes]","args":[{"selector":{"controlType":"sap.m.GenericTile","properties":{"header":"ISC Schedules"}},"wdio_ui5_key":"sapm.GenericTile{\"header\":\"ISC Schedules\"}"}]}
RESULT: undefined
COMMAND: POST /session/e44526e052a1670125e85f4cf92ba029/element - {"using":"xpath","value":"//*[@id=\"__tile109\"]"}
RESULT: {"using":"xpath","value":"//*[@id=\"__tile109\"]"}
COMMAND: POST /session/e44526e052a1670125e85f4cf92ba029/element/f.A1DCFEC41B3517C11530D0F7A218328C.d.99A377B6CBC0A07D5C856A54ABC4358E.e.3804/click - {}
RESULT: {}
COMMAND: GET /session/e44526e052a1670125e85f4cf92ba029/screenshot - {}
RESULT: {}
COMMAND: POST /session/e44526e052a1670125e85f4cf92ba029/elements - {"using":"xpath","value":"//span[text()='Error']"}
RESULT: {"using":"xpath","value":"//span[text()='Error']"}
RESULT: undefined
COMMAND: POST /session/e44526e052a1670125e85f4cf92ba029/element - {"using":"xpath","value":"//*[@id=\"__tile109\"]"}
RESULT: {"using":"xpath","value":"//*[@id=\"__tile109\"]"}
COMMAND: POST /session/e44526e052a1670125e85f4cf92ba029/element/f.A1DCFEC41B3517C11530D0F7A218328C.d.99A377B6CBC0A07D5C856A54ABC4358E.e.3804/click - {}
RESULT: undefined
COMMAND: POST /session/e44526e052a1670125e85f4cf92ba029/element - {"using":"xpath","value":"//*[@id=\"__tile109\"]"}
RESULT: {"using":"xpath","value":"//*[@id=\"__tile109\"]"}
COMMAND: POST /session/e44526e052a1670125e85f4cf92ba029/element/f.A1DCFEC41B3517C11530D0F7A218328C.d.99A377B6CBC0A07D5C856A54ABC4358E.e.3804/click - {}
RESULT: undefined
COMMAND: POST /session/e44526e052a1670125e85f4cf92ba029/execute/async - {"script":"<script> [6424 bytes]","args":[{"element-6066-11e4-a52e-4f735466cecf":"f.A1DCFEC41B3517C11530D0F7A218328C.d.99A377B6CBC0A07D5C856A54ABC4358E.e.291"},"getTitle",[]]}
COMMAND: POST /session/e44526e052a1670125e85f4cf92ba029/execute/async - {"script":"<script> [1562 bytes]","args":[{"selector":{"id":"shellAppTitle"},"wdio_ui5_key":"shellAppTitle"}]}
RESULT: {"script":"<script> [1562 bytes]","args":[{"selector":{"id":"shellAppTitle"},"wdio_ui5_key":"shellAppTitle"}]}
COMMAND: POST /session/e44526e052a1670125e85f4cf92ba029/execute/async - {"script":"<script> [6424 bytes]","args":[{"element-6066-11e4-a52e-4f735466cecf":"f.A1DCFEC41B3517C11530D0F7A218328C.d.99A377B6CBC0A07D5C856A54ABC4358E.e.3886"},"getTitle",[]]}
RESULT: {"script":"<script> [6424 bytes]","args":[{"element-6066-11e4-a52e-4f735466cecf":"f.A1DCFEC41B3517C11530D0F7A218328C.d.99A377B6CBC0A07D5C856A54ABC4358E.e.3886"},"getTitle",[]]}
RESULT: undefined
COMMAND: POST /session/e44526e052a1670125e85f4cf92ba029/element/f.A1DCFEC41B3517C11530D0F7A218328C.d.99A377B6CBC0A07D5C856A54ABC4358E.e.3713/click - {}
COMMAND: POST /session/e44526e052a1670125e85f4cf92ba029/element - {"using":"xpath","value":"//*[@id=\"backBtn\"]"}
RESULT: {"using":"xpath","value":"//*[@id=\"backBtn\"]"}
COMMAND: POST /session/e44526e052a1670125e85f4cf92ba029/element/f.A1DCFEC41B3517C11530D0F7A218328C.d.99A377B6CBC0A07D5C856A54ABC4358E.e.3713/click - {}
COMMAND: POST /session/e44526e052a1670125e85f4cf92ba029/element - {"using":"xpath","value":"//*[@id=\"backBtn\"]"}
RESULT: {"using":"xpath","value":"//*[@id=\"backBtn\"]"}
COMMAND: POST /session/e44526e052a1670125e85f4cf92ba029/element/f.A1DCFEC41B3517C11530D0F7A218328C.d.99A377B6CBC0A07D5C856A54ABC4358E.e.3887/click - {}
RESULT: {}
COMMAND: GET /session/e44526e052a1670125e85f4cf92ba029/screenshot - {}
RESULT: {}
]]></system-out>
    </testcase>
    <testcase classname="chrome.137_0_7151_56.windows.Sanity_Tests_US104253" name="Should open ISC Dashboard page" time="35.735">
      <system-out><![CDATA[
COMMAND: POST /session/e44526e052a1670125e85f4cf92ba029/execute/async - {"script":"<script> [1562 bytes]","args":[{"selector":{"controlType":"sap.m.GenericTile","properties":{"header":"ISC Dashboard"}},"wdio_ui5_key":"sapm.GenericTile{\"header\":\"ISC Dashboard\"}"}]}
RESULT: {"script":"<script> [1562 bytes]","args":[{"selector":{"controlType":"sap.m.GenericTile","properties":{"header":"ISC Dashboard"}},"wdio_ui5_key":"sapm.GenericTile{\"header\":\"ISC Dashboard\"}"}]}
RESULT: undefined
COMMAND: POST /session/e44526e052a1670125e85f4cf92ba029/element - {"using":"xpath","value":"//*[@id=\"__tile106\"]"}
RESULT: {"using":"xpath","value":"//*[@id=\"__tile106\"]"}
COMMAND: POST /session/e44526e052a1670125e85f4cf92ba029/element/f.A1DCFEC41B3517C11530D0F7A218328C.d.99A377B6CBC0A07D5C856A54ABC4358E.e.3889/click - {}
RESULT: {}
COMMAND: GET /session/e44526e052a1670125e85f4cf92ba029/screenshot - {}
RESULT: {}
COMMAND: POST /session/e44526e052a1670125e85f4cf92ba029/elements - {"using":"xpath","value":"//span[text()='Error']"}
RESULT: {"using":"xpath","value":"//span[text()='Error']"}
RESULT: undefined
COMMAND: POST /session/e44526e052a1670125e85f4cf92ba029/element - {"using":"xpath","value":"//*[@id=\"__tile106\"]"}
RESULT: {"using":"xpath","value":"//*[@id=\"__tile106\"]"}
COMMAND: POST /session/e44526e052a1670125e85f4cf92ba029/element/f.A1DCFEC41B3517C11530D0F7A218328C.d.99A377B6CBC0A07D5C856A54ABC4358E.e.3889/click - {}
RESULT: undefined
COMMAND: POST /session/e44526e052a1670125e85f4cf92ba029/element - {"using":"xpath","value":"//*[@id=\"__tile106\"]"}
RESULT: {"using":"xpath","value":"//*[@id=\"__tile106\"]"}
COMMAND: POST /session/e44526e052a1670125e85f4cf92ba029/element/f.A1DCFEC41B3517C11530D0F7A218328C.d.99A377B6CBC0A07D5C856A54ABC4358E.e.3889/click - {}
RESULT: undefined
COMMAND: POST /session/e44526e052a1670125e85f4cf92ba029/execute/async - {"script":"<script> [6424 bytes]","args":[{"element-6066-11e4-a52e-4f735466cecf":"f.A1DCFEC41B3517C11530D0F7A218328C.d.99A377B6CBC0A07D5C856A54ABC4358E.e.291"},"getTitle",[]]}
COMMAND: POST /session/e44526e052a1670125e85f4cf92ba029/execute/async - {"script":"<script> [1562 bytes]","args":[{"selector":{"id":"shellAppTitle"},"wdio_ui5_key":"shellAppTitle"}]}
RESULT: {"script":"<script> [1562 bytes]","args":[{"selector":{"id":"shellAppTitle"},"wdio_ui5_key":"shellAppTitle"}]}
COMMAND: POST /session/e44526e052a1670125e85f4cf92ba029/execute/async - {"script":"<script> [6424 bytes]","args":[{"element-6066-11e4-a52e-4f735466cecf":"f.A1DCFEC41B3517C11530D0F7A218328C.d.99A377B6CBC0A07D5C856A54ABC4358E.e.3990"},"getTitle",[]]}
RESULT: {"script":"<script> [6424 bytes]","args":[{"element-6066-11e4-a52e-4f735466cecf":"f.A1DCFEC41B3517C11530D0F7A218328C.d.99A377B6CBC0A07D5C856A54ABC4358E.e.3990"},"getTitle",[]]}
RESULT: undefined
COMMAND: POST /session/e44526e052a1670125e85f4cf92ba029/element/f.A1DCFEC41B3517C11530D0F7A218328C.d.99A377B6CBC0A07D5C856A54ABC4358E.e.3887/click - {}
RESULT: {}
COMMAND: GET /session/e44526e052a1670125e85f4cf92ba029/screenshot - {}
RESULT: {}
]]></system-out>
    </testcase>
    <testcase classname="chrome.137_0_7151_56.windows.Sanity_Tests_US104253" name="Should open ISC Orders page" time="35.749">
      <system-out><![CDATA[
COMMAND: POST /session/e44526e052a1670125e85f4cf92ba029/execute/async - {"script":"<script> [1562 bytes]","args":[{"selector":{"controlType":"sap.m.GenericTile","properties":{"header":"ISC Orders"}},"wdio_ui5_key":"sapm.GenericTile{\"header\":\"ISC Orders\"}"}]}
RESULT: {"script":"<script> [1562 bytes]","args":[{"selector":{"controlType":"sap.m.GenericTile","properties":{"header":"ISC Orders"}},"wdio_ui5_key":"sapm.GenericTile{\"header\":\"ISC Orders\"}"}]}
RESULT: undefined
COMMAND: POST /session/e44526e052a1670125e85f4cf92ba029/element - {"using":"xpath","value":"//*[@id=\"__tile108\"]"}
RESULT: {"using":"xpath","value":"//*[@id=\"__tile108\"]"}
COMMAND: POST /session/e44526e052a1670125e85f4cf92ba029/element/f.A1DCFEC41B3517C11530D0F7A218328C.d.99A377B6CBC0A07D5C856A54ABC4358E.e.3992/click - {}
RESULT: {}
COMMAND: GET /session/e44526e052a1670125e85f4cf92ba029/screenshot - {}
RESULT: {}
COMMAND: POST /session/e44526e052a1670125e85f4cf92ba029/elements - {"using":"xpath","value":"//span[text()='Error']"}
RESULT: {"using":"xpath","value":"//span[text()='Error']"}
RESULT: undefined
COMMAND: POST /session/e44526e052a1670125e85f4cf92ba029/element - {"using":"xpath","value":"//*[@id=\"__tile108\"]"}
RESULT: {"using":"xpath","value":"//*[@id=\"__tile108\"]"}
COMMAND: POST /session/e44526e052a1670125e85f4cf92ba029/element/f.A1DCFEC41B3517C11530D0F7A218328C.d.99A377B6CBC0A07D5C856A54ABC4358E.e.3992/click - {}
RESULT: undefined
COMMAND: POST /session/e44526e052a1670125e85f4cf92ba029/element - {"using":"xpath","value":"//*[@id=\"__tile108\"]"}
RESULT: {"using":"xpath","value":"//*[@id=\"__tile108\"]"}
COMMAND: POST /session/e44526e052a1670125e85f4cf92ba029/element/f.A1DCFEC41B3517C11530D0F7A218328C.d.99A377B6CBC0A07D5C856A54ABC4358E.e.3992/click - {}
RESULT: undefined
COMMAND: POST /session/e44526e052a1670125e85f4cf92ba029/execute/async - {"script":"<script> [6424 bytes]","args":[{"element-6066-11e4-a52e-4f735466cecf":"f.A1DCFEC41B3517C11530D0F7A218328C.d.99A377B6CBC0A07D5C856A54ABC4358E.e.291"},"getTitle",[]]}
COMMAND: POST /session/e44526e052a1670125e85f4cf92ba029/execute/async - {"script":"<script> [1562 bytes]","args":[{"selector":{"id":"shellAppTitle"},"wdio_ui5_key":"shellAppTitle"}]}
RESULT: {"script":"<script> [1562 bytes]","args":[{"selector":{"id":"shellAppTitle"},"wdio_ui5_key":"shellAppTitle"}]}
COMMAND: POST /session/e44526e052a1670125e85f4cf92ba029/execute/async - {"script":"<script> [6424 bytes]","args":[{"element-6066-11e4-a52e-4f735466cecf":"f.A1DCFEC41B3517C11530D0F7A218328C.d.99A377B6CBC0A07D5C856A54ABC4358E.e.4099"},"getTitle",[]]}
RESULT: {"script":"<script> [6424 bytes]","args":[{"element-6066-11e4-a52e-4f735466cecf":"f.A1DCFEC41B3517C11530D0F7A218328C.d.99A377B6CBC0A07D5C856A54ABC4358E.e.4099"},"getTitle",[]]}
RESULT: undefined
COMMAND: POST /session/e44526e052a1670125e85f4cf92ba029/element/f.A1DCFEC41B3517C11530D0F7A218328C.d.99A377B6CBC0A07D5C856A54ABC4358E.e.3887/click - {}
COMMAND: POST /session/e44526e052a1670125e85f4cf92ba029/element - {"using":"xpath","value":"//*[@id=\"backBtn\"]"}
RESULT: {"using":"xpath","value":"//*[@id=\"backBtn\"]"}
COMMAND: POST /session/e44526e052a1670125e85f4cf92ba029/element/f.A1DCFEC41B3517C11530D0F7A218328C.d.99A377B6CBC0A07D5C856A54ABC4358E.e.3887/click - {}
COMMAND: POST /session/e44526e052a1670125e85f4cf92ba029/element - {"using":"xpath","value":"//*[@id=\"backBtn\"]"}
RESULT: {"using":"xpath","value":"//*[@id=\"backBtn\"]"}
COMMAND: POST /session/e44526e052a1670125e85f4cf92ba029/element/f.A1DCFEC41B3517C11530D0F7A218328C.d.99A377B6CBC0A07D5C856A54ABC4358E.e.4100/click - {}
RESULT: {}
COMMAND: GET /session/e44526e052a1670125e85f4cf92ba029/screenshot - {}
RESULT: {}
]]></system-out>
    </testcase>
    <testcase classname="chrome.137_0_7151_56.windows.Sanity_Tests_US104253" name="Should open ISC Tasks page" time="35.855">
      <system-out><![CDATA[
COMMAND: POST /session/e44526e052a1670125e85f4cf92ba029/execute/async - {"script":"<script> [1562 bytes]","args":[{"selector":{"controlType":"sap.m.GenericTile","properties":{"header":"ISC Tasks"}},"wdio_ui5_key":"sapm.GenericTile{\"header\":\"ISC Tasks\"}"}]}
RESULT: {"script":"<script> [1562 bytes]","args":[{"selector":{"controlType":"sap.m.GenericTile","properties":{"header":"ISC Tasks"}},"wdio_ui5_key":"sapm.GenericTile{\"header\":\"ISC Tasks\"}"}]}
RESULT: undefined
COMMAND: POST /session/e44526e052a1670125e85f4cf92ba029/element - {"using":"xpath","value":"//*[@id=\"__tile110\"]"}
RESULT: {"using":"xpath","value":"//*[@id=\"__tile110\"]"}
COMMAND: POST /session/e44526e052a1670125e85f4cf92ba029/element/f.A1DCFEC41B3517C11530D0F7A218328C.d.99A377B6CBC0A07D5C856A54ABC4358E.e.4102/click - {}
RESULT: {}
COMMAND: GET /session/e44526e052a1670125e85f4cf92ba029/screenshot - {}
RESULT: {}
COMMAND: POST /session/e44526e052a1670125e85f4cf92ba029/elements - {"using":"xpath","value":"//span[text()='Error']"}
RESULT: {"using":"xpath","value":"//span[text()='Error']"}
RESULT: undefined
COMMAND: POST /session/e44526e052a1670125e85f4cf92ba029/element - {"using":"xpath","value":"//*[@id=\"__tile110\"]"}
RESULT: {"using":"xpath","value":"//*[@id=\"__tile110\"]"}
COMMAND: POST /session/e44526e052a1670125e85f4cf92ba029/element/f.A1DCFEC41B3517C11530D0F7A218328C.d.99A377B6CBC0A07D5C856A54ABC4358E.e.4102/click - {}
RESULT: undefined
COMMAND: POST /session/e44526e052a1670125e85f4cf92ba029/element - {"using":"xpath","value":"//*[@id=\"__tile110\"]"}
RESULT: {"using":"xpath","value":"//*[@id=\"__tile110\"]"}
COMMAND: POST /session/e44526e052a1670125e85f4cf92ba029/element/f.A1DCFEC41B3517C11530D0F7A218328C.d.99A377B6CBC0A07D5C856A54ABC4358E.e.4102/click - {}
RESULT: undefined
COMMAND: POST /session/e44526e052a1670125e85f4cf92ba029/execute/async - {"script":"<script> [6424 bytes]","args":[{"element-6066-11e4-a52e-4f735466cecf":"f.A1DCFEC41B3517C11530D0F7A218328C.d.99A377B6CBC0A07D5C856A54ABC4358E.e.291"},"getTitle",[]]}
COMMAND: POST /session/e44526e052a1670125e85f4cf92ba029/execute/async - {"script":"<script> [1562 bytes]","args":[{"selector":{"id":"shellAppTitle"},"wdio_ui5_key":"shellAppTitle"}]}
RESULT: {"script":"<script> [1562 bytes]","args":[{"selector":{"id":"shellAppTitle"},"wdio_ui5_key":"shellAppTitle"}]}
COMMAND: POST /session/e44526e052a1670125e85f4cf92ba029/execute/async - {"script":"<script> [6424 bytes]","args":[{"element-6066-11e4-a52e-4f735466cecf":"f.A1DCFEC41B3517C11530D0F7A218328C.d.99A377B6CBC0A07D5C856A54ABC4358E.e.4198"},"getTitle",[]]}
RESULT: {"script":"<script> [6424 bytes]","args":[{"element-6066-11e4-a52e-4f735466cecf":"f.A1DCFEC41B3517C11530D0F7A218328C.d.99A377B6CBC0A07D5C856A54ABC4358E.e.4198"},"getTitle",[]]}
RESULT: undefined
COMMAND: POST /session/e44526e052a1670125e85f4cf92ba029/element/f.A1DCFEC41B3517C11530D0F7A218328C.d.99A377B6CBC0A07D5C856A54ABC4358E.e.4100/click - {}
RESULT: {}
COMMAND: GET /session/e44526e052a1670125e85f4cf92ba029/screenshot - {}
RESULT: {}
]]></system-out>
    </testcase>
    <testcase classname="chrome.137_0_7151_56.windows.Sanity_Tests_US104253" name="Should open Manage Resource Logbook page" time="35.766">
      <system-out><![CDATA[
COMMAND: POST /session/e44526e052a1670125e85f4cf92ba029/execute/async - {"script":"<script> [1562 bytes]","args":[{"selector":{"controlType":"sap.m.GenericTile","properties":{"header":"Manage Resource Logbook"}},"wdio_ui5_key":"sapm.GenericTile{\"header\":\"Manage Resource Logbook\"}"}]}
RESULT: {"script":"<script> [1562 bytes]","args":[{"selector":{"controlType":"sap.m.GenericTile","properties":{"header":"Manage Resource Logbook"}},"wdio_ui5_key":"sapm.GenericTile{\"header\":\"Manage Resource Logbook\"}"}]}
RESULT: undefined
COMMAND: POST /session/e44526e052a1670125e85f4cf92ba029/element - {"using":"xpath","value":"//*[@id=\"__tile113\"]"}
RESULT: {"using":"xpath","value":"//*[@id=\"__tile113\"]"}
COMMAND: POST /session/e44526e052a1670125e85f4cf92ba029/element/f.A1DCFEC41B3517C11530D0F7A218328C.d.99A377B6CBC0A07D5C856A54ABC4358E.e.4200/click - {}
RESULT: {}
COMMAND: GET /session/e44526e052a1670125e85f4cf92ba029/screenshot - {}
RESULT: {}
COMMAND: POST /session/e44526e052a1670125e85f4cf92ba029/elements - {"using":"xpath","value":"//span[text()='Error']"}
RESULT: {"using":"xpath","value":"//span[text()='Error']"}
RESULT: undefined
COMMAND: POST /session/e44526e052a1670125e85f4cf92ba029/element - {"using":"xpath","value":"//*[@id=\"__tile113\"]"}
RESULT: {"using":"xpath","value":"//*[@id=\"__tile113\"]"}
COMMAND: POST /session/e44526e052a1670125e85f4cf92ba029/element/f.A1DCFEC41B3517C11530D0F7A218328C.d.99A377B6CBC0A07D5C856A54ABC4358E.e.4200/click - {}
RESULT: undefined
COMMAND: POST /session/e44526e052a1670125e85f4cf92ba029/element - {"using":"xpath","value":"//*[@id=\"__tile113\"]"}
RESULT: {"using":"xpath","value":"//*[@id=\"__tile113\"]"}
COMMAND: POST /session/e44526e052a1670125e85f4cf92ba029/element/f.A1DCFEC41B3517C11530D0F7A218328C.d.99A377B6CBC0A07D5C856A54ABC4358E.e.4200/click - {}
RESULT: undefined
COMMAND: POST /session/e44526e052a1670125e85f4cf92ba029/execute/async - {"script":"<script> [6424 bytes]","args":[{"element-6066-11e4-a52e-4f735466cecf":"f.A1DCFEC41B3517C11530D0F7A218328C.d.99A377B6CBC0A07D5C856A54ABC4358E.e.291"},"getTitle",[]]}
COMMAND: POST /session/e44526e052a1670125e85f4cf92ba029/execute/async - {"script":"<script> [1562 bytes]","args":[{"selector":{"id":"shellAppTitle"},"wdio_ui5_key":"shellAppTitle"}]}
RESULT: {"script":"<script> [1562 bytes]","args":[{"selector":{"id":"shellAppTitle"},"wdio_ui5_key":"shellAppTitle"}]}
COMMAND: POST /session/e44526e052a1670125e85f4cf92ba029/execute/async - {"script":"<script> [6424 bytes]","args":[{"element-6066-11e4-a52e-4f735466cecf":"f.A1DCFEC41B3517C11530D0F7A218328C.d.99A377B6CBC0A07D5C856A54ABC4358E.e.4303"},"getTitle",[]]}
RESULT: {"script":"<script> [6424 bytes]","args":[{"element-6066-11e4-a52e-4f735466cecf":"f.A1DCFEC41B3517C11530D0F7A218328C.d.99A377B6CBC0A07D5C856A54ABC4358E.e.4303"},"getTitle",[]]}
RESULT: undefined
COMMAND: POST /session/e44526e052a1670125e85f4cf92ba029/element/f.A1DCFEC41B3517C11530D0F7A218328C.d.99A377B6CBC0A07D5C856A54ABC4358E.e.4100/click - {}
COMMAND: POST /session/e44526e052a1670125e85f4cf92ba029/element - {"using":"xpath","value":"//*[@id=\"backBtn\"]"}
RESULT: {"using":"xpath","value":"//*[@id=\"backBtn\"]"}
COMMAND: POST /session/e44526e052a1670125e85f4cf92ba029/element/f.A1DCFEC41B3517C11530D0F7A218328C.d.99A377B6CBC0A07D5C856A54ABC4358E.e.4100/click - {}
COMMAND: POST /session/e44526e052a1670125e85f4cf92ba029/element - {"using":"xpath","value":"//*[@id=\"backBtn\"]"}
RESULT: {"using":"xpath","value":"//*[@id=\"backBtn\"]"}
COMMAND: POST /session/e44526e052a1670125e85f4cf92ba029/element/f.A1DCFEC41B3517C11530D0F7A218328C.d.99A377B6CBC0A07D5C856A54ABC4358E.e.4304/click - {}
RESULT: {}
COMMAND: GET /session/e44526e052a1670125e85f4cf92ba029/screenshot - {}
RESULT: {}
]]></system-out>
    </testcase>
    <testcase classname="chrome.137_0_7151_56.windows.Sanity_Tests_US104253" name="Should open Manage Logbook page" time="36.468">
      <system-out><![CDATA[
COMMAND: POST /session/e44526e052a1670125e85f4cf92ba029/execute/async - {"script":"<script> [1562 bytes]","args":[{"selector":{"controlType":"sap.m.GenericTile","properties":{"header":"Manage Logbook"}},"wdio_ui5_key":"sapm.GenericTile{\"header\":\"Manage Logbook\"}"}]}
RESULT: {"script":"<script> [1562 bytes]","args":[{"selector":{"controlType":"sap.m.GenericTile","properties":{"header":"Manage Logbook"}},"wdio_ui5_key":"sapm.GenericTile{\"header\":\"Manage Logbook\"}"}]}
RESULT: undefined
COMMAND: POST /session/e44526e052a1670125e85f4cf92ba029/element - {"using":"xpath","value":"//*[@id=\"__tile112\"]"}
RESULT: {"using":"xpath","value":"//*[@id=\"__tile112\"]"}
COMMAND: POST /session/e44526e052a1670125e85f4cf92ba029/element/f.A1DCFEC41B3517C11530D0F7A218328C.d.99A377B6CBC0A07D5C856A54ABC4358E.e.4306/click - {}
RESULT: {}
COMMAND: GET /session/e44526e052a1670125e85f4cf92ba029/screenshot - {}
RESULT: {}
COMMAND: POST /session/e44526e052a1670125e85f4cf92ba029/elements - {"using":"xpath","value":"//span[text()='Error']"}
RESULT: {"using":"xpath","value":"//span[text()='Error']"}
RESULT: undefined
COMMAND: POST /session/e44526e052a1670125e85f4cf92ba029/element - {"using":"xpath","value":"//*[@id=\"__tile112\"]"}
RESULT: {"using":"xpath","value":"//*[@id=\"__tile112\"]"}
COMMAND: POST /session/e44526e052a1670125e85f4cf92ba029/element/f.A1DCFEC41B3517C11530D0F7A218328C.d.99A377B6CBC0A07D5C856A54ABC4358E.e.4306/click - {}
RESULT: undefined
COMMAND: POST /session/e44526e052a1670125e85f4cf92ba029/element - {"using":"xpath","value":"//*[@id=\"__tile112\"]"}
RESULT: {"using":"xpath","value":"//*[@id=\"__tile112\"]"}
COMMAND: POST /session/e44526e052a1670125e85f4cf92ba029/element/f.A1DCFEC41B3517C11530D0F7A218328C.d.99A377B6CBC0A07D5C856A54ABC4358E.e.4306/click - {}
RESULT: undefined
COMMAND: POST /session/e44526e052a1670125e85f4cf92ba029/execute/async - {"script":"<script> [6424 bytes]","args":[{"element-6066-11e4-a52e-4f735466cecf":"f.A1DCFEC41B3517C11530D0F7A218328C.d.99A377B6CBC0A07D5C856A54ABC4358E.e.291"},"getTitle",[]]}
COMMAND: POST /session/e44526e052a1670125e85f4cf92ba029/execute/async - {"script":"<script> [1562 bytes]","args":[{"selector":{"id":"shellAppTitle"},"wdio_ui5_key":"shellAppTitle"}]}
RESULT: {"script":"<script> [1562 bytes]","args":[{"selector":{"id":"shellAppTitle"},"wdio_ui5_key":"shellAppTitle"}]}
COMMAND: POST /session/e44526e052a1670125e85f4cf92ba029/execute/async - {"script":"<script> [6424 bytes]","args":[{"element-6066-11e4-a52e-4f735466cecf":"f.A1DCFEC41B3517C11530D0F7A218328C.d.99A377B6CBC0A07D5C856A54ABC4358E.e.4396"},"getTitle",[]]}
RESULT: {"script":"<script> [6424 bytes]","args":[{"element-6066-11e4-a52e-4f735466cecf":"f.A1DCFEC41B3517C11530D0F7A218328C.d.99A377B6CBC0A07D5C856A54ABC4358E.e.4396"},"getTitle",[]]}
RESULT: undefined
COMMAND: POST /session/e44526e052a1670125e85f4cf92ba029/element/f.A1DCFEC41B3517C11530D0F7A218328C.d.99A377B6CBC0A07D5C856A54ABC4358E.e.4304/click - {}
RESULT: {}
COMMAND: GET /session/e44526e052a1670125e85f4cf92ba029/screenshot - {}
RESULT: {}
]]></system-out>
    </testcase>
    <testcase classname="chrome.137_0_7151_56.windows.Sanity_Tests_US104253" name="Should open ISC Orders Calendar page" time="37.541">
      <system-out><![CDATA[
COMMAND: POST /session/e44526e052a1670125e85f4cf92ba029/execute/async - {"script":"<script> [1562 bytes]","args":[{"selector":{"controlType":"sap.m.GenericTile","properties":{"header":"ISC Orders Calendar"}},"wdio_ui5_key":"sapm.GenericTile{\"header\":\"ISC Orders Calendar\"}"}]}
RESULT: {"script":"<script> [1562 bytes]","args":[{"selector":{"controlType":"sap.m.GenericTile","properties":{"header":"ISC Orders Calendar"}},"wdio_ui5_key":"sapm.GenericTile{\"header\":\"ISC Orders Calendar\"}"}]}
RESULT: undefined
COMMAND: POST /session/e44526e052a1670125e85f4cf92ba029/element - {"using":"xpath","value":"//*[@id=\"__tile107\"]"}
RESULT: {"using":"xpath","value":"//*[@id=\"__tile107\"]"}
COMMAND: POST /session/e44526e052a1670125e85f4cf92ba029/element/f.A1DCFEC41B3517C11530D0F7A218328C.d.99A377B6CBC0A07D5C856A54ABC4358E.e.4398/click - {}
RESULT: {}
COMMAND: GET /session/e44526e052a1670125e85f4cf92ba029/screenshot - {}
RESULT: {}
COMMAND: POST /session/e44526e052a1670125e85f4cf92ba029/elements - {"using":"xpath","value":"//span[text()='Error']"}
RESULT: {"using":"xpath","value":"//span[text()='Error']"}
RESULT: undefined
COMMAND: POST /session/e44526e052a1670125e85f4cf92ba029/element - {"using":"xpath","value":"//*[@id=\"__tile107\"]"}
RESULT: {"using":"xpath","value":"//*[@id=\"__tile107\"]"}
COMMAND: POST /session/e44526e052a1670125e85f4cf92ba029/element/f.A1DCFEC41B3517C11530D0F7A218328C.d.99A377B6CBC0A07D5C856A54ABC4358E.e.4398/click - {}
RESULT: undefined
COMMAND: POST /session/e44526e052a1670125e85f4cf92ba029/element - {"using":"xpath","value":"//*[@id=\"__tile107\"]"}
RESULT: {"using":"xpath","value":"//*[@id=\"__tile107\"]"}
COMMAND: POST /session/e44526e052a1670125e85f4cf92ba029/element/f.A1DCFEC41B3517C11530D0F7A218328C.d.99A377B6CBC0A07D5C856A54ABC4358E.e.4398/click - {}
RESULT: undefined
COMMAND: POST /session/e44526e052a1670125e85f4cf92ba029/execute/async - {"script":"<script> [6424 bytes]","args":[{"element-6066-11e4-a52e-4f735466cecf":"f.A1DCFEC41B3517C11530D0F7A218328C.d.99A377B6CBC0A07D5C856A54ABC4358E.e.291"},"getTitle",[]]}
COMMAND: POST /session/e44526e052a1670125e85f4cf92ba029/execute/async - {"script":"<script> [1562 bytes]","args":[{"selector":{"id":"shellAppTitle"},"wdio_ui5_key":"shellAppTitle"}]}
RESULT: {"script":"<script> [1562 bytes]","args":[{"selector":{"id":"shellAppTitle"},"wdio_ui5_key":"shellAppTitle"}]}
COMMAND: POST /session/e44526e052a1670125e85f4cf92ba029/execute/async - {"script":"<script> [6424 bytes]","args":[{"element-6066-11e4-a52e-4f735466cecf":"f.A1DCFEC41B3517C11530D0F7A218328C.d.99A377B6CBC0A07D5C856A54ABC4358E.e.4610"},"getTitle",[]]}
RESULT: {"script":"<script> [6424 bytes]","args":[{"element-6066-11e4-a52e-4f735466cecf":"f.A1DCFEC41B3517C11530D0F7A218328C.d.99A377B6CBC0A07D5C856A54ABC4358E.e.4610"},"getTitle",[]]}
RESULT: undefined
COMMAND: POST /session/e44526e052a1670125e85f4cf92ba029/element/f.A1DCFEC41B3517C11530D0F7A218328C.d.99A377B6CBC0A07D5C856A54ABC4358E.e.4304/click - {}
COMMAND: POST /session/e44526e052a1670125e85f4cf92ba029/element - {"using":"xpath","value":"//*[@id=\"backBtn\"]"}
RESULT: {"using":"xpath","value":"//*[@id=\"backBtn\"]"}
COMMAND: POST /session/e44526e052a1670125e85f4cf92ba029/element/f.A1DCFEC41B3517C11530D0F7A218328C.d.99A377B6CBC0A07D5C856A54ABC4358E.e.4304/click - {}
COMMAND: POST /session/e44526e052a1670125e85f4cf92ba029/element - {"using":"xpath","value":"//*[@id=\"backBtn\"]"}
RESULT: {"using":"xpath","value":"//*[@id=\"backBtn\"]"}
COMMAND: POST /session/e44526e052a1670125e85f4cf92ba029/element/f.A1DCFEC41B3517C11530D0F7A218328C.d.99A377B6CBC0A07D5C856A54ABC4358E.e.4611/click - {}
RESULT: {}
COMMAND: GET /session/e44526e052a1670125e85f4cf92ba029/screenshot - {}
RESULT: {}
]]></system-out>
    </testcase>
    <testcase classname="chrome.137_0_7151_56.windows.Sanity_Tests_US104253" name="Should open Configure System page" time="35.983">
      <system-out><![CDATA[
COMMAND: POST /session/e44526e052a1670125e85f4cf92ba029/execute/async - {"script":"<script> [1562 bytes]","args":[{"selector":{"controlType":"sap.m.GenericTile","properties":{"header":"Configure System"}},"wdio_ui5_key":"sapm.GenericTile{\"header\":\"Configure System\"}"}]}
RESULT: {"script":"<script> [1562 bytes]","args":[{"selector":{"controlType":"sap.m.GenericTile","properties":{"header":"Configure System"}},"wdio_ui5_key":"sapm.GenericTile{\"header\":\"Configure System\"}"}]}
RESULT: undefined
COMMAND: POST /session/e44526e052a1670125e85f4cf92ba029/element - {"using":"xpath","value":"//*[@id=\"__tile114\"]"}
RESULT: {"using":"xpath","value":"//*[@id=\"__tile114\"]"}
COMMAND: POST /session/e44526e052a1670125e85f4cf92ba029/element/f.A1DCFEC41B3517C11530D0F7A218328C.d.99A377B6CBC0A07D5C856A54ABC4358E.e.4615/click - {}
RESULT: {}
COMMAND: GET /session/e44526e052a1670125e85f4cf92ba029/screenshot - {}
RESULT: {}
COMMAND: POST /session/e44526e052a1670125e85f4cf92ba029/elements - {"using":"xpath","value":"//span[text()='Error']"}
RESULT: {"using":"xpath","value":"//span[text()='Error']"}
RESULT: undefined
COMMAND: POST /session/e44526e052a1670125e85f4cf92ba029/element - {"using":"xpath","value":"//*[@id=\"__tile114\"]"}
RESULT: {"using":"xpath","value":"//*[@id=\"__tile114\"]"}
COMMAND: POST /session/e44526e052a1670125e85f4cf92ba029/element/f.A1DCFEC41B3517C11530D0F7A218328C.d.99A377B6CBC0A07D5C856A54ABC4358E.e.4615/click - {}
RESULT: undefined
COMMAND: POST /session/e44526e052a1670125e85f4cf92ba029/element - {"using":"xpath","value":"//*[@id=\"__tile114\"]"}
RESULT: {"using":"xpath","value":"//*[@id=\"__tile114\"]"}
COMMAND: POST /session/e44526e052a1670125e85f4cf92ba029/element/f.A1DCFEC41B3517C11530D0F7A218328C.d.99A377B6CBC0A07D5C856A54ABC4358E.e.4615/click - {}
RESULT: undefined
COMMAND: POST /session/e44526e052a1670125e85f4cf92ba029/execute/async - {"script":"<script> [6424 bytes]","args":[{"element-6066-11e4-a52e-4f735466cecf":"f.A1DCFEC41B3517C11530D0F7A218328C.d.99A377B6CBC0A07D5C856A54ABC4358E.e.291"},"getTitle",[]]}
COMMAND: POST /session/e44526e052a1670125e85f4cf92ba029/execute/async - {"script":"<script> [1562 bytes]","args":[{"selector":{"id":"shellAppTitle"},"wdio_ui5_key":"shellAppTitle"}]}
RESULT: {"script":"<script> [1562 bytes]","args":[{"selector":{"id":"shellAppTitle"},"wdio_ui5_key":"shellAppTitle"}]}
COMMAND: POST /session/e44526e052a1670125e85f4cf92ba029/execute/async - {"script":"<script> [6424 bytes]","args":[{"element-6066-11e4-a52e-4f735466cecf":"f.A1DCFEC41B3517C11530D0F7A218328C.d.99A377B6CBC0A07D5C856A54ABC4358E.e.4654"},"getTitle",[]]}
RESULT: {"script":"<script> [6424 bytes]","args":[{"element-6066-11e4-a52e-4f735466cecf":"f.A1DCFEC41B3517C11530D0F7A218328C.d.99A377B6CBC0A07D5C856A54ABC4358E.e.4654"},"getTitle",[]]}
RESULT: undefined
COMMAND: POST /session/e44526e052a1670125e85f4cf92ba029/element/f.A1DCFEC41B3517C11530D0F7A218328C.d.99A377B6CBC0A07D5C856A54ABC4358E.e.4611/click - {}
RESULT: {}
COMMAND: GET /session/e44526e052a1670125e85f4cf92ba029/screenshot - {}
RESULT: {}
]]></system-out>
    </testcase>
    <testcase classname="chrome.137_0_7151_56.windows.Sanity_Tests_US104253" name="Should open Manage Classifications page" time="35.794">
      <system-out><![CDATA[
COMMAND: POST /session/e44526e052a1670125e85f4cf92ba029/execute/async - {"script":"<script> [1562 bytes]","args":[{"selector":{"controlType":"sap.m.GenericTile","properties":{"header":"Manage Classifications"}},"wdio_ui5_key":"sapm.GenericTile{\"header\":\"Manage Classifications\"}"}]}
RESULT: {"script":"<script> [1562 bytes]","args":[{"selector":{"controlType":"sap.m.GenericTile","properties":{"header":"Manage Classifications"}},"wdio_ui5_key":"sapm.GenericTile{\"header\":\"Manage Classifications\"}"}]}
RESULT: undefined
COMMAND: POST /session/e44526e052a1670125e85f4cf92ba029/element - {"using":"xpath","value":"//*[@id=\"__tile115\"]"}
RESULT: {"using":"xpath","value":"//*[@id=\"__tile115\"]"}
COMMAND: POST /session/e44526e052a1670125e85f4cf92ba029/element/f.A1DCFEC41B3517C11530D0F7A218328C.d.99A377B6CBC0A07D5C856A54ABC4358E.e.4658/click - {}
RESULT: {}
COMMAND: GET /session/e44526e052a1670125e85f4cf92ba029/screenshot - {}
RESULT: {}
COMMAND: POST /session/e44526e052a1670125e85f4cf92ba029/elements - {"using":"xpath","value":"//span[text()='Error']"}
RESULT: {"using":"xpath","value":"//span[text()='Error']"}
RESULT: undefined
COMMAND: POST /session/e44526e052a1670125e85f4cf92ba029/element - {"using":"xpath","value":"//*[@id=\"__tile115\"]"}
RESULT: {"using":"xpath","value":"//*[@id=\"__tile115\"]"}
COMMAND: POST /session/e44526e052a1670125e85f4cf92ba029/element/f.A1DCFEC41B3517C11530D0F7A218328C.d.99A377B6CBC0A07D5C856A54ABC4358E.e.4658/click - {}
RESULT: undefined
COMMAND: POST /session/e44526e052a1670125e85f4cf92ba029/element - {"using":"xpath","value":"//*[@id=\"__tile115\"]"}
RESULT: {"using":"xpath","value":"//*[@id=\"__tile115\"]"}
COMMAND: POST /session/e44526e052a1670125e85f4cf92ba029/element/f.A1DCFEC41B3517C11530D0F7A218328C.d.99A377B6CBC0A07D5C856A54ABC4358E.e.4658/click - {}
RESULT: undefined
COMMAND: POST /session/e44526e052a1670125e85f4cf92ba029/execute/async - {"script":"<script> [6424 bytes]","args":[{"element-6066-11e4-a52e-4f735466cecf":"f.A1DCFEC41B3517C11530D0F7A218328C.d.99A377B6CBC0A07D5C856A54ABC4358E.e.291"},"getTitle",[]]}
COMMAND: POST /session/e44526e052a1670125e85f4cf92ba029/execute/async - {"script":"<script> [1562 bytes]","args":[{"selector":{"id":"shellAppTitle"},"wdio_ui5_key":"shellAppTitle"}]}
RESULT: {"script":"<script> [1562 bytes]","args":[{"selector":{"id":"shellAppTitle"},"wdio_ui5_key":"shellAppTitle"}]}
COMMAND: POST /session/e44526e052a1670125e85f4cf92ba029/execute/async - {"script":"<script> [6424 bytes]","args":[{"element-6066-11e4-a52e-4f735466cecf":"f.A1DCFEC41B3517C11530D0F7A218328C.d.99A377B6CBC0A07D5C856A54ABC4358E.e.4778"},"getTitle",[]]}
RESULT: {"script":"<script> [6424 bytes]","args":[{"element-6066-11e4-a52e-4f735466cecf":"f.A1DCFEC41B3517C11530D0F7A218328C.d.99A377B6CBC0A07D5C856A54ABC4358E.e.4778"},"getTitle",[]]}
RESULT: undefined
COMMAND: POST /session/e44526e052a1670125e85f4cf92ba029/element/f.A1DCFEC41B3517C11530D0F7A218328C.d.99A377B6CBC0A07D5C856A54ABC4358E.e.4611/click - {}
COMMAND: POST /session/e44526e052a1670125e85f4cf92ba029/element - {"using":"xpath","value":"//*[@id=\"backBtn\"]"}
RESULT: {"using":"xpath","value":"//*[@id=\"backBtn\"]"}
COMMAND: POST /session/e44526e052a1670125e85f4cf92ba029/element/f.A1DCFEC41B3517C11530D0F7A218328C.d.99A377B6CBC0A07D5C856A54ABC4358E.e.4611/click - {}
COMMAND: POST /session/e44526e052a1670125e85f4cf92ba029/element - {"using":"xpath","value":"//*[@id=\"backBtn\"]"}
RESULT: {"using":"xpath","value":"//*[@id=\"backBtn\"]"}
COMMAND: POST /session/e44526e052a1670125e85f4cf92ba029/element/f.A1DCFEC41B3517C11530D0F7A218328C.d.99A377B6CBC0A07D5C856A54ABC4358E.e.4779/click - {}
RESULT: {}
COMMAND: GET /session/e44526e052a1670125e85f4cf92ba029/screenshot - {}
RESULT: {}
]]></system-out>
    </testcase>
    <testcase classname="chrome.137_0_7151_56.windows.Sanity_Tests_US104253" name="Should open Data Explorer page" time="37.452">
      <system-out><![CDATA[
COMMAND: POST /session/e44526e052a1670125e85f4cf92ba029/execute/async - {"script":"<script> [1562 bytes]","args":[{"selector":{"controlType":"sap.m.GenericTile","properties":{"header":"Data Explorer"}},"wdio_ui5_key":"sapm.GenericTile{\"header\":\"Data Explorer\"}"}]}
RESULT: {"script":"<script> [1562 bytes]","args":[{"selector":{"controlType":"sap.m.GenericTile","properties":{"header":"Data Explorer"}},"wdio_ui5_key":"sapm.GenericTile{\"header\":\"Data Explorer\"}"}]}
RESULT: undefined
COMMAND: POST /session/e44526e052a1670125e85f4cf92ba029/element - {"using":"xpath","value":"//*[@id=\"__tile117\"]"}
RESULT: {"using":"xpath","value":"//*[@id=\"__tile117\"]"}
COMMAND: POST /session/e44526e052a1670125e85f4cf92ba029/element/f.A1DCFEC41B3517C11530D0F7A218328C.d.99A377B6CBC0A07D5C856A54ABC4358E.e.4781/click - {}
RESULT: {}
COMMAND: GET /session/e44526e052a1670125e85f4cf92ba029/screenshot - {}
RESULT: {}
COMMAND: POST /session/e44526e052a1670125e85f4cf92ba029/elements - {"using":"xpath","value":"//span[text()='Error']"}
RESULT: {"using":"xpath","value":"//span[text()='Error']"}
RESULT: undefined
COMMAND: POST /session/e44526e052a1670125e85f4cf92ba029/element - {"using":"xpath","value":"//*[@id=\"__tile117\"]"}
RESULT: {"using":"xpath","value":"//*[@id=\"__tile117\"]"}
COMMAND: POST /session/e44526e052a1670125e85f4cf92ba029/element/f.A1DCFEC41B3517C11530D0F7A218328C.d.99A377B6CBC0A07D5C856A54ABC4358E.e.4781/click - {}
RESULT: undefined
COMMAND: POST /session/e44526e052a1670125e85f4cf92ba029/element - {"using":"xpath","value":"//*[@id=\"__tile117\"]"}
RESULT: {"using":"xpath","value":"//*[@id=\"__tile117\"]"}
COMMAND: POST /session/e44526e052a1670125e85f4cf92ba029/element/f.A1DCFEC41B3517C11530D0F7A218328C.d.99A377B6CBC0A07D5C856A54ABC4358E.e.4781/click - {}
RESULT: undefined
COMMAND: POST /session/e44526e052a1670125e85f4cf92ba029/execute/async - {"script":"<script> [6424 bytes]","args":[{"element-6066-11e4-a52e-4f735466cecf":"f.A1DCFEC41B3517C11530D0F7A218328C.d.99A377B6CBC0A07D5C856A54ABC4358E.e.291"},"getTitle",[]]}
COMMAND: POST /session/e44526e052a1670125e85f4cf92ba029/execute/async - {"script":"<script> [1562 bytes]","args":[{"selector":{"id":"shellAppTitle"},"wdio_ui5_key":"shellAppTitle"}]}
RESULT: {"script":"<script> [1562 bytes]","args":[{"selector":{"id":"shellAppTitle"},"wdio_ui5_key":"shellAppTitle"}]}
COMMAND: POST /session/e44526e052a1670125e85f4cf92ba029/execute/async - {"script":"<script> [6424 bytes]","args":[{"element-6066-11e4-a52e-4f735466cecf":"f.A1DCFEC41B3517C11530D0F7A218328C.d.99A377B6CBC0A07D5C856A54ABC4358E.e.4961"},"getTitle",[]]}
RESULT: {"script":"<script> [6424 bytes]","args":[{"element-6066-11e4-a52e-4f735466cecf":"f.A1DCFEC41B3517C11530D0F7A218328C.d.99A377B6CBC0A07D5C856A54ABC4358E.e.4961"},"getTitle",[]]}
RESULT: undefined
COMMAND: POST /session/e44526e052a1670125e85f4cf92ba029/element/f.A1DCFEC41B3517C11530D0F7A218328C.d.99A377B6CBC0A07D5C856A54ABC4358E.e.4779/click - {}
RESULT: {}
COMMAND: GET /session/e44526e052a1670125e85f4cf92ba029/screenshot - {}
RESULT: {}
]]></system-out>
    </testcase>
    <testcase classname="chrome.137_0_7151_56.windows.Sanity_Tests_US104253" name="Should open Performance Monitor page" time="36.393">
      <system-out><![CDATA[
COMMAND: POST /session/e44526e052a1670125e85f4cf92ba029/execute/async - {"script":"<script> [1562 bytes]","args":[{"selector":{"controlType":"sap.m.GenericTile","properties":{"header":"Performance Monitor"}},"wdio_ui5_key":"sapm.GenericTile{\"header\":\"Performance Monitor\"}"}]}
RESULT: {"script":"<script> [1562 bytes]","args":[{"selector":{"controlType":"sap.m.GenericTile","properties":{"header":"Performance Monitor"}},"wdio_ui5_key":"sapm.GenericTile{\"header\":\"Performance Monitor\"}"}]}
RESULT: undefined
COMMAND: POST /session/e44526e052a1670125e85f4cf92ba029/element - {"using":"xpath","value":"//*[@id=\"__tile116\"]"}
RESULT: {"using":"xpath","value":"//*[@id=\"__tile116\"]"}
COMMAND: POST /session/e44526e052a1670125e85f4cf92ba029/element/f.A1DCFEC41B3517C11530D0F7A218328C.d.99A377B6CBC0A07D5C856A54ABC4358E.e.4963/click - {}
RESULT: {}
COMMAND: GET /session/e44526e052a1670125e85f4cf92ba029/screenshot - {}
RESULT: {}
COMMAND: POST /session/e44526e052a1670125e85f4cf92ba029/elements - {"using":"xpath","value":"//span[text()='Error']"}
RESULT: {"using":"xpath","value":"//span[text()='Error']"}
RESULT: undefined
COMMAND: POST /session/e44526e052a1670125e85f4cf92ba029/element - {"using":"xpath","value":"//*[@id=\"__tile116\"]"}
RESULT: {"using":"xpath","value":"//*[@id=\"__tile116\"]"}
COMMAND: POST /session/e44526e052a1670125e85f4cf92ba029/element/f.A1DCFEC41B3517C11530D0F7A218328C.d.99A377B6CBC0A07D5C856A54ABC4358E.e.4963/click - {}
RESULT: undefined
COMMAND: POST /session/e44526e052a1670125e85f4cf92ba029/element - {"using":"xpath","value":"//*[@id=\"__tile116\"]"}
RESULT: {"using":"xpath","value":"//*[@id=\"__tile116\"]"}
COMMAND: POST /session/e44526e052a1670125e85f4cf92ba029/element/f.A1DCFEC41B3517C11530D0F7A218328C.d.99A377B6CBC0A07D5C856A54ABC4358E.e.4963/click - {}
RESULT: undefined
COMMAND: POST /session/e44526e052a1670125e85f4cf92ba029/execute/async - {"script":"<script> [6424 bytes]","args":[{"element-6066-11e4-a52e-4f735466cecf":"f.A1DCFEC41B3517C11530D0F7A218328C.d.99A377B6CBC0A07D5C856A54ABC4358E.e.291"},"getTitle",[]]}
COMMAND: POST /session/e44526e052a1670125e85f4cf92ba029/execute/async - {"script":"<script> [1562 bytes]","args":[{"selector":{"id":"shellAppTitle"},"wdio_ui5_key":"shellAppTitle"}]}
RESULT: {"script":"<script> [1562 bytes]","args":[{"selector":{"id":"shellAppTitle"},"wdio_ui5_key":"shellAppTitle"}]}
COMMAND: POST /session/e44526e052a1670125e85f4cf92ba029/execute/async - {"script":"<script> [6424 bytes]","args":[{"element-6066-11e4-a52e-4f735466cecf":"f.A1DCFEC41B3517C11530D0F7A218328C.d.99A377B6CBC0A07D5C856A54ABC4358E.e.5004"},"getTitle",[]]}
RESULT: {"script":"<script> [6424 bytes]","args":[{"element-6066-11e4-a52e-4f735466cecf":"f.A1DCFEC41B3517C11530D0F7A218328C.d.99A377B6CBC0A07D5C856A54ABC4358E.e.5004"},"getTitle",[]]}
RESULT: undefined
COMMAND: POST /session/e44526e052a1670125e85f4cf92ba029/element/f.A1DCFEC41B3517C11530D0F7A218328C.d.99A377B6CBC0A07D5C856A54ABC4358E.e.4779/click - {}
COMMAND: POST /session/e44526e052a1670125e85f4cf92ba029/element - {"using":"xpath","value":"//*[@id=\"backBtn\"]"}
RESULT: {"using":"xpath","value":"//*[@id=\"backBtn\"]"}
COMMAND: POST /session/e44526e052a1670125e85f4cf92ba029/element/f.A1DCFEC41B3517C11530D0F7A218328C.d.99A377B6CBC0A07D5C856A54ABC4358E.e.4779/click - {}
COMMAND: POST /session/e44526e052a1670125e85f4cf92ba029/element - {"using":"xpath","value":"//*[@id=\"backBtn\"]"}
RESULT: {"using":"xpath","value":"//*[@id=\"backBtn\"]"}
COMMAND: POST /session/e44526e052a1670125e85f4cf92ba029/element/f.A1DCFEC41B3517C11530D0F7A218328C.d.99A377B6CBC0A07D5C856A54ABC4358E.e.5005/click - {}
RESULT: {}
COMMAND: GET /session/e44526e052a1670125e85f4cf92ba029/screenshot - {}
RESULT: {}
]]></system-out>
    </testcase>
    <testcase classname="chrome.137_0_7151_56.windows.Sanity_Tests_US104253" name="Should open Organizational Model page" time="36.872">
      <system-out><![CDATA[
COMMAND: POST /session/e44526e052a1670125e85f4cf92ba029/execute/async - {"script":"<script> [1562 bytes]","args":[{"selector":{"controlType":"sap.m.GenericTile","properties":{"header":"Organizational Model"}},"wdio_ui5_key":"sapm.GenericTile{\"header\":\"Organizational Model\"}"}]}
RESULT: {"script":"<script> [1562 bytes]","args":[{"selector":{"controlType":"sap.m.GenericTile","properties":{"header":"Organizational Model"}},"wdio_ui5_key":"sapm.GenericTile{\"header\":\"Organizational Model\"}"}]}
RESULT: undefined
COMMAND: POST /session/e44526e052a1670125e85f4cf92ba029/element - {"using":"xpath","value":"//*[@id=\"__tile120\"]"}
RESULT: {"using":"xpath","value":"//*[@id=\"__tile120\"]"}
COMMAND: POST /session/e44526e052a1670125e85f4cf92ba029/element/f.A1DCFEC41B3517C11530D0F7A218328C.d.99A377B6CBC0A07D5C856A54ABC4358E.e.5008/click - {}
RESULT: {}
COMMAND: GET /session/e44526e052a1670125e85f4cf92ba029/screenshot - {}
RESULT: {}
COMMAND: POST /session/e44526e052a1670125e85f4cf92ba029/elements - {"using":"xpath","value":"//span[text()='Error']"}
RESULT: {"using":"xpath","value":"//span[text()='Error']"}
RESULT: undefined
COMMAND: POST /session/e44526e052a1670125e85f4cf92ba029/element - {"using":"xpath","value":"//*[@id=\"__tile120\"]"}
RESULT: {"using":"xpath","value":"//*[@id=\"__tile120\"]"}
COMMAND: POST /session/e44526e052a1670125e85f4cf92ba029/element/f.A1DCFEC41B3517C11530D0F7A218328C.d.99A377B6CBC0A07D5C856A54ABC4358E.e.5008/click - {}
RESULT: undefined
COMMAND: POST /session/e44526e052a1670125e85f4cf92ba029/element - {"using":"xpath","value":"//*[@id=\"__tile120\"]"}
RESULT: {"using":"xpath","value":"//*[@id=\"__tile120\"]"}
COMMAND: POST /session/e44526e052a1670125e85f4cf92ba029/element/f.A1DCFEC41B3517C11530D0F7A218328C.d.99A377B6CBC0A07D5C856A54ABC4358E.e.5008/click - {}
RESULT: undefined
COMMAND: POST /session/e44526e052a1670125e85f4cf92ba029/execute/async - {"script":"<script> [6424 bytes]","args":[{"element-6066-11e4-a52e-4f735466cecf":"f.A1DCFEC41B3517C11530D0F7A218328C.d.99A377B6CBC0A07D5C856A54ABC4358E.e.291"},"getTitle",[]]}
COMMAND: POST /session/e44526e052a1670125e85f4cf92ba029/execute/async - {"script":"<script> [1562 bytes]","args":[{"selector":{"id":"shellAppTitle"},"wdio_ui5_key":"shellAppTitle"}]}
RESULT: {"script":"<script> [1562 bytes]","args":[{"selector":{"id":"shellAppTitle"},"wdio_ui5_key":"shellAppTitle"}]}
COMMAND: POST /session/e44526e052a1670125e85f4cf92ba029/execute/async - {"script":"<script> [6424 bytes]","args":[{"element-6066-11e4-a52e-4f735466cecf":"f.A1DCFEC41B3517C11530D0F7A218328C.d.99A377B6CBC0A07D5C856A54ABC4358E.e.5026"},"getTitle",[]]}
RESULT: {"script":"<script> [6424 bytes]","args":[{"element-6066-11e4-a52e-4f735466cecf":"f.A1DCFEC41B3517C11530D0F7A218328C.d.99A377B6CBC0A07D5C856A54ABC4358E.e.5026"},"getTitle",[]]}
RESULT: undefined
COMMAND: POST /session/e44526e052a1670125e85f4cf92ba029/element/f.A1DCFEC41B3517C11530D0F7A218328C.d.99A377B6CBC0A07D5C856A54ABC4358E.e.5005/click - {}
RESULT: {}
COMMAND: GET /session/e44526e052a1670125e85f4cf92ba029/screenshot - {}
RESULT: {}
]]></system-out>
    </testcase>
    <testcase classname="chrome.137_0_7151_56.windows.Sanity_Tests_US104253" name="Should open Manage Roles page" time="38.06">
      <system-out><![CDATA[
COMMAND: POST /session/e44526e052a1670125e85f4cf92ba029/execute/async - {"script":"<script> [1562 bytes]","args":[{"selector":{"controlType":"sap.m.GenericTile","properties":{"header":"Manage Roles"}},"wdio_ui5_key":"sapm.GenericTile{\"header\":\"Manage Roles\"}"}]}
RESULT: {"script":"<script> [1562 bytes]","args":[{"selector":{"controlType":"sap.m.GenericTile","properties":{"header":"Manage Roles"}},"wdio_ui5_key":"sapm.GenericTile{\"header\":\"Manage Roles\"}"}]}
RESULT: undefined
COMMAND: POST /session/e44526e052a1670125e85f4cf92ba029/element - {"using":"xpath","value":"//*[@id=\"__tile119\"]"}
RESULT: {"using":"xpath","value":"//*[@id=\"__tile119\"]"}
COMMAND: POST /session/e44526e052a1670125e85f4cf92ba029/element/f.A1DCFEC41B3517C11530D0F7A218328C.d.99A377B6CBC0A07D5C856A54ABC4358E.e.5028/click - {}
RESULT: {}
COMMAND: GET /session/e44526e052a1670125e85f4cf92ba029/screenshot - {}
RESULT: {}
COMMAND: POST /session/e44526e052a1670125e85f4cf92ba029/elements - {"using":"xpath","value":"//span[text()='Error']"}
RESULT: {"using":"xpath","value":"//span[text()='Error']"}
RESULT: undefined
COMMAND: POST /session/e44526e052a1670125e85f4cf92ba029/element - {"using":"xpath","value":"//*[@id=\"__tile119\"]"}
RESULT: {"using":"xpath","value":"//*[@id=\"__tile119\"]"}
COMMAND: POST /session/e44526e052a1670125e85f4cf92ba029/element/f.A1DCFEC41B3517C11530D0F7A218328C.d.99A377B6CBC0A07D5C856A54ABC4358E.e.5028/click - {}
RESULT: undefined
COMMAND: POST /session/e44526e052a1670125e85f4cf92ba029/element - {"using":"xpath","value":"//*[@id=\"__tile119\"]"}
RESULT: {"using":"xpath","value":"//*[@id=\"__tile119\"]"}
COMMAND: POST /session/e44526e052a1670125e85f4cf92ba029/element/f.A1DCFEC41B3517C11530D0F7A218328C.d.99A377B6CBC0A07D5C856A54ABC4358E.e.5028/click - {}
RESULT: undefined
COMMAND: POST /session/e44526e052a1670125e85f4cf92ba029/execute/async - {"script":"<script> [6424 bytes]","args":[{"element-6066-11e4-a52e-4f735466cecf":"f.A1DCFEC41B3517C11530D0F7A218328C.d.99A377B6CBC0A07D5C856A54ABC4358E.e.291"},"getTitle",[]]}
COMMAND: POST /session/e44526e052a1670125e85f4cf92ba029/execute/async - {"script":"<script> [1562 bytes]","args":[{"selector":{"id":"shellAppTitle"},"wdio_ui5_key":"shellAppTitle"}]}
RESULT: {"script":"<script> [1562 bytes]","args":[{"selector":{"id":"shellAppTitle"},"wdio_ui5_key":"shellAppTitle"}]}
COMMAND: POST /session/e44526e052a1670125e85f4cf92ba029/execute/async - {"script":"<script> [6424 bytes]","args":[{"element-6066-11e4-a52e-4f735466cecf":"f.A1DCFEC41B3517C11530D0F7A218328C.d.99A377B6CBC0A07D5C856A54ABC4358E.e.5074"},"getTitle",[]]}
RESULT: {"script":"<script> [6424 bytes]","args":[{"element-6066-11e4-a52e-4f735466cecf":"f.A1DCFEC41B3517C11530D0F7A218328C.d.99A377B6CBC0A07D5C856A54ABC4358E.e.5074"},"getTitle",[]]}
RESULT: undefined
COMMAND: POST /session/e44526e052a1670125e85f4cf92ba029/element/f.A1DCFEC41B3517C11530D0F7A218328C.d.99A377B6CBC0A07D5C856A54ABC4358E.e.5005/click - {}
COMMAND: POST /session/e44526e052a1670125e85f4cf92ba029/element - {"using":"xpath","value":"//*[@id=\"backBtn\"]"}
RESULT: {"using":"xpath","value":"//*[@id=\"backBtn\"]"}
COMMAND: POST /session/e44526e052a1670125e85f4cf92ba029/element/f.A1DCFEC41B3517C11530D0F7A218328C.d.99A377B6CBC0A07D5C856A54ABC4358E.e.5005/click - {}
COMMAND: POST /session/e44526e052a1670125e85f4cf92ba029/element - {"using":"xpath","value":"//*[@id=\"backBtn\"]"}
RESULT: {"using":"xpath","value":"//*[@id=\"backBtn\"]"}
COMMAND: POST /session/e44526e052a1670125e85f4cf92ba029/element/f.A1DCFEC41B3517C11530D0F7A218328C.d.99A377B6CBC0A07D5C856A54ABC4358E.e.5075/click - {}
RESULT: {}
COMMAND: GET /session/e44526e052a1670125e85f4cf92ba029/screenshot - {}
RESULT: {}
]]></system-out>
    </testcase>
    <testcase classname="chrome.137_0_7151_56.windows.Sanity_Tests_US104253" name="Should open Authorization Tables page" time="35.811">
      <system-out><![CDATA[
COMMAND: POST /session/e44526e052a1670125e85f4cf92ba029/execute/async - {"script":"<script> [1562 bytes]","args":[{"selector":{"controlType":"sap.m.GenericTile","properties":{"header":"Authorization Tables"}},"wdio_ui5_key":"sapm.GenericTile{\"header\":\"Authorization Tables\"}"}]}
RESULT: {"script":"<script> [1562 bytes]","args":[{"selector":{"controlType":"sap.m.GenericTile","properties":{"header":"Authorization Tables"}},"wdio_ui5_key":"sapm.GenericTile{\"header\":\"Authorization Tables\"}"}]}
RESULT: undefined
COMMAND: POST /session/e44526e052a1670125e85f4cf92ba029/element - {"using":"xpath","value":"//*[@id=\"__tile118\"]"}
RESULT: {"using":"xpath","value":"//*[@id=\"__tile118\"]"}
COMMAND: POST /session/e44526e052a1670125e85f4cf92ba029/element/f.A1DCFEC41B3517C11530D0F7A218328C.d.99A377B6CBC0A07D5C856A54ABC4358E.e.5077/click - {}
RESULT: {}
COMMAND: GET /session/e44526e052a1670125e85f4cf92ba029/screenshot - {}
RESULT: {}
COMMAND: POST /session/e44526e052a1670125e85f4cf92ba029/elements - {"using":"xpath","value":"//span[text()='Error']"}
RESULT: {"using":"xpath","value":"//span[text()='Error']"}
RESULT: undefined
COMMAND: POST /session/e44526e052a1670125e85f4cf92ba029/element - {"using":"xpath","value":"//*[@id=\"__tile118\"]"}
RESULT: {"using":"xpath","value":"//*[@id=\"__tile118\"]"}
COMMAND: POST /session/e44526e052a1670125e85f4cf92ba029/element/f.A1DCFEC41B3517C11530D0F7A218328C.d.99A377B6CBC0A07D5C856A54ABC4358E.e.5077/click - {}
RESULT: undefined
COMMAND: POST /session/e44526e052a1670125e85f4cf92ba029/element - {"using":"xpath","value":"//*[@id=\"__tile118\"]"}
RESULT: {"using":"xpath","value":"//*[@id=\"__tile118\"]"}
COMMAND: POST /session/e44526e052a1670125e85f4cf92ba029/element/f.A1DCFEC41B3517C11530D0F7A218328C.d.99A377B6CBC0A07D5C856A54ABC4358E.e.5077/click - {}
RESULT: undefined
COMMAND: POST /session/e44526e052a1670125e85f4cf92ba029/execute/async - {"script":"<script> [6424 bytes]","args":[{"element-6066-11e4-a52e-4f735466cecf":"f.A1DCFEC41B3517C11530D0F7A218328C.d.99A377B6CBC0A07D5C856A54ABC4358E.e.291"},"getTitle",[]]}
COMMAND: POST /session/e44526e052a1670125e85f4cf92ba029/execute/async - {"script":"<script> [1562 bytes]","args":[{"selector":{"id":"shellAppTitle"},"wdio_ui5_key":"shellAppTitle"}]}
RESULT: {"script":"<script> [1562 bytes]","args":[{"selector":{"id":"shellAppTitle"},"wdio_ui5_key":"shellAppTitle"}]}
COMMAND: POST /session/e44526e052a1670125e85f4cf92ba029/execute/async - {"script":"<script> [6424 bytes]","args":[{"element-6066-11e4-a52e-4f735466cecf":"f.A1DCFEC41B3517C11530D0F7A218328C.d.99A377B6CBC0A07D5C856A54ABC4358E.e.5176"},"getTitle",[]]}
RESULT: {"script":"<script> [6424 bytes]","args":[{"element-6066-11e4-a52e-4f735466cecf":"f.A1DCFEC41B3517C11530D0F7A218328C.d.99A377B6CBC0A07D5C856A54ABC4358E.e.5176"},"getTitle",[]]}
RESULT: undefined
COMMAND: POST /session/e44526e052a1670125e85f4cf92ba029/element/f.A1DCFEC41B3517C11530D0F7A218328C.d.99A377B6CBC0A07D5C856A54ABC4358E.e.5075/click - {}
RESULT: {}
COMMAND: GET /session/e44526e052a1670125e85f4cf92ba029/screenshot - {}
RESULT: {}
]]></system-out>
    </testcase>
    <testcase classname="chrome.137_0_7151_56.windows.Sanity_Tests_US104253" name="Should open User Maintenance page" time="36.487">
      <system-out><![CDATA[
COMMAND: POST /session/e44526e052a1670125e85f4cf92ba029/execute/async - {"script":"<script> [1562 bytes]","args":[{"selector":{"controlType":"sap.m.GenericTile","properties":{"header":"User Maintenance"}},"wdio_ui5_key":"sapm.GenericTile{\"header\":\"User Maintenance\"}"}]}
RESULT: {"script":"<script> [1562 bytes]","args":[{"selector":{"controlType":"sap.m.GenericTile","properties":{"header":"User Maintenance"}},"wdio_ui5_key":"sapm.GenericTile{\"header\":\"User Maintenance\"}"}]}
RESULT: undefined
COMMAND: POST /session/e44526e052a1670125e85f4cf92ba029/element - {"using":"xpath","value":"//*[@id=\"__tile121\"]"}
RESULT: {"using":"xpath","value":"//*[@id=\"__tile121\"]"}
COMMAND: POST /session/e44526e052a1670125e85f4cf92ba029/element/f.A1DCFEC41B3517C11530D0F7A218328C.d.99A377B6CBC0A07D5C856A54ABC4358E.e.5178/click - {}
RESULT: {}
COMMAND: GET /session/e44526e052a1670125e85f4cf92ba029/screenshot - {}
RESULT: {}
COMMAND: POST /session/e44526e052a1670125e85f4cf92ba029/elements - {"using":"xpath","value":"//span[text()='Error']"}
RESULT: {"using":"xpath","value":"//span[text()='Error']"}
RESULT: undefined
COMMAND: POST /session/e44526e052a1670125e85f4cf92ba029/element - {"using":"xpath","value":"//*[@id=\"__tile121\"]"}
RESULT: {"using":"xpath","value":"//*[@id=\"__tile121\"]"}
COMMAND: POST /session/e44526e052a1670125e85f4cf92ba029/element/f.A1DCFEC41B3517C11530D0F7A218328C.d.99A377B6CBC0A07D5C856A54ABC4358E.e.5178/click - {}
RESULT: undefined
COMMAND: POST /session/e44526e052a1670125e85f4cf92ba029/element - {"using":"xpath","value":"//*[@id=\"__tile121\"]"}
RESULT: {"using":"xpath","value":"//*[@id=\"__tile121\"]"}
COMMAND: POST /session/e44526e052a1670125e85f4cf92ba029/element/f.A1DCFEC41B3517C11530D0F7A218328C.d.99A377B6CBC0A07D5C856A54ABC4358E.e.5178/click - {}
RESULT: undefined
COMMAND: POST /session/e44526e052a1670125e85f4cf92ba029/execute/async - {"script":"<script> [6424 bytes]","args":[{"element-6066-11e4-a52e-4f735466cecf":"f.A1DCFEC41B3517C11530D0F7A218328C.d.99A377B6CBC0A07D5C856A54ABC4358E.e.291"},"getTitle",[]]}
COMMAND: POST /session/e44526e052a1670125e85f4cf92ba029/execute/async - {"script":"<script> [1562 bytes]","args":[{"selector":{"id":"shellAppTitle"},"wdio_ui5_key":"shellAppTitle"}]}
RESULT: {"script":"<script> [1562 bytes]","args":[{"selector":{"id":"shellAppTitle"},"wdio_ui5_key":"shellAppTitle"}]}
COMMAND: POST /session/e44526e052a1670125e85f4cf92ba029/execute/async - {"script":"<script> [6424 bytes]","args":[{"element-6066-11e4-a52e-4f735466cecf":"f.A1DCFEC41B3517C11530D0F7A218328C.d.99A377B6CBC0A07D5C856A54ABC4358E.e.5269"},"getTitle",[]]}
RESULT: {"script":"<script> [6424 bytes]","args":[{"element-6066-11e4-a52e-4f735466cecf":"f.A1DCFEC41B3517C11530D0F7A218328C.d.99A377B6CBC0A07D5C856A54ABC4358E.e.5269"},"getTitle",[]]}
RESULT: undefined
COMMAND: POST /session/e44526e052a1670125e85f4cf92ba029/element/f.A1DCFEC41B3517C11530D0F7A218328C.d.99A377B6CBC0A07D5C856A54ABC4358E.e.5075/click - {}
COMMAND: POST /session/e44526e052a1670125e85f4cf92ba029/element - {"using":"xpath","value":"//*[@id=\"backBtn\"]"}
RESULT: {"using":"xpath","value":"//*[@id=\"backBtn\"]"}
COMMAND: POST /session/e44526e052a1670125e85f4cf92ba029/element/f.A1DCFEC41B3517C11530D0F7A218328C.d.99A377B6CBC0A07D5C856A54ABC4358E.e.5075/click - {}
COMMAND: POST /session/e44526e052a1670125e85f4cf92ba029/element - {"using":"xpath","value":"//*[@id=\"backBtn\"]"}
RESULT: {"using":"xpath","value":"//*[@id=\"backBtn\"]"}
COMMAND: POST /session/e44526e052a1670125e85f4cf92ba029/element/f.A1DCFEC41B3517C11530D0F7A218328C.d.99A377B6CBC0A07D5C856A54ABC4358E.e.5270/click - {}
RESULT: {}
COMMAND: GET /session/e44526e052a1670125e85f4cf92ba029/screenshot - {}
RESULT: {}
]]></system-out>
    </testcase>
    <testcase classname="chrome.137_0_7151_56.windows.Sanity_Tests_US104253" name="Should open Schedule Jobs page" time="35.716">
      <system-out><![CDATA[
COMMAND: POST /session/e44526e052a1670125e85f4cf92ba029/execute/async - {"script":"<script> [1562 bytes]","args":[{"selector":{"controlType":"sap.m.GenericTile","properties":{"header":"Schedule Jobs"}},"wdio_ui5_key":"sapm.GenericTile{\"header\":\"Schedule Jobs\"}"}]}
RESULT: {"script":"<script> [1562 bytes]","args":[{"selector":{"controlType":"sap.m.GenericTile","properties":{"header":"Schedule Jobs"}},"wdio_ui5_key":"sapm.GenericTile{\"header\":\"Schedule Jobs\"}"}]}
RESULT: undefined
COMMAND: POST /session/e44526e052a1670125e85f4cf92ba029/element - {"using":"xpath","value":"//*[@id=\"__tile127\"]"}
RESULT: {"using":"xpath","value":"//*[@id=\"__tile127\"]"}
COMMAND: POST /session/e44526e052a1670125e85f4cf92ba029/element/f.A1DCFEC41B3517C11530D0F7A218328C.d.99A377B6CBC0A07D5C856A54ABC4358E.e.5274/click - {}
RESULT: {}
COMMAND: GET /session/e44526e052a1670125e85f4cf92ba029/screenshot - {}
RESULT: {}
COMMAND: POST /session/e44526e052a1670125e85f4cf92ba029/elements - {"using":"xpath","value":"//span[text()='Error']"}
RESULT: {"using":"xpath","value":"//span[text()='Error']"}
RESULT: undefined
COMMAND: POST /session/e44526e052a1670125e85f4cf92ba029/element - {"using":"xpath","value":"//*[@id=\"__tile127\"]"}
RESULT: {"using":"xpath","value":"//*[@id=\"__tile127\"]"}
COMMAND: POST /session/e44526e052a1670125e85f4cf92ba029/element/f.A1DCFEC41B3517C11530D0F7A218328C.d.99A377B6CBC0A07D5C856A54ABC4358E.e.5274/click - {}
RESULT: undefined
COMMAND: POST /session/e44526e052a1670125e85f4cf92ba029/element - {"using":"xpath","value":"//*[@id=\"__tile127\"]"}
RESULT: {"using":"xpath","value":"//*[@id=\"__tile127\"]"}
COMMAND: POST /session/e44526e052a1670125e85f4cf92ba029/element/f.A1DCFEC41B3517C11530D0F7A218328C.d.99A377B6CBC0A07D5C856A54ABC4358E.e.5274/click - {}
RESULT: undefined
COMMAND: POST /session/e44526e052a1670125e85f4cf92ba029/execute/async - {"script":"<script> [6424 bytes]","args":[{"element-6066-11e4-a52e-4f735466cecf":"f.A1DCFEC41B3517C11530D0F7A218328C.d.99A377B6CBC0A07D5C856A54ABC4358E.e.291"},"getTitle",[]]}
COMMAND: POST /session/e44526e052a1670125e85f4cf92ba029/execute/async - {"script":"<script> [1562 bytes]","args":[{"selector":{"id":"shellAppTitle"},"wdio_ui5_key":"shellAppTitle"}]}
RESULT: {"script":"<script> [1562 bytes]","args":[{"selector":{"id":"shellAppTitle"},"wdio_ui5_key":"shellAppTitle"}]}
COMMAND: POST /session/e44526e052a1670125e85f4cf92ba029/execute/async - {"script":"<script> [6424 bytes]","args":[{"element-6066-11e4-a52e-4f735466cecf":"f.A1DCFEC41B3517C11530D0F7A218328C.d.99A377B6CBC0A07D5C856A54ABC4358E.e.5319"},"getTitle",[]]}
RESULT: {"script":"<script> [6424 bytes]","args":[{"element-6066-11e4-a52e-4f735466cecf":"f.A1DCFEC41B3517C11530D0F7A218328C.d.99A377B6CBC0A07D5C856A54ABC4358E.e.5319"},"getTitle",[]]}
RESULT: undefined
COMMAND: POST /session/e44526e052a1670125e85f4cf92ba029/element/f.A1DCFEC41B3517C11530D0F7A218328C.d.99A377B6CBC0A07D5C856A54ABC4358E.e.5270/click - {}
COMMAND: POST /session/e44526e052a1670125e85f4cf92ba029/element/f.A1DCFEC41B3517C11530D0F7A218328C.d.99A377B6CBC0A07D5C856A54ABC4358E.e.5270/click - {}
RESULT: {}
COMMAND: GET /session/e44526e052a1670125e85f4cf92ba029/screenshot - {}
COMMAND: POST /session/e44526e052a1670125e85f4cf92ba029/element - {"using":"xpath","value":"//*[@id=\"backBtn\"]"}
RESULT: {}
RESULT: {"using":"xpath","value":"//*[@id=\"backBtn\"]"}
COMMAND: POST /session/e44526e052a1670125e85f4cf92ba029/elements - {"using":"xpath","value":"//*[@id=\"backBtn\"]"}
RESULT: {"using":"xpath","value":"//*[@id=\"backBtn\"]"}
COMMAND: POST /session/e44526e052a1670125e85f4cf92ba029/elements - {"using":"xpath","value":"//*[@id=\"backBtn\"]"}
RESULT: {"using":"xpath","value":"//*[@id=\"backBtn\"]"}
COMMAND: POST /session/e44526e052a1670125e85f4cf92ba029/elements - {"using":"xpath","value":"//*[@id=\"backBtn\"]"}
RESULT: {"using":"xpath","value":"//*[@id=\"backBtn\"]"}
COMMAND: POST /session/e44526e052a1670125e85f4cf92ba029/elements - {"using":"xpath","value":"//*[@id=\"backBtn\"]"}
RESULT: {"using":"xpath","value":"//*[@id=\"backBtn\"]"}
COMMAND: POST /session/e44526e052a1670125e85f4cf92ba029/elements - {"using":"xpath","value":"//*[@id=\"backBtn\"]"}
RESULT: {"using":"xpath","value":"//*[@id=\"backBtn\"]"}
COMMAND: POST /session/e44526e052a1670125e85f4cf92ba029/elements - {"using":"xpath","value":"//*[@id=\"backBtn\"]"}
RESULT: {"using":"xpath","value":"//*[@id=\"backBtn\"]"}
COMMAND: POST /session/e44526e052a1670125e85f4cf92ba029/elements - {"using":"xpath","value":"//*[@id=\"backBtn\"]"}
RESULT: {"using":"xpath","value":"//*[@id=\"backBtn\"]"}
COMMAND: POST /session/e44526e052a1670125e85f4cf92ba029/elements - {"using":"xpath","value":"//*[@id=\"backBtn\"]"}
RESULT: {"using":"xpath","value":"//*[@id=\"backBtn\"]"}
COMMAND: POST /session/e44526e052a1670125e85f4cf92ba029/elements - {"using":"xpath","value":"//*[@id=\"backBtn\"]"}
RESULT: {"using":"xpath","value":"//*[@id=\"backBtn\"]"}
COMMAND: POST /session/e44526e052a1670125e85f4cf92ba029/elements - {"using":"xpath","value":"//*[@id=\"backBtn\"]"}
RESULT: {"using":"xpath","value":"//*[@id=\"backBtn\"]"}
COMMAND: POST /session/e44526e052a1670125e85f4cf92ba029/elements - {"using":"xpath","value":"//*[@id=\"backBtn\"]"}
RESULT: {"using":"xpath","value":"//*[@id=\"backBtn\"]"}
COMMAND: POST /session/e44526e052a1670125e85f4cf92ba029/elements - {"using":"xpath","value":"//*[@id=\"backBtn\"]"}
RESULT: {"using":"xpath","value":"//*[@id=\"backBtn\"]"}
COMMAND: POST /session/e44526e052a1670125e85f4cf92ba029/elements - {"using":"xpath","value":"//*[@id=\"backBtn\"]"}
RESULT: {"using":"xpath","value":"//*[@id=\"backBtn\"]"}
COMMAND: POST /session/e44526e052a1670125e85f4cf92ba029/elements - {"using":"xpath","value":"//*[@id=\"backBtn\"]"}
RESULT: {"using":"xpath","value":"//*[@id=\"backBtn\"]"}
COMMAND: POST /session/e44526e052a1670125e85f4cf92ba029/elements - {"using":"xpath","value":"//*[@id=\"backBtn\"]"}
RESULT: {"using":"xpath","value":"//*[@id=\"backBtn\"]"}
COMMAND: POST /session/e44526e052a1670125e85f4cf92ba029/elements - {"using":"xpath","value":"//*[@id=\"backBtn\"]"}
RESULT: {"using":"xpath","value":"//*[@id=\"backBtn\"]"}
COMMAND: POST /session/e44526e052a1670125e85f4cf92ba029/elements - {"using":"xpath","value":"//*[@id=\"backBtn\"]"}
RESULT: {"using":"xpath","value":"//*[@id=\"backBtn\"]"}
COMMAND: POST /session/e44526e052a1670125e85f4cf92ba029/elements - {"using":"xpath","value":"//*[@id=\"backBtn\"]"}
RESULT: {"using":"xpath","value":"//*[@id=\"backBtn\"]"}
COMMAND: POST /session/e44526e052a1670125e85f4cf92ba029/elements - {"using":"xpath","value":"//*[@id=\"backBtn\"]"}
RESULT: {"using":"xpath","value":"//*[@id=\"backBtn\"]"}
COMMAND: POST /session/e44526e052a1670125e85f4cf92ba029/elements - {"using":"xpath","value":"//*[@id=\"backBtn\"]"}
RESULT: {"using":"xpath","value":"//*[@id=\"backBtn\"]"}
]]></system-out>
    </testcase>
    <testcase classname="chrome.137_0_7151_56.windows.Sanity_Tests_US104253" name="Should open Jobs Setup page" time="37.249">
      <system-out><![CDATA[
COMMAND: POST /session/e44526e052a1670125e85f4cf92ba029/execute/async - {"script":"<script> [1562 bytes]","args":[{"selector":{"controlType":"sap.m.GenericTile","properties":{"header":"Jobs Setup"}},"wdio_ui5_key":"sapm.GenericTile{\"header\":\"Jobs Setup\"}"}]}
COMMAND: POST /session/e44526e052a1670125e85f4cf92ba029/elements - {"using":"xpath","value":"//*[@id=\"backBtn\"]"}
RESULT: {"script":"<script> [1562 bytes]","args":[{"selector":{"controlType":"sap.m.GenericTile","properties":{"header":"Jobs Setup"}},"wdio_ui5_key":"sapm.GenericTile{\"header\":\"Jobs Setup\"}"}]}
RESULT: undefined
COMMAND: POST /session/e44526e052a1670125e85f4cf92ba029/element - {"using":"xpath","value":"//*[@id=\"__tile128\"]"}
RESULT: {"using":"xpath","value":"//*[@id=\"backBtn\"]"}
RESULT: {"using":"xpath","value":"//*[@id=\"__tile128\"]"}
COMMAND: POST /session/e44526e052a1670125e85f4cf92ba029/element/f.A1DCFEC41B3517C11530D0F7A218328C.d.99A377B6CBC0A07D5C856A54ABC4358E.e.5321/click - {}
COMMAND: POST /session/e44526e052a1670125e85f4cf92ba029/elements - {"using":"xpath","value":"//*[@id=\"backBtn\"]"}
RESULT: {}
COMMAND: GET /session/e44526e052a1670125e85f4cf92ba029/screenshot - {}
RESULT: {"using":"xpath","value":"//*[@id=\"backBtn\"]"}
RESULT: {}
COMMAND: POST /session/e44526e052a1670125e85f4cf92ba029/elements - {"using":"xpath","value":"//*[@id=\"backBtn\"]"}
RESULT: {"using":"xpath","value":"//*[@id=\"backBtn\"]"}
COMMAND: POST /session/e44526e052a1670125e85f4cf92ba029/elements - {"using":"xpath","value":"//*[@id=\"backBtn\"]"}
RESULT: {"using":"xpath","value":"//*[@id=\"backBtn\"]"}
COMMAND: POST /session/e44526e052a1670125e85f4cf92ba029/element - {"using":"xpath","value":"//*[@id=\"backBtn\"]"}
RESULT: {"using":"xpath","value":"//*[@id=\"backBtn\"]"}
COMMAND: POST /session/e44526e052a1670125e85f4cf92ba029/element/f.A1DCFEC41B3517C11530D0F7A218328C.d.99A377B6CBC0A07D5C856A54ABC4358E.e.5270/click - {}
COMMAND: POST /session/e44526e052a1670125e85f4cf92ba029/element - {"using":"xpath","value":"//*[@id=\"backBtn\"]"}
RESULT: {"using":"xpath","value":"//*[@id=\"backBtn\"]"}
COMMAND: POST /session/e44526e052a1670125e85f4cf92ba029/element/f.A1DCFEC41B3517C11530D0F7A218328C.d.99A377B6CBC0A07D5C856A54ABC4358E.e.5376/click - {}
RESULT: {}
COMMAND: GET /session/e44526e052a1670125e85f4cf92ba029/screenshot - {}
RESULT: {}
COMMAND: POST /session/e44526e052a1670125e85f4cf92ba029/elements - {"using":"xpath","value":"//span[text()='Error']"}
RESULT: {"using":"xpath","value":"//span[text()='Error']"}
RESULT: undefined
COMMAND: POST /session/e44526e052a1670125e85f4cf92ba029/element - {"using":"xpath","value":"//*[@id=\"__tile128\"]"}
RESULT: {"using":"xpath","value":"//*[@id=\"__tile128\"]"}
COMMAND: POST /session/e44526e052a1670125e85f4cf92ba029/element/f.A1DCFEC41B3517C11530D0F7A218328C.d.99A377B6CBC0A07D5C856A54ABC4358E.e.5321/click - {}
RESULT: undefined
COMMAND: POST /session/e44526e052a1670125e85f4cf92ba029/element - {"using":"xpath","value":"//*[@id=\"__tile128\"]"}
RESULT: {"using":"xpath","value":"//*[@id=\"__tile128\"]"}
COMMAND: POST /session/e44526e052a1670125e85f4cf92ba029/element/f.A1DCFEC41B3517C11530D0F7A218328C.d.99A377B6CBC0A07D5C856A54ABC4358E.e.5321/click - {}
RESULT: undefined
COMMAND: POST /session/e44526e052a1670125e85f4cf92ba029/execute/async - {"script":"<script> [6424 bytes]","args":[{"element-6066-11e4-a52e-4f735466cecf":"f.A1DCFEC41B3517C11530D0F7A218328C.d.99A377B6CBC0A07D5C856A54ABC4358E.e.291"},"getTitle",[]]}
COMMAND: POST /session/e44526e052a1670125e85f4cf92ba029/execute/async - {"script":"<script> [1562 bytes]","args":[{"selector":{"id":"shellAppTitle"},"wdio_ui5_key":"shellAppTitle"}]}
RESULT: {"script":"<script> [1562 bytes]","args":[{"selector":{"id":"shellAppTitle"},"wdio_ui5_key":"shellAppTitle"}]}
COMMAND: POST /session/e44526e052a1670125e85f4cf92ba029/execute/async - {"script":"<script> [6424 bytes]","args":[{"element-6066-11e4-a52e-4f735466cecf":"f.A1DCFEC41B3517C11530D0F7A218328C.d.99A377B6CBC0A07D5C856A54ABC4358E.e.5456"},"getTitle",[]]}
RESULT: {"script":"<script> [6424 bytes]","args":[{"element-6066-11e4-a52e-4f735466cecf":"f.A1DCFEC41B3517C11530D0F7A218328C.d.99A377B6CBC0A07D5C856A54ABC4358E.e.5456"},"getTitle",[]]}
RESULT: undefined
COMMAND: POST /session/e44526e052a1670125e85f4cf92ba029/element/f.A1DCFEC41B3517C11530D0F7A218328C.d.99A377B6CBC0A07D5C856A54ABC4358E.e.5376/click - {}
COMMAND: POST /session/e44526e052a1670125e85f4cf92ba029/element/f.A1DCFEC41B3517C11530D0F7A218328C.d.99A377B6CBC0A07D5C856A54ABC4358E.e.5376/click - {}
RESULT: {}
COMMAND: GET /session/e44526e052a1670125e85f4cf92ba029/screenshot - {}
RESULT: {}
COMMAND: GET /session/e44526e052a1670125e85f4cf92ba029/screenshot - {}
RESULT: {}
RESULT: {}
]]></system-out>
    </testcase>
    <testcase classname="chrome.137_0_7151_56.windows.Sanity_Tests_US104253" name="Should open Target Systems Configuration page" time="36.338">
      <system-out><![CDATA[
COMMAND: POST /session/e44526e052a1670125e85f4cf92ba029/execute/async - {"script":"<script> [1562 bytes]","args":[{"selector":{"controlType":"sap.m.GenericTile","properties":{"header":"Target Systems Configuration"}},"wdio_ui5_key":"sapm.GenericTile{\"header\":\"Target Systems Configuration\"}"}]}
RESULT: {"script":"<script> [1562 bytes]","args":[{"selector":{"controlType":"sap.m.GenericTile","properties":{"header":"Target Systems Configuration"}},"wdio_ui5_key":"sapm.GenericTile{\"header\":\"Target Systems Configuration\"}"}]}
RESULT: undefined
COMMAND: POST /session/e44526e052a1670125e85f4cf92ba029/element - {"using":"xpath","value":"//*[@id=\"__tile129\"]"}
RESULT: {"using":"xpath","value":"//*[@id=\"__tile129\"]"}
COMMAND: POST /session/e44526e052a1670125e85f4cf92ba029/element/f.A1DCFEC41B3517C11530D0F7A218328C.d.99A377B6CBC0A07D5C856A54ABC4358E.e.5460/click - {}
RESULT: {}
COMMAND: GET /session/e44526e052a1670125e85f4cf92ba029/screenshot - {}
RESULT: {}
COMMAND: POST /session/e44526e052a1670125e85f4cf92ba029/elements - {"using":"xpath","value":"//span[text()='Error']"}
RESULT: {"using":"xpath","value":"//span[text()='Error']"}
RESULT: undefined
COMMAND: POST /session/e44526e052a1670125e85f4cf92ba029/element - {"using":"xpath","value":"//*[@id=\"__tile129\"]"}
RESULT: {"using":"xpath","value":"//*[@id=\"__tile129\"]"}
COMMAND: POST /session/e44526e052a1670125e85f4cf92ba029/element/f.A1DCFEC41B3517C11530D0F7A218328C.d.99A377B6CBC0A07D5C856A54ABC4358E.e.5460/click - {}
RESULT: undefined
COMMAND: POST /session/e44526e052a1670125e85f4cf92ba029/element - {"using":"xpath","value":"//*[@id=\"__tile129\"]"}
RESULT: {"using":"xpath","value":"//*[@id=\"__tile129\"]"}
COMMAND: POST /session/e44526e052a1670125e85f4cf92ba029/element/f.A1DCFEC41B3517C11530D0F7A218328C.d.99A377B6CBC0A07D5C856A54ABC4358E.e.5460/click - {}
RESULT: undefined
COMMAND: POST /session/e44526e052a1670125e85f4cf92ba029/execute/async - {"script":"<script> [6424 bytes]","args":[{"element-6066-11e4-a52e-4f735466cecf":"f.A1DCFEC41B3517C11530D0F7A218328C.d.99A377B6CBC0A07D5C856A54ABC4358E.e.291"},"getTitle",[]]}
COMMAND: POST /session/e44526e052a1670125e85f4cf92ba029/execute/async - {"script":"<script> [1562 bytes]","args":[{"selector":{"id":"shellAppTitle"},"wdio_ui5_key":"shellAppTitle"}]}
RESULT: {"script":"<script> [1562 bytes]","args":[{"selector":{"id":"shellAppTitle"},"wdio_ui5_key":"shellAppTitle"}]}
COMMAND: POST /session/e44526e052a1670125e85f4cf92ba029/execute/async - {"script":"<script> [6424 bytes]","args":[{"element-6066-11e4-a52e-4f735466cecf":"f.A1DCFEC41B3517C11530D0F7A218328C.d.99A377B6CBC0A07D5C856A54ABC4358E.e.5536"},"getTitle",[]]}
RESULT: {"script":"<script> [6424 bytes]","args":[{"element-6066-11e4-a52e-4f735466cecf":"f.A1DCFEC41B3517C11530D0F7A218328C.d.99A377B6CBC0A07D5C856A54ABC4358E.e.5536"},"getTitle",[]]}
RESULT: undefined
COMMAND: POST /session/e44526e052a1670125e85f4cf92ba029/element/f.A1DCFEC41B3517C11530D0F7A218328C.d.99A377B6CBC0A07D5C856A54ABC4358E.e.5376/click - {}
COMMAND: POST /session/e44526e052a1670125e85f4cf92ba029/element/f.A1DCFEC41B3517C11530D0F7A218328C.d.99A377B6CBC0A07D5C856A54ABC4358E.e.5376/click - {}
RESULT: {}
COMMAND: GET /session/e44526e052a1670125e85f4cf92ba029/screenshot - {}
COMMAND: POST /session/e44526e052a1670125e85f4cf92ba029/element - {"using":"xpath","value":"//*[@id=\"backBtn\"]"}
RESULT: {}
RESULT: {"using":"xpath","value":"//*[@id=\"backBtn\"]"}
COMMAND: POST /session/e44526e052a1670125e85f4cf92ba029/elements - {"using":"xpath","value":"//*[@id=\"backBtn\"]"}
RESULT: {"using":"xpath","value":"//*[@id=\"backBtn\"]"}
COMMAND: POST /session/e44526e052a1670125e85f4cf92ba029/elements - {"using":"xpath","value":"//*[@id=\"backBtn\"]"}
RESULT: {"using":"xpath","value":"//*[@id=\"backBtn\"]"}
COMMAND: POST /session/e44526e052a1670125e85f4cf92ba029/elements - {"using":"xpath","value":"//*[@id=\"backBtn\"]"}
RESULT: {"using":"xpath","value":"//*[@id=\"backBtn\"]"}
COMMAND: POST /session/e44526e052a1670125e85f4cf92ba029/elements - {"using":"xpath","value":"//*[@id=\"backBtn\"]"}
RESULT: {"using":"xpath","value":"//*[@id=\"backBtn\"]"}
COMMAND: POST /session/e44526e052a1670125e85f4cf92ba029/elements - {"using":"xpath","value":"//*[@id=\"backBtn\"]"}
RESULT: {"using":"xpath","value":"//*[@id=\"backBtn\"]"}
COMMAND: POST /session/e44526e052a1670125e85f4cf92ba029/elements - {"using":"xpath","value":"//*[@id=\"backBtn\"]"}
RESULT: {"using":"xpath","value":"//*[@id=\"backBtn\"]"}
COMMAND: POST /session/e44526e052a1670125e85f4cf92ba029/elements - {"using":"xpath","value":"//*[@id=\"backBtn\"]"}
RESULT: {"using":"xpath","value":"//*[@id=\"backBtn\"]"}
COMMAND: POST /session/e44526e052a1670125e85f4cf92ba029/elements - {"using":"xpath","value":"//*[@id=\"backBtn\"]"}
RESULT: {"using":"xpath","value":"//*[@id=\"backBtn\"]"}
COMMAND: POST /session/e44526e052a1670125e85f4cf92ba029/elements - {"using":"xpath","value":"//*[@id=\"backBtn\"]"}
RESULT: {"using":"xpath","value":"//*[@id=\"backBtn\"]"}
COMMAND: POST /session/e44526e052a1670125e85f4cf92ba029/elements - {"using":"xpath","value":"//*[@id=\"backBtn\"]"}
RESULT: {"using":"xpath","value":"//*[@id=\"backBtn\"]"}
COMMAND: POST /session/e44526e052a1670125e85f4cf92ba029/elements - {"using":"xpath","value":"//*[@id=\"backBtn\"]"}
RESULT: {"using":"xpath","value":"//*[@id=\"backBtn\"]"}
COMMAND: POST /session/e44526e052a1670125e85f4cf92ba029/elements - {"using":"xpath","value":"//*[@id=\"backBtn\"]"}
RESULT: {"using":"xpath","value":"//*[@id=\"backBtn\"]"}
COMMAND: POST /session/e44526e052a1670125e85f4cf92ba029/elements - {"using":"xpath","value":"//*[@id=\"backBtn\"]"}
RESULT: {"using":"xpath","value":"//*[@id=\"backBtn\"]"}
COMMAND: POST /session/e44526e052a1670125e85f4cf92ba029/elements - {"using":"xpath","value":"//*[@id=\"backBtn\"]"}
RESULT: {"using":"xpath","value":"//*[@id=\"backBtn\"]"}
COMMAND: POST /session/e44526e052a1670125e85f4cf92ba029/elements - {"using":"xpath","value":"//*[@id=\"backBtn\"]"}
RESULT: {"using":"xpath","value":"//*[@id=\"backBtn\"]"}
COMMAND: POST /session/e44526e052a1670125e85f4cf92ba029/elements - {"using":"xpath","value":"//*[@id=\"backBtn\"]"}
RESULT: {"using":"xpath","value":"//*[@id=\"backBtn\"]"}
COMMAND: POST /session/e44526e052a1670125e85f4cf92ba029/elements - {"using":"xpath","value":"//*[@id=\"backBtn\"]"}
RESULT: {"using":"xpath","value":"//*[@id=\"backBtn\"]"}
COMMAND: POST /session/e44526e052a1670125e85f4cf92ba029/elements - {"using":"xpath","value":"//*[@id=\"backBtn\"]"}
RESULT: {"using":"xpath","value":"//*[@id=\"backBtn\"]"}
COMMAND: POST /session/e44526e052a1670125e85f4cf92ba029/elements - {"using":"xpath","value":"//*[@id=\"backBtn\"]"}
RESULT: {"using":"xpath","value":"//*[@id=\"backBtn\"]"}
COMMAND: POST /session/e44526e052a1670125e85f4cf92ba029/elements - {"using":"xpath","value":"//*[@id=\"backBtn\"]"}
RESULT: {"using":"xpath","value":"//*[@id=\"backBtn\"]"}
COMMAND: POST /session/e44526e052a1670125e85f4cf92ba029/elements - {"using":"xpath","value":"//*[@id=\"backBtn\"]"}
RESULT: {"using":"xpath","value":"//*[@id=\"backBtn\"]"}
COMMAND: POST /session/e44526e052a1670125e85f4cf92ba029/elements - {"using":"xpath","value":"//*[@id=\"backBtn\"]"}
RESULT: {"using":"xpath","value":"//*[@id=\"backBtn\"]"}
COMMAND: POST /session/e44526e052a1670125e85f4cf92ba029/elements - {"using":"xpath","value":"//*[@id=\"backBtn\"]"}
RESULT: {"using":"xpath","value":"//*[@id=\"backBtn\"]"}
COMMAND: POST /session/e44526e052a1670125e85f4cf92ba029/elements - {"using":"xpath","value":"//*[@id=\"backBtn\"]"}
RESULT: {"using":"xpath","value":"//*[@id=\"backBtn\"]"}
COMMAND: POST /session/e44526e052a1670125e85f4cf92ba029/elements - {"using":"xpath","value":"//*[@id=\"backBtn\"]"}
RESULT: {"using":"xpath","value":"//*[@id=\"backBtn\"]"}
COMMAND: POST /session/e44526e052a1670125e85f4cf92ba029/elements - {"using":"xpath","value":"//*[@id=\"backBtn\"]"}
RESULT: {"using":"xpath","value":"//*[@id=\"backBtn\"]"}
COMMAND: POST /session/e44526e052a1670125e85f4cf92ba029/elements - {"using":"xpath","value":"//*[@id=\"backBtn\"]"}
RESULT: {"using":"xpath","value":"//*[@id=\"backBtn\"]"}
COMMAND: POST /session/e44526e052a1670125e85f4cf92ba029/elements - {"using":"xpath","value":"//*[@id=\"backBtn\"]"}
RESULT: {"using":"xpath","value":"//*[@id=\"backBtn\"]"}
COMMAND: POST /session/e44526e052a1670125e85f4cf92ba029/elements - {"using":"xpath","value":"//*[@id=\"backBtn\"]"}
RESULT: {"using":"xpath","value":"//*[@id=\"backBtn\"]"}
COMMAND: POST /session/e44526e052a1670125e85f4cf92ba029/elements - {"using":"xpath","value":"//*[@id=\"backBtn\"]"}
RESULT: {"using":"xpath","value":"//*[@id=\"backBtn\"]"}
COMMAND: POST /session/e44526e052a1670125e85f4cf92ba029/elements - {"using":"xpath","value":"//*[@id=\"backBtn\"]"}
RESULT: {"using":"xpath","value":"//*[@id=\"backBtn\"]"}
COMMAND: POST /session/e44526e052a1670125e85f4cf92ba029/elements - {"using":"xpath","value":"//*[@id=\"backBtn\"]"}
RESULT: {"using":"xpath","value":"//*[@id=\"backBtn\"]"}
COMMAND: POST /session/e44526e052a1670125e85f4cf92ba029/elements - {"using":"xpath","value":"//*[@id=\"backBtn\"]"}
RESULT: {"using":"xpath","value":"//*[@id=\"backBtn\"]"}
COMMAND: POST /session/e44526e052a1670125e85f4cf92ba029/elements - {"using":"xpath","value":"//*[@id=\"backBtn\"]"}
RESULT: {"using":"xpath","value":"//*[@id=\"backBtn\"]"}
COMMAND: POST /session/e44526e052a1670125e85f4cf92ba029/elements - {"using":"xpath","value":"//*[@id=\"backBtn\"]"}
RESULT: {"using":"xpath","value":"//*[@id=\"backBtn\"]"}
COMMAND: POST /session/e44526e052a1670125e85f4cf92ba029/elements - {"using":"xpath","value":"//*[@id=\"backBtn\"]"}
RESULT: {"using":"xpath","value":"//*[@id=\"backBtn\"]"}
COMMAND: POST /session/e44526e052a1670125e85f4cf92ba029/elements - {"using":"xpath","value":"//*[@id=\"backBtn\"]"}
RESULT: {"using":"xpath","value":"//*[@id=\"backBtn\"]"}
COMMAND: POST /session/e44526e052a1670125e85f4cf92ba029/elements - {"using":"xpath","value":"//*[@id=\"backBtn\"]"}
RESULT: {"using":"xpath","value":"//*[@id=\"backBtn\"]"}
COMMAND: POST /session/e44526e052a1670125e85f4cf92ba029/elements - {"using":"xpath","value":"//*[@id=\"backBtn\"]"}
RESULT: {"using":"xpath","value":"//*[@id=\"backBtn\"]"}
COMMAND: POST /session/e44526e052a1670125e85f4cf92ba029/elements - {"using":"xpath","value":"//*[@id=\"backBtn\"]"}
RESULT: {"using":"xpath","value":"//*[@id=\"backBtn\"]"}
COMMAND: DELETE /session/e44526e052a1670125e85f4cf92ba029 - {}
RESULT: {}
]]></system-out>
    </testcase>
  </testsuite>
</testsuites>