<?xml version="1.0" encoding="UTF-8"?>
<testsuites tests="58" failures="0" errors="0" skipped="0">
  <testsuite timestamp="2025-05-28T17:07:33" time="1161.83" tests="11" failures="0" errors="0" skipped="0">
    <properties>
      <property name="specId" value="0"/>
      <property name="suiteName" value="Billing confirm US117289"/>
      <property name="capabilities" value="chrome.136_0_7103_93.windows"/>
      <property name="file" value="file:///D:/a/1/s/test/specs/BTS/billing-confirm.spec.js"/>
    </properties>
    <testcase classname="chrome.136_0_7103_93.windows.Billing_confirm_US117289" name="Should create a new yard" time="138.356">
      <system-out><![CDATA[
COMMAND: POST /session/9f4c84e4ae75e749cefc69cbdd96fe2c/window/fullscreen - {}
RESULT: {}
COMMAND: POST /session/9f4c84e4ae75e749cefc69cbdd96fe2c/execute/async - {"script":"<script> [1562 bytes]","args":[{"selector":{"controlType":"sap.m.GenericTile","properties":{"header":"Manage Yards"}},"wdio_ui5_key":"sapm.GenericTile{\"header\":\"Manage Yards\"}"}]}
RESULT: {"script":"<script> [1562 bytes]","args":[{"selector":{"controlType":"sap.m.GenericTile","properties":{"header":"Manage Yards"}},"wdio_ui5_key":"sapm.GenericTile{\"header\":\"Manage Yards\"}"}]}
RESULT: undefined
COMMAND: POST /session/9f4c84e4ae75e749cefc69cbdd96fe2c/element - {"using":"xpath","value":"//*[@id=\"__tile41\"]"}
RESULT: {"using":"xpath","value":"//*[@id=\"__tile41\"]"}
COMMAND: POST /session/9f4c84e4ae75e749cefc69cbdd96fe2c/element/f.92C64C74BFFB4A8B431616FE9F273F76.d.4350D1136A67303FBAB571812AF33E4C.e.148/click - {}
RESULT: {}
COMMAND: GET /session/9f4c84e4ae75e749cefc69cbdd96fe2c/screenshot - {}
RESULT: {}
COMMAND: POST /session/9f4c84e4ae75e749cefc69cbdd96fe2c/elements - {"using":"xpath","value":"//span[text()='Error']"}
RESULT: {"using":"xpath","value":"//span[text()='Error']"}
COMMAND: POST /session/9f4c84e4ae75e749cefc69cbdd96fe2c/element - {"using":"xpath","value":"//button[@data-kt=\"addNewYardOverflowToolbarButton\"]"}
RESULT: {"using":"xpath","value":"//button[@data-kt=\"addNewYardOverflowToolbarButton\"]"}
COMMAND: POST /session/9f4c84e4ae75e749cefc69cbdd96fe2c/elements - {"using":"xpath","value":"//button[@data-kt=\"addNewYardOverflowToolbarButton\"]"}
RESULT: {"using":"xpath","value":"//button[@data-kt=\"addNewYardOverflowToolbarButton\"]"}
COMMAND: POST /session/9f4c84e4ae75e749cefc69cbdd96fe2c/elements - {"using":"xpath","value":"//button[@data-kt=\"addNewYardOverflowToolbarButton\"]"}
RESULT: {"using":"xpath","value":"//button[@data-kt=\"addNewYardOverflowToolbarButton\"]"}
COMMAND: POST /session/9f4c84e4ae75e749cefc69cbdd96fe2c/elements - {"using":"xpath","value":"//button[@data-kt=\"addNewYardOverflowToolbarButton\"]"}
RESULT: {"using":"xpath","value":"//button[@data-kt=\"addNewYardOverflowToolbarButton\"]"}
COMMAND: POST /session/9f4c84e4ae75e749cefc69cbdd96fe2c/elements - {"using":"xpath","value":"//button[@data-kt=\"addNewYardOverflowToolbarButton\"]"}
RESULT: {"using":"xpath","value":"//button[@data-kt=\"addNewYardOverflowToolbarButton\"]"}
COMMAND: POST /session/9f4c84e4ae75e749cefc69cbdd96fe2c/elements - {"using":"xpath","value":"//button[@data-kt=\"addNewYardOverflowToolbarButton\"]"}
RESULT: {"using":"xpath","value":"//button[@data-kt=\"addNewYardOverflowToolbarButton\"]"}
COMMAND: POST /session/9f4c84e4ae75e749cefc69cbdd96fe2c/elements - {"using":"xpath","value":"//button[@data-kt=\"addNewYardOverflowToolbarButton\"]"}
RESULT: {"using":"xpath","value":"//button[@data-kt=\"addNewYardOverflowToolbarButton\"]"}
COMMAND: POST /session/9f4c84e4ae75e749cefc69cbdd96fe2c/elements - {"using":"xpath","value":"//button[@data-kt=\"addNewYardOverflowToolbarButton\"]"}
RESULT: {"using":"xpath","value":"//button[@data-kt=\"addNewYardOverflowToolbarButton\"]"}
COMMAND: POST /session/9f4c84e4ae75e749cefc69cbdd96fe2c/elements - {"using":"xpath","value":"//button[@data-kt=\"addNewYardOverflowToolbarButton\"]"}
RESULT: {"using":"xpath","value":"//button[@data-kt=\"addNewYardOverflowToolbarButton\"]"}
COMMAND: POST /session/9f4c84e4ae75e749cefc69cbdd96fe2c/elements - {"using":"xpath","value":"//button[@data-kt=\"addNewYardOverflowToolbarButton\"]"}
RESULT: {"using":"xpath","value":"//button[@data-kt=\"addNewYardOverflowToolbarButton\"]"}
COMMAND: POST /session/9f4c84e4ae75e749cefc69cbdd96fe2c/elements - {"using":"xpath","value":"//button[@data-kt=\"addNewYardOverflowToolbarButton\"]"}
RESULT: {"using":"xpath","value":"//button[@data-kt=\"addNewYardOverflowToolbarButton\"]"}
COMMAND: POST /session/9f4c84e4ae75e749cefc69cbdd96fe2c/elements - {"using":"xpath","value":"//button[@data-kt=\"addNewYardOverflowToolbarButton\"]"}
RESULT: {"using":"xpath","value":"//button[@data-kt=\"addNewYardOverflowToolbarButton\"]"}
COMMAND: POST /session/9f4c84e4ae75e749cefc69cbdd96fe2c/elements - {"using":"xpath","value":"//button[@data-kt=\"addNewYardOverflowToolbarButton\"]"}
RESULT: {"using":"xpath","value":"//button[@data-kt=\"addNewYardOverflowToolbarButton\"]"}
COMMAND: POST /session/9f4c84e4ae75e749cefc69cbdd96fe2c/elements - {"using":"xpath","value":"//button[@data-kt=\"addNewYardOverflowToolbarButton\"]"}
RESULT: {"using":"xpath","value":"//button[@data-kt=\"addNewYardOverflowToolbarButton\"]"}
COMMAND: POST /session/9f4c84e4ae75e749cefc69cbdd96fe2c/elements - {"using":"xpath","value":"//button[@data-kt=\"addNewYardOverflowToolbarButton\"]"}
RESULT: {"using":"xpath","value":"//button[@data-kt=\"addNewYardOverflowToolbarButton\"]"}
COMMAND: POST /session/9f4c84e4ae75e749cefc69cbdd96fe2c/elements - {"using":"xpath","value":"//button[@data-kt=\"addNewYardOverflowToolbarButton\"]"}
RESULT: {"using":"xpath","value":"//button[@data-kt=\"addNewYardOverflowToolbarButton\"]"}
COMMAND: POST /session/9f4c84e4ae75e749cefc69cbdd96fe2c/element - {"using":"xpath","value":"//button[@data-kt=\"addNewYardOverflowToolbarButton\"]"}
RESULT: {"using":"xpath","value":"//button[@data-kt=\"addNewYardOverflowToolbarButton\"]"}
COMMAND: POST /session/9f4c84e4ae75e749cefc69cbdd96fe2c/execute/sync - {"script":"<script> [8489 bytes]","args":[{"element-6066-11e4-a52e-4f735466cecf":"f.92C64C74BFFB4A8B431616FE9F273F76.d.4350D1136A67303FBAB571812AF33E4C.e.296","ELEMENT":"f.92C64C74BFFB4A8B431616FE9F273F76.d.4350D1136A67303FBAB571812AF33E4C.e.296"}]}
RESULT: {"script":"<script> [8489 bytes]","args":[{"element-6066-11e4-a52e-4f735466cecf":"f.92C64C74BFFB4A8B431616FE9F273F76.d.4350D1136A67303FBAB571812AF33E4C.e.296","ELEMENT":"f.92C64C74BFFB4A8B431616FE9F273F76.d.4350D1136A67303FBAB571812AF33E4C.e.296"}]}
COMMAND: GET /session/9f4c84e4ae75e749cefc69cbdd96fe2c/element/f.92C64C74BFFB4A8B431616FE9F273F76.d.4350D1136A67303FBAB571812AF33E4C.e.296/enabled - {}
COMMAND: GET /session/9f4c84e4ae75e749cefc69cbdd96fe2c/screenshot - {}
RESULT: {}
COMMAND: POST /session/9f4c84e4ae75e749cefc69cbdd96fe2c/execute/sync - {"script":"<script> [8489 bytes]","args":[{"element-6066-11e4-a52e-4f735466cecf":"f.92C64C74BFFB4A8B431616FE9F273F76.d.4350D1136A67303FBAB571812AF33E4C.e.296","ELEMENT":"f.92C64C74BFFB4A8B431616FE9F273F76.d.4350D1136A67303FBAB571812AF33E4C.e.296"}]}
COMMAND: GET /session/9f4c84e4ae75e749cefc69cbdd96fe2c/screenshot - {}
RESULT: {}
RESULT: {"script":"<script> [8489 bytes]","args":[{"element-6066-11e4-a52e-4f735466cecf":"f.92C64C74BFFB4A8B431616FE9F273F76.d.4350D1136A67303FBAB571812AF33E4C.e.296","ELEMENT":"f.92C64C74BFFB4A8B431616FE9F273F76.d.4350D1136A67303FBAB571812AF33E4C.e.296"}]}
COMMAND: POST /session/9f4c84e4ae75e749cefc69cbdd96fe2c/execute/sync - {"script":"<script> [5351 bytes]","args":[{"element-6066-11e4-a52e-4f735466cecf":"f.92C64C74BFFB4A8B431616FE9F273F76.d.4350D1136A67303FBAB571812AF33E4C.e.296","ELEMENT":"f.92C64C74BFFB4A8B431616FE9F273F76.d.4350D1136A67303FBAB571812AF33E4C.e.296"}]}
COMMAND: GET /session/9f4c84e4ae75e749cefc69cbdd96fe2c/screenshot - {}
RESULT: {}
RESULT: {"script":"<script> [5351 bytes]","args":[{"element-6066-11e4-a52e-4f735466cecf":"f.92C64C74BFFB4A8B431616FE9F273F76.d.4350D1136A67303FBAB571812AF33E4C.e.296","ELEMENT":"f.92C64C74BFFB4A8B431616FE9F273F76.d.4350D1136A67303FBAB571812AF33E4C.e.296"}]}
COMMAND: POST /session/9f4c84e4ae75e749cefc69cbdd96fe2c/element/f.92C64C74BFFB4A8B431616FE9F273F76.d.4350D1136A67303FBAB571812AF33E4C.e.296/click - {}
COMMAND: GET /session/9f4c84e4ae75e749cefc69cbdd96fe2c/screenshot - {}
RESULT: {}
RESULT: {}
COMMAND: GET /session/9f4c84e4ae75e749cefc69cbdd96fe2c/screenshot - {}
RESULT: {}
COMMAND: POST /session/9f4c84e4ae75e749cefc69cbdd96fe2c/element - {"using":"xpath","value":"//input[@id=\"application-manageyards-display-component---NewYard--yardId-inner\"]"}
RESULT: {}
RESULT: {"using":"xpath","value":"//input[@id=\"application-manageyards-display-component---NewYard--yardId-inner\"]"}
COMMAND: POST /session/9f4c84e4ae75e749cefc69cbdd96fe2c/element - {"using":"xpath","value":"//input[@id=\"application-manageyards-display-component---NewYard--yardId-inner\"]"}
RESULT: {"using":"xpath","value":"//input[@id=\"application-manageyards-display-component---NewYard--yardId-inner\"]"}
COMMAND: POST /session/9f4c84e4ae75e749cefc69cbdd96fe2c/execute/async - {"script":"<script> [1562 bytes]","args":[{"selector":{"id":"application-manageyards-display-component---NewYard--addressDetailDetailsName1","interaction":{"idSuffix":"inner"}},"wdio_ui5_key":"applicationmanageyards-display-component---NewYard--addressDetailDetailsName1"}]}
RESULT: {"script":"<script> [1562 bytes]","args":[{"selector":{"id":"application-manageyards-display-component---NewYard--addressDetailDetailsName1","interaction":{"idSuffix":"inner"}},"wdio_ui5_key":"applicationmanageyards-display-component---NewYard--addressDetailDetailsName1"}]}
RESULT: undefined
COMMAND: POST /session/9f4c84e4ae75e749cefc69cbdd96fe2c/execute/async - {"script":"<script> [776 bytes]","args":[{"enterText":"Intracompany Yard wdIO","selector":{"id":"application-manageyards-display-component---NewYard--addressDetailDetailsName1","interaction":{"idSuffix":"inner"}},"clearTextFirst":true,"interactionType":"ENTER_TEXT"}]}
RESULT: {"script":"<script> [776 bytes]","args":[{"enterText":"Intracompany Yard wdIO","selector":{"id":"application-manageyards-display-component---NewYard--addressDetailDetailsName1","interaction":{"idSuffix":"inner"}},"clearTextFirst":true,"interactionType":"ENTER_TEXT"}]}
COMMAND: POST /session/9f4c84e4ae75e749cefc69cbdd96fe2c/execute/async - {"script":"<script> [1562 bytes]","args":[{"selector":{"id":"application-manageyards-display-component---NewYard--addressDetailDetailsLanguage-arrow"},"wdio_ui5_key":"applicationmanageyards-display-component---NewYard--addressDetailDetailsLanguage-arrow"}]}
RESULT: {"script":"<script> [1562 bytes]","args":[{"selector":{"id":"application-manageyards-display-component---NewYard--addressDetailDetailsLanguage-arrow"},"wdio_ui5_key":"applicationmanageyards-display-component---NewYard--addressDetailDetailsLanguage-arrow"}]}
RESULT: undefined
COMMAND: POST /session/9f4c84e4ae75e749cefc69cbdd96fe2c/element - {"using":"xpath","value":"//*[@id=\"application-manageyards-display-component---NewYard--addressDetailDetailsLanguage-arrow\"]"}
RESULT: {"using":"xpath","value":"//*[@id=\"application-manageyards-display-component---NewYard--addressDetailDetailsLanguage-arrow\"]"}
COMMAND: POST /session/9f4c84e4ae75e749cefc69cbdd96fe2c/element/f.92C64C74BFFB4A8B431616FE9F273F76.d.4350D1136A67303FBAB571812AF33E4C.e.708/click - {}
RESULT: {}
COMMAND: POST /session/9f4c84e4ae75e749cefc69cbdd96fe2c/element - {"using":"xpath","value":"//span[contains(text(), \"English\")]"}
COMMAND: GET /session/9f4c84e4ae75e749cefc69cbdd96fe2c/screenshot - {}
RESULT: {"using":"xpath","value":"//span[contains(text(), \"English\")]"}
COMMAND: POST /session/9f4c84e4ae75e749cefc69cbdd96fe2c/element/f.92C64C74BFFB4A8B431616FE9F273F76.d.4350D1136A67303FBAB571812AF33E4C.e.709/click - {}
RESULT: {}
RESULT: {}
COMMAND: POST /session/9f4c84e4ae75e749cefc69cbdd96fe2c/execute/async - {"script":"<script> [1562 bytes]","args":[{"selector":{"id":"application-manageyards-display-component---NewYard--addressDetailDetailsCity1","interaction":{"idSuffix":"inner"}},"wdio_ui5_key":"applicationmanageyards-display-component---NewYard--addressDetailDetailsCity1"}]}
COMMAND: GET /session/9f4c84e4ae75e749cefc69cbdd96fe2c/screenshot - {}
RESULT: {"script":"<script> [1562 bytes]","args":[{"selector":{"id":"application-manageyards-display-component---NewYard--addressDetailDetailsCity1","interaction":{"idSuffix":"inner"}},"wdio_ui5_key":"applicationmanageyards-display-component---NewYard--addressDetailDetailsCity1"}]}
RESULT: undefined
COMMAND: POST /session/9f4c84e4ae75e749cefc69cbdd96fe2c/execute/async - {"script":"<script> [776 bytes]","args":[{"enterText":"Rosario","selector":{"id":"application-manageyards-display-component---NewYard--addressDetailDetailsCity1","interaction":{"idSuffix":"inner"}},"clearTextFirst":true,"interactionType":"ENTER_TEXT"}]}
RESULT: {}
RESULT: {"script":"<script> [776 bytes]","args":[{"enterText":"Rosario","selector":{"id":"application-manageyards-display-component---NewYard--addressDetailDetailsCity1","interaction":{"idSuffix":"inner"}},"clearTextFirst":true,"interactionType":"ENTER_TEXT"}]}
COMMAND: POST /session/9f4c84e4ae75e749cefc69cbdd96fe2c/execute/async - {"script":"<script> [1562 bytes]","args":[{"selector":{"id":"application-manageyards-display-component---NewYard--addressDetailDetailsCountry-arrow"},"wdio_ui5_key":"applicationmanageyards-display-component---NewYard--addressDetailDetailsCountry-arrow"}]}
RESULT: {"script":"<script> [1562 bytes]","args":[{"selector":{"id":"application-manageyards-display-component---NewYard--addressDetailDetailsCountry-arrow"},"wdio_ui5_key":"applicationmanageyards-display-component---NewYard--addressDetailDetailsCountry-arrow"}]}
RESULT: undefined
COMMAND: POST /session/9f4c84e4ae75e749cefc69cbdd96fe2c/element - {"using":"xpath","value":"//*[@id=\"application-manageyards-display-component---NewYard--addressDetailDetailsCountry-arrow\"]"}
RESULT: {"using":"xpath","value":"//*[@id=\"application-manageyards-display-component---NewYard--addressDetailDetailsCountry-arrow\"]"}
COMMAND: POST /session/9f4c84e4ae75e749cefc69cbdd96fe2c/element/f.92C64C74BFFB4A8B431616FE9F273F76.d.4350D1136A67303FBAB571812AF33E4C.e.711/click - {}
RESULT: {}
COMMAND: POST /session/9f4c84e4ae75e749cefc69cbdd96fe2c/element - {"using":"xpath","value":"//span[contains(text(), \"Argentina\")]"}
COMMAND: GET /session/9f4c84e4ae75e749cefc69cbdd96fe2c/screenshot - {}
RESULT: {"using":"xpath","value":"//span[contains(text(), \"Argentina\")]"}
COMMAND: POST /session/9f4c84e4ae75e749cefc69cbdd96fe2c/element/f.92C64C74BFFB4A8B431616FE9F273F76.d.4350D1136A67303FBAB571812AF33E4C.e.713/click - {}
RESULT: {}
RESULT: {}
COMMAND: POST /session/9f4c84e4ae75e749cefc69cbdd96fe2c/execute/async - {"script":"<script> [1562 bytes]","args":[{"selector":{"id":"application-manageyards-display-component---NewYard--addressEditDetailsCostObjectCstType-arrow"},"wdio_ui5_key":"applicationmanageyards-display-component---NewYard--addressEditDetailsCostObjectCstType-arrow"}]}
COMMAND: GET /session/9f4c84e4ae75e749cefc69cbdd96fe2c/screenshot - {}
RESULT: {"script":"<script> [1562 bytes]","args":[{"selector":{"id":"application-manageyards-display-component---NewYard--addressEditDetailsCostObjectCstType-arrow"},"wdio_ui5_key":"applicationmanageyards-display-component---NewYard--addressEditDetailsCostObjectCstType-arrow"}]}
RESULT: undefined
COMMAND: POST /session/9f4c84e4ae75e749cefc69cbdd96fe2c/element - {"using":"xpath","value":"//*[@id=\"application-manageyards-display-component---NewYard--addressEditDetailsCostObjectCstType-arrow\"]"}
RESULT: {}
RESULT: {"using":"xpath","value":"//*[@id=\"application-manageyards-display-component---NewYard--addressEditDetailsCostObjectCstType-arrow\"]"}
COMMAND: POST /session/9f4c84e4ae75e749cefc69cbdd96fe2c/element/f.92C64C74BFFB4A8B431616FE9F273F76.d.4350D1136A67303FBAB571812AF33E4C.e.714/click - {}
RESULT: {}
COMMAND: POST /session/9f4c84e4ae75e749cefc69cbdd96fe2c/element - {"using":"xpath","value":"//span[contains(text(), \"Cost Center\")]"}
COMMAND: GET /session/9f4c84e4ae75e749cefc69cbdd96fe2c/screenshot - {}
RESULT: {"using":"xpath","value":"//span[contains(text(), \"Cost Center\")]"}
COMMAND: POST /session/9f4c84e4ae75e749cefc69cbdd96fe2c/element/f.92C64C74BFFB4A8B431616FE9F273F76.d.4350D1136A67303FBAB571812AF33E4C.e.715/click - {}
RESULT: {}
RESULT: {}
COMMAND: GET /session/9f4c84e4ae75e749cefc69cbdd96fe2c/screenshot - {}
RESULT: {}
COMMAND: POST /session/9f4c84e4ae75e749cefc69cbdd96fe2c/element - {"using":"xpath","value":"//span[@id=\"application-manageyards-display-component---NewYard--addressNewCostObjectCstID-vhi\"]"}
RESULT: {"using":"xpath","value":"//span[@id=\"application-manageyards-display-component---NewYard--addressNewCostObjectCstID-vhi\"]"}
COMMAND: POST /session/9f4c84e4ae75e749cefc69cbdd96fe2c/execute/sync - {"script":"<script> [8489 bytes]","args":[{"element-6066-11e4-a52e-4f735466cecf":"f.92C64C74BFFB4A8B431616FE9F273F76.d.4350D1136A67303FBAB571812AF33E4C.e.719","ELEMENT":"f.92C64C74BFFB4A8B431616FE9F273F76.d.4350D1136A67303FBAB571812AF33E4C.e.719"}]}
RESULT: {"script":"<script> [8489 bytes]","args":[{"element-6066-11e4-a52e-4f735466cecf":"f.92C64C74BFFB4A8B431616FE9F273F76.d.4350D1136A67303FBAB571812AF33E4C.e.719","ELEMENT":"f.92C64C74BFFB4A8B431616FE9F273F76.d.4350D1136A67303FBAB571812AF33E4C.e.719"}]}
COMMAND: POST /session/9f4c84e4ae75e749cefc69cbdd96fe2c/execute/async - {"script":"<script> [1562 bytes]","args":[{"selector":{"id":"application-manageyards-display-component---NewYard--addressNewCostObjectCstID-vhi"},"wdio_ui5_key":"applicationmanageyards-display-component---NewYard--addressNewCostObjectCstID-vhi"}]}
COMMAND: GET /session/9f4c84e4ae75e749cefc69cbdd96fe2c/screenshot - {}
RESULT: {"script":"<script> [1562 bytes]","args":[{"selector":{"id":"application-manageyards-display-component---NewYard--addressNewCostObjectCstID-vhi"},"wdio_ui5_key":"applicationmanageyards-display-component---NewYard--addressNewCostObjectCstID-vhi"}]}
RESULT: undefined
COMMAND: POST /session/9f4c84e4ae75e749cefc69cbdd96fe2c/element - {"using":"xpath","value":"//*[@id=\"application-manageyards-display-component---NewYard--addressNewCostObjectCstID-vhi\"]"}
RESULT: {}
RESULT: {"using":"xpath","value":"//*[@id=\"application-manageyards-display-component---NewYard--addressNewCostObjectCstID-vhi\"]"}
COMMAND: POST /session/9f4c84e4ae75e749cefc69cbdd96fe2c/element/f.92C64C74BFFB4A8B431616FE9F273F76.d.4350D1136A67303FBAB571812AF33E4C.e.719/click - {}
RESULT: {}
COMMAND: GET /session/9f4c84e4ae75e749cefc69cbdd96fe2c/screenshot - {}
RESULT: {}
COMMAND: POST /session/9f4c84e4ae75e749cefc69cbdd96fe2c/execute/async - {"script":"<script> [1562 bytes]","args":[{"selector":{"controlType":"sap.m.SearchField","properties":{"placeholder":"Search"},"searchOpenDialogs":true,"interaction":{"idSuffix":"I"}},"wdio_ui5_key":"sapm.SearchField{\"placeholder\":\"Search\"}"}]}
RESULT: {"script":"<script> [1562 bytes]","args":[{"selector":{"controlType":"sap.m.SearchField","properties":{"placeholder":"Search"},"searchOpenDialogs":true,"interaction":{"idSuffix":"I"}},"wdio_ui5_key":"sapm.SearchField{\"placeholder\":\"Search\"}"}]}
RESULT: undefined
COMMAND: POST /session/9f4c84e4ae75e749cefc69cbdd96fe2c/execute/async - {"script":"<script> [776 bytes]","args":[{"enterText":"bauh_b","selector":{"controlType":"sap.m.SearchField","properties":{"placeholder":"Search"},"searchOpenDialogs":true,"interaction":{"idSuffix":"I"}},"clearTextFirst":true,"interactionType":"ENTER_TEXT"}]}
RESULT: {"script":"<script> [776 bytes]","args":[{"enterText":"bauh_b","selector":{"controlType":"sap.m.SearchField","properties":{"placeholder":"Search"},"searchOpenDialogs":true,"interaction":{"idSuffix":"I"}},"clearTextFirst":true,"interactionType":"ENTER_TEXT"}]}
COMMAND: POST /session/9f4c84e4ae75e749cefc69cbdd96fe2c/actions - {"actions":[{"id":"action1","type":"key","parameters":{},"actions":[{"type":"keyDown","value":""},{"type":"pause","duration":10},{"type":"keyUp","value":""}]}]}
RESULT: {"actions":[{"id":"action1","type":"key","parameters":{},"actions":[{"type":"keyDown","value":""},{"type":"pause","duration":10},{"type":"keyUp","value":""}]}]}
COMMAND: GET /session/9f4c84e4ae75e749cefc69cbdd96fe2c/screenshot - {}
RESULT: {}
COMMAND: POST /session/9f4c84e4ae75e749cefc69cbdd96fe2c/element - {"using":"xpath","value":"//span[contains(text(), \"Demo Yard\")]"}
RESULT: {"using":"xpath","value":"//span[contains(text(), \"Demo Yard\")]"}
COMMAND: POST /session/9f4c84e4ae75e749cefc69cbdd96fe2c/element/f.92C64C74BFFB4A8B431616FE9F273F76.d.4350D1136A67303FBAB571812AF33E4C.e.760/click - {}
RESULT: {}
COMMAND: GET /session/9f4c84e4ae75e749cefc69cbdd96fe2c/screenshot - {}
RESULT: {}
COMMAND: POST /session/9f4c84e4ae75e749cefc69cbdd96fe2c/element - {"using":"xpath","value":"//bdi[contains(text(), \"OK\")]"}
RESULT: {"using":"xpath","value":"//bdi[contains(text(), \"OK\")]"}
COMMAND: POST /session/9f4c84e4ae75e749cefc69cbdd96fe2c/element/f.92C64C74BFFB4A8B431616FE9F273F76.d.4350D1136A67303FBAB571812AF33E4C.e.761/click - {}
RESULT: {}
COMMAND: GET /session/9f4c84e4ae75e749cefc69cbdd96fe2c/screenshot - {}
RESULT: {}
COMMAND: POST /session/9f4c84e4ae75e749cefc69cbdd96fe2c/execute/async - {"script":"<script> [1562 bytes]","args":[{"selector":{"id":"application-manageyards-display-component---NewYard--addressEditDetailsCurrency-arrow"},"wdio_ui5_key":"applicationmanageyards-display-component---NewYard--addressEditDetailsCurrency-arrow"}]}
RESULT: {"script":"<script> [1562 bytes]","args":[{"selector":{"id":"application-manageyards-display-component---NewYard--addressEditDetailsCurrency-arrow"},"wdio_ui5_key":"applicationmanageyards-display-component---NewYard--addressEditDetailsCurrency-arrow"}]}
RESULT: undefined
COMMAND: POST /session/9f4c84e4ae75e749cefc69cbdd96fe2c/element - {"using":"xpath","value":"//*[@id=\"application-manageyards-display-component---NewYard--addressEditDetailsCurrency-arrow\"]"}
RESULT: {"using":"xpath","value":"//*[@id=\"application-manageyards-display-component---NewYard--addressEditDetailsCurrency-arrow\"]"}
COMMAND: POST /session/9f4c84e4ae75e749cefc69cbdd96fe2c/element/f.92C64C74BFFB4A8B431616FE9F273F76.d.4350D1136A67303FBAB571812AF33E4C.e.764/click - {}
RESULT: {}
COMMAND: POST /session/9f4c84e4ae75e749cefc69cbdd96fe2c/element - {"using":"xpath","value":"//span[contains(text(), \"Euro\")]"}
COMMAND: GET /session/9f4c84e4ae75e749cefc69cbdd96fe2c/screenshot - {}
RESULT: {"using":"xpath","value":"//span[contains(text(), \"Euro\")]"}
COMMAND: POST /session/9f4c84e4ae75e749cefc69cbdd96fe2c/element/f.92C64C74BFFB4A8B431616FE9F273F76.d.4350D1136A67303FBAB571812AF33E4C.e.765/click - {}
RESULT: {}
RESULT: {}
COMMAND: POST /session/9f4c84e4ae75e749cefc69cbdd96fe2c/execute/async - {"script":"<script> [1562 bytes]","args":[{"selector":{"controlType":"sap.m.Input","viewName":"etm.portal.ui.manageyards.view.New","viewId":"application-manageyards-display-component---NewYard","bindingPath":{"path":"","propertyPath":"/CONTROLLING_AREA","modelName":"NewYardModel"},"interaction":{"idSuffix":"inner"}},"wdio_ui5_key":"etmportal.ui.manageyards.view.Newsap.m.Input{\"path\":\"\",\"propertyPath\":\"/CONTROLLING_AREA\",\"modelName\":\"NewYardModel\"}"}]}
COMMAND: GET /session/9f4c84e4ae75e749cefc69cbdd96fe2c/screenshot - {}
RESULT: {"script":"<script> [1562 bytes]","args":[{"selector":{"controlType":"sap.m.Input","viewName":"etm.portal.ui.manageyards.view.New","viewId":"application-manageyards-display-component---NewYard","bindingPath":{"path":"","propertyPath":"/CONTROLLING_AREA","modelName":"NewYardModel"},"interaction":{"idSuffix":"inner"}},"wdio_ui5_key":"etmportal.ui.manageyards.view.Newsap.m.Input{\"path\":\"\",\"propertyPath\":\"/CONTROLLING_AREA\",\"modelName\":\"NewYardModel\"}"}]}
RESULT: undefined
COMMAND: POST /session/9f4c84e4ae75e749cefc69cbdd96fe2c/execute/async - {"script":"<script> [776 bytes]","args":[{"enterText":"Z001","selector":{"controlType":"sap.m.Input","viewName":"etm.portal.ui.manageyards.view.New","viewId":"application-manageyards-display-component---NewYard","bindingPath":{"path":"","propertyPath":"/CONTROLLING_AREA","modelName":"NewYardModel"},"interaction":{"idSuffix":"inner"}},"clearTextFirst":true,"interactionType":"ENTER_TEXT"}]}
RESULT: {}
RESULT: {"script":"<script> [776 bytes]","args":[{"enterText":"Z001","selector":{"controlType":"sap.m.Input","viewName":"etm.portal.ui.manageyards.view.New","viewId":"application-manageyards-display-component---NewYard","bindingPath":{"path":"","propertyPath":"/CONTROLLING_AREA","modelName":"NewYardModel"},"interaction":{"idSuffix":"inner"}},"clearTextFirst":true,"interactionType":"ENTER_TEXT"}]}
COMMAND: POST /session/9f4c84e4ae75e749cefc69cbdd96fe2c/execute/async - {"script":"<script> [1562 bytes]","args":[{"selector":{"id":"application-manageyards-display-component---NewYard--companyCodeComboBox","interaction":{"idSuffix":"inner"}},"wdio_ui5_key":"applicationmanageyards-display-component---NewYard--companyCodeComboBox"}]}
RESULT: {"script":"<script> [1562 bytes]","args":[{"selector":{"id":"application-manageyards-display-component---NewYard--companyCodeComboBox","interaction":{"idSuffix":"inner"}},"wdio_ui5_key":"applicationmanageyards-display-component---NewYard--companyCodeComboBox"}]}
RESULT: undefined
COMMAND: POST /session/9f4c84e4ae75e749cefc69cbdd96fe2c/execute/async - {"script":"<script> [776 bytes]","args":[{"enterText":"1000","selector":{"id":"application-manageyards-display-component---NewYard--companyCodeComboBox","interaction":{"idSuffix":"inner"}},"clearTextFirst":true,"interactionType":"ENTER_TEXT"}]}
RESULT: {"script":"<script> [776 bytes]","args":[{"enterText":"1000","selector":{"id":"application-manageyards-display-component---NewYard--companyCodeComboBox","interaction":{"idSuffix":"inner"}},"clearTextFirst":true,"interactionType":"ENTER_TEXT"}]}
COMMAND: POST /session/9f4c84e4ae75e749cefc69cbdd96fe2c/execute/async - {"script":"<script> [1562 bytes]","args":[{"selector":{"controlType":"sap.m.Input","viewName":"etm.portal.ui.manageyards.view.New","viewId":"application-manageyards-display-component---NewYard","bindingPath":{"path":"","propertyPath":"/PLANT","modelName":"NewYardModel"},"interaction":{"idSuffix":"inner"}},"wdio_ui5_key":"etmportal.ui.manageyards.view.Newsap.m.Input{\"path\":\"\",\"propertyPath\":\"/PLANT\",\"modelName\":\"NewYardModel\"}"}]}
RESULT: {"script":"<script> [1562 bytes]","args":[{"selector":{"controlType":"sap.m.Input","viewName":"etm.portal.ui.manageyards.view.New","viewId":"application-manageyards-display-component---NewYard","bindingPath":{"path":"","propertyPath":"/PLANT","modelName":"NewYardModel"},"interaction":{"idSuffix":"inner"}},"wdio_ui5_key":"etmportal.ui.manageyards.view.Newsap.m.Input{\"path\":\"\",\"propertyPath\":\"/PLANT\",\"modelName\":\"NewYardModel\"}"}]}
RESULT: undefined
COMMAND: POST /session/9f4c84e4ae75e749cefc69cbdd96fe2c/execute/async - {"script":"<script> [776 bytes]","args":[{"enterText":"1001","selector":{"controlType":"sap.m.Input","viewName":"etm.portal.ui.manageyards.view.New","viewId":"application-manageyards-display-component---NewYard","bindingPath":{"path":"","propertyPath":"/PLANT","modelName":"NewYardModel"},"interaction":{"idSuffix":"inner"}},"clearTextFirst":true,"interactionType":"ENTER_TEXT"}]}
RESULT: {"script":"<script> [776 bytes]","args":[{"enterText":"1001","selector":{"controlType":"sap.m.Input","viewName":"etm.portal.ui.manageyards.view.New","viewId":"application-manageyards-display-component---NewYard","bindingPath":{"path":"","propertyPath":"/PLANT","modelName":"NewYardModel"},"interaction":{"idSuffix":"inner"}},"clearTextFirst":true,"interactionType":"ENTER_TEXT"}]}
COMMAND: POST /session/9f4c84e4ae75e749cefc69cbdd96fe2c/execute/async - {"script":"<script> [1562 bytes]","args":[{"selector":{"controlType":"sap.m.Input","viewName":"etm.portal.ui.manageyards.view.New","viewId":"application-manageyards-display-component---NewYard","bindingPath":{"path":"","propertyPath":"/SALES_AREA_VKORG","modelName":"NewYardModel"},"interaction":{"idSuffix":"inner"}},"wdio_ui5_key":"etmportal.ui.manageyards.view.Newsap.m.Input{\"path\":\"\",\"propertyPath\":\"/SALES_AREA_VKORG\",\"modelName\":\"NewYardModel\"}"}]}
RESULT: {"script":"<script> [1562 bytes]","args":[{"selector":{"controlType":"sap.m.Input","viewName":"etm.portal.ui.manageyards.view.New","viewId":"application-manageyards-display-component---NewYard","bindingPath":{"path":"","propertyPath":"/SALES_AREA_VKORG","modelName":"NewYardModel"},"interaction":{"idSuffix":"inner"}},"wdio_ui5_key":"etmportal.ui.manageyards.view.Newsap.m.Input{\"path\":\"\",\"propertyPath\":\"/SALES_AREA_VKORG\",\"modelName\":\"NewYardModel\"}"}]}
RESULT: undefined
COMMAND: POST /session/9f4c84e4ae75e749cefc69cbdd96fe2c/execute/async - {"script":"<script> [776 bytes]","args":[{"enterText":"C002","selector":{"controlType":"sap.m.Input","viewName":"etm.portal.ui.manageyards.view.New","viewId":"application-manageyards-display-component---NewYard","bindingPath":{"path":"","propertyPath":"/SALES_AREA_VKORG","modelName":"NewYardModel"},"interaction":{"idSuffix":"inner"}},"clearTextFirst":true,"interactionType":"ENTER_TEXT"}]}
RESULT: {"script":"<script> [776 bytes]","args":[{"enterText":"C002","selector":{"controlType":"sap.m.Input","viewName":"etm.portal.ui.manageyards.view.New","viewId":"application-manageyards-display-component---NewYard","bindingPath":{"path":"","propertyPath":"/SALES_AREA_VKORG","modelName":"NewYardModel"},"interaction":{"idSuffix":"inner"}},"clearTextFirst":true,"interactionType":"ENTER_TEXT"}]}
COMMAND: POST /session/9f4c84e4ae75e749cefc69cbdd96fe2c/execute/async - {"script":"<script> [1562 bytes]","args":[{"selector":{"controlType":"sap.m.Input","viewName":"etm.portal.ui.manageyards.view.New","viewId":"application-manageyards-display-component---NewYard","bindingPath":{"path":"","propertyPath":"/SALES_AREA_VTWEG","modelName":"NewYardModel"},"interaction":{"idSuffix":"inner"}},"wdio_ui5_key":"etmportal.ui.manageyards.view.Newsap.m.Input{\"path\":\"\",\"propertyPath\":\"/SALES_AREA_VTWEG\",\"modelName\":\"NewYardModel\"}"}]}
RESULT: {"script":"<script> [1562 bytes]","args":[{"selector":{"controlType":"sap.m.Input","viewName":"etm.portal.ui.manageyards.view.New","viewId":"application-manageyards-display-component---NewYard","bindingPath":{"path":"","propertyPath":"/SALES_AREA_VTWEG","modelName":"NewYardModel"},"interaction":{"idSuffix":"inner"}},"wdio_ui5_key":"etmportal.ui.manageyards.view.Newsap.m.Input{\"path\":\"\",\"propertyPath\":\"/SALES_AREA_VTWEG\",\"modelName\":\"NewYardModel\"}"}]}
RESULT: undefined
COMMAND: POST /session/9f4c84e4ae75e749cefc69cbdd96fe2c/execute/async - {"script":"<script> [776 bytes]","args":[{"enterText":"C2","selector":{"controlType":"sap.m.Input","viewName":"etm.portal.ui.manageyards.view.New","viewId":"application-manageyards-display-component---NewYard","bindingPath":{"path":"","propertyPath":"/SALES_AREA_VTWEG","modelName":"NewYardModel"},"interaction":{"idSuffix":"inner"}},"clearTextFirst":true,"interactionType":"ENTER_TEXT"}]}
RESULT: {"script":"<script> [776 bytes]","args":[{"enterText":"C2","selector":{"controlType":"sap.m.Input","viewName":"etm.portal.ui.manageyards.view.New","viewId":"application-manageyards-display-component---NewYard","bindingPath":{"path":"","propertyPath":"/SALES_AREA_VTWEG","modelName":"NewYardModel"},"interaction":{"idSuffix":"inner"}},"clearTextFirst":true,"interactionType":"ENTER_TEXT"}]}
COMMAND: POST /session/9f4c84e4ae75e749cefc69cbdd96fe2c/execute/async - {"script":"<script> [1562 bytes]","args":[{"selector":{"controlType":"sap.m.Input","viewName":"etm.portal.ui.manageyards.view.New","viewId":"application-manageyards-display-component---NewYard","bindingPath":{"path":"","propertyPath":"/SALES_AREA_SPART","modelName":"NewYardModel"},"interaction":{"idSuffix":"inner"}},"wdio_ui5_key":"etmportal.ui.manageyards.view.Newsap.m.Input{\"path\":\"\",\"propertyPath\":\"/SALES_AREA_SPART\",\"modelName\":\"NewYardModel\"}"}]}
RESULT: {"script":"<script> [1562 bytes]","args":[{"selector":{"controlType":"sap.m.Input","viewName":"etm.portal.ui.manageyards.view.New","viewId":"application-manageyards-display-component---NewYard","bindingPath":{"path":"","propertyPath":"/SALES_AREA_SPART","modelName":"NewYardModel"},"interaction":{"idSuffix":"inner"}},"wdio_ui5_key":"etmportal.ui.manageyards.view.Newsap.m.Input{\"path\":\"\",\"propertyPath\":\"/SALES_AREA_SPART\",\"modelName\":\"NewYardModel\"}"}]}
RESULT: undefined
COMMAND: POST /session/9f4c84e4ae75e749cefc69cbdd96fe2c/execute/async - {"script":"<script> [776 bytes]","args":[{"enterText":"C2","selector":{"controlType":"sap.m.Input","viewName":"etm.portal.ui.manageyards.view.New","viewId":"application-manageyards-display-component---NewYard","bindingPath":{"path":"","propertyPath":"/SALES_AREA_SPART","modelName":"NewYardModel"},"interaction":{"idSuffix":"inner"}},"clearTextFirst":true,"interactionType":"ENTER_TEXT"}]}
RESULT: {"script":"<script> [776 bytes]","args":[{"enterText":"C2","selector":{"controlType":"sap.m.Input","viewName":"etm.portal.ui.manageyards.view.New","viewId":"application-manageyards-display-component---NewYard","bindingPath":{"path":"","propertyPath":"/SALES_AREA_SPART","modelName":"NewYardModel"},"interaction":{"idSuffix":"inner"}},"clearTextFirst":true,"interactionType":"ENTER_TEXT"}]}
COMMAND: POST /session/9f4c84e4ae75e749cefc69cbdd96fe2c/execute/async - {"script":"<script> [1562 bytes]","args":[{"selector":{"controlType":"sap.m.Input","viewName":"etm.portal.ui.manageyards.view.New","viewId":"application-manageyards-display-component---NewYard","bindingPath":{"path":"","propertyPath":"/SHIP_POINT","modelName":"NewYardModel"},"interaction":{"idSuffix":"inner"}},"wdio_ui5_key":"etmportal.ui.manageyards.view.Newsap.m.Input{\"path\":\"\",\"propertyPath\":\"/SHIP_POINT\",\"modelName\":\"NewYardModel\"}"}]}
RESULT: {"script":"<script> [1562 bytes]","args":[{"selector":{"controlType":"sap.m.Input","viewName":"etm.portal.ui.manageyards.view.New","viewId":"application-manageyards-display-component---NewYard","bindingPath":{"path":"","propertyPath":"/SHIP_POINT","modelName":"NewYardModel"},"interaction":{"idSuffix":"inner"}},"wdio_ui5_key":"etmportal.ui.manageyards.view.Newsap.m.Input{\"path\":\"\",\"propertyPath\":\"/SHIP_POINT\",\"modelName\":\"NewYardModel\"}"}]}
RESULT: undefined
COMMAND: POST /session/9f4c84e4ae75e749cefc69cbdd96fe2c/execute/async - {"script":"<script> [776 bytes]","args":[{"enterText":"1710","selector":{"controlType":"sap.m.Input","viewName":"etm.portal.ui.manageyards.view.New","viewId":"application-manageyards-display-component---NewYard","bindingPath":{"path":"","propertyPath":"/SHIP_POINT","modelName":"NewYardModel"},"interaction":{"idSuffix":"inner"}},"clearTextFirst":true,"interactionType":"ENTER_TEXT"}]}
RESULT: {"script":"<script> [776 bytes]","args":[{"enterText":"1710","selector":{"controlType":"sap.m.Input","viewName":"etm.portal.ui.manageyards.view.New","viewId":"application-manageyards-display-component---NewYard","bindingPath":{"path":"","propertyPath":"/SHIP_POINT","modelName":"NewYardModel"},"interaction":{"idSuffix":"inner"}},"clearTextFirst":true,"interactionType":"ENTER_TEXT"}]}
COMMAND: POST /session/9f4c84e4ae75e749cefc69cbdd96fe2c/execute/async - {"script":"<script> [1562 bytes]","args":[{"selector":{"controlType":"sap.m.Input","viewName":"etm.portal.ui.manageyards.view.New","viewId":"application-manageyards-display-component---NewYard","bindingPath":{"path":"","propertyPath":"/DELIVERY_TYPE","modelName":"NewYardModel"},"interaction":{"idSuffix":"inner"}},"wdio_ui5_key":"etmportal.ui.manageyards.view.Newsap.m.Input{\"path\":\"\",\"propertyPath\":\"/DELIVERY_TYPE\",\"modelName\":\"NewYardModel\"}"}]}
RESULT: {"script":"<script> [1562 bytes]","args":[{"selector":{"controlType":"sap.m.Input","viewName":"etm.portal.ui.manageyards.view.New","viewId":"application-manageyards-display-component---NewYard","bindingPath":{"path":"","propertyPath":"/DELIVERY_TYPE","modelName":"NewYardModel"},"interaction":{"idSuffix":"inner"}},"wdio_ui5_key":"etmportal.ui.manageyards.view.Newsap.m.Input{\"path\":\"\",\"propertyPath\":\"/DELIVERY_TYPE\",\"modelName\":\"NewYardModel\"}"}]}
RESULT: undefined
COMMAND: POST /session/9f4c84e4ae75e749cefc69cbdd96fe2c/execute/async - {"script":"<script> [776 bytes]","args":[{"enterText":"ZL01","selector":{"controlType":"sap.m.Input","viewName":"etm.portal.ui.manageyards.view.New","viewId":"application-manageyards-display-component---NewYard","bindingPath":{"path":"","propertyPath":"/DELIVERY_TYPE","modelName":"NewYardModel"},"interaction":{"idSuffix":"inner"}},"clearTextFirst":true,"interactionType":"ENTER_TEXT"}]}
RESULT: {"script":"<script> [776 bytes]","args":[{"enterText":"ZL01","selector":{"controlType":"sap.m.Input","viewName":"etm.portal.ui.manageyards.view.New","viewId":"application-manageyards-display-component---NewYard","bindingPath":{"path":"","propertyPath":"/DELIVERY_TYPE","modelName":"NewYardModel"},"interaction":{"idSuffix":"inner"}},"clearTextFirst":true,"interactionType":"ENTER_TEXT"}]}
COMMAND: POST /session/9f4c84e4ae75e749cefc69cbdd96fe2c/execute/async - {"script":"<script> [1562 bytes]","args":[{"selector":{"controlType":"sap.m.Input","viewName":"etm.portal.ui.manageyards.view.New","viewId":"application-manageyards-display-component---NewYard","bindingPath":{"path":"","propertyPath":"/AUART","modelName":"NewYardModel"},"interaction":{"idSuffix":"inner"}},"wdio_ui5_key":"etmportal.ui.manageyards.view.Newsap.m.Input{\"path\":\"\",\"propertyPath\":\"/AUART\",\"modelName\":\"NewYardModel\"}"}]}
RESULT: {"script":"<script> [1562 bytes]","args":[{"selector":{"controlType":"sap.m.Input","viewName":"etm.portal.ui.manageyards.view.New","viewId":"application-manageyards-display-component---NewYard","bindingPath":{"path":"","propertyPath":"/AUART","modelName":"NewYardModel"},"interaction":{"idSuffix":"inner"}},"wdio_ui5_key":"etmportal.ui.manageyards.view.Newsap.m.Input{\"path\":\"\",\"propertyPath\":\"/AUART\",\"modelName\":\"NewYardModel\"}"}]}
RESULT: undefined
COMMAND: POST /session/9f4c84e4ae75e749cefc69cbdd96fe2c/execute/async - {"script":"<script> [776 bytes]","args":[{"enterText":"TA","selector":{"controlType":"sap.m.Input","viewName":"etm.portal.ui.manageyards.view.New","viewId":"application-manageyards-display-component---NewYard","bindingPath":{"path":"","propertyPath":"/AUART","modelName":"NewYardModel"},"interaction":{"idSuffix":"inner"}},"clearTextFirst":true,"interactionType":"ENTER_TEXT"}]}
RESULT: {"script":"<script> [776 bytes]","args":[{"enterText":"TA","selector":{"controlType":"sap.m.Input","viewName":"etm.portal.ui.manageyards.view.New","viewId":"application-manageyards-display-component---NewYard","bindingPath":{"path":"","propertyPath":"/AUART","modelName":"NewYardModel"},"interaction":{"idSuffix":"inner"}},"clearTextFirst":true,"interactionType":"ENTER_TEXT"}]}
COMMAND: POST /session/9f4c84e4ae75e749cefc69cbdd96fe2c/element - {"using":"xpath","value":"//button[@data-kt=\"newYardSaveButton\"]"}
RESULT: {"using":"xpath","value":"//button[@data-kt=\"newYardSaveButton\"]"}
COMMAND: POST /session/9f4c84e4ae75e749cefc69cbdd96fe2c/element/f.92C64C74BFFB4A8B431616FE9F273F76.d.4350D1136A67303FBAB571812AF33E4C.e.701/click - {}
RESULT: {}
COMMAND: GET /session/9f4c84e4ae75e749cefc69cbdd96fe2c/screenshot - {}
RESULT: {}
COMMAND: POST /session/9f4c84e4ae75e749cefc69cbdd96fe2c/element - {"using":"xpath","value":"//header[contains(@id, 'ObjectPageLayout-headerTitle')]/div[1]/div[2]/div[1]/span[1]"}
RESULT: {"using":"xpath","value":"//header[contains(@id, 'ObjectPageLayout-headerTitle')]/div[1]/div[2]/div[1]/span[1]"}
COMMAND: POST /session/9f4c84e4ae75e749cefc69cbdd96fe2c/elements - {"using":"xpath","value":"//header[contains(@id, 'ObjectPageLayout-headerTitle')]/div[1]/div[2]/div[1]/span[1]"}
RESULT: {"using":"xpath","value":"//header[contains(@id, 'ObjectPageLayout-headerTitle')]/div[1]/div[2]/div[1]/span[1]"}
COMMAND: POST /session/9f4c84e4ae75e749cefc69cbdd96fe2c/execute/sync - {"script":"<script> [56 bytes]","args":[{"element-6066-11e4-a52e-4f735466cecf":"f.92C64C74BFFB4A8B431616FE9F273F76.d.4350D1136A67303FBAB571812AF33E4C.e.984","ELEMENT":"f.92C64C74BFFB4A8B431616FE9F273F76.d.4350D1136A67303FBAB571812AF33E4C.e.984"}]}
RESULT: {"script":"<script> [56 bytes]","args":[{"element-6066-11e4-a52e-4f735466cecf":"f.92C64C74BFFB4A8B431616FE9F273F76.d.4350D1136A67303FBAB571812AF33E4C.e.984","ELEMENT":"f.92C64C74BFFB4A8B431616FE9F273F76.d.4350D1136A67303FBAB571812AF33E4C.e.984"}]}
COMMAND: GET /session/9f4c84e4ae75e749cefc69cbdd96fe2c/screenshot - {}
RESULT: {}
COMMAND: POST /session/9f4c84e4ae75e749cefc69cbdd96fe2c/element - {"using":"css selector","value":"#shell-header-logo"}
RESULT: {"using":"css selector","value":"#shell-header-logo"}
COMMAND: POST /session/9f4c84e4ae75e749cefc69cbdd96fe2c/element/f.92C64C74BFFB4A8B431616FE9F273F76.d.4350D1136A67303FBAB571812AF33E4C.e.254/click - {}
RESULT: {}
COMMAND: GET /session/9f4c84e4ae75e749cefc69cbdd96fe2c/screenshot - {}
RESULT: {}
COMMAND: POST /session/9f4c84e4ae75e749cefc69cbdd96fe2c/execute/sync - {"script":"<script> [299 bytes]","args":[["getModel","getResource"]]}
RESULT: {"script":"<script> [299 bytes]","args":[["getModel","getResource"]]}
]]></system-out>
    </testcase>
    <testcase classname="chrome.136_0_7103_93.windows.Billing_confirm_US117289" name="Should create a new partner" time="146.912">
      <system-out><![CDATA[
COMMAND: POST /session/9f4c84e4ae75e749cefc69cbdd96fe2c/window/fullscreen - {}
COMMAND: GET /session/9f4c84e4ae75e749cefc69cbdd96fe2c/screenshot - {}
RESULT: {}
COMMAND: POST /session/9f4c84e4ae75e749cefc69cbdd96fe2c/execute/async - {"script":"<script> [1562 bytes]","args":[{"selector":{"controlType":"sap.m.GenericTile","properties":{"header":"Manage Partners"}},"wdio_ui5_key":"sapm.GenericTile{\"header\":\"Manage Partners\"}"}]}
RESULT: {}
RESULT: {"script":"<script> [1562 bytes]","args":[{"selector":{"controlType":"sap.m.GenericTile","properties":{"header":"Manage Partners"}},"wdio_ui5_key":"sapm.GenericTile{\"header\":\"Manage Partners\"}"}]}
RESULT: undefined
COMMAND: POST /session/9f4c84e4ae75e749cefc69cbdd96fe2c/element - {"using":"xpath","value":"//*[@id=\"__tile38\"]"}
RESULT: {"using":"xpath","value":"//*[@id=\"__tile38\"]"}
COMMAND: POST /session/9f4c84e4ae75e749cefc69cbdd96fe2c/element/f.92C64C74BFFB4A8B431616FE9F273F76.d.4350D1136A67303FBAB571812AF33E4C.e.139/click - {}
RESULT: {}
COMMAND: GET /session/9f4c84e4ae75e749cefc69cbdd96fe2c/screenshot - {}
RESULT: {}
COMMAND: POST /session/9f4c84e4ae75e749cefc69cbdd96fe2c/elements - {"using":"xpath","value":"//span[text()='Error']"}
RESULT: {"using":"xpath","value":"//span[text()='Error']"}
COMMAND: POST /session/9f4c84e4ae75e749cefc69cbdd96fe2c/element - {"using":"xpath","value":"//button[@data-kt=\"addButton\"]"}
RESULT: {"using":"xpath","value":"//button[@data-kt=\"addButton\"]"}
COMMAND: POST /session/9f4c84e4ae75e749cefc69cbdd96fe2c/elements - {"using":"xpath","value":"//button[@data-kt=\"addButton\"]"}
RESULT: {"using":"xpath","value":"//button[@data-kt=\"addButton\"]"}
COMMAND: POST /session/9f4c84e4ae75e749cefc69cbdd96fe2c/execute/sync - {"script":"<script> [8489 bytes]","args":[{"element-6066-11e4-a52e-4f735466cecf":"f.92C64C74BFFB4A8B431616FE9F273F76.d.4350D1136A67303FBAB571812AF33E4C.e.1033","ELEMENT":"f.92C64C74BFFB4A8B431616FE9F273F76.d.4350D1136A67303FBAB571812AF33E4C.e.1033"}]}
RESULT: {"script":"<script> [8489 bytes]","args":[{"element-6066-11e4-a52e-4f735466cecf":"f.92C64C74BFFB4A8B431616FE9F273F76.d.4350D1136A67303FBAB571812AF33E4C.e.1033","ELEMENT":"f.92C64C74BFFB4A8B431616FE9F273F76.d.4350D1136A67303FBAB571812AF33E4C.e.1033"}]}
COMMAND: GET /session/9f4c84e4ae75e749cefc69cbdd96fe2c/element/f.92C64C74BFFB4A8B431616FE9F273F76.d.4350D1136A67303FBAB571812AF33E4C.e.1033/enabled - {}
COMMAND: GET /session/9f4c84e4ae75e749cefc69cbdd96fe2c/screenshot - {}
RESULT: {}
COMMAND: POST /session/9f4c84e4ae75e749cefc69cbdd96fe2c/execute/sync - {"script":"<script> [8489 bytes]","args":[{"element-6066-11e4-a52e-4f735466cecf":"f.92C64C74BFFB4A8B431616FE9F273F76.d.4350D1136A67303FBAB571812AF33E4C.e.1033","ELEMENT":"f.92C64C74BFFB4A8B431616FE9F273F76.d.4350D1136A67303FBAB571812AF33E4C.e.1033"}]}
COMMAND: GET /session/9f4c84e4ae75e749cefc69cbdd96fe2c/screenshot - {}
RESULT: {}
RESULT: {"script":"<script> [8489 bytes]","args":[{"element-6066-11e4-a52e-4f735466cecf":"f.92C64C74BFFB4A8B431616FE9F273F76.d.4350D1136A67303FBAB571812AF33E4C.e.1033","ELEMENT":"f.92C64C74BFFB4A8B431616FE9F273F76.d.4350D1136A67303FBAB571812AF33E4C.e.1033"}]}
COMMAND: POST /session/9f4c84e4ae75e749cefc69cbdd96fe2c/execute/sync - {"script":"<script> [5351 bytes]","args":[{"element-6066-11e4-a52e-4f735466cecf":"f.92C64C74BFFB4A8B431616FE9F273F76.d.4350D1136A67303FBAB571812AF33E4C.e.1033","ELEMENT":"f.92C64C74BFFB4A8B431616FE9F273F76.d.4350D1136A67303FBAB571812AF33E4C.e.1033"}]}
COMMAND: GET /session/9f4c84e4ae75e749cefc69cbdd96fe2c/screenshot - {}
RESULT: {}
RESULT: {"script":"<script> [5351 bytes]","args":[{"element-6066-11e4-a52e-4f735466cecf":"f.92C64C74BFFB4A8B431616FE9F273F76.d.4350D1136A67303FBAB571812AF33E4C.e.1033","ELEMENT":"f.92C64C74BFFB4A8B431616FE9F273F76.d.4350D1136A67303FBAB571812AF33E4C.e.1033"}]}
COMMAND: POST /session/9f4c84e4ae75e749cefc69cbdd96fe2c/element/f.92C64C74BFFB4A8B431616FE9F273F76.d.4350D1136A67303FBAB571812AF33E4C.e.1033/click - {}
COMMAND: GET /session/9f4c84e4ae75e749cefc69cbdd96fe2c/screenshot - {}
RESULT: {}
RESULT: {}
COMMAND: GET /session/9f4c84e4ae75e749cefc69cbdd96fe2c/screenshot - {}
COMMAND: POST /session/9f4c84e4ae75e749cefc69cbdd96fe2c/execute/async - {"script":"<script> [1562 bytes]","args":[{"selector":{"id":"application-managepartners-display-component---NewPartner--addressDetailDetailsName1","interaction":{"idSuffix":"inner"}},"wdio_ui5_key":"applicationmanagepartners-display-component---NewPartner--addressDetailDetailsName1"}]}
RESULT: {}
RESULT: {}
RESULT: {"script":"<script> [1562 bytes]","args":[{"selector":{"id":"application-managepartners-display-component---NewPartner--addressDetailDetailsName1","interaction":{"idSuffix":"inner"}},"wdio_ui5_key":"applicationmanagepartners-display-component---NewPartner--addressDetailDetailsName1"}]}
RESULT: undefined
COMMAND: POST /session/9f4c84e4ae75e749cefc69cbdd96fe2c/execute/async - {"script":"<script> [776 bytes]","args":[{"enterText":"Intracompany Partner WDIO","selector":{"id":"application-managepartners-display-component---NewPartner--addressDetailDetailsName1","interaction":{"idSuffix":"inner"}},"clearTextFirst":true,"interactionType":"ENTER_TEXT"}]}
RESULT: {"script":"<script> [776 bytes]","args":[{"enterText":"Intracompany Partner WDIO","selector":{"id":"application-managepartners-display-component---NewPartner--addressDetailDetailsName1","interaction":{"idSuffix":"inner"}},"clearTextFirst":true,"interactionType":"ENTER_TEXT"}]}
COMMAND: POST /session/9f4c84e4ae75e749cefc69cbdd96fe2c/execute/async - {"script":"<script> [1562 bytes]","args":[{"selector":{"id":"application-managepartners-display-component---NewPartner--addressDetailDetailsLanguage-arrow"},"wdio_ui5_key":"applicationmanagepartners-display-component---NewPartner--addressDetailDetailsLanguage-arrow"}]}
RESULT: {"script":"<script> [1562 bytes]","args":[{"selector":{"id":"application-managepartners-display-component---NewPartner--addressDetailDetailsLanguage-arrow"},"wdio_ui5_key":"applicationmanagepartners-display-component---NewPartner--addressDetailDetailsLanguage-arrow"}]}
RESULT: undefined
COMMAND: POST /session/9f4c84e4ae75e749cefc69cbdd96fe2c/element - {"using":"xpath","value":"//*[@id=\"application-managepartners-display-component---NewPartner--addressDetailDetailsLanguage-arrow\"]"}
RESULT: {"using":"xpath","value":"//*[@id=\"application-managepartners-display-component---NewPartner--addressDetailDetailsLanguage-arrow\"]"}
COMMAND: POST /session/9f4c84e4ae75e749cefc69cbdd96fe2c/element/f.92C64C74BFFB4A8B431616FE9F273F76.d.4350D1136A67303FBAB571812AF33E4C.e.1470/click - {}
RESULT: {}
COMMAND: POST /session/9f4c84e4ae75e749cefc69cbdd96fe2c/element - {"using":"xpath","value":"//span[contains(text(), \"English\")]"}
COMMAND: GET /session/9f4c84e4ae75e749cefc69cbdd96fe2c/screenshot - {}
RESULT: {"using":"xpath","value":"//span[contains(text(), \"English\")]"}
COMMAND: POST /session/9f4c84e4ae75e749cefc69cbdd96fe2c/element/f.92C64C74BFFB4A8B431616FE9F273F76.d.4350D1136A67303FBAB571812AF33E4C.e.1471/click - {}
RESULT: {}
RESULT: {}
COMMAND: GET /session/9f4c84e4ae75e749cefc69cbdd96fe2c/screenshot - {}
RESULT: {}
COMMAND: POST /session/9f4c84e4ae75e749cefc69cbdd96fe2c/execute/async - {"script":"<script> [1562 bytes]","args":[{"selector":{"id":"application-managepartners-display-component---NewPartner--addressDetailDetailsCity1","interaction":{"idSuffix":"inner"}},"wdio_ui5_key":"applicationmanagepartners-display-component---NewPartner--addressDetailDetailsCity1"}]}
RESULT: {"script":"<script> [1562 bytes]","args":[{"selector":{"id":"application-managepartners-display-component---NewPartner--addressDetailDetailsCity1","interaction":{"idSuffix":"inner"}},"wdio_ui5_key":"applicationmanagepartners-display-component---NewPartner--addressDetailDetailsCity1"}]}
RESULT: undefined
COMMAND: POST /session/9f4c84e4ae75e749cefc69cbdd96fe2c/execute/async - {"script":"<script> [776 bytes]","args":[{"enterText":"Rosario","selector":{"id":"application-managepartners-display-component---NewPartner--addressDetailDetailsCity1","interaction":{"idSuffix":"inner"}},"clearTextFirst":true,"interactionType":"ENTER_TEXT"}]}
RESULT: {"script":"<script> [776 bytes]","args":[{"enterText":"Rosario","selector":{"id":"application-managepartners-display-component---NewPartner--addressDetailDetailsCity1","interaction":{"idSuffix":"inner"}},"clearTextFirst":true,"interactionType":"ENTER_TEXT"}]}
COMMAND: POST /session/9f4c84e4ae75e749cefc69cbdd96fe2c/execute/async - {"script":"<script> [1562 bytes]","args":[{"selector":{"id":"application-managepartners-display-component---NewPartner--addressDetailDetailsCountry-arrow"},"wdio_ui5_key":"applicationmanagepartners-display-component---NewPartner--addressDetailDetailsCountry-arrow"}]}
RESULT: {"script":"<script> [1562 bytes]","args":[{"selector":{"id":"application-managepartners-display-component---NewPartner--addressDetailDetailsCountry-arrow"},"wdio_ui5_key":"applicationmanagepartners-display-component---NewPartner--addressDetailDetailsCountry-arrow"}]}
RESULT: undefined
COMMAND: POST /session/9f4c84e4ae75e749cefc69cbdd96fe2c/element - {"using":"xpath","value":"//*[@id=\"application-managepartners-display-component---NewPartner--addressDetailDetailsCountry-arrow\"]"}
RESULT: {"using":"xpath","value":"//*[@id=\"application-managepartners-display-component---NewPartner--addressDetailDetailsCountry-arrow\"]"}
COMMAND: POST /session/9f4c84e4ae75e749cefc69cbdd96fe2c/element/f.92C64C74BFFB4A8B431616FE9F273F76.d.4350D1136A67303FBAB571812AF33E4C.e.1457/click - {}
RESULT: {}
COMMAND: POST /session/9f4c84e4ae75e749cefc69cbdd96fe2c/element - {"using":"xpath","value":"//span[contains(text(), \"Argentina\")]"}
COMMAND: GET /session/9f4c84e4ae75e749cefc69cbdd96fe2c/screenshot - {}
RESULT: {"using":"xpath","value":"//span[contains(text(), \"Argentina\")]"}
COMMAND: POST /session/9f4c84e4ae75e749cefc69cbdd96fe2c/element/f.92C64C74BFFB4A8B431616FE9F273F76.d.4350D1136A67303FBAB571812AF33E4C.e.1473/click - {}
RESULT: {}
RESULT: {}
COMMAND: GET /session/9f4c84e4ae75e749cefc69cbdd96fe2c/screenshot - {}
RESULT: {}
COMMAND: POST /session/9f4c84e4ae75e749cefc69cbdd96fe2c/element - {"using":"xpath","value":"//bdi[contains(text(), \"Commercial\")]"}
RESULT: {"using":"xpath","value":"//bdi[contains(text(), \"Commercial\")]"}
COMMAND: POST /session/9f4c84e4ae75e749cefc69cbdd96fe2c/element/f.92C64C74BFFB4A8B431616FE9F273F76.d.4350D1136A67303FBAB571812AF33E4C.e.1474/click - {}
RESULT: {}
COMMAND: GET /session/9f4c84e4ae75e749cefc69cbdd96fe2c/screenshot - {}
RESULT: {}
COMMAND: POST /session/9f4c84e4ae75e749cefc69cbdd96fe2c/execute/async - {"script":"<script> [1562 bytes]","args":[{"selector":{"id":"application-managepartners-display-component---NewPartner--partnerDetailInternal-arrow"},"wdio_ui5_key":"applicationmanagepartners-display-component---NewPartner--partnerDetailInternal-arrow"}]}
RESULT: {"script":"<script> [1562 bytes]","args":[{"selector":{"id":"application-managepartners-display-component---NewPartner--partnerDetailInternal-arrow"},"wdio_ui5_key":"applicationmanagepartners-display-component---NewPartner--partnerDetailInternal-arrow"}]}
RESULT: undefined
COMMAND: POST /session/9f4c84e4ae75e749cefc69cbdd96fe2c/element - {"using":"xpath","value":"//*[@id=\"application-managepartners-display-component---NewPartner--partnerDetailInternal-arrow\"]"}
RESULT: {"using":"xpath","value":"//*[@id=\"application-managepartners-display-component---NewPartner--partnerDetailInternal-arrow\"]"}
COMMAND: POST /session/9f4c84e4ae75e749cefc69cbdd96fe2c/element/f.92C64C74BFFB4A8B431616FE9F273F76.d.4350D1136A67303FBAB571812AF33E4C.e.1480/click - {}
RESULT: {}
COMMAND: POST /session/9f4c84e4ae75e749cefc69cbdd96fe2c/element - {"using":"xpath","value":"//span[contains(text(), \"Affiliated company\")]"}
COMMAND: GET /session/9f4c84e4ae75e749cefc69cbdd96fe2c/screenshot - {}
RESULT: {"using":"xpath","value":"//span[contains(text(), \"Affiliated company\")]"}
COMMAND: POST /session/9f4c84e4ae75e749cefc69cbdd96fe2c/element/f.92C64C74BFFB4A8B431616FE9F273F76.d.4350D1136A67303FBAB571812AF33E4C.e.1481/click - {}
RESULT: {}
RESULT: {}
COMMAND: POST /session/9f4c84e4ae75e749cefc69cbdd96fe2c/execute/async - {"script":"<script> [1562 bytes]","args":[{"selector":{"id":"application-managepartners-display-component---NewPartner--partnerDetailsCurrency-arrow"},"wdio_ui5_key":"applicationmanagepartners-display-component---NewPartner--partnerDetailsCurrency-arrow"}]}
COMMAND: GET /session/9f4c84e4ae75e749cefc69cbdd96fe2c/screenshot - {}
RESULT: {"script":"<script> [1562 bytes]","args":[{"selector":{"id":"application-managepartners-display-component---NewPartner--partnerDetailsCurrency-arrow"},"wdio_ui5_key":"applicationmanagepartners-display-component---NewPartner--partnerDetailsCurrency-arrow"}]}
RESULT: undefined
COMMAND: POST /session/9f4c84e4ae75e749cefc69cbdd96fe2c/element - {"using":"xpath","value":"//*[@id=\"application-managepartners-display-component---NewPartner--partnerDetailsCurrency-arrow\"]"}
RESULT: {}
RESULT: {"using":"xpath","value":"//*[@id=\"application-managepartners-display-component---NewPartner--partnerDetailsCurrency-arrow\"]"}
COMMAND: POST /session/9f4c84e4ae75e749cefc69cbdd96fe2c/element/f.92C64C74BFFB4A8B431616FE9F273F76.d.4350D1136A67303FBAB571812AF33E4C.e.1488/click - {}
RESULT: {}
COMMAND: POST /session/9f4c84e4ae75e749cefc69cbdd96fe2c/element - {"using":"xpath","value":"//span[contains(text(), \"Euro\")]"}
COMMAND: GET /session/9f4c84e4ae75e749cefc69cbdd96fe2c/screenshot - {}
RESULT: {"using":"xpath","value":"//span[contains(text(), \"Euro\")]"}
COMMAND: POST /session/9f4c84e4ae75e749cefc69cbdd96fe2c/element/f.92C64C74BFFB4A8B431616FE9F273F76.d.4350D1136A67303FBAB571812AF33E4C.e.1489/click - {}
RESULT: {}
RESULT: {}
COMMAND: POST /session/9f4c84e4ae75e749cefc69cbdd96fe2c/execute/async - {"script":"<script> [1562 bytes]","args":[{"selector":{"id":"application-managepartners-display-component---NewPartner--addressEditDetailsCostObjectCstType-arrow"},"wdio_ui5_key":"applicationmanagepartners-display-component---NewPartner--addressEditDetailsCostObjectCstType-arrow"}]}
COMMAND: GET /session/9f4c84e4ae75e749cefc69cbdd96fe2c/screenshot - {}
RESULT: {"script":"<script> [1562 bytes]","args":[{"selector":{"id":"application-managepartners-display-component---NewPartner--addressEditDetailsCostObjectCstType-arrow"},"wdio_ui5_key":"applicationmanagepartners-display-component---NewPartner--addressEditDetailsCostObjectCstType-arrow"}]}
RESULT: undefined
COMMAND: POST /session/9f4c84e4ae75e749cefc69cbdd96fe2c/element - {"using":"xpath","value":"//*[@id=\"application-managepartners-display-component---NewPartner--addressEditDetailsCostObjectCstType-arrow\"]"}
RESULT: {}
RESULT: {"using":"xpath","value":"//*[@id=\"application-managepartners-display-component---NewPartner--addressEditDetailsCostObjectCstType-arrow\"]"}
COMMAND: POST /session/9f4c84e4ae75e749cefc69cbdd96fe2c/element/f.92C64C74BFFB4A8B431616FE9F273F76.d.4350D1136A67303FBAB571812AF33E4C.e.1490/click - {}
RESULT: {}
COMMAND: POST /session/9f4c84e4ae75e749cefc69cbdd96fe2c/element - {"using":"xpath","value":"//span[contains(text(), \"Cost Center\")]"}
COMMAND: GET /session/9f4c84e4ae75e749cefc69cbdd96fe2c/screenshot - {}
RESULT: {"using":"xpath","value":"//span[contains(text(), \"Cost Center\")]"}
COMMAND: POST /session/9f4c84e4ae75e749cefc69cbdd96fe2c/element/f.92C64C74BFFB4A8B431616FE9F273F76.d.4350D1136A67303FBAB571812AF33E4C.e.1491/click - {}
RESULT: {}
RESULT: {}
COMMAND: GET /session/9f4c84e4ae75e749cefc69cbdd96fe2c/screenshot - {}
RESULT: {}
COMMAND: POST /session/9f4c84e4ae75e749cefc69cbdd96fe2c/element - {"using":"xpath","value":"//span[@id=\"application-managepartners-display-component---NewPartner--addressNewCostObjectCstID-vhi\"]"}
RESULT: {"using":"xpath","value":"//span[@id=\"application-managepartners-display-component---NewPartner--addressNewCostObjectCstID-vhi\"]"}
COMMAND: POST /session/9f4c84e4ae75e749cefc69cbdd96fe2c/execute/sync - {"script":"<script> [8489 bytes]","args":[{"element-6066-11e4-a52e-4f735466cecf":"f.92C64C74BFFB4A8B431616FE9F273F76.d.4350D1136A67303FBAB571812AF33E4C.e.1495","ELEMENT":"f.92C64C74BFFB4A8B431616FE9F273F76.d.4350D1136A67303FBAB571812AF33E4C.e.1495"}]}
RESULT: {"script":"<script> [8489 bytes]","args":[{"element-6066-11e4-a52e-4f735466cecf":"f.92C64C74BFFB4A8B431616FE9F273F76.d.4350D1136A67303FBAB571812AF33E4C.e.1495","ELEMENT":"f.92C64C74BFFB4A8B431616FE9F273F76.d.4350D1136A67303FBAB571812AF33E4C.e.1495"}]}
COMMAND: POST /session/9f4c84e4ae75e749cefc69cbdd96fe2c/execute/async - {"script":"<script> [1562 bytes]","args":[{"selector":{"id":"application-managepartners-display-component---NewPartner--addressNewCostObjectCstID-vhi"},"wdio_ui5_key":"applicationmanagepartners-display-component---NewPartner--addressNewCostObjectCstID-vhi"}]}
COMMAND: GET /session/9f4c84e4ae75e749cefc69cbdd96fe2c/screenshot - {}
RESULT: {"script":"<script> [1562 bytes]","args":[{"selector":{"id":"application-managepartners-display-component---NewPartner--addressNewCostObjectCstID-vhi"},"wdio_ui5_key":"applicationmanagepartners-display-component---NewPartner--addressNewCostObjectCstID-vhi"}]}
RESULT: undefined
COMMAND: POST /session/9f4c84e4ae75e749cefc69cbdd96fe2c/element - {"using":"xpath","value":"//*[@id=\"application-managepartners-display-component---NewPartner--addressNewCostObjectCstID-vhi\"]"}
RESULT: {}
RESULT: {"using":"xpath","value":"//*[@id=\"application-managepartners-display-component---NewPartner--addressNewCostObjectCstID-vhi\"]"}
COMMAND: POST /session/9f4c84e4ae75e749cefc69cbdd96fe2c/element/f.92C64C74BFFB4A8B431616FE9F273F76.d.4350D1136A67303FBAB571812AF33E4C.e.1495/click - {}
RESULT: {}
COMMAND: GET /session/9f4c84e4ae75e749cefc69cbdd96fe2c/screenshot - {}
RESULT: {}
RESULT: undefined
COMMAND: POST /session/9f4c84e4ae75e749cefc69cbdd96fe2c/execute/async - {"script":"<script> [776 bytes]","args":[{"enterText":"10001013","selector":{"controlType":"sap.m.SearchField","properties":{"placeholder":"Search"},"searchOpenDialogs":true,"interaction":{"idSuffix":"I"}},"clearTextFirst":true,"interactionType":"ENTER_TEXT"}]}
RESULT: {"script":"<script> [776 bytes]","args":[{"enterText":"10001013","selector":{"controlType":"sap.m.SearchField","properties":{"placeholder":"Search"},"searchOpenDialogs":true,"interaction":{"idSuffix":"I"}},"clearTextFirst":true,"interactionType":"ENTER_TEXT"}]}
COMMAND: POST /session/9f4c84e4ae75e749cefc69cbdd96fe2c/actions - {"actions":[{"id":"action2","type":"key","parameters":{},"actions":[{"type":"keyDown","value":""},{"type":"pause","duration":10},{"type":"keyUp","value":""}]}]}
RESULT: {"actions":[{"id":"action2","type":"key","parameters":{},"actions":[{"type":"keyDown","value":""},{"type":"pause","duration":10},{"type":"keyUp","value":""}]}]}
COMMAND: GET /session/9f4c84e4ae75e749cefc69cbdd96fe2c/screenshot - {}
RESULT: {}
COMMAND: POST /session/9f4c84e4ae75e749cefc69cbdd96fe2c/element - {"using":"xpath","value":"//span[contains(text(), \"General Management\")]"}
RESULT: {"using":"xpath","value":"//span[contains(text(), \"General Management\")]"}
COMMAND: POST /session/9f4c84e4ae75e749cefc69cbdd96fe2c/element/f.92C64C74BFFB4A8B431616FE9F273F76.d.4350D1136A67303FBAB571812AF33E4C.e.1534/click - {}
RESULT: {}
COMMAND: GET /session/9f4c84e4ae75e749cefc69cbdd96fe2c/screenshot - {}
RESULT: {}
COMMAND: POST /session/9f4c84e4ae75e749cefc69cbdd96fe2c/element - {"using":"xpath","value":"//bdi[contains(text(), \"OK\")]"}
RESULT: {"using":"xpath","value":"//bdi[contains(text(), \"OK\")]"}
COMMAND: POST /session/9f4c84e4ae75e749cefc69cbdd96fe2c/element/f.92C64C74BFFB4A8B431616FE9F273F76.d.4350D1136A67303FBAB571812AF33E4C.e.1535/click - {}
RESULT: {}
COMMAND: GET /session/9f4c84e4ae75e749cefc69cbdd96fe2c/screenshot - {}
RESULT: {}
COMMAND: POST /session/9f4c84e4ae75e749cefc69cbdd96fe2c/element - {"using":"xpath","value":"//input[@id=\"application-managepartners-display-component---NewPartner--companyCodeComboBox-inner\"]"}
RESULT: {"using":"xpath","value":"//input[@id=\"application-managepartners-display-component---NewPartner--companyCodeComboBox-inner\"]"}
COMMAND: POST /session/9f4c84e4ae75e749cefc69cbdd96fe2c/element/f.92C64C74BFFB4A8B431616FE9F273F76.d.4350D1136A67303FBAB571812AF33E4C.e.1336/clear - {}
RESULT: {}
COMMAND: POST /session/9f4c84e4ae75e749cefc69cbdd96fe2c/element/f.92C64C74BFFB4A8B431616FE9F273F76.d.4350D1136A67303FBAB571812AF33E4C.e.1336/value - {"text":"1000"}
COMMAND: GET /session/9f4c84e4ae75e749cefc69cbdd96fe2c/screenshot - {}
RESULT: {"text":"1000"}
COMMAND: GET /session/9f4c84e4ae75e749cefc69cbdd96fe2c/screenshot - {}
RESULT: {}
RESULT: {}
COMMAND: POST /session/9f4c84e4ae75e749cefc69cbdd96fe2c/element - {"using":"xpath","value":"//li[.//span[text()= \"1000\"]]"}
RESULT: {"using":"xpath","value":"//li[.//span[text()= \"1000\"]]"}
COMMAND: POST /session/9f4c84e4ae75e749cefc69cbdd96fe2c/element/f.92C64C74BFFB4A8B431616FE9F273F76.d.4350D1136A67303FBAB571812AF33E4C.e.1541/click - {}
RESULT: {}
COMMAND: GET /session/9f4c84e4ae75e749cefc69cbdd96fe2c/screenshot - {}
RESULT: {}
COMMAND: POST /session/9f4c84e4ae75e749cefc69cbdd96fe2c/execute/async - {"script":"<script> [1562 bytes]","args":[{"selector":{"id":"application-managepartners-display-component---NewPartner--btnAddTableRow-img"},"wdio_ui5_key":"applicationmanagepartners-display-component---NewPartner--btnAddTableRow-img"}]}
RESULT: {"script":"<script> [1562 bytes]","args":[{"selector":{"id":"application-managepartners-display-component---NewPartner--btnAddTableRow-img"},"wdio_ui5_key":"applicationmanagepartners-display-component---NewPartner--btnAddTableRow-img"}]}
RESULT: undefined
COMMAND: POST /session/9f4c84e4ae75e749cefc69cbdd96fe2c/element - {"using":"xpath","value":"//*[@id=\"application-managepartners-display-component---NewPartner--btnAddTableRow-img\"]"}
RESULT: {"using":"xpath","value":"//*[@id=\"application-managepartners-display-component---NewPartner--btnAddTableRow-img\"]"}
COMMAND: POST /session/9f4c84e4ae75e749cefc69cbdd96fe2c/element/f.92C64C74BFFB4A8B431616FE9F273F76.d.4350D1136A67303FBAB571812AF33E4C.e.1542/click - {}
RESULT: {}
COMMAND: GET /session/9f4c84e4ae75e749cefc69cbdd96fe2c/screenshot - {}
RESULT: {}
COMMAND: POST /session/9f4c84e4ae75e749cefc69cbdd96fe2c/element - {"using":"xpath","value":"//input[@id=\"application-managepartners-display-component---NewPartner--assignmentYard-application-managepartners-display-component---NewPartner--assignmentsTable-0-inner\"]"}
RESULT: {"using":"xpath","value":"//input[@id=\"application-managepartners-display-component---NewPartner--assignmentYard-application-managepartners-display-component---NewPartner--assignmentsTable-0-inner\"]"}
COMMAND: POST /session/9f4c84e4ae75e749cefc69cbdd96fe2c/element/f.92C64C74BFFB4A8B431616FE9F273F76.d.4350D1136A67303FBAB571812AF33E4C.e.1545/clear - {}
RESULT: {}
COMMAND: POST /session/9f4c84e4ae75e749cefc69cbdd96fe2c/element/f.92C64C74BFFB4A8B431616FE9F273F76.d.4350D1136A67303FBAB571812AF33E4C.e.1545/value - {"text":"429"}
COMMAND: GET /session/9f4c84e4ae75e749cefc69cbdd96fe2c/screenshot - {}
RESULT: {"text":"429"}
COMMAND: GET /session/9f4c84e4ae75e749cefc69cbdd96fe2c/screenshot - {}
RESULT: {}
RESULT: {}
COMMAND: POST /session/9f4c84e4ae75e749cefc69cbdd96fe2c/element - {"using":"xpath","value":"//li[.//span[text()='429']]"}
RESULT: {"using":"xpath","value":"//li[.//span[text()='429']]"}
COMMAND: POST /session/9f4c84e4ae75e749cefc69cbdd96fe2c/element/f.92C64C74BFFB4A8B431616FE9F273F76.d.4350D1136A67303FBAB571812AF33E4C.e.1555/click - {}
RESULT: {}
COMMAND: GET /session/9f4c84e4ae75e749cefc69cbdd96fe2c/screenshot - {}
RESULT: {}
COMMAND: POST /session/9f4c84e4ae75e749cefc69cbdd96fe2c/actions - {"actions":[{"id":"action3","type":"key","parameters":{},"actions":[{"type":"keyDown","value":""},{"type":"pause","duration":10},{"type":"keyUp","value":""}]}]}
RESULT: {"actions":[{"id":"action3","type":"key","parameters":{},"actions":[{"type":"keyDown","value":""},{"type":"pause","duration":10},{"type":"keyUp","value":""}]}]}
COMMAND: POST /session/9f4c84e4ae75e749cefc69cbdd96fe2c/execute/async - {"script":"<script> [1562 bytes]","args":[{"selector":{"id":"application-managepartners-display-component---NewPartner--externalCustomerComboBox-application-managepartners-display-component---NewPartner--assignmentsTable-0-vhi"},"wdio_ui5_key":"applicationmanagepartners-display-component---NewPartner--externalCustomerComboBox-application-managepartners-display-component---NewPartner--assignmentsTable-0-vhi"}]}
COMMAND: GET /session/9f4c84e4ae75e749cefc69cbdd96fe2c/screenshot - {}
RESULT: {"script":"<script> [1562 bytes]","args":[{"selector":{"id":"application-managepartners-display-component---NewPartner--externalCustomerComboBox-application-managepartners-display-component---NewPartner--assignmentsTable-0-vhi"},"wdio_ui5_key":"applicationmanagepartners-display-component---NewPartner--externalCustomerComboBox-application-managepartners-display-component---NewPartner--assignmentsTable-0-vhi"}]}
RESULT: undefined
COMMAND: POST /session/9f4c84e4ae75e749cefc69cbdd96fe2c/element - {"using":"xpath","value":"//*[@id=\"application-managepartners-display-component---NewPartner--externalCustomerComboBox-application-managepartners-display-component---NewPartner--assignmentsTable-0-vhi\"]"}
RESULT: {}
RESULT: {"using":"xpath","value":"//*[@id=\"application-managepartners-display-component---NewPartner--externalCustomerComboBox-application-managepartners-display-component---NewPartner--assignmentsTable-0-vhi\"]"}
COMMAND: POST /session/9f4c84e4ae75e749cefc69cbdd96fe2c/element/f.92C64C74BFFB4A8B431616FE9F273F76.d.4350D1136A67303FBAB571812AF33E4C.e.1559/click - {}
RESULT: {}
RESULT: undefined
COMMAND: POST /session/9f4c84e4ae75e749cefc69cbdd96fe2c/execute/async - {"script":"<script> [776 bytes]","args":[{"enterText":"300003","selector":{"controlType":"sap.m.SearchField","properties":{"placeholder":"Search"},"searchOpenDialogs":true,"interaction":{"idSuffix":"I"}},"clearTextFirst":true,"interactionType":"ENTER_TEXT"}]}
COMMAND: GET /session/9f4c84e4ae75e749cefc69cbdd96fe2c/screenshot - {}
RESULT: {"script":"<script> [776 bytes]","args":[{"enterText":"300003","selector":{"controlType":"sap.m.SearchField","properties":{"placeholder":"Search"},"searchOpenDialogs":true,"interaction":{"idSuffix":"I"}},"clearTextFirst":true,"interactionType":"ENTER_TEXT"}]}
COMMAND: POST /session/9f4c84e4ae75e749cefc69cbdd96fe2c/actions - {"actions":[{"id":"action4","type":"key","parameters":{},"actions":[{"type":"keyDown","value":""},{"type":"pause","duration":10},{"type":"keyUp","value":""}]}]}
RESULT: {}
RESULT: {"actions":[{"id":"action4","type":"key","parameters":{},"actions":[{"type":"keyDown","value":""},{"type":"pause","duration":10},{"type":"keyUp","value":""}]}]}
COMMAND: GET /session/9f4c84e4ae75e749cefc69cbdd96fe2c/screenshot - {}
RESULT: {}
COMMAND: POST /session/9f4c84e4ae75e749cefc69cbdd96fe2c/element - {"using":"xpath","value":"//span[contains(text(), \"300003\")]"}
RESULT: {"using":"xpath","value":"//span[contains(text(), \"300003\")]"}
COMMAND: POST /session/9f4c84e4ae75e749cefc69cbdd96fe2c/element/f.92C64C74BFFB4A8B431616FE9F273F76.d.4350D1136A67303FBAB571812AF33E4C.e.1577/click - {}
RESULT: {}
COMMAND: GET /session/9f4c84e4ae75e749cefc69cbdd96fe2c/screenshot - {}
RESULT: {}
COMMAND: POST /session/9f4c84e4ae75e749cefc69cbdd96fe2c/element - {"using":"xpath","value":"//bdi[contains(text(), \"OK\")]"}
RESULT: {"using":"xpath","value":"//bdi[contains(text(), \"OK\")]"}
COMMAND: POST /session/9f4c84e4ae75e749cefc69cbdd96fe2c/element/f.92C64C74BFFB4A8B431616FE9F273F76.d.4350D1136A67303FBAB571812AF33E4C.e.1579/click - {}
RESULT: {}
COMMAND: GET /session/9f4c84e4ae75e749cefc69cbdd96fe2c/screenshot - {}
RESULT: {}
COMMAND: POST /session/9f4c84e4ae75e749cefc69cbdd96fe2c/execute/async - {"script":"<script> [1562 bytes]","args":[{"selector":{"id":"application-managepartners-display-component---NewPartner--intercompVendorComboBox-application-managepartners-display-component---NewPartner--assignmentsTable-0-vhi"},"wdio_ui5_key":"applicationmanagepartners-display-component---NewPartner--intercompVendorComboBox-application-managepartners-display-component---NewPartner--assignmentsTable-0-vhi"}]}
RESULT: {"script":"<script> [1562 bytes]","args":[{"selector":{"id":"application-managepartners-display-component---NewPartner--intercompVendorComboBox-application-managepartners-display-component---NewPartner--assignmentsTable-0-vhi"},"wdio_ui5_key":"applicationmanagepartners-display-component---NewPartner--intercompVendorComboBox-application-managepartners-display-component---NewPartner--assignmentsTable-0-vhi"}]}
RESULT: undefined
COMMAND: POST /session/9f4c84e4ae75e749cefc69cbdd96fe2c/element - {"using":"xpath","value":"//*[@id=\"application-managepartners-display-component---NewPartner--intercompVendorComboBox-application-managepartners-display-component---NewPartner--assignmentsTable-0-vhi\"]"}
RESULT: {"using":"xpath","value":"//*[@id=\"application-managepartners-display-component---NewPartner--intercompVendorComboBox-application-managepartners-display-component---NewPartner--assignmentsTable-0-vhi\"]"}
COMMAND: POST /session/9f4c84e4ae75e749cefc69cbdd96fe2c/element/f.92C64C74BFFB4A8B431616FE9F273F76.d.4350D1136A67303FBAB571812AF33E4C.e.1583/click - {}
RESULT: {}
RESULT: undefined
COMMAND: POST /session/9f4c84e4ae75e749cefc69cbdd96fe2c/execute/async - {"script":"<script> [776 bytes]","args":[{"enterText":"100005","selector":{"controlType":"sap.m.SearchField","properties":{"placeholder":"Search"},"searchOpenDialogs":true,"interaction":{"idSuffix":"I"}},"clearTextFirst":true,"interactionType":"ENTER_TEXT"}]}
COMMAND: GET /session/9f4c84e4ae75e749cefc69cbdd96fe2c/screenshot - {}
RESULT: {"script":"<script> [776 bytes]","args":[{"enterText":"100005","selector":{"controlType":"sap.m.SearchField","properties":{"placeholder":"Search"},"searchOpenDialogs":true,"interaction":{"idSuffix":"I"}},"clearTextFirst":true,"interactionType":"ENTER_TEXT"}]}
COMMAND: POST /session/9f4c84e4ae75e749cefc69cbdd96fe2c/actions - {"actions":[{"id":"action5","type":"key","parameters":{},"actions":[{"type":"keyDown","value":""},{"type":"pause","duration":10},{"type":"keyUp","value":""}]}]}
RESULT: {}
RESULT: {"actions":[{"id":"action5","type":"key","parameters":{},"actions":[{"type":"keyDown","value":""},{"type":"pause","duration":10},{"type":"keyUp","value":""}]}]}
COMMAND: GET /session/9f4c84e4ae75e749cefc69cbdd96fe2c/screenshot - {}
RESULT: {}
COMMAND: POST /session/9f4c84e4ae75e749cefc69cbdd96fe2c/element - {"using":"xpath","value":"//span[contains(text(), \"Penguins - Field/12345 Berlin\")]"}
RESULT: {"using":"xpath","value":"//span[contains(text(), \"Penguins - Field/12345 Berlin\")]"}
COMMAND: POST /session/9f4c84e4ae75e749cefc69cbdd96fe2c/element/f.92C64C74BFFB4A8B431616FE9F273F76.d.4350D1136A67303FBAB571812AF33E4C.e.1602/click - {}
RESULT: {}
COMMAND: GET /session/9f4c84e4ae75e749cefc69cbdd96fe2c/screenshot - {}
RESULT: {}
COMMAND: POST /session/9f4c84e4ae75e749cefc69cbdd96fe2c/element - {"using":"xpath","value":"//bdi[contains(text(), \"OK\")]"}
RESULT: {"using":"xpath","value":"//bdi[contains(text(), \"OK\")]"}
COMMAND: POST /session/9f4c84e4ae75e749cefc69cbdd96fe2c/element/f.92C64C74BFFB4A8B431616FE9F273F76.d.4350D1136A67303FBAB571812AF33E4C.e.1603/click - {}
RESULT: {}
COMMAND: GET /session/9f4c84e4ae75e749cefc69cbdd96fe2c/screenshot - {}
RESULT: {}
COMMAND: POST /session/9f4c84e4ae75e749cefc69cbdd96fe2c/element - {"using":"xpath","value":"//button[@data-kt=\"saveButton\"]"}
RESULT: {"using":"xpath","value":"//button[@data-kt=\"saveButton\"]"}
COMMAND: POST /session/9f4c84e4ae75e749cefc69cbdd96fe2c/element/f.92C64C74BFFB4A8B431616FE9F273F76.d.4350D1136A67303FBAB571812AF33E4C.e.1407/click - {}
RESULT: {}
COMMAND: GET /session/9f4c84e4ae75e749cefc69cbdd96fe2c/screenshot - {}
RESULT: {}
COMMAND: POST /session/9f4c84e4ae75e749cefc69cbdd96fe2c/element - {"using":"xpath","value":"//header[contains(@id, 'ObjectPageLayout-headerTitle')]/div[1]/div[2]/div[2]/span[1]"}
RESULT: {"using":"xpath","value":"//header[contains(@id, 'ObjectPageLayout-headerTitle')]/div[1]/div[2]/div[2]/span[1]"}
COMMAND: POST /session/9f4c84e4ae75e749cefc69cbdd96fe2c/elements - {"using":"xpath","value":"//header[contains(@id, 'ObjectPageLayout-headerTitle')]/div[1]/div[2]/div[2]/span[1]"}
RESULT: {"using":"xpath","value":"//header[contains(@id, 'ObjectPageLayout-headerTitle')]/div[1]/div[2]/div[2]/span[1]"}
COMMAND: POST /session/9f4c84e4ae75e749cefc69cbdd96fe2c/execute/sync - {"script":"<script> [56 bytes]","args":[{"element-6066-11e4-a52e-4f735466cecf":"f.92C64C74BFFB4A8B431616FE9F273F76.d.4350D1136A67303FBAB571812AF33E4C.e.1767","ELEMENT":"f.92C64C74BFFB4A8B431616FE9F273F76.d.4350D1136A67303FBAB571812AF33E4C.e.1767"}]}
RESULT: {"script":"<script> [56 bytes]","args":[{"element-6066-11e4-a52e-4f735466cecf":"f.92C64C74BFFB4A8B431616FE9F273F76.d.4350D1136A67303FBAB571812AF33E4C.e.1767","ELEMENT":"f.92C64C74BFFB4A8B431616FE9F273F76.d.4350D1136A67303FBAB571812AF33E4C.e.1767"}]}
COMMAND: POST /session/9f4c84e4ae75e749cefc69cbdd96fe2c/element - {"using":"css selector","value":"#shell-header-logo"}
COMMAND: GET /session/9f4c84e4ae75e749cefc69cbdd96fe2c/screenshot - {}
RESULT: {"using":"css selector","value":"#shell-header-logo"}
COMMAND: POST /session/9f4c84e4ae75e749cefc69cbdd96fe2c/element/f.92C64C74BFFB4A8B431616FE9F273F76.d.4350D1136A67303FBAB571812AF33E4C.e.988/click - {}
RESULT: {}
RESULT: {}
COMMAND: GET /session/9f4c84e4ae75e749cefc69cbdd96fe2c/screenshot - {}
RESULT: {}
COMMAND: POST /session/9f4c84e4ae75e749cefc69cbdd96fe2c/execute/sync - {"script":"<script> [299 bytes]","args":[["getModel","getResource"]]}
RESULT: {"script":"<script> [299 bytes]","args":[["getModel","getResource"]]}
COMMAND: GET /session/9f4c84e4ae75e749cefc69cbdd96fe2c/screenshot - {}
]]></system-out>
    </testcase>
    <testcase classname="chrome.136_0_7103_93.windows.Billing_confirm_US117289" name="Should create a new site" time="166.8">
      <system-out><![CDATA[
COMMAND: POST /session/9f4c84e4ae75e749cefc69cbdd96fe2c/execute/async - {"script":"<script> [1562 bytes]","args":[{"selector":{"controlType":"sap.m.GenericTile","properties":{"header":"Manage Sites"}},"wdio_ui5_key":"sapm.GenericTile{\"header\":\"Manage Sites\"}"}]}
RESULT: {}
RESULT: {"script":"<script> [1562 bytes]","args":[{"selector":{"controlType":"sap.m.GenericTile","properties":{"header":"Manage Sites"}},"wdio_ui5_key":"sapm.GenericTile{\"header\":\"Manage Sites\"}"}]}
RESULT: undefined
COMMAND: POST /session/9f4c84e4ae75e749cefc69cbdd96fe2c/element - {"using":"xpath","value":"//*[@id=\"__tile40\"]"}
RESULT: {"using":"xpath","value":"//*[@id=\"__tile40\"]"}
COMMAND: POST /session/9f4c84e4ae75e749cefc69cbdd96fe2c/element/f.92C64C74BFFB4A8B431616FE9F273F76.d.4350D1136A67303FBAB571812AF33E4C.e.145/click - {}
RESULT: {}
COMMAND: GET /session/9f4c84e4ae75e749cefc69cbdd96fe2c/screenshot - {}
RESULT: {}
COMMAND: POST /session/9f4c84e4ae75e749cefc69cbdd96fe2c/elements - {"using":"xpath","value":"//span[text()='Error']"}
RESULT: {"using":"xpath","value":"//span[text()='Error']"}
COMMAND: POST /session/9f4c84e4ae75e749cefc69cbdd96fe2c/element - {"using":"xpath","value":"//button[@data-kt=\"addOverflowToolbarButton\"]"}
RESULT: {"using":"xpath","value":"//button[@data-kt=\"addOverflowToolbarButton\"]"}
COMMAND: POST /session/9f4c84e4ae75e749cefc69cbdd96fe2c/elements - {"using":"xpath","value":"//button[@data-kt=\"addOverflowToolbarButton\"]"}
RESULT: {"using":"xpath","value":"//button[@data-kt=\"addOverflowToolbarButton\"]"}
COMMAND: POST /session/9f4c84e4ae75e749cefc69cbdd96fe2c/execute/sync - {"script":"<script> [8489 bytes]","args":[{"element-6066-11e4-a52e-4f735466cecf":"f.92C64C74BFFB4A8B431616FE9F273F76.d.4350D1136A67303FBAB571812AF33E4C.e.1816","ELEMENT":"f.92C64C74BFFB4A8B431616FE9F273F76.d.4350D1136A67303FBAB571812AF33E4C.e.1816"}]}
RESULT: {"script":"<script> [8489 bytes]","args":[{"element-6066-11e4-a52e-4f735466cecf":"f.92C64C74BFFB4A8B431616FE9F273F76.d.4350D1136A67303FBAB571812AF33E4C.e.1816","ELEMENT":"f.92C64C74BFFB4A8B431616FE9F273F76.d.4350D1136A67303FBAB571812AF33E4C.e.1816"}]}
COMMAND: GET /session/9f4c84e4ae75e749cefc69cbdd96fe2c/element/f.92C64C74BFFB4A8B431616FE9F273F76.d.4350D1136A67303FBAB571812AF33E4C.e.1816/enabled - {}
COMMAND: GET /session/9f4c84e4ae75e749cefc69cbdd96fe2c/screenshot - {}
RESULT: {}
COMMAND: POST /session/9f4c84e4ae75e749cefc69cbdd96fe2c/execute/sync - {"script":"<script> [8489 bytes]","args":[{"element-6066-11e4-a52e-4f735466cecf":"f.92C64C74BFFB4A8B431616FE9F273F76.d.4350D1136A67303FBAB571812AF33E4C.e.1816","ELEMENT":"f.92C64C74BFFB4A8B431616FE9F273F76.d.4350D1136A67303FBAB571812AF33E4C.e.1816"}]}
COMMAND: GET /session/9f4c84e4ae75e749cefc69cbdd96fe2c/screenshot - {}
RESULT: {}
RESULT: {"script":"<script> [8489 bytes]","args":[{"element-6066-11e4-a52e-4f735466cecf":"f.92C64C74BFFB4A8B431616FE9F273F76.d.4350D1136A67303FBAB571812AF33E4C.e.1816","ELEMENT":"f.92C64C74BFFB4A8B431616FE9F273F76.d.4350D1136A67303FBAB571812AF33E4C.e.1816"}]}
COMMAND: POST /session/9f4c84e4ae75e749cefc69cbdd96fe2c/execute/sync - {"script":"<script> [5351 bytes]","args":[{"element-6066-11e4-a52e-4f735466cecf":"f.92C64C74BFFB4A8B431616FE9F273F76.d.4350D1136A67303FBAB571812AF33E4C.e.1816","ELEMENT":"f.92C64C74BFFB4A8B431616FE9F273F76.d.4350D1136A67303FBAB571812AF33E4C.e.1816"}]}
COMMAND: GET /session/9f4c84e4ae75e749cefc69cbdd96fe2c/screenshot - {}
RESULT: {}
RESULT: {"script":"<script> [5351 bytes]","args":[{"element-6066-11e4-a52e-4f735466cecf":"f.92C64C74BFFB4A8B431616FE9F273F76.d.4350D1136A67303FBAB571812AF33E4C.e.1816","ELEMENT":"f.92C64C74BFFB4A8B431616FE9F273F76.d.4350D1136A67303FBAB571812AF33E4C.e.1816"}]}
COMMAND: POST /session/9f4c84e4ae75e749cefc69cbdd96fe2c/element/f.92C64C74BFFB4A8B431616FE9F273F76.d.4350D1136A67303FBAB571812AF33E4C.e.1816/click - {}
COMMAND: GET /session/9f4c84e4ae75e749cefc69cbdd96fe2c/screenshot - {}
RESULT: {}
RESULT: {}
COMMAND: GET /session/9f4c84e4ae75e749cefc69cbdd96fe2c/screenshot - {}
COMMAND: POST /session/9f4c84e4ae75e749cefc69cbdd96fe2c/element - {"using":"xpath","value":"//input[@id=\"application-managesites-display-component---NewSite--siteId-inner\"]"}
RESULT: {}
RESULT: {}
RESULT: {"using":"xpath","value":"//input[@id=\"application-managesites-display-component---NewSite--siteId-inner\"]"}
COMMAND: POST /session/9f4c84e4ae75e749cefc69cbdd96fe2c/element - {"using":"xpath","value":"//input[@id=\"application-managesites-display-component---NewSite--siteId-inner\"]"}
RESULT: {"using":"xpath","value":"//input[@id=\"application-managesites-display-component---NewSite--siteId-inner\"]"}
COMMAND: POST /session/9f4c84e4ae75e749cefc69cbdd96fe2c/execute/async - {"script":"<script> [1562 bytes]","args":[{"selector":{"id":"application-managesites-display-component---NewSite--addressDetailDetailsName1","interaction":{"idSuffix":"inner"}},"wdio_ui5_key":"applicationmanagesites-display-component---NewSite--addressDetailDetailsName1"}]}
RESULT: {"script":"<script> [1562 bytes]","args":[{"selector":{"id":"application-managesites-display-component---NewSite--addressDetailDetailsName1","interaction":{"idSuffix":"inner"}},"wdio_ui5_key":"applicationmanagesites-display-component---NewSite--addressDetailDetailsName1"}]}
RESULT: undefined
COMMAND: POST /session/9f4c84e4ae75e749cefc69cbdd96fe2c/execute/async - {"script":"<script> [776 bytes]","args":[{"enterText":"Intracompany Site wdIO","selector":{"id":"application-managesites-display-component---NewSite--addressDetailDetailsName1","interaction":{"idSuffix":"inner"}},"clearTextFirst":true,"interactionType":"ENTER_TEXT"}]}
RESULT: {"script":"<script> [776 bytes]","args":[{"enterText":"Intracompany Site wdIO","selector":{"id":"application-managesites-display-component---NewSite--addressDetailDetailsName1","interaction":{"idSuffix":"inner"}},"clearTextFirst":true,"interactionType":"ENTER_TEXT"}]}
COMMAND: POST /session/9f4c84e4ae75e749cefc69cbdd96fe2c/execute/async - {"script":"<script> [1562 bytes]","args":[{"selector":{"id":"application-managesites-display-component---NewSite--addressDetailDetailsLanguage-arrow"},"wdio_ui5_key":"applicationmanagesites-display-component---NewSite--addressDetailDetailsLanguage-arrow"}]}
RESULT: {"script":"<script> [1562 bytes]","args":[{"selector":{"id":"application-managesites-display-component---NewSite--addressDetailDetailsLanguage-arrow"},"wdio_ui5_key":"applicationmanagesites-display-component---NewSite--addressDetailDetailsLanguage-arrow"}]}
RESULT: undefined
COMMAND: POST /session/9f4c84e4ae75e749cefc69cbdd96fe2c/element - {"using":"xpath","value":"//*[@id=\"application-managesites-display-component---NewSite--addressDetailDetailsLanguage-arrow\"]"}
RESULT: {"using":"xpath","value":"//*[@id=\"application-managesites-display-component---NewSite--addressDetailDetailsLanguage-arrow\"]"}
COMMAND: POST /session/9f4c84e4ae75e749cefc69cbdd96fe2c/element/f.92C64C74BFFB4A8B431616FE9F273F76.d.4350D1136A67303FBAB571812AF33E4C.e.2454/click - {}
RESULT: {}
COMMAND: POST /session/9f4c84e4ae75e749cefc69cbdd96fe2c/element - {"using":"xpath","value":"//span[contains(text(), \"English\")]"}
COMMAND: GET /session/9f4c84e4ae75e749cefc69cbdd96fe2c/screenshot - {}
RESULT: {"using":"xpath","value":"//span[contains(text(), \"English\")]"}
COMMAND: POST /session/9f4c84e4ae75e749cefc69cbdd96fe2c/element/f.92C64C74BFFB4A8B431616FE9F273F76.d.4350D1136A67303FBAB571812AF33E4C.e.2455/click - {}
RESULT: {}
RESULT: {}
COMMAND: POST /session/9f4c84e4ae75e749cefc69cbdd96fe2c/execute/async - {"script":"<script> [1562 bytes]","args":[{"selector":{"id":"application-managesites-display-component---NewSite--addressDetailDetailsCity1","interaction":{"idSuffix":"inner"}},"wdio_ui5_key":"applicationmanagesites-display-component---NewSite--addressDetailDetailsCity1"}]}
COMMAND: GET /session/9f4c84e4ae75e749cefc69cbdd96fe2c/screenshot - {}
RESULT: {"script":"<script> [1562 bytes]","args":[{"selector":{"id":"application-managesites-display-component---NewSite--addressDetailDetailsCity1","interaction":{"idSuffix":"inner"}},"wdio_ui5_key":"applicationmanagesites-display-component---NewSite--addressDetailDetailsCity1"}]}
RESULT: undefined
COMMAND: POST /session/9f4c84e4ae75e749cefc69cbdd96fe2c/execute/async - {"script":"<script> [776 bytes]","args":[{"enterText":"Rosario","selector":{"id":"application-managesites-display-component---NewSite--addressDetailDetailsCity1","interaction":{"idSuffix":"inner"}},"clearTextFirst":true,"interactionType":"ENTER_TEXT"}]}
RESULT: {}
RESULT: {"script":"<script> [776 bytes]","args":[{"enterText":"Rosario","selector":{"id":"application-managesites-display-component---NewSite--addressDetailDetailsCity1","interaction":{"idSuffix":"inner"}},"clearTextFirst":true,"interactionType":"ENTER_TEXT"}]}
COMMAND: POST /session/9f4c84e4ae75e749cefc69cbdd96fe2c/execute/async - {"script":"<script> [1562 bytes]","args":[{"selector":{"id":"application-managesites-display-component---NewSite--addressDetailDetailsCountry-arrow"},"wdio_ui5_key":"applicationmanagesites-display-component---NewSite--addressDetailDetailsCountry-arrow"}]}
RESULT: {"script":"<script> [1562 bytes]","args":[{"selector":{"id":"application-managesites-display-component---NewSite--addressDetailDetailsCountry-arrow"},"wdio_ui5_key":"applicationmanagesites-display-component---NewSite--addressDetailDetailsCountry-arrow"}]}
RESULT: undefined
COMMAND: POST /session/9f4c84e4ae75e749cefc69cbdd96fe2c/element - {"using":"xpath","value":"//*[@id=\"application-managesites-display-component---NewSite--addressDetailDetailsCountry-arrow\"]"}
RESULT: {"using":"xpath","value":"//*[@id=\"application-managesites-display-component---NewSite--addressDetailDetailsCountry-arrow\"]"}
COMMAND: POST /session/9f4c84e4ae75e749cefc69cbdd96fe2c/element/f.92C64C74BFFB4A8B431616FE9F273F76.d.4350D1136A67303FBAB571812AF33E4C.e.2457/click - {}
RESULT: {}
COMMAND: POST /session/9f4c84e4ae75e749cefc69cbdd96fe2c/element - {"using":"xpath","value":"//span[contains(text(), \"Argentina\")]"}
COMMAND: GET /session/9f4c84e4ae75e749cefc69cbdd96fe2c/screenshot - {}
RESULT: {"using":"xpath","value":"//span[contains(text(), \"Argentina\")]"}
COMMAND: POST /session/9f4c84e4ae75e749cefc69cbdd96fe2c/element/f.92C64C74BFFB4A8B431616FE9F273F76.d.4350D1136A67303FBAB571812AF33E4C.e.2458/click - {}
RESULT: {}
RESULT: {}
COMMAND: GET /session/9f4c84e4ae75e749cefc69cbdd96fe2c/screenshot - {}
RESULT: {}
COMMAND: POST /session/9f4c84e4ae75e749cefc69cbdd96fe2c/execute/async - {"script":"<script> [1562 bytes]","args":[{"selector":{"id":"application-managesites-display-component---NewSite--addressEditDetailsCostObjectCstType-arrow"},"wdio_ui5_key":"applicationmanagesites-display-component---NewSite--addressEditDetailsCostObjectCstType-arrow"}]}
RESULT: {"script":"<script> [1562 bytes]","args":[{"selector":{"id":"application-managesites-display-component---NewSite--addressEditDetailsCostObjectCstType-arrow"},"wdio_ui5_key":"applicationmanagesites-display-component---NewSite--addressEditDetailsCostObjectCstType-arrow"}]}
RESULT: undefined
COMMAND: POST /session/9f4c84e4ae75e749cefc69cbdd96fe2c/element - {"using":"xpath","value":"//*[@id=\"application-managesites-display-component---NewSite--addressEditDetailsCostObjectCstType-arrow\"]"}
RESULT: {"using":"xpath","value":"//*[@id=\"application-managesites-display-component---NewSite--addressEditDetailsCostObjectCstType-arrow\"]"}
COMMAND: POST /session/9f4c84e4ae75e749cefc69cbdd96fe2c/element/f.92C64C74BFFB4A8B431616FE9F273F76.d.4350D1136A67303FBAB571812AF33E4C.e.2460/click - {}
RESULT: {}
COMMAND: POST /session/9f4c84e4ae75e749cefc69cbdd96fe2c/element - {"using":"xpath","value":"//span[contains(text(), \"Cost Center\")]"}
COMMAND: GET /session/9f4c84e4ae75e749cefc69cbdd96fe2c/screenshot - {}
RESULT: {"using":"xpath","value":"//span[contains(text(), \"Cost Center\")]"}
COMMAND: POST /session/9f4c84e4ae75e749cefc69cbdd96fe2c/element/f.92C64C74BFFB4A8B431616FE9F273F76.d.4350D1136A67303FBAB571812AF33E4C.e.2462/click - {}
RESULT: {}
RESULT: {}
COMMAND: GET /session/9f4c84e4ae75e749cefc69cbdd96fe2c/screenshot - {}
RESULT: {}
COMMAND: POST /session/9f4c84e4ae75e749cefc69cbdd96fe2c/element - {"using":"xpath","value":"//span[@id=\"application-managesites-display-component---NewSite--addressNewCostObjectCstID-vhi\"]"}
RESULT: {"using":"xpath","value":"//span[@id=\"application-managesites-display-component---NewSite--addressNewCostObjectCstID-vhi\"]"}
COMMAND: POST /session/9f4c84e4ae75e749cefc69cbdd96fe2c/execute/sync - {"script":"<script> [8489 bytes]","args":[{"element-6066-11e4-a52e-4f735466cecf":"f.92C64C74BFFB4A8B431616FE9F273F76.d.4350D1136A67303FBAB571812AF33E4C.e.2466","ELEMENT":"f.92C64C74BFFB4A8B431616FE9F273F76.d.4350D1136A67303FBAB571812AF33E4C.e.2466"}]}
RESULT: {"script":"<script> [8489 bytes]","args":[{"element-6066-11e4-a52e-4f735466cecf":"f.92C64C74BFFB4A8B431616FE9F273F76.d.4350D1136A67303FBAB571812AF33E4C.e.2466","ELEMENT":"f.92C64C74BFFB4A8B431616FE9F273F76.d.4350D1136A67303FBAB571812AF33E4C.e.2466"}]}
COMMAND: POST /session/9f4c84e4ae75e749cefc69cbdd96fe2c/execute/async - {"script":"<script> [1562 bytes]","args":[{"selector":{"id":"application-managesites-display-component---NewSite--addressNewCostObjectCstID-vhi"},"wdio_ui5_key":"applicationmanagesites-display-component---NewSite--addressNewCostObjectCstID-vhi"}]}
COMMAND: GET /session/9f4c84e4ae75e749cefc69cbdd96fe2c/screenshot - {}
RESULT: {"script":"<script> [1562 bytes]","args":[{"selector":{"id":"application-managesites-display-component---NewSite--addressNewCostObjectCstID-vhi"},"wdio_ui5_key":"applicationmanagesites-display-component---NewSite--addressNewCostObjectCstID-vhi"}]}
RESULT: undefined
COMMAND: POST /session/9f4c84e4ae75e749cefc69cbdd96fe2c/element - {"using":"xpath","value":"//*[@id=\"application-managesites-display-component---NewSite--addressNewCostObjectCstID-vhi\"]"}
RESULT: {}
RESULT: {"using":"xpath","value":"//*[@id=\"application-managesites-display-component---NewSite--addressNewCostObjectCstID-vhi\"]"}
COMMAND: POST /session/9f4c84e4ae75e749cefc69cbdd96fe2c/element/f.92C64C74BFFB4A8B431616FE9F273F76.d.4350D1136A67303FBAB571812AF33E4C.e.2466/click - {}
RESULT: {}
COMMAND: GET /session/9f4c84e4ae75e749cefc69cbdd96fe2c/screenshot - {}
RESULT: {}
RESULT: undefined
COMMAND: POST /session/9f4c84e4ae75e749cefc69cbdd96fe2c/execute/async - {"script":"<script> [776 bytes]","args":[{"enterText":"10001013","selector":{"controlType":"sap.m.SearchField","properties":{"placeholder":"Search"},"searchOpenDialogs":true,"interaction":{"idSuffix":"I"}},"clearTextFirst":true,"interactionType":"ENTER_TEXT"}]}
RESULT: {"script":"<script> [776 bytes]","args":[{"enterText":"10001013","selector":{"controlType":"sap.m.SearchField","properties":{"placeholder":"Search"},"searchOpenDialogs":true,"interaction":{"idSuffix":"I"}},"clearTextFirst":true,"interactionType":"ENTER_TEXT"}]}
COMMAND: POST /session/9f4c84e4ae75e749cefc69cbdd96fe2c/actions - {"actions":[{"id":"action6","type":"key","parameters":{},"actions":[{"type":"keyDown","value":""},{"type":"pause","duration":10},{"type":"keyUp","value":""}]}]}
RESULT: {"actions":[{"id":"action6","type":"key","parameters":{},"actions":[{"type":"keyDown","value":""},{"type":"pause","duration":10},{"type":"keyUp","value":""}]}]}
COMMAND: GET /session/9f4c84e4ae75e749cefc69cbdd96fe2c/screenshot - {}
RESULT: {}
COMMAND: POST /session/9f4c84e4ae75e749cefc69cbdd96fe2c/element - {"using":"xpath","value":"//span[contains(text(), \"General Management\")]"}
RESULT: {"using":"xpath","value":"//span[contains(text(), \"General Management\")]"}
COMMAND: POST /session/9f4c84e4ae75e749cefc69cbdd96fe2c/element/f.92C64C74BFFB4A8B431616FE9F273F76.d.4350D1136A67303FBAB571812AF33E4C.e.2505/click - {}
RESULT: {}
COMMAND: GET /session/9f4c84e4ae75e749cefc69cbdd96fe2c/screenshot - {}
RESULT: {}
COMMAND: POST /session/9f4c84e4ae75e749cefc69cbdd96fe2c/element - {"using":"xpath","value":"//bdi[contains(text(), \"OK\")]"}
RESULT: {"using":"xpath","value":"//bdi[contains(text(), \"OK\")]"}
COMMAND: POST /session/9f4c84e4ae75e749cefc69cbdd96fe2c/element/f.92C64C74BFFB4A8B431616FE9F273F76.d.4350D1136A67303FBAB571812AF33E4C.e.2506/click - {}
RESULT: {}
COMMAND: GET /session/9f4c84e4ae75e749cefc69cbdd96fe2c/screenshot - {}
RESULT: {}
COMMAND: POST /session/9f4c84e4ae75e749cefc69cbdd96fe2c/element - {"using":"xpath","value":"//input[@id=\"application-managesites-display-component---NewSite--addressDetailDetailsCalendar-inner\"]"}
RESULT: {"using":"xpath","value":"//input[@id=\"application-managesites-display-component---NewSite--addressDetailDetailsCalendar-inner\"]"}
COMMAND: POST /session/9f4c84e4ae75e749cefc69cbdd96fe2c/element/f.92C64C74BFFB4A8B431616FE9F273F76.d.4350D1136A67303FBAB571812AF33E4C.e.2278/clear - {}
RESULT: {}
COMMAND: POST /session/9f4c84e4ae75e749cefc69cbdd96fe2c/element/f.92C64C74BFFB4A8B431616FE9F273F76.d.4350D1136A67303FBAB571812AF33E4C.e.2278/value - {"text":"Unit"}
COMMAND: GET /session/9f4c84e4ae75e749cefc69cbdd96fe2c/screenshot - {}
RESULT: {"text":"Unit"}
COMMAND: GET /session/9f4c84e4ae75e749cefc69cbdd96fe2c/screenshot - {}
RESULT: {}
RESULT: {}
COMMAND: POST /session/9f4c84e4ae75e749cefc69cbdd96fe2c/actions - {"actions":[{"id":"action7","type":"key","parameters":{},"actions":[{"type":"keyDown","value":""},{"type":"pause","duration":10},{"type":"keyUp","value":""}]}]}
RESULT: {"actions":[{"id":"action7","type":"key","parameters":{},"actions":[{"type":"keyDown","value":""},{"type":"pause","duration":10},{"type":"keyUp","value":""}]}]}
COMMAND: POST /session/9f4c84e4ae75e749cefc69cbdd96fe2c/element - {"using":"xpath","value":"//input[@id=\"application-managesites-display-component---NewSite--addressDetailDetailsYard-inner\"]"}
COMMAND: GET /session/9f4c84e4ae75e749cefc69cbdd96fe2c/screenshot - {}
RESULT: {"using":"xpath","value":"//input[@id=\"application-managesites-display-component---NewSite--addressDetailDetailsYard-inner\"]"}
COMMAND: POST /session/9f4c84e4ae75e749cefc69cbdd96fe2c/element/f.92C64C74BFFB4A8B431616FE9F273F76.d.4350D1136A67303FBAB571812AF33E4C.e.2279/clear - {}
RESULT: {}
RESULT: {}
COMMAND: POST /session/9f4c84e4ae75e749cefc69cbdd96fe2c/element/f.92C64C74BFFB4A8B431616FE9F273F76.d.4350D1136A67303FBAB571812AF33E4C.e.2279/value - {"text":"429"}
COMMAND: GET /session/9f4c84e4ae75e749cefc69cbdd96fe2c/screenshot - {}
RESULT: {"text":"429"}
COMMAND: GET /session/9f4c84e4ae75e749cefc69cbdd96fe2c/screenshot - {}
RESULT: {}
RESULT: {}
COMMAND: POST /session/9f4c84e4ae75e749cefc69cbdd96fe2c/element - {"using":"xpath","value":"//li[.//span[text()='429']]"}
RESULT: {"using":"xpath","value":"//li[.//span[text()='429']]"}
COMMAND: POST /session/9f4c84e4ae75e749cefc69cbdd96fe2c/element/f.92C64C74BFFB4A8B431616FE9F273F76.d.4350D1136A67303FBAB571812AF33E4C.e.2514/click - {}
RESULT: {}
COMMAND: GET /session/9f4c84e4ae75e749cefc69cbdd96fe2c/screenshot - {}
RESULT: {}
COMMAND: POST /session/9f4c84e4ae75e749cefc69cbdd96fe2c/element - {"using":"xpath","value":"//input[@id=\"application-managesites-display-component---NewSite--addressDetailDetailsPartner-inner\"]"}
RESULT: {"using":"xpath","value":"//input[@id=\"application-managesites-display-component---NewSite--addressDetailDetailsPartner-inner\"]"}
COMMAND: POST /session/9f4c84e4ae75e749cefc69cbdd96fe2c/element - {"using":"xpath","value":"//input[@id=\"application-managesites-display-component---NewSite--addressDetailDetailsPartner-inner\"]"}
RESULT: {"using":"xpath","value":"//input[@id=\"application-managesites-display-component---NewSite--addressDetailDetailsPartner-inner\"]"}
COMMAND: POST /session/9f4c84e4ae75e749cefc69cbdd96fe2c/element - {"using":"xpath","value":"//button[@data-kt=\"saveButton\"]"}
RESULT: {"using":"xpath","value":"//button[@data-kt=\"saveButton\"]"}
COMMAND: POST /session/9f4c84e4ae75e749cefc69cbdd96fe2c/element/f.92C64C74BFFB4A8B431616FE9F273F76.d.4350D1136A67303FBAB571812AF33E4C.e.2439/click - {}
RESULT: {}
COMMAND: GET /session/9f4c84e4ae75e749cefc69cbdd96fe2c/screenshot - {}
COMMAND: POST /session/9f4c84e4ae75e749cefc69cbdd96fe2c/element - {"using":"xpath","value":"//header[contains(@id, 'ObjectPageLayout-headerTitle')]/div[1]/div[2]/div[2]/span[1]"}
RESULT: {}
RESULT: {"using":"xpath","value":"//header[contains(@id, 'ObjectPageLayout-headerTitle')]/div[1]/div[2]/div[2]/span[1]"}
COMMAND: POST /session/9f4c84e4ae75e749cefc69cbdd96fe2c/elements - {"using":"xpath","value":"//header[contains(@id, 'ObjectPageLayout-headerTitle')]/div[1]/div[2]/div[2]/span[1]"}
RESULT: {"using":"xpath","value":"//header[contains(@id, 'ObjectPageLayout-headerTitle')]/div[1]/div[2]/div[2]/span[1]"}
COMMAND: POST /session/9f4c84e4ae75e749cefc69cbdd96fe2c/execute/sync - {"script":"<script> [56 bytes]","args":[{"element-6066-11e4-a52e-4f735466cecf":"f.92C64C74BFFB4A8B431616FE9F273F76.d.4350D1136A67303FBAB571812AF33E4C.e.2718","ELEMENT":"f.92C64C74BFFB4A8B431616FE9F273F76.d.4350D1136A67303FBAB571812AF33E4C.e.2718"}]}
RESULT: {"script":"<script> [56 bytes]","args":[{"element-6066-11e4-a52e-4f735466cecf":"f.92C64C74BFFB4A8B431616FE9F273F76.d.4350D1136A67303FBAB571812AF33E4C.e.2718","ELEMENT":"f.92C64C74BFFB4A8B431616FE9F273F76.d.4350D1136A67303FBAB571812AF33E4C.e.2718"}]}
COMMAND: POST /session/9f4c84e4ae75e749cefc69cbdd96fe2c/element - {"using":"css selector","value":"#shell-header-logo"}
COMMAND: GET /session/9f4c84e4ae75e749cefc69cbdd96fe2c/screenshot - {}
RESULT: {"using":"css selector","value":"#shell-header-logo"}
COMMAND: POST /session/9f4c84e4ae75e749cefc69cbdd96fe2c/element/f.92C64C74BFFB4A8B431616FE9F273F76.d.4350D1136A67303FBAB571812AF33E4C.e.1773/click - {}
RESULT: {}
RESULT: {}
COMMAND: GET /session/9f4c84e4ae75e749cefc69cbdd96fe2c/screenshot - {}
RESULT: {}
COMMAND: POST /session/9f4c84e4ae75e749cefc69cbdd96fe2c/execute/sync - {"script":"<script> [299 bytes]","args":[["getModel","getResource"]]}
RESULT: {"script":"<script> [299 bytes]","args":[["getModel","getResource"]]}
COMMAND: POST /session/9f4c84e4ae75e749cefc69cbdd96fe2c/actions - {"actions":[{"id":"action8","type":"key","parameters":{},"actions":[{"type":"keyDown","value":""},{"type":"pause","duration":10},{"type":"keyUp","value":""}]}]}
COMMAND: GET /session/9f4c84e4ae75e749cefc69cbdd96fe2c/screenshot - {}
RESULT: {"actions":[{"id":"action8","type":"key","parameters":{},"actions":[{"type":"keyDown","value":""},{"type":"pause","duration":10},{"type":"keyUp","value":""}]}]}
COMMAND: GET /session/9f4c84e4ae75e749cefc69cbdd96fe2c/screenshot - {}
RESULT: {}
RESULT: {}
COMMAND: POST /session/9f4c84e4ae75e749cefc69cbdd96fe2c/refresh - {}
RESULT: {}
COMMAND: GET /session/9f4c84e4ae75e749cefc69cbdd96fe2c/screenshot - {}
RESULT: {}
COMMAND: POST /session/9f4c84e4ae75e749cefc69cbdd96fe2c/refresh - {}
RESULT: {}
COMMAND: GET /session/9f4c84e4ae75e749cefc69cbdd96fe2c/screenshot - {}
RESULT: {}
COMMAND: POST /session/9f4c84e4ae75e749cefc69cbdd96fe2c/window/fullscreen - {}
RESULT: {}
COMMAND: POST /session/9f4c84e4ae75e749cefc69cbdd96fe2c/execute/async - {"script":"<script> [189 bytes]","args":[]}
RESULT: {"script":"<script> [189 bytes]","args":[]}
COMMAND: POST /session/9f4c84e4ae75e749cefc69cbdd96fe2c/execute/async - {"script":"<script> [123 bytes]","args":[]}
RESULT: {"script":"<script> [123 bytes]","args":[]}
COMMAND: POST /session/9f4c84e4ae75e749cefc69cbdd96fe2c/timeouts - {"script":"<number>"}
RESULT: {"script":"<number>"}
COMMAND: GET /session/9f4c84e4ae75e749cefc69cbdd96fe2c/timeouts - {}
RESULT: {}
RESULT: undefined
COMMAND: POST /session/9f4c84e4ae75e749cefc69cbdd96fe2c/execute/async - {"script":"<script> [2676 bytes]","args":[]}
RESULT: {"script":"<script> [2676 bytes]","args":[]}
COMMAND: POST /session/9f4c84e4ae75e749cefc69cbdd96fe2c/execute/async - {"script":"<script> [2342 bytes]","args":[{"protocol":"http","hostname":"0.0.0.0","path":"/","capabilities":{"browserName":"chrome","goog:chromeOptions":{"binary":"C:\\Program Files\\Google\\Chrome\\Application\\chrome.exe","args":["--start-maximized"]}},"logLevel":"warn","connectionRetryTimeout":120000,"connectionRetryCount":3,"logLevels":{},"enableDirectConnect":true,"strictSSL":true,"_":"65 more keys: [\"cacheDir\",\"port\",\"requestedCapabilities\",\"automationProtocol\",\"baseUrl\",\"waitforInterval\",\"waitforTimeout\",\"onReload\",\"beforeCommand\",\"afterCommand\",\"rootDir\",\"specs\",\"suites\",\"exclude\",\"groupLogsByTestSpec\",\"excludeDriverLogs\",\"bail\",\"framework\",\"reporters\",\"services\",\"maxInstances\",\"maxInstancesPerCapability\",\"injectGlobals\",\"filesToWatch\",\"execArgv\",\"runnerEnv\",\"runner\",\"shard\",\"specFileRetries\",\"specFileRetriesDelay\",\"specFileRetriesDeferred\",\"reporterSyncInterval\",\"reporterSyncTimeout\",\"cucumberFeaturesWithLineNumbers\",\"autoCompileOpts\",\"mochaOpts\",\"jasmineOpts\",\"cucumberOpts\",\"onPrepare\",\"onWorkerStart\",\"onWorkerEnd\",\"before\",\"beforeSession\",\"beforeSuite\",\"beforeHook\",\"beforeTest\",\"afterTest\",\"afterHook\",\"afterSuite\",\"afterSession\",\"after\",\"onComplete\",\"beforeAssertion\",\"afterAssertion\",\"beforeFeature\",\"beforeScenario\",\"beforeStep\",\"afterStep\",\"afterScenario\",\"afterFeature\",\"_\",\"suite\",\"$0\",\"ignoredWorkerServices\",\"wdi5\"]"}]}
RESULT: {"script":"<script> [2342 bytes]","args":[{"protocol":"http","hostname":"0.0.0.0","path":"/","capabilities":{"browserName":"chrome","goog:chromeOptions":{"binary":"C:\\Program Files\\Google\\Chrome\\Application\\chrome.exe","args":["--start-maximized"]}},"logLevel":"warn","connectionRetryTimeout":120000,"connectionRetryCount":3,"logLevels":{},"enableDirectConnect":true,"strictSSL":true,"_":"65 more keys: [\"cacheDir\",\"port\",\"requestedCapabilities\",\"automationProtocol\",\"baseUrl\",\"waitforInterval\",\"waitforTimeout\",\"onReload\",\"beforeCommand\",\"afterCommand\",\"rootDir\",\"specs\",\"suites\",\"exclude\",\"groupLogsByTestSpec\",\"excludeDriverLogs\",\"bail\",\"framework\",\"reporters\",\"services\",\"maxInstances\",\"maxInstancesPerCapability\",\"injectGlobals\",\"filesToWatch\",\"execArgv\",\"runnerEnv\",\"runner\",\"shard\",\"specFileRetries\",\"specFileRetriesDelay\",\"specFileRetriesDeferred\",\"reporterSyncInterval\",\"reporterSyncTimeout\",\"cucumberFeaturesWithLineNumbers\",\"autoCompileOpts\",\"mochaOpts\",\"jasmineOpts\",\"cucumberOpts\",\"onPrepare\",\"onWorkerStart\",\"onWorkerEnd\",\"before\",\"beforeSession\",\"beforeSuite\",\"beforeHook\",\"beforeTest\",\"afterTest\",\"afterHook\",\"afterSuite\",\"afterSession\",\"after\",\"onComplete\",\"beforeAssertion\",\"afterAssertion\",\"beforeFeature\",\"beforeScenario\",\"beforeStep\",\"afterStep\",\"afterScenario\",\"afterFeature\",\"_\",\"suite\",\"$0\",\"ignoredWorkerServices\",\"wdi5\"]"}]}
COMMAND: POST /session/9f4c84e4ae75e749cefc69cbdd96fe2c/execute/async - {"script":"<script> [21126 bytes]","args":[35000]}
RESULT: {"script":"<script> [21126 bytes]","args":[35000]}
COMMAND: POST /session/9f4c84e4ae75e749cefc69cbdd96fe2c/window/fullscreen - {}
RESULT: {}
]]></system-out>
    </testcase>
    <testcase classname="chrome.136_0_7103_93.windows.Billing_confirm_US117289" name="Should create a new equipment" time="150.53">
      <system-out><![CDATA[
COMMAND: POST /session/9f4c84e4ae75e749cefc69cbdd96fe2c/execute/async - {"script":"<script> [1562 bytes]","args":[{"selector":{"controlType":"sap.m.GenericTile","properties":{"header":"Manage Resources"}},"wdio_ui5_key":"sapm.GenericTile{\"header\":\"Manage Resources\"}"}]}
RESULT: {"script":"<script> [1562 bytes]","args":[{"selector":{"controlType":"sap.m.GenericTile","properties":{"header":"Manage Resources"}},"wdio_ui5_key":"sapm.GenericTile{\"header\":\"Manage Resources\"}"}]}
RESULT: undefined
COMMAND: POST /session/9f4c84e4ae75e749cefc69cbdd96fe2c/element - {"using":"xpath","value":"//*[@id=\"__tile31\"]"}
RESULT: {"using":"xpath","value":"//*[@id=\"__tile31\"]"}
COMMAND: POST /session/9f4c84e4ae75e749cefc69cbdd96fe2c/element/f.92C64C74BFFB4A8B431616FE9F273F76.d.B10E8AE72420666B02C3D86FC756F1AB.e.2790/click - {}
RESULT: {}
COMMAND: GET /session/9f4c84e4ae75e749cefc69cbdd96fe2c/screenshot - {}
RESULT: {}
COMMAND: POST /session/9f4c84e4ae75e749cefc69cbdd96fe2c/elements - {"using":"xpath","value":"//span[text()='Error']"}
RESULT: {"using":"xpath","value":"//span[text()='Error']"}
COMMAND: POST /session/9f4c84e4ae75e749cefc69cbdd96fe2c/element - {"using":"xpath","value":"//button[@data-kt=\"addNewRUOverflowToolbarButton\"]"}
RESULT: {"using":"xpath","value":"//button[@data-kt=\"addNewRUOverflowToolbarButton\"]"}
COMMAND: POST /session/9f4c84e4ae75e749cefc69cbdd96fe2c/elements - {"using":"xpath","value":"//button[@data-kt=\"addNewRUOverflowToolbarButton\"]"}
RESULT: {"using":"xpath","value":"//button[@data-kt=\"addNewRUOverflowToolbarButton\"]"}
COMMAND: POST /session/9f4c84e4ae75e749cefc69cbdd96fe2c/elements - {"using":"xpath","value":"//button[@data-kt=\"addNewRUOverflowToolbarButton\"]"}
RESULT: {"using":"xpath","value":"//button[@data-kt=\"addNewRUOverflowToolbarButton\"]"}
COMMAND: POST /session/9f4c84e4ae75e749cefc69cbdd96fe2c/elements - {"using":"xpath","value":"//button[@data-kt=\"addNewRUOverflowToolbarButton\"]"}
RESULT: {"using":"xpath","value":"//button[@data-kt=\"addNewRUOverflowToolbarButton\"]"}
COMMAND: POST /session/9f4c84e4ae75e749cefc69cbdd96fe2c/elements - {"using":"xpath","value":"//button[@data-kt=\"addNewRUOverflowToolbarButton\"]"}
RESULT: {"using":"xpath","value":"//button[@data-kt=\"addNewRUOverflowToolbarButton\"]"}
COMMAND: POST /session/9f4c84e4ae75e749cefc69cbdd96fe2c/elements - {"using":"xpath","value":"//button[@data-kt=\"addNewRUOverflowToolbarButton\"]"}
RESULT: {"using":"xpath","value":"//button[@data-kt=\"addNewRUOverflowToolbarButton\"]"}
COMMAND: POST /session/9f4c84e4ae75e749cefc69cbdd96fe2c/elements - {"using":"xpath","value":"//button[@data-kt=\"addNewRUOverflowToolbarButton\"]"}
RESULT: {"using":"xpath","value":"//button[@data-kt=\"addNewRUOverflowToolbarButton\"]"}
COMMAND: POST /session/9f4c84e4ae75e749cefc69cbdd96fe2c/elements - {"using":"xpath","value":"//button[@data-kt=\"addNewRUOverflowToolbarButton\"]"}
RESULT: {"using":"xpath","value":"//button[@data-kt=\"addNewRUOverflowToolbarButton\"]"}
COMMAND: POST /session/9f4c84e4ae75e749cefc69cbdd96fe2c/elements - {"using":"xpath","value":"//button[@data-kt=\"addNewRUOverflowToolbarButton\"]"}
RESULT: {"using":"xpath","value":"//button[@data-kt=\"addNewRUOverflowToolbarButton\"]"}
COMMAND: POST /session/9f4c84e4ae75e749cefc69cbdd96fe2c/element - {"using":"xpath","value":"//button[@data-kt=\"addNewRUOverflowToolbarButton\"]"}
RESULT: {"using":"xpath","value":"//button[@data-kt=\"addNewRUOverflowToolbarButton\"]"}
COMMAND: POST /session/9f4c84e4ae75e749cefc69cbdd96fe2c/execute/sync - {"script":"<script> [8489 bytes]","args":[{"element-6066-11e4-a52e-4f735466cecf":"f.92C64C74BFFB4A8B431616FE9F273F76.d.B10E8AE72420666B02C3D86FC756F1AB.e.2900","ELEMENT":"f.92C64C74BFFB4A8B431616FE9F273F76.d.B10E8AE72420666B02C3D86FC756F1AB.e.2900"}]}
RESULT: {"script":"<script> [8489 bytes]","args":[{"element-6066-11e4-a52e-4f735466cecf":"f.92C64C74BFFB4A8B431616FE9F273F76.d.B10E8AE72420666B02C3D86FC756F1AB.e.2900","ELEMENT":"f.92C64C74BFFB4A8B431616FE9F273F76.d.B10E8AE72420666B02C3D86FC756F1AB.e.2900"}]}
COMMAND: GET /session/9f4c84e4ae75e749cefc69cbdd96fe2c/element/f.92C64C74BFFB4A8B431616FE9F273F76.d.B10E8AE72420666B02C3D86FC756F1AB.e.2900/enabled - {}
COMMAND: GET /session/9f4c84e4ae75e749cefc69cbdd96fe2c/screenshot - {}
RESULT: {}
COMMAND: POST /session/9f4c84e4ae75e749cefc69cbdd96fe2c/execute/sync - {"script":"<script> [8489 bytes]","args":[{"element-6066-11e4-a52e-4f735466cecf":"f.92C64C74BFFB4A8B431616FE9F273F76.d.B10E8AE72420666B02C3D86FC756F1AB.e.2900","ELEMENT":"f.92C64C74BFFB4A8B431616FE9F273F76.d.B10E8AE72420666B02C3D86FC756F1AB.e.2900"}]}
COMMAND: GET /session/9f4c84e4ae75e749cefc69cbdd96fe2c/screenshot - {}
RESULT: {}
RESULT: {"script":"<script> [8489 bytes]","args":[{"element-6066-11e4-a52e-4f735466cecf":"f.92C64C74BFFB4A8B431616FE9F273F76.d.B10E8AE72420666B02C3D86FC756F1AB.e.2900","ELEMENT":"f.92C64C74BFFB4A8B431616FE9F273F76.d.B10E8AE72420666B02C3D86FC756F1AB.e.2900"}]}
COMMAND: POST /session/9f4c84e4ae75e749cefc69cbdd96fe2c/execute/sync - {"script":"<script> [5351 bytes]","args":[{"element-6066-11e4-a52e-4f735466cecf":"f.92C64C74BFFB4A8B431616FE9F273F76.d.B10E8AE72420666B02C3D86FC756F1AB.e.2900","ELEMENT":"f.92C64C74BFFB4A8B431616FE9F273F76.d.B10E8AE72420666B02C3D86FC756F1AB.e.2900"}]}
COMMAND: GET /session/9f4c84e4ae75e749cefc69cbdd96fe2c/screenshot - {}
RESULT: {}
RESULT: {"script":"<script> [5351 bytes]","args":[{"element-6066-11e4-a52e-4f735466cecf":"f.92C64C74BFFB4A8B431616FE9F273F76.d.B10E8AE72420666B02C3D86FC756F1AB.e.2900","ELEMENT":"f.92C64C74BFFB4A8B431616FE9F273F76.d.B10E8AE72420666B02C3D86FC756F1AB.e.2900"}]}
COMMAND: POST /session/9f4c84e4ae75e749cefc69cbdd96fe2c/element/f.92C64C74BFFB4A8B431616FE9F273F76.d.B10E8AE72420666B02C3D86FC756F1AB.e.2900/click - {}
COMMAND: GET /session/9f4c84e4ae75e749cefc69cbdd96fe2c/screenshot - {}
RESULT: {}
RESULT: {}
COMMAND: GET /session/9f4c84e4ae75e749cefc69cbdd96fe2c/screenshot - {}
RESULT: {}
COMMAND: POST /session/9f4c84e4ae75e749cefc69cbdd96fe2c/execute/async - {"script":"<script> [1562 bytes]","args":[{"selector":{"id":"application-manageresources-display-component---newResourceUnit--TYPE-arrow"},"wdio_ui5_key":"applicationmanageresources-display-component---newResourceUnit--TYPE-arrow"}]}
RESULT: {}
RESULT: {"script":"<script> [1562 bytes]","args":[{"selector":{"id":"application-manageresources-display-component---newResourceUnit--TYPE-arrow"},"wdio_ui5_key":"applicationmanageresources-display-component---newResourceUnit--TYPE-arrow"}]}
RESULT: undefined
COMMAND: POST /session/9f4c84e4ae75e749cefc69cbdd96fe2c/element - {"using":"xpath","value":"//*[@id=\"application-manageresources-display-component---newResourceUnit--TYPE-arrow\"]"}
RESULT: {"using":"xpath","value":"//*[@id=\"application-manageresources-display-component---newResourceUnit--TYPE-arrow\"]"}
COMMAND: POST /session/9f4c84e4ae75e749cefc69cbdd96fe2c/element/f.92C64C74BFFB4A8B431616FE9F273F76.d.B10E8AE72420666B02C3D86FC756F1AB.e.3260/click - {}
RESULT: {}
COMMAND: POST /session/9f4c84e4ae75e749cefc69cbdd96fe2c/element - {"using":"xpath","value":"//input[@id=\"application-manageresources-display-component---newResourceUnit--TYPE-inner\"]"}
COMMAND: GET /session/9f4c84e4ae75e749cefc69cbdd96fe2c/screenshot - {}
RESULT: {"using":"xpath","value":"//input[@id=\"application-manageresources-display-component---newResourceUnit--TYPE-inner\"]"}
COMMAND: POST /session/9f4c84e4ae75e749cefc69cbdd96fe2c/element/f.92C64C74BFFB4A8B431616FE9F273F76.d.B10E8AE72420666B02C3D86FC756F1AB.e.3249/clear - {}
RESULT: {}
RESULT: {}
COMMAND: POST /session/9f4c84e4ae75e749cefc69cbdd96fe2c/element/f.92C64C74BFFB4A8B431616FE9F273F76.d.B10E8AE72420666B02C3D86FC756F1AB.e.3249/value - {"text":"Equipment"}
COMMAND: GET /session/9f4c84e4ae75e749cefc69cbdd96fe2c/screenshot - {}
RESULT: {"text":"Equipment"}
COMMAND: GET /session/9f4c84e4ae75e749cefc69cbdd96fe2c/screenshot - {}
RESULT: {}
RESULT: {}
COMMAND: POST /session/9f4c84e4ae75e749cefc69cbdd96fe2c/actions - {"actions":[{"id":"action9","type":"key","parameters":{},"actions":[{"type":"keyDown","value":""},{"type":"pause","duration":10},{"type":"keyUp","value":""}]}]}
RESULT: {"actions":[{"id":"action9","type":"key","parameters":{},"actions":[{"type":"keyDown","value":""},{"type":"pause","duration":10},{"type":"keyUp","value":""}]}]}
COMMAND: POST /session/9f4c84e4ae75e749cefc69cbdd96fe2c/execute/async - {"script":"<script> [1562 bytes]","args":[{"selector":{"id":"application-manageresources-display-component---newResourceUnit--resourceId","interaction":{"idSuffix":"inner"}},"wdio_ui5_key":"applicationmanageresources-display-component---newResourceUnit--resourceId"}]}
COMMAND: GET /session/9f4c84e4ae75e749cefc69cbdd96fe2c/screenshot - {}
RESULT: {"script":"<script> [1562 bytes]","args":[{"selector":{"id":"application-manageresources-display-component---newResourceUnit--resourceId","interaction":{"idSuffix":"inner"}},"wdio_ui5_key":"applicationmanageresources-display-component---newResourceUnit--resourceId"}]}
RESULT: undefined
COMMAND: POST /session/9f4c84e4ae75e749cefc69cbdd96fe2c/execute/async - {"script":"<script> [776 bytes]","args":[{"enterText":"sa7QYRloev","selector":{"id":"application-manageresources-display-component---newResourceUnit--resourceId","interaction":{"idSuffix":"inner"}},"clearTextFirst":true,"interactionType":"ENTER_TEXT"}]}
RESULT: {}
RESULT: {"script":"<script> [776 bytes]","args":[{"enterText":"sa7QYRloev","selector":{"id":"application-manageresources-display-component---newResourceUnit--resourceId","interaction":{"idSuffix":"inner"}},"clearTextFirst":true,"interactionType":"ENTER_TEXT"}]}
COMMAND: POST /session/9f4c84e4ae75e749cefc69cbdd96fe2c/execute/async - {"script":"<script> [1562 bytes]","args":[{"selector":{"id":"application-manageresources-display-component---newResourceUnit--SHORT_TEXT","interaction":{"idSuffix":"inner"}},"wdio_ui5_key":"applicationmanageresources-display-component---newResourceUnit--SHORT_TEXT"}]}
RESULT: {"script":"<script> [1562 bytes]","args":[{"selector":{"id":"application-manageresources-display-component---newResourceUnit--SHORT_TEXT","interaction":{"idSuffix":"inner"}},"wdio_ui5_key":"applicationmanageresources-display-component---newResourceUnit--SHORT_TEXT"}]}
RESULT: undefined
COMMAND: POST /session/9f4c84e4ae75e749cefc69cbdd96fe2c/execute/async - {"script":"<script> [776 bytes]","args":[{"enterText":"Intercompany Equipment WDIO","selector":{"id":"application-manageresources-display-component---newResourceUnit--SHORT_TEXT","interaction":{"idSuffix":"inner"}},"clearTextFirst":true,"interactionType":"ENTER_TEXT"}]}
RESULT: {"script":"<script> [776 bytes]","args":[{"enterText":"Intercompany Equipment WDIO","selector":{"id":"application-manageresources-display-component---newResourceUnit--SHORT_TEXT","interaction":{"idSuffix":"inner"}},"clearTextFirst":true,"interactionType":"ENTER_TEXT"}]}
COMMAND: POST /session/9f4c84e4ae75e749cefc69cbdd96fe2c/execute/async - {"script":"<script> [1562 bytes]","args":[{"selector":{"id":"application-manageresources-display-component---newResourceUnit--BASE_UNIT_OF_MEASURE","interaction":{"idSuffix":"inner"}},"wdio_ui5_key":"applicationmanageresources-display-component---newResourceUnit--BASE_UNIT_OF_MEASURE"}]}
RESULT: {"script":"<script> [1562 bytes]","args":[{"selector":{"id":"application-manageresources-display-component---newResourceUnit--BASE_UNIT_OF_MEASURE","interaction":{"idSuffix":"inner"}},"wdio_ui5_key":"applicationmanageresources-display-component---newResourceUnit--BASE_UNIT_OF_MEASURE"}]}
RESULT: undefined
COMMAND: POST /session/9f4c84e4ae75e749cefc69cbdd96fe2c/execute/async - {"script":"<script> [776 bytes]","args":[{"enterText":"Piece","selector":{"id":"application-manageresources-display-component---newResourceUnit--BASE_UNIT_OF_MEASURE","interaction":{"idSuffix":"inner"}},"clearTextFirst":true,"interactionType":"ENTER_TEXT"}]}
RESULT: {"script":"<script> [776 bytes]","args":[{"enterText":"Piece","selector":{"id":"application-manageresources-display-component---newResourceUnit--BASE_UNIT_OF_MEASURE","interaction":{"idSuffix":"inner"}},"clearTextFirst":true,"interactionType":"ENTER_TEXT"}]}
COMMAND: POST /session/9f4c84e4ae75e749cefc69cbdd96fe2c/execute/async - {"script":"<script> [1562 bytes]","args":[{"selector":{"id":"application-manageresources-display-component---newResourceUnit--WEIGHT_UNIT","interaction":{"idSuffix":"inner"}},"wdio_ui5_key":"applicationmanageresources-display-component---newResourceUnit--WEIGHT_UNIT"}]}
RESULT: {"script":"<script> [1562 bytes]","args":[{"selector":{"id":"application-manageresources-display-component---newResourceUnit--WEIGHT_UNIT","interaction":{"idSuffix":"inner"}},"wdio_ui5_key":"applicationmanageresources-display-component---newResourceUnit--WEIGHT_UNIT"}]}
RESULT: undefined
COMMAND: POST /session/9f4c84e4ae75e749cefc69cbdd96fe2c/execute/async - {"script":"<script> [776 bytes]","args":[{"enterText":"Gram","selector":{"id":"application-manageresources-display-component---newResourceUnit--WEIGHT_UNIT","interaction":{"idSuffix":"inner"}},"clearTextFirst":true,"interactionType":"ENTER_TEXT"}]}
RESULT: {"script":"<script> [776 bytes]","args":[{"enterText":"Gram","selector":{"id":"application-manageresources-display-component---newResourceUnit--WEIGHT_UNIT","interaction":{"idSuffix":"inner"}},"clearTextFirst":true,"interactionType":"ENTER_TEXT"}]}
COMMAND: POST /session/9f4c84e4ae75e749cefc69cbdd96fe2c/execute/async - {"script":"<script> [1562 bytes]","args":[{"selector":{"id":"application-manageresources-display-component---newResourceUnit--DIMENSION_UNIT","interaction":{"idSuffix":"inner"}},"wdio_ui5_key":"applicationmanageresources-display-component---newResourceUnit--DIMENSION_UNIT"}]}
RESULT: {"script":"<script> [1562 bytes]","args":[{"selector":{"id":"application-manageresources-display-component---newResourceUnit--DIMENSION_UNIT","interaction":{"idSuffix":"inner"}},"wdio_ui5_key":"applicationmanageresources-display-component---newResourceUnit--DIMENSION_UNIT"}]}
RESULT: undefined
COMMAND: POST /session/9f4c84e4ae75e749cefc69cbdd96fe2c/execute/async - {"script":"<script> [776 bytes]","args":[{"enterText":"Meter","selector":{"id":"application-manageresources-display-component---newResourceUnit--DIMENSION_UNIT","interaction":{"idSuffix":"inner"}},"clearTextFirst":true,"interactionType":"ENTER_TEXT"}]}
RESULT: {"script":"<script> [776 bytes]","args":[{"enterText":"Meter","selector":{"id":"application-manageresources-display-component---newResourceUnit--DIMENSION_UNIT","interaction":{"idSuffix":"inner"}},"clearTextFirst":true,"interactionType":"ENTER_TEXT"}]}
COMMAND: POST /session/9f4c84e4ae75e749cefc69cbdd96fe2c/execute/async - {"script":"<script> [1562 bytes]","args":[{"selector":{"id":"application-manageresources-display-component---newResourceUnit--newRRUPage-anchBar-application-manageresources-display-component---newResourceUnit--control-anchor","interaction":{"idSuffix":"BDI-content"}},"wdio_ui5_key":"applicationmanageresources-display-component---newResourceUnit--newRRUPage-anchBar-application-manageresources-display-component---newResourceUnit--control-anchor"}]}
RESULT: {"script":"<script> [1562 bytes]","args":[{"selector":{"id":"application-manageresources-display-component---newResourceUnit--newRRUPage-anchBar-application-manageresources-display-component---newResourceUnit--control-anchor","interaction":{"idSuffix":"BDI-content"}},"wdio_ui5_key":"applicationmanageresources-display-component---newResourceUnit--newRRUPage-anchBar-application-manageresources-display-component---newResourceUnit--control-anchor"}]}
RESULT: undefined
COMMAND: POST /session/9f4c84e4ae75e749cefc69cbdd96fe2c/element - {"using":"xpath","value":"//*[@id=\"application-manageresources-display-component---newResourceUnit--newRRUPage-anchBar-application-manageresources-display-component---newResourceUnit--control-anchor\"]"}
RESULT: {"using":"xpath","value":"//*[@id=\"application-manageresources-display-component---newResourceUnit--newRRUPage-anchBar-application-manageresources-display-component---newResourceUnit--control-anchor\"]"}
COMMAND: POST /session/9f4c84e4ae75e749cefc69cbdd96fe2c/element/f.92C64C74BFFB4A8B431616FE9F273F76.d.B10E8AE72420666B02C3D86FC756F1AB.e.3421/click - {}
RESULT: {}
COMMAND: POST /session/9f4c84e4ae75e749cefc69cbdd96fe2c/execute/async - {"script":"<script> [1562 bytes]","args":[{"selector":{"id":"application-manageresources-display-component---newResourceUnit--PLANNING_GROUP","interaction":{"idSuffix":"inner"}},"wdio_ui5_key":"applicationmanageresources-display-component---newResourceUnit--PLANNING_GROUP"}]}
COMMAND: GET /session/9f4c84e4ae75e749cefc69cbdd96fe2c/screenshot - {}
RESULT: {"script":"<script> [1562 bytes]","args":[{"selector":{"id":"application-manageresources-display-component---newResourceUnit--PLANNING_GROUP","interaction":{"idSuffix":"inner"}},"wdio_ui5_key":"applicationmanageresources-display-component---newResourceUnit--PLANNING_GROUP"}]}
RESULT: undefined
COMMAND: POST /session/9f4c84e4ae75e749cefc69cbdd96fe2c/execute/async - {"script":"<script> [776 bytes]","args":[{"enterText":"Heavy Equi","selector":{"id":"application-manageresources-display-component---newResourceUnit--PLANNING_GROUP","interaction":{"idSuffix":"inner"}},"clearTextFirst":true,"interactionType":"ENTER_TEXT"}]}
RESULT: {}
RESULT: {"script":"<script> [776 bytes]","args":[{"enterText":"Heavy Equi","selector":{"id":"application-manageresources-display-component---newResourceUnit--PLANNING_GROUP","interaction":{"idSuffix":"inner"}},"clearTextFirst":true,"interactionType":"ENTER_TEXT"}]}
COMMAND: POST /session/9f4c84e4ae75e749cefc69cbdd96fe2c/execute/async - {"script":"<script> [1562 bytes]","args":[{"selector":{"id":"application-manageresources-display-component---newResourceUnit--ITEM_TYPE-arrow"},"wdio_ui5_key":"applicationmanageresources-display-component---newResourceUnit--ITEM_TYPE-arrow"}]}
RESULT: {"script":"<script> [1562 bytes]","args":[{"selector":{"id":"application-manageresources-display-component---newResourceUnit--ITEM_TYPE-arrow"},"wdio_ui5_key":"applicationmanageresources-display-component---newResourceUnit--ITEM_TYPE-arrow"}]}
RESULT: undefined
COMMAND: POST /session/9f4c84e4ae75e749cefc69cbdd96fe2c/element - {"using":"xpath","value":"//*[@id=\"application-manageresources-display-component---newResourceUnit--ITEM_TYPE-arrow\"]"}
RESULT: {"using":"xpath","value":"//*[@id=\"application-manageresources-display-component---newResourceUnit--ITEM_TYPE-arrow\"]"}
COMMAND: POST /session/9f4c84e4ae75e749cefc69cbdd96fe2c/element/f.92C64C74BFFB4A8B431616FE9F273F76.d.B10E8AE72420666B02C3D86FC756F1AB.e.3430/click - {}
RESULT: {}
COMMAND: POST /session/9f4c84e4ae75e749cefc69cbdd96fe2c/element - {"using":"xpath","value":"(//span[contains(text(), \"Resource Unit\")])[2]"}
COMMAND: GET /session/9f4c84e4ae75e749cefc69cbdd96fe2c/screenshot - {}
RESULT: {"using":"xpath","value":"(//span[contains(text(), \"Resource Unit\")])[2]"}
COMMAND: POST /session/9f4c84e4ae75e749cefc69cbdd96fe2c/element/f.92C64C74BFFB4A8B431616FE9F273F76.d.B10E8AE72420666B02C3D86FC756F1AB.e.3431/click - {}
RESULT: {}
RESULT: {}
COMMAND: GET /session/9f4c84e4ae75e749cefc69cbdd96fe2c/screenshot - {}
RESULT: {}
COMMAND: POST /session/9f4c84e4ae75e749cefc69cbdd96fe2c/element - {"using":"css selector","value":"#application-manageresources-display-component---newResourceUnit--btnAddTimeSegment"}
RESULT: {"using":"css selector","value":"#application-manageresources-display-component---newResourceUnit--btnAddTimeSegment"}
COMMAND: GET /session/9f4c84e4ae75e749cefc69cbdd96fe2c/element/f.92C64C74BFFB4A8B431616FE9F273F76.d.B10E8AE72420666B02C3D86FC756F1AB.e.3439/rect - {}
RESULT: {}
COMMAND: GET /session/9f4c84e4ae75e749cefc69cbdd96fe2c/window/rect - {}
RESULT: {}
COMMAND: POST /session/9f4c84e4ae75e749cefc69cbdd96fe2c/execute/sync - {"script":"<script> [92 bytes]","args":[]}
RESULT: {"script":"<script> [92 bytes]","args":[]}
COMMAND: POST /session/9f4c84e4ae75e749cefc69cbdd96fe2c/actions - {"actions":[{"id":"action10","type":"wheel","parameters":{},"actions":[{"type":"scroll","x":-1888,"y":-32,"deltaX":0,"deltaY":0,"duration":0,"origin":{"element-6066-11e4-a52e-4f735466cecf":"f.92C64C74BFFB4A8B431616FE9F273F76.d.B10E8AE72420666B02C3D86FC756F1AB.e.3439"}}]}]}
COMMAND: GET /session/9f4c84e4ae75e749cefc69cbdd96fe2c/screenshot - {}
RESULT: {}
COMMAND: POST /session/9f4c84e4ae75e749cefc69cbdd96fe2c/execute/sync - {"script":"<script> [79 bytes]","args":[{"element-6066-11e4-a52e-4f735466cecf":"f.92C64C74BFFB4A8B431616FE9F273F76.d.B10E8AE72420666B02C3D86FC756F1AB.e.3439","ELEMENT":"f.92C64C74BFFB4A8B431616FE9F273F76.d.B10E8AE72420666B02C3D86FC756F1AB.e.3439"},{"block":"start","inline":"nearest"}]}
RESULT: {"script":"<script> [79 bytes]","args":[{"element-6066-11e4-a52e-4f735466cecf":"f.92C64C74BFFB4A8B431616FE9F273F76.d.B10E8AE72420666B02C3D86FC756F1AB.e.3439","ELEMENT":"f.92C64C74BFFB4A8B431616FE9F273F76.d.B10E8AE72420666B02C3D86FC756F1AB.e.3439"},{"block":"start","inline":"nearest"}]}
COMMAND: POST /session/9f4c84e4ae75e749cefc69cbdd96fe2c/execute/async - {"script":"<script> [1562 bytes]","args":[{"selector":{"id":"application-manageresources-display-component---newResourceUnit--btnAddTimeSegment","interaction":{"idSuffix":"inner"}},"wdio_ui5_key":"applicationmanageresources-display-component---newResourceUnit--btnAddTimeSegment"}]}
COMMAND: GET /session/9f4c84e4ae75e749cefc69cbdd96fe2c/screenshot - {}
RESULT: {"script":"<script> [1562 bytes]","args":[{"selector":{"id":"application-manageresources-display-component---newResourceUnit--btnAddTimeSegment","interaction":{"idSuffix":"inner"}},"wdio_ui5_key":"applicationmanageresources-display-component---newResourceUnit--btnAddTimeSegment"}]}
RESULT: undefined
COMMAND: POST /session/9f4c84e4ae75e749cefc69cbdd96fe2c/element - {"using":"xpath","value":"//*[@id=\"application-manageresources-display-component---newResourceUnit--btnAddTimeSegment\"]"}
RESULT: {}
RESULT: {"using":"xpath","value":"//*[@id=\"application-manageresources-display-component---newResourceUnit--btnAddTimeSegment\"]"}
COMMAND: POST /session/9f4c84e4ae75e749cefc69cbdd96fe2c/element/f.92C64C74BFFB4A8B431616FE9F273F76.d.B10E8AE72420666B02C3D86FC756F1AB.e.3439/click - {}
RESULT: {}
COMMAND: GET /session/9f4c84e4ae75e749cefc69cbdd96fe2c/screenshot - {}
RESULT: {}
COMMAND: POST /session/9f4c84e4ae75e749cefc69cbdd96fe2c/element - {"using":"xpath","value":"//input[@id=\"application-manageresources-display-component---newResourceUnit--idRuTSAdmin-application-manageresources-display-component---newResourceUnit--RUTimeSegment-0-inner\"]"}
RESULT: {"using":"xpath","value":"//input[@id=\"application-manageresources-display-component---newResourceUnit--idRuTSAdmin-application-manageresources-display-component---newResourceUnit--RUTimeSegment-0-inner\"]"}
COMMAND: POST /session/9f4c84e4ae75e749cefc69cbdd96fe2c/element/f.92C64C74BFFB4A8B431616FE9F273F76.d.B10E8AE72420666B02C3D86FC756F1AB.e.3445/clear - {}
RESULT: {}
COMMAND: POST /session/9f4c84e4ae75e749cefc69cbdd96fe2c/element/f.92C64C74BFFB4A8B431616FE9F273F76.d.B10E8AE72420666B02C3D86FC756F1AB.e.3445/value - {"text":"429"}
COMMAND: GET /session/9f4c84e4ae75e749cefc69cbdd96fe2c/screenshot - {}
RESULT: {"text":"429"}
COMMAND: GET /session/9f4c84e4ae75e749cefc69cbdd96fe2c/screenshot - {}
RESULT: {}
RESULT: {}
COMMAND: POST /session/9f4c84e4ae75e749cefc69cbdd96fe2c/element - {"using":"xpath","value":"//li[.//span[text()='429']]"}
RESULT: {"using":"xpath","value":"//li[.//span[text()='429']]"}
COMMAND: POST /session/9f4c84e4ae75e749cefc69cbdd96fe2c/element/f.92C64C74BFFB4A8B431616FE9F273F76.d.B10E8AE72420666B02C3D86FC756F1AB.e.3457/click - {}
RESULT: {}
COMMAND: GET /session/9f4c84e4ae75e749cefc69cbdd96fe2c/screenshot - {}
RESULT: {}
COMMAND: POST /session/9f4c84e4ae75e749cefc69cbdd96fe2c/element - {"using":"xpath","value":"(//span[contains(@id, \"-application-manageresources-display-component---newResourceUnit--RUTimeSegment-0-arrow\")])[6]"}
RESULT: {"using":"xpath","value":"(//span[contains(@id, \"-application-manageresources-display-component---newResourceUnit--RUTimeSegment-0-arrow\")])[6]"}
COMMAND: POST /session/9f4c84e4ae75e749cefc69cbdd96fe2c/element/f.92C64C74BFFB4A8B431616FE9F273F76.d.B10E8AE72420666B02C3D86FC756F1AB.e.3458/click - {}
RESULT: {}
COMMAND: GET /session/9f4c84e4ae75e749cefc69cbdd96fe2c/screenshot - {}
RESULT: {}
COMMAND: POST /session/9f4c84e4ae75e749cefc69cbdd96fe2c/element - {"using":"xpath","value":"//span[contains(text(), \"PM Order\")]"}
RESULT: {"using":"xpath","value":"//span[contains(text(), \"PM Order\")]"}
COMMAND: POST /session/9f4c84e4ae75e749cefc69cbdd96fe2c/element/f.92C64C74BFFB4A8B431616FE9F273F76.d.B10E8AE72420666B02C3D86FC756F1AB.e.3461/click - {}
RESULT: {}
COMMAND: GET /session/9f4c84e4ae75e749cefc69cbdd96fe2c/screenshot - {}
RESULT: {}
COMMAND: POST /session/9f4c84e4ae75e749cefc69cbdd96fe2c/element - {"using":"xpath","value":"(//span[contains(@id ,\"manageresources-display-component---newResourceUnit--RUTimeSegment-0-vhi\")])[1]"}
RESULT: {"using":"xpath","value":"(//span[contains(@id ,\"manageresources-display-component---newResourceUnit--RUTimeSegment-0-vhi\")])[1]"}
COMMAND: GET /session/9f4c84e4ae75e749cefc69cbdd96fe2c/element/f.92C64C74BFFB4A8B431616FE9F273F76.d.B10E8AE72420666B02C3D86FC756F1AB.e.3465/rect - {}
RESULT: {}
COMMAND: GET /session/9f4c84e4ae75e749cefc69cbdd96fe2c/window/rect - {}
RESULT: {}
COMMAND: POST /session/9f4c84e4ae75e749cefc69cbdd96fe2c/execute/sync - {"script":"<script> [92 bytes]","args":[]}
RESULT: {"script":"<script> [92 bytes]","args":[]}
COMMAND: POST /session/9f4c84e4ae75e749cefc69cbdd96fe2c/actions - {"actions":[{"id":"action11","type":"wheel","parameters":{},"actions":[{"type":"scroll","x":-869,"y":-24,"deltaX":0,"deltaY":0,"duration":0,"origin":{"element-6066-11e4-a52e-4f735466cecf":"f.92C64C74BFFB4A8B431616FE9F273F76.d.B10E8AE72420666B02C3D86FC756F1AB.e.3465"}}]}]}
COMMAND: GET /session/9f4c84e4ae75e749cefc69cbdd96fe2c/screenshot - {}
RESULT: {"actions":[{"id":"action11","type":"wheel","parameters":{},"actions":[{"type":"scroll","x":-869,"y":-24,"deltaX":0,"deltaY":0,"duration":0,"origin":{"element-6066-11e4-a52e-4f735466cecf":"f.92C64C74BFFB4A8B431616FE9F273F76.d.B10E8AE72420666B02C3D86FC756F1AB.e.3465"}}]}]}
COMMAND: DELETE /session/9f4c84e4ae75e749cefc69cbdd96fe2c/actions - {}
COMMAND: GET /session/9f4c84e4ae75e749cefc69cbdd96fe2c/screenshot - {}
RESULT: {}
RESULT: {}
RESULT: {}
COMMAND: GET /session/9f4c84e4ae75e749cefc69cbdd96fe2c/screenshot - {}
RESULT: {}
COMMAND: POST /session/9f4c84e4ae75e749cefc69cbdd96fe2c/element/f.92C64C74BFFB4A8B431616FE9F273F76.d.B10E8AE72420666B02C3D86FC756F1AB.e.3465/click - {}
RESULT: {}
COMMAND: GET /session/9f4c84e4ae75e749cefc69cbdd96fe2c/screenshot - {}
RESULT: {}
COMMAND: POST /session/9f4c84e4ae75e749cefc69cbdd96fe2c/execute/async - {"script":"<script> [1562 bytes]","args":[{"selector":{"controlType":"sap.m.SearchField","properties":{"placeholder":"Search"},"searchOpenDialogs":true,"interaction":{"idSuffix":"I"}},"wdio_ui5_key":"sapm.SearchField{\"placeholder\":\"Search\"}"}]}
RESULT: {"script":"<script> [1562 bytes]","args":[{"selector":{"controlType":"sap.m.SearchField","properties":{"placeholder":"Search"},"searchOpenDialogs":true,"interaction":{"idSuffix":"I"}},"wdio_ui5_key":"sapm.SearchField{\"placeholder\":\"Search\"}"}]}
RESULT: undefined
COMMAND: POST /session/9f4c84e4ae75e749cefc69cbdd96fe2c/execute/async - {"script":"<script> [776 bytes]","args":[{"enterText":"4000360","selector":{"controlType":"sap.m.SearchField","properties":{"placeholder":"Search"},"searchOpenDialogs":true,"interaction":{"idSuffix":"I"}},"clearTextFirst":true,"interactionType":"ENTER_TEXT"}]}
RESULT: {"script":"<script> [776 bytes]","args":[{"enterText":"4000360","selector":{"controlType":"sap.m.SearchField","properties":{"placeholder":"Search"},"searchOpenDialogs":true,"interaction":{"idSuffix":"I"}},"clearTextFirst":true,"interactionType":"ENTER_TEXT"}]}
COMMAND: POST /session/9f4c84e4ae75e749cefc69cbdd96fe2c/actions - {"actions":[{"id":"action12","type":"key","parameters":{},"actions":[{"type":"keyDown","value":""},{"type":"pause","duration":10},{"type":"keyUp","value":""}]}]}
RESULT: {"actions":[{"id":"action12","type":"key","parameters":{},"actions":[{"type":"keyDown","value":""},{"type":"pause","duration":10},{"type":"keyUp","value":""}]}]}
COMMAND: GET /session/9f4c84e4ae75e749cefc69cbdd96fe2c/screenshot - {}
RESULT: {}
COMMAND: POST /session/9f4c84e4ae75e749cefc69cbdd96fe2c/element - {"using":"xpath","value":"//td/div/span[contains(text(), \"BGL Vehicles\")]"}
RESULT: {"using":"xpath","value":"//td/div/span[contains(text(), \"BGL Vehicles\")]"}
COMMAND: POST /session/9f4c84e4ae75e749cefc69cbdd96fe2c/element/f.92C64C74BFFB4A8B431616FE9F273F76.d.B10E8AE72420666B02C3D86FC756F1AB.e.3487/click - {}
RESULT: {}
COMMAND: GET /session/9f4c84e4ae75e749cefc69cbdd96fe2c/screenshot - {}
RESULT: {}
COMMAND: POST /session/9f4c84e4ae75e749cefc69cbdd96fe2c/element - {"using":"xpath","value":"//bdi[contains(text(), \"OK\")]"}
RESULT: {"using":"xpath","value":"//bdi[contains(text(), \"OK\")]"}
COMMAND: POST /session/9f4c84e4ae75e749cefc69cbdd96fe2c/element/f.92C64C74BFFB4A8B431616FE9F273F76.d.B10E8AE72420666B02C3D86FC756F1AB.e.3488/click - {}
RESULT: {}
COMMAND: GET /session/9f4c84e4ae75e749cefc69cbdd96fe2c/screenshot - {}
RESULT: {}
COMMAND: POST /session/9f4c84e4ae75e749cefc69cbdd96fe2c/execute/async - {"script":"<script> [1562 bytes]","args":[{"selector":{"id":"application-manageresources-display-component---newResourceUnit--newRRUPage-anchBar-application-manageresources-display-component---newResourceUnit--resource-anchor","interaction":{"idSuffix":"BDI-content"}},"wdio_ui5_key":"applicationmanageresources-display-component---newResourceUnit--newRRUPage-anchBar-application-manageresources-display-component---newResourceUnit--resource-anchor"}]}
RESULT: {"script":"<script> [1562 bytes]","args":[{"selector":{"id":"application-manageresources-display-component---newResourceUnit--newRRUPage-anchBar-application-manageresources-display-component---newResourceUnit--resource-anchor","interaction":{"idSuffix":"BDI-content"}},"wdio_ui5_key":"applicationmanageresources-display-component---newResourceUnit--newRRUPage-anchBar-application-manageresources-display-component---newResourceUnit--resource-anchor"}]}
RESULT: undefined
COMMAND: POST /session/9f4c84e4ae75e749cefc69cbdd96fe2c/element - {"using":"xpath","value":"//*[@id=\"application-manageresources-display-component---newResourceUnit--newRRUPage-anchBar-application-manageresources-display-component---newResourceUnit--resource-anchor\"]"}
RESULT: {"using":"xpath","value":"//*[@id=\"application-manageresources-display-component---newResourceUnit--newRRUPage-anchBar-application-manageresources-display-component---newResourceUnit--resource-anchor\"]"}
COMMAND: POST /session/9f4c84e4ae75e749cefc69cbdd96fe2c/element/f.92C64C74BFFB4A8B431616FE9F273F76.d.B10E8AE72420666B02C3D86FC756F1AB.e.3492/click - {}
RESULT: {}
COMMAND: POST /session/9f4c84e4ae75e749cefc69cbdd96fe2c/execute/async - {"script":"<script> [1562 bytes]","args":[{"selector":{"id":"application-manageresources-display-component---newResourceUnit--PLANNED_DELIVERY_DATE","interaction":{"idSuffix":"inner"}},"wdio_ui5_key":"applicationmanageresources-display-component---newResourceUnit--PLANNED_DELIVERY_DATE"}]}
COMMAND: GET /session/9f4c84e4ae75e749cefc69cbdd96fe2c/screenshot - {}
RESULT: {"script":"<script> [1562 bytes]","args":[{"selector":{"id":"application-manageresources-display-component---newResourceUnit--PLANNED_DELIVERY_DATE","interaction":{"idSuffix":"inner"}},"wdio_ui5_key":"applicationmanageresources-display-component---newResourceUnit--PLANNED_DELIVERY_DATE"}]}
RESULT: undefined
COMMAND: POST /session/9f4c84e4ae75e749cefc69cbdd96fe2c/execute/async - {"script":"<script> [6424 bytes]","args":[{"element-6066-11e4-a52e-4f735466cecf":"f.92C64C74BFFB4A8B431616FE9F273F76.d.B10E8AE72420666B02C3D86FC756F1AB.e.3318"},"setValue",["5/28/25"]]}
RESULT: {}
RESULT: {"script":"<script> [6424 bytes]","args":[{"element-6066-11e4-a52e-4f735466cecf":"f.92C64C74BFFB4A8B431616FE9F273F76.d.B10E8AE72420666B02C3D86FC756F1AB.e.3318"},"setValue",["5/28/25"]]}
COMMAND: POST /session/9f4c84e4ae75e749cefc69cbdd96fe2c/element - {"using":"xpath","value":"//label[contains(@class, 'sapMLabelRequired') and .//bdi[contains(text(), 'Planned Retirement')]]"}
RESULT: {"using":"xpath","value":"//label[contains(@class, 'sapMLabelRequired') and .//bdi[contains(text(), 'Planned Retirement')]]"}
COMMAND: POST /session/9f4c84e4ae75e749cefc69cbdd96fe2c/elements - {"using":"xpath","value":"//label[contains(@class, 'sapMLabelRequired') and .//bdi[contains(text(), 'Planned Retirement')]]"}
RESULT: {"using":"xpath","value":"//label[contains(@class, 'sapMLabelRequired') and .//bdi[contains(text(), 'Planned Retirement')]]"}
COMMAND: POST /session/9f4c84e4ae75e749cefc69cbdd96fe2c/element - {"using":"xpath","value":"//button[@data-kt=\"resourceUnitSaveButton\"]"}
RESULT: {"using":"xpath","value":"//button[@data-kt=\"resourceUnitSaveButton\"]"}
COMMAND: POST /session/9f4c84e4ae75e749cefc69cbdd96fe2c/element/f.92C64C74BFFB4A8B431616FE9F273F76.d.B10E8AE72420666B02C3D86FC756F1AB.e.3277/click - {}
RESULT: {}
COMMAND: GET /session/9f4c84e4ae75e749cefc69cbdd96fe2c/screenshot - {}
RESULT: {}
COMMAND: POST /session/9f4c84e4ae75e749cefc69cbdd96fe2c/element - {"using":"xpath","value":"//bdi[contains(text(), \"Close\")]"}
RESULT: {"using":"xpath","value":"//bdi[contains(text(), \"Close\")]"}
COMMAND: POST /session/9f4c84e4ae75e749cefc69cbdd96fe2c/element/f.92C64C74BFFB4A8B431616FE9F273F76.d.B10E8AE72420666B02C3D86FC756F1AB.e.3500/click - {}
RESULT: {}
COMMAND: GET /session/9f4c84e4ae75e749cefc69cbdd96fe2c/screenshot - {}
RESULT: {}
COMMAND: POST /session/9f4c84e4ae75e749cefc69cbdd96fe2c/element - {"using":"xpath","value":"(//button[contains(@id ,\"actionsToolbar-overflowButton\")])[1]"}
RESULT: {"using":"xpath","value":"(//button[contains(@id ,\"actionsToolbar-overflowButton\")])[1]"}
COMMAND: POST /session/9f4c84e4ae75e749cefc69cbdd96fe2c/element/f.92C64C74BFFB4A8B431616FE9F273F76.d.B10E8AE72420666B02C3D86FC756F1AB.e.3531/click - {}
RESULT: {}
COMMAND: GET /session/9f4c84e4ae75e749cefc69cbdd96fe2c/screenshot - {}
RESULT: {}
COMMAND: POST /session/9f4c84e4ae75e749cefc69cbdd96fe2c/element - {"using":"xpath","value":"//button[@data-kt=\"priceInfoButton\"]"}
RESULT: {"using":"xpath","value":"//button[@data-kt=\"priceInfoButton\"]"}
COMMAND: POST /session/9f4c84e4ae75e749cefc69cbdd96fe2c/element/f.92C64C74BFFB4A8B431616FE9F273F76.d.B10E8AE72420666B02C3D86FC756F1AB.e.3535/click - {}
RESULT: {}
COMMAND: GET /session/9f4c84e4ae75e749cefc69cbdd96fe2c/screenshot - {}
RESULT: {}
]]></system-out>
    </testcase>
    <testcase classname="chrome.136_0_7103_93.windows.Billing_confirm_US117289" name="Should create new pricing rule" time="71.409">
      <system-out><![CDATA[
COMMAND: POST /session/9f4c84e4ae75e749cefc69cbdd96fe2c/element - {"using":"xpath","value":"//button[@data-kt=\"addButton\"]"}
RESULT: {"using":"xpath","value":"//button[@data-kt=\"addButton\"]"}
COMMAND: POST /session/9f4c84e4ae75e749cefc69cbdd96fe2c/elements - {"using":"xpath","value":"//button[@data-kt=\"addButton\"]"}
RESULT: {"using":"xpath","value":"//button[@data-kt=\"addButton\"]"}
COMMAND: POST /session/9f4c84e4ae75e749cefc69cbdd96fe2c/elements - {"using":"xpath","value":"//button[@data-kt=\"addButton\"]"}
RESULT: {"using":"xpath","value":"//button[@data-kt=\"addButton\"]"}
COMMAND: POST /session/9f4c84e4ae75e749cefc69cbdd96fe2c/elements - {"using":"xpath","value":"//button[@data-kt=\"addButton\"]"}
RESULT: {"using":"xpath","value":"//button[@data-kt=\"addButton\"]"}
COMMAND: POST /session/9f4c84e4ae75e749cefc69cbdd96fe2c/element - {"using":"xpath","value":"//button[@data-kt=\"addButton\"]"}
RESULT: {"using":"xpath","value":"//button[@data-kt=\"addButton\"]"}
COMMAND: POST /session/9f4c84e4ae75e749cefc69cbdd96fe2c/execute/sync - {"script":"<script> [8489 bytes]","args":[{"element-6066-11e4-a52e-4f735466cecf":"f.92C64C74BFFB4A8B431616FE9F273F76.d.B10E8AE72420666B02C3D86FC756F1AB.e.3572","ELEMENT":"f.92C64C74BFFB4A8B431616FE9F273F76.d.B10E8AE72420666B02C3D86FC756F1AB.e.3572"}]}
RESULT: {"script":"<script> [8489 bytes]","args":[{"element-6066-11e4-a52e-4f735466cecf":"f.92C64C74BFFB4A8B431616FE9F273F76.d.B10E8AE72420666B02C3D86FC756F1AB.e.3572","ELEMENT":"f.92C64C74BFFB4A8B431616FE9F273F76.d.B10E8AE72420666B02C3D86FC756F1AB.e.3572"}]}
COMMAND: GET /session/9f4c84e4ae75e749cefc69cbdd96fe2c/element/f.92C64C74BFFB4A8B431616FE9F273F76.d.B10E8AE72420666B02C3D86FC756F1AB.e.3572/enabled - {}
COMMAND: GET /session/9f4c84e4ae75e749cefc69cbdd96fe2c/screenshot - {}
RESULT: {}
COMMAND: POST /session/9f4c84e4ae75e749cefc69cbdd96fe2c/execute/sync - {"script":"<script> [8489 bytes]","args":[{"element-6066-11e4-a52e-4f735466cecf":"f.92C64C74BFFB4A8B431616FE9F273F76.d.B10E8AE72420666B02C3D86FC756F1AB.e.3572","ELEMENT":"f.92C64C74BFFB4A8B431616FE9F273F76.d.B10E8AE72420666B02C3D86FC756F1AB.e.3572"}]}
COMMAND: GET /session/9f4c84e4ae75e749cefc69cbdd96fe2c/screenshot - {}
RESULT: {}
RESULT: {"script":"<script> [8489 bytes]","args":[{"element-6066-11e4-a52e-4f735466cecf":"f.92C64C74BFFB4A8B431616FE9F273F76.d.B10E8AE72420666B02C3D86FC756F1AB.e.3572","ELEMENT":"f.92C64C74BFFB4A8B431616FE9F273F76.d.B10E8AE72420666B02C3D86FC756F1AB.e.3572"}]}
COMMAND: POST /session/9f4c84e4ae75e749cefc69cbdd96fe2c/execute/sync - {"script":"<script> [5351 bytes]","args":[{"element-6066-11e4-a52e-4f735466cecf":"f.92C64C74BFFB4A8B431616FE9F273F76.d.B10E8AE72420666B02C3D86FC756F1AB.e.3572","ELEMENT":"f.92C64C74BFFB4A8B431616FE9F273F76.d.B10E8AE72420666B02C3D86FC756F1AB.e.3572"}]}
COMMAND: GET /session/9f4c84e4ae75e749cefc69cbdd96fe2c/screenshot - {}
RESULT: {}
RESULT: {"script":"<script> [5351 bytes]","args":[{"element-6066-11e4-a52e-4f735466cecf":"f.92C64C74BFFB4A8B431616FE9F273F76.d.B10E8AE72420666B02C3D86FC756F1AB.e.3572","ELEMENT":"f.92C64C74BFFB4A8B431616FE9F273F76.d.B10E8AE72420666B02C3D86FC756F1AB.e.3572"}]}
COMMAND: POST /session/9f4c84e4ae75e749cefc69cbdd96fe2c/element/f.92C64C74BFFB4A8B431616FE9F273F76.d.B10E8AE72420666B02C3D86FC756F1AB.e.3572/click - {}
COMMAND: GET /session/9f4c84e4ae75e749cefc69cbdd96fe2c/screenshot - {}
RESULT: {}
RESULT: {}
COMMAND: GET /session/9f4c84e4ae75e749cefc69cbdd96fe2c/screenshot - {}
RESULT: {}
RESULT: {}
COMMAND: POST /session/9f4c84e4ae75e749cefc69cbdd96fe2c/execute/async - {"script":"<script> [1562 bytes]","args":[{"selector":{"controlType":"sap.m.Title","viewName":"etm.portal.ui.managepricingrules.view.NewItem","viewId":"application-managepricingrules-display-component---newInfoPriceItem","properties":{"text":"New Pricing Rules - Item Level"}},"wdio_ui5_key":"etmportal.ui.managepricingrules.view.NewItemsap.m.Title{\"text\":\"New Pricing Rules - Item Level\"}"}]}
RESULT: {"script":"<script> [1562 bytes]","args":[{"selector":{"controlType":"sap.m.Title","viewName":"etm.portal.ui.managepricingrules.view.NewItem","viewId":"application-managepricingrules-display-component---newInfoPriceItem","properties":{"text":"New Pricing Rules - Item Level"}},"wdio_ui5_key":"etmportal.ui.managepricingrules.view.NewItemsap.m.Title{\"text\":\"New Pricing Rules - Item Level\"}"}]}
RESULT: undefined
COMMAND: POST /session/9f4c84e4ae75e749cefc69cbdd96fe2c/execute/async - {"script":"<script> [6424 bytes]","args":[{"element-6066-11e4-a52e-4f735466cecf":"f.92C64C74BFFB4A8B431616FE9F273F76.d.B10E8AE72420666B02C3D86FC756F1AB.e.3697"},"getText",[]]}
RESULT: {"script":"<script> [6424 bytes]","args":[{"element-6066-11e4-a52e-4f735466cecf":"f.92C64C74BFFB4A8B431616FE9F273F76.d.B10E8AE72420666B02C3D86FC756F1AB.e.3697"},"getText",[]]}
COMMAND: POST /session/9f4c84e4ae75e749cefc69cbdd96fe2c/execute/async - {"script":"<script> [1562 bytes]","args":[{"selector":{"id":"application-managepricingrules-display-component---newInfoPriceItem--condValidTo","interaction":{"idSuffix":"inner"}},"wdio_ui5_key":"applicationmanagepricingrules-display-component---newInfoPriceItem--condValidTo"}]}
RESULT: {"script":"<script> [1562 bytes]","args":[{"selector":{"id":"application-managepricingrules-display-component---newInfoPriceItem--condValidTo","interaction":{"idSuffix":"inner"}},"wdio_ui5_key":"applicationmanagepricingrules-display-component---newInfoPriceItem--condValidTo"}]}
RESULT: undefined
COMMAND: POST /session/9f4c84e4ae75e749cefc69cbdd96fe2c/execute/async - {"script":"<script> [776 bytes]","args":[{"enterText":"1/28/26","selector":{"id":"application-managepricingrules-display-component---newInfoPriceItem--condValidTo","interaction":{"idSuffix":"inner"}},"clearTextFirst":true,"interactionType":"ENTER_TEXT"}]}
RESULT: {"script":"<script> [776 bytes]","args":[{"enterText":"1/28/26","selector":{"id":"application-managepricingrules-display-component---newInfoPriceItem--condValidTo","interaction":{"idSuffix":"inner"}},"clearTextFirst":true,"interactionType":"ENTER_TEXT"}]}
COMMAND: POST /session/9f4c84e4ae75e749cefc69cbdd96fe2c/execute/async - {"script":"<script> [1562 bytes]","args":[{"selector":{"id":"application-managepricingrules-display-component---newInfoPriceItem--billType-arrow"},"wdio_ui5_key":"applicationmanagepricingrules-display-component---newInfoPriceItem--billType-arrow"}]}
RESULT: {"script":"<script> [1562 bytes]","args":[{"selector":{"id":"application-managepricingrules-display-component---newInfoPriceItem--billType-arrow"},"wdio_ui5_key":"applicationmanagepricingrules-display-component---newInfoPriceItem--billType-arrow"}]}
RESULT: undefined
COMMAND: POST /session/9f4c84e4ae75e749cefc69cbdd96fe2c/element - {"using":"xpath","value":"//*[@id=\"application-managepricingrules-display-component---newInfoPriceItem--billType-arrow\"]"}
RESULT: {"using":"xpath","value":"//*[@id=\"application-managepricingrules-display-component---newInfoPriceItem--billType-arrow\"]"}
COMMAND: POST /session/9f4c84e4ae75e749cefc69cbdd96fe2c/element/f.92C64C74BFFB4A8B431616FE9F273F76.d.B10E8AE72420666B02C3D86FC756F1AB.e.3701/click - {}
RESULT: {}
COMMAND: POST /session/9f4c84e4ae75e749cefc69cbdd96fe2c/element - {"using":"xpath","value":"//span[contains(text(), \"TB - Time based\")]"}
COMMAND: GET /session/9f4c84e4ae75e749cefc69cbdd96fe2c/screenshot - {}
RESULT: {"using":"xpath","value":"//span[contains(text(), \"TB - Time based\")]"}
COMMAND: POST /session/9f4c84e4ae75e749cefc69cbdd96fe2c/element/f.92C64C74BFFB4A8B431616FE9F273F76.d.B10E8AE72420666B02C3D86FC756F1AB.e.3702/click - {}
RESULT: {}
RESULT: {}
COMMAND: POST /session/9f4c84e4ae75e749cefc69cbdd96fe2c/execute/async - {"script":"<script> [1562 bytes]","args":[{"selector":{"id":"application-managepricingrules-display-component---newInfoPriceItem--priceProc-arrow"},"wdio_ui5_key":"applicationmanagepricingrules-display-component---newInfoPriceItem--priceProc-arrow"}]}
COMMAND: GET /session/9f4c84e4ae75e749cefc69cbdd96fe2c/screenshot - {}
RESULT: {"script":"<script> [1562 bytes]","args":[{"selector":{"id":"application-managepricingrules-display-component---newInfoPriceItem--priceProc-arrow"},"wdio_ui5_key":"applicationmanagepricingrules-display-component---newInfoPriceItem--priceProc-arrow"}]}
RESULT: undefined
COMMAND: POST /session/9f4c84e4ae75e749cefc69cbdd96fe2c/element - {"using":"xpath","value":"//*[@id=\"application-managepricingrules-display-component---newInfoPriceItem--priceProc-arrow\"]"}
RESULT: {}
RESULT: {"using":"xpath","value":"//*[@id=\"application-managepricingrules-display-component---newInfoPriceItem--priceProc-arrow\"]"}
COMMAND: POST /session/9f4c84e4ae75e749cefc69cbdd96fe2c/element/f.92C64C74BFFB4A8B431616FE9F273F76.d.B10E8AE72420666B02C3D86FC756F1AB.e.3703/click - {}
RESULT: {}
COMMAND: POST /session/9f4c84e4ae75e749cefc69cbdd96fe2c/element - {"using":"xpath","value":"//span[contains(text(), \"TBS - Time based standard\")]"}
COMMAND: GET /session/9f4c84e4ae75e749cefc69cbdd96fe2c/screenshot - {}
RESULT: {"using":"xpath","value":"//span[contains(text(), \"TBS - Time based standard\")]"}
COMMAND: POST /session/9f4c84e4ae75e749cefc69cbdd96fe2c/element/f.92C64C74BFFB4A8B431616FE9F273F76.d.B10E8AE72420666B02C3D86FC756F1AB.e.3704/click - {}
RESULT: {}
RESULT: {}
COMMAND: POST /session/9f4c84e4ae75e749cefc69cbdd96fe2c/execute/async - {"script":"<script> [1562 bytes]","args":[{"selector":{"id":"application-managepricingrules-display-component---newInfoPriceItem--calcBase-arrow"},"wdio_ui5_key":"applicationmanagepricingrules-display-component---newInfoPriceItem--calcBase-arrow"}]}
COMMAND: GET /session/9f4c84e4ae75e749cefc69cbdd96fe2c/screenshot - {}
RESULT: {"script":"<script> [1562 bytes]","args":[{"selector":{"id":"application-managepricingrules-display-component---newInfoPriceItem--calcBase-arrow"},"wdio_ui5_key":"applicationmanagepricingrules-display-component---newInfoPriceItem--calcBase-arrow"}]}
RESULT: undefined
COMMAND: POST /session/9f4c84e4ae75e749cefc69cbdd96fe2c/element - {"using":"xpath","value":"//*[@id=\"application-managepricingrules-display-component---newInfoPriceItem--calcBase-arrow\"]"}
RESULT: {}
RESULT: {"using":"xpath","value":"//*[@id=\"application-managepricingrules-display-component---newInfoPriceItem--calcBase-arrow\"]"}
COMMAND: POST /session/9f4c84e4ae75e749cefc69cbdd96fe2c/element/f.92C64C74BFFB4A8B431616FE9F273F76.d.B10E8AE72420666B02C3D86FC756F1AB.e.3675/click - {}
RESULT: {}
COMMAND: GET /session/9f4c84e4ae75e749cefc69cbdd96fe2c/screenshot - {}
RESULT: {}
COMMAND: POST /session/9f4c84e4ae75e749cefc69cbdd96fe2c/element - {"using":"xpath","value":"//span[contains(text(), \"0006 - TB(calendar days)\")]"}
RESULT: {"using":"xpath","value":"//span[contains(text(), \"0006 - TB(calendar days)\")]"}
COMMAND: POST /session/9f4c84e4ae75e749cefc69cbdd96fe2c/element/f.92C64C74BFFB4A8B431616FE9F273F76.d.B10E8AE72420666B02C3D86FC756F1AB.e.3705/click - {}
RESULT: {}
COMMAND: GET /session/9f4c84e4ae75e749cefc69cbdd96fe2c/screenshot - {}
RESULT: {}
COMMAND: POST /session/9f4c84e4ae75e749cefc69cbdd96fe2c/execute/async - {"script":"<script> [1562 bytes]","args":[{"selector":{"id":"application-managepricingrules-display-component---newInfoPriceItem--daysMonth","interaction":{"idSuffix":"inner"}},"wdio_ui5_key":"applicationmanagepricingrules-display-component---newInfoPriceItem--daysMonth"}]}
RESULT: {"script":"<script> [1562 bytes]","args":[{"selector":{"id":"application-managepricingrules-display-component---newInfoPriceItem--daysMonth","interaction":{"idSuffix":"inner"}},"wdio_ui5_key":"applicationmanagepricingrules-display-component---newInfoPriceItem--daysMonth"}]}
RESULT: undefined
COMMAND: POST /session/9f4c84e4ae75e749cefc69cbdd96fe2c/execute/async - {"script":"<script> [776 bytes]","args":[{"enterText":"30","selector":{"id":"application-managepricingrules-display-component---newInfoPriceItem--daysMonth","interaction":{"idSuffix":"inner"}},"clearTextFirst":true,"interactionType":"ENTER_TEXT"}]}
RESULT: {"script":"<script> [776 bytes]","args":[{"enterText":"30","selector":{"id":"application-managepricingrules-display-component---newInfoPriceItem--daysMonth","interaction":{"idSuffix":"inner"}},"clearTextFirst":true,"interactionType":"ENTER_TEXT"}]}
COMMAND: POST /session/9f4c84e4ae75e749cefc69cbdd96fe2c/element - {"using":"xpath","value":"//button[@data-kt=\"saveNewRuleButton\"]"}
RESULT: {"using":"xpath","value":"//button[@data-kt=\"saveNewRuleButton\"]"}
COMMAND: POST /session/9f4c84e4ae75e749cefc69cbdd96fe2c/element/f.92C64C74BFFB4A8B431616FE9F273F76.d.B10E8AE72420666B02C3D86FC756F1AB.e.3687/click - {}
RESULT: {}
COMMAND: GET /session/9f4c84e4ae75e749cefc69cbdd96fe2c/screenshot - {}
RESULT: {}
COMMAND: POST /session/9f4c84e4ae75e749cefc69cbdd96fe2c/execute/async - {"script":"<script> [1562 bytes]","args":[{"selector":{"id":"application-managepricingrules-display-component---priceInfoItem--smartFilterBar-btnBasicSearch","interaction":{"idSuffix":"I"}},"wdio_ui5_key":"applicationmanagepricingrules-display-component---priceInfoItem--smartFilterBar-btnBasicSearch"}]}
RESULT: {"script":"<script> [1562 bytes]","args":[{"selector":{"id":"application-managepricingrules-display-component---priceInfoItem--smartFilterBar-btnBasicSearch","interaction":{"idSuffix":"I"}},"wdio_ui5_key":"applicationmanagepricingrules-display-component---priceInfoItem--smartFilterBar-btnBasicSearch"}]}
RESULT: undefined
COMMAND: POST /session/9f4c84e4ae75e749cefc69cbdd96fe2c/execute/async - {"script":"<script> [776 bytes]","args":[{"enterText":"sa7QYRloev","selector":{"id":"application-managepricingrules-display-component---priceInfoItem--smartFilterBar-btnBasicSearch","interaction":{"idSuffix":"I"}},"clearTextFirst":true,"interactionType":"ENTER_TEXT"}]}
RESULT: {"script":"<script> [776 bytes]","args":[{"enterText":"sa7QYRloev","selector":{"id":"application-managepricingrules-display-component---priceInfoItem--smartFilterBar-btnBasicSearch","interaction":{"idSuffix":"I"}},"clearTextFirst":true,"interactionType":"ENTER_TEXT"}]}
COMMAND: POST /session/9f4c84e4ae75e749cefc69cbdd96fe2c/actions - {"actions":[{"id":"action13","type":"key","parameters":{},"actions":[{"type":"keyDown","value":""},{"type":"pause","duration":10},{"type":"keyUp","value":""}]}]}
RESULT: {"actions":[{"id":"action13","type":"key","parameters":{},"actions":[{"type":"keyDown","value":""},{"type":"pause","duration":10},{"type":"keyUp","value":""}]}]}
COMMAND: GET /session/9f4c84e4ae75e749cefc69cbdd96fe2c/screenshot - {}
RESULT: {}
COMMAND: POST /session/9f4c84e4ae75e749cefc69cbdd96fe2c/element - {"using":"xpath","value":"//span[@id=\"application-managepricingrules-display-component---priceInfoItem--smartTable-header-inner\"]"}
RESULT: {"using":"xpath","value":"//span[@id=\"application-managepricingrules-display-component---priceInfoItem--smartTable-header-inner\"]"}
COMMAND: POST /session/9f4c84e4ae75e749cefc69cbdd96fe2c/elements - {"using":"xpath","value":"//span[@id=\"application-managepricingrules-display-component---priceInfoItem--smartTable-header-inner\"]"}
RESULT: {"using":"xpath","value":"//span[@id=\"application-managepricingrules-display-component---priceInfoItem--smartTable-header-inner\"]"}
COMMAND: POST /session/9f4c84e4ae75e749cefc69cbdd96fe2c/execute/sync - {"script":"<script> [56 bytes]","args":[{"element-6066-11e4-a52e-4f735466cecf":"f.92C64C74BFFB4A8B431616FE9F273F76.d.B10E8AE72420666B02C3D86FC756F1AB.e.3719","ELEMENT":"f.92C64C74BFFB4A8B431616FE9F273F76.d.B10E8AE72420666B02C3D86FC756F1AB.e.3719"}]}
RESULT: {"script":"<script> [56 bytes]","args":[{"element-6066-11e4-a52e-4f735466cecf":"f.92C64C74BFFB4A8B431616FE9F273F76.d.B10E8AE72420666B02C3D86FC756F1AB.e.3719","ELEMENT":"f.92C64C74BFFB4A8B431616FE9F273F76.d.B10E8AE72420666B02C3D86FC756F1AB.e.3719"}]}
COMMAND: POST /session/9f4c84e4ae75e749cefc69cbdd96fe2c/element - {"using":"css selector","value":"#shell-header-logo"}
COMMAND: GET /session/9f4c84e4ae75e749cefc69cbdd96fe2c/screenshot - {}
RESULT: {"using":"css selector","value":"#shell-header-logo"}
COMMAND: POST /session/9f4c84e4ae75e749cefc69cbdd96fe2c/element/f.92C64C74BFFB4A8B431616FE9F273F76.d.B10E8AE72420666B02C3D86FC756F1AB.e.2869/click - {}
RESULT: {}
RESULT: {}
COMMAND: GET /session/9f4c84e4ae75e749cefc69cbdd96fe2c/screenshot - {}
RESULT: {}
]]></system-out>
    </testcase>
    <testcase classname="chrome.136_0_7103_93.windows.Billing_confirm_US117289" name="Should create new condition for equipment" time="73.186">
      <system-out><![CDATA[
COMMAND: POST /session/9f4c84e4ae75e749cefc69cbdd96fe2c/execute/async - {"script":"<script> [1562 bytes]","args":[{"selector":{"controlType":"sap.m.GenericTile","properties":{"header":"Manage Conditions & Prices"}},"wdio_ui5_key":"sapm.GenericTile{\"header\":\"Manage Conditions & Prices\"}"}]}
RESULT: {"script":"<script> [1562 bytes]","args":[{"selector":{"controlType":"sap.m.GenericTile","properties":{"header":"Manage Conditions & Prices"}},"wdio_ui5_key":"sapm.GenericTile{\"header\":\"Manage Conditions & Prices\"}"}]}
RESULT: undefined
COMMAND: POST /session/9f4c84e4ae75e749cefc69cbdd96fe2c/element - {"using":"xpath","value":"//*[@id=\"__tile93\"]"}
RESULT: {"using":"xpath","value":"//*[@id=\"__tile93\"]"}
COMMAND: POST /session/9f4c84e4ae75e749cefc69cbdd96fe2c/element/f.92C64C74BFFB4A8B431616FE9F273F76.d.B10E8AE72420666B02C3D86FC756F1AB.e.2853/click - {}
RESULT: {}
COMMAND: GET /session/9f4c84e4ae75e749cefc69cbdd96fe2c/screenshot - {}
RESULT: {}
COMMAND: POST /session/9f4c84e4ae75e749cefc69cbdd96fe2c/elements - {"using":"xpath","value":"//span[text()='Error']"}
RESULT: {"using":"xpath","value":"//span[text()='Error']"}
COMMAND: POST /session/9f4c84e4ae75e749cefc69cbdd96fe2c/element - {"using":"xpath","value":"//button[@aria-label=\"Create\"]"}
RESULT: {"using":"xpath","value":"//button[@aria-label=\"Create\"]"}
COMMAND: POST /session/9f4c84e4ae75e749cefc69cbdd96fe2c/elements - {"using":"xpath","value":"//button[@aria-label=\"Create\"]"}
RESULT: {"using":"xpath","value":"//button[@aria-label=\"Create\"]"}
COMMAND: POST /session/9f4c84e4ae75e749cefc69cbdd96fe2c/elements - {"using":"xpath","value":"//button[@aria-label=\"Create\"]"}
RESULT: {"using":"xpath","value":"//button[@aria-label=\"Create\"]"}
COMMAND: POST /session/9f4c84e4ae75e749cefc69cbdd96fe2c/element - {"using":"xpath","value":"//button[@aria-label=\"Create\"]"}
RESULT: {"using":"xpath","value":"//button[@aria-label=\"Create\"]"}
COMMAND: POST /session/9f4c84e4ae75e749cefc69cbdd96fe2c/execute/sync - {"script":"<script> [8489 bytes]","args":[{"element-6066-11e4-a52e-4f735466cecf":"f.92C64C74BFFB4A8B431616FE9F273F76.d.B10E8AE72420666B02C3D86FC756F1AB.e.3760","ELEMENT":"f.92C64C74BFFB4A8B431616FE9F273F76.d.B10E8AE72420666B02C3D86FC756F1AB.e.3760"}]}
RESULT: {"script":"<script> [8489 bytes]","args":[{"element-6066-11e4-a52e-4f735466cecf":"f.92C64C74BFFB4A8B431616FE9F273F76.d.B10E8AE72420666B02C3D86FC756F1AB.e.3760","ELEMENT":"f.92C64C74BFFB4A8B431616FE9F273F76.d.B10E8AE72420666B02C3D86FC756F1AB.e.3760"}]}
COMMAND: GET /session/9f4c84e4ae75e749cefc69cbdd96fe2c/element/f.92C64C74BFFB4A8B431616FE9F273F76.d.B10E8AE72420666B02C3D86FC756F1AB.e.3760/enabled - {}
COMMAND: GET /session/9f4c84e4ae75e749cefc69cbdd96fe2c/screenshot - {}
RESULT: {}
COMMAND: POST /session/9f4c84e4ae75e749cefc69cbdd96fe2c/execute/sync - {"script":"<script> [8489 bytes]","args":[{"element-6066-11e4-a52e-4f735466cecf":"f.92C64C74BFFB4A8B431616FE9F273F76.d.B10E8AE72420666B02C3D86FC756F1AB.e.3760","ELEMENT":"f.92C64C74BFFB4A8B431616FE9F273F76.d.B10E8AE72420666B02C3D86FC756F1AB.e.3760"}]}
COMMAND: GET /session/9f4c84e4ae75e749cefc69cbdd96fe2c/screenshot - {}
RESULT: {}
RESULT: {"script":"<script> [8489 bytes]","args":[{"element-6066-11e4-a52e-4f735466cecf":"f.92C64C74BFFB4A8B431616FE9F273F76.d.B10E8AE72420666B02C3D86FC756F1AB.e.3760","ELEMENT":"f.92C64C74BFFB4A8B431616FE9F273F76.d.B10E8AE72420666B02C3D86FC756F1AB.e.3760"}]}
COMMAND: POST /session/9f4c84e4ae75e749cefc69cbdd96fe2c/execute/sync - {"script":"<script> [5351 bytes]","args":[{"element-6066-11e4-a52e-4f735466cecf":"f.92C64C74BFFB4A8B431616FE9F273F76.d.B10E8AE72420666B02C3D86FC756F1AB.e.3760","ELEMENT":"f.92C64C74BFFB4A8B431616FE9F273F76.d.B10E8AE72420666B02C3D86FC756F1AB.e.3760"}]}
COMMAND: GET /session/9f4c84e4ae75e749cefc69cbdd96fe2c/screenshot - {}
RESULT: {}
RESULT: {"script":"<script> [5351 bytes]","args":[{"element-6066-11e4-a52e-4f735466cecf":"f.92C64C74BFFB4A8B431616FE9F273F76.d.B10E8AE72420666B02C3D86FC756F1AB.e.3760","ELEMENT":"f.92C64C74BFFB4A8B431616FE9F273F76.d.B10E8AE72420666B02C3D86FC756F1AB.e.3760"}]}
COMMAND: POST /session/9f4c84e4ae75e749cefc69cbdd96fe2c/element/f.92C64C74BFFB4A8B431616FE9F273F76.d.B10E8AE72420666B02C3D86FC756F1AB.e.3760/click - {}
COMMAND: GET /session/9f4c84e4ae75e749cefc69cbdd96fe2c/screenshot - {}
RESULT: {}
RESULT: {}
COMMAND: GET /session/9f4c84e4ae75e749cefc69cbdd96fe2c/screenshot - {}
RESULT: {}
RESULT: {}
COMMAND: POST /session/9f4c84e4ae75e749cefc69cbdd96fe2c/actions - {"actions":[{"id":"action14","type":"key","parameters":{},"actions":[{"type":"keyDown","value":""},{"type":"pause","duration":10},{"type":"keyUp","value":""}]}]}
RESULT: {"actions":[{"id":"action14","type":"key","parameters":{},"actions":[{"type":"keyDown","value":""},{"type":"pause","duration":10},{"type":"keyUp","value":""}]}]}
COMMAND: GET /session/9f4c84e4ae75e749cefc69cbdd96fe2c/screenshot - {}
RESULT: {}
COMMAND: POST /session/9f4c84e4ae75e749cefc69cbdd96fe2c/execute/async - {"script":"<script> [1562 bytes]","args":[{"selector":{"id":"application-manageconditionprice-display-component---newCondition--condBillCond-arrow"},"wdio_ui5_key":"applicationmanageconditionprice-display-component---newCondition--condBillCond-arrow"}]}
RESULT: {"script":"<script> [1562 bytes]","args":[{"selector":{"id":"application-manageconditionprice-display-component---newCondition--condBillCond-arrow"},"wdio_ui5_key":"applicationmanageconditionprice-display-component---newCondition--condBillCond-arrow"}]}
RESULT: undefined
COMMAND: POST /session/9f4c84e4ae75e749cefc69cbdd96fe2c/element - {"using":"xpath","value":"//*[@id=\"application-manageconditionprice-display-component---newCondition--condBillCond-arrow\"]"}
RESULT: {"using":"xpath","value":"//*[@id=\"application-manageconditionprice-display-component---newCondition--condBillCond-arrow\"]"}
COMMAND: POST /session/9f4c84e4ae75e749cefc69cbdd96fe2c/element/f.92C64C74BFFB4A8B431616FE9F273F76.d.B10E8AE72420666B02C3D86FC756F1AB.e.3973/click - {}
RESULT: {}
COMMAND: GET /session/9f4c84e4ae75e749cefc69cbdd96fe2c/screenshot - {}
RESULT: {}
COMMAND: POST /session/9f4c84e4ae75e749cefc69cbdd96fe2c/element - {"using":"xpath","value":"//li[.//span[contains(text(), \"DISP - D&I special price\")]]"}
RESULT: {"using":"xpath","value":"//li[.//span[contains(text(), \"DISP - D&I special price\")]]"}
COMMAND: POST /session/9f4c84e4ae75e749cefc69cbdd96fe2c/element/f.92C64C74BFFB4A8B431616FE9F273F76.d.B10E8AE72420666B02C3D86FC756F1AB.e.3976/click - {}
RESULT: {}
COMMAND: GET /session/9f4c84e4ae75e749cefc69cbdd96fe2c/screenshot - {}
RESULT: {}
COMMAND: POST /session/9f4c84e4ae75e749cefc69cbdd96fe2c/execute/async - {"script":"<script> [1562 bytes]","args":[{"selector":{"id":"application-manageconditionprice-display-component---newCondition--condValidTo","interaction":{"idSuffix":"inner"}},"wdio_ui5_key":"applicationmanageconditionprice-display-component---newCondition--condValidTo"}]}
RESULT: {"script":"<script> [1562 bytes]","args":[{"selector":{"id":"application-manageconditionprice-display-component---newCondition--condValidTo","interaction":{"idSuffix":"inner"}},"wdio_ui5_key":"applicationmanageconditionprice-display-component---newCondition--condValidTo"}]}
RESULT: undefined
COMMAND: POST /session/9f4c84e4ae75e749cefc69cbdd96fe2c/execute/async - {"script":"<script> [776 bytes]","args":[{"enterText":"1/28/26","selector":{"id":"application-manageconditionprice-display-component---newCondition--condValidTo","interaction":{"idSuffix":"inner"}},"clearTextFirst":true,"interactionType":"ENTER_TEXT"}]}
RESULT: {"script":"<script> [776 bytes]","args":[{"enterText":"1/28/26","selector":{"id":"application-manageconditionprice-display-component---newCondition--condValidTo","interaction":{"idSuffix":"inner"}},"clearTextFirst":true,"interactionType":"ENTER_TEXT"}]}
COMMAND: POST /session/9f4c84e4ae75e749cefc69cbdd96fe2c/element - {"using":"xpath","value":"//input[@id=\"application-manageconditionprice-display-component---newCondition--condRU-inner\"]"}
RESULT: {"using":"xpath","value":"//input[@id=\"application-manageconditionprice-display-component---newCondition--condRU-inner\"]"}
COMMAND: POST /session/9f4c84e4ae75e749cefc69cbdd96fe2c/element/f.92C64C74BFFB4A8B431616FE9F273F76.d.B10E8AE72420666B02C3D86FC756F1AB.e.3839/clear - {}
RESULT: {}
COMMAND: POST /session/9f4c84e4ae75e749cefc69cbdd96fe2c/element/f.92C64C74BFFB4A8B431616FE9F273F76.d.B10E8AE72420666B02C3D86FC756F1AB.e.3839/value - {"text":"sa7QYRloev"}
COMMAND: GET /session/9f4c84e4ae75e749cefc69cbdd96fe2c/screenshot - {}
RESULT: {"text":"sa7QYRloev"}
COMMAND: GET /session/9f4c84e4ae75e749cefc69cbdd96fe2c/screenshot - {}
RESULT: {}
RESULT: {}
COMMAND: POST /session/9f4c84e4ae75e749cefc69cbdd96fe2c/actions - {"actions":[{"id":"action15","type":"key","parameters":{},"actions":[{"type":"keyDown","value":""},{"type":"pause","duration":10},{"type":"keyUp","value":""}]}]}
RESULT: {"actions":[{"id":"action15","type":"key","parameters":{},"actions":[{"type":"keyDown","value":""},{"type":"pause","duration":10},{"type":"keyUp","value":""}]}]}
COMMAND: POST /session/9f4c84e4ae75e749cefc69cbdd96fe2c/execute/async - {"script":"<script> [1562 bytes]","args":[{"selector":{"id":"application-manageconditionprice-display-component---newCondition--condBaseQty","interaction":{"idSuffix":"inner"}},"wdio_ui5_key":"applicationmanageconditionprice-display-component---newCondition--condBaseQty"}]}
COMMAND: GET /session/9f4c84e4ae75e749cefc69cbdd96fe2c/screenshot - {}
RESULT: {"script":"<script> [1562 bytes]","args":[{"selector":{"id":"application-manageconditionprice-display-component---newCondition--condBaseQty","interaction":{"idSuffix":"inner"}},"wdio_ui5_key":"applicationmanageconditionprice-display-component---newCondition--condBaseQty"}]}
RESULT: undefined
COMMAND: POST /session/9f4c84e4ae75e749cefc69cbdd96fe2c/execute/async - {"script":"<script> [776 bytes]","args":[{"enterText":"1","selector":{"id":"application-manageconditionprice-display-component---newCondition--condBaseQty","interaction":{"idSuffix":"inner"}},"clearTextFirst":true,"interactionType":"ENTER_TEXT"}]}
RESULT: {}
RESULT: {"script":"<script> [776 bytes]","args":[{"enterText":"1","selector":{"id":"application-manageconditionprice-display-component---newCondition--condBaseQty","interaction":{"idSuffix":"inner"}},"clearTextFirst":true,"interactionType":"ENTER_TEXT"}]}
COMMAND: POST /session/9f4c84e4ae75e749cefc69cbdd96fe2c/execute/async - {"script":"<script> [1562 bytes]","args":[{"selector":{"id":"application-manageconditionprice-display-component---newCondition--condValue","interaction":{"idSuffix":"inner"}},"wdio_ui5_key":"applicationmanageconditionprice-display-component---newCondition--condValue"}]}
RESULT: {"script":"<script> [1562 bytes]","args":[{"selector":{"id":"application-manageconditionprice-display-component---newCondition--condValue","interaction":{"idSuffix":"inner"}},"wdio_ui5_key":"applicationmanageconditionprice-display-component---newCondition--condValue"}]}
RESULT: undefined
COMMAND: POST /session/9f4c84e4ae75e749cefc69cbdd96fe2c/execute/async - {"script":"<script> [776 bytes]","args":[{"enterText":"100","selector":{"id":"application-manageconditionprice-display-component---newCondition--condValue","interaction":{"idSuffix":"inner"}},"clearTextFirst":true,"interactionType":"ENTER_TEXT"}]}
RESULT: {"script":"<script> [776 bytes]","args":[{"enterText":"100","selector":{"id":"application-manageconditionprice-display-component---newCondition--condValue","interaction":{"idSuffix":"inner"}},"clearTextFirst":true,"interactionType":"ENTER_TEXT"}]}
COMMAND: POST /session/9f4c84e4ae75e749cefc69cbdd96fe2c/execute/async - {"script":"<script> [1562 bytes]","args":[{"selector":{"id":"application-manageconditionprice-display-component---newCondition--condCurr-arrow"},"wdio_ui5_key":"applicationmanageconditionprice-display-component---newCondition--condCurr-arrow"}]}
RESULT: {"script":"<script> [1562 bytes]","args":[{"selector":{"id":"application-manageconditionprice-display-component---newCondition--condCurr-arrow"},"wdio_ui5_key":"applicationmanageconditionprice-display-component---newCondition--condCurr-arrow"}]}
RESULT: undefined
COMMAND: POST /session/9f4c84e4ae75e749cefc69cbdd96fe2c/element - {"using":"xpath","value":"//*[@id=\"application-manageconditionprice-display-component---newCondition--condCurr-arrow\"]"}
RESULT: {"using":"xpath","value":"//*[@id=\"application-manageconditionprice-display-component---newCondition--condCurr-arrow\"]"}
COMMAND: POST /session/9f4c84e4ae75e749cefc69cbdd96fe2c/element/f.92C64C74BFFB4A8B431616FE9F273F76.d.B10E8AE72420666B02C3D86FC756F1AB.e.3957/click - {}
RESULT: {}
COMMAND: POST /session/9f4c84e4ae75e749cefc69cbdd96fe2c/element - {"using":"xpath","value":"//span[contains(text(), \"Euro\")]"}
COMMAND: GET /session/9f4c84e4ae75e749cefc69cbdd96fe2c/screenshot - {}
RESULT: {"using":"xpath","value":"//span[contains(text(), \"Euro\")]"}
COMMAND: POST /session/9f4c84e4ae75e749cefc69cbdd96fe2c/element/f.92C64C74BFFB4A8B431616FE9F273F76.d.B10E8AE72420666B02C3D86FC756F1AB.e.4013/click - {}
RESULT: {}
RESULT: {}
COMMAND: POST /session/9f4c84e4ae75e749cefc69cbdd96fe2c/element - {"using":"xpath","value":"//button[@data-kt=\"saveButton\"]"}
COMMAND: GET /session/9f4c84e4ae75e749cefc69cbdd96fe2c/screenshot - {}
RESULT: {"using":"xpath","value":"//button[@data-kt=\"saveButton\"]"}
COMMAND: POST /session/9f4c84e4ae75e749cefc69cbdd96fe2c/element/f.92C64C74BFFB4A8B431616FE9F273F76.d.B10E8AE72420666B02C3D86FC756F1AB.e.3958/click - {}
RESULT: {}
RESULT: {}
COMMAND: GET /session/9f4c84e4ae75e749cefc69cbdd96fe2c/screenshot - {}
RESULT: {}
COMMAND: POST /session/9f4c84e4ae75e749cefc69cbdd96fe2c/execute/async - {"script":"<script> [1562 bytes]","args":[{"selector":{"id":"application-manageconditionprice-display-component---conditions--smartFilterBar-btnBasicSearch","interaction":{"idSuffix":"I"}},"wdio_ui5_key":"applicationmanageconditionprice-display-component---conditions--smartFilterBar-btnBasicSearch"}]}
RESULT: {"script":"<script> [1562 bytes]","args":[{"selector":{"id":"application-manageconditionprice-display-component---conditions--smartFilterBar-btnBasicSearch","interaction":{"idSuffix":"I"}},"wdio_ui5_key":"applicationmanageconditionprice-display-component---conditions--smartFilterBar-btnBasicSearch"}]}
RESULT: undefined
COMMAND: POST /session/9f4c84e4ae75e749cefc69cbdd96fe2c/execute/async - {"script":"<script> [776 bytes]","args":[{"enterText":"sa7QYRloev","selector":{"id":"application-manageconditionprice-display-component---conditions--smartFilterBar-btnBasicSearch","interaction":{"idSuffix":"I"}},"clearTextFirst":true,"interactionType":"ENTER_TEXT"}]}
RESULT: {"script":"<script> [776 bytes]","args":[{"enterText":"sa7QYRloev","selector":{"id":"application-manageconditionprice-display-component---conditions--smartFilterBar-btnBasicSearch","interaction":{"idSuffix":"I"}},"clearTextFirst":true,"interactionType":"ENTER_TEXT"}]}
COMMAND: POST /session/9f4c84e4ae75e749cefc69cbdd96fe2c/actions - {"actions":[{"id":"action16","type":"key","parameters":{},"actions":[{"type":"keyDown","value":""},{"type":"pause","duration":10},{"type":"keyUp","value":""}]}]}
RESULT: {"actions":[{"id":"action16","type":"key","parameters":{},"actions":[{"type":"keyDown","value":""},{"type":"pause","duration":10},{"type":"keyUp","value":""}]}]}
COMMAND: GET /session/9f4c84e4ae75e749cefc69cbdd96fe2c/screenshot - {}
RESULT: {}
COMMAND: POST /session/9f4c84e4ae75e749cefc69cbdd96fe2c/execute/async - {"script":"<script> [1562 bytes]","args":[{"selector":{"id":"application-manageconditionprice-display-component---conditions--smartFilterBar-filterItemControl_BASIC-BILL_TYPES-vhi"},"wdio_ui5_key":"applicationmanageconditionprice-display-component---conditions--smartFilterBar-filterItemControl_BASIC-BILL_TYPES-vhi"}]}
RESULT: {"script":"<script> [1562 bytes]","args":[{"selector":{"id":"application-manageconditionprice-display-component---conditions--smartFilterBar-filterItemControl_BASIC-BILL_TYPES-vhi"},"wdio_ui5_key":"applicationmanageconditionprice-display-component---conditions--smartFilterBar-filterItemControl_BASIC-BILL_TYPES-vhi"}]}
RESULT: undefined
COMMAND: POST /session/9f4c84e4ae75e749cefc69cbdd96fe2c/element - {"using":"xpath","value":"//*[@id=\"application-manageconditionprice-display-component---conditions--smartFilterBar-filterItemControl_BASIC-BILL_TYPES-vhi\"]"}
RESULT: {"using":"xpath","value":"//*[@id=\"application-manageconditionprice-display-component---conditions--smartFilterBar-filterItemControl_BASIC-BILL_TYPES-vhi\"]"}
COMMAND: POST /session/9f4c84e4ae75e749cefc69cbdd96fe2c/element/f.92C64C74BFFB4A8B431616FE9F273F76.d.B10E8AE72420666B02C3D86FC756F1AB.e.4029/click - {}
RESULT: {}
COMMAND: POST /session/9f4c84e4ae75e749cefc69cbdd96fe2c/execute/async - {"script":"<script> [1562 bytes]","args":[{"selector":{"id":"application-manageconditionprice-display-component---conditions--smartFilterBar-filterItemControl_BASIC-BILL_TYPES-valueHelpDialog-smartFilterBar-btnBasicSearch","searchOpenDialogs":true,"interaction":{"idSuffix":"I"}},"wdio_ui5_key":"applicationmanageconditionprice-display-component---conditions--smartFilterBar-filterItemControl_BASIC-BILL_TYPES-valueHelpDialog-smartFilterBar-btnBasicSearch"}]}
COMMAND: GET /session/9f4c84e4ae75e749cefc69cbdd96fe2c/screenshot - {}
RESULT: {"script":"<script> [1562 bytes]","args":[{"selector":{"id":"application-manageconditionprice-display-component---conditions--smartFilterBar-filterItemControl_BASIC-BILL_TYPES-valueHelpDialog-smartFilterBar-btnBasicSearch","searchOpenDialogs":true,"interaction":{"idSuffix":"I"}},"wdio_ui5_key":"applicationmanageconditionprice-display-component---conditions--smartFilterBar-filterItemControl_BASIC-BILL_TYPES-valueHelpDialog-smartFilterBar-btnBasicSearch"}]}
RESULT: undefined
COMMAND: POST /session/9f4c84e4ae75e749cefc69cbdd96fe2c/execute/async - {"script":"<script> [776 bytes]","args":[{"enterText":"TB","selector":{"id":"application-manageconditionprice-display-component---conditions--smartFilterBar-filterItemControl_BASIC-BILL_TYPES-valueHelpDialog-smartFilterBar-btnBasicSearch","searchOpenDialogs":true,"interaction":{"idSuffix":"I"}},"clearTextFirst":true,"interactionType":"ENTER_TEXT"}]}
RESULT: {}
RESULT: {"script":"<script> [776 bytes]","args":[{"enterText":"TB","selector":{"id":"application-manageconditionprice-display-component---conditions--smartFilterBar-filterItemControl_BASIC-BILL_TYPES-valueHelpDialog-smartFilterBar-btnBasicSearch","searchOpenDialogs":true,"interaction":{"idSuffix":"I"}},"clearTextFirst":true,"interactionType":"ENTER_TEXT"}]}
COMMAND: POST /session/9f4c84e4ae75e749cefc69cbdd96fe2c/actions - {"actions":[{"id":"action17","type":"key","parameters":{},"actions":[{"type":"keyDown","value":""},{"type":"pause","duration":10},{"type":"keyUp","value":""}]}]}
RESULT: {"actions":[{"id":"action17","type":"key","parameters":{},"actions":[{"type":"keyDown","value":""},{"type":"pause","duration":10},{"type":"keyUp","value":""}]}]}
COMMAND: GET /session/9f4c84e4ae75e749cefc69cbdd96fe2c/screenshot - {}
RESULT: {}
COMMAND: POST /session/9f4c84e4ae75e749cefc69cbdd96fe2c/element - {"using":"xpath","value":"//div[contains(@id, 'application-manageconditionprice-display-component---conditions--smartFilterBar-filterItemControl_BASIC-BILL_TYPES-valueHelpDialog-table-rowsel0')]"}
RESULT: {"using":"xpath","value":"//div[contains(@id, 'application-manageconditionprice-display-component---conditions--smartFilterBar-filterItemControl_BASIC-BILL_TYPES-valueHelpDialog-table-rowsel0')]"}
COMMAND: POST /session/9f4c84e4ae75e749cefc69cbdd96fe2c/element/f.92C64C74BFFB4A8B431616FE9F273F76.d.B10E8AE72420666B02C3D86FC756F1AB.e.4038/click - {}
RESULT: {}
COMMAND: GET /session/9f4c84e4ae75e749cefc69cbdd96fe2c/screenshot - {}
RESULT: {}
COMMAND: POST /session/9f4c84e4ae75e749cefc69cbdd96fe2c/element - {"using":"xpath","value":"//bdi[contains(text(), \"OK\")]"}
RESULT: {"using":"xpath","value":"//bdi[contains(text(), \"OK\")]"}
COMMAND: POST /session/9f4c84e4ae75e749cefc69cbdd96fe2c/element/f.92C64C74BFFB4A8B431616FE9F273F76.d.B10E8AE72420666B02C3D86FC756F1AB.e.4040/click - {}
RESULT: {}
COMMAND: GET /session/9f4c84e4ae75e749cefc69cbdd96fe2c/screenshot - {}
RESULT: {}
COMMAND: POST /session/9f4c84e4ae75e749cefc69cbdd96fe2c/element - {"using":"xpath","value":"//span[@id=\"application-manageconditionprice-display-component---conditions--smartTable-header-inner\"]"}
RESULT: {"using":"xpath","value":"//span[@id=\"application-manageconditionprice-display-component---conditions--smartTable-header-inner\"]"}
COMMAND: POST /session/9f4c84e4ae75e749cefc69cbdd96fe2c/elements - {"using":"xpath","value":"//span[@id=\"application-manageconditionprice-display-component---conditions--smartTable-header-inner\"]"}
RESULT: {"using":"xpath","value":"//span[@id=\"application-manageconditionprice-display-component---conditions--smartTable-header-inner\"]"}
COMMAND: POST /session/9f4c84e4ae75e749cefc69cbdd96fe2c/execute/sync - {"script":"<script> [56 bytes]","args":[{"element-6066-11e4-a52e-4f735466cecf":"f.92C64C74BFFB4A8B431616FE9F273F76.d.B10E8AE72420666B02C3D86FC756F1AB.e.4043","ELEMENT":"f.92C64C74BFFB4A8B431616FE9F273F76.d.B10E8AE72420666B02C3D86FC756F1AB.e.4043"}]}
RESULT: {"script":"<script> [56 bytes]","args":[{"element-6066-11e4-a52e-4f735466cecf":"f.92C64C74BFFB4A8B431616FE9F273F76.d.B10E8AE72420666B02C3D86FC756F1AB.e.4043","ELEMENT":"f.92C64C74BFFB4A8B431616FE9F273F76.d.B10E8AE72420666B02C3D86FC756F1AB.e.4043"}]}
COMMAND: POST /session/9f4c84e4ae75e749cefc69cbdd96fe2c/element - {"using":"css selector","value":"#shell-header-logo"}
COMMAND: GET /session/9f4c84e4ae75e749cefc69cbdd96fe2c/screenshot - {}
RESULT: {"using":"css selector","value":"#shell-header-logo"}
COMMAND: POST /session/9f4c84e4ae75e749cefc69cbdd96fe2c/element/f.92C64C74BFFB4A8B431616FE9F273F76.d.B10E8AE72420666B02C3D86FC756F1AB.e.3723/click - {}
RESULT: {}
RESULT: {}
COMMAND: GET /session/9f4c84e4ae75e749cefc69cbdd96fe2c/screenshot - {}
RESULT: {}
]]></system-out>
    </testcase>
    <testcase classname="chrome.136_0_7103_93.windows.Billing_confirm_US117289" name="Should do a stock increase" time="98.103">
      <system-out><![CDATA[
COMMAND: POST /session/9f4c84e4ae75e749cefc69cbdd96fe2c/execute/async - {"script":"<script> [1562 bytes]","args":[{"selector":{"controlType":"sap.m.GenericTile","properties":{"header":"Manage Handovers"}},"wdio_ui5_key":"sapm.GenericTile{\"header\":\"Manage Handovers\"}"}]}
RESULT: {"script":"<script> [1562 bytes]","args":[{"selector":{"controlType":"sap.m.GenericTile","properties":{"header":"Manage Handovers"}},"wdio_ui5_key":"sapm.GenericTile{\"header\":\"Manage Handovers\"}"}]}
RESULT: undefined
COMMAND: POST /session/9f4c84e4ae75e749cefc69cbdd96fe2c/element - {"using":"xpath","value":"//*[@id=\"__tile132\"]"}
RESULT: {"using":"xpath","value":"//*[@id=\"__tile132\"]"}
COMMAND: POST /session/9f4c84e4ae75e749cefc69cbdd96fe2c/element/f.92C64C74BFFB4A8B431616FE9F273F76.d.B10E8AE72420666B02C3D86FC756F1AB.e.2817/click - {}
RESULT: {}
COMMAND: GET /session/9f4c84e4ae75e749cefc69cbdd96fe2c/screenshot - {}
RESULT: {}
COMMAND: POST /session/9f4c84e4ae75e749cefc69cbdd96fe2c/elements - {"using":"xpath","value":"//span[text()='Error']"}
RESULT: {"using":"xpath","value":"//span[text()='Error']"}
COMMAND: POST /session/9f4c84e4ae75e749cefc69cbdd96fe2c/element - {"using":"xpath","value":"//button[@data-kt=\"masterHOAddButton\"]"}
RESULT: {"using":"xpath","value":"//button[@data-kt=\"masterHOAddButton\"]"}
COMMAND: POST /session/9f4c84e4ae75e749cefc69cbdd96fe2c/elements - {"using":"xpath","value":"//button[@data-kt=\"masterHOAddButton\"]"}
RESULT: {"using":"xpath","value":"//button[@data-kt=\"masterHOAddButton\"]"}
COMMAND: POST /session/9f4c84e4ae75e749cefc69cbdd96fe2c/elements - {"using":"xpath","value":"//button[@data-kt=\"masterHOAddButton\"]"}
RESULT: {"using":"xpath","value":"//button[@data-kt=\"masterHOAddButton\"]"}
COMMAND: POST /session/9f4c84e4ae75e749cefc69cbdd96fe2c/element - {"using":"xpath","value":"//button[@data-kt=\"masterHOAddButton\"]"}
RESULT: {"using":"xpath","value":"//button[@data-kt=\"masterHOAddButton\"]"}
COMMAND: POST /session/9f4c84e4ae75e749cefc69cbdd96fe2c/execute/sync - {"script":"<script> [8489 bytes]","args":[{"element-6066-11e4-a52e-4f735466cecf":"f.92C64C74BFFB4A8B431616FE9F273F76.d.B10E8AE72420666B02C3D86FC756F1AB.e.4080","ELEMENT":"f.92C64C74BFFB4A8B431616FE9F273F76.d.B10E8AE72420666B02C3D86FC756F1AB.e.4080"}]}
RESULT: {"script":"<script> [8489 bytes]","args":[{"element-6066-11e4-a52e-4f735466cecf":"f.92C64C74BFFB4A8B431616FE9F273F76.d.B10E8AE72420666B02C3D86FC756F1AB.e.4080","ELEMENT":"f.92C64C74BFFB4A8B431616FE9F273F76.d.B10E8AE72420666B02C3D86FC756F1AB.e.4080"}]}
COMMAND: GET /session/9f4c84e4ae75e749cefc69cbdd96fe2c/element/f.92C64C74BFFB4A8B431616FE9F273F76.d.B10E8AE72420666B02C3D86FC756F1AB.e.4080/enabled - {}
COMMAND: GET /session/9f4c84e4ae75e749cefc69cbdd96fe2c/screenshot - {}
RESULT: {}
COMMAND: POST /session/9f4c84e4ae75e749cefc69cbdd96fe2c/execute/sync - {"script":"<script> [8489 bytes]","args":[{"element-6066-11e4-a52e-4f735466cecf":"f.92C64C74BFFB4A8B431616FE9F273F76.d.B10E8AE72420666B02C3D86FC756F1AB.e.4080","ELEMENT":"f.92C64C74BFFB4A8B431616FE9F273F76.d.B10E8AE72420666B02C3D86FC756F1AB.e.4080"}]}
COMMAND: GET /session/9f4c84e4ae75e749cefc69cbdd96fe2c/screenshot - {}
RESULT: {}
RESULT: {"script":"<script> [8489 bytes]","args":[{"element-6066-11e4-a52e-4f735466cecf":"f.92C64C74BFFB4A8B431616FE9F273F76.d.B10E8AE72420666B02C3D86FC756F1AB.e.4080","ELEMENT":"f.92C64C74BFFB4A8B431616FE9F273F76.d.B10E8AE72420666B02C3D86FC756F1AB.e.4080"}]}
COMMAND: POST /session/9f4c84e4ae75e749cefc69cbdd96fe2c/execute/sync - {"script":"<script> [5351 bytes]","args":[{"element-6066-11e4-a52e-4f735466cecf":"f.92C64C74BFFB4A8B431616FE9F273F76.d.B10E8AE72420666B02C3D86FC756F1AB.e.4080","ELEMENT":"f.92C64C74BFFB4A8B431616FE9F273F76.d.B10E8AE72420666B02C3D86FC756F1AB.e.4080"}]}
COMMAND: GET /session/9f4c84e4ae75e749cefc69cbdd96fe2c/screenshot - {}
RESULT: {}
RESULT: {"script":"<script> [5351 bytes]","args":[{"element-6066-11e4-a52e-4f735466cecf":"f.92C64C74BFFB4A8B431616FE9F273F76.d.B10E8AE72420666B02C3D86FC756F1AB.e.4080","ELEMENT":"f.92C64C74BFFB4A8B431616FE9F273F76.d.B10E8AE72420666B02C3D86FC756F1AB.e.4080"}]}
COMMAND: POST /session/9f4c84e4ae75e749cefc69cbdd96fe2c/element/f.92C64C74BFFB4A8B431616FE9F273F76.d.B10E8AE72420666B02C3D86FC756F1AB.e.4080/click - {}
COMMAND: GET /session/9f4c84e4ae75e749cefc69cbdd96fe2c/screenshot - {}
RESULT: {}
RESULT: {}
COMMAND: GET /session/9f4c84e4ae75e749cefc69cbdd96fe2c/screenshot - {}
RESULT: {}
RESULT: {}
COMMAND: POST /session/9f4c84e4ae75e749cefc69cbdd96fe2c/element - {"using":"xpath","value":"//span[contains(@id ,\"AddNewHO--typeSelect-arrow\")]"}
RESULT: {"using":"xpath","value":"//span[contains(@id ,\"AddNewHO--typeSelect-arrow\")]"}
COMMAND: POST /session/9f4c84e4ae75e749cefc69cbdd96fe2c/element/f.92C64C74BFFB4A8B431616FE9F273F76.d.B10E8AE72420666B02C3D86FC756F1AB.e.4438/click - {}
RESULT: {}
COMMAND: GET /session/9f4c84e4ae75e749cefc69cbdd96fe2c/screenshot - {}
RESULT: {}
COMMAND: POST /session/9f4c84e4ae75e749cefc69cbdd96fe2c/element - {"using":"xpath","value":"(//li[contains(text(), \"stock increase yard\")])[1]"}
RESULT: {"using":"xpath","value":"(//li[contains(text(), \"stock increase yard\")])[1]"}
COMMAND: POST /session/9f4c84e4ae75e749cefc69cbdd96fe2c/element/f.92C64C74BFFB4A8B431616FE9F273F76.d.B10E8AE72420666B02C3D86FC756F1AB.e.4439/click - {}
RESULT: {}
COMMAND: GET /session/9f4c84e4ae75e749cefc69cbdd96fe2c/screenshot - {}
RESULT: {}
COMMAND: POST /session/9f4c84e4ae75e749cefc69cbdd96fe2c/execute/async - {"script":"<script> [1562 bytes]","args":[{"selector":{"id":"application-managehandovers-display-component---AddNewHO--dueDate","interaction":{"idSuffix":"inner"}},"wdio_ui5_key":"applicationmanagehandovers-display-component---AddNewHO--dueDate"}]}
RESULT: {"script":"<script> [1562 bytes]","args":[{"selector":{"id":"application-managehandovers-display-component---AddNewHO--dueDate","interaction":{"idSuffix":"inner"}},"wdio_ui5_key":"applicationmanagehandovers-display-component---AddNewHO--dueDate"}]}
RESULT: undefined
COMMAND: POST /session/9f4c84e4ae75e749cefc69cbdd96fe2c/execute/async - {"script":"<script> [6424 bytes]","args":[{"element-6066-11e4-a52e-4f735466cecf":"f.92C64C74BFFB4A8B431616FE9F273F76.d.B10E8AE72420666B02C3D86FC756F1AB.e.4441"},"setValue",["5/28/25"]]}
RESULT: {"script":"<script> [6424 bytes]","args":[{"element-6066-11e4-a52e-4f735466cecf":"f.92C64C74BFFB4A8B431616FE9F273F76.d.B10E8AE72420666B02C3D86FC756F1AB.e.4441"},"setValue",["5/28/25"]]}
COMMAND: POST /session/9f4c84e4ae75e749cefc69cbdd96fe2c/element - {"using":"xpath","value":"//input[@id=\"generalSectionFrg--receiveYard-inner\"]"}
RESULT: {"using":"xpath","value":"//input[@id=\"generalSectionFrg--receiveYard-inner\"]"}
COMMAND: POST /session/9f4c84e4ae75e749cefc69cbdd96fe2c/element/f.92C64C74BFFB4A8B431616FE9F273F76.d.B10E8AE72420666B02C3D86FC756F1AB.e.4447/clear - {}
RESULT: {}
COMMAND: POST /session/9f4c84e4ae75e749cefc69cbdd96fe2c/element/f.92C64C74BFFB4A8B431616FE9F273F76.d.B10E8AE72420666B02C3D86FC756F1AB.e.4447/value - {"text":"429"}
COMMAND: GET /session/9f4c84e4ae75e749cefc69cbdd96fe2c/screenshot - {}
RESULT: {"text":"429"}
COMMAND: GET /session/9f4c84e4ae75e749cefc69cbdd96fe2c/screenshot - {}
RESULT: {}
RESULT: {}
COMMAND: POST /session/9f4c84e4ae75e749cefc69cbdd96fe2c/element - {"using":"xpath","value":"//li[.//span[text()='429']]"}
RESULT: {"using":"xpath","value":"//li[.//span[text()='429']]"}
COMMAND: POST /session/9f4c84e4ae75e749cefc69cbdd96fe2c/element/f.92C64C74BFFB4A8B431616FE9F273F76.d.B10E8AE72420666B02C3D86FC756F1AB.e.4464/click - {}
RESULT: {}
COMMAND: GET /session/9f4c84e4ae75e749cefc69cbdd96fe2c/screenshot - {}
RESULT: {}
COMMAND: POST /session/9f4c84e4ae75e749cefc69cbdd96fe2c/execute/async - {"script":"<script> [1562 bytes]","args":[{"selector":{"id":"application-managehandovers-display-component---AddNewHO--ObjectPageLayout-anchBar-application-managehandovers-display-component---AddNewHO--section4-anchor","interaction":{"idSuffix":"BDI-content"}},"wdio_ui5_key":"applicationmanagehandovers-display-component---AddNewHO--ObjectPageLayout-anchBar-application-managehandovers-display-component---AddNewHO--section4-anchor"}]}
RESULT: {"script":"<script> [1562 bytes]","args":[{"selector":{"id":"application-managehandovers-display-component---AddNewHO--ObjectPageLayout-anchBar-application-managehandovers-display-component---AddNewHO--section4-anchor","interaction":{"idSuffix":"BDI-content"}},"wdio_ui5_key":"applicationmanagehandovers-display-component---AddNewHO--ObjectPageLayout-anchBar-application-managehandovers-display-component---AddNewHO--section4-anchor"}]}
RESULT: undefined
COMMAND: POST /session/9f4c84e4ae75e749cefc69cbdd96fe2c/element - {"using":"xpath","value":"//*[@id=\"application-managehandovers-display-component---AddNewHO--ObjectPageLayout-anchBar-application-managehandovers-display-component---AddNewHO--section4-anchor\"]"}
RESULT: {"using":"xpath","value":"//*[@id=\"application-managehandovers-display-component---AddNewHO--ObjectPageLayout-anchBar-application-managehandovers-display-component---AddNewHO--section4-anchor\"]"}
COMMAND: POST /session/9f4c84e4ae75e749cefc69cbdd96fe2c/element/f.92C64C74BFFB4A8B431616FE9F273F76.d.B10E8AE72420666B02C3D86FC756F1AB.e.4466/click - {}
RESULT: {}
COMMAND: POST /session/9f4c84e4ae75e749cefc69cbdd96fe2c/element - {"using":"xpath","value":"//button[@aria-label=\"Add\"]"}
COMMAND: GET /session/9f4c84e4ae75e749cefc69cbdd96fe2c/screenshot - {}
RESULT: {"using":"xpath","value":"//button[@aria-label=\"Add\"]"}
COMMAND: POST /session/9f4c84e4ae75e749cefc69cbdd96fe2c/element/f.92C64C74BFFB4A8B431616FE9F273F76.d.B10E8AE72420666B02C3D86FC756F1AB.e.4468/click - {}
RESULT: {}
RESULT: {}
COMMAND: GET /session/9f4c84e4ae75e749cefc69cbdd96fe2c/screenshot - {}
RESULT: {}
COMMAND: POST /session/9f4c84e4ae75e749cefc69cbdd96fe2c/execute/async - {"script":"<script> [1562 bytes]","args":[{"selector":{"id":"application-managehandovers-display-component---AddNewHO--smartFilterBar-btnBasicSearch","searchOpenDialogs":true,"interaction":{"idSuffix":"I"}},"wdio_ui5_key":"applicationmanagehandovers-display-component---AddNewHO--smartFilterBar-btnBasicSearch"}]}
RESULT: {"script":"<script> [1562 bytes]","args":[{"selector":{"id":"application-managehandovers-display-component---AddNewHO--smartFilterBar-btnBasicSearch","searchOpenDialogs":true,"interaction":{"idSuffix":"I"}},"wdio_ui5_key":"applicationmanagehandovers-display-component---AddNewHO--smartFilterBar-btnBasicSearch"}]}
RESULT: undefined
COMMAND: POST /session/9f4c84e4ae75e749cefc69cbdd96fe2c/execute/async - {"script":"<script> [776 bytes]","args":[{"enterText":"sa7QYRloev","selector":{"id":"application-managehandovers-display-component---AddNewHO--smartFilterBar-btnBasicSearch","searchOpenDialogs":true,"interaction":{"idSuffix":"I"}},"clearTextFirst":true,"interactionType":"ENTER_TEXT"}]}
RESULT: {"script":"<script> [776 bytes]","args":[{"enterText":"sa7QYRloev","selector":{"id":"application-managehandovers-display-component---AddNewHO--smartFilterBar-btnBasicSearch","searchOpenDialogs":true,"interaction":{"idSuffix":"I"}},"clearTextFirst":true,"interactionType":"ENTER_TEXT"}]}
COMMAND: POST /session/9f4c84e4ae75e749cefc69cbdd96fe2c/actions - {"actions":[{"id":"action18","type":"key","parameters":{},"actions":[{"type":"keyDown","value":""},{"type":"pause","duration":10},{"type":"keyUp","value":""}]}]}
RESULT: {"actions":[{"id":"action18","type":"key","parameters":{},"actions":[{"type":"keyDown","value":""},{"type":"pause","duration":10},{"type":"keyUp","value":""}]}]}
COMMAND: GET /session/9f4c84e4ae75e749cefc69cbdd96fe2c/screenshot - {}
RESULT: {}
COMMAND: POST /session/9f4c84e4ae75e749cefc69cbdd96fe2c/execute/async - {"script":"<script> [1562 bytes]","args":[{"selector":{"id":"application-managehandovers-display-component---AddNewHO--popup-sa","searchOpenDialogs":true,"interaction":{"idSuffix":"CbBg"}},"wdio_ui5_key":"applicationmanagehandovers-display-component---AddNewHO--popup-sa"}]}
RESULT: {"script":"<script> [1562 bytes]","args":[{"selector":{"id":"application-managehandovers-display-component---AddNewHO--popup-sa","searchOpenDialogs":true,"interaction":{"idSuffix":"CbBg"}},"wdio_ui5_key":"applicationmanagehandovers-display-component---AddNewHO--popup-sa"}]}
RESULT: undefined
COMMAND: POST /session/9f4c84e4ae75e749cefc69cbdd96fe2c/element - {"using":"xpath","value":"//*[@id=\"application-managehandovers-display-component---AddNewHO--popup-sa\"]"}
RESULT: {"using":"xpath","value":"//*[@id=\"application-managehandovers-display-component---AddNewHO--popup-sa\"]"}
COMMAND: POST /session/9f4c84e4ae75e749cefc69cbdd96fe2c/element/f.92C64C74BFFB4A8B431616FE9F273F76.d.B10E8AE72420666B02C3D86FC756F1AB.e.4622/click - {}
RESULT: {}
COMMAND: GET /session/9f4c84e4ae75e749cefc69cbdd96fe2c/screenshot - {}
RESULT: {}
COMMAND: POST /session/9f4c84e4ae75e749cefc69cbdd96fe2c/element - {"using":"xpath","value":"//bdi[contains(text(), \"Select\")]"}
RESULT: {"using":"xpath","value":"//bdi[contains(text(), \"Select\")]"}
COMMAND: POST /session/9f4c84e4ae75e749cefc69cbdd96fe2c/element/f.92C64C74BFFB4A8B431616FE9F273F76.d.B10E8AE72420666B02C3D86FC756F1AB.e.4623/click - {}
RESULT: {}
COMMAND: GET /session/9f4c84e4ae75e749cefc69cbdd96fe2c/screenshot - {}
RESULT: {}
COMMAND: POST /session/9f4c84e4ae75e749cefc69cbdd96fe2c/element - {"using":"xpath","value":"//button[@data-kt=\"AddNewHOSaveButton\"]"}
RESULT: {"using":"xpath","value":"//button[@data-kt=\"AddNewHOSaveButton\"]"}
COMMAND: POST /session/9f4c84e4ae75e749cefc69cbdd96fe2c/element/f.92C64C74BFFB4A8B431616FE9F273F76.d.B10E8AE72420666B02C3D86FC756F1AB.e.4627/click - {}
RESULT: {}
COMMAND: GET /session/9f4c84e4ae75e749cefc69cbdd96fe2c/screenshot - {}
RESULT: {}
COMMAND: POST /session/9f4c84e4ae75e749cefc69cbdd96fe2c/execute/async - {"script":"<script> [1562 bytes]","args":[{"selector":{"id":"receiptDatePicker","viewName":"etm.portal.ui.managehandovers.view.DetailExecuteHO","interaction":{"idSuffix":"inner"}},"wdio_ui5_key":"receiptDatePickeretmportal.ui.managehandovers.view.DetailExecuteHO"}]}
RESULT: {"script":"<script> [1562 bytes]","args":[{"selector":{"id":"receiptDatePicker","viewName":"etm.portal.ui.managehandovers.view.DetailExecuteHO","interaction":{"idSuffix":"inner"}},"wdio_ui5_key":"receiptDatePickeretmportal.ui.managehandovers.view.DetailExecuteHO"}]}
RESULT: undefined
COMMAND: POST /session/9f4c84e4ae75e749cefc69cbdd96fe2c/execute/async - {"script":"<script> [6424 bytes]","args":[{"element-6066-11e4-a52e-4f735466cecf":"f.92C64C74BFFB4A8B431616FE9F273F76.d.B10E8AE72420666B02C3D86FC756F1AB.e.4656"},"setValue",["5/28/25"]]}
RESULT: {"script":"<script> [6424 bytes]","args":[{"element-6066-11e4-a52e-4f735466cecf":"f.92C64C74BFFB4A8B431616FE9F273F76.d.B10E8AE72420666B02C3D86FC756F1AB.e.4656"},"setValue",["5/28/25"]]}
COMMAND: POST /session/9f4c84e4ae75e749cefc69cbdd96fe2c/element - {"using":"xpath","value":"//button[@data-kt=\"ReceivingTableConfirmAllButton\"]"}
RESULT: {"using":"xpath","value":"//button[@data-kt=\"ReceivingTableConfirmAllButton\"]"}
COMMAND: POST /session/9f4c84e4ae75e749cefc69cbdd96fe2c/element/f.92C64C74BFFB4A8B431616FE9F273F76.d.B10E8AE72420666B02C3D86FC756F1AB.e.4671/click - {}
RESULT: {}
COMMAND: GET /session/9f4c84e4ae75e749cefc69cbdd96fe2c/screenshot - {}
RESULT: {}
COMMAND: POST /session/9f4c84e4ae75e749cefc69cbdd96fe2c/element - {"using":"xpath","value":"//bdi[contains(text(), \"OK\")]"}
RESULT: {"using":"xpath","value":"//bdi[contains(text(), \"OK\")]"}
COMMAND: POST /session/9f4c84e4ae75e749cefc69cbdd96fe2c/element/f.92C64C74BFFB4A8B431616FE9F273F76.d.B10E8AE72420666B02C3D86FC756F1AB.e.4673/click - {}
RESULT: {}
COMMAND: GET /session/9f4c84e4ae75e749cefc69cbdd96fe2c/screenshot - {}
RESULT: {}
COMMAND: POST /session/9f4c84e4ae75e749cefc69cbdd96fe2c/element - {"using":"xpath","value":"(//bdi[contains(text(), \"Receive\")])[2]"}
RESULT: {"using":"xpath","value":"(//bdi[contains(text(), \"Receive\")])[2]"}
COMMAND: POST /session/9f4c84e4ae75e749cefc69cbdd96fe2c/element/f.92C64C74BFFB4A8B431616FE9F273F76.d.B10E8AE72420666B02C3D86FC756F1AB.e.4675/click - {}
RESULT: {}
COMMAND: GET /session/9f4c84e4ae75e749cefc69cbdd96fe2c/screenshot - {}
RESULT: {}
COMMAND: POST /session/9f4c84e4ae75e749cefc69cbdd96fe2c/element - {"using":"css selector","value":"#shell-header-logo"}
RESULT: {"using":"css selector","value":"#shell-header-logo"}
COMMAND: POST /session/9f4c84e4ae75e749cefc69cbdd96fe2c/element/f.92C64C74BFFB4A8B431616FE9F273F76.d.B10E8AE72420666B02C3D86FC756F1AB.e.4050/click - {}
RESULT: {}
COMMAND: GET /session/9f4c84e4ae75e749cefc69cbdd96fe2c/screenshot - {}
RESULT: {}
]]></system-out>
    </testcase>
    <testcase classname="chrome.136_0_7103_93.windows.Billing_confirm_US117289" name="Should create a new contract" time="66.842">
      <system-out><![CDATA[
COMMAND: POST /session/9f4c84e4ae75e749cefc69cbdd96fe2c/execute/async - {"script":"<script> [1562 bytes]","args":[{"selector":{"controlType":"sap.m.GenericTile","properties":{"header":"Manage Contracts"}},"wdio_ui5_key":"sapm.GenericTile{\"header\":\"Manage Contracts\"}"}]}
RESULT: {"script":"<script> [1562 bytes]","args":[{"selector":{"controlType":"sap.m.GenericTile","properties":{"header":"Manage Contracts"}},"wdio_ui5_key":"sapm.GenericTile{\"header\":\"Manage Contracts\"}"}]}
RESULT: undefined
COMMAND: POST /session/9f4c84e4ae75e749cefc69cbdd96fe2c/element - {"using":"xpath","value":"//*[@id=\"__tile130\"]"}
RESULT: {"using":"xpath","value":"//*[@id=\"__tile130\"]"}
COMMAND: POST /session/9f4c84e4ae75e749cefc69cbdd96fe2c/element/f.92C64C74BFFB4A8B431616FE9F273F76.d.B10E8AE72420666B02C3D86FC756F1AB.e.2806/click - {}
RESULT: {}
COMMAND: GET /session/9f4c84e4ae75e749cefc69cbdd96fe2c/screenshot - {}
RESULT: {}
COMMAND: POST /session/9f4c84e4ae75e749cefc69cbdd96fe2c/elements - {"using":"xpath","value":"//span[text()='Error']"}
RESULT: {"using":"xpath","value":"//span[text()='Error']"}
COMMAND: POST /session/9f4c84e4ae75e749cefc69cbdd96fe2c/element - {"using":"xpath","value":"//button[@data-kt=\"addButton\"]"}
RESULT: {"using":"xpath","value":"//button[@data-kt=\"addButton\"]"}
COMMAND: POST /session/9f4c84e4ae75e749cefc69cbdd96fe2c/elements - {"using":"xpath","value":"//button[@data-kt=\"addButton\"]"}
RESULT: {"using":"xpath","value":"//button[@data-kt=\"addButton\"]"}
COMMAND: POST /session/9f4c84e4ae75e749cefc69cbdd96fe2c/execute/sync - {"script":"<script> [8489 bytes]","args":[{"element-6066-11e4-a52e-4f735466cecf":"f.92C64C74BFFB4A8B431616FE9F273F76.d.B10E8AE72420666B02C3D86FC756F1AB.e.4898","ELEMENT":"f.92C64C74BFFB4A8B431616FE9F273F76.d.B10E8AE72420666B02C3D86FC756F1AB.e.4898"}]}
RESULT: {"script":"<script> [8489 bytes]","args":[{"element-6066-11e4-a52e-4f735466cecf":"f.92C64C74BFFB4A8B431616FE9F273F76.d.B10E8AE72420666B02C3D86FC756F1AB.e.4898","ELEMENT":"f.92C64C74BFFB4A8B431616FE9F273F76.d.B10E8AE72420666B02C3D86FC756F1AB.e.4898"}]}
COMMAND: GET /session/9f4c84e4ae75e749cefc69cbdd96fe2c/element/f.92C64C74BFFB4A8B431616FE9F273F76.d.B10E8AE72420666B02C3D86FC756F1AB.e.4898/enabled - {}
COMMAND: GET /session/9f4c84e4ae75e749cefc69cbdd96fe2c/screenshot - {}
RESULT: {}
COMMAND: POST /session/9f4c84e4ae75e749cefc69cbdd96fe2c/execute/sync - {"script":"<script> [8489 bytes]","args":[{"element-6066-11e4-a52e-4f735466cecf":"f.92C64C74BFFB4A8B431616FE9F273F76.d.B10E8AE72420666B02C3D86FC756F1AB.e.4898","ELEMENT":"f.92C64C74BFFB4A8B431616FE9F273F76.d.B10E8AE72420666B02C3D86FC756F1AB.e.4898"}]}
COMMAND: GET /session/9f4c84e4ae75e749cefc69cbdd96fe2c/screenshot - {}
RESULT: {}
RESULT: {"script":"<script> [8489 bytes]","args":[{"element-6066-11e4-a52e-4f735466cecf":"f.92C64C74BFFB4A8B431616FE9F273F76.d.B10E8AE72420666B02C3D86FC756F1AB.e.4898","ELEMENT":"f.92C64C74BFFB4A8B431616FE9F273F76.d.B10E8AE72420666B02C3D86FC756F1AB.e.4898"}]}
COMMAND: POST /session/9f4c84e4ae75e749cefc69cbdd96fe2c/execute/sync - {"script":"<script> [5351 bytes]","args":[{"element-6066-11e4-a52e-4f735466cecf":"f.92C64C74BFFB4A8B431616FE9F273F76.d.B10E8AE72420666B02C3D86FC756F1AB.e.4898","ELEMENT":"f.92C64C74BFFB4A8B431616FE9F273F76.d.B10E8AE72420666B02C3D86FC756F1AB.e.4898"}]}
COMMAND: GET /session/9f4c84e4ae75e749cefc69cbdd96fe2c/screenshot - {}
RESULT: {}
RESULT: {"script":"<script> [5351 bytes]","args":[{"element-6066-11e4-a52e-4f735466cecf":"f.92C64C74BFFB4A8B431616FE9F273F76.d.B10E8AE72420666B02C3D86FC756F1AB.e.4898","ELEMENT":"f.92C64C74BFFB4A8B431616FE9F273F76.d.B10E8AE72420666B02C3D86FC756F1AB.e.4898"}]}
COMMAND: GET /session/9f4c84e4ae75e749cefc69cbdd96fe2c/screenshot - {}
RESULT: {}
RESULT: {}
COMMAND: POST /session/9f4c84e4ae75e749cefc69cbdd96fe2c/element/f.92C64C74BFFB4A8B431616FE9F273F76.d.B10E8AE72420666B02C3D86FC756F1AB.e.4898/click - {}
RESULT: {}
COMMAND: GET /session/9f4c84e4ae75e749cefc69cbdd96fe2c/screenshot - {}
COMMAND: POST /session/9f4c84e4ae75e749cefc69cbdd96fe2c/execute/async - {"script":"<script> [1562 bytes]","args":[{"selector":{"id":"application-managecontracts-display-component---AddNewContract--projectDescription","interaction":{"idSuffix":"inner"}},"wdio_ui5_key":"applicationmanagecontracts-display-component---AddNewContract--projectDescription"}]}
RESULT: {}
RESULT: {"script":"<script> [1562 bytes]","args":[{"selector":{"id":"application-managecontracts-display-component---AddNewContract--projectDescription","interaction":{"idSuffix":"inner"}},"wdio_ui5_key":"applicationmanagecontracts-display-component---AddNewContract--projectDescription"}]}
RESULT: undefined
COMMAND: POST /session/9f4c84e4ae75e749cefc69cbdd96fe2c/execute/async - {"script":"<script> [776 bytes]","args":[{"enterText":"Contract WDIO","selector":{"id":"application-managecontracts-display-component---AddNewContract--projectDescription","interaction":{"idSuffix":"inner"}},"clearTextFirst":true,"interactionType":"ENTER_TEXT"}]}
RESULT: {"script":"<script> [776 bytes]","args":[{"enterText":"Contract WDIO","selector":{"id":"application-managecontracts-display-component---AddNewContract--projectDescription","interaction":{"idSuffix":"inner"}},"clearTextFirst":true,"interactionType":"ENTER_TEXT"}]}
COMMAND: POST /session/9f4c84e4ae75e749cefc69cbdd96fe2c/element - {"using":"xpath","value":"//input[@id=\"application-managecontracts-display-component---AddNewContract--site-inner\"]"}
RESULT: {"using":"xpath","value":"//input[@id=\"application-managecontracts-display-component---AddNewContract--site-inner\"]"}
COMMAND: POST /session/9f4c84e4ae75e749cefc69cbdd96fe2c/element/f.92C64C74BFFB4A8B431616FE9F273F76.d.B10E8AE72420666B02C3D86FC756F1AB.e.5214/clear - {}
RESULT: {}
COMMAND: POST /session/9f4c84e4ae75e749cefc69cbdd96fe2c/element/f.92C64C74BFFB4A8B431616FE9F273F76.d.B10E8AE72420666B02C3D86FC756F1AB.e.5214/value - {"text":"2209"}
COMMAND: GET /session/9f4c84e4ae75e749cefc69cbdd96fe2c/screenshot - {}
RESULT: {"text":"2209"}
COMMAND: GET /session/9f4c84e4ae75e749cefc69cbdd96fe2c/screenshot - {}
RESULT: {}
RESULT: {}
COMMAND: POST /session/9f4c84e4ae75e749cefc69cbdd96fe2c/element - {"using":"xpath","value":"//li[.//span[text()='2209']]"}
RESULT: {"using":"xpath","value":"//li[.//span[text()='2209']]"}
COMMAND: POST /session/9f4c84e4ae75e749cefc69cbdd96fe2c/element/f.92C64C74BFFB4A8B431616FE9F273F76.d.B10E8AE72420666B02C3D86FC756F1AB.e.5297/click - {}
RESULT: {}
COMMAND: GET /session/9f4c84e4ae75e749cefc69cbdd96fe2c/screenshot - {}
RESULT: {}
COMMAND: POST /session/9f4c84e4ae75e749cefc69cbdd96fe2c/element - {"using":"xpath","value":"//input[@id=\"application-managecontracts-display-component---AddNewContract--yardId-inner\"]"}
RESULT: {"using":"xpath","value":"//input[@id=\"application-managecontracts-display-component---AddNewContract--yardId-inner\"]"}
COMMAND: GET /session/9f4c84e4ae75e749cefc69cbdd96fe2c/element/f.92C64C74BFFB4A8B431616FE9F273F76.d.B10E8AE72420666B02C3D86FC756F1AB.e.5215/property/value - {}
RESULT: {}
COMMAND: POST /session/9f4c84e4ae75e749cefc69cbdd96fe2c/element - {"using":"xpath","value":"//input[@id=\"application-managecontracts-display-component---AddNewContract--customerSelect-inner\"]"}
COMMAND: GET /session/9f4c84e4ae75e749cefc69cbdd96fe2c/screenshot - {}
RESULT: {"using":"xpath","value":"//input[@id=\"application-managecontracts-display-component---AddNewContract--customerSelect-inner\"]"}
COMMAND: POST /session/9f4c84e4ae75e749cefc69cbdd96fe2c/element/f.92C64C74BFFB4A8B431616FE9F273F76.d.B10E8AE72420666B02C3D86FC756F1AB.e.5213/clear - {}
RESULT: {}
RESULT: {}
COMMAND: POST /session/9f4c84e4ae75e749cefc69cbdd96fe2c/element/f.92C64C74BFFB4A8B431616FE9F273F76.d.B10E8AE72420666B02C3D86FC756F1AB.e.5213/value - {"text":"1240"}
COMMAND: GET /session/9f4c84e4ae75e749cefc69cbdd96fe2c/screenshot - {}
RESULT: {"text":"1240"}
COMMAND: GET /session/9f4c84e4ae75e749cefc69cbdd96fe2c/screenshot - {}
RESULT: {}
RESULT: {}
COMMAND: POST /session/9f4c84e4ae75e749cefc69cbdd96fe2c/element - {"using":"xpath","value":"//li[.//span[text()='1240']]"}
RESULT: {"using":"xpath","value":"//li[.//span[text()='1240']]"}
COMMAND: POST /session/9f4c84e4ae75e749cefc69cbdd96fe2c/element/f.92C64C74BFFB4A8B431616FE9F273F76.d.B10E8AE72420666B02C3D86FC756F1AB.e.5300/click - {}
RESULT: {}
COMMAND: GET /session/9f4c84e4ae75e749cefc69cbdd96fe2c/screenshot - {}
RESULT: {}
COMMAND: POST /session/9f4c84e4ae75e749cefc69cbdd96fe2c/element - {"using":"xpath","value":"//button[@data-kt=\"saveButton\"]"}
RESULT: {"using":"xpath","value":"//button[@data-kt=\"saveButton\"]"}
COMMAND: POST /session/9f4c84e4ae75e749cefc69cbdd96fe2c/element/f.92C64C74BFFB4A8B431616FE9F273F76.d.B10E8AE72420666B02C3D86FC756F1AB.e.5290/click - {}
RESULT: {}
COMMAND: GET /session/9f4c84e4ae75e749cefc69cbdd96fe2c/screenshot - {}
RESULT: {}
COMMAND: POST /session/9f4c84e4ae75e749cefc69cbdd96fe2c/element - {"using":"xpath","value":"//span[contains(@id ,\"contractDetailTitleNoExpanded\")]"}
RESULT: {"using":"xpath","value":"//span[contains(@id ,\"contractDetailTitleNoExpanded\")]"}
COMMAND: POST /session/9f4c84e4ae75e749cefc69cbdd96fe2c/elements - {"using":"xpath","value":"//span[contains(@id ,\"contractDetailTitleNoExpanded\")]"}
RESULT: {"using":"xpath","value":"//span[contains(@id ,\"contractDetailTitleNoExpanded\")]"}
COMMAND: POST /session/9f4c84e4ae75e749cefc69cbdd96fe2c/execute/sync - {"script":"<script> [56 bytes]","args":[{"element-6066-11e4-a52e-4f735466cecf":"f.92C64C74BFFB4A8B431616FE9F273F76.d.B10E8AE72420666B02C3D86FC756F1AB.e.5313","ELEMENT":"f.92C64C74BFFB4A8B431616FE9F273F76.d.B10E8AE72420666B02C3D86FC756F1AB.e.5313"}]}
RESULT: {"script":"<script> [56 bytes]","args":[{"element-6066-11e4-a52e-4f735466cecf":"f.92C64C74BFFB4A8B431616FE9F273F76.d.B10E8AE72420666B02C3D86FC756F1AB.e.5313","ELEMENT":"f.92C64C74BFFB4A8B431616FE9F273F76.d.B10E8AE72420666B02C3D86FC756F1AB.e.5313"}]}
COMMAND: GET /session/9f4c84e4ae75e749cefc69cbdd96fe2c/screenshot - {}
RESULT: {}
]]></system-out>
    </testcase>
    <testcase classname="chrome.136_0_7103_93.windows.Billing_confirm_US117289" name="Should add created equipment to contract" time="48.892">
      <system-out><![CDATA[
COMMAND: POST /session/9f4c84e4ae75e749cefc69cbdd96fe2c/element - {"using":"xpath","value":"//button[@data-kt=\"contractDetailEditBtnButton\"]"}
RESULT: {"using":"xpath","value":"//button[@data-kt=\"contractDetailEditBtnButton\"]"}
COMMAND: POST /session/9f4c84e4ae75e749cefc69cbdd96fe2c/element/f.92C64C74BFFB4A8B431616FE9F273F76.d.B10E8AE72420666B02C3D86FC756F1AB.e.5314/click - {}
RESULT: {}
COMMAND: GET /session/9f4c84e4ae75e749cefc69cbdd96fe2c/screenshot - {}
RESULT: {}
COMMAND: POST /session/9f4c84e4ae75e749cefc69cbdd96fe2c/element - {"using":"xpath","value":"(//span[contains(text(), \"Additional Addresses\")])[2]"}
RESULT: {"using":"xpath","value":"(//span[contains(text(), \"Additional Addresses\")])[2]"}
COMMAND: POST /session/9f4c84e4ae75e749cefc69cbdd96fe2c/element/f.92C64C74BFFB4A8B431616FE9F273F76.d.B10E8AE72420666B02C3D86FC756F1AB.e.5369/click - {}
RESULT: {}
COMMAND: GET /session/9f4c84e4ae75e749cefc69cbdd96fe2c/screenshot - {}
RESULT: {}
COMMAND: POST /session/9f4c84e4ae75e749cefc69cbdd96fe2c/element - {"using":"xpath","value":"//button[@data-kt=\"btnAddTableRowOverflowToolbarButton\"]"}
RESULT: {"using":"xpath","value":"//button[@data-kt=\"btnAddTableRowOverflowToolbarButton\"]"}
COMMAND: POST /session/9f4c84e4ae75e749cefc69cbdd96fe2c/element/f.92C64C74BFFB4A8B431616FE9F273F76.d.B10E8AE72420666B02C3D86FC756F1AB.e.5372/click - {}
RESULT: {}
COMMAND: GET /session/9f4c84e4ae75e749cefc69cbdd96fe2c/screenshot - {}
RESULT: {}
COMMAND: POST /session/9f4c84e4ae75e749cefc69cbdd96fe2c/element - {"using":"xpath","value":"//div[(text() = 'Standard Entry' or . = 'Standard Entry')]"}
RESULT: {"using":"xpath","value":"//div[(text() = 'Standard Entry' or . = 'Standard Entry')]"}
COMMAND: POST /session/9f4c84e4ae75e749cefc69cbdd96fe2c/element/f.92C64C74BFFB4A8B431616FE9F273F76.d.B10E8AE72420666B02C3D86FC756F1AB.e.5374/click - {}
RESULT: {}
COMMAND: GET /session/9f4c84e4ae75e749cefc69cbdd96fe2c/screenshot - {}
RESULT: {}
COMMAND: POST /session/9f4c84e4ae75e749cefc69cbdd96fe2c/element - {"using":"xpath","value":"//td[7]/div/div/input"}
RESULT: {"using":"xpath","value":"//td[7]/div/div/input"}
COMMAND: POST /session/9f4c84e4ae75e749cefc69cbdd96fe2c/element/f.92C64C74BFFB4A8B431616FE9F273F76.d.B10E8AE72420666B02C3D86FC756F1AB.e.5383/clear - {}
RESULT: {}
COMMAND: POST /session/9f4c84e4ae75e749cefc69cbdd96fe2c/element/f.92C64C74BFFB4A8B431616FE9F273F76.d.B10E8AE72420666B02C3D86FC756F1AB.e.5383/value - {"text":"sa7QYRloev"}
COMMAND: GET /session/9f4c84e4ae75e749cefc69cbdd96fe2c/screenshot - {}
RESULT: {"text":"sa7QYRloev"}
COMMAND: GET /session/9f4c84e4ae75e749cefc69cbdd96fe2c/screenshot - {}
RESULT: {}
RESULT: {}
COMMAND: POST /session/9f4c84e4ae75e749cefc69cbdd96fe2c/actions - {"actions":[{"id":"action19","type":"key","parameters":{},"actions":[{"type":"keyDown","value":""},{"type":"pause","duration":10},{"type":"keyUp","value":""}]}]}
RESULT: {"actions":[{"id":"action19","type":"key","parameters":{},"actions":[{"type":"keyDown","value":""},{"type":"pause","duration":10},{"type":"keyUp","value":""}]}]}
COMMAND: GET /session/9f4c84e4ae75e749cefc69cbdd96fe2c/screenshot - {}
RESULT: {}
COMMAND: POST /session/9f4c84e4ae75e749cefc69cbdd96fe2c/execute/sync - {"script":"<script> [276 bytes]","args":["No pricing information was found"]}
RESULT: {"script":"<script> [276 bytes]","args":["No pricing information was found"]}
COMMAND: POST /session/9f4c84e4ae75e749cefc69cbdd96fe2c/element - {"using":"xpath","value":"(//button[@data-kt=\"saveButton\"])[2]"}
COMMAND: GET /session/9f4c84e4ae75e749cefc69cbdd96fe2c/screenshot - {}
RESULT: {"using":"xpath","value":"(//button[@data-kt=\"saveButton\"])[2]"}
COMMAND: POST /session/9f4c84e4ae75e749cefc69cbdd96fe2c/element/f.92C64C74BFFB4A8B431616FE9F273F76.d.B10E8AE72420666B02C3D86FC756F1AB.e.5398/click - {}
RESULT: {}
RESULT: {}
COMMAND: GET /session/9f4c84e4ae75e749cefc69cbdd96fe2c/screenshot - {}
RESULT: {}
COMMAND: POST /session/9f4c84e4ae75e749cefc69cbdd96fe2c/execute/sync - {"script":"<script> [276 bytes]","args":["Some contract items are having rental validity exceeding header rental validity"]}
RESULT: {"script":"<script> [276 bytes]","args":["Some contract items are having rental validity exceeding header rental validity"]}
COMMAND: GET /session/9f4c84e4ae75e749cefc69cbdd96fe2c/screenshot - {}
RESULT: {}
COMMAND: POST /session/9f4c84e4ae75e749cefc69cbdd96fe2c/element - {"using":"xpath","value":"//span[contains(@id ,\"contractItemsSmartTable-header-inner\")]"}
RESULT: {"using":"xpath","value":"//span[contains(@id ,\"contractItemsSmartTable-header-inner\")]"}
COMMAND: POST /session/9f4c84e4ae75e749cefc69cbdd96fe2c/elements - {"using":"xpath","value":"//span[contains(@id ,\"contractItemsSmartTable-header-inner\")]"}
RESULT: {"using":"xpath","value":"//span[contains(@id ,\"contractItemsSmartTable-header-inner\")]"}
COMMAND: POST /session/9f4c84e4ae75e749cefc69cbdd96fe2c/execute/sync - {"script":"<script> [56 bytes]","args":[{"element-6066-11e4-a52e-4f735466cecf":"f.92C64C74BFFB4A8B431616FE9F273F76.d.B10E8AE72420666B02C3D86FC756F1AB.e.5405","ELEMENT":"f.92C64C74BFFB4A8B431616FE9F273F76.d.B10E8AE72420666B02C3D86FC756F1AB.e.5405"}]}
RESULT: {"script":"<script> [56 bytes]","args":[{"element-6066-11e4-a52e-4f735466cecf":"f.92C64C74BFFB4A8B431616FE9F273F76.d.B10E8AE72420666B02C3D86FC756F1AB.e.5405","ELEMENT":"f.92C64C74BFFB4A8B431616FE9F273F76.d.B10E8AE72420666B02C3D86FC756F1AB.e.5405"}]}
COMMAND: GET /session/9f4c84e4ae75e749cefc69cbdd96fe2c/screenshot - {}
]]></system-out>
    </testcase>
    <testcase classname="chrome.136_0_7103_93.windows.Billing_confirm_US117289" name="Should do a provide to site handover" time="59.865">
      <system-out><![CDATA[
COMMAND: POST /session/9f4c84e4ae75e749cefc69cbdd96fe2c/element - {"using":"xpath","value":"//button[@data-kt=\"provideButton\"]"}
RESULT: {"using":"xpath","value":"//button[@data-kt=\"provideButton\"]"}
COMMAND: POST /session/9f4c84e4ae75e749cefc69cbdd96fe2c/element/f.92C64C74BFFB4A8B431616FE9F273F76.d.B10E8AE72420666B02C3D86FC756F1AB.e.5406/click - {}
RESULT: {}
RESULT: {}
COMMAND: GET /session/9f4c84e4ae75e749cefc69cbdd96fe2c/screenshot - {}
RESULT: {}
RESULT: undefined
COMMAND: POST /session/9f4c84e4ae75e749cefc69cbdd96fe2c/execute/async - {"script":"<script> [6424 bytes]","args":[{"element-6066-11e4-a52e-4f735466cecf":"f.92C64C74BFFB4A8B431616FE9F273F76.d.B10E8AE72420666B02C3D86FC756F1AB.e.4441"},"setValue",["5/28/25"]]}
COMMAND: POST /session/9f4c84e4ae75e749cefc69cbdd96fe2c/execute/async - {"script":"<script> [1562 bytes]","args":[{"selector":{"id":"application-managehandovers-display-component---AddNewHO--dueDate","interaction":{"idSuffix":"inner"}},"wdio_ui5_key":"applicationmanagehandovers-display-component---AddNewHO--dueDate"}]}
RESULT: {"script":"<script> [1562 bytes]","args":[{"selector":{"id":"application-managehandovers-display-component---AddNewHO--dueDate","interaction":{"idSuffix":"inner"}},"wdio_ui5_key":"applicationmanagehandovers-display-component---AddNewHO--dueDate"}]}
COMMAND: POST /session/9f4c84e4ae75e749cefc69cbdd96fe2c/execute/async - {"script":"<script> [6424 bytes]","args":[{"element-6066-11e4-a52e-4f735466cecf":"f.92C64C74BFFB4A8B431616FE9F273F76.d.B10E8AE72420666B02C3D86FC756F1AB.e.5463"},"setValue",["5/28/25"]]}
RESULT: {"script":"<script> [6424 bytes]","args":[{"element-6066-11e4-a52e-4f735466cecf":"f.92C64C74BFFB4A8B431616FE9F273F76.d.B10E8AE72420666B02C3D86FC756F1AB.e.5463"},"setValue",["5/28/25"]]}
COMMAND: POST /session/9f4c84e4ae75e749cefc69cbdd96fe2c/element - {"using":"xpath","value":"//bdi[contains(text(), \"Instructions\")]"}
RESULT: {"using":"xpath","value":"//bdi[contains(text(), \"Instructions\")]"}
COMMAND: POST /session/9f4c84e4ae75e749cefc69cbdd96fe2c/element/f.92C64C74BFFB4A8B431616FE9F273F76.d.B10E8AE72420666B02C3D86FC756F1AB.e.5591/click - {}
RESULT: {}
COMMAND: GET /session/9f4c84e4ae75e749cefc69cbdd96fe2c/screenshot - {}
RESULT: {}
COMMAND: POST /session/9f4c84e4ae75e749cefc69cbdd96fe2c/element - {"using":"xpath","value":"//button[@data-kt=\"AddNewHOProvideAddItemsButton\"]"}
RESULT: {"using":"xpath","value":"//button[@data-kt=\"AddNewHOProvideAddItemsButton\"]"}
COMMAND: POST /session/9f4c84e4ae75e749cefc69cbdd96fe2c/element/f.92C64C74BFFB4A8B431616FE9F273F76.d.B10E8AE72420666B02C3D86FC756F1AB.e.5595/click - {}
RESULT: {}
COMMAND: GET /session/9f4c84e4ae75e749cefc69cbdd96fe2c/screenshot - {}
RESULT: {}
RESULT: undefined
COMMAND: POST /session/9f4c84e4ae75e749cefc69cbdd96fe2c/element - {"using":"xpath","value":"//*[@id=\"application-managehandovers-display-component---AddNewHO--popup-sa\"]"}
RESULT: {"using":"xpath","value":"//*[@id=\"application-managehandovers-display-component---AddNewHO--popup-sa\"]"}
COMMAND: POST /session/9f4c84e4ae75e749cefc69cbdd96fe2c/element/f.92C64C74BFFB4A8B431616FE9F273F76.d.B10E8AE72420666B02C3D86FC756F1AB.e.5604/click - {}
RESULT: {}
COMMAND: GET /session/9f4c84e4ae75e749cefc69cbdd96fe2c/screenshot - {}
RESULT: {}
COMMAND: POST /session/9f4c84e4ae75e749cefc69cbdd96fe2c/element - {"using":"xpath","value":"//*[contains(@id ,\"BDI-content\")][contains(text(), \"Select\")]"}
RESULT: {"using":"xpath","value":"//*[contains(@id ,\"BDI-content\")][contains(text(), \"Select\")]"}
COMMAND: POST /session/9f4c84e4ae75e749cefc69cbdd96fe2c/element/f.92C64C74BFFB4A8B431616FE9F273F76.d.B10E8AE72420666B02C3D86FC756F1AB.e.5606/click - {}
RESULT: {}
COMMAND: GET /session/9f4c84e4ae75e749cefc69cbdd96fe2c/screenshot - {}
RESULT: {}
COMMAND: POST /session/9f4c84e4ae75e749cefc69cbdd96fe2c/execute/async - {"script":"<script> [1562 bytes]","args":[{"selector":{"id":"application-managehandovers-display-component---AddNewHO--confirmCreationButton","interaction":{"idSuffix":"BDI-content"}},"wdio_ui5_key":"applicationmanagehandovers-display-component---AddNewHO--confirmCreationButton"}]}
RESULT: {"script":"<script> [1562 bytes]","args":[{"selector":{"id":"application-managehandovers-display-component---AddNewHO--confirmCreationButton","interaction":{"idSuffix":"BDI-content"}},"wdio_ui5_key":"applicationmanagehandovers-display-component---AddNewHO--confirmCreationButton"}]}
RESULT: undefined
COMMAND: POST /session/9f4c84e4ae75e749cefc69cbdd96fe2c/element - {"using":"xpath","value":"//*[@id=\"application-managehandovers-display-component---AddNewHO--confirmCreationButton\"]"}
RESULT: {"using":"xpath","value":"//*[@id=\"application-managehandovers-display-component---AddNewHO--confirmCreationButton\"]"}
COMMAND: POST /session/9f4c84e4ae75e749cefc69cbdd96fe2c/element/f.92C64C74BFFB4A8B431616FE9F273F76.d.B10E8AE72420666B02C3D86FC756F1AB.e.5550/click - {}
RESULT: {}
COMMAND: GET /session/9f4c84e4ae75e749cefc69cbdd96fe2c/screenshot - {}
RESULT: {}
COMMAND: POST /session/9f4c84e4ae75e749cefc69cbdd96fe2c/execute/async - {"script":"<script> [1562 bytes]","args":[{"selector":{"id":"issueDatePicker","viewName":"etm.portal.ui.managehandovers.view.DetailExecuteHO","interaction":{"idSuffix":"inner"}},"wdio_ui5_key":"issueDatePickeretmportal.ui.managehandovers.view.DetailExecuteHO"}]}
RESULT: {"script":"<script> [1562 bytes]","args":[{"selector":{"id":"issueDatePicker","viewName":"etm.portal.ui.managehandovers.view.DetailExecuteHO","interaction":{"idSuffix":"inner"}},"wdio_ui5_key":"issueDatePickeretmportal.ui.managehandovers.view.DetailExecuteHO"}]}
RESULT: undefined
COMMAND: POST /session/9f4c84e4ae75e749cefc69cbdd96fe2c/execute/async - {"script":"<script> [776 bytes]","args":[{"enterText":"5/28/25","selector":{"id":"issueDatePicker","viewName":"etm.portal.ui.managehandovers.view.DetailExecuteHO","interaction":{"idSuffix":"inner"}},"clearTextFirst":true,"interactionType":"ENTER_TEXT"}]}
RESULT: {"script":"<script> [776 bytes]","args":[{"enterText":"5/28/25","selector":{"id":"issueDatePicker","viewName":"etm.portal.ui.managehandovers.view.DetailExecuteHO","interaction":{"idSuffix":"inner"}},"clearTextFirst":true,"interactionType":"ENTER_TEXT"}]}
COMMAND: POST /session/9f4c84e4ae75e749cefc69cbdd96fe2c/element - {"using":"xpath","value":"//button[@data-kt=\"PickingTableConfirmAllButton\"]"}
RESULT: {"using":"xpath","value":"//button[@data-kt=\"PickingTableConfirmAllButton\"]"}
COMMAND: POST /session/9f4c84e4ae75e749cefc69cbdd96fe2c/element/f.92C64C74BFFB4A8B431616FE9F273F76.d.B10E8AE72420666B02C3D86FC756F1AB.e.5668/click - {}
RESULT: {}
COMMAND: GET /session/9f4c84e4ae75e749cefc69cbdd96fe2c/screenshot - {}
RESULT: {}
COMMAND: POST /session/9f4c84e4ae75e749cefc69cbdd96fe2c/element - {"using":"xpath","value":"//bdi[contains(text(), \"OK\")]"}
RESULT: {"using":"xpath","value":"//bdi[contains(text(), \"OK\")]"}
COMMAND: POST /session/9f4c84e4ae75e749cefc69cbdd96fe2c/element/f.92C64C74BFFB4A8B431616FE9F273F76.d.B10E8AE72420666B02C3D86FC756F1AB.e.5672/click - {}
RESULT: {}
COMMAND: GET /session/9f4c84e4ae75e749cefc69cbdd96fe2c/screenshot - {}
RESULT: {}
COMMAND: POST /session/9f4c84e4ae75e749cefc69cbdd96fe2c/element - {"using":"xpath","value":"//bdi[contains(text(), \"Issue\")]"}
RESULT: {"using":"xpath","value":"//bdi[contains(text(), \"Issue\")]"}
COMMAND: POST /session/9f4c84e4ae75e749cefc69cbdd96fe2c/element/f.92C64C74BFFB4A8B431616FE9F273F76.d.B10E8AE72420666B02C3D86FC756F1AB.e.5673/click - {}
RESULT: {}
COMMAND: GET /session/9f4c84e4ae75e749cefc69cbdd96fe2c/screenshot - {}
RESULT: {}
COMMAND: POST /session/9f4c84e4ae75e749cefc69cbdd96fe2c/element - {"using":"css selector","value":"#shell-header-logo"}
RESULT: {"using":"css selector","value":"#shell-header-logo"}
COMMAND: POST /session/9f4c84e4ae75e749cefc69cbdd96fe2c/element/f.92C64C74BFFB4A8B431616FE9F273F76.d.B10E8AE72420666B02C3D86FC756F1AB.e.4850/click - {}
RESULT: {}
COMMAND: GET /session/9f4c84e4ae75e749cefc69cbdd96fe2c/screenshot - {}
RESULT: {}
]]></system-out>
    </testcase>
    <testcase classname="chrome.136_0_7103_93.windows.Billing_confirm_US117289" name="Should trigger calculation" time="78.677">
      <system-out><![CDATA[
COMMAND: POST /session/9f4c84e4ae75e749cefc69cbdd96fe2c/execute/async - {"script":"<script> [1562 bytes]","args":[{"selector":{"controlType":"sap.m.GenericTile","properties":{"header":"Manage Billings"}},"wdio_ui5_key":"sapm.GenericTile{\"header\":\"Manage Billings\"}"}]}
RESULT: {"script":"<script> [1562 bytes]","args":[{"selector":{"controlType":"sap.m.GenericTile","properties":{"header":"Manage Billings"}},"wdio_ui5_key":"sapm.GenericTile{\"header\":\"Manage Billings\"}"}]}
RESULT: undefined
COMMAND: POST /session/9f4c84e4ae75e749cefc69cbdd96fe2c/element - {"using":"xpath","value":"//*[@id=\"__tile91\"]"}
RESULT: {"using":"xpath","value":"//*[@id=\"__tile91\"]"}
COMMAND: POST /session/9f4c84e4ae75e749cefc69cbdd96fe2c/element/f.92C64C74BFFB4A8B431616FE9F273F76.d.B10E8AE72420666B02C3D86FC756F1AB.e.2847/click - {}
RESULT: {}
COMMAND: GET /session/9f4c84e4ae75e749cefc69cbdd96fe2c/screenshot - {}
RESULT: {}
COMMAND: POST /session/9f4c84e4ae75e749cefc69cbdd96fe2c/elements - {"using":"xpath","value":"//span[text()='Error']"}
RESULT: {"using":"xpath","value":"//span[text()='Error']"}
COMMAND: POST /session/9f4c84e4ae75e749cefc69cbdd96fe2c/execute/async - {"script":"<script> [1562 bytes]","args":[{"selector":{"id":"application-managebillings-display-component---billRunCalcResult--smartFilterBar-btnBasicSearch","interaction":{"idSuffix":"I"}},"wdio_ui5_key":"applicationmanagebillings-display-component---billRunCalcResult--smartFilterBar-btnBasicSearch"}]}
RESULT: {"script":"<script> [1562 bytes]","args":[{"selector":{"id":"application-managebillings-display-component---billRunCalcResult--smartFilterBar-btnBasicSearch","interaction":{"idSuffix":"I"}},"wdio_ui5_key":"applicationmanagebillings-display-component---billRunCalcResult--smartFilterBar-btnBasicSearch"}]}
RESULT: undefined
COMMAND: POST /session/9f4c84e4ae75e749cefc69cbdd96fe2c/execute/async - {"script":"<script> [776 bytes]","args":[{"enterText":"10346","selector":{"id":"application-managebillings-display-component---billRunCalcResult--smartFilterBar-btnBasicSearch","interaction":{"idSuffix":"I"}},"clearTextFirst":true,"interactionType":"ENTER_TEXT"}]}
RESULT: {"script":"<script> [776 bytes]","args":[{"enterText":"10346","selector":{"id":"application-managebillings-display-component---billRunCalcResult--smartFilterBar-btnBasicSearch","interaction":{"idSuffix":"I"}},"clearTextFirst":true,"interactionType":"ENTER_TEXT"}]}
COMMAND: POST /session/9f4c84e4ae75e749cefc69cbdd96fe2c/actions - {"actions":[{"id":"action20","type":"key","parameters":{},"actions":[{"type":"keyDown","value":""},{"type":"pause","duration":10},{"type":"keyUp","value":""}]}]}
RESULT: {"actions":[{"id":"action20","type":"key","parameters":{},"actions":[{"type":"keyDown","value":""},{"type":"pause","duration":10},{"type":"keyUp","value":""}]}]}
COMMAND: GET /session/9f4c84e4ae75e749cefc69cbdd96fe2c/screenshot - {}
RESULT: {}
COMMAND: POST /session/9f4c84e4ae75e749cefc69cbdd96fe2c/element - {"using":"xpath","value":"//td[@aria-colindex=\"1\"]/div/div[contains(@class, \"sapMCbBg\")]"}
RESULT: {"using":"xpath","value":"//td[@aria-colindex=\"1\"]/div/div[contains(@class, \"sapMCbBg\")]"}
COMMAND: POST /session/9f4c84e4ae75e749cefc69cbdd96fe2c/element/f.92C64C74BFFB4A8B431616FE9F273F76.d.B10E8AE72420666B02C3D86FC756F1AB.e.6073/click - {}
RESULT: {}
COMMAND: GET /session/9f4c84e4ae75e749cefc69cbdd96fe2c/screenshot - {}
RESULT: {}
COMMAND: POST /session/9f4c84e4ae75e749cefc69cbdd96fe2c/execute/async - {"script":"<script> [1562 bytes]","args":[{"selector":{"id":"application-managebillings-display-component---billRunCalcResult--contractBillRunDate","interaction":{"idSuffix":"inner"}},"wdio_ui5_key":"applicationmanagebillings-display-component---billRunCalcResult--contractBillRunDate"}]}
RESULT: {"script":"<script> [1562 bytes]","args":[{"selector":{"id":"application-managebillings-display-component---billRunCalcResult--contractBillRunDate","interaction":{"idSuffix":"inner"}},"wdio_ui5_key":"applicationmanagebillings-display-component---billRunCalcResult--contractBillRunDate"}]}
RESULT: undefined
COMMAND: POST /session/9f4c84e4ae75e749cefc69cbdd96fe2c/execute/async - {"script":"<script> [776 bytes]","args":[{"enterText":"6/28/25","selector":{"id":"application-managebillings-display-component---billRunCalcResult--contractBillRunDate","interaction":{"idSuffix":"inner"}},"clearTextFirst":true,"interactionType":"ENTER_TEXT"}]}
RESULT: {"script":"<script> [776 bytes]","args":[{"enterText":"6/28/25","selector":{"id":"application-managebillings-display-component---billRunCalcResult--contractBillRunDate","interaction":{"idSuffix":"inner"}},"clearTextFirst":true,"interactionType":"ENTER_TEXT"}]}
COMMAND: POST /session/9f4c84e4ae75e749cefc69cbdd96fe2c/element - {"using":"xpath","value":"//bdi[contains(text(), \"Trigger Calculation\")]"}
RESULT: {"using":"xpath","value":"//bdi[contains(text(), \"Trigger Calculation\")]"}
COMMAND: POST /session/9f4c84e4ae75e749cefc69cbdd96fe2c/element/f.92C64C74BFFB4A8B431616FE9F273F76.d.B10E8AE72420666B02C3D86FC756F1AB.e.6124/click - {}
RESULT: {}
COMMAND: GET /session/9f4c84e4ae75e749cefc69cbdd96fe2c/screenshot - {}
RESULT: {}
COMMAND: POST /session/9f4c84e4ae75e749cefc69cbdd96fe2c/element - {"using":"xpath","value":"(//span[contains(@id, \"imgNav\")])[1]"}
RESULT: {"using":"xpath","value":"(//span[contains(@id, \"imgNav\")])[1]"}
COMMAND: POST /session/9f4c84e4ae75e749cefc69cbdd96fe2c/element/f.92C64C74BFFB4A8B431616FE9F273F76.d.B10E8AE72420666B02C3D86FC756F1AB.e.6074/click - {}
RESULT: {}
COMMAND: GET /session/9f4c84e4ae75e749cefc69cbdd96fe2c/screenshot - {}
RESULT: {}
COMMAND: POST /session/9f4c84e4ae75e749cefc69cbdd96fe2c/element - {"using":"xpath","value":"//tr/td[6]/div[1]/span[1]/span[1]"}
RESULT: {"using":"xpath","value":"//tr/td[6]/div[1]/span[1]/span[1]"}
COMMAND: GET /session/9f4c84e4ae75e749cefc69cbdd96fe2c/element/f.92C64C74BFFB4A8B431616FE9F273F76.d.B10E8AE72420666B02C3D86FC756F1AB.e.6130/text - {}
RESULT: {}
COMMAND: POST /session/9f4c84e4ae75e749cefc69cbdd96fe2c/element - {"using":"xpath","value":"(//span[contains(@id, \"imgNav\")])[2]"}
RESULT: {"using":"xpath","value":"(//span[contains(@id, \"imgNav\")])[2]"}
COMMAND: POST /session/9f4c84e4ae75e749cefc69cbdd96fe2c/element/f.92C64C74BFFB4A8B431616FE9F273F76.d.B10E8AE72420666B02C3D86FC756F1AB.e.6131/click - {}
RESULT: {}
COMMAND: GET /session/9f4c84e4ae75e749cefc69cbdd96fe2c/screenshot - {}
RESULT: {}
COMMAND: POST /session/9f4c84e4ae75e749cefc69cbdd96fe2c/element - {"using":"xpath","value":"//bdi[contains(text(), \"Business Confirm\")]"}
RESULT: {"using":"xpath","value":"//bdi[contains(text(), \"Business Confirm\")]"}
COMMAND: POST /session/9f4c84e4ae75e749cefc69cbdd96fe2c/element/f.92C64C74BFFB4A8B431616FE9F273F76.d.B10E8AE72420666B02C3D86FC756F1AB.e.6171/click - {}
RESULT: {}
COMMAND: GET /session/9f4c84e4ae75e749cefc69cbdd96fe2c/screenshot - {}
RESULT: {}
COMMAND: POST /session/9f4c84e4ae75e749cefc69cbdd96fe2c/element - {"using":"xpath","value":"//bdi[contains(text(), \"Business Confirmed\")]"}
RESULT: {"using":"xpath","value":"//bdi[contains(text(), \"Business Confirmed\")]"}
COMMAND: POST /session/9f4c84e4ae75e749cefc69cbdd96fe2c/execute/sync - {"script":"<script> [56 bytes]","args":[{"element-6066-11e4-a52e-4f735466cecf":"f.92C64C74BFFB4A8B431616FE9F273F76.d.B10E8AE72420666B02C3D86FC756F1AB.e.6171","ELEMENT":"f.92C64C74BFFB4A8B431616FE9F273F76.d.B10E8AE72420666B02C3D86FC756F1AB.e.6171"}]}
RESULT: {"script":"<script> [56 bytes]","args":[{"element-6066-11e4-a52e-4f735466cecf":"f.92C64C74BFFB4A8B431616FE9F273F76.d.B10E8AE72420666B02C3D86FC756F1AB.e.6171","ELEMENT":"f.92C64C74BFFB4A8B431616FE9F273F76.d.B10E8AE72420666B02C3D86FC756F1AB.e.6171"}]}
COMMAND: POST /session/9f4c84e4ae75e749cefc69cbdd96fe2c/element - {"using":"css selector","value":"#shell-header-logo"}
COMMAND: GET /session/9f4c84e4ae75e749cefc69cbdd96fe2c/screenshot - {}
RESULT: {"using":"css selector","value":"#shell-header-logo"}
COMMAND: POST /session/9f4c84e4ae75e749cefc69cbdd96fe2c/element/f.92C64C74BFFB4A8B431616FE9F273F76.d.B10E8AE72420666B02C3D86FC756F1AB.e.5858/click - {}
RESULT: {}
RESULT: {}
COMMAND: GET /session/9f4c84e4ae75e749cefc69cbdd96fe2c/screenshot - {}
RESULT: {}
COMMAND: POST /session/9f4c84e4ae75e749cefc69cbdd96fe2c/element - {"using":"css selector","value":"#j_username"}
COMMAND: POST /session/9f4c84e4ae75e749cefc69cbdd96fe2c/url - {"url":"https://qa-testing-00-live-etm-ui.cfapps.eu10-004.hana.ondemand.com/"}
RESULT: {"using":"css selector","value":"#j_username"}
COMMAND: POST /session/9f4c84e4ae75e749cefc69cbdd96fe2c/element - {"using":"css selector","value":"#j_username"}
RESULT: {"url":"https://qa-testing-00-live-etm-ui.cfapps.eu10-004.hana.ondemand.com/"}
RESULT: undefined
COMMAND: GET /session/9f4c84e4ae75e749cefc69cbdd96fe2c/screenshot - {}
RESULT: {"using":"css selector","value":"#j_username"}
COMMAND: POST /session/9f4c84e4ae75e749cefc69cbdd96fe2c/element - {"using":"css selector","value":"#shell-header-logo"}
RESULT: {}
RESULT: {"using":"css selector","value":"#shell-header-logo"}
COMMAND: POST /session/9f4c84e4ae75e749cefc69cbdd96fe2c/execute/sync - {"script":"<script> [8489 bytes]","args":[{"element-6066-11e4-a52e-4f735466cecf":"f.92C64C74BFFB4A8B431616FE9F273F76.d.8A0D31569CC64F5188C7F03A4F4AD348.e.6184","ELEMENT":"f.92C64C74BFFB4A8B431616FE9F273F76.d.8A0D31569CC64F5188C7F03A4F4AD348.e.6184"}]}
RESULT: {"script":"<script> [8489 bytes]","args":[{"element-6066-11e4-a52e-4f735466cecf":"f.92C64C74BFFB4A8B431616FE9F273F76.d.8A0D31569CC64F5188C7F03A4F4AD348.e.6184","ELEMENT":"f.92C64C74BFFB4A8B431616FE9F273F76.d.8A0D31569CC64F5188C7F03A4F4AD348.e.6184"}]}
COMMAND: POST /session/9f4c84e4ae75e749cefc69cbdd96fe2c/element - {"using":"css selector","value":"#shell-header-logo"}
COMMAND: GET /session/9f4c84e4ae75e749cefc69cbdd96fe2c/screenshot - {}
RESULT: {"using":"css selector","value":"#shell-header-logo"}
COMMAND: POST /session/9f4c84e4ae75e749cefc69cbdd96fe2c/execute/sync - {"script":"<script> [8489 bytes]","args":[{"element-6066-11e4-a52e-4f735466cecf":"f.92C64C74BFFB4A8B431616FE9F273F76.d.8A0D31569CC64F5188C7F03A4F4AD348.e.6184","ELEMENT":"f.92C64C74BFFB4A8B431616FE9F273F76.d.8A0D31569CC64F5188C7F03A4F4AD348.e.6184"}]}
RESULT: {}
RESULT: {"script":"<script> [8489 bytes]","args":[{"element-6066-11e4-a52e-4f735466cecf":"f.92C64C74BFFB4A8B431616FE9F273F76.d.8A0D31569CC64F5188C7F03A4F4AD348.e.6184","ELEMENT":"f.92C64C74BFFB4A8B431616FE9F273F76.d.8A0D31569CC64F5188C7F03A4F4AD348.e.6184"}]}
COMMAND: POST /session/9f4c84e4ae75e749cefc69cbdd96fe2c/execute/sync - {"script":"<script> [5351 bytes]","args":[{"element-6066-11e4-a52e-4f735466cecf":"f.92C64C74BFFB4A8B431616FE9F273F76.d.8A0D31569CC64F5188C7F03A4F4AD348.e.6184","ELEMENT":"f.92C64C74BFFB4A8B431616FE9F273F76.d.8A0D31569CC64F5188C7F03A4F4AD348.e.6184"}]}
COMMAND: GET /session/9f4c84e4ae75e749cefc69cbdd96fe2c/screenshot - {}
RESULT: {"script":"<script> [5351 bytes]","args":[{"element-6066-11e4-a52e-4f735466cecf":"f.92C64C74BFFB4A8B431616FE9F273F76.d.8A0D31569CC64F5188C7F03A4F4AD348.e.6184","ELEMENT":"f.92C64C74BFFB4A8B431616FE9F273F76.d.8A0D31569CC64F5188C7F03A4F4AD348.e.6184"}]}
COMMAND: POST /session/9f4c84e4ae75e749cefc69cbdd96fe2c/element - {"using":"css selector","value":"#shell-header-logo"}
COMMAND: GET /session/9f4c84e4ae75e749cefc69cbdd96fe2c/screenshot - {}
RESULT: {}
RESULT: {"using":"css selector","value":"#shell-header-logo"}
COMMAND: POST /session/9f4c84e4ae75e749cefc69cbdd96fe2c/element/f.92C64C74BFFB4A8B431616FE9F273F76.d.8A0D31569CC64F5188C7F03A4F4AD348.e.6184/click - {}
RESULT: {}
RESULT: {}
COMMAND: GET /session/9f4c84e4ae75e749cefc69cbdd96fe2c/screenshot - {}
RESULT: {}
COMMAND: POST /session/9f4c84e4ae75e749cefc69cbdd96fe2c/execute/async - {"script":"<script> [189 bytes]","args":[]}
RESULT: {"script":"<script> [189 bytes]","args":[]}
COMMAND: POST /session/9f4c84e4ae75e749cefc69cbdd96fe2c/execute/async - {"script":"<script> [123 bytes]","args":[]}
RESULT: {"script":"<script> [123 bytes]","args":[]}
COMMAND: POST /session/9f4c84e4ae75e749cefc69cbdd96fe2c/timeouts - {"script":"<number>"}
RESULT: {"script":"<number>"}
COMMAND: GET /session/9f4c84e4ae75e749cefc69cbdd96fe2c/timeouts - {}
RESULT: {}
RESULT: undefined
COMMAND: POST /session/9f4c84e4ae75e749cefc69cbdd96fe2c/execute/async - {"script":"<script> [2676 bytes]","args":[]}
RESULT: {"script":"<script> [2676 bytes]","args":[]}
COMMAND: POST /session/9f4c84e4ae75e749cefc69cbdd96fe2c/execute/async - {"script":"<script> [2342 bytes]","args":[{"protocol":"http","hostname":"0.0.0.0","path":"/","capabilities":{"browserName":"chrome","goog:chromeOptions":{"binary":"C:\\Program Files\\Google\\Chrome\\Application\\chrome.exe","args":["--start-maximized"]}},"logLevel":"warn","connectionRetryTimeout":120000,"connectionRetryCount":3,"logLevels":{},"enableDirectConnect":true,"strictSSL":true,"_":"65 more keys: [\"cacheDir\",\"port\",\"requestedCapabilities\",\"automationProtocol\",\"baseUrl\",\"waitforInterval\",\"waitforTimeout\",\"onReload\",\"beforeCommand\",\"afterCommand\",\"rootDir\",\"specs\",\"suites\",\"exclude\",\"groupLogsByTestSpec\",\"excludeDriverLogs\",\"bail\",\"framework\",\"reporters\",\"services\",\"maxInstances\",\"maxInstancesPerCapability\",\"injectGlobals\",\"filesToWatch\",\"execArgv\",\"runnerEnv\",\"runner\",\"shard\",\"specFileRetries\",\"specFileRetriesDelay\",\"specFileRetriesDeferred\",\"reporterSyncInterval\",\"reporterSyncTimeout\",\"cucumberFeaturesWithLineNumbers\",\"autoCompileOpts\",\"mochaOpts\",\"jasmineOpts\",\"cucumberOpts\",\"onPrepare\",\"onWorkerStart\",\"onWorkerEnd\",\"before\",\"beforeSession\",\"beforeSuite\",\"beforeHook\",\"beforeTest\",\"afterTest\",\"afterHook\",\"afterSuite\",\"afterSession\",\"after\",\"onComplete\",\"beforeAssertion\",\"afterAssertion\",\"beforeFeature\",\"beforeScenario\",\"beforeStep\",\"afterStep\",\"afterScenario\",\"afterFeature\",\"_\",\"suite\",\"$0\",\"ignoredWorkerServices\",\"wdi5\"]"}]}
RESULT: {"script":"<script> [2342 bytes]","args":[{"protocol":"http","hostname":"0.0.0.0","path":"/","capabilities":{"browserName":"chrome","goog:chromeOptions":{"binary":"C:\\Program Files\\Google\\Chrome\\Application\\chrome.exe","args":["--start-maximized"]}},"logLevel":"warn","connectionRetryTimeout":120000,"connectionRetryCount":3,"logLevels":{},"enableDirectConnect":true,"strictSSL":true,"_":"65 more keys: [\"cacheDir\",\"port\",\"requestedCapabilities\",\"automationProtocol\",\"baseUrl\",\"waitforInterval\",\"waitforTimeout\",\"onReload\",\"beforeCommand\",\"afterCommand\",\"rootDir\",\"specs\",\"suites\",\"exclude\",\"groupLogsByTestSpec\",\"excludeDriverLogs\",\"bail\",\"framework\",\"reporters\",\"services\",\"maxInstances\",\"maxInstancesPerCapability\",\"injectGlobals\",\"filesToWatch\",\"execArgv\",\"runnerEnv\",\"runner\",\"shard\",\"specFileRetries\",\"specFileRetriesDelay\",\"specFileRetriesDeferred\",\"reporterSyncInterval\",\"reporterSyncTimeout\",\"cucumberFeaturesWithLineNumbers\",\"autoCompileOpts\",\"mochaOpts\",\"jasmineOpts\",\"cucumberOpts\",\"onPrepare\",\"onWorkerStart\",\"onWorkerEnd\",\"before\",\"beforeSession\",\"beforeSuite\",\"beforeHook\",\"beforeTest\",\"afterTest\",\"afterHook\",\"afterSuite\",\"afterSession\",\"after\",\"onComplete\",\"beforeAssertion\",\"afterAssertion\",\"beforeFeature\",\"beforeScenario\",\"beforeStep\",\"afterStep\",\"afterScenario\",\"afterFeature\",\"_\",\"suite\",\"$0\",\"ignoredWorkerServices\",\"wdi5\"]"}]}
COMMAND: POST /session/9f4c84e4ae75e749cefc69cbdd96fe2c/execute/async - {"script":"<script> [21126 bytes]","args":[35000]}
RESULT: {"script":"<script> [21126 bytes]","args":[35000]}
COMMAND: POST /session/9f4c84e4ae75e749cefc69cbdd96fe2c/window/maximize - {}
RESULT: {}
COMMAND: POST /session/9f4c84e4ae75e749cefc69cbdd96fe2c/execute/async - {"script":"<script> [1562 bytes]","args":[{"selector":{"id":"shell-header","interaction":{"idSuffix":"icon"}},"wdio_ui5_key":"shellheader"}]}
COMMAND: GET /session/9f4c84e4ae75e749cefc69cbdd96fe2c/screenshot - {}
RESULT: {"script":"<script> [1562 bytes]","args":[{"selector":{"id":"shell-header","interaction":{"idSuffix":"icon"}},"wdio_ui5_key":"shellheader"}]}
RESULT: undefined
COMMAND: POST /session/9f4c84e4ae75e749cefc69cbdd96fe2c/refresh - {}
RESULT: {}
RESULT: {}
COMMAND: GET /session/9f4c84e4ae75e749cefc69cbdd96fe2c/screenshot - {}
RESULT: {}
COMMAND: POST /session/9f4c84e4ae75e749cefc69cbdd96fe2c/refresh - {}
RESULT: {}
COMMAND: GET /session/9f4c84e4ae75e749cefc69cbdd96fe2c/screenshot - {}
RESULT: {}
COMMAND: POST /session/9f4c84e4ae75e749cefc69cbdd96fe2c/window/fullscreen - {}
RESULT: {}
COMMAND: POST /session/9f4c84e4ae75e749cefc69cbdd96fe2c/execute/async - {"script":"<script> [189 bytes]","args":[]}
RESULT: {"script":"<script> [189 bytes]","args":[]}
COMMAND: POST /session/9f4c84e4ae75e749cefc69cbdd96fe2c/execute/async - {"script":"<script> [123 bytes]","args":[]}
RESULT: {"script":"<script> [123 bytes]","args":[]}
COMMAND: POST /session/9f4c84e4ae75e749cefc69cbdd96fe2c/timeouts - {"script":"<number>"}
RESULT: {"script":"<number>"}
COMMAND: GET /session/9f4c84e4ae75e749cefc69cbdd96fe2c/timeouts - {}
RESULT: {}
RESULT: undefined
COMMAND: POST /session/9f4c84e4ae75e749cefc69cbdd96fe2c/execute/async - {"script":"<script> [2676 bytes]","args":[]}
RESULT: {"script":"<script> [2676 bytes]","args":[]}
COMMAND: POST /session/9f4c84e4ae75e749cefc69cbdd96fe2c/execute/async - {"script":"<script> [2342 bytes]","args":[{"protocol":"http","hostname":"0.0.0.0","path":"/","capabilities":{"browserName":"chrome","goog:chromeOptions":{"binary":"C:\\Program Files\\Google\\Chrome\\Application\\chrome.exe","args":["--start-maximized"]}},"logLevel":"warn","connectionRetryTimeout":120000,"connectionRetryCount":3,"logLevels":{},"enableDirectConnect":true,"strictSSL":true,"_":"65 more keys: [\"cacheDir\",\"port\",\"requestedCapabilities\",\"automationProtocol\",\"baseUrl\",\"waitforInterval\",\"waitforTimeout\",\"onReload\",\"beforeCommand\",\"afterCommand\",\"rootDir\",\"specs\",\"suites\",\"exclude\",\"groupLogsByTestSpec\",\"excludeDriverLogs\",\"bail\",\"framework\",\"reporters\",\"services\",\"maxInstances\",\"maxInstancesPerCapability\",\"injectGlobals\",\"filesToWatch\",\"execArgv\",\"runnerEnv\",\"runner\",\"shard\",\"specFileRetries\",\"specFileRetriesDelay\",\"specFileRetriesDeferred\",\"reporterSyncInterval\",\"reporterSyncTimeout\",\"cucumberFeaturesWithLineNumbers\",\"autoCompileOpts\",\"mochaOpts\",\"jasmineOpts\",\"cucumberOpts\",\"onPrepare\",\"onWorkerStart\",\"onWorkerEnd\",\"before\",\"beforeSession\",\"beforeSuite\",\"beforeHook\",\"beforeTest\",\"afterTest\",\"afterHook\",\"afterSuite\",\"afterSession\",\"after\",\"onComplete\",\"beforeAssertion\",\"afterAssertion\",\"beforeFeature\",\"beforeScenario\",\"beforeStep\",\"afterStep\",\"afterScenario\",\"afterFeature\",\"_\",\"suite\",\"$0\",\"ignoredWorkerServices\",\"wdi5\"]"}]}
RESULT: {"script":"<script> [2342 bytes]","args":[{"protocol":"http","hostname":"0.0.0.0","path":"/","capabilities":{"browserName":"chrome","goog:chromeOptions":{"binary":"C:\\Program Files\\Google\\Chrome\\Application\\chrome.exe","args":["--start-maximized"]}},"logLevel":"warn","connectionRetryTimeout":120000,"connectionRetryCount":3,"logLevels":{},"enableDirectConnect":true,"strictSSL":true,"_":"65 more keys: [\"cacheDir\",\"port\",\"requestedCapabilities\",\"automationProtocol\",\"baseUrl\",\"waitforInterval\",\"waitforTimeout\",\"onReload\",\"beforeCommand\",\"afterCommand\",\"rootDir\",\"specs\",\"suites\",\"exclude\",\"groupLogsByTestSpec\",\"excludeDriverLogs\",\"bail\",\"framework\",\"reporters\",\"services\",\"maxInstances\",\"maxInstancesPerCapability\",\"injectGlobals\",\"filesToWatch\",\"execArgv\",\"runnerEnv\",\"runner\",\"shard\",\"specFileRetries\",\"specFileRetriesDelay\",\"specFileRetriesDeferred\",\"reporterSyncInterval\",\"reporterSyncTimeout\",\"cucumberFeaturesWithLineNumbers\",\"autoCompileOpts\",\"mochaOpts\",\"jasmineOpts\",\"cucumberOpts\",\"onPrepare\",\"onWorkerStart\",\"onWorkerEnd\",\"before\",\"beforeSession\",\"beforeSuite\",\"beforeHook\",\"beforeTest\",\"afterTest\",\"afterHook\",\"afterSuite\",\"afterSession\",\"after\",\"onComplete\",\"beforeAssertion\",\"afterAssertion\",\"beforeFeature\",\"beforeScenario\",\"beforeStep\",\"afterStep\",\"afterScenario\",\"afterFeature\",\"_\",\"suite\",\"$0\",\"ignoredWorkerServices\",\"wdi5\"]"}]}
COMMAND: POST /session/9f4c84e4ae75e749cefc69cbdd96fe2c/execute/async - {"script":"<script> [21126 bytes]","args":[35000]}
RESULT: {"script":"<script> [21126 bytes]","args":[35000]}
]]></system-out>
    </testcase>
  </testsuite>
  <testsuite timestamp="2025-05-28T17:26:55" time="1400.538" tests="14" failures="0" errors="0" skipped="0">
    <properties>
      <property name="specId" value="0"/>
      <property name="suiteName" value="Create master data for mixed billing &amp; do billing calculation US151661"/>
      <property name="capabilities" value="chrome.136_0_7103_93.windows"/>
      <property name="file" value="file:///D:/a/1/s/test/specs/BTS/billing-calculation-mixed.spec.js"/>
    </properties>
    <testcase classname="chrome.136_0_7103_93.windows.Create_master_data_for_mixed_billing_&amp;_do_billing_calculation_US151661" name="Should create a new yard" time="132.504">
      <system-out><![CDATA[
COMMAND: POST /session/9f4c84e4ae75e749cefc69cbdd96fe2c/window/fullscreen - {}
RESULT: {}
COMMAND: POST /session/9f4c84e4ae75e749cefc69cbdd96fe2c/execute/async - {"script":"<script> [1562 bytes]","args":[{"selector":{"controlType":"sap.m.GenericTile","properties":{"header":"Manage Yards"}},"wdio_ui5_key":"sapm.GenericTile{\"header\":\"Manage Yards\"}"}]}
RESULT: {"script":"<script> [1562 bytes]","args":[{"selector":{"controlType":"sap.m.GenericTile","properties":{"header":"Manage Yards"}},"wdio_ui5_key":"sapm.GenericTile{\"header\":\"Manage Yards\"}"}]}
RESULT: undefined
COMMAND: POST /session/9f4c84e4ae75e749cefc69cbdd96fe2c/element - {"using":"xpath","value":"//*[@id=\"__tile41\"]"}
RESULT: {"using":"xpath","value":"//*[@id=\"__tile41\"]"}
COMMAND: POST /session/9f4c84e4ae75e749cefc69cbdd96fe2c/element/f.92C64C74BFFB4A8B431616FE9F273F76.d.66367284FC8B839D30B4439610855947.e.6356/click - {}
RESULT: {}
COMMAND: GET /session/9f4c84e4ae75e749cefc69cbdd96fe2c/screenshot - {}
RESULT: {}
COMMAND: POST /session/9f4c84e4ae75e749cefc69cbdd96fe2c/elements - {"using":"xpath","value":"//span[text()='Error']"}
RESULT: {"using":"xpath","value":"//span[text()='Error']"}
COMMAND: POST /session/9f4c84e4ae75e749cefc69cbdd96fe2c/element - {"using":"xpath","value":"//button[@data-kt=\"addNewYardOverflowToolbarButton\"]"}
RESULT: {"using":"xpath","value":"//button[@data-kt=\"addNewYardOverflowToolbarButton\"]"}
COMMAND: POST /session/9f4c84e4ae75e749cefc69cbdd96fe2c/elements - {"using":"xpath","value":"//button[@data-kt=\"addNewYardOverflowToolbarButton\"]"}
RESULT: {"using":"xpath","value":"//button[@data-kt=\"addNewYardOverflowToolbarButton\"]"}
COMMAND: POST /session/9f4c84e4ae75e749cefc69cbdd96fe2c/elements - {"using":"xpath","value":"//button[@data-kt=\"addNewYardOverflowToolbarButton\"]"}
RESULT: {"using":"xpath","value":"//button[@data-kt=\"addNewYardOverflowToolbarButton\"]"}
COMMAND: POST /session/9f4c84e4ae75e749cefc69cbdd96fe2c/elements - {"using":"xpath","value":"//button[@data-kt=\"addNewYardOverflowToolbarButton\"]"}
RESULT: {"using":"xpath","value":"//button[@data-kt=\"addNewYardOverflowToolbarButton\"]"}
COMMAND: POST /session/9f4c84e4ae75e749cefc69cbdd96fe2c/elements - {"using":"xpath","value":"//button[@data-kt=\"addNewYardOverflowToolbarButton\"]"}
RESULT: {"using":"xpath","value":"//button[@data-kt=\"addNewYardOverflowToolbarButton\"]"}
COMMAND: POST /session/9f4c84e4ae75e749cefc69cbdd96fe2c/elements - {"using":"xpath","value":"//button[@data-kt=\"addNewYardOverflowToolbarButton\"]"}
RESULT: {"using":"xpath","value":"//button[@data-kt=\"addNewYardOverflowToolbarButton\"]"}
COMMAND: POST /session/9f4c84e4ae75e749cefc69cbdd96fe2c/elements - {"using":"xpath","value":"//button[@data-kt=\"addNewYardOverflowToolbarButton\"]"}
RESULT: {"using":"xpath","value":"//button[@data-kt=\"addNewYardOverflowToolbarButton\"]"}
COMMAND: POST /session/9f4c84e4ae75e749cefc69cbdd96fe2c/elements - {"using":"xpath","value":"//button[@data-kt=\"addNewYardOverflowToolbarButton\"]"}
RESULT: {"using":"xpath","value":"//button[@data-kt=\"addNewYardOverflowToolbarButton\"]"}
COMMAND: POST /session/9f4c84e4ae75e749cefc69cbdd96fe2c/elements - {"using":"xpath","value":"//button[@data-kt=\"addNewYardOverflowToolbarButton\"]"}
RESULT: {"using":"xpath","value":"//button[@data-kt=\"addNewYardOverflowToolbarButton\"]"}
COMMAND: POST /session/9f4c84e4ae75e749cefc69cbdd96fe2c/elements - {"using":"xpath","value":"//button[@data-kt=\"addNewYardOverflowToolbarButton\"]"}
RESULT: {"using":"xpath","value":"//button[@data-kt=\"addNewYardOverflowToolbarButton\"]"}
COMMAND: POST /session/9f4c84e4ae75e749cefc69cbdd96fe2c/elements - {"using":"xpath","value":"//button[@data-kt=\"addNewYardOverflowToolbarButton\"]"}
RESULT: {"using":"xpath","value":"//button[@data-kt=\"addNewYardOverflowToolbarButton\"]"}
COMMAND: POST /session/9f4c84e4ae75e749cefc69cbdd96fe2c/elements - {"using":"xpath","value":"//button[@data-kt=\"addNewYardOverflowToolbarButton\"]"}
RESULT: {"using":"xpath","value":"//button[@data-kt=\"addNewYardOverflowToolbarButton\"]"}
COMMAND: POST /session/9f4c84e4ae75e749cefc69cbdd96fe2c/elements - {"using":"xpath","value":"//button[@data-kt=\"addNewYardOverflowToolbarButton\"]"}
RESULT: {"using":"xpath","value":"//button[@data-kt=\"addNewYardOverflowToolbarButton\"]"}
COMMAND: POST /session/9f4c84e4ae75e749cefc69cbdd96fe2c/elements - {"using":"xpath","value":"//button[@data-kt=\"addNewYardOverflowToolbarButton\"]"}
RESULT: {"using":"xpath","value":"//button[@data-kt=\"addNewYardOverflowToolbarButton\"]"}
COMMAND: POST /session/9f4c84e4ae75e749cefc69cbdd96fe2c/elements - {"using":"xpath","value":"//button[@data-kt=\"addNewYardOverflowToolbarButton\"]"}
RESULT: {"using":"xpath","value":"//button[@data-kt=\"addNewYardOverflowToolbarButton\"]"}
COMMAND: POST /session/9f4c84e4ae75e749cefc69cbdd96fe2c/element - {"using":"xpath","value":"//button[@data-kt=\"addNewYardOverflowToolbarButton\"]"}
RESULT: {"using":"xpath","value":"//button[@data-kt=\"addNewYardOverflowToolbarButton\"]"}
COMMAND: POST /session/9f4c84e4ae75e749cefc69cbdd96fe2c/execute/sync - {"script":"<script> [8489 bytes]","args":[{"element-6066-11e4-a52e-4f735466cecf":"f.92C64C74BFFB4A8B431616FE9F273F76.d.66367284FC8B839D30B4439610855947.e.6489","ELEMENT":"f.92C64C74BFFB4A8B431616FE9F273F76.d.66367284FC8B839D30B4439610855947.e.6489"}]}
RESULT: {"script":"<script> [8489 bytes]","args":[{"element-6066-11e4-a52e-4f735466cecf":"f.92C64C74BFFB4A8B431616FE9F273F76.d.66367284FC8B839D30B4439610855947.e.6489","ELEMENT":"f.92C64C74BFFB4A8B431616FE9F273F76.d.66367284FC8B839D30B4439610855947.e.6489"}]}
COMMAND: GET /session/9f4c84e4ae75e749cefc69cbdd96fe2c/element/f.92C64C74BFFB4A8B431616FE9F273F76.d.66367284FC8B839D30B4439610855947.e.6489/enabled - {}
COMMAND: GET /session/9f4c84e4ae75e749cefc69cbdd96fe2c/screenshot - {}
RESULT: {}
COMMAND: POST /session/9f4c84e4ae75e749cefc69cbdd96fe2c/execute/sync - {"script":"<script> [8489 bytes]","args":[{"element-6066-11e4-a52e-4f735466cecf":"f.92C64C74BFFB4A8B431616FE9F273F76.d.66367284FC8B839D30B4439610855947.e.6489","ELEMENT":"f.92C64C74BFFB4A8B431616FE9F273F76.d.66367284FC8B839D30B4439610855947.e.6489"}]}
COMMAND: GET /session/9f4c84e4ae75e749cefc69cbdd96fe2c/screenshot - {}
RESULT: {}
RESULT: {"script":"<script> [8489 bytes]","args":[{"element-6066-11e4-a52e-4f735466cecf":"f.92C64C74BFFB4A8B431616FE9F273F76.d.66367284FC8B839D30B4439610855947.e.6489","ELEMENT":"f.92C64C74BFFB4A8B431616FE9F273F76.d.66367284FC8B839D30B4439610855947.e.6489"}]}
COMMAND: POST /session/9f4c84e4ae75e749cefc69cbdd96fe2c/execute/sync - {"script":"<script> [5351 bytes]","args":[{"element-6066-11e4-a52e-4f735466cecf":"f.92C64C74BFFB4A8B431616FE9F273F76.d.66367284FC8B839D30B4439610855947.e.6489","ELEMENT":"f.92C64C74BFFB4A8B431616FE9F273F76.d.66367284FC8B839D30B4439610855947.e.6489"}]}
COMMAND: GET /session/9f4c84e4ae75e749cefc69cbdd96fe2c/screenshot - {}
RESULT: {}
RESULT: {"script":"<script> [5351 bytes]","args":[{"element-6066-11e4-a52e-4f735466cecf":"f.92C64C74BFFB4A8B431616FE9F273F76.d.66367284FC8B839D30B4439610855947.e.6489","ELEMENT":"f.92C64C74BFFB4A8B431616FE9F273F76.d.66367284FC8B839D30B4439610855947.e.6489"}]}
COMMAND: POST /session/9f4c84e4ae75e749cefc69cbdd96fe2c/element/f.92C64C74BFFB4A8B431616FE9F273F76.d.66367284FC8B839D30B4439610855947.e.6489/click - {}
COMMAND: GET /session/9f4c84e4ae75e749cefc69cbdd96fe2c/screenshot - {}
RESULT: {}
RESULT: {}
COMMAND: GET /session/9f4c84e4ae75e749cefc69cbdd96fe2c/screenshot - {}
COMMAND: POST /session/9f4c84e4ae75e749cefc69cbdd96fe2c/element - {"using":"xpath","value":"//input[@id=\"application-manageyards-display-component---NewYard--yardId-inner\"]"}
RESULT: {}
RESULT: {}
RESULT: {"using":"xpath","value":"//input[@id=\"application-manageyards-display-component---NewYard--yardId-inner\"]"}
COMMAND: POST /session/9f4c84e4ae75e749cefc69cbdd96fe2c/element - {"using":"xpath","value":"//input[@id=\"application-manageyards-display-component---NewYard--yardId-inner\"]"}
RESULT: {"using":"xpath","value":"//input[@id=\"application-manageyards-display-component---NewYard--yardId-inner\"]"}
COMMAND: POST /session/9f4c84e4ae75e749cefc69cbdd96fe2c/execute/async - {"script":"<script> [1562 bytes]","args":[{"selector":{"id":"application-manageyards-display-component---NewYard--addressDetailDetailsName1","interaction":{"idSuffix":"inner"}},"wdio_ui5_key":"applicationmanageyards-display-component---NewYard--addressDetailDetailsName1"}]}
RESULT: {"script":"<script> [1562 bytes]","args":[{"selector":{"id":"application-manageyards-display-component---NewYard--addressDetailDetailsName1","interaction":{"idSuffix":"inner"}},"wdio_ui5_key":"applicationmanageyards-display-component---NewYard--addressDetailDetailsName1"}]}
RESULT: undefined
COMMAND: POST /session/9f4c84e4ae75e749cefc69cbdd96fe2c/execute/async - {"script":"<script> [776 bytes]","args":[{"enterText":"Intercompany Yard wdIO","selector":{"id":"application-manageyards-display-component---NewYard--addressDetailDetailsName1","interaction":{"idSuffix":"inner"}},"clearTextFirst":true,"interactionType":"ENTER_TEXT"}]}
RESULT: {"script":"<script> [776 bytes]","args":[{"enterText":"Intercompany Yard wdIO","selector":{"id":"application-manageyards-display-component---NewYard--addressDetailDetailsName1","interaction":{"idSuffix":"inner"}},"clearTextFirst":true,"interactionType":"ENTER_TEXT"}]}
COMMAND: POST /session/9f4c84e4ae75e749cefc69cbdd96fe2c/execute/async - {"script":"<script> [1562 bytes]","args":[{"selector":{"id":"application-manageyards-display-component---NewYard--addressDetailDetailsLanguage-arrow"},"wdio_ui5_key":"applicationmanageyards-display-component---NewYard--addressDetailDetailsLanguage-arrow"}]}
RESULT: {"script":"<script> [1562 bytes]","args":[{"selector":{"id":"application-manageyards-display-component---NewYard--addressDetailDetailsLanguage-arrow"},"wdio_ui5_key":"applicationmanageyards-display-component---NewYard--addressDetailDetailsLanguage-arrow"}]}
RESULT: undefined
COMMAND: POST /session/9f4c84e4ae75e749cefc69cbdd96fe2c/element - {"using":"xpath","value":"//*[@id=\"application-manageyards-display-component---NewYard--addressDetailDetailsLanguage-arrow\"]"}
RESULT: {"using":"xpath","value":"//*[@id=\"application-manageyards-display-component---NewYard--addressDetailDetailsLanguage-arrow\"]"}
COMMAND: POST /session/9f4c84e4ae75e749cefc69cbdd96fe2c/element/f.92C64C74BFFB4A8B431616FE9F273F76.d.66367284FC8B839D30B4439610855947.e.6909/click - {}
RESULT: {}
COMMAND: POST /session/9f4c84e4ae75e749cefc69cbdd96fe2c/element - {"using":"xpath","value":"//span[contains(text(), \"English\")]"}
COMMAND: GET /session/9f4c84e4ae75e749cefc69cbdd96fe2c/screenshot - {}
RESULT: {"using":"xpath","value":"//span[contains(text(), \"English\")]"}
COMMAND: POST /session/9f4c84e4ae75e749cefc69cbdd96fe2c/element/f.92C64C74BFFB4A8B431616FE9F273F76.d.66367284FC8B839D30B4439610855947.e.6910/click - {}
RESULT: {}
RESULT: {}
COMMAND: POST /session/9f4c84e4ae75e749cefc69cbdd96fe2c/execute/async - {"script":"<script> [1562 bytes]","args":[{"selector":{"id":"application-manageyards-display-component---NewYard--addressDetailDetailsCity1","interaction":{"idSuffix":"inner"}},"wdio_ui5_key":"applicationmanageyards-display-component---NewYard--addressDetailDetailsCity1"}]}
COMMAND: GET /session/9f4c84e4ae75e749cefc69cbdd96fe2c/screenshot - {}
RESULT: {"script":"<script> [1562 bytes]","args":[{"selector":{"id":"application-manageyards-display-component---NewYard--addressDetailDetailsCity1","interaction":{"idSuffix":"inner"}},"wdio_ui5_key":"applicationmanageyards-display-component---NewYard--addressDetailDetailsCity1"}]}
RESULT: undefined
COMMAND: POST /session/9f4c84e4ae75e749cefc69cbdd96fe2c/execute/async - {"script":"<script> [776 bytes]","args":[{"enterText":"Rosario","selector":{"id":"application-manageyards-display-component---NewYard--addressDetailDetailsCity1","interaction":{"idSuffix":"inner"}},"clearTextFirst":true,"interactionType":"ENTER_TEXT"}]}
RESULT: {}
RESULT: {"script":"<script> [776 bytes]","args":[{"enterText":"Rosario","selector":{"id":"application-manageyards-display-component---NewYard--addressDetailDetailsCity1","interaction":{"idSuffix":"inner"}},"clearTextFirst":true,"interactionType":"ENTER_TEXT"}]}
COMMAND: POST /session/9f4c84e4ae75e749cefc69cbdd96fe2c/execute/async - {"script":"<script> [1562 bytes]","args":[{"selector":{"id":"application-manageyards-display-component---NewYard--addressDetailDetailsCountry-arrow"},"wdio_ui5_key":"applicationmanageyards-display-component---NewYard--addressDetailDetailsCountry-arrow"}]}
RESULT: {"script":"<script> [1562 bytes]","args":[{"selector":{"id":"application-manageyards-display-component---NewYard--addressDetailDetailsCountry-arrow"},"wdio_ui5_key":"applicationmanageyards-display-component---NewYard--addressDetailDetailsCountry-arrow"}]}
RESULT: undefined
COMMAND: POST /session/9f4c84e4ae75e749cefc69cbdd96fe2c/element - {"using":"xpath","value":"//*[@id=\"application-manageyards-display-component---NewYard--addressDetailDetailsCountry-arrow\"]"}
RESULT: {"using":"xpath","value":"//*[@id=\"application-manageyards-display-component---NewYard--addressDetailDetailsCountry-arrow\"]"}
COMMAND: POST /session/9f4c84e4ae75e749cefc69cbdd96fe2c/element/f.92C64C74BFFB4A8B431616FE9F273F76.d.66367284FC8B839D30B4439610855947.e.6912/click - {}
RESULT: {}
COMMAND: POST /session/9f4c84e4ae75e749cefc69cbdd96fe2c/element - {"using":"xpath","value":"//span[contains(text(), \"Argentina\")]"}
COMMAND: GET /session/9f4c84e4ae75e749cefc69cbdd96fe2c/screenshot - {}
RESULT: {"using":"xpath","value":"//span[contains(text(), \"Argentina\")]"}
COMMAND: POST /session/9f4c84e4ae75e749cefc69cbdd96fe2c/element/f.92C64C74BFFB4A8B431616FE9F273F76.d.66367284FC8B839D30B4439610855947.e.6913/click - {}
RESULT: {}
RESULT: {}
COMMAND: POST /session/9f4c84e4ae75e749cefc69cbdd96fe2c/execute/async - {"script":"<script> [1562 bytes]","args":[{"selector":{"id":"application-manageyards-display-component---NewYard--addressEditDetailsCostObjectCstType-arrow"},"wdio_ui5_key":"applicationmanageyards-display-component---NewYard--addressEditDetailsCostObjectCstType-arrow"}]}
COMMAND: GET /session/9f4c84e4ae75e749cefc69cbdd96fe2c/screenshot - {}
RESULT: {"script":"<script> [1562 bytes]","args":[{"selector":{"id":"application-manageyards-display-component---NewYard--addressEditDetailsCostObjectCstType-arrow"},"wdio_ui5_key":"applicationmanageyards-display-component---NewYard--addressEditDetailsCostObjectCstType-arrow"}]}
RESULT: undefined
COMMAND: POST /session/9f4c84e4ae75e749cefc69cbdd96fe2c/element - {"using":"xpath","value":"//*[@id=\"application-manageyards-display-component---NewYard--addressEditDetailsCostObjectCstType-arrow\"]"}
RESULT: {}
RESULT: {"using":"xpath","value":"//*[@id=\"application-manageyards-display-component---NewYard--addressEditDetailsCostObjectCstType-arrow\"]"}
COMMAND: POST /session/9f4c84e4ae75e749cefc69cbdd96fe2c/element/f.92C64C74BFFB4A8B431616FE9F273F76.d.66367284FC8B839D30B4439610855947.e.6915/click - {}
RESULT: {}
COMMAND: POST /session/9f4c84e4ae75e749cefc69cbdd96fe2c/element - {"using":"xpath","value":"//span[contains(text(), \"Cost Center\")]"}
COMMAND: GET /session/9f4c84e4ae75e749cefc69cbdd96fe2c/screenshot - {}
RESULT: {"using":"xpath","value":"//span[contains(text(), \"Cost Center\")]"}
COMMAND: POST /session/9f4c84e4ae75e749cefc69cbdd96fe2c/element/f.92C64C74BFFB4A8B431616FE9F273F76.d.66367284FC8B839D30B4439610855947.e.6916/click - {}
RESULT: {}
RESULT: {}
COMMAND: GET /session/9f4c84e4ae75e749cefc69cbdd96fe2c/screenshot - {}
RESULT: {}
COMMAND: POST /session/9f4c84e4ae75e749cefc69cbdd96fe2c/element - {"using":"xpath","value":"//span[@id=\"application-manageyards-display-component---NewYard--addressNewCostObjectCstID-vhi\"]"}
RESULT: {"using":"xpath","value":"//span[@id=\"application-manageyards-display-component---NewYard--addressNewCostObjectCstID-vhi\"]"}
COMMAND: POST /session/9f4c84e4ae75e749cefc69cbdd96fe2c/execute/sync - {"script":"<script> [8489 bytes]","args":[{"element-6066-11e4-a52e-4f735466cecf":"f.92C64C74BFFB4A8B431616FE9F273F76.d.66367284FC8B839D30B4439610855947.e.6920","ELEMENT":"f.92C64C74BFFB4A8B431616FE9F273F76.d.66367284FC8B839D30B4439610855947.e.6920"}]}
RESULT: {"script":"<script> [8489 bytes]","args":[{"element-6066-11e4-a52e-4f735466cecf":"f.92C64C74BFFB4A8B431616FE9F273F76.d.66367284FC8B839D30B4439610855947.e.6920","ELEMENT":"f.92C64C74BFFB4A8B431616FE9F273F76.d.66367284FC8B839D30B4439610855947.e.6920"}]}
COMMAND: POST /session/9f4c84e4ae75e749cefc69cbdd96fe2c/execute/async - {"script":"<script> [1562 bytes]","args":[{"selector":{"id":"application-manageyards-display-component---NewYard--addressNewCostObjectCstID-vhi"},"wdio_ui5_key":"applicationmanageyards-display-component---NewYard--addressNewCostObjectCstID-vhi"}]}
COMMAND: GET /session/9f4c84e4ae75e749cefc69cbdd96fe2c/screenshot - {}
RESULT: {"script":"<script> [1562 bytes]","args":[{"selector":{"id":"application-manageyards-display-component---NewYard--addressNewCostObjectCstID-vhi"},"wdio_ui5_key":"applicationmanageyards-display-component---NewYard--addressNewCostObjectCstID-vhi"}]}
RESULT: undefined
COMMAND: POST /session/9f4c84e4ae75e749cefc69cbdd96fe2c/element - {"using":"xpath","value":"//*[@id=\"application-manageyards-display-component---NewYard--addressNewCostObjectCstID-vhi\"]"}
RESULT: {}
RESULT: {"using":"xpath","value":"//*[@id=\"application-manageyards-display-component---NewYard--addressNewCostObjectCstID-vhi\"]"}
COMMAND: POST /session/9f4c84e4ae75e749cefc69cbdd96fe2c/element/f.92C64C74BFFB4A8B431616FE9F273F76.d.66367284FC8B839D30B4439610855947.e.6920/click - {}
RESULT: {}
COMMAND: GET /session/9f4c84e4ae75e749cefc69cbdd96fe2c/screenshot - {}
RESULT: {}
COMMAND: POST /session/9f4c84e4ae75e749cefc69cbdd96fe2c/execute/async - {"script":"<script> [1562 bytes]","args":[{"selector":{"controlType":"sap.m.SearchField","properties":{"placeholder":"Search"},"searchOpenDialogs":true,"interaction":{"idSuffix":"I"}},"wdio_ui5_key":"sapm.SearchField{\"placeholder\":\"Search\"}"}]}
RESULT: {"script":"<script> [1562 bytes]","args":[{"selector":{"controlType":"sap.m.SearchField","properties":{"placeholder":"Search"},"searchOpenDialogs":true,"interaction":{"idSuffix":"I"}},"wdio_ui5_key":"sapm.SearchField{\"placeholder\":\"Search\"}"}]}
RESULT: undefined
COMMAND: POST /session/9f4c84e4ae75e749cefc69cbdd96fe2c/execute/async - {"script":"<script> [776 bytes]","args":[{"enterText":"bauh_b","selector":{"controlType":"sap.m.SearchField","properties":{"placeholder":"Search"},"searchOpenDialogs":true,"interaction":{"idSuffix":"I"}},"clearTextFirst":true,"interactionType":"ENTER_TEXT"}]}
RESULT: {"script":"<script> [776 bytes]","args":[{"enterText":"bauh_b","selector":{"controlType":"sap.m.SearchField","properties":{"placeholder":"Search"},"searchOpenDialogs":true,"interaction":{"idSuffix":"I"}},"clearTextFirst":true,"interactionType":"ENTER_TEXT"}]}
COMMAND: POST /session/9f4c84e4ae75e749cefc69cbdd96fe2c/actions - {"actions":[{"id":"action21","type":"key","parameters":{},"actions":[{"type":"keyDown","value":""},{"type":"pause","duration":10},{"type":"keyUp","value":""}]}]}
RESULT: {"actions":[{"id":"action21","type":"key","parameters":{},"actions":[{"type":"keyDown","value":""},{"type":"pause","duration":10},{"type":"keyUp","value":""}]}]}
COMMAND: GET /session/9f4c84e4ae75e749cefc69cbdd96fe2c/screenshot - {}
RESULT: {}
COMMAND: POST /session/9f4c84e4ae75e749cefc69cbdd96fe2c/element - {"using":"xpath","value":"//span[contains(text(), \"Demo Yard\")]"}
RESULT: {"using":"xpath","value":"//span[contains(text(), \"Demo Yard\")]"}
COMMAND: POST /session/9f4c84e4ae75e749cefc69cbdd96fe2c/element/f.92C64C74BFFB4A8B431616FE9F273F76.d.66367284FC8B839D30B4439610855947.e.6928/click - {}
RESULT: {}
COMMAND: GET /session/9f4c84e4ae75e749cefc69cbdd96fe2c/screenshot - {}
RESULT: {}
COMMAND: POST /session/9f4c84e4ae75e749cefc69cbdd96fe2c/element - {"using":"xpath","value":"//bdi[contains(text(), \"OK\")]"}
RESULT: {"using":"xpath","value":"//bdi[contains(text(), \"OK\")]"}
COMMAND: POST /session/9f4c84e4ae75e749cefc69cbdd96fe2c/element/f.92C64C74BFFB4A8B431616FE9F273F76.d.66367284FC8B839D30B4439610855947.e.6930/click - {}
RESULT: {}
COMMAND: GET /session/9f4c84e4ae75e749cefc69cbdd96fe2c/screenshot - {}
RESULT: {}
COMMAND: POST /session/9f4c84e4ae75e749cefc69cbdd96fe2c/execute/async - {"script":"<script> [1562 bytes]","args":[{"selector":{"id":"application-manageyards-display-component---NewYard--addressEditDetailsCurrency-arrow"},"wdio_ui5_key":"applicationmanageyards-display-component---NewYard--addressEditDetailsCurrency-arrow"}]}
RESULT: {"script":"<script> [1562 bytes]","args":[{"selector":{"id":"application-manageyards-display-component---NewYard--addressEditDetailsCurrency-arrow"},"wdio_ui5_key":"applicationmanageyards-display-component---NewYard--addressEditDetailsCurrency-arrow"}]}
RESULT: undefined
COMMAND: POST /session/9f4c84e4ae75e749cefc69cbdd96fe2c/element - {"using":"xpath","value":"//*[@id=\"application-manageyards-display-component---NewYard--addressEditDetailsCurrency-arrow\"]"}
RESULT: {"using":"xpath","value":"//*[@id=\"application-manageyards-display-component---NewYard--addressEditDetailsCurrency-arrow\"]"}
COMMAND: POST /session/9f4c84e4ae75e749cefc69cbdd96fe2c/element/f.92C64C74BFFB4A8B431616FE9F273F76.d.66367284FC8B839D30B4439610855947.e.6933/click - {}
RESULT: {}
COMMAND: POST /session/9f4c84e4ae75e749cefc69cbdd96fe2c/element - {"using":"xpath","value":"//span[contains(text(), \"Euro\")]"}
COMMAND: GET /session/9f4c84e4ae75e749cefc69cbdd96fe2c/screenshot - {}
RESULT: {"using":"xpath","value":"//span[contains(text(), \"Euro\")]"}
COMMAND: POST /session/9f4c84e4ae75e749cefc69cbdd96fe2c/element/f.92C64C74BFFB4A8B431616FE9F273F76.d.66367284FC8B839D30B4439610855947.e.6934/click - {}
RESULT: {}
RESULT: {}
COMMAND: POST /session/9f4c84e4ae75e749cefc69cbdd96fe2c/execute/async - {"script":"<script> [1562 bytes]","args":[{"selector":{"controlType":"sap.m.Input","viewName":"etm.portal.ui.manageyards.view.New","viewId":"application-manageyards-display-component---NewYard","bindingPath":{"path":"","propertyPath":"/CONTROLLING_AREA","modelName":"NewYardModel"},"interaction":{"idSuffix":"inner"}},"wdio_ui5_key":"etmportal.ui.manageyards.view.Newsap.m.Input{\"path\":\"\",\"propertyPath\":\"/CONTROLLING_AREA\",\"modelName\":\"NewYardModel\"}"}]}
COMMAND: GET /session/9f4c84e4ae75e749cefc69cbdd96fe2c/screenshot - {}
RESULT: {"script":"<script> [1562 bytes]","args":[{"selector":{"controlType":"sap.m.Input","viewName":"etm.portal.ui.manageyards.view.New","viewId":"application-manageyards-display-component---NewYard","bindingPath":{"path":"","propertyPath":"/CONTROLLING_AREA","modelName":"NewYardModel"},"interaction":{"idSuffix":"inner"}},"wdio_ui5_key":"etmportal.ui.manageyards.view.Newsap.m.Input{\"path\":\"\",\"propertyPath\":\"/CONTROLLING_AREA\",\"modelName\":\"NewYardModel\"}"}]}
RESULT: undefined
COMMAND: POST /session/9f4c84e4ae75e749cefc69cbdd96fe2c/execute/async - {"script":"<script> [776 bytes]","args":[{"enterText":"Z001","selector":{"controlType":"sap.m.Input","viewName":"etm.portal.ui.manageyards.view.New","viewId":"application-manageyards-display-component---NewYard","bindingPath":{"path":"","propertyPath":"/CONTROLLING_AREA","modelName":"NewYardModel"},"interaction":{"idSuffix":"inner"}},"clearTextFirst":true,"interactionType":"ENTER_TEXT"}]}
RESULT: {}
RESULT: {"script":"<script> [776 bytes]","args":[{"enterText":"Z001","selector":{"controlType":"sap.m.Input","viewName":"etm.portal.ui.manageyards.view.New","viewId":"application-manageyards-display-component---NewYard","bindingPath":{"path":"","propertyPath":"/CONTROLLING_AREA","modelName":"NewYardModel"},"interaction":{"idSuffix":"inner"}},"clearTextFirst":true,"interactionType":"ENTER_TEXT"}]}
COMMAND: POST /session/9f4c84e4ae75e749cefc69cbdd96fe2c/execute/async - {"script":"<script> [1562 bytes]","args":[{"selector":{"id":"application-manageyards-display-component---NewYard--companyCodeComboBox","interaction":{"idSuffix":"inner"}},"wdio_ui5_key":"applicationmanageyards-display-component---NewYard--companyCodeComboBox"}]}
RESULT: {"script":"<script> [1562 bytes]","args":[{"selector":{"id":"application-manageyards-display-component---NewYard--companyCodeComboBox","interaction":{"idSuffix":"inner"}},"wdio_ui5_key":"applicationmanageyards-display-component---NewYard--companyCodeComboBox"}]}
RESULT: undefined
COMMAND: POST /session/9f4c84e4ae75e749cefc69cbdd96fe2c/execute/async - {"script":"<script> [776 bytes]","args":[{"enterText":"1000","selector":{"id":"application-manageyards-display-component---NewYard--companyCodeComboBox","interaction":{"idSuffix":"inner"}},"clearTextFirst":true,"interactionType":"ENTER_TEXT"}]}
RESULT: {"script":"<script> [776 bytes]","args":[{"enterText":"1000","selector":{"id":"application-manageyards-display-component---NewYard--companyCodeComboBox","interaction":{"idSuffix":"inner"}},"clearTextFirst":true,"interactionType":"ENTER_TEXT"}]}
COMMAND: POST /session/9f4c84e4ae75e749cefc69cbdd96fe2c/execute/async - {"script":"<script> [1562 bytes]","args":[{"selector":{"controlType":"sap.m.Input","viewName":"etm.portal.ui.manageyards.view.New","viewId":"application-manageyards-display-component---NewYard","bindingPath":{"path":"","propertyPath":"/PLANT","modelName":"NewYardModel"},"interaction":{"idSuffix":"inner"}},"wdio_ui5_key":"etmportal.ui.manageyards.view.Newsap.m.Input{\"path\":\"\",\"propertyPath\":\"/PLANT\",\"modelName\":\"NewYardModel\"}"}]}
RESULT: {"script":"<script> [1562 bytes]","args":[{"selector":{"controlType":"sap.m.Input","viewName":"etm.portal.ui.manageyards.view.New","viewId":"application-manageyards-display-component---NewYard","bindingPath":{"path":"","propertyPath":"/PLANT","modelName":"NewYardModel"},"interaction":{"idSuffix":"inner"}},"wdio_ui5_key":"etmportal.ui.manageyards.view.Newsap.m.Input{\"path\":\"\",\"propertyPath\":\"/PLANT\",\"modelName\":\"NewYardModel\"}"}]}
RESULT: undefined
COMMAND: POST /session/9f4c84e4ae75e749cefc69cbdd96fe2c/execute/async - {"script":"<script> [776 bytes]","args":[{"enterText":"1001","selector":{"controlType":"sap.m.Input","viewName":"etm.portal.ui.manageyards.view.New","viewId":"application-manageyards-display-component---NewYard","bindingPath":{"path":"","propertyPath":"/PLANT","modelName":"NewYardModel"},"interaction":{"idSuffix":"inner"}},"clearTextFirst":true,"interactionType":"ENTER_TEXT"}]}
RESULT: {"script":"<script> [776 bytes]","args":[{"enterText":"1001","selector":{"controlType":"sap.m.Input","viewName":"etm.portal.ui.manageyards.view.New","viewId":"application-manageyards-display-component---NewYard","bindingPath":{"path":"","propertyPath":"/PLANT","modelName":"NewYardModel"},"interaction":{"idSuffix":"inner"}},"clearTextFirst":true,"interactionType":"ENTER_TEXT"}]}
COMMAND: POST /session/9f4c84e4ae75e749cefc69cbdd96fe2c/execute/async - {"script":"<script> [1562 bytes]","args":[{"selector":{"controlType":"sap.m.Input","viewName":"etm.portal.ui.manageyards.view.New","viewId":"application-manageyards-display-component---NewYard","bindingPath":{"path":"","propertyPath":"/SALES_AREA_VKORG","modelName":"NewYardModel"},"interaction":{"idSuffix":"inner"}},"wdio_ui5_key":"etmportal.ui.manageyards.view.Newsap.m.Input{\"path\":\"\",\"propertyPath\":\"/SALES_AREA_VKORG\",\"modelName\":\"NewYardModel\"}"}]}
RESULT: {"script":"<script> [1562 bytes]","args":[{"selector":{"controlType":"sap.m.Input","viewName":"etm.portal.ui.manageyards.view.New","viewId":"application-manageyards-display-component---NewYard","bindingPath":{"path":"","propertyPath":"/SALES_AREA_VKORG","modelName":"NewYardModel"},"interaction":{"idSuffix":"inner"}},"wdio_ui5_key":"etmportal.ui.manageyards.view.Newsap.m.Input{\"path\":\"\",\"propertyPath\":\"/SALES_AREA_VKORG\",\"modelName\":\"NewYardModel\"}"}]}
RESULT: undefined
COMMAND: POST /session/9f4c84e4ae75e749cefc69cbdd96fe2c/execute/async - {"script":"<script> [776 bytes]","args":[{"enterText":"C002","selector":{"controlType":"sap.m.Input","viewName":"etm.portal.ui.manageyards.view.New","viewId":"application-manageyards-display-component---NewYard","bindingPath":{"path":"","propertyPath":"/SALES_AREA_VKORG","modelName":"NewYardModel"},"interaction":{"idSuffix":"inner"}},"clearTextFirst":true,"interactionType":"ENTER_TEXT"}]}
RESULT: {"script":"<script> [776 bytes]","args":[{"enterText":"C002","selector":{"controlType":"sap.m.Input","viewName":"etm.portal.ui.manageyards.view.New","viewId":"application-manageyards-display-component---NewYard","bindingPath":{"path":"","propertyPath":"/SALES_AREA_VKORG","modelName":"NewYardModel"},"interaction":{"idSuffix":"inner"}},"clearTextFirst":true,"interactionType":"ENTER_TEXT"}]}
COMMAND: POST /session/9f4c84e4ae75e749cefc69cbdd96fe2c/execute/async - {"script":"<script> [1562 bytes]","args":[{"selector":{"controlType":"sap.m.Input","viewName":"etm.portal.ui.manageyards.view.New","viewId":"application-manageyards-display-component---NewYard","bindingPath":{"path":"","propertyPath":"/SALES_AREA_VTWEG","modelName":"NewYardModel"},"interaction":{"idSuffix":"inner"}},"wdio_ui5_key":"etmportal.ui.manageyards.view.Newsap.m.Input{\"path\":\"\",\"propertyPath\":\"/SALES_AREA_VTWEG\",\"modelName\":\"NewYardModel\"}"}]}
RESULT: {"script":"<script> [1562 bytes]","args":[{"selector":{"controlType":"sap.m.Input","viewName":"etm.portal.ui.manageyards.view.New","viewId":"application-manageyards-display-component---NewYard","bindingPath":{"path":"","propertyPath":"/SALES_AREA_VTWEG","modelName":"NewYardModel"},"interaction":{"idSuffix":"inner"}},"wdio_ui5_key":"etmportal.ui.manageyards.view.Newsap.m.Input{\"path\":\"\",\"propertyPath\":\"/SALES_AREA_VTWEG\",\"modelName\":\"NewYardModel\"}"}]}
RESULT: undefined
COMMAND: POST /session/9f4c84e4ae75e749cefc69cbdd96fe2c/execute/async - {"script":"<script> [776 bytes]","args":[{"enterText":"C2","selector":{"controlType":"sap.m.Input","viewName":"etm.portal.ui.manageyards.view.New","viewId":"application-manageyards-display-component---NewYard","bindingPath":{"path":"","propertyPath":"/SALES_AREA_VTWEG","modelName":"NewYardModel"},"interaction":{"idSuffix":"inner"}},"clearTextFirst":true,"interactionType":"ENTER_TEXT"}]}
RESULT: {"script":"<script> [776 bytes]","args":[{"enterText":"C2","selector":{"controlType":"sap.m.Input","viewName":"etm.portal.ui.manageyards.view.New","viewId":"application-manageyards-display-component---NewYard","bindingPath":{"path":"","propertyPath":"/SALES_AREA_VTWEG","modelName":"NewYardModel"},"interaction":{"idSuffix":"inner"}},"clearTextFirst":true,"interactionType":"ENTER_TEXT"}]}
COMMAND: POST /session/9f4c84e4ae75e749cefc69cbdd96fe2c/execute/async - {"script":"<script> [1562 bytes]","args":[{"selector":{"controlType":"sap.m.Input","viewName":"etm.portal.ui.manageyards.view.New","viewId":"application-manageyards-display-component---NewYard","bindingPath":{"path":"","propertyPath":"/SALES_AREA_SPART","modelName":"NewYardModel"},"interaction":{"idSuffix":"inner"}},"wdio_ui5_key":"etmportal.ui.manageyards.view.Newsap.m.Input{\"path\":\"\",\"propertyPath\":\"/SALES_AREA_SPART\",\"modelName\":\"NewYardModel\"}"}]}
RESULT: {"script":"<script> [1562 bytes]","args":[{"selector":{"controlType":"sap.m.Input","viewName":"etm.portal.ui.manageyards.view.New","viewId":"application-manageyards-display-component---NewYard","bindingPath":{"path":"","propertyPath":"/SALES_AREA_SPART","modelName":"NewYardModel"},"interaction":{"idSuffix":"inner"}},"wdio_ui5_key":"etmportal.ui.manageyards.view.Newsap.m.Input{\"path\":\"\",\"propertyPath\":\"/SALES_AREA_SPART\",\"modelName\":\"NewYardModel\"}"}]}
RESULT: undefined
COMMAND: POST /session/9f4c84e4ae75e749cefc69cbdd96fe2c/execute/async - {"script":"<script> [776 bytes]","args":[{"enterText":"C2","selector":{"controlType":"sap.m.Input","viewName":"etm.portal.ui.manageyards.view.New","viewId":"application-manageyards-display-component---NewYard","bindingPath":{"path":"","propertyPath":"/SALES_AREA_SPART","modelName":"NewYardModel"},"interaction":{"idSuffix":"inner"}},"clearTextFirst":true,"interactionType":"ENTER_TEXT"}]}
RESULT: {"script":"<script> [776 bytes]","args":[{"enterText":"C2","selector":{"controlType":"sap.m.Input","viewName":"etm.portal.ui.manageyards.view.New","viewId":"application-manageyards-display-component---NewYard","bindingPath":{"path":"","propertyPath":"/SALES_AREA_SPART","modelName":"NewYardModel"},"interaction":{"idSuffix":"inner"}},"clearTextFirst":true,"interactionType":"ENTER_TEXT"}]}
COMMAND: POST /session/9f4c84e4ae75e749cefc69cbdd96fe2c/execute/async - {"script":"<script> [1562 bytes]","args":[{"selector":{"controlType":"sap.m.Input","viewName":"etm.portal.ui.manageyards.view.New","viewId":"application-manageyards-display-component---NewYard","bindingPath":{"path":"","propertyPath":"/SHIP_POINT","modelName":"NewYardModel"},"interaction":{"idSuffix":"inner"}},"wdio_ui5_key":"etmportal.ui.manageyards.view.Newsap.m.Input{\"path\":\"\",\"propertyPath\":\"/SHIP_POINT\",\"modelName\":\"NewYardModel\"}"}]}
RESULT: {"script":"<script> [1562 bytes]","args":[{"selector":{"controlType":"sap.m.Input","viewName":"etm.portal.ui.manageyards.view.New","viewId":"application-manageyards-display-component---NewYard","bindingPath":{"path":"","propertyPath":"/SHIP_POINT","modelName":"NewYardModel"},"interaction":{"idSuffix":"inner"}},"wdio_ui5_key":"etmportal.ui.manageyards.view.Newsap.m.Input{\"path\":\"\",\"propertyPath\":\"/SHIP_POINT\",\"modelName\":\"NewYardModel\"}"}]}
RESULT: undefined
COMMAND: POST /session/9f4c84e4ae75e749cefc69cbdd96fe2c/execute/async - {"script":"<script> [776 bytes]","args":[{"enterText":"1710","selector":{"controlType":"sap.m.Input","viewName":"etm.portal.ui.manageyards.view.New","viewId":"application-manageyards-display-component---NewYard","bindingPath":{"path":"","propertyPath":"/SHIP_POINT","modelName":"NewYardModel"},"interaction":{"idSuffix":"inner"}},"clearTextFirst":true,"interactionType":"ENTER_TEXT"}]}
RESULT: {"script":"<script> [776 bytes]","args":[{"enterText":"1710","selector":{"controlType":"sap.m.Input","viewName":"etm.portal.ui.manageyards.view.New","viewId":"application-manageyards-display-component---NewYard","bindingPath":{"path":"","propertyPath":"/SHIP_POINT","modelName":"NewYardModel"},"interaction":{"idSuffix":"inner"}},"clearTextFirst":true,"interactionType":"ENTER_TEXT"}]}
COMMAND: POST /session/9f4c84e4ae75e749cefc69cbdd96fe2c/execute/async - {"script":"<script> [1562 bytes]","args":[{"selector":{"controlType":"sap.m.Input","viewName":"etm.portal.ui.manageyards.view.New","viewId":"application-manageyards-display-component---NewYard","bindingPath":{"path":"","propertyPath":"/DELIVERY_TYPE","modelName":"NewYardModel"},"interaction":{"idSuffix":"inner"}},"wdio_ui5_key":"etmportal.ui.manageyards.view.Newsap.m.Input{\"path\":\"\",\"propertyPath\":\"/DELIVERY_TYPE\",\"modelName\":\"NewYardModel\"}"}]}
RESULT: {"script":"<script> [1562 bytes]","args":[{"selector":{"controlType":"sap.m.Input","viewName":"etm.portal.ui.manageyards.view.New","viewId":"application-manageyards-display-component---NewYard","bindingPath":{"path":"","propertyPath":"/DELIVERY_TYPE","modelName":"NewYardModel"},"interaction":{"idSuffix":"inner"}},"wdio_ui5_key":"etmportal.ui.manageyards.view.Newsap.m.Input{\"path\":\"\",\"propertyPath\":\"/DELIVERY_TYPE\",\"modelName\":\"NewYardModel\"}"}]}
RESULT: undefined
COMMAND: POST /session/9f4c84e4ae75e749cefc69cbdd96fe2c/execute/async - {"script":"<script> [776 bytes]","args":[{"enterText":"ZL01","selector":{"controlType":"sap.m.Input","viewName":"etm.portal.ui.manageyards.view.New","viewId":"application-manageyards-display-component---NewYard","bindingPath":{"path":"","propertyPath":"/DELIVERY_TYPE","modelName":"NewYardModel"},"interaction":{"idSuffix":"inner"}},"clearTextFirst":true,"interactionType":"ENTER_TEXT"}]}
RESULT: {"script":"<script> [776 bytes]","args":[{"enterText":"ZL01","selector":{"controlType":"sap.m.Input","viewName":"etm.portal.ui.manageyards.view.New","viewId":"application-manageyards-display-component---NewYard","bindingPath":{"path":"","propertyPath":"/DELIVERY_TYPE","modelName":"NewYardModel"},"interaction":{"idSuffix":"inner"}},"clearTextFirst":true,"interactionType":"ENTER_TEXT"}]}
COMMAND: POST /session/9f4c84e4ae75e749cefc69cbdd96fe2c/execute/async - {"script":"<script> [1562 bytes]","args":[{"selector":{"controlType":"sap.m.Input","viewName":"etm.portal.ui.manageyards.view.New","viewId":"application-manageyards-display-component---NewYard","bindingPath":{"path":"","propertyPath":"/AUART","modelName":"NewYardModel"},"interaction":{"idSuffix":"inner"}},"wdio_ui5_key":"etmportal.ui.manageyards.view.Newsap.m.Input{\"path\":\"\",\"propertyPath\":\"/AUART\",\"modelName\":\"NewYardModel\"}"}]}
RESULT: {"script":"<script> [1562 bytes]","args":[{"selector":{"controlType":"sap.m.Input","viewName":"etm.portal.ui.manageyards.view.New","viewId":"application-manageyards-display-component---NewYard","bindingPath":{"path":"","propertyPath":"/AUART","modelName":"NewYardModel"},"interaction":{"idSuffix":"inner"}},"wdio_ui5_key":"etmportal.ui.manageyards.view.Newsap.m.Input{\"path\":\"\",\"propertyPath\":\"/AUART\",\"modelName\":\"NewYardModel\"}"}]}
RESULT: undefined
COMMAND: POST /session/9f4c84e4ae75e749cefc69cbdd96fe2c/execute/async - {"script":"<script> [776 bytes]","args":[{"enterText":"TA","selector":{"controlType":"sap.m.Input","viewName":"etm.portal.ui.manageyards.view.New","viewId":"application-manageyards-display-component---NewYard","bindingPath":{"path":"","propertyPath":"/AUART","modelName":"NewYardModel"},"interaction":{"idSuffix":"inner"}},"clearTextFirst":true,"interactionType":"ENTER_TEXT"}]}
RESULT: {"script":"<script> [776 bytes]","args":[{"enterText":"TA","selector":{"controlType":"sap.m.Input","viewName":"etm.portal.ui.manageyards.view.New","viewId":"application-manageyards-display-component---NewYard","bindingPath":{"path":"","propertyPath":"/AUART","modelName":"NewYardModel"},"interaction":{"idSuffix":"inner"}},"clearTextFirst":true,"interactionType":"ENTER_TEXT"}]}
COMMAND: POST /session/9f4c84e4ae75e749cefc69cbdd96fe2c/element - {"using":"xpath","value":"//button[@data-kt=\"newYardSaveButton\"]"}
RESULT: {"using":"xpath","value":"//button[@data-kt=\"newYardSaveButton\"]"}
COMMAND: POST /session/9f4c84e4ae75e749cefc69cbdd96fe2c/element/f.92C64C74BFFB4A8B431616FE9F273F76.d.66367284FC8B839D30B4439610855947.e.6902/click - {}
RESULT: {}
COMMAND: GET /session/9f4c84e4ae75e749cefc69cbdd96fe2c/screenshot - {}
RESULT: {}
COMMAND: POST /session/9f4c84e4ae75e749cefc69cbdd96fe2c/element - {"using":"xpath","value":"//header[contains(@id, 'ObjectPageLayout-headerTitle')]/div[1]/div[2]/div[1]/span[1]"}
RESULT: {"using":"xpath","value":"//header[contains(@id, 'ObjectPageLayout-headerTitle')]/div[1]/div[2]/div[1]/span[1]"}
COMMAND: POST /session/9f4c84e4ae75e749cefc69cbdd96fe2c/elements - {"using":"xpath","value":"//header[contains(@id, 'ObjectPageLayout-headerTitle')]/div[1]/div[2]/div[1]/span[1]"}
RESULT: {"using":"xpath","value":"//header[contains(@id, 'ObjectPageLayout-headerTitle')]/div[1]/div[2]/div[1]/span[1]"}
COMMAND: POST /session/9f4c84e4ae75e749cefc69cbdd96fe2c/execute/sync - {"script":"<script> [56 bytes]","args":[{"element-6066-11e4-a52e-4f735466cecf":"f.92C64C74BFFB4A8B431616FE9F273F76.d.66367284FC8B839D30B4439610855947.e.7152","ELEMENT":"f.92C64C74BFFB4A8B431616FE9F273F76.d.66367284FC8B839D30B4439610855947.e.7152"}]}
RESULT: {"script":"<script> [56 bytes]","args":[{"element-6066-11e4-a52e-4f735466cecf":"f.92C64C74BFFB4A8B431616FE9F273F76.d.66367284FC8B839D30B4439610855947.e.7152","ELEMENT":"f.92C64C74BFFB4A8B431616FE9F273F76.d.66367284FC8B839D30B4439610855947.e.7152"}]}
COMMAND: GET /session/9f4c84e4ae75e749cefc69cbdd96fe2c/screenshot - {}
RESULT: {}
COMMAND: POST /session/9f4c84e4ae75e749cefc69cbdd96fe2c/element - {"using":"css selector","value":"#shell-header-logo"}
RESULT: {"using":"css selector","value":"#shell-header-logo"}
COMMAND: POST /session/9f4c84e4ae75e749cefc69cbdd96fe2c/element/f.92C64C74BFFB4A8B431616FE9F273F76.d.66367284FC8B839D30B4439610855947.e.6457/click - {}
RESULT: {}
COMMAND: GET /session/9f4c84e4ae75e749cefc69cbdd96fe2c/screenshot - {}
RESULT: {}
COMMAND: POST /session/9f4c84e4ae75e749cefc69cbdd96fe2c/execute/sync - {"script":"<script> [299 bytes]","args":[["getModel","getResource"]]}
RESULT: {"script":"<script> [299 bytes]","args":[["getModel","getResource"]]}
]]></system-out>
    </testcase>
    <testcase classname="chrome.136_0_7103_93.windows.Create_master_data_for_mixed_billing_&amp;_do_billing_calculation_US151661" name="Should create a new partner" time="150.025">
      <system-out><![CDATA[
COMMAND: GET /session/9f4c84e4ae75e749cefc69cbdd96fe2c/screenshot - {}
COMMAND: POST /session/9f4c84e4ae75e749cefc69cbdd96fe2c/window/fullscreen - {}
RESULT: {}
RESULT: {}
COMMAND: POST /session/9f4c84e4ae75e749cefc69cbdd96fe2c/execute/async - {"script":"<script> [1562 bytes]","args":[{"selector":{"controlType":"sap.m.GenericTile","properties":{"header":"Manage Partners"}},"wdio_ui5_key":"sapm.GenericTile{\"header\":\"Manage Partners\"}"}]}
RESULT: {"script":"<script> [1562 bytes]","args":[{"selector":{"controlType":"sap.m.GenericTile","properties":{"header":"Manage Partners"}},"wdio_ui5_key":"sapm.GenericTile{\"header\":\"Manage Partners\"}"}]}
RESULT: undefined
COMMAND: POST /session/9f4c84e4ae75e749cefc69cbdd96fe2c/element - {"using":"xpath","value":"//*[@id=\"__tile38\"]"}
RESULT: {"using":"xpath","value":"//*[@id=\"__tile38\"]"}
COMMAND: POST /session/9f4c84e4ae75e749cefc69cbdd96fe2c/element/f.92C64C74BFFB4A8B431616FE9F273F76.d.66367284FC8B839D30B4439610855947.e.6347/click - {}
RESULT: {}
COMMAND: GET /session/9f4c84e4ae75e749cefc69cbdd96fe2c/screenshot - {}
RESULT: {}
COMMAND: POST /session/9f4c84e4ae75e749cefc69cbdd96fe2c/elements - {"using":"xpath","value":"//span[text()='Error']"}
RESULT: {"using":"xpath","value":"//span[text()='Error']"}
COMMAND: POST /session/9f4c84e4ae75e749cefc69cbdd96fe2c/element - {"using":"xpath","value":"//button[@data-kt=\"addButton\"]"}
RESULT: {"using":"xpath","value":"//button[@data-kt=\"addButton\"]"}
COMMAND: POST /session/9f4c84e4ae75e749cefc69cbdd96fe2c/elements - {"using":"xpath","value":"//button[@data-kt=\"addButton\"]"}
RESULT: {"using":"xpath","value":"//button[@data-kt=\"addButton\"]"}
COMMAND: POST /session/9f4c84e4ae75e749cefc69cbdd96fe2c/elements - {"using":"xpath","value":"//button[@data-kt=\"addButton\"]"}
RESULT: {"using":"xpath","value":"//button[@data-kt=\"addButton\"]"}
COMMAND: POST /session/9f4c84e4ae75e749cefc69cbdd96fe2c/element - {"using":"xpath","value":"//button[@data-kt=\"addButton\"]"}
RESULT: {"using":"xpath","value":"//button[@data-kt=\"addButton\"]"}
COMMAND: POST /session/9f4c84e4ae75e749cefc69cbdd96fe2c/execute/sync - {"script":"<script> [8489 bytes]","args":[{"element-6066-11e4-a52e-4f735466cecf":"f.92C64C74BFFB4A8B431616FE9F273F76.d.66367284FC8B839D30B4439610855947.e.7201","ELEMENT":"f.92C64C74BFFB4A8B431616FE9F273F76.d.66367284FC8B839D30B4439610855947.e.7201"}]}
RESULT: {"script":"<script> [8489 bytes]","args":[{"element-6066-11e4-a52e-4f735466cecf":"f.92C64C74BFFB4A8B431616FE9F273F76.d.66367284FC8B839D30B4439610855947.e.7201","ELEMENT":"f.92C64C74BFFB4A8B431616FE9F273F76.d.66367284FC8B839D30B4439610855947.e.7201"}]}
COMMAND: GET /session/9f4c84e4ae75e749cefc69cbdd96fe2c/element/f.92C64C74BFFB4A8B431616FE9F273F76.d.66367284FC8B839D30B4439610855947.e.7201/enabled - {}
COMMAND: GET /session/9f4c84e4ae75e749cefc69cbdd96fe2c/screenshot - {}
RESULT: {}
COMMAND: POST /session/9f4c84e4ae75e749cefc69cbdd96fe2c/execute/sync - {"script":"<script> [8489 bytes]","args":[{"element-6066-11e4-a52e-4f735466cecf":"f.92C64C74BFFB4A8B431616FE9F273F76.d.66367284FC8B839D30B4439610855947.e.7201","ELEMENT":"f.92C64C74BFFB4A8B431616FE9F273F76.d.66367284FC8B839D30B4439610855947.e.7201"}]}
COMMAND: GET /session/9f4c84e4ae75e749cefc69cbdd96fe2c/screenshot - {}
RESULT: {}
RESULT: {"script":"<script> [8489 bytes]","args":[{"element-6066-11e4-a52e-4f735466cecf":"f.92C64C74BFFB4A8B431616FE9F273F76.d.66367284FC8B839D30B4439610855947.e.7201","ELEMENT":"f.92C64C74BFFB4A8B431616FE9F273F76.d.66367284FC8B839D30B4439610855947.e.7201"}]}
COMMAND: POST /session/9f4c84e4ae75e749cefc69cbdd96fe2c/execute/sync - {"script":"<script> [5351 bytes]","args":[{"element-6066-11e4-a52e-4f735466cecf":"f.92C64C74BFFB4A8B431616FE9F273F76.d.66367284FC8B839D30B4439610855947.e.7201","ELEMENT":"f.92C64C74BFFB4A8B431616FE9F273F76.d.66367284FC8B839D30B4439610855947.e.7201"}]}
COMMAND: GET /session/9f4c84e4ae75e749cefc69cbdd96fe2c/screenshot - {}
RESULT: {}
RESULT: {"script":"<script> [5351 bytes]","args":[{"element-6066-11e4-a52e-4f735466cecf":"f.92C64C74BFFB4A8B431616FE9F273F76.d.66367284FC8B839D30B4439610855947.e.7201","ELEMENT":"f.92C64C74BFFB4A8B431616FE9F273F76.d.66367284FC8B839D30B4439610855947.e.7201"}]}
COMMAND: POST /session/9f4c84e4ae75e749cefc69cbdd96fe2c/element/f.92C64C74BFFB4A8B431616FE9F273F76.d.66367284FC8B839D30B4439610855947.e.7201/click - {}
COMMAND: GET /session/9f4c84e4ae75e749cefc69cbdd96fe2c/screenshot - {}
RESULT: {}
RESULT: {}
COMMAND: GET /session/9f4c84e4ae75e749cefc69cbdd96fe2c/screenshot - {}
COMMAND: POST /session/9f4c84e4ae75e749cefc69cbdd96fe2c/execute/async - {"script":"<script> [1562 bytes]","args":[{"selector":{"id":"application-managepartners-display-component---NewPartner--addressDetailDetailsName1","interaction":{"idSuffix":"inner"}},"wdio_ui5_key":"applicationmanagepartners-display-component---NewPartner--addressDetailDetailsName1"}]}
RESULT: {}
RESULT: {}
RESULT: {"script":"<script> [1562 bytes]","args":[{"selector":{"id":"application-managepartners-display-component---NewPartner--addressDetailDetailsName1","interaction":{"idSuffix":"inner"}},"wdio_ui5_key":"applicationmanagepartners-display-component---NewPartner--addressDetailDetailsName1"}]}
RESULT: undefined
COMMAND: POST /session/9f4c84e4ae75e749cefc69cbdd96fe2c/execute/async - {"script":"<script> [776 bytes]","args":[{"enterText":"Intercompany Partner WDIO","selector":{"id":"application-managepartners-display-component---NewPartner--addressDetailDetailsName1","interaction":{"idSuffix":"inner"}},"clearTextFirst":true,"interactionType":"ENTER_TEXT"}]}
RESULT: {"script":"<script> [776 bytes]","args":[{"enterText":"Intercompany Partner WDIO","selector":{"id":"application-managepartners-display-component---NewPartner--addressDetailDetailsName1","interaction":{"idSuffix":"inner"}},"clearTextFirst":true,"interactionType":"ENTER_TEXT"}]}
COMMAND: POST /session/9f4c84e4ae75e749cefc69cbdd96fe2c/execute/async - {"script":"<script> [1562 bytes]","args":[{"selector":{"id":"application-managepartners-display-component---NewPartner--addressDetailDetailsLanguage-arrow"},"wdio_ui5_key":"applicationmanagepartners-display-component---NewPartner--addressDetailDetailsLanguage-arrow"}]}
RESULT: {"script":"<script> [1562 bytes]","args":[{"selector":{"id":"application-managepartners-display-component---NewPartner--addressDetailDetailsLanguage-arrow"},"wdio_ui5_key":"applicationmanagepartners-display-component---NewPartner--addressDetailDetailsLanguage-arrow"}]}
RESULT: undefined
COMMAND: POST /session/9f4c84e4ae75e749cefc69cbdd96fe2c/element - {"using":"xpath","value":"//*[@id=\"application-managepartners-display-component---NewPartner--addressDetailDetailsLanguage-arrow\"]"}
RESULT: {"using":"xpath","value":"//*[@id=\"application-managepartners-display-component---NewPartner--addressDetailDetailsLanguage-arrow\"]"}
COMMAND: POST /session/9f4c84e4ae75e749cefc69cbdd96fe2c/element/f.92C64C74BFFB4A8B431616FE9F273F76.d.66367284FC8B839D30B4439610855947.e.7634/click - {}
RESULT: {}
COMMAND: POST /session/9f4c84e4ae75e749cefc69cbdd96fe2c/element - {"using":"xpath","value":"//span[contains(text(), \"English\")]"}
COMMAND: GET /session/9f4c84e4ae75e749cefc69cbdd96fe2c/screenshot - {}
RESULT: {"using":"xpath","value":"//span[contains(text(), \"English\")]"}
COMMAND: POST /session/9f4c84e4ae75e749cefc69cbdd96fe2c/element/f.92C64C74BFFB4A8B431616FE9F273F76.d.66367284FC8B839D30B4439610855947.e.7635/click - {}
RESULT: {}
RESULT: {}
COMMAND: GET /session/9f4c84e4ae75e749cefc69cbdd96fe2c/screenshot - {}
RESULT: {}
COMMAND: POST /session/9f4c84e4ae75e749cefc69cbdd96fe2c/execute/async - {"script":"<script> [1562 bytes]","args":[{"selector":{"id":"application-managepartners-display-component---NewPartner--addressDetailDetailsCity1","interaction":{"idSuffix":"inner"}},"wdio_ui5_key":"applicationmanagepartners-display-component---NewPartner--addressDetailDetailsCity1"}]}
RESULT: {"script":"<script> [1562 bytes]","args":[{"selector":{"id":"application-managepartners-display-component---NewPartner--addressDetailDetailsCity1","interaction":{"idSuffix":"inner"}},"wdio_ui5_key":"applicationmanagepartners-display-component---NewPartner--addressDetailDetailsCity1"}]}
RESULT: undefined
COMMAND: POST /session/9f4c84e4ae75e749cefc69cbdd96fe2c/execute/async - {"script":"<script> [776 bytes]","args":[{"enterText":"Rosario","selector":{"id":"application-managepartners-display-component---NewPartner--addressDetailDetailsCity1","interaction":{"idSuffix":"inner"}},"clearTextFirst":true,"interactionType":"ENTER_TEXT"}]}
RESULT: {"script":"<script> [776 bytes]","args":[{"enterText":"Rosario","selector":{"id":"application-managepartners-display-component---NewPartner--addressDetailDetailsCity1","interaction":{"idSuffix":"inner"}},"clearTextFirst":true,"interactionType":"ENTER_TEXT"}]}
COMMAND: POST /session/9f4c84e4ae75e749cefc69cbdd96fe2c/execute/async - {"script":"<script> [1562 bytes]","args":[{"selector":{"id":"application-managepartners-display-component---NewPartner--addressDetailDetailsCountry-arrow"},"wdio_ui5_key":"applicationmanagepartners-display-component---NewPartner--addressDetailDetailsCountry-arrow"}]}
RESULT: {"script":"<script> [1562 bytes]","args":[{"selector":{"id":"application-managepartners-display-component---NewPartner--addressDetailDetailsCountry-arrow"},"wdio_ui5_key":"applicationmanagepartners-display-component---NewPartner--addressDetailDetailsCountry-arrow"}]}
RESULT: undefined
COMMAND: POST /session/9f4c84e4ae75e749cefc69cbdd96fe2c/element - {"using":"xpath","value":"//*[@id=\"application-managepartners-display-component---NewPartner--addressDetailDetailsCountry-arrow\"]"}
RESULT: {"using":"xpath","value":"//*[@id=\"application-managepartners-display-component---NewPartner--addressDetailDetailsCountry-arrow\"]"}
COMMAND: POST /session/9f4c84e4ae75e749cefc69cbdd96fe2c/element/f.92C64C74BFFB4A8B431616FE9F273F76.d.66367284FC8B839D30B4439610855947.e.7613/click - {}
RESULT: {}
COMMAND: POST /session/9f4c84e4ae75e749cefc69cbdd96fe2c/element - {"using":"xpath","value":"//span[contains(text(), \"Argentina\")]"}
COMMAND: GET /session/9f4c84e4ae75e749cefc69cbdd96fe2c/screenshot - {}
RESULT: {"using":"xpath","value":"//span[contains(text(), \"Argentina\")]"}
COMMAND: POST /session/9f4c84e4ae75e749cefc69cbdd96fe2c/element/f.92C64C74BFFB4A8B431616FE9F273F76.d.66367284FC8B839D30B4439610855947.e.7637/click - {}
RESULT: {}
RESULT: {}
COMMAND: GET /session/9f4c84e4ae75e749cefc69cbdd96fe2c/screenshot - {}
RESULT: {}
COMMAND: POST /session/9f4c84e4ae75e749cefc69cbdd96fe2c/element - {"using":"xpath","value":"//bdi[contains(text(), \"Commercial\")]"}
RESULT: {"using":"xpath","value":"//bdi[contains(text(), \"Commercial\")]"}
COMMAND: POST /session/9f4c84e4ae75e749cefc69cbdd96fe2c/element/f.92C64C74BFFB4A8B431616FE9F273F76.d.66367284FC8B839D30B4439610855947.e.7638/click - {}
RESULT: {}
COMMAND: GET /session/9f4c84e4ae75e749cefc69cbdd96fe2c/screenshot - {}
RESULT: {}
COMMAND: POST /session/9f4c84e4ae75e749cefc69cbdd96fe2c/execute/async - {"script":"<script> [1562 bytes]","args":[{"selector":{"id":"application-managepartners-display-component---NewPartner--partnerDetailInternal-arrow"},"wdio_ui5_key":"applicationmanagepartners-display-component---NewPartner--partnerDetailInternal-arrow"}]}
RESULT: {"script":"<script> [1562 bytes]","args":[{"selector":{"id":"application-managepartners-display-component---NewPartner--partnerDetailInternal-arrow"},"wdio_ui5_key":"applicationmanagepartners-display-component---NewPartner--partnerDetailInternal-arrow"}]}
RESULT: undefined
COMMAND: POST /session/9f4c84e4ae75e749cefc69cbdd96fe2c/element - {"using":"xpath","value":"//*[@id=\"application-managepartners-display-component---NewPartner--partnerDetailInternal-arrow\"]"}
RESULT: {"using":"xpath","value":"//*[@id=\"application-managepartners-display-component---NewPartner--partnerDetailInternal-arrow\"]"}
COMMAND: POST /session/9f4c84e4ae75e749cefc69cbdd96fe2c/element/f.92C64C74BFFB4A8B431616FE9F273F76.d.66367284FC8B839D30B4439610855947.e.7646/click - {}
RESULT: {}
COMMAND: POST /session/9f4c84e4ae75e749cefc69cbdd96fe2c/element - {"using":"xpath","value":"//span[contains(text(), \"Affiliated company\")]"}
COMMAND: GET /session/9f4c84e4ae75e749cefc69cbdd96fe2c/screenshot - {}
RESULT: {"using":"xpath","value":"//span[contains(text(), \"Affiliated company\")]"}
COMMAND: POST /session/9f4c84e4ae75e749cefc69cbdd96fe2c/element/f.92C64C74BFFB4A8B431616FE9F273F76.d.66367284FC8B839D30B4439610855947.e.7647/click - {}
RESULT: {}
RESULT: {}
COMMAND: POST /session/9f4c84e4ae75e749cefc69cbdd96fe2c/execute/async - {"script":"<script> [1562 bytes]","args":[{"selector":{"id":"application-managepartners-display-component---NewPartner--partnerDetailsCurrency-arrow"},"wdio_ui5_key":"applicationmanagepartners-display-component---NewPartner--partnerDetailsCurrency-arrow"}]}
COMMAND: GET /session/9f4c84e4ae75e749cefc69cbdd96fe2c/screenshot - {}
RESULT: {"script":"<script> [1562 bytes]","args":[{"selector":{"id":"application-managepartners-display-component---NewPartner--partnerDetailsCurrency-arrow"},"wdio_ui5_key":"applicationmanagepartners-display-component---NewPartner--partnerDetailsCurrency-arrow"}]}
RESULT: undefined
COMMAND: POST /session/9f4c84e4ae75e749cefc69cbdd96fe2c/element - {"using":"xpath","value":"//*[@id=\"application-managepartners-display-component---NewPartner--partnerDetailsCurrency-arrow\"]"}
RESULT: {}
RESULT: {"using":"xpath","value":"//*[@id=\"application-managepartners-display-component---NewPartner--partnerDetailsCurrency-arrow\"]"}
COMMAND: POST /session/9f4c84e4ae75e749cefc69cbdd96fe2c/element/f.92C64C74BFFB4A8B431616FE9F273F76.d.66367284FC8B839D30B4439610855947.e.7654/click - {}
RESULT: {}
COMMAND: POST /session/9f4c84e4ae75e749cefc69cbdd96fe2c/element - {"using":"xpath","value":"//span[contains(text(), \"Euro\")]"}
COMMAND: GET /session/9f4c84e4ae75e749cefc69cbdd96fe2c/screenshot - {}
RESULT: {"using":"xpath","value":"//span[contains(text(), \"Euro\")]"}
COMMAND: POST /session/9f4c84e4ae75e749cefc69cbdd96fe2c/element/f.92C64C74BFFB4A8B431616FE9F273F76.d.66367284FC8B839D30B4439610855947.e.7655/click - {}
RESULT: {}
RESULT: {}
COMMAND: POST /session/9f4c84e4ae75e749cefc69cbdd96fe2c/execute/async - {"script":"<script> [1562 bytes]","args":[{"selector":{"id":"application-managepartners-display-component---NewPartner--addressEditDetailsCostObjectCstType-arrow"},"wdio_ui5_key":"applicationmanagepartners-display-component---NewPartner--addressEditDetailsCostObjectCstType-arrow"}]}
COMMAND: GET /session/9f4c84e4ae75e749cefc69cbdd96fe2c/screenshot - {}
RESULT: {"script":"<script> [1562 bytes]","args":[{"selector":{"id":"application-managepartners-display-component---NewPartner--addressEditDetailsCostObjectCstType-arrow"},"wdio_ui5_key":"applicationmanagepartners-display-component---NewPartner--addressEditDetailsCostObjectCstType-arrow"}]}
RESULT: undefined
COMMAND: POST /session/9f4c84e4ae75e749cefc69cbdd96fe2c/element - {"using":"xpath","value":"//*[@id=\"application-managepartners-display-component---NewPartner--addressEditDetailsCostObjectCstType-arrow\"]"}
RESULT: {}
RESULT: {"using":"xpath","value":"//*[@id=\"application-managepartners-display-component---NewPartner--addressEditDetailsCostObjectCstType-arrow\"]"}
COMMAND: POST /session/9f4c84e4ae75e749cefc69cbdd96fe2c/element/f.92C64C74BFFB4A8B431616FE9F273F76.d.66367284FC8B839D30B4439610855947.e.7656/click - {}
RESULT: {}
COMMAND: POST /session/9f4c84e4ae75e749cefc69cbdd96fe2c/element - {"using":"xpath","value":"//span[contains(text(), \"Cost Center\")]"}
COMMAND: GET /session/9f4c84e4ae75e749cefc69cbdd96fe2c/screenshot - {}
RESULT: {"using":"xpath","value":"//span[contains(text(), \"Cost Center\")]"}
COMMAND: POST /session/9f4c84e4ae75e749cefc69cbdd96fe2c/element/f.92C64C74BFFB4A8B431616FE9F273F76.d.66367284FC8B839D30B4439610855947.e.7657/click - {}
RESULT: {}
RESULT: {}
COMMAND: GET /session/9f4c84e4ae75e749cefc69cbdd96fe2c/screenshot - {}
RESULT: {}
COMMAND: POST /session/9f4c84e4ae75e749cefc69cbdd96fe2c/element - {"using":"xpath","value":"//span[@id=\"application-managepartners-display-component---NewPartner--addressNewCostObjectCstID-vhi\"]"}
RESULT: {"using":"xpath","value":"//span[@id=\"application-managepartners-display-component---NewPartner--addressNewCostObjectCstID-vhi\"]"}
COMMAND: POST /session/9f4c84e4ae75e749cefc69cbdd96fe2c/execute/sync - {"script":"<script> [8489 bytes]","args":[{"element-6066-11e4-a52e-4f735466cecf":"f.92C64C74BFFB4A8B431616FE9F273F76.d.66367284FC8B839D30B4439610855947.e.7661","ELEMENT":"f.92C64C74BFFB4A8B431616FE9F273F76.d.66367284FC8B839D30B4439610855947.e.7661"}]}
RESULT: {"script":"<script> [8489 bytes]","args":[{"element-6066-11e4-a52e-4f735466cecf":"f.92C64C74BFFB4A8B431616FE9F273F76.d.66367284FC8B839D30B4439610855947.e.7661","ELEMENT":"f.92C64C74BFFB4A8B431616FE9F273F76.d.66367284FC8B839D30B4439610855947.e.7661"}]}
COMMAND: POST /session/9f4c84e4ae75e749cefc69cbdd96fe2c/execute/async - {"script":"<script> [1562 bytes]","args":[{"selector":{"id":"application-managepartners-display-component---NewPartner--addressNewCostObjectCstID-vhi"},"wdio_ui5_key":"applicationmanagepartners-display-component---NewPartner--addressNewCostObjectCstID-vhi"}]}
COMMAND: GET /session/9f4c84e4ae75e749cefc69cbdd96fe2c/screenshot - {}
RESULT: {"script":"<script> [1562 bytes]","args":[{"selector":{"id":"application-managepartners-display-component---NewPartner--addressNewCostObjectCstID-vhi"},"wdio_ui5_key":"applicationmanagepartners-display-component---NewPartner--addressNewCostObjectCstID-vhi"}]}
RESULT: undefined
COMMAND: POST /session/9f4c84e4ae75e749cefc69cbdd96fe2c/element - {"using":"xpath","value":"//*[@id=\"application-managepartners-display-component---NewPartner--addressNewCostObjectCstID-vhi\"]"}
RESULT: {}
RESULT: {"using":"xpath","value":"//*[@id=\"application-managepartners-display-component---NewPartner--addressNewCostObjectCstID-vhi\"]"}
COMMAND: POST /session/9f4c84e4ae75e749cefc69cbdd96fe2c/element/f.92C64C74BFFB4A8B431616FE9F273F76.d.66367284FC8B839D30B4439610855947.e.7661/click - {}
RESULT: {}
COMMAND: GET /session/9f4c84e4ae75e749cefc69cbdd96fe2c/screenshot - {}
RESULT: {}
RESULT: undefined
COMMAND: POST /session/9f4c84e4ae75e749cefc69cbdd96fe2c/execute/async - {"script":"<script> [776 bytes]","args":[{"enterText":"10001013","selector":{"controlType":"sap.m.SearchField","properties":{"placeholder":"Search"},"searchOpenDialogs":true,"interaction":{"idSuffix":"I"}},"clearTextFirst":true,"interactionType":"ENTER_TEXT"}]}
RESULT: {"script":"<script> [776 bytes]","args":[{"enterText":"10001013","selector":{"controlType":"sap.m.SearchField","properties":{"placeholder":"Search"},"searchOpenDialogs":true,"interaction":{"idSuffix":"I"}},"clearTextFirst":true,"interactionType":"ENTER_TEXT"}]}
COMMAND: POST /session/9f4c84e4ae75e749cefc69cbdd96fe2c/actions - {"actions":[{"id":"action22","type":"key","parameters":{},"actions":[{"type":"keyDown","value":""},{"type":"pause","duration":10},{"type":"keyUp","value":""}]}]}
RESULT: {"actions":[{"id":"action22","type":"key","parameters":{},"actions":[{"type":"keyDown","value":""},{"type":"pause","duration":10},{"type":"keyUp","value":""}]}]}
COMMAND: GET /session/9f4c84e4ae75e749cefc69cbdd96fe2c/screenshot - {}
RESULT: {}
COMMAND: POST /session/9f4c84e4ae75e749cefc69cbdd96fe2c/element - {"using":"xpath","value":"//span[contains(text(), \"General Management\")]"}
RESULT: {"using":"xpath","value":"//span[contains(text(), \"General Management\")]"}
COMMAND: POST /session/9f4c84e4ae75e749cefc69cbdd96fe2c/element/f.92C64C74BFFB4A8B431616FE9F273F76.d.66367284FC8B839D30B4439610855947.e.7700/click - {}
RESULT: {}
COMMAND: GET /session/9f4c84e4ae75e749cefc69cbdd96fe2c/screenshot - {}
RESULT: {}
COMMAND: POST /session/9f4c84e4ae75e749cefc69cbdd96fe2c/element - {"using":"xpath","value":"//bdi[contains(text(), \"OK\")]"}
RESULT: {"using":"xpath","value":"//bdi[contains(text(), \"OK\")]"}
COMMAND: POST /session/9f4c84e4ae75e749cefc69cbdd96fe2c/element/f.92C64C74BFFB4A8B431616FE9F273F76.d.66367284FC8B839D30B4439610855947.e.7701/click - {}
RESULT: {}
COMMAND: GET /session/9f4c84e4ae75e749cefc69cbdd96fe2c/screenshot - {}
RESULT: {}
COMMAND: POST /session/9f4c84e4ae75e749cefc69cbdd96fe2c/element - {"using":"xpath","value":"//input[@id=\"application-managepartners-display-component---NewPartner--companyCodeComboBox-inner\"]"}
RESULT: {"using":"xpath","value":"//input[@id=\"application-managepartners-display-component---NewPartner--companyCodeComboBox-inner\"]"}
COMMAND: POST /session/9f4c84e4ae75e749cefc69cbdd96fe2c/element/f.92C64C74BFFB4A8B431616FE9F273F76.d.66367284FC8B839D30B4439610855947.e.7547/clear - {}
RESULT: {}
COMMAND: POST /session/9f4c84e4ae75e749cefc69cbdd96fe2c/element/f.92C64C74BFFB4A8B431616FE9F273F76.d.66367284FC8B839D30B4439610855947.e.7547/value - {"text":"C002"}
COMMAND: GET /session/9f4c84e4ae75e749cefc69cbdd96fe2c/screenshot - {}
RESULT: {"text":"C002"}
COMMAND: GET /session/9f4c84e4ae75e749cefc69cbdd96fe2c/screenshot - {}
RESULT: {}
RESULT: {}
COMMAND: POST /session/9f4c84e4ae75e749cefc69cbdd96fe2c/element - {"using":"xpath","value":"//li[.//span[text()= \"C002\"]]"}
RESULT: {"using":"xpath","value":"//li[.//span[text()= \"C002\"]]"}
COMMAND: POST /session/9f4c84e4ae75e749cefc69cbdd96fe2c/element/f.92C64C74BFFB4A8B431616FE9F273F76.d.66367284FC8B839D30B4439610855947.e.7707/click - {}
RESULT: {}
COMMAND: GET /session/9f4c84e4ae75e749cefc69cbdd96fe2c/screenshot - {}
RESULT: {}
COMMAND: POST /session/9f4c84e4ae75e749cefc69cbdd96fe2c/execute/async - {"script":"<script> [1562 bytes]","args":[{"selector":{"id":"application-managepartners-display-component---NewPartner--btnAddTableRow-img"},"wdio_ui5_key":"applicationmanagepartners-display-component---NewPartner--btnAddTableRow-img"}]}
RESULT: {"script":"<script> [1562 bytes]","args":[{"selector":{"id":"application-managepartners-display-component---NewPartner--btnAddTableRow-img"},"wdio_ui5_key":"applicationmanagepartners-display-component---NewPartner--btnAddTableRow-img"}]}
RESULT: undefined
COMMAND: POST /session/9f4c84e4ae75e749cefc69cbdd96fe2c/element - {"using":"xpath","value":"//*[@id=\"application-managepartners-display-component---NewPartner--btnAddTableRow-img\"]"}
RESULT: {"using":"xpath","value":"//*[@id=\"application-managepartners-display-component---NewPartner--btnAddTableRow-img\"]"}
COMMAND: POST /session/9f4c84e4ae75e749cefc69cbdd96fe2c/element/f.92C64C74BFFB4A8B431616FE9F273F76.d.66367284FC8B839D30B4439610855947.e.7708/click - {}
RESULT: {}
COMMAND: GET /session/9f4c84e4ae75e749cefc69cbdd96fe2c/screenshot - {}
RESULT: {}
COMMAND: POST /session/9f4c84e4ae75e749cefc69cbdd96fe2c/element - {"using":"xpath","value":"//input[@id=\"application-managepartners-display-component---NewPartner--assignmentYard-application-managepartners-display-component---NewPartner--assignmentsTable-0-inner\"]"}
RESULT: {"using":"xpath","value":"//input[@id=\"application-managepartners-display-component---NewPartner--assignmentYard-application-managepartners-display-component---NewPartner--assignmentsTable-0-inner\"]"}
COMMAND: POST /session/9f4c84e4ae75e749cefc69cbdd96fe2c/element/f.92C64C74BFFB4A8B431616FE9F273F76.d.66367284FC8B839D30B4439610855947.e.7711/clear - {}
RESULT: {}
COMMAND: POST /session/9f4c84e4ae75e749cefc69cbdd96fe2c/element/f.92C64C74BFFB4A8B431616FE9F273F76.d.66367284FC8B839D30B4439610855947.e.7711/value - {"text":"431"}
COMMAND: GET /session/9f4c84e4ae75e749cefc69cbdd96fe2c/screenshot - {}
RESULT: {"text":"431"}
COMMAND: GET /session/9f4c84e4ae75e749cefc69cbdd96fe2c/screenshot - {}
RESULT: {}
RESULT: {}
COMMAND: POST /session/9f4c84e4ae75e749cefc69cbdd96fe2c/element - {"using":"xpath","value":"//li[.//span[text()='431']]"}
RESULT: {"using":"xpath","value":"//li[.//span[text()='431']]"}
COMMAND: POST /session/9f4c84e4ae75e749cefc69cbdd96fe2c/element/f.92C64C74BFFB4A8B431616FE9F273F76.d.66367284FC8B839D30B4439610855947.e.7720/click - {}
RESULT: {}
COMMAND: GET /session/9f4c84e4ae75e749cefc69cbdd96fe2c/screenshot - {}
RESULT: {}
COMMAND: POST /session/9f4c84e4ae75e749cefc69cbdd96fe2c/actions - {"actions":[{"id":"action23","type":"key","parameters":{},"actions":[{"type":"keyDown","value":""},{"type":"pause","duration":10},{"type":"keyUp","value":""}]}]}
RESULT: {"actions":[{"id":"action23","type":"key","parameters":{},"actions":[{"type":"keyDown","value":""},{"type":"pause","duration":10},{"type":"keyUp","value":""}]}]}
COMMAND: POST /session/9f4c84e4ae75e749cefc69cbdd96fe2c/execute/async - {"script":"<script> [1562 bytes]","args":[{"selector":{"id":"application-managepartners-display-component---NewPartner--externalCustomerComboBox-application-managepartners-display-component---NewPartner--assignmentsTable-0-vhi"},"wdio_ui5_key":"applicationmanagepartners-display-component---NewPartner--externalCustomerComboBox-application-managepartners-display-component---NewPartner--assignmentsTable-0-vhi"}]}
COMMAND: GET /session/9f4c84e4ae75e749cefc69cbdd96fe2c/screenshot - {}
RESULT: {"script":"<script> [1562 bytes]","args":[{"selector":{"id":"application-managepartners-display-component---NewPartner--externalCustomerComboBox-application-managepartners-display-component---NewPartner--assignmentsTable-0-vhi"},"wdio_ui5_key":"applicationmanagepartners-display-component---NewPartner--externalCustomerComboBox-application-managepartners-display-component---NewPartner--assignmentsTable-0-vhi"}]}
RESULT: undefined
COMMAND: POST /session/9f4c84e4ae75e749cefc69cbdd96fe2c/element - {"using":"xpath","value":"//*[@id=\"application-managepartners-display-component---NewPartner--externalCustomerComboBox-application-managepartners-display-component---NewPartner--assignmentsTable-0-vhi\"]"}
RESULT: {}
RESULT: {"using":"xpath","value":"//*[@id=\"application-managepartners-display-component---NewPartner--externalCustomerComboBox-application-managepartners-display-component---NewPartner--assignmentsTable-0-vhi\"]"}
COMMAND: POST /session/9f4c84e4ae75e749cefc69cbdd96fe2c/element/f.92C64C74BFFB4A8B431616FE9F273F76.d.66367284FC8B839D30B4439610855947.e.7724/click - {}
RESULT: {}
RESULT: undefined
COMMAND: POST /session/9f4c84e4ae75e749cefc69cbdd96fe2c/execute/async - {"script":"<script> [776 bytes]","args":[{"enterText":"300003","selector":{"controlType":"sap.m.SearchField","properties":{"placeholder":"Search"},"searchOpenDialogs":true,"interaction":{"idSuffix":"I"}},"clearTextFirst":true,"interactionType":"ENTER_TEXT"}]}
COMMAND: GET /session/9f4c84e4ae75e749cefc69cbdd96fe2c/screenshot - {}
RESULT: {"script":"<script> [776 bytes]","args":[{"enterText":"300003","selector":{"controlType":"sap.m.SearchField","properties":{"placeholder":"Search"},"searchOpenDialogs":true,"interaction":{"idSuffix":"I"}},"clearTextFirst":true,"interactionType":"ENTER_TEXT"}]}
COMMAND: POST /session/9f4c84e4ae75e749cefc69cbdd96fe2c/actions - {"actions":[{"id":"action24","type":"key","parameters":{},"actions":[{"type":"keyDown","value":""},{"type":"pause","duration":10},{"type":"keyUp","value":""}]}]}
RESULT: {}
RESULT: {"actions":[{"id":"action24","type":"key","parameters":{},"actions":[{"type":"keyDown","value":""},{"type":"pause","duration":10},{"type":"keyUp","value":""}]}]}
COMMAND: GET /session/9f4c84e4ae75e749cefc69cbdd96fe2c/screenshot - {}
RESULT: {}
COMMAND: POST /session/9f4c84e4ae75e749cefc69cbdd96fe2c/element - {"using":"xpath","value":"//span[contains(text(), \"300003\")]"}
RESULT: {"using":"xpath","value":"//span[contains(text(), \"300003\")]"}
COMMAND: POST /session/9f4c84e4ae75e749cefc69cbdd96fe2c/element/f.92C64C74BFFB4A8B431616FE9F273F76.d.66367284FC8B839D30B4439610855947.e.7741/click - {}
RESULT: {}
COMMAND: GET /session/9f4c84e4ae75e749cefc69cbdd96fe2c/screenshot - {}
RESULT: {}
COMMAND: POST /session/9f4c84e4ae75e749cefc69cbdd96fe2c/element - {"using":"xpath","value":"//bdi[contains(text(), \"OK\")]"}
RESULT: {"using":"xpath","value":"//bdi[contains(text(), \"OK\")]"}
COMMAND: POST /session/9f4c84e4ae75e749cefc69cbdd96fe2c/element/f.92C64C74BFFB4A8B431616FE9F273F76.d.66367284FC8B839D30B4439610855947.e.7743/click - {}
RESULT: {}
COMMAND: GET /session/9f4c84e4ae75e749cefc69cbdd96fe2c/screenshot - {}
RESULT: {}
COMMAND: POST /session/9f4c84e4ae75e749cefc69cbdd96fe2c/execute/async - {"script":"<script> [1562 bytes]","args":[{"selector":{"id":"application-managepartners-display-component---NewPartner--intercompVendorComboBox-application-managepartners-display-component---NewPartner--assignmentsTable-0-vhi"},"wdio_ui5_key":"applicationmanagepartners-display-component---NewPartner--intercompVendorComboBox-application-managepartners-display-component---NewPartner--assignmentsTable-0-vhi"}]}
RESULT: {"script":"<script> [1562 bytes]","args":[{"selector":{"id":"application-managepartners-display-component---NewPartner--intercompVendorComboBox-application-managepartners-display-component---NewPartner--assignmentsTable-0-vhi"},"wdio_ui5_key":"applicationmanagepartners-display-component---NewPartner--intercompVendorComboBox-application-managepartners-display-component---NewPartner--assignmentsTable-0-vhi"}]}
RESULT: undefined
COMMAND: POST /session/9f4c84e4ae75e749cefc69cbdd96fe2c/element - {"using":"xpath","value":"//*[@id=\"application-managepartners-display-component---NewPartner--intercompVendorComboBox-application-managepartners-display-component---NewPartner--assignmentsTable-0-vhi\"]"}
RESULT: {"using":"xpath","value":"//*[@id=\"application-managepartners-display-component---NewPartner--intercompVendorComboBox-application-managepartners-display-component---NewPartner--assignmentsTable-0-vhi\"]"}
COMMAND: POST /session/9f4c84e4ae75e749cefc69cbdd96fe2c/element/f.92C64C74BFFB4A8B431616FE9F273F76.d.66367284FC8B839D30B4439610855947.e.7747/click - {}
RESULT: {}
RESULT: undefined
COMMAND: POST /session/9f4c84e4ae75e749cefc69cbdd96fe2c/execute/async - {"script":"<script> [776 bytes]","args":[{"enterText":"100005","selector":{"controlType":"sap.m.SearchField","properties":{"placeholder":"Search"},"searchOpenDialogs":true,"interaction":{"idSuffix":"I"}},"clearTextFirst":true,"interactionType":"ENTER_TEXT"}]}
COMMAND: GET /session/9f4c84e4ae75e749cefc69cbdd96fe2c/screenshot - {}
RESULT: {"script":"<script> [776 bytes]","args":[{"enterText":"100005","selector":{"controlType":"sap.m.SearchField","properties":{"placeholder":"Search"},"searchOpenDialogs":true,"interaction":{"idSuffix":"I"}},"clearTextFirst":true,"interactionType":"ENTER_TEXT"}]}
COMMAND: POST /session/9f4c84e4ae75e749cefc69cbdd96fe2c/actions - {"actions":[{"id":"action25","type":"key","parameters":{},"actions":[{"type":"keyDown","value":""},{"type":"pause","duration":10},{"type":"keyUp","value":""}]}]}
RESULT: {}
RESULT: {"actions":[{"id":"action25","type":"key","parameters":{},"actions":[{"type":"keyDown","value":""},{"type":"pause","duration":10},{"type":"keyUp","value":""}]}]}
COMMAND: GET /session/9f4c84e4ae75e749cefc69cbdd96fe2c/screenshot - {}
RESULT: {}
COMMAND: POST /session/9f4c84e4ae75e749cefc69cbdd96fe2c/element - {"using":"xpath","value":"//span[contains(text(), \"Penguins - Field/12345 Berlin\")]"}
RESULT: {"using":"xpath","value":"//span[contains(text(), \"Penguins - Field/12345 Berlin\")]"}
COMMAND: POST /session/9f4c84e4ae75e749cefc69cbdd96fe2c/element/f.92C64C74BFFB4A8B431616FE9F273F76.d.66367284FC8B839D30B4439610855947.e.7765/click - {}
RESULT: {}
COMMAND: GET /session/9f4c84e4ae75e749cefc69cbdd96fe2c/screenshot - {}
RESULT: {}
COMMAND: POST /session/9f4c84e4ae75e749cefc69cbdd96fe2c/element - {"using":"xpath","value":"//bdi[contains(text(), \"OK\")]"}
RESULT: {"using":"xpath","value":"//bdi[contains(text(), \"OK\")]"}
COMMAND: POST /session/9f4c84e4ae75e749cefc69cbdd96fe2c/element/f.92C64C74BFFB4A8B431616FE9F273F76.d.66367284FC8B839D30B4439610855947.e.7766/click - {}
RESULT: {}
COMMAND: GET /session/9f4c84e4ae75e749cefc69cbdd96fe2c/screenshot - {}
RESULT: {}
COMMAND: POST /session/9f4c84e4ae75e749cefc69cbdd96fe2c/element - {"using":"xpath","value":"//button[@data-kt=\"saveButton\"]"}
RESULT: {"using":"xpath","value":"//button[@data-kt=\"saveButton\"]"}
COMMAND: POST /session/9f4c84e4ae75e749cefc69cbdd96fe2c/element/f.92C64C74BFFB4A8B431616FE9F273F76.d.66367284FC8B839D30B4439610855947.e.7609/click - {}
RESULT: {}
COMMAND: GET /session/9f4c84e4ae75e749cefc69cbdd96fe2c/screenshot - {}
RESULT: {}
COMMAND: POST /session/9f4c84e4ae75e749cefc69cbdd96fe2c/element - {"using":"xpath","value":"//header[contains(@id, 'ObjectPageLayout-headerTitle')]/div[1]/div[2]/div[2]/span[1]"}
RESULT: {"using":"xpath","value":"//header[contains(@id, 'ObjectPageLayout-headerTitle')]/div[1]/div[2]/div[2]/span[1]"}
COMMAND: POST /session/9f4c84e4ae75e749cefc69cbdd96fe2c/elements - {"using":"xpath","value":"//header[contains(@id, 'ObjectPageLayout-headerTitle')]/div[1]/div[2]/div[2]/span[1]"}
RESULT: {"using":"xpath","value":"//header[contains(@id, 'ObjectPageLayout-headerTitle')]/div[1]/div[2]/div[2]/span[1]"}
COMMAND: POST /session/9f4c84e4ae75e749cefc69cbdd96fe2c/execute/sync - {"script":"<script> [56 bytes]","args":[{"element-6066-11e4-a52e-4f735466cecf":"f.92C64C74BFFB4A8B431616FE9F273F76.d.66367284FC8B839D30B4439610855947.e.7929","ELEMENT":"f.92C64C74BFFB4A8B431616FE9F273F76.d.66367284FC8B839D30B4439610855947.e.7929"}]}
RESULT: {"script":"<script> [56 bytes]","args":[{"element-6066-11e4-a52e-4f735466cecf":"f.92C64C74BFFB4A8B431616FE9F273F76.d.66367284FC8B839D30B4439610855947.e.7929","ELEMENT":"f.92C64C74BFFB4A8B431616FE9F273F76.d.66367284FC8B839D30B4439610855947.e.7929"}]}
COMMAND: POST /session/9f4c84e4ae75e749cefc69cbdd96fe2c/element - {"using":"css selector","value":"#shell-header-logo"}
COMMAND: GET /session/9f4c84e4ae75e749cefc69cbdd96fe2c/screenshot - {}
RESULT: {"using":"css selector","value":"#shell-header-logo"}
COMMAND: POST /session/9f4c84e4ae75e749cefc69cbdd96fe2c/element/f.92C64C74BFFB4A8B431616FE9F273F76.d.66367284FC8B839D30B4439610855947.e.7156/click - {}
RESULT: {}
RESULT: {}
COMMAND: GET /session/9f4c84e4ae75e749cefc69cbdd96fe2c/screenshot - {}
RESULT: {}
COMMAND: POST /session/9f4c84e4ae75e749cefc69cbdd96fe2c/execute/sync - {"script":"<script> [299 bytes]","args":[["getModel","getResource"]]}
RESULT: {"script":"<script> [299 bytes]","args":[["getModel","getResource"]]}
]]></system-out>
    </testcase>
    <testcase classname="chrome.136_0_7103_93.windows.Create_master_data_for_mixed_billing_&amp;_do_billing_calculation_US151661" name="Should create a new site" time="105.724">
      <system-out><![CDATA[
COMMAND: POST /session/9f4c84e4ae75e749cefc69cbdd96fe2c/execute/async - {"script":"<script> [1562 bytes]","args":[{"selector":{"controlType":"sap.m.GenericTile","properties":{"header":"Manage Sites"}},"wdio_ui5_key":"sapm.GenericTile{\"header\":\"Manage Sites\"}"}]}
COMMAND: GET /session/9f4c84e4ae75e749cefc69cbdd96fe2c/screenshot - {}
RESULT: {"script":"<script> [1562 bytes]","args":[{"selector":{"controlType":"sap.m.GenericTile","properties":{"header":"Manage Sites"}},"wdio_ui5_key":"sapm.GenericTile{\"header\":\"Manage Sites\"}"}]}
RESULT: undefined
COMMAND: POST /session/9f4c84e4ae75e749cefc69cbdd96fe2c/element - {"using":"xpath","value":"//*[@id=\"__tile40\"]"}
RESULT: {}
RESULT: {"using":"xpath","value":"//*[@id=\"__tile40\"]"}
COMMAND: POST /session/9f4c84e4ae75e749cefc69cbdd96fe2c/element/f.92C64C74BFFB4A8B431616FE9F273F76.d.66367284FC8B839D30B4439610855947.e.6353/click - {}
RESULT: {}
COMMAND: GET /session/9f4c84e4ae75e749cefc69cbdd96fe2c/screenshot - {}
COMMAND: POST /session/9f4c84e4ae75e749cefc69cbdd96fe2c/elements - {"using":"xpath","value":"//span[text()='Error']"}
RESULT: {}
RESULT: {"using":"xpath","value":"//span[text()='Error']"}
COMMAND: POST /session/9f4c84e4ae75e749cefc69cbdd96fe2c/element - {"using":"xpath","value":"//button[@data-kt=\"addOverflowToolbarButton\"]"}
RESULT: {"using":"xpath","value":"//button[@data-kt=\"addOverflowToolbarButton\"]"}
COMMAND: POST /session/9f4c84e4ae75e749cefc69cbdd96fe2c/elements - {"using":"xpath","value":"//button[@data-kt=\"addOverflowToolbarButton\"]"}
RESULT: {"using":"xpath","value":"//button[@data-kt=\"addOverflowToolbarButton\"]"}
COMMAND: POST /session/9f4c84e4ae75e749cefc69cbdd96fe2c/execute/sync - {"script":"<script> [8489 bytes]","args":[{"element-6066-11e4-a52e-4f735466cecf":"f.92C64C74BFFB4A8B431616FE9F273F76.d.66367284FC8B839D30B4439610855947.e.7975","ELEMENT":"f.92C64C74BFFB4A8B431616FE9F273F76.d.66367284FC8B839D30B4439610855947.e.7975"}]}
RESULT: {"script":"<script> [8489 bytes]","args":[{"element-6066-11e4-a52e-4f735466cecf":"f.92C64C74BFFB4A8B431616FE9F273F76.d.66367284FC8B839D30B4439610855947.e.7975","ELEMENT":"f.92C64C74BFFB4A8B431616FE9F273F76.d.66367284FC8B839D30B4439610855947.e.7975"}]}
COMMAND: GET /session/9f4c84e4ae75e749cefc69cbdd96fe2c/element/f.92C64C74BFFB4A8B431616FE9F273F76.d.66367284FC8B839D30B4439610855947.e.7975/enabled - {}
COMMAND: GET /session/9f4c84e4ae75e749cefc69cbdd96fe2c/screenshot - {}
RESULT: {}
COMMAND: POST /session/9f4c84e4ae75e749cefc69cbdd96fe2c/execute/sync - {"script":"<script> [8489 bytes]","args":[{"element-6066-11e4-a52e-4f735466cecf":"f.92C64C74BFFB4A8B431616FE9F273F76.d.66367284FC8B839D30B4439610855947.e.7975","ELEMENT":"f.92C64C74BFFB4A8B431616FE9F273F76.d.66367284FC8B839D30B4439610855947.e.7975"}]}
COMMAND: GET /session/9f4c84e4ae75e749cefc69cbdd96fe2c/screenshot - {}
RESULT: {}
RESULT: {"script":"<script> [8489 bytes]","args":[{"element-6066-11e4-a52e-4f735466cecf":"f.92C64C74BFFB4A8B431616FE9F273F76.d.66367284FC8B839D30B4439610855947.e.7975","ELEMENT":"f.92C64C74BFFB4A8B431616FE9F273F76.d.66367284FC8B839D30B4439610855947.e.7975"}]}
COMMAND: POST /session/9f4c84e4ae75e749cefc69cbdd96fe2c/execute/sync - {"script":"<script> [5351 bytes]","args":[{"element-6066-11e4-a52e-4f735466cecf":"f.92C64C74BFFB4A8B431616FE9F273F76.d.66367284FC8B839D30B4439610855947.e.7975","ELEMENT":"f.92C64C74BFFB4A8B431616FE9F273F76.d.66367284FC8B839D30B4439610855947.e.7975"}]}
COMMAND: GET /session/9f4c84e4ae75e749cefc69cbdd96fe2c/screenshot - {}
RESULT: {}
RESULT: {"script":"<script> [5351 bytes]","args":[{"element-6066-11e4-a52e-4f735466cecf":"f.92C64C74BFFB4A8B431616FE9F273F76.d.66367284FC8B839D30B4439610855947.e.7975","ELEMENT":"f.92C64C74BFFB4A8B431616FE9F273F76.d.66367284FC8B839D30B4439610855947.e.7975"}]}
COMMAND: POST /session/9f4c84e4ae75e749cefc69cbdd96fe2c/element/f.92C64C74BFFB4A8B431616FE9F273F76.d.66367284FC8B839D30B4439610855947.e.7975/click - {}
COMMAND: GET /session/9f4c84e4ae75e749cefc69cbdd96fe2c/screenshot - {}
RESULT: {}
RESULT: {}
COMMAND: GET /session/9f4c84e4ae75e749cefc69cbdd96fe2c/screenshot - {}
COMMAND: POST /session/9f4c84e4ae75e749cefc69cbdd96fe2c/element - {"using":"xpath","value":"//input[@id=\"application-managesites-display-component---NewSite--siteId-inner\"]"}
RESULT: {}
RESULT: {}
RESULT: {"using":"xpath","value":"//input[@id=\"application-managesites-display-component---NewSite--siteId-inner\"]"}
COMMAND: POST /session/9f4c84e4ae75e749cefc69cbdd96fe2c/element - {"using":"xpath","value":"//input[@id=\"application-managesites-display-component---NewSite--siteId-inner\"]"}
RESULT: {"using":"xpath","value":"//input[@id=\"application-managesites-display-component---NewSite--siteId-inner\"]"}
COMMAND: POST /session/9f4c84e4ae75e749cefc69cbdd96fe2c/execute/async - {"script":"<script> [1562 bytes]","args":[{"selector":{"id":"application-managesites-display-component---NewSite--addressDetailDetailsName1","interaction":{"idSuffix":"inner"}},"wdio_ui5_key":"applicationmanagesites-display-component---NewSite--addressDetailDetailsName1"}]}
RESULT: {"script":"<script> [1562 bytes]","args":[{"selector":{"id":"application-managesites-display-component---NewSite--addressDetailDetailsName1","interaction":{"idSuffix":"inner"}},"wdio_ui5_key":"applicationmanagesites-display-component---NewSite--addressDetailDetailsName1"}]}
RESULT: undefined
COMMAND: POST /session/9f4c84e4ae75e749cefc69cbdd96fe2c/execute/async - {"script":"<script> [776 bytes]","args":[{"enterText":"Intercompany Site wdIO","selector":{"id":"application-managesites-display-component---NewSite--addressDetailDetailsName1","interaction":{"idSuffix":"inner"}},"clearTextFirst":true,"interactionType":"ENTER_TEXT"}]}
RESULT: {"script":"<script> [776 bytes]","args":[{"enterText":"Intercompany Site wdIO","selector":{"id":"application-managesites-display-component---NewSite--addressDetailDetailsName1","interaction":{"idSuffix":"inner"}},"clearTextFirst":true,"interactionType":"ENTER_TEXT"}]}
COMMAND: POST /session/9f4c84e4ae75e749cefc69cbdd96fe2c/execute/async - {"script":"<script> [1562 bytes]","args":[{"selector":{"id":"application-managesites-display-component---NewSite--addressDetailDetailsLanguage-arrow"},"wdio_ui5_key":"applicationmanagesites-display-component---NewSite--addressDetailDetailsLanguage-arrow"}]}
RESULT: {"script":"<script> [1562 bytes]","args":[{"selector":{"id":"application-managesites-display-component---NewSite--addressDetailDetailsLanguage-arrow"},"wdio_ui5_key":"applicationmanagesites-display-component---NewSite--addressDetailDetailsLanguage-arrow"}]}
RESULT: undefined
COMMAND: POST /session/9f4c84e4ae75e749cefc69cbdd96fe2c/element - {"using":"xpath","value":"//*[@id=\"application-managesites-display-component---NewSite--addressDetailDetailsLanguage-arrow\"]"}
RESULT: {"using":"xpath","value":"//*[@id=\"application-managesites-display-component---NewSite--addressDetailDetailsLanguage-arrow\"]"}
COMMAND: POST /session/9f4c84e4ae75e749cefc69cbdd96fe2c/element/f.92C64C74BFFB4A8B431616FE9F273F76.d.66367284FC8B839D30B4439610855947.e.8378/click - {}
RESULT: {}
COMMAND: POST /session/9f4c84e4ae75e749cefc69cbdd96fe2c/element - {"using":"xpath","value":"//span[contains(text(), \"English\")]"}
COMMAND: GET /session/9f4c84e4ae75e749cefc69cbdd96fe2c/screenshot - {}
RESULT: {"using":"xpath","value":"//span[contains(text(), \"English\")]"}
COMMAND: POST /session/9f4c84e4ae75e749cefc69cbdd96fe2c/element/f.92C64C74BFFB4A8B431616FE9F273F76.d.66367284FC8B839D30B4439610855947.e.8379/click - {}
RESULT: {}
RESULT: {}
COMMAND: POST /session/9f4c84e4ae75e749cefc69cbdd96fe2c/execute/async - {"script":"<script> [1562 bytes]","args":[{"selector":{"id":"application-managesites-display-component---NewSite--addressDetailDetailsCity1","interaction":{"idSuffix":"inner"}},"wdio_ui5_key":"applicationmanagesites-display-component---NewSite--addressDetailDetailsCity1"}]}
COMMAND: GET /session/9f4c84e4ae75e749cefc69cbdd96fe2c/screenshot - {}
RESULT: {"script":"<script> [1562 bytes]","args":[{"selector":{"id":"application-managesites-display-component---NewSite--addressDetailDetailsCity1","interaction":{"idSuffix":"inner"}},"wdio_ui5_key":"applicationmanagesites-display-component---NewSite--addressDetailDetailsCity1"}]}
RESULT: undefined
COMMAND: POST /session/9f4c84e4ae75e749cefc69cbdd96fe2c/execute/async - {"script":"<script> [776 bytes]","args":[{"enterText":"Rosario","selector":{"id":"application-managesites-display-component---NewSite--addressDetailDetailsCity1","interaction":{"idSuffix":"inner"}},"clearTextFirst":true,"interactionType":"ENTER_TEXT"}]}
RESULT: {}
RESULT: {"script":"<script> [776 bytes]","args":[{"enterText":"Rosario","selector":{"id":"application-managesites-display-component---NewSite--addressDetailDetailsCity1","interaction":{"idSuffix":"inner"}},"clearTextFirst":true,"interactionType":"ENTER_TEXT"}]}
COMMAND: POST /session/9f4c84e4ae75e749cefc69cbdd96fe2c/execute/async - {"script":"<script> [1562 bytes]","args":[{"selector":{"id":"application-managesites-display-component---NewSite--addressDetailDetailsCountry-arrow"},"wdio_ui5_key":"applicationmanagesites-display-component---NewSite--addressDetailDetailsCountry-arrow"}]}
RESULT: {"script":"<script> [1562 bytes]","args":[{"selector":{"id":"application-managesites-display-component---NewSite--addressDetailDetailsCountry-arrow"},"wdio_ui5_key":"applicationmanagesites-display-component---NewSite--addressDetailDetailsCountry-arrow"}]}
RESULT: undefined
COMMAND: POST /session/9f4c84e4ae75e749cefc69cbdd96fe2c/element - {"using":"xpath","value":"//*[@id=\"application-managesites-display-component---NewSite--addressDetailDetailsCountry-arrow\"]"}
RESULT: {"using":"xpath","value":"//*[@id=\"application-managesites-display-component---NewSite--addressDetailDetailsCountry-arrow\"]"}
COMMAND: POST /session/9f4c84e4ae75e749cefc69cbdd96fe2c/element/f.92C64C74BFFB4A8B431616FE9F273F76.d.66367284FC8B839D30B4439610855947.e.8381/click - {}
RESULT: {}
COMMAND: POST /session/9f4c84e4ae75e749cefc69cbdd96fe2c/element - {"using":"xpath","value":"//span[contains(text(), \"Argentina\")]"}
COMMAND: GET /session/9f4c84e4ae75e749cefc69cbdd96fe2c/screenshot - {}
RESULT: {"using":"xpath","value":"//span[contains(text(), \"Argentina\")]"}
COMMAND: POST /session/9f4c84e4ae75e749cefc69cbdd96fe2c/element/f.92C64C74BFFB4A8B431616FE9F273F76.d.66367284FC8B839D30B4439610855947.e.8382/click - {}
RESULT: {}
RESULT: {}
COMMAND: GET /session/9f4c84e4ae75e749cefc69cbdd96fe2c/screenshot - {}
RESULT: {}
COMMAND: POST /session/9f4c84e4ae75e749cefc69cbdd96fe2c/execute/async - {"script":"<script> [1562 bytes]","args":[{"selector":{"id":"application-managesites-display-component---NewSite--addressEditDetailsCostObjectCstType-arrow"},"wdio_ui5_key":"applicationmanagesites-display-component---NewSite--addressEditDetailsCostObjectCstType-arrow"}]}
RESULT: {"script":"<script> [1562 bytes]","args":[{"selector":{"id":"application-managesites-display-component---NewSite--addressEditDetailsCostObjectCstType-arrow"},"wdio_ui5_key":"applicationmanagesites-display-component---NewSite--addressEditDetailsCostObjectCstType-arrow"}]}
RESULT: undefined
COMMAND: POST /session/9f4c84e4ae75e749cefc69cbdd96fe2c/element - {"using":"xpath","value":"//*[@id=\"application-managesites-display-component---NewSite--addressEditDetailsCostObjectCstType-arrow\"]"}
RESULT: {"using":"xpath","value":"//*[@id=\"application-managesites-display-component---NewSite--addressEditDetailsCostObjectCstType-arrow\"]"}
COMMAND: POST /session/9f4c84e4ae75e749cefc69cbdd96fe2c/element/f.92C64C74BFFB4A8B431616FE9F273F76.d.66367284FC8B839D30B4439610855947.e.8384/click - {}
RESULT: {}
COMMAND: POST /session/9f4c84e4ae75e749cefc69cbdd96fe2c/element - {"using":"xpath","value":"//span[contains(text(), \"Cost Center\")]"}
COMMAND: GET /session/9f4c84e4ae75e749cefc69cbdd96fe2c/screenshot - {}
RESULT: {"using":"xpath","value":"//span[contains(text(), \"Cost Center\")]"}
COMMAND: POST /session/9f4c84e4ae75e749cefc69cbdd96fe2c/element/f.92C64C74BFFB4A8B431616FE9F273F76.d.66367284FC8B839D30B4439610855947.e.8386/click - {}
RESULT: {}
RESULT: {}
COMMAND: GET /session/9f4c84e4ae75e749cefc69cbdd96fe2c/screenshot - {}
RESULT: {}
COMMAND: POST /session/9f4c84e4ae75e749cefc69cbdd96fe2c/element - {"using":"xpath","value":"//span[@id=\"application-managesites-display-component---NewSite--addressNewCostObjectCstID-vhi\"]"}
RESULT: {"using":"xpath","value":"//span[@id=\"application-managesites-display-component---NewSite--addressNewCostObjectCstID-vhi\"]"}
COMMAND: POST /session/9f4c84e4ae75e749cefc69cbdd96fe2c/execute/sync - {"script":"<script> [8489 bytes]","args":[{"element-6066-11e4-a52e-4f735466cecf":"f.92C64C74BFFB4A8B431616FE9F273F76.d.66367284FC8B839D30B4439610855947.e.8390","ELEMENT":"f.92C64C74BFFB4A8B431616FE9F273F76.d.66367284FC8B839D30B4439610855947.e.8390"}]}
RESULT: {"script":"<script> [8489 bytes]","args":[{"element-6066-11e4-a52e-4f735466cecf":"f.92C64C74BFFB4A8B431616FE9F273F76.d.66367284FC8B839D30B4439610855947.e.8390","ELEMENT":"f.92C64C74BFFB4A8B431616FE9F273F76.d.66367284FC8B839D30B4439610855947.e.8390"}]}
COMMAND: POST /session/9f4c84e4ae75e749cefc69cbdd96fe2c/execute/async - {"script":"<script> [1562 bytes]","args":[{"selector":{"id":"application-managesites-display-component---NewSite--addressNewCostObjectCstID-vhi"},"wdio_ui5_key":"applicationmanagesites-display-component---NewSite--addressNewCostObjectCstID-vhi"}]}
COMMAND: GET /session/9f4c84e4ae75e749cefc69cbdd96fe2c/screenshot - {}
RESULT: {"script":"<script> [1562 bytes]","args":[{"selector":{"id":"application-managesites-display-component---NewSite--addressNewCostObjectCstID-vhi"},"wdio_ui5_key":"applicationmanagesites-display-component---NewSite--addressNewCostObjectCstID-vhi"}]}
RESULT: undefined
COMMAND: POST /session/9f4c84e4ae75e749cefc69cbdd96fe2c/element - {"using":"xpath","value":"//*[@id=\"application-managesites-display-component---NewSite--addressNewCostObjectCstID-vhi\"]"}
RESULT: {}
RESULT: {"using":"xpath","value":"//*[@id=\"application-managesites-display-component---NewSite--addressNewCostObjectCstID-vhi\"]"}
COMMAND: POST /session/9f4c84e4ae75e749cefc69cbdd96fe2c/element/f.92C64C74BFFB4A8B431616FE9F273F76.d.66367284FC8B839D30B4439610855947.e.8390/click - {}
RESULT: {}
COMMAND: GET /session/9f4c84e4ae75e749cefc69cbdd96fe2c/screenshot - {}
RESULT: {}
RESULT: undefined
COMMAND: POST /session/9f4c84e4ae75e749cefc69cbdd96fe2c/execute/async - {"script":"<script> [776 bytes]","args":[{"enterText":"10001013","selector":{"controlType":"sap.m.SearchField","properties":{"placeholder":"Search"},"searchOpenDialogs":true,"interaction":{"idSuffix":"I"}},"clearTextFirst":true,"interactionType":"ENTER_TEXT"}]}
RESULT: {"script":"<script> [776 bytes]","args":[{"enterText":"10001013","selector":{"controlType":"sap.m.SearchField","properties":{"placeholder":"Search"},"searchOpenDialogs":true,"interaction":{"idSuffix":"I"}},"clearTextFirst":true,"interactionType":"ENTER_TEXT"}]}
COMMAND: POST /session/9f4c84e4ae75e749cefc69cbdd96fe2c/actions - {"actions":[{"id":"action26","type":"key","parameters":{},"actions":[{"type":"keyDown","value":""},{"type":"pause","duration":10},{"type":"keyUp","value":""}]}]}
RESULT: {"actions":[{"id":"action26","type":"key","parameters":{},"actions":[{"type":"keyDown","value":""},{"type":"pause","duration":10},{"type":"keyUp","value":""}]}]}
COMMAND: GET /session/9f4c84e4ae75e749cefc69cbdd96fe2c/screenshot - {}
RESULT: {}
COMMAND: POST /session/9f4c84e4ae75e749cefc69cbdd96fe2c/element - {"using":"xpath","value":"//span[contains(text(), \"General Management\")]"}
RESULT: {"using":"xpath","value":"//span[contains(text(), \"General Management\")]"}
COMMAND: POST /session/9f4c84e4ae75e749cefc69cbdd96fe2c/element/f.92C64C74BFFB4A8B431616FE9F273F76.d.66367284FC8B839D30B4439610855947.e.8428/click - {}
RESULT: {}
COMMAND: GET /session/9f4c84e4ae75e749cefc69cbdd96fe2c/screenshot - {}
RESULT: {}
COMMAND: POST /session/9f4c84e4ae75e749cefc69cbdd96fe2c/element - {"using":"xpath","value":"//bdi[contains(text(), \"OK\")]"}
RESULT: {"using":"xpath","value":"//bdi[contains(text(), \"OK\")]"}
COMMAND: POST /session/9f4c84e4ae75e749cefc69cbdd96fe2c/element/f.92C64C74BFFB4A8B431616FE9F273F76.d.66367284FC8B839D30B4439610855947.e.8429/click - {}
RESULT: {}
COMMAND: GET /session/9f4c84e4ae75e749cefc69cbdd96fe2c/screenshot - {}
RESULT: {}
COMMAND: POST /session/9f4c84e4ae75e749cefc69cbdd96fe2c/element - {"using":"xpath","value":"//input[@id=\"application-managesites-display-component---NewSite--addressDetailDetailsCalendar-inner\"]"}
RESULT: {"using":"xpath","value":"//input[@id=\"application-managesites-display-component---NewSite--addressDetailDetailsCalendar-inner\"]"}
COMMAND: POST /session/9f4c84e4ae75e749cefc69cbdd96fe2c/element/f.92C64C74BFFB4A8B431616FE9F273F76.d.66367284FC8B839D30B4439610855947.e.8176/clear - {}
RESULT: {}
COMMAND: POST /session/9f4c84e4ae75e749cefc69cbdd96fe2c/element/f.92C64C74BFFB4A8B431616FE9F273F76.d.66367284FC8B839D30B4439610855947.e.8176/value - {"text":"Unit"}
COMMAND: GET /session/9f4c84e4ae75e749cefc69cbdd96fe2c/screenshot - {}
RESULT: {"text":"Unit"}
COMMAND: GET /session/9f4c84e4ae75e749cefc69cbdd96fe2c/screenshot - {}
RESULT: {}
RESULT: {}
COMMAND: POST /session/9f4c84e4ae75e749cefc69cbdd96fe2c/actions - {"actions":[{"id":"action27","type":"key","parameters":{},"actions":[{"type":"keyDown","value":""},{"type":"pause","duration":10},{"type":"keyUp","value":""}]}]}
RESULT: {"actions":[{"id":"action27","type":"key","parameters":{},"actions":[{"type":"keyDown","value":""},{"type":"pause","duration":10},{"type":"keyUp","value":""}]}]}
COMMAND: POST /session/9f4c84e4ae75e749cefc69cbdd96fe2c/element - {"using":"xpath","value":"//input[@id=\"application-managesites-display-component---NewSite--addressDetailDetailsYard-inner\"]"}
COMMAND: GET /session/9f4c84e4ae75e749cefc69cbdd96fe2c/screenshot - {}
RESULT: {"using":"xpath","value":"//input[@id=\"application-managesites-display-component---NewSite--addressDetailDetailsYard-inner\"]"}
COMMAND: POST /session/9f4c84e4ae75e749cefc69cbdd96fe2c/element/f.92C64C74BFFB4A8B431616FE9F273F76.d.66367284FC8B839D30B4439610855947.e.8177/clear - {}
RESULT: {}
RESULT: {}
COMMAND: POST /session/9f4c84e4ae75e749cefc69cbdd96fe2c/element/f.92C64C74BFFB4A8B431616FE9F273F76.d.66367284FC8B839D30B4439610855947.e.8177/value - {"text":"431"}
COMMAND: GET /session/9f4c84e4ae75e749cefc69cbdd96fe2c/screenshot - {}
RESULT: {"text":"431"}
COMMAND: GET /session/9f4c84e4ae75e749cefc69cbdd96fe2c/screenshot - {}
RESULT: {}
RESULT: {}
COMMAND: POST /session/9f4c84e4ae75e749cefc69cbdd96fe2c/element - {"using":"xpath","value":"//li[.//span[text()='431']]"}
RESULT: {"using":"xpath","value":"//li[.//span[text()='431']]"}
COMMAND: POST /session/9f4c84e4ae75e749cefc69cbdd96fe2c/element/f.92C64C74BFFB4A8B431616FE9F273F76.d.66367284FC8B839D30B4439610855947.e.8437/click - {}
RESULT: {}
COMMAND: GET /session/9f4c84e4ae75e749cefc69cbdd96fe2c/screenshot - {}
RESULT: {}
COMMAND: POST /session/9f4c84e4ae75e749cefc69cbdd96fe2c/element - {"using":"xpath","value":"//input[@id=\"application-managesites-display-component---NewSite--addressDetailDetailsPartner-inner\"]"}
RESULT: {"using":"xpath","value":"//input[@id=\"application-managesites-display-component---NewSite--addressDetailDetailsPartner-inner\"]"}
COMMAND: POST /session/9f4c84e4ae75e749cefc69cbdd96fe2c/element - {"using":"xpath","value":"//input[@id=\"application-managesites-display-component---NewSite--addressDetailDetailsPartner-inner\"]"}
RESULT: {"using":"xpath","value":"//input[@id=\"application-managesites-display-component---NewSite--addressDetailDetailsPartner-inner\"]"}
COMMAND: POST /session/9f4c84e4ae75e749cefc69cbdd96fe2c/element - {"using":"xpath","value":"//button[@data-kt=\"saveButton\"]"}
RESULT: {"using":"xpath","value":"//button[@data-kt=\"saveButton\"]"}
COMMAND: POST /session/9f4c84e4ae75e749cefc69cbdd96fe2c/element/f.92C64C74BFFB4A8B431616FE9F273F76.d.66367284FC8B839D30B4439610855947.e.8321/click - {}
RESULT: {}
COMMAND: GET /session/9f4c84e4ae75e749cefc69cbdd96fe2c/screenshot - {}
RESULT: {}
COMMAND: POST /session/9f4c84e4ae75e749cefc69cbdd96fe2c/element - {"using":"xpath","value":"//header[contains(@id, 'ObjectPageLayout-headerTitle')]/div[1]/div[2]/div[2]/span[1]"}
RESULT: {"using":"xpath","value":"//header[contains(@id, 'ObjectPageLayout-headerTitle')]/div[1]/div[2]/div[2]/span[1]"}
COMMAND: POST /session/9f4c84e4ae75e749cefc69cbdd96fe2c/elements - {"using":"xpath","value":"//header[contains(@id, 'ObjectPageLayout-headerTitle')]/div[1]/div[2]/div[2]/span[1]"}
RESULT: {"using":"xpath","value":"//header[contains(@id, 'ObjectPageLayout-headerTitle')]/div[1]/div[2]/div[2]/span[1]"}
COMMAND: POST /session/9f4c84e4ae75e749cefc69cbdd96fe2c/execute/sync - {"script":"<script> [56 bytes]","args":[{"element-6066-11e4-a52e-4f735466cecf":"f.92C64C74BFFB4A8B431616FE9F273F76.d.66367284FC8B839D30B4439610855947.e.8638","ELEMENT":"f.92C64C74BFFB4A8B431616FE9F273F76.d.66367284FC8B839D30B4439610855947.e.8638"}]}
RESULT: {"script":"<script> [56 bytes]","args":[{"element-6066-11e4-a52e-4f735466cecf":"f.92C64C74BFFB4A8B431616FE9F273F76.d.66367284FC8B839D30B4439610855947.e.8638","ELEMENT":"f.92C64C74BFFB4A8B431616FE9F273F76.d.66367284FC8B839D30B4439610855947.e.8638"}]}
COMMAND: POST /session/9f4c84e4ae75e749cefc69cbdd96fe2c/element - {"using":"css selector","value":"#shell-header-logo"}
COMMAND: GET /session/9f4c84e4ae75e749cefc69cbdd96fe2c/screenshot - {}
RESULT: {"using":"css selector","value":"#shell-header-logo"}
COMMAND: POST /session/9f4c84e4ae75e749cefc69cbdd96fe2c/element/f.92C64C74BFFB4A8B431616FE9F273F76.d.66367284FC8B839D30B4439610855947.e.7933/click - {}
RESULT: {}
RESULT: {}
COMMAND: GET /session/9f4c84e4ae75e749cefc69cbdd96fe2c/screenshot - {}
RESULT: {}
COMMAND: POST /session/9f4c84e4ae75e749cefc69cbdd96fe2c/execute/sync - {"script":"<script> [299 bytes]","args":[["getModel","getResource"]]}
RESULT: {"script":"<script> [299 bytes]","args":[["getModel","getResource"]]}
]]></system-out>
    </testcase>
    <testcase classname="chrome.136_0_7103_93.windows.Create_master_data_for_mixed_billing_&amp;_do_billing_calculation_US151661" name="Should create a new equipment and add a counter to it" time="177.473">
      <system-out><![CDATA[
COMMAND: GET /session/9f4c84e4ae75e749cefc69cbdd96fe2c/screenshot - {}
COMMAND: POST /session/9f4c84e4ae75e749cefc69cbdd96fe2c/execute/async - {"script":"<script> [1562 bytes]","args":[{"selector":{"controlType":"sap.m.GenericTile","properties":{"header":"Manage Resources"}},"wdio_ui5_key":"sapm.GenericTile{\"header\":\"Manage Resources\"}"}]}
RESULT: {"script":"<script> [1562 bytes]","args":[{"selector":{"controlType":"sap.m.GenericTile","properties":{"header":"Manage Resources"}},"wdio_ui5_key":"sapm.GenericTile{\"header\":\"Manage Resources\"}"}]}
RESULT: undefined
COMMAND: POST /session/9f4c84e4ae75e749cefc69cbdd96fe2c/element - {"using":"xpath","value":"//*[@id=\"__tile39\"]"}
RESULT: {}
RESULT: {"using":"xpath","value":"//*[@id=\"__tile39\"]"}
COMMAND: POST /session/9f4c84e4ae75e749cefc69cbdd96fe2c/element/f.92C64C74BFFB4A8B431616FE9F273F76.d.66367284FC8B839D30B4439610855947.e.6350/click - {}
RESULT: {}
COMMAND: GET /session/9f4c84e4ae75e749cefc69cbdd96fe2c/screenshot - {}
RESULT: {}
COMMAND: POST /session/9f4c84e4ae75e749cefc69cbdd96fe2c/elements - {"using":"xpath","value":"//span[text()='Error']"}
RESULT: {"using":"xpath","value":"//span[text()='Error']"}
COMMAND: POST /session/9f4c84e4ae75e749cefc69cbdd96fe2c/element - {"using":"xpath","value":"//button[@data-kt=\"addNewRUOverflowToolbarButton\"]"}
RESULT: {"using":"xpath","value":"//button[@data-kt=\"addNewRUOverflowToolbarButton\"]"}
COMMAND: POST /session/9f4c84e4ae75e749cefc69cbdd96fe2c/elements - {"using":"xpath","value":"//button[@data-kt=\"addNewRUOverflowToolbarButton\"]"}
RESULT: {"using":"xpath","value":"//button[@data-kt=\"addNewRUOverflowToolbarButton\"]"}
COMMAND: POST /session/9f4c84e4ae75e749cefc69cbdd96fe2c/elements - {"using":"xpath","value":"//button[@data-kt=\"addNewRUOverflowToolbarButton\"]"}
RESULT: {"using":"xpath","value":"//button[@data-kt=\"addNewRUOverflowToolbarButton\"]"}
COMMAND: POST /session/9f4c84e4ae75e749cefc69cbdd96fe2c/element - {"using":"xpath","value":"//button[@data-kt=\"addNewRUOverflowToolbarButton\"]"}
RESULT: {"using":"xpath","value":"//button[@data-kt=\"addNewRUOverflowToolbarButton\"]"}
COMMAND: POST /session/9f4c84e4ae75e749cefc69cbdd96fe2c/execute/sync - {"script":"<script> [8489 bytes]","args":[{"element-6066-11e4-a52e-4f735466cecf":"f.92C64C74BFFB4A8B431616FE9F273F76.d.66367284FC8B839D30B4439610855947.e.8681","ELEMENT":"f.92C64C74BFFB4A8B431616FE9F273F76.d.66367284FC8B839D30B4439610855947.e.8681"}]}
RESULT: {"script":"<script> [8489 bytes]","args":[{"element-6066-11e4-a52e-4f735466cecf":"f.92C64C74BFFB4A8B431616FE9F273F76.d.66367284FC8B839D30B4439610855947.e.8681","ELEMENT":"f.92C64C74BFFB4A8B431616FE9F273F76.d.66367284FC8B839D30B4439610855947.e.8681"}]}
COMMAND: GET /session/9f4c84e4ae75e749cefc69cbdd96fe2c/element/f.92C64C74BFFB4A8B431616FE9F273F76.d.66367284FC8B839D30B4439610855947.e.8681/enabled - {}
COMMAND: GET /session/9f4c84e4ae75e749cefc69cbdd96fe2c/screenshot - {}
RESULT: {}
COMMAND: POST /session/9f4c84e4ae75e749cefc69cbdd96fe2c/execute/sync - {"script":"<script> [8489 bytes]","args":[{"element-6066-11e4-a52e-4f735466cecf":"f.92C64C74BFFB4A8B431616FE9F273F76.d.66367284FC8B839D30B4439610855947.e.8681","ELEMENT":"f.92C64C74BFFB4A8B431616FE9F273F76.d.66367284FC8B839D30B4439610855947.e.8681"}]}
COMMAND: GET /session/9f4c84e4ae75e749cefc69cbdd96fe2c/screenshot - {}
RESULT: {}
RESULT: {"script":"<script> [8489 bytes]","args":[{"element-6066-11e4-a52e-4f735466cecf":"f.92C64C74BFFB4A8B431616FE9F273F76.d.66367284FC8B839D30B4439610855947.e.8681","ELEMENT":"f.92C64C74BFFB4A8B431616FE9F273F76.d.66367284FC8B839D30B4439610855947.e.8681"}]}
COMMAND: POST /session/9f4c84e4ae75e749cefc69cbdd96fe2c/execute/sync - {"script":"<script> [5351 bytes]","args":[{"element-6066-11e4-a52e-4f735466cecf":"f.92C64C74BFFB4A8B431616FE9F273F76.d.66367284FC8B839D30B4439610855947.e.8681","ELEMENT":"f.92C64C74BFFB4A8B431616FE9F273F76.d.66367284FC8B839D30B4439610855947.e.8681"}]}
COMMAND: GET /session/9f4c84e4ae75e749cefc69cbdd96fe2c/screenshot - {}
RESULT: {}
RESULT: {"script":"<script> [5351 bytes]","args":[{"element-6066-11e4-a52e-4f735466cecf":"f.92C64C74BFFB4A8B431616FE9F273F76.d.66367284FC8B839D30B4439610855947.e.8681","ELEMENT":"f.92C64C74BFFB4A8B431616FE9F273F76.d.66367284FC8B839D30B4439610855947.e.8681"}]}
COMMAND: POST /session/9f4c84e4ae75e749cefc69cbdd96fe2c/element/f.92C64C74BFFB4A8B431616FE9F273F76.d.66367284FC8B839D30B4439610855947.e.8681/click - {}
COMMAND: GET /session/9f4c84e4ae75e749cefc69cbdd96fe2c/screenshot - {}
RESULT: {}
RESULT: {}
COMMAND: GET /session/9f4c84e4ae75e749cefc69cbdd96fe2c/screenshot - {}
COMMAND: POST /session/9f4c84e4ae75e749cefc69cbdd96fe2c/execute/async - {"script":"<script> [1562 bytes]","args":[{"selector":{"id":"application-manageresources-display-component---newResourceUnit--TYPE-arrow"},"wdio_ui5_key":"applicationmanageresources-display-component---newResourceUnit--TYPE-arrow"}]}
RESULT: {}
RESULT: {}
RESULT: {"script":"<script> [1562 bytes]","args":[{"selector":{"id":"application-manageresources-display-component---newResourceUnit--TYPE-arrow"},"wdio_ui5_key":"applicationmanageresources-display-component---newResourceUnit--TYPE-arrow"}]}
RESULT: undefined
COMMAND: POST /session/9f4c84e4ae75e749cefc69cbdd96fe2c/element - {"using":"xpath","value":"//*[@id=\"application-manageresources-display-component---newResourceUnit--TYPE-arrow\"]"}
RESULT: {"using":"xpath","value":"//*[@id=\"application-manageresources-display-component---newResourceUnit--TYPE-arrow\"]"}
COMMAND: POST /session/9f4c84e4ae75e749cefc69cbdd96fe2c/element/f.92C64C74BFFB4A8B431616FE9F273F76.d.66367284FC8B839D30B4439610855947.e.9032/click - {}
RESULT: {}
COMMAND: POST /session/9f4c84e4ae75e749cefc69cbdd96fe2c/element - {"using":"xpath","value":"//input[@id=\"application-manageresources-display-component---newResourceUnit--TYPE-inner\"]"}
COMMAND: GET /session/9f4c84e4ae75e749cefc69cbdd96fe2c/screenshot - {}
RESULT: {"using":"xpath","value":"//input[@id=\"application-manageresources-display-component---newResourceUnit--TYPE-inner\"]"}
COMMAND: POST /session/9f4c84e4ae75e749cefc69cbdd96fe2c/element/f.92C64C74BFFB4A8B431616FE9F273F76.d.66367284FC8B839D30B4439610855947.e.9028/clear - {}
RESULT: {}
RESULT: {}
COMMAND: POST /session/9f4c84e4ae75e749cefc69cbdd96fe2c/element/f.92C64C74BFFB4A8B431616FE9F273F76.d.66367284FC8B839D30B4439610855947.e.9028/value - {"text":"Equipment"}
COMMAND: GET /session/9f4c84e4ae75e749cefc69cbdd96fe2c/screenshot - {}
RESULT: {"text":"Equipment"}
COMMAND: GET /session/9f4c84e4ae75e749cefc69cbdd96fe2c/screenshot - {}
RESULT: {}
RESULT: {}
COMMAND: POST /session/9f4c84e4ae75e749cefc69cbdd96fe2c/actions - {"actions":[{"id":"action28","type":"key","parameters":{},"actions":[{"type":"keyDown","value":""},{"type":"pause","duration":10},{"type":"keyUp","value":""}]}]}
RESULT: {"actions":[{"id":"action28","type":"key","parameters":{},"actions":[{"type":"keyDown","value":""},{"type":"pause","duration":10},{"type":"keyUp","value":""}]}]}
COMMAND: POST /session/9f4c84e4ae75e749cefc69cbdd96fe2c/execute/async - {"script":"<script> [1562 bytes]","args":[{"selector":{"id":"application-manageresources-display-component---newResourceUnit--resourceId","interaction":{"idSuffix":"inner"}},"wdio_ui5_key":"applicationmanageresources-display-component---newResourceUnit--resourceId"}]}
COMMAND: GET /session/9f4c84e4ae75e749cefc69cbdd96fe2c/screenshot - {}
RESULT: {"script":"<script> [1562 bytes]","args":[{"selector":{"id":"application-manageresources-display-component---newResourceUnit--resourceId","interaction":{"idSuffix":"inner"}},"wdio_ui5_key":"applicationmanageresources-display-component---newResourceUnit--resourceId"}]}
RESULT: undefined
COMMAND: POST /session/9f4c84e4ae75e749cefc69cbdd96fe2c/execute/async - {"script":"<script> [776 bytes]","args":[{"enterText":"shL7QTZ8bo","selector":{"id":"application-manageresources-display-component---newResourceUnit--resourceId","interaction":{"idSuffix":"inner"}},"clearTextFirst":true,"interactionType":"ENTER_TEXT"}]}
RESULT: {}
RESULT: {"script":"<script> [776 bytes]","args":[{"enterText":"shL7QTZ8bo","selector":{"id":"application-manageresources-display-component---newResourceUnit--resourceId","interaction":{"idSuffix":"inner"}},"clearTextFirst":true,"interactionType":"ENTER_TEXT"}]}
COMMAND: POST /session/9f4c84e4ae75e749cefc69cbdd96fe2c/execute/async - {"script":"<script> [1562 bytes]","args":[{"selector":{"id":"application-manageresources-display-component---newResourceUnit--SHORT_TEXT","interaction":{"idSuffix":"inner"}},"wdio_ui5_key":"applicationmanageresources-display-component---newResourceUnit--SHORT_TEXT"}]}
RESULT: {"script":"<script> [1562 bytes]","args":[{"selector":{"id":"application-manageresources-display-component---newResourceUnit--SHORT_TEXT","interaction":{"idSuffix":"inner"}},"wdio_ui5_key":"applicationmanageresources-display-component---newResourceUnit--SHORT_TEXT"}]}
RESULT: undefined
COMMAND: POST /session/9f4c84e4ae75e749cefc69cbdd96fe2c/execute/async - {"script":"<script> [776 bytes]","args":[{"enterText":"Intercompany Equipment WDIO","selector":{"id":"application-manageresources-display-component---newResourceUnit--SHORT_TEXT","interaction":{"idSuffix":"inner"}},"clearTextFirst":true,"interactionType":"ENTER_TEXT"}]}
RESULT: {"script":"<script> [776 bytes]","args":[{"enterText":"Intercompany Equipment WDIO","selector":{"id":"application-manageresources-display-component---newResourceUnit--SHORT_TEXT","interaction":{"idSuffix":"inner"}},"clearTextFirst":true,"interactionType":"ENTER_TEXT"}]}
COMMAND: POST /session/9f4c84e4ae75e749cefc69cbdd96fe2c/execute/async - {"script":"<script> [1562 bytes]","args":[{"selector":{"id":"application-manageresources-display-component---newResourceUnit--BASE_UNIT_OF_MEASURE","interaction":{"idSuffix":"inner"}},"wdio_ui5_key":"applicationmanageresources-display-component---newResourceUnit--BASE_UNIT_OF_MEASURE"}]}
RESULT: {"script":"<script> [1562 bytes]","args":[{"selector":{"id":"application-manageresources-display-component---newResourceUnit--BASE_UNIT_OF_MEASURE","interaction":{"idSuffix":"inner"}},"wdio_ui5_key":"applicationmanageresources-display-component---newResourceUnit--BASE_UNIT_OF_MEASURE"}]}
RESULT: undefined
COMMAND: POST /session/9f4c84e4ae75e749cefc69cbdd96fe2c/execute/async - {"script":"<script> [776 bytes]","args":[{"enterText":"Piece","selector":{"id":"application-manageresources-display-component---newResourceUnit--BASE_UNIT_OF_MEASURE","interaction":{"idSuffix":"inner"}},"clearTextFirst":true,"interactionType":"ENTER_TEXT"}]}
RESULT: {"script":"<script> [776 bytes]","args":[{"enterText":"Piece","selector":{"id":"application-manageresources-display-component---newResourceUnit--BASE_UNIT_OF_MEASURE","interaction":{"idSuffix":"inner"}},"clearTextFirst":true,"interactionType":"ENTER_TEXT"}]}
COMMAND: POST /session/9f4c84e4ae75e749cefc69cbdd96fe2c/execute/async - {"script":"<script> [1562 bytes]","args":[{"selector":{"id":"application-manageresources-display-component---newResourceUnit--WEIGHT_UNIT","interaction":{"idSuffix":"inner"}},"wdio_ui5_key":"applicationmanageresources-display-component---newResourceUnit--WEIGHT_UNIT"}]}
RESULT: {"script":"<script> [1562 bytes]","args":[{"selector":{"id":"application-manageresources-display-component---newResourceUnit--WEIGHT_UNIT","interaction":{"idSuffix":"inner"}},"wdio_ui5_key":"applicationmanageresources-display-component---newResourceUnit--WEIGHT_UNIT"}]}
RESULT: undefined
COMMAND: POST /session/9f4c84e4ae75e749cefc69cbdd96fe2c/execute/async - {"script":"<script> [776 bytes]","args":[{"enterText":"Gram","selector":{"id":"application-manageresources-display-component---newResourceUnit--WEIGHT_UNIT","interaction":{"idSuffix":"inner"}},"clearTextFirst":true,"interactionType":"ENTER_TEXT"}]}
RESULT: {"script":"<script> [776 bytes]","args":[{"enterText":"Gram","selector":{"id":"application-manageresources-display-component---newResourceUnit--WEIGHT_UNIT","interaction":{"idSuffix":"inner"}},"clearTextFirst":true,"interactionType":"ENTER_TEXT"}]}
COMMAND: POST /session/9f4c84e4ae75e749cefc69cbdd96fe2c/execute/async - {"script":"<script> [1562 bytes]","args":[{"selector":{"id":"application-manageresources-display-component---newResourceUnit--DIMENSION_UNIT","interaction":{"idSuffix":"inner"}},"wdio_ui5_key":"applicationmanageresources-display-component---newResourceUnit--DIMENSION_UNIT"}]}
RESULT: {"script":"<script> [1562 bytes]","args":[{"selector":{"id":"application-manageresources-display-component---newResourceUnit--DIMENSION_UNIT","interaction":{"idSuffix":"inner"}},"wdio_ui5_key":"applicationmanageresources-display-component---newResourceUnit--DIMENSION_UNIT"}]}
RESULT: undefined
COMMAND: POST /session/9f4c84e4ae75e749cefc69cbdd96fe2c/execute/async - {"script":"<script> [776 bytes]","args":[{"enterText":"Meter","selector":{"id":"application-manageresources-display-component---newResourceUnit--DIMENSION_UNIT","interaction":{"idSuffix":"inner"}},"clearTextFirst":true,"interactionType":"ENTER_TEXT"}]}
RESULT: {"script":"<script> [776 bytes]","args":[{"enterText":"Meter","selector":{"id":"application-manageresources-display-component---newResourceUnit--DIMENSION_UNIT","interaction":{"idSuffix":"inner"}},"clearTextFirst":true,"interactionType":"ENTER_TEXT"}]}
COMMAND: POST /session/9f4c84e4ae75e749cefc69cbdd96fe2c/execute/async - {"script":"<script> [1562 bytes]","args":[{"selector":{"id":"application-manageresources-display-component---newResourceUnit--newRRUPage-anchBar-application-manageresources-display-component---newResourceUnit--control-anchor","interaction":{"idSuffix":"BDI-content"}},"wdio_ui5_key":"applicationmanageresources-display-component---newResourceUnit--newRRUPage-anchBar-application-manageresources-display-component---newResourceUnit--control-anchor"}]}
RESULT: {"script":"<script> [1562 bytes]","args":[{"selector":{"id":"application-manageresources-display-component---newResourceUnit--newRRUPage-anchBar-application-manageresources-display-component---newResourceUnit--control-anchor","interaction":{"idSuffix":"BDI-content"}},"wdio_ui5_key":"applicationmanageresources-display-component---newResourceUnit--newRRUPage-anchBar-application-manageresources-display-component---newResourceUnit--control-anchor"}]}
RESULT: undefined
COMMAND: POST /session/9f4c84e4ae75e749cefc69cbdd96fe2c/element - {"using":"xpath","value":"//*[@id=\"application-manageresources-display-component---newResourceUnit--newRRUPage-anchBar-application-manageresources-display-component---newResourceUnit--control-anchor\"]"}
RESULT: {"using":"xpath","value":"//*[@id=\"application-manageresources-display-component---newResourceUnit--newRRUPage-anchBar-application-manageresources-display-component---newResourceUnit--control-anchor\"]"}
COMMAND: POST /session/9f4c84e4ae75e749cefc69cbdd96fe2c/element/f.92C64C74BFFB4A8B431616FE9F273F76.d.66367284FC8B839D30B4439610855947.e.9189/click - {}
RESULT: {}
COMMAND: POST /session/9f4c84e4ae75e749cefc69cbdd96fe2c/execute/async - {"script":"<script> [1562 bytes]","args":[{"selector":{"id":"application-manageresources-display-component---newResourceUnit--PLANNING_GROUP","interaction":{"idSuffix":"inner"}},"wdio_ui5_key":"applicationmanageresources-display-component---newResourceUnit--PLANNING_GROUP"}]}
COMMAND: GET /session/9f4c84e4ae75e749cefc69cbdd96fe2c/screenshot - {}
RESULT: {"script":"<script> [1562 bytes]","args":[{"selector":{"id":"application-manageresources-display-component---newResourceUnit--PLANNING_GROUP","interaction":{"idSuffix":"inner"}},"wdio_ui5_key":"applicationmanageresources-display-component---newResourceUnit--PLANNING_GROUP"}]}
RESULT: undefined
COMMAND: POST /session/9f4c84e4ae75e749cefc69cbdd96fe2c/execute/async - {"script":"<script> [776 bytes]","args":[{"enterText":"Heavy Equi","selector":{"id":"application-manageresources-display-component---newResourceUnit--PLANNING_GROUP","interaction":{"idSuffix":"inner"}},"clearTextFirst":true,"interactionType":"ENTER_TEXT"}]}
RESULT: {}
RESULT: {"script":"<script> [776 bytes]","args":[{"enterText":"Heavy Equi","selector":{"id":"application-manageresources-display-component---newResourceUnit--PLANNING_GROUP","interaction":{"idSuffix":"inner"}},"clearTextFirst":true,"interactionType":"ENTER_TEXT"}]}
COMMAND: POST /session/9f4c84e4ae75e749cefc69cbdd96fe2c/execute/async - {"script":"<script> [1562 bytes]","args":[{"selector":{"id":"application-manageresources-display-component---newResourceUnit--ITEM_TYPE-arrow"},"wdio_ui5_key":"applicationmanageresources-display-component---newResourceUnit--ITEM_TYPE-arrow"}]}
RESULT: {"script":"<script> [1562 bytes]","args":[{"selector":{"id":"application-manageresources-display-component---newResourceUnit--ITEM_TYPE-arrow"},"wdio_ui5_key":"applicationmanageresources-display-component---newResourceUnit--ITEM_TYPE-arrow"}]}
RESULT: undefined
COMMAND: POST /session/9f4c84e4ae75e749cefc69cbdd96fe2c/element - {"using":"xpath","value":"//*[@id=\"application-manageresources-display-component---newResourceUnit--ITEM_TYPE-arrow\"]"}
RESULT: {"using":"xpath","value":"//*[@id=\"application-manageresources-display-component---newResourceUnit--ITEM_TYPE-arrow\"]"}
COMMAND: POST /session/9f4c84e4ae75e749cefc69cbdd96fe2c/element/f.92C64C74BFFB4A8B431616FE9F273F76.d.66367284FC8B839D30B4439610855947.e.9198/click - {}
RESULT: {}
COMMAND: POST /session/9f4c84e4ae75e749cefc69cbdd96fe2c/element - {"using":"xpath","value":"(//span[contains(text(), \"Resource Unit\")])[2]"}
COMMAND: GET /session/9f4c84e4ae75e749cefc69cbdd96fe2c/screenshot - {}
RESULT: {"using":"xpath","value":"(//span[contains(text(), \"Resource Unit\")])[2]"}
COMMAND: POST /session/9f4c84e4ae75e749cefc69cbdd96fe2c/element/f.92C64C74BFFB4A8B431616FE9F273F76.d.66367284FC8B839D30B4439610855947.e.9199/click - {}
RESULT: {}
RESULT: {}
COMMAND: GET /session/9f4c84e4ae75e749cefc69cbdd96fe2c/screenshot - {}
RESULT: {}
COMMAND: POST /session/9f4c84e4ae75e749cefc69cbdd96fe2c/element - {"using":"css selector","value":"#application-manageresources-display-component---newResourceUnit--btnAddTimeSegment"}
RESULT: {"using":"css selector","value":"#application-manageresources-display-component---newResourceUnit--btnAddTimeSegment"}
COMMAND: GET /session/9f4c84e4ae75e749cefc69cbdd96fe2c/element/f.92C64C74BFFB4A8B431616FE9F273F76.d.66367284FC8B839D30B4439610855947.e.9206/rect - {}
RESULT: {}
COMMAND: GET /session/9f4c84e4ae75e749cefc69cbdd96fe2c/window/rect - {}
RESULT: {}
COMMAND: POST /session/9f4c84e4ae75e749cefc69cbdd96fe2c/execute/sync - {"script":"<script> [92 bytes]","args":[]}
RESULT: {"script":"<script> [92 bytes]","args":[]}
COMMAND: POST /session/9f4c84e4ae75e749cefc69cbdd96fe2c/actions - {"actions":[{"id":"action29","type":"wheel","parameters":{},"actions":[{"type":"scroll","x":-1888,"y":-32,"deltaX":0,"deltaY":0,"duration":0,"origin":{"element-6066-11e4-a52e-4f735466cecf":"f.92C64C74BFFB4A8B431616FE9F273F76.d.66367284FC8B839D30B4439610855947.e.9206"}}]}]}
COMMAND: GET /session/9f4c84e4ae75e749cefc69cbdd96fe2c/screenshot - {}
RESULT: {}
COMMAND: POST /session/9f4c84e4ae75e749cefc69cbdd96fe2c/execute/sync - {"script":"<script> [79 bytes]","args":[{"element-6066-11e4-a52e-4f735466cecf":"f.92C64C74BFFB4A8B431616FE9F273F76.d.66367284FC8B839D30B4439610855947.e.9206","ELEMENT":"f.92C64C74BFFB4A8B431616FE9F273F76.d.66367284FC8B839D30B4439610855947.e.9206"},{"block":"start","inline":"nearest"}]}
RESULT: {"script":"<script> [79 bytes]","args":[{"element-6066-11e4-a52e-4f735466cecf":"f.92C64C74BFFB4A8B431616FE9F273F76.d.66367284FC8B839D30B4439610855947.e.9206","ELEMENT":"f.92C64C74BFFB4A8B431616FE9F273F76.d.66367284FC8B839D30B4439610855947.e.9206"},{"block":"start","inline":"nearest"}]}
COMMAND: POST /session/9f4c84e4ae75e749cefc69cbdd96fe2c/execute/async - {"script":"<script> [1562 bytes]","args":[{"selector":{"id":"application-manageresources-display-component---newResourceUnit--btnAddTimeSegment","interaction":{"idSuffix":"inner"}},"wdio_ui5_key":"applicationmanageresources-display-component---newResourceUnit--btnAddTimeSegment"}]}
COMMAND: GET /session/9f4c84e4ae75e749cefc69cbdd96fe2c/screenshot - {}
RESULT: {"script":"<script> [1562 bytes]","args":[{"selector":{"id":"application-manageresources-display-component---newResourceUnit--btnAddTimeSegment","interaction":{"idSuffix":"inner"}},"wdio_ui5_key":"applicationmanageresources-display-component---newResourceUnit--btnAddTimeSegment"}]}
RESULT: undefined
COMMAND: POST /session/9f4c84e4ae75e749cefc69cbdd96fe2c/element - {"using":"xpath","value":"//*[@id=\"application-manageresources-display-component---newResourceUnit--btnAddTimeSegment\"]"}
RESULT: {}
RESULT: {"using":"xpath","value":"//*[@id=\"application-manageresources-display-component---newResourceUnit--btnAddTimeSegment\"]"}
COMMAND: POST /session/9f4c84e4ae75e749cefc69cbdd96fe2c/element/f.92C64C74BFFB4A8B431616FE9F273F76.d.66367284FC8B839D30B4439610855947.e.9206/click - {}
RESULT: {}
COMMAND: GET /session/9f4c84e4ae75e749cefc69cbdd96fe2c/screenshot - {}
RESULT: {}
COMMAND: POST /session/9f4c84e4ae75e749cefc69cbdd96fe2c/element - {"using":"xpath","value":"//input[@id=\"application-manageresources-display-component---newResourceUnit--idRuTSAdmin-application-manageresources-display-component---newResourceUnit--RUTimeSegment-0-inner\"]"}
RESULT: {"using":"xpath","value":"//input[@id=\"application-manageresources-display-component---newResourceUnit--idRuTSAdmin-application-manageresources-display-component---newResourceUnit--RUTimeSegment-0-inner\"]"}
COMMAND: POST /session/9f4c84e4ae75e749cefc69cbdd96fe2c/element/f.92C64C74BFFB4A8B431616FE9F273F76.d.66367284FC8B839D30B4439610855947.e.9212/clear - {}
RESULT: {}
COMMAND: POST /session/9f4c84e4ae75e749cefc69cbdd96fe2c/element/f.92C64C74BFFB4A8B431616FE9F273F76.d.66367284FC8B839D30B4439610855947.e.9212/value - {"text":"431"}
COMMAND: GET /session/9f4c84e4ae75e749cefc69cbdd96fe2c/screenshot - {}
RESULT: {"text":"431"}
COMMAND: GET /session/9f4c84e4ae75e749cefc69cbdd96fe2c/screenshot - {}
RESULT: {}
RESULT: {}
COMMAND: POST /session/9f4c84e4ae75e749cefc69cbdd96fe2c/element - {"using":"xpath","value":"//li[.//span[text()='431']]"}
RESULT: {"using":"xpath","value":"//li[.//span[text()='431']]"}
COMMAND: POST /session/9f4c84e4ae75e749cefc69cbdd96fe2c/element/f.92C64C74BFFB4A8B431616FE9F273F76.d.66367284FC8B839D30B4439610855947.e.9224/click - {}
RESULT: {}
COMMAND: GET /session/9f4c84e4ae75e749cefc69cbdd96fe2c/screenshot - {}
RESULT: {}
COMMAND: POST /session/9f4c84e4ae75e749cefc69cbdd96fe2c/element - {"using":"xpath","value":"(//span[contains(@id, \"-application-manageresources-display-component---newResourceUnit--RUTimeSegment-0-arrow\")])[6]"}
RESULT: {"using":"xpath","value":"(//span[contains(@id, \"-application-manageresources-display-component---newResourceUnit--RUTimeSegment-0-arrow\")])[6]"}
COMMAND: POST /session/9f4c84e4ae75e749cefc69cbdd96fe2c/element/f.92C64C74BFFB4A8B431616FE9F273F76.d.66367284FC8B839D30B4439610855947.e.9225/click - {}
RESULT: {}
COMMAND: GET /session/9f4c84e4ae75e749cefc69cbdd96fe2c/screenshot - {}
RESULT: {}
COMMAND: POST /session/9f4c84e4ae75e749cefc69cbdd96fe2c/element - {"using":"xpath","value":"//span[contains(text(), \"PM Order\")]"}
RESULT: {"using":"xpath","value":"//span[contains(text(), \"PM Order\")]"}
COMMAND: POST /session/9f4c84e4ae75e749cefc69cbdd96fe2c/element/f.92C64C74BFFB4A8B431616FE9F273F76.d.66367284FC8B839D30B4439610855947.e.9228/click - {}
RESULT: {}
COMMAND: GET /session/9f4c84e4ae75e749cefc69cbdd96fe2c/screenshot - {}
RESULT: {}
COMMAND: POST /session/9f4c84e4ae75e749cefc69cbdd96fe2c/element - {"using":"xpath","value":"(//span[contains(@id ,\"manageresources-display-component---newResourceUnit--RUTimeSegment-0-vhi\")])[1]"}
RESULT: {"using":"xpath","value":"(//span[contains(@id ,\"manageresources-display-component---newResourceUnit--RUTimeSegment-0-vhi\")])[1]"}
COMMAND: GET /session/9f4c84e4ae75e749cefc69cbdd96fe2c/element/f.92C64C74BFFB4A8B431616FE9F273F76.d.66367284FC8B839D30B4439610855947.e.9232/rect - {}
RESULT: {}
COMMAND: GET /session/9f4c84e4ae75e749cefc69cbdd96fe2c/window/rect - {}
RESULT: {}
COMMAND: POST /session/9f4c84e4ae75e749cefc69cbdd96fe2c/execute/sync - {"script":"<script> [92 bytes]","args":[]}
RESULT: {"script":"<script> [92 bytes]","args":[]}
COMMAND: POST /session/9f4c84e4ae75e749cefc69cbdd96fe2c/actions - {"actions":[{"id":"action30","type":"wheel","parameters":{},"actions":[{"type":"scroll","x":-869,"y":-24,"deltaX":0,"deltaY":0,"duration":0,"origin":{"element-6066-11e4-a52e-4f735466cecf":"f.92C64C74BFFB4A8B431616FE9F273F76.d.66367284FC8B839D30B4439610855947.e.9232"}}]}]}
COMMAND: GET /session/9f4c84e4ae75e749cefc69cbdd96fe2c/screenshot - {}
RESULT: {"actions":[{"id":"action30","type":"wheel","parameters":{},"actions":[{"type":"scroll","x":-869,"y":-24,"deltaX":0,"deltaY":0,"duration":0,"origin":{"element-6066-11e4-a52e-4f735466cecf":"f.92C64C74BFFB4A8B431616FE9F273F76.d.66367284FC8B839D30B4439610855947.e.9232"}}]}]}
COMMAND: DELETE /session/9f4c84e4ae75e749cefc69cbdd96fe2c/actions - {}
COMMAND: GET /session/9f4c84e4ae75e749cefc69cbdd96fe2c/screenshot - {}
RESULT: {}
RESULT: {}
COMMAND: GET /session/9f4c84e4ae75e749cefc69cbdd96fe2c/screenshot - {}
RESULT: {}
RESULT: {}
COMMAND: POST /session/9f4c84e4ae75e749cefc69cbdd96fe2c/element/f.92C64C74BFFB4A8B431616FE9F273F76.d.66367284FC8B839D30B4439610855947.e.9232/click - {}
RESULT: {}
COMMAND: GET /session/9f4c84e4ae75e749cefc69cbdd96fe2c/screenshot - {}
RESULT: {}
RESULT: undefined
COMMAND: POST /session/9f4c84e4ae75e749cefc69cbdd96fe2c/execute/async - {"script":"<script> [776 bytes]","args":[{"enterText":"4000360","selector":{"controlType":"sap.m.SearchField","properties":{"placeholder":"Search"},"searchOpenDialogs":true,"interaction":{"idSuffix":"I"}},"clearTextFirst":true,"interactionType":"ENTER_TEXT"}]}
RESULT: {"script":"<script> [776 bytes]","args":[{"enterText":"4000360","selector":{"controlType":"sap.m.SearchField","properties":{"placeholder":"Search"},"searchOpenDialogs":true,"interaction":{"idSuffix":"I"}},"clearTextFirst":true,"interactionType":"ENTER_TEXT"}]}
COMMAND: POST /session/9f4c84e4ae75e749cefc69cbdd96fe2c/actions - {"actions":[{"id":"action31","type":"key","parameters":{},"actions":[{"type":"keyDown","value":""},{"type":"pause","duration":10},{"type":"keyUp","value":""}]}]}
RESULT: {"actions":[{"id":"action31","type":"key","parameters":{},"actions":[{"type":"keyDown","value":""},{"type":"pause","duration":10},{"type":"keyUp","value":""}]}]}
COMMAND: GET /session/9f4c84e4ae75e749cefc69cbdd96fe2c/screenshot - {}
RESULT: {}
COMMAND: POST /session/9f4c84e4ae75e749cefc69cbdd96fe2c/element - {"using":"xpath","value":"//td/div/span[contains(text(), \"BGL Vehicles\")]"}
RESULT: {"using":"xpath","value":"//td/div/span[contains(text(), \"BGL Vehicles\")]"}
COMMAND: POST /session/9f4c84e4ae75e749cefc69cbdd96fe2c/element/f.92C64C74BFFB4A8B431616FE9F273F76.d.66367284FC8B839D30B4439610855947.e.9253/click - {}
RESULT: {}
COMMAND: GET /session/9f4c84e4ae75e749cefc69cbdd96fe2c/screenshot - {}
RESULT: {}
COMMAND: POST /session/9f4c84e4ae75e749cefc69cbdd96fe2c/element - {"using":"xpath","value":"//bdi[contains(text(), \"OK\")]"}
RESULT: {"using":"xpath","value":"//bdi[contains(text(), \"OK\")]"}
COMMAND: POST /session/9f4c84e4ae75e749cefc69cbdd96fe2c/element/f.92C64C74BFFB4A8B431616FE9F273F76.d.66367284FC8B839D30B4439610855947.e.9254/click - {}
RESULT: {}
COMMAND: GET /session/9f4c84e4ae75e749cefc69cbdd96fe2c/screenshot - {}
RESULT: {}
COMMAND: POST /session/9f4c84e4ae75e749cefc69cbdd96fe2c/execute/async - {"script":"<script> [1562 bytes]","args":[{"selector":{"id":"application-manageresources-display-component---newResourceUnit--newRRUPage-anchBar-application-manageresources-display-component---newResourceUnit--resource-anchor","interaction":{"idSuffix":"BDI-content"}},"wdio_ui5_key":"applicationmanageresources-display-component---newResourceUnit--newRRUPage-anchBar-application-manageresources-display-component---newResourceUnit--resource-anchor"}]}
RESULT: {"script":"<script> [1562 bytes]","args":[{"selector":{"id":"application-manageresources-display-component---newResourceUnit--newRRUPage-anchBar-application-manageresources-display-component---newResourceUnit--resource-anchor","interaction":{"idSuffix":"BDI-content"}},"wdio_ui5_key":"applicationmanageresources-display-component---newResourceUnit--newRRUPage-anchBar-application-manageresources-display-component---newResourceUnit--resource-anchor"}]}
RESULT: undefined
COMMAND: POST /session/9f4c84e4ae75e749cefc69cbdd96fe2c/element - {"using":"xpath","value":"//*[@id=\"application-manageresources-display-component---newResourceUnit--newRRUPage-anchBar-application-manageresources-display-component---newResourceUnit--resource-anchor\"]"}
RESULT: {"using":"xpath","value":"//*[@id=\"application-manageresources-display-component---newResourceUnit--newRRUPage-anchBar-application-manageresources-display-component---newResourceUnit--resource-anchor\"]"}
COMMAND: POST /session/9f4c84e4ae75e749cefc69cbdd96fe2c/element/f.92C64C74BFFB4A8B431616FE9F273F76.d.66367284FC8B839D30B4439610855947.e.9258/click - {}
RESULT: {}
COMMAND: POST /session/9f4c84e4ae75e749cefc69cbdd96fe2c/execute/async - {"script":"<script> [1562 bytes]","args":[{"selector":{"id":"application-manageresources-display-component---newResourceUnit--PLANNED_DELIVERY_DATE","interaction":{"idSuffix":"inner"}},"wdio_ui5_key":"applicationmanageresources-display-component---newResourceUnit--PLANNED_DELIVERY_DATE"}]}
COMMAND: GET /session/9f4c84e4ae75e749cefc69cbdd96fe2c/screenshot - {}
RESULT: {"script":"<script> [1562 bytes]","args":[{"selector":{"id":"application-manageresources-display-component---newResourceUnit--PLANNED_DELIVERY_DATE","interaction":{"idSuffix":"inner"}},"wdio_ui5_key":"applicationmanageresources-display-component---newResourceUnit--PLANNED_DELIVERY_DATE"}]}
RESULT: undefined
COMMAND: POST /session/9f4c84e4ae75e749cefc69cbdd96fe2c/execute/async - {"script":"<script> [6424 bytes]","args":[{"element-6066-11e4-a52e-4f735466cecf":"f.92C64C74BFFB4A8B431616FE9F273F76.d.66367284FC8B839D30B4439610855947.e.9088"},"setValue",["5/28/25"]]}
RESULT: {}
RESULT: {"script":"<script> [6424 bytes]","args":[{"element-6066-11e4-a52e-4f735466cecf":"f.92C64C74BFFB4A8B431616FE9F273F76.d.66367284FC8B839D30B4439610855947.e.9088"},"setValue",["5/28/25"]]}
COMMAND: POST /session/9f4c84e4ae75e749cefc69cbdd96fe2c/element - {"using":"xpath","value":"//label[contains(@class, 'sapMLabelRequired') and .//bdi[contains(text(), 'Planned Retirement')]]"}
RESULT: {"using":"xpath","value":"//label[contains(@class, 'sapMLabelRequired') and .//bdi[contains(text(), 'Planned Retirement')]]"}
COMMAND: POST /session/9f4c84e4ae75e749cefc69cbdd96fe2c/elements - {"using":"xpath","value":"//label[contains(@class, 'sapMLabelRequired') and .//bdi[contains(text(), 'Planned Retirement')]]"}
RESULT: {"using":"xpath","value":"//label[contains(@class, 'sapMLabelRequired') and .//bdi[contains(text(), 'Planned Retirement')]]"}
COMMAND: POST /session/9f4c84e4ae75e749cefc69cbdd96fe2c/element - {"using":"xpath","value":"//button[@data-kt=\"resourceUnitSaveButton\"]"}
RESULT: {"using":"xpath","value":"//button[@data-kt=\"resourceUnitSaveButton\"]"}
COMMAND: POST /session/9f4c84e4ae75e749cefc69cbdd96fe2c/element/f.92C64C74BFFB4A8B431616FE9F273F76.d.66367284FC8B839D30B4439610855947.e.9048/click - {}
RESULT: {}
COMMAND: GET /session/9f4c84e4ae75e749cefc69cbdd96fe2c/screenshot - {}
RESULT: {}
COMMAND: POST /session/9f4c84e4ae75e749cefc69cbdd96fe2c/element - {"using":"xpath","value":"//bdi[contains(text(), \"Close\")]"}
RESULT: {"using":"xpath","value":"//bdi[contains(text(), \"Close\")]"}
COMMAND: POST /session/9f4c84e4ae75e749cefc69cbdd96fe2c/element/f.92C64C74BFFB4A8B431616FE9F273F76.d.66367284FC8B839D30B4439610855947.e.9266/click - {}
RESULT: {}
COMMAND: GET /session/9f4c84e4ae75e749cefc69cbdd96fe2c/screenshot - {}
RESULT: {}
COMMAND: POST /session/9f4c84e4ae75e749cefc69cbdd96fe2c/element - {"using":"xpath","value":"//bdi[contains(text(), \"Edit\")]"}
RESULT: {"using":"xpath","value":"//bdi[contains(text(), \"Edit\")]"}
COMMAND: POST /session/9f4c84e4ae75e749cefc69cbdd96fe2c/execute/sync - {"script":"<script> [8489 bytes]","args":[{"element-6066-11e4-a52e-4f735466cecf":"f.92C64C74BFFB4A8B431616FE9F273F76.d.66367284FC8B839D30B4439610855947.e.9296","ELEMENT":"f.92C64C74BFFB4A8B431616FE9F273F76.d.66367284FC8B839D30B4439610855947.e.9296"}]}
RESULT: {"script":"<script> [8489 bytes]","args":[{"element-6066-11e4-a52e-4f735466cecf":"f.92C64C74BFFB4A8B431616FE9F273F76.d.66367284FC8B839D30B4439610855947.e.9296","ELEMENT":"f.92C64C74BFFB4A8B431616FE9F273F76.d.66367284FC8B839D30B4439610855947.e.9296"}]}
COMMAND: POST /session/9f4c84e4ae75e749cefc69cbdd96fe2c/element/f.92C64C74BFFB4A8B431616FE9F273F76.d.66367284FC8B839D30B4439610855947.e.9296/click - {}
COMMAND: GET /session/9f4c84e4ae75e749cefc69cbdd96fe2c/screenshot - {}
RESULT: {}
COMMAND: GET /session/9f4c84e4ae75e749cefc69cbdd96fe2c/screenshot - {}
RESULT: {}
COMMAND: POST /session/9f4c84e4ae75e749cefc69cbdd96fe2c/execute/async - {"script":"<script> [1562 bytes]","args":[{"selector":{"id":"application-manageresources-display-component---editResource--editRruPage-anchBar-application-manageresources-display-component---editResource--counters-anchor","interaction":{"idSuffix":"BDI-content"}},"wdio_ui5_key":"applicationmanageresources-display-component---editResource--editRruPage-anchBar-application-manageresources-display-component---editResource--counters-anchor"}]}
RESULT: {}
RESULT: {"script":"<script> [1562 bytes]","args":[{"selector":{"id":"application-manageresources-display-component---editResource--editRruPage-anchBar-application-manageresources-display-component---editResource--counters-anchor","interaction":{"idSuffix":"BDI-content"}},"wdio_ui5_key":"applicationmanageresources-display-component---editResource--editRruPage-anchBar-application-manageresources-display-component---editResource--counters-anchor"}]}
RESULT: undefined
COMMAND: POST /session/9f4c84e4ae75e749cefc69cbdd96fe2c/element - {"using":"xpath","value":"//*[@id=\"application-manageresources-display-component---editResource--editRruPage-anchBar-application-manageresources-display-component---editResource--counters-anchor\"]"}
RESULT: {"using":"xpath","value":"//*[@id=\"application-manageresources-display-component---editResource--editRruPage-anchBar-application-manageresources-display-component---editResource--counters-anchor\"]"}
COMMAND: POST /session/9f4c84e4ae75e749cefc69cbdd96fe2c/element/f.92C64C74BFFB4A8B431616FE9F273F76.d.66367284FC8B839D30B4439610855947.e.9441/click - {}
RESULT: {}
COMMAND: GET /session/9f4c84e4ae75e749cefc69cbdd96fe2c/screenshot - {}
RESULT: {}
COMMAND: POST /session/9f4c84e4ae75e749cefc69cbdd96fe2c/execute/async - {"script":"<script> [1562 bytes]","args":[{"selector":{"id":"application-manageresources-display-component---editResource--btnAddCounter-img"},"wdio_ui5_key":"applicationmanageresources-display-component---editResource--btnAddCounter-img"}]}
RESULT: {"script":"<script> [1562 bytes]","args":[{"selector":{"id":"application-manageresources-display-component---editResource--btnAddCounter-img"},"wdio_ui5_key":"applicationmanageresources-display-component---editResource--btnAddCounter-img"}]}
RESULT: undefined
COMMAND: POST /session/9f4c84e4ae75e749cefc69cbdd96fe2c/element - {"using":"xpath","value":"//*[@id=\"application-manageresources-display-component---editResource--btnAddCounter-img\"]"}
RESULT: {"using":"xpath","value":"//*[@id=\"application-manageresources-display-component---editResource--btnAddCounter-img\"]"}
COMMAND: POST /session/9f4c84e4ae75e749cefc69cbdd96fe2c/element/f.92C64C74BFFB4A8B431616FE9F273F76.d.66367284FC8B839D30B4439610855947.e.9448/click - {}
RESULT: {}
COMMAND: POST /session/9f4c84e4ae75e749cefc69cbdd96fe2c/execute/async - {"script":"<script> [1562 bytes]","args":[{"selector":{"id":"application-manageresources-display-component---editResource--COUNTER_ID-application-manageresources-display-component---editResource--RUCounters-0-arrow"},"wdio_ui5_key":"applicationmanageresources-display-component---editResource--COUNTER_ID-application-manageresources-display-component---editResource--RUCounters-0-arrow"}]}
COMMAND: GET /session/9f4c84e4ae75e749cefc69cbdd96fe2c/screenshot - {}
RESULT: {"script":"<script> [1562 bytes]","args":[{"selector":{"id":"application-manageresources-display-component---editResource--COUNTER_ID-application-manageresources-display-component---editResource--RUCounters-0-arrow"},"wdio_ui5_key":"applicationmanageresources-display-component---editResource--COUNTER_ID-application-manageresources-display-component---editResource--RUCounters-0-arrow"}]}
RESULT: undefined
COMMAND: POST /session/9f4c84e4ae75e749cefc69cbdd96fe2c/element - {"using":"xpath","value":"//*[@id=\"application-manageresources-display-component---editResource--COUNTER_ID-application-manageresources-display-component---editResource--RUCounters-0-arrow\"]"}
RESULT: {}
RESULT: {"using":"xpath","value":"//*[@id=\"application-manageresources-display-component---editResource--COUNTER_ID-application-manageresources-display-component---editResource--RUCounters-0-arrow\"]"}
COMMAND: POST /session/9f4c84e4ae75e749cefc69cbdd96fe2c/element/f.92C64C74BFFB4A8B431616FE9F273F76.d.66367284FC8B839D30B4439610855947.e.9453/click - {}
RESULT: {}
COMMAND: POST /session/9f4c84e4ae75e749cefc69cbdd96fe2c/execute/async - {"script":"<script> [1562 bytes]","args":[{"selector":{"controlType":"sap.m.StandardListItem","viewName":"etm.portal.ui.manageresources.view.EditResource","viewId":"application-manageresources-display-component---editResource","properties":{"title":"fuel"},"searchOpenDialogs":true,"interaction":{"idSuffix":"content"}},"wdio_ui5_key":"etmportal.ui.manageresources.view.EditResourcesap.m.StandardListItem{\"title\":\"fuel\"}"}]}
COMMAND: GET /session/9f4c84e4ae75e749cefc69cbdd96fe2c/screenshot - {}
RESULT: {"script":"<script> [1562 bytes]","args":[{"selector":{"controlType":"sap.m.StandardListItem","viewName":"etm.portal.ui.manageresources.view.EditResource","viewId":"application-manageresources-display-component---editResource","properties":{"title":"fuel"},"searchOpenDialogs":true,"interaction":{"idSuffix":"content"}},"wdio_ui5_key":"etmportal.ui.manageresources.view.EditResourcesap.m.StandardListItem{\"title\":\"fuel\"}"}]}
RESULT: undefined
COMMAND: POST /session/9f4c84e4ae75e749cefc69cbdd96fe2c/element - {"using":"xpath","value":"//*[@id=\"__item2408\"]"}
RESULT: {}
RESULT: {"using":"xpath","value":"//*[@id=\"__item2408\"]"}
COMMAND: POST /session/9f4c84e4ae75e749cefc69cbdd96fe2c/element/f.92C64C74BFFB4A8B431616FE9F273F76.d.66367284FC8B839D30B4439610855947.e.9455/click - {}
RESULT: {}
COMMAND: GET /session/9f4c84e4ae75e749cefc69cbdd96fe2c/screenshot - {}
RESULT: {}
COMMAND: POST /session/9f4c84e4ae75e749cefc69cbdd96fe2c/element - {"using":"xpath","value":"//button[@data-kt=\"saveButton\"]"}
RESULT: {"using":"xpath","value":"//button[@data-kt=\"saveButton\"]"}
COMMAND: POST /session/9f4c84e4ae75e749cefc69cbdd96fe2c/element/f.92C64C74BFFB4A8B431616FE9F273F76.d.66367284FC8B839D30B4439610855947.e.9456/click - {}
RESULT: {}
COMMAND: GET /session/9f4c84e4ae75e749cefc69cbdd96fe2c/screenshot - {}
RESULT: {}
COMMAND: POST /session/9f4c84e4ae75e749cefc69cbdd96fe2c/element - {"using":"xpath","value":"(//button[contains(@id ,\"actionsToolbar-overflowButton\")])[1]"}
RESULT: {"using":"xpath","value":"(//button[contains(@id ,\"actionsToolbar-overflowButton\")])[1]"}
COMMAND: POST /session/9f4c84e4ae75e749cefc69cbdd96fe2c/element/f.92C64C74BFFB4A8B431616FE9F273F76.d.66367284FC8B839D30B4439610855947.e.9469/click - {}
RESULT: {}
COMMAND: GET /session/9f4c84e4ae75e749cefc69cbdd96fe2c/screenshot - {}
RESULT: {}
COMMAND: POST /session/9f4c84e4ae75e749cefc69cbdd96fe2c/element - {"using":"xpath","value":"//button[@data-kt=\"priceInfoButton\"]"}
RESULT: {"using":"xpath","value":"//button[@data-kt=\"priceInfoButton\"]"}
COMMAND: POST /session/9f4c84e4ae75e749cefc69cbdd96fe2c/element/f.92C64C74BFFB4A8B431616FE9F273F76.d.66367284FC8B839D30B4439610855947.e.9471/click - {}
RESULT: {}
COMMAND: GET /session/9f4c84e4ae75e749cefc69cbdd96fe2c/screenshot - {}
]]></system-out>
    </testcase>
    <testcase classname="chrome.136_0_7103_93.windows.Create_master_data_for_mixed_billing_&amp;_do_billing_calculation_US151661" name="Should create a TB pricing procedure" time="67.582">
      <system-out><![CDATA[
COMMAND: POST /session/9f4c84e4ae75e749cefc69cbdd96fe2c/element - {"using":"xpath","value":"//button[@data-kt=\"addButton\"]"}
RESULT: {}
RESULT: {"using":"xpath","value":"//button[@data-kt=\"addButton\"]"}
COMMAND: POST /session/9f4c84e4ae75e749cefc69cbdd96fe2c/elements - {"using":"xpath","value":"//button[@data-kt=\"addButton\"]"}
RESULT: {"using":"xpath","value":"//button[@data-kt=\"addButton\"]"}
COMMAND: POST /session/9f4c84e4ae75e749cefc69cbdd96fe2c/execute/sync - {"script":"<script> [8489 bytes]","args":[{"element-6066-11e4-a52e-4f735466cecf":"f.92C64C74BFFB4A8B431616FE9F273F76.d.66367284FC8B839D30B4439610855947.e.9508","ELEMENT":"f.92C64C74BFFB4A8B431616FE9F273F76.d.66367284FC8B839D30B4439610855947.e.9508"}]}
RESULT: {"script":"<script> [8489 bytes]","args":[{"element-6066-11e4-a52e-4f735466cecf":"f.92C64C74BFFB4A8B431616FE9F273F76.d.66367284FC8B839D30B4439610855947.e.9508","ELEMENT":"f.92C64C74BFFB4A8B431616FE9F273F76.d.66367284FC8B839D30B4439610855947.e.9508"}]}
COMMAND: GET /session/9f4c84e4ae75e749cefc69cbdd96fe2c/element/f.92C64C74BFFB4A8B431616FE9F273F76.d.66367284FC8B839D30B4439610855947.e.9508/enabled - {}
COMMAND: GET /session/9f4c84e4ae75e749cefc69cbdd96fe2c/screenshot - {}
RESULT: {}
COMMAND: POST /session/9f4c84e4ae75e749cefc69cbdd96fe2c/execute/sync - {"script":"<script> [8489 bytes]","args":[{"element-6066-11e4-a52e-4f735466cecf":"f.92C64C74BFFB4A8B431616FE9F273F76.d.66367284FC8B839D30B4439610855947.e.9508","ELEMENT":"f.92C64C74BFFB4A8B431616FE9F273F76.d.66367284FC8B839D30B4439610855947.e.9508"}]}
COMMAND: GET /session/9f4c84e4ae75e749cefc69cbdd96fe2c/screenshot - {}
RESULT: {}
RESULT: {"script":"<script> [8489 bytes]","args":[{"element-6066-11e4-a52e-4f735466cecf":"f.92C64C74BFFB4A8B431616FE9F273F76.d.66367284FC8B839D30B4439610855947.e.9508","ELEMENT":"f.92C64C74BFFB4A8B431616FE9F273F76.d.66367284FC8B839D30B4439610855947.e.9508"}]}
COMMAND: POST /session/9f4c84e4ae75e749cefc69cbdd96fe2c/execute/sync - {"script":"<script> [5351 bytes]","args":[{"element-6066-11e4-a52e-4f735466cecf":"f.92C64C74BFFB4A8B431616FE9F273F76.d.66367284FC8B839D30B4439610855947.e.9508","ELEMENT":"f.92C64C74BFFB4A8B431616FE9F273F76.d.66367284FC8B839D30B4439610855947.e.9508"}]}
COMMAND: GET /session/9f4c84e4ae75e749cefc69cbdd96fe2c/screenshot - {}
RESULT: {}
RESULT: {"script":"<script> [5351 bytes]","args":[{"element-6066-11e4-a52e-4f735466cecf":"f.92C64C74BFFB4A8B431616FE9F273F76.d.66367284FC8B839D30B4439610855947.e.9508","ELEMENT":"f.92C64C74BFFB4A8B431616FE9F273F76.d.66367284FC8B839D30B4439610855947.e.9508"}]}
COMMAND: POST /session/9f4c84e4ae75e749cefc69cbdd96fe2c/element/f.92C64C74BFFB4A8B431616FE9F273F76.d.66367284FC8B839D30B4439610855947.e.9508/click - {}
COMMAND: GET /session/9f4c84e4ae75e749cefc69cbdd96fe2c/screenshot - {}
RESULT: {}
RESULT: {}
COMMAND: GET /session/9f4c84e4ae75e749cefc69cbdd96fe2c/screenshot - {}
RESULT: {}
RESULT: {}
COMMAND: POST /session/9f4c84e4ae75e749cefc69cbdd96fe2c/execute/async - {"script":"<script> [1562 bytes]","args":[{"selector":{"controlType":"sap.m.Title","viewName":"etm.portal.ui.managepricingrules.view.NewItem","viewId":"application-managepricingrules-display-component---newInfoPriceItem","properties":{"text":"New Pricing Rules - Item Level"}},"wdio_ui5_key":"etmportal.ui.managepricingrules.view.NewItemsap.m.Title{\"text\":\"New Pricing Rules - Item Level\"}"}]}
RESULT: {"script":"<script> [1562 bytes]","args":[{"selector":{"controlType":"sap.m.Title","viewName":"etm.portal.ui.managepricingrules.view.NewItem","viewId":"application-managepricingrules-display-component---newInfoPriceItem","properties":{"text":"New Pricing Rules - Item Level"}},"wdio_ui5_key":"etmportal.ui.managepricingrules.view.NewItemsap.m.Title{\"text\":\"New Pricing Rules - Item Level\"}"}]}
RESULT: undefined
COMMAND: POST /session/9f4c84e4ae75e749cefc69cbdd96fe2c/execute/async - {"script":"<script> [6424 bytes]","args":[{"element-6066-11e4-a52e-4f735466cecf":"f.92C64C74BFFB4A8B431616FE9F273F76.d.66367284FC8B839D30B4439610855947.e.9678"},"getText",[]]}
RESULT: {"script":"<script> [6424 bytes]","args":[{"element-6066-11e4-a52e-4f735466cecf":"f.92C64C74BFFB4A8B431616FE9F273F76.d.66367284FC8B839D30B4439610855947.e.9678"},"getText",[]]}
COMMAND: POST /session/9f4c84e4ae75e749cefc69cbdd96fe2c/execute/async - {"script":"<script> [1562 bytes]","args":[{"selector":{"id":"application-managepricingrules-display-component---newInfoPriceItem--condValidTo","interaction":{"idSuffix":"inner"}},"wdio_ui5_key":"applicationmanagepricingrules-display-component---newInfoPriceItem--condValidTo"}]}
RESULT: {"script":"<script> [1562 bytes]","args":[{"selector":{"id":"application-managepricingrules-display-component---newInfoPriceItem--condValidTo","interaction":{"idSuffix":"inner"}},"wdio_ui5_key":"applicationmanagepricingrules-display-component---newInfoPriceItem--condValidTo"}]}
RESULT: undefined
COMMAND: POST /session/9f4c84e4ae75e749cefc69cbdd96fe2c/execute/async - {"script":"<script> [776 bytes]","args":[{"enterText":"1/28/26","selector":{"id":"application-managepricingrules-display-component---newInfoPriceItem--condValidTo","interaction":{"idSuffix":"inner"}},"clearTextFirst":true,"interactionType":"ENTER_TEXT"}]}
RESULT: {"script":"<script> [776 bytes]","args":[{"enterText":"1/28/26","selector":{"id":"application-managepricingrules-display-component---newInfoPriceItem--condValidTo","interaction":{"idSuffix":"inner"}},"clearTextFirst":true,"interactionType":"ENTER_TEXT"}]}
COMMAND: POST /session/9f4c84e4ae75e749cefc69cbdd96fe2c/execute/async - {"script":"<script> [1562 bytes]","args":[{"selector":{"id":"application-managepricingrules-display-component---newInfoPriceItem--billType-arrow"},"wdio_ui5_key":"applicationmanagepricingrules-display-component---newInfoPriceItem--billType-arrow"}]}
RESULT: {"script":"<script> [1562 bytes]","args":[{"selector":{"id":"application-managepricingrules-display-component---newInfoPriceItem--billType-arrow"},"wdio_ui5_key":"applicationmanagepricingrules-display-component---newInfoPriceItem--billType-arrow"}]}
RESULT: undefined
COMMAND: POST /session/9f4c84e4ae75e749cefc69cbdd96fe2c/element - {"using":"xpath","value":"//*[@id=\"application-managepricingrules-display-component---newInfoPriceItem--billType-arrow\"]"}
RESULT: {"using":"xpath","value":"//*[@id=\"application-managepricingrules-display-component---newInfoPriceItem--billType-arrow\"]"}
COMMAND: POST /session/9f4c84e4ae75e749cefc69cbdd96fe2c/element/f.92C64C74BFFB4A8B431616FE9F273F76.d.66367284FC8B839D30B4439610855947.e.9638/click - {}
RESULT: {}
COMMAND: POST /session/9f4c84e4ae75e749cefc69cbdd96fe2c/element - {"using":"xpath","value":"//span[contains(text(), \"TB - Time based\")]"}
COMMAND: GET /session/9f4c84e4ae75e749cefc69cbdd96fe2c/screenshot - {}
RESULT: {"using":"xpath","value":"//span[contains(text(), \"TB - Time based\")]"}
COMMAND: POST /session/9f4c84e4ae75e749cefc69cbdd96fe2c/element/f.92C64C74BFFB4A8B431616FE9F273F76.d.66367284FC8B839D30B4439610855947.e.9680/click - {}
RESULT: {}
RESULT: {}
COMMAND: POST /session/9f4c84e4ae75e749cefc69cbdd96fe2c/execute/async - {"script":"<script> [1562 bytes]","args":[{"selector":{"id":"application-managepricingrules-display-component---newInfoPriceItem--priceProc-arrow"},"wdio_ui5_key":"applicationmanagepricingrules-display-component---newInfoPriceItem--priceProc-arrow"}]}
COMMAND: GET /session/9f4c84e4ae75e749cefc69cbdd96fe2c/screenshot - {}
RESULT: {"script":"<script> [1562 bytes]","args":[{"selector":{"id":"application-managepricingrules-display-component---newInfoPriceItem--priceProc-arrow"},"wdio_ui5_key":"applicationmanagepricingrules-display-component---newInfoPriceItem--priceProc-arrow"}]}
RESULT: undefined
COMMAND: POST /session/9f4c84e4ae75e749cefc69cbdd96fe2c/element - {"using":"xpath","value":"//*[@id=\"application-managepricingrules-display-component---newInfoPriceItem--priceProc-arrow\"]"}
RESULT: {}
RESULT: {"using":"xpath","value":"//*[@id=\"application-managepricingrules-display-component---newInfoPriceItem--priceProc-arrow\"]"}
COMMAND: POST /session/9f4c84e4ae75e749cefc69cbdd96fe2c/element/f.92C64C74BFFB4A8B431616FE9F273F76.d.66367284FC8B839D30B4439610855947.e.9645/click - {}
RESULT: {}
COMMAND: POST /session/9f4c84e4ae75e749cefc69cbdd96fe2c/element - {"using":"xpath","value":"//span[contains(text(), \"TB - Time based BGL\")]"}
COMMAND: GET /session/9f4c84e4ae75e749cefc69cbdd96fe2c/screenshot - {}
RESULT: {"using":"xpath","value":"//span[contains(text(), \"TB - Time based BGL\")]"}
COMMAND: POST /session/9f4c84e4ae75e749cefc69cbdd96fe2c/element/f.92C64C74BFFB4A8B431616FE9F273F76.d.66367284FC8B839D30B4439610855947.e.9681/click - {}
RESULT: {}
RESULT: {}
COMMAND: POST /session/9f4c84e4ae75e749cefc69cbdd96fe2c/execute/async - {"script":"<script> [1562 bytes]","args":[{"selector":{"id":"application-managepricingrules-display-component---newInfoPriceItem--calcBase-arrow"},"wdio_ui5_key":"applicationmanagepricingrules-display-component---newInfoPriceItem--calcBase-arrow"}]}
COMMAND: GET /session/9f4c84e4ae75e749cefc69cbdd96fe2c/screenshot - {}
RESULT: {"script":"<script> [1562 bytes]","args":[{"selector":{"id":"application-managepricingrules-display-component---newInfoPriceItem--calcBase-arrow"},"wdio_ui5_key":"applicationmanagepricingrules-display-component---newInfoPriceItem--calcBase-arrow"}]}
RESULT: undefined
COMMAND: POST /session/9f4c84e4ae75e749cefc69cbdd96fe2c/element - {"using":"xpath","value":"//*[@id=\"application-managepricingrules-display-component---newInfoPriceItem--calcBase-arrow\"]"}
RESULT: {}
RESULT: {"using":"xpath","value":"//*[@id=\"application-managepricingrules-display-component---newInfoPriceItem--calcBase-arrow\"]"}
COMMAND: POST /session/9f4c84e4ae75e749cefc69cbdd96fe2c/element/f.92C64C74BFFB4A8B431616FE9F273F76.d.66367284FC8B839D30B4439610855947.e.9652/click - {}
RESULT: {}
COMMAND: GET /session/9f4c84e4ae75e749cefc69cbdd96fe2c/screenshot - {}
RESULT: {}
COMMAND: POST /session/9f4c84e4ae75e749cefc69cbdd96fe2c/element - {"using":"xpath","value":"//span[contains(text(), \"0006 - TB(calendar days)\")]"}
RESULT: {"using":"xpath","value":"//span[contains(text(), \"0006 - TB(calendar days)\")]"}
COMMAND: POST /session/9f4c84e4ae75e749cefc69cbdd96fe2c/element/f.92C64C74BFFB4A8B431616FE9F273F76.d.66367284FC8B839D30B4439610855947.e.9682/click - {}
RESULT: {}
COMMAND: GET /session/9f4c84e4ae75e749cefc69cbdd96fe2c/screenshot - {}
RESULT: {}
COMMAND: POST /session/9f4c84e4ae75e749cefc69cbdd96fe2c/execute/async - {"script":"<script> [1562 bytes]","args":[{"selector":{"id":"application-managepricingrules-display-component---newInfoPriceItem--hoursMonth","interaction":{"idSuffix":"inner"}},"wdio_ui5_key":"applicationmanagepricingrules-display-component---newInfoPriceItem--hoursMonth"}]}
RESULT: {"script":"<script> [1562 bytes]","args":[{"selector":{"id":"application-managepricingrules-display-component---newInfoPriceItem--hoursMonth","interaction":{"idSuffix":"inner"}},"wdio_ui5_key":"applicationmanagepricingrules-display-component---newInfoPriceItem--hoursMonth"}]}
RESULT: undefined
COMMAND: POST /session/9f4c84e4ae75e749cefc69cbdd96fe2c/execute/async - {"script":"<script> [776 bytes]","args":[{"enterText":"160","selector":{"id":"application-managepricingrules-display-component---newInfoPriceItem--hoursMonth","interaction":{"idSuffix":"inner"}},"clearTextFirst":true,"interactionType":"ENTER_TEXT"}]}
RESULT: {"script":"<script> [776 bytes]","args":[{"enterText":"160","selector":{"id":"application-managepricingrules-display-component---newInfoPriceItem--hoursMonth","interaction":{"idSuffix":"inner"}},"clearTextFirst":true,"interactionType":"ENTER_TEXT"}]}
COMMAND: POST /session/9f4c84e4ae75e749cefc69cbdd96fe2c/execute/async - {"script":"<script> [1562 bytes]","args":[{"selector":{"id":"application-managepricingrules-display-component---newInfoPriceItem--daysMonth","interaction":{"idSuffix":"inner"}},"wdio_ui5_key":"applicationmanagepricingrules-display-component---newInfoPriceItem--daysMonth"}]}
RESULT: {"script":"<script> [1562 bytes]","args":[{"selector":{"id":"application-managepricingrules-display-component---newInfoPriceItem--daysMonth","interaction":{"idSuffix":"inner"}},"wdio_ui5_key":"applicationmanagepricingrules-display-component---newInfoPriceItem--daysMonth"}]}
RESULT: undefined
COMMAND: POST /session/9f4c84e4ae75e749cefc69cbdd96fe2c/execute/async - {"script":"<script> [776 bytes]","args":[{"enterText":"30","selector":{"id":"application-managepricingrules-display-component---newInfoPriceItem--daysMonth","interaction":{"idSuffix":"inner"}},"clearTextFirst":true,"interactionType":"ENTER_TEXT"}]}
RESULT: {"script":"<script> [776 bytes]","args":[{"enterText":"30","selector":{"id":"application-managepricingrules-display-component---newInfoPriceItem--daysMonth","interaction":{"idSuffix":"inner"}},"clearTextFirst":true,"interactionType":"ENTER_TEXT"}]}
COMMAND: POST /session/9f4c84e4ae75e749cefc69cbdd96fe2c/element - {"using":"xpath","value":"//button[@data-kt=\"saveNewRuleButton\"]"}
RESULT: {"using":"xpath","value":"//button[@data-kt=\"saveNewRuleButton\"]"}
COMMAND: POST /session/9f4c84e4ae75e749cefc69cbdd96fe2c/element/f.92C64C74BFFB4A8B431616FE9F273F76.d.66367284FC8B839D30B4439610855947.e.9672/click - {}
RESULT: {}
COMMAND: GET /session/9f4c84e4ae75e749cefc69cbdd96fe2c/screenshot - {}
RESULT: {}
COMMAND: POST /session/9f4c84e4ae75e749cefc69cbdd96fe2c/execute/async - {"script":"<script> [1562 bytes]","args":[{"selector":{"id":"application-managepricingrules-display-component---priceInfoItem--smartFilterBar-btnBasicSearch","interaction":{"idSuffix":"I"}},"wdio_ui5_key":"applicationmanagepricingrules-display-component---priceInfoItem--smartFilterBar-btnBasicSearch"}]}
RESULT: {"script":"<script> [1562 bytes]","args":[{"selector":{"id":"application-managepricingrules-display-component---priceInfoItem--smartFilterBar-btnBasicSearch","interaction":{"idSuffix":"I"}},"wdio_ui5_key":"applicationmanagepricingrules-display-component---priceInfoItem--smartFilterBar-btnBasicSearch"}]}
RESULT: undefined
COMMAND: POST /session/9f4c84e4ae75e749cefc69cbdd96fe2c/execute/async - {"script":"<script> [776 bytes]","args":[{"enterText":"shL7QTZ8bo","selector":{"id":"application-managepricingrules-display-component---priceInfoItem--smartFilterBar-btnBasicSearch","interaction":{"idSuffix":"I"}},"clearTextFirst":true,"interactionType":"ENTER_TEXT"}]}
RESULT: {"script":"<script> [776 bytes]","args":[{"enterText":"shL7QTZ8bo","selector":{"id":"application-managepricingrules-display-component---priceInfoItem--smartFilterBar-btnBasicSearch","interaction":{"idSuffix":"I"}},"clearTextFirst":true,"interactionType":"ENTER_TEXT"}]}
COMMAND: POST /session/9f4c84e4ae75e749cefc69cbdd96fe2c/actions - {"actions":[{"id":"action32","type":"key","parameters":{},"actions":[{"type":"keyDown","value":""},{"type":"pause","duration":10},{"type":"keyUp","value":""}]}]}
RESULT: {"actions":[{"id":"action32","type":"key","parameters":{},"actions":[{"type":"keyDown","value":""},{"type":"pause","duration":10},{"type":"keyUp","value":""}]}]}
COMMAND: GET /session/9f4c84e4ae75e749cefc69cbdd96fe2c/screenshot - {}
RESULT: {}
COMMAND: POST /session/9f4c84e4ae75e749cefc69cbdd96fe2c/element - {"using":"xpath","value":"//span[@id=\"application-managepricingrules-display-component---priceInfoItem--smartTable-header-inner\"]"}
RESULT: {"using":"xpath","value":"//span[@id=\"application-managepricingrules-display-component---priceInfoItem--smartTable-header-inner\"]"}
COMMAND: POST /session/9f4c84e4ae75e749cefc69cbdd96fe2c/elements - {"using":"xpath","value":"//span[@id=\"application-managepricingrules-display-component---priceInfoItem--smartTable-header-inner\"]"}
RESULT: {"using":"xpath","value":"//span[@id=\"application-managepricingrules-display-component---priceInfoItem--smartTable-header-inner\"]"}
COMMAND: POST /session/9f4c84e4ae75e749cefc69cbdd96fe2c/execute/sync - {"script":"<script> [56 bytes]","args":[{"element-6066-11e4-a52e-4f735466cecf":"f.92C64C74BFFB4A8B431616FE9F273F76.d.66367284FC8B839D30B4439610855947.e.9708","ELEMENT":"f.92C64C74BFFB4A8B431616FE9F273F76.d.66367284FC8B839D30B4439610855947.e.9708"}]}
RESULT: {"script":"<script> [56 bytes]","args":[{"element-6066-11e4-a52e-4f735466cecf":"f.92C64C74BFFB4A8B431616FE9F273F76.d.66367284FC8B839D30B4439610855947.e.9708","ELEMENT":"f.92C64C74BFFB4A8B431616FE9F273F76.d.66367284FC8B839D30B4439610855947.e.9708"}]}
COMMAND: POST /session/9f4c84e4ae75e749cefc69cbdd96fe2c/element - {"using":"css selector","value":"#shell-header-logo"}
COMMAND: GET /session/9f4c84e4ae75e749cefc69cbdd96fe2c/screenshot - {}
RESULT: {"using":"css selector","value":"#shell-header-logo"}
COMMAND: POST /session/9f4c84e4ae75e749cefc69cbdd96fe2c/element/f.92C64C74BFFB4A8B431616FE9F273F76.d.66367284FC8B839D30B4439610855947.e.8641/click - {}
RESULT: {}
RESULT: {}
COMMAND: GET /session/9f4c84e4ae75e749cefc69cbdd96fe2c/screenshot - {}
RESULT: {}
]]></system-out>
    </testcase>
    <testcase classname="chrome.136_0_7103_93.windows.Create_master_data_for_mixed_billing_&amp;_do_billing_calculation_US151661" name="Should add one time condition" time="81.226">
      <system-out><![CDATA[
COMMAND: POST /session/9f4c84e4ae75e749cefc69cbdd96fe2c/execute/async - {"script":"<script> [1562 bytes]","args":[{"selector":{"controlType":"sap.m.GenericTile","properties":{"header":"Manage Conditions & Prices"}},"wdio_ui5_key":"sapm.GenericTile{\"header\":\"Manage Conditions & Prices\"}"}]}
RESULT: {"script":"<script> [1562 bytes]","args":[{"selector":{"controlType":"sap.m.GenericTile","properties":{"header":"Manage Conditions & Prices"}},"wdio_ui5_key":"sapm.GenericTile{\"header\":\"Manage Conditions & Prices\"}"}]}
RESULT: undefined
COMMAND: POST /session/9f4c84e4ae75e749cefc69cbdd96fe2c/element - {"using":"xpath","value":"//*[@id=\"__tile53\"]"}
RESULT: {"using":"xpath","value":"//*[@id=\"__tile53\"]"}
COMMAND: POST /session/9f4c84e4ae75e749cefc69cbdd96fe2c/element/f.92C64C74BFFB4A8B431616FE9F273F76.d.66367284FC8B839D30B4439610855947.e.6397/click - {}
RESULT: {}
COMMAND: GET /session/9f4c84e4ae75e749cefc69cbdd96fe2c/screenshot - {}
RESULT: {}
COMMAND: POST /session/9f4c84e4ae75e749cefc69cbdd96fe2c/elements - {"using":"xpath","value":"//span[text()='Error']"}
RESULT: {"using":"xpath","value":"//span[text()='Error']"}
COMMAND: POST /session/9f4c84e4ae75e749cefc69cbdd96fe2c/element - {"using":"xpath","value":"//button[@aria-label=\"Create\"]"}
RESULT: {"using":"xpath","value":"//button[@aria-label=\"Create\"]"}
COMMAND: POST /session/9f4c84e4ae75e749cefc69cbdd96fe2c/elements - {"using":"xpath","value":"//button[@aria-label=\"Create\"]"}
RESULT: {"using":"xpath","value":"//button[@aria-label=\"Create\"]"}
COMMAND: POST /session/9f4c84e4ae75e749cefc69cbdd96fe2c/execute/sync - {"script":"<script> [8489 bytes]","args":[{"element-6066-11e4-a52e-4f735466cecf":"f.92C64C74BFFB4A8B431616FE9F273F76.d.66367284FC8B839D30B4439610855947.e.9743","ELEMENT":"f.92C64C74BFFB4A8B431616FE9F273F76.d.66367284FC8B839D30B4439610855947.e.9743"}]}
RESULT: {"script":"<script> [8489 bytes]","args":[{"element-6066-11e4-a52e-4f735466cecf":"f.92C64C74BFFB4A8B431616FE9F273F76.d.66367284FC8B839D30B4439610855947.e.9743","ELEMENT":"f.92C64C74BFFB4A8B431616FE9F273F76.d.66367284FC8B839D30B4439610855947.e.9743"}]}
COMMAND: GET /session/9f4c84e4ae75e749cefc69cbdd96fe2c/element/f.92C64C74BFFB4A8B431616FE9F273F76.d.66367284FC8B839D30B4439610855947.e.9743/enabled - {}
COMMAND: GET /session/9f4c84e4ae75e749cefc69cbdd96fe2c/screenshot - {}
RESULT: {}
COMMAND: POST /session/9f4c84e4ae75e749cefc69cbdd96fe2c/execute/sync - {"script":"<script> [8489 bytes]","args":[{"element-6066-11e4-a52e-4f735466cecf":"f.92C64C74BFFB4A8B431616FE9F273F76.d.66367284FC8B839D30B4439610855947.e.9743","ELEMENT":"f.92C64C74BFFB4A8B431616FE9F273F76.d.66367284FC8B839D30B4439610855947.e.9743"}]}
COMMAND: GET /session/9f4c84e4ae75e749cefc69cbdd96fe2c/screenshot - {}
RESULT: {}
RESULT: {"script":"<script> [8489 bytes]","args":[{"element-6066-11e4-a52e-4f735466cecf":"f.92C64C74BFFB4A8B431616FE9F273F76.d.66367284FC8B839D30B4439610855947.e.9743","ELEMENT":"f.92C64C74BFFB4A8B431616FE9F273F76.d.66367284FC8B839D30B4439610855947.e.9743"}]}
COMMAND: POST /session/9f4c84e4ae75e749cefc69cbdd96fe2c/execute/sync - {"script":"<script> [5351 bytes]","args":[{"element-6066-11e4-a52e-4f735466cecf":"f.92C64C74BFFB4A8B431616FE9F273F76.d.66367284FC8B839D30B4439610855947.e.9743","ELEMENT":"f.92C64C74BFFB4A8B431616FE9F273F76.d.66367284FC8B839D30B4439610855947.e.9743"}]}
COMMAND: GET /session/9f4c84e4ae75e749cefc69cbdd96fe2c/screenshot - {}
RESULT: {}
RESULT: {"script":"<script> [5351 bytes]","args":[{"element-6066-11e4-a52e-4f735466cecf":"f.92C64C74BFFB4A8B431616FE9F273F76.d.66367284FC8B839D30B4439610855947.e.9743","ELEMENT":"f.92C64C74BFFB4A8B431616FE9F273F76.d.66367284FC8B839D30B4439610855947.e.9743"}]}
COMMAND: POST /session/9f4c84e4ae75e749cefc69cbdd96fe2c/element/f.92C64C74BFFB4A8B431616FE9F273F76.d.66367284FC8B839D30B4439610855947.e.9743/click - {}
COMMAND: GET /session/9f4c84e4ae75e749cefc69cbdd96fe2c/screenshot - {}
RESULT: {}
RESULT: {}
COMMAND: GET /session/9f4c84e4ae75e749cefc69cbdd96fe2c/screenshot - {}
RESULT: {}
RESULT: {}
COMMAND: POST /session/9f4c84e4ae75e749cefc69cbdd96fe2c/actions - {"actions":[{"id":"action33","type":"key","parameters":{},"actions":[{"type":"keyDown","value":""},{"type":"pause","duration":10},{"type":"keyUp","value":""}]}]}
RESULT: {"actions":[{"id":"action33","type":"key","parameters":{},"actions":[{"type":"keyDown","value":""},{"type":"pause","duration":10},{"type":"keyUp","value":""}]}]}
COMMAND: GET /session/9f4c84e4ae75e749cefc69cbdd96fe2c/screenshot - {}
RESULT: {}
COMMAND: POST /session/9f4c84e4ae75e749cefc69cbdd96fe2c/execute/async - {"script":"<script> [1562 bytes]","args":[{"selector":{"id":"application-manageconditionprice-display-component---newCondition--condBillCond-arrow"},"wdio_ui5_key":"applicationmanageconditionprice-display-component---newCondition--condBillCond-arrow"}]}
RESULT: {"script":"<script> [1562 bytes]","args":[{"selector":{"id":"application-manageconditionprice-display-component---newCondition--condBillCond-arrow"},"wdio_ui5_key":"applicationmanageconditionprice-display-component---newCondition--condBillCond-arrow"}]}
RESULT: undefined
COMMAND: POST /session/9f4c84e4ae75e749cefc69cbdd96fe2c/element - {"using":"xpath","value":"//*[@id=\"application-manageconditionprice-display-component---newCondition--condBillCond-arrow\"]"}
RESULT: {"using":"xpath","value":"//*[@id=\"application-manageconditionprice-display-component---newCondition--condBillCond-arrow\"]"}
COMMAND: POST /session/9f4c84e4ae75e749cefc69cbdd96fe2c/element/f.92C64C74BFFB4A8B431616FE9F273F76.d.66367284FC8B839D30B4439610855947.e.9917/click - {}
RESULT: {}
COMMAND: GET /session/9f4c84e4ae75e749cefc69cbdd96fe2c/screenshot - {}
RESULT: {}
COMMAND: POST /session/9f4c84e4ae75e749cefc69cbdd96fe2c/element - {"using":"xpath","value":"//li[.//span[contains(text(), \"SAPR - Sales price\")]]"}
RESULT: {"using":"xpath","value":"//li[.//span[contains(text(), \"SAPR - Sales price\")]]"}
COMMAND: POST /session/9f4c84e4ae75e749cefc69cbdd96fe2c/element/f.92C64C74BFFB4A8B431616FE9F273F76.d.66367284FC8B839D30B4439610855947.e.9920/click - {}
RESULT: {}
COMMAND: GET /session/9f4c84e4ae75e749cefc69cbdd96fe2c/screenshot - {}
RESULT: {}
COMMAND: POST /session/9f4c84e4ae75e749cefc69cbdd96fe2c/execute/async - {"script":"<script> [1562 bytes]","args":[{"selector":{"id":"application-manageconditionprice-display-component---newCondition--condValidTo","interaction":{"idSuffix":"inner"}},"wdio_ui5_key":"applicationmanageconditionprice-display-component---newCondition--condValidTo"}]}
RESULT: {"script":"<script> [1562 bytes]","args":[{"selector":{"id":"application-manageconditionprice-display-component---newCondition--condValidTo","interaction":{"idSuffix":"inner"}},"wdio_ui5_key":"applicationmanageconditionprice-display-component---newCondition--condValidTo"}]}
RESULT: undefined
COMMAND: POST /session/9f4c84e4ae75e749cefc69cbdd96fe2c/execute/async - {"script":"<script> [776 bytes]","args":[{"enterText":"1/28/26","selector":{"id":"application-manageconditionprice-display-component---newCondition--condValidTo","interaction":{"idSuffix":"inner"}},"clearTextFirst":true,"interactionType":"ENTER_TEXT"}]}
RESULT: {"script":"<script> [776 bytes]","args":[{"enterText":"1/28/26","selector":{"id":"application-manageconditionprice-display-component---newCondition--condValidTo","interaction":{"idSuffix":"inner"}},"clearTextFirst":true,"interactionType":"ENTER_TEXT"}]}
COMMAND: POST /session/9f4c84e4ae75e749cefc69cbdd96fe2c/element - {"using":"xpath","value":"//input[@id=\"application-manageconditionprice-display-component---newCondition--condRU-inner\"]"}
RESULT: {"using":"xpath","value":"//input[@id=\"application-manageconditionprice-display-component---newCondition--condRU-inner\"]"}
COMMAND: POST /session/9f4c84e4ae75e749cefc69cbdd96fe2c/element/f.92C64C74BFFB4A8B431616FE9F273F76.d.66367284FC8B839D30B4439610855947.e.9785/clear - {}
RESULT: {}
COMMAND: POST /session/9f4c84e4ae75e749cefc69cbdd96fe2c/element/f.92C64C74BFFB4A8B431616FE9F273F76.d.66367284FC8B839D30B4439610855947.e.9785/value - {"text":"shL7QTZ8bo"}
COMMAND: GET /session/9f4c84e4ae75e749cefc69cbdd96fe2c/screenshot - {}
RESULT: {"text":"shL7QTZ8bo"}
COMMAND: GET /session/9f4c84e4ae75e749cefc69cbdd96fe2c/screenshot - {}
RESULT: {}
RESULT: {}
COMMAND: POST /session/9f4c84e4ae75e749cefc69cbdd96fe2c/actions - {"actions":[{"id":"action34","type":"key","parameters":{},"actions":[{"type":"keyDown","value":""},{"type":"pause","duration":10},{"type":"keyUp","value":""}]}]}
RESULT: {"actions":[{"id":"action34","type":"key","parameters":{},"actions":[{"type":"keyDown","value":""},{"type":"pause","duration":10},{"type":"keyUp","value":""}]}]}
COMMAND: POST /session/9f4c84e4ae75e749cefc69cbdd96fe2c/execute/async - {"script":"<script> [1562 bytes]","args":[{"selector":{"id":"application-manageconditionprice-display-component---newCondition--condBaseQty","interaction":{"idSuffix":"inner"}},"wdio_ui5_key":"applicationmanageconditionprice-display-component---newCondition--condBaseQty"}]}
COMMAND: GET /session/9f4c84e4ae75e749cefc69cbdd96fe2c/screenshot - {}
RESULT: {"script":"<script> [1562 bytes]","args":[{"selector":{"id":"application-manageconditionprice-display-component---newCondition--condBaseQty","interaction":{"idSuffix":"inner"}},"wdio_ui5_key":"applicationmanageconditionprice-display-component---newCondition--condBaseQty"}]}
RESULT: undefined
COMMAND: POST /session/9f4c84e4ae75e749cefc69cbdd96fe2c/execute/async - {"script":"<script> [776 bytes]","args":[{"enterText":"1","selector":{"id":"application-manageconditionprice-display-component---newCondition--condBaseQty","interaction":{"idSuffix":"inner"}},"clearTextFirst":true,"interactionType":"ENTER_TEXT"}]}
RESULT: {}
RESULT: {"script":"<script> [776 bytes]","args":[{"enterText":"1","selector":{"id":"application-manageconditionprice-display-component---newCondition--condBaseQty","interaction":{"idSuffix":"inner"}},"clearTextFirst":true,"interactionType":"ENTER_TEXT"}]}
COMMAND: POST /session/9f4c84e4ae75e749cefc69cbdd96fe2c/execute/async - {"script":"<script> [1562 bytes]","args":[{"selector":{"id":"application-manageconditionprice-display-component---newCondition--condValue","interaction":{"idSuffix":"inner"}},"wdio_ui5_key":"applicationmanageconditionprice-display-component---newCondition--condValue"}]}
RESULT: {"script":"<script> [1562 bytes]","args":[{"selector":{"id":"application-manageconditionprice-display-component---newCondition--condValue","interaction":{"idSuffix":"inner"}},"wdio_ui5_key":"applicationmanageconditionprice-display-component---newCondition--condValue"}]}
RESULT: undefined
COMMAND: POST /session/9f4c84e4ae75e749cefc69cbdd96fe2c/execute/async - {"script":"<script> [776 bytes]","args":[{"enterText":"200","selector":{"id":"application-manageconditionprice-display-component---newCondition--condValue","interaction":{"idSuffix":"inner"}},"clearTextFirst":true,"interactionType":"ENTER_TEXT"}]}
RESULT: {"script":"<script> [776 bytes]","args":[{"enterText":"200","selector":{"id":"application-manageconditionprice-display-component---newCondition--condValue","interaction":{"idSuffix":"inner"}},"clearTextFirst":true,"interactionType":"ENTER_TEXT"}]}
COMMAND: POST /session/9f4c84e4ae75e749cefc69cbdd96fe2c/execute/async - {"script":"<script> [1562 bytes]","args":[{"selector":{"id":"application-manageconditionprice-display-component---newCondition--condCurr-arrow"},"wdio_ui5_key":"applicationmanageconditionprice-display-component---newCondition--condCurr-arrow"}]}
RESULT: {"script":"<script> [1562 bytes]","args":[{"selector":{"id":"application-manageconditionprice-display-component---newCondition--condCurr-arrow"},"wdio_ui5_key":"applicationmanageconditionprice-display-component---newCondition--condCurr-arrow"}]}
RESULT: undefined
COMMAND: POST /session/9f4c84e4ae75e749cefc69cbdd96fe2c/element - {"using":"xpath","value":"//*[@id=\"application-manageconditionprice-display-component---newCondition--condCurr-arrow\"]"}
RESULT: {"using":"xpath","value":"//*[@id=\"application-manageconditionprice-display-component---newCondition--condCurr-arrow\"]"}
COMMAND: POST /session/9f4c84e4ae75e749cefc69cbdd96fe2c/element/f.92C64C74BFFB4A8B431616FE9F273F76.d.66367284FC8B839D30B4439610855947.e.9879/click - {}
RESULT: {}
COMMAND: POST /session/9f4c84e4ae75e749cefc69cbdd96fe2c/element - {"using":"xpath","value":"//span[contains(text(), \"Euro\")]"}
COMMAND: GET /session/9f4c84e4ae75e749cefc69cbdd96fe2c/screenshot - {}
RESULT: {"using":"xpath","value":"//span[contains(text(), \"Euro\")]"}
COMMAND: POST /session/9f4c84e4ae75e749cefc69cbdd96fe2c/element/f.92C64C74BFFB4A8B431616FE9F273F76.d.66367284FC8B839D30B4439610855947.e.9958/click - {}
RESULT: {}
RESULT: {}
COMMAND: POST /session/9f4c84e4ae75e749cefc69cbdd96fe2c/element - {"using":"xpath","value":"//button[@data-kt=\"saveButton\"]"}
COMMAND: GET /session/9f4c84e4ae75e749cefc69cbdd96fe2c/screenshot - {}
RESULT: {"using":"xpath","value":"//button[@data-kt=\"saveButton\"]"}
COMMAND: POST /session/9f4c84e4ae75e749cefc69cbdd96fe2c/element/f.92C64C74BFFB4A8B431616FE9F273F76.d.66367284FC8B839D30B4439610855947.e.9880/click - {}
RESULT: {}
RESULT: {}
COMMAND: GET /session/9f4c84e4ae75e749cefc69cbdd96fe2c/screenshot - {}
RESULT: {}
COMMAND: POST /session/9f4c84e4ae75e749cefc69cbdd96fe2c/execute/async - {"script":"<script> [1562 bytes]","args":[{"selector":{"id":"application-manageconditionprice-display-component---conditions--smartFilterBar-btnBasicSearch","interaction":{"idSuffix":"I"}},"wdio_ui5_key":"applicationmanageconditionprice-display-component---conditions--smartFilterBar-btnBasicSearch"}]}
RESULT: {"script":"<script> [1562 bytes]","args":[{"selector":{"id":"application-manageconditionprice-display-component---conditions--smartFilterBar-btnBasicSearch","interaction":{"idSuffix":"I"}},"wdio_ui5_key":"applicationmanageconditionprice-display-component---conditions--smartFilterBar-btnBasicSearch"}]}
RESULT: undefined
COMMAND: POST /session/9f4c84e4ae75e749cefc69cbdd96fe2c/execute/async - {"script":"<script> [776 bytes]","args":[{"enterText":"shL7QTZ8bo","selector":{"id":"application-manageconditionprice-display-component---conditions--smartFilterBar-btnBasicSearch","interaction":{"idSuffix":"I"}},"clearTextFirst":true,"interactionType":"ENTER_TEXT"}]}
RESULT: {"script":"<script> [776 bytes]","args":[{"enterText":"shL7QTZ8bo","selector":{"id":"application-manageconditionprice-display-component---conditions--smartFilterBar-btnBasicSearch","interaction":{"idSuffix":"I"}},"clearTextFirst":true,"interactionType":"ENTER_TEXT"}]}
COMMAND: POST /session/9f4c84e4ae75e749cefc69cbdd96fe2c/actions - {"actions":[{"id":"action35","type":"key","parameters":{},"actions":[{"type":"keyDown","value":""},{"type":"pause","duration":10},{"type":"keyUp","value":""}]}]}
RESULT: {"actions":[{"id":"action35","type":"key","parameters":{},"actions":[{"type":"keyDown","value":""},{"type":"pause","duration":10},{"type":"keyUp","value":""}]}]}
COMMAND: GET /session/9f4c84e4ae75e749cefc69cbdd96fe2c/screenshot - {}
RESULT: {}
COMMAND: POST /session/9f4c84e4ae75e749cefc69cbdd96fe2c/execute/async - {"script":"<script> [1562 bytes]","args":[{"selector":{"id":"application-manageconditionprice-display-component---conditions--smartFilterBar-filterItemControl_BASIC-BILL_TYPES-vhi"},"wdio_ui5_key":"applicationmanageconditionprice-display-component---conditions--smartFilterBar-filterItemControl_BASIC-BILL_TYPES-vhi"}]}
RESULT: {"script":"<script> [1562 bytes]","args":[{"selector":{"id":"application-manageconditionprice-display-component---conditions--smartFilterBar-filterItemControl_BASIC-BILL_TYPES-vhi"},"wdio_ui5_key":"applicationmanageconditionprice-display-component---conditions--smartFilterBar-filterItemControl_BASIC-BILL_TYPES-vhi"}]}
RESULT: undefined
COMMAND: POST /session/9f4c84e4ae75e749cefc69cbdd96fe2c/element - {"using":"xpath","value":"//*[@id=\"application-manageconditionprice-display-component---conditions--smartFilterBar-filterItemControl_BASIC-BILL_TYPES-vhi\"]"}
RESULT: {"using":"xpath","value":"//*[@id=\"application-manageconditionprice-display-component---conditions--smartFilterBar-filterItemControl_BASIC-BILL_TYPES-vhi\"]"}
COMMAND: POST /session/9f4c84e4ae75e749cefc69cbdd96fe2c/element/f.92C64C74BFFB4A8B431616FE9F273F76.d.66367284FC8B839D30B4439610855947.e.10064/click - {}
RESULT: {}
COMMAND: POST /session/9f4c84e4ae75e749cefc69cbdd96fe2c/execute/async - {"script":"<script> [1562 bytes]","args":[{"selector":{"id":"application-manageconditionprice-display-component---conditions--smartFilterBar-filterItemControl_BASIC-BILL_TYPES-valueHelpDialog-smartFilterBar-btnBasicSearch","searchOpenDialogs":true,"interaction":{"idSuffix":"I"}},"wdio_ui5_key":"applicationmanageconditionprice-display-component---conditions--smartFilterBar-filterItemControl_BASIC-BILL_TYPES-valueHelpDialog-smartFilterBar-btnBasicSearch"}]}
COMMAND: GET /session/9f4c84e4ae75e749cefc69cbdd96fe2c/screenshot - {}
RESULT: {"script":"<script> [1562 bytes]","args":[{"selector":{"id":"application-manageconditionprice-display-component---conditions--smartFilterBar-filterItemControl_BASIC-BILL_TYPES-valueHelpDialog-smartFilterBar-btnBasicSearch","searchOpenDialogs":true,"interaction":{"idSuffix":"I"}},"wdio_ui5_key":"applicationmanageconditionprice-display-component---conditions--smartFilterBar-filterItemControl_BASIC-BILL_TYPES-valueHelpDialog-smartFilterBar-btnBasicSearch"}]}
RESULT: undefined
COMMAND: POST /session/9f4c84e4ae75e749cefc69cbdd96fe2c/execute/async - {"script":"<script> [776 bytes]","args":[{"enterText":"one","selector":{"id":"application-manageconditionprice-display-component---conditions--smartFilterBar-filterItemControl_BASIC-BILL_TYPES-valueHelpDialog-smartFilterBar-btnBasicSearch","searchOpenDialogs":true,"interaction":{"idSuffix":"I"}},"clearTextFirst":true,"interactionType":"ENTER_TEXT"}]}
RESULT: {}
RESULT: {"script":"<script> [776 bytes]","args":[{"enterText":"one","selector":{"id":"application-manageconditionprice-display-component---conditions--smartFilterBar-filterItemControl_BASIC-BILL_TYPES-valueHelpDialog-smartFilterBar-btnBasicSearch","searchOpenDialogs":true,"interaction":{"idSuffix":"I"}},"clearTextFirst":true,"interactionType":"ENTER_TEXT"}]}
COMMAND: POST /session/9f4c84e4ae75e749cefc69cbdd96fe2c/actions - {"actions":[{"id":"action36","type":"key","parameters":{},"actions":[{"type":"keyDown","value":""},{"type":"pause","duration":10},{"type":"keyUp","value":""}]}]}
RESULT: {"actions":[{"id":"action36","type":"key","parameters":{},"actions":[{"type":"keyDown","value":""},{"type":"pause","duration":10},{"type":"keyUp","value":""}]}]}
COMMAND: GET /session/9f4c84e4ae75e749cefc69cbdd96fe2c/screenshot - {}
RESULT: {}
COMMAND: POST /session/9f4c84e4ae75e749cefc69cbdd96fe2c/element - {"using":"xpath","value":"//div[contains(@id, 'application-manageconditionprice-display-component---conditions--smartFilterBar-filterItemControl_BASIC-BILL_TYPES-valueHelpDialog-table-rowsel0')]"}
RESULT: {"using":"xpath","value":"//div[contains(@id, 'application-manageconditionprice-display-component---conditions--smartFilterBar-filterItemControl_BASIC-BILL_TYPES-valueHelpDialog-table-rowsel0')]"}
COMMAND: POST /session/9f4c84e4ae75e749cefc69cbdd96fe2c/element/f.92C64C74BFFB4A8B431616FE9F273F76.d.66367284FC8B839D30B4439610855947.e.10074/click - {}
RESULT: {}
COMMAND: GET /session/9f4c84e4ae75e749cefc69cbdd96fe2c/screenshot - {}
RESULT: {}
COMMAND: POST /session/9f4c84e4ae75e749cefc69cbdd96fe2c/element - {"using":"xpath","value":"//bdi[contains(text(), \"OK\")]"}
RESULT: {"using":"xpath","value":"//bdi[contains(text(), \"OK\")]"}
COMMAND: POST /session/9f4c84e4ae75e749cefc69cbdd96fe2c/element/f.92C64C74BFFB4A8B431616FE9F273F76.d.66367284FC8B839D30B4439610855947.e.10076/click - {}
RESULT: {}
COMMAND: GET /session/9f4c84e4ae75e749cefc69cbdd96fe2c/screenshot - {}
RESULT: {}
COMMAND: POST /session/9f4c84e4ae75e749cefc69cbdd96fe2c/element - {"using":"xpath","value":"//span[@id=\"application-manageconditionprice-display-component---conditions--smartTable-header-inner\"]"}
RESULT: {"using":"xpath","value":"//span[@id=\"application-manageconditionprice-display-component---conditions--smartTable-header-inner\"]"}
COMMAND: POST /session/9f4c84e4ae75e749cefc69cbdd96fe2c/elements - {"using":"xpath","value":"//span[@id=\"application-manageconditionprice-display-component---conditions--smartTable-header-inner\"]"}
RESULT: {"using":"xpath","value":"//span[@id=\"application-manageconditionprice-display-component---conditions--smartTable-header-inner\"]"}
COMMAND: POST /session/9f4c84e4ae75e749cefc69cbdd96fe2c/execute/sync - {"script":"<script> [56 bytes]","args":[{"element-6066-11e4-a52e-4f735466cecf":"f.92C64C74BFFB4A8B431616FE9F273F76.d.66367284FC8B839D30B4439610855947.e.10079","ELEMENT":"f.92C64C74BFFB4A8B431616FE9F273F76.d.66367284FC8B839D30B4439610855947.e.10079"}]}
RESULT: {"script":"<script> [56 bytes]","args":[{"element-6066-11e4-a52e-4f735466cecf":"f.92C64C74BFFB4A8B431616FE9F273F76.d.66367284FC8B839D30B4439610855947.e.10079","ELEMENT":"f.92C64C74BFFB4A8B431616FE9F273F76.d.66367284FC8B839D30B4439610855947.e.10079"}]}
COMMAND: POST /session/9f4c84e4ae75e749cefc69cbdd96fe2c/element - {"using":"css selector","value":"#shell-header-logo"}
COMMAND: GET /session/9f4c84e4ae75e749cefc69cbdd96fe2c/screenshot - {}
RESULT: {"using":"css selector","value":"#shell-header-logo"}
COMMAND: POST /session/9f4c84e4ae75e749cefc69cbdd96fe2c/element/f.92C64C74BFFB4A8B431616FE9F273F76.d.66367284FC8B839D30B4439610855947.e.9711/click - {}
RESULT: {}
RESULT: {}
COMMAND: GET /session/9f4c84e4ae75e749cefc69cbdd96fe2c/screenshot - {}
RESULT: {}
]]></system-out>
    </testcase>
    <testcase classname="chrome.136_0_7103_93.windows.Create_master_data_for_mixed_billing_&amp;_do_billing_calculation_US151661" name="Should add performance based condition" time="86.127">
      <system-out><![CDATA[
RESULT: undefined
COMMAND: POST /session/9f4c84e4ae75e749cefc69cbdd96fe2c/element - {"using":"xpath","value":"//*[@id=\"__tile53\"]"}
RESULT: {"using":"xpath","value":"//*[@id=\"__tile53\"]"}
COMMAND: POST /session/9f4c84e4ae75e749cefc69cbdd96fe2c/element/f.92C64C74BFFB4A8B431616FE9F273F76.d.66367284FC8B839D30B4439610855947.e.6397/click - {}
RESULT: {}
COMMAND: GET /session/9f4c84e4ae75e749cefc69cbdd96fe2c/screenshot - {}
RESULT: {}
COMMAND: POST /session/9f4c84e4ae75e749cefc69cbdd96fe2c/elements - {"using":"xpath","value":"//span[text()='Error']"}
RESULT: {"using":"xpath","value":"//span[text()='Error']"}
COMMAND: POST /session/9f4c84e4ae75e749cefc69cbdd96fe2c/element - {"using":"xpath","value":"//button[@aria-label=\"Create\"]"}
RESULT: {"using":"xpath","value":"//button[@aria-label=\"Create\"]"}
COMMAND: POST /session/9f4c84e4ae75e749cefc69cbdd96fe2c/elements - {"using":"xpath","value":"//button[@aria-label=\"Create\"]"}
RESULT: {"using":"xpath","value":"//button[@aria-label=\"Create\"]"}
COMMAND: POST /session/9f4c84e4ae75e749cefc69cbdd96fe2c/execute/sync - {"script":"<script> [8489 bytes]","args":[{"element-6066-11e4-a52e-4f735466cecf":"f.92C64C74BFFB4A8B431616FE9F273F76.d.66367284FC8B839D30B4439610855947.e.10120","ELEMENT":"f.92C64C74BFFB4A8B431616FE9F273F76.d.66367284FC8B839D30B4439610855947.e.10120"}]}
RESULT: {"script":"<script> [8489 bytes]","args":[{"element-6066-11e4-a52e-4f735466cecf":"f.92C64C74BFFB4A8B431616FE9F273F76.d.66367284FC8B839D30B4439610855947.e.10120","ELEMENT":"f.92C64C74BFFB4A8B431616FE9F273F76.d.66367284FC8B839D30B4439610855947.e.10120"}]}
COMMAND: GET /session/9f4c84e4ae75e749cefc69cbdd96fe2c/element/f.92C64C74BFFB4A8B431616FE9F273F76.d.66367284FC8B839D30B4439610855947.e.10120/enabled - {}
COMMAND: GET /session/9f4c84e4ae75e749cefc69cbdd96fe2c/screenshot - {}
RESULT: {}
COMMAND: POST /session/9f4c84e4ae75e749cefc69cbdd96fe2c/execute/sync - {"script":"<script> [8489 bytes]","args":[{"element-6066-11e4-a52e-4f735466cecf":"f.92C64C74BFFB4A8B431616FE9F273F76.d.66367284FC8B839D30B4439610855947.e.10120","ELEMENT":"f.92C64C74BFFB4A8B431616FE9F273F76.d.66367284FC8B839D30B4439610855947.e.10120"}]}
COMMAND: GET /session/9f4c84e4ae75e749cefc69cbdd96fe2c/screenshot - {}
RESULT: {}
RESULT: {"script":"<script> [8489 bytes]","args":[{"element-6066-11e4-a52e-4f735466cecf":"f.92C64C74BFFB4A8B431616FE9F273F76.d.66367284FC8B839D30B4439610855947.e.10120","ELEMENT":"f.92C64C74BFFB4A8B431616FE9F273F76.d.66367284FC8B839D30B4439610855947.e.10120"}]}
COMMAND: POST /session/9f4c84e4ae75e749cefc69cbdd96fe2c/execute/sync - {"script":"<script> [5351 bytes]","args":[{"element-6066-11e4-a52e-4f735466cecf":"f.92C64C74BFFB4A8B431616FE9F273F76.d.66367284FC8B839D30B4439610855947.e.10120","ELEMENT":"f.92C64C74BFFB4A8B431616FE9F273F76.d.66367284FC8B839D30B4439610855947.e.10120"}]}
COMMAND: GET /session/9f4c84e4ae75e749cefc69cbdd96fe2c/screenshot - {}
RESULT: {}
RESULT: {"script":"<script> [5351 bytes]","args":[{"element-6066-11e4-a52e-4f735466cecf":"f.92C64C74BFFB4A8B431616FE9F273F76.d.66367284FC8B839D30B4439610855947.e.10120","ELEMENT":"f.92C64C74BFFB4A8B431616FE9F273F76.d.66367284FC8B839D30B4439610855947.e.10120"}]}
COMMAND: POST /session/9f4c84e4ae75e749cefc69cbdd96fe2c/element/f.92C64C74BFFB4A8B431616FE9F273F76.d.66367284FC8B839D30B4439610855947.e.10120/click - {}
COMMAND: GET /session/9f4c84e4ae75e749cefc69cbdd96fe2c/screenshot - {}
RESULT: {}
RESULT: {}
COMMAND: GET /session/9f4c84e4ae75e749cefc69cbdd96fe2c/screenshot - {}
RESULT: {}
RESULT: {}
COMMAND: POST /session/9f4c84e4ae75e749cefc69cbdd96fe2c/actions - {"actions":[{"id":"action37","type":"key","parameters":{},"actions":[{"type":"keyDown","value":""},{"type":"pause","duration":10},{"type":"keyUp","value":""}]}]}
RESULT: {"actions":[{"id":"action37","type":"key","parameters":{},"actions":[{"type":"keyDown","value":""},{"type":"pause","duration":10},{"type":"keyUp","value":""}]}]}
COMMAND: GET /session/9f4c84e4ae75e749cefc69cbdd96fe2c/screenshot - {}
RESULT: undefined
COMMAND: POST /session/9f4c84e4ae75e749cefc69cbdd96fe2c/element - {"using":"xpath","value":"//*[@id=\"application-manageconditionprice-display-component---newCondition--condBillCond-arrow\"]"}
RESULT: {}
RESULT: {"using":"xpath","value":"//*[@id=\"application-manageconditionprice-display-component---newCondition--condBillCond-arrow\"]"}
COMMAND: POST /session/9f4c84e4ae75e749cefc69cbdd96fe2c/element/f.92C64C74BFFB4A8B431616FE9F273F76.d.66367284FC8B839D30B4439610855947.e.10597/click - {}
RESULT: {}
COMMAND: GET /session/9f4c84e4ae75e749cefc69cbdd96fe2c/screenshot - {}
RESULT: {}
COMMAND: POST /session/9f4c84e4ae75e749cefc69cbdd96fe2c/element - {"using":"xpath","value":"//li[.//span[contains(text(), \"PC06 - Performance Price - fuel\")]]"}
RESULT: {"using":"xpath","value":"//li[.//span[contains(text(), \"PC06 - Performance Price - fuel\")]]"}
COMMAND: POST /session/9f4c84e4ae75e749cefc69cbdd96fe2c/element/f.92C64C74BFFB4A8B431616FE9F273F76.d.66367284FC8B839D30B4439610855947.e.10600/click - {}
RESULT: {}
COMMAND: GET /session/9f4c84e4ae75e749cefc69cbdd96fe2c/screenshot - {}
RESULT: {}
RESULT: undefined
COMMAND: POST /session/9f4c84e4ae75e749cefc69cbdd96fe2c/execute/async - {"script":"<script> [776 bytes]","args":[{"enterText":"1/28/26","selector":{"id":"application-manageconditionprice-display-component---newCondition--condValidTo","interaction":{"idSuffix":"inner"}},"clearTextFirst":true,"interactionType":"ENTER_TEXT"}]}
RESULT: {"script":"<script> [776 bytes]","args":[{"enterText":"1/28/26","selector":{"id":"application-manageconditionprice-display-component---newCondition--condValidTo","interaction":{"idSuffix":"inner"}},"clearTextFirst":true,"interactionType":"ENTER_TEXT"}]}
COMMAND: POST /session/9f4c84e4ae75e749cefc69cbdd96fe2c/element - {"using":"xpath","value":"//input[@id=\"application-manageconditionprice-display-component---newCondition--condRU-inner\"]"}
RESULT: {"using":"xpath","value":"//input[@id=\"application-manageconditionprice-display-component---newCondition--condRU-inner\"]"}
COMMAND: POST /session/9f4c84e4ae75e749cefc69cbdd96fe2c/element/f.92C64C74BFFB4A8B431616FE9F273F76.d.66367284FC8B839D30B4439610855947.e.10324/clear - {}
RESULT: {}
COMMAND: POST /session/9f4c84e4ae75e749cefc69cbdd96fe2c/element/f.92C64C74BFFB4A8B431616FE9F273F76.d.66367284FC8B839D30B4439610855947.e.10324/value - {"text":"shL7QTZ8bo"}
COMMAND: GET /session/9f4c84e4ae75e749cefc69cbdd96fe2c/screenshot - {}
RESULT: {"text":"shL7QTZ8bo"}
COMMAND: GET /session/9f4c84e4ae75e749cefc69cbdd96fe2c/screenshot - {}
RESULT: {}
RESULT: {}
COMMAND: POST /session/9f4c84e4ae75e749cefc69cbdd96fe2c/actions - {"actions":[{"id":"action38","type":"key","parameters":{},"actions":[{"type":"keyDown","value":""},{"type":"pause","duration":10},{"type":"keyUp","value":""}]}]}
RESULT: {"actions":[{"id":"action38","type":"key","parameters":{},"actions":[{"type":"keyDown","value":""},{"type":"pause","duration":10},{"type":"keyUp","value":""}]}]}
RESULT: undefined
COMMAND: POST /session/9f4c84e4ae75e749cefc69cbdd96fe2c/execute/async - {"script":"<script> [776 bytes]","args":[{"enterText":"1","selector":{"id":"application-manageconditionprice-display-component---newCondition--condBaseQty","interaction":{"idSuffix":"inner"}},"clearTextFirst":true,"interactionType":"ENTER_TEXT"}]}
COMMAND: GET /session/9f4c84e4ae75e749cefc69cbdd96fe2c/screenshot - {}
RESULT: {"script":"<script> [776 bytes]","args":[{"enterText":"1","selector":{"id":"application-manageconditionprice-display-component---newCondition--condBaseQty","interaction":{"idSuffix":"inner"}},"clearTextFirst":true,"interactionType":"ENTER_TEXT"}]}
RESULT: undefined
COMMAND: POST /session/9f4c84e4ae75e749cefc69cbdd96fe2c/execute/async - {"script":"<script> [776 bytes]","args":[{"enterText":"10","selector":{"id":"application-manageconditionprice-display-component---newCondition--condValue","interaction":{"idSuffix":"inner"}},"clearTextFirst":true,"interactionType":"ENTER_TEXT"}]}
RESULT: {}
RESULT: {"script":"<script> [776 bytes]","args":[{"enterText":"10","selector":{"id":"application-manageconditionprice-display-component---newCondition--condValue","interaction":{"idSuffix":"inner"}},"clearTextFirst":true,"interactionType":"ENTER_TEXT"}]}
RESULT: undefined
COMMAND: POST /session/9f4c84e4ae75e749cefc69cbdd96fe2c/element - {"using":"xpath","value":"//*[@id=\"application-manageconditionprice-display-component---newCondition--condCurr-arrow\"]"}
RESULT: {"using":"xpath","value":"//*[@id=\"application-manageconditionprice-display-component---newCondition--condCurr-arrow\"]"}
COMMAND: POST /session/9f4c84e4ae75e749cefc69cbdd96fe2c/element/f.92C64C74BFFB4A8B431616FE9F273F76.d.66367284FC8B839D30B4439610855947.e.10566/click - {}
RESULT: {}
COMMAND: POST /session/9f4c84e4ae75e749cefc69cbdd96fe2c/element - {"using":"xpath","value":"//span[contains(text(), \"Euro\")]"}
COMMAND: GET /session/9f4c84e4ae75e749cefc69cbdd96fe2c/screenshot - {}
RESULT: {"using":"xpath","value":"//span[contains(text(), \"Euro\")]"}
COMMAND: POST /session/9f4c84e4ae75e749cefc69cbdd96fe2c/element/f.92C64C74BFFB4A8B431616FE9F273F76.d.66367284FC8B839D30B4439610855947.e.10631/click - {}
RESULT: {}
RESULT: {}
COMMAND: POST /session/9f4c84e4ae75e749cefc69cbdd96fe2c/element - {"using":"xpath","value":"//button[@data-kt=\"saveButton\"]"}
COMMAND: GET /session/9f4c84e4ae75e749cefc69cbdd96fe2c/screenshot - {}
RESULT: {"using":"xpath","value":"//button[@data-kt=\"saveButton\"]"}
COMMAND: POST /session/9f4c84e4ae75e749cefc69cbdd96fe2c/element/f.92C64C74BFFB4A8B431616FE9F273F76.d.66367284FC8B839D30B4439610855947.e.10567/click - {}
RESULT: {}
RESULT: {}
COMMAND: GET /session/9f4c84e4ae75e749cefc69cbdd96fe2c/screenshot - {}
RESULT: {}
RESULT: undefined
COMMAND: POST /session/9f4c84e4ae75e749cefc69cbdd96fe2c/execute/async - {"script":"<script> [776 bytes]","args":[{"enterText":"shL7QTZ8bo","selector":{"id":"application-manageconditionprice-display-component---conditions--smartFilterBar-btnBasicSearch","interaction":{"idSuffix":"I"}},"clearTextFirst":true,"interactionType":"ENTER_TEXT"}]}
RESULT: {"script":"<script> [776 bytes]","args":[{"enterText":"shL7QTZ8bo","selector":{"id":"application-manageconditionprice-display-component---conditions--smartFilterBar-btnBasicSearch","interaction":{"idSuffix":"I"}},"clearTextFirst":true,"interactionType":"ENTER_TEXT"}]}
COMMAND: POST /session/9f4c84e4ae75e749cefc69cbdd96fe2c/actions - {"actions":[{"id":"action39","type":"key","parameters":{},"actions":[{"type":"keyDown","value":""},{"type":"pause","duration":10},{"type":"keyUp","value":""}]}]}
RESULT: {"actions":[{"id":"action39","type":"key","parameters":{},"actions":[{"type":"keyDown","value":""},{"type":"pause","duration":10},{"type":"keyUp","value":""}]}]}
COMMAND: GET /session/9f4c84e4ae75e749cefc69cbdd96fe2c/screenshot - {}
RESULT: {}
RESULT: undefined
COMMAND: POST /session/9f4c84e4ae75e749cefc69cbdd96fe2c/element - {"using":"xpath","value":"//*[@id=\"application-manageconditionprice-display-component---conditions--smartFilterBar-filterItemControl_BASIC-BILL_TYPES-vhi\"]"}
RESULT: {"using":"xpath","value":"//*[@id=\"application-manageconditionprice-display-component---conditions--smartFilterBar-filterItemControl_BASIC-BILL_TYPES-vhi\"]"}
COMMAND: POST /session/9f4c84e4ae75e749cefc69cbdd96fe2c/element/f.92C64C74BFFB4A8B431616FE9F273F76.d.66367284FC8B839D30B4439610855947.e.10887/click - {}
RESULT: {}
RESULT: undefined
COMMAND: POST /session/9f4c84e4ae75e749cefc69cbdd96fe2c/execute/async - {"script":"<script> [776 bytes]","args":[{"enterText":"PB","selector":{"id":"application-manageconditionprice-display-component---conditions--smartFilterBar-filterItemControl_BASIC-BILL_TYPES-valueHelpDialog-smartFilterBar-btnBasicSearch","searchOpenDialogs":true,"interaction":{"idSuffix":"I"}},"clearTextFirst":true,"interactionType":"ENTER_TEXT"}]}
COMMAND: GET /session/9f4c84e4ae75e749cefc69cbdd96fe2c/screenshot - {}
RESULT: {"script":"<script> [776 bytes]","args":[{"enterText":"PB","selector":{"id":"application-manageconditionprice-display-component---conditions--smartFilterBar-filterItemControl_BASIC-BILL_TYPES-valueHelpDialog-smartFilterBar-btnBasicSearch","searchOpenDialogs":true,"interaction":{"idSuffix":"I"}},"clearTextFirst":true,"interactionType":"ENTER_TEXT"}]}
COMMAND: POST /session/9f4c84e4ae75e749cefc69cbdd96fe2c/actions - {"actions":[{"id":"action40","type":"key","parameters":{},"actions":[{"type":"keyDown","value":""},{"type":"pause","duration":10},{"type":"keyUp","value":""}]}]}
RESULT: {}
RESULT: {"actions":[{"id":"action40","type":"key","parameters":{},"actions":[{"type":"keyDown","value":""},{"type":"pause","duration":10},{"type":"keyUp","value":""}]}]}
COMMAND: GET /session/9f4c84e4ae75e749cefc69cbdd96fe2c/screenshot - {}
RESULT: {}
COMMAND: POST /session/9f4c84e4ae75e749cefc69cbdd96fe2c/element - {"using":"xpath","value":"//div[contains(@id, 'application-manageconditionprice-display-component---conditions--smartFilterBar-filterItemControl_BASIC-BILL_TYPES-valueHelpDialog-table-rowsel0')]"}
RESULT: {"using":"xpath","value":"//div[contains(@id, 'application-manageconditionprice-display-component---conditions--smartFilterBar-filterItemControl_BASIC-BILL_TYPES-valueHelpDialog-table-rowsel0')]"}
COMMAND: POST /session/9f4c84e4ae75e749cefc69cbdd96fe2c/element/f.92C64C74BFFB4A8B431616FE9F273F76.d.66367284FC8B839D30B4439610855947.e.10895/click - {}
RESULT: {}
COMMAND: GET /session/9f4c84e4ae75e749cefc69cbdd96fe2c/screenshot - {}
RESULT: {}
COMMAND: POST /session/9f4c84e4ae75e749cefc69cbdd96fe2c/element - {"using":"xpath","value":"//bdi[contains(text(), \"OK\")]"}
RESULT: {"using":"xpath","value":"//bdi[contains(text(), \"OK\")]"}
COMMAND: POST /session/9f4c84e4ae75e749cefc69cbdd96fe2c/element/f.92C64C74BFFB4A8B431616FE9F273F76.d.66367284FC8B839D30B4439610855947.e.10897/click - {}
RESULT: {}
COMMAND: GET /session/9f4c84e4ae75e749cefc69cbdd96fe2c/screenshot - {}
RESULT: {}
COMMAND: POST /session/9f4c84e4ae75e749cefc69cbdd96fe2c/element - {"using":"xpath","value":"//span[@id=\"application-manageconditionprice-display-component---conditions--smartTable-header-inner\"]"}
RESULT: {"using":"xpath","value":"//span[@id=\"application-manageconditionprice-display-component---conditions--smartTable-header-inner\"]"}
COMMAND: POST /session/9f4c84e4ae75e749cefc69cbdd96fe2c/elements - {"using":"xpath","value":"//span[@id=\"application-manageconditionprice-display-component---conditions--smartTable-header-inner\"]"}
RESULT: {"using":"xpath","value":"//span[@id=\"application-manageconditionprice-display-component---conditions--smartTable-header-inner\"]"}
COMMAND: POST /session/9f4c84e4ae75e749cefc69cbdd96fe2c/execute/sync - {"script":"<script> [56 bytes]","args":[{"element-6066-11e4-a52e-4f735466cecf":"f.92C64C74BFFB4A8B431616FE9F273F76.d.66367284FC8B839D30B4439610855947.e.10900","ELEMENT":"f.92C64C74BFFB4A8B431616FE9F273F76.d.66367284FC8B839D30B4439610855947.e.10900"}]}
RESULT: {"script":"<script> [56 bytes]","args":[{"element-6066-11e4-a52e-4f735466cecf":"f.92C64C74BFFB4A8B431616FE9F273F76.d.66367284FC8B839D30B4439610855947.e.10900","ELEMENT":"f.92C64C74BFFB4A8B431616FE9F273F76.d.66367284FC8B839D30B4439610855947.e.10900"}]}
COMMAND: POST /session/9f4c84e4ae75e749cefc69cbdd96fe2c/element - {"using":"css selector","value":"#shell-header-logo"}
COMMAND: GET /session/9f4c84e4ae75e749cefc69cbdd96fe2c/screenshot - {}
RESULT: {"using":"css selector","value":"#shell-header-logo"}
COMMAND: POST /session/9f4c84e4ae75e749cefc69cbdd96fe2c/element/f.92C64C74BFFB4A8B431616FE9F273F76.d.66367284FC8B839D30B4439610855947.e.10086/click - {}
RESULT: {}
RESULT: {}
COMMAND: GET /session/9f4c84e4ae75e749cefc69cbdd96fe2c/screenshot - {}
RESULT: {}
]]></system-out>
    </testcase>
    <testcase classname="chrome.136_0_7103_93.windows.Create_master_data_for_mixed_billing_&amp;_do_billing_calculation_US151661" name="Should add time based condition" time="78.103">
      <system-out><![CDATA[
RESULT: undefined
COMMAND: POST /session/9f4c84e4ae75e749cefc69cbdd96fe2c/element - {"using":"xpath","value":"//*[@id=\"__tile53\"]"}
RESULT: {"using":"xpath","value":"//*[@id=\"__tile53\"]"}
COMMAND: POST /session/9f4c84e4ae75e749cefc69cbdd96fe2c/element/f.92C64C74BFFB4A8B431616FE9F273F76.d.66367284FC8B839D30B4439610855947.e.6397/click - {}
RESULT: {}
COMMAND: GET /session/9f4c84e4ae75e749cefc69cbdd96fe2c/screenshot - {}
RESULT: {}
COMMAND: POST /session/9f4c84e4ae75e749cefc69cbdd96fe2c/elements - {"using":"xpath","value":"//span[text()='Error']"}
RESULT: {"using":"xpath","value":"//span[text()='Error']"}
COMMAND: POST /session/9f4c84e4ae75e749cefc69cbdd96fe2c/element - {"using":"xpath","value":"//button[@aria-label=\"Create\"]"}
RESULT: {"using":"xpath","value":"//button[@aria-label=\"Create\"]"}
COMMAND: POST /session/9f4c84e4ae75e749cefc69cbdd96fe2c/elements - {"using":"xpath","value":"//button[@aria-label=\"Create\"]"}
RESULT: {"using":"xpath","value":"//button[@aria-label=\"Create\"]"}
COMMAND: POST /session/9f4c84e4ae75e749cefc69cbdd96fe2c/execute/sync - {"script":"<script> [8489 bytes]","args":[{"element-6066-11e4-a52e-4f735466cecf":"f.92C64C74BFFB4A8B431616FE9F273F76.d.66367284FC8B839D30B4439610855947.e.10939","ELEMENT":"f.92C64C74BFFB4A8B431616FE9F273F76.d.66367284FC8B839D30B4439610855947.e.10939"}]}
RESULT: {"script":"<script> [8489 bytes]","args":[{"element-6066-11e4-a52e-4f735466cecf":"f.92C64C74BFFB4A8B431616FE9F273F76.d.66367284FC8B839D30B4439610855947.e.10939","ELEMENT":"f.92C64C74BFFB4A8B431616FE9F273F76.d.66367284FC8B839D30B4439610855947.e.10939"}]}
COMMAND: GET /session/9f4c84e4ae75e749cefc69cbdd96fe2c/element/f.92C64C74BFFB4A8B431616FE9F273F76.d.66367284FC8B839D30B4439610855947.e.10939/enabled - {}
COMMAND: GET /session/9f4c84e4ae75e749cefc69cbdd96fe2c/screenshot - {}
RESULT: {}
COMMAND: POST /session/9f4c84e4ae75e749cefc69cbdd96fe2c/execute/sync - {"script":"<script> [8489 bytes]","args":[{"element-6066-11e4-a52e-4f735466cecf":"f.92C64C74BFFB4A8B431616FE9F273F76.d.66367284FC8B839D30B4439610855947.e.10939","ELEMENT":"f.92C64C74BFFB4A8B431616FE9F273F76.d.66367284FC8B839D30B4439610855947.e.10939"}]}
COMMAND: GET /session/9f4c84e4ae75e749cefc69cbdd96fe2c/screenshot - {}
RESULT: {}
RESULT: {"script":"<script> [8489 bytes]","args":[{"element-6066-11e4-a52e-4f735466cecf":"f.92C64C74BFFB4A8B431616FE9F273F76.d.66367284FC8B839D30B4439610855947.e.10939","ELEMENT":"f.92C64C74BFFB4A8B431616FE9F273F76.d.66367284FC8B839D30B4439610855947.e.10939"}]}
COMMAND: POST /session/9f4c84e4ae75e749cefc69cbdd96fe2c/execute/sync - {"script":"<script> [5351 bytes]","args":[{"element-6066-11e4-a52e-4f735466cecf":"f.92C64C74BFFB4A8B431616FE9F273F76.d.66367284FC8B839D30B4439610855947.e.10939","ELEMENT":"f.92C64C74BFFB4A8B431616FE9F273F76.d.66367284FC8B839D30B4439610855947.e.10939"}]}
COMMAND: GET /session/9f4c84e4ae75e749cefc69cbdd96fe2c/screenshot - {}
RESULT: {}
RESULT: {"script":"<script> [5351 bytes]","args":[{"element-6066-11e4-a52e-4f735466cecf":"f.92C64C74BFFB4A8B431616FE9F273F76.d.66367284FC8B839D30B4439610855947.e.10939","ELEMENT":"f.92C64C74BFFB4A8B431616FE9F273F76.d.66367284FC8B839D30B4439610855947.e.10939"}]}
COMMAND: POST /session/9f4c84e4ae75e749cefc69cbdd96fe2c/element/f.92C64C74BFFB4A8B431616FE9F273F76.d.66367284FC8B839D30B4439610855947.e.10939/click - {}
COMMAND: GET /session/9f4c84e4ae75e749cefc69cbdd96fe2c/screenshot - {}
RESULT: {}
RESULT: {}
COMMAND: GET /session/9f4c84e4ae75e749cefc69cbdd96fe2c/screenshot - {}
RESULT: {}
RESULT: {}
COMMAND: POST /session/9f4c84e4ae75e749cefc69cbdd96fe2c/actions - {"actions":[{"id":"action41","type":"key","parameters":{},"actions":[{"type":"keyDown","value":""},{"type":"pause","duration":10},{"type":"keyUp","value":""}]}]}
RESULT: {"actions":[{"id":"action41","type":"key","parameters":{},"actions":[{"type":"keyDown","value":""},{"type":"pause","duration":10},{"type":"keyUp","value":""}]}]}
COMMAND: GET /session/9f4c84e4ae75e749cefc69cbdd96fe2c/screenshot - {}
RESULT: undefined
COMMAND: POST /session/9f4c84e4ae75e749cefc69cbdd96fe2c/element - {"using":"xpath","value":"//*[@id=\"application-manageconditionprice-display-component---newCondition--condBillCond-arrow\"]"}
RESULT: {}
RESULT: {"using":"xpath","value":"//*[@id=\"application-manageconditionprice-display-component---newCondition--condBillCond-arrow\"]"}
COMMAND: POST /session/9f4c84e4ae75e749cefc69cbdd96fe2c/element/f.92C64C74BFFB4A8B431616FE9F273F76.d.66367284FC8B839D30B4439610855947.e.11421/click - {}
RESULT: {}
COMMAND: GET /session/9f4c84e4ae75e749cefc69cbdd96fe2c/screenshot - {}
RESULT: {}
COMMAND: POST /session/9f4c84e4ae75e749cefc69cbdd96fe2c/element - {"using":"xpath","value":"//li[.//span[contains(text(), \"DISP - D&I special price\")]]"}
RESULT: {"using":"xpath","value":"//li[.//span[contains(text(), \"DISP - D&I special price\")]]"}
COMMAND: POST /session/9f4c84e4ae75e749cefc69cbdd96fe2c/element/f.92C64C74BFFB4A8B431616FE9F273F76.d.66367284FC8B839D30B4439610855947.e.11424/click - {}
RESULT: {}
COMMAND: GET /session/9f4c84e4ae75e749cefc69cbdd96fe2c/screenshot - {}
RESULT: {}
RESULT: undefined
COMMAND: POST /session/9f4c84e4ae75e749cefc69cbdd96fe2c/execute/async - {"script":"<script> [776 bytes]","args":[{"enterText":"1/28/26","selector":{"id":"application-manageconditionprice-display-component---newCondition--condValidTo","interaction":{"idSuffix":"inner"}},"clearTextFirst":true,"interactionType":"ENTER_TEXT"}]}
RESULT: {"script":"<script> [776 bytes]","args":[{"enterText":"1/28/26","selector":{"id":"application-manageconditionprice-display-component---newCondition--condValidTo","interaction":{"idSuffix":"inner"}},"clearTextFirst":true,"interactionType":"ENTER_TEXT"}]}
COMMAND: POST /session/9f4c84e4ae75e749cefc69cbdd96fe2c/element - {"using":"xpath","value":"//input[@id=\"application-manageconditionprice-display-component---newCondition--condRU-inner\"]"}
RESULT: {"using":"xpath","value":"//input[@id=\"application-manageconditionprice-display-component---newCondition--condRU-inner\"]"}
COMMAND: POST /session/9f4c84e4ae75e749cefc69cbdd96fe2c/element/f.92C64C74BFFB4A8B431616FE9F273F76.d.66367284FC8B839D30B4439610855947.e.11141/clear - {}
RESULT: {}
COMMAND: POST /session/9f4c84e4ae75e749cefc69cbdd96fe2c/element/f.92C64C74BFFB4A8B431616FE9F273F76.d.66367284FC8B839D30B4439610855947.e.11141/value - {"text":"shL7QTZ8bo"}
COMMAND: GET /session/9f4c84e4ae75e749cefc69cbdd96fe2c/screenshot - {}
RESULT: {"text":"shL7QTZ8bo"}
COMMAND: GET /session/9f4c84e4ae75e749cefc69cbdd96fe2c/screenshot - {}
RESULT: {}
RESULT: {}
COMMAND: POST /session/9f4c84e4ae75e749cefc69cbdd96fe2c/actions - {"actions":[{"id":"action42","type":"key","parameters":{},"actions":[{"type":"keyDown","value":""},{"type":"pause","duration":10},{"type":"keyUp","value":""}]}]}
RESULT: {"actions":[{"id":"action42","type":"key","parameters":{},"actions":[{"type":"keyDown","value":""},{"type":"pause","duration":10},{"type":"keyUp","value":""}]}]}
RESULT: undefined
COMMAND: POST /session/9f4c84e4ae75e749cefc69cbdd96fe2c/execute/async - {"script":"<script> [776 bytes]","args":[{"enterText":"1","selector":{"id":"application-manageconditionprice-display-component---newCondition--condBaseQty","interaction":{"idSuffix":"inner"}},"clearTextFirst":true,"interactionType":"ENTER_TEXT"}]}
COMMAND: GET /session/9f4c84e4ae75e749cefc69cbdd96fe2c/screenshot - {}
RESULT: {"script":"<script> [776 bytes]","args":[{"enterText":"1","selector":{"id":"application-manageconditionprice-display-component---newCondition--condBaseQty","interaction":{"idSuffix":"inner"}},"clearTextFirst":true,"interactionType":"ENTER_TEXT"}]}
RESULT: undefined
COMMAND: POST /session/9f4c84e4ae75e749cefc69cbdd96fe2c/execute/async - {"script":"<script> [776 bytes]","args":[{"enterText":"100","selector":{"id":"application-manageconditionprice-display-component---newCondition--condValue","interaction":{"idSuffix":"inner"}},"clearTextFirst":true,"interactionType":"ENTER_TEXT"}]}
RESULT: {}
RESULT: {"script":"<script> [776 bytes]","args":[{"enterText":"100","selector":{"id":"application-manageconditionprice-display-component---newCondition--condValue","interaction":{"idSuffix":"inner"}},"clearTextFirst":true,"interactionType":"ENTER_TEXT"}]}
RESULT: undefined
COMMAND: POST /session/9f4c84e4ae75e749cefc69cbdd96fe2c/element - {"using":"xpath","value":"//*[@id=\"application-manageconditionprice-display-component---newCondition--condCurr-arrow\"]"}
RESULT: {"using":"xpath","value":"//*[@id=\"application-manageconditionprice-display-component---newCondition--condCurr-arrow\"]"}
COMMAND: POST /session/9f4c84e4ae75e749cefc69cbdd96fe2c/element/f.92C64C74BFFB4A8B431616FE9F273F76.d.66367284FC8B839D30B4439610855947.e.11394/click - {}
RESULT: {}
COMMAND: POST /session/9f4c84e4ae75e749cefc69cbdd96fe2c/element - {"using":"xpath","value":"//span[contains(text(), \"Euro\")]"}
COMMAND: GET /session/9f4c84e4ae75e749cefc69cbdd96fe2c/screenshot - {}
RESULT: {"using":"xpath","value":"//span[contains(text(), \"Euro\")]"}
COMMAND: POST /session/9f4c84e4ae75e749cefc69cbdd96fe2c/element/f.92C64C74BFFB4A8B431616FE9F273F76.d.66367284FC8B839D30B4439610855947.e.11459/click - {}
RESULT: {}
RESULT: {}
COMMAND: POST /session/9f4c84e4ae75e749cefc69cbdd96fe2c/element - {"using":"xpath","value":"//button[@data-kt=\"saveButton\"]"}
COMMAND: GET /session/9f4c84e4ae75e749cefc69cbdd96fe2c/screenshot - {}
RESULT: {"using":"xpath","value":"//button[@data-kt=\"saveButton\"]"}
COMMAND: POST /session/9f4c84e4ae75e749cefc69cbdd96fe2c/element/f.92C64C74BFFB4A8B431616FE9F273F76.d.66367284FC8B839D30B4439610855947.e.11395/click - {}
RESULT: {}
RESULT: {}
COMMAND: GET /session/9f4c84e4ae75e749cefc69cbdd96fe2c/screenshot - {}
RESULT: {}
RESULT: undefined
COMMAND: POST /session/9f4c84e4ae75e749cefc69cbdd96fe2c/execute/async - {"script":"<script> [776 bytes]","args":[{"enterText":"shL7QTZ8bo","selector":{"id":"application-manageconditionprice-display-component---conditions--smartFilterBar-btnBasicSearch","interaction":{"idSuffix":"I"}},"clearTextFirst":true,"interactionType":"ENTER_TEXT"}]}
RESULT: {"script":"<script> [776 bytes]","args":[{"enterText":"shL7QTZ8bo","selector":{"id":"application-manageconditionprice-display-component---conditions--smartFilterBar-btnBasicSearch","interaction":{"idSuffix":"I"}},"clearTextFirst":true,"interactionType":"ENTER_TEXT"}]}
COMMAND: POST /session/9f4c84e4ae75e749cefc69cbdd96fe2c/actions - {"actions":[{"id":"action43","type":"key","parameters":{},"actions":[{"type":"keyDown","value":""},{"type":"pause","duration":10},{"type":"keyUp","value":""}]}]}
RESULT: {"actions":[{"id":"action43","type":"key","parameters":{},"actions":[{"type":"keyDown","value":""},{"type":"pause","duration":10},{"type":"keyUp","value":""}]}]}
COMMAND: GET /session/9f4c84e4ae75e749cefc69cbdd96fe2c/screenshot - {}
RESULT: {}
RESULT: undefined
COMMAND: POST /session/9f4c84e4ae75e749cefc69cbdd96fe2c/element - {"using":"xpath","value":"//*[@id=\"application-manageconditionprice-display-component---conditions--smartFilterBar-filterItemControl_BASIC-BILL_TYPES-vhi\"]"}
RESULT: {"using":"xpath","value":"//*[@id=\"application-manageconditionprice-display-component---conditions--smartFilterBar-filterItemControl_BASIC-BILL_TYPES-vhi\"]"}
COMMAND: POST /session/9f4c84e4ae75e749cefc69cbdd96fe2c/element/f.92C64C74BFFB4A8B431616FE9F273F76.d.66367284FC8B839D30B4439610855947.e.11692/click - {}
RESULT: {}
RESULT: undefined
COMMAND: POST /session/9f4c84e4ae75e749cefc69cbdd96fe2c/execute/async - {"script":"<script> [776 bytes]","args":[{"enterText":"TB","selector":{"id":"application-manageconditionprice-display-component---conditions--smartFilterBar-filterItemControl_BASIC-BILL_TYPES-valueHelpDialog-smartFilterBar-btnBasicSearch","searchOpenDialogs":true,"interaction":{"idSuffix":"I"}},"clearTextFirst":true,"interactionType":"ENTER_TEXT"}]}
COMMAND: GET /session/9f4c84e4ae75e749cefc69cbdd96fe2c/screenshot - {}
RESULT: {"script":"<script> [776 bytes]","args":[{"enterText":"TB","selector":{"id":"application-manageconditionprice-display-component---conditions--smartFilterBar-filterItemControl_BASIC-BILL_TYPES-valueHelpDialog-smartFilterBar-btnBasicSearch","searchOpenDialogs":true,"interaction":{"idSuffix":"I"}},"clearTextFirst":true,"interactionType":"ENTER_TEXT"}]}
COMMAND: POST /session/9f4c84e4ae75e749cefc69cbdd96fe2c/actions - {"actions":[{"id":"action44","type":"key","parameters":{},"actions":[{"type":"keyDown","value":""},{"type":"pause","duration":10},{"type":"keyUp","value":""}]}]}
RESULT: {}
RESULT: {"actions":[{"id":"action44","type":"key","parameters":{},"actions":[{"type":"keyDown","value":""},{"type":"pause","duration":10},{"type":"keyUp","value":""}]}]}
COMMAND: GET /session/9f4c84e4ae75e749cefc69cbdd96fe2c/screenshot - {}
RESULT: {}
COMMAND: POST /session/9f4c84e4ae75e749cefc69cbdd96fe2c/element - {"using":"xpath","value":"//div[contains(@id, 'application-manageconditionprice-display-component---conditions--smartFilterBar-filterItemControl_BASIC-BILL_TYPES-valueHelpDialog-table-rowsel0')]"}
RESULT: {"using":"xpath","value":"//div[contains(@id, 'application-manageconditionprice-display-component---conditions--smartFilterBar-filterItemControl_BASIC-BILL_TYPES-valueHelpDialog-table-rowsel0')]"}
COMMAND: POST /session/9f4c84e4ae75e749cefc69cbdd96fe2c/element/f.92C64C74BFFB4A8B431616FE9F273F76.d.66367284FC8B839D30B4439610855947.e.11701/click - {}
RESULT: {}
COMMAND: GET /session/9f4c84e4ae75e749cefc69cbdd96fe2c/screenshot - {}
RESULT: {}
COMMAND: POST /session/9f4c84e4ae75e749cefc69cbdd96fe2c/element - {"using":"xpath","value":"//bdi[contains(text(), \"OK\")]"}
RESULT: {"using":"xpath","value":"//bdi[contains(text(), \"OK\")]"}
COMMAND: POST /session/9f4c84e4ae75e749cefc69cbdd96fe2c/element/f.92C64C74BFFB4A8B431616FE9F273F76.d.66367284FC8B839D30B4439610855947.e.11703/click - {}
RESULT: {}
COMMAND: GET /session/9f4c84e4ae75e749cefc69cbdd96fe2c/screenshot - {}
RESULT: {}
COMMAND: POST /session/9f4c84e4ae75e749cefc69cbdd96fe2c/element - {"using":"xpath","value":"//span[@id=\"application-manageconditionprice-display-component---conditions--smartTable-header-inner\"]"}
RESULT: {"using":"xpath","value":"//span[@id=\"application-manageconditionprice-display-component---conditions--smartTable-header-inner\"]"}
COMMAND: POST /session/9f4c84e4ae75e749cefc69cbdd96fe2c/elements - {"using":"xpath","value":"//span[@id=\"application-manageconditionprice-display-component---conditions--smartTable-header-inner\"]"}
RESULT: {"using":"xpath","value":"//span[@id=\"application-manageconditionprice-display-component---conditions--smartTable-header-inner\"]"}
COMMAND: POST /session/9f4c84e4ae75e749cefc69cbdd96fe2c/execute/sync - {"script":"<script> [56 bytes]","args":[{"element-6066-11e4-a52e-4f735466cecf":"f.92C64C74BFFB4A8B431616FE9F273F76.d.66367284FC8B839D30B4439610855947.e.11739","ELEMENT":"f.92C64C74BFFB4A8B431616FE9F273F76.d.66367284FC8B839D30B4439610855947.e.11739"}]}
RESULT: {"script":"<script> [56 bytes]","args":[{"element-6066-11e4-a52e-4f735466cecf":"f.92C64C74BFFB4A8B431616FE9F273F76.d.66367284FC8B839D30B4439610855947.e.11739","ELEMENT":"f.92C64C74BFFB4A8B431616FE9F273F76.d.66367284FC8B839D30B4439610855947.e.11739"}]}
COMMAND: POST /session/9f4c84e4ae75e749cefc69cbdd96fe2c/element - {"using":"css selector","value":"#shell-header-logo"}
COMMAND: GET /session/9f4c84e4ae75e749cefc69cbdd96fe2c/screenshot - {}
RESULT: {"using":"css selector","value":"#shell-header-logo"}
COMMAND: POST /session/9f4c84e4ae75e749cefc69cbdd96fe2c/element/f.92C64C74BFFB4A8B431616FE9F273F76.d.66367284FC8B839D30B4439610855947.e.10905/click - {}
RESULT: {}
RESULT: {}
COMMAND: GET /session/9f4c84e4ae75e749cefc69cbdd96fe2c/screenshot - {}
RESULT: {}
]]></system-out>
    </testcase>
    <testcase classname="chrome.136_0_7103_93.windows.Create_master_data_for_mixed_billing_&amp;_do_billing_calculation_US151661" name="Should do a stock increase handover" time="96.394">
      <system-out><![CDATA[
COMMAND: POST /session/9f4c84e4ae75e749cefc69cbdd96fe2c/execute/async - {"script":"<script> [1562 bytes]","args":[{"selector":{"controlType":"sap.m.GenericTile","properties":{"header":"Manage Handovers"}},"wdio_ui5_key":"sapm.GenericTile{\"header\":\"Manage Handovers\"}"}]}
RESULT: {"script":"<script> [1562 bytes]","args":[{"selector":{"controlType":"sap.m.GenericTile","properties":{"header":"Manage Handovers"}},"wdio_ui5_key":"sapm.GenericTile{\"header\":\"Manage Handovers\"}"}]}
RESULT: undefined
COMMAND: POST /session/9f4c84e4ae75e749cefc69cbdd96fe2c/element - {"using":"xpath","value":"//*[@id=\"__tile132\"]"}
RESULT: {"using":"xpath","value":"//*[@id=\"__tile132\"]"}
COMMAND: POST /session/9f4c84e4ae75e749cefc69cbdd96fe2c/element/f.92C64C74BFFB4A8B431616FE9F273F76.d.66367284FC8B839D30B4439610855947.e.6433/click - {}
RESULT: {}
COMMAND: GET /session/9f4c84e4ae75e749cefc69cbdd96fe2c/screenshot - {}
COMMAND: POST /session/9f4c84e4ae75e749cefc69cbdd96fe2c/elements - {"using":"xpath","value":"//span[text()='Error']"}
RESULT: {}
RESULT: {"using":"xpath","value":"//span[text()='Error']"}
COMMAND: POST /session/9f4c84e4ae75e749cefc69cbdd96fe2c/element - {"using":"xpath","value":"//button[@data-kt=\"masterHOAddButton\"]"}
RESULT: {"using":"xpath","value":"//button[@data-kt=\"masterHOAddButton\"]"}
COMMAND: POST /session/9f4c84e4ae75e749cefc69cbdd96fe2c/elements - {"using":"xpath","value":"//button[@data-kt=\"masterHOAddButton\"]"}
RESULT: {"using":"xpath","value":"//button[@data-kt=\"masterHOAddButton\"]"}
COMMAND: POST /session/9f4c84e4ae75e749cefc69cbdd96fe2c/elements - {"using":"xpath","value":"//button[@data-kt=\"masterHOAddButton\"]"}
RESULT: {"using":"xpath","value":"//button[@data-kt=\"masterHOAddButton\"]"}
COMMAND: POST /session/9f4c84e4ae75e749cefc69cbdd96fe2c/element - {"using":"xpath","value":"//button[@data-kt=\"masterHOAddButton\"]"}
RESULT: {"using":"xpath","value":"//button[@data-kt=\"masterHOAddButton\"]"}
COMMAND: POST /session/9f4c84e4ae75e749cefc69cbdd96fe2c/execute/sync - {"script":"<script> [8489 bytes]","args":[{"element-6066-11e4-a52e-4f735466cecf":"f.92C64C74BFFB4A8B431616FE9F273F76.d.66367284FC8B839D30B4439610855947.e.11776","ELEMENT":"f.92C64C74BFFB4A8B431616FE9F273F76.d.66367284FC8B839D30B4439610855947.e.11776"}]}
RESULT: {"script":"<script> [8489 bytes]","args":[{"element-6066-11e4-a52e-4f735466cecf":"f.92C64C74BFFB4A8B431616FE9F273F76.d.66367284FC8B839D30B4439610855947.e.11776","ELEMENT":"f.92C64C74BFFB4A8B431616FE9F273F76.d.66367284FC8B839D30B4439610855947.e.11776"}]}
COMMAND: GET /session/9f4c84e4ae75e749cefc69cbdd96fe2c/element/f.92C64C74BFFB4A8B431616FE9F273F76.d.66367284FC8B839D30B4439610855947.e.11776/enabled - {}
COMMAND: GET /session/9f4c84e4ae75e749cefc69cbdd96fe2c/screenshot - {}
RESULT: {}
COMMAND: POST /session/9f4c84e4ae75e749cefc69cbdd96fe2c/execute/sync - {"script":"<script> [8489 bytes]","args":[{"element-6066-11e4-a52e-4f735466cecf":"f.92C64C74BFFB4A8B431616FE9F273F76.d.66367284FC8B839D30B4439610855947.e.11776","ELEMENT":"f.92C64C74BFFB4A8B431616FE9F273F76.d.66367284FC8B839D30B4439610855947.e.11776"}]}
COMMAND: GET /session/9f4c84e4ae75e749cefc69cbdd96fe2c/screenshot - {}
RESULT: {}
RESULT: {"script":"<script> [8489 bytes]","args":[{"element-6066-11e4-a52e-4f735466cecf":"f.92C64C74BFFB4A8B431616FE9F273F76.d.66367284FC8B839D30B4439610855947.e.11776","ELEMENT":"f.92C64C74BFFB4A8B431616FE9F273F76.d.66367284FC8B839D30B4439610855947.e.11776"}]}
COMMAND: POST /session/9f4c84e4ae75e749cefc69cbdd96fe2c/execute/sync - {"script":"<script> [5351 bytes]","args":[{"element-6066-11e4-a52e-4f735466cecf":"f.92C64C74BFFB4A8B431616FE9F273F76.d.66367284FC8B839D30B4439610855947.e.11776","ELEMENT":"f.92C64C74BFFB4A8B431616FE9F273F76.d.66367284FC8B839D30B4439610855947.e.11776"}]}
COMMAND: GET /session/9f4c84e4ae75e749cefc69cbdd96fe2c/screenshot - {}
RESULT: {}
RESULT: {"script":"<script> [5351 bytes]","args":[{"element-6066-11e4-a52e-4f735466cecf":"f.92C64C74BFFB4A8B431616FE9F273F76.d.66367284FC8B839D30B4439610855947.e.11776","ELEMENT":"f.92C64C74BFFB4A8B431616FE9F273F76.d.66367284FC8B839D30B4439610855947.e.11776"}]}
COMMAND: POST /session/9f4c84e4ae75e749cefc69cbdd96fe2c/element/f.92C64C74BFFB4A8B431616FE9F273F76.d.66367284FC8B839D30B4439610855947.e.11776/click - {}
COMMAND: GET /session/9f4c84e4ae75e749cefc69cbdd96fe2c/screenshot - {}
RESULT: {}
RESULT: {}
COMMAND: GET /session/9f4c84e4ae75e749cefc69cbdd96fe2c/screenshot - {}
COMMAND: POST /session/9f4c84e4ae75e749cefc69cbdd96fe2c/element - {"using":"xpath","value":"//span[contains(@id ,\"AddNewHO--typeSelect-arrow\")]"}
RESULT: {}
RESULT: {}
RESULT: {"using":"xpath","value":"//span[contains(@id ,\"AddNewHO--typeSelect-arrow\")]"}
COMMAND: POST /session/9f4c84e4ae75e749cefc69cbdd96fe2c/element/f.92C64C74BFFB4A8B431616FE9F273F76.d.66367284FC8B839D30B4439610855947.e.12138/click - {}
RESULT: {}
COMMAND: GET /session/9f4c84e4ae75e749cefc69cbdd96fe2c/screenshot - {}
RESULT: {}
COMMAND: POST /session/9f4c84e4ae75e749cefc69cbdd96fe2c/element - {"using":"xpath","value":"(//li[contains(text(), \"stock increase yard\")])[1]"}
RESULT: {"using":"xpath","value":"(//li[contains(text(), \"stock increase yard\")])[1]"}
COMMAND: POST /session/9f4c84e4ae75e749cefc69cbdd96fe2c/element/f.92C64C74BFFB4A8B431616FE9F273F76.d.66367284FC8B839D30B4439610855947.e.12139/click - {}
RESULT: {}
COMMAND: GET /session/9f4c84e4ae75e749cefc69cbdd96fe2c/screenshot - {}
RESULT: {}
COMMAND: POST /session/9f4c84e4ae75e749cefc69cbdd96fe2c/execute/async - {"script":"<script> [1562 bytes]","args":[{"selector":{"id":"application-managehandovers-display-component---AddNewHO--dueDate","interaction":{"idSuffix":"inner"}},"wdio_ui5_key":"applicationmanagehandovers-display-component---AddNewHO--dueDate"}]}
RESULT: {"script":"<script> [1562 bytes]","args":[{"selector":{"id":"application-managehandovers-display-component---AddNewHO--dueDate","interaction":{"idSuffix":"inner"}},"wdio_ui5_key":"applicationmanagehandovers-display-component---AddNewHO--dueDate"}]}
RESULT: undefined
COMMAND: POST /session/9f4c84e4ae75e749cefc69cbdd96fe2c/execute/async - {"script":"<script> [6424 bytes]","args":[{"element-6066-11e4-a52e-4f735466cecf":"f.92C64C74BFFB4A8B431616FE9F273F76.d.66367284FC8B839D30B4439610855947.e.12141"},"setValue",["5/28/25"]]}
RESULT: {"script":"<script> [6424 bytes]","args":[{"element-6066-11e4-a52e-4f735466cecf":"f.92C64C74BFFB4A8B431616FE9F273F76.d.66367284FC8B839D30B4439610855947.e.12141"},"setValue",["5/28/25"]]}
COMMAND: POST /session/9f4c84e4ae75e749cefc69cbdd96fe2c/element - {"using":"xpath","value":"//input[@id=\"generalSectionFrg--receiveYard-inner\"]"}
RESULT: {"using":"xpath","value":"//input[@id=\"generalSectionFrg--receiveYard-inner\"]"}
COMMAND: POST /session/9f4c84e4ae75e749cefc69cbdd96fe2c/element/f.92C64C74BFFB4A8B431616FE9F273F76.d.66367284FC8B839D30B4439610855947.e.12147/clear - {}
RESULT: {}
COMMAND: POST /session/9f4c84e4ae75e749cefc69cbdd96fe2c/element/f.92C64C74BFFB4A8B431616FE9F273F76.d.66367284FC8B839D30B4439610855947.e.12147/value - {"text":"431"}
COMMAND: GET /session/9f4c84e4ae75e749cefc69cbdd96fe2c/screenshot - {}
RESULT: {"text":"431"}
COMMAND: GET /session/9f4c84e4ae75e749cefc69cbdd96fe2c/screenshot - {}
RESULT: {}
RESULT: {}
COMMAND: POST /session/9f4c84e4ae75e749cefc69cbdd96fe2c/element - {"using":"xpath","value":"//li[.//span[text()='431']]"}
RESULT: {"using":"xpath","value":"//li[.//span[text()='431']]"}
COMMAND: POST /session/9f4c84e4ae75e749cefc69cbdd96fe2c/element/f.92C64C74BFFB4A8B431616FE9F273F76.d.66367284FC8B839D30B4439610855947.e.12165/click - {}
RESULT: {}
COMMAND: GET /session/9f4c84e4ae75e749cefc69cbdd96fe2c/screenshot - {}
RESULT: {}
COMMAND: POST /session/9f4c84e4ae75e749cefc69cbdd96fe2c/execute/async - {"script":"<script> [1562 bytes]","args":[{"selector":{"id":"application-managehandovers-display-component---AddNewHO--ObjectPageLayout-anchBar-application-managehandovers-display-component---AddNewHO--section4-anchor","interaction":{"idSuffix":"BDI-content"}},"wdio_ui5_key":"applicationmanagehandovers-display-component---AddNewHO--ObjectPageLayout-anchBar-application-managehandovers-display-component---AddNewHO--section4-anchor"}]}
RESULT: {"script":"<script> [1562 bytes]","args":[{"selector":{"id":"application-managehandovers-display-component---AddNewHO--ObjectPageLayout-anchBar-application-managehandovers-display-component---AddNewHO--section4-anchor","interaction":{"idSuffix":"BDI-content"}},"wdio_ui5_key":"applicationmanagehandovers-display-component---AddNewHO--ObjectPageLayout-anchBar-application-managehandovers-display-component---AddNewHO--section4-anchor"}]}
RESULT: undefined
COMMAND: POST /session/9f4c84e4ae75e749cefc69cbdd96fe2c/element - {"using":"xpath","value":"//*[@id=\"application-managehandovers-display-component---AddNewHO--ObjectPageLayout-anchBar-application-managehandovers-display-component---AddNewHO--section4-anchor\"]"}
RESULT: {"using":"xpath","value":"//*[@id=\"application-managehandovers-display-component---AddNewHO--ObjectPageLayout-anchBar-application-managehandovers-display-component---AddNewHO--section4-anchor\"]"}
COMMAND: POST /session/9f4c84e4ae75e749cefc69cbdd96fe2c/element/f.92C64C74BFFB4A8B431616FE9F273F76.d.66367284FC8B839D30B4439610855947.e.12167/click - {}
RESULT: {}
COMMAND: POST /session/9f4c84e4ae75e749cefc69cbdd96fe2c/element - {"using":"xpath","value":"//button[@aria-label=\"Add\"]"}
COMMAND: GET /session/9f4c84e4ae75e749cefc69cbdd96fe2c/screenshot - {}
RESULT: {"using":"xpath","value":"//button[@aria-label=\"Add\"]"}
COMMAND: POST /session/9f4c84e4ae75e749cefc69cbdd96fe2c/element/f.92C64C74BFFB4A8B431616FE9F273F76.d.66367284FC8B839D30B4439610855947.e.12169/click - {}
RESULT: {}
RESULT: {}
COMMAND: GET /session/9f4c84e4ae75e749cefc69cbdd96fe2c/screenshot - {}
RESULT: {}
COMMAND: POST /session/9f4c84e4ae75e749cefc69cbdd96fe2c/execute/async - {"script":"<script> [1562 bytes]","args":[{"selector":{"id":"application-managehandovers-display-component---AddNewHO--smartFilterBar-btnBasicSearch","searchOpenDialogs":true,"interaction":{"idSuffix":"I"}},"wdio_ui5_key":"applicationmanagehandovers-display-component---AddNewHO--smartFilterBar-btnBasicSearch"}]}
RESULT: {"script":"<script> [1562 bytes]","args":[{"selector":{"id":"application-managehandovers-display-component---AddNewHO--smartFilterBar-btnBasicSearch","searchOpenDialogs":true,"interaction":{"idSuffix":"I"}},"wdio_ui5_key":"applicationmanagehandovers-display-component---AddNewHO--smartFilterBar-btnBasicSearch"}]}
RESULT: undefined
COMMAND: POST /session/9f4c84e4ae75e749cefc69cbdd96fe2c/execute/async - {"script":"<script> [776 bytes]","args":[{"enterText":"shL7QTZ8bo","selector":{"id":"application-managehandovers-display-component---AddNewHO--smartFilterBar-btnBasicSearch","searchOpenDialogs":true,"interaction":{"idSuffix":"I"}},"clearTextFirst":true,"interactionType":"ENTER_TEXT"}]}
RESULT: {"script":"<script> [776 bytes]","args":[{"enterText":"shL7QTZ8bo","selector":{"id":"application-managehandovers-display-component---AddNewHO--smartFilterBar-btnBasicSearch","searchOpenDialogs":true,"interaction":{"idSuffix":"I"}},"clearTextFirst":true,"interactionType":"ENTER_TEXT"}]}
COMMAND: POST /session/9f4c84e4ae75e749cefc69cbdd96fe2c/actions - {"actions":[{"id":"action45","type":"key","parameters":{},"actions":[{"type":"keyDown","value":""},{"type":"pause","duration":10},{"type":"keyUp","value":""}]}]}
RESULT: {"actions":[{"id":"action45","type":"key","parameters":{},"actions":[{"type":"keyDown","value":""},{"type":"pause","duration":10},{"type":"keyUp","value":""}]}]}
COMMAND: GET /session/9f4c84e4ae75e749cefc69cbdd96fe2c/screenshot - {}
RESULT: {}
COMMAND: POST /session/9f4c84e4ae75e749cefc69cbdd96fe2c/execute/async - {"script":"<script> [1562 bytes]","args":[{"selector":{"id":"application-managehandovers-display-component---AddNewHO--popup-sa","searchOpenDialogs":true,"interaction":{"idSuffix":"CbBg"}},"wdio_ui5_key":"applicationmanagehandovers-display-component---AddNewHO--popup-sa"}]}
RESULT: {"script":"<script> [1562 bytes]","args":[{"selector":{"id":"application-managehandovers-display-component---AddNewHO--popup-sa","searchOpenDialogs":true,"interaction":{"idSuffix":"CbBg"}},"wdio_ui5_key":"applicationmanagehandovers-display-component---AddNewHO--popup-sa"}]}
RESULT: undefined
COMMAND: POST /session/9f4c84e4ae75e749cefc69cbdd96fe2c/element - {"using":"xpath","value":"//*[@id=\"application-managehandovers-display-component---AddNewHO--popup-sa\"]"}
RESULT: {"using":"xpath","value":"//*[@id=\"application-managehandovers-display-component---AddNewHO--popup-sa\"]"}
COMMAND: POST /session/9f4c84e4ae75e749cefc69cbdd96fe2c/element/f.92C64C74BFFB4A8B431616FE9F273F76.d.66367284FC8B839D30B4439610855947.e.12322/click - {}
RESULT: {}
COMMAND: GET /session/9f4c84e4ae75e749cefc69cbdd96fe2c/screenshot - {}
RESULT: {}
COMMAND: POST /session/9f4c84e4ae75e749cefc69cbdd96fe2c/element - {"using":"xpath","value":"//bdi[contains(text(), \"Select\")]"}
RESULT: {"using":"xpath","value":"//bdi[contains(text(), \"Select\")]"}
COMMAND: POST /session/9f4c84e4ae75e749cefc69cbdd96fe2c/element/f.92C64C74BFFB4A8B431616FE9F273F76.d.66367284FC8B839D30B4439610855947.e.12323/click - {}
RESULT: {}
COMMAND: GET /session/9f4c84e4ae75e749cefc69cbdd96fe2c/screenshot - {}
RESULT: {}
COMMAND: POST /session/9f4c84e4ae75e749cefc69cbdd96fe2c/element - {"using":"xpath","value":"//button[@data-kt=\"AddNewHOSaveButton\"]"}
RESULT: {"using":"xpath","value":"//button[@data-kt=\"AddNewHOSaveButton\"]"}
COMMAND: POST /session/9f4c84e4ae75e749cefc69cbdd96fe2c/element/f.92C64C74BFFB4A8B431616FE9F273F76.d.66367284FC8B839D30B4439610855947.e.12327/click - {}
RESULT: {}
COMMAND: GET /session/9f4c84e4ae75e749cefc69cbdd96fe2c/screenshot - {}
RESULT: {}
COMMAND: POST /session/9f4c84e4ae75e749cefc69cbdd96fe2c/execute/async - {"script":"<script> [1562 bytes]","args":[{"selector":{"id":"receiptDatePicker","viewName":"etm.portal.ui.managehandovers.view.DetailExecuteHO","interaction":{"idSuffix":"inner"}},"wdio_ui5_key":"receiptDatePickeretmportal.ui.managehandovers.view.DetailExecuteHO"}]}
RESULT: {"script":"<script> [1562 bytes]","args":[{"selector":{"id":"receiptDatePicker","viewName":"etm.portal.ui.managehandovers.view.DetailExecuteHO","interaction":{"idSuffix":"inner"}},"wdio_ui5_key":"receiptDatePickeretmportal.ui.managehandovers.view.DetailExecuteHO"}]}
RESULT: undefined
COMMAND: POST /session/9f4c84e4ae75e749cefc69cbdd96fe2c/execute/async - {"script":"<script> [6424 bytes]","args":[{"element-6066-11e4-a52e-4f735466cecf":"f.92C64C74BFFB4A8B431616FE9F273F76.d.66367284FC8B839D30B4439610855947.e.12356"},"setValue",["5/28/25"]]}
RESULT: {"script":"<script> [6424 bytes]","args":[{"element-6066-11e4-a52e-4f735466cecf":"f.92C64C74BFFB4A8B431616FE9F273F76.d.66367284FC8B839D30B4439610855947.e.12356"},"setValue",["5/28/25"]]}
COMMAND: POST /session/9f4c84e4ae75e749cefc69cbdd96fe2c/element - {"using":"xpath","value":"//button[@data-kt=\"ReceivingTableConfirmAllButton\"]"}
RESULT: {"using":"xpath","value":"//button[@data-kt=\"ReceivingTableConfirmAllButton\"]"}
COMMAND: POST /session/9f4c84e4ae75e749cefc69cbdd96fe2c/element/f.92C64C74BFFB4A8B431616FE9F273F76.d.66367284FC8B839D30B4439610855947.e.12371/click - {}
RESULT: {}
COMMAND: GET /session/9f4c84e4ae75e749cefc69cbdd96fe2c/screenshot - {}
RESULT: {}
COMMAND: POST /session/9f4c84e4ae75e749cefc69cbdd96fe2c/element - {"using":"xpath","value":"//bdi[contains(text(), \"OK\")]"}
RESULT: {"using":"xpath","value":"//bdi[contains(text(), \"OK\")]"}
COMMAND: POST /session/9f4c84e4ae75e749cefc69cbdd96fe2c/element/f.92C64C74BFFB4A8B431616FE9F273F76.d.66367284FC8B839D30B4439610855947.e.12373/click - {}
RESULT: {}
COMMAND: GET /session/9f4c84e4ae75e749cefc69cbdd96fe2c/screenshot - {}
RESULT: {}
COMMAND: POST /session/9f4c84e4ae75e749cefc69cbdd96fe2c/element - {"using":"xpath","value":"(//bdi[contains(text(), \"Receive\")])[2]"}
RESULT: {"using":"xpath","value":"(//bdi[contains(text(), \"Receive\")])[2]"}
COMMAND: POST /session/9f4c84e4ae75e749cefc69cbdd96fe2c/element/f.92C64C74BFFB4A8B431616FE9F273F76.d.66367284FC8B839D30B4439610855947.e.12375/click - {}
RESULT: {}
COMMAND: GET /session/9f4c84e4ae75e749cefc69cbdd96fe2c/screenshot - {}
RESULT: {}
COMMAND: POST /session/9f4c84e4ae75e749cefc69cbdd96fe2c/element - {"using":"css selector","value":"#shell-header-logo"}
RESULT: {"using":"css selector","value":"#shell-header-logo"}
COMMAND: POST /session/9f4c84e4ae75e749cefc69cbdd96fe2c/element/f.92C64C74BFFB4A8B431616FE9F273F76.d.66367284FC8B839D30B4439610855947.e.11743/click - {}
RESULT: {}
COMMAND: GET /session/9f4c84e4ae75e749cefc69cbdd96fe2c/screenshot - {}
RESULT: {}
]]></system-out>
    </testcase>
    <testcase classname="chrome.136_0_7103_93.windows.Create_master_data_for_mixed_billing_&amp;_do_billing_calculation_US151661" name="Should create a new contract" time="62.499">
      <system-out><![CDATA[
COMMAND: POST /session/9f4c84e4ae75e749cefc69cbdd96fe2c/execute/async - {"script":"<script> [1562 bytes]","args":[{"selector":{"controlType":"sap.m.GenericTile","properties":{"header":"Manage Contracts"}},"wdio_ui5_key":"sapm.GenericTile{\"header\":\"Manage Contracts\"}"}]}
RESULT: {"script":"<script> [1562 bytes]","args":[{"selector":{"controlType":"sap.m.GenericTile","properties":{"header":"Manage Contracts"}},"wdio_ui5_key":"sapm.GenericTile{\"header\":\"Manage Contracts\"}"}]}
RESULT: undefined
COMMAND: POST /session/9f4c84e4ae75e749cefc69cbdd96fe2c/element - {"using":"xpath","value":"//*[@id=\"__tile131\"]"}
RESULT: {"using":"xpath","value":"//*[@id=\"__tile131\"]"}
COMMAND: POST /session/9f4c84e4ae75e749cefc69cbdd96fe2c/element/f.92C64C74BFFB4A8B431616FE9F273F76.d.66367284FC8B839D30B4439610855947.e.6366/click - {}
RESULT: {}
COMMAND: GET /session/9f4c84e4ae75e749cefc69cbdd96fe2c/screenshot - {}
RESULT: {}
COMMAND: POST /session/9f4c84e4ae75e749cefc69cbdd96fe2c/elements - {"using":"xpath","value":"//span[text()='Error']"}
RESULT: {"using":"xpath","value":"//span[text()='Error']"}
COMMAND: POST /session/9f4c84e4ae75e749cefc69cbdd96fe2c/element - {"using":"xpath","value":"//button[@data-kt=\"addButton\"]"}
RESULT: {"using":"xpath","value":"//button[@data-kt=\"addButton\"]"}
COMMAND: POST /session/9f4c84e4ae75e749cefc69cbdd96fe2c/elements - {"using":"xpath","value":"//button[@data-kt=\"addButton\"]"}
RESULT: {"using":"xpath","value":"//button[@data-kt=\"addButton\"]"}
COMMAND: POST /session/9f4c84e4ae75e749cefc69cbdd96fe2c/execute/sync - {"script":"<script> [8489 bytes]","args":[{"element-6066-11e4-a52e-4f735466cecf":"f.92C64C74BFFB4A8B431616FE9F273F76.d.66367284FC8B839D30B4439610855947.e.12603","ELEMENT":"f.92C64C74BFFB4A8B431616FE9F273F76.d.66367284FC8B839D30B4439610855947.e.12603"}]}
RESULT: {"script":"<script> [8489 bytes]","args":[{"element-6066-11e4-a52e-4f735466cecf":"f.92C64C74BFFB4A8B431616FE9F273F76.d.66367284FC8B839D30B4439610855947.e.12603","ELEMENT":"f.92C64C74BFFB4A8B431616FE9F273F76.d.66367284FC8B839D30B4439610855947.e.12603"}]}
COMMAND: GET /session/9f4c84e4ae75e749cefc69cbdd96fe2c/element/f.92C64C74BFFB4A8B431616FE9F273F76.d.66367284FC8B839D30B4439610855947.e.12603/enabled - {}
COMMAND: GET /session/9f4c84e4ae75e749cefc69cbdd96fe2c/screenshot - {}
RESULT: {}
COMMAND: POST /session/9f4c84e4ae75e749cefc69cbdd96fe2c/execute/sync - {"script":"<script> [8489 bytes]","args":[{"element-6066-11e4-a52e-4f735466cecf":"f.92C64C74BFFB4A8B431616FE9F273F76.d.66367284FC8B839D30B4439610855947.e.12603","ELEMENT":"f.92C64C74BFFB4A8B431616FE9F273F76.d.66367284FC8B839D30B4439610855947.e.12603"}]}
COMMAND: GET /session/9f4c84e4ae75e749cefc69cbdd96fe2c/screenshot - {}
RESULT: {}
RESULT: {"script":"<script> [8489 bytes]","args":[{"element-6066-11e4-a52e-4f735466cecf":"f.92C64C74BFFB4A8B431616FE9F273F76.d.66367284FC8B839D30B4439610855947.e.12603","ELEMENT":"f.92C64C74BFFB4A8B431616FE9F273F76.d.66367284FC8B839D30B4439610855947.e.12603"}]}
COMMAND: POST /session/9f4c84e4ae75e749cefc69cbdd96fe2c/execute/sync - {"script":"<script> [5351 bytes]","args":[{"element-6066-11e4-a52e-4f735466cecf":"f.92C64C74BFFB4A8B431616FE9F273F76.d.66367284FC8B839D30B4439610855947.e.12603","ELEMENT":"f.92C64C74BFFB4A8B431616FE9F273F76.d.66367284FC8B839D30B4439610855947.e.12603"}]}
COMMAND: GET /session/9f4c84e4ae75e749cefc69cbdd96fe2c/screenshot - {}
RESULT: {}
RESULT: {"script":"<script> [5351 bytes]","args":[{"element-6066-11e4-a52e-4f735466cecf":"f.92C64C74BFFB4A8B431616FE9F273F76.d.66367284FC8B839D30B4439610855947.e.12603","ELEMENT":"f.92C64C74BFFB4A8B431616FE9F273F76.d.66367284FC8B839D30B4439610855947.e.12603"}]}
COMMAND: GET /session/9f4c84e4ae75e749cefc69cbdd96fe2c/screenshot - {}
RESULT: {}
RESULT: {}
COMMAND: POST /session/9f4c84e4ae75e749cefc69cbdd96fe2c/element/f.92C64C74BFFB4A8B431616FE9F273F76.d.66367284FC8B839D30B4439610855947.e.12603/click - {}
RESULT: {}
COMMAND: GET /session/9f4c84e4ae75e749cefc69cbdd96fe2c/screenshot - {}
COMMAND: POST /session/9f4c84e4ae75e749cefc69cbdd96fe2c/execute/async - {"script":"<script> [1562 bytes]","args":[{"selector":{"id":"application-managecontracts-display-component---AddNewContract--projectDescription","interaction":{"idSuffix":"inner"}},"wdio_ui5_key":"applicationmanagecontracts-display-component---AddNewContract--projectDescription"}]}
RESULT: {}
RESULT: {"script":"<script> [1562 bytes]","args":[{"selector":{"id":"application-managecontracts-display-component---AddNewContract--projectDescription","interaction":{"idSuffix":"inner"}},"wdio_ui5_key":"applicationmanagecontracts-display-component---AddNewContract--projectDescription"}]}
RESULT: undefined
COMMAND: POST /session/9f4c84e4ae75e749cefc69cbdd96fe2c/execute/async - {"script":"<script> [776 bytes]","args":[{"enterText":"Mixed Contract WDIO","selector":{"id":"application-managecontracts-display-component---AddNewContract--projectDescription","interaction":{"idSuffix":"inner"}},"clearTextFirst":true,"interactionType":"ENTER_TEXT"}]}
RESULT: {"script":"<script> [776 bytes]","args":[{"enterText":"Mixed Contract WDIO","selector":{"id":"application-managecontracts-display-component---AddNewContract--projectDescription","interaction":{"idSuffix":"inner"}},"clearTextFirst":true,"interactionType":"ENTER_TEXT"}]}
COMMAND: POST /session/9f4c84e4ae75e749cefc69cbdd96fe2c/element - {"using":"xpath","value":"//input[@id=\"application-managecontracts-display-component---AddNewContract--site-inner\"]"}
RESULT: {"using":"xpath","value":"//input[@id=\"application-managecontracts-display-component---AddNewContract--site-inner\"]"}
COMMAND: POST /session/9f4c84e4ae75e749cefc69cbdd96fe2c/element/f.92C64C74BFFB4A8B431616FE9F273F76.d.66367284FC8B839D30B4439610855947.e.12921/clear - {}
RESULT: {}
COMMAND: POST /session/9f4c84e4ae75e749cefc69cbdd96fe2c/element/f.92C64C74BFFB4A8B431616FE9F273F76.d.66367284FC8B839D30B4439610855947.e.12921/value - {"text":"2211"}
COMMAND: GET /session/9f4c84e4ae75e749cefc69cbdd96fe2c/screenshot - {}
RESULT: {"text":"2211"}
COMMAND: GET /session/9f4c84e4ae75e749cefc69cbdd96fe2c/screenshot - {}
RESULT: {}
RESULT: {}
COMMAND: POST /session/9f4c84e4ae75e749cefc69cbdd96fe2c/element - {"using":"xpath","value":"//li[.//span[text()='2211']]"}
RESULT: {"using":"xpath","value":"//li[.//span[text()='2211']]"}
COMMAND: POST /session/9f4c84e4ae75e749cefc69cbdd96fe2c/element/f.92C64C74BFFB4A8B431616FE9F273F76.d.66367284FC8B839D30B4439610855947.e.13003/click - {}
RESULT: {}
COMMAND: GET /session/9f4c84e4ae75e749cefc69cbdd96fe2c/screenshot - {}
RESULT: {}
COMMAND: POST /session/9f4c84e4ae75e749cefc69cbdd96fe2c/element - {"using":"xpath","value":"//input[@id=\"application-managecontracts-display-component---AddNewContract--yardId-inner\"]"}
RESULT: {"using":"xpath","value":"//input[@id=\"application-managecontracts-display-component---AddNewContract--yardId-inner\"]"}
COMMAND: GET /session/9f4c84e4ae75e749cefc69cbdd96fe2c/element/f.92C64C74BFFB4A8B431616FE9F273F76.d.66367284FC8B839D30B4439610855947.e.12922/property/value - {}
RESULT: {}
COMMAND: POST /session/9f4c84e4ae75e749cefc69cbdd96fe2c/element - {"using":"xpath","value":"//input[@id=\"application-managecontracts-display-component---AddNewContract--customerSelect-inner\"]"}
COMMAND: GET /session/9f4c84e4ae75e749cefc69cbdd96fe2c/screenshot - {}
RESULT: {"using":"xpath","value":"//input[@id=\"application-managecontracts-display-component---AddNewContract--customerSelect-inner\"]"}
COMMAND: POST /session/9f4c84e4ae75e749cefc69cbdd96fe2c/element/f.92C64C74BFFB4A8B431616FE9F273F76.d.66367284FC8B839D30B4439610855947.e.12920/clear - {}
RESULT: {}
RESULT: {}
COMMAND: POST /session/9f4c84e4ae75e749cefc69cbdd96fe2c/element/f.92C64C74BFFB4A8B431616FE9F273F76.d.66367284FC8B839D30B4439610855947.e.12920/value - {"text":"1242"}
COMMAND: GET /session/9f4c84e4ae75e749cefc69cbdd96fe2c/screenshot - {}
RESULT: {"text":"1242"}
COMMAND: GET /session/9f4c84e4ae75e749cefc69cbdd96fe2c/screenshot - {}
RESULT: {}
RESULT: {}
COMMAND: POST /session/9f4c84e4ae75e749cefc69cbdd96fe2c/element - {"using":"xpath","value":"//li[.//span[text()='1242']]"}
RESULT: {"using":"xpath","value":"//li[.//span[text()='1242']]"}
COMMAND: POST /session/9f4c84e4ae75e749cefc69cbdd96fe2c/element/f.92C64C74BFFB4A8B431616FE9F273F76.d.66367284FC8B839D30B4439610855947.e.13006/click - {}
RESULT: {}
COMMAND: GET /session/9f4c84e4ae75e749cefc69cbdd96fe2c/screenshot - {}
RESULT: {}
COMMAND: POST /session/9f4c84e4ae75e749cefc69cbdd96fe2c/element - {"using":"xpath","value":"//button[@data-kt=\"saveButton\"]"}
RESULT: {"using":"xpath","value":"//button[@data-kt=\"saveButton\"]"}
COMMAND: POST /session/9f4c84e4ae75e749cefc69cbdd96fe2c/element/f.92C64C74BFFB4A8B431616FE9F273F76.d.66367284FC8B839D30B4439610855947.e.12996/click - {}
RESULT: {}
COMMAND: GET /session/9f4c84e4ae75e749cefc69cbdd96fe2c/screenshot - {}
RESULT: {}
COMMAND: POST /session/9f4c84e4ae75e749cefc69cbdd96fe2c/element - {"using":"xpath","value":"//span[contains(@id ,\"contractDetailTitleNoExpanded\")]"}
RESULT: {"using":"xpath","value":"//span[contains(@id ,\"contractDetailTitleNoExpanded\")]"}
COMMAND: POST /session/9f4c84e4ae75e749cefc69cbdd96fe2c/elements - {"using":"xpath","value":"//span[contains(@id ,\"contractDetailTitleNoExpanded\")]"}
RESULT: {"using":"xpath","value":"//span[contains(@id ,\"contractDetailTitleNoExpanded\")]"}
COMMAND: POST /session/9f4c84e4ae75e749cefc69cbdd96fe2c/execute/sync - {"script":"<script> [56 bytes]","args":[{"element-6066-11e4-a52e-4f735466cecf":"f.92C64C74BFFB4A8B431616FE9F273F76.d.66367284FC8B839D30B4439610855947.e.13076","ELEMENT":"f.92C64C74BFFB4A8B431616FE9F273F76.d.66367284FC8B839D30B4439610855947.e.13076"}]}
RESULT: {"script":"<script> [56 bytes]","args":[{"element-6066-11e4-a52e-4f735466cecf":"f.92C64C74BFFB4A8B431616FE9F273F76.d.66367284FC8B839D30B4439610855947.e.13076","ELEMENT":"f.92C64C74BFFB4A8B431616FE9F273F76.d.66367284FC8B839D30B4439610855947.e.13076"}]}
COMMAND: GET /session/9f4c84e4ae75e749cefc69cbdd96fe2c/screenshot - {}
RESULT: {}
]]></system-out>
    </testcase>
    <testcase classname="chrome.136_0_7103_93.windows.Create_master_data_for_mixed_billing_&amp;_do_billing_calculation_US151661" name="Should add equipment to the contract" time="46.961">
      <system-out><![CDATA[
COMMAND: POST /session/9f4c84e4ae75e749cefc69cbdd96fe2c/element - {"using":"xpath","value":"//button[@data-kt=\"contractDetailEditBtnButton\"]"}
RESULT: {"using":"xpath","value":"//button[@data-kt=\"contractDetailEditBtnButton\"]"}
COMMAND: POST /session/9f4c84e4ae75e749cefc69cbdd96fe2c/element/f.92C64C74BFFB4A8B431616FE9F273F76.d.66367284FC8B839D30B4439610855947.e.13079/click - {}
RESULT: {}
COMMAND: GET /session/9f4c84e4ae75e749cefc69cbdd96fe2c/screenshot - {}
RESULT: {}
COMMAND: POST /session/9f4c84e4ae75e749cefc69cbdd96fe2c/element - {"using":"xpath","value":"(//span[contains(text(), \"Additional Addresses\")])[2]"}
RESULT: {"using":"xpath","value":"(//span[contains(text(), \"Additional Addresses\")])[2]"}
COMMAND: POST /session/9f4c84e4ae75e749cefc69cbdd96fe2c/element/f.92C64C74BFFB4A8B431616FE9F273F76.d.66367284FC8B839D30B4439610855947.e.13135/click - {}
RESULT: {}
COMMAND: GET /session/9f4c84e4ae75e749cefc69cbdd96fe2c/screenshot - {}
RESULT: {}
COMMAND: POST /session/9f4c84e4ae75e749cefc69cbdd96fe2c/element - {"using":"xpath","value":"//button[@data-kt=\"btnAddTableRowOverflowToolbarButton\"]"}
RESULT: {"using":"xpath","value":"//button[@data-kt=\"btnAddTableRowOverflowToolbarButton\"]"}
COMMAND: POST /session/9f4c84e4ae75e749cefc69cbdd96fe2c/element/f.92C64C74BFFB4A8B431616FE9F273F76.d.66367284FC8B839D30B4439610855947.e.13139/click - {}
RESULT: {}
COMMAND: GET /session/9f4c84e4ae75e749cefc69cbdd96fe2c/screenshot - {}
RESULT: {}
COMMAND: POST /session/9f4c84e4ae75e749cefc69cbdd96fe2c/element - {"using":"xpath","value":"//div[(text() = 'Standard Entry' or . = 'Standard Entry')]"}
RESULT: {"using":"xpath","value":"//div[(text() = 'Standard Entry' or . = 'Standard Entry')]"}
COMMAND: POST /session/9f4c84e4ae75e749cefc69cbdd96fe2c/element/f.92C64C74BFFB4A8B431616FE9F273F76.d.66367284FC8B839D30B4439610855947.e.13140/click - {}
RESULT: {}
COMMAND: GET /session/9f4c84e4ae75e749cefc69cbdd96fe2c/screenshot - {}
RESULT: {}
COMMAND: POST /session/9f4c84e4ae75e749cefc69cbdd96fe2c/element - {"using":"xpath","value":"//td[7]/div/div/input"}
RESULT: {"using":"xpath","value":"//td[7]/div/div/input"}
COMMAND: POST /session/9f4c84e4ae75e749cefc69cbdd96fe2c/element/f.92C64C74BFFB4A8B431616FE9F273F76.d.66367284FC8B839D30B4439610855947.e.13149/clear - {}
RESULT: {}
COMMAND: POST /session/9f4c84e4ae75e749cefc69cbdd96fe2c/element/f.92C64C74BFFB4A8B431616FE9F273F76.d.66367284FC8B839D30B4439610855947.e.13149/value - {"text":"shL7QTZ8bo"}
COMMAND: GET /session/9f4c84e4ae75e749cefc69cbdd96fe2c/screenshot - {}
RESULT: {"text":"shL7QTZ8bo"}
COMMAND: GET /session/9f4c84e4ae75e749cefc69cbdd96fe2c/screenshot - {}
RESULT: {}
RESULT: {}
COMMAND: POST /session/9f4c84e4ae75e749cefc69cbdd96fe2c/actions - {"actions":[{"id":"action46","type":"key","parameters":{},"actions":[{"type":"keyDown","value":""},{"type":"pause","duration":10},{"type":"keyUp","value":""}]}]}
RESULT: {"actions":[{"id":"action46","type":"key","parameters":{},"actions":[{"type":"keyDown","value":""},{"type":"pause","duration":10},{"type":"keyUp","value":""}]}]}
COMMAND: GET /session/9f4c84e4ae75e749cefc69cbdd96fe2c/screenshot - {}
RESULT: {}
COMMAND: POST /session/9f4c84e4ae75e749cefc69cbdd96fe2c/execute/sync - {"script":"<script> [276 bytes]","args":["No pricing information was found"]}
RESULT: {"script":"<script> [276 bytes]","args":["No pricing information was found"]}
COMMAND: POST /session/9f4c84e4ae75e749cefc69cbdd96fe2c/element - {"using":"xpath","value":"(//button[@data-kt=\"saveButton\"])[2]"}
COMMAND: GET /session/9f4c84e4ae75e749cefc69cbdd96fe2c/screenshot - {}
RESULT: {"using":"xpath","value":"(//button[@data-kt=\"saveButton\"])[2]"}
COMMAND: POST /session/9f4c84e4ae75e749cefc69cbdd96fe2c/element/f.92C64C74BFFB4A8B431616FE9F273F76.d.66367284FC8B839D30B4439610855947.e.13164/click - {}
RESULT: {}
RESULT: {}
COMMAND: GET /session/9f4c84e4ae75e749cefc69cbdd96fe2c/screenshot - {}
RESULT: {}
COMMAND: POST /session/9f4c84e4ae75e749cefc69cbdd96fe2c/execute/sync - {"script":"<script> [276 bytes]","args":["Some contract items are having rental validity exceeding header rental validity"]}
RESULT: {"script":"<script> [276 bytes]","args":["Some contract items are having rental validity exceeding header rental validity"]}
COMMAND: GET /session/9f4c84e4ae75e749cefc69cbdd96fe2c/screenshot - {}
RESULT: {}
COMMAND: POST /session/9f4c84e4ae75e749cefc69cbdd96fe2c/element - {"using":"xpath","value":"//span[contains(@id ,\"contractItemsSmartTable-header-inner\")]"}
RESULT: {"using":"xpath","value":"//span[contains(@id ,\"contractItemsSmartTable-header-inner\")]"}
COMMAND: POST /session/9f4c84e4ae75e749cefc69cbdd96fe2c/elements - {"using":"xpath","value":"//span[contains(@id ,\"contractItemsSmartTable-header-inner\")]"}
RESULT: {"using":"xpath","value":"//span[contains(@id ,\"contractItemsSmartTable-header-inner\")]"}
COMMAND: POST /session/9f4c84e4ae75e749cefc69cbdd96fe2c/execute/sync - {"script":"<script> [56 bytes]","args":[{"element-6066-11e4-a52e-4f735466cecf":"f.92C64C74BFFB4A8B431616FE9F273F76.d.66367284FC8B839D30B4439610855947.e.13171","ELEMENT":"f.92C64C74BFFB4A8B431616FE9F273F76.d.66367284FC8B839D30B4439610855947.e.13171"}]}
RESULT: {"script":"<script> [56 bytes]","args":[{"element-6066-11e4-a52e-4f735466cecf":"f.92C64C74BFFB4A8B431616FE9F273F76.d.66367284FC8B839D30B4439610855947.e.13171","ELEMENT":"f.92C64C74BFFB4A8B431616FE9F273F76.d.66367284FC8B839D30B4439610855947.e.13171"}]}
]]></system-out>
    </testcase>
    <testcase classname="chrome.136_0_7103_93.windows.Create_master_data_for_mixed_billing_&amp;_do_billing_calculation_US151661" name="Should do a provide to site handover" time="69.444">
      <system-out><![CDATA[
COMMAND: GET /session/9f4c84e4ae75e749cefc69cbdd96fe2c/screenshot - {}
COMMAND: POST /session/9f4c84e4ae75e749cefc69cbdd96fe2c/element - {"using":"xpath","value":"//button[@data-kt=\"provideButton\"]"}
RESULT: {}
RESULT: {"using":"xpath","value":"//button[@data-kt=\"provideButton\"]"}
COMMAND: POST /session/9f4c84e4ae75e749cefc69cbdd96fe2c/element/f.92C64C74BFFB4A8B431616FE9F273F76.d.66367284FC8B839D30B4439610855947.e.13172/click - {}
RESULT: {}
COMMAND: GET /session/9f4c84e4ae75e749cefc69cbdd96fe2c/screenshot - {}
RESULT: {}
RESULT: undefined
COMMAND: POST /session/9f4c84e4ae75e749cefc69cbdd96fe2c/execute/async - {"script":"<script> [6424 bytes]","args":[{"element-6066-11e4-a52e-4f735466cecf":"f.92C64C74BFFB4A8B431616FE9F273F76.d.66367284FC8B839D30B4439610855947.e.12141"},"setValue",["5/28/25"]]}
COMMAND: POST /session/9f4c84e4ae75e749cefc69cbdd96fe2c/execute/async - {"script":"<script> [1562 bytes]","args":[{"selector":{"id":"application-managehandovers-display-component---AddNewHO--dueDate","interaction":{"idSuffix":"inner"}},"wdio_ui5_key":"applicationmanagehandovers-display-component---AddNewHO--dueDate"}]}
RESULT: {"script":"<script> [1562 bytes]","args":[{"selector":{"id":"application-managehandovers-display-component---AddNewHO--dueDate","interaction":{"idSuffix":"inner"}},"wdio_ui5_key":"applicationmanagehandovers-display-component---AddNewHO--dueDate"}]}
COMMAND: POST /session/9f4c84e4ae75e749cefc69cbdd96fe2c/execute/async - {"script":"<script> [6424 bytes]","args":[{"element-6066-11e4-a52e-4f735466cecf":"f.92C64C74BFFB4A8B431616FE9F273F76.d.66367284FC8B839D30B4439610855947.e.13229"},"setValue",["5/28/25"]]}
RESULT: {"script":"<script> [6424 bytes]","args":[{"element-6066-11e4-a52e-4f735466cecf":"f.92C64C74BFFB4A8B431616FE9F273F76.d.66367284FC8B839D30B4439610855947.e.13229"},"setValue",["5/28/25"]]}
COMMAND: POST /session/9f4c84e4ae75e749cefc69cbdd96fe2c/element - {"using":"xpath","value":"//bdi[contains(text(), \"Instructions\")]"}
RESULT: {"using":"xpath","value":"//bdi[contains(text(), \"Instructions\")]"}
COMMAND: POST /session/9f4c84e4ae75e749cefc69cbdd96fe2c/element/f.92C64C74BFFB4A8B431616FE9F273F76.d.66367284FC8B839D30B4439610855947.e.13342/click - {}
RESULT: {}
COMMAND: GET /session/9f4c84e4ae75e749cefc69cbdd96fe2c/screenshot - {}
RESULT: {}
COMMAND: POST /session/9f4c84e4ae75e749cefc69cbdd96fe2c/element - {"using":"xpath","value":"//button[@data-kt=\"AddNewHOProvideAddItemsButton\"]"}
RESULT: {"using":"xpath","value":"//button[@data-kt=\"AddNewHOProvideAddItemsButton\"]"}
COMMAND: POST /session/9f4c84e4ae75e749cefc69cbdd96fe2c/element/f.92C64C74BFFB4A8B431616FE9F273F76.d.66367284FC8B839D30B4439610855947.e.13346/click - {}
RESULT: {}
COMMAND: GET /session/9f4c84e4ae75e749cefc69cbdd96fe2c/screenshot - {}
RESULT: {}
RESULT: undefined
COMMAND: POST /session/9f4c84e4ae75e749cefc69cbdd96fe2c/element - {"using":"xpath","value":"//*[@id=\"application-managehandovers-display-component---AddNewHO--popup-sa\"]"}
RESULT: {"using":"xpath","value":"//*[@id=\"application-managehandovers-display-component---AddNewHO--popup-sa\"]"}
COMMAND: POST /session/9f4c84e4ae75e749cefc69cbdd96fe2c/element/f.92C64C74BFFB4A8B431616FE9F273F76.d.66367284FC8B839D30B4439610855947.e.13355/click - {}
RESULT: {}
COMMAND: GET /session/9f4c84e4ae75e749cefc69cbdd96fe2c/screenshot - {}
RESULT: {}
COMMAND: POST /session/9f4c84e4ae75e749cefc69cbdd96fe2c/element - {"using":"xpath","value":"//*[contains(@id ,\"BDI-content\")][contains(text(), \"Select\")]"}
RESULT: {"using":"xpath","value":"//*[contains(@id ,\"BDI-content\")][contains(text(), \"Select\")]"}
COMMAND: POST /session/9f4c84e4ae75e749cefc69cbdd96fe2c/element/f.92C64C74BFFB4A8B431616FE9F273F76.d.66367284FC8B839D30B4439610855947.e.13357/click - {}
RESULT: {}
COMMAND: GET /session/9f4c84e4ae75e749cefc69cbdd96fe2c/screenshot - {}
RESULT: {}
COMMAND: POST /session/9f4c84e4ae75e749cefc69cbdd96fe2c/execute/async - {"script":"<script> [1562 bytes]","args":[{"selector":{"id":"application-managehandovers-display-component---AddNewHO--confirmCreationButton","interaction":{"idSuffix":"BDI-content"}},"wdio_ui5_key":"applicationmanagehandovers-display-component---AddNewHO--confirmCreationButton"}]}
RESULT: {"script":"<script> [1562 bytes]","args":[{"selector":{"id":"application-managehandovers-display-component---AddNewHO--confirmCreationButton","interaction":{"idSuffix":"BDI-content"}},"wdio_ui5_key":"applicationmanagehandovers-display-component---AddNewHO--confirmCreationButton"}]}
RESULT: undefined
COMMAND: POST /session/9f4c84e4ae75e749cefc69cbdd96fe2c/element - {"using":"xpath","value":"//*[@id=\"application-managehandovers-display-component---AddNewHO--confirmCreationButton\"]"}
RESULT: {"using":"xpath","value":"//*[@id=\"application-managehandovers-display-component---AddNewHO--confirmCreationButton\"]"}
COMMAND: POST /session/9f4c84e4ae75e749cefc69cbdd96fe2c/element/f.92C64C74BFFB4A8B431616FE9F273F76.d.66367284FC8B839D30B4439610855947.e.13301/click - {}
RESULT: {}
COMMAND: GET /session/9f4c84e4ae75e749cefc69cbdd96fe2c/screenshot - {}
RESULT: {}
COMMAND: POST /session/9f4c84e4ae75e749cefc69cbdd96fe2c/execute/async - {"script":"<script> [1562 bytes]","args":[{"selector":{"id":"issueDatePicker","viewName":"etm.portal.ui.managehandovers.view.DetailExecuteHO","interaction":{"idSuffix":"inner"}},"wdio_ui5_key":"issueDatePickeretmportal.ui.managehandovers.view.DetailExecuteHO"}]}
RESULT: {"script":"<script> [1562 bytes]","args":[{"selector":{"id":"issueDatePicker","viewName":"etm.portal.ui.managehandovers.view.DetailExecuteHO","interaction":{"idSuffix":"inner"}},"wdio_ui5_key":"issueDatePickeretmportal.ui.managehandovers.view.DetailExecuteHO"}]}
RESULT: undefined
COMMAND: POST /session/9f4c84e4ae75e749cefc69cbdd96fe2c/execute/async - {"script":"<script> [776 bytes]","args":[{"enterText":"5/28/25","selector":{"id":"issueDatePicker","viewName":"etm.portal.ui.managehandovers.view.DetailExecuteHO","interaction":{"idSuffix":"inner"}},"clearTextFirst":true,"interactionType":"ENTER_TEXT"}]}
RESULT: {"script":"<script> [776 bytes]","args":[{"enterText":"5/28/25","selector":{"id":"issueDatePicker","viewName":"etm.portal.ui.managehandovers.view.DetailExecuteHO","interaction":{"idSuffix":"inner"}},"clearTextFirst":true,"interactionType":"ENTER_TEXT"}]}
COMMAND: POST /session/9f4c84e4ae75e749cefc69cbdd96fe2c/element - {"using":"xpath","value":"//button[@data-kt=\"PickingTableConfirmAllButton\"]"}
RESULT: {"using":"xpath","value":"//button[@data-kt=\"PickingTableConfirmAllButton\"]"}
COMMAND: POST /session/9f4c84e4ae75e749cefc69cbdd96fe2c/element/f.92C64C74BFFB4A8B431616FE9F273F76.d.66367284FC8B839D30B4439610855947.e.13418/click - {}
RESULT: {}
COMMAND: GET /session/9f4c84e4ae75e749cefc69cbdd96fe2c/screenshot - {}
RESULT: {}
COMMAND: POST /session/9f4c84e4ae75e749cefc69cbdd96fe2c/element - {"using":"xpath","value":"//bdi[contains(text(), \"OK\")]"}
RESULT: {"using":"xpath","value":"//bdi[contains(text(), \"OK\")]"}
COMMAND: POST /session/9f4c84e4ae75e749cefc69cbdd96fe2c/element/f.92C64C74BFFB4A8B431616FE9F273F76.d.66367284FC8B839D30B4439610855947.e.13421/click - {}
RESULT: {}
COMMAND: GET /session/9f4c84e4ae75e749cefc69cbdd96fe2c/screenshot - {}
RESULT: {}
COMMAND: POST /session/9f4c84e4ae75e749cefc69cbdd96fe2c/element - {"using":"xpath","value":"//bdi[contains(text(), \"Issue\")]"}
RESULT: {"using":"xpath","value":"//bdi[contains(text(), \"Issue\")]"}
COMMAND: POST /session/9f4c84e4ae75e749cefc69cbdd96fe2c/element/f.92C64C74BFFB4A8B431616FE9F273F76.d.66367284FC8B839D30B4439610855947.e.13423/click - {}
RESULT: {}
COMMAND: GET /session/9f4c84e4ae75e749cefc69cbdd96fe2c/screenshot - {}
RESULT: {}
COMMAND: POST /session/9f4c84e4ae75e749cefc69cbdd96fe2c/element - {"using":"css selector","value":"#shell-header-logo"}
RESULT: {"using":"css selector","value":"#shell-header-logo"}
COMMAND: POST /session/9f4c84e4ae75e749cefc69cbdd96fe2c/element/f.92C64C74BFFB4A8B431616FE9F273F76.d.66367284FC8B839D30B4439610855947.e.12552/click - {}
RESULT: {}
COMMAND: GET /session/9f4c84e4ae75e749cefc69cbdd96fe2c/screenshot - {}
RESULT: {}
]]></system-out>
    </testcase>
    <testcase classname="chrome.136_0_7103_93.windows.Create_master_data_for_mixed_billing_&amp;_do_billing_calculation_US151661" name="Should create a few performance documents" time="107.1">
      <system-out><![CDATA[
COMMAND: POST /session/9f4c84e4ae75e749cefc69cbdd96fe2c/execute/async - {"script":"<script> [1562 bytes]","args":[{"selector":{"controlType":"sap.m.GenericTile","properties":{"header":"Manage States & Performance"}},"wdio_ui5_key":"sapm.GenericTile{\"header\":\"Manage States & Performance\"}"}]}
RESULT: {"script":"<script> [1562 bytes]","args":[{"selector":{"controlType":"sap.m.GenericTile","properties":{"header":"Manage States & Performance"}},"wdio_ui5_key":"sapm.GenericTile{\"header\":\"Manage States & Performance\"}"}]}
RESULT: undefined
COMMAND: POST /session/9f4c84e4ae75e749cefc69cbdd96fe2c/element - {"using":"xpath","value":"//*[@id=\"__tile56\"]"}
RESULT: {"using":"xpath","value":"//*[@id=\"__tile56\"]"}
COMMAND: POST /session/9f4c84e4ae75e749cefc69cbdd96fe2c/element/f.92C64C74BFFB4A8B431616FE9F273F76.d.66367284FC8B839D30B4439610855947.e.6454/click - {}
RESULT: {}
COMMAND: GET /session/9f4c84e4ae75e749cefc69cbdd96fe2c/screenshot - {}
RESULT: {}
COMMAND: POST /session/9f4c84e4ae75e749cefc69cbdd96fe2c/elements - {"using":"xpath","value":"//span[text()='Error']"}
RESULT: {"using":"xpath","value":"//span[text()='Error']"}
COMMAND: POST /session/9f4c84e4ae75e749cefc69cbdd96fe2c/execute/async - {"script":"<script> [1562 bytes]","args":[{"selector":{"id":"application-managestatesandperformance-display-component---stateAndPerform--smartFilterBarResources-btnBasicSearch","interaction":{"idSuffix":"I"}},"wdio_ui5_key":"applicationmanagestatesandperformance-display-component---stateAndPerform--smartFilterBarResources-btnBasicSearch"}]}
RESULT: {"script":"<script> [1562 bytes]","args":[{"selector":{"id":"application-managestatesandperformance-display-component---stateAndPerform--smartFilterBarResources-btnBasicSearch","interaction":{"idSuffix":"I"}},"wdio_ui5_key":"applicationmanagestatesandperformance-display-component---stateAndPerform--smartFilterBarResources-btnBasicSearch"}]}
RESULT: undefined
COMMAND: POST /session/9f4c84e4ae75e749cefc69cbdd96fe2c/execute/async - {"script":"<script> [776 bytes]","args":[{"enterText":"shL7QTZ8bo","selector":{"id":"application-managestatesandperformance-display-component---stateAndPerform--smartFilterBarResources-btnBasicSearch","interaction":{"idSuffix":"I"}},"clearTextFirst":true,"interactionType":"ENTER_TEXT"}]}
RESULT: {"script":"<script> [776 bytes]","args":[{"enterText":"shL7QTZ8bo","selector":{"id":"application-managestatesandperformance-display-component---stateAndPerform--smartFilterBarResources-btnBasicSearch","interaction":{"idSuffix":"I"}},"clearTextFirst":true,"interactionType":"ENTER_TEXT"}]}
COMMAND: POST /session/9f4c84e4ae75e749cefc69cbdd96fe2c/actions - {"actions":[{"id":"action47","type":"key","parameters":{},"actions":[{"type":"keyDown","value":""},{"type":"pause","duration":10},{"type":"keyUp","value":""}]}]}
RESULT: {"actions":[{"id":"action47","type":"key","parameters":{},"actions":[{"type":"keyDown","value":""},{"type":"pause","duration":10},{"type":"keyUp","value":""}]}]}
COMMAND: GET /session/9f4c84e4ae75e749cefc69cbdd96fe2c/screenshot - {}
RESULT: {}
COMMAND: POST /session/9f4c84e4ae75e749cefc69cbdd96fe2c/execute/async - {"script":"<script> [1562 bytes]","args":[{"selector":{"id":"application-managestatesandperformance-display-component---stateAndPerform--stateAndPerformResourcesSmartTable-header"},"wdio_ui5_key":"applicationmanagestatesandperformance-display-component---stateAndPerform--stateAndPerformResourcesSmartTable-header"}]}
RESULT: {"script":"<script> [1562 bytes]","args":[{"selector":{"id":"application-managestatesandperformance-display-component---stateAndPerform--stateAndPerformResourcesSmartTable-header"},"wdio_ui5_key":"applicationmanagestatesandperformance-display-component---stateAndPerform--stateAndPerformResourcesSmartTable-header"}]}
RESULT: undefined
COMMAND: POST /session/9f4c84e4ae75e749cefc69cbdd96fe2c/execute/async - {"script":"<script> [6424 bytes]","args":[{"element-6066-11e4-a52e-4f735466cecf":"f.92C64C74BFFB4A8B431616FE9F273F76.d.66367284FC8B839D30B4439610855947.e.13720"},"getText",[]]}
RESULT: {"script":"<script> [6424 bytes]","args":[{"element-6066-11e4-a52e-4f735466cecf":"f.92C64C74BFFB4A8B431616FE9F273F76.d.66367284FC8B839D30B4439610855947.e.13720"},"getText",[]]}
COMMAND: POST /session/9f4c84e4ae75e749cefc69cbdd96fe2c/execute/async - {"script":"<script> [1562 bytes]","args":[{"selector":{"controlType":"sap.ui.core.Icon","viewName":"etm.portal.ui.managestatesandperformance.view.Master","viewId":"application-managestatesandperformance-display-component---stateAndPerform","properties":{"src":{"regex":{"source":"slim\\-arrow\\-right"}}}},"wdio_ui5_key":"etmportal.ui.managestatesandperformance.view.Mastersap.ui.core.Icon{\"src\":{\"regex\":{\"source\":\"slim\\\\-arrow\\\\-right\"}}}"}]}
RESULT: {"script":"<script> [1562 bytes]","args":[{"selector":{"controlType":"sap.ui.core.Icon","viewName":"etm.portal.ui.managestatesandperformance.view.Master","viewId":"application-managestatesandperformance-display-component---stateAndPerform","properties":{"src":{"regex":{"source":"slim\\-arrow\\-right"}}}},"wdio_ui5_key":"etmportal.ui.managestatesandperformance.view.Mastersap.ui.core.Icon{\"src\":{\"regex\":{\"source\":\"slim\\\\-arrow\\\\-right\"}}}"}]}
RESULT: undefined
COMMAND: POST /session/9f4c84e4ae75e749cefc69cbdd96fe2c/element - {"using":"xpath","value":"//*[@id=\"__item4123-__clone17037-imgNav\"]"}
RESULT: {"using":"xpath","value":"//*[@id=\"__item4123-__clone17037-imgNav\"]"}
COMMAND: POST /session/9f4c84e4ae75e749cefc69cbdd96fe2c/element/f.92C64C74BFFB4A8B431616FE9F273F76.d.66367284FC8B839D30B4439610855947.e.13719/click - {}
RESULT: {}
COMMAND: GET /session/9f4c84e4ae75e749cefc69cbdd96fe2c/screenshot - {}
RESULT: {}
COMMAND: POST /session/9f4c84e4ae75e749cefc69cbdd96fe2c/execute/async - {"script":"<script> [1562 bytes]","args":[{"selector":{"controlType":"sap.m.Button","viewName":"etm.portal.ui.managestatesandperformance.view.Detail","viewId":"application-managestatesandperformance-display-component---detailStateAndPerform","properties":{"text":"Performance Documents"}},"wdio_ui5_key":"etmportal.ui.managestatesandperformance.view.Detailsap.m.Button{\"text\":\"Performance Documents\"}"}]}
RESULT: {"script":"<script> [1562 bytes]","args":[{"selector":{"controlType":"sap.m.Button","viewName":"etm.portal.ui.managestatesandperformance.view.Detail","viewId":"application-managestatesandperformance-display-component---detailStateAndPerform","properties":{"text":"Performance Documents"}},"wdio_ui5_key":"etmportal.ui.managestatesandperformance.view.Detailsap.m.Button{\"text\":\"Performance Documents\"}"}]}
RESULT: undefined
COMMAND: POST /session/9f4c84e4ae75e749cefc69cbdd96fe2c/element - {"using":"xpath","value":"//*[@id=\"__item4146-button\"]"}
RESULT: {"using":"xpath","value":"//*[@id=\"__item4146-button\"]"}
COMMAND: POST /session/9f4c84e4ae75e749cefc69cbdd96fe2c/element/f.92C64C74BFFB4A8B431616FE9F273F76.d.66367284FC8B839D30B4439610855947.e.13763/click - {}
RESULT: {}
COMMAND: POST /session/9f4c84e4ae75e749cefc69cbdd96fe2c/execute/async - {"script":"<script> [1562 bytes]","args":[{"selector":{"controlType":"sap.m.Button","viewName":"etm.portal.ui.managestatesandperformance.view.Detail","viewId":"application-managestatesandperformance-display-component---detailStateAndPerform","i18NText":{"propertyName":"text","key":"createPerformanceDoc"},"interaction":{"idSuffix":"BDI-content"}},"wdio_ui5_key":"etmportal.ui.managestatesandperformance.view.Detailsap.m.Button{\"propertyName\":\"text\",\"key\":\"createPerformanceDoc\"}"}]}
COMMAND: GET /session/9f4c84e4ae75e749cefc69cbdd96fe2c/screenshot - {}
RESULT: {"script":"<script> [1562 bytes]","args":[{"selector":{"controlType":"sap.m.Button","viewName":"etm.portal.ui.managestatesandperformance.view.Detail","viewId":"application-managestatesandperformance-display-component---detailStateAndPerform","i18NText":{"propertyName":"text","key":"createPerformanceDoc"},"interaction":{"idSuffix":"BDI-content"}},"wdio_ui5_key":"etmportal.ui.managestatesandperformance.view.Detailsap.m.Button{\"propertyName\":\"text\",\"key\":\"createPerformanceDoc\"}"}]}
RESULT: undefined
COMMAND: POST /session/9f4c84e4ae75e749cefc69cbdd96fe2c/element - {"using":"xpath","value":"//*[@id=\"__button580\"]"}
RESULT: {}
RESULT: {"using":"xpath","value":"//*[@id=\"__button580\"]"}
COMMAND: POST /session/9f4c84e4ae75e749cefc69cbdd96fe2c/element/f.92C64C74BFFB4A8B431616FE9F273F76.d.66367284FC8B839D30B4439610855947.e.13766/click - {}
RESULT: {}
COMMAND: POST /session/9f4c84e4ae75e749cefc69cbdd96fe2c/execute/async - {"script":"<script> [1562 bytes]","args":[{"selector":{"id":"application-managestatesandperformance-display-component---detailStateAndPerform--perfDocDatePicker","searchOpenDialogs":true,"interaction":{"idSuffix":"inner"}},"wdio_ui5_key":"applicationmanagestatesandperformance-display-component---detailStateAndPerform--perfDocDatePicker"}]}
COMMAND: GET /session/9f4c84e4ae75e749cefc69cbdd96fe2c/screenshot - {}
RESULT: {"script":"<script> [1562 bytes]","args":[{"selector":{"id":"application-managestatesandperformance-display-component---detailStateAndPerform--perfDocDatePicker","searchOpenDialogs":true,"interaction":{"idSuffix":"inner"}},"wdio_ui5_key":"applicationmanagestatesandperformance-display-component---detailStateAndPerform--perfDocDatePicker"}]}
RESULT: undefined
COMMAND: POST /session/9f4c84e4ae75e749cefc69cbdd96fe2c/execute/async - {"script":"<script> [776 bytes]","args":[{"enterText":"5/30/25","selector":{"id":"application-managestatesandperformance-display-component---detailStateAndPerform--perfDocDatePicker","searchOpenDialogs":true,"interaction":{"idSuffix":"inner"}},"clearTextFirst":true,"interactionType":"ENTER_TEXT"}]}
RESULT: {}
RESULT: {"script":"<script> [776 bytes]","args":[{"enterText":"5/30/25","selector":{"id":"application-managestatesandperformance-display-component---detailStateAndPerform--perfDocDatePicker","searchOpenDialogs":true,"interaction":{"idSuffix":"inner"}},"clearTextFirst":true,"interactionType":"ENTER_TEXT"}]}
COMMAND: POST /session/9f4c84e4ae75e749cefc69cbdd96fe2c/execute/async - {"script":"<script> [1562 bytes]","args":[{"selector":{"id":"application-managestatesandperformance-display-component---detailStateAndPerform--counterValue-input","searchOpenDialogs":true,"interaction":{"idSuffix":"inner"}},"wdio_ui5_key":"applicationmanagestatesandperformance-display-component---detailStateAndPerform--counterValue-input"}]}
RESULT: {"script":"<script> [1562 bytes]","args":[{"selector":{"id":"application-managestatesandperformance-display-component---detailStateAndPerform--counterValue-input","searchOpenDialogs":true,"interaction":{"idSuffix":"inner"}},"wdio_ui5_key":"applicationmanagestatesandperformance-display-component---detailStateAndPerform--counterValue-input"}]}
RESULT: undefined
COMMAND: POST /session/9f4c84e4ae75e749cefc69cbdd96fe2c/execute/async - {"script":"<script> [776 bytes]","args":[{"enterText":"15.00","selector":{"id":"application-managestatesandperformance-display-component---detailStateAndPerform--counterValue-input","searchOpenDialogs":true,"interaction":{"idSuffix":"inner"}},"clearTextFirst":true,"interactionType":"ENTER_TEXT"}]}
RESULT: {"script":"<script> [776 bytes]","args":[{"enterText":"15.00","selector":{"id":"application-managestatesandperformance-display-component---detailStateAndPerform--counterValue-input","searchOpenDialogs":true,"interaction":{"idSuffix":"inner"}},"clearTextFirst":true,"interactionType":"ENTER_TEXT"}]}
COMMAND: POST /session/9f4c84e4ae75e749cefc69cbdd96fe2c/execute/async - {"script":"<script> [1562 bytes]","args":[{"selector":{"controlType":"sap.m.Button","viewName":"etm.portal.ui.managestatesandperformance.view.Detail","viewId":"application-managestatesandperformance-display-component---detailStateAndPerform","bindingPath":{"path":"","propertyPath":"/allowAddEdit","modelName":"oScreenModel"},"searchOpenDialogs":true,"interaction":{"idSuffix":"BDI-content"}},"wdio_ui5_key":"etmportal.ui.managestatesandperformance.view.Detailsap.m.Button{\"path\":\"\",\"propertyPath\":\"/allowAddEdit\",\"modelName\":\"oScreenModel\"}"}]}
RESULT: {"script":"<script> [1562 bytes]","args":[{"selector":{"controlType":"sap.m.Button","viewName":"etm.portal.ui.managestatesandperformance.view.Detail","viewId":"application-managestatesandperformance-display-component---detailStateAndPerform","bindingPath":{"path":"","propertyPath":"/allowAddEdit","modelName":"oScreenModel"},"searchOpenDialogs":true,"interaction":{"idSuffix":"BDI-content"}},"wdio_ui5_key":"etmportal.ui.managestatesandperformance.view.Detailsap.m.Button{\"path\":\"\",\"propertyPath\":\"/allowAddEdit\",\"modelName\":\"oScreenModel\"}"}]}
RESULT: undefined
COMMAND: POST /session/9f4c84e4ae75e749cefc69cbdd96fe2c/element - {"using":"xpath","value":"//*[@id=\"__button587\"]"}
RESULT: {"using":"xpath","value":"//*[@id=\"__button587\"]"}
COMMAND: POST /session/9f4c84e4ae75e749cefc69cbdd96fe2c/element/f.92C64C74BFFB4A8B431616FE9F273F76.d.66367284FC8B839D30B4439610855947.e.13787/click - {}
RESULT: {}
RESULT: undefined
COMMAND: POST /session/9f4c84e4ae75e749cefc69cbdd96fe2c/element - {"using":"xpath","value":"//*[@id=\"__button580\"]"}
COMMAND: GET /session/9f4c84e4ae75e749cefc69cbdd96fe2c/screenshot - {}
RESULT: {"using":"xpath","value":"//*[@id=\"__button580\"]"}
COMMAND: POST /session/9f4c84e4ae75e749cefc69cbdd96fe2c/element/f.92C64C74BFFB4A8B431616FE9F273F76.d.66367284FC8B839D30B4439610855947.e.13766/click - {}
RESULT: {}
RESULT: {}
RESULT: undefined
COMMAND: POST /session/9f4c84e4ae75e749cefc69cbdd96fe2c/execute/async - {"script":"<script> [776 bytes]","args":[{"enterText":"6/3/25","selector":{"id":"application-managestatesandperformance-display-component---detailStateAndPerform--perfDocDatePicker","searchOpenDialogs":true,"interaction":{"idSuffix":"inner"}},"clearTextFirst":true,"interactionType":"ENTER_TEXT"}]}
COMMAND: GET /session/9f4c84e4ae75e749cefc69cbdd96fe2c/screenshot - {}
RESULT: {"script":"<script> [776 bytes]","args":[{"enterText":"6/3/25","selector":{"id":"application-managestatesandperformance-display-component---detailStateAndPerform--perfDocDatePicker","searchOpenDialogs":true,"interaction":{"idSuffix":"inner"}},"clearTextFirst":true,"interactionType":"ENTER_TEXT"}]}
RESULT: undefined
COMMAND: POST /session/9f4c84e4ae75e749cefc69cbdd96fe2c/execute/async - {"script":"<script> [776 bytes]","args":[{"enterText":"20.00","selector":{"id":"application-managestatesandperformance-display-component---detailStateAndPerform--counterValue-input","searchOpenDialogs":true,"interaction":{"idSuffix":"inner"}},"clearTextFirst":true,"interactionType":"ENTER_TEXT"}]}
RESULT: {}
RESULT: {"script":"<script> [776 bytes]","args":[{"enterText":"20.00","selector":{"id":"application-managestatesandperformance-display-component---detailStateAndPerform--counterValue-input","searchOpenDialogs":true,"interaction":{"idSuffix":"inner"}},"clearTextFirst":true,"interactionType":"ENTER_TEXT"}]}
COMMAND: POST /session/9f4c84e4ae75e749cefc69cbdd96fe2c/actions - {"actions":[{"id":"action48","type":"key","parameters":{},"actions":[{"type":"keyDown","value":""},{"type":"keyDown","value":""},{"type":"pause","duration":10},{"type":"keyUp","value":""},{"type":"keyUp","value":""}]}]}
RESULT: {"actions":[{"id":"action48","type":"key","parameters":{},"actions":[{"type":"keyDown","value":""},{"type":"keyDown","value":""},{"type":"pause","duration":10},{"type":"keyUp","value":""},{"type":"keyUp","value":""}]}]}
COMMAND: POST /session/9f4c84e4ae75e749cefc69cbdd96fe2c/actions - {"actions":[{"id":"action49","type":"key","parameters":{},"actions":[{"type":"keyDown","value":""},{"type":"pause","duration":10},{"type":"keyUp","value":""}]}]}
COMMAND: GET /session/9f4c84e4ae75e749cefc69cbdd96fe2c/screenshot - {}
RESULT: {"actions":[{"id":"action49","type":"key","parameters":{},"actions":[{"type":"keyDown","value":""},{"type":"pause","duration":10},{"type":"keyUp","value":""}]}]}
RESULT: undefined
COMMAND: POST /session/9f4c84e4ae75e749cefc69cbdd96fe2c/element - {"using":"xpath","value":"//*[@id=\"__button587\"]"}
COMMAND: GET /session/9f4c84e4ae75e749cefc69cbdd96fe2c/screenshot - {}
RESULT: {}
RESULT: {"using":"xpath","value":"//*[@id=\"__button587\"]"}
COMMAND: POST /session/9f4c84e4ae75e749cefc69cbdd96fe2c/elements - {"using":"xpath","value":"//*[@id=\"__button587\"]"}
RESULT: {}
RESULT: {"using":"xpath","value":"//*[@id=\"__button587\"]"}
COMMAND: POST /session/9f4c84e4ae75e749cefc69cbdd96fe2c/elements - {"using":"xpath","value":"//*[@id=\"__button587\"]"}
RESULT: {"using":"xpath","value":"//*[@id=\"__button587\"]"}
COMMAND: POST /session/9f4c84e4ae75e749cefc69cbdd96fe2c/elements - {"using":"xpath","value":"//*[@id=\"__button587\"]"}
RESULT: {"using":"xpath","value":"//*[@id=\"__button587\"]"}
COMMAND: POST /session/9f4c84e4ae75e749cefc69cbdd96fe2c/elements - {"using":"xpath","value":"//*[@id=\"__button587\"]"}
RESULT: {"using":"xpath","value":"//*[@id=\"__button587\"]"}
COMMAND: POST /session/9f4c84e4ae75e749cefc69cbdd96fe2c/elements - {"using":"xpath","value":"//*[@id=\"__button587\"]"}
RESULT: {"using":"xpath","value":"//*[@id=\"__button587\"]"}
COMMAND: POST /session/9f4c84e4ae75e749cefc69cbdd96fe2c/elements - {"using":"xpath","value":"//*[@id=\"__button587\"]"}
RESULT: {"using":"xpath","value":"//*[@id=\"__button587\"]"}
COMMAND: POST /session/9f4c84e4ae75e749cefc69cbdd96fe2c/elements - {"using":"xpath","value":"//*[@id=\"__button587\"]"}
RESULT: {"using":"xpath","value":"//*[@id=\"__button587\"]"}
COMMAND: POST /session/9f4c84e4ae75e749cefc69cbdd96fe2c/elements - {"using":"xpath","value":"//*[@id=\"__button587\"]"}
RESULT: {"using":"xpath","value":"//*[@id=\"__button587\"]"}
COMMAND: POST /session/9f4c84e4ae75e749cefc69cbdd96fe2c/elements - {"using":"xpath","value":"//*[@id=\"__button587\"]"}
RESULT: {"using":"xpath","value":"//*[@id=\"__button587\"]"}
COMMAND: POST /session/9f4c84e4ae75e749cefc69cbdd96fe2c/elements - {"using":"xpath","value":"//*[@id=\"__button587\"]"}
RESULT: {"using":"xpath","value":"//*[@id=\"__button587\"]"}
COMMAND: POST /session/9f4c84e4ae75e749cefc69cbdd96fe2c/elements - {"using":"xpath","value":"//*[@id=\"__button587\"]"}
RESULT: {"using":"xpath","value":"//*[@id=\"__button587\"]"}
COMMAND: POST /session/9f4c84e4ae75e749cefc69cbdd96fe2c/elements - {"using":"xpath","value":"//*[@id=\"__button587\"]"}
RESULT: {"using":"xpath","value":"//*[@id=\"__button587\"]"}
COMMAND: POST /session/9f4c84e4ae75e749cefc69cbdd96fe2c/elements - {"using":"xpath","value":"//*[@id=\"__button587\"]"}
RESULT: {"using":"xpath","value":"//*[@id=\"__button587\"]"}
COMMAND: POST /session/9f4c84e4ae75e749cefc69cbdd96fe2c/elements - {"using":"xpath","value":"//*[@id=\"__button587\"]"}
RESULT: {"using":"xpath","value":"//*[@id=\"__button587\"]"}
COMMAND: POST /session/9f4c84e4ae75e749cefc69cbdd96fe2c/elements - {"using":"xpath","value":"//*[@id=\"__button587\"]"}
RESULT: {"using":"xpath","value":"//*[@id=\"__button587\"]"}
COMMAND: POST /session/9f4c84e4ae75e749cefc69cbdd96fe2c/elements - {"using":"xpath","value":"//*[@id=\"__button587\"]"}
RESULT: {"using":"xpath","value":"//*[@id=\"__button587\"]"}
COMMAND: POST /session/9f4c84e4ae75e749cefc69cbdd96fe2c/elements - {"using":"xpath","value":"//*[@id=\"__button587\"]"}
RESULT: {"using":"xpath","value":"//*[@id=\"__button587\"]"}
COMMAND: POST /session/9f4c84e4ae75e749cefc69cbdd96fe2c/elements - {"using":"xpath","value":"//*[@id=\"__button587\"]"}
RESULT: {"using":"xpath","value":"//*[@id=\"__button587\"]"}
COMMAND: POST /session/9f4c84e4ae75e749cefc69cbdd96fe2c/elements - {"using":"xpath","value":"//*[@id=\"__button587\"]"}
RESULT: {"using":"xpath","value":"//*[@id=\"__button587\"]"}
COMMAND: POST /session/9f4c84e4ae75e749cefc69cbdd96fe2c/elements - {"using":"xpath","value":"//*[@id=\"__button587\"]"}
RESULT: {"using":"xpath","value":"//*[@id=\"__button587\"]"}
COMMAND: POST /session/9f4c84e4ae75e749cefc69cbdd96fe2c/elements - {"using":"xpath","value":"//*[@id=\"__button587\"]"}
RESULT: {"using":"xpath","value":"//*[@id=\"__button587\"]"}
COMMAND: POST /session/9f4c84e4ae75e749cefc69cbdd96fe2c/elements - {"using":"xpath","value":"//*[@id=\"__button587\"]"}
RESULT: {"using":"xpath","value":"//*[@id=\"__button587\"]"}
COMMAND: POST /session/9f4c84e4ae75e749cefc69cbdd96fe2c/elements - {"using":"xpath","value":"//*[@id=\"__button587\"]"}
RESULT: {"using":"xpath","value":"//*[@id=\"__button587\"]"}
COMMAND: POST /session/9f4c84e4ae75e749cefc69cbdd96fe2c/elements - {"using":"xpath","value":"//*[@id=\"__button587\"]"}
RESULT: {"using":"xpath","value":"//*[@id=\"__button587\"]"}
COMMAND: POST /session/9f4c84e4ae75e749cefc69cbdd96fe2c/elements - {"using":"xpath","value":"//*[@id=\"__button587\"]"}
RESULT: {"using":"xpath","value":"//*[@id=\"__button587\"]"}
COMMAND: POST /session/9f4c84e4ae75e749cefc69cbdd96fe2c/elements - {"using":"xpath","value":"//*[@id=\"__button587\"]"}
RESULT: {"using":"xpath","value":"//*[@id=\"__button587\"]"}
COMMAND: POST /session/9f4c84e4ae75e749cefc69cbdd96fe2c/elements - {"using":"xpath","value":"//*[@id=\"__button587\"]"}
RESULT: {"using":"xpath","value":"//*[@id=\"__button587\"]"}
COMMAND: POST /session/9f4c84e4ae75e749cefc69cbdd96fe2c/elements - {"using":"xpath","value":"//*[@id=\"__button587\"]"}
RESULT: {"using":"xpath","value":"//*[@id=\"__button587\"]"}
COMMAND: POST /session/9f4c84e4ae75e749cefc69cbdd96fe2c/elements - {"using":"xpath","value":"//*[@id=\"__button587\"]"}
RESULT: {"using":"xpath","value":"//*[@id=\"__button587\"]"}
COMMAND: POST /session/9f4c84e4ae75e749cefc69cbdd96fe2c/elements - {"using":"xpath","value":"//*[@id=\"__button587\"]"}
RESULT: {"using":"xpath","value":"//*[@id=\"__button587\"]"}
COMMAND: POST /session/9f4c84e4ae75e749cefc69cbdd96fe2c/elements - {"using":"xpath","value":"//*[@id=\"__button587\"]"}
RESULT: {"using":"xpath","value":"//*[@id=\"__button587\"]"}
COMMAND: POST /session/9f4c84e4ae75e749cefc69cbdd96fe2c/elements - {"using":"xpath","value":"//*[@id=\"__button587\"]"}
RESULT: {"using":"xpath","value":"//*[@id=\"__button587\"]"}
COMMAND: POST /session/9f4c84e4ae75e749cefc69cbdd96fe2c/elements - {"using":"xpath","value":"//*[@id=\"__button587\"]"}
RESULT: {"using":"xpath","value":"//*[@id=\"__button587\"]"}
COMMAND: POST /session/9f4c84e4ae75e749cefc69cbdd96fe2c/elements - {"using":"xpath","value":"//*[@id=\"__button587\"]"}
RESULT: {"using":"xpath","value":"//*[@id=\"__button587\"]"}
COMMAND: POST /session/9f4c84e4ae75e749cefc69cbdd96fe2c/elements - {"using":"xpath","value":"//*[@id=\"__button587\"]"}
RESULT: {"using":"xpath","value":"//*[@id=\"__button587\"]"}
COMMAND: POST /session/9f4c84e4ae75e749cefc69cbdd96fe2c/elements - {"using":"xpath","value":"//*[@id=\"__button587\"]"}
RESULT: {"using":"xpath","value":"//*[@id=\"__button587\"]"}
COMMAND: POST /session/9f4c84e4ae75e749cefc69cbdd96fe2c/elements - {"using":"xpath","value":"//*[@id=\"__button587\"]"}
RESULT: {"using":"xpath","value":"//*[@id=\"__button587\"]"}
COMMAND: POST /session/9f4c84e4ae75e749cefc69cbdd96fe2c/elements - {"using":"xpath","value":"//*[@id=\"__button587\"]"}
RESULT: {"using":"xpath","value":"//*[@id=\"__button587\"]"}
COMMAND: POST /session/9f4c84e4ae75e749cefc69cbdd96fe2c/elements - {"using":"xpath","value":"//*[@id=\"__button587\"]"}
RESULT: {"using":"xpath","value":"//*[@id=\"__button587\"]"}
COMMAND: POST /session/9f4c84e4ae75e749cefc69cbdd96fe2c/elements - {"using":"xpath","value":"//*[@id=\"__button587\"]"}
RESULT: {"using":"xpath","value":"//*[@id=\"__button587\"]"}
COMMAND: POST /session/9f4c84e4ae75e749cefc69cbdd96fe2c/elements - {"using":"xpath","value":"//*[@id=\"__button587\"]"}
RESULT: {"using":"xpath","value":"//*[@id=\"__button587\"]"}
COMMAND: POST /session/9f4c84e4ae75e749cefc69cbdd96fe2c/elements - {"using":"xpath","value":"//*[@id=\"__button587\"]"}
RESULT: {"using":"xpath","value":"//*[@id=\"__button587\"]"}
COMMAND: POST /session/9f4c84e4ae75e749cefc69cbdd96fe2c/elements - {"using":"xpath","value":"//*[@id=\"__button587\"]"}
RESULT: {"using":"xpath","value":"//*[@id=\"__button587\"]"}
COMMAND: POST /session/9f4c84e4ae75e749cefc69cbdd96fe2c/elements - {"using":"xpath","value":"//*[@id=\"__button587\"]"}
RESULT: {"using":"xpath","value":"//*[@id=\"__button587\"]"}
COMMAND: POST /session/9f4c84e4ae75e749cefc69cbdd96fe2c/elements - {"using":"xpath","value":"//*[@id=\"__button587\"]"}
RESULT: {"using":"xpath","value":"//*[@id=\"__button587\"]"}
COMMAND: POST /session/9f4c84e4ae75e749cefc69cbdd96fe2c/elements - {"using":"xpath","value":"//*[@id=\"__button587\"]"}
RESULT: {"using":"xpath","value":"//*[@id=\"__button587\"]"}
COMMAND: POST /session/9f4c84e4ae75e749cefc69cbdd96fe2c/elements - {"using":"xpath","value":"//*[@id=\"__button587\"]"}
RESULT: {"using":"xpath","value":"//*[@id=\"__button587\"]"}
COMMAND: POST /session/9f4c84e4ae75e749cefc69cbdd96fe2c/elements - {"using":"xpath","value":"//*[@id=\"__button587\"]"}
RESULT: {"using":"xpath","value":"//*[@id=\"__button587\"]"}
COMMAND: POST /session/9f4c84e4ae75e749cefc69cbdd96fe2c/elements - {"using":"xpath","value":"//*[@id=\"__button587\"]"}
RESULT: {"using":"xpath","value":"//*[@id=\"__button587\"]"}
COMMAND: POST /session/9f4c84e4ae75e749cefc69cbdd96fe2c/elements - {"using":"xpath","value":"//*[@id=\"__button587\"]"}
RESULT: {"using":"xpath","value":"//*[@id=\"__button587\"]"}
COMMAND: POST /session/9f4c84e4ae75e749cefc69cbdd96fe2c/elements - {"using":"xpath","value":"//*[@id=\"__button587\"]"}
RESULT: {"using":"xpath","value":"//*[@id=\"__button587\"]"}
COMMAND: POST /session/9f4c84e4ae75e749cefc69cbdd96fe2c/elements - {"using":"xpath","value":"//*[@id=\"__button587\"]"}
RESULT: {"using":"xpath","value":"//*[@id=\"__button587\"]"}
COMMAND: POST /session/9f4c84e4ae75e749cefc69cbdd96fe2c/elements - {"using":"xpath","value":"//*[@id=\"__button587\"]"}
RESULT: {"using":"xpath","value":"//*[@id=\"__button587\"]"}
COMMAND: POST /session/9f4c84e4ae75e749cefc69cbdd96fe2c/elements - {"using":"xpath","value":"//*[@id=\"__button587\"]"}
RESULT: {"using":"xpath","value":"//*[@id=\"__button587\"]"}
COMMAND: POST /session/9f4c84e4ae75e749cefc69cbdd96fe2c/elements - {"using":"xpath","value":"//*[@id=\"__button587\"]"}
RESULT: {"using":"xpath","value":"//*[@id=\"__button587\"]"}
COMMAND: POST /session/9f4c84e4ae75e749cefc69cbdd96fe2c/elements - {"using":"xpath","value":"//*[@id=\"__button587\"]"}
RESULT: {"using":"xpath","value":"//*[@id=\"__button587\"]"}
COMMAND: POST /session/9f4c84e4ae75e749cefc69cbdd96fe2c/elements - {"using":"xpath","value":"//*[@id=\"__button587\"]"}
RESULT: {"using":"xpath","value":"//*[@id=\"__button587\"]"}
COMMAND: POST /session/9f4c84e4ae75e749cefc69cbdd96fe2c/elements - {"using":"xpath","value":"//*[@id=\"__button587\"]"}
RESULT: {"using":"xpath","value":"//*[@id=\"__button587\"]"}
COMMAND: POST /session/9f4c84e4ae75e749cefc69cbdd96fe2c/elements - {"using":"xpath","value":"//*[@id=\"__button587\"]"}
RESULT: {"using":"xpath","value":"//*[@id=\"__button587\"]"}
COMMAND: POST /session/9f4c84e4ae75e749cefc69cbdd96fe2c/elements - {"using":"xpath","value":"//*[@id=\"__button587\"]"}
RESULT: {"using":"xpath","value":"//*[@id=\"__button587\"]"}
COMMAND: POST /session/9f4c84e4ae75e749cefc69cbdd96fe2c/elements - {"using":"xpath","value":"//*[@id=\"__button587\"]"}
RESULT: {"using":"xpath","value":"//*[@id=\"__button587\"]"}
COMMAND: POST /session/9f4c84e4ae75e749cefc69cbdd96fe2c/elements - {"using":"xpath","value":"//*[@id=\"__button587\"]"}
RESULT: {"using":"xpath","value":"//*[@id=\"__button587\"]"}
COMMAND: POST /session/9f4c84e4ae75e749cefc69cbdd96fe2c/elements - {"using":"xpath","value":"//*[@id=\"__button587\"]"}
RESULT: {"using":"xpath","value":"//*[@id=\"__button587\"]"}
COMMAND: POST /session/9f4c84e4ae75e749cefc69cbdd96fe2c/elements - {"using":"xpath","value":"//*[@id=\"__button587\"]"}
RESULT: {"using":"xpath","value":"//*[@id=\"__button587\"]"}
COMMAND: POST /session/9f4c84e4ae75e749cefc69cbdd96fe2c/elements - {"using":"xpath","value":"//*[@id=\"__button587\"]"}
RESULT: {"using":"xpath","value":"//*[@id=\"__button587\"]"}
COMMAND: POST /session/9f4c84e4ae75e749cefc69cbdd96fe2c/elements - {"using":"xpath","value":"//*[@id=\"__button587\"]"}
RESULT: {"using":"xpath","value":"//*[@id=\"__button587\"]"}
COMMAND: POST /session/9f4c84e4ae75e749cefc69cbdd96fe2c/elements - {"using":"xpath","value":"//*[@id=\"__button587\"]"}
RESULT: {"using":"xpath","value":"//*[@id=\"__button587\"]"}
COMMAND: POST /session/9f4c84e4ae75e749cefc69cbdd96fe2c/elements - {"using":"xpath","value":"//*[@id=\"__button587\"]"}
RESULT: {"using":"xpath","value":"//*[@id=\"__button587\"]"}
COMMAND: POST /session/9f4c84e4ae75e749cefc69cbdd96fe2c/elements - {"using":"xpath","value":"//*[@id=\"__button587\"]"}
RESULT: {"using":"xpath","value":"//*[@id=\"__button587\"]"}
COMMAND: POST /session/9f4c84e4ae75e749cefc69cbdd96fe2c/elements - {"using":"xpath","value":"//*[@id=\"__button587\"]"}
RESULT: {"using":"xpath","value":"//*[@id=\"__button587\"]"}
COMMAND: POST /session/9f4c84e4ae75e749cefc69cbdd96fe2c/elements - {"using":"xpath","value":"//*[@id=\"__button587\"]"}
RESULT: {"using":"xpath","value":"//*[@id=\"__button587\"]"}
COMMAND: POST /session/9f4c84e4ae75e749cefc69cbdd96fe2c/elements - {"using":"xpath","value":"//*[@id=\"__button587\"]"}
RESULT: {"using":"xpath","value":"//*[@id=\"__button587\"]"}
COMMAND: POST /session/9f4c84e4ae75e749cefc69cbdd96fe2c/elements - {"using":"xpath","value":"//*[@id=\"__button587\"]"}
RESULT: {"using":"xpath","value":"//*[@id=\"__button587\"]"}
COMMAND: POST /session/9f4c84e4ae75e749cefc69cbdd96fe2c/elements - {"using":"xpath","value":"//*[@id=\"__button587\"]"}
RESULT: {"using":"xpath","value":"//*[@id=\"__button587\"]"}
COMMAND: POST /session/9f4c84e4ae75e749cefc69cbdd96fe2c/elements - {"using":"xpath","value":"//*[@id=\"__button587\"]"}
RESULT: {"using":"xpath","value":"//*[@id=\"__button587\"]"}
COMMAND: POST /session/9f4c84e4ae75e749cefc69cbdd96fe2c/elements - {"using":"xpath","value":"//*[@id=\"__button587\"]"}
RESULT: {"using":"xpath","value":"//*[@id=\"__button587\"]"}
COMMAND: POST /session/9f4c84e4ae75e749cefc69cbdd96fe2c/elements - {"using":"xpath","value":"//*[@id=\"__button587\"]"}
RESULT: {"using":"xpath","value":"//*[@id=\"__button587\"]"}
COMMAND: POST /session/9f4c84e4ae75e749cefc69cbdd96fe2c/elements - {"using":"xpath","value":"//*[@id=\"__button587\"]"}
RESULT: {"using":"xpath","value":"//*[@id=\"__button587\"]"}
COMMAND: POST /session/9f4c84e4ae75e749cefc69cbdd96fe2c/elements - {"using":"xpath","value":"//*[@id=\"__button587\"]"}
RESULT: {"using":"xpath","value":"//*[@id=\"__button587\"]"}
COMMAND: POST /session/9f4c84e4ae75e749cefc69cbdd96fe2c/elements - {"using":"xpath","value":"//*[@id=\"__button587\"]"}
RESULT: {"using":"xpath","value":"//*[@id=\"__button587\"]"}
COMMAND: POST /session/9f4c84e4ae75e749cefc69cbdd96fe2c/elements - {"using":"xpath","value":"//*[@id=\"__button587\"]"}
RESULT: {"using":"xpath","value":"//*[@id=\"__button587\"]"}
COMMAND: POST /session/9f4c84e4ae75e749cefc69cbdd96fe2c/elements - {"using":"xpath","value":"//*[@id=\"__button587\"]"}
RESULT: {"using":"xpath","value":"//*[@id=\"__button587\"]"}
COMMAND: POST /session/9f4c84e4ae75e749cefc69cbdd96fe2c/elements - {"using":"xpath","value":"//*[@id=\"__button587\"]"}
RESULT: {"using":"xpath","value":"//*[@id=\"__button587\"]"}
COMMAND: POST /session/9f4c84e4ae75e749cefc69cbdd96fe2c/elements - {"using":"xpath","value":"//*[@id=\"__button587\"]"}
RESULT: {"using":"xpath","value":"//*[@id=\"__button587\"]"}
COMMAND: POST /session/9f4c84e4ae75e749cefc69cbdd96fe2c/elements - {"using":"xpath","value":"//*[@id=\"__button587\"]"}
RESULT: {"using":"xpath","value":"//*[@id=\"__button587\"]"}
COMMAND: POST /session/9f4c84e4ae75e749cefc69cbdd96fe2c/elements - {"using":"xpath","value":"//*[@id=\"__button587\"]"}
RESULT: {"using":"xpath","value":"//*[@id=\"__button587\"]"}
COMMAND: POST /session/9f4c84e4ae75e749cefc69cbdd96fe2c/elements - {"using":"xpath","value":"//*[@id=\"__button587\"]"}
RESULT: {"using":"xpath","value":"//*[@id=\"__button587\"]"}
COMMAND: POST /session/9f4c84e4ae75e749cefc69cbdd96fe2c/elements - {"using":"xpath","value":"//*[@id=\"__button587\"]"}
RESULT: {"using":"xpath","value":"//*[@id=\"__button587\"]"}
COMMAND: POST /session/9f4c84e4ae75e749cefc69cbdd96fe2c/elements - {"using":"xpath","value":"//*[@id=\"__button587\"]"}
RESULT: {"using":"xpath","value":"//*[@id=\"__button587\"]"}
COMMAND: POST /session/9f4c84e4ae75e749cefc69cbdd96fe2c/elements - {"using":"xpath","value":"//*[@id=\"__button587\"]"}
RESULT: {"using":"xpath","value":"//*[@id=\"__button587\"]"}
COMMAND: POST /session/9f4c84e4ae75e749cefc69cbdd96fe2c/elements - {"using":"xpath","value":"//*[@id=\"__button587\"]"}
RESULT: {"using":"xpath","value":"//*[@id=\"__button587\"]"}
COMMAND: POST /session/9f4c84e4ae75e749cefc69cbdd96fe2c/elements - {"using":"xpath","value":"//*[@id=\"__button587\"]"}
RESULT: {"using":"xpath","value":"//*[@id=\"__button587\"]"}
COMMAND: POST /session/9f4c84e4ae75e749cefc69cbdd96fe2c/elements - {"using":"xpath","value":"//*[@id=\"__button587\"]"}
RESULT: {"using":"xpath","value":"//*[@id=\"__button587\"]"}
COMMAND: POST /session/9f4c84e4ae75e749cefc69cbdd96fe2c/elements - {"using":"xpath","value":"//*[@id=\"__button587\"]"}
RESULT: {"using":"xpath","value":"//*[@id=\"__button587\"]"}
COMMAND: POST /session/9f4c84e4ae75e749cefc69cbdd96fe2c/elements - {"using":"xpath","value":"//*[@id=\"__button587\"]"}
RESULT: {"using":"xpath","value":"//*[@id=\"__button587\"]"}
COMMAND: POST /session/9f4c84e4ae75e749cefc69cbdd96fe2c/elements - {"using":"xpath","value":"//*[@id=\"__button587\"]"}
RESULT: {"using":"xpath","value":"//*[@id=\"__button587\"]"}
COMMAND: POST /session/9f4c84e4ae75e749cefc69cbdd96fe2c/elements - {"using":"xpath","value":"//*[@id=\"__button587\"]"}
RESULT: {"using":"xpath","value":"//*[@id=\"__button587\"]"}
COMMAND: POST /session/9f4c84e4ae75e749cefc69cbdd96fe2c/elements - {"using":"xpath","value":"//*[@id=\"__button587\"]"}
RESULT: {"using":"xpath","value":"//*[@id=\"__button587\"]"}
COMMAND: POST /session/9f4c84e4ae75e749cefc69cbdd96fe2c/elements - {"using":"xpath","value":"//*[@id=\"__button587\"]"}
RESULT: {"using":"xpath","value":"//*[@id=\"__button587\"]"}
COMMAND: POST /session/9f4c84e4ae75e749cefc69cbdd96fe2c/elements - {"using":"xpath","value":"//*[@id=\"__button587\"]"}
RESULT: {"using":"xpath","value":"//*[@id=\"__button587\"]"}
COMMAND: POST /session/9f4c84e4ae75e749cefc69cbdd96fe2c/elements - {"using":"xpath","value":"//*[@id=\"__button587\"]"}
RESULT: {"using":"xpath","value":"//*[@id=\"__button587\"]"}
COMMAND: POST /session/9f4c84e4ae75e749cefc69cbdd96fe2c/elements - {"using":"xpath","value":"//*[@id=\"__button587\"]"}
RESULT: {"using":"xpath","value":"//*[@id=\"__button587\"]"}
COMMAND: POST /session/9f4c84e4ae75e749cefc69cbdd96fe2c/elements - {"using":"xpath","value":"//*[@id=\"__button587\"]"}
RESULT: {"using":"xpath","value":"//*[@id=\"__button587\"]"}
COMMAND: POST /session/9f4c84e4ae75e749cefc69cbdd96fe2c/elements - {"using":"xpath","value":"//*[@id=\"__button587\"]"}
RESULT: {"using":"xpath","value":"//*[@id=\"__button587\"]"}
COMMAND: POST /session/9f4c84e4ae75e749cefc69cbdd96fe2c/elements - {"using":"xpath","value":"//*[@id=\"__button587\"]"}
RESULT: {"using":"xpath","value":"//*[@id=\"__button587\"]"}
COMMAND: POST /session/9f4c84e4ae75e749cefc69cbdd96fe2c/elements - {"using":"xpath","value":"//*[@id=\"__button587\"]"}
RESULT: {"using":"xpath","value":"//*[@id=\"__button587\"]"}
COMMAND: POST /session/9f4c84e4ae75e749cefc69cbdd96fe2c/elements - {"using":"xpath","value":"//*[@id=\"__button587\"]"}
RESULT: {"using":"xpath","value":"//*[@id=\"__button587\"]"}
COMMAND: POST /session/9f4c84e4ae75e749cefc69cbdd96fe2c/elements - {"using":"xpath","value":"//*[@id=\"__button587\"]"}
RESULT: {"using":"xpath","value":"//*[@id=\"__button587\"]"}
COMMAND: POST /session/9f4c84e4ae75e749cefc69cbdd96fe2c/elements - {"using":"xpath","value":"//*[@id=\"__button587\"]"}
RESULT: {"using":"xpath","value":"//*[@id=\"__button587\"]"}
COMMAND: POST /session/9f4c84e4ae75e749cefc69cbdd96fe2c/elements - {"using":"xpath","value":"//*[@id=\"__button587\"]"}
RESULT: {"using":"xpath","value":"//*[@id=\"__button587\"]"}
COMMAND: POST /session/9f4c84e4ae75e749cefc69cbdd96fe2c/elements - {"using":"xpath","value":"//*[@id=\"__button587\"]"}
RESULT: {"using":"xpath","value":"//*[@id=\"__button587\"]"}
COMMAND: POST /session/9f4c84e4ae75e749cefc69cbdd96fe2c/elements - {"using":"xpath","value":"//*[@id=\"__button587\"]"}
RESULT: {"using":"xpath","value":"//*[@id=\"__button587\"]"}
COMMAND: POST /session/9f4c84e4ae75e749cefc69cbdd96fe2c/elements - {"using":"xpath","value":"//*[@id=\"__button587\"]"}
RESULT: {"using":"xpath","value":"//*[@id=\"__button587\"]"}
COMMAND: POST /session/9f4c84e4ae75e749cefc69cbdd96fe2c/elements - {"using":"xpath","value":"//*[@id=\"__button587\"]"}
RESULT: {"using":"xpath","value":"//*[@id=\"__button587\"]"}
COMMAND: POST /session/9f4c84e4ae75e749cefc69cbdd96fe2c/elements - {"using":"xpath","value":"//*[@id=\"__button587\"]"}
RESULT: {"using":"xpath","value":"//*[@id=\"__button587\"]"}
COMMAND: POST /session/9f4c84e4ae75e749cefc69cbdd96fe2c/elements - {"using":"xpath","value":"//*[@id=\"__button587\"]"}
RESULT: {"using":"xpath","value":"//*[@id=\"__button587\"]"}
COMMAND: POST /session/9f4c84e4ae75e749cefc69cbdd96fe2c/elements - {"using":"xpath","value":"//*[@id=\"__button587\"]"}
RESULT: {"using":"xpath","value":"//*[@id=\"__button587\"]"}
COMMAND: POST /session/9f4c84e4ae75e749cefc69cbdd96fe2c/elements - {"using":"xpath","value":"//*[@id=\"__button587\"]"}
RESULT: {"using":"xpath","value":"//*[@id=\"__button587\"]"}
COMMAND: POST /session/9f4c84e4ae75e749cefc69cbdd96fe2c/elements - {"using":"xpath","value":"//*[@id=\"__button587\"]"}
RESULT: {"using":"xpath","value":"//*[@id=\"__button587\"]"}
COMMAND: POST /session/9f4c84e4ae75e749cefc69cbdd96fe2c/elements - {"using":"xpath","value":"//*[@id=\"__button587\"]"}
RESULT: {"using":"xpath","value":"//*[@id=\"__button587\"]"}
COMMAND: POST /session/9f4c84e4ae75e749cefc69cbdd96fe2c/elements - {"using":"xpath","value":"//*[@id=\"__button587\"]"}
COMMAND: POST /session/9f4c84e4ae75e749cefc69cbdd96fe2c/element - {"using":"css selector","value":"#shell-header-logo"}
RESULT: {"using":"xpath","value":"//*[@id=\"__button587\"]"}
RESULT: {"using":"css selector","value":"#shell-header-logo"}
COMMAND: POST /session/9f4c84e4ae75e749cefc69cbdd96fe2c/execute/sync - {"script":"<script> [8489 bytes]","args":[{"element-6066-11e4-a52e-4f735466cecf":"f.92C64C74BFFB4A8B431616FE9F273F76.d.66367284FC8B839D30B4439610855947.e.13618","ELEMENT":"f.92C64C74BFFB4A8B431616FE9F273F76.d.66367284FC8B839D30B4439610855947.e.13618"}]}
RESULT: {"script":"<script> [8489 bytes]","args":[{"element-6066-11e4-a52e-4f735466cecf":"f.92C64C74BFFB4A8B431616FE9F273F76.d.66367284FC8B839D30B4439610855947.e.13618","ELEMENT":"f.92C64C74BFFB4A8B431616FE9F273F76.d.66367284FC8B839D30B4439610855947.e.13618"}]}
COMMAND: POST /session/9f4c84e4ae75e749cefc69cbdd96fe2c/execute/sync - {"script":"<script> [5351 bytes]","args":[{"element-6066-11e4-a52e-4f735466cecf":"f.92C64C74BFFB4A8B431616FE9F273F76.d.66367284FC8B839D30B4439610855947.e.13618","ELEMENT":"f.92C64C74BFFB4A8B431616FE9F273F76.d.66367284FC8B839D30B4439610855947.e.13618"}]}
COMMAND: GET /session/9f4c84e4ae75e749cefc69cbdd96fe2c/screenshot - {}
RESULT: {"script":"<script> [5351 bytes]","args":[{"element-6066-11e4-a52e-4f735466cecf":"f.92C64C74BFFB4A8B431616FE9F273F76.d.66367284FC8B839D30B4439610855947.e.13618","ELEMENT":"f.92C64C74BFFB4A8B431616FE9F273F76.d.66367284FC8B839D30B4439610855947.e.13618"}]}
COMMAND: POST /session/9f4c84e4ae75e749cefc69cbdd96fe2c/element/f.92C64C74BFFB4A8B431616FE9F273F76.d.66367284FC8B839D30B4439610855947.e.13618/click - {}
COMMAND: GET /session/9f4c84e4ae75e749cefc69cbdd96fe2c/screenshot - {}
RESULT: {}
RESULT: {}
]]></system-out>
    </testcase>
    <testcase classname="chrome.136_0_7103_93.windows.Create_master_data_for_mixed_billing_&amp;_do_billing_calculation_US151661" name="Should go to Manage Billings and trigger calculation check the conditions applied" time="83.529">
      <system-out><![CDATA[
COMMAND: POST /session/9f4c84e4ae75e749cefc69cbdd96fe2c/execute/async - {"script":"<script> [1562 bytes]","args":[{"selector":{"controlType":"sap.m.GenericTile","properties":{"header":"Manage Billings"}},"wdio_ui5_key":"sapm.GenericTile{\"header\":\"Manage Billings\"}"}]}
COMMAND: GET /session/9f4c84e4ae75e749cefc69cbdd96fe2c/screenshot - {}
RESULT: {}
RESULT: {"script":"<script> [1562 bytes]","args":[{"selector":{"controlType":"sap.m.GenericTile","properties":{"header":"Manage Billings"}},"wdio_ui5_key":"sapm.GenericTile{\"header\":\"Manage Billings\"}"}]}
RESULT: undefined
COMMAND: POST /session/9f4c84e4ae75e749cefc69cbdd96fe2c/element - {"using":"xpath","value":"//*[@id=\"__tile51\"]"}
RESULT: {}
RESULT: {"using":"xpath","value":"//*[@id=\"__tile51\"]"}
COMMAND: POST /session/9f4c84e4ae75e749cefc69cbdd96fe2c/element/f.92C64C74BFFB4A8B431616FE9F273F76.d.66367284FC8B839D30B4439610855947.e.6393/click - {}
RESULT: {}
COMMAND: GET /session/9f4c84e4ae75e749cefc69cbdd96fe2c/screenshot - {}
RESULT: {}
COMMAND: POST /session/9f4c84e4ae75e749cefc69cbdd96fe2c/elements - {"using":"xpath","value":"//span[text()='Error']"}
RESULT: {"using":"xpath","value":"//span[text()='Error']"}
COMMAND: POST /session/9f4c84e4ae75e749cefc69cbdd96fe2c/execute/async - {"script":"<script> [1562 bytes]","args":[{"selector":{"id":"application-managebillings-display-component---billRunCalcResult--smartFilterBar-btnBasicSearch","interaction":{"idSuffix":"I"}},"wdio_ui5_key":"applicationmanagebillings-display-component---billRunCalcResult--smartFilterBar-btnBasicSearch"}]}
RESULT: {"script":"<script> [1562 bytes]","args":[{"selector":{"id":"application-managebillings-display-component---billRunCalcResult--smartFilterBar-btnBasicSearch","interaction":{"idSuffix":"I"}},"wdio_ui5_key":"applicationmanagebillings-display-component---billRunCalcResult--smartFilterBar-btnBasicSearch"}]}
RESULT: undefined
COMMAND: POST /session/9f4c84e4ae75e749cefc69cbdd96fe2c/execute/async - {"script":"<script> [776 bytes]","args":[{"enterText":"10348","selector":{"id":"application-managebillings-display-component---billRunCalcResult--smartFilterBar-btnBasicSearch","interaction":{"idSuffix":"I"}},"clearTextFirst":true,"interactionType":"ENTER_TEXT"}]}
RESULT: {"script":"<script> [776 bytes]","args":[{"enterText":"10348","selector":{"id":"application-managebillings-display-component---billRunCalcResult--smartFilterBar-btnBasicSearch","interaction":{"idSuffix":"I"}},"clearTextFirst":true,"interactionType":"ENTER_TEXT"}]}
COMMAND: POST /session/9f4c84e4ae75e749cefc69cbdd96fe2c/actions - {"actions":[{"id":"action50","type":"key","parameters":{},"actions":[{"type":"keyDown","value":""},{"type":"pause","duration":10},{"type":"keyUp","value":""}]}]}
RESULT: {"actions":[{"id":"action50","type":"key","parameters":{},"actions":[{"type":"keyDown","value":""},{"type":"pause","duration":10},{"type":"keyUp","value":""}]}]}
COMMAND: GET /session/9f4c84e4ae75e749cefc69cbdd96fe2c/screenshot - {}
RESULT: {}
COMMAND: POST /session/9f4c84e4ae75e749cefc69cbdd96fe2c/element - {"using":"xpath","value":"//td[@aria-colindex=\"1\"]/div/div[contains(@class, \"sapMCbBg\")]"}
RESULT: {"using":"xpath","value":"//td[@aria-colindex=\"1\"]/div/div[contains(@class, \"sapMCbBg\")]"}
COMMAND: POST /session/9f4c84e4ae75e749cefc69cbdd96fe2c/element/f.92C64C74BFFB4A8B431616FE9F273F76.d.66367284FC8B839D30B4439610855947.e.14128/click - {}
RESULT: {}
COMMAND: GET /session/9f4c84e4ae75e749cefc69cbdd96fe2c/screenshot - {}
RESULT: {}
COMMAND: POST /session/9f4c84e4ae75e749cefc69cbdd96fe2c/execute/async - {"script":"<script> [1562 bytes]","args":[{"selector":{"id":"application-managebillings-display-component---billRunCalcResult--contractBillRunDate","interaction":{"idSuffix":"inner"}},"wdio_ui5_key":"applicationmanagebillings-display-component---billRunCalcResult--contractBillRunDate"}]}
RESULT: {"script":"<script> [1562 bytes]","args":[{"selector":{"id":"application-managebillings-display-component---billRunCalcResult--contractBillRunDate","interaction":{"idSuffix":"inner"}},"wdio_ui5_key":"applicationmanagebillings-display-component---billRunCalcResult--contractBillRunDate"}]}
RESULT: undefined
COMMAND: POST /session/9f4c84e4ae75e749cefc69cbdd96fe2c/execute/async - {"script":"<script> [776 bytes]","args":[{"enterText":"6/28/25","selector":{"id":"application-managebillings-display-component---billRunCalcResult--contractBillRunDate","interaction":{"idSuffix":"inner"}},"clearTextFirst":true,"interactionType":"ENTER_TEXT"}]}
RESULT: {"script":"<script> [776 bytes]","args":[{"enterText":"6/28/25","selector":{"id":"application-managebillings-display-component---billRunCalcResult--contractBillRunDate","interaction":{"idSuffix":"inner"}},"clearTextFirst":true,"interactionType":"ENTER_TEXT"}]}
COMMAND: POST /session/9f4c84e4ae75e749cefc69cbdd96fe2c/element - {"using":"xpath","value":"//bdi[contains(text(), \"Trigger Calculation\")]"}
RESULT: {"using":"xpath","value":"//bdi[contains(text(), \"Trigger Calculation\")]"}
COMMAND: POST /session/9f4c84e4ae75e749cefc69cbdd96fe2c/element/f.92C64C74BFFB4A8B431616FE9F273F76.d.66367284FC8B839D30B4439610855947.e.14149/click - {}
RESULT: {}
COMMAND: GET /session/9f4c84e4ae75e749cefc69cbdd96fe2c/screenshot - {}
RESULT: {}
COMMAND: POST /session/9f4c84e4ae75e749cefc69cbdd96fe2c/element - {"using":"xpath","value":"(//span[contains(@id, \"imgNav\")])[1]"}
RESULT: {"using":"xpath","value":"(//span[contains(@id, \"imgNav\")])[1]"}
COMMAND: POST /session/9f4c84e4ae75e749cefc69cbdd96fe2c/element/f.92C64C74BFFB4A8B431616FE9F273F76.d.66367284FC8B839D30B4439610855947.e.14142/click - {}
RESULT: {}
COMMAND: GET /session/9f4c84e4ae75e749cefc69cbdd96fe2c/screenshot - {}
RESULT: {}
COMMAND: POST /session/9f4c84e4ae75e749cefc69cbdd96fe2c/element - {"using":"xpath","value":"//tr/td[6]/div[1]/span[1]/span[1]"}
RESULT: {"using":"xpath","value":"//tr/td[6]/div[1]/span[1]/span[1]"}
COMMAND: GET /session/9f4c84e4ae75e749cefc69cbdd96fe2c/element/f.92C64C74BFFB4A8B431616FE9F273F76.d.66367284FC8B839D30B4439610855947.e.14153/text - {}
RESULT: {}
COMMAND: POST /session/9f4c84e4ae75e749cefc69cbdd96fe2c/element - {"using":"xpath","value":"(//span[contains(@id, \"imgNav\")])[2]"}
RESULT: {"using":"xpath","value":"(//span[contains(@id, \"imgNav\")])[2]"}
COMMAND: POST /session/9f4c84e4ae75e749cefc69cbdd96fe2c/element/f.92C64C74BFFB4A8B431616FE9F273F76.d.66367284FC8B839D30B4439610855947.e.14154/click - {}
RESULT: {}
COMMAND: POST /session/9f4c84e4ae75e749cefc69cbdd96fe2c/element - {"using":"xpath","value":"//bdi[contains(text(), \"Business Confirm\")]"}
COMMAND: GET /session/9f4c84e4ae75e749cefc69cbdd96fe2c/screenshot - {}
RESULT: {"using":"xpath","value":"//bdi[contains(text(), \"Business Confirm\")]"}
COMMAND: POST /session/9f4c84e4ae75e749cefc69cbdd96fe2c/elements - {"using":"xpath","value":"//bdi[contains(text(), \"Business Confirm\")]"}
RESULT: {}
RESULT: {"using":"xpath","value":"//bdi[contains(text(), \"Business Confirm\")]"}
COMMAND: POST /session/9f4c84e4ae75e749cefc69cbdd96fe2c/elements - {"using":"xpath","value":"//bdi[contains(text(), \"Business Confirm\")]"}
RESULT: {"using":"xpath","value":"//bdi[contains(text(), \"Business Confirm\")]"}
COMMAND: POST /session/9f4c84e4ae75e749cefc69cbdd96fe2c/element - {"using":"xpath","value":"//bdi[contains(text(), \"Business Confirm\")]"}
RESULT: {"using":"xpath","value":"//bdi[contains(text(), \"Business Confirm\")]"}
COMMAND: POST /session/9f4c84e4ae75e749cefc69cbdd96fe2c/element/f.92C64C74BFFB4A8B431616FE9F273F76.d.66367284FC8B839D30B4439610855947.e.14157/click - {}
RESULT: {}
COMMAND: POST /session/9f4c84e4ae75e749cefc69cbdd96fe2c/element - {"using":"css selector","value":"#shell-header-logo"}
COMMAND: GET /session/9f4c84e4ae75e749cefc69cbdd96fe2c/screenshot - {}
RESULT: {"using":"css selector","value":"#shell-header-logo"}
COMMAND: POST /session/9f4c84e4ae75e749cefc69cbdd96fe2c/element/f.92C64C74BFFB4A8B431616FE9F273F76.d.66367284FC8B839D30B4439610855947.e.13803/click - {}
RESULT: {}
RESULT: {}
COMMAND: GET /session/9f4c84e4ae75e749cefc69cbdd96fe2c/screenshot - {}
RESULT: {}
COMMAND: POST /session/9f4c84e4ae75e749cefc69cbdd96fe2c/element - {"using":"css selector","value":"#j_username"}
COMMAND: POST /session/9f4c84e4ae75e749cefc69cbdd96fe2c/url - {"url":"https://qa-testing-00-live-etm-ui.cfapps.eu10-004.hana.ondemand.com/"}
RESULT: {"using":"css selector","value":"#j_username"}
COMMAND: POST /session/9f4c84e4ae75e749cefc69cbdd96fe2c/element - {"using":"css selector","value":"#j_username"}
RESULT: {"url":"https://qa-testing-00-live-etm-ui.cfapps.eu10-004.hana.ondemand.com/"}
RESULT: undefined
COMMAND: GET /session/9f4c84e4ae75e749cefc69cbdd96fe2c/screenshot - {}
RESULT: {"using":"css selector","value":"#j_username"}
COMMAND: POST /session/9f4c84e4ae75e749cefc69cbdd96fe2c/element - {"using":"css selector","value":"#shell-header-logo"}
RESULT: {}
RESULT: {"using":"css selector","value":"#shell-header-logo"}
COMMAND: POST /session/9f4c84e4ae75e749cefc69cbdd96fe2c/execute/sync - {"script":"<script> [8489 bytes]","args":[{"element-6066-11e4-a52e-4f735466cecf":"f.92C64C74BFFB4A8B431616FE9F273F76.d.F000BD3E6260B81DB091D305FF7AF087.e.14237","ELEMENT":"f.92C64C74BFFB4A8B431616FE9F273F76.d.F000BD3E6260B81DB091D305FF7AF087.e.14237"}]}
RESULT: {"script":"<script> [8489 bytes]","args":[{"element-6066-11e4-a52e-4f735466cecf":"f.92C64C74BFFB4A8B431616FE9F273F76.d.F000BD3E6260B81DB091D305FF7AF087.e.14237","ELEMENT":"f.92C64C74BFFB4A8B431616FE9F273F76.d.F000BD3E6260B81DB091D305FF7AF087.e.14237"}]}
COMMAND: POST /session/9f4c84e4ae75e749cefc69cbdd96fe2c/element - {"using":"css selector","value":"#shell-header-logo"}
COMMAND: GET /session/9f4c84e4ae75e749cefc69cbdd96fe2c/screenshot - {}
RESULT: {"using":"css selector","value":"#shell-header-logo"}
COMMAND: POST /session/9f4c84e4ae75e749cefc69cbdd96fe2c/execute/sync - {"script":"<script> [8489 bytes]","args":[{"element-6066-11e4-a52e-4f735466cecf":"f.92C64C74BFFB4A8B431616FE9F273F76.d.F000BD3E6260B81DB091D305FF7AF087.e.14237","ELEMENT":"f.92C64C74BFFB4A8B431616FE9F273F76.d.F000BD3E6260B81DB091D305FF7AF087.e.14237"}]}
RESULT: {}
RESULT: {"script":"<script> [8489 bytes]","args":[{"element-6066-11e4-a52e-4f735466cecf":"f.92C64C74BFFB4A8B431616FE9F273F76.d.F000BD3E6260B81DB091D305FF7AF087.e.14237","ELEMENT":"f.92C64C74BFFB4A8B431616FE9F273F76.d.F000BD3E6260B81DB091D305FF7AF087.e.14237"}]}
COMMAND: POST /session/9f4c84e4ae75e749cefc69cbdd96fe2c/execute/sync - {"script":"<script> [5351 bytes]","args":[{"element-6066-11e4-a52e-4f735466cecf":"f.92C64C74BFFB4A8B431616FE9F273F76.d.F000BD3E6260B81DB091D305FF7AF087.e.14237","ELEMENT":"f.92C64C74BFFB4A8B431616FE9F273F76.d.F000BD3E6260B81DB091D305FF7AF087.e.14237"}]}
COMMAND: GET /session/9f4c84e4ae75e749cefc69cbdd96fe2c/screenshot - {}
RESULT: {"script":"<script> [5351 bytes]","args":[{"element-6066-11e4-a52e-4f735466cecf":"f.92C64C74BFFB4A8B431616FE9F273F76.d.F000BD3E6260B81DB091D305FF7AF087.e.14237","ELEMENT":"f.92C64C74BFFB4A8B431616FE9F273F76.d.F000BD3E6260B81DB091D305FF7AF087.e.14237"}]}
COMMAND: POST /session/9f4c84e4ae75e749cefc69cbdd96fe2c/element - {"using":"css selector","value":"#shell-header-logo"}
COMMAND: GET /session/9f4c84e4ae75e749cefc69cbdd96fe2c/screenshot - {}
RESULT: {}
RESULT: {"using":"css selector","value":"#shell-header-logo"}
COMMAND: POST /session/9f4c84e4ae75e749cefc69cbdd96fe2c/element/f.92C64C74BFFB4A8B431616FE9F273F76.d.F000BD3E6260B81DB091D305FF7AF087.e.14237/click - {}
RESULT: {}
RESULT: {}
COMMAND: GET /session/9f4c84e4ae75e749cefc69cbdd96fe2c/screenshot - {}
RESULT: {}
COMMAND: POST /session/9f4c84e4ae75e749cefc69cbdd96fe2c/execute/async - {"script":"<script> [189 bytes]","args":[]}
RESULT: {"script":"<script> [189 bytes]","args":[]}
COMMAND: POST /session/9f4c84e4ae75e749cefc69cbdd96fe2c/execute/async - {"script":"<script> [123 bytes]","args":[]}
RESULT: {"script":"<script> [123 bytes]","args":[]}
COMMAND: POST /session/9f4c84e4ae75e749cefc69cbdd96fe2c/timeouts - {"script":"<number>"}
RESULT: {"script":"<number>"}
COMMAND: GET /session/9f4c84e4ae75e749cefc69cbdd96fe2c/timeouts - {}
RESULT: {}
RESULT: undefined
COMMAND: POST /session/9f4c84e4ae75e749cefc69cbdd96fe2c/execute/async - {"script":"<script> [2676 bytes]","args":[]}
RESULT: {"script":"<script> [2676 bytes]","args":[]}
COMMAND: POST /session/9f4c84e4ae75e749cefc69cbdd96fe2c/execute/async - {"script":"<script> [2342 bytes]","args":[{"protocol":"http","hostname":"0.0.0.0","path":"/","capabilities":{"browserName":"chrome","goog:chromeOptions":{"binary":"C:\\Program Files\\Google\\Chrome\\Application\\chrome.exe","args":["--start-maximized"]}},"logLevel":"warn","connectionRetryTimeout":120000,"connectionRetryCount":3,"logLevels":{},"enableDirectConnect":true,"strictSSL":true,"_":"65 more keys: [\"cacheDir\",\"port\",\"requestedCapabilities\",\"automationProtocol\",\"baseUrl\",\"waitforInterval\",\"waitforTimeout\",\"onReload\",\"beforeCommand\",\"afterCommand\",\"rootDir\",\"specs\",\"suites\",\"exclude\",\"groupLogsByTestSpec\",\"excludeDriverLogs\",\"bail\",\"framework\",\"reporters\",\"services\",\"maxInstances\",\"maxInstancesPerCapability\",\"injectGlobals\",\"filesToWatch\",\"execArgv\",\"runnerEnv\",\"runner\",\"shard\",\"specFileRetries\",\"specFileRetriesDelay\",\"specFileRetriesDeferred\",\"reporterSyncInterval\",\"reporterSyncTimeout\",\"cucumberFeaturesWithLineNumbers\",\"autoCompileOpts\",\"mochaOpts\",\"jasmineOpts\",\"cucumberOpts\",\"onPrepare\",\"onWorkerStart\",\"onWorkerEnd\",\"before\",\"beforeSession\",\"beforeSuite\",\"beforeHook\",\"beforeTest\",\"afterTest\",\"afterHook\",\"afterSuite\",\"afterSession\",\"after\",\"onComplete\",\"beforeAssertion\",\"afterAssertion\",\"beforeFeature\",\"beforeScenario\",\"beforeStep\",\"afterStep\",\"afterScenario\",\"afterFeature\",\"_\",\"suite\",\"$0\",\"ignoredWorkerServices\",\"wdi5\"]"}]}
RESULT: {"script":"<script> [2342 bytes]","args":[{"protocol":"http","hostname":"0.0.0.0","path":"/","capabilities":{"browserName":"chrome","goog:chromeOptions":{"binary":"C:\\Program Files\\Google\\Chrome\\Application\\chrome.exe","args":["--start-maximized"]}},"logLevel":"warn","connectionRetryTimeout":120000,"connectionRetryCount":3,"logLevels":{},"enableDirectConnect":true,"strictSSL":true,"_":"65 more keys: [\"cacheDir\",\"port\",\"requestedCapabilities\",\"automationProtocol\",\"baseUrl\",\"waitforInterval\",\"waitforTimeout\",\"onReload\",\"beforeCommand\",\"afterCommand\",\"rootDir\",\"specs\",\"suites\",\"exclude\",\"groupLogsByTestSpec\",\"excludeDriverLogs\",\"bail\",\"framework\",\"reporters\",\"services\",\"maxInstances\",\"maxInstancesPerCapability\",\"injectGlobals\",\"filesToWatch\",\"execArgv\",\"runnerEnv\",\"runner\",\"shard\",\"specFileRetries\",\"specFileRetriesDelay\",\"specFileRetriesDeferred\",\"reporterSyncInterval\",\"reporterSyncTimeout\",\"cucumberFeaturesWithLineNumbers\",\"autoCompileOpts\",\"mochaOpts\",\"jasmineOpts\",\"cucumberOpts\",\"onPrepare\",\"onWorkerStart\",\"onWorkerEnd\",\"before\",\"beforeSession\",\"beforeSuite\",\"beforeHook\",\"beforeTest\",\"afterTest\",\"afterHook\",\"afterSuite\",\"afterSession\",\"after\",\"onComplete\",\"beforeAssertion\",\"afterAssertion\",\"beforeFeature\",\"beforeScenario\",\"beforeStep\",\"afterStep\",\"afterScenario\",\"afterFeature\",\"_\",\"suite\",\"$0\",\"ignoredWorkerServices\",\"wdi5\"]"}]}
COMMAND: POST /session/9f4c84e4ae75e749cefc69cbdd96fe2c/execute/async - {"script":"<script> [21126 bytes]","args":[35000]}
RESULT: {"script":"<script> [21126 bytes]","args":[35000]}
COMMAND: POST /session/9f4c84e4ae75e749cefc69cbdd96fe2c/window/maximize - {}
RESULT: {}
COMMAND: POST /session/9f4c84e4ae75e749cefc69cbdd96fe2c/execute/async - {"script":"<script> [1562 bytes]","args":[{"selector":{"id":"shell-header","interaction":{"idSuffix":"icon"}},"wdio_ui5_key":"shellheader"}]}
COMMAND: GET /session/9f4c84e4ae75e749cefc69cbdd96fe2c/screenshot - {}
RESULT: {"script":"<script> [1562 bytes]","args":[{"selector":{"id":"shell-header","interaction":{"idSuffix":"icon"}},"wdio_ui5_key":"shellheader"}]}
RESULT: undefined
COMMAND: POST /session/9f4c84e4ae75e749cefc69cbdd96fe2c/refresh - {}
RESULT: {}
RESULT: {}
COMMAND: GET /session/9f4c84e4ae75e749cefc69cbdd96fe2c/screenshot - {}
RESULT: {}
COMMAND: POST /session/9f4c84e4ae75e749cefc69cbdd96fe2c/refresh - {}
RESULT: {}
COMMAND: GET /session/9f4c84e4ae75e749cefc69cbdd96fe2c/screenshot - {}
RESULT: {}
COMMAND: POST /session/9f4c84e4ae75e749cefc69cbdd96fe2c/window/fullscreen - {}
RESULT: {}
COMMAND: POST /session/9f4c84e4ae75e749cefc69cbdd96fe2c/execute/async - {"script":"<script> [189 bytes]","args":[]}
RESULT: {"script":"<script> [189 bytes]","args":[]}
COMMAND: POST /session/9f4c84e4ae75e749cefc69cbdd96fe2c/execute/async - {"script":"<script> [123 bytes]","args":[]}
RESULT: {"script":"<script> [123 bytes]","args":[]}
COMMAND: POST /session/9f4c84e4ae75e749cefc69cbdd96fe2c/timeouts - {"script":"<number>"}
RESULT: {"script":"<number>"}
COMMAND: GET /session/9f4c84e4ae75e749cefc69cbdd96fe2c/timeouts - {}
RESULT: {}
RESULT: undefined
COMMAND: POST /session/9f4c84e4ae75e749cefc69cbdd96fe2c/execute/async - {"script":"<script> [2676 bytes]","args":[]}
RESULT: {"script":"<script> [2676 bytes]","args":[]}
COMMAND: POST /session/9f4c84e4ae75e749cefc69cbdd96fe2c/execute/async - {"script":"<script> [2342 bytes]","args":[{"protocol":"http","hostname":"0.0.0.0","path":"/","capabilities":{"browserName":"chrome","goog:chromeOptions":{"binary":"C:\\Program Files\\Google\\Chrome\\Application\\chrome.exe","args":["--start-maximized"]}},"logLevel":"warn","connectionRetryTimeout":120000,"connectionRetryCount":3,"logLevels":{},"enableDirectConnect":true,"strictSSL":true,"_":"65 more keys: [\"cacheDir\",\"port\",\"requestedCapabilities\",\"automationProtocol\",\"baseUrl\",\"waitforInterval\",\"waitforTimeout\",\"onReload\",\"beforeCommand\",\"afterCommand\",\"rootDir\",\"specs\",\"suites\",\"exclude\",\"groupLogsByTestSpec\",\"excludeDriverLogs\",\"bail\",\"framework\",\"reporters\",\"services\",\"maxInstances\",\"maxInstancesPerCapability\",\"injectGlobals\",\"filesToWatch\",\"execArgv\",\"runnerEnv\",\"runner\",\"shard\",\"specFileRetries\",\"specFileRetriesDelay\",\"specFileRetriesDeferred\",\"reporterSyncInterval\",\"reporterSyncTimeout\",\"cucumberFeaturesWithLineNumbers\",\"autoCompileOpts\",\"mochaOpts\",\"jasmineOpts\",\"cucumberOpts\",\"onPrepare\",\"onWorkerStart\",\"onWorkerEnd\",\"before\",\"beforeSession\",\"beforeSuite\",\"beforeHook\",\"beforeTest\",\"afterTest\",\"afterHook\",\"afterSuite\",\"afterSession\",\"after\",\"onComplete\",\"beforeAssertion\",\"afterAssertion\",\"beforeFeature\",\"beforeScenario\",\"beforeStep\",\"afterStep\",\"afterScenario\",\"afterFeature\",\"_\",\"suite\",\"$0\",\"ignoredWorkerServices\",\"wdi5\"]"}]}
RESULT: {"script":"<script> [2342 bytes]","args":[{"protocol":"http","hostname":"0.0.0.0","path":"/","capabilities":{"browserName":"chrome","goog:chromeOptions":{"binary":"C:\\Program Files\\Google\\Chrome\\Application\\chrome.exe","args":["--start-maximized"]}},"logLevel":"warn","connectionRetryTimeout":120000,"connectionRetryCount":3,"logLevels":{},"enableDirectConnect":true,"strictSSL":true,"_":"65 more keys: [\"cacheDir\",\"port\",\"requestedCapabilities\",\"automationProtocol\",\"baseUrl\",\"waitforInterval\",\"waitforTimeout\",\"onReload\",\"beforeCommand\",\"afterCommand\",\"rootDir\",\"specs\",\"suites\",\"exclude\",\"groupLogsByTestSpec\",\"excludeDriverLogs\",\"bail\",\"framework\",\"reporters\",\"services\",\"maxInstances\",\"maxInstancesPerCapability\",\"injectGlobals\",\"filesToWatch\",\"execArgv\",\"runnerEnv\",\"runner\",\"shard\",\"specFileRetries\",\"specFileRetriesDelay\",\"specFileRetriesDeferred\",\"reporterSyncInterval\",\"reporterSyncTimeout\",\"cucumberFeaturesWithLineNumbers\",\"autoCompileOpts\",\"mochaOpts\",\"jasmineOpts\",\"cucumberOpts\",\"onPrepare\",\"onWorkerStart\",\"onWorkerEnd\",\"before\",\"beforeSession\",\"beforeSuite\",\"beforeHook\",\"beforeTest\",\"afterTest\",\"afterHook\",\"afterSuite\",\"afterSession\",\"after\",\"onComplete\",\"beforeAssertion\",\"afterAssertion\",\"beforeFeature\",\"beforeScenario\",\"beforeStep\",\"afterStep\",\"afterScenario\",\"afterFeature\",\"_\",\"suite\",\"$0\",\"ignoredWorkerServices\",\"wdi5\"]"}]}
COMMAND: POST /session/9f4c84e4ae75e749cefc69cbdd96fe2c/execute/async - {"script":"<script> [21126 bytes]","args":[35000]}
RESULT: {"script":"<script> [21126 bytes]","args":[35000]}
]]></system-out>
    </testcase>
  </testsuite>
  <testsuite timestamp="2025-05-28T17:50:16" time="830.755" tests="13" failures="0" errors="0" skipped="0">
    <properties>
      <property name="specId" value="0"/>
      <property name="suiteName" value="Performance based billing (work days) US139742"/>
      <property name="capabilities" value="chrome.136_0_7103_93.windows"/>
      <property name="file" value="file:///D:/a/1/s/test/specs/BTS/billing-performance-workdays.spec.js"/>
    </properties>
    <testcase classname="chrome.136_0_7103_93.windows.Performance_based_billing_(work_days)_US139742" name="Should create a new yard" time="0.014">
      <system-out><![CDATA[
COMMAND: POST /session/9f4c84e4ae75e749cefc69cbdd96fe2c/window/fullscreen - {}
RESULT: {}
]]></system-out>
    </testcase>
    <testcase classname="chrome.136_0_7103_93.windows.Performance_based_billing_(work_days)_US139742" name="Should create a new partner" time="0.005"/>
    <testcase classname="chrome.136_0_7103_93.windows.Performance_based_billing_(work_days)_US139742" name="Should create a new site" time="0.004"/>
    <testcase classname="chrome.136_0_7103_93.windows.Performance_based_billing_(work_days)_US139742" name="Should do prerequisite steps add equipment" time="146.236">
      <system-out><![CDATA[
COMMAND: POST /session/9f4c84e4ae75e749cefc69cbdd96fe2c/execute/async - {"script":"<script> [1562 bytes]","args":[{"selector":{"controlType":"sap.m.GenericTile","properties":{"header":"Manage Resources"}},"wdio_ui5_key":"sapm.GenericTile{\"header\":\"Manage Resources\"}"}]}
RESULT: {"script":"<script> [1562 bytes]","args":[{"selector":{"controlType":"sap.m.GenericTile","properties":{"header":"Manage Resources"}},"wdio_ui5_key":"sapm.GenericTile{\"header\":\"Manage Resources\"}"}]}
RESULT: undefined
COMMAND: POST /session/9f4c84e4ae75e749cefc69cbdd96fe2c/element - {"using":"xpath","value":"//*[@id=\"__tile39\"]"}
RESULT: {"using":"xpath","value":"//*[@id=\"__tile39\"]"}
COMMAND: POST /session/9f4c84e4ae75e749cefc69cbdd96fe2c/element/f.92C64C74BFFB4A8B431616FE9F273F76.d.9EF778A84F43C41D8CEF2F7C6B40CE17.e.14389/click - {}
RESULT: {}
COMMAND: GET /session/9f4c84e4ae75e749cefc69cbdd96fe2c/screenshot - {}
RESULT: {}
COMMAND: POST /session/9f4c84e4ae75e749cefc69cbdd96fe2c/elements - {"using":"xpath","value":"//span[text()='Error']"}
RESULT: {"using":"xpath","value":"//span[text()='Error']"}
COMMAND: POST /session/9f4c84e4ae75e749cefc69cbdd96fe2c/element - {"using":"xpath","value":"//button[@data-kt=\"addNewRUOverflowToolbarButton\"]"}
RESULT: {"using":"xpath","value":"//button[@data-kt=\"addNewRUOverflowToolbarButton\"]"}
COMMAND: POST /session/9f4c84e4ae75e749cefc69cbdd96fe2c/elements - {"using":"xpath","value":"//button[@data-kt=\"addNewRUOverflowToolbarButton\"]"}
RESULT: {"using":"xpath","value":"//button[@data-kt=\"addNewRUOverflowToolbarButton\"]"}
COMMAND: POST /session/9f4c84e4ae75e749cefc69cbdd96fe2c/elements - {"using":"xpath","value":"//button[@data-kt=\"addNewRUOverflowToolbarButton\"]"}
RESULT: {"using":"xpath","value":"//button[@data-kt=\"addNewRUOverflowToolbarButton\"]"}
COMMAND: POST /session/9f4c84e4ae75e749cefc69cbdd96fe2c/element - {"using":"xpath","value":"//button[@data-kt=\"addNewRUOverflowToolbarButton\"]"}
RESULT: {"using":"xpath","value":"//button[@data-kt=\"addNewRUOverflowToolbarButton\"]"}
COMMAND: POST /session/9f4c84e4ae75e749cefc69cbdd96fe2c/execute/sync - {"script":"<script> [8489 bytes]","args":[{"element-6066-11e4-a52e-4f735466cecf":"f.92C64C74BFFB4A8B431616FE9F273F76.d.9EF778A84F43C41D8CEF2F7C6B40CE17.e.14529","ELEMENT":"f.92C64C74BFFB4A8B431616FE9F273F76.d.9EF778A84F43C41D8CEF2F7C6B40CE17.e.14529"}]}
RESULT: {"script":"<script> [8489 bytes]","args":[{"element-6066-11e4-a52e-4f735466cecf":"f.92C64C74BFFB4A8B431616FE9F273F76.d.9EF778A84F43C41D8CEF2F7C6B40CE17.e.14529","ELEMENT":"f.92C64C74BFFB4A8B431616FE9F273F76.d.9EF778A84F43C41D8CEF2F7C6B40CE17.e.14529"}]}
COMMAND: GET /session/9f4c84e4ae75e749cefc69cbdd96fe2c/element/f.92C64C74BFFB4A8B431616FE9F273F76.d.9EF778A84F43C41D8CEF2F7C6B40CE17.e.14529/enabled - {}
COMMAND: GET /session/9f4c84e4ae75e749cefc69cbdd96fe2c/screenshot - {}
RESULT: {}
RESULT: {}
COMMAND: POST /session/9f4c84e4ae75e749cefc69cbdd96fe2c/execute/sync - {"script":"<script> [8489 bytes]","args":[{"element-6066-11e4-a52e-4f735466cecf":"f.92C64C74BFFB4A8B431616FE9F273F76.d.9EF778A84F43C41D8CEF2F7C6B40CE17.e.14529","ELEMENT":"f.92C64C74BFFB4A8B431616FE9F273F76.d.9EF778A84F43C41D8CEF2F7C6B40CE17.e.14529"}]}
COMMAND: GET /session/9f4c84e4ae75e749cefc69cbdd96fe2c/screenshot - {}
RESULT: {"script":"<script> [8489 bytes]","args":[{"element-6066-11e4-a52e-4f735466cecf":"f.92C64C74BFFB4A8B431616FE9F273F76.d.9EF778A84F43C41D8CEF2F7C6B40CE17.e.14529","ELEMENT":"f.92C64C74BFFB4A8B431616FE9F273F76.d.9EF778A84F43C41D8CEF2F7C6B40CE17.e.14529"}]}
COMMAND: POST /session/9f4c84e4ae75e749cefc69cbdd96fe2c/execute/sync - {"script":"<script> [5351 bytes]","args":[{"element-6066-11e4-a52e-4f735466cecf":"f.92C64C74BFFB4A8B431616FE9F273F76.d.9EF778A84F43C41D8CEF2F7C6B40CE17.e.14529","ELEMENT":"f.92C64C74BFFB4A8B431616FE9F273F76.d.9EF778A84F43C41D8CEF2F7C6B40CE17.e.14529"}]}
COMMAND: GET /session/9f4c84e4ae75e749cefc69cbdd96fe2c/screenshot - {}
RESULT: {}
RESULT: {"script":"<script> [5351 bytes]","args":[{"element-6066-11e4-a52e-4f735466cecf":"f.92C64C74BFFB4A8B431616FE9F273F76.d.9EF778A84F43C41D8CEF2F7C6B40CE17.e.14529","ELEMENT":"f.92C64C74BFFB4A8B431616FE9F273F76.d.9EF778A84F43C41D8CEF2F7C6B40CE17.e.14529"}]}
COMMAND: POST /session/9f4c84e4ae75e749cefc69cbdd96fe2c/element/f.92C64C74BFFB4A8B431616FE9F273F76.d.9EF778A84F43C41D8CEF2F7C6B40CE17.e.14529/click - {}
COMMAND: GET /session/9f4c84e4ae75e749cefc69cbdd96fe2c/screenshot - {}
RESULT: {}
RESULT: {}
COMMAND: GET /session/9f4c84e4ae75e749cefc69cbdd96fe2c/screenshot - {}
COMMAND: POST /session/9f4c84e4ae75e749cefc69cbdd96fe2c/execute/async - {"script":"<script> [1562 bytes]","args":[{"selector":{"id":"application-manageresources-display-component---newResourceUnit--TYPE-arrow"},"wdio_ui5_key":"applicationmanageresources-display-component---newResourceUnit--TYPE-arrow"}]}
RESULT: {}
RESULT: {}
RESULT: {"script":"<script> [1562 bytes]","args":[{"selector":{"id":"application-manageresources-display-component---newResourceUnit--TYPE-arrow"},"wdio_ui5_key":"applicationmanageresources-display-component---newResourceUnit--TYPE-arrow"}]}
RESULT: undefined
COMMAND: POST /session/9f4c84e4ae75e749cefc69cbdd96fe2c/element - {"using":"xpath","value":"//*[@id=\"application-manageresources-display-component---newResourceUnit--TYPE-arrow\"]"}
RESULT: {"using":"xpath","value":"//*[@id=\"application-manageresources-display-component---newResourceUnit--TYPE-arrow\"]"}
COMMAND: POST /session/9f4c84e4ae75e749cefc69cbdd96fe2c/element/f.92C64C74BFFB4A8B431616FE9F273F76.d.9EF778A84F43C41D8CEF2F7C6B40CE17.e.14872/click - {}
RESULT: {}
COMMAND: POST /session/9f4c84e4ae75e749cefc69cbdd96fe2c/element - {"using":"xpath","value":"//input[@id=\"application-manageresources-display-component---newResourceUnit--TYPE-inner\"]"}
COMMAND: GET /session/9f4c84e4ae75e749cefc69cbdd96fe2c/screenshot - {}
RESULT: {"using":"xpath","value":"//input[@id=\"application-manageresources-display-component---newResourceUnit--TYPE-inner\"]"}
COMMAND: POST /session/9f4c84e4ae75e749cefc69cbdd96fe2c/element/f.92C64C74BFFB4A8B431616FE9F273F76.d.9EF778A84F43C41D8CEF2F7C6B40CE17.e.14868/clear - {}
RESULT: {}
RESULT: {}
COMMAND: POST /session/9f4c84e4ae75e749cefc69cbdd96fe2c/element/f.92C64C74BFFB4A8B431616FE9F273F76.d.9EF778A84F43C41D8CEF2F7C6B40CE17.e.14868/value - {"text":"Equipment"}
COMMAND: GET /session/9f4c84e4ae75e749cefc69cbdd96fe2c/screenshot - {}
RESULT: {"text":"Equipment"}
COMMAND: GET /session/9f4c84e4ae75e749cefc69cbdd96fe2c/screenshot - {}
RESULT: {}
RESULT: {}
COMMAND: POST /session/9f4c84e4ae75e749cefc69cbdd96fe2c/actions - {"actions":[{"id":"action51","type":"key","parameters":{},"actions":[{"type":"keyDown","value":""},{"type":"pause","duration":10},{"type":"keyUp","value":""}]}]}
RESULT: {"actions":[{"id":"action51","type":"key","parameters":{},"actions":[{"type":"keyDown","value":""},{"type":"pause","duration":10},{"type":"keyUp","value":""}]}]}
COMMAND: POST /session/9f4c84e4ae75e749cefc69cbdd96fe2c/execute/async - {"script":"<script> [1562 bytes]","args":[{"selector":{"id":"application-manageresources-display-component---newResourceUnit--resourceId","interaction":{"idSuffix":"inner"}},"wdio_ui5_key":"applicationmanageresources-display-component---newResourceUnit--resourceId"}]}
COMMAND: GET /session/9f4c84e4ae75e749cefc69cbdd96fe2c/screenshot - {}
RESULT: {"script":"<script> [1562 bytes]","args":[{"selector":{"id":"application-manageresources-display-component---newResourceUnit--resourceId","interaction":{"idSuffix":"inner"}},"wdio_ui5_key":"applicationmanageresources-display-component---newResourceUnit--resourceId"}]}
RESULT: undefined
COMMAND: POST /session/9f4c84e4ae75e749cefc69cbdd96fe2c/execute/async - {"script":"<script> [776 bytes]","args":[{"enterText":"kn1SDEtmPC","selector":{"id":"application-manageresources-display-component---newResourceUnit--resourceId","interaction":{"idSuffix":"inner"}},"clearTextFirst":true,"interactionType":"ENTER_TEXT"}]}
RESULT: {}
RESULT: {"script":"<script> [776 bytes]","args":[{"enterText":"kn1SDEtmPC","selector":{"id":"application-manageresources-display-component---newResourceUnit--resourceId","interaction":{"idSuffix":"inner"}},"clearTextFirst":true,"interactionType":"ENTER_TEXT"}]}
COMMAND: POST /session/9f4c84e4ae75e749cefc69cbdd96fe2c/execute/async - {"script":"<script> [1562 bytes]","args":[{"selector":{"id":"application-manageresources-display-component---newResourceUnit--SHORT_TEXT","interaction":{"idSuffix":"inner"}},"wdio_ui5_key":"applicationmanageresources-display-component---newResourceUnit--SHORT_TEXT"}]}
RESULT: {"script":"<script> [1562 bytes]","args":[{"selector":{"id":"application-manageresources-display-component---newResourceUnit--SHORT_TEXT","interaction":{"idSuffix":"inner"}},"wdio_ui5_key":"applicationmanageresources-display-component---newResourceUnit--SHORT_TEXT"}]}
RESULT: undefined
COMMAND: POST /session/9f4c84e4ae75e749cefc69cbdd96fe2c/execute/async - {"script":"<script> [776 bytes]","args":[{"enterText":"Intercompany Equipment WDIO","selector":{"id":"application-manageresources-display-component---newResourceUnit--SHORT_TEXT","interaction":{"idSuffix":"inner"}},"clearTextFirst":true,"interactionType":"ENTER_TEXT"}]}
RESULT: {"script":"<script> [776 bytes]","args":[{"enterText":"Intercompany Equipment WDIO","selector":{"id":"application-manageresources-display-component---newResourceUnit--SHORT_TEXT","interaction":{"idSuffix":"inner"}},"clearTextFirst":true,"interactionType":"ENTER_TEXT"}]}
COMMAND: POST /session/9f4c84e4ae75e749cefc69cbdd96fe2c/execute/async - {"script":"<script> [1562 bytes]","args":[{"selector":{"id":"application-manageresources-display-component---newResourceUnit--BASE_UNIT_OF_MEASURE","interaction":{"idSuffix":"inner"}},"wdio_ui5_key":"applicationmanageresources-display-component---newResourceUnit--BASE_UNIT_OF_MEASURE"}]}
RESULT: {"script":"<script> [1562 bytes]","args":[{"selector":{"id":"application-manageresources-display-component---newResourceUnit--BASE_UNIT_OF_MEASURE","interaction":{"idSuffix":"inner"}},"wdio_ui5_key":"applicationmanageresources-display-component---newResourceUnit--BASE_UNIT_OF_MEASURE"}]}
RESULT: undefined
COMMAND: POST /session/9f4c84e4ae75e749cefc69cbdd96fe2c/execute/async - {"script":"<script> [776 bytes]","args":[{"enterText":"Piece","selector":{"id":"application-manageresources-display-component---newResourceUnit--BASE_UNIT_OF_MEASURE","interaction":{"idSuffix":"inner"}},"clearTextFirst":true,"interactionType":"ENTER_TEXT"}]}
RESULT: {"script":"<script> [776 bytes]","args":[{"enterText":"Piece","selector":{"id":"application-manageresources-display-component---newResourceUnit--BASE_UNIT_OF_MEASURE","interaction":{"idSuffix":"inner"}},"clearTextFirst":true,"interactionType":"ENTER_TEXT"}]}
COMMAND: POST /session/9f4c84e4ae75e749cefc69cbdd96fe2c/execute/async - {"script":"<script> [1562 bytes]","args":[{"selector":{"id":"application-manageresources-display-component---newResourceUnit--WEIGHT_UNIT","interaction":{"idSuffix":"inner"}},"wdio_ui5_key":"applicationmanageresources-display-component---newResourceUnit--WEIGHT_UNIT"}]}
RESULT: {"script":"<script> [1562 bytes]","args":[{"selector":{"id":"application-manageresources-display-component---newResourceUnit--WEIGHT_UNIT","interaction":{"idSuffix":"inner"}},"wdio_ui5_key":"applicationmanageresources-display-component---newResourceUnit--WEIGHT_UNIT"}]}
RESULT: undefined
COMMAND: POST /session/9f4c84e4ae75e749cefc69cbdd96fe2c/execute/async - {"script":"<script> [776 bytes]","args":[{"enterText":"Gram","selector":{"id":"application-manageresources-display-component---newResourceUnit--WEIGHT_UNIT","interaction":{"idSuffix":"inner"}},"clearTextFirst":true,"interactionType":"ENTER_TEXT"}]}
RESULT: {"script":"<script> [776 bytes]","args":[{"enterText":"Gram","selector":{"id":"application-manageresources-display-component---newResourceUnit--WEIGHT_UNIT","interaction":{"idSuffix":"inner"}},"clearTextFirst":true,"interactionType":"ENTER_TEXT"}]}
COMMAND: POST /session/9f4c84e4ae75e749cefc69cbdd96fe2c/execute/async - {"script":"<script> [1562 bytes]","args":[{"selector":{"id":"application-manageresources-display-component---newResourceUnit--DIMENSION_UNIT","interaction":{"idSuffix":"inner"}},"wdio_ui5_key":"applicationmanageresources-display-component---newResourceUnit--DIMENSION_UNIT"}]}
RESULT: {"script":"<script> [1562 bytes]","args":[{"selector":{"id":"application-manageresources-display-component---newResourceUnit--DIMENSION_UNIT","interaction":{"idSuffix":"inner"}},"wdio_ui5_key":"applicationmanageresources-display-component---newResourceUnit--DIMENSION_UNIT"}]}
RESULT: undefined
COMMAND: POST /session/9f4c84e4ae75e749cefc69cbdd96fe2c/execute/async - {"script":"<script> [776 bytes]","args":[{"enterText":"Meter","selector":{"id":"application-manageresources-display-component---newResourceUnit--DIMENSION_UNIT","interaction":{"idSuffix":"inner"}},"clearTextFirst":true,"interactionType":"ENTER_TEXT"}]}
RESULT: {"script":"<script> [776 bytes]","args":[{"enterText":"Meter","selector":{"id":"application-manageresources-display-component---newResourceUnit--DIMENSION_UNIT","interaction":{"idSuffix":"inner"}},"clearTextFirst":true,"interactionType":"ENTER_TEXT"}]}
COMMAND: POST /session/9f4c84e4ae75e749cefc69cbdd96fe2c/execute/async - {"script":"<script> [1562 bytes]","args":[{"selector":{"id":"application-manageresources-display-component---newResourceUnit--newRRUPage-anchBar-application-manageresources-display-component---newResourceUnit--control-anchor","interaction":{"idSuffix":"BDI-content"}},"wdio_ui5_key":"applicationmanageresources-display-component---newResourceUnit--newRRUPage-anchBar-application-manageresources-display-component---newResourceUnit--control-anchor"}]}
RESULT: {"script":"<script> [1562 bytes]","args":[{"selector":{"id":"application-manageresources-display-component---newResourceUnit--newRRUPage-anchBar-application-manageresources-display-component---newResourceUnit--control-anchor","interaction":{"idSuffix":"BDI-content"}},"wdio_ui5_key":"applicationmanageresources-display-component---newResourceUnit--newRRUPage-anchBar-application-manageresources-display-component---newResourceUnit--control-anchor"}]}
RESULT: undefined
COMMAND: POST /session/9f4c84e4ae75e749cefc69cbdd96fe2c/element - {"using":"xpath","value":"//*[@id=\"application-manageresources-display-component---newResourceUnit--newRRUPage-anchBar-application-manageresources-display-component---newResourceUnit--control-anchor\"]"}
RESULT: {"using":"xpath","value":"//*[@id=\"application-manageresources-display-component---newResourceUnit--newRRUPage-anchBar-application-manageresources-display-component---newResourceUnit--control-anchor\"]"}
COMMAND: POST /session/9f4c84e4ae75e749cefc69cbdd96fe2c/element/f.92C64C74BFFB4A8B431616FE9F273F76.d.9EF778A84F43C41D8CEF2F7C6B40CE17.e.15031/click - {}
RESULT: {}
COMMAND: POST /session/9f4c84e4ae75e749cefc69cbdd96fe2c/execute/async - {"script":"<script> [1562 bytes]","args":[{"selector":{"id":"application-manageresources-display-component---newResourceUnit--PLANNING_GROUP","interaction":{"idSuffix":"inner"}},"wdio_ui5_key":"applicationmanageresources-display-component---newResourceUnit--PLANNING_GROUP"}]}
COMMAND: GET /session/9f4c84e4ae75e749cefc69cbdd96fe2c/screenshot - {}
RESULT: {"script":"<script> [1562 bytes]","args":[{"selector":{"id":"application-manageresources-display-component---newResourceUnit--PLANNING_GROUP","interaction":{"idSuffix":"inner"}},"wdio_ui5_key":"applicationmanageresources-display-component---newResourceUnit--PLANNING_GROUP"}]}
RESULT: undefined
COMMAND: POST /session/9f4c84e4ae75e749cefc69cbdd96fe2c/execute/async - {"script":"<script> [776 bytes]","args":[{"enterText":"Heavy Equi","selector":{"id":"application-manageresources-display-component---newResourceUnit--PLANNING_GROUP","interaction":{"idSuffix":"inner"}},"clearTextFirst":true,"interactionType":"ENTER_TEXT"}]}
RESULT: {}
RESULT: {"script":"<script> [776 bytes]","args":[{"enterText":"Heavy Equi","selector":{"id":"application-manageresources-display-component---newResourceUnit--PLANNING_GROUP","interaction":{"idSuffix":"inner"}},"clearTextFirst":true,"interactionType":"ENTER_TEXT"}]}
COMMAND: POST /session/9f4c84e4ae75e749cefc69cbdd96fe2c/execute/async - {"script":"<script> [1562 bytes]","args":[{"selector":{"id":"application-manageresources-display-component---newResourceUnit--ITEM_TYPE-arrow"},"wdio_ui5_key":"applicationmanageresources-display-component---newResourceUnit--ITEM_TYPE-arrow"}]}
RESULT: {"script":"<script> [1562 bytes]","args":[{"selector":{"id":"application-manageresources-display-component---newResourceUnit--ITEM_TYPE-arrow"},"wdio_ui5_key":"applicationmanageresources-display-component---newResourceUnit--ITEM_TYPE-arrow"}]}
RESULT: undefined
COMMAND: POST /session/9f4c84e4ae75e749cefc69cbdd96fe2c/element - {"using":"xpath","value":"//*[@id=\"application-manageresources-display-component---newResourceUnit--ITEM_TYPE-arrow\"]"}
RESULT: {"using":"xpath","value":"//*[@id=\"application-manageresources-display-component---newResourceUnit--ITEM_TYPE-arrow\"]"}
COMMAND: POST /session/9f4c84e4ae75e749cefc69cbdd96fe2c/element/f.92C64C74BFFB4A8B431616FE9F273F76.d.9EF778A84F43C41D8CEF2F7C6B40CE17.e.15038/click - {}
RESULT: {}
COMMAND: POST /session/9f4c84e4ae75e749cefc69cbdd96fe2c/element - {"using":"xpath","value":"(//span[contains(text(), \"Resource Unit\")])[2]"}
COMMAND: GET /session/9f4c84e4ae75e749cefc69cbdd96fe2c/screenshot - {}
RESULT: {"using":"xpath","value":"(//span[contains(text(), \"Resource Unit\")])[2]"}
COMMAND: POST /session/9f4c84e4ae75e749cefc69cbdd96fe2c/element/f.92C64C74BFFB4A8B431616FE9F273F76.d.9EF778A84F43C41D8CEF2F7C6B40CE17.e.15039/click - {}
RESULT: {}
RESULT: {}
COMMAND: GET /session/9f4c84e4ae75e749cefc69cbdd96fe2c/screenshot - {}
RESULT: {}
COMMAND: POST /session/9f4c84e4ae75e749cefc69cbdd96fe2c/element - {"using":"css selector","value":"#application-manageresources-display-component---newResourceUnit--btnAddTimeSegment"}
RESULT: {"using":"css selector","value":"#application-manageresources-display-component---newResourceUnit--btnAddTimeSegment"}
COMMAND: GET /session/9f4c84e4ae75e749cefc69cbdd96fe2c/element/f.92C64C74BFFB4A8B431616FE9F273F76.d.9EF778A84F43C41D8CEF2F7C6B40CE17.e.15046/rect - {}
RESULT: {}
COMMAND: GET /session/9f4c84e4ae75e749cefc69cbdd96fe2c/window/rect - {}
RESULT: {}
COMMAND: POST /session/9f4c84e4ae75e749cefc69cbdd96fe2c/execute/sync - {"script":"<script> [92 bytes]","args":[]}
RESULT: {"script":"<script> [92 bytes]","args":[]}
COMMAND: POST /session/9f4c84e4ae75e749cefc69cbdd96fe2c/actions - {"actions":[{"id":"action52","type":"wheel","parameters":{},"actions":[{"type":"scroll","x":-1888,"y":-32,"deltaX":0,"deltaY":0,"duration":0,"origin":{"element-6066-11e4-a52e-4f735466cecf":"f.92C64C74BFFB4A8B431616FE9F273F76.d.9EF778A84F43C41D8CEF2F7C6B40CE17.e.15046"}}]}]}
COMMAND: GET /session/9f4c84e4ae75e749cefc69cbdd96fe2c/screenshot - {}
RESULT: {}
COMMAND: POST /session/9f4c84e4ae75e749cefc69cbdd96fe2c/execute/sync - {"script":"<script> [79 bytes]","args":[{"element-6066-11e4-a52e-4f735466cecf":"f.92C64C74BFFB4A8B431616FE9F273F76.d.9EF778A84F43C41D8CEF2F7C6B40CE17.e.15046","ELEMENT":"f.92C64C74BFFB4A8B431616FE9F273F76.d.9EF778A84F43C41D8CEF2F7C6B40CE17.e.15046"},{"block":"start","inline":"nearest"}]}
RESULT: {"script":"<script> [79 bytes]","args":[{"element-6066-11e4-a52e-4f735466cecf":"f.92C64C74BFFB4A8B431616FE9F273F76.d.9EF778A84F43C41D8CEF2F7C6B40CE17.e.15046","ELEMENT":"f.92C64C74BFFB4A8B431616FE9F273F76.d.9EF778A84F43C41D8CEF2F7C6B40CE17.e.15046"},{"block":"start","inline":"nearest"}]}
COMMAND: POST /session/9f4c84e4ae75e749cefc69cbdd96fe2c/execute/async - {"script":"<script> [1562 bytes]","args":[{"selector":{"id":"application-manageresources-display-component---newResourceUnit--btnAddTimeSegment","interaction":{"idSuffix":"inner"}},"wdio_ui5_key":"applicationmanageresources-display-component---newResourceUnit--btnAddTimeSegment"}]}
COMMAND: GET /session/9f4c84e4ae75e749cefc69cbdd96fe2c/screenshot - {}
RESULT: {"script":"<script> [1562 bytes]","args":[{"selector":{"id":"application-manageresources-display-component---newResourceUnit--btnAddTimeSegment","interaction":{"idSuffix":"inner"}},"wdio_ui5_key":"applicationmanageresources-display-component---newResourceUnit--btnAddTimeSegment"}]}
RESULT: undefined
COMMAND: POST /session/9f4c84e4ae75e749cefc69cbdd96fe2c/element - {"using":"xpath","value":"//*[@id=\"application-manageresources-display-component---newResourceUnit--btnAddTimeSegment\"]"}
RESULT: {}
RESULT: {"using":"xpath","value":"//*[@id=\"application-manageresources-display-component---newResourceUnit--btnAddTimeSegment\"]"}
COMMAND: POST /session/9f4c84e4ae75e749cefc69cbdd96fe2c/element/f.92C64C74BFFB4A8B431616FE9F273F76.d.9EF778A84F43C41D8CEF2F7C6B40CE17.e.15046/click - {}
RESULT: {}
COMMAND: GET /session/9f4c84e4ae75e749cefc69cbdd96fe2c/screenshot - {}
RESULT: {}
COMMAND: POST /session/9f4c84e4ae75e749cefc69cbdd96fe2c/element - {"using":"xpath","value":"//input[@id=\"application-manageresources-display-component---newResourceUnit--idRuTSAdmin-application-manageresources-display-component---newResourceUnit--RUTimeSegment-0-inner\"]"}
RESULT: {"using":"xpath","value":"//input[@id=\"application-manageresources-display-component---newResourceUnit--idRuTSAdmin-application-manageresources-display-component---newResourceUnit--RUTimeSegment-0-inner\"]"}
COMMAND: POST /session/9f4c84e4ae75e749cefc69cbdd96fe2c/element/f.92C64C74BFFB4A8B431616FE9F273F76.d.9EF778A84F43C41D8CEF2F7C6B40CE17.e.15052/clear - {}
RESULT: {}
COMMAND: POST /session/9f4c84e4ae75e749cefc69cbdd96fe2c/element/f.92C64C74BFFB4A8B431616FE9F273F76.d.9EF778A84F43C41D8CEF2F7C6B40CE17.e.15052/value - {"text":"431"}
COMMAND: GET /session/9f4c84e4ae75e749cefc69cbdd96fe2c/screenshot - {}
RESULT: {"text":"431"}
COMMAND: GET /session/9f4c84e4ae75e749cefc69cbdd96fe2c/screenshot - {}
RESULT: {}
RESULT: {}
COMMAND: POST /session/9f4c84e4ae75e749cefc69cbdd96fe2c/element - {"using":"xpath","value":"//li[.//span[text()='431']]"}
RESULT: {"using":"xpath","value":"//li[.//span[text()='431']]"}
COMMAND: POST /session/9f4c84e4ae75e749cefc69cbdd96fe2c/element/f.92C64C74BFFB4A8B431616FE9F273F76.d.9EF778A84F43C41D8CEF2F7C6B40CE17.e.15064/click - {}
RESULT: {}
COMMAND: GET /session/9f4c84e4ae75e749cefc69cbdd96fe2c/screenshot - {}
RESULT: {}
COMMAND: POST /session/9f4c84e4ae75e749cefc69cbdd96fe2c/element - {"using":"xpath","value":"(//span[contains(@id, \"-application-manageresources-display-component---newResourceUnit--RUTimeSegment-0-arrow\")])[6]"}
RESULT: {"using":"xpath","value":"(//span[contains(@id, \"-application-manageresources-display-component---newResourceUnit--RUTimeSegment-0-arrow\")])[6]"}
COMMAND: POST /session/9f4c84e4ae75e749cefc69cbdd96fe2c/element/f.92C64C74BFFB4A8B431616FE9F273F76.d.9EF778A84F43C41D8CEF2F7C6B40CE17.e.15065/click - {}
RESULT: {}
COMMAND: GET /session/9f4c84e4ae75e749cefc69cbdd96fe2c/screenshot - {}
RESULT: {}
COMMAND: POST /session/9f4c84e4ae75e749cefc69cbdd96fe2c/element - {"using":"xpath","value":"//span[contains(text(), \"PM Order\")]"}
RESULT: {"using":"xpath","value":"//span[contains(text(), \"PM Order\")]"}
COMMAND: POST /session/9f4c84e4ae75e749cefc69cbdd96fe2c/element/f.92C64C74BFFB4A8B431616FE9F273F76.d.9EF778A84F43C41D8CEF2F7C6B40CE17.e.15068/click - {}
RESULT: {}
COMMAND: GET /session/9f4c84e4ae75e749cefc69cbdd96fe2c/screenshot - {}
RESULT: {}
COMMAND: POST /session/9f4c84e4ae75e749cefc69cbdd96fe2c/element - {"using":"xpath","value":"(//span[contains(@id ,\"manageresources-display-component---newResourceUnit--RUTimeSegment-0-vhi\")])[1]"}
RESULT: {"using":"xpath","value":"(//span[contains(@id ,\"manageresources-display-component---newResourceUnit--RUTimeSegment-0-vhi\")])[1]"}
COMMAND: GET /session/9f4c84e4ae75e749cefc69cbdd96fe2c/element/f.92C64C74BFFB4A8B431616FE9F273F76.d.9EF778A84F43C41D8CEF2F7C6B40CE17.e.15072/rect - {}
RESULT: {}
COMMAND: GET /session/9f4c84e4ae75e749cefc69cbdd96fe2c/window/rect - {}
RESULT: {}
COMMAND: POST /session/9f4c84e4ae75e749cefc69cbdd96fe2c/execute/sync - {"script":"<script> [92 bytes]","args":[]}
RESULT: {"script":"<script> [92 bytes]","args":[]}
COMMAND: POST /session/9f4c84e4ae75e749cefc69cbdd96fe2c/actions - {"actions":[{"id":"action53","type":"wheel","parameters":{},"actions":[{"type":"scroll","x":-869,"y":-24,"deltaX":0,"deltaY":0,"duration":0,"origin":{"element-6066-11e4-a52e-4f735466cecf":"f.92C64C74BFFB4A8B431616FE9F273F76.d.9EF778A84F43C41D8CEF2F7C6B40CE17.e.15072"}}]}]}
COMMAND: GET /session/9f4c84e4ae75e749cefc69cbdd96fe2c/screenshot - {}
RESULT: {"actions":[{"id":"action53","type":"wheel","parameters":{},"actions":[{"type":"scroll","x":-869,"y":-24,"deltaX":0,"deltaY":0,"duration":0,"origin":{"element-6066-11e4-a52e-4f735466cecf":"f.92C64C74BFFB4A8B431616FE9F273F76.d.9EF778A84F43C41D8CEF2F7C6B40CE17.e.15072"}}]}]}
COMMAND: DELETE /session/9f4c84e4ae75e749cefc69cbdd96fe2c/actions - {}
COMMAND: GET /session/9f4c84e4ae75e749cefc69cbdd96fe2c/screenshot - {}
RESULT: {}
RESULT: {}
COMMAND: GET /session/9f4c84e4ae75e749cefc69cbdd96fe2c/screenshot - {}
RESULT: {}
RESULT: {}
COMMAND: POST /session/9f4c84e4ae75e749cefc69cbdd96fe2c/element/f.92C64C74BFFB4A8B431616FE9F273F76.d.9EF778A84F43C41D8CEF2F7C6B40CE17.e.15072/click - {}
RESULT: {}
COMMAND: GET /session/9f4c84e4ae75e749cefc69cbdd96fe2c/screenshot - {}
RESULT: {}
COMMAND: POST /session/9f4c84e4ae75e749cefc69cbdd96fe2c/execute/async - {"script":"<script> [1562 bytes]","args":[{"selector":{"controlType":"sap.m.SearchField","properties":{"placeholder":"Search"},"searchOpenDialogs":true,"interaction":{"idSuffix":"I"}},"wdio_ui5_key":"sapm.SearchField{\"placeholder\":\"Search\"}"}]}
RESULT: {"script":"<script> [1562 bytes]","args":[{"selector":{"controlType":"sap.m.SearchField","properties":{"placeholder":"Search"},"searchOpenDialogs":true,"interaction":{"idSuffix":"I"}},"wdio_ui5_key":"sapm.SearchField{\"placeholder\":\"Search\"}"}]}
RESULT: undefined
COMMAND: POST /session/9f4c84e4ae75e749cefc69cbdd96fe2c/execute/async - {"script":"<script> [776 bytes]","args":[{"enterText":"4000360","selector":{"controlType":"sap.m.SearchField","properties":{"placeholder":"Search"},"searchOpenDialogs":true,"interaction":{"idSuffix":"I"}},"clearTextFirst":true,"interactionType":"ENTER_TEXT"}]}
RESULT: {"script":"<script> [776 bytes]","args":[{"enterText":"4000360","selector":{"controlType":"sap.m.SearchField","properties":{"placeholder":"Search"},"searchOpenDialogs":true,"interaction":{"idSuffix":"I"}},"clearTextFirst":true,"interactionType":"ENTER_TEXT"}]}
COMMAND: POST /session/9f4c84e4ae75e749cefc69cbdd96fe2c/actions - {"actions":[{"id":"action54","type":"key","parameters":{},"actions":[{"type":"keyDown","value":""},{"type":"pause","duration":10},{"type":"keyUp","value":""}]}]}
RESULT: {"actions":[{"id":"action54","type":"key","parameters":{},"actions":[{"type":"keyDown","value":""},{"type":"pause","duration":10},{"type":"keyUp","value":""}]}]}
COMMAND: GET /session/9f4c84e4ae75e749cefc69cbdd96fe2c/screenshot - {}
RESULT: {}
COMMAND: POST /session/9f4c84e4ae75e749cefc69cbdd96fe2c/element - {"using":"xpath","value":"//td/div/span[contains(text(), \"BGL Vehicles\")]"}
RESULT: {"using":"xpath","value":"//td/div/span[contains(text(), \"BGL Vehicles\")]"}
COMMAND: POST /session/9f4c84e4ae75e749cefc69cbdd96fe2c/element/f.92C64C74BFFB4A8B431616FE9F273F76.d.9EF778A84F43C41D8CEF2F7C6B40CE17.e.15093/click - {}
RESULT: {}
COMMAND: GET /session/9f4c84e4ae75e749cefc69cbdd96fe2c/screenshot - {}
RESULT: {}
COMMAND: POST /session/9f4c84e4ae75e749cefc69cbdd96fe2c/element - {"using":"xpath","value":"//bdi[contains(text(), \"OK\")]"}
RESULT: {"using":"xpath","value":"//bdi[contains(text(), \"OK\")]"}
COMMAND: POST /session/9f4c84e4ae75e749cefc69cbdd96fe2c/element/f.92C64C74BFFB4A8B431616FE9F273F76.d.9EF778A84F43C41D8CEF2F7C6B40CE17.e.15094/click - {}
RESULT: {}
COMMAND: GET /session/9f4c84e4ae75e749cefc69cbdd96fe2c/screenshot - {}
RESULT: {}
COMMAND: POST /session/9f4c84e4ae75e749cefc69cbdd96fe2c/execute/async - {"script":"<script> [1562 bytes]","args":[{"selector":{"id":"application-manageresources-display-component---newResourceUnit--newRRUPage-anchBar-application-manageresources-display-component---newResourceUnit--resource-anchor","interaction":{"idSuffix":"BDI-content"}},"wdio_ui5_key":"applicationmanageresources-display-component---newResourceUnit--newRRUPage-anchBar-application-manageresources-display-component---newResourceUnit--resource-anchor"}]}
RESULT: {"script":"<script> [1562 bytes]","args":[{"selector":{"id":"application-manageresources-display-component---newResourceUnit--newRRUPage-anchBar-application-manageresources-display-component---newResourceUnit--resource-anchor","interaction":{"idSuffix":"BDI-content"}},"wdio_ui5_key":"applicationmanageresources-display-component---newResourceUnit--newRRUPage-anchBar-application-manageresources-display-component---newResourceUnit--resource-anchor"}]}
RESULT: undefined
COMMAND: POST /session/9f4c84e4ae75e749cefc69cbdd96fe2c/element - {"using":"xpath","value":"//*[@id=\"application-manageresources-display-component---newResourceUnit--newRRUPage-anchBar-application-manageresources-display-component---newResourceUnit--resource-anchor\"]"}
RESULT: {"using":"xpath","value":"//*[@id=\"application-manageresources-display-component---newResourceUnit--newRRUPage-anchBar-application-manageresources-display-component---newResourceUnit--resource-anchor\"]"}
COMMAND: POST /session/9f4c84e4ae75e749cefc69cbdd96fe2c/element/f.92C64C74BFFB4A8B431616FE9F273F76.d.9EF778A84F43C41D8CEF2F7C6B40CE17.e.15098/click - {}
RESULT: {}
COMMAND: POST /session/9f4c84e4ae75e749cefc69cbdd96fe2c/execute/async - {"script":"<script> [1562 bytes]","args":[{"selector":{"id":"application-manageresources-display-component---newResourceUnit--PLANNED_DELIVERY_DATE","interaction":{"idSuffix":"inner"}},"wdio_ui5_key":"applicationmanageresources-display-component---newResourceUnit--PLANNED_DELIVERY_DATE"}]}
COMMAND: GET /session/9f4c84e4ae75e749cefc69cbdd96fe2c/screenshot - {}
RESULT: {"script":"<script> [1562 bytes]","args":[{"selector":{"id":"application-manageresources-display-component---newResourceUnit--PLANNED_DELIVERY_DATE","interaction":{"idSuffix":"inner"}},"wdio_ui5_key":"applicationmanageresources-display-component---newResourceUnit--PLANNED_DELIVERY_DATE"}]}
RESULT: undefined
COMMAND: POST /session/9f4c84e4ae75e749cefc69cbdd96fe2c/execute/async - {"script":"<script> [6424 bytes]","args":[{"element-6066-11e4-a52e-4f735466cecf":"f.92C64C74BFFB4A8B431616FE9F273F76.d.9EF778A84F43C41D8CEF2F7C6B40CE17.e.14930"},"setValue",["5/28/25"]]}
RESULT: {}
RESULT: {"script":"<script> [6424 bytes]","args":[{"element-6066-11e4-a52e-4f735466cecf":"f.92C64C74BFFB4A8B431616FE9F273F76.d.9EF778A84F43C41D8CEF2F7C6B40CE17.e.14930"},"setValue",["5/28/25"]]}
COMMAND: POST /session/9f4c84e4ae75e749cefc69cbdd96fe2c/element - {"using":"xpath","value":"//label[contains(@class, 'sapMLabelRequired') and .//bdi[contains(text(), 'Planned Retirement')]]"}
RESULT: {"using":"xpath","value":"//label[contains(@class, 'sapMLabelRequired') and .//bdi[contains(text(), 'Planned Retirement')]]"}
COMMAND: POST /session/9f4c84e4ae75e749cefc69cbdd96fe2c/elements - {"using":"xpath","value":"//label[contains(@class, 'sapMLabelRequired') and .//bdi[contains(text(), 'Planned Retirement')]]"}
RESULT: {"using":"xpath","value":"//label[contains(@class, 'sapMLabelRequired') and .//bdi[contains(text(), 'Planned Retirement')]]"}
COMMAND: POST /session/9f4c84e4ae75e749cefc69cbdd96fe2c/element - {"using":"xpath","value":"//button[@data-kt=\"resourceUnitSaveButton\"]"}
RESULT: {"using":"xpath","value":"//button[@data-kt=\"resourceUnitSaveButton\"]"}
COMMAND: POST /session/9f4c84e4ae75e749cefc69cbdd96fe2c/element/f.92C64C74BFFB4A8B431616FE9F273F76.d.9EF778A84F43C41D8CEF2F7C6B40CE17.e.14889/click - {}
RESULT: {}
COMMAND: GET /session/9f4c84e4ae75e749cefc69cbdd96fe2c/screenshot - {}
RESULT: {}
COMMAND: POST /session/9f4c84e4ae75e749cefc69cbdd96fe2c/element - {"using":"xpath","value":"//bdi[contains(text(), \"Close\")]"}
RESULT: {"using":"xpath","value":"//bdi[contains(text(), \"Close\")]"}
COMMAND: POST /session/9f4c84e4ae75e749cefc69cbdd96fe2c/element/f.92C64C74BFFB4A8B431616FE9F273F76.d.9EF778A84F43C41D8CEF2F7C6B40CE17.e.15106/click - {}
RESULT: {}
COMMAND: GET /session/9f4c84e4ae75e749cefc69cbdd96fe2c/screenshot - {}
RESULT: {}
COMMAND: POST /session/9f4c84e4ae75e749cefc69cbdd96fe2c/element - {"using":"xpath","value":"(//button[contains(@id ,\"actionsToolbar-overflowButton\")])[1]"}
RESULT: {"using":"xpath","value":"(//button[contains(@id ,\"actionsToolbar-overflowButton\")])[1]"}
COMMAND: POST /session/9f4c84e4ae75e749cefc69cbdd96fe2c/element/f.92C64C74BFFB4A8B431616FE9F273F76.d.9EF778A84F43C41D8CEF2F7C6B40CE17.e.15139/click - {}
RESULT: {}
COMMAND: GET /session/9f4c84e4ae75e749cefc69cbdd96fe2c/screenshot - {}
RESULT: {}
COMMAND: POST /session/9f4c84e4ae75e749cefc69cbdd96fe2c/element - {"using":"xpath","value":"//button[@data-kt=\"priceInfoButton\"]"}
RESULT: {"using":"xpath","value":"//button[@data-kt=\"priceInfoButton\"]"}
COMMAND: POST /session/9f4c84e4ae75e749cefc69cbdd96fe2c/element/f.92C64C74BFFB4A8B431616FE9F273F76.d.9EF778A84F43C41D8CEF2F7C6B40CE17.e.15141/click - {}
RESULT: {}
COMMAND: GET /session/9f4c84e4ae75e749cefc69cbdd96fe2c/screenshot - {}
RESULT: {}
]]></system-out>
    </testcase>
    <testcase classname="chrome.136_0_7103_93.windows.Performance_based_billing_(work_days)_US139742" name="Should create a pricing rule perf based on the equipment" time="56.673">
      <system-out><![CDATA[
COMMAND: POST /session/9f4c84e4ae75e749cefc69cbdd96fe2c/element - {"using":"xpath","value":"//button[@data-kt=\"addButton\"]"}
RESULT: {"using":"xpath","value":"//button[@data-kt=\"addButton\"]"}
COMMAND: POST /session/9f4c84e4ae75e749cefc69cbdd96fe2c/elements - {"using":"xpath","value":"//button[@data-kt=\"addButton\"]"}
RESULT: {"using":"xpath","value":"//button[@data-kt=\"addButton\"]"}
COMMAND: POST /session/9f4c84e4ae75e749cefc69cbdd96fe2c/execute/sync - {"script":"<script> [8489 bytes]","args":[{"element-6066-11e4-a52e-4f735466cecf":"f.92C64C74BFFB4A8B431616FE9F273F76.d.9EF778A84F43C41D8CEF2F7C6B40CE17.e.15177","ELEMENT":"f.92C64C74BFFB4A8B431616FE9F273F76.d.9EF778A84F43C41D8CEF2F7C6B40CE17.e.15177"}]}
RESULT: {"script":"<script> [8489 bytes]","args":[{"element-6066-11e4-a52e-4f735466cecf":"f.92C64C74BFFB4A8B431616FE9F273F76.d.9EF778A84F43C41D8CEF2F7C6B40CE17.e.15177","ELEMENT":"f.92C64C74BFFB4A8B431616FE9F273F76.d.9EF778A84F43C41D8CEF2F7C6B40CE17.e.15177"}]}
COMMAND: GET /session/9f4c84e4ae75e749cefc69cbdd96fe2c/element/f.92C64C74BFFB4A8B431616FE9F273F76.d.9EF778A84F43C41D8CEF2F7C6B40CE17.e.15177/enabled - {}
COMMAND: GET /session/9f4c84e4ae75e749cefc69cbdd96fe2c/screenshot - {}
RESULT: {}
COMMAND: POST /session/9f4c84e4ae75e749cefc69cbdd96fe2c/execute/sync - {"script":"<script> [8489 bytes]","args":[{"element-6066-11e4-a52e-4f735466cecf":"f.92C64C74BFFB4A8B431616FE9F273F76.d.9EF778A84F43C41D8CEF2F7C6B40CE17.e.15177","ELEMENT":"f.92C64C74BFFB4A8B431616FE9F273F76.d.9EF778A84F43C41D8CEF2F7C6B40CE17.e.15177"}]}
COMMAND: GET /session/9f4c84e4ae75e749cefc69cbdd96fe2c/screenshot - {}
RESULT: {}
RESULT: {"script":"<script> [8489 bytes]","args":[{"element-6066-11e4-a52e-4f735466cecf":"f.92C64C74BFFB4A8B431616FE9F273F76.d.9EF778A84F43C41D8CEF2F7C6B40CE17.e.15177","ELEMENT":"f.92C64C74BFFB4A8B431616FE9F273F76.d.9EF778A84F43C41D8CEF2F7C6B40CE17.e.15177"}]}
COMMAND: POST /session/9f4c84e4ae75e749cefc69cbdd96fe2c/execute/sync - {"script":"<script> [5351 bytes]","args":[{"element-6066-11e4-a52e-4f735466cecf":"f.92C64C74BFFB4A8B431616FE9F273F76.d.9EF778A84F43C41D8CEF2F7C6B40CE17.e.15177","ELEMENT":"f.92C64C74BFFB4A8B431616FE9F273F76.d.9EF778A84F43C41D8CEF2F7C6B40CE17.e.15177"}]}
COMMAND: GET /session/9f4c84e4ae75e749cefc69cbdd96fe2c/screenshot - {}
RESULT: {}
RESULT: {"script":"<script> [5351 bytes]","args":[{"element-6066-11e4-a52e-4f735466cecf":"f.92C64C74BFFB4A8B431616FE9F273F76.d.9EF778A84F43C41D8CEF2F7C6B40CE17.e.15177","ELEMENT":"f.92C64C74BFFB4A8B431616FE9F273F76.d.9EF778A84F43C41D8CEF2F7C6B40CE17.e.15177"}]}
COMMAND: POST /session/9f4c84e4ae75e749cefc69cbdd96fe2c/element/f.92C64C74BFFB4A8B431616FE9F273F76.d.9EF778A84F43C41D8CEF2F7C6B40CE17.e.15177/click - {}
COMMAND: GET /session/9f4c84e4ae75e749cefc69cbdd96fe2c/screenshot - {}
RESULT: {}
RESULT: {}
COMMAND: GET /session/9f4c84e4ae75e749cefc69cbdd96fe2c/screenshot - {}
RESULT: {}
RESULT: {}
COMMAND: POST /session/9f4c84e4ae75e749cefc69cbdd96fe2c/execute/async - {"script":"<script> [1562 bytes]","args":[{"selector":{"controlType":"sap.m.Title","viewName":"etm.portal.ui.managepricingrules.view.NewItem","viewId":"application-managepricingrules-display-component---newInfoPriceItem","properties":{"text":"New Pricing Rules - Item Level"}},"wdio_ui5_key":"etmportal.ui.managepricingrules.view.NewItemsap.m.Title{\"text\":\"New Pricing Rules - Item Level\"}"}]}
RESULT: {"script":"<script> [1562 bytes]","args":[{"selector":{"controlType":"sap.m.Title","viewName":"etm.portal.ui.managepricingrules.view.NewItem","viewId":"application-managepricingrules-display-component---newInfoPriceItem","properties":{"text":"New Pricing Rules - Item Level"}},"wdio_ui5_key":"etmportal.ui.managepricingrules.view.NewItemsap.m.Title{\"text\":\"New Pricing Rules - Item Level\"}"}]}
RESULT: undefined
COMMAND: POST /session/9f4c84e4ae75e749cefc69cbdd96fe2c/execute/async - {"script":"<script> [6424 bytes]","args":[{"element-6066-11e4-a52e-4f735466cecf":"f.92C64C74BFFB4A8B431616FE9F273F76.d.9EF778A84F43C41D8CEF2F7C6B40CE17.e.15304"},"getText",[]]}
RESULT: {"script":"<script> [6424 bytes]","args":[{"element-6066-11e4-a52e-4f735466cecf":"f.92C64C74BFFB4A8B431616FE9F273F76.d.9EF778A84F43C41D8CEF2F7C6B40CE17.e.15304"},"getText",[]]}
COMMAND: POST /session/9f4c84e4ae75e749cefc69cbdd96fe2c/execute/async - {"script":"<script> [1562 bytes]","args":[{"selector":{"id":"application-managepricingrules-display-component---newInfoPriceItem--condValidTo","interaction":{"idSuffix":"inner"}},"wdio_ui5_key":"applicationmanagepricingrules-display-component---newInfoPriceItem--condValidTo"}]}
RESULT: {"script":"<script> [1562 bytes]","args":[{"selector":{"id":"application-managepricingrules-display-component---newInfoPriceItem--condValidTo","interaction":{"idSuffix":"inner"}},"wdio_ui5_key":"applicationmanagepricingrules-display-component---newInfoPriceItem--condValidTo"}]}
RESULT: undefined
COMMAND: POST /session/9f4c84e4ae75e749cefc69cbdd96fe2c/execute/async - {"script":"<script> [776 bytes]","args":[{"enterText":"1/28/26","selector":{"id":"application-managepricingrules-display-component---newInfoPriceItem--condValidTo","interaction":{"idSuffix":"inner"}},"clearTextFirst":true,"interactionType":"ENTER_TEXT"}]}
RESULT: {"script":"<script> [776 bytes]","args":[{"enterText":"1/28/26","selector":{"id":"application-managepricingrules-display-component---newInfoPriceItem--condValidTo","interaction":{"idSuffix":"inner"}},"clearTextFirst":true,"interactionType":"ENTER_TEXT"}]}
COMMAND: POST /session/9f4c84e4ae75e749cefc69cbdd96fe2c/execute/async - {"script":"<script> [1562 bytes]","args":[{"selector":{"id":"application-managepricingrules-display-component---newInfoPriceItem--billType-arrow"},"wdio_ui5_key":"applicationmanagepricingrules-display-component---newInfoPriceItem--billType-arrow"}]}
RESULT: {"script":"<script> [1562 bytes]","args":[{"selector":{"id":"application-managepricingrules-display-component---newInfoPriceItem--billType-arrow"},"wdio_ui5_key":"applicationmanagepricingrules-display-component---newInfoPriceItem--billType-arrow"}]}
RESULT: undefined
COMMAND: POST /session/9f4c84e4ae75e749cefc69cbdd96fe2c/element - {"using":"xpath","value":"//*[@id=\"application-managepricingrules-display-component---newInfoPriceItem--billType-arrow\"]"}
RESULT: {"using":"xpath","value":"//*[@id=\"application-managepricingrules-display-component---newInfoPriceItem--billType-arrow\"]"}
COMMAND: POST /session/9f4c84e4ae75e749cefc69cbdd96fe2c/element/f.92C64C74BFFB4A8B431616FE9F273F76.d.9EF778A84F43C41D8CEF2F7C6B40CE17.e.15306/click - {}
RESULT: {}
COMMAND: POST /session/9f4c84e4ae75e749cefc69cbdd96fe2c/element - {"using":"xpath","value":"//span[contains(text(), \"PB - Performance based\")]"}
COMMAND: GET /session/9f4c84e4ae75e749cefc69cbdd96fe2c/screenshot - {}
RESULT: {"using":"xpath","value":"//span[contains(text(), \"PB - Performance based\")]"}
COMMAND: POST /session/9f4c84e4ae75e749cefc69cbdd96fe2c/element/f.92C64C74BFFB4A8B431616FE9F273F76.d.9EF778A84F43C41D8CEF2F7C6B40CE17.e.15307/click - {}
RESULT: {}
RESULT: {}
COMMAND: POST /session/9f4c84e4ae75e749cefc69cbdd96fe2c/execute/async - {"script":"<script> [1562 bytes]","args":[{"selector":{"id":"application-managepricingrules-display-component---newInfoPriceItem--priceProc-arrow"},"wdio_ui5_key":"applicationmanagepricingrules-display-component---newInfoPriceItem--priceProc-arrow"}]}
COMMAND: GET /session/9f4c84e4ae75e749cefc69cbdd96fe2c/screenshot - {}
RESULT: {"script":"<script> [1562 bytes]","args":[{"selector":{"id":"application-managepricingrules-display-component---newInfoPriceItem--priceProc-arrow"},"wdio_ui5_key":"applicationmanagepricingrules-display-component---newInfoPriceItem--priceProc-arrow"}]}
RESULT: undefined
COMMAND: POST /session/9f4c84e4ae75e749cefc69cbdd96fe2c/element - {"using":"xpath","value":"//*[@id=\"application-managepricingrules-display-component---newInfoPriceItem--priceProc-arrow\"]"}
RESULT: {}
RESULT: {"using":"xpath","value":"//*[@id=\"application-managepricingrules-display-component---newInfoPriceItem--priceProc-arrow\"]"}
COMMAND: POST /session/9f4c84e4ae75e749cefc69cbdd96fe2c/element/f.92C64C74BFFB4A8B431616FE9F273F76.d.9EF778A84F43C41D8CEF2F7C6B40CE17.e.15308/click - {}
RESULT: {}
COMMAND: POST /session/9f4c84e4ae75e749cefc69cbdd96fe2c/element - {"using":"xpath","value":"//span[contains(text(), \"PRF - Performance based\")]"}
COMMAND: GET /session/9f4c84e4ae75e749cefc69cbdd96fe2c/screenshot - {}
RESULT: {"using":"xpath","value":"//span[contains(text(), \"PRF - Performance based\")]"}
COMMAND: POST /session/9f4c84e4ae75e749cefc69cbdd96fe2c/element/f.92C64C74BFFB4A8B431616FE9F273F76.d.9EF778A84F43C41D8CEF2F7C6B40CE17.e.15309/click - {}
RESULT: {}
RESULT: {}
COMMAND: POST /session/9f4c84e4ae75e749cefc69cbdd96fe2c/execute/async - {"script":"<script> [1562 bytes]","args":[{"selector":{"id":"application-managepricingrules-display-component---newInfoPriceItem--calcBase-arrow"},"wdio_ui5_key":"applicationmanagepricingrules-display-component---newInfoPriceItem--calcBase-arrow"}]}
COMMAND: GET /session/9f4c84e4ae75e749cefc69cbdd96fe2c/screenshot - {}
RESULT: {"script":"<script> [1562 bytes]","args":[{"selector":{"id":"application-managepricingrules-display-component---newInfoPriceItem--calcBase-arrow"},"wdio_ui5_key":"applicationmanagepricingrules-display-component---newInfoPriceItem--calcBase-arrow"}]}
RESULT: undefined
COMMAND: POST /session/9f4c84e4ae75e749cefc69cbdd96fe2c/element - {"using":"xpath","value":"//*[@id=\"application-managepricingrules-display-component---newInfoPriceItem--calcBase-arrow\"]"}
RESULT: {}
RESULT: {"using":"xpath","value":"//*[@id=\"application-managepricingrules-display-component---newInfoPriceItem--calcBase-arrow\"]"}
COMMAND: POST /session/9f4c84e4ae75e749cefc69cbdd96fe2c/element/f.92C64C74BFFB4A8B431616FE9F273F76.d.9EF778A84F43C41D8CEF2F7C6B40CE17.e.15280/click - {}
RESULT: {}
COMMAND: GET /session/9f4c84e4ae75e749cefc69cbdd96fe2c/screenshot - {}
RESULT: {}
COMMAND: POST /session/9f4c84e4ae75e749cefc69cbdd96fe2c/element - {"using":"xpath","value":"//span[contains(text(), \"0007 - PB(work days)\")]"}
RESULT: {"using":"xpath","value":"//span[contains(text(), \"0007 - PB(work days)\")]"}
COMMAND: POST /session/9f4c84e4ae75e749cefc69cbdd96fe2c/element/f.92C64C74BFFB4A8B431616FE9F273F76.d.9EF778A84F43C41D8CEF2F7C6B40CE17.e.15310/click - {}
RESULT: {}
COMMAND: GET /session/9f4c84e4ae75e749cefc69cbdd96fe2c/screenshot - {}
RESULT: {}
COMMAND: POST /session/9f4c84e4ae75e749cefc69cbdd96fe2c/execute/async - {"script":"<script> [1562 bytes]","args":[{"selector":{"id":"application-managepricingrules-display-component---newInfoPriceItem--hoursMonth","interaction":{"idSuffix":"inner"}},"wdio_ui5_key":"applicationmanagepricingrules-display-component---newInfoPriceItem--hoursMonth"}]}
RESULT: {"script":"<script> [1562 bytes]","args":[{"selector":{"id":"application-managepricingrules-display-component---newInfoPriceItem--hoursMonth","interaction":{"idSuffix":"inner"}},"wdio_ui5_key":"applicationmanagepricingrules-display-component---newInfoPriceItem--hoursMonth"}]}
RESULT: undefined
COMMAND: POST /session/9f4c84e4ae75e749cefc69cbdd96fe2c/execute/async - {"script":"<script> [776 bytes]","args":[{"enterText":"160","selector":{"id":"application-managepricingrules-display-component---newInfoPriceItem--hoursMonth","interaction":{"idSuffix":"inner"}},"clearTextFirst":true,"interactionType":"ENTER_TEXT"}]}
RESULT: {"script":"<script> [776 bytes]","args":[{"enterText":"160","selector":{"id":"application-managepricingrules-display-component---newInfoPriceItem--hoursMonth","interaction":{"idSuffix":"inner"}},"clearTextFirst":true,"interactionType":"ENTER_TEXT"}]}
COMMAND: POST /session/9f4c84e4ae75e749cefc69cbdd96fe2c/element - {"using":"xpath","value":"//button[@data-kt=\"saveNewRuleButton\"]"}
RESULT: {"using":"xpath","value":"//button[@data-kt=\"saveNewRuleButton\"]"}
COMMAND: POST /session/9f4c84e4ae75e749cefc69cbdd96fe2c/element/f.92C64C74BFFB4A8B431616FE9F273F76.d.9EF778A84F43C41D8CEF2F7C6B40CE17.e.15292/click - {}
RESULT: {}
COMMAND: GET /session/9f4c84e4ae75e749cefc69cbdd96fe2c/screenshot - {}
RESULT: {}
COMMAND: POST /session/9f4c84e4ae75e749cefc69cbdd96fe2c/execute/async - {"script":"<script> [1562 bytes]","args":[{"selector":{"id":"application-managepricingrules-display-component---priceInfoItem--smartFilterBar-btnBasicSearch","interaction":{"idSuffix":"I"}},"wdio_ui5_key":"applicationmanagepricingrules-display-component---priceInfoItem--smartFilterBar-btnBasicSearch"}]}
RESULT: {"script":"<script> [1562 bytes]","args":[{"selector":{"id":"application-managepricingrules-display-component---priceInfoItem--smartFilterBar-btnBasicSearch","interaction":{"idSuffix":"I"}},"wdio_ui5_key":"applicationmanagepricingrules-display-component---priceInfoItem--smartFilterBar-btnBasicSearch"}]}
RESULT: undefined
COMMAND: POST /session/9f4c84e4ae75e749cefc69cbdd96fe2c/execute/async - {"script":"<script> [776 bytes]","args":[{"enterText":"kn1SDEtmPC","selector":{"id":"application-managepricingrules-display-component---priceInfoItem--smartFilterBar-btnBasicSearch","interaction":{"idSuffix":"I"}},"clearTextFirst":true,"interactionType":"ENTER_TEXT"}]}
RESULT: {"script":"<script> [776 bytes]","args":[{"enterText":"kn1SDEtmPC","selector":{"id":"application-managepricingrules-display-component---priceInfoItem--smartFilterBar-btnBasicSearch","interaction":{"idSuffix":"I"}},"clearTextFirst":true,"interactionType":"ENTER_TEXT"}]}
COMMAND: POST /session/9f4c84e4ae75e749cefc69cbdd96fe2c/actions - {"actions":[{"id":"action55","type":"key","parameters":{},"actions":[{"type":"keyDown","value":""},{"type":"pause","duration":10},{"type":"keyUp","value":""}]}]}
RESULT: {"actions":[{"id":"action55","type":"key","parameters":{},"actions":[{"type":"keyDown","value":""},{"type":"pause","duration":10},{"type":"keyUp","value":""}]}]}
COMMAND: GET /session/9f4c84e4ae75e749cefc69cbdd96fe2c/screenshot - {}
RESULT: {}
COMMAND: POST /session/9f4c84e4ae75e749cefc69cbdd96fe2c/element - {"using":"xpath","value":"//span[@id=\"application-managepricingrules-display-component---priceInfoItem--smartTable-header-inner\"]"}
RESULT: {"using":"xpath","value":"//span[@id=\"application-managepricingrules-display-component---priceInfoItem--smartTable-header-inner\"]"}
COMMAND: POST /session/9f4c84e4ae75e749cefc69cbdd96fe2c/elements - {"using":"xpath","value":"//span[@id=\"application-managepricingrules-display-component---priceInfoItem--smartTable-header-inner\"]"}
RESULT: {"using":"xpath","value":"//span[@id=\"application-managepricingrules-display-component---priceInfoItem--smartTable-header-inner\"]"}
COMMAND: POST /session/9f4c84e4ae75e749cefc69cbdd96fe2c/execute/sync - {"script":"<script> [56 bytes]","args":[{"element-6066-11e4-a52e-4f735466cecf":"f.92C64C74BFFB4A8B431616FE9F273F76.d.9EF778A84F43C41D8CEF2F7C6B40CE17.e.15324","ELEMENT":"f.92C64C74BFFB4A8B431616FE9F273F76.d.9EF778A84F43C41D8CEF2F7C6B40CE17.e.15324"}]}
RESULT: {"script":"<script> [56 bytes]","args":[{"element-6066-11e4-a52e-4f735466cecf":"f.92C64C74BFFB4A8B431616FE9F273F76.d.9EF778A84F43C41D8CEF2F7C6B40CE17.e.15324","ELEMENT":"f.92C64C74BFFB4A8B431616FE9F273F76.d.9EF778A84F43C41D8CEF2F7C6B40CE17.e.15324"}]}
COMMAND: POST /session/9f4c84e4ae75e749cefc69cbdd96fe2c/element - {"using":"css selector","value":"#shell-header-logo"}
COMMAND: GET /session/9f4c84e4ae75e749cefc69cbdd96fe2c/screenshot - {}
RESULT: {"using":"css selector","value":"#shell-header-logo"}
COMMAND: POST /session/9f4c84e4ae75e749cefc69cbdd96fe2c/element/f.92C64C74BFFB4A8B431616FE9F273F76.d.9EF778A84F43C41D8CEF2F7C6B40CE17.e.14486/click - {}
RESULT: {}
RESULT: {}
COMMAND: GET /session/9f4c84e4ae75e749cefc69cbdd96fe2c/screenshot - {}
RESULT: {}
]]></system-out>
    </testcase>
    <testcase classname="chrome.136_0_7103_93.windows.Performance_based_billing_(work_days)_US139742" name="Should create a performance based billing condition on the equipment" time="67.504">
      <system-out><![CDATA[
COMMAND: POST /session/9f4c84e4ae75e749cefc69cbdd96fe2c/execute/async - {"script":"<script> [1562 bytes]","args":[{"selector":{"controlType":"sap.m.GenericTile","properties":{"header":"Manage Conditions & Prices"}},"wdio_ui5_key":"sapm.GenericTile{\"header\":\"Manage Conditions & Prices\"}"}]}
RESULT: {"script":"<script> [1562 bytes]","args":[{"selector":{"controlType":"sap.m.GenericTile","properties":{"header":"Manage Conditions & Prices"}},"wdio_ui5_key":"sapm.GenericTile{\"header\":\"Manage Conditions & Prices\"}"}]}
RESULT: undefined
COMMAND: POST /session/9f4c84e4ae75e749cefc69cbdd96fe2c/element - {"using":"xpath","value":"//*[@id=\"__tile53\"]"}
RESULT: {"using":"xpath","value":"//*[@id=\"__tile53\"]"}
COMMAND: POST /session/9f4c84e4ae75e749cefc69cbdd96fe2c/element/f.92C64C74BFFB4A8B431616FE9F273F76.d.9EF778A84F43C41D8CEF2F7C6B40CE17.e.14436/click - {}
RESULT: {}
COMMAND: GET /session/9f4c84e4ae75e749cefc69cbdd96fe2c/screenshot - {}
COMMAND: POST /session/9f4c84e4ae75e749cefc69cbdd96fe2c/elements - {"using":"xpath","value":"//span[text()='Error']"}
RESULT: {}
RESULT: {"using":"xpath","value":"//span[text()='Error']"}
COMMAND: POST /session/9f4c84e4ae75e749cefc69cbdd96fe2c/element - {"using":"xpath","value":"//button[@aria-label=\"Create\"]"}
RESULT: {"using":"xpath","value":"//button[@aria-label=\"Create\"]"}
COMMAND: POST /session/9f4c84e4ae75e749cefc69cbdd96fe2c/elements - {"using":"xpath","value":"//button[@aria-label=\"Create\"]"}
RESULT: {"using":"xpath","value":"//button[@aria-label=\"Create\"]"}
COMMAND: POST /session/9f4c84e4ae75e749cefc69cbdd96fe2c/execute/sync - {"script":"<script> [8489 bytes]","args":[{"element-6066-11e4-a52e-4f735466cecf":"f.92C64C74BFFB4A8B431616FE9F273F76.d.9EF778A84F43C41D8CEF2F7C6B40CE17.e.15359","ELEMENT":"f.92C64C74BFFB4A8B431616FE9F273F76.d.9EF778A84F43C41D8CEF2F7C6B40CE17.e.15359"}]}
RESULT: {"script":"<script> [8489 bytes]","args":[{"element-6066-11e4-a52e-4f735466cecf":"f.92C64C74BFFB4A8B431616FE9F273F76.d.9EF778A84F43C41D8CEF2F7C6B40CE17.e.15359","ELEMENT":"f.92C64C74BFFB4A8B431616FE9F273F76.d.9EF778A84F43C41D8CEF2F7C6B40CE17.e.15359"}]}
COMMAND: GET /session/9f4c84e4ae75e749cefc69cbdd96fe2c/element/f.92C64C74BFFB4A8B431616FE9F273F76.d.9EF778A84F43C41D8CEF2F7C6B40CE17.e.15359/enabled - {}
COMMAND: GET /session/9f4c84e4ae75e749cefc69cbdd96fe2c/screenshot - {}
RESULT: {}
COMMAND: POST /session/9f4c84e4ae75e749cefc69cbdd96fe2c/execute/sync - {"script":"<script> [8489 bytes]","args":[{"element-6066-11e4-a52e-4f735466cecf":"f.92C64C74BFFB4A8B431616FE9F273F76.d.9EF778A84F43C41D8CEF2F7C6B40CE17.e.15359","ELEMENT":"f.92C64C74BFFB4A8B431616FE9F273F76.d.9EF778A84F43C41D8CEF2F7C6B40CE17.e.15359"}]}
COMMAND: GET /session/9f4c84e4ae75e749cefc69cbdd96fe2c/screenshot - {}
RESULT: {}
RESULT: {"script":"<script> [8489 bytes]","args":[{"element-6066-11e4-a52e-4f735466cecf":"f.92C64C74BFFB4A8B431616FE9F273F76.d.9EF778A84F43C41D8CEF2F7C6B40CE17.e.15359","ELEMENT":"f.92C64C74BFFB4A8B431616FE9F273F76.d.9EF778A84F43C41D8CEF2F7C6B40CE17.e.15359"}]}
COMMAND: POST /session/9f4c84e4ae75e749cefc69cbdd96fe2c/execute/sync - {"script":"<script> [5351 bytes]","args":[{"element-6066-11e4-a52e-4f735466cecf":"f.92C64C74BFFB4A8B431616FE9F273F76.d.9EF778A84F43C41D8CEF2F7C6B40CE17.e.15359","ELEMENT":"f.92C64C74BFFB4A8B431616FE9F273F76.d.9EF778A84F43C41D8CEF2F7C6B40CE17.e.15359"}]}
COMMAND: GET /session/9f4c84e4ae75e749cefc69cbdd96fe2c/screenshot - {}
RESULT: {}
RESULT: {"script":"<script> [5351 bytes]","args":[{"element-6066-11e4-a52e-4f735466cecf":"f.92C64C74BFFB4A8B431616FE9F273F76.d.9EF778A84F43C41D8CEF2F7C6B40CE17.e.15359","ELEMENT":"f.92C64C74BFFB4A8B431616FE9F273F76.d.9EF778A84F43C41D8CEF2F7C6B40CE17.e.15359"}]}
COMMAND: POST /session/9f4c84e4ae75e749cefc69cbdd96fe2c/element/f.92C64C74BFFB4A8B431616FE9F273F76.d.9EF778A84F43C41D8CEF2F7C6B40CE17.e.15359/click - {}
COMMAND: GET /session/9f4c84e4ae75e749cefc69cbdd96fe2c/screenshot - {}
RESULT: {}
RESULT: {}
COMMAND: GET /session/9f4c84e4ae75e749cefc69cbdd96fe2c/screenshot - {}
RESULT: {}
RESULT: {}
COMMAND: POST /session/9f4c84e4ae75e749cefc69cbdd96fe2c/actions - {"actions":[{"id":"action56","type":"key","parameters":{},"actions":[{"type":"keyDown","value":""},{"type":"pause","duration":10},{"type":"keyUp","value":""}]}]}
RESULT: {"actions":[{"id":"action56","type":"key","parameters":{},"actions":[{"type":"keyDown","value":""},{"type":"pause","duration":10},{"type":"keyUp","value":""}]}]}
COMMAND: GET /session/9f4c84e4ae75e749cefc69cbdd96fe2c/screenshot - {}
RESULT: {}
COMMAND: POST /session/9f4c84e4ae75e749cefc69cbdd96fe2c/execute/async - {"script":"<script> [1562 bytes]","args":[{"selector":{"id":"application-manageconditionprice-display-component---newCondition--condBillCond-arrow"},"wdio_ui5_key":"applicationmanageconditionprice-display-component---newCondition--condBillCond-arrow"}]}
RESULT: {"script":"<script> [1562 bytes]","args":[{"selector":{"id":"application-manageconditionprice-display-component---newCondition--condBillCond-arrow"},"wdio_ui5_key":"applicationmanageconditionprice-display-component---newCondition--condBillCond-arrow"}]}
RESULT: undefined
COMMAND: POST /session/9f4c84e4ae75e749cefc69cbdd96fe2c/element - {"using":"xpath","value":"//*[@id=\"application-manageconditionprice-display-component---newCondition--condBillCond-arrow\"]"}
RESULT: {"using":"xpath","value":"//*[@id=\"application-manageconditionprice-display-component---newCondition--condBillCond-arrow\"]"}
COMMAND: POST /session/9f4c84e4ae75e749cefc69cbdd96fe2c/element/f.92C64C74BFFB4A8B431616FE9F273F76.d.9EF778A84F43C41D8CEF2F7C6B40CE17.e.15540/click - {}
RESULT: {}
COMMAND: GET /session/9f4c84e4ae75e749cefc69cbdd96fe2c/screenshot - {}
RESULT: {}
COMMAND: POST /session/9f4c84e4ae75e749cefc69cbdd96fe2c/element - {"using":"xpath","value":"//li[.//span[contains(text(), \"PC06 - Performance Price - fuel\")]]"}
RESULT: {"using":"xpath","value":"//li[.//span[contains(text(), \"PC06 - Performance Price - fuel\")]]"}
COMMAND: POST /session/9f4c84e4ae75e749cefc69cbdd96fe2c/element/f.92C64C74BFFB4A8B431616FE9F273F76.d.9EF778A84F43C41D8CEF2F7C6B40CE17.e.15543/click - {}
RESULT: {}
COMMAND: GET /session/9f4c84e4ae75e749cefc69cbdd96fe2c/screenshot - {}
RESULT: {}
COMMAND: POST /session/9f4c84e4ae75e749cefc69cbdd96fe2c/execute/async - {"script":"<script> [1562 bytes]","args":[{"selector":{"id":"application-manageconditionprice-display-component---newCondition--condValidTo","interaction":{"idSuffix":"inner"}},"wdio_ui5_key":"applicationmanageconditionprice-display-component---newCondition--condValidTo"}]}
RESULT: {"script":"<script> [1562 bytes]","args":[{"selector":{"id":"application-manageconditionprice-display-component---newCondition--condValidTo","interaction":{"idSuffix":"inner"}},"wdio_ui5_key":"applicationmanageconditionprice-display-component---newCondition--condValidTo"}]}
RESULT: undefined
COMMAND: POST /session/9f4c84e4ae75e749cefc69cbdd96fe2c/execute/async - {"script":"<script> [776 bytes]","args":[{"enterText":"1/28/26","selector":{"id":"application-manageconditionprice-display-component---newCondition--condValidTo","interaction":{"idSuffix":"inner"}},"clearTextFirst":true,"interactionType":"ENTER_TEXT"}]}
RESULT: {"script":"<script> [776 bytes]","args":[{"enterText":"1/28/26","selector":{"id":"application-manageconditionprice-display-component---newCondition--condValidTo","interaction":{"idSuffix":"inner"}},"clearTextFirst":true,"interactionType":"ENTER_TEXT"}]}
COMMAND: POST /session/9f4c84e4ae75e749cefc69cbdd96fe2c/element - {"using":"xpath","value":"//input[@id=\"application-manageconditionprice-display-component---newCondition--condRU-inner\"]"}
RESULT: {"using":"xpath","value":"//input[@id=\"application-manageconditionprice-display-component---newCondition--condRU-inner\"]"}
COMMAND: POST /session/9f4c84e4ae75e749cefc69cbdd96fe2c/element/f.92C64C74BFFB4A8B431616FE9F273F76.d.9EF778A84F43C41D8CEF2F7C6B40CE17.e.15405/clear - {}
RESULT: {}
COMMAND: POST /session/9f4c84e4ae75e749cefc69cbdd96fe2c/element/f.92C64C74BFFB4A8B431616FE9F273F76.d.9EF778A84F43C41D8CEF2F7C6B40CE17.e.15405/value - {"text":"kn1SDEtmPC"}
COMMAND: GET /session/9f4c84e4ae75e749cefc69cbdd96fe2c/screenshot - {}
RESULT: {"text":"kn1SDEtmPC"}
COMMAND: GET /session/9f4c84e4ae75e749cefc69cbdd96fe2c/screenshot - {}
RESULT: {}
RESULT: {}
COMMAND: POST /session/9f4c84e4ae75e749cefc69cbdd96fe2c/actions - {"actions":[{"id":"action57","type":"key","parameters":{},"actions":[{"type":"keyDown","value":""},{"type":"pause","duration":10},{"type":"keyUp","value":""}]}]}
RESULT: {"actions":[{"id":"action57","type":"key","parameters":{},"actions":[{"type":"keyDown","value":""},{"type":"pause","duration":10},{"type":"keyUp","value":""}]}]}
COMMAND: POST /session/9f4c84e4ae75e749cefc69cbdd96fe2c/execute/async - {"script":"<script> [1562 bytes]","args":[{"selector":{"id":"application-manageconditionprice-display-component---newCondition--condBaseQty","interaction":{"idSuffix":"inner"}},"wdio_ui5_key":"applicationmanageconditionprice-display-component---newCondition--condBaseQty"}]}
COMMAND: GET /session/9f4c84e4ae75e749cefc69cbdd96fe2c/screenshot - {}
RESULT: {"script":"<script> [1562 bytes]","args":[{"selector":{"id":"application-manageconditionprice-display-component---newCondition--condBaseQty","interaction":{"idSuffix":"inner"}},"wdio_ui5_key":"applicationmanageconditionprice-display-component---newCondition--condBaseQty"}]}
RESULT: undefined
COMMAND: POST /session/9f4c84e4ae75e749cefc69cbdd96fe2c/execute/async - {"script":"<script> [776 bytes]","args":[{"enterText":"1","selector":{"id":"application-manageconditionprice-display-component---newCondition--condBaseQty","interaction":{"idSuffix":"inner"}},"clearTextFirst":true,"interactionType":"ENTER_TEXT"}]}
RESULT: {}
RESULT: {"script":"<script> [776 bytes]","args":[{"enterText":"1","selector":{"id":"application-manageconditionprice-display-component---newCondition--condBaseQty","interaction":{"idSuffix":"inner"}},"clearTextFirst":true,"interactionType":"ENTER_TEXT"}]}
COMMAND: POST /session/9f4c84e4ae75e749cefc69cbdd96fe2c/execute/async - {"script":"<script> [1562 bytes]","args":[{"selector":{"id":"application-manageconditionprice-display-component---newCondition--condValue","interaction":{"idSuffix":"inner"}},"wdio_ui5_key":"applicationmanageconditionprice-display-component---newCondition--condValue"}]}
RESULT: {"script":"<script> [1562 bytes]","args":[{"selector":{"id":"application-manageconditionprice-display-component---newCondition--condValue","interaction":{"idSuffix":"inner"}},"wdio_ui5_key":"applicationmanageconditionprice-display-component---newCondition--condValue"}]}
RESULT: undefined
COMMAND: POST /session/9f4c84e4ae75e749cefc69cbdd96fe2c/execute/async - {"script":"<script> [776 bytes]","args":[{"enterText":"10","selector":{"id":"application-manageconditionprice-display-component---newCondition--condValue","interaction":{"idSuffix":"inner"}},"clearTextFirst":true,"interactionType":"ENTER_TEXT"}]}
RESULT: {"script":"<script> [776 bytes]","args":[{"enterText":"10","selector":{"id":"application-manageconditionprice-display-component---newCondition--condValue","interaction":{"idSuffix":"inner"}},"clearTextFirst":true,"interactionType":"ENTER_TEXT"}]}
COMMAND: POST /session/9f4c84e4ae75e749cefc69cbdd96fe2c/execute/async - {"script":"<script> [1562 bytes]","args":[{"selector":{"id":"application-manageconditionprice-display-component---newCondition--condCurr-arrow"},"wdio_ui5_key":"applicationmanageconditionprice-display-component---newCondition--condCurr-arrow"}]}
RESULT: {"script":"<script> [1562 bytes]","args":[{"selector":{"id":"application-manageconditionprice-display-component---newCondition--condCurr-arrow"},"wdio_ui5_key":"applicationmanageconditionprice-display-component---newCondition--condCurr-arrow"}]}
RESULT: undefined
COMMAND: POST /session/9f4c84e4ae75e749cefc69cbdd96fe2c/element - {"using":"xpath","value":"//*[@id=\"application-manageconditionprice-display-component---newCondition--condCurr-arrow\"]"}
RESULT: {"using":"xpath","value":"//*[@id=\"application-manageconditionprice-display-component---newCondition--condCurr-arrow\"]"}
COMMAND: POST /session/9f4c84e4ae75e749cefc69cbdd96fe2c/element/f.92C64C74BFFB4A8B431616FE9F273F76.d.9EF778A84F43C41D8CEF2F7C6B40CE17.e.15499/click - {}
RESULT: {}
COMMAND: POST /session/9f4c84e4ae75e749cefc69cbdd96fe2c/element - {"using":"xpath","value":"//span[contains(text(), \"Euro\")]"}
COMMAND: GET /session/9f4c84e4ae75e749cefc69cbdd96fe2c/screenshot - {}
RESULT: {"using":"xpath","value":"//span[contains(text(), \"Euro\")]"}
COMMAND: POST /session/9f4c84e4ae75e749cefc69cbdd96fe2c/element/f.92C64C74BFFB4A8B431616FE9F273F76.d.9EF778A84F43C41D8CEF2F7C6B40CE17.e.15578/click - {}
RESULT: {}
RESULT: {}
COMMAND: POST /session/9f4c84e4ae75e749cefc69cbdd96fe2c/element - {"using":"xpath","value":"//button[@data-kt=\"saveButton\"]"}
COMMAND: GET /session/9f4c84e4ae75e749cefc69cbdd96fe2c/screenshot - {}
RESULT: {"using":"xpath","value":"//button[@data-kt=\"saveButton\"]"}
COMMAND: POST /session/9f4c84e4ae75e749cefc69cbdd96fe2c/element/f.92C64C74BFFB4A8B431616FE9F273F76.d.9EF778A84F43C41D8CEF2F7C6B40CE17.e.15500/click - {}
RESULT: {}
RESULT: {}
COMMAND: GET /session/9f4c84e4ae75e749cefc69cbdd96fe2c/screenshot - {}
RESULT: {}
COMMAND: POST /session/9f4c84e4ae75e749cefc69cbdd96fe2c/execute/async - {"script":"<script> [1562 bytes]","args":[{"selector":{"id":"application-manageconditionprice-display-component---conditions--smartFilterBar-btnBasicSearch","interaction":{"idSuffix":"I"}},"wdio_ui5_key":"applicationmanageconditionprice-display-component---conditions--smartFilterBar-btnBasicSearch"}]}
RESULT: {"script":"<script> [1562 bytes]","args":[{"selector":{"id":"application-manageconditionprice-display-component---conditions--smartFilterBar-btnBasicSearch","interaction":{"idSuffix":"I"}},"wdio_ui5_key":"applicationmanageconditionprice-display-component---conditions--smartFilterBar-btnBasicSearch"}]}
RESULT: undefined
COMMAND: POST /session/9f4c84e4ae75e749cefc69cbdd96fe2c/execute/async - {"script":"<script> [776 bytes]","args":[{"enterText":"kn1SDEtmPC","selector":{"id":"application-manageconditionprice-display-component---conditions--smartFilterBar-btnBasicSearch","interaction":{"idSuffix":"I"}},"clearTextFirst":true,"interactionType":"ENTER_TEXT"}]}
RESULT: {"script":"<script> [776 bytes]","args":[{"enterText":"kn1SDEtmPC","selector":{"id":"application-manageconditionprice-display-component---conditions--smartFilterBar-btnBasicSearch","interaction":{"idSuffix":"I"}},"clearTextFirst":true,"interactionType":"ENTER_TEXT"}]}
COMMAND: POST /session/9f4c84e4ae75e749cefc69cbdd96fe2c/actions - {"actions":[{"id":"action58","type":"key","parameters":{},"actions":[{"type":"keyDown","value":""},{"type":"pause","duration":10},{"type":"keyUp","value":""}]}]}
RESULT: {"actions":[{"id":"action58","type":"key","parameters":{},"actions":[{"type":"keyDown","value":""},{"type":"pause","duration":10},{"type":"keyUp","value":""}]}]}
COMMAND: GET /session/9f4c84e4ae75e749cefc69cbdd96fe2c/screenshot - {}
RESULT: {}
COMMAND: POST /session/9f4c84e4ae75e749cefc69cbdd96fe2c/execute/async - {"script":"<script> [1562 bytes]","args":[{"selector":{"id":"application-manageconditionprice-display-component---conditions--smartFilterBar-filterItemControl_BASIC-BILL_TYPES-vhi"},"wdio_ui5_key":"applicationmanageconditionprice-display-component---conditions--smartFilterBar-filterItemControl_BASIC-BILL_TYPES-vhi"}]}
RESULT: {"script":"<script> [1562 bytes]","args":[{"selector":{"id":"application-manageconditionprice-display-component---conditions--smartFilterBar-filterItemControl_BASIC-BILL_TYPES-vhi"},"wdio_ui5_key":"applicationmanageconditionprice-display-component---conditions--smartFilterBar-filterItemControl_BASIC-BILL_TYPES-vhi"}]}
RESULT: undefined
COMMAND: POST /session/9f4c84e4ae75e749cefc69cbdd96fe2c/element - {"using":"xpath","value":"//*[@id=\"application-manageconditionprice-display-component---conditions--smartFilterBar-filterItemControl_BASIC-BILL_TYPES-vhi\"]"}
RESULT: {"using":"xpath","value":"//*[@id=\"application-manageconditionprice-display-component---conditions--smartFilterBar-filterItemControl_BASIC-BILL_TYPES-vhi\"]"}
COMMAND: POST /session/9f4c84e4ae75e749cefc69cbdd96fe2c/element/f.92C64C74BFFB4A8B431616FE9F273F76.d.9EF778A84F43C41D8CEF2F7C6B40CE17.e.15673/click - {}
RESULT: {}
COMMAND: POST /session/9f4c84e4ae75e749cefc69cbdd96fe2c/execute/async - {"script":"<script> [1562 bytes]","args":[{"selector":{"id":"application-manageconditionprice-display-component---conditions--smartFilterBar-filterItemControl_BASIC-BILL_TYPES-valueHelpDialog-smartFilterBar-btnBasicSearch","searchOpenDialogs":true,"interaction":{"idSuffix":"I"}},"wdio_ui5_key":"applicationmanageconditionprice-display-component---conditions--smartFilterBar-filterItemControl_BASIC-BILL_TYPES-valueHelpDialog-smartFilterBar-btnBasicSearch"}]}
COMMAND: GET /session/9f4c84e4ae75e749cefc69cbdd96fe2c/screenshot - {}
RESULT: {"script":"<script> [1562 bytes]","args":[{"selector":{"id":"application-manageconditionprice-display-component---conditions--smartFilterBar-filterItemControl_BASIC-BILL_TYPES-valueHelpDialog-smartFilterBar-btnBasicSearch","searchOpenDialogs":true,"interaction":{"idSuffix":"I"}},"wdio_ui5_key":"applicationmanageconditionprice-display-component---conditions--smartFilterBar-filterItemControl_BASIC-BILL_TYPES-valueHelpDialog-smartFilterBar-btnBasicSearch"}]}
RESULT: undefined
COMMAND: POST /session/9f4c84e4ae75e749cefc69cbdd96fe2c/execute/async - {"script":"<script> [776 bytes]","args":[{"enterText":"PB","selector":{"id":"application-manageconditionprice-display-component---conditions--smartFilterBar-filterItemControl_BASIC-BILL_TYPES-valueHelpDialog-smartFilterBar-btnBasicSearch","searchOpenDialogs":true,"interaction":{"idSuffix":"I"}},"clearTextFirst":true,"interactionType":"ENTER_TEXT"}]}
RESULT: {}
RESULT: {"script":"<script> [776 bytes]","args":[{"enterText":"PB","selector":{"id":"application-manageconditionprice-display-component---conditions--smartFilterBar-filterItemControl_BASIC-BILL_TYPES-valueHelpDialog-smartFilterBar-btnBasicSearch","searchOpenDialogs":true,"interaction":{"idSuffix":"I"}},"clearTextFirst":true,"interactionType":"ENTER_TEXT"}]}
COMMAND: POST /session/9f4c84e4ae75e749cefc69cbdd96fe2c/actions - {"actions":[{"id":"action59","type":"key","parameters":{},"actions":[{"type":"keyDown","value":""},{"type":"pause","duration":10},{"type":"keyUp","value":""}]}]}
RESULT: {"actions":[{"id":"action59","type":"key","parameters":{},"actions":[{"type":"keyDown","value":""},{"type":"pause","duration":10},{"type":"keyUp","value":""}]}]}
COMMAND: GET /session/9f4c84e4ae75e749cefc69cbdd96fe2c/screenshot - {}
RESULT: {}
COMMAND: POST /session/9f4c84e4ae75e749cefc69cbdd96fe2c/element - {"using":"xpath","value":"//div[contains(@id, 'application-manageconditionprice-display-component---conditions--smartFilterBar-filterItemControl_BASIC-BILL_TYPES-valueHelpDialog-table-rowsel0')]"}
RESULT: {"using":"xpath","value":"//div[contains(@id, 'application-manageconditionprice-display-component---conditions--smartFilterBar-filterItemControl_BASIC-BILL_TYPES-valueHelpDialog-table-rowsel0')]"}
COMMAND: POST /session/9f4c84e4ae75e749cefc69cbdd96fe2c/element/f.92C64C74BFFB4A8B431616FE9F273F76.d.9EF778A84F43C41D8CEF2F7C6B40CE17.e.15683/click - {}
RESULT: {}
COMMAND: GET /session/9f4c84e4ae75e749cefc69cbdd96fe2c/screenshot - {}
RESULT: {}
COMMAND: POST /session/9f4c84e4ae75e749cefc69cbdd96fe2c/element - {"using":"xpath","value":"//bdi[contains(text(), \"OK\")]"}
RESULT: {"using":"xpath","value":"//bdi[contains(text(), \"OK\")]"}
COMMAND: POST /session/9f4c84e4ae75e749cefc69cbdd96fe2c/element/f.92C64C74BFFB4A8B431616FE9F273F76.d.9EF778A84F43C41D8CEF2F7C6B40CE17.e.15685/click - {}
RESULT: {}
COMMAND: GET /session/9f4c84e4ae75e749cefc69cbdd96fe2c/screenshot - {}
RESULT: {}
COMMAND: POST /session/9f4c84e4ae75e749cefc69cbdd96fe2c/element - {"using":"xpath","value":"//span[@id=\"application-manageconditionprice-display-component---conditions--smartTable-header-inner\"]"}
RESULT: {"using":"xpath","value":"//span[@id=\"application-manageconditionprice-display-component---conditions--smartTable-header-inner\"]"}
COMMAND: POST /session/9f4c84e4ae75e749cefc69cbdd96fe2c/elements - {"using":"xpath","value":"//span[@id=\"application-manageconditionprice-display-component---conditions--smartTable-header-inner\"]"}
RESULT: {"using":"xpath","value":"//span[@id=\"application-manageconditionprice-display-component---conditions--smartTable-header-inner\"]"}
COMMAND: POST /session/9f4c84e4ae75e749cefc69cbdd96fe2c/execute/sync - {"script":"<script> [56 bytes]","args":[{"element-6066-11e4-a52e-4f735466cecf":"f.92C64C74BFFB4A8B431616FE9F273F76.d.9EF778A84F43C41D8CEF2F7C6B40CE17.e.15688","ELEMENT":"f.92C64C74BFFB4A8B431616FE9F273F76.d.9EF778A84F43C41D8CEF2F7C6B40CE17.e.15688"}]}
RESULT: {"script":"<script> [56 bytes]","args":[{"element-6066-11e4-a52e-4f735466cecf":"f.92C64C74BFFB4A8B431616FE9F273F76.d.9EF778A84F43C41D8CEF2F7C6B40CE17.e.15688","ELEMENT":"f.92C64C74BFFB4A8B431616FE9F273F76.d.9EF778A84F43C41D8CEF2F7C6B40CE17.e.15688"}]}
COMMAND: POST /session/9f4c84e4ae75e749cefc69cbdd96fe2c/element - {"using":"css selector","value":"#shell-header-logo"}
COMMAND: GET /session/9f4c84e4ae75e749cefc69cbdd96fe2c/screenshot - {}
RESULT: {"using":"css selector","value":"#shell-header-logo"}
COMMAND: POST /session/9f4c84e4ae75e749cefc69cbdd96fe2c/element/f.92C64C74BFFB4A8B431616FE9F273F76.d.9EF778A84F43C41D8CEF2F7C6B40CE17.e.15327/click - {}
RESULT: {}
RESULT: {}
COMMAND: GET /session/9f4c84e4ae75e749cefc69cbdd96fe2c/screenshot - {}
RESULT: {}
]]></system-out>
    </testcase>
    <testcase classname="chrome.136_0_7103_93.windows.Performance_based_billing_(work_days)_US139742" name="Should add a counter to the equipment" time="66.126">
      <system-out><![CDATA[
RESULT: undefined
COMMAND: POST /session/9f4c84e4ae75e749cefc69cbdd96fe2c/element - {"using":"xpath","value":"//*[@id=\"__tile39\"]"}
RESULT: {"using":"xpath","value":"//*[@id=\"__tile39\"]"}
COMMAND: POST /session/9f4c84e4ae75e749cefc69cbdd96fe2c/element/f.92C64C74BFFB4A8B431616FE9F273F76.d.9EF778A84F43C41D8CEF2F7C6B40CE17.e.14389/click - {}
RESULT: {}
COMMAND: GET /session/9f4c84e4ae75e749cefc69cbdd96fe2c/screenshot - {}
RESULT: {}
COMMAND: POST /session/9f4c84e4ae75e749cefc69cbdd96fe2c/elements - {"using":"xpath","value":"//span[text()='Error']"}
RESULT: {"using":"xpath","value":"//span[text()='Error']"}
COMMAND: POST /session/9f4c84e4ae75e749cefc69cbdd96fe2c/execute/async - {"script":"<script> [1562 bytes]","args":[{"selector":{"id":"application-manageresources-display-component---masterRU--smartFilterBar-btnBasicSearch","interaction":{"idSuffix":"I"}},"wdio_ui5_key":"applicationmanageresources-display-component---masterRU--smartFilterBar-btnBasicSearch"}]}
RESULT: {"script":"<script> [1562 bytes]","args":[{"selector":{"id":"application-manageresources-display-component---masterRU--smartFilterBar-btnBasicSearch","interaction":{"idSuffix":"I"}},"wdio_ui5_key":"applicationmanageresources-display-component---masterRU--smartFilterBar-btnBasicSearch"}]}
RESULT: undefined
COMMAND: POST /session/9f4c84e4ae75e749cefc69cbdd96fe2c/execute/async - {"script":"<script> [776 bytes]","args":[{"enterText":"kn1SDEtmPC","selector":{"id":"application-manageresources-display-component---masterRU--smartFilterBar-btnBasicSearch","interaction":{"idSuffix":"I"}},"clearTextFirst":true,"interactionType":"ENTER_TEXT"}]}
RESULT: {"script":"<script> [776 bytes]","args":[{"enterText":"kn1SDEtmPC","selector":{"id":"application-manageresources-display-component---masterRU--smartFilterBar-btnBasicSearch","interaction":{"idSuffix":"I"}},"clearTextFirst":true,"interactionType":"ENTER_TEXT"}]}
COMMAND: POST /session/9f4c84e4ae75e749cefc69cbdd96fe2c/actions - {"actions":[{"id":"action60","type":"key","parameters":{},"actions":[{"type":"keyDown","value":""},{"type":"pause","duration":10},{"type":"keyUp","value":""}]}]}
RESULT: {"actions":[{"id":"action60","type":"key","parameters":{},"actions":[{"type":"keyDown","value":""},{"type":"pause","duration":10},{"type":"keyUp","value":""}]}]}
COMMAND: GET /session/9f4c84e4ae75e749cefc69cbdd96fe2c/screenshot - {}
RESULT: {}
COMMAND: POST /session/9f4c84e4ae75e749cefc69cbdd96fe2c/execute/async - {"script":"<script> [1562 bytes]","args":[{"selector":{"id":"application-manageresources-display-component---masterRU--smartTable-header"},"wdio_ui5_key":"applicationmanageresources-display-component---masterRU--smartTable-header"}]}
RESULT: {"script":"<script> [1562 bytes]","args":[{"selector":{"id":"application-manageresources-display-component---masterRU--smartTable-header"},"wdio_ui5_key":"applicationmanageresources-display-component---masterRU--smartTable-header"}]}
RESULT: undefined
COMMAND: POST /session/9f4c84e4ae75e749cefc69cbdd96fe2c/execute/async - {"script":"<script> [6424 bytes]","args":[{"element-6066-11e4-a52e-4f735466cecf":"f.92C64C74BFFB4A8B431616FE9F273F76.d.9EF778A84F43C41D8CEF2F7C6B40CE17.e.15875"},"getText",[]]}
RESULT: {"script":"<script> [6424 bytes]","args":[{"element-6066-11e4-a52e-4f735466cecf":"f.92C64C74BFFB4A8B431616FE9F273F76.d.9EF778A84F43C41D8CEF2F7C6B40CE17.e.15875"},"getText",[]]}
COMMAND: POST /session/9f4c84e4ae75e749cefc69cbdd96fe2c/execute/async - {"script":"<script> [1562 bytes]","args":[{"selector":{"controlType":"sap.ui.core.Icon","viewName":"etm.portal.ui.manageresources.view.Master","viewId":"application-manageresources-display-component---masterRU","properties":{"src":{"regex":{"source":"slim\\-arrow\\-right"}}}},"wdio_ui5_key":"etmportal.ui.manageresources.view.Mastersap.ui.core.Icon{\"src\":{\"regex\":{\"source\":\"slim\\\\-arrow\\\\-right\"}}}"}]}
RESULT: {"script":"<script> [1562 bytes]","args":[{"selector":{"controlType":"sap.ui.core.Icon","viewName":"etm.portal.ui.manageresources.view.Master","viewId":"application-manageresources-display-component---masterRU","properties":{"src":{"regex":{"source":"slim\\-arrow\\-right"}}}},"wdio_ui5_key":"etmportal.ui.manageresources.view.Mastersap.ui.core.Icon{\"src\":{\"regex\":{\"source\":\"slim\\\\-arrow\\\\-right\"}}}"}]}
RESULT: undefined
COMMAND: POST /session/9f4c84e4ae75e749cefc69cbdd96fe2c/element - {"using":"xpath","value":"//*[@id=\"__item1004-__clone2541-imgNav\"]"}
RESULT: {"using":"xpath","value":"//*[@id=\"__item1004-__clone2541-imgNav\"]"}
COMMAND: POST /session/9f4c84e4ae75e749cefc69cbdd96fe2c/element/f.92C64C74BFFB4A8B431616FE9F273F76.d.9EF778A84F43C41D8CEF2F7C6B40CE17.e.15874/click - {}
RESULT: {}
COMMAND: GET /session/9f4c84e4ae75e749cefc69cbdd96fe2c/screenshot - {}
COMMAND: POST /session/9f4c84e4ae75e749cefc69cbdd96fe2c/element - {"using":"xpath","value":"//bdi[contains(text(), \"Edit\")]"}
RESULT: {}
RESULT: {"using":"xpath","value":"//bdi[contains(text(), \"Edit\")]"}
COMMAND: POST /session/9f4c84e4ae75e749cefc69cbdd96fe2c/execute/sync - {"script":"<script> [8489 bytes]","args":[{"element-6066-11e4-a52e-4f735466cecf":"f.92C64C74BFFB4A8B431616FE9F273F76.d.9EF778A84F43C41D8CEF2F7C6B40CE17.e.16045","ELEMENT":"f.92C64C74BFFB4A8B431616FE9F273F76.d.9EF778A84F43C41D8CEF2F7C6B40CE17.e.16045"}]}
RESULT: {"script":"<script> [8489 bytes]","args":[{"element-6066-11e4-a52e-4f735466cecf":"f.92C64C74BFFB4A8B431616FE9F273F76.d.9EF778A84F43C41D8CEF2F7C6B40CE17.e.16045","ELEMENT":"f.92C64C74BFFB4A8B431616FE9F273F76.d.9EF778A84F43C41D8CEF2F7C6B40CE17.e.16045"}]}
COMMAND: POST /session/9f4c84e4ae75e749cefc69cbdd96fe2c/element/f.92C64C74BFFB4A8B431616FE9F273F76.d.9EF778A84F43C41D8CEF2F7C6B40CE17.e.16045/click - {}
COMMAND: GET /session/9f4c84e4ae75e749cefc69cbdd96fe2c/screenshot - {}
RESULT: {}
COMMAND: GET /session/9f4c84e4ae75e749cefc69cbdd96fe2c/screenshot - {}
RESULT: {}
RESULT: {}
COMMAND: POST /session/9f4c84e4ae75e749cefc69cbdd96fe2c/execute/async - {"script":"<script> [1562 bytes]","args":[{"selector":{"id":"application-manageresources-display-component---editResource--editRruPage-anchBar-application-manageresources-display-component---editResource--counters-anchor","interaction":{"idSuffix":"BDI-content"}},"wdio_ui5_key":"applicationmanageresources-display-component---editResource--editRruPage-anchBar-application-manageresources-display-component---editResource--counters-anchor"}]}
RESULT: {"script":"<script> [1562 bytes]","args":[{"selector":{"id":"application-manageresources-display-component---editResource--editRruPage-anchBar-application-manageresources-display-component---editResource--counters-anchor","interaction":{"idSuffix":"BDI-content"}},"wdio_ui5_key":"applicationmanageresources-display-component---editResource--editRruPage-anchBar-application-manageresources-display-component---editResource--counters-anchor"}]}
RESULT: undefined
COMMAND: POST /session/9f4c84e4ae75e749cefc69cbdd96fe2c/element - {"using":"xpath","value":"//*[@id=\"application-manageresources-display-component---editResource--editRruPage-anchBar-application-manageresources-display-component---editResource--counters-anchor\"]"}
RESULT: {"using":"xpath","value":"//*[@id=\"application-manageresources-display-component---editResource--editRruPage-anchBar-application-manageresources-display-component---editResource--counters-anchor\"]"}
COMMAND: POST /session/9f4c84e4ae75e749cefc69cbdd96fe2c/element/f.92C64C74BFFB4A8B431616FE9F273F76.d.9EF778A84F43C41D8CEF2F7C6B40CE17.e.16239/click - {}
RESULT: {}
COMMAND: GET /session/9f4c84e4ae75e749cefc69cbdd96fe2c/screenshot - {}
RESULT: {}
COMMAND: POST /session/9f4c84e4ae75e749cefc69cbdd96fe2c/execute/async - {"script":"<script> [1562 bytes]","args":[{"selector":{"id":"application-manageresources-display-component---editResource--btnAddCounter-img"},"wdio_ui5_key":"applicationmanageresources-display-component---editResource--btnAddCounter-img"}]}
RESULT: {"script":"<script> [1562 bytes]","args":[{"selector":{"id":"application-manageresources-display-component---editResource--btnAddCounter-img"},"wdio_ui5_key":"applicationmanageresources-display-component---editResource--btnAddCounter-img"}]}
RESULT: undefined
COMMAND: POST /session/9f4c84e4ae75e749cefc69cbdd96fe2c/element - {"using":"xpath","value":"//*[@id=\"application-manageresources-display-component---editResource--btnAddCounter-img\"]"}
RESULT: {"using":"xpath","value":"//*[@id=\"application-manageresources-display-component---editResource--btnAddCounter-img\"]"}
COMMAND: POST /session/9f4c84e4ae75e749cefc69cbdd96fe2c/element/f.92C64C74BFFB4A8B431616FE9F273F76.d.9EF778A84F43C41D8CEF2F7C6B40CE17.e.16246/click - {}
RESULT: {}
COMMAND: POST /session/9f4c84e4ae75e749cefc69cbdd96fe2c/execute/async - {"script":"<script> [1562 bytes]","args":[{"selector":{"id":"application-manageresources-display-component---editResource--COUNTER_ID-application-manageresources-display-component---editResource--RUCounters-0-arrow"},"wdio_ui5_key":"applicationmanageresources-display-component---editResource--COUNTER_ID-application-manageresources-display-component---editResource--RUCounters-0-arrow"}]}
COMMAND: GET /session/9f4c84e4ae75e749cefc69cbdd96fe2c/screenshot - {}
RESULT: {"script":"<script> [1562 bytes]","args":[{"selector":{"id":"application-manageresources-display-component---editResource--COUNTER_ID-application-manageresources-display-component---editResource--RUCounters-0-arrow"},"wdio_ui5_key":"applicationmanageresources-display-component---editResource--COUNTER_ID-application-manageresources-display-component---editResource--RUCounters-0-arrow"}]}
RESULT: undefined
COMMAND: POST /session/9f4c84e4ae75e749cefc69cbdd96fe2c/element - {"using":"xpath","value":"//*[@id=\"application-manageresources-display-component---editResource--COUNTER_ID-application-manageresources-display-component---editResource--RUCounters-0-arrow\"]"}
RESULT: {}
RESULT: {"using":"xpath","value":"//*[@id=\"application-manageresources-display-component---editResource--COUNTER_ID-application-manageresources-display-component---editResource--RUCounters-0-arrow\"]"}
COMMAND: POST /session/9f4c84e4ae75e749cefc69cbdd96fe2c/element/f.92C64C74BFFB4A8B431616FE9F273F76.d.9EF778A84F43C41D8CEF2F7C6B40CE17.e.16258/click - {}
RESULT: {}
COMMAND: POST /session/9f4c84e4ae75e749cefc69cbdd96fe2c/execute/async - {"script":"<script> [1562 bytes]","args":[{"selector":{"controlType":"sap.m.StandardListItem","viewName":"etm.portal.ui.manageresources.view.EditResource","viewId":"application-manageresources-display-component---editResource","properties":{"title":"fuel"},"searchOpenDialogs":true,"interaction":{"idSuffix":"content"}},"wdio_ui5_key":"etmportal.ui.manageresources.view.EditResourcesap.m.StandardListItem{\"title\":\"fuel\"}"}]}
COMMAND: GET /session/9f4c84e4ae75e749cefc69cbdd96fe2c/screenshot - {}
RESULT: {"script":"<script> [1562 bytes]","args":[{"selector":{"controlType":"sap.m.StandardListItem","viewName":"etm.portal.ui.manageresources.view.EditResource","viewId":"application-manageresources-display-component---editResource","properties":{"title":"fuel"},"searchOpenDialogs":true,"interaction":{"idSuffix":"content"}},"wdio_ui5_key":"etmportal.ui.manageresources.view.EditResourcesap.m.StandardListItem{\"title\":\"fuel\"}"}]}
RESULT: undefined
COMMAND: POST /session/9f4c84e4ae75e749cefc69cbdd96fe2c/element - {"using":"xpath","value":"//*[@id=\"__item1332\"]"}
RESULT: {}
RESULT: {"using":"xpath","value":"//*[@id=\"__item1332\"]"}
COMMAND: POST /session/9f4c84e4ae75e749cefc69cbdd96fe2c/element/f.92C64C74BFFB4A8B431616FE9F273F76.d.9EF778A84F43C41D8CEF2F7C6B40CE17.e.16260/click - {}
RESULT: {}
COMMAND: POST /session/9f4c84e4ae75e749cefc69cbdd96fe2c/execute/async - {"script":"<script> [1562 bytes]","args":[{"selector":{"controlType":"sap.m.Button","viewName":"etm.portal.ui.manageresources.view.EditResource","viewId":"application-manageresources-display-component---editResource","i18NText":{"propertyName":"text","key":"save"},"interaction":{"idSuffix":"BDI-content"}},"wdio_ui5_key":"etmportal.ui.manageresources.view.EditResourcesap.m.Button{\"propertyName\":\"text\",\"key\":\"save\"}"}]}
COMMAND: GET /session/9f4c84e4ae75e749cefc69cbdd96fe2c/screenshot - {}
RESULT: {"script":"<script> [1562 bytes]","args":[{"selector":{"controlType":"sap.m.Button","viewName":"etm.portal.ui.manageresources.view.EditResource","viewId":"application-manageresources-display-component---editResource","i18NText":{"propertyName":"text","key":"save"},"interaction":{"idSuffix":"BDI-content"}},"wdio_ui5_key":"etmportal.ui.manageresources.view.EditResourcesap.m.Button{\"propertyName\":\"text\",\"key\":\"save\"}"}]}
RESULT: undefined
COMMAND: POST /session/9f4c84e4ae75e749cefc69cbdd96fe2c/element - {"using":"xpath","value":"//*[@id=\"__button200\"]"}
RESULT: {}
RESULT: {"using":"xpath","value":"//*[@id=\"__button200\"]"}
COMMAND: POST /session/9f4c84e4ae75e749cefc69cbdd96fe2c/element/f.92C64C74BFFB4A8B431616FE9F273F76.d.9EF778A84F43C41D8CEF2F7C6B40CE17.e.16262/click - {}
RESULT: {}
COMMAND: GET /session/9f4c84e4ae75e749cefc69cbdd96fe2c/screenshot - {}
COMMAND: POST /session/9f4c84e4ae75e749cefc69cbdd96fe2c/element - {"using":"css selector","value":"#shell-header-logo"}
RESULT: {}
RESULT: {"using":"css selector","value":"#shell-header-logo"}
COMMAND: POST /session/9f4c84e4ae75e749cefc69cbdd96fe2c/element/f.92C64C74BFFB4A8B431616FE9F273F76.d.9EF778A84F43C41D8CEF2F7C6B40CE17.e.15693/click - {}
RESULT: {}
COMMAND: GET /session/9f4c84e4ae75e749cefc69cbdd96fe2c/screenshot - {}
RESULT: {}
]]></system-out>
    </testcase>
    <testcase classname="chrome.136_0_7103_93.windows.Performance_based_billing_(work_days)_US139742" name="Should do a stock increase on the yard for the equipment" time="95.971">
      <system-out><![CDATA[
COMMAND: POST /session/9f4c84e4ae75e749cefc69cbdd96fe2c/execute/async - {"script":"<script> [1562 bytes]","args":[{"selector":{"controlType":"sap.m.GenericTile","properties":{"header":"Manage Handovers"}},"wdio_ui5_key":"sapm.GenericTile{\"header\":\"Manage Handovers\"}"}]}
RESULT: {"script":"<script> [1562 bytes]","args":[{"selector":{"controlType":"sap.m.GenericTile","properties":{"header":"Manage Handovers"}},"wdio_ui5_key":"sapm.GenericTile{\"header\":\"Manage Handovers\"}"}]}
RESULT: undefined
COMMAND: POST /session/9f4c84e4ae75e749cefc69cbdd96fe2c/element - {"using":"xpath","value":"//*[@id=\"__tile132\"]"}
RESULT: {"using":"xpath","value":"//*[@id=\"__tile132\"]"}
COMMAND: POST /session/9f4c84e4ae75e749cefc69cbdd96fe2c/element/f.92C64C74BFFB4A8B431616FE9F273F76.d.9EF778A84F43C41D8CEF2F7C6B40CE17.e.14462/click - {}
RESULT: {}
COMMAND: GET /session/9f4c84e4ae75e749cefc69cbdd96fe2c/screenshot - {}
RESULT: {}
COMMAND: POST /session/9f4c84e4ae75e749cefc69cbdd96fe2c/elements - {"using":"xpath","value":"//span[text()='Error']"}
RESULT: {"using":"xpath","value":"//span[text()='Error']"}
COMMAND: POST /session/9f4c84e4ae75e749cefc69cbdd96fe2c/element - {"using":"xpath","value":"//button[@data-kt=\"masterHOAddButton\"]"}
RESULT: {"using":"xpath","value":"//button[@data-kt=\"masterHOAddButton\"]"}
COMMAND: POST /session/9f4c84e4ae75e749cefc69cbdd96fe2c/elements - {"using":"xpath","value":"//button[@data-kt=\"masterHOAddButton\"]"}
RESULT: {"using":"xpath","value":"//button[@data-kt=\"masterHOAddButton\"]"}
COMMAND: POST /session/9f4c84e4ae75e749cefc69cbdd96fe2c/execute/sync - {"script":"<script> [8489 bytes]","args":[{"element-6066-11e4-a52e-4f735466cecf":"f.92C64C74BFFB4A8B431616FE9F273F76.d.9EF778A84F43C41D8CEF2F7C6B40CE17.e.16300","ELEMENT":"f.92C64C74BFFB4A8B431616FE9F273F76.d.9EF778A84F43C41D8CEF2F7C6B40CE17.e.16300"}]}
RESULT: {"script":"<script> [8489 bytes]","args":[{"element-6066-11e4-a52e-4f735466cecf":"f.92C64C74BFFB4A8B431616FE9F273F76.d.9EF778A84F43C41D8CEF2F7C6B40CE17.e.16300","ELEMENT":"f.92C64C74BFFB4A8B431616FE9F273F76.d.9EF778A84F43C41D8CEF2F7C6B40CE17.e.16300"}]}
COMMAND: GET /session/9f4c84e4ae75e749cefc69cbdd96fe2c/element/f.92C64C74BFFB4A8B431616FE9F273F76.d.9EF778A84F43C41D8CEF2F7C6B40CE17.e.16300/enabled - {}
COMMAND: GET /session/9f4c84e4ae75e749cefc69cbdd96fe2c/screenshot - {}
RESULT: {}
COMMAND: POST /session/9f4c84e4ae75e749cefc69cbdd96fe2c/execute/sync - {"script":"<script> [8489 bytes]","args":[{"element-6066-11e4-a52e-4f735466cecf":"f.92C64C74BFFB4A8B431616FE9F273F76.d.9EF778A84F43C41D8CEF2F7C6B40CE17.e.16300","ELEMENT":"f.92C64C74BFFB4A8B431616FE9F273F76.d.9EF778A84F43C41D8CEF2F7C6B40CE17.e.16300"}]}
COMMAND: GET /session/9f4c84e4ae75e749cefc69cbdd96fe2c/screenshot - {}
RESULT: {}
RESULT: {"script":"<script> [8489 bytes]","args":[{"element-6066-11e4-a52e-4f735466cecf":"f.92C64C74BFFB4A8B431616FE9F273F76.d.9EF778A84F43C41D8CEF2F7C6B40CE17.e.16300","ELEMENT":"f.92C64C74BFFB4A8B431616FE9F273F76.d.9EF778A84F43C41D8CEF2F7C6B40CE17.e.16300"}]}
COMMAND: POST /session/9f4c84e4ae75e749cefc69cbdd96fe2c/execute/sync - {"script":"<script> [5351 bytes]","args":[{"element-6066-11e4-a52e-4f735466cecf":"f.92C64C74BFFB4A8B431616FE9F273F76.d.9EF778A84F43C41D8CEF2F7C6B40CE17.e.16300","ELEMENT":"f.92C64C74BFFB4A8B431616FE9F273F76.d.9EF778A84F43C41D8CEF2F7C6B40CE17.e.16300"}]}
COMMAND: GET /session/9f4c84e4ae75e749cefc69cbdd96fe2c/screenshot - {}
RESULT: {}
RESULT: {"script":"<script> [5351 bytes]","args":[{"element-6066-11e4-a52e-4f735466cecf":"f.92C64C74BFFB4A8B431616FE9F273F76.d.9EF778A84F43C41D8CEF2F7C6B40CE17.e.16300","ELEMENT":"f.92C64C74BFFB4A8B431616FE9F273F76.d.9EF778A84F43C41D8CEF2F7C6B40CE17.e.16300"}]}
COMMAND: POST /session/9f4c84e4ae75e749cefc69cbdd96fe2c/element/f.92C64C74BFFB4A8B431616FE9F273F76.d.9EF778A84F43C41D8CEF2F7C6B40CE17.e.16300/click - {}
COMMAND: GET /session/9f4c84e4ae75e749cefc69cbdd96fe2c/screenshot - {}
RESULT: {}
RESULT: {}
COMMAND: GET /session/9f4c84e4ae75e749cefc69cbdd96fe2c/screenshot - {}
RESULT: {}
RESULT: {}
COMMAND: POST /session/9f4c84e4ae75e749cefc69cbdd96fe2c/element - {"using":"xpath","value":"//span[contains(@id ,\"AddNewHO--typeSelect-arrow\")]"}
RESULT: {"using":"xpath","value":"//span[contains(@id ,\"AddNewHO--typeSelect-arrow\")]"}
COMMAND: POST /session/9f4c84e4ae75e749cefc69cbdd96fe2c/element/f.92C64C74BFFB4A8B431616FE9F273F76.d.9EF778A84F43C41D8CEF2F7C6B40CE17.e.16662/click - {}
RESULT: {}
COMMAND: GET /session/9f4c84e4ae75e749cefc69cbdd96fe2c/screenshot - {}
RESULT: {}
COMMAND: POST /session/9f4c84e4ae75e749cefc69cbdd96fe2c/element - {"using":"xpath","value":"(//li[contains(text(), \"stock increase yard\")])[1]"}
RESULT: {"using":"xpath","value":"(//li[contains(text(), \"stock increase yard\")])[1]"}
COMMAND: POST /session/9f4c84e4ae75e749cefc69cbdd96fe2c/element/f.92C64C74BFFB4A8B431616FE9F273F76.d.9EF778A84F43C41D8CEF2F7C6B40CE17.e.16663/click - {}
RESULT: {}
COMMAND: GET /session/9f4c84e4ae75e749cefc69cbdd96fe2c/screenshot - {}
RESULT: {}
COMMAND: POST /session/9f4c84e4ae75e749cefc69cbdd96fe2c/execute/async - {"script":"<script> [1562 bytes]","args":[{"selector":{"id":"application-managehandovers-display-component---AddNewHO--dueDate","interaction":{"idSuffix":"inner"}},"wdio_ui5_key":"applicationmanagehandovers-display-component---AddNewHO--dueDate"}]}
RESULT: {"script":"<script> [1562 bytes]","args":[{"selector":{"id":"application-managehandovers-display-component---AddNewHO--dueDate","interaction":{"idSuffix":"inner"}},"wdio_ui5_key":"applicationmanagehandovers-display-component---AddNewHO--dueDate"}]}
RESULT: undefined
COMMAND: POST /session/9f4c84e4ae75e749cefc69cbdd96fe2c/execute/async - {"script":"<script> [6424 bytes]","args":[{"element-6066-11e4-a52e-4f735466cecf":"f.92C64C74BFFB4A8B431616FE9F273F76.d.9EF778A84F43C41D8CEF2F7C6B40CE17.e.16667"},"setValue",["5/28/25"]]}
RESULT: {"script":"<script> [6424 bytes]","args":[{"element-6066-11e4-a52e-4f735466cecf":"f.92C64C74BFFB4A8B431616FE9F273F76.d.9EF778A84F43C41D8CEF2F7C6B40CE17.e.16667"},"setValue",["5/28/25"]]}
COMMAND: POST /session/9f4c84e4ae75e749cefc69cbdd96fe2c/element - {"using":"xpath","value":"//input[@id=\"generalSectionFrg--receiveYard-inner\"]"}
RESULT: {"using":"xpath","value":"//input[@id=\"generalSectionFrg--receiveYard-inner\"]"}
COMMAND: POST /session/9f4c84e4ae75e749cefc69cbdd96fe2c/element/f.92C64C74BFFB4A8B431616FE9F273F76.d.9EF778A84F43C41D8CEF2F7C6B40CE17.e.16673/clear - {}
RESULT: {}
COMMAND: POST /session/9f4c84e4ae75e749cefc69cbdd96fe2c/element/f.92C64C74BFFB4A8B431616FE9F273F76.d.9EF778A84F43C41D8CEF2F7C6B40CE17.e.16673/value - {"text":"431"}
COMMAND: GET /session/9f4c84e4ae75e749cefc69cbdd96fe2c/screenshot - {}
RESULT: {"text":"431"}
COMMAND: GET /session/9f4c84e4ae75e749cefc69cbdd96fe2c/screenshot - {}
RESULT: {}
RESULT: {}
COMMAND: POST /session/9f4c84e4ae75e749cefc69cbdd96fe2c/element - {"using":"xpath","value":"//li[.//span[text()='431']]"}
RESULT: {"using":"xpath","value":"//li[.//span[text()='431']]"}
COMMAND: POST /session/9f4c84e4ae75e749cefc69cbdd96fe2c/element/f.92C64C74BFFB4A8B431616FE9F273F76.d.9EF778A84F43C41D8CEF2F7C6B40CE17.e.16688/click - {}
RESULT: {}
COMMAND: GET /session/9f4c84e4ae75e749cefc69cbdd96fe2c/screenshot - {}
RESULT: {}
COMMAND: POST /session/9f4c84e4ae75e749cefc69cbdd96fe2c/execute/async - {"script":"<script> [1562 bytes]","args":[{"selector":{"id":"application-managehandovers-display-component---AddNewHO--ObjectPageLayout-anchBar-application-managehandovers-display-component---AddNewHO--section4-anchor","interaction":{"idSuffix":"BDI-content"}},"wdio_ui5_key":"applicationmanagehandovers-display-component---AddNewHO--ObjectPageLayout-anchBar-application-managehandovers-display-component---AddNewHO--section4-anchor"}]}
RESULT: {"script":"<script> [1562 bytes]","args":[{"selector":{"id":"application-managehandovers-display-component---AddNewHO--ObjectPageLayout-anchBar-application-managehandovers-display-component---AddNewHO--section4-anchor","interaction":{"idSuffix":"BDI-content"}},"wdio_ui5_key":"applicationmanagehandovers-display-component---AddNewHO--ObjectPageLayout-anchBar-application-managehandovers-display-component---AddNewHO--section4-anchor"}]}
RESULT: undefined
COMMAND: POST /session/9f4c84e4ae75e749cefc69cbdd96fe2c/element - {"using":"xpath","value":"//*[@id=\"application-managehandovers-display-component---AddNewHO--ObjectPageLayout-anchBar-application-managehandovers-display-component---AddNewHO--section4-anchor\"]"}
RESULT: {"using":"xpath","value":"//*[@id=\"application-managehandovers-display-component---AddNewHO--ObjectPageLayout-anchBar-application-managehandovers-display-component---AddNewHO--section4-anchor\"]"}
COMMAND: POST /session/9f4c84e4ae75e749cefc69cbdd96fe2c/element/f.92C64C74BFFB4A8B431616FE9F273F76.d.9EF778A84F43C41D8CEF2F7C6B40CE17.e.16690/click - {}
RESULT: {}
COMMAND: POST /session/9f4c84e4ae75e749cefc69cbdd96fe2c/element - {"using":"xpath","value":"//button[@aria-label=\"Add\"]"}
COMMAND: GET /session/9f4c84e4ae75e749cefc69cbdd96fe2c/screenshot - {}
RESULT: {"using":"xpath","value":"//button[@aria-label=\"Add\"]"}
COMMAND: POST /session/9f4c84e4ae75e749cefc69cbdd96fe2c/element/f.92C64C74BFFB4A8B431616FE9F273F76.d.9EF778A84F43C41D8CEF2F7C6B40CE17.e.16692/click - {}
RESULT: {}
RESULT: {}
COMMAND: GET /session/9f4c84e4ae75e749cefc69cbdd96fe2c/screenshot - {}
RESULT: {}
COMMAND: POST /session/9f4c84e4ae75e749cefc69cbdd96fe2c/execute/async - {"script":"<script> [1562 bytes]","args":[{"selector":{"id":"application-managehandovers-display-component---AddNewHO--smartFilterBar-btnBasicSearch","searchOpenDialogs":true,"interaction":{"idSuffix":"I"}},"wdio_ui5_key":"applicationmanagehandovers-display-component---AddNewHO--smartFilterBar-btnBasicSearch"}]}
RESULT: {"script":"<script> [1562 bytes]","args":[{"selector":{"id":"application-managehandovers-display-component---AddNewHO--smartFilterBar-btnBasicSearch","searchOpenDialogs":true,"interaction":{"idSuffix":"I"}},"wdio_ui5_key":"applicationmanagehandovers-display-component---AddNewHO--smartFilterBar-btnBasicSearch"}]}
RESULT: undefined
COMMAND: POST /session/9f4c84e4ae75e749cefc69cbdd96fe2c/execute/async - {"script":"<script> [776 bytes]","args":[{"enterText":"kn1SDEtmPC","selector":{"id":"application-managehandovers-display-component---AddNewHO--smartFilterBar-btnBasicSearch","searchOpenDialogs":true,"interaction":{"idSuffix":"I"}},"clearTextFirst":true,"interactionType":"ENTER_TEXT"}]}
RESULT: {"script":"<script> [776 bytes]","args":[{"enterText":"kn1SDEtmPC","selector":{"id":"application-managehandovers-display-component---AddNewHO--smartFilterBar-btnBasicSearch","searchOpenDialogs":true,"interaction":{"idSuffix":"I"}},"clearTextFirst":true,"interactionType":"ENTER_TEXT"}]}
COMMAND: POST /session/9f4c84e4ae75e749cefc69cbdd96fe2c/actions - {"actions":[{"id":"action61","type":"key","parameters":{},"actions":[{"type":"keyDown","value":""},{"type":"pause","duration":10},{"type":"keyUp","value":""}]}]}
RESULT: {"actions":[{"id":"action61","type":"key","parameters":{},"actions":[{"type":"keyDown","value":""},{"type":"pause","duration":10},{"type":"keyUp","value":""}]}]}
COMMAND: GET /session/9f4c84e4ae75e749cefc69cbdd96fe2c/screenshot - {}
RESULT: {}
COMMAND: POST /session/9f4c84e4ae75e749cefc69cbdd96fe2c/execute/async - {"script":"<script> [1562 bytes]","args":[{"selector":{"id":"application-managehandovers-display-component---AddNewHO--popup-sa","searchOpenDialogs":true,"interaction":{"idSuffix":"CbBg"}},"wdio_ui5_key":"applicationmanagehandovers-display-component---AddNewHO--popup-sa"}]}
RESULT: {"script":"<script> [1562 bytes]","args":[{"selector":{"id":"application-managehandovers-display-component---AddNewHO--popup-sa","searchOpenDialogs":true,"interaction":{"idSuffix":"CbBg"}},"wdio_ui5_key":"applicationmanagehandovers-display-component---AddNewHO--popup-sa"}]}
RESULT: undefined
COMMAND: POST /session/9f4c84e4ae75e749cefc69cbdd96fe2c/element - {"using":"xpath","value":"//*[@id=\"application-managehandovers-display-component---AddNewHO--popup-sa\"]"}
RESULT: {"using":"xpath","value":"//*[@id=\"application-managehandovers-display-component---AddNewHO--popup-sa\"]"}
COMMAND: POST /session/9f4c84e4ae75e749cefc69cbdd96fe2c/element/f.92C64C74BFFB4A8B431616FE9F273F76.d.9EF778A84F43C41D8CEF2F7C6B40CE17.e.16847/click - {}
RESULT: {}
COMMAND: GET /session/9f4c84e4ae75e749cefc69cbdd96fe2c/screenshot - {}
RESULT: {}
COMMAND: POST /session/9f4c84e4ae75e749cefc69cbdd96fe2c/element - {"using":"xpath","value":"//bdi[contains(text(), \"Select\")]"}
RESULT: {"using":"xpath","value":"//bdi[contains(text(), \"Select\")]"}
COMMAND: POST /session/9f4c84e4ae75e749cefc69cbdd96fe2c/element/f.92C64C74BFFB4A8B431616FE9F273F76.d.9EF778A84F43C41D8CEF2F7C6B40CE17.e.16848/click - {}
RESULT: {}
COMMAND: GET /session/9f4c84e4ae75e749cefc69cbdd96fe2c/screenshot - {}
RESULT: {}
COMMAND: POST /session/9f4c84e4ae75e749cefc69cbdd96fe2c/element - {"using":"xpath","value":"//button[@data-kt=\"AddNewHOSaveButton\"]"}
RESULT: {"using":"xpath","value":"//button[@data-kt=\"AddNewHOSaveButton\"]"}
COMMAND: POST /session/9f4c84e4ae75e749cefc69cbdd96fe2c/element/f.92C64C74BFFB4A8B431616FE9F273F76.d.9EF778A84F43C41D8CEF2F7C6B40CE17.e.16852/click - {}
RESULT: {}
COMMAND: GET /session/9f4c84e4ae75e749cefc69cbdd96fe2c/screenshot - {}
RESULT: {}
COMMAND: POST /session/9f4c84e4ae75e749cefc69cbdd96fe2c/execute/async - {"script":"<script> [1562 bytes]","args":[{"selector":{"id":"receiptDatePicker","viewName":"etm.portal.ui.managehandovers.view.DetailExecuteHO","interaction":{"idSuffix":"inner"}},"wdio_ui5_key":"receiptDatePickeretmportal.ui.managehandovers.view.DetailExecuteHO"}]}
RESULT: {"script":"<script> [1562 bytes]","args":[{"selector":{"id":"receiptDatePicker","viewName":"etm.portal.ui.managehandovers.view.DetailExecuteHO","interaction":{"idSuffix":"inner"}},"wdio_ui5_key":"receiptDatePickeretmportal.ui.managehandovers.view.DetailExecuteHO"}]}
RESULT: undefined
COMMAND: POST /session/9f4c84e4ae75e749cefc69cbdd96fe2c/execute/async - {"script":"<script> [6424 bytes]","args":[{"element-6066-11e4-a52e-4f735466cecf":"f.92C64C74BFFB4A8B431616FE9F273F76.d.9EF778A84F43C41D8CEF2F7C6B40CE17.e.16882"},"setValue",["5/28/25"]]}
RESULT: {"script":"<script> [6424 bytes]","args":[{"element-6066-11e4-a52e-4f735466cecf":"f.92C64C74BFFB4A8B431616FE9F273F76.d.9EF778A84F43C41D8CEF2F7C6B40CE17.e.16882"},"setValue",["5/28/25"]]}
COMMAND: POST /session/9f4c84e4ae75e749cefc69cbdd96fe2c/element - {"using":"xpath","value":"//button[@data-kt=\"ReceivingTableConfirmAllButton\"]"}
RESULT: {"using":"xpath","value":"//button[@data-kt=\"ReceivingTableConfirmAllButton\"]"}
COMMAND: POST /session/9f4c84e4ae75e749cefc69cbdd96fe2c/element/f.92C64C74BFFB4A8B431616FE9F273F76.d.9EF778A84F43C41D8CEF2F7C6B40CE17.e.16897/click - {}
RESULT: {}
COMMAND: GET /session/9f4c84e4ae75e749cefc69cbdd96fe2c/screenshot - {}
RESULT: {}
COMMAND: POST /session/9f4c84e4ae75e749cefc69cbdd96fe2c/element - {"using":"xpath","value":"//bdi[contains(text(), \"OK\")]"}
RESULT: {"using":"xpath","value":"//bdi[contains(text(), \"OK\")]"}
COMMAND: POST /session/9f4c84e4ae75e749cefc69cbdd96fe2c/element/f.92C64C74BFFB4A8B431616FE9F273F76.d.9EF778A84F43C41D8CEF2F7C6B40CE17.e.16900/click - {}
RESULT: {}
COMMAND: GET /session/9f4c84e4ae75e749cefc69cbdd96fe2c/screenshot - {}
RESULT: {}
COMMAND: POST /session/9f4c84e4ae75e749cefc69cbdd96fe2c/element - {"using":"xpath","value":"(//bdi[contains(text(), \"Receive\")])[2]"}
RESULT: {"using":"xpath","value":"(//bdi[contains(text(), \"Receive\")])[2]"}
COMMAND: POST /session/9f4c84e4ae75e749cefc69cbdd96fe2c/element/f.92C64C74BFFB4A8B431616FE9F273F76.d.9EF778A84F43C41D8CEF2F7C6B40CE17.e.16901/click - {}
RESULT: {}
COMMAND: GET /session/9f4c84e4ae75e749cefc69cbdd96fe2c/screenshot - {}
RESULT: {}
COMMAND: POST /session/9f4c84e4ae75e749cefc69cbdd96fe2c/element - {"using":"css selector","value":"#shell-header-logo"}
RESULT: {"using":"css selector","value":"#shell-header-logo"}
COMMAND: POST /session/9f4c84e4ae75e749cefc69cbdd96fe2c/element/f.92C64C74BFFB4A8B431616FE9F273F76.d.9EF778A84F43C41D8CEF2F7C6B40CE17.e.16271/click - {}
RESULT: {}
COMMAND: GET /session/9f4c84e4ae75e749cefc69cbdd96fe2c/screenshot - {}
RESULT: {}
]]></system-out>
    </testcase>
    <testcase classname="chrome.136_0_7103_93.windows.Performance_based_billing_(work_days)_US139742" name="Should create a new contract" time="65.344">
      <system-out><![CDATA[
COMMAND: POST /session/9f4c84e4ae75e749cefc69cbdd96fe2c/execute/async - {"script":"<script> [1562 bytes]","args":[{"selector":{"controlType":"sap.m.GenericTile","properties":{"header":"Manage Contracts"}},"wdio_ui5_key":"sapm.GenericTile{\"header\":\"Manage Contracts\"}"}]}
RESULT: {"script":"<script> [1562 bytes]","args":[{"selector":{"controlType":"sap.m.GenericTile","properties":{"header":"Manage Contracts"}},"wdio_ui5_key":"sapm.GenericTile{\"header\":\"Manage Contracts\"}"}]}
RESULT: undefined
COMMAND: POST /session/9f4c84e4ae75e749cefc69cbdd96fe2c/element - {"using":"xpath","value":"//*[@id=\"__tile130\"]"}
RESULT: {"using":"xpath","value":"//*[@id=\"__tile130\"]"}
COMMAND: POST /session/9f4c84e4ae75e749cefc69cbdd96fe2c/element/f.92C64C74BFFB4A8B431616FE9F273F76.d.9EF778A84F43C41D8CEF2F7C6B40CE17.e.14405/click - {}
RESULT: {}
COMMAND: GET /session/9f4c84e4ae75e749cefc69cbdd96fe2c/screenshot - {}
RESULT: {}
COMMAND: POST /session/9f4c84e4ae75e749cefc69cbdd96fe2c/elements - {"using":"xpath","value":"//span[text()='Error']"}
RESULT: {"using":"xpath","value":"//span[text()='Error']"}
COMMAND: POST /session/9f4c84e4ae75e749cefc69cbdd96fe2c/element - {"using":"xpath","value":"//button[@data-kt=\"addButton\"]"}
RESULT: {"using":"xpath","value":"//button[@data-kt=\"addButton\"]"}
COMMAND: POST /session/9f4c84e4ae75e749cefc69cbdd96fe2c/elements - {"using":"xpath","value":"//button[@data-kt=\"addButton\"]"}
RESULT: {"using":"xpath","value":"//button[@data-kt=\"addButton\"]"}
COMMAND: POST /session/9f4c84e4ae75e749cefc69cbdd96fe2c/execute/sync - {"script":"<script> [8489 bytes]","args":[{"element-6066-11e4-a52e-4f735466cecf":"f.92C64C74BFFB4A8B431616FE9F273F76.d.9EF778A84F43C41D8CEF2F7C6B40CE17.e.17120","ELEMENT":"f.92C64C74BFFB4A8B431616FE9F273F76.d.9EF778A84F43C41D8CEF2F7C6B40CE17.e.17120"}]}
RESULT: {"script":"<script> [8489 bytes]","args":[{"element-6066-11e4-a52e-4f735466cecf":"f.92C64C74BFFB4A8B431616FE9F273F76.d.9EF778A84F43C41D8CEF2F7C6B40CE17.e.17120","ELEMENT":"f.92C64C74BFFB4A8B431616FE9F273F76.d.9EF778A84F43C41D8CEF2F7C6B40CE17.e.17120"}]}
COMMAND: GET /session/9f4c84e4ae75e749cefc69cbdd96fe2c/element/f.92C64C74BFFB4A8B431616FE9F273F76.d.9EF778A84F43C41D8CEF2F7C6B40CE17.e.17120/enabled - {}
COMMAND: GET /session/9f4c84e4ae75e749cefc69cbdd96fe2c/screenshot - {}
RESULT: {}
COMMAND: POST /session/9f4c84e4ae75e749cefc69cbdd96fe2c/execute/sync - {"script":"<script> [8489 bytes]","args":[{"element-6066-11e4-a52e-4f735466cecf":"f.92C64C74BFFB4A8B431616FE9F273F76.d.9EF778A84F43C41D8CEF2F7C6B40CE17.e.17120","ELEMENT":"f.92C64C74BFFB4A8B431616FE9F273F76.d.9EF778A84F43C41D8CEF2F7C6B40CE17.e.17120"}]}
COMMAND: GET /session/9f4c84e4ae75e749cefc69cbdd96fe2c/screenshot - {}
RESULT: {}
RESULT: {"script":"<script> [8489 bytes]","args":[{"element-6066-11e4-a52e-4f735466cecf":"f.92C64C74BFFB4A8B431616FE9F273F76.d.9EF778A84F43C41D8CEF2F7C6B40CE17.e.17120","ELEMENT":"f.92C64C74BFFB4A8B431616FE9F273F76.d.9EF778A84F43C41D8CEF2F7C6B40CE17.e.17120"}]}
COMMAND: POST /session/9f4c84e4ae75e749cefc69cbdd96fe2c/execute/sync - {"script":"<script> [5351 bytes]","args":[{"element-6066-11e4-a52e-4f735466cecf":"f.92C64C74BFFB4A8B431616FE9F273F76.d.9EF778A84F43C41D8CEF2F7C6B40CE17.e.17120","ELEMENT":"f.92C64C74BFFB4A8B431616FE9F273F76.d.9EF778A84F43C41D8CEF2F7C6B40CE17.e.17120"}]}
COMMAND: GET /session/9f4c84e4ae75e749cefc69cbdd96fe2c/screenshot - {}
RESULT: {}
RESULT: {"script":"<script> [5351 bytes]","args":[{"element-6066-11e4-a52e-4f735466cecf":"f.92C64C74BFFB4A8B431616FE9F273F76.d.9EF778A84F43C41D8CEF2F7C6B40CE17.e.17120","ELEMENT":"f.92C64C74BFFB4A8B431616FE9F273F76.d.9EF778A84F43C41D8CEF2F7C6B40CE17.e.17120"}]}
COMMAND: GET /session/9f4c84e4ae75e749cefc69cbdd96fe2c/screenshot - {}
RESULT: {}
RESULT: {}
COMMAND: POST /session/9f4c84e4ae75e749cefc69cbdd96fe2c/element/f.92C64C74BFFB4A8B431616FE9F273F76.d.9EF778A84F43C41D8CEF2F7C6B40CE17.e.17120/click - {}
RESULT: {}
COMMAND: GET /session/9f4c84e4ae75e749cefc69cbdd96fe2c/screenshot - {}
COMMAND: POST /session/9f4c84e4ae75e749cefc69cbdd96fe2c/execute/async - {"script":"<script> [1562 bytes]","args":[{"selector":{"id":"application-managecontracts-display-component---AddNewContract--projectDescription","interaction":{"idSuffix":"inner"}},"wdio_ui5_key":"applicationmanagecontracts-display-component---AddNewContract--projectDescription"}]}
RESULT: {}
RESULT: {"script":"<script> [1562 bytes]","args":[{"selector":{"id":"application-managecontracts-display-component---AddNewContract--projectDescription","interaction":{"idSuffix":"inner"}},"wdio_ui5_key":"applicationmanagecontracts-display-component---AddNewContract--projectDescription"}]}
RESULT: undefined
COMMAND: POST /session/9f4c84e4ae75e749cefc69cbdd96fe2c/execute/async - {"script":"<script> [776 bytes]","args":[{"enterText":"Performance Contract WDIO","selector":{"id":"application-managecontracts-display-component---AddNewContract--projectDescription","interaction":{"idSuffix":"inner"}},"clearTextFirst":true,"interactionType":"ENTER_TEXT"}]}
RESULT: {"script":"<script> [776 bytes]","args":[{"enterText":"Performance Contract WDIO","selector":{"id":"application-managecontracts-display-component---AddNewContract--projectDescription","interaction":{"idSuffix":"inner"}},"clearTextFirst":true,"interactionType":"ENTER_TEXT"}]}
COMMAND: POST /session/9f4c84e4ae75e749cefc69cbdd96fe2c/element - {"using":"xpath","value":"//input[@id=\"application-managecontracts-display-component---AddNewContract--site-inner\"]"}
RESULT: {"using":"xpath","value":"//input[@id=\"application-managecontracts-display-component---AddNewContract--site-inner\"]"}
COMMAND: POST /session/9f4c84e4ae75e749cefc69cbdd96fe2c/element/f.92C64C74BFFB4A8B431616FE9F273F76.d.9EF778A84F43C41D8CEF2F7C6B40CE17.e.17439/clear - {}
RESULT: {}
COMMAND: POST /session/9f4c84e4ae75e749cefc69cbdd96fe2c/element/f.92C64C74BFFB4A8B431616FE9F273F76.d.9EF778A84F43C41D8CEF2F7C6B40CE17.e.17439/value - {"text":"2211"}
COMMAND: GET /session/9f4c84e4ae75e749cefc69cbdd96fe2c/screenshot - {}
RESULT: {"text":"2211"}
COMMAND: GET /session/9f4c84e4ae75e749cefc69cbdd96fe2c/screenshot - {}
RESULT: {}
RESULT: {}
COMMAND: POST /session/9f4c84e4ae75e749cefc69cbdd96fe2c/element - {"using":"xpath","value":"//li[.//span[text()='2211']]"}
RESULT: {"using":"xpath","value":"//li[.//span[text()='2211']]"}
COMMAND: POST /session/9f4c84e4ae75e749cefc69cbdd96fe2c/element/f.92C64C74BFFB4A8B431616FE9F273F76.d.9EF778A84F43C41D8CEF2F7C6B40CE17.e.17522/click - {}
RESULT: {}
COMMAND: GET /session/9f4c84e4ae75e749cefc69cbdd96fe2c/screenshot - {}
RESULT: {}
COMMAND: POST /session/9f4c84e4ae75e749cefc69cbdd96fe2c/element - {"using":"xpath","value":"//input[@id=\"application-managecontracts-display-component---AddNewContract--yardId-inner\"]"}
RESULT: {"using":"xpath","value":"//input[@id=\"application-managecontracts-display-component---AddNewContract--yardId-inner\"]"}
COMMAND: GET /session/9f4c84e4ae75e749cefc69cbdd96fe2c/element/f.92C64C74BFFB4A8B431616FE9F273F76.d.9EF778A84F43C41D8CEF2F7C6B40CE17.e.17440/property/value - {}
RESULT: {}
COMMAND: POST /session/9f4c84e4ae75e749cefc69cbdd96fe2c/element - {"using":"xpath","value":"//input[@id=\"application-managecontracts-display-component---AddNewContract--customerSelect-inner\"]"}
COMMAND: GET /session/9f4c84e4ae75e749cefc69cbdd96fe2c/screenshot - {}
RESULT: {"using":"xpath","value":"//input[@id=\"application-managecontracts-display-component---AddNewContract--customerSelect-inner\"]"}
COMMAND: POST /session/9f4c84e4ae75e749cefc69cbdd96fe2c/element/f.92C64C74BFFB4A8B431616FE9F273F76.d.9EF778A84F43C41D8CEF2F7C6B40CE17.e.17438/clear - {}
RESULT: {}
RESULT: {}
COMMAND: POST /session/9f4c84e4ae75e749cefc69cbdd96fe2c/element/f.92C64C74BFFB4A8B431616FE9F273F76.d.9EF778A84F43C41D8CEF2F7C6B40CE17.e.17438/value - {"text":"1242"}
COMMAND: GET /session/9f4c84e4ae75e749cefc69cbdd96fe2c/screenshot - {}
RESULT: {"text":"1242"}
COMMAND: GET /session/9f4c84e4ae75e749cefc69cbdd96fe2c/screenshot - {}
RESULT: {}
RESULT: {}
COMMAND: POST /session/9f4c84e4ae75e749cefc69cbdd96fe2c/element - {"using":"xpath","value":"//li[.//span[text()='1242']]"}
RESULT: {"using":"xpath","value":"//li[.//span[text()='1242']]"}
COMMAND: POST /session/9f4c84e4ae75e749cefc69cbdd96fe2c/element/f.92C64C74BFFB4A8B431616FE9F273F76.d.9EF778A84F43C41D8CEF2F7C6B40CE17.e.17525/click - {}
RESULT: {}
COMMAND: GET /session/9f4c84e4ae75e749cefc69cbdd96fe2c/screenshot - {}
RESULT: {}
COMMAND: POST /session/9f4c84e4ae75e749cefc69cbdd96fe2c/element - {"using":"xpath","value":"//button[@data-kt=\"saveButton\"]"}
RESULT: {"using":"xpath","value":"//button[@data-kt=\"saveButton\"]"}
COMMAND: POST /session/9f4c84e4ae75e749cefc69cbdd96fe2c/element/f.92C64C74BFFB4A8B431616FE9F273F76.d.9EF778A84F43C41D8CEF2F7C6B40CE17.e.17515/click - {}
RESULT: {}
COMMAND: GET /session/9f4c84e4ae75e749cefc69cbdd96fe2c/screenshot - {}
RESULT: {}
COMMAND: POST /session/9f4c84e4ae75e749cefc69cbdd96fe2c/element - {"using":"xpath","value":"//span[contains(@id ,\"contractDetailTitleNoExpanded\")]"}
RESULT: {"using":"xpath","value":"//span[contains(@id ,\"contractDetailTitleNoExpanded\")]"}
COMMAND: POST /session/9f4c84e4ae75e749cefc69cbdd96fe2c/elements - {"using":"xpath","value":"//span[contains(@id ,\"contractDetailTitleNoExpanded\")]"}
RESULT: {"using":"xpath","value":"//span[contains(@id ,\"contractDetailTitleNoExpanded\")]"}
COMMAND: POST /session/9f4c84e4ae75e749cefc69cbdd96fe2c/execute/sync - {"script":"<script> [56 bytes]","args":[{"element-6066-11e4-a52e-4f735466cecf":"f.92C64C74BFFB4A8B431616FE9F273F76.d.9EF778A84F43C41D8CEF2F7C6B40CE17.e.17595","ELEMENT":"f.92C64C74BFFB4A8B431616FE9F273F76.d.9EF778A84F43C41D8CEF2F7C6B40CE17.e.17595"}]}
RESULT: {"script":"<script> [56 bytes]","args":[{"element-6066-11e4-a52e-4f735466cecf":"f.92C64C74BFFB4A8B431616FE9F273F76.d.9EF778A84F43C41D8CEF2F7C6B40CE17.e.17595","ELEMENT":"f.92C64C74BFFB4A8B431616FE9F273F76.d.9EF778A84F43C41D8CEF2F7C6B40CE17.e.17595"}]}
COMMAND: GET /session/9f4c84e4ae75e749cefc69cbdd96fe2c/screenshot - {}
RESULT: {}
]]></system-out>
    </testcase>
    <testcase classname="chrome.136_0_7103_93.windows.Performance_based_billing_(work_days)_US139742" name="Should add equipment to the contract" time="46.977">
      <system-out><![CDATA[
COMMAND: POST /session/9f4c84e4ae75e749cefc69cbdd96fe2c/element - {"using":"xpath","value":"//button[@data-kt=\"contractDetailEditBtnButton\"]"}
RESULT: {"using":"xpath","value":"//button[@data-kt=\"contractDetailEditBtnButton\"]"}
COMMAND: POST /session/9f4c84e4ae75e749cefc69cbdd96fe2c/element/f.92C64C74BFFB4A8B431616FE9F273F76.d.9EF778A84F43C41D8CEF2F7C6B40CE17.e.17598/click - {}
RESULT: {}
COMMAND: GET /session/9f4c84e4ae75e749cefc69cbdd96fe2c/screenshot - {}
RESULT: {}
COMMAND: POST /session/9f4c84e4ae75e749cefc69cbdd96fe2c/element - {"using":"xpath","value":"(//span[contains(text(), \"Additional Addresses\")])[2]"}
RESULT: {"using":"xpath","value":"(//span[contains(text(), \"Additional Addresses\")])[2]"}
COMMAND: POST /session/9f4c84e4ae75e749cefc69cbdd96fe2c/element/f.92C64C74BFFB4A8B431616FE9F273F76.d.9EF778A84F43C41D8CEF2F7C6B40CE17.e.17653/click - {}
RESULT: {}
COMMAND: GET /session/9f4c84e4ae75e749cefc69cbdd96fe2c/screenshot - {}
RESULT: {}
COMMAND: POST /session/9f4c84e4ae75e749cefc69cbdd96fe2c/element - {"using":"xpath","value":"//button[@data-kt=\"btnAddTableRowOverflowToolbarButton\"]"}
RESULT: {"using":"xpath","value":"//button[@data-kt=\"btnAddTableRowOverflowToolbarButton\"]"}
COMMAND: POST /session/9f4c84e4ae75e749cefc69cbdd96fe2c/element/f.92C64C74BFFB4A8B431616FE9F273F76.d.9EF778A84F43C41D8CEF2F7C6B40CE17.e.17657/click - {}
RESULT: {}
COMMAND: GET /session/9f4c84e4ae75e749cefc69cbdd96fe2c/screenshot - {}
RESULT: {}
COMMAND: POST /session/9f4c84e4ae75e749cefc69cbdd96fe2c/element - {"using":"xpath","value":"//div[(text() = 'Standard Entry' or . = 'Standard Entry')]"}
RESULT: {"using":"xpath","value":"//div[(text() = 'Standard Entry' or . = 'Standard Entry')]"}
COMMAND: POST /session/9f4c84e4ae75e749cefc69cbdd96fe2c/element/f.92C64C74BFFB4A8B431616FE9F273F76.d.9EF778A84F43C41D8CEF2F7C6B40CE17.e.17659/click - {}
RESULT: {}
COMMAND: GET /session/9f4c84e4ae75e749cefc69cbdd96fe2c/screenshot - {}
RESULT: {}
COMMAND: POST /session/9f4c84e4ae75e749cefc69cbdd96fe2c/element - {"using":"xpath","value":"//td[7]/div/div/input"}
RESULT: {"using":"xpath","value":"//td[7]/div/div/input"}
COMMAND: POST /session/9f4c84e4ae75e749cefc69cbdd96fe2c/element/f.92C64C74BFFB4A8B431616FE9F273F76.d.9EF778A84F43C41D8CEF2F7C6B40CE17.e.17668/clear - {}
RESULT: {}
COMMAND: POST /session/9f4c84e4ae75e749cefc69cbdd96fe2c/element/f.92C64C74BFFB4A8B431616FE9F273F76.d.9EF778A84F43C41D8CEF2F7C6B40CE17.e.17668/value - {"text":"kn1SDEtmPC"}
COMMAND: GET /session/9f4c84e4ae75e749cefc69cbdd96fe2c/screenshot - {}
RESULT: {"text":"kn1SDEtmPC"}
COMMAND: GET /session/9f4c84e4ae75e749cefc69cbdd96fe2c/screenshot - {}
RESULT: {}
RESULT: {}
COMMAND: POST /session/9f4c84e4ae75e749cefc69cbdd96fe2c/actions - {"actions":[{"id":"action62","type":"key","parameters":{},"actions":[{"type":"keyDown","value":""},{"type":"pause","duration":10},{"type":"keyUp","value":""}]}]}
RESULT: {"actions":[{"id":"action62","type":"key","parameters":{},"actions":[{"type":"keyDown","value":""},{"type":"pause","duration":10},{"type":"keyUp","value":""}]}]}
COMMAND: GET /session/9f4c84e4ae75e749cefc69cbdd96fe2c/screenshot - {}
RESULT: {}
COMMAND: POST /session/9f4c84e4ae75e749cefc69cbdd96fe2c/execute/sync - {"script":"<script> [276 bytes]","args":["No pricing information was found"]}
RESULT: {"script":"<script> [276 bytes]","args":["No pricing information was found"]}
COMMAND: POST /session/9f4c84e4ae75e749cefc69cbdd96fe2c/element - {"using":"xpath","value":"(//button[@data-kt=\"saveButton\"])[2]"}
COMMAND: GET /session/9f4c84e4ae75e749cefc69cbdd96fe2c/screenshot - {}
RESULT: {"using":"xpath","value":"(//button[@data-kt=\"saveButton\"])[2]"}
COMMAND: POST /session/9f4c84e4ae75e749cefc69cbdd96fe2c/element/f.92C64C74BFFB4A8B431616FE9F273F76.d.9EF778A84F43C41D8CEF2F7C6B40CE17.e.17683/click - {}
RESULT: {}
RESULT: {}
COMMAND: GET /session/9f4c84e4ae75e749cefc69cbdd96fe2c/screenshot - {}
RESULT: {}
COMMAND: POST /session/9f4c84e4ae75e749cefc69cbdd96fe2c/execute/sync - {"script":"<script> [276 bytes]","args":["Some contract items are having rental validity exceeding header rental validity"]}
RESULT: {"script":"<script> [276 bytes]","args":["Some contract items are having rental validity exceeding header rental validity"]}
COMMAND: GET /session/9f4c84e4ae75e749cefc69cbdd96fe2c/screenshot - {}
RESULT: {}
COMMAND: POST /session/9f4c84e4ae75e749cefc69cbdd96fe2c/element - {"using":"xpath","value":"//span[contains(@id ,\"contractItemsSmartTable-header-inner\")]"}
RESULT: {"using":"xpath","value":"//span[contains(@id ,\"contractItemsSmartTable-header-inner\")]"}
COMMAND: POST /session/9f4c84e4ae75e749cefc69cbdd96fe2c/elements - {"using":"xpath","value":"//span[contains(@id ,\"contractItemsSmartTable-header-inner\")]"}
RESULT: {"using":"xpath","value":"//span[contains(@id ,\"contractItemsSmartTable-header-inner\")]"}
COMMAND: POST /session/9f4c84e4ae75e749cefc69cbdd96fe2c/execute/sync - {"script":"<script> [56 bytes]","args":[{"element-6066-11e4-a52e-4f735466cecf":"f.92C64C74BFFB4A8B431616FE9F273F76.d.9EF778A84F43C41D8CEF2F7C6B40CE17.e.17689","ELEMENT":"f.92C64C74BFFB4A8B431616FE9F273F76.d.9EF778A84F43C41D8CEF2F7C6B40CE17.e.17689"}]}
RESULT: {"script":"<script> [56 bytes]","args":[{"element-6066-11e4-a52e-4f735466cecf":"f.92C64C74BFFB4A8B431616FE9F273F76.d.9EF778A84F43C41D8CEF2F7C6B40CE17.e.17689","ELEMENT":"f.92C64C74BFFB4A8B431616FE9F273F76.d.9EF778A84F43C41D8CEF2F7C6B40CE17.e.17689"}]}
]]></system-out>
    </testcase>
    <testcase classname="chrome.136_0_7103_93.windows.Performance_based_billing_(work_days)_US139742" name="Should do a provide to site handover" time="63.534">
      <system-out><![CDATA[
COMMAND: POST /session/9f4c84e4ae75e749cefc69cbdd96fe2c/element - {"using":"xpath","value":"//button[@data-kt=\"provideButton\"]"}
COMMAND: GET /session/9f4c84e4ae75e749cefc69cbdd96fe2c/screenshot - {}
RESULT: {"using":"xpath","value":"//button[@data-kt=\"provideButton\"]"}
COMMAND: POST /session/9f4c84e4ae75e749cefc69cbdd96fe2c/element/f.92C64C74BFFB4A8B431616FE9F273F76.d.9EF778A84F43C41D8CEF2F7C6B40CE17.e.17690/click - {}
RESULT: {}
RESULT: {}
COMMAND: GET /session/9f4c84e4ae75e749cefc69cbdd96fe2c/screenshot - {}
RESULT: {}
RESULT: undefined
COMMAND: POST /session/9f4c84e4ae75e749cefc69cbdd96fe2c/execute/async - {"script":"<script> [6424 bytes]","args":[{"element-6066-11e4-a52e-4f735466cecf":"f.92C64C74BFFB4A8B431616FE9F273F76.d.9EF778A84F43C41D8CEF2F7C6B40CE17.e.16667"},"setValue",["5/28/25"]]}
COMMAND: POST /session/9f4c84e4ae75e749cefc69cbdd96fe2c/execute/async - {"script":"<script> [1562 bytes]","args":[{"selector":{"id":"application-managehandovers-display-component---AddNewHO--dueDate","interaction":{"idSuffix":"inner"}},"wdio_ui5_key":"applicationmanagehandovers-display-component---AddNewHO--dueDate"}]}
RESULT: {"script":"<script> [1562 bytes]","args":[{"selector":{"id":"application-managehandovers-display-component---AddNewHO--dueDate","interaction":{"idSuffix":"inner"}},"wdio_ui5_key":"applicationmanagehandovers-display-component---AddNewHO--dueDate"}]}
COMMAND: POST /session/9f4c84e4ae75e749cefc69cbdd96fe2c/execute/async - {"script":"<script> [6424 bytes]","args":[{"element-6066-11e4-a52e-4f735466cecf":"f.92C64C74BFFB4A8B431616FE9F273F76.d.9EF778A84F43C41D8CEF2F7C6B40CE17.e.17766"},"setValue",["5/28/25"]]}
RESULT: {"script":"<script> [6424 bytes]","args":[{"element-6066-11e4-a52e-4f735466cecf":"f.92C64C74BFFB4A8B431616FE9F273F76.d.9EF778A84F43C41D8CEF2F7C6B40CE17.e.17766"},"setValue",["5/28/25"]]}
COMMAND: POST /session/9f4c84e4ae75e749cefc69cbdd96fe2c/element - {"using":"xpath","value":"//bdi[contains(text(), \"Instructions\")]"}
RESULT: {"using":"xpath","value":"//bdi[contains(text(), \"Instructions\")]"}
COMMAND: POST /session/9f4c84e4ae75e749cefc69cbdd96fe2c/element/f.92C64C74BFFB4A8B431616FE9F273F76.d.9EF778A84F43C41D8CEF2F7C6B40CE17.e.18026/click - {}
RESULT: {}
COMMAND: GET /session/9f4c84e4ae75e749cefc69cbdd96fe2c/screenshot - {}
RESULT: {}
COMMAND: POST /session/9f4c84e4ae75e749cefc69cbdd96fe2c/element - {"using":"xpath","value":"//button[@data-kt=\"AddNewHOProvideAddItemsButton\"]"}
RESULT: {"using":"xpath","value":"//button[@data-kt=\"AddNewHOProvideAddItemsButton\"]"}
COMMAND: POST /session/9f4c84e4ae75e749cefc69cbdd96fe2c/element/f.92C64C74BFFB4A8B431616FE9F273F76.d.9EF778A84F43C41D8CEF2F7C6B40CE17.e.18030/click - {}
RESULT: {}
COMMAND: GET /session/9f4c84e4ae75e749cefc69cbdd96fe2c/screenshot - {}
RESULT: {}
RESULT: undefined
COMMAND: POST /session/9f4c84e4ae75e749cefc69cbdd96fe2c/element - {"using":"xpath","value":"//*[@id=\"application-managehandovers-display-component---AddNewHO--popup-sa\"]"}
RESULT: {"using":"xpath","value":"//*[@id=\"application-managehandovers-display-component---AddNewHO--popup-sa\"]"}
COMMAND: POST /session/9f4c84e4ae75e749cefc69cbdd96fe2c/element/f.92C64C74BFFB4A8B431616FE9F273F76.d.9EF778A84F43C41D8CEF2F7C6B40CE17.e.18040/click - {}
RESULT: {}
COMMAND: GET /session/9f4c84e4ae75e749cefc69cbdd96fe2c/screenshot - {}
RESULT: {}
COMMAND: POST /session/9f4c84e4ae75e749cefc69cbdd96fe2c/element - {"using":"xpath","value":"//*[contains(@id ,\"BDI-content\")][contains(text(), \"Select\")]"}
RESULT: {"using":"xpath","value":"//*[contains(@id ,\"BDI-content\")][contains(text(), \"Select\")]"}
COMMAND: POST /session/9f4c84e4ae75e749cefc69cbdd96fe2c/element/f.92C64C74BFFB4A8B431616FE9F273F76.d.9EF778A84F43C41D8CEF2F7C6B40CE17.e.18041/click - {}
RESULT: {}
COMMAND: GET /session/9f4c84e4ae75e749cefc69cbdd96fe2c/screenshot - {}
RESULT: {}
COMMAND: POST /session/9f4c84e4ae75e749cefc69cbdd96fe2c/execute/async - {"script":"<script> [1562 bytes]","args":[{"selector":{"id":"application-managehandovers-display-component---AddNewHO--confirmCreationButton","interaction":{"idSuffix":"BDI-content"}},"wdio_ui5_key":"applicationmanagehandovers-display-component---AddNewHO--confirmCreationButton"}]}
RESULT: {"script":"<script> [1562 bytes]","args":[{"selector":{"id":"application-managehandovers-display-component---AddNewHO--confirmCreationButton","interaction":{"idSuffix":"BDI-content"}},"wdio_ui5_key":"applicationmanagehandovers-display-component---AddNewHO--confirmCreationButton"}]}
RESULT: undefined
COMMAND: POST /session/9f4c84e4ae75e749cefc69cbdd96fe2c/element - {"using":"xpath","value":"//*[@id=\"application-managehandovers-display-component---AddNewHO--confirmCreationButton\"]"}
RESULT: {"using":"xpath","value":"//*[@id=\"application-managehandovers-display-component---AddNewHO--confirmCreationButton\"]"}
COMMAND: POST /session/9f4c84e4ae75e749cefc69cbdd96fe2c/element/f.92C64C74BFFB4A8B431616FE9F273F76.d.9EF778A84F43C41D8CEF2F7C6B40CE17.e.17814/click - {}
RESULT: {}
COMMAND: GET /session/9f4c84e4ae75e749cefc69cbdd96fe2c/screenshot - {}
RESULT: {}
COMMAND: POST /session/9f4c84e4ae75e749cefc69cbdd96fe2c/execute/async - {"script":"<script> [1562 bytes]","args":[{"selector":{"id":"issueDatePicker","viewName":"etm.portal.ui.managehandovers.view.DetailExecuteHO","interaction":{"idSuffix":"inner"}},"wdio_ui5_key":"issueDatePickeretmportal.ui.managehandovers.view.DetailExecuteHO"}]}
RESULT: {"script":"<script> [1562 bytes]","args":[{"selector":{"id":"issueDatePicker","viewName":"etm.portal.ui.managehandovers.view.DetailExecuteHO","interaction":{"idSuffix":"inner"}},"wdio_ui5_key":"issueDatePickeretmportal.ui.managehandovers.view.DetailExecuteHO"}]}
RESULT: undefined
COMMAND: POST /session/9f4c84e4ae75e749cefc69cbdd96fe2c/execute/async - {"script":"<script> [776 bytes]","args":[{"enterText":"5/28/25","selector":{"id":"issueDatePicker","viewName":"etm.portal.ui.managehandovers.view.DetailExecuteHO","interaction":{"idSuffix":"inner"}},"clearTextFirst":true,"interactionType":"ENTER_TEXT"}]}
RESULT: {"script":"<script> [776 bytes]","args":[{"enterText":"5/28/25","selector":{"id":"issueDatePicker","viewName":"etm.portal.ui.managehandovers.view.DetailExecuteHO","interaction":{"idSuffix":"inner"}},"clearTextFirst":true,"interactionType":"ENTER_TEXT"}]}
COMMAND: POST /session/9f4c84e4ae75e749cefc69cbdd96fe2c/element - {"using":"xpath","value":"//button[@data-kt=\"PickingTableConfirmAllButton\"]"}
RESULT: {"using":"xpath","value":"//button[@data-kt=\"PickingTableConfirmAllButton\"]"}
COMMAND: POST /session/9f4c84e4ae75e749cefc69cbdd96fe2c/element/f.92C64C74BFFB4A8B431616FE9F273F76.d.9EF778A84F43C41D8CEF2F7C6B40CE17.e.18101/click - {}
RESULT: {}
COMMAND: GET /session/9f4c84e4ae75e749cefc69cbdd96fe2c/screenshot - {}
RESULT: {}
COMMAND: POST /session/9f4c84e4ae75e749cefc69cbdd96fe2c/element - {"using":"xpath","value":"//bdi[contains(text(), \"OK\")]"}
RESULT: {"using":"xpath","value":"//bdi[contains(text(), \"OK\")]"}
COMMAND: POST /session/9f4c84e4ae75e749cefc69cbdd96fe2c/element/f.92C64C74BFFB4A8B431616FE9F273F76.d.9EF778A84F43C41D8CEF2F7C6B40CE17.e.18105/click - {}
RESULT: {}
COMMAND: GET /session/9f4c84e4ae75e749cefc69cbdd96fe2c/screenshot - {}
RESULT: {}
COMMAND: POST /session/9f4c84e4ae75e749cefc69cbdd96fe2c/element - {"using":"xpath","value":"//bdi[contains(text(), \"Issue\")]"}
RESULT: {"using":"xpath","value":"//bdi[contains(text(), \"Issue\")]"}
COMMAND: POST /session/9f4c84e4ae75e749cefc69cbdd96fe2c/element/f.92C64C74BFFB4A8B431616FE9F273F76.d.9EF778A84F43C41D8CEF2F7C6B40CE17.e.18106/click - {}
RESULT: {}
COMMAND: GET /session/9f4c84e4ae75e749cefc69cbdd96fe2c/screenshot - {}
RESULT: {}
COMMAND: POST /session/9f4c84e4ae75e749cefc69cbdd96fe2c/element - {"using":"css selector","value":"#shell-header-logo"}
RESULT: {"using":"css selector","value":"#shell-header-logo"}
COMMAND: POST /session/9f4c84e4ae75e749cefc69cbdd96fe2c/element/f.92C64C74BFFB4A8B431616FE9F273F76.d.9EF778A84F43C41D8CEF2F7C6B40CE17.e.17073/click - {}
RESULT: {}
COMMAND: GET /session/9f4c84e4ae75e749cefc69cbdd96fe2c/screenshot - {}
RESULT: {}
]]></system-out>
    </testcase>
    <testcase classname="chrome.136_0_7103_93.windows.Performance_based_billing_(work_days)_US139742" name="Should create a few performance documents" time="100.707">
      <system-out><![CDATA[
COMMAND: POST /session/9f4c84e4ae75e749cefc69cbdd96fe2c/execute/async - {"script":"<script> [1562 bytes]","args":[{"selector":{"controlType":"sap.m.GenericTile","properties":{"header":"Manage States & Performance"}},"wdio_ui5_key":"sapm.GenericTile{\"header\":\"Manage States & Performance\"}"}]}
RESULT: {"script":"<script> [1562 bytes]","args":[{"selector":{"controlType":"sap.m.GenericTile","properties":{"header":"Manage States & Performance"}},"wdio_ui5_key":"sapm.GenericTile{\"header\":\"Manage States & Performance\"}"}]}
RESULT: undefined
COMMAND: POST /session/9f4c84e4ae75e749cefc69cbdd96fe2c/element - {"using":"xpath","value":"//*[@id=\"__tile56\"]"}
RESULT: {"using":"xpath","value":"//*[@id=\"__tile56\"]"}
COMMAND: POST /session/9f4c84e4ae75e749cefc69cbdd96fe2c/element/f.92C64C74BFFB4A8B431616FE9F273F76.d.9EF778A84F43C41D8CEF2F7C6B40CE17.e.14483/click - {}
RESULT: {}
COMMAND: GET /session/9f4c84e4ae75e749cefc69cbdd96fe2c/screenshot - {}
COMMAND: POST /session/9f4c84e4ae75e749cefc69cbdd96fe2c/elements - {"using":"xpath","value":"//span[text()='Error']"}
RESULT: {}
RESULT: {"using":"xpath","value":"//span[text()='Error']"}
COMMAND: POST /session/9f4c84e4ae75e749cefc69cbdd96fe2c/element - {"using":"xpath","value":"//div[@id=\"application-managestatesandperformance-display-component---stateAndPerform--smartFilterBarResources-btnBasicSearch\"]"}
RESULT: {"using":"xpath","value":"//div[@id=\"application-managestatesandperformance-display-component---stateAndPerform--smartFilterBarResources-btnBasicSearch\"]"}
COMMAND: POST /session/9f4c84e4ae75e749cefc69cbdd96fe2c/elements - {"using":"xpath","value":"//div[@id=\"application-managestatesandperformance-display-component---stateAndPerform--smartFilterBarResources-btnBasicSearch\"]"}
RESULT: {"using":"xpath","value":"//div[@id=\"application-managestatesandperformance-display-component---stateAndPerform--smartFilterBarResources-btnBasicSearch\"]"}
COMMAND: POST /session/9f4c84e4ae75e749cefc69cbdd96fe2c/execute/sync - {"script":"<script> [8489 bytes]","args":[{"element-6066-11e4-a52e-4f735466cecf":"f.92C64C74BFFB4A8B431616FE9F273F76.d.9EF778A84F43C41D8CEF2F7C6B40CE17.e.18352","ELEMENT":"f.92C64C74BFFB4A8B431616FE9F273F76.d.9EF778A84F43C41D8CEF2F7C6B40CE17.e.18352"}]}
RESULT: {"script":"<script> [8489 bytes]","args":[{"element-6066-11e4-a52e-4f735466cecf":"f.92C64C74BFFB4A8B431616FE9F273F76.d.9EF778A84F43C41D8CEF2F7C6B40CE17.e.18352","ELEMENT":"f.92C64C74BFFB4A8B431616FE9F273F76.d.9EF778A84F43C41D8CEF2F7C6B40CE17.e.18352"}]}
COMMAND: GET /session/9f4c84e4ae75e749cefc69cbdd96fe2c/element/f.92C64C74BFFB4A8B431616FE9F273F76.d.9EF778A84F43C41D8CEF2F7C6B40CE17.e.18352/enabled - {}
COMMAND: GET /session/9f4c84e4ae75e749cefc69cbdd96fe2c/screenshot - {}
RESULT: {}
COMMAND: POST /session/9f4c84e4ae75e749cefc69cbdd96fe2c/execute/sync - {"script":"<script> [8489 bytes]","args":[{"element-6066-11e4-a52e-4f735466cecf":"f.92C64C74BFFB4A8B431616FE9F273F76.d.9EF778A84F43C41D8CEF2F7C6B40CE17.e.18352","ELEMENT":"f.92C64C74BFFB4A8B431616FE9F273F76.d.9EF778A84F43C41D8CEF2F7C6B40CE17.e.18352"}]}
COMMAND: GET /session/9f4c84e4ae75e749cefc69cbdd96fe2c/screenshot - {}
RESULT: {}
RESULT: {"script":"<script> [8489 bytes]","args":[{"element-6066-11e4-a52e-4f735466cecf":"f.92C64C74BFFB4A8B431616FE9F273F76.d.9EF778A84F43C41D8CEF2F7C6B40CE17.e.18352","ELEMENT":"f.92C64C74BFFB4A8B431616FE9F273F76.d.9EF778A84F43C41D8CEF2F7C6B40CE17.e.18352"}]}
COMMAND: POST /session/9f4c84e4ae75e749cefc69cbdd96fe2c/execute/sync - {"script":"<script> [5351 bytes]","args":[{"element-6066-11e4-a52e-4f735466cecf":"f.92C64C74BFFB4A8B431616FE9F273F76.d.9EF778A84F43C41D8CEF2F7C6B40CE17.e.18352","ELEMENT":"f.92C64C74BFFB4A8B431616FE9F273F76.d.9EF778A84F43C41D8CEF2F7C6B40CE17.e.18352"}]}
COMMAND: GET /session/9f4c84e4ae75e749cefc69cbdd96fe2c/screenshot - {}
RESULT: {}
RESULT: {"script":"<script> [5351 bytes]","args":[{"element-6066-11e4-a52e-4f735466cecf":"f.92C64C74BFFB4A8B431616FE9F273F76.d.9EF778A84F43C41D8CEF2F7C6B40CE17.e.18352","ELEMENT":"f.92C64C74BFFB4A8B431616FE9F273F76.d.9EF778A84F43C41D8CEF2F7C6B40CE17.e.18352"}]}
COMMAND: POST /session/9f4c84e4ae75e749cefc69cbdd96fe2c/execute/async - {"script":"<script> [1562 bytes]","args":[{"selector":{"id":"application-managestatesandperformance-display-component---stateAndPerform--smartFilterBarResources-btnBasicSearch","interaction":{"idSuffix":"I"}},"wdio_ui5_key":"applicationmanagestatesandperformance-display-component---stateAndPerform--smartFilterBarResources-btnBasicSearch"}]}
COMMAND: GET /session/9f4c84e4ae75e749cefc69cbdd96fe2c/screenshot - {}
RESULT: {}
RESULT: {"script":"<script> [1562 bytes]","args":[{"selector":{"id":"application-managestatesandperformance-display-component---stateAndPerform--smartFilterBarResources-btnBasicSearch","interaction":{"idSuffix":"I"}},"wdio_ui5_key":"applicationmanagestatesandperformance-display-component---stateAndPerform--smartFilterBarResources-btnBasicSearch"}]}
RESULT: undefined
COMMAND: POST /session/9f4c84e4ae75e749cefc69cbdd96fe2c/execute/async - {"script":"<script> [776 bytes]","args":[{"enterText":"kn1SDEtmPC","selector":{"id":"application-managestatesandperformance-display-component---stateAndPerform--smartFilterBarResources-btnBasicSearch","interaction":{"idSuffix":"I"}},"clearTextFirst":true,"interactionType":"ENTER_TEXT"}]}
RESULT: {}
RESULT: {"script":"<script> [776 bytes]","args":[{"enterText":"kn1SDEtmPC","selector":{"id":"application-managestatesandperformance-display-component---stateAndPerform--smartFilterBarResources-btnBasicSearch","interaction":{"idSuffix":"I"}},"clearTextFirst":true,"interactionType":"ENTER_TEXT"}]}
COMMAND: POST /session/9f4c84e4ae75e749cefc69cbdd96fe2c/actions - {"actions":[{"id":"action63","type":"key","parameters":{},"actions":[{"type":"keyDown","value":""},{"type":"pause","duration":10},{"type":"keyUp","value":""}]}]}
RESULT: {"actions":[{"id":"action63","type":"key","parameters":{},"actions":[{"type":"keyDown","value":""},{"type":"pause","duration":10},{"type":"keyUp","value":""}]}]}
COMMAND: GET /session/9f4c84e4ae75e749cefc69cbdd96fe2c/screenshot - {}
RESULT: {}
COMMAND: POST /session/9f4c84e4ae75e749cefc69cbdd96fe2c/execute/async - {"script":"<script> [1562 bytes]","args":[{"selector":{"id":"application-managestatesandperformance-display-component---stateAndPerform--stateAndPerformResourcesSmartTable-header"},"wdio_ui5_key":"applicationmanagestatesandperformance-display-component---stateAndPerform--stateAndPerformResourcesSmartTable-header"}]}
RESULT: {"script":"<script> [1562 bytes]","args":[{"selector":{"id":"application-managestatesandperformance-display-component---stateAndPerform--stateAndPerformResourcesSmartTable-header"},"wdio_ui5_key":"applicationmanagestatesandperformance-display-component---stateAndPerform--stateAndPerformResourcesSmartTable-header"}]}
RESULT: undefined
COMMAND: POST /session/9f4c84e4ae75e749cefc69cbdd96fe2c/execute/async - {"script":"<script> [6424 bytes]","args":[{"element-6066-11e4-a52e-4f735466cecf":"f.92C64C74BFFB4A8B431616FE9F273F76.d.9EF778A84F43C41D8CEF2F7C6B40CE17.e.18391"},"getText",[]]}
RESULT: {"script":"<script> [6424 bytes]","args":[{"element-6066-11e4-a52e-4f735466cecf":"f.92C64C74BFFB4A8B431616FE9F273F76.d.9EF778A84F43C41D8CEF2F7C6B40CE17.e.18391"},"getText",[]]}
COMMAND: POST /session/9f4c84e4ae75e749cefc69cbdd96fe2c/execute/async - {"script":"<script> [1562 bytes]","args":[{"selector":{"controlType":"sap.ui.core.Icon","viewName":"etm.portal.ui.managestatesandperformance.view.Master","viewId":"application-managestatesandperformance-display-component---stateAndPerform","properties":{"src":{"regex":{"source":"slim\\-arrow\\-right"}}}},"wdio_ui5_key":"etmportal.ui.managestatesandperformance.view.Mastersap.ui.core.Icon{\"src\":{\"regex\":{\"source\":\"slim\\\\-arrow\\\\-right\"}}}"}]}
RESULT: {"script":"<script> [1562 bytes]","args":[{"selector":{"controlType":"sap.ui.core.Icon","viewName":"etm.portal.ui.managestatesandperformance.view.Master","viewId":"application-managestatesandperformance-display-component---stateAndPerform","properties":{"src":{"regex":{"source":"slim\\-arrow\\-right"}}}},"wdio_ui5_key":"etmportal.ui.managestatesandperformance.view.Mastersap.ui.core.Icon{\"src\":{\"regex\":{\"source\":\"slim\\\\-arrow\\\\-right\"}}}"}]}
RESULT: undefined
COMMAND: POST /session/9f4c84e4ae75e749cefc69cbdd96fe2c/element - {"using":"xpath","value":"//*[@id=\"__item2208-__clone4200-imgNav\"]"}
RESULT: {"using":"xpath","value":"//*[@id=\"__item2208-__clone4200-imgNav\"]"}
COMMAND: POST /session/9f4c84e4ae75e749cefc69cbdd96fe2c/element/f.92C64C74BFFB4A8B431616FE9F273F76.d.9EF778A84F43C41D8CEF2F7C6B40CE17.e.18389/click - {}
RESULT: {}
COMMAND: GET /session/9f4c84e4ae75e749cefc69cbdd96fe2c/screenshot - {}
RESULT: {}
COMMAND: POST /session/9f4c84e4ae75e749cefc69cbdd96fe2c/execute/async - {"script":"<script> [1562 bytes]","args":[{"selector":{"controlType":"sap.m.Button","viewName":"etm.portal.ui.managestatesandperformance.view.Detail","viewId":"application-managestatesandperformance-display-component---detailStateAndPerform","properties":{"text":"Performance Documents"}},"wdio_ui5_key":"etmportal.ui.managestatesandperformance.view.Detailsap.m.Button{\"text\":\"Performance Documents\"}"}]}
RESULT: {"script":"<script> [1562 bytes]","args":[{"selector":{"controlType":"sap.m.Button","viewName":"etm.portal.ui.managestatesandperformance.view.Detail","viewId":"application-managestatesandperformance-display-component---detailStateAndPerform","properties":{"text":"Performance Documents"}},"wdio_ui5_key":"etmportal.ui.managestatesandperformance.view.Detailsap.m.Button{\"text\":\"Performance Documents\"}"}]}
RESULT: undefined
COMMAND: POST /session/9f4c84e4ae75e749cefc69cbdd96fe2c/element - {"using":"xpath","value":"//*[@id=\"__item2231-button\"]"}
RESULT: {"using":"xpath","value":"//*[@id=\"__item2231-button\"]"}
COMMAND: POST /session/9f4c84e4ae75e749cefc69cbdd96fe2c/element/f.92C64C74BFFB4A8B431616FE9F273F76.d.9EF778A84F43C41D8CEF2F7C6B40CE17.e.18437/click - {}
RESULT: {}
COMMAND: POST /session/9f4c84e4ae75e749cefc69cbdd96fe2c/execute/async - {"script":"<script> [1562 bytes]","args":[{"selector":{"controlType":"sap.m.Button","viewName":"etm.portal.ui.managestatesandperformance.view.Detail","viewId":"application-managestatesandperformance-display-component---detailStateAndPerform","i18NText":{"propertyName":"text","key":"createPerformanceDoc"},"interaction":{"idSuffix":"BDI-content"}},"wdio_ui5_key":"etmportal.ui.managestatesandperformance.view.Detailsap.m.Button{\"propertyName\":\"text\",\"key\":\"createPerformanceDoc\"}"}]}
COMMAND: GET /session/9f4c84e4ae75e749cefc69cbdd96fe2c/screenshot - {}
RESULT: {"script":"<script> [1562 bytes]","args":[{"selector":{"controlType":"sap.m.Button","viewName":"etm.portal.ui.managestatesandperformance.view.Detail","viewId":"application-managestatesandperformance-display-component---detailStateAndPerform","i18NText":{"propertyName":"text","key":"createPerformanceDoc"},"interaction":{"idSuffix":"BDI-content"}},"wdio_ui5_key":"etmportal.ui.managestatesandperformance.view.Detailsap.m.Button{\"propertyName\":\"text\",\"key\":\"createPerformanceDoc\"}"}]}
RESULT: undefined
COMMAND: POST /session/9f4c84e4ae75e749cefc69cbdd96fe2c/element - {"using":"xpath","value":"//*[@id=\"__button406\"]"}
RESULT: {}
RESULT: {"using":"xpath","value":"//*[@id=\"__button406\"]"}
COMMAND: POST /session/9f4c84e4ae75e749cefc69cbdd96fe2c/element/f.92C64C74BFFB4A8B431616FE9F273F76.d.9EF778A84F43C41D8CEF2F7C6B40CE17.e.18440/click - {}
RESULT: {}
COMMAND: POST /session/9f4c84e4ae75e749cefc69cbdd96fe2c/execute/async - {"script":"<script> [1562 bytes]","args":[{"selector":{"id":"application-managestatesandperformance-display-component---detailStateAndPerform--perfDocDatePicker","searchOpenDialogs":true,"interaction":{"idSuffix":"inner"}},"wdio_ui5_key":"applicationmanagestatesandperformance-display-component---detailStateAndPerform--perfDocDatePicker"}]}
COMMAND: GET /session/9f4c84e4ae75e749cefc69cbdd96fe2c/screenshot - {}
RESULT: {"script":"<script> [1562 bytes]","args":[{"selector":{"id":"application-managestatesandperformance-display-component---detailStateAndPerform--perfDocDatePicker","searchOpenDialogs":true,"interaction":{"idSuffix":"inner"}},"wdio_ui5_key":"applicationmanagestatesandperformance-display-component---detailStateAndPerform--perfDocDatePicker"}]}
RESULT: undefined
COMMAND: POST /session/9f4c84e4ae75e749cefc69cbdd96fe2c/execute/async - {"script":"<script> [776 bytes]","args":[{"enterText":"5/30/25","selector":{"id":"application-managestatesandperformance-display-component---detailStateAndPerform--perfDocDatePicker","searchOpenDialogs":true,"interaction":{"idSuffix":"inner"}},"clearTextFirst":true,"interactionType":"ENTER_TEXT"}]}
RESULT: {}
RESULT: {"script":"<script> [776 bytes]","args":[{"enterText":"5/30/25","selector":{"id":"application-managestatesandperformance-display-component---detailStateAndPerform--perfDocDatePicker","searchOpenDialogs":true,"interaction":{"idSuffix":"inner"}},"clearTextFirst":true,"interactionType":"ENTER_TEXT"}]}
COMMAND: POST /session/9f4c84e4ae75e749cefc69cbdd96fe2c/execute/async - {"script":"<script> [1562 bytes]","args":[{"selector":{"id":"application-managestatesandperformance-display-component---detailStateAndPerform--counterValue-input","searchOpenDialogs":true,"interaction":{"idSuffix":"inner"}},"wdio_ui5_key":"applicationmanagestatesandperformance-display-component---detailStateAndPerform--counterValue-input"}]}
RESULT: {"script":"<script> [1562 bytes]","args":[{"selector":{"id":"application-managestatesandperformance-display-component---detailStateAndPerform--counterValue-input","searchOpenDialogs":true,"interaction":{"idSuffix":"inner"}},"wdio_ui5_key":"applicationmanagestatesandperformance-display-component---detailStateAndPerform--counterValue-input"}]}
RESULT: undefined
COMMAND: POST /session/9f4c84e4ae75e749cefc69cbdd96fe2c/execute/async - {"script":"<script> [776 bytes]","args":[{"enterText":"15.00","selector":{"id":"application-managestatesandperformance-display-component---detailStateAndPerform--counterValue-input","searchOpenDialogs":true,"interaction":{"idSuffix":"inner"}},"clearTextFirst":true,"interactionType":"ENTER_TEXT"}]}
RESULT: {"script":"<script> [776 bytes]","args":[{"enterText":"15.00","selector":{"id":"application-managestatesandperformance-display-component---detailStateAndPerform--counterValue-input","searchOpenDialogs":true,"interaction":{"idSuffix":"inner"}},"clearTextFirst":true,"interactionType":"ENTER_TEXT"}]}
COMMAND: POST /session/9f4c84e4ae75e749cefc69cbdd96fe2c/execute/async - {"script":"<script> [1562 bytes]","args":[{"selector":{"controlType":"sap.m.Button","viewName":"etm.portal.ui.managestatesandperformance.view.Detail","viewId":"application-managestatesandperformance-display-component---detailStateAndPerform","bindingPath":{"path":"","propertyPath":"/allowAddEdit","modelName":"oScreenModel"},"searchOpenDialogs":true,"interaction":{"idSuffix":"BDI-content"}},"wdio_ui5_key":"etmportal.ui.managestatesandperformance.view.Detailsap.m.Button{\"path\":\"\",\"propertyPath\":\"/allowAddEdit\",\"modelName\":\"oScreenModel\"}"}]}
RESULT: {"script":"<script> [1562 bytes]","args":[{"selector":{"controlType":"sap.m.Button","viewName":"etm.portal.ui.managestatesandperformance.view.Detail","viewId":"application-managestatesandperformance-display-component---detailStateAndPerform","bindingPath":{"path":"","propertyPath":"/allowAddEdit","modelName":"oScreenModel"},"searchOpenDialogs":true,"interaction":{"idSuffix":"BDI-content"}},"wdio_ui5_key":"etmportal.ui.managestatesandperformance.view.Detailsap.m.Button{\"path\":\"\",\"propertyPath\":\"/allowAddEdit\",\"modelName\":\"oScreenModel\"}"}]}
RESULT: undefined
COMMAND: POST /session/9f4c84e4ae75e749cefc69cbdd96fe2c/element - {"using":"xpath","value":"//*[@id=\"__button413\"]"}
RESULT: {"using":"xpath","value":"//*[@id=\"__button413\"]"}
COMMAND: POST /session/9f4c84e4ae75e749cefc69cbdd96fe2c/element/f.92C64C74BFFB4A8B431616FE9F273F76.d.9EF778A84F43C41D8CEF2F7C6B40CE17.e.18460/click - {}
RESULT: {}
RESULT: undefined
COMMAND: POST /session/9f4c84e4ae75e749cefc69cbdd96fe2c/element - {"using":"xpath","value":"//*[@id=\"__button406\"]"}
COMMAND: GET /session/9f4c84e4ae75e749cefc69cbdd96fe2c/screenshot - {}
RESULT: {"using":"xpath","value":"//*[@id=\"__button406\"]"}
COMMAND: POST /session/9f4c84e4ae75e749cefc69cbdd96fe2c/element/f.92C64C74BFFB4A8B431616FE9F273F76.d.9EF778A84F43C41D8CEF2F7C6B40CE17.e.18440/click - {}
RESULT: {}
RESULT: {}
RESULT: undefined
COMMAND: POST /session/9f4c84e4ae75e749cefc69cbdd96fe2c/execute/async - {"script":"<script> [776 bytes]","args":[{"enterText":"6/3/25","selector":{"id":"application-managestatesandperformance-display-component---detailStateAndPerform--perfDocDatePicker","searchOpenDialogs":true,"interaction":{"idSuffix":"inner"}},"clearTextFirst":true,"interactionType":"ENTER_TEXT"}]}
COMMAND: GET /session/9f4c84e4ae75e749cefc69cbdd96fe2c/screenshot - {}
RESULT: {"script":"<script> [776 bytes]","args":[{"enterText":"6/3/25","selector":{"id":"application-managestatesandperformance-display-component---detailStateAndPerform--perfDocDatePicker","searchOpenDialogs":true,"interaction":{"idSuffix":"inner"}},"clearTextFirst":true,"interactionType":"ENTER_TEXT"}]}
RESULT: undefined
COMMAND: POST /session/9f4c84e4ae75e749cefc69cbdd96fe2c/execute/async - {"script":"<script> [776 bytes]","args":[{"enterText":"20.00","selector":{"id":"application-managestatesandperformance-display-component---detailStateAndPerform--counterValue-input","searchOpenDialogs":true,"interaction":{"idSuffix":"inner"}},"clearTextFirst":true,"interactionType":"ENTER_TEXT"}]}
RESULT: {}
RESULT: {"script":"<script> [776 bytes]","args":[{"enterText":"20.00","selector":{"id":"application-managestatesandperformance-display-component---detailStateAndPerform--counterValue-input","searchOpenDialogs":true,"interaction":{"idSuffix":"inner"}},"clearTextFirst":true,"interactionType":"ENTER_TEXT"}]}
COMMAND: POST /session/9f4c84e4ae75e749cefc69cbdd96fe2c/actions - {"actions":[{"id":"action64","type":"key","parameters":{},"actions":[{"type":"keyDown","value":""},{"type":"keyDown","value":""},{"type":"pause","duration":10},{"type":"keyUp","value":""},{"type":"keyUp","value":""}]}]}
RESULT: {"actions":[{"id":"action64","type":"key","parameters":{},"actions":[{"type":"keyDown","value":""},{"type":"keyDown","value":""},{"type":"pause","duration":10},{"type":"keyUp","value":""},{"type":"keyUp","value":""}]}]}
COMMAND: POST /session/9f4c84e4ae75e749cefc69cbdd96fe2c/actions - {"actions":[{"id":"action65","type":"key","parameters":{},"actions":[{"type":"keyDown","value":""},{"type":"pause","duration":10},{"type":"keyUp","value":""}]}]}
COMMAND: GET /session/9f4c84e4ae75e749cefc69cbdd96fe2c/screenshot - {}
RESULT: {"actions":[{"id":"action65","type":"key","parameters":{},"actions":[{"type":"keyDown","value":""},{"type":"pause","duration":10},{"type":"keyUp","value":""}]}]}
RESULT: undefined
COMMAND: POST /session/9f4c84e4ae75e749cefc69cbdd96fe2c/element - {"using":"xpath","value":"//*[@id=\"__button413\"]"}
COMMAND: GET /session/9f4c84e4ae75e749cefc69cbdd96fe2c/screenshot - {}
RESULT: {}
RESULT: {"using":"xpath","value":"//*[@id=\"__button413\"]"}
COMMAND: POST /session/9f4c84e4ae75e749cefc69cbdd96fe2c/elements - {"using":"xpath","value":"//*[@id=\"__button413\"]"}
RESULT: {}
RESULT: {"using":"xpath","value":"//*[@id=\"__button413\"]"}
COMMAND: POST /session/9f4c84e4ae75e749cefc69cbdd96fe2c/elements - {"using":"xpath","value":"//*[@id=\"__button413\"]"}
RESULT: {"using":"xpath","value":"//*[@id=\"__button413\"]"}
COMMAND: POST /session/9f4c84e4ae75e749cefc69cbdd96fe2c/elements - {"using":"xpath","value":"//*[@id=\"__button413\"]"}
RESULT: {"using":"xpath","value":"//*[@id=\"__button413\"]"}
COMMAND: POST /session/9f4c84e4ae75e749cefc69cbdd96fe2c/elements - {"using":"xpath","value":"//*[@id=\"__button413\"]"}
RESULT: {"using":"xpath","value":"//*[@id=\"__button413\"]"}
COMMAND: POST /session/9f4c84e4ae75e749cefc69cbdd96fe2c/elements - {"using":"xpath","value":"//*[@id=\"__button413\"]"}
RESULT: {"using":"xpath","value":"//*[@id=\"__button413\"]"}
COMMAND: POST /session/9f4c84e4ae75e749cefc69cbdd96fe2c/elements - {"using":"xpath","value":"//*[@id=\"__button413\"]"}
RESULT: {"using":"xpath","value":"//*[@id=\"__button413\"]"}
COMMAND: POST /session/9f4c84e4ae75e749cefc69cbdd96fe2c/elements - {"using":"xpath","value":"//*[@id=\"__button413\"]"}
RESULT: {"using":"xpath","value":"//*[@id=\"__button413\"]"}
COMMAND: POST /session/9f4c84e4ae75e749cefc69cbdd96fe2c/elements - {"using":"xpath","value":"//*[@id=\"__button413\"]"}
RESULT: {"using":"xpath","value":"//*[@id=\"__button413\"]"}
COMMAND: POST /session/9f4c84e4ae75e749cefc69cbdd96fe2c/elements - {"using":"xpath","value":"//*[@id=\"__button413\"]"}
RESULT: {"using":"xpath","value":"//*[@id=\"__button413\"]"}
COMMAND: POST /session/9f4c84e4ae75e749cefc69cbdd96fe2c/elements - {"using":"xpath","value":"//*[@id=\"__button413\"]"}
RESULT: {"using":"xpath","value":"//*[@id=\"__button413\"]"}
COMMAND: POST /session/9f4c84e4ae75e749cefc69cbdd96fe2c/elements - {"using":"xpath","value":"//*[@id=\"__button413\"]"}
RESULT: {"using":"xpath","value":"//*[@id=\"__button413\"]"}
COMMAND: POST /session/9f4c84e4ae75e749cefc69cbdd96fe2c/elements - {"using":"xpath","value":"//*[@id=\"__button413\"]"}
RESULT: {"using":"xpath","value":"//*[@id=\"__button413\"]"}
COMMAND: POST /session/9f4c84e4ae75e749cefc69cbdd96fe2c/elements - {"using":"xpath","value":"//*[@id=\"__button413\"]"}
RESULT: {"using":"xpath","value":"//*[@id=\"__button413\"]"}
COMMAND: POST /session/9f4c84e4ae75e749cefc69cbdd96fe2c/elements - {"using":"xpath","value":"//*[@id=\"__button413\"]"}
RESULT: {"using":"xpath","value":"//*[@id=\"__button413\"]"}
COMMAND: POST /session/9f4c84e4ae75e749cefc69cbdd96fe2c/elements - {"using":"xpath","value":"//*[@id=\"__button413\"]"}
RESULT: {"using":"xpath","value":"//*[@id=\"__button413\"]"}
COMMAND: POST /session/9f4c84e4ae75e749cefc69cbdd96fe2c/elements - {"using":"xpath","value":"//*[@id=\"__button413\"]"}
RESULT: {"using":"xpath","value":"//*[@id=\"__button413\"]"}
COMMAND: POST /session/9f4c84e4ae75e749cefc69cbdd96fe2c/elements - {"using":"xpath","value":"//*[@id=\"__button413\"]"}
RESULT: {"using":"xpath","value":"//*[@id=\"__button413\"]"}
COMMAND: POST /session/9f4c84e4ae75e749cefc69cbdd96fe2c/elements - {"using":"xpath","value":"//*[@id=\"__button413\"]"}
RESULT: {"using":"xpath","value":"//*[@id=\"__button413\"]"}
COMMAND: POST /session/9f4c84e4ae75e749cefc69cbdd96fe2c/elements - {"using":"xpath","value":"//*[@id=\"__button413\"]"}
RESULT: {"using":"xpath","value":"//*[@id=\"__button413\"]"}
COMMAND: POST /session/9f4c84e4ae75e749cefc69cbdd96fe2c/elements - {"using":"xpath","value":"//*[@id=\"__button413\"]"}
RESULT: {"using":"xpath","value":"//*[@id=\"__button413\"]"}
COMMAND: POST /session/9f4c84e4ae75e749cefc69cbdd96fe2c/elements - {"using":"xpath","value":"//*[@id=\"__button413\"]"}
RESULT: {"using":"xpath","value":"//*[@id=\"__button413\"]"}
COMMAND: POST /session/9f4c84e4ae75e749cefc69cbdd96fe2c/elements - {"using":"xpath","value":"//*[@id=\"__button413\"]"}
RESULT: {"using":"xpath","value":"//*[@id=\"__button413\"]"}
COMMAND: POST /session/9f4c84e4ae75e749cefc69cbdd96fe2c/elements - {"using":"xpath","value":"//*[@id=\"__button413\"]"}
RESULT: {"using":"xpath","value":"//*[@id=\"__button413\"]"}
COMMAND: POST /session/9f4c84e4ae75e749cefc69cbdd96fe2c/elements - {"using":"xpath","value":"//*[@id=\"__button413\"]"}
RESULT: {"using":"xpath","value":"//*[@id=\"__button413\"]"}
COMMAND: POST /session/9f4c84e4ae75e749cefc69cbdd96fe2c/elements - {"using":"xpath","value":"//*[@id=\"__button413\"]"}
RESULT: {"using":"xpath","value":"//*[@id=\"__button413\"]"}
COMMAND: POST /session/9f4c84e4ae75e749cefc69cbdd96fe2c/elements - {"using":"xpath","value":"//*[@id=\"__button413\"]"}
RESULT: {"using":"xpath","value":"//*[@id=\"__button413\"]"}
COMMAND: POST /session/9f4c84e4ae75e749cefc69cbdd96fe2c/elements - {"using":"xpath","value":"//*[@id=\"__button413\"]"}
RESULT: {"using":"xpath","value":"//*[@id=\"__button413\"]"}
COMMAND: POST /session/9f4c84e4ae75e749cefc69cbdd96fe2c/elements - {"using":"xpath","value":"//*[@id=\"__button413\"]"}
RESULT: {"using":"xpath","value":"//*[@id=\"__button413\"]"}
COMMAND: POST /session/9f4c84e4ae75e749cefc69cbdd96fe2c/elements - {"using":"xpath","value":"//*[@id=\"__button413\"]"}
RESULT: {"using":"xpath","value":"//*[@id=\"__button413\"]"}
COMMAND: POST /session/9f4c84e4ae75e749cefc69cbdd96fe2c/elements - {"using":"xpath","value":"//*[@id=\"__button413\"]"}
RESULT: {"using":"xpath","value":"//*[@id=\"__button413\"]"}
COMMAND: POST /session/9f4c84e4ae75e749cefc69cbdd96fe2c/elements - {"using":"xpath","value":"//*[@id=\"__button413\"]"}
RESULT: {"using":"xpath","value":"//*[@id=\"__button413\"]"}
COMMAND: POST /session/9f4c84e4ae75e749cefc69cbdd96fe2c/elements - {"using":"xpath","value":"//*[@id=\"__button413\"]"}
RESULT: {"using":"xpath","value":"//*[@id=\"__button413\"]"}
COMMAND: POST /session/9f4c84e4ae75e749cefc69cbdd96fe2c/elements - {"using":"xpath","value":"//*[@id=\"__button413\"]"}
RESULT: {"using":"xpath","value":"//*[@id=\"__button413\"]"}
COMMAND: POST /session/9f4c84e4ae75e749cefc69cbdd96fe2c/elements - {"using":"xpath","value":"//*[@id=\"__button413\"]"}
RESULT: {"using":"xpath","value":"//*[@id=\"__button413\"]"}
COMMAND: POST /session/9f4c84e4ae75e749cefc69cbdd96fe2c/elements - {"using":"xpath","value":"//*[@id=\"__button413\"]"}
RESULT: {"using":"xpath","value":"//*[@id=\"__button413\"]"}
COMMAND: POST /session/9f4c84e4ae75e749cefc69cbdd96fe2c/elements - {"using":"xpath","value":"//*[@id=\"__button413\"]"}
RESULT: {"using":"xpath","value":"//*[@id=\"__button413\"]"}
COMMAND: POST /session/9f4c84e4ae75e749cefc69cbdd96fe2c/elements - {"using":"xpath","value":"//*[@id=\"__button413\"]"}
RESULT: {"using":"xpath","value":"//*[@id=\"__button413\"]"}
COMMAND: POST /session/9f4c84e4ae75e749cefc69cbdd96fe2c/elements - {"using":"xpath","value":"//*[@id=\"__button413\"]"}
RESULT: {"using":"xpath","value":"//*[@id=\"__button413\"]"}
COMMAND: POST /session/9f4c84e4ae75e749cefc69cbdd96fe2c/elements - {"using":"xpath","value":"//*[@id=\"__button413\"]"}
RESULT: {"using":"xpath","value":"//*[@id=\"__button413\"]"}
COMMAND: POST /session/9f4c84e4ae75e749cefc69cbdd96fe2c/elements - {"using":"xpath","value":"//*[@id=\"__button413\"]"}
RESULT: {"using":"xpath","value":"//*[@id=\"__button413\"]"}
COMMAND: POST /session/9f4c84e4ae75e749cefc69cbdd96fe2c/elements - {"using":"xpath","value":"//*[@id=\"__button413\"]"}
RESULT: {"using":"xpath","value":"//*[@id=\"__button413\"]"}
COMMAND: POST /session/9f4c84e4ae75e749cefc69cbdd96fe2c/elements - {"using":"xpath","value":"//*[@id=\"__button413\"]"}
RESULT: {"using":"xpath","value":"//*[@id=\"__button413\"]"}
COMMAND: POST /session/9f4c84e4ae75e749cefc69cbdd96fe2c/elements - {"using":"xpath","value":"//*[@id=\"__button413\"]"}
RESULT: {"using":"xpath","value":"//*[@id=\"__button413\"]"}
COMMAND: POST /session/9f4c84e4ae75e749cefc69cbdd96fe2c/elements - {"using":"xpath","value":"//*[@id=\"__button413\"]"}
RESULT: {"using":"xpath","value":"//*[@id=\"__button413\"]"}
COMMAND: POST /session/9f4c84e4ae75e749cefc69cbdd96fe2c/elements - {"using":"xpath","value":"//*[@id=\"__button413\"]"}
RESULT: {"using":"xpath","value":"//*[@id=\"__button413\"]"}
COMMAND: POST /session/9f4c84e4ae75e749cefc69cbdd96fe2c/elements - {"using":"xpath","value":"//*[@id=\"__button413\"]"}
RESULT: {"using":"xpath","value":"//*[@id=\"__button413\"]"}
COMMAND: POST /session/9f4c84e4ae75e749cefc69cbdd96fe2c/elements - {"using":"xpath","value":"//*[@id=\"__button413\"]"}
RESULT: {"using":"xpath","value":"//*[@id=\"__button413\"]"}
COMMAND: POST /session/9f4c84e4ae75e749cefc69cbdd96fe2c/elements - {"using":"xpath","value":"//*[@id=\"__button413\"]"}
RESULT: {"using":"xpath","value":"//*[@id=\"__button413\"]"}
COMMAND: POST /session/9f4c84e4ae75e749cefc69cbdd96fe2c/elements - {"using":"xpath","value":"//*[@id=\"__button413\"]"}
RESULT: {"using":"xpath","value":"//*[@id=\"__button413\"]"}
COMMAND: POST /session/9f4c84e4ae75e749cefc69cbdd96fe2c/elements - {"using":"xpath","value":"//*[@id=\"__button413\"]"}
RESULT: {"using":"xpath","value":"//*[@id=\"__button413\"]"}
COMMAND: POST /session/9f4c84e4ae75e749cefc69cbdd96fe2c/elements - {"using":"xpath","value":"//*[@id=\"__button413\"]"}
RESULT: {"using":"xpath","value":"//*[@id=\"__button413\"]"}
COMMAND: POST /session/9f4c84e4ae75e749cefc69cbdd96fe2c/elements - {"using":"xpath","value":"//*[@id=\"__button413\"]"}
RESULT: {"using":"xpath","value":"//*[@id=\"__button413\"]"}
COMMAND: POST /session/9f4c84e4ae75e749cefc69cbdd96fe2c/elements - {"using":"xpath","value":"//*[@id=\"__button413\"]"}
RESULT: {"using":"xpath","value":"//*[@id=\"__button413\"]"}
COMMAND: POST /session/9f4c84e4ae75e749cefc69cbdd96fe2c/elements - {"using":"xpath","value":"//*[@id=\"__button413\"]"}
RESULT: {"using":"xpath","value":"//*[@id=\"__button413\"]"}
COMMAND: POST /session/9f4c84e4ae75e749cefc69cbdd96fe2c/elements - {"using":"xpath","value":"//*[@id=\"__button413\"]"}
RESULT: {"using":"xpath","value":"//*[@id=\"__button413\"]"}
COMMAND: POST /session/9f4c84e4ae75e749cefc69cbdd96fe2c/elements - {"using":"xpath","value":"//*[@id=\"__button413\"]"}
RESULT: {"using":"xpath","value":"//*[@id=\"__button413\"]"}
COMMAND: POST /session/9f4c84e4ae75e749cefc69cbdd96fe2c/elements - {"using":"xpath","value":"//*[@id=\"__button413\"]"}
RESULT: {"using":"xpath","value":"//*[@id=\"__button413\"]"}
COMMAND: POST /session/9f4c84e4ae75e749cefc69cbdd96fe2c/elements - {"using":"xpath","value":"//*[@id=\"__button413\"]"}
RESULT: {"using":"xpath","value":"//*[@id=\"__button413\"]"}
COMMAND: POST /session/9f4c84e4ae75e749cefc69cbdd96fe2c/elements - {"using":"xpath","value":"//*[@id=\"__button413\"]"}
RESULT: {"using":"xpath","value":"//*[@id=\"__button413\"]"}
COMMAND: POST /session/9f4c84e4ae75e749cefc69cbdd96fe2c/elements - {"using":"xpath","value":"//*[@id=\"__button413\"]"}
RESULT: {"using":"xpath","value":"//*[@id=\"__button413\"]"}
COMMAND: POST /session/9f4c84e4ae75e749cefc69cbdd96fe2c/elements - {"using":"xpath","value":"//*[@id=\"__button413\"]"}
RESULT: {"using":"xpath","value":"//*[@id=\"__button413\"]"}
COMMAND: POST /session/9f4c84e4ae75e749cefc69cbdd96fe2c/elements - {"using":"xpath","value":"//*[@id=\"__button413\"]"}
RESULT: {"using":"xpath","value":"//*[@id=\"__button413\"]"}
COMMAND: POST /session/9f4c84e4ae75e749cefc69cbdd96fe2c/elements - {"using":"xpath","value":"//*[@id=\"__button413\"]"}
RESULT: {"using":"xpath","value":"//*[@id=\"__button413\"]"}
COMMAND: POST /session/9f4c84e4ae75e749cefc69cbdd96fe2c/elements - {"using":"xpath","value":"//*[@id=\"__button413\"]"}
RESULT: {"using":"xpath","value":"//*[@id=\"__button413\"]"}
COMMAND: POST /session/9f4c84e4ae75e749cefc69cbdd96fe2c/elements - {"using":"xpath","value":"//*[@id=\"__button413\"]"}
RESULT: {"using":"xpath","value":"//*[@id=\"__button413\"]"}
COMMAND: POST /session/9f4c84e4ae75e749cefc69cbdd96fe2c/elements - {"using":"xpath","value":"//*[@id=\"__button413\"]"}
RESULT: {"using":"xpath","value":"//*[@id=\"__button413\"]"}
COMMAND: POST /session/9f4c84e4ae75e749cefc69cbdd96fe2c/elements - {"using":"xpath","value":"//*[@id=\"__button413\"]"}
RESULT: {"using":"xpath","value":"//*[@id=\"__button413\"]"}
COMMAND: POST /session/9f4c84e4ae75e749cefc69cbdd96fe2c/elements - {"using":"xpath","value":"//*[@id=\"__button413\"]"}
RESULT: {"using":"xpath","value":"//*[@id=\"__button413\"]"}
COMMAND: POST /session/9f4c84e4ae75e749cefc69cbdd96fe2c/elements - {"using":"xpath","value":"//*[@id=\"__button413\"]"}
RESULT: {"using":"xpath","value":"//*[@id=\"__button413\"]"}
COMMAND: POST /session/9f4c84e4ae75e749cefc69cbdd96fe2c/elements - {"using":"xpath","value":"//*[@id=\"__button413\"]"}
RESULT: {"using":"xpath","value":"//*[@id=\"__button413\"]"}
COMMAND: POST /session/9f4c84e4ae75e749cefc69cbdd96fe2c/elements - {"using":"xpath","value":"//*[@id=\"__button413\"]"}
RESULT: {"using":"xpath","value":"//*[@id=\"__button413\"]"}
COMMAND: POST /session/9f4c84e4ae75e749cefc69cbdd96fe2c/elements - {"using":"xpath","value":"//*[@id=\"__button413\"]"}
RESULT: {"using":"xpath","value":"//*[@id=\"__button413\"]"}
COMMAND: POST /session/9f4c84e4ae75e749cefc69cbdd96fe2c/elements - {"using":"xpath","value":"//*[@id=\"__button413\"]"}
RESULT: {"using":"xpath","value":"//*[@id=\"__button413\"]"}
COMMAND: POST /session/9f4c84e4ae75e749cefc69cbdd96fe2c/elements - {"using":"xpath","value":"//*[@id=\"__button413\"]"}
RESULT: {"using":"xpath","value":"//*[@id=\"__button413\"]"}
COMMAND: POST /session/9f4c84e4ae75e749cefc69cbdd96fe2c/elements - {"using":"xpath","value":"//*[@id=\"__button413\"]"}
RESULT: {"using":"xpath","value":"//*[@id=\"__button413\"]"}
COMMAND: POST /session/9f4c84e4ae75e749cefc69cbdd96fe2c/elements - {"using":"xpath","value":"//*[@id=\"__button413\"]"}
RESULT: {"using":"xpath","value":"//*[@id=\"__button413\"]"}
COMMAND: POST /session/9f4c84e4ae75e749cefc69cbdd96fe2c/elements - {"using":"xpath","value":"//*[@id=\"__button413\"]"}
RESULT: {"using":"xpath","value":"//*[@id=\"__button413\"]"}
COMMAND: POST /session/9f4c84e4ae75e749cefc69cbdd96fe2c/elements - {"using":"xpath","value":"//*[@id=\"__button413\"]"}
RESULT: {"using":"xpath","value":"//*[@id=\"__button413\"]"}
COMMAND: POST /session/9f4c84e4ae75e749cefc69cbdd96fe2c/elements - {"using":"xpath","value":"//*[@id=\"__button413\"]"}
RESULT: {"using":"xpath","value":"//*[@id=\"__button413\"]"}
COMMAND: POST /session/9f4c84e4ae75e749cefc69cbdd96fe2c/elements - {"using":"xpath","value":"//*[@id=\"__button413\"]"}
RESULT: {"using":"xpath","value":"//*[@id=\"__button413\"]"}
COMMAND: POST /session/9f4c84e4ae75e749cefc69cbdd96fe2c/elements - {"using":"xpath","value":"//*[@id=\"__button413\"]"}
RESULT: {"using":"xpath","value":"//*[@id=\"__button413\"]"}
COMMAND: POST /session/9f4c84e4ae75e749cefc69cbdd96fe2c/elements - {"using":"xpath","value":"//*[@id=\"__button413\"]"}
RESULT: {"using":"xpath","value":"//*[@id=\"__button413\"]"}
COMMAND: POST /session/9f4c84e4ae75e749cefc69cbdd96fe2c/elements - {"using":"xpath","value":"//*[@id=\"__button413\"]"}
RESULT: {"using":"xpath","value":"//*[@id=\"__button413\"]"}
COMMAND: POST /session/9f4c84e4ae75e749cefc69cbdd96fe2c/elements - {"using":"xpath","value":"//*[@id=\"__button413\"]"}
RESULT: {"using":"xpath","value":"//*[@id=\"__button413\"]"}
COMMAND: POST /session/9f4c84e4ae75e749cefc69cbdd96fe2c/elements - {"using":"xpath","value":"//*[@id=\"__button413\"]"}
RESULT: {"using":"xpath","value":"//*[@id=\"__button413\"]"}
COMMAND: POST /session/9f4c84e4ae75e749cefc69cbdd96fe2c/elements - {"using":"xpath","value":"//*[@id=\"__button413\"]"}
RESULT: {"using":"xpath","value":"//*[@id=\"__button413\"]"}
COMMAND: POST /session/9f4c84e4ae75e749cefc69cbdd96fe2c/elements - {"using":"xpath","value":"//*[@id=\"__button413\"]"}
RESULT: {"using":"xpath","value":"//*[@id=\"__button413\"]"}
COMMAND: POST /session/9f4c84e4ae75e749cefc69cbdd96fe2c/elements - {"using":"xpath","value":"//*[@id=\"__button413\"]"}
RESULT: {"using":"xpath","value":"//*[@id=\"__button413\"]"}
COMMAND: POST /session/9f4c84e4ae75e749cefc69cbdd96fe2c/elements - {"using":"xpath","value":"//*[@id=\"__button413\"]"}
RESULT: {"using":"xpath","value":"//*[@id=\"__button413\"]"}
COMMAND: POST /session/9f4c84e4ae75e749cefc69cbdd96fe2c/elements - {"using":"xpath","value":"//*[@id=\"__button413\"]"}
RESULT: {"using":"xpath","value":"//*[@id=\"__button413\"]"}
COMMAND: POST /session/9f4c84e4ae75e749cefc69cbdd96fe2c/elements - {"using":"xpath","value":"//*[@id=\"__button413\"]"}
RESULT: {"using":"xpath","value":"//*[@id=\"__button413\"]"}
COMMAND: POST /session/9f4c84e4ae75e749cefc69cbdd96fe2c/elements - {"using":"xpath","value":"//*[@id=\"__button413\"]"}
RESULT: {"using":"xpath","value":"//*[@id=\"__button413\"]"}
COMMAND: POST /session/9f4c84e4ae75e749cefc69cbdd96fe2c/elements - {"using":"xpath","value":"//*[@id=\"__button413\"]"}
RESULT: {"using":"xpath","value":"//*[@id=\"__button413\"]"}
COMMAND: POST /session/9f4c84e4ae75e749cefc69cbdd96fe2c/elements - {"using":"xpath","value":"//*[@id=\"__button413\"]"}
RESULT: {"using":"xpath","value":"//*[@id=\"__button413\"]"}
COMMAND: POST /session/9f4c84e4ae75e749cefc69cbdd96fe2c/elements - {"using":"xpath","value":"//*[@id=\"__button413\"]"}
RESULT: {"using":"xpath","value":"//*[@id=\"__button413\"]"}
COMMAND: POST /session/9f4c84e4ae75e749cefc69cbdd96fe2c/elements - {"using":"xpath","value":"//*[@id=\"__button413\"]"}
RESULT: {"using":"xpath","value":"//*[@id=\"__button413\"]"}
COMMAND: POST /session/9f4c84e4ae75e749cefc69cbdd96fe2c/elements - {"using":"xpath","value":"//*[@id=\"__button413\"]"}
RESULT: {"using":"xpath","value":"//*[@id=\"__button413\"]"}
COMMAND: POST /session/9f4c84e4ae75e749cefc69cbdd96fe2c/elements - {"using":"xpath","value":"//*[@id=\"__button413\"]"}
RESULT: {"using":"xpath","value":"//*[@id=\"__button413\"]"}
COMMAND: POST /session/9f4c84e4ae75e749cefc69cbdd96fe2c/elements - {"using":"xpath","value":"//*[@id=\"__button413\"]"}
RESULT: {"using":"xpath","value":"//*[@id=\"__button413\"]"}
COMMAND: POST /session/9f4c84e4ae75e749cefc69cbdd96fe2c/elements - {"using":"xpath","value":"//*[@id=\"__button413\"]"}
RESULT: {"using":"xpath","value":"//*[@id=\"__button413\"]"}
COMMAND: POST /session/9f4c84e4ae75e749cefc69cbdd96fe2c/elements - {"using":"xpath","value":"//*[@id=\"__button413\"]"}
RESULT: {"using":"xpath","value":"//*[@id=\"__button413\"]"}
COMMAND: POST /session/9f4c84e4ae75e749cefc69cbdd96fe2c/elements - {"using":"xpath","value":"//*[@id=\"__button413\"]"}
RESULT: {"using":"xpath","value":"//*[@id=\"__button413\"]"}
COMMAND: POST /session/9f4c84e4ae75e749cefc69cbdd96fe2c/elements - {"using":"xpath","value":"//*[@id=\"__button413\"]"}
RESULT: {"using":"xpath","value":"//*[@id=\"__button413\"]"}
COMMAND: POST /session/9f4c84e4ae75e749cefc69cbdd96fe2c/elements - {"using":"xpath","value":"//*[@id=\"__button413\"]"}
RESULT: {"using":"xpath","value":"//*[@id=\"__button413\"]"}
COMMAND: POST /session/9f4c84e4ae75e749cefc69cbdd96fe2c/elements - {"using":"xpath","value":"//*[@id=\"__button413\"]"}
RESULT: {"using":"xpath","value":"//*[@id=\"__button413\"]"}
COMMAND: POST /session/9f4c84e4ae75e749cefc69cbdd96fe2c/elements - {"using":"xpath","value":"//*[@id=\"__button413\"]"}
RESULT: {"using":"xpath","value":"//*[@id=\"__button413\"]"}
COMMAND: POST /session/9f4c84e4ae75e749cefc69cbdd96fe2c/elements - {"using":"xpath","value":"//*[@id=\"__button413\"]"}
RESULT: {"using":"xpath","value":"//*[@id=\"__button413\"]"}
COMMAND: POST /session/9f4c84e4ae75e749cefc69cbdd96fe2c/elements - {"using":"xpath","value":"//*[@id=\"__button413\"]"}
RESULT: {"using":"xpath","value":"//*[@id=\"__button413\"]"}
COMMAND: POST /session/9f4c84e4ae75e749cefc69cbdd96fe2c/elements - {"using":"xpath","value":"//*[@id=\"__button413\"]"}
RESULT: {"using":"xpath","value":"//*[@id=\"__button413\"]"}
COMMAND: POST /session/9f4c84e4ae75e749cefc69cbdd96fe2c/elements - {"using":"xpath","value":"//*[@id=\"__button413\"]"}
RESULT: {"using":"xpath","value":"//*[@id=\"__button413\"]"}
COMMAND: POST /session/9f4c84e4ae75e749cefc69cbdd96fe2c/elements - {"using":"xpath","value":"//*[@id=\"__button413\"]"}
RESULT: {"using":"xpath","value":"//*[@id=\"__button413\"]"}
COMMAND: POST /session/9f4c84e4ae75e749cefc69cbdd96fe2c/elements - {"using":"xpath","value":"//*[@id=\"__button413\"]"}
RESULT: {"using":"xpath","value":"//*[@id=\"__button413\"]"}
COMMAND: POST /session/9f4c84e4ae75e749cefc69cbdd96fe2c/elements - {"using":"xpath","value":"//*[@id=\"__button413\"]"}
RESULT: {"using":"xpath","value":"//*[@id=\"__button413\"]"}
COMMAND: POST /session/9f4c84e4ae75e749cefc69cbdd96fe2c/elements - {"using":"xpath","value":"//*[@id=\"__button413\"]"}
RESULT: {"using":"xpath","value":"//*[@id=\"__button413\"]"}
COMMAND: POST /session/9f4c84e4ae75e749cefc69cbdd96fe2c/elements - {"using":"xpath","value":"//*[@id=\"__button413\"]"}
RESULT: {"using":"xpath","value":"//*[@id=\"__button413\"]"}
COMMAND: POST /session/9f4c84e4ae75e749cefc69cbdd96fe2c/elements - {"using":"xpath","value":"//*[@id=\"__button413\"]"}
RESULT: {"using":"xpath","value":"//*[@id=\"__button413\"]"}
COMMAND: POST /session/9f4c84e4ae75e749cefc69cbdd96fe2c/elements - {"using":"xpath","value":"//*[@id=\"__button413\"]"}
RESULT: {"using":"xpath","value":"//*[@id=\"__button413\"]"}
COMMAND: POST /session/9f4c84e4ae75e749cefc69cbdd96fe2c/elements - {"using":"xpath","value":"//*[@id=\"__button413\"]"}
RESULT: {"using":"xpath","value":"//*[@id=\"__button413\"]"}
COMMAND: POST /session/9f4c84e4ae75e749cefc69cbdd96fe2c/elements - {"using":"xpath","value":"//*[@id=\"__button413\"]"}
RESULT: {"using":"xpath","value":"//*[@id=\"__button413\"]"}
COMMAND: POST /session/9f4c84e4ae75e749cefc69cbdd96fe2c/elements - {"using":"xpath","value":"//*[@id=\"__button413\"]"}
RESULT: {"using":"xpath","value":"//*[@id=\"__button413\"]"}
COMMAND: POST /session/9f4c84e4ae75e749cefc69cbdd96fe2c/element - {"using":"css selector","value":"#shell-header-logo"}
RESULT: {"using":"css selector","value":"#shell-header-logo"}
COMMAND: POST /session/9f4c84e4ae75e749cefc69cbdd96fe2c/execute/sync - {"script":"<script> [8489 bytes]","args":[{"element-6066-11e4-a52e-4f735466cecf":"f.92C64C74BFFB4A8B431616FE9F273F76.d.9EF778A84F43C41D8CEF2F7C6B40CE17.e.18286","ELEMENT":"f.92C64C74BFFB4A8B431616FE9F273F76.d.9EF778A84F43C41D8CEF2F7C6B40CE17.e.18286"}]}
RESULT: {"script":"<script> [8489 bytes]","args":[{"element-6066-11e4-a52e-4f735466cecf":"f.92C64C74BFFB4A8B431616FE9F273F76.d.9EF778A84F43C41D8CEF2F7C6B40CE17.e.18286","ELEMENT":"f.92C64C74BFFB4A8B431616FE9F273F76.d.9EF778A84F43C41D8CEF2F7C6B40CE17.e.18286"}]}
COMMAND: POST /session/9f4c84e4ae75e749cefc69cbdd96fe2c/execute/sync - {"script":"<script> [5351 bytes]","args":[{"element-6066-11e4-a52e-4f735466cecf":"f.92C64C74BFFB4A8B431616FE9F273F76.d.9EF778A84F43C41D8CEF2F7C6B40CE17.e.18286","ELEMENT":"f.92C64C74BFFB4A8B431616FE9F273F76.d.9EF778A84F43C41D8CEF2F7C6B40CE17.e.18286"}]}
COMMAND: GET /session/9f4c84e4ae75e749cefc69cbdd96fe2c/screenshot - {}
RESULT: {"script":"<script> [5351 bytes]","args":[{"element-6066-11e4-a52e-4f735466cecf":"f.92C64C74BFFB4A8B431616FE9F273F76.d.9EF778A84F43C41D8CEF2F7C6B40CE17.e.18286","ELEMENT":"f.92C64C74BFFB4A8B431616FE9F273F76.d.9EF778A84F43C41D8CEF2F7C6B40CE17.e.18286"}]}
COMMAND: POST /session/9f4c84e4ae75e749cefc69cbdd96fe2c/element/f.92C64C74BFFB4A8B431616FE9F273F76.d.9EF778A84F43C41D8CEF2F7C6B40CE17.e.18286/click - {}
COMMAND: GET /session/9f4c84e4ae75e749cefc69cbdd96fe2c/screenshot - {}
RESULT: {}
RESULT: {}
]]></system-out>
    </testcase>
    <testcase classname="chrome.136_0_7103_93.windows.Performance_based_billing_(work_days)_US139742" name="Should go to Manage Billings and trigger calculation check the conditions applied" time="71.652">
      <system-out><![CDATA[
COMMAND: POST /session/9f4c84e4ae75e749cefc69cbdd96fe2c/execute/async - {"script":"<script> [1562 bytes]","args":[{"selector":{"controlType":"sap.m.GenericTile","properties":{"header":"Manage Billings"}},"wdio_ui5_key":"sapm.GenericTile{\"header\":\"Manage Billings\"}"}]}
COMMAND: GET /session/9f4c84e4ae75e749cefc69cbdd96fe2c/screenshot - {}
RESULT: {}
RESULT: {"script":"<script> [1562 bytes]","args":[{"selector":{"controlType":"sap.m.GenericTile","properties":{"header":"Manage Billings"}},"wdio_ui5_key":"sapm.GenericTile{\"header\":\"Manage Billings\"}"}]}
RESULT: undefined
COMMAND: POST /session/9f4c84e4ae75e749cefc69cbdd96fe2c/element - {"using":"xpath","value":"//*[@id=\"__tile51\"]"}
RESULT: {}
RESULT: {"using":"xpath","value":"//*[@id=\"__tile51\"]"}
COMMAND: POST /session/9f4c84e4ae75e749cefc69cbdd96fe2c/element/f.92C64C74BFFB4A8B431616FE9F273F76.d.9EF778A84F43C41D8CEF2F7C6B40CE17.e.14432/click - {}
RESULT: {}
COMMAND: GET /session/9f4c84e4ae75e749cefc69cbdd96fe2c/screenshot - {}
COMMAND: POST /session/9f4c84e4ae75e749cefc69cbdd96fe2c/elements - {"using":"xpath","value":"//span[text()='Error']"}
RESULT: {}
RESULT: {"using":"xpath","value":"//span[text()='Error']"}
COMMAND: POST /session/9f4c84e4ae75e749cefc69cbdd96fe2c/execute/async - {"script":"<script> [1562 bytes]","args":[{"selector":{"id":"application-managebillings-display-component---billRunCalcResult--smartFilterBar-btnBasicSearch","interaction":{"idSuffix":"I"}},"wdio_ui5_key":"applicationmanagebillings-display-component---billRunCalcResult--smartFilterBar-btnBasicSearch"}]}
RESULT: {"script":"<script> [1562 bytes]","args":[{"selector":{"id":"application-managebillings-display-component---billRunCalcResult--smartFilterBar-btnBasicSearch","interaction":{"idSuffix":"I"}},"wdio_ui5_key":"applicationmanagebillings-display-component---billRunCalcResult--smartFilterBar-btnBasicSearch"}]}
RESULT: undefined
COMMAND: POST /session/9f4c84e4ae75e749cefc69cbdd96fe2c/execute/async - {"script":"<script> [776 bytes]","args":[{"enterText":"10350","selector":{"id":"application-managebillings-display-component---billRunCalcResult--smartFilterBar-btnBasicSearch","interaction":{"idSuffix":"I"}},"clearTextFirst":true,"interactionType":"ENTER_TEXT"}]}
RESULT: {"script":"<script> [776 bytes]","args":[{"enterText":"10350","selector":{"id":"application-managebillings-display-component---billRunCalcResult--smartFilterBar-btnBasicSearch","interaction":{"idSuffix":"I"}},"clearTextFirst":true,"interactionType":"ENTER_TEXT"}]}
COMMAND: POST /session/9f4c84e4ae75e749cefc69cbdd96fe2c/actions - {"actions":[{"id":"action66","type":"key","parameters":{},"actions":[{"type":"keyDown","value":""},{"type":"pause","duration":10},{"type":"keyUp","value":""}]}]}
RESULT: {"actions":[{"id":"action66","type":"key","parameters":{},"actions":[{"type":"keyDown","value":""},{"type":"pause","duration":10},{"type":"keyUp","value":""}]}]}
COMMAND: GET /session/9f4c84e4ae75e749cefc69cbdd96fe2c/screenshot - {}
RESULT: {}
COMMAND: POST /session/9f4c84e4ae75e749cefc69cbdd96fe2c/element - {"using":"xpath","value":"//td[@aria-colindex=\"1\"]/div/div[contains(@class, \"sapMCbBg\")]"}
RESULT: {"using":"xpath","value":"//td[@aria-colindex=\"1\"]/div/div[contains(@class, \"sapMCbBg\")]"}
COMMAND: POST /session/9f4c84e4ae75e749cefc69cbdd96fe2c/element/f.92C64C74BFFB4A8B431616FE9F273F76.d.9EF778A84F43C41D8CEF2F7C6B40CE17.e.18560/click - {}
RESULT: {}
COMMAND: GET /session/9f4c84e4ae75e749cefc69cbdd96fe2c/screenshot - {}
RESULT: {}
COMMAND: POST /session/9f4c84e4ae75e749cefc69cbdd96fe2c/execute/async - {"script":"<script> [1562 bytes]","args":[{"selector":{"id":"application-managebillings-display-component---billRunCalcResult--contractBillRunDate","interaction":{"idSuffix":"inner"}},"wdio_ui5_key":"applicationmanagebillings-display-component---billRunCalcResult--contractBillRunDate"}]}
RESULT: {"script":"<script> [1562 bytes]","args":[{"selector":{"id":"application-managebillings-display-component---billRunCalcResult--contractBillRunDate","interaction":{"idSuffix":"inner"}},"wdio_ui5_key":"applicationmanagebillings-display-component---billRunCalcResult--contractBillRunDate"}]}
RESULT: undefined
COMMAND: POST /session/9f4c84e4ae75e749cefc69cbdd96fe2c/execute/async - {"script":"<script> [776 bytes]","args":[{"enterText":"6/28/25","selector":{"id":"application-managebillings-display-component---billRunCalcResult--contractBillRunDate","interaction":{"idSuffix":"inner"}},"clearTextFirst":true,"interactionType":"ENTER_TEXT"}]}
RESULT: {"script":"<script> [776 bytes]","args":[{"enterText":"6/28/25","selector":{"id":"application-managebillings-display-component---billRunCalcResult--contractBillRunDate","interaction":{"idSuffix":"inner"}},"clearTextFirst":true,"interactionType":"ENTER_TEXT"}]}
COMMAND: POST /session/9f4c84e4ae75e749cefc69cbdd96fe2c/element - {"using":"xpath","value":"//bdi[contains(text(), \"Trigger Calculation\")]"}
RESULT: {"using":"xpath","value":"//bdi[contains(text(), \"Trigger Calculation\")]"}
COMMAND: POST /session/9f4c84e4ae75e749cefc69cbdd96fe2c/element/f.92C64C74BFFB4A8B431616FE9F273F76.d.9EF778A84F43C41D8CEF2F7C6B40CE17.e.18810/click - {}
RESULT: {}
COMMAND: GET /session/9f4c84e4ae75e749cefc69cbdd96fe2c/screenshot - {}
RESULT: {}
COMMAND: POST /session/9f4c84e4ae75e749cefc69cbdd96fe2c/element - {"using":"xpath","value":"(//span[contains(@id, \"imgNav\")])[1]"}
RESULT: {"using":"xpath","value":"(//span[contains(@id, \"imgNav\")])[1]"}
COMMAND: POST /session/9f4c84e4ae75e749cefc69cbdd96fe2c/element/f.92C64C74BFFB4A8B431616FE9F273F76.d.9EF778A84F43C41D8CEF2F7C6B40CE17.e.18561/click - {}
RESULT: {}
COMMAND: GET /session/9f4c84e4ae75e749cefc69cbdd96fe2c/screenshot - {}
RESULT: {}
COMMAND: POST /session/9f4c84e4ae75e749cefc69cbdd96fe2c/element - {"using":"xpath","value":"//tr/td[6]/div[1]/span[1]/span[1]"}
RESULT: {"using":"xpath","value":"//tr/td[6]/div[1]/span[1]/span[1]"}
COMMAND: GET /session/9f4c84e4ae75e749cefc69cbdd96fe2c/element/f.92C64C74BFFB4A8B431616FE9F273F76.d.9EF778A84F43C41D8CEF2F7C6B40CE17.e.18815/text - {}
RESULT: {}
COMMAND: POST /session/9f4c84e4ae75e749cefc69cbdd96fe2c/element - {"using":"xpath","value":"(//span[contains(@id, \"imgNav\")])[2]"}
RESULT: {"using":"xpath","value":"(//span[contains(@id, \"imgNav\")])[2]"}
COMMAND: POST /session/9f4c84e4ae75e749cefc69cbdd96fe2c/element/f.92C64C74BFFB4A8B431616FE9F273F76.d.9EF778A84F43C41D8CEF2F7C6B40CE17.e.18816/click - {}
RESULT: {}
COMMAND: POST /session/9f4c84e4ae75e749cefc69cbdd96fe2c/element - {"using":"xpath","value":"//bdi[contains(text(), \"Business Confirm\")]"}
COMMAND: GET /session/9f4c84e4ae75e749cefc69cbdd96fe2c/screenshot - {}
RESULT: {"using":"xpath","value":"//bdi[contains(text(), \"Business Confirm\")]"}
COMMAND: POST /session/9f4c84e4ae75e749cefc69cbdd96fe2c/elements - {"using":"xpath","value":"//bdi[contains(text(), \"Business Confirm\")]"}
RESULT: {}
RESULT: {"using":"xpath","value":"//bdi[contains(text(), \"Business Confirm\")]"}
COMMAND: POST /session/9f4c84e4ae75e749cefc69cbdd96fe2c/element - {"using":"xpath","value":"//bdi[contains(text(), \"Business Confirm\")]"}
RESULT: {"using":"xpath","value":"//bdi[contains(text(), \"Business Confirm\")]"}
COMMAND: POST /session/9f4c84e4ae75e749cefc69cbdd96fe2c/element/f.92C64C74BFFB4A8B431616FE9F273F76.d.9EF778A84F43C41D8CEF2F7C6B40CE17.e.18884/click - {}
RESULT: {}
COMMAND: POST /session/9f4c84e4ae75e749cefc69cbdd96fe2c/element - {"using":"css selector","value":"#shell-header-logo"}
COMMAND: GET /session/9f4c84e4ae75e749cefc69cbdd96fe2c/screenshot - {}
RESULT: {}
RESULT: {"using":"css selector","value":"#shell-header-logo"}
COMMAND: POST /session/9f4c84e4ae75e749cefc69cbdd96fe2c/element/f.92C64C74BFFB4A8B431616FE9F273F76.d.9EF778A84F43C41D8CEF2F7C6B40CE17.e.18481/click - {}
RESULT: {}
COMMAND: GET /session/9f4c84e4ae75e749cefc69cbdd96fe2c/screenshot - {}
RESULT: {}
COMMAND: POST /session/9f4c84e4ae75e749cefc69cbdd96fe2c/element - {"using":"css selector","value":"#j_username"}
COMMAND: POST /session/9f4c84e4ae75e749cefc69cbdd96fe2c/url - {"url":"https://qa-testing-00-live-etm-ui.cfapps.eu10-004.hana.ondemand.com/"}
RESULT: {"using":"css selector","value":"#j_username"}
COMMAND: POST /session/9f4c84e4ae75e749cefc69cbdd96fe2c/element - {"using":"css selector","value":"#j_username"}
RESULT: {"url":"https://qa-testing-00-live-etm-ui.cfapps.eu10-004.hana.ondemand.com/"}
RESULT: undefined
COMMAND: GET /session/9f4c84e4ae75e749cefc69cbdd96fe2c/screenshot - {}
RESULT: {"using":"css selector","value":"#j_username"}
COMMAND: POST /session/9f4c84e4ae75e749cefc69cbdd96fe2c/element - {"using":"css selector","value":"#shell-header-logo"}
RESULT: {}
RESULT: {"using":"css selector","value":"#shell-header-logo"}
COMMAND: POST /session/9f4c84e4ae75e749cefc69cbdd96fe2c/execute/sync - {"script":"<script> [8489 bytes]","args":[{"element-6066-11e4-a52e-4f735466cecf":"f.92C64C74BFFB4A8B431616FE9F273F76.d.9F0D19EC08420B1A94F4C642DD0D8260.e.18906","ELEMENT":"f.92C64C74BFFB4A8B431616FE9F273F76.d.9F0D19EC08420B1A94F4C642DD0D8260.e.18906"}]}
RESULT: {"script":"<script> [8489 bytes]","args":[{"element-6066-11e4-a52e-4f735466cecf":"f.92C64C74BFFB4A8B431616FE9F273F76.d.9F0D19EC08420B1A94F4C642DD0D8260.e.18906","ELEMENT":"f.92C64C74BFFB4A8B431616FE9F273F76.d.9F0D19EC08420B1A94F4C642DD0D8260.e.18906"}]}
COMMAND: POST /session/9f4c84e4ae75e749cefc69cbdd96fe2c/element - {"using":"css selector","value":"#shell-header-logo"}
COMMAND: GET /session/9f4c84e4ae75e749cefc69cbdd96fe2c/screenshot - {}
RESULT: {"using":"css selector","value":"#shell-header-logo"}
COMMAND: POST /session/9f4c84e4ae75e749cefc69cbdd96fe2c/execute/sync - {"script":"<script> [8489 bytes]","args":[{"element-6066-11e4-a52e-4f735466cecf":"f.92C64C74BFFB4A8B431616FE9F273F76.d.9F0D19EC08420B1A94F4C642DD0D8260.e.18906","ELEMENT":"f.92C64C74BFFB4A8B431616FE9F273F76.d.9F0D19EC08420B1A94F4C642DD0D8260.e.18906"}]}
RESULT: {}
RESULT: {"script":"<script> [8489 bytes]","args":[{"element-6066-11e4-a52e-4f735466cecf":"f.92C64C74BFFB4A8B431616FE9F273F76.d.9F0D19EC08420B1A94F4C642DD0D8260.e.18906","ELEMENT":"f.92C64C74BFFB4A8B431616FE9F273F76.d.9F0D19EC08420B1A94F4C642DD0D8260.e.18906"}]}
COMMAND: POST /session/9f4c84e4ae75e749cefc69cbdd96fe2c/execute/sync - {"script":"<script> [5351 bytes]","args":[{"element-6066-11e4-a52e-4f735466cecf":"f.92C64C74BFFB4A8B431616FE9F273F76.d.9F0D19EC08420B1A94F4C642DD0D8260.e.18906","ELEMENT":"f.92C64C74BFFB4A8B431616FE9F273F76.d.9F0D19EC08420B1A94F4C642DD0D8260.e.18906"}]}
COMMAND: GET /session/9f4c84e4ae75e749cefc69cbdd96fe2c/screenshot - {}
RESULT: {"script":"<script> [5351 bytes]","args":[{"element-6066-11e4-a52e-4f735466cecf":"f.92C64C74BFFB4A8B431616FE9F273F76.d.9F0D19EC08420B1A94F4C642DD0D8260.e.18906","ELEMENT":"f.92C64C74BFFB4A8B431616FE9F273F76.d.9F0D19EC08420B1A94F4C642DD0D8260.e.18906"}]}
COMMAND: POST /session/9f4c84e4ae75e749cefc69cbdd96fe2c/element - {"using":"css selector","value":"#shell-header-logo"}
COMMAND: GET /session/9f4c84e4ae75e749cefc69cbdd96fe2c/screenshot - {}
RESULT: {}
RESULT: {"using":"css selector","value":"#shell-header-logo"}
COMMAND: POST /session/9f4c84e4ae75e749cefc69cbdd96fe2c/element/f.92C64C74BFFB4A8B431616FE9F273F76.d.9F0D19EC08420B1A94F4C642DD0D8260.e.18906/click - {}
RESULT: {}
RESULT: {}
COMMAND: GET /session/9f4c84e4ae75e749cefc69cbdd96fe2c/screenshot - {}
RESULT: {}
COMMAND: POST /session/9f4c84e4ae75e749cefc69cbdd96fe2c/execute/async - {"script":"<script> [189 bytes]","args":[]}
RESULT: {"script":"<script> [189 bytes]","args":[]}
COMMAND: POST /session/9f4c84e4ae75e749cefc69cbdd96fe2c/execute/async - {"script":"<script> [123 bytes]","args":[]}
RESULT: {"script":"<script> [123 bytes]","args":[]}
COMMAND: POST /session/9f4c84e4ae75e749cefc69cbdd96fe2c/timeouts - {"script":"<number>"}
RESULT: {"script":"<number>"}
COMMAND: GET /session/9f4c84e4ae75e749cefc69cbdd96fe2c/timeouts - {}
RESULT: {}
RESULT: undefined
COMMAND: POST /session/9f4c84e4ae75e749cefc69cbdd96fe2c/execute/async - {"script":"<script> [2676 bytes]","args":[]}
RESULT: {"script":"<script> [2676 bytes]","args":[]}
COMMAND: POST /session/9f4c84e4ae75e749cefc69cbdd96fe2c/execute/async - {"script":"<script> [2342 bytes]","args":[{"protocol":"http","hostname":"0.0.0.0","path":"/","capabilities":{"browserName":"chrome","goog:chromeOptions":{"binary":"C:\\Program Files\\Google\\Chrome\\Application\\chrome.exe","args":["--start-maximized"]}},"logLevel":"warn","connectionRetryTimeout":120000,"connectionRetryCount":3,"logLevels":{},"enableDirectConnect":true,"strictSSL":true,"_":"65 more keys: [\"cacheDir\",\"port\",\"requestedCapabilities\",\"automationProtocol\",\"baseUrl\",\"waitforInterval\",\"waitforTimeout\",\"onReload\",\"beforeCommand\",\"afterCommand\",\"rootDir\",\"specs\",\"suites\",\"exclude\",\"groupLogsByTestSpec\",\"excludeDriverLogs\",\"bail\",\"framework\",\"reporters\",\"services\",\"maxInstances\",\"maxInstancesPerCapability\",\"injectGlobals\",\"filesToWatch\",\"execArgv\",\"runnerEnv\",\"runner\",\"shard\",\"specFileRetries\",\"specFileRetriesDelay\",\"specFileRetriesDeferred\",\"reporterSyncInterval\",\"reporterSyncTimeout\",\"cucumberFeaturesWithLineNumbers\",\"autoCompileOpts\",\"mochaOpts\",\"jasmineOpts\",\"cucumberOpts\",\"onPrepare\",\"onWorkerStart\",\"onWorkerEnd\",\"before\",\"beforeSession\",\"beforeSuite\",\"beforeHook\",\"beforeTest\",\"afterTest\",\"afterHook\",\"afterSuite\",\"afterSession\",\"after\",\"onComplete\",\"beforeAssertion\",\"afterAssertion\",\"beforeFeature\",\"beforeScenario\",\"beforeStep\",\"afterStep\",\"afterScenario\",\"afterFeature\",\"_\",\"suite\",\"$0\",\"ignoredWorkerServices\",\"wdi5\"]"}]}
RESULT: {"script":"<script> [2342 bytes]","args":[{"protocol":"http","hostname":"0.0.0.0","path":"/","capabilities":{"browserName":"chrome","goog:chromeOptions":{"binary":"C:\\Program Files\\Google\\Chrome\\Application\\chrome.exe","args":["--start-maximized"]}},"logLevel":"warn","connectionRetryTimeout":120000,"connectionRetryCount":3,"logLevels":{},"enableDirectConnect":true,"strictSSL":true,"_":"65 more keys: [\"cacheDir\",\"port\",\"requestedCapabilities\",\"automationProtocol\",\"baseUrl\",\"waitforInterval\",\"waitforTimeout\",\"onReload\",\"beforeCommand\",\"afterCommand\",\"rootDir\",\"specs\",\"suites\",\"exclude\",\"groupLogsByTestSpec\",\"excludeDriverLogs\",\"bail\",\"framework\",\"reporters\",\"services\",\"maxInstances\",\"maxInstancesPerCapability\",\"injectGlobals\",\"filesToWatch\",\"execArgv\",\"runnerEnv\",\"runner\",\"shard\",\"specFileRetries\",\"specFileRetriesDelay\",\"specFileRetriesDeferred\",\"reporterSyncInterval\",\"reporterSyncTimeout\",\"cucumberFeaturesWithLineNumbers\",\"autoCompileOpts\",\"mochaOpts\",\"jasmineOpts\",\"cucumberOpts\",\"onPrepare\",\"onWorkerStart\",\"onWorkerEnd\",\"before\",\"beforeSession\",\"beforeSuite\",\"beforeHook\",\"beforeTest\",\"afterTest\",\"afterHook\",\"afterSuite\",\"afterSession\",\"after\",\"onComplete\",\"beforeAssertion\",\"afterAssertion\",\"beforeFeature\",\"beforeScenario\",\"beforeStep\",\"afterStep\",\"afterScenario\",\"afterFeature\",\"_\",\"suite\",\"$0\",\"ignoredWorkerServices\",\"wdi5\"]"}]}
COMMAND: POST /session/9f4c84e4ae75e749cefc69cbdd96fe2c/execute/async - {"script":"<script> [21126 bytes]","args":[35000]}
RESULT: {"script":"<script> [21126 bytes]","args":[35000]}
COMMAND: POST /session/9f4c84e4ae75e749cefc69cbdd96fe2c/window/maximize - {}
RESULT: {}
COMMAND: POST /session/9f4c84e4ae75e749cefc69cbdd96fe2c/execute/async - {"script":"<script> [1562 bytes]","args":[{"selector":{"id":"shell-header","interaction":{"idSuffix":"icon"}},"wdio_ui5_key":"shellheader"}]}
COMMAND: GET /session/9f4c84e4ae75e749cefc69cbdd96fe2c/screenshot - {}
RESULT: {"script":"<script> [1562 bytes]","args":[{"selector":{"id":"shell-header","interaction":{"idSuffix":"icon"}},"wdio_ui5_key":"shellheader"}]}
RESULT: undefined
COMMAND: POST /session/9f4c84e4ae75e749cefc69cbdd96fe2c/refresh - {}
RESULT: {}
RESULT: {}
COMMAND: GET /session/9f4c84e4ae75e749cefc69cbdd96fe2c/screenshot - {}
RESULT: {}
COMMAND: POST /session/9f4c84e4ae75e749cefc69cbdd96fe2c/refresh - {}
RESULT: {}
COMMAND: GET /session/9f4c84e4ae75e749cefc69cbdd96fe2c/screenshot - {}
RESULT: {}
COMMAND: POST /session/9f4c84e4ae75e749cefc69cbdd96fe2c/window/fullscreen - {}
RESULT: {}
COMMAND: POST /session/9f4c84e4ae75e749cefc69cbdd96fe2c/execute/async - {"script":"<script> [189 bytes]","args":[]}
RESULT: {"script":"<script> [189 bytes]","args":[]}
COMMAND: POST /session/9f4c84e4ae75e749cefc69cbdd96fe2c/execute/async - {"script":"<script> [123 bytes]","args":[]}
RESULT: {"script":"<script> [123 bytes]","args":[]}
COMMAND: POST /session/9f4c84e4ae75e749cefc69cbdd96fe2c/timeouts - {"script":"<number>"}
RESULT: {"script":"<number>"}
COMMAND: GET /session/9f4c84e4ae75e749cefc69cbdd96fe2c/timeouts - {}
RESULT: {}
RESULT: undefined
COMMAND: POST /session/9f4c84e4ae75e749cefc69cbdd96fe2c/execute/async - {"script":"<script> [2676 bytes]","args":[]}
RESULT: {"script":"<script> [2676 bytes]","args":[]}
COMMAND: POST /session/9f4c84e4ae75e749cefc69cbdd96fe2c/execute/async - {"script":"<script> [2342 bytes]","args":[{"protocol":"http","hostname":"0.0.0.0","path":"/","capabilities":{"browserName":"chrome","goog:chromeOptions":{"binary":"C:\\Program Files\\Google\\Chrome\\Application\\chrome.exe","args":["--start-maximized"]}},"logLevel":"warn","connectionRetryTimeout":120000,"connectionRetryCount":3,"logLevels":{},"enableDirectConnect":true,"strictSSL":true,"_":"65 more keys: [\"cacheDir\",\"port\",\"requestedCapabilities\",\"automationProtocol\",\"baseUrl\",\"waitforInterval\",\"waitforTimeout\",\"onReload\",\"beforeCommand\",\"afterCommand\",\"rootDir\",\"specs\",\"suites\",\"exclude\",\"groupLogsByTestSpec\",\"excludeDriverLogs\",\"bail\",\"framework\",\"reporters\",\"services\",\"maxInstances\",\"maxInstancesPerCapability\",\"injectGlobals\",\"filesToWatch\",\"execArgv\",\"runnerEnv\",\"runner\",\"shard\",\"specFileRetries\",\"specFileRetriesDelay\",\"specFileRetriesDeferred\",\"reporterSyncInterval\",\"reporterSyncTimeout\",\"cucumberFeaturesWithLineNumbers\",\"autoCompileOpts\",\"mochaOpts\",\"jasmineOpts\",\"cucumberOpts\",\"onPrepare\",\"onWorkerStart\",\"onWorkerEnd\",\"before\",\"beforeSession\",\"beforeSuite\",\"beforeHook\",\"beforeTest\",\"afterTest\",\"afterHook\",\"afterSuite\",\"afterSession\",\"after\",\"onComplete\",\"beforeAssertion\",\"afterAssertion\",\"beforeFeature\",\"beforeScenario\",\"beforeStep\",\"afterStep\",\"afterScenario\",\"afterFeature\",\"_\",\"suite\",\"$0\",\"ignoredWorkerServices\",\"wdi5\"]"}]}
RESULT: {"script":"<script> [2342 bytes]","args":[{"protocol":"http","hostname":"0.0.0.0","path":"/","capabilities":{"browserName":"chrome","goog:chromeOptions":{"binary":"C:\\Program Files\\Google\\Chrome\\Application\\chrome.exe","args":["--start-maximized"]}},"logLevel":"warn","connectionRetryTimeout":120000,"connectionRetryCount":3,"logLevels":{},"enableDirectConnect":true,"strictSSL":true,"_":"65 more keys: [\"cacheDir\",\"port\",\"requestedCapabilities\",\"automationProtocol\",\"baseUrl\",\"waitforInterval\",\"waitforTimeout\",\"onReload\",\"beforeCommand\",\"afterCommand\",\"rootDir\",\"specs\",\"suites\",\"exclude\",\"groupLogsByTestSpec\",\"excludeDriverLogs\",\"bail\",\"framework\",\"reporters\",\"services\",\"maxInstances\",\"maxInstancesPerCapability\",\"injectGlobals\",\"filesToWatch\",\"execArgv\",\"runnerEnv\",\"runner\",\"shard\",\"specFileRetries\",\"specFileRetriesDelay\",\"specFileRetriesDeferred\",\"reporterSyncInterval\",\"reporterSyncTimeout\",\"cucumberFeaturesWithLineNumbers\",\"autoCompileOpts\",\"mochaOpts\",\"jasmineOpts\",\"cucumberOpts\",\"onPrepare\",\"onWorkerStart\",\"onWorkerEnd\",\"before\",\"beforeSession\",\"beforeSuite\",\"beforeHook\",\"beforeTest\",\"afterTest\",\"afterHook\",\"afterSuite\",\"afterSession\",\"after\",\"onComplete\",\"beforeAssertion\",\"afterAssertion\",\"beforeFeature\",\"beforeScenario\",\"beforeStep\",\"afterStep\",\"afterScenario\",\"afterFeature\",\"_\",\"suite\",\"$0\",\"ignoredWorkerServices\",\"wdi5\"]"}]}
COMMAND: POST /session/9f4c84e4ae75e749cefc69cbdd96fe2c/execute/async - {"script":"<script> [21126 bytes]","args":[35000]}
RESULT: {"script":"<script> [21126 bytes]","args":[35000]}
]]></system-out>
    </testcase>
  </testsuite>
  <testsuite timestamp="2025-05-28T18:04:07" time="1469.977" tests="20" failures="0" errors="0" skipped="0">
    <properties>
      <property name="specId" value="0"/>
      <property name="suiteName" value="Billing Calculation - Time based (considering transport times) US139738"/>
      <property name="capabilities" value="chrome.136_0_7103_93.windows"/>
      <property name="file" value="file:///D:/a/1/s/test/specs/BTS/billing-calculation-transp-times.spec.js"/>
    </properties>
    <testcase classname="chrome.136_0_7103_93.windows.Billing_Calculation_-_Time_based_(considering_transport_times)_US139738" name="Should create a new yard" time="0.016">
      <system-out><![CDATA[
COMMAND: POST /session/9f4c84e4ae75e749cefc69cbdd96fe2c/window/fullscreen - {}
RESULT: {}
]]></system-out>
    </testcase>
    <testcase classname="chrome.136_0_7103_93.windows.Billing_Calculation_-_Time_based_(considering_transport_times)_US139738" name="Should create a new partner" time="0.005"/>
    <testcase classname="chrome.136_0_7103_93.windows.Billing_Calculation_-_Time_based_(considering_transport_times)_US139738" name="Should create a new site" time="0.006"/>
    <testcase classname="chrome.136_0_7103_93.windows.Billing_Calculation_-_Time_based_(considering_transport_times)_US139738" name="Should create the equipment" time="149.865">
      <system-out><![CDATA[
COMMAND: POST /session/9f4c84e4ae75e749cefc69cbdd96fe2c/execute/async - {"script":"<script> [1562 bytes]","args":[{"selector":{"controlType":"sap.m.GenericTile","properties":{"header":"Manage Resources"}},"wdio_ui5_key":"sapm.GenericTile{\"header\":\"Manage Resources\"}"}]}
RESULT: {"script":"<script> [1562 bytes]","args":[{"selector":{"controlType":"sap.m.GenericTile","properties":{"header":"Manage Resources"}},"wdio_ui5_key":"sapm.GenericTile{\"header\":\"Manage Resources\"}"}]}
RESULT: undefined
COMMAND: POST /session/9f4c84e4ae75e749cefc69cbdd96fe2c/element - {"using":"xpath","value":"//*[@id=\"__tile39\"]"}
RESULT: {"using":"xpath","value":"//*[@id=\"__tile39\"]"}
COMMAND: POST /session/9f4c84e4ae75e749cefc69cbdd96fe2c/element/f.92C64C74BFFB4A8B431616FE9F273F76.d.A0713E71415FACECE42E4DCD146944D3.e.19058/click - {}
RESULT: {}
COMMAND: GET /session/9f4c84e4ae75e749cefc69cbdd96fe2c/screenshot - {}
RESULT: {}
COMMAND: POST /session/9f4c84e4ae75e749cefc69cbdd96fe2c/elements - {"using":"xpath","value":"//span[text()='Error']"}
RESULT: {"using":"xpath","value":"//span[text()='Error']"}
COMMAND: POST /session/9f4c84e4ae75e749cefc69cbdd96fe2c/element - {"using":"xpath","value":"//button[@data-kt=\"addNewRUOverflowToolbarButton\"]"}
RESULT: {"using":"xpath","value":"//button[@data-kt=\"addNewRUOverflowToolbarButton\"]"}
COMMAND: POST /session/9f4c84e4ae75e749cefc69cbdd96fe2c/elements - {"using":"xpath","value":"//button[@data-kt=\"addNewRUOverflowToolbarButton\"]"}
RESULT: {"using":"xpath","value":"//button[@data-kt=\"addNewRUOverflowToolbarButton\"]"}
COMMAND: POST /session/9f4c84e4ae75e749cefc69cbdd96fe2c/elements - {"using":"xpath","value":"//button[@data-kt=\"addNewRUOverflowToolbarButton\"]"}
RESULT: {"using":"xpath","value":"//button[@data-kt=\"addNewRUOverflowToolbarButton\"]"}
COMMAND: POST /session/9f4c84e4ae75e749cefc69cbdd96fe2c/elements - {"using":"xpath","value":"//button[@data-kt=\"addNewRUOverflowToolbarButton\"]"}
RESULT: {"using":"xpath","value":"//button[@data-kt=\"addNewRUOverflowToolbarButton\"]"}
COMMAND: POST /session/9f4c84e4ae75e749cefc69cbdd96fe2c/elements - {"using":"xpath","value":"//button[@data-kt=\"addNewRUOverflowToolbarButton\"]"}
RESULT: {"using":"xpath","value":"//button[@data-kt=\"addNewRUOverflowToolbarButton\"]"}
COMMAND: POST /session/9f4c84e4ae75e749cefc69cbdd96fe2c/elements - {"using":"xpath","value":"//button[@data-kt=\"addNewRUOverflowToolbarButton\"]"}
RESULT: {"using":"xpath","value":"//button[@data-kt=\"addNewRUOverflowToolbarButton\"]"}
COMMAND: POST /session/9f4c84e4ae75e749cefc69cbdd96fe2c/elements - {"using":"xpath","value":"//button[@data-kt=\"addNewRUOverflowToolbarButton\"]"}
RESULT: {"using":"xpath","value":"//button[@data-kt=\"addNewRUOverflowToolbarButton\"]"}
COMMAND: POST /session/9f4c84e4ae75e749cefc69cbdd96fe2c/elements - {"using":"xpath","value":"//button[@data-kt=\"addNewRUOverflowToolbarButton\"]"}
RESULT: {"using":"xpath","value":"//button[@data-kt=\"addNewRUOverflowToolbarButton\"]"}
COMMAND: POST /session/9f4c84e4ae75e749cefc69cbdd96fe2c/elements - {"using":"xpath","value":"//button[@data-kt=\"addNewRUOverflowToolbarButton\"]"}
RESULT: {"using":"xpath","value":"//button[@data-kt=\"addNewRUOverflowToolbarButton\"]"}
COMMAND: POST /session/9f4c84e4ae75e749cefc69cbdd96fe2c/elements - {"using":"xpath","value":"//button[@data-kt=\"addNewRUOverflowToolbarButton\"]"}
RESULT: {"using":"xpath","value":"//button[@data-kt=\"addNewRUOverflowToolbarButton\"]"}
COMMAND: POST /session/9f4c84e4ae75e749cefc69cbdd96fe2c/elements - {"using":"xpath","value":"//button[@data-kt=\"addNewRUOverflowToolbarButton\"]"}
RESULT: {"using":"xpath","value":"//button[@data-kt=\"addNewRUOverflowToolbarButton\"]"}
COMMAND: POST /session/9f4c84e4ae75e749cefc69cbdd96fe2c/elements - {"using":"xpath","value":"//button[@data-kt=\"addNewRUOverflowToolbarButton\"]"}
RESULT: {"using":"xpath","value":"//button[@data-kt=\"addNewRUOverflowToolbarButton\"]"}
COMMAND: POST /session/9f4c84e4ae75e749cefc69cbdd96fe2c/elements - {"using":"xpath","value":"//button[@data-kt=\"addNewRUOverflowToolbarButton\"]"}
RESULT: {"using":"xpath","value":"//button[@data-kt=\"addNewRUOverflowToolbarButton\"]"}
COMMAND: POST /session/9f4c84e4ae75e749cefc69cbdd96fe2c/elements - {"using":"xpath","value":"//button[@data-kt=\"addNewRUOverflowToolbarButton\"]"}
RESULT: {"using":"xpath","value":"//button[@data-kt=\"addNewRUOverflowToolbarButton\"]"}
COMMAND: POST /session/9f4c84e4ae75e749cefc69cbdd96fe2c/elements - {"using":"xpath","value":"//button[@data-kt=\"addNewRUOverflowToolbarButton\"]"}
RESULT: {"using":"xpath","value":"//button[@data-kt=\"addNewRUOverflowToolbarButton\"]"}
COMMAND: POST /session/9f4c84e4ae75e749cefc69cbdd96fe2c/elements - {"using":"xpath","value":"//button[@data-kt=\"addNewRUOverflowToolbarButton\"]"}
RESULT: {"using":"xpath","value":"//button[@data-kt=\"addNewRUOverflowToolbarButton\"]"}
COMMAND: POST /session/9f4c84e4ae75e749cefc69cbdd96fe2c/elements - {"using":"xpath","value":"//button[@data-kt=\"addNewRUOverflowToolbarButton\"]"}
RESULT: {"using":"xpath","value":"//button[@data-kt=\"addNewRUOverflowToolbarButton\"]"}
COMMAND: POST /session/9f4c84e4ae75e749cefc69cbdd96fe2c/element - {"using":"xpath","value":"//button[@data-kt=\"addNewRUOverflowToolbarButton\"]"}
RESULT: {"using":"xpath","value":"//button[@data-kt=\"addNewRUOverflowToolbarButton\"]"}
COMMAND: POST /session/9f4c84e4ae75e749cefc69cbdd96fe2c/execute/sync - {"script":"<script> [8489 bytes]","args":[{"element-6066-11e4-a52e-4f735466cecf":"f.92C64C74BFFB4A8B431616FE9F273F76.d.A0713E71415FACECE42E4DCD146944D3.e.19192","ELEMENT":"f.92C64C74BFFB4A8B431616FE9F273F76.d.A0713E71415FACECE42E4DCD146944D3.e.19192"}]}
RESULT: {"script":"<script> [8489 bytes]","args":[{"element-6066-11e4-a52e-4f735466cecf":"f.92C64C74BFFB4A8B431616FE9F273F76.d.A0713E71415FACECE42E4DCD146944D3.e.19192","ELEMENT":"f.92C64C74BFFB4A8B431616FE9F273F76.d.A0713E71415FACECE42E4DCD146944D3.e.19192"}]}
COMMAND: GET /session/9f4c84e4ae75e749cefc69cbdd96fe2c/element/f.92C64C74BFFB4A8B431616FE9F273F76.d.A0713E71415FACECE42E4DCD146944D3.e.19192/enabled - {}
COMMAND: GET /session/9f4c84e4ae75e749cefc69cbdd96fe2c/screenshot - {}
RESULT: {}
COMMAND: POST /session/9f4c84e4ae75e749cefc69cbdd96fe2c/execute/sync - {"script":"<script> [8489 bytes]","args":[{"element-6066-11e4-a52e-4f735466cecf":"f.92C64C74BFFB4A8B431616FE9F273F76.d.A0713E71415FACECE42E4DCD146944D3.e.19192","ELEMENT":"f.92C64C74BFFB4A8B431616FE9F273F76.d.A0713E71415FACECE42E4DCD146944D3.e.19192"}]}
COMMAND: GET /session/9f4c84e4ae75e749cefc69cbdd96fe2c/screenshot - {}
RESULT: {}
RESULT: {"script":"<script> [8489 bytes]","args":[{"element-6066-11e4-a52e-4f735466cecf":"f.92C64C74BFFB4A8B431616FE9F273F76.d.A0713E71415FACECE42E4DCD146944D3.e.19192","ELEMENT":"f.92C64C74BFFB4A8B431616FE9F273F76.d.A0713E71415FACECE42E4DCD146944D3.e.19192"}]}
COMMAND: POST /session/9f4c84e4ae75e749cefc69cbdd96fe2c/execute/sync - {"script":"<script> [5351 bytes]","args":[{"element-6066-11e4-a52e-4f735466cecf":"f.92C64C74BFFB4A8B431616FE9F273F76.d.A0713E71415FACECE42E4DCD146944D3.e.19192","ELEMENT":"f.92C64C74BFFB4A8B431616FE9F273F76.d.A0713E71415FACECE42E4DCD146944D3.e.19192"}]}
COMMAND: GET /session/9f4c84e4ae75e749cefc69cbdd96fe2c/screenshot - {}
RESULT: {}
RESULT: {"script":"<script> [5351 bytes]","args":[{"element-6066-11e4-a52e-4f735466cecf":"f.92C64C74BFFB4A8B431616FE9F273F76.d.A0713E71415FACECE42E4DCD146944D3.e.19192","ELEMENT":"f.92C64C74BFFB4A8B431616FE9F273F76.d.A0713E71415FACECE42E4DCD146944D3.e.19192"}]}
COMMAND: POST /session/9f4c84e4ae75e749cefc69cbdd96fe2c/element/f.92C64C74BFFB4A8B431616FE9F273F76.d.A0713E71415FACECE42E4DCD146944D3.e.19192/click - {}
COMMAND: GET /session/9f4c84e4ae75e749cefc69cbdd96fe2c/screenshot - {}
RESULT: {}
RESULT: {}
COMMAND: GET /session/9f4c84e4ae75e749cefc69cbdd96fe2c/screenshot - {}
RESULT: {}
RESULT: {}
COMMAND: POST /session/9f4c84e4ae75e749cefc69cbdd96fe2c/execute/async - {"script":"<script> [1562 bytes]","args":[{"selector":{"id":"application-manageresources-display-component---newResourceUnit--TYPE-arrow"},"wdio_ui5_key":"applicationmanageresources-display-component---newResourceUnit--TYPE-arrow"}]}
RESULT: {"script":"<script> [1562 bytes]","args":[{"selector":{"id":"application-manageresources-display-component---newResourceUnit--TYPE-arrow"},"wdio_ui5_key":"applicationmanageresources-display-component---newResourceUnit--TYPE-arrow"}]}
RESULT: undefined
COMMAND: POST /session/9f4c84e4ae75e749cefc69cbdd96fe2c/element - {"using":"xpath","value":"//*[@id=\"application-manageresources-display-component---newResourceUnit--TYPE-arrow\"]"}
RESULT: {"using":"xpath","value":"//*[@id=\"application-manageresources-display-component---newResourceUnit--TYPE-arrow\"]"}
COMMAND: POST /session/9f4c84e4ae75e749cefc69cbdd96fe2c/element/f.92C64C74BFFB4A8B431616FE9F273F76.d.A0713E71415FACECE42E4DCD146944D3.e.19553/click - {}
RESULT: {}
COMMAND: POST /session/9f4c84e4ae75e749cefc69cbdd96fe2c/element - {"using":"xpath","value":"//input[@id=\"application-manageresources-display-component---newResourceUnit--TYPE-inner\"]"}
COMMAND: GET /session/9f4c84e4ae75e749cefc69cbdd96fe2c/screenshot - {}
RESULT: {"using":"xpath","value":"//input[@id=\"application-manageresources-display-component---newResourceUnit--TYPE-inner\"]"}
COMMAND: POST /session/9f4c84e4ae75e749cefc69cbdd96fe2c/element/f.92C64C74BFFB4A8B431616FE9F273F76.d.A0713E71415FACECE42E4DCD146944D3.e.19549/clear - {}
RESULT: {}
RESULT: {}
COMMAND: POST /session/9f4c84e4ae75e749cefc69cbdd96fe2c/element/f.92C64C74BFFB4A8B431616FE9F273F76.d.A0713E71415FACECE42E4DCD146944D3.e.19549/value - {"text":"Equipment"}
COMMAND: GET /session/9f4c84e4ae75e749cefc69cbdd96fe2c/screenshot - {}
RESULT: {"text":"Equipment"}
COMMAND: GET /session/9f4c84e4ae75e749cefc69cbdd96fe2c/screenshot - {}
RESULT: {}
RESULT: {}
COMMAND: POST /session/9f4c84e4ae75e749cefc69cbdd96fe2c/actions - {"actions":[{"id":"action67","type":"key","parameters":{},"actions":[{"type":"keyDown","value":""},{"type":"pause","duration":10},{"type":"keyUp","value":""}]}]}
RESULT: {"actions":[{"id":"action67","type":"key","parameters":{},"actions":[{"type":"keyDown","value":""},{"type":"pause","duration":10},{"type":"keyUp","value":""}]}]}
COMMAND: POST /session/9f4c84e4ae75e749cefc69cbdd96fe2c/execute/async - {"script":"<script> [1562 bytes]","args":[{"selector":{"id":"application-manageresources-display-component---newResourceUnit--resourceId","interaction":{"idSuffix":"inner"}},"wdio_ui5_key":"applicationmanageresources-display-component---newResourceUnit--resourceId"}]}
COMMAND: GET /session/9f4c84e4ae75e749cefc69cbdd96fe2c/screenshot - {}
RESULT: {"script":"<script> [1562 bytes]","args":[{"selector":{"id":"application-manageresources-display-component---newResourceUnit--resourceId","interaction":{"idSuffix":"inner"}},"wdio_ui5_key":"applicationmanageresources-display-component---newResourceUnit--resourceId"}]}
RESULT: undefined
COMMAND: POST /session/9f4c84e4ae75e749cefc69cbdd96fe2c/execute/async - {"script":"<script> [776 bytes]","args":[{"enterText":"M5iXfaKE9l","selector":{"id":"application-manageresources-display-component---newResourceUnit--resourceId","interaction":{"idSuffix":"inner"}},"clearTextFirst":true,"interactionType":"ENTER_TEXT"}]}
RESULT: {}
RESULT: {"script":"<script> [776 bytes]","args":[{"enterText":"M5iXfaKE9l","selector":{"id":"application-manageresources-display-component---newResourceUnit--resourceId","interaction":{"idSuffix":"inner"}},"clearTextFirst":true,"interactionType":"ENTER_TEXT"}]}
COMMAND: POST /session/9f4c84e4ae75e749cefc69cbdd96fe2c/execute/async - {"script":"<script> [1562 bytes]","args":[{"selector":{"id":"application-manageresources-display-component---newResourceUnit--SHORT_TEXT","interaction":{"idSuffix":"inner"}},"wdio_ui5_key":"applicationmanageresources-display-component---newResourceUnit--SHORT_TEXT"}]}
RESULT: {"script":"<script> [1562 bytes]","args":[{"selector":{"id":"application-manageresources-display-component---newResourceUnit--SHORT_TEXT","interaction":{"idSuffix":"inner"}},"wdio_ui5_key":"applicationmanageresources-display-component---newResourceUnit--SHORT_TEXT"}]}
RESULT: undefined
COMMAND: POST /session/9f4c84e4ae75e749cefc69cbdd96fe2c/execute/async - {"script":"<script> [776 bytes]","args":[{"enterText":"Intercompany Equipment WDIO","selector":{"id":"application-manageresources-display-component---newResourceUnit--SHORT_TEXT","interaction":{"idSuffix":"inner"}},"clearTextFirst":true,"interactionType":"ENTER_TEXT"}]}
RESULT: {"script":"<script> [776 bytes]","args":[{"enterText":"Intercompany Equipment WDIO","selector":{"id":"application-manageresources-display-component---newResourceUnit--SHORT_TEXT","interaction":{"idSuffix":"inner"}},"clearTextFirst":true,"interactionType":"ENTER_TEXT"}]}
COMMAND: POST /session/9f4c84e4ae75e749cefc69cbdd96fe2c/execute/async - {"script":"<script> [1562 bytes]","args":[{"selector":{"id":"application-manageresources-display-component---newResourceUnit--BASE_UNIT_OF_MEASURE","interaction":{"idSuffix":"inner"}},"wdio_ui5_key":"applicationmanageresources-display-component---newResourceUnit--BASE_UNIT_OF_MEASURE"}]}
RESULT: {"script":"<script> [1562 bytes]","args":[{"selector":{"id":"application-manageresources-display-component---newResourceUnit--BASE_UNIT_OF_MEASURE","interaction":{"idSuffix":"inner"}},"wdio_ui5_key":"applicationmanageresources-display-component---newResourceUnit--BASE_UNIT_OF_MEASURE"}]}
RESULT: undefined
COMMAND: POST /session/9f4c84e4ae75e749cefc69cbdd96fe2c/execute/async - {"script":"<script> [776 bytes]","args":[{"enterText":"Piece","selector":{"id":"application-manageresources-display-component---newResourceUnit--BASE_UNIT_OF_MEASURE","interaction":{"idSuffix":"inner"}},"clearTextFirst":true,"interactionType":"ENTER_TEXT"}]}
RESULT: {"script":"<script> [776 bytes]","args":[{"enterText":"Piece","selector":{"id":"application-manageresources-display-component---newResourceUnit--BASE_UNIT_OF_MEASURE","interaction":{"idSuffix":"inner"}},"clearTextFirst":true,"interactionType":"ENTER_TEXT"}]}
COMMAND: POST /session/9f4c84e4ae75e749cefc69cbdd96fe2c/execute/async - {"script":"<script> [1562 bytes]","args":[{"selector":{"id":"application-manageresources-display-component---newResourceUnit--WEIGHT_UNIT","interaction":{"idSuffix":"inner"}},"wdio_ui5_key":"applicationmanageresources-display-component---newResourceUnit--WEIGHT_UNIT"}]}
RESULT: {"script":"<script> [1562 bytes]","args":[{"selector":{"id":"application-manageresources-display-component---newResourceUnit--WEIGHT_UNIT","interaction":{"idSuffix":"inner"}},"wdio_ui5_key":"applicationmanageresources-display-component---newResourceUnit--WEIGHT_UNIT"}]}
RESULT: undefined
COMMAND: POST /session/9f4c84e4ae75e749cefc69cbdd96fe2c/execute/async - {"script":"<script> [776 bytes]","args":[{"enterText":"Gram","selector":{"id":"application-manageresources-display-component---newResourceUnit--WEIGHT_UNIT","interaction":{"idSuffix":"inner"}},"clearTextFirst":true,"interactionType":"ENTER_TEXT"}]}
RESULT: {"script":"<script> [776 bytes]","args":[{"enterText":"Gram","selector":{"id":"application-manageresources-display-component---newResourceUnit--WEIGHT_UNIT","interaction":{"idSuffix":"inner"}},"clearTextFirst":true,"interactionType":"ENTER_TEXT"}]}
COMMAND: POST /session/9f4c84e4ae75e749cefc69cbdd96fe2c/execute/async - {"script":"<script> [1562 bytes]","args":[{"selector":{"id":"application-manageresources-display-component---newResourceUnit--DIMENSION_UNIT","interaction":{"idSuffix":"inner"}},"wdio_ui5_key":"applicationmanageresources-display-component---newResourceUnit--DIMENSION_UNIT"}]}
RESULT: {"script":"<script> [1562 bytes]","args":[{"selector":{"id":"application-manageresources-display-component---newResourceUnit--DIMENSION_UNIT","interaction":{"idSuffix":"inner"}},"wdio_ui5_key":"applicationmanageresources-display-component---newResourceUnit--DIMENSION_UNIT"}]}
RESULT: undefined
COMMAND: POST /session/9f4c84e4ae75e749cefc69cbdd96fe2c/execute/async - {"script":"<script> [776 bytes]","args":[{"enterText":"Meter","selector":{"id":"application-manageresources-display-component---newResourceUnit--DIMENSION_UNIT","interaction":{"idSuffix":"inner"}},"clearTextFirst":true,"interactionType":"ENTER_TEXT"}]}
RESULT: {"script":"<script> [776 bytes]","args":[{"enterText":"Meter","selector":{"id":"application-manageresources-display-component---newResourceUnit--DIMENSION_UNIT","interaction":{"idSuffix":"inner"}},"clearTextFirst":true,"interactionType":"ENTER_TEXT"}]}
COMMAND: POST /session/9f4c84e4ae75e749cefc69cbdd96fe2c/execute/async - {"script":"<script> [1562 bytes]","args":[{"selector":{"id":"application-manageresources-display-component---newResourceUnit--newRRUPage-anchBar-application-manageresources-display-component---newResourceUnit--control-anchor","interaction":{"idSuffix":"BDI-content"}},"wdio_ui5_key":"applicationmanageresources-display-component---newResourceUnit--newRRUPage-anchBar-application-manageresources-display-component---newResourceUnit--control-anchor"}]}
RESULT: {"script":"<script> [1562 bytes]","args":[{"selector":{"id":"application-manageresources-display-component---newResourceUnit--newRRUPage-anchBar-application-manageresources-display-component---newResourceUnit--control-anchor","interaction":{"idSuffix":"BDI-content"}},"wdio_ui5_key":"applicationmanageresources-display-component---newResourceUnit--newRRUPage-anchBar-application-manageresources-display-component---newResourceUnit--control-anchor"}]}
RESULT: undefined
COMMAND: POST /session/9f4c84e4ae75e749cefc69cbdd96fe2c/element - {"using":"xpath","value":"//*[@id=\"application-manageresources-display-component---newResourceUnit--newRRUPage-anchBar-application-manageresources-display-component---newResourceUnit--control-anchor\"]"}
RESULT: {"using":"xpath","value":"//*[@id=\"application-manageresources-display-component---newResourceUnit--newRRUPage-anchBar-application-manageresources-display-component---newResourceUnit--control-anchor\"]"}
COMMAND: POST /session/9f4c84e4ae75e749cefc69cbdd96fe2c/element/f.92C64C74BFFB4A8B431616FE9F273F76.d.A0713E71415FACECE42E4DCD146944D3.e.19712/click - {}
RESULT: {}
COMMAND: POST /session/9f4c84e4ae75e749cefc69cbdd96fe2c/execute/async - {"script":"<script> [1562 bytes]","args":[{"selector":{"id":"application-manageresources-display-component---newResourceUnit--PLANNING_GROUP","interaction":{"idSuffix":"inner"}},"wdio_ui5_key":"applicationmanageresources-display-component---newResourceUnit--PLANNING_GROUP"}]}
COMMAND: GET /session/9f4c84e4ae75e749cefc69cbdd96fe2c/screenshot - {}
RESULT: {"script":"<script> [1562 bytes]","args":[{"selector":{"id":"application-manageresources-display-component---newResourceUnit--PLANNING_GROUP","interaction":{"idSuffix":"inner"}},"wdio_ui5_key":"applicationmanageresources-display-component---newResourceUnit--PLANNING_GROUP"}]}
RESULT: undefined
COMMAND: POST /session/9f4c84e4ae75e749cefc69cbdd96fe2c/execute/async - {"script":"<script> [776 bytes]","args":[{"enterText":"Heavy Equi","selector":{"id":"application-manageresources-display-component---newResourceUnit--PLANNING_GROUP","interaction":{"idSuffix":"inner"}},"clearTextFirst":true,"interactionType":"ENTER_TEXT"}]}
RESULT: {}
RESULT: {"script":"<script> [776 bytes]","args":[{"enterText":"Heavy Equi","selector":{"id":"application-manageresources-display-component---newResourceUnit--PLANNING_GROUP","interaction":{"idSuffix":"inner"}},"clearTextFirst":true,"interactionType":"ENTER_TEXT"}]}
COMMAND: POST /session/9f4c84e4ae75e749cefc69cbdd96fe2c/execute/async - {"script":"<script> [1562 bytes]","args":[{"selector":{"id":"application-manageresources-display-component---newResourceUnit--ITEM_TYPE-arrow"},"wdio_ui5_key":"applicationmanageresources-display-component---newResourceUnit--ITEM_TYPE-arrow"}]}
RESULT: {"script":"<script> [1562 bytes]","args":[{"selector":{"id":"application-manageresources-display-component---newResourceUnit--ITEM_TYPE-arrow"},"wdio_ui5_key":"applicationmanageresources-display-component---newResourceUnit--ITEM_TYPE-arrow"}]}
RESULT: undefined
COMMAND: POST /session/9f4c84e4ae75e749cefc69cbdd96fe2c/element - {"using":"xpath","value":"//*[@id=\"application-manageresources-display-component---newResourceUnit--ITEM_TYPE-arrow\"]"}
RESULT: {"using":"xpath","value":"//*[@id=\"application-manageresources-display-component---newResourceUnit--ITEM_TYPE-arrow\"]"}
COMMAND: POST /session/9f4c84e4ae75e749cefc69cbdd96fe2c/element/f.92C64C74BFFB4A8B431616FE9F273F76.d.A0713E71415FACECE42E4DCD146944D3.e.19719/click - {}
RESULT: {}
COMMAND: POST /session/9f4c84e4ae75e749cefc69cbdd96fe2c/element - {"using":"xpath","value":"(//span[contains(text(), \"Resource Unit\")])[2]"}
COMMAND: GET /session/9f4c84e4ae75e749cefc69cbdd96fe2c/screenshot - {}
RESULT: {"using":"xpath","value":"(//span[contains(text(), \"Resource Unit\")])[2]"}
COMMAND: POST /session/9f4c84e4ae75e749cefc69cbdd96fe2c/element/f.92C64C74BFFB4A8B431616FE9F273F76.d.A0713E71415FACECE42E4DCD146944D3.e.19720/click - {}
RESULT: {}
RESULT: {}
COMMAND: GET /session/9f4c84e4ae75e749cefc69cbdd96fe2c/screenshot - {}
RESULT: {}
COMMAND: POST /session/9f4c84e4ae75e749cefc69cbdd96fe2c/element - {"using":"css selector","value":"#application-manageresources-display-component---newResourceUnit--btnAddTimeSegment"}
RESULT: {"using":"css selector","value":"#application-manageresources-display-component---newResourceUnit--btnAddTimeSegment"}
COMMAND: GET /session/9f4c84e4ae75e749cefc69cbdd96fe2c/element/f.92C64C74BFFB4A8B431616FE9F273F76.d.A0713E71415FACECE42E4DCD146944D3.e.19727/rect - {}
RESULT: {}
COMMAND: GET /session/9f4c84e4ae75e749cefc69cbdd96fe2c/window/rect - {}
RESULT: {}
COMMAND: POST /session/9f4c84e4ae75e749cefc69cbdd96fe2c/execute/sync - {"script":"<script> [92 bytes]","args":[]}
RESULT: {"script":"<script> [92 bytes]","args":[]}
COMMAND: POST /session/9f4c84e4ae75e749cefc69cbdd96fe2c/actions - {"actions":[{"id":"action68","type":"wheel","parameters":{},"actions":[{"type":"scroll","x":-1888,"y":-32,"deltaX":0,"deltaY":0,"duration":0,"origin":{"element-6066-11e4-a52e-4f735466cecf":"f.92C64C74BFFB4A8B431616FE9F273F76.d.A0713E71415FACECE42E4DCD146944D3.e.19727"}}]}]}
COMMAND: GET /session/9f4c84e4ae75e749cefc69cbdd96fe2c/screenshot - {}
RESULT: {}
COMMAND: POST /session/9f4c84e4ae75e749cefc69cbdd96fe2c/execute/sync - {"script":"<script> [79 bytes]","args":[{"element-6066-11e4-a52e-4f735466cecf":"f.92C64C74BFFB4A8B431616FE9F273F76.d.A0713E71415FACECE42E4DCD146944D3.e.19727","ELEMENT":"f.92C64C74BFFB4A8B431616FE9F273F76.d.A0713E71415FACECE42E4DCD146944D3.e.19727"},{"block":"start","inline":"nearest"}]}
RESULT: {"script":"<script> [79 bytes]","args":[{"element-6066-11e4-a52e-4f735466cecf":"f.92C64C74BFFB4A8B431616FE9F273F76.d.A0713E71415FACECE42E4DCD146944D3.e.19727","ELEMENT":"f.92C64C74BFFB4A8B431616FE9F273F76.d.A0713E71415FACECE42E4DCD146944D3.e.19727"},{"block":"start","inline":"nearest"}]}
COMMAND: POST /session/9f4c84e4ae75e749cefc69cbdd96fe2c/execute/async - {"script":"<script> [1562 bytes]","args":[{"selector":{"id":"application-manageresources-display-component---newResourceUnit--btnAddTimeSegment","interaction":{"idSuffix":"inner"}},"wdio_ui5_key":"applicationmanageresources-display-component---newResourceUnit--btnAddTimeSegment"}]}
COMMAND: GET /session/9f4c84e4ae75e749cefc69cbdd96fe2c/screenshot - {}
RESULT: {"script":"<script> [1562 bytes]","args":[{"selector":{"id":"application-manageresources-display-component---newResourceUnit--btnAddTimeSegment","interaction":{"idSuffix":"inner"}},"wdio_ui5_key":"applicationmanageresources-display-component---newResourceUnit--btnAddTimeSegment"}]}
RESULT: undefined
COMMAND: POST /session/9f4c84e4ae75e749cefc69cbdd96fe2c/element - {"using":"xpath","value":"//*[@id=\"application-manageresources-display-component---newResourceUnit--btnAddTimeSegment\"]"}
RESULT: {}
RESULT: {"using":"xpath","value":"//*[@id=\"application-manageresources-display-component---newResourceUnit--btnAddTimeSegment\"]"}
COMMAND: POST /session/9f4c84e4ae75e749cefc69cbdd96fe2c/element/f.92C64C74BFFB4A8B431616FE9F273F76.d.A0713E71415FACECE42E4DCD146944D3.e.19727/click - {}
RESULT: {}
COMMAND: GET /session/9f4c84e4ae75e749cefc69cbdd96fe2c/screenshot - {}
RESULT: {}
COMMAND: POST /session/9f4c84e4ae75e749cefc69cbdd96fe2c/element - {"using":"xpath","value":"//input[@id=\"application-manageresources-display-component---newResourceUnit--idRuTSAdmin-application-manageresources-display-component---newResourceUnit--RUTimeSegment-0-inner\"]"}
RESULT: {"using":"xpath","value":"//input[@id=\"application-manageresources-display-component---newResourceUnit--idRuTSAdmin-application-manageresources-display-component---newResourceUnit--RUTimeSegment-0-inner\"]"}
COMMAND: POST /session/9f4c84e4ae75e749cefc69cbdd96fe2c/element/f.92C64C74BFFB4A8B431616FE9F273F76.d.A0713E71415FACECE42E4DCD146944D3.e.19733/clear - {}
RESULT: {}
COMMAND: POST /session/9f4c84e4ae75e749cefc69cbdd96fe2c/element/f.92C64C74BFFB4A8B431616FE9F273F76.d.A0713E71415FACECE42E4DCD146944D3.e.19733/value - {"text":"429"}
COMMAND: GET /session/9f4c84e4ae75e749cefc69cbdd96fe2c/screenshot - {}
RESULT: {"text":"429"}
COMMAND: GET /session/9f4c84e4ae75e749cefc69cbdd96fe2c/screenshot - {}
RESULT: {}
RESULT: {}
COMMAND: POST /session/9f4c84e4ae75e749cefc69cbdd96fe2c/element - {"using":"xpath","value":"//li[.//span[text()='429']]"}
RESULT: {"using":"xpath","value":"//li[.//span[text()='429']]"}
COMMAND: POST /session/9f4c84e4ae75e749cefc69cbdd96fe2c/element/f.92C64C74BFFB4A8B431616FE9F273F76.d.A0713E71415FACECE42E4DCD146944D3.e.19745/click - {}
RESULT: {}
COMMAND: GET /session/9f4c84e4ae75e749cefc69cbdd96fe2c/screenshot - {}
RESULT: {}
COMMAND: POST /session/9f4c84e4ae75e749cefc69cbdd96fe2c/element - {"using":"xpath","value":"(//span[contains(@id, \"-application-manageresources-display-component---newResourceUnit--RUTimeSegment-0-arrow\")])[6]"}
RESULT: {"using":"xpath","value":"(//span[contains(@id, \"-application-manageresources-display-component---newResourceUnit--RUTimeSegment-0-arrow\")])[6]"}
COMMAND: POST /session/9f4c84e4ae75e749cefc69cbdd96fe2c/element/f.92C64C74BFFB4A8B431616FE9F273F76.d.A0713E71415FACECE42E4DCD146944D3.e.19746/click - {}
RESULT: {}
COMMAND: GET /session/9f4c84e4ae75e749cefc69cbdd96fe2c/screenshot - {}
RESULT: {}
COMMAND: POST /session/9f4c84e4ae75e749cefc69cbdd96fe2c/element - {"using":"xpath","value":"//span[contains(text(), \"PM Order\")]"}
RESULT: {"using":"xpath","value":"//span[contains(text(), \"PM Order\")]"}
COMMAND: POST /session/9f4c84e4ae75e749cefc69cbdd96fe2c/element/f.92C64C74BFFB4A8B431616FE9F273F76.d.A0713E71415FACECE42E4DCD146944D3.e.19749/click - {}
RESULT: {}
COMMAND: GET /session/9f4c84e4ae75e749cefc69cbdd96fe2c/screenshot - {}
RESULT: {}
COMMAND: POST /session/9f4c84e4ae75e749cefc69cbdd96fe2c/element - {"using":"xpath","value":"(//span[contains(@id ,\"manageresources-display-component---newResourceUnit--RUTimeSegment-0-vhi\")])[1]"}
RESULT: {"using":"xpath","value":"(//span[contains(@id ,\"manageresources-display-component---newResourceUnit--RUTimeSegment-0-vhi\")])[1]"}
COMMAND: GET /session/9f4c84e4ae75e749cefc69cbdd96fe2c/element/f.92C64C74BFFB4A8B431616FE9F273F76.d.A0713E71415FACECE42E4DCD146944D3.e.19753/rect - {}
RESULT: {}
COMMAND: GET /session/9f4c84e4ae75e749cefc69cbdd96fe2c/window/rect - {}
RESULT: {}
COMMAND: POST /session/9f4c84e4ae75e749cefc69cbdd96fe2c/execute/sync - {"script":"<script> [92 bytes]","args":[]}
RESULT: {"script":"<script> [92 bytes]","args":[]}
COMMAND: POST /session/9f4c84e4ae75e749cefc69cbdd96fe2c/actions - {"actions":[{"id":"action69","type":"wheel","parameters":{},"actions":[{"type":"scroll","x":-869,"y":-24,"deltaX":0,"deltaY":0,"duration":0,"origin":{"element-6066-11e4-a52e-4f735466cecf":"f.92C64C74BFFB4A8B431616FE9F273F76.d.A0713E71415FACECE42E4DCD146944D3.e.19753"}}]}]}
COMMAND: GET /session/9f4c84e4ae75e749cefc69cbdd96fe2c/screenshot - {}
RESULT: {"actions":[{"id":"action69","type":"wheel","parameters":{},"actions":[{"type":"scroll","x":-869,"y":-24,"deltaX":0,"deltaY":0,"duration":0,"origin":{"element-6066-11e4-a52e-4f735466cecf":"f.92C64C74BFFB4A8B431616FE9F273F76.d.A0713E71415FACECE42E4DCD146944D3.e.19753"}}]}]}
COMMAND: DELETE /session/9f4c84e4ae75e749cefc69cbdd96fe2c/actions - {}
COMMAND: GET /session/9f4c84e4ae75e749cefc69cbdd96fe2c/screenshot - {}
RESULT: {}
RESULT: {}
COMMAND: GET /session/9f4c84e4ae75e749cefc69cbdd96fe2c/screenshot - {}
RESULT: {}
RESULT: {}
COMMAND: POST /session/9f4c84e4ae75e749cefc69cbdd96fe2c/element/f.92C64C74BFFB4A8B431616FE9F273F76.d.A0713E71415FACECE42E4DCD146944D3.e.19753/click - {}
RESULT: {}
COMMAND: GET /session/9f4c84e4ae75e749cefc69cbdd96fe2c/screenshot - {}
RESULT: {}
COMMAND: POST /session/9f4c84e4ae75e749cefc69cbdd96fe2c/execute/async - {"script":"<script> [1562 bytes]","args":[{"selector":{"controlType":"sap.m.SearchField","properties":{"placeholder":"Search"},"searchOpenDialogs":true,"interaction":{"idSuffix":"I"}},"wdio_ui5_key":"sapm.SearchField{\"placeholder\":\"Search\"}"}]}
RESULT: {"script":"<script> [1562 bytes]","args":[{"selector":{"controlType":"sap.m.SearchField","properties":{"placeholder":"Search"},"searchOpenDialogs":true,"interaction":{"idSuffix":"I"}},"wdio_ui5_key":"sapm.SearchField{\"placeholder\":\"Search\"}"}]}
RESULT: undefined
COMMAND: POST /session/9f4c84e4ae75e749cefc69cbdd96fe2c/execute/async - {"script":"<script> [776 bytes]","args":[{"enterText":"4000360","selector":{"controlType":"sap.m.SearchField","properties":{"placeholder":"Search"},"searchOpenDialogs":true,"interaction":{"idSuffix":"I"}},"clearTextFirst":true,"interactionType":"ENTER_TEXT"}]}
RESULT: {"script":"<script> [776 bytes]","args":[{"enterText":"4000360","selector":{"controlType":"sap.m.SearchField","properties":{"placeholder":"Search"},"searchOpenDialogs":true,"interaction":{"idSuffix":"I"}},"clearTextFirst":true,"interactionType":"ENTER_TEXT"}]}
COMMAND: POST /session/9f4c84e4ae75e749cefc69cbdd96fe2c/actions - {"actions":[{"id":"action70","type":"key","parameters":{},"actions":[{"type":"keyDown","value":""},{"type":"pause","duration":10},{"type":"keyUp","value":""}]}]}
RESULT: {"actions":[{"id":"action70","type":"key","parameters":{},"actions":[{"type":"keyDown","value":""},{"type":"pause","duration":10},{"type":"keyUp","value":""}]}]}
COMMAND: GET /session/9f4c84e4ae75e749cefc69cbdd96fe2c/screenshot - {}
RESULT: {}
COMMAND: POST /session/9f4c84e4ae75e749cefc69cbdd96fe2c/element - {"using":"xpath","value":"//td/div/span[contains(text(), \"BGL Vehicles\")]"}
RESULT: {"using":"xpath","value":"//td/div/span[contains(text(), \"BGL Vehicles\")]"}
COMMAND: POST /session/9f4c84e4ae75e749cefc69cbdd96fe2c/element/f.92C64C74BFFB4A8B431616FE9F273F76.d.A0713E71415FACECE42E4DCD146944D3.e.19775/click - {}
RESULT: {}
COMMAND: GET /session/9f4c84e4ae75e749cefc69cbdd96fe2c/screenshot - {}
RESULT: {}
COMMAND: POST /session/9f4c84e4ae75e749cefc69cbdd96fe2c/element - {"using":"xpath","value":"//bdi[contains(text(), \"OK\")]"}
RESULT: {"using":"xpath","value":"//bdi[contains(text(), \"OK\")]"}
COMMAND: POST /session/9f4c84e4ae75e749cefc69cbdd96fe2c/element/f.92C64C74BFFB4A8B431616FE9F273F76.d.A0713E71415FACECE42E4DCD146944D3.e.19776/click - {}
RESULT: {}
COMMAND: GET /session/9f4c84e4ae75e749cefc69cbdd96fe2c/screenshot - {}
RESULT: {}
COMMAND: POST /session/9f4c84e4ae75e749cefc69cbdd96fe2c/execute/async - {"script":"<script> [1562 bytes]","args":[{"selector":{"id":"application-manageresources-display-component---newResourceUnit--newRRUPage-anchBar-application-manageresources-display-component---newResourceUnit--resource-anchor","interaction":{"idSuffix":"BDI-content"}},"wdio_ui5_key":"applicationmanageresources-display-component---newResourceUnit--newRRUPage-anchBar-application-manageresources-display-component---newResourceUnit--resource-anchor"}]}
RESULT: {"script":"<script> [1562 bytes]","args":[{"selector":{"id":"application-manageresources-display-component---newResourceUnit--newRRUPage-anchBar-application-manageresources-display-component---newResourceUnit--resource-anchor","interaction":{"idSuffix":"BDI-content"}},"wdio_ui5_key":"applicationmanageresources-display-component---newResourceUnit--newRRUPage-anchBar-application-manageresources-display-component---newResourceUnit--resource-anchor"}]}
RESULT: undefined
COMMAND: POST /session/9f4c84e4ae75e749cefc69cbdd96fe2c/element - {"using":"xpath","value":"//*[@id=\"application-manageresources-display-component---newResourceUnit--newRRUPage-anchBar-application-manageresources-display-component---newResourceUnit--resource-anchor\"]"}
RESULT: {"using":"xpath","value":"//*[@id=\"application-manageresources-display-component---newResourceUnit--newRRUPage-anchBar-application-manageresources-display-component---newResourceUnit--resource-anchor\"]"}
COMMAND: POST /session/9f4c84e4ae75e749cefc69cbdd96fe2c/element/f.92C64C74BFFB4A8B431616FE9F273F76.d.A0713E71415FACECE42E4DCD146944D3.e.19780/click - {}
RESULT: {}
COMMAND: POST /session/9f4c84e4ae75e749cefc69cbdd96fe2c/execute/async - {"script":"<script> [1562 bytes]","args":[{"selector":{"id":"application-manageresources-display-component---newResourceUnit--PLANNED_DELIVERY_DATE","interaction":{"idSuffix":"inner"}},"wdio_ui5_key":"applicationmanageresources-display-component---newResourceUnit--PLANNED_DELIVERY_DATE"}]}
COMMAND: GET /session/9f4c84e4ae75e749cefc69cbdd96fe2c/screenshot - {}
RESULT: {"script":"<script> [1562 bytes]","args":[{"selector":{"id":"application-manageresources-display-component---newResourceUnit--PLANNED_DELIVERY_DATE","interaction":{"idSuffix":"inner"}},"wdio_ui5_key":"applicationmanageresources-display-component---newResourceUnit--PLANNED_DELIVERY_DATE"}]}
RESULT: undefined
COMMAND: POST /session/9f4c84e4ae75e749cefc69cbdd96fe2c/execute/async - {"script":"<script> [6424 bytes]","args":[{"element-6066-11e4-a52e-4f735466cecf":"f.92C64C74BFFB4A8B431616FE9F273F76.d.A0713E71415FACECE42E4DCD146944D3.e.19611"},"setValue",["5/28/25"]]}
RESULT: {}
RESULT: {"script":"<script> [6424 bytes]","args":[{"element-6066-11e4-a52e-4f735466cecf":"f.92C64C74BFFB4A8B431616FE9F273F76.d.A0713E71415FACECE42E4DCD146944D3.e.19611"},"setValue",["5/28/25"]]}
COMMAND: POST /session/9f4c84e4ae75e749cefc69cbdd96fe2c/element - {"using":"xpath","value":"//label[contains(@class, 'sapMLabelRequired') and .//bdi[contains(text(), 'Planned Retirement')]]"}
RESULT: {"using":"xpath","value":"//label[contains(@class, 'sapMLabelRequired') and .//bdi[contains(text(), 'Planned Retirement')]]"}
COMMAND: POST /session/9f4c84e4ae75e749cefc69cbdd96fe2c/elements - {"using":"xpath","value":"//label[contains(@class, 'sapMLabelRequired') and .//bdi[contains(text(), 'Planned Retirement')]]"}
RESULT: {"using":"xpath","value":"//label[contains(@class, 'sapMLabelRequired') and .//bdi[contains(text(), 'Planned Retirement')]]"}
COMMAND: POST /session/9f4c84e4ae75e749cefc69cbdd96fe2c/element - {"using":"xpath","value":"//button[@data-kt=\"resourceUnitSaveButton\"]"}
RESULT: {"using":"xpath","value":"//button[@data-kt=\"resourceUnitSaveButton\"]"}
COMMAND: POST /session/9f4c84e4ae75e749cefc69cbdd96fe2c/element/f.92C64C74BFFB4A8B431616FE9F273F76.d.A0713E71415FACECE42E4DCD146944D3.e.19570/click - {}
RESULT: {}
COMMAND: GET /session/9f4c84e4ae75e749cefc69cbdd96fe2c/screenshot - {}
RESULT: {}
COMMAND: POST /session/9f4c84e4ae75e749cefc69cbdd96fe2c/element - {"using":"xpath","value":"//bdi[contains(text(), \"Close\")]"}
RESULT: {"using":"xpath","value":"//bdi[contains(text(), \"Close\")]"}
COMMAND: POST /session/9f4c84e4ae75e749cefc69cbdd96fe2c/element/f.92C64C74BFFB4A8B431616FE9F273F76.d.A0713E71415FACECE42E4DCD146944D3.e.19788/click - {}
RESULT: {}
COMMAND: GET /session/9f4c84e4ae75e749cefc69cbdd96fe2c/screenshot - {}
RESULT: {}
COMMAND: POST /session/9f4c84e4ae75e749cefc69cbdd96fe2c/element - {"using":"xpath","value":"(//button[contains(@id ,\"actionsToolbar-overflowButton\")])[1]"}
RESULT: {"using":"xpath","value":"(//button[contains(@id ,\"actionsToolbar-overflowButton\")])[1]"}
COMMAND: POST /session/9f4c84e4ae75e749cefc69cbdd96fe2c/element/f.92C64C74BFFB4A8B431616FE9F273F76.d.A0713E71415FACECE42E4DCD146944D3.e.19845/click - {}
RESULT: {}
COMMAND: GET /session/9f4c84e4ae75e749cefc69cbdd96fe2c/screenshot - {}
RESULT: {}
COMMAND: POST /session/9f4c84e4ae75e749cefc69cbdd96fe2c/element - {"using":"xpath","value":"//button[@data-kt=\"priceInfoButton\"]"}
RESULT: {"using":"xpath","value":"//button[@data-kt=\"priceInfoButton\"]"}
COMMAND: POST /session/9f4c84e4ae75e749cefc69cbdd96fe2c/element/f.92C64C74BFFB4A8B431616FE9F273F76.d.A0713E71415FACECE42E4DCD146944D3.e.19847/click - {}
RESULT: {}
COMMAND: GET /session/9f4c84e4ae75e749cefc69cbdd96fe2c/screenshot - {}
]]></system-out>
    </testcase>
    <testcase classname="chrome.136_0_7103_93.windows.Billing_Calculation_-_Time_based_(considering_transport_times)_US139738" name="Should create new pricing rule for the equipment" time="56.256">
      <system-out><![CDATA[
COMMAND: POST /session/9f4c84e4ae75e749cefc69cbdd96fe2c/element - {"using":"xpath","value":"//button[@data-kt=\"addButton\"]"}
RESULT: {}
RESULT: {"using":"xpath","value":"//button[@data-kt=\"addButton\"]"}
COMMAND: POST /session/9f4c84e4ae75e749cefc69cbdd96fe2c/elements - {"using":"xpath","value":"//button[@data-kt=\"addButton\"]"}
RESULT: {"using":"xpath","value":"//button[@data-kt=\"addButton\"]"}
COMMAND: POST /session/9f4c84e4ae75e749cefc69cbdd96fe2c/execute/sync - {"script":"<script> [8489 bytes]","args":[{"element-6066-11e4-a52e-4f735466cecf":"f.92C64C74BFFB4A8B431616FE9F273F76.d.A0713E71415FACECE42E4DCD146944D3.e.19883","ELEMENT":"f.92C64C74BFFB4A8B431616FE9F273F76.d.A0713E71415FACECE42E4DCD146944D3.e.19883"}]}
RESULT: {"script":"<script> [8489 bytes]","args":[{"element-6066-11e4-a52e-4f735466cecf":"f.92C64C74BFFB4A8B431616FE9F273F76.d.A0713E71415FACECE42E4DCD146944D3.e.19883","ELEMENT":"f.92C64C74BFFB4A8B431616FE9F273F76.d.A0713E71415FACECE42E4DCD146944D3.e.19883"}]}
COMMAND: GET /session/9f4c84e4ae75e749cefc69cbdd96fe2c/element/f.92C64C74BFFB4A8B431616FE9F273F76.d.A0713E71415FACECE42E4DCD146944D3.e.19883/enabled - {}
COMMAND: GET /session/9f4c84e4ae75e749cefc69cbdd96fe2c/screenshot - {}
RESULT: {}
COMMAND: POST /session/9f4c84e4ae75e749cefc69cbdd96fe2c/execute/sync - {"script":"<script> [8489 bytes]","args":[{"element-6066-11e4-a52e-4f735466cecf":"f.92C64C74BFFB4A8B431616FE9F273F76.d.A0713E71415FACECE42E4DCD146944D3.e.19883","ELEMENT":"f.92C64C74BFFB4A8B431616FE9F273F76.d.A0713E71415FACECE42E4DCD146944D3.e.19883"}]}
COMMAND: GET /session/9f4c84e4ae75e749cefc69cbdd96fe2c/screenshot - {}
RESULT: {}
RESULT: {"script":"<script> [8489 bytes]","args":[{"element-6066-11e4-a52e-4f735466cecf":"f.92C64C74BFFB4A8B431616FE9F273F76.d.A0713E71415FACECE42E4DCD146944D3.e.19883","ELEMENT":"f.92C64C74BFFB4A8B431616FE9F273F76.d.A0713E71415FACECE42E4DCD146944D3.e.19883"}]}
COMMAND: POST /session/9f4c84e4ae75e749cefc69cbdd96fe2c/execute/sync - {"script":"<script> [5351 bytes]","args":[{"element-6066-11e4-a52e-4f735466cecf":"f.92C64C74BFFB4A8B431616FE9F273F76.d.A0713E71415FACECE42E4DCD146944D3.e.19883","ELEMENT":"f.92C64C74BFFB4A8B431616FE9F273F76.d.A0713E71415FACECE42E4DCD146944D3.e.19883"}]}
COMMAND: GET /session/9f4c84e4ae75e749cefc69cbdd96fe2c/screenshot - {}
RESULT: {}
RESULT: {"script":"<script> [5351 bytes]","args":[{"element-6066-11e4-a52e-4f735466cecf":"f.92C64C74BFFB4A8B431616FE9F273F76.d.A0713E71415FACECE42E4DCD146944D3.e.19883","ELEMENT":"f.92C64C74BFFB4A8B431616FE9F273F76.d.A0713E71415FACECE42E4DCD146944D3.e.19883"}]}
COMMAND: POST /session/9f4c84e4ae75e749cefc69cbdd96fe2c/element/f.92C64C74BFFB4A8B431616FE9F273F76.d.A0713E71415FACECE42E4DCD146944D3.e.19883/click - {}
COMMAND: GET /session/9f4c84e4ae75e749cefc69cbdd96fe2c/screenshot - {}
RESULT: {}
RESULT: {}
COMMAND: GET /session/9f4c84e4ae75e749cefc69cbdd96fe2c/screenshot - {}
RESULT: {}
RESULT: {}
COMMAND: POST /session/9f4c84e4ae75e749cefc69cbdd96fe2c/execute/async - {"script":"<script> [1562 bytes]","args":[{"selector":{"controlType":"sap.m.Title","viewName":"etm.portal.ui.managepricingrules.view.NewItem","viewId":"application-managepricingrules-display-component---newInfoPriceItem","properties":{"text":"New Pricing Rules - Item Level"}},"wdio_ui5_key":"etmportal.ui.managepricingrules.view.NewItemsap.m.Title{\"text\":\"New Pricing Rules - Item Level\"}"}]}
RESULT: {"script":"<script> [1562 bytes]","args":[{"selector":{"controlType":"sap.m.Title","viewName":"etm.portal.ui.managepricingrules.view.NewItem","viewId":"application-managepricingrules-display-component---newInfoPriceItem","properties":{"text":"New Pricing Rules - Item Level"}},"wdio_ui5_key":"etmportal.ui.managepricingrules.view.NewItemsap.m.Title{\"text\":\"New Pricing Rules - Item Level\"}"}]}
RESULT: undefined
COMMAND: POST /session/9f4c84e4ae75e749cefc69cbdd96fe2c/execute/async - {"script":"<script> [6424 bytes]","args":[{"element-6066-11e4-a52e-4f735466cecf":"f.92C64C74BFFB4A8B431616FE9F273F76.d.A0713E71415FACECE42E4DCD146944D3.e.20042"},"getText",[]]}
RESULT: {"script":"<script> [6424 bytes]","args":[{"element-6066-11e4-a52e-4f735466cecf":"f.92C64C74BFFB4A8B431616FE9F273F76.d.A0713E71415FACECE42E4DCD146944D3.e.20042"},"getText",[]]}
COMMAND: POST /session/9f4c84e4ae75e749cefc69cbdd96fe2c/execute/async - {"script":"<script> [1562 bytes]","args":[{"selector":{"id":"application-managepricingrules-display-component---newInfoPriceItem--condValidTo","interaction":{"idSuffix":"inner"}},"wdio_ui5_key":"applicationmanagepricingrules-display-component---newInfoPriceItem--condValidTo"}]}
RESULT: {"script":"<script> [1562 bytes]","args":[{"selector":{"id":"application-managepricingrules-display-component---newInfoPriceItem--condValidTo","interaction":{"idSuffix":"inner"}},"wdio_ui5_key":"applicationmanagepricingrules-display-component---newInfoPriceItem--condValidTo"}]}
RESULT: undefined
COMMAND: POST /session/9f4c84e4ae75e749cefc69cbdd96fe2c/execute/async - {"script":"<script> [776 bytes]","args":[{"enterText":"1/28/26","selector":{"id":"application-managepricingrules-display-component---newInfoPriceItem--condValidTo","interaction":{"idSuffix":"inner"}},"clearTextFirst":true,"interactionType":"ENTER_TEXT"}]}
RESULT: {"script":"<script> [776 bytes]","args":[{"enterText":"1/28/26","selector":{"id":"application-managepricingrules-display-component---newInfoPriceItem--condValidTo","interaction":{"idSuffix":"inner"}},"clearTextFirst":true,"interactionType":"ENTER_TEXT"}]}
COMMAND: POST /session/9f4c84e4ae75e749cefc69cbdd96fe2c/execute/async - {"script":"<script> [1562 bytes]","args":[{"selector":{"id":"application-managepricingrules-display-component---newInfoPriceItem--billType-arrow"},"wdio_ui5_key":"applicationmanagepricingrules-display-component---newInfoPriceItem--billType-arrow"}]}
RESULT: {"script":"<script> [1562 bytes]","args":[{"selector":{"id":"application-managepricingrules-display-component---newInfoPriceItem--billType-arrow"},"wdio_ui5_key":"applicationmanagepricingrules-display-component---newInfoPriceItem--billType-arrow"}]}
RESULT: undefined
COMMAND: POST /session/9f4c84e4ae75e749cefc69cbdd96fe2c/element - {"using":"xpath","value":"//*[@id=\"application-managepricingrules-display-component---newInfoPriceItem--billType-arrow\"]"}
RESULT: {"using":"xpath","value":"//*[@id=\"application-managepricingrules-display-component---newInfoPriceItem--billType-arrow\"]"}
COMMAND: POST /session/9f4c84e4ae75e749cefc69cbdd96fe2c/element/f.92C64C74BFFB4A8B431616FE9F273F76.d.A0713E71415FACECE42E4DCD146944D3.e.20044/click - {}
RESULT: {}
COMMAND: POST /session/9f4c84e4ae75e749cefc69cbdd96fe2c/element - {"using":"xpath","value":"//span[contains(text(), \"TB - Time based\")]"}
COMMAND: GET /session/9f4c84e4ae75e749cefc69cbdd96fe2c/screenshot - {}
RESULT: {"using":"xpath","value":"//span[contains(text(), \"TB - Time based\")]"}
COMMAND: POST /session/9f4c84e4ae75e749cefc69cbdd96fe2c/element/f.92C64C74BFFB4A8B431616FE9F273F76.d.A0713E71415FACECE42E4DCD146944D3.e.20045/click - {}
RESULT: {}
RESULT: {}
COMMAND: POST /session/9f4c84e4ae75e749cefc69cbdd96fe2c/execute/async - {"script":"<script> [1562 bytes]","args":[{"selector":{"id":"application-managepricingrules-display-component---newInfoPriceItem--priceProc-arrow"},"wdio_ui5_key":"applicationmanagepricingrules-display-component---newInfoPriceItem--priceProc-arrow"}]}
COMMAND: GET /session/9f4c84e4ae75e749cefc69cbdd96fe2c/screenshot - {}
RESULT: {"script":"<script> [1562 bytes]","args":[{"selector":{"id":"application-managepricingrules-display-component---newInfoPriceItem--priceProc-arrow"},"wdio_ui5_key":"applicationmanagepricingrules-display-component---newInfoPriceItem--priceProc-arrow"}]}
RESULT: undefined
COMMAND: POST /session/9f4c84e4ae75e749cefc69cbdd96fe2c/element - {"using":"xpath","value":"//*[@id=\"application-managepricingrules-display-component---newInfoPriceItem--priceProc-arrow\"]"}
RESULT: {}
RESULT: {"using":"xpath","value":"//*[@id=\"application-managepricingrules-display-component---newInfoPriceItem--priceProc-arrow\"]"}
COMMAND: POST /session/9f4c84e4ae75e749cefc69cbdd96fe2c/element/f.92C64C74BFFB4A8B431616FE9F273F76.d.A0713E71415FACECE42E4DCD146944D3.e.20008/click - {}
RESULT: {}
COMMAND: POST /session/9f4c84e4ae75e749cefc69cbdd96fe2c/element - {"using":"xpath","value":"//span[contains(text(), \"TBS - Time based standard\")]"}
COMMAND: GET /session/9f4c84e4ae75e749cefc69cbdd96fe2c/screenshot - {}
RESULT: {"using":"xpath","value":"//span[contains(text(), \"TBS - Time based standard\")]"}
COMMAND: POST /session/9f4c84e4ae75e749cefc69cbdd96fe2c/element/f.92C64C74BFFB4A8B431616FE9F273F76.d.A0713E71415FACECE42E4DCD146944D3.e.20046/click - {}
RESULT: {}
RESULT: {}
COMMAND: POST /session/9f4c84e4ae75e749cefc69cbdd96fe2c/execute/async - {"script":"<script> [1562 bytes]","args":[{"selector":{"id":"application-managepricingrules-display-component---newInfoPriceItem--calcBase-arrow"},"wdio_ui5_key":"applicationmanagepricingrules-display-component---newInfoPriceItem--calcBase-arrow"}]}
COMMAND: GET /session/9f4c84e4ae75e749cefc69cbdd96fe2c/screenshot - {}
RESULT: {"script":"<script> [1562 bytes]","args":[{"selector":{"id":"application-managepricingrules-display-component---newInfoPriceItem--calcBase-arrow"},"wdio_ui5_key":"applicationmanagepricingrules-display-component---newInfoPriceItem--calcBase-arrow"}]}
RESULT: undefined
COMMAND: POST /session/9f4c84e4ae75e749cefc69cbdd96fe2c/element - {"using":"xpath","value":"//*[@id=\"application-managepricingrules-display-component---newInfoPriceItem--calcBase-arrow\"]"}
RESULT: {}
RESULT: {"using":"xpath","value":"//*[@id=\"application-managepricingrules-display-component---newInfoPriceItem--calcBase-arrow\"]"}
COMMAND: POST /session/9f4c84e4ae75e749cefc69cbdd96fe2c/element/f.92C64C74BFFB4A8B431616FE9F273F76.d.A0713E71415FACECE42E4DCD146944D3.e.20015/click - {}
RESULT: {}
COMMAND: GET /session/9f4c84e4ae75e749cefc69cbdd96fe2c/screenshot - {}
RESULT: {}
COMMAND: POST /session/9f4c84e4ae75e749cefc69cbdd96fe2c/element - {"using":"xpath","value":"//span[contains(text(), \"0006 - TB(calendar days)\")]"}
RESULT: {"using":"xpath","value":"//span[contains(text(), \"0006 - TB(calendar days)\")]"}
COMMAND: POST /session/9f4c84e4ae75e749cefc69cbdd96fe2c/element/f.92C64C74BFFB4A8B431616FE9F273F76.d.A0713E71415FACECE42E4DCD146944D3.e.20047/click - {}
RESULT: {}
COMMAND: GET /session/9f4c84e4ae75e749cefc69cbdd96fe2c/screenshot - {}
RESULT: {}
COMMAND: POST /session/9f4c84e4ae75e749cefc69cbdd96fe2c/execute/async - {"script":"<script> [1562 bytes]","args":[{"selector":{"id":"application-managepricingrules-display-component---newInfoPriceItem--daysMonth","interaction":{"idSuffix":"inner"}},"wdio_ui5_key":"applicationmanagepricingrules-display-component---newInfoPriceItem--daysMonth"}]}
RESULT: {"script":"<script> [1562 bytes]","args":[{"selector":{"id":"application-managepricingrules-display-component---newInfoPriceItem--daysMonth","interaction":{"idSuffix":"inner"}},"wdio_ui5_key":"applicationmanagepricingrules-display-component---newInfoPriceItem--daysMonth"}]}
RESULT: undefined
COMMAND: POST /session/9f4c84e4ae75e749cefc69cbdd96fe2c/execute/async - {"script":"<script> [776 bytes]","args":[{"enterText":"30","selector":{"id":"application-managepricingrules-display-component---newInfoPriceItem--daysMonth","interaction":{"idSuffix":"inner"}},"clearTextFirst":true,"interactionType":"ENTER_TEXT"}]}
RESULT: {"script":"<script> [776 bytes]","args":[{"enterText":"30","selector":{"id":"application-managepricingrules-display-component---newInfoPriceItem--daysMonth","interaction":{"idSuffix":"inner"}},"clearTextFirst":true,"interactionType":"ENTER_TEXT"}]}
COMMAND: POST /session/9f4c84e4ae75e749cefc69cbdd96fe2c/element - {"using":"xpath","value":"//button[@data-kt=\"saveNewRuleButton\"]"}
RESULT: {"using":"xpath","value":"//button[@data-kt=\"saveNewRuleButton\"]"}
COMMAND: POST /session/9f4c84e4ae75e749cefc69cbdd96fe2c/element/f.92C64C74BFFB4A8B431616FE9F273F76.d.A0713E71415FACECE42E4DCD146944D3.e.20030/click - {}
RESULT: {}
COMMAND: GET /session/9f4c84e4ae75e749cefc69cbdd96fe2c/screenshot - {}
RESULT: {}
COMMAND: POST /session/9f4c84e4ae75e749cefc69cbdd96fe2c/execute/async - {"script":"<script> [1562 bytes]","args":[{"selector":{"id":"application-managepricingrules-display-component---priceInfoItem--smartFilterBar-btnBasicSearch","interaction":{"idSuffix":"I"}},"wdio_ui5_key":"applicationmanagepricingrules-display-component---priceInfoItem--smartFilterBar-btnBasicSearch"}]}
RESULT: {"script":"<script> [1562 bytes]","args":[{"selector":{"id":"application-managepricingrules-display-component---priceInfoItem--smartFilterBar-btnBasicSearch","interaction":{"idSuffix":"I"}},"wdio_ui5_key":"applicationmanagepricingrules-display-component---priceInfoItem--smartFilterBar-btnBasicSearch"}]}
RESULT: undefined
COMMAND: POST /session/9f4c84e4ae75e749cefc69cbdd96fe2c/execute/async - {"script":"<script> [776 bytes]","args":[{"enterText":"M5iXfaKE9l","selector":{"id":"application-managepricingrules-display-component---priceInfoItem--smartFilterBar-btnBasicSearch","interaction":{"idSuffix":"I"}},"clearTextFirst":true,"interactionType":"ENTER_TEXT"}]}
RESULT: {"script":"<script> [776 bytes]","args":[{"enterText":"M5iXfaKE9l","selector":{"id":"application-managepricingrules-display-component---priceInfoItem--smartFilterBar-btnBasicSearch","interaction":{"idSuffix":"I"}},"clearTextFirst":true,"interactionType":"ENTER_TEXT"}]}
COMMAND: POST /session/9f4c84e4ae75e749cefc69cbdd96fe2c/actions - {"actions":[{"id":"action71","type":"key","parameters":{},"actions":[{"type":"keyDown","value":""},{"type":"pause","duration":10},{"type":"keyUp","value":""}]}]}
RESULT: {"actions":[{"id":"action71","type":"key","parameters":{},"actions":[{"type":"keyDown","value":""},{"type":"pause","duration":10},{"type":"keyUp","value":""}]}]}
COMMAND: GET /session/9f4c84e4ae75e749cefc69cbdd96fe2c/screenshot - {}
RESULT: {}
COMMAND: POST /session/9f4c84e4ae75e749cefc69cbdd96fe2c/element - {"using":"xpath","value":"//span[@id=\"application-managepricingrules-display-component---priceInfoItem--smartTable-header-inner\"]"}
RESULT: {"using":"xpath","value":"//span[@id=\"application-managepricingrules-display-component---priceInfoItem--smartTable-header-inner\"]"}
COMMAND: POST /session/9f4c84e4ae75e749cefc69cbdd96fe2c/elements - {"using":"xpath","value":"//span[@id=\"application-managepricingrules-display-component---priceInfoItem--smartTable-header-inner\"]"}
RESULT: {"using":"xpath","value":"//span[@id=\"application-managepricingrules-display-component---priceInfoItem--smartTable-header-inner\"]"}
COMMAND: POST /session/9f4c84e4ae75e749cefc69cbdd96fe2c/execute/sync - {"script":"<script> [56 bytes]","args":[{"element-6066-11e4-a52e-4f735466cecf":"f.92C64C74BFFB4A8B431616FE9F273F76.d.A0713E71415FACECE42E4DCD146944D3.e.20060","ELEMENT":"f.92C64C74BFFB4A8B431616FE9F273F76.d.A0713E71415FACECE42E4DCD146944D3.e.20060"}]}
RESULT: {"script":"<script> [56 bytes]","args":[{"element-6066-11e4-a52e-4f735466cecf":"f.92C64C74BFFB4A8B431616FE9F273F76.d.A0713E71415FACECE42E4DCD146944D3.e.20060","ELEMENT":"f.92C64C74BFFB4A8B431616FE9F273F76.d.A0713E71415FACECE42E4DCD146944D3.e.20060"}]}
COMMAND: POST /session/9f4c84e4ae75e749cefc69cbdd96fe2c/element - {"using":"css selector","value":"#shell-header-logo"}
COMMAND: GET /session/9f4c84e4ae75e749cefc69cbdd96fe2c/screenshot - {}
RESULT: {"using":"css selector","value":"#shell-header-logo"}
COMMAND: POST /session/9f4c84e4ae75e749cefc69cbdd96fe2c/element/f.92C64C74BFFB4A8B431616FE9F273F76.d.A0713E71415FACECE42E4DCD146944D3.e.19036/click - {}
RESULT: {}
RESULT: {}
COMMAND: GET /session/9f4c84e4ae75e749cefc69cbdd96fe2c/screenshot - {}
RESULT: {}
]]></system-out>
    </testcase>
    <testcase classname="chrome.136_0_7103_93.windows.Billing_Calculation_-_Time_based_(considering_transport_times)_US139738" name="Should create new pricing condition for the equipment" time="66.795">
      <system-out><![CDATA[
COMMAND: POST /session/9f4c84e4ae75e749cefc69cbdd96fe2c/execute/async - {"script":"<script> [1562 bytes]","args":[{"selector":{"controlType":"sap.m.GenericTile","properties":{"header":"Manage Conditions & Prices"}},"wdio_ui5_key":"sapm.GenericTile{\"header\":\"Manage Conditions & Prices\"}"}]}
RESULT: {"script":"<script> [1562 bytes]","args":[{"selector":{"controlType":"sap.m.GenericTile","properties":{"header":"Manage Conditions & Prices"}},"wdio_ui5_key":"sapm.GenericTile{\"header\":\"Manage Conditions & Prices\"}"}]}
RESULT: undefined
COMMAND: POST /session/9f4c84e4ae75e749cefc69cbdd96fe2c/element - {"using":"xpath","value":"//*[@id=\"__tile53\"]"}
RESULT: {"using":"xpath","value":"//*[@id=\"__tile53\"]"}
COMMAND: POST /session/9f4c84e4ae75e749cefc69cbdd96fe2c/element/f.92C64C74BFFB4A8B431616FE9F273F76.d.A0713E71415FACECE42E4DCD146944D3.e.19105/click - {}
RESULT: {}
COMMAND: GET /session/9f4c84e4ae75e749cefc69cbdd96fe2c/screenshot - {}
RESULT: {}
COMMAND: POST /session/9f4c84e4ae75e749cefc69cbdd96fe2c/elements - {"using":"xpath","value":"//span[text()='Error']"}
RESULT: {"using":"xpath","value":"//span[text()='Error']"}
COMMAND: POST /session/9f4c84e4ae75e749cefc69cbdd96fe2c/element - {"using":"xpath","value":"//button[@aria-label=\"Create\"]"}
RESULT: {"using":"xpath","value":"//button[@aria-label=\"Create\"]"}
COMMAND: POST /session/9f4c84e4ae75e749cefc69cbdd96fe2c/elements - {"using":"xpath","value":"//button[@aria-label=\"Create\"]"}
RESULT: {"using":"xpath","value":"//button[@aria-label=\"Create\"]"}
COMMAND: POST /session/9f4c84e4ae75e749cefc69cbdd96fe2c/execute/sync - {"script":"<script> [8489 bytes]","args":[{"element-6066-11e4-a52e-4f735466cecf":"f.92C64C74BFFB4A8B431616FE9F273F76.d.A0713E71415FACECE42E4DCD146944D3.e.20095","ELEMENT":"f.92C64C74BFFB4A8B431616FE9F273F76.d.A0713E71415FACECE42E4DCD146944D3.e.20095"}]}
RESULT: {"script":"<script> [8489 bytes]","args":[{"element-6066-11e4-a52e-4f735466cecf":"f.92C64C74BFFB4A8B431616FE9F273F76.d.A0713E71415FACECE42E4DCD146944D3.e.20095","ELEMENT":"f.92C64C74BFFB4A8B431616FE9F273F76.d.A0713E71415FACECE42E4DCD146944D3.e.20095"}]}
COMMAND: GET /session/9f4c84e4ae75e749cefc69cbdd96fe2c/element/f.92C64C74BFFB4A8B431616FE9F273F76.d.A0713E71415FACECE42E4DCD146944D3.e.20095/enabled - {}
COMMAND: GET /session/9f4c84e4ae75e749cefc69cbdd96fe2c/screenshot - {}
RESULT: {}
COMMAND: POST /session/9f4c84e4ae75e749cefc69cbdd96fe2c/execute/sync - {"script":"<script> [8489 bytes]","args":[{"element-6066-11e4-a52e-4f735466cecf":"f.92C64C74BFFB4A8B431616FE9F273F76.d.A0713E71415FACECE42E4DCD146944D3.e.20095","ELEMENT":"f.92C64C74BFFB4A8B431616FE9F273F76.d.A0713E71415FACECE42E4DCD146944D3.e.20095"}]}
COMMAND: GET /session/9f4c84e4ae75e749cefc69cbdd96fe2c/screenshot - {}
RESULT: {}
RESULT: {"script":"<script> [8489 bytes]","args":[{"element-6066-11e4-a52e-4f735466cecf":"f.92C64C74BFFB4A8B431616FE9F273F76.d.A0713E71415FACECE42E4DCD146944D3.e.20095","ELEMENT":"f.92C64C74BFFB4A8B431616FE9F273F76.d.A0713E71415FACECE42E4DCD146944D3.e.20095"}]}
COMMAND: POST /session/9f4c84e4ae75e749cefc69cbdd96fe2c/execute/sync - {"script":"<script> [5351 bytes]","args":[{"element-6066-11e4-a52e-4f735466cecf":"f.92C64C74BFFB4A8B431616FE9F273F76.d.A0713E71415FACECE42E4DCD146944D3.e.20095","ELEMENT":"f.92C64C74BFFB4A8B431616FE9F273F76.d.A0713E71415FACECE42E4DCD146944D3.e.20095"}]}
COMMAND: GET /session/9f4c84e4ae75e749cefc69cbdd96fe2c/screenshot - {}
RESULT: {}
RESULT: {"script":"<script> [5351 bytes]","args":[{"element-6066-11e4-a52e-4f735466cecf":"f.92C64C74BFFB4A8B431616FE9F273F76.d.A0713E71415FACECE42E4DCD146944D3.e.20095","ELEMENT":"f.92C64C74BFFB4A8B431616FE9F273F76.d.A0713E71415FACECE42E4DCD146944D3.e.20095"}]}
COMMAND: POST /session/9f4c84e4ae75e749cefc69cbdd96fe2c/element/f.92C64C74BFFB4A8B431616FE9F273F76.d.A0713E71415FACECE42E4DCD146944D3.e.20095/click - {}
COMMAND: GET /session/9f4c84e4ae75e749cefc69cbdd96fe2c/screenshot - {}
RESULT: {}
RESULT: {}
COMMAND: GET /session/9f4c84e4ae75e749cefc69cbdd96fe2c/screenshot - {}
RESULT: {}
RESULT: {}
COMMAND: POST /session/9f4c84e4ae75e749cefc69cbdd96fe2c/actions - {"actions":[{"id":"action72","type":"key","parameters":{},"actions":[{"type":"keyDown","value":""},{"type":"pause","duration":10},{"type":"keyUp","value":""}]}]}
RESULT: {"actions":[{"id":"action72","type":"key","parameters":{},"actions":[{"type":"keyDown","value":""},{"type":"pause","duration":10},{"type":"keyUp","value":""}]}]}
COMMAND: GET /session/9f4c84e4ae75e749cefc69cbdd96fe2c/screenshot - {}
RESULT: {}
COMMAND: POST /session/9f4c84e4ae75e749cefc69cbdd96fe2c/execute/async - {"script":"<script> [1562 bytes]","args":[{"selector":{"id":"application-manageconditionprice-display-component---newCondition--condBillCond-arrow"},"wdio_ui5_key":"applicationmanageconditionprice-display-component---newCondition--condBillCond-arrow"}]}
RESULT: {"script":"<script> [1562 bytes]","args":[{"selector":{"id":"application-manageconditionprice-display-component---newCondition--condBillCond-arrow"},"wdio_ui5_key":"applicationmanageconditionprice-display-component---newCondition--condBillCond-arrow"}]}
RESULT: undefined
COMMAND: POST /session/9f4c84e4ae75e749cefc69cbdd96fe2c/element - {"using":"xpath","value":"//*[@id=\"application-manageconditionprice-display-component---newCondition--condBillCond-arrow\"]"}
RESULT: {"using":"xpath","value":"//*[@id=\"application-manageconditionprice-display-component---newCondition--condBillCond-arrow\"]"}
COMMAND: POST /session/9f4c84e4ae75e749cefc69cbdd96fe2c/element/f.92C64C74BFFB4A8B431616FE9F273F76.d.A0713E71415FACECE42E4DCD146944D3.e.20275/click - {}
RESULT: {}
COMMAND: GET /session/9f4c84e4ae75e749cefc69cbdd96fe2c/screenshot - {}
RESULT: {}
COMMAND: POST /session/9f4c84e4ae75e749cefc69cbdd96fe2c/element - {"using":"xpath","value":"//li[.//span[contains(text(), \"DISP - D&I special price\")]]"}
RESULT: {"using":"xpath","value":"//li[.//span[contains(text(), \"DISP - D&I special price\")]]"}
COMMAND: POST /session/9f4c84e4ae75e749cefc69cbdd96fe2c/element/f.92C64C74BFFB4A8B431616FE9F273F76.d.A0713E71415FACECE42E4DCD146944D3.e.20278/click - {}
RESULT: {}
COMMAND: GET /session/9f4c84e4ae75e749cefc69cbdd96fe2c/screenshot - {}
RESULT: {}
COMMAND: POST /session/9f4c84e4ae75e749cefc69cbdd96fe2c/execute/async - {"script":"<script> [1562 bytes]","args":[{"selector":{"id":"application-manageconditionprice-display-component---newCondition--condValidTo","interaction":{"idSuffix":"inner"}},"wdio_ui5_key":"applicationmanageconditionprice-display-component---newCondition--condValidTo"}]}
RESULT: {"script":"<script> [1562 bytes]","args":[{"selector":{"id":"application-manageconditionprice-display-component---newCondition--condValidTo","interaction":{"idSuffix":"inner"}},"wdio_ui5_key":"applicationmanageconditionprice-display-component---newCondition--condValidTo"}]}
RESULT: undefined
COMMAND: POST /session/9f4c84e4ae75e749cefc69cbdd96fe2c/execute/async - {"script":"<script> [776 bytes]","args":[{"enterText":"1/28/26","selector":{"id":"application-manageconditionprice-display-component---newCondition--condValidTo","interaction":{"idSuffix":"inner"}},"clearTextFirst":true,"interactionType":"ENTER_TEXT"}]}
RESULT: {"script":"<script> [776 bytes]","args":[{"enterText":"1/28/26","selector":{"id":"application-manageconditionprice-display-component---newCondition--condValidTo","interaction":{"idSuffix":"inner"}},"clearTextFirst":true,"interactionType":"ENTER_TEXT"}]}
COMMAND: POST /session/9f4c84e4ae75e749cefc69cbdd96fe2c/element - {"using":"xpath","value":"//input[@id=\"application-manageconditionprice-display-component---newCondition--condRU-inner\"]"}
RESULT: {"using":"xpath","value":"//input[@id=\"application-manageconditionprice-display-component---newCondition--condRU-inner\"]"}
COMMAND: POST /session/9f4c84e4ae75e749cefc69cbdd96fe2c/element/f.92C64C74BFFB4A8B431616FE9F273F76.d.A0713E71415FACECE42E4DCD146944D3.e.20140/clear - {}
RESULT: {}
COMMAND: POST /session/9f4c84e4ae75e749cefc69cbdd96fe2c/element/f.92C64C74BFFB4A8B431616FE9F273F76.d.A0713E71415FACECE42E4DCD146944D3.e.20140/value - {"text":"M5iXfaKE9l"}
COMMAND: GET /session/9f4c84e4ae75e749cefc69cbdd96fe2c/screenshot - {}
RESULT: {"text":"M5iXfaKE9l"}
COMMAND: GET /session/9f4c84e4ae75e749cefc69cbdd96fe2c/screenshot - {}
RESULT: {}
RESULT: {}
COMMAND: POST /session/9f4c84e4ae75e749cefc69cbdd96fe2c/actions - {"actions":[{"id":"action73","type":"key","parameters":{},"actions":[{"type":"keyDown","value":""},{"type":"pause","duration":10},{"type":"keyUp","value":""}]}]}
RESULT: {"actions":[{"id":"action73","type":"key","parameters":{},"actions":[{"type":"keyDown","value":""},{"type":"pause","duration":10},{"type":"keyUp","value":""}]}]}
COMMAND: POST /session/9f4c84e4ae75e749cefc69cbdd96fe2c/execute/async - {"script":"<script> [1562 bytes]","args":[{"selector":{"id":"application-manageconditionprice-display-component---newCondition--condBaseQty","interaction":{"idSuffix":"inner"}},"wdio_ui5_key":"applicationmanageconditionprice-display-component---newCondition--condBaseQty"}]}
COMMAND: GET /session/9f4c84e4ae75e749cefc69cbdd96fe2c/screenshot - {}
RESULT: {"script":"<script> [1562 bytes]","args":[{"selector":{"id":"application-manageconditionprice-display-component---newCondition--condBaseQty","interaction":{"idSuffix":"inner"}},"wdio_ui5_key":"applicationmanageconditionprice-display-component---newCondition--condBaseQty"}]}
RESULT: undefined
COMMAND: POST /session/9f4c84e4ae75e749cefc69cbdd96fe2c/execute/async - {"script":"<script> [776 bytes]","args":[{"enterText":"1","selector":{"id":"application-manageconditionprice-display-component---newCondition--condBaseQty","interaction":{"idSuffix":"inner"}},"clearTextFirst":true,"interactionType":"ENTER_TEXT"}]}
RESULT: {}
RESULT: {"script":"<script> [776 bytes]","args":[{"enterText":"1","selector":{"id":"application-manageconditionprice-display-component---newCondition--condBaseQty","interaction":{"idSuffix":"inner"}},"clearTextFirst":true,"interactionType":"ENTER_TEXT"}]}
COMMAND: POST /session/9f4c84e4ae75e749cefc69cbdd96fe2c/execute/async - {"script":"<script> [1562 bytes]","args":[{"selector":{"id":"application-manageconditionprice-display-component---newCondition--condValue","interaction":{"idSuffix":"inner"}},"wdio_ui5_key":"applicationmanageconditionprice-display-component---newCondition--condValue"}]}
RESULT: {"script":"<script> [1562 bytes]","args":[{"selector":{"id":"application-manageconditionprice-display-component---newCondition--condValue","interaction":{"idSuffix":"inner"}},"wdio_ui5_key":"applicationmanageconditionprice-display-component---newCondition--condValue"}]}
RESULT: undefined
COMMAND: POST /session/9f4c84e4ae75e749cefc69cbdd96fe2c/execute/async - {"script":"<script> [776 bytes]","args":[{"enterText":"100","selector":{"id":"application-manageconditionprice-display-component---newCondition--condValue","interaction":{"idSuffix":"inner"}},"clearTextFirst":true,"interactionType":"ENTER_TEXT"}]}
RESULT: {"script":"<script> [776 bytes]","args":[{"enterText":"100","selector":{"id":"application-manageconditionprice-display-component---newCondition--condValue","interaction":{"idSuffix":"inner"}},"clearTextFirst":true,"interactionType":"ENTER_TEXT"}]}
COMMAND: POST /session/9f4c84e4ae75e749cefc69cbdd96fe2c/execute/async - {"script":"<script> [1562 bytes]","args":[{"selector":{"id":"application-manageconditionprice-display-component---newCondition--condCurr-arrow"},"wdio_ui5_key":"applicationmanageconditionprice-display-component---newCondition--condCurr-arrow"}]}
RESULT: {"script":"<script> [1562 bytes]","args":[{"selector":{"id":"application-manageconditionprice-display-component---newCondition--condCurr-arrow"},"wdio_ui5_key":"applicationmanageconditionprice-display-component---newCondition--condCurr-arrow"}]}
RESULT: undefined
COMMAND: POST /session/9f4c84e4ae75e749cefc69cbdd96fe2c/element - {"using":"xpath","value":"//*[@id=\"application-manageconditionprice-display-component---newCondition--condCurr-arrow\"]"}
RESULT: {"using":"xpath","value":"//*[@id=\"application-manageconditionprice-display-component---newCondition--condCurr-arrow\"]"}
COMMAND: POST /session/9f4c84e4ae75e749cefc69cbdd96fe2c/element/f.92C64C74BFFB4A8B431616FE9F273F76.d.A0713E71415FACECE42E4DCD146944D3.e.20257/click - {}
RESULT: {}
COMMAND: POST /session/9f4c84e4ae75e749cefc69cbdd96fe2c/element - {"using":"xpath","value":"//span[contains(text(), \"Euro\")]"}
COMMAND: GET /session/9f4c84e4ae75e749cefc69cbdd96fe2c/screenshot - {}
RESULT: {"using":"xpath","value":"//span[contains(text(), \"Euro\")]"}
COMMAND: POST /session/9f4c84e4ae75e749cefc69cbdd96fe2c/element/f.92C64C74BFFB4A8B431616FE9F273F76.d.A0713E71415FACECE42E4DCD146944D3.e.20315/click - {}
RESULT: {}
RESULT: {}
COMMAND: POST /session/9f4c84e4ae75e749cefc69cbdd96fe2c/element - {"using":"xpath","value":"//button[@data-kt=\"saveButton\"]"}
COMMAND: GET /session/9f4c84e4ae75e749cefc69cbdd96fe2c/screenshot - {}
RESULT: {"using":"xpath","value":"//button[@data-kt=\"saveButton\"]"}
COMMAND: POST /session/9f4c84e4ae75e749cefc69cbdd96fe2c/element/f.92C64C74BFFB4A8B431616FE9F273F76.d.A0713E71415FACECE42E4DCD146944D3.e.20258/click - {}
RESULT: {}
RESULT: {}
COMMAND: GET /session/9f4c84e4ae75e749cefc69cbdd96fe2c/screenshot - {}
RESULT: {}
COMMAND: POST /session/9f4c84e4ae75e749cefc69cbdd96fe2c/execute/async - {"script":"<script> [1562 bytes]","args":[{"selector":{"id":"application-manageconditionprice-display-component---conditions--smartFilterBar-btnBasicSearch","interaction":{"idSuffix":"I"}},"wdio_ui5_key":"applicationmanageconditionprice-display-component---conditions--smartFilterBar-btnBasicSearch"}]}
RESULT: {"script":"<script> [1562 bytes]","args":[{"selector":{"id":"application-manageconditionprice-display-component---conditions--smartFilterBar-btnBasicSearch","interaction":{"idSuffix":"I"}},"wdio_ui5_key":"applicationmanageconditionprice-display-component---conditions--smartFilterBar-btnBasicSearch"}]}
RESULT: undefined
COMMAND: POST /session/9f4c84e4ae75e749cefc69cbdd96fe2c/execute/async - {"script":"<script> [776 bytes]","args":[{"enterText":"M5iXfaKE9l","selector":{"id":"application-manageconditionprice-display-component---conditions--smartFilterBar-btnBasicSearch","interaction":{"idSuffix":"I"}},"clearTextFirst":true,"interactionType":"ENTER_TEXT"}]}
RESULT: {"script":"<script> [776 bytes]","args":[{"enterText":"M5iXfaKE9l","selector":{"id":"application-manageconditionprice-display-component---conditions--smartFilterBar-btnBasicSearch","interaction":{"idSuffix":"I"}},"clearTextFirst":true,"interactionType":"ENTER_TEXT"}]}
COMMAND: POST /session/9f4c84e4ae75e749cefc69cbdd96fe2c/actions - {"actions":[{"id":"action74","type":"key","parameters":{},"actions":[{"type":"keyDown","value":""},{"type":"pause","duration":10},{"type":"keyUp","value":""}]}]}
RESULT: {"actions":[{"id":"action74","type":"key","parameters":{},"actions":[{"type":"keyDown","value":""},{"type":"pause","duration":10},{"type":"keyUp","value":""}]}]}
COMMAND: GET /session/9f4c84e4ae75e749cefc69cbdd96fe2c/screenshot - {}
RESULT: {}
COMMAND: POST /session/9f4c84e4ae75e749cefc69cbdd96fe2c/execute/async - {"script":"<script> [1562 bytes]","args":[{"selector":{"id":"application-manageconditionprice-display-component---conditions--smartFilterBar-filterItemControl_BASIC-BILL_TYPES-vhi"},"wdio_ui5_key":"applicationmanageconditionprice-display-component---conditions--smartFilterBar-filterItemControl_BASIC-BILL_TYPES-vhi"}]}
RESULT: {"script":"<script> [1562 bytes]","args":[{"selector":{"id":"application-manageconditionprice-display-component---conditions--smartFilterBar-filterItemControl_BASIC-BILL_TYPES-vhi"},"wdio_ui5_key":"applicationmanageconditionprice-display-component---conditions--smartFilterBar-filterItemControl_BASIC-BILL_TYPES-vhi"}]}
RESULT: undefined
COMMAND: POST /session/9f4c84e4ae75e749cefc69cbdd96fe2c/element - {"using":"xpath","value":"//*[@id=\"application-manageconditionprice-display-component---conditions--smartFilterBar-filterItemControl_BASIC-BILL_TYPES-vhi\"]"}
RESULT: {"using":"xpath","value":"//*[@id=\"application-manageconditionprice-display-component---conditions--smartFilterBar-filterItemControl_BASIC-BILL_TYPES-vhi\"]"}
COMMAND: POST /session/9f4c84e4ae75e749cefc69cbdd96fe2c/element/f.92C64C74BFFB4A8B431616FE9F273F76.d.A0713E71415FACECE42E4DCD146944D3.e.20422/click - {}
RESULT: {}
COMMAND: POST /session/9f4c84e4ae75e749cefc69cbdd96fe2c/execute/async - {"script":"<script> [1562 bytes]","args":[{"selector":{"id":"application-manageconditionprice-display-component---conditions--smartFilterBar-filterItemControl_BASIC-BILL_TYPES-valueHelpDialog-smartFilterBar-btnBasicSearch","searchOpenDialogs":true,"interaction":{"idSuffix":"I"}},"wdio_ui5_key":"applicationmanageconditionprice-display-component---conditions--smartFilterBar-filterItemControl_BASIC-BILL_TYPES-valueHelpDialog-smartFilterBar-btnBasicSearch"}]}
COMMAND: GET /session/9f4c84e4ae75e749cefc69cbdd96fe2c/screenshot - {}
RESULT: {"script":"<script> [1562 bytes]","args":[{"selector":{"id":"application-manageconditionprice-display-component---conditions--smartFilterBar-filterItemControl_BASIC-BILL_TYPES-valueHelpDialog-smartFilterBar-btnBasicSearch","searchOpenDialogs":true,"interaction":{"idSuffix":"I"}},"wdio_ui5_key":"applicationmanageconditionprice-display-component---conditions--smartFilterBar-filterItemControl_BASIC-BILL_TYPES-valueHelpDialog-smartFilterBar-btnBasicSearch"}]}
RESULT: undefined
COMMAND: POST /session/9f4c84e4ae75e749cefc69cbdd96fe2c/execute/async - {"script":"<script> [776 bytes]","args":[{"enterText":"TB","selector":{"id":"application-manageconditionprice-display-component---conditions--smartFilterBar-filterItemControl_BASIC-BILL_TYPES-valueHelpDialog-smartFilterBar-btnBasicSearch","searchOpenDialogs":true,"interaction":{"idSuffix":"I"}},"clearTextFirst":true,"interactionType":"ENTER_TEXT"}]}
RESULT: {}
RESULT: {"script":"<script> [776 bytes]","args":[{"enterText":"TB","selector":{"id":"application-manageconditionprice-display-component---conditions--smartFilterBar-filterItemControl_BASIC-BILL_TYPES-valueHelpDialog-smartFilterBar-btnBasicSearch","searchOpenDialogs":true,"interaction":{"idSuffix":"I"}},"clearTextFirst":true,"interactionType":"ENTER_TEXT"}]}
COMMAND: POST /session/9f4c84e4ae75e749cefc69cbdd96fe2c/actions - {"actions":[{"id":"action75","type":"key","parameters":{},"actions":[{"type":"keyDown","value":""},{"type":"pause","duration":10},{"type":"keyUp","value":""}]}]}
RESULT: {"actions":[{"id":"action75","type":"key","parameters":{},"actions":[{"type":"keyDown","value":""},{"type":"pause","duration":10},{"type":"keyUp","value":""}]}]}
COMMAND: GET /session/9f4c84e4ae75e749cefc69cbdd96fe2c/screenshot - {}
RESULT: {}
COMMAND: POST /session/9f4c84e4ae75e749cefc69cbdd96fe2c/element - {"using":"xpath","value":"//div[contains(@id, 'application-manageconditionprice-display-component---conditions--smartFilterBar-filterItemControl_BASIC-BILL_TYPES-valueHelpDialog-table-rowsel0')]"}
RESULT: {"using":"xpath","value":"//div[contains(@id, 'application-manageconditionprice-display-component---conditions--smartFilterBar-filterItemControl_BASIC-BILL_TYPES-valueHelpDialog-table-rowsel0')]"}
COMMAND: POST /session/9f4c84e4ae75e749cefc69cbdd96fe2c/element/f.92C64C74BFFB4A8B431616FE9F273F76.d.A0713E71415FACECE42E4DCD146944D3.e.20432/click - {}
RESULT: {}
COMMAND: GET /session/9f4c84e4ae75e749cefc69cbdd96fe2c/screenshot - {}
RESULT: {}
COMMAND: POST /session/9f4c84e4ae75e749cefc69cbdd96fe2c/element - {"using":"xpath","value":"//bdi[contains(text(), \"OK\")]"}
RESULT: {"using":"xpath","value":"//bdi[contains(text(), \"OK\")]"}
COMMAND: POST /session/9f4c84e4ae75e749cefc69cbdd96fe2c/element/f.92C64C74BFFB4A8B431616FE9F273F76.d.A0713E71415FACECE42E4DCD146944D3.e.20434/click - {}
RESULT: {}
COMMAND: GET /session/9f4c84e4ae75e749cefc69cbdd96fe2c/screenshot - {}
RESULT: {}
COMMAND: POST /session/9f4c84e4ae75e749cefc69cbdd96fe2c/element - {"using":"xpath","value":"//span[@id=\"application-manageconditionprice-display-component---conditions--smartTable-header-inner\"]"}
RESULT: {"using":"xpath","value":"//span[@id=\"application-manageconditionprice-display-component---conditions--smartTable-header-inner\"]"}
COMMAND: POST /session/9f4c84e4ae75e749cefc69cbdd96fe2c/elements - {"using":"xpath","value":"//span[@id=\"application-manageconditionprice-display-component---conditions--smartTable-header-inner\"]"}
RESULT: {"using":"xpath","value":"//span[@id=\"application-manageconditionprice-display-component---conditions--smartTable-header-inner\"]"}
COMMAND: POST /session/9f4c84e4ae75e749cefc69cbdd96fe2c/execute/sync - {"script":"<script> [56 bytes]","args":[{"element-6066-11e4-a52e-4f735466cecf":"f.92C64C74BFFB4A8B431616FE9F273F76.d.A0713E71415FACECE42E4DCD146944D3.e.20437","ELEMENT":"f.92C64C74BFFB4A8B431616FE9F273F76.d.A0713E71415FACECE42E4DCD146944D3.e.20437"}]}
RESULT: {"script":"<script> [56 bytes]","args":[{"element-6066-11e4-a52e-4f735466cecf":"f.92C64C74BFFB4A8B431616FE9F273F76.d.A0713E71415FACECE42E4DCD146944D3.e.20437","ELEMENT":"f.92C64C74BFFB4A8B431616FE9F273F76.d.A0713E71415FACECE42E4DCD146944D3.e.20437"}]}
COMMAND: POST /session/9f4c84e4ae75e749cefc69cbdd96fe2c/element - {"using":"css selector","value":"#shell-header-logo"}
COMMAND: GET /session/9f4c84e4ae75e749cefc69cbdd96fe2c/screenshot - {}
RESULT: {"using":"css selector","value":"#shell-header-logo"}
COMMAND: POST /session/9f4c84e4ae75e749cefc69cbdd96fe2c/element/f.92C64C74BFFB4A8B431616FE9F273F76.d.A0713E71415FACECE42E4DCD146944D3.e.20063/click - {}
RESULT: {}
RESULT: {}
COMMAND: GET /session/9f4c84e4ae75e749cefc69cbdd96fe2c/screenshot - {}
RESULT: {}
]]></system-out>
    </testcase>
    <testcase classname="chrome.136_0_7103_93.windows.Billing_Calculation_-_Time_based_(considering_transport_times)_US139738" name="Should do a stock increase for the equipment" time="89.118">
      <system-out><![CDATA[
COMMAND: POST /session/9f4c84e4ae75e749cefc69cbdd96fe2c/execute/async - {"script":"<script> [1562 bytes]","args":[{"selector":{"controlType":"sap.m.GenericTile","properties":{"header":"Manage Handovers"}},"wdio_ui5_key":"sapm.GenericTile{\"header\":\"Manage Handovers\"}"}]}
RESULT: {"script":"<script> [1562 bytes]","args":[{"selector":{"controlType":"sap.m.GenericTile","properties":{"header":"Manage Handovers"}},"wdio_ui5_key":"sapm.GenericTile{\"header\":\"Manage Handovers\"}"}]}
RESULT: undefined
COMMAND: POST /session/9f4c84e4ae75e749cefc69cbdd96fe2c/element - {"using":"xpath","value":"//*[@id=\"__tile132\"]"}
RESULT: {"using":"xpath","value":"//*[@id=\"__tile132\"]"}
COMMAND: POST /session/9f4c84e4ae75e749cefc69cbdd96fe2c/element/f.92C64C74BFFB4A8B431616FE9F273F76.d.A0713E71415FACECE42E4DCD146944D3.e.19143/click - {}
RESULT: {}
COMMAND: GET /session/9f4c84e4ae75e749cefc69cbdd96fe2c/screenshot - {}
RESULT: {}
COMMAND: POST /session/9f4c84e4ae75e749cefc69cbdd96fe2c/elements - {"using":"xpath","value":"//span[text()='Error']"}
RESULT: {"using":"xpath","value":"//span[text()='Error']"}
COMMAND: POST /session/9f4c84e4ae75e749cefc69cbdd96fe2c/element - {"using":"xpath","value":"//button[@data-kt=\"masterHOAddButton\"]"}
RESULT: {"using":"xpath","value":"//button[@data-kt=\"masterHOAddButton\"]"}
COMMAND: POST /session/9f4c84e4ae75e749cefc69cbdd96fe2c/elements - {"using":"xpath","value":"//button[@data-kt=\"masterHOAddButton\"]"}
RESULT: {"using":"xpath","value":"//button[@data-kt=\"masterHOAddButton\"]"}
COMMAND: POST /session/9f4c84e4ae75e749cefc69cbdd96fe2c/execute/sync - {"script":"<script> [8489 bytes]","args":[{"element-6066-11e4-a52e-4f735466cecf":"f.92C64C74BFFB4A8B431616FE9F273F76.d.A0713E71415FACECE42E4DCD146944D3.e.20485","ELEMENT":"f.92C64C74BFFB4A8B431616FE9F273F76.d.A0713E71415FACECE42E4DCD146944D3.e.20485"}]}
RESULT: {"script":"<script> [8489 bytes]","args":[{"element-6066-11e4-a52e-4f735466cecf":"f.92C64C74BFFB4A8B431616FE9F273F76.d.A0713E71415FACECE42E4DCD146944D3.e.20485","ELEMENT":"f.92C64C74BFFB4A8B431616FE9F273F76.d.A0713E71415FACECE42E4DCD146944D3.e.20485"}]}
COMMAND: GET /session/9f4c84e4ae75e749cefc69cbdd96fe2c/element/f.92C64C74BFFB4A8B431616FE9F273F76.d.A0713E71415FACECE42E4DCD146944D3.e.20485/enabled - {}
COMMAND: GET /session/9f4c84e4ae75e749cefc69cbdd96fe2c/screenshot - {}
RESULT: {}
COMMAND: POST /session/9f4c84e4ae75e749cefc69cbdd96fe2c/execute/sync - {"script":"<script> [8489 bytes]","args":[{"element-6066-11e4-a52e-4f735466cecf":"f.92C64C74BFFB4A8B431616FE9F273F76.d.A0713E71415FACECE42E4DCD146944D3.e.20485","ELEMENT":"f.92C64C74BFFB4A8B431616FE9F273F76.d.A0713E71415FACECE42E4DCD146944D3.e.20485"}]}
COMMAND: GET /session/9f4c84e4ae75e749cefc69cbdd96fe2c/screenshot - {}
RESULT: {}
RESULT: {"script":"<script> [8489 bytes]","args":[{"element-6066-11e4-a52e-4f735466cecf":"f.92C64C74BFFB4A8B431616FE9F273F76.d.A0713E71415FACECE42E4DCD146944D3.e.20485","ELEMENT":"f.92C64C74BFFB4A8B431616FE9F273F76.d.A0713E71415FACECE42E4DCD146944D3.e.20485"}]}
COMMAND: POST /session/9f4c84e4ae75e749cefc69cbdd96fe2c/execute/sync - {"script":"<script> [5351 bytes]","args":[{"element-6066-11e4-a52e-4f735466cecf":"f.92C64C74BFFB4A8B431616FE9F273F76.d.A0713E71415FACECE42E4DCD146944D3.e.20485","ELEMENT":"f.92C64C74BFFB4A8B431616FE9F273F76.d.A0713E71415FACECE42E4DCD146944D3.e.20485"}]}
COMMAND: GET /session/9f4c84e4ae75e749cefc69cbdd96fe2c/screenshot - {}
RESULT: {}
RESULT: {"script":"<script> [5351 bytes]","args":[{"element-6066-11e4-a52e-4f735466cecf":"f.92C64C74BFFB4A8B431616FE9F273F76.d.A0713E71415FACECE42E4DCD146944D3.e.20485","ELEMENT":"f.92C64C74BFFB4A8B431616FE9F273F76.d.A0713E71415FACECE42E4DCD146944D3.e.20485"}]}
COMMAND: POST /session/9f4c84e4ae75e749cefc69cbdd96fe2c/element/f.92C64C74BFFB4A8B431616FE9F273F76.d.A0713E71415FACECE42E4DCD146944D3.e.20485/click - {}
COMMAND: GET /session/9f4c84e4ae75e749cefc69cbdd96fe2c/screenshot - {}
RESULT: {}
RESULT: {}
COMMAND: GET /session/9f4c84e4ae75e749cefc69cbdd96fe2c/screenshot - {}
RESULT: {}
RESULT: {}
COMMAND: POST /session/9f4c84e4ae75e749cefc69cbdd96fe2c/element - {"using":"xpath","value":"//span[contains(@id ,\"AddNewHO--typeSelect-arrow\")]"}
RESULT: {"using":"xpath","value":"//span[contains(@id ,\"AddNewHO--typeSelect-arrow\")]"}
COMMAND: POST /session/9f4c84e4ae75e749cefc69cbdd96fe2c/element/f.92C64C74BFFB4A8B431616FE9F273F76.d.A0713E71415FACECE42E4DCD146944D3.e.20817/click - {}
RESULT: {}
COMMAND: GET /session/9f4c84e4ae75e749cefc69cbdd96fe2c/screenshot - {}
RESULT: {}
COMMAND: POST /session/9f4c84e4ae75e749cefc69cbdd96fe2c/element - {"using":"xpath","value":"(//li[contains(text(), \"stock increase yard\")])[1]"}
RESULT: {"using":"xpath","value":"(//li[contains(text(), \"stock increase yard\")])[1]"}
COMMAND: POST /session/9f4c84e4ae75e749cefc69cbdd96fe2c/element/f.92C64C74BFFB4A8B431616FE9F273F76.d.A0713E71415FACECE42E4DCD146944D3.e.20818/click - {}
RESULT: {}
COMMAND: GET /session/9f4c84e4ae75e749cefc69cbdd96fe2c/screenshot - {}
RESULT: {}
COMMAND: POST /session/9f4c84e4ae75e749cefc69cbdd96fe2c/execute/async - {"script":"<script> [1562 bytes]","args":[{"selector":{"id":"application-managehandovers-display-component---AddNewHO--dueDate","interaction":{"idSuffix":"inner"}},"wdio_ui5_key":"applicationmanagehandovers-display-component---AddNewHO--dueDate"}]}
RESULT: {"script":"<script> [1562 bytes]","args":[{"selector":{"id":"application-managehandovers-display-component---AddNewHO--dueDate","interaction":{"idSuffix":"inner"}},"wdio_ui5_key":"applicationmanagehandovers-display-component---AddNewHO--dueDate"}]}
RESULT: undefined
COMMAND: POST /session/9f4c84e4ae75e749cefc69cbdd96fe2c/execute/async - {"script":"<script> [6424 bytes]","args":[{"element-6066-11e4-a52e-4f735466cecf":"f.92C64C74BFFB4A8B431616FE9F273F76.d.A0713E71415FACECE42E4DCD146944D3.e.20822"},"setValue",["5/28/25"]]}
RESULT: {"script":"<script> [6424 bytes]","args":[{"element-6066-11e4-a52e-4f735466cecf":"f.92C64C74BFFB4A8B431616FE9F273F76.d.A0713E71415FACECE42E4DCD146944D3.e.20822"},"setValue",["5/28/25"]]}
COMMAND: POST /session/9f4c84e4ae75e749cefc69cbdd96fe2c/element - {"using":"xpath","value":"//input[@id=\"generalSectionFrg--receiveYard-inner\"]"}
RESULT: {"using":"xpath","value":"//input[@id=\"generalSectionFrg--receiveYard-inner\"]"}
COMMAND: POST /session/9f4c84e4ae75e749cefc69cbdd96fe2c/element/f.92C64C74BFFB4A8B431616FE9F273F76.d.A0713E71415FACECE42E4DCD146944D3.e.20828/clear - {}
RESULT: {}
COMMAND: POST /session/9f4c84e4ae75e749cefc69cbdd96fe2c/element/f.92C64C74BFFB4A8B431616FE9F273F76.d.A0713E71415FACECE42E4DCD146944D3.e.20828/value - {"text":"429"}
COMMAND: GET /session/9f4c84e4ae75e749cefc69cbdd96fe2c/screenshot - {}
RESULT: {"text":"429"}
COMMAND: GET /session/9f4c84e4ae75e749cefc69cbdd96fe2c/screenshot - {}
RESULT: {}
RESULT: {}
COMMAND: POST /session/9f4c84e4ae75e749cefc69cbdd96fe2c/element - {"using":"xpath","value":"//li[.//span[text()='429']]"}
RESULT: {"using":"xpath","value":"//li[.//span[text()='429']]"}
COMMAND: POST /session/9f4c84e4ae75e749cefc69cbdd96fe2c/element/f.92C64C74BFFB4A8B431616FE9F273F76.d.A0713E71415FACECE42E4DCD146944D3.e.20843/click - {}
RESULT: {}
COMMAND: GET /session/9f4c84e4ae75e749cefc69cbdd96fe2c/screenshot - {}
RESULT: {}
COMMAND: POST /session/9f4c84e4ae75e749cefc69cbdd96fe2c/execute/async - {"script":"<script> [1562 bytes]","args":[{"selector":{"id":"application-managehandovers-display-component---AddNewHO--ObjectPageLayout-anchBar-application-managehandovers-display-component---AddNewHO--section4-anchor","interaction":{"idSuffix":"BDI-content"}},"wdio_ui5_key":"applicationmanagehandovers-display-component---AddNewHO--ObjectPageLayout-anchBar-application-managehandovers-display-component---AddNewHO--section4-anchor"}]}
RESULT: {"script":"<script> [1562 bytes]","args":[{"selector":{"id":"application-managehandovers-display-component---AddNewHO--ObjectPageLayout-anchBar-application-managehandovers-display-component---AddNewHO--section4-anchor","interaction":{"idSuffix":"BDI-content"}},"wdio_ui5_key":"applicationmanagehandovers-display-component---AddNewHO--ObjectPageLayout-anchBar-application-managehandovers-display-component---AddNewHO--section4-anchor"}]}
RESULT: undefined
COMMAND: POST /session/9f4c84e4ae75e749cefc69cbdd96fe2c/element - {"using":"xpath","value":"//*[@id=\"application-managehandovers-display-component---AddNewHO--ObjectPageLayout-anchBar-application-managehandovers-display-component---AddNewHO--section4-anchor\"]"}
RESULT: {"using":"xpath","value":"//*[@id=\"application-managehandovers-display-component---AddNewHO--ObjectPageLayout-anchBar-application-managehandovers-display-component---AddNewHO--section4-anchor\"]"}
COMMAND: POST /session/9f4c84e4ae75e749cefc69cbdd96fe2c/element/f.92C64C74BFFB4A8B431616FE9F273F76.d.A0713E71415FACECE42E4DCD146944D3.e.20845/click - {}
RESULT: {}
COMMAND: POST /session/9f4c84e4ae75e749cefc69cbdd96fe2c/element - {"using":"xpath","value":"//button[@aria-label=\"Add\"]"}
COMMAND: GET /session/9f4c84e4ae75e749cefc69cbdd96fe2c/screenshot - {}
RESULT: {"using":"xpath","value":"//button[@aria-label=\"Add\"]"}
COMMAND: POST /session/9f4c84e4ae75e749cefc69cbdd96fe2c/element/f.92C64C74BFFB4A8B431616FE9F273F76.d.A0713E71415FACECE42E4DCD146944D3.e.20847/click - {}
RESULT: {}
RESULT: {}
COMMAND: GET /session/9f4c84e4ae75e749cefc69cbdd96fe2c/screenshot - {}
RESULT: {}
COMMAND: POST /session/9f4c84e4ae75e749cefc69cbdd96fe2c/execute/async - {"script":"<script> [1562 bytes]","args":[{"selector":{"id":"application-managehandovers-display-component---AddNewHO--smartFilterBar-btnBasicSearch","searchOpenDialogs":true,"interaction":{"idSuffix":"I"}},"wdio_ui5_key":"applicationmanagehandovers-display-component---AddNewHO--smartFilterBar-btnBasicSearch"}]}
RESULT: {"script":"<script> [1562 bytes]","args":[{"selector":{"id":"application-managehandovers-display-component---AddNewHO--smartFilterBar-btnBasicSearch","searchOpenDialogs":true,"interaction":{"idSuffix":"I"}},"wdio_ui5_key":"applicationmanagehandovers-display-component---AddNewHO--smartFilterBar-btnBasicSearch"}]}
RESULT: undefined
COMMAND: POST /session/9f4c84e4ae75e749cefc69cbdd96fe2c/execute/async - {"script":"<script> [776 bytes]","args":[{"enterText":"M5iXfaKE9l","selector":{"id":"application-managehandovers-display-component---AddNewHO--smartFilterBar-btnBasicSearch","searchOpenDialogs":true,"interaction":{"idSuffix":"I"}},"clearTextFirst":true,"interactionType":"ENTER_TEXT"}]}
RESULT: {"script":"<script> [776 bytes]","args":[{"enterText":"M5iXfaKE9l","selector":{"id":"application-managehandovers-display-component---AddNewHO--smartFilterBar-btnBasicSearch","searchOpenDialogs":true,"interaction":{"idSuffix":"I"}},"clearTextFirst":true,"interactionType":"ENTER_TEXT"}]}
COMMAND: POST /session/9f4c84e4ae75e749cefc69cbdd96fe2c/actions - {"actions":[{"id":"action76","type":"key","parameters":{},"actions":[{"type":"keyDown","value":""},{"type":"pause","duration":10},{"type":"keyUp","value":""}]}]}
RESULT: {"actions":[{"id":"action76","type":"key","parameters":{},"actions":[{"type":"keyDown","value":""},{"type":"pause","duration":10},{"type":"keyUp","value":""}]}]}
COMMAND: GET /session/9f4c84e4ae75e749cefc69cbdd96fe2c/screenshot - {}
RESULT: {}
COMMAND: POST /session/9f4c84e4ae75e749cefc69cbdd96fe2c/execute/async - {"script":"<script> [1562 bytes]","args":[{"selector":{"id":"application-managehandovers-display-component---AddNewHO--popup-sa","searchOpenDialogs":true,"interaction":{"idSuffix":"CbBg"}},"wdio_ui5_key":"applicationmanagehandovers-display-component---AddNewHO--popup-sa"}]}
RESULT: {"script":"<script> [1562 bytes]","args":[{"selector":{"id":"application-managehandovers-display-component---AddNewHO--popup-sa","searchOpenDialogs":true,"interaction":{"idSuffix":"CbBg"}},"wdio_ui5_key":"applicationmanagehandovers-display-component---AddNewHO--popup-sa"}]}
RESULT: undefined
COMMAND: POST /session/9f4c84e4ae75e749cefc69cbdd96fe2c/element - {"using":"xpath","value":"//*[@id=\"application-managehandovers-display-component---AddNewHO--popup-sa\"]"}
RESULT: {"using":"xpath","value":"//*[@id=\"application-managehandovers-display-component---AddNewHO--popup-sa\"]"}
COMMAND: POST /session/9f4c84e4ae75e749cefc69cbdd96fe2c/element/f.92C64C74BFFB4A8B431616FE9F273F76.d.A0713E71415FACECE42E4DCD146944D3.e.20999/click - {}
RESULT: {}
COMMAND: GET /session/9f4c84e4ae75e749cefc69cbdd96fe2c/screenshot - {}
RESULT: {}
COMMAND: POST /session/9f4c84e4ae75e749cefc69cbdd96fe2c/element - {"using":"xpath","value":"//bdi[contains(text(), \"Select\")]"}
RESULT: {"using":"xpath","value":"//bdi[contains(text(), \"Select\")]"}
COMMAND: POST /session/9f4c84e4ae75e749cefc69cbdd96fe2c/element/f.92C64C74BFFB4A8B431616FE9F273F76.d.A0713E71415FACECE42E4DCD146944D3.e.21000/click - {}
RESULT: {}
COMMAND: GET /session/9f4c84e4ae75e749cefc69cbdd96fe2c/screenshot - {}
RESULT: {}
COMMAND: POST /session/9f4c84e4ae75e749cefc69cbdd96fe2c/element - {"using":"xpath","value":"//button[@data-kt=\"AddNewHOSaveButton\"]"}
RESULT: {"using":"xpath","value":"//button[@data-kt=\"AddNewHOSaveButton\"]"}
COMMAND: POST /session/9f4c84e4ae75e749cefc69cbdd96fe2c/element/f.92C64C74BFFB4A8B431616FE9F273F76.d.A0713E71415FACECE42E4DCD146944D3.e.21004/click - {}
RESULT: {}
COMMAND: GET /session/9f4c84e4ae75e749cefc69cbdd96fe2c/screenshot - {}
RESULT: {}
COMMAND: POST /session/9f4c84e4ae75e749cefc69cbdd96fe2c/execute/async - {"script":"<script> [1562 bytes]","args":[{"selector":{"id":"receiptDatePicker","viewName":"etm.portal.ui.managehandovers.view.DetailExecuteHO","interaction":{"idSuffix":"inner"}},"wdio_ui5_key":"receiptDatePickeretmportal.ui.managehandovers.view.DetailExecuteHO"}]}
RESULT: {"script":"<script> [1562 bytes]","args":[{"selector":{"id":"receiptDatePicker","viewName":"etm.portal.ui.managehandovers.view.DetailExecuteHO","interaction":{"idSuffix":"inner"}},"wdio_ui5_key":"receiptDatePickeretmportal.ui.managehandovers.view.DetailExecuteHO"}]}
RESULT: undefined
COMMAND: POST /session/9f4c84e4ae75e749cefc69cbdd96fe2c/execute/async - {"script":"<script> [6424 bytes]","args":[{"element-6066-11e4-a52e-4f735466cecf":"f.92C64C74BFFB4A8B431616FE9F273F76.d.A0713E71415FACECE42E4DCD146944D3.e.21035"},"setValue",["5/28/25"]]}
RESULT: {"script":"<script> [6424 bytes]","args":[{"element-6066-11e4-a52e-4f735466cecf":"f.92C64C74BFFB4A8B431616FE9F273F76.d.A0713E71415FACECE42E4DCD146944D3.e.21035"},"setValue",["5/28/25"]]}
COMMAND: POST /session/9f4c84e4ae75e749cefc69cbdd96fe2c/element - {"using":"xpath","value":"//button[@data-kt=\"ReceivingTableConfirmAllButton\"]"}
RESULT: {"using":"xpath","value":"//button[@data-kt=\"ReceivingTableConfirmAllButton\"]"}
COMMAND: POST /session/9f4c84e4ae75e749cefc69cbdd96fe2c/element/f.92C64C74BFFB4A8B431616FE9F273F76.d.A0713E71415FACECE42E4DCD146944D3.e.21050/click - {}
RESULT: {}
COMMAND: GET /session/9f4c84e4ae75e749cefc69cbdd96fe2c/screenshot - {}
RESULT: {}
COMMAND: POST /session/9f4c84e4ae75e749cefc69cbdd96fe2c/element - {"using":"xpath","value":"//bdi[contains(text(), \"OK\")]"}
RESULT: {"using":"xpath","value":"//bdi[contains(text(), \"OK\")]"}
COMMAND: POST /session/9f4c84e4ae75e749cefc69cbdd96fe2c/element/f.92C64C74BFFB4A8B431616FE9F273F76.d.A0713E71415FACECE42E4DCD146944D3.e.21052/click - {}
RESULT: {}
COMMAND: GET /session/9f4c84e4ae75e749cefc69cbdd96fe2c/screenshot - {}
RESULT: {}
COMMAND: POST /session/9f4c84e4ae75e749cefc69cbdd96fe2c/element - {"using":"xpath","value":"(//bdi[contains(text(), \"Receive\")])[2]"}
RESULT: {"using":"xpath","value":"(//bdi[contains(text(), \"Receive\")])[2]"}
COMMAND: POST /session/9f4c84e4ae75e749cefc69cbdd96fe2c/element/f.92C64C74BFFB4A8B431616FE9F273F76.d.A0713E71415FACECE42E4DCD146944D3.e.21054/click - {}
RESULT: {}
COMMAND: GET /session/9f4c84e4ae75e749cefc69cbdd96fe2c/screenshot - {}
RESULT: {}
COMMAND: POST /session/9f4c84e4ae75e749cefc69cbdd96fe2c/element - {"using":"css selector","value":"#shell-header-logo"}
RESULT: {"using":"css selector","value":"#shell-header-logo"}
COMMAND: POST /session/9f4c84e4ae75e749cefc69cbdd96fe2c/element/f.92C64C74BFFB4A8B431616FE9F273F76.d.A0713E71415FACECE42E4DCD146944D3.e.20443/click - {}
RESULT: {}
COMMAND: GET /session/9f4c84e4ae75e749cefc69cbdd96fe2c/screenshot - {}
RESULT: {}
]]></system-out>
    </testcase>
    <testcase classname="chrome.136_0_7103_93.windows.Billing_Calculation_-_Time_based_(considering_transport_times)_US139738" name="Should create a new contract" time="70.466">
      <system-out><![CDATA[
COMMAND: POST /session/9f4c84e4ae75e749cefc69cbdd96fe2c/execute/async - {"script":"<script> [1562 bytes]","args":[{"selector":{"controlType":"sap.m.GenericTile","properties":{"header":"Manage Contracts"}},"wdio_ui5_key":"sapm.GenericTile{\"header\":\"Manage Contracts\"}"}]}
RESULT: {"script":"<script> [1562 bytes]","args":[{"selector":{"controlType":"sap.m.GenericTile","properties":{"header":"Manage Contracts"}},"wdio_ui5_key":"sapm.GenericTile{\"header\":\"Manage Contracts\"}"}]}
RESULT: undefined
COMMAND: POST /session/9f4c84e4ae75e749cefc69cbdd96fe2c/element - {"using":"xpath","value":"//*[@id=\"__tile133\"]"}
RESULT: {"using":"xpath","value":"//*[@id=\"__tile133\"]"}
COMMAND: POST /session/9f4c84e4ae75e749cefc69cbdd96fe2c/element/f.92C64C74BFFB4A8B431616FE9F273F76.d.A0713E71415FACECE42E4DCD146944D3.e.19074/click - {}
RESULT: {}
COMMAND: GET /session/9f4c84e4ae75e749cefc69cbdd96fe2c/screenshot - {}
RESULT: {}
COMMAND: POST /session/9f4c84e4ae75e749cefc69cbdd96fe2c/elements - {"using":"xpath","value":"//span[text()='Error']"}
RESULT: {"using":"xpath","value":"//span[text()='Error']"}
COMMAND: POST /session/9f4c84e4ae75e749cefc69cbdd96fe2c/element - {"using":"xpath","value":"//button[@data-kt=\"addButton\"]"}
RESULT: {"using":"xpath","value":"//button[@data-kt=\"addButton\"]"}
COMMAND: POST /session/9f4c84e4ae75e749cefc69cbdd96fe2c/elements - {"using":"xpath","value":"//button[@data-kt=\"addButton\"]"}
RESULT: {"using":"xpath","value":"//button[@data-kt=\"addButton\"]"}
COMMAND: POST /session/9f4c84e4ae75e749cefc69cbdd96fe2c/execute/sync - {"script":"<script> [8489 bytes]","args":[{"element-6066-11e4-a52e-4f735466cecf":"f.92C64C74BFFB4A8B431616FE9F273F76.d.A0713E71415FACECE42E4DCD146944D3.e.21273","ELEMENT":"f.92C64C74BFFB4A8B431616FE9F273F76.d.A0713E71415FACECE42E4DCD146944D3.e.21273"}]}
RESULT: {"script":"<script> [8489 bytes]","args":[{"element-6066-11e4-a52e-4f735466cecf":"f.92C64C74BFFB4A8B431616FE9F273F76.d.A0713E71415FACECE42E4DCD146944D3.e.21273","ELEMENT":"f.92C64C74BFFB4A8B431616FE9F273F76.d.A0713E71415FACECE42E4DCD146944D3.e.21273"}]}
COMMAND: GET /session/9f4c84e4ae75e749cefc69cbdd96fe2c/element/f.92C64C74BFFB4A8B431616FE9F273F76.d.A0713E71415FACECE42E4DCD146944D3.e.21273/enabled - {}
COMMAND: GET /session/9f4c84e4ae75e749cefc69cbdd96fe2c/screenshot - {}
RESULT: {}
COMMAND: POST /session/9f4c84e4ae75e749cefc69cbdd96fe2c/execute/sync - {"script":"<script> [8489 bytes]","args":[{"element-6066-11e4-a52e-4f735466cecf":"f.92C64C74BFFB4A8B431616FE9F273F76.d.A0713E71415FACECE42E4DCD146944D3.e.21273","ELEMENT":"f.92C64C74BFFB4A8B431616FE9F273F76.d.A0713E71415FACECE42E4DCD146944D3.e.21273"}]}
COMMAND: GET /session/9f4c84e4ae75e749cefc69cbdd96fe2c/screenshot - {}
RESULT: {}
RESULT: {"script":"<script> [8489 bytes]","args":[{"element-6066-11e4-a52e-4f735466cecf":"f.92C64C74BFFB4A8B431616FE9F273F76.d.A0713E71415FACECE42E4DCD146944D3.e.21273","ELEMENT":"f.92C64C74BFFB4A8B431616FE9F273F76.d.A0713E71415FACECE42E4DCD146944D3.e.21273"}]}
COMMAND: POST /session/9f4c84e4ae75e749cefc69cbdd96fe2c/execute/sync - {"script":"<script> [5351 bytes]","args":[{"element-6066-11e4-a52e-4f735466cecf":"f.92C64C74BFFB4A8B431616FE9F273F76.d.A0713E71415FACECE42E4DCD146944D3.e.21273","ELEMENT":"f.92C64C74BFFB4A8B431616FE9F273F76.d.A0713E71415FACECE42E4DCD146944D3.e.21273"}]}
COMMAND: GET /session/9f4c84e4ae75e749cefc69cbdd96fe2c/screenshot - {}
RESULT: {}
RESULT: {"script":"<script> [5351 bytes]","args":[{"element-6066-11e4-a52e-4f735466cecf":"f.92C64C74BFFB4A8B431616FE9F273F76.d.A0713E71415FACECE42E4DCD146944D3.e.21273","ELEMENT":"f.92C64C74BFFB4A8B431616FE9F273F76.d.A0713E71415FACECE42E4DCD146944D3.e.21273"}]}
COMMAND: GET /session/9f4c84e4ae75e749cefc69cbdd96fe2c/screenshot - {}
RESULT: {}
RESULT: {}
COMMAND: POST /session/9f4c84e4ae75e749cefc69cbdd96fe2c/element/f.92C64C74BFFB4A8B431616FE9F273F76.d.A0713E71415FACECE42E4DCD146944D3.e.21273/click - {}
RESULT: {}
COMMAND: GET /session/9f4c84e4ae75e749cefc69cbdd96fe2c/screenshot - {}
COMMAND: POST /session/9f4c84e4ae75e749cefc69cbdd96fe2c/execute/async - {"script":"<script> [1562 bytes]","args":[{"selector":{"id":"application-managecontracts-display-component---AddNewContract--projectDescription","interaction":{"idSuffix":"inner"}},"wdio_ui5_key":"applicationmanagecontracts-display-component---AddNewContract--projectDescription"}]}
RESULT: {}
RESULT: {"script":"<script> [1562 bytes]","args":[{"selector":{"id":"application-managecontracts-display-component---AddNewContract--projectDescription","interaction":{"idSuffix":"inner"}},"wdio_ui5_key":"applicationmanagecontracts-display-component---AddNewContract--projectDescription"}]}
RESULT: undefined
COMMAND: POST /session/9f4c84e4ae75e749cefc69cbdd96fe2c/execute/async - {"script":"<script> [776 bytes]","args":[{"enterText":"Contract WDIO","selector":{"id":"application-managecontracts-display-component---AddNewContract--projectDescription","interaction":{"idSuffix":"inner"}},"clearTextFirst":true,"interactionType":"ENTER_TEXT"}]}
RESULT: {"script":"<script> [776 bytes]","args":[{"enterText":"Contract WDIO","selector":{"id":"application-managecontracts-display-component---AddNewContract--projectDescription","interaction":{"idSuffix":"inner"}},"clearTextFirst":true,"interactionType":"ENTER_TEXT"}]}
COMMAND: POST /session/9f4c84e4ae75e749cefc69cbdd96fe2c/element - {"using":"xpath","value":"//input[@id=\"application-managecontracts-display-component---AddNewContract--site-inner\"]"}
RESULT: {"using":"xpath","value":"//input[@id=\"application-managecontracts-display-component---AddNewContract--site-inner\"]"}
COMMAND: POST /session/9f4c84e4ae75e749cefc69cbdd96fe2c/element/f.92C64C74BFFB4A8B431616FE9F273F76.d.A0713E71415FACECE42E4DCD146944D3.e.21595/clear - {}
RESULT: {}
COMMAND: POST /session/9f4c84e4ae75e749cefc69cbdd96fe2c/element/f.92C64C74BFFB4A8B431616FE9F273F76.d.A0713E71415FACECE42E4DCD146944D3.e.21595/value - {"text":"2209"}
COMMAND: GET /session/9f4c84e4ae75e749cefc69cbdd96fe2c/screenshot - {}
RESULT: {"text":"2209"}
COMMAND: GET /session/9f4c84e4ae75e749cefc69cbdd96fe2c/screenshot - {}
RESULT: {}
RESULT: {}
COMMAND: POST /session/9f4c84e4ae75e749cefc69cbdd96fe2c/element - {"using":"xpath","value":"//li[.//span[text()='2209']]"}
RESULT: {"using":"xpath","value":"//li[.//span[text()='2209']]"}
COMMAND: POST /session/9f4c84e4ae75e749cefc69cbdd96fe2c/element/f.92C64C74BFFB4A8B431616FE9F273F76.d.A0713E71415FACECE42E4DCD146944D3.e.21678/click - {}
RESULT: {}
COMMAND: GET /session/9f4c84e4ae75e749cefc69cbdd96fe2c/screenshot - {}
RESULT: {}
COMMAND: POST /session/9f4c84e4ae75e749cefc69cbdd96fe2c/element - {"using":"xpath","value":"//input[@id=\"application-managecontracts-display-component---AddNewContract--yardId-inner\"]"}
RESULT: {"using":"xpath","value":"//input[@id=\"application-managecontracts-display-component---AddNewContract--yardId-inner\"]"}
COMMAND: GET /session/9f4c84e4ae75e749cefc69cbdd96fe2c/element/f.92C64C74BFFB4A8B431616FE9F273F76.d.A0713E71415FACECE42E4DCD146944D3.e.21596/property/value - {}
RESULT: {}
COMMAND: POST /session/9f4c84e4ae75e749cefc69cbdd96fe2c/element - {"using":"xpath","value":"//input[@id=\"application-managecontracts-display-component---AddNewContract--customerSelect-inner\"]"}
COMMAND: GET /session/9f4c84e4ae75e749cefc69cbdd96fe2c/screenshot - {}
RESULT: {"using":"xpath","value":"//input[@id=\"application-managecontracts-display-component---AddNewContract--customerSelect-inner\"]"}
COMMAND: POST /session/9f4c84e4ae75e749cefc69cbdd96fe2c/element/f.92C64C74BFFB4A8B431616FE9F273F76.d.A0713E71415FACECE42E4DCD146944D3.e.21594/clear - {}
RESULT: {}
RESULT: {}
COMMAND: POST /session/9f4c84e4ae75e749cefc69cbdd96fe2c/element/f.92C64C74BFFB4A8B431616FE9F273F76.d.A0713E71415FACECE42E4DCD146944D3.e.21594/value - {"text":"1240"}
COMMAND: GET /session/9f4c84e4ae75e749cefc69cbdd96fe2c/screenshot - {}
RESULT: {"text":"1240"}
COMMAND: GET /session/9f4c84e4ae75e749cefc69cbdd96fe2c/screenshot - {}
RESULT: {}
RESULT: {}
COMMAND: POST /session/9f4c84e4ae75e749cefc69cbdd96fe2c/element - {"using":"xpath","value":"//li[.//span[text()='1240']]"}
RESULT: {"using":"xpath","value":"//li[.//span[text()='1240']]"}
COMMAND: POST /session/9f4c84e4ae75e749cefc69cbdd96fe2c/element/f.92C64C74BFFB4A8B431616FE9F273F76.d.A0713E71415FACECE42E4DCD146944D3.e.21681/click - {}
RESULT: {}
COMMAND: GET /session/9f4c84e4ae75e749cefc69cbdd96fe2c/screenshot - {}
RESULT: {}
COMMAND: POST /session/9f4c84e4ae75e749cefc69cbdd96fe2c/element - {"using":"xpath","value":"//button[@data-kt=\"saveButton\"]"}
RESULT: {"using":"xpath","value":"//button[@data-kt=\"saveButton\"]"}
COMMAND: POST /session/9f4c84e4ae75e749cefc69cbdd96fe2c/element/f.92C64C74BFFB4A8B431616FE9F273F76.d.A0713E71415FACECE42E4DCD146944D3.e.21671/click - {}
RESULT: {}
COMMAND: GET /session/9f4c84e4ae75e749cefc69cbdd96fe2c/screenshot - {}
RESULT: {}
COMMAND: POST /session/9f4c84e4ae75e749cefc69cbdd96fe2c/element - {"using":"xpath","value":"//span[contains(@id ,\"contractDetailTitleNoExpanded\")]"}
RESULT: {"using":"xpath","value":"//span[contains(@id ,\"contractDetailTitleNoExpanded\")]"}
COMMAND: POST /session/9f4c84e4ae75e749cefc69cbdd96fe2c/elements - {"using":"xpath","value":"//span[contains(@id ,\"contractDetailTitleNoExpanded\")]"}
RESULT: {"using":"xpath","value":"//span[contains(@id ,\"contractDetailTitleNoExpanded\")]"}
COMMAND: POST /session/9f4c84e4ae75e749cefc69cbdd96fe2c/execute/sync - {"script":"<script> [56 bytes]","args":[{"element-6066-11e4-a52e-4f735466cecf":"f.92C64C74BFFB4A8B431616FE9F273F76.d.A0713E71415FACECE42E4DCD146944D3.e.21751","ELEMENT":"f.92C64C74BFFB4A8B431616FE9F273F76.d.A0713E71415FACECE42E4DCD146944D3.e.21751"}]}
RESULT: {"script":"<script> [56 bytes]","args":[{"element-6066-11e4-a52e-4f735466cecf":"f.92C64C74BFFB4A8B431616FE9F273F76.d.A0713E71415FACECE42E4DCD146944D3.e.21751","ELEMENT":"f.92C64C74BFFB4A8B431616FE9F273F76.d.A0713E71415FACECE42E4DCD146944D3.e.21751"}]}
COMMAND: GET /session/9f4c84e4ae75e749cefc69cbdd96fe2c/screenshot - {}
RESULT: {}
]]></system-out>
    </testcase>
    <testcase classname="chrome.136_0_7103_93.windows.Billing_Calculation_-_Time_based_(considering_transport_times)_US139738" name="Should add transport time checkbox on contract details" time="16.637">
      <system-out><![CDATA[
COMMAND: POST /session/9f4c84e4ae75e749cefc69cbdd96fe2c/element - {"using":"xpath","value":"//button[@data-kt=\"contractDetailEditBtnButton\"]"}
RESULT: {"using":"xpath","value":"//button[@data-kt=\"contractDetailEditBtnButton\"]"}
COMMAND: POST /session/9f4c84e4ae75e749cefc69cbdd96fe2c/element/f.92C64C74BFFB4A8B431616FE9F273F76.d.A0713E71415FACECE42E4DCD146944D3.e.21754/click - {}
RESULT: {}
COMMAND: GET /session/9f4c84e4ae75e749cefc69cbdd96fe2c/screenshot - {}
RESULT: {}
COMMAND: POST /session/9f4c84e4ae75e749cefc69cbdd96fe2c/element - {"using":"xpath","value":"(//span[contains(text(), \"Contract Billing\")])[2]"}
RESULT: {"using":"xpath","value":"(//span[contains(text(), \"Contract Billing\")])[2]"}
COMMAND: POST /session/9f4c84e4ae75e749cefc69cbdd96fe2c/element/f.92C64C74BFFB4A8B431616FE9F273F76.d.A0713E71415FACECE42E4DCD146944D3.e.21810/click - {}
RESULT: {}
COMMAND: GET /session/9f4c84e4ae75e749cefc69cbdd96fe2c/screenshot - {}
RESULT: {}
COMMAND: POST /session/9f4c84e4ae75e749cefc69cbdd96fe2c/element - {"using":"xpath","value":"(//div[contains(@id, \"transportTimesBilled-CbBg\")])"}
RESULT: {"using":"xpath","value":"(//div[contains(@id, \"transportTimesBilled-CbBg\")])"}
COMMAND: POST /session/9f4c84e4ae75e749cefc69cbdd96fe2c/element/f.92C64C74BFFB4A8B431616FE9F273F76.d.A0713E71415FACECE42E4DCD146944D3.e.21841/click - {}
RESULT: {}
COMMAND: GET /session/9f4c84e4ae75e749cefc69cbdd96fe2c/screenshot - {}
RESULT: {}
COMMAND: POST /session/9f4c84e4ae75e749cefc69cbdd96fe2c/element - {"using":"xpath","value":"(//button[@data-kt=\"saveButton\"])[2]"}
RESULT: {"using":"xpath","value":"(//button[@data-kt=\"saveButton\"])[2]"}
COMMAND: POST /session/9f4c84e4ae75e749cefc69cbdd96fe2c/element/f.92C64C74BFFB4A8B431616FE9F273F76.d.A0713E71415FACECE42E4DCD146944D3.e.21842/click - {}
RESULT: {}
COMMAND: GET /session/9f4c84e4ae75e749cefc69cbdd96fe2c/screenshot - {}
RESULT: {}
]]></system-out>
    </testcase>
    <testcase classname="chrome.136_0_7103_93.windows.Billing_Calculation_-_Time_based_(considering_transport_times)_US139738" name="Should add created equipment to contract" time="48.552">
      <system-out><![CDATA[
COMMAND: POST /session/9f4c84e4ae75e749cefc69cbdd96fe2c/element - {"using":"xpath","value":"//button[@data-kt=\"contractDetailEditBtnButton\"]"}
RESULT: {"using":"xpath","value":"//button[@data-kt=\"contractDetailEditBtnButton\"]"}
COMMAND: POST /session/9f4c84e4ae75e749cefc69cbdd96fe2c/element/f.92C64C74BFFB4A8B431616FE9F273F76.d.A0713E71415FACECE42E4DCD146944D3.e.21754/click - {}
RESULT: {}
COMMAND: GET /session/9f4c84e4ae75e749cefc69cbdd96fe2c/screenshot - {}
RESULT: {}
COMMAND: POST /session/9f4c84e4ae75e749cefc69cbdd96fe2c/element - {"using":"xpath","value":"(//span[contains(text(), \"Additional Addresses\")])[2]"}
RESULT: {"using":"xpath","value":"(//span[contains(text(), \"Additional Addresses\")])[2]"}
COMMAND: POST /session/9f4c84e4ae75e749cefc69cbdd96fe2c/element/f.92C64C74BFFB4A8B431616FE9F273F76.d.A0713E71415FACECE42E4DCD146944D3.e.21860/click - {}
RESULT: {}
COMMAND: GET /session/9f4c84e4ae75e749cefc69cbdd96fe2c/screenshot - {}
RESULT: {}
COMMAND: POST /session/9f4c84e4ae75e749cefc69cbdd96fe2c/element - {"using":"xpath","value":"//button[@data-kt=\"btnAddTableRowOverflowToolbarButton\"]"}
RESULT: {"using":"xpath","value":"//button[@data-kt=\"btnAddTableRowOverflowToolbarButton\"]"}
COMMAND: POST /session/9f4c84e4ae75e749cefc69cbdd96fe2c/element/f.92C64C74BFFB4A8B431616FE9F273F76.d.A0713E71415FACECE42E4DCD146944D3.e.21862/click - {}
RESULT: {}
COMMAND: GET /session/9f4c84e4ae75e749cefc69cbdd96fe2c/screenshot - {}
RESULT: {}
COMMAND: POST /session/9f4c84e4ae75e749cefc69cbdd96fe2c/element - {"using":"xpath","value":"//div[(text() = 'Standard Entry' or . = 'Standard Entry')]"}
RESULT: {"using":"xpath","value":"//div[(text() = 'Standard Entry' or . = 'Standard Entry')]"}
COMMAND: POST /session/9f4c84e4ae75e749cefc69cbdd96fe2c/element/f.92C64C74BFFB4A8B431616FE9F273F76.d.A0713E71415FACECE42E4DCD146944D3.e.21864/click - {}
RESULT: {}
COMMAND: GET /session/9f4c84e4ae75e749cefc69cbdd96fe2c/screenshot - {}
RESULT: {}
COMMAND: POST /session/9f4c84e4ae75e749cefc69cbdd96fe2c/element - {"using":"xpath","value":"//td[7]/div/div/input"}
RESULT: {"using":"xpath","value":"//td[7]/div/div/input"}
COMMAND: POST /session/9f4c84e4ae75e749cefc69cbdd96fe2c/element/f.92C64C74BFFB4A8B431616FE9F273F76.d.A0713E71415FACECE42E4DCD146944D3.e.21873/clear - {}
RESULT: {}
COMMAND: POST /session/9f4c84e4ae75e749cefc69cbdd96fe2c/element/f.92C64C74BFFB4A8B431616FE9F273F76.d.A0713E71415FACECE42E4DCD146944D3.e.21873/value - {"text":"M5iXfaKE9l"}
COMMAND: GET /session/9f4c84e4ae75e749cefc69cbdd96fe2c/screenshot - {}
RESULT: {"text":"M5iXfaKE9l"}
COMMAND: GET /session/9f4c84e4ae75e749cefc69cbdd96fe2c/screenshot - {}
RESULT: {}
RESULT: {}
COMMAND: POST /session/9f4c84e4ae75e749cefc69cbdd96fe2c/actions - {"actions":[{"id":"action77","type":"key","parameters":{},"actions":[{"type":"keyDown","value":""},{"type":"pause","duration":10},{"type":"keyUp","value":""}]}]}
RESULT: {"actions":[{"id":"action77","type":"key","parameters":{},"actions":[{"type":"keyDown","value":""},{"type":"pause","duration":10},{"type":"keyUp","value":""}]}]}
COMMAND: GET /session/9f4c84e4ae75e749cefc69cbdd96fe2c/screenshot - {}
RESULT: {}
COMMAND: POST /session/9f4c84e4ae75e749cefc69cbdd96fe2c/execute/sync - {"script":"<script> [276 bytes]","args":["No pricing information was found"]}
RESULT: {"script":"<script> [276 bytes]","args":["No pricing information was found"]}
COMMAND: POST /session/9f4c84e4ae75e749cefc69cbdd96fe2c/element - {"using":"xpath","value":"(//button[@data-kt=\"saveButton\"])[2]"}
COMMAND: GET /session/9f4c84e4ae75e749cefc69cbdd96fe2c/screenshot - {}
RESULT: {"using":"xpath","value":"(//button[@data-kt=\"saveButton\"])[2]"}
COMMAND: POST /session/9f4c84e4ae75e749cefc69cbdd96fe2c/element/f.92C64C74BFFB4A8B431616FE9F273F76.d.A0713E71415FACECE42E4DCD146944D3.e.21842/click - {}
RESULT: {}
RESULT: {}
COMMAND: GET /session/9f4c84e4ae75e749cefc69cbdd96fe2c/screenshot - {}
RESULT: {}
COMMAND: POST /session/9f4c84e4ae75e749cefc69cbdd96fe2c/execute/sync - {"script":"<script> [276 bytes]","args":["Some contract items are having rental validity exceeding header rental validity"]}
RESULT: {"script":"<script> [276 bytes]","args":["Some contract items are having rental validity exceeding header rental validity"]}
COMMAND: GET /session/9f4c84e4ae75e749cefc69cbdd96fe2c/screenshot - {}
RESULT: {}
COMMAND: POST /session/9f4c84e4ae75e749cefc69cbdd96fe2c/element - {"using":"xpath","value":"//span[contains(@id ,\"contractItemsSmartTable-header-inner\")]"}
RESULT: {"using":"xpath","value":"//span[contains(@id ,\"contractItemsSmartTable-header-inner\")]"}
COMMAND: POST /session/9f4c84e4ae75e749cefc69cbdd96fe2c/elements - {"using":"xpath","value":"//span[contains(@id ,\"contractItemsSmartTable-header-inner\")]"}
RESULT: {"using":"xpath","value":"//span[contains(@id ,\"contractItemsSmartTable-header-inner\")]"}
COMMAND: POST /session/9f4c84e4ae75e749cefc69cbdd96fe2c/execute/sync - {"script":"<script> [56 bytes]","args":[{"element-6066-11e4-a52e-4f735466cecf":"f.92C64C74BFFB4A8B431616FE9F273F76.d.A0713E71415FACECE42E4DCD146944D3.e.21893","ELEMENT":"f.92C64C74BFFB4A8B431616FE9F273F76.d.A0713E71415FACECE42E4DCD146944D3.e.21893"}]}
RESULT: {"script":"<script> [56 bytes]","args":[{"element-6066-11e4-a52e-4f735466cecf":"f.92C64C74BFFB4A8B431616FE9F273F76.d.A0713E71415FACECE42E4DCD146944D3.e.21893","ELEMENT":"f.92C64C74BFFB4A8B431616FE9F273F76.d.A0713E71415FACECE42E4DCD146944D3.e.21893"}]}
]]></system-out>
    </testcase>
    <testcase classname="chrome.136_0_7103_93.windows.Billing_Calculation_-_Time_based_(considering_transport_times)_US139738" name="Should do a provide to site 2 step" time="162.422">
      <system-out><![CDATA[
COMMAND: POST /session/9f4c84e4ae75e749cefc69cbdd96fe2c/element - {"using":"xpath","value":"//button[@data-kt=\"provideButton\"]"}
COMMAND: GET /session/9f4c84e4ae75e749cefc69cbdd96fe2c/screenshot - {}
RESULT: {"using":"xpath","value":"//button[@data-kt=\"provideButton\"]"}
COMMAND: POST /session/9f4c84e4ae75e749cefc69cbdd96fe2c/element/f.92C64C74BFFB4A8B431616FE9F273F76.d.A0713E71415FACECE42E4DCD146944D3.e.21894/click - {}
RESULT: {}
RESULT: {}
COMMAND: GET /session/9f4c84e4ae75e749cefc69cbdd96fe2c/screenshot - {}
RESULT: {}
COMMAND: POST /session/9f4c84e4ae75e749cefc69cbdd96fe2c/element - {"using":"xpath","value":"(//div[contains(@id, \"application-managehandovers-display-component---AddNewHO--oneStep-CbBg\")])"}
RESULT: {"using":"xpath","value":"(//div[contains(@id, \"application-managehandovers-display-component---AddNewHO--oneStep-CbBg\")])"}
COMMAND: POST /session/9f4c84e4ae75e749cefc69cbdd96fe2c/element - {"using":"xpath","value":"(//div[contains(@id, \"application-managehandovers-display-component---AddNewHO--oneStep-CbBg\")])/input"}
RESULT: {"using":"xpath","value":"(//div[contains(@id, \"application-managehandovers-display-component---AddNewHO--oneStep-CbBg\")])/input"}
COMMAND: GET /session/9f4c84e4ae75e749cefc69cbdd96fe2c/element/f.92C64C74BFFB4A8B431616FE9F273F76.d.A0713E71415FACECE42E4DCD146944D3.e.21988/attribute/checked - {}
RESULT: {}
RESULT: undefined
COMMAND: POST /session/9f4c84e4ae75e749cefc69cbdd96fe2c/execute/async - {"script":"<script> [6424 bytes]","args":[{"element-6066-11e4-a52e-4f735466cecf":"f.92C64C74BFFB4A8B431616FE9F273F76.d.A0713E71415FACECE42E4DCD146944D3.e.20822"},"setValue",["5/28/25"]]}
COMMAND: POST /session/9f4c84e4ae75e749cefc69cbdd96fe2c/element/f.92C64C74BFFB4A8B431616FE9F273F76.d.A0713E71415FACECE42E4DCD146944D3.e.22201/click - {}
RESULT: {}
COMMAND: GET /session/9f4c84e4ae75e749cefc69cbdd96fe2c/screenshot - {}
COMMAND: POST /session/9f4c84e4ae75e749cefc69cbdd96fe2c/execute/async - {"script":"<script> [1562 bytes]","args":[{"selector":{"id":"application-managehandovers-display-component---AddNewHO--dueDate","interaction":{"idSuffix":"inner"}},"wdio_ui5_key":"applicationmanagehandovers-display-component---AddNewHO--dueDate"}]}
RESULT: {}
RESULT: {"script":"<script> [1562 bytes]","args":[{"selector":{"id":"application-managehandovers-display-component---AddNewHO--dueDate","interaction":{"idSuffix":"inner"}},"wdio_ui5_key":"applicationmanagehandovers-display-component---AddNewHO--dueDate"}]}
COMMAND: POST /session/9f4c84e4ae75e749cefc69cbdd96fe2c/execute/async - {"script":"<script> [6424 bytes]","args":[{"element-6066-11e4-a52e-4f735466cecf":"f.92C64C74BFFB4A8B431616FE9F273F76.d.A0713E71415FACECE42E4DCD146944D3.e.21984"},"setValue",["5/28/25"]]}
RESULT: {"script":"<script> [6424 bytes]","args":[{"element-6066-11e4-a52e-4f735466cecf":"f.92C64C74BFFB4A8B431616FE9F273F76.d.A0713E71415FACECE42E4DCD146944D3.e.21984"},"setValue",["5/28/25"]]}
COMMAND: POST /session/9f4c84e4ae75e749cefc69cbdd96fe2c/element - {"using":"xpath","value":"//bdi[contains(text(), \"Instructions\")]"}
RESULT: {"using":"xpath","value":"//bdi[contains(text(), \"Instructions\")]"}
COMMAND: POST /session/9f4c84e4ae75e749cefc69cbdd96fe2c/element/f.92C64C74BFFB4A8B431616FE9F273F76.d.A0713E71415FACECE42E4DCD146944D3.e.22203/click - {}
RESULT: {}
COMMAND: GET /session/9f4c84e4ae75e749cefc69cbdd96fe2c/screenshot - {}
RESULT: {}
COMMAND: POST /session/9f4c84e4ae75e749cefc69cbdd96fe2c/element - {"using":"xpath","value":"//button[@data-kt=\"AddNewHOProvideAddItemsButton\"]"}
RESULT: {"using":"xpath","value":"//button[@data-kt=\"AddNewHOProvideAddItemsButton\"]"}
COMMAND: POST /session/9f4c84e4ae75e749cefc69cbdd96fe2c/element/f.92C64C74BFFB4A8B431616FE9F273F76.d.A0713E71415FACECE42E4DCD146944D3.e.22207/click - {}
RESULT: {}
COMMAND: GET /session/9f4c84e4ae75e749cefc69cbdd96fe2c/screenshot - {}
RESULT: {}
RESULT: undefined
COMMAND: POST /session/9f4c84e4ae75e749cefc69cbdd96fe2c/element - {"using":"xpath","value":"//*[@id=\"application-managehandovers-display-component---AddNewHO--popup-sa\"]"}
RESULT: {"using":"xpath","value":"//*[@id=\"application-managehandovers-display-component---AddNewHO--popup-sa\"]"}
COMMAND: POST /session/9f4c84e4ae75e749cefc69cbdd96fe2c/element/f.92C64C74BFFB4A8B431616FE9F273F76.d.A0713E71415FACECE42E4DCD146944D3.e.22218/click - {}
RESULT: {}
COMMAND: GET /session/9f4c84e4ae75e749cefc69cbdd96fe2c/screenshot - {}
RESULT: {}
COMMAND: POST /session/9f4c84e4ae75e749cefc69cbdd96fe2c/element - {"using":"xpath","value":"//*[contains(@id ,\"BDI-content\")][contains(text(), \"Select\")]"}
RESULT: {"using":"xpath","value":"//*[contains(@id ,\"BDI-content\")][contains(text(), \"Select\")]"}
COMMAND: POST /session/9f4c84e4ae75e749cefc69cbdd96fe2c/element/f.92C64C74BFFB4A8B431616FE9F273F76.d.A0713E71415FACECE42E4DCD146944D3.e.22219/click - {}
RESULT: {}
COMMAND: GET /session/9f4c84e4ae75e749cefc69cbdd96fe2c/screenshot - {}
RESULT: {}
COMMAND: POST /session/9f4c84e4ae75e749cefc69cbdd96fe2c/execute/async - {"script":"<script> [1562 bytes]","args":[{"selector":{"id":"application-managehandovers-display-component---AddNewHO--confirmCreationButton","interaction":{"idSuffix":"BDI-content"}},"wdio_ui5_key":"applicationmanagehandovers-display-component---AddNewHO--confirmCreationButton"}]}
RESULT: {"script":"<script> [1562 bytes]","args":[{"selector":{"id":"application-managehandovers-display-component---AddNewHO--confirmCreationButton","interaction":{"idSuffix":"BDI-content"}},"wdio_ui5_key":"applicationmanagehandovers-display-component---AddNewHO--confirmCreationButton"}]}
RESULT: undefined
COMMAND: POST /session/9f4c84e4ae75e749cefc69cbdd96fe2c/element - {"using":"xpath","value":"//*[@id=\"application-managehandovers-display-component---AddNewHO--confirmCreationButton\"]"}
RESULT: {"using":"xpath","value":"//*[@id=\"application-managehandovers-display-component---AddNewHO--confirmCreationButton\"]"}
COMMAND: POST /session/9f4c84e4ae75e749cefc69cbdd96fe2c/element/f.92C64C74BFFB4A8B431616FE9F273F76.d.A0713E71415FACECE42E4DCD146944D3.e.22031/click - {}
RESULT: {}
COMMAND: GET /session/9f4c84e4ae75e749cefc69cbdd96fe2c/screenshot - {}
RESULT: {}
COMMAND: POST /session/9f4c84e4ae75e749cefc69cbdd96fe2c/execute/async - {"script":"<script> [1562 bytes]","args":[{"selector":{"id":"issueDatePicker","viewName":"etm.portal.ui.managehandovers.view.DetailExecuteHO","interaction":{"idSuffix":"inner"}},"wdio_ui5_key":"issueDatePickeretmportal.ui.managehandovers.view.DetailExecuteHO"}]}
RESULT: {"script":"<script> [1562 bytes]","args":[{"selector":{"id":"issueDatePicker","viewName":"etm.portal.ui.managehandovers.view.DetailExecuteHO","interaction":{"idSuffix":"inner"}},"wdio_ui5_key":"issueDatePickeretmportal.ui.managehandovers.view.DetailExecuteHO"}]}
RESULT: undefined
COMMAND: POST /session/9f4c84e4ae75e749cefc69cbdd96fe2c/execute/async - {"script":"<script> [776 bytes]","args":[{"enterText":"5/28/25","selector":{"id":"issueDatePicker","viewName":"etm.portal.ui.managehandovers.view.DetailExecuteHO","interaction":{"idSuffix":"inner"}},"clearTextFirst":true,"interactionType":"ENTER_TEXT"}]}
RESULT: {"script":"<script> [776 bytes]","args":[{"enterText":"5/28/25","selector":{"id":"issueDatePicker","viewName":"etm.portal.ui.managehandovers.view.DetailExecuteHO","interaction":{"idSuffix":"inner"}},"clearTextFirst":true,"interactionType":"ENTER_TEXT"}]}
COMMAND: POST /session/9f4c84e4ae75e749cefc69cbdd96fe2c/element - {"using":"xpath","value":"//button[@data-kt=\"PickingTableConfirmAllButton\"]"}
RESULT: {"using":"xpath","value":"//button[@data-kt=\"PickingTableConfirmAllButton\"]"}
COMMAND: POST /session/9f4c84e4ae75e749cefc69cbdd96fe2c/element/f.92C64C74BFFB4A8B431616FE9F273F76.d.A0713E71415FACECE42E4DCD146944D3.e.22281/click - {}
RESULT: {}
COMMAND: GET /session/9f4c84e4ae75e749cefc69cbdd96fe2c/screenshot - {}
RESULT: {}
COMMAND: POST /session/9f4c84e4ae75e749cefc69cbdd96fe2c/element - {"using":"xpath","value":"//bdi[contains(text(), \"OK\")]"}
RESULT: {"using":"xpath","value":"//bdi[contains(text(), \"OK\")]"}
COMMAND: POST /session/9f4c84e4ae75e749cefc69cbdd96fe2c/element/f.92C64C74BFFB4A8B431616FE9F273F76.d.A0713E71415FACECE42E4DCD146944D3.e.22285/click - {}
RESULT: {}
COMMAND: GET /session/9f4c84e4ae75e749cefc69cbdd96fe2c/screenshot - {}
RESULT: {}
COMMAND: POST /session/9f4c84e4ae75e749cefc69cbdd96fe2c/element - {"using":"xpath","value":"//button[@data-kt=\"execHoPickButton\"]"}
RESULT: {"using":"xpath","value":"//button[@data-kt=\"execHoPickButton\"]"}
COMMAND: POST /session/9f4c84e4ae75e749cefc69cbdd96fe2c/element/f.92C64C74BFFB4A8B431616FE9F273F76.d.A0713E71415FACECE42E4DCD146944D3.e.22286/click - {}
RESULT: {}
COMMAND: GET /session/9f4c84e4ae75e749cefc69cbdd96fe2c/screenshot - {}
RESULT: {}
COMMAND: POST /session/9f4c84e4ae75e749cefc69cbdd96fe2c/element - {"using":"xpath","value":"//span[contains(@id ,\"filterItemControl_BASIC-RECEIVE_CONTRACT-vhi\")]"}
RESULT: {"using":"xpath","value":"//span[contains(@id ,\"filterItemControl_BASIC-RECEIVE_CONTRACT-vhi\")]"}
COMMAND: POST /session/9f4c84e4ae75e749cefc69cbdd96fe2c/element/f.92C64C74BFFB4A8B431616FE9F273F76.d.A0713E71415FACECE42E4DCD146944D3.e.22463/click - {}
RESULT: {}
COMMAND: GET /session/9f4c84e4ae75e749cefc69cbdd96fe2c/screenshot - {}
RESULT: {}
COMMAND: POST /session/9f4c84e4ae75e749cefc69cbdd96fe2c/execute/async - {"script":"<script> [1562 bytes]","args":[{"selector":{"controlType":"sap.m.SearchField","viewName":"etm.portal.ui.managehandovers.view.MasterHO","bindingPath":{"path":"","propertyPath":"/_BASIC_SEARCH_FIELD","modelName":"fi1t3rM0d31"},"searchOpenDialogs":true,"interaction":{"idSuffix":"I"}},"wdio_ui5_key":"etmportal.ui.managehandovers.view.MasterHOsap.m.SearchField{\"path\":\"\",\"propertyPath\":\"/_BASIC_SEARCH_FIELD\",\"modelName\":\"fi1t3rM0d31\"}"}]}
RESULT: {"script":"<script> [1562 bytes]","args":[{"selector":{"controlType":"sap.m.SearchField","viewName":"etm.portal.ui.managehandovers.view.MasterHO","bindingPath":{"path":"","propertyPath":"/_BASIC_SEARCH_FIELD","modelName":"fi1t3rM0d31"},"searchOpenDialogs":true,"interaction":{"idSuffix":"I"}},"wdio_ui5_key":"etmportal.ui.managehandovers.view.MasterHOsap.m.SearchField{\"path\":\"\",\"propertyPath\":\"/_BASIC_SEARCH_FIELD\",\"modelName\":\"fi1t3rM0d31\"}"}]}
RESULT: undefined
COMMAND: POST /session/9f4c84e4ae75e749cefc69cbdd96fe2c/execute/async - {"script":"<script> [776 bytes]","args":[{"enterText":"10354","selector":{"controlType":"sap.m.SearchField","viewName":"etm.portal.ui.managehandovers.view.MasterHO","bindingPath":{"path":"","propertyPath":"/_BASIC_SEARCH_FIELD","modelName":"fi1t3rM0d31"},"searchOpenDialogs":true,"interaction":{"idSuffix":"I"}},"clearTextFirst":true,"interactionType":"ENTER_TEXT"}]}
RESULT: {"script":"<script> [776 bytes]","args":[{"enterText":"10354","selector":{"controlType":"sap.m.SearchField","viewName":"etm.portal.ui.managehandovers.view.MasterHO","bindingPath":{"path":"","propertyPath":"/_BASIC_SEARCH_FIELD","modelName":"fi1t3rM0d31"},"searchOpenDialogs":true,"interaction":{"idSuffix":"I"}},"clearTextFirst":true,"interactionType":"ENTER_TEXT"}]}
COMMAND: POST /session/9f4c84e4ae75e749cefc69cbdd96fe2c/actions - {"actions":[{"id":"action78","type":"key","parameters":{},"actions":[{"type":"keyDown","value":""},{"type":"pause","duration":10},{"type":"keyUp","value":""}]}]}
RESULT: {"actions":[{"id":"action78","type":"key","parameters":{},"actions":[{"type":"keyDown","value":""},{"type":"pause","duration":10},{"type":"keyUp","value":""}]}]}
COMMAND: GET /session/9f4c84e4ae75e749cefc69cbdd96fe2c/screenshot - {}
RESULT: {}
COMMAND: POST /session/9f4c84e4ae75e749cefc69cbdd96fe2c/element - {"using":"xpath","value":"//div[contains(@id, 'filterItemControl_BASIC-RECEIVE_CONTRACT-valueHelpDialog-table-rowsel0')]"}
RESULT: {"using":"xpath","value":"//div[contains(@id, 'filterItemControl_BASIC-RECEIVE_CONTRACT-valueHelpDialog-table-rowsel0')]"}
COMMAND: POST /session/9f4c84e4ae75e749cefc69cbdd96fe2c/element/f.92C64C74BFFB4A8B431616FE9F273F76.d.A0713E71415FACECE42E4DCD146944D3.e.22472/click - {}
RESULT: {}
COMMAND: GET /session/9f4c84e4ae75e749cefc69cbdd96fe2c/screenshot - {}
RESULT: {}
COMMAND: POST /session/9f4c84e4ae75e749cefc69cbdd96fe2c/element - {"using":"xpath","value":"//bdi[contains(text(), \"OK\")]"}
RESULT: {"using":"xpath","value":"//bdi[contains(text(), \"OK\")]"}
COMMAND: POST /session/9f4c84e4ae75e749cefc69cbdd96fe2c/element/f.92C64C74BFFB4A8B431616FE9F273F76.d.A0713E71415FACECE42E4DCD146944D3.e.22474/click - {}
RESULT: {}
COMMAND: GET /session/9f4c84e4ae75e749cefc69cbdd96fe2c/screenshot - {}
RESULT: {}
COMMAND: POST /session/9f4c84e4ae75e749cefc69cbdd96fe2c/element - {"using":"xpath","value":"//span[contains(@id, \"smartTable-header-inner\")]"}
RESULT: {"using":"xpath","value":"//span[contains(@id, \"smartTable-header-inner\")]"}
COMMAND: POST /session/9f4c84e4ae75e749cefc69cbdd96fe2c/elements - {"using":"xpath","value":"//span[contains(@id, \"smartTable-header-inner\")]"}
RESULT: {"using":"xpath","value":"//span[contains(@id, \"smartTable-header-inner\")]"}
COMMAND: POST /session/9f4c84e4ae75e749cefc69cbdd96fe2c/execute/sync - {"script":"<script> [56 bytes]","args":[{"element-6066-11e4-a52e-4f735466cecf":"f.92C64C74BFFB4A8B431616FE9F273F76.d.A0713E71415FACECE42E4DCD146944D3.e.22503","ELEMENT":"f.92C64C74BFFB4A8B431616FE9F273F76.d.A0713E71415FACECE42E4DCD146944D3.e.22503"}]}
RESULT: {"script":"<script> [56 bytes]","args":[{"element-6066-11e4-a52e-4f735466cecf":"f.92C64C74BFFB4A8B431616FE9F273F76.d.A0713E71415FACECE42E4DCD146944D3.e.22503","ELEMENT":"f.92C64C74BFFB4A8B431616FE9F273F76.d.A0713E71415FACECE42E4DCD146944D3.e.22503"}]}
COMMAND: POST /session/9f4c84e4ae75e749cefc69cbdd96fe2c/element - {"using":"xpath","value":"//table[contains(@id, \"customHandovers\")]//tbody/tr[1]/td[2]/span"}
COMMAND: GET /session/9f4c84e4ae75e749cefc69cbdd96fe2c/screenshot - {}
RESULT: {"using":"xpath","value":"//table[contains(@id, \"customHandovers\")]//tbody/tr[1]/td[2]/span"}
COMMAND: POST /session/9f4c84e4ae75e749cefc69cbdd96fe2c/execute/sync - {"script":"<script> [56 bytes]","args":[{"element-6066-11e4-a52e-4f735466cecf":"f.92C64C74BFFB4A8B431616FE9F273F76.d.A0713E71415FACECE42E4DCD146944D3.e.22504","ELEMENT":"f.92C64C74BFFB4A8B431616FE9F273F76.d.A0713E71415FACECE42E4DCD146944D3.e.22504"}]}
RESULT: {}
RESULT: {"script":"<script> [56 bytes]","args":[{"element-6066-11e4-a52e-4f735466cecf":"f.92C64C74BFFB4A8B431616FE9F273F76.d.A0713E71415FACECE42E4DCD146944D3.e.22504","ELEMENT":"f.92C64C74BFFB4A8B431616FE9F273F76.d.A0713E71415FACECE42E4DCD146944D3.e.22504"}]}
COMMAND: POST /session/9f4c84e4ae75e749cefc69cbdd96fe2c/element - {"using":"xpath","value":"(//span[contains(@id, \"imgNav\")])[1]"}
COMMAND: GET /session/9f4c84e4ae75e749cefc69cbdd96fe2c/screenshot - {}
RESULT: {"using":"xpath","value":"(//span[contains(@id, \"imgNav\")])[1]"}
COMMAND: POST /session/9f4c84e4ae75e749cefc69cbdd96fe2c/element/f.92C64C74BFFB4A8B431616FE9F273F76.d.A0713E71415FACECE42E4DCD146944D3.e.22500/click - {}
RESULT: {}
RESULT: {}
COMMAND: GET /session/9f4c84e4ae75e749cefc69cbdd96fe2c/screenshot - {}
RESULT: {}
RESULT: undefined
COMMAND: POST /session/9f4c84e4ae75e749cefc69cbdd96fe2c/execute/async - {"script":"<script> [776 bytes]","args":[{"enterText":"5/28/25","selector":{"id":"issueDatePicker","viewName":"etm.portal.ui.managehandovers.view.DetailExecuteHO","interaction":{"idSuffix":"inner"}},"clearTextFirst":true,"interactionType":"ENTER_TEXT"}]}
RESULT: {"script":"<script> [776 bytes]","args":[{"enterText":"5/28/25","selector":{"id":"issueDatePicker","viewName":"etm.portal.ui.managehandovers.view.DetailExecuteHO","interaction":{"idSuffix":"inner"}},"clearTextFirst":true,"interactionType":"ENTER_TEXT"}]}
COMMAND: POST /session/9f4c84e4ae75e749cefc69cbdd96fe2c/element - {"using":"xpath","value":"//button[@data-kt=\"IssuingTableConfirmAllButton\"]"}
RESULT: {"using":"xpath","value":"//button[@data-kt=\"IssuingTableConfirmAllButton\"]"}
COMMAND: POST /session/9f4c84e4ae75e749cefc69cbdd96fe2c/element/f.92C64C74BFFB4A8B431616FE9F273F76.d.A0713E71415FACECE42E4DCD146944D3.e.22545/click - {}
RESULT: {}
COMMAND: GET /session/9f4c84e4ae75e749cefc69cbdd96fe2c/screenshot - {}
RESULT: {}
COMMAND: POST /session/9f4c84e4ae75e749cefc69cbdd96fe2c/element - {"using":"xpath","value":"//bdi[contains(text(), \"OK\")]"}
RESULT: {"using":"xpath","value":"//bdi[contains(text(), \"OK\")]"}
COMMAND: POST /session/9f4c84e4ae75e749cefc69cbdd96fe2c/element/f.92C64C74BFFB4A8B431616FE9F273F76.d.A0713E71415FACECE42E4DCD146944D3.e.22563/click - {}
RESULT: {}
COMMAND: GET /session/9f4c84e4ae75e749cefc69cbdd96fe2c/screenshot - {}
RESULT: {}
COMMAND: POST /session/9f4c84e4ae75e749cefc69cbdd96fe2c/element - {"using":"xpath","value":"//button[@data-kt=\"execHoIssueButton\"]"}
RESULT: {"using":"xpath","value":"//button[@data-kt=\"execHoIssueButton\"]"}
COMMAND: POST /session/9f4c84e4ae75e749cefc69cbdd96fe2c/element/f.92C64C74BFFB4A8B431616FE9F273F76.d.A0713E71415FACECE42E4DCD146944D3.e.22565/click - {}
RESULT: {}
COMMAND: GET /session/9f4c84e4ae75e749cefc69cbdd96fe2c/screenshot - {}
RESULT: {}
COMMAND: POST /session/9f4c84e4ae75e749cefc69cbdd96fe2c/element - {"using":"xpath","value":"//input[contains(@id ,\"smartFilterBar-btnBasicSearch-I\")]"}
RESULT: {"using":"xpath","value":"//input[contains(@id ,\"smartFilterBar-btnBasicSearch-I\")]"}
COMMAND: POST /session/9f4c84e4ae75e749cefc69cbdd96fe2c/elements - {"using":"xpath","value":"//input[contains(@id ,\"smartFilterBar-btnBasicSearch-I\")]"}
RESULT: {"using":"xpath","value":"//input[contains(@id ,\"smartFilterBar-btnBasicSearch-I\")]"}
COMMAND: POST /session/9f4c84e4ae75e749cefc69cbdd96fe2c/execute/sync - {"script":"<script> [8489 bytes]","args":[{"element-6066-11e4-a52e-4f735466cecf":"f.92C64C74BFFB4A8B431616FE9F273F76.d.A0713E71415FACECE42E4DCD146944D3.e.21983","ELEMENT":"f.92C64C74BFFB4A8B431616FE9F273F76.d.A0713E71415FACECE42E4DCD146944D3.e.21983"}]}
RESULT: {"script":"<script> [8489 bytes]","args":[{"element-6066-11e4-a52e-4f735466cecf":"f.92C64C74BFFB4A8B431616FE9F273F76.d.A0713E71415FACECE42E4DCD146944D3.e.21983","ELEMENT":"f.92C64C74BFFB4A8B431616FE9F273F76.d.A0713E71415FACECE42E4DCD146944D3.e.21983"}]}
COMMAND: GET /session/9f4c84e4ae75e749cefc69cbdd96fe2c/element/f.92C64C74BFFB4A8B431616FE9F273F76.d.A0713E71415FACECE42E4DCD146944D3.e.21983/enabled - {}
COMMAND: GET /session/9f4c84e4ae75e749cefc69cbdd96fe2c/screenshot - {}
RESULT: {}
COMMAND: POST /session/9f4c84e4ae75e749cefc69cbdd96fe2c/element/f.92C64C74BFFB4A8B431616FE9F273F76.d.A0713E71415FACECE42E4DCD146944D3.e.21983/clear - {}
COMMAND: GET /session/9f4c84e4ae75e749cefc69cbdd96fe2c/screenshot - {}
RESULT: {}
RESULT: {}
COMMAND: POST /session/9f4c84e4ae75e749cefc69cbdd96fe2c/element/f.92C64C74BFFB4A8B431616FE9F273F76.d.A0713E71415FACECE42E4DCD146944D3.e.21983/value - {"text":"30768"}
COMMAND: GET /session/9f4c84e4ae75e749cefc69cbdd96fe2c/screenshot - {}
RESULT: {}
RESULT: {"text":"30768"}
COMMAND: GET /session/9f4c84e4ae75e749cefc69cbdd96fe2c/screenshot - {}
RESULT: {}
RESULT: {}
COMMAND: POST /session/9f4c84e4ae75e749cefc69cbdd96fe2c/actions - {"actions":[{"id":"action79","type":"key","parameters":{},"actions":[{"type":"keyDown","value":""},{"type":"pause","duration":10},{"type":"keyUp","value":""}]}]}
RESULT: {"actions":[{"id":"action79","type":"key","parameters":{},"actions":[{"type":"keyDown","value":""},{"type":"pause","duration":10},{"type":"keyUp","value":""}]}]}
COMMAND: GET /session/9f4c84e4ae75e749cefc69cbdd96fe2c/screenshot - {}
RESULT: {}
COMMAND: POST /session/9f4c84e4ae75e749cefc69cbdd96fe2c/element - {"using":"xpath","value":"//span[contains(@id, \"smartTable-header-inner\")]"}
RESULT: {"using":"xpath","value":"//span[contains(@id, \"smartTable-header-inner\")]"}
COMMAND: POST /session/9f4c84e4ae75e749cefc69cbdd96fe2c/elements - {"using":"xpath","value":"//span[contains(@id, \"smartTable-header-inner\")]"}
RESULT: {"using":"xpath","value":"//span[contains(@id, \"smartTable-header-inner\")]"}
COMMAND: POST /session/9f4c84e4ae75e749cefc69cbdd96fe2c/execute/sync - {"script":"<script> [56 bytes]","args":[{"element-6066-11e4-a52e-4f735466cecf":"f.92C64C74BFFB4A8B431616FE9F273F76.d.A0713E71415FACECE42E4DCD146944D3.e.22503","ELEMENT":"f.92C64C74BFFB4A8B431616FE9F273F76.d.A0713E71415FACECE42E4DCD146944D3.e.22503"}]}
RESULT: {"script":"<script> [56 bytes]","args":[{"element-6066-11e4-a52e-4f735466cecf":"f.92C64C74BFFB4A8B431616FE9F273F76.d.A0713E71415FACECE42E4DCD146944D3.e.22503","ELEMENT":"f.92C64C74BFFB4A8B431616FE9F273F76.d.A0713E71415FACECE42E4DCD146944D3.e.22503"}]}
COMMAND: POST /session/9f4c84e4ae75e749cefc69cbdd96fe2c/elements - {"using":"xpath","value":"//thead[contains(@class, \"sapMTableTH\")]/tr/th"}
COMMAND: GET /session/9f4c84e4ae75e749cefc69cbdd96fe2c/screenshot - {}
RESULT: {"using":"xpath","value":"//thead[contains(@class, \"sapMTableTH\")]/tr/th"}
COMMAND: GET /session/9f4c84e4ae75e749cefc69cbdd96fe2c/element/f.92C64C74BFFB4A8B431616FE9F273F76.d.A0713E71415FACECE42E4DCD146944D3.e.22609/text - {}
RESULT: {}
RESULT: {}
COMMAND: GET /session/9f4c84e4ae75e749cefc69cbdd96fe2c/element/f.92C64C74BFFB4A8B431616FE9F273F76.d.A0713E71415FACECE42E4DCD146944D3.e.22610/text - {}
RESULT: {}
COMMAND: GET /session/9f4c84e4ae75e749cefc69cbdd96fe2c/element/f.92C64C74BFFB4A8B431616FE9F273F76.d.A0713E71415FACECE42E4DCD146944D3.e.21977/text - {}
RESULT: {}
COMMAND: GET /session/9f4c84e4ae75e749cefc69cbdd96fe2c/element/f.92C64C74BFFB4A8B431616FE9F273F76.d.A0713E71415FACECE42E4DCD146944D3.e.21979/text - {}
RESULT: {}
COMMAND: GET /session/9f4c84e4ae75e749cefc69cbdd96fe2c/element/f.92C64C74BFFB4A8B431616FE9F273F76.d.A0713E71415FACECE42E4DCD146944D3.e.22569/text - {}
RESULT: {}
COMMAND: GET /session/9f4c84e4ae75e749cefc69cbdd96fe2c/element/f.92C64C74BFFB4A8B431616FE9F273F76.d.A0713E71415FACECE42E4DCD146944D3.e.22570/text - {}
RESULT: {}
COMMAND: GET /session/9f4c84e4ae75e749cefc69cbdd96fe2c/element/f.92C64C74BFFB4A8B431616FE9F273F76.d.A0713E71415FACECE42E4DCD146944D3.e.22571/text - {}
RESULT: {}
COMMAND: GET /session/9f4c84e4ae75e749cefc69cbdd96fe2c/element/f.92C64C74BFFB4A8B431616FE9F273F76.d.A0713E71415FACECE42E4DCD146944D3.e.22572/text - {}
RESULT: {}
COMMAND: GET /session/9f4c84e4ae75e749cefc69cbdd96fe2c/element/f.92C64C74BFFB4A8B431616FE9F273F76.d.A0713E71415FACECE42E4DCD146944D3.e.22573/text - {}
RESULT: {}
COMMAND: GET /session/9f4c84e4ae75e749cefc69cbdd96fe2c/element/f.92C64C74BFFB4A8B431616FE9F273F76.d.A0713E71415FACECE42E4DCD146944D3.e.22574/text - {}
RESULT: {}
COMMAND: GET /session/9f4c84e4ae75e749cefc69cbdd96fe2c/element/f.92C64C74BFFB4A8B431616FE9F273F76.d.A0713E71415FACECE42E4DCD146944D3.e.22575/text - {}
RESULT: {}
COMMAND: GET /session/9f4c84e4ae75e749cefc69cbdd96fe2c/element/f.92C64C74BFFB4A8B431616FE9F273F76.d.A0713E71415FACECE42E4DCD146944D3.e.22576/text - {}
RESULT: {}
COMMAND: GET /session/9f4c84e4ae75e749cefc69cbdd96fe2c/element/f.92C64C74BFFB4A8B431616FE9F273F76.d.A0713E71415FACECE42E4DCD146944D3.e.22577/text - {}
RESULT: {}
COMMAND: GET /session/9f4c84e4ae75e749cefc69cbdd96fe2c/element/f.92C64C74BFFB4A8B431616FE9F273F76.d.A0713E71415FACECE42E4DCD146944D3.e.21980/text - {}
RESULT: {}
COMMAND: POST /session/9f4c84e4ae75e749cefc69cbdd96fe2c/element - {"using":"xpath","value":"//tbody[contains(@id, \"customHandoversTable-tblBody\")]/tr[1]/td[14]/div/span"}
RESULT: {"using":"xpath","value":"//tbody[contains(@id, \"customHandoversTable-tblBody\")]/tr[1]/td[14]/div/span"}
COMMAND: POST /session/9f4c84e4ae75e749cefc69cbdd96fe2c/execute/sync - {"script":"<script> [56 bytes]","args":[{"element-6066-11e4-a52e-4f735466cecf":"f.92C64C74BFFB4A8B431616FE9F273F76.d.A0713E71415FACECE42E4DCD146944D3.e.22659","ELEMENT":"f.92C64C74BFFB4A8B431616FE9F273F76.d.A0713E71415FACECE42E4DCD146944D3.e.22659"}]}
RESULT: {"script":"<script> [56 bytes]","args":[{"element-6066-11e4-a52e-4f735466cecf":"f.92C64C74BFFB4A8B431616FE9F273F76.d.A0713E71415FACECE42E4DCD146944D3.e.22659","ELEMENT":"f.92C64C74BFFB4A8B431616FE9F273F76.d.A0713E71415FACECE42E4DCD146944D3.e.22659"}]}
COMMAND: POST /session/9f4c84e4ae75e749cefc69cbdd96fe2c/element - {"using":"xpath","value":"(//span[contains(@id, \"imgNav\")])[1]"}
COMMAND: GET /session/9f4c84e4ae75e749cefc69cbdd96fe2c/screenshot - {}
RESULT: {"using":"xpath","value":"(//span[contains(@id, \"imgNav\")])[1]"}
COMMAND: POST /session/9f4c84e4ae75e749cefc69cbdd96fe2c/element/f.92C64C74BFFB4A8B431616FE9F273F76.d.A0713E71415FACECE42E4DCD146944D3.e.22606/click - {}
RESULT: {}
RESULT: {}
COMMAND: GET /session/9f4c84e4ae75e749cefc69cbdd96fe2c/screenshot - {}
RESULT: {}
RESULT: undefined
COMMAND: POST /session/9f4c84e4ae75e749cefc69cbdd96fe2c/execute/async - {"script":"<script> [776 bytes]","args":[{"enterText":"6/4/25","selector":{"id":"receiptDatePicker","viewName":"etm.portal.ui.managehandovers.view.DetailExecuteHO","interaction":{"idSuffix":"inner"}},"clearTextFirst":true,"interactionType":"ENTER_TEXT"}]}
RESULT: {"script":"<script> [776 bytes]","args":[{"enterText":"6/4/25","selector":{"id":"receiptDatePicker","viewName":"etm.portal.ui.managehandovers.view.DetailExecuteHO","interaction":{"idSuffix":"inner"}},"clearTextFirst":true,"interactionType":"ENTER_TEXT"}]}
COMMAND: POST /session/9f4c84e4ae75e749cefc69cbdd96fe2c/element - {"using":"xpath","value":"//bdi[contains(text(), \"OK\")]"}
RESULT: {"using":"xpath","value":"//bdi[contains(text(), \"OK\")]"}
COMMAND: POST /session/9f4c84e4ae75e749cefc69cbdd96fe2c/element/f.92C64C74BFFB4A8B431616FE9F273F76.d.A0713E71415FACECE42E4DCD146944D3.e.22686/click - {}
RESULT: {}
COMMAND: GET /session/9f4c84e4ae75e749cefc69cbdd96fe2c/screenshot - {}
RESULT: {}
COMMAND: POST /session/9f4c84e4ae75e749cefc69cbdd96fe2c/element - {"using":"xpath","value":"//button[@data-kt=\"ReceivingTableConfirmAllButton\"]"}
RESULT: {"using":"xpath","value":"//button[@data-kt=\"ReceivingTableConfirmAllButton\"]"}
COMMAND: POST /session/9f4c84e4ae75e749cefc69cbdd96fe2c/element/f.92C64C74BFFB4A8B431616FE9F273F76.d.A0713E71415FACECE42E4DCD146944D3.e.22667/click - {}
RESULT: {}
COMMAND: GET /session/9f4c84e4ae75e749cefc69cbdd96fe2c/screenshot - {}
RESULT: {}
COMMAND: POST /session/9f4c84e4ae75e749cefc69cbdd96fe2c/element - {"using":"xpath","value":"//bdi[contains(text(), \"OK\")]"}
RESULT: {"using":"xpath","value":"//bdi[contains(text(), \"OK\")]"}
COMMAND: POST /session/9f4c84e4ae75e749cefc69cbdd96fe2c/element/f.92C64C74BFFB4A8B431616FE9F273F76.d.A0713E71415FACECE42E4DCD146944D3.e.22700/click - {}
RESULT: {}
COMMAND: GET /session/9f4c84e4ae75e749cefc69cbdd96fe2c/screenshot - {}
RESULT: {}
COMMAND: POST /session/9f4c84e4ae75e749cefc69cbdd96fe2c/element - {"using":"xpath","value":"//button[@data-kt= \"execHoReceiveButton\"]"}
RESULT: {"using":"xpath","value":"//button[@data-kt= \"execHoReceiveButton\"]"}
COMMAND: POST /session/9f4c84e4ae75e749cefc69cbdd96fe2c/element/f.92C64C74BFFB4A8B431616FE9F273F76.d.A0713E71415FACECE42E4DCD146944D3.e.22702/click - {}
RESULT: {}
COMMAND: GET /session/9f4c84e4ae75e749cefc69cbdd96fe2c/screenshot - {}
RESULT: {}
COMMAND: POST /session/9f4c84e4ae75e749cefc69cbdd96fe2c/element - {"using":"xpath","value":"//input[contains(@id ,\"smartFilterBar-btnBasicSearch-I\")]"}
RESULT: {"using":"xpath","value":"//input[contains(@id ,\"smartFilterBar-btnBasicSearch-I\")]"}
COMMAND: POST /session/9f4c84e4ae75e749cefc69cbdd96fe2c/elements - {"using":"xpath","value":"//input[contains(@id ,\"smartFilterBar-btnBasicSearch-I\")]"}
RESULT: {"using":"xpath","value":"//input[contains(@id ,\"smartFilterBar-btnBasicSearch-I\")]"}
COMMAND: POST /session/9f4c84e4ae75e749cefc69cbdd96fe2c/execute/sync - {"script":"<script> [8489 bytes]","args":[{"element-6066-11e4-a52e-4f735466cecf":"f.92C64C74BFFB4A8B431616FE9F273F76.d.A0713E71415FACECE42E4DCD146944D3.e.21983","ELEMENT":"f.92C64C74BFFB4A8B431616FE9F273F76.d.A0713E71415FACECE42E4DCD146944D3.e.21983"}]}
RESULT: {"script":"<script> [8489 bytes]","args":[{"element-6066-11e4-a52e-4f735466cecf":"f.92C64C74BFFB4A8B431616FE9F273F76.d.A0713E71415FACECE42E4DCD146944D3.e.21983","ELEMENT":"f.92C64C74BFFB4A8B431616FE9F273F76.d.A0713E71415FACECE42E4DCD146944D3.e.21983"}]}
COMMAND: GET /session/9f4c84e4ae75e749cefc69cbdd96fe2c/element/f.92C64C74BFFB4A8B431616FE9F273F76.d.A0713E71415FACECE42E4DCD146944D3.e.21983/enabled - {}
COMMAND: GET /session/9f4c84e4ae75e749cefc69cbdd96fe2c/screenshot - {}
RESULT: {}
COMMAND: POST /session/9f4c84e4ae75e749cefc69cbdd96fe2c/element/f.92C64C74BFFB4A8B431616FE9F273F76.d.A0713E71415FACECE42E4DCD146944D3.e.21983/clear - {}
COMMAND: GET /session/9f4c84e4ae75e749cefc69cbdd96fe2c/screenshot - {}
RESULT: {}
RESULT: {}
COMMAND: POST /session/9f4c84e4ae75e749cefc69cbdd96fe2c/element/f.92C64C74BFFB4A8B431616FE9F273F76.d.A0713E71415FACECE42E4DCD146944D3.e.21983/value - {"text":"30768"}
COMMAND: GET /session/9f4c84e4ae75e749cefc69cbdd96fe2c/screenshot - {}
RESULT: {}
RESULT: {"text":"30768"}
COMMAND: GET /session/9f4c84e4ae75e749cefc69cbdd96fe2c/screenshot - {}
RESULT: {}
RESULT: {}
COMMAND: POST /session/9f4c84e4ae75e749cefc69cbdd96fe2c/actions - {"actions":[{"id":"action80","type":"key","parameters":{},"actions":[{"type":"keyDown","value":""},{"type":"pause","duration":10},{"type":"keyUp","value":""}]}]}
RESULT: {"actions":[{"id":"action80","type":"key","parameters":{},"actions":[{"type":"keyDown","value":""},{"type":"pause","duration":10},{"type":"keyUp","value":""}]}]}
COMMAND: GET /session/9f4c84e4ae75e749cefc69cbdd96fe2c/screenshot - {}
RESULT: {}
COMMAND: POST /session/9f4c84e4ae75e749cefc69cbdd96fe2c/element - {"using":"xpath","value":"//span[contains(@id, \"smartTable-header-inner\")]"}
RESULT: {"using":"xpath","value":"//span[contains(@id, \"smartTable-header-inner\")]"}
COMMAND: POST /session/9f4c84e4ae75e749cefc69cbdd96fe2c/elements - {"using":"xpath","value":"//span[contains(@id, \"smartTable-header-inner\")]"}
RESULT: {"using":"xpath","value":"//span[contains(@id, \"smartTable-header-inner\")]"}
COMMAND: POST /session/9f4c84e4ae75e749cefc69cbdd96fe2c/execute/sync - {"script":"<script> [56 bytes]","args":[{"element-6066-11e4-a52e-4f735466cecf":"f.92C64C74BFFB4A8B431616FE9F273F76.d.A0713E71415FACECE42E4DCD146944D3.e.22503","ELEMENT":"f.92C64C74BFFB4A8B431616FE9F273F76.d.A0713E71415FACECE42E4DCD146944D3.e.22503"}]}
RESULT: {"script":"<script> [56 bytes]","args":[{"element-6066-11e4-a52e-4f735466cecf":"f.92C64C74BFFB4A8B431616FE9F273F76.d.A0713E71415FACECE42E4DCD146944D3.e.22503","ELEMENT":"f.92C64C74BFFB4A8B431616FE9F273F76.d.A0713E71415FACECE42E4DCD146944D3.e.22503"}]}
COMMAND: POST /session/9f4c84e4ae75e749cefc69cbdd96fe2c/elements - {"using":"xpath","value":"//thead[contains(@class, \"sapMTableTH\")]/tr/th"}
COMMAND: GET /session/9f4c84e4ae75e749cefc69cbdd96fe2c/screenshot - {}
RESULT: {"using":"xpath","value":"//thead[contains(@class, \"sapMTableTH\")]/tr/th"}
COMMAND: GET /session/9f4c84e4ae75e749cefc69cbdd96fe2c/element/f.92C64C74BFFB4A8B431616FE9F273F76.d.A0713E71415FACECE42E4DCD146944D3.e.22609/text - {}
RESULT: {}
RESULT: {}
COMMAND: GET /session/9f4c84e4ae75e749cefc69cbdd96fe2c/element/f.92C64C74BFFB4A8B431616FE9F273F76.d.A0713E71415FACECE42E4DCD146944D3.e.22610/text - {}
RESULT: {}
COMMAND: GET /session/9f4c84e4ae75e749cefc69cbdd96fe2c/element/f.92C64C74BFFB4A8B431616FE9F273F76.d.A0713E71415FACECE42E4DCD146944D3.e.21977/text - {}
RESULT: {}
COMMAND: GET /session/9f4c84e4ae75e749cefc69cbdd96fe2c/element/f.92C64C74BFFB4A8B431616FE9F273F76.d.A0713E71415FACECE42E4DCD146944D3.e.21979/text - {}
RESULT: {}
COMMAND: GET /session/9f4c84e4ae75e749cefc69cbdd96fe2c/element/f.92C64C74BFFB4A8B431616FE9F273F76.d.A0713E71415FACECE42E4DCD146944D3.e.22707/text - {}
RESULT: {}
COMMAND: GET /session/9f4c84e4ae75e749cefc69cbdd96fe2c/element/f.92C64C74BFFB4A8B431616FE9F273F76.d.A0713E71415FACECE42E4DCD146944D3.e.22708/text - {}
RESULT: {}
COMMAND: GET /session/9f4c84e4ae75e749cefc69cbdd96fe2c/element/f.92C64C74BFFB4A8B431616FE9F273F76.d.A0713E71415FACECE42E4DCD146944D3.e.22709/text - {}
RESULT: {}
COMMAND: GET /session/9f4c84e4ae75e749cefc69cbdd96fe2c/element/f.92C64C74BFFB4A8B431616FE9F273F76.d.A0713E71415FACECE42E4DCD146944D3.e.22710/text - {}
RESULT: {}
COMMAND: GET /session/9f4c84e4ae75e749cefc69cbdd96fe2c/element/f.92C64C74BFFB4A8B431616FE9F273F76.d.A0713E71415FACECE42E4DCD146944D3.e.22711/text - {}
RESULT: {}
COMMAND: GET /session/9f4c84e4ae75e749cefc69cbdd96fe2c/element/f.92C64C74BFFB4A8B431616FE9F273F76.d.A0713E71415FACECE42E4DCD146944D3.e.22712/text - {}
RESULT: {}
COMMAND: GET /session/9f4c84e4ae75e749cefc69cbdd96fe2c/element/f.92C64C74BFFB4A8B431616FE9F273F76.d.A0713E71415FACECE42E4DCD146944D3.e.22713/text - {}
RESULT: {}
COMMAND: GET /session/9f4c84e4ae75e749cefc69cbdd96fe2c/element/f.92C64C74BFFB4A8B431616FE9F273F76.d.A0713E71415FACECE42E4DCD146944D3.e.22714/text - {}
RESULT: {}
COMMAND: GET /session/9f4c84e4ae75e749cefc69cbdd96fe2c/element/f.92C64C74BFFB4A8B431616FE9F273F76.d.A0713E71415FACECE42E4DCD146944D3.e.22715/text - {}
RESULT: {}
COMMAND: GET /session/9f4c84e4ae75e749cefc69cbdd96fe2c/element/f.92C64C74BFFB4A8B431616FE9F273F76.d.A0713E71415FACECE42E4DCD146944D3.e.21980/text - {}
RESULT: {}
COMMAND: POST /session/9f4c84e4ae75e749cefc69cbdd96fe2c/element - {"using":"xpath","value":"//tbody[contains(@id, \"customHandoversTable-tblBody\")]/tr[1]/td[14]/div/span"}
RESULT: {"using":"xpath","value":"//tbody[contains(@id, \"customHandoversTable-tblBody\")]/tr[1]/td[14]/div/span"}
COMMAND: POST /session/9f4c84e4ae75e749cefc69cbdd96fe2c/execute/sync - {"script":"<script> [56 bytes]","args":[{"element-6066-11e4-a52e-4f735466cecf":"f.92C64C74BFFB4A8B431616FE9F273F76.d.A0713E71415FACECE42E4DCD146944D3.e.22759","ELEMENT":"f.92C64C74BFFB4A8B431616FE9F273F76.d.A0713E71415FACECE42E4DCD146944D3.e.22759"}]}
RESULT: {"script":"<script> [56 bytes]","args":[{"element-6066-11e4-a52e-4f735466cecf":"f.92C64C74BFFB4A8B431616FE9F273F76.d.A0713E71415FACECE42E4DCD146944D3.e.22759","ELEMENT":"f.92C64C74BFFB4A8B431616FE9F273F76.d.A0713E71415FACECE42E4DCD146944D3.e.22759"}]}
COMMAND: POST /session/9f4c84e4ae75e749cefc69cbdd96fe2c/element - {"using":"css selector","value":"#shell-header-logo"}
COMMAND: GET /session/9f4c84e4ae75e749cefc69cbdd96fe2c/screenshot - {}
RESULT: {"using":"css selector","value":"#shell-header-logo"}
COMMAND: POST /session/9f4c84e4ae75e749cefc69cbdd96fe2c/element/f.92C64C74BFFB4A8B431616FE9F273F76.d.A0713E71415FACECE42E4DCD146944D3.e.21227/click - {}
RESULT: {}
RESULT: {}
COMMAND: GET /session/9f4c84e4ae75e749cefc69cbdd96fe2c/screenshot - {}
RESULT: {}
]]></system-out>
    </testcase>
    <testcase classname="chrome.136_0_7103_93.windows.Billing_Calculation_-_Time_based_(considering_transport_times)_US139738" name="Should navigate to Manage Billings and trigger contract calculation business confirm it" time="69.987">
      <system-out><![CDATA[
COMMAND: POST /session/9f4c84e4ae75e749cefc69cbdd96fe2c/execute/async - {"script":"<script> [1562 bytes]","args":[{"selector":{"controlType":"sap.m.GenericTile","properties":{"header":"Manage Billings"}},"wdio_ui5_key":"sapm.GenericTile{\"header\":\"Manage Billings\"}"}]}
RESULT: {"script":"<script> [1562 bytes]","args":[{"selector":{"controlType":"sap.m.GenericTile","properties":{"header":"Manage Billings"}},"wdio_ui5_key":"sapm.GenericTile{\"header\":\"Manage Billings\"}"}]}
RESULT: undefined
COMMAND: POST /session/9f4c84e4ae75e749cefc69cbdd96fe2c/element - {"using":"xpath","value":"//*[@id=\"__tile51\"]"}
RESULT: {"using":"xpath","value":"//*[@id=\"__tile51\"]"}
COMMAND: POST /session/9f4c84e4ae75e749cefc69cbdd96fe2c/element/f.92C64C74BFFB4A8B431616FE9F273F76.d.A0713E71415FACECE42E4DCD146944D3.e.19101/click - {}
RESULT: {}
COMMAND: GET /session/9f4c84e4ae75e749cefc69cbdd96fe2c/screenshot - {}
RESULT: {}
COMMAND: POST /session/9f4c84e4ae75e749cefc69cbdd96fe2c/elements - {"using":"xpath","value":"//span[text()='Error']"}
RESULT: {"using":"xpath","value":"//span[text()='Error']"}
COMMAND: POST /session/9f4c84e4ae75e749cefc69cbdd96fe2c/execute/async - {"script":"<script> [1562 bytes]","args":[{"selector":{"id":"application-managebillings-display-component---billRunCalcResult--smartFilterBar-btnBasicSearch","interaction":{"idSuffix":"I"}},"wdio_ui5_key":"applicationmanagebillings-display-component---billRunCalcResult--smartFilterBar-btnBasicSearch"}]}
RESULT: {"script":"<script> [1562 bytes]","args":[{"selector":{"id":"application-managebillings-display-component---billRunCalcResult--smartFilterBar-btnBasicSearch","interaction":{"idSuffix":"I"}},"wdio_ui5_key":"applicationmanagebillings-display-component---billRunCalcResult--smartFilterBar-btnBasicSearch"}]}
RESULT: undefined
COMMAND: POST /session/9f4c84e4ae75e749cefc69cbdd96fe2c/execute/async - {"script":"<script> [776 bytes]","args":[{"enterText":"10354","selector":{"id":"application-managebillings-display-component---billRunCalcResult--smartFilterBar-btnBasicSearch","interaction":{"idSuffix":"I"}},"clearTextFirst":true,"interactionType":"ENTER_TEXT"}]}
RESULT: {"script":"<script> [776 bytes]","args":[{"enterText":"10354","selector":{"id":"application-managebillings-display-component---billRunCalcResult--smartFilterBar-btnBasicSearch","interaction":{"idSuffix":"I"}},"clearTextFirst":true,"interactionType":"ENTER_TEXT"}]}
COMMAND: POST /session/9f4c84e4ae75e749cefc69cbdd96fe2c/actions - {"actions":[{"id":"action81","type":"key","parameters":{},"actions":[{"type":"keyDown","value":""},{"type":"pause","duration":10},{"type":"keyUp","value":""}]}]}
RESULT: {"actions":[{"id":"action81","type":"key","parameters":{},"actions":[{"type":"keyDown","value":""},{"type":"pause","duration":10},{"type":"keyUp","value":""}]}]}
COMMAND: GET /session/9f4c84e4ae75e749cefc69cbdd96fe2c/screenshot - {}
RESULT: {}
COMMAND: POST /session/9f4c84e4ae75e749cefc69cbdd96fe2c/element - {"using":"xpath","value":"//td[@aria-colindex=\"1\"]/div/div[contains(@class, \"sapMCbBg\")]"}
RESULT: {"using":"xpath","value":"//td[@aria-colindex=\"1\"]/div/div[contains(@class, \"sapMCbBg\")]"}
COMMAND: POST /session/9f4c84e4ae75e749cefc69cbdd96fe2c/element/f.92C64C74BFFB4A8B431616FE9F273F76.d.A0713E71415FACECE42E4DCD146944D3.e.22974/click - {}
RESULT: {}
COMMAND: GET /session/9f4c84e4ae75e749cefc69cbdd96fe2c/screenshot - {}
RESULT: {}
COMMAND: POST /session/9f4c84e4ae75e749cefc69cbdd96fe2c/execute/async - {"script":"<script> [1562 bytes]","args":[{"selector":{"id":"application-managebillings-display-component---billRunCalcResult--contractBillRunDate","interaction":{"idSuffix":"inner"}},"wdio_ui5_key":"applicationmanagebillings-display-component---billRunCalcResult--contractBillRunDate"}]}
RESULT: {"script":"<script> [1562 bytes]","args":[{"selector":{"id":"application-managebillings-display-component---billRunCalcResult--contractBillRunDate","interaction":{"idSuffix":"inner"}},"wdio_ui5_key":"applicationmanagebillings-display-component---billRunCalcResult--contractBillRunDate"}]}
RESULT: undefined
COMMAND: POST /session/9f4c84e4ae75e749cefc69cbdd96fe2c/execute/async - {"script":"<script> [776 bytes]","args":[{"enterText":"5/28/25","selector":{"id":"application-managebillings-display-component---billRunCalcResult--contractBillRunDate","interaction":{"idSuffix":"inner"}},"clearTextFirst":true,"interactionType":"ENTER_TEXT"}]}
RESULT: {"script":"<script> [776 bytes]","args":[{"enterText":"5/28/25","selector":{"id":"application-managebillings-display-component---billRunCalcResult--contractBillRunDate","interaction":{"idSuffix":"inner"}},"clearTextFirst":true,"interactionType":"ENTER_TEXT"}]}
COMMAND: POST /session/9f4c84e4ae75e749cefc69cbdd96fe2c/element - {"using":"xpath","value":"//bdi[contains(text(), \"Trigger Calculation\")]"}
RESULT: {"using":"xpath","value":"//bdi[contains(text(), \"Trigger Calculation\")]"}
COMMAND: POST /session/9f4c84e4ae75e749cefc69cbdd96fe2c/element/f.92C64C74BFFB4A8B431616FE9F273F76.d.A0713E71415FACECE42E4DCD146944D3.e.23025/click - {}
RESULT: {}
COMMAND: GET /session/9f4c84e4ae75e749cefc69cbdd96fe2c/screenshot - {}
RESULT: {}
COMMAND: POST /session/9f4c84e4ae75e749cefc69cbdd96fe2c/element - {"using":"xpath","value":"(//span[contains(@id, \"imgNav\")])[1]"}
RESULT: {"using":"xpath","value":"(//span[contains(@id, \"imgNav\")])[1]"}
COMMAND: POST /session/9f4c84e4ae75e749cefc69cbdd96fe2c/element/f.92C64C74BFFB4A8B431616FE9F273F76.d.A0713E71415FACECE42E4DCD146944D3.e.22975/click - {}
RESULT: {}
COMMAND: GET /session/9f4c84e4ae75e749cefc69cbdd96fe2c/screenshot - {}
RESULT: {}
COMMAND: POST /session/9f4c84e4ae75e749cefc69cbdd96fe2c/element - {"using":"xpath","value":"//tr/td[6]/div[1]/span[1]/span[1]"}
RESULT: {"using":"xpath","value":"//tr/td[6]/div[1]/span[1]/span[1]"}
COMMAND: GET /session/9f4c84e4ae75e749cefc69cbdd96fe2c/element/f.92C64C74BFFB4A8B431616FE9F273F76.d.A0713E71415FACECE42E4DCD146944D3.e.23030/text - {}
RESULT: {}
COMMAND: POST /session/9f4c84e4ae75e749cefc69cbdd96fe2c/element - {"using":"xpath","value":"(//span[contains(@id, \"imgNav\")])[2]"}
RESULT: {"using":"xpath","value":"(//span[contains(@id, \"imgNav\")])[2]"}
COMMAND: POST /session/9f4c84e4ae75e749cefc69cbdd96fe2c/element/f.92C64C74BFFB4A8B431616FE9F273F76.d.A0713E71415FACECE42E4DCD146944D3.e.23031/click - {}
RESULT: {}
COMMAND: POST /session/9f4c84e4ae75e749cefc69cbdd96fe2c/element - {"using":"xpath","value":"//bdi[contains(text(), \"Business Confirm\")]"}
COMMAND: GET /session/9f4c84e4ae75e749cefc69cbdd96fe2c/screenshot - {}
RESULT: {"using":"xpath","value":"//bdi[contains(text(), \"Business Confirm\")]"}
COMMAND: POST /session/9f4c84e4ae75e749cefc69cbdd96fe2c/elements - {"using":"xpath","value":"//bdi[contains(text(), \"Business Confirm\")]"}
RESULT: {}
RESULT: {"using":"xpath","value":"//bdi[contains(text(), \"Business Confirm\")]"}
COMMAND: POST /session/9f4c84e4ae75e749cefc69cbdd96fe2c/element - {"using":"xpath","value":"//bdi[contains(text(), \"Business Confirm\")]"}
RESULT: {"using":"xpath","value":"//bdi[contains(text(), \"Business Confirm\")]"}
COMMAND: POST /session/9f4c84e4ae75e749cefc69cbdd96fe2c/element/f.92C64C74BFFB4A8B431616FE9F273F76.d.A0713E71415FACECE42E4DCD146944D3.e.23099/click - {}
RESULT: {}
COMMAND: POST /session/9f4c84e4ae75e749cefc69cbdd96fe2c/element - {"using":"css selector","value":"#shell-header-logo"}
COMMAND: GET /session/9f4c84e4ae75e749cefc69cbdd96fe2c/screenshot - {}
RESULT: {"using":"css selector","value":"#shell-header-logo"}
COMMAND: POST /session/9f4c84e4ae75e749cefc69cbdd96fe2c/element/f.92C64C74BFFB4A8B431616FE9F273F76.d.A0713E71415FACECE42E4DCD146944D3.e.22763/click - {}
RESULT: {}
RESULT: {}
COMMAND: GET /session/9f4c84e4ae75e749cefc69cbdd96fe2c/screenshot - {}
RESULT: {}
]]></system-out>
    </testcase>
    <testcase classname="chrome.136_0_7103_93.windows.Billing_Calculation_-_Time_based_(considering_transport_times)_US139738" name="Should transfer the billing all the way to completion" time="78.103">
      <system-out><![CDATA[
COMMAND: POST /session/9f4c84e4ae75e749cefc69cbdd96fe2c/execute/async - {"script":"<script> [1562 bytes]","args":[{"selector":{"controlType":"sap.m.GenericTile","properties":{"header":"Billing Transfer"}},"wdio_ui5_key":"sapm.GenericTile{\"header\":\"Billing Transfer\"}"}]}
RESULT: {"script":"<script> [1562 bytes]","args":[{"selector":{"controlType":"sap.m.GenericTile","properties":{"header":"Billing Transfer"}},"wdio_ui5_key":"sapm.GenericTile{\"header\":\"Billing Transfer\"}"}]}
RESULT: undefined
COMMAND: POST /session/9f4c84e4ae75e749cefc69cbdd96fe2c/element - {"using":"xpath","value":"//*[@id=\"__tile50\"]"}
RESULT: {"using":"xpath","value":"//*[@id=\"__tile50\"]"}
COMMAND: POST /session/9f4c84e4ae75e749cefc69cbdd96fe2c/element/f.92C64C74BFFB4A8B431616FE9F273F76.d.A0713E71415FACECE42E4DCD146944D3.e.19099/click - {}
RESULT: {}
COMMAND: GET /session/9f4c84e4ae75e749cefc69cbdd96fe2c/screenshot - {}
RESULT: {}
COMMAND: POST /session/9f4c84e4ae75e749cefc69cbdd96fe2c/elements - {"using":"xpath","value":"//span[text()='Error']"}
RESULT: {"using":"xpath","value":"//span[text()='Error']"}
COMMAND: POST /session/9f4c84e4ae75e749cefc69cbdd96fe2c/element - {"using":"xpath","value":"//input[contains(@id ,\"application-billingtransfer-display-component---billingWorkbench--smartFilterBar-btnBasicSearch\")]"}
RESULT: {"using":"xpath","value":"//input[contains(@id ,\"application-billingtransfer-display-component---billingWorkbench--smartFilterBar-btnBasicSearch\")]"}
COMMAND: POST /session/9f4c84e4ae75e749cefc69cbdd96fe2c/elements - {"using":"xpath","value":"//input[contains(@id ,\"application-billingtransfer-display-component---billingWorkbench--smartFilterBar-btnBasicSearch\")]"}
RESULT: {"using":"xpath","value":"//input[contains(@id ,\"application-billingtransfer-display-component---billingWorkbench--smartFilterBar-btnBasicSearch\")]"}
COMMAND: POST /session/9f4c84e4ae75e749cefc69cbdd96fe2c/execute/sync - {"script":"<script> [8489 bytes]","args":[{"element-6066-11e4-a52e-4f735466cecf":"f.92C64C74BFFB4A8B431616FE9F273F76.d.A0713E71415FACECE42E4DCD146944D3.e.23112","ELEMENT":"f.92C64C74BFFB4A8B431616FE9F273F76.d.A0713E71415FACECE42E4DCD146944D3.e.23112"}]}
RESULT: {"script":"<script> [8489 bytes]","args":[{"element-6066-11e4-a52e-4f735466cecf":"f.92C64C74BFFB4A8B431616FE9F273F76.d.A0713E71415FACECE42E4DCD146944D3.e.23112","ELEMENT":"f.92C64C74BFFB4A8B431616FE9F273F76.d.A0713E71415FACECE42E4DCD146944D3.e.23112"}]}
COMMAND: GET /session/9f4c84e4ae75e749cefc69cbdd96fe2c/element/f.92C64C74BFFB4A8B431616FE9F273F76.d.A0713E71415FACECE42E4DCD146944D3.e.23112/enabled - {}
COMMAND: GET /session/9f4c84e4ae75e749cefc69cbdd96fe2c/screenshot - {}
RESULT: {}
COMMAND: POST /session/9f4c84e4ae75e749cefc69cbdd96fe2c/element/f.92C64C74BFFB4A8B431616FE9F273F76.d.A0713E71415FACECE42E4DCD146944D3.e.23112/click - {}
COMMAND: GET /session/9f4c84e4ae75e749cefc69cbdd96fe2c/screenshot - {}
RESULT: {}
RESULT: {}
COMMAND: GET /session/9f4c84e4ae75e749cefc69cbdd96fe2c/screenshot - {}
RESULT: {}
RESULT: {}
COMMAND: POST /session/9f4c84e4ae75e749cefc69cbdd96fe2c/element/f.92C64C74BFFB4A8B431616FE9F273F76.d.A0713E71415FACECE42E4DCD146944D3.e.23112/clear - {}
RESULT: {}
COMMAND: POST /session/9f4c84e4ae75e749cefc69cbdd96fe2c/element/f.92C64C74BFFB4A8B431616FE9F273F76.d.A0713E71415FACECE42E4DCD146944D3.e.23112/value - {"text":"10354"}
COMMAND: GET /session/9f4c84e4ae75e749cefc69cbdd96fe2c/screenshot - {}
RESULT: {"text":"10354"}
COMMAND: POST /session/9f4c84e4ae75e749cefc69cbdd96fe2c/actions - {"actions":[{"id":"action82","type":"key","parameters":{},"actions":[{"type":"keyDown","value":""},{"type":"pause","duration":10},{"type":"keyUp","value":""}]}]}
COMMAND: GET /session/9f4c84e4ae75e749cefc69cbdd96fe2c/screenshot - {}
RESULT: {}
RESULT: {"actions":[{"id":"action82","type":"key","parameters":{},"actions":[{"type":"keyDown","value":""},{"type":"pause","duration":10},{"type":"keyUp","value":""}]}]}
COMMAND: GET /session/9f4c84e4ae75e749cefc69cbdd96fe2c/screenshot - {}
RESULT: {}
RESULT: {}
COMMAND: POST /session/9f4c84e4ae75e749cefc69cbdd96fe2c/element - {"using":"xpath","value":"//span[contains(@id ,\"application-billingtransfer-display-component---billingWorkbench--smartTableBillingRuns-header-inner\")]"}
RESULT: {"using":"xpath","value":"//span[contains(@id ,\"application-billingtransfer-display-component---billingWorkbench--smartTableBillingRuns-header-inner\")]"}
COMMAND: POST /session/9f4c84e4ae75e749cefc69cbdd96fe2c/elements - {"using":"xpath","value":"//span[contains(@id ,\"application-billingtransfer-display-component---billingWorkbench--smartTableBillingRuns-header-inner\")]"}
RESULT: {"using":"xpath","value":"//span[contains(@id ,\"application-billingtransfer-display-component---billingWorkbench--smartTableBillingRuns-header-inner\")]"}
COMMAND: POST /session/9f4c84e4ae75e749cefc69cbdd96fe2c/execute/sync - {"script":"<script> [56 bytes]","args":[{"element-6066-11e4-a52e-4f735466cecf":"f.92C64C74BFFB4A8B431616FE9F273F76.d.A0713E71415FACECE42E4DCD146944D3.e.23261","ELEMENT":"f.92C64C74BFFB4A8B431616FE9F273F76.d.A0713E71415FACECE42E4DCD146944D3.e.23261"}]}
RESULT: {"script":"<script> [56 bytes]","args":[{"element-6066-11e4-a52e-4f735466cecf":"f.92C64C74BFFB4A8B431616FE9F273F76.d.A0713E71415FACECE42E4DCD146944D3.e.23261","ELEMENT":"f.92C64C74BFFB4A8B431616FE9F273F76.d.A0713E71415FACECE42E4DCD146944D3.e.23261"}]}
COMMAND: POST /session/9f4c84e4ae75e749cefc69cbdd96fe2c/element - {"using":"xpath","value":"//td[@aria-colindex=\"1\"]/div/div[contains(@class, \"sapMCbBg\")]"}
COMMAND: GET /session/9f4c84e4ae75e749cefc69cbdd96fe2c/screenshot - {}
RESULT: {"using":"xpath","value":"//td[@aria-colindex=\"1\"]/div/div[contains(@class, \"sapMCbBg\")]"}
COMMAND: POST /session/9f4c84e4ae75e749cefc69cbdd96fe2c/element/f.92C64C74BFFB4A8B431616FE9F273F76.d.A0713E71415FACECE42E4DCD146944D3.e.23254/click - {}
RESULT: {}
RESULT: {}
COMMAND: GET /session/9f4c84e4ae75e749cefc69cbdd96fe2c/screenshot - {}
RESULT: {}
COMMAND: POST /session/9f4c84e4ae75e749cefc69cbdd96fe2c/element - {"using":"xpath","value":"//bdi[contains(text(), \"Check\")]"}
RESULT: {"using":"xpath","value":"//bdi[contains(text(), \"Check\")]"}
COMMAND: POST /session/9f4c84e4ae75e749cefc69cbdd96fe2c/element/f.92C64C74BFFB4A8B431616FE9F273F76.d.A0713E71415FACECE42E4DCD146944D3.e.23262/click - {}
RESULT: {}
COMMAND: GET /session/9f4c84e4ae75e749cefc69cbdd96fe2c/screenshot - {}
RESULT: {}
COMMAND: POST /session/9f4c84e4ae75e749cefc69cbdd96fe2c/element - {"using":"xpath","value":"//bdi[contains(text(), \"OK\")]"}
RESULT: {"using":"xpath","value":"//bdi[contains(text(), \"OK\")]"}
COMMAND: POST /session/9f4c84e4ae75e749cefc69cbdd96fe2c/element/f.92C64C74BFFB4A8B431616FE9F273F76.d.A0713E71415FACECE42E4DCD146944D3.e.23265/click - {}
RESULT: {}
COMMAND: GET /session/9f4c84e4ae75e749cefc69cbdd96fe2c/screenshot - {}
RESULT: {}
COMMAND: POST /session/9f4c84e4ae75e749cefc69cbdd96fe2c/element - {"using":"xpath","value":"(//span[contains(text(), \"CO/SD checked\")]/parent::div/preceding-sibling::div/span)[1]"}
RESULT: {"using":"xpath","value":"(//span[contains(text(), \"CO/SD checked\")]/parent::div/preceding-sibling::div/span)[1]"}
COMMAND: POST /session/9f4c84e4ae75e749cefc69cbdd96fe2c/element/f.92C64C74BFFB4A8B431616FE9F273F76.d.A0713E71415FACECE42E4DCD146944D3.e.23275/click - {}
RESULT: {}
COMMAND: GET /session/9f4c84e4ae75e749cefc69cbdd96fe2c/screenshot - {}
RESULT: {}
COMMAND: POST /session/9f4c84e4ae75e749cefc69cbdd96fe2c/element - {"using":"xpath","value":"//input[contains(@id ,\"application-billingtransfer-display-component---billingWorkbench--smartFilterBar-btnBasicSearch\")]"}
RESULT: {"using":"xpath","value":"//input[contains(@id ,\"application-billingtransfer-display-component---billingWorkbench--smartFilterBar-btnBasicSearch\")]"}
COMMAND: POST /session/9f4c84e4ae75e749cefc69cbdd96fe2c/elements - {"using":"xpath","value":"//input[contains(@id ,\"application-billingtransfer-display-component---billingWorkbench--smartFilterBar-btnBasicSearch\")]"}
RESULT: {"using":"xpath","value":"//input[contains(@id ,\"application-billingtransfer-display-component---billingWorkbench--smartFilterBar-btnBasicSearch\")]"}
COMMAND: POST /session/9f4c84e4ae75e749cefc69cbdd96fe2c/execute/sync - {"script":"<script> [8489 bytes]","args":[{"element-6066-11e4-a52e-4f735466cecf":"f.92C64C74BFFB4A8B431616FE9F273F76.d.A0713E71415FACECE42E4DCD146944D3.e.23112","ELEMENT":"f.92C64C74BFFB4A8B431616FE9F273F76.d.A0713E71415FACECE42E4DCD146944D3.e.23112"}]}
RESULT: {"script":"<script> [8489 bytes]","args":[{"element-6066-11e4-a52e-4f735466cecf":"f.92C64C74BFFB4A8B431616FE9F273F76.d.A0713E71415FACECE42E4DCD146944D3.e.23112","ELEMENT":"f.92C64C74BFFB4A8B431616FE9F273F76.d.A0713E71415FACECE42E4DCD146944D3.e.23112"}]}
COMMAND: GET /session/9f4c84e4ae75e749cefc69cbdd96fe2c/element/f.92C64C74BFFB4A8B431616FE9F273F76.d.A0713E71415FACECE42E4DCD146944D3.e.23112/enabled - {}
COMMAND: GET /session/9f4c84e4ae75e749cefc69cbdd96fe2c/screenshot - {}
RESULT: {}
COMMAND: POST /session/9f4c84e4ae75e749cefc69cbdd96fe2c/element/f.92C64C74BFFB4A8B431616FE9F273F76.d.A0713E71415FACECE42E4DCD146944D3.e.23112/click - {}
COMMAND: GET /session/9f4c84e4ae75e749cefc69cbdd96fe2c/screenshot - {}
RESULT: {}
RESULT: {}
COMMAND: GET /session/9f4c84e4ae75e749cefc69cbdd96fe2c/screenshot - {}
RESULT: {}
RESULT: {}
COMMAND: POST /session/9f4c84e4ae75e749cefc69cbdd96fe2c/element/f.92C64C74BFFB4A8B431616FE9F273F76.d.A0713E71415FACECE42E4DCD146944D3.e.23112/clear - {}
RESULT: {}
COMMAND: POST /session/9f4c84e4ae75e749cefc69cbdd96fe2c/element/f.92C64C74BFFB4A8B431616FE9F273F76.d.A0713E71415FACECE42E4DCD146944D3.e.23112/value - {"text":"10354"}
COMMAND: GET /session/9f4c84e4ae75e749cefc69cbdd96fe2c/screenshot - {}
RESULT: {"text":"10354"}
COMMAND: POST /session/9f4c84e4ae75e749cefc69cbdd96fe2c/actions - {"actions":[{"id":"action83","type":"key","parameters":{},"actions":[{"type":"keyDown","value":""},{"type":"pause","duration":10},{"type":"keyUp","value":""}]}]}
COMMAND: GET /session/9f4c84e4ae75e749cefc69cbdd96fe2c/screenshot - {}
RESULT: {}
RESULT: {"actions":[{"id":"action83","type":"key","parameters":{},"actions":[{"type":"keyDown","value":""},{"type":"pause","duration":10},{"type":"keyUp","value":""}]}]}
COMMAND: GET /session/9f4c84e4ae75e749cefc69cbdd96fe2c/screenshot - {}
RESULT: {}
RESULT: {}
COMMAND: POST /session/9f4c84e4ae75e749cefc69cbdd96fe2c/element - {"using":"xpath","value":"//span[contains(@id ,\"application-billingtransfer-display-component---billingWorkbench--smartTableBillingRuns-header-inner\")]"}
RESULT: {"using":"xpath","value":"//span[contains(@id ,\"application-billingtransfer-display-component---billingWorkbench--smartTableBillingRuns-header-inner\")]"}
COMMAND: POST /session/9f4c84e4ae75e749cefc69cbdd96fe2c/elements - {"using":"xpath","value":"//span[contains(@id ,\"application-billingtransfer-display-component---billingWorkbench--smartTableBillingRuns-header-inner\")]"}
RESULT: {"using":"xpath","value":"//span[contains(@id ,\"application-billingtransfer-display-component---billingWorkbench--smartTableBillingRuns-header-inner\")]"}
COMMAND: POST /session/9f4c84e4ae75e749cefc69cbdd96fe2c/execute/sync - {"script":"<script> [56 bytes]","args":[{"element-6066-11e4-a52e-4f735466cecf":"f.92C64C74BFFB4A8B431616FE9F273F76.d.A0713E71415FACECE42E4DCD146944D3.e.23261","ELEMENT":"f.92C64C74BFFB4A8B431616FE9F273F76.d.A0713E71415FACECE42E4DCD146944D3.e.23261"}]}
RESULT: {"script":"<script> [56 bytes]","args":[{"element-6066-11e4-a52e-4f735466cecf":"f.92C64C74BFFB4A8B431616FE9F273F76.d.A0713E71415FACECE42E4DCD146944D3.e.23261","ELEMENT":"f.92C64C74BFFB4A8B431616FE9F273F76.d.A0713E71415FACECE42E4DCD146944D3.e.23261"}]}
COMMAND: POST /session/9f4c84e4ae75e749cefc69cbdd96fe2c/element - {"using":"xpath","value":"//td[@aria-colindex=\"1\"]/div/div[contains(@class, \"sapMCbBg\")]"}
COMMAND: GET /session/9f4c84e4ae75e749cefc69cbdd96fe2c/screenshot - {}
RESULT: {"using":"xpath","value":"//td[@aria-colindex=\"1\"]/div/div[contains(@class, \"sapMCbBg\")]"}
COMMAND: POST /session/9f4c84e4ae75e749cefc69cbdd96fe2c/element/f.92C64C74BFFB4A8B431616FE9F273F76.d.A0713E71415FACECE42E4DCD146944D3.e.23278/click - {}
RESULT: {}
RESULT: {}
COMMAND: GET /session/9f4c84e4ae75e749cefc69cbdd96fe2c/screenshot - {}
RESULT: {}
COMMAND: POST /session/9f4c84e4ae75e749cefc69cbdd96fe2c/element - {"using":"xpath","value":"//bdi[text()=\"Transfer\"]"}
RESULT: {"using":"xpath","value":"//bdi[text()=\"Transfer\"]"}
COMMAND: POST /session/9f4c84e4ae75e749cefc69cbdd96fe2c/element/f.92C64C74BFFB4A8B431616FE9F273F76.d.A0713E71415FACECE42E4DCD146944D3.e.23279/click - {}
RESULT: {}
COMMAND: GET /session/9f4c84e4ae75e749cefc69cbdd96fe2c/screenshot - {}
RESULT: {}
COMMAND: POST /session/9f4c84e4ae75e749cefc69cbdd96fe2c/element - {"using":"xpath","value":"//bdi[contains(text(), \"OK\")]"}
RESULT: {"using":"xpath","value":"//bdi[contains(text(), \"OK\")]"}
COMMAND: POST /session/9f4c84e4ae75e749cefc69cbdd96fe2c/element/f.92C64C74BFFB4A8B431616FE9F273F76.d.A0713E71415FACECE42E4DCD146944D3.e.23283/click - {}
RESULT: {}
COMMAND: GET /session/9f4c84e4ae75e749cefc69cbdd96fe2c/screenshot - {}
RESULT: {}
COMMAND: POST /session/9f4c84e4ae75e749cefc69cbdd96fe2c/element - {"using":"xpath","value":"(//span[contains(text(), \"Completed\")]/parent::div/preceding-sibling::div/span)[1]"}
RESULT: {"using":"xpath","value":"(//span[contains(text(), \"Completed\")]/parent::div/preceding-sibling::div/span)[1]"}
COMMAND: POST /session/9f4c84e4ae75e749cefc69cbdd96fe2c/element/f.92C64C74BFFB4A8B431616FE9F273F76.d.A0713E71415FACECE42E4DCD146944D3.e.23291/click - {}
RESULT: {}
COMMAND: POST /session/9f4c84e4ae75e749cefc69cbdd96fe2c/element - {"using":"xpath","value":"//input[contains(@id ,\"application-billingtransfer-display-component---billingWorkbench--smartFilterBar-btnBasicSearch\")]"}
COMMAND: GET /session/9f4c84e4ae75e749cefc69cbdd96fe2c/screenshot - {}
RESULT: {"using":"xpath","value":"//input[contains(@id ,\"application-billingtransfer-display-component---billingWorkbench--smartFilterBar-btnBasicSearch\")]"}
COMMAND: POST /session/9f4c84e4ae75e749cefc69cbdd96fe2c/elements - {"using":"xpath","value":"//input[contains(@id ,\"application-billingtransfer-display-component---billingWorkbench--smartFilterBar-btnBasicSearch\")]"}
RESULT: {}
RESULT: {"using":"xpath","value":"//input[contains(@id ,\"application-billingtransfer-display-component---billingWorkbench--smartFilterBar-btnBasicSearch\")]"}
COMMAND: POST /session/9f4c84e4ae75e749cefc69cbdd96fe2c/execute/sync - {"script":"<script> [8489 bytes]","args":[{"element-6066-11e4-a52e-4f735466cecf":"f.92C64C74BFFB4A8B431616FE9F273F76.d.A0713E71415FACECE42E4DCD146944D3.e.23112","ELEMENT":"f.92C64C74BFFB4A8B431616FE9F273F76.d.A0713E71415FACECE42E4DCD146944D3.e.23112"}]}
RESULT: {"script":"<script> [8489 bytes]","args":[{"element-6066-11e4-a52e-4f735466cecf":"f.92C64C74BFFB4A8B431616FE9F273F76.d.A0713E71415FACECE42E4DCD146944D3.e.23112","ELEMENT":"f.92C64C74BFFB4A8B431616FE9F273F76.d.A0713E71415FACECE42E4DCD146944D3.e.23112"}]}
COMMAND: GET /session/9f4c84e4ae75e749cefc69cbdd96fe2c/element/f.92C64C74BFFB4A8B431616FE9F273F76.d.A0713E71415FACECE42E4DCD146944D3.e.23112/enabled - {}
COMMAND: GET /session/9f4c84e4ae75e749cefc69cbdd96fe2c/screenshot - {}
RESULT: {}
COMMAND: POST /session/9f4c84e4ae75e749cefc69cbdd96fe2c/element/f.92C64C74BFFB4A8B431616FE9F273F76.d.A0713E71415FACECE42E4DCD146944D3.e.23112/click - {}
COMMAND: GET /session/9f4c84e4ae75e749cefc69cbdd96fe2c/screenshot - {}
RESULT: {}
RESULT: {}
COMMAND: GET /session/9f4c84e4ae75e749cefc69cbdd96fe2c/screenshot - {}
RESULT: {}
RESULT: {}
COMMAND: POST /session/9f4c84e4ae75e749cefc69cbdd96fe2c/element/f.92C64C74BFFB4A8B431616FE9F273F76.d.A0713E71415FACECE42E4DCD146944D3.e.23112/clear - {}
RESULT: {}
COMMAND: POST /session/9f4c84e4ae75e749cefc69cbdd96fe2c/element/f.92C64C74BFFB4A8B431616FE9F273F76.d.A0713E71415FACECE42E4DCD146944D3.e.23112/value - {"text":"10354"}
COMMAND: GET /session/9f4c84e4ae75e749cefc69cbdd96fe2c/screenshot - {}
RESULT: {"text":"10354"}
COMMAND: POST /session/9f4c84e4ae75e749cefc69cbdd96fe2c/actions - {"actions":[{"id":"action84","type":"key","parameters":{},"actions":[{"type":"keyDown","value":""},{"type":"pause","duration":10},{"type":"keyUp","value":""}]}]}
COMMAND: GET /session/9f4c84e4ae75e749cefc69cbdd96fe2c/screenshot - {}
RESULT: {}
RESULT: {"actions":[{"id":"action84","type":"key","parameters":{},"actions":[{"type":"keyDown","value":""},{"type":"pause","duration":10},{"type":"keyUp","value":""}]}]}
COMMAND: GET /session/9f4c84e4ae75e749cefc69cbdd96fe2c/screenshot - {}
RESULT: {}
RESULT: {}
COMMAND: POST /session/9f4c84e4ae75e749cefc69cbdd96fe2c/element - {"using":"xpath","value":"//span[contains(@id ,\"application-billingtransfer-display-component---billingWorkbench--smartTableBillingRuns-header-inner\")]"}
RESULT: {"using":"xpath","value":"//span[contains(@id ,\"application-billingtransfer-display-component---billingWorkbench--smartTableBillingRuns-header-inner\")]"}
COMMAND: POST /session/9f4c84e4ae75e749cefc69cbdd96fe2c/elements - {"using":"xpath","value":"//span[contains(@id ,\"application-billingtransfer-display-component---billingWorkbench--smartTableBillingRuns-header-inner\")]"}
RESULT: {"using":"xpath","value":"//span[contains(@id ,\"application-billingtransfer-display-component---billingWorkbench--smartTableBillingRuns-header-inner\")]"}
COMMAND: POST /session/9f4c84e4ae75e749cefc69cbdd96fe2c/execute/sync - {"script":"<script> [56 bytes]","args":[{"element-6066-11e4-a52e-4f735466cecf":"f.92C64C74BFFB4A8B431616FE9F273F76.d.A0713E71415FACECE42E4DCD146944D3.e.23261","ELEMENT":"f.92C64C74BFFB4A8B431616FE9F273F76.d.A0713E71415FACECE42E4DCD146944D3.e.23261"}]}
RESULT: {"script":"<script> [56 bytes]","args":[{"element-6066-11e4-a52e-4f735466cecf":"f.92C64C74BFFB4A8B431616FE9F273F76.d.A0713E71415FACECE42E4DCD146944D3.e.23261","ELEMENT":"f.92C64C74BFFB4A8B431616FE9F273F76.d.A0713E71415FACECE42E4DCD146944D3.e.23261"}]}
COMMAND: GET /session/9f4c84e4ae75e749cefc69cbdd96fe2c/screenshot - {}
COMMAND: POST /session/9f4c84e4ae75e749cefc69cbdd96fe2c/execute/sync - {"script":"<script> [56 bytes]","args":[{"element-6066-11e4-a52e-4f735466cecf":"f.92C64C74BFFB4A8B431616FE9F273F76.d.A0713E71415FACECE42E4DCD146944D3.e.23261","ELEMENT":"f.92C64C74BFFB4A8B431616FE9F273F76.d.A0713E71415FACECE42E4DCD146944D3.e.23261"}]}
RESULT: {}
RESULT: {"script":"<script> [56 bytes]","args":[{"element-6066-11e4-a52e-4f735466cecf":"f.92C64C74BFFB4A8B431616FE9F273F76.d.A0713E71415FACECE42E4DCD146944D3.e.23261","ELEMENT":"f.92C64C74BFFB4A8B431616FE9F273F76.d.A0713E71415FACECE42E4DCD146944D3.e.23261"}]}
COMMAND: POST /session/9f4c84e4ae75e749cefc69cbdd96fe2c/element - {"using":"css selector","value":"#shell-header-logo"}
COMMAND: GET /session/9f4c84e4ae75e749cefc69cbdd96fe2c/screenshot - {}
RESULT: {"using":"css selector","value":"#shell-header-logo"}
COMMAND: POST /session/9f4c84e4ae75e749cefc69cbdd96fe2c/element/f.92C64C74BFFB4A8B431616FE9F273F76.d.A0713E71415FACECE42E4DCD146944D3.e.23110/click - {}
RESULT: {}
RESULT: {}
COMMAND: GET /session/9f4c84e4ae75e749cefc69cbdd96fe2c/screenshot - {}
RESULT: {}
]]></system-out>
    </testcase>
    <testcase classname="chrome.136_0_7103_93.windows.Billing_Calculation_-_Time_based_(considering_transport_times)_US139738" name="Should navigate to the contract item check the billed until field value" time="50.699">
      <system-out><![CDATA[
RESULT: undefined
COMMAND: POST /session/9f4c84e4ae75e749cefc69cbdd96fe2c/element - {"using":"xpath","value":"//*[@id=\"__tile133\"]"}
RESULT: {"using":"xpath","value":"//*[@id=\"__tile133\"]"}
COMMAND: POST /session/9f4c84e4ae75e749cefc69cbdd96fe2c/element/f.92C64C74BFFB4A8B431616FE9F273F76.d.A0713E71415FACECE42E4DCD146944D3.e.19074/click - {}
RESULT: {}
COMMAND: GET /session/9f4c84e4ae75e749cefc69cbdd96fe2c/screenshot - {}
RESULT: {}
COMMAND: POST /session/9f4c84e4ae75e749cefc69cbdd96fe2c/elements - {"using":"xpath","value":"//span[text()='Error']"}
RESULT: {"using":"xpath","value":"//span[text()='Error']"}
COMMAND: POST /session/9f4c84e4ae75e749cefc69cbdd96fe2c/element - {"using":"xpath","value":"//button[@data-kt=\"addButton\"]"}
RESULT: {"using":"xpath","value":"//button[@data-kt=\"addButton\"]"}
COMMAND: POST /session/9f4c84e4ae75e749cefc69cbdd96fe2c/elements - {"using":"xpath","value":"//button[@data-kt=\"addButton\"]"}
RESULT: {"using":"xpath","value":"//button[@data-kt=\"addButton\"]"}
COMMAND: POST /session/9f4c84e4ae75e749cefc69cbdd96fe2c/execute/sync - {"script":"<script> [8489 bytes]","args":[{"element-6066-11e4-a52e-4f735466cecf":"f.92C64C74BFFB4A8B431616FE9F273F76.d.A0713E71415FACECE42E4DCD146944D3.e.23346","ELEMENT":"f.92C64C74BFFB4A8B431616FE9F273F76.d.A0713E71415FACECE42E4DCD146944D3.e.23346"}]}
RESULT: {"script":"<script> [8489 bytes]","args":[{"element-6066-11e4-a52e-4f735466cecf":"f.92C64C74BFFB4A8B431616FE9F273F76.d.A0713E71415FACECE42E4DCD146944D3.e.23346","ELEMENT":"f.92C64C74BFFB4A8B431616FE9F273F76.d.A0713E71415FACECE42E4DCD146944D3.e.23346"}]}
COMMAND: GET /session/9f4c84e4ae75e749cefc69cbdd96fe2c/element/f.92C64C74BFFB4A8B431616FE9F273F76.d.A0713E71415FACECE42E4DCD146944D3.e.23346/enabled - {}
COMMAND: GET /session/9f4c84e4ae75e749cefc69cbdd96fe2c/screenshot - {}
RESULT: {}
COMMAND: POST /session/9f4c84e4ae75e749cefc69cbdd96fe2c/execute/sync - {"script":"<script> [8489 bytes]","args":[{"element-6066-11e4-a52e-4f735466cecf":"f.92C64C74BFFB4A8B431616FE9F273F76.d.A0713E71415FACECE42E4DCD146944D3.e.23346","ELEMENT":"f.92C64C74BFFB4A8B431616FE9F273F76.d.A0713E71415FACECE42E4DCD146944D3.e.23346"}]}
COMMAND: GET /session/9f4c84e4ae75e749cefc69cbdd96fe2c/screenshot - {}
RESULT: {}
RESULT: {"script":"<script> [8489 bytes]","args":[{"element-6066-11e4-a52e-4f735466cecf":"f.92C64C74BFFB4A8B431616FE9F273F76.d.A0713E71415FACECE42E4DCD146944D3.e.23346","ELEMENT":"f.92C64C74BFFB4A8B431616FE9F273F76.d.A0713E71415FACECE42E4DCD146944D3.e.23346"}]}
COMMAND: POST /session/9f4c84e4ae75e749cefc69cbdd96fe2c/execute/sync - {"script":"<script> [5351 bytes]","args":[{"element-6066-11e4-a52e-4f735466cecf":"f.92C64C74BFFB4A8B431616FE9F273F76.d.A0713E71415FACECE42E4DCD146944D3.e.23346","ELEMENT":"f.92C64C74BFFB4A8B431616FE9F273F76.d.A0713E71415FACECE42E4DCD146944D3.e.23346"}]}
COMMAND: GET /session/9f4c84e4ae75e749cefc69cbdd96fe2c/screenshot - {}
RESULT: {}
RESULT: {"script":"<script> [5351 bytes]","args":[{"element-6066-11e4-a52e-4f735466cecf":"f.92C64C74BFFB4A8B431616FE9F273F76.d.A0713E71415FACECE42E4DCD146944D3.e.23346","ELEMENT":"f.92C64C74BFFB4A8B431616FE9F273F76.d.A0713E71415FACECE42E4DCD146944D3.e.23346"}]}
COMMAND: POST /session/9f4c84e4ae75e749cefc69cbdd96fe2c/element - {"using":"xpath","value":"//input[contains(@id ,\"smartContractFilterBar-btnBasicSearch-I\")]"}
COMMAND: GET /session/9f4c84e4ae75e749cefc69cbdd96fe2c/screenshot - {}
RESULT: {}
RESULT: {"using":"xpath","value":"//input[contains(@id ,\"smartContractFilterBar-btnBasicSearch-I\")]"}
COMMAND: POST /session/9f4c84e4ae75e749cefc69cbdd96fe2c/elements - {"using":"xpath","value":"//input[contains(@id ,\"smartContractFilterBar-btnBasicSearch-I\")]"}
RESULT: {}
RESULT: {"using":"xpath","value":"//input[contains(@id ,\"smartContractFilterBar-btnBasicSearch-I\")]"}
COMMAND: POST /session/9f4c84e4ae75e749cefc69cbdd96fe2c/execute/sync - {"script":"<script> [8489 bytes]","args":[{"element-6066-11e4-a52e-4f735466cecf":"f.92C64C74BFFB4A8B431616FE9F273F76.d.A0713E71415FACECE42E4DCD146944D3.e.23300","ELEMENT":"f.92C64C74BFFB4A8B431616FE9F273F76.d.A0713E71415FACECE42E4DCD146944D3.e.23300"}]}
RESULT: {"script":"<script> [8489 bytes]","args":[{"element-6066-11e4-a52e-4f735466cecf":"f.92C64C74BFFB4A8B431616FE9F273F76.d.A0713E71415FACECE42E4DCD146944D3.e.23300","ELEMENT":"f.92C64C74BFFB4A8B431616FE9F273F76.d.A0713E71415FACECE42E4DCD146944D3.e.23300"}]}
COMMAND: GET /session/9f4c84e4ae75e749cefc69cbdd96fe2c/element/f.92C64C74BFFB4A8B431616FE9F273F76.d.A0713E71415FACECE42E4DCD146944D3.e.23300/enabled - {}
COMMAND: GET /session/9f4c84e4ae75e749cefc69cbdd96fe2c/screenshot - {}
RESULT: {}
COMMAND: POST /session/9f4c84e4ae75e749cefc69cbdd96fe2c/element/f.92C64C74BFFB4A8B431616FE9F273F76.d.A0713E71415FACECE42E4DCD146944D3.e.23300/clear - {}
COMMAND: GET /session/9f4c84e4ae75e749cefc69cbdd96fe2c/screenshot - {}
RESULT: {}
RESULT: {}
COMMAND: POST /session/9f4c84e4ae75e749cefc69cbdd96fe2c/element/f.92C64C74BFFB4A8B431616FE9F273F76.d.A0713E71415FACECE42E4DCD146944D3.e.23300/value - {"text":"10354"}
COMMAND: GET /session/9f4c84e4ae75e749cefc69cbdd96fe2c/screenshot - {}
RESULT: {}
RESULT: {"text":"10354"}
COMMAND: GET /session/9f4c84e4ae75e749cefc69cbdd96fe2c/screenshot - {}
RESULT: {}
RESULT: {}
COMMAND: POST /session/9f4c84e4ae75e749cefc69cbdd96fe2c/actions - {"actions":[{"id":"action85","type":"key","parameters":{},"actions":[{"type":"keyDown","value":""},{"type":"pause","duration":10},{"type":"keyUp","value":""}]}]}
RESULT: {"actions":[{"id":"action85","type":"key","parameters":{},"actions":[{"type":"keyDown","value":""},{"type":"pause","duration":10},{"type":"keyUp","value":""}]}]}
COMMAND: GET /session/9f4c84e4ae75e749cefc69cbdd96fe2c/screenshot - {}
RESULT: {}
COMMAND: POST /session/9f4c84e4ae75e749cefc69cbdd96fe2c/element - {"using":"xpath","value":"//span[contains(@id, \"masterListContractsSmartTable-header-inner\")]"}
RESULT: {"using":"xpath","value":"//span[contains(@id, \"masterListContractsSmartTable-header-inner\")]"}
COMMAND: POST /session/9f4c84e4ae75e749cefc69cbdd96fe2c/elements - {"using":"xpath","value":"//span[contains(@id, \"masterListContractsSmartTable-header-inner\")]"}
RESULT: {"using":"xpath","value":"//span[contains(@id, \"masterListContractsSmartTable-header-inner\")]"}
COMMAND: POST /session/9f4c84e4ae75e749cefc69cbdd96fe2c/execute/sync - {"script":"<script> [56 bytes]","args":[{"element-6066-11e4-a52e-4f735466cecf":"f.92C64C74BFFB4A8B431616FE9F273F76.d.A0713E71415FACECE42E4DCD146944D3.e.23398","ELEMENT":"f.92C64C74BFFB4A8B431616FE9F273F76.d.A0713E71415FACECE42E4DCD146944D3.e.23398"}]}
RESULT: {"script":"<script> [56 bytes]","args":[{"element-6066-11e4-a52e-4f735466cecf":"f.92C64C74BFFB4A8B431616FE9F273F76.d.A0713E71415FACECE42E4DCD146944D3.e.23398","ELEMENT":"f.92C64C74BFFB4A8B431616FE9F273F76.d.A0713E71415FACECE42E4DCD146944D3.e.23398"}]}
COMMAND: POST /session/9f4c84e4ae75e749cefc69cbdd96fe2c/element - {"using":"xpath","value":"(//span[contains(@id, \"imgNav\")])[1]"}
COMMAND: GET /session/9f4c84e4ae75e749cefc69cbdd96fe2c/screenshot - {}
RESULT: {"using":"xpath","value":"(//span[contains(@id, \"imgNav\")])[1]"}
COMMAND: POST /session/9f4c84e4ae75e749cefc69cbdd96fe2c/element/f.92C64C74BFFB4A8B431616FE9F273F76.d.A0713E71415FACECE42E4DCD146944D3.e.23397/click - {}
RESULT: {}
RESULT: {}
COMMAND: GET /session/9f4c84e4ae75e749cefc69cbdd96fe2c/screenshot - {}
RESULT: {}
COMMAND: POST /session/9f4c84e4ae75e749cefc69cbdd96fe2c/element - {"using":"xpath","value":"//tr[@data-kt=\"productsColumnListItem\"]//td//span[contains(@id, \"imgNav\")][1]"}
RESULT: {"using":"xpath","value":"//tr[@data-kt=\"productsColumnListItem\"]//td//span[contains(@id, \"imgNav\")][1]"}
COMMAND: POST /session/9f4c84e4ae75e749cefc69cbdd96fe2c/element/f.92C64C74BFFB4A8B431616FE9F273F76.d.A0713E71415FACECE42E4DCD146944D3.e.23533/click - {}
RESULT: {}
COMMAND: GET /session/9f4c84e4ae75e749cefc69cbdd96fe2c/screenshot - {}
RESULT: {}
COMMAND: POST /session/9f4c84e4ae75e749cefc69cbdd96fe2c/element - {"using":"xpath","value":"//section[contains(@id, \"application-managecontracts-display-component---BillingItem--ObjectPageLayout-OPHeaderContent\")]/div/div/div/div/div[2]/div/div[2]/span"}
RESULT: {"using":"xpath","value":"//section[contains(@id, \"application-managecontracts-display-component---BillingItem--ObjectPageLayout-OPHeaderContent\")]/div/div/div/div/div[2]/div/div[2]/span"}
COMMAND: POST /session/9f4c84e4ae75e749cefc69cbdd96fe2c/execute/sync - {"script":"<script> [56 bytes]","args":[{"element-6066-11e4-a52e-4f735466cecf":"f.92C64C74BFFB4A8B431616FE9F273F76.d.A0713E71415FACECE42E4DCD146944D3.e.23668","ELEMENT":"f.92C64C74BFFB4A8B431616FE9F273F76.d.A0713E71415FACECE42E4DCD146944D3.e.23668"}]}
RESULT: {"script":"<script> [56 bytes]","args":[{"element-6066-11e4-a52e-4f735466cecf":"f.92C64C74BFFB4A8B431616FE9F273F76.d.A0713E71415FACECE42E4DCD146944D3.e.23668","ELEMENT":"f.92C64C74BFFB4A8B431616FE9F273F76.d.A0713E71415FACECE42E4DCD146944D3.e.23668"}]}
COMMAND: POST /session/9f4c84e4ae75e749cefc69cbdd96fe2c/element - {"using":"xpath","value":"//table[contains(@id, \"application-managecontracts-display-component---BillingItem--billingList-listUl\")]//td//*[contains(text(), \"partial billed\")]"}
COMMAND: GET /session/9f4c84e4ae75e749cefc69cbdd96fe2c/screenshot - {}
RESULT: {"using":"xpath","value":"//table[contains(@id, \"application-managecontracts-display-component---BillingItem--billingList-listUl\")]//td//*[contains(text(), \"partial billed\")]"}
COMMAND: POST /session/9f4c84e4ae75e749cefc69cbdd96fe2c/execute/sync - {"script":"<script> [56 bytes]","args":[{"element-6066-11e4-a52e-4f735466cecf":"f.92C64C74BFFB4A8B431616FE9F273F76.d.A0713E71415FACECE42E4DCD146944D3.e.23669","ELEMENT":"f.92C64C74BFFB4A8B431616FE9F273F76.d.A0713E71415FACECE42E4DCD146944D3.e.23669"}]}
RESULT: {}
RESULT: {"script":"<script> [56 bytes]","args":[{"element-6066-11e4-a52e-4f735466cecf":"f.92C64C74BFFB4A8B431616FE9F273F76.d.A0713E71415FACECE42E4DCD146944D3.e.23669","ELEMENT":"f.92C64C74BFFB4A8B431616FE9F273F76.d.A0713E71415FACECE42E4DCD146944D3.e.23669"}]}
COMMAND: POST /session/9f4c84e4ae75e749cefc69cbdd96fe2c/element - {"using":"css selector","value":"#shell-header-logo"}
COMMAND: GET /session/9f4c84e4ae75e749cefc69cbdd96fe2c/screenshot - {}
RESULT: {"using":"css selector","value":"#shell-header-logo"}
COMMAND: POST /session/9f4c84e4ae75e749cefc69cbdd96fe2c/element/f.92C64C74BFFB4A8B431616FE9F273F76.d.A0713E71415FACECE42E4DCD146944D3.e.23296/click - {}
RESULT: {}
RESULT: {}
COMMAND: GET /session/9f4c84e4ae75e749cefc69cbdd96fe2c/screenshot - {}
RESULT: {}
]]></system-out>
    </testcase>
    <testcase classname="chrome.136_0_7103_93.windows.Billing_Calculation_-_Time_based_(considering_transport_times)_US139738" name="Should do a handover return 2 step 7 days after provide or 14 days from today receive it in 21 days" time="181.104">
      <system-out><![CDATA[
RESULT: undefined
COMMAND: POST /session/9f4c84e4ae75e749cefc69cbdd96fe2c/element - {"using":"xpath","value":"//*[@id=\"__tile133\"]"}
RESULT: {"using":"xpath","value":"//*[@id=\"__tile133\"]"}
COMMAND: POST /session/9f4c84e4ae75e749cefc69cbdd96fe2c/element/f.92C64C74BFFB4A8B431616FE9F273F76.d.A0713E71415FACECE42E4DCD146944D3.e.19074/click - {}
RESULT: {}
COMMAND: GET /session/9f4c84e4ae75e749cefc69cbdd96fe2c/screenshot - {}
RESULT: {}
COMMAND: POST /session/9f4c84e4ae75e749cefc69cbdd96fe2c/elements - {"using":"xpath","value":"//span[text()='Error']"}
RESULT: {"using":"xpath","value":"//span[text()='Error']"}
COMMAND: POST /session/9f4c84e4ae75e749cefc69cbdd96fe2c/element - {"using":"xpath","value":"//button[@data-kt=\"addButton\"]"}
RESULT: {"using":"xpath","value":"//button[@data-kt=\"addButton\"]"}
COMMAND: POST /session/9f4c84e4ae75e749cefc69cbdd96fe2c/elements - {"using":"xpath","value":"//button[@data-kt=\"addButton\"]"}
RESULT: {"using":"xpath","value":"//button[@data-kt=\"addButton\"]"}
COMMAND: POST /session/9f4c84e4ae75e749cefc69cbdd96fe2c/execute/sync - {"script":"<script> [8489 bytes]","args":[{"element-6066-11e4-a52e-4f735466cecf":"f.92C64C74BFFB4A8B431616FE9F273F76.d.A0713E71415FACECE42E4DCD146944D3.e.23717","ELEMENT":"f.92C64C74BFFB4A8B431616FE9F273F76.d.A0713E71415FACECE42E4DCD146944D3.e.23717"}]}
RESULT: {"script":"<script> [8489 bytes]","args":[{"element-6066-11e4-a52e-4f735466cecf":"f.92C64C74BFFB4A8B431616FE9F273F76.d.A0713E71415FACECE42E4DCD146944D3.e.23717","ELEMENT":"f.92C64C74BFFB4A8B431616FE9F273F76.d.A0713E71415FACECE42E4DCD146944D3.e.23717"}]}
COMMAND: GET /session/9f4c84e4ae75e749cefc69cbdd96fe2c/element/f.92C64C74BFFB4A8B431616FE9F273F76.d.A0713E71415FACECE42E4DCD146944D3.e.23717/enabled - {}
COMMAND: GET /session/9f4c84e4ae75e749cefc69cbdd96fe2c/screenshot - {}
RESULT: {}
RESULT: {}
COMMAND: POST /session/9f4c84e4ae75e749cefc69cbdd96fe2c/execute/sync - {"script":"<script> [8489 bytes]","args":[{"element-6066-11e4-a52e-4f735466cecf":"f.92C64C74BFFB4A8B431616FE9F273F76.d.A0713E71415FACECE42E4DCD146944D3.e.23717","ELEMENT":"f.92C64C74BFFB4A8B431616FE9F273F76.d.A0713E71415FACECE42E4DCD146944D3.e.23717"}]}
COMMAND: GET /session/9f4c84e4ae75e749cefc69cbdd96fe2c/screenshot - {}
RESULT: {"script":"<script> [8489 bytes]","args":[{"element-6066-11e4-a52e-4f735466cecf":"f.92C64C74BFFB4A8B431616FE9F273F76.d.A0713E71415FACECE42E4DCD146944D3.e.23717","ELEMENT":"f.92C64C74BFFB4A8B431616FE9F273F76.d.A0713E71415FACECE42E4DCD146944D3.e.23717"}]}
COMMAND: POST /session/9f4c84e4ae75e749cefc69cbdd96fe2c/execute/sync - {"script":"<script> [5351 bytes]","args":[{"element-6066-11e4-a52e-4f735466cecf":"f.92C64C74BFFB4A8B431616FE9F273F76.d.A0713E71415FACECE42E4DCD146944D3.e.23717","ELEMENT":"f.92C64C74BFFB4A8B431616FE9F273F76.d.A0713E71415FACECE42E4DCD146944D3.e.23717"}]}
COMMAND: GET /session/9f4c84e4ae75e749cefc69cbdd96fe2c/screenshot - {}
RESULT: {}
RESULT: {"script":"<script> [5351 bytes]","args":[{"element-6066-11e4-a52e-4f735466cecf":"f.92C64C74BFFB4A8B431616FE9F273F76.d.A0713E71415FACECE42E4DCD146944D3.e.23717","ELEMENT":"f.92C64C74BFFB4A8B431616FE9F273F76.d.A0713E71415FACECE42E4DCD146944D3.e.23717"}]}
COMMAND: GET /session/9f4c84e4ae75e749cefc69cbdd96fe2c/screenshot - {}
RESULT: {}
RESULT: {}
COMMAND: POST /session/9f4c84e4ae75e749cefc69cbdd96fe2c/element - {"using":"xpath","value":"//input[contains(@id ,\"smartContractFilterBar-btnBasicSearch-I\")]"}
RESULT: {"using":"xpath","value":"//input[contains(@id ,\"smartContractFilterBar-btnBasicSearch-I\")]"}
COMMAND: POST /session/9f4c84e4ae75e749cefc69cbdd96fe2c/elements - {"using":"xpath","value":"//input[contains(@id ,\"smartContractFilterBar-btnBasicSearch-I\")]"}
RESULT: {"using":"xpath","value":"//input[contains(@id ,\"smartContractFilterBar-btnBasicSearch-I\")]"}
COMMAND: POST /session/9f4c84e4ae75e749cefc69cbdd96fe2c/execute/sync - {"script":"<script> [8489 bytes]","args":[{"element-6066-11e4-a52e-4f735466cecf":"f.92C64C74BFFB4A8B431616FE9F273F76.d.A0713E71415FACECE42E4DCD146944D3.e.23681","ELEMENT":"f.92C64C74BFFB4A8B431616FE9F273F76.d.A0713E71415FACECE42E4DCD146944D3.e.23681"}]}
RESULT: {"script":"<script> [8489 bytes]","args":[{"element-6066-11e4-a52e-4f735466cecf":"f.92C64C74BFFB4A8B431616FE9F273F76.d.A0713E71415FACECE42E4DCD146944D3.e.23681","ELEMENT":"f.92C64C74BFFB4A8B431616FE9F273F76.d.A0713E71415FACECE42E4DCD146944D3.e.23681"}]}
COMMAND: GET /session/9f4c84e4ae75e749cefc69cbdd96fe2c/element/f.92C64C74BFFB4A8B431616FE9F273F76.d.A0713E71415FACECE42E4DCD146944D3.e.23681/enabled - {}
COMMAND: GET /session/9f4c84e4ae75e749cefc69cbdd96fe2c/screenshot - {}
RESULT: {}
COMMAND: POST /session/9f4c84e4ae75e749cefc69cbdd96fe2c/element/f.92C64C74BFFB4A8B431616FE9F273F76.d.A0713E71415FACECE42E4DCD146944D3.e.23681/clear - {}
COMMAND: GET /session/9f4c84e4ae75e749cefc69cbdd96fe2c/screenshot - {}
RESULT: {}
RESULT: {}
COMMAND: POST /session/9f4c84e4ae75e749cefc69cbdd96fe2c/element/f.92C64C74BFFB4A8B431616FE9F273F76.d.A0713E71415FACECE42E4DCD146944D3.e.23681/value - {"text":"10354"}
COMMAND: GET /session/9f4c84e4ae75e749cefc69cbdd96fe2c/screenshot - {}
RESULT: {}
RESULT: {"text":"10354"}
COMMAND: GET /session/9f4c84e4ae75e749cefc69cbdd96fe2c/screenshot - {}
RESULT: {}
RESULT: {}
COMMAND: POST /session/9f4c84e4ae75e749cefc69cbdd96fe2c/actions - {"actions":[{"id":"action86","type":"key","parameters":{},"actions":[{"type":"keyDown","value":""},{"type":"pause","duration":10},{"type":"keyUp","value":""}]}]}
RESULT: {"actions":[{"id":"action86","type":"key","parameters":{},"actions":[{"type":"keyDown","value":""},{"type":"pause","duration":10},{"type":"keyUp","value":""}]}]}
COMMAND: GET /session/9f4c84e4ae75e749cefc69cbdd96fe2c/screenshot - {}
RESULT: {}
COMMAND: POST /session/9f4c84e4ae75e749cefc69cbdd96fe2c/element - {"using":"xpath","value":"//span[contains(@id, \"masterListContractsSmartTable-header-inner\")]"}
RESULT: {"using":"xpath","value":"//span[contains(@id, \"masterListContractsSmartTable-header-inner\")]"}
COMMAND: POST /session/9f4c84e4ae75e749cefc69cbdd96fe2c/elements - {"using":"xpath","value":"//span[contains(@id, \"masterListContractsSmartTable-header-inner\")]"}
RESULT: {"using":"xpath","value":"//span[contains(@id, \"masterListContractsSmartTable-header-inner\")]"}
COMMAND: POST /session/9f4c84e4ae75e749cefc69cbdd96fe2c/execute/sync - {"script":"<script> [56 bytes]","args":[{"element-6066-11e4-a52e-4f735466cecf":"f.92C64C74BFFB4A8B431616FE9F273F76.d.A0713E71415FACECE42E4DCD146944D3.e.23785","ELEMENT":"f.92C64C74BFFB4A8B431616FE9F273F76.d.A0713E71415FACECE42E4DCD146944D3.e.23785"}]}
RESULT: {"script":"<script> [56 bytes]","args":[{"element-6066-11e4-a52e-4f735466cecf":"f.92C64C74BFFB4A8B431616FE9F273F76.d.A0713E71415FACECE42E4DCD146944D3.e.23785","ELEMENT":"f.92C64C74BFFB4A8B431616FE9F273F76.d.A0713E71415FACECE42E4DCD146944D3.e.23785"}]}
COMMAND: POST /session/9f4c84e4ae75e749cefc69cbdd96fe2c/element - {"using":"xpath","value":"(//span[contains(@id, \"imgNav\")])[1]"}
COMMAND: GET /session/9f4c84e4ae75e749cefc69cbdd96fe2c/screenshot - {}
RESULT: {"using":"xpath","value":"(//span[contains(@id, \"imgNav\")])[1]"}
COMMAND: POST /session/9f4c84e4ae75e749cefc69cbdd96fe2c/element/f.92C64C74BFFB4A8B431616FE9F273F76.d.A0713E71415FACECE42E4DCD146944D3.e.23784/click - {}
RESULT: {}
RESULT: {}
COMMAND: GET /session/9f4c84e4ae75e749cefc69cbdd96fe2c/screenshot - {}
RESULT: {}
COMMAND: POST /session/9f4c84e4ae75e749cefc69cbdd96fe2c/element - {"using":"xpath","value":"//button[contains(@id, \"contractDetailReturnButton\")]"}
RESULT: {"using":"xpath","value":"//button[contains(@id, \"contractDetailReturnButton\")]"}
COMMAND: POST /session/9f4c84e4ae75e749cefc69cbdd96fe2c/element/f.92C64C74BFFB4A8B431616FE9F273F76.d.A0713E71415FACECE42E4DCD146944D3.e.23919/click - {}
RESULT: {}
COMMAND: GET /session/9f4c84e4ae75e749cefc69cbdd96fe2c/screenshot - {}
RESULT: {}
RESULT: undefined
COMMAND: POST /session/9f4c84e4ae75e749cefc69cbdd96fe2c/execute/async - {"script":"<script> [776 bytes]","args":[{"enterText":"6/11/25","selector":{"id":"application-managehandovers-display-component---AddNewHO--dueDate","interaction":{"idSuffix":"inner"}},"clearTextFirst":true,"interactionType":"ENTER_TEXT"}]}
RESULT: {"script":"<script> [776 bytes]","args":[{"enterText":"6/11/25","selector":{"id":"application-managehandovers-display-component---AddNewHO--dueDate","interaction":{"idSuffix":"inner"}},"clearTextFirst":true,"interactionType":"ENTER_TEXT"}]}
COMMAND: POST /session/9f4c84e4ae75e749cefc69cbdd96fe2c/element - {"using":"xpath","value":"//bdi[contains(text(), \"Instructions\")]"}
RESULT: {"using":"xpath","value":"//bdi[contains(text(), \"Instructions\")]"}
COMMAND: POST /session/9f4c84e4ae75e749cefc69cbdd96fe2c/element/f.92C64C74BFFB4A8B431616FE9F273F76.d.A0713E71415FACECE42E4DCD146944D3.e.24200/click - {}
RESULT: {}
COMMAND: GET /session/9f4c84e4ae75e749cefc69cbdd96fe2c/screenshot - {}
RESULT: {}
COMMAND: POST /session/9f4c84e4ae75e749cefc69cbdd96fe2c/element - {"using":"xpath","value":"//button[@data-kt=\"AddNewHOProvideAddItemsButton\"]"}
RESULT: {"using":"xpath","value":"//button[@data-kt=\"AddNewHOProvideAddItemsButton\"]"}
COMMAND: POST /session/9f4c84e4ae75e749cefc69cbdd96fe2c/element/f.92C64C74BFFB4A8B431616FE9F273F76.d.A0713E71415FACECE42E4DCD146944D3.e.24204/click - {}
RESULT: {}
COMMAND: GET /session/9f4c84e4ae75e749cefc69cbdd96fe2c/screenshot - {}
RESULT: {}
RESULT: undefined
COMMAND: POST /session/9f4c84e4ae75e749cefc69cbdd96fe2c/element - {"using":"xpath","value":"//*[@id=\"application-managehandovers-display-component---AddNewHO--popup-sa\"]"}
RESULT: {"using":"xpath","value":"//*[@id=\"application-managehandovers-display-component---AddNewHO--popup-sa\"]"}
COMMAND: POST /session/9f4c84e4ae75e749cefc69cbdd96fe2c/element/f.92C64C74BFFB4A8B431616FE9F273F76.d.A0713E71415FACECE42E4DCD146944D3.e.24214/click - {}
RESULT: {}
COMMAND: GET /session/9f4c84e4ae75e749cefc69cbdd96fe2c/screenshot - {}
RESULT: {}
COMMAND: POST /session/9f4c84e4ae75e749cefc69cbdd96fe2c/element - {"using":"xpath","value":"//*[contains(@id ,\"BDI-content\")][contains(text(), \"Select\")]"}
RESULT: {"using":"xpath","value":"//*[contains(@id ,\"BDI-content\")][contains(text(), \"Select\")]"}
COMMAND: POST /session/9f4c84e4ae75e749cefc69cbdd96fe2c/element/f.92C64C74BFFB4A8B431616FE9F273F76.d.A0713E71415FACECE42E4DCD146944D3.e.24215/click - {}
RESULT: {}
COMMAND: GET /session/9f4c84e4ae75e749cefc69cbdd96fe2c/screenshot - {}
RESULT: {}
COMMAND: POST /session/9f4c84e4ae75e749cefc69cbdd96fe2c/element - {"using":"xpath","value":"(//div[contains(@id, \"application-managehandovers-display-component---AddNewHO--oneStep-CbBg\")])"}
RESULT: {"using":"xpath","value":"(//div[contains(@id, \"application-managehandovers-display-component---AddNewHO--oneStep-CbBg\")])"}
COMMAND: POST /session/9f4c84e4ae75e749cefc69cbdd96fe2c/element/f.92C64C74BFFB4A8B431616FE9F273F76.d.A0713E71415FACECE42E4DCD146944D3.e.24223/click - {}
RESULT: {}
RESULT: undefined
COMMAND: POST /session/9f4c84e4ae75e749cefc69cbdd96fe2c/element - {"using":"xpath","value":"//*[@id=\"application-managehandovers-display-component---AddNewHO--confirmCreationButton\"]"}
COMMAND: GET /session/9f4c84e4ae75e749cefc69cbdd96fe2c/screenshot - {}
RESULT: {"using":"xpath","value":"//*[@id=\"application-managehandovers-display-component---AddNewHO--confirmCreationButton\"]"}
COMMAND: POST /session/9f4c84e4ae75e749cefc69cbdd96fe2c/element/f.92C64C74BFFB4A8B431616FE9F273F76.d.A0713E71415FACECE42E4DCD146944D3.e.24014/click - {}
RESULT: {}
RESULT: {}
COMMAND: GET /session/9f4c84e4ae75e749cefc69cbdd96fe2c/screenshot - {}
RESULT: {}
RESULT: undefined
COMMAND: POST /session/9f4c84e4ae75e749cefc69cbdd96fe2c/execute/async - {"script":"<script> [776 bytes]","args":[{"enterText":"6/11/25","selector":{"id":"issueDatePicker","viewName":"etm.portal.ui.managehandovers.view.DetailExecuteHO","interaction":{"idSuffix":"inner"}},"clearTextFirst":true,"interactionType":"ENTER_TEXT"}]}
RESULT: {"script":"<script> [776 bytes]","args":[{"enterText":"6/11/25","selector":{"id":"issueDatePicker","viewName":"etm.portal.ui.managehandovers.view.DetailExecuteHO","interaction":{"idSuffix":"inner"}},"clearTextFirst":true,"interactionType":"ENTER_TEXT"}]}
COMMAND: POST /session/9f4c84e4ae75e749cefc69cbdd96fe2c/element - {"using":"xpath","value":"//button[@data-kt=\"PickingTableConfirmAllButton\"]"}
RESULT: {"using":"xpath","value":"//button[@data-kt=\"PickingTableConfirmAllButton\"]"}
COMMAND: POST /session/9f4c84e4ae75e749cefc69cbdd96fe2c/element/f.92C64C74BFFB4A8B431616FE9F273F76.d.A0713E71415FACECE42E4DCD146944D3.e.24273/click - {}
RESULT: {}
COMMAND: GET /session/9f4c84e4ae75e749cefc69cbdd96fe2c/screenshot - {}
RESULT: {}
COMMAND: POST /session/9f4c84e4ae75e749cefc69cbdd96fe2c/element - {"using":"xpath","value":"//bdi[contains(text(), \"OK\")]"}
RESULT: {"using":"xpath","value":"//bdi[contains(text(), \"OK\")]"}
COMMAND: POST /session/9f4c84e4ae75e749cefc69cbdd96fe2c/element/f.92C64C74BFFB4A8B431616FE9F273F76.d.A0713E71415FACECE42E4DCD146944D3.e.24276/click - {}
RESULT: {}
COMMAND: GET /session/9f4c84e4ae75e749cefc69cbdd96fe2c/screenshot - {}
RESULT: {}
COMMAND: POST /session/9f4c84e4ae75e749cefc69cbdd96fe2c/element - {"using":"xpath","value":"//button[@data-kt=\"execHoPickButton\"]"}
RESULT: {"using":"xpath","value":"//button[@data-kt=\"execHoPickButton\"]"}
COMMAND: POST /session/9f4c84e4ae75e749cefc69cbdd96fe2c/element/f.92C64C74BFFB4A8B431616FE9F273F76.d.A0713E71415FACECE42E4DCD146944D3.e.24278/click - {}
RESULT: {}
COMMAND: GET /session/9f4c84e4ae75e749cefc69cbdd96fe2c/screenshot - {}
RESULT: {}
COMMAND: POST /session/9f4c84e4ae75e749cefc69cbdd96fe2c/element - {"using":"xpath","value":"//span[contains(@id ,\"filterItemControl_BASIC-SEND_CONTRACT-vhi\")]"}
RESULT: {"using":"xpath","value":"//span[contains(@id ,\"filterItemControl_BASIC-SEND_CONTRACT-vhi\")]"}
COMMAND: POST /session/9f4c84e4ae75e749cefc69cbdd96fe2c/element/f.92C64C74BFFB4A8B431616FE9F273F76.d.A0713E71415FACECE42E4DCD146944D3.e.24564/click - {}
RESULT: {}
COMMAND: GET /session/9f4c84e4ae75e749cefc69cbdd96fe2c/screenshot - {}
RESULT: {}
RESULT: undefined
COMMAND: POST /session/9f4c84e4ae75e749cefc69cbdd96fe2c/execute/async - {"script":"<script> [776 bytes]","args":[{"enterText":"10354","selector":{"controlType":"sap.m.SearchField","viewName":"etm.portal.ui.managehandovers.view.MasterHO","bindingPath":{"path":"","propertyPath":"/_BASIC_SEARCH_FIELD","modelName":"fi1t3rM0d31"},"searchOpenDialogs":true,"interaction":{"idSuffix":"I"}},"clearTextFirst":true,"interactionType":"ENTER_TEXT"}]}
RESULT: {"script":"<script> [776 bytes]","args":[{"enterText":"10354","selector":{"controlType":"sap.m.SearchField","viewName":"etm.portal.ui.managehandovers.view.MasterHO","bindingPath":{"path":"","propertyPath":"/_BASIC_SEARCH_FIELD","modelName":"fi1t3rM0d31"},"searchOpenDialogs":true,"interaction":{"idSuffix":"I"}},"clearTextFirst":true,"interactionType":"ENTER_TEXT"}]}
COMMAND: POST /session/9f4c84e4ae75e749cefc69cbdd96fe2c/actions - {"actions":[{"id":"action87","type":"key","parameters":{},"actions":[{"type":"keyDown","value":""},{"type":"pause","duration":10},{"type":"keyUp","value":""}]}]}
RESULT: {"actions":[{"id":"action87","type":"key","parameters":{},"actions":[{"type":"keyDown","value":""},{"type":"pause","duration":10},{"type":"keyUp","value":""}]}]}
COMMAND: GET /session/9f4c84e4ae75e749cefc69cbdd96fe2c/screenshot - {}
RESULT: {}
COMMAND: POST /session/9f4c84e4ae75e749cefc69cbdd96fe2c/element - {"using":"xpath","value":"//div[contains(@id, 'filterItemControl_BASIC-SEND_CONTRACT-valueHelpDialog-table-rowsel0')]"}
RESULT: {"using":"xpath","value":"//div[contains(@id, 'filterItemControl_BASIC-SEND_CONTRACT-valueHelpDialog-table-rowsel0')]"}
COMMAND: POST /session/9f4c84e4ae75e749cefc69cbdd96fe2c/element/f.92C64C74BFFB4A8B431616FE9F273F76.d.A0713E71415FACECE42E4DCD146944D3.e.24572/click - {}
RESULT: {}
COMMAND: GET /session/9f4c84e4ae75e749cefc69cbdd96fe2c/screenshot - {}
RESULT: {}
COMMAND: POST /session/9f4c84e4ae75e749cefc69cbdd96fe2c/element - {"using":"xpath","value":"//bdi[contains(text(), \"OK\")]"}
RESULT: {"using":"xpath","value":"//bdi[contains(text(), \"OK\")]"}
COMMAND: POST /session/9f4c84e4ae75e749cefc69cbdd96fe2c/element/f.92C64C74BFFB4A8B431616FE9F273F76.d.A0713E71415FACECE42E4DCD146944D3.e.24574/click - {}
RESULT: {}
COMMAND: GET /session/9f4c84e4ae75e749cefc69cbdd96fe2c/screenshot - {}
RESULT: {}
COMMAND: POST /session/9f4c84e4ae75e749cefc69cbdd96fe2c/element - {"using":"xpath","value":"//span[contains(@id, \"smartTable-header-inner\")]"}
RESULT: {"using":"xpath","value":"//span[contains(@id, \"smartTable-header-inner\")]"}
COMMAND: POST /session/9f4c84e4ae75e749cefc69cbdd96fe2c/elements - {"using":"xpath","value":"//span[contains(@id, \"smartTable-header-inner\")]"}
RESULT: {"using":"xpath","value":"//span[contains(@id, \"smartTable-header-inner\")]"}
COMMAND: POST /session/9f4c84e4ae75e749cefc69cbdd96fe2c/execute/sync - {"script":"<script> [56 bytes]","args":[{"element-6066-11e4-a52e-4f735466cecf":"f.92C64C74BFFB4A8B431616FE9F273F76.d.A0713E71415FACECE42E4DCD146944D3.e.24602","ELEMENT":"f.92C64C74BFFB4A8B431616FE9F273F76.d.A0713E71415FACECE42E4DCD146944D3.e.24602"}]}
RESULT: {"script":"<script> [56 bytes]","args":[{"element-6066-11e4-a52e-4f735466cecf":"f.92C64C74BFFB4A8B431616FE9F273F76.d.A0713E71415FACECE42E4DCD146944D3.e.24602","ELEMENT":"f.92C64C74BFFB4A8B431616FE9F273F76.d.A0713E71415FACECE42E4DCD146944D3.e.24602"}]}
COMMAND: POST /session/9f4c84e4ae75e749cefc69cbdd96fe2c/element - {"using":"xpath","value":"//table[contains(@id, \"customHandovers\")]//tbody/tr[1]/td[2]/span"}
COMMAND: GET /session/9f4c84e4ae75e749cefc69cbdd96fe2c/screenshot - {}
RESULT: {"using":"xpath","value":"//table[contains(@id, \"customHandovers\")]//tbody/tr[1]/td[2]/span"}
COMMAND: POST /session/9f4c84e4ae75e749cefc69cbdd96fe2c/execute/sync - {"script":"<script> [56 bytes]","args":[{"element-6066-11e4-a52e-4f735466cecf":"f.92C64C74BFFB4A8B431616FE9F273F76.d.A0713E71415FACECE42E4DCD146944D3.e.24603","ELEMENT":"f.92C64C74BFFB4A8B431616FE9F273F76.d.A0713E71415FACECE42E4DCD146944D3.e.24603"}]}
RESULT: {}
RESULT: {"script":"<script> [56 bytes]","args":[{"element-6066-11e4-a52e-4f735466cecf":"f.92C64C74BFFB4A8B431616FE9F273F76.d.A0713E71415FACECE42E4DCD146944D3.e.24603","ELEMENT":"f.92C64C74BFFB4A8B431616FE9F273F76.d.A0713E71415FACECE42E4DCD146944D3.e.24603"}]}
COMMAND: POST /session/9f4c84e4ae75e749cefc69cbdd96fe2c/element - {"using":"xpath","value":"(//span[contains(@id, \"imgNav\")])[1]"}
COMMAND: GET /session/9f4c84e4ae75e749cefc69cbdd96fe2c/screenshot - {}
RESULT: {"using":"xpath","value":"(//span[contains(@id, \"imgNav\")])[1]"}
COMMAND: POST /session/9f4c84e4ae75e749cefc69cbdd96fe2c/element/f.92C64C74BFFB4A8B431616FE9F273F76.d.A0713E71415FACECE42E4DCD146944D3.e.24600/click - {}
RESULT: {}
RESULT: {}
COMMAND: GET /session/9f4c84e4ae75e749cefc69cbdd96fe2c/screenshot - {}
RESULT: {}
RESULT: undefined
COMMAND: POST /session/9f4c84e4ae75e749cefc69cbdd96fe2c/execute/async - {"script":"<script> [776 bytes]","args":[{"enterText":"6/11/25","selector":{"id":"issueDatePicker","viewName":"etm.portal.ui.managehandovers.view.DetailExecuteHO","interaction":{"idSuffix":"inner"}},"clearTextFirst":true,"interactionType":"ENTER_TEXT"}]}
RESULT: {"script":"<script> [776 bytes]","args":[{"enterText":"6/11/25","selector":{"id":"issueDatePicker","viewName":"etm.portal.ui.managehandovers.view.DetailExecuteHO","interaction":{"idSuffix":"inner"}},"clearTextFirst":true,"interactionType":"ENTER_TEXT"}]}
COMMAND: POST /session/9f4c84e4ae75e749cefc69cbdd96fe2c/element - {"using":"xpath","value":"//button[@data-kt=\"IssuingTableConfirmAllButton\"]"}
RESULT: {"using":"xpath","value":"//button[@data-kt=\"IssuingTableConfirmAllButton\"]"}
COMMAND: POST /session/9f4c84e4ae75e749cefc69cbdd96fe2c/element/f.92C64C74BFFB4A8B431616FE9F273F76.d.A0713E71415FACECE42E4DCD146944D3.e.24645/click - {}
RESULT: {}
COMMAND: GET /session/9f4c84e4ae75e749cefc69cbdd96fe2c/screenshot - {}
RESULT: {}
COMMAND: POST /session/9f4c84e4ae75e749cefc69cbdd96fe2c/element - {"using":"xpath","value":"//bdi[contains(text(), \"OK\")]"}
RESULT: {"using":"xpath","value":"//bdi[contains(text(), \"OK\")]"}
COMMAND: POST /session/9f4c84e4ae75e749cefc69cbdd96fe2c/element/f.92C64C74BFFB4A8B431616FE9F273F76.d.A0713E71415FACECE42E4DCD146944D3.e.24662/click - {}
RESULT: {}
COMMAND: GET /session/9f4c84e4ae75e749cefc69cbdd96fe2c/screenshot - {}
RESULT: {}
COMMAND: POST /session/9f4c84e4ae75e749cefc69cbdd96fe2c/element - {"using":"xpath","value":"//button[@data-kt=\"execHoIssueButton\"]"}
RESULT: {"using":"xpath","value":"//button[@data-kt=\"execHoIssueButton\"]"}
COMMAND: POST /session/9f4c84e4ae75e749cefc69cbdd96fe2c/element/f.92C64C74BFFB4A8B431616FE9F273F76.d.A0713E71415FACECE42E4DCD146944D3.e.24664/click - {}
RESULT: {}
COMMAND: GET /session/9f4c84e4ae75e749cefc69cbdd96fe2c/screenshot - {}
RESULT: {}
COMMAND: POST /session/9f4c84e4ae75e749cefc69cbdd96fe2c/element - {"using":"xpath","value":"//input[contains(@id ,\"smartFilterBar-btnBasicSearch-I\")]"}
RESULT: {"using":"xpath","value":"//input[contains(@id ,\"smartFilterBar-btnBasicSearch-I\")]"}
COMMAND: POST /session/9f4c84e4ae75e749cefc69cbdd96fe2c/elements - {"using":"xpath","value":"//input[contains(@id ,\"smartFilterBar-btnBasicSearch-I\")]"}
RESULT: {"using":"xpath","value":"//input[contains(@id ,\"smartFilterBar-btnBasicSearch-I\")]"}
COMMAND: POST /session/9f4c84e4ae75e749cefc69cbdd96fe2c/execute/sync - {"script":"<script> [8489 bytes]","args":[{"element-6066-11e4-a52e-4f735466cecf":"f.92C64C74BFFB4A8B431616FE9F273F76.d.A0713E71415FACECE42E4DCD146944D3.e.23981","ELEMENT":"f.92C64C74BFFB4A8B431616FE9F273F76.d.A0713E71415FACECE42E4DCD146944D3.e.23981"}]}
RESULT: {"script":"<script> [8489 bytes]","args":[{"element-6066-11e4-a52e-4f735466cecf":"f.92C64C74BFFB4A8B431616FE9F273F76.d.A0713E71415FACECE42E4DCD146944D3.e.23981","ELEMENT":"f.92C64C74BFFB4A8B431616FE9F273F76.d.A0713E71415FACECE42E4DCD146944D3.e.23981"}]}
COMMAND: GET /session/9f4c84e4ae75e749cefc69cbdd96fe2c/element/f.92C64C74BFFB4A8B431616FE9F273F76.d.A0713E71415FACECE42E4DCD146944D3.e.23981/enabled - {}
COMMAND: GET /session/9f4c84e4ae75e749cefc69cbdd96fe2c/screenshot - {}
RESULT: {}
COMMAND: POST /session/9f4c84e4ae75e749cefc69cbdd96fe2c/element/f.92C64C74BFFB4A8B431616FE9F273F76.d.A0713E71415FACECE42E4DCD146944D3.e.23981/clear - {}
COMMAND: GET /session/9f4c84e4ae75e749cefc69cbdd96fe2c/screenshot - {}
RESULT: {}
RESULT: {}
COMMAND: POST /session/9f4c84e4ae75e749cefc69cbdd96fe2c/element/f.92C64C74BFFB4A8B431616FE9F273F76.d.A0713E71415FACECE42E4DCD146944D3.e.23981/value - {"text":"30771"}
COMMAND: GET /session/9f4c84e4ae75e749cefc69cbdd96fe2c/screenshot - {}
RESULT: {}
RESULT: {"text":"30771"}
COMMAND: GET /session/9f4c84e4ae75e749cefc69cbdd96fe2c/screenshot - {}
RESULT: {}
RESULT: {}
COMMAND: POST /session/9f4c84e4ae75e749cefc69cbdd96fe2c/actions - {"actions":[{"id":"action88","type":"key","parameters":{},"actions":[{"type":"keyDown","value":""},{"type":"pause","duration":10},{"type":"keyUp","value":""}]}]}
RESULT: {"actions":[{"id":"action88","type":"key","parameters":{},"actions":[{"type":"keyDown","value":""},{"type":"pause","duration":10},{"type":"keyUp","value":""}]}]}
COMMAND: GET /session/9f4c84e4ae75e749cefc69cbdd96fe2c/screenshot - {}
RESULT: {}
COMMAND: POST /session/9f4c84e4ae75e749cefc69cbdd96fe2c/element - {"using":"xpath","value":"//span[contains(@id, \"smartTable-header-inner\")]"}
RESULT: {"using":"xpath","value":"//span[contains(@id, \"smartTable-header-inner\")]"}
COMMAND: POST /session/9f4c84e4ae75e749cefc69cbdd96fe2c/elements - {"using":"xpath","value":"//span[contains(@id, \"smartTable-header-inner\")]"}
RESULT: {"using":"xpath","value":"//span[contains(@id, \"smartTable-header-inner\")]"}
COMMAND: POST /session/9f4c84e4ae75e749cefc69cbdd96fe2c/execute/sync - {"script":"<script> [56 bytes]","args":[{"element-6066-11e4-a52e-4f735466cecf":"f.92C64C74BFFB4A8B431616FE9F273F76.d.A0713E71415FACECE42E4DCD146944D3.e.24602","ELEMENT":"f.92C64C74BFFB4A8B431616FE9F273F76.d.A0713E71415FACECE42E4DCD146944D3.e.24602"}]}
RESULT: {"script":"<script> [56 bytes]","args":[{"element-6066-11e4-a52e-4f735466cecf":"f.92C64C74BFFB4A8B431616FE9F273F76.d.A0713E71415FACECE42E4DCD146944D3.e.24602","ELEMENT":"f.92C64C74BFFB4A8B431616FE9F273F76.d.A0713E71415FACECE42E4DCD146944D3.e.24602"}]}
COMMAND: POST /session/9f4c84e4ae75e749cefc69cbdd96fe2c/elements - {"using":"xpath","value":"//thead[contains(@class, \"sapMTableTH\")]/tr/th"}
COMMAND: GET /session/9f4c84e4ae75e749cefc69cbdd96fe2c/screenshot - {}
RESULT: {"using":"xpath","value":"//thead[contains(@class, \"sapMTableTH\")]/tr/th"}
COMMAND: GET /session/9f4c84e4ae75e749cefc69cbdd96fe2c/element/f.92C64C74BFFB4A8B431616FE9F273F76.d.A0713E71415FACECE42E4DCD146944D3.e.24701/text - {}
RESULT: {}
RESULT: {}
COMMAND: GET /session/9f4c84e4ae75e749cefc69cbdd96fe2c/element/f.92C64C74BFFB4A8B431616FE9F273F76.d.A0713E71415FACECE42E4DCD146944D3.e.24702/text - {}
RESULT: {}
COMMAND: GET /session/9f4c84e4ae75e749cefc69cbdd96fe2c/element/f.92C64C74BFFB4A8B431616FE9F273F76.d.A0713E71415FACECE42E4DCD146944D3.e.24035/text - {}
RESULT: {}
COMMAND: GET /session/9f4c84e4ae75e749cefc69cbdd96fe2c/element/f.92C64C74BFFB4A8B431616FE9F273F76.d.A0713E71415FACECE42E4DCD146944D3.e.24037/text - {}
RESULT: {}
COMMAND: GET /session/9f4c84e4ae75e749cefc69cbdd96fe2c/element/f.92C64C74BFFB4A8B431616FE9F273F76.d.A0713E71415FACECE42E4DCD146944D3.e.24669/text - {}
RESULT: {}
COMMAND: GET /session/9f4c84e4ae75e749cefc69cbdd96fe2c/element/f.92C64C74BFFB4A8B431616FE9F273F76.d.A0713E71415FACECE42E4DCD146944D3.e.24670/text - {}
RESULT: {}
COMMAND: GET /session/9f4c84e4ae75e749cefc69cbdd96fe2c/element/f.92C64C74BFFB4A8B431616FE9F273F76.d.A0713E71415FACECE42E4DCD146944D3.e.24671/text - {}
RESULT: {}
COMMAND: GET /session/9f4c84e4ae75e749cefc69cbdd96fe2c/element/f.92C64C74BFFB4A8B431616FE9F273F76.d.A0713E71415FACECE42E4DCD146944D3.e.24672/text - {}
RESULT: {}
COMMAND: GET /session/9f4c84e4ae75e749cefc69cbdd96fe2c/element/f.92C64C74BFFB4A8B431616FE9F273F76.d.A0713E71415FACECE42E4DCD146944D3.e.24673/text - {}
RESULT: {}
COMMAND: GET /session/9f4c84e4ae75e749cefc69cbdd96fe2c/element/f.92C64C74BFFB4A8B431616FE9F273F76.d.A0713E71415FACECE42E4DCD146944D3.e.24674/text - {}
RESULT: {}
COMMAND: GET /session/9f4c84e4ae75e749cefc69cbdd96fe2c/element/f.92C64C74BFFB4A8B431616FE9F273F76.d.A0713E71415FACECE42E4DCD146944D3.e.24675/text - {}
RESULT: {}
COMMAND: GET /session/9f4c84e4ae75e749cefc69cbdd96fe2c/element/f.92C64C74BFFB4A8B431616FE9F273F76.d.A0713E71415FACECE42E4DCD146944D3.e.24676/text - {}
RESULT: {}
COMMAND: GET /session/9f4c84e4ae75e749cefc69cbdd96fe2c/element/f.92C64C74BFFB4A8B431616FE9F273F76.d.A0713E71415FACECE42E4DCD146944D3.e.24677/text - {}
RESULT: {}
COMMAND: GET /session/9f4c84e4ae75e749cefc69cbdd96fe2c/element/f.92C64C74BFFB4A8B431616FE9F273F76.d.A0713E71415FACECE42E4DCD146944D3.e.24038/text - {}
RESULT: {}
COMMAND: POST /session/9f4c84e4ae75e749cefc69cbdd96fe2c/element - {"using":"xpath","value":"//tbody[contains(@id, \"customHandoversTable-tblBody\")]/tr[1]/td[14]/div/span"}
RESULT: {"using":"xpath","value":"//tbody[contains(@id, \"customHandoversTable-tblBody\")]/tr[1]/td[14]/div/span"}
COMMAND: POST /session/9f4c84e4ae75e749cefc69cbdd96fe2c/execute/sync - {"script":"<script> [56 bytes]","args":[{"element-6066-11e4-a52e-4f735466cecf":"f.92C64C74BFFB4A8B431616FE9F273F76.d.A0713E71415FACECE42E4DCD146944D3.e.24751","ELEMENT":"f.92C64C74BFFB4A8B431616FE9F273F76.d.A0713E71415FACECE42E4DCD146944D3.e.24751"}]}
RESULT: {"script":"<script> [56 bytes]","args":[{"element-6066-11e4-a52e-4f735466cecf":"f.92C64C74BFFB4A8B431616FE9F273F76.d.A0713E71415FACECE42E4DCD146944D3.e.24751","ELEMENT":"f.92C64C74BFFB4A8B431616FE9F273F76.d.A0713E71415FACECE42E4DCD146944D3.e.24751"}]}
COMMAND: POST /session/9f4c84e4ae75e749cefc69cbdd96fe2c/element - {"using":"xpath","value":"(//span[contains(@id, \"imgNav\")])[1]"}
COMMAND: GET /session/9f4c84e4ae75e749cefc69cbdd96fe2c/screenshot - {}
RESULT: {"using":"xpath","value":"(//span[contains(@id, \"imgNav\")])[1]"}
COMMAND: POST /session/9f4c84e4ae75e749cefc69cbdd96fe2c/element/f.92C64C74BFFB4A8B431616FE9F273F76.d.A0713E71415FACECE42E4DCD146944D3.e.24752/click - {}
RESULT: {}
RESULT: {}
COMMAND: GET /session/9f4c84e4ae75e749cefc69cbdd96fe2c/screenshot - {}
RESULT: {}
RESULT: undefined
COMMAND: POST /session/9f4c84e4ae75e749cefc69cbdd96fe2c/execute/async - {"script":"<script> [776 bytes]","args":[{"enterText":"6/18/25","selector":{"id":"receiptDatePicker","viewName":"etm.portal.ui.managehandovers.view.DetailExecuteHO","interaction":{"idSuffix":"inner"}},"clearTextFirst":true,"interactionType":"ENTER_TEXT"}]}
RESULT: {"script":"<script> [776 bytes]","args":[{"enterText":"6/18/25","selector":{"id":"receiptDatePicker","viewName":"etm.portal.ui.managehandovers.view.DetailExecuteHO","interaction":{"idSuffix":"inner"}},"clearTextFirst":true,"interactionType":"ENTER_TEXT"}]}
COMMAND: POST /session/9f4c84e4ae75e749cefc69cbdd96fe2c/element - {"using":"xpath","value":"//bdi[contains(text(), \"OK\")]"}
RESULT: {"using":"xpath","value":"//bdi[contains(text(), \"OK\")]"}
COMMAND: POST /session/9f4c84e4ae75e749cefc69cbdd96fe2c/element/f.92C64C74BFFB4A8B431616FE9F273F76.d.A0713E71415FACECE42E4DCD146944D3.e.24790/click - {}
RESULT: {}
COMMAND: GET /session/9f4c84e4ae75e749cefc69cbdd96fe2c/screenshot - {}
RESULT: {}
COMMAND: POST /session/9f4c84e4ae75e749cefc69cbdd96fe2c/element - {"using":"xpath","value":"//button[@data-kt=\"ReceivingTableConfirmAllButton\"]"}
RESULT: {"using":"xpath","value":"//button[@data-kt=\"ReceivingTableConfirmAllButton\"]"}
COMMAND: POST /session/9f4c84e4ae75e749cefc69cbdd96fe2c/element/f.92C64C74BFFB4A8B431616FE9F273F76.d.A0713E71415FACECE42E4DCD146944D3.e.24775/click - {}
RESULT: {}
COMMAND: GET /session/9f4c84e4ae75e749cefc69cbdd96fe2c/screenshot - {}
RESULT: {}
COMMAND: POST /session/9f4c84e4ae75e749cefc69cbdd96fe2c/element - {"using":"xpath","value":"//bdi[contains(text(), \"OK\")]"}
RESULT: {"using":"xpath","value":"//bdi[contains(text(), \"OK\")]"}
COMMAND: POST /session/9f4c84e4ae75e749cefc69cbdd96fe2c/element/f.92C64C74BFFB4A8B431616FE9F273F76.d.A0713E71415FACECE42E4DCD146944D3.e.24804/click - {}
RESULT: {}
COMMAND: GET /session/9f4c84e4ae75e749cefc69cbdd96fe2c/screenshot - {}
RESULT: {}
COMMAND: POST /session/9f4c84e4ae75e749cefc69cbdd96fe2c/element - {"using":"xpath","value":"//button[@data-kt= \"execHoReceiveButton\"]"}
RESULT: {"using":"xpath","value":"//button[@data-kt= \"execHoReceiveButton\"]"}
COMMAND: POST /session/9f4c84e4ae75e749cefc69cbdd96fe2c/element/f.92C64C74BFFB4A8B431616FE9F273F76.d.A0713E71415FACECE42E4DCD146944D3.e.24805/click - {}
RESULT: {}
COMMAND: GET /session/9f4c84e4ae75e749cefc69cbdd96fe2c/screenshot - {}
RESULT: {}
COMMAND: POST /session/9f4c84e4ae75e749cefc69cbdd96fe2c/element - {"using":"xpath","value":"//input[contains(@id ,\"smartFilterBar-btnBasicSearch-I\")]"}
RESULT: {"using":"xpath","value":"//input[contains(@id ,\"smartFilterBar-btnBasicSearch-I\")]"}
COMMAND: POST /session/9f4c84e4ae75e749cefc69cbdd96fe2c/elements - {"using":"xpath","value":"//input[contains(@id ,\"smartFilterBar-btnBasicSearch-I\")]"}
RESULT: {"using":"xpath","value":"//input[contains(@id ,\"smartFilterBar-btnBasicSearch-I\")]"}
COMMAND: POST /session/9f4c84e4ae75e749cefc69cbdd96fe2c/execute/sync - {"script":"<script> [8489 bytes]","args":[{"element-6066-11e4-a52e-4f735466cecf":"f.92C64C74BFFB4A8B431616FE9F273F76.d.A0713E71415FACECE42E4DCD146944D3.e.23981","ELEMENT":"f.92C64C74BFFB4A8B431616FE9F273F76.d.A0713E71415FACECE42E4DCD146944D3.e.23981"}]}
RESULT: {"script":"<script> [8489 bytes]","args":[{"element-6066-11e4-a52e-4f735466cecf":"f.92C64C74BFFB4A8B431616FE9F273F76.d.A0713E71415FACECE42E4DCD146944D3.e.23981","ELEMENT":"f.92C64C74BFFB4A8B431616FE9F273F76.d.A0713E71415FACECE42E4DCD146944D3.e.23981"}]}
COMMAND: GET /session/9f4c84e4ae75e749cefc69cbdd96fe2c/element/f.92C64C74BFFB4A8B431616FE9F273F76.d.A0713E71415FACECE42E4DCD146944D3.e.23981/enabled - {}
COMMAND: GET /session/9f4c84e4ae75e749cefc69cbdd96fe2c/screenshot - {}
RESULT: {}
COMMAND: POST /session/9f4c84e4ae75e749cefc69cbdd96fe2c/element/f.92C64C74BFFB4A8B431616FE9F273F76.d.A0713E71415FACECE42E4DCD146944D3.e.23981/clear - {}
COMMAND: GET /session/9f4c84e4ae75e749cefc69cbdd96fe2c/screenshot - {}
RESULT: {}
RESULT: {}
COMMAND: POST /session/9f4c84e4ae75e749cefc69cbdd96fe2c/element/f.92C64C74BFFB4A8B431616FE9F273F76.d.A0713E71415FACECE42E4DCD146944D3.e.23981/value - {"text":"30771"}
COMMAND: GET /session/9f4c84e4ae75e749cefc69cbdd96fe2c/screenshot - {}
RESULT: {}
RESULT: {"text":"30771"}
COMMAND: GET /session/9f4c84e4ae75e749cefc69cbdd96fe2c/screenshot - {}
RESULT: {}
RESULT: {}
COMMAND: POST /session/9f4c84e4ae75e749cefc69cbdd96fe2c/actions - {"actions":[{"id":"action89","type":"key","parameters":{},"actions":[{"type":"keyDown","value":""},{"type":"pause","duration":10},{"type":"keyUp","value":""}]}]}
RESULT: {"actions":[{"id":"action89","type":"key","parameters":{},"actions":[{"type":"keyDown","value":""},{"type":"pause","duration":10},{"type":"keyUp","value":""}]}]}
COMMAND: GET /session/9f4c84e4ae75e749cefc69cbdd96fe2c/screenshot - {}
RESULT: {}
COMMAND: POST /session/9f4c84e4ae75e749cefc69cbdd96fe2c/element - {"using":"xpath","value":"//span[contains(@id, \"smartTable-header-inner\")]"}
RESULT: {"using":"xpath","value":"//span[contains(@id, \"smartTable-header-inner\")]"}
COMMAND: POST /session/9f4c84e4ae75e749cefc69cbdd96fe2c/elements - {"using":"xpath","value":"//span[contains(@id, \"smartTable-header-inner\")]"}
RESULT: {"using":"xpath","value":"//span[contains(@id, \"smartTable-header-inner\")]"}
COMMAND: POST /session/9f4c84e4ae75e749cefc69cbdd96fe2c/execute/sync - {"script":"<script> [56 bytes]","args":[{"element-6066-11e4-a52e-4f735466cecf":"f.92C64C74BFFB4A8B431616FE9F273F76.d.A0713E71415FACECE42E4DCD146944D3.e.24602","ELEMENT":"f.92C64C74BFFB4A8B431616FE9F273F76.d.A0713E71415FACECE42E4DCD146944D3.e.24602"}]}
RESULT: {"script":"<script> [56 bytes]","args":[{"element-6066-11e4-a52e-4f735466cecf":"f.92C64C74BFFB4A8B431616FE9F273F76.d.A0713E71415FACECE42E4DCD146944D3.e.24602","ELEMENT":"f.92C64C74BFFB4A8B431616FE9F273F76.d.A0713E71415FACECE42E4DCD146944D3.e.24602"}]}
COMMAND: POST /session/9f4c84e4ae75e749cefc69cbdd96fe2c/elements - {"using":"xpath","value":"//thead[contains(@class, \"sapMTableTH\")]/tr/th"}
COMMAND: GET /session/9f4c84e4ae75e749cefc69cbdd96fe2c/screenshot - {}
RESULT: {"using":"xpath","value":"//thead[contains(@class, \"sapMTableTH\")]/tr/th"}
COMMAND: GET /session/9f4c84e4ae75e749cefc69cbdd96fe2c/element/f.92C64C74BFFB4A8B431616FE9F273F76.d.A0713E71415FACECE42E4DCD146944D3.e.24701/text - {}
RESULT: {}
RESULT: {}
COMMAND: GET /session/9f4c84e4ae75e749cefc69cbdd96fe2c/element/f.92C64C74BFFB4A8B431616FE9F273F76.d.A0713E71415FACECE42E4DCD146944D3.e.24702/text - {}
RESULT: {}
COMMAND: GET /session/9f4c84e4ae75e749cefc69cbdd96fe2c/element/f.92C64C74BFFB4A8B431616FE9F273F76.d.A0713E71415FACECE42E4DCD146944D3.e.24035/text - {}
RESULT: {}
COMMAND: GET /session/9f4c84e4ae75e749cefc69cbdd96fe2c/element/f.92C64C74BFFB4A8B431616FE9F273F76.d.A0713E71415FACECE42E4DCD146944D3.e.24037/text - {}
RESULT: {}
COMMAND: GET /session/9f4c84e4ae75e749cefc69cbdd96fe2c/element/f.92C64C74BFFB4A8B431616FE9F273F76.d.A0713E71415FACECE42E4DCD146944D3.e.24810/text - {}
RESULT: {}
COMMAND: GET /session/9f4c84e4ae75e749cefc69cbdd96fe2c/element/f.92C64C74BFFB4A8B431616FE9F273F76.d.A0713E71415FACECE42E4DCD146944D3.e.24811/text - {}
RESULT: {}
COMMAND: GET /session/9f4c84e4ae75e749cefc69cbdd96fe2c/element/f.92C64C74BFFB4A8B431616FE9F273F76.d.A0713E71415FACECE42E4DCD146944D3.e.24812/text - {}
RESULT: {}
COMMAND: GET /session/9f4c84e4ae75e749cefc69cbdd96fe2c/element/f.92C64C74BFFB4A8B431616FE9F273F76.d.A0713E71415FACECE42E4DCD146944D3.e.24813/text - {}
RESULT: {}
COMMAND: GET /session/9f4c84e4ae75e749cefc69cbdd96fe2c/element/f.92C64C74BFFB4A8B431616FE9F273F76.d.A0713E71415FACECE42E4DCD146944D3.e.24814/text - {}
RESULT: {}
COMMAND: GET /session/9f4c84e4ae75e749cefc69cbdd96fe2c/element/f.92C64C74BFFB4A8B431616FE9F273F76.d.A0713E71415FACECE42E4DCD146944D3.e.24815/text - {}
RESULT: {}
COMMAND: GET /session/9f4c84e4ae75e749cefc69cbdd96fe2c/element/f.92C64C74BFFB4A8B431616FE9F273F76.d.A0713E71415FACECE42E4DCD146944D3.e.24816/text - {}
RESULT: {}
COMMAND: GET /session/9f4c84e4ae75e749cefc69cbdd96fe2c/element/f.92C64C74BFFB4A8B431616FE9F273F76.d.A0713E71415FACECE42E4DCD146944D3.e.24817/text - {}
RESULT: {}
COMMAND: GET /session/9f4c84e4ae75e749cefc69cbdd96fe2c/element/f.92C64C74BFFB4A8B431616FE9F273F76.d.A0713E71415FACECE42E4DCD146944D3.e.24818/text - {}
RESULT: {}
COMMAND: GET /session/9f4c84e4ae75e749cefc69cbdd96fe2c/element/f.92C64C74BFFB4A8B431616FE9F273F76.d.A0713E71415FACECE42E4DCD146944D3.e.24038/text - {}
RESULT: {}
COMMAND: POST /session/9f4c84e4ae75e749cefc69cbdd96fe2c/element - {"using":"xpath","value":"//tbody[contains(@id, \"customHandoversTable-tblBody\")]/tr[1]/td[14]/div/span"}
RESULT: {"using":"xpath","value":"//tbody[contains(@id, \"customHandoversTable-tblBody\")]/tr[1]/td[14]/div/span"}
COMMAND: POST /session/9f4c84e4ae75e749cefc69cbdd96fe2c/execute/sync - {"script":"<script> [56 bytes]","args":[{"element-6066-11e4-a52e-4f735466cecf":"f.92C64C74BFFB4A8B431616FE9F273F76.d.A0713E71415FACECE42E4DCD146944D3.e.24863","ELEMENT":"f.92C64C74BFFB4A8B431616FE9F273F76.d.A0713E71415FACECE42E4DCD146944D3.e.24863"}]}
RESULT: {"script":"<script> [56 bytes]","args":[{"element-6066-11e4-a52e-4f735466cecf":"f.92C64C74BFFB4A8B431616FE9F273F76.d.A0713E71415FACECE42E4DCD146944D3.e.24863","ELEMENT":"f.92C64C74BFFB4A8B431616FE9F273F76.d.A0713E71415FACECE42E4DCD146944D3.e.24863"}]}
COMMAND: POST /session/9f4c84e4ae75e749cefc69cbdd96fe2c/element - {"using":"css selector","value":"#shell-header-logo"}
COMMAND: GET /session/9f4c84e4ae75e749cefc69cbdd96fe2c/screenshot - {}
RESULT: {"using":"css selector","value":"#shell-header-logo"}
COMMAND: POST /session/9f4c84e4ae75e749cefc69cbdd96fe2c/element/f.92C64C74BFFB4A8B431616FE9F273F76.d.A0713E71415FACECE42E4DCD146944D3.e.23672/click - {}
RESULT: {}
RESULT: {}
COMMAND: GET /session/9f4c84e4ae75e749cefc69cbdd96fe2c/screenshot - {}
RESULT: {}
]]></system-out>
    </testcase>
    <testcase classname="chrome.136_0_7103_93.windows.Billing_Calculation_-_Time_based_(considering_transport_times)_US139738" name="Should do another billing run but in around 17 days from today" time="73.298">
      <system-out><![CDATA[
RESULT: undefined
COMMAND: POST /session/9f4c84e4ae75e749cefc69cbdd96fe2c/element - {"using":"xpath","value":"//*[@id=\"__tile51\"]"}
RESULT: {"using":"xpath","value":"//*[@id=\"__tile51\"]"}
COMMAND: POST /session/9f4c84e4ae75e749cefc69cbdd96fe2c/element/f.92C64C74BFFB4A8B431616FE9F273F76.d.A0713E71415FACECE42E4DCD146944D3.e.19101/click - {}
RESULT: {}
COMMAND: GET /session/9f4c84e4ae75e749cefc69cbdd96fe2c/screenshot - {}
RESULT: {}
COMMAND: POST /session/9f4c84e4ae75e749cefc69cbdd96fe2c/elements - {"using":"xpath","value":"//span[text()='Error']"}
RESULT: {"using":"xpath","value":"//span[text()='Error']"}
RESULT: undefined
COMMAND: POST /session/9f4c84e4ae75e749cefc69cbdd96fe2c/execute/async - {"script":"<script> [776 bytes]","args":[{"enterText":"10354","selector":{"id":"application-managebillings-display-component---billRunCalcResult--smartFilterBar-btnBasicSearch","interaction":{"idSuffix":"I"}},"clearTextFirst":true,"interactionType":"ENTER_TEXT"}]}
RESULT: {"script":"<script> [776 bytes]","args":[{"enterText":"10354","selector":{"id":"application-managebillings-display-component---billRunCalcResult--smartFilterBar-btnBasicSearch","interaction":{"idSuffix":"I"}},"clearTextFirst":true,"interactionType":"ENTER_TEXT"}]}
COMMAND: POST /session/9f4c84e4ae75e749cefc69cbdd96fe2c/actions - {"actions":[{"id":"action90","type":"key","parameters":{},"actions":[{"type":"keyDown","value":""},{"type":"pause","duration":10},{"type":"keyUp","value":""}]}]}
RESULT: {"actions":[{"id":"action90","type":"key","parameters":{},"actions":[{"type":"keyDown","value":""},{"type":"pause","duration":10},{"type":"keyUp","value":""}]}]}
COMMAND: GET /session/9f4c84e4ae75e749cefc69cbdd96fe2c/screenshot - {}
RESULT: {}
COMMAND: POST /session/9f4c84e4ae75e749cefc69cbdd96fe2c/element - {"using":"xpath","value":"//td[@aria-colindex=\"1\"]/div/div[contains(@class, \"sapMCbBg\")]"}
RESULT: {"using":"xpath","value":"//td[@aria-colindex=\"1\"]/div/div[contains(@class, \"sapMCbBg\")]"}
COMMAND: POST /session/9f4c84e4ae75e749cefc69cbdd96fe2c/element/f.92C64C74BFFB4A8B431616FE9F273F76.d.A0713E71415FACECE42E4DCD146944D3.e.25045/click - {}
RESULT: {}
COMMAND: GET /session/9f4c84e4ae75e749cefc69cbdd96fe2c/screenshot - {}
RESULT: {}
RESULT: undefined
COMMAND: POST /session/9f4c84e4ae75e749cefc69cbdd96fe2c/execute/async - {"script":"<script> [776 bytes]","args":[{"enterText":"6/14/25","selector":{"id":"application-managebillings-display-component---billRunCalcResult--contractBillRunDate","interaction":{"idSuffix":"inner"}},"clearTextFirst":true,"interactionType":"ENTER_TEXT"}]}
RESULT: {"script":"<script> [776 bytes]","args":[{"enterText":"6/14/25","selector":{"id":"application-managebillings-display-component---billRunCalcResult--contractBillRunDate","interaction":{"idSuffix":"inner"}},"clearTextFirst":true,"interactionType":"ENTER_TEXT"}]}
COMMAND: POST /session/9f4c84e4ae75e749cefc69cbdd96fe2c/element - {"using":"xpath","value":"//bdi[contains(text(), \"Trigger Calculation\")]"}
RESULT: {"using":"xpath","value":"//bdi[contains(text(), \"Trigger Calculation\")]"}
COMMAND: POST /session/9f4c84e4ae75e749cefc69cbdd96fe2c/element/f.92C64C74BFFB4A8B431616FE9F273F76.d.A0713E71415FACECE42E4DCD146944D3.e.25243/click - {}
RESULT: {}
COMMAND: GET /session/9f4c84e4ae75e749cefc69cbdd96fe2c/screenshot - {}
RESULT: {}
COMMAND: POST /session/9f4c84e4ae75e749cefc69cbdd96fe2c/element - {"using":"xpath","value":"(//span[contains(@id, \"imgNav\")])[1]"}
RESULT: {"using":"xpath","value":"(//span[contains(@id, \"imgNav\")])[1]"}
COMMAND: POST /session/9f4c84e4ae75e749cefc69cbdd96fe2c/element/f.92C64C74BFFB4A8B431616FE9F273F76.d.A0713E71415FACECE42E4DCD146944D3.e.25059/click - {}
RESULT: {}
COMMAND: GET /session/9f4c84e4ae75e749cefc69cbdd96fe2c/screenshot - {}
RESULT: {}
COMMAND: POST /session/9f4c84e4ae75e749cefc69cbdd96fe2c/element - {"using":"xpath","value":"//tr/td[6]/div[1]/span[1]/span[1]"}
RESULT: {"using":"xpath","value":"//tr/td[6]/div[1]/span[1]/span[1]"}
COMMAND: GET /session/9f4c84e4ae75e749cefc69cbdd96fe2c/element/f.92C64C74BFFB4A8B431616FE9F273F76.d.A0713E71415FACECE42E4DCD146944D3.e.25248/text - {}
RESULT: {}
COMMAND: POST /session/9f4c84e4ae75e749cefc69cbdd96fe2c/element - {"using":"xpath","value":"(//span[contains(@id, \"imgNav\")])[2]"}
RESULT: {"using":"xpath","value":"(//span[contains(@id, \"imgNav\")])[2]"}
COMMAND: POST /session/9f4c84e4ae75e749cefc69cbdd96fe2c/element/f.92C64C74BFFB4A8B431616FE9F273F76.d.A0713E71415FACECE42E4DCD146944D3.e.25249/click - {}
RESULT: {}
COMMAND: POST /session/9f4c84e4ae75e749cefc69cbdd96fe2c/element - {"using":"xpath","value":"//bdi[contains(text(), \"Business Confirm\")]"}
COMMAND: GET /session/9f4c84e4ae75e749cefc69cbdd96fe2c/screenshot - {}
RESULT: {"using":"xpath","value":"//bdi[contains(text(), \"Business Confirm\")]"}
COMMAND: POST /session/9f4c84e4ae75e749cefc69cbdd96fe2c/elements - {"using":"xpath","value":"//bdi[contains(text(), \"Business Confirm\")]"}
RESULT: {}
RESULT: {"using":"xpath","value":"//bdi[contains(text(), \"Business Confirm\")]"}
COMMAND: POST /session/9f4c84e4ae75e749cefc69cbdd96fe2c/elements - {"using":"xpath","value":"//bdi[contains(text(), \"Business Confirm\")]"}
RESULT: {"using":"xpath","value":"//bdi[contains(text(), \"Business Confirm\")]"}
COMMAND: POST /session/9f4c84e4ae75e749cefc69cbdd96fe2c/element - {"using":"xpath","value":"//bdi[contains(text(), \"Business Confirm\")]"}
RESULT: {"using":"xpath","value":"//bdi[contains(text(), \"Business Confirm\")]"}
COMMAND: POST /session/9f4c84e4ae75e749cefc69cbdd96fe2c/element/f.92C64C74BFFB4A8B431616FE9F273F76.d.A0713E71415FACECE42E4DCD146944D3.e.25251/click - {}
RESULT: {}
COMMAND: POST /session/9f4c84e4ae75e749cefc69cbdd96fe2c/element - {"using":"css selector","value":"#shell-header-logo"}
COMMAND: GET /session/9f4c84e4ae75e749cefc69cbdd96fe2c/screenshot - {}
RESULT: {"using":"css selector","value":"#shell-header-logo"}
COMMAND: POST /session/9f4c84e4ae75e749cefc69cbdd96fe2c/element/f.92C64C74BFFB4A8B431616FE9F273F76.d.A0713E71415FACECE42E4DCD146944D3.e.24867/click - {}
RESULT: {}
RESULT: {}
COMMAND: GET /session/9f4c84e4ae75e749cefc69cbdd96fe2c/screenshot - {}
RESULT: {}
]]></system-out>
    </testcase>
    <testcase classname="chrome.136_0_7103_93.windows.Billing_Calculation_-_Time_based_(considering_transport_times)_US139738" name="Should transfer the billing all the way to completion" time="88.925">
      <system-out><![CDATA[
RESULT: undefined
COMMAND: POST /session/9f4c84e4ae75e749cefc69cbdd96fe2c/element - {"using":"xpath","value":"//*[@id=\"__tile50\"]"}
RESULT: {"using":"xpath","value":"//*[@id=\"__tile50\"]"}
COMMAND: POST /session/9f4c84e4ae75e749cefc69cbdd96fe2c/element/f.92C64C74BFFB4A8B431616FE9F273F76.d.A0713E71415FACECE42E4DCD146944D3.e.19099/click - {}
RESULT: {}
COMMAND: GET /session/9f4c84e4ae75e749cefc69cbdd96fe2c/screenshot - {}
RESULT: {}
COMMAND: POST /session/9f4c84e4ae75e749cefc69cbdd96fe2c/elements - {"using":"xpath","value":"//span[text()='Error']"}
RESULT: {"using":"xpath","value":"//span[text()='Error']"}
COMMAND: POST /session/9f4c84e4ae75e749cefc69cbdd96fe2c/element - {"using":"xpath","value":"//input[contains(@id ,\"application-billingtransfer-display-component---billingWorkbench--smartFilterBar-btnBasicSearch\")]"}
RESULT: {"using":"xpath","value":"//input[contains(@id ,\"application-billingtransfer-display-component---billingWorkbench--smartFilterBar-btnBasicSearch\")]"}
COMMAND: POST /session/9f4c84e4ae75e749cefc69cbdd96fe2c/elements - {"using":"xpath","value":"//input[contains(@id ,\"application-billingtransfer-display-component---billingWorkbench--smartFilterBar-btnBasicSearch\")]"}
RESULT: {"using":"xpath","value":"//input[contains(@id ,\"application-billingtransfer-display-component---billingWorkbench--smartFilterBar-btnBasicSearch\")]"}
COMMAND: POST /session/9f4c84e4ae75e749cefc69cbdd96fe2c/execute/sync - {"script":"<script> [8489 bytes]","args":[{"element-6066-11e4-a52e-4f735466cecf":"f.92C64C74BFFB4A8B431616FE9F273F76.d.A0713E71415FACECE42E4DCD146944D3.e.25328","ELEMENT":"f.92C64C74BFFB4A8B431616FE9F273F76.d.A0713E71415FACECE42E4DCD146944D3.e.25328"}]}
RESULT: {"script":"<script> [8489 bytes]","args":[{"element-6066-11e4-a52e-4f735466cecf":"f.92C64C74BFFB4A8B431616FE9F273F76.d.A0713E71415FACECE42E4DCD146944D3.e.25328","ELEMENT":"f.92C64C74BFFB4A8B431616FE9F273F76.d.A0713E71415FACECE42E4DCD146944D3.e.25328"}]}
COMMAND: GET /session/9f4c84e4ae75e749cefc69cbdd96fe2c/element/f.92C64C74BFFB4A8B431616FE9F273F76.d.A0713E71415FACECE42E4DCD146944D3.e.25328/enabled - {}
COMMAND: GET /session/9f4c84e4ae75e749cefc69cbdd96fe2c/screenshot - {}
RESULT: {}
COMMAND: POST /session/9f4c84e4ae75e749cefc69cbdd96fe2c/element/f.92C64C74BFFB4A8B431616FE9F273F76.d.A0713E71415FACECE42E4DCD146944D3.e.25328/click - {}
COMMAND: GET /session/9f4c84e4ae75e749cefc69cbdd96fe2c/screenshot - {}
RESULT: {}
RESULT: {}
COMMAND: GET /session/9f4c84e4ae75e749cefc69cbdd96fe2c/screenshot - {}
RESULT: {}
RESULT: {}
COMMAND: POST /session/9f4c84e4ae75e749cefc69cbdd96fe2c/element/f.92C64C74BFFB4A8B431616FE9F273F76.d.A0713E71415FACECE42E4DCD146944D3.e.25328/clear - {}
RESULT: {}
COMMAND: POST /session/9f4c84e4ae75e749cefc69cbdd96fe2c/element/f.92C64C74BFFB4A8B431616FE9F273F76.d.A0713E71415FACECE42E4DCD146944D3.e.25328/value - {"text":"10354"}
COMMAND: GET /session/9f4c84e4ae75e749cefc69cbdd96fe2c/screenshot - {}
RESULT: {"text":"10354"}
COMMAND: POST /session/9f4c84e4ae75e749cefc69cbdd96fe2c/actions - {"actions":[{"id":"action91","type":"key","parameters":{},"actions":[{"type":"keyDown","value":""},{"type":"pause","duration":10},{"type":"keyUp","value":""}]}]}
COMMAND: GET /session/9f4c84e4ae75e749cefc69cbdd96fe2c/screenshot - {}
RESULT: {}
RESULT: {"actions":[{"id":"action91","type":"key","parameters":{},"actions":[{"type":"keyDown","value":""},{"type":"pause","duration":10},{"type":"keyUp","value":""}]}]}
COMMAND: GET /session/9f4c84e4ae75e749cefc69cbdd96fe2c/screenshot - {}
RESULT: {}
RESULT: {}
COMMAND: POST /session/9f4c84e4ae75e749cefc69cbdd96fe2c/element - {"using":"xpath","value":"//span[contains(@id ,\"application-billingtransfer-display-component---billingWorkbench--smartTableBillingRuns-header-inner\")]"}
RESULT: {"using":"xpath","value":"//span[contains(@id ,\"application-billingtransfer-display-component---billingWorkbench--smartTableBillingRuns-header-inner\")]"}
COMMAND: POST /session/9f4c84e4ae75e749cefc69cbdd96fe2c/elements - {"using":"xpath","value":"//span[contains(@id ,\"application-billingtransfer-display-component---billingWorkbench--smartTableBillingRuns-header-inner\")]"}
RESULT: {"using":"xpath","value":"//span[contains(@id ,\"application-billingtransfer-display-component---billingWorkbench--smartTableBillingRuns-header-inner\")]"}
COMMAND: POST /session/9f4c84e4ae75e749cefc69cbdd96fe2c/execute/sync - {"script":"<script> [56 bytes]","args":[{"element-6066-11e4-a52e-4f735466cecf":"f.92C64C74BFFB4A8B431616FE9F273F76.d.A0713E71415FACECE42E4DCD146944D3.e.25476","ELEMENT":"f.92C64C74BFFB4A8B431616FE9F273F76.d.A0713E71415FACECE42E4DCD146944D3.e.25476"}]}
RESULT: {"script":"<script> [56 bytes]","args":[{"element-6066-11e4-a52e-4f735466cecf":"f.92C64C74BFFB4A8B431616FE9F273F76.d.A0713E71415FACECE42E4DCD146944D3.e.25476","ELEMENT":"f.92C64C74BFFB4A8B431616FE9F273F76.d.A0713E71415FACECE42E4DCD146944D3.e.25476"}]}
COMMAND: POST /session/9f4c84e4ae75e749cefc69cbdd96fe2c/element - {"using":"xpath","value":"//td[@aria-colindex=\"1\"]/div/div[contains(@class, \"sapMCbBg\")]"}
COMMAND: GET /session/9f4c84e4ae75e749cefc69cbdd96fe2c/screenshot - {}
RESULT: {"using":"xpath","value":"//td[@aria-colindex=\"1\"]/div/div[contains(@class, \"sapMCbBg\")]"}
COMMAND: POST /session/9f4c84e4ae75e749cefc69cbdd96fe2c/element/f.92C64C74BFFB4A8B431616FE9F273F76.d.A0713E71415FACECE42E4DCD146944D3.e.25442/click - {}
RESULT: {}
RESULT: {}
COMMAND: GET /session/9f4c84e4ae75e749cefc69cbdd96fe2c/screenshot - {}
RESULT: {}
COMMAND: POST /session/9f4c84e4ae75e749cefc69cbdd96fe2c/element - {"using":"xpath","value":"//bdi[contains(text(), \"Check\")]"}
RESULT: {"using":"xpath","value":"//bdi[contains(text(), \"Check\")]"}
COMMAND: POST /session/9f4c84e4ae75e749cefc69cbdd96fe2c/element/f.92C64C74BFFB4A8B431616FE9F273F76.d.A0713E71415FACECE42E4DCD146944D3.e.25477/click - {}
RESULT: {}
COMMAND: GET /session/9f4c84e4ae75e749cefc69cbdd96fe2c/screenshot - {}
RESULT: {}
COMMAND: POST /session/9f4c84e4ae75e749cefc69cbdd96fe2c/element - {"using":"xpath","value":"//bdi[contains(text(), \"OK\")]"}
RESULT: {"using":"xpath","value":"//bdi[contains(text(), \"OK\")]"}
COMMAND: POST /session/9f4c84e4ae75e749cefc69cbdd96fe2c/element/f.92C64C74BFFB4A8B431616FE9F273F76.d.A0713E71415FACECE42E4DCD146944D3.e.25480/click - {}
RESULT: {}
COMMAND: GET /session/9f4c84e4ae75e749cefc69cbdd96fe2c/screenshot - {}
RESULT: {}
COMMAND: POST /session/9f4c84e4ae75e749cefc69cbdd96fe2c/element - {"using":"xpath","value":"(//span[contains(text(), \"CO/SD checked\")]/parent::div/preceding-sibling::div/span)[1]"}
RESULT: {"using":"xpath","value":"(//span[contains(text(), \"CO/SD checked\")]/parent::div/preceding-sibling::div/span)[1]"}
COMMAND: POST /session/9f4c84e4ae75e749cefc69cbdd96fe2c/element/f.92C64C74BFFB4A8B431616FE9F273F76.d.A0713E71415FACECE42E4DCD146944D3.e.25489/click - {}
RESULT: {}
COMMAND: GET /session/9f4c84e4ae75e749cefc69cbdd96fe2c/screenshot - {}
RESULT: {}
COMMAND: POST /session/9f4c84e4ae75e749cefc69cbdd96fe2c/element - {"using":"xpath","value":"//input[contains(@id ,\"application-billingtransfer-display-component---billingWorkbench--smartFilterBar-btnBasicSearch\")]"}
RESULT: {"using":"xpath","value":"//input[contains(@id ,\"application-billingtransfer-display-component---billingWorkbench--smartFilterBar-btnBasicSearch\")]"}
COMMAND: POST /session/9f4c84e4ae75e749cefc69cbdd96fe2c/elements - {"using":"xpath","value":"//input[contains(@id ,\"application-billingtransfer-display-component---billingWorkbench--smartFilterBar-btnBasicSearch\")]"}
RESULT: {"using":"xpath","value":"//input[contains(@id ,\"application-billingtransfer-display-component---billingWorkbench--smartFilterBar-btnBasicSearch\")]"}
COMMAND: POST /session/9f4c84e4ae75e749cefc69cbdd96fe2c/execute/sync - {"script":"<script> [8489 bytes]","args":[{"element-6066-11e4-a52e-4f735466cecf":"f.92C64C74BFFB4A8B431616FE9F273F76.d.A0713E71415FACECE42E4DCD146944D3.e.25328","ELEMENT":"f.92C64C74BFFB4A8B431616FE9F273F76.d.A0713E71415FACECE42E4DCD146944D3.e.25328"}]}
RESULT: {"script":"<script> [8489 bytes]","args":[{"element-6066-11e4-a52e-4f735466cecf":"f.92C64C74BFFB4A8B431616FE9F273F76.d.A0713E71415FACECE42E4DCD146944D3.e.25328","ELEMENT":"f.92C64C74BFFB4A8B431616FE9F273F76.d.A0713E71415FACECE42E4DCD146944D3.e.25328"}]}
COMMAND: GET /session/9f4c84e4ae75e749cefc69cbdd96fe2c/element/f.92C64C74BFFB4A8B431616FE9F273F76.d.A0713E71415FACECE42E4DCD146944D3.e.25328/enabled - {}
COMMAND: GET /session/9f4c84e4ae75e749cefc69cbdd96fe2c/screenshot - {}
RESULT: {}
COMMAND: POST /session/9f4c84e4ae75e749cefc69cbdd96fe2c/element/f.92C64C74BFFB4A8B431616FE9F273F76.d.A0713E71415FACECE42E4DCD146944D3.e.25328/click - {}
COMMAND: GET /session/9f4c84e4ae75e749cefc69cbdd96fe2c/screenshot - {}
RESULT: {}
RESULT: {}
COMMAND: GET /session/9f4c84e4ae75e749cefc69cbdd96fe2c/screenshot - {}
RESULT: {}
RESULT: {}
COMMAND: POST /session/9f4c84e4ae75e749cefc69cbdd96fe2c/element/f.92C64C74BFFB4A8B431616FE9F273F76.d.A0713E71415FACECE42E4DCD146944D3.e.25328/clear - {}
RESULT: {}
COMMAND: POST /session/9f4c84e4ae75e749cefc69cbdd96fe2c/element/f.92C64C74BFFB4A8B431616FE9F273F76.d.A0713E71415FACECE42E4DCD146944D3.e.25328/value - {"text":"10354"}
COMMAND: GET /session/9f4c84e4ae75e749cefc69cbdd96fe2c/screenshot - {}
RESULT: {"text":"10354"}
COMMAND: POST /session/9f4c84e4ae75e749cefc69cbdd96fe2c/actions - {"actions":[{"id":"action92","type":"key","parameters":{},"actions":[{"type":"keyDown","value":""},{"type":"pause","duration":10},{"type":"keyUp","value":""}]}]}
COMMAND: GET /session/9f4c84e4ae75e749cefc69cbdd96fe2c/screenshot - {}
RESULT: {}
RESULT: {"actions":[{"id":"action92","type":"key","parameters":{},"actions":[{"type":"keyDown","value":""},{"type":"pause","duration":10},{"type":"keyUp","value":""}]}]}
COMMAND: GET /session/9f4c84e4ae75e749cefc69cbdd96fe2c/screenshot - {}
RESULT: {}
RESULT: {}
COMMAND: POST /session/9f4c84e4ae75e749cefc69cbdd96fe2c/element - {"using":"xpath","value":"//span[contains(@id ,\"application-billingtransfer-display-component---billingWorkbench--smartTableBillingRuns-header-inner\")]"}
RESULT: {"using":"xpath","value":"//span[contains(@id ,\"application-billingtransfer-display-component---billingWorkbench--smartTableBillingRuns-header-inner\")]"}
COMMAND: POST /session/9f4c84e4ae75e749cefc69cbdd96fe2c/elements - {"using":"xpath","value":"//span[contains(@id ,\"application-billingtransfer-display-component---billingWorkbench--smartTableBillingRuns-header-inner\")]"}
RESULT: {"using":"xpath","value":"//span[contains(@id ,\"application-billingtransfer-display-component---billingWorkbench--smartTableBillingRuns-header-inner\")]"}
COMMAND: POST /session/9f4c84e4ae75e749cefc69cbdd96fe2c/execute/sync - {"script":"<script> [56 bytes]","args":[{"element-6066-11e4-a52e-4f735466cecf":"f.92C64C74BFFB4A8B431616FE9F273F76.d.A0713E71415FACECE42E4DCD146944D3.e.25476","ELEMENT":"f.92C64C74BFFB4A8B431616FE9F273F76.d.A0713E71415FACECE42E4DCD146944D3.e.25476"}]}
RESULT: {"script":"<script> [56 bytes]","args":[{"element-6066-11e4-a52e-4f735466cecf":"f.92C64C74BFFB4A8B431616FE9F273F76.d.A0713E71415FACECE42E4DCD146944D3.e.25476","ELEMENT":"f.92C64C74BFFB4A8B431616FE9F273F76.d.A0713E71415FACECE42E4DCD146944D3.e.25476"}]}
COMMAND: POST /session/9f4c84e4ae75e749cefc69cbdd96fe2c/element - {"using":"xpath","value":"//td[@aria-colindex=\"1\"]/div/div[contains(@class, \"sapMCbBg\")]"}
COMMAND: GET /session/9f4c84e4ae75e749cefc69cbdd96fe2c/screenshot - {}
RESULT: {"using":"xpath","value":"//td[@aria-colindex=\"1\"]/div/div[contains(@class, \"sapMCbBg\")]"}
COMMAND: POST /session/9f4c84e4ae75e749cefc69cbdd96fe2c/element/f.92C64C74BFFB4A8B431616FE9F273F76.d.A0713E71415FACECE42E4DCD146944D3.e.25493/click - {}
RESULT: {}
RESULT: {}
COMMAND: GET /session/9f4c84e4ae75e749cefc69cbdd96fe2c/screenshot - {}
RESULT: {}
COMMAND: POST /session/9f4c84e4ae75e749cefc69cbdd96fe2c/element - {"using":"xpath","value":"//bdi[text()=\"Transfer\"]"}
RESULT: {"using":"xpath","value":"//bdi[text()=\"Transfer\"]"}
COMMAND: POST /session/9f4c84e4ae75e749cefc69cbdd96fe2c/element/f.92C64C74BFFB4A8B431616FE9F273F76.d.A0713E71415FACECE42E4DCD146944D3.e.25494/click - {}
RESULT: {}
COMMAND: GET /session/9f4c84e4ae75e749cefc69cbdd96fe2c/screenshot - {}
RESULT: {}
COMMAND: POST /session/9f4c84e4ae75e749cefc69cbdd96fe2c/element - {"using":"xpath","value":"//bdi[contains(text(), \"OK\")]"}
RESULT: {"using":"xpath","value":"//bdi[contains(text(), \"OK\")]"}
COMMAND: POST /session/9f4c84e4ae75e749cefc69cbdd96fe2c/element/f.92C64C74BFFB4A8B431616FE9F273F76.d.A0713E71415FACECE42E4DCD146944D3.e.25497/click - {}
RESULT: {}
COMMAND: GET /session/9f4c84e4ae75e749cefc69cbdd96fe2c/screenshot - {}
RESULT: {}
COMMAND: POST /session/9f4c84e4ae75e749cefc69cbdd96fe2c/element - {"using":"xpath","value":"(//span[contains(text(), \"Completed\")]/parent::div/preceding-sibling::div/span)[1]"}
RESULT: {"using":"xpath","value":"(//span[contains(text(), \"Completed\")]/parent::div/preceding-sibling::div/span)[1]"}
COMMAND: POST /session/9f4c84e4ae75e749cefc69cbdd96fe2c/element/f.92C64C74BFFB4A8B431616FE9F273F76.d.A0713E71415FACECE42E4DCD146944D3.e.25505/click - {}
RESULT: {}
COMMAND: POST /session/9f4c84e4ae75e749cefc69cbdd96fe2c/element - {"using":"xpath","value":"//input[contains(@id ,\"application-billingtransfer-display-component---billingWorkbench--smartFilterBar-btnBasicSearch\")]"}
COMMAND: GET /session/9f4c84e4ae75e749cefc69cbdd96fe2c/screenshot - {}
RESULT: {"using":"xpath","value":"//input[contains(@id ,\"application-billingtransfer-display-component---billingWorkbench--smartFilterBar-btnBasicSearch\")]"}
COMMAND: POST /session/9f4c84e4ae75e749cefc69cbdd96fe2c/elements - {"using":"xpath","value":"//input[contains(@id ,\"application-billingtransfer-display-component---billingWorkbench--smartFilterBar-btnBasicSearch\")]"}
RESULT: {}
RESULT: {"using":"xpath","value":"//input[contains(@id ,\"application-billingtransfer-display-component---billingWorkbench--smartFilterBar-btnBasicSearch\")]"}
COMMAND: POST /session/9f4c84e4ae75e749cefc69cbdd96fe2c/execute/sync - {"script":"<script> [8489 bytes]","args":[{"element-6066-11e4-a52e-4f735466cecf":"f.92C64C74BFFB4A8B431616FE9F273F76.d.A0713E71415FACECE42E4DCD146944D3.e.25328","ELEMENT":"f.92C64C74BFFB4A8B431616FE9F273F76.d.A0713E71415FACECE42E4DCD146944D3.e.25328"}]}
RESULT: {"script":"<script> [8489 bytes]","args":[{"element-6066-11e4-a52e-4f735466cecf":"f.92C64C74BFFB4A8B431616FE9F273F76.d.A0713E71415FACECE42E4DCD146944D3.e.25328","ELEMENT":"f.92C64C74BFFB4A8B431616FE9F273F76.d.A0713E71415FACECE42E4DCD146944D3.e.25328"}]}
COMMAND: GET /session/9f4c84e4ae75e749cefc69cbdd96fe2c/element/f.92C64C74BFFB4A8B431616FE9F273F76.d.A0713E71415FACECE42E4DCD146944D3.e.25328/enabled - {}
COMMAND: GET /session/9f4c84e4ae75e749cefc69cbdd96fe2c/screenshot - {}
RESULT: {}
COMMAND: POST /session/9f4c84e4ae75e749cefc69cbdd96fe2c/element/f.92C64C74BFFB4A8B431616FE9F273F76.d.A0713E71415FACECE42E4DCD146944D3.e.25328/click - {}
COMMAND: GET /session/9f4c84e4ae75e749cefc69cbdd96fe2c/screenshot - {}
RESULT: {}
RESULT: {}
COMMAND: GET /session/9f4c84e4ae75e749cefc69cbdd96fe2c/screenshot - {}
RESULT: {}
RESULT: {}
COMMAND: POST /session/9f4c84e4ae75e749cefc69cbdd96fe2c/element/f.92C64C74BFFB4A8B431616FE9F273F76.d.A0713E71415FACECE42E4DCD146944D3.e.25328/clear - {}
RESULT: {}
COMMAND: POST /session/9f4c84e4ae75e749cefc69cbdd96fe2c/element/f.92C64C74BFFB4A8B431616FE9F273F76.d.A0713E71415FACECE42E4DCD146944D3.e.25328/value - {"text":"10354"}
COMMAND: GET /session/9f4c84e4ae75e749cefc69cbdd96fe2c/screenshot - {}
RESULT: {"text":"10354"}
COMMAND: POST /session/9f4c84e4ae75e749cefc69cbdd96fe2c/actions - {"actions":[{"id":"action93","type":"key","parameters":{},"actions":[{"type":"keyDown","value":""},{"type":"pause","duration":10},{"type":"keyUp","value":""}]}]}
COMMAND: GET /session/9f4c84e4ae75e749cefc69cbdd96fe2c/screenshot - {}
RESULT: {}
RESULT: {"actions":[{"id":"action93","type":"key","parameters":{},"actions":[{"type":"keyDown","value":""},{"type":"pause","duration":10},{"type":"keyUp","value":""}]}]}
COMMAND: GET /session/9f4c84e4ae75e749cefc69cbdd96fe2c/screenshot - {}
RESULT: {}
RESULT: {}
COMMAND: POST /session/9f4c84e4ae75e749cefc69cbdd96fe2c/element - {"using":"xpath","value":"//span[contains(@id ,\"application-billingtransfer-display-component---billingWorkbench--smartTableBillingRuns-header-inner\")]"}
RESULT: {"using":"xpath","value":"//span[contains(@id ,\"application-billingtransfer-display-component---billingWorkbench--smartTableBillingRuns-header-inner\")]"}
COMMAND: POST /session/9f4c84e4ae75e749cefc69cbdd96fe2c/elements - {"using":"xpath","value":"//span[contains(@id ,\"application-billingtransfer-display-component---billingWorkbench--smartTableBillingRuns-header-inner\")]"}
RESULT: {"using":"xpath","value":"//span[contains(@id ,\"application-billingtransfer-display-component---billingWorkbench--smartTableBillingRuns-header-inner\")]"}
COMMAND: POST /session/9f4c84e4ae75e749cefc69cbdd96fe2c/execute/sync - {"script":"<script> [56 bytes]","args":[{"element-6066-11e4-a52e-4f735466cecf":"f.92C64C74BFFB4A8B431616FE9F273F76.d.A0713E71415FACECE42E4DCD146944D3.e.25476","ELEMENT":"f.92C64C74BFFB4A8B431616FE9F273F76.d.A0713E71415FACECE42E4DCD146944D3.e.25476"}]}
RESULT: {"script":"<script> [56 bytes]","args":[{"element-6066-11e4-a52e-4f735466cecf":"f.92C64C74BFFB4A8B431616FE9F273F76.d.A0713E71415FACECE42E4DCD146944D3.e.25476","ELEMENT":"f.92C64C74BFFB4A8B431616FE9F273F76.d.A0713E71415FACECE42E4DCD146944D3.e.25476"}]}
COMMAND: GET /session/9f4c84e4ae75e749cefc69cbdd96fe2c/screenshot - {}
RESULT: {}
COMMAND: POST /session/9f4c84e4ae75e749cefc69cbdd96fe2c/execute/sync - {"script":"<script> [56 bytes]","args":[{"element-6066-11e4-a52e-4f735466cecf":"f.92C64C74BFFB4A8B431616FE9F273F76.d.A0713E71415FACECE42E4DCD146944D3.e.25476","ELEMENT":"f.92C64C74BFFB4A8B431616FE9F273F76.d.A0713E71415FACECE42E4DCD146944D3.e.25476"}]}
RESULT: {"script":"<script> [56 bytes]","args":[{"element-6066-11e4-a52e-4f735466cecf":"f.92C64C74BFFB4A8B431616FE9F273F76.d.A0713E71415FACECE42E4DCD146944D3.e.25476","ELEMENT":"f.92C64C74BFFB4A8B431616FE9F273F76.d.A0713E71415FACECE42E4DCD146944D3.e.25476"}]}
COMMAND: GET /session/9f4c84e4ae75e749cefc69cbdd96fe2c/screenshot - {}
RESULT: {}
COMMAND: POST /session/9f4c84e4ae75e749cefc69cbdd96fe2c/execute/sync - {"script":"<script> [56 bytes]","args":[{"element-6066-11e4-a52e-4f735466cecf":"f.92C64C74BFFB4A8B431616FE9F273F76.d.A0713E71415FACECE42E4DCD146944D3.e.25476","ELEMENT":"f.92C64C74BFFB4A8B431616FE9F273F76.d.A0713E71415FACECE42E4DCD146944D3.e.25476"}]}
RESULT: {"script":"<script> [56 bytes]","args":[{"element-6066-11e4-a52e-4f735466cecf":"f.92C64C74BFFB4A8B431616FE9F273F76.d.A0713E71415FACECE42E4DCD146944D3.e.25476","ELEMENT":"f.92C64C74BFFB4A8B431616FE9F273F76.d.A0713E71415FACECE42E4DCD146944D3.e.25476"}]}
COMMAND: GET /session/9f4c84e4ae75e749cefc69cbdd96fe2c/screenshot - {}
RESULT: {}
COMMAND: POST /session/9f4c84e4ae75e749cefc69cbdd96fe2c/execute/sync - {"script":"<script> [56 bytes]","args":[{"element-6066-11e4-a52e-4f735466cecf":"f.92C64C74BFFB4A8B431616FE9F273F76.d.A0713E71415FACECE42E4DCD146944D3.e.25476","ELEMENT":"f.92C64C74BFFB4A8B431616FE9F273F76.d.A0713E71415FACECE42E4DCD146944D3.e.25476"}]}
RESULT: {"script":"<script> [56 bytes]","args":[{"element-6066-11e4-a52e-4f735466cecf":"f.92C64C74BFFB4A8B431616FE9F273F76.d.A0713E71415FACECE42E4DCD146944D3.e.25476","ELEMENT":"f.92C64C74BFFB4A8B431616FE9F273F76.d.A0713E71415FACECE42E4DCD146944D3.e.25476"}]}
COMMAND: GET /session/9f4c84e4ae75e749cefc69cbdd96fe2c/screenshot - {}
RESULT: {}
COMMAND: POST /session/9f4c84e4ae75e749cefc69cbdd96fe2c/execute/sync - {"script":"<script> [56 bytes]","args":[{"element-6066-11e4-a52e-4f735466cecf":"f.92C64C74BFFB4A8B431616FE9F273F76.d.A0713E71415FACECE42E4DCD146944D3.e.25476","ELEMENT":"f.92C64C74BFFB4A8B431616FE9F273F76.d.A0713E71415FACECE42E4DCD146944D3.e.25476"}]}
RESULT: {"script":"<script> [56 bytes]","args":[{"element-6066-11e4-a52e-4f735466cecf":"f.92C64C74BFFB4A8B431616FE9F273F76.d.A0713E71415FACECE42E4DCD146944D3.e.25476","ELEMENT":"f.92C64C74BFFB4A8B431616FE9F273F76.d.A0713E71415FACECE42E4DCD146944D3.e.25476"}]}
COMMAND: GET /session/9f4c84e4ae75e749cefc69cbdd96fe2c/screenshot - {}
COMMAND: POST /session/9f4c84e4ae75e749cefc69cbdd96fe2c/execute/sync - {"script":"<script> [56 bytes]","args":[{"element-6066-11e4-a52e-4f735466cecf":"f.92C64C74BFFB4A8B431616FE9F273F76.d.A0713E71415FACECE42E4DCD146944D3.e.25476","ELEMENT":"f.92C64C74BFFB4A8B431616FE9F273F76.d.A0713E71415FACECE42E4DCD146944D3.e.25476"}]}
RESULT: {}
RESULT: {"script":"<script> [56 bytes]","args":[{"element-6066-11e4-a52e-4f735466cecf":"f.92C64C74BFFB4A8B431616FE9F273F76.d.A0713E71415FACECE42E4DCD146944D3.e.25476","ELEMENT":"f.92C64C74BFFB4A8B431616FE9F273F76.d.A0713E71415FACECE42E4DCD146944D3.e.25476"}]}
COMMAND: GET /session/9f4c84e4ae75e749cefc69cbdd96fe2c/screenshot - {}
RESULT: {}
COMMAND: POST /session/9f4c84e4ae75e749cefc69cbdd96fe2c/execute/sync - {"script":"<script> [56 bytes]","args":[{"element-6066-11e4-a52e-4f735466cecf":"f.92C64C74BFFB4A8B431616FE9F273F76.d.A0713E71415FACECE42E4DCD146944D3.e.25476","ELEMENT":"f.92C64C74BFFB4A8B431616FE9F273F76.d.A0713E71415FACECE42E4DCD146944D3.e.25476"}]}
RESULT: {"script":"<script> [56 bytes]","args":[{"element-6066-11e4-a52e-4f735466cecf":"f.92C64C74BFFB4A8B431616FE9F273F76.d.A0713E71415FACECE42E4DCD146944D3.e.25476","ELEMENT":"f.92C64C74BFFB4A8B431616FE9F273F76.d.A0713E71415FACECE42E4DCD146944D3.e.25476"}]}
COMMAND: GET /session/9f4c84e4ae75e749cefc69cbdd96fe2c/screenshot - {}
RESULT: {}
COMMAND: POST /session/9f4c84e4ae75e749cefc69cbdd96fe2c/execute/sync - {"script":"<script> [56 bytes]","args":[{"element-6066-11e4-a52e-4f735466cecf":"f.92C64C74BFFB4A8B431616FE9F273F76.d.A0713E71415FACECE42E4DCD146944D3.e.25476","ELEMENT":"f.92C64C74BFFB4A8B431616FE9F273F76.d.A0713E71415FACECE42E4DCD146944D3.e.25476"}]}
RESULT: {"script":"<script> [56 bytes]","args":[{"element-6066-11e4-a52e-4f735466cecf":"f.92C64C74BFFB4A8B431616FE9F273F76.d.A0713E71415FACECE42E4DCD146944D3.e.25476","ELEMENT":"f.92C64C74BFFB4A8B431616FE9F273F76.d.A0713E71415FACECE42E4DCD146944D3.e.25476"}]}
COMMAND: GET /session/9f4c84e4ae75e749cefc69cbdd96fe2c/screenshot - {}
RESULT: {}
COMMAND: POST /session/9f4c84e4ae75e749cefc69cbdd96fe2c/execute/sync - {"script":"<script> [56 bytes]","args":[{"element-6066-11e4-a52e-4f735466cecf":"f.92C64C74BFFB4A8B431616FE9F273F76.d.A0713E71415FACECE42E4DCD146944D3.e.25476","ELEMENT":"f.92C64C74BFFB4A8B431616FE9F273F76.d.A0713E71415FACECE42E4DCD146944D3.e.25476"}]}
RESULT: {"script":"<script> [56 bytes]","args":[{"element-6066-11e4-a52e-4f735466cecf":"f.92C64C74BFFB4A8B431616FE9F273F76.d.A0713E71415FACECE42E4DCD146944D3.e.25476","ELEMENT":"f.92C64C74BFFB4A8B431616FE9F273F76.d.A0713E71415FACECE42E4DCD146944D3.e.25476"}]}
COMMAND: GET /session/9f4c84e4ae75e749cefc69cbdd96fe2c/screenshot - {}
RESULT: {}
COMMAND: POST /session/9f4c84e4ae75e749cefc69cbdd96fe2c/execute/sync - {"script":"<script> [56 bytes]","args":[{"element-6066-11e4-a52e-4f735466cecf":"f.92C64C74BFFB4A8B431616FE9F273F76.d.A0713E71415FACECE42E4DCD146944D3.e.25476","ELEMENT":"f.92C64C74BFFB4A8B431616FE9F273F76.d.A0713E71415FACECE42E4DCD146944D3.e.25476"}]}
RESULT: {"script":"<script> [56 bytes]","args":[{"element-6066-11e4-a52e-4f735466cecf":"f.92C64C74BFFB4A8B431616FE9F273F76.d.A0713E71415FACECE42E4DCD146944D3.e.25476","ELEMENT":"f.92C64C74BFFB4A8B431616FE9F273F76.d.A0713E71415FACECE42E4DCD146944D3.e.25476"}]}
COMMAND: GET /session/9f4c84e4ae75e749cefc69cbdd96fe2c/screenshot - {}
RESULT: {}
COMMAND: POST /session/9f4c84e4ae75e749cefc69cbdd96fe2c/execute/sync - {"script":"<script> [56 bytes]","args":[{"element-6066-11e4-a52e-4f735466cecf":"f.92C64C74BFFB4A8B431616FE9F273F76.d.A0713E71415FACECE42E4DCD146944D3.e.25476","ELEMENT":"f.92C64C74BFFB4A8B431616FE9F273F76.d.A0713E71415FACECE42E4DCD146944D3.e.25476"}]}
RESULT: {"script":"<script> [56 bytes]","args":[{"element-6066-11e4-a52e-4f735466cecf":"f.92C64C74BFFB4A8B431616FE9F273F76.d.A0713E71415FACECE42E4DCD146944D3.e.25476","ELEMENT":"f.92C64C74BFFB4A8B431616FE9F273F76.d.A0713E71415FACECE42E4DCD146944D3.e.25476"}]}
COMMAND: GET /session/9f4c84e4ae75e749cefc69cbdd96fe2c/screenshot - {}
RESULT: {}
COMMAND: POST /session/9f4c84e4ae75e749cefc69cbdd96fe2c/execute/sync - {"script":"<script> [56 bytes]","args":[{"element-6066-11e4-a52e-4f735466cecf":"f.92C64C74BFFB4A8B431616FE9F273F76.d.A0713E71415FACECE42E4DCD146944D3.e.25476","ELEMENT":"f.92C64C74BFFB4A8B431616FE9F273F76.d.A0713E71415FACECE42E4DCD146944D3.e.25476"}]}
RESULT: {"script":"<script> [56 bytes]","args":[{"element-6066-11e4-a52e-4f735466cecf":"f.92C64C74BFFB4A8B431616FE9F273F76.d.A0713E71415FACECE42E4DCD146944D3.e.25476","ELEMENT":"f.92C64C74BFFB4A8B431616FE9F273F76.d.A0713E71415FACECE42E4DCD146944D3.e.25476"}]}
COMMAND: GET /session/9f4c84e4ae75e749cefc69cbdd96fe2c/screenshot - {}
RESULT: {}
COMMAND: POST /session/9f4c84e4ae75e749cefc69cbdd96fe2c/execute/sync - {"script":"<script> [56 bytes]","args":[{"element-6066-11e4-a52e-4f735466cecf":"f.92C64C74BFFB4A8B431616FE9F273F76.d.A0713E71415FACECE42E4DCD146944D3.e.25476","ELEMENT":"f.92C64C74BFFB4A8B431616FE9F273F76.d.A0713E71415FACECE42E4DCD146944D3.e.25476"}]}
RESULT: {"script":"<script> [56 bytes]","args":[{"element-6066-11e4-a52e-4f735466cecf":"f.92C64C74BFFB4A8B431616FE9F273F76.d.A0713E71415FACECE42E4DCD146944D3.e.25476","ELEMENT":"f.92C64C74BFFB4A8B431616FE9F273F76.d.A0713E71415FACECE42E4DCD146944D3.e.25476"}]}
COMMAND: GET /session/9f4c84e4ae75e749cefc69cbdd96fe2c/screenshot - {}
RESULT: {}
COMMAND: POST /session/9f4c84e4ae75e749cefc69cbdd96fe2c/execute/sync - {"script":"<script> [56 bytes]","args":[{"element-6066-11e4-a52e-4f735466cecf":"f.92C64C74BFFB4A8B431616FE9F273F76.d.A0713E71415FACECE42E4DCD146944D3.e.25476","ELEMENT":"f.92C64C74BFFB4A8B431616FE9F273F76.d.A0713E71415FACECE42E4DCD146944D3.e.25476"}]}
RESULT: {"script":"<script> [56 bytes]","args":[{"element-6066-11e4-a52e-4f735466cecf":"f.92C64C74BFFB4A8B431616FE9F273F76.d.A0713E71415FACECE42E4DCD146944D3.e.25476","ELEMENT":"f.92C64C74BFFB4A8B431616FE9F273F76.d.A0713E71415FACECE42E4DCD146944D3.e.25476"}]}
COMMAND: GET /session/9f4c84e4ae75e749cefc69cbdd96fe2c/screenshot - {}
RESULT: {}
COMMAND: POST /session/9f4c84e4ae75e749cefc69cbdd96fe2c/execute/sync - {"script":"<script> [56 bytes]","args":[{"element-6066-11e4-a52e-4f735466cecf":"f.92C64C74BFFB4A8B431616FE9F273F76.d.A0713E71415FACECE42E4DCD146944D3.e.25476","ELEMENT":"f.92C64C74BFFB4A8B431616FE9F273F76.d.A0713E71415FACECE42E4DCD146944D3.e.25476"}]}
RESULT: {"script":"<script> [56 bytes]","args":[{"element-6066-11e4-a52e-4f735466cecf":"f.92C64C74BFFB4A8B431616FE9F273F76.d.A0713E71415FACECE42E4DCD146944D3.e.25476","ELEMENT":"f.92C64C74BFFB4A8B431616FE9F273F76.d.A0713E71415FACECE42E4DCD146944D3.e.25476"}]}
COMMAND: GET /session/9f4c84e4ae75e749cefc69cbdd96fe2c/screenshot - {}
RESULT: {}
COMMAND: POST /session/9f4c84e4ae75e749cefc69cbdd96fe2c/execute/sync - {"script":"<script> [56 bytes]","args":[{"element-6066-11e4-a52e-4f735466cecf":"f.92C64C74BFFB4A8B431616FE9F273F76.d.A0713E71415FACECE42E4DCD146944D3.e.25476","ELEMENT":"f.92C64C74BFFB4A8B431616FE9F273F76.d.A0713E71415FACECE42E4DCD146944D3.e.25476"}]}
RESULT: {"script":"<script> [56 bytes]","args":[{"element-6066-11e4-a52e-4f735466cecf":"f.92C64C74BFFB4A8B431616FE9F273F76.d.A0713E71415FACECE42E4DCD146944D3.e.25476","ELEMENT":"f.92C64C74BFFB4A8B431616FE9F273F76.d.A0713E71415FACECE42E4DCD146944D3.e.25476"}]}
COMMAND: GET /session/9f4c84e4ae75e749cefc69cbdd96fe2c/screenshot - {}
RESULT: {}
COMMAND: POST /session/9f4c84e4ae75e749cefc69cbdd96fe2c/execute/sync - {"script":"<script> [56 bytes]","args":[{"element-6066-11e4-a52e-4f735466cecf":"f.92C64C74BFFB4A8B431616FE9F273F76.d.A0713E71415FACECE42E4DCD146944D3.e.25476","ELEMENT":"f.92C64C74BFFB4A8B431616FE9F273F76.d.A0713E71415FACECE42E4DCD146944D3.e.25476"}]}
RESULT: {"script":"<script> [56 bytes]","args":[{"element-6066-11e4-a52e-4f735466cecf":"f.92C64C74BFFB4A8B431616FE9F273F76.d.A0713E71415FACECE42E4DCD146944D3.e.25476","ELEMENT":"f.92C64C74BFFB4A8B431616FE9F273F76.d.A0713E71415FACECE42E4DCD146944D3.e.25476"}]}
COMMAND: GET /session/9f4c84e4ae75e749cefc69cbdd96fe2c/screenshot - {}
RESULT: {}
COMMAND: POST /session/9f4c84e4ae75e749cefc69cbdd96fe2c/execute/sync - {"script":"<script> [56 bytes]","args":[{"element-6066-11e4-a52e-4f735466cecf":"f.92C64C74BFFB4A8B431616FE9F273F76.d.A0713E71415FACECE42E4DCD146944D3.e.25476","ELEMENT":"f.92C64C74BFFB4A8B431616FE9F273F76.d.A0713E71415FACECE42E4DCD146944D3.e.25476"}]}
RESULT: {"script":"<script> [56 bytes]","args":[{"element-6066-11e4-a52e-4f735466cecf":"f.92C64C74BFFB4A8B431616FE9F273F76.d.A0713E71415FACECE42E4DCD146944D3.e.25476","ELEMENT":"f.92C64C74BFFB4A8B431616FE9F273F76.d.A0713E71415FACECE42E4DCD146944D3.e.25476"}]}
COMMAND: GET /session/9f4c84e4ae75e749cefc69cbdd96fe2c/screenshot - {}
RESULT: {}
COMMAND: POST /session/9f4c84e4ae75e749cefc69cbdd96fe2c/execute/sync - {"script":"<script> [56 bytes]","args":[{"element-6066-11e4-a52e-4f735466cecf":"f.92C64C74BFFB4A8B431616FE9F273F76.d.A0713E71415FACECE42E4DCD146944D3.e.25476","ELEMENT":"f.92C64C74BFFB4A8B431616FE9F273F76.d.A0713E71415FACECE42E4DCD146944D3.e.25476"}]}
RESULT: {"script":"<script> [56 bytes]","args":[{"element-6066-11e4-a52e-4f735466cecf":"f.92C64C74BFFB4A8B431616FE9F273F76.d.A0713E71415FACECE42E4DCD146944D3.e.25476","ELEMENT":"f.92C64C74BFFB4A8B431616FE9F273F76.d.A0713E71415FACECE42E4DCD146944D3.e.25476"}]}
COMMAND: GET /session/9f4c84e4ae75e749cefc69cbdd96fe2c/screenshot - {}
RESULT: {}
COMMAND: POST /session/9f4c84e4ae75e749cefc69cbdd96fe2c/execute/sync - {"script":"<script> [56 bytes]","args":[{"element-6066-11e4-a52e-4f735466cecf":"f.92C64C74BFFB4A8B431616FE9F273F76.d.A0713E71415FACECE42E4DCD146944D3.e.25476","ELEMENT":"f.92C64C74BFFB4A8B431616FE9F273F76.d.A0713E71415FACECE42E4DCD146944D3.e.25476"}]}
RESULT: {"script":"<script> [56 bytes]","args":[{"element-6066-11e4-a52e-4f735466cecf":"f.92C64C74BFFB4A8B431616FE9F273F76.d.A0713E71415FACECE42E4DCD146944D3.e.25476","ELEMENT":"f.92C64C74BFFB4A8B431616FE9F273F76.d.A0713E71415FACECE42E4DCD146944D3.e.25476"}]}
COMMAND: GET /session/9f4c84e4ae75e749cefc69cbdd96fe2c/screenshot - {}
COMMAND: POST /session/9f4c84e4ae75e749cefc69cbdd96fe2c/execute/sync - {"script":"<script> [56 bytes]","args":[{"element-6066-11e4-a52e-4f735466cecf":"f.92C64C74BFFB4A8B431616FE9F273F76.d.A0713E71415FACECE42E4DCD146944D3.e.25476","ELEMENT":"f.92C64C74BFFB4A8B431616FE9F273F76.d.A0713E71415FACECE42E4DCD146944D3.e.25476"}]}
RESULT: {}
RESULT: {"script":"<script> [56 bytes]","args":[{"element-6066-11e4-a52e-4f735466cecf":"f.92C64C74BFFB4A8B431616FE9F273F76.d.A0713E71415FACECE42E4DCD146944D3.e.25476","ELEMENT":"f.92C64C74BFFB4A8B431616FE9F273F76.d.A0713E71415FACECE42E4DCD146944D3.e.25476"}]}
COMMAND: POST /session/9f4c84e4ae75e749cefc69cbdd96fe2c/element - {"using":"css selector","value":"#shell-header-logo"}
COMMAND: GET /session/9f4c84e4ae75e749cefc69cbdd96fe2c/screenshot - {}
RESULT: {"using":"css selector","value":"#shell-header-logo"}
COMMAND: POST /session/9f4c84e4ae75e749cefc69cbdd96fe2c/element/f.92C64C74BFFB4A8B431616FE9F273F76.d.A0713E71415FACECE42E4DCD146944D3.e.25326/click - {}
RESULT: {}
RESULT: {}
COMMAND: GET /session/9f4c84e4ae75e749cefc69cbdd96fe2c/screenshot - {}
RESULT: {}
]]></system-out>
    </testcase>
    <testcase classname="chrome.136_0_7103_93.windows.Billing_Calculation_-_Time_based_(considering_transport_times)_US139738" name="Should do another billing run but in around 25 days from today" time="76.281">
      <system-out><![CDATA[
RESULT: undefined
COMMAND: POST /session/9f4c84e4ae75e749cefc69cbdd96fe2c/element - {"using":"xpath","value":"//*[@id=\"__tile51\"]"}
RESULT: {"using":"xpath","value":"//*[@id=\"__tile51\"]"}
COMMAND: POST /session/9f4c84e4ae75e749cefc69cbdd96fe2c/element/f.92C64C74BFFB4A8B431616FE9F273F76.d.A0713E71415FACECE42E4DCD146944D3.e.19101/click - {}
RESULT: {}
COMMAND: GET /session/9f4c84e4ae75e749cefc69cbdd96fe2c/screenshot - {}
RESULT: {}
COMMAND: POST /session/9f4c84e4ae75e749cefc69cbdd96fe2c/elements - {"using":"xpath","value":"//span[text()='Error']"}
RESULT: {"using":"xpath","value":"//span[text()='Error']"}
RESULT: undefined
COMMAND: POST /session/9f4c84e4ae75e749cefc69cbdd96fe2c/execute/async - {"script":"<script> [776 bytes]","args":[{"enterText":"10354","selector":{"id":"application-managebillings-display-component---billRunCalcResult--smartFilterBar-btnBasicSearch","interaction":{"idSuffix":"I"}},"clearTextFirst":true,"interactionType":"ENTER_TEXT"}]}
RESULT: {"script":"<script> [776 bytes]","args":[{"enterText":"10354","selector":{"id":"application-managebillings-display-component---billRunCalcResult--smartFilterBar-btnBasicSearch","interaction":{"idSuffix":"I"}},"clearTextFirst":true,"interactionType":"ENTER_TEXT"}]}
COMMAND: POST /session/9f4c84e4ae75e749cefc69cbdd96fe2c/actions - {"actions":[{"id":"action94","type":"key","parameters":{},"actions":[{"type":"keyDown","value":""},{"type":"pause","duration":10},{"type":"keyUp","value":""}]}]}
RESULT: {"actions":[{"id":"action94","type":"key","parameters":{},"actions":[{"type":"keyDown","value":""},{"type":"pause","duration":10},{"type":"keyUp","value":""}]}]}
COMMAND: GET /session/9f4c84e4ae75e749cefc69cbdd96fe2c/screenshot - {}
RESULT: {}
COMMAND: POST /session/9f4c84e4ae75e749cefc69cbdd96fe2c/element - {"using":"xpath","value":"//td[@aria-colindex=\"1\"]/div/div[contains(@class, \"sapMCbBg\")]"}
RESULT: {"using":"xpath","value":"//td[@aria-colindex=\"1\"]/div/div[contains(@class, \"sapMCbBg\")]"}
COMMAND: POST /session/9f4c84e4ae75e749cefc69cbdd96fe2c/element/f.92C64C74BFFB4A8B431616FE9F273F76.d.A0713E71415FACECE42E4DCD146944D3.e.25723/click - {}
RESULT: {}
COMMAND: GET /session/9f4c84e4ae75e749cefc69cbdd96fe2c/screenshot - {}
RESULT: {}
RESULT: undefined
COMMAND: POST /session/9f4c84e4ae75e749cefc69cbdd96fe2c/execute/async - {"script":"<script> [776 bytes]","args":[{"enterText":"6/22/25","selector":{"id":"application-managebillings-display-component---billRunCalcResult--contractBillRunDate","interaction":{"idSuffix":"inner"}},"clearTextFirst":true,"interactionType":"ENTER_TEXT"}]}
RESULT: {"script":"<script> [776 bytes]","args":[{"enterText":"6/22/25","selector":{"id":"application-managebillings-display-component---billRunCalcResult--contractBillRunDate","interaction":{"idSuffix":"inner"}},"clearTextFirst":true,"interactionType":"ENTER_TEXT"}]}
COMMAND: POST /session/9f4c84e4ae75e749cefc69cbdd96fe2c/element - {"using":"xpath","value":"//bdi[contains(text(), \"Trigger Calculation\")]"}
RESULT: {"using":"xpath","value":"//bdi[contains(text(), \"Trigger Calculation\")]"}
COMMAND: POST /session/9f4c84e4ae75e749cefc69cbdd96fe2c/element/f.92C64C74BFFB4A8B431616FE9F273F76.d.A0713E71415FACECE42E4DCD146944D3.e.25779/click - {}
RESULT: {}
COMMAND: GET /session/9f4c84e4ae75e749cefc69cbdd96fe2c/screenshot - {}
RESULT: {}
COMMAND: POST /session/9f4c84e4ae75e749cefc69cbdd96fe2c/element - {"using":"xpath","value":"(//span[contains(@id, \"imgNav\")])[1]"}
RESULT: {"using":"xpath","value":"(//span[contains(@id, \"imgNav\")])[1]"}
COMMAND: POST /session/9f4c84e4ae75e749cefc69cbdd96fe2c/element/f.92C64C74BFFB4A8B431616FE9F273F76.d.A0713E71415FACECE42E4DCD146944D3.e.25724/click - {}
RESULT: {}
COMMAND: GET /session/9f4c84e4ae75e749cefc69cbdd96fe2c/screenshot - {}
RESULT: {}
COMMAND: POST /session/9f4c84e4ae75e749cefc69cbdd96fe2c/element - {"using":"xpath","value":"//tr/td[6]/div[1]/span[1]/span[1]"}
RESULT: {"using":"xpath","value":"//tr/td[6]/div[1]/span[1]/span[1]"}
COMMAND: GET /session/9f4c84e4ae75e749cefc69cbdd96fe2c/element/f.92C64C74BFFB4A8B431616FE9F273F76.d.A0713E71415FACECE42E4DCD146944D3.e.25784/text - {}
RESULT: {}
COMMAND: POST /session/9f4c84e4ae75e749cefc69cbdd96fe2c/element - {"using":"xpath","value":"(//span[contains(@id, \"imgNav\")])[2]"}
RESULT: {"using":"xpath","value":"(//span[contains(@id, \"imgNav\")])[2]"}
COMMAND: POST /session/9f4c84e4ae75e749cefc69cbdd96fe2c/element/f.92C64C74BFFB4A8B431616FE9F273F76.d.A0713E71415FACECE42E4DCD146944D3.e.25785/click - {}
RESULT: {}
COMMAND: POST /session/9f4c84e4ae75e749cefc69cbdd96fe2c/element - {"using":"xpath","value":"//bdi[contains(text(), \"Business Confirm\")]"}
COMMAND: GET /session/9f4c84e4ae75e749cefc69cbdd96fe2c/screenshot - {}
RESULT: {"using":"xpath","value":"//bdi[contains(text(), \"Business Confirm\")]"}
COMMAND: POST /session/9f4c84e4ae75e749cefc69cbdd96fe2c/elements - {"using":"xpath","value":"//bdi[contains(text(), \"Business Confirm\")]"}
RESULT: {}
RESULT: {"using":"xpath","value":"//bdi[contains(text(), \"Business Confirm\")]"}
COMMAND: POST /session/9f4c84e4ae75e749cefc69cbdd96fe2c/element - {"using":"xpath","value":"//bdi[contains(text(), \"Business Confirm\")]"}
RESULT: {"using":"xpath","value":"//bdi[contains(text(), \"Business Confirm\")]"}
COMMAND: POST /session/9f4c84e4ae75e749cefc69cbdd96fe2c/element/f.92C64C74BFFB4A8B431616FE9F273F76.d.A0713E71415FACECE42E4DCD146944D3.e.25833/click - {}
RESULT: {}
COMMAND: POST /session/9f4c84e4ae75e749cefc69cbdd96fe2c/element - {"using":"css selector","value":"#shell-header-logo"}
COMMAND: GET /session/9f4c84e4ae75e749cefc69cbdd96fe2c/screenshot - {}
RESULT: {"using":"css selector","value":"#shell-header-logo"}
COMMAND: POST /session/9f4c84e4ae75e749cefc69cbdd96fe2c/element/f.92C64C74BFFB4A8B431616FE9F273F76.d.A0713E71415FACECE42E4DCD146944D3.e.25517/click - {}
RESULT: {}
RESULT: {}
COMMAND: GET /session/9f4c84e4ae75e749cefc69cbdd96fe2c/screenshot - {}
RESULT: {}
]]></system-out>
    </testcase>
    <testcase classname="chrome.136_0_7103_93.windows.Billing_Calculation_-_Time_based_(considering_transport_times)_US139738" name="Should transfer the billing all the way to completion" time="81.514">
      <system-out><![CDATA[
RESULT: undefined
COMMAND: POST /session/9f4c84e4ae75e749cefc69cbdd96fe2c/element - {"using":"xpath","value":"//*[@id=\"__tile50\"]"}
RESULT: {"using":"xpath","value":"//*[@id=\"__tile50\"]"}
COMMAND: POST /session/9f4c84e4ae75e749cefc69cbdd96fe2c/element/f.92C64C74BFFB4A8B431616FE9F273F76.d.A0713E71415FACECE42E4DCD146944D3.e.19099/click - {}
RESULT: {}
COMMAND: GET /session/9f4c84e4ae75e749cefc69cbdd96fe2c/screenshot - {}
RESULT: {}
COMMAND: POST /session/9f4c84e4ae75e749cefc69cbdd96fe2c/elements - {"using":"xpath","value":"//span[text()='Error']"}
RESULT: {"using":"xpath","value":"//span[text()='Error']"}
COMMAND: POST /session/9f4c84e4ae75e749cefc69cbdd96fe2c/element - {"using":"xpath","value":"//input[contains(@id ,\"application-billingtransfer-display-component---billingWorkbench--smartFilterBar-btnBasicSearch\")]"}
RESULT: {"using":"xpath","value":"//input[contains(@id ,\"application-billingtransfer-display-component---billingWorkbench--smartFilterBar-btnBasicSearch\")]"}
COMMAND: POST /session/9f4c84e4ae75e749cefc69cbdd96fe2c/elements - {"using":"xpath","value":"//input[contains(@id ,\"application-billingtransfer-display-component---billingWorkbench--smartFilterBar-btnBasicSearch\")]"}
RESULT: {"using":"xpath","value":"//input[contains(@id ,\"application-billingtransfer-display-component---billingWorkbench--smartFilterBar-btnBasicSearch\")]"}
COMMAND: POST /session/9f4c84e4ae75e749cefc69cbdd96fe2c/execute/sync - {"script":"<script> [8489 bytes]","args":[{"element-6066-11e4-a52e-4f735466cecf":"f.92C64C74BFFB4A8B431616FE9F273F76.d.A0713E71415FACECE42E4DCD146944D3.e.25848","ELEMENT":"f.92C64C74BFFB4A8B431616FE9F273F76.d.A0713E71415FACECE42E4DCD146944D3.e.25848"}]}
RESULT: {"script":"<script> [8489 bytes]","args":[{"element-6066-11e4-a52e-4f735466cecf":"f.92C64C74BFFB4A8B431616FE9F273F76.d.A0713E71415FACECE42E4DCD146944D3.e.25848","ELEMENT":"f.92C64C74BFFB4A8B431616FE9F273F76.d.A0713E71415FACECE42E4DCD146944D3.e.25848"}]}
COMMAND: GET /session/9f4c84e4ae75e749cefc69cbdd96fe2c/element/f.92C64C74BFFB4A8B431616FE9F273F76.d.A0713E71415FACECE42E4DCD146944D3.e.25848/enabled - {}
COMMAND: GET /session/9f4c84e4ae75e749cefc69cbdd96fe2c/screenshot - {}
RESULT: {}
COMMAND: POST /session/9f4c84e4ae75e749cefc69cbdd96fe2c/element/f.92C64C74BFFB4A8B431616FE9F273F76.d.A0713E71415FACECE42E4DCD146944D3.e.25848/click - {}
COMMAND: GET /session/9f4c84e4ae75e749cefc69cbdd96fe2c/screenshot - {}
RESULT: {}
RESULT: {}
COMMAND: GET /session/9f4c84e4ae75e749cefc69cbdd96fe2c/screenshot - {}
RESULT: {}
RESULT: {}
COMMAND: POST /session/9f4c84e4ae75e749cefc69cbdd96fe2c/element/f.92C64C74BFFB4A8B431616FE9F273F76.d.A0713E71415FACECE42E4DCD146944D3.e.25848/clear - {}
RESULT: {}
COMMAND: POST /session/9f4c84e4ae75e749cefc69cbdd96fe2c/element/f.92C64C74BFFB4A8B431616FE9F273F76.d.A0713E71415FACECE42E4DCD146944D3.e.25848/value - {"text":"10354"}
COMMAND: GET /session/9f4c84e4ae75e749cefc69cbdd96fe2c/screenshot - {}
RESULT: {"text":"10354"}
COMMAND: POST /session/9f4c84e4ae75e749cefc69cbdd96fe2c/actions - {"actions":[{"id":"action95","type":"key","parameters":{},"actions":[{"type":"keyDown","value":""},{"type":"pause","duration":10},{"type":"keyUp","value":""}]}]}
COMMAND: GET /session/9f4c84e4ae75e749cefc69cbdd96fe2c/screenshot - {}
RESULT: {}
RESULT: {"actions":[{"id":"action95","type":"key","parameters":{},"actions":[{"type":"keyDown","value":""},{"type":"pause","duration":10},{"type":"keyUp","value":""}]}]}
COMMAND: GET /session/9f4c84e4ae75e749cefc69cbdd96fe2c/screenshot - {}
RESULT: {}
RESULT: {}
COMMAND: POST /session/9f4c84e4ae75e749cefc69cbdd96fe2c/element - {"using":"xpath","value":"//span[contains(@id ,\"application-billingtransfer-display-component---billingWorkbench--smartTableBillingRuns-header-inner\")]"}
RESULT: {"using":"xpath","value":"//span[contains(@id ,\"application-billingtransfer-display-component---billingWorkbench--smartTableBillingRuns-header-inner\")]"}
COMMAND: POST /session/9f4c84e4ae75e749cefc69cbdd96fe2c/elements - {"using":"xpath","value":"//span[contains(@id ,\"application-billingtransfer-display-component---billingWorkbench--smartTableBillingRuns-header-inner\")]"}
RESULT: {"using":"xpath","value":"//span[contains(@id ,\"application-billingtransfer-display-component---billingWorkbench--smartTableBillingRuns-header-inner\")]"}
COMMAND: POST /session/9f4c84e4ae75e749cefc69cbdd96fe2c/execute/sync - {"script":"<script> [56 bytes]","args":[{"element-6066-11e4-a52e-4f735466cecf":"f.92C64C74BFFB4A8B431616FE9F273F76.d.A0713E71415FACECE42E4DCD146944D3.e.25998","ELEMENT":"f.92C64C74BFFB4A8B431616FE9F273F76.d.A0713E71415FACECE42E4DCD146944D3.e.25998"}]}
RESULT: {"script":"<script> [56 bytes]","args":[{"element-6066-11e4-a52e-4f735466cecf":"f.92C64C74BFFB4A8B431616FE9F273F76.d.A0713E71415FACECE42E4DCD146944D3.e.25998","ELEMENT":"f.92C64C74BFFB4A8B431616FE9F273F76.d.A0713E71415FACECE42E4DCD146944D3.e.25998"}]}
COMMAND: POST /session/9f4c84e4ae75e749cefc69cbdd96fe2c/element - {"using":"xpath","value":"//td[@aria-colindex=\"1\"]/div/div[contains(@class, \"sapMCbBg\")]"}
COMMAND: GET /session/9f4c84e4ae75e749cefc69cbdd96fe2c/screenshot - {}
RESULT: {"using":"xpath","value":"//td[@aria-colindex=\"1\"]/div/div[contains(@class, \"sapMCbBg\")]"}
COMMAND: POST /session/9f4c84e4ae75e749cefc69cbdd96fe2c/element/f.92C64C74BFFB4A8B431616FE9F273F76.d.A0713E71415FACECE42E4DCD146944D3.e.25992/click - {}
RESULT: {}
RESULT: {}
COMMAND: GET /session/9f4c84e4ae75e749cefc69cbdd96fe2c/screenshot - {}
RESULT: {}
COMMAND: POST /session/9f4c84e4ae75e749cefc69cbdd96fe2c/element - {"using":"xpath","value":"//bdi[contains(text(), \"Check\")]"}
RESULT: {"using":"xpath","value":"//bdi[contains(text(), \"Check\")]"}
COMMAND: POST /session/9f4c84e4ae75e749cefc69cbdd96fe2c/element/f.92C64C74BFFB4A8B431616FE9F273F76.d.A0713E71415FACECE42E4DCD146944D3.e.25999/click - {}
RESULT: {}
COMMAND: GET /session/9f4c84e4ae75e749cefc69cbdd96fe2c/screenshot - {}
RESULT: {}
COMMAND: POST /session/9f4c84e4ae75e749cefc69cbdd96fe2c/element - {"using":"xpath","value":"//bdi[contains(text(), \"OK\")]"}
RESULT: {"using":"xpath","value":"//bdi[contains(text(), \"OK\")]"}
COMMAND: POST /session/9f4c84e4ae75e749cefc69cbdd96fe2c/element/f.92C64C74BFFB4A8B431616FE9F273F76.d.A0713E71415FACECE42E4DCD146944D3.e.26002/click - {}
RESULT: {}
COMMAND: GET /session/9f4c84e4ae75e749cefc69cbdd96fe2c/screenshot - {}
RESULT: {}
COMMAND: POST /session/9f4c84e4ae75e749cefc69cbdd96fe2c/element - {"using":"xpath","value":"(//span[contains(text(), \"CO/SD checked\")]/parent::div/preceding-sibling::div/span)[1]"}
RESULT: {"using":"xpath","value":"(//span[contains(text(), \"CO/SD checked\")]/parent::div/preceding-sibling::div/span)[1]"}
COMMAND: POST /session/9f4c84e4ae75e749cefc69cbdd96fe2c/element/f.92C64C74BFFB4A8B431616FE9F273F76.d.A0713E71415FACECE42E4DCD146944D3.e.26003/click - {}
RESULT: {}
COMMAND: GET /session/9f4c84e4ae75e749cefc69cbdd96fe2c/screenshot - {}
RESULT: {}
COMMAND: POST /session/9f4c84e4ae75e749cefc69cbdd96fe2c/element - {"using":"xpath","value":"//input[contains(@id ,\"application-billingtransfer-display-component---billingWorkbench--smartFilterBar-btnBasicSearch\")]"}
RESULT: {"using":"xpath","value":"//input[contains(@id ,\"application-billingtransfer-display-component---billingWorkbench--smartFilterBar-btnBasicSearch\")]"}
COMMAND: POST /session/9f4c84e4ae75e749cefc69cbdd96fe2c/elements - {"using":"xpath","value":"//input[contains(@id ,\"application-billingtransfer-display-component---billingWorkbench--smartFilterBar-btnBasicSearch\")]"}
RESULT: {"using":"xpath","value":"//input[contains(@id ,\"application-billingtransfer-display-component---billingWorkbench--smartFilterBar-btnBasicSearch\")]"}
COMMAND: POST /session/9f4c84e4ae75e749cefc69cbdd96fe2c/execute/sync - {"script":"<script> [8489 bytes]","args":[{"element-6066-11e4-a52e-4f735466cecf":"f.92C64C74BFFB4A8B431616FE9F273F76.d.A0713E71415FACECE42E4DCD146944D3.e.25848","ELEMENT":"f.92C64C74BFFB4A8B431616FE9F273F76.d.A0713E71415FACECE42E4DCD146944D3.e.25848"}]}
RESULT: {"script":"<script> [8489 bytes]","args":[{"element-6066-11e4-a52e-4f735466cecf":"f.92C64C74BFFB4A8B431616FE9F273F76.d.A0713E71415FACECE42E4DCD146944D3.e.25848","ELEMENT":"f.92C64C74BFFB4A8B431616FE9F273F76.d.A0713E71415FACECE42E4DCD146944D3.e.25848"}]}
COMMAND: GET /session/9f4c84e4ae75e749cefc69cbdd96fe2c/element/f.92C64C74BFFB4A8B431616FE9F273F76.d.A0713E71415FACECE42E4DCD146944D3.e.25848/enabled - {}
COMMAND: GET /session/9f4c84e4ae75e749cefc69cbdd96fe2c/screenshot - {}
RESULT: {}
COMMAND: POST /session/9f4c84e4ae75e749cefc69cbdd96fe2c/element/f.92C64C74BFFB4A8B431616FE9F273F76.d.A0713E71415FACECE42E4DCD146944D3.e.25848/click - {}
COMMAND: GET /session/9f4c84e4ae75e749cefc69cbdd96fe2c/screenshot - {}
RESULT: {}
RESULT: {}
COMMAND: GET /session/9f4c84e4ae75e749cefc69cbdd96fe2c/screenshot - {}
RESULT: {}
RESULT: {}
COMMAND: POST /session/9f4c84e4ae75e749cefc69cbdd96fe2c/element/f.92C64C74BFFB4A8B431616FE9F273F76.d.A0713E71415FACECE42E4DCD146944D3.e.25848/clear - {}
RESULT: {}
COMMAND: POST /session/9f4c84e4ae75e749cefc69cbdd96fe2c/element/f.92C64C74BFFB4A8B431616FE9F273F76.d.A0713E71415FACECE42E4DCD146944D3.e.25848/value - {"text":"10354"}
COMMAND: GET /session/9f4c84e4ae75e749cefc69cbdd96fe2c/screenshot - {}
RESULT: {"text":"10354"}
COMMAND: POST /session/9f4c84e4ae75e749cefc69cbdd96fe2c/actions - {"actions":[{"id":"action96","type":"key","parameters":{},"actions":[{"type":"keyDown","value":""},{"type":"pause","duration":10},{"type":"keyUp","value":""}]}]}
COMMAND: GET /session/9f4c84e4ae75e749cefc69cbdd96fe2c/screenshot - {}
RESULT: {}
RESULT: {"actions":[{"id":"action96","type":"key","parameters":{},"actions":[{"type":"keyDown","value":""},{"type":"pause","duration":10},{"type":"keyUp","value":""}]}]}
COMMAND: GET /session/9f4c84e4ae75e749cefc69cbdd96fe2c/screenshot - {}
RESULT: {}
RESULT: {}
COMMAND: POST /session/9f4c84e4ae75e749cefc69cbdd96fe2c/element - {"using":"xpath","value":"//span[contains(@id ,\"application-billingtransfer-display-component---billingWorkbench--smartTableBillingRuns-header-inner\")]"}
RESULT: {"using":"xpath","value":"//span[contains(@id ,\"application-billingtransfer-display-component---billingWorkbench--smartTableBillingRuns-header-inner\")]"}
COMMAND: POST /session/9f4c84e4ae75e749cefc69cbdd96fe2c/elements - {"using":"xpath","value":"//span[contains(@id ,\"application-billingtransfer-display-component---billingWorkbench--smartTableBillingRuns-header-inner\")]"}
RESULT: {"using":"xpath","value":"//span[contains(@id ,\"application-billingtransfer-display-component---billingWorkbench--smartTableBillingRuns-header-inner\")]"}
COMMAND: POST /session/9f4c84e4ae75e749cefc69cbdd96fe2c/execute/sync - {"script":"<script> [56 bytes]","args":[{"element-6066-11e4-a52e-4f735466cecf":"f.92C64C74BFFB4A8B431616FE9F273F76.d.A0713E71415FACECE42E4DCD146944D3.e.25998","ELEMENT":"f.92C64C74BFFB4A8B431616FE9F273F76.d.A0713E71415FACECE42E4DCD146944D3.e.25998"}]}
RESULT: {"script":"<script> [56 bytes]","args":[{"element-6066-11e4-a52e-4f735466cecf":"f.92C64C74BFFB4A8B431616FE9F273F76.d.A0713E71415FACECE42E4DCD146944D3.e.25998","ELEMENT":"f.92C64C74BFFB4A8B431616FE9F273F76.d.A0713E71415FACECE42E4DCD146944D3.e.25998"}]}
COMMAND: POST /session/9f4c84e4ae75e749cefc69cbdd96fe2c/element - {"using":"xpath","value":"//td[@aria-colindex=\"1\"]/div/div[contains(@class, \"sapMCbBg\")]"}
COMMAND: GET /session/9f4c84e4ae75e749cefc69cbdd96fe2c/screenshot - {}
RESULT: {"using":"xpath","value":"//td[@aria-colindex=\"1\"]/div/div[contains(@class, \"sapMCbBg\")]"}
COMMAND: POST /session/9f4c84e4ae75e749cefc69cbdd96fe2c/element/f.92C64C74BFFB4A8B431616FE9F273F76.d.A0713E71415FACECE42E4DCD146944D3.e.26006/click - {}
RESULT: {}
RESULT: {}
COMMAND: GET /session/9f4c84e4ae75e749cefc69cbdd96fe2c/screenshot - {}
RESULT: {}
COMMAND: POST /session/9f4c84e4ae75e749cefc69cbdd96fe2c/element - {"using":"xpath","value":"//bdi[text()=\"Transfer\"]"}
RESULT: {"using":"xpath","value":"//bdi[text()=\"Transfer\"]"}
COMMAND: POST /session/9f4c84e4ae75e749cefc69cbdd96fe2c/element/f.92C64C74BFFB4A8B431616FE9F273F76.d.A0713E71415FACECE42E4DCD146944D3.e.26007/click - {}
RESULT: {}
COMMAND: GET /session/9f4c84e4ae75e749cefc69cbdd96fe2c/screenshot - {}
RESULT: {}
COMMAND: POST /session/9f4c84e4ae75e749cefc69cbdd96fe2c/element - {"using":"xpath","value":"//bdi[contains(text(), \"OK\")]"}
RESULT: {"using":"xpath","value":"//bdi[contains(text(), \"OK\")]"}
COMMAND: POST /session/9f4c84e4ae75e749cefc69cbdd96fe2c/element/f.92C64C74BFFB4A8B431616FE9F273F76.d.A0713E71415FACECE42E4DCD146944D3.e.26010/click - {}
RESULT: {}
COMMAND: GET /session/9f4c84e4ae75e749cefc69cbdd96fe2c/screenshot - {}
RESULT: {}
COMMAND: POST /session/9f4c84e4ae75e749cefc69cbdd96fe2c/element - {"using":"xpath","value":"(//span[contains(text(), \"Completed\")]/parent::div/preceding-sibling::div/span)[1]"}
RESULT: {"using":"xpath","value":"(//span[contains(text(), \"Completed\")]/parent::div/preceding-sibling::div/span)[1]"}
COMMAND: POST /session/9f4c84e4ae75e749cefc69cbdd96fe2c/element/f.92C64C74BFFB4A8B431616FE9F273F76.d.A0713E71415FACECE42E4DCD146944D3.e.26023/click - {}
RESULT: {}
COMMAND: POST /session/9f4c84e4ae75e749cefc69cbdd96fe2c/element - {"using":"xpath","value":"//input[contains(@id ,\"application-billingtransfer-display-component---billingWorkbench--smartFilterBar-btnBasicSearch\")]"}
COMMAND: GET /session/9f4c84e4ae75e749cefc69cbdd96fe2c/screenshot - {}
RESULT: {"using":"xpath","value":"//input[contains(@id ,\"application-billingtransfer-display-component---billingWorkbench--smartFilterBar-btnBasicSearch\")]"}
COMMAND: POST /session/9f4c84e4ae75e749cefc69cbdd96fe2c/elements - {"using":"xpath","value":"//input[contains(@id ,\"application-billingtransfer-display-component---billingWorkbench--smartFilterBar-btnBasicSearch\")]"}
RESULT: {}
RESULT: {"using":"xpath","value":"//input[contains(@id ,\"application-billingtransfer-display-component---billingWorkbench--smartFilterBar-btnBasicSearch\")]"}
COMMAND: POST /session/9f4c84e4ae75e749cefc69cbdd96fe2c/execute/sync - {"script":"<script> [8489 bytes]","args":[{"element-6066-11e4-a52e-4f735466cecf":"f.92C64C74BFFB4A8B431616FE9F273F76.d.A0713E71415FACECE42E4DCD146944D3.e.25848","ELEMENT":"f.92C64C74BFFB4A8B431616FE9F273F76.d.A0713E71415FACECE42E4DCD146944D3.e.25848"}]}
RESULT: {"script":"<script> [8489 bytes]","args":[{"element-6066-11e4-a52e-4f735466cecf":"f.92C64C74BFFB4A8B431616FE9F273F76.d.A0713E71415FACECE42E4DCD146944D3.e.25848","ELEMENT":"f.92C64C74BFFB4A8B431616FE9F273F76.d.A0713E71415FACECE42E4DCD146944D3.e.25848"}]}
COMMAND: GET /session/9f4c84e4ae75e749cefc69cbdd96fe2c/element/f.92C64C74BFFB4A8B431616FE9F273F76.d.A0713E71415FACECE42E4DCD146944D3.e.25848/enabled - {}
COMMAND: GET /session/9f4c84e4ae75e749cefc69cbdd96fe2c/screenshot - {}
RESULT: {}
COMMAND: POST /session/9f4c84e4ae75e749cefc69cbdd96fe2c/element/f.92C64C74BFFB4A8B431616FE9F273F76.d.A0713E71415FACECE42E4DCD146944D3.e.25848/click - {}
COMMAND: GET /session/9f4c84e4ae75e749cefc69cbdd96fe2c/screenshot - {}
RESULT: {}
RESULT: {}
COMMAND: GET /session/9f4c84e4ae75e749cefc69cbdd96fe2c/screenshot - {}
RESULT: {}
RESULT: {}
COMMAND: POST /session/9f4c84e4ae75e749cefc69cbdd96fe2c/element/f.92C64C74BFFB4A8B431616FE9F273F76.d.A0713E71415FACECE42E4DCD146944D3.e.25848/clear - {}
RESULT: {}
COMMAND: POST /session/9f4c84e4ae75e749cefc69cbdd96fe2c/element/f.92C64C74BFFB4A8B431616FE9F273F76.d.A0713E71415FACECE42E4DCD146944D3.e.25848/value - {"text":"10354"}
COMMAND: GET /session/9f4c84e4ae75e749cefc69cbdd96fe2c/screenshot - {}
RESULT: {"text":"10354"}
COMMAND: POST /session/9f4c84e4ae75e749cefc69cbdd96fe2c/actions - {"actions":[{"id":"action97","type":"key","parameters":{},"actions":[{"type":"keyDown","value":""},{"type":"pause","duration":10},{"type":"keyUp","value":""}]}]}
COMMAND: GET /session/9f4c84e4ae75e749cefc69cbdd96fe2c/screenshot - {}
RESULT: {}
RESULT: {"actions":[{"id":"action97","type":"key","parameters":{},"actions":[{"type":"keyDown","value":""},{"type":"pause","duration":10},{"type":"keyUp","value":""}]}]}
COMMAND: GET /session/9f4c84e4ae75e749cefc69cbdd96fe2c/screenshot - {}
RESULT: {}
RESULT: {}
COMMAND: POST /session/9f4c84e4ae75e749cefc69cbdd96fe2c/element - {"using":"xpath","value":"//span[contains(@id ,\"application-billingtransfer-display-component---billingWorkbench--smartTableBillingRuns-header-inner\")]"}
RESULT: {"using":"xpath","value":"//span[contains(@id ,\"application-billingtransfer-display-component---billingWorkbench--smartTableBillingRuns-header-inner\")]"}
COMMAND: POST /session/9f4c84e4ae75e749cefc69cbdd96fe2c/elements - {"using":"xpath","value":"//span[contains(@id ,\"application-billingtransfer-display-component---billingWorkbench--smartTableBillingRuns-header-inner\")]"}
RESULT: {"using":"xpath","value":"//span[contains(@id ,\"application-billingtransfer-display-component---billingWorkbench--smartTableBillingRuns-header-inner\")]"}
COMMAND: POST /session/9f4c84e4ae75e749cefc69cbdd96fe2c/execute/sync - {"script":"<script> [56 bytes]","args":[{"element-6066-11e4-a52e-4f735466cecf":"f.92C64C74BFFB4A8B431616FE9F273F76.d.A0713E71415FACECE42E4DCD146944D3.e.25998","ELEMENT":"f.92C64C74BFFB4A8B431616FE9F273F76.d.A0713E71415FACECE42E4DCD146944D3.e.25998"}]}
RESULT: {"script":"<script> [56 bytes]","args":[{"element-6066-11e4-a52e-4f735466cecf":"f.92C64C74BFFB4A8B431616FE9F273F76.d.A0713E71415FACECE42E4DCD146944D3.e.25998","ELEMENT":"f.92C64C74BFFB4A8B431616FE9F273F76.d.A0713E71415FACECE42E4DCD146944D3.e.25998"}]}
COMMAND: POST /session/9f4c84e4ae75e749cefc69cbdd96fe2c/element - {"using":"css selector","value":"#shell-header-logo"}
COMMAND: GET /session/9f4c84e4ae75e749cefc69cbdd96fe2c/screenshot - {}
RESULT: {"using":"css selector","value":"#shell-header-logo"}
COMMAND: POST /session/9f4c84e4ae75e749cefc69cbdd96fe2c/element/f.92C64C74BFFB4A8B431616FE9F273F76.d.A0713E71415FACECE42E4DCD146944D3.e.25846/click - {}
RESULT: {}
RESULT: {}
COMMAND: GET /session/9f4c84e4ae75e749cefc69cbdd96fe2c/screenshot - {}
RESULT: {}
]]></system-out>
    </testcase>
    <testcase classname="chrome.136_0_7103_93.windows.Billing_Calculation_-_Time_based_(considering_transport_times)_US139738" name="Should navigate to the contract item check the billed until field value" time="52.327">
      <system-out><![CDATA[
RESULT: undefined
COMMAND: POST /session/9f4c84e4ae75e749cefc69cbdd96fe2c/element - {"using":"xpath","value":"//*[@id=\"__tile133\"]"}
RESULT: {"using":"xpath","value":"//*[@id=\"__tile133\"]"}
COMMAND: POST /session/9f4c84e4ae75e749cefc69cbdd96fe2c/element/f.92C64C74BFFB4A8B431616FE9F273F76.d.A0713E71415FACECE42E4DCD146944D3.e.19074/click - {}
RESULT: {}
COMMAND: GET /session/9f4c84e4ae75e749cefc69cbdd96fe2c/screenshot - {}
RESULT: {}
COMMAND: POST /session/9f4c84e4ae75e749cefc69cbdd96fe2c/elements - {"using":"xpath","value":"//span[text()='Error']"}
RESULT: {"using":"xpath","value":"//span[text()='Error']"}
COMMAND: POST /session/9f4c84e4ae75e749cefc69cbdd96fe2c/element - {"using":"xpath","value":"//button[@data-kt=\"addButton\"]"}
RESULT: {"using":"xpath","value":"//button[@data-kt=\"addButton\"]"}
COMMAND: POST /session/9f4c84e4ae75e749cefc69cbdd96fe2c/elements - {"using":"xpath","value":"//button[@data-kt=\"addButton\"]"}
RESULT: {"using":"xpath","value":"//button[@data-kt=\"addButton\"]"}
COMMAND: POST /session/9f4c84e4ae75e749cefc69cbdd96fe2c/execute/sync - {"script":"<script> [8489 bytes]","args":[{"element-6066-11e4-a52e-4f735466cecf":"f.92C64C74BFFB4A8B431616FE9F273F76.d.A0713E71415FACECE42E4DCD146944D3.e.26080","ELEMENT":"f.92C64C74BFFB4A8B431616FE9F273F76.d.A0713E71415FACECE42E4DCD146944D3.e.26080"}]}
RESULT: {"script":"<script> [8489 bytes]","args":[{"element-6066-11e4-a52e-4f735466cecf":"f.92C64C74BFFB4A8B431616FE9F273F76.d.A0713E71415FACECE42E4DCD146944D3.e.26080","ELEMENT":"f.92C64C74BFFB4A8B431616FE9F273F76.d.A0713E71415FACECE42E4DCD146944D3.e.26080"}]}
COMMAND: GET /session/9f4c84e4ae75e749cefc69cbdd96fe2c/element/f.92C64C74BFFB4A8B431616FE9F273F76.d.A0713E71415FACECE42E4DCD146944D3.e.26080/enabled - {}
COMMAND: GET /session/9f4c84e4ae75e749cefc69cbdd96fe2c/screenshot - {}
RESULT: {}
COMMAND: POST /session/9f4c84e4ae75e749cefc69cbdd96fe2c/execute/sync - {"script":"<script> [8489 bytes]","args":[{"element-6066-11e4-a52e-4f735466cecf":"f.92C64C74BFFB4A8B431616FE9F273F76.d.A0713E71415FACECE42E4DCD146944D3.e.26080","ELEMENT":"f.92C64C74BFFB4A8B431616FE9F273F76.d.A0713E71415FACECE42E4DCD146944D3.e.26080"}]}
COMMAND: GET /session/9f4c84e4ae75e749cefc69cbdd96fe2c/screenshot - {}
RESULT: {}
RESULT: {"script":"<script> [8489 bytes]","args":[{"element-6066-11e4-a52e-4f735466cecf":"f.92C64C74BFFB4A8B431616FE9F273F76.d.A0713E71415FACECE42E4DCD146944D3.e.26080","ELEMENT":"f.92C64C74BFFB4A8B431616FE9F273F76.d.A0713E71415FACECE42E4DCD146944D3.e.26080"}]}
COMMAND: POST /session/9f4c84e4ae75e749cefc69cbdd96fe2c/execute/sync - {"script":"<script> [5351 bytes]","args":[{"element-6066-11e4-a52e-4f735466cecf":"f.92C64C74BFFB4A8B431616FE9F273F76.d.A0713E71415FACECE42E4DCD146944D3.e.26080","ELEMENT":"f.92C64C74BFFB4A8B431616FE9F273F76.d.A0713E71415FACECE42E4DCD146944D3.e.26080"}]}
COMMAND: GET /session/9f4c84e4ae75e749cefc69cbdd96fe2c/screenshot - {}
RESULT: {}
RESULT: {"script":"<script> [5351 bytes]","args":[{"element-6066-11e4-a52e-4f735466cecf":"f.92C64C74BFFB4A8B431616FE9F273F76.d.A0713E71415FACECE42E4DCD146944D3.e.26080","ELEMENT":"f.92C64C74BFFB4A8B431616FE9F273F76.d.A0713E71415FACECE42E4DCD146944D3.e.26080"}]}
COMMAND: POST /session/9f4c84e4ae75e749cefc69cbdd96fe2c/element - {"using":"xpath","value":"//input[contains(@id ,\"smartContractFilterBar-btnBasicSearch-I\")]"}
COMMAND: GET /session/9f4c84e4ae75e749cefc69cbdd96fe2c/screenshot - {}
RESULT: {}
RESULT: {"using":"xpath","value":"//input[contains(@id ,\"smartContractFilterBar-btnBasicSearch-I\")]"}
COMMAND: POST /session/9f4c84e4ae75e749cefc69cbdd96fe2c/elements - {"using":"xpath","value":"//input[contains(@id ,\"smartContractFilterBar-btnBasicSearch-I\")]"}
RESULT: {}
RESULT: {"using":"xpath","value":"//input[contains(@id ,\"smartContractFilterBar-btnBasicSearch-I\")]"}
COMMAND: POST /session/9f4c84e4ae75e749cefc69cbdd96fe2c/execute/sync - {"script":"<script> [8489 bytes]","args":[{"element-6066-11e4-a52e-4f735466cecf":"f.92C64C74BFFB4A8B431616FE9F273F76.d.A0713E71415FACECE42E4DCD146944D3.e.26039","ELEMENT":"f.92C64C74BFFB4A8B431616FE9F273F76.d.A0713E71415FACECE42E4DCD146944D3.e.26039"}]}
RESULT: {"script":"<script> [8489 bytes]","args":[{"element-6066-11e4-a52e-4f735466cecf":"f.92C64C74BFFB4A8B431616FE9F273F76.d.A0713E71415FACECE42E4DCD146944D3.e.26039","ELEMENT":"f.92C64C74BFFB4A8B431616FE9F273F76.d.A0713E71415FACECE42E4DCD146944D3.e.26039"}]}
COMMAND: GET /session/9f4c84e4ae75e749cefc69cbdd96fe2c/element/f.92C64C74BFFB4A8B431616FE9F273F76.d.A0713E71415FACECE42E4DCD146944D3.e.26039/enabled - {}
COMMAND: GET /session/9f4c84e4ae75e749cefc69cbdd96fe2c/screenshot - {}
RESULT: {}
COMMAND: POST /session/9f4c84e4ae75e749cefc69cbdd96fe2c/element/f.92C64C74BFFB4A8B431616FE9F273F76.d.A0713E71415FACECE42E4DCD146944D3.e.26039/clear - {}
COMMAND: GET /session/9f4c84e4ae75e749cefc69cbdd96fe2c/screenshot - {}
RESULT: {}
RESULT: {}
COMMAND: POST /session/9f4c84e4ae75e749cefc69cbdd96fe2c/element/f.92C64C74BFFB4A8B431616FE9F273F76.d.A0713E71415FACECE42E4DCD146944D3.e.26039/value - {"text":"10354"}
COMMAND: GET /session/9f4c84e4ae75e749cefc69cbdd96fe2c/screenshot - {}
RESULT: {}
RESULT: {"text":"10354"}
COMMAND: GET /session/9f4c84e4ae75e749cefc69cbdd96fe2c/screenshot - {}
RESULT: {}
RESULT: {}
COMMAND: POST /session/9f4c84e4ae75e749cefc69cbdd96fe2c/actions - {"actions":[{"id":"action98","type":"key","parameters":{},"actions":[{"type":"keyDown","value":""},{"type":"pause","duration":10},{"type":"keyUp","value":""}]}]}
RESULT: {"actions":[{"id":"action98","type":"key","parameters":{},"actions":[{"type":"keyDown","value":""},{"type":"pause","duration":10},{"type":"keyUp","value":""}]}]}
COMMAND: GET /session/9f4c84e4ae75e749cefc69cbdd96fe2c/screenshot - {}
RESULT: {}
COMMAND: POST /session/9f4c84e4ae75e749cefc69cbdd96fe2c/element - {"using":"xpath","value":"//span[contains(@id, \"masterListContractsSmartTable-header-inner\")]"}
RESULT: {"using":"xpath","value":"//span[contains(@id, \"masterListContractsSmartTable-header-inner\")]"}
COMMAND: POST /session/9f4c84e4ae75e749cefc69cbdd96fe2c/elements - {"using":"xpath","value":"//span[contains(@id, \"masterListContractsSmartTable-header-inner\")]"}
RESULT: {"using":"xpath","value":"//span[contains(@id, \"masterListContractsSmartTable-header-inner\")]"}
COMMAND: POST /session/9f4c84e4ae75e749cefc69cbdd96fe2c/execute/sync - {"script":"<script> [56 bytes]","args":[{"element-6066-11e4-a52e-4f735466cecf":"f.92C64C74BFFB4A8B431616FE9F273F76.d.A0713E71415FACECE42E4DCD146944D3.e.26132","ELEMENT":"f.92C64C74BFFB4A8B431616FE9F273F76.d.A0713E71415FACECE42E4DCD146944D3.e.26132"}]}
RESULT: {"script":"<script> [56 bytes]","args":[{"element-6066-11e4-a52e-4f735466cecf":"f.92C64C74BFFB4A8B431616FE9F273F76.d.A0713E71415FACECE42E4DCD146944D3.e.26132","ELEMENT":"f.92C64C74BFFB4A8B431616FE9F273F76.d.A0713E71415FACECE42E4DCD146944D3.e.26132"}]}
COMMAND: POST /session/9f4c84e4ae75e749cefc69cbdd96fe2c/element - {"using":"xpath","value":"(//span[contains(@id, \"imgNav\")])[1]"}
COMMAND: GET /session/9f4c84e4ae75e749cefc69cbdd96fe2c/screenshot - {}
RESULT: {"using":"xpath","value":"(//span[contains(@id, \"imgNav\")])[1]"}
COMMAND: POST /session/9f4c84e4ae75e749cefc69cbdd96fe2c/element/f.92C64C74BFFB4A8B431616FE9F273F76.d.A0713E71415FACECE42E4DCD146944D3.e.26131/click - {}
RESULT: {}
RESULT: {}
COMMAND: GET /session/9f4c84e4ae75e749cefc69cbdd96fe2c/screenshot - {}
RESULT: {}
COMMAND: POST /session/9f4c84e4ae75e749cefc69cbdd96fe2c/element - {"using":"xpath","value":"//tr[@data-kt=\"productsColumnListItem\"]//td//span[contains(@id, \"imgNav\")][1]"}
RESULT: {"using":"xpath","value":"//tr[@data-kt=\"productsColumnListItem\"]//td//span[contains(@id, \"imgNav\")][1]"}
COMMAND: POST /session/9f4c84e4ae75e749cefc69cbdd96fe2c/element/f.92C64C74BFFB4A8B431616FE9F273F76.d.A0713E71415FACECE42E4DCD146944D3.e.26269/click - {}
RESULT: {}
COMMAND: GET /session/9f4c84e4ae75e749cefc69cbdd96fe2c/screenshot - {}
RESULT: {}
COMMAND: POST /session/9f4c84e4ae75e749cefc69cbdd96fe2c/element - {"using":"xpath","value":"//section[contains(@id, \"application-managecontracts-display-component---BillingItem--ObjectPageLayout-OPHeaderContent\")]/div/div/div/div/div[2]/div/div[2]/span"}
RESULT: {"using":"xpath","value":"//section[contains(@id, \"application-managecontracts-display-component---BillingItem--ObjectPageLayout-OPHeaderContent\")]/div/div/div/div/div[2]/div/div[2]/span"}
COMMAND: POST /session/9f4c84e4ae75e749cefc69cbdd96fe2c/execute/sync - {"script":"<script> [56 bytes]","args":[{"element-6066-11e4-a52e-4f735466cecf":"f.92C64C74BFFB4A8B431616FE9F273F76.d.A0713E71415FACECE42E4DCD146944D3.e.26400","ELEMENT":"f.92C64C74BFFB4A8B431616FE9F273F76.d.A0713E71415FACECE42E4DCD146944D3.e.26400"}]}
RESULT: {"script":"<script> [56 bytes]","args":[{"element-6066-11e4-a52e-4f735466cecf":"f.92C64C74BFFB4A8B431616FE9F273F76.d.A0713E71415FACECE42E4DCD146944D3.e.26400","ELEMENT":"f.92C64C74BFFB4A8B431616FE9F273F76.d.A0713E71415FACECE42E4DCD146944D3.e.26400"}]}
COMMAND: POST /session/9f4c84e4ae75e749cefc69cbdd96fe2c/element - {"using":"xpath","value":"//table[contains(@id, \"application-managecontracts-display-component---BillingItem--billingList-listUl\")]//td//*[contains(text(), \"final billed\")]"}
COMMAND: GET /session/9f4c84e4ae75e749cefc69cbdd96fe2c/screenshot - {}
RESULT: {"using":"xpath","value":"//table[contains(@id, \"application-managecontracts-display-component---BillingItem--billingList-listUl\")]//td//*[contains(text(), \"final billed\")]"}
COMMAND: POST /session/9f4c84e4ae75e749cefc69cbdd96fe2c/execute/sync - {"script":"<script> [56 bytes]","args":[{"element-6066-11e4-a52e-4f735466cecf":"f.92C64C74BFFB4A8B431616FE9F273F76.d.A0713E71415FACECE42E4DCD146944D3.e.26401","ELEMENT":"f.92C64C74BFFB4A8B431616FE9F273F76.d.A0713E71415FACECE42E4DCD146944D3.e.26401"}]}
RESULT: {}
RESULT: {"script":"<script> [56 bytes]","args":[{"element-6066-11e4-a52e-4f735466cecf":"f.92C64C74BFFB4A8B431616FE9F273F76.d.A0713E71415FACECE42E4DCD146944D3.e.26401","ELEMENT":"f.92C64C74BFFB4A8B431616FE9F273F76.d.A0713E71415FACECE42E4DCD146944D3.e.26401"}]}
COMMAND: POST /session/9f4c84e4ae75e749cefc69cbdd96fe2c/element - {"using":"css selector","value":"#shell-header-logo"}
COMMAND: GET /session/9f4c84e4ae75e749cefc69cbdd96fe2c/screenshot - {}
RESULT: {"using":"css selector","value":"#shell-header-logo"}
COMMAND: POST /session/9f4c84e4ae75e749cefc69cbdd96fe2c/element/f.92C64C74BFFB4A8B431616FE9F273F76.d.A0713E71415FACECE42E4DCD146944D3.e.26030/click - {}
RESULT: {}
RESULT: {}
COMMAND: GET /session/9f4c84e4ae75e749cefc69cbdd96fe2c/screenshot - {}
RESULT: {}
COMMAND: DELETE /session/9f4c84e4ae75e749cefc69cbdd96fe2c - {}
RESULT: {}
]]></system-out>
    </testcase>
  </testsuite>
</testsuites>