<?xml version="1.0" encoding="UTF-8"?>
<testsuites tests="9" failures="2" errors="2" skipped="0">
  <testsuite timestamp="2025-05-24T15:36:51" time="797.738" tests="8" failures="1" errors="1" skipped="0">
    <properties>
      <property name="specId" value="0"/>
      <property name="suiteName" value="Create masterdata for Yard Overview - trigger provide US130988"/>
      <property name="capabilities" value="chrome.136_0_7103_93.windows"/>
      <property name="file" value="file:///D:/a/1/s/test/specs/HTR/yard-overview-trigger.spec.js"/>
    </properties>
    <testcase classname="chrome.136_0_7103_93.windows.Create_masterdata_for_Yard_Overview_-_trigger_provide_US130988" name="Should create a new yard" time="131.246">
      <system-out><![CDATA[
COMMAND: POST /session/0a296c8df6193005a2b2e718ebd9da63/window/fullscreen - {}
RESULT: {}
COMMAND: POST /session/0a296c8df6193005a2b2e718ebd9da63/execute/async - {"script":"<script> [1562 bytes]","args":[{"selector":{"controlType":"sap.m.GenericTile","properties":{"header":"Manage Yards"}},"wdio_ui5_key":"sapm.GenericTile{\"header\":\"Manage Yards\"}"}]}
RESULT: {"script":"<script> [1562 bytes]","args":[{"selector":{"controlType":"sap.m.GenericTile","properties":{"header":"Manage Yards"}},"wdio_ui5_key":"sapm.GenericTile{\"header\":\"Manage Yards\"}"}]}
RESULT: undefined
COMMAND: POST /session/0a296c8df6193005a2b2e718ebd9da63/element - {"using":"xpath","value":"//*[@id=\"__tile41\"]"}
RESULT: {"using":"xpath","value":"//*[@id=\"__tile41\"]"}
COMMAND: POST /session/0a296c8df6193005a2b2e718ebd9da63/element/f.F27C4DBABD9006445730EE8458C4CD46.d.9D67BBCAA0244E63C0EC73486A76C2F4.e.128/click - {}
RESULT: {}
COMMAND: GET /session/0a296c8df6193005a2b2e718ebd9da63/screenshot - {}
RESULT: {}
COMMAND: POST /session/0a296c8df6193005a2b2e718ebd9da63/elements - {"using":"xpath","value":"//span[text()='Error']"}
RESULT: {"using":"xpath","value":"//span[text()='Error']"}
COMMAND: POST /session/0a296c8df6193005a2b2e718ebd9da63/element - {"using":"xpath","value":"//button[@data-kt=\"addNewYardOverflowToolbarButton\"]"}
RESULT: {"using":"xpath","value":"//button[@data-kt=\"addNewYardOverflowToolbarButton\"]"}
COMMAND: POST /session/0a296c8df6193005a2b2e718ebd9da63/elements - {"using":"xpath","value":"//button[@data-kt=\"addNewYardOverflowToolbarButton\"]"}
RESULT: {"using":"xpath","value":"//button[@data-kt=\"addNewYardOverflowToolbarButton\"]"}
COMMAND: POST /session/0a296c8df6193005a2b2e718ebd9da63/execute/sync - {"script":"<script> [8489 bytes]","args":[{"element-6066-11e4-a52e-4f735466cecf":"f.F27C4DBABD9006445730EE8458C4CD46.d.9D67BBCAA0244E63C0EC73486A76C2F4.e.268","ELEMENT":"f.F27C4DBABD9006445730EE8458C4CD46.d.9D67BBCAA0244E63C0EC73486A76C2F4.e.268"}]}
RESULT: {"script":"<script> [8489 bytes]","args":[{"element-6066-11e4-a52e-4f735466cecf":"f.F27C4DBABD9006445730EE8458C4CD46.d.9D67BBCAA0244E63C0EC73486A76C2F4.e.268","ELEMENT":"f.F27C4DBABD9006445730EE8458C4CD46.d.9D67BBCAA0244E63C0EC73486A76C2F4.e.268"}]}
COMMAND: GET /session/0a296c8df6193005a2b2e718ebd9da63/element/f.F27C4DBABD9006445730EE8458C4CD46.d.9D67BBCAA0244E63C0EC73486A76C2F4.e.268/enabled - {}
COMMAND: GET /session/0a296c8df6193005a2b2e718ebd9da63/screenshot - {}
RESULT: {}
COMMAND: POST /session/0a296c8df6193005a2b2e718ebd9da63/execute/sync - {"script":"<script> [8489 bytes]","args":[{"element-6066-11e4-a52e-4f735466cecf":"f.F27C4DBABD9006445730EE8458C4CD46.d.9D67BBCAA0244E63C0EC73486A76C2F4.e.268","ELEMENT":"f.F27C4DBABD9006445730EE8458C4CD46.d.9D67BBCAA0244E63C0EC73486A76C2F4.e.268"}]}
COMMAND: GET /session/0a296c8df6193005a2b2e718ebd9da63/screenshot - {}
RESULT: {}
RESULT: {"script":"<script> [8489 bytes]","args":[{"element-6066-11e4-a52e-4f735466cecf":"f.F27C4DBABD9006445730EE8458C4CD46.d.9D67BBCAA0244E63C0EC73486A76C2F4.e.268","ELEMENT":"f.F27C4DBABD9006445730EE8458C4CD46.d.9D67BBCAA0244E63C0EC73486A76C2F4.e.268"}]}
COMMAND: POST /session/0a296c8df6193005a2b2e718ebd9da63/execute/sync - {"script":"<script> [5351 bytes]","args":[{"element-6066-11e4-a52e-4f735466cecf":"f.F27C4DBABD9006445730EE8458C4CD46.d.9D67BBCAA0244E63C0EC73486A76C2F4.e.268","ELEMENT":"f.F27C4DBABD9006445730EE8458C4CD46.d.9D67BBCAA0244E63C0EC73486A76C2F4.e.268"}]}
COMMAND: GET /session/0a296c8df6193005a2b2e718ebd9da63/screenshot - {}
RESULT: {}
RESULT: {"script":"<script> [5351 bytes]","args":[{"element-6066-11e4-a52e-4f735466cecf":"f.F27C4DBABD9006445730EE8458C4CD46.d.9D67BBCAA0244E63C0EC73486A76C2F4.e.268","ELEMENT":"f.F27C4DBABD9006445730EE8458C4CD46.d.9D67BBCAA0244E63C0EC73486A76C2F4.e.268"}]}
COMMAND: POST /session/0a296c8df6193005a2b2e718ebd9da63/element/f.F27C4DBABD9006445730EE8458C4CD46.d.9D67BBCAA0244E63C0EC73486A76C2F4.e.268/click - {}
COMMAND: GET /session/0a296c8df6193005a2b2e718ebd9da63/screenshot - {}
RESULT: {}
RESULT: {}
COMMAND: GET /session/0a296c8df6193005a2b2e718ebd9da63/screenshot - {}
RESULT: {}
COMMAND: POST /session/0a296c8df6193005a2b2e718ebd9da63/element - {"using":"xpath","value":"//input[@id=\"application-manageyards-display-component---NewYard--yardId-inner\"]"}
RESULT: {}
RESULT: {"using":"xpath","value":"//input[@id=\"application-manageyards-display-component---NewYard--yardId-inner\"]"}
COMMAND: POST /session/0a296c8df6193005a2b2e718ebd9da63/element - {"using":"xpath","value":"//input[@id=\"application-manageyards-display-component---NewYard--yardId-inner\"]"}
RESULT: {"using":"xpath","value":"//input[@id=\"application-manageyards-display-component---NewYard--yardId-inner\"]"}
COMMAND: POST /session/0a296c8df6193005a2b2e718ebd9da63/execute/async - {"script":"<script> [1562 bytes]","args":[{"selector":{"id":"application-manageyards-display-component---NewYard--addressDetailDetailsName1","interaction":{"idSuffix":"inner"}},"wdio_ui5_key":"applicationmanageyards-display-component---NewYard--addressDetailDetailsName1"}]}
RESULT: {"script":"<script> [1562 bytes]","args":[{"selector":{"id":"application-manageyards-display-component---NewYard--addressDetailDetailsName1","interaction":{"idSuffix":"inner"}},"wdio_ui5_key":"applicationmanageyards-display-component---NewYard--addressDetailDetailsName1"}]}
RESULT: undefined
COMMAND: POST /session/0a296c8df6193005a2b2e718ebd9da63/execute/async - {"script":"<script> [776 bytes]","args":[{"enterText":"Other Yard WDIO","selector":{"id":"application-manageyards-display-component---NewYard--addressDetailDetailsName1","interaction":{"idSuffix":"inner"}},"clearTextFirst":true,"interactionType":"ENTER_TEXT"}]}
RESULT: {"script":"<script> [776 bytes]","args":[{"enterText":"Other Yard WDIO","selector":{"id":"application-manageyards-display-component---NewYard--addressDetailDetailsName1","interaction":{"idSuffix":"inner"}},"clearTextFirst":true,"interactionType":"ENTER_TEXT"}]}
COMMAND: POST /session/0a296c8df6193005a2b2e718ebd9da63/execute/async - {"script":"<script> [1562 bytes]","args":[{"selector":{"id":"application-manageyards-display-component---NewYard--addressDetailDetailsLanguage-arrow"},"wdio_ui5_key":"applicationmanageyards-display-component---NewYard--addressDetailDetailsLanguage-arrow"}]}
RESULT: {"script":"<script> [1562 bytes]","args":[{"selector":{"id":"application-manageyards-display-component---NewYard--addressDetailDetailsLanguage-arrow"},"wdio_ui5_key":"applicationmanageyards-display-component---NewYard--addressDetailDetailsLanguage-arrow"}]}
RESULT: undefined
COMMAND: POST /session/0a296c8df6193005a2b2e718ebd9da63/element - {"using":"xpath","value":"//*[@id=\"application-manageyards-display-component---NewYard--addressDetailDetailsLanguage-arrow\"]"}
RESULT: {"using":"xpath","value":"//*[@id=\"application-manageyards-display-component---NewYard--addressDetailDetailsLanguage-arrow\"]"}
COMMAND: POST /session/0a296c8df6193005a2b2e718ebd9da63/element/f.F27C4DBABD9006445730EE8458C4CD46.d.9D67BBCAA0244E63C0EC73486A76C2F4.e.710/click - {}
RESULT: {}
COMMAND: POST /session/0a296c8df6193005a2b2e718ebd9da63/element - {"using":"xpath","value":"//span[contains(text(), \"English\")]"}
COMMAND: GET /session/0a296c8df6193005a2b2e718ebd9da63/screenshot - {}
RESULT: {"using":"xpath","value":"//span[contains(text(), \"English\")]"}
COMMAND: POST /session/0a296c8df6193005a2b2e718ebd9da63/element/f.F27C4DBABD9006445730EE8458C4CD46.d.9D67BBCAA0244E63C0EC73486A76C2F4.e.711/click - {}
RESULT: {}
RESULT: {}
COMMAND: POST /session/0a296c8df6193005a2b2e718ebd9da63/execute/async - {"script":"<script> [1562 bytes]","args":[{"selector":{"id":"application-manageyards-display-component---NewYard--addressDetailDetailsCity1","interaction":{"idSuffix":"inner"}},"wdio_ui5_key":"applicationmanageyards-display-component---NewYard--addressDetailDetailsCity1"}]}
COMMAND: GET /session/0a296c8df6193005a2b2e718ebd9da63/screenshot - {}
RESULT: {"script":"<script> [1562 bytes]","args":[{"selector":{"id":"application-manageyards-display-component---NewYard--addressDetailDetailsCity1","interaction":{"idSuffix":"inner"}},"wdio_ui5_key":"applicationmanageyards-display-component---NewYard--addressDetailDetailsCity1"}]}
RESULT: undefined
COMMAND: POST /session/0a296c8df6193005a2b2e718ebd9da63/execute/async - {"script":"<script> [776 bytes]","args":[{"enterText":"Rosario","selector":{"id":"application-manageyards-display-component---NewYard--addressDetailDetailsCity1","interaction":{"idSuffix":"inner"}},"clearTextFirst":true,"interactionType":"ENTER_TEXT"}]}
RESULT: {}
RESULT: {"script":"<script> [776 bytes]","args":[{"enterText":"Rosario","selector":{"id":"application-manageyards-display-component---NewYard--addressDetailDetailsCity1","interaction":{"idSuffix":"inner"}},"clearTextFirst":true,"interactionType":"ENTER_TEXT"}]}
COMMAND: POST /session/0a296c8df6193005a2b2e718ebd9da63/execute/async - {"script":"<script> [1562 bytes]","args":[{"selector":{"id":"application-manageyards-display-component---NewYard--addressDetailDetailsCountry-arrow"},"wdio_ui5_key":"applicationmanageyards-display-component---NewYard--addressDetailDetailsCountry-arrow"}]}
RESULT: {"script":"<script> [1562 bytes]","args":[{"selector":{"id":"application-manageyards-display-component---NewYard--addressDetailDetailsCountry-arrow"},"wdio_ui5_key":"applicationmanageyards-display-component---NewYard--addressDetailDetailsCountry-arrow"}]}
RESULT: undefined
COMMAND: POST /session/0a296c8df6193005a2b2e718ebd9da63/element - {"using":"xpath","value":"//*[@id=\"application-manageyards-display-component---NewYard--addressDetailDetailsCountry-arrow\"]"}
RESULT: {"using":"xpath","value":"//*[@id=\"application-manageyards-display-component---NewYard--addressDetailDetailsCountry-arrow\"]"}
COMMAND: POST /session/0a296c8df6193005a2b2e718ebd9da63/element/f.F27C4DBABD9006445730EE8458C4CD46.d.9D67BBCAA0244E63C0EC73486A76C2F4.e.713/click - {}
RESULT: {}
COMMAND: POST /session/0a296c8df6193005a2b2e718ebd9da63/element - {"using":"xpath","value":"//span[contains(text(), \"Argentina\")]"}
COMMAND: GET /session/0a296c8df6193005a2b2e718ebd9da63/screenshot - {}
RESULT: {"using":"xpath","value":"//span[contains(text(), \"Argentina\")]"}
COMMAND: POST /session/0a296c8df6193005a2b2e718ebd9da63/element/f.F27C4DBABD9006445730EE8458C4CD46.d.9D67BBCAA0244E63C0EC73486A76C2F4.e.714/click - {}
RESULT: {}
RESULT: {}
COMMAND: POST /session/0a296c8df6193005a2b2e718ebd9da63/execute/async - {"script":"<script> [1562 bytes]","args":[{"selector":{"id":"application-manageyards-display-component---NewYard--addressEditDetailsCostObjectCstType-arrow"},"wdio_ui5_key":"applicationmanageyards-display-component---NewYard--addressEditDetailsCostObjectCstType-arrow"}]}
COMMAND: GET /session/0a296c8df6193005a2b2e718ebd9da63/screenshot - {}
RESULT: {"script":"<script> [1562 bytes]","args":[{"selector":{"id":"application-manageyards-display-component---NewYard--addressEditDetailsCostObjectCstType-arrow"},"wdio_ui5_key":"applicationmanageyards-display-component---NewYard--addressEditDetailsCostObjectCstType-arrow"}]}
RESULT: undefined
COMMAND: POST /session/0a296c8df6193005a2b2e718ebd9da63/element - {"using":"xpath","value":"//*[@id=\"application-manageyards-display-component---NewYard--addressEditDetailsCostObjectCstType-arrow\"]"}
RESULT: {}
RESULT: {"using":"xpath","value":"//*[@id=\"application-manageyards-display-component---NewYard--addressEditDetailsCostObjectCstType-arrow\"]"}
COMMAND: POST /session/0a296c8df6193005a2b2e718ebd9da63/element/f.F27C4DBABD9006445730EE8458C4CD46.d.9D67BBCAA0244E63C0EC73486A76C2F4.e.716/click - {}
RESULT: {}
COMMAND: POST /session/0a296c8df6193005a2b2e718ebd9da63/element - {"using":"xpath","value":"//span[contains(text(), \"Cost Center\")]"}
COMMAND: GET /session/0a296c8df6193005a2b2e718ebd9da63/screenshot - {}
RESULT: {"using":"xpath","value":"//span[contains(text(), \"Cost Center\")]"}
COMMAND: POST /session/0a296c8df6193005a2b2e718ebd9da63/element/f.F27C4DBABD9006445730EE8458C4CD46.d.9D67BBCAA0244E63C0EC73486A76C2F4.e.717/click - {}
RESULT: {}
RESULT: {}
COMMAND: GET /session/0a296c8df6193005a2b2e718ebd9da63/screenshot - {}
RESULT: {}
COMMAND: POST /session/0a296c8df6193005a2b2e718ebd9da63/element - {"using":"xpath","value":"//span[@id=\"application-manageyards-display-component---NewYard--addressNewCostObjectCstID-vhi\"]"}
RESULT: {"using":"xpath","value":"//span[@id=\"application-manageyards-display-component---NewYard--addressNewCostObjectCstID-vhi\"]"}
COMMAND: POST /session/0a296c8df6193005a2b2e718ebd9da63/execute/sync - {"script":"<script> [8489 bytes]","args":[{"element-6066-11e4-a52e-4f735466cecf":"f.F27C4DBABD9006445730EE8458C4CD46.d.9D67BBCAA0244E63C0EC73486A76C2F4.e.721","ELEMENT":"f.F27C4DBABD9006445730EE8458C4CD46.d.9D67BBCAA0244E63C0EC73486A76C2F4.e.721"}]}
RESULT: {"script":"<script> [8489 bytes]","args":[{"element-6066-11e4-a52e-4f735466cecf":"f.F27C4DBABD9006445730EE8458C4CD46.d.9D67BBCAA0244E63C0EC73486A76C2F4.e.721","ELEMENT":"f.F27C4DBABD9006445730EE8458C4CD46.d.9D67BBCAA0244E63C0EC73486A76C2F4.e.721"}]}
COMMAND: POST /session/0a296c8df6193005a2b2e718ebd9da63/execute/async - {"script":"<script> [1562 bytes]","args":[{"selector":{"id":"application-manageyards-display-component---NewYard--addressNewCostObjectCstID-vhi"},"wdio_ui5_key":"applicationmanageyards-display-component---NewYard--addressNewCostObjectCstID-vhi"}]}
COMMAND: GET /session/0a296c8df6193005a2b2e718ebd9da63/screenshot - {}
RESULT: {"script":"<script> [1562 bytes]","args":[{"selector":{"id":"application-manageyards-display-component---NewYard--addressNewCostObjectCstID-vhi"},"wdio_ui5_key":"applicationmanageyards-display-component---NewYard--addressNewCostObjectCstID-vhi"}]}
RESULT: undefined
COMMAND: POST /session/0a296c8df6193005a2b2e718ebd9da63/element - {"using":"xpath","value":"//*[@id=\"application-manageyards-display-component---NewYard--addressNewCostObjectCstID-vhi\"]"}
RESULT: {}
RESULT: {"using":"xpath","value":"//*[@id=\"application-manageyards-display-component---NewYard--addressNewCostObjectCstID-vhi\"]"}
COMMAND: POST /session/0a296c8df6193005a2b2e718ebd9da63/element/f.F27C4DBABD9006445730EE8458C4CD46.d.9D67BBCAA0244E63C0EC73486A76C2F4.e.721/click - {}
RESULT: {}
COMMAND: GET /session/0a296c8df6193005a2b2e718ebd9da63/screenshot - {}
RESULT: {}
COMMAND: POST /session/0a296c8df6193005a2b2e718ebd9da63/execute/async - {"script":"<script> [1562 bytes]","args":[{"selector":{"controlType":"sap.m.SearchField","properties":{"placeholder":"Search"},"searchOpenDialogs":true,"interaction":{"idSuffix":"I"}},"wdio_ui5_key":"sapm.SearchField{\"placeholder\":\"Search\"}"}]}
RESULT: {"script":"<script> [1562 bytes]","args":[{"selector":{"controlType":"sap.m.SearchField","properties":{"placeholder":"Search"},"searchOpenDialogs":true,"interaction":{"idSuffix":"I"}},"wdio_ui5_key":"sapm.SearchField{\"placeholder\":\"Search\"}"}]}
RESULT: undefined
COMMAND: POST /session/0a296c8df6193005a2b2e718ebd9da63/execute/async - {"script":"<script> [776 bytes]","args":[{"enterText":"bauh_b","selector":{"controlType":"sap.m.SearchField","properties":{"placeholder":"Search"},"searchOpenDialogs":true,"interaction":{"idSuffix":"I"}},"clearTextFirst":true,"interactionType":"ENTER_TEXT"}]}
RESULT: {"script":"<script> [776 bytes]","args":[{"enterText":"bauh_b","selector":{"controlType":"sap.m.SearchField","properties":{"placeholder":"Search"},"searchOpenDialogs":true,"interaction":{"idSuffix":"I"}},"clearTextFirst":true,"interactionType":"ENTER_TEXT"}]}
COMMAND: POST /session/0a296c8df6193005a2b2e718ebd9da63/actions - {"actions":[{"id":"action1","type":"key","parameters":{},"actions":[{"type":"keyDown","value":""},{"type":"pause","duration":10},{"type":"keyUp","value":""}]}]}
RESULT: {"actions":[{"id":"action1","type":"key","parameters":{},"actions":[{"type":"keyDown","value":""},{"type":"pause","duration":10},{"type":"keyUp","value":""}]}]}
COMMAND: GET /session/0a296c8df6193005a2b2e718ebd9da63/screenshot - {}
RESULT: {}
COMMAND: POST /session/0a296c8df6193005a2b2e718ebd9da63/element - {"using":"xpath","value":"//span[contains(text(), \"Demo Yard\")]"}
RESULT: {"using":"xpath","value":"//span[contains(text(), \"Demo Yard\")]"}
COMMAND: POST /session/0a296c8df6193005a2b2e718ebd9da63/element/f.F27C4DBABD9006445730EE8458C4CD46.d.9D67BBCAA0244E63C0EC73486A76C2F4.e.761/click - {}
RESULT: {}
COMMAND: GET /session/0a296c8df6193005a2b2e718ebd9da63/screenshot - {}
RESULT: {}
COMMAND: POST /session/0a296c8df6193005a2b2e718ebd9da63/element - {"using":"xpath","value":"//bdi[contains(text(), \"OK\")]"}
RESULT: {"using":"xpath","value":"//bdi[contains(text(), \"OK\")]"}
COMMAND: POST /session/0a296c8df6193005a2b2e718ebd9da63/element/f.F27C4DBABD9006445730EE8458C4CD46.d.9D67BBCAA0244E63C0EC73486A76C2F4.e.762/click - {}
RESULT: {}
COMMAND: GET /session/0a296c8df6193005a2b2e718ebd9da63/screenshot - {}
RESULT: {}
COMMAND: POST /session/0a296c8df6193005a2b2e718ebd9da63/execute/async - {"script":"<script> [1562 bytes]","args":[{"selector":{"id":"application-manageyards-display-component---NewYard--addressEditDetailsCurrency-arrow"},"wdio_ui5_key":"applicationmanageyards-display-component---NewYard--addressEditDetailsCurrency-arrow"}]}
RESULT: {"script":"<script> [1562 bytes]","args":[{"selector":{"id":"application-manageyards-display-component---NewYard--addressEditDetailsCurrency-arrow"},"wdio_ui5_key":"applicationmanageyards-display-component---NewYard--addressEditDetailsCurrency-arrow"}]}
RESULT: undefined
COMMAND: POST /session/0a296c8df6193005a2b2e718ebd9da63/element - {"using":"xpath","value":"//*[@id=\"application-manageyards-display-component---NewYard--addressEditDetailsCurrency-arrow\"]"}
RESULT: {"using":"xpath","value":"//*[@id=\"application-manageyards-display-component---NewYard--addressEditDetailsCurrency-arrow\"]"}
COMMAND: POST /session/0a296c8df6193005a2b2e718ebd9da63/element/f.F27C4DBABD9006445730EE8458C4CD46.d.9D67BBCAA0244E63C0EC73486A76C2F4.e.765/click - {}
RESULT: {}
COMMAND: POST /session/0a296c8df6193005a2b2e718ebd9da63/element - {"using":"xpath","value":"//span[contains(text(), \"Euro\")]"}
COMMAND: GET /session/0a296c8df6193005a2b2e718ebd9da63/screenshot - {}
RESULT: {"using":"xpath","value":"//span[contains(text(), \"Euro\")]"}
COMMAND: POST /session/0a296c8df6193005a2b2e718ebd9da63/element/f.F27C4DBABD9006445730EE8458C4CD46.d.9D67BBCAA0244E63C0EC73486A76C2F4.e.766/click - {}
RESULT: {}
RESULT: {}
COMMAND: POST /session/0a296c8df6193005a2b2e718ebd9da63/execute/async - {"script":"<script> [1562 bytes]","args":[{"selector":{"controlType":"sap.m.Input","viewName":"etm.portal.ui.manageyards.view.New","viewId":"application-manageyards-display-component---NewYard","bindingPath":{"path":"","propertyPath":"/CONTROLLING_AREA","modelName":"NewYardModel"},"interaction":{"idSuffix":"inner"}},"wdio_ui5_key":"etmportal.ui.manageyards.view.Newsap.m.Input{\"path\":\"\",\"propertyPath\":\"/CONTROLLING_AREA\",\"modelName\":\"NewYardModel\"}"}]}
COMMAND: GET /session/0a296c8df6193005a2b2e718ebd9da63/screenshot - {}
RESULT: {"script":"<script> [1562 bytes]","args":[{"selector":{"controlType":"sap.m.Input","viewName":"etm.portal.ui.manageyards.view.New","viewId":"application-manageyards-display-component---NewYard","bindingPath":{"path":"","propertyPath":"/CONTROLLING_AREA","modelName":"NewYardModel"},"interaction":{"idSuffix":"inner"}},"wdio_ui5_key":"etmportal.ui.manageyards.view.Newsap.m.Input{\"path\":\"\",\"propertyPath\":\"/CONTROLLING_AREA\",\"modelName\":\"NewYardModel\"}"}]}
RESULT: undefined
COMMAND: POST /session/0a296c8df6193005a2b2e718ebd9da63/execute/async - {"script":"<script> [776 bytes]","args":[{"enterText":"Z001","selector":{"controlType":"sap.m.Input","viewName":"etm.portal.ui.manageyards.view.New","viewId":"application-manageyards-display-component---NewYard","bindingPath":{"path":"","propertyPath":"/CONTROLLING_AREA","modelName":"NewYardModel"},"interaction":{"idSuffix":"inner"}},"clearTextFirst":true,"interactionType":"ENTER_TEXT"}]}
RESULT: {}
RESULT: {"script":"<script> [776 bytes]","args":[{"enterText":"Z001","selector":{"controlType":"sap.m.Input","viewName":"etm.portal.ui.manageyards.view.New","viewId":"application-manageyards-display-component---NewYard","bindingPath":{"path":"","propertyPath":"/CONTROLLING_AREA","modelName":"NewYardModel"},"interaction":{"idSuffix":"inner"}},"clearTextFirst":true,"interactionType":"ENTER_TEXT"}]}
COMMAND: POST /session/0a296c8df6193005a2b2e718ebd9da63/execute/async - {"script":"<script> [1562 bytes]","args":[{"selector":{"id":"application-manageyards-display-component---NewYard--companyCodeComboBox","interaction":{"idSuffix":"inner"}},"wdio_ui5_key":"applicationmanageyards-display-component---NewYard--companyCodeComboBox"}]}
RESULT: {"script":"<script> [1562 bytes]","args":[{"selector":{"id":"application-manageyards-display-component---NewYard--companyCodeComboBox","interaction":{"idSuffix":"inner"}},"wdio_ui5_key":"applicationmanageyards-display-component---NewYard--companyCodeComboBox"}]}
RESULT: undefined
COMMAND: POST /session/0a296c8df6193005a2b2e718ebd9da63/execute/async - {"script":"<script> [776 bytes]","args":[{"enterText":"1000","selector":{"id":"application-manageyards-display-component---NewYard--companyCodeComboBox","interaction":{"idSuffix":"inner"}},"clearTextFirst":true,"interactionType":"ENTER_TEXT"}]}
RESULT: {"script":"<script> [776 bytes]","args":[{"enterText":"1000","selector":{"id":"application-manageyards-display-component---NewYard--companyCodeComboBox","interaction":{"idSuffix":"inner"}},"clearTextFirst":true,"interactionType":"ENTER_TEXT"}]}
COMMAND: POST /session/0a296c8df6193005a2b2e718ebd9da63/execute/async - {"script":"<script> [1562 bytes]","args":[{"selector":{"controlType":"sap.m.Input","viewName":"etm.portal.ui.manageyards.view.New","viewId":"application-manageyards-display-component---NewYard","bindingPath":{"path":"","propertyPath":"/PLANT","modelName":"NewYardModel"},"interaction":{"idSuffix":"inner"}},"wdio_ui5_key":"etmportal.ui.manageyards.view.Newsap.m.Input{\"path\":\"\",\"propertyPath\":\"/PLANT\",\"modelName\":\"NewYardModel\"}"}]}
RESULT: {"script":"<script> [1562 bytes]","args":[{"selector":{"controlType":"sap.m.Input","viewName":"etm.portal.ui.manageyards.view.New","viewId":"application-manageyards-display-component---NewYard","bindingPath":{"path":"","propertyPath":"/PLANT","modelName":"NewYardModel"},"interaction":{"idSuffix":"inner"}},"wdio_ui5_key":"etmportal.ui.manageyards.view.Newsap.m.Input{\"path\":\"\",\"propertyPath\":\"/PLANT\",\"modelName\":\"NewYardModel\"}"}]}
RESULT: undefined
COMMAND: POST /session/0a296c8df6193005a2b2e718ebd9da63/execute/async - {"script":"<script> [776 bytes]","args":[{"enterText":"1001","selector":{"controlType":"sap.m.Input","viewName":"etm.portal.ui.manageyards.view.New","viewId":"application-manageyards-display-component---NewYard","bindingPath":{"path":"","propertyPath":"/PLANT","modelName":"NewYardModel"},"interaction":{"idSuffix":"inner"}},"clearTextFirst":true,"interactionType":"ENTER_TEXT"}]}
RESULT: {"script":"<script> [776 bytes]","args":[{"enterText":"1001","selector":{"controlType":"sap.m.Input","viewName":"etm.portal.ui.manageyards.view.New","viewId":"application-manageyards-display-component---NewYard","bindingPath":{"path":"","propertyPath":"/PLANT","modelName":"NewYardModel"},"interaction":{"idSuffix":"inner"}},"clearTextFirst":true,"interactionType":"ENTER_TEXT"}]}
COMMAND: POST /session/0a296c8df6193005a2b2e718ebd9da63/execute/async - {"script":"<script> [1562 bytes]","args":[{"selector":{"controlType":"sap.m.Input","viewName":"etm.portal.ui.manageyards.view.New","viewId":"application-manageyards-display-component---NewYard","bindingPath":{"path":"","propertyPath":"/SALES_AREA_VKORG","modelName":"NewYardModel"},"interaction":{"idSuffix":"inner"}},"wdio_ui5_key":"etmportal.ui.manageyards.view.Newsap.m.Input{\"path\":\"\",\"propertyPath\":\"/SALES_AREA_VKORG\",\"modelName\":\"NewYardModel\"}"}]}
RESULT: {"script":"<script> [1562 bytes]","args":[{"selector":{"controlType":"sap.m.Input","viewName":"etm.portal.ui.manageyards.view.New","viewId":"application-manageyards-display-component---NewYard","bindingPath":{"path":"","propertyPath":"/SALES_AREA_VKORG","modelName":"NewYardModel"},"interaction":{"idSuffix":"inner"}},"wdio_ui5_key":"etmportal.ui.manageyards.view.Newsap.m.Input{\"path\":\"\",\"propertyPath\":\"/SALES_AREA_VKORG\",\"modelName\":\"NewYardModel\"}"}]}
RESULT: undefined
COMMAND: POST /session/0a296c8df6193005a2b2e718ebd9da63/execute/async - {"script":"<script> [776 bytes]","args":[{"enterText":"C002","selector":{"controlType":"sap.m.Input","viewName":"etm.portal.ui.manageyards.view.New","viewId":"application-manageyards-display-component---NewYard","bindingPath":{"path":"","propertyPath":"/SALES_AREA_VKORG","modelName":"NewYardModel"},"interaction":{"idSuffix":"inner"}},"clearTextFirst":true,"interactionType":"ENTER_TEXT"}]}
RESULT: {"script":"<script> [776 bytes]","args":[{"enterText":"C002","selector":{"controlType":"sap.m.Input","viewName":"etm.portal.ui.manageyards.view.New","viewId":"application-manageyards-display-component---NewYard","bindingPath":{"path":"","propertyPath":"/SALES_AREA_VKORG","modelName":"NewYardModel"},"interaction":{"idSuffix":"inner"}},"clearTextFirst":true,"interactionType":"ENTER_TEXT"}]}
COMMAND: POST /session/0a296c8df6193005a2b2e718ebd9da63/execute/async - {"script":"<script> [1562 bytes]","args":[{"selector":{"controlType":"sap.m.Input","viewName":"etm.portal.ui.manageyards.view.New","viewId":"application-manageyards-display-component---NewYard","bindingPath":{"path":"","propertyPath":"/SALES_AREA_VTWEG","modelName":"NewYardModel"},"interaction":{"idSuffix":"inner"}},"wdio_ui5_key":"etmportal.ui.manageyards.view.Newsap.m.Input{\"path\":\"\",\"propertyPath\":\"/SALES_AREA_VTWEG\",\"modelName\":\"NewYardModel\"}"}]}
RESULT: {"script":"<script> [1562 bytes]","args":[{"selector":{"controlType":"sap.m.Input","viewName":"etm.portal.ui.manageyards.view.New","viewId":"application-manageyards-display-component---NewYard","bindingPath":{"path":"","propertyPath":"/SALES_AREA_VTWEG","modelName":"NewYardModel"},"interaction":{"idSuffix":"inner"}},"wdio_ui5_key":"etmportal.ui.manageyards.view.Newsap.m.Input{\"path\":\"\",\"propertyPath\":\"/SALES_AREA_VTWEG\",\"modelName\":\"NewYardModel\"}"}]}
RESULT: undefined
COMMAND: POST /session/0a296c8df6193005a2b2e718ebd9da63/execute/async - {"script":"<script> [776 bytes]","args":[{"enterText":"C2","selector":{"controlType":"sap.m.Input","viewName":"etm.portal.ui.manageyards.view.New","viewId":"application-manageyards-display-component---NewYard","bindingPath":{"path":"","propertyPath":"/SALES_AREA_VTWEG","modelName":"NewYardModel"},"interaction":{"idSuffix":"inner"}},"clearTextFirst":true,"interactionType":"ENTER_TEXT"}]}
RESULT: {"script":"<script> [776 bytes]","args":[{"enterText":"C2","selector":{"controlType":"sap.m.Input","viewName":"etm.portal.ui.manageyards.view.New","viewId":"application-manageyards-display-component---NewYard","bindingPath":{"path":"","propertyPath":"/SALES_AREA_VTWEG","modelName":"NewYardModel"},"interaction":{"idSuffix":"inner"}},"clearTextFirst":true,"interactionType":"ENTER_TEXT"}]}
COMMAND: POST /session/0a296c8df6193005a2b2e718ebd9da63/execute/async - {"script":"<script> [1562 bytes]","args":[{"selector":{"controlType":"sap.m.Input","viewName":"etm.portal.ui.manageyards.view.New","viewId":"application-manageyards-display-component---NewYard","bindingPath":{"path":"","propertyPath":"/SALES_AREA_SPART","modelName":"NewYardModel"},"interaction":{"idSuffix":"inner"}},"wdio_ui5_key":"etmportal.ui.manageyards.view.Newsap.m.Input{\"path\":\"\",\"propertyPath\":\"/SALES_AREA_SPART\",\"modelName\":\"NewYardModel\"}"}]}
RESULT: {"script":"<script> [1562 bytes]","args":[{"selector":{"controlType":"sap.m.Input","viewName":"etm.portal.ui.manageyards.view.New","viewId":"application-manageyards-display-component---NewYard","bindingPath":{"path":"","propertyPath":"/SALES_AREA_SPART","modelName":"NewYardModel"},"interaction":{"idSuffix":"inner"}},"wdio_ui5_key":"etmportal.ui.manageyards.view.Newsap.m.Input{\"path\":\"\",\"propertyPath\":\"/SALES_AREA_SPART\",\"modelName\":\"NewYardModel\"}"}]}
RESULT: undefined
COMMAND: POST /session/0a296c8df6193005a2b2e718ebd9da63/execute/async - {"script":"<script> [776 bytes]","args":[{"enterText":"C2","selector":{"controlType":"sap.m.Input","viewName":"etm.portal.ui.manageyards.view.New","viewId":"application-manageyards-display-component---NewYard","bindingPath":{"path":"","propertyPath":"/SALES_AREA_SPART","modelName":"NewYardModel"},"interaction":{"idSuffix":"inner"}},"clearTextFirst":true,"interactionType":"ENTER_TEXT"}]}
RESULT: {"script":"<script> [776 bytes]","args":[{"enterText":"C2","selector":{"controlType":"sap.m.Input","viewName":"etm.portal.ui.manageyards.view.New","viewId":"application-manageyards-display-component---NewYard","bindingPath":{"path":"","propertyPath":"/SALES_AREA_SPART","modelName":"NewYardModel"},"interaction":{"idSuffix":"inner"}},"clearTextFirst":true,"interactionType":"ENTER_TEXT"}]}
COMMAND: POST /session/0a296c8df6193005a2b2e718ebd9da63/execute/async - {"script":"<script> [1562 bytes]","args":[{"selector":{"controlType":"sap.m.Input","viewName":"etm.portal.ui.manageyards.view.New","viewId":"application-manageyards-display-component---NewYard","bindingPath":{"path":"","propertyPath":"/SHIP_POINT","modelName":"NewYardModel"},"interaction":{"idSuffix":"inner"}},"wdio_ui5_key":"etmportal.ui.manageyards.view.Newsap.m.Input{\"path\":\"\",\"propertyPath\":\"/SHIP_POINT\",\"modelName\":\"NewYardModel\"}"}]}
RESULT: {"script":"<script> [1562 bytes]","args":[{"selector":{"controlType":"sap.m.Input","viewName":"etm.portal.ui.manageyards.view.New","viewId":"application-manageyards-display-component---NewYard","bindingPath":{"path":"","propertyPath":"/SHIP_POINT","modelName":"NewYardModel"},"interaction":{"idSuffix":"inner"}},"wdio_ui5_key":"etmportal.ui.manageyards.view.Newsap.m.Input{\"path\":\"\",\"propertyPath\":\"/SHIP_POINT\",\"modelName\":\"NewYardModel\"}"}]}
RESULT: undefined
COMMAND: POST /session/0a296c8df6193005a2b2e718ebd9da63/execute/async - {"script":"<script> [776 bytes]","args":[{"enterText":"1710","selector":{"controlType":"sap.m.Input","viewName":"etm.portal.ui.manageyards.view.New","viewId":"application-manageyards-display-component---NewYard","bindingPath":{"path":"","propertyPath":"/SHIP_POINT","modelName":"NewYardModel"},"interaction":{"idSuffix":"inner"}},"clearTextFirst":true,"interactionType":"ENTER_TEXT"}]}
RESULT: {"script":"<script> [776 bytes]","args":[{"enterText":"1710","selector":{"controlType":"sap.m.Input","viewName":"etm.portal.ui.manageyards.view.New","viewId":"application-manageyards-display-component---NewYard","bindingPath":{"path":"","propertyPath":"/SHIP_POINT","modelName":"NewYardModel"},"interaction":{"idSuffix":"inner"}},"clearTextFirst":true,"interactionType":"ENTER_TEXT"}]}
COMMAND: POST /session/0a296c8df6193005a2b2e718ebd9da63/execute/async - {"script":"<script> [1562 bytes]","args":[{"selector":{"controlType":"sap.m.Input","viewName":"etm.portal.ui.manageyards.view.New","viewId":"application-manageyards-display-component---NewYard","bindingPath":{"path":"","propertyPath":"/DELIVERY_TYPE","modelName":"NewYardModel"},"interaction":{"idSuffix":"inner"}},"wdio_ui5_key":"etmportal.ui.manageyards.view.Newsap.m.Input{\"path\":\"\",\"propertyPath\":\"/DELIVERY_TYPE\",\"modelName\":\"NewYardModel\"}"}]}
RESULT: {"script":"<script> [1562 bytes]","args":[{"selector":{"controlType":"sap.m.Input","viewName":"etm.portal.ui.manageyards.view.New","viewId":"application-manageyards-display-component---NewYard","bindingPath":{"path":"","propertyPath":"/DELIVERY_TYPE","modelName":"NewYardModel"},"interaction":{"idSuffix":"inner"}},"wdio_ui5_key":"etmportal.ui.manageyards.view.Newsap.m.Input{\"path\":\"\",\"propertyPath\":\"/DELIVERY_TYPE\",\"modelName\":\"NewYardModel\"}"}]}
RESULT: undefined
COMMAND: POST /session/0a296c8df6193005a2b2e718ebd9da63/execute/async - {"script":"<script> [776 bytes]","args":[{"enterText":"ZL01","selector":{"controlType":"sap.m.Input","viewName":"etm.portal.ui.manageyards.view.New","viewId":"application-manageyards-display-component---NewYard","bindingPath":{"path":"","propertyPath":"/DELIVERY_TYPE","modelName":"NewYardModel"},"interaction":{"idSuffix":"inner"}},"clearTextFirst":true,"interactionType":"ENTER_TEXT"}]}
RESULT: {"script":"<script> [776 bytes]","args":[{"enterText":"ZL01","selector":{"controlType":"sap.m.Input","viewName":"etm.portal.ui.manageyards.view.New","viewId":"application-manageyards-display-component---NewYard","bindingPath":{"path":"","propertyPath":"/DELIVERY_TYPE","modelName":"NewYardModel"},"interaction":{"idSuffix":"inner"}},"clearTextFirst":true,"interactionType":"ENTER_TEXT"}]}
COMMAND: POST /session/0a296c8df6193005a2b2e718ebd9da63/execute/async - {"script":"<script> [1562 bytes]","args":[{"selector":{"controlType":"sap.m.Input","viewName":"etm.portal.ui.manageyards.view.New","viewId":"application-manageyards-display-component---NewYard","bindingPath":{"path":"","propertyPath":"/AUART","modelName":"NewYardModel"},"interaction":{"idSuffix":"inner"}},"wdio_ui5_key":"etmportal.ui.manageyards.view.Newsap.m.Input{\"path\":\"\",\"propertyPath\":\"/AUART\",\"modelName\":\"NewYardModel\"}"}]}
RESULT: {"script":"<script> [1562 bytes]","args":[{"selector":{"controlType":"sap.m.Input","viewName":"etm.portal.ui.manageyards.view.New","viewId":"application-manageyards-display-component---NewYard","bindingPath":{"path":"","propertyPath":"/AUART","modelName":"NewYardModel"},"interaction":{"idSuffix":"inner"}},"wdio_ui5_key":"etmportal.ui.manageyards.view.Newsap.m.Input{\"path\":\"\",\"propertyPath\":\"/AUART\",\"modelName\":\"NewYardModel\"}"}]}
RESULT: undefined
COMMAND: POST /session/0a296c8df6193005a2b2e718ebd9da63/execute/async - {"script":"<script> [776 bytes]","args":[{"enterText":"TA","selector":{"controlType":"sap.m.Input","viewName":"etm.portal.ui.manageyards.view.New","viewId":"application-manageyards-display-component---NewYard","bindingPath":{"path":"","propertyPath":"/AUART","modelName":"NewYardModel"},"interaction":{"idSuffix":"inner"}},"clearTextFirst":true,"interactionType":"ENTER_TEXT"}]}
RESULT: {"script":"<script> [776 bytes]","args":[{"enterText":"TA","selector":{"controlType":"sap.m.Input","viewName":"etm.portal.ui.manageyards.view.New","viewId":"application-manageyards-display-component---NewYard","bindingPath":{"path":"","propertyPath":"/AUART","modelName":"NewYardModel"},"interaction":{"idSuffix":"inner"}},"clearTextFirst":true,"interactionType":"ENTER_TEXT"}]}
COMMAND: POST /session/0a296c8df6193005a2b2e718ebd9da63/element - {"using":"xpath","value":"//button[@data-kt=\"newYardSaveButton\"]"}
RESULT: {"using":"xpath","value":"//button[@data-kt=\"newYardSaveButton\"]"}
COMMAND: POST /session/0a296c8df6193005a2b2e718ebd9da63/element/f.F27C4DBABD9006445730EE8458C4CD46.d.9D67BBCAA0244E63C0EC73486A76C2F4.e.694/click - {}
RESULT: {}
COMMAND: GET /session/0a296c8df6193005a2b2e718ebd9da63/screenshot - {}
RESULT: {}
COMMAND: POST /session/0a296c8df6193005a2b2e718ebd9da63/element - {"using":"xpath","value":"//header[contains(@id, 'ObjectPageLayout-headerTitle')]/div[1]/div[2]/div[1]/span[1]"}
RESULT: {"using":"xpath","value":"//header[contains(@id, 'ObjectPageLayout-headerTitle')]/div[1]/div[2]/div[1]/span[1]"}
COMMAND: POST /session/0a296c8df6193005a2b2e718ebd9da63/elements - {"using":"xpath","value":"//header[contains(@id, 'ObjectPageLayout-headerTitle')]/div[1]/div[2]/div[1]/span[1]"}
RESULT: {"using":"xpath","value":"//header[contains(@id, 'ObjectPageLayout-headerTitle')]/div[1]/div[2]/div[1]/span[1]"}
COMMAND: POST /session/0a296c8df6193005a2b2e718ebd9da63/execute/sync - {"script":"<script> [56 bytes]","args":[{"element-6066-11e4-a52e-4f735466cecf":"f.F27C4DBABD9006445730EE8458C4CD46.d.9D67BBCAA0244E63C0EC73486A76C2F4.e.983","ELEMENT":"f.F27C4DBABD9006445730EE8458C4CD46.d.9D67BBCAA0244E63C0EC73486A76C2F4.e.983"}]}
RESULT: {"script":"<script> [56 bytes]","args":[{"element-6066-11e4-a52e-4f735466cecf":"f.F27C4DBABD9006445730EE8458C4CD46.d.9D67BBCAA0244E63C0EC73486A76C2F4.e.983","ELEMENT":"f.F27C4DBABD9006445730EE8458C4CD46.d.9D67BBCAA0244E63C0EC73486A76C2F4.e.983"}]}
COMMAND: GET /session/0a296c8df6193005a2b2e718ebd9da63/screenshot - {}
RESULT: {}
COMMAND: POST /session/0a296c8df6193005a2b2e718ebd9da63/element - {"using":"css selector","value":"#shell-header-logo"}
RESULT: {"using":"css selector","value":"#shell-header-logo"}
COMMAND: POST /session/0a296c8df6193005a2b2e718ebd9da63/element/f.F27C4DBABD9006445730EE8458C4CD46.d.9D67BBCAA0244E63C0EC73486A76C2F4.e.237/click - {}
RESULT: {}
COMMAND: GET /session/0a296c8df6193005a2b2e718ebd9da63/screenshot - {}
RESULT: {}
COMMAND: POST /session/0a296c8df6193005a2b2e718ebd9da63/execute/sync - {"script":"<script> [299 bytes]","args":[["getModel","getResource"]]}
RESULT: {"script":"<script> [299 bytes]","args":[["getModel","getResource"]]}
]]></system-out>
    </testcase>
    <testcase classname="chrome.136_0_7103_93.windows.Create_masterdata_for_Yard_Overview_-_trigger_provide_US130988" name="Should create a new external partner" time="88.192">
      <system-out><![CDATA[
COMMAND: POST /session/0a296c8df6193005a2b2e718ebd9da63/window/fullscreen - {}
COMMAND: GET /session/0a296c8df6193005a2b2e718ebd9da63/screenshot - {}
RESULT: {}
COMMAND: POST /session/0a296c8df6193005a2b2e718ebd9da63/execute/async - {"script":"<script> [1562 bytes]","args":[{"selector":{"controlType":"sap.m.GenericTile","properties":{"header":"Manage Partners"}},"wdio_ui5_key":"sapm.GenericTile{\"header\":\"Manage Partners\"}"}]}
RESULT: {}
RESULT: {"script":"<script> [1562 bytes]","args":[{"selector":{"controlType":"sap.m.GenericTile","properties":{"header":"Manage Partners"}},"wdio_ui5_key":"sapm.GenericTile{\"header\":\"Manage Partners\"}"}]}
RESULT: undefined
COMMAND: POST /session/0a296c8df6193005a2b2e718ebd9da63/element - {"using":"xpath","value":"//*[@id=\"__tile38\"]"}
RESULT: {"using":"xpath","value":"//*[@id=\"__tile38\"]"}
COMMAND: POST /session/0a296c8df6193005a2b2e718ebd9da63/element/f.F27C4DBABD9006445730EE8458C4CD46.d.9D67BBCAA0244E63C0EC73486A76C2F4.e.119/click - {}
RESULT: {}
COMMAND: GET /session/0a296c8df6193005a2b2e718ebd9da63/screenshot - {}
RESULT: {}
COMMAND: POST /session/0a296c8df6193005a2b2e718ebd9da63/elements - {"using":"xpath","value":"//span[text()='Error']"}
RESULT: {"using":"xpath","value":"//span[text()='Error']"}
COMMAND: POST /session/0a296c8df6193005a2b2e718ebd9da63/element - {"using":"xpath","value":"//button[@data-kt=\"addButton\"]"}
RESULT: {"using":"xpath","value":"//button[@data-kt=\"addButton\"]"}
COMMAND: POST /session/0a296c8df6193005a2b2e718ebd9da63/elements - {"using":"xpath","value":"//button[@data-kt=\"addButton\"]"}
RESULT: {"using":"xpath","value":"//button[@data-kt=\"addButton\"]"}
COMMAND: POST /session/0a296c8df6193005a2b2e718ebd9da63/execute/sync - {"script":"<script> [8489 bytes]","args":[{"element-6066-11e4-a52e-4f735466cecf":"f.F27C4DBABD9006445730EE8458C4CD46.d.9D67BBCAA0244E63C0EC73486A76C2F4.e.1032","ELEMENT":"f.F27C4DBABD9006445730EE8458C4CD46.d.9D67BBCAA0244E63C0EC73486A76C2F4.e.1032"}]}
RESULT: {"script":"<script> [8489 bytes]","args":[{"element-6066-11e4-a52e-4f735466cecf":"f.F27C4DBABD9006445730EE8458C4CD46.d.9D67BBCAA0244E63C0EC73486A76C2F4.e.1032","ELEMENT":"f.F27C4DBABD9006445730EE8458C4CD46.d.9D67BBCAA0244E63C0EC73486A76C2F4.e.1032"}]}
COMMAND: GET /session/0a296c8df6193005a2b2e718ebd9da63/element/f.F27C4DBABD9006445730EE8458C4CD46.d.9D67BBCAA0244E63C0EC73486A76C2F4.e.1032/enabled - {}
COMMAND: GET /session/0a296c8df6193005a2b2e718ebd9da63/screenshot - {}
RESULT: {}
COMMAND: POST /session/0a296c8df6193005a2b2e718ebd9da63/execute/sync - {"script":"<script> [8489 bytes]","args":[{"element-6066-11e4-a52e-4f735466cecf":"f.F27C4DBABD9006445730EE8458C4CD46.d.9D67BBCAA0244E63C0EC73486A76C2F4.e.1032","ELEMENT":"f.F27C4DBABD9006445730EE8458C4CD46.d.9D67BBCAA0244E63C0EC73486A76C2F4.e.1032"}]}
COMMAND: GET /session/0a296c8df6193005a2b2e718ebd9da63/screenshot - {}
RESULT: {}
RESULT: {"script":"<script> [8489 bytes]","args":[{"element-6066-11e4-a52e-4f735466cecf":"f.F27C4DBABD9006445730EE8458C4CD46.d.9D67BBCAA0244E63C0EC73486A76C2F4.e.1032","ELEMENT":"f.F27C4DBABD9006445730EE8458C4CD46.d.9D67BBCAA0244E63C0EC73486A76C2F4.e.1032"}]}
COMMAND: POST /session/0a296c8df6193005a2b2e718ebd9da63/execute/sync - {"script":"<script> [5351 bytes]","args":[{"element-6066-11e4-a52e-4f735466cecf":"f.F27C4DBABD9006445730EE8458C4CD46.d.9D67BBCAA0244E63C0EC73486A76C2F4.e.1032","ELEMENT":"f.F27C4DBABD9006445730EE8458C4CD46.d.9D67BBCAA0244E63C0EC73486A76C2F4.e.1032"}]}
COMMAND: GET /session/0a296c8df6193005a2b2e718ebd9da63/screenshot - {}
RESULT: {}
RESULT: {"script":"<script> [5351 bytes]","args":[{"element-6066-11e4-a52e-4f735466cecf":"f.F27C4DBABD9006445730EE8458C4CD46.d.9D67BBCAA0244E63C0EC73486A76C2F4.e.1032","ELEMENT":"f.F27C4DBABD9006445730EE8458C4CD46.d.9D67BBCAA0244E63C0EC73486A76C2F4.e.1032"}]}
COMMAND: POST /session/0a296c8df6193005a2b2e718ebd9da63/element/f.F27C4DBABD9006445730EE8458C4CD46.d.9D67BBCAA0244E63C0EC73486A76C2F4.e.1032/click - {}
COMMAND: GET /session/0a296c8df6193005a2b2e718ebd9da63/screenshot - {}
RESULT: {}
RESULT: {}
COMMAND: GET /session/0a296c8df6193005a2b2e718ebd9da63/screenshot - {}
COMMAND: POST /session/0a296c8df6193005a2b2e718ebd9da63/execute/async - {"script":"<script> [1562 bytes]","args":[{"selector":{"id":"application-managepartners-display-component---NewPartner--addressDetailDetailsName1","interaction":{"idSuffix":"inner"}},"wdio_ui5_key":"applicationmanagepartners-display-component---NewPartner--addressDetailDetailsName1"}]}
RESULT: {}
RESULT: {}
RESULT: {"script":"<script> [1562 bytes]","args":[{"selector":{"id":"application-managepartners-display-component---NewPartner--addressDetailDetailsName1","interaction":{"idSuffix":"inner"}},"wdio_ui5_key":"applicationmanagepartners-display-component---NewPartner--addressDetailDetailsName1"}]}
RESULT: undefined
COMMAND: POST /session/0a296c8df6193005a2b2e718ebd9da63/execute/async - {"script":"<script> [776 bytes]","args":[{"enterText":"External Partner WDIO","selector":{"id":"application-managepartners-display-component---NewPartner--addressDetailDetailsName1","interaction":{"idSuffix":"inner"}},"clearTextFirst":true,"interactionType":"ENTER_TEXT"}]}
RESULT: {"script":"<script> [776 bytes]","args":[{"enterText":"External Partner WDIO","selector":{"id":"application-managepartners-display-component---NewPartner--addressDetailDetailsName1","interaction":{"idSuffix":"inner"}},"clearTextFirst":true,"interactionType":"ENTER_TEXT"}]}
COMMAND: POST /session/0a296c8df6193005a2b2e718ebd9da63/execute/async - {"script":"<script> [1562 bytes]","args":[{"selector":{"id":"application-managepartners-display-component---NewPartner--addressDetailDetailsLanguage-arrow"},"wdio_ui5_key":"applicationmanagepartners-display-component---NewPartner--addressDetailDetailsLanguage-arrow"}]}
RESULT: {"script":"<script> [1562 bytes]","args":[{"selector":{"id":"application-managepartners-display-component---NewPartner--addressDetailDetailsLanguage-arrow"},"wdio_ui5_key":"applicationmanagepartners-display-component---NewPartner--addressDetailDetailsLanguage-arrow"}]}
RESULT: undefined
COMMAND: POST /session/0a296c8df6193005a2b2e718ebd9da63/element - {"using":"xpath","value":"//*[@id=\"application-managepartners-display-component---NewPartner--addressDetailDetailsLanguage-arrow\"]"}
RESULT: {"using":"xpath","value":"//*[@id=\"application-managepartners-display-component---NewPartner--addressDetailDetailsLanguage-arrow\"]"}
COMMAND: POST /session/0a296c8df6193005a2b2e718ebd9da63/element/f.F27C4DBABD9006445730EE8458C4CD46.d.9D67BBCAA0244E63C0EC73486A76C2F4.e.1438/click - {}
RESULT: {}
COMMAND: POST /session/0a296c8df6193005a2b2e718ebd9da63/element - {"using":"xpath","value":"//span[contains(text(), \"English\")]"}
COMMAND: GET /session/0a296c8df6193005a2b2e718ebd9da63/screenshot - {}
RESULT: {"using":"xpath","value":"//span[contains(text(), \"English\")]"}
COMMAND: POST /session/0a296c8df6193005a2b2e718ebd9da63/element/f.F27C4DBABD9006445730EE8458C4CD46.d.9D67BBCAA0244E63C0EC73486A76C2F4.e.1439/click - {}
RESULT: {}
RESULT: {}
COMMAND: GET /session/0a296c8df6193005a2b2e718ebd9da63/screenshot - {}
RESULT: {}
COMMAND: POST /session/0a296c8df6193005a2b2e718ebd9da63/execute/async - {"script":"<script> [1562 bytes]","args":[{"selector":{"id":"application-managepartners-display-component---NewPartner--addressDetailDetailsCity1","interaction":{"idSuffix":"inner"}},"wdio_ui5_key":"applicationmanagepartners-display-component---NewPartner--addressDetailDetailsCity1"}]}
RESULT: {"script":"<script> [1562 bytes]","args":[{"selector":{"id":"application-managepartners-display-component---NewPartner--addressDetailDetailsCity1","interaction":{"idSuffix":"inner"}},"wdio_ui5_key":"applicationmanagepartners-display-component---NewPartner--addressDetailDetailsCity1"}]}
RESULT: undefined
COMMAND: POST /session/0a296c8df6193005a2b2e718ebd9da63/execute/async - {"script":"<script> [776 bytes]","args":[{"enterText":"Rosario","selector":{"id":"application-managepartners-display-component---NewPartner--addressDetailDetailsCity1","interaction":{"idSuffix":"inner"}},"clearTextFirst":true,"interactionType":"ENTER_TEXT"}]}
RESULT: {"script":"<script> [776 bytes]","args":[{"enterText":"Rosario","selector":{"id":"application-managepartners-display-component---NewPartner--addressDetailDetailsCity1","interaction":{"idSuffix":"inner"}},"clearTextFirst":true,"interactionType":"ENTER_TEXT"}]}
COMMAND: POST /session/0a296c8df6193005a2b2e718ebd9da63/execute/async - {"script":"<script> [1562 bytes]","args":[{"selector":{"id":"application-managepartners-display-component---NewPartner--addressDetailDetailsCountry-arrow"},"wdio_ui5_key":"applicationmanagepartners-display-component---NewPartner--addressDetailDetailsCountry-arrow"}]}
RESULT: {"script":"<script> [1562 bytes]","args":[{"selector":{"id":"application-managepartners-display-component---NewPartner--addressDetailDetailsCountry-arrow"},"wdio_ui5_key":"applicationmanagepartners-display-component---NewPartner--addressDetailDetailsCountry-arrow"}]}
RESULT: undefined
COMMAND: POST /session/0a296c8df6193005a2b2e718ebd9da63/element - {"using":"xpath","value":"//*[@id=\"application-managepartners-display-component---NewPartner--addressDetailDetailsCountry-arrow\"]"}
RESULT: {"using":"xpath","value":"//*[@id=\"application-managepartners-display-component---NewPartner--addressDetailDetailsCountry-arrow\"]"}
COMMAND: POST /session/0a296c8df6193005a2b2e718ebd9da63/element/f.F27C4DBABD9006445730EE8458C4CD46.d.9D67BBCAA0244E63C0EC73486A76C2F4.e.1414/click - {}
RESULT: {}
COMMAND: POST /session/0a296c8df6193005a2b2e718ebd9da63/element - {"using":"xpath","value":"//span[contains(text(), \"Argentina\")]"}
COMMAND: GET /session/0a296c8df6193005a2b2e718ebd9da63/screenshot - {}
RESULT: {"using":"xpath","value":"//span[contains(text(), \"Argentina\")]"}
COMMAND: POST /session/0a296c8df6193005a2b2e718ebd9da63/element/f.F27C4DBABD9006445730EE8458C4CD46.d.9D67BBCAA0244E63C0EC73486A76C2F4.e.1441/click - {}
RESULT: {}
RESULT: {}
COMMAND: GET /session/0a296c8df6193005a2b2e718ebd9da63/screenshot - {}
RESULT: {}
COMMAND: POST /session/0a296c8df6193005a2b2e718ebd9da63/element - {"using":"xpath","value":"//bdi[contains(text(), \"Commercial\")]"}
RESULT: {"using":"xpath","value":"//bdi[contains(text(), \"Commercial\")]"}
COMMAND: POST /session/0a296c8df6193005a2b2e718ebd9da63/element/f.F27C4DBABD9006445730EE8458C4CD46.d.9D67BBCAA0244E63C0EC73486A76C2F4.e.1442/click - {}
RESULT: {}
COMMAND: GET /session/0a296c8df6193005a2b2e718ebd9da63/screenshot - {}
RESULT: {}
COMMAND: POST /session/0a296c8df6193005a2b2e718ebd9da63/execute/async - {"script":"<script> [1562 bytes]","args":[{"selector":{"id":"application-managepartners-display-component---NewPartner--partnerDetailInternal-arrow"},"wdio_ui5_key":"applicationmanagepartners-display-component---NewPartner--partnerDetailInternal-arrow"}]}
RESULT: {"script":"<script> [1562 bytes]","args":[{"selector":{"id":"application-managepartners-display-component---NewPartner--partnerDetailInternal-arrow"},"wdio_ui5_key":"applicationmanagepartners-display-component---NewPartner--partnerDetailInternal-arrow"}]}
RESULT: undefined
COMMAND: POST /session/0a296c8df6193005a2b2e718ebd9da63/element - {"using":"xpath","value":"//*[@id=\"application-managepartners-display-component---NewPartner--partnerDetailInternal-arrow\"]"}
RESULT: {"using":"xpath","value":"//*[@id=\"application-managepartners-display-component---NewPartner--partnerDetailInternal-arrow\"]"}
COMMAND: POST /session/0a296c8df6193005a2b2e718ebd9da63/element/f.F27C4DBABD9006445730EE8458C4CD46.d.9D67BBCAA0244E63C0EC73486A76C2F4.e.1448/click - {}
RESULT: {}
COMMAND: POST /session/0a296c8df6193005a2b2e718ebd9da63/element - {"using":"xpath","value":"//span[contains(text(), \"External partner\")]"}
COMMAND: GET /session/0a296c8df6193005a2b2e718ebd9da63/screenshot - {}
RESULT: {"using":"xpath","value":"//span[contains(text(), \"External partner\")]"}
COMMAND: POST /session/0a296c8df6193005a2b2e718ebd9da63/element/f.F27C4DBABD9006445730EE8458C4CD46.d.9D67BBCAA0244E63C0EC73486A76C2F4.e.1451/click - {}
RESULT: {}
RESULT: {}
COMMAND: POST /session/0a296c8df6193005a2b2e718ebd9da63/execute/async - {"script":"<script> [1562 bytes]","args":[{"selector":{"id":"application-managepartners-display-component---NewPartner--partnerDetailsCurrency-arrow"},"wdio_ui5_key":"applicationmanagepartners-display-component---NewPartner--partnerDetailsCurrency-arrow"}]}
COMMAND: GET /session/0a296c8df6193005a2b2e718ebd9da63/screenshot - {}
RESULT: {"script":"<script> [1562 bytes]","args":[{"selector":{"id":"application-managepartners-display-component---NewPartner--partnerDetailsCurrency-arrow"},"wdio_ui5_key":"applicationmanagepartners-display-component---NewPartner--partnerDetailsCurrency-arrow"}]}
RESULT: undefined
COMMAND: POST /session/0a296c8df6193005a2b2e718ebd9da63/element - {"using":"xpath","value":"//*[@id=\"application-managepartners-display-component---NewPartner--partnerDetailsCurrency-arrow\"]"}
RESULT: {}
RESULT: {"using":"xpath","value":"//*[@id=\"application-managepartners-display-component---NewPartner--partnerDetailsCurrency-arrow\"]"}
COMMAND: POST /session/0a296c8df6193005a2b2e718ebd9da63/element/f.F27C4DBABD9006445730EE8458C4CD46.d.9D67BBCAA0244E63C0EC73486A76C2F4.e.1456/click - {}
RESULT: {}
COMMAND: POST /session/0a296c8df6193005a2b2e718ebd9da63/element - {"using":"xpath","value":"//span[contains(text(), \"US Dollar\")]"}
COMMAND: GET /session/0a296c8df6193005a2b2e718ebd9da63/screenshot - {}
RESULT: {"using":"xpath","value":"//span[contains(text(), \"US Dollar\")]"}
COMMAND: POST /session/0a296c8df6193005a2b2e718ebd9da63/element/f.F27C4DBABD9006445730EE8458C4CD46.d.9D67BBCAA0244E63C0EC73486A76C2F4.e.1457/click - {}
RESULT: {}
RESULT: {}
COMMAND: GET /session/0a296c8df6193005a2b2e718ebd9da63/screenshot - {}
RESULT: {}
COMMAND: POST /session/0a296c8df6193005a2b2e718ebd9da63/element - {"using":"xpath","value":"//input[@id=\"application-managepartners-display-component---NewPartner--companyCodeComboBox-inner\"]"}
RESULT: {"using":"xpath","value":"//input[@id=\"application-managepartners-display-component---NewPartner--companyCodeComboBox-inner\"]"}
COMMAND: POST /session/0a296c8df6193005a2b2e718ebd9da63/element/f.F27C4DBABD9006445730EE8458C4CD46.d.9D67BBCAA0244E63C0EC73486A76C2F4.e.1313/clear - {}
RESULT: {}
COMMAND: POST /session/0a296c8df6193005a2b2e718ebd9da63/element/f.F27C4DBABD9006445730EE8458C4CD46.d.9D67BBCAA0244E63C0EC73486A76C2F4.e.1313/value - {"text":"C002"}
COMMAND: GET /session/0a296c8df6193005a2b2e718ebd9da63/screenshot - {}
RESULT: {"text":"C002"}
COMMAND: GET /session/0a296c8df6193005a2b2e718ebd9da63/screenshot - {}
RESULT: {}
RESULT: {}
COMMAND: POST /session/0a296c8df6193005a2b2e718ebd9da63/element - {"using":"xpath","value":"//li[.//span[text()= \"C002\"]]"}
RESULT: {"using":"xpath","value":"//li[.//span[text()= \"C002\"]]"}
COMMAND: POST /session/0a296c8df6193005a2b2e718ebd9da63/element/f.F27C4DBABD9006445730EE8458C4CD46.d.9D67BBCAA0244E63C0EC73486A76C2F4.e.1461/click - {}
RESULT: {}
COMMAND: GET /session/0a296c8df6193005a2b2e718ebd9da63/screenshot - {}
RESULT: {}
COMMAND: POST /session/0a296c8df6193005a2b2e718ebd9da63/execute/async - {"script":"<script> [1562 bytes]","args":[{"selector":{"id":"application-managepartners-display-component---NewPartner--btnAddTableRow-img"},"wdio_ui5_key":"applicationmanagepartners-display-component---NewPartner--btnAddTableRow-img"}]}
RESULT: {"script":"<script> [1562 bytes]","args":[{"selector":{"id":"application-managepartners-display-component---NewPartner--btnAddTableRow-img"},"wdio_ui5_key":"applicationmanagepartners-display-component---NewPartner--btnAddTableRow-img"}]}
RESULT: undefined
COMMAND: POST /session/0a296c8df6193005a2b2e718ebd9da63/element - {"using":"xpath","value":"//*[@id=\"application-managepartners-display-component---NewPartner--btnAddTableRow-img\"]"}
RESULT: {"using":"xpath","value":"//*[@id=\"application-managepartners-display-component---NewPartner--btnAddTableRow-img\"]"}
COMMAND: POST /session/0a296c8df6193005a2b2e718ebd9da63/element/f.F27C4DBABD9006445730EE8458C4CD46.d.9D67BBCAA0244E63C0EC73486A76C2F4.e.1462/click - {}
RESULT: {}
COMMAND: GET /session/0a296c8df6193005a2b2e718ebd9da63/screenshot - {}
RESULT: {}
COMMAND: POST /session/0a296c8df6193005a2b2e718ebd9da63/element - {"using":"xpath","value":"//input[@id=\"application-managepartners-display-component---NewPartner--assignmentYard-application-managepartners-display-component---NewPartner--assignmentsTable-0-inner\"]"}
RESULT: {"using":"xpath","value":"//input[@id=\"application-managepartners-display-component---NewPartner--assignmentYard-application-managepartners-display-component---NewPartner--assignmentsTable-0-inner\"]"}
COMMAND: POST /session/0a296c8df6193005a2b2e718ebd9da63/element/f.F27C4DBABD9006445730EE8458C4CD46.d.9D67BBCAA0244E63C0EC73486A76C2F4.e.1465/clear - {}
RESULT: {}
COMMAND: POST /session/0a296c8df6193005a2b2e718ebd9da63/element/f.F27C4DBABD9006445730EE8458C4CD46.d.9D67BBCAA0244E63C0EC73486A76C2F4.e.1465/value - {"text":"244"}
COMMAND: GET /session/0a296c8df6193005a2b2e718ebd9da63/screenshot - {}
RESULT: {"text":"244"}
COMMAND: GET /session/0a296c8df6193005a2b2e718ebd9da63/screenshot - {}
RESULT: {}
RESULT: {}
COMMAND: POST /session/0a296c8df6193005a2b2e718ebd9da63/element - {"using":"xpath","value":"//li[.//span[text()='244']]"}
RESULT: {"using":"xpath","value":"//li[.//span[text()='244']]"}
COMMAND: POST /session/0a296c8df6193005a2b2e718ebd9da63/element/f.F27C4DBABD9006445730EE8458C4CD46.d.9D67BBCAA0244E63C0EC73486A76C2F4.e.1472/click - {}
RESULT: {}
COMMAND: GET /session/0a296c8df6193005a2b2e718ebd9da63/screenshot - {}
RESULT: {}
COMMAND: POST /session/0a296c8df6193005a2b2e718ebd9da63/actions - {"actions":[{"id":"action2","type":"key","parameters":{},"actions":[{"type":"keyDown","value":""},{"type":"pause","duration":10},{"type":"keyUp","value":""}]}]}
RESULT: {"actions":[{"id":"action2","type":"key","parameters":{},"actions":[{"type":"keyDown","value":""},{"type":"pause","duration":10},{"type":"keyUp","value":""}]}]}
COMMAND: POST /session/0a296c8df6193005a2b2e718ebd9da63/element - {"using":"xpath","value":"//td[contains(@id, \"assignmentsTable-0-cell2\")]/div/div"}
COMMAND: GET /session/0a296c8df6193005a2b2e718ebd9da63/screenshot - {}
RESULT: {"using":"xpath","value":"//td[contains(@id, \"assignmentsTable-0-cell2\")]/div/div"}
COMMAND: POST /session/0a296c8df6193005a2b2e718ebd9da63/element/f.F27C4DBABD9006445730EE8458C4CD46.d.9D67BBCAA0244E63C0EC73486A76C2F4.e.1475/click - {}
RESULT: {}
RESULT: {}
COMMAND: GET /session/0a296c8df6193005a2b2e718ebd9da63/screenshot - {}
RESULT: {}
COMMAND: POST /session/0a296c8df6193005a2b2e718ebd9da63/element - {"using":"xpath","value":"//button[@data-kt=\"saveButton\"]"}
RESULT: {"using":"xpath","value":"//button[@data-kt=\"saveButton\"]"}
COMMAND: POST /session/0a296c8df6193005a2b2e718ebd9da63/element/f.F27C4DBABD9006445730EE8458C4CD46.d.9D67BBCAA0244E63C0EC73486A76C2F4.e.1416/click - {}
RESULT: {}
COMMAND: GET /session/0a296c8df6193005a2b2e718ebd9da63/screenshot - {}
RESULT: {}
COMMAND: POST /session/0a296c8df6193005a2b2e718ebd9da63/element - {"using":"xpath","value":"//header[contains(@id, 'ObjectPageLayout-headerTitle')]/div[1]/div[2]/div[2]/span[1]"}
RESULT: {"using":"xpath","value":"//header[contains(@id, 'ObjectPageLayout-headerTitle')]/div[1]/div[2]/div[2]/span[1]"}
COMMAND: POST /session/0a296c8df6193005a2b2e718ebd9da63/elements - {"using":"xpath","value":"//header[contains(@id, 'ObjectPageLayout-headerTitle')]/div[1]/div[2]/div[2]/span[1]"}
RESULT: {"using":"xpath","value":"//header[contains(@id, 'ObjectPageLayout-headerTitle')]/div[1]/div[2]/div[2]/span[1]"}
COMMAND: POST /session/0a296c8df6193005a2b2e718ebd9da63/execute/sync - {"script":"<script> [56 bytes]","args":[{"element-6066-11e4-a52e-4f735466cecf":"f.F27C4DBABD9006445730EE8458C4CD46.d.9D67BBCAA0244E63C0EC73486A76C2F4.e.1627","ELEMENT":"f.F27C4DBABD9006445730EE8458C4CD46.d.9D67BBCAA0244E63C0EC73486A76C2F4.e.1627"}]}
RESULT: {"script":"<script> [56 bytes]","args":[{"element-6066-11e4-a52e-4f735466cecf":"f.F27C4DBABD9006445730EE8458C4CD46.d.9D67BBCAA0244E63C0EC73486A76C2F4.e.1627","ELEMENT":"f.F27C4DBABD9006445730EE8458C4CD46.d.9D67BBCAA0244E63C0EC73486A76C2F4.e.1627"}]}
COMMAND: POST /session/0a296c8df6193005a2b2e718ebd9da63/element - {"using":"css selector","value":"#shell-header-logo"}
COMMAND: GET /session/0a296c8df6193005a2b2e718ebd9da63/screenshot - {}
RESULT: {"using":"css selector","value":"#shell-header-logo"}
COMMAND: POST /session/0a296c8df6193005a2b2e718ebd9da63/element/f.F27C4DBABD9006445730EE8458C4CD46.d.9D67BBCAA0244E63C0EC73486A76C2F4.e.987/click - {}
RESULT: {}
RESULT: {}
COMMAND: GET /session/0a296c8df6193005a2b2e718ebd9da63/screenshot - {}
RESULT: {}
COMMAND: POST /session/0a296c8df6193005a2b2e718ebd9da63/execute/sync - {"script":"<script> [299 bytes]","args":[["getModel","getResource"]]}
RESULT: {"script":"<script> [299 bytes]","args":[["getModel","getResource"]]}
COMMAND: GET /session/0a296c8df6193005a2b2e718ebd9da63/screenshot - {}
]]></system-out>
    </testcase>
    <testcase classname="chrome.136_0_7103_93.windows.Create_masterdata_for_Yard_Overview_-_trigger_provide_US130988" name="Should create a new site" time="86.632">
      <system-out><![CDATA[
COMMAND: POST /session/0a296c8df6193005a2b2e718ebd9da63/execute/async - {"script":"<script> [1562 bytes]","args":[{"selector":{"controlType":"sap.m.GenericTile","properties":{"header":"Manage Sites"}},"wdio_ui5_key":"sapm.GenericTile{\"header\":\"Manage Sites\"}"}]}
RESULT: {}
RESULT: {"script":"<script> [1562 bytes]","args":[{"selector":{"controlType":"sap.m.GenericTile","properties":{"header":"Manage Sites"}},"wdio_ui5_key":"sapm.GenericTile{\"header\":\"Manage Sites\"}"}]}
RESULT: undefined
COMMAND: POST /session/0a296c8df6193005a2b2e718ebd9da63/element - {"using":"xpath","value":"//*[@id=\"__tile40\"]"}
RESULT: {"using":"xpath","value":"//*[@id=\"__tile40\"]"}
COMMAND: POST /session/0a296c8df6193005a2b2e718ebd9da63/element/f.F27C4DBABD9006445730EE8458C4CD46.d.9D67BBCAA0244E63C0EC73486A76C2F4.e.125/click - {}
RESULT: {}
COMMAND: GET /session/0a296c8df6193005a2b2e718ebd9da63/screenshot - {}
RESULT: {}
COMMAND: POST /session/0a296c8df6193005a2b2e718ebd9da63/elements - {"using":"xpath","value":"//span[text()='Error']"}
RESULT: {"using":"xpath","value":"//span[text()='Error']"}
COMMAND: POST /session/0a296c8df6193005a2b2e718ebd9da63/element - {"using":"xpath","value":"//button[@data-kt=\"addOverflowToolbarButton\"]"}
RESULT: {"using":"xpath","value":"//button[@data-kt=\"addOverflowToolbarButton\"]"}
COMMAND: POST /session/0a296c8df6193005a2b2e718ebd9da63/elements - {"using":"xpath","value":"//button[@data-kt=\"addOverflowToolbarButton\"]"}
RESULT: {"using":"xpath","value":"//button[@data-kt=\"addOverflowToolbarButton\"]"}
COMMAND: POST /session/0a296c8df6193005a2b2e718ebd9da63/execute/sync - {"script":"<script> [8489 bytes]","args":[{"element-6066-11e4-a52e-4f735466cecf":"f.F27C4DBABD9006445730EE8458C4CD46.d.9D67BBCAA0244E63C0EC73486A76C2F4.e.1674","ELEMENT":"f.F27C4DBABD9006445730EE8458C4CD46.d.9D67BBCAA0244E63C0EC73486A76C2F4.e.1674"}]}
RESULT: {"script":"<script> [8489 bytes]","args":[{"element-6066-11e4-a52e-4f735466cecf":"f.F27C4DBABD9006445730EE8458C4CD46.d.9D67BBCAA0244E63C0EC73486A76C2F4.e.1674","ELEMENT":"f.F27C4DBABD9006445730EE8458C4CD46.d.9D67BBCAA0244E63C0EC73486A76C2F4.e.1674"}]}
COMMAND: GET /session/0a296c8df6193005a2b2e718ebd9da63/element/f.F27C4DBABD9006445730EE8458C4CD46.d.9D67BBCAA0244E63C0EC73486A76C2F4.e.1674/enabled - {}
COMMAND: GET /session/0a296c8df6193005a2b2e718ebd9da63/screenshot - {}
RESULT: {}
COMMAND: POST /session/0a296c8df6193005a2b2e718ebd9da63/execute/sync - {"script":"<script> [8489 bytes]","args":[{"element-6066-11e4-a52e-4f735466cecf":"f.F27C4DBABD9006445730EE8458C4CD46.d.9D67BBCAA0244E63C0EC73486A76C2F4.e.1674","ELEMENT":"f.F27C4DBABD9006445730EE8458C4CD46.d.9D67BBCAA0244E63C0EC73486A76C2F4.e.1674"}]}
COMMAND: GET /session/0a296c8df6193005a2b2e718ebd9da63/screenshot - {}
RESULT: {}
RESULT: {"script":"<script> [8489 bytes]","args":[{"element-6066-11e4-a52e-4f735466cecf":"f.F27C4DBABD9006445730EE8458C4CD46.d.9D67BBCAA0244E63C0EC73486A76C2F4.e.1674","ELEMENT":"f.F27C4DBABD9006445730EE8458C4CD46.d.9D67BBCAA0244E63C0EC73486A76C2F4.e.1674"}]}
COMMAND: POST /session/0a296c8df6193005a2b2e718ebd9da63/execute/sync - {"script":"<script> [5351 bytes]","args":[{"element-6066-11e4-a52e-4f735466cecf":"f.F27C4DBABD9006445730EE8458C4CD46.d.9D67BBCAA0244E63C0EC73486A76C2F4.e.1674","ELEMENT":"f.F27C4DBABD9006445730EE8458C4CD46.d.9D67BBCAA0244E63C0EC73486A76C2F4.e.1674"}]}
COMMAND: GET /session/0a296c8df6193005a2b2e718ebd9da63/screenshot - {}
RESULT: {}
RESULT: {"script":"<script> [5351 bytes]","args":[{"element-6066-11e4-a52e-4f735466cecf":"f.F27C4DBABD9006445730EE8458C4CD46.d.9D67BBCAA0244E63C0EC73486A76C2F4.e.1674","ELEMENT":"f.F27C4DBABD9006445730EE8458C4CD46.d.9D67BBCAA0244E63C0EC73486A76C2F4.e.1674"}]}
COMMAND: POST /session/0a296c8df6193005a2b2e718ebd9da63/element/f.F27C4DBABD9006445730EE8458C4CD46.d.9D67BBCAA0244E63C0EC73486A76C2F4.e.1674/click - {}
COMMAND: GET /session/0a296c8df6193005a2b2e718ebd9da63/screenshot - {}
RESULT: {}
RESULT: {}
COMMAND: GET /session/0a296c8df6193005a2b2e718ebd9da63/screenshot - {}
COMMAND: POST /session/0a296c8df6193005a2b2e718ebd9da63/element - {"using":"xpath","value":"//input[@id=\"application-managesites-display-component---NewSite--siteId-inner\"]"}
RESULT: {}
RESULT: {}
RESULT: {"using":"xpath","value":"//input[@id=\"application-managesites-display-component---NewSite--siteId-inner\"]"}
COMMAND: POST /session/0a296c8df6193005a2b2e718ebd9da63/element - {"using":"xpath","value":"//input[@id=\"application-managesites-display-component---NewSite--siteId-inner\"]"}
RESULT: {"using":"xpath","value":"//input[@id=\"application-managesites-display-component---NewSite--siteId-inner\"]"}
COMMAND: POST /session/0a296c8df6193005a2b2e718ebd9da63/execute/async - {"script":"<script> [1562 bytes]","args":[{"selector":{"id":"application-managesites-display-component---NewSite--addressDetailDetailsName1","interaction":{"idSuffix":"inner"}},"wdio_ui5_key":"applicationmanagesites-display-component---NewSite--addressDetailDetailsName1"}]}
RESULT: {"script":"<script> [1562 bytes]","args":[{"selector":{"id":"application-managesites-display-component---NewSite--addressDetailDetailsName1","interaction":{"idSuffix":"inner"}},"wdio_ui5_key":"applicationmanagesites-display-component---NewSite--addressDetailDetailsName1"}]}
RESULT: undefined
COMMAND: POST /session/0a296c8df6193005a2b2e718ebd9da63/execute/async - {"script":"<script> [776 bytes]","args":[{"enterText":"Other Type Site WDIO","selector":{"id":"application-managesites-display-component---NewSite--addressDetailDetailsName1","interaction":{"idSuffix":"inner"}},"clearTextFirst":true,"interactionType":"ENTER_TEXT"}]}
RESULT: {"script":"<script> [776 bytes]","args":[{"enterText":"Other Type Site WDIO","selector":{"id":"application-managesites-display-component---NewSite--addressDetailDetailsName1","interaction":{"idSuffix":"inner"}},"clearTextFirst":true,"interactionType":"ENTER_TEXT"}]}
COMMAND: POST /session/0a296c8df6193005a2b2e718ebd9da63/execute/async - {"script":"<script> [1562 bytes]","args":[{"selector":{"id":"application-managesites-display-component---NewSite--addressDetailDetailsLanguage-arrow"},"wdio_ui5_key":"applicationmanagesites-display-component---NewSite--addressDetailDetailsLanguage-arrow"}]}
RESULT: {"script":"<script> [1562 bytes]","args":[{"selector":{"id":"application-managesites-display-component---NewSite--addressDetailDetailsLanguage-arrow"},"wdio_ui5_key":"applicationmanagesites-display-component---NewSite--addressDetailDetailsLanguage-arrow"}]}
RESULT: undefined
COMMAND: POST /session/0a296c8df6193005a2b2e718ebd9da63/element - {"using":"xpath","value":"//*[@id=\"application-managesites-display-component---NewSite--addressDetailDetailsLanguage-arrow\"]"}
RESULT: {"using":"xpath","value":"//*[@id=\"application-managesites-display-component---NewSite--addressDetailDetailsLanguage-arrow\"]"}
COMMAND: POST /session/0a296c8df6193005a2b2e718ebd9da63/element/f.F27C4DBABD9006445730EE8458C4CD46.d.9D67BBCAA0244E63C0EC73486A76C2F4.e.2058/click - {}
RESULT: {}
COMMAND: POST /session/0a296c8df6193005a2b2e718ebd9da63/element - {"using":"xpath","value":"//span[contains(text(), \"English\")]"}
COMMAND: GET /session/0a296c8df6193005a2b2e718ebd9da63/screenshot - {}
RESULT: {"using":"xpath","value":"//span[contains(text(), \"English\")]"}
COMMAND: POST /session/0a296c8df6193005a2b2e718ebd9da63/element/f.F27C4DBABD9006445730EE8458C4CD46.d.9D67BBCAA0244E63C0EC73486A76C2F4.e.2059/click - {}
RESULT: {}
RESULT: {}
COMMAND: POST /session/0a296c8df6193005a2b2e718ebd9da63/execute/async - {"script":"<script> [1562 bytes]","args":[{"selector":{"id":"application-managesites-display-component---NewSite--addressDetailDetailsCity1","interaction":{"idSuffix":"inner"}},"wdio_ui5_key":"applicationmanagesites-display-component---NewSite--addressDetailDetailsCity1"}]}
COMMAND: GET /session/0a296c8df6193005a2b2e718ebd9da63/screenshot - {}
RESULT: {"script":"<script> [1562 bytes]","args":[{"selector":{"id":"application-managesites-display-component---NewSite--addressDetailDetailsCity1","interaction":{"idSuffix":"inner"}},"wdio_ui5_key":"applicationmanagesites-display-component---NewSite--addressDetailDetailsCity1"}]}
RESULT: undefined
COMMAND: POST /session/0a296c8df6193005a2b2e718ebd9da63/execute/async - {"script":"<script> [776 bytes]","args":[{"enterText":"Rosario","selector":{"id":"application-managesites-display-component---NewSite--addressDetailDetailsCity1","interaction":{"idSuffix":"inner"}},"clearTextFirst":true,"interactionType":"ENTER_TEXT"}]}
RESULT: {}
RESULT: {"script":"<script> [776 bytes]","args":[{"enterText":"Rosario","selector":{"id":"application-managesites-display-component---NewSite--addressDetailDetailsCity1","interaction":{"idSuffix":"inner"}},"clearTextFirst":true,"interactionType":"ENTER_TEXT"}]}
COMMAND: POST /session/0a296c8df6193005a2b2e718ebd9da63/execute/async - {"script":"<script> [1562 bytes]","args":[{"selector":{"id":"application-managesites-display-component---NewSite--addressDetailDetailsCountry-arrow"},"wdio_ui5_key":"applicationmanagesites-display-component---NewSite--addressDetailDetailsCountry-arrow"}]}
RESULT: {"script":"<script> [1562 bytes]","args":[{"selector":{"id":"application-managesites-display-component---NewSite--addressDetailDetailsCountry-arrow"},"wdio_ui5_key":"applicationmanagesites-display-component---NewSite--addressDetailDetailsCountry-arrow"}]}
RESULT: undefined
COMMAND: POST /session/0a296c8df6193005a2b2e718ebd9da63/element - {"using":"xpath","value":"//*[@id=\"application-managesites-display-component---NewSite--addressDetailDetailsCountry-arrow\"]"}
RESULT: {"using":"xpath","value":"//*[@id=\"application-managesites-display-component---NewSite--addressDetailDetailsCountry-arrow\"]"}
COMMAND: POST /session/0a296c8df6193005a2b2e718ebd9da63/element/f.F27C4DBABD9006445730EE8458C4CD46.d.9D67BBCAA0244E63C0EC73486A76C2F4.e.2061/click - {}
RESULT: {}
COMMAND: POST /session/0a296c8df6193005a2b2e718ebd9da63/element - {"using":"xpath","value":"//span[contains(text(), \"Argentina\")]"}
COMMAND: GET /session/0a296c8df6193005a2b2e718ebd9da63/screenshot - {}
RESULT: {}
RESULT: {"using":"xpath","value":"//span[contains(text(), \"Argentina\")]"}
COMMAND: POST /session/0a296c8df6193005a2b2e718ebd9da63/element/f.F27C4DBABD9006445730EE8458C4CD46.d.9D67BBCAA0244E63C0EC73486A76C2F4.e.2062/click - {}
RESULT: {}
COMMAND: GET /session/0a296c8df6193005a2b2e718ebd9da63/screenshot - {}
RESULT: {}
COMMAND: POST /session/0a296c8df6193005a2b2e718ebd9da63/execute/async - {"script":"<script> [1562 bytes]","args":[{"selector":{"id":"application-managesites-display-component---NewSite--addressEditDetailsCostObjectCstType-arrow"},"wdio_ui5_key":"applicationmanagesites-display-component---NewSite--addressEditDetailsCostObjectCstType-arrow"}]}
RESULT: {"script":"<script> [1562 bytes]","args":[{"selector":{"id":"application-managesites-display-component---NewSite--addressEditDetailsCostObjectCstType-arrow"},"wdio_ui5_key":"applicationmanagesites-display-component---NewSite--addressEditDetailsCostObjectCstType-arrow"}]}
RESULT: undefined
COMMAND: POST /session/0a296c8df6193005a2b2e718ebd9da63/element - {"using":"xpath","value":"//*[@id=\"application-managesites-display-component---NewSite--addressEditDetailsCostObjectCstType-arrow\"]"}
RESULT: {"using":"xpath","value":"//*[@id=\"application-managesites-display-component---NewSite--addressEditDetailsCostObjectCstType-arrow\"]"}
COMMAND: POST /session/0a296c8df6193005a2b2e718ebd9da63/element/f.F27C4DBABD9006445730EE8458C4CD46.d.9D67BBCAA0244E63C0EC73486A76C2F4.e.2064/click - {}
RESULT: {}
COMMAND: POST /session/0a296c8df6193005a2b2e718ebd9da63/element - {"using":"xpath","value":"//span[contains(text(), \"Cost Center\")]"}
COMMAND: GET /session/0a296c8df6193005a2b2e718ebd9da63/screenshot - {}
RESULT: {"using":"xpath","value":"//span[contains(text(), \"Cost Center\")]"}
COMMAND: POST /session/0a296c8df6193005a2b2e718ebd9da63/element/f.F27C4DBABD9006445730EE8458C4CD46.d.9D67BBCAA0244E63C0EC73486A76C2F4.e.2065/click - {}
RESULT: {}
RESULT: {}
COMMAND: GET /session/0a296c8df6193005a2b2e718ebd9da63/screenshot - {}
RESULT: {}
COMMAND: POST /session/0a296c8df6193005a2b2e718ebd9da63/element - {"using":"xpath","value":"//span[@id=\"application-managesites-display-component---NewSite--addressNewCostObjectCstID-vhi\"]"}
RESULT: {"using":"xpath","value":"//span[@id=\"application-managesites-display-component---NewSite--addressNewCostObjectCstID-vhi\"]"}
COMMAND: POST /session/0a296c8df6193005a2b2e718ebd9da63/execute/sync - {"script":"<script> [8489 bytes]","args":[{"element-6066-11e4-a52e-4f735466cecf":"f.F27C4DBABD9006445730EE8458C4CD46.d.9D67BBCAA0244E63C0EC73486A76C2F4.e.2070","ELEMENT":"f.F27C4DBABD9006445730EE8458C4CD46.d.9D67BBCAA0244E63C0EC73486A76C2F4.e.2070"}]}
RESULT: {"script":"<script> [8489 bytes]","args":[{"element-6066-11e4-a52e-4f735466cecf":"f.F27C4DBABD9006445730EE8458C4CD46.d.9D67BBCAA0244E63C0EC73486A76C2F4.e.2070","ELEMENT":"f.F27C4DBABD9006445730EE8458C4CD46.d.9D67BBCAA0244E63C0EC73486A76C2F4.e.2070"}]}
COMMAND: POST /session/0a296c8df6193005a2b2e718ebd9da63/execute/async - {"script":"<script> [1562 bytes]","args":[{"selector":{"id":"application-managesites-display-component---NewSite--addressNewCostObjectCstID-vhi"},"wdio_ui5_key":"applicationmanagesites-display-component---NewSite--addressNewCostObjectCstID-vhi"}]}
COMMAND: GET /session/0a296c8df6193005a2b2e718ebd9da63/screenshot - {}
RESULT: {"script":"<script> [1562 bytes]","args":[{"selector":{"id":"application-managesites-display-component---NewSite--addressNewCostObjectCstID-vhi"},"wdio_ui5_key":"applicationmanagesites-display-component---NewSite--addressNewCostObjectCstID-vhi"}]}
RESULT: undefined
COMMAND: POST /session/0a296c8df6193005a2b2e718ebd9da63/element - {"using":"xpath","value":"//*[@id=\"application-managesites-display-component---NewSite--addressNewCostObjectCstID-vhi\"]"}
RESULT: {}
RESULT: {"using":"xpath","value":"//*[@id=\"application-managesites-display-component---NewSite--addressNewCostObjectCstID-vhi\"]"}
COMMAND: POST /session/0a296c8df6193005a2b2e718ebd9da63/element/f.F27C4DBABD9006445730EE8458C4CD46.d.9D67BBCAA0244E63C0EC73486A76C2F4.e.2070/click - {}
RESULT: {}
COMMAND: GET /session/0a296c8df6193005a2b2e718ebd9da63/screenshot - {}
RESULT: {}
RESULT: undefined
COMMAND: POST /session/0a296c8df6193005a2b2e718ebd9da63/execute/async - {"script":"<script> [776 bytes]","args":[{"enterText":"10001013","selector":{"controlType":"sap.m.SearchField","properties":{"placeholder":"Search"},"searchOpenDialogs":true,"interaction":{"idSuffix":"I"}},"clearTextFirst":true,"interactionType":"ENTER_TEXT"}]}
RESULT: {"script":"<script> [776 bytes]","args":[{"enterText":"10001013","selector":{"controlType":"sap.m.SearchField","properties":{"placeholder":"Search"},"searchOpenDialogs":true,"interaction":{"idSuffix":"I"}},"clearTextFirst":true,"interactionType":"ENTER_TEXT"}]}
COMMAND: POST /session/0a296c8df6193005a2b2e718ebd9da63/actions - {"actions":[{"id":"action3","type":"key","parameters":{},"actions":[{"type":"keyDown","value":""},{"type":"pause","duration":10},{"type":"keyUp","value":""}]}]}
RESULT: {"actions":[{"id":"action3","type":"key","parameters":{},"actions":[{"type":"keyDown","value":""},{"type":"pause","duration":10},{"type":"keyUp","value":""}]}]}
COMMAND: GET /session/0a296c8df6193005a2b2e718ebd9da63/screenshot - {}
RESULT: {}
COMMAND: POST /session/0a296c8df6193005a2b2e718ebd9da63/element - {"using":"xpath","value":"//span[contains(text(), \"General Management\")]"}
RESULT: {"using":"xpath","value":"//span[contains(text(), \"General Management\")]"}
COMMAND: POST /session/0a296c8df6193005a2b2e718ebd9da63/element/f.F27C4DBABD9006445730EE8458C4CD46.d.9D67BBCAA0244E63C0EC73486A76C2F4.e.2110/click - {}
RESULT: {}
COMMAND: GET /session/0a296c8df6193005a2b2e718ebd9da63/screenshot - {}
RESULT: {}
COMMAND: POST /session/0a296c8df6193005a2b2e718ebd9da63/element - {"using":"xpath","value":"//bdi[contains(text(), \"OK\")]"}
RESULT: {"using":"xpath","value":"//bdi[contains(text(), \"OK\")]"}
COMMAND: POST /session/0a296c8df6193005a2b2e718ebd9da63/element/f.F27C4DBABD9006445730EE8458C4CD46.d.9D67BBCAA0244E63C0EC73486A76C2F4.e.2111/click - {}
RESULT: {}
COMMAND: GET /session/0a296c8df6193005a2b2e718ebd9da63/screenshot - {}
RESULT: {}
COMMAND: POST /session/0a296c8df6193005a2b2e718ebd9da63/element - {"using":"xpath","value":"//input[@id=\"application-managesites-display-component---NewSite--addressDetailDetailsCalendar-inner\"]"}
RESULT: {"using":"xpath","value":"//input[@id=\"application-managesites-display-component---NewSite--addressDetailDetailsCalendar-inner\"]"}
COMMAND: POST /session/0a296c8df6193005a2b2e718ebd9da63/element/f.F27C4DBABD9006445730EE8458C4CD46.d.9D67BBCAA0244E63C0EC73486A76C2F4.e.1863/clear - {}
RESULT: {}
COMMAND: POST /session/0a296c8df6193005a2b2e718ebd9da63/element/f.F27C4DBABD9006445730EE8458C4CD46.d.9D67BBCAA0244E63C0EC73486A76C2F4.e.1863/value - {"text":"Unit"}
COMMAND: GET /session/0a296c8df6193005a2b2e718ebd9da63/screenshot - {}
RESULT: {"text":"Unit"}
COMMAND: GET /session/0a296c8df6193005a2b2e718ebd9da63/screenshot - {}
RESULT: {}
RESULT: {}
COMMAND: POST /session/0a296c8df6193005a2b2e718ebd9da63/actions - {"actions":[{"id":"action4","type":"key","parameters":{},"actions":[{"type":"keyDown","value":""},{"type":"pause","duration":10},{"type":"keyUp","value":""}]}]}
RESULT: {"actions":[{"id":"action4","type":"key","parameters":{},"actions":[{"type":"keyDown","value":""},{"type":"pause","duration":10},{"type":"keyUp","value":""}]}]}
COMMAND: POST /session/0a296c8df6193005a2b2e718ebd9da63/element - {"using":"xpath","value":"//input[@id=\"application-managesites-display-component---NewSite--addressDetailDetailsYard-inner\"]"}
COMMAND: GET /session/0a296c8df6193005a2b2e718ebd9da63/screenshot - {}
RESULT: {"using":"xpath","value":"//input[@id=\"application-managesites-display-component---NewSite--addressDetailDetailsYard-inner\"]"}
COMMAND: POST /session/0a296c8df6193005a2b2e718ebd9da63/element/f.F27C4DBABD9006445730EE8458C4CD46.d.9D67BBCAA0244E63C0EC73486A76C2F4.e.1864/clear - {}
RESULT: {}
RESULT: {}
COMMAND: POST /session/0a296c8df6193005a2b2e718ebd9da63/element/f.F27C4DBABD9006445730EE8458C4CD46.d.9D67BBCAA0244E63C0EC73486A76C2F4.e.1864/value - {"text":"244"}
COMMAND: GET /session/0a296c8df6193005a2b2e718ebd9da63/screenshot - {}
RESULT: {"text":"244"}
COMMAND: GET /session/0a296c8df6193005a2b2e718ebd9da63/screenshot - {}
RESULT: {}
RESULT: {}
COMMAND: POST /session/0a296c8df6193005a2b2e718ebd9da63/element - {"using":"xpath","value":"//li[.//span[text()='244']]"}
RESULT: {"using":"xpath","value":"//li[.//span[text()='244']]"}
COMMAND: POST /session/0a296c8df6193005a2b2e718ebd9da63/element/f.F27C4DBABD9006445730EE8458C4CD46.d.9D67BBCAA0244E63C0EC73486A76C2F4.e.2119/click - {}
RESULT: {}
COMMAND: GET /session/0a296c8df6193005a2b2e718ebd9da63/screenshot - {}
RESULT: {}
COMMAND: POST /session/0a296c8df6193005a2b2e718ebd9da63/element - {"using":"xpath","value":"//input[@id=\"application-managesites-display-component---NewSite--addressDetailDetailsPartner-inner\"]"}
RESULT: {"using":"xpath","value":"//input[@id=\"application-managesites-display-component---NewSite--addressDetailDetailsPartner-inner\"]"}
COMMAND: POST /session/0a296c8df6193005a2b2e718ebd9da63/element - {"using":"xpath","value":"//input[@id=\"application-managesites-display-component---NewSite--addressDetailDetailsPartner-inner\"]"}
RESULT: {"using":"xpath","value":"//input[@id=\"application-managesites-display-component---NewSite--addressDetailDetailsPartner-inner\"]"}
COMMAND: POST /session/0a296c8df6193005a2b2e718ebd9da63/element - {"using":"xpath","value":"//button[@data-kt=\"saveButton\"]"}
RESULT: {"using":"xpath","value":"//button[@data-kt=\"saveButton\"]"}
COMMAND: POST /session/0a296c8df6193005a2b2e718ebd9da63/element/f.F27C4DBABD9006445730EE8458C4CD46.d.9D67BBCAA0244E63C0EC73486A76C2F4.e.2044/click - {}
RESULT: {}
COMMAND: GET /session/0a296c8df6193005a2b2e718ebd9da63/screenshot - {}
RESULT: {}
COMMAND: POST /session/0a296c8df6193005a2b2e718ebd9da63/element - {"using":"xpath","value":"//header[contains(@id, 'ObjectPageLayout-headerTitle')]/div[1]/div[2]/div[2]/span[1]"}
RESULT: {"using":"xpath","value":"//header[contains(@id, 'ObjectPageLayout-headerTitle')]/div[1]/div[2]/div[2]/span[1]"}
COMMAND: POST /session/0a296c8df6193005a2b2e718ebd9da63/elements - {"using":"xpath","value":"//header[contains(@id, 'ObjectPageLayout-headerTitle')]/div[1]/div[2]/div[2]/span[1]"}
RESULT: {"using":"xpath","value":"//header[contains(@id, 'ObjectPageLayout-headerTitle')]/div[1]/div[2]/div[2]/span[1]"}
COMMAND: POST /session/0a296c8df6193005a2b2e718ebd9da63/execute/sync - {"script":"<script> [56 bytes]","args":[{"element-6066-11e4-a52e-4f735466cecf":"f.F27C4DBABD9006445730EE8458C4CD46.d.9D67BBCAA0244E63C0EC73486A76C2F4.e.2315","ELEMENT":"f.F27C4DBABD9006445730EE8458C4CD46.d.9D67BBCAA0244E63C0EC73486A76C2F4.e.2315"}]}
RESULT: {"script":"<script> [56 bytes]","args":[{"element-6066-11e4-a52e-4f735466cecf":"f.F27C4DBABD9006445730EE8458C4CD46.d.9D67BBCAA0244E63C0EC73486A76C2F4.e.2315","ELEMENT":"f.F27C4DBABD9006445730EE8458C4CD46.d.9D67BBCAA0244E63C0EC73486A76C2F4.e.2315"}]}
COMMAND: POST /session/0a296c8df6193005a2b2e718ebd9da63/element - {"using":"css selector","value":"#shell-header-logo"}
COMMAND: GET /session/0a296c8df6193005a2b2e718ebd9da63/screenshot - {}
RESULT: {"using":"css selector","value":"#shell-header-logo"}
COMMAND: POST /session/0a296c8df6193005a2b2e718ebd9da63/element/f.F27C4DBABD9006445730EE8458C4CD46.d.9D67BBCAA0244E63C0EC73486A76C2F4.e.1632/click - {}
RESULT: {}
RESULT: {}
COMMAND: GET /session/0a296c8df6193005a2b2e718ebd9da63/screenshot - {}
RESULT: {}
COMMAND: POST /session/0a296c8df6193005a2b2e718ebd9da63/execute/sync - {"script":"<script> [299 bytes]","args":[["getModel","getResource"]]}
RESULT: {"script":"<script> [299 bytes]","args":[["getModel","getResource"]]}
]]></system-out>
    </testcase>
    <testcase classname="chrome.136_0_7103_93.windows.Create_masterdata_for_Yard_Overview_-_trigger_provide_US130988" name="Should create a new material" time="111.788">
      <system-out><![CDATA[
COMMAND: GET /session/0a296c8df6193005a2b2e718ebd9da63/screenshot - {}
COMMAND: POST /session/0a296c8df6193005a2b2e718ebd9da63/execute/async - {"script":"<script> [1562 bytes]","args":[{"selector":{"controlType":"sap.m.GenericTile","properties":{"header":"Manage Resources"}},"wdio_ui5_key":"sapm.GenericTile{\"header\":\"Manage Resources\"}"}]}
RESULT: {}
RESULT: {"script":"<script> [1562 bytes]","args":[{"selector":{"controlType":"sap.m.GenericTile","properties":{"header":"Manage Resources"}},"wdio_ui5_key":"sapm.GenericTile{\"header\":\"Manage Resources\"}"}]}
RESULT: undefined
COMMAND: POST /session/0a296c8df6193005a2b2e718ebd9da63/element - {"using":"xpath","value":"//*[@id=\"__tile39\"]"}
RESULT: {"using":"xpath","value":"//*[@id=\"__tile39\"]"}
COMMAND: POST /session/0a296c8df6193005a2b2e718ebd9da63/element/f.F27C4DBABD9006445730EE8458C4CD46.d.9D67BBCAA0244E63C0EC73486A76C2F4.e.122/click - {}
RESULT: {}
COMMAND: GET /session/0a296c8df6193005a2b2e718ebd9da63/screenshot - {}
RESULT: {}
COMMAND: POST /session/0a296c8df6193005a2b2e718ebd9da63/elements - {"using":"xpath","value":"//span[text()='Error']"}
RESULT: {"using":"xpath","value":"//span[text()='Error']"}
COMMAND: POST /session/0a296c8df6193005a2b2e718ebd9da63/element - {"using":"xpath","value":"//button[@data-kt=\"addNewRUOverflowToolbarButton\"]"}
RESULT: {"using":"xpath","value":"//button[@data-kt=\"addNewRUOverflowToolbarButton\"]"}
COMMAND: POST /session/0a296c8df6193005a2b2e718ebd9da63/elements - {"using":"xpath","value":"//button[@data-kt=\"addNewRUOverflowToolbarButton\"]"}
RESULT: {"using":"xpath","value":"//button[@data-kt=\"addNewRUOverflowToolbarButton\"]"}
COMMAND: POST /session/0a296c8df6193005a2b2e718ebd9da63/execute/sync - {"script":"<script> [8489 bytes]","args":[{"element-6066-11e4-a52e-4f735466cecf":"f.F27C4DBABD9006445730EE8458C4CD46.d.9D67BBCAA0244E63C0EC73486A76C2F4.e.2350","ELEMENT":"f.F27C4DBABD9006445730EE8458C4CD46.d.9D67BBCAA0244E63C0EC73486A76C2F4.e.2350"}]}
RESULT: {"script":"<script> [8489 bytes]","args":[{"element-6066-11e4-a52e-4f735466cecf":"f.F27C4DBABD9006445730EE8458C4CD46.d.9D67BBCAA0244E63C0EC73486A76C2F4.e.2350","ELEMENT":"f.F27C4DBABD9006445730EE8458C4CD46.d.9D67BBCAA0244E63C0EC73486A76C2F4.e.2350"}]}
COMMAND: GET /session/0a296c8df6193005a2b2e718ebd9da63/element/f.F27C4DBABD9006445730EE8458C4CD46.d.9D67BBCAA0244E63C0EC73486A76C2F4.e.2350/enabled - {}
COMMAND: GET /session/0a296c8df6193005a2b2e718ebd9da63/screenshot - {}
RESULT: {}
COMMAND: POST /session/0a296c8df6193005a2b2e718ebd9da63/execute/sync - {"script":"<script> [8489 bytes]","args":[{"element-6066-11e4-a52e-4f735466cecf":"f.F27C4DBABD9006445730EE8458C4CD46.d.9D67BBCAA0244E63C0EC73486A76C2F4.e.2350","ELEMENT":"f.F27C4DBABD9006445730EE8458C4CD46.d.9D67BBCAA0244E63C0EC73486A76C2F4.e.2350"}]}
COMMAND: GET /session/0a296c8df6193005a2b2e718ebd9da63/screenshot - {}
RESULT: {}
RESULT: {"script":"<script> [8489 bytes]","args":[{"element-6066-11e4-a52e-4f735466cecf":"f.F27C4DBABD9006445730EE8458C4CD46.d.9D67BBCAA0244E63C0EC73486A76C2F4.e.2350","ELEMENT":"f.F27C4DBABD9006445730EE8458C4CD46.d.9D67BBCAA0244E63C0EC73486A76C2F4.e.2350"}]}
COMMAND: POST /session/0a296c8df6193005a2b2e718ebd9da63/execute/sync - {"script":"<script> [5351 bytes]","args":[{"element-6066-11e4-a52e-4f735466cecf":"f.F27C4DBABD9006445730EE8458C4CD46.d.9D67BBCAA0244E63C0EC73486A76C2F4.e.2350","ELEMENT":"f.F27C4DBABD9006445730EE8458C4CD46.d.9D67BBCAA0244E63C0EC73486A76C2F4.e.2350"}]}
COMMAND: GET /session/0a296c8df6193005a2b2e718ebd9da63/screenshot - {}
RESULT: {}
RESULT: {}
RESULT: {"script":"<script> [5351 bytes]","args":[{"element-6066-11e4-a52e-4f735466cecf":"f.F27C4DBABD9006445730EE8458C4CD46.d.9D67BBCAA0244E63C0EC73486A76C2F4.e.2350","ELEMENT":"f.F27C4DBABD9006445730EE8458C4CD46.d.9D67BBCAA0244E63C0EC73486A76C2F4.e.2350"}]}
COMMAND: POST /session/0a296c8df6193005a2b2e718ebd9da63/element/f.F27C4DBABD9006445730EE8458C4CD46.d.9D67BBCAA0244E63C0EC73486A76C2F4.e.2350/click - {}
COMMAND: GET /session/0a296c8df6193005a2b2e718ebd9da63/screenshot - {}
RESULT: {}
COMMAND: GET /session/0a296c8df6193005a2b2e718ebd9da63/screenshot - {}
RESULT: {}
COMMAND: POST /session/0a296c8df6193005a2b2e718ebd9da63/execute/async - {"script":"<script> [1562 bytes]","args":[{"selector":{"id":"application-manageresources-display-component---newResourceUnit--TYPE-arrow"},"wdio_ui5_key":"applicationmanageresources-display-component---newResourceUnit--TYPE-arrow"}]}
RESULT: {}
RESULT: {"script":"<script> [1562 bytes]","args":[{"selector":{"id":"application-manageresources-display-component---newResourceUnit--TYPE-arrow"},"wdio_ui5_key":"applicationmanageresources-display-component---newResourceUnit--TYPE-arrow"}]}
RESULT: undefined
COMMAND: POST /session/0a296c8df6193005a2b2e718ebd9da63/element - {"using":"xpath","value":"//*[@id=\"application-manageresources-display-component---newResourceUnit--TYPE-arrow\"]"}
RESULT: {"using":"xpath","value":"//*[@id=\"application-manageresources-display-component---newResourceUnit--TYPE-arrow\"]"}
COMMAND: POST /session/0a296c8df6193005a2b2e718ebd9da63/element/f.F27C4DBABD9006445730EE8458C4CD46.d.9D67BBCAA0244E63C0EC73486A76C2F4.e.2718/click - {}
RESULT: {}
COMMAND: POST /session/0a296c8df6193005a2b2e718ebd9da63/element - {"using":"xpath","value":"//input[@id=\"application-manageresources-display-component---newResourceUnit--TYPE-inner\"]"}
COMMAND: GET /session/0a296c8df6193005a2b2e718ebd9da63/screenshot - {}
RESULT: {"using":"xpath","value":"//input[@id=\"application-manageresources-display-component---newResourceUnit--TYPE-inner\"]"}
COMMAND: POST /session/0a296c8df6193005a2b2e718ebd9da63/element/f.F27C4DBABD9006445730EE8458C4CD46.d.9D67BBCAA0244E63C0EC73486A76C2F4.e.2702/clear - {}
RESULT: {}
RESULT: {}
COMMAND: POST /session/0a296c8df6193005a2b2e718ebd9da63/element/f.F27C4DBABD9006445730EE8458C4CD46.d.9D67BBCAA0244E63C0EC73486A76C2F4.e.2702/value - {"text":"Material"}
COMMAND: GET /session/0a296c8df6193005a2b2e718ebd9da63/screenshot - {}
RESULT: {"text":"Material"}
COMMAND: GET /session/0a296c8df6193005a2b2e718ebd9da63/screenshot - {}
RESULT: {}
RESULT: {}
COMMAND: POST /session/0a296c8df6193005a2b2e718ebd9da63/actions - {"actions":[{"id":"action5","type":"key","parameters":{},"actions":[{"type":"keyDown","value":""},{"type":"pause","duration":10},{"type":"keyUp","value":""}]}]}
RESULT: {"actions":[{"id":"action5","type":"key","parameters":{},"actions":[{"type":"keyDown","value":""},{"type":"pause","duration":10},{"type":"keyUp","value":""}]}]}
COMMAND: POST /session/0a296c8df6193005a2b2e718ebd9da63/execute/async - {"script":"<script> [1562 bytes]","args":[{"selector":{"id":"application-manageresources-display-component---newResourceUnit--SHORT_TEXT","interaction":{"idSuffix":"inner"}},"wdio_ui5_key":"applicationmanageresources-display-component---newResourceUnit--SHORT_TEXT"}]}
COMMAND: GET /session/0a296c8df6193005a2b2e718ebd9da63/screenshot - {}
RESULT: {"script":"<script> [1562 bytes]","args":[{"selector":{"id":"application-manageresources-display-component---newResourceUnit--SHORT_TEXT","interaction":{"idSuffix":"inner"}},"wdio_ui5_key":"applicationmanageresources-display-component---newResourceUnit--SHORT_TEXT"}]}
RESULT: undefined
COMMAND: POST /session/0a296c8df6193005a2b2e718ebd9da63/execute/async - {"script":"<script> [776 bytes]","args":[{"enterText":"Cement WDIO","selector":{"id":"application-manageresources-display-component---newResourceUnit--SHORT_TEXT","interaction":{"idSuffix":"inner"}},"clearTextFirst":true,"interactionType":"ENTER_TEXT"}]}
RESULT: {}
RESULT: {"script":"<script> [776 bytes]","args":[{"enterText":"Cement WDIO","selector":{"id":"application-manageresources-display-component---newResourceUnit--SHORT_TEXT","interaction":{"idSuffix":"inner"}},"clearTextFirst":true,"interactionType":"ENTER_TEXT"}]}
COMMAND: POST /session/0a296c8df6193005a2b2e718ebd9da63/execute/async - {"script":"<script> [1562 bytes]","args":[{"selector":{"id":"application-manageresources-display-component---newResourceUnit--BASE_UNIT_OF_MEASURE","interaction":{"idSuffix":"inner"}},"wdio_ui5_key":"applicationmanageresources-display-component---newResourceUnit--BASE_UNIT_OF_MEASURE"}]}
RESULT: {"script":"<script> [1562 bytes]","args":[{"selector":{"id":"application-manageresources-display-component---newResourceUnit--BASE_UNIT_OF_MEASURE","interaction":{"idSuffix":"inner"}},"wdio_ui5_key":"applicationmanageresources-display-component---newResourceUnit--BASE_UNIT_OF_MEASURE"}]}
RESULT: undefined
COMMAND: POST /session/0a296c8df6193005a2b2e718ebd9da63/execute/async - {"script":"<script> [776 bytes]","args":[{"enterText":"Piece","selector":{"id":"application-manageresources-display-component---newResourceUnit--BASE_UNIT_OF_MEASURE","interaction":{"idSuffix":"inner"}},"clearTextFirst":true,"interactionType":"ENTER_TEXT"}]}
RESULT: {"script":"<script> [776 bytes]","args":[{"enterText":"Piece","selector":{"id":"application-manageresources-display-component---newResourceUnit--BASE_UNIT_OF_MEASURE","interaction":{"idSuffix":"inner"}},"clearTextFirst":true,"interactionType":"ENTER_TEXT"}]}
COMMAND: POST /session/0a296c8df6193005a2b2e718ebd9da63/execute/async - {"script":"<script> [1562 bytes]","args":[{"selector":{"id":"application-manageresources-display-component---newResourceUnit--WEIGHT_UNIT","interaction":{"idSuffix":"inner"}},"wdio_ui5_key":"applicationmanageresources-display-component---newResourceUnit--WEIGHT_UNIT"}]}
RESULT: {"script":"<script> [1562 bytes]","args":[{"selector":{"id":"application-manageresources-display-component---newResourceUnit--WEIGHT_UNIT","interaction":{"idSuffix":"inner"}},"wdio_ui5_key":"applicationmanageresources-display-component---newResourceUnit--WEIGHT_UNIT"}]}
RESULT: undefined
COMMAND: POST /session/0a296c8df6193005a2b2e718ebd9da63/execute/async - {"script":"<script> [776 bytes]","args":[{"enterText":"Gram","selector":{"id":"application-manageresources-display-component---newResourceUnit--WEIGHT_UNIT","interaction":{"idSuffix":"inner"}},"clearTextFirst":true,"interactionType":"ENTER_TEXT"}]}
RESULT: {"script":"<script> [776 bytes]","args":[{"enterText":"Gram","selector":{"id":"application-manageresources-display-component---newResourceUnit--WEIGHT_UNIT","interaction":{"idSuffix":"inner"}},"clearTextFirst":true,"interactionType":"ENTER_TEXT"}]}
COMMAND: POST /session/0a296c8df6193005a2b2e718ebd9da63/execute/async - {"script":"<script> [1562 bytes]","args":[{"selector":{"id":"application-manageresources-display-component---newResourceUnit--DIMENSION_UNIT","interaction":{"idSuffix":"inner"}},"wdio_ui5_key":"applicationmanageresources-display-component---newResourceUnit--DIMENSION_UNIT"}]}
RESULT: {"script":"<script> [1562 bytes]","args":[{"selector":{"id":"application-manageresources-display-component---newResourceUnit--DIMENSION_UNIT","interaction":{"idSuffix":"inner"}},"wdio_ui5_key":"applicationmanageresources-display-component---newResourceUnit--DIMENSION_UNIT"}]}
RESULT: undefined
COMMAND: POST /session/0a296c8df6193005a2b2e718ebd9da63/execute/async - {"script":"<script> [776 bytes]","args":[{"enterText":"Meter","selector":{"id":"application-manageresources-display-component---newResourceUnit--DIMENSION_UNIT","interaction":{"idSuffix":"inner"}},"clearTextFirst":true,"interactionType":"ENTER_TEXT"}]}
RESULT: {"script":"<script> [776 bytes]","args":[{"enterText":"Meter","selector":{"id":"application-manageresources-display-component---newResourceUnit--DIMENSION_UNIT","interaction":{"idSuffix":"inner"}},"clearTextFirst":true,"interactionType":"ENTER_TEXT"}]}
COMMAND: POST /session/0a296c8df6193005a2b2e718ebd9da63/execute/async - {"script":"<script> [1562 bytes]","args":[{"selector":{"id":"application-manageresources-display-component---newResourceUnit--newRRUPage-anchBar-application-manageresources-display-component---newResourceUnit--control-anchor","interaction":{"idSuffix":"BDI-content"}},"wdio_ui5_key":"applicationmanageresources-display-component---newResourceUnit--newRRUPage-anchBar-application-manageresources-display-component---newResourceUnit--control-anchor"}]}
RESULT: {"script":"<script> [1562 bytes]","args":[{"selector":{"id":"application-manageresources-display-component---newResourceUnit--newRRUPage-anchBar-application-manageresources-display-component---newResourceUnit--control-anchor","interaction":{"idSuffix":"BDI-content"}},"wdio_ui5_key":"applicationmanageresources-display-component---newResourceUnit--newRRUPage-anchBar-application-manageresources-display-component---newResourceUnit--control-anchor"}]}
RESULT: undefined
COMMAND: POST /session/0a296c8df6193005a2b2e718ebd9da63/element - {"using":"xpath","value":"//*[@id=\"application-manageresources-display-component---newResourceUnit--newRRUPage-anchBar-application-manageresources-display-component---newResourceUnit--control-anchor\"]"}
RESULT: {"using":"xpath","value":"//*[@id=\"application-manageresources-display-component---newResourceUnit--newRRUPage-anchBar-application-manageresources-display-component---newResourceUnit--control-anchor\"]"}
COMMAND: POST /session/0a296c8df6193005a2b2e718ebd9da63/element/f.F27C4DBABD9006445730EE8458C4CD46.d.9D67BBCAA0244E63C0EC73486A76C2F4.e.2848/click - {}
RESULT: {}
COMMAND: POST /session/0a296c8df6193005a2b2e718ebd9da63/execute/async - {"script":"<script> [1562 bytes]","args":[{"selector":{"id":"application-manageresources-display-component---newResourceUnit--PLANNING_GROUP","interaction":{"idSuffix":"inner"}},"wdio_ui5_key":"applicationmanageresources-display-component---newResourceUnit--PLANNING_GROUP"}]}
COMMAND: GET /session/0a296c8df6193005a2b2e718ebd9da63/screenshot - {}
RESULT: {"script":"<script> [1562 bytes]","args":[{"selector":{"id":"application-manageresources-display-component---newResourceUnit--PLANNING_GROUP","interaction":{"idSuffix":"inner"}},"wdio_ui5_key":"applicationmanageresources-display-component---newResourceUnit--PLANNING_GROUP"}]}
RESULT: undefined
COMMAND: POST /session/0a296c8df6193005a2b2e718ebd9da63/execute/async - {"script":"<script> [776 bytes]","args":[{"enterText":"Material","selector":{"id":"application-manageresources-display-component---newResourceUnit--PLANNING_GROUP","interaction":{"idSuffix":"inner"}},"clearTextFirst":true,"interactionType":"ENTER_TEXT"}]}
RESULT: {}
RESULT: {"script":"<script> [776 bytes]","args":[{"enterText":"Material","selector":{"id":"application-manageresources-display-component---newResourceUnit--PLANNING_GROUP","interaction":{"idSuffix":"inner"}},"clearTextFirst":true,"interactionType":"ENTER_TEXT"}]}
COMMAND: POST /session/0a296c8df6193005a2b2e718ebd9da63/execute/async - {"script":"<script> [1562 bytes]","args":[{"selector":{"id":"application-manageresources-display-component---newResourceUnit--PLANNING_INDICATOR","interaction":{"idSuffix":"inner"}},"wdio_ui5_key":"applicationmanageresources-display-component---newResourceUnit--PLANNING_INDICATOR"}]}
RESULT: {"script":"<script> [1562 bytes]","args":[{"selector":{"id":"application-manageresources-display-component---newResourceUnit--PLANNING_INDICATOR","interaction":{"idSuffix":"inner"}},"wdio_ui5_key":"applicationmanageresources-display-component---newResourceUnit--PLANNING_INDICATOR"}]}
RESULT: undefined
COMMAND: POST /session/0a296c8df6193005a2b2e718ebd9da63/execute/async - {"script":"<script> [776 bytes]","args":[{"enterText":"10 - infinite","selector":{"id":"application-manageresources-display-component---newResourceUnit--PLANNING_INDICATOR","interaction":{"idSuffix":"inner"}},"clearTextFirst":true,"interactionType":"ENTER_TEXT"}]}
RESULT: {"script":"<script> [776 bytes]","args":[{"enterText":"10 - infinite","selector":{"id":"application-manageresources-display-component---newResourceUnit--PLANNING_INDICATOR","interaction":{"idSuffix":"inner"}},"clearTextFirst":true,"interactionType":"ENTER_TEXT"}]}
COMMAND: POST /session/0a296c8df6193005a2b2e718ebd9da63/element - {"using":"css selector","value":"#application-manageresources-display-component---newResourceUnit--btnAddTimeSegment"}
RESULT: {"using":"css selector","value":"#application-manageresources-display-component---newResourceUnit--btnAddTimeSegment"}
COMMAND: GET /session/0a296c8df6193005a2b2e718ebd9da63/element/f.F27C4DBABD9006445730EE8458C4CD46.d.9D67BBCAA0244E63C0EC73486A76C2F4.e.2858/rect - {}
RESULT: {}
COMMAND: GET /session/0a296c8df6193005a2b2e718ebd9da63/window/rect - {}
RESULT: {}
COMMAND: POST /session/0a296c8df6193005a2b2e718ebd9da63/execute/sync - {"script":"<script> [92 bytes]","args":[]}
RESULT: {"script":"<script> [92 bytes]","args":[]}
COMMAND: POST /session/0a296c8df6193005a2b2e718ebd9da63/actions - {"actions":[{"id":"action6","type":"wheel","parameters":{},"actions":[{"type":"scroll","x":-1888,"y":-32,"deltaX":0,"deltaY":0,"duration":0,"origin":{"element-6066-11e4-a52e-4f735466cecf":"f.F27C4DBABD9006445730EE8458C4CD46.d.9D67BBCAA0244E63C0EC73486A76C2F4.e.2858"}}]}]}
COMMAND: GET /session/0a296c8df6193005a2b2e718ebd9da63/screenshot - {}
RESULT: {}
COMMAND: POST /session/0a296c8df6193005a2b2e718ebd9da63/execute/sync - {"script":"<script> [79 bytes]","args":[{"element-6066-11e4-a52e-4f735466cecf":"f.F27C4DBABD9006445730EE8458C4CD46.d.9D67BBCAA0244E63C0EC73486A76C2F4.e.2858","ELEMENT":"f.F27C4DBABD9006445730EE8458C4CD46.d.9D67BBCAA0244E63C0EC73486A76C2F4.e.2858"},{"block":"start","inline":"nearest"}]}
RESULT: {"script":"<script> [79 bytes]","args":[{"element-6066-11e4-a52e-4f735466cecf":"f.F27C4DBABD9006445730EE8458C4CD46.d.9D67BBCAA0244E63C0EC73486A76C2F4.e.2858","ELEMENT":"f.F27C4DBABD9006445730EE8458C4CD46.d.9D67BBCAA0244E63C0EC73486A76C2F4.e.2858"},{"block":"start","inline":"nearest"}]}
COMMAND: POST /session/0a296c8df6193005a2b2e718ebd9da63/execute/async - {"script":"<script> [1562 bytes]","args":[{"selector":{"id":"application-manageresources-display-component---newResourceUnit--btnAddTimeSegment","interaction":{"idSuffix":"inner"}},"wdio_ui5_key":"applicationmanageresources-display-component---newResourceUnit--btnAddTimeSegment"}]}
COMMAND: GET /session/0a296c8df6193005a2b2e718ebd9da63/screenshot - {}
RESULT: {"script":"<script> [1562 bytes]","args":[{"selector":{"id":"application-manageresources-display-component---newResourceUnit--btnAddTimeSegment","interaction":{"idSuffix":"inner"}},"wdio_ui5_key":"applicationmanageresources-display-component---newResourceUnit--btnAddTimeSegment"}]}
RESULT: undefined
COMMAND: POST /session/0a296c8df6193005a2b2e718ebd9da63/element - {"using":"xpath","value":"//*[@id=\"application-manageresources-display-component---newResourceUnit--btnAddTimeSegment\"]"}
RESULT: {}
RESULT: {"using":"xpath","value":"//*[@id=\"application-manageresources-display-component---newResourceUnit--btnAddTimeSegment\"]"}
COMMAND: POST /session/0a296c8df6193005a2b2e718ebd9da63/element/f.F27C4DBABD9006445730EE8458C4CD46.d.9D67BBCAA0244E63C0EC73486A76C2F4.e.2858/click - {}
RESULT: {}
COMMAND: GET /session/0a296c8df6193005a2b2e718ebd9da63/screenshot - {}
RESULT: {}
COMMAND: POST /session/0a296c8df6193005a2b2e718ebd9da63/element - {"using":"xpath","value":"//input[@id=\"application-manageresources-display-component---newResourceUnit--idRuTSAdmin-application-manageresources-display-component---newResourceUnit--RUTimeSegment-0-inner\"]"}
RESULT: {"using":"xpath","value":"//input[@id=\"application-manageresources-display-component---newResourceUnit--idRuTSAdmin-application-manageresources-display-component---newResourceUnit--RUTimeSegment-0-inner\"]"}
COMMAND: POST /session/0a296c8df6193005a2b2e718ebd9da63/element/f.F27C4DBABD9006445730EE8458C4CD46.d.9D67BBCAA0244E63C0EC73486A76C2F4.e.2863/clear - {}
RESULT: {}
COMMAND: POST /session/0a296c8df6193005a2b2e718ebd9da63/element/f.F27C4DBABD9006445730EE8458C4CD46.d.9D67BBCAA0244E63C0EC73486A76C2F4.e.2863/value - {"text":"244"}
COMMAND: GET /session/0a296c8df6193005a2b2e718ebd9da63/screenshot - {}
RESULT: {"text":"244"}
COMMAND: GET /session/0a296c8df6193005a2b2e718ebd9da63/screenshot - {}
RESULT: {}
RESULT: {}
COMMAND: POST /session/0a296c8df6193005a2b2e718ebd9da63/element - {"using":"xpath","value":"//li[.//span[text()='244']]"}
RESULT: {"using":"xpath","value":"//li[.//span[text()='244']]"}
COMMAND: POST /session/0a296c8df6193005a2b2e718ebd9da63/element/f.F27C4DBABD9006445730EE8458C4CD46.d.9D67BBCAA0244E63C0EC73486A76C2F4.e.2872/click - {}
RESULT: {}
COMMAND: GET /session/0a296c8df6193005a2b2e718ebd9da63/screenshot - {}
RESULT: {}
COMMAND: POST /session/0a296c8df6193005a2b2e718ebd9da63/element - {"using":"xpath","value":"(//span[contains(@id, \"-application-manageresources-display-component---newResourceUnit--RUTimeSegment-0-arrow\")])[2]"}
RESULT: {"using":"xpath","value":"(//span[contains(@id, \"-application-manageresources-display-component---newResourceUnit--RUTimeSegment-0-arrow\")])[2]"}
COMMAND: POST /session/0a296c8df6193005a2b2e718ebd9da63/element/f.F27C4DBABD9006445730EE8458C4CD46.d.9D67BBCAA0244E63C0EC73486A76C2F4.e.2873/click - {}
RESULT: {}
COMMAND: POST /session/0a296c8df6193005a2b2e718ebd9da63/element - {"using":"xpath","value":"//span[contains(text(), \"PM Order\")]"}
COMMAND: GET /session/0a296c8df6193005a2b2e718ebd9da63/screenshot - {}
RESULT: {"using":"xpath","value":"//span[contains(text(), \"PM Order\")]"}
COMMAND: POST /session/0a296c8df6193005a2b2e718ebd9da63/element/f.F27C4DBABD9006445730EE8458C4CD46.d.9D67BBCAA0244E63C0EC73486A76C2F4.e.2874/click - {}
RESULT: {}
RESULT: {}
COMMAND: GET /session/0a296c8df6193005a2b2e718ebd9da63/screenshot - {}
RESULT: {}
COMMAND: POST /session/0a296c8df6193005a2b2e718ebd9da63/element - {"using":"xpath","value":"//td/div/div/div/span[contains(@id, \"newResourceUnit--RUTimeSegment-0-vhi\")][1]"}
RESULT: {"using":"xpath","value":"//td/div/div/div/span[contains(@id, \"newResourceUnit--RUTimeSegment-0-vhi\")][1]"}
COMMAND: GET /session/0a296c8df6193005a2b2e718ebd9da63/element/f.F27C4DBABD9006445730EE8458C4CD46.d.9D67BBCAA0244E63C0EC73486A76C2F4.e.2878/rect - {}
RESULT: {}
COMMAND: GET /session/0a296c8df6193005a2b2e718ebd9da63/window/rect - {}
RESULT: {}
COMMAND: POST /session/0a296c8df6193005a2b2e718ebd9da63/execute/sync - {"script":"<script> [92 bytes]","args":[]}
RESULT: {"script":"<script> [92 bytes]","args":[]}
COMMAND: POST /session/0a296c8df6193005a2b2e718ebd9da63/actions - {"actions":[{"id":"action7","type":"wheel","parameters":{},"actions":[{"type":"scroll","x":-1888,"y":-24,"deltaX":0,"deltaY":0,"duration":0,"origin":{"element-6066-11e4-a52e-4f735466cecf":"f.F27C4DBABD9006445730EE8458C4CD46.d.9D67BBCAA0244E63C0EC73486A76C2F4.e.2878"}}]}]}
COMMAND: GET /session/0a296c8df6193005a2b2e718ebd9da63/screenshot - {}
RESULT: {}
COMMAND: POST /session/0a296c8df6193005a2b2e718ebd9da63/execute/sync - {"script":"<script> [79 bytes]","args":[{"element-6066-11e4-a52e-4f735466cecf":"f.F27C4DBABD9006445730EE8458C4CD46.d.9D67BBCAA0244E63C0EC73486A76C2F4.e.2878","ELEMENT":"f.F27C4DBABD9006445730EE8458C4CD46.d.9D67BBCAA0244E63C0EC73486A76C2F4.e.2878"},{"block":"start","inline":"nearest"}]}
RESULT: {"script":"<script> [79 bytes]","args":[{"element-6066-11e4-a52e-4f735466cecf":"f.F27C4DBABD9006445730EE8458C4CD46.d.9D67BBCAA0244E63C0EC73486A76C2F4.e.2878","ELEMENT":"f.F27C4DBABD9006445730EE8458C4CD46.d.9D67BBCAA0244E63C0EC73486A76C2F4.e.2878"},{"block":"start","inline":"nearest"}]}
COMMAND: GET /session/0a296c8df6193005a2b2e718ebd9da63/screenshot - {}
RESULT: {}
COMMAND: POST /session/0a296c8df6193005a2b2e718ebd9da63/element/f.F27C4DBABD9006445730EE8458C4CD46.d.9D67BBCAA0244E63C0EC73486A76C2F4.e.2878/click - {}
RESULT: {}
COMMAND: GET /session/0a296c8df6193005a2b2e718ebd9da63/screenshot - {}
RESULT: {}
RESULT: undefined
COMMAND: POST /session/0a296c8df6193005a2b2e718ebd9da63/execute/async - {"script":"<script> [776 bytes]","args":[{"enterText":"4000360","selector":{"controlType":"sap.m.SearchField","properties":{"placeholder":"Search"},"searchOpenDialogs":true,"interaction":{"idSuffix":"I"}},"clearTextFirst":true,"interactionType":"ENTER_TEXT"}]}
RESULT: {"script":"<script> [776 bytes]","args":[{"enterText":"4000360","selector":{"controlType":"sap.m.SearchField","properties":{"placeholder":"Search"},"searchOpenDialogs":true,"interaction":{"idSuffix":"I"}},"clearTextFirst":true,"interactionType":"ENTER_TEXT"}]}
COMMAND: POST /session/0a296c8df6193005a2b2e718ebd9da63/actions - {"actions":[{"id":"action8","type":"key","parameters":{},"actions":[{"type":"keyDown","value":""},{"type":"pause","duration":10},{"type":"keyUp","value":""}]}]}
RESULT: {"actions":[{"id":"action8","type":"key","parameters":{},"actions":[{"type":"keyDown","value":""},{"type":"pause","duration":10},{"type":"keyUp","value":""}]}]}
COMMAND: GET /session/0a296c8df6193005a2b2e718ebd9da63/screenshot - {}
RESULT: {}
COMMAND: POST /session/0a296c8df6193005a2b2e718ebd9da63/element - {"using":"xpath","value":"//td/div/span[contains(text(), \"BGL Vehicles\")]"}
RESULT: {"using":"xpath","value":"//td/div/span[contains(text(), \"BGL Vehicles\")]"}
COMMAND: POST /session/0a296c8df6193005a2b2e718ebd9da63/element/f.F27C4DBABD9006445730EE8458C4CD46.d.9D67BBCAA0244E63C0EC73486A76C2F4.e.2899/click - {}
RESULT: {}
COMMAND: GET /session/0a296c8df6193005a2b2e718ebd9da63/screenshot - {}
RESULT: {}
COMMAND: POST /session/0a296c8df6193005a2b2e718ebd9da63/element - {"using":"xpath","value":"//bdi[contains(text(), \"OK\")]"}
RESULT: {"using":"xpath","value":"//bdi[contains(text(), \"OK\")]"}
COMMAND: POST /session/0a296c8df6193005a2b2e718ebd9da63/element/f.F27C4DBABD9006445730EE8458C4CD46.d.9D67BBCAA0244E63C0EC73486A76C2F4.e.2900/click - {}
RESULT: {}
COMMAND: GET /session/0a296c8df6193005a2b2e718ebd9da63/screenshot - {}
RESULT: {}
COMMAND: POST /session/0a296c8df6193005a2b2e718ebd9da63/element - {"using":"xpath","value":"//label[contains(@class, 'sapMLabelRequired') and .//bdi[contains(text(), 'Planned Retirement')]]"}
RESULT: {"using":"xpath","value":"//label[contains(@class, 'sapMLabelRequired') and .//bdi[contains(text(), 'Planned Retirement')]]"}
COMMAND: POST /session/0a296c8df6193005a2b2e718ebd9da63/elements - {"using":"xpath","value":"//label[contains(@class, 'sapMLabelRequired') and .//bdi[contains(text(), 'Planned Retirement')]]"}
RESULT: {"using":"xpath","value":"//label[contains(@class, 'sapMLabelRequired') and .//bdi[contains(text(), 'Planned Retirement')]]"}
COMMAND: POST /session/0a296c8df6193005a2b2e718ebd9da63/element - {"using":"xpath","value":"//button[@data-kt=\"resourceUnitSaveButton\"]"}
RESULT: {"using":"xpath","value":"//button[@data-kt=\"resourceUnitSaveButton\"]"}
COMMAND: POST /session/0a296c8df6193005a2b2e718ebd9da63/element/f.F27C4DBABD9006445730EE8458C4CD46.d.9D67BBCAA0244E63C0EC73486A76C2F4.e.2735/click - {}
RESULT: {}
COMMAND: GET /session/0a296c8df6193005a2b2e718ebd9da63/screenshot - {}
RESULT: {}
COMMAND: POST /session/0a296c8df6193005a2b2e718ebd9da63/element - {"using":"xpath","value":"//bdi[contains(text(), \"Close\")]"}
RESULT: {"using":"xpath","value":"//bdi[contains(text(), \"Close\")]"}
COMMAND: POST /session/0a296c8df6193005a2b2e718ebd9da63/element/f.F27C4DBABD9006445730EE8458C4CD46.d.9D67BBCAA0244E63C0EC73486A76C2F4.e.2907/click - {}
RESULT: {}
COMMAND: GET /session/0a296c8df6193005a2b2e718ebd9da63/screenshot - {}
RESULT: {}
COMMAND: POST /session/0a296c8df6193005a2b2e718ebd9da63/element - {"using":"xpath","value":"//header[contains(@id, 'detailRruPage-headerTitle')]/div[1]/div[2]/div[2]/span[1]"}
RESULT: {"using":"xpath","value":"//header[contains(@id, 'detailRruPage-headerTitle')]/div[1]/div[2]/div[2]/span[1]"}
COMMAND: POST /session/0a296c8df6193005a2b2e718ebd9da63/elements - {"using":"xpath","value":"//header[contains(@id, 'detailRruPage-headerTitle')]/div[1]/div[2]/div[2]/span[1]"}
RESULT: {"using":"xpath","value":"//header[contains(@id, 'detailRruPage-headerTitle')]/div[1]/div[2]/div[2]/span[1]"}
COMMAND: POST /session/0a296c8df6193005a2b2e718ebd9da63/execute/sync - {"script":"<script> [56 bytes]","args":[{"element-6066-11e4-a52e-4f735466cecf":"f.F27C4DBABD9006445730EE8458C4CD46.d.9D67BBCAA0244E63C0EC73486A76C2F4.e.2941","ELEMENT":"f.F27C4DBABD9006445730EE8458C4CD46.d.9D67BBCAA0244E63C0EC73486A76C2F4.e.2941"}]}
RESULT: {"script":"<script> [56 bytes]","args":[{"element-6066-11e4-a52e-4f735466cecf":"f.F27C4DBABD9006445730EE8458C4CD46.d.9D67BBCAA0244E63C0EC73486A76C2F4.e.2941","ELEMENT":"f.F27C4DBABD9006445730EE8458C4CD46.d.9D67BBCAA0244E63C0EC73486A76C2F4.e.2941"}]}
COMMAND: POST /session/0a296c8df6193005a2b2e718ebd9da63/element - {"using":"css selector","value":"#shell-header-logo"}
COMMAND: GET /session/0a296c8df6193005a2b2e718ebd9da63/screenshot - {}
RESULT: {"using":"css selector","value":"#shell-header-logo"}
COMMAND: POST /session/0a296c8df6193005a2b2e718ebd9da63/element/f.F27C4DBABD9006445730EE8458C4CD46.d.9D67BBCAA0244E63C0EC73486A76C2F4.e.2320/click - {}
RESULT: {}
RESULT: {}
COMMAND: GET /session/0a296c8df6193005a2b2e718ebd9da63/screenshot - {}
RESULT: {}
]]></system-out>
    </testcase>
    <testcase classname="chrome.136_0_7103_93.windows.Create_masterdata_for_Yard_Overview_-_trigger_provide_US130988" name="Should do a stock increase handover" time="84.405">
      <system-out><![CDATA[
COMMAND: POST /session/0a296c8df6193005a2b2e718ebd9da63/execute/async - {"script":"<script> [1562 bytes]","args":[{"selector":{"controlType":"sap.m.GenericTile","properties":{"header":"Manage Handovers"}},"wdio_ui5_key":"sapm.GenericTile{\"header\":\"Manage Handovers\"}"}]}
RESULT: {"script":"<script> [1562 bytes]","args":[{"selector":{"controlType":"sap.m.GenericTile","properties":{"header":"Manage Handovers"}},"wdio_ui5_key":"sapm.GenericTile{\"header\":\"Manage Handovers\"}"}]}
RESULT: undefined
COMMAND: POST /session/0a296c8df6193005a2b2e718ebd9da63/element - {"using":"xpath","value":"//*[@id=\"__tile132\"]"}
RESULT: {"using":"xpath","value":"//*[@id=\"__tile132\"]"}
COMMAND: POST /session/0a296c8df6193005a2b2e718ebd9da63/element/f.F27C4DBABD9006445730EE8458C4CD46.d.9D67BBCAA0244E63C0EC73486A76C2F4.e.210/click - {}
RESULT: {}
COMMAND: GET /session/0a296c8df6193005a2b2e718ebd9da63/screenshot - {}
RESULT: {}
COMMAND: POST /session/0a296c8df6193005a2b2e718ebd9da63/elements - {"using":"xpath","value":"//span[text()='Error']"}
RESULT: {"using":"xpath","value":"//span[text()='Error']"}
COMMAND: POST /session/0a296c8df6193005a2b2e718ebd9da63/element - {"using":"xpath","value":"//button[@data-kt=\"masterHOAddButton\"]"}
RESULT: {"using":"xpath","value":"//button[@data-kt=\"masterHOAddButton\"]"}
COMMAND: POST /session/0a296c8df6193005a2b2e718ebd9da63/elements - {"using":"xpath","value":"//button[@data-kt=\"masterHOAddButton\"]"}
RESULT: {"using":"xpath","value":"//button[@data-kt=\"masterHOAddButton\"]"}
COMMAND: POST /session/0a296c8df6193005a2b2e718ebd9da63/execute/sync - {"script":"<script> [8489 bytes]","args":[{"element-6066-11e4-a52e-4f735466cecf":"f.F27C4DBABD9006445730EE8458C4CD46.d.9D67BBCAA0244E63C0EC73486A76C2F4.e.2978","ELEMENT":"f.F27C4DBABD9006445730EE8458C4CD46.d.9D67BBCAA0244E63C0EC73486A76C2F4.e.2978"}]}
RESULT: {"script":"<script> [8489 bytes]","args":[{"element-6066-11e4-a52e-4f735466cecf":"f.F27C4DBABD9006445730EE8458C4CD46.d.9D67BBCAA0244E63C0EC73486A76C2F4.e.2978","ELEMENT":"f.F27C4DBABD9006445730EE8458C4CD46.d.9D67BBCAA0244E63C0EC73486A76C2F4.e.2978"}]}
COMMAND: GET /session/0a296c8df6193005a2b2e718ebd9da63/element/f.F27C4DBABD9006445730EE8458C4CD46.d.9D67BBCAA0244E63C0EC73486A76C2F4.e.2978/enabled - {}
COMMAND: GET /session/0a296c8df6193005a2b2e718ebd9da63/screenshot - {}
RESULT: {}
COMMAND: POST /session/0a296c8df6193005a2b2e718ebd9da63/execute/sync - {"script":"<script> [8489 bytes]","args":[{"element-6066-11e4-a52e-4f735466cecf":"f.F27C4DBABD9006445730EE8458C4CD46.d.9D67BBCAA0244E63C0EC73486A76C2F4.e.2978","ELEMENT":"f.F27C4DBABD9006445730EE8458C4CD46.d.9D67BBCAA0244E63C0EC73486A76C2F4.e.2978"}]}
COMMAND: GET /session/0a296c8df6193005a2b2e718ebd9da63/screenshot - {}
RESULT: {}
RESULT: {"script":"<script> [8489 bytes]","args":[{"element-6066-11e4-a52e-4f735466cecf":"f.F27C4DBABD9006445730EE8458C4CD46.d.9D67BBCAA0244E63C0EC73486A76C2F4.e.2978","ELEMENT":"f.F27C4DBABD9006445730EE8458C4CD46.d.9D67BBCAA0244E63C0EC73486A76C2F4.e.2978"}]}
COMMAND: POST /session/0a296c8df6193005a2b2e718ebd9da63/execute/sync - {"script":"<script> [5351 bytes]","args":[{"element-6066-11e4-a52e-4f735466cecf":"f.F27C4DBABD9006445730EE8458C4CD46.d.9D67BBCAA0244E63C0EC73486A76C2F4.e.2978","ELEMENT":"f.F27C4DBABD9006445730EE8458C4CD46.d.9D67BBCAA0244E63C0EC73486A76C2F4.e.2978"}]}
COMMAND: GET /session/0a296c8df6193005a2b2e718ebd9da63/screenshot - {}
RESULT: {}
RESULT: {"script":"<script> [5351 bytes]","args":[{"element-6066-11e4-a52e-4f735466cecf":"f.F27C4DBABD9006445730EE8458C4CD46.d.9D67BBCAA0244E63C0EC73486A76C2F4.e.2978","ELEMENT":"f.F27C4DBABD9006445730EE8458C4CD46.d.9D67BBCAA0244E63C0EC73486A76C2F4.e.2978"}]}
COMMAND: POST /session/0a296c8df6193005a2b2e718ebd9da63/element/f.F27C4DBABD9006445730EE8458C4CD46.d.9D67BBCAA0244E63C0EC73486A76C2F4.e.2978/click - {}
COMMAND: GET /session/0a296c8df6193005a2b2e718ebd9da63/screenshot - {}
RESULT: {}
RESULT: {}
COMMAND: GET /session/0a296c8df6193005a2b2e718ebd9da63/screenshot - {}
RESULT: {}
RESULT: {}
COMMAND: POST /session/0a296c8df6193005a2b2e718ebd9da63/element - {"using":"xpath","value":"//span[contains(@id ,\"AddNewHO--typeSelect-arrow\")]"}
RESULT: {"using":"xpath","value":"//span[contains(@id ,\"AddNewHO--typeSelect-arrow\")]"}
COMMAND: POST /session/0a296c8df6193005a2b2e718ebd9da63/element/f.F27C4DBABD9006445730EE8458C4CD46.d.9D67BBCAA0244E63C0EC73486A76C2F4.e.3324/click - {}
RESULT: {}
COMMAND: GET /session/0a296c8df6193005a2b2e718ebd9da63/screenshot - {}
RESULT: {}
COMMAND: POST /session/0a296c8df6193005a2b2e718ebd9da63/element - {"using":"xpath","value":"(//li[contains(text(), \"stock increase yard\")])[1]"}
RESULT: {"using":"xpath","value":"(//li[contains(text(), \"stock increase yard\")])[1]"}
COMMAND: POST /session/0a296c8df6193005a2b2e718ebd9da63/element/f.F27C4DBABD9006445730EE8458C4CD46.d.9D67BBCAA0244E63C0EC73486A76C2F4.e.3325/click - {}
RESULT: {}
COMMAND: GET /session/0a296c8df6193005a2b2e718ebd9da63/screenshot - {}
RESULT: {}
COMMAND: POST /session/0a296c8df6193005a2b2e718ebd9da63/execute/async - {"script":"<script> [1562 bytes]","args":[{"selector":{"id":"application-managehandovers-display-component---AddNewHO--dueDate","interaction":{"idSuffix":"inner"}},"wdio_ui5_key":"applicationmanagehandovers-display-component---AddNewHO--dueDate"}]}
RESULT: {"script":"<script> [1562 bytes]","args":[{"selector":{"id":"application-managehandovers-display-component---AddNewHO--dueDate","interaction":{"idSuffix":"inner"}},"wdio_ui5_key":"applicationmanagehandovers-display-component---AddNewHO--dueDate"}]}
RESULT: undefined
COMMAND: POST /session/0a296c8df6193005a2b2e718ebd9da63/execute/async - {"script":"<script> [6424 bytes]","args":[{"element-6066-11e4-a52e-4f735466cecf":"f.F27C4DBABD9006445730EE8458C4CD46.d.9D67BBCAA0244E63C0EC73486A76C2F4.e.3327"},"setValue",["5/24/25"]]}
RESULT: {"script":"<script> [6424 bytes]","args":[{"element-6066-11e4-a52e-4f735466cecf":"f.F27C4DBABD9006445730EE8458C4CD46.d.9D67BBCAA0244E63C0EC73486A76C2F4.e.3327"},"setValue",["5/24/25"]]}
COMMAND: POST /session/0a296c8df6193005a2b2e718ebd9da63/element - {"using":"xpath","value":"//input[@id=\"generalSectionFrg--receiveYard-inner\"]"}
RESULT: {"using":"xpath","value":"//input[@id=\"generalSectionFrg--receiveYard-inner\"]"}
COMMAND: POST /session/0a296c8df6193005a2b2e718ebd9da63/element/f.F27C4DBABD9006445730EE8458C4CD46.d.9D67BBCAA0244E63C0EC73486A76C2F4.e.3333/clear - {}
RESULT: {}
COMMAND: POST /session/0a296c8df6193005a2b2e718ebd9da63/element/f.F27C4DBABD9006445730EE8458C4CD46.d.9D67BBCAA0244E63C0EC73486A76C2F4.e.3333/value - {"text":"244"}
COMMAND: GET /session/0a296c8df6193005a2b2e718ebd9da63/screenshot - {}
RESULT: {"text":"244"}
COMMAND: GET /session/0a296c8df6193005a2b2e718ebd9da63/screenshot - {}
RESULT: {}
RESULT: {}
COMMAND: POST /session/0a296c8df6193005a2b2e718ebd9da63/element - {"using":"xpath","value":"//li[.//span[text()='244']]"}
RESULT: {"using":"xpath","value":"//li[.//span[text()='244']]"}
COMMAND: POST /session/0a296c8df6193005a2b2e718ebd9da63/element/f.F27C4DBABD9006445730EE8458C4CD46.d.9D67BBCAA0244E63C0EC73486A76C2F4.e.3351/click - {}
RESULT: {}
COMMAND: GET /session/0a296c8df6193005a2b2e718ebd9da63/screenshot - {}
RESULT: {}
COMMAND: POST /session/0a296c8df6193005a2b2e718ebd9da63/execute/async - {"script":"<script> [1562 bytes]","args":[{"selector":{"id":"application-managehandovers-display-component---AddNewHO--ObjectPageLayout-anchBar-application-managehandovers-display-component---AddNewHO--section4-anchor","interaction":{"idSuffix":"BDI-content"}},"wdio_ui5_key":"applicationmanagehandovers-display-component---AddNewHO--ObjectPageLayout-anchBar-application-managehandovers-display-component---AddNewHO--section4-anchor"}]}
RESULT: {"script":"<script> [1562 bytes]","args":[{"selector":{"id":"application-managehandovers-display-component---AddNewHO--ObjectPageLayout-anchBar-application-managehandovers-display-component---AddNewHO--section4-anchor","interaction":{"idSuffix":"BDI-content"}},"wdio_ui5_key":"applicationmanagehandovers-display-component---AddNewHO--ObjectPageLayout-anchBar-application-managehandovers-display-component---AddNewHO--section4-anchor"}]}
RESULT: undefined
COMMAND: POST /session/0a296c8df6193005a2b2e718ebd9da63/element - {"using":"xpath","value":"//*[@id=\"application-managehandovers-display-component---AddNewHO--ObjectPageLayout-anchBar-application-managehandovers-display-component---AddNewHO--section4-anchor\"]"}
RESULT: {"using":"xpath","value":"//*[@id=\"application-managehandovers-display-component---AddNewHO--ObjectPageLayout-anchBar-application-managehandovers-display-component---AddNewHO--section4-anchor\"]"}
COMMAND: POST /session/0a296c8df6193005a2b2e718ebd9da63/element/f.F27C4DBABD9006445730EE8458C4CD46.d.9D67BBCAA0244E63C0EC73486A76C2F4.e.3353/click - {}
RESULT: {}
COMMAND: POST /session/0a296c8df6193005a2b2e718ebd9da63/element - {"using":"xpath","value":"//button[@aria-label=\"Add\"]"}
COMMAND: GET /session/0a296c8df6193005a2b2e718ebd9da63/screenshot - {}
RESULT: {"using":"xpath","value":"//button[@aria-label=\"Add\"]"}
COMMAND: POST /session/0a296c8df6193005a2b2e718ebd9da63/element/f.F27C4DBABD9006445730EE8458C4CD46.d.9D67BBCAA0244E63C0EC73486A76C2F4.e.3355/click - {}
RESULT: {}
RESULT: {}
COMMAND: GET /session/0a296c8df6193005a2b2e718ebd9da63/screenshot - {}
RESULT: {}
COMMAND: POST /session/0a296c8df6193005a2b2e718ebd9da63/execute/async - {"script":"<script> [1562 bytes]","args":[{"selector":{"id":"application-managehandovers-display-component---AddNewHO--smartFilterBar-btnBasicSearch","searchOpenDialogs":true,"interaction":{"idSuffix":"I"}},"wdio_ui5_key":"applicationmanagehandovers-display-component---AddNewHO--smartFilterBar-btnBasicSearch"}]}
RESULT: {"script":"<script> [1562 bytes]","args":[{"selector":{"id":"application-managehandovers-display-component---AddNewHO--smartFilterBar-btnBasicSearch","searchOpenDialogs":true,"interaction":{"idSuffix":"I"}},"wdio_ui5_key":"applicationmanagehandovers-display-component---AddNewHO--smartFilterBar-btnBasicSearch"}]}
RESULT: undefined
COMMAND: POST /session/0a296c8df6193005a2b2e718ebd9da63/execute/async - {"script":"<script> [776 bytes]","args":[{"enterText":"200104","selector":{"id":"application-managehandovers-display-component---AddNewHO--smartFilterBar-btnBasicSearch","searchOpenDialogs":true,"interaction":{"idSuffix":"I"}},"clearTextFirst":true,"interactionType":"ENTER_TEXT"}]}
RESULT: {"script":"<script> [776 bytes]","args":[{"enterText":"200104","selector":{"id":"application-managehandovers-display-component---AddNewHO--smartFilterBar-btnBasicSearch","searchOpenDialogs":true,"interaction":{"idSuffix":"I"}},"clearTextFirst":true,"interactionType":"ENTER_TEXT"}]}
COMMAND: POST /session/0a296c8df6193005a2b2e718ebd9da63/actions - {"actions":[{"id":"action9","type":"key","parameters":{},"actions":[{"type":"keyDown","value":""},{"type":"pause","duration":10},{"type":"keyUp","value":""}]}]}
RESULT: {"actions":[{"id":"action9","type":"key","parameters":{},"actions":[{"type":"keyDown","value":""},{"type":"pause","duration":10},{"type":"keyUp","value":""}]}]}
COMMAND: GET /session/0a296c8df6193005a2b2e718ebd9da63/screenshot - {}
RESULT: {}
COMMAND: POST /session/0a296c8df6193005a2b2e718ebd9da63/execute/async - {"script":"<script> [1562 bytes]","args":[{"selector":{"id":"application-managehandovers-display-component---AddNewHO--popup-sa","searchOpenDialogs":true,"interaction":{"idSuffix":"CbBg"}},"wdio_ui5_key":"applicationmanagehandovers-display-component---AddNewHO--popup-sa"}]}
RESULT: {"script":"<script> [1562 bytes]","args":[{"selector":{"id":"application-managehandovers-display-component---AddNewHO--popup-sa","searchOpenDialogs":true,"interaction":{"idSuffix":"CbBg"}},"wdio_ui5_key":"applicationmanagehandovers-display-component---AddNewHO--popup-sa"}]}
RESULT: undefined
COMMAND: POST /session/0a296c8df6193005a2b2e718ebd9da63/element - {"using":"xpath","value":"//*[@id=\"application-managehandovers-display-component---AddNewHO--popup-sa\"]"}
RESULT: {"using":"xpath","value":"//*[@id=\"application-managehandovers-display-component---AddNewHO--popup-sa\"]"}
COMMAND: POST /session/0a296c8df6193005a2b2e718ebd9da63/element/f.F27C4DBABD9006445730EE8458C4CD46.d.9D67BBCAA0244E63C0EC73486A76C2F4.e.3509/click - {}
RESULT: {}
COMMAND: GET /session/0a296c8df6193005a2b2e718ebd9da63/screenshot - {}
RESULT: {}
COMMAND: POST /session/0a296c8df6193005a2b2e718ebd9da63/element - {"using":"xpath","value":"//bdi[contains(text(), \"Select\")]"}
RESULT: {"using":"xpath","value":"//bdi[contains(text(), \"Select\")]"}
COMMAND: POST /session/0a296c8df6193005a2b2e718ebd9da63/element/f.F27C4DBABD9006445730EE8458C4CD46.d.9D67BBCAA0244E63C0EC73486A76C2F4.e.3510/click - {}
RESULT: {}
COMMAND: GET /session/0a296c8df6193005a2b2e718ebd9da63/screenshot - {}
RESULT: {}
COMMAND: POST /session/0a296c8df6193005a2b2e718ebd9da63/element - {"using":"xpath","value":"//button[@data-kt=\"AddNewHOSaveButton\"]"}
RESULT: {"using":"xpath","value":"//button[@data-kt=\"AddNewHOSaveButton\"]"}
COMMAND: POST /session/0a296c8df6193005a2b2e718ebd9da63/element/f.F27C4DBABD9006445730EE8458C4CD46.d.9D67BBCAA0244E63C0EC73486A76C2F4.e.3514/click - {}
RESULT: {}
COMMAND: GET /session/0a296c8df6193005a2b2e718ebd9da63/screenshot - {}
RESULT: {}
COMMAND: POST /session/0a296c8df6193005a2b2e718ebd9da63/execute/async - {"script":"<script> [1562 bytes]","args":[{"selector":{"id":"receiptDatePicker","viewName":"etm.portal.ui.managehandovers.view.DetailExecuteHO","interaction":{"idSuffix":"inner"}},"wdio_ui5_key":"receiptDatePickeretmportal.ui.managehandovers.view.DetailExecuteHO"}]}
RESULT: {"script":"<script> [1562 bytes]","args":[{"selector":{"id":"receiptDatePicker","viewName":"etm.portal.ui.managehandovers.view.DetailExecuteHO","interaction":{"idSuffix":"inner"}},"wdio_ui5_key":"receiptDatePickeretmportal.ui.managehandovers.view.DetailExecuteHO"}]}
RESULT: undefined
COMMAND: POST /session/0a296c8df6193005a2b2e718ebd9da63/execute/async - {"script":"<script> [6424 bytes]","args":[{"element-6066-11e4-a52e-4f735466cecf":"f.F27C4DBABD9006445730EE8458C4CD46.d.9D67BBCAA0244E63C0EC73486A76C2F4.e.3545"},"setValue",["5/24/25"]]}
RESULT: {"script":"<script> [6424 bytes]","args":[{"element-6066-11e4-a52e-4f735466cecf":"f.F27C4DBABD9006445730EE8458C4CD46.d.9D67BBCAA0244E63C0EC73486A76C2F4.e.3545"},"setValue",["5/24/25"]]}
COMMAND: POST /session/0a296c8df6193005a2b2e718ebd9da63/element - {"using":"xpath","value":"//button[@data-kt=\"ReceivingTableConfirmAllButton\"]"}
RESULT: {"using":"xpath","value":"//button[@data-kt=\"ReceivingTableConfirmAllButton\"]"}
COMMAND: POST /session/0a296c8df6193005a2b2e718ebd9da63/element/f.F27C4DBABD9006445730EE8458C4CD46.d.9D67BBCAA0244E63C0EC73486A76C2F4.e.3560/click - {}
RESULT: {}
COMMAND: GET /session/0a296c8df6193005a2b2e718ebd9da63/screenshot - {}
RESULT: {}
COMMAND: POST /session/0a296c8df6193005a2b2e718ebd9da63/element - {"using":"xpath","value":"//bdi[contains(text(), \"OK\")]"}
RESULT: {"using":"xpath","value":"//bdi[contains(text(), \"OK\")]"}
COMMAND: POST /session/0a296c8df6193005a2b2e718ebd9da63/element/f.F27C4DBABD9006445730EE8458C4CD46.d.9D67BBCAA0244E63C0EC73486A76C2F4.e.3562/click - {}
RESULT: {}
COMMAND: GET /session/0a296c8df6193005a2b2e718ebd9da63/screenshot - {}
RESULT: {}
COMMAND: POST /session/0a296c8df6193005a2b2e718ebd9da63/element - {"using":"xpath","value":"(//bdi[contains(text(), \"Receive\")])[2]"}
RESULT: {"using":"xpath","value":"(//bdi[contains(text(), \"Receive\")])[2]"}
COMMAND: POST /session/0a296c8df6193005a2b2e718ebd9da63/element/f.F27C4DBABD9006445730EE8458C4CD46.d.9D67BBCAA0244E63C0EC73486A76C2F4.e.3564/click - {}
RESULT: {}
COMMAND: GET /session/0a296c8df6193005a2b2e718ebd9da63/screenshot - {}
RESULT: {}
COMMAND: POST /session/0a296c8df6193005a2b2e718ebd9da63/element - {"using":"css selector","value":"#shell-header-logo"}
RESULT: {"using":"css selector","value":"#shell-header-logo"}
COMMAND: POST /session/0a296c8df6193005a2b2e718ebd9da63/element/f.F27C4DBABD9006445730EE8458C4CD46.d.9D67BBCAA0244E63C0EC73486A76C2F4.e.2945/click - {}
RESULT: {}
COMMAND: GET /session/0a296c8df6193005a2b2e718ebd9da63/screenshot - {}
RESULT: {}
]]></system-out>
    </testcase>
    <testcase classname="chrome.136_0_7103_93.windows.Create_masterdata_for_Yard_Overview_-_trigger_provide_US130988" name="Should create a new contract" time="59.252">
      <system-out><![CDATA[
COMMAND: POST /session/0a296c8df6193005a2b2e718ebd9da63/execute/async - {"script":"<script> [1562 bytes]","args":[{"selector":{"controlType":"sap.m.GenericTile","properties":{"header":"Manage Contracts"}},"wdio_ui5_key":"sapm.GenericTile{\"header\":\"Manage Contracts\"}"}]}
RESULT: {"script":"<script> [1562 bytes]","args":[{"selector":{"controlType":"sap.m.GenericTile","properties":{"header":"Manage Contracts"}},"wdio_ui5_key":"sapm.GenericTile{\"header\":\"Manage Contracts\"}"}]}
RESULT: undefined
COMMAND: POST /session/0a296c8df6193005a2b2e718ebd9da63/element - {"using":"xpath","value":"//*[@id=\"__tile133\"]"}
RESULT: {"using":"xpath","value":"//*[@id=\"__tile133\"]"}
COMMAND: POST /session/0a296c8df6193005a2b2e718ebd9da63/element/f.F27C4DBABD9006445730EE8458C4CD46.d.9D67BBCAA0244E63C0EC73486A76C2F4.e.138/click - {}
RESULT: {}
COMMAND: GET /session/0a296c8df6193005a2b2e718ebd9da63/screenshot - {}
RESULT: {}
COMMAND: POST /session/0a296c8df6193005a2b2e718ebd9da63/elements - {"using":"xpath","value":"//span[text()='Error']"}
RESULT: {"using":"xpath","value":"//span[text()='Error']"}
COMMAND: POST /session/0a296c8df6193005a2b2e718ebd9da63/element - {"using":"xpath","value":"//button[@data-kt=\"addButton\"]"}
RESULT: {"using":"xpath","value":"//button[@data-kt=\"addButton\"]"}
COMMAND: POST /session/0a296c8df6193005a2b2e718ebd9da63/elements - {"using":"xpath","value":"//button[@data-kt=\"addButton\"]"}
RESULT: {"using":"xpath","value":"//button[@data-kt=\"addButton\"]"}
COMMAND: POST /session/0a296c8df6193005a2b2e718ebd9da63/execute/sync - {"script":"<script> [8489 bytes]","args":[{"element-6066-11e4-a52e-4f735466cecf":"f.F27C4DBABD9006445730EE8458C4CD46.d.9D67BBCAA0244E63C0EC73486A76C2F4.e.3896","ELEMENT":"f.F27C4DBABD9006445730EE8458C4CD46.d.9D67BBCAA0244E63C0EC73486A76C2F4.e.3896"}]}
RESULT: {"script":"<script> [8489 bytes]","args":[{"element-6066-11e4-a52e-4f735466cecf":"f.F27C4DBABD9006445730EE8458C4CD46.d.9D67BBCAA0244E63C0EC73486A76C2F4.e.3896","ELEMENT":"f.F27C4DBABD9006445730EE8458C4CD46.d.9D67BBCAA0244E63C0EC73486A76C2F4.e.3896"}]}
COMMAND: GET /session/0a296c8df6193005a2b2e718ebd9da63/element/f.F27C4DBABD9006445730EE8458C4CD46.d.9D67BBCAA0244E63C0EC73486A76C2F4.e.3896/enabled - {}
COMMAND: GET /session/0a296c8df6193005a2b2e718ebd9da63/screenshot - {}
RESULT: {}
COMMAND: POST /session/0a296c8df6193005a2b2e718ebd9da63/execute/sync - {"script":"<script> [8489 bytes]","args":[{"element-6066-11e4-a52e-4f735466cecf":"f.F27C4DBABD9006445730EE8458C4CD46.d.9D67BBCAA0244E63C0EC73486A76C2F4.e.3896","ELEMENT":"f.F27C4DBABD9006445730EE8458C4CD46.d.9D67BBCAA0244E63C0EC73486A76C2F4.e.3896"}]}
COMMAND: GET /session/0a296c8df6193005a2b2e718ebd9da63/screenshot - {}
RESULT: {}
RESULT: {"script":"<script> [8489 bytes]","args":[{"element-6066-11e4-a52e-4f735466cecf":"f.F27C4DBABD9006445730EE8458C4CD46.d.9D67BBCAA0244E63C0EC73486A76C2F4.e.3896","ELEMENT":"f.F27C4DBABD9006445730EE8458C4CD46.d.9D67BBCAA0244E63C0EC73486A76C2F4.e.3896"}]}
COMMAND: POST /session/0a296c8df6193005a2b2e718ebd9da63/execute/sync - {"script":"<script> [5351 bytes]","args":[{"element-6066-11e4-a52e-4f735466cecf":"f.F27C4DBABD9006445730EE8458C4CD46.d.9D67BBCAA0244E63C0EC73486A76C2F4.e.3896","ELEMENT":"f.F27C4DBABD9006445730EE8458C4CD46.d.9D67BBCAA0244E63C0EC73486A76C2F4.e.3896"}]}
COMMAND: GET /session/0a296c8df6193005a2b2e718ebd9da63/screenshot - {}
RESULT: {}
RESULT: {"script":"<script> [5351 bytes]","args":[{"element-6066-11e4-a52e-4f735466cecf":"f.F27C4DBABD9006445730EE8458C4CD46.d.9D67BBCAA0244E63C0EC73486A76C2F4.e.3896","ELEMENT":"f.F27C4DBABD9006445730EE8458C4CD46.d.9D67BBCAA0244E63C0EC73486A76C2F4.e.3896"}]}
COMMAND: GET /session/0a296c8df6193005a2b2e718ebd9da63/screenshot - {}
RESULT: {}
RESULT: {}
COMMAND: POST /session/0a296c8df6193005a2b2e718ebd9da63/element/f.F27C4DBABD9006445730EE8458C4CD46.d.9D67BBCAA0244E63C0EC73486A76C2F4.e.3896/click - {}
RESULT: {}
COMMAND: GET /session/0a296c8df6193005a2b2e718ebd9da63/screenshot - {}
RESULT: {}
COMMAND: POST /session/0a296c8df6193005a2b2e718ebd9da63/execute/async - {"script":"<script> [1562 bytes]","args":[{"selector":{"id":"application-managecontracts-display-component---AddNewContract--projectDescription","interaction":{"idSuffix":"inner"}},"wdio_ui5_key":"applicationmanagecontracts-display-component---AddNewContract--projectDescription"}]}
RESULT: {"script":"<script> [1562 bytes]","args":[{"selector":{"id":"application-managecontracts-display-component---AddNewContract--projectDescription","interaction":{"idSuffix":"inner"}},"wdio_ui5_key":"applicationmanagecontracts-display-component---AddNewContract--projectDescription"}]}
RESULT: undefined
COMMAND: POST /session/0a296c8df6193005a2b2e718ebd9da63/execute/async - {"script":"<script> [776 bytes]","args":[{"enterText":"Contract WDIO","selector":{"id":"application-managecontracts-display-component---AddNewContract--projectDescription","interaction":{"idSuffix":"inner"}},"clearTextFirst":true,"interactionType":"ENTER_TEXT"}]}
RESULT: {"script":"<script> [776 bytes]","args":[{"enterText":"Contract WDIO","selector":{"id":"application-managecontracts-display-component---AddNewContract--projectDescription","interaction":{"idSuffix":"inner"}},"clearTextFirst":true,"interactionType":"ENTER_TEXT"}]}
COMMAND: POST /session/0a296c8df6193005a2b2e718ebd9da63/element - {"using":"xpath","value":"//input[@id=\"application-managecontracts-display-component---AddNewContract--site-inner\"]"}
RESULT: {"using":"xpath","value":"//input[@id=\"application-managecontracts-display-component---AddNewContract--site-inner\"]"}
COMMAND: POST /session/0a296c8df6193005a2b2e718ebd9da63/element/f.F27C4DBABD9006445730EE8458C4CD46.d.9D67BBCAA0244E63C0EC73486A76C2F4.e.4215/clear - {}
RESULT: {}
COMMAND: POST /session/0a296c8df6193005a2b2e718ebd9da63/element/f.F27C4DBABD9006445730EE8458C4CD46.d.9D67BBCAA0244E63C0EC73486A76C2F4.e.4215/value - {"text":"2091"}
COMMAND: GET /session/0a296c8df6193005a2b2e718ebd9da63/screenshot - {}
RESULT: {"text":"2091"}
COMMAND: GET /session/0a296c8df6193005a2b2e718ebd9da63/screenshot - {}
RESULT: {}
RESULT: {}
COMMAND: POST /session/0a296c8df6193005a2b2e718ebd9da63/element - {"using":"xpath","value":"//li[.//span[text()='2091']]"}
RESULT: {"using":"xpath","value":"//li[.//span[text()='2091']]"}
COMMAND: POST /session/0a296c8df6193005a2b2e718ebd9da63/element/f.F27C4DBABD9006445730EE8458C4CD46.d.9D67BBCAA0244E63C0EC73486A76C2F4.e.4305/click - {}
RESULT: {}
COMMAND: GET /session/0a296c8df6193005a2b2e718ebd9da63/screenshot - {}
RESULT: {}
COMMAND: POST /session/0a296c8df6193005a2b2e718ebd9da63/element - {"using":"xpath","value":"//input[@id=\"application-managecontracts-display-component---AddNewContract--yardId-inner\"]"}
RESULT: {"using":"xpath","value":"//input[@id=\"application-managecontracts-display-component---AddNewContract--yardId-inner\"]"}
COMMAND: GET /session/0a296c8df6193005a2b2e718ebd9da63/element/f.F27C4DBABD9006445730EE8458C4CD46.d.9D67BBCAA0244E63C0EC73486A76C2F4.e.4216/property/value - {}
RESULT: {}
COMMAND: POST /session/0a296c8df6193005a2b2e718ebd9da63/element - {"using":"xpath","value":"//input[@id=\"application-managecontracts-display-component---AddNewContract--customerSelect-inner\"]"}
COMMAND: GET /session/0a296c8df6193005a2b2e718ebd9da63/screenshot - {}
RESULT: {"using":"xpath","value":"//input[@id=\"application-managecontracts-display-component---AddNewContract--customerSelect-inner\"]"}
COMMAND: POST /session/0a296c8df6193005a2b2e718ebd9da63/element/f.F27C4DBABD9006445730EE8458C4CD46.d.9D67BBCAA0244E63C0EC73486A76C2F4.e.4214/clear - {}
RESULT: {}
RESULT: {}
COMMAND: POST /session/0a296c8df6193005a2b2e718ebd9da63/element/f.F27C4DBABD9006445730EE8458C4CD46.d.9D67BBCAA0244E63C0EC73486A76C2F4.e.4214/value - {"text":"1094"}
COMMAND: GET /session/0a296c8df6193005a2b2e718ebd9da63/screenshot - {}
RESULT: {"text":"1094"}
COMMAND: GET /session/0a296c8df6193005a2b2e718ebd9da63/screenshot - {}
RESULT: {}
RESULT: {}
COMMAND: POST /session/0a296c8df6193005a2b2e718ebd9da63/element - {"using":"xpath","value":"//li[.//span[text()='1094']]"}
RESULT: {"using":"xpath","value":"//li[.//span[text()='1094']]"}
COMMAND: POST /session/0a296c8df6193005a2b2e718ebd9da63/element/f.F27C4DBABD9006445730EE8458C4CD46.d.9D67BBCAA0244E63C0EC73486A76C2F4.e.4308/click - {}
RESULT: {}
COMMAND: GET /session/0a296c8df6193005a2b2e718ebd9da63/screenshot - {}
RESULT: {}
COMMAND: POST /session/0a296c8df6193005a2b2e718ebd9da63/element - {"using":"xpath","value":"//button[@data-kt=\"saveButton\"]"}
RESULT: {"using":"xpath","value":"//button[@data-kt=\"saveButton\"]"}
COMMAND: POST /session/0a296c8df6193005a2b2e718ebd9da63/element/f.F27C4DBABD9006445730EE8458C4CD46.d.9D67BBCAA0244E63C0EC73486A76C2F4.e.4298/click - {}
RESULT: {}
COMMAND: GET /session/0a296c8df6193005a2b2e718ebd9da63/screenshot - {}
RESULT: {}
COMMAND: POST /session/0a296c8df6193005a2b2e718ebd9da63/element - {"using":"xpath","value":"//span[contains(@id ,\"contractDetailTitleNoExpanded\")]"}
RESULT: {"using":"xpath","value":"//span[contains(@id ,\"contractDetailTitleNoExpanded\")]"}
COMMAND: POST /session/0a296c8df6193005a2b2e718ebd9da63/elements - {"using":"xpath","value":"//span[contains(@id ,\"contractDetailTitleNoExpanded\")]"}
RESULT: {"using":"xpath","value":"//span[contains(@id ,\"contractDetailTitleNoExpanded\")]"}
COMMAND: POST /session/0a296c8df6193005a2b2e718ebd9da63/execute/sync - {"script":"<script> [56 bytes]","args":[{"element-6066-11e4-a52e-4f735466cecf":"f.F27C4DBABD9006445730EE8458C4CD46.d.9D67BBCAA0244E63C0EC73486A76C2F4.e.4379","ELEMENT":"f.F27C4DBABD9006445730EE8458C4CD46.d.9D67BBCAA0244E63C0EC73486A76C2F4.e.4379"}]}
RESULT: {"script":"<script> [56 bytes]","args":[{"element-6066-11e4-a52e-4f735466cecf":"f.F27C4DBABD9006445730EE8458C4CD46.d.9D67BBCAA0244E63C0EC73486A76C2F4.e.4379","ELEMENT":"f.F27C4DBABD9006445730EE8458C4CD46.d.9D67BBCAA0244E63C0EC73486A76C2F4.e.4379"}]}
COMMAND: GET /session/0a296c8df6193005a2b2e718ebd9da63/screenshot - {}
RESULT: {}
]]></system-out>
    </testcase>
    <testcase classname="chrome.136_0_7103_93.windows.Create_masterdata_for_Yard_Overview_-_trigger_provide_US130988" name="Should add created equipment to contract" time="63.541">
      <system-out><![CDATA[
COMMAND: POST /session/0a296c8df6193005a2b2e718ebd9da63/element - {"using":"xpath","value":"//button[@data-kt=\"contractDetailEditBtnButton\"]"}
RESULT: {"using":"xpath","value":"//button[@data-kt=\"contractDetailEditBtnButton\"]"}
COMMAND: POST /session/0a296c8df6193005a2b2e718ebd9da63/element/f.F27C4DBABD9006445730EE8458C4CD46.d.9D67BBCAA0244E63C0EC73486A76C2F4.e.4381/click - {}
RESULT: {}
COMMAND: GET /session/0a296c8df6193005a2b2e718ebd9da63/screenshot - {}
RESULT: {}
COMMAND: POST /session/0a296c8df6193005a2b2e718ebd9da63/element - {"using":"xpath","value":"(//span[contains(text(), \"Additional Addresses\")])[2]"}
RESULT: {"using":"xpath","value":"(//span[contains(text(), \"Additional Addresses\")])[2]"}
COMMAND: POST /session/0a296c8df6193005a2b2e718ebd9da63/element/f.F27C4DBABD9006445730EE8458C4CD46.d.9D67BBCAA0244E63C0EC73486A76C2F4.e.4437/click - {}
RESULT: {}
COMMAND: GET /session/0a296c8df6193005a2b2e718ebd9da63/screenshot - {}
RESULT: {}
COMMAND: POST /session/0a296c8df6193005a2b2e718ebd9da63/element - {"using":"xpath","value":"//button[@data-kt=\"btnAddTableRowOverflowToolbarButton\"]"}
RESULT: {"using":"xpath","value":"//button[@data-kt=\"btnAddTableRowOverflowToolbarButton\"]"}
COMMAND: POST /session/0a296c8df6193005a2b2e718ebd9da63/element/f.F27C4DBABD9006445730EE8458C4CD46.d.9D67BBCAA0244E63C0EC73486A76C2F4.e.4440/click - {}
RESULT: {}
COMMAND: GET /session/0a296c8df6193005a2b2e718ebd9da63/screenshot - {}
RESULT: {}
COMMAND: POST /session/0a296c8df6193005a2b2e718ebd9da63/element - {"using":"xpath","value":"//div[(text() = 'Standard Entry' or . = 'Standard Entry')]"}
RESULT: {"using":"xpath","value":"//div[(text() = 'Standard Entry' or . = 'Standard Entry')]"}
COMMAND: POST /session/0a296c8df6193005a2b2e718ebd9da63/element/f.F27C4DBABD9006445730EE8458C4CD46.d.9D67BBCAA0244E63C0EC73486A76C2F4.e.4442/click - {}
RESULT: {}
COMMAND: GET /session/0a296c8df6193005a2b2e718ebd9da63/screenshot - {}
RESULT: {}
COMMAND: POST /session/0a296c8df6193005a2b2e718ebd9da63/element - {"using":"xpath","value":"//td[6]/div/div/div/span"}
RESULT: {"using":"xpath","value":"//td[6]/div/div/div/span"}
COMMAND: POST /session/0a296c8df6193005a2b2e718ebd9da63/element/f.F27C4DBABD9006445730EE8458C4CD46.d.9D67BBCAA0244E63C0EC73486A76C2F4.e.4454/click - {}
RESULT: {}
COMMAND: GET /session/0a296c8df6193005a2b2e718ebd9da63/screenshot - {}
RESULT: {}
COMMAND: POST /session/0a296c8df6193005a2b2e718ebd9da63/element - {"using":"xpath","value":"(//span[contains(text(), \"Material\")])"}
RESULT: {"using":"xpath","value":"(//span[contains(text(), \"Material\")])"}
COMMAND: POST /session/0a296c8df6193005a2b2e718ebd9da63/element/f.F27C4DBABD9006445730EE8458C4CD46.d.9D67BBCAA0244E63C0EC73486A76C2F4.e.4456/click - {}
RESULT: {}
COMMAND: GET /session/0a296c8df6193005a2b2e718ebd9da63/screenshot - {}
RESULT: {}
COMMAND: POST /session/0a296c8df6193005a2b2e718ebd9da63/element - {"using":"xpath","value":"//td[7]/div/div/input"}
RESULT: {"using":"xpath","value":"//td[7]/div/div/input"}
COMMAND: POST /session/0a296c8df6193005a2b2e718ebd9da63/element/f.F27C4DBABD9006445730EE8458C4CD46.d.9D67BBCAA0244E63C0EC73486A76C2F4.e.4459/clear - {}
RESULT: {}
COMMAND: POST /session/0a296c8df6193005a2b2e718ebd9da63/element/f.F27C4DBABD9006445730EE8458C4CD46.d.9D67BBCAA0244E63C0EC73486A76C2F4.e.4459/value - {"text":"200104"}
COMMAND: GET /session/0a296c8df6193005a2b2e718ebd9da63/screenshot - {}
RESULT: {"text":"200104"}
COMMAND: GET /session/0a296c8df6193005a2b2e718ebd9da63/screenshot - {}
RESULT: {}
RESULT: {}
COMMAND: POST /session/0a296c8df6193005a2b2e718ebd9da63/actions - {"actions":[{"id":"action10","type":"key","parameters":{},"actions":[{"type":"keyDown","value":""},{"type":"pause","duration":10},{"type":"keyUp","value":""}]}]}
RESULT: {"actions":[{"id":"action10","type":"key","parameters":{},"actions":[{"type":"keyDown","value":""},{"type":"pause","duration":10},{"type":"keyUp","value":""}]}]}
COMMAND: GET /session/0a296c8df6193005a2b2e718ebd9da63/screenshot - {}
RESULT: {}
COMMAND: POST /session/0a296c8df6193005a2b2e718ebd9da63/execute/sync - {"script":"<script> [276 bytes]","args":["No pricing information was found"]}
RESULT: {"script":"<script> [276 bytes]","args":["No pricing information was found"]}
COMMAND: POST /session/0a296c8df6193005a2b2e718ebd9da63/element - {"using":"xpath","value":"//bdi[contains(text(), \"OK\")]"}
COMMAND: GET /session/0a296c8df6193005a2b2e718ebd9da63/screenshot - {}
RESULT: {"using":"xpath","value":"//bdi[contains(text(), \"OK\")]"}
COMMAND: POST /session/0a296c8df6193005a2b2e718ebd9da63/element/f.F27C4DBABD9006445730EE8458C4CD46.d.9D67BBCAA0244E63C0EC73486A76C2F4.e.4485/click - {}
RESULT: {}
RESULT: {}
COMMAND: GET /session/0a296c8df6193005a2b2e718ebd9da63/screenshot - {}
RESULT: {}
COMMAND: POST /session/0a296c8df6193005a2b2e718ebd9da63/element - {"using":"xpath","value":"(//button[@data-kt=\"saveButton\"])[2]"}
RESULT: {"using":"xpath","value":"(//button[@data-kt=\"saveButton\"])[2]"}
COMMAND: POST /session/0a296c8df6193005a2b2e718ebd9da63/element/f.F27C4DBABD9006445730EE8458C4CD46.d.9D67BBCAA0244E63C0EC73486A76C2F4.e.4486/click - {}
RESULT: {}
COMMAND: GET /session/0a296c8df6193005a2b2e718ebd9da63/screenshot - {}
RESULT: {}
COMMAND: POST /session/0a296c8df6193005a2b2e718ebd9da63/execute/sync - {"script":"<script> [276 bytes]","args":["Some contract items are having rental validity exceeding header rental validity"]}
RESULT: {"script":"<script> [276 bytes]","args":["Some contract items are having rental validity exceeding header rental validity"]}
COMMAND: GET /session/0a296c8df6193005a2b2e718ebd9da63/screenshot - {}
RESULT: {}
COMMAND: POST /session/0a296c8df6193005a2b2e718ebd9da63/element - {"using":"xpath","value":"//span[contains(@id ,\"contractItemsSmartTable-header-inner\")]"}
RESULT: {"using":"xpath","value":"//span[contains(@id ,\"contractItemsSmartTable-header-inner\")]"}
COMMAND: POST /session/0a296c8df6193005a2b2e718ebd9da63/elements - {"using":"xpath","value":"//span[contains(@id ,\"contractItemsSmartTable-header-inner\")]"}
RESULT: {"using":"xpath","value":"//span[contains(@id ,\"contractItemsSmartTable-header-inner\")]"}
COMMAND: POST /session/0a296c8df6193005a2b2e718ebd9da63/execute/sync - {"script":"<script> [56 bytes]","args":[{"element-6066-11e4-a52e-4f735466cecf":"f.F27C4DBABD9006445730EE8458C4CD46.d.9D67BBCAA0244E63C0EC73486A76C2F4.e.4490","ELEMENT":"f.F27C4DBABD9006445730EE8458C4CD46.d.9D67BBCAA0244E63C0EC73486A76C2F4.e.4490"}]}
RESULT: {"script":"<script> [56 bytes]","args":[{"element-6066-11e4-a52e-4f735466cecf":"f.F27C4DBABD9006445730EE8458C4CD46.d.9D67BBCAA0244E63C0EC73486A76C2F4.e.4490","ELEMENT":"f.F27C4DBABD9006445730EE8458C4CD46.d.9D67BBCAA0244E63C0EC73486A76C2F4.e.4490"}]}
COMMAND: POST /session/0a296c8df6193005a2b2e718ebd9da63/element - {"using":"css selector","value":"#shell-header-logo"}
COMMAND: GET /session/0a296c8df6193005a2b2e718ebd9da63/screenshot - {}
RESULT: {"using":"css selector","value":"#shell-header-logo"}
COMMAND: POST /session/0a296c8df6193005a2b2e718ebd9da63/element/f.F27C4DBABD9006445730EE8458C4CD46.d.9D67BBCAA0244E63C0EC73486A76C2F4.e.3852/click - {}
RESULT: {}
RESULT: {}
COMMAND: GET /session/0a296c8df6193005a2b2e718ebd9da63/screenshot - {}
RESULT: {}
]]></system-out>
    </testcase>
    <testcase classname="chrome.136_0_7103_93.windows.Create_masterdata_for_Yard_Overview_-_trigger_provide_US130988" name="Navigate to Yard overview and provide the RU" time="155.423">
      <failure/>
      <error message="Can't call click on element with selector &quot;//button[@data-kt=&quot;IssuingTableConfirmAllButton&quot;]&quot; because element wasn't found"/>
      <system-out><![CDATA[
COMMAND: POST /session/0a296c8df6193005a2b2e718ebd9da63/execute/async - {"script":"<script> [1562 bytes]","args":[{"selector":{"controlType":"sap.m.GenericTile","properties":{"header":"Yard Overview"}},"wdio_ui5_key":"sapm.GenericTile{\"header\":\"Yard Overview\"}"}]}
RESULT: {"script":"<script> [1562 bytes]","args":[{"selector":{"controlType":"sap.m.GenericTile","properties":{"header":"Yard Overview"}},"wdio_ui5_key":"sapm.GenericTile{\"header\":\"Yard Overview\"}"}]}
RESULT: undefined
COMMAND: POST /session/0a296c8df6193005a2b2e718ebd9da63/element - {"using":"xpath","value":"//*[@id=\"__tile102\"]"}
RESULT: {"using":"xpath","value":"//*[@id=\"__tile102\"]"}
COMMAND: POST /session/0a296c8df6193005a2b2e718ebd9da63/element/f.F27C4DBABD9006445730EE8458C4CD46.d.9D67BBCAA0244E63C0EC73486A76C2F4.e.4492/click - {}
RESULT: {}
COMMAND: GET /session/0a296c8df6193005a2b2e718ebd9da63/screenshot - {}
RESULT: {}
COMMAND: POST /session/0a296c8df6193005a2b2e718ebd9da63/elements - {"using":"xpath","value":"//span[text()='Error']"}
RESULT: {"using":"xpath","value":"//span[text()='Error']"}
COMMAND: POST /session/0a296c8df6193005a2b2e718ebd9da63/element - {"using":"xpath","value":"//input[contains(@id,\"smartFilterBar-btnBasicSearch-I\")]"}
RESULT: {"using":"xpath","value":"//input[contains(@id,\"smartFilterBar-btnBasicSearch-I\")]"}
COMMAND: POST /session/0a296c8df6193005a2b2e718ebd9da63/elements - {"using":"xpath","value":"//input[contains(@id,\"smartFilterBar-btnBasicSearch-I\")]"}
RESULT: {"using":"xpath","value":"//input[contains(@id,\"smartFilterBar-btnBasicSearch-I\")]"}
COMMAND: POST /session/0a296c8df6193005a2b2e718ebd9da63/execute/sync - {"script":"<script> [8489 bytes]","args":[{"element-6066-11e4-a52e-4f735466cecf":"f.F27C4DBABD9006445730EE8458C4CD46.d.9D67BBCAA0244E63C0EC73486A76C2F4.e.4499","ELEMENT":"f.F27C4DBABD9006445730EE8458C4CD46.d.9D67BBCAA0244E63C0EC73486A76C2F4.e.4499"}]}
RESULT: {"script":"<script> [8489 bytes]","args":[{"element-6066-11e4-a52e-4f735466cecf":"f.F27C4DBABD9006445730EE8458C4CD46.d.9D67BBCAA0244E63C0EC73486A76C2F4.e.4499","ELEMENT":"f.F27C4DBABD9006445730EE8458C4CD46.d.9D67BBCAA0244E63C0EC73486A76C2F4.e.4499"}]}
COMMAND: GET /session/0a296c8df6193005a2b2e718ebd9da63/element/f.F27C4DBABD9006445730EE8458C4CD46.d.9D67BBCAA0244E63C0EC73486A76C2F4.e.4499/enabled - {}
COMMAND: GET /session/0a296c8df6193005a2b2e718ebd9da63/screenshot - {}
RESULT: {}
COMMAND: POST /session/0a296c8df6193005a2b2e718ebd9da63/execute/sync - {"script":"<script> [8489 bytes]","args":[{"element-6066-11e4-a52e-4f735466cecf":"f.F27C4DBABD9006445730EE8458C4CD46.d.9D67BBCAA0244E63C0EC73486A76C2F4.e.4499","ELEMENT":"f.F27C4DBABD9006445730EE8458C4CD46.d.9D67BBCAA0244E63C0EC73486A76C2F4.e.4499"}]}
COMMAND: GET /session/0a296c8df6193005a2b2e718ebd9da63/screenshot - {}
RESULT: {}
RESULT: {"script":"<script> [8489 bytes]","args":[{"element-6066-11e4-a52e-4f735466cecf":"f.F27C4DBABD9006445730EE8458C4CD46.d.9D67BBCAA0244E63C0EC73486A76C2F4.e.4499","ELEMENT":"f.F27C4DBABD9006445730EE8458C4CD46.d.9D67BBCAA0244E63C0EC73486A76C2F4.e.4499"}]}
COMMAND: POST /session/0a296c8df6193005a2b2e718ebd9da63/execute/sync - {"script":"<script> [5351 bytes]","args":[{"element-6066-11e4-a52e-4f735466cecf":"f.F27C4DBABD9006445730EE8458C4CD46.d.9D67BBCAA0244E63C0EC73486A76C2F4.e.4499","ELEMENT":"f.F27C4DBABD9006445730EE8458C4CD46.d.9D67BBCAA0244E63C0EC73486A76C2F4.e.4499"}]}
COMMAND: GET /session/0a296c8df6193005a2b2e718ebd9da63/screenshot - {}
RESULT: {}
RESULT: {"script":"<script> [5351 bytes]","args":[{"element-6066-11e4-a52e-4f735466cecf":"f.F27C4DBABD9006445730EE8458C4CD46.d.9D67BBCAA0244E63C0EC73486A76C2F4.e.4499","ELEMENT":"f.F27C4DBABD9006445730EE8458C4CD46.d.9D67BBCAA0244E63C0EC73486A76C2F4.e.4499"}]}
COMMAND: GET /session/0a296c8df6193005a2b2e718ebd9da63/screenshot - {}
RESULT: {}
RESULT: {}
COMMAND: POST /session/0a296c8df6193005a2b2e718ebd9da63/element/f.F27C4DBABD9006445730EE8458C4CD46.d.9D67BBCAA0244E63C0EC73486A76C2F4.e.4499/clear - {}
RESULT: {}
COMMAND: POST /session/0a296c8df6193005a2b2e718ebd9da63/element/f.F27C4DBABD9006445730EE8458C4CD46.d.9D67BBCAA0244E63C0EC73486A76C2F4.e.4499/value - {"text":"244"}
COMMAND: GET /session/0a296c8df6193005a2b2e718ebd9da63/screenshot - {}
RESULT: {"text":"244"}
COMMAND: GET /session/0a296c8df6193005a2b2e718ebd9da63/screenshot - {}
RESULT: {}
RESULT: {}
COMMAND: POST /session/0a296c8df6193005a2b2e718ebd9da63/actions - {"actions":[{"id":"action11","type":"key","parameters":{},"actions":[{"type":"keyDown","value":""},{"type":"pause","duration":10},{"type":"keyUp","value":""}]}]}
RESULT: {"actions":[{"id":"action11","type":"key","parameters":{},"actions":[{"type":"keyDown","value":""},{"type":"pause","duration":10},{"type":"keyUp","value":""}]}]}
COMMAND: GET /session/0a296c8df6193005a2b2e718ebd9da63/screenshot - {}
RESULT: {}
COMMAND: POST /session/0a296c8df6193005a2b2e718ebd9da63/element - {"using":"xpath","value":"//span[contains(@id, \"smartTable-header-inner\")]"}
RESULT: {"using":"xpath","value":"//span[contains(@id, \"smartTable-header-inner\")]"}
COMMAND: POST /session/0a296c8df6193005a2b2e718ebd9da63/elements - {"using":"xpath","value":"//span[contains(@id, \"smartTable-header-inner\")]"}
RESULT: {"using":"xpath","value":"//span[contains(@id, \"smartTable-header-inner\")]"}
COMMAND: POST /session/0a296c8df6193005a2b2e718ebd9da63/execute/sync - {"script":"<script> [56 bytes]","args":[{"element-6066-11e4-a52e-4f735466cecf":"f.F27C4DBABD9006445730EE8458C4CD46.d.9D67BBCAA0244E63C0EC73486A76C2F4.e.4568","ELEMENT":"f.F27C4DBABD9006445730EE8458C4CD46.d.9D67BBCAA0244E63C0EC73486A76C2F4.e.4568"}]}
RESULT: {"script":"<script> [56 bytes]","args":[{"element-6066-11e4-a52e-4f735466cecf":"f.F27C4DBABD9006445730EE8458C4CD46.d.9D67BBCAA0244E63C0EC73486A76C2F4.e.4568","ELEMENT":"f.F27C4DBABD9006445730EE8458C4CD46.d.9D67BBCAA0244E63C0EC73486A76C2F4.e.4568"}]}
COMMAND: POST /session/0a296c8df6193005a2b2e718ebd9da63/element - {"using":"xpath","value":"(//span[contains(@id, \"imgNav\")])[1]"}
COMMAND: GET /session/0a296c8df6193005a2b2e718ebd9da63/screenshot - {}
RESULT: {"using":"xpath","value":"(//span[contains(@id, \"imgNav\")])[1]"}
COMMAND: POST /session/0a296c8df6193005a2b2e718ebd9da63/element/f.F27C4DBABD9006445730EE8458C4CD46.d.9D67BBCAA0244E63C0EC73486A76C2F4.e.4567/click - {}
RESULT: {}
RESULT: {}
COMMAND: GET /session/0a296c8df6193005a2b2e718ebd9da63/screenshot - {}
RESULT: {}
COMMAND: POST /session/0a296c8df6193005a2b2e718ebd9da63/execute/async - {"script":"<script> [1562 bytes]","args":[{"selector":{"id":"application-yardoverview-display-component---detailYardInventory--openProvides-triggerAction-provideBtn","interaction":{"idSuffix":"BDI-content"}},"wdio_ui5_key":"applicationyardoverview-display-component---detailYardInventory--openProvides-triggerAction-provideBtn"}]}
RESULT: {"script":"<script> [1562 bytes]","args":[{"selector":{"id":"application-yardoverview-display-component---detailYardInventory--openProvides-triggerAction-provideBtn","interaction":{"idSuffix":"BDI-content"}},"wdio_ui5_key":"applicationyardoverview-display-component---detailYardInventory--openProvides-triggerAction-provideBtn"}]}
RESULT: undefined
COMMAND: POST /session/0a296c8df6193005a2b2e718ebd9da63/element - {"using":"xpath","value":"//*[@id=\"application-yardoverview-display-component---detailYardInventory--openProvides-triggerAction-provideBtn\"]"}
RESULT: {"using":"xpath","value":"//*[@id=\"application-yardoverview-display-component---detailYardInventory--openProvides-triggerAction-provideBtn\"]"}
COMMAND: POST /session/0a296c8df6193005a2b2e718ebd9da63/element/f.F27C4DBABD9006445730EE8458C4CD46.d.9D67BBCAA0244E63C0EC73486A76C2F4.e.4600/click - {}
RESULT: {}
COMMAND: GET /session/0a296c8df6193005a2b2e718ebd9da63/screenshot - {}
RESULT: {}
COMMAND: POST /session/0a296c8df6193005a2b2e718ebd9da63/execute/async - {"script":"<script> [1562 bytes]","args":[{"selector":{"controlType":"sap.m.CheckBox","viewName":"etm.portal.ui.yardoverview.view.Detail","viewId":"application-yardoverview-display-component---detailYardInventory","properties":{"editable":true},"ancestor":{"controlType":"sap.m.ColumnListItem","viewName":"etm.portal.ui.yardoverview.view.Detail","viewId":"application-yardoverview-display-component---detailYardInventory","bindingPath":{"path":"/SmartOpenRUYardInventory(CONTRACT='10179',ITEM=10m,SUB_ITEM=0m)"},"ancestor":{"id":"application-yardoverview-display-component---detailYardInventory--customProvidesTable"}},"interaction":{"idSuffix":"CbBg"}},"wdio_ui5_key":"etmportal.ui.yardoverview.view.Detailsap.m.CheckBox{\"editable\":true}{\"controlType\":\"sap.m.ColumnListItem\",\"viewName\":\"etm.portal.ui.yardoverview.view.Detail\",\"viewId\":\"application-yardoverview-display-component---detailYardInventory\",\"bindingPath\":{\"path\":\"/SmartOpenRUYardInventory(CONTRACT='10179',ITEM=10m,SUB_ITEM=0m)\"},\"ancestor\":{\"id\":\"application-yardoverview-display-component---detailYardInventory--customProvidesTable\"}}"}]}
RESULT: {"script":"<script> [1562 bytes]","args":[{"selector":{"controlType":"sap.m.CheckBox","viewName":"etm.portal.ui.yardoverview.view.Detail","viewId":"application-yardoverview-display-component---detailYardInventory","properties":{"editable":true},"ancestor":{"controlType":"sap.m.ColumnListItem","viewName":"etm.portal.ui.yardoverview.view.Detail","viewId":"application-yardoverview-display-component---detailYardInventory","bindingPath":{"path":"/SmartOpenRUYardInventory(CONTRACT='10179',ITEM=10m,SUB_ITEM=0m)"},"ancestor":{"id":"application-yardoverview-display-component---detailYardInventory--customProvidesTable"}},"interaction":{"idSuffix":"CbBg"}},"wdio_ui5_key":"etmportal.ui.yardoverview.view.Detailsap.m.CheckBox{\"editable\":true}{\"controlType\":\"sap.m.ColumnListItem\",\"viewName\":\"etm.portal.ui.yardoverview.view.Detail\",\"viewId\":\"application-yardoverview-display-component---detailYardInventory\",\"bindingPath\":{\"path\":\"/SmartOpenRUYardInventory(CONTRACT='10179',ITEM=10m,SUB_ITEM=0m)\"},\"ancestor\":{\"id\":\"application-yardoverview-display-component---detailYardInventory--customProvidesTable\"}}"}]}
RESULT: undefined
COMMAND: POST /session/0a296c8df6193005a2b2e718ebd9da63/element - {"using":"xpath","value":"//*[@id=\"__item2296-__clone7080-selectMulti\"]"}
RESULT: {"using":"xpath","value":"//*[@id=\"__item2296-__clone7080-selectMulti\"]"}
COMMAND: POST /session/0a296c8df6193005a2b2e718ebd9da63/element/f.F27C4DBABD9006445730EE8458C4CD46.d.9D67BBCAA0244E63C0EC73486A76C2F4.e.4685/click - {}
RESULT: {}
COMMAND: GET /session/0a296c8df6193005a2b2e718ebd9da63/screenshot - {}
RESULT: {}
RESULT: undefined
COMMAND: POST /session/0a296c8df6193005a2b2e718ebd9da63/element - {"using":"xpath","value":"//*[@id=\"application-yardoverview-display-component---detailYardInventory--openProvides-triggerAction-provideBtn\"]"}
RESULT: {"using":"xpath","value":"//*[@id=\"application-yardoverview-display-component---detailYardInventory--openProvides-triggerAction-provideBtn\"]"}
COMMAND: POST /session/0a296c8df6193005a2b2e718ebd9da63/element/f.F27C4DBABD9006445730EE8458C4CD46.d.9D67BBCAA0244E63C0EC73486A76C2F4.e.4600/click - {}
RESULT: {}
COMMAND: GET /session/0a296c8df6193005a2b2e718ebd9da63/screenshot - {}
RESULT: {}
COMMAND: POST /session/0a296c8df6193005a2b2e718ebd9da63/actions - {"actions":[{"id":"action12","type":"key","parameters":{},"actions":[{"type":"keyDown","value":""},{"type":"pause","duration":10},{"type":"keyUp","value":""}]}]}
RESULT: {"actions":[{"id":"action12","type":"key","parameters":{},"actions":[{"type":"keyDown","value":""},{"type":"pause","duration":10},{"type":"keyUp","value":""}]}]}
COMMAND: GET /session/0a296c8df6193005a2b2e718ebd9da63/screenshot - {}
RESULT: {}
COMMAND: POST /session/0a296c8df6193005a2b2e718ebd9da63/execute/async - {"script":"<script> [1562 bytes]","args":[{"selector":{"id":"application-yardoverview-display-component---detailYardInventory--smartTableProvides-btnPersonalisation-img"},"wdio_ui5_key":"applicationyardoverview-display-component---detailYardInventory--smartTableProvides-btnPersonalisation-img"}]}
RESULT: {"script":"<script> [1562 bytes]","args":[{"selector":{"id":"application-yardoverview-display-component---detailYardInventory--smartTableProvides-btnPersonalisation-img"},"wdio_ui5_key":"applicationyardoverview-display-component---detailYardInventory--smartTableProvides-btnPersonalisation-img"}]}
RESULT: undefined
COMMAND: POST /session/0a296c8df6193005a2b2e718ebd9da63/element - {"using":"xpath","value":"//*[@id=\"application-yardoverview-display-component---detailYardInventory--smartTableProvides-btnPersonalisation-img\"]"}
RESULT: {"using":"xpath","value":"//*[@id=\"application-yardoverview-display-component---detailYardInventory--smartTableProvides-btnPersonalisation-img\"]"}
COMMAND: POST /session/0a296c8df6193005a2b2e718ebd9da63/element/f.F27C4DBABD9006445730EE8458C4CD46.d.9D67BBCAA0244E63C0EC73486A76C2F4.e.4612/click - {}
RESULT: {}
COMMAND: POST /session/0a296c8df6193005a2b2e718ebd9da63/element - {"using":"xpath","value":"//input[contains(@id ,\"searchField-I\")]"}
COMMAND: GET /session/0a296c8df6193005a2b2e718ebd9da63/screenshot - {}
RESULT: {"using":"xpath","value":"//input[contains(@id ,\"searchField-I\")]"}
COMMAND: POST /session/0a296c8df6193005a2b2e718ebd9da63/element/f.F27C4DBABD9006445730EE8458C4CD46.d.9D67BBCAA0244E63C0EC73486A76C2F4.e.4703/clear - {}
RESULT: {}
RESULT: {}
COMMAND: POST /session/0a296c8df6193005a2b2e718ebd9da63/element/f.F27C4DBABD9006445730EE8458C4CD46.d.9D67BBCAA0244E63C0EC73486A76C2F4.e.4703/value - {"text":"Handover Provided"}
COMMAND: GET /session/0a296c8df6193005a2b2e718ebd9da63/screenshot - {}
RESULT: {"text":"Handover Provided"}
COMMAND: GET /session/0a296c8df6193005a2b2e718ebd9da63/screenshot - {}
RESULT: {}
RESULT: {}
COMMAND: POST /session/0a296c8df6193005a2b2e718ebd9da63/element - {"using":"xpath","value":"//div[contains(@id ,\"innerSelectionPanelTable-sa-CbBg\")]"}
RESULT: {"using":"xpath","value":"//div[contains(@id ,\"innerSelectionPanelTable-sa-CbBg\")]"}
COMMAND: POST /session/0a296c8df6193005a2b2e718ebd9da63/element/f.F27C4DBABD9006445730EE8458C4CD46.d.9D67BBCAA0244E63C0EC73486A76C2F4.e.4732/click - {}
RESULT: {}
COMMAND: GET /session/0a296c8df6193005a2b2e718ebd9da63/screenshot - {}
RESULT: {}
COMMAND: POST /session/0a296c8df6193005a2b2e718ebd9da63/element - {"using":"xpath","value":"//bdi[contains(@id ,\"confirmBtn-BDI-content\")]"}
RESULT: {"using":"xpath","value":"//bdi[contains(@id ,\"confirmBtn-BDI-content\")]"}
COMMAND: POST /session/0a296c8df6193005a2b2e718ebd9da63/element/f.F27C4DBABD9006445730EE8458C4CD46.d.9D67BBCAA0244E63C0EC73486A76C2F4.e.4733/click - {}
RESULT: {}
COMMAND: GET /session/0a296c8df6193005a2b2e718ebd9da63/screenshot - {}
RESULT: {}
COMMAND: POST /session/0a296c8df6193005a2b2e718ebd9da63/element - {"using":"xpath","value":"//a[contains(@data-kt ,\"OpenProvidesHandOverItemLink\")]"}
RESULT: {"using":"xpath","value":"//a[contains(@data-kt ,\"OpenProvidesHandOverItemLink\")]"}
COMMAND: POST /session/0a296c8df6193005a2b2e718ebd9da63/element/f.F27C4DBABD9006445730EE8458C4CD46.d.9D67BBCAA0244E63C0EC73486A76C2F4.e.4739/click - {}
RESULT: {}
COMMAND: GET /session/0a296c8df6193005a2b2e718ebd9da63/screenshot - {}
RESULT: {}
COMMAND: POST /session/0a296c8df6193005a2b2e718ebd9da63/actions - {"actions":[{"id":"action13","type":"key","parameters":{},"actions":[{"type":"keyDown","value":""},{"type":"pause","duration":10},{"type":"keyUp","value":""}]}]}
RESULT: {"actions":[{"id":"action13","type":"key","parameters":{},"actions":[{"type":"keyDown","value":""},{"type":"pause","duration":10},{"type":"keyUp","value":""}]}]}
COMMAND: GET /session/0a296c8df6193005a2b2e718ebd9da63/screenshot - {}
RESULT: {}
COMMAND: POST /session/0a296c8df6193005a2b2e718ebd9da63/execute/async - {"script":"<script> [1562 bytes]","args":[{"selector":{"id":"issueDatePicker","viewName":"etm.portal.ui.managehandovers.view.DetailExecuteHO","interaction":{"idSuffix":"inner"}},"wdio_ui5_key":"issueDatePickeretmportal.ui.managehandovers.view.DetailExecuteHO"}]}
RESULT: {"script":"<script> [1562 bytes]","args":[{"selector":{"id":"issueDatePicker","viewName":"etm.portal.ui.managehandovers.view.DetailExecuteHO","interaction":{"idSuffix":"inner"}},"wdio_ui5_key":"issueDatePickeretmportal.ui.managehandovers.view.DetailExecuteHO"}]}
RESULT: undefined
COMMAND: POST /session/0a296c8df6193005a2b2e718ebd9da63/execute/async - {"script":"<script> [776 bytes]","args":[{"enterText":"5/24/25","selector":{"id":"issueDatePicker","viewName":"etm.portal.ui.managehandovers.view.DetailExecuteHO","interaction":{"idSuffix":"inner"}},"clearTextFirst":true,"interactionType":"ENTER_TEXT"}]}
RESULT: {"script":"<script> [776 bytes]","args":[{"enterText":"5/24/25","selector":{"id":"issueDatePicker","viewName":"etm.portal.ui.managehandovers.view.DetailExecuteHO","interaction":{"idSuffix":"inner"}},"clearTextFirst":true,"interactionType":"ENTER_TEXT"}]}
COMMAND: POST /session/0a296c8df6193005a2b2e718ebd9da63/element - {"using":"xpath","value":"//button[@data-kt=\"IssuingTableConfirmAllButton\"]"}
RESULT: {"using":"xpath","value":"//button[@data-kt=\"IssuingTableConfirmAllButton\"]"}
COMMAND: POST /session/0a296c8df6193005a2b2e718ebd9da63/elements - {"using":"xpath","value":"//button[@data-kt=\"IssuingTableConfirmAllButton\"]"}
RESULT: {"using":"xpath","value":"//button[@data-kt=\"IssuingTableConfirmAllButton\"]"}
COMMAND: POST /session/0a296c8df6193005a2b2e718ebd9da63/elements - {"using":"xpath","value":"//button[@data-kt=\"IssuingTableConfirmAllButton\"]"}
RESULT: {"using":"xpath","value":"//button[@data-kt=\"IssuingTableConfirmAllButton\"]"}
COMMAND: POST /session/0a296c8df6193005a2b2e718ebd9da63/elements - {"using":"xpath","value":"//button[@data-kt=\"IssuingTableConfirmAllButton\"]"}
RESULT: {"using":"xpath","value":"//button[@data-kt=\"IssuingTableConfirmAllButton\"]"}
COMMAND: POST /session/0a296c8df6193005a2b2e718ebd9da63/elements - {"using":"xpath","value":"//button[@data-kt=\"IssuingTableConfirmAllButton\"]"}
RESULT: {"using":"xpath","value":"//button[@data-kt=\"IssuingTableConfirmAllButton\"]"}
COMMAND: POST /session/0a296c8df6193005a2b2e718ebd9da63/elements - {"using":"xpath","value":"//button[@data-kt=\"IssuingTableConfirmAllButton\"]"}
RESULT: {"using":"xpath","value":"//button[@data-kt=\"IssuingTableConfirmAllButton\"]"}
COMMAND: POST /session/0a296c8df6193005a2b2e718ebd9da63/elements - {"using":"xpath","value":"//button[@data-kt=\"IssuingTableConfirmAllButton\"]"}
RESULT: {"using":"xpath","value":"//button[@data-kt=\"IssuingTableConfirmAllButton\"]"}
COMMAND: POST /session/0a296c8df6193005a2b2e718ebd9da63/elements - {"using":"xpath","value":"//button[@data-kt=\"IssuingTableConfirmAllButton\"]"}
RESULT: {"using":"xpath","value":"//button[@data-kt=\"IssuingTableConfirmAllButton\"]"}
COMMAND: POST /session/0a296c8df6193005a2b2e718ebd9da63/elements - {"using":"xpath","value":"//button[@data-kt=\"IssuingTableConfirmAllButton\"]"}
RESULT: {"using":"xpath","value":"//button[@data-kt=\"IssuingTableConfirmAllButton\"]"}
COMMAND: POST /session/0a296c8df6193005a2b2e718ebd9da63/elements - {"using":"xpath","value":"//button[@data-kt=\"IssuingTableConfirmAllButton\"]"}
RESULT: {"using":"xpath","value":"//button[@data-kt=\"IssuingTableConfirmAllButton\"]"}
COMMAND: POST /session/0a296c8df6193005a2b2e718ebd9da63/elements - {"using":"xpath","value":"//button[@data-kt=\"IssuingTableConfirmAllButton\"]"}
RESULT: {"using":"xpath","value":"//button[@data-kt=\"IssuingTableConfirmAllButton\"]"}
COMMAND: POST /session/0a296c8df6193005a2b2e718ebd9da63/elements - {"using":"xpath","value":"//button[@data-kt=\"IssuingTableConfirmAllButton\"]"}
RESULT: {"using":"xpath","value":"//button[@data-kt=\"IssuingTableConfirmAllButton\"]"}
COMMAND: POST /session/0a296c8df6193005a2b2e718ebd9da63/elements - {"using":"xpath","value":"//button[@data-kt=\"IssuingTableConfirmAllButton\"]"}
RESULT: {"using":"xpath","value":"//button[@data-kt=\"IssuingTableConfirmAllButton\"]"}
COMMAND: POST /session/0a296c8df6193005a2b2e718ebd9da63/elements - {"using":"xpath","value":"//button[@data-kt=\"IssuingTableConfirmAllButton\"]"}
RESULT: {"using":"xpath","value":"//button[@data-kt=\"IssuingTableConfirmAllButton\"]"}
COMMAND: POST /session/0a296c8df6193005a2b2e718ebd9da63/elements - {"using":"xpath","value":"//button[@data-kt=\"IssuingTableConfirmAllButton\"]"}
RESULT: {"using":"xpath","value":"//button[@data-kt=\"IssuingTableConfirmAllButton\"]"}
COMMAND: POST /session/0a296c8df6193005a2b2e718ebd9da63/elements - {"using":"xpath","value":"//button[@data-kt=\"IssuingTableConfirmAllButton\"]"}
RESULT: {"using":"xpath","value":"//button[@data-kt=\"IssuingTableConfirmAllButton\"]"}
COMMAND: POST /session/0a296c8df6193005a2b2e718ebd9da63/elements - {"using":"xpath","value":"//button[@data-kt=\"IssuingTableConfirmAllButton\"]"}
RESULT: {"using":"xpath","value":"//button[@data-kt=\"IssuingTableConfirmAllButton\"]"}
COMMAND: POST /session/0a296c8df6193005a2b2e718ebd9da63/elements - {"using":"xpath","value":"//button[@data-kt=\"IssuingTableConfirmAllButton\"]"}
RESULT: {"using":"xpath","value":"//button[@data-kt=\"IssuingTableConfirmAllButton\"]"}
COMMAND: POST /session/0a296c8df6193005a2b2e718ebd9da63/elements - {"using":"xpath","value":"//button[@data-kt=\"IssuingTableConfirmAllButton\"]"}
RESULT: {"using":"xpath","value":"//button[@data-kt=\"IssuingTableConfirmAllButton\"]"}
COMMAND: POST /session/0a296c8df6193005a2b2e718ebd9da63/elements - {"using":"xpath","value":"//button[@data-kt=\"IssuingTableConfirmAllButton\"]"}
RESULT: {"using":"xpath","value":"//button[@data-kt=\"IssuingTableConfirmAllButton\"]"}
COMMAND: POST /session/0a296c8df6193005a2b2e718ebd9da63/elements - {"using":"xpath","value":"//button[@data-kt=\"IssuingTableConfirmAllButton\"]"}
RESULT: {"using":"xpath","value":"//button[@data-kt=\"IssuingTableConfirmAllButton\"]"}
COMMAND: POST /session/0a296c8df6193005a2b2e718ebd9da63/elements - {"using":"xpath","value":"//button[@data-kt=\"IssuingTableConfirmAllButton\"]"}
RESULT: {"using":"xpath","value":"//button[@data-kt=\"IssuingTableConfirmAllButton\"]"}
COMMAND: POST /session/0a296c8df6193005a2b2e718ebd9da63/elements - {"using":"xpath","value":"//button[@data-kt=\"IssuingTableConfirmAllButton\"]"}
RESULT: {"using":"xpath","value":"//button[@data-kt=\"IssuingTableConfirmAllButton\"]"}
COMMAND: POST /session/0a296c8df6193005a2b2e718ebd9da63/elements - {"using":"xpath","value":"//button[@data-kt=\"IssuingTableConfirmAllButton\"]"}
RESULT: {"using":"xpath","value":"//button[@data-kt=\"IssuingTableConfirmAllButton\"]"}
COMMAND: POST /session/0a296c8df6193005a2b2e718ebd9da63/elements - {"using":"xpath","value":"//button[@data-kt=\"IssuingTableConfirmAllButton\"]"}
RESULT: {"using":"xpath","value":"//button[@data-kt=\"IssuingTableConfirmAllButton\"]"}
COMMAND: POST /session/0a296c8df6193005a2b2e718ebd9da63/elements - {"using":"xpath","value":"//button[@data-kt=\"IssuingTableConfirmAllButton\"]"}
RESULT: {"using":"xpath","value":"//button[@data-kt=\"IssuingTableConfirmAllButton\"]"}
COMMAND: POST /session/0a296c8df6193005a2b2e718ebd9da63/elements - {"using":"xpath","value":"//button[@data-kt=\"IssuingTableConfirmAllButton\"]"}
RESULT: {"using":"xpath","value":"//button[@data-kt=\"IssuingTableConfirmAllButton\"]"}
COMMAND: POST /session/0a296c8df6193005a2b2e718ebd9da63/elements - {"using":"xpath","value":"//button[@data-kt=\"IssuingTableConfirmAllButton\"]"}
RESULT: {"using":"xpath","value":"//button[@data-kt=\"IssuingTableConfirmAllButton\"]"}
COMMAND: POST /session/0a296c8df6193005a2b2e718ebd9da63/elements - {"using":"xpath","value":"//button[@data-kt=\"IssuingTableConfirmAllButton\"]"}
RESULT: {"using":"xpath","value":"//button[@data-kt=\"IssuingTableConfirmAllButton\"]"}
COMMAND: POST /session/0a296c8df6193005a2b2e718ebd9da63/elements - {"using":"xpath","value":"//button[@data-kt=\"IssuingTableConfirmAllButton\"]"}
RESULT: {"using":"xpath","value":"//button[@data-kt=\"IssuingTableConfirmAllButton\"]"}
COMMAND: POST /session/0a296c8df6193005a2b2e718ebd9da63/elements - {"using":"xpath","value":"//button[@data-kt=\"IssuingTableConfirmAllButton\"]"}
RESULT: {"using":"xpath","value":"//button[@data-kt=\"IssuingTableConfirmAllButton\"]"}
COMMAND: POST /session/0a296c8df6193005a2b2e718ebd9da63/elements - {"using":"xpath","value":"//button[@data-kt=\"IssuingTableConfirmAllButton\"]"}
RESULT: {"using":"xpath","value":"//button[@data-kt=\"IssuingTableConfirmAllButton\"]"}
COMMAND: POST /session/0a296c8df6193005a2b2e718ebd9da63/elements - {"using":"xpath","value":"//button[@data-kt=\"IssuingTableConfirmAllButton\"]"}
RESULT: {"using":"xpath","value":"//button[@data-kt=\"IssuingTableConfirmAllButton\"]"}
COMMAND: POST /session/0a296c8df6193005a2b2e718ebd9da63/elements - {"using":"xpath","value":"//button[@data-kt=\"IssuingTableConfirmAllButton\"]"}
RESULT: {"using":"xpath","value":"//button[@data-kt=\"IssuingTableConfirmAllButton\"]"}
COMMAND: POST /session/0a296c8df6193005a2b2e718ebd9da63/elements - {"using":"xpath","value":"//button[@data-kt=\"IssuingTableConfirmAllButton\"]"}
RESULT: {"using":"xpath","value":"//button[@data-kt=\"IssuingTableConfirmAllButton\"]"}
COMMAND: POST /session/0a296c8df6193005a2b2e718ebd9da63/elements - {"using":"xpath","value":"//button[@data-kt=\"IssuingTableConfirmAllButton\"]"}
RESULT: {"using":"xpath","value":"//button[@data-kt=\"IssuingTableConfirmAllButton\"]"}
COMMAND: POST /session/0a296c8df6193005a2b2e718ebd9da63/elements - {"using":"xpath","value":"//button[@data-kt=\"IssuingTableConfirmAllButton\"]"}
RESULT: {"using":"xpath","value":"//button[@data-kt=\"IssuingTableConfirmAllButton\"]"}
COMMAND: POST /session/0a296c8df6193005a2b2e718ebd9da63/elements - {"using":"xpath","value":"//button[@data-kt=\"IssuingTableConfirmAllButton\"]"}
RESULT: {"using":"xpath","value":"//button[@data-kt=\"IssuingTableConfirmAllButton\"]"}
COMMAND: POST /session/0a296c8df6193005a2b2e718ebd9da63/elements - {"using":"xpath","value":"//button[@data-kt=\"IssuingTableConfirmAllButton\"]"}
RESULT: {"using":"xpath","value":"//button[@data-kt=\"IssuingTableConfirmAllButton\"]"}
COMMAND: POST /session/0a296c8df6193005a2b2e718ebd9da63/elements - {"using":"xpath","value":"//button[@data-kt=\"IssuingTableConfirmAllButton\"]"}
RESULT: {"using":"xpath","value":"//button[@data-kt=\"IssuingTableConfirmAllButton\"]"}
COMMAND: POST /session/0a296c8df6193005a2b2e718ebd9da63/elements - {"using":"xpath","value":"//button[@data-kt=\"IssuingTableConfirmAllButton\"]"}
RESULT: {"using":"xpath","value":"//button[@data-kt=\"IssuingTableConfirmAllButton\"]"}
COMMAND: POST /session/0a296c8df6193005a2b2e718ebd9da63/elements - {"using":"xpath","value":"//button[@data-kt=\"IssuingTableConfirmAllButton\"]"}
RESULT: {"using":"xpath","value":"//button[@data-kt=\"IssuingTableConfirmAllButton\"]"}
COMMAND: POST /session/0a296c8df6193005a2b2e718ebd9da63/elements - {"using":"xpath","value":"//button[@data-kt=\"IssuingTableConfirmAllButton\"]"}
RESULT: {"using":"xpath","value":"//button[@data-kt=\"IssuingTableConfirmAllButton\"]"}
COMMAND: POST /session/0a296c8df6193005a2b2e718ebd9da63/elements - {"using":"xpath","value":"//button[@data-kt=\"IssuingTableConfirmAllButton\"]"}
RESULT: {"using":"xpath","value":"//button[@data-kt=\"IssuingTableConfirmAllButton\"]"}
COMMAND: POST /session/0a296c8df6193005a2b2e718ebd9da63/elements - {"using":"xpath","value":"//button[@data-kt=\"IssuingTableConfirmAllButton\"]"}
RESULT: {"using":"xpath","value":"//button[@data-kt=\"IssuingTableConfirmAllButton\"]"}
COMMAND: POST /session/0a296c8df6193005a2b2e718ebd9da63/elements - {"using":"xpath","value":"//button[@data-kt=\"IssuingTableConfirmAllButton\"]"}
RESULT: {"using":"xpath","value":"//button[@data-kt=\"IssuingTableConfirmAllButton\"]"}
COMMAND: POST /session/0a296c8df6193005a2b2e718ebd9da63/elements - {"using":"xpath","value":"//button[@data-kt=\"IssuingTableConfirmAllButton\"]"}
RESULT: {"using":"xpath","value":"//button[@data-kt=\"IssuingTableConfirmAllButton\"]"}
COMMAND: POST /session/0a296c8df6193005a2b2e718ebd9da63/elements - {"using":"xpath","value":"//button[@data-kt=\"IssuingTableConfirmAllButton\"]"}
RESULT: {"using":"xpath","value":"//button[@data-kt=\"IssuingTableConfirmAllButton\"]"}
COMMAND: POST /session/0a296c8df6193005a2b2e718ebd9da63/elements - {"using":"xpath","value":"//button[@data-kt=\"IssuingTableConfirmAllButton\"]"}
RESULT: {"using":"xpath","value":"//button[@data-kt=\"IssuingTableConfirmAllButton\"]"}
COMMAND: POST /session/0a296c8df6193005a2b2e718ebd9da63/elements - {"using":"xpath","value":"//button[@data-kt=\"IssuingTableConfirmAllButton\"]"}
RESULT: {"using":"xpath","value":"//button[@data-kt=\"IssuingTableConfirmAllButton\"]"}
COMMAND: POST /session/0a296c8df6193005a2b2e718ebd9da63/elements - {"using":"xpath","value":"//button[@data-kt=\"IssuingTableConfirmAllButton\"]"}
RESULT: {"using":"xpath","value":"//button[@data-kt=\"IssuingTableConfirmAllButton\"]"}
COMMAND: POST /session/0a296c8df6193005a2b2e718ebd9da63/elements - {"using":"xpath","value":"//button[@data-kt=\"IssuingTableConfirmAllButton\"]"}
RESULT: {"using":"xpath","value":"//button[@data-kt=\"IssuingTableConfirmAllButton\"]"}
COMMAND: POST /session/0a296c8df6193005a2b2e718ebd9da63/elements - {"using":"xpath","value":"//button[@data-kt=\"IssuingTableConfirmAllButton\"]"}
RESULT: {"using":"xpath","value":"//button[@data-kt=\"IssuingTableConfirmAllButton\"]"}
COMMAND: POST /session/0a296c8df6193005a2b2e718ebd9da63/elements - {"using":"xpath","value":"//button[@data-kt=\"IssuingTableConfirmAllButton\"]"}
RESULT: {"using":"xpath","value":"//button[@data-kt=\"IssuingTableConfirmAllButton\"]"}
COMMAND: POST /session/0a296c8df6193005a2b2e718ebd9da63/elements - {"using":"xpath","value":"//button[@data-kt=\"IssuingTableConfirmAllButton\"]"}
RESULT: {"using":"xpath","value":"//button[@data-kt=\"IssuingTableConfirmAllButton\"]"}
COMMAND: POST /session/0a296c8df6193005a2b2e718ebd9da63/elements - {"using":"xpath","value":"//button[@data-kt=\"IssuingTableConfirmAllButton\"]"}
RESULT: {"using":"xpath","value":"//button[@data-kt=\"IssuingTableConfirmAllButton\"]"}
COMMAND: POST /session/0a296c8df6193005a2b2e718ebd9da63/elements - {"using":"xpath","value":"//button[@data-kt=\"IssuingTableConfirmAllButton\"]"}
RESULT: {"using":"xpath","value":"//button[@data-kt=\"IssuingTableConfirmAllButton\"]"}
COMMAND: POST /session/0a296c8df6193005a2b2e718ebd9da63/elements - {"using":"xpath","value":"//button[@data-kt=\"IssuingTableConfirmAllButton\"]"}
RESULT: {"using":"xpath","value":"//button[@data-kt=\"IssuingTableConfirmAllButton\"]"}
COMMAND: POST /session/0a296c8df6193005a2b2e718ebd9da63/elements - {"using":"xpath","value":"//button[@data-kt=\"IssuingTableConfirmAllButton\"]"}
RESULT: {"using":"xpath","value":"//button[@data-kt=\"IssuingTableConfirmAllButton\"]"}
COMMAND: POST /session/0a296c8df6193005a2b2e718ebd9da63/elements - {"using":"xpath","value":"//button[@data-kt=\"IssuingTableConfirmAllButton\"]"}
RESULT: {"using":"xpath","value":"//button[@data-kt=\"IssuingTableConfirmAllButton\"]"}
COMMAND: POST /session/0a296c8df6193005a2b2e718ebd9da63/elements - {"using":"xpath","value":"//button[@data-kt=\"IssuingTableConfirmAllButton\"]"}
RESULT: {"using":"xpath","value":"//button[@data-kt=\"IssuingTableConfirmAllButton\"]"}
COMMAND: POST /session/0a296c8df6193005a2b2e718ebd9da63/elements - {"using":"xpath","value":"//button[@data-kt=\"IssuingTableConfirmAllButton\"]"}
RESULT: {"using":"xpath","value":"//button[@data-kt=\"IssuingTableConfirmAllButton\"]"}
COMMAND: POST /session/0a296c8df6193005a2b2e718ebd9da63/elements - {"using":"xpath","value":"//button[@data-kt=\"IssuingTableConfirmAllButton\"]"}
RESULT: {"using":"xpath","value":"//button[@data-kt=\"IssuingTableConfirmAllButton\"]"}
COMMAND: POST /session/0a296c8df6193005a2b2e718ebd9da63/elements - {"using":"xpath","value":"//button[@data-kt=\"IssuingTableConfirmAllButton\"]"}
RESULT: {"using":"xpath","value":"//button[@data-kt=\"IssuingTableConfirmAllButton\"]"}
COMMAND: POST /session/0a296c8df6193005a2b2e718ebd9da63/elements - {"using":"xpath","value":"//button[@data-kt=\"IssuingTableConfirmAllButton\"]"}
RESULT: {"using":"xpath","value":"//button[@data-kt=\"IssuingTableConfirmAllButton\"]"}
COMMAND: POST /session/0a296c8df6193005a2b2e718ebd9da63/elements - {"using":"xpath","value":"//button[@data-kt=\"IssuingTableConfirmAllButton\"]"}
RESULT: {"using":"xpath","value":"//button[@data-kt=\"IssuingTableConfirmAllButton\"]"}
COMMAND: POST /session/0a296c8df6193005a2b2e718ebd9da63/elements - {"using":"xpath","value":"//button[@data-kt=\"IssuingTableConfirmAllButton\"]"}
RESULT: {"using":"xpath","value":"//button[@data-kt=\"IssuingTableConfirmAllButton\"]"}
COMMAND: POST /session/0a296c8df6193005a2b2e718ebd9da63/elements - {"using":"xpath","value":"//button[@data-kt=\"IssuingTableConfirmAllButton\"]"}
RESULT: {"using":"xpath","value":"//button[@data-kt=\"IssuingTableConfirmAllButton\"]"}
COMMAND: POST /session/0a296c8df6193005a2b2e718ebd9da63/elements - {"using":"xpath","value":"//button[@data-kt=\"IssuingTableConfirmAllButton\"]"}
RESULT: {"using":"xpath","value":"//button[@data-kt=\"IssuingTableConfirmAllButton\"]"}
COMMAND: POST /session/0a296c8df6193005a2b2e718ebd9da63/elements - {"using":"xpath","value":"//button[@data-kt=\"IssuingTableConfirmAllButton\"]"}
RESULT: {"using":"xpath","value":"//button[@data-kt=\"IssuingTableConfirmAllButton\"]"}
COMMAND: POST /session/0a296c8df6193005a2b2e718ebd9da63/elements - {"using":"xpath","value":"//button[@data-kt=\"IssuingTableConfirmAllButton\"]"}
RESULT: {"using":"xpath","value":"//button[@data-kt=\"IssuingTableConfirmAllButton\"]"}
COMMAND: POST /session/0a296c8df6193005a2b2e718ebd9da63/elements - {"using":"xpath","value":"//button[@data-kt=\"IssuingTableConfirmAllButton\"]"}
RESULT: {"using":"xpath","value":"//button[@data-kt=\"IssuingTableConfirmAllButton\"]"}
COMMAND: POST /session/0a296c8df6193005a2b2e718ebd9da63/elements - {"using":"xpath","value":"//button[@data-kt=\"IssuingTableConfirmAllButton\"]"}
RESULT: {"using":"xpath","value":"//button[@data-kt=\"IssuingTableConfirmAllButton\"]"}
COMMAND: POST /session/0a296c8df6193005a2b2e718ebd9da63/elements - {"using":"xpath","value":"//button[@data-kt=\"IssuingTableConfirmAllButton\"]"}
RESULT: {"using":"xpath","value":"//button[@data-kt=\"IssuingTableConfirmAllButton\"]"}
COMMAND: POST /session/0a296c8df6193005a2b2e718ebd9da63/elements - {"using":"xpath","value":"//button[@data-kt=\"IssuingTableConfirmAllButton\"]"}
RESULT: {"using":"xpath","value":"//button[@data-kt=\"IssuingTableConfirmAllButton\"]"}
COMMAND: POST /session/0a296c8df6193005a2b2e718ebd9da63/elements - {"using":"xpath","value":"//button[@data-kt=\"IssuingTableConfirmAllButton\"]"}
RESULT: {"using":"xpath","value":"//button[@data-kt=\"IssuingTableConfirmAllButton\"]"}
COMMAND: POST /session/0a296c8df6193005a2b2e718ebd9da63/elements - {"using":"xpath","value":"//button[@data-kt=\"IssuingTableConfirmAllButton\"]"}
RESULT: {"using":"xpath","value":"//button[@data-kt=\"IssuingTableConfirmAllButton\"]"}
COMMAND: POST /session/0a296c8df6193005a2b2e718ebd9da63/elements - {"using":"xpath","value":"//button[@data-kt=\"IssuingTableConfirmAllButton\"]"}
RESULT: {"using":"xpath","value":"//button[@data-kt=\"IssuingTableConfirmAllButton\"]"}
COMMAND: POST /session/0a296c8df6193005a2b2e718ebd9da63/elements - {"using":"xpath","value":"//button[@data-kt=\"IssuingTableConfirmAllButton\"]"}
RESULT: {"using":"xpath","value":"//button[@data-kt=\"IssuingTableConfirmAllButton\"]"}
COMMAND: POST /session/0a296c8df6193005a2b2e718ebd9da63/elements - {"using":"xpath","value":"//button[@data-kt=\"IssuingTableConfirmAllButton\"]"}
RESULT: {"using":"xpath","value":"//button[@data-kt=\"IssuingTableConfirmAllButton\"]"}
COMMAND: POST /session/0a296c8df6193005a2b2e718ebd9da63/elements - {"using":"xpath","value":"//button[@data-kt=\"IssuingTableConfirmAllButton\"]"}
RESULT: {"using":"xpath","value":"//button[@data-kt=\"IssuingTableConfirmAllButton\"]"}
COMMAND: POST /session/0a296c8df6193005a2b2e718ebd9da63/elements - {"using":"xpath","value":"//button[@data-kt=\"IssuingTableConfirmAllButton\"]"}
RESULT: {"using":"xpath","value":"//button[@data-kt=\"IssuingTableConfirmAllButton\"]"}
COMMAND: POST /session/0a296c8df6193005a2b2e718ebd9da63/elements - {"using":"xpath","value":"//button[@data-kt=\"IssuingTableConfirmAllButton\"]"}
RESULT: {"using":"xpath","value":"//button[@data-kt=\"IssuingTableConfirmAllButton\"]"}
COMMAND: POST /session/0a296c8df6193005a2b2e718ebd9da63/elements - {"using":"xpath","value":"//button[@data-kt=\"IssuingTableConfirmAllButton\"]"}
RESULT: {"using":"xpath","value":"//button[@data-kt=\"IssuingTableConfirmAllButton\"]"}
COMMAND: POST /session/0a296c8df6193005a2b2e718ebd9da63/elements - {"using":"xpath","value":"//button[@data-kt=\"IssuingTableConfirmAllButton\"]"}
RESULT: {"using":"xpath","value":"//button[@data-kt=\"IssuingTableConfirmAllButton\"]"}
COMMAND: POST /session/0a296c8df6193005a2b2e718ebd9da63/elements - {"using":"xpath","value":"//button[@data-kt=\"IssuingTableConfirmAllButton\"]"}
RESULT: {"using":"xpath","value":"//button[@data-kt=\"IssuingTableConfirmAllButton\"]"}
COMMAND: POST /session/0a296c8df6193005a2b2e718ebd9da63/elements - {"using":"xpath","value":"//button[@data-kt=\"IssuingTableConfirmAllButton\"]"}
RESULT: {"using":"xpath","value":"//button[@data-kt=\"IssuingTableConfirmAllButton\"]"}
COMMAND: POST /session/0a296c8df6193005a2b2e718ebd9da63/elements - {"using":"xpath","value":"//button[@data-kt=\"IssuingTableConfirmAllButton\"]"}
RESULT: {"using":"xpath","value":"//button[@data-kt=\"IssuingTableConfirmAllButton\"]"}
COMMAND: POST /session/0a296c8df6193005a2b2e718ebd9da63/elements - {"using":"xpath","value":"//button[@data-kt=\"IssuingTableConfirmAllButton\"]"}
RESULT: {"using":"xpath","value":"//button[@data-kt=\"IssuingTableConfirmAllButton\"]"}
COMMAND: POST /session/0a296c8df6193005a2b2e718ebd9da63/elements - {"using":"xpath","value":"//button[@data-kt=\"IssuingTableConfirmAllButton\"]"}
RESULT: {"using":"xpath","value":"//button[@data-kt=\"IssuingTableConfirmAllButton\"]"}
COMMAND: POST /session/0a296c8df6193005a2b2e718ebd9da63/elements - {"using":"xpath","value":"//button[@data-kt=\"IssuingTableConfirmAllButton\"]"}
RESULT: {"using":"xpath","value":"//button[@data-kt=\"IssuingTableConfirmAllButton\"]"}
COMMAND: POST /session/0a296c8df6193005a2b2e718ebd9da63/elements - {"using":"xpath","value":"//button[@data-kt=\"IssuingTableConfirmAllButton\"]"}
RESULT: {"using":"xpath","value":"//button[@data-kt=\"IssuingTableConfirmAllButton\"]"}
COMMAND: POST /session/0a296c8df6193005a2b2e718ebd9da63/elements - {"using":"xpath","value":"//button[@data-kt=\"IssuingTableConfirmAllButton\"]"}
RESULT: {"using":"xpath","value":"//button[@data-kt=\"IssuingTableConfirmAllButton\"]"}
COMMAND: POST /session/0a296c8df6193005a2b2e718ebd9da63/elements - {"using":"xpath","value":"//button[@data-kt=\"IssuingTableConfirmAllButton\"]"}
RESULT: {"using":"xpath","value":"//button[@data-kt=\"IssuingTableConfirmAllButton\"]"}
COMMAND: POST /session/0a296c8df6193005a2b2e718ebd9da63/elements - {"using":"xpath","value":"//button[@data-kt=\"IssuingTableConfirmAllButton\"]"}
RESULT: {"using":"xpath","value":"//button[@data-kt=\"IssuingTableConfirmAllButton\"]"}
COMMAND: POST /session/0a296c8df6193005a2b2e718ebd9da63/elements - {"using":"xpath","value":"//button[@data-kt=\"IssuingTableConfirmAllButton\"]"}
RESULT: {"using":"xpath","value":"//button[@data-kt=\"IssuingTableConfirmAllButton\"]"}
COMMAND: POST /session/0a296c8df6193005a2b2e718ebd9da63/elements - {"using":"xpath","value":"//button[@data-kt=\"IssuingTableConfirmAllButton\"]"}
RESULT: {"using":"xpath","value":"//button[@data-kt=\"IssuingTableConfirmAllButton\"]"}
COMMAND: POST /session/0a296c8df6193005a2b2e718ebd9da63/elements - {"using":"xpath","value":"//button[@data-kt=\"IssuingTableConfirmAllButton\"]"}
RESULT: {"using":"xpath","value":"//button[@data-kt=\"IssuingTableConfirmAllButton\"]"}
COMMAND: POST /session/0a296c8df6193005a2b2e718ebd9da63/elements - {"using":"xpath","value":"//button[@data-kt=\"IssuingTableConfirmAllButton\"]"}
RESULT: {"using":"xpath","value":"//button[@data-kt=\"IssuingTableConfirmAllButton\"]"}
COMMAND: POST /session/0a296c8df6193005a2b2e718ebd9da63/elements - {"using":"xpath","value":"//button[@data-kt=\"IssuingTableConfirmAllButton\"]"}
RESULT: {"using":"xpath","value":"//button[@data-kt=\"IssuingTableConfirmAllButton\"]"}
COMMAND: POST /session/0a296c8df6193005a2b2e718ebd9da63/elements - {"using":"xpath","value":"//button[@data-kt=\"IssuingTableConfirmAllButton\"]"}
RESULT: {"using":"xpath","value":"//button[@data-kt=\"IssuingTableConfirmAllButton\"]"}
COMMAND: POST /session/0a296c8df6193005a2b2e718ebd9da63/elements - {"using":"xpath","value":"//button[@data-kt=\"IssuingTableConfirmAllButton\"]"}
RESULT: {"using":"xpath","value":"//button[@data-kt=\"IssuingTableConfirmAllButton\"]"}
COMMAND: POST /session/0a296c8df6193005a2b2e718ebd9da63/elements - {"using":"xpath","value":"//button[@data-kt=\"IssuingTableConfirmAllButton\"]"}
RESULT: {"using":"xpath","value":"//button[@data-kt=\"IssuingTableConfirmAllButton\"]"}
COMMAND: POST /session/0a296c8df6193005a2b2e718ebd9da63/elements - {"using":"xpath","value":"//button[@data-kt=\"IssuingTableConfirmAllButton\"]"}
RESULT: {"using":"xpath","value":"//button[@data-kt=\"IssuingTableConfirmAllButton\"]"}
COMMAND: POST /session/0a296c8df6193005a2b2e718ebd9da63/elements - {"using":"xpath","value":"//button[@data-kt=\"IssuingTableConfirmAllButton\"]"}
RESULT: {"using":"xpath","value":"//button[@data-kt=\"IssuingTableConfirmAllButton\"]"}
COMMAND: POST /session/0a296c8df6193005a2b2e718ebd9da63/elements - {"using":"xpath","value":"//button[@data-kt=\"IssuingTableConfirmAllButton\"]"}
RESULT: {"using":"xpath","value":"//button[@data-kt=\"IssuingTableConfirmAllButton\"]"}
COMMAND: POST /session/0a296c8df6193005a2b2e718ebd9da63/elements - {"using":"xpath","value":"//button[@data-kt=\"IssuingTableConfirmAllButton\"]"}
RESULT: {"using":"xpath","value":"//button[@data-kt=\"IssuingTableConfirmAllButton\"]"}
COMMAND: POST /session/0a296c8df6193005a2b2e718ebd9da63/elements - {"using":"xpath","value":"//button[@data-kt=\"IssuingTableConfirmAllButton\"]"}
RESULT: {"using":"xpath","value":"//button[@data-kt=\"IssuingTableConfirmAllButton\"]"}
COMMAND: POST /session/0a296c8df6193005a2b2e718ebd9da63/elements - {"using":"xpath","value":"//button[@data-kt=\"IssuingTableConfirmAllButton\"]"}
RESULT: {"using":"xpath","value":"//button[@data-kt=\"IssuingTableConfirmAllButton\"]"}
COMMAND: POST /session/0a296c8df6193005a2b2e718ebd9da63/elements - {"using":"xpath","value":"//button[@data-kt=\"IssuingTableConfirmAllButton\"]"}
RESULT: {"using":"xpath","value":"//button[@data-kt=\"IssuingTableConfirmAllButton\"]"}
COMMAND: POST /session/0a296c8df6193005a2b2e718ebd9da63/elements - {"using":"xpath","value":"//button[@data-kt=\"IssuingTableConfirmAllButton\"]"}
RESULT: {"using":"xpath","value":"//button[@data-kt=\"IssuingTableConfirmAllButton\"]"}
COMMAND: POST /session/0a296c8df6193005a2b2e718ebd9da63/elements - {"using":"xpath","value":"//button[@data-kt=\"IssuingTableConfirmAllButton\"]"}
RESULT: {"using":"xpath","value":"//button[@data-kt=\"IssuingTableConfirmAllButton\"]"}
COMMAND: POST /session/0a296c8df6193005a2b2e718ebd9da63/elements - {"using":"xpath","value":"//button[@data-kt=\"IssuingTableConfirmAllButton\"]"}
RESULT: {"using":"xpath","value":"//button[@data-kt=\"IssuingTableConfirmAllButton\"]"}
COMMAND: POST /session/0a296c8df6193005a2b2e718ebd9da63/elements - {"using":"xpath","value":"//button[@data-kt=\"IssuingTableConfirmAllButton\"]"}
RESULT: {"using":"xpath","value":"//button[@data-kt=\"IssuingTableConfirmAllButton\"]"}
COMMAND: POST /session/0a296c8df6193005a2b2e718ebd9da63/elements - {"using":"xpath","value":"//button[@data-kt=\"IssuingTableConfirmAllButton\"]"}
RESULT: {"using":"xpath","value":"//button[@data-kt=\"IssuingTableConfirmAllButton\"]"}
COMMAND: POST /session/0a296c8df6193005a2b2e718ebd9da63/elements - {"using":"xpath","value":"//button[@data-kt=\"IssuingTableConfirmAllButton\"]"}
RESULT: {"using":"xpath","value":"//button[@data-kt=\"IssuingTableConfirmAllButton\"]"}
COMMAND: POST /session/0a296c8df6193005a2b2e718ebd9da63/elements - {"using":"xpath","value":"//button[@data-kt=\"IssuingTableConfirmAllButton\"]"}
RESULT: {"using":"xpath","value":"//button[@data-kt=\"IssuingTableConfirmAllButton\"]"}
COMMAND: POST /session/0a296c8df6193005a2b2e718ebd9da63/elements - {"using":"xpath","value":"//button[@data-kt=\"IssuingTableConfirmAllButton\"]"}
RESULT: {"using":"xpath","value":"//button[@data-kt=\"IssuingTableConfirmAllButton\"]"}
COMMAND: POST /session/0a296c8df6193005a2b2e718ebd9da63/elements - {"using":"xpath","value":"//button[@data-kt=\"IssuingTableConfirmAllButton\"]"}
RESULT: {"using":"xpath","value":"//button[@data-kt=\"IssuingTableConfirmAllButton\"]"}
COMMAND: POST /session/0a296c8df6193005a2b2e718ebd9da63/elements - {"using":"xpath","value":"//button[@data-kt=\"IssuingTableConfirmAllButton\"]"}
RESULT: {"using":"xpath","value":"//button[@data-kt=\"IssuingTableConfirmAllButton\"]"}
COMMAND: POST /session/0a296c8df6193005a2b2e718ebd9da63/elements - {"using":"xpath","value":"//button[@data-kt=\"IssuingTableConfirmAllButton\"]"}
RESULT: {"using":"xpath","value":"//button[@data-kt=\"IssuingTableConfirmAllButton\"]"}
COMMAND: GET /session/0a296c8df6193005a2b2e718ebd9da63/screenshot - {}
RESULT: {}
COMMAND: POST /session/0a296c8df6193005a2b2e718ebd9da63/element - {"using":"css selector","value":"#j_username"}
COMMAND: POST /session/0a296c8df6193005a2b2e718ebd9da63/url - {"url":"https://qa-testing-00-live-etm-ui.cfapps.eu10-004.hana.ondemand.com/"}
COMMAND: GET /session/0a296c8df6193005a2b2e718ebd9da63/screenshot - {}
COMMAND: GET /session/0a296c8df6193005a2b2e718ebd9da63/screenshot - {}
RESULT: {"using":"css selector","value":"#j_username"}
COMMAND: POST /session/0a296c8df6193005a2b2e718ebd9da63/element - {"using":"css selector","value":"#j_username"}
RESULT: {"url":"https://qa-testing-00-live-etm-ui.cfapps.eu10-004.hana.ondemand.com/"}
RESULT: undefined
COMMAND: GET /session/0a296c8df6193005a2b2e718ebd9da63/screenshot - {}
RESULT: {}
RESULT: {}
RESULT: {"using":"css selector","value":"#j_username"}
COMMAND: POST /session/0a296c8df6193005a2b2e718ebd9da63/element - {"using":"css selector","value":"#shell-header-logo"}
RESULT: {}
RESULT: {"using":"css selector","value":"#shell-header-logo"}
COMMAND: POST /session/0a296c8df6193005a2b2e718ebd9da63/execute/sync - {"script":"<script> [8489 bytes]","args":[{"element-6066-11e4-a52e-4f735466cecf":"f.F27C4DBABD9006445730EE8458C4CD46.d.60C4E8A6F839632961702AC7167D9D2D.e.5064","ELEMENT":"f.F27C4DBABD9006445730EE8458C4CD46.d.60C4E8A6F839632961702AC7167D9D2D.e.5064"}]}
RESULT: {"script":"<script> [8489 bytes]","args":[{"element-6066-11e4-a52e-4f735466cecf":"f.F27C4DBABD9006445730EE8458C4CD46.d.60C4E8A6F839632961702AC7167D9D2D.e.5064","ELEMENT":"f.F27C4DBABD9006445730EE8458C4CD46.d.60C4E8A6F839632961702AC7167D9D2D.e.5064"}]}
COMMAND: POST /session/0a296c8df6193005a2b2e718ebd9da63/element - {"using":"css selector","value":"#shell-header-logo"}
COMMAND: GET /session/0a296c8df6193005a2b2e718ebd9da63/screenshot - {}
RESULT: {"using":"css selector","value":"#shell-header-logo"}
COMMAND: POST /session/0a296c8df6193005a2b2e718ebd9da63/execute/sync - {"script":"<script> [8489 bytes]","args":[{"element-6066-11e4-a52e-4f735466cecf":"f.F27C4DBABD9006445730EE8458C4CD46.d.60C4E8A6F839632961702AC7167D9D2D.e.5064","ELEMENT":"f.F27C4DBABD9006445730EE8458C4CD46.d.60C4E8A6F839632961702AC7167D9D2D.e.5064"}]}
RESULT: {}
RESULT: {"script":"<script> [8489 bytes]","args":[{"element-6066-11e4-a52e-4f735466cecf":"f.F27C4DBABD9006445730EE8458C4CD46.d.60C4E8A6F839632961702AC7167D9D2D.e.5064","ELEMENT":"f.F27C4DBABD9006445730EE8458C4CD46.d.60C4E8A6F839632961702AC7167D9D2D.e.5064"}]}
COMMAND: POST /session/0a296c8df6193005a2b2e718ebd9da63/execute/sync - {"script":"<script> [5351 bytes]","args":[{"element-6066-11e4-a52e-4f735466cecf":"f.F27C4DBABD9006445730EE8458C4CD46.d.60C4E8A6F839632961702AC7167D9D2D.e.5064","ELEMENT":"f.F27C4DBABD9006445730EE8458C4CD46.d.60C4E8A6F839632961702AC7167D9D2D.e.5064"}]}
COMMAND: GET /session/0a296c8df6193005a2b2e718ebd9da63/screenshot - {}
RESULT: {"script":"<script> [5351 bytes]","args":[{"element-6066-11e4-a52e-4f735466cecf":"f.F27C4DBABD9006445730EE8458C4CD46.d.60C4E8A6F839632961702AC7167D9D2D.e.5064","ELEMENT":"f.F27C4DBABD9006445730EE8458C4CD46.d.60C4E8A6F839632961702AC7167D9D2D.e.5064"}]}
COMMAND: POST /session/0a296c8df6193005a2b2e718ebd9da63/element - {"using":"css selector","value":"#shell-header-logo"}
COMMAND: GET /session/0a296c8df6193005a2b2e718ebd9da63/screenshot - {}
RESULT: {}
RESULT: {"using":"css selector","value":"#shell-header-logo"}
COMMAND: POST /session/0a296c8df6193005a2b2e718ebd9da63/element/f.F27C4DBABD9006445730EE8458C4CD46.d.60C4E8A6F839632961702AC7167D9D2D.e.5064/click - {}
RESULT: {}
RESULT: {}
COMMAND: GET /session/0a296c8df6193005a2b2e718ebd9da63/screenshot - {}
RESULT: {}
COMMAND: POST /session/0a296c8df6193005a2b2e718ebd9da63/execute/async - {"script":"<script> [189 bytes]","args":[]}
RESULT: {"script":"<script> [189 bytes]","args":[]}
COMMAND: POST /session/0a296c8df6193005a2b2e718ebd9da63/execute/async - {"script":"<script> [123 bytes]","args":[]}
RESULT: {"script":"<script> [123 bytes]","args":[]}
COMMAND: POST /session/0a296c8df6193005a2b2e718ebd9da63/timeouts - {"script":"<number>"}
RESULT: {"script":"<number>"}
COMMAND: GET /session/0a296c8df6193005a2b2e718ebd9da63/timeouts - {}
RESULT: {}
RESULT: undefined
COMMAND: POST /session/0a296c8df6193005a2b2e718ebd9da63/execute/async - {"script":"<script> [2676 bytes]","args":[]}
RESULT: {"script":"<script> [2676 bytes]","args":[]}
COMMAND: POST /session/0a296c8df6193005a2b2e718ebd9da63/execute/async - {"script":"<script> [2342 bytes]","args":[{"protocol":"http","hostname":"0.0.0.0","path":"/","capabilities":{"browserName":"chrome","goog:chromeOptions":{"binary":"C:\\Program Files\\Google\\Chrome\\Application\\chrome.exe","args":["--start-maximized"]}},"logLevel":"warn","connectionRetryTimeout":120000,"connectionRetryCount":3,"logLevels":{},"enableDirectConnect":true,"strictSSL":true,"_":"65 more keys: [\"cacheDir\",\"port\",\"requestedCapabilities\",\"automationProtocol\",\"baseUrl\",\"waitforInterval\",\"waitforTimeout\",\"onReload\",\"beforeCommand\",\"afterCommand\",\"rootDir\",\"specs\",\"suites\",\"exclude\",\"groupLogsByTestSpec\",\"excludeDriverLogs\",\"bail\",\"framework\",\"reporters\",\"services\",\"maxInstances\",\"maxInstancesPerCapability\",\"injectGlobals\",\"filesToWatch\",\"execArgv\",\"runnerEnv\",\"runner\",\"shard\",\"specFileRetries\",\"specFileRetriesDelay\",\"specFileRetriesDeferred\",\"reporterSyncInterval\",\"reporterSyncTimeout\",\"cucumberFeaturesWithLineNumbers\",\"autoCompileOpts\",\"mochaOpts\",\"jasmineOpts\",\"cucumberOpts\",\"onPrepare\",\"onWorkerStart\",\"onWorkerEnd\",\"before\",\"beforeSession\",\"beforeSuite\",\"beforeHook\",\"beforeTest\",\"afterTest\",\"afterHook\",\"afterSuite\",\"afterSession\",\"after\",\"onComplete\",\"beforeAssertion\",\"afterAssertion\",\"beforeFeature\",\"beforeScenario\",\"beforeStep\",\"afterStep\",\"afterScenario\",\"afterFeature\",\"_\",\"suite\",\"$0\",\"ignoredWorkerServices\",\"wdi5\"]"}]}
RESULT: {"script":"<script> [2342 bytes]","args":[{"protocol":"http","hostname":"0.0.0.0","path":"/","capabilities":{"browserName":"chrome","goog:chromeOptions":{"binary":"C:\\Program Files\\Google\\Chrome\\Application\\chrome.exe","args":["--start-maximized"]}},"logLevel":"warn","connectionRetryTimeout":120000,"connectionRetryCount":3,"logLevels":{},"enableDirectConnect":true,"strictSSL":true,"_":"65 more keys: [\"cacheDir\",\"port\",\"requestedCapabilities\",\"automationProtocol\",\"baseUrl\",\"waitforInterval\",\"waitforTimeout\",\"onReload\",\"beforeCommand\",\"afterCommand\",\"rootDir\",\"specs\",\"suites\",\"exclude\",\"groupLogsByTestSpec\",\"excludeDriverLogs\",\"bail\",\"framework\",\"reporters\",\"services\",\"maxInstances\",\"maxInstancesPerCapability\",\"injectGlobals\",\"filesToWatch\",\"execArgv\",\"runnerEnv\",\"runner\",\"shard\",\"specFileRetries\",\"specFileRetriesDelay\",\"specFileRetriesDeferred\",\"reporterSyncInterval\",\"reporterSyncTimeout\",\"cucumberFeaturesWithLineNumbers\",\"autoCompileOpts\",\"mochaOpts\",\"jasmineOpts\",\"cucumberOpts\",\"onPrepare\",\"onWorkerStart\",\"onWorkerEnd\",\"before\",\"beforeSession\",\"beforeSuite\",\"beforeHook\",\"beforeTest\",\"afterTest\",\"afterHook\",\"afterSuite\",\"afterSession\",\"after\",\"onComplete\",\"beforeAssertion\",\"afterAssertion\",\"beforeFeature\",\"beforeScenario\",\"beforeStep\",\"afterStep\",\"afterScenario\",\"afterFeature\",\"_\",\"suite\",\"$0\",\"ignoredWorkerServices\",\"wdi5\"]"}]}
COMMAND: POST /session/0a296c8df6193005a2b2e718ebd9da63/execute/async - {"script":"<script> [21126 bytes]","args":[35000]}
RESULT: {"script":"<script> [21126 bytes]","args":[35000]}
COMMAND: POST /session/0a296c8df6193005a2b2e718ebd9da63/window/maximize - {}
RESULT: {}
COMMAND: POST /session/0a296c8df6193005a2b2e718ebd9da63/execute/async - {"script":"<script> [1562 bytes]","args":[{"selector":{"id":"shell-header","interaction":{"idSuffix":"icon"}},"wdio_ui5_key":"shellheader"}]}
COMMAND: GET /session/0a296c8df6193005a2b2e718ebd9da63/screenshot - {}
RESULT: {"script":"<script> [1562 bytes]","args":[{"selector":{"id":"shell-header","interaction":{"idSuffix":"icon"}},"wdio_ui5_key":"shellheader"}]}
RESULT: undefined
COMMAND: POST /session/0a296c8df6193005a2b2e718ebd9da63/window/fullscreen - {}
RESULT: {}
RESULT: {}
]]></system-out>
      <system-err><![CDATA[
Error: Can't call click on element with selector "//button[@data-kt="IssuingTableConfirmAllButton"]" because element wasn't found
    at async Context.<anonymous> (D:\a\1\s\test\specs\HTR\yard-overview-trigger.spec.js:189:9)
]]></system-err>
    </testcase>
  </testsuite>
  <testsuite timestamp="2025-05-24T15:50:09" time="112.755" tests="1" failures="1" errors="1" skipped="0">
    <properties>
      <property name="specId" value="0"/>
      <property name="suiteName" value="Create masterdata for Yard Overview - trigger provide US130988"/>
      <property name="capabilities" value="chrome.136_0_7103_93.windows"/>
      <property name="file" value="file:///D:/a/1/s/test/specs/HTR/site-overview-return.spec.js"/>
    </properties>
    <testcase classname="chrome.136_0_7103_93.windows.Create_masterdata_for_Yard_Overview_-_trigger_provide_US130988" name="Should navigate to site overview and trigger return" time="95.84">
      <failure/>
      <error message="expect(received).toEqual(expected) // deep equality&#xA;&#xA;Expected: &quot;Records (1)&quot;&#xA;Received: &quot;Records&quot;"/>
      <system-out><![CDATA[
COMMAND: POST /session/0a296c8df6193005a2b2e718ebd9da63/execute/async - {"script":"<script> [1562 bytes]","args":[{"selector":{"controlType":"sap.m.GenericTile","properties":{"header":"Site Overview"}},"wdio_ui5_key":"sapm.GenericTile{\"header\":\"Site Overview\"}"}]}
RESULT: {"script":"<script> [1562 bytes]","args":[{"selector":{"controlType":"sap.m.GenericTile","properties":{"header":"Site Overview"}},"wdio_ui5_key":"sapm.GenericTile{\"header\":\"Site Overview\"}"}]}
RESULT: undefined
COMMAND: POST /session/0a296c8df6193005a2b2e718ebd9da63/element - {"using":"xpath","value":"//*[@id=\"__tile100\"]"}
RESULT: {"using":"xpath","value":"//*[@id=\"__tile100\"]"}
COMMAND: POST /session/0a296c8df6193005a2b2e718ebd9da63/element/f.F27C4DBABD9006445730EE8458C4CD46.d.60C4E8A6F839632961702AC7167D9D2D.e.5179/click - {}
RESULT: {}
COMMAND: GET /session/0a296c8df6193005a2b2e718ebd9da63/screenshot - {}
RESULT: {}
COMMAND: POST /session/0a296c8df6193005a2b2e718ebd9da63/elements - {"using":"xpath","value":"//span[text()='Error']"}
RESULT: {"using":"xpath","value":"//span[text()='Error']"}
COMMAND: POST /session/0a296c8df6193005a2b2e718ebd9da63/element - {"using":"xpath","value":"//input[contains(@id,\"smartFilterBar-btnBasicSearch-I\")]"}
RESULT: {"using":"xpath","value":"//input[contains(@id,\"smartFilterBar-btnBasicSearch-I\")]"}
COMMAND: POST /session/0a296c8df6193005a2b2e718ebd9da63/elements - {"using":"xpath","value":"//input[contains(@id,\"smartFilterBar-btnBasicSearch-I\")]"}
RESULT: {"using":"xpath","value":"//input[contains(@id,\"smartFilterBar-btnBasicSearch-I\")]"}
COMMAND: POST /session/0a296c8df6193005a2b2e718ebd9da63/execute/sync - {"script":"<script> [8489 bytes]","args":[{"element-6066-11e4-a52e-4f735466cecf":"f.F27C4DBABD9006445730EE8458C4CD46.d.60C4E8A6F839632961702AC7167D9D2D.e.5185","ELEMENT":"f.F27C4DBABD9006445730EE8458C4CD46.d.60C4E8A6F839632961702AC7167D9D2D.e.5185"}]}
RESULT: {"script":"<script> [8489 bytes]","args":[{"element-6066-11e4-a52e-4f735466cecf":"f.F27C4DBABD9006445730EE8458C4CD46.d.60C4E8A6F839632961702AC7167D9D2D.e.5185","ELEMENT":"f.F27C4DBABD9006445730EE8458C4CD46.d.60C4E8A6F839632961702AC7167D9D2D.e.5185"}]}
COMMAND: GET /session/0a296c8df6193005a2b2e718ebd9da63/element/f.F27C4DBABD9006445730EE8458C4CD46.d.60C4E8A6F839632961702AC7167D9D2D.e.5185/enabled - {}
COMMAND: GET /session/0a296c8df6193005a2b2e718ebd9da63/screenshot - {}
RESULT: {}
COMMAND: POST /session/0a296c8df6193005a2b2e718ebd9da63/execute/sync - {"script":"<script> [8489 bytes]","args":[{"element-6066-11e4-a52e-4f735466cecf":"f.F27C4DBABD9006445730EE8458C4CD46.d.60C4E8A6F839632961702AC7167D9D2D.e.5185","ELEMENT":"f.F27C4DBABD9006445730EE8458C4CD46.d.60C4E8A6F839632961702AC7167D9D2D.e.5185"}]}
COMMAND: GET /session/0a296c8df6193005a2b2e718ebd9da63/screenshot - {}
RESULT: {}
RESULT: {"script":"<script> [8489 bytes]","args":[{"element-6066-11e4-a52e-4f735466cecf":"f.F27C4DBABD9006445730EE8458C4CD46.d.60C4E8A6F839632961702AC7167D9D2D.e.5185","ELEMENT":"f.F27C4DBABD9006445730EE8458C4CD46.d.60C4E8A6F839632961702AC7167D9D2D.e.5185"}]}
COMMAND: POST /session/0a296c8df6193005a2b2e718ebd9da63/execute/sync - {"script":"<script> [5351 bytes]","args":[{"element-6066-11e4-a52e-4f735466cecf":"f.F27C4DBABD9006445730EE8458C4CD46.d.60C4E8A6F839632961702AC7167D9D2D.e.5185","ELEMENT":"f.F27C4DBABD9006445730EE8458C4CD46.d.60C4E8A6F839632961702AC7167D9D2D.e.5185"}]}
COMMAND: GET /session/0a296c8df6193005a2b2e718ebd9da63/screenshot - {}
RESULT: {}
RESULT: {"script":"<script> [5351 bytes]","args":[{"element-6066-11e4-a52e-4f735466cecf":"f.F27C4DBABD9006445730EE8458C4CD46.d.60C4E8A6F839632961702AC7167D9D2D.e.5185","ELEMENT":"f.F27C4DBABD9006445730EE8458C4CD46.d.60C4E8A6F839632961702AC7167D9D2D.e.5185"}]}
COMMAND: GET /session/0a296c8df6193005a2b2e718ebd9da63/screenshot - {}
RESULT: {}
RESULT: {}
COMMAND: POST /session/0a296c8df6193005a2b2e718ebd9da63/element/f.F27C4DBABD9006445730EE8458C4CD46.d.60C4E8A6F839632961702AC7167D9D2D.e.5185/clear - {}
RESULT: {}
COMMAND: POST /session/0a296c8df6193005a2b2e718ebd9da63/element/f.F27C4DBABD9006445730EE8458C4CD46.d.60C4E8A6F839632961702AC7167D9D2D.e.5185/value - {"text":"2091"}
COMMAND: GET /session/0a296c8df6193005a2b2e718ebd9da63/screenshot - {}
RESULT: {"text":"2091"}
COMMAND: GET /session/0a296c8df6193005a2b2e718ebd9da63/screenshot - {}
RESULT: {}
RESULT: {}
COMMAND: POST /session/0a296c8df6193005a2b2e718ebd9da63/actions - {"actions":[{"id":"action14","type":"key","parameters":{},"actions":[{"type":"keyDown","value":""},{"type":"pause","duration":10},{"type":"keyUp","value":""}]}]}
RESULT: {"actions":[{"id":"action14","type":"key","parameters":{},"actions":[{"type":"keyDown","value":""},{"type":"pause","duration":10},{"type":"keyUp","value":""}]}]}
COMMAND: GET /session/0a296c8df6193005a2b2e718ebd9da63/screenshot - {}
RESULT: {}
COMMAND: POST /session/0a296c8df6193005a2b2e718ebd9da63/element - {"using":"xpath","value":"//span[contains(@id, \"smartTable-header-inner\")]"}
RESULT: {"using":"xpath","value":"//span[contains(@id, \"smartTable-header-inner\")]"}
COMMAND: POST /session/0a296c8df6193005a2b2e718ebd9da63/elements - {"using":"xpath","value":"//span[contains(@id, \"smartTable-header-inner\")]"}
RESULT: {"using":"xpath","value":"//span[contains(@id, \"smartTable-header-inner\")]"}
COMMAND: POST /session/0a296c8df6193005a2b2e718ebd9da63/execute/sync - {"script":"<script> [56 bytes]","args":[{"element-6066-11e4-a52e-4f735466cecf":"f.F27C4DBABD9006445730EE8458C4CD46.d.60C4E8A6F839632961702AC7167D9D2D.e.5308","ELEMENT":"f.F27C4DBABD9006445730EE8458C4CD46.d.60C4E8A6F839632961702AC7167D9D2D.e.5308"}]}
RESULT: {"script":"<script> [56 bytes]","args":[{"element-6066-11e4-a52e-4f735466cecf":"f.F27C4DBABD9006445730EE8458C4CD46.d.60C4E8A6F839632961702AC7167D9D2D.e.5308","ELEMENT":"f.F27C4DBABD9006445730EE8458C4CD46.d.60C4E8A6F839632961702AC7167D9D2D.e.5308"}]}
COMMAND: POST /session/0a296c8df6193005a2b2e718ebd9da63/element - {"using":"xpath","value":"(//span[contains(@id, \"imgNav\")])[1]"}
COMMAND: GET /session/0a296c8df6193005a2b2e718ebd9da63/screenshot - {}
RESULT: {"using":"xpath","value":"(//span[contains(@id, \"imgNav\")])[1]"}
COMMAND: POST /session/0a296c8df6193005a2b2e718ebd9da63/element/f.F27C4DBABD9006445730EE8458C4CD46.d.60C4E8A6F839632961702AC7167D9D2D.e.5307/click - {}
RESULT: {}
RESULT: {}
COMMAND: GET /session/0a296c8df6193005a2b2e718ebd9da63/screenshot - {}
RESULT: {}
COMMAND: POST /session/0a296c8df6193005a2b2e718ebd9da63/execute/async - {"script":"<script> [1562 bytes]","args":[{"selector":{"id":"application-siteinventory-display-component---detailSiteInventory--onSite-triggerAction-returnBtn","interaction":{"idSuffix":"BDI-content"}},"wdio_ui5_key":"applicationsiteinventory-display-component---detailSiteInventory--onSite-triggerAction-returnBtn"}]}
RESULT: {"script":"<script> [1562 bytes]","args":[{"selector":{"id":"application-siteinventory-display-component---detailSiteInventory--onSite-triggerAction-returnBtn","interaction":{"idSuffix":"BDI-content"}},"wdio_ui5_key":"applicationsiteinventory-display-component---detailSiteInventory--onSite-triggerAction-returnBtn"}]}
RESULT: undefined
COMMAND: POST /session/0a296c8df6193005a2b2e718ebd9da63/element - {"using":"xpath","value":"//*[@id=\"application-siteinventory-display-component---detailSiteInventory--onSite-triggerAction-returnBtn\"]"}
RESULT: {"using":"xpath","value":"//*[@id=\"application-siteinventory-display-component---detailSiteInventory--onSite-triggerAction-returnBtn\"]"}
COMMAND: POST /session/0a296c8df6193005a2b2e718ebd9da63/element/f.F27C4DBABD9006445730EE8458C4CD46.d.60C4E8A6F839632961702AC7167D9D2D.e.5334/click - {}
RESULT: {}
COMMAND: GET /session/0a296c8df6193005a2b2e718ebd9da63/screenshot - {}
RESULT: {}
COMMAND: POST /session/0a296c8df6193005a2b2e718ebd9da63/execute/async - {"script":"<script> [1562 bytes]","args":[{"selector":{"id":"application-siteinventory-display-component---detailSiteInventory--smartSiteHoItemsTable-sa","interaction":{"idSuffix":"CbBg"}},"wdio_ui5_key":"applicationsiteinventory-display-component---detailSiteInventory--smartSiteHoItemsTable-sa"}]}
RESULT: {"script":"<script> [1562 bytes]","args":[{"selector":{"id":"application-siteinventory-display-component---detailSiteInventory--smartSiteHoItemsTable-sa","interaction":{"idSuffix":"CbBg"}},"wdio_ui5_key":"applicationsiteinventory-display-component---detailSiteInventory--smartSiteHoItemsTable-sa"}]}
RESULT: undefined
RESULT: undefined
COMMAND: POST /session/0a296c8df6193005a2b2e718ebd9da63/element - {"using":"xpath","value":"//*[@id=\"application-siteinventory-display-component---detailSiteInventory--onSite-triggerAction-returnBtn\"]"}
RESULT: {"using":"xpath","value":"//*[@id=\"application-siteinventory-display-component---detailSiteInventory--onSite-triggerAction-returnBtn\"]"}
COMMAND: POST /session/0a296c8df6193005a2b2e718ebd9da63/element/f.F27C4DBABD9006445730EE8458C4CD46.d.60C4E8A6F839632961702AC7167D9D2D.e.5334/click - {}
RESULT: {}
COMMAND: GET /session/0a296c8df6193005a2b2e718ebd9da63/screenshot - {}
RESULT: {}
COMMAND: POST /session/0a296c8df6193005a2b2e718ebd9da63/actions - {"actions":[{"id":"action15","type":"key","parameters":{},"actions":[{"type":"keyDown","value":""},{"type":"pause","duration":10},{"type":"keyUp","value":""}]}]}
RESULT: {"actions":[{"id":"action15","type":"key","parameters":{},"actions":[{"type":"keyDown","value":""},{"type":"pause","duration":10},{"type":"keyUp","value":""}]}]}
COMMAND: GET /session/0a296c8df6193005a2b2e718ebd9da63/screenshot - {}
RESULT: {}
COMMAND: POST /session/0a296c8df6193005a2b2e718ebd9da63/execute/async - {"script":"<script> [1562 bytes]","args":[{"selector":{"id":"application-siteinventory-display-component---detailSiteInventory--hoItemsSmartTable-btnPersonalisation-img"},"wdio_ui5_key":"applicationsiteinventory-display-component---detailSiteInventory--hoItemsSmartTable-btnPersonalisation-img"}]}
RESULT: {"script":"<script> [1562 bytes]","args":[{"selector":{"id":"application-siteinventory-display-component---detailSiteInventory--hoItemsSmartTable-btnPersonalisation-img"},"wdio_ui5_key":"applicationsiteinventory-display-component---detailSiteInventory--hoItemsSmartTable-btnPersonalisation-img"}]}
RESULT: undefined
COMMAND: POST /session/0a296c8df6193005a2b2e718ebd9da63/element - {"using":"xpath","value":"//*[@id=\"application-siteinventory-display-component---detailSiteInventory--hoItemsSmartTable-btnPersonalisation-img\"]"}
RESULT: {"using":"xpath","value":"//*[@id=\"application-siteinventory-display-component---detailSiteInventory--hoItemsSmartTable-btnPersonalisation-img\"]"}
COMMAND: POST /session/0a296c8df6193005a2b2e718ebd9da63/element/f.F27C4DBABD9006445730EE8458C4CD46.d.60C4E8A6F839632961702AC7167D9D2D.e.5343/click - {}
RESULT: {}
COMMAND: GET /session/0a296c8df6193005a2b2e718ebd9da63/screenshot - {}
RESULT: {}
COMMAND: POST /session/0a296c8df6193005a2b2e718ebd9da63/element - {"using":"xpath","value":"//input[contains(@id ,\"searchField-I\")]"}
RESULT: {"using":"xpath","value":"//input[contains(@id ,\"searchField-I\")]"}
COMMAND: POST /session/0a296c8df6193005a2b2e718ebd9da63/element/f.F27C4DBABD9006445730EE8458C4CD46.d.60C4E8A6F839632961702AC7167D9D2D.e.5411/clear - {}
RESULT: {}
COMMAND: POST /session/0a296c8df6193005a2b2e718ebd9da63/element/f.F27C4DBABD9006445730EE8458C4CD46.d.60C4E8A6F839632961702AC7167D9D2D.e.5411/value - {"text":"Handover Returned"}
COMMAND: GET /session/0a296c8df6193005a2b2e718ebd9da63/screenshot - {}
RESULT: {"text":"Handover Returned"}
COMMAND: GET /session/0a296c8df6193005a2b2e718ebd9da63/screenshot - {}
RESULT: {}
RESULT: {}
COMMAND: POST /session/0a296c8df6193005a2b2e718ebd9da63/element - {"using":"xpath","value":"//div[contains(@id ,\"innerSelectionPanelTable-sa-CbBg\")]"}
RESULT: {"using":"xpath","value":"//div[contains(@id ,\"innerSelectionPanelTable-sa-CbBg\")]"}
COMMAND: POST /session/0a296c8df6193005a2b2e718ebd9da63/element/f.F27C4DBABD9006445730EE8458C4CD46.d.60C4E8A6F839632961702AC7167D9D2D.e.5437/click - {}
RESULT: {}
COMMAND: POST /session/0a296c8df6193005a2b2e718ebd9da63/execute/async - {"script":"<script> [1562 bytes]","args":[{"selector":{"controlType":"sap.m.Button","viewName":"etm.portal.ui.siteinventory.view.Detail","viewId":"application-siteinventory-display-component---detailSiteInventory","properties":{"text":"OK"},"searchOpenDialogs":true,"interaction":{"idSuffix":"BDI-content"}},"wdio_ui5_key":"etmportal.ui.siteinventory.view.Detailsap.m.Button{\"text\":\"OK\"}"}]}
COMMAND: GET /session/0a296c8df6193005a2b2e718ebd9da63/screenshot - {}
RESULT: {"script":"<script> [1562 bytes]","args":[{"selector":{"controlType":"sap.m.Button","viewName":"etm.portal.ui.siteinventory.view.Detail","viewId":"application-siteinventory-display-component---detailSiteInventory","properties":{"text":"OK"},"searchOpenDialogs":true,"interaction":{"idSuffix":"BDI-content"}},"wdio_ui5_key":"etmportal.ui.siteinventory.view.Detailsap.m.Button{\"text\":\"OK\"}"}]}
RESULT: undefined
COMMAND: POST /session/0a296c8df6193005a2b2e718ebd9da63/element - {"using":"xpath","value":"//*[@id=\"__popup35-confirmBtn\"]"}
RESULT: {}
RESULT: {"using":"xpath","value":"//*[@id=\"__popup35-confirmBtn\"]"}
COMMAND: POST /session/0a296c8df6193005a2b2e718ebd9da63/element/f.F27C4DBABD9006445730EE8458C4CD46.d.60C4E8A6F839632961702AC7167D9D2D.e.5439/click - {}
RESULT: {}
COMMAND: GET /session/0a296c8df6193005a2b2e718ebd9da63/screenshot - {}
RESULT: {}
COMMAND: POST /session/0a296c8df6193005a2b2e718ebd9da63/element - {"using":"css selector","value":"#shell-header-logo"}
RESULT: {"using":"css selector","value":"#shell-header-logo"}
COMMAND: POST /session/0a296c8df6193005a2b2e718ebd9da63/element/f.F27C4DBABD9006445730EE8458C4CD46.d.60C4E8A6F839632961702AC7167D9D2D.e.5064/click - {}
RESULT: {}
COMMAND: GET /session/0a296c8df6193005a2b2e718ebd9da63/screenshot - {}
RESULT: {}
COMMAND: POST /session/0a296c8df6193005a2b2e718ebd9da63/execute/async - {"script":"<script> [1562 bytes]","args":[{"selector":{"controlType":"sap.m.GenericTile","properties":{"header":"Manage Handovers"}},"wdio_ui5_key":"sapm.GenericTile{\"header\":\"Manage Handovers\"}"}]}
RESULT: {"script":"<script> [1562 bytes]","args":[{"selector":{"controlType":"sap.m.GenericTile","properties":{"header":"Manage Handovers"}},"wdio_ui5_key":"sapm.GenericTile{\"header\":\"Manage Handovers\"}"}]}
RESULT: undefined
COMMAND: POST /session/0a296c8df6193005a2b2e718ebd9da63/element - {"using":"xpath","value":"//*[@id=\"__tile132\"]"}
RESULT: {"using":"xpath","value":"//*[@id=\"__tile132\"]"}
COMMAND: POST /session/0a296c8df6193005a2b2e718ebd9da63/element/f.F27C4DBABD9006445730EE8458C4CD46.d.60C4E8A6F839632961702AC7167D9D2D.e.5108/click - {}
RESULT: {}
COMMAND: GET /session/0a296c8df6193005a2b2e718ebd9da63/screenshot - {}
RESULT: {}
COMMAND: POST /session/0a296c8df6193005a2b2e718ebd9da63/elements - {"using":"xpath","value":"//span[text()='Error']"}
RESULT: {"using":"xpath","value":"//span[text()='Error']"}
COMMAND: POST /session/0a296c8df6193005a2b2e718ebd9da63/element - {"using":"xpath","value":"//button[@data-kt=\"masterHOAddButton\"]"}
RESULT: {"using":"xpath","value":"//button[@data-kt=\"masterHOAddButton\"]"}
COMMAND: POST /session/0a296c8df6193005a2b2e718ebd9da63/elements - {"using":"xpath","value":"//button[@data-kt=\"masterHOAddButton\"]"}
RESULT: {"using":"xpath","value":"//button[@data-kt=\"masterHOAddButton\"]"}
COMMAND: POST /session/0a296c8df6193005a2b2e718ebd9da63/execute/sync - {"script":"<script> [8489 bytes]","args":[{"element-6066-11e4-a52e-4f735466cecf":"f.F27C4DBABD9006445730EE8458C4CD46.d.60C4E8A6F839632961702AC7167D9D2D.e.5489","ELEMENT":"f.F27C4DBABD9006445730EE8458C4CD46.d.60C4E8A6F839632961702AC7167D9D2D.e.5489"}]}
RESULT: {"script":"<script> [8489 bytes]","args":[{"element-6066-11e4-a52e-4f735466cecf":"f.F27C4DBABD9006445730EE8458C4CD46.d.60C4E8A6F839632961702AC7167D9D2D.e.5489","ELEMENT":"f.F27C4DBABD9006445730EE8458C4CD46.d.60C4E8A6F839632961702AC7167D9D2D.e.5489"}]}
COMMAND: GET /session/0a296c8df6193005a2b2e718ebd9da63/element/f.F27C4DBABD9006445730EE8458C4CD46.d.60C4E8A6F839632961702AC7167D9D2D.e.5489/enabled - {}
COMMAND: GET /session/0a296c8df6193005a2b2e718ebd9da63/screenshot - {}
RESULT: {}
COMMAND: POST /session/0a296c8df6193005a2b2e718ebd9da63/execute/sync - {"script":"<script> [8489 bytes]","args":[{"element-6066-11e4-a52e-4f735466cecf":"f.F27C4DBABD9006445730EE8458C4CD46.d.60C4E8A6F839632961702AC7167D9D2D.e.5489","ELEMENT":"f.F27C4DBABD9006445730EE8458C4CD46.d.60C4E8A6F839632961702AC7167D9D2D.e.5489"}]}
COMMAND: GET /session/0a296c8df6193005a2b2e718ebd9da63/screenshot - {}
RESULT: {}
RESULT: {"script":"<script> [8489 bytes]","args":[{"element-6066-11e4-a52e-4f735466cecf":"f.F27C4DBABD9006445730EE8458C4CD46.d.60C4E8A6F839632961702AC7167D9D2D.e.5489","ELEMENT":"f.F27C4DBABD9006445730EE8458C4CD46.d.60C4E8A6F839632961702AC7167D9D2D.e.5489"}]}
COMMAND: POST /session/0a296c8df6193005a2b2e718ebd9da63/execute/sync - {"script":"<script> [5351 bytes]","args":[{"element-6066-11e4-a52e-4f735466cecf":"f.F27C4DBABD9006445730EE8458C4CD46.d.60C4E8A6F839632961702AC7167D9D2D.e.5489","ELEMENT":"f.F27C4DBABD9006445730EE8458C4CD46.d.60C4E8A6F839632961702AC7167D9D2D.e.5489"}]}
COMMAND: GET /session/0a296c8df6193005a2b2e718ebd9da63/screenshot - {}
RESULT: {}
RESULT: {"script":"<script> [5351 bytes]","args":[{"element-6066-11e4-a52e-4f735466cecf":"f.F27C4DBABD9006445730EE8458C4CD46.d.60C4E8A6F839632961702AC7167D9D2D.e.5489","ELEMENT":"f.F27C4DBABD9006445730EE8458C4CD46.d.60C4E8A6F839632961702AC7167D9D2D.e.5489"}]}
COMMAND: GET /session/0a296c8df6193005a2b2e718ebd9da63/screenshot - {}
RESULT: {}
RESULT: {}
COMMAND: POST /session/0a296c8df6193005a2b2e718ebd9da63/element - {"using":"xpath","value":"//span[contains(@id ,\"filterItemControl_BASIC-SEND_CONTRACT-vhi\")]"}
RESULT: {"using":"xpath","value":"//span[contains(@id ,\"filterItemControl_BASIC-SEND_CONTRACT-vhi\")]"}
COMMAND: POST /session/0a296c8df6193005a2b2e718ebd9da63/element/f.F27C4DBABD9006445730EE8458C4CD46.d.60C4E8A6F839632961702AC7167D9D2D.e.5511/click - {}
RESULT: {}
COMMAND: GET /session/0a296c8df6193005a2b2e718ebd9da63/screenshot - {}
RESULT: {}
COMMAND: POST /session/0a296c8df6193005a2b2e718ebd9da63/execute/async - {"script":"<script> [1562 bytes]","args":[{"selector":{"controlType":"sap.m.SearchField","viewName":"etm.portal.ui.managehandovers.view.MasterHO","bindingPath":{"path":"","propertyPath":"/_BASIC_SEARCH_FIELD","modelName":"fi1t3rM0d31"},"searchOpenDialogs":true,"interaction":{"idSuffix":"I"}},"wdio_ui5_key":"etmportal.ui.managehandovers.view.MasterHOsap.m.SearchField{\"path\":\"\",\"propertyPath\":\"/_BASIC_SEARCH_FIELD\",\"modelName\":\"fi1t3rM0d31\"}"}]}
RESULT: {"script":"<script> [1562 bytes]","args":[{"selector":{"controlType":"sap.m.SearchField","viewName":"etm.portal.ui.managehandovers.view.MasterHO","bindingPath":{"path":"","propertyPath":"/_BASIC_SEARCH_FIELD","modelName":"fi1t3rM0d31"},"searchOpenDialogs":true,"interaction":{"idSuffix":"I"}},"wdio_ui5_key":"etmportal.ui.managehandovers.view.MasterHOsap.m.SearchField{\"path\":\"\",\"propertyPath\":\"/_BASIC_SEARCH_FIELD\",\"modelName\":\"fi1t3rM0d31\"}"}]}
RESULT: undefined
COMMAND: POST /session/0a296c8df6193005a2b2e718ebd9da63/execute/async - {"script":"<script> [776 bytes]","args":[{"enterText":"10179","selector":{"controlType":"sap.m.SearchField","viewName":"etm.portal.ui.managehandovers.view.MasterHO","bindingPath":{"path":"","propertyPath":"/_BASIC_SEARCH_FIELD","modelName":"fi1t3rM0d31"},"searchOpenDialogs":true,"interaction":{"idSuffix":"I"}},"clearTextFirst":true,"interactionType":"ENTER_TEXT"}]}
RESULT: {"script":"<script> [776 bytes]","args":[{"enterText":"10179","selector":{"controlType":"sap.m.SearchField","viewName":"etm.portal.ui.managehandovers.view.MasterHO","bindingPath":{"path":"","propertyPath":"/_BASIC_SEARCH_FIELD","modelName":"fi1t3rM0d31"},"searchOpenDialogs":true,"interaction":{"idSuffix":"I"}},"clearTextFirst":true,"interactionType":"ENTER_TEXT"}]}
COMMAND: POST /session/0a296c8df6193005a2b2e718ebd9da63/actions - {"actions":[{"id":"action16","type":"key","parameters":{},"actions":[{"type":"keyDown","value":""},{"type":"pause","duration":10},{"type":"keyUp","value":""}]}]}
RESULT: {"actions":[{"id":"action16","type":"key","parameters":{},"actions":[{"type":"keyDown","value":""},{"type":"pause","duration":10},{"type":"keyUp","value":""}]}]}
COMMAND: GET /session/0a296c8df6193005a2b2e718ebd9da63/screenshot - {}
RESULT: {}
COMMAND: POST /session/0a296c8df6193005a2b2e718ebd9da63/element - {"using":"xpath","value":"//div[contains(@id, 'filterItemControl_BASIC-SEND_CONTRACT-valueHelpDialog-table-rowsel0')]"}
RESULT: {"using":"xpath","value":"//div[contains(@id, 'filterItemControl_BASIC-SEND_CONTRACT-valueHelpDialog-table-rowsel0')]"}
COMMAND: POST /session/0a296c8df6193005a2b2e718ebd9da63/element/f.F27C4DBABD9006445730EE8458C4CD46.d.60C4E8A6F839632961702AC7167D9D2D.e.5522/click - {}
RESULT: {}
COMMAND: GET /session/0a296c8df6193005a2b2e718ebd9da63/screenshot - {}
RESULT: {}
COMMAND: POST /session/0a296c8df6193005a2b2e718ebd9da63/element - {"using":"xpath","value":"//bdi[contains(text(), \"OK\")]"}
RESULT: {"using":"xpath","value":"//bdi[contains(text(), \"OK\")]"}
COMMAND: POST /session/0a296c8df6193005a2b2e718ebd9da63/element/f.F27C4DBABD9006445730EE8458C4CD46.d.60C4E8A6F839632961702AC7167D9D2D.e.5524/click - {}
RESULT: {}
COMMAND: GET /session/0a296c8df6193005a2b2e718ebd9da63/screenshot - {}
RESULT: {}
COMMAND: POST /session/0a296c8df6193005a2b2e718ebd9da63/element - {"using":"xpath","value":"//span[contains(@id, \"smartTable-header-inner\")]"}
RESULT: {"using":"xpath","value":"//span[contains(@id, \"smartTable-header-inner\")]"}
COMMAND: POST /session/0a296c8df6193005a2b2e718ebd9da63/elements - {"using":"xpath","value":"//span[contains(@id, \"smartTable-header-inner\")]"}
RESULT: {"using":"xpath","value":"//span[contains(@id, \"smartTable-header-inner\")]"}
COMMAND: POST /session/0a296c8df6193005a2b2e718ebd9da63/execute/sync - {"script":"<script> [56 bytes]","args":[{"element-6066-11e4-a52e-4f735466cecf":"f.F27C4DBABD9006445730EE8458C4CD46.d.60C4E8A6F839632961702AC7167D9D2D.e.5536","ELEMENT":"f.F27C4DBABD9006445730EE8458C4CD46.d.60C4E8A6F839632961702AC7167D9D2D.e.5536"}]}
RESULT: {"script":"<script> [56 bytes]","args":[{"element-6066-11e4-a52e-4f735466cecf":"f.F27C4DBABD9006445730EE8458C4CD46.d.60C4E8A6F839632961702AC7167D9D2D.e.5536","ELEMENT":"f.F27C4DBABD9006445730EE8458C4CD46.d.60C4E8A6F839632961702AC7167D9D2D.e.5536"}]}
COMMAND: GET /session/0a296c8df6193005a2b2e718ebd9da63/screenshot - {}
COMMAND: GET /session/0a296c8df6193005a2b2e718ebd9da63/screenshot - {}
RESULT: {}
COMMAND: GET /session/0a296c8df6193005a2b2e718ebd9da63/screenshot - {}
COMMAND: GET /session/0a296c8df6193005a2b2e718ebd9da63/screenshot - {}
RESULT: {}
RESULT: {}
RESULT: {}
COMMAND: DELETE /session/0a296c8df6193005a2b2e718ebd9da63 - {}
RESULT: {}
]]></system-out>
      <system-err><![CDATA[
Error: expect(received).toEqual(expected) // deep equality

Expected: "Records (1)"
Received: "Records"
    at Context.<anonymous> (D:\a\1\s\test\specs\HTR\site-overview-return.spec.js:148:31)
]]></system-err>
    </testcase>
  </testsuite>
</testsuites>