<?xml version="1.0" encoding="UTF-8"?>
<testsuites tests="21" failures="1" errors="1" skipped="0">
  <testsuite timestamp="2025-05-24T16:57:25" time="419.559" tests="3" failures="1" errors="1" skipped="0">
    <properties>
      <property name="specId" value="0"/>
      <property name="suiteName" value="Create condition pricing US117289 US134625"/>
      <property name="capabilities" value="chrome.136_0_7103_93.windows"/>
      <property name="file" value="file:///D:/a/1/s/test/specs/BTS/create-condition-pricing.spec.js"/>
    </properties>
    <testcase classname="chrome.136_0_7103_93.windows.Create_condition_pricing_US117289_US134625" name="Should create a new yard used for all following tests" time="138.787">
      <system-out><![CDATA[
COMMAND: POST /session/93898e5d8213af02b008b7064a8e178d/window/fullscreen - {}
RESULT: {}
COMMAND: POST /session/93898e5d8213af02b008b7064a8e178d/execute/async - {"script":"<script> [1562 bytes]","args":[{"selector":{"controlType":"sap.m.GenericTile","properties":{"header":"Manage Yards"}},"wdio_ui5_key":"sapm.GenericTile{\"header\":\"Manage Yards\"}"}]}
RESULT: {"script":"<script> [1562 bytes]","args":[{"selector":{"controlType":"sap.m.GenericTile","properties":{"header":"Manage Yards"}},"wdio_ui5_key":"sapm.GenericTile{\"header\":\"Manage Yards\"}"}]}
RESULT: undefined
COMMAND: POST /session/93898e5d8213af02b008b7064a8e178d/element - {"using":"xpath","value":"//*[@id=\"__tile41\"]"}
RESULT: {"using":"xpath","value":"//*[@id=\"__tile41\"]"}
COMMAND: POST /session/93898e5d8213af02b008b7064a8e178d/element/f.DB6019AE2C79B0A323A25C7C2B3F3E26.d.B1ED618BAD843FEA19335A0CC96B68E1.e.171/click - {}
RESULT: {}
COMMAND: GET /session/93898e5d8213af02b008b7064a8e178d/screenshot - {}
RESULT: {}
COMMAND: POST /session/93898e5d8213af02b008b7064a8e178d/elements - {"using":"xpath","value":"//span[text()='Error']"}
RESULT: {"using":"xpath","value":"//span[text()='Error']"}
COMMAND: POST /session/93898e5d8213af02b008b7064a8e178d/element - {"using":"xpath","value":"//button[@data-kt=\"addNewYardOverflowToolbarButton\"]"}
RESULT: {"using":"xpath","value":"//button[@data-kt=\"addNewYardOverflowToolbarButton\"]"}
COMMAND: POST /session/93898e5d8213af02b008b7064a8e178d/elements - {"using":"xpath","value":"//button[@data-kt=\"addNewYardOverflowToolbarButton\"]"}
RESULT: {"using":"xpath","value":"//button[@data-kt=\"addNewYardOverflowToolbarButton\"]"}
COMMAND: POST /session/93898e5d8213af02b008b7064a8e178d/elements - {"using":"xpath","value":"//button[@data-kt=\"addNewYardOverflowToolbarButton\"]"}
RESULT: {"using":"xpath","value":"//button[@data-kt=\"addNewYardOverflowToolbarButton\"]"}
COMMAND: POST /session/93898e5d8213af02b008b7064a8e178d/elements - {"using":"xpath","value":"//button[@data-kt=\"addNewYardOverflowToolbarButton\"]"}
RESULT: {"using":"xpath","value":"//button[@data-kt=\"addNewYardOverflowToolbarButton\"]"}
COMMAND: POST /session/93898e5d8213af02b008b7064a8e178d/elements - {"using":"xpath","value":"//button[@data-kt=\"addNewYardOverflowToolbarButton\"]"}
RESULT: {"using":"xpath","value":"//button[@data-kt=\"addNewYardOverflowToolbarButton\"]"}
COMMAND: POST /session/93898e5d8213af02b008b7064a8e178d/elements - {"using":"xpath","value":"//button[@data-kt=\"addNewYardOverflowToolbarButton\"]"}
RESULT: {"using":"xpath","value":"//button[@data-kt=\"addNewYardOverflowToolbarButton\"]"}
COMMAND: POST /session/93898e5d8213af02b008b7064a8e178d/elements - {"using":"xpath","value":"//button[@data-kt=\"addNewYardOverflowToolbarButton\"]"}
RESULT: {"using":"xpath","value":"//button[@data-kt=\"addNewYardOverflowToolbarButton\"]"}
COMMAND: POST /session/93898e5d8213af02b008b7064a8e178d/elements - {"using":"xpath","value":"//button[@data-kt=\"addNewYardOverflowToolbarButton\"]"}
RESULT: {"using":"xpath","value":"//button[@data-kt=\"addNewYardOverflowToolbarButton\"]"}
COMMAND: POST /session/93898e5d8213af02b008b7064a8e178d/elements - {"using":"xpath","value":"//button[@data-kt=\"addNewYardOverflowToolbarButton\"]"}
RESULT: {"using":"xpath","value":"//button[@data-kt=\"addNewYardOverflowToolbarButton\"]"}
COMMAND: POST /session/93898e5d8213af02b008b7064a8e178d/elements - {"using":"xpath","value":"//button[@data-kt=\"addNewYardOverflowToolbarButton\"]"}
RESULT: {"using":"xpath","value":"//button[@data-kt=\"addNewYardOverflowToolbarButton\"]"}
COMMAND: POST /session/93898e5d8213af02b008b7064a8e178d/elements - {"using":"xpath","value":"//button[@data-kt=\"addNewYardOverflowToolbarButton\"]"}
RESULT: {"using":"xpath","value":"//button[@data-kt=\"addNewYardOverflowToolbarButton\"]"}
COMMAND: POST /session/93898e5d8213af02b008b7064a8e178d/elements - {"using":"xpath","value":"//button[@data-kt=\"addNewYardOverflowToolbarButton\"]"}
RESULT: {"using":"xpath","value":"//button[@data-kt=\"addNewYardOverflowToolbarButton\"]"}
COMMAND: POST /session/93898e5d8213af02b008b7064a8e178d/elements - {"using":"xpath","value":"//button[@data-kt=\"addNewYardOverflowToolbarButton\"]"}
RESULT: {"using":"xpath","value":"//button[@data-kt=\"addNewYardOverflowToolbarButton\"]"}
COMMAND: POST /session/93898e5d8213af02b008b7064a8e178d/element - {"using":"xpath","value":"//button[@data-kt=\"addNewYardOverflowToolbarButton\"]"}
RESULT: {"using":"xpath","value":"//button[@data-kt=\"addNewYardOverflowToolbarButton\"]"}
COMMAND: POST /session/93898e5d8213af02b008b7064a8e178d/execute/sync - {"script":"<script> [8489 bytes]","args":[{"element-6066-11e4-a52e-4f735466cecf":"f.DB6019AE2C79B0A323A25C7C2B3F3E26.d.B1ED618BAD843FEA19335A0CC96B68E1.e.309","ELEMENT":"f.DB6019AE2C79B0A323A25C7C2B3F3E26.d.B1ED618BAD843FEA19335A0CC96B68E1.e.309"}]}
RESULT: {"script":"<script> [8489 bytes]","args":[{"element-6066-11e4-a52e-4f735466cecf":"f.DB6019AE2C79B0A323A25C7C2B3F3E26.d.B1ED618BAD843FEA19335A0CC96B68E1.e.309","ELEMENT":"f.DB6019AE2C79B0A323A25C7C2B3F3E26.d.B1ED618BAD843FEA19335A0CC96B68E1.e.309"}]}
COMMAND: GET /session/93898e5d8213af02b008b7064a8e178d/element/f.DB6019AE2C79B0A323A25C7C2B3F3E26.d.B1ED618BAD843FEA19335A0CC96B68E1.e.309/enabled - {}
COMMAND: GET /session/93898e5d8213af02b008b7064a8e178d/screenshot - {}
RESULT: {}
COMMAND: POST /session/93898e5d8213af02b008b7064a8e178d/execute/sync - {"script":"<script> [8489 bytes]","args":[{"element-6066-11e4-a52e-4f735466cecf":"f.DB6019AE2C79B0A323A25C7C2B3F3E26.d.B1ED618BAD843FEA19335A0CC96B68E1.e.309","ELEMENT":"f.DB6019AE2C79B0A323A25C7C2B3F3E26.d.B1ED618BAD843FEA19335A0CC96B68E1.e.309"}]}
COMMAND: GET /session/93898e5d8213af02b008b7064a8e178d/screenshot - {}
RESULT: {}
RESULT: {"script":"<script> [8489 bytes]","args":[{"element-6066-11e4-a52e-4f735466cecf":"f.DB6019AE2C79B0A323A25C7C2B3F3E26.d.B1ED618BAD843FEA19335A0CC96B68E1.e.309","ELEMENT":"f.DB6019AE2C79B0A323A25C7C2B3F3E26.d.B1ED618BAD843FEA19335A0CC96B68E1.e.309"}]}
COMMAND: POST /session/93898e5d8213af02b008b7064a8e178d/execute/sync - {"script":"<script> [5351 bytes]","args":[{"element-6066-11e4-a52e-4f735466cecf":"f.DB6019AE2C79B0A323A25C7C2B3F3E26.d.B1ED618BAD843FEA19335A0CC96B68E1.e.309","ELEMENT":"f.DB6019AE2C79B0A323A25C7C2B3F3E26.d.B1ED618BAD843FEA19335A0CC96B68E1.e.309"}]}
COMMAND: GET /session/93898e5d8213af02b008b7064a8e178d/screenshot - {}
RESULT: {}
RESULT: {"script":"<script> [5351 bytes]","args":[{"element-6066-11e4-a52e-4f735466cecf":"f.DB6019AE2C79B0A323A25C7C2B3F3E26.d.B1ED618BAD843FEA19335A0CC96B68E1.e.309","ELEMENT":"f.DB6019AE2C79B0A323A25C7C2B3F3E26.d.B1ED618BAD843FEA19335A0CC96B68E1.e.309"}]}
COMMAND: POST /session/93898e5d8213af02b008b7064a8e178d/element/f.DB6019AE2C79B0A323A25C7C2B3F3E26.d.B1ED618BAD843FEA19335A0CC96B68E1.e.309/click - {}
COMMAND: GET /session/93898e5d8213af02b008b7064a8e178d/screenshot - {}
RESULT: {}
RESULT: {}
COMMAND: GET /session/93898e5d8213af02b008b7064a8e178d/screenshot - {}
COMMAND: POST /session/93898e5d8213af02b008b7064a8e178d/element - {"using":"xpath","value":"//input[@id=\"application-manageyards-display-component---NewYard--yardId-inner\"]"}
RESULT: {}
RESULT: {}
RESULT: {"using":"xpath","value":"//input[@id=\"application-manageyards-display-component---NewYard--yardId-inner\"]"}
COMMAND: POST /session/93898e5d8213af02b008b7064a8e178d/element - {"using":"xpath","value":"//input[@id=\"application-manageyards-display-component---NewYard--yardId-inner\"]"}
RESULT: {"using":"xpath","value":"//input[@id=\"application-manageyards-display-component---NewYard--yardId-inner\"]"}
COMMAND: POST /session/93898e5d8213af02b008b7064a8e178d/execute/async - {"script":"<script> [1562 bytes]","args":[{"selector":{"id":"application-manageyards-display-component---NewYard--addressDetailDetailsName1","interaction":{"idSuffix":"inner"}},"wdio_ui5_key":"applicationmanageyards-display-component---NewYard--addressDetailDetailsName1"}]}
RESULT: {"script":"<script> [1562 bytes]","args":[{"selector":{"id":"application-manageyards-display-component---NewYard--addressDetailDetailsName1","interaction":{"idSuffix":"inner"}},"wdio_ui5_key":"applicationmanageyards-display-component---NewYard--addressDetailDetailsName1"}]}
RESULT: undefined
COMMAND: POST /session/93898e5d8213af02b008b7064a8e178d/execute/async - {"script":"<script> [776 bytes]","args":[{"enterText":"DailyPrice WDIO","selector":{"id":"application-manageyards-display-component---NewYard--addressDetailDetailsName1","interaction":{"idSuffix":"inner"}},"clearTextFirst":true,"interactionType":"ENTER_TEXT"}]}
RESULT: {"script":"<script> [776 bytes]","args":[{"enterText":"DailyPrice WDIO","selector":{"id":"application-manageyards-display-component---NewYard--addressDetailDetailsName1","interaction":{"idSuffix":"inner"}},"clearTextFirst":true,"interactionType":"ENTER_TEXT"}]}
COMMAND: POST /session/93898e5d8213af02b008b7064a8e178d/execute/async - {"script":"<script> [1562 bytes]","args":[{"selector":{"id":"application-manageyards-display-component---NewYard--addressDetailDetailsLanguage-arrow"},"wdio_ui5_key":"applicationmanageyards-display-component---NewYard--addressDetailDetailsLanguage-arrow"}]}
RESULT: {"script":"<script> [1562 bytes]","args":[{"selector":{"id":"application-manageyards-display-component---NewYard--addressDetailDetailsLanguage-arrow"},"wdio_ui5_key":"applicationmanageyards-display-component---NewYard--addressDetailDetailsLanguage-arrow"}]}
RESULT: undefined
COMMAND: POST /session/93898e5d8213af02b008b7064a8e178d/element - {"using":"xpath","value":"//*[@id=\"application-manageyards-display-component---NewYard--addressDetailDetailsLanguage-arrow\"]"}
RESULT: {"using":"xpath","value":"//*[@id=\"application-manageyards-display-component---NewYard--addressDetailDetailsLanguage-arrow\"]"}
COMMAND: POST /session/93898e5d8213af02b008b7064a8e178d/element/f.DB6019AE2C79B0A323A25C7C2B3F3E26.d.B1ED618BAD843FEA19335A0CC96B68E1.e.740/click - {}
RESULT: {}
COMMAND: POST /session/93898e5d8213af02b008b7064a8e178d/element - {"using":"xpath","value":"//span[contains(text(), \"English\")]"}
COMMAND: GET /session/93898e5d8213af02b008b7064a8e178d/screenshot - {}
RESULT: {"using":"xpath","value":"//span[contains(text(), \"English\")]"}
COMMAND: POST /session/93898e5d8213af02b008b7064a8e178d/element/f.DB6019AE2C79B0A323A25C7C2B3F3E26.d.B1ED618BAD843FEA19335A0CC96B68E1.e.741/click - {}
RESULT: {}
RESULT: {}
COMMAND: POST /session/93898e5d8213af02b008b7064a8e178d/execute/async - {"script":"<script> [1562 bytes]","args":[{"selector":{"id":"application-manageyards-display-component---NewYard--addressDetailDetailsCity1","interaction":{"idSuffix":"inner"}},"wdio_ui5_key":"applicationmanageyards-display-component---NewYard--addressDetailDetailsCity1"}]}
COMMAND: GET /session/93898e5d8213af02b008b7064a8e178d/screenshot - {}
RESULT: {"script":"<script> [1562 bytes]","args":[{"selector":{"id":"application-manageyards-display-component---NewYard--addressDetailDetailsCity1","interaction":{"idSuffix":"inner"}},"wdio_ui5_key":"applicationmanageyards-display-component---NewYard--addressDetailDetailsCity1"}]}
RESULT: undefined
COMMAND: POST /session/93898e5d8213af02b008b7064a8e178d/execute/async - {"script":"<script> [776 bytes]","args":[{"enterText":"Rosario","selector":{"id":"application-manageyards-display-component---NewYard--addressDetailDetailsCity1","interaction":{"idSuffix":"inner"}},"clearTextFirst":true,"interactionType":"ENTER_TEXT"}]}
RESULT: {}
RESULT: {"script":"<script> [776 bytes]","args":[{"enterText":"Rosario","selector":{"id":"application-manageyards-display-component---NewYard--addressDetailDetailsCity1","interaction":{"idSuffix":"inner"}},"clearTextFirst":true,"interactionType":"ENTER_TEXT"}]}
COMMAND: POST /session/93898e5d8213af02b008b7064a8e178d/execute/async - {"script":"<script> [1562 bytes]","args":[{"selector":{"id":"application-manageyards-display-component---NewYard--addressDetailDetailsCountry-arrow"},"wdio_ui5_key":"applicationmanageyards-display-component---NewYard--addressDetailDetailsCountry-arrow"}]}
RESULT: {"script":"<script> [1562 bytes]","args":[{"selector":{"id":"application-manageyards-display-component---NewYard--addressDetailDetailsCountry-arrow"},"wdio_ui5_key":"applicationmanageyards-display-component---NewYard--addressDetailDetailsCountry-arrow"}]}
RESULT: undefined
COMMAND: POST /session/93898e5d8213af02b008b7064a8e178d/element - {"using":"xpath","value":"//*[@id=\"application-manageyards-display-component---NewYard--addressDetailDetailsCountry-arrow\"]"}
RESULT: {"using":"xpath","value":"//*[@id=\"application-manageyards-display-component---NewYard--addressDetailDetailsCountry-arrow\"]"}
COMMAND: POST /session/93898e5d8213af02b008b7064a8e178d/element/f.DB6019AE2C79B0A323A25C7C2B3F3E26.d.B1ED618BAD843FEA19335A0CC96B68E1.e.743/click - {}
RESULT: {}
COMMAND: POST /session/93898e5d8213af02b008b7064a8e178d/element - {"using":"xpath","value":"//span[contains(text(), \"Argentina\")]"}
COMMAND: GET /session/93898e5d8213af02b008b7064a8e178d/screenshot - {}
RESULT: {"using":"xpath","value":"//span[contains(text(), \"Argentina\")]"}
COMMAND: POST /session/93898e5d8213af02b008b7064a8e178d/element/f.DB6019AE2C79B0A323A25C7C2B3F3E26.d.B1ED618BAD843FEA19335A0CC96B68E1.e.744/click - {}
RESULT: {}
RESULT: {}
COMMAND: POST /session/93898e5d8213af02b008b7064a8e178d/execute/async - {"script":"<script> [1562 bytes]","args":[{"selector":{"id":"application-manageyards-display-component---NewYard--addressEditDetailsCostObjectCstType-arrow"},"wdio_ui5_key":"applicationmanageyards-display-component---NewYard--addressEditDetailsCostObjectCstType-arrow"}]}
COMMAND: GET /session/93898e5d8213af02b008b7064a8e178d/screenshot - {}
RESULT: {"script":"<script> [1562 bytes]","args":[{"selector":{"id":"application-manageyards-display-component---NewYard--addressEditDetailsCostObjectCstType-arrow"},"wdio_ui5_key":"applicationmanageyards-display-component---NewYard--addressEditDetailsCostObjectCstType-arrow"}]}
RESULT: undefined
COMMAND: POST /session/93898e5d8213af02b008b7064a8e178d/element - {"using":"xpath","value":"//*[@id=\"application-manageyards-display-component---NewYard--addressEditDetailsCostObjectCstType-arrow\"]"}
RESULT: {}
RESULT: {"using":"xpath","value":"//*[@id=\"application-manageyards-display-component---NewYard--addressEditDetailsCostObjectCstType-arrow\"]"}
COMMAND: POST /session/93898e5d8213af02b008b7064a8e178d/element/f.DB6019AE2C79B0A323A25C7C2B3F3E26.d.B1ED618BAD843FEA19335A0CC96B68E1.e.746/click - {}
RESULT: {}
COMMAND: POST /session/93898e5d8213af02b008b7064a8e178d/element - {"using":"xpath","value":"//span[contains(text(), \"Cost Center\")]"}
COMMAND: GET /session/93898e5d8213af02b008b7064a8e178d/screenshot - {}
RESULT: {"using":"xpath","value":"//span[contains(text(), \"Cost Center\")]"}
COMMAND: POST /session/93898e5d8213af02b008b7064a8e178d/element/f.DB6019AE2C79B0A323A25C7C2B3F3E26.d.B1ED618BAD843FEA19335A0CC96B68E1.e.747/click - {}
RESULT: {}
RESULT: {}
COMMAND: GET /session/93898e5d8213af02b008b7064a8e178d/screenshot - {}
RESULT: {}
COMMAND: POST /session/93898e5d8213af02b008b7064a8e178d/element - {"using":"xpath","value":"//span[@id=\"application-manageyards-display-component---NewYard--addressNewCostObjectCstID-vhi\"]"}
RESULT: {"using":"xpath","value":"//span[@id=\"application-manageyards-display-component---NewYard--addressNewCostObjectCstID-vhi\"]"}
COMMAND: POST /session/93898e5d8213af02b008b7064a8e178d/execute/sync - {"script":"<script> [8489 bytes]","args":[{"element-6066-11e4-a52e-4f735466cecf":"f.DB6019AE2C79B0A323A25C7C2B3F3E26.d.B1ED618BAD843FEA19335A0CC96B68E1.e.751","ELEMENT":"f.DB6019AE2C79B0A323A25C7C2B3F3E26.d.B1ED618BAD843FEA19335A0CC96B68E1.e.751"}]}
RESULT: {"script":"<script> [8489 bytes]","args":[{"element-6066-11e4-a52e-4f735466cecf":"f.DB6019AE2C79B0A323A25C7C2B3F3E26.d.B1ED618BAD843FEA19335A0CC96B68E1.e.751","ELEMENT":"f.DB6019AE2C79B0A323A25C7C2B3F3E26.d.B1ED618BAD843FEA19335A0CC96B68E1.e.751"}]}
COMMAND: POST /session/93898e5d8213af02b008b7064a8e178d/execute/async - {"script":"<script> [1562 bytes]","args":[{"selector":{"id":"application-manageyards-display-component---NewYard--addressNewCostObjectCstID-vhi"},"wdio_ui5_key":"applicationmanageyards-display-component---NewYard--addressNewCostObjectCstID-vhi"}]}
COMMAND: GET /session/93898e5d8213af02b008b7064a8e178d/screenshot - {}
RESULT: {"script":"<script> [1562 bytes]","args":[{"selector":{"id":"application-manageyards-display-component---NewYard--addressNewCostObjectCstID-vhi"},"wdio_ui5_key":"applicationmanageyards-display-component---NewYard--addressNewCostObjectCstID-vhi"}]}
RESULT: undefined
COMMAND: POST /session/93898e5d8213af02b008b7064a8e178d/element - {"using":"xpath","value":"//*[@id=\"application-manageyards-display-component---NewYard--addressNewCostObjectCstID-vhi\"]"}
RESULT: {}
RESULT: {"using":"xpath","value":"//*[@id=\"application-manageyards-display-component---NewYard--addressNewCostObjectCstID-vhi\"]"}
COMMAND: POST /session/93898e5d8213af02b008b7064a8e178d/element/f.DB6019AE2C79B0A323A25C7C2B3F3E26.d.B1ED618BAD843FEA19335A0CC96B68E1.e.751/click - {}
RESULT: {}
COMMAND: GET /session/93898e5d8213af02b008b7064a8e178d/screenshot - {}
RESULT: {}
COMMAND: POST /session/93898e5d8213af02b008b7064a8e178d/execute/async - {"script":"<script> [1562 bytes]","args":[{"selector":{"controlType":"sap.m.SearchField","properties":{"placeholder":"Search"},"searchOpenDialogs":true,"interaction":{"idSuffix":"I"}},"wdio_ui5_key":"sapm.SearchField{\"placeholder\":\"Search\"}"}]}
RESULT: {"script":"<script> [1562 bytes]","args":[{"selector":{"controlType":"sap.m.SearchField","properties":{"placeholder":"Search"},"searchOpenDialogs":true,"interaction":{"idSuffix":"I"}},"wdio_ui5_key":"sapm.SearchField{\"placeholder\":\"Search\"}"}]}
RESULT: undefined
COMMAND: POST /session/93898e5d8213af02b008b7064a8e178d/execute/async - {"script":"<script> [776 bytes]","args":[{"enterText":"bauh_b","selector":{"controlType":"sap.m.SearchField","properties":{"placeholder":"Search"},"searchOpenDialogs":true,"interaction":{"idSuffix":"I"}},"clearTextFirst":true,"interactionType":"ENTER_TEXT"}]}
RESULT: {"script":"<script> [776 bytes]","args":[{"enterText":"bauh_b","selector":{"controlType":"sap.m.SearchField","properties":{"placeholder":"Search"},"searchOpenDialogs":true,"interaction":{"idSuffix":"I"}},"clearTextFirst":true,"interactionType":"ENTER_TEXT"}]}
COMMAND: POST /session/93898e5d8213af02b008b7064a8e178d/actions - {"actions":[{"id":"action1","type":"key","parameters":{},"actions":[{"type":"keyDown","value":""},{"type":"pause","duration":10},{"type":"keyUp","value":""}]}]}
RESULT: {"actions":[{"id":"action1","type":"key","parameters":{},"actions":[{"type":"keyDown","value":""},{"type":"pause","duration":10},{"type":"keyUp","value":""}]}]}
COMMAND: GET /session/93898e5d8213af02b008b7064a8e178d/screenshot - {}
RESULT: {}
COMMAND: POST /session/93898e5d8213af02b008b7064a8e178d/element - {"using":"xpath","value":"//span[contains(text(), \"Demo Yard\")]"}
RESULT: {"using":"xpath","value":"//span[contains(text(), \"Demo Yard\")]"}
COMMAND: POST /session/93898e5d8213af02b008b7064a8e178d/element/f.DB6019AE2C79B0A323A25C7C2B3F3E26.d.B1ED618BAD843FEA19335A0CC96B68E1.e.790/click - {}
RESULT: {}
COMMAND: GET /session/93898e5d8213af02b008b7064a8e178d/screenshot - {}
RESULT: {}
COMMAND: POST /session/93898e5d8213af02b008b7064a8e178d/element - {"using":"xpath","value":"//bdi[contains(text(), \"OK\")]"}
RESULT: {"using":"xpath","value":"//bdi[contains(text(), \"OK\")]"}
COMMAND: POST /session/93898e5d8213af02b008b7064a8e178d/element/f.DB6019AE2C79B0A323A25C7C2B3F3E26.d.B1ED618BAD843FEA19335A0CC96B68E1.e.791/click - {}
RESULT: {}
COMMAND: GET /session/93898e5d8213af02b008b7064a8e178d/screenshot - {}
RESULT: {}
COMMAND: POST /session/93898e5d8213af02b008b7064a8e178d/execute/async - {"script":"<script> [1562 bytes]","args":[{"selector":{"id":"application-manageyards-display-component---NewYard--addressEditDetailsCurrency-arrow"},"wdio_ui5_key":"applicationmanageyards-display-component---NewYard--addressEditDetailsCurrency-arrow"}]}
RESULT: {"script":"<script> [1562 bytes]","args":[{"selector":{"id":"application-manageyards-display-component---NewYard--addressEditDetailsCurrency-arrow"},"wdio_ui5_key":"applicationmanageyards-display-component---NewYard--addressEditDetailsCurrency-arrow"}]}
RESULT: undefined
COMMAND: POST /session/93898e5d8213af02b008b7064a8e178d/element - {"using":"xpath","value":"//*[@id=\"application-manageyards-display-component---NewYard--addressEditDetailsCurrency-arrow\"]"}
RESULT: {"using":"xpath","value":"//*[@id=\"application-manageyards-display-component---NewYard--addressEditDetailsCurrency-arrow\"]"}
COMMAND: POST /session/93898e5d8213af02b008b7064a8e178d/element/f.DB6019AE2C79B0A323A25C7C2B3F3E26.d.B1ED618BAD843FEA19335A0CC96B68E1.e.794/click - {}
RESULT: {}
COMMAND: POST /session/93898e5d8213af02b008b7064a8e178d/element - {"using":"xpath","value":"//span[contains(text(), \"Euro\")]"}
COMMAND: GET /session/93898e5d8213af02b008b7064a8e178d/screenshot - {}
RESULT: {"using":"xpath","value":"//span[contains(text(), \"Euro\")]"}
COMMAND: POST /session/93898e5d8213af02b008b7064a8e178d/element/f.DB6019AE2C79B0A323A25C7C2B3F3E26.d.B1ED618BAD843FEA19335A0CC96B68E1.e.795/click - {}
RESULT: {}
RESULT: {}
COMMAND: POST /session/93898e5d8213af02b008b7064a8e178d/execute/async - {"script":"<script> [1562 bytes]","args":[{"selector":{"controlType":"sap.m.Input","viewName":"etm.portal.ui.manageyards.view.New","viewId":"application-manageyards-display-component---NewYard","bindingPath":{"path":"","propertyPath":"/CONTROLLING_AREA","modelName":"NewYardModel"},"interaction":{"idSuffix":"inner"}},"wdio_ui5_key":"etmportal.ui.manageyards.view.Newsap.m.Input{\"path\":\"\",\"propertyPath\":\"/CONTROLLING_AREA\",\"modelName\":\"NewYardModel\"}"}]}
COMMAND: GET /session/93898e5d8213af02b008b7064a8e178d/screenshot - {}
RESULT: {"script":"<script> [1562 bytes]","args":[{"selector":{"controlType":"sap.m.Input","viewName":"etm.portal.ui.manageyards.view.New","viewId":"application-manageyards-display-component---NewYard","bindingPath":{"path":"","propertyPath":"/CONTROLLING_AREA","modelName":"NewYardModel"},"interaction":{"idSuffix":"inner"}},"wdio_ui5_key":"etmportal.ui.manageyards.view.Newsap.m.Input{\"path\":\"\",\"propertyPath\":\"/CONTROLLING_AREA\",\"modelName\":\"NewYardModel\"}"}]}
RESULT: undefined
COMMAND: POST /session/93898e5d8213af02b008b7064a8e178d/execute/async - {"script":"<script> [776 bytes]","args":[{"enterText":"Z001","selector":{"controlType":"sap.m.Input","viewName":"etm.portal.ui.manageyards.view.New","viewId":"application-manageyards-display-component---NewYard","bindingPath":{"path":"","propertyPath":"/CONTROLLING_AREA","modelName":"NewYardModel"},"interaction":{"idSuffix":"inner"}},"clearTextFirst":true,"interactionType":"ENTER_TEXT"}]}
RESULT: {}
RESULT: {"script":"<script> [776 bytes]","args":[{"enterText":"Z001","selector":{"controlType":"sap.m.Input","viewName":"etm.portal.ui.manageyards.view.New","viewId":"application-manageyards-display-component---NewYard","bindingPath":{"path":"","propertyPath":"/CONTROLLING_AREA","modelName":"NewYardModel"},"interaction":{"idSuffix":"inner"}},"clearTextFirst":true,"interactionType":"ENTER_TEXT"}]}
COMMAND: POST /session/93898e5d8213af02b008b7064a8e178d/execute/async - {"script":"<script> [1562 bytes]","args":[{"selector":{"id":"application-manageyards-display-component---NewYard--companyCodeComboBox","interaction":{"idSuffix":"inner"}},"wdio_ui5_key":"applicationmanageyards-display-component---NewYard--companyCodeComboBox"}]}
RESULT: {"script":"<script> [1562 bytes]","args":[{"selector":{"id":"application-manageyards-display-component---NewYard--companyCodeComboBox","interaction":{"idSuffix":"inner"}},"wdio_ui5_key":"applicationmanageyards-display-component---NewYard--companyCodeComboBox"}]}
RESULT: undefined
COMMAND: POST /session/93898e5d8213af02b008b7064a8e178d/execute/async - {"script":"<script> [776 bytes]","args":[{"enterText":"1000","selector":{"id":"application-manageyards-display-component---NewYard--companyCodeComboBox","interaction":{"idSuffix":"inner"}},"clearTextFirst":true,"interactionType":"ENTER_TEXT"}]}
RESULT: {"script":"<script> [776 bytes]","args":[{"enterText":"1000","selector":{"id":"application-manageyards-display-component---NewYard--companyCodeComboBox","interaction":{"idSuffix":"inner"}},"clearTextFirst":true,"interactionType":"ENTER_TEXT"}]}
COMMAND: POST /session/93898e5d8213af02b008b7064a8e178d/execute/async - {"script":"<script> [1562 bytes]","args":[{"selector":{"controlType":"sap.m.Input","viewName":"etm.portal.ui.manageyards.view.New","viewId":"application-manageyards-display-component---NewYard","bindingPath":{"path":"","propertyPath":"/PLANT","modelName":"NewYardModel"},"interaction":{"idSuffix":"inner"}},"wdio_ui5_key":"etmportal.ui.manageyards.view.Newsap.m.Input{\"path\":\"\",\"propertyPath\":\"/PLANT\",\"modelName\":\"NewYardModel\"}"}]}
RESULT: {"script":"<script> [1562 bytes]","args":[{"selector":{"controlType":"sap.m.Input","viewName":"etm.portal.ui.manageyards.view.New","viewId":"application-manageyards-display-component---NewYard","bindingPath":{"path":"","propertyPath":"/PLANT","modelName":"NewYardModel"},"interaction":{"idSuffix":"inner"}},"wdio_ui5_key":"etmportal.ui.manageyards.view.Newsap.m.Input{\"path\":\"\",\"propertyPath\":\"/PLANT\",\"modelName\":\"NewYardModel\"}"}]}
RESULT: undefined
COMMAND: POST /session/93898e5d8213af02b008b7064a8e178d/execute/async - {"script":"<script> [776 bytes]","args":[{"enterText":"1001","selector":{"controlType":"sap.m.Input","viewName":"etm.portal.ui.manageyards.view.New","viewId":"application-manageyards-display-component---NewYard","bindingPath":{"path":"","propertyPath":"/PLANT","modelName":"NewYardModel"},"interaction":{"idSuffix":"inner"}},"clearTextFirst":true,"interactionType":"ENTER_TEXT"}]}
RESULT: {"script":"<script> [776 bytes]","args":[{"enterText":"1001","selector":{"controlType":"sap.m.Input","viewName":"etm.portal.ui.manageyards.view.New","viewId":"application-manageyards-display-component---NewYard","bindingPath":{"path":"","propertyPath":"/PLANT","modelName":"NewYardModel"},"interaction":{"idSuffix":"inner"}},"clearTextFirst":true,"interactionType":"ENTER_TEXT"}]}
COMMAND: POST /session/93898e5d8213af02b008b7064a8e178d/execute/async - {"script":"<script> [1562 bytes]","args":[{"selector":{"controlType":"sap.m.Input","viewName":"etm.portal.ui.manageyards.view.New","viewId":"application-manageyards-display-component---NewYard","bindingPath":{"path":"","propertyPath":"/SALES_AREA_VKORG","modelName":"NewYardModel"},"interaction":{"idSuffix":"inner"}},"wdio_ui5_key":"etmportal.ui.manageyards.view.Newsap.m.Input{\"path\":\"\",\"propertyPath\":\"/SALES_AREA_VKORG\",\"modelName\":\"NewYardModel\"}"}]}
RESULT: {"script":"<script> [1562 bytes]","args":[{"selector":{"controlType":"sap.m.Input","viewName":"etm.portal.ui.manageyards.view.New","viewId":"application-manageyards-display-component---NewYard","bindingPath":{"path":"","propertyPath":"/SALES_AREA_VKORG","modelName":"NewYardModel"},"interaction":{"idSuffix":"inner"}},"wdio_ui5_key":"etmportal.ui.manageyards.view.Newsap.m.Input{\"path\":\"\",\"propertyPath\":\"/SALES_AREA_VKORG\",\"modelName\":\"NewYardModel\"}"}]}
RESULT: undefined
COMMAND: POST /session/93898e5d8213af02b008b7064a8e178d/execute/async - {"script":"<script> [776 bytes]","args":[{"enterText":"C002","selector":{"controlType":"sap.m.Input","viewName":"etm.portal.ui.manageyards.view.New","viewId":"application-manageyards-display-component---NewYard","bindingPath":{"path":"","propertyPath":"/SALES_AREA_VKORG","modelName":"NewYardModel"},"interaction":{"idSuffix":"inner"}},"clearTextFirst":true,"interactionType":"ENTER_TEXT"}]}
RESULT: {"script":"<script> [776 bytes]","args":[{"enterText":"C002","selector":{"controlType":"sap.m.Input","viewName":"etm.portal.ui.manageyards.view.New","viewId":"application-manageyards-display-component---NewYard","bindingPath":{"path":"","propertyPath":"/SALES_AREA_VKORG","modelName":"NewYardModel"},"interaction":{"idSuffix":"inner"}},"clearTextFirst":true,"interactionType":"ENTER_TEXT"}]}
COMMAND: POST /session/93898e5d8213af02b008b7064a8e178d/execute/async - {"script":"<script> [1562 bytes]","args":[{"selector":{"controlType":"sap.m.Input","viewName":"etm.portal.ui.manageyards.view.New","viewId":"application-manageyards-display-component---NewYard","bindingPath":{"path":"","propertyPath":"/SALES_AREA_VTWEG","modelName":"NewYardModel"},"interaction":{"idSuffix":"inner"}},"wdio_ui5_key":"etmportal.ui.manageyards.view.Newsap.m.Input{\"path\":\"\",\"propertyPath\":\"/SALES_AREA_VTWEG\",\"modelName\":\"NewYardModel\"}"}]}
RESULT: {"script":"<script> [1562 bytes]","args":[{"selector":{"controlType":"sap.m.Input","viewName":"etm.portal.ui.manageyards.view.New","viewId":"application-manageyards-display-component---NewYard","bindingPath":{"path":"","propertyPath":"/SALES_AREA_VTWEG","modelName":"NewYardModel"},"interaction":{"idSuffix":"inner"}},"wdio_ui5_key":"etmportal.ui.manageyards.view.Newsap.m.Input{\"path\":\"\",\"propertyPath\":\"/SALES_AREA_VTWEG\",\"modelName\":\"NewYardModel\"}"}]}
RESULT: undefined
COMMAND: POST /session/93898e5d8213af02b008b7064a8e178d/execute/async - {"script":"<script> [776 bytes]","args":[{"enterText":"C2","selector":{"controlType":"sap.m.Input","viewName":"etm.portal.ui.manageyards.view.New","viewId":"application-manageyards-display-component---NewYard","bindingPath":{"path":"","propertyPath":"/SALES_AREA_VTWEG","modelName":"NewYardModel"},"interaction":{"idSuffix":"inner"}},"clearTextFirst":true,"interactionType":"ENTER_TEXT"}]}
RESULT: {"script":"<script> [776 bytes]","args":[{"enterText":"C2","selector":{"controlType":"sap.m.Input","viewName":"etm.portal.ui.manageyards.view.New","viewId":"application-manageyards-display-component---NewYard","bindingPath":{"path":"","propertyPath":"/SALES_AREA_VTWEG","modelName":"NewYardModel"},"interaction":{"idSuffix":"inner"}},"clearTextFirst":true,"interactionType":"ENTER_TEXT"}]}
COMMAND: POST /session/93898e5d8213af02b008b7064a8e178d/execute/async - {"script":"<script> [1562 bytes]","args":[{"selector":{"controlType":"sap.m.Input","viewName":"etm.portal.ui.manageyards.view.New","viewId":"application-manageyards-display-component---NewYard","bindingPath":{"path":"","propertyPath":"/SALES_AREA_SPART","modelName":"NewYardModel"},"interaction":{"idSuffix":"inner"}},"wdio_ui5_key":"etmportal.ui.manageyards.view.Newsap.m.Input{\"path\":\"\",\"propertyPath\":\"/SALES_AREA_SPART\",\"modelName\":\"NewYardModel\"}"}]}
RESULT: {"script":"<script> [1562 bytes]","args":[{"selector":{"controlType":"sap.m.Input","viewName":"etm.portal.ui.manageyards.view.New","viewId":"application-manageyards-display-component---NewYard","bindingPath":{"path":"","propertyPath":"/SALES_AREA_SPART","modelName":"NewYardModel"},"interaction":{"idSuffix":"inner"}},"wdio_ui5_key":"etmportal.ui.manageyards.view.Newsap.m.Input{\"path\":\"\",\"propertyPath\":\"/SALES_AREA_SPART\",\"modelName\":\"NewYardModel\"}"}]}
RESULT: undefined
COMMAND: POST /session/93898e5d8213af02b008b7064a8e178d/execute/async - {"script":"<script> [776 bytes]","args":[{"enterText":"C2","selector":{"controlType":"sap.m.Input","viewName":"etm.portal.ui.manageyards.view.New","viewId":"application-manageyards-display-component---NewYard","bindingPath":{"path":"","propertyPath":"/SALES_AREA_SPART","modelName":"NewYardModel"},"interaction":{"idSuffix":"inner"}},"clearTextFirst":true,"interactionType":"ENTER_TEXT"}]}
RESULT: {"script":"<script> [776 bytes]","args":[{"enterText":"C2","selector":{"controlType":"sap.m.Input","viewName":"etm.portal.ui.manageyards.view.New","viewId":"application-manageyards-display-component---NewYard","bindingPath":{"path":"","propertyPath":"/SALES_AREA_SPART","modelName":"NewYardModel"},"interaction":{"idSuffix":"inner"}},"clearTextFirst":true,"interactionType":"ENTER_TEXT"}]}
COMMAND: POST /session/93898e5d8213af02b008b7064a8e178d/execute/async - {"script":"<script> [1562 bytes]","args":[{"selector":{"controlType":"sap.m.Input","viewName":"etm.portal.ui.manageyards.view.New","viewId":"application-manageyards-display-component---NewYard","bindingPath":{"path":"","propertyPath":"/SHIP_POINT","modelName":"NewYardModel"},"interaction":{"idSuffix":"inner"}},"wdio_ui5_key":"etmportal.ui.manageyards.view.Newsap.m.Input{\"path\":\"\",\"propertyPath\":\"/SHIP_POINT\",\"modelName\":\"NewYardModel\"}"}]}
RESULT: {"script":"<script> [1562 bytes]","args":[{"selector":{"controlType":"sap.m.Input","viewName":"etm.portal.ui.manageyards.view.New","viewId":"application-manageyards-display-component---NewYard","bindingPath":{"path":"","propertyPath":"/SHIP_POINT","modelName":"NewYardModel"},"interaction":{"idSuffix":"inner"}},"wdio_ui5_key":"etmportal.ui.manageyards.view.Newsap.m.Input{\"path\":\"\",\"propertyPath\":\"/SHIP_POINT\",\"modelName\":\"NewYardModel\"}"}]}
RESULT: undefined
COMMAND: POST /session/93898e5d8213af02b008b7064a8e178d/execute/async - {"script":"<script> [776 bytes]","args":[{"enterText":"1710","selector":{"controlType":"sap.m.Input","viewName":"etm.portal.ui.manageyards.view.New","viewId":"application-manageyards-display-component---NewYard","bindingPath":{"path":"","propertyPath":"/SHIP_POINT","modelName":"NewYardModel"},"interaction":{"idSuffix":"inner"}},"clearTextFirst":true,"interactionType":"ENTER_TEXT"}]}
RESULT: {"script":"<script> [776 bytes]","args":[{"enterText":"1710","selector":{"controlType":"sap.m.Input","viewName":"etm.portal.ui.manageyards.view.New","viewId":"application-manageyards-display-component---NewYard","bindingPath":{"path":"","propertyPath":"/SHIP_POINT","modelName":"NewYardModel"},"interaction":{"idSuffix":"inner"}},"clearTextFirst":true,"interactionType":"ENTER_TEXT"}]}
COMMAND: POST /session/93898e5d8213af02b008b7064a8e178d/execute/async - {"script":"<script> [1562 bytes]","args":[{"selector":{"controlType":"sap.m.Input","viewName":"etm.portal.ui.manageyards.view.New","viewId":"application-manageyards-display-component---NewYard","bindingPath":{"path":"","propertyPath":"/DELIVERY_TYPE","modelName":"NewYardModel"},"interaction":{"idSuffix":"inner"}},"wdio_ui5_key":"etmportal.ui.manageyards.view.Newsap.m.Input{\"path\":\"\",\"propertyPath\":\"/DELIVERY_TYPE\",\"modelName\":\"NewYardModel\"}"}]}
RESULT: {"script":"<script> [1562 bytes]","args":[{"selector":{"controlType":"sap.m.Input","viewName":"etm.portal.ui.manageyards.view.New","viewId":"application-manageyards-display-component---NewYard","bindingPath":{"path":"","propertyPath":"/DELIVERY_TYPE","modelName":"NewYardModel"},"interaction":{"idSuffix":"inner"}},"wdio_ui5_key":"etmportal.ui.manageyards.view.Newsap.m.Input{\"path\":\"\",\"propertyPath\":\"/DELIVERY_TYPE\",\"modelName\":\"NewYardModel\"}"}]}
RESULT: undefined
COMMAND: POST /session/93898e5d8213af02b008b7064a8e178d/execute/async - {"script":"<script> [776 bytes]","args":[{"enterText":"ZL01","selector":{"controlType":"sap.m.Input","viewName":"etm.portal.ui.manageyards.view.New","viewId":"application-manageyards-display-component---NewYard","bindingPath":{"path":"","propertyPath":"/DELIVERY_TYPE","modelName":"NewYardModel"},"interaction":{"idSuffix":"inner"}},"clearTextFirst":true,"interactionType":"ENTER_TEXT"}]}
RESULT: {"script":"<script> [776 bytes]","args":[{"enterText":"ZL01","selector":{"controlType":"sap.m.Input","viewName":"etm.portal.ui.manageyards.view.New","viewId":"application-manageyards-display-component---NewYard","bindingPath":{"path":"","propertyPath":"/DELIVERY_TYPE","modelName":"NewYardModel"},"interaction":{"idSuffix":"inner"}},"clearTextFirst":true,"interactionType":"ENTER_TEXT"}]}
COMMAND: POST /session/93898e5d8213af02b008b7064a8e178d/execute/async - {"script":"<script> [1562 bytes]","args":[{"selector":{"controlType":"sap.m.Input","viewName":"etm.portal.ui.manageyards.view.New","viewId":"application-manageyards-display-component---NewYard","bindingPath":{"path":"","propertyPath":"/AUART","modelName":"NewYardModel"},"interaction":{"idSuffix":"inner"}},"wdio_ui5_key":"etmportal.ui.manageyards.view.Newsap.m.Input{\"path\":\"\",\"propertyPath\":\"/AUART\",\"modelName\":\"NewYardModel\"}"}]}
RESULT: {"script":"<script> [1562 bytes]","args":[{"selector":{"controlType":"sap.m.Input","viewName":"etm.portal.ui.manageyards.view.New","viewId":"application-manageyards-display-component---NewYard","bindingPath":{"path":"","propertyPath":"/AUART","modelName":"NewYardModel"},"interaction":{"idSuffix":"inner"}},"wdio_ui5_key":"etmportal.ui.manageyards.view.Newsap.m.Input{\"path\":\"\",\"propertyPath\":\"/AUART\",\"modelName\":\"NewYardModel\"}"}]}
RESULT: undefined
COMMAND: POST /session/93898e5d8213af02b008b7064a8e178d/execute/async - {"script":"<script> [776 bytes]","args":[{"enterText":"TA","selector":{"controlType":"sap.m.Input","viewName":"etm.portal.ui.manageyards.view.New","viewId":"application-manageyards-display-component---NewYard","bindingPath":{"path":"","propertyPath":"/AUART","modelName":"NewYardModel"},"interaction":{"idSuffix":"inner"}},"clearTextFirst":true,"interactionType":"ENTER_TEXT"}]}
RESULT: {"script":"<script> [776 bytes]","args":[{"enterText":"TA","selector":{"controlType":"sap.m.Input","viewName":"etm.portal.ui.manageyards.view.New","viewId":"application-manageyards-display-component---NewYard","bindingPath":{"path":"","propertyPath":"/AUART","modelName":"NewYardModel"},"interaction":{"idSuffix":"inner"}},"clearTextFirst":true,"interactionType":"ENTER_TEXT"}]}
COMMAND: POST /session/93898e5d8213af02b008b7064a8e178d/element - {"using":"xpath","value":"//button[@data-kt=\"newYardSaveButton\"]"}
RESULT: {"using":"xpath","value":"//button[@data-kt=\"newYardSaveButton\"]"}
COMMAND: POST /session/93898e5d8213af02b008b7064a8e178d/element/f.DB6019AE2C79B0A323A25C7C2B3F3E26.d.B1ED618BAD843FEA19335A0CC96B68E1.e.725/click - {}
RESULT: {}
COMMAND: GET /session/93898e5d8213af02b008b7064a8e178d/screenshot - {}
RESULT: {}
COMMAND: POST /session/93898e5d8213af02b008b7064a8e178d/element - {"using":"xpath","value":"//header[contains(@id, 'ObjectPageLayout-headerTitle')]/div[1]/div[2]/div[1]/span[1]"}
RESULT: {"using":"xpath","value":"//header[contains(@id, 'ObjectPageLayout-headerTitle')]/div[1]/div[2]/div[1]/span[1]"}
COMMAND: POST /session/93898e5d8213af02b008b7064a8e178d/elements - {"using":"xpath","value":"//header[contains(@id, 'ObjectPageLayout-headerTitle')]/div[1]/div[2]/div[1]/span[1]"}
RESULT: {"using":"xpath","value":"//header[contains(@id, 'ObjectPageLayout-headerTitle')]/div[1]/div[2]/div[1]/span[1]"}
COMMAND: POST /session/93898e5d8213af02b008b7064a8e178d/execute/sync - {"script":"<script> [56 bytes]","args":[{"element-6066-11e4-a52e-4f735466cecf":"f.DB6019AE2C79B0A323A25C7C2B3F3E26.d.B1ED618BAD843FEA19335A0CC96B68E1.e.1016","ELEMENT":"f.DB6019AE2C79B0A323A25C7C2B3F3E26.d.B1ED618BAD843FEA19335A0CC96B68E1.e.1016"}]}
RESULT: {"script":"<script> [56 bytes]","args":[{"element-6066-11e4-a52e-4f735466cecf":"f.DB6019AE2C79B0A323A25C7C2B3F3E26.d.B1ED618BAD843FEA19335A0CC96B68E1.e.1016","ELEMENT":"f.DB6019AE2C79B0A323A25C7C2B3F3E26.d.B1ED618BAD843FEA19335A0CC96B68E1.e.1016"}]}
COMMAND: GET /session/93898e5d8213af02b008b7064a8e178d/screenshot - {}
RESULT: {}
COMMAND: POST /session/93898e5d8213af02b008b7064a8e178d/element - {"using":"css selector","value":"#shell-header-logo"}
RESULT: {"using":"css selector","value":"#shell-header-logo"}
COMMAND: POST /session/93898e5d8213af02b008b7064a8e178d/element/f.DB6019AE2C79B0A323A25C7C2B3F3E26.d.B1ED618BAD843FEA19335A0CC96B68E1.e.278/click - {}
RESULT: {}
COMMAND: GET /session/93898e5d8213af02b008b7064a8e178d/screenshot - {}
RESULT: {}
COMMAND: POST /session/93898e5d8213af02b008b7064a8e178d/execute/sync - {"script":"<script> [299 bytes]","args":[["getModel","getResource"]]}
RESULT: {"script":"<script> [299 bytes]","args":[["getModel","getResource"]]}
]]></system-out>
    </testcase>
    <testcase classname="chrome.136_0_7103_93.windows.Create_condition_pricing_US117289_US134625" name="Should create a new equipment used for all following tests" time="158.209">
      <system-out><![CDATA[
COMMAND: POST /session/93898e5d8213af02b008b7064a8e178d/execute/async - {"script":"<script> [1562 bytes]","args":[{"selector":{"controlType":"sap.m.GenericTile","properties":{"header":"Manage Resources"}},"wdio_ui5_key":"sapm.GenericTile{\"header\":\"Manage Resources\"}"}]}
COMMAND: GET /session/93898e5d8213af02b008b7064a8e178d/screenshot - {}
RESULT: {}
RESULT: {"script":"<script> [1562 bytes]","args":[{"selector":{"controlType":"sap.m.GenericTile","properties":{"header":"Manage Resources"}},"wdio_ui5_key":"sapm.GenericTile{\"header\":\"Manage Resources\"}"}]}
RESULT: undefined
COMMAND: POST /session/93898e5d8213af02b008b7064a8e178d/element - {"using":"xpath","value":"//*[@id=\"__tile39\"]"}
RESULT: {"using":"xpath","value":"//*[@id=\"__tile39\"]"}
COMMAND: POST /session/93898e5d8213af02b008b7064a8e178d/element/f.DB6019AE2C79B0A323A25C7C2B3F3E26.d.B1ED618BAD843FEA19335A0CC96B68E1.e.165/click - {}
RESULT: {}
COMMAND: GET /session/93898e5d8213af02b008b7064a8e178d/screenshot - {}
RESULT: {}
COMMAND: POST /session/93898e5d8213af02b008b7064a8e178d/elements - {"using":"xpath","value":"//span[text()='Error']"}
RESULT: {"using":"xpath","value":"//span[text()='Error']"}
COMMAND: POST /session/93898e5d8213af02b008b7064a8e178d/element - {"using":"xpath","value":"//button[@data-kt=\"addNewRUOverflowToolbarButton\"]"}
RESULT: {"using":"xpath","value":"//button[@data-kt=\"addNewRUOverflowToolbarButton\"]"}
COMMAND: POST /session/93898e5d8213af02b008b7064a8e178d/elements - {"using":"xpath","value":"//button[@data-kt=\"addNewRUOverflowToolbarButton\"]"}
RESULT: {"using":"xpath","value":"//button[@data-kt=\"addNewRUOverflowToolbarButton\"]"}
COMMAND: POST /session/93898e5d8213af02b008b7064a8e178d/elements - {"using":"xpath","value":"//button[@data-kt=\"addNewRUOverflowToolbarButton\"]"}
RESULT: {"using":"xpath","value":"//button[@data-kt=\"addNewRUOverflowToolbarButton\"]"}
COMMAND: POST /session/93898e5d8213af02b008b7064a8e178d/elements - {"using":"xpath","value":"//button[@data-kt=\"addNewRUOverflowToolbarButton\"]"}
RESULT: {"using":"xpath","value":"//button[@data-kt=\"addNewRUOverflowToolbarButton\"]"}
COMMAND: POST /session/93898e5d8213af02b008b7064a8e178d/elements - {"using":"xpath","value":"//button[@data-kt=\"addNewRUOverflowToolbarButton\"]"}
RESULT: {"using":"xpath","value":"//button[@data-kt=\"addNewRUOverflowToolbarButton\"]"}
COMMAND: POST /session/93898e5d8213af02b008b7064a8e178d/elements - {"using":"xpath","value":"//button[@data-kt=\"addNewRUOverflowToolbarButton\"]"}
RESULT: {"using":"xpath","value":"//button[@data-kt=\"addNewRUOverflowToolbarButton\"]"}
COMMAND: POST /session/93898e5d8213af02b008b7064a8e178d/element - {"using":"xpath","value":"//button[@data-kt=\"addNewRUOverflowToolbarButton\"]"}
RESULT: {"using":"xpath","value":"//button[@data-kt=\"addNewRUOverflowToolbarButton\"]"}
COMMAND: POST /session/93898e5d8213af02b008b7064a8e178d/execute/sync - {"script":"<script> [8489 bytes]","args":[{"element-6066-11e4-a52e-4f735466cecf":"f.DB6019AE2C79B0A323A25C7C2B3F3E26.d.B1ED618BAD843FEA19335A0CC96B68E1.e.1048","ELEMENT":"f.DB6019AE2C79B0A323A25C7C2B3F3E26.d.B1ED618BAD843FEA19335A0CC96B68E1.e.1048"}]}
RESULT: {"script":"<script> [8489 bytes]","args":[{"element-6066-11e4-a52e-4f735466cecf":"f.DB6019AE2C79B0A323A25C7C2B3F3E26.d.B1ED618BAD843FEA19335A0CC96B68E1.e.1048","ELEMENT":"f.DB6019AE2C79B0A323A25C7C2B3F3E26.d.B1ED618BAD843FEA19335A0CC96B68E1.e.1048"}]}
COMMAND: GET /session/93898e5d8213af02b008b7064a8e178d/element/f.DB6019AE2C79B0A323A25C7C2B3F3E26.d.B1ED618BAD843FEA19335A0CC96B68E1.e.1048/enabled - {}
COMMAND: GET /session/93898e5d8213af02b008b7064a8e178d/screenshot - {}
RESULT: {}
COMMAND: POST /session/93898e5d8213af02b008b7064a8e178d/execute/sync - {"script":"<script> [8489 bytes]","args":[{"element-6066-11e4-a52e-4f735466cecf":"f.DB6019AE2C79B0A323A25C7C2B3F3E26.d.B1ED618BAD843FEA19335A0CC96B68E1.e.1048","ELEMENT":"f.DB6019AE2C79B0A323A25C7C2B3F3E26.d.B1ED618BAD843FEA19335A0CC96B68E1.e.1048"}]}
COMMAND: GET /session/93898e5d8213af02b008b7064a8e178d/screenshot - {}
RESULT: {}
RESULT: {"script":"<script> [8489 bytes]","args":[{"element-6066-11e4-a52e-4f735466cecf":"f.DB6019AE2C79B0A323A25C7C2B3F3E26.d.B1ED618BAD843FEA19335A0CC96B68E1.e.1048","ELEMENT":"f.DB6019AE2C79B0A323A25C7C2B3F3E26.d.B1ED618BAD843FEA19335A0CC96B68E1.e.1048"}]}
COMMAND: POST /session/93898e5d8213af02b008b7064a8e178d/execute/sync - {"script":"<script> [5351 bytes]","args":[{"element-6066-11e4-a52e-4f735466cecf":"f.DB6019AE2C79B0A323A25C7C2B3F3E26.d.B1ED618BAD843FEA19335A0CC96B68E1.e.1048","ELEMENT":"f.DB6019AE2C79B0A323A25C7C2B3F3E26.d.B1ED618BAD843FEA19335A0CC96B68E1.e.1048"}]}
COMMAND: GET /session/93898e5d8213af02b008b7064a8e178d/screenshot - {}
RESULT: {}
RESULT: {"script":"<script> [5351 bytes]","args":[{"element-6066-11e4-a52e-4f735466cecf":"f.DB6019AE2C79B0A323A25C7C2B3F3E26.d.B1ED618BAD843FEA19335A0CC96B68E1.e.1048","ELEMENT":"f.DB6019AE2C79B0A323A25C7C2B3F3E26.d.B1ED618BAD843FEA19335A0CC96B68E1.e.1048"}]}
COMMAND: POST /session/93898e5d8213af02b008b7064a8e178d/element/f.DB6019AE2C79B0A323A25C7C2B3F3E26.d.B1ED618BAD843FEA19335A0CC96B68E1.e.1048/click - {}
COMMAND: GET /session/93898e5d8213af02b008b7064a8e178d/screenshot - {}
RESULT: {}
RESULT: {}
COMMAND: GET /session/93898e5d8213af02b008b7064a8e178d/screenshot - {}
COMMAND: POST /session/93898e5d8213af02b008b7064a8e178d/execute/async - {"script":"<script> [1562 bytes]","args":[{"selector":{"id":"application-manageresources-display-component---newResourceUnit--TYPE-arrow"},"wdio_ui5_key":"applicationmanageresources-display-component---newResourceUnit--TYPE-arrow"}]}
RESULT: {}
RESULT: {}
RESULT: {"script":"<script> [1562 bytes]","args":[{"selector":{"id":"application-manageresources-display-component---newResourceUnit--TYPE-arrow"},"wdio_ui5_key":"applicationmanageresources-display-component---newResourceUnit--TYPE-arrow"}]}
RESULT: undefined
COMMAND: POST /session/93898e5d8213af02b008b7064a8e178d/element - {"using":"xpath","value":"//*[@id=\"application-manageresources-display-component---newResourceUnit--TYPE-arrow\"]"}
RESULT: {"using":"xpath","value":"//*[@id=\"application-manageresources-display-component---newResourceUnit--TYPE-arrow\"]"}
COMMAND: POST /session/93898e5d8213af02b008b7064a8e178d/element/f.DB6019AE2C79B0A323A25C7C2B3F3E26.d.B1ED618BAD843FEA19335A0CC96B68E1.e.1405/click - {}
RESULT: {}
COMMAND: POST /session/93898e5d8213af02b008b7064a8e178d/element - {"using":"xpath","value":"//input[@id=\"application-manageresources-display-component---newResourceUnit--TYPE-inner\"]"}
COMMAND: GET /session/93898e5d8213af02b008b7064a8e178d/screenshot - {}
RESULT: {"using":"xpath","value":"//input[@id=\"application-manageresources-display-component---newResourceUnit--TYPE-inner\"]"}
COMMAND: POST /session/93898e5d8213af02b008b7064a8e178d/element/f.DB6019AE2C79B0A323A25C7C2B3F3E26.d.B1ED618BAD843FEA19335A0CC96B68E1.e.1401/clear - {}
RESULT: {}
RESULT: {}
COMMAND: POST /session/93898e5d8213af02b008b7064a8e178d/element/f.DB6019AE2C79B0A323A25C7C2B3F3E26.d.B1ED618BAD843FEA19335A0CC96B68E1.e.1401/value - {"text":"Equipment"}
COMMAND: GET /session/93898e5d8213af02b008b7064a8e178d/screenshot - {}
RESULT: {"text":"Equipment"}
COMMAND: GET /session/93898e5d8213af02b008b7064a8e178d/screenshot - {}
RESULT: {}
RESULT: {}
COMMAND: POST /session/93898e5d8213af02b008b7064a8e178d/actions - {"actions":[{"id":"action2","type":"key","parameters":{},"actions":[{"type":"keyDown","value":""},{"type":"pause","duration":10},{"type":"keyUp","value":""}]}]}
RESULT: {"actions":[{"id":"action2","type":"key","parameters":{},"actions":[{"type":"keyDown","value":""},{"type":"pause","duration":10},{"type":"keyUp","value":""}]}]}
COMMAND: POST /session/93898e5d8213af02b008b7064a8e178d/execute/async - {"script":"<script> [1562 bytes]","args":[{"selector":{"id":"application-manageresources-display-component---newResourceUnit--resourceId","interaction":{"idSuffix":"inner"}},"wdio_ui5_key":"applicationmanageresources-display-component---newResourceUnit--resourceId"}]}
COMMAND: GET /session/93898e5d8213af02b008b7064a8e178d/screenshot - {}
RESULT: {"script":"<script> [1562 bytes]","args":[{"selector":{"id":"application-manageresources-display-component---newResourceUnit--resourceId","interaction":{"idSuffix":"inner"}},"wdio_ui5_key":"applicationmanageresources-display-component---newResourceUnit--resourceId"}]}
RESULT: undefined
COMMAND: POST /session/93898e5d8213af02b008b7064a8e178d/execute/async - {"script":"<script> [776 bytes]","args":[{"enterText":"Z0jSzT6cSo","selector":{"id":"application-manageresources-display-component---newResourceUnit--resourceId","interaction":{"idSuffix":"inner"}},"clearTextFirst":true,"interactionType":"ENTER_TEXT"}]}
RESULT: {}
RESULT: {"script":"<script> [776 bytes]","args":[{"enterText":"Z0jSzT6cSo","selector":{"id":"application-manageresources-display-component---newResourceUnit--resourceId","interaction":{"idSuffix":"inner"}},"clearTextFirst":true,"interactionType":"ENTER_TEXT"}]}
COMMAND: POST /session/93898e5d8213af02b008b7064a8e178d/execute/async - {"script":"<script> [1562 bytes]","args":[{"selector":{"id":"application-manageresources-display-component---newResourceUnit--SHORT_TEXT","interaction":{"idSuffix":"inner"}},"wdio_ui5_key":"applicationmanageresources-display-component---newResourceUnit--SHORT_TEXT"}]}
RESULT: {"script":"<script> [1562 bytes]","args":[{"selector":{"id":"application-manageresources-display-component---newResourceUnit--SHORT_TEXT","interaction":{"idSuffix":"inner"}},"wdio_ui5_key":"applicationmanageresources-display-component---newResourceUnit--SHORT_TEXT"}]}
RESULT: undefined
COMMAND: POST /session/93898e5d8213af02b008b7064a8e178d/execute/async - {"script":"<script> [776 bytes]","args":[{"enterText":"Intercompany Equipment WDIO","selector":{"id":"application-manageresources-display-component---newResourceUnit--SHORT_TEXT","interaction":{"idSuffix":"inner"}},"clearTextFirst":true,"interactionType":"ENTER_TEXT"}]}
RESULT: {"script":"<script> [776 bytes]","args":[{"enterText":"Intercompany Equipment WDIO","selector":{"id":"application-manageresources-display-component---newResourceUnit--SHORT_TEXT","interaction":{"idSuffix":"inner"}},"clearTextFirst":true,"interactionType":"ENTER_TEXT"}]}
COMMAND: POST /session/93898e5d8213af02b008b7064a8e178d/execute/async - {"script":"<script> [1562 bytes]","args":[{"selector":{"id":"application-manageresources-display-component---newResourceUnit--BASE_UNIT_OF_MEASURE","interaction":{"idSuffix":"inner"}},"wdio_ui5_key":"applicationmanageresources-display-component---newResourceUnit--BASE_UNIT_OF_MEASURE"}]}
RESULT: {"script":"<script> [1562 bytes]","args":[{"selector":{"id":"application-manageresources-display-component---newResourceUnit--BASE_UNIT_OF_MEASURE","interaction":{"idSuffix":"inner"}},"wdio_ui5_key":"applicationmanageresources-display-component---newResourceUnit--BASE_UNIT_OF_MEASURE"}]}
RESULT: undefined
COMMAND: POST /session/93898e5d8213af02b008b7064a8e178d/execute/async - {"script":"<script> [776 bytes]","args":[{"enterText":"Piece","selector":{"id":"application-manageresources-display-component---newResourceUnit--BASE_UNIT_OF_MEASURE","interaction":{"idSuffix":"inner"}},"clearTextFirst":true,"interactionType":"ENTER_TEXT"}]}
RESULT: {"script":"<script> [776 bytes]","args":[{"enterText":"Piece","selector":{"id":"application-manageresources-display-component---newResourceUnit--BASE_UNIT_OF_MEASURE","interaction":{"idSuffix":"inner"}},"clearTextFirst":true,"interactionType":"ENTER_TEXT"}]}
COMMAND: POST /session/93898e5d8213af02b008b7064a8e178d/execute/async - {"script":"<script> [1562 bytes]","args":[{"selector":{"id":"application-manageresources-display-component---newResourceUnit--WEIGHT_UNIT","interaction":{"idSuffix":"inner"}},"wdio_ui5_key":"applicationmanageresources-display-component---newResourceUnit--WEIGHT_UNIT"}]}
RESULT: {"script":"<script> [1562 bytes]","args":[{"selector":{"id":"application-manageresources-display-component---newResourceUnit--WEIGHT_UNIT","interaction":{"idSuffix":"inner"}},"wdio_ui5_key":"applicationmanageresources-display-component---newResourceUnit--WEIGHT_UNIT"}]}
RESULT: undefined
COMMAND: POST /session/93898e5d8213af02b008b7064a8e178d/execute/async - {"script":"<script> [776 bytes]","args":[{"enterText":"Gram","selector":{"id":"application-manageresources-display-component---newResourceUnit--WEIGHT_UNIT","interaction":{"idSuffix":"inner"}},"clearTextFirst":true,"interactionType":"ENTER_TEXT"}]}
RESULT: {"script":"<script> [776 bytes]","args":[{"enterText":"Gram","selector":{"id":"application-manageresources-display-component---newResourceUnit--WEIGHT_UNIT","interaction":{"idSuffix":"inner"}},"clearTextFirst":true,"interactionType":"ENTER_TEXT"}]}
COMMAND: POST /session/93898e5d8213af02b008b7064a8e178d/execute/async - {"script":"<script> [1562 bytes]","args":[{"selector":{"id":"application-manageresources-display-component---newResourceUnit--DIMENSION_UNIT","interaction":{"idSuffix":"inner"}},"wdio_ui5_key":"applicationmanageresources-display-component---newResourceUnit--DIMENSION_UNIT"}]}
RESULT: {"script":"<script> [1562 bytes]","args":[{"selector":{"id":"application-manageresources-display-component---newResourceUnit--DIMENSION_UNIT","interaction":{"idSuffix":"inner"}},"wdio_ui5_key":"applicationmanageresources-display-component---newResourceUnit--DIMENSION_UNIT"}]}
RESULT: undefined
COMMAND: POST /session/93898e5d8213af02b008b7064a8e178d/execute/async - {"script":"<script> [776 bytes]","args":[{"enterText":"Meter","selector":{"id":"application-manageresources-display-component---newResourceUnit--DIMENSION_UNIT","interaction":{"idSuffix":"inner"}},"clearTextFirst":true,"interactionType":"ENTER_TEXT"}]}
RESULT: {"script":"<script> [776 bytes]","args":[{"enterText":"Meter","selector":{"id":"application-manageresources-display-component---newResourceUnit--DIMENSION_UNIT","interaction":{"idSuffix":"inner"}},"clearTextFirst":true,"interactionType":"ENTER_TEXT"}]}
COMMAND: POST /session/93898e5d8213af02b008b7064a8e178d/execute/async - {"script":"<script> [1562 bytes]","args":[{"selector":{"id":"application-manageresources-display-component---newResourceUnit--newRRUPage-anchBar-application-manageresources-display-component---newResourceUnit--control-anchor","interaction":{"idSuffix":"BDI-content"}},"wdio_ui5_key":"applicationmanageresources-display-component---newResourceUnit--newRRUPage-anchBar-application-manageresources-display-component---newResourceUnit--control-anchor"}]}
RESULT: {"script":"<script> [1562 bytes]","args":[{"selector":{"id":"application-manageresources-display-component---newResourceUnit--newRRUPage-anchBar-application-manageresources-display-component---newResourceUnit--control-anchor","interaction":{"idSuffix":"BDI-content"}},"wdio_ui5_key":"applicationmanageresources-display-component---newResourceUnit--newRRUPage-anchBar-application-manageresources-display-component---newResourceUnit--control-anchor"}]}
RESULT: undefined
COMMAND: POST /session/93898e5d8213af02b008b7064a8e178d/element - {"using":"xpath","value":"//*[@id=\"application-manageresources-display-component---newResourceUnit--newRRUPage-anchBar-application-manageresources-display-component---newResourceUnit--control-anchor\"]"}
RESULT: {"using":"xpath","value":"//*[@id=\"application-manageresources-display-component---newResourceUnit--newRRUPage-anchBar-application-manageresources-display-component---newResourceUnit--control-anchor\"]"}
COMMAND: POST /session/93898e5d8213af02b008b7064a8e178d/element/f.DB6019AE2C79B0A323A25C7C2B3F3E26.d.B1ED618BAD843FEA19335A0CC96B68E1.e.1563/click - {}
RESULT: {}
COMMAND: POST /session/93898e5d8213af02b008b7064a8e178d/execute/async - {"script":"<script> [1562 bytes]","args":[{"selector":{"id":"application-manageresources-display-component---newResourceUnit--PLANNING_GROUP","interaction":{"idSuffix":"inner"}},"wdio_ui5_key":"applicationmanageresources-display-component---newResourceUnit--PLANNING_GROUP"}]}
COMMAND: GET /session/93898e5d8213af02b008b7064a8e178d/screenshot - {}
RESULT: {"script":"<script> [1562 bytes]","args":[{"selector":{"id":"application-manageresources-display-component---newResourceUnit--PLANNING_GROUP","interaction":{"idSuffix":"inner"}},"wdio_ui5_key":"applicationmanageresources-display-component---newResourceUnit--PLANNING_GROUP"}]}
RESULT: undefined
COMMAND: POST /session/93898e5d8213af02b008b7064a8e178d/execute/async - {"script":"<script> [776 bytes]","args":[{"enterText":"Heavy Equi","selector":{"id":"application-manageresources-display-component---newResourceUnit--PLANNING_GROUP","interaction":{"idSuffix":"inner"}},"clearTextFirst":true,"interactionType":"ENTER_TEXT"}]}
RESULT: {}
RESULT: {"script":"<script> [776 bytes]","args":[{"enterText":"Heavy Equi","selector":{"id":"application-manageresources-display-component---newResourceUnit--PLANNING_GROUP","interaction":{"idSuffix":"inner"}},"clearTextFirst":true,"interactionType":"ENTER_TEXT"}]}
COMMAND: POST /session/93898e5d8213af02b008b7064a8e178d/execute/async - {"script":"<script> [1562 bytes]","args":[{"selector":{"id":"application-manageresources-display-component---newResourceUnit--ITEM_TYPE-arrow"},"wdio_ui5_key":"applicationmanageresources-display-component---newResourceUnit--ITEM_TYPE-arrow"}]}
RESULT: {"script":"<script> [1562 bytes]","args":[{"selector":{"id":"application-manageresources-display-component---newResourceUnit--ITEM_TYPE-arrow"},"wdio_ui5_key":"applicationmanageresources-display-component---newResourceUnit--ITEM_TYPE-arrow"}]}
RESULT: undefined
COMMAND: POST /session/93898e5d8213af02b008b7064a8e178d/element - {"using":"xpath","value":"//*[@id=\"application-manageresources-display-component---newResourceUnit--ITEM_TYPE-arrow\"]"}
RESULT: {"using":"xpath","value":"//*[@id=\"application-manageresources-display-component---newResourceUnit--ITEM_TYPE-arrow\"]"}
COMMAND: POST /session/93898e5d8213af02b008b7064a8e178d/element/f.DB6019AE2C79B0A323A25C7C2B3F3E26.d.B1ED618BAD843FEA19335A0CC96B68E1.e.1570/click - {}
RESULT: {}
COMMAND: POST /session/93898e5d8213af02b008b7064a8e178d/element - {"using":"xpath","value":"(//span[contains(text(), \"Resource Unit\")])[2]"}
COMMAND: GET /session/93898e5d8213af02b008b7064a8e178d/screenshot - {}
RESULT: {"using":"xpath","value":"(//span[contains(text(), \"Resource Unit\")])[2]"}
COMMAND: POST /session/93898e5d8213af02b008b7064a8e178d/element/f.DB6019AE2C79B0A323A25C7C2B3F3E26.d.B1ED618BAD843FEA19335A0CC96B68E1.e.1571/click - {}
RESULT: {}
RESULT: {}
COMMAND: GET /session/93898e5d8213af02b008b7064a8e178d/screenshot - {}
RESULT: {}
COMMAND: POST /session/93898e5d8213af02b008b7064a8e178d/element - {"using":"css selector","value":"#application-manageresources-display-component---newResourceUnit--btnAddTimeSegment"}
RESULT: {"using":"css selector","value":"#application-manageresources-display-component---newResourceUnit--btnAddTimeSegment"}
COMMAND: GET /session/93898e5d8213af02b008b7064a8e178d/element/f.DB6019AE2C79B0A323A25C7C2B3F3E26.d.B1ED618BAD843FEA19335A0CC96B68E1.e.1578/rect - {}
RESULT: {}
COMMAND: GET /session/93898e5d8213af02b008b7064a8e178d/window/rect - {}
RESULT: {}
COMMAND: POST /session/93898e5d8213af02b008b7064a8e178d/execute/sync - {"script":"<script> [92 bytes]","args":[]}
RESULT: {"script":"<script> [92 bytes]","args":[]}
COMMAND: POST /session/93898e5d8213af02b008b7064a8e178d/actions - {"actions":[{"id":"action3","type":"wheel","parameters":{},"actions":[{"type":"scroll","x":-1888,"y":-32,"deltaX":0,"deltaY":0,"duration":0,"origin":{"element-6066-11e4-a52e-4f735466cecf":"f.DB6019AE2C79B0A323A25C7C2B3F3E26.d.B1ED618BAD843FEA19335A0CC96B68E1.e.1578"}}]}]}
COMMAND: GET /session/93898e5d8213af02b008b7064a8e178d/screenshot - {}
RESULT: {}
COMMAND: POST /session/93898e5d8213af02b008b7064a8e178d/execute/sync - {"script":"<script> [79 bytes]","args":[{"element-6066-11e4-a52e-4f735466cecf":"f.DB6019AE2C79B0A323A25C7C2B3F3E26.d.B1ED618BAD843FEA19335A0CC96B68E1.e.1578","ELEMENT":"f.DB6019AE2C79B0A323A25C7C2B3F3E26.d.B1ED618BAD843FEA19335A0CC96B68E1.e.1578"},{"block":"start","inline":"nearest"}]}
RESULT: {"script":"<script> [79 bytes]","args":[{"element-6066-11e4-a52e-4f735466cecf":"f.DB6019AE2C79B0A323A25C7C2B3F3E26.d.B1ED618BAD843FEA19335A0CC96B68E1.e.1578","ELEMENT":"f.DB6019AE2C79B0A323A25C7C2B3F3E26.d.B1ED618BAD843FEA19335A0CC96B68E1.e.1578"},{"block":"start","inline":"nearest"}]}
COMMAND: POST /session/93898e5d8213af02b008b7064a8e178d/execute/async - {"script":"<script> [1562 bytes]","args":[{"selector":{"id":"application-manageresources-display-component---newResourceUnit--btnAddTimeSegment","interaction":{"idSuffix":"inner"}},"wdio_ui5_key":"applicationmanageresources-display-component---newResourceUnit--btnAddTimeSegment"}]}
COMMAND: GET /session/93898e5d8213af02b008b7064a8e178d/screenshot - {}
RESULT: {"script":"<script> [1562 bytes]","args":[{"selector":{"id":"application-manageresources-display-component---newResourceUnit--btnAddTimeSegment","interaction":{"idSuffix":"inner"}},"wdio_ui5_key":"applicationmanageresources-display-component---newResourceUnit--btnAddTimeSegment"}]}
RESULT: undefined
COMMAND: POST /session/93898e5d8213af02b008b7064a8e178d/element - {"using":"xpath","value":"//*[@id=\"application-manageresources-display-component---newResourceUnit--btnAddTimeSegment\"]"}
RESULT: {}
RESULT: {"using":"xpath","value":"//*[@id=\"application-manageresources-display-component---newResourceUnit--btnAddTimeSegment\"]"}
COMMAND: POST /session/93898e5d8213af02b008b7064a8e178d/element/f.DB6019AE2C79B0A323A25C7C2B3F3E26.d.B1ED618BAD843FEA19335A0CC96B68E1.e.1578/click - {}
RESULT: {}
COMMAND: GET /session/93898e5d8213af02b008b7064a8e178d/screenshot - {}
RESULT: {}
COMMAND: POST /session/93898e5d8213af02b008b7064a8e178d/element - {"using":"xpath","value":"//input[@id=\"application-manageresources-display-component---newResourceUnit--idRuTSAdmin-application-manageresources-display-component---newResourceUnit--RUTimeSegment-0-inner\"]"}
RESULT: {"using":"xpath","value":"//input[@id=\"application-manageresources-display-component---newResourceUnit--idRuTSAdmin-application-manageresources-display-component---newResourceUnit--RUTimeSegment-0-inner\"]"}
COMMAND: POST /session/93898e5d8213af02b008b7064a8e178d/element/f.DB6019AE2C79B0A323A25C7C2B3F3E26.d.B1ED618BAD843FEA19335A0CC96B68E1.e.1584/clear - {}
RESULT: {}
COMMAND: POST /session/93898e5d8213af02b008b7064a8e178d/element/f.DB6019AE2C79B0A323A25C7C2B3F3E26.d.B1ED618BAD843FEA19335A0CC96B68E1.e.1584/value - {"text":"253"}
COMMAND: GET /session/93898e5d8213af02b008b7064a8e178d/screenshot - {}
RESULT: {"text":"253"}
COMMAND: GET /session/93898e5d8213af02b008b7064a8e178d/screenshot - {}
RESULT: {}
RESULT: {}
COMMAND: POST /session/93898e5d8213af02b008b7064a8e178d/element - {"using":"xpath","value":"//li[.//span[text()='253']]"}
RESULT: {"using":"xpath","value":"//li[.//span[text()='253']]"}
COMMAND: POST /session/93898e5d8213af02b008b7064a8e178d/element/f.DB6019AE2C79B0A323A25C7C2B3F3E26.d.B1ED618BAD843FEA19335A0CC96B68E1.e.1596/click - {}
RESULT: {}
COMMAND: GET /session/93898e5d8213af02b008b7064a8e178d/screenshot - {}
RESULT: {}
COMMAND: POST /session/93898e5d8213af02b008b7064a8e178d/element - {"using":"xpath","value":"(//span[contains(@id, \"-application-manageresources-display-component---newResourceUnit--RUTimeSegment-0-arrow\")])[6]"}
RESULT: {"using":"xpath","value":"(//span[contains(@id, \"-application-manageresources-display-component---newResourceUnit--RUTimeSegment-0-arrow\")])[6]"}
COMMAND: POST /session/93898e5d8213af02b008b7064a8e178d/element/f.DB6019AE2C79B0A323A25C7C2B3F3E26.d.B1ED618BAD843FEA19335A0CC96B68E1.e.1597/click - {}
RESULT: {}
COMMAND: GET /session/93898e5d8213af02b008b7064a8e178d/screenshot - {}
RESULT: {}
COMMAND: POST /session/93898e5d8213af02b008b7064a8e178d/element - {"using":"xpath","value":"//span[contains(text(), \"PM Order\")]"}
RESULT: {"using":"xpath","value":"//span[contains(text(), \"PM Order\")]"}
COMMAND: POST /session/93898e5d8213af02b008b7064a8e178d/element/f.DB6019AE2C79B0A323A25C7C2B3F3E26.d.B1ED618BAD843FEA19335A0CC96B68E1.e.1600/click - {}
RESULT: {}
COMMAND: GET /session/93898e5d8213af02b008b7064a8e178d/screenshot - {}
RESULT: {}
COMMAND: POST /session/93898e5d8213af02b008b7064a8e178d/element - {"using":"xpath","value":"(//span[contains(@id ,\"manageresources-display-component---newResourceUnit--RUTimeSegment-0-vhi\")])[1]"}
RESULT: {"using":"xpath","value":"(//span[contains(@id ,\"manageresources-display-component---newResourceUnit--RUTimeSegment-0-vhi\")])[1]"}
COMMAND: GET /session/93898e5d8213af02b008b7064a8e178d/element/f.DB6019AE2C79B0A323A25C7C2B3F3E26.d.B1ED618BAD843FEA19335A0CC96B68E1.e.1604/rect - {}
RESULT: {}
COMMAND: GET /session/93898e5d8213af02b008b7064a8e178d/window/rect - {}
RESULT: {}
COMMAND: POST /session/93898e5d8213af02b008b7064a8e178d/execute/sync - {"script":"<script> [92 bytes]","args":[]}
RESULT: {"script":"<script> [92 bytes]","args":[]}
COMMAND: POST /session/93898e5d8213af02b008b7064a8e178d/actions - {"actions":[{"id":"action4","type":"wheel","parameters":{},"actions":[{"type":"scroll","x":-869,"y":-24,"deltaX":0,"deltaY":0,"duration":0,"origin":{"element-6066-11e4-a52e-4f735466cecf":"f.DB6019AE2C79B0A323A25C7C2B3F3E26.d.B1ED618BAD843FEA19335A0CC96B68E1.e.1604"}}]}]}
COMMAND: GET /session/93898e5d8213af02b008b7064a8e178d/screenshot - {}
RESULT: {"actions":[{"id":"action4","type":"wheel","parameters":{},"actions":[{"type":"scroll","x":-869,"y":-24,"deltaX":0,"deltaY":0,"duration":0,"origin":{"element-6066-11e4-a52e-4f735466cecf":"f.DB6019AE2C79B0A323A25C7C2B3F3E26.d.B1ED618BAD843FEA19335A0CC96B68E1.e.1604"}}]}]}
COMMAND: DELETE /session/93898e5d8213af02b008b7064a8e178d/actions - {}
COMMAND: GET /session/93898e5d8213af02b008b7064a8e178d/screenshot - {}
RESULT: {}
RESULT: {}
COMMAND: GET /session/93898e5d8213af02b008b7064a8e178d/screenshot - {}
RESULT: {}
RESULT: {}
COMMAND: POST /session/93898e5d8213af02b008b7064a8e178d/element/f.DB6019AE2C79B0A323A25C7C2B3F3E26.d.B1ED618BAD843FEA19335A0CC96B68E1.e.1604/click - {}
RESULT: {}
COMMAND: GET /session/93898e5d8213af02b008b7064a8e178d/screenshot - {}
RESULT: {}
RESULT: undefined
COMMAND: POST /session/93898e5d8213af02b008b7064a8e178d/execute/async - {"script":"<script> [776 bytes]","args":[{"enterText":"4000360","selector":{"controlType":"sap.m.SearchField","properties":{"placeholder":"Search"},"searchOpenDialogs":true,"interaction":{"idSuffix":"I"}},"clearTextFirst":true,"interactionType":"ENTER_TEXT"}]}
RESULT: {"script":"<script> [776 bytes]","args":[{"enterText":"4000360","selector":{"controlType":"sap.m.SearchField","properties":{"placeholder":"Search"},"searchOpenDialogs":true,"interaction":{"idSuffix":"I"}},"clearTextFirst":true,"interactionType":"ENTER_TEXT"}]}
COMMAND: POST /session/93898e5d8213af02b008b7064a8e178d/actions - {"actions":[{"id":"action5","type":"key","parameters":{},"actions":[{"type":"keyDown","value":""},{"type":"pause","duration":10},{"type":"keyUp","value":""}]}]}
RESULT: {"actions":[{"id":"action5","type":"key","parameters":{},"actions":[{"type":"keyDown","value":""},{"type":"pause","duration":10},{"type":"keyUp","value":""}]}]}
COMMAND: GET /session/93898e5d8213af02b008b7064a8e178d/screenshot - {}
RESULT: {}
COMMAND: POST /session/93898e5d8213af02b008b7064a8e178d/element - {"using":"xpath","value":"//td/div/span[contains(text(), \"BGL Vehicles\")]"}
RESULT: {"using":"xpath","value":"//td/div/span[contains(text(), \"BGL Vehicles\")]"}
COMMAND: POST /session/93898e5d8213af02b008b7064a8e178d/element/f.DB6019AE2C79B0A323A25C7C2B3F3E26.d.B1ED618BAD843FEA19335A0CC96B68E1.e.1624/click - {}
RESULT: {}
COMMAND: GET /session/93898e5d8213af02b008b7064a8e178d/screenshot - {}
RESULT: {}
COMMAND: POST /session/93898e5d8213af02b008b7064a8e178d/element - {"using":"xpath","value":"//bdi[contains(text(), \"OK\")]"}
RESULT: {"using":"xpath","value":"//bdi[contains(text(), \"OK\")]"}
COMMAND: POST /session/93898e5d8213af02b008b7064a8e178d/element/f.DB6019AE2C79B0A323A25C7C2B3F3E26.d.B1ED618BAD843FEA19335A0CC96B68E1.e.1625/click - {}
RESULT: {}
COMMAND: GET /session/93898e5d8213af02b008b7064a8e178d/screenshot - {}
RESULT: {}
COMMAND: POST /session/93898e5d8213af02b008b7064a8e178d/execute/async - {"script":"<script> [1562 bytes]","args":[{"selector":{"id":"application-manageresources-display-component---newResourceUnit--newRRUPage-anchBar-application-manageresources-display-component---newResourceUnit--resource-anchor","interaction":{"idSuffix":"BDI-content"}},"wdio_ui5_key":"applicationmanageresources-display-component---newResourceUnit--newRRUPage-anchBar-application-manageresources-display-component---newResourceUnit--resource-anchor"}]}
RESULT: {"script":"<script> [1562 bytes]","args":[{"selector":{"id":"application-manageresources-display-component---newResourceUnit--newRRUPage-anchBar-application-manageresources-display-component---newResourceUnit--resource-anchor","interaction":{"idSuffix":"BDI-content"}},"wdio_ui5_key":"applicationmanageresources-display-component---newResourceUnit--newRRUPage-anchBar-application-manageresources-display-component---newResourceUnit--resource-anchor"}]}
RESULT: undefined
COMMAND: POST /session/93898e5d8213af02b008b7064a8e178d/element - {"using":"xpath","value":"//*[@id=\"application-manageresources-display-component---newResourceUnit--newRRUPage-anchBar-application-manageresources-display-component---newResourceUnit--resource-anchor\"]"}
RESULT: {"using":"xpath","value":"//*[@id=\"application-manageresources-display-component---newResourceUnit--newRRUPage-anchBar-application-manageresources-display-component---newResourceUnit--resource-anchor\"]"}
COMMAND: POST /session/93898e5d8213af02b008b7064a8e178d/element/f.DB6019AE2C79B0A323A25C7C2B3F3E26.d.B1ED618BAD843FEA19335A0CC96B68E1.e.1629/click - {}
RESULT: {}
COMMAND: POST /session/93898e5d8213af02b008b7064a8e178d/execute/async - {"script":"<script> [1562 bytes]","args":[{"selector":{"id":"application-manageresources-display-component---newResourceUnit--PLANNED_DELIVERY_DATE","interaction":{"idSuffix":"inner"}},"wdio_ui5_key":"applicationmanageresources-display-component---newResourceUnit--PLANNED_DELIVERY_DATE"}]}
COMMAND: GET /session/93898e5d8213af02b008b7064a8e178d/screenshot - {}
RESULT: {"script":"<script> [1562 bytes]","args":[{"selector":{"id":"application-manageresources-display-component---newResourceUnit--PLANNED_DELIVERY_DATE","interaction":{"idSuffix":"inner"}},"wdio_ui5_key":"applicationmanageresources-display-component---newResourceUnit--PLANNED_DELIVERY_DATE"}]}
RESULT: undefined
COMMAND: POST /session/93898e5d8213af02b008b7064a8e178d/execute/async - {"script":"<script> [6424 bytes]","args":[{"element-6066-11e4-a52e-4f735466cecf":"f.DB6019AE2C79B0A323A25C7C2B3F3E26.d.B1ED618BAD843FEA19335A0CC96B68E1.e.1462"},"setValue",["5/24/25"]]}
RESULT: {}
RESULT: {"script":"<script> [6424 bytes]","args":[{"element-6066-11e4-a52e-4f735466cecf":"f.DB6019AE2C79B0A323A25C7C2B3F3E26.d.B1ED618BAD843FEA19335A0CC96B68E1.e.1462"},"setValue",["5/24/25"]]}
COMMAND: POST /session/93898e5d8213af02b008b7064a8e178d/element - {"using":"xpath","value":"//label[contains(@class, 'sapMLabelRequired') and .//bdi[contains(text(), 'Planned Retirement')]]"}
RESULT: {"using":"xpath","value":"//label[contains(@class, 'sapMLabelRequired') and .//bdi[contains(text(), 'Planned Retirement')]]"}
COMMAND: POST /session/93898e5d8213af02b008b7064a8e178d/elements - {"using":"xpath","value":"//label[contains(@class, 'sapMLabelRequired') and .//bdi[contains(text(), 'Planned Retirement')]]"}
RESULT: {"using":"xpath","value":"//label[contains(@class, 'sapMLabelRequired') and .//bdi[contains(text(), 'Planned Retirement')]]"}
COMMAND: POST /session/93898e5d8213af02b008b7064a8e178d/element - {"using":"xpath","value":"//button[@data-kt=\"resourceUnitSaveButton\"]"}
RESULT: {"using":"xpath","value":"//button[@data-kt=\"resourceUnitSaveButton\"]"}
COMMAND: POST /session/93898e5d8213af02b008b7064a8e178d/element/f.DB6019AE2C79B0A323A25C7C2B3F3E26.d.B1ED618BAD843FEA19335A0CC96B68E1.e.1422/click - {}
RESULT: {}
COMMAND: GET /session/93898e5d8213af02b008b7064a8e178d/screenshot - {}
RESULT: {}
COMMAND: POST /session/93898e5d8213af02b008b7064a8e178d/element - {"using":"xpath","value":"//bdi[contains(text(), \"Close\")]"}
RESULT: {"using":"xpath","value":"//bdi[contains(text(), \"Close\")]"}
COMMAND: POST /session/93898e5d8213af02b008b7064a8e178d/element/f.DB6019AE2C79B0A323A25C7C2B3F3E26.d.B1ED618BAD843FEA19335A0CC96B68E1.e.1637/click - {}
RESULT: {}
COMMAND: GET /session/93898e5d8213af02b008b7064a8e178d/screenshot - {}
RESULT: {}
COMMAND: POST /session/93898e5d8213af02b008b7064a8e178d/element - {"using":"xpath","value":"(//button[contains(@id ,\"actionsToolbar-overflowButton\")])[1]"}
RESULT: {"using":"xpath","value":"(//button[contains(@id ,\"actionsToolbar-overflowButton\")])[1]"}
COMMAND: POST /session/93898e5d8213af02b008b7064a8e178d/element/f.DB6019AE2C79B0A323A25C7C2B3F3E26.d.B1ED618BAD843FEA19335A0CC96B68E1.e.1673/click - {}
RESULT: {}
COMMAND: GET /session/93898e5d8213af02b008b7064a8e178d/screenshot - {}
RESULT: {}
COMMAND: POST /session/93898e5d8213af02b008b7064a8e178d/element - {"using":"xpath","value":"//button[@data-kt=\"priceInfoButton\"]"}
RESULT: {"using":"xpath","value":"//button[@data-kt=\"priceInfoButton\"]"}
COMMAND: POST /session/93898e5d8213af02b008b7064a8e178d/element/f.DB6019AE2C79B0A323A25C7C2B3F3E26.d.B1ED618BAD843FEA19335A0CC96B68E1.e.1675/click - {}
RESULT: {}
COMMAND: GET /session/93898e5d8213af02b008b7064a8e178d/screenshot - {}
RESULT: {}
COMMAND: POST /session/93898e5d8213af02b008b7064a8e178d/element - {"using":"css selector","value":"#shell-header-logo"}
RESULT: {"using":"css selector","value":"#shell-header-logo"}
COMMAND: POST /session/93898e5d8213af02b008b7064a8e178d/element/f.DB6019AE2C79B0A323A25C7C2B3F3E26.d.B1ED618BAD843FEA19335A0CC96B68E1.e.1020/click - {}
RESULT: {}
]]></system-out>
    </testcase>
    <testcase classname="chrome.136_0_7103_93.windows.Create_condition_pricing_US117289_US134625" name="Should create new condition" time="56.879">
      <failure/>
      <error message="element (&quot;//button[@aria-label=&quot;Create&quot;]&quot;) still not existing after 45000ms"/>
      <system-out><![CDATA[
COMMAND: POST /session/93898e5d8213af02b008b7064a8e178d/execute/async - {"script":"<script> [1562 bytes]","args":[{"selector":{"controlType":"sap.m.GenericTile","properties":{"header":"Manage Conditions & Prices"}},"wdio_ui5_key":"sapm.GenericTile{\"header\":\"Manage Conditions & Prices\"}"}]}
COMMAND: GET /session/93898e5d8213af02b008b7064a8e178d/screenshot - {}
RESULT: {"script":"<script> [1562 bytes]","args":[{"selector":{"controlType":"sap.m.GenericTile","properties":{"header":"Manage Conditions & Prices"}},"wdio_ui5_key":"sapm.GenericTile{\"header\":\"Manage Conditions & Prices\"}"}]}
RESULT: undefined
RESULT: {}
COMMAND: POST /session/93898e5d8213af02b008b7064a8e178d/elements - {"using":"xpath","value":"//span[text()='Error']"}
RESULT: {"using":"xpath","value":"//span[text()='Error']"}
COMMAND: POST /session/93898e5d8213af02b008b7064a8e178d/element - {"using":"xpath","value":"//button[@aria-label=\"Create\"]"}
RESULT: {"using":"xpath","value":"//button[@aria-label=\"Create\"]"}
COMMAND: POST /session/93898e5d8213af02b008b7064a8e178d/elements - {"using":"xpath","value":"//button[@aria-label=\"Create\"]"}
RESULT: {"using":"xpath","value":"//button[@aria-label=\"Create\"]"}
COMMAND: POST /session/93898e5d8213af02b008b7064a8e178d/elements - {"using":"xpath","value":"//button[@aria-label=\"Create\"]"}
RESULT: {"using":"xpath","value":"//button[@aria-label=\"Create\"]"}
COMMAND: POST /session/93898e5d8213af02b008b7064a8e178d/elements - {"using":"xpath","value":"//button[@aria-label=\"Create\"]"}
RESULT: {"using":"xpath","value":"//button[@aria-label=\"Create\"]"}
COMMAND: POST /session/93898e5d8213af02b008b7064a8e178d/elements - {"using":"xpath","value":"//button[@aria-label=\"Create\"]"}
RESULT: {"using":"xpath","value":"//button[@aria-label=\"Create\"]"}
COMMAND: POST /session/93898e5d8213af02b008b7064a8e178d/elements - {"using":"xpath","value":"//button[@aria-label=\"Create\"]"}
RESULT: {"using":"xpath","value":"//button[@aria-label=\"Create\"]"}
COMMAND: POST /session/93898e5d8213af02b008b7064a8e178d/elements - {"using":"xpath","value":"//button[@aria-label=\"Create\"]"}
RESULT: {"using":"xpath","value":"//button[@aria-label=\"Create\"]"}
COMMAND: POST /session/93898e5d8213af02b008b7064a8e178d/elements - {"using":"xpath","value":"//button[@aria-label=\"Create\"]"}
RESULT: {"using":"xpath","value":"//button[@aria-label=\"Create\"]"}
COMMAND: POST /session/93898e5d8213af02b008b7064a8e178d/elements - {"using":"xpath","value":"//button[@aria-label=\"Create\"]"}
RESULT: {"using":"xpath","value":"//button[@aria-label=\"Create\"]"}
COMMAND: POST /session/93898e5d8213af02b008b7064a8e178d/elements - {"using":"xpath","value":"//button[@aria-label=\"Create\"]"}
RESULT: {"using":"xpath","value":"//button[@aria-label=\"Create\"]"}
COMMAND: POST /session/93898e5d8213af02b008b7064a8e178d/elements - {"using":"xpath","value":"//button[@aria-label=\"Create\"]"}
RESULT: {"using":"xpath","value":"//button[@aria-label=\"Create\"]"}
COMMAND: POST /session/93898e5d8213af02b008b7064a8e178d/elements - {"using":"xpath","value":"//button[@aria-label=\"Create\"]"}
RESULT: {"using":"xpath","value":"//button[@aria-label=\"Create\"]"}
COMMAND: POST /session/93898e5d8213af02b008b7064a8e178d/elements - {"using":"xpath","value":"//button[@aria-label=\"Create\"]"}
RESULT: {"using":"xpath","value":"//button[@aria-label=\"Create\"]"}
COMMAND: POST /session/93898e5d8213af02b008b7064a8e178d/elements - {"using":"xpath","value":"//button[@aria-label=\"Create\"]"}
RESULT: {"using":"xpath","value":"//button[@aria-label=\"Create\"]"}
COMMAND: POST /session/93898e5d8213af02b008b7064a8e178d/elements - {"using":"xpath","value":"//button[@aria-label=\"Create\"]"}
RESULT: {"using":"xpath","value":"//button[@aria-label=\"Create\"]"}
COMMAND: POST /session/93898e5d8213af02b008b7064a8e178d/elements - {"using":"xpath","value":"//button[@aria-label=\"Create\"]"}
RESULT: {"using":"xpath","value":"//button[@aria-label=\"Create\"]"}
COMMAND: POST /session/93898e5d8213af02b008b7064a8e178d/elements - {"using":"xpath","value":"//button[@aria-label=\"Create\"]"}
RESULT: {"using":"xpath","value":"//button[@aria-label=\"Create\"]"}
COMMAND: POST /session/93898e5d8213af02b008b7064a8e178d/elements - {"using":"xpath","value":"//button[@aria-label=\"Create\"]"}
RESULT: {"using":"xpath","value":"//button[@aria-label=\"Create\"]"}
COMMAND: POST /session/93898e5d8213af02b008b7064a8e178d/elements - {"using":"xpath","value":"//button[@aria-label=\"Create\"]"}
RESULT: {"using":"xpath","value":"//button[@aria-label=\"Create\"]"}
COMMAND: POST /session/93898e5d8213af02b008b7064a8e178d/elements - {"using":"xpath","value":"//button[@aria-label=\"Create\"]"}
RESULT: {"using":"xpath","value":"//button[@aria-label=\"Create\"]"}
COMMAND: POST /session/93898e5d8213af02b008b7064a8e178d/elements - {"using":"xpath","value":"//button[@aria-label=\"Create\"]"}
RESULT: {"using":"xpath","value":"//button[@aria-label=\"Create\"]"}
COMMAND: POST /session/93898e5d8213af02b008b7064a8e178d/elements - {"using":"xpath","value":"//button[@aria-label=\"Create\"]"}
RESULT: {"using":"xpath","value":"//button[@aria-label=\"Create\"]"}
COMMAND: POST /session/93898e5d8213af02b008b7064a8e178d/elements - {"using":"xpath","value":"//button[@aria-label=\"Create\"]"}
RESULT: {"using":"xpath","value":"//button[@aria-label=\"Create\"]"}
COMMAND: POST /session/93898e5d8213af02b008b7064a8e178d/elements - {"using":"xpath","value":"//button[@aria-label=\"Create\"]"}
RESULT: {"using":"xpath","value":"//button[@aria-label=\"Create\"]"}
COMMAND: POST /session/93898e5d8213af02b008b7064a8e178d/elements - {"using":"xpath","value":"//button[@aria-label=\"Create\"]"}
RESULT: {"using":"xpath","value":"//button[@aria-label=\"Create\"]"}
COMMAND: POST /session/93898e5d8213af02b008b7064a8e178d/elements - {"using":"xpath","value":"//button[@aria-label=\"Create\"]"}
RESULT: {"using":"xpath","value":"//button[@aria-label=\"Create\"]"}
COMMAND: POST /session/93898e5d8213af02b008b7064a8e178d/elements - {"using":"xpath","value":"//button[@aria-label=\"Create\"]"}
RESULT: {"using":"xpath","value":"//button[@aria-label=\"Create\"]"}
COMMAND: POST /session/93898e5d8213af02b008b7064a8e178d/elements - {"using":"xpath","value":"//button[@aria-label=\"Create\"]"}
RESULT: {"using":"xpath","value":"//button[@aria-label=\"Create\"]"}
COMMAND: POST /session/93898e5d8213af02b008b7064a8e178d/elements - {"using":"xpath","value":"//button[@aria-label=\"Create\"]"}
RESULT: {"using":"xpath","value":"//button[@aria-label=\"Create\"]"}
COMMAND: POST /session/93898e5d8213af02b008b7064a8e178d/elements - {"using":"xpath","value":"//button[@aria-label=\"Create\"]"}
RESULT: {"using":"xpath","value":"//button[@aria-label=\"Create\"]"}
COMMAND: POST /session/93898e5d8213af02b008b7064a8e178d/elements - {"using":"xpath","value":"//button[@aria-label=\"Create\"]"}
RESULT: {"using":"xpath","value":"//button[@aria-label=\"Create\"]"}
COMMAND: POST /session/93898e5d8213af02b008b7064a8e178d/elements - {"using":"xpath","value":"//button[@aria-label=\"Create\"]"}
RESULT: {"using":"xpath","value":"//button[@aria-label=\"Create\"]"}
COMMAND: POST /session/93898e5d8213af02b008b7064a8e178d/elements - {"using":"xpath","value":"//button[@aria-label=\"Create\"]"}
RESULT: {"using":"xpath","value":"//button[@aria-label=\"Create\"]"}
COMMAND: POST /session/93898e5d8213af02b008b7064a8e178d/elements - {"using":"xpath","value":"//button[@aria-label=\"Create\"]"}
RESULT: {"using":"xpath","value":"//button[@aria-label=\"Create\"]"}
COMMAND: POST /session/93898e5d8213af02b008b7064a8e178d/elements - {"using":"xpath","value":"//button[@aria-label=\"Create\"]"}
RESULT: {"using":"xpath","value":"//button[@aria-label=\"Create\"]"}
COMMAND: POST /session/93898e5d8213af02b008b7064a8e178d/elements - {"using":"xpath","value":"//button[@aria-label=\"Create\"]"}
RESULT: {"using":"xpath","value":"//button[@aria-label=\"Create\"]"}
COMMAND: POST /session/93898e5d8213af02b008b7064a8e178d/elements - {"using":"xpath","value":"//button[@aria-label=\"Create\"]"}
RESULT: {"using":"xpath","value":"//button[@aria-label=\"Create\"]"}
COMMAND: POST /session/93898e5d8213af02b008b7064a8e178d/elements - {"using":"xpath","value":"//button[@aria-label=\"Create\"]"}
RESULT: {"using":"xpath","value":"//button[@aria-label=\"Create\"]"}
COMMAND: POST /session/93898e5d8213af02b008b7064a8e178d/elements - {"using":"xpath","value":"//button[@aria-label=\"Create\"]"}
RESULT: {"using":"xpath","value":"//button[@aria-label=\"Create\"]"}
COMMAND: POST /session/93898e5d8213af02b008b7064a8e178d/elements - {"using":"xpath","value":"//button[@aria-label=\"Create\"]"}
RESULT: {"using":"xpath","value":"//button[@aria-label=\"Create\"]"}
COMMAND: POST /session/93898e5d8213af02b008b7064a8e178d/elements - {"using":"xpath","value":"//button[@aria-label=\"Create\"]"}
RESULT: {"using":"xpath","value":"//button[@aria-label=\"Create\"]"}
COMMAND: POST /session/93898e5d8213af02b008b7064a8e178d/elements - {"using":"xpath","value":"//button[@aria-label=\"Create\"]"}
RESULT: {"using":"xpath","value":"//button[@aria-label=\"Create\"]"}
COMMAND: POST /session/93898e5d8213af02b008b7064a8e178d/elements - {"using":"xpath","value":"//button[@aria-label=\"Create\"]"}
RESULT: {"using":"xpath","value":"//button[@aria-label=\"Create\"]"}
COMMAND: POST /session/93898e5d8213af02b008b7064a8e178d/elements - {"using":"xpath","value":"//button[@aria-label=\"Create\"]"}
RESULT: {"using":"xpath","value":"//button[@aria-label=\"Create\"]"}
COMMAND: POST /session/93898e5d8213af02b008b7064a8e178d/elements - {"using":"xpath","value":"//button[@aria-label=\"Create\"]"}
RESULT: {"using":"xpath","value":"//button[@aria-label=\"Create\"]"}
COMMAND: POST /session/93898e5d8213af02b008b7064a8e178d/elements - {"using":"xpath","value":"//button[@aria-label=\"Create\"]"}
RESULT: {"using":"xpath","value":"//button[@aria-label=\"Create\"]"}
COMMAND: POST /session/93898e5d8213af02b008b7064a8e178d/elements - {"using":"xpath","value":"//button[@aria-label=\"Create\"]"}
RESULT: {"using":"xpath","value":"//button[@aria-label=\"Create\"]"}
COMMAND: POST /session/93898e5d8213af02b008b7064a8e178d/elements - {"using":"xpath","value":"//button[@aria-label=\"Create\"]"}
RESULT: {"using":"xpath","value":"//button[@aria-label=\"Create\"]"}
COMMAND: POST /session/93898e5d8213af02b008b7064a8e178d/elements - {"using":"xpath","value":"//button[@aria-label=\"Create\"]"}
RESULT: {"using":"xpath","value":"//button[@aria-label=\"Create\"]"}
COMMAND: POST /session/93898e5d8213af02b008b7064a8e178d/elements - {"using":"xpath","value":"//button[@aria-label=\"Create\"]"}
RESULT: {"using":"xpath","value":"//button[@aria-label=\"Create\"]"}
COMMAND: POST /session/93898e5d8213af02b008b7064a8e178d/elements - {"using":"xpath","value":"//button[@aria-label=\"Create\"]"}
RESULT: {"using":"xpath","value":"//button[@aria-label=\"Create\"]"}
COMMAND: POST /session/93898e5d8213af02b008b7064a8e178d/elements - {"using":"xpath","value":"//button[@aria-label=\"Create\"]"}
RESULT: {"using":"xpath","value":"//button[@aria-label=\"Create\"]"}
COMMAND: POST /session/93898e5d8213af02b008b7064a8e178d/elements - {"using":"xpath","value":"//button[@aria-label=\"Create\"]"}
RESULT: {"using":"xpath","value":"//button[@aria-label=\"Create\"]"}
COMMAND: POST /session/93898e5d8213af02b008b7064a8e178d/elements - {"using":"xpath","value":"//button[@aria-label=\"Create\"]"}
RESULT: {"using":"xpath","value":"//button[@aria-label=\"Create\"]"}
COMMAND: POST /session/93898e5d8213af02b008b7064a8e178d/elements - {"using":"xpath","value":"//button[@aria-label=\"Create\"]"}
RESULT: {"using":"xpath","value":"//button[@aria-label=\"Create\"]"}
COMMAND: POST /session/93898e5d8213af02b008b7064a8e178d/elements - {"using":"xpath","value":"//button[@aria-label=\"Create\"]"}
RESULT: {"using":"xpath","value":"//button[@aria-label=\"Create\"]"}
COMMAND: POST /session/93898e5d8213af02b008b7064a8e178d/elements - {"using":"xpath","value":"//button[@aria-label=\"Create\"]"}
RESULT: {"using":"xpath","value":"//button[@aria-label=\"Create\"]"}
COMMAND: POST /session/93898e5d8213af02b008b7064a8e178d/elements - {"using":"xpath","value":"//button[@aria-label=\"Create\"]"}
RESULT: {"using":"xpath","value":"//button[@aria-label=\"Create\"]"}
COMMAND: POST /session/93898e5d8213af02b008b7064a8e178d/elements - {"using":"xpath","value":"//button[@aria-label=\"Create\"]"}
RESULT: {"using":"xpath","value":"//button[@aria-label=\"Create\"]"}
COMMAND: POST /session/93898e5d8213af02b008b7064a8e178d/elements - {"using":"xpath","value":"//button[@aria-label=\"Create\"]"}
RESULT: {"using":"xpath","value":"//button[@aria-label=\"Create\"]"}
COMMAND: POST /session/93898e5d8213af02b008b7064a8e178d/elements - {"using":"xpath","value":"//button[@aria-label=\"Create\"]"}
RESULT: {"using":"xpath","value":"//button[@aria-label=\"Create\"]"}
COMMAND: POST /session/93898e5d8213af02b008b7064a8e178d/elements - {"using":"xpath","value":"//button[@aria-label=\"Create\"]"}
RESULT: {"using":"xpath","value":"//button[@aria-label=\"Create\"]"}
COMMAND: POST /session/93898e5d8213af02b008b7064a8e178d/elements - {"using":"xpath","value":"//button[@aria-label=\"Create\"]"}
RESULT: {"using":"xpath","value":"//button[@aria-label=\"Create\"]"}
COMMAND: POST /session/93898e5d8213af02b008b7064a8e178d/elements - {"using":"xpath","value":"//button[@aria-label=\"Create\"]"}
RESULT: {"using":"xpath","value":"//button[@aria-label=\"Create\"]"}
COMMAND: POST /session/93898e5d8213af02b008b7064a8e178d/elements - {"using":"xpath","value":"//button[@aria-label=\"Create\"]"}
RESULT: {"using":"xpath","value":"//button[@aria-label=\"Create\"]"}
COMMAND: POST /session/93898e5d8213af02b008b7064a8e178d/elements - {"using":"xpath","value":"//button[@aria-label=\"Create\"]"}
RESULT: {"using":"xpath","value":"//button[@aria-label=\"Create\"]"}
COMMAND: POST /session/93898e5d8213af02b008b7064a8e178d/elements - {"using":"xpath","value":"//button[@aria-label=\"Create\"]"}
RESULT: {"using":"xpath","value":"//button[@aria-label=\"Create\"]"}
COMMAND: POST /session/93898e5d8213af02b008b7064a8e178d/elements - {"using":"xpath","value":"//button[@aria-label=\"Create\"]"}
RESULT: {"using":"xpath","value":"//button[@aria-label=\"Create\"]"}
COMMAND: POST /session/93898e5d8213af02b008b7064a8e178d/elements - {"using":"xpath","value":"//button[@aria-label=\"Create\"]"}
RESULT: {"using":"xpath","value":"//button[@aria-label=\"Create\"]"}
COMMAND: POST /session/93898e5d8213af02b008b7064a8e178d/elements - {"using":"xpath","value":"//button[@aria-label=\"Create\"]"}
RESULT: {"using":"xpath","value":"//button[@aria-label=\"Create\"]"}
COMMAND: POST /session/93898e5d8213af02b008b7064a8e178d/elements - {"using":"xpath","value":"//button[@aria-label=\"Create\"]"}
RESULT: {"using":"xpath","value":"//button[@aria-label=\"Create\"]"}
COMMAND: POST /session/93898e5d8213af02b008b7064a8e178d/elements - {"using":"xpath","value":"//button[@aria-label=\"Create\"]"}
RESULT: {"using":"xpath","value":"//button[@aria-label=\"Create\"]"}
COMMAND: POST /session/93898e5d8213af02b008b7064a8e178d/elements - {"using":"xpath","value":"//button[@aria-label=\"Create\"]"}
RESULT: {"using":"xpath","value":"//button[@aria-label=\"Create\"]"}
COMMAND: POST /session/93898e5d8213af02b008b7064a8e178d/elements - {"using":"xpath","value":"//button[@aria-label=\"Create\"]"}
RESULT: {"using":"xpath","value":"//button[@aria-label=\"Create\"]"}
COMMAND: POST /session/93898e5d8213af02b008b7064a8e178d/elements - {"using":"xpath","value":"//button[@aria-label=\"Create\"]"}
RESULT: {"using":"xpath","value":"//button[@aria-label=\"Create\"]"}
COMMAND: POST /session/93898e5d8213af02b008b7064a8e178d/elements - {"using":"xpath","value":"//button[@aria-label=\"Create\"]"}
RESULT: {"using":"xpath","value":"//button[@aria-label=\"Create\"]"}
COMMAND: POST /session/93898e5d8213af02b008b7064a8e178d/elements - {"using":"xpath","value":"//button[@aria-label=\"Create\"]"}
RESULT: {"using":"xpath","value":"//button[@aria-label=\"Create\"]"}
COMMAND: POST /session/93898e5d8213af02b008b7064a8e178d/elements - {"using":"xpath","value":"//button[@aria-label=\"Create\"]"}
RESULT: {"using":"xpath","value":"//button[@aria-label=\"Create\"]"}
COMMAND: POST /session/93898e5d8213af02b008b7064a8e178d/elements - {"using":"xpath","value":"//button[@aria-label=\"Create\"]"}
RESULT: {"using":"xpath","value":"//button[@aria-label=\"Create\"]"}
COMMAND: POST /session/93898e5d8213af02b008b7064a8e178d/elements - {"using":"xpath","value":"//button[@aria-label=\"Create\"]"}
RESULT: {"using":"xpath","value":"//button[@aria-label=\"Create\"]"}
COMMAND: POST /session/93898e5d8213af02b008b7064a8e178d/elements - {"using":"xpath","value":"//button[@aria-label=\"Create\"]"}
RESULT: {"using":"xpath","value":"//button[@aria-label=\"Create\"]"}
COMMAND: POST /session/93898e5d8213af02b008b7064a8e178d/elements - {"using":"xpath","value":"//button[@aria-label=\"Create\"]"}
RESULT: {"using":"xpath","value":"//button[@aria-label=\"Create\"]"}
COMMAND: POST /session/93898e5d8213af02b008b7064a8e178d/elements - {"using":"xpath","value":"//button[@aria-label=\"Create\"]"}
RESULT: {"using":"xpath","value":"//button[@aria-label=\"Create\"]"}
COMMAND: POST /session/93898e5d8213af02b008b7064a8e178d/elements - {"using":"xpath","value":"//button[@aria-label=\"Create\"]"}
RESULT: {"using":"xpath","value":"//button[@aria-label=\"Create\"]"}
COMMAND: POST /session/93898e5d8213af02b008b7064a8e178d/elements - {"using":"xpath","value":"//button[@aria-label=\"Create\"]"}
RESULT: {"using":"xpath","value":"//button[@aria-label=\"Create\"]"}
COMMAND: POST /session/93898e5d8213af02b008b7064a8e178d/elements - {"using":"xpath","value":"//button[@aria-label=\"Create\"]"}
RESULT: {"using":"xpath","value":"//button[@aria-label=\"Create\"]"}
COMMAND: POST /session/93898e5d8213af02b008b7064a8e178d/elements - {"using":"xpath","value":"//button[@aria-label=\"Create\"]"}
RESULT: {"using":"xpath","value":"//button[@aria-label=\"Create\"]"}
COMMAND: POST /session/93898e5d8213af02b008b7064a8e178d/elements - {"using":"xpath","value":"//button[@aria-label=\"Create\"]"}
RESULT: {"using":"xpath","value":"//button[@aria-label=\"Create\"]"}
COMMAND: POST /session/93898e5d8213af02b008b7064a8e178d/elements - {"using":"xpath","value":"//button[@aria-label=\"Create\"]"}
RESULT: {"using":"xpath","value":"//button[@aria-label=\"Create\"]"}
COMMAND: POST /session/93898e5d8213af02b008b7064a8e178d/elements - {"using":"xpath","value":"//button[@aria-label=\"Create\"]"}
RESULT: {"using":"xpath","value":"//button[@aria-label=\"Create\"]"}
COMMAND: POST /session/93898e5d8213af02b008b7064a8e178d/elements - {"using":"xpath","value":"//button[@aria-label=\"Create\"]"}
RESULT: {"using":"xpath","value":"//button[@aria-label=\"Create\"]"}
COMMAND: POST /session/93898e5d8213af02b008b7064a8e178d/elements - {"using":"xpath","value":"//button[@aria-label=\"Create\"]"}
COMMAND: GET /session/93898e5d8213af02b008b7064a8e178d/screenshot - {}
RESULT: {"using":"xpath","value":"//button[@aria-label=\"Create\"]"}
RESULT: {}
COMMAND: POST /session/93898e5d8213af02b008b7064a8e178d/element - {"using":"css selector","value":"#j_username"}
COMMAND: POST /session/93898e5d8213af02b008b7064a8e178d/url - {"url":"https://qa-testing-00-live-etm-ui.cfapps.eu10-004.hana.ondemand.com/"}
COMMAND: GET /session/93898e5d8213af02b008b7064a8e178d/screenshot - {}
COMMAND: GET /session/93898e5d8213af02b008b7064a8e178d/screenshot - {}
RESULT: {"using":"css selector","value":"#j_username"}
COMMAND: POST /session/93898e5d8213af02b008b7064a8e178d/element - {"using":"css selector","value":"#j_username"}
RESULT: {"url":"https://qa-testing-00-live-etm-ui.cfapps.eu10-004.hana.ondemand.com/"}
RESULT: undefined
COMMAND: GET /session/93898e5d8213af02b008b7064a8e178d/screenshot - {}
RESULT: {}
RESULT: {}
RESULT: {"using":"css selector","value":"#j_username"}
COMMAND: POST /session/93898e5d8213af02b008b7064a8e178d/element - {"using":"css selector","value":"#shell-header-logo"}
RESULT: {}
RESULT: {"using":"css selector","value":"#shell-header-logo"}
COMMAND: POST /session/93898e5d8213af02b008b7064a8e178d/execute/sync - {"script":"<script> [8489 bytes]","args":[{"element-6066-11e4-a52e-4f735466cecf":"f.DB6019AE2C79B0A323A25C7C2B3F3E26.d.1F181FC5D44264EA29CC7C947BACACB8.e.1692","ELEMENT":"f.DB6019AE2C79B0A323A25C7C2B3F3E26.d.1F181FC5D44264EA29CC7C947BACACB8.e.1692"}]}
RESULT: {"script":"<script> [8489 bytes]","args":[{"element-6066-11e4-a52e-4f735466cecf":"f.DB6019AE2C79B0A323A25C7C2B3F3E26.d.1F181FC5D44264EA29CC7C947BACACB8.e.1692","ELEMENT":"f.DB6019AE2C79B0A323A25C7C2B3F3E26.d.1F181FC5D44264EA29CC7C947BACACB8.e.1692"}]}
COMMAND: POST /session/93898e5d8213af02b008b7064a8e178d/element - {"using":"css selector","value":"#shell-header-logo"}
COMMAND: GET /session/93898e5d8213af02b008b7064a8e178d/screenshot - {}
RESULT: {"using":"css selector","value":"#shell-header-logo"}
COMMAND: POST /session/93898e5d8213af02b008b7064a8e178d/execute/sync - {"script":"<script> [8489 bytes]","args":[{"element-6066-11e4-a52e-4f735466cecf":"f.DB6019AE2C79B0A323A25C7C2B3F3E26.d.1F181FC5D44264EA29CC7C947BACACB8.e.1692","ELEMENT":"f.DB6019AE2C79B0A323A25C7C2B3F3E26.d.1F181FC5D44264EA29CC7C947BACACB8.e.1692"}]}
RESULT: {}
RESULT: {"script":"<script> [8489 bytes]","args":[{"element-6066-11e4-a52e-4f735466cecf":"f.DB6019AE2C79B0A323A25C7C2B3F3E26.d.1F181FC5D44264EA29CC7C947BACACB8.e.1692","ELEMENT":"f.DB6019AE2C79B0A323A25C7C2B3F3E26.d.1F181FC5D44264EA29CC7C947BACACB8.e.1692"}]}
COMMAND: POST /session/93898e5d8213af02b008b7064a8e178d/execute/sync - {"script":"<script> [5351 bytes]","args":[{"element-6066-11e4-a52e-4f735466cecf":"f.DB6019AE2C79B0A323A25C7C2B3F3E26.d.1F181FC5D44264EA29CC7C947BACACB8.e.1692","ELEMENT":"f.DB6019AE2C79B0A323A25C7C2B3F3E26.d.1F181FC5D44264EA29CC7C947BACACB8.e.1692"}]}
COMMAND: GET /session/93898e5d8213af02b008b7064a8e178d/screenshot - {}
RESULT: {"script":"<script> [5351 bytes]","args":[{"element-6066-11e4-a52e-4f735466cecf":"f.DB6019AE2C79B0A323A25C7C2B3F3E26.d.1F181FC5D44264EA29CC7C947BACACB8.e.1692","ELEMENT":"f.DB6019AE2C79B0A323A25C7C2B3F3E26.d.1F181FC5D44264EA29CC7C947BACACB8.e.1692"}]}
COMMAND: POST /session/93898e5d8213af02b008b7064a8e178d/element - {"using":"css selector","value":"#shell-header-logo"}
COMMAND: GET /session/93898e5d8213af02b008b7064a8e178d/screenshot - {}
RESULT: {}
RESULT: {"using":"css selector","value":"#shell-header-logo"}
COMMAND: POST /session/93898e5d8213af02b008b7064a8e178d/element/f.DB6019AE2C79B0A323A25C7C2B3F3E26.d.1F181FC5D44264EA29CC7C947BACACB8.e.1692/click - {}
RESULT: {}
RESULT: {}
COMMAND: GET /session/93898e5d8213af02b008b7064a8e178d/screenshot - {}
RESULT: {}
COMMAND: POST /session/93898e5d8213af02b008b7064a8e178d/execute/async - {"script":"<script> [189 bytes]","args":[]}
RESULT: {"script":"<script> [189 bytes]","args":[]}
COMMAND: POST /session/93898e5d8213af02b008b7064a8e178d/execute/async - {"script":"<script> [123 bytes]","args":[]}
RESULT: {"script":"<script> [123 bytes]","args":[]}
COMMAND: POST /session/93898e5d8213af02b008b7064a8e178d/timeouts - {"script":"<number>"}
RESULT: {"script":"<number>"}
COMMAND: GET /session/93898e5d8213af02b008b7064a8e178d/timeouts - {}
RESULT: {}
RESULT: undefined
COMMAND: POST /session/93898e5d8213af02b008b7064a8e178d/execute/async - {"script":"<script> [2676 bytes]","args":[]}
RESULT: {"script":"<script> [2676 bytes]","args":[]}
COMMAND: POST /session/93898e5d8213af02b008b7064a8e178d/execute/async - {"script":"<script> [2342 bytes]","args":[{"protocol":"http","hostname":"0.0.0.0","path":"/","capabilities":{"browserName":"chrome","goog:chromeOptions":{"binary":"C:\\Program Files\\Google\\Chrome\\Application\\chrome.exe","args":["--start-maximized"]}},"logLevel":"warn","connectionRetryTimeout":120000,"connectionRetryCount":3,"logLevels":{},"enableDirectConnect":true,"strictSSL":true,"_":"65 more keys: [\"cacheDir\",\"port\",\"requestedCapabilities\",\"automationProtocol\",\"baseUrl\",\"waitforInterval\",\"waitforTimeout\",\"onReload\",\"beforeCommand\",\"afterCommand\",\"rootDir\",\"specs\",\"suites\",\"exclude\",\"groupLogsByTestSpec\",\"excludeDriverLogs\",\"bail\",\"framework\",\"reporters\",\"services\",\"maxInstances\",\"maxInstancesPerCapability\",\"injectGlobals\",\"filesToWatch\",\"execArgv\",\"runnerEnv\",\"runner\",\"shard\",\"specFileRetries\",\"specFileRetriesDelay\",\"specFileRetriesDeferred\",\"reporterSyncInterval\",\"reporterSyncTimeout\",\"cucumberFeaturesWithLineNumbers\",\"autoCompileOpts\",\"mochaOpts\",\"jasmineOpts\",\"cucumberOpts\",\"onPrepare\",\"onWorkerStart\",\"onWorkerEnd\",\"before\",\"beforeSession\",\"beforeSuite\",\"beforeHook\",\"beforeTest\",\"afterTest\",\"afterHook\",\"afterSuite\",\"afterSession\",\"after\",\"onComplete\",\"beforeAssertion\",\"afterAssertion\",\"beforeFeature\",\"beforeScenario\",\"beforeStep\",\"afterStep\",\"afterScenario\",\"afterFeature\",\"_\",\"suite\",\"$0\",\"ignoredWorkerServices\",\"wdi5\"]"}]}
RESULT: {"script":"<script> [2342 bytes]","args":[{"protocol":"http","hostname":"0.0.0.0","path":"/","capabilities":{"browserName":"chrome","goog:chromeOptions":{"binary":"C:\\Program Files\\Google\\Chrome\\Application\\chrome.exe","args":["--start-maximized"]}},"logLevel":"warn","connectionRetryTimeout":120000,"connectionRetryCount":3,"logLevels":{},"enableDirectConnect":true,"strictSSL":true,"_":"65 more keys: [\"cacheDir\",\"port\",\"requestedCapabilities\",\"automationProtocol\",\"baseUrl\",\"waitforInterval\",\"waitforTimeout\",\"onReload\",\"beforeCommand\",\"afterCommand\",\"rootDir\",\"specs\",\"suites\",\"exclude\",\"groupLogsByTestSpec\",\"excludeDriverLogs\",\"bail\",\"framework\",\"reporters\",\"services\",\"maxInstances\",\"maxInstancesPerCapability\",\"injectGlobals\",\"filesToWatch\",\"execArgv\",\"runnerEnv\",\"runner\",\"shard\",\"specFileRetries\",\"specFileRetriesDelay\",\"specFileRetriesDeferred\",\"reporterSyncInterval\",\"reporterSyncTimeout\",\"cucumberFeaturesWithLineNumbers\",\"autoCompileOpts\",\"mochaOpts\",\"jasmineOpts\",\"cucumberOpts\",\"onPrepare\",\"onWorkerStart\",\"onWorkerEnd\",\"before\",\"beforeSession\",\"beforeSuite\",\"beforeHook\",\"beforeTest\",\"afterTest\",\"afterHook\",\"afterSuite\",\"afterSession\",\"after\",\"onComplete\",\"beforeAssertion\",\"afterAssertion\",\"beforeFeature\",\"beforeScenario\",\"beforeStep\",\"afterStep\",\"afterScenario\",\"afterFeature\",\"_\",\"suite\",\"$0\",\"ignoredWorkerServices\",\"wdi5\"]"}]}
COMMAND: POST /session/93898e5d8213af02b008b7064a8e178d/execute/async - {"script":"<script> [21126 bytes]","args":[35000]}
RESULT: {"script":"<script> [21126 bytes]","args":[35000]}
COMMAND: POST /session/93898e5d8213af02b008b7064a8e178d/window/maximize - {}
RESULT: {}
COMMAND: POST /session/93898e5d8213af02b008b7064a8e178d/execute/async - {"script":"<script> [1562 bytes]","args":[{"selector":{"id":"shell-header","interaction":{"idSuffix":"icon"}},"wdio_ui5_key":"shellheader"}]}
COMMAND: GET /session/93898e5d8213af02b008b7064a8e178d/screenshot - {}
RESULT: {"script":"<script> [1562 bytes]","args":[{"selector":{"id":"shell-header","interaction":{"idSuffix":"icon"}},"wdio_ui5_key":"shellheader"}]}
RESULT: undefined
COMMAND: POST /session/93898e5d8213af02b008b7064a8e178d/refresh - {}
RESULT: {}
RESULT: {}
COMMAND: GET /session/93898e5d8213af02b008b7064a8e178d/screenshot - {}
RESULT: {}
COMMAND: POST /session/93898e5d8213af02b008b7064a8e178d/refresh - {}
RESULT: {}
COMMAND: GET /session/93898e5d8213af02b008b7064a8e178d/screenshot - {}
RESULT: {}
COMMAND: POST /session/93898e5d8213af02b008b7064a8e178d/window/fullscreen - {}
RESULT: {}
COMMAND: POST /session/93898e5d8213af02b008b7064a8e178d/execute/async - {"script":"<script> [189 bytes]","args":[]}
RESULT: {"script":"<script> [189 bytes]","args":[]}
COMMAND: POST /session/93898e5d8213af02b008b7064a8e178d/execute/async - {"script":"<script> [123 bytes]","args":[]}
RESULT: {"script":"<script> [123 bytes]","args":[]}
COMMAND: POST /session/93898e5d8213af02b008b7064a8e178d/timeouts - {"script":"<number>"}
RESULT: {"script":"<number>"}
COMMAND: GET /session/93898e5d8213af02b008b7064a8e178d/timeouts - {}
RESULT: {}
RESULT: undefined
COMMAND: POST /session/93898e5d8213af02b008b7064a8e178d/execute/async - {"script":"<script> [2676 bytes]","args":[]}
RESULT: {"script":"<script> [2676 bytes]","args":[]}
COMMAND: POST /session/93898e5d8213af02b008b7064a8e178d/execute/async - {"script":"<script> [2342 bytes]","args":[{"protocol":"http","hostname":"0.0.0.0","path":"/","capabilities":{"browserName":"chrome","goog:chromeOptions":{"binary":"C:\\Program Files\\Google\\Chrome\\Application\\chrome.exe","args":["--start-maximized"]}},"logLevel":"warn","connectionRetryTimeout":120000,"connectionRetryCount":3,"logLevels":{},"enableDirectConnect":true,"strictSSL":true,"_":"65 more keys: [\"cacheDir\",\"port\",\"requestedCapabilities\",\"automationProtocol\",\"baseUrl\",\"waitforInterval\",\"waitforTimeout\",\"onReload\",\"beforeCommand\",\"afterCommand\",\"rootDir\",\"specs\",\"suites\",\"exclude\",\"groupLogsByTestSpec\",\"excludeDriverLogs\",\"bail\",\"framework\",\"reporters\",\"services\",\"maxInstances\",\"maxInstancesPerCapability\",\"injectGlobals\",\"filesToWatch\",\"execArgv\",\"runnerEnv\",\"runner\",\"shard\",\"specFileRetries\",\"specFileRetriesDelay\",\"specFileRetriesDeferred\",\"reporterSyncInterval\",\"reporterSyncTimeout\",\"cucumberFeaturesWithLineNumbers\",\"autoCompileOpts\",\"mochaOpts\",\"jasmineOpts\",\"cucumberOpts\",\"onPrepare\",\"onWorkerStart\",\"onWorkerEnd\",\"before\",\"beforeSession\",\"beforeSuite\",\"beforeHook\",\"beforeTest\",\"afterTest\",\"afterHook\",\"afterSuite\",\"afterSession\",\"after\",\"onComplete\",\"beforeAssertion\",\"afterAssertion\",\"beforeFeature\",\"beforeScenario\",\"beforeStep\",\"afterStep\",\"afterScenario\",\"afterFeature\",\"_\",\"suite\",\"$0\",\"ignoredWorkerServices\",\"wdi5\"]"}]}
RESULT: {"script":"<script> [2342 bytes]","args":[{"protocol":"http","hostname":"0.0.0.0","path":"/","capabilities":{"browserName":"chrome","goog:chromeOptions":{"binary":"C:\\Program Files\\Google\\Chrome\\Application\\chrome.exe","args":["--start-maximized"]}},"logLevel":"warn","connectionRetryTimeout":120000,"connectionRetryCount":3,"logLevels":{},"enableDirectConnect":true,"strictSSL":true,"_":"65 more keys: [\"cacheDir\",\"port\",\"requestedCapabilities\",\"automationProtocol\",\"baseUrl\",\"waitforInterval\",\"waitforTimeout\",\"onReload\",\"beforeCommand\",\"afterCommand\",\"rootDir\",\"specs\",\"suites\",\"exclude\",\"groupLogsByTestSpec\",\"excludeDriverLogs\",\"bail\",\"framework\",\"reporters\",\"services\",\"maxInstances\",\"maxInstancesPerCapability\",\"injectGlobals\",\"filesToWatch\",\"execArgv\",\"runnerEnv\",\"runner\",\"shard\",\"specFileRetries\",\"specFileRetriesDelay\",\"specFileRetriesDeferred\",\"reporterSyncInterval\",\"reporterSyncTimeout\",\"cucumberFeaturesWithLineNumbers\",\"autoCompileOpts\",\"mochaOpts\",\"jasmineOpts\",\"cucumberOpts\",\"onPrepare\",\"onWorkerStart\",\"onWorkerEnd\",\"before\",\"beforeSession\",\"beforeSuite\",\"beforeHook\",\"beforeTest\",\"afterTest\",\"afterHook\",\"afterSuite\",\"afterSession\",\"after\",\"onComplete\",\"beforeAssertion\",\"afterAssertion\",\"beforeFeature\",\"beforeScenario\",\"beforeStep\",\"afterStep\",\"afterScenario\",\"afterFeature\",\"_\",\"suite\",\"$0\",\"ignoredWorkerServices\",\"wdi5\"]"}]}
COMMAND: POST /session/93898e5d8213af02b008b7064a8e178d/execute/async - {"script":"<script> [21126 bytes]","args":[35000]}
RESULT: {"script":"<script> [21126 bytes]","args":[35000]}
]]></system-out>
      <system-err><![CDATA[
Error: element ("//button[@aria-label="Create"]") still not existing after 45000ms
    at async UtilsPrerequisites.pricingConditionCreation (D:\a\1\s\test\specs\BTS\prerequisites-and-utils-functions.js:1433:9)
    at async Context.<anonymous> (D:\a\1\s\test\specs\BTS\create-condition-pricing.spec.js:35:9)
]]></system-err>
    </testcase>
  </testsuite>
  <testsuite timestamp="2025-05-24T17:04:25" time="146.704" tests="3" failures="0" errors="0" skipped="0">
    <properties>
      <property name="specId" value="0"/>
      <property name="suiteName" value="Set up pricing rule(OT) 104624"/>
      <property name="capabilities" value="chrome.136_0_7103_93.windows"/>
      <property name="file" value="file:///D:/a/1/s/test/specs/BTS/create-pricing-rule.spec.js"/>
    </properties>
    <testcase classname="chrome.136_0_7103_93.windows.Set_up_pricing_rule(OT)_104624" name="Should create a new yard used for all following tests" time="0.212">
      <system-out><![CDATA[
COMMAND: POST /session/93898e5d8213af02b008b7064a8e178d/window/fullscreen - {}
RESULT: {}
]]></system-out>
    </testcase>
    <testcase classname="chrome.136_0_7103_93.windows.Set_up_pricing_rule(OT)_104624" name="Should create a new equipment used for all following tests" time="0.005"/>
    <testcase classname="chrome.136_0_7103_93.windows.Set_up_pricing_rule(OT)_104624" name="Should create new pricing rule on the created resource from earlier module or above" time="79.073">
      <system-out><![CDATA[
COMMAND: POST /session/93898e5d8213af02b008b7064a8e178d/execute/async - {"script":"<script> [1562 bytes]","args":[{"selector":{"controlType":"sap.m.GenericTile","properties":{"header":"Manage Pricing Rules"}},"wdio_ui5_key":"sapm.GenericTile{\"header\":\"Manage Pricing Rules\"}"}]}
RESULT: {"script":"<script> [1562 bytes]","args":[{"selector":{"controlType":"sap.m.GenericTile","properties":{"header":"Manage Pricing Rules"}},"wdio_ui5_key":"sapm.GenericTile{\"header\":\"Manage Pricing Rules\"}"}]}
RESULT: undefined
COMMAND: POST /session/93898e5d8213af02b008b7064a8e178d/element - {"using":"xpath","value":"//*[@id=\"__tile55\"]"}
RESULT: {"using":"xpath","value":"//*[@id=\"__tile55\"]"}
COMMAND: POST /session/93898e5d8213af02b008b7064a8e178d/element/f.DB6019AE2C79B0A323A25C7C2B3F3E26.d.5FDB36385D0E2843E73E1A289AE04F0F.e.1922/click - {}
RESULT: {}
COMMAND: GET /session/93898e5d8213af02b008b7064a8e178d/screenshot - {}
RESULT: {}
COMMAND: POST /session/93898e5d8213af02b008b7064a8e178d/elements - {"using":"xpath","value":"//span[text()='Error']"}
RESULT: {"using":"xpath","value":"//span[text()='Error']"}
COMMAND: POST /session/93898e5d8213af02b008b7064a8e178d/execute/async - {"script":"<script> [1562 bytes]","args":[{"selector":{"controlType":"sap.ui.core.Icon","viewName":"etm.portal.ui.managepricingrules.view.MasterHeader","viewId":"application-managepricingrules-display-component---priceInfoHeader","properties":{"src":{"regex":{"source":"activity\\-items"}}}},"wdio_ui5_key":"etmportal.ui.managepricingrules.view.MasterHeadersap.ui.core.Icon{\"src\":{\"regex\":{\"source\":\"activity\\\\-items\"}}}"}]}
RESULT: {"script":"<script> [1562 bytes]","args":[{"selector":{"controlType":"sap.ui.core.Icon","viewName":"etm.portal.ui.managepricingrules.view.MasterHeader","viewId":"application-managepricingrules-display-component---priceInfoHeader","properties":{"src":{"regex":{"source":"activity\\-items"}}}},"wdio_ui5_key":"etmportal.ui.managepricingrules.view.MasterHeadersap.ui.core.Icon{\"src\":{\"regex\":{\"source\":\"activity\\\\-items\"}}}"}]}
RESULT: undefined
COMMAND: POST /session/93898e5d8213af02b008b7064a8e178d/element - {"using":"xpath","value":"//*[@id=\"__filter1-icon\"]"}
RESULT: {"using":"xpath","value":"//*[@id=\"__filter1-icon\"]"}
COMMAND: POST /session/93898e5d8213af02b008b7064a8e178d/element/f.DB6019AE2C79B0A323A25C7C2B3F3E26.d.5FDB36385D0E2843E73E1A289AE04F0F.e.1983/click - {}
RESULT: {}
COMMAND: GET /session/93898e5d8213af02b008b7064a8e178d/screenshot - {}
RESULT: {}
COMMAND: POST /session/93898e5d8213af02b008b7064a8e178d/element - {"using":"xpath","value":"//button[@data-kt=\"addButton\"]"}
RESULT: {"using":"xpath","value":"//button[@data-kt=\"addButton\"]"}
COMMAND: POST /session/93898e5d8213af02b008b7064a8e178d/elements - {"using":"xpath","value":"//button[@data-kt=\"addButton\"]"}
RESULT: {"using":"xpath","value":"//button[@data-kt=\"addButton\"]"}
COMMAND: POST /session/93898e5d8213af02b008b7064a8e178d/execute/sync - {"script":"<script> [8489 bytes]","args":[{"element-6066-11e4-a52e-4f735466cecf":"f.DB6019AE2C79B0A323A25C7C2B3F3E26.d.5FDB36385D0E2843E73E1A289AE04F0F.e.2029","ELEMENT":"f.DB6019AE2C79B0A323A25C7C2B3F3E26.d.5FDB36385D0E2843E73E1A289AE04F0F.e.2029"}]}
RESULT: {"script":"<script> [8489 bytes]","args":[{"element-6066-11e4-a52e-4f735466cecf":"f.DB6019AE2C79B0A323A25C7C2B3F3E26.d.5FDB36385D0E2843E73E1A289AE04F0F.e.2029","ELEMENT":"f.DB6019AE2C79B0A323A25C7C2B3F3E26.d.5FDB36385D0E2843E73E1A289AE04F0F.e.2029"}]}
COMMAND: GET /session/93898e5d8213af02b008b7064a8e178d/element/f.DB6019AE2C79B0A323A25C7C2B3F3E26.d.5FDB36385D0E2843E73E1A289AE04F0F.e.2029/enabled - {}
COMMAND: GET /session/93898e5d8213af02b008b7064a8e178d/screenshot - {}
RESULT: {}
COMMAND: POST /session/93898e5d8213af02b008b7064a8e178d/execute/sync - {"script":"<script> [8489 bytes]","args":[{"element-6066-11e4-a52e-4f735466cecf":"f.DB6019AE2C79B0A323A25C7C2B3F3E26.d.5FDB36385D0E2843E73E1A289AE04F0F.e.2029","ELEMENT":"f.DB6019AE2C79B0A323A25C7C2B3F3E26.d.5FDB36385D0E2843E73E1A289AE04F0F.e.2029"}]}
COMMAND: GET /session/93898e5d8213af02b008b7064a8e178d/screenshot - {}
RESULT: {}
RESULT: {"script":"<script> [8489 bytes]","args":[{"element-6066-11e4-a52e-4f735466cecf":"f.DB6019AE2C79B0A323A25C7C2B3F3E26.d.5FDB36385D0E2843E73E1A289AE04F0F.e.2029","ELEMENT":"f.DB6019AE2C79B0A323A25C7C2B3F3E26.d.5FDB36385D0E2843E73E1A289AE04F0F.e.2029"}]}
COMMAND: POST /session/93898e5d8213af02b008b7064a8e178d/execute/sync - {"script":"<script> [5351 bytes]","args":[{"element-6066-11e4-a52e-4f735466cecf":"f.DB6019AE2C79B0A323A25C7C2B3F3E26.d.5FDB36385D0E2843E73E1A289AE04F0F.e.2029","ELEMENT":"f.DB6019AE2C79B0A323A25C7C2B3F3E26.d.5FDB36385D0E2843E73E1A289AE04F0F.e.2029"}]}
COMMAND: GET /session/93898e5d8213af02b008b7064a8e178d/screenshot - {}
RESULT: {}
RESULT: {"script":"<script> [5351 bytes]","args":[{"element-6066-11e4-a52e-4f735466cecf":"f.DB6019AE2C79B0A323A25C7C2B3F3E26.d.5FDB36385D0E2843E73E1A289AE04F0F.e.2029","ELEMENT":"f.DB6019AE2C79B0A323A25C7C2B3F3E26.d.5FDB36385D0E2843E73E1A289AE04F0F.e.2029"}]}
COMMAND: POST /session/93898e5d8213af02b008b7064a8e178d/element/f.DB6019AE2C79B0A323A25C7C2B3F3E26.d.5FDB36385D0E2843E73E1A289AE04F0F.e.2029/click - {}
COMMAND: GET /session/93898e5d8213af02b008b7064a8e178d/screenshot - {}
RESULT: {}
RESULT: {}
COMMAND: GET /session/93898e5d8213af02b008b7064a8e178d/screenshot - {}
RESULT: {}
RESULT: {}
COMMAND: POST /session/93898e5d8213af02b008b7064a8e178d/execute/async - {"script":"<script> [1562 bytes]","args":[{"selector":{"controlType":"sap.m.Title","viewName":"etm.portal.ui.managepricingrules.view.NewItem","viewId":"application-managepricingrules-display-component---newInfoPriceItem","properties":{"text":"New Pricing Rules - Item Level"}},"wdio_ui5_key":"etmportal.ui.managepricingrules.view.NewItemsap.m.Title{\"text\":\"New Pricing Rules - Item Level\"}"}]}
RESULT: {"script":"<script> [1562 bytes]","args":[{"selector":{"controlType":"sap.m.Title","viewName":"etm.portal.ui.managepricingrules.view.NewItem","viewId":"application-managepricingrules-display-component---newInfoPriceItem","properties":{"text":"New Pricing Rules - Item Level"}},"wdio_ui5_key":"etmportal.ui.managepricingrules.view.NewItemsap.m.Title{\"text\":\"New Pricing Rules - Item Level\"}"}]}
RESULT: undefined
COMMAND: POST /session/93898e5d8213af02b008b7064a8e178d/execute/async - {"script":"<script> [6424 bytes]","args":[{"element-6066-11e4-a52e-4f735466cecf":"f.DB6019AE2C79B0A323A25C7C2B3F3E26.d.5FDB36385D0E2843E73E1A289AE04F0F.e.2316"},"getText",[]]}
RESULT: {"script":"<script> [6424 bytes]","args":[{"element-6066-11e4-a52e-4f735466cecf":"f.DB6019AE2C79B0A323A25C7C2B3F3E26.d.5FDB36385D0E2843E73E1A289AE04F0F.e.2316"},"getText",[]]}
COMMAND: POST /session/93898e5d8213af02b008b7064a8e178d/execute/async - {"script":"<script> [1562 bytes]","args":[{"selector":{"id":"application-managepricingrules-display-component---newInfoPriceItem--condValidTo","interaction":{"idSuffix":"inner"}},"wdio_ui5_key":"applicationmanagepricingrules-display-component---newInfoPriceItem--condValidTo"}]}
RESULT: {"script":"<script> [1562 bytes]","args":[{"selector":{"id":"application-managepricingrules-display-component---newInfoPriceItem--condValidTo","interaction":{"idSuffix":"inner"}},"wdio_ui5_key":"applicationmanagepricingrules-display-component---newInfoPriceItem--condValidTo"}]}
RESULT: undefined
COMMAND: POST /session/93898e5d8213af02b008b7064a8e178d/execute/async - {"script":"<script> [776 bytes]","args":[{"enterText":"1/24/26","selector":{"id":"application-managepricingrules-display-component---newInfoPriceItem--condValidTo","interaction":{"idSuffix":"inner"}},"clearTextFirst":true,"interactionType":"ENTER_TEXT"}]}
RESULT: {"script":"<script> [776 bytes]","args":[{"enterText":"1/24/26","selector":{"id":"application-managepricingrules-display-component---newInfoPriceItem--condValidTo","interaction":{"idSuffix":"inner"}},"clearTextFirst":true,"interactionType":"ENTER_TEXT"}]}
COMMAND: POST /session/93898e5d8213af02b008b7064a8e178d/element - {"using":"xpath","value":"//input[@id=\"application-managepricingrules-display-component---newInfoPriceItem--condRU-inner\"]"}
RESULT: {"using":"xpath","value":"//input[@id=\"application-managepricingrules-display-component---newInfoPriceItem--condRU-inner\"]"}
COMMAND: POST /session/93898e5d8213af02b008b7064a8e178d/element/f.DB6019AE2C79B0A323A25C7C2B3F3E26.d.5FDB36385D0E2843E73E1A289AE04F0F.e.2285/clear - {}
RESULT: {}
COMMAND: POST /session/93898e5d8213af02b008b7064a8e178d/element/f.DB6019AE2C79B0A323A25C7C2B3F3E26.d.5FDB36385D0E2843E73E1A289AE04F0F.e.2285/value - {"text":"Z0jSzT6cSo"}
COMMAND: GET /session/93898e5d8213af02b008b7064a8e178d/screenshot - {}
RESULT: {"text":"Z0jSzT6cSo"}
COMMAND: GET /session/93898e5d8213af02b008b7064a8e178d/screenshot - {}
RESULT: {}
RESULT: {}
COMMAND: POST /session/93898e5d8213af02b008b7064a8e178d/execute/async - {"script":"<script> [1562 bytes]","args":[{"selector":{"id":"application-managepricingrules-display-component---newInfoPriceItem--billType-arrow"},"wdio_ui5_key":"applicationmanagepricingrules-display-component---newInfoPriceItem--billType-arrow"}]}
RESULT: {"script":"<script> [1562 bytes]","args":[{"selector":{"id":"application-managepricingrules-display-component---newInfoPriceItem--billType-arrow"},"wdio_ui5_key":"applicationmanagepricingrules-display-component---newInfoPriceItem--billType-arrow"}]}
RESULT: undefined
COMMAND: POST /session/93898e5d8213af02b008b7064a8e178d/element - {"using":"xpath","value":"//*[@id=\"application-managepricingrules-display-component---newInfoPriceItem--billType-arrow\"]"}
RESULT: {"using":"xpath","value":"//*[@id=\"application-managepricingrules-display-component---newInfoPriceItem--billType-arrow\"]"}
COMMAND: POST /session/93898e5d8213af02b008b7064a8e178d/element/f.DB6019AE2C79B0A323A25C7C2B3F3E26.d.5FDB36385D0E2843E73E1A289AE04F0F.e.2377/click - {}
RESULT: {}
COMMAND: POST /session/93898e5d8213af02b008b7064a8e178d/element - {"using":"xpath","value":"//span[contains(text(), \"OT - Sales (one-time)\")]"}
COMMAND: GET /session/93898e5d8213af02b008b7064a8e178d/screenshot - {}
RESULT: {"using":"xpath","value":"//span[contains(text(), \"OT - Sales (one-time)\")]"}
COMMAND: POST /session/93898e5d8213af02b008b7064a8e178d/element/f.DB6019AE2C79B0A323A25C7C2B3F3E26.d.5FDB36385D0E2843E73E1A289AE04F0F.e.2418/click - {}
RESULT: {}
RESULT: {}
COMMAND: POST /session/93898e5d8213af02b008b7064a8e178d/execute/async - {"script":"<script> [1562 bytes]","args":[{"selector":{"id":"application-managepricingrules-display-component---newInfoPriceItem--priceProc-arrow"},"wdio_ui5_key":"applicationmanagepricingrules-display-component---newInfoPriceItem--priceProc-arrow"}]}
COMMAND: GET /session/93898e5d8213af02b008b7064a8e178d/screenshot - {}
RESULT: {"script":"<script> [1562 bytes]","args":[{"selector":{"id":"application-managepricingrules-display-component---newInfoPriceItem--priceProc-arrow"},"wdio_ui5_key":"applicationmanagepricingrules-display-component---newInfoPriceItem--priceProc-arrow"}]}
RESULT: undefined
COMMAND: POST /session/93898e5d8213af02b008b7064a8e178d/element - {"using":"xpath","value":"//*[@id=\"application-managepricingrules-display-component---newInfoPriceItem--priceProc-arrow\"]"}
RESULT: {}
RESULT: {"using":"xpath","value":"//*[@id=\"application-managepricingrules-display-component---newInfoPriceItem--priceProc-arrow\"]"}
COMMAND: POST /session/93898e5d8213af02b008b7064a8e178d/element/f.DB6019AE2C79B0A323A25C7C2B3F3E26.d.5FDB36385D0E2843E73E1A289AE04F0F.e.2384/click - {}
RESULT: {}
COMMAND: POST /session/93898e5d8213af02b008b7064a8e178d/element - {"using":"xpath","value":"//span[contains(text(), \"MAT - Material\")]"}
COMMAND: GET /session/93898e5d8213af02b008b7064a8e178d/screenshot - {}
RESULT: {"using":"xpath","value":"//span[contains(text(), \"MAT - Material\")]"}
COMMAND: POST /session/93898e5d8213af02b008b7064a8e178d/element/f.DB6019AE2C79B0A323A25C7C2B3F3E26.d.5FDB36385D0E2843E73E1A289AE04F0F.e.2419/click - {}
RESULT: {}
RESULT: {}
COMMAND: POST /session/93898e5d8213af02b008b7064a8e178d/execute/async - {"script":"<script> [1562 bytes]","args":[{"selector":{"id":"application-managepricingrules-display-component---newInfoPriceItem--calcBase-arrow"},"wdio_ui5_key":"applicationmanagepricingrules-display-component---newInfoPriceItem--calcBase-arrow"}]}
COMMAND: GET /session/93898e5d8213af02b008b7064a8e178d/screenshot - {}
RESULT: {"script":"<script> [1562 bytes]","args":[{"selector":{"id":"application-managepricingrules-display-component---newInfoPriceItem--calcBase-arrow"},"wdio_ui5_key":"applicationmanagepricingrules-display-component---newInfoPriceItem--calcBase-arrow"}]}
RESULT: undefined
COMMAND: POST /session/93898e5d8213af02b008b7064a8e178d/element - {"using":"xpath","value":"//*[@id=\"application-managepricingrules-display-component---newInfoPriceItem--calcBase-arrow\"]"}
RESULT: {}
RESULT: {"using":"xpath","value":"//*[@id=\"application-managepricingrules-display-component---newInfoPriceItem--calcBase-arrow\"]"}
COMMAND: POST /session/93898e5d8213af02b008b7064a8e178d/element/f.DB6019AE2C79B0A323A25C7C2B3F3E26.d.5FDB36385D0E2843E73E1A289AE04F0F.e.2391/click - {}
RESULT: {}
COMMAND: GET /session/93898e5d8213af02b008b7064a8e178d/screenshot - {}
RESULT: {}
COMMAND: POST /session/93898e5d8213af02b008b7064a8e178d/element - {"using":"xpath","value":"//span[contains(text(), \"0001 - TB(exact month + cal_days)\")]"}
RESULT: {"using":"xpath","value":"//span[contains(text(), \"0001 - TB(exact month + cal_days)\")]"}
COMMAND: POST /session/93898e5d8213af02b008b7064a8e178d/element/f.DB6019AE2C79B0A323A25C7C2B3F3E26.d.5FDB36385D0E2843E73E1A289AE04F0F.e.2420/click - {}
RESULT: {}
COMMAND: GET /session/93898e5d8213af02b008b7064a8e178d/screenshot - {}
RESULT: {}
COMMAND: POST /session/93898e5d8213af02b008b7064a8e178d/element - {"using":"xpath","value":"//button[@data-kt=\"saveNewRuleButton\"]"}
RESULT: {"using":"xpath","value":"//button[@data-kt=\"saveNewRuleButton\"]"}
COMMAND: POST /session/93898e5d8213af02b008b7064a8e178d/element/f.DB6019AE2C79B0A323A25C7C2B3F3E26.d.5FDB36385D0E2843E73E1A289AE04F0F.e.2411/click - {}
RESULT: {}
COMMAND: GET /session/93898e5d8213af02b008b7064a8e178d/screenshot - {}
RESULT: {}
COMMAND: POST /session/93898e5d8213af02b008b7064a8e178d/execute/async - {"script":"<script> [1562 bytes]","args":[{"selector":{"id":"application-managepricingrules-display-component---priceInfoItem--smartFilterBar-btnBasicSearch","interaction":{"idSuffix":"I"}},"wdio_ui5_key":"applicationmanagepricingrules-display-component---priceInfoItem--smartFilterBar-btnBasicSearch"}]}
RESULT: {"script":"<script> [1562 bytes]","args":[{"selector":{"id":"application-managepricingrules-display-component---priceInfoItem--smartFilterBar-btnBasicSearch","interaction":{"idSuffix":"I"}},"wdio_ui5_key":"applicationmanagepricingrules-display-component---priceInfoItem--smartFilterBar-btnBasicSearch"}]}
RESULT: undefined
COMMAND: POST /session/93898e5d8213af02b008b7064a8e178d/execute/async - {"script":"<script> [776 bytes]","args":[{"enterText":"Z0jSzT6cSo","selector":{"id":"application-managepricingrules-display-component---priceInfoItem--smartFilterBar-btnBasicSearch","interaction":{"idSuffix":"I"}},"clearTextFirst":true,"interactionType":"ENTER_TEXT"}]}
RESULT: {"script":"<script> [776 bytes]","args":[{"enterText":"Z0jSzT6cSo","selector":{"id":"application-managepricingrules-display-component---priceInfoItem--smartFilterBar-btnBasicSearch","interaction":{"idSuffix":"I"}},"clearTextFirst":true,"interactionType":"ENTER_TEXT"}]}
COMMAND: POST /session/93898e5d8213af02b008b7064a8e178d/actions - {"actions":[{"id":"action6","type":"key","parameters":{},"actions":[{"type":"keyDown","value":""},{"type":"pause","duration":10},{"type":"keyUp","value":""}]}]}
RESULT: {"actions":[{"id":"action6","type":"key","parameters":{},"actions":[{"type":"keyDown","value":""},{"type":"pause","duration":10},{"type":"keyUp","value":""}]}]}
COMMAND: GET /session/93898e5d8213af02b008b7064a8e178d/screenshot - {}
RESULT: {}
COMMAND: POST /session/93898e5d8213af02b008b7064a8e178d/element - {"using":"xpath","value":"//span[@id=\"application-managepricingrules-display-component---priceInfoItem--smartTable-header-inner\"]"}
RESULT: {"using":"xpath","value":"//span[@id=\"application-managepricingrules-display-component---priceInfoItem--smartTable-header-inner\"]"}
COMMAND: POST /session/93898e5d8213af02b008b7064a8e178d/elements - {"using":"xpath","value":"//span[@id=\"application-managepricingrules-display-component---priceInfoItem--smartTable-header-inner\"]"}
RESULT: {"using":"xpath","value":"//span[@id=\"application-managepricingrules-display-component---priceInfoItem--smartTable-header-inner\"]"}
COMMAND: POST /session/93898e5d8213af02b008b7064a8e178d/execute/sync - {"script":"<script> [56 bytes]","args":[{"element-6066-11e4-a52e-4f735466cecf":"f.DB6019AE2C79B0A323A25C7C2B3F3E26.d.5FDB36385D0E2843E73E1A289AE04F0F.e.2460","ELEMENT":"f.DB6019AE2C79B0A323A25C7C2B3F3E26.d.5FDB36385D0E2843E73E1A289AE04F0F.e.2460"}]}
RESULT: {"script":"<script> [56 bytes]","args":[{"element-6066-11e4-a52e-4f735466cecf":"f.DB6019AE2C79B0A323A25C7C2B3F3E26.d.5FDB36385D0E2843E73E1A289AE04F0F.e.2460","ELEMENT":"f.DB6019AE2C79B0A323A25C7C2B3F3E26.d.5FDB36385D0E2843E73E1A289AE04F0F.e.2460"}]}
COMMAND: POST /session/93898e5d8213af02b008b7064a8e178d/element - {"using":"css selector","value":"#shell-header-logo"}
COMMAND: GET /session/93898e5d8213af02b008b7064a8e178d/screenshot - {}
RESULT: {"using":"css selector","value":"#shell-header-logo"}
COMMAND: POST /session/93898e5d8213af02b008b7064a8e178d/element/f.DB6019AE2C79B0A323A25C7C2B3F3E26.d.5FDB36385D0E2843E73E1A289AE04F0F.e.1934/click - {}
RESULT: {}
RESULT: {}
COMMAND: GET /session/93898e5d8213af02b008b7064a8e178d/screenshot - {}
RESULT: {}
COMMAND: POST /session/93898e5d8213af02b008b7064a8e178d/element - {"using":"css selector","value":"#j_username"}
COMMAND: POST /session/93898e5d8213af02b008b7064a8e178d/url - {"url":"https://qa-testing-00-live-etm-ui.cfapps.eu10-004.hana.ondemand.com/"}
RESULT: {"using":"css selector","value":"#j_username"}
COMMAND: POST /session/93898e5d8213af02b008b7064a8e178d/element - {"using":"css selector","value":"#j_username"}
RESULT: {"url":"https://qa-testing-00-live-etm-ui.cfapps.eu10-004.hana.ondemand.com/"}
RESULT: undefined
COMMAND: GET /session/93898e5d8213af02b008b7064a8e178d/screenshot - {}
RESULT: {"using":"css selector","value":"#j_username"}
COMMAND: POST /session/93898e5d8213af02b008b7064a8e178d/element - {"using":"css selector","value":"#shell-header-logo"}
RESULT: {}
RESULT: {"using":"css selector","value":"#shell-header-logo"}
COMMAND: POST /session/93898e5d8213af02b008b7064a8e178d/execute/sync - {"script":"<script> [8489 bytes]","args":[{"element-6066-11e4-a52e-4f735466cecf":"f.DB6019AE2C79B0A323A25C7C2B3F3E26.d.6D68EC614E0907805424062C18856A17.e.2482","ELEMENT":"f.DB6019AE2C79B0A323A25C7C2B3F3E26.d.6D68EC614E0907805424062C18856A17.e.2482"}]}
RESULT: {"script":"<script> [8489 bytes]","args":[{"element-6066-11e4-a52e-4f735466cecf":"f.DB6019AE2C79B0A323A25C7C2B3F3E26.d.6D68EC614E0907805424062C18856A17.e.2482","ELEMENT":"f.DB6019AE2C79B0A323A25C7C2B3F3E26.d.6D68EC614E0907805424062C18856A17.e.2482"}]}
COMMAND: POST /session/93898e5d8213af02b008b7064a8e178d/element - {"using":"css selector","value":"#shell-header-logo"}
COMMAND: GET /session/93898e5d8213af02b008b7064a8e178d/screenshot - {}
RESULT: {"using":"css selector","value":"#shell-header-logo"}
COMMAND: POST /session/93898e5d8213af02b008b7064a8e178d/execute/sync - {"script":"<script> [8489 bytes]","args":[{"element-6066-11e4-a52e-4f735466cecf":"f.DB6019AE2C79B0A323A25C7C2B3F3E26.d.6D68EC614E0907805424062C18856A17.e.2482","ELEMENT":"f.DB6019AE2C79B0A323A25C7C2B3F3E26.d.6D68EC614E0907805424062C18856A17.e.2482"}]}
RESULT: {}
RESULT: {"script":"<script> [8489 bytes]","args":[{"element-6066-11e4-a52e-4f735466cecf":"f.DB6019AE2C79B0A323A25C7C2B3F3E26.d.6D68EC614E0907805424062C18856A17.e.2482","ELEMENT":"f.DB6019AE2C79B0A323A25C7C2B3F3E26.d.6D68EC614E0907805424062C18856A17.e.2482"}]}
COMMAND: POST /session/93898e5d8213af02b008b7064a8e178d/execute/sync - {"script":"<script> [5351 bytes]","args":[{"element-6066-11e4-a52e-4f735466cecf":"f.DB6019AE2C79B0A323A25C7C2B3F3E26.d.6D68EC614E0907805424062C18856A17.e.2482","ELEMENT":"f.DB6019AE2C79B0A323A25C7C2B3F3E26.d.6D68EC614E0907805424062C18856A17.e.2482"}]}
COMMAND: GET /session/93898e5d8213af02b008b7064a8e178d/screenshot - {}
RESULT: {"script":"<script> [5351 bytes]","args":[{"element-6066-11e4-a52e-4f735466cecf":"f.DB6019AE2C79B0A323A25C7C2B3F3E26.d.6D68EC614E0907805424062C18856A17.e.2482","ELEMENT":"f.DB6019AE2C79B0A323A25C7C2B3F3E26.d.6D68EC614E0907805424062C18856A17.e.2482"}]}
COMMAND: POST /session/93898e5d8213af02b008b7064a8e178d/element - {"using":"css selector","value":"#shell-header-logo"}
COMMAND: GET /session/93898e5d8213af02b008b7064a8e178d/screenshot - {}
RESULT: {}
RESULT: {"using":"css selector","value":"#shell-header-logo"}
COMMAND: POST /session/93898e5d8213af02b008b7064a8e178d/element/f.DB6019AE2C79B0A323A25C7C2B3F3E26.d.6D68EC614E0907805424062C18856A17.e.2482/click - {}
RESULT: {}
RESULT: {}
COMMAND: GET /session/93898e5d8213af02b008b7064a8e178d/screenshot - {}
RESULT: {}
COMMAND: POST /session/93898e5d8213af02b008b7064a8e178d/execute/async - {"script":"<script> [189 bytes]","args":[]}
RESULT: {"script":"<script> [189 bytes]","args":[]}
COMMAND: POST /session/93898e5d8213af02b008b7064a8e178d/execute/async - {"script":"<script> [123 bytes]","args":[]}
RESULT: {"script":"<script> [123 bytes]","args":[]}
COMMAND: POST /session/93898e5d8213af02b008b7064a8e178d/timeouts - {"script":"<number>"}
RESULT: {"script":"<number>"}
COMMAND: GET /session/93898e5d8213af02b008b7064a8e178d/timeouts - {}
RESULT: {}
RESULT: undefined
COMMAND: POST /session/93898e5d8213af02b008b7064a8e178d/execute/async - {"script":"<script> [2676 bytes]","args":[]}
RESULT: {"script":"<script> [2676 bytes]","args":[]}
COMMAND: POST /session/93898e5d8213af02b008b7064a8e178d/execute/async - {"script":"<script> [2342 bytes]","args":[{"protocol":"http","hostname":"0.0.0.0","path":"/","capabilities":{"browserName":"chrome","goog:chromeOptions":{"binary":"C:\\Program Files\\Google\\Chrome\\Application\\chrome.exe","args":["--start-maximized"]}},"logLevel":"warn","connectionRetryTimeout":120000,"connectionRetryCount":3,"logLevels":{},"enableDirectConnect":true,"strictSSL":true,"_":"65 more keys: [\"cacheDir\",\"port\",\"requestedCapabilities\",\"automationProtocol\",\"baseUrl\",\"waitforInterval\",\"waitforTimeout\",\"onReload\",\"beforeCommand\",\"afterCommand\",\"rootDir\",\"specs\",\"suites\",\"exclude\",\"groupLogsByTestSpec\",\"excludeDriverLogs\",\"bail\",\"framework\",\"reporters\",\"services\",\"maxInstances\",\"maxInstancesPerCapability\",\"injectGlobals\",\"filesToWatch\",\"execArgv\",\"runnerEnv\",\"runner\",\"shard\",\"specFileRetries\",\"specFileRetriesDelay\",\"specFileRetriesDeferred\",\"reporterSyncInterval\",\"reporterSyncTimeout\",\"cucumberFeaturesWithLineNumbers\",\"autoCompileOpts\",\"mochaOpts\",\"jasmineOpts\",\"cucumberOpts\",\"onPrepare\",\"onWorkerStart\",\"onWorkerEnd\",\"before\",\"beforeSession\",\"beforeSuite\",\"beforeHook\",\"beforeTest\",\"afterTest\",\"afterHook\",\"afterSuite\",\"afterSession\",\"after\",\"onComplete\",\"beforeAssertion\",\"afterAssertion\",\"beforeFeature\",\"beforeScenario\",\"beforeStep\",\"afterStep\",\"afterScenario\",\"afterFeature\",\"_\",\"suite\",\"$0\",\"ignoredWorkerServices\",\"wdi5\"]"}]}
RESULT: {"script":"<script> [2342 bytes]","args":[{"protocol":"http","hostname":"0.0.0.0","path":"/","capabilities":{"browserName":"chrome","goog:chromeOptions":{"binary":"C:\\Program Files\\Google\\Chrome\\Application\\chrome.exe","args":["--start-maximized"]}},"logLevel":"warn","connectionRetryTimeout":120000,"connectionRetryCount":3,"logLevels":{},"enableDirectConnect":true,"strictSSL":true,"_":"65 more keys: [\"cacheDir\",\"port\",\"requestedCapabilities\",\"automationProtocol\",\"baseUrl\",\"waitforInterval\",\"waitforTimeout\",\"onReload\",\"beforeCommand\",\"afterCommand\",\"rootDir\",\"specs\",\"suites\",\"exclude\",\"groupLogsByTestSpec\",\"excludeDriverLogs\",\"bail\",\"framework\",\"reporters\",\"services\",\"maxInstances\",\"maxInstancesPerCapability\",\"injectGlobals\",\"filesToWatch\",\"execArgv\",\"runnerEnv\",\"runner\",\"shard\",\"specFileRetries\",\"specFileRetriesDelay\",\"specFileRetriesDeferred\",\"reporterSyncInterval\",\"reporterSyncTimeout\",\"cucumberFeaturesWithLineNumbers\",\"autoCompileOpts\",\"mochaOpts\",\"jasmineOpts\",\"cucumberOpts\",\"onPrepare\",\"onWorkerStart\",\"onWorkerEnd\",\"before\",\"beforeSession\",\"beforeSuite\",\"beforeHook\",\"beforeTest\",\"afterTest\",\"afterHook\",\"afterSuite\",\"afterSession\",\"after\",\"onComplete\",\"beforeAssertion\",\"afterAssertion\",\"beforeFeature\",\"beforeScenario\",\"beforeStep\",\"afterStep\",\"afterScenario\",\"afterFeature\",\"_\",\"suite\",\"$0\",\"ignoredWorkerServices\",\"wdi5\"]"}]}
COMMAND: POST /session/93898e5d8213af02b008b7064a8e178d/execute/async - {"script":"<script> [21126 bytes]","args":[35000]}
RESULT: {"script":"<script> [21126 bytes]","args":[35000]}
COMMAND: POST /session/93898e5d8213af02b008b7064a8e178d/window/maximize - {}
RESULT: {}
COMMAND: POST /session/93898e5d8213af02b008b7064a8e178d/execute/async - {"script":"<script> [1562 bytes]","args":[{"selector":{"id":"shell-header","interaction":{"idSuffix":"icon"}},"wdio_ui5_key":"shellheader"}]}
COMMAND: GET /session/93898e5d8213af02b008b7064a8e178d/screenshot - {}
RESULT: {"script":"<script> [1562 bytes]","args":[{"selector":{"id":"shell-header","interaction":{"idSuffix":"icon"}},"wdio_ui5_key":"shellheader"}]}
RESULT: undefined
COMMAND: POST /session/93898e5d8213af02b008b7064a8e178d/refresh - {}
RESULT: {}
RESULT: {}
COMMAND: GET /session/93898e5d8213af02b008b7064a8e178d/screenshot - {}
RESULT: {}
COMMAND: POST /session/93898e5d8213af02b008b7064a8e178d/refresh - {}
RESULT: {}
COMMAND: GET /session/93898e5d8213af02b008b7064a8e178d/screenshot - {}
RESULT: {}
COMMAND: POST /session/93898e5d8213af02b008b7064a8e178d/window/fullscreen - {}
RESULT: {}
COMMAND: POST /session/93898e5d8213af02b008b7064a8e178d/execute/async - {"script":"<script> [189 bytes]","args":[]}
RESULT: {"script":"<script> [189 bytes]","args":[]}
COMMAND: POST /session/93898e5d8213af02b008b7064a8e178d/execute/async - {"script":"<script> [123 bytes]","args":[]}
RESULT: {"script":"<script> [123 bytes]","args":[]}
COMMAND: POST /session/93898e5d8213af02b008b7064a8e178d/timeouts - {"script":"<number>"}
RESULT: {"script":"<number>"}
COMMAND: GET /session/93898e5d8213af02b008b7064a8e178d/timeouts - {}
RESULT: {}
RESULT: undefined
COMMAND: POST /session/93898e5d8213af02b008b7064a8e178d/execute/async - {"script":"<script> [2676 bytes]","args":[]}
RESULT: {"script":"<script> [2676 bytes]","args":[]}
COMMAND: POST /session/93898e5d8213af02b008b7064a8e178d/execute/async - {"script":"<script> [2342 bytes]","args":[{"protocol":"http","hostname":"0.0.0.0","path":"/","capabilities":{"browserName":"chrome","goog:chromeOptions":{"binary":"C:\\Program Files\\Google\\Chrome\\Application\\chrome.exe","args":["--start-maximized"]}},"logLevel":"warn","connectionRetryTimeout":120000,"connectionRetryCount":3,"logLevels":{},"enableDirectConnect":true,"strictSSL":true,"_":"65 more keys: [\"cacheDir\",\"port\",\"requestedCapabilities\",\"automationProtocol\",\"baseUrl\",\"waitforInterval\",\"waitforTimeout\",\"onReload\",\"beforeCommand\",\"afterCommand\",\"rootDir\",\"specs\",\"suites\",\"exclude\",\"groupLogsByTestSpec\",\"excludeDriverLogs\",\"bail\",\"framework\",\"reporters\",\"services\",\"maxInstances\",\"maxInstancesPerCapability\",\"injectGlobals\",\"filesToWatch\",\"execArgv\",\"runnerEnv\",\"runner\",\"shard\",\"specFileRetries\",\"specFileRetriesDelay\",\"specFileRetriesDeferred\",\"reporterSyncInterval\",\"reporterSyncTimeout\",\"cucumberFeaturesWithLineNumbers\",\"autoCompileOpts\",\"mochaOpts\",\"jasmineOpts\",\"cucumberOpts\",\"onPrepare\",\"onWorkerStart\",\"onWorkerEnd\",\"before\",\"beforeSession\",\"beforeSuite\",\"beforeHook\",\"beforeTest\",\"afterTest\",\"afterHook\",\"afterSuite\",\"afterSession\",\"after\",\"onComplete\",\"beforeAssertion\",\"afterAssertion\",\"beforeFeature\",\"beforeScenario\",\"beforeStep\",\"afterStep\",\"afterScenario\",\"afterFeature\",\"_\",\"suite\",\"$0\",\"ignoredWorkerServices\",\"wdi5\"]"}]}
RESULT: {"script":"<script> [2342 bytes]","args":[{"protocol":"http","hostname":"0.0.0.0","path":"/","capabilities":{"browserName":"chrome","goog:chromeOptions":{"binary":"C:\\Program Files\\Google\\Chrome\\Application\\chrome.exe","args":["--start-maximized"]}},"logLevel":"warn","connectionRetryTimeout":120000,"connectionRetryCount":3,"logLevels":{},"enableDirectConnect":true,"strictSSL":true,"_":"65 more keys: [\"cacheDir\",\"port\",\"requestedCapabilities\",\"automationProtocol\",\"baseUrl\",\"waitforInterval\",\"waitforTimeout\",\"onReload\",\"beforeCommand\",\"afterCommand\",\"rootDir\",\"specs\",\"suites\",\"exclude\",\"groupLogsByTestSpec\",\"excludeDriverLogs\",\"bail\",\"framework\",\"reporters\",\"services\",\"maxInstances\",\"maxInstancesPerCapability\",\"injectGlobals\",\"filesToWatch\",\"execArgv\",\"runnerEnv\",\"runner\",\"shard\",\"specFileRetries\",\"specFileRetriesDelay\",\"specFileRetriesDeferred\",\"reporterSyncInterval\",\"reporterSyncTimeout\",\"cucumberFeaturesWithLineNumbers\",\"autoCompileOpts\",\"mochaOpts\",\"jasmineOpts\",\"cucumberOpts\",\"onPrepare\",\"onWorkerStart\",\"onWorkerEnd\",\"before\",\"beforeSession\",\"beforeSuite\",\"beforeHook\",\"beforeTest\",\"afterTest\",\"afterHook\",\"afterSuite\",\"afterSession\",\"after\",\"onComplete\",\"beforeAssertion\",\"afterAssertion\",\"beforeFeature\",\"beforeScenario\",\"beforeStep\",\"afterStep\",\"afterScenario\",\"afterFeature\",\"_\",\"suite\",\"$0\",\"ignoredWorkerServices\",\"wdi5\"]"}]}
COMMAND: POST /session/93898e5d8213af02b008b7064a8e178d/execute/async - {"script":"<script> [21126 bytes]","args":[35000]}
RESULT: {"script":"<script> [21126 bytes]","args":[35000]}
]]></system-out>
    </testcase>
  </testsuite>
  <testsuite timestamp="2025-05-24T17:06:52" time="456.229" tests="6" failures="0" errors="0" skipped="0">
    <properties>
      <property name="specId" value="0"/>
      <property name="suiteName" value="Edit and delete daily price US134629 US134627"/>
      <property name="capabilities" value="chrome.136_0_7103_93.windows"/>
      <property name="file" value="file:///D:/a/1/s/test/specs/BTS/conditions-prices-daily-price.spec.js"/>
    </properties>
    <testcase classname="chrome.136_0_7103_93.windows.Edit_and_delete_daily_price_US134629_US134627" name="Should create a new yard used for all following tests" time="0.014">
      <system-out><![CDATA[
COMMAND: POST /session/93898e5d8213af02b008b7064a8e178d/window/fullscreen - {}
RESULT: {}
]]></system-out>
    </testcase>
    <testcase classname="chrome.136_0_7103_93.windows.Edit_and_delete_daily_price_US134629_US134627" name="Should create a new partner" time="163.663">
      <system-out><![CDATA[
COMMAND: POST /session/93898e5d8213af02b008b7064a8e178d/window/fullscreen - {}
RESULT: {}
COMMAND: POST /session/93898e5d8213af02b008b7064a8e178d/execute/async - {"script":"<script> [1562 bytes]","args":[{"selector":{"controlType":"sap.m.GenericTile","properties":{"header":"Manage Partners"}},"wdio_ui5_key":"sapm.GenericTile{\"header\":\"Manage Partners\"}"}]}
RESULT: {"script":"<script> [1562 bytes]","args":[{"selector":{"controlType":"sap.m.GenericTile","properties":{"header":"Manage Partners"}},"wdio_ui5_key":"sapm.GenericTile{\"header\":\"Manage Partners\"}"}]}
RESULT: undefined
COMMAND: POST /session/93898e5d8213af02b008b7064a8e178d/element - {"using":"xpath","value":"//*[@id=\"__tile38\"]"}
RESULT: {"using":"xpath","value":"//*[@id=\"__tile38\"]"}
COMMAND: POST /session/93898e5d8213af02b008b7064a8e178d/element/f.DB6019AE2C79B0A323A25C7C2B3F3E26.d.F2334C67410391933CA10F7E703D1DDB.e.2634/click - {}
RESULT: {}
COMMAND: GET /session/93898e5d8213af02b008b7064a8e178d/screenshot - {}
RESULT: {}
COMMAND: POST /session/93898e5d8213af02b008b7064a8e178d/elements - {"using":"xpath","value":"//span[text()='Error']"}
RESULT: {"using":"xpath","value":"//span[text()='Error']"}
COMMAND: POST /session/93898e5d8213af02b008b7064a8e178d/element - {"using":"xpath","value":"//button[@data-kt=\"addButton\"]"}
RESULT: {"using":"xpath","value":"//button[@data-kt=\"addButton\"]"}
COMMAND: POST /session/93898e5d8213af02b008b7064a8e178d/elements - {"using":"xpath","value":"//button[@data-kt=\"addButton\"]"}
RESULT: {"using":"xpath","value":"//button[@data-kt=\"addButton\"]"}
COMMAND: POST /session/93898e5d8213af02b008b7064a8e178d/elements - {"using":"xpath","value":"//button[@data-kt=\"addButton\"]"}
RESULT: {"using":"xpath","value":"//button[@data-kt=\"addButton\"]"}
COMMAND: POST /session/93898e5d8213af02b008b7064a8e178d/elements - {"using":"xpath","value":"//button[@data-kt=\"addButton\"]"}
RESULT: {"using":"xpath","value":"//button[@data-kt=\"addButton\"]"}
COMMAND: POST /session/93898e5d8213af02b008b7064a8e178d/elements - {"using":"xpath","value":"//button[@data-kt=\"addButton\"]"}
RESULT: {"using":"xpath","value":"//button[@data-kt=\"addButton\"]"}
COMMAND: POST /session/93898e5d8213af02b008b7064a8e178d/elements - {"using":"xpath","value":"//button[@data-kt=\"addButton\"]"}
RESULT: {"using":"xpath","value":"//button[@data-kt=\"addButton\"]"}
COMMAND: POST /session/93898e5d8213af02b008b7064a8e178d/elements - {"using":"xpath","value":"//button[@data-kt=\"addButton\"]"}
RESULT: {"using":"xpath","value":"//button[@data-kt=\"addButton\"]"}
COMMAND: POST /session/93898e5d8213af02b008b7064a8e178d/elements - {"using":"xpath","value":"//button[@data-kt=\"addButton\"]"}
RESULT: {"using":"xpath","value":"//button[@data-kt=\"addButton\"]"}
COMMAND: POST /session/93898e5d8213af02b008b7064a8e178d/elements - {"using":"xpath","value":"//button[@data-kt=\"addButton\"]"}
RESULT: {"using":"xpath","value":"//button[@data-kt=\"addButton\"]"}
COMMAND: POST /session/93898e5d8213af02b008b7064a8e178d/elements - {"using":"xpath","value":"//button[@data-kt=\"addButton\"]"}
RESULT: {"using":"xpath","value":"//button[@data-kt=\"addButton\"]"}
COMMAND: POST /session/93898e5d8213af02b008b7064a8e178d/elements - {"using":"xpath","value":"//button[@data-kt=\"addButton\"]"}
RESULT: {"using":"xpath","value":"//button[@data-kt=\"addButton\"]"}
COMMAND: POST /session/93898e5d8213af02b008b7064a8e178d/elements - {"using":"xpath","value":"//button[@data-kt=\"addButton\"]"}
RESULT: {"using":"xpath","value":"//button[@data-kt=\"addButton\"]"}
COMMAND: POST /session/93898e5d8213af02b008b7064a8e178d/elements - {"using":"xpath","value":"//button[@data-kt=\"addButton\"]"}
RESULT: {"using":"xpath","value":"//button[@data-kt=\"addButton\"]"}
COMMAND: POST /session/93898e5d8213af02b008b7064a8e178d/element - {"using":"xpath","value":"//button[@data-kt=\"addButton\"]"}
RESULT: {"using":"xpath","value":"//button[@data-kt=\"addButton\"]"}
COMMAND: POST /session/93898e5d8213af02b008b7064a8e178d/execute/sync - {"script":"<script> [8489 bytes]","args":[{"element-6066-11e4-a52e-4f735466cecf":"f.DB6019AE2C79B0A323A25C7C2B3F3E26.d.F2334C67410391933CA10F7E703D1DDB.e.2782","ELEMENT":"f.DB6019AE2C79B0A323A25C7C2B3F3E26.d.F2334C67410391933CA10F7E703D1DDB.e.2782"}]}
RESULT: {"script":"<script> [8489 bytes]","args":[{"element-6066-11e4-a52e-4f735466cecf":"f.DB6019AE2C79B0A323A25C7C2B3F3E26.d.F2334C67410391933CA10F7E703D1DDB.e.2782","ELEMENT":"f.DB6019AE2C79B0A323A25C7C2B3F3E26.d.F2334C67410391933CA10F7E703D1DDB.e.2782"}]}
COMMAND: GET /session/93898e5d8213af02b008b7064a8e178d/element/f.DB6019AE2C79B0A323A25C7C2B3F3E26.d.F2334C67410391933CA10F7E703D1DDB.e.2782/enabled - {}
COMMAND: GET /session/93898e5d8213af02b008b7064a8e178d/screenshot - {}
RESULT: {}
COMMAND: POST /session/93898e5d8213af02b008b7064a8e178d/execute/sync - {"script":"<script> [8489 bytes]","args":[{"element-6066-11e4-a52e-4f735466cecf":"f.DB6019AE2C79B0A323A25C7C2B3F3E26.d.F2334C67410391933CA10F7E703D1DDB.e.2782","ELEMENT":"f.DB6019AE2C79B0A323A25C7C2B3F3E26.d.F2334C67410391933CA10F7E703D1DDB.e.2782"}]}
COMMAND: GET /session/93898e5d8213af02b008b7064a8e178d/screenshot - {}
RESULT: {}
RESULT: {"script":"<script> [8489 bytes]","args":[{"element-6066-11e4-a52e-4f735466cecf":"f.DB6019AE2C79B0A323A25C7C2B3F3E26.d.F2334C67410391933CA10F7E703D1DDB.e.2782","ELEMENT":"f.DB6019AE2C79B0A323A25C7C2B3F3E26.d.F2334C67410391933CA10F7E703D1DDB.e.2782"}]}
COMMAND: POST /session/93898e5d8213af02b008b7064a8e178d/execute/sync - {"script":"<script> [5351 bytes]","args":[{"element-6066-11e4-a52e-4f735466cecf":"f.DB6019AE2C79B0A323A25C7C2B3F3E26.d.F2334C67410391933CA10F7E703D1DDB.e.2782","ELEMENT":"f.DB6019AE2C79B0A323A25C7C2B3F3E26.d.F2334C67410391933CA10F7E703D1DDB.e.2782"}]}
RESULT: {}
COMMAND: GET /session/93898e5d8213af02b008b7064a8e178d/screenshot - {}
RESULT: {"script":"<script> [5351 bytes]","args":[{"element-6066-11e4-a52e-4f735466cecf":"f.DB6019AE2C79B0A323A25C7C2B3F3E26.d.F2334C67410391933CA10F7E703D1DDB.e.2782","ELEMENT":"f.DB6019AE2C79B0A323A25C7C2B3F3E26.d.F2334C67410391933CA10F7E703D1DDB.e.2782"}]}
COMMAND: POST /session/93898e5d8213af02b008b7064a8e178d/element/f.DB6019AE2C79B0A323A25C7C2B3F3E26.d.F2334C67410391933CA10F7E703D1DDB.e.2782/click - {}
COMMAND: GET /session/93898e5d8213af02b008b7064a8e178d/screenshot - {}
RESULT: {}
RESULT: {}
COMMAND: GET /session/93898e5d8213af02b008b7064a8e178d/screenshot - {}
COMMAND: POST /session/93898e5d8213af02b008b7064a8e178d/execute/async - {"script":"<script> [1562 bytes]","args":[{"selector":{"id":"application-managepartners-display-component---NewPartner--addressDetailDetailsName1","interaction":{"idSuffix":"inner"}},"wdio_ui5_key":"applicationmanagepartners-display-component---NewPartner--addressDetailDetailsName1"}]}
RESULT: {}
RESULT: {}
RESULT: {"script":"<script> [1562 bytes]","args":[{"selector":{"id":"application-managepartners-display-component---NewPartner--addressDetailDetailsName1","interaction":{"idSuffix":"inner"}},"wdio_ui5_key":"applicationmanagepartners-display-component---NewPartner--addressDetailDetailsName1"}]}
RESULT: undefined
COMMAND: POST /session/93898e5d8213af02b008b7064a8e178d/execute/async - {"script":"<script> [776 bytes]","args":[{"enterText":"DailyPrice Partner WDIO","selector":{"id":"application-managepartners-display-component---NewPartner--addressDetailDetailsName1","interaction":{"idSuffix":"inner"}},"clearTextFirst":true,"interactionType":"ENTER_TEXT"}]}
RESULT: {"script":"<script> [776 bytes]","args":[{"enterText":"DailyPrice Partner WDIO","selector":{"id":"application-managepartners-display-component---NewPartner--addressDetailDetailsName1","interaction":{"idSuffix":"inner"}},"clearTextFirst":true,"interactionType":"ENTER_TEXT"}]}
COMMAND: POST /session/93898e5d8213af02b008b7064a8e178d/execute/async - {"script":"<script> [1562 bytes]","args":[{"selector":{"id":"application-managepartners-display-component---NewPartner--addressDetailDetailsLanguage-arrow"},"wdio_ui5_key":"applicationmanagepartners-display-component---NewPartner--addressDetailDetailsLanguage-arrow"}]}
RESULT: {"script":"<script> [1562 bytes]","args":[{"selector":{"id":"application-managepartners-display-component---NewPartner--addressDetailDetailsLanguage-arrow"},"wdio_ui5_key":"applicationmanagepartners-display-component---NewPartner--addressDetailDetailsLanguage-arrow"}]}
RESULT: undefined
COMMAND: POST /session/93898e5d8213af02b008b7064a8e178d/element - {"using":"xpath","value":"//*[@id=\"application-managepartners-display-component---NewPartner--addressDetailDetailsLanguage-arrow\"]"}
RESULT: {"using":"xpath","value":"//*[@id=\"application-managepartners-display-component---NewPartner--addressDetailDetailsLanguage-arrow\"]"}
COMMAND: POST /session/93898e5d8213af02b008b7064a8e178d/element/f.DB6019AE2C79B0A323A25C7C2B3F3E26.d.F2334C67410391933CA10F7E703D1DDB.e.3184/click - {}
RESULT: {}
COMMAND: POST /session/93898e5d8213af02b008b7064a8e178d/element - {"using":"xpath","value":"//span[contains(text(), \"English\")]"}
COMMAND: GET /session/93898e5d8213af02b008b7064a8e178d/screenshot - {}
RESULT: {"using":"xpath","value":"//span[contains(text(), \"English\")]"}
COMMAND: POST /session/93898e5d8213af02b008b7064a8e178d/element/f.DB6019AE2C79B0A323A25C7C2B3F3E26.d.F2334C67410391933CA10F7E703D1DDB.e.3185/click - {}
RESULT: {}
RESULT: {}
COMMAND: GET /session/93898e5d8213af02b008b7064a8e178d/screenshot - {}
RESULT: {}
COMMAND: POST /session/93898e5d8213af02b008b7064a8e178d/execute/async - {"script":"<script> [1562 bytes]","args":[{"selector":{"id":"application-managepartners-display-component---NewPartner--addressDetailDetailsCity1","interaction":{"idSuffix":"inner"}},"wdio_ui5_key":"applicationmanagepartners-display-component---NewPartner--addressDetailDetailsCity1"}]}
RESULT: {"script":"<script> [1562 bytes]","args":[{"selector":{"id":"application-managepartners-display-component---NewPartner--addressDetailDetailsCity1","interaction":{"idSuffix":"inner"}},"wdio_ui5_key":"applicationmanagepartners-display-component---NewPartner--addressDetailDetailsCity1"}]}
RESULT: undefined
COMMAND: POST /session/93898e5d8213af02b008b7064a8e178d/execute/async - {"script":"<script> [776 bytes]","args":[{"enterText":"Rosario","selector":{"id":"application-managepartners-display-component---NewPartner--addressDetailDetailsCity1","interaction":{"idSuffix":"inner"}},"clearTextFirst":true,"interactionType":"ENTER_TEXT"}]}
RESULT: {"script":"<script> [776 bytes]","args":[{"enterText":"Rosario","selector":{"id":"application-managepartners-display-component---NewPartner--addressDetailDetailsCity1","interaction":{"idSuffix":"inner"}},"clearTextFirst":true,"interactionType":"ENTER_TEXT"}]}
COMMAND: POST /session/93898e5d8213af02b008b7064a8e178d/execute/async - {"script":"<script> [1562 bytes]","args":[{"selector":{"id":"application-managepartners-display-component---NewPartner--addressDetailDetailsCountry-arrow"},"wdio_ui5_key":"applicationmanagepartners-display-component---NewPartner--addressDetailDetailsCountry-arrow"}]}
RESULT: {"script":"<script> [1562 bytes]","args":[{"selector":{"id":"application-managepartners-display-component---NewPartner--addressDetailDetailsCountry-arrow"},"wdio_ui5_key":"applicationmanagepartners-display-component---NewPartner--addressDetailDetailsCountry-arrow"}]}
RESULT: undefined
COMMAND: POST /session/93898e5d8213af02b008b7064a8e178d/element - {"using":"xpath","value":"//*[@id=\"application-managepartners-display-component---NewPartner--addressDetailDetailsCountry-arrow\"]"}
RESULT: {"using":"xpath","value":"//*[@id=\"application-managepartners-display-component---NewPartner--addressDetailDetailsCountry-arrow\"]"}
COMMAND: POST /session/93898e5d8213af02b008b7064a8e178d/element/f.DB6019AE2C79B0A323A25C7C2B3F3E26.d.F2334C67410391933CA10F7E703D1DDB.e.3135/click - {}
RESULT: {}
COMMAND: POST /session/93898e5d8213af02b008b7064a8e178d/element - {"using":"xpath","value":"//span[contains(text(), \"Argentina\")]"}
COMMAND: GET /session/93898e5d8213af02b008b7064a8e178d/screenshot - {}
RESULT: {"using":"xpath","value":"//span[contains(text(), \"Argentina\")]"}
COMMAND: POST /session/93898e5d8213af02b008b7064a8e178d/element/f.DB6019AE2C79B0A323A25C7C2B3F3E26.d.F2334C67410391933CA10F7E703D1DDB.e.3187/click - {}
RESULT: {}
RESULT: {}
COMMAND: GET /session/93898e5d8213af02b008b7064a8e178d/screenshot - {}
RESULT: {}
COMMAND: POST /session/93898e5d8213af02b008b7064a8e178d/element - {"using":"xpath","value":"//bdi[contains(text(), \"Commercial\")]"}
RESULT: {"using":"xpath","value":"//bdi[contains(text(), \"Commercial\")]"}
COMMAND: POST /session/93898e5d8213af02b008b7064a8e178d/element/f.DB6019AE2C79B0A323A25C7C2B3F3E26.d.F2334C67410391933CA10F7E703D1DDB.e.3188/click - {}
RESULT: {}
COMMAND: GET /session/93898e5d8213af02b008b7064a8e178d/screenshot - {}
RESULT: {}
COMMAND: POST /session/93898e5d8213af02b008b7064a8e178d/execute/async - {"script":"<script> [1562 bytes]","args":[{"selector":{"id":"application-managepartners-display-component---NewPartner--partnerDetailInternal-arrow"},"wdio_ui5_key":"applicationmanagepartners-display-component---NewPartner--partnerDetailInternal-arrow"}]}
RESULT: {"script":"<script> [1562 bytes]","args":[{"selector":{"id":"application-managepartners-display-component---NewPartner--partnerDetailInternal-arrow"},"wdio_ui5_key":"applicationmanagepartners-display-component---NewPartner--partnerDetailInternal-arrow"}]}
RESULT: undefined
COMMAND: POST /session/93898e5d8213af02b008b7064a8e178d/element - {"using":"xpath","value":"//*[@id=\"application-managepartners-display-component---NewPartner--partnerDetailInternal-arrow\"]"}
RESULT: {"using":"xpath","value":"//*[@id=\"application-managepartners-display-component---NewPartner--partnerDetailInternal-arrow\"]"}
COMMAND: POST /session/93898e5d8213af02b008b7064a8e178d/element/f.DB6019AE2C79B0A323A25C7C2B3F3E26.d.F2334C67410391933CA10F7E703D1DDB.e.3194/click - {}
RESULT: {}
COMMAND: POST /session/93898e5d8213af02b008b7064a8e178d/element - {"using":"xpath","value":"//span[contains(text(), \"Affiliated company\")]"}
COMMAND: GET /session/93898e5d8213af02b008b7064a8e178d/screenshot - {}
RESULT: {"using":"xpath","value":"//span[contains(text(), \"Affiliated company\")]"}
COMMAND: POST /session/93898e5d8213af02b008b7064a8e178d/element/f.DB6019AE2C79B0A323A25C7C2B3F3E26.d.F2334C67410391933CA10F7E703D1DDB.e.3195/click - {}
RESULT: {}
RESULT: {}
COMMAND: POST /session/93898e5d8213af02b008b7064a8e178d/execute/async - {"script":"<script> [1562 bytes]","args":[{"selector":{"id":"application-managepartners-display-component---NewPartner--partnerDetailsCurrency-arrow"},"wdio_ui5_key":"applicationmanagepartners-display-component---NewPartner--partnerDetailsCurrency-arrow"}]}
COMMAND: GET /session/93898e5d8213af02b008b7064a8e178d/screenshot - {}
RESULT: {"script":"<script> [1562 bytes]","args":[{"selector":{"id":"application-managepartners-display-component---NewPartner--partnerDetailsCurrency-arrow"},"wdio_ui5_key":"applicationmanagepartners-display-component---NewPartner--partnerDetailsCurrency-arrow"}]}
RESULT: undefined
COMMAND: POST /session/93898e5d8213af02b008b7064a8e178d/element - {"using":"xpath","value":"//*[@id=\"application-managepartners-display-component---NewPartner--partnerDetailsCurrency-arrow\"]"}
RESULT: {}
RESULT: {"using":"xpath","value":"//*[@id=\"application-managepartners-display-component---NewPartner--partnerDetailsCurrency-arrow\"]"}
COMMAND: POST /session/93898e5d8213af02b008b7064a8e178d/element/f.DB6019AE2C79B0A323A25C7C2B3F3E26.d.F2334C67410391933CA10F7E703D1DDB.e.3202/click - {}
RESULT: {}
COMMAND: POST /session/93898e5d8213af02b008b7064a8e178d/element - {"using":"xpath","value":"//span[contains(text(), \"Euro\")]"}
COMMAND: GET /session/93898e5d8213af02b008b7064a8e178d/screenshot - {}
RESULT: {"using":"xpath","value":"//span[contains(text(), \"Euro\")]"}
COMMAND: POST /session/93898e5d8213af02b008b7064a8e178d/element/f.DB6019AE2C79B0A323A25C7C2B3F3E26.d.F2334C67410391933CA10F7E703D1DDB.e.3203/click - {}
RESULT: {}
RESULT: {}
COMMAND: POST /session/93898e5d8213af02b008b7064a8e178d/execute/async - {"script":"<script> [1562 bytes]","args":[{"selector":{"id":"application-managepartners-display-component---NewPartner--addressEditDetailsCostObjectCstType-arrow"},"wdio_ui5_key":"applicationmanagepartners-display-component---NewPartner--addressEditDetailsCostObjectCstType-arrow"}]}
COMMAND: GET /session/93898e5d8213af02b008b7064a8e178d/screenshot - {}
RESULT: {"script":"<script> [1562 bytes]","args":[{"selector":{"id":"application-managepartners-display-component---NewPartner--addressEditDetailsCostObjectCstType-arrow"},"wdio_ui5_key":"applicationmanagepartners-display-component---NewPartner--addressEditDetailsCostObjectCstType-arrow"}]}
RESULT: undefined
COMMAND: POST /session/93898e5d8213af02b008b7064a8e178d/element - {"using":"xpath","value":"//*[@id=\"application-managepartners-display-component---NewPartner--addressEditDetailsCostObjectCstType-arrow\"]"}
RESULT: {}
RESULT: {"using":"xpath","value":"//*[@id=\"application-managepartners-display-component---NewPartner--addressEditDetailsCostObjectCstType-arrow\"]"}
COMMAND: POST /session/93898e5d8213af02b008b7064a8e178d/element/f.DB6019AE2C79B0A323A25C7C2B3F3E26.d.F2334C67410391933CA10F7E703D1DDB.e.3204/click - {}
RESULT: {}
COMMAND: POST /session/93898e5d8213af02b008b7064a8e178d/element - {"using":"xpath","value":"//span[contains(text(), \"Cost Center\")]"}
COMMAND: GET /session/93898e5d8213af02b008b7064a8e178d/screenshot - {}
RESULT: {"using":"xpath","value":"//span[contains(text(), \"Cost Center\")]"}
COMMAND: POST /session/93898e5d8213af02b008b7064a8e178d/element/f.DB6019AE2C79B0A323A25C7C2B3F3E26.d.F2334C67410391933CA10F7E703D1DDB.e.3205/click - {}
RESULT: {}
RESULT: {}
COMMAND: GET /session/93898e5d8213af02b008b7064a8e178d/screenshot - {}
RESULT: {}
COMMAND: POST /session/93898e5d8213af02b008b7064a8e178d/element - {"using":"xpath","value":"//span[@id=\"application-managepartners-display-component---NewPartner--addressNewCostObjectCstID-vhi\"]"}
RESULT: {"using":"xpath","value":"//span[@id=\"application-managepartners-display-component---NewPartner--addressNewCostObjectCstID-vhi\"]"}
COMMAND: POST /session/93898e5d8213af02b008b7064a8e178d/execute/sync - {"script":"<script> [8489 bytes]","args":[{"element-6066-11e4-a52e-4f735466cecf":"f.DB6019AE2C79B0A323A25C7C2B3F3E26.d.F2334C67410391933CA10F7E703D1DDB.e.3209","ELEMENT":"f.DB6019AE2C79B0A323A25C7C2B3F3E26.d.F2334C67410391933CA10F7E703D1DDB.e.3209"}]}
RESULT: {"script":"<script> [8489 bytes]","args":[{"element-6066-11e4-a52e-4f735466cecf":"f.DB6019AE2C79B0A323A25C7C2B3F3E26.d.F2334C67410391933CA10F7E703D1DDB.e.3209","ELEMENT":"f.DB6019AE2C79B0A323A25C7C2B3F3E26.d.F2334C67410391933CA10F7E703D1DDB.e.3209"}]}
COMMAND: POST /session/93898e5d8213af02b008b7064a8e178d/execute/async - {"script":"<script> [1562 bytes]","args":[{"selector":{"id":"application-managepartners-display-component---NewPartner--addressNewCostObjectCstID-vhi"},"wdio_ui5_key":"applicationmanagepartners-display-component---NewPartner--addressNewCostObjectCstID-vhi"}]}
COMMAND: GET /session/93898e5d8213af02b008b7064a8e178d/screenshot - {}
RESULT: {"script":"<script> [1562 bytes]","args":[{"selector":{"id":"application-managepartners-display-component---NewPartner--addressNewCostObjectCstID-vhi"},"wdio_ui5_key":"applicationmanagepartners-display-component---NewPartner--addressNewCostObjectCstID-vhi"}]}
RESULT: undefined
COMMAND: POST /session/93898e5d8213af02b008b7064a8e178d/element - {"using":"xpath","value":"//*[@id=\"application-managepartners-display-component---NewPartner--addressNewCostObjectCstID-vhi\"]"}
RESULT: {}
RESULT: {"using":"xpath","value":"//*[@id=\"application-managepartners-display-component---NewPartner--addressNewCostObjectCstID-vhi\"]"}
COMMAND: POST /session/93898e5d8213af02b008b7064a8e178d/element/f.DB6019AE2C79B0A323A25C7C2B3F3E26.d.F2334C67410391933CA10F7E703D1DDB.e.3209/click - {}
RESULT: {}
COMMAND: GET /session/93898e5d8213af02b008b7064a8e178d/screenshot - {}
RESULT: {}
COMMAND: POST /session/93898e5d8213af02b008b7064a8e178d/execute/async - {"script":"<script> [1562 bytes]","args":[{"selector":{"controlType":"sap.m.SearchField","properties":{"placeholder":"Search"},"searchOpenDialogs":true,"interaction":{"idSuffix":"I"}},"wdio_ui5_key":"sapm.SearchField{\"placeholder\":\"Search\"}"}]}
RESULT: {"script":"<script> [1562 bytes]","args":[{"selector":{"controlType":"sap.m.SearchField","properties":{"placeholder":"Search"},"searchOpenDialogs":true,"interaction":{"idSuffix":"I"}},"wdio_ui5_key":"sapm.SearchField{\"placeholder\":\"Search\"}"}]}
RESULT: undefined
COMMAND: POST /session/93898e5d8213af02b008b7064a8e178d/execute/async - {"script":"<script> [776 bytes]","args":[{"enterText":"10001013","selector":{"controlType":"sap.m.SearchField","properties":{"placeholder":"Search"},"searchOpenDialogs":true,"interaction":{"idSuffix":"I"}},"clearTextFirst":true,"interactionType":"ENTER_TEXT"}]}
RESULT: {"script":"<script> [776 bytes]","args":[{"enterText":"10001013","selector":{"controlType":"sap.m.SearchField","properties":{"placeholder":"Search"},"searchOpenDialogs":true,"interaction":{"idSuffix":"I"}},"clearTextFirst":true,"interactionType":"ENTER_TEXT"}]}
COMMAND: POST /session/93898e5d8213af02b008b7064a8e178d/actions - {"actions":[{"id":"action7","type":"key","parameters":{},"actions":[{"type":"keyDown","value":""},{"type":"pause","duration":10},{"type":"keyUp","value":""}]}]}
RESULT: {"actions":[{"id":"action7","type":"key","parameters":{},"actions":[{"type":"keyDown","value":""},{"type":"pause","duration":10},{"type":"keyUp","value":""}]}]}
COMMAND: GET /session/93898e5d8213af02b008b7064a8e178d/screenshot - {}
RESULT: {}
COMMAND: POST /session/93898e5d8213af02b008b7064a8e178d/element - {"using":"xpath","value":"//span[contains(text(), \"General Management\")]"}
RESULT: {"using":"xpath","value":"//span[contains(text(), \"General Management\")]"}
COMMAND: POST /session/93898e5d8213af02b008b7064a8e178d/element/f.DB6019AE2C79B0A323A25C7C2B3F3E26.d.F2334C67410391933CA10F7E703D1DDB.e.3250/click - {}
RESULT: {}
COMMAND: GET /session/93898e5d8213af02b008b7064a8e178d/screenshot - {}
RESULT: {}
COMMAND: POST /session/93898e5d8213af02b008b7064a8e178d/element - {"using":"xpath","value":"//bdi[contains(text(), \"OK\")]"}
RESULT: {"using":"xpath","value":"//bdi[contains(text(), \"OK\")]"}
COMMAND: POST /session/93898e5d8213af02b008b7064a8e178d/element/f.DB6019AE2C79B0A323A25C7C2B3F3E26.d.F2334C67410391933CA10F7E703D1DDB.e.3251/click - {}
RESULT: {}
COMMAND: GET /session/93898e5d8213af02b008b7064a8e178d/screenshot - {}
RESULT: {}
COMMAND: POST /session/93898e5d8213af02b008b7064a8e178d/element - {"using":"xpath","value":"//input[@id=\"application-managepartners-display-component---NewPartner--companyCodeComboBox-inner\"]"}
RESULT: {"using":"xpath","value":"//input[@id=\"application-managepartners-display-component---NewPartner--companyCodeComboBox-inner\"]"}
COMMAND: POST /session/93898e5d8213af02b008b7064a8e178d/element/f.DB6019AE2C79B0A323A25C7C2B3F3E26.d.F2334C67410391933CA10F7E703D1DDB.e.3050/clear - {}
RESULT: {}
COMMAND: POST /session/93898e5d8213af02b008b7064a8e178d/element/f.DB6019AE2C79B0A323A25C7C2B3F3E26.d.F2334C67410391933CA10F7E703D1DDB.e.3050/value - {"text":"C002"}
COMMAND: GET /session/93898e5d8213af02b008b7064a8e178d/screenshot - {}
RESULT: {"text":"C002"}
COMMAND: GET /session/93898e5d8213af02b008b7064a8e178d/screenshot - {}
RESULT: {}
RESULT: {}
COMMAND: POST /session/93898e5d8213af02b008b7064a8e178d/element - {"using":"xpath","value":"//li[.//span[text()= \"C002\"]]"}
RESULT: {"using":"xpath","value":"//li[.//span[text()= \"C002\"]]"}
COMMAND: POST /session/93898e5d8213af02b008b7064a8e178d/element/f.DB6019AE2C79B0A323A25C7C2B3F3E26.d.F2334C67410391933CA10F7E703D1DDB.e.3257/click - {}
RESULT: {}
COMMAND: GET /session/93898e5d8213af02b008b7064a8e178d/screenshot - {}
RESULT: {}
COMMAND: POST /session/93898e5d8213af02b008b7064a8e178d/execute/async - {"script":"<script> [1562 bytes]","args":[{"selector":{"id":"application-managepartners-display-component---NewPartner--btnAddTableRow-img"},"wdio_ui5_key":"applicationmanagepartners-display-component---NewPartner--btnAddTableRow-img"}]}
RESULT: {"script":"<script> [1562 bytes]","args":[{"selector":{"id":"application-managepartners-display-component---NewPartner--btnAddTableRow-img"},"wdio_ui5_key":"applicationmanagepartners-display-component---NewPartner--btnAddTableRow-img"}]}
RESULT: undefined
COMMAND: POST /session/93898e5d8213af02b008b7064a8e178d/element - {"using":"xpath","value":"//*[@id=\"application-managepartners-display-component---NewPartner--btnAddTableRow-img\"]"}
RESULT: {"using":"xpath","value":"//*[@id=\"application-managepartners-display-component---NewPartner--btnAddTableRow-img\"]"}
COMMAND: POST /session/93898e5d8213af02b008b7064a8e178d/element/f.DB6019AE2C79B0A323A25C7C2B3F3E26.d.F2334C67410391933CA10F7E703D1DDB.e.3258/click - {}
RESULT: {}
COMMAND: GET /session/93898e5d8213af02b008b7064a8e178d/screenshot - {}
RESULT: {}
COMMAND: POST /session/93898e5d8213af02b008b7064a8e178d/element - {"using":"xpath","value":"//input[@id=\"application-managepartners-display-component---NewPartner--assignmentYard-application-managepartners-display-component---NewPartner--assignmentsTable-0-inner\"]"}
RESULT: {"using":"xpath","value":"//input[@id=\"application-managepartners-display-component---NewPartner--assignmentYard-application-managepartners-display-component---NewPartner--assignmentsTable-0-inner\"]"}
COMMAND: POST /session/93898e5d8213af02b008b7064a8e178d/element/f.DB6019AE2C79B0A323A25C7C2B3F3E26.d.F2334C67410391933CA10F7E703D1DDB.e.3261/clear - {}
RESULT: {}
COMMAND: POST /session/93898e5d8213af02b008b7064a8e178d/element/f.DB6019AE2C79B0A323A25C7C2B3F3E26.d.F2334C67410391933CA10F7E703D1DDB.e.3261/value - {"text":"253"}
COMMAND: GET /session/93898e5d8213af02b008b7064a8e178d/screenshot - {}
RESULT: {"text":"253"}
COMMAND: GET /session/93898e5d8213af02b008b7064a8e178d/screenshot - {}
RESULT: {}
RESULT: {}
COMMAND: POST /session/93898e5d8213af02b008b7064a8e178d/element - {"using":"xpath","value":"//li[.//span[text()='253']]"}
RESULT: {"using":"xpath","value":"//li[.//span[text()='253']]"}
COMMAND: POST /session/93898e5d8213af02b008b7064a8e178d/element/f.DB6019AE2C79B0A323A25C7C2B3F3E26.d.F2334C67410391933CA10F7E703D1DDB.e.3270/click - {}
RESULT: {}
COMMAND: GET /session/93898e5d8213af02b008b7064a8e178d/screenshot - {}
RESULT: {}
COMMAND: POST /session/93898e5d8213af02b008b7064a8e178d/actions - {"actions":[{"id":"action8","type":"key","parameters":{},"actions":[{"type":"keyDown","value":""},{"type":"pause","duration":10},{"type":"keyUp","value":""}]}]}
RESULT: {"actions":[{"id":"action8","type":"key","parameters":{},"actions":[{"type":"keyDown","value":""},{"type":"pause","duration":10},{"type":"keyUp","value":""}]}]}
COMMAND: POST /session/93898e5d8213af02b008b7064a8e178d/execute/async - {"script":"<script> [1562 bytes]","args":[{"selector":{"id":"application-managepartners-display-component---NewPartner--externalCustomerComboBox-application-managepartners-display-component---NewPartner--assignmentsTable-0-vhi"},"wdio_ui5_key":"applicationmanagepartners-display-component---NewPartner--externalCustomerComboBox-application-managepartners-display-component---NewPartner--assignmentsTable-0-vhi"}]}
COMMAND: GET /session/93898e5d8213af02b008b7064a8e178d/screenshot - {}
RESULT: {"script":"<script> [1562 bytes]","args":[{"selector":{"id":"application-managepartners-display-component---NewPartner--externalCustomerComboBox-application-managepartners-display-component---NewPartner--assignmentsTable-0-vhi"},"wdio_ui5_key":"applicationmanagepartners-display-component---NewPartner--externalCustomerComboBox-application-managepartners-display-component---NewPartner--assignmentsTable-0-vhi"}]}
RESULT: undefined
COMMAND: POST /session/93898e5d8213af02b008b7064a8e178d/element - {"using":"xpath","value":"//*[@id=\"application-managepartners-display-component---NewPartner--externalCustomerComboBox-application-managepartners-display-component---NewPartner--assignmentsTable-0-vhi\"]"}
RESULT: {}
RESULT: {"using":"xpath","value":"//*[@id=\"application-managepartners-display-component---NewPartner--externalCustomerComboBox-application-managepartners-display-component---NewPartner--assignmentsTable-0-vhi\"]"}
COMMAND: POST /session/93898e5d8213af02b008b7064a8e178d/element/f.DB6019AE2C79B0A323A25C7C2B3F3E26.d.F2334C67410391933CA10F7E703D1DDB.e.3274/click - {}
RESULT: {}
RESULT: undefined
COMMAND: POST /session/93898e5d8213af02b008b7064a8e178d/execute/async - {"script":"<script> [776 bytes]","args":[{"enterText":"300003","selector":{"controlType":"sap.m.SearchField","properties":{"placeholder":"Search"},"searchOpenDialogs":true,"interaction":{"idSuffix":"I"}},"clearTextFirst":true,"interactionType":"ENTER_TEXT"}]}
COMMAND: GET /session/93898e5d8213af02b008b7064a8e178d/screenshot - {}
RESULT: {"script":"<script> [776 bytes]","args":[{"enterText":"300003","selector":{"controlType":"sap.m.SearchField","properties":{"placeholder":"Search"},"searchOpenDialogs":true,"interaction":{"idSuffix":"I"}},"clearTextFirst":true,"interactionType":"ENTER_TEXT"}]}
COMMAND: POST /session/93898e5d8213af02b008b7064a8e178d/actions - {"actions":[{"id":"action9","type":"key","parameters":{},"actions":[{"type":"keyDown","value":""},{"type":"pause","duration":10},{"type":"keyUp","value":""}]}]}
RESULT: {}
RESULT: {"actions":[{"id":"action9","type":"key","parameters":{},"actions":[{"type":"keyDown","value":""},{"type":"pause","duration":10},{"type":"keyUp","value":""}]}]}
COMMAND: GET /session/93898e5d8213af02b008b7064a8e178d/screenshot - {}
RESULT: {}
COMMAND: POST /session/93898e5d8213af02b008b7064a8e178d/element - {"using":"xpath","value":"//span[contains(text(), \"300003\")]"}
RESULT: {"using":"xpath","value":"//span[contains(text(), \"300003\")]"}
COMMAND: POST /session/93898e5d8213af02b008b7064a8e178d/element/f.DB6019AE2C79B0A323A25C7C2B3F3E26.d.F2334C67410391933CA10F7E703D1DDB.e.3292/click - {}
RESULT: {}
COMMAND: GET /session/93898e5d8213af02b008b7064a8e178d/screenshot - {}
RESULT: {}
COMMAND: POST /session/93898e5d8213af02b008b7064a8e178d/element - {"using":"xpath","value":"//bdi[contains(text(), \"OK\")]"}
RESULT: {"using":"xpath","value":"//bdi[contains(text(), \"OK\")]"}
COMMAND: POST /session/93898e5d8213af02b008b7064a8e178d/element/f.DB6019AE2C79B0A323A25C7C2B3F3E26.d.F2334C67410391933CA10F7E703D1DDB.e.3294/click - {}
RESULT: {}
COMMAND: GET /session/93898e5d8213af02b008b7064a8e178d/screenshot - {}
RESULT: {}
COMMAND: POST /session/93898e5d8213af02b008b7064a8e178d/execute/async - {"script":"<script> [1562 bytes]","args":[{"selector":{"id":"application-managepartners-display-component---NewPartner--intercompVendorComboBox-application-managepartners-display-component---NewPartner--assignmentsTable-0-vhi"},"wdio_ui5_key":"applicationmanagepartners-display-component---NewPartner--intercompVendorComboBox-application-managepartners-display-component---NewPartner--assignmentsTable-0-vhi"}]}
RESULT: {"script":"<script> [1562 bytes]","args":[{"selector":{"id":"application-managepartners-display-component---NewPartner--intercompVendorComboBox-application-managepartners-display-component---NewPartner--assignmentsTable-0-vhi"},"wdio_ui5_key":"applicationmanagepartners-display-component---NewPartner--intercompVendorComboBox-application-managepartners-display-component---NewPartner--assignmentsTable-0-vhi"}]}
RESULT: undefined
COMMAND: POST /session/93898e5d8213af02b008b7064a8e178d/element - {"using":"xpath","value":"//*[@id=\"application-managepartners-display-component---NewPartner--intercompVendorComboBox-application-managepartners-display-component---NewPartner--assignmentsTable-0-vhi\"]"}
RESULT: {"using":"xpath","value":"//*[@id=\"application-managepartners-display-component---NewPartner--intercompVendorComboBox-application-managepartners-display-component---NewPartner--assignmentsTable-0-vhi\"]"}
COMMAND: POST /session/93898e5d8213af02b008b7064a8e178d/element/f.DB6019AE2C79B0A323A25C7C2B3F3E26.d.F2334C67410391933CA10F7E703D1DDB.e.3298/click - {}
RESULT: {}
RESULT: undefined
COMMAND: POST /session/93898e5d8213af02b008b7064a8e178d/execute/async - {"script":"<script> [776 bytes]","args":[{"enterText":"100005","selector":{"controlType":"sap.m.SearchField","properties":{"placeholder":"Search"},"searchOpenDialogs":true,"interaction":{"idSuffix":"I"}},"clearTextFirst":true,"interactionType":"ENTER_TEXT"}]}
COMMAND: GET /session/93898e5d8213af02b008b7064a8e178d/screenshot - {}
RESULT: {"script":"<script> [776 bytes]","args":[{"enterText":"100005","selector":{"controlType":"sap.m.SearchField","properties":{"placeholder":"Search"},"searchOpenDialogs":true,"interaction":{"idSuffix":"I"}},"clearTextFirst":true,"interactionType":"ENTER_TEXT"}]}
COMMAND: POST /session/93898e5d8213af02b008b7064a8e178d/actions - {"actions":[{"id":"action10","type":"key","parameters":{},"actions":[{"type":"keyDown","value":""},{"type":"pause","duration":10},{"type":"keyUp","value":""}]}]}
RESULT: {}
RESULT: {"actions":[{"id":"action10","type":"key","parameters":{},"actions":[{"type":"keyDown","value":""},{"type":"pause","duration":10},{"type":"keyUp","value":""}]}]}
COMMAND: GET /session/93898e5d8213af02b008b7064a8e178d/screenshot - {}
RESULT: {}
COMMAND: POST /session/93898e5d8213af02b008b7064a8e178d/element - {"using":"xpath","value":"//span[contains(text(), \"Penguins - Field/12345 Berlin\")]"}
RESULT: {"using":"xpath","value":"//span[contains(text(), \"Penguins - Field/12345 Berlin\")]"}
COMMAND: POST /session/93898e5d8213af02b008b7064a8e178d/element/f.DB6019AE2C79B0A323A25C7C2B3F3E26.d.F2334C67410391933CA10F7E703D1DDB.e.3316/click - {}
RESULT: {}
COMMAND: GET /session/93898e5d8213af02b008b7064a8e178d/screenshot - {}
RESULT: {}
COMMAND: POST /session/93898e5d8213af02b008b7064a8e178d/element - {"using":"xpath","value":"//bdi[contains(text(), \"OK\")]"}
RESULT: {"using":"xpath","value":"//bdi[contains(text(), \"OK\")]"}
COMMAND: POST /session/93898e5d8213af02b008b7064a8e178d/element/f.DB6019AE2C79B0A323A25C7C2B3F3E26.d.F2334C67410391933CA10F7E703D1DDB.e.3317/click - {}
RESULT: {}
COMMAND: GET /session/93898e5d8213af02b008b7064a8e178d/screenshot - {}
RESULT: {}
COMMAND: POST /session/93898e5d8213af02b008b7064a8e178d/element - {"using":"xpath","value":"//button[@data-kt=\"saveButton\"]"}
RESULT: {"using":"xpath","value":"//button[@data-kt=\"saveButton\"]"}
COMMAND: POST /session/93898e5d8213af02b008b7064a8e178d/element/f.DB6019AE2C79B0A323A25C7C2B3F3E26.d.F2334C67410391933CA10F7E703D1DDB.e.3093/click - {}
RESULT: {}
COMMAND: GET /session/93898e5d8213af02b008b7064a8e178d/screenshot - {}
RESULT: {}
COMMAND: POST /session/93898e5d8213af02b008b7064a8e178d/element - {"using":"xpath","value":"//header[contains(@id, 'ObjectPageLayout-headerTitle')]/div[1]/div[2]/div[2]/span[1]"}
RESULT: {"using":"xpath","value":"//header[contains(@id, 'ObjectPageLayout-headerTitle')]/div[1]/div[2]/div[2]/span[1]"}
COMMAND: POST /session/93898e5d8213af02b008b7064a8e178d/elements - {"using":"xpath","value":"//header[contains(@id, 'ObjectPageLayout-headerTitle')]/div[1]/div[2]/div[2]/span[1]"}
RESULT: {"using":"xpath","value":"//header[contains(@id, 'ObjectPageLayout-headerTitle')]/div[1]/div[2]/div[2]/span[1]"}
COMMAND: POST /session/93898e5d8213af02b008b7064a8e178d/execute/sync - {"script":"<script> [56 bytes]","args":[{"element-6066-11e4-a52e-4f735466cecf":"f.DB6019AE2C79B0A323A25C7C2B3F3E26.d.F2334C67410391933CA10F7E703D1DDB.e.3479","ELEMENT":"f.DB6019AE2C79B0A323A25C7C2B3F3E26.d.F2334C67410391933CA10F7E703D1DDB.e.3479"}]}
RESULT: {"script":"<script> [56 bytes]","args":[{"element-6066-11e4-a52e-4f735466cecf":"f.DB6019AE2C79B0A323A25C7C2B3F3E26.d.F2334C67410391933CA10F7E703D1DDB.e.3479","ELEMENT":"f.DB6019AE2C79B0A323A25C7C2B3F3E26.d.F2334C67410391933CA10F7E703D1DDB.e.3479"}]}
COMMAND: POST /session/93898e5d8213af02b008b7064a8e178d/element - {"using":"css selector","value":"#shell-header-logo"}
COMMAND: GET /session/93898e5d8213af02b008b7064a8e178d/screenshot - {}
RESULT: {"using":"css selector","value":"#shell-header-logo"}
COMMAND: POST /session/93898e5d8213af02b008b7064a8e178d/element/f.DB6019AE2C79B0A323A25C7C2B3F3E26.d.F2334C67410391933CA10F7E703D1DDB.e.2747/click - {}
RESULT: {}
RESULT: {}
COMMAND: GET /session/93898e5d8213af02b008b7064a8e178d/screenshot - {}
RESULT: {}
COMMAND: POST /session/93898e5d8213af02b008b7064a8e178d/execute/sync - {"script":"<script> [299 bytes]","args":[["getModel","getResource"]]}
RESULT: {"script":"<script> [299 bytes]","args":[["getModel","getResource"]]}
]]></system-out>
    </testcase>
    <testcase classname="chrome.136_0_7103_93.windows.Edit_and_delete_daily_price_US134629_US134627" name="Should create a new site used for following tests" time="104.535">
      <system-out><![CDATA[
COMMAND: POST /session/93898e5d8213af02b008b7064a8e178d/execute/async - {"script":"<script> [1562 bytes]","args":[{"selector":{"controlType":"sap.m.GenericTile","properties":{"header":"Manage Sites"}},"wdio_ui5_key":"sapm.GenericTile{\"header\":\"Manage Sites\"}"}]}
COMMAND: GET /session/93898e5d8213af02b008b7064a8e178d/screenshot - {}
RESULT: {"script":"<script> [1562 bytes]","args":[{"selector":{"controlType":"sap.m.GenericTile","properties":{"header":"Manage Sites"}},"wdio_ui5_key":"sapm.GenericTile{\"header\":\"Manage Sites\"}"}]}
RESULT: undefined
COMMAND: POST /session/93898e5d8213af02b008b7064a8e178d/element - {"using":"xpath","value":"//*[@id=\"__tile40\"]"}
RESULT: {}
RESULT: {"using":"xpath","value":"//*[@id=\"__tile40\"]"}
COMMAND: POST /session/93898e5d8213af02b008b7064a8e178d/element/f.DB6019AE2C79B0A323A25C7C2B3F3E26.d.F2334C67410391933CA10F7E703D1DDB.e.2640/click - {}
RESULT: {}
COMMAND: GET /session/93898e5d8213af02b008b7064a8e178d/screenshot - {}
RESULT: {}
COMMAND: POST /session/93898e5d8213af02b008b7064a8e178d/elements - {"using":"xpath","value":"//span[text()='Error']"}
RESULT: {"using":"xpath","value":"//span[text()='Error']"}
COMMAND: POST /session/93898e5d8213af02b008b7064a8e178d/element - {"using":"xpath","value":"//button[@data-kt=\"addOverflowToolbarButton\"]"}
RESULT: {"using":"xpath","value":"//button[@data-kt=\"addOverflowToolbarButton\"]"}
COMMAND: POST /session/93898e5d8213af02b008b7064a8e178d/elements - {"using":"xpath","value":"//button[@data-kt=\"addOverflowToolbarButton\"]"}
RESULT: {"using":"xpath","value":"//button[@data-kt=\"addOverflowToolbarButton\"]"}
COMMAND: POST /session/93898e5d8213af02b008b7064a8e178d/execute/sync - {"script":"<script> [8489 bytes]","args":[{"element-6066-11e4-a52e-4f735466cecf":"f.DB6019AE2C79B0A323A25C7C2B3F3E26.d.F2334C67410391933CA10F7E703D1DDB.e.3527","ELEMENT":"f.DB6019AE2C79B0A323A25C7C2B3F3E26.d.F2334C67410391933CA10F7E703D1DDB.e.3527"}]}
RESULT: {"script":"<script> [8489 bytes]","args":[{"element-6066-11e4-a52e-4f735466cecf":"f.DB6019AE2C79B0A323A25C7C2B3F3E26.d.F2334C67410391933CA10F7E703D1DDB.e.3527","ELEMENT":"f.DB6019AE2C79B0A323A25C7C2B3F3E26.d.F2334C67410391933CA10F7E703D1DDB.e.3527"}]}
COMMAND: GET /session/93898e5d8213af02b008b7064a8e178d/element/f.DB6019AE2C79B0A323A25C7C2B3F3E26.d.F2334C67410391933CA10F7E703D1DDB.e.3527/enabled - {}
COMMAND: GET /session/93898e5d8213af02b008b7064a8e178d/screenshot - {}
RESULT: {}
RESULT: {}
COMMAND: POST /session/93898e5d8213af02b008b7064a8e178d/execute/sync - {"script":"<script> [8489 bytes]","args":[{"element-6066-11e4-a52e-4f735466cecf":"f.DB6019AE2C79B0A323A25C7C2B3F3E26.d.F2334C67410391933CA10F7E703D1DDB.e.3527","ELEMENT":"f.DB6019AE2C79B0A323A25C7C2B3F3E26.d.F2334C67410391933CA10F7E703D1DDB.e.3527"}]}
COMMAND: GET /session/93898e5d8213af02b008b7064a8e178d/screenshot - {}
RESULT: {"script":"<script> [8489 bytes]","args":[{"element-6066-11e4-a52e-4f735466cecf":"f.DB6019AE2C79B0A323A25C7C2B3F3E26.d.F2334C67410391933CA10F7E703D1DDB.e.3527","ELEMENT":"f.DB6019AE2C79B0A323A25C7C2B3F3E26.d.F2334C67410391933CA10F7E703D1DDB.e.3527"}]}
COMMAND: POST /session/93898e5d8213af02b008b7064a8e178d/execute/sync - {"script":"<script> [5351 bytes]","args":[{"element-6066-11e4-a52e-4f735466cecf":"f.DB6019AE2C79B0A323A25C7C2B3F3E26.d.F2334C67410391933CA10F7E703D1DDB.e.3527","ELEMENT":"f.DB6019AE2C79B0A323A25C7C2B3F3E26.d.F2334C67410391933CA10F7E703D1DDB.e.3527"}]}
COMMAND: GET /session/93898e5d8213af02b008b7064a8e178d/screenshot - {}
RESULT: {}
RESULT: {"script":"<script> [5351 bytes]","args":[{"element-6066-11e4-a52e-4f735466cecf":"f.DB6019AE2C79B0A323A25C7C2B3F3E26.d.F2334C67410391933CA10F7E703D1DDB.e.3527","ELEMENT":"f.DB6019AE2C79B0A323A25C7C2B3F3E26.d.F2334C67410391933CA10F7E703D1DDB.e.3527"}]}
COMMAND: POST /session/93898e5d8213af02b008b7064a8e178d/element/f.DB6019AE2C79B0A323A25C7C2B3F3E26.d.F2334C67410391933CA10F7E703D1DDB.e.3527/click - {}
COMMAND: GET /session/93898e5d8213af02b008b7064a8e178d/screenshot - {}
RESULT: {}
RESULT: {}
COMMAND: GET /session/93898e5d8213af02b008b7064a8e178d/screenshot - {}
COMMAND: POST /session/93898e5d8213af02b008b7064a8e178d/element - {"using":"xpath","value":"//input[@id=\"application-managesites-display-component---NewSite--siteId-inner\"]"}
RESULT: {}
RESULT: {}
RESULT: {"using":"xpath","value":"//input[@id=\"application-managesites-display-component---NewSite--siteId-inner\"]"}
COMMAND: POST /session/93898e5d8213af02b008b7064a8e178d/element - {"using":"xpath","value":"//input[@id=\"application-managesites-display-component---NewSite--siteId-inner\"]"}
RESULT: {"using":"xpath","value":"//input[@id=\"application-managesites-display-component---NewSite--siteId-inner\"]"}
COMMAND: POST /session/93898e5d8213af02b008b7064a8e178d/execute/async - {"script":"<script> [1562 bytes]","args":[{"selector":{"id":"application-managesites-display-component---NewSite--addressDetailDetailsName1","interaction":{"idSuffix":"inner"}},"wdio_ui5_key":"applicationmanagesites-display-component---NewSite--addressDetailDetailsName1"}]}
RESULT: {"script":"<script> [1562 bytes]","args":[{"selector":{"id":"application-managesites-display-component---NewSite--addressDetailDetailsName1","interaction":{"idSuffix":"inner"}},"wdio_ui5_key":"applicationmanagesites-display-component---NewSite--addressDetailDetailsName1"}]}
RESULT: undefined
COMMAND: POST /session/93898e5d8213af02b008b7064a8e178d/execute/async - {"script":"<script> [776 bytes]","args":[{"enterText":"DailyPrice WDIO","selector":{"id":"application-managesites-display-component---NewSite--addressDetailDetailsName1","interaction":{"idSuffix":"inner"}},"clearTextFirst":true,"interactionType":"ENTER_TEXT"}]}
RESULT: {"script":"<script> [776 bytes]","args":[{"enterText":"DailyPrice WDIO","selector":{"id":"application-managesites-display-component---NewSite--addressDetailDetailsName1","interaction":{"idSuffix":"inner"}},"clearTextFirst":true,"interactionType":"ENTER_TEXT"}]}
COMMAND: POST /session/93898e5d8213af02b008b7064a8e178d/execute/async - {"script":"<script> [1562 bytes]","args":[{"selector":{"id":"application-managesites-display-component---NewSite--addressDetailDetailsLanguage-arrow"},"wdio_ui5_key":"applicationmanagesites-display-component---NewSite--addressDetailDetailsLanguage-arrow"}]}
RESULT: {"script":"<script> [1562 bytes]","args":[{"selector":{"id":"application-managesites-display-component---NewSite--addressDetailDetailsLanguage-arrow"},"wdio_ui5_key":"applicationmanagesites-display-component---NewSite--addressDetailDetailsLanguage-arrow"}]}
RESULT: undefined
COMMAND: POST /session/93898e5d8213af02b008b7064a8e178d/element - {"using":"xpath","value":"//*[@id=\"application-managesites-display-component---NewSite--addressDetailDetailsLanguage-arrow\"]"}
RESULT: {"using":"xpath","value":"//*[@id=\"application-managesites-display-component---NewSite--addressDetailDetailsLanguage-arrow\"]"}
COMMAND: POST /session/93898e5d8213af02b008b7064a8e178d/element/f.DB6019AE2C79B0A323A25C7C2B3F3E26.d.F2334C67410391933CA10F7E703D1DDB.e.3926/click - {}
RESULT: {}
COMMAND: POST /session/93898e5d8213af02b008b7064a8e178d/element - {"using":"xpath","value":"//span[contains(text(), \"English\")]"}
COMMAND: GET /session/93898e5d8213af02b008b7064a8e178d/screenshot - {}
RESULT: {"using":"xpath","value":"//span[contains(text(), \"English\")]"}
COMMAND: POST /session/93898e5d8213af02b008b7064a8e178d/element/f.DB6019AE2C79B0A323A25C7C2B3F3E26.d.F2334C67410391933CA10F7E703D1DDB.e.3927/click - {}
RESULT: {}
RESULT: {}
COMMAND: POST /session/93898e5d8213af02b008b7064a8e178d/execute/async - {"script":"<script> [1562 bytes]","args":[{"selector":{"id":"application-managesites-display-component---NewSite--addressDetailDetailsCity1","interaction":{"idSuffix":"inner"}},"wdio_ui5_key":"applicationmanagesites-display-component---NewSite--addressDetailDetailsCity1"}]}
COMMAND: GET /session/93898e5d8213af02b008b7064a8e178d/screenshot - {}
RESULT: {"script":"<script> [1562 bytes]","args":[{"selector":{"id":"application-managesites-display-component---NewSite--addressDetailDetailsCity1","interaction":{"idSuffix":"inner"}},"wdio_ui5_key":"applicationmanagesites-display-component---NewSite--addressDetailDetailsCity1"}]}
RESULT: undefined
COMMAND: POST /session/93898e5d8213af02b008b7064a8e178d/execute/async - {"script":"<script> [776 bytes]","args":[{"enterText":"Rosario","selector":{"id":"application-managesites-display-component---NewSite--addressDetailDetailsCity1","interaction":{"idSuffix":"inner"}},"clearTextFirst":true,"interactionType":"ENTER_TEXT"}]}
RESULT: {}
RESULT: {"script":"<script> [776 bytes]","args":[{"enterText":"Rosario","selector":{"id":"application-managesites-display-component---NewSite--addressDetailDetailsCity1","interaction":{"idSuffix":"inner"}},"clearTextFirst":true,"interactionType":"ENTER_TEXT"}]}
COMMAND: POST /session/93898e5d8213af02b008b7064a8e178d/execute/async - {"script":"<script> [1562 bytes]","args":[{"selector":{"id":"application-managesites-display-component---NewSite--addressDetailDetailsCountry-arrow"},"wdio_ui5_key":"applicationmanagesites-display-component---NewSite--addressDetailDetailsCountry-arrow"}]}
RESULT: {"script":"<script> [1562 bytes]","args":[{"selector":{"id":"application-managesites-display-component---NewSite--addressDetailDetailsCountry-arrow"},"wdio_ui5_key":"applicationmanagesites-display-component---NewSite--addressDetailDetailsCountry-arrow"}]}
RESULT: undefined
COMMAND: POST /session/93898e5d8213af02b008b7064a8e178d/element - {"using":"xpath","value":"//*[@id=\"application-managesites-display-component---NewSite--addressDetailDetailsCountry-arrow\"]"}
RESULT: {"using":"xpath","value":"//*[@id=\"application-managesites-display-component---NewSite--addressDetailDetailsCountry-arrow\"]"}
COMMAND: POST /session/93898e5d8213af02b008b7064a8e178d/element/f.DB6019AE2C79B0A323A25C7C2B3F3E26.d.F2334C67410391933CA10F7E703D1DDB.e.3929/click - {}
RESULT: {}
COMMAND: POST /session/93898e5d8213af02b008b7064a8e178d/element - {"using":"xpath","value":"//span[contains(text(), \"Argentina\")]"}
COMMAND: GET /session/93898e5d8213af02b008b7064a8e178d/screenshot - {}
RESULT: {"using":"xpath","value":"//span[contains(text(), \"Argentina\")]"}
COMMAND: POST /session/93898e5d8213af02b008b7064a8e178d/element/f.DB6019AE2C79B0A323A25C7C2B3F3E26.d.F2334C67410391933CA10F7E703D1DDB.e.3930/click - {}
RESULT: {}
RESULT: {}
COMMAND: GET /session/93898e5d8213af02b008b7064a8e178d/screenshot - {}
RESULT: {}
COMMAND: POST /session/93898e5d8213af02b008b7064a8e178d/execute/async - {"script":"<script> [1562 bytes]","args":[{"selector":{"id":"application-managesites-display-component---NewSite--addressEditDetailsCostObjectCstType-arrow"},"wdio_ui5_key":"applicationmanagesites-display-component---NewSite--addressEditDetailsCostObjectCstType-arrow"}]}
RESULT: {"script":"<script> [1562 bytes]","args":[{"selector":{"id":"application-managesites-display-component---NewSite--addressEditDetailsCostObjectCstType-arrow"},"wdio_ui5_key":"applicationmanagesites-display-component---NewSite--addressEditDetailsCostObjectCstType-arrow"}]}
RESULT: undefined
COMMAND: POST /session/93898e5d8213af02b008b7064a8e178d/element - {"using":"xpath","value":"//*[@id=\"application-managesites-display-component---NewSite--addressEditDetailsCostObjectCstType-arrow\"]"}
RESULT: {"using":"xpath","value":"//*[@id=\"application-managesites-display-component---NewSite--addressEditDetailsCostObjectCstType-arrow\"]"}
COMMAND: POST /session/93898e5d8213af02b008b7064a8e178d/element/f.DB6019AE2C79B0A323A25C7C2B3F3E26.d.F2334C67410391933CA10F7E703D1DDB.e.3932/click - {}
RESULT: {}
COMMAND: POST /session/93898e5d8213af02b008b7064a8e178d/element - {"using":"xpath","value":"//span[contains(text(), \"Cost Center\")]"}
COMMAND: GET /session/93898e5d8213af02b008b7064a8e178d/screenshot - {}
RESULT: {"using":"xpath","value":"//span[contains(text(), \"Cost Center\")]"}
COMMAND: POST /session/93898e5d8213af02b008b7064a8e178d/element/f.DB6019AE2C79B0A323A25C7C2B3F3E26.d.F2334C67410391933CA10F7E703D1DDB.e.3933/click - {}
RESULT: {}
RESULT: {}
COMMAND: GET /session/93898e5d8213af02b008b7064a8e178d/screenshot - {}
RESULT: {}
COMMAND: POST /session/93898e5d8213af02b008b7064a8e178d/element - {"using":"xpath","value":"//span[@id=\"application-managesites-display-component---NewSite--addressNewCostObjectCstID-vhi\"]"}
RESULT: {"using":"xpath","value":"//span[@id=\"application-managesites-display-component---NewSite--addressNewCostObjectCstID-vhi\"]"}
COMMAND: POST /session/93898e5d8213af02b008b7064a8e178d/execute/sync - {"script":"<script> [8489 bytes]","args":[{"element-6066-11e4-a52e-4f735466cecf":"f.DB6019AE2C79B0A323A25C7C2B3F3E26.d.F2334C67410391933CA10F7E703D1DDB.e.3938","ELEMENT":"f.DB6019AE2C79B0A323A25C7C2B3F3E26.d.F2334C67410391933CA10F7E703D1DDB.e.3938"}]}
RESULT: {"script":"<script> [8489 bytes]","args":[{"element-6066-11e4-a52e-4f735466cecf":"f.DB6019AE2C79B0A323A25C7C2B3F3E26.d.F2334C67410391933CA10F7E703D1DDB.e.3938","ELEMENT":"f.DB6019AE2C79B0A323A25C7C2B3F3E26.d.F2334C67410391933CA10F7E703D1DDB.e.3938"}]}
COMMAND: POST /session/93898e5d8213af02b008b7064a8e178d/execute/async - {"script":"<script> [1562 bytes]","args":[{"selector":{"id":"application-managesites-display-component---NewSite--addressNewCostObjectCstID-vhi"},"wdio_ui5_key":"applicationmanagesites-display-component---NewSite--addressNewCostObjectCstID-vhi"}]}
COMMAND: GET /session/93898e5d8213af02b008b7064a8e178d/screenshot - {}
RESULT: {"script":"<script> [1562 bytes]","args":[{"selector":{"id":"application-managesites-display-component---NewSite--addressNewCostObjectCstID-vhi"},"wdio_ui5_key":"applicationmanagesites-display-component---NewSite--addressNewCostObjectCstID-vhi"}]}
RESULT: undefined
COMMAND: POST /session/93898e5d8213af02b008b7064a8e178d/element - {"using":"xpath","value":"//*[@id=\"application-managesites-display-component---NewSite--addressNewCostObjectCstID-vhi\"]"}
RESULT: {}
RESULT: {"using":"xpath","value":"//*[@id=\"application-managesites-display-component---NewSite--addressNewCostObjectCstID-vhi\"]"}
COMMAND: POST /session/93898e5d8213af02b008b7064a8e178d/element/f.DB6019AE2C79B0A323A25C7C2B3F3E26.d.F2334C67410391933CA10F7E703D1DDB.e.3938/click - {}
RESULT: {}
COMMAND: GET /session/93898e5d8213af02b008b7064a8e178d/screenshot - {}
RESULT: {}
RESULT: undefined
COMMAND: POST /session/93898e5d8213af02b008b7064a8e178d/execute/async - {"script":"<script> [776 bytes]","args":[{"enterText":"10001013","selector":{"controlType":"sap.m.SearchField","properties":{"placeholder":"Search"},"searchOpenDialogs":true,"interaction":{"idSuffix":"I"}},"clearTextFirst":true,"interactionType":"ENTER_TEXT"}]}
RESULT: {"script":"<script> [776 bytes]","args":[{"enterText":"10001013","selector":{"controlType":"sap.m.SearchField","properties":{"placeholder":"Search"},"searchOpenDialogs":true,"interaction":{"idSuffix":"I"}},"clearTextFirst":true,"interactionType":"ENTER_TEXT"}]}
COMMAND: POST /session/93898e5d8213af02b008b7064a8e178d/actions - {"actions":[{"id":"action11","type":"key","parameters":{},"actions":[{"type":"keyDown","value":""},{"type":"pause","duration":10},{"type":"keyUp","value":""}]}]}
RESULT: {"actions":[{"id":"action11","type":"key","parameters":{},"actions":[{"type":"keyDown","value":""},{"type":"pause","duration":10},{"type":"keyUp","value":""}]}]}
COMMAND: GET /session/93898e5d8213af02b008b7064a8e178d/screenshot - {}
RESULT: {}
COMMAND: POST /session/93898e5d8213af02b008b7064a8e178d/element - {"using":"xpath","value":"//span[contains(text(), \"General Management\")]"}
RESULT: {"using":"xpath","value":"//span[contains(text(), \"General Management\")]"}
COMMAND: POST /session/93898e5d8213af02b008b7064a8e178d/element/f.DB6019AE2C79B0A323A25C7C2B3F3E26.d.F2334C67410391933CA10F7E703D1DDB.e.3978/click - {}
RESULT: {}
COMMAND: GET /session/93898e5d8213af02b008b7064a8e178d/screenshot - {}
RESULT: {}
COMMAND: POST /session/93898e5d8213af02b008b7064a8e178d/element - {"using":"xpath","value":"//bdi[contains(text(), \"OK\")]"}
RESULT: {"using":"xpath","value":"//bdi[contains(text(), \"OK\")]"}
COMMAND: POST /session/93898e5d8213af02b008b7064a8e178d/element/f.DB6019AE2C79B0A323A25C7C2B3F3E26.d.F2334C67410391933CA10F7E703D1DDB.e.3979/click - {}
RESULT: {}
COMMAND: GET /session/93898e5d8213af02b008b7064a8e178d/screenshot - {}
RESULT: {}
COMMAND: POST /session/93898e5d8213af02b008b7064a8e178d/element - {"using":"xpath","value":"//input[@id=\"application-managesites-display-component---NewSite--addressDetailDetailsCalendar-inner\"]"}
RESULT: {"using":"xpath","value":"//input[@id=\"application-managesites-display-component---NewSite--addressDetailDetailsCalendar-inner\"]"}
COMMAND: POST /session/93898e5d8213af02b008b7064a8e178d/element/f.DB6019AE2C79B0A323A25C7C2B3F3E26.d.F2334C67410391933CA10F7E703D1DDB.e.3778/clear - {}
RESULT: {}
COMMAND: POST /session/93898e5d8213af02b008b7064a8e178d/element/f.DB6019AE2C79B0A323A25C7C2B3F3E26.d.F2334C67410391933CA10F7E703D1DDB.e.3778/value - {"text":"Unit"}
COMMAND: GET /session/93898e5d8213af02b008b7064a8e178d/screenshot - {}
RESULT: {"text":"Unit"}
COMMAND: GET /session/93898e5d8213af02b008b7064a8e178d/screenshot - {}
RESULT: {}
RESULT: {}
COMMAND: POST /session/93898e5d8213af02b008b7064a8e178d/actions - {"actions":[{"id":"action12","type":"key","parameters":{},"actions":[{"type":"keyDown","value":""},{"type":"pause","duration":10},{"type":"keyUp","value":""}]}]}
RESULT: {"actions":[{"id":"action12","type":"key","parameters":{},"actions":[{"type":"keyDown","value":""},{"type":"pause","duration":10},{"type":"keyUp","value":""}]}]}
COMMAND: POST /session/93898e5d8213af02b008b7064a8e178d/element - {"using":"xpath","value":"//input[@id=\"application-managesites-display-component---NewSite--addressDetailDetailsYard-inner\"]"}
COMMAND: GET /session/93898e5d8213af02b008b7064a8e178d/screenshot - {}
RESULT: {"using":"xpath","value":"//input[@id=\"application-managesites-display-component---NewSite--addressDetailDetailsYard-inner\"]"}
COMMAND: POST /session/93898e5d8213af02b008b7064a8e178d/element/f.DB6019AE2C79B0A323A25C7C2B3F3E26.d.F2334C67410391933CA10F7E703D1DDB.e.3779/clear - {}
RESULT: {}
RESULT: {}
COMMAND: POST /session/93898e5d8213af02b008b7064a8e178d/element/f.DB6019AE2C79B0A323A25C7C2B3F3E26.d.F2334C67410391933CA10F7E703D1DDB.e.3779/value - {"text":"253"}
COMMAND: GET /session/93898e5d8213af02b008b7064a8e178d/screenshot - {}
RESULT: {"text":"253"}
COMMAND: GET /session/93898e5d8213af02b008b7064a8e178d/screenshot - {}
RESULT: {}
RESULT: {}
COMMAND: POST /session/93898e5d8213af02b008b7064a8e178d/element - {"using":"xpath","value":"//li[.//span[text()='253']]"}
RESULT: {"using":"xpath","value":"//li[.//span[text()='253']]"}
COMMAND: POST /session/93898e5d8213af02b008b7064a8e178d/element/f.DB6019AE2C79B0A323A25C7C2B3F3E26.d.F2334C67410391933CA10F7E703D1DDB.e.3987/click - {}
RESULT: {}
COMMAND: GET /session/93898e5d8213af02b008b7064a8e178d/screenshot - {}
RESULT: {}
COMMAND: POST /session/93898e5d8213af02b008b7064a8e178d/element - {"using":"xpath","value":"//input[@id=\"application-managesites-display-component---NewSite--addressDetailDetailsPartner-inner\"]"}
RESULT: {"using":"xpath","value":"//input[@id=\"application-managesites-display-component---NewSite--addressDetailDetailsPartner-inner\"]"}
COMMAND: POST /session/93898e5d8213af02b008b7064a8e178d/element - {"using":"xpath","value":"//input[@id=\"application-managesites-display-component---NewSite--addressDetailDetailsPartner-inner\"]"}
RESULT: {"using":"xpath","value":"//input[@id=\"application-managesites-display-component---NewSite--addressDetailDetailsPartner-inner\"]"}
COMMAND: POST /session/93898e5d8213af02b008b7064a8e178d/element - {"using":"xpath","value":"//button[@data-kt=\"saveButton\"]"}
RESULT: {"using":"xpath","value":"//button[@data-kt=\"saveButton\"]"}
COMMAND: POST /session/93898e5d8213af02b008b7064a8e178d/element/f.DB6019AE2C79B0A323A25C7C2B3F3E26.d.F2334C67410391933CA10F7E703D1DDB.e.3912/click - {}
RESULT: {}
COMMAND: GET /session/93898e5d8213af02b008b7064a8e178d/screenshot - {}
COMMAND: POST /session/93898e5d8213af02b008b7064a8e178d/element - {"using":"xpath","value":"//header[contains(@id, 'ObjectPageLayout-headerTitle')]/div[1]/div[2]/div[2]/span[1]"}
RESULT: {}
RESULT: {"using":"xpath","value":"//header[contains(@id, 'ObjectPageLayout-headerTitle')]/div[1]/div[2]/div[2]/span[1]"}
COMMAND: POST /session/93898e5d8213af02b008b7064a8e178d/elements - {"using":"xpath","value":"//header[contains(@id, 'ObjectPageLayout-headerTitle')]/div[1]/div[2]/div[2]/span[1]"}
RESULT: {"using":"xpath","value":"//header[contains(@id, 'ObjectPageLayout-headerTitle')]/div[1]/div[2]/div[2]/span[1]"}
COMMAND: POST /session/93898e5d8213af02b008b7064a8e178d/execute/sync - {"script":"<script> [56 bytes]","args":[{"element-6066-11e4-a52e-4f735466cecf":"f.DB6019AE2C79B0A323A25C7C2B3F3E26.d.F2334C67410391933CA10F7E703D1DDB.e.4198","ELEMENT":"f.DB6019AE2C79B0A323A25C7C2B3F3E26.d.F2334C67410391933CA10F7E703D1DDB.e.4198"}]}
RESULT: {"script":"<script> [56 bytes]","args":[{"element-6066-11e4-a52e-4f735466cecf":"f.DB6019AE2C79B0A323A25C7C2B3F3E26.d.F2334C67410391933CA10F7E703D1DDB.e.4198","ELEMENT":"f.DB6019AE2C79B0A323A25C7C2B3F3E26.d.F2334C67410391933CA10F7E703D1DDB.e.4198"}]}
COMMAND: POST /session/93898e5d8213af02b008b7064a8e178d/element - {"using":"css selector","value":"#shell-header-logo"}
COMMAND: GET /session/93898e5d8213af02b008b7064a8e178d/screenshot - {}
RESULT: {"using":"css selector","value":"#shell-header-logo"}
COMMAND: POST /session/93898e5d8213af02b008b7064a8e178d/element/f.DB6019AE2C79B0A323A25C7C2B3F3E26.d.F2334C67410391933CA10F7E703D1DDB.e.3484/click - {}
RESULT: {}
RESULT: {}
COMMAND: GET /session/93898e5d8213af02b008b7064a8e178d/screenshot - {}
RESULT: {}
COMMAND: POST /session/93898e5d8213af02b008b7064a8e178d/execute/sync - {"script":"<script> [299 bytes]","args":[["getModel","getResource"]]}
RESULT: {"script":"<script> [299 bytes]","args":[["getModel","getResource"]]}
]]></system-out>
    </testcase>
    <testcase classname="chrome.136_0_7103_93.windows.Edit_and_delete_daily_price_US134629_US134627" name="Should go to Manage Conditions Daily Price and add the 2 rows one with yard site and one with yard" time="92.643">
      <system-out><![CDATA[
COMMAND: GET /session/93898e5d8213af02b008b7064a8e178d/screenshot - {}
COMMAND: POST /session/93898e5d8213af02b008b7064a8e178d/execute/async - {"script":"<script> [1562 bytes]","args":[{"selector":{"controlType":"sap.m.GenericTile","properties":{"header":"Manage Conditions & Prices"}},"wdio_ui5_key":"sapm.GenericTile{\"header\":\"Manage Conditions & Prices\"}"}]}
RESULT: {}
RESULT: {"script":"<script> [1562 bytes]","args":[{"selector":{"controlType":"sap.m.GenericTile","properties":{"header":"Manage Conditions & Prices"}},"wdio_ui5_key":"sapm.GenericTile{\"header\":\"Manage Conditions & Prices\"}"}]}
RESULT: undefined
COMMAND: POST /session/93898e5d8213af02b008b7064a8e178d/element - {"using":"xpath","value":"//*[@id=\"__tile53\"]"}
RESULT: {"using":"xpath","value":"//*[@id=\"__tile53\"]"}
COMMAND: POST /session/93898e5d8213af02b008b7064a8e178d/element/f.DB6019AE2C79B0A323A25C7C2B3F3E26.d.F2334C67410391933CA10F7E703D1DDB.e.2683/click - {}
RESULT: {}
COMMAND: GET /session/93898e5d8213af02b008b7064a8e178d/screenshot - {}
RESULT: {}
COMMAND: POST /session/93898e5d8213af02b008b7064a8e178d/elements - {"using":"xpath","value":"//span[text()='Error']"}
RESULT: {"using":"xpath","value":"//span[text()='Error']"}
COMMAND: POST /session/93898e5d8213af02b008b7064a8e178d/element - {"using":"xpath","value":"//button[@aria-label=\"Create\"]"}
RESULT: {"using":"xpath","value":"//button[@aria-label=\"Create\"]"}
COMMAND: POST /session/93898e5d8213af02b008b7064a8e178d/element/f.DB6019AE2C79B0A323A25C7C2B3F3E26.d.F2334C67410391933CA10F7E703D1DDB.e.4237/click - {}
RESULT: {}
COMMAND: GET /session/93898e5d8213af02b008b7064a8e178d/screenshot - {}
RESULT: {}
COMMAND: POST /session/93898e5d8213af02b008b7064a8e178d/actions - {"actions":[{"id":"action13","type":"key","parameters":{},"actions":[{"type":"keyDown","value":""},{"type":"pause","duration":10},{"type":"keyUp","value":""}]}]}
RESULT: {"actions":[{"id":"action13","type":"key","parameters":{},"actions":[{"type":"keyDown","value":""},{"type":"pause","duration":10},{"type":"keyUp","value":""}]}]}
COMMAND: POST /session/93898e5d8213af02b008b7064a8e178d/actions - {"actions":[{"id":"action14","type":"key","parameters":{},"actions":[{"type":"keyDown","value":""},{"type":"pause","duration":10},{"type":"keyUp","value":""}]}]}
COMMAND: GET /session/93898e5d8213af02b008b7064a8e178d/screenshot - {}
RESULT: {"actions":[{"id":"action14","type":"key","parameters":{},"actions":[{"type":"keyDown","value":""},{"type":"pause","duration":10},{"type":"keyUp","value":""}]}]}
COMMAND: POST /session/93898e5d8213af02b008b7064a8e178d/execute/async - {"script":"<script> [1562 bytes]","args":[{"selector":{"controlType":"sap.m.Title","viewName":"etm.portal.ui.manageconditionprice.view.DailyPrices","viewId":"application-manageconditionprice-display-component---dailyPrices","i18NText":{"propertyName":"text","key":"dailyPrices"}},"wdio_ui5_key":"etmportal.ui.manageconditionprice.view.DailyPricessap.m.Title{\"propertyName\":\"text\",\"key\":\"dailyPrices\"}"}]}
COMMAND: GET /session/93898e5d8213af02b008b7064a8e178d/screenshot - {}
RESULT: {}
RESULT: {"script":"<script> [1562 bytes]","args":[{"selector":{"controlType":"sap.m.Title","viewName":"etm.portal.ui.manageconditionprice.view.DailyPrices","viewId":"application-manageconditionprice-display-component---dailyPrices","i18NText":{"propertyName":"text","key":"dailyPrices"}},"wdio_ui5_key":"etmportal.ui.manageconditionprice.view.DailyPricessap.m.Title{\"propertyName\":\"text\",\"key\":\"dailyPrices\"}"}]}
RESULT: undefined
COMMAND: POST /session/93898e5d8213af02b008b7064a8e178d/execute/async - {"script":"<script> [6424 bytes]","args":[{"element-6066-11e4-a52e-4f735466cecf":"f.DB6019AE2C79B0A323A25C7C2B3F3E26.d.F2334C67410391933CA10F7E703D1DDB.e.4433"},"getText",[]]}
RESULT: {}
RESULT: {"script":"<script> [6424 bytes]","args":[{"element-6066-11e4-a52e-4f735466cecf":"f.DB6019AE2C79B0A323A25C7C2B3F3E26.d.F2334C67410391933CA10F7E703D1DDB.e.4433"},"getText",[]]}
COMMAND: POST /session/93898e5d8213af02b008b7064a8e178d/execute/async - {"script":"<script> [1562 bytes]","args":[{"selector":{"id":"application-manageconditionprice-display-component---dailyPrices--condBillCond","interaction":{"idSuffix":"inner"}},"wdio_ui5_key":"applicationmanageconditionprice-display-component---dailyPrices--condBillCond"}]}
RESULT: {"script":"<script> [1562 bytes]","args":[{"selector":{"id":"application-manageconditionprice-display-component---dailyPrices--condBillCond","interaction":{"idSuffix":"inner"}},"wdio_ui5_key":"applicationmanageconditionprice-display-component---dailyPrices--condBillCond"}]}
RESULT: undefined
COMMAND: POST /session/93898e5d8213af02b008b7064a8e178d/execute/async - {"script":"<script> [776 bytes]","args":[{"enterText":"Residual Value %","selector":{"id":"application-manageconditionprice-display-component---dailyPrices--condBillCond","interaction":{"idSuffix":"inner"}},"clearTextFirst":true,"interactionType":"ENTER_TEXT"}]}
RESULT: {"script":"<script> [776 bytes]","args":[{"enterText":"Residual Value %","selector":{"id":"application-manageconditionprice-display-component---dailyPrices--condBillCond","interaction":{"idSuffix":"inner"}},"clearTextFirst":true,"interactionType":"ENTER_TEXT"}]}
COMMAND: POST /session/93898e5d8213af02b008b7064a8e178d/execute/async - {"script":"<script> [1562 bytes]","args":[{"selector":{"controlType":"sap.m.StandardListItem","viewName":"etm.portal.ui.manageconditionprice.view.DailyPrices","viewId":"application-manageconditionprice-display-component---dailyPrices","properties":{"type":"Active"},"searchOpenDialogs":true,"interaction":{"idSuffix":"titleText"}},"wdio_ui5_key":"etmportal.ui.manageconditionprice.view.DailyPricessap.m.StandardListItem{\"type\":\"Active\"}"}]}
RESULT: {"script":"<script> [1562 bytes]","args":[{"selector":{"controlType":"sap.m.StandardListItem","viewName":"etm.portal.ui.manageconditionprice.view.DailyPrices","viewId":"application-manageconditionprice-display-component---dailyPrices","properties":{"type":"Active"},"searchOpenDialogs":true,"interaction":{"idSuffix":"titleText"}},"wdio_ui5_key":"etmportal.ui.manageconditionprice.view.DailyPricessap.m.StandardListItem{\"type\":\"Active\"}"}]}
RESULT: undefined
COMMAND: POST /session/93898e5d8213af02b008b7064a8e178d/element - {"using":"xpath","value":"//*[@id=\"__item1057\"]"}
RESULT: {"using":"xpath","value":"//*[@id=\"__item1057\"]"}
COMMAND: POST /session/93898e5d8213af02b008b7064a8e178d/element/f.DB6019AE2C79B0A323A25C7C2B3F3E26.d.F2334C67410391933CA10F7E703D1DDB.e.4437/click - {}
RESULT: {}
COMMAND: POST /session/93898e5d8213af02b008b7064a8e178d/execute/async - {"script":"<script> [1562 bytes]","args":[{"selector":{"id":"application-manageconditionprice-display-component---dailyPrices--editBtn","interaction":{"idSuffix":"BDI-content"}},"wdio_ui5_key":"applicationmanageconditionprice-display-component---dailyPrices--editBtn"}]}
COMMAND: GET /session/93898e5d8213af02b008b7064a8e178d/screenshot - {}
RESULT: {"script":"<script> [1562 bytes]","args":[{"selector":{"id":"application-manageconditionprice-display-component---dailyPrices--editBtn","interaction":{"idSuffix":"BDI-content"}},"wdio_ui5_key":"applicationmanageconditionprice-display-component---dailyPrices--editBtn"}]}
RESULT: undefined
COMMAND: POST /session/93898e5d8213af02b008b7064a8e178d/element - {"using":"xpath","value":"//*[@id=\"application-manageconditionprice-display-component---dailyPrices--editBtn\"]"}
RESULT: {}
RESULT: {"using":"xpath","value":"//*[@id=\"application-manageconditionprice-display-component---dailyPrices--editBtn\"]"}
COMMAND: POST /session/93898e5d8213af02b008b7064a8e178d/element/f.DB6019AE2C79B0A323A25C7C2B3F3E26.d.F2334C67410391933CA10F7E703D1DDB.e.4435/click - {}
RESULT: {}
COMMAND: POST /session/93898e5d8213af02b008b7064a8e178d/execute/async - {"script":"<script> [1562 bytes]","args":[{"selector":{"controlType":"sap.m.Button","viewName":"etm.portal.ui.manageconditionprice.view.DailyPrices","viewId":"application-manageconditionprice-display-component---dailyPrices","i18NText":{"propertyName":"text","key":"add"},"interaction":{"idSuffix":"BDI-content"}},"wdio_ui5_key":"etmportal.ui.manageconditionprice.view.DailyPricessap.m.Button{\"propertyName\":\"text\",\"key\":\"add\"}"}]}
COMMAND: GET /session/93898e5d8213af02b008b7064a8e178d/screenshot - {}
RESULT: {"script":"<script> [1562 bytes]","args":[{"selector":{"controlType":"sap.m.Button","viewName":"etm.portal.ui.manageconditionprice.view.DailyPrices","viewId":"application-manageconditionprice-display-component---dailyPrices","i18NText":{"propertyName":"text","key":"add"},"interaction":{"idSuffix":"BDI-content"}},"wdio_ui5_key":"etmportal.ui.manageconditionprice.view.DailyPricessap.m.Button{\"propertyName\":\"text\",\"key\":\"add\"}"}]}
RESULT: undefined
COMMAND: POST /session/93898e5d8213af02b008b7064a8e178d/element - {"using":"xpath","value":"//*[@id=\"__button113\"]"}
RESULT: {}
RESULT: {"using":"xpath","value":"//*[@id=\"__button113\"]"}
COMMAND: POST /session/93898e5d8213af02b008b7064a8e178d/element/f.DB6019AE2C79B0A323A25C7C2B3F3E26.d.F2334C67410391933CA10F7E703D1DDB.e.4445/click - {}
RESULT: {}
COMMAND: POST /session/93898e5d8213af02b008b7064a8e178d/elements - {"using":"css selector","value":"table tr"}
COMMAND: GET /session/93898e5d8213af02b008b7064a8e178d/screenshot - {}
RESULT: {"using":"css selector","value":"table tr"}
COMMAND: POST /session/93898e5d8213af02b008b7064a8e178d/element/f.DB6019AE2C79B0A323A25C7C2B3F3E26.d.F2334C67410391933CA10F7E703D1DDB.e.4519/elements - {"using":"css selector","value":"input"}
RESULT: {}
RESULT: {"using":"css selector","value":"input"}
COMMAND: POST /session/93898e5d8213af02b008b7064a8e178d/element/f.DB6019AE2C79B0A323A25C7C2B3F3E26.d.F2334C67410391933CA10F7E703D1DDB.e.4522/clear - {}
COMMAND: POST /session/93898e5d8213af02b008b7064a8e178d/element/f.DB6019AE2C79B0A323A25C7C2B3F3E26.d.F2334C67410391933CA10F7E703D1DDB.e.4520/clear - {}
COMMAND: POST /session/93898e5d8213af02b008b7064a8e178d/element/f.DB6019AE2C79B0A323A25C7C2B3F3E26.d.F2334C67410391933CA10F7E703D1DDB.e.4523/clear - {}
COMMAND: POST /session/93898e5d8213af02b008b7064a8e178d/element/f.DB6019AE2C79B0A323A25C7C2B3F3E26.d.F2334C67410391933CA10F7E703D1DDB.e.4521/clear - {}
COMMAND: POST /session/93898e5d8213af02b008b7064a8e178d/element/f.DB6019AE2C79B0A323A25C7C2B3F3E26.d.F2334C67410391933CA10F7E703D1DDB.e.4519/elements - {"using":"css selector","value":"td"}
RESULT: {"using":"css selector","value":"td"}
COMMAND: POST /session/93898e5d8213af02b008b7064a8e178d/element - {"using":"xpath","value":".//li[contains(., \"2098\") and not(.//li)]"}
COMMAND: POST /session/93898e5d8213af02b008b7064a8e178d/element/f.DB6019AE2C79B0A323A25C7C2B3F3E26.d.F2334C67410391933CA10F7E703D1DDB.e.4541/element - {"using":"css selector","value":"input"}
COMMAND: POST /session/93898e5d8213af02b008b7064a8e178d/element/f.DB6019AE2C79B0A323A25C7C2B3F3E26.d.F2334C67410391933CA10F7E703D1DDB.e.4541/element - {"using":"css selector","value":"input"}
RESULT: {}
COMMAND: POST /session/93898e5d8213af02b008b7064a8e178d/element/f.DB6019AE2C79B0A323A25C7C2B3F3E26.d.F2334C67410391933CA10F7E703D1DDB.e.4521/value - {"text":"10/24/25"}
COMMAND: GET /session/93898e5d8213af02b008b7064a8e178d/screenshot - {}
RESULT: {}
COMMAND: POST /session/93898e5d8213af02b008b7064a8e178d/element/f.DB6019AE2C79B0A323A25C7C2B3F3E26.d.F2334C67410391933CA10F7E703D1DDB.e.4523/value - {"text":"Euro"}
COMMAND: GET /session/93898e5d8213af02b008b7064a8e178d/screenshot - {}
RESULT: {}
COMMAND: POST /session/93898e5d8213af02b008b7064a8e178d/element/f.DB6019AE2C79B0A323A25C7C2B3F3E26.d.F2334C67410391933CA10F7E703D1DDB.e.4520/value - {"text":"05/24/25"}
COMMAND: GET /session/93898e5d8213af02b008b7064a8e178d/screenshot - {}
RESULT: {}
COMMAND: POST /session/93898e5d8213af02b008b7064a8e178d/element/f.DB6019AE2C79B0A323A25C7C2B3F3E26.d.F2334C67410391933CA10F7E703D1DDB.e.4522/value - {"text":"705.60"}
COMMAND: GET /session/93898e5d8213af02b008b7064a8e178d/screenshot - {}
RESULT: {"using":"css selector","value":"input"}
COMMAND: POST /session/93898e5d8213af02b008b7064a8e178d/element/f.DB6019AE2C79B0A323A25C7C2B3F3E26.d.F2334C67410391933CA10F7E703D1DDB.e.4524/click - {}
RESULT: {"using":"css selector","value":"input"}
COMMAND: POST /session/93898e5d8213af02b008b7064a8e178d/element/f.DB6019AE2C79B0A323A25C7C2B3F3E26.d.F2334C67410391933CA10F7E703D1DDB.e.4524/clear - {}
RESULT: {"using":"xpath","value":".//li[contains(., \"2098\") and not(.//li)]"}
RESULT: {"text":"10/24/25"}
COMMAND: GET /session/93898e5d8213af02b008b7064a8e178d/screenshot - {}
RESULT: {}
RESULT: {"text":"Euro"}
COMMAND: GET /session/93898e5d8213af02b008b7064a8e178d/screenshot - {}
COMMAND: POST /session/93898e5d8213af02b008b7064a8e178d/elements - {"using":"xpath","value":".//li[contains(., \"2098\") and not(.//li)]"}
RESULT: {}
RESULT: {"text":"05/24/25"}
COMMAND: GET /session/93898e5d8213af02b008b7064a8e178d/screenshot - {}
RESULT: {}
RESULT: {"text":"705.60"}
COMMAND: GET /session/93898e5d8213af02b008b7064a8e178d/screenshot - {}
RESULT: {}
RESULT: {}
COMMAND: GET /session/93898e5d8213af02b008b7064a8e178d/screenshot - {}
RESULT: {}
COMMAND: POST /session/93898e5d8213af02b008b7064a8e178d/element/f.DB6019AE2C79B0A323A25C7C2B3F3E26.d.F2334C67410391933CA10F7E703D1DDB.e.4524/value - {"text":"2098"}
COMMAND: GET /session/93898e5d8213af02b008b7064a8e178d/screenshot - {}
RESULT: {}
RESULT: {}
RESULT: {"using":"xpath","value":".//li[contains(., \"2098\") and not(.//li)]"}
COMMAND: POST /session/93898e5d8213af02b008b7064a8e178d/elements - {"using":"xpath","value":".//li[contains(., \"2098\") and not(.//li)]"}
RESULT: {}
RESULT: {}
RESULT: {}
RESULT: {"text":"2098"}
COMMAND: GET /session/93898e5d8213af02b008b7064a8e178d/screenshot - {}
RESULT: {}
RESULT: {"using":"xpath","value":".//li[contains(., \"2098\") and not(.//li)]"}
COMMAND: POST /session/93898e5d8213af02b008b7064a8e178d/element - {"using":"xpath","value":".//li[contains(., \"2098\") and not(.//li)]"}
RESULT: {}
RESULT: {"using":"xpath","value":".//li[contains(., \"2098\") and not(.//li)]"}
COMMAND: POST /session/93898e5d8213af02b008b7064a8e178d/element/f.DB6019AE2C79B0A323A25C7C2B3F3E26.d.F2334C67410391933CA10F7E703D1DDB.e.4548/click - {}
RESULT: {}
COMMAND: POST /session/93898e5d8213af02b008b7064a8e178d/element/f.DB6019AE2C79B0A323A25C7C2B3F3E26.d.F2334C67410391933CA10F7E703D1DDB.e.4542/element - {"using":"css selector","value":"input"}
COMMAND: GET /session/93898e5d8213af02b008b7064a8e178d/screenshot - {}
RESULT: {"using":"css selector","value":"input"}
COMMAND: POST /session/93898e5d8213af02b008b7064a8e178d/element/f.DB6019AE2C79B0A323A25C7C2B3F3E26.d.F2334C67410391933CA10F7E703D1DDB.e.4525/click - {}
RESULT: {}
RESULT: {}
COMMAND: GET /session/93898e5d8213af02b008b7064a8e178d/screenshot - {}
RESULT: {}
COMMAND: POST /session/93898e5d8213af02b008b7064a8e178d/element/f.DB6019AE2C79B0A323A25C7C2B3F3E26.d.F2334C67410391933CA10F7E703D1DDB.e.4542/element - {"using":"css selector","value":"input"}
RESULT: {"using":"css selector","value":"input"}
COMMAND: POST /session/93898e5d8213af02b008b7064a8e178d/element/f.DB6019AE2C79B0A323A25C7C2B3F3E26.d.F2334C67410391933CA10F7E703D1DDB.e.4525/clear - {}
RESULT: {}
COMMAND: POST /session/93898e5d8213af02b008b7064a8e178d/element/f.DB6019AE2C79B0A323A25C7C2B3F3E26.d.F2334C67410391933CA10F7E703D1DDB.e.4525/value - {"text":"253"}
COMMAND: GET /session/93898e5d8213af02b008b7064a8e178d/screenshot - {}
RESULT: {}
RESULT: {"text":"253"}
COMMAND: GET /session/93898e5d8213af02b008b7064a8e178d/screenshot - {}
RESULT: {}
COMMAND: POST /session/93898e5d8213af02b008b7064a8e178d/element - {"using":"xpath","value":".//li[contains(., \"253\") and not(.//li)]"}
RESULT: {"using":"xpath","value":".//li[contains(., \"253\") and not(.//li)]"}
COMMAND: POST /session/93898e5d8213af02b008b7064a8e178d/element/f.DB6019AE2C79B0A323A25C7C2B3F3E26.d.F2334C67410391933CA10F7E703D1DDB.e.4549/click - {}
RESULT: {}
RESULT: undefined
COMMAND: POST /session/93898e5d8213af02b008b7064a8e178d/element - {"using":"xpath","value":"//*[@id=\"__button113\"]"}
COMMAND: GET /session/93898e5d8213af02b008b7064a8e178d/screenshot - {}
RESULT: {"using":"xpath","value":"//*[@id=\"__button113\"]"}
COMMAND: POST /session/93898e5d8213af02b008b7064a8e178d/element/f.DB6019AE2C79B0A323A25C7C2B3F3E26.d.F2334C67410391933CA10F7E703D1DDB.e.4445/click - {}
RESULT: {}
RESULT: {}
COMMAND: POST /session/93898e5d8213af02b008b7064a8e178d/elements - {"using":"css selector","value":"table tr"}
COMMAND: GET /session/93898e5d8213af02b008b7064a8e178d/screenshot - {}
RESULT: {"using":"css selector","value":"table tr"}
COMMAND: POST /session/93898e5d8213af02b008b7064a8e178d/element/f.DB6019AE2C79B0A323A25C7C2B3F3E26.d.F2334C67410391933CA10F7E703D1DDB.e.4551/elements - {"using":"css selector","value":"input"}
RESULT: {}
RESULT: {"using":"css selector","value":"input"}
COMMAND: POST /session/93898e5d8213af02b008b7064a8e178d/element/f.DB6019AE2C79B0A323A25C7C2B3F3E26.d.F2334C67410391933CA10F7E703D1DDB.e.4554/clear - {}
COMMAND: POST /session/93898e5d8213af02b008b7064a8e178d/element/f.DB6019AE2C79B0A323A25C7C2B3F3E26.d.F2334C67410391933CA10F7E703D1DDB.e.4552/clear - {}
COMMAND: POST /session/93898e5d8213af02b008b7064a8e178d/element/f.DB6019AE2C79B0A323A25C7C2B3F3E26.d.F2334C67410391933CA10F7E703D1DDB.e.4555/clear - {}
COMMAND: POST /session/93898e5d8213af02b008b7064a8e178d/element/f.DB6019AE2C79B0A323A25C7C2B3F3E26.d.F2334C67410391933CA10F7E703D1DDB.e.4553/clear - {}
RESULT: {}
COMMAND: POST /session/93898e5d8213af02b008b7064a8e178d/element/f.DB6019AE2C79B0A323A25C7C2B3F3E26.d.F2334C67410391933CA10F7E703D1DDB.e.4554/value - {"text":"99.5"}
COMMAND: GET /session/93898e5d8213af02b008b7064a8e178d/screenshot - {}
RESULT: {}
COMMAND: POST /session/93898e5d8213af02b008b7064a8e178d/element/f.DB6019AE2C79B0A323A25C7C2B3F3E26.d.F2334C67410391933CA10F7E703D1DDB.e.4552/value - {"text":"05/24/25"}
COMMAND: GET /session/93898e5d8213af02b008b7064a8e178d/screenshot - {}
RESULT: {}
COMMAND: POST /session/93898e5d8213af02b008b7064a8e178d/element/f.DB6019AE2C79B0A323A25C7C2B3F3E26.d.F2334C67410391933CA10F7E703D1DDB.e.4555/value - {"text":"US Dollar"}
COMMAND: GET /session/93898e5d8213af02b008b7064a8e178d/screenshot - {}
RESULT: {}
COMMAND: POST /session/93898e5d8213af02b008b7064a8e178d/element/f.DB6019AE2C79B0A323A25C7C2B3F3E26.d.F2334C67410391933CA10F7E703D1DDB.e.4553/value - {"text":"10/24/25"}
COMMAND: GET /session/93898e5d8213af02b008b7064a8e178d/screenshot - {}
RESULT: {"text":"99.5"}
COMMAND: GET /session/93898e5d8213af02b008b7064a8e178d/screenshot - {}
RESULT: {}
COMMAND: POST /session/93898e5d8213af02b008b7064a8e178d/element/f.DB6019AE2C79B0A323A25C7C2B3F3E26.d.F2334C67410391933CA10F7E703D1DDB.e.4551/elements - {"using":"css selector","value":"td"}
RESULT: {"text":"05/24/25"}
COMMAND: GET /session/93898e5d8213af02b008b7064a8e178d/screenshot - {}
RESULT: {}
RESULT: {"text":"US Dollar"}
COMMAND: GET /session/93898e5d8213af02b008b7064a8e178d/screenshot - {}
RESULT: {}
RESULT: {"text":"10/24/25"}
COMMAND: GET /session/93898e5d8213af02b008b7064a8e178d/screenshot - {}
RESULT: {}
RESULT: {}
RESULT: {"using":"css selector","value":"td"}
COMMAND: POST /session/93898e5d8213af02b008b7064a8e178d/element/f.DB6019AE2C79B0A323A25C7C2B3F3E26.d.F2334C67410391933CA10F7E703D1DDB.e.4573/element - {"using":"css selector","value":"input"}
RESULT: {}
RESULT: {}
RESULT: {}
RESULT: {"using":"css selector","value":"input"}
COMMAND: POST /session/93898e5d8213af02b008b7064a8e178d/element/f.DB6019AE2C79B0A323A25C7C2B3F3E26.d.F2334C67410391933CA10F7E703D1DDB.e.4556/click - {}
RESULT: {}
COMMAND: GET /session/93898e5d8213af02b008b7064a8e178d/screenshot - {}
RESULT: {}
COMMAND: POST /session/93898e5d8213af02b008b7064a8e178d/element/f.DB6019AE2C79B0A323A25C7C2B3F3E26.d.F2334C67410391933CA10F7E703D1DDB.e.4573/element - {"using":"css selector","value":"input"}
RESULT: {"using":"css selector","value":"input"}
COMMAND: POST /session/93898e5d8213af02b008b7064a8e178d/element/f.DB6019AE2C79B0A323A25C7C2B3F3E26.d.F2334C67410391933CA10F7E703D1DDB.e.4556/clear - {}
RESULT: {}
COMMAND: POST /session/93898e5d8213af02b008b7064a8e178d/element/f.DB6019AE2C79B0A323A25C7C2B3F3E26.d.F2334C67410391933CA10F7E703D1DDB.e.4556/value - {"text":"2098"}
COMMAND: GET /session/93898e5d8213af02b008b7064a8e178d/screenshot - {}
RESULT: {"text":"2098"}
COMMAND: GET /session/93898e5d8213af02b008b7064a8e178d/screenshot - {}
RESULT: {}
COMMAND: POST /session/93898e5d8213af02b008b7064a8e178d/element - {"using":"xpath","value":"(//li[div//span[contains(text(), '2098')]])[2]"}
RESULT: {}
RESULT: {"using":"xpath","value":"(//li[div//span[contains(text(), '2098')]])[2]"}
COMMAND: POST /session/93898e5d8213af02b008b7064a8e178d/element/f.DB6019AE2C79B0A323A25C7C2B3F3E26.d.F2334C67410391933CA10F7E703D1DDB.e.4581/click - {}
RESULT: {}
COMMAND: POST /session/93898e5d8213af02b008b7064a8e178d/execute/async - {"script":"<script> [1562 bytes]","args":[{"selector":{"controlType":"sap.m.Button","viewName":"etm.portal.ui.manageconditionprice.view.DailyPrices","viewId":"application-manageconditionprice-display-component---dailyPrices","i18NText":{"propertyName":"tooltip","key":"save"},"interaction":{"idSuffix":"BDI-content"}},"wdio_ui5_key":"etmportal.ui.manageconditionprice.view.DailyPricessap.m.Button{\"propertyName\":\"tooltip\",\"key\":\"save\"}"}]}
COMMAND: GET /session/93898e5d8213af02b008b7064a8e178d/screenshot - {}
RESULT: {"script":"<script> [1562 bytes]","args":[{"selector":{"controlType":"sap.m.Button","viewName":"etm.portal.ui.manageconditionprice.view.DailyPrices","viewId":"application-manageconditionprice-display-component---dailyPrices","i18NText":{"propertyName":"tooltip","key":"save"},"interaction":{"idSuffix":"BDI-content"}},"wdio_ui5_key":"etmportal.ui.manageconditionprice.view.DailyPricessap.m.Button{\"propertyName\":\"tooltip\",\"key\":\"save\"}"}]}
RESULT: undefined
COMMAND: POST /session/93898e5d8213af02b008b7064a8e178d/element - {"using":"xpath","value":"//*[@id=\"__button115\"]"}
RESULT: {}
RESULT: {"using":"xpath","value":"//*[@id=\"__button115\"]"}
COMMAND: POST /session/93898e5d8213af02b008b7064a8e178d/element/f.DB6019AE2C79B0A323A25C7C2B3F3E26.d.F2334C67410391933CA10F7E703D1DDB.e.4439/click - {}
RESULT: {}
COMMAND: GET /session/93898e5d8213af02b008b7064a8e178d/screenshot - {}
RESULT: {}
]]></system-out>
    </testcase>
    <testcase classname="chrome.136_0_7103_93.windows.Edit_and_delete_daily_price_US134629_US134627" name="Should check whether the 2 rows have been added then edit one of the rows s currency and value and save and check the edited values" time="12.494">
      <system-out><![CDATA[
COMMAND: POST /session/93898e5d8213af02b008b7064a8e178d/elements - {"using":"css selector","value":"table tr"}
RESULT: {"using":"css selector","value":"table tr"}
COMMAND: POST /session/93898e5d8213af02b008b7064a8e178d/element/f.DB6019AE2C79B0A323A25C7C2B3F3E26.d.F2334C67410391933CA10F7E703D1DDB.e.4551/elements - {"using":"css selector","value":"td"}
RESULT: {"using":"css selector","value":"td"}
COMMAND: POST /session/93898e5d8213af02b008b7064a8e178d/element/f.DB6019AE2C79B0A323A25C7C2B3F3E26.d.F2334C67410391933CA10F7E703D1DDB.e.4519/elements - {"using":"css selector","value":"td"}
RESULT: {"using":"css selector","value":"td"}
COMMAND: POST /session/93898e5d8213af02b008b7064a8e178d/element/f.DB6019AE2C79B0A323A25C7C2B3F3E26.d.F2334C67410391933CA10F7E703D1DDB.e.4584/element - {"using":"css selector","value":".sapMObjectNumberText"}
RESULT: {"using":"css selector","value":".sapMObjectNumberText"}
COMMAND: GET /session/93898e5d8213af02b008b7064a8e178d/element/f.DB6019AE2C79B0A323A25C7C2B3F3E26.d.F2334C67410391933CA10F7E703D1DDB.e.4586/text - {}
RESULT: {}
COMMAND: POST /session/93898e5d8213af02b008b7064a8e178d/element/f.DB6019AE2C79B0A323A25C7C2B3F3E26.d.F2334C67410391933CA10F7E703D1DDB.e.4585/element - {"using":"css selector","value":".sapMObjectNumberText"}
RESULT: {"using":"css selector","value":".sapMObjectNumberText"}
COMMAND: GET /session/93898e5d8213af02b008b7064a8e178d/element/f.DB6019AE2C79B0A323A25C7C2B3F3E26.d.F2334C67410391933CA10F7E703D1DDB.e.4587/text - {}
RESULT: {}
RESULT: undefined
COMMAND: POST /session/93898e5d8213af02b008b7064a8e178d/element - {"using":"xpath","value":"//*[@id=\"application-manageconditionprice-display-component---dailyPrices--editBtn\"]"}
RESULT: {"using":"xpath","value":"//*[@id=\"application-manageconditionprice-display-component---dailyPrices--editBtn\"]"}
COMMAND: POST /session/93898e5d8213af02b008b7064a8e178d/element/f.DB6019AE2C79B0A323A25C7C2B3F3E26.d.F2334C67410391933CA10F7E703D1DDB.e.4583/click - {}
RESULT: {}
COMMAND: POST /session/93898e5d8213af02b008b7064a8e178d/elements - {"using":"css selector","value":"table tr"}
COMMAND: GET /session/93898e5d8213af02b008b7064a8e178d/screenshot - {}
RESULT: {"using":"css selector","value":"table tr"}
COMMAND: POST /session/93898e5d8213af02b008b7064a8e178d/element/f.DB6019AE2C79B0A323A25C7C2B3F3E26.d.F2334C67410391933CA10F7E703D1DDB.e.4551/elements - {"using":"css selector","value":"input"}
RESULT: {}
RESULT: {"using":"css selector","value":"input"}
COMMAND: POST /session/93898e5d8213af02b008b7064a8e178d/element/f.DB6019AE2C79B0A323A25C7C2B3F3E26.d.F2334C67410391933CA10F7E703D1DDB.e.4602/clear - {}
COMMAND: POST /session/93898e5d8213af02b008b7064a8e178d/element/f.DB6019AE2C79B0A323A25C7C2B3F3E26.d.F2334C67410391933CA10F7E703D1DDB.e.4603/clear - {}
RESULT: {}
COMMAND: POST /session/93898e5d8213af02b008b7064a8e178d/element/f.DB6019AE2C79B0A323A25C7C2B3F3E26.d.F2334C67410391933CA10F7E703D1DDB.e.4603/value - {"text":"US Dollar"}
COMMAND: GET /session/93898e5d8213af02b008b7064a8e178d/screenshot - {}
RESULT: {}
COMMAND: POST /session/93898e5d8213af02b008b7064a8e178d/element/f.DB6019AE2C79B0A323A25C7C2B3F3E26.d.F2334C67410391933CA10F7E703D1DDB.e.4602/value - {"text":"566.1"}
COMMAND: GET /session/93898e5d8213af02b008b7064a8e178d/screenshot - {}
RESULT: {"text":"US Dollar"}
COMMAND: GET /session/93898e5d8213af02b008b7064a8e178d/screenshot - {}
RESULT: {}
RESULT: {"text":"566.1"}
COMMAND: GET /session/93898e5d8213af02b008b7064a8e178d/screenshot - {}
RESULT: undefined
COMMAND: POST /session/93898e5d8213af02b008b7064a8e178d/element - {"using":"xpath","value":"//*[@id=\"__button115\"]"}
RESULT: {}
RESULT: {}
RESULT: {}
RESULT: {"using":"xpath","value":"//*[@id=\"__button115\"]"}
COMMAND: POST /session/93898e5d8213af02b008b7064a8e178d/element/f.DB6019AE2C79B0A323A25C7C2B3F3E26.d.F2334C67410391933CA10F7E703D1DDB.e.4588/click - {}
RESULT: {}
COMMAND: GET /session/93898e5d8213af02b008b7064a8e178d/screenshot - {}
RESULT: {}
COMMAND: POST /session/93898e5d8213af02b008b7064a8e178d/elements - {"using":"css selector","value":"table tr"}
RESULT: {"using":"css selector","value":"table tr"}
COMMAND: POST /session/93898e5d8213af02b008b7064a8e178d/element/f.DB6019AE2C79B0A323A25C7C2B3F3E26.d.F2334C67410391933CA10F7E703D1DDB.e.4551/elements - {"using":"css selector","value":"td"}
RESULT: {"using":"css selector","value":"td"}
COMMAND: POST /session/93898e5d8213af02b008b7064a8e178d/element/f.DB6019AE2C79B0A323A25C7C2B3F3E26.d.F2334C67410391933CA10F7E703D1DDB.e.4607/element - {"using":"css selector","value":".sapMObjectNumberText"}
RESULT: {"using":"css selector","value":".sapMObjectNumberText"}
COMMAND: GET /session/93898e5d8213af02b008b7064a8e178d/element/f.DB6019AE2C79B0A323A25C7C2B3F3E26.d.F2334C67410391933CA10F7E703D1DDB.e.4609/text - {}
RESULT: {}
]]></system-out>
    </testcase>
    <testcase classname="chrome.136_0_7103_93.windows.Edit_and_delete_daily_price_US134629_US134627" name="Should go into edit and delete all the rows that match the yard we have created for this scenario check if all rows deleted" time="23.665">
      <system-out><![CDATA[
RESULT: undefined
COMMAND: POST /session/93898e5d8213af02b008b7064a8e178d/element - {"using":"xpath","value":"//*[@id=\"application-manageconditionprice-display-component---dailyPrices--editBtn\"]"}
RESULT: {"using":"xpath","value":"//*[@id=\"application-manageconditionprice-display-component---dailyPrices--editBtn\"]"}
COMMAND: POST /session/93898e5d8213af02b008b7064a8e178d/element/f.DB6019AE2C79B0A323A25C7C2B3F3E26.d.F2334C67410391933CA10F7E703D1DDB.e.4606/click - {}
RESULT: {}
COMMAND: GET /session/93898e5d8213af02b008b7064a8e178d/screenshot - {}
RESULT: {}
COMMAND: POST /session/93898e5d8213af02b008b7064a8e178d/elements - {"using":"css selector","value":"table tr"}
RESULT: {"using":"css selector","value":"table tr"}
COMMAND: POST /session/93898e5d8213af02b008b7064a8e178d/element/f.DB6019AE2C79B0A323A25C7C2B3F3E26.d.F2334C67410391933CA10F7E703D1DDB.e.4447/elements - {"using":"css selector","value":"td"}
RESULT: {"using":"css selector","value":"td"}
COMMAND: POST /session/93898e5d8213af02b008b7064a8e178d/element/f.DB6019AE2C79B0A323A25C7C2B3F3E26.d.F2334C67410391933CA10F7E703D1DDB.e.4448/elements - {"using":"css selector","value":"td"}
RESULT: {"using":"css selector","value":"td"}
COMMAND: POST /session/93898e5d8213af02b008b7064a8e178d/element/f.DB6019AE2C79B0A323A25C7C2B3F3E26.d.F2334C67410391933CA10F7E703D1DDB.e.4449/elements - {"using":"css selector","value":"td"}
RESULT: {"using":"css selector","value":"td"}
COMMAND: POST /session/93898e5d8213af02b008b7064a8e178d/element/f.DB6019AE2C79B0A323A25C7C2B3F3E26.d.F2334C67410391933CA10F7E703D1DDB.e.4400/elements - {"using":"css selector","value":"td"}
RESULT: {"using":"css selector","value":"td"}
COMMAND: POST /session/93898e5d8213af02b008b7064a8e178d/element/f.DB6019AE2C79B0A323A25C7C2B3F3E26.d.F2334C67410391933CA10F7E703D1DDB.e.4401/elements - {"using":"css selector","value":"td"}
RESULT: {"using":"css selector","value":"td"}
COMMAND: POST /session/93898e5d8213af02b008b7064a8e178d/element/f.DB6019AE2C79B0A323A25C7C2B3F3E26.d.F2334C67410391933CA10F7E703D1DDB.e.4407/elements - {"using":"css selector","value":"td"}
RESULT: {"using":"css selector","value":"td"}
COMMAND: POST /session/93898e5d8213af02b008b7064a8e178d/element/f.DB6019AE2C79B0A323A25C7C2B3F3E26.d.F2334C67410391933CA10F7E703D1DDB.e.4408/elements - {"using":"css selector","value":"td"}
RESULT: {"using":"css selector","value":"td"}
COMMAND: POST /session/93898e5d8213af02b008b7064a8e178d/element/f.DB6019AE2C79B0A323A25C7C2B3F3E26.d.F2334C67410391933CA10F7E703D1DDB.e.4417/elements - {"using":"css selector","value":"td"}
RESULT: {"using":"css selector","value":"td"}
COMMAND: POST /session/93898e5d8213af02b008b7064a8e178d/element/f.DB6019AE2C79B0A323A25C7C2B3F3E26.d.F2334C67410391933CA10F7E703D1DDB.e.4418/elements - {"using":"css selector","value":"td"}
RESULT: {"using":"css selector","value":"td"}
COMMAND: POST /session/93898e5d8213af02b008b7064a8e178d/element/f.DB6019AE2C79B0A323A25C7C2B3F3E26.d.F2334C67410391933CA10F7E703D1DDB.e.4421/elements - {"using":"css selector","value":"td"}
RESULT: {"using":"css selector","value":"td"}
COMMAND: POST /session/93898e5d8213af02b008b7064a8e178d/element/f.DB6019AE2C79B0A323A25C7C2B3F3E26.d.F2334C67410391933CA10F7E703D1DDB.e.4450/elements - {"using":"css selector","value":"td"}
RESULT: {"using":"css selector","value":"td"}
COMMAND: POST /session/93898e5d8213af02b008b7064a8e178d/element/f.DB6019AE2C79B0A323A25C7C2B3F3E26.d.F2334C67410391933CA10F7E703D1DDB.e.4451/elements - {"using":"css selector","value":"td"}
RESULT: {"using":"css selector","value":"td"}
COMMAND: POST /session/93898e5d8213af02b008b7064a8e178d/element/f.DB6019AE2C79B0A323A25C7C2B3F3E26.d.F2334C67410391933CA10F7E703D1DDB.e.4452/elements - {"using":"css selector","value":"td"}
RESULT: {"using":"css selector","value":"td"}
COMMAND: POST /session/93898e5d8213af02b008b7064a8e178d/element/f.DB6019AE2C79B0A323A25C7C2B3F3E26.d.F2334C67410391933CA10F7E703D1DDB.e.4453/elements - {"using":"css selector","value":"td"}
RESULT: {"using":"css selector","value":"td"}
COMMAND: POST /session/93898e5d8213af02b008b7064a8e178d/element/f.DB6019AE2C79B0A323A25C7C2B3F3E26.d.F2334C67410391933CA10F7E703D1DDB.e.4454/elements - {"using":"css selector","value":"td"}
RESULT: {"using":"css selector","value":"td"}
COMMAND: POST /session/93898e5d8213af02b008b7064a8e178d/element/f.DB6019AE2C79B0A323A25C7C2B3F3E26.d.F2334C67410391933CA10F7E703D1DDB.e.4455/elements - {"using":"css selector","value":"td"}
RESULT: {"using":"css selector","value":"td"}
COMMAND: POST /session/93898e5d8213af02b008b7064a8e178d/element/f.DB6019AE2C79B0A323A25C7C2B3F3E26.d.F2334C67410391933CA10F7E703D1DDB.e.4456/elements - {"using":"css selector","value":"td"}
RESULT: {"using":"css selector","value":"td"}
COMMAND: POST /session/93898e5d8213af02b008b7064a8e178d/element/f.DB6019AE2C79B0A323A25C7C2B3F3E26.d.F2334C67410391933CA10F7E703D1DDB.e.4457/elements - {"using":"css selector","value":"td"}
RESULT: {"using":"css selector","value":"td"}
COMMAND: POST /session/93898e5d8213af02b008b7064a8e178d/element/f.DB6019AE2C79B0A323A25C7C2B3F3E26.d.F2334C67410391933CA10F7E703D1DDB.e.4458/elements - {"using":"css selector","value":"td"}
RESULT: {"using":"css selector","value":"td"}
COMMAND: POST /session/93898e5d8213af02b008b7064a8e178d/element/f.DB6019AE2C79B0A323A25C7C2B3F3E26.d.F2334C67410391933CA10F7E703D1DDB.e.4459/elements - {"using":"css selector","value":"td"}
RESULT: {"using":"css selector","value":"td"}
COMMAND: POST /session/93898e5d8213af02b008b7064a8e178d/element/f.DB6019AE2C79B0A323A25C7C2B3F3E26.d.F2334C67410391933CA10F7E703D1DDB.e.4460/elements - {"using":"css selector","value":"td"}
RESULT: {"using":"css selector","value":"td"}
COMMAND: POST /session/93898e5d8213af02b008b7064a8e178d/element/f.DB6019AE2C79B0A323A25C7C2B3F3E26.d.F2334C67410391933CA10F7E703D1DDB.e.4461/elements - {"using":"css selector","value":"td"}
RESULT: {"using":"css selector","value":"td"}
COMMAND: POST /session/93898e5d8213af02b008b7064a8e178d/element/f.DB6019AE2C79B0A323A25C7C2B3F3E26.d.F2334C67410391933CA10F7E703D1DDB.e.4462/elements - {"using":"css selector","value":"td"}
RESULT: {"using":"css selector","value":"td"}
COMMAND: POST /session/93898e5d8213af02b008b7064a8e178d/element/f.DB6019AE2C79B0A323A25C7C2B3F3E26.d.F2334C67410391933CA10F7E703D1DDB.e.4463/elements - {"using":"css selector","value":"td"}
RESULT: {"using":"css selector","value":"td"}
COMMAND: POST /session/93898e5d8213af02b008b7064a8e178d/element/f.DB6019AE2C79B0A323A25C7C2B3F3E26.d.F2334C67410391933CA10F7E703D1DDB.e.4464/elements - {"using":"css selector","value":"td"}
RESULT: {"using":"css selector","value":"td"}
COMMAND: POST /session/93898e5d8213af02b008b7064a8e178d/element/f.DB6019AE2C79B0A323A25C7C2B3F3E26.d.F2334C67410391933CA10F7E703D1DDB.e.4465/elements - {"using":"css selector","value":"td"}
RESULT: {"using":"css selector","value":"td"}
COMMAND: POST /session/93898e5d8213af02b008b7064a8e178d/element/f.DB6019AE2C79B0A323A25C7C2B3F3E26.d.F2334C67410391933CA10F7E703D1DDB.e.4466/elements - {"using":"css selector","value":"td"}
RESULT: {"using":"css selector","value":"td"}
COMMAND: POST /session/93898e5d8213af02b008b7064a8e178d/element/f.DB6019AE2C79B0A323A25C7C2B3F3E26.d.F2334C67410391933CA10F7E703D1DDB.e.4467/elements - {"using":"css selector","value":"td"}
RESULT: {"using":"css selector","value":"td"}
COMMAND: POST /session/93898e5d8213af02b008b7064a8e178d/element/f.DB6019AE2C79B0A323A25C7C2B3F3E26.d.F2334C67410391933CA10F7E703D1DDB.e.4468/elements - {"using":"css selector","value":"td"}
RESULT: {"using":"css selector","value":"td"}
COMMAND: POST /session/93898e5d8213af02b008b7064a8e178d/element/f.DB6019AE2C79B0A323A25C7C2B3F3E26.d.F2334C67410391933CA10F7E703D1DDB.e.4469/elements - {"using":"css selector","value":"td"}
RESULT: {"using":"css selector","value":"td"}
COMMAND: POST /session/93898e5d8213af02b008b7064a8e178d/element/f.DB6019AE2C79B0A323A25C7C2B3F3E26.d.F2334C67410391933CA10F7E703D1DDB.e.4470/elements - {"using":"css selector","value":"td"}
RESULT: {"using":"css selector","value":"td"}
COMMAND: POST /session/93898e5d8213af02b008b7064a8e178d/element/f.DB6019AE2C79B0A323A25C7C2B3F3E26.d.F2334C67410391933CA10F7E703D1DDB.e.4471/elements - {"using":"css selector","value":"td"}
RESULT: {"using":"css selector","value":"td"}
COMMAND: POST /session/93898e5d8213af02b008b7064a8e178d/element/f.DB6019AE2C79B0A323A25C7C2B3F3E26.d.F2334C67410391933CA10F7E703D1DDB.e.4472/elements - {"using":"css selector","value":"td"}
RESULT: {"using":"css selector","value":"td"}
COMMAND: POST /session/93898e5d8213af02b008b7064a8e178d/element/f.DB6019AE2C79B0A323A25C7C2B3F3E26.d.F2334C67410391933CA10F7E703D1DDB.e.4473/elements - {"using":"css selector","value":"td"}
RESULT: {"using":"css selector","value":"td"}
COMMAND: POST /session/93898e5d8213af02b008b7064a8e178d/element/f.DB6019AE2C79B0A323A25C7C2B3F3E26.d.F2334C67410391933CA10F7E703D1DDB.e.4474/elements - {"using":"css selector","value":"td"}
RESULT: {"using":"css selector","value":"td"}
COMMAND: POST /session/93898e5d8213af02b008b7064a8e178d/element/f.DB6019AE2C79B0A323A25C7C2B3F3E26.d.F2334C67410391933CA10F7E703D1DDB.e.4475/elements - {"using":"css selector","value":"td"}
RESULT: {"using":"css selector","value":"td"}
COMMAND: POST /session/93898e5d8213af02b008b7064a8e178d/element/f.DB6019AE2C79B0A323A25C7C2B3F3E26.d.F2334C67410391933CA10F7E703D1DDB.e.4476/elements - {"using":"css selector","value":"td"}
RESULT: {"using":"css selector","value":"td"}
COMMAND: POST /session/93898e5d8213af02b008b7064a8e178d/element/f.DB6019AE2C79B0A323A25C7C2B3F3E26.d.F2334C67410391933CA10F7E703D1DDB.e.4477/elements - {"using":"css selector","value":"td"}
RESULT: {"using":"css selector","value":"td"}
COMMAND: POST /session/93898e5d8213af02b008b7064a8e178d/element/f.DB6019AE2C79B0A323A25C7C2B3F3E26.d.F2334C67410391933CA10F7E703D1DDB.e.4478/elements - {"using":"css selector","value":"td"}
RESULT: {"using":"css selector","value":"td"}
COMMAND: POST /session/93898e5d8213af02b008b7064a8e178d/element/f.DB6019AE2C79B0A323A25C7C2B3F3E26.d.F2334C67410391933CA10F7E703D1DDB.e.4479/elements - {"using":"css selector","value":"td"}
RESULT: {"using":"css selector","value":"td"}
COMMAND: POST /session/93898e5d8213af02b008b7064a8e178d/element/f.DB6019AE2C79B0A323A25C7C2B3F3E26.d.F2334C67410391933CA10F7E703D1DDB.e.4480/elements - {"using":"css selector","value":"td"}
RESULT: {"using":"css selector","value":"td"}
COMMAND: POST /session/93898e5d8213af02b008b7064a8e178d/element/f.DB6019AE2C79B0A323A25C7C2B3F3E26.d.F2334C67410391933CA10F7E703D1DDB.e.4481/elements - {"using":"css selector","value":"td"}
RESULT: {"using":"css selector","value":"td"}
COMMAND: POST /session/93898e5d8213af02b008b7064a8e178d/element/f.DB6019AE2C79B0A323A25C7C2B3F3E26.d.F2334C67410391933CA10F7E703D1DDB.e.4482/elements - {"using":"css selector","value":"td"}
RESULT: {"using":"css selector","value":"td"}
COMMAND: POST /session/93898e5d8213af02b008b7064a8e178d/element/f.DB6019AE2C79B0A323A25C7C2B3F3E26.d.F2334C67410391933CA10F7E703D1DDB.e.4483/elements - {"using":"css selector","value":"td"}
RESULT: {"using":"css selector","value":"td"}
COMMAND: POST /session/93898e5d8213af02b008b7064a8e178d/element/f.DB6019AE2C79B0A323A25C7C2B3F3E26.d.F2334C67410391933CA10F7E703D1DDB.e.4484/elements - {"using":"css selector","value":"td"}
RESULT: {"using":"css selector","value":"td"}
COMMAND: POST /session/93898e5d8213af02b008b7064a8e178d/element/f.DB6019AE2C79B0A323A25C7C2B3F3E26.d.F2334C67410391933CA10F7E703D1DDB.e.4485/elements - {"using":"css selector","value":"td"}
RESULT: {"using":"css selector","value":"td"}
COMMAND: POST /session/93898e5d8213af02b008b7064a8e178d/element/f.DB6019AE2C79B0A323A25C7C2B3F3E26.d.F2334C67410391933CA10F7E703D1DDB.e.4486/elements - {"using":"css selector","value":"td"}
RESULT: {"using":"css selector","value":"td"}
COMMAND: POST /session/93898e5d8213af02b008b7064a8e178d/element/f.DB6019AE2C79B0A323A25C7C2B3F3E26.d.F2334C67410391933CA10F7E703D1DDB.e.4487/elements - {"using":"css selector","value":"td"}
RESULT: {"using":"css selector","value":"td"}
COMMAND: POST /session/93898e5d8213af02b008b7064a8e178d/element/f.DB6019AE2C79B0A323A25C7C2B3F3E26.d.F2334C67410391933CA10F7E703D1DDB.e.4488/elements - {"using":"css selector","value":"td"}
RESULT: {"using":"css selector","value":"td"}
COMMAND: POST /session/93898e5d8213af02b008b7064a8e178d/element/f.DB6019AE2C79B0A323A25C7C2B3F3E26.d.F2334C67410391933CA10F7E703D1DDB.e.4489/elements - {"using":"css selector","value":"td"}
RESULT: {"using":"css selector","value":"td"}
COMMAND: POST /session/93898e5d8213af02b008b7064a8e178d/element/f.DB6019AE2C79B0A323A25C7C2B3F3E26.d.F2334C67410391933CA10F7E703D1DDB.e.4490/elements - {"using":"css selector","value":"td"}
RESULT: {"using":"css selector","value":"td"}
COMMAND: POST /session/93898e5d8213af02b008b7064a8e178d/element/f.DB6019AE2C79B0A323A25C7C2B3F3E26.d.F2334C67410391933CA10F7E703D1DDB.e.4491/elements - {"using":"css selector","value":"td"}
RESULT: {"using":"css selector","value":"td"}
COMMAND: POST /session/93898e5d8213af02b008b7064a8e178d/element/f.DB6019AE2C79B0A323A25C7C2B3F3E26.d.F2334C67410391933CA10F7E703D1DDB.e.4492/elements - {"using":"css selector","value":"td"}
RESULT: {"using":"css selector","value":"td"}
COMMAND: POST /session/93898e5d8213af02b008b7064a8e178d/element/f.DB6019AE2C79B0A323A25C7C2B3F3E26.d.F2334C67410391933CA10F7E703D1DDB.e.4493/elements - {"using":"css selector","value":"td"}
RESULT: {"using":"css selector","value":"td"}
COMMAND: POST /session/93898e5d8213af02b008b7064a8e178d/element/f.DB6019AE2C79B0A323A25C7C2B3F3E26.d.F2334C67410391933CA10F7E703D1DDB.e.4494/elements - {"using":"css selector","value":"td"}
RESULT: {"using":"css selector","value":"td"}
COMMAND: POST /session/93898e5d8213af02b008b7064a8e178d/element/f.DB6019AE2C79B0A323A25C7C2B3F3E26.d.F2334C67410391933CA10F7E703D1DDB.e.4495/elements - {"using":"css selector","value":"td"}
RESULT: {"using":"css selector","value":"td"}
COMMAND: POST /session/93898e5d8213af02b008b7064a8e178d/element/f.DB6019AE2C79B0A323A25C7C2B3F3E26.d.F2334C67410391933CA10F7E703D1DDB.e.4496/elements - {"using":"css selector","value":"td"}
RESULT: {"using":"css selector","value":"td"}
COMMAND: POST /session/93898e5d8213af02b008b7064a8e178d/element/f.DB6019AE2C79B0A323A25C7C2B3F3E26.d.F2334C67410391933CA10F7E703D1DDB.e.4497/elements - {"using":"css selector","value":"td"}
RESULT: {"using":"css selector","value":"td"}
COMMAND: POST /session/93898e5d8213af02b008b7064a8e178d/element/f.DB6019AE2C79B0A323A25C7C2B3F3E26.d.F2334C67410391933CA10F7E703D1DDB.e.4498/elements - {"using":"css selector","value":"td"}
RESULT: {"using":"css selector","value":"td"}
COMMAND: POST /session/93898e5d8213af02b008b7064a8e178d/element/f.DB6019AE2C79B0A323A25C7C2B3F3E26.d.F2334C67410391933CA10F7E703D1DDB.e.4499/elements - {"using":"css selector","value":"td"}
RESULT: {"using":"css selector","value":"td"}
COMMAND: POST /session/93898e5d8213af02b008b7064a8e178d/element/f.DB6019AE2C79B0A323A25C7C2B3F3E26.d.F2334C67410391933CA10F7E703D1DDB.e.4500/elements - {"using":"css selector","value":"td"}
RESULT: {"using":"css selector","value":"td"}
COMMAND: POST /session/93898e5d8213af02b008b7064a8e178d/element/f.DB6019AE2C79B0A323A25C7C2B3F3E26.d.F2334C67410391933CA10F7E703D1DDB.e.4501/elements - {"using":"css selector","value":"td"}
RESULT: {"using":"css selector","value":"td"}
COMMAND: POST /session/93898e5d8213af02b008b7064a8e178d/element/f.DB6019AE2C79B0A323A25C7C2B3F3E26.d.F2334C67410391933CA10F7E703D1DDB.e.4502/elements - {"using":"css selector","value":"td"}
RESULT: {"using":"css selector","value":"td"}
COMMAND: POST /session/93898e5d8213af02b008b7064a8e178d/element/f.DB6019AE2C79B0A323A25C7C2B3F3E26.d.F2334C67410391933CA10F7E703D1DDB.e.4503/elements - {"using":"css selector","value":"td"}
RESULT: {"using":"css selector","value":"td"}
COMMAND: POST /session/93898e5d8213af02b008b7064a8e178d/element/f.DB6019AE2C79B0A323A25C7C2B3F3E26.d.F2334C67410391933CA10F7E703D1DDB.e.4504/elements - {"using":"css selector","value":"td"}
RESULT: {"using":"css selector","value":"td"}
COMMAND: POST /session/93898e5d8213af02b008b7064a8e178d/element/f.DB6019AE2C79B0A323A25C7C2B3F3E26.d.F2334C67410391933CA10F7E703D1DDB.e.4505/elements - {"using":"css selector","value":"td"}
RESULT: {"using":"css selector","value":"td"}
COMMAND: POST /session/93898e5d8213af02b008b7064a8e178d/element/f.DB6019AE2C79B0A323A25C7C2B3F3E26.d.F2334C67410391933CA10F7E703D1DDB.e.4506/elements - {"using":"css selector","value":"td"}
RESULT: {"using":"css selector","value":"td"}
COMMAND: POST /session/93898e5d8213af02b008b7064a8e178d/element/f.DB6019AE2C79B0A323A25C7C2B3F3E26.d.F2334C67410391933CA10F7E703D1DDB.e.4507/elements - {"using":"css selector","value":"td"}
RESULT: {"using":"css selector","value":"td"}
COMMAND: POST /session/93898e5d8213af02b008b7064a8e178d/element/f.DB6019AE2C79B0A323A25C7C2B3F3E26.d.F2334C67410391933CA10F7E703D1DDB.e.4508/elements - {"using":"css selector","value":"td"}
RESULT: {"using":"css selector","value":"td"}
COMMAND: POST /session/93898e5d8213af02b008b7064a8e178d/element/f.DB6019AE2C79B0A323A25C7C2B3F3E26.d.F2334C67410391933CA10F7E703D1DDB.e.4509/elements - {"using":"css selector","value":"td"}
RESULT: {"using":"css selector","value":"td"}
COMMAND: POST /session/93898e5d8213af02b008b7064a8e178d/element/f.DB6019AE2C79B0A323A25C7C2B3F3E26.d.F2334C67410391933CA10F7E703D1DDB.e.4510/elements - {"using":"css selector","value":"td"}
RESULT: {"using":"css selector","value":"td"}
COMMAND: POST /session/93898e5d8213af02b008b7064a8e178d/element/f.DB6019AE2C79B0A323A25C7C2B3F3E26.d.F2334C67410391933CA10F7E703D1DDB.e.4511/elements - {"using":"css selector","value":"td"}
RESULT: {"using":"css selector","value":"td"}
COMMAND: POST /session/93898e5d8213af02b008b7064a8e178d/element/f.DB6019AE2C79B0A323A25C7C2B3F3E26.d.F2334C67410391933CA10F7E703D1DDB.e.4512/elements - {"using":"css selector","value":"td"}
RESULT: {"using":"css selector","value":"td"}
COMMAND: POST /session/93898e5d8213af02b008b7064a8e178d/element/f.DB6019AE2C79B0A323A25C7C2B3F3E26.d.F2334C67410391933CA10F7E703D1DDB.e.4513/elements - {"using":"css selector","value":"td"}
RESULT: {"using":"css selector","value":"td"}
COMMAND: POST /session/93898e5d8213af02b008b7064a8e178d/element/f.DB6019AE2C79B0A323A25C7C2B3F3E26.d.F2334C67410391933CA10F7E703D1DDB.e.4514/elements - {"using":"css selector","value":"td"}
RESULT: {"using":"css selector","value":"td"}
COMMAND: POST /session/93898e5d8213af02b008b7064a8e178d/element/f.DB6019AE2C79B0A323A25C7C2B3F3E26.d.F2334C67410391933CA10F7E703D1DDB.e.4515/elements - {"using":"css selector","value":"td"}
RESULT: {"using":"css selector","value":"td"}
COMMAND: POST /session/93898e5d8213af02b008b7064a8e178d/element/f.DB6019AE2C79B0A323A25C7C2B3F3E26.d.F2334C67410391933CA10F7E703D1DDB.e.4516/elements - {"using":"css selector","value":"td"}
RESULT: {"using":"css selector","value":"td"}
COMMAND: POST /session/93898e5d8213af02b008b7064a8e178d/element/f.DB6019AE2C79B0A323A25C7C2B3F3E26.d.F2334C67410391933CA10F7E703D1DDB.e.4517/elements - {"using":"css selector","value":"td"}
RESULT: {"using":"css selector","value":"td"}
COMMAND: POST /session/93898e5d8213af02b008b7064a8e178d/element/f.DB6019AE2C79B0A323A25C7C2B3F3E26.d.F2334C67410391933CA10F7E703D1DDB.e.4518/elements - {"using":"css selector","value":"td"}
RESULT: {"using":"css selector","value":"td"}
COMMAND: POST /session/93898e5d8213af02b008b7064a8e178d/element/f.DB6019AE2C79B0A323A25C7C2B3F3E26.d.F2334C67410391933CA10F7E703D1DDB.e.4519/elements - {"using":"css selector","value":"td"}
RESULT: {"using":"css selector","value":"td"}
COMMAND: POST /session/93898e5d8213af02b008b7064a8e178d/element/f.DB6019AE2C79B0A323A25C7C2B3F3E26.d.F2334C67410391933CA10F7E703D1DDB.e.4541/element - {"using":"css selector","value":"input"}
RESULT: {"using":"css selector","value":"input"}
COMMAND: GET /session/93898e5d8213af02b008b7064a8e178d/element/f.DB6019AE2C79B0A323A25C7C2B3F3E26.d.F2334C67410391933CA10F7E703D1DDB.e.4524/property/value - {}
RESULT: {}
COMMAND: POST /session/93898e5d8213af02b008b7064a8e178d/element/f.DB6019AE2C79B0A323A25C7C2B3F3E26.d.F2334C67410391933CA10F7E703D1DDB.e.4519/element - {"using":"css selector","value":".sapMCbBg"}
COMMAND: GET /session/93898e5d8213af02b008b7064a8e178d/screenshot - {}
RESULT: {"using":"css selector","value":".sapMCbBg"}
COMMAND: GET /session/93898e5d8213af02b008b7064a8e178d/element/f.DB6019AE2C79B0A323A25C7C2B3F3E26.d.F2334C67410391933CA10F7E703D1DDB.e.4920/selected - {}
RESULT: {}
RESULT: {}
COMMAND: POST /session/93898e5d8213af02b008b7064a8e178d/element/f.DB6019AE2C79B0A323A25C7C2B3F3E26.d.F2334C67410391933CA10F7E703D1DDB.e.4920/click - {}
COMMAND: GET /session/93898e5d8213af02b008b7064a8e178d/screenshot - {}
RESULT: {}
COMMAND: POST /session/93898e5d8213af02b008b7064a8e178d/element/f.DB6019AE2C79B0A323A25C7C2B3F3E26.d.F2334C67410391933CA10F7E703D1DDB.e.4551/elements - {"using":"css selector","value":"td"}
COMMAND: GET /session/93898e5d8213af02b008b7064a8e178d/screenshot - {}
RESULT: {}
RESULT: {"using":"css selector","value":"td"}
COMMAND: POST /session/93898e5d8213af02b008b7064a8e178d/element/f.DB6019AE2C79B0A323A25C7C2B3F3E26.d.F2334C67410391933CA10F7E703D1DDB.e.4573/element - {"using":"css selector","value":"input"}
RESULT: {}
RESULT: {"using":"css selector","value":"input"}
COMMAND: GET /session/93898e5d8213af02b008b7064a8e178d/element/f.DB6019AE2C79B0A323A25C7C2B3F3E26.d.F2334C67410391933CA10F7E703D1DDB.e.4556/property/value - {}
RESULT: {}
COMMAND: POST /session/93898e5d8213af02b008b7064a8e178d/element/f.DB6019AE2C79B0A323A25C7C2B3F3E26.d.F2334C67410391933CA10F7E703D1DDB.e.4551/element - {"using":"css selector","value":".sapMCbBg"}
COMMAND: GET /session/93898e5d8213af02b008b7064a8e178d/screenshot - {}
RESULT: {"using":"css selector","value":".sapMCbBg"}
COMMAND: GET /session/93898e5d8213af02b008b7064a8e178d/element/f.DB6019AE2C79B0A323A25C7C2B3F3E26.d.F2334C67410391933CA10F7E703D1DDB.e.4924/selected - {}
RESULT: {}
RESULT: {}
COMMAND: POST /session/93898e5d8213af02b008b7064a8e178d/element/f.DB6019AE2C79B0A323A25C7C2B3F3E26.d.F2334C67410391933CA10F7E703D1DDB.e.4924/click - {}
COMMAND: GET /session/93898e5d8213af02b008b7064a8e178d/screenshot - {}
RESULT: {}
COMMAND: GET /session/93898e5d8213af02b008b7064a8e178d/screenshot - {}
RESULT: {}
RESULT: {}
COMMAND: POST /session/93898e5d8213af02b008b7064a8e178d/execute/async - {"script":"<script> [1562 bytes]","args":[{"selector":{"id":"application-manageconditionprice-display-component---dailyPrices--deleteBtn","interaction":{"idSuffix":"content"}},"wdio_ui5_key":"applicationmanageconditionprice-display-component---dailyPrices--deleteBtn"}]}
RESULT: {"script":"<script> [1562 bytes]","args":[{"selector":{"id":"application-manageconditionprice-display-component---dailyPrices--deleteBtn","interaction":{"idSuffix":"content"}},"wdio_ui5_key":"applicationmanageconditionprice-display-component---dailyPrices--deleteBtn"}]}
RESULT: undefined
COMMAND: POST /session/93898e5d8213af02b008b7064a8e178d/element - {"using":"xpath","value":"//*[@id=\"application-manageconditionprice-display-component---dailyPrices--deleteBtn\"]"}
RESULT: {"using":"xpath","value":"//*[@id=\"application-manageconditionprice-display-component---dailyPrices--deleteBtn\"]"}
COMMAND: POST /session/93898e5d8213af02b008b7064a8e178d/element/f.DB6019AE2C79B0A323A25C7C2B3F3E26.d.F2334C67410391933CA10F7E703D1DDB.e.4926/click - {}
RESULT: {}
COMMAND: POST /session/93898e5d8213af02b008b7064a8e178d/execute/async - {"script":"<script> [1562 bytes]","args":[{"selector":{"controlType":"sap.m.Button","properties":{"text":"OK"},"searchOpenDialogs":true,"interaction":{"idSuffix":"BDI-content"}},"wdio_ui5_key":"sapm.Button{\"text\":\"OK\"}"}]}
COMMAND: GET /session/93898e5d8213af02b008b7064a8e178d/screenshot - {}
RESULT: {"script":"<script> [1562 bytes]","args":[{"selector":{"controlType":"sap.m.Button","properties":{"text":"OK"},"searchOpenDialogs":true,"interaction":{"idSuffix":"BDI-content"}},"wdio_ui5_key":"sapm.Button{\"text\":\"OK\"}"}]}
RESULT: undefined
COMMAND: POST /session/93898e5d8213af02b008b7064a8e178d/element - {"using":"xpath","value":"//*[@id=\"__mbox-btn-0\"]"}
RESULT: {}
RESULT: {"using":"xpath","value":"//*[@id=\"__mbox-btn-0\"]"}
COMMAND: POST /session/93898e5d8213af02b008b7064a8e178d/element/f.DB6019AE2C79B0A323A25C7C2B3F3E26.d.F2334C67410391933CA10F7E703D1DDB.e.4927/click - {}
RESULT: {}
COMMAND: GET /session/93898e5d8213af02b008b7064a8e178d/screenshot - {}
RESULT: {}
RESULT: undefined
COMMAND: POST /session/93898e5d8213af02b008b7064a8e178d/element - {"using":"xpath","value":"//*[@id=\"__button115\"]"}
RESULT: {"using":"xpath","value":"//*[@id=\"__button115\"]"}
COMMAND: POST /session/93898e5d8213af02b008b7064a8e178d/element/f.DB6019AE2C79B0A323A25C7C2B3F3E26.d.F2334C67410391933CA10F7E703D1DDB.e.4610/click - {}
RESULT: {}
COMMAND: GET /session/93898e5d8213af02b008b7064a8e178d/screenshot - {}
RESULT: {}
COMMAND: POST /session/93898e5d8213af02b008b7064a8e178d/elements - {"using":"css selector","value":"table tr"}
RESULT: {"using":"css selector","value":"table tr"}
COMMAND: POST /session/93898e5d8213af02b008b7064a8e178d/element/f.DB6019AE2C79B0A323A25C7C2B3F3E26.d.F2334C67410391933CA10F7E703D1DDB.e.4447/elements - {"using":"css selector","value":"td"}
RESULT: {"using":"css selector","value":"td"}
COMMAND: POST /session/93898e5d8213af02b008b7064a8e178d/element/f.DB6019AE2C79B0A323A25C7C2B3F3E26.d.F2334C67410391933CA10F7E703D1DDB.e.4448/elements - {"using":"css selector","value":"td"}
RESULT: {"using":"css selector","value":"td"}
COMMAND: POST /session/93898e5d8213af02b008b7064a8e178d/element/f.DB6019AE2C79B0A323A25C7C2B3F3E26.d.F2334C67410391933CA10F7E703D1DDB.e.4449/elements - {"using":"css selector","value":"td"}
RESULT: {"using":"css selector","value":"td"}
COMMAND: POST /session/93898e5d8213af02b008b7064a8e178d/element/f.DB6019AE2C79B0A323A25C7C2B3F3E26.d.F2334C67410391933CA10F7E703D1DDB.e.4400/elements - {"using":"css selector","value":"td"}
RESULT: {"using":"css selector","value":"td"}
COMMAND: POST /session/93898e5d8213af02b008b7064a8e178d/element/f.DB6019AE2C79B0A323A25C7C2B3F3E26.d.F2334C67410391933CA10F7E703D1DDB.e.4401/elements - {"using":"css selector","value":"td"}
RESULT: {"using":"css selector","value":"td"}
COMMAND: POST /session/93898e5d8213af02b008b7064a8e178d/element/f.DB6019AE2C79B0A323A25C7C2B3F3E26.d.F2334C67410391933CA10F7E703D1DDB.e.4407/elements - {"using":"css selector","value":"td"}
RESULT: {"using":"css selector","value":"td"}
COMMAND: POST /session/93898e5d8213af02b008b7064a8e178d/element/f.DB6019AE2C79B0A323A25C7C2B3F3E26.d.F2334C67410391933CA10F7E703D1DDB.e.4408/elements - {"using":"css selector","value":"td"}
RESULT: {"using":"css selector","value":"td"}
COMMAND: POST /session/93898e5d8213af02b008b7064a8e178d/element/f.DB6019AE2C79B0A323A25C7C2B3F3E26.d.F2334C67410391933CA10F7E703D1DDB.e.4417/elements - {"using":"css selector","value":"td"}
RESULT: {"using":"css selector","value":"td"}
COMMAND: POST /session/93898e5d8213af02b008b7064a8e178d/element/f.DB6019AE2C79B0A323A25C7C2B3F3E26.d.F2334C67410391933CA10F7E703D1DDB.e.4418/elements - {"using":"css selector","value":"td"}
RESULT: {"using":"css selector","value":"td"}
COMMAND: POST /session/93898e5d8213af02b008b7064a8e178d/element/f.DB6019AE2C79B0A323A25C7C2B3F3E26.d.F2334C67410391933CA10F7E703D1DDB.e.4421/elements - {"using":"css selector","value":"td"}
RESULT: {"using":"css selector","value":"td"}
COMMAND: POST /session/93898e5d8213af02b008b7064a8e178d/element/f.DB6019AE2C79B0A323A25C7C2B3F3E26.d.F2334C67410391933CA10F7E703D1DDB.e.4450/elements - {"using":"css selector","value":"td"}
RESULT: {"using":"css selector","value":"td"}
COMMAND: POST /session/93898e5d8213af02b008b7064a8e178d/element/f.DB6019AE2C79B0A323A25C7C2B3F3E26.d.F2334C67410391933CA10F7E703D1DDB.e.4451/elements - {"using":"css selector","value":"td"}
RESULT: {"using":"css selector","value":"td"}
COMMAND: POST /session/93898e5d8213af02b008b7064a8e178d/element/f.DB6019AE2C79B0A323A25C7C2B3F3E26.d.F2334C67410391933CA10F7E703D1DDB.e.4452/elements - {"using":"css selector","value":"td"}
RESULT: {"using":"css selector","value":"td"}
COMMAND: POST /session/93898e5d8213af02b008b7064a8e178d/element/f.DB6019AE2C79B0A323A25C7C2B3F3E26.d.F2334C67410391933CA10F7E703D1DDB.e.4453/elements - {"using":"css selector","value":"td"}
RESULT: {"using":"css selector","value":"td"}
COMMAND: POST /session/93898e5d8213af02b008b7064a8e178d/element/f.DB6019AE2C79B0A323A25C7C2B3F3E26.d.F2334C67410391933CA10F7E703D1DDB.e.4454/elements - {"using":"css selector","value":"td"}
RESULT: {"using":"css selector","value":"td"}
COMMAND: POST /session/93898e5d8213af02b008b7064a8e178d/element/f.DB6019AE2C79B0A323A25C7C2B3F3E26.d.F2334C67410391933CA10F7E703D1DDB.e.4455/elements - {"using":"css selector","value":"td"}
RESULT: {"using":"css selector","value":"td"}
COMMAND: POST /session/93898e5d8213af02b008b7064a8e178d/element/f.DB6019AE2C79B0A323A25C7C2B3F3E26.d.F2334C67410391933CA10F7E703D1DDB.e.4456/elements - {"using":"css selector","value":"td"}
RESULT: {"using":"css selector","value":"td"}
COMMAND: POST /session/93898e5d8213af02b008b7064a8e178d/element/f.DB6019AE2C79B0A323A25C7C2B3F3E26.d.F2334C67410391933CA10F7E703D1DDB.e.4457/elements - {"using":"css selector","value":"td"}
RESULT: {"using":"css selector","value":"td"}
COMMAND: POST /session/93898e5d8213af02b008b7064a8e178d/element/f.DB6019AE2C79B0A323A25C7C2B3F3E26.d.F2334C67410391933CA10F7E703D1DDB.e.4458/elements - {"using":"css selector","value":"td"}
RESULT: {"using":"css selector","value":"td"}
COMMAND: POST /session/93898e5d8213af02b008b7064a8e178d/element/f.DB6019AE2C79B0A323A25C7C2B3F3E26.d.F2334C67410391933CA10F7E703D1DDB.e.4459/elements - {"using":"css selector","value":"td"}
RESULT: {"using":"css selector","value":"td"}
COMMAND: POST /session/93898e5d8213af02b008b7064a8e178d/element/f.DB6019AE2C79B0A323A25C7C2B3F3E26.d.F2334C67410391933CA10F7E703D1DDB.e.4460/elements - {"using":"css selector","value":"td"}
RESULT: {"using":"css selector","value":"td"}
COMMAND: POST /session/93898e5d8213af02b008b7064a8e178d/element/f.DB6019AE2C79B0A323A25C7C2B3F3E26.d.F2334C67410391933CA10F7E703D1DDB.e.4461/elements - {"using":"css selector","value":"td"}
RESULT: {"using":"css selector","value":"td"}
COMMAND: POST /session/93898e5d8213af02b008b7064a8e178d/element/f.DB6019AE2C79B0A323A25C7C2B3F3E26.d.F2334C67410391933CA10F7E703D1DDB.e.4462/elements - {"using":"css selector","value":"td"}
RESULT: {"using":"css selector","value":"td"}
COMMAND: POST /session/93898e5d8213af02b008b7064a8e178d/element/f.DB6019AE2C79B0A323A25C7C2B3F3E26.d.F2334C67410391933CA10F7E703D1DDB.e.4463/elements - {"using":"css selector","value":"td"}
RESULT: {"using":"css selector","value":"td"}
COMMAND: POST /session/93898e5d8213af02b008b7064a8e178d/element/f.DB6019AE2C79B0A323A25C7C2B3F3E26.d.F2334C67410391933CA10F7E703D1DDB.e.4464/elements - {"using":"css selector","value":"td"}
RESULT: {"using":"css selector","value":"td"}
COMMAND: POST /session/93898e5d8213af02b008b7064a8e178d/element/f.DB6019AE2C79B0A323A25C7C2B3F3E26.d.F2334C67410391933CA10F7E703D1DDB.e.4465/elements - {"using":"css selector","value":"td"}
RESULT: {"using":"css selector","value":"td"}
COMMAND: POST /session/93898e5d8213af02b008b7064a8e178d/element/f.DB6019AE2C79B0A323A25C7C2B3F3E26.d.F2334C67410391933CA10F7E703D1DDB.e.4466/elements - {"using":"css selector","value":"td"}
RESULT: {"using":"css selector","value":"td"}
COMMAND: POST /session/93898e5d8213af02b008b7064a8e178d/element/f.DB6019AE2C79B0A323A25C7C2B3F3E26.d.F2334C67410391933CA10F7E703D1DDB.e.4467/elements - {"using":"css selector","value":"td"}
RESULT: {"using":"css selector","value":"td"}
COMMAND: POST /session/93898e5d8213af02b008b7064a8e178d/element/f.DB6019AE2C79B0A323A25C7C2B3F3E26.d.F2334C67410391933CA10F7E703D1DDB.e.4468/elements - {"using":"css selector","value":"td"}
RESULT: {"using":"css selector","value":"td"}
COMMAND: POST /session/93898e5d8213af02b008b7064a8e178d/element/f.DB6019AE2C79B0A323A25C7C2B3F3E26.d.F2334C67410391933CA10F7E703D1DDB.e.4469/elements - {"using":"css selector","value":"td"}
RESULT: {"using":"css selector","value":"td"}
COMMAND: POST /session/93898e5d8213af02b008b7064a8e178d/element/f.DB6019AE2C79B0A323A25C7C2B3F3E26.d.F2334C67410391933CA10F7E703D1DDB.e.4470/elements - {"using":"css selector","value":"td"}
RESULT: {"using":"css selector","value":"td"}
COMMAND: POST /session/93898e5d8213af02b008b7064a8e178d/element/f.DB6019AE2C79B0A323A25C7C2B3F3E26.d.F2334C67410391933CA10F7E703D1DDB.e.4471/elements - {"using":"css selector","value":"td"}
RESULT: {"using":"css selector","value":"td"}
COMMAND: POST /session/93898e5d8213af02b008b7064a8e178d/element/f.DB6019AE2C79B0A323A25C7C2B3F3E26.d.F2334C67410391933CA10F7E703D1DDB.e.4472/elements - {"using":"css selector","value":"td"}
RESULT: {"using":"css selector","value":"td"}
COMMAND: POST /session/93898e5d8213af02b008b7064a8e178d/element/f.DB6019AE2C79B0A323A25C7C2B3F3E26.d.F2334C67410391933CA10F7E703D1DDB.e.4473/elements - {"using":"css selector","value":"td"}
RESULT: {"using":"css selector","value":"td"}
COMMAND: POST /session/93898e5d8213af02b008b7064a8e178d/element/f.DB6019AE2C79B0A323A25C7C2B3F3E26.d.F2334C67410391933CA10F7E703D1DDB.e.4474/elements - {"using":"css selector","value":"td"}
RESULT: {"using":"css selector","value":"td"}
COMMAND: POST /session/93898e5d8213af02b008b7064a8e178d/element/f.DB6019AE2C79B0A323A25C7C2B3F3E26.d.F2334C67410391933CA10F7E703D1DDB.e.4475/elements - {"using":"css selector","value":"td"}
RESULT: {"using":"css selector","value":"td"}
COMMAND: POST /session/93898e5d8213af02b008b7064a8e178d/element/f.DB6019AE2C79B0A323A25C7C2B3F3E26.d.F2334C67410391933CA10F7E703D1DDB.e.4476/elements - {"using":"css selector","value":"td"}
RESULT: {"using":"css selector","value":"td"}
COMMAND: POST /session/93898e5d8213af02b008b7064a8e178d/element/f.DB6019AE2C79B0A323A25C7C2B3F3E26.d.F2334C67410391933CA10F7E703D1DDB.e.4477/elements - {"using":"css selector","value":"td"}
RESULT: {"using":"css selector","value":"td"}
COMMAND: POST /session/93898e5d8213af02b008b7064a8e178d/element/f.DB6019AE2C79B0A323A25C7C2B3F3E26.d.F2334C67410391933CA10F7E703D1DDB.e.4478/elements - {"using":"css selector","value":"td"}
RESULT: {"using":"css selector","value":"td"}
COMMAND: POST /session/93898e5d8213af02b008b7064a8e178d/element/f.DB6019AE2C79B0A323A25C7C2B3F3E26.d.F2334C67410391933CA10F7E703D1DDB.e.4479/elements - {"using":"css selector","value":"td"}
RESULT: {"using":"css selector","value":"td"}
COMMAND: POST /session/93898e5d8213af02b008b7064a8e178d/element/f.DB6019AE2C79B0A323A25C7C2B3F3E26.d.F2334C67410391933CA10F7E703D1DDB.e.4480/elements - {"using":"css selector","value":"td"}
RESULT: {"using":"css selector","value":"td"}
COMMAND: POST /session/93898e5d8213af02b008b7064a8e178d/element/f.DB6019AE2C79B0A323A25C7C2B3F3E26.d.F2334C67410391933CA10F7E703D1DDB.e.4481/elements - {"using":"css selector","value":"td"}
RESULT: {"using":"css selector","value":"td"}
COMMAND: POST /session/93898e5d8213af02b008b7064a8e178d/element/f.DB6019AE2C79B0A323A25C7C2B3F3E26.d.F2334C67410391933CA10F7E703D1DDB.e.4482/elements - {"using":"css selector","value":"td"}
RESULT: {"using":"css selector","value":"td"}
COMMAND: POST /session/93898e5d8213af02b008b7064a8e178d/element/f.DB6019AE2C79B0A323A25C7C2B3F3E26.d.F2334C67410391933CA10F7E703D1DDB.e.4483/elements - {"using":"css selector","value":"td"}
RESULT: {"using":"css selector","value":"td"}
COMMAND: POST /session/93898e5d8213af02b008b7064a8e178d/element/f.DB6019AE2C79B0A323A25C7C2B3F3E26.d.F2334C67410391933CA10F7E703D1DDB.e.4484/elements - {"using":"css selector","value":"td"}
RESULT: {"using":"css selector","value":"td"}
COMMAND: POST /session/93898e5d8213af02b008b7064a8e178d/element/f.DB6019AE2C79B0A323A25C7C2B3F3E26.d.F2334C67410391933CA10F7E703D1DDB.e.4485/elements - {"using":"css selector","value":"td"}
RESULT: {"using":"css selector","value":"td"}
COMMAND: POST /session/93898e5d8213af02b008b7064a8e178d/element/f.DB6019AE2C79B0A323A25C7C2B3F3E26.d.F2334C67410391933CA10F7E703D1DDB.e.4486/elements - {"using":"css selector","value":"td"}
RESULT: {"using":"css selector","value":"td"}
COMMAND: POST /session/93898e5d8213af02b008b7064a8e178d/element/f.DB6019AE2C79B0A323A25C7C2B3F3E26.d.F2334C67410391933CA10F7E703D1DDB.e.4487/elements - {"using":"css selector","value":"td"}
RESULT: {"using":"css selector","value":"td"}
COMMAND: POST /session/93898e5d8213af02b008b7064a8e178d/element/f.DB6019AE2C79B0A323A25C7C2B3F3E26.d.F2334C67410391933CA10F7E703D1DDB.e.4488/elements - {"using":"css selector","value":"td"}
RESULT: {"using":"css selector","value":"td"}
COMMAND: POST /session/93898e5d8213af02b008b7064a8e178d/element/f.DB6019AE2C79B0A323A25C7C2B3F3E26.d.F2334C67410391933CA10F7E703D1DDB.e.4489/elements - {"using":"css selector","value":"td"}
RESULT: {"using":"css selector","value":"td"}
COMMAND: POST /session/93898e5d8213af02b008b7064a8e178d/element/f.DB6019AE2C79B0A323A25C7C2B3F3E26.d.F2334C67410391933CA10F7E703D1DDB.e.4490/elements - {"using":"css selector","value":"td"}
RESULT: {"using":"css selector","value":"td"}
COMMAND: POST /session/93898e5d8213af02b008b7064a8e178d/element/f.DB6019AE2C79B0A323A25C7C2B3F3E26.d.F2334C67410391933CA10F7E703D1DDB.e.4491/elements - {"using":"css selector","value":"td"}
RESULT: {"using":"css selector","value":"td"}
COMMAND: POST /session/93898e5d8213af02b008b7064a8e178d/element/f.DB6019AE2C79B0A323A25C7C2B3F3E26.d.F2334C67410391933CA10F7E703D1DDB.e.4492/elements - {"using":"css selector","value":"td"}
RESULT: {"using":"css selector","value":"td"}
COMMAND: POST /session/93898e5d8213af02b008b7064a8e178d/element/f.DB6019AE2C79B0A323A25C7C2B3F3E26.d.F2334C67410391933CA10F7E703D1DDB.e.4493/elements - {"using":"css selector","value":"td"}
RESULT: {"using":"css selector","value":"td"}
COMMAND: POST /session/93898e5d8213af02b008b7064a8e178d/element/f.DB6019AE2C79B0A323A25C7C2B3F3E26.d.F2334C67410391933CA10F7E703D1DDB.e.4494/elements - {"using":"css selector","value":"td"}
RESULT: {"using":"css selector","value":"td"}
COMMAND: POST /session/93898e5d8213af02b008b7064a8e178d/element/f.DB6019AE2C79B0A323A25C7C2B3F3E26.d.F2334C67410391933CA10F7E703D1DDB.e.4495/elements - {"using":"css selector","value":"td"}
RESULT: {"using":"css selector","value":"td"}
COMMAND: POST /session/93898e5d8213af02b008b7064a8e178d/element/f.DB6019AE2C79B0A323A25C7C2B3F3E26.d.F2334C67410391933CA10F7E703D1DDB.e.4496/elements - {"using":"css selector","value":"td"}
RESULT: {"using":"css selector","value":"td"}
COMMAND: POST /session/93898e5d8213af02b008b7064a8e178d/element/f.DB6019AE2C79B0A323A25C7C2B3F3E26.d.F2334C67410391933CA10F7E703D1DDB.e.4497/elements - {"using":"css selector","value":"td"}
RESULT: {"using":"css selector","value":"td"}
COMMAND: POST /session/93898e5d8213af02b008b7064a8e178d/element/f.DB6019AE2C79B0A323A25C7C2B3F3E26.d.F2334C67410391933CA10F7E703D1DDB.e.4498/elements - {"using":"css selector","value":"td"}
RESULT: {"using":"css selector","value":"td"}
COMMAND: POST /session/93898e5d8213af02b008b7064a8e178d/element/f.DB6019AE2C79B0A323A25C7C2B3F3E26.d.F2334C67410391933CA10F7E703D1DDB.e.4499/elements - {"using":"css selector","value":"td"}
RESULT: {"using":"css selector","value":"td"}
COMMAND: POST /session/93898e5d8213af02b008b7064a8e178d/element/f.DB6019AE2C79B0A323A25C7C2B3F3E26.d.F2334C67410391933CA10F7E703D1DDB.e.4500/elements - {"using":"css selector","value":"td"}
RESULT: {"using":"css selector","value":"td"}
COMMAND: POST /session/93898e5d8213af02b008b7064a8e178d/element/f.DB6019AE2C79B0A323A25C7C2B3F3E26.d.F2334C67410391933CA10F7E703D1DDB.e.4501/elements - {"using":"css selector","value":"td"}
RESULT: {"using":"css selector","value":"td"}
COMMAND: POST /session/93898e5d8213af02b008b7064a8e178d/element/f.DB6019AE2C79B0A323A25C7C2B3F3E26.d.F2334C67410391933CA10F7E703D1DDB.e.4502/elements - {"using":"css selector","value":"td"}
RESULT: {"using":"css selector","value":"td"}
COMMAND: POST /session/93898e5d8213af02b008b7064a8e178d/element/f.DB6019AE2C79B0A323A25C7C2B3F3E26.d.F2334C67410391933CA10F7E703D1DDB.e.4503/elements - {"using":"css selector","value":"td"}
RESULT: {"using":"css selector","value":"td"}
COMMAND: POST /session/93898e5d8213af02b008b7064a8e178d/element/f.DB6019AE2C79B0A323A25C7C2B3F3E26.d.F2334C67410391933CA10F7E703D1DDB.e.4504/elements - {"using":"css selector","value":"td"}
RESULT: {"using":"css selector","value":"td"}
COMMAND: POST /session/93898e5d8213af02b008b7064a8e178d/element/f.DB6019AE2C79B0A323A25C7C2B3F3E26.d.F2334C67410391933CA10F7E703D1DDB.e.4505/elements - {"using":"css selector","value":"td"}
RESULT: {"using":"css selector","value":"td"}
COMMAND: POST /session/93898e5d8213af02b008b7064a8e178d/element/f.DB6019AE2C79B0A323A25C7C2B3F3E26.d.F2334C67410391933CA10F7E703D1DDB.e.4506/elements - {"using":"css selector","value":"td"}
RESULT: {"using":"css selector","value":"td"}
COMMAND: POST /session/93898e5d8213af02b008b7064a8e178d/element/f.DB6019AE2C79B0A323A25C7C2B3F3E26.d.F2334C67410391933CA10F7E703D1DDB.e.4507/elements - {"using":"css selector","value":"td"}
RESULT: {"using":"css selector","value":"td"}
COMMAND: POST /session/93898e5d8213af02b008b7064a8e178d/element/f.DB6019AE2C79B0A323A25C7C2B3F3E26.d.F2334C67410391933CA10F7E703D1DDB.e.4508/elements - {"using":"css selector","value":"td"}
RESULT: {"using":"css selector","value":"td"}
COMMAND: POST /session/93898e5d8213af02b008b7064a8e178d/element/f.DB6019AE2C79B0A323A25C7C2B3F3E26.d.F2334C67410391933CA10F7E703D1DDB.e.4509/elements - {"using":"css selector","value":"td"}
RESULT: {"using":"css selector","value":"td"}
COMMAND: POST /session/93898e5d8213af02b008b7064a8e178d/element/f.DB6019AE2C79B0A323A25C7C2B3F3E26.d.F2334C67410391933CA10F7E703D1DDB.e.4510/elements - {"using":"css selector","value":"td"}
RESULT: {"using":"css selector","value":"td"}
COMMAND: POST /session/93898e5d8213af02b008b7064a8e178d/element/f.DB6019AE2C79B0A323A25C7C2B3F3E26.d.F2334C67410391933CA10F7E703D1DDB.e.4511/elements - {"using":"css selector","value":"td"}
RESULT: {"using":"css selector","value":"td"}
COMMAND: POST /session/93898e5d8213af02b008b7064a8e178d/element/f.DB6019AE2C79B0A323A25C7C2B3F3E26.d.F2334C67410391933CA10F7E703D1DDB.e.4512/elements - {"using":"css selector","value":"td"}
RESULT: {"using":"css selector","value":"td"}
COMMAND: POST /session/93898e5d8213af02b008b7064a8e178d/element/f.DB6019AE2C79B0A323A25C7C2B3F3E26.d.F2334C67410391933CA10F7E703D1DDB.e.4513/elements - {"using":"css selector","value":"td"}
RESULT: {"using":"css selector","value":"td"}
COMMAND: POST /session/93898e5d8213af02b008b7064a8e178d/element/f.DB6019AE2C79B0A323A25C7C2B3F3E26.d.F2334C67410391933CA10F7E703D1DDB.e.4514/elements - {"using":"css selector","value":"td"}
RESULT: {"using":"css selector","value":"td"}
COMMAND: POST /session/93898e5d8213af02b008b7064a8e178d/element/f.DB6019AE2C79B0A323A25C7C2B3F3E26.d.F2334C67410391933CA10F7E703D1DDB.e.4515/elements - {"using":"css selector","value":"td"}
RESULT: {"using":"css selector","value":"td"}
COMMAND: POST /session/93898e5d8213af02b008b7064a8e178d/element/f.DB6019AE2C79B0A323A25C7C2B3F3E26.d.F2334C67410391933CA10F7E703D1DDB.e.4516/elements - {"using":"css selector","value":"td"}
RESULT: {"using":"css selector","value":"td"}
COMMAND: POST /session/93898e5d8213af02b008b7064a8e178d/element/f.DB6019AE2C79B0A323A25C7C2B3F3E26.d.F2334C67410391933CA10F7E703D1DDB.e.4517/elements - {"using":"css selector","value":"td"}
RESULT: {"using":"css selector","value":"td"}
COMMAND: POST /session/93898e5d8213af02b008b7064a8e178d/element/f.DB6019AE2C79B0A323A25C7C2B3F3E26.d.F2334C67410391933CA10F7E703D1DDB.e.4518/elements - {"using":"css selector","value":"td"}
RESULT: {"using":"css selector","value":"td"}
COMMAND: POST /session/93898e5d8213af02b008b7064a8e178d/element/f.DB6019AE2C79B0A323A25C7C2B3F3E26.d.F2334C67410391933CA10F7E703D1DDB.e.4932/elements - {"using":"css selector","value":"td"}
RESULT: {"using":"css selector","value":"td"}
COMMAND: POST /session/93898e5d8213af02b008b7064a8e178d/element - {"using":"css selector","value":"#j_username"}
COMMAND: POST /session/93898e5d8213af02b008b7064a8e178d/url - {"url":"https://qa-testing-00-live-etm-ui.cfapps.eu10-004.hana.ondemand.com/"}
RESULT: {"using":"css selector","value":"#j_username"}
COMMAND: POST /session/93898e5d8213af02b008b7064a8e178d/element - {"using":"css selector","value":"#j_username"}
RESULT: {"url":"https://qa-testing-00-live-etm-ui.cfapps.eu10-004.hana.ondemand.com/"}
RESULT: undefined
COMMAND: GET /session/93898e5d8213af02b008b7064a8e178d/screenshot - {}
RESULT: {"using":"css selector","value":"#j_username"}
COMMAND: POST /session/93898e5d8213af02b008b7064a8e178d/element - {"using":"css selector","value":"#shell-header-logo"}
RESULT: {}
RESULT: {"using":"css selector","value":"#shell-header-logo"}
COMMAND: POST /session/93898e5d8213af02b008b7064a8e178d/execute/sync - {"script":"<script> [8489 bytes]","args":[{"element-6066-11e4-a52e-4f735466cecf":"f.DB6019AE2C79B0A323A25C7C2B3F3E26.d.588EF98790BB9DDDA0808EB343BDCADD.e.4948","ELEMENT":"f.DB6019AE2C79B0A323A25C7C2B3F3E26.d.588EF98790BB9DDDA0808EB343BDCADD.e.4948"}]}
RESULT: {"script":"<script> [8489 bytes]","args":[{"element-6066-11e4-a52e-4f735466cecf":"f.DB6019AE2C79B0A323A25C7C2B3F3E26.d.588EF98790BB9DDDA0808EB343BDCADD.e.4948","ELEMENT":"f.DB6019AE2C79B0A323A25C7C2B3F3E26.d.588EF98790BB9DDDA0808EB343BDCADD.e.4948"}]}
COMMAND: POST /session/93898e5d8213af02b008b7064a8e178d/element - {"using":"css selector","value":"#shell-header-logo"}
COMMAND: GET /session/93898e5d8213af02b008b7064a8e178d/screenshot - {}
RESULT: {"using":"css selector","value":"#shell-header-logo"}
COMMAND: POST /session/93898e5d8213af02b008b7064a8e178d/execute/sync - {"script":"<script> [8489 bytes]","args":[{"element-6066-11e4-a52e-4f735466cecf":"f.DB6019AE2C79B0A323A25C7C2B3F3E26.d.588EF98790BB9DDDA0808EB343BDCADD.e.4948","ELEMENT":"f.DB6019AE2C79B0A323A25C7C2B3F3E26.d.588EF98790BB9DDDA0808EB343BDCADD.e.4948"}]}
RESULT: {}
RESULT: {"script":"<script> [8489 bytes]","args":[{"element-6066-11e4-a52e-4f735466cecf":"f.DB6019AE2C79B0A323A25C7C2B3F3E26.d.588EF98790BB9DDDA0808EB343BDCADD.e.4948","ELEMENT":"f.DB6019AE2C79B0A323A25C7C2B3F3E26.d.588EF98790BB9DDDA0808EB343BDCADD.e.4948"}]}
COMMAND: POST /session/93898e5d8213af02b008b7064a8e178d/execute/sync - {"script":"<script> [5351 bytes]","args":[{"element-6066-11e4-a52e-4f735466cecf":"f.DB6019AE2C79B0A323A25C7C2B3F3E26.d.588EF98790BB9DDDA0808EB343BDCADD.e.4948","ELEMENT":"f.DB6019AE2C79B0A323A25C7C2B3F3E26.d.588EF98790BB9DDDA0808EB343BDCADD.e.4948"}]}
COMMAND: GET /session/93898e5d8213af02b008b7064a8e178d/screenshot - {}
RESULT: {"script":"<script> [5351 bytes]","args":[{"element-6066-11e4-a52e-4f735466cecf":"f.DB6019AE2C79B0A323A25C7C2B3F3E26.d.588EF98790BB9DDDA0808EB343BDCADD.e.4948","ELEMENT":"f.DB6019AE2C79B0A323A25C7C2B3F3E26.d.588EF98790BB9DDDA0808EB343BDCADD.e.4948"}]}
COMMAND: POST /session/93898e5d8213af02b008b7064a8e178d/element - {"using":"css selector","value":"#shell-header-logo"}
COMMAND: GET /session/93898e5d8213af02b008b7064a8e178d/screenshot - {}
RESULT: {}
RESULT: {"using":"css selector","value":"#shell-header-logo"}
COMMAND: POST /session/93898e5d8213af02b008b7064a8e178d/element/f.DB6019AE2C79B0A323A25C7C2B3F3E26.d.588EF98790BB9DDDA0808EB343BDCADD.e.4948/click - {}
RESULT: {}
RESULT: {}
COMMAND: GET /session/93898e5d8213af02b008b7064a8e178d/screenshot - {}
RESULT: {}
COMMAND: POST /session/93898e5d8213af02b008b7064a8e178d/execute/async - {"script":"<script> [189 bytes]","args":[]}
RESULT: {"script":"<script> [189 bytes]","args":[]}
COMMAND: POST /session/93898e5d8213af02b008b7064a8e178d/execute/async - {"script":"<script> [123 bytes]","args":[]}
RESULT: {"script":"<script> [123 bytes]","args":[]}
COMMAND: POST /session/93898e5d8213af02b008b7064a8e178d/timeouts - {"script":"<number>"}
RESULT: {"script":"<number>"}
COMMAND: GET /session/93898e5d8213af02b008b7064a8e178d/timeouts - {}
RESULT: {}
RESULT: undefined
COMMAND: POST /session/93898e5d8213af02b008b7064a8e178d/execute/async - {"script":"<script> [2676 bytes]","args":[]}
RESULT: {"script":"<script> [2676 bytes]","args":[]}
COMMAND: POST /session/93898e5d8213af02b008b7064a8e178d/execute/async - {"script":"<script> [2342 bytes]","args":[{"protocol":"http","hostname":"0.0.0.0","path":"/","capabilities":{"browserName":"chrome","goog:chromeOptions":{"binary":"C:\\Program Files\\Google\\Chrome\\Application\\chrome.exe","args":["--start-maximized"]}},"logLevel":"warn","connectionRetryTimeout":120000,"connectionRetryCount":3,"logLevels":{},"enableDirectConnect":true,"strictSSL":true,"_":"65 more keys: [\"cacheDir\",\"port\",\"requestedCapabilities\",\"automationProtocol\",\"baseUrl\",\"waitforInterval\",\"waitforTimeout\",\"onReload\",\"beforeCommand\",\"afterCommand\",\"rootDir\",\"specs\",\"suites\",\"exclude\",\"groupLogsByTestSpec\",\"excludeDriverLogs\",\"bail\",\"framework\",\"reporters\",\"services\",\"maxInstances\",\"maxInstancesPerCapability\",\"injectGlobals\",\"filesToWatch\",\"execArgv\",\"runnerEnv\",\"runner\",\"shard\",\"specFileRetries\",\"specFileRetriesDelay\",\"specFileRetriesDeferred\",\"reporterSyncInterval\",\"reporterSyncTimeout\",\"cucumberFeaturesWithLineNumbers\",\"autoCompileOpts\",\"mochaOpts\",\"jasmineOpts\",\"cucumberOpts\",\"onPrepare\",\"onWorkerStart\",\"onWorkerEnd\",\"before\",\"beforeSession\",\"beforeSuite\",\"beforeHook\",\"beforeTest\",\"afterTest\",\"afterHook\",\"afterSuite\",\"afterSession\",\"after\",\"onComplete\",\"beforeAssertion\",\"afterAssertion\",\"beforeFeature\",\"beforeScenario\",\"beforeStep\",\"afterStep\",\"afterScenario\",\"afterFeature\",\"_\",\"suite\",\"$0\",\"ignoredWorkerServices\",\"wdi5\"]"}]}
RESULT: {"script":"<script> [2342 bytes]","args":[{"protocol":"http","hostname":"0.0.0.0","path":"/","capabilities":{"browserName":"chrome","goog:chromeOptions":{"binary":"C:\\Program Files\\Google\\Chrome\\Application\\chrome.exe","args":["--start-maximized"]}},"logLevel":"warn","connectionRetryTimeout":120000,"connectionRetryCount":3,"logLevels":{},"enableDirectConnect":true,"strictSSL":true,"_":"65 more keys: [\"cacheDir\",\"port\",\"requestedCapabilities\",\"automationProtocol\",\"baseUrl\",\"waitforInterval\",\"waitforTimeout\",\"onReload\",\"beforeCommand\",\"afterCommand\",\"rootDir\",\"specs\",\"suites\",\"exclude\",\"groupLogsByTestSpec\",\"excludeDriverLogs\",\"bail\",\"framework\",\"reporters\",\"services\",\"maxInstances\",\"maxInstancesPerCapability\",\"injectGlobals\",\"filesToWatch\",\"execArgv\",\"runnerEnv\",\"runner\",\"shard\",\"specFileRetries\",\"specFileRetriesDelay\",\"specFileRetriesDeferred\",\"reporterSyncInterval\",\"reporterSyncTimeout\",\"cucumberFeaturesWithLineNumbers\",\"autoCompileOpts\",\"mochaOpts\",\"jasmineOpts\",\"cucumberOpts\",\"onPrepare\",\"onWorkerStart\",\"onWorkerEnd\",\"before\",\"beforeSession\",\"beforeSuite\",\"beforeHook\",\"beforeTest\",\"afterTest\",\"afterHook\",\"afterSuite\",\"afterSession\",\"after\",\"onComplete\",\"beforeAssertion\",\"afterAssertion\",\"beforeFeature\",\"beforeScenario\",\"beforeStep\",\"afterStep\",\"afterScenario\",\"afterFeature\",\"_\",\"suite\",\"$0\",\"ignoredWorkerServices\",\"wdi5\"]"}]}
COMMAND: POST /session/93898e5d8213af02b008b7064a8e178d/execute/async - {"script":"<script> [21126 bytes]","args":[35000]}
RESULT: {"script":"<script> [21126 bytes]","args":[35000]}
COMMAND: POST /session/93898e5d8213af02b008b7064a8e178d/window/maximize - {}
RESULT: {}
COMMAND: POST /session/93898e5d8213af02b008b7064a8e178d/execute/async - {"script":"<script> [1562 bytes]","args":[{"selector":{"id":"shell-header","interaction":{"idSuffix":"icon"}},"wdio_ui5_key":"shellheader"}]}
COMMAND: GET /session/93898e5d8213af02b008b7064a8e178d/screenshot - {}
RESULT: {"script":"<script> [1562 bytes]","args":[{"selector":{"id":"shell-header","interaction":{"idSuffix":"icon"}},"wdio_ui5_key":"shellheader"}]}
RESULT: undefined
COMMAND: POST /session/93898e5d8213af02b008b7064a8e178d/refresh - {}
RESULT: {}
RESULT: {}
COMMAND: GET /session/93898e5d8213af02b008b7064a8e178d/screenshot - {}
RESULT: {}
RESULT: undefined
RESULT: undefined
COMMAND: POST /session/93898e5d8213af02b008b7064a8e178d/refresh - {}
RESULT: {}
COMMAND: GET /session/93898e5d8213af02b008b7064a8e178d/screenshot - {}
RESULT: {}
COMMAND: POST /session/93898e5d8213af02b008b7064a8e178d/window/fullscreen - {}
RESULT: {}
COMMAND: POST /session/93898e5d8213af02b008b7064a8e178d/execute/async - {"script":"<script> [189 bytes]","args":[]}
RESULT: {"script":"<script> [189 bytes]","args":[]}
COMMAND: POST /session/93898e5d8213af02b008b7064a8e178d/execute/async - {"script":"<script> [123 bytes]","args":[]}
RESULT: {"script":"<script> [123 bytes]","args":[]}
COMMAND: POST /session/93898e5d8213af02b008b7064a8e178d/timeouts - {"script":"<number>"}
RESULT: {"script":"<number>"}
COMMAND: GET /session/93898e5d8213af02b008b7064a8e178d/timeouts - {}
RESULT: {}
RESULT: undefined
COMMAND: POST /session/93898e5d8213af02b008b7064a8e178d/execute/async - {"script":"<script> [2676 bytes]","args":[]}
RESULT: {"script":"<script> [2676 bytes]","args":[]}
COMMAND: POST /session/93898e5d8213af02b008b7064a8e178d/execute/async - {"script":"<script> [2342 bytes]","args":[{"protocol":"http","hostname":"0.0.0.0","path":"/","capabilities":{"browserName":"chrome","goog:chromeOptions":{"binary":"C:\\Program Files\\Google\\Chrome\\Application\\chrome.exe","args":["--start-maximized"]}},"logLevel":"warn","connectionRetryTimeout":120000,"connectionRetryCount":3,"logLevels":{},"enableDirectConnect":true,"strictSSL":true,"_":"65 more keys: [\"cacheDir\",\"port\",\"requestedCapabilities\",\"automationProtocol\",\"baseUrl\",\"waitforInterval\",\"waitforTimeout\",\"onReload\",\"beforeCommand\",\"afterCommand\",\"rootDir\",\"specs\",\"suites\",\"exclude\",\"groupLogsByTestSpec\",\"excludeDriverLogs\",\"bail\",\"framework\",\"reporters\",\"services\",\"maxInstances\",\"maxInstancesPerCapability\",\"injectGlobals\",\"filesToWatch\",\"execArgv\",\"runnerEnv\",\"runner\",\"shard\",\"specFileRetries\",\"specFileRetriesDelay\",\"specFileRetriesDeferred\",\"reporterSyncInterval\",\"reporterSyncTimeout\",\"cucumberFeaturesWithLineNumbers\",\"autoCompileOpts\",\"mochaOpts\",\"jasmineOpts\",\"cucumberOpts\",\"onPrepare\",\"onWorkerStart\",\"onWorkerEnd\",\"before\",\"beforeSession\",\"beforeSuite\",\"beforeHook\",\"beforeTest\",\"afterTest\",\"afterHook\",\"afterSuite\",\"afterSession\",\"after\",\"onComplete\",\"beforeAssertion\",\"afterAssertion\",\"beforeFeature\",\"beforeScenario\",\"beforeStep\",\"afterStep\",\"afterScenario\",\"afterFeature\",\"_\",\"suite\",\"$0\",\"ignoredWorkerServices\",\"wdi5\"]"}]}
RESULT: {"script":"<script> [2342 bytes]","args":[{"protocol":"http","hostname":"0.0.0.0","path":"/","capabilities":{"browserName":"chrome","goog:chromeOptions":{"binary":"C:\\Program Files\\Google\\Chrome\\Application\\chrome.exe","args":["--start-maximized"]}},"logLevel":"warn","connectionRetryTimeout":120000,"connectionRetryCount":3,"logLevels":{},"enableDirectConnect":true,"strictSSL":true,"_":"65 more keys: [\"cacheDir\",\"port\",\"requestedCapabilities\",\"automationProtocol\",\"baseUrl\",\"waitforInterval\",\"waitforTimeout\",\"onReload\",\"beforeCommand\",\"afterCommand\",\"rootDir\",\"specs\",\"suites\",\"exclude\",\"groupLogsByTestSpec\",\"excludeDriverLogs\",\"bail\",\"framework\",\"reporters\",\"services\",\"maxInstances\",\"maxInstancesPerCapability\",\"injectGlobals\",\"filesToWatch\",\"execArgv\",\"runnerEnv\",\"runner\",\"shard\",\"specFileRetries\",\"specFileRetriesDelay\",\"specFileRetriesDeferred\",\"reporterSyncInterval\",\"reporterSyncTimeout\",\"cucumberFeaturesWithLineNumbers\",\"autoCompileOpts\",\"mochaOpts\",\"jasmineOpts\",\"cucumberOpts\",\"onPrepare\",\"onWorkerStart\",\"onWorkerEnd\",\"before\",\"beforeSession\",\"beforeSuite\",\"beforeHook\",\"beforeTest\",\"afterTest\",\"afterHook\",\"afterSuite\",\"afterSession\",\"after\",\"onComplete\",\"beforeAssertion\",\"afterAssertion\",\"beforeFeature\",\"beforeScenario\",\"beforeStep\",\"afterStep\",\"afterScenario\",\"afterFeature\",\"_\",\"suite\",\"$0\",\"ignoredWorkerServices\",\"wdi5\"]"}]}
COMMAND: POST /session/93898e5d8213af02b008b7064a8e178d/execute/async - {"script":"<script> [21126 bytes]","args":[35000]}
RESULT: {"script":"<script> [21126 bytes]","args":[35000]}
]]></system-out>
    </testcase>
  </testsuite>
  <testsuite timestamp="2025-05-24T17:14:28" time="454.773" tests="9" failures="0" errors="0" skipped="0">
    <properties>
      <property name="specId" value="0"/>
      <property name="suiteName" value="US134625 Set up price condition - one time"/>
      <property name="capabilities" value="chrome.136_0_7103_93.windows"/>
      <property name="file" value="file:///D:/a/1/s/test/specs/BTS/set-up-price-condition-one-time.spec.js"/>
    </properties>
    <testcase classname="chrome.136_0_7103_93.windows.US134625_Set_up_price_condition_-_one_time" name="Should create a new yard used for all following tests" time="0.043">
      <system-out><![CDATA[
COMMAND: POST /session/93898e5d8213af02b008b7064a8e178d/window/fullscreen - {}
RESULT: {}
]]></system-out>
    </testcase>
    <testcase classname="chrome.136_0_7103_93.windows.US134625_Set_up_price_condition_-_one_time" name="Should create a new partner" time="0.004"/>
    <testcase classname="chrome.136_0_7103_93.windows.US134625_Set_up_price_condition_-_one_time" name="Should create a new site used for following tests" time="0.005"/>
    <testcase classname="chrome.136_0_7103_93.windows.US134625_Set_up_price_condition_-_one_time" name="Should create a new material for billing type one time" time="125.394">
      <system-out><![CDATA[
COMMAND: POST /session/93898e5d8213af02b008b7064a8e178d/execute/async - {"script":"<script> [1562 bytes]","args":[{"selector":{"controlType":"sap.m.GenericTile","properties":{"header":"Manage Resources"}},"wdio_ui5_key":"sapm.GenericTile{\"header\":\"Manage Resources\"}"}]}
RESULT: {"script":"<script> [1562 bytes]","args":[{"selector":{"controlType":"sap.m.GenericTile","properties":{"header":"Manage Resources"}},"wdio_ui5_key":"sapm.GenericTile{\"header\":\"Manage Resources\"}"}]}
RESULT: undefined
COMMAND: POST /session/93898e5d8213af02b008b7064a8e178d/element - {"using":"xpath","value":"//*[@id=\"__tile39\"]"}
RESULT: {"using":"xpath","value":"//*[@id=\"__tile39\"]"}
COMMAND: POST /session/93898e5d8213af02b008b7064a8e178d/element/f.DB6019AE2C79B0A323A25C7C2B3F3E26.d.AD90C8955CCFA3B128A33DFCC183BEC1.e.5105/click - {}
RESULT: {}
COMMAND: GET /session/93898e5d8213af02b008b7064a8e178d/screenshot - {}
RESULT: {}
COMMAND: POST /session/93898e5d8213af02b008b7064a8e178d/elements - {"using":"xpath","value":"//span[text()='Error']"}
RESULT: {"using":"xpath","value":"//span[text()='Error']"}
COMMAND: POST /session/93898e5d8213af02b008b7064a8e178d/element - {"using":"xpath","value":"//button[@data-kt=\"addNewRUOverflowToolbarButton\"]"}
RESULT: {"using":"xpath","value":"//button[@data-kt=\"addNewRUOverflowToolbarButton\"]"}
COMMAND: POST /session/93898e5d8213af02b008b7064a8e178d/elements - {"using":"xpath","value":"//button[@data-kt=\"addNewRUOverflowToolbarButton\"]"}
RESULT: {"using":"xpath","value":"//button[@data-kt=\"addNewRUOverflowToolbarButton\"]"}
COMMAND: POST /session/93898e5d8213af02b008b7064a8e178d/elements - {"using":"xpath","value":"//button[@data-kt=\"addNewRUOverflowToolbarButton\"]"}
RESULT: {"using":"xpath","value":"//button[@data-kt=\"addNewRUOverflowToolbarButton\"]"}
COMMAND: POST /session/93898e5d8213af02b008b7064a8e178d/elements - {"using":"xpath","value":"//button[@data-kt=\"addNewRUOverflowToolbarButton\"]"}
RESULT: {"using":"xpath","value":"//button[@data-kt=\"addNewRUOverflowToolbarButton\"]"}
COMMAND: POST /session/93898e5d8213af02b008b7064a8e178d/elements - {"using":"xpath","value":"//button[@data-kt=\"addNewRUOverflowToolbarButton\"]"}
RESULT: {"using":"xpath","value":"//button[@data-kt=\"addNewRUOverflowToolbarButton\"]"}
COMMAND: POST /session/93898e5d8213af02b008b7064a8e178d/elements - {"using":"xpath","value":"//button[@data-kt=\"addNewRUOverflowToolbarButton\"]"}
RESULT: {"using":"xpath","value":"//button[@data-kt=\"addNewRUOverflowToolbarButton\"]"}
COMMAND: POST /session/93898e5d8213af02b008b7064a8e178d/elements - {"using":"xpath","value":"//button[@data-kt=\"addNewRUOverflowToolbarButton\"]"}
RESULT: {"using":"xpath","value":"//button[@data-kt=\"addNewRUOverflowToolbarButton\"]"}
COMMAND: POST /session/93898e5d8213af02b008b7064a8e178d/elements - {"using":"xpath","value":"//button[@data-kt=\"addNewRUOverflowToolbarButton\"]"}
RESULT: {"using":"xpath","value":"//button[@data-kt=\"addNewRUOverflowToolbarButton\"]"}
COMMAND: POST /session/93898e5d8213af02b008b7064a8e178d/elements - {"using":"xpath","value":"//button[@data-kt=\"addNewRUOverflowToolbarButton\"]"}
RESULT: {"using":"xpath","value":"//button[@data-kt=\"addNewRUOverflowToolbarButton\"]"}
COMMAND: POST /session/93898e5d8213af02b008b7064a8e178d/elements - {"using":"xpath","value":"//button[@data-kt=\"addNewRUOverflowToolbarButton\"]"}
RESULT: {"using":"xpath","value":"//button[@data-kt=\"addNewRUOverflowToolbarButton\"]"}
COMMAND: POST /session/93898e5d8213af02b008b7064a8e178d/elements - {"using":"xpath","value":"//button[@data-kt=\"addNewRUOverflowToolbarButton\"]"}
RESULT: {"using":"xpath","value":"//button[@data-kt=\"addNewRUOverflowToolbarButton\"]"}
COMMAND: POST /session/93898e5d8213af02b008b7064a8e178d/elements - {"using":"xpath","value":"//button[@data-kt=\"addNewRUOverflowToolbarButton\"]"}
RESULT: {"using":"xpath","value":"//button[@data-kt=\"addNewRUOverflowToolbarButton\"]"}
COMMAND: POST /session/93898e5d8213af02b008b7064a8e178d/elements - {"using":"xpath","value":"//button[@data-kt=\"addNewRUOverflowToolbarButton\"]"}
RESULT: {"using":"xpath","value":"//button[@data-kt=\"addNewRUOverflowToolbarButton\"]"}
COMMAND: POST /session/93898e5d8213af02b008b7064a8e178d/elements - {"using":"xpath","value":"//button[@data-kt=\"addNewRUOverflowToolbarButton\"]"}
RESULT: {"using":"xpath","value":"//button[@data-kt=\"addNewRUOverflowToolbarButton\"]"}
COMMAND: POST /session/93898e5d8213af02b008b7064a8e178d/elements - {"using":"xpath","value":"//button[@data-kt=\"addNewRUOverflowToolbarButton\"]"}
RESULT: {"using":"xpath","value":"//button[@data-kt=\"addNewRUOverflowToolbarButton\"]"}
COMMAND: POST /session/93898e5d8213af02b008b7064a8e178d/elements - {"using":"xpath","value":"//button[@data-kt=\"addNewRUOverflowToolbarButton\"]"}
RESULT: {"using":"xpath","value":"//button[@data-kt=\"addNewRUOverflowToolbarButton\"]"}
COMMAND: POST /session/93898e5d8213af02b008b7064a8e178d/elements - {"using":"xpath","value":"//button[@data-kt=\"addNewRUOverflowToolbarButton\"]"}
RESULT: {"using":"xpath","value":"//button[@data-kt=\"addNewRUOverflowToolbarButton\"]"}
COMMAND: POST /session/93898e5d8213af02b008b7064a8e178d/element - {"using":"xpath","value":"//button[@data-kt=\"addNewRUOverflowToolbarButton\"]"}
RESULT: {"using":"xpath","value":"//button[@data-kt=\"addNewRUOverflowToolbarButton\"]"}
COMMAND: POST /session/93898e5d8213af02b008b7064a8e178d/execute/sync - {"script":"<script> [8489 bytes]","args":[{"element-6066-11e4-a52e-4f735466cecf":"f.DB6019AE2C79B0A323A25C7C2B3F3E26.d.AD90C8955CCFA3B128A33DFCC183BEC1.e.5241","ELEMENT":"f.DB6019AE2C79B0A323A25C7C2B3F3E26.d.AD90C8955CCFA3B128A33DFCC183BEC1.e.5241"}]}
RESULT: {"script":"<script> [8489 bytes]","args":[{"element-6066-11e4-a52e-4f735466cecf":"f.DB6019AE2C79B0A323A25C7C2B3F3E26.d.AD90C8955CCFA3B128A33DFCC183BEC1.e.5241","ELEMENT":"f.DB6019AE2C79B0A323A25C7C2B3F3E26.d.AD90C8955CCFA3B128A33DFCC183BEC1.e.5241"}]}
COMMAND: GET /session/93898e5d8213af02b008b7064a8e178d/element/f.DB6019AE2C79B0A323A25C7C2B3F3E26.d.AD90C8955CCFA3B128A33DFCC183BEC1.e.5241/enabled - {}
COMMAND: GET /session/93898e5d8213af02b008b7064a8e178d/screenshot - {}
RESULT: {}
COMMAND: POST /session/93898e5d8213af02b008b7064a8e178d/execute/sync - {"script":"<script> [8489 bytes]","args":[{"element-6066-11e4-a52e-4f735466cecf":"f.DB6019AE2C79B0A323A25C7C2B3F3E26.d.AD90C8955CCFA3B128A33DFCC183BEC1.e.5241","ELEMENT":"f.DB6019AE2C79B0A323A25C7C2B3F3E26.d.AD90C8955CCFA3B128A33DFCC183BEC1.e.5241"}]}
COMMAND: GET /session/93898e5d8213af02b008b7064a8e178d/screenshot - {}
RESULT: {}
RESULT: {"script":"<script> [8489 bytes]","args":[{"element-6066-11e4-a52e-4f735466cecf":"f.DB6019AE2C79B0A323A25C7C2B3F3E26.d.AD90C8955CCFA3B128A33DFCC183BEC1.e.5241","ELEMENT":"f.DB6019AE2C79B0A323A25C7C2B3F3E26.d.AD90C8955CCFA3B128A33DFCC183BEC1.e.5241"}]}
COMMAND: POST /session/93898e5d8213af02b008b7064a8e178d/execute/sync - {"script":"<script> [5351 bytes]","args":[{"element-6066-11e4-a52e-4f735466cecf":"f.DB6019AE2C79B0A323A25C7C2B3F3E26.d.AD90C8955CCFA3B128A33DFCC183BEC1.e.5241","ELEMENT":"f.DB6019AE2C79B0A323A25C7C2B3F3E26.d.AD90C8955CCFA3B128A33DFCC183BEC1.e.5241"}]}
COMMAND: GET /session/93898e5d8213af02b008b7064a8e178d/screenshot - {}
RESULT: {}
RESULT: {"script":"<script> [5351 bytes]","args":[{"element-6066-11e4-a52e-4f735466cecf":"f.DB6019AE2C79B0A323A25C7C2B3F3E26.d.AD90C8955CCFA3B128A33DFCC183BEC1.e.5241","ELEMENT":"f.DB6019AE2C79B0A323A25C7C2B3F3E26.d.AD90C8955CCFA3B128A33DFCC183BEC1.e.5241"}]}
COMMAND: POST /session/93898e5d8213af02b008b7064a8e178d/element/f.DB6019AE2C79B0A323A25C7C2B3F3E26.d.AD90C8955CCFA3B128A33DFCC183BEC1.e.5241/click - {}
COMMAND: GET /session/93898e5d8213af02b008b7064a8e178d/screenshot - {}
RESULT: {}
RESULT: {}
COMMAND: GET /session/93898e5d8213af02b008b7064a8e178d/screenshot - {}
COMMAND: POST /session/93898e5d8213af02b008b7064a8e178d/execute/async - {"script":"<script> [1562 bytes]","args":[{"selector":{"id":"application-manageresources-display-component---newResourceUnit--TYPE-arrow"},"wdio_ui5_key":"applicationmanageresources-display-component---newResourceUnit--TYPE-arrow"}]}
RESULT: {}
RESULT: {}
RESULT: {"script":"<script> [1562 bytes]","args":[{"selector":{"id":"application-manageresources-display-component---newResourceUnit--TYPE-arrow"},"wdio_ui5_key":"applicationmanageresources-display-component---newResourceUnit--TYPE-arrow"}]}
RESULT: undefined
COMMAND: POST /session/93898e5d8213af02b008b7064a8e178d/element - {"using":"xpath","value":"//*[@id=\"application-manageresources-display-component---newResourceUnit--TYPE-arrow\"]"}
RESULT: {"using":"xpath","value":"//*[@id=\"application-manageresources-display-component---newResourceUnit--TYPE-arrow\"]"}
COMMAND: POST /session/93898e5d8213af02b008b7064a8e178d/element/f.DB6019AE2C79B0A323A25C7C2B3F3E26.d.AD90C8955CCFA3B128A33DFCC183BEC1.e.5603/click - {}
RESULT: {}
COMMAND: POST /session/93898e5d8213af02b008b7064a8e178d/element - {"using":"xpath","value":"//input[@id=\"application-manageresources-display-component---newResourceUnit--TYPE-inner\"]"}
COMMAND: GET /session/93898e5d8213af02b008b7064a8e178d/screenshot - {}
RESULT: {"using":"xpath","value":"//input[@id=\"application-manageresources-display-component---newResourceUnit--TYPE-inner\"]"}
COMMAND: POST /session/93898e5d8213af02b008b7064a8e178d/element/f.DB6019AE2C79B0A323A25C7C2B3F3E26.d.AD90C8955CCFA3B128A33DFCC183BEC1.e.5599/clear - {}
RESULT: {}
RESULT: {}
COMMAND: POST /session/93898e5d8213af02b008b7064a8e178d/element/f.DB6019AE2C79B0A323A25C7C2B3F3E26.d.AD90C8955CCFA3B128A33DFCC183BEC1.e.5599/value - {"text":"Material"}
COMMAND: GET /session/93898e5d8213af02b008b7064a8e178d/screenshot - {}
RESULT: {"text":"Material"}
COMMAND: GET /session/93898e5d8213af02b008b7064a8e178d/screenshot - {}
RESULT: {}
RESULT: {}
COMMAND: POST /session/93898e5d8213af02b008b7064a8e178d/actions - {"actions":[{"id":"action15","type":"key","parameters":{},"actions":[{"type":"keyDown","value":""},{"type":"pause","duration":10},{"type":"keyUp","value":""}]}]}
RESULT: {"actions":[{"id":"action15","type":"key","parameters":{},"actions":[{"type":"keyDown","value":""},{"type":"pause","duration":10},{"type":"keyUp","value":""}]}]}
COMMAND: POST /session/93898e5d8213af02b008b7064a8e178d/execute/async - {"script":"<script> [1562 bytes]","args":[{"selector":{"id":"application-manageresources-display-component---newResourceUnit--SHORT_TEXT","interaction":{"idSuffix":"inner"}},"wdio_ui5_key":"applicationmanageresources-display-component---newResourceUnit--SHORT_TEXT"}]}
COMMAND: GET /session/93898e5d8213af02b008b7064a8e178d/screenshot - {}
RESULT: {"script":"<script> [1562 bytes]","args":[{"selector":{"id":"application-manageresources-display-component---newResourceUnit--SHORT_TEXT","interaction":{"idSuffix":"inner"}},"wdio_ui5_key":"applicationmanageresources-display-component---newResourceUnit--SHORT_TEXT"}]}
RESULT: undefined
COMMAND: POST /session/93898e5d8213af02b008b7064a8e178d/execute/async - {"script":"<script> [776 bytes]","args":[{"enterText":"Cement WDIO","selector":{"id":"application-manageresources-display-component---newResourceUnit--SHORT_TEXT","interaction":{"idSuffix":"inner"}},"clearTextFirst":true,"interactionType":"ENTER_TEXT"}]}
RESULT: {}
RESULT: {"script":"<script> [776 bytes]","args":[{"enterText":"Cement WDIO","selector":{"id":"application-manageresources-display-component---newResourceUnit--SHORT_TEXT","interaction":{"idSuffix":"inner"}},"clearTextFirst":true,"interactionType":"ENTER_TEXT"}]}
COMMAND: POST /session/93898e5d8213af02b008b7064a8e178d/execute/async - {"script":"<script> [1562 bytes]","args":[{"selector":{"id":"application-manageresources-display-component---newResourceUnit--BASE_UNIT_OF_MEASURE","interaction":{"idSuffix":"inner"}},"wdio_ui5_key":"applicationmanageresources-display-component---newResourceUnit--BASE_UNIT_OF_MEASURE"}]}
RESULT: {"script":"<script> [1562 bytes]","args":[{"selector":{"id":"application-manageresources-display-component---newResourceUnit--BASE_UNIT_OF_MEASURE","interaction":{"idSuffix":"inner"}},"wdio_ui5_key":"applicationmanageresources-display-component---newResourceUnit--BASE_UNIT_OF_MEASURE"}]}
RESULT: undefined
COMMAND: POST /session/93898e5d8213af02b008b7064a8e178d/execute/async - {"script":"<script> [776 bytes]","args":[{"enterText":"Piece","selector":{"id":"application-manageresources-display-component---newResourceUnit--BASE_UNIT_OF_MEASURE","interaction":{"idSuffix":"inner"}},"clearTextFirst":true,"interactionType":"ENTER_TEXT"}]}
RESULT: {"script":"<script> [776 bytes]","args":[{"enterText":"Piece","selector":{"id":"application-manageresources-display-component---newResourceUnit--BASE_UNIT_OF_MEASURE","interaction":{"idSuffix":"inner"}},"clearTextFirst":true,"interactionType":"ENTER_TEXT"}]}
COMMAND: POST /session/93898e5d8213af02b008b7064a8e178d/execute/async - {"script":"<script> [1562 bytes]","args":[{"selector":{"id":"application-manageresources-display-component---newResourceUnit--WEIGHT_UNIT","interaction":{"idSuffix":"inner"}},"wdio_ui5_key":"applicationmanageresources-display-component---newResourceUnit--WEIGHT_UNIT"}]}
RESULT: {"script":"<script> [1562 bytes]","args":[{"selector":{"id":"application-manageresources-display-component---newResourceUnit--WEIGHT_UNIT","interaction":{"idSuffix":"inner"}},"wdio_ui5_key":"applicationmanageresources-display-component---newResourceUnit--WEIGHT_UNIT"}]}
RESULT: undefined
COMMAND: POST /session/93898e5d8213af02b008b7064a8e178d/execute/async - {"script":"<script> [776 bytes]","args":[{"enterText":"Gram","selector":{"id":"application-manageresources-display-component---newResourceUnit--WEIGHT_UNIT","interaction":{"idSuffix":"inner"}},"clearTextFirst":true,"interactionType":"ENTER_TEXT"}]}
RESULT: {"script":"<script> [776 bytes]","args":[{"enterText":"Gram","selector":{"id":"application-manageresources-display-component---newResourceUnit--WEIGHT_UNIT","interaction":{"idSuffix":"inner"}},"clearTextFirst":true,"interactionType":"ENTER_TEXT"}]}
COMMAND: POST /session/93898e5d8213af02b008b7064a8e178d/execute/async - {"script":"<script> [1562 bytes]","args":[{"selector":{"id":"application-manageresources-display-component---newResourceUnit--DIMENSION_UNIT","interaction":{"idSuffix":"inner"}},"wdio_ui5_key":"applicationmanageresources-display-component---newResourceUnit--DIMENSION_UNIT"}]}
RESULT: {"script":"<script> [1562 bytes]","args":[{"selector":{"id":"application-manageresources-display-component---newResourceUnit--DIMENSION_UNIT","interaction":{"idSuffix":"inner"}},"wdio_ui5_key":"applicationmanageresources-display-component---newResourceUnit--DIMENSION_UNIT"}]}
RESULT: undefined
COMMAND: POST /session/93898e5d8213af02b008b7064a8e178d/execute/async - {"script":"<script> [776 bytes]","args":[{"enterText":"Meter","selector":{"id":"application-manageresources-display-component---newResourceUnit--DIMENSION_UNIT","interaction":{"idSuffix":"inner"}},"clearTextFirst":true,"interactionType":"ENTER_TEXT"}]}
RESULT: {"script":"<script> [776 bytes]","args":[{"enterText":"Meter","selector":{"id":"application-manageresources-display-component---newResourceUnit--DIMENSION_UNIT","interaction":{"idSuffix":"inner"}},"clearTextFirst":true,"interactionType":"ENTER_TEXT"}]}
COMMAND: POST /session/93898e5d8213af02b008b7064a8e178d/execute/async - {"script":"<script> [1562 bytes]","args":[{"selector":{"id":"application-manageresources-display-component---newResourceUnit--newRRUPage-anchBar-application-manageresources-display-component---newResourceUnit--control-anchor","interaction":{"idSuffix":"BDI-content"}},"wdio_ui5_key":"applicationmanageresources-display-component---newResourceUnit--newRRUPage-anchBar-application-manageresources-display-component---newResourceUnit--control-anchor"}]}
RESULT: {"script":"<script> [1562 bytes]","args":[{"selector":{"id":"application-manageresources-display-component---newResourceUnit--newRRUPage-anchBar-application-manageresources-display-component---newResourceUnit--control-anchor","interaction":{"idSuffix":"BDI-content"}},"wdio_ui5_key":"applicationmanageresources-display-component---newResourceUnit--newRRUPage-anchBar-application-manageresources-display-component---newResourceUnit--control-anchor"}]}
RESULT: undefined
COMMAND: POST /session/93898e5d8213af02b008b7064a8e178d/element - {"using":"xpath","value":"//*[@id=\"application-manageresources-display-component---newResourceUnit--newRRUPage-anchBar-application-manageresources-display-component---newResourceUnit--control-anchor\"]"}
RESULT: {"using":"xpath","value":"//*[@id=\"application-manageresources-display-component---newResourceUnit--newRRUPage-anchBar-application-manageresources-display-component---newResourceUnit--control-anchor\"]"}
COMMAND: POST /session/93898e5d8213af02b008b7064a8e178d/element/f.DB6019AE2C79B0A323A25C7C2B3F3E26.d.AD90C8955CCFA3B128A33DFCC183BEC1.e.5734/click - {}
RESULT: {}
COMMAND: POST /session/93898e5d8213af02b008b7064a8e178d/execute/async - {"script":"<script> [1562 bytes]","args":[{"selector":{"id":"application-manageresources-display-component---newResourceUnit--PLANNING_GROUP","interaction":{"idSuffix":"inner"}},"wdio_ui5_key":"applicationmanageresources-display-component---newResourceUnit--PLANNING_GROUP"}]}
COMMAND: GET /session/93898e5d8213af02b008b7064a8e178d/screenshot - {}
RESULT: {"script":"<script> [1562 bytes]","args":[{"selector":{"id":"application-manageresources-display-component---newResourceUnit--PLANNING_GROUP","interaction":{"idSuffix":"inner"}},"wdio_ui5_key":"applicationmanageresources-display-component---newResourceUnit--PLANNING_GROUP"}]}
RESULT: undefined
COMMAND: POST /session/93898e5d8213af02b008b7064a8e178d/execute/async - {"script":"<script> [776 bytes]","args":[{"enterText":"Material","selector":{"id":"application-manageresources-display-component---newResourceUnit--PLANNING_GROUP","interaction":{"idSuffix":"inner"}},"clearTextFirst":true,"interactionType":"ENTER_TEXT"}]}
RESULT: {}
RESULT: {"script":"<script> [776 bytes]","args":[{"enterText":"Material","selector":{"id":"application-manageresources-display-component---newResourceUnit--PLANNING_GROUP","interaction":{"idSuffix":"inner"}},"clearTextFirst":true,"interactionType":"ENTER_TEXT"}]}
COMMAND: POST /session/93898e5d8213af02b008b7064a8e178d/execute/async - {"script":"<script> [1562 bytes]","args":[{"selector":{"id":"application-manageresources-display-component---newResourceUnit--PLANNING_INDICATOR","interaction":{"idSuffix":"inner"}},"wdio_ui5_key":"applicationmanageresources-display-component---newResourceUnit--PLANNING_INDICATOR"}]}
RESULT: {"script":"<script> [1562 bytes]","args":[{"selector":{"id":"application-manageresources-display-component---newResourceUnit--PLANNING_INDICATOR","interaction":{"idSuffix":"inner"}},"wdio_ui5_key":"applicationmanageresources-display-component---newResourceUnit--PLANNING_INDICATOR"}]}
RESULT: undefined
COMMAND: POST /session/93898e5d8213af02b008b7064a8e178d/execute/async - {"script":"<script> [776 bytes]","args":[{"enterText":"10 - infinite","selector":{"id":"application-manageresources-display-component---newResourceUnit--PLANNING_INDICATOR","interaction":{"idSuffix":"inner"}},"clearTextFirst":true,"interactionType":"ENTER_TEXT"}]}
RESULT: {"script":"<script> [776 bytes]","args":[{"enterText":"10 - infinite","selector":{"id":"application-manageresources-display-component---newResourceUnit--PLANNING_INDICATOR","interaction":{"idSuffix":"inner"}},"clearTextFirst":true,"interactionType":"ENTER_TEXT"}]}
COMMAND: POST /session/93898e5d8213af02b008b7064a8e178d/element - {"using":"css selector","value":"#application-manageresources-display-component---newResourceUnit--btnAddTimeSegment"}
RESULT: {"using":"css selector","value":"#application-manageresources-display-component---newResourceUnit--btnAddTimeSegment"}
COMMAND: GET /session/93898e5d8213af02b008b7064a8e178d/element/f.DB6019AE2C79B0A323A25C7C2B3F3E26.d.AD90C8955CCFA3B128A33DFCC183BEC1.e.5742/rect - {}
RESULT: {}
COMMAND: GET /session/93898e5d8213af02b008b7064a8e178d/window/rect - {}
RESULT: {}
COMMAND: POST /session/93898e5d8213af02b008b7064a8e178d/execute/sync - {"script":"<script> [92 bytes]","args":[]}
RESULT: {"script":"<script> [92 bytes]","args":[]}
COMMAND: POST /session/93898e5d8213af02b008b7064a8e178d/actions - {"actions":[{"id":"action16","type":"wheel","parameters":{},"actions":[{"type":"scroll","x":-1888,"y":-32,"deltaX":0,"deltaY":0,"duration":0,"origin":{"element-6066-11e4-a52e-4f735466cecf":"f.DB6019AE2C79B0A323A25C7C2B3F3E26.d.AD90C8955CCFA3B128A33DFCC183BEC1.e.5742"}}]}]}
COMMAND: GET /session/93898e5d8213af02b008b7064a8e178d/screenshot - {}
RESULT: {}
COMMAND: POST /session/93898e5d8213af02b008b7064a8e178d/execute/sync - {"script":"<script> [79 bytes]","args":[{"element-6066-11e4-a52e-4f735466cecf":"f.DB6019AE2C79B0A323A25C7C2B3F3E26.d.AD90C8955CCFA3B128A33DFCC183BEC1.e.5742","ELEMENT":"f.DB6019AE2C79B0A323A25C7C2B3F3E26.d.AD90C8955CCFA3B128A33DFCC183BEC1.e.5742"},{"block":"start","inline":"nearest"}]}
RESULT: {"script":"<script> [79 bytes]","args":[{"element-6066-11e4-a52e-4f735466cecf":"f.DB6019AE2C79B0A323A25C7C2B3F3E26.d.AD90C8955CCFA3B128A33DFCC183BEC1.e.5742","ELEMENT":"f.DB6019AE2C79B0A323A25C7C2B3F3E26.d.AD90C8955CCFA3B128A33DFCC183BEC1.e.5742"},{"block":"start","inline":"nearest"}]}
COMMAND: POST /session/93898e5d8213af02b008b7064a8e178d/execute/async - {"script":"<script> [1562 bytes]","args":[{"selector":{"id":"application-manageresources-display-component---newResourceUnit--btnAddTimeSegment","interaction":{"idSuffix":"inner"}},"wdio_ui5_key":"applicationmanageresources-display-component---newResourceUnit--btnAddTimeSegment"}]}
COMMAND: GET /session/93898e5d8213af02b008b7064a8e178d/screenshot - {}
RESULT: {"script":"<script> [1562 bytes]","args":[{"selector":{"id":"application-manageresources-display-component---newResourceUnit--btnAddTimeSegment","interaction":{"idSuffix":"inner"}},"wdio_ui5_key":"applicationmanageresources-display-component---newResourceUnit--btnAddTimeSegment"}]}
RESULT: undefined
COMMAND: POST /session/93898e5d8213af02b008b7064a8e178d/element - {"using":"xpath","value":"//*[@id=\"application-manageresources-display-component---newResourceUnit--btnAddTimeSegment\"]"}
RESULT: {}
RESULT: {"using":"xpath","value":"//*[@id=\"application-manageresources-display-component---newResourceUnit--btnAddTimeSegment\"]"}
COMMAND: POST /session/93898e5d8213af02b008b7064a8e178d/element/f.DB6019AE2C79B0A323A25C7C2B3F3E26.d.AD90C8955CCFA3B128A33DFCC183BEC1.e.5742/click - {}
RESULT: {}
COMMAND: GET /session/93898e5d8213af02b008b7064a8e178d/screenshot - {}
RESULT: {}
COMMAND: POST /session/93898e5d8213af02b008b7064a8e178d/element - {"using":"xpath","value":"//input[@id=\"application-manageresources-display-component---newResourceUnit--idRuTSAdmin-application-manageresources-display-component---newResourceUnit--RUTimeSegment-0-inner\"]"}
RESULT: {"using":"xpath","value":"//input[@id=\"application-manageresources-display-component---newResourceUnit--idRuTSAdmin-application-manageresources-display-component---newResourceUnit--RUTimeSegment-0-inner\"]"}
COMMAND: POST /session/93898e5d8213af02b008b7064a8e178d/element/f.DB6019AE2C79B0A323A25C7C2B3F3E26.d.AD90C8955CCFA3B128A33DFCC183BEC1.e.5747/clear - {}
RESULT: {}
COMMAND: POST /session/93898e5d8213af02b008b7064a8e178d/element/f.DB6019AE2C79B0A323A25C7C2B3F3E26.d.AD90C8955CCFA3B128A33DFCC183BEC1.e.5747/value - {"text":"253"}
COMMAND: GET /session/93898e5d8213af02b008b7064a8e178d/screenshot - {}
RESULT: {"text":"253"}
COMMAND: GET /session/93898e5d8213af02b008b7064a8e178d/screenshot - {}
RESULT: {}
RESULT: {}
COMMAND: POST /session/93898e5d8213af02b008b7064a8e178d/element - {"using":"xpath","value":"//li[.//span[text()='253']]"}
RESULT: {"using":"xpath","value":"//li[.//span[text()='253']]"}
COMMAND: POST /session/93898e5d8213af02b008b7064a8e178d/element/f.DB6019AE2C79B0A323A25C7C2B3F3E26.d.AD90C8955CCFA3B128A33DFCC183BEC1.e.5756/click - {}
RESULT: {}
COMMAND: GET /session/93898e5d8213af02b008b7064a8e178d/screenshot - {}
RESULT: {}
COMMAND: POST /session/93898e5d8213af02b008b7064a8e178d/element - {"using":"xpath","value":"(//span[contains(@id, \"-application-manageresources-display-component---newResourceUnit--RUTimeSegment-0-arrow\")])[2]"}
RESULT: {"using":"xpath","value":"(//span[contains(@id, \"-application-manageresources-display-component---newResourceUnit--RUTimeSegment-0-arrow\")])[2]"}
COMMAND: POST /session/93898e5d8213af02b008b7064a8e178d/element/f.DB6019AE2C79B0A323A25C7C2B3F3E26.d.AD90C8955CCFA3B128A33DFCC183BEC1.e.5757/click - {}
RESULT: {}
COMMAND: POST /session/93898e5d8213af02b008b7064a8e178d/element - {"using":"xpath","value":"//span[contains(text(), \"PM Order\")]"}
COMMAND: GET /session/93898e5d8213af02b008b7064a8e178d/screenshot - {}
RESULT: {"using":"xpath","value":"//span[contains(text(), \"PM Order\")]"}
COMMAND: POST /session/93898e5d8213af02b008b7064a8e178d/element/f.DB6019AE2C79B0A323A25C7C2B3F3E26.d.AD90C8955CCFA3B128A33DFCC183BEC1.e.5758/click - {}
RESULT: {}
RESULT: {}
COMMAND: GET /session/93898e5d8213af02b008b7064a8e178d/screenshot - {}
RESULT: {}
COMMAND: POST /session/93898e5d8213af02b008b7064a8e178d/element - {"using":"xpath","value":"//td/div/div/div/span[contains(@id, \"newResourceUnit--RUTimeSegment-0-vhi\")][1]"}
RESULT: {"using":"xpath","value":"//td/div/div/div/span[contains(@id, \"newResourceUnit--RUTimeSegment-0-vhi\")][1]"}
COMMAND: GET /session/93898e5d8213af02b008b7064a8e178d/element/f.DB6019AE2C79B0A323A25C7C2B3F3E26.d.AD90C8955CCFA3B128A33DFCC183BEC1.e.5762/rect - {}
RESULT: {}
COMMAND: GET /session/93898e5d8213af02b008b7064a8e178d/window/rect - {}
RESULT: {}
COMMAND: POST /session/93898e5d8213af02b008b7064a8e178d/execute/sync - {"script":"<script> [92 bytes]","args":[]}
RESULT: {"script":"<script> [92 bytes]","args":[]}
COMMAND: POST /session/93898e5d8213af02b008b7064a8e178d/actions - {"actions":[{"id":"action17","type":"wheel","parameters":{},"actions":[{"type":"scroll","x":-1888,"y":-24,"deltaX":0,"deltaY":0,"duration":0,"origin":{"element-6066-11e4-a52e-4f735466cecf":"f.DB6019AE2C79B0A323A25C7C2B3F3E26.d.AD90C8955CCFA3B128A33DFCC183BEC1.e.5762"}}]}]}
COMMAND: GET /session/93898e5d8213af02b008b7064a8e178d/screenshot - {}
RESULT: {}
COMMAND: POST /session/93898e5d8213af02b008b7064a8e178d/execute/sync - {"script":"<script> [79 bytes]","args":[{"element-6066-11e4-a52e-4f735466cecf":"f.DB6019AE2C79B0A323A25C7C2B3F3E26.d.AD90C8955CCFA3B128A33DFCC183BEC1.e.5762","ELEMENT":"f.DB6019AE2C79B0A323A25C7C2B3F3E26.d.AD90C8955CCFA3B128A33DFCC183BEC1.e.5762"},{"block":"start","inline":"nearest"}]}
RESULT: {"script":"<script> [79 bytes]","args":[{"element-6066-11e4-a52e-4f735466cecf":"f.DB6019AE2C79B0A323A25C7C2B3F3E26.d.AD90C8955CCFA3B128A33DFCC183BEC1.e.5762","ELEMENT":"f.DB6019AE2C79B0A323A25C7C2B3F3E26.d.AD90C8955CCFA3B128A33DFCC183BEC1.e.5762"},{"block":"start","inline":"nearest"}]}
COMMAND: GET /session/93898e5d8213af02b008b7064a8e178d/screenshot - {}
RESULT: {}
COMMAND: POST /session/93898e5d8213af02b008b7064a8e178d/element/f.DB6019AE2C79B0A323A25C7C2B3F3E26.d.AD90C8955CCFA3B128A33DFCC183BEC1.e.5762/click - {}
RESULT: {}
COMMAND: GET /session/93898e5d8213af02b008b7064a8e178d/screenshot - {}
RESULT: {}
COMMAND: POST /session/93898e5d8213af02b008b7064a8e178d/execute/async - {"script":"<script> [1562 bytes]","args":[{"selector":{"controlType":"sap.m.SearchField","properties":{"placeholder":"Search"},"searchOpenDialogs":true,"interaction":{"idSuffix":"I"}},"wdio_ui5_key":"sapm.SearchField{\"placeholder\":\"Search\"}"}]}
RESULT: {"script":"<script> [1562 bytes]","args":[{"selector":{"controlType":"sap.m.SearchField","properties":{"placeholder":"Search"},"searchOpenDialogs":true,"interaction":{"idSuffix":"I"}},"wdio_ui5_key":"sapm.SearchField{\"placeholder\":\"Search\"}"}]}
RESULT: undefined
COMMAND: POST /session/93898e5d8213af02b008b7064a8e178d/execute/async - {"script":"<script> [776 bytes]","args":[{"enterText":"4000360","selector":{"controlType":"sap.m.SearchField","properties":{"placeholder":"Search"},"searchOpenDialogs":true,"interaction":{"idSuffix":"I"}},"clearTextFirst":true,"interactionType":"ENTER_TEXT"}]}
RESULT: {"script":"<script> [776 bytes]","args":[{"enterText":"4000360","selector":{"controlType":"sap.m.SearchField","properties":{"placeholder":"Search"},"searchOpenDialogs":true,"interaction":{"idSuffix":"I"}},"clearTextFirst":true,"interactionType":"ENTER_TEXT"}]}
COMMAND: POST /session/93898e5d8213af02b008b7064a8e178d/actions - {"actions":[{"id":"action18","type":"key","parameters":{},"actions":[{"type":"keyDown","value":""},{"type":"pause","duration":10},{"type":"keyUp","value":""}]}]}
RESULT: {"actions":[{"id":"action18","type":"key","parameters":{},"actions":[{"type":"keyDown","value":""},{"type":"pause","duration":10},{"type":"keyUp","value":""}]}]}
COMMAND: GET /session/93898e5d8213af02b008b7064a8e178d/screenshot - {}
RESULT: {}
COMMAND: POST /session/93898e5d8213af02b008b7064a8e178d/element - {"using":"xpath","value":"//td/div/span[contains(text(), \"BGL Vehicles\")]"}
RESULT: {"using":"xpath","value":"//td/div/span[contains(text(), \"BGL Vehicles\")]"}
COMMAND: POST /session/93898e5d8213af02b008b7064a8e178d/element/f.DB6019AE2C79B0A323A25C7C2B3F3E26.d.AD90C8955CCFA3B128A33DFCC183BEC1.e.5783/click - {}
RESULT: {}
COMMAND: GET /session/93898e5d8213af02b008b7064a8e178d/screenshot - {}
RESULT: {}
COMMAND: POST /session/93898e5d8213af02b008b7064a8e178d/element - {"using":"xpath","value":"//bdi[contains(text(), \"OK\")]"}
RESULT: {"using":"xpath","value":"//bdi[contains(text(), \"OK\")]"}
COMMAND: POST /session/93898e5d8213af02b008b7064a8e178d/element/f.DB6019AE2C79B0A323A25C7C2B3F3E26.d.AD90C8955CCFA3B128A33DFCC183BEC1.e.5784/click - {}
RESULT: {}
COMMAND: GET /session/93898e5d8213af02b008b7064a8e178d/screenshot - {}
RESULT: {}
COMMAND: POST /session/93898e5d8213af02b008b7064a8e178d/element - {"using":"xpath","value":"//label[contains(@class, 'sapMLabelRequired') and .//bdi[contains(text(), 'Planned Retirement')]]"}
RESULT: {"using":"xpath","value":"//label[contains(@class, 'sapMLabelRequired') and .//bdi[contains(text(), 'Planned Retirement')]]"}
COMMAND: POST /session/93898e5d8213af02b008b7064a8e178d/elements - {"using":"xpath","value":"//label[contains(@class, 'sapMLabelRequired') and .//bdi[contains(text(), 'Planned Retirement')]]"}
RESULT: {"using":"xpath","value":"//label[contains(@class, 'sapMLabelRequired') and .//bdi[contains(text(), 'Planned Retirement')]]"}
COMMAND: POST /session/93898e5d8213af02b008b7064a8e178d/element - {"using":"xpath","value":"//button[@data-kt=\"resourceUnitSaveButton\"]"}
RESULT: {"using":"xpath","value":"//button[@data-kt=\"resourceUnitSaveButton\"]"}
COMMAND: POST /session/93898e5d8213af02b008b7064a8e178d/element/f.DB6019AE2C79B0A323A25C7C2B3F3E26.d.AD90C8955CCFA3B128A33DFCC183BEC1.e.5620/click - {}
RESULT: {}
COMMAND: GET /session/93898e5d8213af02b008b7064a8e178d/screenshot - {}
RESULT: {}
COMMAND: POST /session/93898e5d8213af02b008b7064a8e178d/element - {"using":"xpath","value":"//bdi[contains(text(), \"Close\")]"}
RESULT: {"using":"xpath","value":"//bdi[contains(text(), \"Close\")]"}
COMMAND: POST /session/93898e5d8213af02b008b7064a8e178d/element/f.DB6019AE2C79B0A323A25C7C2B3F3E26.d.AD90C8955CCFA3B128A33DFCC183BEC1.e.5791/click - {}
RESULT: {}
COMMAND: GET /session/93898e5d8213af02b008b7064a8e178d/screenshot - {}
RESULT: {}
COMMAND: POST /session/93898e5d8213af02b008b7064a8e178d/element - {"using":"xpath","value":"//header[contains(@id, 'detailRruPage-headerTitle')]/div[1]/div[2]/div[2]/span[1]"}
RESULT: {"using":"xpath","value":"//header[contains(@id, 'detailRruPage-headerTitle')]/div[1]/div[2]/div[2]/span[1]"}
COMMAND: POST /session/93898e5d8213af02b008b7064a8e178d/elements - {"using":"xpath","value":"//header[contains(@id, 'detailRruPage-headerTitle')]/div[1]/div[2]/div[2]/span[1]"}
RESULT: {"using":"xpath","value":"//header[contains(@id, 'detailRruPage-headerTitle')]/div[1]/div[2]/div[2]/span[1]"}
COMMAND: POST /session/93898e5d8213af02b008b7064a8e178d/execute/sync - {"script":"<script> [56 bytes]","args":[{"element-6066-11e4-a52e-4f735466cecf":"f.DB6019AE2C79B0A323A25C7C2B3F3E26.d.AD90C8955CCFA3B128A33DFCC183BEC1.e.5820","ELEMENT":"f.DB6019AE2C79B0A323A25C7C2B3F3E26.d.AD90C8955CCFA3B128A33DFCC183BEC1.e.5820"}]}
RESULT: {"script":"<script> [56 bytes]","args":[{"element-6066-11e4-a52e-4f735466cecf":"f.DB6019AE2C79B0A323A25C7C2B3F3E26.d.AD90C8955CCFA3B128A33DFCC183BEC1.e.5820","ELEMENT":"f.DB6019AE2C79B0A323A25C7C2B3F3E26.d.AD90C8955CCFA3B128A33DFCC183BEC1.e.5820"}]}
]]></system-out>
    </testcase>
    <testcase classname="chrome.136_0_7103_93.windows.US134625_Set_up_price_condition_-_one_time" name="Should create new pricing rule one time" time="63.131">
      <system-out><![CDATA[
COMMAND: GET /session/93898e5d8213af02b008b7064a8e178d/screenshot - {}
COMMAND: POST /session/93898e5d8213af02b008b7064a8e178d/element - {"using":"xpath","value":"(//button[contains(@id ,\"actionsToolbar-overflowButton\")])[1]"}
RESULT: {}
RESULT: {"using":"xpath","value":"(//button[contains(@id ,\"actionsToolbar-overflowButton\")])[1]"}
COMMAND: POST /session/93898e5d8213af02b008b7064a8e178d/element/f.DB6019AE2C79B0A323A25C7C2B3F3E26.d.AD90C8955CCFA3B128A33DFCC183BEC1.e.5821/click - {}
RESULT: {}
COMMAND: GET /session/93898e5d8213af02b008b7064a8e178d/screenshot - {}
RESULT: {}
COMMAND: POST /session/93898e5d8213af02b008b7064a8e178d/element - {"using":"xpath","value":"//button[@data-kt=\"priceInfoButton\"]"}
RESULT: {"using":"xpath","value":"//button[@data-kt=\"priceInfoButton\"]"}
COMMAND: POST /session/93898e5d8213af02b008b7064a8e178d/element/f.DB6019AE2C79B0A323A25C7C2B3F3E26.d.AD90C8955CCFA3B128A33DFCC183BEC1.e.5823/click - {}
RESULT: {}
COMMAND: GET /session/93898e5d8213af02b008b7064a8e178d/screenshot - {}
COMMAND: POST /session/93898e5d8213af02b008b7064a8e178d/element - {"using":"xpath","value":"//button[@data-kt=\"addButton\"]"}
RESULT: {}
RESULT: {"using":"xpath","value":"//button[@data-kt=\"addButton\"]"}
COMMAND: POST /session/93898e5d8213af02b008b7064a8e178d/elements - {"using":"xpath","value":"//button[@data-kt=\"addButton\"]"}
RESULT: {"using":"xpath","value":"//button[@data-kt=\"addButton\"]"}
COMMAND: POST /session/93898e5d8213af02b008b7064a8e178d/execute/sync - {"script":"<script> [8489 bytes]","args":[{"element-6066-11e4-a52e-4f735466cecf":"f.DB6019AE2C79B0A323A25C7C2B3F3E26.d.AD90C8955CCFA3B128A33DFCC183BEC1.e.5860","ELEMENT":"f.DB6019AE2C79B0A323A25C7C2B3F3E26.d.AD90C8955CCFA3B128A33DFCC183BEC1.e.5860"}]}
RESULT: {"script":"<script> [8489 bytes]","args":[{"element-6066-11e4-a52e-4f735466cecf":"f.DB6019AE2C79B0A323A25C7C2B3F3E26.d.AD90C8955CCFA3B128A33DFCC183BEC1.e.5860","ELEMENT":"f.DB6019AE2C79B0A323A25C7C2B3F3E26.d.AD90C8955CCFA3B128A33DFCC183BEC1.e.5860"}]}
COMMAND: GET /session/93898e5d8213af02b008b7064a8e178d/element/f.DB6019AE2C79B0A323A25C7C2B3F3E26.d.AD90C8955CCFA3B128A33DFCC183BEC1.e.5860/enabled - {}
COMMAND: GET /session/93898e5d8213af02b008b7064a8e178d/screenshot - {}
RESULT: {}
COMMAND: POST /session/93898e5d8213af02b008b7064a8e178d/execute/sync - {"script":"<script> [8489 bytes]","args":[{"element-6066-11e4-a52e-4f735466cecf":"f.DB6019AE2C79B0A323A25C7C2B3F3E26.d.AD90C8955CCFA3B128A33DFCC183BEC1.e.5860","ELEMENT":"f.DB6019AE2C79B0A323A25C7C2B3F3E26.d.AD90C8955CCFA3B128A33DFCC183BEC1.e.5860"}]}
COMMAND: GET /session/93898e5d8213af02b008b7064a8e178d/screenshot - {}
RESULT: {}
RESULT: {"script":"<script> [8489 bytes]","args":[{"element-6066-11e4-a52e-4f735466cecf":"f.DB6019AE2C79B0A323A25C7C2B3F3E26.d.AD90C8955CCFA3B128A33DFCC183BEC1.e.5860","ELEMENT":"f.DB6019AE2C79B0A323A25C7C2B3F3E26.d.AD90C8955CCFA3B128A33DFCC183BEC1.e.5860"}]}
COMMAND: POST /session/93898e5d8213af02b008b7064a8e178d/execute/sync - {"script":"<script> [5351 bytes]","args":[{"element-6066-11e4-a52e-4f735466cecf":"f.DB6019AE2C79B0A323A25C7C2B3F3E26.d.AD90C8955CCFA3B128A33DFCC183BEC1.e.5860","ELEMENT":"f.DB6019AE2C79B0A323A25C7C2B3F3E26.d.AD90C8955CCFA3B128A33DFCC183BEC1.e.5860"}]}
COMMAND: GET /session/93898e5d8213af02b008b7064a8e178d/screenshot - {}
RESULT: {}
RESULT: {"script":"<script> [5351 bytes]","args":[{"element-6066-11e4-a52e-4f735466cecf":"f.DB6019AE2C79B0A323A25C7C2B3F3E26.d.AD90C8955CCFA3B128A33DFCC183BEC1.e.5860","ELEMENT":"f.DB6019AE2C79B0A323A25C7C2B3F3E26.d.AD90C8955CCFA3B128A33DFCC183BEC1.e.5860"}]}
COMMAND: POST /session/93898e5d8213af02b008b7064a8e178d/element/f.DB6019AE2C79B0A323A25C7C2B3F3E26.d.AD90C8955CCFA3B128A33DFCC183BEC1.e.5860/click - {}
COMMAND: GET /session/93898e5d8213af02b008b7064a8e178d/screenshot - {}
RESULT: {}
RESULT: {}
COMMAND: GET /session/93898e5d8213af02b008b7064a8e178d/screenshot - {}
RESULT: {}
RESULT: {}
COMMAND: POST /session/93898e5d8213af02b008b7064a8e178d/execute/async - {"script":"<script> [1562 bytes]","args":[{"selector":{"controlType":"sap.m.Title","viewName":"etm.portal.ui.managepricingrules.view.NewItem","viewId":"application-managepricingrules-display-component---newInfoPriceItem","properties":{"text":"New Pricing Rules - Item Level"}},"wdio_ui5_key":"etmportal.ui.managepricingrules.view.NewItemsap.m.Title{\"text\":\"New Pricing Rules - Item Level\"}"}]}
RESULT: {"script":"<script> [1562 bytes]","args":[{"selector":{"controlType":"sap.m.Title","viewName":"etm.portal.ui.managepricingrules.view.NewItem","viewId":"application-managepricingrules-display-component---newInfoPriceItem","properties":{"text":"New Pricing Rules - Item Level"}},"wdio_ui5_key":"etmportal.ui.managepricingrules.view.NewItemsap.m.Title{\"text\":\"New Pricing Rules - Item Level\"}"}]}
RESULT: undefined
COMMAND: POST /session/93898e5d8213af02b008b7064a8e178d/execute/async - {"script":"<script> [6424 bytes]","args":[{"element-6066-11e4-a52e-4f735466cecf":"f.DB6019AE2C79B0A323A25C7C2B3F3E26.d.AD90C8955CCFA3B128A33DFCC183BEC1.e.6031"},"getText",[]]}
RESULT: {"script":"<script> [6424 bytes]","args":[{"element-6066-11e4-a52e-4f735466cecf":"f.DB6019AE2C79B0A323A25C7C2B3F3E26.d.AD90C8955CCFA3B128A33DFCC183BEC1.e.6031"},"getText",[]]}
COMMAND: POST /session/93898e5d8213af02b008b7064a8e178d/execute/async - {"script":"<script> [1562 bytes]","args":[{"selector":{"id":"application-managepricingrules-display-component---newInfoPriceItem--condValidTo","interaction":{"idSuffix":"inner"}},"wdio_ui5_key":"applicationmanagepricingrules-display-component---newInfoPriceItem--condValidTo"}]}
RESULT: {"script":"<script> [1562 bytes]","args":[{"selector":{"id":"application-managepricingrules-display-component---newInfoPriceItem--condValidTo","interaction":{"idSuffix":"inner"}},"wdio_ui5_key":"applicationmanagepricingrules-display-component---newInfoPriceItem--condValidTo"}]}
RESULT: undefined
COMMAND: POST /session/93898e5d8213af02b008b7064a8e178d/execute/async - {"script":"<script> [776 bytes]","args":[{"enterText":"1/24/26","selector":{"id":"application-managepricingrules-display-component---newInfoPriceItem--condValidTo","interaction":{"idSuffix":"inner"}},"clearTextFirst":true,"interactionType":"ENTER_TEXT"}]}
RESULT: {"script":"<script> [776 bytes]","args":[{"enterText":"1/24/26","selector":{"id":"application-managepricingrules-display-component---newInfoPriceItem--condValidTo","interaction":{"idSuffix":"inner"}},"clearTextFirst":true,"interactionType":"ENTER_TEXT"}]}
COMMAND: POST /session/93898e5d8213af02b008b7064a8e178d/execute/async - {"script":"<script> [1562 bytes]","args":[{"selector":{"id":"application-managepricingrules-display-component---newInfoPriceItem--billType-arrow"},"wdio_ui5_key":"applicationmanagepricingrules-display-component---newInfoPriceItem--billType-arrow"}]}
RESULT: {"script":"<script> [1562 bytes]","args":[{"selector":{"id":"application-managepricingrules-display-component---newInfoPriceItem--billType-arrow"},"wdio_ui5_key":"applicationmanagepricingrules-display-component---newInfoPriceItem--billType-arrow"}]}
RESULT: undefined
COMMAND: POST /session/93898e5d8213af02b008b7064a8e178d/element - {"using":"xpath","value":"//*[@id=\"application-managepricingrules-display-component---newInfoPriceItem--billType-arrow\"]"}
RESULT: {"using":"xpath","value":"//*[@id=\"application-managepricingrules-display-component---newInfoPriceItem--billType-arrow\"]"}
COMMAND: POST /session/93898e5d8213af02b008b7064a8e178d/element/f.DB6019AE2C79B0A323A25C7C2B3F3E26.d.AD90C8955CCFA3B128A33DFCC183BEC1.e.5990/click - {}
RESULT: {}
COMMAND: POST /session/93898e5d8213af02b008b7064a8e178d/element - {"using":"xpath","value":"//span[contains(text(), \"OT - Sales (one-time)\")]"}
COMMAND: GET /session/93898e5d8213af02b008b7064a8e178d/screenshot - {}
RESULT: {"using":"xpath","value":"//span[contains(text(), \"OT - Sales (one-time)\")]"}
COMMAND: POST /session/93898e5d8213af02b008b7064a8e178d/element/f.DB6019AE2C79B0A323A25C7C2B3F3E26.d.AD90C8955CCFA3B128A33DFCC183BEC1.e.6033/click - {}
RESULT: {}
RESULT: {}
COMMAND: POST /session/93898e5d8213af02b008b7064a8e178d/execute/async - {"script":"<script> [1562 bytes]","args":[{"selector":{"id":"application-managepricingrules-display-component---newInfoPriceItem--priceProc-arrow"},"wdio_ui5_key":"applicationmanagepricingrules-display-component---newInfoPriceItem--priceProc-arrow"}]}
COMMAND: GET /session/93898e5d8213af02b008b7064a8e178d/screenshot - {}
RESULT: {"script":"<script> [1562 bytes]","args":[{"selector":{"id":"application-managepricingrules-display-component---newInfoPriceItem--priceProc-arrow"},"wdio_ui5_key":"applicationmanagepricingrules-display-component---newInfoPriceItem--priceProc-arrow"}]}
RESULT: undefined
COMMAND: POST /session/93898e5d8213af02b008b7064a8e178d/element - {"using":"xpath","value":"//*[@id=\"application-managepricingrules-display-component---newInfoPriceItem--priceProc-arrow\"]"}
RESULT: {}
RESULT: {"using":"xpath","value":"//*[@id=\"application-managepricingrules-display-component---newInfoPriceItem--priceProc-arrow\"]"}
COMMAND: POST /session/93898e5d8213af02b008b7064a8e178d/element/f.DB6019AE2C79B0A323A25C7C2B3F3E26.d.AD90C8955CCFA3B128A33DFCC183BEC1.e.5997/click - {}
RESULT: {}
COMMAND: POST /session/93898e5d8213af02b008b7064a8e178d/element - {"using":"xpath","value":"//span[contains(text(), \"MAT - Material\")]"}
COMMAND: GET /session/93898e5d8213af02b008b7064a8e178d/screenshot - {}
RESULT: {}
RESULT: {"using":"xpath","value":"//span[contains(text(), \"MAT - Material\")]"}
COMMAND: POST /session/93898e5d8213af02b008b7064a8e178d/element/f.DB6019AE2C79B0A323A25C7C2B3F3E26.d.AD90C8955CCFA3B128A33DFCC183BEC1.e.6034/click - {}
RESULT: {}
COMMAND: POST /session/93898e5d8213af02b008b7064a8e178d/execute/async - {"script":"<script> [1562 bytes]","args":[{"selector":{"id":"application-managepricingrules-display-component---newInfoPriceItem--calcBase-arrow"},"wdio_ui5_key":"applicationmanagepricingrules-display-component---newInfoPriceItem--calcBase-arrow"}]}
COMMAND: GET /session/93898e5d8213af02b008b7064a8e178d/screenshot - {}
RESULT: {"script":"<script> [1562 bytes]","args":[{"selector":{"id":"application-managepricingrules-display-component---newInfoPriceItem--calcBase-arrow"},"wdio_ui5_key":"applicationmanagepricingrules-display-component---newInfoPriceItem--calcBase-arrow"}]}
RESULT: undefined
COMMAND: POST /session/93898e5d8213af02b008b7064a8e178d/element - {"using":"xpath","value":"//*[@id=\"application-managepricingrules-display-component---newInfoPriceItem--calcBase-arrow\"]"}
RESULT: {}
RESULT: {"using":"xpath","value":"//*[@id=\"application-managepricingrules-display-component---newInfoPriceItem--calcBase-arrow\"]"}
COMMAND: POST /session/93898e5d8213af02b008b7064a8e178d/element/f.DB6019AE2C79B0A323A25C7C2B3F3E26.d.AD90C8955CCFA3B128A33DFCC183BEC1.e.6004/click - {}
RESULT: {}
COMMAND: GET /session/93898e5d8213af02b008b7064a8e178d/screenshot - {}
RESULT: {}
COMMAND: POST /session/93898e5d8213af02b008b7064a8e178d/element - {"using":"xpath","value":"//span[contains(text(), \"0001 - TB(exact month + cal_days)\")]"}
RESULT: {"using":"xpath","value":"//span[contains(text(), \"0001 - TB(exact month + cal_days)\")]"}
COMMAND: POST /session/93898e5d8213af02b008b7064a8e178d/element/f.DB6019AE2C79B0A323A25C7C2B3F3E26.d.AD90C8955CCFA3B128A33DFCC183BEC1.e.6035/click - {}
RESULT: {}
COMMAND: GET /session/93898e5d8213af02b008b7064a8e178d/screenshot - {}
RESULT: {}
COMMAND: POST /session/93898e5d8213af02b008b7064a8e178d/element - {"using":"xpath","value":"//button[@data-kt=\"saveNewRuleButton\"]"}
RESULT: {"using":"xpath","value":"//button[@data-kt=\"saveNewRuleButton\"]"}
COMMAND: POST /session/93898e5d8213af02b008b7064a8e178d/element/f.DB6019AE2C79B0A323A25C7C2B3F3E26.d.AD90C8955CCFA3B128A33DFCC183BEC1.e.6024/click - {}
RESULT: {}
COMMAND: GET /session/93898e5d8213af02b008b7064a8e178d/screenshot - {}
RESULT: {}
COMMAND: POST /session/93898e5d8213af02b008b7064a8e178d/execute/async - {"script":"<script> [1562 bytes]","args":[{"selector":{"id":"application-managepricingrules-display-component---priceInfoItem--smartFilterBar-btnBasicSearch","interaction":{"idSuffix":"I"}},"wdio_ui5_key":"applicationmanagepricingrules-display-component---priceInfoItem--smartFilterBar-btnBasicSearch"}]}
RESULT: {"script":"<script> [1562 bytes]","args":[{"selector":{"id":"application-managepricingrules-display-component---priceInfoItem--smartFilterBar-btnBasicSearch","interaction":{"idSuffix":"I"}},"wdio_ui5_key":"applicationmanagepricingrules-display-component---priceInfoItem--smartFilterBar-btnBasicSearch"}]}
RESULT: undefined
COMMAND: POST /session/93898e5d8213af02b008b7064a8e178d/execute/async - {"script":"<script> [776 bytes]","args":[{"enterText":"200116","selector":{"id":"application-managepricingrules-display-component---priceInfoItem--smartFilterBar-btnBasicSearch","interaction":{"idSuffix":"I"}},"clearTextFirst":true,"interactionType":"ENTER_TEXT"}]}
RESULT: {"script":"<script> [776 bytes]","args":[{"enterText":"200116","selector":{"id":"application-managepricingrules-display-component---priceInfoItem--smartFilterBar-btnBasicSearch","interaction":{"idSuffix":"I"}},"clearTextFirst":true,"interactionType":"ENTER_TEXT"}]}
COMMAND: POST /session/93898e5d8213af02b008b7064a8e178d/actions - {"actions":[{"id":"action19","type":"key","parameters":{},"actions":[{"type":"keyDown","value":""},{"type":"pause","duration":10},{"type":"keyUp","value":""}]}]}
RESULT: {"actions":[{"id":"action19","type":"key","parameters":{},"actions":[{"type":"keyDown","value":""},{"type":"pause","duration":10},{"type":"keyUp","value":""}]}]}
COMMAND: GET /session/93898e5d8213af02b008b7064a8e178d/screenshot - {}
RESULT: {}
COMMAND: POST /session/93898e5d8213af02b008b7064a8e178d/element - {"using":"xpath","value":"//span[@id=\"application-managepricingrules-display-component---priceInfoItem--smartTable-header-inner\"]"}
RESULT: {"using":"xpath","value":"//span[@id=\"application-managepricingrules-display-component---priceInfoItem--smartTable-header-inner\"]"}
COMMAND: POST /session/93898e5d8213af02b008b7064a8e178d/elements - {"using":"xpath","value":"//span[@id=\"application-managepricingrules-display-component---priceInfoItem--smartTable-header-inner\"]"}
RESULT: {"using":"xpath","value":"//span[@id=\"application-managepricingrules-display-component---priceInfoItem--smartTable-header-inner\"]"}
COMMAND: POST /session/93898e5d8213af02b008b7064a8e178d/execute/sync - {"script":"<script> [56 bytes]","args":[{"element-6066-11e4-a52e-4f735466cecf":"f.DB6019AE2C79B0A323A25C7C2B3F3E26.d.AD90C8955CCFA3B128A33DFCC183BEC1.e.6059","ELEMENT":"f.DB6019AE2C79B0A323A25C7C2B3F3E26.d.AD90C8955CCFA3B128A33DFCC183BEC1.e.6059"}]}
RESULT: {"script":"<script> [56 bytes]","args":[{"element-6066-11e4-a52e-4f735466cecf":"f.DB6019AE2C79B0A323A25C7C2B3F3E26.d.AD90C8955CCFA3B128A33DFCC183BEC1.e.6059","ELEMENT":"f.DB6019AE2C79B0A323A25C7C2B3F3E26.d.AD90C8955CCFA3B128A33DFCC183BEC1.e.6059"}]}
COMMAND: POST /session/93898e5d8213af02b008b7064a8e178d/element - {"using":"css selector","value":"#shell-header-logo"}
COMMAND: GET /session/93898e5d8213af02b008b7064a8e178d/screenshot - {}
RESULT: {"using":"css selector","value":"#shell-header-logo"}
COMMAND: POST /session/93898e5d8213af02b008b7064a8e178d/element/f.DB6019AE2C79B0A323A25C7C2B3F3E26.d.AD90C8955CCFA3B128A33DFCC183BEC1.e.5215/click - {}
RESULT: {}
RESULT: {}
COMMAND: GET /session/93898e5d8213af02b008b7064a8e178d/screenshot - {}
RESULT: {}
]]></system-out>
    </testcase>
    <testcase classname="chrome.136_0_7103_93.windows.US134625_Set_up_price_condition_-_one_time" name="Should create new condition one time" time="69.285">
      <system-out><![CDATA[
COMMAND: POST /session/93898e5d8213af02b008b7064a8e178d/execute/async - {"script":"<script> [1562 bytes]","args":[{"selector":{"controlType":"sap.m.GenericTile","properties":{"header":"Manage Conditions & Prices"}},"wdio_ui5_key":"sapm.GenericTile{\"header\":\"Manage Conditions & Prices\"}"}]}
RESULT: {"script":"<script> [1562 bytes]","args":[{"selector":{"controlType":"sap.m.GenericTile","properties":{"header":"Manage Conditions & Prices"}},"wdio_ui5_key":"sapm.GenericTile{\"header\":\"Manage Conditions & Prices\"}"}]}
RESULT: undefined
COMMAND: POST /session/93898e5d8213af02b008b7064a8e178d/element - {"using":"xpath","value":"//*[@id=\"__tile53\"]"}
RESULT: {"using":"xpath","value":"//*[@id=\"__tile53\"]"}
COMMAND: POST /session/93898e5d8213af02b008b7064a8e178d/element/f.DB6019AE2C79B0A323A25C7C2B3F3E26.d.AD90C8955CCFA3B128A33DFCC183BEC1.e.5152/click - {}
RESULT: {}
COMMAND: GET /session/93898e5d8213af02b008b7064a8e178d/screenshot - {}
RESULT: {}
COMMAND: POST /session/93898e5d8213af02b008b7064a8e178d/elements - {"using":"xpath","value":"//span[text()='Error']"}
RESULT: {"using":"xpath","value":"//span[text()='Error']"}
COMMAND: POST /session/93898e5d8213af02b008b7064a8e178d/element - {"using":"xpath","value":"//button[@aria-label=\"Create\"]"}
RESULT: {"using":"xpath","value":"//button[@aria-label=\"Create\"]"}
COMMAND: POST /session/93898e5d8213af02b008b7064a8e178d/elements - {"using":"xpath","value":"//button[@aria-label=\"Create\"]"}
RESULT: {"using":"xpath","value":"//button[@aria-label=\"Create\"]"}
COMMAND: POST /session/93898e5d8213af02b008b7064a8e178d/execute/sync - {"script":"<script> [8489 bytes]","args":[{"element-6066-11e4-a52e-4f735466cecf":"f.DB6019AE2C79B0A323A25C7C2B3F3E26.d.AD90C8955CCFA3B128A33DFCC183BEC1.e.6094","ELEMENT":"f.DB6019AE2C79B0A323A25C7C2B3F3E26.d.AD90C8955CCFA3B128A33DFCC183BEC1.e.6094"}]}
RESULT: {"script":"<script> [8489 bytes]","args":[{"element-6066-11e4-a52e-4f735466cecf":"f.DB6019AE2C79B0A323A25C7C2B3F3E26.d.AD90C8955CCFA3B128A33DFCC183BEC1.e.6094","ELEMENT":"f.DB6019AE2C79B0A323A25C7C2B3F3E26.d.AD90C8955CCFA3B128A33DFCC183BEC1.e.6094"}]}
COMMAND: GET /session/93898e5d8213af02b008b7064a8e178d/element/f.DB6019AE2C79B0A323A25C7C2B3F3E26.d.AD90C8955CCFA3B128A33DFCC183BEC1.e.6094/enabled - {}
COMMAND: GET /session/93898e5d8213af02b008b7064a8e178d/screenshot - {}
RESULT: {}
COMMAND: POST /session/93898e5d8213af02b008b7064a8e178d/execute/sync - {"script":"<script> [8489 bytes]","args":[{"element-6066-11e4-a52e-4f735466cecf":"f.DB6019AE2C79B0A323A25C7C2B3F3E26.d.AD90C8955CCFA3B128A33DFCC183BEC1.e.6094","ELEMENT":"f.DB6019AE2C79B0A323A25C7C2B3F3E26.d.AD90C8955CCFA3B128A33DFCC183BEC1.e.6094"}]}
COMMAND: GET /session/93898e5d8213af02b008b7064a8e178d/screenshot - {}
RESULT: {}
RESULT: {"script":"<script> [8489 bytes]","args":[{"element-6066-11e4-a52e-4f735466cecf":"f.DB6019AE2C79B0A323A25C7C2B3F3E26.d.AD90C8955CCFA3B128A33DFCC183BEC1.e.6094","ELEMENT":"f.DB6019AE2C79B0A323A25C7C2B3F3E26.d.AD90C8955CCFA3B128A33DFCC183BEC1.e.6094"}]}
COMMAND: POST /session/93898e5d8213af02b008b7064a8e178d/execute/sync - {"script":"<script> [5351 bytes]","args":[{"element-6066-11e4-a52e-4f735466cecf":"f.DB6019AE2C79B0A323A25C7C2B3F3E26.d.AD90C8955CCFA3B128A33DFCC183BEC1.e.6094","ELEMENT":"f.DB6019AE2C79B0A323A25C7C2B3F3E26.d.AD90C8955CCFA3B128A33DFCC183BEC1.e.6094"}]}
COMMAND: GET /session/93898e5d8213af02b008b7064a8e178d/screenshot - {}
RESULT: {}
RESULT: {"script":"<script> [5351 bytes]","args":[{"element-6066-11e4-a52e-4f735466cecf":"f.DB6019AE2C79B0A323A25C7C2B3F3E26.d.AD90C8955CCFA3B128A33DFCC183BEC1.e.6094","ELEMENT":"f.DB6019AE2C79B0A323A25C7C2B3F3E26.d.AD90C8955CCFA3B128A33DFCC183BEC1.e.6094"}]}
COMMAND: POST /session/93898e5d8213af02b008b7064a8e178d/element/f.DB6019AE2C79B0A323A25C7C2B3F3E26.d.AD90C8955CCFA3B128A33DFCC183BEC1.e.6094/click - {}
COMMAND: GET /session/93898e5d8213af02b008b7064a8e178d/screenshot - {}
RESULT: {}
RESULT: {}
COMMAND: GET /session/93898e5d8213af02b008b7064a8e178d/screenshot - {}
RESULT: {}
RESULT: {}
COMMAND: POST /session/93898e5d8213af02b008b7064a8e178d/actions - {"actions":[{"id":"action20","type":"key","parameters":{},"actions":[{"type":"keyDown","value":""},{"type":"pause","duration":10},{"type":"keyUp","value":""}]}]}
RESULT: {"actions":[{"id":"action20","type":"key","parameters":{},"actions":[{"type":"keyDown","value":""},{"type":"pause","duration":10},{"type":"keyUp","value":""}]}]}
COMMAND: GET /session/93898e5d8213af02b008b7064a8e178d/screenshot - {}
RESULT: {}
COMMAND: POST /session/93898e5d8213af02b008b7064a8e178d/execute/async - {"script":"<script> [1562 bytes]","args":[{"selector":{"id":"application-manageconditionprice-display-component---newCondition--condBillCond-arrow"},"wdio_ui5_key":"applicationmanageconditionprice-display-component---newCondition--condBillCond-arrow"}]}
RESULT: {"script":"<script> [1562 bytes]","args":[{"selector":{"id":"application-manageconditionprice-display-component---newCondition--condBillCond-arrow"},"wdio_ui5_key":"applicationmanageconditionprice-display-component---newCondition--condBillCond-arrow"}]}
RESULT: undefined
COMMAND: POST /session/93898e5d8213af02b008b7064a8e178d/element - {"using":"xpath","value":"//*[@id=\"application-manageconditionprice-display-component---newCondition--condBillCond-arrow\"]"}
RESULT: {"using":"xpath","value":"//*[@id=\"application-manageconditionprice-display-component---newCondition--condBillCond-arrow\"]"}
COMMAND: POST /session/93898e5d8213af02b008b7064a8e178d/element/f.DB6019AE2C79B0A323A25C7C2B3F3E26.d.AD90C8955CCFA3B128A33DFCC183BEC1.e.6274/click - {}
RESULT: {}
COMMAND: GET /session/93898e5d8213af02b008b7064a8e178d/screenshot - {}
RESULT: {}
COMMAND: POST /session/93898e5d8213af02b008b7064a8e178d/element - {"using":"xpath","value":"//li[.//span[contains(text(), \"SAPR - Sales price\")]]"}
RESULT: {"using":"xpath","value":"//li[.//span[contains(text(), \"SAPR - Sales price\")]]"}
COMMAND: POST /session/93898e5d8213af02b008b7064a8e178d/element/f.DB6019AE2C79B0A323A25C7C2B3F3E26.d.AD90C8955CCFA3B128A33DFCC183BEC1.e.6277/click - {}
RESULT: {}
COMMAND: GET /session/93898e5d8213af02b008b7064a8e178d/screenshot - {}
RESULT: {}
COMMAND: POST /session/93898e5d8213af02b008b7064a8e178d/execute/async - {"script":"<script> [1562 bytes]","args":[{"selector":{"id":"application-manageconditionprice-display-component---newCondition--condValidTo","interaction":{"idSuffix":"inner"}},"wdio_ui5_key":"applicationmanageconditionprice-display-component---newCondition--condValidTo"}]}
RESULT: {"script":"<script> [1562 bytes]","args":[{"selector":{"id":"application-manageconditionprice-display-component---newCondition--condValidTo","interaction":{"idSuffix":"inner"}},"wdio_ui5_key":"applicationmanageconditionprice-display-component---newCondition--condValidTo"}]}
RESULT: undefined
COMMAND: POST /session/93898e5d8213af02b008b7064a8e178d/execute/async - {"script":"<script> [776 bytes]","args":[{"enterText":"1/24/26","selector":{"id":"application-manageconditionprice-display-component---newCondition--condValidTo","interaction":{"idSuffix":"inner"}},"clearTextFirst":true,"interactionType":"ENTER_TEXT"}]}
RESULT: {"script":"<script> [776 bytes]","args":[{"enterText":"1/24/26","selector":{"id":"application-manageconditionprice-display-component---newCondition--condValidTo","interaction":{"idSuffix":"inner"}},"clearTextFirst":true,"interactionType":"ENTER_TEXT"}]}
COMMAND: POST /session/93898e5d8213af02b008b7064a8e178d/element - {"using":"xpath","value":"//input[@id=\"application-manageconditionprice-display-component---newCondition--condRU-inner\"]"}
RESULT: {"using":"xpath","value":"//input[@id=\"application-manageconditionprice-display-component---newCondition--condRU-inner\"]"}
COMMAND: POST /session/93898e5d8213af02b008b7064a8e178d/element/f.DB6019AE2C79B0A323A25C7C2B3F3E26.d.AD90C8955CCFA3B128A33DFCC183BEC1.e.6139/clear - {}
RESULT: {}
COMMAND: POST /session/93898e5d8213af02b008b7064a8e178d/element/f.DB6019AE2C79B0A323A25C7C2B3F3E26.d.AD90C8955CCFA3B128A33DFCC183BEC1.e.6139/value - {"text":"200116"}
COMMAND: GET /session/93898e5d8213af02b008b7064a8e178d/screenshot - {}
RESULT: {"text":"200116"}
COMMAND: GET /session/93898e5d8213af02b008b7064a8e178d/screenshot - {}
RESULT: {}
RESULT: {}
COMMAND: POST /session/93898e5d8213af02b008b7064a8e178d/actions - {"actions":[{"id":"action21","type":"key","parameters":{},"actions":[{"type":"keyDown","value":""},{"type":"pause","duration":10},{"type":"keyUp","value":""}]}]}
RESULT: {"actions":[{"id":"action21","type":"key","parameters":{},"actions":[{"type":"keyDown","value":""},{"type":"pause","duration":10},{"type":"keyUp","value":""}]}]}
COMMAND: POST /session/93898e5d8213af02b008b7064a8e178d/execute/async - {"script":"<script> [1562 bytes]","args":[{"selector":{"id":"application-manageconditionprice-display-component---newCondition--condBaseQty","interaction":{"idSuffix":"inner"}},"wdio_ui5_key":"applicationmanageconditionprice-display-component---newCondition--condBaseQty"}]}
COMMAND: GET /session/93898e5d8213af02b008b7064a8e178d/screenshot - {}
RESULT: {"script":"<script> [1562 bytes]","args":[{"selector":{"id":"application-manageconditionprice-display-component---newCondition--condBaseQty","interaction":{"idSuffix":"inner"}},"wdio_ui5_key":"applicationmanageconditionprice-display-component---newCondition--condBaseQty"}]}
RESULT: undefined
COMMAND: POST /session/93898e5d8213af02b008b7064a8e178d/execute/async - {"script":"<script> [776 bytes]","args":[{"enterText":"1","selector":{"id":"application-manageconditionprice-display-component---newCondition--condBaseQty","interaction":{"idSuffix":"inner"}},"clearTextFirst":true,"interactionType":"ENTER_TEXT"}]}
RESULT: {}
RESULT: {"script":"<script> [776 bytes]","args":[{"enterText":"1","selector":{"id":"application-manageconditionprice-display-component---newCondition--condBaseQty","interaction":{"idSuffix":"inner"}},"clearTextFirst":true,"interactionType":"ENTER_TEXT"}]}
COMMAND: POST /session/93898e5d8213af02b008b7064a8e178d/execute/async - {"script":"<script> [1562 bytes]","args":[{"selector":{"id":"application-manageconditionprice-display-component---newCondition--condValue","interaction":{"idSuffix":"inner"}},"wdio_ui5_key":"applicationmanageconditionprice-display-component---newCondition--condValue"}]}
RESULT: {"script":"<script> [1562 bytes]","args":[{"selector":{"id":"application-manageconditionprice-display-component---newCondition--condValue","interaction":{"idSuffix":"inner"}},"wdio_ui5_key":"applicationmanageconditionprice-display-component---newCondition--condValue"}]}
RESULT: undefined
COMMAND: POST /session/93898e5d8213af02b008b7064a8e178d/execute/async - {"script":"<script> [776 bytes]","args":[{"enterText":"100.00","selector":{"id":"application-manageconditionprice-display-component---newCondition--condValue","interaction":{"idSuffix":"inner"}},"clearTextFirst":true,"interactionType":"ENTER_TEXT"}]}
RESULT: {"script":"<script> [776 bytes]","args":[{"enterText":"100.00","selector":{"id":"application-manageconditionprice-display-component---newCondition--condValue","interaction":{"idSuffix":"inner"}},"clearTextFirst":true,"interactionType":"ENTER_TEXT"}]}
COMMAND: POST /session/93898e5d8213af02b008b7064a8e178d/execute/async - {"script":"<script> [1562 bytes]","args":[{"selector":{"id":"application-manageconditionprice-display-component---newCondition--condCurr-arrow"},"wdio_ui5_key":"applicationmanageconditionprice-display-component---newCondition--condCurr-arrow"}]}
RESULT: {"script":"<script> [1562 bytes]","args":[{"selector":{"id":"application-manageconditionprice-display-component---newCondition--condCurr-arrow"},"wdio_ui5_key":"applicationmanageconditionprice-display-component---newCondition--condCurr-arrow"}]}
RESULT: undefined
COMMAND: POST /session/93898e5d8213af02b008b7064a8e178d/element - {"using":"xpath","value":"//*[@id=\"application-manageconditionprice-display-component---newCondition--condCurr-arrow\"]"}
RESULT: {"using":"xpath","value":"//*[@id=\"application-manageconditionprice-display-component---newCondition--condCurr-arrow\"]"}
COMMAND: POST /session/93898e5d8213af02b008b7064a8e178d/element/f.DB6019AE2C79B0A323A25C7C2B3F3E26.d.AD90C8955CCFA3B128A33DFCC183BEC1.e.6246/click - {}
RESULT: {}
COMMAND: POST /session/93898e5d8213af02b008b7064a8e178d/element - {"using":"xpath","value":"//span[contains(text(), \"Euro\")]"}
COMMAND: GET /session/93898e5d8213af02b008b7064a8e178d/screenshot - {}
RESULT: {"using":"xpath","value":"//span[contains(text(), \"Euro\")]"}
COMMAND: POST /session/93898e5d8213af02b008b7064a8e178d/element/f.DB6019AE2C79B0A323A25C7C2B3F3E26.d.AD90C8955CCFA3B128A33DFCC183BEC1.e.6311/click - {}
RESULT: {}
RESULT: {}
COMMAND: POST /session/93898e5d8213af02b008b7064a8e178d/element - {"using":"xpath","value":"//button[@data-kt=\"saveButton\"]"}
COMMAND: GET /session/93898e5d8213af02b008b7064a8e178d/screenshot - {}
RESULT: {"using":"xpath","value":"//button[@data-kt=\"saveButton\"]"}
COMMAND: POST /session/93898e5d8213af02b008b7064a8e178d/element/f.DB6019AE2C79B0A323A25C7C2B3F3E26.d.AD90C8955CCFA3B128A33DFCC183BEC1.e.6247/click - {}
RESULT: {}
RESULT: {}
COMMAND: GET /session/93898e5d8213af02b008b7064a8e178d/screenshot - {}
RESULT: {}
COMMAND: POST /session/93898e5d8213af02b008b7064a8e178d/execute/async - {"script":"<script> [1562 bytes]","args":[{"selector":{"id":"application-manageconditionprice-display-component---conditions--smartFilterBar-btnBasicSearch","interaction":{"idSuffix":"I"}},"wdio_ui5_key":"applicationmanageconditionprice-display-component---conditions--smartFilterBar-btnBasicSearch"}]}
RESULT: {"script":"<script> [1562 bytes]","args":[{"selector":{"id":"application-manageconditionprice-display-component---conditions--smartFilterBar-btnBasicSearch","interaction":{"idSuffix":"I"}},"wdio_ui5_key":"applicationmanageconditionprice-display-component---conditions--smartFilterBar-btnBasicSearch"}]}
RESULT: undefined
COMMAND: POST /session/93898e5d8213af02b008b7064a8e178d/execute/async - {"script":"<script> [776 bytes]","args":[{"enterText":"200116","selector":{"id":"application-manageconditionprice-display-component---conditions--smartFilterBar-btnBasicSearch","interaction":{"idSuffix":"I"}},"clearTextFirst":true,"interactionType":"ENTER_TEXT"}]}
RESULT: {"script":"<script> [776 bytes]","args":[{"enterText":"200116","selector":{"id":"application-manageconditionprice-display-component---conditions--smartFilterBar-btnBasicSearch","interaction":{"idSuffix":"I"}},"clearTextFirst":true,"interactionType":"ENTER_TEXT"}]}
COMMAND: POST /session/93898e5d8213af02b008b7064a8e178d/actions - {"actions":[{"id":"action22","type":"key","parameters":{},"actions":[{"type":"keyDown","value":""},{"type":"pause","duration":10},{"type":"keyUp","value":""}]}]}
RESULT: {"actions":[{"id":"action22","type":"key","parameters":{},"actions":[{"type":"keyDown","value":""},{"type":"pause","duration":10},{"type":"keyUp","value":""}]}]}
COMMAND: GET /session/93898e5d8213af02b008b7064a8e178d/screenshot - {}
RESULT: {}
COMMAND: POST /session/93898e5d8213af02b008b7064a8e178d/execute/async - {"script":"<script> [1562 bytes]","args":[{"selector":{"id":"application-manageconditionprice-display-component---conditions--smartFilterBar-filterItemControl_BASIC-BILL_TYPES-vhi"},"wdio_ui5_key":"applicationmanageconditionprice-display-component---conditions--smartFilterBar-filterItemControl_BASIC-BILL_TYPES-vhi"}]}
RESULT: {"script":"<script> [1562 bytes]","args":[{"selector":{"id":"application-manageconditionprice-display-component---conditions--smartFilterBar-filterItemControl_BASIC-BILL_TYPES-vhi"},"wdio_ui5_key":"applicationmanageconditionprice-display-component---conditions--smartFilterBar-filterItemControl_BASIC-BILL_TYPES-vhi"}]}
RESULT: undefined
COMMAND: POST /session/93898e5d8213af02b008b7064a8e178d/element - {"using":"xpath","value":"//*[@id=\"application-manageconditionprice-display-component---conditions--smartFilterBar-filterItemControl_BASIC-BILL_TYPES-vhi\"]"}
RESULT: {"using":"xpath","value":"//*[@id=\"application-manageconditionprice-display-component---conditions--smartFilterBar-filterItemControl_BASIC-BILL_TYPES-vhi\"]"}
COMMAND: POST /session/93898e5d8213af02b008b7064a8e178d/element/f.DB6019AE2C79B0A323A25C7C2B3F3E26.d.AD90C8955CCFA3B128A33DFCC183BEC1.e.6418/click - {}
RESULT: {}
COMMAND: POST /session/93898e5d8213af02b008b7064a8e178d/execute/async - {"script":"<script> [1562 bytes]","args":[{"selector":{"id":"application-manageconditionprice-display-component---conditions--smartFilterBar-filterItemControl_BASIC-BILL_TYPES-valueHelpDialog-smartFilterBar-btnBasicSearch","searchOpenDialogs":true,"interaction":{"idSuffix":"I"}},"wdio_ui5_key":"applicationmanageconditionprice-display-component---conditions--smartFilterBar-filterItemControl_BASIC-BILL_TYPES-valueHelpDialog-smartFilterBar-btnBasicSearch"}]}
COMMAND: GET /session/93898e5d8213af02b008b7064a8e178d/screenshot - {}
RESULT: {"script":"<script> [1562 bytes]","args":[{"selector":{"id":"application-manageconditionprice-display-component---conditions--smartFilterBar-filterItemControl_BASIC-BILL_TYPES-valueHelpDialog-smartFilterBar-btnBasicSearch","searchOpenDialogs":true,"interaction":{"idSuffix":"I"}},"wdio_ui5_key":"applicationmanageconditionprice-display-component---conditions--smartFilterBar-filterItemControl_BASIC-BILL_TYPES-valueHelpDialog-smartFilterBar-btnBasicSearch"}]}
RESULT: undefined
COMMAND: POST /session/93898e5d8213af02b008b7064a8e178d/execute/async - {"script":"<script> [776 bytes]","args":[{"enterText":"one","selector":{"id":"application-manageconditionprice-display-component---conditions--smartFilterBar-filterItemControl_BASIC-BILL_TYPES-valueHelpDialog-smartFilterBar-btnBasicSearch","searchOpenDialogs":true,"interaction":{"idSuffix":"I"}},"clearTextFirst":true,"interactionType":"ENTER_TEXT"}]}
RESULT: {}
RESULT: {"script":"<script> [776 bytes]","args":[{"enterText":"one","selector":{"id":"application-manageconditionprice-display-component---conditions--smartFilterBar-filterItemControl_BASIC-BILL_TYPES-valueHelpDialog-smartFilterBar-btnBasicSearch","searchOpenDialogs":true,"interaction":{"idSuffix":"I"}},"clearTextFirst":true,"interactionType":"ENTER_TEXT"}]}
COMMAND: POST /session/93898e5d8213af02b008b7064a8e178d/actions - {"actions":[{"id":"action23","type":"key","parameters":{},"actions":[{"type":"keyDown","value":""},{"type":"pause","duration":10},{"type":"keyUp","value":""}]}]}
RESULT: {"actions":[{"id":"action23","type":"key","parameters":{},"actions":[{"type":"keyDown","value":""},{"type":"pause","duration":10},{"type":"keyUp","value":""}]}]}
COMMAND: GET /session/93898e5d8213af02b008b7064a8e178d/screenshot - {}
RESULT: {}
COMMAND: POST /session/93898e5d8213af02b008b7064a8e178d/element - {"using":"xpath","value":"//div[contains(@id, 'application-manageconditionprice-display-component---conditions--smartFilterBar-filterItemControl_BASIC-BILL_TYPES-valueHelpDialog-table-rowsel0')]"}
RESULT: {"using":"xpath","value":"//div[contains(@id, 'application-manageconditionprice-display-component---conditions--smartFilterBar-filterItemControl_BASIC-BILL_TYPES-valueHelpDialog-table-rowsel0')]"}
COMMAND: POST /session/93898e5d8213af02b008b7064a8e178d/element/f.DB6019AE2C79B0A323A25C7C2B3F3E26.d.AD90C8955CCFA3B128A33DFCC183BEC1.e.6428/click - {}
RESULT: {}
COMMAND: GET /session/93898e5d8213af02b008b7064a8e178d/screenshot - {}
RESULT: {}
COMMAND: POST /session/93898e5d8213af02b008b7064a8e178d/element - {"using":"xpath","value":"//bdi[contains(text(), \"OK\")]"}
RESULT: {"using":"xpath","value":"//bdi[contains(text(), \"OK\")]"}
COMMAND: POST /session/93898e5d8213af02b008b7064a8e178d/element/f.DB6019AE2C79B0A323A25C7C2B3F3E26.d.AD90C8955CCFA3B128A33DFCC183BEC1.e.6430/click - {}
RESULT: {}
COMMAND: GET /session/93898e5d8213af02b008b7064a8e178d/screenshot - {}
RESULT: {}
COMMAND: POST /session/93898e5d8213af02b008b7064a8e178d/element - {"using":"xpath","value":"//span[@id=\"application-manageconditionprice-display-component---conditions--smartTable-header-inner\"]"}
RESULT: {"using":"xpath","value":"//span[@id=\"application-manageconditionprice-display-component---conditions--smartTable-header-inner\"]"}
COMMAND: POST /session/93898e5d8213af02b008b7064a8e178d/elements - {"using":"xpath","value":"//span[@id=\"application-manageconditionprice-display-component---conditions--smartTable-header-inner\"]"}
RESULT: {"using":"xpath","value":"//span[@id=\"application-manageconditionprice-display-component---conditions--smartTable-header-inner\"]"}
COMMAND: POST /session/93898e5d8213af02b008b7064a8e178d/execute/sync - {"script":"<script> [56 bytes]","args":[{"element-6066-11e4-a52e-4f735466cecf":"f.DB6019AE2C79B0A323A25C7C2B3F3E26.d.AD90C8955CCFA3B128A33DFCC183BEC1.e.6433","ELEMENT":"f.DB6019AE2C79B0A323A25C7C2B3F3E26.d.AD90C8955CCFA3B128A33DFCC183BEC1.e.6433"}]}
RESULT: {"script":"<script> [56 bytes]","args":[{"element-6066-11e4-a52e-4f735466cecf":"f.DB6019AE2C79B0A323A25C7C2B3F3E26.d.AD90C8955CCFA3B128A33DFCC183BEC1.e.6433","ELEMENT":"f.DB6019AE2C79B0A323A25C7C2B3F3E26.d.AD90C8955CCFA3B128A33DFCC183BEC1.e.6433"}]}
COMMAND: POST /session/93898e5d8213af02b008b7064a8e178d/element - {"using":"css selector","value":"#shell-header-logo"}
COMMAND: GET /session/93898e5d8213af02b008b7064a8e178d/screenshot - {}
RESULT: {"using":"css selector","value":"#shell-header-logo"}
COMMAND: POST /session/93898e5d8213af02b008b7064a8e178d/element/f.DB6019AE2C79B0A323A25C7C2B3F3E26.d.AD90C8955CCFA3B128A33DFCC183BEC1.e.6062/click - {}
RESULT: {}
RESULT: {}
COMMAND: GET /session/93898e5d8213af02b008b7064a8e178d/screenshot - {}
RESULT: {}
]]></system-out>
    </testcase>
    <testcase classname="chrome.136_0_7103_93.windows.US134625_Set_up_price_condition_-_one_time" name="Should create a new contract" time="69.299">
      <system-out><![CDATA[
COMMAND: POST /session/93898e5d8213af02b008b7064a8e178d/execute/async - {"script":"<script> [1562 bytes]","args":[{"selector":{"controlType":"sap.m.GenericTile","properties":{"header":"Manage Contracts"}},"wdio_ui5_key":"sapm.GenericTile{\"header\":\"Manage Contracts\"}"}]}
RESULT: {"script":"<script> [1562 bytes]","args":[{"selector":{"controlType":"sap.m.GenericTile","properties":{"header":"Manage Contracts"}},"wdio_ui5_key":"sapm.GenericTile{\"header\":\"Manage Contracts\"}"}]}
RESULT: undefined
COMMAND: POST /session/93898e5d8213af02b008b7064a8e178d/element - {"using":"xpath","value":"//*[@id=\"__tile130\"]"}
RESULT: {"using":"xpath","value":"//*[@id=\"__tile130\"]"}
COMMAND: POST /session/93898e5d8213af02b008b7064a8e178d/element/f.DB6019AE2C79B0A323A25C7C2B3F3E26.d.AD90C8955CCFA3B128A33DFCC183BEC1.e.5121/click - {}
RESULT: {}
COMMAND: GET /session/93898e5d8213af02b008b7064a8e178d/screenshot - {}
RESULT: {}
COMMAND: POST /session/93898e5d8213af02b008b7064a8e178d/elements - {"using":"xpath","value":"//span[text()='Error']"}
RESULT: {"using":"xpath","value":"//span[text()='Error']"}
COMMAND: POST /session/93898e5d8213af02b008b7064a8e178d/element - {"using":"xpath","value":"//button[@data-kt=\"addButton\"]"}
RESULT: {"using":"xpath","value":"//button[@data-kt=\"addButton\"]"}
COMMAND: POST /session/93898e5d8213af02b008b7064a8e178d/elements - {"using":"xpath","value":"//button[@data-kt=\"addButton\"]"}
RESULT: {"using":"xpath","value":"//button[@data-kt=\"addButton\"]"}
COMMAND: POST /session/93898e5d8213af02b008b7064a8e178d/execute/sync - {"script":"<script> [8489 bytes]","args":[{"element-6066-11e4-a52e-4f735466cecf":"f.DB6019AE2C79B0A323A25C7C2B3F3E26.d.AD90C8955CCFA3B128A33DFCC183BEC1.e.6472","ELEMENT":"f.DB6019AE2C79B0A323A25C7C2B3F3E26.d.AD90C8955CCFA3B128A33DFCC183BEC1.e.6472"}]}
RESULT: {"script":"<script> [8489 bytes]","args":[{"element-6066-11e4-a52e-4f735466cecf":"f.DB6019AE2C79B0A323A25C7C2B3F3E26.d.AD90C8955CCFA3B128A33DFCC183BEC1.e.6472","ELEMENT":"f.DB6019AE2C79B0A323A25C7C2B3F3E26.d.AD90C8955CCFA3B128A33DFCC183BEC1.e.6472"}]}
COMMAND: GET /session/93898e5d8213af02b008b7064a8e178d/element/f.DB6019AE2C79B0A323A25C7C2B3F3E26.d.AD90C8955CCFA3B128A33DFCC183BEC1.e.6472/enabled - {}
COMMAND: GET /session/93898e5d8213af02b008b7064a8e178d/screenshot - {}
RESULT: {}
COMMAND: POST /session/93898e5d8213af02b008b7064a8e178d/execute/sync - {"script":"<script> [8489 bytes]","args":[{"element-6066-11e4-a52e-4f735466cecf":"f.DB6019AE2C79B0A323A25C7C2B3F3E26.d.AD90C8955CCFA3B128A33DFCC183BEC1.e.6472","ELEMENT":"f.DB6019AE2C79B0A323A25C7C2B3F3E26.d.AD90C8955CCFA3B128A33DFCC183BEC1.e.6472"}]}
COMMAND: GET /session/93898e5d8213af02b008b7064a8e178d/screenshot - {}
RESULT: {}
RESULT: {"script":"<script> [8489 bytes]","args":[{"element-6066-11e4-a52e-4f735466cecf":"f.DB6019AE2C79B0A323A25C7C2B3F3E26.d.AD90C8955CCFA3B128A33DFCC183BEC1.e.6472","ELEMENT":"f.DB6019AE2C79B0A323A25C7C2B3F3E26.d.AD90C8955CCFA3B128A33DFCC183BEC1.e.6472"}]}
COMMAND: POST /session/93898e5d8213af02b008b7064a8e178d/execute/sync - {"script":"<script> [5351 bytes]","args":[{"element-6066-11e4-a52e-4f735466cecf":"f.DB6019AE2C79B0A323A25C7C2B3F3E26.d.AD90C8955CCFA3B128A33DFCC183BEC1.e.6472","ELEMENT":"f.DB6019AE2C79B0A323A25C7C2B3F3E26.d.AD90C8955CCFA3B128A33DFCC183BEC1.e.6472"}]}
COMMAND: GET /session/93898e5d8213af02b008b7064a8e178d/screenshot - {}
RESULT: {}
RESULT: {"script":"<script> [5351 bytes]","args":[{"element-6066-11e4-a52e-4f735466cecf":"f.DB6019AE2C79B0A323A25C7C2B3F3E26.d.AD90C8955CCFA3B128A33DFCC183BEC1.e.6472","ELEMENT":"f.DB6019AE2C79B0A323A25C7C2B3F3E26.d.AD90C8955CCFA3B128A33DFCC183BEC1.e.6472"}]}
COMMAND: GET /session/93898e5d8213af02b008b7064a8e178d/screenshot - {}
RESULT: {}
RESULT: {}
COMMAND: POST /session/93898e5d8213af02b008b7064a8e178d/element/f.DB6019AE2C79B0A323A25C7C2B3F3E26.d.AD90C8955CCFA3B128A33DFCC183BEC1.e.6472/click - {}
RESULT: {}
COMMAND: GET /session/93898e5d8213af02b008b7064a8e178d/screenshot - {}
COMMAND: POST /session/93898e5d8213af02b008b7064a8e178d/execute/async - {"script":"<script> [1562 bytes]","args":[{"selector":{"id":"application-managecontracts-display-component---AddNewContract--projectDescription","interaction":{"idSuffix":"inner"}},"wdio_ui5_key":"applicationmanagecontracts-display-component---AddNewContract--projectDescription"}]}
RESULT: {}
RESULT: {"script":"<script> [1562 bytes]","args":[{"selector":{"id":"application-managecontracts-display-component---AddNewContract--projectDescription","interaction":{"idSuffix":"inner"}},"wdio_ui5_key":"applicationmanagecontracts-display-component---AddNewContract--projectDescription"}]}
RESULT: undefined
COMMAND: POST /session/93898e5d8213af02b008b7064a8e178d/execute/async - {"script":"<script> [776 bytes]","args":[{"enterText":"Intercompany Contract WDIO","selector":{"id":"application-managecontracts-display-component---AddNewContract--projectDescription","interaction":{"idSuffix":"inner"}},"clearTextFirst":true,"interactionType":"ENTER_TEXT"}]}
RESULT: {"script":"<script> [776 bytes]","args":[{"enterText":"Intercompany Contract WDIO","selector":{"id":"application-managecontracts-display-component---AddNewContract--projectDescription","interaction":{"idSuffix":"inner"}},"clearTextFirst":true,"interactionType":"ENTER_TEXT"}]}
COMMAND: POST /session/93898e5d8213af02b008b7064a8e178d/element - {"using":"xpath","value":"//input[@id=\"application-managecontracts-display-component---AddNewContract--site-inner\"]"}
RESULT: {"using":"xpath","value":"//input[@id=\"application-managecontracts-display-component---AddNewContract--site-inner\"]"}
COMMAND: POST /session/93898e5d8213af02b008b7064a8e178d/element/f.DB6019AE2C79B0A323A25C7C2B3F3E26.d.AD90C8955CCFA3B128A33DFCC183BEC1.e.6798/clear - {}
RESULT: {}
COMMAND: POST /session/93898e5d8213af02b008b7064a8e178d/element/f.DB6019AE2C79B0A323A25C7C2B3F3E26.d.AD90C8955CCFA3B128A33DFCC183BEC1.e.6798/value - {"text":"2098"}
COMMAND: GET /session/93898e5d8213af02b008b7064a8e178d/screenshot - {}
RESULT: {"text":"2098"}
COMMAND: GET /session/93898e5d8213af02b008b7064a8e178d/screenshot - {}
RESULT: {}
RESULT: {}
COMMAND: POST /session/93898e5d8213af02b008b7064a8e178d/element - {"using":"xpath","value":"//li[.//span[text()='2098']]"}
RESULT: {"using":"xpath","value":"//li[.//span[text()='2098']]"}
COMMAND: POST /session/93898e5d8213af02b008b7064a8e178d/element/f.DB6019AE2C79B0A323A25C7C2B3F3E26.d.AD90C8955CCFA3B128A33DFCC183BEC1.e.6880/click - {}
RESULT: {}
COMMAND: GET /session/93898e5d8213af02b008b7064a8e178d/screenshot - {}
RESULT: {}
COMMAND: POST /session/93898e5d8213af02b008b7064a8e178d/element - {"using":"xpath","value":"//input[@id=\"application-managecontracts-display-component---AddNewContract--yardId-inner\"]"}
RESULT: {"using":"xpath","value":"//input[@id=\"application-managecontracts-display-component---AddNewContract--yardId-inner\"]"}
COMMAND: GET /session/93898e5d8213af02b008b7064a8e178d/element/f.DB6019AE2C79B0A323A25C7C2B3F3E26.d.AD90C8955CCFA3B128A33DFCC183BEC1.e.6799/property/value - {}
RESULT: {}
COMMAND: POST /session/93898e5d8213af02b008b7064a8e178d/element - {"using":"xpath","value":"//input[@id=\"application-managecontracts-display-component---AddNewContract--customerSelect-inner\"]"}
COMMAND: GET /session/93898e5d8213af02b008b7064a8e178d/screenshot - {}
RESULT: {"using":"xpath","value":"//input[@id=\"application-managecontracts-display-component---AddNewContract--customerSelect-inner\"]"}
COMMAND: POST /session/93898e5d8213af02b008b7064a8e178d/element/f.DB6019AE2C79B0A323A25C7C2B3F3E26.d.AD90C8955CCFA3B128A33DFCC183BEC1.e.6797/clear - {}
RESULT: {}
RESULT: {}
COMMAND: POST /session/93898e5d8213af02b008b7064a8e178d/element/f.DB6019AE2C79B0A323A25C7C2B3F3E26.d.AD90C8955CCFA3B128A33DFCC183BEC1.e.6797/value - {"text":"1101"}
COMMAND: GET /session/93898e5d8213af02b008b7064a8e178d/screenshot - {}
RESULT: {"text":"1101"}
COMMAND: GET /session/93898e5d8213af02b008b7064a8e178d/screenshot - {}
RESULT: {}
RESULT: {}
COMMAND: POST /session/93898e5d8213af02b008b7064a8e178d/element - {"using":"xpath","value":"//li[.//span[text()='1101']]"}
RESULT: {"using":"xpath","value":"//li[.//span[text()='1101']]"}
COMMAND: POST /session/93898e5d8213af02b008b7064a8e178d/element/f.DB6019AE2C79B0A323A25C7C2B3F3E26.d.AD90C8955CCFA3B128A33DFCC183BEC1.e.6883/click - {}
RESULT: {}
COMMAND: GET /session/93898e5d8213af02b008b7064a8e178d/screenshot - {}
RESULT: {}
COMMAND: POST /session/93898e5d8213af02b008b7064a8e178d/element - {"using":"xpath","value":"//button[@data-kt=\"saveButton\"]"}
RESULT: {"using":"xpath","value":"//button[@data-kt=\"saveButton\"]"}
COMMAND: POST /session/93898e5d8213af02b008b7064a8e178d/element/f.DB6019AE2C79B0A323A25C7C2B3F3E26.d.AD90C8955CCFA3B128A33DFCC183BEC1.e.6873/click - {}
RESULT: {}
COMMAND: GET /session/93898e5d8213af02b008b7064a8e178d/screenshot - {}
RESULT: {}
COMMAND: POST /session/93898e5d8213af02b008b7064a8e178d/element - {"using":"xpath","value":"//span[contains(@id ,\"contractDetailTitleNoExpanded\")]"}
RESULT: {"using":"xpath","value":"//span[contains(@id ,\"contractDetailTitleNoExpanded\")]"}
COMMAND: POST /session/93898e5d8213af02b008b7064a8e178d/elements - {"using":"xpath","value":"//span[contains(@id ,\"contractDetailTitleNoExpanded\")]"}
RESULT: {"using":"xpath","value":"//span[contains(@id ,\"contractDetailTitleNoExpanded\")]"}
COMMAND: POST /session/93898e5d8213af02b008b7064a8e178d/execute/sync - {"script":"<script> [56 bytes]","args":[{"element-6066-11e4-a52e-4f735466cecf":"f.DB6019AE2C79B0A323A25C7C2B3F3E26.d.AD90C8955CCFA3B128A33DFCC183BEC1.e.6899","ELEMENT":"f.DB6019AE2C79B0A323A25C7C2B3F3E26.d.AD90C8955CCFA3B128A33DFCC183BEC1.e.6899"}]}
RESULT: {"script":"<script> [56 bytes]","args":[{"element-6066-11e4-a52e-4f735466cecf":"f.DB6019AE2C79B0A323A25C7C2B3F3E26.d.AD90C8955CCFA3B128A33DFCC183BEC1.e.6899","ELEMENT":"f.DB6019AE2C79B0A323A25C7C2B3F3E26.d.AD90C8955CCFA3B128A33DFCC183BEC1.e.6899"}]}
COMMAND: GET /session/93898e5d8213af02b008b7064a8e178d/screenshot - {}
RESULT: {}
]]></system-out>
    </testcase>
    <testcase classname="chrome.136_0_7103_93.windows.US134625_Set_up_price_condition_-_one_time" name="Should add the material to the contract" time="56.714">
      <system-out><![CDATA[
COMMAND: POST /session/93898e5d8213af02b008b7064a8e178d/element - {"using":"xpath","value":"//button[@data-kt=\"contractDetailEditBtnButton\"]"}
RESULT: {"using":"xpath","value":"//button[@data-kt=\"contractDetailEditBtnButton\"]"}
COMMAND: POST /session/93898e5d8213af02b008b7064a8e178d/element/f.DB6019AE2C79B0A323A25C7C2B3F3E26.d.AD90C8955CCFA3B128A33DFCC183BEC1.e.6901/click - {}
RESULT: {}
COMMAND: GET /session/93898e5d8213af02b008b7064a8e178d/screenshot - {}
RESULT: {}
COMMAND: POST /session/93898e5d8213af02b008b7064a8e178d/element - {"using":"xpath","value":"(//span[contains(text(), \"Additional Addresses\")])[2]"}
RESULT: {"using":"xpath","value":"(//span[contains(text(), \"Additional Addresses\")])[2]"}
COMMAND: POST /session/93898e5d8213af02b008b7064a8e178d/element/f.DB6019AE2C79B0A323A25C7C2B3F3E26.d.AD90C8955CCFA3B128A33DFCC183BEC1.e.6957/click - {}
RESULT: {}
COMMAND: GET /session/93898e5d8213af02b008b7064a8e178d/screenshot - {}
RESULT: {}
COMMAND: POST /session/93898e5d8213af02b008b7064a8e178d/element - {"using":"xpath","value":"//button[@data-kt=\"btnAddTableRowOverflowToolbarButton\"]"}
RESULT: {"using":"xpath","value":"//button[@data-kt=\"btnAddTableRowOverflowToolbarButton\"]"}
COMMAND: POST /session/93898e5d8213af02b008b7064a8e178d/element/f.DB6019AE2C79B0A323A25C7C2B3F3E26.d.AD90C8955CCFA3B128A33DFCC183BEC1.e.6960/click - {}
RESULT: {}
COMMAND: GET /session/93898e5d8213af02b008b7064a8e178d/screenshot - {}
RESULT: {}
COMMAND: POST /session/93898e5d8213af02b008b7064a8e178d/element - {"using":"xpath","value":"//div[(text() = 'Standard Entry' or . = 'Standard Entry')]"}
RESULT: {"using":"xpath","value":"//div[(text() = 'Standard Entry' or . = 'Standard Entry')]"}
COMMAND: POST /session/93898e5d8213af02b008b7064a8e178d/element/f.DB6019AE2C79B0A323A25C7C2B3F3E26.d.AD90C8955CCFA3B128A33DFCC183BEC1.e.6962/click - {}
RESULT: {}
COMMAND: GET /session/93898e5d8213af02b008b7064a8e178d/screenshot - {}
RESULT: {}
COMMAND: POST /session/93898e5d8213af02b008b7064a8e178d/element - {"using":"xpath","value":"//td[6]/div/div/div/span"}
RESULT: {"using":"xpath","value":"//td[6]/div/div/div/span"}
COMMAND: POST /session/93898e5d8213af02b008b7064a8e178d/element/f.DB6019AE2C79B0A323A25C7C2B3F3E26.d.AD90C8955CCFA3B128A33DFCC183BEC1.e.6974/click - {}
RESULT: {}
COMMAND: GET /session/93898e5d8213af02b008b7064a8e178d/screenshot - {}
RESULT: {}
COMMAND: POST /session/93898e5d8213af02b008b7064a8e178d/element - {"using":"xpath","value":"(//span[contains(text(), \"Material\")])"}
RESULT: {"using":"xpath","value":"(//span[contains(text(), \"Material\")])"}
COMMAND: POST /session/93898e5d8213af02b008b7064a8e178d/element/f.DB6019AE2C79B0A323A25C7C2B3F3E26.d.AD90C8955CCFA3B128A33DFCC183BEC1.e.6975/click - {}
RESULT: {}
COMMAND: GET /session/93898e5d8213af02b008b7064a8e178d/screenshot - {}
RESULT: {}
COMMAND: POST /session/93898e5d8213af02b008b7064a8e178d/element - {"using":"xpath","value":"//td[7]/div/div/input"}
RESULT: {"using":"xpath","value":"//td[7]/div/div/input"}
COMMAND: POST /session/93898e5d8213af02b008b7064a8e178d/element/f.DB6019AE2C79B0A323A25C7C2B3F3E26.d.AD90C8955CCFA3B128A33DFCC183BEC1.e.6979/clear - {}
RESULT: {}
COMMAND: POST /session/93898e5d8213af02b008b7064a8e178d/element/f.DB6019AE2C79B0A323A25C7C2B3F3E26.d.AD90C8955CCFA3B128A33DFCC183BEC1.e.6979/value - {"text":"200116"}
COMMAND: GET /session/93898e5d8213af02b008b7064a8e178d/screenshot - {}
RESULT: {"text":"200116"}
COMMAND: GET /session/93898e5d8213af02b008b7064a8e178d/screenshot - {}
RESULT: {}
RESULT: {}
COMMAND: POST /session/93898e5d8213af02b008b7064a8e178d/actions - {"actions":[{"id":"action24","type":"key","parameters":{},"actions":[{"type":"keyDown","value":""},{"type":"pause","duration":10},{"type":"keyUp","value":""}]}]}
RESULT: {"actions":[{"id":"action24","type":"key","parameters":{},"actions":[{"type":"keyDown","value":""},{"type":"pause","duration":10},{"type":"keyUp","value":""}]}]}
COMMAND: GET /session/93898e5d8213af02b008b7064a8e178d/screenshot - {}
RESULT: {}
COMMAND: POST /session/93898e5d8213af02b008b7064a8e178d/execute/sync - {"script":"<script> [276 bytes]","args":["No pricing information was found"]}
RESULT: {"script":"<script> [276 bytes]","args":["No pricing information was found"]}
COMMAND: POST /session/93898e5d8213af02b008b7064a8e178d/element - {"using":"xpath","value":"(//button[@data-kt=\"saveButton\"])[2]"}
COMMAND: GET /session/93898e5d8213af02b008b7064a8e178d/screenshot - {}
RESULT: {"using":"xpath","value":"(//button[@data-kt=\"saveButton\"])[2]"}
COMMAND: POST /session/93898e5d8213af02b008b7064a8e178d/element/f.DB6019AE2C79B0A323A25C7C2B3F3E26.d.AD90C8955CCFA3B128A33DFCC183BEC1.e.7002/click - {}
RESULT: {}
RESULT: {}
COMMAND: GET /session/93898e5d8213af02b008b7064a8e178d/screenshot - {}
RESULT: {}
COMMAND: POST /session/93898e5d8213af02b008b7064a8e178d/execute/sync - {"script":"<script> [276 bytes]","args":["Some contract items are having rental validity exceeding header rental validity"]}
RESULT: {"script":"<script> [276 bytes]","args":["Some contract items are having rental validity exceeding header rental validity"]}
COMMAND: GET /session/93898e5d8213af02b008b7064a8e178d/screenshot - {}
RESULT: {}
COMMAND: POST /session/93898e5d8213af02b008b7064a8e178d/element - {"using":"xpath","value":"//span[contains(@id ,\"contractItemsSmartTable-header-inner\")]"}
RESULT: {"using":"xpath","value":"//span[contains(@id ,\"contractItemsSmartTable-header-inner\")]"}
COMMAND: POST /session/93898e5d8213af02b008b7064a8e178d/elements - {"using":"xpath","value":"//span[contains(@id ,\"contractItemsSmartTable-header-inner\")]"}
RESULT: {"using":"xpath","value":"//span[contains(@id ,\"contractItemsSmartTable-header-inner\")]"}
COMMAND: POST /session/93898e5d8213af02b008b7064a8e178d/execute/sync - {"script":"<script> [56 bytes]","args":[{"element-6066-11e4-a52e-4f735466cecf":"f.DB6019AE2C79B0A323A25C7C2B3F3E26.d.AD90C8955CCFA3B128A33DFCC183BEC1.e.7009","ELEMENT":"f.DB6019AE2C79B0A323A25C7C2B3F3E26.d.AD90C8955CCFA3B128A33DFCC183BEC1.e.7009"}]}
RESULT: {"script":"<script> [56 bytes]","args":[{"element-6066-11e4-a52e-4f735466cecf":"f.DB6019AE2C79B0A323A25C7C2B3F3E26.d.AD90C8955CCFA3B128A33DFCC183BEC1.e.7009","ELEMENT":"f.DB6019AE2C79B0A323A25C7C2B3F3E26.d.AD90C8955CCFA3B128A33DFCC183BEC1.e.7009"}]}
]]></system-out>
    </testcase>
    <testcase classname="chrome.136_0_7103_93.windows.US134625_Set_up_price_condition_-_one_time" name="Should verify the bill item creation and pricing condition" time="12.97">
      <system-out><![CDATA[
COMMAND: GET /session/93898e5d8213af02b008b7064a8e178d/screenshot - {}
COMMAND: POST /session/93898e5d8213af02b008b7064a8e178d/execute/async - {"script":"<script> [1562 bytes]","args":[{"selector":{"controlType":"sap.ui.core.Icon","viewName":"etm.portal.ui.managecontracts.view.Detail","properties":{"src":{"regex":{"source":"slim\\-arrow\\-right"}}}},"wdio_ui5_key":"etmportal.ui.managecontracts.view.Detailsap.ui.core.Icon{\"src\":{\"regex\":{\"source\":\"slim\\\\-arrow\\\\-right\"}}}"}]}
RESULT: {}
RESULT: {"script":"<script> [1562 bytes]","args":[{"selector":{"controlType":"sap.ui.core.Icon","viewName":"etm.portal.ui.managecontracts.view.Detail","properties":{"src":{"regex":{"source":"slim\\-arrow\\-right"}}}},"wdio_ui5_key":"etmportal.ui.managecontracts.view.Detailsap.ui.core.Icon{\"src\":{\"regex\":{\"source\":\"slim\\\\-arrow\\\\-right\"}}}"}]}
RESULT: undefined
COMMAND: POST /session/93898e5d8213af02b008b7064a8e178d/element - {"using":"xpath","value":"//*[@id=\"__item1014-__clone2329-imgNav\"]"}
RESULT: {"using":"xpath","value":"//*[@id=\"__item1014-__clone2329-imgNav\"]"}
COMMAND: POST /session/93898e5d8213af02b008b7064a8e178d/element/f.DB6019AE2C79B0A323A25C7C2B3F3E26.d.AD90C8955CCFA3B128A33DFCC183BEC1.e.7010/click - {}
RESULT: {}
COMMAND: GET /session/93898e5d8213af02b008b7064a8e178d/screenshot - {}
COMMAND: POST /session/93898e5d8213af02b008b7064a8e178d/execute/async - {"script":"<script> [1562 bytes]","args":[{"selector":{"controlType":"sap.m.Text","viewName":"etm.portal.ui.managecontracts.view.BillingItem","viewId":"application-managecontracts-display-component---BillingItem","bindingPath":{"propertyPath":"LINK_TO_C_BILL_TYPES/DESCRIPTION"}},"wdio_ui5_key":"etmportal.ui.managecontracts.view.BillingItemsap.m.Text{\"propertyPath\":\"LINK_TO_C_BILL_TYPES/DESCRIPTION\"}"}]}
RESULT: {}
RESULT: {"script":"<script> [1562 bytes]","args":[{"selector":{"controlType":"sap.m.Text","viewName":"etm.portal.ui.managecontracts.view.BillingItem","viewId":"application-managecontracts-display-component---BillingItem","bindingPath":{"propertyPath":"LINK_TO_C_BILL_TYPES/DESCRIPTION"}},"wdio_ui5_key":"etmportal.ui.managecontracts.view.BillingItemsap.m.Text{\"propertyPath\":\"LINK_TO_C_BILL_TYPES/DESCRIPTION\"}"}]}
RESULT: undefined
COMMAND: POST /session/93898e5d8213af02b008b7064a8e178d/execute/async - {"script":"<script> [6424 bytes]","args":[{"element-6066-11e4-a52e-4f735466cecf":"f.DB6019AE2C79B0A323A25C7C2B3F3E26.d.AD90C8955CCFA3B128A33DFCC183BEC1.e.7025"},"getText",[]]}
RESULT: {"script":"<script> [6424 bytes]","args":[{"element-6066-11e4-a52e-4f735466cecf":"f.DB6019AE2C79B0A323A25C7C2B3F3E26.d.AD90C8955CCFA3B128A33DFCC183BEC1.e.7025"},"getText",[]]}
COMMAND: POST /session/93898e5d8213af02b008b7064a8e178d/execute/async - {"script":"<script> [1562 bytes]","args":[{"selector":{"controlType":"sap.m.ObjectNumber","viewName":"etm.portal.ui.managecontracts.view.BillingItem","viewId":"application-managecontracts-display-component---BillingItem","bindingPath":{"propertyPath":"BASE_PRICE"}},"wdio_ui5_key":"etmportal.ui.managecontracts.view.BillingItemsap.m.ObjectNumber{\"propertyPath\":\"BASE_PRICE\"}"}]}
RESULT: {"script":"<script> [1562 bytes]","args":[{"selector":{"controlType":"sap.m.ObjectNumber","viewName":"etm.portal.ui.managecontracts.view.BillingItem","viewId":"application-managecontracts-display-component---BillingItem","bindingPath":{"propertyPath":"BASE_PRICE"}},"wdio_ui5_key":"etmportal.ui.managecontracts.view.BillingItemsap.m.ObjectNumber{\"propertyPath\":\"BASE_PRICE\"}"}]}
RESULT: undefined
COMMAND: POST /session/93898e5d8213af02b008b7064a8e178d/execute/async - {"script":"<script> [6424 bytes]","args":[{"element-6066-11e4-a52e-4f735466cecf":"f.DB6019AE2C79B0A323A25C7C2B3F3E26.d.AD90C8955CCFA3B128A33DFCC183BEC1.e.7026"},"getNumber",[]]}
RESULT: {"script":"<script> [6424 bytes]","args":[{"element-6066-11e4-a52e-4f735466cecf":"f.DB6019AE2C79B0A323A25C7C2B3F3E26.d.AD90C8955CCFA3B128A33DFCC183BEC1.e.7026"},"getNumber",[]]}
COMMAND: POST /session/93898e5d8213af02b008b7064a8e178d/execute/async - {"script":"<script> [1562 bytes]","args":[{"selector":{"controlType":"sap.m.ObjectNumber","viewName":"etm.portal.ui.managecontracts.view.BillingItem","viewId":"application-managecontracts-display-component---BillingItem","bindingPath":{"propertyPath":"BASE_QUANTITY"}},"wdio_ui5_key":"etmportal.ui.managecontracts.view.BillingItemsap.m.ObjectNumber{\"propertyPath\":\"BASE_QUANTITY\"}"}]}
RESULT: {"script":"<script> [1562 bytes]","args":[{"selector":{"controlType":"sap.m.ObjectNumber","viewName":"etm.portal.ui.managecontracts.view.BillingItem","viewId":"application-managecontracts-display-component---BillingItem","bindingPath":{"propertyPath":"BASE_QUANTITY"}},"wdio_ui5_key":"etmportal.ui.managecontracts.view.BillingItemsap.m.ObjectNumber{\"propertyPath\":\"BASE_QUANTITY\"}"}]}
RESULT: undefined
COMMAND: POST /session/93898e5d8213af02b008b7064a8e178d/execute/async - {"script":"<script> [6424 bytes]","args":[{"element-6066-11e4-a52e-4f735466cecf":"f.DB6019AE2C79B0A323A25C7C2B3F3E26.d.AD90C8955CCFA3B128A33DFCC183BEC1.e.7027"},"getNumber",[]]}
RESULT: {"script":"<script> [6424 bytes]","args":[{"element-6066-11e4-a52e-4f735466cecf":"f.DB6019AE2C79B0A323A25C7C2B3F3E26.d.AD90C8955CCFA3B128A33DFCC183BEC1.e.7027"},"getNumber",[]]}
COMMAND: DELETE /session/93898e5d8213af02b008b7064a8e178d - {}
RESULT: {}
]]></system-out>
    </testcase>
  </testsuite>
</testsuites>