<?xml version="1.0" encoding="UTF-8"?>
<testsuites tests="58" failures="0" errors="0" skipped="0">
  <testsuite timestamp="2025-04-17T05:42:46" time="943.486" tests="11" failures="0" errors="0" skipped="0">
    <properties>
      <property name="specId" value="0"/>
      <property name="suiteName" value="Billing confirm US117289"/>
      <property name="capabilities" value="chrome.135_0_7049_42.windows"/>
      <property name="file" value="file:///D:/a/1/s/test/specs/BTS/billing-confirm.spec.js"/>
    </properties>
    <testcase classname="chrome.135_0_7049_42.windows.Billing_confirm_US117289" name="Should create a new yard" time="111.078">
      <system-out><![CDATA[
COMMAND: POST /session/0157ef9fabb145ee7fb2a1f3feebe51f/window/fullscreen - {}
RESULT: {}
COMMAND: POST /session/0157ef9fabb145ee7fb2a1f3feebe51f/execute/async - {"script":"<script> [1562 bytes]","args":[{"selector":{"controlType":"sap.m.GenericTile","properties":{"header":"Manage Yards"}},"wdio_ui5_key":"sapm.GenericTile{\"header\":\"Manage Yards\"}"}]}
RESULT: {"script":"<script> [1562 bytes]","args":[{"selector":{"controlType":"sap.m.GenericTile","properties":{"header":"Manage Yards"}},"wdio_ui5_key":"sapm.GenericTile{\"header\":\"Manage Yards\"}"}]}
RESULT: undefined
COMMAND: POST /session/0157ef9fabb145ee7fb2a1f3feebe51f/element - {"using":"xpath","value":"//*[@id=\"__tile41\"]"}
RESULT: {"using":"xpath","value":"//*[@id=\"__tile41\"]"}
COMMAND: POST /session/0157ef9fabb145ee7fb2a1f3feebe51f/element/f.2D1A903BB9B117B2180C998CF94CF722.d.7111BCD88A85B491425A9497B0B93F53.e.161/click - {}
RESULT: {}
COMMAND: POST /session/0157ef9fabb145ee7fb2a1f3feebe51f/element - {"using":"xpath","value":"//button[@data-kt=\"addNewYardOverflowToolbarButton\"]"}
COMMAND: GET /session/0157ef9fabb145ee7fb2a1f3feebe51f/screenshot - {}
RESULT: {"using":"xpath","value":"//button[@data-kt=\"addNewYardOverflowToolbarButton\"]"}
COMMAND: POST /session/0157ef9fabb145ee7fb2a1f3feebe51f/elements - {"using":"xpath","value":"//button[@data-kt=\"addNewYardOverflowToolbarButton\"]"}
RESULT: {}
RESULT: {"using":"xpath","value":"//button[@data-kt=\"addNewYardOverflowToolbarButton\"]"}
COMMAND: POST /session/0157ef9fabb145ee7fb2a1f3feebe51f/elements - {"using":"xpath","value":"//button[@data-kt=\"addNewYardOverflowToolbarButton\"]"}
RESULT: {"using":"xpath","value":"//button[@data-kt=\"addNewYardOverflowToolbarButton\"]"}
COMMAND: POST /session/0157ef9fabb145ee7fb2a1f3feebe51f/elements - {"using":"xpath","value":"//button[@data-kt=\"addNewYardOverflowToolbarButton\"]"}
RESULT: {"using":"xpath","value":"//button[@data-kt=\"addNewYardOverflowToolbarButton\"]"}
COMMAND: POST /session/0157ef9fabb145ee7fb2a1f3feebe51f/elements - {"using":"xpath","value":"//button[@data-kt=\"addNewYardOverflowToolbarButton\"]"}
RESULT: {"using":"xpath","value":"//button[@data-kt=\"addNewYardOverflowToolbarButton\"]"}
COMMAND: POST /session/0157ef9fabb145ee7fb2a1f3feebe51f/elements - {"using":"xpath","value":"//button[@data-kt=\"addNewYardOverflowToolbarButton\"]"}
RESULT: {"using":"xpath","value":"//button[@data-kt=\"addNewYardOverflowToolbarButton\"]"}
COMMAND: POST /session/0157ef9fabb145ee7fb2a1f3feebe51f/elements - {"using":"xpath","value":"//button[@data-kt=\"addNewYardOverflowToolbarButton\"]"}
RESULT: {"using":"xpath","value":"//button[@data-kt=\"addNewYardOverflowToolbarButton\"]"}
COMMAND: POST /session/0157ef9fabb145ee7fb2a1f3feebe51f/elements - {"using":"xpath","value":"//button[@data-kt=\"addNewYardOverflowToolbarButton\"]"}
RESULT: {"using":"xpath","value":"//button[@data-kt=\"addNewYardOverflowToolbarButton\"]"}
COMMAND: POST /session/0157ef9fabb145ee7fb2a1f3feebe51f/elements - {"using":"xpath","value":"//button[@data-kt=\"addNewYardOverflowToolbarButton\"]"}
RESULT: {"using":"xpath","value":"//button[@data-kt=\"addNewYardOverflowToolbarButton\"]"}
COMMAND: POST /session/0157ef9fabb145ee7fb2a1f3feebe51f/elements - {"using":"xpath","value":"//button[@data-kt=\"addNewYardOverflowToolbarButton\"]"}
RESULT: {"using":"xpath","value":"//button[@data-kt=\"addNewYardOverflowToolbarButton\"]"}
COMMAND: POST /session/0157ef9fabb145ee7fb2a1f3feebe51f/elements - {"using":"xpath","value":"//button[@data-kt=\"addNewYardOverflowToolbarButton\"]"}
RESULT: {"using":"xpath","value":"//button[@data-kt=\"addNewYardOverflowToolbarButton\"]"}
COMMAND: POST /session/0157ef9fabb145ee7fb2a1f3feebe51f/elements - {"using":"xpath","value":"//button[@data-kt=\"addNewYardOverflowToolbarButton\"]"}
RESULT: {"using":"xpath","value":"//button[@data-kt=\"addNewYardOverflowToolbarButton\"]"}
COMMAND: POST /session/0157ef9fabb145ee7fb2a1f3feebe51f/elements - {"using":"xpath","value":"//button[@data-kt=\"addNewYardOverflowToolbarButton\"]"}
RESULT: {"using":"xpath","value":"//button[@data-kt=\"addNewYardOverflowToolbarButton\"]"}
COMMAND: POST /session/0157ef9fabb145ee7fb2a1f3feebe51f/elements - {"using":"xpath","value":"//button[@data-kt=\"addNewYardOverflowToolbarButton\"]"}
RESULT: {"using":"xpath","value":"//button[@data-kt=\"addNewYardOverflowToolbarButton\"]"}
COMMAND: POST /session/0157ef9fabb145ee7fb2a1f3feebe51f/elements - {"using":"xpath","value":"//button[@data-kt=\"addNewYardOverflowToolbarButton\"]"}
RESULT: {"using":"xpath","value":"//button[@data-kt=\"addNewYardOverflowToolbarButton\"]"}
COMMAND: POST /session/0157ef9fabb145ee7fb2a1f3feebe51f/elements - {"using":"xpath","value":"//button[@data-kt=\"addNewYardOverflowToolbarButton\"]"}
RESULT: {"using":"xpath","value":"//button[@data-kt=\"addNewYardOverflowToolbarButton\"]"}
COMMAND: POST /session/0157ef9fabb145ee7fb2a1f3feebe51f/elements - {"using":"xpath","value":"//button[@data-kt=\"addNewYardOverflowToolbarButton\"]"}
RESULT: {"using":"xpath","value":"//button[@data-kt=\"addNewYardOverflowToolbarButton\"]"}
COMMAND: POST /session/0157ef9fabb145ee7fb2a1f3feebe51f/elements - {"using":"xpath","value":"//button[@data-kt=\"addNewYardOverflowToolbarButton\"]"}
RESULT: {"using":"xpath","value":"//button[@data-kt=\"addNewYardOverflowToolbarButton\"]"}
COMMAND: POST /session/0157ef9fabb145ee7fb2a1f3feebe51f/elements - {"using":"xpath","value":"//button[@data-kt=\"addNewYardOverflowToolbarButton\"]"}
RESULT: {"using":"xpath","value":"//button[@data-kt=\"addNewYardOverflowToolbarButton\"]"}
COMMAND: POST /session/0157ef9fabb145ee7fb2a1f3feebe51f/elements - {"using":"xpath","value":"//button[@data-kt=\"addNewYardOverflowToolbarButton\"]"}
RESULT: {"using":"xpath","value":"//button[@data-kt=\"addNewYardOverflowToolbarButton\"]"}
COMMAND: POST /session/0157ef9fabb145ee7fb2a1f3feebe51f/elements - {"using":"xpath","value":"//button[@data-kt=\"addNewYardOverflowToolbarButton\"]"}
RESULT: {"using":"xpath","value":"//button[@data-kt=\"addNewYardOverflowToolbarButton\"]"}
COMMAND: POST /session/0157ef9fabb145ee7fb2a1f3feebe51f/elements - {"using":"xpath","value":"//button[@data-kt=\"addNewYardOverflowToolbarButton\"]"}
RESULT: {"using":"xpath","value":"//button[@data-kt=\"addNewYardOverflowToolbarButton\"]"}
COMMAND: POST /session/0157ef9fabb145ee7fb2a1f3feebe51f/elements - {"using":"xpath","value":"//button[@data-kt=\"addNewYardOverflowToolbarButton\"]"}
RESULT: {"using":"xpath","value":"//button[@data-kt=\"addNewYardOverflowToolbarButton\"]"}
COMMAND: POST /session/0157ef9fabb145ee7fb2a1f3feebe51f/elements - {"using":"xpath","value":"//button[@data-kt=\"addNewYardOverflowToolbarButton\"]"}
RESULT: {"using":"xpath","value":"//button[@data-kt=\"addNewYardOverflowToolbarButton\"]"}
COMMAND: POST /session/0157ef9fabb145ee7fb2a1f3feebe51f/elements - {"using":"xpath","value":"//button[@data-kt=\"addNewYardOverflowToolbarButton\"]"}
RESULT: {"using":"xpath","value":"//button[@data-kt=\"addNewYardOverflowToolbarButton\"]"}
COMMAND: POST /session/0157ef9fabb145ee7fb2a1f3feebe51f/elements - {"using":"xpath","value":"//button[@data-kt=\"addNewYardOverflowToolbarButton\"]"}
RESULT: {"using":"xpath","value":"//button[@data-kt=\"addNewYardOverflowToolbarButton\"]"}
COMMAND: POST /session/0157ef9fabb145ee7fb2a1f3feebe51f/elements - {"using":"xpath","value":"//button[@data-kt=\"addNewYardOverflowToolbarButton\"]"}
RESULT: {"using":"xpath","value":"//button[@data-kt=\"addNewYardOverflowToolbarButton\"]"}
COMMAND: POST /session/0157ef9fabb145ee7fb2a1f3feebe51f/elements - {"using":"xpath","value":"//button[@data-kt=\"addNewYardOverflowToolbarButton\"]"}
RESULT: {"using":"xpath","value":"//button[@data-kt=\"addNewYardOverflowToolbarButton\"]"}
COMMAND: POST /session/0157ef9fabb145ee7fb2a1f3feebe51f/elements - {"using":"xpath","value":"//button[@data-kt=\"addNewYardOverflowToolbarButton\"]"}
RESULT: {"using":"xpath","value":"//button[@data-kt=\"addNewYardOverflowToolbarButton\"]"}
COMMAND: POST /session/0157ef9fabb145ee7fb2a1f3feebe51f/element - {"using":"xpath","value":"//button[@data-kt=\"addNewYardOverflowToolbarButton\"]"}
RESULT: {"using":"xpath","value":"//button[@data-kt=\"addNewYardOverflowToolbarButton\"]"}
COMMAND: POST /session/0157ef9fabb145ee7fb2a1f3feebe51f/execute/sync - {"script":"<script> [8489 bytes]","args":[{"element-6066-11e4-a52e-4f735466cecf":"f.2D1A903BB9B117B2180C998CF94CF722.d.7111BCD88A85B491425A9497B0B93F53.e.297","ELEMENT":"f.2D1A903BB9B117B2180C998CF94CF722.d.7111BCD88A85B491425A9497B0B93F53.e.297"}]}
RESULT: {"script":"<script> [8489 bytes]","args":[{"element-6066-11e4-a52e-4f735466cecf":"f.2D1A903BB9B117B2180C998CF94CF722.d.7111BCD88A85B491425A9497B0B93F53.e.297","ELEMENT":"f.2D1A903BB9B117B2180C998CF94CF722.d.7111BCD88A85B491425A9497B0B93F53.e.297"}]}
COMMAND: GET /session/0157ef9fabb145ee7fb2a1f3feebe51f/element/f.2D1A903BB9B117B2180C998CF94CF722.d.7111BCD88A85B491425A9497B0B93F53.e.297/enabled - {}
COMMAND: GET /session/0157ef9fabb145ee7fb2a1f3feebe51f/screenshot - {}
RESULT: {}
COMMAND: POST /session/0157ef9fabb145ee7fb2a1f3feebe51f/execute/sync - {"script":"<script> [8489 bytes]","args":[{"element-6066-11e4-a52e-4f735466cecf":"f.2D1A903BB9B117B2180C998CF94CF722.d.7111BCD88A85B491425A9497B0B93F53.e.297","ELEMENT":"f.2D1A903BB9B117B2180C998CF94CF722.d.7111BCD88A85B491425A9497B0B93F53.e.297"}]}
COMMAND: GET /session/0157ef9fabb145ee7fb2a1f3feebe51f/screenshot - {}
RESULT: {}
RESULT: {"script":"<script> [8489 bytes]","args":[{"element-6066-11e4-a52e-4f735466cecf":"f.2D1A903BB9B117B2180C998CF94CF722.d.7111BCD88A85B491425A9497B0B93F53.e.297","ELEMENT":"f.2D1A903BB9B117B2180C998CF94CF722.d.7111BCD88A85B491425A9497B0B93F53.e.297"}]}
COMMAND: POST /session/0157ef9fabb145ee7fb2a1f3feebe51f/execute/sync - {"script":"<script> [5351 bytes]","args":[{"element-6066-11e4-a52e-4f735466cecf":"f.2D1A903BB9B117B2180C998CF94CF722.d.7111BCD88A85B491425A9497B0B93F53.e.297","ELEMENT":"f.2D1A903BB9B117B2180C998CF94CF722.d.7111BCD88A85B491425A9497B0B93F53.e.297"}]}
COMMAND: GET /session/0157ef9fabb145ee7fb2a1f3feebe51f/screenshot - {}
RESULT: {}
RESULT: {"script":"<script> [5351 bytes]","args":[{"element-6066-11e4-a52e-4f735466cecf":"f.2D1A903BB9B117B2180C998CF94CF722.d.7111BCD88A85B491425A9497B0B93F53.e.297","ELEMENT":"f.2D1A903BB9B117B2180C998CF94CF722.d.7111BCD88A85B491425A9497B0B93F53.e.297"}]}
COMMAND: POST /session/0157ef9fabb145ee7fb2a1f3feebe51f/element/f.2D1A903BB9B117B2180C998CF94CF722.d.7111BCD88A85B491425A9497B0B93F53.e.297/click - {}
COMMAND: GET /session/0157ef9fabb145ee7fb2a1f3feebe51f/screenshot - {}
RESULT: {}
RESULT: {}
COMMAND: GET /session/0157ef9fabb145ee7fb2a1f3feebe51f/screenshot - {}
COMMAND: POST /session/0157ef9fabb145ee7fb2a1f3feebe51f/element - {"using":"xpath","value":"//input[@id=\"application-manageyards-display-component---NewYard--yardId-inner\"]"}
RESULT: {}
RESULT: {}
RESULT: {"using":"xpath","value":"//input[@id=\"application-manageyards-display-component---NewYard--yardId-inner\"]"}
COMMAND: POST /session/0157ef9fabb145ee7fb2a1f3feebe51f/element - {"using":"xpath","value":"//input[@id=\"application-manageyards-display-component---NewYard--yardId-inner\"]"}
RESULT: {"using":"xpath","value":"//input[@id=\"application-manageyards-display-component---NewYard--yardId-inner\"]"}
COMMAND: POST /session/0157ef9fabb145ee7fb2a1f3feebe51f/execute/async - {"script":"<script> [1562 bytes]","args":[{"selector":{"id":"application-manageyards-display-component---NewYard--addressDetailDetailsName1","interaction":{"idSuffix":"inner"}},"wdio_ui5_key":"applicationmanageyards-display-component---NewYard--addressDetailDetailsName1"}]}
RESULT: {"script":"<script> [1562 bytes]","args":[{"selector":{"id":"application-manageyards-display-component---NewYard--addressDetailDetailsName1","interaction":{"idSuffix":"inner"}},"wdio_ui5_key":"applicationmanageyards-display-component---NewYard--addressDetailDetailsName1"}]}
RESULT: undefined
COMMAND: POST /session/0157ef9fabb145ee7fb2a1f3feebe51f/execute/async - {"script":"<script> [776 bytes]","args":[{"enterText":"Intracompany Yard wdIO","selector":{"id":"application-manageyards-display-component---NewYard--addressDetailDetailsName1","interaction":{"idSuffix":"inner"}},"clearTextFirst":true,"interactionType":"ENTER_TEXT"}]}
RESULT: {"script":"<script> [776 bytes]","args":[{"enterText":"Intracompany Yard wdIO","selector":{"id":"application-manageyards-display-component---NewYard--addressDetailDetailsName1","interaction":{"idSuffix":"inner"}},"clearTextFirst":true,"interactionType":"ENTER_TEXT"}]}
COMMAND: POST /session/0157ef9fabb145ee7fb2a1f3feebe51f/execute/async - {"script":"<script> [1562 bytes]","args":[{"selector":{"id":"application-manageyards-display-component---NewYard--addressDetailDetailsLanguage-arrow"},"wdio_ui5_key":"applicationmanageyards-display-component---NewYard--addressDetailDetailsLanguage-arrow"}]}
RESULT: {"script":"<script> [1562 bytes]","args":[{"selector":{"id":"application-manageyards-display-component---NewYard--addressDetailDetailsLanguage-arrow"},"wdio_ui5_key":"applicationmanageyards-display-component---NewYard--addressDetailDetailsLanguage-arrow"}]}
RESULT: undefined
COMMAND: POST /session/0157ef9fabb145ee7fb2a1f3feebe51f/element - {"using":"xpath","value":"//*[@id=\"application-manageyards-display-component---NewYard--addressDetailDetailsLanguage-arrow\"]"}
RESULT: {"using":"xpath","value":"//*[@id=\"application-manageyards-display-component---NewYard--addressDetailDetailsLanguage-arrow\"]"}
COMMAND: POST /session/0157ef9fabb145ee7fb2a1f3feebe51f/element/f.2D1A903BB9B117B2180C998CF94CF722.d.7111BCD88A85B491425A9497B0B93F53.e.728/click - {}
RESULT: {}
COMMAND: POST /session/0157ef9fabb145ee7fb2a1f3feebe51f/element - {"using":"xpath","value":"//span[contains(text(), \"English\")]"}
COMMAND: GET /session/0157ef9fabb145ee7fb2a1f3feebe51f/screenshot - {}
RESULT: {"using":"xpath","value":"//span[contains(text(), \"English\")]"}
COMMAND: POST /session/0157ef9fabb145ee7fb2a1f3feebe51f/element/f.2D1A903BB9B117B2180C998CF94CF722.d.7111BCD88A85B491425A9497B0B93F53.e.729/click - {}
RESULT: {}
RESULT: {}
COMMAND: POST /session/0157ef9fabb145ee7fb2a1f3feebe51f/execute/async - {"script":"<script> [1562 bytes]","args":[{"selector":{"id":"application-manageyards-display-component---NewYard--addressDetailDetailsCity1","interaction":{"idSuffix":"inner"}},"wdio_ui5_key":"applicationmanageyards-display-component---NewYard--addressDetailDetailsCity1"}]}
COMMAND: GET /session/0157ef9fabb145ee7fb2a1f3feebe51f/screenshot - {}
RESULT: {"script":"<script> [1562 bytes]","args":[{"selector":{"id":"application-manageyards-display-component---NewYard--addressDetailDetailsCity1","interaction":{"idSuffix":"inner"}},"wdio_ui5_key":"applicationmanageyards-display-component---NewYard--addressDetailDetailsCity1"}]}
RESULT: undefined
COMMAND: POST /session/0157ef9fabb145ee7fb2a1f3feebe51f/execute/async - {"script":"<script> [776 bytes]","args":[{"enterText":"Rosario","selector":{"id":"application-manageyards-display-component---NewYard--addressDetailDetailsCity1","interaction":{"idSuffix":"inner"}},"clearTextFirst":true,"interactionType":"ENTER_TEXT"}]}
RESULT: {}
RESULT: {"script":"<script> [776 bytes]","args":[{"enterText":"Rosario","selector":{"id":"application-manageyards-display-component---NewYard--addressDetailDetailsCity1","interaction":{"idSuffix":"inner"}},"clearTextFirst":true,"interactionType":"ENTER_TEXT"}]}
COMMAND: POST /session/0157ef9fabb145ee7fb2a1f3feebe51f/execute/async - {"script":"<script> [1562 bytes]","args":[{"selector":{"id":"application-manageyards-display-component---NewYard--addressDetailDetailsCountry-arrow"},"wdio_ui5_key":"applicationmanageyards-display-component---NewYard--addressDetailDetailsCountry-arrow"}]}
RESULT: {"script":"<script> [1562 bytes]","args":[{"selector":{"id":"application-manageyards-display-component---NewYard--addressDetailDetailsCountry-arrow"},"wdio_ui5_key":"applicationmanageyards-display-component---NewYard--addressDetailDetailsCountry-arrow"}]}
RESULT: undefined
COMMAND: POST /session/0157ef9fabb145ee7fb2a1f3feebe51f/element - {"using":"xpath","value":"//*[@id=\"application-manageyards-display-component---NewYard--addressDetailDetailsCountry-arrow\"]"}
RESULT: {"using":"xpath","value":"//*[@id=\"application-manageyards-display-component---NewYard--addressDetailDetailsCountry-arrow\"]"}
COMMAND: POST /session/0157ef9fabb145ee7fb2a1f3feebe51f/element/f.2D1A903BB9B117B2180C998CF94CF722.d.7111BCD88A85B491425A9497B0B93F53.e.731/click - {}
RESULT: {}
COMMAND: POST /session/0157ef9fabb145ee7fb2a1f3feebe51f/element - {"using":"xpath","value":"//span[contains(text(), \"Argentina\")]"}
COMMAND: GET /session/0157ef9fabb145ee7fb2a1f3feebe51f/screenshot - {}
RESULT: {"using":"xpath","value":"//span[contains(text(), \"Argentina\")]"}
COMMAND: POST /session/0157ef9fabb145ee7fb2a1f3feebe51f/element/f.2D1A903BB9B117B2180C998CF94CF722.d.7111BCD88A85B491425A9497B0B93F53.e.732/click - {}
RESULT: {}
RESULT: {}
COMMAND: POST /session/0157ef9fabb145ee7fb2a1f3feebe51f/execute/async - {"script":"<script> [1562 bytes]","args":[{"selector":{"id":"application-manageyards-display-component---NewYard--addressEditDetailsCostObjectCstType-arrow"},"wdio_ui5_key":"applicationmanageyards-display-component---NewYard--addressEditDetailsCostObjectCstType-arrow"}]}
COMMAND: GET /session/0157ef9fabb145ee7fb2a1f3feebe51f/screenshot - {}
RESULT: {"script":"<script> [1562 bytes]","args":[{"selector":{"id":"application-manageyards-display-component---NewYard--addressEditDetailsCostObjectCstType-arrow"},"wdio_ui5_key":"applicationmanageyards-display-component---NewYard--addressEditDetailsCostObjectCstType-arrow"}]}
RESULT: undefined
COMMAND: POST /session/0157ef9fabb145ee7fb2a1f3feebe51f/element - {"using":"xpath","value":"//*[@id=\"application-manageyards-display-component---NewYard--addressEditDetailsCostObjectCstType-arrow\"]"}
RESULT: {}
RESULT: {"using":"xpath","value":"//*[@id=\"application-manageyards-display-component---NewYard--addressEditDetailsCostObjectCstType-arrow\"]"}
COMMAND: POST /session/0157ef9fabb145ee7fb2a1f3feebe51f/element/f.2D1A903BB9B117B2180C998CF94CF722.d.7111BCD88A85B491425A9497B0B93F53.e.734/click - {}
RESULT: {}
COMMAND: POST /session/0157ef9fabb145ee7fb2a1f3feebe51f/element - {"using":"xpath","value":"//span[contains(text(), \"Cost Center\")]"}
COMMAND: GET /session/0157ef9fabb145ee7fb2a1f3feebe51f/screenshot - {}
RESULT: {"using":"xpath","value":"//span[contains(text(), \"Cost Center\")]"}
COMMAND: POST /session/0157ef9fabb145ee7fb2a1f3feebe51f/element/f.2D1A903BB9B117B2180C998CF94CF722.d.7111BCD88A85B491425A9497B0B93F53.e.735/click - {}
RESULT: {}
RESULT: {}
COMMAND: GET /session/0157ef9fabb145ee7fb2a1f3feebe51f/screenshot - {}
RESULT: {}
COMMAND: POST /session/0157ef9fabb145ee7fb2a1f3feebe51f/element - {"using":"xpath","value":"//span[@id=\"application-manageyards-display-component---NewYard--addressNewCostObjectCstID-vhi\"]"}
RESULT: {"using":"xpath","value":"//span[@id=\"application-manageyards-display-component---NewYard--addressNewCostObjectCstID-vhi\"]"}
COMMAND: POST /session/0157ef9fabb145ee7fb2a1f3feebe51f/execute/sync - {"script":"<script> [8489 bytes]","args":[{"element-6066-11e4-a52e-4f735466cecf":"f.2D1A903BB9B117B2180C998CF94CF722.d.7111BCD88A85B491425A9497B0B93F53.e.738","ELEMENT":"f.2D1A903BB9B117B2180C998CF94CF722.d.7111BCD88A85B491425A9497B0B93F53.e.738"}]}
RESULT: {"script":"<script> [8489 bytes]","args":[{"element-6066-11e4-a52e-4f735466cecf":"f.2D1A903BB9B117B2180C998CF94CF722.d.7111BCD88A85B491425A9497B0B93F53.e.738","ELEMENT":"f.2D1A903BB9B117B2180C998CF94CF722.d.7111BCD88A85B491425A9497B0B93F53.e.738"}]}
COMMAND: POST /session/0157ef9fabb145ee7fb2a1f3feebe51f/execute/async - {"script":"<script> [1562 bytes]","args":[{"selector":{"id":"application-manageyards-display-component---NewYard--addressNewCostObjectCstID-vhi"},"wdio_ui5_key":"applicationmanageyards-display-component---NewYard--addressNewCostObjectCstID-vhi"}]}
COMMAND: GET /session/0157ef9fabb145ee7fb2a1f3feebe51f/screenshot - {}
RESULT: {"script":"<script> [1562 bytes]","args":[{"selector":{"id":"application-manageyards-display-component---NewYard--addressNewCostObjectCstID-vhi"},"wdio_ui5_key":"applicationmanageyards-display-component---NewYard--addressNewCostObjectCstID-vhi"}]}
RESULT: undefined
COMMAND: POST /session/0157ef9fabb145ee7fb2a1f3feebe51f/element - {"using":"xpath","value":"//*[@id=\"application-manageyards-display-component---NewYard--addressNewCostObjectCstID-vhi\"]"}
RESULT: {}
RESULT: {"using":"xpath","value":"//*[@id=\"application-manageyards-display-component---NewYard--addressNewCostObjectCstID-vhi\"]"}
COMMAND: POST /session/0157ef9fabb145ee7fb2a1f3feebe51f/element/f.2D1A903BB9B117B2180C998CF94CF722.d.7111BCD88A85B491425A9497B0B93F53.e.738/click - {}
RESULT: {}
COMMAND: GET /session/0157ef9fabb145ee7fb2a1f3feebe51f/screenshot - {}
RESULT: {}
COMMAND: POST /session/0157ef9fabb145ee7fb2a1f3feebe51f/execute/async - {"script":"<script> [1562 bytes]","args":[{"selector":{"controlType":"sap.m.SearchField","properties":{"placeholder":"Search"},"searchOpenDialogs":true,"interaction":{"idSuffix":"I"}},"wdio_ui5_key":"sapm.SearchField{\"placeholder\":\"Search\"}"}]}
RESULT: {"script":"<script> [1562 bytes]","args":[{"selector":{"controlType":"sap.m.SearchField","properties":{"placeholder":"Search"},"searchOpenDialogs":true,"interaction":{"idSuffix":"I"}},"wdio_ui5_key":"sapm.SearchField{\"placeholder\":\"Search\"}"}]}
RESULT: undefined
COMMAND: POST /session/0157ef9fabb145ee7fb2a1f3feebe51f/execute/async - {"script":"<script> [776 bytes]","args":[{"enterText":"10001013","selector":{"controlType":"sap.m.SearchField","properties":{"placeholder":"Search"},"searchOpenDialogs":true,"interaction":{"idSuffix":"I"}},"clearTextFirst":true,"interactionType":"ENTER_TEXT"}]}
RESULT: {"script":"<script> [776 bytes]","args":[{"enterText":"10001013","selector":{"controlType":"sap.m.SearchField","properties":{"placeholder":"Search"},"searchOpenDialogs":true,"interaction":{"idSuffix":"I"}},"clearTextFirst":true,"interactionType":"ENTER_TEXT"}]}
COMMAND: POST /session/0157ef9fabb145ee7fb2a1f3feebe51f/actions - {"actions":[{"id":"action1","type":"key","parameters":{},"actions":[{"type":"keyDown","value":""},{"type":"pause","duration":10},{"type":"keyUp","value":""}]}]}
RESULT: {"actions":[{"id":"action1","type":"key","parameters":{},"actions":[{"type":"keyDown","value":""},{"type":"pause","duration":10},{"type":"keyUp","value":""}]}]}
COMMAND: GET /session/0157ef9fabb145ee7fb2a1f3feebe51f/screenshot - {}
RESULT: {}
COMMAND: POST /session/0157ef9fabb145ee7fb2a1f3feebe51f/element - {"using":"xpath","value":"//span[contains(text(), \"General Management\")]"}
RESULT: {"using":"xpath","value":"//span[contains(text(), \"General Management\")]"}
COMMAND: POST /session/0157ef9fabb145ee7fb2a1f3feebe51f/element/f.2D1A903BB9B117B2180C998CF94CF722.d.7111BCD88A85B491425A9497B0B93F53.e.779/click - {}
RESULT: {}
COMMAND: GET /session/0157ef9fabb145ee7fb2a1f3feebe51f/screenshot - {}
RESULT: {}
COMMAND: POST /session/0157ef9fabb145ee7fb2a1f3feebe51f/element - {"using":"xpath","value":"//bdi[contains(text(), \"OK\")]"}
RESULT: {"using":"xpath","value":"//bdi[contains(text(), \"OK\")]"}
COMMAND: POST /session/0157ef9fabb145ee7fb2a1f3feebe51f/element/f.2D1A903BB9B117B2180C998CF94CF722.d.7111BCD88A85B491425A9497B0B93F53.e.780/click - {}
RESULT: {}
COMMAND: GET /session/0157ef9fabb145ee7fb2a1f3feebe51f/screenshot - {}
RESULT: {}
COMMAND: POST /session/0157ef9fabb145ee7fb2a1f3feebe51f/execute/async - {"script":"<script> [1562 bytes]","args":[{"selector":{"id":"application-manageyards-display-component---NewYard--addressEditDetailsCurrency-arrow"},"wdio_ui5_key":"applicationmanageyards-display-component---NewYard--addressEditDetailsCurrency-arrow"}]}
RESULT: {"script":"<script> [1562 bytes]","args":[{"selector":{"id":"application-manageyards-display-component---NewYard--addressEditDetailsCurrency-arrow"},"wdio_ui5_key":"applicationmanageyards-display-component---NewYard--addressEditDetailsCurrency-arrow"}]}
RESULT: undefined
COMMAND: POST /session/0157ef9fabb145ee7fb2a1f3feebe51f/element - {"using":"xpath","value":"//*[@id=\"application-manageyards-display-component---NewYard--addressEditDetailsCurrency-arrow\"]"}
RESULT: {"using":"xpath","value":"//*[@id=\"application-manageyards-display-component---NewYard--addressEditDetailsCurrency-arrow\"]"}
COMMAND: POST /session/0157ef9fabb145ee7fb2a1f3feebe51f/element/f.2D1A903BB9B117B2180C998CF94CF722.d.7111BCD88A85B491425A9497B0B93F53.e.783/click - {}
RESULT: {}
COMMAND: POST /session/0157ef9fabb145ee7fb2a1f3feebe51f/element - {"using":"xpath","value":"//span[contains(text(), \"Euro\")]"}
COMMAND: GET /session/0157ef9fabb145ee7fb2a1f3feebe51f/screenshot - {}
RESULT: {"using":"xpath","value":"//span[contains(text(), \"Euro\")]"}
COMMAND: POST /session/0157ef9fabb145ee7fb2a1f3feebe51f/element/f.2D1A903BB9B117B2180C998CF94CF722.d.7111BCD88A85B491425A9497B0B93F53.e.784/click - {}
RESULT: {}
RESULT: {}
COMMAND: POST /session/0157ef9fabb145ee7fb2a1f3feebe51f/execute/async - {"script":"<script> [1562 bytes]","args":[{"selector":{"controlType":"sap.m.Input","viewName":"etm.portal.ui.manageyards.view.New","viewId":"application-manageyards-display-component---NewYard","bindingPath":{"path":"","propertyPath":"/CONTROLLING_AREA","modelName":"NewYardModel"},"interaction":{"idSuffix":"inner"}},"wdio_ui5_key":"etmportal.ui.manageyards.view.Newsap.m.Input{\"path\":\"\",\"propertyPath\":\"/CONTROLLING_AREA\",\"modelName\":\"NewYardModel\"}"}]}
COMMAND: GET /session/0157ef9fabb145ee7fb2a1f3feebe51f/screenshot - {}
RESULT: {"script":"<script> [1562 bytes]","args":[{"selector":{"controlType":"sap.m.Input","viewName":"etm.portal.ui.manageyards.view.New","viewId":"application-manageyards-display-component---NewYard","bindingPath":{"path":"","propertyPath":"/CONTROLLING_AREA","modelName":"NewYardModel"},"interaction":{"idSuffix":"inner"}},"wdio_ui5_key":"etmportal.ui.manageyards.view.Newsap.m.Input{\"path\":\"\",\"propertyPath\":\"/CONTROLLING_AREA\",\"modelName\":\"NewYardModel\"}"}]}
RESULT: undefined
COMMAND: POST /session/0157ef9fabb145ee7fb2a1f3feebe51f/execute/async - {"script":"<script> [776 bytes]","args":[{"enterText":"Z001","selector":{"controlType":"sap.m.Input","viewName":"etm.portal.ui.manageyards.view.New","viewId":"application-manageyards-display-component---NewYard","bindingPath":{"path":"","propertyPath":"/CONTROLLING_AREA","modelName":"NewYardModel"},"interaction":{"idSuffix":"inner"}},"clearTextFirst":true,"interactionType":"ENTER_TEXT"}]}
RESULT: {}
RESULT: {"script":"<script> [776 bytes]","args":[{"enterText":"Z001","selector":{"controlType":"sap.m.Input","viewName":"etm.portal.ui.manageyards.view.New","viewId":"application-manageyards-display-component---NewYard","bindingPath":{"path":"","propertyPath":"/CONTROLLING_AREA","modelName":"NewYardModel"},"interaction":{"idSuffix":"inner"}},"clearTextFirst":true,"interactionType":"ENTER_TEXT"}]}
COMMAND: POST /session/0157ef9fabb145ee7fb2a1f3feebe51f/execute/async - {"script":"<script> [1562 bytes]","args":[{"selector":{"id":"application-manageyards-display-component---NewYard--companyCodeComboBox","interaction":{"idSuffix":"inner"}},"wdio_ui5_key":"applicationmanageyards-display-component---NewYard--companyCodeComboBox"}]}
RESULT: {"script":"<script> [1562 bytes]","args":[{"selector":{"id":"application-manageyards-display-component---NewYard--companyCodeComboBox","interaction":{"idSuffix":"inner"}},"wdio_ui5_key":"applicationmanageyards-display-component---NewYard--companyCodeComboBox"}]}
RESULT: undefined
COMMAND: POST /session/0157ef9fabb145ee7fb2a1f3feebe51f/execute/async - {"script":"<script> [776 bytes]","args":[{"enterText":"1000","selector":{"id":"application-manageyards-display-component---NewYard--companyCodeComboBox","interaction":{"idSuffix":"inner"}},"clearTextFirst":true,"interactionType":"ENTER_TEXT"}]}
RESULT: {"script":"<script> [776 bytes]","args":[{"enterText":"1000","selector":{"id":"application-manageyards-display-component---NewYard--companyCodeComboBox","interaction":{"idSuffix":"inner"}},"clearTextFirst":true,"interactionType":"ENTER_TEXT"}]}
COMMAND: POST /session/0157ef9fabb145ee7fb2a1f3feebe51f/execute/async - {"script":"<script> [1562 bytes]","args":[{"selector":{"controlType":"sap.m.Input","viewName":"etm.portal.ui.manageyards.view.New","viewId":"application-manageyards-display-component---NewYard","bindingPath":{"path":"","propertyPath":"/PLANT","modelName":"NewYardModel"},"interaction":{"idSuffix":"inner"}},"wdio_ui5_key":"etmportal.ui.manageyards.view.Newsap.m.Input{\"path\":\"\",\"propertyPath\":\"/PLANT\",\"modelName\":\"NewYardModel\"}"}]}
RESULT: {"script":"<script> [1562 bytes]","args":[{"selector":{"controlType":"sap.m.Input","viewName":"etm.portal.ui.manageyards.view.New","viewId":"application-manageyards-display-component---NewYard","bindingPath":{"path":"","propertyPath":"/PLANT","modelName":"NewYardModel"},"interaction":{"idSuffix":"inner"}},"wdio_ui5_key":"etmportal.ui.manageyards.view.Newsap.m.Input{\"path\":\"\",\"propertyPath\":\"/PLANT\",\"modelName\":\"NewYardModel\"}"}]}
RESULT: undefined
COMMAND: POST /session/0157ef9fabb145ee7fb2a1f3feebe51f/execute/async - {"script":"<script> [776 bytes]","args":[{"enterText":"1001","selector":{"controlType":"sap.m.Input","viewName":"etm.portal.ui.manageyards.view.New","viewId":"application-manageyards-display-component---NewYard","bindingPath":{"path":"","propertyPath":"/PLANT","modelName":"NewYardModel"},"interaction":{"idSuffix":"inner"}},"clearTextFirst":true,"interactionType":"ENTER_TEXT"}]}
RESULT: {"script":"<script> [776 bytes]","args":[{"enterText":"1001","selector":{"controlType":"sap.m.Input","viewName":"etm.portal.ui.manageyards.view.New","viewId":"application-manageyards-display-component---NewYard","bindingPath":{"path":"","propertyPath":"/PLANT","modelName":"NewYardModel"},"interaction":{"idSuffix":"inner"}},"clearTextFirst":true,"interactionType":"ENTER_TEXT"}]}
COMMAND: POST /session/0157ef9fabb145ee7fb2a1f3feebe51f/execute/async - {"script":"<script> [1562 bytes]","args":[{"selector":{"controlType":"sap.m.Input","viewName":"etm.portal.ui.manageyards.view.New","viewId":"application-manageyards-display-component---NewYard","bindingPath":{"path":"","propertyPath":"/SALES_AREA_VKORG","modelName":"NewYardModel"},"interaction":{"idSuffix":"inner"}},"wdio_ui5_key":"etmportal.ui.manageyards.view.Newsap.m.Input{\"path\":\"\",\"propertyPath\":\"/SALES_AREA_VKORG\",\"modelName\":\"NewYardModel\"}"}]}
RESULT: {"script":"<script> [1562 bytes]","args":[{"selector":{"controlType":"sap.m.Input","viewName":"etm.portal.ui.manageyards.view.New","viewId":"application-manageyards-display-component---NewYard","bindingPath":{"path":"","propertyPath":"/SALES_AREA_VKORG","modelName":"NewYardModel"},"interaction":{"idSuffix":"inner"}},"wdio_ui5_key":"etmportal.ui.manageyards.view.Newsap.m.Input{\"path\":\"\",\"propertyPath\":\"/SALES_AREA_VKORG\",\"modelName\":\"NewYardModel\"}"}]}
RESULT: undefined
COMMAND: POST /session/0157ef9fabb145ee7fb2a1f3feebe51f/execute/async - {"script":"<script> [776 bytes]","args":[{"enterText":"C002","selector":{"controlType":"sap.m.Input","viewName":"etm.portal.ui.manageyards.view.New","viewId":"application-manageyards-display-component---NewYard","bindingPath":{"path":"","propertyPath":"/SALES_AREA_VKORG","modelName":"NewYardModel"},"interaction":{"idSuffix":"inner"}},"clearTextFirst":true,"interactionType":"ENTER_TEXT"}]}
RESULT: {"script":"<script> [776 bytes]","args":[{"enterText":"C002","selector":{"controlType":"sap.m.Input","viewName":"etm.portal.ui.manageyards.view.New","viewId":"application-manageyards-display-component---NewYard","bindingPath":{"path":"","propertyPath":"/SALES_AREA_VKORG","modelName":"NewYardModel"},"interaction":{"idSuffix":"inner"}},"clearTextFirst":true,"interactionType":"ENTER_TEXT"}]}
COMMAND: POST /session/0157ef9fabb145ee7fb2a1f3feebe51f/execute/async - {"script":"<script> [1562 bytes]","args":[{"selector":{"controlType":"sap.m.Input","viewName":"etm.portal.ui.manageyards.view.New","viewId":"application-manageyards-display-component---NewYard","bindingPath":{"path":"","propertyPath":"/SALES_AREA_VTWEG","modelName":"NewYardModel"},"interaction":{"idSuffix":"inner"}},"wdio_ui5_key":"etmportal.ui.manageyards.view.Newsap.m.Input{\"path\":\"\",\"propertyPath\":\"/SALES_AREA_VTWEG\",\"modelName\":\"NewYardModel\"}"}]}
RESULT: {"script":"<script> [1562 bytes]","args":[{"selector":{"controlType":"sap.m.Input","viewName":"etm.portal.ui.manageyards.view.New","viewId":"application-manageyards-display-component---NewYard","bindingPath":{"path":"","propertyPath":"/SALES_AREA_VTWEG","modelName":"NewYardModel"},"interaction":{"idSuffix":"inner"}},"wdio_ui5_key":"etmportal.ui.manageyards.view.Newsap.m.Input{\"path\":\"\",\"propertyPath\":\"/SALES_AREA_VTWEG\",\"modelName\":\"NewYardModel\"}"}]}
RESULT: undefined
COMMAND: POST /session/0157ef9fabb145ee7fb2a1f3feebe51f/execute/async - {"script":"<script> [776 bytes]","args":[{"enterText":"C2","selector":{"controlType":"sap.m.Input","viewName":"etm.portal.ui.manageyards.view.New","viewId":"application-manageyards-display-component---NewYard","bindingPath":{"path":"","propertyPath":"/SALES_AREA_VTWEG","modelName":"NewYardModel"},"interaction":{"idSuffix":"inner"}},"clearTextFirst":true,"interactionType":"ENTER_TEXT"}]}
RESULT: {"script":"<script> [776 bytes]","args":[{"enterText":"C2","selector":{"controlType":"sap.m.Input","viewName":"etm.portal.ui.manageyards.view.New","viewId":"application-manageyards-display-component---NewYard","bindingPath":{"path":"","propertyPath":"/SALES_AREA_VTWEG","modelName":"NewYardModel"},"interaction":{"idSuffix":"inner"}},"clearTextFirst":true,"interactionType":"ENTER_TEXT"}]}
COMMAND: POST /session/0157ef9fabb145ee7fb2a1f3feebe51f/execute/async - {"script":"<script> [1562 bytes]","args":[{"selector":{"controlType":"sap.m.Input","viewName":"etm.portal.ui.manageyards.view.New","viewId":"application-manageyards-display-component---NewYard","bindingPath":{"path":"","propertyPath":"/SALES_AREA_SPART","modelName":"NewYardModel"},"interaction":{"idSuffix":"inner"}},"wdio_ui5_key":"etmportal.ui.manageyards.view.Newsap.m.Input{\"path\":\"\",\"propertyPath\":\"/SALES_AREA_SPART\",\"modelName\":\"NewYardModel\"}"}]}
RESULT: {"script":"<script> [1562 bytes]","args":[{"selector":{"controlType":"sap.m.Input","viewName":"etm.portal.ui.manageyards.view.New","viewId":"application-manageyards-display-component---NewYard","bindingPath":{"path":"","propertyPath":"/SALES_AREA_SPART","modelName":"NewYardModel"},"interaction":{"idSuffix":"inner"}},"wdio_ui5_key":"etmportal.ui.manageyards.view.Newsap.m.Input{\"path\":\"\",\"propertyPath\":\"/SALES_AREA_SPART\",\"modelName\":\"NewYardModel\"}"}]}
RESULT: undefined
COMMAND: POST /session/0157ef9fabb145ee7fb2a1f3feebe51f/execute/async - {"script":"<script> [776 bytes]","args":[{"enterText":"C2","selector":{"controlType":"sap.m.Input","viewName":"etm.portal.ui.manageyards.view.New","viewId":"application-manageyards-display-component---NewYard","bindingPath":{"path":"","propertyPath":"/SALES_AREA_SPART","modelName":"NewYardModel"},"interaction":{"idSuffix":"inner"}},"clearTextFirst":true,"interactionType":"ENTER_TEXT"}]}
RESULT: {"script":"<script> [776 bytes]","args":[{"enterText":"C2","selector":{"controlType":"sap.m.Input","viewName":"etm.portal.ui.manageyards.view.New","viewId":"application-manageyards-display-component---NewYard","bindingPath":{"path":"","propertyPath":"/SALES_AREA_SPART","modelName":"NewYardModel"},"interaction":{"idSuffix":"inner"}},"clearTextFirst":true,"interactionType":"ENTER_TEXT"}]}
COMMAND: POST /session/0157ef9fabb145ee7fb2a1f3feebe51f/execute/async - {"script":"<script> [1562 bytes]","args":[{"selector":{"controlType":"sap.m.Input","viewName":"etm.portal.ui.manageyards.view.New","viewId":"application-manageyards-display-component---NewYard","bindingPath":{"path":"","propertyPath":"/SHIP_POINT","modelName":"NewYardModel"},"interaction":{"idSuffix":"inner"}},"wdio_ui5_key":"etmportal.ui.manageyards.view.Newsap.m.Input{\"path\":\"\",\"propertyPath\":\"/SHIP_POINT\",\"modelName\":\"NewYardModel\"}"}]}
RESULT: {"script":"<script> [1562 bytes]","args":[{"selector":{"controlType":"sap.m.Input","viewName":"etm.portal.ui.manageyards.view.New","viewId":"application-manageyards-display-component---NewYard","bindingPath":{"path":"","propertyPath":"/SHIP_POINT","modelName":"NewYardModel"},"interaction":{"idSuffix":"inner"}},"wdio_ui5_key":"etmportal.ui.manageyards.view.Newsap.m.Input{\"path\":\"\",\"propertyPath\":\"/SHIP_POINT\",\"modelName\":\"NewYardModel\"}"}]}
RESULT: undefined
COMMAND: POST /session/0157ef9fabb145ee7fb2a1f3feebe51f/execute/async - {"script":"<script> [776 bytes]","args":[{"enterText":"1710","selector":{"controlType":"sap.m.Input","viewName":"etm.portal.ui.manageyards.view.New","viewId":"application-manageyards-display-component---NewYard","bindingPath":{"path":"","propertyPath":"/SHIP_POINT","modelName":"NewYardModel"},"interaction":{"idSuffix":"inner"}},"clearTextFirst":true,"interactionType":"ENTER_TEXT"}]}
RESULT: {"script":"<script> [776 bytes]","args":[{"enterText":"1710","selector":{"controlType":"sap.m.Input","viewName":"etm.portal.ui.manageyards.view.New","viewId":"application-manageyards-display-component---NewYard","bindingPath":{"path":"","propertyPath":"/SHIP_POINT","modelName":"NewYardModel"},"interaction":{"idSuffix":"inner"}},"clearTextFirst":true,"interactionType":"ENTER_TEXT"}]}
COMMAND: POST /session/0157ef9fabb145ee7fb2a1f3feebe51f/execute/async - {"script":"<script> [1562 bytes]","args":[{"selector":{"controlType":"sap.m.Input","viewName":"etm.portal.ui.manageyards.view.New","viewId":"application-manageyards-display-component---NewYard","bindingPath":{"path":"","propertyPath":"/DELIVERY_TYPE","modelName":"NewYardModel"},"interaction":{"idSuffix":"inner"}},"wdio_ui5_key":"etmportal.ui.manageyards.view.Newsap.m.Input{\"path\":\"\",\"propertyPath\":\"/DELIVERY_TYPE\",\"modelName\":\"NewYardModel\"}"}]}
RESULT: {"script":"<script> [1562 bytes]","args":[{"selector":{"controlType":"sap.m.Input","viewName":"etm.portal.ui.manageyards.view.New","viewId":"application-manageyards-display-component---NewYard","bindingPath":{"path":"","propertyPath":"/DELIVERY_TYPE","modelName":"NewYardModel"},"interaction":{"idSuffix":"inner"}},"wdio_ui5_key":"etmportal.ui.manageyards.view.Newsap.m.Input{\"path\":\"\",\"propertyPath\":\"/DELIVERY_TYPE\",\"modelName\":\"NewYardModel\"}"}]}
RESULT: undefined
COMMAND: POST /session/0157ef9fabb145ee7fb2a1f3feebe51f/execute/async - {"script":"<script> [776 bytes]","args":[{"enterText":"ZL01","selector":{"controlType":"sap.m.Input","viewName":"etm.portal.ui.manageyards.view.New","viewId":"application-manageyards-display-component---NewYard","bindingPath":{"path":"","propertyPath":"/DELIVERY_TYPE","modelName":"NewYardModel"},"interaction":{"idSuffix":"inner"}},"clearTextFirst":true,"interactionType":"ENTER_TEXT"}]}
RESULT: {"script":"<script> [776 bytes]","args":[{"enterText":"ZL01","selector":{"controlType":"sap.m.Input","viewName":"etm.portal.ui.manageyards.view.New","viewId":"application-manageyards-display-component---NewYard","bindingPath":{"path":"","propertyPath":"/DELIVERY_TYPE","modelName":"NewYardModel"},"interaction":{"idSuffix":"inner"}},"clearTextFirst":true,"interactionType":"ENTER_TEXT"}]}
COMMAND: POST /session/0157ef9fabb145ee7fb2a1f3feebe51f/execute/async - {"script":"<script> [1562 bytes]","args":[{"selector":{"controlType":"sap.m.Input","viewName":"etm.portal.ui.manageyards.view.New","viewId":"application-manageyards-display-component---NewYard","bindingPath":{"path":"","propertyPath":"/AUART","modelName":"NewYardModel"},"interaction":{"idSuffix":"inner"}},"wdio_ui5_key":"etmportal.ui.manageyards.view.Newsap.m.Input{\"path\":\"\",\"propertyPath\":\"/AUART\",\"modelName\":\"NewYardModel\"}"}]}
RESULT: {"script":"<script> [1562 bytes]","args":[{"selector":{"controlType":"sap.m.Input","viewName":"etm.portal.ui.manageyards.view.New","viewId":"application-manageyards-display-component---NewYard","bindingPath":{"path":"","propertyPath":"/AUART","modelName":"NewYardModel"},"interaction":{"idSuffix":"inner"}},"wdio_ui5_key":"etmportal.ui.manageyards.view.Newsap.m.Input{\"path\":\"\",\"propertyPath\":\"/AUART\",\"modelName\":\"NewYardModel\"}"}]}
RESULT: undefined
COMMAND: POST /session/0157ef9fabb145ee7fb2a1f3feebe51f/execute/async - {"script":"<script> [776 bytes]","args":[{"enterText":"TA","selector":{"controlType":"sap.m.Input","viewName":"etm.portal.ui.manageyards.view.New","viewId":"application-manageyards-display-component---NewYard","bindingPath":{"path":"","propertyPath":"/AUART","modelName":"NewYardModel"},"interaction":{"idSuffix":"inner"}},"clearTextFirst":true,"interactionType":"ENTER_TEXT"}]}
RESULT: {"script":"<script> [776 bytes]","args":[{"enterText":"TA","selector":{"controlType":"sap.m.Input","viewName":"etm.portal.ui.manageyards.view.New","viewId":"application-manageyards-display-component---NewYard","bindingPath":{"path":"","propertyPath":"/AUART","modelName":"NewYardModel"},"interaction":{"idSuffix":"inner"}},"clearTextFirst":true,"interactionType":"ENTER_TEXT"}]}
COMMAND: POST /session/0157ef9fabb145ee7fb2a1f3feebe51f/element - {"using":"xpath","value":"//button[@data-kt=\"newYardSaveButton\"]"}
RESULT: {"using":"xpath","value":"//button[@data-kt=\"newYardSaveButton\"]"}
COMMAND: POST /session/0157ef9fabb145ee7fb2a1f3feebe51f/element/f.2D1A903BB9B117B2180C998CF94CF722.d.7111BCD88A85B491425A9497B0B93F53.e.713/click - {}
RESULT: {}
COMMAND: GET /session/0157ef9fabb145ee7fb2a1f3feebe51f/screenshot - {}
RESULT: {}
COMMAND: POST /session/0157ef9fabb145ee7fb2a1f3feebe51f/element - {"using":"xpath","value":"//header[contains(@id, 'ObjectPageLayout-headerTitle')]/div[1]/div[2]/div[1]/span[1]"}
RESULT: {"using":"xpath","value":"//header[contains(@id, 'ObjectPageLayout-headerTitle')]/div[1]/div[2]/div[1]/span[1]"}
COMMAND: POST /session/0157ef9fabb145ee7fb2a1f3feebe51f/elements - {"using":"xpath","value":"//header[contains(@id, 'ObjectPageLayout-headerTitle')]/div[1]/div[2]/div[1]/span[1]"}
RESULT: {"using":"xpath","value":"//header[contains(@id, 'ObjectPageLayout-headerTitle')]/div[1]/div[2]/div[1]/span[1]"}
COMMAND: POST /session/0157ef9fabb145ee7fb2a1f3feebe51f/execute/sync - {"script":"<script> [56 bytes]","args":[{"element-6066-11e4-a52e-4f735466cecf":"f.2D1A903BB9B117B2180C998CF94CF722.d.7111BCD88A85B491425A9497B0B93F53.e.1007","ELEMENT":"f.2D1A903BB9B117B2180C998CF94CF722.d.7111BCD88A85B491425A9497B0B93F53.e.1007"}]}
RESULT: {"script":"<script> [56 bytes]","args":[{"element-6066-11e4-a52e-4f735466cecf":"f.2D1A903BB9B117B2180C998CF94CF722.d.7111BCD88A85B491425A9497B0B93F53.e.1007","ELEMENT":"f.2D1A903BB9B117B2180C998CF94CF722.d.7111BCD88A85B491425A9497B0B93F53.e.1007"}]}
COMMAND: GET /session/0157ef9fabb145ee7fb2a1f3feebe51f/screenshot - {}
RESULT: {}
COMMAND: POST /session/0157ef9fabb145ee7fb2a1f3feebe51f/element - {"using":"css selector","value":"#shell-header-logo"}
RESULT: {"using":"css selector","value":"#shell-header-logo"}
COMMAND: POST /session/0157ef9fabb145ee7fb2a1f3feebe51f/element/f.2D1A903BB9B117B2180C998CF94CF722.d.7111BCD88A85B491425A9497B0B93F53.e.267/click - {}
RESULT: {}
COMMAND: GET /session/0157ef9fabb145ee7fb2a1f3feebe51f/screenshot - {}
RESULT: {}
COMMAND: POST /session/0157ef9fabb145ee7fb2a1f3feebe51f/execute/sync - {"script":"<script> [299 bytes]","args":[["getModel","getResource"]]}
RESULT: {"script":"<script> [299 bytes]","args":[["getModel","getResource"]]}
]]></system-out>
    </testcase>
    <testcase classname="chrome.135_0_7049_42.windows.Billing_confirm_US117289" name="Should create a new partner" time="124.341">
      <system-out><![CDATA[
COMMAND: GET /session/0157ef9fabb145ee7fb2a1f3feebe51f/screenshot - {}
COMMAND: POST /session/0157ef9fabb145ee7fb2a1f3feebe51f/window/fullscreen - {}
RESULT: {}
RESULT: {}
COMMAND: POST /session/0157ef9fabb145ee7fb2a1f3feebe51f/execute/async - {"script":"<script> [1562 bytes]","args":[{"selector":{"controlType":"sap.m.GenericTile","properties":{"header":"Manage Partners"}},"wdio_ui5_key":"sapm.GenericTile{\"header\":\"Manage Partners\"}"}]}
RESULT: {"script":"<script> [1562 bytes]","args":[{"selector":{"controlType":"sap.m.GenericTile","properties":{"header":"Manage Partners"}},"wdio_ui5_key":"sapm.GenericTile{\"header\":\"Manage Partners\"}"}]}
RESULT: undefined
COMMAND: POST /session/0157ef9fabb145ee7fb2a1f3feebe51f/element - {"using":"xpath","value":"//*[@id=\"__tile38\"]"}
RESULT: {"using":"xpath","value":"//*[@id=\"__tile38\"]"}
COMMAND: POST /session/0157ef9fabb145ee7fb2a1f3feebe51f/element/f.2D1A903BB9B117B2180C998CF94CF722.d.7111BCD88A85B491425A9497B0B93F53.e.152/click - {}
RESULT: {}
COMMAND: POST /session/0157ef9fabb145ee7fb2a1f3feebe51f/element - {"using":"xpath","value":"//button[@data-kt=\"addButton\"]"}
COMMAND: GET /session/0157ef9fabb145ee7fb2a1f3feebe51f/screenshot - {}
RESULT: {"using":"xpath","value":"//button[@data-kt=\"addButton\"]"}
COMMAND: POST /session/0157ef9fabb145ee7fb2a1f3feebe51f/elements - {"using":"xpath","value":"//button[@data-kt=\"addButton\"]"}
RESULT: {}
RESULT: {"using":"xpath","value":"//button[@data-kt=\"addButton\"]"}
COMMAND: POST /session/0157ef9fabb145ee7fb2a1f3feebe51f/elements - {"using":"xpath","value":"//button[@data-kt=\"addButton\"]"}
RESULT: {"using":"xpath","value":"//button[@data-kt=\"addButton\"]"}
COMMAND: POST /session/0157ef9fabb145ee7fb2a1f3feebe51f/elements - {"using":"xpath","value":"//button[@data-kt=\"addButton\"]"}
RESULT: {"using":"xpath","value":"//button[@data-kt=\"addButton\"]"}
COMMAND: POST /session/0157ef9fabb145ee7fb2a1f3feebe51f/elements - {"using":"xpath","value":"//button[@data-kt=\"addButton\"]"}
RESULT: {"using":"xpath","value":"//button[@data-kt=\"addButton\"]"}
COMMAND: POST /session/0157ef9fabb145ee7fb2a1f3feebe51f/elements - {"using":"xpath","value":"//button[@data-kt=\"addButton\"]"}
RESULT: {"using":"xpath","value":"//button[@data-kt=\"addButton\"]"}
COMMAND: POST /session/0157ef9fabb145ee7fb2a1f3feebe51f/elements - {"using":"xpath","value":"//button[@data-kt=\"addButton\"]"}
RESULT: {"using":"xpath","value":"//button[@data-kt=\"addButton\"]"}
COMMAND: POST /session/0157ef9fabb145ee7fb2a1f3feebe51f/elements - {"using":"xpath","value":"//button[@data-kt=\"addButton\"]"}
RESULT: {"using":"xpath","value":"//button[@data-kt=\"addButton\"]"}
COMMAND: POST /session/0157ef9fabb145ee7fb2a1f3feebe51f/element - {"using":"xpath","value":"//button[@data-kt=\"addButton\"]"}
RESULT: {"using":"xpath","value":"//button[@data-kt=\"addButton\"]"}
COMMAND: POST /session/0157ef9fabb145ee7fb2a1f3feebe51f/execute/sync - {"script":"<script> [8489 bytes]","args":[{"element-6066-11e4-a52e-4f735466cecf":"f.2D1A903BB9B117B2180C998CF94CF722.d.7111BCD88A85B491425A9497B0B93F53.e.1056","ELEMENT":"f.2D1A903BB9B117B2180C998CF94CF722.d.7111BCD88A85B491425A9497B0B93F53.e.1056"}]}
RESULT: {"script":"<script> [8489 bytes]","args":[{"element-6066-11e4-a52e-4f735466cecf":"f.2D1A903BB9B117B2180C998CF94CF722.d.7111BCD88A85B491425A9497B0B93F53.e.1056","ELEMENT":"f.2D1A903BB9B117B2180C998CF94CF722.d.7111BCD88A85B491425A9497B0B93F53.e.1056"}]}
COMMAND: GET /session/0157ef9fabb145ee7fb2a1f3feebe51f/element/f.2D1A903BB9B117B2180C998CF94CF722.d.7111BCD88A85B491425A9497B0B93F53.e.1056/enabled - {}
COMMAND: GET /session/0157ef9fabb145ee7fb2a1f3feebe51f/screenshot - {}
RESULT: {}
COMMAND: POST /session/0157ef9fabb145ee7fb2a1f3feebe51f/execute/sync - {"script":"<script> [8489 bytes]","args":[{"element-6066-11e4-a52e-4f735466cecf":"f.2D1A903BB9B117B2180C998CF94CF722.d.7111BCD88A85B491425A9497B0B93F53.e.1056","ELEMENT":"f.2D1A903BB9B117B2180C998CF94CF722.d.7111BCD88A85B491425A9497B0B93F53.e.1056"}]}
COMMAND: GET /session/0157ef9fabb145ee7fb2a1f3feebe51f/screenshot - {}
RESULT: {}
RESULT: {"script":"<script> [8489 bytes]","args":[{"element-6066-11e4-a52e-4f735466cecf":"f.2D1A903BB9B117B2180C998CF94CF722.d.7111BCD88A85B491425A9497B0B93F53.e.1056","ELEMENT":"f.2D1A903BB9B117B2180C998CF94CF722.d.7111BCD88A85B491425A9497B0B93F53.e.1056"}]}
COMMAND: POST /session/0157ef9fabb145ee7fb2a1f3feebe51f/execute/sync - {"script":"<script> [5351 bytes]","args":[{"element-6066-11e4-a52e-4f735466cecf":"f.2D1A903BB9B117B2180C998CF94CF722.d.7111BCD88A85B491425A9497B0B93F53.e.1056","ELEMENT":"f.2D1A903BB9B117B2180C998CF94CF722.d.7111BCD88A85B491425A9497B0B93F53.e.1056"}]}
COMMAND: GET /session/0157ef9fabb145ee7fb2a1f3feebe51f/screenshot - {}
RESULT: {}
RESULT: {"script":"<script> [5351 bytes]","args":[{"element-6066-11e4-a52e-4f735466cecf":"f.2D1A903BB9B117B2180C998CF94CF722.d.7111BCD88A85B491425A9497B0B93F53.e.1056","ELEMENT":"f.2D1A903BB9B117B2180C998CF94CF722.d.7111BCD88A85B491425A9497B0B93F53.e.1056"}]}
COMMAND: POST /session/0157ef9fabb145ee7fb2a1f3feebe51f/element/f.2D1A903BB9B117B2180C998CF94CF722.d.7111BCD88A85B491425A9497B0B93F53.e.1056/click - {}
COMMAND: GET /session/0157ef9fabb145ee7fb2a1f3feebe51f/screenshot - {}
RESULT: {}
RESULT: {}
COMMAND: GET /session/0157ef9fabb145ee7fb2a1f3feebe51f/screenshot - {}
RESULT: {}
RESULT: {}
COMMAND: POST /session/0157ef9fabb145ee7fb2a1f3feebe51f/execute/async - {"script":"<script> [1562 bytes]","args":[{"selector":{"id":"application-managepartners-display-component---NewPartner--addressDetailDetailsName1","interaction":{"idSuffix":"inner"}},"wdio_ui5_key":"applicationmanagepartners-display-component---NewPartner--addressDetailDetailsName1"}]}
RESULT: {"script":"<script> [1562 bytes]","args":[{"selector":{"id":"application-managepartners-display-component---NewPartner--addressDetailDetailsName1","interaction":{"idSuffix":"inner"}},"wdio_ui5_key":"applicationmanagepartners-display-component---NewPartner--addressDetailDetailsName1"}]}
RESULT: undefined
COMMAND: POST /session/0157ef9fabb145ee7fb2a1f3feebe51f/execute/async - {"script":"<script> [776 bytes]","args":[{"enterText":"Intracompany Partner WDIO","selector":{"id":"application-managepartners-display-component---NewPartner--addressDetailDetailsName1","interaction":{"idSuffix":"inner"}},"clearTextFirst":true,"interactionType":"ENTER_TEXT"}]}
RESULT: {"script":"<script> [776 bytes]","args":[{"enterText":"Intracompany Partner WDIO","selector":{"id":"application-managepartners-display-component---NewPartner--addressDetailDetailsName1","interaction":{"idSuffix":"inner"}},"clearTextFirst":true,"interactionType":"ENTER_TEXT"}]}
COMMAND: POST /session/0157ef9fabb145ee7fb2a1f3feebe51f/execute/async - {"script":"<script> [1562 bytes]","args":[{"selector":{"id":"application-managepartners-display-component---NewPartner--addressDetailDetailsLanguage-arrow"},"wdio_ui5_key":"applicationmanagepartners-display-component---NewPartner--addressDetailDetailsLanguage-arrow"}]}
RESULT: {"script":"<script> [1562 bytes]","args":[{"selector":{"id":"application-managepartners-display-component---NewPartner--addressDetailDetailsLanguage-arrow"},"wdio_ui5_key":"applicationmanagepartners-display-component---NewPartner--addressDetailDetailsLanguage-arrow"}]}
RESULT: undefined
COMMAND: POST /session/0157ef9fabb145ee7fb2a1f3feebe51f/element - {"using":"xpath","value":"//*[@id=\"application-managepartners-display-component---NewPartner--addressDetailDetailsLanguage-arrow\"]"}
RESULT: {"using":"xpath","value":"//*[@id=\"application-managepartners-display-component---NewPartner--addressDetailDetailsLanguage-arrow\"]"}
COMMAND: POST /session/0157ef9fabb145ee7fb2a1f3feebe51f/element/f.2D1A903BB9B117B2180C998CF94CF722.d.7111BCD88A85B491425A9497B0B93F53.e.1496/click - {}
RESULT: {}
COMMAND: POST /session/0157ef9fabb145ee7fb2a1f3feebe51f/element - {"using":"xpath","value":"//span[contains(text(), \"English\")]"}
COMMAND: GET /session/0157ef9fabb145ee7fb2a1f3feebe51f/screenshot - {}
RESULT: {"using":"xpath","value":"//span[contains(text(), \"English\")]"}
COMMAND: POST /session/0157ef9fabb145ee7fb2a1f3feebe51f/element/f.2D1A903BB9B117B2180C998CF94CF722.d.7111BCD88A85B491425A9497B0B93F53.e.1497/click - {}
RESULT: {}
RESULT: {}
COMMAND: GET /session/0157ef9fabb145ee7fb2a1f3feebe51f/screenshot - {}
RESULT: {}
COMMAND: POST /session/0157ef9fabb145ee7fb2a1f3feebe51f/execute/async - {"script":"<script> [1562 bytes]","args":[{"selector":{"id":"application-managepartners-display-component---NewPartner--addressDetailDetailsCity1","interaction":{"idSuffix":"inner"}},"wdio_ui5_key":"applicationmanagepartners-display-component---NewPartner--addressDetailDetailsCity1"}]}
RESULT: {"script":"<script> [1562 bytes]","args":[{"selector":{"id":"application-managepartners-display-component---NewPartner--addressDetailDetailsCity1","interaction":{"idSuffix":"inner"}},"wdio_ui5_key":"applicationmanagepartners-display-component---NewPartner--addressDetailDetailsCity1"}]}
RESULT: undefined
COMMAND: POST /session/0157ef9fabb145ee7fb2a1f3feebe51f/execute/async - {"script":"<script> [776 bytes]","args":[{"enterText":"Rosario","selector":{"id":"application-managepartners-display-component---NewPartner--addressDetailDetailsCity1","interaction":{"idSuffix":"inner"}},"clearTextFirst":true,"interactionType":"ENTER_TEXT"}]}
RESULT: {"script":"<script> [776 bytes]","args":[{"enterText":"Rosario","selector":{"id":"application-managepartners-display-component---NewPartner--addressDetailDetailsCity1","interaction":{"idSuffix":"inner"}},"clearTextFirst":true,"interactionType":"ENTER_TEXT"}]}
COMMAND: POST /session/0157ef9fabb145ee7fb2a1f3feebe51f/execute/async - {"script":"<script> [1562 bytes]","args":[{"selector":{"id":"application-managepartners-display-component---NewPartner--addressDetailDetailsCountry-arrow"},"wdio_ui5_key":"applicationmanagepartners-display-component---NewPartner--addressDetailDetailsCountry-arrow"}]}
RESULT: {"script":"<script> [1562 bytes]","args":[{"selector":{"id":"application-managepartners-display-component---NewPartner--addressDetailDetailsCountry-arrow"},"wdio_ui5_key":"applicationmanagepartners-display-component---NewPartner--addressDetailDetailsCountry-arrow"}]}
RESULT: undefined
COMMAND: POST /session/0157ef9fabb145ee7fb2a1f3feebe51f/element - {"using":"xpath","value":"//*[@id=\"application-managepartners-display-component---NewPartner--addressDetailDetailsCountry-arrow\"]"}
RESULT: {"using":"xpath","value":"//*[@id=\"application-managepartners-display-component---NewPartner--addressDetailDetailsCountry-arrow\"]"}
COMMAND: POST /session/0157ef9fabb145ee7fb2a1f3feebe51f/element/f.2D1A903BB9B117B2180C998CF94CF722.d.7111BCD88A85B491425A9497B0B93F53.e.1460/click - {}
RESULT: {}
COMMAND: POST /session/0157ef9fabb145ee7fb2a1f3feebe51f/element - {"using":"xpath","value":"//span[contains(text(), \"Argentina\")]"}
COMMAND: GET /session/0157ef9fabb145ee7fb2a1f3feebe51f/screenshot - {}
RESULT: {"using":"xpath","value":"//span[contains(text(), \"Argentina\")]"}
COMMAND: POST /session/0157ef9fabb145ee7fb2a1f3feebe51f/element/f.2D1A903BB9B117B2180C998CF94CF722.d.7111BCD88A85B491425A9497B0B93F53.e.1499/click - {}
RESULT: {}
RESULT: {}
COMMAND: GET /session/0157ef9fabb145ee7fb2a1f3feebe51f/screenshot - {}
RESULT: {}
COMMAND: POST /session/0157ef9fabb145ee7fb2a1f3feebe51f/element - {"using":"xpath","value":"//bdi[contains(text(), \"Commercial\")]"}
RESULT: {"using":"xpath","value":"//bdi[contains(text(), \"Commercial\")]"}
COMMAND: POST /session/0157ef9fabb145ee7fb2a1f3feebe51f/element/f.2D1A903BB9B117B2180C998CF94CF722.d.7111BCD88A85B491425A9497B0B93F53.e.1500/click - {}
RESULT: {}
COMMAND: GET /session/0157ef9fabb145ee7fb2a1f3feebe51f/screenshot - {}
RESULT: {}
COMMAND: POST /session/0157ef9fabb145ee7fb2a1f3feebe51f/execute/async - {"script":"<script> [1562 bytes]","args":[{"selector":{"id":"application-managepartners-display-component---NewPartner--partnerDetailInternal-arrow"},"wdio_ui5_key":"applicationmanagepartners-display-component---NewPartner--partnerDetailInternal-arrow"}]}
RESULT: {"script":"<script> [1562 bytes]","args":[{"selector":{"id":"application-managepartners-display-component---NewPartner--partnerDetailInternal-arrow"},"wdio_ui5_key":"applicationmanagepartners-display-component---NewPartner--partnerDetailInternal-arrow"}]}
RESULT: undefined
COMMAND: POST /session/0157ef9fabb145ee7fb2a1f3feebe51f/element - {"using":"xpath","value":"//*[@id=\"application-managepartners-display-component---NewPartner--partnerDetailInternal-arrow\"]"}
RESULT: {"using":"xpath","value":"//*[@id=\"application-managepartners-display-component---NewPartner--partnerDetailInternal-arrow\"]"}
COMMAND: POST /session/0157ef9fabb145ee7fb2a1f3feebe51f/element/f.2D1A903BB9B117B2180C998CF94CF722.d.7111BCD88A85B491425A9497B0B93F53.e.1506/click - {}
RESULT: {}
COMMAND: POST /session/0157ef9fabb145ee7fb2a1f3feebe51f/element - {"using":"xpath","value":"//span[contains(text(), \"Affiliated company\")]"}
COMMAND: GET /session/0157ef9fabb145ee7fb2a1f3feebe51f/screenshot - {}
RESULT: {"using":"xpath","value":"//span[contains(text(), \"Affiliated company\")]"}
COMMAND: POST /session/0157ef9fabb145ee7fb2a1f3feebe51f/element/f.2D1A903BB9B117B2180C998CF94CF722.d.7111BCD88A85B491425A9497B0B93F53.e.1507/click - {}
RESULT: {}
RESULT: {}
COMMAND: POST /session/0157ef9fabb145ee7fb2a1f3feebe51f/execute/async - {"script":"<script> [1562 bytes]","args":[{"selector":{"id":"application-managepartners-display-component---NewPartner--partnerDetailsCurrency-arrow"},"wdio_ui5_key":"applicationmanagepartners-display-component---NewPartner--partnerDetailsCurrency-arrow"}]}
COMMAND: GET /session/0157ef9fabb145ee7fb2a1f3feebe51f/screenshot - {}
RESULT: {"script":"<script> [1562 bytes]","args":[{"selector":{"id":"application-managepartners-display-component---NewPartner--partnerDetailsCurrency-arrow"},"wdio_ui5_key":"applicationmanagepartners-display-component---NewPartner--partnerDetailsCurrency-arrow"}]}
RESULT: undefined
COMMAND: POST /session/0157ef9fabb145ee7fb2a1f3feebe51f/element - {"using":"xpath","value":"//*[@id=\"application-managepartners-display-component---NewPartner--partnerDetailsCurrency-arrow\"]"}
RESULT: {}
RESULT: {"using":"xpath","value":"//*[@id=\"application-managepartners-display-component---NewPartner--partnerDetailsCurrency-arrow\"]"}
COMMAND: POST /session/0157ef9fabb145ee7fb2a1f3feebe51f/element/f.2D1A903BB9B117B2180C998CF94CF722.d.7111BCD88A85B491425A9497B0B93F53.e.1514/click - {}
RESULT: {}
COMMAND: POST /session/0157ef9fabb145ee7fb2a1f3feebe51f/element - {"using":"xpath","value":"//span[contains(text(), \"Euro\")]"}
COMMAND: GET /session/0157ef9fabb145ee7fb2a1f3feebe51f/screenshot - {}
RESULT: {"using":"xpath","value":"//span[contains(text(), \"Euro\")]"}
COMMAND: POST /session/0157ef9fabb145ee7fb2a1f3feebe51f/element/f.2D1A903BB9B117B2180C998CF94CF722.d.7111BCD88A85B491425A9497B0B93F53.e.1515/click - {}
RESULT: {}
RESULT: {}
COMMAND: POST /session/0157ef9fabb145ee7fb2a1f3feebe51f/execute/async - {"script":"<script> [1562 bytes]","args":[{"selector":{"id":"application-managepartners-display-component---NewPartner--addressEditDetailsCostObjectCstType-arrow"},"wdio_ui5_key":"applicationmanagepartners-display-component---NewPartner--addressEditDetailsCostObjectCstType-arrow"}]}
COMMAND: GET /session/0157ef9fabb145ee7fb2a1f3feebe51f/screenshot - {}
RESULT: {"script":"<script> [1562 bytes]","args":[{"selector":{"id":"application-managepartners-display-component---NewPartner--addressEditDetailsCostObjectCstType-arrow"},"wdio_ui5_key":"applicationmanagepartners-display-component---NewPartner--addressEditDetailsCostObjectCstType-arrow"}]}
RESULT: undefined
COMMAND: POST /session/0157ef9fabb145ee7fb2a1f3feebe51f/element - {"using":"xpath","value":"//*[@id=\"application-managepartners-display-component---NewPartner--addressEditDetailsCostObjectCstType-arrow\"]"}
RESULT: {}
RESULT: {"using":"xpath","value":"//*[@id=\"application-managepartners-display-component---NewPartner--addressEditDetailsCostObjectCstType-arrow\"]"}
COMMAND: POST /session/0157ef9fabb145ee7fb2a1f3feebe51f/element/f.2D1A903BB9B117B2180C998CF94CF722.d.7111BCD88A85B491425A9497B0B93F53.e.1516/click - {}
RESULT: {}
COMMAND: POST /session/0157ef9fabb145ee7fb2a1f3feebe51f/element - {"using":"xpath","value":"//span[contains(text(), \"Cost Center\")]"}
COMMAND: GET /session/0157ef9fabb145ee7fb2a1f3feebe51f/screenshot - {}
RESULT: {"using":"xpath","value":"//span[contains(text(), \"Cost Center\")]"}
COMMAND: POST /session/0157ef9fabb145ee7fb2a1f3feebe51f/element/f.2D1A903BB9B117B2180C998CF94CF722.d.7111BCD88A85B491425A9497B0B93F53.e.1517/click - {}
RESULT: {}
RESULT: {}
COMMAND: GET /session/0157ef9fabb145ee7fb2a1f3feebe51f/screenshot - {}
RESULT: {}
COMMAND: POST /session/0157ef9fabb145ee7fb2a1f3feebe51f/element - {"using":"xpath","value":"//span[@id=\"application-managepartners-display-component---NewPartner--addressNewCostObjectCstID-vhi\"]"}
RESULT: {"using":"xpath","value":"//span[@id=\"application-managepartners-display-component---NewPartner--addressNewCostObjectCstID-vhi\"]"}
COMMAND: POST /session/0157ef9fabb145ee7fb2a1f3feebe51f/execute/sync - {"script":"<script> [8489 bytes]","args":[{"element-6066-11e4-a52e-4f735466cecf":"f.2D1A903BB9B117B2180C998CF94CF722.d.7111BCD88A85B491425A9497B0B93F53.e.1520","ELEMENT":"f.2D1A903BB9B117B2180C998CF94CF722.d.7111BCD88A85B491425A9497B0B93F53.e.1520"}]}
RESULT: {"script":"<script> [8489 bytes]","args":[{"element-6066-11e4-a52e-4f735466cecf":"f.2D1A903BB9B117B2180C998CF94CF722.d.7111BCD88A85B491425A9497B0B93F53.e.1520","ELEMENT":"f.2D1A903BB9B117B2180C998CF94CF722.d.7111BCD88A85B491425A9497B0B93F53.e.1520"}]}
COMMAND: POST /session/0157ef9fabb145ee7fb2a1f3feebe51f/execute/async - {"script":"<script> [1562 bytes]","args":[{"selector":{"id":"application-managepartners-display-component---NewPartner--addressNewCostObjectCstID-vhi"},"wdio_ui5_key":"applicationmanagepartners-display-component---NewPartner--addressNewCostObjectCstID-vhi"}]}
COMMAND: GET /session/0157ef9fabb145ee7fb2a1f3feebe51f/screenshot - {}
RESULT: {"script":"<script> [1562 bytes]","args":[{"selector":{"id":"application-managepartners-display-component---NewPartner--addressNewCostObjectCstID-vhi"},"wdio_ui5_key":"applicationmanagepartners-display-component---NewPartner--addressNewCostObjectCstID-vhi"}]}
RESULT: undefined
COMMAND: POST /session/0157ef9fabb145ee7fb2a1f3feebe51f/element - {"using":"xpath","value":"//*[@id=\"application-managepartners-display-component---NewPartner--addressNewCostObjectCstID-vhi\"]"}
RESULT: {}
RESULT: {"using":"xpath","value":"//*[@id=\"application-managepartners-display-component---NewPartner--addressNewCostObjectCstID-vhi\"]"}
COMMAND: POST /session/0157ef9fabb145ee7fb2a1f3feebe51f/element/f.2D1A903BB9B117B2180C998CF94CF722.d.7111BCD88A85B491425A9497B0B93F53.e.1520/click - {}
RESULT: {}
COMMAND: GET /session/0157ef9fabb145ee7fb2a1f3feebe51f/screenshot - {}
RESULT: {}
RESULT: undefined
COMMAND: POST /session/0157ef9fabb145ee7fb2a1f3feebe51f/execute/async - {"script":"<script> [776 bytes]","args":[{"enterText":"10001013","selector":{"controlType":"sap.m.SearchField","properties":{"placeholder":"Search"},"searchOpenDialogs":true,"interaction":{"idSuffix":"I"}},"clearTextFirst":true,"interactionType":"ENTER_TEXT"}]}
RESULT: {"script":"<script> [776 bytes]","args":[{"enterText":"10001013","selector":{"controlType":"sap.m.SearchField","properties":{"placeholder":"Search"},"searchOpenDialogs":true,"interaction":{"idSuffix":"I"}},"clearTextFirst":true,"interactionType":"ENTER_TEXT"}]}
COMMAND: POST /session/0157ef9fabb145ee7fb2a1f3feebe51f/actions - {"actions":[{"id":"action2","type":"key","parameters":{},"actions":[{"type":"keyDown","value":""},{"type":"pause","duration":10},{"type":"keyUp","value":""}]}]}
RESULT: {"actions":[{"id":"action2","type":"key","parameters":{},"actions":[{"type":"keyDown","value":""},{"type":"pause","duration":10},{"type":"keyUp","value":""}]}]}
COMMAND: GET /session/0157ef9fabb145ee7fb2a1f3feebe51f/screenshot - {}
RESULT: {}
COMMAND: POST /session/0157ef9fabb145ee7fb2a1f3feebe51f/element - {"using":"xpath","value":"//span[contains(text(), \"General Management\")]"}
RESULT: {"using":"xpath","value":"//span[contains(text(), \"General Management\")]"}
COMMAND: POST /session/0157ef9fabb145ee7fb2a1f3feebe51f/element/f.2D1A903BB9B117B2180C998CF94CF722.d.7111BCD88A85B491425A9497B0B93F53.e.1561/click - {}
RESULT: {}
COMMAND: GET /session/0157ef9fabb145ee7fb2a1f3feebe51f/screenshot - {}
RESULT: {}
COMMAND: POST /session/0157ef9fabb145ee7fb2a1f3feebe51f/element - {"using":"xpath","value":"//bdi[contains(text(), \"OK\")]"}
RESULT: {"using":"xpath","value":"//bdi[contains(text(), \"OK\")]"}
COMMAND: POST /session/0157ef9fabb145ee7fb2a1f3feebe51f/element/f.2D1A903BB9B117B2180C998CF94CF722.d.7111BCD88A85B491425A9497B0B93F53.e.1562/click - {}
RESULT: {}
COMMAND: GET /session/0157ef9fabb145ee7fb2a1f3feebe51f/screenshot - {}
RESULT: {}
COMMAND: POST /session/0157ef9fabb145ee7fb2a1f3feebe51f/element - {"using":"xpath","value":"//input[@id=\"application-managepartners-display-component---NewPartner--companyCodeComboBox-inner\"]"}
RESULT: {"using":"xpath","value":"//input[@id=\"application-managepartners-display-component---NewPartner--companyCodeComboBox-inner\"]"}
COMMAND: POST /session/0157ef9fabb145ee7fb2a1f3feebe51f/element/f.2D1A903BB9B117B2180C998CF94CF722.d.7111BCD88A85B491425A9497B0B93F53.e.1402/clear - {}
RESULT: {}
COMMAND: POST /session/0157ef9fabb145ee7fb2a1f3feebe51f/element/f.2D1A903BB9B117B2180C998CF94CF722.d.7111BCD88A85B491425A9497B0B93F53.e.1402/value - {"text":"1000"}
COMMAND: GET /session/0157ef9fabb145ee7fb2a1f3feebe51f/screenshot - {}
RESULT: {"text":"1000"}
COMMAND: GET /session/0157ef9fabb145ee7fb2a1f3feebe51f/screenshot - {}
RESULT: {}
RESULT: {}
COMMAND: POST /session/0157ef9fabb145ee7fb2a1f3feebe51f/element - {"using":"xpath","value":"//span[contains(text(), \"1000\")]"}
RESULT: {"using":"xpath","value":"//span[contains(text(), \"1000\")]"}
COMMAND: POST /session/0157ef9fabb145ee7fb2a1f3feebe51f/element/f.2D1A903BB9B117B2180C998CF94CF722.d.7111BCD88A85B491425A9497B0B93F53.e.1568/click - {}
RESULT: {}
COMMAND: GET /session/0157ef9fabb145ee7fb2a1f3feebe51f/screenshot - {}
RESULT: {}
COMMAND: POST /session/0157ef9fabb145ee7fb2a1f3feebe51f/execute/async - {"script":"<script> [1562 bytes]","args":[{"selector":{"id":"application-managepartners-display-component---NewPartner--btnAddTableRow-img"},"wdio_ui5_key":"applicationmanagepartners-display-component---NewPartner--btnAddTableRow-img"}]}
RESULT: {"script":"<script> [1562 bytes]","args":[{"selector":{"id":"application-managepartners-display-component---NewPartner--btnAddTableRow-img"},"wdio_ui5_key":"applicationmanagepartners-display-component---NewPartner--btnAddTableRow-img"}]}
RESULT: undefined
COMMAND: POST /session/0157ef9fabb145ee7fb2a1f3feebe51f/element - {"using":"xpath","value":"//*[@id=\"application-managepartners-display-component---NewPartner--btnAddTableRow-img\"]"}
RESULT: {"using":"xpath","value":"//*[@id=\"application-managepartners-display-component---NewPartner--btnAddTableRow-img\"]"}
COMMAND: POST /session/0157ef9fabb145ee7fb2a1f3feebe51f/element/f.2D1A903BB9B117B2180C998CF94CF722.d.7111BCD88A85B491425A9497B0B93F53.e.1569/click - {}
RESULT: {}
COMMAND: GET /session/0157ef9fabb145ee7fb2a1f3feebe51f/screenshot - {}
RESULT: {}
COMMAND: POST /session/0157ef9fabb145ee7fb2a1f3feebe51f/element - {"using":"xpath","value":"//input[@id=\"application-managepartners-display-component---NewPartner--assignmentYard-application-managepartners-display-component---NewPartner--assignmentsTable-0-inner\"]"}
RESULT: {"using":"xpath","value":"//input[@id=\"application-managepartners-display-component---NewPartner--assignmentYard-application-managepartners-display-component---NewPartner--assignmentsTable-0-inner\"]"}
COMMAND: POST /session/0157ef9fabb145ee7fb2a1f3feebe51f/element/f.2D1A903BB9B117B2180C998CF94CF722.d.7111BCD88A85B491425A9497B0B93F53.e.1572/clear - {}
RESULT: {}
COMMAND: POST /session/0157ef9fabb145ee7fb2a1f3feebe51f/element/f.2D1A903BB9B117B2180C998CF94CF722.d.7111BCD88A85B491425A9497B0B93F53.e.1572/value - {"text":"469"}
COMMAND: GET /session/0157ef9fabb145ee7fb2a1f3feebe51f/screenshot - {}
RESULT: {"text":"469"}
COMMAND: GET /session/0157ef9fabb145ee7fb2a1f3feebe51f/screenshot - {}
RESULT: {}
RESULT: {}
COMMAND: POST /session/0157ef9fabb145ee7fb2a1f3feebe51f/element - {"using":"xpath","value":"//li[.//span[text()='469']]"}
RESULT: {"using":"xpath","value":"//li[.//span[text()='469']]"}
COMMAND: POST /session/0157ef9fabb145ee7fb2a1f3feebe51f/element/f.2D1A903BB9B117B2180C998CF94CF722.d.7111BCD88A85B491425A9497B0B93F53.e.1581/click - {}
RESULT: {}
COMMAND: GET /session/0157ef9fabb145ee7fb2a1f3feebe51f/screenshot - {}
RESULT: {}
COMMAND: POST /session/0157ef9fabb145ee7fb2a1f3feebe51f/actions - {"actions":[{"id":"action3","type":"key","parameters":{},"actions":[{"type":"keyDown","value":""},{"type":"pause","duration":10},{"type":"keyUp","value":""}]}]}
RESULT: {"actions":[{"id":"action3","type":"key","parameters":{},"actions":[{"type":"keyDown","value":""},{"type":"pause","duration":10},{"type":"keyUp","value":""}]}]}
COMMAND: POST /session/0157ef9fabb145ee7fb2a1f3feebe51f/execute/async - {"script":"<script> [1562 bytes]","args":[{"selector":{"id":"application-managepartners-display-component---NewPartner--externalCustomerComboBox-application-managepartners-display-component---NewPartner--assignmentsTable-0-vhi"},"wdio_ui5_key":"applicationmanagepartners-display-component---NewPartner--externalCustomerComboBox-application-managepartners-display-component---NewPartner--assignmentsTable-0-vhi"}]}
COMMAND: GET /session/0157ef9fabb145ee7fb2a1f3feebe51f/screenshot - {}
RESULT: {"script":"<script> [1562 bytes]","args":[{"selector":{"id":"application-managepartners-display-component---NewPartner--externalCustomerComboBox-application-managepartners-display-component---NewPartner--assignmentsTable-0-vhi"},"wdio_ui5_key":"applicationmanagepartners-display-component---NewPartner--externalCustomerComboBox-application-managepartners-display-component---NewPartner--assignmentsTable-0-vhi"}]}
RESULT: undefined
COMMAND: POST /session/0157ef9fabb145ee7fb2a1f3feebe51f/element - {"using":"xpath","value":"//*[@id=\"application-managepartners-display-component---NewPartner--externalCustomerComboBox-application-managepartners-display-component---NewPartner--assignmentsTable-0-vhi\"]"}
RESULT: {}
RESULT: {"using":"xpath","value":"//*[@id=\"application-managepartners-display-component---NewPartner--externalCustomerComboBox-application-managepartners-display-component---NewPartner--assignmentsTable-0-vhi\"]"}
COMMAND: POST /session/0157ef9fabb145ee7fb2a1f3feebe51f/element/f.2D1A903BB9B117B2180C998CF94CF722.d.7111BCD88A85B491425A9497B0B93F53.e.1585/click - {}
RESULT: {}
RESULT: undefined
COMMAND: POST /session/0157ef9fabb145ee7fb2a1f3feebe51f/execute/async - {"script":"<script> [776 bytes]","args":[{"enterText":"300003","selector":{"controlType":"sap.m.SearchField","properties":{"placeholder":"Search"},"searchOpenDialogs":true,"interaction":{"idSuffix":"I"}},"clearTextFirst":true,"interactionType":"ENTER_TEXT"}]}
COMMAND: GET /session/0157ef9fabb145ee7fb2a1f3feebe51f/screenshot - {}
RESULT: {"script":"<script> [776 bytes]","args":[{"enterText":"300003","selector":{"controlType":"sap.m.SearchField","properties":{"placeholder":"Search"},"searchOpenDialogs":true,"interaction":{"idSuffix":"I"}},"clearTextFirst":true,"interactionType":"ENTER_TEXT"}]}
COMMAND: POST /session/0157ef9fabb145ee7fb2a1f3feebe51f/actions - {"actions":[{"id":"action4","type":"key","parameters":{},"actions":[{"type":"keyDown","value":""},{"type":"pause","duration":10},{"type":"keyUp","value":""}]}]}
RESULT: {}
RESULT: {"actions":[{"id":"action4","type":"key","parameters":{},"actions":[{"type":"keyDown","value":""},{"type":"pause","duration":10},{"type":"keyUp","value":""}]}]}
COMMAND: GET /session/0157ef9fabb145ee7fb2a1f3feebe51f/screenshot - {}
RESULT: {}
COMMAND: POST /session/0157ef9fabb145ee7fb2a1f3feebe51f/element - {"using":"xpath","value":"//span[contains(text(), \"300003\")]"}
RESULT: {"using":"xpath","value":"//span[contains(text(), \"300003\")]"}
COMMAND: POST /session/0157ef9fabb145ee7fb2a1f3feebe51f/element/f.2D1A903BB9B117B2180C998CF94CF722.d.7111BCD88A85B491425A9497B0B93F53.e.1604/click - {}
RESULT: {}
COMMAND: GET /session/0157ef9fabb145ee7fb2a1f3feebe51f/screenshot - {}
RESULT: {}
COMMAND: POST /session/0157ef9fabb145ee7fb2a1f3feebe51f/element - {"using":"xpath","value":"//bdi[contains(text(), \"OK\")]"}
RESULT: {"using":"xpath","value":"//bdi[contains(text(), \"OK\")]"}
COMMAND: POST /session/0157ef9fabb145ee7fb2a1f3feebe51f/element/f.2D1A903BB9B117B2180C998CF94CF722.d.7111BCD88A85B491425A9497B0B93F53.e.1606/click - {}
RESULT: {}
COMMAND: GET /session/0157ef9fabb145ee7fb2a1f3feebe51f/screenshot - {}
COMMAND: POST /session/0157ef9fabb145ee7fb2a1f3feebe51f/execute/async - {"script":"<script> [1562 bytes]","args":[{"selector":{"id":"application-managepartners-display-component---NewPartner--intercompVendorComboBox-application-managepartners-display-component---NewPartner--assignmentsTable-0-vhi"},"wdio_ui5_key":"applicationmanagepartners-display-component---NewPartner--intercompVendorComboBox-application-managepartners-display-component---NewPartner--assignmentsTable-0-vhi"}]}
RESULT: {}
RESULT: {"script":"<script> [1562 bytes]","args":[{"selector":{"id":"application-managepartners-display-component---NewPartner--intercompVendorComboBox-application-managepartners-display-component---NewPartner--assignmentsTable-0-vhi"},"wdio_ui5_key":"applicationmanagepartners-display-component---NewPartner--intercompVendorComboBox-application-managepartners-display-component---NewPartner--assignmentsTable-0-vhi"}]}
RESULT: undefined
COMMAND: POST /session/0157ef9fabb145ee7fb2a1f3feebe51f/element - {"using":"xpath","value":"//*[@id=\"application-managepartners-display-component---NewPartner--intercompVendorComboBox-application-managepartners-display-component---NewPartner--assignmentsTable-0-vhi\"]"}
RESULT: {"using":"xpath","value":"//*[@id=\"application-managepartners-display-component---NewPartner--intercompVendorComboBox-application-managepartners-display-component---NewPartner--assignmentsTable-0-vhi\"]"}
COMMAND: POST /session/0157ef9fabb145ee7fb2a1f3feebe51f/element/f.2D1A903BB9B117B2180C998CF94CF722.d.7111BCD88A85B491425A9497B0B93F53.e.1609/click - {}
RESULT: {}
RESULT: undefined
COMMAND: POST /session/0157ef9fabb145ee7fb2a1f3feebe51f/execute/async - {"script":"<script> [776 bytes]","args":[{"enterText":"100005","selector":{"controlType":"sap.m.SearchField","properties":{"placeholder":"Search"},"searchOpenDialogs":true,"interaction":{"idSuffix":"I"}},"clearTextFirst":true,"interactionType":"ENTER_TEXT"}]}
COMMAND: GET /session/0157ef9fabb145ee7fb2a1f3feebe51f/screenshot - {}
RESULT: {"script":"<script> [776 bytes]","args":[{"enterText":"100005","selector":{"controlType":"sap.m.SearchField","properties":{"placeholder":"Search"},"searchOpenDialogs":true,"interaction":{"idSuffix":"I"}},"clearTextFirst":true,"interactionType":"ENTER_TEXT"}]}
COMMAND: POST /session/0157ef9fabb145ee7fb2a1f3feebe51f/actions - {"actions":[{"id":"action5","type":"key","parameters":{},"actions":[{"type":"keyDown","value":""},{"type":"pause","duration":10},{"type":"keyUp","value":""}]}]}
RESULT: {}
RESULT: {"actions":[{"id":"action5","type":"key","parameters":{},"actions":[{"type":"keyDown","value":""},{"type":"pause","duration":10},{"type":"keyUp","value":""}]}]}
COMMAND: GET /session/0157ef9fabb145ee7fb2a1f3feebe51f/screenshot - {}
RESULT: {}
COMMAND: POST /session/0157ef9fabb145ee7fb2a1f3feebe51f/element - {"using":"xpath","value":"//span[contains(text(), \"Penguins - Field/12345 Berlin\")]"}
RESULT: {"using":"xpath","value":"//span[contains(text(), \"Penguins - Field/12345 Berlin\")]"}
COMMAND: POST /session/0157ef9fabb145ee7fb2a1f3feebe51f/element/f.2D1A903BB9B117B2180C998CF94CF722.d.7111BCD88A85B491425A9497B0B93F53.e.1628/click - {}
RESULT: {}
COMMAND: GET /session/0157ef9fabb145ee7fb2a1f3feebe51f/screenshot - {}
RESULT: {}
COMMAND: POST /session/0157ef9fabb145ee7fb2a1f3feebe51f/element - {"using":"xpath","value":"//bdi[contains(text(), \"OK\")]"}
RESULT: {"using":"xpath","value":"//bdi[contains(text(), \"OK\")]"}
COMMAND: POST /session/0157ef9fabb145ee7fb2a1f3feebe51f/element/f.2D1A903BB9B117B2180C998CF94CF722.d.7111BCD88A85B491425A9497B0B93F53.e.1629/click - {}
RESULT: {}
COMMAND: GET /session/0157ef9fabb145ee7fb2a1f3feebe51f/screenshot - {}
RESULT: {}
COMMAND: POST /session/0157ef9fabb145ee7fb2a1f3feebe51f/element - {"using":"xpath","value":"//button[@data-kt=\"saveButton\"]"}
RESULT: {"using":"xpath","value":"//button[@data-kt=\"saveButton\"]"}
COMMAND: POST /session/0157ef9fabb145ee7fb2a1f3feebe51f/element/f.2D1A903BB9B117B2180C998CF94CF722.d.7111BCD88A85B491425A9497B0B93F53.e.1481/click - {}
RESULT: {}
COMMAND: GET /session/0157ef9fabb145ee7fb2a1f3feebe51f/screenshot - {}
RESULT: {}
COMMAND: POST /session/0157ef9fabb145ee7fb2a1f3feebe51f/element - {"using":"xpath","value":"//header[contains(@id, 'ObjectPageLayout-headerTitle')]/div[1]/div[2]/div[2]/span[1]"}
RESULT: {"using":"xpath","value":"//header[contains(@id, 'ObjectPageLayout-headerTitle')]/div[1]/div[2]/div[2]/span[1]"}
COMMAND: POST /session/0157ef9fabb145ee7fb2a1f3feebe51f/elements - {"using":"xpath","value":"//header[contains(@id, 'ObjectPageLayout-headerTitle')]/div[1]/div[2]/div[2]/span[1]"}
RESULT: {"using":"xpath","value":"//header[contains(@id, 'ObjectPageLayout-headerTitle')]/div[1]/div[2]/div[2]/span[1]"}
COMMAND: POST /session/0157ef9fabb145ee7fb2a1f3feebe51f/execute/sync - {"script":"<script> [56 bytes]","args":[{"element-6066-11e4-a52e-4f735466cecf":"f.2D1A903BB9B117B2180C998CF94CF722.d.7111BCD88A85B491425A9497B0B93F53.e.1795","ELEMENT":"f.2D1A903BB9B117B2180C998CF94CF722.d.7111BCD88A85B491425A9497B0B93F53.e.1795"}]}
RESULT: {"script":"<script> [56 bytes]","args":[{"element-6066-11e4-a52e-4f735466cecf":"f.2D1A903BB9B117B2180C998CF94CF722.d.7111BCD88A85B491425A9497B0B93F53.e.1795","ELEMENT":"f.2D1A903BB9B117B2180C998CF94CF722.d.7111BCD88A85B491425A9497B0B93F53.e.1795"}]}
COMMAND: POST /session/0157ef9fabb145ee7fb2a1f3feebe51f/element - {"using":"css selector","value":"#shell-header-logo"}
COMMAND: GET /session/0157ef9fabb145ee7fb2a1f3feebe51f/screenshot - {}
RESULT: {"using":"css selector","value":"#shell-header-logo"}
COMMAND: POST /session/0157ef9fabb145ee7fb2a1f3feebe51f/element/f.2D1A903BB9B117B2180C998CF94CF722.d.7111BCD88A85B491425A9497B0B93F53.e.1012/click - {}
RESULT: {}
RESULT: {}
COMMAND: GET /session/0157ef9fabb145ee7fb2a1f3feebe51f/screenshot - {}
RESULT: {}
COMMAND: POST /session/0157ef9fabb145ee7fb2a1f3feebe51f/execute/sync - {"script":"<script> [299 bytes]","args":[["getModel","getResource"]]}
RESULT: {"script":"<script> [299 bytes]","args":[["getModel","getResource"]]}
COMMAND: GET /session/0157ef9fabb145ee7fb2a1f3feebe51f/screenshot - {}
]]></system-out>
    </testcase>
    <testcase classname="chrome.135_0_7049_42.windows.Billing_confirm_US117289" name="Should create a new site" time="86.609">
      <system-out><![CDATA[
COMMAND: POST /session/0157ef9fabb145ee7fb2a1f3feebe51f/execute/async - {"script":"<script> [1562 bytes]","args":[{"selector":{"controlType":"sap.m.TileContent","bindingPath":{"path":"","propertyPath":"/properties/info"},"ancestor":{"controlType":"sap.m.GenericTile","properties":{"header":"Manage Sites"}}},"wdio_ui5_key":"sapm.TileContent{\"path\":\"\",\"propertyPath\":\"/properties/info\"}{\"controlType\":\"sap.m.GenericTile\",\"properties\":{\"header\":\"Manage Sites\"}}"}]}
RESULT: {}
RESULT: {"script":"<script> [1562 bytes]","args":[{"selector":{"controlType":"sap.m.TileContent","bindingPath":{"path":"","propertyPath":"/properties/info"},"ancestor":{"controlType":"sap.m.GenericTile","properties":{"header":"Manage Sites"}}},"wdio_ui5_key":"sapm.TileContent{\"path\":\"\",\"propertyPath\":\"/properties/info\"}{\"controlType\":\"sap.m.GenericTile\",\"properties\":{\"header\":\"Manage Sites\"}}"}]}
RESULT: undefined
COMMAND: POST /session/0157ef9fabb145ee7fb2a1f3feebe51f/element - {"using":"xpath","value":"//*[@id=\"__xmlview7--numericTileContent\"]"}
RESULT: {"using":"xpath","value":"//*[@id=\"__xmlview7--numericTileContent\"]"}
COMMAND: POST /session/0157ef9fabb145ee7fb2a1f3feebe51f/element/f.2D1A903BB9B117B2180C998CF94CF722.d.7111BCD88A85B491425A9497B0B93F53.e.1797/click - {}
RESULT: {}
COMMAND: POST /session/0157ef9fabb145ee7fb2a1f3feebe51f/element - {"using":"xpath","value":"//button[@data-kt=\"addOverflowToolbarButton\"]"}
COMMAND: GET /session/0157ef9fabb145ee7fb2a1f3feebe51f/screenshot - {}
RESULT: {"using":"xpath","value":"//button[@data-kt=\"addOverflowToolbarButton\"]"}
COMMAND: POST /session/0157ef9fabb145ee7fb2a1f3feebe51f/elements - {"using":"xpath","value":"//button[@data-kt=\"addOverflowToolbarButton\"]"}
RESULT: {}
RESULT: {"using":"xpath","value":"//button[@data-kt=\"addOverflowToolbarButton\"]"}
COMMAND: POST /session/0157ef9fabb145ee7fb2a1f3feebe51f/elements - {"using":"xpath","value":"//button[@data-kt=\"addOverflowToolbarButton\"]"}
RESULT: {"using":"xpath","value":"//button[@data-kt=\"addOverflowToolbarButton\"]"}
COMMAND: POST /session/0157ef9fabb145ee7fb2a1f3feebe51f/elements - {"using":"xpath","value":"//button[@data-kt=\"addOverflowToolbarButton\"]"}
RESULT: {"using":"xpath","value":"//button[@data-kt=\"addOverflowToolbarButton\"]"}
COMMAND: POST /session/0157ef9fabb145ee7fb2a1f3feebe51f/element - {"using":"xpath","value":"//button[@data-kt=\"addOverflowToolbarButton\"]"}
RESULT: {"using":"xpath","value":"//button[@data-kt=\"addOverflowToolbarButton\"]"}
COMMAND: POST /session/0157ef9fabb145ee7fb2a1f3feebe51f/execute/sync - {"script":"<script> [8489 bytes]","args":[{"element-6066-11e4-a52e-4f735466cecf":"f.2D1A903BB9B117B2180C998CF94CF722.d.7111BCD88A85B491425A9497B0B93F53.e.1843","ELEMENT":"f.2D1A903BB9B117B2180C998CF94CF722.d.7111BCD88A85B491425A9497B0B93F53.e.1843"}]}
RESULT: {"script":"<script> [8489 bytes]","args":[{"element-6066-11e4-a52e-4f735466cecf":"f.2D1A903BB9B117B2180C998CF94CF722.d.7111BCD88A85B491425A9497B0B93F53.e.1843","ELEMENT":"f.2D1A903BB9B117B2180C998CF94CF722.d.7111BCD88A85B491425A9497B0B93F53.e.1843"}]}
COMMAND: GET /session/0157ef9fabb145ee7fb2a1f3feebe51f/element/f.2D1A903BB9B117B2180C998CF94CF722.d.7111BCD88A85B491425A9497B0B93F53.e.1843/enabled - {}
COMMAND: GET /session/0157ef9fabb145ee7fb2a1f3feebe51f/screenshot - {}
RESULT: {}
COMMAND: POST /session/0157ef9fabb145ee7fb2a1f3feebe51f/execute/sync - {"script":"<script> [8489 bytes]","args":[{"element-6066-11e4-a52e-4f735466cecf":"f.2D1A903BB9B117B2180C998CF94CF722.d.7111BCD88A85B491425A9497B0B93F53.e.1843","ELEMENT":"f.2D1A903BB9B117B2180C998CF94CF722.d.7111BCD88A85B491425A9497B0B93F53.e.1843"}]}
COMMAND: GET /session/0157ef9fabb145ee7fb2a1f3feebe51f/screenshot - {}
RESULT: {}
RESULT: {"script":"<script> [8489 bytes]","args":[{"element-6066-11e4-a52e-4f735466cecf":"f.2D1A903BB9B117B2180C998CF94CF722.d.7111BCD88A85B491425A9497B0B93F53.e.1843","ELEMENT":"f.2D1A903BB9B117B2180C998CF94CF722.d.7111BCD88A85B491425A9497B0B93F53.e.1843"}]}
COMMAND: POST /session/0157ef9fabb145ee7fb2a1f3feebe51f/execute/sync - {"script":"<script> [5351 bytes]","args":[{"element-6066-11e4-a52e-4f735466cecf":"f.2D1A903BB9B117B2180C998CF94CF722.d.7111BCD88A85B491425A9497B0B93F53.e.1843","ELEMENT":"f.2D1A903BB9B117B2180C998CF94CF722.d.7111BCD88A85B491425A9497B0B93F53.e.1843"}]}
COMMAND: GET /session/0157ef9fabb145ee7fb2a1f3feebe51f/screenshot - {}
RESULT: {}
RESULT: {"script":"<script> [5351 bytes]","args":[{"element-6066-11e4-a52e-4f735466cecf":"f.2D1A903BB9B117B2180C998CF94CF722.d.7111BCD88A85B491425A9497B0B93F53.e.1843","ELEMENT":"f.2D1A903BB9B117B2180C998CF94CF722.d.7111BCD88A85B491425A9497B0B93F53.e.1843"}]}
COMMAND: POST /session/0157ef9fabb145ee7fb2a1f3feebe51f/element/f.2D1A903BB9B117B2180C998CF94CF722.d.7111BCD88A85B491425A9497B0B93F53.e.1843/click - {}
COMMAND: GET /session/0157ef9fabb145ee7fb2a1f3feebe51f/screenshot - {}
RESULT: {}
RESULT: {}
COMMAND: GET /session/0157ef9fabb145ee7fb2a1f3feebe51f/screenshot - {}
RESULT: {}
RESULT: {}
COMMAND: POST /session/0157ef9fabb145ee7fb2a1f3feebe51f/execute/async - {"script":"<script> [1562 bytes]","args":[{"selector":{"id":"application-managesites-display-component---NewSite--addressDetailDetailsName1","interaction":{"idSuffix":"inner"}},"wdio_ui5_key":"applicationmanagesites-display-component---NewSite--addressDetailDetailsName1"}]}
RESULT: {"script":"<script> [1562 bytes]","args":[{"selector":{"id":"application-managesites-display-component---NewSite--addressDetailDetailsName1","interaction":{"idSuffix":"inner"}},"wdio_ui5_key":"applicationmanagesites-display-component---NewSite--addressDetailDetailsName1"}]}
RESULT: undefined
COMMAND: POST /session/0157ef9fabb145ee7fb2a1f3feebe51f/execute/async - {"script":"<script> [776 bytes]","args":[{"enterText":"Intracompany Site wdIO","selector":{"id":"application-managesites-display-component---NewSite--addressDetailDetailsName1","interaction":{"idSuffix":"inner"}},"clearTextFirst":true,"interactionType":"ENTER_TEXT"}]}
RESULT: {"script":"<script> [776 bytes]","args":[{"enterText":"Intracompany Site wdIO","selector":{"id":"application-managesites-display-component---NewSite--addressDetailDetailsName1","interaction":{"idSuffix":"inner"}},"clearTextFirst":true,"interactionType":"ENTER_TEXT"}]}
COMMAND: POST /session/0157ef9fabb145ee7fb2a1f3feebe51f/execute/async - {"script":"<script> [1562 bytes]","args":[{"selector":{"id":"application-managesites-display-component---NewSite--addressDetailDetailsLanguage-arrow"},"wdio_ui5_key":"applicationmanagesites-display-component---NewSite--addressDetailDetailsLanguage-arrow"}]}
RESULT: {"script":"<script> [1562 bytes]","args":[{"selector":{"id":"application-managesites-display-component---NewSite--addressDetailDetailsLanguage-arrow"},"wdio_ui5_key":"applicationmanagesites-display-component---NewSite--addressDetailDetailsLanguage-arrow"}]}
RESULT: undefined
COMMAND: POST /session/0157ef9fabb145ee7fb2a1f3feebe51f/element - {"using":"xpath","value":"//*[@id=\"application-managesites-display-component---NewSite--addressDetailDetailsLanguage-arrow\"]"}
RESULT: {"using":"xpath","value":"//*[@id=\"application-managesites-display-component---NewSite--addressDetailDetailsLanguage-arrow\"]"}
COMMAND: POST /session/0157ef9fabb145ee7fb2a1f3feebe51f/element/f.2D1A903BB9B117B2180C998CF94CF722.d.7111BCD88A85B491425A9497B0B93F53.e.2463/click - {}
RESULT: {}
COMMAND: POST /session/0157ef9fabb145ee7fb2a1f3feebe51f/element - {"using":"xpath","value":"//span[contains(text(), \"English\")]"}
COMMAND: GET /session/0157ef9fabb145ee7fb2a1f3feebe51f/screenshot - {}
RESULT: {"using":"xpath","value":"//span[contains(text(), \"English\")]"}
COMMAND: POST /session/0157ef9fabb145ee7fb2a1f3feebe51f/element/f.2D1A903BB9B117B2180C998CF94CF722.d.7111BCD88A85B491425A9497B0B93F53.e.2464/click - {}
RESULT: {}
RESULT: {}
COMMAND: POST /session/0157ef9fabb145ee7fb2a1f3feebe51f/execute/async - {"script":"<script> [1562 bytes]","args":[{"selector":{"id":"application-managesites-display-component---NewSite--addressDetailDetailsCity1","interaction":{"idSuffix":"inner"}},"wdio_ui5_key":"applicationmanagesites-display-component---NewSite--addressDetailDetailsCity1"}]}
COMMAND: GET /session/0157ef9fabb145ee7fb2a1f3feebe51f/screenshot - {}
RESULT: {"script":"<script> [1562 bytes]","args":[{"selector":{"id":"application-managesites-display-component---NewSite--addressDetailDetailsCity1","interaction":{"idSuffix":"inner"}},"wdio_ui5_key":"applicationmanagesites-display-component---NewSite--addressDetailDetailsCity1"}]}
RESULT: undefined
COMMAND: POST /session/0157ef9fabb145ee7fb2a1f3feebe51f/execute/async - {"script":"<script> [776 bytes]","args":[{"enterText":"Rosario","selector":{"id":"application-managesites-display-component---NewSite--addressDetailDetailsCity1","interaction":{"idSuffix":"inner"}},"clearTextFirst":true,"interactionType":"ENTER_TEXT"}]}
RESULT: {}
RESULT: {"script":"<script> [776 bytes]","args":[{"enterText":"Rosario","selector":{"id":"application-managesites-display-component---NewSite--addressDetailDetailsCity1","interaction":{"idSuffix":"inner"}},"clearTextFirst":true,"interactionType":"ENTER_TEXT"}]}
COMMAND: POST /session/0157ef9fabb145ee7fb2a1f3feebe51f/execute/async - {"script":"<script> [1562 bytes]","args":[{"selector":{"id":"application-managesites-display-component---NewSite--addressDetailDetailsCountry-arrow"},"wdio_ui5_key":"applicationmanagesites-display-component---NewSite--addressDetailDetailsCountry-arrow"}]}
RESULT: {"script":"<script> [1562 bytes]","args":[{"selector":{"id":"application-managesites-display-component---NewSite--addressDetailDetailsCountry-arrow"},"wdio_ui5_key":"applicationmanagesites-display-component---NewSite--addressDetailDetailsCountry-arrow"}]}
RESULT: undefined
COMMAND: POST /session/0157ef9fabb145ee7fb2a1f3feebe51f/element - {"using":"xpath","value":"//*[@id=\"application-managesites-display-component---NewSite--addressDetailDetailsCountry-arrow\"]"}
RESULT: {"using":"xpath","value":"//*[@id=\"application-managesites-display-component---NewSite--addressDetailDetailsCountry-arrow\"]"}
COMMAND: POST /session/0157ef9fabb145ee7fb2a1f3feebe51f/element/f.2D1A903BB9B117B2180C998CF94CF722.d.7111BCD88A85B491425A9497B0B93F53.e.2466/click - {}
RESULT: {}
COMMAND: POST /session/0157ef9fabb145ee7fb2a1f3feebe51f/element - {"using":"xpath","value":"//span[contains(text(), \"Argentina\")]"}
COMMAND: GET /session/0157ef9fabb145ee7fb2a1f3feebe51f/screenshot - {}
RESULT: {"using":"xpath","value":"//span[contains(text(), \"Argentina\")]"}
COMMAND: POST /session/0157ef9fabb145ee7fb2a1f3feebe51f/element/f.2D1A903BB9B117B2180C998CF94CF722.d.7111BCD88A85B491425A9497B0B93F53.e.2467/click - {}
RESULT: {}
RESULT: {}
COMMAND: GET /session/0157ef9fabb145ee7fb2a1f3feebe51f/screenshot - {}
RESULT: {}
COMMAND: POST /session/0157ef9fabb145ee7fb2a1f3feebe51f/execute/async - {"script":"<script> [1562 bytes]","args":[{"selector":{"id":"application-managesites-display-component---NewSite--addressEditDetailsCostObjectCstType-arrow"},"wdio_ui5_key":"applicationmanagesites-display-component---NewSite--addressEditDetailsCostObjectCstType-arrow"}]}
RESULT: {"script":"<script> [1562 bytes]","args":[{"selector":{"id":"application-managesites-display-component---NewSite--addressEditDetailsCostObjectCstType-arrow"},"wdio_ui5_key":"applicationmanagesites-display-component---NewSite--addressEditDetailsCostObjectCstType-arrow"}]}
RESULT: undefined
COMMAND: POST /session/0157ef9fabb145ee7fb2a1f3feebe51f/element - {"using":"xpath","value":"//*[@id=\"application-managesites-display-component---NewSite--addressEditDetailsCostObjectCstType-arrow\"]"}
RESULT: {"using":"xpath","value":"//*[@id=\"application-managesites-display-component---NewSite--addressEditDetailsCostObjectCstType-arrow\"]"}
COMMAND: POST /session/0157ef9fabb145ee7fb2a1f3feebe51f/element/f.2D1A903BB9B117B2180C998CF94CF722.d.7111BCD88A85B491425A9497B0B93F53.e.2469/click - {}
RESULT: {}
COMMAND: POST /session/0157ef9fabb145ee7fb2a1f3feebe51f/element - {"using":"xpath","value":"//span[contains(text(), \"Cost Center\")]"}
COMMAND: GET /session/0157ef9fabb145ee7fb2a1f3feebe51f/screenshot - {}
RESULT: {"using":"xpath","value":"//span[contains(text(), \"Cost Center\")]"}
COMMAND: POST /session/0157ef9fabb145ee7fb2a1f3feebe51f/element/f.2D1A903BB9B117B2180C998CF94CF722.d.7111BCD88A85B491425A9497B0B93F53.e.2471/click - {}
RESULT: {}
RESULT: {}
COMMAND: GET /session/0157ef9fabb145ee7fb2a1f3feebe51f/screenshot - {}
RESULT: {}
COMMAND: POST /session/0157ef9fabb145ee7fb2a1f3feebe51f/element - {"using":"xpath","value":"//span[@id=\"application-managesites-display-component---NewSite--addressNewCostObjectCstID-vhi\"]"}
RESULT: {"using":"xpath","value":"//span[@id=\"application-managesites-display-component---NewSite--addressNewCostObjectCstID-vhi\"]"}
COMMAND: POST /session/0157ef9fabb145ee7fb2a1f3feebe51f/execute/sync - {"script":"<script> [8489 bytes]","args":[{"element-6066-11e4-a52e-4f735466cecf":"f.2D1A903BB9B117B2180C998CF94CF722.d.7111BCD88A85B491425A9497B0B93F53.e.2474","ELEMENT":"f.2D1A903BB9B117B2180C998CF94CF722.d.7111BCD88A85B491425A9497B0B93F53.e.2474"}]}
RESULT: {"script":"<script> [8489 bytes]","args":[{"element-6066-11e4-a52e-4f735466cecf":"f.2D1A903BB9B117B2180C998CF94CF722.d.7111BCD88A85B491425A9497B0B93F53.e.2474","ELEMENT":"f.2D1A903BB9B117B2180C998CF94CF722.d.7111BCD88A85B491425A9497B0B93F53.e.2474"}]}
COMMAND: POST /session/0157ef9fabb145ee7fb2a1f3feebe51f/execute/async - {"script":"<script> [1562 bytes]","args":[{"selector":{"id":"application-managesites-display-component---NewSite--addressNewCostObjectCstID-vhi"},"wdio_ui5_key":"applicationmanagesites-display-component---NewSite--addressNewCostObjectCstID-vhi"}]}
COMMAND: GET /session/0157ef9fabb145ee7fb2a1f3feebe51f/screenshot - {}
RESULT: {"script":"<script> [1562 bytes]","args":[{"selector":{"id":"application-managesites-display-component---NewSite--addressNewCostObjectCstID-vhi"},"wdio_ui5_key":"applicationmanagesites-display-component---NewSite--addressNewCostObjectCstID-vhi"}]}
RESULT: undefined
COMMAND: POST /session/0157ef9fabb145ee7fb2a1f3feebe51f/element - {"using":"xpath","value":"//*[@id=\"application-managesites-display-component---NewSite--addressNewCostObjectCstID-vhi\"]"}
RESULT: {}
RESULT: {"using":"xpath","value":"//*[@id=\"application-managesites-display-component---NewSite--addressNewCostObjectCstID-vhi\"]"}
COMMAND: POST /session/0157ef9fabb145ee7fb2a1f3feebe51f/element/f.2D1A903BB9B117B2180C998CF94CF722.d.7111BCD88A85B491425A9497B0B93F53.e.2474/click - {}
RESULT: {}
COMMAND: GET /session/0157ef9fabb145ee7fb2a1f3feebe51f/screenshot - {}
RESULT: {}
RESULT: undefined
COMMAND: POST /session/0157ef9fabb145ee7fb2a1f3feebe51f/execute/async - {"script":"<script> [776 bytes]","args":[{"enterText":"10001013","selector":{"controlType":"sap.m.SearchField","properties":{"placeholder":"Search"},"searchOpenDialogs":true,"interaction":{"idSuffix":"I"}},"clearTextFirst":true,"interactionType":"ENTER_TEXT"}]}
RESULT: {"script":"<script> [776 bytes]","args":[{"enterText":"10001013","selector":{"controlType":"sap.m.SearchField","properties":{"placeholder":"Search"},"searchOpenDialogs":true,"interaction":{"idSuffix":"I"}},"clearTextFirst":true,"interactionType":"ENTER_TEXT"}]}
COMMAND: POST /session/0157ef9fabb145ee7fb2a1f3feebe51f/actions - {"actions":[{"id":"action6","type":"key","parameters":{},"actions":[{"type":"keyDown","value":""},{"type":"pause","duration":10},{"type":"keyUp","value":""}]}]}
RESULT: {"actions":[{"id":"action6","type":"key","parameters":{},"actions":[{"type":"keyDown","value":""},{"type":"pause","duration":10},{"type":"keyUp","value":""}]}]}
COMMAND: GET /session/0157ef9fabb145ee7fb2a1f3feebe51f/screenshot - {}
RESULT: {}
COMMAND: POST /session/0157ef9fabb145ee7fb2a1f3feebe51f/element - {"using":"xpath","value":"//span[contains(text(), \"General Management\")]"}
RESULT: {"using":"xpath","value":"//span[contains(text(), \"General Management\")]"}
COMMAND: POST /session/0157ef9fabb145ee7fb2a1f3feebe51f/element/f.2D1A903BB9B117B2180C998CF94CF722.d.7111BCD88A85B491425A9497B0B93F53.e.2512/click - {}
RESULT: {}
COMMAND: GET /session/0157ef9fabb145ee7fb2a1f3feebe51f/screenshot - {}
RESULT: {}
COMMAND: POST /session/0157ef9fabb145ee7fb2a1f3feebe51f/element - {"using":"xpath","value":"//bdi[contains(text(), \"OK\")]"}
RESULT: {"using":"xpath","value":"//bdi[contains(text(), \"OK\")]"}
COMMAND: POST /session/0157ef9fabb145ee7fb2a1f3feebe51f/element/f.2D1A903BB9B117B2180C998CF94CF722.d.7111BCD88A85B491425A9497B0B93F53.e.2513/click - {}
RESULT: {}
COMMAND: GET /session/0157ef9fabb145ee7fb2a1f3feebe51f/screenshot - {}
RESULT: {}
COMMAND: POST /session/0157ef9fabb145ee7fb2a1f3feebe51f/element - {"using":"xpath","value":"//input[@id=\"application-managesites-display-component---NewSite--addressDetailDetailsCalendar-inner\"]"}
RESULT: {"using":"xpath","value":"//input[@id=\"application-managesites-display-component---NewSite--addressDetailDetailsCalendar-inner\"]"}
COMMAND: POST /session/0157ef9fabb145ee7fb2a1f3feebe51f/element/f.2D1A903BB9B117B2180C998CF94CF722.d.7111BCD88A85B491425A9497B0B93F53.e.2288/clear - {}
RESULT: {}
COMMAND: POST /session/0157ef9fabb145ee7fb2a1f3feebe51f/element/f.2D1A903BB9B117B2180C998CF94CF722.d.7111BCD88A85B491425A9497B0B93F53.e.2288/value - {"text":"Unit"}
COMMAND: GET /session/0157ef9fabb145ee7fb2a1f3feebe51f/screenshot - {}
RESULT: {"text":"Unit"}
COMMAND: GET /session/0157ef9fabb145ee7fb2a1f3feebe51f/screenshot - {}
RESULT: {}
RESULT: {}
COMMAND: POST /session/0157ef9fabb145ee7fb2a1f3feebe51f/actions - {"actions":[{"id":"action7","type":"key","parameters":{},"actions":[{"type":"keyDown","value":""},{"type":"pause","duration":10},{"type":"keyUp","value":""}]}]}
RESULT: {"actions":[{"id":"action7","type":"key","parameters":{},"actions":[{"type":"keyDown","value":""},{"type":"pause","duration":10},{"type":"keyUp","value":""}]}]}
COMMAND: POST /session/0157ef9fabb145ee7fb2a1f3feebe51f/element - {"using":"xpath","value":"//input[@id=\"application-managesites-display-component---NewSite--addressDetailDetailsYard-inner\"]"}
COMMAND: GET /session/0157ef9fabb145ee7fb2a1f3feebe51f/screenshot - {}
RESULT: {"using":"xpath","value":"//input[@id=\"application-managesites-display-component---NewSite--addressDetailDetailsYard-inner\"]"}
COMMAND: POST /session/0157ef9fabb145ee7fb2a1f3feebe51f/element/f.2D1A903BB9B117B2180C998CF94CF722.d.7111BCD88A85B491425A9497B0B93F53.e.2289/clear - {}
RESULT: {}
RESULT: {}
COMMAND: POST /session/0157ef9fabb145ee7fb2a1f3feebe51f/element/f.2D1A903BB9B117B2180C998CF94CF722.d.7111BCD88A85B491425A9497B0B93F53.e.2289/value - {"text":"469"}
COMMAND: GET /session/0157ef9fabb145ee7fb2a1f3feebe51f/screenshot - {}
RESULT: {"text":"469"}
COMMAND: GET /session/0157ef9fabb145ee7fb2a1f3feebe51f/screenshot - {}
RESULT: {}
RESULT: {}
COMMAND: POST /session/0157ef9fabb145ee7fb2a1f3feebe51f/element - {"using":"xpath","value":"//li[.//span[text()='469']]"}
RESULT: {"using":"xpath","value":"//li[.//span[text()='469']]"}
COMMAND: POST /session/0157ef9fabb145ee7fb2a1f3feebe51f/element/f.2D1A903BB9B117B2180C998CF94CF722.d.7111BCD88A85B491425A9497B0B93F53.e.2521/click - {}
RESULT: {}
COMMAND: GET /session/0157ef9fabb145ee7fb2a1f3feebe51f/screenshot - {}
RESULT: {}
COMMAND: POST /session/0157ef9fabb145ee7fb2a1f3feebe51f/element - {"using":"xpath","value":"//input[@id=\"application-managesites-display-component---NewSite--addressDetailDetailsPartner-inner\"]"}
RESULT: {"using":"xpath","value":"//input[@id=\"application-managesites-display-component---NewSite--addressDetailDetailsPartner-inner\"]"}
COMMAND: POST /session/0157ef9fabb145ee7fb2a1f3feebe51f/element - {"using":"xpath","value":"//input[@id=\"application-managesites-display-component---NewSite--addressDetailDetailsPartner-inner\"]"}
RESULT: {"using":"xpath","value":"//input[@id=\"application-managesites-display-component---NewSite--addressDetailDetailsPartner-inner\"]"}
COMMAND: POST /session/0157ef9fabb145ee7fb2a1f3feebe51f/element - {"using":"xpath","value":"//button[@data-kt=\"saveButton\"]"}
RESULT: {"using":"xpath","value":"//button[@data-kt=\"saveButton\"]"}
COMMAND: POST /session/0157ef9fabb145ee7fb2a1f3feebe51f/element/f.2D1A903BB9B117B2180C998CF94CF722.d.7111BCD88A85B491425A9497B0B93F53.e.2456/click - {}
RESULT: {}
COMMAND: GET /session/0157ef9fabb145ee7fb2a1f3feebe51f/screenshot - {}
RESULT: {}
COMMAND: POST /session/0157ef9fabb145ee7fb2a1f3feebe51f/element - {"using":"xpath","value":"//header[contains(@id, 'ObjectPageLayout-headerTitle')]/div[1]/div[2]/div[2]/span[1]"}
RESULT: {"using":"xpath","value":"//header[contains(@id, 'ObjectPageLayout-headerTitle')]/div[1]/div[2]/div[2]/span[1]"}
COMMAND: POST /session/0157ef9fabb145ee7fb2a1f3feebe51f/elements - {"using":"xpath","value":"//header[contains(@id, 'ObjectPageLayout-headerTitle')]/div[1]/div[2]/div[2]/span[1]"}
RESULT: {"using":"xpath","value":"//header[contains(@id, 'ObjectPageLayout-headerTitle')]/div[1]/div[2]/div[2]/span[1]"}
COMMAND: POST /session/0157ef9fabb145ee7fb2a1f3feebe51f/execute/sync - {"script":"<script> [56 bytes]","args":[{"element-6066-11e4-a52e-4f735466cecf":"f.2D1A903BB9B117B2180C998CF94CF722.d.7111BCD88A85B491425A9497B0B93F53.e.2724","ELEMENT":"f.2D1A903BB9B117B2180C998CF94CF722.d.7111BCD88A85B491425A9497B0B93F53.e.2724"}]}
RESULT: {"script":"<script> [56 bytes]","args":[{"element-6066-11e4-a52e-4f735466cecf":"f.2D1A903BB9B117B2180C998CF94CF722.d.7111BCD88A85B491425A9497B0B93F53.e.2724","ELEMENT":"f.2D1A903BB9B117B2180C998CF94CF722.d.7111BCD88A85B491425A9497B0B93F53.e.2724"}]}
COMMAND: POST /session/0157ef9fabb145ee7fb2a1f3feebe51f/element - {"using":"css selector","value":"#shell-header-logo"}
COMMAND: GET /session/0157ef9fabb145ee7fb2a1f3feebe51f/screenshot - {}
RESULT: {"using":"css selector","value":"#shell-header-logo"}
COMMAND: POST /session/0157ef9fabb145ee7fb2a1f3feebe51f/element/f.2D1A903BB9B117B2180C998CF94CF722.d.7111BCD88A85B491425A9497B0B93F53.e.1801/click - {}
RESULT: {}
RESULT: {}
COMMAND: GET /session/0157ef9fabb145ee7fb2a1f3feebe51f/screenshot - {}
RESULT: {}
COMMAND: POST /session/0157ef9fabb145ee7fb2a1f3feebe51f/execute/sync - {"script":"<script> [299 bytes]","args":[["getModel","getResource"]]}
RESULT: {"script":"<script> [299 bytes]","args":[["getModel","getResource"]]}
]]></system-out>
    </testcase>
    <testcase classname="chrome.135_0_7049_42.windows.Billing_confirm_US117289" name="Should create a new equipment" time="115.963">
      <system-out><![CDATA[
COMMAND: POST /session/0157ef9fabb145ee7fb2a1f3feebe51f/execute/async - {"script":"<script> [1562 bytes]","args":[{"selector":{"controlType":"sap.m.GenericTile","properties":{"header":"Manage Resources"}},"wdio_ui5_key":"sapm.GenericTile{\"header\":\"Manage Resources\"}"}]}
COMMAND: GET /session/0157ef9fabb145ee7fb2a1f3feebe51f/screenshot - {}
RESULT: {"script":"<script> [1562 bytes]","args":[{"selector":{"controlType":"sap.m.GenericTile","properties":{"header":"Manage Resources"}},"wdio_ui5_key":"sapm.GenericTile{\"header\":\"Manage Resources\"}"}]}
RESULT: undefined
COMMAND: POST /session/0157ef9fabb145ee7fb2a1f3feebe51f/element - {"using":"xpath","value":"//*[@id=\"__tile39\"]"}
RESULT: {}
RESULT: {"using":"xpath","value":"//*[@id=\"__tile39\"]"}
COMMAND: POST /session/0157ef9fabb145ee7fb2a1f3feebe51f/element/f.2D1A903BB9B117B2180C998CF94CF722.d.7111BCD88A85B491425A9497B0B93F53.e.155/click - {}
RESULT: {}
COMMAND: POST /session/0157ef9fabb145ee7fb2a1f3feebe51f/element - {"using":"xpath","value":"//button[@data-kt=\"addNewRUOverflowToolbarButton\"]"}
COMMAND: GET /session/0157ef9fabb145ee7fb2a1f3feebe51f/screenshot - {}
RESULT: {"using":"xpath","value":"//button[@data-kt=\"addNewRUOverflowToolbarButton\"]"}
COMMAND: POST /session/0157ef9fabb145ee7fb2a1f3feebe51f/elements - {"using":"xpath","value":"//button[@data-kt=\"addNewRUOverflowToolbarButton\"]"}
RESULT: {}
RESULT: {"using":"xpath","value":"//button[@data-kt=\"addNewRUOverflowToolbarButton\"]"}
COMMAND: POST /session/0157ef9fabb145ee7fb2a1f3feebe51f/elements - {"using":"xpath","value":"//button[@data-kt=\"addNewRUOverflowToolbarButton\"]"}
RESULT: {"using":"xpath","value":"//button[@data-kt=\"addNewRUOverflowToolbarButton\"]"}
COMMAND: POST /session/0157ef9fabb145ee7fb2a1f3feebe51f/elements - {"using":"xpath","value":"//button[@data-kt=\"addNewRUOverflowToolbarButton\"]"}
RESULT: undefined
RESULT: undefined
RESULT: {"using":"xpath","value":"//button[@data-kt=\"addNewRUOverflowToolbarButton\"]"}
COMMAND: POST /session/0157ef9fabb145ee7fb2a1f3feebe51f/element - {"using":"xpath","value":"//button[@data-kt=\"addNewRUOverflowToolbarButton\"]"}
RESULT: {"using":"xpath","value":"//button[@data-kt=\"addNewRUOverflowToolbarButton\"]"}
COMMAND: POST /session/0157ef9fabb145ee7fb2a1f3feebe51f/execute/sync - {"script":"<script> [8489 bytes]","args":[{"element-6066-11e4-a52e-4f735466cecf":"f.2D1A903BB9B117B2180C998CF94CF722.d.7111BCD88A85B491425A9497B0B93F53.e.2767","ELEMENT":"f.2D1A903BB9B117B2180C998CF94CF722.d.7111BCD88A85B491425A9497B0B93F53.e.2767"}]}
RESULT: {"script":"<script> [8489 bytes]","args":[{"element-6066-11e4-a52e-4f735466cecf":"f.2D1A903BB9B117B2180C998CF94CF722.d.7111BCD88A85B491425A9497B0B93F53.e.2767","ELEMENT":"f.2D1A903BB9B117B2180C998CF94CF722.d.7111BCD88A85B491425A9497B0B93F53.e.2767"}]}
COMMAND: GET /session/0157ef9fabb145ee7fb2a1f3feebe51f/element/f.2D1A903BB9B117B2180C998CF94CF722.d.7111BCD88A85B491425A9497B0B93F53.e.2767/enabled - {}
COMMAND: GET /session/0157ef9fabb145ee7fb2a1f3feebe51f/screenshot - {}
RESULT: {}
COMMAND: POST /session/0157ef9fabb145ee7fb2a1f3feebe51f/execute/sync - {"script":"<script> [8489 bytes]","args":[{"element-6066-11e4-a52e-4f735466cecf":"f.2D1A903BB9B117B2180C998CF94CF722.d.7111BCD88A85B491425A9497B0B93F53.e.2767","ELEMENT":"f.2D1A903BB9B117B2180C998CF94CF722.d.7111BCD88A85B491425A9497B0B93F53.e.2767"}]}
COMMAND: GET /session/0157ef9fabb145ee7fb2a1f3feebe51f/screenshot - {}
RESULT: {}
RESULT: {"script":"<script> [8489 bytes]","args":[{"element-6066-11e4-a52e-4f735466cecf":"f.2D1A903BB9B117B2180C998CF94CF722.d.7111BCD88A85B491425A9497B0B93F53.e.2767","ELEMENT":"f.2D1A903BB9B117B2180C998CF94CF722.d.7111BCD88A85B491425A9497B0B93F53.e.2767"}]}
COMMAND: POST /session/0157ef9fabb145ee7fb2a1f3feebe51f/execute/sync - {"script":"<script> [5351 bytes]","args":[{"element-6066-11e4-a52e-4f735466cecf":"f.2D1A903BB9B117B2180C998CF94CF722.d.7111BCD88A85B491425A9497B0B93F53.e.2767","ELEMENT":"f.2D1A903BB9B117B2180C998CF94CF722.d.7111BCD88A85B491425A9497B0B93F53.e.2767"}]}
COMMAND: GET /session/0157ef9fabb145ee7fb2a1f3feebe51f/screenshot - {}
RESULT: {}
RESULT: {"script":"<script> [5351 bytes]","args":[{"element-6066-11e4-a52e-4f735466cecf":"f.2D1A903BB9B117B2180C998CF94CF722.d.7111BCD88A85B491425A9497B0B93F53.e.2767","ELEMENT":"f.2D1A903BB9B117B2180C998CF94CF722.d.7111BCD88A85B491425A9497B0B93F53.e.2767"}]}
COMMAND: POST /session/0157ef9fabb145ee7fb2a1f3feebe51f/element/f.2D1A903BB9B117B2180C998CF94CF722.d.7111BCD88A85B491425A9497B0B93F53.e.2767/click - {}
COMMAND: GET /session/0157ef9fabb145ee7fb2a1f3feebe51f/screenshot - {}
RESULT: {}
RESULT: {}
COMMAND: GET /session/0157ef9fabb145ee7fb2a1f3feebe51f/screenshot - {}
COMMAND: POST /session/0157ef9fabb145ee7fb2a1f3feebe51f/execute/async - {"script":"<script> [1562 bytes]","args":[{"selector":{"id":"application-manageresources-display-component---newResourceUnit--TYPE-arrow"},"wdio_ui5_key":"applicationmanageresources-display-component---newResourceUnit--TYPE-arrow"}]}
RESULT: {}
RESULT: {}
RESULT: {"script":"<script> [1562 bytes]","args":[{"selector":{"id":"application-manageresources-display-component---newResourceUnit--TYPE-arrow"},"wdio_ui5_key":"applicationmanageresources-display-component---newResourceUnit--TYPE-arrow"}]}
RESULT: undefined
COMMAND: POST /session/0157ef9fabb145ee7fb2a1f3feebe51f/element - {"using":"xpath","value":"//*[@id=\"application-manageresources-display-component---newResourceUnit--TYPE-arrow\"]"}
RESULT: {"using":"xpath","value":"//*[@id=\"application-manageresources-display-component---newResourceUnit--TYPE-arrow\"]"}
COMMAND: POST /session/0157ef9fabb145ee7fb2a1f3feebe51f/element/f.2D1A903BB9B117B2180C998CF94CF722.d.7111BCD88A85B491425A9497B0B93F53.e.3123/click - {}
RESULT: {}
COMMAND: POST /session/0157ef9fabb145ee7fb2a1f3feebe51f/element - {"using":"xpath","value":"//input[@id=\"application-manageresources-display-component---newResourceUnit--TYPE-inner\"]"}
COMMAND: GET /session/0157ef9fabb145ee7fb2a1f3feebe51f/screenshot - {}
RESULT: {"using":"xpath","value":"//input[@id=\"application-manageresources-display-component---newResourceUnit--TYPE-inner\"]"}
COMMAND: POST /session/0157ef9fabb145ee7fb2a1f3feebe51f/element/f.2D1A903BB9B117B2180C998CF94CF722.d.7111BCD88A85B491425A9497B0B93F53.e.3108/clear - {}
RESULT: {}
RESULT: {}
COMMAND: POST /session/0157ef9fabb145ee7fb2a1f3feebe51f/element/f.2D1A903BB9B117B2180C998CF94CF722.d.7111BCD88A85B491425A9497B0B93F53.e.3108/value - {"text":"Equipment"}
COMMAND: GET /session/0157ef9fabb145ee7fb2a1f3feebe51f/screenshot - {}
RESULT: {"text":"Equipment"}
COMMAND: GET /session/0157ef9fabb145ee7fb2a1f3feebe51f/screenshot - {}
RESULT: {}
RESULT: {}
COMMAND: POST /session/0157ef9fabb145ee7fb2a1f3feebe51f/actions - {"actions":[{"id":"action8","type":"key","parameters":{},"actions":[{"type":"keyDown","value":""},{"type":"pause","duration":10},{"type":"keyUp","value":""}]}]}
RESULT: {"actions":[{"id":"action8","type":"key","parameters":{},"actions":[{"type":"keyDown","value":""},{"type":"pause","duration":10},{"type":"keyUp","value":""}]}]}
COMMAND: POST /session/0157ef9fabb145ee7fb2a1f3feebe51f/execute/async - {"script":"<script> [1562 bytes]","args":[{"selector":{"id":"application-manageresources-display-component---newResourceUnit--resourceId","interaction":{"idSuffix":"inner"}},"wdio_ui5_key":"applicationmanageresources-display-component---newResourceUnit--resourceId"}]}
COMMAND: GET /session/0157ef9fabb145ee7fb2a1f3feebe51f/screenshot - {}
RESULT: {"script":"<script> [1562 bytes]","args":[{"selector":{"id":"application-manageresources-display-component---newResourceUnit--resourceId","interaction":{"idSuffix":"inner"}},"wdio_ui5_key":"applicationmanageresources-display-component---newResourceUnit--resourceId"}]}
RESULT: undefined
COMMAND: POST /session/0157ef9fabb145ee7fb2a1f3feebe51f/execute/async - {"script":"<script> [776 bytes]","args":[{"enterText":"fmhdRX9E3I","selector":{"id":"application-manageresources-display-component---newResourceUnit--resourceId","interaction":{"idSuffix":"inner"}},"clearTextFirst":true,"interactionType":"ENTER_TEXT"}]}
RESULT: {}
RESULT: {"script":"<script> [776 bytes]","args":[{"enterText":"fmhdRX9E3I","selector":{"id":"application-manageresources-display-component---newResourceUnit--resourceId","interaction":{"idSuffix":"inner"}},"clearTextFirst":true,"interactionType":"ENTER_TEXT"}]}
COMMAND: POST /session/0157ef9fabb145ee7fb2a1f3feebe51f/execute/async - {"script":"<script> [1562 bytes]","args":[{"selector":{"id":"application-manageresources-display-component---newResourceUnit--SHORT_TEXT","interaction":{"idSuffix":"inner"}},"wdio_ui5_key":"applicationmanageresources-display-component---newResourceUnit--SHORT_TEXT"}]}
RESULT: {"script":"<script> [1562 bytes]","args":[{"selector":{"id":"application-manageresources-display-component---newResourceUnit--SHORT_TEXT","interaction":{"idSuffix":"inner"}},"wdio_ui5_key":"applicationmanageresources-display-component---newResourceUnit--SHORT_TEXT"}]}
RESULT: undefined
COMMAND: POST /session/0157ef9fabb145ee7fb2a1f3feebe51f/execute/async - {"script":"<script> [776 bytes]","args":[{"enterText":"Intercompany Equipment WDIO","selector":{"id":"application-manageresources-display-component---newResourceUnit--SHORT_TEXT","interaction":{"idSuffix":"inner"}},"clearTextFirst":true,"interactionType":"ENTER_TEXT"}]}
RESULT: {"script":"<script> [776 bytes]","args":[{"enterText":"Intercompany Equipment WDIO","selector":{"id":"application-manageresources-display-component---newResourceUnit--SHORT_TEXT","interaction":{"idSuffix":"inner"}},"clearTextFirst":true,"interactionType":"ENTER_TEXT"}]}
COMMAND: POST /session/0157ef9fabb145ee7fb2a1f3feebe51f/execute/async - {"script":"<script> [1562 bytes]","args":[{"selector":{"id":"application-manageresources-display-component---newResourceUnit--BASE_UNIT_OF_MEASURE","interaction":{"idSuffix":"inner"}},"wdio_ui5_key":"applicationmanageresources-display-component---newResourceUnit--BASE_UNIT_OF_MEASURE"}]}
RESULT: {"script":"<script> [1562 bytes]","args":[{"selector":{"id":"application-manageresources-display-component---newResourceUnit--BASE_UNIT_OF_MEASURE","interaction":{"idSuffix":"inner"}},"wdio_ui5_key":"applicationmanageresources-display-component---newResourceUnit--BASE_UNIT_OF_MEASURE"}]}
RESULT: undefined
COMMAND: POST /session/0157ef9fabb145ee7fb2a1f3feebe51f/execute/async - {"script":"<script> [776 bytes]","args":[{"enterText":"Piece","selector":{"id":"application-manageresources-display-component---newResourceUnit--BASE_UNIT_OF_MEASURE","interaction":{"idSuffix":"inner"}},"clearTextFirst":true,"interactionType":"ENTER_TEXT"}]}
RESULT: {"script":"<script> [776 bytes]","args":[{"enterText":"Piece","selector":{"id":"application-manageresources-display-component---newResourceUnit--BASE_UNIT_OF_MEASURE","interaction":{"idSuffix":"inner"}},"clearTextFirst":true,"interactionType":"ENTER_TEXT"}]}
COMMAND: POST /session/0157ef9fabb145ee7fb2a1f3feebe51f/execute/async - {"script":"<script> [1562 bytes]","args":[{"selector":{"id":"application-manageresources-display-component---newResourceUnit--WEIGHT_UNIT","interaction":{"idSuffix":"inner"}},"wdio_ui5_key":"applicationmanageresources-display-component---newResourceUnit--WEIGHT_UNIT"}]}
RESULT: {"script":"<script> [1562 bytes]","args":[{"selector":{"id":"application-manageresources-display-component---newResourceUnit--WEIGHT_UNIT","interaction":{"idSuffix":"inner"}},"wdio_ui5_key":"applicationmanageresources-display-component---newResourceUnit--WEIGHT_UNIT"}]}
RESULT: undefined
COMMAND: POST /session/0157ef9fabb145ee7fb2a1f3feebe51f/execute/async - {"script":"<script> [776 bytes]","args":[{"enterText":"Gram","selector":{"id":"application-manageresources-display-component---newResourceUnit--WEIGHT_UNIT","interaction":{"idSuffix":"inner"}},"clearTextFirst":true,"interactionType":"ENTER_TEXT"}]}
RESULT: {"script":"<script> [776 bytes]","args":[{"enterText":"Gram","selector":{"id":"application-manageresources-display-component---newResourceUnit--WEIGHT_UNIT","interaction":{"idSuffix":"inner"}},"clearTextFirst":true,"interactionType":"ENTER_TEXT"}]}
COMMAND: POST /session/0157ef9fabb145ee7fb2a1f3feebe51f/execute/async - {"script":"<script> [1562 bytes]","args":[{"selector":{"id":"application-manageresources-display-component---newResourceUnit--DIMENSION_UNIT","interaction":{"idSuffix":"inner"}},"wdio_ui5_key":"applicationmanageresources-display-component---newResourceUnit--DIMENSION_UNIT"}]}
RESULT: {"script":"<script> [1562 bytes]","args":[{"selector":{"id":"application-manageresources-display-component---newResourceUnit--DIMENSION_UNIT","interaction":{"idSuffix":"inner"}},"wdio_ui5_key":"applicationmanageresources-display-component---newResourceUnit--DIMENSION_UNIT"}]}
RESULT: undefined
COMMAND: POST /session/0157ef9fabb145ee7fb2a1f3feebe51f/execute/async - {"script":"<script> [776 bytes]","args":[{"enterText":"Meter","selector":{"id":"application-manageresources-display-component---newResourceUnit--DIMENSION_UNIT","interaction":{"idSuffix":"inner"}},"clearTextFirst":true,"interactionType":"ENTER_TEXT"}]}
RESULT: {"script":"<script> [776 bytes]","args":[{"enterText":"Meter","selector":{"id":"application-manageresources-display-component---newResourceUnit--DIMENSION_UNIT","interaction":{"idSuffix":"inner"}},"clearTextFirst":true,"interactionType":"ENTER_TEXT"}]}
COMMAND: POST /session/0157ef9fabb145ee7fb2a1f3feebe51f/execute/async - {"script":"<script> [1562 bytes]","args":[{"selector":{"id":"application-manageresources-display-component---newResourceUnit--newRRUPage-anchBar-application-manageresources-display-component---newResourceUnit--control-anchor","interaction":{"idSuffix":"BDI-content"}},"wdio_ui5_key":"applicationmanageresources-display-component---newResourceUnit--newRRUPage-anchBar-application-manageresources-display-component---newResourceUnit--control-anchor"}]}
RESULT: {"script":"<script> [1562 bytes]","args":[{"selector":{"id":"application-manageresources-display-component---newResourceUnit--newRRUPage-anchBar-application-manageresources-display-component---newResourceUnit--control-anchor","interaction":{"idSuffix":"BDI-content"}},"wdio_ui5_key":"applicationmanageresources-display-component---newResourceUnit--newRRUPage-anchBar-application-manageresources-display-component---newResourceUnit--control-anchor"}]}
RESULT: undefined
COMMAND: POST /session/0157ef9fabb145ee7fb2a1f3feebe51f/element - {"using":"xpath","value":"//*[@id=\"application-manageresources-display-component---newResourceUnit--newRRUPage-anchBar-application-manageresources-display-component---newResourceUnit--control-anchor\"]"}
RESULT: {"using":"xpath","value":"//*[@id=\"application-manageresources-display-component---newResourceUnit--newRRUPage-anchBar-application-manageresources-display-component---newResourceUnit--control-anchor\"]"}
COMMAND: POST /session/0157ef9fabb145ee7fb2a1f3feebe51f/element/f.2D1A903BB9B117B2180C998CF94CF722.d.7111BCD88A85B491425A9497B0B93F53.e.3256/click - {}
RESULT: {}
COMMAND: POST /session/0157ef9fabb145ee7fb2a1f3feebe51f/execute/async - {"script":"<script> [1562 bytes]","args":[{"selector":{"id":"application-manageresources-display-component---newResourceUnit--PLANNING_GROUP","interaction":{"idSuffix":"inner"}},"wdio_ui5_key":"applicationmanageresources-display-component---newResourceUnit--PLANNING_GROUP"}]}
COMMAND: GET /session/0157ef9fabb145ee7fb2a1f3feebe51f/screenshot - {}
RESULT: {"script":"<script> [1562 bytes]","args":[{"selector":{"id":"application-manageresources-display-component---newResourceUnit--PLANNING_GROUP","interaction":{"idSuffix":"inner"}},"wdio_ui5_key":"applicationmanageresources-display-component---newResourceUnit--PLANNING_GROUP"}]}
RESULT: undefined
COMMAND: POST /session/0157ef9fabb145ee7fb2a1f3feebe51f/execute/async - {"script":"<script> [776 bytes]","args":[{"enterText":"Heavy Equi","selector":{"id":"application-manageresources-display-component---newResourceUnit--PLANNING_GROUP","interaction":{"idSuffix":"inner"}},"clearTextFirst":true,"interactionType":"ENTER_TEXT"}]}
RESULT: {}
RESULT: {"script":"<script> [776 bytes]","args":[{"enterText":"Heavy Equi","selector":{"id":"application-manageresources-display-component---newResourceUnit--PLANNING_GROUP","interaction":{"idSuffix":"inner"}},"clearTextFirst":true,"interactionType":"ENTER_TEXT"}]}
COMMAND: POST /session/0157ef9fabb145ee7fb2a1f3feebe51f/execute/async - {"script":"<script> [1562 bytes]","args":[{"selector":{"id":"application-manageresources-display-component---newResourceUnit--ITEM_TYPE-arrow"},"wdio_ui5_key":"applicationmanageresources-display-component---newResourceUnit--ITEM_TYPE-arrow"}]}
RESULT: {"script":"<script> [1562 bytes]","args":[{"selector":{"id":"application-manageresources-display-component---newResourceUnit--ITEM_TYPE-arrow"},"wdio_ui5_key":"applicationmanageresources-display-component---newResourceUnit--ITEM_TYPE-arrow"}]}
RESULT: undefined
COMMAND: POST /session/0157ef9fabb145ee7fb2a1f3feebe51f/element - {"using":"xpath","value":"//*[@id=\"application-manageresources-display-component---newResourceUnit--ITEM_TYPE-arrow\"]"}
RESULT: {"using":"xpath","value":"//*[@id=\"application-manageresources-display-component---newResourceUnit--ITEM_TYPE-arrow\"]"}
COMMAND: POST /session/0157ef9fabb145ee7fb2a1f3feebe51f/element/f.2D1A903BB9B117B2180C998CF94CF722.d.7111BCD88A85B491425A9497B0B93F53.e.3263/click - {}
RESULT: {}
COMMAND: POST /session/0157ef9fabb145ee7fb2a1f3feebe51f/element - {"using":"xpath","value":"(//span[contains(text(), \"Resource Unit\")])[2]"}
COMMAND: GET /session/0157ef9fabb145ee7fb2a1f3feebe51f/screenshot - {}
RESULT: {"using":"xpath","value":"(//span[contains(text(), \"Resource Unit\")])[2]"}
COMMAND: POST /session/0157ef9fabb145ee7fb2a1f3feebe51f/element/f.2D1A903BB9B117B2180C998CF94CF722.d.7111BCD88A85B491425A9497B0B93F53.e.3264/click - {}
RESULT: {}
RESULT: {}
COMMAND: GET /session/0157ef9fabb145ee7fb2a1f3feebe51f/screenshot - {}
RESULT: {}
COMMAND: POST /session/0157ef9fabb145ee7fb2a1f3feebe51f/element - {"using":"css selector","value":"#application-manageresources-display-component---newResourceUnit--btnAddTimeSegment"}
RESULT: {"using":"css selector","value":"#application-manageresources-display-component---newResourceUnit--btnAddTimeSegment"}
COMMAND: GET /session/0157ef9fabb145ee7fb2a1f3feebe51f/element/f.2D1A903BB9B117B2180C998CF94CF722.d.7111BCD88A85B491425A9497B0B93F53.e.3265/rect - {}
RESULT: {}
COMMAND: GET /session/0157ef9fabb145ee7fb2a1f3feebe51f/window/rect - {}
RESULT: {}
COMMAND: POST /session/0157ef9fabb145ee7fb2a1f3feebe51f/execute/sync - {"script":"<script> [92 bytes]","args":[]}
RESULT: {"script":"<script> [92 bytes]","args":[]}
COMMAND: POST /session/0157ef9fabb145ee7fb2a1f3feebe51f/actions - {"actions":[{"id":"action9","type":"wheel","parameters":{},"actions":[{"type":"scroll","x":-1888,"y":-32,"deltaX":0,"deltaY":0,"duration":0,"origin":{"element-6066-11e4-a52e-4f735466cecf":"f.2D1A903BB9B117B2180C998CF94CF722.d.7111BCD88A85B491425A9497B0B93F53.e.3265"}}]}]}
COMMAND: GET /session/0157ef9fabb145ee7fb2a1f3feebe51f/screenshot - {}
RESULT: {}
COMMAND: POST /session/0157ef9fabb145ee7fb2a1f3feebe51f/execute/sync - {"script":"<script> [79 bytes]","args":[{"element-6066-11e4-a52e-4f735466cecf":"f.2D1A903BB9B117B2180C998CF94CF722.d.7111BCD88A85B491425A9497B0B93F53.e.3265","ELEMENT":"f.2D1A903BB9B117B2180C998CF94CF722.d.7111BCD88A85B491425A9497B0B93F53.e.3265"},{"block":"start","inline":"nearest"}]}
RESULT: {"script":"<script> [79 bytes]","args":[{"element-6066-11e4-a52e-4f735466cecf":"f.2D1A903BB9B117B2180C998CF94CF722.d.7111BCD88A85B491425A9497B0B93F53.e.3265","ELEMENT":"f.2D1A903BB9B117B2180C998CF94CF722.d.7111BCD88A85B491425A9497B0B93F53.e.3265"},{"block":"start","inline":"nearest"}]}
COMMAND: POST /session/0157ef9fabb145ee7fb2a1f3feebe51f/execute/async - {"script":"<script> [1562 bytes]","args":[{"selector":{"id":"application-manageresources-display-component---newResourceUnit--btnAddTimeSegment","interaction":{"idSuffix":"inner"}},"wdio_ui5_key":"applicationmanageresources-display-component---newResourceUnit--btnAddTimeSegment"}]}
COMMAND: GET /session/0157ef9fabb145ee7fb2a1f3feebe51f/screenshot - {}
RESULT: {"script":"<script> [1562 bytes]","args":[{"selector":{"id":"application-manageresources-display-component---newResourceUnit--btnAddTimeSegment","interaction":{"idSuffix":"inner"}},"wdio_ui5_key":"applicationmanageresources-display-component---newResourceUnit--btnAddTimeSegment"}]}
RESULT: undefined
COMMAND: POST /session/0157ef9fabb145ee7fb2a1f3feebe51f/element - {"using":"xpath","value":"//*[@id=\"application-manageresources-display-component---newResourceUnit--btnAddTimeSegment\"]"}
RESULT: {}
RESULT: {"using":"xpath","value":"//*[@id=\"application-manageresources-display-component---newResourceUnit--btnAddTimeSegment\"]"}
COMMAND: POST /session/0157ef9fabb145ee7fb2a1f3feebe51f/element/f.2D1A903BB9B117B2180C998CF94CF722.d.7111BCD88A85B491425A9497B0B93F53.e.3265/click - {}
RESULT: {}
COMMAND: GET /session/0157ef9fabb145ee7fb2a1f3feebe51f/screenshot - {}
RESULT: {}
COMMAND: POST /session/0157ef9fabb145ee7fb2a1f3feebe51f/element - {"using":"xpath","value":"//input[@id=\"application-manageresources-display-component---newResourceUnit--idRuTSAdmin-application-manageresources-display-component---newResourceUnit--RUTimeSegment-0-inner\"]"}
RESULT: {"using":"xpath","value":"//input[@id=\"application-manageresources-display-component---newResourceUnit--idRuTSAdmin-application-manageresources-display-component---newResourceUnit--RUTimeSegment-0-inner\"]"}
COMMAND: POST /session/0157ef9fabb145ee7fb2a1f3feebe51f/element/f.2D1A903BB9B117B2180C998CF94CF722.d.7111BCD88A85B491425A9497B0B93F53.e.3271/clear - {}
RESULT: {}
COMMAND: POST /session/0157ef9fabb145ee7fb2a1f3feebe51f/element/f.2D1A903BB9B117B2180C998CF94CF722.d.7111BCD88A85B491425A9497B0B93F53.e.3271/value - {"text":"469"}
COMMAND: GET /session/0157ef9fabb145ee7fb2a1f3feebe51f/screenshot - {}
RESULT: {"text":"469"}
COMMAND: GET /session/0157ef9fabb145ee7fb2a1f3feebe51f/screenshot - {}
RESULT: {}
RESULT: {}
COMMAND: POST /session/0157ef9fabb145ee7fb2a1f3feebe51f/element - {"using":"xpath","value":"//li[.//span[text()='469']]"}
RESULT: {"using":"xpath","value":"//li[.//span[text()='469']]"}
COMMAND: POST /session/0157ef9fabb145ee7fb2a1f3feebe51f/element/f.2D1A903BB9B117B2180C998CF94CF722.d.7111BCD88A85B491425A9497B0B93F53.e.3283/click - {}
RESULT: {}
COMMAND: GET /session/0157ef9fabb145ee7fb2a1f3feebe51f/screenshot - {}
RESULT: {}
COMMAND: POST /session/0157ef9fabb145ee7fb2a1f3feebe51f/element - {"using":"xpath","value":"(//span[contains(@id, \"-application-manageresources-display-component---newResourceUnit--RUTimeSegment-0-arrow\")])[6]"}
RESULT: {"using":"xpath","value":"(//span[contains(@id, \"-application-manageresources-display-component---newResourceUnit--RUTimeSegment-0-arrow\")])[6]"}
COMMAND: POST /session/0157ef9fabb145ee7fb2a1f3feebe51f/element/f.2D1A903BB9B117B2180C998CF94CF722.d.7111BCD88A85B491425A9497B0B93F53.e.3284/click - {}
RESULT: {}
COMMAND: POST /session/0157ef9fabb145ee7fb2a1f3feebe51f/element - {"using":"xpath","value":"//span[contains(text(), \"PM Order\")]"}
COMMAND: GET /session/0157ef9fabb145ee7fb2a1f3feebe51f/screenshot - {}
RESULT: {"using":"xpath","value":"//span[contains(text(), \"PM Order\")]"}
COMMAND: POST /session/0157ef9fabb145ee7fb2a1f3feebe51f/element/f.2D1A903BB9B117B2180C998CF94CF722.d.7111BCD88A85B491425A9497B0B93F53.e.3287/click - {}
RESULT: {}
RESULT: {}
COMMAND: GET /session/0157ef9fabb145ee7fb2a1f3feebe51f/screenshot - {}
RESULT: {}
COMMAND: POST /session/0157ef9fabb145ee7fb2a1f3feebe51f/element - {"using":"xpath","value":"(//span[contains(@id ,\"manageresources-display-component---newResourceUnit--RUTimeSegment-0-vhi\")])[2]"}
RESULT: {"using":"xpath","value":"(//span[contains(@id ,\"manageresources-display-component---newResourceUnit--RUTimeSegment-0-vhi\")])[2]"}
COMMAND: POST /session/0157ef9fabb145ee7fb2a1f3feebe51f/element/f.2D1A903BB9B117B2180C998CF94CF722.d.7111BCD88A85B491425A9497B0B93F53.e.3290/click - {}
RESULT: {}
COMMAND: GET /session/0157ef9fabb145ee7fb2a1f3feebe51f/screenshot - {}
RESULT: {}
RESULT: undefined
COMMAND: POST /session/0157ef9fabb145ee7fb2a1f3feebe51f/execute/async - {"script":"<script> [776 bytes]","args":[{"enterText":"4000360","selector":{"controlType":"sap.m.SearchField","properties":{"placeholder":"Search"},"searchOpenDialogs":true,"interaction":{"idSuffix":"I"}},"clearTextFirst":true,"interactionType":"ENTER_TEXT"}]}
RESULT: {"script":"<script> [776 bytes]","args":[{"enterText":"4000360","selector":{"controlType":"sap.m.SearchField","properties":{"placeholder":"Search"},"searchOpenDialogs":true,"interaction":{"idSuffix":"I"}},"clearTextFirst":true,"interactionType":"ENTER_TEXT"}]}
COMMAND: POST /session/0157ef9fabb145ee7fb2a1f3feebe51f/actions - {"actions":[{"id":"action10","type":"key","parameters":{},"actions":[{"type":"keyDown","value":""},{"type":"pause","duration":10},{"type":"keyUp","value":""}]}]}
RESULT: {"actions":[{"id":"action10","type":"key","parameters":{},"actions":[{"type":"keyDown","value":""},{"type":"pause","duration":10},{"type":"keyUp","value":""}]}]}
COMMAND: GET /session/0157ef9fabb145ee7fb2a1f3feebe51f/screenshot - {}
RESULT: {}
COMMAND: POST /session/0157ef9fabb145ee7fb2a1f3feebe51f/element - {"using":"xpath","value":"//td/div/span[contains(text(), \"BGL Vehicles\")]"}
RESULT: {"using":"xpath","value":"//td/div/span[contains(text(), \"BGL Vehicles\")]"}
COMMAND: POST /session/0157ef9fabb145ee7fb2a1f3feebe51f/element/f.2D1A903BB9B117B2180C998CF94CF722.d.7111BCD88A85B491425A9497B0B93F53.e.3308/click - {}
RESULT: {}
COMMAND: GET /session/0157ef9fabb145ee7fb2a1f3feebe51f/screenshot - {}
RESULT: {}
COMMAND: POST /session/0157ef9fabb145ee7fb2a1f3feebe51f/element - {"using":"xpath","value":"//bdi[contains(text(), \"OK\")]"}
RESULT: {"using":"xpath","value":"//bdi[contains(text(), \"OK\")]"}
COMMAND: POST /session/0157ef9fabb145ee7fb2a1f3feebe51f/element/f.2D1A903BB9B117B2180C998CF94CF722.d.7111BCD88A85B491425A9497B0B93F53.e.3309/click - {}
RESULT: {}
COMMAND: GET /session/0157ef9fabb145ee7fb2a1f3feebe51f/screenshot - {}
RESULT: {}
COMMAND: POST /session/0157ef9fabb145ee7fb2a1f3feebe51f/execute/async - {"script":"<script> [1562 bytes]","args":[{"selector":{"id":"application-manageresources-display-component---newResourceUnit--newRRUPage-anchBar-application-manageresources-display-component---newResourceUnit--resource-anchor","interaction":{"idSuffix":"BDI-content"}},"wdio_ui5_key":"applicationmanageresources-display-component---newResourceUnit--newRRUPage-anchBar-application-manageresources-display-component---newResourceUnit--resource-anchor"}]}
RESULT: {"script":"<script> [1562 bytes]","args":[{"selector":{"id":"application-manageresources-display-component---newResourceUnit--newRRUPage-anchBar-application-manageresources-display-component---newResourceUnit--resource-anchor","interaction":{"idSuffix":"BDI-content"}},"wdio_ui5_key":"applicationmanageresources-display-component---newResourceUnit--newRRUPage-anchBar-application-manageresources-display-component---newResourceUnit--resource-anchor"}]}
RESULT: undefined
COMMAND: POST /session/0157ef9fabb145ee7fb2a1f3feebe51f/element - {"using":"xpath","value":"//*[@id=\"application-manageresources-display-component---newResourceUnit--newRRUPage-anchBar-application-manageresources-display-component---newResourceUnit--resource-anchor\"]"}
RESULT: {"using":"xpath","value":"//*[@id=\"application-manageresources-display-component---newResourceUnit--newRRUPage-anchBar-application-manageresources-display-component---newResourceUnit--resource-anchor\"]"}
COMMAND: POST /session/0157ef9fabb145ee7fb2a1f3feebe51f/element/f.2D1A903BB9B117B2180C998CF94CF722.d.7111BCD88A85B491425A9497B0B93F53.e.3313/click - {}
RESULT: {}
COMMAND: POST /session/0157ef9fabb145ee7fb2a1f3feebe51f/execute/async - {"script":"<script> [1562 bytes]","args":[{"selector":{"id":"application-manageresources-display-component---newResourceUnit--PLANNED_DELIVERY_DATE","interaction":{"idSuffix":"inner"}},"wdio_ui5_key":"applicationmanageresources-display-component---newResourceUnit--PLANNED_DELIVERY_DATE"}]}
COMMAND: GET /session/0157ef9fabb145ee7fb2a1f3feebe51f/screenshot - {}
RESULT: {"script":"<script> [1562 bytes]","args":[{"selector":{"id":"application-manageresources-display-component---newResourceUnit--PLANNED_DELIVERY_DATE","interaction":{"idSuffix":"inner"}},"wdio_ui5_key":"applicationmanageresources-display-component---newResourceUnit--PLANNED_DELIVERY_DATE"}]}
RESULT: undefined
COMMAND: POST /session/0157ef9fabb145ee7fb2a1f3feebe51f/execute/async - {"script":"<script> [6424 bytes]","args":[{"element-6066-11e4-a52e-4f735466cecf":"f.2D1A903BB9B117B2180C998CF94CF722.d.7111BCD88A85B491425A9497B0B93F53.e.3178"},"setValue",["4/17/25"]]}
RESULT: {}
RESULT: {"script":"<script> [6424 bytes]","args":[{"element-6066-11e4-a52e-4f735466cecf":"f.2D1A903BB9B117B2180C998CF94CF722.d.7111BCD88A85B491425A9497B0B93F53.e.3178"},"setValue",["4/17/25"]]}
COMMAND: POST /session/0157ef9fabb145ee7fb2a1f3feebe51f/element - {"using":"xpath","value":"//button[@data-kt=\"resourceUnitSaveButton\"]"}
RESULT: {"using":"xpath","value":"//button[@data-kt=\"resourceUnitSaveButton\"]"}
COMMAND: POST /session/0157ef9fabb145ee7fb2a1f3feebe51f/element/f.2D1A903BB9B117B2180C998CF94CF722.d.7111BCD88A85B491425A9497B0B93F53.e.3139/click - {}
RESULT: {}
COMMAND: GET /session/0157ef9fabb145ee7fb2a1f3feebe51f/screenshot - {}
RESULT: {}
COMMAND: POST /session/0157ef9fabb145ee7fb2a1f3feebe51f/element - {"using":"xpath","value":"//bdi[contains(text(), \"Close\")]"}
RESULT: {"using":"xpath","value":"//bdi[contains(text(), \"Close\")]"}
COMMAND: POST /session/0157ef9fabb145ee7fb2a1f3feebe51f/element/f.2D1A903BB9B117B2180C998CF94CF722.d.7111BCD88A85B491425A9497B0B93F53.e.3322/click - {}
RESULT: {}
COMMAND: GET /session/0157ef9fabb145ee7fb2a1f3feebe51f/screenshot - {}
RESULT: {}
COMMAND: POST /session/0157ef9fabb145ee7fb2a1f3feebe51f/element - {"using":"xpath","value":"(//button[contains(@id ,\"actionsToolbar-overflowButton\")])[1]"}
RESULT: {"using":"xpath","value":"(//button[contains(@id ,\"actionsToolbar-overflowButton\")])[1]"}
COMMAND: POST /session/0157ef9fabb145ee7fb2a1f3feebe51f/element/f.2D1A903BB9B117B2180C998CF94CF722.d.7111BCD88A85B491425A9497B0B93F53.e.3353/click - {}
RESULT: {}
COMMAND: GET /session/0157ef9fabb145ee7fb2a1f3feebe51f/screenshot - {}
RESULT: {}
COMMAND: POST /session/0157ef9fabb145ee7fb2a1f3feebe51f/element - {"using":"xpath","value":"//button[@data-kt=\"priceInfoButton\"]"}
RESULT: {"using":"xpath","value":"//button[@data-kt=\"priceInfoButton\"]"}
COMMAND: POST /session/0157ef9fabb145ee7fb2a1f3feebe51f/element/f.2D1A903BB9B117B2180C998CF94CF722.d.7111BCD88A85B491425A9497B0B93F53.e.3355/click - {}
RESULT: {}
COMMAND: GET /session/0157ef9fabb145ee7fb2a1f3feebe51f/screenshot - {}
RESULT: {}
]]></system-out>
    </testcase>
    <testcase classname="chrome.135_0_7049_42.windows.Billing_confirm_US117289" name="Should create new pricing rule" time="57.274">
      <system-out><![CDATA[
COMMAND: POST /session/0157ef9fabb145ee7fb2a1f3feebe51f/element - {"using":"xpath","value":"//button[@data-kt=\"addButton\"]"}
RESULT: {"using":"xpath","value":"//button[@data-kt=\"addButton\"]"}
COMMAND: POST /session/0157ef9fabb145ee7fb2a1f3feebe51f/elements - {"using":"xpath","value":"//button[@data-kt=\"addButton\"]"}
RESULT: {"using":"xpath","value":"//button[@data-kt=\"addButton\"]"}
COMMAND: POST /session/0157ef9fabb145ee7fb2a1f3feebe51f/elements - {"using":"xpath","value":"//button[@data-kt=\"addButton\"]"}
RESULT: {"using":"xpath","value":"//button[@data-kt=\"addButton\"]"}
COMMAND: POST /session/0157ef9fabb145ee7fb2a1f3feebe51f/element - {"using":"xpath","value":"//button[@data-kt=\"addButton\"]"}
RESULT: {"using":"xpath","value":"//button[@data-kt=\"addButton\"]"}
COMMAND: POST /session/0157ef9fabb145ee7fb2a1f3feebe51f/execute/sync - {"script":"<script> [8489 bytes]","args":[{"element-6066-11e4-a52e-4f735466cecf":"f.2D1A903BB9B117B2180C998CF94CF722.d.7111BCD88A85B491425A9497B0B93F53.e.3393","ELEMENT":"f.2D1A903BB9B117B2180C998CF94CF722.d.7111BCD88A85B491425A9497B0B93F53.e.3393"}]}
RESULT: {"script":"<script> [8489 bytes]","args":[{"element-6066-11e4-a52e-4f735466cecf":"f.2D1A903BB9B117B2180C998CF94CF722.d.7111BCD88A85B491425A9497B0B93F53.e.3393","ELEMENT":"f.2D1A903BB9B117B2180C998CF94CF722.d.7111BCD88A85B491425A9497B0B93F53.e.3393"}]}
COMMAND: GET /session/0157ef9fabb145ee7fb2a1f3feebe51f/element/f.2D1A903BB9B117B2180C998CF94CF722.d.7111BCD88A85B491425A9497B0B93F53.e.3393/enabled - {}
COMMAND: GET /session/0157ef9fabb145ee7fb2a1f3feebe51f/screenshot - {}
RESULT: {}
COMMAND: POST /session/0157ef9fabb145ee7fb2a1f3feebe51f/execute/sync - {"script":"<script> [8489 bytes]","args":[{"element-6066-11e4-a52e-4f735466cecf":"f.2D1A903BB9B117B2180C998CF94CF722.d.7111BCD88A85B491425A9497B0B93F53.e.3393","ELEMENT":"f.2D1A903BB9B117B2180C998CF94CF722.d.7111BCD88A85B491425A9497B0B93F53.e.3393"}]}
COMMAND: GET /session/0157ef9fabb145ee7fb2a1f3feebe51f/screenshot - {}
RESULT: {}
RESULT: {"script":"<script> [8489 bytes]","args":[{"element-6066-11e4-a52e-4f735466cecf":"f.2D1A903BB9B117B2180C998CF94CF722.d.7111BCD88A85B491425A9497B0B93F53.e.3393","ELEMENT":"f.2D1A903BB9B117B2180C998CF94CF722.d.7111BCD88A85B491425A9497B0B93F53.e.3393"}]}
COMMAND: POST /session/0157ef9fabb145ee7fb2a1f3feebe51f/execute/sync - {"script":"<script> [5351 bytes]","args":[{"element-6066-11e4-a52e-4f735466cecf":"f.2D1A903BB9B117B2180C998CF94CF722.d.7111BCD88A85B491425A9497B0B93F53.e.3393","ELEMENT":"f.2D1A903BB9B117B2180C998CF94CF722.d.7111BCD88A85B491425A9497B0B93F53.e.3393"}]}
COMMAND: GET /session/0157ef9fabb145ee7fb2a1f3feebe51f/screenshot - {}
RESULT: {}
RESULT: {"script":"<script> [5351 bytes]","args":[{"element-6066-11e4-a52e-4f735466cecf":"f.2D1A903BB9B117B2180C998CF94CF722.d.7111BCD88A85B491425A9497B0B93F53.e.3393","ELEMENT":"f.2D1A903BB9B117B2180C998CF94CF722.d.7111BCD88A85B491425A9497B0B93F53.e.3393"}]}
COMMAND: POST /session/0157ef9fabb145ee7fb2a1f3feebe51f/element/f.2D1A903BB9B117B2180C998CF94CF722.d.7111BCD88A85B491425A9497B0B93F53.e.3393/click - {}
COMMAND: GET /session/0157ef9fabb145ee7fb2a1f3feebe51f/screenshot - {}
RESULT: {}
RESULT: {}
COMMAND: GET /session/0157ef9fabb145ee7fb2a1f3feebe51f/screenshot - {}
RESULT: {}
RESULT: {}
COMMAND: POST /session/0157ef9fabb145ee7fb2a1f3feebe51f/execute/async - {"script":"<script> [1562 bytes]","args":[{"selector":{"controlType":"sap.m.Title","viewName":"etm.portal.ui.managepricingrules.view.NewItem","viewId":"application-managepricingrules-display-component---newInfoPriceItem","properties":{"text":"New Pricing Rules - Item Level"}},"wdio_ui5_key":"etmportal.ui.managepricingrules.view.NewItemsap.m.Title{\"text\":\"New Pricing Rules - Item Level\"}"}]}
RESULT: {"script":"<script> [1562 bytes]","args":[{"selector":{"controlType":"sap.m.Title","viewName":"etm.portal.ui.managepricingrules.view.NewItem","viewId":"application-managepricingrules-display-component---newInfoPriceItem","properties":{"text":"New Pricing Rules - Item Level"}},"wdio_ui5_key":"etmportal.ui.managepricingrules.view.NewItemsap.m.Title{\"text\":\"New Pricing Rules - Item Level\"}"}]}
RESULT: undefined
COMMAND: POST /session/0157ef9fabb145ee7fb2a1f3feebe51f/execute/async - {"script":"<script> [6424 bytes]","args":[{"element-6066-11e4-a52e-4f735466cecf":"f.2D1A903BB9B117B2180C998CF94CF722.d.7111BCD88A85B491425A9497B0B93F53.e.3566"},"getText",[]]}
RESULT: {"script":"<script> [6424 bytes]","args":[{"element-6066-11e4-a52e-4f735466cecf":"f.2D1A903BB9B117B2180C998CF94CF722.d.7111BCD88A85B491425A9497B0B93F53.e.3566"},"getText",[]]}
COMMAND: POST /session/0157ef9fabb145ee7fb2a1f3feebe51f/execute/async - {"script":"<script> [1562 bytes]","args":[{"selector":{"id":"application-managepricingrules-display-component---newInfoPriceItem--condValidTo","interaction":{"idSuffix":"inner"}},"wdio_ui5_key":"applicationmanagepricingrules-display-component---newInfoPriceItem--condValidTo"}]}
RESULT: {"script":"<script> [1562 bytes]","args":[{"selector":{"id":"application-managepricingrules-display-component---newInfoPriceItem--condValidTo","interaction":{"idSuffix":"inner"}},"wdio_ui5_key":"applicationmanagepricingrules-display-component---newInfoPriceItem--condValidTo"}]}
RESULT: undefined
COMMAND: POST /session/0157ef9fabb145ee7fb2a1f3feebe51f/execute/async - {"script":"<script> [776 bytes]","args":[{"enterText":"12/17/25","selector":{"id":"application-managepricingrules-display-component---newInfoPriceItem--condValidTo","interaction":{"idSuffix":"inner"}},"clearTextFirst":true,"interactionType":"ENTER_TEXT"}]}
RESULT: {"script":"<script> [776 bytes]","args":[{"enterText":"12/17/25","selector":{"id":"application-managepricingrules-display-component---newInfoPriceItem--condValidTo","interaction":{"idSuffix":"inner"}},"clearTextFirst":true,"interactionType":"ENTER_TEXT"}]}
COMMAND: POST /session/0157ef9fabb145ee7fb2a1f3feebe51f/execute/async - {"script":"<script> [1562 bytes]","args":[{"selector":{"id":"application-managepricingrules-display-component---newInfoPriceItem--billType-arrow"},"wdio_ui5_key":"applicationmanagepricingrules-display-component---newInfoPriceItem--billType-arrow"}]}
RESULT: {"script":"<script> [1562 bytes]","args":[{"selector":{"id":"application-managepricingrules-display-component---newInfoPriceItem--billType-arrow"},"wdio_ui5_key":"applicationmanagepricingrules-display-component---newInfoPriceItem--billType-arrow"}]}
RESULT: undefined
COMMAND: POST /session/0157ef9fabb145ee7fb2a1f3feebe51f/element - {"using":"xpath","value":"//*[@id=\"application-managepricingrules-display-component---newInfoPriceItem--billType-arrow\"]"}
RESULT: {"using":"xpath","value":"//*[@id=\"application-managepricingrules-display-component---newInfoPriceItem--billType-arrow\"]"}
COMMAND: POST /session/0157ef9fabb145ee7fb2a1f3feebe51f/element/f.2D1A903BB9B117B2180C998CF94CF722.d.7111BCD88A85B491425A9497B0B93F53.e.3525/click - {}
RESULT: {}
COMMAND: POST /session/0157ef9fabb145ee7fb2a1f3feebe51f/element - {"using":"xpath","value":"//span[contains(text(), \"TB - Time based\")]"}
COMMAND: GET /session/0157ef9fabb145ee7fb2a1f3feebe51f/screenshot - {}
RESULT: {"using":"xpath","value":"//span[contains(text(), \"TB - Time based\")]"}
COMMAND: POST /session/0157ef9fabb145ee7fb2a1f3feebe51f/element/f.2D1A903BB9B117B2180C998CF94CF722.d.7111BCD88A85B491425A9497B0B93F53.e.3568/click - {}
RESULT: {}
RESULT: {}
COMMAND: POST /session/0157ef9fabb145ee7fb2a1f3feebe51f/execute/async - {"script":"<script> [1562 bytes]","args":[{"selector":{"id":"application-managepricingrules-display-component---newInfoPriceItem--priceProc-arrow"},"wdio_ui5_key":"applicationmanagepricingrules-display-component---newInfoPriceItem--priceProc-arrow"}]}
COMMAND: GET /session/0157ef9fabb145ee7fb2a1f3feebe51f/screenshot - {}
RESULT: {"script":"<script> [1562 bytes]","args":[{"selector":{"id":"application-managepricingrules-display-component---newInfoPriceItem--priceProc-arrow"},"wdio_ui5_key":"applicationmanagepricingrules-display-component---newInfoPriceItem--priceProc-arrow"}]}
RESULT: undefined
COMMAND: POST /session/0157ef9fabb145ee7fb2a1f3feebe51f/element - {"using":"xpath","value":"//*[@id=\"application-managepricingrules-display-component---newInfoPriceItem--priceProc-arrow\"]"}
RESULT: {}
RESULT: {"using":"xpath","value":"//*[@id=\"application-managepricingrules-display-component---newInfoPriceItem--priceProc-arrow\"]"}
COMMAND: POST /session/0157ef9fabb145ee7fb2a1f3feebe51f/element/f.2D1A903BB9B117B2180C998CF94CF722.d.7111BCD88A85B491425A9497B0B93F53.e.3532/click - {}
RESULT: {}
COMMAND: POST /session/0157ef9fabb145ee7fb2a1f3feebe51f/element - {"using":"xpath","value":"//span[contains(text(), \"TBS - Time based standard\")]"}
COMMAND: GET /session/0157ef9fabb145ee7fb2a1f3feebe51f/screenshot - {}
RESULT: {"using":"xpath","value":"//span[contains(text(), \"TBS - Time based standard\")]"}
COMMAND: POST /session/0157ef9fabb145ee7fb2a1f3feebe51f/element/f.2D1A903BB9B117B2180C998CF94CF722.d.7111BCD88A85B491425A9497B0B93F53.e.3569/click - {}
RESULT: {}
RESULT: {}
COMMAND: POST /session/0157ef9fabb145ee7fb2a1f3feebe51f/execute/async - {"script":"<script> [1562 bytes]","args":[{"selector":{"id":"application-managepricingrules-display-component---newInfoPriceItem--calcBase-arrow"},"wdio_ui5_key":"applicationmanagepricingrules-display-component---newInfoPriceItem--calcBase-arrow"}]}
COMMAND: GET /session/0157ef9fabb145ee7fb2a1f3feebe51f/screenshot - {}
RESULT: {"script":"<script> [1562 bytes]","args":[{"selector":{"id":"application-managepricingrules-display-component---newInfoPriceItem--calcBase-arrow"},"wdio_ui5_key":"applicationmanagepricingrules-display-component---newInfoPriceItem--calcBase-arrow"}]}
RESULT: undefined
COMMAND: POST /session/0157ef9fabb145ee7fb2a1f3feebe51f/element - {"using":"xpath","value":"//*[@id=\"application-managepricingrules-display-component---newInfoPriceItem--calcBase-arrow\"]"}
RESULT: {}
RESULT: {"using":"xpath","value":"//*[@id=\"application-managepricingrules-display-component---newInfoPriceItem--calcBase-arrow\"]"}
COMMAND: POST /session/0157ef9fabb145ee7fb2a1f3feebe51f/element/f.2D1A903BB9B117B2180C998CF94CF722.d.7111BCD88A85B491425A9497B0B93F53.e.3539/click - {}
RESULT: {}
COMMAND: GET /session/0157ef9fabb145ee7fb2a1f3feebe51f/screenshot - {}
RESULT: {}
COMMAND: POST /session/0157ef9fabb145ee7fb2a1f3feebe51f/element - {"using":"xpath","value":"//span[contains(text(), \"0006 - TB(calendar days)\")]"}
RESULT: {"using":"xpath","value":"//span[contains(text(), \"0006 - TB(calendar days)\")]"}
COMMAND: POST /session/0157ef9fabb145ee7fb2a1f3feebe51f/element/f.2D1A903BB9B117B2180C998CF94CF722.d.7111BCD88A85B491425A9497B0B93F53.e.3570/click - {}
RESULT: {}
COMMAND: GET /session/0157ef9fabb145ee7fb2a1f3feebe51f/screenshot - {}
RESULT: {}
COMMAND: POST /session/0157ef9fabb145ee7fb2a1f3feebe51f/execute/async - {"script":"<script> [1562 bytes]","args":[{"selector":{"id":"application-managepricingrules-display-component---newInfoPriceItem--daysMonth","interaction":{"idSuffix":"inner"}},"wdio_ui5_key":"applicationmanagepricingrules-display-component---newInfoPriceItem--daysMonth"}]}
RESULT: {"script":"<script> [1562 bytes]","args":[{"selector":{"id":"application-managepricingrules-display-component---newInfoPriceItem--daysMonth","interaction":{"idSuffix":"inner"}},"wdio_ui5_key":"applicationmanagepricingrules-display-component---newInfoPriceItem--daysMonth"}]}
RESULT: undefined
COMMAND: POST /session/0157ef9fabb145ee7fb2a1f3feebe51f/execute/async - {"script":"<script> [776 bytes]","args":[{"enterText":"30","selector":{"id":"application-managepricingrules-display-component---newInfoPriceItem--daysMonth","interaction":{"idSuffix":"inner"}},"clearTextFirst":true,"interactionType":"ENTER_TEXT"}]}
RESULT: {"script":"<script> [776 bytes]","args":[{"enterText":"30","selector":{"id":"application-managepricingrules-display-component---newInfoPriceItem--daysMonth","interaction":{"idSuffix":"inner"}},"clearTextFirst":true,"interactionType":"ENTER_TEXT"}]}
COMMAND: POST /session/0157ef9fabb145ee7fb2a1f3feebe51f/element - {"using":"xpath","value":"//button[@data-kt=\"saveNewRuleButton\"]"}
RESULT: {"using":"xpath","value":"//button[@data-kt=\"saveNewRuleButton\"]"}
COMMAND: POST /session/0157ef9fabb145ee7fb2a1f3feebe51f/element/f.2D1A903BB9B117B2180C998CF94CF722.d.7111BCD88A85B491425A9497B0B93F53.e.3559/click - {}
RESULT: {}
COMMAND: GET /session/0157ef9fabb145ee7fb2a1f3feebe51f/screenshot - {}
RESULT: {}
COMMAND: POST /session/0157ef9fabb145ee7fb2a1f3feebe51f/execute/async - {"script":"<script> [1562 bytes]","args":[{"selector":{"id":"application-managepricingrules-display-component---priceInfoItem--smartFilterBar-btnBasicSearch","interaction":{"idSuffix":"I"}},"wdio_ui5_key":"applicationmanagepricingrules-display-component---priceInfoItem--smartFilterBar-btnBasicSearch"}]}
RESULT: {"script":"<script> [1562 bytes]","args":[{"selector":{"id":"application-managepricingrules-display-component---priceInfoItem--smartFilterBar-btnBasicSearch","interaction":{"idSuffix":"I"}},"wdio_ui5_key":"applicationmanagepricingrules-display-component---priceInfoItem--smartFilterBar-btnBasicSearch"}]}
RESULT: undefined
COMMAND: POST /session/0157ef9fabb145ee7fb2a1f3feebe51f/execute/async - {"script":"<script> [776 bytes]","args":[{"enterText":"fmhdRX9E3I","selector":{"id":"application-managepricingrules-display-component---priceInfoItem--smartFilterBar-btnBasicSearch","interaction":{"idSuffix":"I"}},"clearTextFirst":true,"interactionType":"ENTER_TEXT"}]}
RESULT: {"script":"<script> [776 bytes]","args":[{"enterText":"fmhdRX9E3I","selector":{"id":"application-managepricingrules-display-component---priceInfoItem--smartFilterBar-btnBasicSearch","interaction":{"idSuffix":"I"}},"clearTextFirst":true,"interactionType":"ENTER_TEXT"}]}
COMMAND: POST /session/0157ef9fabb145ee7fb2a1f3feebe51f/actions - {"actions":[{"id":"action11","type":"key","parameters":{},"actions":[{"type":"keyDown","value":""},{"type":"pause","duration":10},{"type":"keyUp","value":""}]}]}
RESULT: {"actions":[{"id":"action11","type":"key","parameters":{},"actions":[{"type":"keyDown","value":""},{"type":"pause","duration":10},{"type":"keyUp","value":""}]}]}
COMMAND: GET /session/0157ef9fabb145ee7fb2a1f3feebe51f/screenshot - {}
RESULT: {}
COMMAND: POST /session/0157ef9fabb145ee7fb2a1f3feebe51f/element - {"using":"xpath","value":"//span[@id=\"application-managepricingrules-display-component---priceInfoItem--smartTable-header-inner\"]"}
RESULT: {"using":"xpath","value":"//span[@id=\"application-managepricingrules-display-component---priceInfoItem--smartTable-header-inner\"]"}
COMMAND: POST /session/0157ef9fabb145ee7fb2a1f3feebe51f/elements - {"using":"xpath","value":"//span[@id=\"application-managepricingrules-display-component---priceInfoItem--smartTable-header-inner\"]"}
RESULT: {"using":"xpath","value":"//span[@id=\"application-managepricingrules-display-component---priceInfoItem--smartTable-header-inner\"]"}
COMMAND: POST /session/0157ef9fabb145ee7fb2a1f3feebe51f/execute/sync - {"script":"<script> [56 bytes]","args":[{"element-6066-11e4-a52e-4f735466cecf":"f.2D1A903BB9B117B2180C998CF94CF722.d.7111BCD88A85B491425A9497B0B93F53.e.3593","ELEMENT":"f.2D1A903BB9B117B2180C998CF94CF722.d.7111BCD88A85B491425A9497B0B93F53.e.3593"}]}
RESULT: {"script":"<script> [56 bytes]","args":[{"element-6066-11e4-a52e-4f735466cecf":"f.2D1A903BB9B117B2180C998CF94CF722.d.7111BCD88A85B491425A9497B0B93F53.e.3593","ELEMENT":"f.2D1A903BB9B117B2180C998CF94CF722.d.7111BCD88A85B491425A9497B0B93F53.e.3593"}]}
COMMAND: POST /session/0157ef9fabb145ee7fb2a1f3feebe51f/element - {"using":"css selector","value":"#shell-header-logo"}
COMMAND: GET /session/0157ef9fabb145ee7fb2a1f3feebe51f/screenshot - {}
RESULT: {"using":"css selector","value":"#shell-header-logo"}
COMMAND: POST /session/0157ef9fabb145ee7fb2a1f3feebe51f/element/f.2D1A903BB9B117B2180C998CF94CF722.d.7111BCD88A85B491425A9497B0B93F53.e.2727/click - {}
RESULT: {}
RESULT: {}
COMMAND: GET /session/0157ef9fabb145ee7fb2a1f3feebe51f/screenshot - {}
RESULT: {}
]]></system-out>
    </testcase>
    <testcase classname="chrome.135_0_7049_42.windows.Billing_confirm_US117289" name="Should create new condition for equipment" time="66.986">
      <system-out><![CDATA[
COMMAND: POST /session/0157ef9fabb145ee7fb2a1f3feebe51f/execute/async - {"script":"<script> [1562 bytes]","args":[{"selector":{"controlType":"sap.m.Text","properties":{"text":"Manage Conditions & Prices"},"interaction":{"idSuffix":"inner"}},"wdio_ui5_key":"sapm.Text{\"text\":\"Manage Conditions & Prices\"}"}]}
RESULT: {"script":"<script> [1562 bytes]","args":[{"selector":{"controlType":"sap.m.Text","properties":{"text":"Manage Conditions & Prices"},"interaction":{"idSuffix":"inner"}},"wdio_ui5_key":"sapm.Text{\"text\":\"Manage Conditions & Prices\"}"}]}
RESULT: undefined
COMMAND: POST /session/0157ef9fabb145ee7fb2a1f3feebe51f/element - {"using":"xpath","value":"//*[@id=\"__tile53-title\"]"}
RESULT: {"using":"xpath","value":"//*[@id=\"__tile53-title\"]"}
COMMAND: POST /session/0157ef9fabb145ee7fb2a1f3feebe51f/element/f.2D1A903BB9B117B2180C998CF94CF722.d.7111BCD88A85B491425A9497B0B93F53.e.3596/click - {}
RESULT: {}
COMMAND: POST /session/0157ef9fabb145ee7fb2a1f3feebe51f/element - {"using":"xpath","value":"//button[@aria-label=\"Create\"]"}
COMMAND: GET /session/0157ef9fabb145ee7fb2a1f3feebe51f/screenshot - {}
RESULT: {"using":"xpath","value":"//button[@aria-label=\"Create\"]"}
COMMAND: POST /session/0157ef9fabb145ee7fb2a1f3feebe51f/elements - {"using":"xpath","value":"//button[@aria-label=\"Create\"]"}
RESULT: {}
RESULT: {"using":"xpath","value":"//button[@aria-label=\"Create\"]"}
COMMAND: POST /session/0157ef9fabb145ee7fb2a1f3feebe51f/elements - {"using":"xpath","value":"//button[@aria-label=\"Create\"]"}
RESULT: {"using":"xpath","value":"//button[@aria-label=\"Create\"]"}
COMMAND: POST /session/0157ef9fabb145ee7fb2a1f3feebe51f/elements - {"using":"xpath","value":"//button[@aria-label=\"Create\"]"}
RESULT: {"using":"xpath","value":"//button[@aria-label=\"Create\"]"}
COMMAND: POST /session/0157ef9fabb145ee7fb2a1f3feebe51f/elements - {"using":"xpath","value":"//button[@aria-label=\"Create\"]"}
RESULT: {"using":"xpath","value":"//button[@aria-label=\"Create\"]"}
COMMAND: POST /session/0157ef9fabb145ee7fb2a1f3feebe51f/element - {"using":"xpath","value":"//button[@aria-label=\"Create\"]"}
RESULT: {"using":"xpath","value":"//button[@aria-label=\"Create\"]"}
COMMAND: POST /session/0157ef9fabb145ee7fb2a1f3feebe51f/execute/sync - {"script":"<script> [8489 bytes]","args":[{"element-6066-11e4-a52e-4f735466cecf":"f.2D1A903BB9B117B2180C998CF94CF722.d.7111BCD88A85B491425A9497B0B93F53.e.3631","ELEMENT":"f.2D1A903BB9B117B2180C998CF94CF722.d.7111BCD88A85B491425A9497B0B93F53.e.3631"}]}
RESULT: {"script":"<script> [8489 bytes]","args":[{"element-6066-11e4-a52e-4f735466cecf":"f.2D1A903BB9B117B2180C998CF94CF722.d.7111BCD88A85B491425A9497B0B93F53.e.3631","ELEMENT":"f.2D1A903BB9B117B2180C998CF94CF722.d.7111BCD88A85B491425A9497B0B93F53.e.3631"}]}
COMMAND: GET /session/0157ef9fabb145ee7fb2a1f3feebe51f/element/f.2D1A903BB9B117B2180C998CF94CF722.d.7111BCD88A85B491425A9497B0B93F53.e.3631/enabled - {}
COMMAND: GET /session/0157ef9fabb145ee7fb2a1f3feebe51f/screenshot - {}
RESULT: {}
COMMAND: POST /session/0157ef9fabb145ee7fb2a1f3feebe51f/execute/sync - {"script":"<script> [8489 bytes]","args":[{"element-6066-11e4-a52e-4f735466cecf":"f.2D1A903BB9B117B2180C998CF94CF722.d.7111BCD88A85B491425A9497B0B93F53.e.3631","ELEMENT":"f.2D1A903BB9B117B2180C998CF94CF722.d.7111BCD88A85B491425A9497B0B93F53.e.3631"}]}
COMMAND: GET /session/0157ef9fabb145ee7fb2a1f3feebe51f/screenshot - {}
RESULT: {}
RESULT: {"script":"<script> [8489 bytes]","args":[{"element-6066-11e4-a52e-4f735466cecf":"f.2D1A903BB9B117B2180C998CF94CF722.d.7111BCD88A85B491425A9497B0B93F53.e.3631","ELEMENT":"f.2D1A903BB9B117B2180C998CF94CF722.d.7111BCD88A85B491425A9497B0B93F53.e.3631"}]}
COMMAND: POST /session/0157ef9fabb145ee7fb2a1f3feebe51f/execute/sync - {"script":"<script> [5351 bytes]","args":[{"element-6066-11e4-a52e-4f735466cecf":"f.2D1A903BB9B117B2180C998CF94CF722.d.7111BCD88A85B491425A9497B0B93F53.e.3631","ELEMENT":"f.2D1A903BB9B117B2180C998CF94CF722.d.7111BCD88A85B491425A9497B0B93F53.e.3631"}]}
COMMAND: GET /session/0157ef9fabb145ee7fb2a1f3feebe51f/screenshot - {}
RESULT: {}
RESULT: {"script":"<script> [5351 bytes]","args":[{"element-6066-11e4-a52e-4f735466cecf":"f.2D1A903BB9B117B2180C998CF94CF722.d.7111BCD88A85B491425A9497B0B93F53.e.3631","ELEMENT":"f.2D1A903BB9B117B2180C998CF94CF722.d.7111BCD88A85B491425A9497B0B93F53.e.3631"}]}
COMMAND: POST /session/0157ef9fabb145ee7fb2a1f3feebe51f/element/f.2D1A903BB9B117B2180C998CF94CF722.d.7111BCD88A85B491425A9497B0B93F53.e.3631/click - {}
COMMAND: GET /session/0157ef9fabb145ee7fb2a1f3feebe51f/screenshot - {}
RESULT: {}
RESULT: {}
COMMAND: GET /session/0157ef9fabb145ee7fb2a1f3feebe51f/screenshot - {}
RESULT: {}
RESULT: {}
COMMAND: POST /session/0157ef9fabb145ee7fb2a1f3feebe51f/actions - {"actions":[{"id":"action12","type":"key","parameters":{},"actions":[{"type":"keyDown","value":""},{"type":"pause","duration":10},{"type":"keyUp","value":""}]}]}
RESULT: {"actions":[{"id":"action12","type":"key","parameters":{},"actions":[{"type":"keyDown","value":""},{"type":"pause","duration":10},{"type":"keyUp","value":""}]}]}
COMMAND: GET /session/0157ef9fabb145ee7fb2a1f3feebe51f/screenshot - {}
RESULT: {}
COMMAND: POST /session/0157ef9fabb145ee7fb2a1f3feebe51f/execute/async - {"script":"<script> [1562 bytes]","args":[{"selector":{"id":"application-manageconditionprice-display-component---newCondition--condBillCond-arrow"},"wdio_ui5_key":"applicationmanageconditionprice-display-component---newCondition--condBillCond-arrow"}]}
RESULT: {"script":"<script> [1562 bytes]","args":[{"selector":{"id":"application-manageconditionprice-display-component---newCondition--condBillCond-arrow"},"wdio_ui5_key":"applicationmanageconditionprice-display-component---newCondition--condBillCond-arrow"}]}
RESULT: undefined
COMMAND: POST /session/0157ef9fabb145ee7fb2a1f3feebe51f/element - {"using":"xpath","value":"//*[@id=\"application-manageconditionprice-display-component---newCondition--condBillCond-arrow\"]"}
RESULT: {"using":"xpath","value":"//*[@id=\"application-manageconditionprice-display-component---newCondition--condBillCond-arrow\"]"}
COMMAND: POST /session/0157ef9fabb145ee7fb2a1f3feebe51f/element/f.2D1A903BB9B117B2180C998CF94CF722.d.7111BCD88A85B491425A9497B0B93F53.e.3812/click - {}
RESULT: {}
COMMAND: GET /session/0157ef9fabb145ee7fb2a1f3feebe51f/screenshot - {}
RESULT: {}
COMMAND: POST /session/0157ef9fabb145ee7fb2a1f3feebe51f/element - {"using":"xpath","value":"//li[.//span[contains(text(), \"DISP - D&I special price\")]]"}
RESULT: {"using":"xpath","value":"//li[.//span[contains(text(), \"DISP - D&I special price\")]]"}
COMMAND: POST /session/0157ef9fabb145ee7fb2a1f3feebe51f/element/f.2D1A903BB9B117B2180C998CF94CF722.d.7111BCD88A85B491425A9497B0B93F53.e.3815/click - {}
RESULT: {}
COMMAND: GET /session/0157ef9fabb145ee7fb2a1f3feebe51f/screenshot - {}
RESULT: {}
COMMAND: POST /session/0157ef9fabb145ee7fb2a1f3feebe51f/execute/async - {"script":"<script> [1562 bytes]","args":[{"selector":{"id":"application-manageconditionprice-display-component---newCondition--condValidTo","interaction":{"idSuffix":"inner"}},"wdio_ui5_key":"applicationmanageconditionprice-display-component---newCondition--condValidTo"}]}
RESULT: {"script":"<script> [1562 bytes]","args":[{"selector":{"id":"application-manageconditionprice-display-component---newCondition--condValidTo","interaction":{"idSuffix":"inner"}},"wdio_ui5_key":"applicationmanageconditionprice-display-component---newCondition--condValidTo"}]}
RESULT: undefined
COMMAND: POST /session/0157ef9fabb145ee7fb2a1f3feebe51f/execute/async - {"script":"<script> [776 bytes]","args":[{"enterText":"12/17/25","selector":{"id":"application-manageconditionprice-display-component---newCondition--condValidTo","interaction":{"idSuffix":"inner"}},"clearTextFirst":true,"interactionType":"ENTER_TEXT"}]}
RESULT: {"script":"<script> [776 bytes]","args":[{"enterText":"12/17/25","selector":{"id":"application-manageconditionprice-display-component---newCondition--condValidTo","interaction":{"idSuffix":"inner"}},"clearTextFirst":true,"interactionType":"ENTER_TEXT"}]}
COMMAND: POST /session/0157ef9fabb145ee7fb2a1f3feebe51f/element - {"using":"xpath","value":"//input[@id=\"application-manageconditionprice-display-component---newCondition--condRU-inner\"]"}
RESULT: {"using":"xpath","value":"//input[@id=\"application-manageconditionprice-display-component---newCondition--condRU-inner\"]"}
COMMAND: POST /session/0157ef9fabb145ee7fb2a1f3feebe51f/element/f.2D1A903BB9B117B2180C998CF94CF722.d.7111BCD88A85B491425A9497B0B93F53.e.3676/clear - {}
RESULT: {}
COMMAND: POST /session/0157ef9fabb145ee7fb2a1f3feebe51f/element/f.2D1A903BB9B117B2180C998CF94CF722.d.7111BCD88A85B491425A9497B0B93F53.e.3676/value - {"text":"fmhdRX9E3I"}
COMMAND: GET /session/0157ef9fabb145ee7fb2a1f3feebe51f/screenshot - {}
RESULT: {"text":"fmhdRX9E3I"}
COMMAND: GET /session/0157ef9fabb145ee7fb2a1f3feebe51f/screenshot - {}
RESULT: {}
RESULT: {}
COMMAND: POST /session/0157ef9fabb145ee7fb2a1f3feebe51f/actions - {"actions":[{"id":"action13","type":"key","parameters":{},"actions":[{"type":"keyDown","value":""},{"type":"pause","duration":10},{"type":"keyUp","value":""}]}]}
RESULT: {"actions":[{"id":"action13","type":"key","parameters":{},"actions":[{"type":"keyDown","value":""},{"type":"pause","duration":10},{"type":"keyUp","value":""}]}]}
COMMAND: POST /session/0157ef9fabb145ee7fb2a1f3feebe51f/execute/async - {"script":"<script> [1562 bytes]","args":[{"selector":{"id":"application-manageconditionprice-display-component---newCondition--condBaseQty","interaction":{"idSuffix":"inner"}},"wdio_ui5_key":"applicationmanageconditionprice-display-component---newCondition--condBaseQty"}]}
COMMAND: GET /session/0157ef9fabb145ee7fb2a1f3feebe51f/screenshot - {}
RESULT: {"script":"<script> [1562 bytes]","args":[{"selector":{"id":"application-manageconditionprice-display-component---newCondition--condBaseQty","interaction":{"idSuffix":"inner"}},"wdio_ui5_key":"applicationmanageconditionprice-display-component---newCondition--condBaseQty"}]}
RESULT: undefined
COMMAND: POST /session/0157ef9fabb145ee7fb2a1f3feebe51f/execute/async - {"script":"<script> [776 bytes]","args":[{"enterText":"1","selector":{"id":"application-manageconditionprice-display-component---newCondition--condBaseQty","interaction":{"idSuffix":"inner"}},"clearTextFirst":true,"interactionType":"ENTER_TEXT"}]}
RESULT: {}
RESULT: {"script":"<script> [776 bytes]","args":[{"enterText":"1","selector":{"id":"application-manageconditionprice-display-component---newCondition--condBaseQty","interaction":{"idSuffix":"inner"}},"clearTextFirst":true,"interactionType":"ENTER_TEXT"}]}
COMMAND: POST /session/0157ef9fabb145ee7fb2a1f3feebe51f/execute/async - {"script":"<script> [1562 bytes]","args":[{"selector":{"id":"application-manageconditionprice-display-component---newCondition--condValue","interaction":{"idSuffix":"inner"}},"wdio_ui5_key":"applicationmanageconditionprice-display-component---newCondition--condValue"}]}
RESULT: {"script":"<script> [1562 bytes]","args":[{"selector":{"id":"application-manageconditionprice-display-component---newCondition--condValue","interaction":{"idSuffix":"inner"}},"wdio_ui5_key":"applicationmanageconditionprice-display-component---newCondition--condValue"}]}
RESULT: undefined
COMMAND: POST /session/0157ef9fabb145ee7fb2a1f3feebe51f/execute/async - {"script":"<script> [776 bytes]","args":[{"enterText":"100","selector":{"id":"application-manageconditionprice-display-component---newCondition--condValue","interaction":{"idSuffix":"inner"}},"clearTextFirst":true,"interactionType":"ENTER_TEXT"}]}
RESULT: {"script":"<script> [776 bytes]","args":[{"enterText":"100","selector":{"id":"application-manageconditionprice-display-component---newCondition--condValue","interaction":{"idSuffix":"inner"}},"clearTextFirst":true,"interactionType":"ENTER_TEXT"}]}
COMMAND: POST /session/0157ef9fabb145ee7fb2a1f3feebe51f/execute/async - {"script":"<script> [1562 bytes]","args":[{"selector":{"id":"application-manageconditionprice-display-component---newCondition--condCurr-arrow"},"wdio_ui5_key":"applicationmanageconditionprice-display-component---newCondition--condCurr-arrow"}]}
RESULT: {"script":"<script> [1562 bytes]","args":[{"selector":{"id":"application-manageconditionprice-display-component---newCondition--condCurr-arrow"},"wdio_ui5_key":"applicationmanageconditionprice-display-component---newCondition--condCurr-arrow"}]}
RESULT: undefined
COMMAND: POST /session/0157ef9fabb145ee7fb2a1f3feebe51f/element - {"using":"xpath","value":"//*[@id=\"application-manageconditionprice-display-component---newCondition--condCurr-arrow\"]"}
RESULT: {"using":"xpath","value":"//*[@id=\"application-manageconditionprice-display-component---newCondition--condCurr-arrow\"]"}
COMMAND: POST /session/0157ef9fabb145ee7fb2a1f3feebe51f/element/f.2D1A903BB9B117B2180C998CF94CF722.d.7111BCD88A85B491425A9497B0B93F53.e.3776/click - {}
RESULT: {}
COMMAND: POST /session/0157ef9fabb145ee7fb2a1f3feebe51f/element - {"using":"xpath","value":"//span[contains(text(), \"Euro\")]"}
COMMAND: GET /session/0157ef9fabb145ee7fb2a1f3feebe51f/screenshot - {}
RESULT: {"using":"xpath","value":"//span[contains(text(), \"Euro\")]"}
COMMAND: POST /session/0157ef9fabb145ee7fb2a1f3feebe51f/element/f.2D1A903BB9B117B2180C998CF94CF722.d.7111BCD88A85B491425A9497B0B93F53.e.3852/click - {}
RESULT: {}
RESULT: {}
COMMAND: POST /session/0157ef9fabb145ee7fb2a1f3feebe51f/element - {"using":"xpath","value":"//button[@data-kt=\"saveButton\"]"}
COMMAND: GET /session/0157ef9fabb145ee7fb2a1f3feebe51f/screenshot - {}
RESULT: {"using":"xpath","value":"//button[@data-kt=\"saveButton\"]"}
COMMAND: POST /session/0157ef9fabb145ee7fb2a1f3feebe51f/element/f.2D1A903BB9B117B2180C998CF94CF722.d.7111BCD88A85B491425A9497B0B93F53.e.3777/click - {}
RESULT: {}
RESULT: {}
COMMAND: GET /session/0157ef9fabb145ee7fb2a1f3feebe51f/screenshot - {}
RESULT: {}
COMMAND: POST /session/0157ef9fabb145ee7fb2a1f3feebe51f/execute/async - {"script":"<script> [1562 bytes]","args":[{"selector":{"id":"application-manageconditionprice-display-component---conditions--smartFilterBar-btnBasicSearch","interaction":{"idSuffix":"I"}},"wdio_ui5_key":"applicationmanageconditionprice-display-component---conditions--smartFilterBar-btnBasicSearch"}]}
RESULT: {"script":"<script> [1562 bytes]","args":[{"selector":{"id":"application-manageconditionprice-display-component---conditions--smartFilterBar-btnBasicSearch","interaction":{"idSuffix":"I"}},"wdio_ui5_key":"applicationmanageconditionprice-display-component---conditions--smartFilterBar-btnBasicSearch"}]}
RESULT: undefined
COMMAND: POST /session/0157ef9fabb145ee7fb2a1f3feebe51f/execute/async - {"script":"<script> [776 bytes]","args":[{"enterText":"fmhdRX9E3I","selector":{"id":"application-manageconditionprice-display-component---conditions--smartFilterBar-btnBasicSearch","interaction":{"idSuffix":"I"}},"clearTextFirst":true,"interactionType":"ENTER_TEXT"}]}
RESULT: {"script":"<script> [776 bytes]","args":[{"enterText":"fmhdRX9E3I","selector":{"id":"application-manageconditionprice-display-component---conditions--smartFilterBar-btnBasicSearch","interaction":{"idSuffix":"I"}},"clearTextFirst":true,"interactionType":"ENTER_TEXT"}]}
COMMAND: POST /session/0157ef9fabb145ee7fb2a1f3feebe51f/actions - {"actions":[{"id":"action14","type":"key","parameters":{},"actions":[{"type":"keyDown","value":""},{"type":"pause","duration":10},{"type":"keyUp","value":""}]}]}
RESULT: {"actions":[{"id":"action14","type":"key","parameters":{},"actions":[{"type":"keyDown","value":""},{"type":"pause","duration":10},{"type":"keyUp","value":""}]}]}
COMMAND: GET /session/0157ef9fabb145ee7fb2a1f3feebe51f/screenshot - {}
RESULT: {}
COMMAND: POST /session/0157ef9fabb145ee7fb2a1f3feebe51f/execute/async - {"script":"<script> [1562 bytes]","args":[{"selector":{"id":"application-manageconditionprice-display-component---conditions--smartFilterBar-filterItemControl_BASIC-BILL_TYPES-vhi"},"wdio_ui5_key":"applicationmanageconditionprice-display-component---conditions--smartFilterBar-filterItemControl_BASIC-BILL_TYPES-vhi"}]}
RESULT: {"script":"<script> [1562 bytes]","args":[{"selector":{"id":"application-manageconditionprice-display-component---conditions--smartFilterBar-filterItemControl_BASIC-BILL_TYPES-vhi"},"wdio_ui5_key":"applicationmanageconditionprice-display-component---conditions--smartFilterBar-filterItemControl_BASIC-BILL_TYPES-vhi"}]}
RESULT: undefined
COMMAND: POST /session/0157ef9fabb145ee7fb2a1f3feebe51f/element - {"using":"xpath","value":"//*[@id=\"application-manageconditionprice-display-component---conditions--smartFilterBar-filterItemControl_BASIC-BILL_TYPES-vhi\"]"}
RESULT: {"using":"xpath","value":"//*[@id=\"application-manageconditionprice-display-component---conditions--smartFilterBar-filterItemControl_BASIC-BILL_TYPES-vhi\"]"}
COMMAND: POST /session/0157ef9fabb145ee7fb2a1f3feebe51f/element/f.2D1A903BB9B117B2180C998CF94CF722.d.7111BCD88A85B491425A9497B0B93F53.e.3868/click - {}
RESULT: {}
COMMAND: POST /session/0157ef9fabb145ee7fb2a1f3feebe51f/execute/async - {"script":"<script> [1562 bytes]","args":[{"selector":{"id":"application-manageconditionprice-display-component---conditions--smartFilterBar-filterItemControl_BASIC-BILL_TYPES-valueHelpDialog-smartFilterBar-btnBasicSearch","searchOpenDialogs":true,"interaction":{"idSuffix":"I"}},"wdio_ui5_key":"applicationmanageconditionprice-display-component---conditions--smartFilterBar-filterItemControl_BASIC-BILL_TYPES-valueHelpDialog-smartFilterBar-btnBasicSearch"}]}
COMMAND: GET /session/0157ef9fabb145ee7fb2a1f3feebe51f/screenshot - {}
RESULT: {"script":"<script> [1562 bytes]","args":[{"selector":{"id":"application-manageconditionprice-display-component---conditions--smartFilterBar-filterItemControl_BASIC-BILL_TYPES-valueHelpDialog-smartFilterBar-btnBasicSearch","searchOpenDialogs":true,"interaction":{"idSuffix":"I"}},"wdio_ui5_key":"applicationmanageconditionprice-display-component---conditions--smartFilterBar-filterItemControl_BASIC-BILL_TYPES-valueHelpDialog-smartFilterBar-btnBasicSearch"}]}
RESULT: undefined
COMMAND: POST /session/0157ef9fabb145ee7fb2a1f3feebe51f/execute/async - {"script":"<script> [776 bytes]","args":[{"enterText":"TB","selector":{"id":"application-manageconditionprice-display-component---conditions--smartFilterBar-filterItemControl_BASIC-BILL_TYPES-valueHelpDialog-smartFilterBar-btnBasicSearch","searchOpenDialogs":true,"interaction":{"idSuffix":"I"}},"clearTextFirst":true,"interactionType":"ENTER_TEXT"}]}
RESULT: {}
RESULT: {"script":"<script> [776 bytes]","args":[{"enterText":"TB","selector":{"id":"application-manageconditionprice-display-component---conditions--smartFilterBar-filterItemControl_BASIC-BILL_TYPES-valueHelpDialog-smartFilterBar-btnBasicSearch","searchOpenDialogs":true,"interaction":{"idSuffix":"I"}},"clearTextFirst":true,"interactionType":"ENTER_TEXT"}]}
COMMAND: POST /session/0157ef9fabb145ee7fb2a1f3feebe51f/actions - {"actions":[{"id":"action15","type":"key","parameters":{},"actions":[{"type":"keyDown","value":""},{"type":"pause","duration":10},{"type":"keyUp","value":""}]}]}
RESULT: {"actions":[{"id":"action15","type":"key","parameters":{},"actions":[{"type":"keyDown","value":""},{"type":"pause","duration":10},{"type":"keyUp","value":""}]}]}
COMMAND: GET /session/0157ef9fabb145ee7fb2a1f3feebe51f/screenshot - {}
RESULT: {}
COMMAND: POST /session/0157ef9fabb145ee7fb2a1f3feebe51f/element - {"using":"xpath","value":"//div[contains(@id, 'application-manageconditionprice-display-component---conditions--smartFilterBar-filterItemControl_BASIC-BILL_TYPES-valueHelpDialog-table-rowsel0')]"}
RESULT: {"using":"xpath","value":"//div[contains(@id, 'application-manageconditionprice-display-component---conditions--smartFilterBar-filterItemControl_BASIC-BILL_TYPES-valueHelpDialog-table-rowsel0')]"}
COMMAND: POST /session/0157ef9fabb145ee7fb2a1f3feebe51f/element/f.2D1A903BB9B117B2180C998CF94CF722.d.7111BCD88A85B491425A9497B0B93F53.e.3878/click - {}
RESULT: {}
COMMAND: GET /session/0157ef9fabb145ee7fb2a1f3feebe51f/screenshot - {}
RESULT: {}
COMMAND: POST /session/0157ef9fabb145ee7fb2a1f3feebe51f/element - {"using":"xpath","value":"//bdi[contains(text(), \"OK\")]"}
RESULT: {"using":"xpath","value":"//bdi[contains(text(), \"OK\")]"}
COMMAND: POST /session/0157ef9fabb145ee7fb2a1f3feebe51f/element/f.2D1A903BB9B117B2180C998CF94CF722.d.7111BCD88A85B491425A9497B0B93F53.e.3880/click - {}
RESULT: {}
COMMAND: GET /session/0157ef9fabb145ee7fb2a1f3feebe51f/screenshot - {}
RESULT: {}
COMMAND: POST /session/0157ef9fabb145ee7fb2a1f3feebe51f/element - {"using":"xpath","value":"//span[@id=\"application-manageconditionprice-display-component---conditions--smartTable-header-inner\"]"}
RESULT: {"using":"xpath","value":"//span[@id=\"application-manageconditionprice-display-component---conditions--smartTable-header-inner\"]"}
COMMAND: POST /session/0157ef9fabb145ee7fb2a1f3feebe51f/elements - {"using":"xpath","value":"//span[@id=\"application-manageconditionprice-display-component---conditions--smartTable-header-inner\"]"}
RESULT: {"using":"xpath","value":"//span[@id=\"application-manageconditionprice-display-component---conditions--smartTable-header-inner\"]"}
COMMAND: POST /session/0157ef9fabb145ee7fb2a1f3feebe51f/execute/sync - {"script":"<script> [56 bytes]","args":[{"element-6066-11e4-a52e-4f735466cecf":"f.2D1A903BB9B117B2180C998CF94CF722.d.7111BCD88A85B491425A9497B0B93F53.e.3883","ELEMENT":"f.2D1A903BB9B117B2180C998CF94CF722.d.7111BCD88A85B491425A9497B0B93F53.e.3883"}]}
RESULT: {"script":"<script> [56 bytes]","args":[{"element-6066-11e4-a52e-4f735466cecf":"f.2D1A903BB9B117B2180C998CF94CF722.d.7111BCD88A85B491425A9497B0B93F53.e.3883","ELEMENT":"f.2D1A903BB9B117B2180C998CF94CF722.d.7111BCD88A85B491425A9497B0B93F53.e.3883"}]}
COMMAND: POST /session/0157ef9fabb145ee7fb2a1f3feebe51f/element - {"using":"css selector","value":"#shell-header-logo"}
COMMAND: GET /session/0157ef9fabb145ee7fb2a1f3feebe51f/screenshot - {}
RESULT: {"using":"css selector","value":"#shell-header-logo"}
COMMAND: POST /session/0157ef9fabb145ee7fb2a1f3feebe51f/element/f.2D1A903BB9B117B2180C998CF94CF722.d.7111BCD88A85B491425A9497B0B93F53.e.3599/click - {}
RESULT: {}
RESULT: {}
COMMAND: GET /session/0157ef9fabb145ee7fb2a1f3feebe51f/screenshot - {}
RESULT: {}
]]></system-out>
    </testcase>
    <testcase classname="chrome.135_0_7049_42.windows.Billing_confirm_US117289" name="Should do a stock increase" time="88.359">
      <system-out><![CDATA[
COMMAND: POST /session/0157ef9fabb145ee7fb2a1f3feebe51f/execute/async - {"script":"<script> [1562 bytes]","args":[{"selector":{"controlType":"sap.m.Text","viewName":"etm.portal.ui.managehandoverstile.view.Master","properties":{"text":"Manage Handovers"},"interaction":{"idSuffix":"inner"}},"wdio_ui5_key":"etmportal.ui.managehandoverstile.view.Mastersap.m.Text{\"text\":\"Manage Handovers\"}"}]}
RESULT: {"script":"<script> [1562 bytes]","args":[{"selector":{"controlType":"sap.m.Text","viewName":"etm.portal.ui.managehandoverstile.view.Master","properties":{"text":"Manage Handovers"},"interaction":{"idSuffix":"inner"}},"wdio_ui5_key":"etmportal.ui.managehandoverstile.view.Mastersap.m.Text{\"text\":\"Manage Handovers\"}"}]}
RESULT: undefined
COMMAND: POST /session/0157ef9fabb145ee7fb2a1f3feebe51f/element - {"using":"xpath","value":"//*[@id=\"__tile130-title\"]"}
RESULT: {"using":"xpath","value":"//*[@id=\"__tile130-title\"]"}
COMMAND: POST /session/0157ef9fabb145ee7fb2a1f3feebe51f/element/f.2D1A903BB9B117B2180C998CF94CF722.d.7111BCD88A85B491425A9497B0B93F53.e.3888/click - {}
RESULT: {}
COMMAND: POST /session/0157ef9fabb145ee7fb2a1f3feebe51f/element - {"using":"xpath","value":"//button[@data-kt=\"masterHOAddButton\"]"}
COMMAND: GET /session/0157ef9fabb145ee7fb2a1f3feebe51f/screenshot - {}
RESULT: {"using":"xpath","value":"//button[@data-kt=\"masterHOAddButton\"]"}
COMMAND: POST /session/0157ef9fabb145ee7fb2a1f3feebe51f/elements - {"using":"xpath","value":"//button[@data-kt=\"masterHOAddButton\"]"}
RESULT: {}
RESULT: {"using":"xpath","value":"//button[@data-kt=\"masterHOAddButton\"]"}
COMMAND: POST /session/0157ef9fabb145ee7fb2a1f3feebe51f/elements - {"using":"xpath","value":"//button[@data-kt=\"masterHOAddButton\"]"}
RESULT: {"using":"xpath","value":"//button[@data-kt=\"masterHOAddButton\"]"}
COMMAND: POST /session/0157ef9fabb145ee7fb2a1f3feebe51f/elements - {"using":"xpath","value":"//button[@data-kt=\"masterHOAddButton\"]"}
RESULT: {"using":"xpath","value":"//button[@data-kt=\"masterHOAddButton\"]"}
COMMAND: POST /session/0157ef9fabb145ee7fb2a1f3feebe51f/elements - {"using":"xpath","value":"//button[@data-kt=\"masterHOAddButton\"]"}
RESULT: {"using":"xpath","value":"//button[@data-kt=\"masterHOAddButton\"]"}
COMMAND: POST /session/0157ef9fabb145ee7fb2a1f3feebe51f/elements - {"using":"xpath","value":"//button[@data-kt=\"masterHOAddButton\"]"}
RESULT: {"using":"xpath","value":"//button[@data-kt=\"masterHOAddButton\"]"}
COMMAND: POST /session/0157ef9fabb145ee7fb2a1f3feebe51f/elements - {"using":"xpath","value":"//button[@data-kt=\"masterHOAddButton\"]"}
RESULT: {"using":"xpath","value":"//button[@data-kt=\"masterHOAddButton\"]"}
COMMAND: POST /session/0157ef9fabb145ee7fb2a1f3feebe51f/elements - {"using":"xpath","value":"//button[@data-kt=\"masterHOAddButton\"]"}
RESULT: {"using":"xpath","value":"//button[@data-kt=\"masterHOAddButton\"]"}
COMMAND: POST /session/0157ef9fabb145ee7fb2a1f3feebe51f/elements - {"using":"xpath","value":"//button[@data-kt=\"masterHOAddButton\"]"}
RESULT: {"using":"xpath","value":"//button[@data-kt=\"masterHOAddButton\"]"}
COMMAND: POST /session/0157ef9fabb145ee7fb2a1f3feebe51f/elements - {"using":"xpath","value":"//button[@data-kt=\"masterHOAddButton\"]"}
RESULT: {"using":"xpath","value":"//button[@data-kt=\"masterHOAddButton\"]"}
COMMAND: POST /session/0157ef9fabb145ee7fb2a1f3feebe51f/elements - {"using":"xpath","value":"//button[@data-kt=\"masterHOAddButton\"]"}
RESULT: {"using":"xpath","value":"//button[@data-kt=\"masterHOAddButton\"]"}
COMMAND: POST /session/0157ef9fabb145ee7fb2a1f3feebe51f/elements - {"using":"xpath","value":"//button[@data-kt=\"masterHOAddButton\"]"}
RESULT: {"using":"xpath","value":"//button[@data-kt=\"masterHOAddButton\"]"}
COMMAND: POST /session/0157ef9fabb145ee7fb2a1f3feebe51f/elements - {"using":"xpath","value":"//button[@data-kt=\"masterHOAddButton\"]"}
RESULT: {"using":"xpath","value":"//button[@data-kt=\"masterHOAddButton\"]"}
COMMAND: POST /session/0157ef9fabb145ee7fb2a1f3feebe51f/elements - {"using":"xpath","value":"//button[@data-kt=\"masterHOAddButton\"]"}
RESULT: {"using":"xpath","value":"//button[@data-kt=\"masterHOAddButton\"]"}
COMMAND: POST /session/0157ef9fabb145ee7fb2a1f3feebe51f/elements - {"using":"xpath","value":"//button[@data-kt=\"masterHOAddButton\"]"}
RESULT: {"using":"xpath","value":"//button[@data-kt=\"masterHOAddButton\"]"}
COMMAND: POST /session/0157ef9fabb145ee7fb2a1f3feebe51f/elements - {"using":"xpath","value":"//button[@data-kt=\"masterHOAddButton\"]"}
RESULT: {"using":"xpath","value":"//button[@data-kt=\"masterHOAddButton\"]"}
COMMAND: POST /session/0157ef9fabb145ee7fb2a1f3feebe51f/elements - {"using":"xpath","value":"//button[@data-kt=\"masterHOAddButton\"]"}
RESULT: {"using":"xpath","value":"//button[@data-kt=\"masterHOAddButton\"]"}
COMMAND: POST /session/0157ef9fabb145ee7fb2a1f3feebe51f/element - {"using":"xpath","value":"//button[@data-kt=\"masterHOAddButton\"]"}
RESULT: {"using":"xpath","value":"//button[@data-kt=\"masterHOAddButton\"]"}
COMMAND: POST /session/0157ef9fabb145ee7fb2a1f3feebe51f/execute/sync - {"script":"<script> [8489 bytes]","args":[{"element-6066-11e4-a52e-4f735466cecf":"f.2D1A903BB9B117B2180C998CF94CF722.d.7111BCD88A85B491425A9497B0B93F53.e.3915","ELEMENT":"f.2D1A903BB9B117B2180C998CF94CF722.d.7111BCD88A85B491425A9497B0B93F53.e.3915"}]}
RESULT: {"script":"<script> [8489 bytes]","args":[{"element-6066-11e4-a52e-4f735466cecf":"f.2D1A903BB9B117B2180C998CF94CF722.d.7111BCD88A85B491425A9497B0B93F53.e.3915","ELEMENT":"f.2D1A903BB9B117B2180C998CF94CF722.d.7111BCD88A85B491425A9497B0B93F53.e.3915"}]}
COMMAND: GET /session/0157ef9fabb145ee7fb2a1f3feebe51f/element/f.2D1A903BB9B117B2180C998CF94CF722.d.7111BCD88A85B491425A9497B0B93F53.e.3915/enabled - {}
COMMAND: GET /session/0157ef9fabb145ee7fb2a1f3feebe51f/screenshot - {}
RESULT: {}
COMMAND: POST /session/0157ef9fabb145ee7fb2a1f3feebe51f/execute/sync - {"script":"<script> [8489 bytes]","args":[{"element-6066-11e4-a52e-4f735466cecf":"f.2D1A903BB9B117B2180C998CF94CF722.d.7111BCD88A85B491425A9497B0B93F53.e.3915","ELEMENT":"f.2D1A903BB9B117B2180C998CF94CF722.d.7111BCD88A85B491425A9497B0B93F53.e.3915"}]}
COMMAND: GET /session/0157ef9fabb145ee7fb2a1f3feebe51f/screenshot - {}
RESULT: {}
RESULT: {"script":"<script> [8489 bytes]","args":[{"element-6066-11e4-a52e-4f735466cecf":"f.2D1A903BB9B117B2180C998CF94CF722.d.7111BCD88A85B491425A9497B0B93F53.e.3915","ELEMENT":"f.2D1A903BB9B117B2180C998CF94CF722.d.7111BCD88A85B491425A9497B0B93F53.e.3915"}]}
COMMAND: POST /session/0157ef9fabb145ee7fb2a1f3feebe51f/execute/sync - {"script":"<script> [5351 bytes]","args":[{"element-6066-11e4-a52e-4f735466cecf":"f.2D1A903BB9B117B2180C998CF94CF722.d.7111BCD88A85B491425A9497B0B93F53.e.3915","ELEMENT":"f.2D1A903BB9B117B2180C998CF94CF722.d.7111BCD88A85B491425A9497B0B93F53.e.3915"}]}
COMMAND: GET /session/0157ef9fabb145ee7fb2a1f3feebe51f/screenshot - {}
RESULT: {}
RESULT: {"script":"<script> [5351 bytes]","args":[{"element-6066-11e4-a52e-4f735466cecf":"f.2D1A903BB9B117B2180C998CF94CF722.d.7111BCD88A85B491425A9497B0B93F53.e.3915","ELEMENT":"f.2D1A903BB9B117B2180C998CF94CF722.d.7111BCD88A85B491425A9497B0B93F53.e.3915"}]}
COMMAND: POST /session/0157ef9fabb145ee7fb2a1f3feebe51f/element/f.2D1A903BB9B117B2180C998CF94CF722.d.7111BCD88A85B491425A9497B0B93F53.e.3915/click - {}
COMMAND: GET /session/0157ef9fabb145ee7fb2a1f3feebe51f/screenshot - {}
RESULT: {}
RESULT: {}
COMMAND: GET /session/0157ef9fabb145ee7fb2a1f3feebe51f/screenshot - {}
RESULT: {}
RESULT: {}
COMMAND: POST /session/0157ef9fabb145ee7fb2a1f3feebe51f/element - {"using":"xpath","value":"//span[contains(@id ,\"AddNewHO--typeSelect-arrow\")]"}
RESULT: {"using":"xpath","value":"//span[contains(@id ,\"AddNewHO--typeSelect-arrow\")]"}
COMMAND: POST /session/0157ef9fabb145ee7fb2a1f3feebe51f/element/f.2D1A903BB9B117B2180C998CF94CF722.d.7111BCD88A85B491425A9497B0B93F53.e.4261/click - {}
RESULT: {}
COMMAND: GET /session/0157ef9fabb145ee7fb2a1f3feebe51f/screenshot - {}
RESULT: {}
COMMAND: POST /session/0157ef9fabb145ee7fb2a1f3feebe51f/element - {"using":"xpath","value":"(//li[contains(text(), \"stock increase yard\")])[1]"}
RESULT: {"using":"xpath","value":"(//li[contains(text(), \"stock increase yard\")])[1]"}
COMMAND: POST /session/0157ef9fabb145ee7fb2a1f3feebe51f/element/f.2D1A903BB9B117B2180C998CF94CF722.d.7111BCD88A85B491425A9497B0B93F53.e.4262/click - {}
RESULT: {}
COMMAND: GET /session/0157ef9fabb145ee7fb2a1f3feebe51f/screenshot - {}
RESULT: {}
COMMAND: POST /session/0157ef9fabb145ee7fb2a1f3feebe51f/execute/async - {"script":"<script> [1562 bytes]","args":[{"selector":{"id":"application-managehandovers-display-component---AddNewHO--dueDate","interaction":{"idSuffix":"inner"}},"wdio_ui5_key":"applicationmanagehandovers-display-component---AddNewHO--dueDate"}]}
RESULT: {"script":"<script> [1562 bytes]","args":[{"selector":{"id":"application-managehandovers-display-component---AddNewHO--dueDate","interaction":{"idSuffix":"inner"}},"wdio_ui5_key":"applicationmanagehandovers-display-component---AddNewHO--dueDate"}]}
RESULT: undefined
COMMAND: POST /session/0157ef9fabb145ee7fb2a1f3feebe51f/execute/async - {"script":"<script> [6424 bytes]","args":[{"element-6066-11e4-a52e-4f735466cecf":"f.2D1A903BB9B117B2180C998CF94CF722.d.7111BCD88A85B491425A9497B0B93F53.e.4264"},"setValue",["04/17/2025"]]}
RESULT: {"script":"<script> [6424 bytes]","args":[{"element-6066-11e4-a52e-4f735466cecf":"f.2D1A903BB9B117B2180C998CF94CF722.d.7111BCD88A85B491425A9497B0B93F53.e.4264"},"setValue",["04/17/2025"]]}
COMMAND: POST /session/0157ef9fabb145ee7fb2a1f3feebe51f/element - {"using":"xpath","value":"//input[@id=\"generalSectionFrg--receiveYard-inner\"]"}
RESULT: {"using":"xpath","value":"//input[@id=\"generalSectionFrg--receiveYard-inner\"]"}
COMMAND: POST /session/0157ef9fabb145ee7fb2a1f3feebe51f/element/f.2D1A903BB9B117B2180C998CF94CF722.d.7111BCD88A85B491425A9497B0B93F53.e.4270/clear - {}
RESULT: {}
COMMAND: POST /session/0157ef9fabb145ee7fb2a1f3feebe51f/element/f.2D1A903BB9B117B2180C998CF94CF722.d.7111BCD88A85B491425A9497B0B93F53.e.4270/value - {"text":"469"}
COMMAND: GET /session/0157ef9fabb145ee7fb2a1f3feebe51f/screenshot - {}
RESULT: {"text":"469"}
COMMAND: GET /session/0157ef9fabb145ee7fb2a1f3feebe51f/screenshot - {}
RESULT: {}
RESULT: {}
COMMAND: POST /session/0157ef9fabb145ee7fb2a1f3feebe51f/element - {"using":"xpath","value":"//li[.//span[text()='469']]"}
RESULT: {"using":"xpath","value":"//li[.//span[text()='469']]"}
COMMAND: POST /session/0157ef9fabb145ee7fb2a1f3feebe51f/element/f.2D1A903BB9B117B2180C998CF94CF722.d.7111BCD88A85B491425A9497B0B93F53.e.4287/click - {}
RESULT: {}
COMMAND: GET /session/0157ef9fabb145ee7fb2a1f3feebe51f/screenshot - {}
RESULT: {}
COMMAND: POST /session/0157ef9fabb145ee7fb2a1f3feebe51f/execute/async - {"script":"<script> [1562 bytes]","args":[{"selector":{"id":"application-managehandovers-display-component---AddNewHO--ObjectPageLayout-anchBar-application-managehandovers-display-component---AddNewHO--section4-anchor","interaction":{"idSuffix":"BDI-content"}},"wdio_ui5_key":"applicationmanagehandovers-display-component---AddNewHO--ObjectPageLayout-anchBar-application-managehandovers-display-component---AddNewHO--section4-anchor"}]}
RESULT: {"script":"<script> [1562 bytes]","args":[{"selector":{"id":"application-managehandovers-display-component---AddNewHO--ObjectPageLayout-anchBar-application-managehandovers-display-component---AddNewHO--section4-anchor","interaction":{"idSuffix":"BDI-content"}},"wdio_ui5_key":"applicationmanagehandovers-display-component---AddNewHO--ObjectPageLayout-anchBar-application-managehandovers-display-component---AddNewHO--section4-anchor"}]}
RESULT: undefined
COMMAND: POST /session/0157ef9fabb145ee7fb2a1f3feebe51f/element - {"using":"xpath","value":"//*[@id=\"application-managehandovers-display-component---AddNewHO--ObjectPageLayout-anchBar-application-managehandovers-display-component---AddNewHO--section4-anchor\"]"}
RESULT: {"using":"xpath","value":"//*[@id=\"application-managehandovers-display-component---AddNewHO--ObjectPageLayout-anchBar-application-managehandovers-display-component---AddNewHO--section4-anchor\"]"}
COMMAND: POST /session/0157ef9fabb145ee7fb2a1f3feebe51f/element/f.2D1A903BB9B117B2180C998CF94CF722.d.7111BCD88A85B491425A9497B0B93F53.e.4289/click - {}
RESULT: {}
COMMAND: POST /session/0157ef9fabb145ee7fb2a1f3feebe51f/element - {"using":"xpath","value":"//button[@aria-label=\"Add\"]"}
COMMAND: GET /session/0157ef9fabb145ee7fb2a1f3feebe51f/screenshot - {}
RESULT: {"using":"xpath","value":"//button[@aria-label=\"Add\"]"}
COMMAND: POST /session/0157ef9fabb145ee7fb2a1f3feebe51f/element/f.2D1A903BB9B117B2180C998CF94CF722.d.7111BCD88A85B491425A9497B0B93F53.e.4293/click - {}
RESULT: {}
RESULT: {}
COMMAND: GET /session/0157ef9fabb145ee7fb2a1f3feebe51f/screenshot - {}
RESULT: {}
COMMAND: POST /session/0157ef9fabb145ee7fb2a1f3feebe51f/execute/async - {"script":"<script> [1562 bytes]","args":[{"selector":{"id":"application-managehandovers-display-component---AddNewHO--smartFilterBar-btnBasicSearch","searchOpenDialogs":true,"interaction":{"idSuffix":"I"}},"wdio_ui5_key":"applicationmanagehandovers-display-component---AddNewHO--smartFilterBar-btnBasicSearch"}]}
RESULT: {"script":"<script> [1562 bytes]","args":[{"selector":{"id":"application-managehandovers-display-component---AddNewHO--smartFilterBar-btnBasicSearch","searchOpenDialogs":true,"interaction":{"idSuffix":"I"}},"wdio_ui5_key":"applicationmanagehandovers-display-component---AddNewHO--smartFilterBar-btnBasicSearch"}]}
RESULT: undefined
COMMAND: POST /session/0157ef9fabb145ee7fb2a1f3feebe51f/execute/async - {"script":"<script> [776 bytes]","args":[{"enterText":"fmhdRX9E3I","selector":{"id":"application-managehandovers-display-component---AddNewHO--smartFilterBar-btnBasicSearch","searchOpenDialogs":true,"interaction":{"idSuffix":"I"}},"clearTextFirst":true,"interactionType":"ENTER_TEXT"}]}
RESULT: {"script":"<script> [776 bytes]","args":[{"enterText":"fmhdRX9E3I","selector":{"id":"application-managehandovers-display-component---AddNewHO--smartFilterBar-btnBasicSearch","searchOpenDialogs":true,"interaction":{"idSuffix":"I"}},"clearTextFirst":true,"interactionType":"ENTER_TEXT"}]}
COMMAND: POST /session/0157ef9fabb145ee7fb2a1f3feebe51f/actions - {"actions":[{"id":"action16","type":"key","parameters":{},"actions":[{"type":"keyDown","value":""},{"type":"pause","duration":10},{"type":"keyUp","value":""}]}]}
RESULT: {"actions":[{"id":"action16","type":"key","parameters":{},"actions":[{"type":"keyDown","value":""},{"type":"pause","duration":10},{"type":"keyUp","value":""}]}]}
COMMAND: GET /session/0157ef9fabb145ee7fb2a1f3feebe51f/screenshot - {}
RESULT: {}
COMMAND: POST /session/0157ef9fabb145ee7fb2a1f3feebe51f/execute/async - {"script":"<script> [1562 bytes]","args":[{"selector":{"id":"application-managehandovers-display-component---AddNewHO--popup-sa","searchOpenDialogs":true,"interaction":{"idSuffix":"CbBg"}},"wdio_ui5_key":"applicationmanagehandovers-display-component---AddNewHO--popup-sa"}]}
RESULT: {"script":"<script> [1562 bytes]","args":[{"selector":{"id":"application-managehandovers-display-component---AddNewHO--popup-sa","searchOpenDialogs":true,"interaction":{"idSuffix":"CbBg"}},"wdio_ui5_key":"applicationmanagehandovers-display-component---AddNewHO--popup-sa"}]}
RESULT: undefined
COMMAND: POST /session/0157ef9fabb145ee7fb2a1f3feebe51f/element - {"using":"xpath","value":"//*[@id=\"application-managehandovers-display-component---AddNewHO--popup-sa\"]"}
RESULT: {"using":"xpath","value":"//*[@id=\"application-managehandovers-display-component---AddNewHO--popup-sa\"]"}
COMMAND: POST /session/0157ef9fabb145ee7fb2a1f3feebe51f/element/f.2D1A903BB9B117B2180C998CF94CF722.d.7111BCD88A85B491425A9497B0B93F53.e.4446/click - {}
RESULT: {}
COMMAND: GET /session/0157ef9fabb145ee7fb2a1f3feebe51f/screenshot - {}
RESULT: {}
COMMAND: POST /session/0157ef9fabb145ee7fb2a1f3feebe51f/element - {"using":"xpath","value":"//bdi[contains(text(), \"Select\")]"}
RESULT: {"using":"xpath","value":"//bdi[contains(text(), \"Select\")]"}
COMMAND: POST /session/0157ef9fabb145ee7fb2a1f3feebe51f/element/f.2D1A903BB9B117B2180C998CF94CF722.d.7111BCD88A85B491425A9497B0B93F53.e.4447/click - {}
RESULT: {}
COMMAND: GET /session/0157ef9fabb145ee7fb2a1f3feebe51f/screenshot - {}
RESULT: {}
COMMAND: POST /session/0157ef9fabb145ee7fb2a1f3feebe51f/element - {"using":"xpath","value":"//button[@data-kt=\"AddNewHOSaveButton\"]"}
RESULT: {"using":"xpath","value":"//button[@data-kt=\"AddNewHOSaveButton\"]"}
COMMAND: POST /session/0157ef9fabb145ee7fb2a1f3feebe51f/element/f.2D1A903BB9B117B2180C998CF94CF722.d.7111BCD88A85B491425A9497B0B93F53.e.4451/click - {}
RESULT: {}
COMMAND: GET /session/0157ef9fabb145ee7fb2a1f3feebe51f/screenshot - {}
RESULT: {}
COMMAND: POST /session/0157ef9fabb145ee7fb2a1f3feebe51f/execute/async - {"script":"<script> [1562 bytes]","args":[{"selector":{"id":"receiptDatePicker","viewName":"etm.portal.ui.managehandovers.view.DetailExecuteHO","interaction":{"idSuffix":"inner"}},"wdio_ui5_key":"receiptDatePickeretmportal.ui.managehandovers.view.DetailExecuteHO"}]}
RESULT: {"script":"<script> [1562 bytes]","args":[{"selector":{"id":"receiptDatePicker","viewName":"etm.portal.ui.managehandovers.view.DetailExecuteHO","interaction":{"idSuffix":"inner"}},"wdio_ui5_key":"receiptDatePickeretmportal.ui.managehandovers.view.DetailExecuteHO"}]}
RESULT: undefined
COMMAND: POST /session/0157ef9fabb145ee7fb2a1f3feebe51f/execute/async - {"script":"<script> [6424 bytes]","args":[{"element-6066-11e4-a52e-4f735466cecf":"f.2D1A903BB9B117B2180C998CF94CF722.d.7111BCD88A85B491425A9497B0B93F53.e.4482"},"setValue",["04/17/2025"]]}
RESULT: {"script":"<script> [6424 bytes]","args":[{"element-6066-11e4-a52e-4f735466cecf":"f.2D1A903BB9B117B2180C998CF94CF722.d.7111BCD88A85B491425A9497B0B93F53.e.4482"},"setValue",["04/17/2025"]]}
COMMAND: POST /session/0157ef9fabb145ee7fb2a1f3feebe51f/element - {"using":"xpath","value":"//button[@data-kt=\"PickingTableConfirmAllButton\"]"}
RESULT: {"using":"xpath","value":"//button[@data-kt=\"PickingTableConfirmAllButton\"]"}
COMMAND: POST /session/0157ef9fabb145ee7fb2a1f3feebe51f/element/f.2D1A903BB9B117B2180C998CF94CF722.d.7111BCD88A85B491425A9497B0B93F53.e.4498/click - {}
RESULT: {}
COMMAND: GET /session/0157ef9fabb145ee7fb2a1f3feebe51f/screenshot - {}
RESULT: {}
COMMAND: POST /session/0157ef9fabb145ee7fb2a1f3feebe51f/element - {"using":"xpath","value":"//bdi[contains(text(), \"OK\")]"}
RESULT: {"using":"xpath","value":"//bdi[contains(text(), \"OK\")]"}
COMMAND: POST /session/0157ef9fabb145ee7fb2a1f3feebe51f/element/f.2D1A903BB9B117B2180C998CF94CF722.d.7111BCD88A85B491425A9497B0B93F53.e.4500/click - {}
RESULT: {}
COMMAND: GET /session/0157ef9fabb145ee7fb2a1f3feebe51f/screenshot - {}
COMMAND: POST /session/0157ef9fabb145ee7fb2a1f3feebe51f/element - {"using":"xpath","value":"(//bdi[contains(text(), \"Receive\")])[2]"}
RESULT: {}
RESULT: {"using":"xpath","value":"(//bdi[contains(text(), \"Receive\")])[2]"}
COMMAND: POST /session/0157ef9fabb145ee7fb2a1f3feebe51f/element/f.2D1A903BB9B117B2180C998CF94CF722.d.7111BCD88A85B491425A9497B0B93F53.e.4502/click - {}
RESULT: {}
COMMAND: GET /session/0157ef9fabb145ee7fb2a1f3feebe51f/screenshot - {}
RESULT: {}
COMMAND: POST /session/0157ef9fabb145ee7fb2a1f3feebe51f/element - {"using":"css selector","value":"#shell-header-logo"}
RESULT: {"using":"css selector","value":"#shell-header-logo"}
COMMAND: POST /session/0157ef9fabb145ee7fb2a1f3feebe51f/element/f.2D1A903BB9B117B2180C998CF94CF722.d.7111BCD88A85B491425A9497B0B93F53.e.3891/click - {}
RESULT: {}
COMMAND: GET /session/0157ef9fabb145ee7fb2a1f3feebe51f/screenshot - {}
RESULT: {}
]]></system-out>
    </testcase>
    <testcase classname="chrome.135_0_7049_42.windows.Billing_confirm_US117289" name="Should create a new contract" time="59.685">
      <system-out><![CDATA[
COMMAND: POST /session/0157ef9fabb145ee7fb2a1f3feebe51f/execute/async - {"script":"<script> [1562 bytes]","args":[{"selector":{"controlType":"sap.m.Text","viewName":"etm.portal.ui.managecontractstile.view.Master","properties":{"text":"Manage Contracts"},"interaction":{"idSuffix":"inner"}},"wdio_ui5_key":"etmportal.ui.managecontractstile.view.Mastersap.m.Text{\"text\":\"Manage Contracts\"}"}]}
RESULT: {"script":"<script> [1562 bytes]","args":[{"selector":{"controlType":"sap.m.Text","viewName":"etm.portal.ui.managecontractstile.view.Master","properties":{"text":"Manage Contracts"},"interaction":{"idSuffix":"inner"}},"wdio_ui5_key":"etmportal.ui.managecontractstile.view.Mastersap.m.Text{\"text\":\"Manage Contracts\"}"}]}
RESULT: undefined
COMMAND: POST /session/0157ef9fabb145ee7fb2a1f3feebe51f/element - {"using":"xpath","value":"//*[@id=\"__tile132-title\"]"}
RESULT: {"using":"xpath","value":"//*[@id=\"__tile132-title\"]"}
COMMAND: POST /session/0157ef9fabb145ee7fb2a1f3feebe51f/element/f.2D1A903BB9B117B2180C998CF94CF722.d.7111BCD88A85B491425A9497B0B93F53.e.4676/click - {}
RESULT: {}
COMMAND: GET /session/0157ef9fabb145ee7fb2a1f3feebe51f/screenshot - {}
RESULT: {}
COMMAND: POST /session/0157ef9fabb145ee7fb2a1f3feebe51f/element - {"using":"xpath","value":"//button[@data-kt=\"addButton\"]"}
RESULT: undefined
RESULT: undefined
RESULT: {"using":"xpath","value":"//button[@data-kt=\"addButton\"]"}
COMMAND: POST /session/0157ef9fabb145ee7fb2a1f3feebe51f/elements - {"using":"xpath","value":"//button[@data-kt=\"addButton\"]"}
RESULT: {"using":"xpath","value":"//button[@data-kt=\"addButton\"]"}
COMMAND: POST /session/0157ef9fabb145ee7fb2a1f3feebe51f/execute/sync - {"script":"<script> [8489 bytes]","args":[{"element-6066-11e4-a52e-4f735466cecf":"f.2D1A903BB9B117B2180C998CF94CF722.d.7111BCD88A85B491425A9497B0B93F53.e.4748","ELEMENT":"f.2D1A903BB9B117B2180C998CF94CF722.d.7111BCD88A85B491425A9497B0B93F53.e.4748"}]}
RESULT: {"script":"<script> [8489 bytes]","args":[{"element-6066-11e4-a52e-4f735466cecf":"f.2D1A903BB9B117B2180C998CF94CF722.d.7111BCD88A85B491425A9497B0B93F53.e.4748","ELEMENT":"f.2D1A903BB9B117B2180C998CF94CF722.d.7111BCD88A85B491425A9497B0B93F53.e.4748"}]}
COMMAND: GET /session/0157ef9fabb145ee7fb2a1f3feebe51f/element/f.2D1A903BB9B117B2180C998CF94CF722.d.7111BCD88A85B491425A9497B0B93F53.e.4748/enabled - {}
COMMAND: GET /session/0157ef9fabb145ee7fb2a1f3feebe51f/screenshot - {}
RESULT: {}
COMMAND: POST /session/0157ef9fabb145ee7fb2a1f3feebe51f/execute/sync - {"script":"<script> [8489 bytes]","args":[{"element-6066-11e4-a52e-4f735466cecf":"f.2D1A903BB9B117B2180C998CF94CF722.d.7111BCD88A85B491425A9497B0B93F53.e.4748","ELEMENT":"f.2D1A903BB9B117B2180C998CF94CF722.d.7111BCD88A85B491425A9497B0B93F53.e.4748"}]}
COMMAND: GET /session/0157ef9fabb145ee7fb2a1f3feebe51f/screenshot - {}
RESULT: {}
RESULT: {"script":"<script> [8489 bytes]","args":[{"element-6066-11e4-a52e-4f735466cecf":"f.2D1A903BB9B117B2180C998CF94CF722.d.7111BCD88A85B491425A9497B0B93F53.e.4748","ELEMENT":"f.2D1A903BB9B117B2180C998CF94CF722.d.7111BCD88A85B491425A9497B0B93F53.e.4748"}]}
COMMAND: POST /session/0157ef9fabb145ee7fb2a1f3feebe51f/execute/sync - {"script":"<script> [5351 bytes]","args":[{"element-6066-11e4-a52e-4f735466cecf":"f.2D1A903BB9B117B2180C998CF94CF722.d.7111BCD88A85B491425A9497B0B93F53.e.4748","ELEMENT":"f.2D1A903BB9B117B2180C998CF94CF722.d.7111BCD88A85B491425A9497B0B93F53.e.4748"}]}
COMMAND: GET /session/0157ef9fabb145ee7fb2a1f3feebe51f/screenshot - {}
RESULT: {}
RESULT: {"script":"<script> [5351 bytes]","args":[{"element-6066-11e4-a52e-4f735466cecf":"f.2D1A903BB9B117B2180C998CF94CF722.d.7111BCD88A85B491425A9497B0B93F53.e.4748","ELEMENT":"f.2D1A903BB9B117B2180C998CF94CF722.d.7111BCD88A85B491425A9497B0B93F53.e.4748"}]}
COMMAND: GET /session/0157ef9fabb145ee7fb2a1f3feebe51f/screenshot - {}
RESULT: {}
RESULT: {}
COMMAND: POST /session/0157ef9fabb145ee7fb2a1f3feebe51f/element/f.2D1A903BB9B117B2180C998CF94CF722.d.7111BCD88A85B491425A9497B0B93F53.e.4748/click - {}
RESULT: {}
COMMAND: GET /session/0157ef9fabb145ee7fb2a1f3feebe51f/screenshot - {}
COMMAND: POST /session/0157ef9fabb145ee7fb2a1f3feebe51f/execute/async - {"script":"<script> [1562 bytes]","args":[{"selector":{"id":"application-managecontracts-display-component---AddNewContract--projectDescription","interaction":{"idSuffix":"inner"}},"wdio_ui5_key":"applicationmanagecontracts-display-component---AddNewContract--projectDescription"}]}
RESULT: {}
RESULT: {"script":"<script> [1562 bytes]","args":[{"selector":{"id":"application-managecontracts-display-component---AddNewContract--projectDescription","interaction":{"idSuffix":"inner"}},"wdio_ui5_key":"applicationmanagecontracts-display-component---AddNewContract--projectDescription"}]}
RESULT: undefined
COMMAND: POST /session/0157ef9fabb145ee7fb2a1f3feebe51f/execute/async - {"script":"<script> [776 bytes]","args":[{"enterText":"Contract WDIO","selector":{"id":"application-managecontracts-display-component---AddNewContract--projectDescription","interaction":{"idSuffix":"inner"}},"clearTextFirst":true,"interactionType":"ENTER_TEXT"}]}
RESULT: {"script":"<script> [776 bytes]","args":[{"enterText":"Contract WDIO","selector":{"id":"application-managecontracts-display-component---AddNewContract--projectDescription","interaction":{"idSuffix":"inner"}},"clearTextFirst":true,"interactionType":"ENTER_TEXT"}]}
COMMAND: POST /session/0157ef9fabb145ee7fb2a1f3feebe51f/element - {"using":"xpath","value":"//input[@id=\"application-managecontracts-display-component---AddNewContract--site-inner\"]"}
RESULT: {"using":"xpath","value":"//input[@id=\"application-managecontracts-display-component---AddNewContract--site-inner\"]"}
COMMAND: POST /session/0157ef9fabb145ee7fb2a1f3feebe51f/element/f.2D1A903BB9B117B2180C998CF94CF722.d.7111BCD88A85B491425A9497B0B93F53.e.5043/clear - {}
RESULT: {}
COMMAND: POST /session/0157ef9fabb145ee7fb2a1f3feebe51f/element/f.2D1A903BB9B117B2180C998CF94CF722.d.7111BCD88A85B491425A9497B0B93F53.e.5043/value - {"text":"2285"}
COMMAND: GET /session/0157ef9fabb145ee7fb2a1f3feebe51f/screenshot - {}
RESULT: {"text":"2285"}
COMMAND: GET /session/0157ef9fabb145ee7fb2a1f3feebe51f/screenshot - {}
RESULT: {}
RESULT: {}
COMMAND: POST /session/0157ef9fabb145ee7fb2a1f3feebe51f/element - {"using":"xpath","value":"//li[.//span[text()='2285']]"}
RESULT: {"using":"xpath","value":"//li[.//span[text()='2285']]"}
COMMAND: POST /session/0157ef9fabb145ee7fb2a1f3feebe51f/element/f.2D1A903BB9B117B2180C998CF94CF722.d.7111BCD88A85B491425A9497B0B93F53.e.5066/click - {}
RESULT: {}
COMMAND: GET /session/0157ef9fabb145ee7fb2a1f3feebe51f/screenshot - {}
RESULT: {}
COMMAND: POST /session/0157ef9fabb145ee7fb2a1f3feebe51f/element - {"using":"xpath","value":"//input[@id=\"application-managecontracts-display-component---AddNewContract--yardId-inner\"]"}
RESULT: {"using":"xpath","value":"//input[@id=\"application-managecontracts-display-component---AddNewContract--yardId-inner\"]"}
COMMAND: GET /session/0157ef9fabb145ee7fb2a1f3feebe51f/element/f.2D1A903BB9B117B2180C998CF94CF722.d.7111BCD88A85B491425A9497B0B93F53.e.5044/property/value - {}
RESULT: {}
COMMAND: POST /session/0157ef9fabb145ee7fb2a1f3feebe51f/element - {"using":"xpath","value":"//input[@id=\"application-managecontracts-display-component---AddNewContract--customerSelect-inner\"]"}
COMMAND: GET /session/0157ef9fabb145ee7fb2a1f3feebe51f/screenshot - {}
RESULT: {"using":"xpath","value":"//input[@id=\"application-managecontracts-display-component---AddNewContract--customerSelect-inner\"]"}
COMMAND: POST /session/0157ef9fabb145ee7fb2a1f3feebe51f/element/f.2D1A903BB9B117B2180C998CF94CF722.d.7111BCD88A85B491425A9497B0B93F53.e.5042/clear - {}
RESULT: {}
RESULT: {}
COMMAND: POST /session/0157ef9fabb145ee7fb2a1f3feebe51f/element/f.2D1A903BB9B117B2180C998CF94CF722.d.7111BCD88A85B491425A9497B0B93F53.e.5042/value - {"text":"1326"}
COMMAND: GET /session/0157ef9fabb145ee7fb2a1f3feebe51f/screenshot - {}
RESULT: {"text":"1326"}
COMMAND: GET /session/0157ef9fabb145ee7fb2a1f3feebe51f/screenshot - {}
RESULT: {}
RESULT: {}
COMMAND: POST /session/0157ef9fabb145ee7fb2a1f3feebe51f/element - {"using":"xpath","value":"//li[.//span[text()='1326']]"}
RESULT: {"using":"xpath","value":"//li[.//span[text()='1326']]"}
COMMAND: POST /session/0157ef9fabb145ee7fb2a1f3feebe51f/element/f.2D1A903BB9B117B2180C998CF94CF722.d.7111BCD88A85B491425A9497B0B93F53.e.5069/click - {}
RESULT: {}
COMMAND: GET /session/0157ef9fabb145ee7fb2a1f3feebe51f/screenshot - {}
RESULT: {}
COMMAND: POST /session/0157ef9fabb145ee7fb2a1f3feebe51f/element - {"using":"xpath","value":"//button[@data-kt=\"saveButton\"]"}
RESULT: {"using":"xpath","value":"//button[@data-kt=\"saveButton\"]"}
COMMAND: POST /session/0157ef9fabb145ee7fb2a1f3feebe51f/element/f.2D1A903BB9B117B2180C998CF94CF722.d.7111BCD88A85B491425A9497B0B93F53.e.5059/click - {}
RESULT: {}
COMMAND: GET /session/0157ef9fabb145ee7fb2a1f3feebe51f/screenshot - {}
RESULT: {}
COMMAND: POST /session/0157ef9fabb145ee7fb2a1f3feebe51f/element - {"using":"xpath","value":"//span[contains(@id ,\"contractDetailTitleNoExpanded\")]"}
RESULT: {"using":"xpath","value":"//span[contains(@id ,\"contractDetailTitleNoExpanded\")]"}
COMMAND: POST /session/0157ef9fabb145ee7fb2a1f3feebe51f/elements - {"using":"xpath","value":"//span[contains(@id ,\"contractDetailTitleNoExpanded\")]"}
RESULT: {"using":"xpath","value":"//span[contains(@id ,\"contractDetailTitleNoExpanded\")]"}
COMMAND: POST /session/0157ef9fabb145ee7fb2a1f3feebe51f/execute/sync - {"script":"<script> [56 bytes]","args":[{"element-6066-11e4-a52e-4f735466cecf":"f.2D1A903BB9B117B2180C998CF94CF722.d.7111BCD88A85B491425A9497B0B93F53.e.5138","ELEMENT":"f.2D1A903BB9B117B2180C998CF94CF722.d.7111BCD88A85B491425A9497B0B93F53.e.5138"}]}
RESULT: {"script":"<script> [56 bytes]","args":[{"element-6066-11e4-a52e-4f735466cecf":"f.2D1A903BB9B117B2180C998CF94CF722.d.7111BCD88A85B491425A9497B0B93F53.e.5138","ELEMENT":"f.2D1A903BB9B117B2180C998CF94CF722.d.7111BCD88A85B491425A9497B0B93F53.e.5138"}]}
COMMAND: GET /session/0157ef9fabb145ee7fb2a1f3feebe51f/screenshot - {}
RESULT: {}
]]></system-out>
    </testcase>
    <testcase classname="chrome.135_0_7049_42.windows.Billing_confirm_US117289" name="Should add created equipment to contract" time="51.887">
      <system-out><![CDATA[
COMMAND: POST /session/0157ef9fabb145ee7fb2a1f3feebe51f/element - {"using":"xpath","value":"//button[@data-kt=\"contractDetailEditBtnButton\"]"}
RESULT: {"using":"xpath","value":"//button[@data-kt=\"contractDetailEditBtnButton\"]"}
COMMAND: POST /session/0157ef9fabb145ee7fb2a1f3feebe51f/element/f.2D1A903BB9B117B2180C998CF94CF722.d.7111BCD88A85B491425A9497B0B93F53.e.5141/click - {}
RESULT: {}
COMMAND: GET /session/0157ef9fabb145ee7fb2a1f3feebe51f/screenshot - {}
RESULT: {}
COMMAND: POST /session/0157ef9fabb145ee7fb2a1f3feebe51f/element - {"using":"xpath","value":"(//span[contains(text(), \"Additional Addresses\")])[2]"}
RESULT: {"using":"xpath","value":"(//span[contains(text(), \"Additional Addresses\")])[2]"}
COMMAND: POST /session/0157ef9fabb145ee7fb2a1f3feebe51f/element/f.2D1A903BB9B117B2180C998CF94CF722.d.7111BCD88A85B491425A9497B0B93F53.e.5198/click - {}
RESULT: {}
COMMAND: GET /session/0157ef9fabb145ee7fb2a1f3feebe51f/screenshot - {}
RESULT: {}
COMMAND: POST /session/0157ef9fabb145ee7fb2a1f3feebe51f/element - {"using":"xpath","value":"//button[@data-kt=\"btnAddTableRowOverflowToolbarButton\"]"}
RESULT: {"using":"xpath","value":"//button[@data-kt=\"btnAddTableRowOverflowToolbarButton\"]"}
COMMAND: POST /session/0157ef9fabb145ee7fb2a1f3feebe51f/element/f.2D1A903BB9B117B2180C998CF94CF722.d.7111BCD88A85B491425A9497B0B93F53.e.5200/click - {}
RESULT: {}
COMMAND: GET /session/0157ef9fabb145ee7fb2a1f3feebe51f/screenshot - {}
RESULT: {}
COMMAND: POST /session/0157ef9fabb145ee7fb2a1f3feebe51f/element - {"using":"xpath","value":"//div[(text() = 'Standard Entry' or . = 'Standard Entry')]"}
RESULT: {"using":"xpath","value":"//div[(text() = 'Standard Entry' or . = 'Standard Entry')]"}
COMMAND: POST /session/0157ef9fabb145ee7fb2a1f3feebe51f/element/f.2D1A903BB9B117B2180C998CF94CF722.d.7111BCD88A85B491425A9497B0B93F53.e.5202/click - {}
RESULT: {}
COMMAND: GET /session/0157ef9fabb145ee7fb2a1f3feebe51f/screenshot - {}
RESULT: {}
COMMAND: POST /session/0157ef9fabb145ee7fb2a1f3feebe51f/element - {"using":"xpath","value":"//td[7]/div/div/input"}
RESULT: {"using":"xpath","value":"//td[7]/div/div/input"}
COMMAND: POST /session/0157ef9fabb145ee7fb2a1f3feebe51f/element/f.2D1A903BB9B117B2180C998CF94CF722.d.7111BCD88A85B491425A9497B0B93F53.e.5211/clear - {}
RESULT: {}
COMMAND: POST /session/0157ef9fabb145ee7fb2a1f3feebe51f/element/f.2D1A903BB9B117B2180C998CF94CF722.d.7111BCD88A85B491425A9497B0B93F53.e.5211/value - {"text":"fmhdRX9E3I"}
COMMAND: GET /session/0157ef9fabb145ee7fb2a1f3feebe51f/screenshot - {}
RESULT: {"text":"fmhdRX9E3I"}
COMMAND: GET /session/0157ef9fabb145ee7fb2a1f3feebe51f/screenshot - {}
RESULT: {}
RESULT: {}
COMMAND: POST /session/0157ef9fabb145ee7fb2a1f3feebe51f/actions - {"actions":[{"id":"action17","type":"key","parameters":{},"actions":[{"type":"keyDown","value":""},{"type":"pause","duration":10},{"type":"keyUp","value":""}]}]}
RESULT: {"actions":[{"id":"action17","type":"key","parameters":{},"actions":[{"type":"keyDown","value":""},{"type":"pause","duration":10},{"type":"keyUp","value":""}]}]}
COMMAND: GET /session/0157ef9fabb145ee7fb2a1f3feebe51f/screenshot - {}
COMMAND: POST /session/0157ef9fabb145ee7fb2a1f3feebe51f/element - {"using":"xpath","value":"(//button[@data-kt=\"saveButton\"])[2]"}
RESULT: {}
RESULT: {"using":"xpath","value":"(//button[@data-kt=\"saveButton\"])[2]"}
COMMAND: POST /session/0157ef9fabb145ee7fb2a1f3feebe51f/element/f.2D1A903BB9B117B2180C998CF94CF722.d.7111BCD88A85B491425A9497B0B93F53.e.5226/click - {}
RESULT: {}
COMMAND: GET /session/0157ef9fabb145ee7fb2a1f3feebe51f/screenshot - {}
RESULT: {}
COMMAND: POST /session/0157ef9fabb145ee7fb2a1f3feebe51f/element - {"using":"xpath","value":"//span[contains(@id ,\"contractItemsSmartTable-header-inner\")]"}
RESULT: {"using":"xpath","value":"//span[contains(@id ,\"contractItemsSmartTable-header-inner\")]"}
COMMAND: POST /session/0157ef9fabb145ee7fb2a1f3feebe51f/elements - {"using":"xpath","value":"//span[contains(@id ,\"contractItemsSmartTable-header-inner\")]"}
RESULT: {"using":"xpath","value":"//span[contains(@id ,\"contractItemsSmartTable-header-inner\")]"}
COMMAND: POST /session/0157ef9fabb145ee7fb2a1f3feebe51f/execute/sync - {"script":"<script> [56 bytes]","args":[{"element-6066-11e4-a52e-4f735466cecf":"f.2D1A903BB9B117B2180C998CF94CF722.d.7111BCD88A85B491425A9497B0B93F53.e.5231","ELEMENT":"f.2D1A903BB9B117B2180C998CF94CF722.d.7111BCD88A85B491425A9497B0B93F53.e.5231"}]}
RESULT: {"script":"<script> [56 bytes]","args":[{"element-6066-11e4-a52e-4f735466cecf":"f.2D1A903BB9B117B2180C998CF94CF722.d.7111BCD88A85B491425A9497B0B93F53.e.5231","ELEMENT":"f.2D1A903BB9B117B2180C998CF94CF722.d.7111BCD88A85B491425A9497B0B93F53.e.5231"}]}
]]></system-out>
    </testcase>
    <testcase classname="chrome.135_0_7049_42.windows.Billing_confirm_US117289" name="Should do a provide to site handover" time="59.21">
      <system-out><![CDATA[
COMMAND: GET /session/0157ef9fabb145ee7fb2a1f3feebe51f/screenshot - {}
COMMAND: POST /session/0157ef9fabb145ee7fb2a1f3feebe51f/element - {"using":"xpath","value":"//button[@data-kt=\"provideButton\"]"}
RESULT: {}
RESULT: {"using":"xpath","value":"//button[@data-kt=\"provideButton\"]"}
COMMAND: POST /session/0157ef9fabb145ee7fb2a1f3feebe51f/element/f.2D1A903BB9B117B2180C998CF94CF722.d.7111BCD88A85B491425A9497B0B93F53.e.5232/click - {}
RESULT: {}
COMMAND: GET /session/0157ef9fabb145ee7fb2a1f3feebe51f/screenshot - {}
RESULT: undefined
COMMAND: POST /session/0157ef9fabb145ee7fb2a1f3feebe51f/execute/async - {"script":"<script> [6424 bytes]","args":[{"element-6066-11e4-a52e-4f735466cecf":"f.2D1A903BB9B117B2180C998CF94CF722.d.7111BCD88A85B491425A9497B0B93F53.e.4264"},"setValue",["04/17/2025"]]}
RESULT: {}
COMMAND: POST /session/0157ef9fabb145ee7fb2a1f3feebe51f/execute/async - {"script":"<script> [1562 bytes]","args":[{"selector":{"id":"application-managehandovers-display-component---AddNewHO--dueDate","interaction":{"idSuffix":"inner"}},"wdio_ui5_key":"applicationmanagehandovers-display-component---AddNewHO--dueDate"}]}
RESULT: {"script":"<script> [1562 bytes]","args":[{"selector":{"id":"application-managehandovers-display-component---AddNewHO--dueDate","interaction":{"idSuffix":"inner"}},"wdio_ui5_key":"applicationmanagehandovers-display-component---AddNewHO--dueDate"}]}
COMMAND: POST /session/0157ef9fabb145ee7fb2a1f3feebe51f/execute/async - {"script":"<script> [6424 bytes]","args":[{"element-6066-11e4-a52e-4f735466cecf":"f.2D1A903BB9B117B2180C998CF94CF722.d.7111BCD88A85B491425A9497B0B93F53.e.5318"},"setValue",["04/17/2025"]]}
RESULT: {"script":"<script> [6424 bytes]","args":[{"element-6066-11e4-a52e-4f735466cecf":"f.2D1A903BB9B117B2180C998CF94CF722.d.7111BCD88A85B491425A9497B0B93F53.e.5318"},"setValue",["04/17/2025"]]}
COMMAND: POST /session/0157ef9fabb145ee7fb2a1f3feebe51f/element - {"using":"xpath","value":"//bdi[contains(text(), \"Instructions\")]"}
RESULT: {"using":"xpath","value":"//bdi[contains(text(), \"Instructions\")]"}
COMMAND: POST /session/0157ef9fabb145ee7fb2a1f3feebe51f/element/f.2D1A903BB9B117B2180C998CF94CF722.d.7111BCD88A85B491425A9497B0B93F53.e.5537/click - {}
RESULT: {}
COMMAND: GET /session/0157ef9fabb145ee7fb2a1f3feebe51f/screenshot - {}
RESULT: {}
COMMAND: POST /session/0157ef9fabb145ee7fb2a1f3feebe51f/element - {"using":"xpath","value":"//button[@data-kt=\"AddNewHOProvideAddItemsButton\"]"}
RESULT: {"using":"xpath","value":"//button[@data-kt=\"AddNewHOProvideAddItemsButton\"]"}
COMMAND: POST /session/0157ef9fabb145ee7fb2a1f3feebe51f/element/f.2D1A903BB9B117B2180C998CF94CF722.d.7111BCD88A85B491425A9497B0B93F53.e.5541/click - {}
RESULT: {}
COMMAND: GET /session/0157ef9fabb145ee7fb2a1f3feebe51f/screenshot - {}
RESULT: {}
RESULT: undefined
COMMAND: POST /session/0157ef9fabb145ee7fb2a1f3feebe51f/element - {"using":"xpath","value":"//*[@id=\"application-managehandovers-display-component---AddNewHO--popup-sa\"]"}
RESULT: {"using":"xpath","value":"//*[@id=\"application-managehandovers-display-component---AddNewHO--popup-sa\"]"}
COMMAND: POST /session/0157ef9fabb145ee7fb2a1f3feebe51f/element/f.2D1A903BB9B117B2180C998CF94CF722.d.7111BCD88A85B491425A9497B0B93F53.e.5545/click - {}
RESULT: {}
COMMAND: GET /session/0157ef9fabb145ee7fb2a1f3feebe51f/screenshot - {}
RESULT: {}
COMMAND: POST /session/0157ef9fabb145ee7fb2a1f3feebe51f/element - {"using":"xpath","value":"//*[contains(@id ,\"BDI-content\")][contains(text(), \"Select\")]"}
RESULT: {"using":"xpath","value":"//*[contains(@id ,\"BDI-content\")][contains(text(), \"Select\")]"}
COMMAND: POST /session/0157ef9fabb145ee7fb2a1f3feebe51f/element/f.2D1A903BB9B117B2180C998CF94CF722.d.7111BCD88A85B491425A9497B0B93F53.e.5547/click - {}
RESULT: {}
COMMAND: GET /session/0157ef9fabb145ee7fb2a1f3feebe51f/screenshot - {}
RESULT: {}
COMMAND: POST /session/0157ef9fabb145ee7fb2a1f3feebe51f/execute/async - {"script":"<script> [1562 bytes]","args":[{"selector":{"id":"application-managehandovers-display-component---AddNewHO--confirmCreationButton","interaction":{"idSuffix":"BDI-content"}},"wdio_ui5_key":"applicationmanagehandovers-display-component---AddNewHO--confirmCreationButton"}]}
RESULT: {"script":"<script> [1562 bytes]","args":[{"selector":{"id":"application-managehandovers-display-component---AddNewHO--confirmCreationButton","interaction":{"idSuffix":"BDI-content"}},"wdio_ui5_key":"applicationmanagehandovers-display-component---AddNewHO--confirmCreationButton"}]}
RESULT: undefined
COMMAND: POST /session/0157ef9fabb145ee7fb2a1f3feebe51f/element - {"using":"xpath","value":"//*[@id=\"application-managehandovers-display-component---AddNewHO--confirmCreationButton\"]"}
RESULT: {"using":"xpath","value":"//*[@id=\"application-managehandovers-display-component---AddNewHO--confirmCreationButton\"]"}
COMMAND: POST /session/0157ef9fabb145ee7fb2a1f3feebe51f/element/f.2D1A903BB9B117B2180C998CF94CF722.d.7111BCD88A85B491425A9497B0B93F53.e.5364/click - {}
RESULT: {}
COMMAND: GET /session/0157ef9fabb145ee7fb2a1f3feebe51f/screenshot - {}
RESULT: {}
COMMAND: POST /session/0157ef9fabb145ee7fb2a1f3feebe51f/element - {"using":"xpath","value":"//button[@data-kt=\"PickingTableConfirmAllButton\"]"}
RESULT: {"using":"xpath","value":"//button[@data-kt=\"PickingTableConfirmAllButton\"]"}
COMMAND: POST /session/0157ef9fabb145ee7fb2a1f3feebe51f/element/f.2D1A903BB9B117B2180C998CF94CF722.d.7111BCD88A85B491425A9497B0B93F53.e.5601/click - {}
RESULT: {}
COMMAND: GET /session/0157ef9fabb145ee7fb2a1f3feebe51f/screenshot - {}
RESULT: {}
COMMAND: POST /session/0157ef9fabb145ee7fb2a1f3feebe51f/element - {"using":"xpath","value":"//bdi[contains(text(), \"OK\")]"}
RESULT: {"using":"xpath","value":"//bdi[contains(text(), \"OK\")]"}
COMMAND: POST /session/0157ef9fabb145ee7fb2a1f3feebe51f/element/f.2D1A903BB9B117B2180C998CF94CF722.d.7111BCD88A85B491425A9497B0B93F53.e.5605/click - {}
RESULT: {}
COMMAND: GET /session/0157ef9fabb145ee7fb2a1f3feebe51f/screenshot - {}
RESULT: {}
COMMAND: POST /session/0157ef9fabb145ee7fb2a1f3feebe51f/element - {"using":"xpath","value":"//bdi[contains(text(), \"Issue\")]"}
RESULT: {"using":"xpath","value":"//bdi[contains(text(), \"Issue\")]"}
COMMAND: POST /session/0157ef9fabb145ee7fb2a1f3feebe51f/element/f.2D1A903BB9B117B2180C998CF94CF722.d.7111BCD88A85B491425A9497B0B93F53.e.5607/click - {}
RESULT: {}
COMMAND: GET /session/0157ef9fabb145ee7fb2a1f3feebe51f/screenshot - {}
RESULT: {}
COMMAND: POST /session/0157ef9fabb145ee7fb2a1f3feebe51f/element - {"using":"css selector","value":"#shell-header-logo"}
RESULT: {"using":"css selector","value":"#shell-header-logo"}
COMMAND: POST /session/0157ef9fabb145ee7fb2a1f3feebe51f/element/f.2D1A903BB9B117B2180C998CF94CF722.d.7111BCD88A85B491425A9497B0B93F53.e.4680/click - {}
RESULT: {}
COMMAND: GET /session/0157ef9fabb145ee7fb2a1f3feebe51f/screenshot - {}
RESULT: {}
]]></system-out>
    </testcase>
    <testcase classname="chrome.135_0_7049_42.windows.Billing_confirm_US117289" name="Should trigger calculation" time="77.474">
      <system-out><![CDATA[
COMMAND: POST /session/0157ef9fabb145ee7fb2a1f3feebe51f/execute/async - {"script":"<script> [1562 bytes]","args":[{"selector":{"controlType":"sap.m.GenericTile","properties":{"header":"Manage Billings"}},"wdio_ui5_key":"sapm.GenericTile{\"header\":\"Manage Billings\"}"}]}
RESULT: {"script":"<script> [1562 bytes]","args":[{"selector":{"controlType":"sap.m.GenericTile","properties":{"header":"Manage Billings"}},"wdio_ui5_key":"sapm.GenericTile{\"header\":\"Manage Billings\"}"}]}
RESULT: undefined
COMMAND: POST /session/0157ef9fabb145ee7fb2a1f3feebe51f/element - {"using":"xpath","value":"//*[@id=\"__tile51\"]"}
RESULT: {"using":"xpath","value":"//*[@id=\"__tile51\"]"}
COMMAND: POST /session/0157ef9fabb145ee7fb2a1f3feebe51f/element/f.2D1A903BB9B117B2180C998CF94CF722.d.7111BCD88A85B491425A9497B0B93F53.e.198/click - {}
RESULT: {}
COMMAND: GET /session/0157ef9fabb145ee7fb2a1f3feebe51f/screenshot - {}
RESULT: {}
COMMAND: POST /session/0157ef9fabb145ee7fb2a1f3feebe51f/execute/async - {"script":"<script> [1562 bytes]","args":[{"selector":{"id":"application-managebillings-display-component---billRunCalcResult--smartFilterBar-btnBasicSearch","interaction":{"idSuffix":"I"}},"wdio_ui5_key":"applicationmanagebillings-display-component---billRunCalcResult--smartFilterBar-btnBasicSearch"}]}
RESULT: {"script":"<script> [1562 bytes]","args":[{"selector":{"id":"application-managebillings-display-component---billRunCalcResult--smartFilterBar-btnBasicSearch","interaction":{"idSuffix":"I"}},"wdio_ui5_key":"applicationmanagebillings-display-component---billRunCalcResult--smartFilterBar-btnBasicSearch"}]}
RESULT: undefined
COMMAND: POST /session/0157ef9fabb145ee7fb2a1f3feebe51f/execute/async - {"script":"<script> [776 bytes]","args":[{"enterText":"10380","selector":{"id":"application-managebillings-display-component---billRunCalcResult--smartFilterBar-btnBasicSearch","interaction":{"idSuffix":"I"}},"clearTextFirst":true,"interactionType":"ENTER_TEXT"}]}
RESULT: {"script":"<script> [776 bytes]","args":[{"enterText":"10380","selector":{"id":"application-managebillings-display-component---billRunCalcResult--smartFilterBar-btnBasicSearch","interaction":{"idSuffix":"I"}},"clearTextFirst":true,"interactionType":"ENTER_TEXT"}]}
COMMAND: POST /session/0157ef9fabb145ee7fb2a1f3feebe51f/actions - {"actions":[{"id":"action18","type":"key","parameters":{},"actions":[{"type":"keyDown","value":""},{"type":"pause","duration":10},{"type":"keyUp","value":""}]}]}
RESULT: {"actions":[{"id":"action18","type":"key","parameters":{},"actions":[{"type":"keyDown","value":""},{"type":"pause","duration":10},{"type":"keyUp","value":""}]}]}
COMMAND: GET /session/0157ef9fabb145ee7fb2a1f3feebe51f/screenshot - {}
RESULT: {}
COMMAND: POST /session/0157ef9fabb145ee7fb2a1f3feebe51f/element - {"using":"xpath","value":"//td[@aria-colindex=\"1\"]/div/div[contains(@class, \"sapMCbBg\")]"}
RESULT: {"using":"xpath","value":"//td[@aria-colindex=\"1\"]/div/div[contains(@class, \"sapMCbBg\")]"}
COMMAND: POST /session/0157ef9fabb145ee7fb2a1f3feebe51f/element/f.2D1A903BB9B117B2180C998CF94CF722.d.7111BCD88A85B491425A9497B0B93F53.e.6105/click - {}
RESULT: {}
COMMAND: GET /session/0157ef9fabb145ee7fb2a1f3feebe51f/screenshot - {}
RESULT: {}
COMMAND: POST /session/0157ef9fabb145ee7fb2a1f3feebe51f/execute/async - {"script":"<script> [1562 bytes]","args":[{"selector":{"id":"application-managebillings-display-component---billRunCalcResult--contractBillRunDate","interaction":{"idSuffix":"inner"}},"wdio_ui5_key":"applicationmanagebillings-display-component---billRunCalcResult--contractBillRunDate"}]}
RESULT: {"script":"<script> [1562 bytes]","args":[{"selector":{"id":"application-managebillings-display-component---billRunCalcResult--contractBillRunDate","interaction":{"idSuffix":"inner"}},"wdio_ui5_key":"applicationmanagebillings-display-component---billRunCalcResult--contractBillRunDate"}]}
RESULT: undefined
COMMAND: POST /session/0157ef9fabb145ee7fb2a1f3feebe51f/execute/async - {"script":"<script> [776 bytes]","args":[{"enterText":"05/17/25","selector":{"id":"application-managebillings-display-component---billRunCalcResult--contractBillRunDate","interaction":{"idSuffix":"inner"}},"clearTextFirst":true,"interactionType":"ENTER_TEXT"}]}
RESULT: {"script":"<script> [776 bytes]","args":[{"enterText":"05/17/25","selector":{"id":"application-managebillings-display-component---billRunCalcResult--contractBillRunDate","interaction":{"idSuffix":"inner"}},"clearTextFirst":true,"interactionType":"ENTER_TEXT"}]}
COMMAND: POST /session/0157ef9fabb145ee7fb2a1f3feebe51f/element - {"using":"xpath","value":"//bdi[contains(text(), \"Trigger Calculation\")]"}
RESULT: {"using":"xpath","value":"//bdi[contains(text(), \"Trigger Calculation\")]"}
COMMAND: POST /session/0157ef9fabb145ee7fb2a1f3feebe51f/element/f.2D1A903BB9B117B2180C998CF94CF722.d.7111BCD88A85B491425A9497B0B93F53.e.6157/click - {}
RESULT: {}
COMMAND: GET /session/0157ef9fabb145ee7fb2a1f3feebe51f/screenshot - {}
RESULT: {}
COMMAND: POST /session/0157ef9fabb145ee7fb2a1f3feebe51f/element - {"using":"xpath","value":"(//span[contains(@id, \"imgNav\")])[1]"}
RESULT: {"using":"xpath","value":"(//span[contains(@id, \"imgNav\")])[1]"}
COMMAND: POST /session/0157ef9fabb145ee7fb2a1f3feebe51f/element/f.2D1A903BB9B117B2180C998CF94CF722.d.7111BCD88A85B491425A9497B0B93F53.e.6106/click - {}
RESULT: {}
COMMAND: GET /session/0157ef9fabb145ee7fb2a1f3feebe51f/screenshot - {}
RESULT: {}
COMMAND: POST /session/0157ef9fabb145ee7fb2a1f3feebe51f/element - {"using":"xpath","value":"//tr/td[6]/div[1]/span[1]/span[1]"}
RESULT: {"using":"xpath","value":"//tr/td[6]/div[1]/span[1]/span[1]"}
COMMAND: GET /session/0157ef9fabb145ee7fb2a1f3feebe51f/element/f.2D1A903BB9B117B2180C998CF94CF722.d.7111BCD88A85B491425A9497B0B93F53.e.6160/text - {}
RESULT: {}
COMMAND: POST /session/0157ef9fabb145ee7fb2a1f3feebe51f/element - {"using":"xpath","value":"(//span[contains(@id, \"imgNav\")])[2]"}
RESULT: {"using":"xpath","value":"(//span[contains(@id, \"imgNav\")])[2]"}
COMMAND: POST /session/0157ef9fabb145ee7fb2a1f3feebe51f/element/f.2D1A903BB9B117B2180C998CF94CF722.d.7111BCD88A85B491425A9497B0B93F53.e.6161/click - {}
RESULT: {}
COMMAND: GET /session/0157ef9fabb145ee7fb2a1f3feebe51f/screenshot - {}
RESULT: {}
COMMAND: POST /session/0157ef9fabb145ee7fb2a1f3feebe51f/element - {"using":"xpath","value":"//bdi[contains(text(), \"Business Confirm\")]"}
RESULT: {"using":"xpath","value":"//bdi[contains(text(), \"Business Confirm\")]"}
COMMAND: POST /session/0157ef9fabb145ee7fb2a1f3feebe51f/element/f.2D1A903BB9B117B2180C998CF94CF722.d.7111BCD88A85B491425A9497B0B93F53.e.6224/click - {}
RESULT: {}
COMMAND: GET /session/0157ef9fabb145ee7fb2a1f3feebe51f/screenshot - {}
RESULT: {}
COMMAND: POST /session/0157ef9fabb145ee7fb2a1f3feebe51f/element - {"using":"xpath","value":"//bdi[contains(text(), \"Business Confirmed\")]"}
RESULT: {"using":"xpath","value":"//bdi[contains(text(), \"Business Confirmed\")]"}
COMMAND: POST /session/0157ef9fabb145ee7fb2a1f3feebe51f/execute/sync - {"script":"<script> [56 bytes]","args":[{"element-6066-11e4-a52e-4f735466cecf":"f.2D1A903BB9B117B2180C998CF94CF722.d.7111BCD88A85B491425A9497B0B93F53.e.6224","ELEMENT":"f.2D1A903BB9B117B2180C998CF94CF722.d.7111BCD88A85B491425A9497B0B93F53.e.6224"}]}
RESULT: {"script":"<script> [56 bytes]","args":[{"element-6066-11e4-a52e-4f735466cecf":"f.2D1A903BB9B117B2180C998CF94CF722.d.7111BCD88A85B491425A9497B0B93F53.e.6224","ELEMENT":"f.2D1A903BB9B117B2180C998CF94CF722.d.7111BCD88A85B491425A9497B0B93F53.e.6224"}]}
COMMAND: POST /session/0157ef9fabb145ee7fb2a1f3feebe51f/element - {"using":"css selector","value":"#shell-header-logo"}
COMMAND: GET /session/0157ef9fabb145ee7fb2a1f3feebe51f/screenshot - {}
RESULT: {"using":"css selector","value":"#shell-header-logo"}
COMMAND: POST /session/0157ef9fabb145ee7fb2a1f3feebe51f/element/f.2D1A903BB9B117B2180C998CF94CF722.d.7111BCD88A85B491425A9497B0B93F53.e.5895/click - {}
RESULT: {}
RESULT: {}
COMMAND: GET /session/0157ef9fabb145ee7fb2a1f3feebe51f/screenshot - {}
RESULT: {}
COMMAND: POST /session/0157ef9fabb145ee7fb2a1f3feebe51f/element - {"using":"css selector","value":"#j_username"}
COMMAND: POST /session/0157ef9fabb145ee7fb2a1f3feebe51f/url - {"url":"https://qa-testing-00-live-etm-ui.cfapps.eu10-004.hana.ondemand.com/"}
RESULT: {"using":"css selector","value":"#j_username"}
COMMAND: POST /session/0157ef9fabb145ee7fb2a1f3feebe51f/element - {"using":"css selector","value":"#j_username"}
RESULT: {"url":"https://qa-testing-00-live-etm-ui.cfapps.eu10-004.hana.ondemand.com/"}
RESULT: undefined
COMMAND: GET /session/0157ef9fabb145ee7fb2a1f3feebe51f/screenshot - {}
RESULT: {"using":"css selector","value":"#j_username"}
COMMAND: POST /session/0157ef9fabb145ee7fb2a1f3feebe51f/element - {"using":"css selector","value":"#shell-header-logo"}
RESULT: {}
RESULT: {"using":"css selector","value":"#shell-header-logo"}
COMMAND: POST /session/0157ef9fabb145ee7fb2a1f3feebe51f/execute/sync - {"script":"<script> [8489 bytes]","args":[{"element-6066-11e4-a52e-4f735466cecf":"f.2D1A903BB9B117B2180C998CF94CF722.d.00F3B78EEFA801A82579B3A14E5C0CAB.e.6310","ELEMENT":"f.2D1A903BB9B117B2180C998CF94CF722.d.00F3B78EEFA801A82579B3A14E5C0CAB.e.6310"}]}
RESULT: {"script":"<script> [8489 bytes]","args":[{"element-6066-11e4-a52e-4f735466cecf":"f.2D1A903BB9B117B2180C998CF94CF722.d.00F3B78EEFA801A82579B3A14E5C0CAB.e.6310","ELEMENT":"f.2D1A903BB9B117B2180C998CF94CF722.d.00F3B78EEFA801A82579B3A14E5C0CAB.e.6310"}]}
COMMAND: POST /session/0157ef9fabb145ee7fb2a1f3feebe51f/element - {"using":"css selector","value":"#shell-header-logo"}
COMMAND: GET /session/0157ef9fabb145ee7fb2a1f3feebe51f/screenshot - {}
RESULT: {"using":"css selector","value":"#shell-header-logo"}
COMMAND: POST /session/0157ef9fabb145ee7fb2a1f3feebe51f/execute/sync - {"script":"<script> [8489 bytes]","args":[{"element-6066-11e4-a52e-4f735466cecf":"f.2D1A903BB9B117B2180C998CF94CF722.d.00F3B78EEFA801A82579B3A14E5C0CAB.e.6310","ELEMENT":"f.2D1A903BB9B117B2180C998CF94CF722.d.00F3B78EEFA801A82579B3A14E5C0CAB.e.6310"}]}
RESULT: {}
RESULT: {"script":"<script> [8489 bytes]","args":[{"element-6066-11e4-a52e-4f735466cecf":"f.2D1A903BB9B117B2180C998CF94CF722.d.00F3B78EEFA801A82579B3A14E5C0CAB.e.6310","ELEMENT":"f.2D1A903BB9B117B2180C998CF94CF722.d.00F3B78EEFA801A82579B3A14E5C0CAB.e.6310"}]}
COMMAND: POST /session/0157ef9fabb145ee7fb2a1f3feebe51f/execute/sync - {"script":"<script> [5351 bytes]","args":[{"element-6066-11e4-a52e-4f735466cecf":"f.2D1A903BB9B117B2180C998CF94CF722.d.00F3B78EEFA801A82579B3A14E5C0CAB.e.6310","ELEMENT":"f.2D1A903BB9B117B2180C998CF94CF722.d.00F3B78EEFA801A82579B3A14E5C0CAB.e.6310"}]}
COMMAND: GET /session/0157ef9fabb145ee7fb2a1f3feebe51f/screenshot - {}
RESULT: {"script":"<script> [5351 bytes]","args":[{"element-6066-11e4-a52e-4f735466cecf":"f.2D1A903BB9B117B2180C998CF94CF722.d.00F3B78EEFA801A82579B3A14E5C0CAB.e.6310","ELEMENT":"f.2D1A903BB9B117B2180C998CF94CF722.d.00F3B78EEFA801A82579B3A14E5C0CAB.e.6310"}]}
COMMAND: POST /session/0157ef9fabb145ee7fb2a1f3feebe51f/element - {"using":"css selector","value":"#shell-header-logo"}
COMMAND: GET /session/0157ef9fabb145ee7fb2a1f3feebe51f/screenshot - {}
RESULT: {}
RESULT: {"using":"css selector","value":"#shell-header-logo"}
COMMAND: POST /session/0157ef9fabb145ee7fb2a1f3feebe51f/element/f.2D1A903BB9B117B2180C998CF94CF722.d.00F3B78EEFA801A82579B3A14E5C0CAB.e.6310/click - {}
RESULT: {}
RESULT: {}
COMMAND: GET /session/0157ef9fabb145ee7fb2a1f3feebe51f/screenshot - {}
RESULT: {}
COMMAND: POST /session/0157ef9fabb145ee7fb2a1f3feebe51f/execute/async - {"script":"<script> [189 bytes]","args":[]}
RESULT: {"script":"<script> [189 bytes]","args":[]}
COMMAND: POST /session/0157ef9fabb145ee7fb2a1f3feebe51f/execute/async - {"script":"<script> [123 bytes]","args":[]}
RESULT: {"script":"<script> [123 bytes]","args":[]}
COMMAND: POST /session/0157ef9fabb145ee7fb2a1f3feebe51f/timeouts - {"script":"<number>"}
RESULT: {"script":"<number>"}
COMMAND: GET /session/0157ef9fabb145ee7fb2a1f3feebe51f/timeouts - {}
RESULT: {}
RESULT: undefined
COMMAND: POST /session/0157ef9fabb145ee7fb2a1f3feebe51f/execute/async - {"script":"<script> [2676 bytes]","args":[]}
RESULT: {"script":"<script> [2676 bytes]","args":[]}
COMMAND: POST /session/0157ef9fabb145ee7fb2a1f3feebe51f/execute/async - {"script":"<script> [2342 bytes]","args":[{"protocol":"http","hostname":"0.0.0.0","path":"/","capabilities":{"browserName":"chrome","goog:chromeOptions":{"binary":"C:\\Program Files\\Google\\Chrome\\Application\\chrome.exe","args":["--start-maximized"]}},"logLevel":"warn","connectionRetryTimeout":120000,"connectionRetryCount":3,"logLevels":{},"enableDirectConnect":true,"strictSSL":true,"_":"65 more keys: [\"cacheDir\",\"port\",\"requestedCapabilities\",\"automationProtocol\",\"baseUrl\",\"waitforInterval\",\"waitforTimeout\",\"onReload\",\"beforeCommand\",\"afterCommand\",\"rootDir\",\"specs\",\"suites\",\"exclude\",\"groupLogsByTestSpec\",\"excludeDriverLogs\",\"bail\",\"framework\",\"reporters\",\"services\",\"maxInstances\",\"maxInstancesPerCapability\",\"injectGlobals\",\"filesToWatch\",\"execArgv\",\"runnerEnv\",\"runner\",\"shard\",\"specFileRetries\",\"specFileRetriesDelay\",\"specFileRetriesDeferred\",\"reporterSyncInterval\",\"reporterSyncTimeout\",\"cucumberFeaturesWithLineNumbers\",\"autoCompileOpts\",\"mochaOpts\",\"jasmineOpts\",\"cucumberOpts\",\"onPrepare\",\"onWorkerStart\",\"onWorkerEnd\",\"before\",\"beforeSession\",\"beforeSuite\",\"beforeHook\",\"beforeTest\",\"afterTest\",\"afterHook\",\"afterSuite\",\"afterSession\",\"after\",\"onComplete\",\"beforeAssertion\",\"afterAssertion\",\"beforeFeature\",\"beforeScenario\",\"beforeStep\",\"afterStep\",\"afterScenario\",\"afterFeature\",\"_\",\"suite\",\"$0\",\"ignoredWorkerServices\",\"wdi5\"]"}]}
RESULT: {"script":"<script> [2342 bytes]","args":[{"protocol":"http","hostname":"0.0.0.0","path":"/","capabilities":{"browserName":"chrome","goog:chromeOptions":{"binary":"C:\\Program Files\\Google\\Chrome\\Application\\chrome.exe","args":["--start-maximized"]}},"logLevel":"warn","connectionRetryTimeout":120000,"connectionRetryCount":3,"logLevels":{},"enableDirectConnect":true,"strictSSL":true,"_":"65 more keys: [\"cacheDir\",\"port\",\"requestedCapabilities\",\"automationProtocol\",\"baseUrl\",\"waitforInterval\",\"waitforTimeout\",\"onReload\",\"beforeCommand\",\"afterCommand\",\"rootDir\",\"specs\",\"suites\",\"exclude\",\"groupLogsByTestSpec\",\"excludeDriverLogs\",\"bail\",\"framework\",\"reporters\",\"services\",\"maxInstances\",\"maxInstancesPerCapability\",\"injectGlobals\",\"filesToWatch\",\"execArgv\",\"runnerEnv\",\"runner\",\"shard\",\"specFileRetries\",\"specFileRetriesDelay\",\"specFileRetriesDeferred\",\"reporterSyncInterval\",\"reporterSyncTimeout\",\"cucumberFeaturesWithLineNumbers\",\"autoCompileOpts\",\"mochaOpts\",\"jasmineOpts\",\"cucumberOpts\",\"onPrepare\",\"onWorkerStart\",\"onWorkerEnd\",\"before\",\"beforeSession\",\"beforeSuite\",\"beforeHook\",\"beforeTest\",\"afterTest\",\"afterHook\",\"afterSuite\",\"afterSession\",\"after\",\"onComplete\",\"beforeAssertion\",\"afterAssertion\",\"beforeFeature\",\"beforeScenario\",\"beforeStep\",\"afterStep\",\"afterScenario\",\"afterFeature\",\"_\",\"suite\",\"$0\",\"ignoredWorkerServices\",\"wdi5\"]"}]}
COMMAND: POST /session/0157ef9fabb145ee7fb2a1f3feebe51f/execute/async - {"script":"<script> [21126 bytes]","args":[35000]}
RESULT: {"script":"<script> [21126 bytes]","args":[35000]}
COMMAND: POST /session/0157ef9fabb145ee7fb2a1f3feebe51f/window/maximize - {}
RESULT: {}
COMMAND: POST /session/0157ef9fabb145ee7fb2a1f3feebe51f/execute/async - {"script":"<script> [1562 bytes]","args":[{"selector":{"id":"shell-header","interaction":{"idSuffix":"icon"}},"wdio_ui5_key":"shellheader"}]}
COMMAND: GET /session/0157ef9fabb145ee7fb2a1f3feebe51f/screenshot - {}
RESULT: {"script":"<script> [1562 bytes]","args":[{"selector":{"id":"shell-header","interaction":{"idSuffix":"icon"}},"wdio_ui5_key":"shellheader"}]}
RESULT: undefined
COMMAND: POST /session/0157ef9fabb145ee7fb2a1f3feebe51f/refresh - {}
RESULT: {}
RESULT: {}
COMMAND: GET /session/0157ef9fabb145ee7fb2a1f3feebe51f/screenshot - {}
RESULT: {}
COMMAND: POST /session/0157ef9fabb145ee7fb2a1f3feebe51f/refresh - {}
RESULT: {}
COMMAND: GET /session/0157ef9fabb145ee7fb2a1f3feebe51f/screenshot - {}
RESULT: {}
COMMAND: POST /session/0157ef9fabb145ee7fb2a1f3feebe51f/execute/async - {"script":"<script> [189 bytes]","args":[]}
RESULT: {"script":"<script> [189 bytes]","args":[]}
COMMAND: POST /session/0157ef9fabb145ee7fb2a1f3feebe51f/execute/async - {"script":"<script> [123 bytes]","args":[]}
RESULT: {"script":"<script> [123 bytes]","args":[]}
COMMAND: POST /session/0157ef9fabb145ee7fb2a1f3feebe51f/timeouts - {"script":"<number>"}
RESULT: {"script":"<number>"}
COMMAND: GET /session/0157ef9fabb145ee7fb2a1f3feebe51f/timeouts - {}
RESULT: {}
RESULT: undefined
COMMAND: POST /session/0157ef9fabb145ee7fb2a1f3feebe51f/execute/async - {"script":"<script> [2676 bytes]","args":[]}
RESULT: {"script":"<script> [2676 bytes]","args":[]}
COMMAND: POST /session/0157ef9fabb145ee7fb2a1f3feebe51f/execute/async - {"script":"<script> [2342 bytes]","args":[{"protocol":"http","hostname":"0.0.0.0","path":"/","capabilities":{"browserName":"chrome","goog:chromeOptions":{"binary":"C:\\Program Files\\Google\\Chrome\\Application\\chrome.exe","args":["--start-maximized"]}},"logLevel":"warn","connectionRetryTimeout":120000,"connectionRetryCount":3,"logLevels":{},"enableDirectConnect":true,"strictSSL":true,"_":"65 more keys: [\"cacheDir\",\"port\",\"requestedCapabilities\",\"automationProtocol\",\"baseUrl\",\"waitforInterval\",\"waitforTimeout\",\"onReload\",\"beforeCommand\",\"afterCommand\",\"rootDir\",\"specs\",\"suites\",\"exclude\",\"groupLogsByTestSpec\",\"excludeDriverLogs\",\"bail\",\"framework\",\"reporters\",\"services\",\"maxInstances\",\"maxInstancesPerCapability\",\"injectGlobals\",\"filesToWatch\",\"execArgv\",\"runnerEnv\",\"runner\",\"shard\",\"specFileRetries\",\"specFileRetriesDelay\",\"specFileRetriesDeferred\",\"reporterSyncInterval\",\"reporterSyncTimeout\",\"cucumberFeaturesWithLineNumbers\",\"autoCompileOpts\",\"mochaOpts\",\"jasmineOpts\",\"cucumberOpts\",\"onPrepare\",\"onWorkerStart\",\"onWorkerEnd\",\"before\",\"beforeSession\",\"beforeSuite\",\"beforeHook\",\"beforeTest\",\"afterTest\",\"afterHook\",\"afterSuite\",\"afterSession\",\"after\",\"onComplete\",\"beforeAssertion\",\"afterAssertion\",\"beforeFeature\",\"beforeScenario\",\"beforeStep\",\"afterStep\",\"afterScenario\",\"afterFeature\",\"_\",\"suite\",\"$0\",\"ignoredWorkerServices\",\"wdi5\"]"}]}
RESULT: {"script":"<script> [2342 bytes]","args":[{"protocol":"http","hostname":"0.0.0.0","path":"/","capabilities":{"browserName":"chrome","goog:chromeOptions":{"binary":"C:\\Program Files\\Google\\Chrome\\Application\\chrome.exe","args":["--start-maximized"]}},"logLevel":"warn","connectionRetryTimeout":120000,"connectionRetryCount":3,"logLevels":{},"enableDirectConnect":true,"strictSSL":true,"_":"65 more keys: [\"cacheDir\",\"port\",\"requestedCapabilities\",\"automationProtocol\",\"baseUrl\",\"waitforInterval\",\"waitforTimeout\",\"onReload\",\"beforeCommand\",\"afterCommand\",\"rootDir\",\"specs\",\"suites\",\"exclude\",\"groupLogsByTestSpec\",\"excludeDriverLogs\",\"bail\",\"framework\",\"reporters\",\"services\",\"maxInstances\",\"maxInstancesPerCapability\",\"injectGlobals\",\"filesToWatch\",\"execArgv\",\"runnerEnv\",\"runner\",\"shard\",\"specFileRetries\",\"specFileRetriesDelay\",\"specFileRetriesDeferred\",\"reporterSyncInterval\",\"reporterSyncTimeout\",\"cucumberFeaturesWithLineNumbers\",\"autoCompileOpts\",\"mochaOpts\",\"jasmineOpts\",\"cucumberOpts\",\"onPrepare\",\"onWorkerStart\",\"onWorkerEnd\",\"before\",\"beforeSession\",\"beforeSuite\",\"beforeHook\",\"beforeTest\",\"afterTest\",\"afterHook\",\"afterSuite\",\"afterSession\",\"after\",\"onComplete\",\"beforeAssertion\",\"afterAssertion\",\"beforeFeature\",\"beforeScenario\",\"beforeStep\",\"afterStep\",\"afterScenario\",\"afterFeature\",\"_\",\"suite\",\"$0\",\"ignoredWorkerServices\",\"wdi5\"]"}]}
COMMAND: POST /session/0157ef9fabb145ee7fb2a1f3feebe51f/execute/async - {"script":"<script> [21126 bytes]","args":[35000]}
RESULT: {"script":"<script> [21126 bytes]","args":[35000]}
]]></system-out>
    </testcase>
  </testsuite>
  <testsuite timestamp="2025-04-17T05:58:30" time="1201.295" tests="14" failures="0" errors="0" skipped="0">
    <properties>
      <property name="specId" value="0"/>
      <property name="suiteName" value="Create master data for mixed billing &amp; do billing calculation US151661"/>
      <property name="capabilities" value="chrome.135_0_7049_42.windows"/>
      <property name="file" value="file:///D:/a/1/s/test/specs/BTS/billing-calculation-mixed.spec.js"/>
    </properties>
    <testcase classname="chrome.135_0_7049_42.windows.Create_master_data_for_mixed_billing_&amp;_do_billing_calculation_US151661" name="Should create a new yard" time="103.313">
      <system-out><![CDATA[
COMMAND: POST /session/0157ef9fabb145ee7fb2a1f3feebe51f/window/fullscreen - {}
RESULT: {}
COMMAND: POST /session/0157ef9fabb145ee7fb2a1f3feebe51f/execute/async - {"script":"<script> [1562 bytes]","args":[{"selector":{"controlType":"sap.m.GenericTile","properties":{"header":"Manage Yards"}},"wdio_ui5_key":"sapm.GenericTile{\"header\":\"Manage Yards\"}"}]}
RESULT: {"script":"<script> [1562 bytes]","args":[{"selector":{"controlType":"sap.m.GenericTile","properties":{"header":"Manage Yards"}},"wdio_ui5_key":"sapm.GenericTile{\"header\":\"Manage Yards\"}"}]}
RESULT: undefined
COMMAND: POST /session/0157ef9fabb145ee7fb2a1f3feebe51f/element - {"using":"xpath","value":"//*[@id=\"__tile41\"]"}
RESULT: {"using":"xpath","value":"//*[@id=\"__tile41\"]"}
COMMAND: POST /session/0157ef9fabb145ee7fb2a1f3feebe51f/element/f.2D1A903BB9B117B2180C998CF94CF722.d.003A5A1609618BA2D1C7A3B22029E08B.e.6407/click - {}
RESULT: {}
COMMAND: POST /session/0157ef9fabb145ee7fb2a1f3feebe51f/element - {"using":"xpath","value":"//button[@data-kt=\"addNewYardOverflowToolbarButton\"]"}
COMMAND: GET /session/0157ef9fabb145ee7fb2a1f3feebe51f/screenshot - {}
RESULT: {"using":"xpath","value":"//button[@data-kt=\"addNewYardOverflowToolbarButton\"]"}
COMMAND: POST /session/0157ef9fabb145ee7fb2a1f3feebe51f/elements - {"using":"xpath","value":"//button[@data-kt=\"addNewYardOverflowToolbarButton\"]"}
RESULT: {}
RESULT: {"using":"xpath","value":"//button[@data-kt=\"addNewYardOverflowToolbarButton\"]"}
COMMAND: POST /session/0157ef9fabb145ee7fb2a1f3feebe51f/elements - {"using":"xpath","value":"//button[@data-kt=\"addNewYardOverflowToolbarButton\"]"}
RESULT: {"using":"xpath","value":"//button[@data-kt=\"addNewYardOverflowToolbarButton\"]"}
COMMAND: POST /session/0157ef9fabb145ee7fb2a1f3feebe51f/elements - {"using":"xpath","value":"//button[@data-kt=\"addNewYardOverflowToolbarButton\"]"}
RESULT: {"using":"xpath","value":"//button[@data-kt=\"addNewYardOverflowToolbarButton\"]"}
COMMAND: POST /session/0157ef9fabb145ee7fb2a1f3feebe51f/elements - {"using":"xpath","value":"//button[@data-kt=\"addNewYardOverflowToolbarButton\"]"}
RESULT: {"using":"xpath","value":"//button[@data-kt=\"addNewYardOverflowToolbarButton\"]"}
COMMAND: POST /session/0157ef9fabb145ee7fb2a1f3feebe51f/elements - {"using":"xpath","value":"//button[@data-kt=\"addNewYardOverflowToolbarButton\"]"}
RESULT: {"using":"xpath","value":"//button[@data-kt=\"addNewYardOverflowToolbarButton\"]"}
COMMAND: POST /session/0157ef9fabb145ee7fb2a1f3feebe51f/elements - {"using":"xpath","value":"//button[@data-kt=\"addNewYardOverflowToolbarButton\"]"}
RESULT: {"using":"xpath","value":"//button[@data-kt=\"addNewYardOverflowToolbarButton\"]"}
COMMAND: POST /session/0157ef9fabb145ee7fb2a1f3feebe51f/elements - {"using":"xpath","value":"//button[@data-kt=\"addNewYardOverflowToolbarButton\"]"}
RESULT: {"using":"xpath","value":"//button[@data-kt=\"addNewYardOverflowToolbarButton\"]"}
COMMAND: POST /session/0157ef9fabb145ee7fb2a1f3feebe51f/elements - {"using":"xpath","value":"//button[@data-kt=\"addNewYardOverflowToolbarButton\"]"}
RESULT: {"using":"xpath","value":"//button[@data-kt=\"addNewYardOverflowToolbarButton\"]"}
COMMAND: POST /session/0157ef9fabb145ee7fb2a1f3feebe51f/elements - {"using":"xpath","value":"//button[@data-kt=\"addNewYardOverflowToolbarButton\"]"}
RESULT: {"using":"xpath","value":"//button[@data-kt=\"addNewYardOverflowToolbarButton\"]"}
COMMAND: POST /session/0157ef9fabb145ee7fb2a1f3feebe51f/elements - {"using":"xpath","value":"//button[@data-kt=\"addNewYardOverflowToolbarButton\"]"}
RESULT: {"using":"xpath","value":"//button[@data-kt=\"addNewYardOverflowToolbarButton\"]"}
COMMAND: POST /session/0157ef9fabb145ee7fb2a1f3feebe51f/elements - {"using":"xpath","value":"//button[@data-kt=\"addNewYardOverflowToolbarButton\"]"}
RESULT: {"using":"xpath","value":"//button[@data-kt=\"addNewYardOverflowToolbarButton\"]"}
COMMAND: POST /session/0157ef9fabb145ee7fb2a1f3feebe51f/elements - {"using":"xpath","value":"//button[@data-kt=\"addNewYardOverflowToolbarButton\"]"}
RESULT: {"using":"xpath","value":"//button[@data-kt=\"addNewYardOverflowToolbarButton\"]"}
COMMAND: POST /session/0157ef9fabb145ee7fb2a1f3feebe51f/elements - {"using":"xpath","value":"//button[@data-kt=\"addNewYardOverflowToolbarButton\"]"}
RESULT: {"using":"xpath","value":"//button[@data-kt=\"addNewYardOverflowToolbarButton\"]"}
COMMAND: POST /session/0157ef9fabb145ee7fb2a1f3feebe51f/elements - {"using":"xpath","value":"//button[@data-kt=\"addNewYardOverflowToolbarButton\"]"}
RESULT: {"using":"xpath","value":"//button[@data-kt=\"addNewYardOverflowToolbarButton\"]"}
COMMAND: POST /session/0157ef9fabb145ee7fb2a1f3feebe51f/elements - {"using":"xpath","value":"//button[@data-kt=\"addNewYardOverflowToolbarButton\"]"}
RESULT: {"using":"xpath","value":"//button[@data-kt=\"addNewYardOverflowToolbarButton\"]"}
COMMAND: POST /session/0157ef9fabb145ee7fb2a1f3feebe51f/elements - {"using":"xpath","value":"//button[@data-kt=\"addNewYardOverflowToolbarButton\"]"}
RESULT: {"using":"xpath","value":"//button[@data-kt=\"addNewYardOverflowToolbarButton\"]"}
COMMAND: POST /session/0157ef9fabb145ee7fb2a1f3feebe51f/elements - {"using":"xpath","value":"//button[@data-kt=\"addNewYardOverflowToolbarButton\"]"}
RESULT: {"using":"xpath","value":"//button[@data-kt=\"addNewYardOverflowToolbarButton\"]"}
COMMAND: POST /session/0157ef9fabb145ee7fb2a1f3feebe51f/elements - {"using":"xpath","value":"//button[@data-kt=\"addNewYardOverflowToolbarButton\"]"}
RESULT: {"using":"xpath","value":"//button[@data-kt=\"addNewYardOverflowToolbarButton\"]"}
COMMAND: POST /session/0157ef9fabb145ee7fb2a1f3feebe51f/elements - {"using":"xpath","value":"//button[@data-kt=\"addNewYardOverflowToolbarButton\"]"}
RESULT: {"using":"xpath","value":"//button[@data-kt=\"addNewYardOverflowToolbarButton\"]"}
COMMAND: POST /session/0157ef9fabb145ee7fb2a1f3feebe51f/elements - {"using":"xpath","value":"//button[@data-kt=\"addNewYardOverflowToolbarButton\"]"}
RESULT: {"using":"xpath","value":"//button[@data-kt=\"addNewYardOverflowToolbarButton\"]"}
COMMAND: POST /session/0157ef9fabb145ee7fb2a1f3feebe51f/elements - {"using":"xpath","value":"//button[@data-kt=\"addNewYardOverflowToolbarButton\"]"}
RESULT: {"using":"xpath","value":"//button[@data-kt=\"addNewYardOverflowToolbarButton\"]"}
COMMAND: POST /session/0157ef9fabb145ee7fb2a1f3feebe51f/elements - {"using":"xpath","value":"//button[@data-kt=\"addNewYardOverflowToolbarButton\"]"}
RESULT: {"using":"xpath","value":"//button[@data-kt=\"addNewYardOverflowToolbarButton\"]"}
COMMAND: POST /session/0157ef9fabb145ee7fb2a1f3feebe51f/elements - {"using":"xpath","value":"//button[@data-kt=\"addNewYardOverflowToolbarButton\"]"}
RESULT: {"using":"xpath","value":"//button[@data-kt=\"addNewYardOverflowToolbarButton\"]"}
COMMAND: POST /session/0157ef9fabb145ee7fb2a1f3feebe51f/elements - {"using":"xpath","value":"//button[@data-kt=\"addNewYardOverflowToolbarButton\"]"}
RESULT: {"using":"xpath","value":"//button[@data-kt=\"addNewYardOverflowToolbarButton\"]"}
COMMAND: POST /session/0157ef9fabb145ee7fb2a1f3feebe51f/elements - {"using":"xpath","value":"//button[@data-kt=\"addNewYardOverflowToolbarButton\"]"}
RESULT: {"using":"xpath","value":"//button[@data-kt=\"addNewYardOverflowToolbarButton\"]"}
COMMAND: POST /session/0157ef9fabb145ee7fb2a1f3feebe51f/elements - {"using":"xpath","value":"//button[@data-kt=\"addNewYardOverflowToolbarButton\"]"}
RESULT: {"using":"xpath","value":"//button[@data-kt=\"addNewYardOverflowToolbarButton\"]"}
COMMAND: POST /session/0157ef9fabb145ee7fb2a1f3feebe51f/elements - {"using":"xpath","value":"//button[@data-kt=\"addNewYardOverflowToolbarButton\"]"}
RESULT: {"using":"xpath","value":"//button[@data-kt=\"addNewYardOverflowToolbarButton\"]"}
COMMAND: POST /session/0157ef9fabb145ee7fb2a1f3feebe51f/elements - {"using":"xpath","value":"//button[@data-kt=\"addNewYardOverflowToolbarButton\"]"}
RESULT: {"using":"xpath","value":"//button[@data-kt=\"addNewYardOverflowToolbarButton\"]"}
COMMAND: POST /session/0157ef9fabb145ee7fb2a1f3feebe51f/elements - {"using":"xpath","value":"//button[@data-kt=\"addNewYardOverflowToolbarButton\"]"}
RESULT: {"using":"xpath","value":"//button[@data-kt=\"addNewYardOverflowToolbarButton\"]"}
COMMAND: POST /session/0157ef9fabb145ee7fb2a1f3feebe51f/elements - {"using":"xpath","value":"//button[@data-kt=\"addNewYardOverflowToolbarButton\"]"}
RESULT: {"using":"xpath","value":"//button[@data-kt=\"addNewYardOverflowToolbarButton\"]"}
COMMAND: POST /session/0157ef9fabb145ee7fb2a1f3feebe51f/elements - {"using":"xpath","value":"//button[@data-kt=\"addNewYardOverflowToolbarButton\"]"}
RESULT: {"using":"xpath","value":"//button[@data-kt=\"addNewYardOverflowToolbarButton\"]"}
COMMAND: POST /session/0157ef9fabb145ee7fb2a1f3feebe51f/element - {"using":"xpath","value":"//button[@data-kt=\"addNewYardOverflowToolbarButton\"]"}
RESULT: {"using":"xpath","value":"//button[@data-kt=\"addNewYardOverflowToolbarButton\"]"}
COMMAND: POST /session/0157ef9fabb145ee7fb2a1f3feebe51f/execute/sync - {"script":"<script> [8489 bytes]","args":[{"element-6066-11e4-a52e-4f735466cecf":"f.2D1A903BB9B117B2180C998CF94CF722.d.003A5A1609618BA2D1C7A3B22029E08B.e.6537","ELEMENT":"f.2D1A903BB9B117B2180C998CF94CF722.d.003A5A1609618BA2D1C7A3B22029E08B.e.6537"}]}
RESULT: {"script":"<script> [8489 bytes]","args":[{"element-6066-11e4-a52e-4f735466cecf":"f.2D1A903BB9B117B2180C998CF94CF722.d.003A5A1609618BA2D1C7A3B22029E08B.e.6537","ELEMENT":"f.2D1A903BB9B117B2180C998CF94CF722.d.003A5A1609618BA2D1C7A3B22029E08B.e.6537"}]}
COMMAND: GET /session/0157ef9fabb145ee7fb2a1f3feebe51f/element/f.2D1A903BB9B117B2180C998CF94CF722.d.003A5A1609618BA2D1C7A3B22029E08B.e.6537/enabled - {}
RESULT: {}
COMMAND: POST /session/0157ef9fabb145ee7fb2a1f3feebe51f/execute/sync - {"script":"<script> [8489 bytes]","args":[{"element-6066-11e4-a52e-4f735466cecf":"f.2D1A903BB9B117B2180C998CF94CF722.d.003A5A1609618BA2D1C7A3B22029E08B.e.6537","ELEMENT":"f.2D1A903BB9B117B2180C998CF94CF722.d.003A5A1609618BA2D1C7A3B22029E08B.e.6537"}]}
RESULT: {"script":"<script> [8489 bytes]","args":[{"element-6066-11e4-a52e-4f735466cecf":"f.2D1A903BB9B117B2180C998CF94CF722.d.003A5A1609618BA2D1C7A3B22029E08B.e.6537","ELEMENT":"f.2D1A903BB9B117B2180C998CF94CF722.d.003A5A1609618BA2D1C7A3B22029E08B.e.6537"}]}
COMMAND: POST /session/0157ef9fabb145ee7fb2a1f3feebe51f/execute/sync - {"script":"<script> [5351 bytes]","args":[{"element-6066-11e4-a52e-4f735466cecf":"f.2D1A903BB9B117B2180C998CF94CF722.d.003A5A1609618BA2D1C7A3B22029E08B.e.6537","ELEMENT":"f.2D1A903BB9B117B2180C998CF94CF722.d.003A5A1609618BA2D1C7A3B22029E08B.e.6537"}]}
COMMAND: GET /session/0157ef9fabb145ee7fb2a1f3feebe51f/screenshot - {}
COMMAND: GET /session/0157ef9fabb145ee7fb2a1f3feebe51f/screenshot - {}
COMMAND: GET /session/0157ef9fabb145ee7fb2a1f3feebe51f/screenshot - {}
RESULT: {"script":"<script> [5351 bytes]","args":[{"element-6066-11e4-a52e-4f735466cecf":"f.2D1A903BB9B117B2180C998CF94CF722.d.003A5A1609618BA2D1C7A3B22029E08B.e.6537","ELEMENT":"f.2D1A903BB9B117B2180C998CF94CF722.d.003A5A1609618BA2D1C7A3B22029E08B.e.6537"}]}
COMMAND: POST /session/0157ef9fabb145ee7fb2a1f3feebe51f/element/f.2D1A903BB9B117B2180C998CF94CF722.d.003A5A1609618BA2D1C7A3B22029E08B.e.6537/click - {}
COMMAND: GET /session/0157ef9fabb145ee7fb2a1f3feebe51f/screenshot - {}
RESULT: {}
RESULT: {}
RESULT: {}
RESULT: {}
COMMAND: GET /session/0157ef9fabb145ee7fb2a1f3feebe51f/screenshot - {}
RESULT: {}
RESULT: {}
COMMAND: POST /session/0157ef9fabb145ee7fb2a1f3feebe51f/element - {"using":"xpath","value":"//input[@id=\"application-manageyards-display-component---NewYard--yardId-inner\"]"}
RESULT: {"using":"xpath","value":"//input[@id=\"application-manageyards-display-component---NewYard--yardId-inner\"]"}
COMMAND: POST /session/0157ef9fabb145ee7fb2a1f3feebe51f/element - {"using":"xpath","value":"//input[@id=\"application-manageyards-display-component---NewYard--yardId-inner\"]"}
RESULT: {"using":"xpath","value":"//input[@id=\"application-manageyards-display-component---NewYard--yardId-inner\"]"}
COMMAND: POST /session/0157ef9fabb145ee7fb2a1f3feebe51f/execute/async - {"script":"<script> [1562 bytes]","args":[{"selector":{"id":"application-manageyards-display-component---NewYard--addressDetailDetailsName1","interaction":{"idSuffix":"inner"}},"wdio_ui5_key":"applicationmanageyards-display-component---NewYard--addressDetailDetailsName1"}]}
RESULT: {"script":"<script> [1562 bytes]","args":[{"selector":{"id":"application-manageyards-display-component---NewYard--addressDetailDetailsName1","interaction":{"idSuffix":"inner"}},"wdio_ui5_key":"applicationmanageyards-display-component---NewYard--addressDetailDetailsName1"}]}
RESULT: undefined
COMMAND: POST /session/0157ef9fabb145ee7fb2a1f3feebe51f/execute/async - {"script":"<script> [776 bytes]","args":[{"enterText":"Intercompany Yard wdIO","selector":{"id":"application-manageyards-display-component---NewYard--addressDetailDetailsName1","interaction":{"idSuffix":"inner"}},"clearTextFirst":true,"interactionType":"ENTER_TEXT"}]}
RESULT: {"script":"<script> [776 bytes]","args":[{"enterText":"Intercompany Yard wdIO","selector":{"id":"application-manageyards-display-component---NewYard--addressDetailDetailsName1","interaction":{"idSuffix":"inner"}},"clearTextFirst":true,"interactionType":"ENTER_TEXT"}]}
COMMAND: POST /session/0157ef9fabb145ee7fb2a1f3feebe51f/execute/async - {"script":"<script> [1562 bytes]","args":[{"selector":{"id":"application-manageyards-display-component---NewYard--addressDetailDetailsLanguage-arrow"},"wdio_ui5_key":"applicationmanageyards-display-component---NewYard--addressDetailDetailsLanguage-arrow"}]}
RESULT: {"script":"<script> [1562 bytes]","args":[{"selector":{"id":"application-manageyards-display-component---NewYard--addressDetailDetailsLanguage-arrow"},"wdio_ui5_key":"applicationmanageyards-display-component---NewYard--addressDetailDetailsLanguage-arrow"}]}
RESULT: undefined
COMMAND: POST /session/0157ef9fabb145ee7fb2a1f3feebe51f/element - {"using":"xpath","value":"//*[@id=\"application-manageyards-display-component---NewYard--addressDetailDetailsLanguage-arrow\"]"}
RESULT: {"using":"xpath","value":"//*[@id=\"application-manageyards-display-component---NewYard--addressDetailDetailsLanguage-arrow\"]"}
COMMAND: POST /session/0157ef9fabb145ee7fb2a1f3feebe51f/element/f.2D1A903BB9B117B2180C998CF94CF722.d.003A5A1609618BA2D1C7A3B22029E08B.e.6982/click - {}
RESULT: {}
COMMAND: POST /session/0157ef9fabb145ee7fb2a1f3feebe51f/element - {"using":"xpath","value":"//span[contains(text(), \"English\")]"}
COMMAND: GET /session/0157ef9fabb145ee7fb2a1f3feebe51f/screenshot - {}
RESULT: {"using":"xpath","value":"//span[contains(text(), \"English\")]"}
COMMAND: POST /session/0157ef9fabb145ee7fb2a1f3feebe51f/element/f.2D1A903BB9B117B2180C998CF94CF722.d.003A5A1609618BA2D1C7A3B22029E08B.e.6983/click - {}
RESULT: {}
RESULT: {}
COMMAND: POST /session/0157ef9fabb145ee7fb2a1f3feebe51f/execute/async - {"script":"<script> [1562 bytes]","args":[{"selector":{"id":"application-manageyards-display-component---NewYard--addressDetailDetailsCity1","interaction":{"idSuffix":"inner"}},"wdio_ui5_key":"applicationmanageyards-display-component---NewYard--addressDetailDetailsCity1"}]}
COMMAND: GET /session/0157ef9fabb145ee7fb2a1f3feebe51f/screenshot - {}
RESULT: {"script":"<script> [1562 bytes]","args":[{"selector":{"id":"application-manageyards-display-component---NewYard--addressDetailDetailsCity1","interaction":{"idSuffix":"inner"}},"wdio_ui5_key":"applicationmanageyards-display-component---NewYard--addressDetailDetailsCity1"}]}
RESULT: undefined
COMMAND: POST /session/0157ef9fabb145ee7fb2a1f3feebe51f/execute/async - {"script":"<script> [776 bytes]","args":[{"enterText":"Rosario","selector":{"id":"application-manageyards-display-component---NewYard--addressDetailDetailsCity1","interaction":{"idSuffix":"inner"}},"clearTextFirst":true,"interactionType":"ENTER_TEXT"}]}
RESULT: {}
RESULT: {"script":"<script> [776 bytes]","args":[{"enterText":"Rosario","selector":{"id":"application-manageyards-display-component---NewYard--addressDetailDetailsCity1","interaction":{"idSuffix":"inner"}},"clearTextFirst":true,"interactionType":"ENTER_TEXT"}]}
COMMAND: POST /session/0157ef9fabb145ee7fb2a1f3feebe51f/execute/async - {"script":"<script> [1562 bytes]","args":[{"selector":{"id":"application-manageyards-display-component---NewYard--addressDetailDetailsCountry-arrow"},"wdio_ui5_key":"applicationmanageyards-display-component---NewYard--addressDetailDetailsCountry-arrow"}]}
RESULT: {"script":"<script> [1562 bytes]","args":[{"selector":{"id":"application-manageyards-display-component---NewYard--addressDetailDetailsCountry-arrow"},"wdio_ui5_key":"applicationmanageyards-display-component---NewYard--addressDetailDetailsCountry-arrow"}]}
RESULT: undefined
COMMAND: POST /session/0157ef9fabb145ee7fb2a1f3feebe51f/element - {"using":"xpath","value":"//*[@id=\"application-manageyards-display-component---NewYard--addressDetailDetailsCountry-arrow\"]"}
RESULT: {"using":"xpath","value":"//*[@id=\"application-manageyards-display-component---NewYard--addressDetailDetailsCountry-arrow\"]"}
COMMAND: POST /session/0157ef9fabb145ee7fb2a1f3feebe51f/element/f.2D1A903BB9B117B2180C998CF94CF722.d.003A5A1609618BA2D1C7A3B22029E08B.e.6985/click - {}
RESULT: {}
COMMAND: POST /session/0157ef9fabb145ee7fb2a1f3feebe51f/element - {"using":"xpath","value":"//span[contains(text(), \"Argentina\")]"}
COMMAND: GET /session/0157ef9fabb145ee7fb2a1f3feebe51f/screenshot - {}
RESULT: {"using":"xpath","value":"//span[contains(text(), \"Argentina\")]"}
COMMAND: POST /session/0157ef9fabb145ee7fb2a1f3feebe51f/element/f.2D1A903BB9B117B2180C998CF94CF722.d.003A5A1609618BA2D1C7A3B22029E08B.e.6986/click - {}
RESULT: {}
RESULT: {}
COMMAND: POST /session/0157ef9fabb145ee7fb2a1f3feebe51f/execute/async - {"script":"<script> [1562 bytes]","args":[{"selector":{"id":"application-manageyards-display-component---NewYard--addressEditDetailsCostObjectCstType-arrow"},"wdio_ui5_key":"applicationmanageyards-display-component---NewYard--addressEditDetailsCostObjectCstType-arrow"}]}
COMMAND: GET /session/0157ef9fabb145ee7fb2a1f3feebe51f/screenshot - {}
RESULT: {"script":"<script> [1562 bytes]","args":[{"selector":{"id":"application-manageyards-display-component---NewYard--addressEditDetailsCostObjectCstType-arrow"},"wdio_ui5_key":"applicationmanageyards-display-component---NewYard--addressEditDetailsCostObjectCstType-arrow"}]}
RESULT: undefined
COMMAND: POST /session/0157ef9fabb145ee7fb2a1f3feebe51f/element - {"using":"xpath","value":"//*[@id=\"application-manageyards-display-component---NewYard--addressEditDetailsCostObjectCstType-arrow\"]"}
RESULT: {}
RESULT: {"using":"xpath","value":"//*[@id=\"application-manageyards-display-component---NewYard--addressEditDetailsCostObjectCstType-arrow\"]"}
COMMAND: POST /session/0157ef9fabb145ee7fb2a1f3feebe51f/element/f.2D1A903BB9B117B2180C998CF94CF722.d.003A5A1609618BA2D1C7A3B22029E08B.e.6988/click - {}
RESULT: {}
COMMAND: POST /session/0157ef9fabb145ee7fb2a1f3feebe51f/element - {"using":"xpath","value":"//span[contains(text(), \"Cost Center\")]"}
COMMAND: GET /session/0157ef9fabb145ee7fb2a1f3feebe51f/screenshot - {}
RESULT: {"using":"xpath","value":"//span[contains(text(), \"Cost Center\")]"}
COMMAND: POST /session/0157ef9fabb145ee7fb2a1f3feebe51f/element/f.2D1A903BB9B117B2180C998CF94CF722.d.003A5A1609618BA2D1C7A3B22029E08B.e.6989/click - {}
RESULT: {}
RESULT: {}
COMMAND: GET /session/0157ef9fabb145ee7fb2a1f3feebe51f/screenshot - {}
RESULT: {}
COMMAND: POST /session/0157ef9fabb145ee7fb2a1f3feebe51f/element - {"using":"xpath","value":"//span[@id=\"application-manageyards-display-component---NewYard--addressNewCostObjectCstID-vhi\"]"}
RESULT: {"using":"xpath","value":"//span[@id=\"application-manageyards-display-component---NewYard--addressNewCostObjectCstID-vhi\"]"}
COMMAND: POST /session/0157ef9fabb145ee7fb2a1f3feebe51f/execute/sync - {"script":"<script> [8489 bytes]","args":[{"element-6066-11e4-a52e-4f735466cecf":"f.2D1A903BB9B117B2180C998CF94CF722.d.003A5A1609618BA2D1C7A3B22029E08B.e.6992","ELEMENT":"f.2D1A903BB9B117B2180C998CF94CF722.d.003A5A1609618BA2D1C7A3B22029E08B.e.6992"}]}
RESULT: {"script":"<script> [8489 bytes]","args":[{"element-6066-11e4-a52e-4f735466cecf":"f.2D1A903BB9B117B2180C998CF94CF722.d.003A5A1609618BA2D1C7A3B22029E08B.e.6992","ELEMENT":"f.2D1A903BB9B117B2180C998CF94CF722.d.003A5A1609618BA2D1C7A3B22029E08B.e.6992"}]}
COMMAND: POST /session/0157ef9fabb145ee7fb2a1f3feebe51f/execute/async - {"script":"<script> [1562 bytes]","args":[{"selector":{"id":"application-manageyards-display-component---NewYard--addressNewCostObjectCstID-vhi"},"wdio_ui5_key":"applicationmanageyards-display-component---NewYard--addressNewCostObjectCstID-vhi"}]}
COMMAND: GET /session/0157ef9fabb145ee7fb2a1f3feebe51f/screenshot - {}
RESULT: {"script":"<script> [1562 bytes]","args":[{"selector":{"id":"application-manageyards-display-component---NewYard--addressNewCostObjectCstID-vhi"},"wdio_ui5_key":"applicationmanageyards-display-component---NewYard--addressNewCostObjectCstID-vhi"}]}
RESULT: undefined
COMMAND: POST /session/0157ef9fabb145ee7fb2a1f3feebe51f/element - {"using":"xpath","value":"//*[@id=\"application-manageyards-display-component---NewYard--addressNewCostObjectCstID-vhi\"]"}
RESULT: {}
RESULT: {"using":"xpath","value":"//*[@id=\"application-manageyards-display-component---NewYard--addressNewCostObjectCstID-vhi\"]"}
COMMAND: POST /session/0157ef9fabb145ee7fb2a1f3feebe51f/element/f.2D1A903BB9B117B2180C998CF94CF722.d.003A5A1609618BA2D1C7A3B22029E08B.e.6992/click - {}
RESULT: {}
COMMAND: GET /session/0157ef9fabb145ee7fb2a1f3feebe51f/screenshot - {}
RESULT: {}
COMMAND: POST /session/0157ef9fabb145ee7fb2a1f3feebe51f/execute/async - {"script":"<script> [1562 bytes]","args":[{"selector":{"controlType":"sap.m.SearchField","properties":{"placeholder":"Search"},"searchOpenDialogs":true,"interaction":{"idSuffix":"I"}},"wdio_ui5_key":"sapm.SearchField{\"placeholder\":\"Search\"}"}]}
RESULT: {"script":"<script> [1562 bytes]","args":[{"selector":{"controlType":"sap.m.SearchField","properties":{"placeholder":"Search"},"searchOpenDialogs":true,"interaction":{"idSuffix":"I"}},"wdio_ui5_key":"sapm.SearchField{\"placeholder\":\"Search\"}"}]}
RESULT: undefined
COMMAND: POST /session/0157ef9fabb145ee7fb2a1f3feebe51f/execute/async - {"script":"<script> [776 bytes]","args":[{"enterText":"10001013","selector":{"controlType":"sap.m.SearchField","properties":{"placeholder":"Search"},"searchOpenDialogs":true,"interaction":{"idSuffix":"I"}},"clearTextFirst":true,"interactionType":"ENTER_TEXT"}]}
RESULT: {"script":"<script> [776 bytes]","args":[{"enterText":"10001013","selector":{"controlType":"sap.m.SearchField","properties":{"placeholder":"Search"},"searchOpenDialogs":true,"interaction":{"idSuffix":"I"}},"clearTextFirst":true,"interactionType":"ENTER_TEXT"}]}
COMMAND: POST /session/0157ef9fabb145ee7fb2a1f3feebe51f/actions - {"actions":[{"id":"action19","type":"key","parameters":{},"actions":[{"type":"keyDown","value":""},{"type":"pause","duration":10},{"type":"keyUp","value":""}]}]}
RESULT: {"actions":[{"id":"action19","type":"key","parameters":{},"actions":[{"type":"keyDown","value":""},{"type":"pause","duration":10},{"type":"keyUp","value":""}]}]}
COMMAND: GET /session/0157ef9fabb145ee7fb2a1f3feebe51f/screenshot - {}
RESULT: {}
COMMAND: POST /session/0157ef9fabb145ee7fb2a1f3feebe51f/element - {"using":"xpath","value":"//span[contains(text(), \"General Management\")]"}
RESULT: {"using":"xpath","value":"//span[contains(text(), \"General Management\")]"}
COMMAND: POST /session/0157ef9fabb145ee7fb2a1f3feebe51f/element/f.2D1A903BB9B117B2180C998CF94CF722.d.003A5A1609618BA2D1C7A3B22029E08B.e.7034/click - {}
RESULT: {}
COMMAND: GET /session/0157ef9fabb145ee7fb2a1f3feebe51f/screenshot - {}
RESULT: {}
COMMAND: POST /session/0157ef9fabb145ee7fb2a1f3feebe51f/element - {"using":"xpath","value":"//bdi[contains(text(), \"OK\")]"}
RESULT: {"using":"xpath","value":"//bdi[contains(text(), \"OK\")]"}
COMMAND: POST /session/0157ef9fabb145ee7fb2a1f3feebe51f/element/f.2D1A903BB9B117B2180C998CF94CF722.d.003A5A1609618BA2D1C7A3B22029E08B.e.7035/click - {}
RESULT: {}
COMMAND: GET /session/0157ef9fabb145ee7fb2a1f3feebe51f/screenshot - {}
RESULT: {}
COMMAND: POST /session/0157ef9fabb145ee7fb2a1f3feebe51f/execute/async - {"script":"<script> [1562 bytes]","args":[{"selector":{"id":"application-manageyards-display-component---NewYard--addressEditDetailsCurrency-arrow"},"wdio_ui5_key":"applicationmanageyards-display-component---NewYard--addressEditDetailsCurrency-arrow"}]}
RESULT: {"script":"<script> [1562 bytes]","args":[{"selector":{"id":"application-manageyards-display-component---NewYard--addressEditDetailsCurrency-arrow"},"wdio_ui5_key":"applicationmanageyards-display-component---NewYard--addressEditDetailsCurrency-arrow"}]}
RESULT: undefined
COMMAND: POST /session/0157ef9fabb145ee7fb2a1f3feebe51f/element - {"using":"xpath","value":"//*[@id=\"application-manageyards-display-component---NewYard--addressEditDetailsCurrency-arrow\"]"}
RESULT: {"using":"xpath","value":"//*[@id=\"application-manageyards-display-component---NewYard--addressEditDetailsCurrency-arrow\"]"}
COMMAND: POST /session/0157ef9fabb145ee7fb2a1f3feebe51f/element/f.2D1A903BB9B117B2180C998CF94CF722.d.003A5A1609618BA2D1C7A3B22029E08B.e.7038/click - {}
RESULT: {}
COMMAND: POST /session/0157ef9fabb145ee7fb2a1f3feebe51f/element - {"using":"xpath","value":"//span[contains(text(), \"Euro\")]"}
COMMAND: GET /session/0157ef9fabb145ee7fb2a1f3feebe51f/screenshot - {}
RESULT: {"using":"xpath","value":"//span[contains(text(), \"Euro\")]"}
COMMAND: POST /session/0157ef9fabb145ee7fb2a1f3feebe51f/element/f.2D1A903BB9B117B2180C998CF94CF722.d.003A5A1609618BA2D1C7A3B22029E08B.e.7039/click - {}
RESULT: {}
RESULT: {}
COMMAND: POST /session/0157ef9fabb145ee7fb2a1f3feebe51f/execute/async - {"script":"<script> [1562 bytes]","args":[{"selector":{"controlType":"sap.m.Input","viewName":"etm.portal.ui.manageyards.view.New","viewId":"application-manageyards-display-component---NewYard","bindingPath":{"path":"","propertyPath":"/CONTROLLING_AREA","modelName":"NewYardModel"},"interaction":{"idSuffix":"inner"}},"wdio_ui5_key":"etmportal.ui.manageyards.view.Newsap.m.Input{\"path\":\"\",\"propertyPath\":\"/CONTROLLING_AREA\",\"modelName\":\"NewYardModel\"}"}]}
COMMAND: GET /session/0157ef9fabb145ee7fb2a1f3feebe51f/screenshot - {}
RESULT: {"script":"<script> [1562 bytes]","args":[{"selector":{"controlType":"sap.m.Input","viewName":"etm.portal.ui.manageyards.view.New","viewId":"application-manageyards-display-component---NewYard","bindingPath":{"path":"","propertyPath":"/CONTROLLING_AREA","modelName":"NewYardModel"},"interaction":{"idSuffix":"inner"}},"wdio_ui5_key":"etmportal.ui.manageyards.view.Newsap.m.Input{\"path\":\"\",\"propertyPath\":\"/CONTROLLING_AREA\",\"modelName\":\"NewYardModel\"}"}]}
RESULT: undefined
COMMAND: POST /session/0157ef9fabb145ee7fb2a1f3feebe51f/execute/async - {"script":"<script> [776 bytes]","args":[{"enterText":"Z001","selector":{"controlType":"sap.m.Input","viewName":"etm.portal.ui.manageyards.view.New","viewId":"application-manageyards-display-component---NewYard","bindingPath":{"path":"","propertyPath":"/CONTROLLING_AREA","modelName":"NewYardModel"},"interaction":{"idSuffix":"inner"}},"clearTextFirst":true,"interactionType":"ENTER_TEXT"}]}
RESULT: {}
RESULT: {"script":"<script> [776 bytes]","args":[{"enterText":"Z001","selector":{"controlType":"sap.m.Input","viewName":"etm.portal.ui.manageyards.view.New","viewId":"application-manageyards-display-component---NewYard","bindingPath":{"path":"","propertyPath":"/CONTROLLING_AREA","modelName":"NewYardModel"},"interaction":{"idSuffix":"inner"}},"clearTextFirst":true,"interactionType":"ENTER_TEXT"}]}
COMMAND: POST /session/0157ef9fabb145ee7fb2a1f3feebe51f/execute/async - {"script":"<script> [1562 bytes]","args":[{"selector":{"id":"application-manageyards-display-component---NewYard--companyCodeComboBox","interaction":{"idSuffix":"inner"}},"wdio_ui5_key":"applicationmanageyards-display-component---NewYard--companyCodeComboBox"}]}
RESULT: {"script":"<script> [1562 bytes]","args":[{"selector":{"id":"application-manageyards-display-component---NewYard--companyCodeComboBox","interaction":{"idSuffix":"inner"}},"wdio_ui5_key":"applicationmanageyards-display-component---NewYard--companyCodeComboBox"}]}
RESULT: undefined
COMMAND: POST /session/0157ef9fabb145ee7fb2a1f3feebe51f/execute/async - {"script":"<script> [776 bytes]","args":[{"enterText":"1000","selector":{"id":"application-manageyards-display-component---NewYard--companyCodeComboBox","interaction":{"idSuffix":"inner"}},"clearTextFirst":true,"interactionType":"ENTER_TEXT"}]}
RESULT: {"script":"<script> [776 bytes]","args":[{"enterText":"1000","selector":{"id":"application-manageyards-display-component---NewYard--companyCodeComboBox","interaction":{"idSuffix":"inner"}},"clearTextFirst":true,"interactionType":"ENTER_TEXT"}]}
COMMAND: POST /session/0157ef9fabb145ee7fb2a1f3feebe51f/execute/async - {"script":"<script> [1562 bytes]","args":[{"selector":{"controlType":"sap.m.Input","viewName":"etm.portal.ui.manageyards.view.New","viewId":"application-manageyards-display-component---NewYard","bindingPath":{"path":"","propertyPath":"/PLANT","modelName":"NewYardModel"},"interaction":{"idSuffix":"inner"}},"wdio_ui5_key":"etmportal.ui.manageyards.view.Newsap.m.Input{\"path\":\"\",\"propertyPath\":\"/PLANT\",\"modelName\":\"NewYardModel\"}"}]}
RESULT: {"script":"<script> [1562 bytes]","args":[{"selector":{"controlType":"sap.m.Input","viewName":"etm.portal.ui.manageyards.view.New","viewId":"application-manageyards-display-component---NewYard","bindingPath":{"path":"","propertyPath":"/PLANT","modelName":"NewYardModel"},"interaction":{"idSuffix":"inner"}},"wdio_ui5_key":"etmportal.ui.manageyards.view.Newsap.m.Input{\"path\":\"\",\"propertyPath\":\"/PLANT\",\"modelName\":\"NewYardModel\"}"}]}
RESULT: undefined
COMMAND: POST /session/0157ef9fabb145ee7fb2a1f3feebe51f/execute/async - {"script":"<script> [776 bytes]","args":[{"enterText":"1001","selector":{"controlType":"sap.m.Input","viewName":"etm.portal.ui.manageyards.view.New","viewId":"application-manageyards-display-component---NewYard","bindingPath":{"path":"","propertyPath":"/PLANT","modelName":"NewYardModel"},"interaction":{"idSuffix":"inner"}},"clearTextFirst":true,"interactionType":"ENTER_TEXT"}]}
RESULT: {"script":"<script> [776 bytes]","args":[{"enterText":"1001","selector":{"controlType":"sap.m.Input","viewName":"etm.portal.ui.manageyards.view.New","viewId":"application-manageyards-display-component---NewYard","bindingPath":{"path":"","propertyPath":"/PLANT","modelName":"NewYardModel"},"interaction":{"idSuffix":"inner"}},"clearTextFirst":true,"interactionType":"ENTER_TEXT"}]}
COMMAND: POST /session/0157ef9fabb145ee7fb2a1f3feebe51f/execute/async - {"script":"<script> [1562 bytes]","args":[{"selector":{"controlType":"sap.m.Input","viewName":"etm.portal.ui.manageyards.view.New","viewId":"application-manageyards-display-component---NewYard","bindingPath":{"path":"","propertyPath":"/SALES_AREA_VKORG","modelName":"NewYardModel"},"interaction":{"idSuffix":"inner"}},"wdio_ui5_key":"etmportal.ui.manageyards.view.Newsap.m.Input{\"path\":\"\",\"propertyPath\":\"/SALES_AREA_VKORG\",\"modelName\":\"NewYardModel\"}"}]}
RESULT: {"script":"<script> [1562 bytes]","args":[{"selector":{"controlType":"sap.m.Input","viewName":"etm.portal.ui.manageyards.view.New","viewId":"application-manageyards-display-component---NewYard","bindingPath":{"path":"","propertyPath":"/SALES_AREA_VKORG","modelName":"NewYardModel"},"interaction":{"idSuffix":"inner"}},"wdio_ui5_key":"etmportal.ui.manageyards.view.Newsap.m.Input{\"path\":\"\",\"propertyPath\":\"/SALES_AREA_VKORG\",\"modelName\":\"NewYardModel\"}"}]}
RESULT: undefined
COMMAND: POST /session/0157ef9fabb145ee7fb2a1f3feebe51f/execute/async - {"script":"<script> [776 bytes]","args":[{"enterText":"C002","selector":{"controlType":"sap.m.Input","viewName":"etm.portal.ui.manageyards.view.New","viewId":"application-manageyards-display-component---NewYard","bindingPath":{"path":"","propertyPath":"/SALES_AREA_VKORG","modelName":"NewYardModel"},"interaction":{"idSuffix":"inner"}},"clearTextFirst":true,"interactionType":"ENTER_TEXT"}]}
RESULT: {"script":"<script> [776 bytes]","args":[{"enterText":"C002","selector":{"controlType":"sap.m.Input","viewName":"etm.portal.ui.manageyards.view.New","viewId":"application-manageyards-display-component---NewYard","bindingPath":{"path":"","propertyPath":"/SALES_AREA_VKORG","modelName":"NewYardModel"},"interaction":{"idSuffix":"inner"}},"clearTextFirst":true,"interactionType":"ENTER_TEXT"}]}
COMMAND: POST /session/0157ef9fabb145ee7fb2a1f3feebe51f/execute/async - {"script":"<script> [1562 bytes]","args":[{"selector":{"controlType":"sap.m.Input","viewName":"etm.portal.ui.manageyards.view.New","viewId":"application-manageyards-display-component---NewYard","bindingPath":{"path":"","propertyPath":"/SALES_AREA_VTWEG","modelName":"NewYardModel"},"interaction":{"idSuffix":"inner"}},"wdio_ui5_key":"etmportal.ui.manageyards.view.Newsap.m.Input{\"path\":\"\",\"propertyPath\":\"/SALES_AREA_VTWEG\",\"modelName\":\"NewYardModel\"}"}]}
RESULT: {"script":"<script> [1562 bytes]","args":[{"selector":{"controlType":"sap.m.Input","viewName":"etm.portal.ui.manageyards.view.New","viewId":"application-manageyards-display-component---NewYard","bindingPath":{"path":"","propertyPath":"/SALES_AREA_VTWEG","modelName":"NewYardModel"},"interaction":{"idSuffix":"inner"}},"wdio_ui5_key":"etmportal.ui.manageyards.view.Newsap.m.Input{\"path\":\"\",\"propertyPath\":\"/SALES_AREA_VTWEG\",\"modelName\":\"NewYardModel\"}"}]}
RESULT: undefined
COMMAND: POST /session/0157ef9fabb145ee7fb2a1f3feebe51f/execute/async - {"script":"<script> [776 bytes]","args":[{"enterText":"C2","selector":{"controlType":"sap.m.Input","viewName":"etm.portal.ui.manageyards.view.New","viewId":"application-manageyards-display-component---NewYard","bindingPath":{"path":"","propertyPath":"/SALES_AREA_VTWEG","modelName":"NewYardModel"},"interaction":{"idSuffix":"inner"}},"clearTextFirst":true,"interactionType":"ENTER_TEXT"}]}
RESULT: {"script":"<script> [776 bytes]","args":[{"enterText":"C2","selector":{"controlType":"sap.m.Input","viewName":"etm.portal.ui.manageyards.view.New","viewId":"application-manageyards-display-component---NewYard","bindingPath":{"path":"","propertyPath":"/SALES_AREA_VTWEG","modelName":"NewYardModel"},"interaction":{"idSuffix":"inner"}},"clearTextFirst":true,"interactionType":"ENTER_TEXT"}]}
COMMAND: POST /session/0157ef9fabb145ee7fb2a1f3feebe51f/execute/async - {"script":"<script> [1562 bytes]","args":[{"selector":{"controlType":"sap.m.Input","viewName":"etm.portal.ui.manageyards.view.New","viewId":"application-manageyards-display-component---NewYard","bindingPath":{"path":"","propertyPath":"/SALES_AREA_SPART","modelName":"NewYardModel"},"interaction":{"idSuffix":"inner"}},"wdio_ui5_key":"etmportal.ui.manageyards.view.Newsap.m.Input{\"path\":\"\",\"propertyPath\":\"/SALES_AREA_SPART\",\"modelName\":\"NewYardModel\"}"}]}
RESULT: {"script":"<script> [1562 bytes]","args":[{"selector":{"controlType":"sap.m.Input","viewName":"etm.portal.ui.manageyards.view.New","viewId":"application-manageyards-display-component---NewYard","bindingPath":{"path":"","propertyPath":"/SALES_AREA_SPART","modelName":"NewYardModel"},"interaction":{"idSuffix":"inner"}},"wdio_ui5_key":"etmportal.ui.manageyards.view.Newsap.m.Input{\"path\":\"\",\"propertyPath\":\"/SALES_AREA_SPART\",\"modelName\":\"NewYardModel\"}"}]}
RESULT: undefined
COMMAND: POST /session/0157ef9fabb145ee7fb2a1f3feebe51f/execute/async - {"script":"<script> [776 bytes]","args":[{"enterText":"C2","selector":{"controlType":"sap.m.Input","viewName":"etm.portal.ui.manageyards.view.New","viewId":"application-manageyards-display-component---NewYard","bindingPath":{"path":"","propertyPath":"/SALES_AREA_SPART","modelName":"NewYardModel"},"interaction":{"idSuffix":"inner"}},"clearTextFirst":true,"interactionType":"ENTER_TEXT"}]}
RESULT: {"script":"<script> [776 bytes]","args":[{"enterText":"C2","selector":{"controlType":"sap.m.Input","viewName":"etm.portal.ui.manageyards.view.New","viewId":"application-manageyards-display-component---NewYard","bindingPath":{"path":"","propertyPath":"/SALES_AREA_SPART","modelName":"NewYardModel"},"interaction":{"idSuffix":"inner"}},"clearTextFirst":true,"interactionType":"ENTER_TEXT"}]}
COMMAND: POST /session/0157ef9fabb145ee7fb2a1f3feebe51f/execute/async - {"script":"<script> [1562 bytes]","args":[{"selector":{"controlType":"sap.m.Input","viewName":"etm.portal.ui.manageyards.view.New","viewId":"application-manageyards-display-component---NewYard","bindingPath":{"path":"","propertyPath":"/SHIP_POINT","modelName":"NewYardModel"},"interaction":{"idSuffix":"inner"}},"wdio_ui5_key":"etmportal.ui.manageyards.view.Newsap.m.Input{\"path\":\"\",\"propertyPath\":\"/SHIP_POINT\",\"modelName\":\"NewYardModel\"}"}]}
RESULT: {"script":"<script> [1562 bytes]","args":[{"selector":{"controlType":"sap.m.Input","viewName":"etm.portal.ui.manageyards.view.New","viewId":"application-manageyards-display-component---NewYard","bindingPath":{"path":"","propertyPath":"/SHIP_POINT","modelName":"NewYardModel"},"interaction":{"idSuffix":"inner"}},"wdio_ui5_key":"etmportal.ui.manageyards.view.Newsap.m.Input{\"path\":\"\",\"propertyPath\":\"/SHIP_POINT\",\"modelName\":\"NewYardModel\"}"}]}
RESULT: undefined
COMMAND: POST /session/0157ef9fabb145ee7fb2a1f3feebe51f/execute/async - {"script":"<script> [776 bytes]","args":[{"enterText":"1710","selector":{"controlType":"sap.m.Input","viewName":"etm.portal.ui.manageyards.view.New","viewId":"application-manageyards-display-component---NewYard","bindingPath":{"path":"","propertyPath":"/SHIP_POINT","modelName":"NewYardModel"},"interaction":{"idSuffix":"inner"}},"clearTextFirst":true,"interactionType":"ENTER_TEXT"}]}
RESULT: {"script":"<script> [776 bytes]","args":[{"enterText":"1710","selector":{"controlType":"sap.m.Input","viewName":"etm.portal.ui.manageyards.view.New","viewId":"application-manageyards-display-component---NewYard","bindingPath":{"path":"","propertyPath":"/SHIP_POINT","modelName":"NewYardModel"},"interaction":{"idSuffix":"inner"}},"clearTextFirst":true,"interactionType":"ENTER_TEXT"}]}
COMMAND: POST /session/0157ef9fabb145ee7fb2a1f3feebe51f/execute/async - {"script":"<script> [1562 bytes]","args":[{"selector":{"controlType":"sap.m.Input","viewName":"etm.portal.ui.manageyards.view.New","viewId":"application-manageyards-display-component---NewYard","bindingPath":{"path":"","propertyPath":"/DELIVERY_TYPE","modelName":"NewYardModel"},"interaction":{"idSuffix":"inner"}},"wdio_ui5_key":"etmportal.ui.manageyards.view.Newsap.m.Input{\"path\":\"\",\"propertyPath\":\"/DELIVERY_TYPE\",\"modelName\":\"NewYardModel\"}"}]}
RESULT: {"script":"<script> [1562 bytes]","args":[{"selector":{"controlType":"sap.m.Input","viewName":"etm.portal.ui.manageyards.view.New","viewId":"application-manageyards-display-component---NewYard","bindingPath":{"path":"","propertyPath":"/DELIVERY_TYPE","modelName":"NewYardModel"},"interaction":{"idSuffix":"inner"}},"wdio_ui5_key":"etmportal.ui.manageyards.view.Newsap.m.Input{\"path\":\"\",\"propertyPath\":\"/DELIVERY_TYPE\",\"modelName\":\"NewYardModel\"}"}]}
RESULT: undefined
COMMAND: POST /session/0157ef9fabb145ee7fb2a1f3feebe51f/execute/async - {"script":"<script> [776 bytes]","args":[{"enterText":"ZL01","selector":{"controlType":"sap.m.Input","viewName":"etm.portal.ui.manageyards.view.New","viewId":"application-manageyards-display-component---NewYard","bindingPath":{"path":"","propertyPath":"/DELIVERY_TYPE","modelName":"NewYardModel"},"interaction":{"idSuffix":"inner"}},"clearTextFirst":true,"interactionType":"ENTER_TEXT"}]}
RESULT: {"script":"<script> [776 bytes]","args":[{"enterText":"ZL01","selector":{"controlType":"sap.m.Input","viewName":"etm.portal.ui.manageyards.view.New","viewId":"application-manageyards-display-component---NewYard","bindingPath":{"path":"","propertyPath":"/DELIVERY_TYPE","modelName":"NewYardModel"},"interaction":{"idSuffix":"inner"}},"clearTextFirst":true,"interactionType":"ENTER_TEXT"}]}
COMMAND: POST /session/0157ef9fabb145ee7fb2a1f3feebe51f/execute/async - {"script":"<script> [1562 bytes]","args":[{"selector":{"controlType":"sap.m.Input","viewName":"etm.portal.ui.manageyards.view.New","viewId":"application-manageyards-display-component---NewYard","bindingPath":{"path":"","propertyPath":"/AUART","modelName":"NewYardModel"},"interaction":{"idSuffix":"inner"}},"wdio_ui5_key":"etmportal.ui.manageyards.view.Newsap.m.Input{\"path\":\"\",\"propertyPath\":\"/AUART\",\"modelName\":\"NewYardModel\"}"}]}
RESULT: {"script":"<script> [1562 bytes]","args":[{"selector":{"controlType":"sap.m.Input","viewName":"etm.portal.ui.manageyards.view.New","viewId":"application-manageyards-display-component---NewYard","bindingPath":{"path":"","propertyPath":"/AUART","modelName":"NewYardModel"},"interaction":{"idSuffix":"inner"}},"wdio_ui5_key":"etmportal.ui.manageyards.view.Newsap.m.Input{\"path\":\"\",\"propertyPath\":\"/AUART\",\"modelName\":\"NewYardModel\"}"}]}
RESULT: undefined
COMMAND: POST /session/0157ef9fabb145ee7fb2a1f3feebe51f/execute/async - {"script":"<script> [776 bytes]","args":[{"enterText":"TA","selector":{"controlType":"sap.m.Input","viewName":"etm.portal.ui.manageyards.view.New","viewId":"application-manageyards-display-component---NewYard","bindingPath":{"path":"","propertyPath":"/AUART","modelName":"NewYardModel"},"interaction":{"idSuffix":"inner"}},"clearTextFirst":true,"interactionType":"ENTER_TEXT"}]}
RESULT: {"script":"<script> [776 bytes]","args":[{"enterText":"TA","selector":{"controlType":"sap.m.Input","viewName":"etm.portal.ui.manageyards.view.New","viewId":"application-manageyards-display-component---NewYard","bindingPath":{"path":"","propertyPath":"/AUART","modelName":"NewYardModel"},"interaction":{"idSuffix":"inner"}},"clearTextFirst":true,"interactionType":"ENTER_TEXT"}]}
COMMAND: POST /session/0157ef9fabb145ee7fb2a1f3feebe51f/element - {"using":"xpath","value":"//button[@data-kt=\"newYardSaveButton\"]"}
RESULT: {"using":"xpath","value":"//button[@data-kt=\"newYardSaveButton\"]"}
COMMAND: POST /session/0157ef9fabb145ee7fb2a1f3feebe51f/element/f.2D1A903BB9B117B2180C998CF94CF722.d.003A5A1609618BA2D1C7A3B22029E08B.e.6967/click - {}
RESULT: {}
COMMAND: GET /session/0157ef9fabb145ee7fb2a1f3feebe51f/screenshot - {}
COMMAND: POST /session/0157ef9fabb145ee7fb2a1f3feebe51f/element - {"using":"xpath","value":"//header[contains(@id, 'ObjectPageLayout-headerTitle')]/div[1]/div[2]/div[1]/span[1]"}
RESULT: {}
RESULT: {"using":"xpath","value":"//header[contains(@id, 'ObjectPageLayout-headerTitle')]/div[1]/div[2]/div[1]/span[1]"}
COMMAND: POST /session/0157ef9fabb145ee7fb2a1f3feebe51f/elements - {"using":"xpath","value":"//header[contains(@id, 'ObjectPageLayout-headerTitle')]/div[1]/div[2]/div[1]/span[1]"}
RESULT: {"using":"xpath","value":"//header[contains(@id, 'ObjectPageLayout-headerTitle')]/div[1]/div[2]/div[1]/span[1]"}
COMMAND: POST /session/0157ef9fabb145ee7fb2a1f3feebe51f/execute/sync - {"script":"<script> [56 bytes]","args":[{"element-6066-11e4-a52e-4f735466cecf":"f.2D1A903BB9B117B2180C998CF94CF722.d.003A5A1609618BA2D1C7A3B22029E08B.e.7263","ELEMENT":"f.2D1A903BB9B117B2180C998CF94CF722.d.003A5A1609618BA2D1C7A3B22029E08B.e.7263"}]}
RESULT: {"script":"<script> [56 bytes]","args":[{"element-6066-11e4-a52e-4f735466cecf":"f.2D1A903BB9B117B2180C998CF94CF722.d.003A5A1609618BA2D1C7A3B22029E08B.e.7263","ELEMENT":"f.2D1A903BB9B117B2180C998CF94CF722.d.003A5A1609618BA2D1C7A3B22029E08B.e.7263"}]}
COMMAND: GET /session/0157ef9fabb145ee7fb2a1f3feebe51f/screenshot - {}
RESULT: {}
COMMAND: POST /session/0157ef9fabb145ee7fb2a1f3feebe51f/element - {"using":"css selector","value":"#shell-header-logo"}
RESULT: {"using":"css selector","value":"#shell-header-logo"}
COMMAND: POST /session/0157ef9fabb145ee7fb2a1f3feebe51f/element/f.2D1A903BB9B117B2180C998CF94CF722.d.003A5A1609618BA2D1C7A3B22029E08B.e.6510/click - {}
RESULT: {}
COMMAND: GET /session/0157ef9fabb145ee7fb2a1f3feebe51f/screenshot - {}
RESULT: {}
COMMAND: POST /session/0157ef9fabb145ee7fb2a1f3feebe51f/execute/sync - {"script":"<script> [299 bytes]","args":[["getModel","getResource"]]}
RESULT: {"script":"<script> [299 bytes]","args":[["getModel","getResource"]]}
COMMAND: GET /session/0157ef9fabb145ee7fb2a1f3feebe51f/screenshot - {}
]]></system-out>
    </testcase>
    <testcase classname="chrome.135_0_7049_42.windows.Create_master_data_for_mixed_billing_&amp;_do_billing_calculation_US151661" name="Should create a new partner" time="122.169">
      <system-out><![CDATA[
COMMAND: POST /session/0157ef9fabb145ee7fb2a1f3feebe51f/window/fullscreen - {}
RESULT: {}
RESULT: {}
COMMAND: POST /session/0157ef9fabb145ee7fb2a1f3feebe51f/execute/async - {"script":"<script> [1562 bytes]","args":[{"selector":{"controlType":"sap.m.GenericTile","properties":{"header":"Manage Partners"}},"wdio_ui5_key":"sapm.GenericTile{\"header\":\"Manage Partners\"}"}]}
RESULT: {"script":"<script> [1562 bytes]","args":[{"selector":{"controlType":"sap.m.GenericTile","properties":{"header":"Manage Partners"}},"wdio_ui5_key":"sapm.GenericTile{\"header\":\"Manage Partners\"}"}]}
RESULT: undefined
COMMAND: POST /session/0157ef9fabb145ee7fb2a1f3feebe51f/element - {"using":"xpath","value":"//*[@id=\"__tile38\"]"}
RESULT: {"using":"xpath","value":"//*[@id=\"__tile38\"]"}
COMMAND: POST /session/0157ef9fabb145ee7fb2a1f3feebe51f/element/f.2D1A903BB9B117B2180C998CF94CF722.d.003A5A1609618BA2D1C7A3B22029E08B.e.6398/click - {}
RESULT: {}
COMMAND: POST /session/0157ef9fabb145ee7fb2a1f3feebe51f/element - {"using":"xpath","value":"//button[@data-kt=\"addButton\"]"}
COMMAND: GET /session/0157ef9fabb145ee7fb2a1f3feebe51f/screenshot - {}
RESULT: {"using":"xpath","value":"//button[@data-kt=\"addButton\"]"}
COMMAND: POST /session/0157ef9fabb145ee7fb2a1f3feebe51f/elements - {"using":"xpath","value":"//button[@data-kt=\"addButton\"]"}
RESULT: {}
RESULT: {"using":"xpath","value":"//button[@data-kt=\"addButton\"]"}
COMMAND: POST /session/0157ef9fabb145ee7fb2a1f3feebe51f/elements - {"using":"xpath","value":"//button[@data-kt=\"addButton\"]"}
RESULT: {"using":"xpath","value":"//button[@data-kt=\"addButton\"]"}
COMMAND: POST /session/0157ef9fabb145ee7fb2a1f3feebe51f/elements - {"using":"xpath","value":"//button[@data-kt=\"addButton\"]"}
RESULT: {"using":"xpath","value":"//button[@data-kt=\"addButton\"]"}
COMMAND: POST /session/0157ef9fabb145ee7fb2a1f3feebe51f/elements - {"using":"xpath","value":"//button[@data-kt=\"addButton\"]"}
RESULT: {"using":"xpath","value":"//button[@data-kt=\"addButton\"]"}
COMMAND: POST /session/0157ef9fabb145ee7fb2a1f3feebe51f/elements - {"using":"xpath","value":"//button[@data-kt=\"addButton\"]"}
RESULT: {"using":"xpath","value":"//button[@data-kt=\"addButton\"]"}
COMMAND: POST /session/0157ef9fabb145ee7fb2a1f3feebe51f/elements - {"using":"xpath","value":"//button[@data-kt=\"addButton\"]"}
RESULT: {"using":"xpath","value":"//button[@data-kt=\"addButton\"]"}
COMMAND: POST /session/0157ef9fabb145ee7fb2a1f3feebe51f/elements - {"using":"xpath","value":"//button[@data-kt=\"addButton\"]"}
RESULT: {"using":"xpath","value":"//button[@data-kt=\"addButton\"]"}
COMMAND: POST /session/0157ef9fabb145ee7fb2a1f3feebe51f/elements - {"using":"xpath","value":"//button[@data-kt=\"addButton\"]"}
RESULT: {"using":"xpath","value":"//button[@data-kt=\"addButton\"]"}
COMMAND: POST /session/0157ef9fabb145ee7fb2a1f3feebe51f/elements - {"using":"xpath","value":"//button[@data-kt=\"addButton\"]"}
RESULT: {"using":"xpath","value":"//button[@data-kt=\"addButton\"]"}
COMMAND: POST /session/0157ef9fabb145ee7fb2a1f3feebe51f/elements - {"using":"xpath","value":"//button[@data-kt=\"addButton\"]"}
RESULT: {"using":"xpath","value":"//button[@data-kt=\"addButton\"]"}
COMMAND: POST /session/0157ef9fabb145ee7fb2a1f3feebe51f/elements - {"using":"xpath","value":"//button[@data-kt=\"addButton\"]"}
RESULT: {"using":"xpath","value":"//button[@data-kt=\"addButton\"]"}
COMMAND: POST /session/0157ef9fabb145ee7fb2a1f3feebe51f/elements - {"using":"xpath","value":"//button[@data-kt=\"addButton\"]"}
RESULT: {"using":"xpath","value":"//button[@data-kt=\"addButton\"]"}
COMMAND: POST /session/0157ef9fabb145ee7fb2a1f3feebe51f/elements - {"using":"xpath","value":"//button[@data-kt=\"addButton\"]"}
RESULT: {"using":"xpath","value":"//button[@data-kt=\"addButton\"]"}
COMMAND: POST /session/0157ef9fabb145ee7fb2a1f3feebe51f/elements - {"using":"xpath","value":"//button[@data-kt=\"addButton\"]"}
RESULT: {"using":"xpath","value":"//button[@data-kt=\"addButton\"]"}
COMMAND: POST /session/0157ef9fabb145ee7fb2a1f3feebe51f/elements - {"using":"xpath","value":"//button[@data-kt=\"addButton\"]"}
RESULT: {"using":"xpath","value":"//button[@data-kt=\"addButton\"]"}
COMMAND: POST /session/0157ef9fabb145ee7fb2a1f3feebe51f/elements - {"using":"xpath","value":"//button[@data-kt=\"addButton\"]"}
RESULT: {"using":"xpath","value":"//button[@data-kt=\"addButton\"]"}
COMMAND: POST /session/0157ef9fabb145ee7fb2a1f3feebe51f/elements - {"using":"xpath","value":"//button[@data-kt=\"addButton\"]"}
RESULT: {"using":"xpath","value":"//button[@data-kt=\"addButton\"]"}
COMMAND: POST /session/0157ef9fabb145ee7fb2a1f3feebe51f/elements - {"using":"xpath","value":"//button[@data-kt=\"addButton\"]"}
RESULT: {"using":"xpath","value":"//button[@data-kt=\"addButton\"]"}
COMMAND: POST /session/0157ef9fabb145ee7fb2a1f3feebe51f/elements - {"using":"xpath","value":"//button[@data-kt=\"addButton\"]"}
RESULT: {"using":"xpath","value":"//button[@data-kt=\"addButton\"]"}
COMMAND: POST /session/0157ef9fabb145ee7fb2a1f3feebe51f/elements - {"using":"xpath","value":"//button[@data-kt=\"addButton\"]"}
RESULT: {"using":"xpath","value":"//button[@data-kt=\"addButton\"]"}
COMMAND: POST /session/0157ef9fabb145ee7fb2a1f3feebe51f/elements - {"using":"xpath","value":"//button[@data-kt=\"addButton\"]"}
RESULT: {"using":"xpath","value":"//button[@data-kt=\"addButton\"]"}
COMMAND: POST /session/0157ef9fabb145ee7fb2a1f3feebe51f/elements - {"using":"xpath","value":"//button[@data-kt=\"addButton\"]"}
RESULT: {"using":"xpath","value":"//button[@data-kt=\"addButton\"]"}
COMMAND: POST /session/0157ef9fabb145ee7fb2a1f3feebe51f/element - {"using":"xpath","value":"//button[@data-kt=\"addButton\"]"}
RESULT: {"using":"xpath","value":"//button[@data-kt=\"addButton\"]"}
COMMAND: POST /session/0157ef9fabb145ee7fb2a1f3feebe51f/execute/sync - {"script":"<script> [8489 bytes]","args":[{"element-6066-11e4-a52e-4f735466cecf":"f.2D1A903BB9B117B2180C998CF94CF722.d.003A5A1609618BA2D1C7A3B22029E08B.e.7312","ELEMENT":"f.2D1A903BB9B117B2180C998CF94CF722.d.003A5A1609618BA2D1C7A3B22029E08B.e.7312"}]}
RESULT: {"script":"<script> [8489 bytes]","args":[{"element-6066-11e4-a52e-4f735466cecf":"f.2D1A903BB9B117B2180C998CF94CF722.d.003A5A1609618BA2D1C7A3B22029E08B.e.7312","ELEMENT":"f.2D1A903BB9B117B2180C998CF94CF722.d.003A5A1609618BA2D1C7A3B22029E08B.e.7312"}]}
COMMAND: GET /session/0157ef9fabb145ee7fb2a1f3feebe51f/element/f.2D1A903BB9B117B2180C998CF94CF722.d.003A5A1609618BA2D1C7A3B22029E08B.e.7312/enabled - {}
COMMAND: GET /session/0157ef9fabb145ee7fb2a1f3feebe51f/screenshot - {}
RESULT: {}
COMMAND: POST /session/0157ef9fabb145ee7fb2a1f3feebe51f/execute/sync - {"script":"<script> [8489 bytes]","args":[{"element-6066-11e4-a52e-4f735466cecf":"f.2D1A903BB9B117B2180C998CF94CF722.d.003A5A1609618BA2D1C7A3B22029E08B.e.7312","ELEMENT":"f.2D1A903BB9B117B2180C998CF94CF722.d.003A5A1609618BA2D1C7A3B22029E08B.e.7312"}]}
COMMAND: GET /session/0157ef9fabb145ee7fb2a1f3feebe51f/screenshot - {}
RESULT: {}
RESULT: {"script":"<script> [8489 bytes]","args":[{"element-6066-11e4-a52e-4f735466cecf":"f.2D1A903BB9B117B2180C998CF94CF722.d.003A5A1609618BA2D1C7A3B22029E08B.e.7312","ELEMENT":"f.2D1A903BB9B117B2180C998CF94CF722.d.003A5A1609618BA2D1C7A3B22029E08B.e.7312"}]}
COMMAND: POST /session/0157ef9fabb145ee7fb2a1f3feebe51f/execute/sync - {"script":"<script> [5351 bytes]","args":[{"element-6066-11e4-a52e-4f735466cecf":"f.2D1A903BB9B117B2180C998CF94CF722.d.003A5A1609618BA2D1C7A3B22029E08B.e.7312","ELEMENT":"f.2D1A903BB9B117B2180C998CF94CF722.d.003A5A1609618BA2D1C7A3B22029E08B.e.7312"}]}
COMMAND: GET /session/0157ef9fabb145ee7fb2a1f3feebe51f/screenshot - {}
RESULT: {}
RESULT: {"script":"<script> [5351 bytes]","args":[{"element-6066-11e4-a52e-4f735466cecf":"f.2D1A903BB9B117B2180C998CF94CF722.d.003A5A1609618BA2D1C7A3B22029E08B.e.7312","ELEMENT":"f.2D1A903BB9B117B2180C998CF94CF722.d.003A5A1609618BA2D1C7A3B22029E08B.e.7312"}]}
COMMAND: POST /session/0157ef9fabb145ee7fb2a1f3feebe51f/element/f.2D1A903BB9B117B2180C998CF94CF722.d.003A5A1609618BA2D1C7A3B22029E08B.e.7312/click - {}
COMMAND: GET /session/0157ef9fabb145ee7fb2a1f3feebe51f/screenshot - {}
RESULT: {}
RESULT: {}
COMMAND: GET /session/0157ef9fabb145ee7fb2a1f3feebe51f/screenshot - {}
COMMAND: POST /session/0157ef9fabb145ee7fb2a1f3feebe51f/execute/async - {"script":"<script> [1562 bytes]","args":[{"selector":{"id":"application-managepartners-display-component---NewPartner--addressDetailDetailsName1","interaction":{"idSuffix":"inner"}},"wdio_ui5_key":"applicationmanagepartners-display-component---NewPartner--addressDetailDetailsName1"}]}
RESULT: {}
RESULT: {}
RESULT: {"script":"<script> [1562 bytes]","args":[{"selector":{"id":"application-managepartners-display-component---NewPartner--addressDetailDetailsName1","interaction":{"idSuffix":"inner"}},"wdio_ui5_key":"applicationmanagepartners-display-component---NewPartner--addressDetailDetailsName1"}]}
RESULT: undefined
COMMAND: POST /session/0157ef9fabb145ee7fb2a1f3feebe51f/execute/async - {"script":"<script> [776 bytes]","args":[{"enterText":"Intercompany Partner WDIO","selector":{"id":"application-managepartners-display-component---NewPartner--addressDetailDetailsName1","interaction":{"idSuffix":"inner"}},"clearTextFirst":true,"interactionType":"ENTER_TEXT"}]}
RESULT: {"script":"<script> [776 bytes]","args":[{"enterText":"Intercompany Partner WDIO","selector":{"id":"application-managepartners-display-component---NewPartner--addressDetailDetailsName1","interaction":{"idSuffix":"inner"}},"clearTextFirst":true,"interactionType":"ENTER_TEXT"}]}
COMMAND: POST /session/0157ef9fabb145ee7fb2a1f3feebe51f/execute/async - {"script":"<script> [1562 bytes]","args":[{"selector":{"id":"application-managepartners-display-component---NewPartner--addressDetailDetailsLanguage-arrow"},"wdio_ui5_key":"applicationmanagepartners-display-component---NewPartner--addressDetailDetailsLanguage-arrow"}]}
RESULT: {"script":"<script> [1562 bytes]","args":[{"selector":{"id":"application-managepartners-display-component---NewPartner--addressDetailDetailsLanguage-arrow"},"wdio_ui5_key":"applicationmanagepartners-display-component---NewPartner--addressDetailDetailsLanguage-arrow"}]}
RESULT: undefined
COMMAND: POST /session/0157ef9fabb145ee7fb2a1f3feebe51f/element - {"using":"xpath","value":"//*[@id=\"application-managepartners-display-component---NewPartner--addressDetailDetailsLanguage-arrow\"]"}
RESULT: {"using":"xpath","value":"//*[@id=\"application-managepartners-display-component---NewPartner--addressDetailDetailsLanguage-arrow\"]"}
COMMAND: POST /session/0157ef9fabb145ee7fb2a1f3feebe51f/element/f.2D1A903BB9B117B2180C998CF94CF722.d.003A5A1609618BA2D1C7A3B22029E08B.e.7760/click - {}
RESULT: {}
COMMAND: POST /session/0157ef9fabb145ee7fb2a1f3feebe51f/element - {"using":"xpath","value":"//span[contains(text(), \"English\")]"}
COMMAND: GET /session/0157ef9fabb145ee7fb2a1f3feebe51f/screenshot - {}
RESULT: {"using":"xpath","value":"//span[contains(text(), \"English\")]"}
COMMAND: POST /session/0157ef9fabb145ee7fb2a1f3feebe51f/element/f.2D1A903BB9B117B2180C998CF94CF722.d.003A5A1609618BA2D1C7A3B22029E08B.e.7761/click - {}
RESULT: {}
RESULT: {}
COMMAND: GET /session/0157ef9fabb145ee7fb2a1f3feebe51f/screenshot - {}
RESULT: {}
COMMAND: POST /session/0157ef9fabb145ee7fb2a1f3feebe51f/execute/async - {"script":"<script> [1562 bytes]","args":[{"selector":{"id":"application-managepartners-display-component---NewPartner--addressDetailDetailsCity1","interaction":{"idSuffix":"inner"}},"wdio_ui5_key":"applicationmanagepartners-display-component---NewPartner--addressDetailDetailsCity1"}]}
RESULT: {"script":"<script> [1562 bytes]","args":[{"selector":{"id":"application-managepartners-display-component---NewPartner--addressDetailDetailsCity1","interaction":{"idSuffix":"inner"}},"wdio_ui5_key":"applicationmanagepartners-display-component---NewPartner--addressDetailDetailsCity1"}]}
RESULT: undefined
COMMAND: POST /session/0157ef9fabb145ee7fb2a1f3feebe51f/execute/async - {"script":"<script> [776 bytes]","args":[{"enterText":"Rosario","selector":{"id":"application-managepartners-display-component---NewPartner--addressDetailDetailsCity1","interaction":{"idSuffix":"inner"}},"clearTextFirst":true,"interactionType":"ENTER_TEXT"}]}
RESULT: {"script":"<script> [776 bytes]","args":[{"enterText":"Rosario","selector":{"id":"application-managepartners-display-component---NewPartner--addressDetailDetailsCity1","interaction":{"idSuffix":"inner"}},"clearTextFirst":true,"interactionType":"ENTER_TEXT"}]}
COMMAND: POST /session/0157ef9fabb145ee7fb2a1f3feebe51f/execute/async - {"script":"<script> [1562 bytes]","args":[{"selector":{"id":"application-managepartners-display-component---NewPartner--addressDetailDetailsCountry-arrow"},"wdio_ui5_key":"applicationmanagepartners-display-component---NewPartner--addressDetailDetailsCountry-arrow"}]}
RESULT: {"script":"<script> [1562 bytes]","args":[{"selector":{"id":"application-managepartners-display-component---NewPartner--addressDetailDetailsCountry-arrow"},"wdio_ui5_key":"applicationmanagepartners-display-component---NewPartner--addressDetailDetailsCountry-arrow"}]}
RESULT: undefined
COMMAND: POST /session/0157ef9fabb145ee7fb2a1f3feebe51f/element - {"using":"xpath","value":"//*[@id=\"application-managepartners-display-component---NewPartner--addressDetailDetailsCountry-arrow\"]"}
RESULT: {"using":"xpath","value":"//*[@id=\"application-managepartners-display-component---NewPartner--addressDetailDetailsCountry-arrow\"]"}
COMMAND: POST /session/0157ef9fabb145ee7fb2a1f3feebe51f/element/f.2D1A903BB9B117B2180C998CF94CF722.d.003A5A1609618BA2D1C7A3B22029E08B.e.7724/click - {}
RESULT: {}
COMMAND: POST /session/0157ef9fabb145ee7fb2a1f3feebe51f/element - {"using":"xpath","value":"//span[contains(text(), \"Argentina\")]"}
COMMAND: GET /session/0157ef9fabb145ee7fb2a1f3feebe51f/screenshot - {}
RESULT: {"using":"xpath","value":"//span[contains(text(), \"Argentina\")]"}
COMMAND: POST /session/0157ef9fabb145ee7fb2a1f3feebe51f/element/f.2D1A903BB9B117B2180C998CF94CF722.d.003A5A1609618BA2D1C7A3B22029E08B.e.7763/click - {}
RESULT: {}
RESULT: {}
COMMAND: GET /session/0157ef9fabb145ee7fb2a1f3feebe51f/screenshot - {}
RESULT: {}
COMMAND: POST /session/0157ef9fabb145ee7fb2a1f3feebe51f/element - {"using":"xpath","value":"//bdi[contains(text(), \"Commercial\")]"}
RESULT: {"using":"xpath","value":"//bdi[contains(text(), \"Commercial\")]"}
COMMAND: POST /session/0157ef9fabb145ee7fb2a1f3feebe51f/element/f.2D1A903BB9B117B2180C998CF94CF722.d.003A5A1609618BA2D1C7A3B22029E08B.e.7764/click - {}
RESULT: {}
COMMAND: GET /session/0157ef9fabb145ee7fb2a1f3feebe51f/screenshot - {}
RESULT: {}
COMMAND: POST /session/0157ef9fabb145ee7fb2a1f3feebe51f/execute/async - {"script":"<script> [1562 bytes]","args":[{"selector":{"id":"application-managepartners-display-component---NewPartner--partnerDetailInternal-arrow"},"wdio_ui5_key":"applicationmanagepartners-display-component---NewPartner--partnerDetailInternal-arrow"}]}
RESULT: {"script":"<script> [1562 bytes]","args":[{"selector":{"id":"application-managepartners-display-component---NewPartner--partnerDetailInternal-arrow"},"wdio_ui5_key":"applicationmanagepartners-display-component---NewPartner--partnerDetailInternal-arrow"}]}
RESULT: undefined
COMMAND: POST /session/0157ef9fabb145ee7fb2a1f3feebe51f/element - {"using":"xpath","value":"//*[@id=\"application-managepartners-display-component---NewPartner--partnerDetailInternal-arrow\"]"}
RESULT: {"using":"xpath","value":"//*[@id=\"application-managepartners-display-component---NewPartner--partnerDetailInternal-arrow\"]"}
COMMAND: POST /session/0157ef9fabb145ee7fb2a1f3feebe51f/element/f.2D1A903BB9B117B2180C998CF94CF722.d.003A5A1609618BA2D1C7A3B22029E08B.e.7770/click - {}
RESULT: {}
COMMAND: POST /session/0157ef9fabb145ee7fb2a1f3feebe51f/element - {"using":"xpath","value":"//span[contains(text(), \"Affiliated company\")]"}
COMMAND: GET /session/0157ef9fabb145ee7fb2a1f3feebe51f/screenshot - {}
RESULT: {"using":"xpath","value":"//span[contains(text(), \"Affiliated company\")]"}
COMMAND: POST /session/0157ef9fabb145ee7fb2a1f3feebe51f/element/f.2D1A903BB9B117B2180C998CF94CF722.d.003A5A1609618BA2D1C7A3B22029E08B.e.7771/click - {}
RESULT: {}
RESULT: {}
COMMAND: POST /session/0157ef9fabb145ee7fb2a1f3feebe51f/execute/async - {"script":"<script> [1562 bytes]","args":[{"selector":{"id":"application-managepartners-display-component---NewPartner--partnerDetailsCurrency-arrow"},"wdio_ui5_key":"applicationmanagepartners-display-component---NewPartner--partnerDetailsCurrency-arrow"}]}
COMMAND: GET /session/0157ef9fabb145ee7fb2a1f3feebe51f/screenshot - {}
RESULT: {"script":"<script> [1562 bytes]","args":[{"selector":{"id":"application-managepartners-display-component---NewPartner--partnerDetailsCurrency-arrow"},"wdio_ui5_key":"applicationmanagepartners-display-component---NewPartner--partnerDetailsCurrency-arrow"}]}
RESULT: undefined
COMMAND: POST /session/0157ef9fabb145ee7fb2a1f3feebe51f/element - {"using":"xpath","value":"//*[@id=\"application-managepartners-display-component---NewPartner--partnerDetailsCurrency-arrow\"]"}
RESULT: {}
RESULT: {"using":"xpath","value":"//*[@id=\"application-managepartners-display-component---NewPartner--partnerDetailsCurrency-arrow\"]"}
COMMAND: POST /session/0157ef9fabb145ee7fb2a1f3feebe51f/element/f.2D1A903BB9B117B2180C998CF94CF722.d.003A5A1609618BA2D1C7A3B22029E08B.e.7778/click - {}
RESULT: {}
COMMAND: POST /session/0157ef9fabb145ee7fb2a1f3feebe51f/element - {"using":"xpath","value":"//span[contains(text(), \"Euro\")]"}
COMMAND: GET /session/0157ef9fabb145ee7fb2a1f3feebe51f/screenshot - {}
RESULT: {"using":"xpath","value":"//span[contains(text(), \"Euro\")]"}
COMMAND: POST /session/0157ef9fabb145ee7fb2a1f3feebe51f/element/f.2D1A903BB9B117B2180C998CF94CF722.d.003A5A1609618BA2D1C7A3B22029E08B.e.7779/click - {}
RESULT: {}
RESULT: {}
COMMAND: POST /session/0157ef9fabb145ee7fb2a1f3feebe51f/execute/async - {"script":"<script> [1562 bytes]","args":[{"selector":{"id":"application-managepartners-display-component---NewPartner--addressEditDetailsCostObjectCstType-arrow"},"wdio_ui5_key":"applicationmanagepartners-display-component---NewPartner--addressEditDetailsCostObjectCstType-arrow"}]}
COMMAND: GET /session/0157ef9fabb145ee7fb2a1f3feebe51f/screenshot - {}
RESULT: {"script":"<script> [1562 bytes]","args":[{"selector":{"id":"application-managepartners-display-component---NewPartner--addressEditDetailsCostObjectCstType-arrow"},"wdio_ui5_key":"applicationmanagepartners-display-component---NewPartner--addressEditDetailsCostObjectCstType-arrow"}]}
RESULT: undefined
COMMAND: POST /session/0157ef9fabb145ee7fb2a1f3feebe51f/element - {"using":"xpath","value":"//*[@id=\"application-managepartners-display-component---NewPartner--addressEditDetailsCostObjectCstType-arrow\"]"}
RESULT: {}
RESULT: {"using":"xpath","value":"//*[@id=\"application-managepartners-display-component---NewPartner--addressEditDetailsCostObjectCstType-arrow\"]"}
COMMAND: POST /session/0157ef9fabb145ee7fb2a1f3feebe51f/element/f.2D1A903BB9B117B2180C998CF94CF722.d.003A5A1609618BA2D1C7A3B22029E08B.e.7780/click - {}
RESULT: {}
COMMAND: POST /session/0157ef9fabb145ee7fb2a1f3feebe51f/element - {"using":"xpath","value":"//span[contains(text(), \"Cost Center\")]"}
COMMAND: GET /session/0157ef9fabb145ee7fb2a1f3feebe51f/screenshot - {}
RESULT: {"using":"xpath","value":"//span[contains(text(), \"Cost Center\")]"}
COMMAND: POST /session/0157ef9fabb145ee7fb2a1f3feebe51f/element/f.2D1A903BB9B117B2180C998CF94CF722.d.003A5A1609618BA2D1C7A3B22029E08B.e.7781/click - {}
RESULT: {}
RESULT: {}
COMMAND: GET /session/0157ef9fabb145ee7fb2a1f3feebe51f/screenshot - {}
RESULT: {}
COMMAND: POST /session/0157ef9fabb145ee7fb2a1f3feebe51f/element - {"using":"xpath","value":"//span[@id=\"application-managepartners-display-component---NewPartner--addressNewCostObjectCstID-vhi\"]"}
RESULT: {"using":"xpath","value":"//span[@id=\"application-managepartners-display-component---NewPartner--addressNewCostObjectCstID-vhi\"]"}
COMMAND: POST /session/0157ef9fabb145ee7fb2a1f3feebe51f/execute/sync - {"script":"<script> [8489 bytes]","args":[{"element-6066-11e4-a52e-4f735466cecf":"f.2D1A903BB9B117B2180C998CF94CF722.d.003A5A1609618BA2D1C7A3B22029E08B.e.7784","ELEMENT":"f.2D1A903BB9B117B2180C998CF94CF722.d.003A5A1609618BA2D1C7A3B22029E08B.e.7784"}]}
RESULT: {"script":"<script> [8489 bytes]","args":[{"element-6066-11e4-a52e-4f735466cecf":"f.2D1A903BB9B117B2180C998CF94CF722.d.003A5A1609618BA2D1C7A3B22029E08B.e.7784","ELEMENT":"f.2D1A903BB9B117B2180C998CF94CF722.d.003A5A1609618BA2D1C7A3B22029E08B.e.7784"}]}
COMMAND: POST /session/0157ef9fabb145ee7fb2a1f3feebe51f/execute/async - {"script":"<script> [1562 bytes]","args":[{"selector":{"id":"application-managepartners-display-component---NewPartner--addressNewCostObjectCstID-vhi"},"wdio_ui5_key":"applicationmanagepartners-display-component---NewPartner--addressNewCostObjectCstID-vhi"}]}
COMMAND: GET /session/0157ef9fabb145ee7fb2a1f3feebe51f/screenshot - {}
RESULT: {"script":"<script> [1562 bytes]","args":[{"selector":{"id":"application-managepartners-display-component---NewPartner--addressNewCostObjectCstID-vhi"},"wdio_ui5_key":"applicationmanagepartners-display-component---NewPartner--addressNewCostObjectCstID-vhi"}]}
RESULT: undefined
COMMAND: POST /session/0157ef9fabb145ee7fb2a1f3feebe51f/element - {"using":"xpath","value":"//*[@id=\"application-managepartners-display-component---NewPartner--addressNewCostObjectCstID-vhi\"]"}
RESULT: {}
RESULT: {"using":"xpath","value":"//*[@id=\"application-managepartners-display-component---NewPartner--addressNewCostObjectCstID-vhi\"]"}
COMMAND: POST /session/0157ef9fabb145ee7fb2a1f3feebe51f/element/f.2D1A903BB9B117B2180C998CF94CF722.d.003A5A1609618BA2D1C7A3B22029E08B.e.7784/click - {}
RESULT: {}
COMMAND: GET /session/0157ef9fabb145ee7fb2a1f3feebe51f/screenshot - {}
RESULT: {}
RESULT: undefined
COMMAND: POST /session/0157ef9fabb145ee7fb2a1f3feebe51f/execute/async - {"script":"<script> [776 bytes]","args":[{"enterText":"10001013","selector":{"controlType":"sap.m.SearchField","properties":{"placeholder":"Search"},"searchOpenDialogs":true,"interaction":{"idSuffix":"I"}},"clearTextFirst":true,"interactionType":"ENTER_TEXT"}]}
RESULT: {"script":"<script> [776 bytes]","args":[{"enterText":"10001013","selector":{"controlType":"sap.m.SearchField","properties":{"placeholder":"Search"},"searchOpenDialogs":true,"interaction":{"idSuffix":"I"}},"clearTextFirst":true,"interactionType":"ENTER_TEXT"}]}
COMMAND: POST /session/0157ef9fabb145ee7fb2a1f3feebe51f/actions - {"actions":[{"id":"action20","type":"key","parameters":{},"actions":[{"type":"keyDown","value":""},{"type":"pause","duration":10},{"type":"keyUp","value":""}]}]}
RESULT: {"actions":[{"id":"action20","type":"key","parameters":{},"actions":[{"type":"keyDown","value":""},{"type":"pause","duration":10},{"type":"keyUp","value":""}]}]}
COMMAND: GET /session/0157ef9fabb145ee7fb2a1f3feebe51f/screenshot - {}
RESULT: {}
COMMAND: POST /session/0157ef9fabb145ee7fb2a1f3feebe51f/element - {"using":"xpath","value":"//span[contains(text(), \"General Management\")]"}
RESULT: {"using":"xpath","value":"//span[contains(text(), \"General Management\")]"}
COMMAND: POST /session/0157ef9fabb145ee7fb2a1f3feebe51f/element/f.2D1A903BB9B117B2180C998CF94CF722.d.003A5A1609618BA2D1C7A3B22029E08B.e.7823/click - {}
RESULT: {}
COMMAND: GET /session/0157ef9fabb145ee7fb2a1f3feebe51f/screenshot - {}
RESULT: {}
COMMAND: POST /session/0157ef9fabb145ee7fb2a1f3feebe51f/element - {"using":"xpath","value":"//bdi[contains(text(), \"OK\")]"}
RESULT: {"using":"xpath","value":"//bdi[contains(text(), \"OK\")]"}
COMMAND: POST /session/0157ef9fabb145ee7fb2a1f3feebe51f/element/f.2D1A903BB9B117B2180C998CF94CF722.d.003A5A1609618BA2D1C7A3B22029E08B.e.7824/click - {}
RESULT: {}
COMMAND: GET /session/0157ef9fabb145ee7fb2a1f3feebe51f/screenshot - {}
RESULT: {}
COMMAND: POST /session/0157ef9fabb145ee7fb2a1f3feebe51f/element - {"using":"xpath","value":"//input[@id=\"application-managepartners-display-component---NewPartner--companyCodeComboBox-inner\"]"}
RESULT: {"using":"xpath","value":"//input[@id=\"application-managepartners-display-component---NewPartner--companyCodeComboBox-inner\"]"}
COMMAND: POST /session/0157ef9fabb145ee7fb2a1f3feebe51f/element/f.2D1A903BB9B117B2180C998CF94CF722.d.003A5A1609618BA2D1C7A3B22029E08B.e.7615/clear - {}
RESULT: {}
COMMAND: POST /session/0157ef9fabb145ee7fb2a1f3feebe51f/element/f.2D1A903BB9B117B2180C998CF94CF722.d.003A5A1609618BA2D1C7A3B22029E08B.e.7615/value - {"text":"C002"}
COMMAND: GET /session/0157ef9fabb145ee7fb2a1f3feebe51f/screenshot - {}
RESULT: {"text":"C002"}
COMMAND: GET /session/0157ef9fabb145ee7fb2a1f3feebe51f/screenshot - {}
RESULT: {}
RESULT: {}
COMMAND: POST /session/0157ef9fabb145ee7fb2a1f3feebe51f/element - {"using":"xpath","value":"//span[contains(text(), \"C002\")]"}
RESULT: {"using":"xpath","value":"//span[contains(text(), \"C002\")]"}
COMMAND: POST /session/0157ef9fabb145ee7fb2a1f3feebe51f/element/f.2D1A903BB9B117B2180C998CF94CF722.d.003A5A1609618BA2D1C7A3B22029E08B.e.7830/click - {}
RESULT: {}
COMMAND: GET /session/0157ef9fabb145ee7fb2a1f3feebe51f/screenshot - {}
RESULT: {}
COMMAND: POST /session/0157ef9fabb145ee7fb2a1f3feebe51f/execute/async - {"script":"<script> [1562 bytes]","args":[{"selector":{"id":"application-managepartners-display-component---NewPartner--btnAddTableRow-img"},"wdio_ui5_key":"applicationmanagepartners-display-component---NewPartner--btnAddTableRow-img"}]}
RESULT: {"script":"<script> [1562 bytes]","args":[{"selector":{"id":"application-managepartners-display-component---NewPartner--btnAddTableRow-img"},"wdio_ui5_key":"applicationmanagepartners-display-component---NewPartner--btnAddTableRow-img"}]}
RESULT: undefined
COMMAND: POST /session/0157ef9fabb145ee7fb2a1f3feebe51f/element - {"using":"xpath","value":"//*[@id=\"application-managepartners-display-component---NewPartner--btnAddTableRow-img\"]"}
RESULT: {"using":"xpath","value":"//*[@id=\"application-managepartners-display-component---NewPartner--btnAddTableRow-img\"]"}
COMMAND: POST /session/0157ef9fabb145ee7fb2a1f3feebe51f/element/f.2D1A903BB9B117B2180C998CF94CF722.d.003A5A1609618BA2D1C7A3B22029E08B.e.7831/click - {}
RESULT: {}
COMMAND: GET /session/0157ef9fabb145ee7fb2a1f3feebe51f/screenshot - {}
RESULT: {}
COMMAND: POST /session/0157ef9fabb145ee7fb2a1f3feebe51f/element - {"using":"xpath","value":"//input[@id=\"application-managepartners-display-component---NewPartner--assignmentYard-application-managepartners-display-component---NewPartner--assignmentsTable-0-inner\"]"}
RESULT: {"using":"xpath","value":"//input[@id=\"application-managepartners-display-component---NewPartner--assignmentYard-application-managepartners-display-component---NewPartner--assignmentsTable-0-inner\"]"}
COMMAND: POST /session/0157ef9fabb145ee7fb2a1f3feebe51f/element/f.2D1A903BB9B117B2180C998CF94CF722.d.003A5A1609618BA2D1C7A3B22029E08B.e.7834/clear - {}
RESULT: {}
COMMAND: POST /session/0157ef9fabb145ee7fb2a1f3feebe51f/element/f.2D1A903BB9B117B2180C998CF94CF722.d.003A5A1609618BA2D1C7A3B22029E08B.e.7834/value - {"text":"477"}
COMMAND: GET /session/0157ef9fabb145ee7fb2a1f3feebe51f/screenshot - {}
RESULT: {"text":"477"}
COMMAND: GET /session/0157ef9fabb145ee7fb2a1f3feebe51f/screenshot - {}
RESULT: {}
RESULT: {}
COMMAND: POST /session/0157ef9fabb145ee7fb2a1f3feebe51f/element - {"using":"xpath","value":"//li[.//span[text()='477']]"}
RESULT: {"using":"xpath","value":"//li[.//span[text()='477']]"}
COMMAND: POST /session/0157ef9fabb145ee7fb2a1f3feebe51f/element/f.2D1A903BB9B117B2180C998CF94CF722.d.003A5A1609618BA2D1C7A3B22029E08B.e.7843/click - {}
RESULT: {}
COMMAND: GET /session/0157ef9fabb145ee7fb2a1f3feebe51f/screenshot - {}
RESULT: {}
COMMAND: POST /session/0157ef9fabb145ee7fb2a1f3feebe51f/actions - {"actions":[{"id":"action21","type":"key","parameters":{},"actions":[{"type":"keyDown","value":""},{"type":"pause","duration":10},{"type":"keyUp","value":""}]}]}
RESULT: {"actions":[{"id":"action21","type":"key","parameters":{},"actions":[{"type":"keyDown","value":""},{"type":"pause","duration":10},{"type":"keyUp","value":""}]}]}
COMMAND: POST /session/0157ef9fabb145ee7fb2a1f3feebe51f/execute/async - {"script":"<script> [1562 bytes]","args":[{"selector":{"id":"application-managepartners-display-component---NewPartner--externalCustomerComboBox-application-managepartners-display-component---NewPartner--assignmentsTable-0-vhi"},"wdio_ui5_key":"applicationmanagepartners-display-component---NewPartner--externalCustomerComboBox-application-managepartners-display-component---NewPartner--assignmentsTable-0-vhi"}]}
COMMAND: GET /session/0157ef9fabb145ee7fb2a1f3feebe51f/screenshot - {}
RESULT: {"script":"<script> [1562 bytes]","args":[{"selector":{"id":"application-managepartners-display-component---NewPartner--externalCustomerComboBox-application-managepartners-display-component---NewPartner--assignmentsTable-0-vhi"},"wdio_ui5_key":"applicationmanagepartners-display-component---NewPartner--externalCustomerComboBox-application-managepartners-display-component---NewPartner--assignmentsTable-0-vhi"}]}
RESULT: undefined
COMMAND: POST /session/0157ef9fabb145ee7fb2a1f3feebe51f/element - {"using":"xpath","value":"//*[@id=\"application-managepartners-display-component---NewPartner--externalCustomerComboBox-application-managepartners-display-component---NewPartner--assignmentsTable-0-vhi\"]"}
RESULT: {}
RESULT: {"using":"xpath","value":"//*[@id=\"application-managepartners-display-component---NewPartner--externalCustomerComboBox-application-managepartners-display-component---NewPartner--assignmentsTable-0-vhi\"]"}
COMMAND: POST /session/0157ef9fabb145ee7fb2a1f3feebe51f/element/f.2D1A903BB9B117B2180C998CF94CF722.d.003A5A1609618BA2D1C7A3B22029E08B.e.7847/click - {}
RESULT: {}
RESULT: undefined
COMMAND: POST /session/0157ef9fabb145ee7fb2a1f3feebe51f/execute/async - {"script":"<script> [776 bytes]","args":[{"enterText":"300003","selector":{"controlType":"sap.m.SearchField","properties":{"placeholder":"Search"},"searchOpenDialogs":true,"interaction":{"idSuffix":"I"}},"clearTextFirst":true,"interactionType":"ENTER_TEXT"}]}
COMMAND: GET /session/0157ef9fabb145ee7fb2a1f3feebe51f/screenshot - {}
RESULT: {"script":"<script> [776 bytes]","args":[{"enterText":"300003","selector":{"controlType":"sap.m.SearchField","properties":{"placeholder":"Search"},"searchOpenDialogs":true,"interaction":{"idSuffix":"I"}},"clearTextFirst":true,"interactionType":"ENTER_TEXT"}]}
COMMAND: POST /session/0157ef9fabb145ee7fb2a1f3feebe51f/actions - {"actions":[{"id":"action22","type":"key","parameters":{},"actions":[{"type":"keyDown","value":""},{"type":"pause","duration":10},{"type":"keyUp","value":""}]}]}
RESULT: {}
RESULT: {"actions":[{"id":"action22","type":"key","parameters":{},"actions":[{"type":"keyDown","value":""},{"type":"pause","duration":10},{"type":"keyUp","value":""}]}]}
COMMAND: GET /session/0157ef9fabb145ee7fb2a1f3feebe51f/screenshot - {}
RESULT: {}
COMMAND: POST /session/0157ef9fabb145ee7fb2a1f3feebe51f/element - {"using":"xpath","value":"//span[contains(text(), \"300003\")]"}
RESULT: {"using":"xpath","value":"//span[contains(text(), \"300003\")]"}
COMMAND: POST /session/0157ef9fabb145ee7fb2a1f3feebe51f/element/f.2D1A903BB9B117B2180C998CF94CF722.d.003A5A1609618BA2D1C7A3B22029E08B.e.7865/click - {}
RESULT: {}
COMMAND: GET /session/0157ef9fabb145ee7fb2a1f3feebe51f/screenshot - {}
RESULT: {}
COMMAND: POST /session/0157ef9fabb145ee7fb2a1f3feebe51f/element - {"using":"xpath","value":"//bdi[contains(text(), \"OK\")]"}
RESULT: {"using":"xpath","value":"//bdi[contains(text(), \"OK\")]"}
COMMAND: POST /session/0157ef9fabb145ee7fb2a1f3feebe51f/element/f.2D1A903BB9B117B2180C998CF94CF722.d.003A5A1609618BA2D1C7A3B22029E08B.e.7867/click - {}
RESULT: {}
COMMAND: GET /session/0157ef9fabb145ee7fb2a1f3feebe51f/screenshot - {}
RESULT: {}
COMMAND: POST /session/0157ef9fabb145ee7fb2a1f3feebe51f/execute/async - {"script":"<script> [1562 bytes]","args":[{"selector":{"id":"application-managepartners-display-component---NewPartner--intercompVendorComboBox-application-managepartners-display-component---NewPartner--assignmentsTable-0-vhi"},"wdio_ui5_key":"applicationmanagepartners-display-component---NewPartner--intercompVendorComboBox-application-managepartners-display-component---NewPartner--assignmentsTable-0-vhi"}]}
RESULT: {"script":"<script> [1562 bytes]","args":[{"selector":{"id":"application-managepartners-display-component---NewPartner--intercompVendorComboBox-application-managepartners-display-component---NewPartner--assignmentsTable-0-vhi"},"wdio_ui5_key":"applicationmanagepartners-display-component---NewPartner--intercompVendorComboBox-application-managepartners-display-component---NewPartner--assignmentsTable-0-vhi"}]}
RESULT: undefined
COMMAND: POST /session/0157ef9fabb145ee7fb2a1f3feebe51f/element - {"using":"xpath","value":"//*[@id=\"application-managepartners-display-component---NewPartner--intercompVendorComboBox-application-managepartners-display-component---NewPartner--assignmentsTable-0-vhi\"]"}
RESULT: {"using":"xpath","value":"//*[@id=\"application-managepartners-display-component---NewPartner--intercompVendorComboBox-application-managepartners-display-component---NewPartner--assignmentsTable-0-vhi\"]"}
COMMAND: POST /session/0157ef9fabb145ee7fb2a1f3feebe51f/element/f.2D1A903BB9B117B2180C998CF94CF722.d.003A5A1609618BA2D1C7A3B22029E08B.e.7870/click - {}
RESULT: {}
RESULT: undefined
COMMAND: POST /session/0157ef9fabb145ee7fb2a1f3feebe51f/execute/async - {"script":"<script> [776 bytes]","args":[{"enterText":"100005","selector":{"controlType":"sap.m.SearchField","properties":{"placeholder":"Search"},"searchOpenDialogs":true,"interaction":{"idSuffix":"I"}},"clearTextFirst":true,"interactionType":"ENTER_TEXT"}]}
COMMAND: GET /session/0157ef9fabb145ee7fb2a1f3feebe51f/screenshot - {}
RESULT: {"script":"<script> [776 bytes]","args":[{"enterText":"100005","selector":{"controlType":"sap.m.SearchField","properties":{"placeholder":"Search"},"searchOpenDialogs":true,"interaction":{"idSuffix":"I"}},"clearTextFirst":true,"interactionType":"ENTER_TEXT"}]}
COMMAND: POST /session/0157ef9fabb145ee7fb2a1f3feebe51f/actions - {"actions":[{"id":"action23","type":"key","parameters":{},"actions":[{"type":"keyDown","value":""},{"type":"pause","duration":10},{"type":"keyUp","value":""}]}]}
RESULT: {}
RESULT: {"actions":[{"id":"action23","type":"key","parameters":{},"actions":[{"type":"keyDown","value":""},{"type":"pause","duration":10},{"type":"keyUp","value":""}]}]}
COMMAND: GET /session/0157ef9fabb145ee7fb2a1f3feebe51f/screenshot - {}
RESULT: {}
COMMAND: POST /session/0157ef9fabb145ee7fb2a1f3feebe51f/element - {"using":"xpath","value":"//span[contains(text(), \"Penguins - Field/12345 Berlin\")]"}
RESULT: {"using":"xpath","value":"//span[contains(text(), \"Penguins - Field/12345 Berlin\")]"}
COMMAND: POST /session/0157ef9fabb145ee7fb2a1f3feebe51f/element/f.2D1A903BB9B117B2180C998CF94CF722.d.003A5A1609618BA2D1C7A3B22029E08B.e.7888/click - {}
RESULT: {}
COMMAND: GET /session/0157ef9fabb145ee7fb2a1f3feebe51f/screenshot - {}
RESULT: {}
COMMAND: POST /session/0157ef9fabb145ee7fb2a1f3feebe51f/element - {"using":"xpath","value":"//bdi[contains(text(), \"OK\")]"}
RESULT: {"using":"xpath","value":"//bdi[contains(text(), \"OK\")]"}
COMMAND: POST /session/0157ef9fabb145ee7fb2a1f3feebe51f/element/f.2D1A903BB9B117B2180C998CF94CF722.d.003A5A1609618BA2D1C7A3B22029E08B.e.7889/click - {}
RESULT: {}
COMMAND: GET /session/0157ef9fabb145ee7fb2a1f3feebe51f/screenshot - {}
RESULT: {}
COMMAND: POST /session/0157ef9fabb145ee7fb2a1f3feebe51f/element - {"using":"xpath","value":"//button[@data-kt=\"saveButton\"]"}
RESULT: {"using":"xpath","value":"//button[@data-kt=\"saveButton\"]"}
COMMAND: POST /session/0157ef9fabb145ee7fb2a1f3feebe51f/element/f.2D1A903BB9B117B2180C998CF94CF722.d.003A5A1609618BA2D1C7A3B22029E08B.e.7726/click - {}
RESULT: {}
COMMAND: GET /session/0157ef9fabb145ee7fb2a1f3feebe51f/screenshot - {}
RESULT: {}
COMMAND: POST /session/0157ef9fabb145ee7fb2a1f3feebe51f/element - {"using":"xpath","value":"//header[contains(@id, 'ObjectPageLayout-headerTitle')]/div[1]/div[2]/div[2]/span[1]"}
RESULT: {"using":"xpath","value":"//header[contains(@id, 'ObjectPageLayout-headerTitle')]/div[1]/div[2]/div[2]/span[1]"}
COMMAND: POST /session/0157ef9fabb145ee7fb2a1f3feebe51f/elements - {"using":"xpath","value":"//header[contains(@id, 'ObjectPageLayout-headerTitle')]/div[1]/div[2]/div[2]/span[1]"}
RESULT: {"using":"xpath","value":"//header[contains(@id, 'ObjectPageLayout-headerTitle')]/div[1]/div[2]/div[2]/span[1]"}
COMMAND: POST /session/0157ef9fabb145ee7fb2a1f3feebe51f/execute/sync - {"script":"<script> [56 bytes]","args":[{"element-6066-11e4-a52e-4f735466cecf":"f.2D1A903BB9B117B2180C998CF94CF722.d.003A5A1609618BA2D1C7A3B22029E08B.e.8053","ELEMENT":"f.2D1A903BB9B117B2180C998CF94CF722.d.003A5A1609618BA2D1C7A3B22029E08B.e.8053"}]}
RESULT: {"script":"<script> [56 bytes]","args":[{"element-6066-11e4-a52e-4f735466cecf":"f.2D1A903BB9B117B2180C998CF94CF722.d.003A5A1609618BA2D1C7A3B22029E08B.e.8053","ELEMENT":"f.2D1A903BB9B117B2180C998CF94CF722.d.003A5A1609618BA2D1C7A3B22029E08B.e.8053"}]}
COMMAND: POST /session/0157ef9fabb145ee7fb2a1f3feebe51f/element - {"using":"css selector","value":"#shell-header-logo"}
COMMAND: GET /session/0157ef9fabb145ee7fb2a1f3feebe51f/screenshot - {}
RESULT: {"using":"css selector","value":"#shell-header-logo"}
COMMAND: POST /session/0157ef9fabb145ee7fb2a1f3feebe51f/element/f.2D1A903BB9B117B2180C998CF94CF722.d.003A5A1609618BA2D1C7A3B22029E08B.e.7268/click - {}
RESULT: {}
RESULT: {}
COMMAND: GET /session/0157ef9fabb145ee7fb2a1f3feebe51f/screenshot - {}
RESULT: {}
COMMAND: POST /session/0157ef9fabb145ee7fb2a1f3feebe51f/execute/sync - {"script":"<script> [299 bytes]","args":[["getModel","getResource"]]}
RESULT: {"script":"<script> [299 bytes]","args":[["getModel","getResource"]]}
]]></system-out>
    </testcase>
    <testcase classname="chrome.135_0_7049_42.windows.Create_master_data_for_mixed_billing_&amp;_do_billing_calculation_US151661" name="Should create a new site" time="90.334">
      <system-out><![CDATA[
COMMAND: GET /session/0157ef9fabb145ee7fb2a1f3feebe51f/screenshot - {}
COMMAND: POST /session/0157ef9fabb145ee7fb2a1f3feebe51f/execute/async - {"script":"<script> [1562 bytes]","args":[{"selector":{"controlType":"sap.m.TileContent","bindingPath":{"path":"","propertyPath":"/properties/info"},"ancestor":{"controlType":"sap.m.GenericTile","properties":{"header":"Manage Sites"}}},"wdio_ui5_key":"sapm.TileContent{\"path\":\"\",\"propertyPath\":\"/properties/info\"}{\"controlType\":\"sap.m.GenericTile\",\"properties\":{\"header\":\"Manage Sites\"}}"}]}
RESULT: {}
RESULT: {"script":"<script> [1562 bytes]","args":[{"selector":{"controlType":"sap.m.TileContent","bindingPath":{"path":"","propertyPath":"/properties/info"},"ancestor":{"controlType":"sap.m.GenericTile","properties":{"header":"Manage Sites"}}},"wdio_ui5_key":"sapm.TileContent{\"path\":\"\",\"propertyPath\":\"/properties/info\"}{\"controlType\":\"sap.m.GenericTile\",\"properties\":{\"header\":\"Manage Sites\"}}"}]}
RESULT: undefined
COMMAND: POST /session/0157ef9fabb145ee7fb2a1f3feebe51f/element - {"using":"xpath","value":"//*[@id=\"__xmlview7--numericTileContent\"]"}
RESULT: {"using":"xpath","value":"//*[@id=\"__xmlview7--numericTileContent\"]"}
COMMAND: POST /session/0157ef9fabb145ee7fb2a1f3feebe51f/element/f.2D1A903BB9B117B2180C998CF94CF722.d.003A5A1609618BA2D1C7A3B22029E08B.e.8055/click - {}
RESULT: {}
COMMAND: POST /session/0157ef9fabb145ee7fb2a1f3feebe51f/element - {"using":"xpath","value":"//button[@data-kt=\"addOverflowToolbarButton\"]"}
COMMAND: GET /session/0157ef9fabb145ee7fb2a1f3feebe51f/screenshot - {}
RESULT: {"using":"xpath","value":"//button[@data-kt=\"addOverflowToolbarButton\"]"}
COMMAND: POST /session/0157ef9fabb145ee7fb2a1f3feebe51f/elements - {"using":"xpath","value":"//button[@data-kt=\"addOverflowToolbarButton\"]"}
RESULT: {}
RESULT: {"using":"xpath","value":"//button[@data-kt=\"addOverflowToolbarButton\"]"}
COMMAND: POST /session/0157ef9fabb145ee7fb2a1f3feebe51f/elements - {"using":"xpath","value":"//button[@data-kt=\"addOverflowToolbarButton\"]"}
RESULT: {"using":"xpath","value":"//button[@data-kt=\"addOverflowToolbarButton\"]"}
COMMAND: POST /session/0157ef9fabb145ee7fb2a1f3feebe51f/elements - {"using":"xpath","value":"//button[@data-kt=\"addOverflowToolbarButton\"]"}
RESULT: {"using":"xpath","value":"//button[@data-kt=\"addOverflowToolbarButton\"]"}
COMMAND: POST /session/0157ef9fabb145ee7fb2a1f3feebe51f/element - {"using":"xpath","value":"//button[@data-kt=\"addOverflowToolbarButton\"]"}
RESULT: {"using":"xpath","value":"//button[@data-kt=\"addOverflowToolbarButton\"]"}
COMMAND: POST /session/0157ef9fabb145ee7fb2a1f3feebe51f/execute/sync - {"script":"<script> [8489 bytes]","args":[{"element-6066-11e4-a52e-4f735466cecf":"f.2D1A903BB9B117B2180C998CF94CF722.d.003A5A1609618BA2D1C7A3B22029E08B.e.8100","ELEMENT":"f.2D1A903BB9B117B2180C998CF94CF722.d.003A5A1609618BA2D1C7A3B22029E08B.e.8100"}]}
RESULT: {"script":"<script> [8489 bytes]","args":[{"element-6066-11e4-a52e-4f735466cecf":"f.2D1A903BB9B117B2180C998CF94CF722.d.003A5A1609618BA2D1C7A3B22029E08B.e.8100","ELEMENT":"f.2D1A903BB9B117B2180C998CF94CF722.d.003A5A1609618BA2D1C7A3B22029E08B.e.8100"}]}
COMMAND: GET /session/0157ef9fabb145ee7fb2a1f3feebe51f/element/f.2D1A903BB9B117B2180C998CF94CF722.d.003A5A1609618BA2D1C7A3B22029E08B.e.8100/enabled - {}
COMMAND: GET /session/0157ef9fabb145ee7fb2a1f3feebe51f/screenshot - {}
RESULT: {}
COMMAND: POST /session/0157ef9fabb145ee7fb2a1f3feebe51f/execute/sync - {"script":"<script> [8489 bytes]","args":[{"element-6066-11e4-a52e-4f735466cecf":"f.2D1A903BB9B117B2180C998CF94CF722.d.003A5A1609618BA2D1C7A3B22029E08B.e.8100","ELEMENT":"f.2D1A903BB9B117B2180C998CF94CF722.d.003A5A1609618BA2D1C7A3B22029E08B.e.8100"}]}
COMMAND: GET /session/0157ef9fabb145ee7fb2a1f3feebe51f/screenshot - {}
RESULT: {}
RESULT: {"script":"<script> [8489 bytes]","args":[{"element-6066-11e4-a52e-4f735466cecf":"f.2D1A903BB9B117B2180C998CF94CF722.d.003A5A1609618BA2D1C7A3B22029E08B.e.8100","ELEMENT":"f.2D1A903BB9B117B2180C998CF94CF722.d.003A5A1609618BA2D1C7A3B22029E08B.e.8100"}]}
COMMAND: POST /session/0157ef9fabb145ee7fb2a1f3feebe51f/execute/sync - {"script":"<script> [5351 bytes]","args":[{"element-6066-11e4-a52e-4f735466cecf":"f.2D1A903BB9B117B2180C998CF94CF722.d.003A5A1609618BA2D1C7A3B22029E08B.e.8100","ELEMENT":"f.2D1A903BB9B117B2180C998CF94CF722.d.003A5A1609618BA2D1C7A3B22029E08B.e.8100"}]}
COMMAND: GET /session/0157ef9fabb145ee7fb2a1f3feebe51f/screenshot - {}
RESULT: {}
RESULT: {"script":"<script> [5351 bytes]","args":[{"element-6066-11e4-a52e-4f735466cecf":"f.2D1A903BB9B117B2180C998CF94CF722.d.003A5A1609618BA2D1C7A3B22029E08B.e.8100","ELEMENT":"f.2D1A903BB9B117B2180C998CF94CF722.d.003A5A1609618BA2D1C7A3B22029E08B.e.8100"}]}
COMMAND: POST /session/0157ef9fabb145ee7fb2a1f3feebe51f/element/f.2D1A903BB9B117B2180C998CF94CF722.d.003A5A1609618BA2D1C7A3B22029E08B.e.8100/click - {}
COMMAND: GET /session/0157ef9fabb145ee7fb2a1f3feebe51f/screenshot - {}
RESULT: {}
RESULT: {}
COMMAND: GET /session/0157ef9fabb145ee7fb2a1f3feebe51f/screenshot - {}
COMMAND: POST /session/0157ef9fabb145ee7fb2a1f3feebe51f/execute/async - {"script":"<script> [1562 bytes]","args":[{"selector":{"id":"application-managesites-display-component---NewSite--addressDetailDetailsName1","interaction":{"idSuffix":"inner"}},"wdio_ui5_key":"applicationmanagesites-display-component---NewSite--addressDetailDetailsName1"}]}
RESULT: {}
RESULT: {}
RESULT: {"script":"<script> [1562 bytes]","args":[{"selector":{"id":"application-managesites-display-component---NewSite--addressDetailDetailsName1","interaction":{"idSuffix":"inner"}},"wdio_ui5_key":"applicationmanagesites-display-component---NewSite--addressDetailDetailsName1"}]}
RESULT: undefined
COMMAND: POST /session/0157ef9fabb145ee7fb2a1f3feebe51f/execute/async - {"script":"<script> [776 bytes]","args":[{"enterText":"Intercompany Site wdIO","selector":{"id":"application-managesites-display-component---NewSite--addressDetailDetailsName1","interaction":{"idSuffix":"inner"}},"clearTextFirst":true,"interactionType":"ENTER_TEXT"}]}
RESULT: {"script":"<script> [776 bytes]","args":[{"enterText":"Intercompany Site wdIO","selector":{"id":"application-managesites-display-component---NewSite--addressDetailDetailsName1","interaction":{"idSuffix":"inner"}},"clearTextFirst":true,"interactionType":"ENTER_TEXT"}]}
COMMAND: POST /session/0157ef9fabb145ee7fb2a1f3feebe51f/execute/async - {"script":"<script> [1562 bytes]","args":[{"selector":{"id":"application-managesites-display-component---NewSite--addressDetailDetailsLanguage-arrow"},"wdio_ui5_key":"applicationmanagesites-display-component---NewSite--addressDetailDetailsLanguage-arrow"}]}
RESULT: {"script":"<script> [1562 bytes]","args":[{"selector":{"id":"application-managesites-display-component---NewSite--addressDetailDetailsLanguage-arrow"},"wdio_ui5_key":"applicationmanagesites-display-component---NewSite--addressDetailDetailsLanguage-arrow"}]}
RESULT: undefined
COMMAND: POST /session/0157ef9fabb145ee7fb2a1f3feebe51f/element - {"using":"xpath","value":"//*[@id=\"application-managesites-display-component---NewSite--addressDetailDetailsLanguage-arrow\"]"}
RESULT: {"using":"xpath","value":"//*[@id=\"application-managesites-display-component---NewSite--addressDetailDetailsLanguage-arrow\"]"}
COMMAND: POST /session/0157ef9fabb145ee7fb2a1f3feebe51f/element/f.2D1A903BB9B117B2180C998CF94CF722.d.003A5A1609618BA2D1C7A3B22029E08B.e.8744/click - {}
RESULT: {}
COMMAND: POST /session/0157ef9fabb145ee7fb2a1f3feebe51f/element - {"using":"xpath","value":"//span[contains(text(), \"English\")]"}
COMMAND: GET /session/0157ef9fabb145ee7fb2a1f3feebe51f/screenshot - {}
RESULT: {"using":"xpath","value":"//span[contains(text(), \"English\")]"}
COMMAND: POST /session/0157ef9fabb145ee7fb2a1f3feebe51f/element/f.2D1A903BB9B117B2180C998CF94CF722.d.003A5A1609618BA2D1C7A3B22029E08B.e.8745/click - {}
RESULT: {}
RESULT: {}
COMMAND: POST /session/0157ef9fabb145ee7fb2a1f3feebe51f/execute/async - {"script":"<script> [1562 bytes]","args":[{"selector":{"id":"application-managesites-display-component---NewSite--addressDetailDetailsCity1","interaction":{"idSuffix":"inner"}},"wdio_ui5_key":"applicationmanagesites-display-component---NewSite--addressDetailDetailsCity1"}]}
COMMAND: GET /session/0157ef9fabb145ee7fb2a1f3feebe51f/screenshot - {}
RESULT: {"script":"<script> [1562 bytes]","args":[{"selector":{"id":"application-managesites-display-component---NewSite--addressDetailDetailsCity1","interaction":{"idSuffix":"inner"}},"wdio_ui5_key":"applicationmanagesites-display-component---NewSite--addressDetailDetailsCity1"}]}
RESULT: undefined
COMMAND: POST /session/0157ef9fabb145ee7fb2a1f3feebe51f/execute/async - {"script":"<script> [776 bytes]","args":[{"enterText":"Rosario","selector":{"id":"application-managesites-display-component---NewSite--addressDetailDetailsCity1","interaction":{"idSuffix":"inner"}},"clearTextFirst":true,"interactionType":"ENTER_TEXT"}]}
RESULT: {}
RESULT: {"script":"<script> [776 bytes]","args":[{"enterText":"Rosario","selector":{"id":"application-managesites-display-component---NewSite--addressDetailDetailsCity1","interaction":{"idSuffix":"inner"}},"clearTextFirst":true,"interactionType":"ENTER_TEXT"}]}
COMMAND: POST /session/0157ef9fabb145ee7fb2a1f3feebe51f/execute/async - {"script":"<script> [1562 bytes]","args":[{"selector":{"id":"application-managesites-display-component---NewSite--addressDetailDetailsCountry-arrow"},"wdio_ui5_key":"applicationmanagesites-display-component---NewSite--addressDetailDetailsCountry-arrow"}]}
RESULT: {"script":"<script> [1562 bytes]","args":[{"selector":{"id":"application-managesites-display-component---NewSite--addressDetailDetailsCountry-arrow"},"wdio_ui5_key":"applicationmanagesites-display-component---NewSite--addressDetailDetailsCountry-arrow"}]}
RESULT: undefined
COMMAND: POST /session/0157ef9fabb145ee7fb2a1f3feebe51f/element - {"using":"xpath","value":"//*[@id=\"application-managesites-display-component---NewSite--addressDetailDetailsCountry-arrow\"]"}
RESULT: {"using":"xpath","value":"//*[@id=\"application-managesites-display-component---NewSite--addressDetailDetailsCountry-arrow\"]"}
COMMAND: POST /session/0157ef9fabb145ee7fb2a1f3feebe51f/element/f.2D1A903BB9B117B2180C998CF94CF722.d.003A5A1609618BA2D1C7A3B22029E08B.e.8747/click - {}
RESULT: {}
COMMAND: POST /session/0157ef9fabb145ee7fb2a1f3feebe51f/element - {"using":"xpath","value":"//span[contains(text(), \"Argentina\")]"}
COMMAND: GET /session/0157ef9fabb145ee7fb2a1f3feebe51f/screenshot - {}
RESULT: {"using":"xpath","value":"//span[contains(text(), \"Argentina\")]"}
COMMAND: POST /session/0157ef9fabb145ee7fb2a1f3feebe51f/element/f.2D1A903BB9B117B2180C998CF94CF722.d.003A5A1609618BA2D1C7A3B22029E08B.e.8748/click - {}
RESULT: {}
RESULT: {}
COMMAND: GET /session/0157ef9fabb145ee7fb2a1f3feebe51f/screenshot - {}
RESULT: {}
COMMAND: POST /session/0157ef9fabb145ee7fb2a1f3feebe51f/execute/async - {"script":"<script> [1562 bytes]","args":[{"selector":{"id":"application-managesites-display-component---NewSite--addressEditDetailsCostObjectCstType-arrow"},"wdio_ui5_key":"applicationmanagesites-display-component---NewSite--addressEditDetailsCostObjectCstType-arrow"}]}
RESULT: {"script":"<script> [1562 bytes]","args":[{"selector":{"id":"application-managesites-display-component---NewSite--addressEditDetailsCostObjectCstType-arrow"},"wdio_ui5_key":"applicationmanagesites-display-component---NewSite--addressEditDetailsCostObjectCstType-arrow"}]}
RESULT: undefined
COMMAND: POST /session/0157ef9fabb145ee7fb2a1f3feebe51f/element - {"using":"xpath","value":"//*[@id=\"application-managesites-display-component---NewSite--addressEditDetailsCostObjectCstType-arrow\"]"}
RESULT: {"using":"xpath","value":"//*[@id=\"application-managesites-display-component---NewSite--addressEditDetailsCostObjectCstType-arrow\"]"}
COMMAND: POST /session/0157ef9fabb145ee7fb2a1f3feebe51f/element/f.2D1A903BB9B117B2180C998CF94CF722.d.003A5A1609618BA2D1C7A3B22029E08B.e.8750/click - {}
RESULT: {}
COMMAND: POST /session/0157ef9fabb145ee7fb2a1f3feebe51f/element - {"using":"xpath","value":"//span[contains(text(), \"Cost Center\")]"}
COMMAND: GET /session/0157ef9fabb145ee7fb2a1f3feebe51f/screenshot - {}
RESULT: {"using":"xpath","value":"//span[contains(text(), \"Cost Center\")]"}
COMMAND: POST /session/0157ef9fabb145ee7fb2a1f3feebe51f/element/f.2D1A903BB9B117B2180C998CF94CF722.d.003A5A1609618BA2D1C7A3B22029E08B.e.8751/click - {}
RESULT: {}
RESULT: {}
COMMAND: GET /session/0157ef9fabb145ee7fb2a1f3feebe51f/screenshot - {}
RESULT: {}
COMMAND: POST /session/0157ef9fabb145ee7fb2a1f3feebe51f/element - {"using":"xpath","value":"//span[@id=\"application-managesites-display-component---NewSite--addressNewCostObjectCstID-vhi\"]"}
RESULT: {"using":"xpath","value":"//span[@id=\"application-managesites-display-component---NewSite--addressNewCostObjectCstID-vhi\"]"}
COMMAND: POST /session/0157ef9fabb145ee7fb2a1f3feebe51f/execute/sync - {"script":"<script> [8489 bytes]","args":[{"element-6066-11e4-a52e-4f735466cecf":"f.2D1A903BB9B117B2180C998CF94CF722.d.003A5A1609618BA2D1C7A3B22029E08B.e.8755","ELEMENT":"f.2D1A903BB9B117B2180C998CF94CF722.d.003A5A1609618BA2D1C7A3B22029E08B.e.8755"}]}
RESULT: {"script":"<script> [8489 bytes]","args":[{"element-6066-11e4-a52e-4f735466cecf":"f.2D1A903BB9B117B2180C998CF94CF722.d.003A5A1609618BA2D1C7A3B22029E08B.e.8755","ELEMENT":"f.2D1A903BB9B117B2180C998CF94CF722.d.003A5A1609618BA2D1C7A3B22029E08B.e.8755"}]}
COMMAND: POST /session/0157ef9fabb145ee7fb2a1f3feebe51f/execute/async - {"script":"<script> [1562 bytes]","args":[{"selector":{"id":"application-managesites-display-component---NewSite--addressNewCostObjectCstID-vhi"},"wdio_ui5_key":"applicationmanagesites-display-component---NewSite--addressNewCostObjectCstID-vhi"}]}
COMMAND: GET /session/0157ef9fabb145ee7fb2a1f3feebe51f/screenshot - {}
RESULT: {"script":"<script> [1562 bytes]","args":[{"selector":{"id":"application-managesites-display-component---NewSite--addressNewCostObjectCstID-vhi"},"wdio_ui5_key":"applicationmanagesites-display-component---NewSite--addressNewCostObjectCstID-vhi"}]}
RESULT: undefined
COMMAND: POST /session/0157ef9fabb145ee7fb2a1f3feebe51f/element - {"using":"xpath","value":"//*[@id=\"application-managesites-display-component---NewSite--addressNewCostObjectCstID-vhi\"]"}
RESULT: {}
RESULT: {"using":"xpath","value":"//*[@id=\"application-managesites-display-component---NewSite--addressNewCostObjectCstID-vhi\"]"}
COMMAND: POST /session/0157ef9fabb145ee7fb2a1f3feebe51f/element/f.2D1A903BB9B117B2180C998CF94CF722.d.003A5A1609618BA2D1C7A3B22029E08B.e.8755/click - {}
RESULT: {}
COMMAND: GET /session/0157ef9fabb145ee7fb2a1f3feebe51f/screenshot - {}
RESULT: {}
RESULT: undefined
COMMAND: POST /session/0157ef9fabb145ee7fb2a1f3feebe51f/execute/async - {"script":"<script> [776 bytes]","args":[{"enterText":"10001013","selector":{"controlType":"sap.m.SearchField","properties":{"placeholder":"Search"},"searchOpenDialogs":true,"interaction":{"idSuffix":"I"}},"clearTextFirst":true,"interactionType":"ENTER_TEXT"}]}
RESULT: {"script":"<script> [776 bytes]","args":[{"enterText":"10001013","selector":{"controlType":"sap.m.SearchField","properties":{"placeholder":"Search"},"searchOpenDialogs":true,"interaction":{"idSuffix":"I"}},"clearTextFirst":true,"interactionType":"ENTER_TEXT"}]}
COMMAND: POST /session/0157ef9fabb145ee7fb2a1f3feebe51f/actions - {"actions":[{"id":"action24","type":"key","parameters":{},"actions":[{"type":"keyDown","value":""},{"type":"pause","duration":10},{"type":"keyUp","value":""}]}]}
RESULT: {"actions":[{"id":"action24","type":"key","parameters":{},"actions":[{"type":"keyDown","value":""},{"type":"pause","duration":10},{"type":"keyUp","value":""}]}]}
COMMAND: GET /session/0157ef9fabb145ee7fb2a1f3feebe51f/screenshot - {}
RESULT: {}
COMMAND: POST /session/0157ef9fabb145ee7fb2a1f3feebe51f/element - {"using":"xpath","value":"//span[contains(text(), \"General Management\")]"}
RESULT: {"using":"xpath","value":"//span[contains(text(), \"General Management\")]"}
COMMAND: POST /session/0157ef9fabb145ee7fb2a1f3feebe51f/element/f.2D1A903BB9B117B2180C998CF94CF722.d.003A5A1609618BA2D1C7A3B22029E08B.e.8794/click - {}
RESULT: {}
COMMAND: GET /session/0157ef9fabb145ee7fb2a1f3feebe51f/screenshot - {}
RESULT: {}
COMMAND: POST /session/0157ef9fabb145ee7fb2a1f3feebe51f/element - {"using":"xpath","value":"//bdi[contains(text(), \"OK\")]"}
RESULT: {"using":"xpath","value":"//bdi[contains(text(), \"OK\")]"}
COMMAND: POST /session/0157ef9fabb145ee7fb2a1f3feebe51f/element/f.2D1A903BB9B117B2180C998CF94CF722.d.003A5A1609618BA2D1C7A3B22029E08B.e.8795/click - {}
RESULT: {}
COMMAND: GET /session/0157ef9fabb145ee7fb2a1f3feebe51f/screenshot - {}
RESULT: {}
COMMAND: POST /session/0157ef9fabb145ee7fb2a1f3feebe51f/element - {"using":"xpath","value":"//input[@id=\"application-managesites-display-component---NewSite--addressDetailDetailsCalendar-inner\"]"}
RESULT: {"using":"xpath","value":"//input[@id=\"application-managesites-display-component---NewSite--addressDetailDetailsCalendar-inner\"]"}
COMMAND: POST /session/0157ef9fabb145ee7fb2a1f3feebe51f/element/f.2D1A903BB9B117B2180C998CF94CF722.d.003A5A1609618BA2D1C7A3B22029E08B.e.8536/clear - {}
RESULT: {}
COMMAND: POST /session/0157ef9fabb145ee7fb2a1f3feebe51f/element/f.2D1A903BB9B117B2180C998CF94CF722.d.003A5A1609618BA2D1C7A3B22029E08B.e.8536/value - {"text":"Unit"}
COMMAND: GET /session/0157ef9fabb145ee7fb2a1f3feebe51f/screenshot - {}
RESULT: {"text":"Unit"}
COMMAND: GET /session/0157ef9fabb145ee7fb2a1f3feebe51f/screenshot - {}
RESULT: {}
RESULT: {}
COMMAND: POST /session/0157ef9fabb145ee7fb2a1f3feebe51f/actions - {"actions":[{"id":"action25","type":"key","parameters":{},"actions":[{"type":"keyDown","value":""},{"type":"pause","duration":10},{"type":"keyUp","value":""}]}]}
RESULT: {"actions":[{"id":"action25","type":"key","parameters":{},"actions":[{"type":"keyDown","value":""},{"type":"pause","duration":10},{"type":"keyUp","value":""}]}]}
COMMAND: POST /session/0157ef9fabb145ee7fb2a1f3feebe51f/element - {"using":"xpath","value":"//input[@id=\"application-managesites-display-component---NewSite--addressDetailDetailsYard-inner\"]"}
COMMAND: GET /session/0157ef9fabb145ee7fb2a1f3feebe51f/screenshot - {}
RESULT: {"using":"xpath","value":"//input[@id=\"application-managesites-display-component---NewSite--addressDetailDetailsYard-inner\"]"}
COMMAND: POST /session/0157ef9fabb145ee7fb2a1f3feebe51f/element/f.2D1A903BB9B117B2180C998CF94CF722.d.003A5A1609618BA2D1C7A3B22029E08B.e.8537/clear - {}
RESULT: {}
RESULT: {}
COMMAND: POST /session/0157ef9fabb145ee7fb2a1f3feebe51f/element/f.2D1A903BB9B117B2180C998CF94CF722.d.003A5A1609618BA2D1C7A3B22029E08B.e.8537/value - {"text":"477"}
COMMAND: GET /session/0157ef9fabb145ee7fb2a1f3feebe51f/screenshot - {}
RESULT: {"text":"477"}
COMMAND: GET /session/0157ef9fabb145ee7fb2a1f3feebe51f/screenshot - {}
RESULT: {}
RESULT: {}
COMMAND: POST /session/0157ef9fabb145ee7fb2a1f3feebe51f/element - {"using":"xpath","value":"//li[.//span[text()='477']]"}
RESULT: {"using":"xpath","value":"//li[.//span[text()='477']]"}
COMMAND: POST /session/0157ef9fabb145ee7fb2a1f3feebe51f/element/f.2D1A903BB9B117B2180C998CF94CF722.d.003A5A1609618BA2D1C7A3B22029E08B.e.8803/click - {}
RESULT: {}
COMMAND: GET /session/0157ef9fabb145ee7fb2a1f3feebe51f/screenshot - {}
RESULT: {}
COMMAND: POST /session/0157ef9fabb145ee7fb2a1f3feebe51f/element - {"using":"xpath","value":"//input[@id=\"application-managesites-display-component---NewSite--addressDetailDetailsPartner-inner\"]"}
RESULT: {"using":"xpath","value":"//input[@id=\"application-managesites-display-component---NewSite--addressDetailDetailsPartner-inner\"]"}
COMMAND: POST /session/0157ef9fabb145ee7fb2a1f3feebe51f/element - {"using":"xpath","value":"//input[@id=\"application-managesites-display-component---NewSite--addressDetailDetailsPartner-inner\"]"}
RESULT: {"using":"xpath","value":"//input[@id=\"application-managesites-display-component---NewSite--addressDetailDetailsPartner-inner\"]"}
COMMAND: POST /session/0157ef9fabb145ee7fb2a1f3feebe51f/element - {"using":"xpath","value":"//button[@data-kt=\"saveButton\"]"}
RESULT: {"using":"xpath","value":"//button[@data-kt=\"saveButton\"]"}
COMMAND: POST /session/0157ef9fabb145ee7fb2a1f3feebe51f/element/f.2D1A903BB9B117B2180C998CF94CF722.d.003A5A1609618BA2D1C7A3B22029E08B.e.8737/click - {}
RESULT: {}
COMMAND: GET /session/0157ef9fabb145ee7fb2a1f3feebe51f/screenshot - {}
RESULT: {}
COMMAND: POST /session/0157ef9fabb145ee7fb2a1f3feebe51f/element - {"using":"xpath","value":"//header[contains(@id, 'ObjectPageLayout-headerTitle')]/div[1]/div[2]/div[2]/span[1]"}
RESULT: {"using":"xpath","value":"//header[contains(@id, 'ObjectPageLayout-headerTitle')]/div[1]/div[2]/div[2]/span[1]"}
COMMAND: POST /session/0157ef9fabb145ee7fb2a1f3feebe51f/elements - {"using":"xpath","value":"//header[contains(@id, 'ObjectPageLayout-headerTitle')]/div[1]/div[2]/div[2]/span[1]"}
RESULT: {"using":"xpath","value":"//header[contains(@id, 'ObjectPageLayout-headerTitle')]/div[1]/div[2]/div[2]/span[1]"}
COMMAND: POST /session/0157ef9fabb145ee7fb2a1f3feebe51f/execute/sync - {"script":"<script> [56 bytes]","args":[{"element-6066-11e4-a52e-4f735466cecf":"f.2D1A903BB9B117B2180C998CF94CF722.d.003A5A1609618BA2D1C7A3B22029E08B.e.9006","ELEMENT":"f.2D1A903BB9B117B2180C998CF94CF722.d.003A5A1609618BA2D1C7A3B22029E08B.e.9006"}]}
RESULT: {"script":"<script> [56 bytes]","args":[{"element-6066-11e4-a52e-4f735466cecf":"f.2D1A903BB9B117B2180C998CF94CF722.d.003A5A1609618BA2D1C7A3B22029E08B.e.9006","ELEMENT":"f.2D1A903BB9B117B2180C998CF94CF722.d.003A5A1609618BA2D1C7A3B22029E08B.e.9006"}]}
COMMAND: POST /session/0157ef9fabb145ee7fb2a1f3feebe51f/element - {"using":"css selector","value":"#shell-header-logo"}
COMMAND: GET /session/0157ef9fabb145ee7fb2a1f3feebe51f/screenshot - {}
RESULT: {"using":"css selector","value":"#shell-header-logo"}
COMMAND: POST /session/0157ef9fabb145ee7fb2a1f3feebe51f/element/f.2D1A903BB9B117B2180C998CF94CF722.d.003A5A1609618BA2D1C7A3B22029E08B.e.8058/click - {}
RESULT: {}
RESULT: {}
COMMAND: GET /session/0157ef9fabb145ee7fb2a1f3feebe51f/screenshot - {}
RESULT: {}
COMMAND: POST /session/0157ef9fabb145ee7fb2a1f3feebe51f/execute/sync - {"script":"<script> [299 bytes]","args":[["getModel","getResource"]]}
RESULT: {"script":"<script> [299 bytes]","args":[["getModel","getResource"]]}
]]></system-out>
    </testcase>
    <testcase classname="chrome.135_0_7049_42.windows.Create_master_data_for_mixed_billing_&amp;_do_billing_calculation_US151661" name="Should create a new equipment and add a counter to it" time="153.045">
      <system-out><![CDATA[
COMMAND: POST /session/0157ef9fabb145ee7fb2a1f3feebe51f/execute/async - {"script":"<script> [1562 bytes]","args":[{"selector":{"controlType":"sap.m.GenericTile","properties":{"header":"Manage Resources"}},"wdio_ui5_key":"sapm.GenericTile{\"header\":\"Manage Resources\"}"}]}
COMMAND: GET /session/0157ef9fabb145ee7fb2a1f3feebe51f/screenshot - {}
RESULT: {"script":"<script> [1562 bytes]","args":[{"selector":{"controlType":"sap.m.GenericTile","properties":{"header":"Manage Resources"}},"wdio_ui5_key":"sapm.GenericTile{\"header\":\"Manage Resources\"}"}]}
RESULT: undefined
COMMAND: POST /session/0157ef9fabb145ee7fb2a1f3feebe51f/element - {"using":"xpath","value":"//*[@id=\"__tile39\"]"}
RESULT: {}
RESULT: {"using":"xpath","value":"//*[@id=\"__tile39\"]"}
COMMAND: POST /session/0157ef9fabb145ee7fb2a1f3feebe51f/element/f.2D1A903BB9B117B2180C998CF94CF722.d.003A5A1609618BA2D1C7A3B22029E08B.e.6401/click - {}
RESULT: {}
COMMAND: POST /session/0157ef9fabb145ee7fb2a1f3feebe51f/element - {"using":"xpath","value":"//button[@data-kt=\"addNewRUOverflowToolbarButton\"]"}
COMMAND: GET /session/0157ef9fabb145ee7fb2a1f3feebe51f/screenshot - {}
RESULT: {"using":"xpath","value":"//button[@data-kt=\"addNewRUOverflowToolbarButton\"]"}
COMMAND: POST /session/0157ef9fabb145ee7fb2a1f3feebe51f/elements - {"using":"xpath","value":"//button[@data-kt=\"addNewRUOverflowToolbarButton\"]"}
RESULT: {}
RESULT: {"using":"xpath","value":"//button[@data-kt=\"addNewRUOverflowToolbarButton\"]"}
COMMAND: POST /session/0157ef9fabb145ee7fb2a1f3feebe51f/elements - {"using":"xpath","value":"//button[@data-kt=\"addNewRUOverflowToolbarButton\"]"}
RESULT: {"using":"xpath","value":"//button[@data-kt=\"addNewRUOverflowToolbarButton\"]"}
COMMAND: POST /session/0157ef9fabb145ee7fb2a1f3feebe51f/elements - {"using":"xpath","value":"//button[@data-kt=\"addNewRUOverflowToolbarButton\"]"}
RESULT: {"using":"xpath","value":"//button[@data-kt=\"addNewRUOverflowToolbarButton\"]"}
COMMAND: POST /session/0157ef9fabb145ee7fb2a1f3feebe51f/elements - {"using":"xpath","value":"//button[@data-kt=\"addNewRUOverflowToolbarButton\"]"}
RESULT: undefined
RESULT: {"using":"xpath","value":"//button[@data-kt=\"addNewRUOverflowToolbarButton\"]"}
COMMAND: POST /session/0157ef9fabb145ee7fb2a1f3feebe51f/elements - {"using":"xpath","value":"//button[@data-kt=\"addNewRUOverflowToolbarButton\"]"}
RESULT: {"using":"xpath","value":"//button[@data-kt=\"addNewRUOverflowToolbarButton\"]"}
COMMAND: POST /session/0157ef9fabb145ee7fb2a1f3feebe51f/elements - {"using":"xpath","value":"//button[@data-kt=\"addNewRUOverflowToolbarButton\"]"}
RESULT: {"using":"xpath","value":"//button[@data-kt=\"addNewRUOverflowToolbarButton\"]"}
COMMAND: POST /session/0157ef9fabb145ee7fb2a1f3feebe51f/elements - {"using":"xpath","value":"//button[@data-kt=\"addNewRUOverflowToolbarButton\"]"}
RESULT: {"using":"xpath","value":"//button[@data-kt=\"addNewRUOverflowToolbarButton\"]"}
COMMAND: POST /session/0157ef9fabb145ee7fb2a1f3feebe51f/elements - {"using":"xpath","value":"//button[@data-kt=\"addNewRUOverflowToolbarButton\"]"}
RESULT: {"using":"xpath","value":"//button[@data-kt=\"addNewRUOverflowToolbarButton\"]"}
COMMAND: POST /session/0157ef9fabb145ee7fb2a1f3feebe51f/elements - {"using":"xpath","value":"//button[@data-kt=\"addNewRUOverflowToolbarButton\"]"}
RESULT: {"using":"xpath","value":"//button[@data-kt=\"addNewRUOverflowToolbarButton\"]"}
COMMAND: POST /session/0157ef9fabb145ee7fb2a1f3feebe51f/elements - {"using":"xpath","value":"//button[@data-kt=\"addNewRUOverflowToolbarButton\"]"}
RESULT: {"using":"xpath","value":"//button[@data-kt=\"addNewRUOverflowToolbarButton\"]"}
COMMAND: POST /session/0157ef9fabb145ee7fb2a1f3feebe51f/elements - {"using":"xpath","value":"//button[@data-kt=\"addNewRUOverflowToolbarButton\"]"}
RESULT: {"using":"xpath","value":"//button[@data-kt=\"addNewRUOverflowToolbarButton\"]"}
COMMAND: POST /session/0157ef9fabb145ee7fb2a1f3feebe51f/elements - {"using":"xpath","value":"//button[@data-kt=\"addNewRUOverflowToolbarButton\"]"}
RESULT: {"using":"xpath","value":"//button[@data-kt=\"addNewRUOverflowToolbarButton\"]"}
COMMAND: POST /session/0157ef9fabb145ee7fb2a1f3feebe51f/elements - {"using":"xpath","value":"//button[@data-kt=\"addNewRUOverflowToolbarButton\"]"}
RESULT: {"using":"xpath","value":"//button[@data-kt=\"addNewRUOverflowToolbarButton\"]"}
COMMAND: POST /session/0157ef9fabb145ee7fb2a1f3feebe51f/elements - {"using":"xpath","value":"//button[@data-kt=\"addNewRUOverflowToolbarButton\"]"}
RESULT: {"using":"xpath","value":"//button[@data-kt=\"addNewRUOverflowToolbarButton\"]"}
COMMAND: POST /session/0157ef9fabb145ee7fb2a1f3feebe51f/elements - {"using":"xpath","value":"//button[@data-kt=\"addNewRUOverflowToolbarButton\"]"}
RESULT: {"using":"xpath","value":"//button[@data-kt=\"addNewRUOverflowToolbarButton\"]"}
COMMAND: POST /session/0157ef9fabb145ee7fb2a1f3feebe51f/elements - {"using":"xpath","value":"//button[@data-kt=\"addNewRUOverflowToolbarButton\"]"}
RESULT: {"using":"xpath","value":"//button[@data-kt=\"addNewRUOverflowToolbarButton\"]"}
COMMAND: POST /session/0157ef9fabb145ee7fb2a1f3feebe51f/elements - {"using":"xpath","value":"//button[@data-kt=\"addNewRUOverflowToolbarButton\"]"}
RESULT: {"using":"xpath","value":"//button[@data-kt=\"addNewRUOverflowToolbarButton\"]"}
COMMAND: POST /session/0157ef9fabb145ee7fb2a1f3feebe51f/element - {"using":"xpath","value":"//button[@data-kt=\"addNewRUOverflowToolbarButton\"]"}
RESULT: {"using":"xpath","value":"//button[@data-kt=\"addNewRUOverflowToolbarButton\"]"}
COMMAND: POST /session/0157ef9fabb145ee7fb2a1f3feebe51f/execute/sync - {"script":"<script> [8489 bytes]","args":[{"element-6066-11e4-a52e-4f735466cecf":"f.2D1A903BB9B117B2180C998CF94CF722.d.003A5A1609618BA2D1C7A3B22029E08B.e.9048","ELEMENT":"f.2D1A903BB9B117B2180C998CF94CF722.d.003A5A1609618BA2D1C7A3B22029E08B.e.9048"}]}
RESULT: {"script":"<script> [8489 bytes]","args":[{"element-6066-11e4-a52e-4f735466cecf":"f.2D1A903BB9B117B2180C998CF94CF722.d.003A5A1609618BA2D1C7A3B22029E08B.e.9048","ELEMENT":"f.2D1A903BB9B117B2180C998CF94CF722.d.003A5A1609618BA2D1C7A3B22029E08B.e.9048"}]}
COMMAND: GET /session/0157ef9fabb145ee7fb2a1f3feebe51f/element/f.2D1A903BB9B117B2180C998CF94CF722.d.003A5A1609618BA2D1C7A3B22029E08B.e.9048/enabled - {}
COMMAND: GET /session/0157ef9fabb145ee7fb2a1f3feebe51f/screenshot - {}
RESULT: {}
COMMAND: POST /session/0157ef9fabb145ee7fb2a1f3feebe51f/execute/sync - {"script":"<script> [8489 bytes]","args":[{"element-6066-11e4-a52e-4f735466cecf":"f.2D1A903BB9B117B2180C998CF94CF722.d.003A5A1609618BA2D1C7A3B22029E08B.e.9048","ELEMENT":"f.2D1A903BB9B117B2180C998CF94CF722.d.003A5A1609618BA2D1C7A3B22029E08B.e.9048"}]}
COMMAND: GET /session/0157ef9fabb145ee7fb2a1f3feebe51f/screenshot - {}
RESULT: {}
RESULT: {"script":"<script> [8489 bytes]","args":[{"element-6066-11e4-a52e-4f735466cecf":"f.2D1A903BB9B117B2180C998CF94CF722.d.003A5A1609618BA2D1C7A3B22029E08B.e.9048","ELEMENT":"f.2D1A903BB9B117B2180C998CF94CF722.d.003A5A1609618BA2D1C7A3B22029E08B.e.9048"}]}
COMMAND: POST /session/0157ef9fabb145ee7fb2a1f3feebe51f/execute/sync - {"script":"<script> [5351 bytes]","args":[{"element-6066-11e4-a52e-4f735466cecf":"f.2D1A903BB9B117B2180C998CF94CF722.d.003A5A1609618BA2D1C7A3B22029E08B.e.9048","ELEMENT":"f.2D1A903BB9B117B2180C998CF94CF722.d.003A5A1609618BA2D1C7A3B22029E08B.e.9048"}]}
COMMAND: GET /session/0157ef9fabb145ee7fb2a1f3feebe51f/screenshot - {}
RESULT: {}
RESULT: {"script":"<script> [5351 bytes]","args":[{"element-6066-11e4-a52e-4f735466cecf":"f.2D1A903BB9B117B2180C998CF94CF722.d.003A5A1609618BA2D1C7A3B22029E08B.e.9048","ELEMENT":"f.2D1A903BB9B117B2180C998CF94CF722.d.003A5A1609618BA2D1C7A3B22029E08B.e.9048"}]}
COMMAND: POST /session/0157ef9fabb145ee7fb2a1f3feebe51f/element/f.2D1A903BB9B117B2180C998CF94CF722.d.003A5A1609618BA2D1C7A3B22029E08B.e.9048/click - {}
COMMAND: GET /session/0157ef9fabb145ee7fb2a1f3feebe51f/screenshot - {}
RESULT: {}
RESULT: {}
COMMAND: GET /session/0157ef9fabb145ee7fb2a1f3feebe51f/screenshot - {}
COMMAND: POST /session/0157ef9fabb145ee7fb2a1f3feebe51f/execute/async - {"script":"<script> [1562 bytes]","args":[{"selector":{"id":"application-manageresources-display-component---newResourceUnit--TYPE-arrow"},"wdio_ui5_key":"applicationmanageresources-display-component---newResourceUnit--TYPE-arrow"}]}
RESULT: {}
RESULT: {}
RESULT: {"script":"<script> [1562 bytes]","args":[{"selector":{"id":"application-manageresources-display-component---newResourceUnit--TYPE-arrow"},"wdio_ui5_key":"applicationmanageresources-display-component---newResourceUnit--TYPE-arrow"}]}
RESULT: undefined
COMMAND: POST /session/0157ef9fabb145ee7fb2a1f3feebe51f/element - {"using":"xpath","value":"//*[@id=\"application-manageresources-display-component---newResourceUnit--TYPE-arrow\"]"}
RESULT: {"using":"xpath","value":"//*[@id=\"application-manageresources-display-component---newResourceUnit--TYPE-arrow\"]"}
COMMAND: POST /session/0157ef9fabb145ee7fb2a1f3feebe51f/element/f.2D1A903BB9B117B2180C998CF94CF722.d.003A5A1609618BA2D1C7A3B22029E08B.e.9396/click - {}
RESULT: {}
COMMAND: POST /session/0157ef9fabb145ee7fb2a1f3feebe51f/element - {"using":"xpath","value":"//input[@id=\"application-manageresources-display-component---newResourceUnit--TYPE-inner\"]"}
COMMAND: GET /session/0157ef9fabb145ee7fb2a1f3feebe51f/screenshot - {}
RESULT: {"using":"xpath","value":"//input[@id=\"application-manageresources-display-component---newResourceUnit--TYPE-inner\"]"}
COMMAND: POST /session/0157ef9fabb145ee7fb2a1f3feebe51f/element/f.2D1A903BB9B117B2180C998CF94CF722.d.003A5A1609618BA2D1C7A3B22029E08B.e.9389/clear - {}
RESULT: {}
RESULT: {}
COMMAND: POST /session/0157ef9fabb145ee7fb2a1f3feebe51f/element/f.2D1A903BB9B117B2180C998CF94CF722.d.003A5A1609618BA2D1C7A3B22029E08B.e.9389/value - {"text":"Equipment"}
COMMAND: GET /session/0157ef9fabb145ee7fb2a1f3feebe51f/screenshot - {}
RESULT: {"text":"Equipment"}
COMMAND: GET /session/0157ef9fabb145ee7fb2a1f3feebe51f/screenshot - {}
RESULT: {}
RESULT: {}
COMMAND: POST /session/0157ef9fabb145ee7fb2a1f3feebe51f/actions - {"actions":[{"id":"action26","type":"key","parameters":{},"actions":[{"type":"keyDown","value":""},{"type":"pause","duration":10},{"type":"keyUp","value":""}]}]}
RESULT: {"actions":[{"id":"action26","type":"key","parameters":{},"actions":[{"type":"keyDown","value":""},{"type":"pause","duration":10},{"type":"keyUp","value":""}]}]}
COMMAND: POST /session/0157ef9fabb145ee7fb2a1f3feebe51f/execute/async - {"script":"<script> [1562 bytes]","args":[{"selector":{"id":"application-manageresources-display-component---newResourceUnit--resourceId","interaction":{"idSuffix":"inner"}},"wdio_ui5_key":"applicationmanageresources-display-component---newResourceUnit--resourceId"}]}
COMMAND: GET /session/0157ef9fabb145ee7fb2a1f3feebe51f/screenshot - {}
RESULT: {"script":"<script> [1562 bytes]","args":[{"selector":{"id":"application-manageresources-display-component---newResourceUnit--resourceId","interaction":{"idSuffix":"inner"}},"wdio_ui5_key":"applicationmanageresources-display-component---newResourceUnit--resourceId"}]}
RESULT: undefined
COMMAND: POST /session/0157ef9fabb145ee7fb2a1f3feebe51f/execute/async - {"script":"<script> [776 bytes]","args":[{"enterText":"IbSpUo49j6","selector":{"id":"application-manageresources-display-component---newResourceUnit--resourceId","interaction":{"idSuffix":"inner"}},"clearTextFirst":true,"interactionType":"ENTER_TEXT"}]}
RESULT: {}
RESULT: {"script":"<script> [776 bytes]","args":[{"enterText":"IbSpUo49j6","selector":{"id":"application-manageresources-display-component---newResourceUnit--resourceId","interaction":{"idSuffix":"inner"}},"clearTextFirst":true,"interactionType":"ENTER_TEXT"}]}
COMMAND: POST /session/0157ef9fabb145ee7fb2a1f3feebe51f/execute/async - {"script":"<script> [1562 bytes]","args":[{"selector":{"id":"application-manageresources-display-component---newResourceUnit--SHORT_TEXT","interaction":{"idSuffix":"inner"}},"wdio_ui5_key":"applicationmanageresources-display-component---newResourceUnit--SHORT_TEXT"}]}
RESULT: {"script":"<script> [1562 bytes]","args":[{"selector":{"id":"application-manageresources-display-component---newResourceUnit--SHORT_TEXT","interaction":{"idSuffix":"inner"}},"wdio_ui5_key":"applicationmanageresources-display-component---newResourceUnit--SHORT_TEXT"}]}
RESULT: undefined
COMMAND: POST /session/0157ef9fabb145ee7fb2a1f3feebe51f/execute/async - {"script":"<script> [776 bytes]","args":[{"enterText":"Intercompany Equipment WDIO","selector":{"id":"application-manageresources-display-component---newResourceUnit--SHORT_TEXT","interaction":{"idSuffix":"inner"}},"clearTextFirst":true,"interactionType":"ENTER_TEXT"}]}
RESULT: {"script":"<script> [776 bytes]","args":[{"enterText":"Intercompany Equipment WDIO","selector":{"id":"application-manageresources-display-component---newResourceUnit--SHORT_TEXT","interaction":{"idSuffix":"inner"}},"clearTextFirst":true,"interactionType":"ENTER_TEXT"}]}
COMMAND: POST /session/0157ef9fabb145ee7fb2a1f3feebe51f/execute/async - {"script":"<script> [1562 bytes]","args":[{"selector":{"id":"application-manageresources-display-component---newResourceUnit--BASE_UNIT_OF_MEASURE","interaction":{"idSuffix":"inner"}},"wdio_ui5_key":"applicationmanageresources-display-component---newResourceUnit--BASE_UNIT_OF_MEASURE"}]}
RESULT: {"script":"<script> [1562 bytes]","args":[{"selector":{"id":"application-manageresources-display-component---newResourceUnit--BASE_UNIT_OF_MEASURE","interaction":{"idSuffix":"inner"}},"wdio_ui5_key":"applicationmanageresources-display-component---newResourceUnit--BASE_UNIT_OF_MEASURE"}]}
RESULT: undefined
COMMAND: POST /session/0157ef9fabb145ee7fb2a1f3feebe51f/execute/async - {"script":"<script> [776 bytes]","args":[{"enterText":"Piece","selector":{"id":"application-manageresources-display-component---newResourceUnit--BASE_UNIT_OF_MEASURE","interaction":{"idSuffix":"inner"}},"clearTextFirst":true,"interactionType":"ENTER_TEXT"}]}
RESULT: {"script":"<script> [776 bytes]","args":[{"enterText":"Piece","selector":{"id":"application-manageresources-display-component---newResourceUnit--BASE_UNIT_OF_MEASURE","interaction":{"idSuffix":"inner"}},"clearTextFirst":true,"interactionType":"ENTER_TEXT"}]}
COMMAND: POST /session/0157ef9fabb145ee7fb2a1f3feebe51f/execute/async - {"script":"<script> [1562 bytes]","args":[{"selector":{"id":"application-manageresources-display-component---newResourceUnit--WEIGHT_UNIT","interaction":{"idSuffix":"inner"}},"wdio_ui5_key":"applicationmanageresources-display-component---newResourceUnit--WEIGHT_UNIT"}]}
RESULT: {"script":"<script> [1562 bytes]","args":[{"selector":{"id":"application-manageresources-display-component---newResourceUnit--WEIGHT_UNIT","interaction":{"idSuffix":"inner"}},"wdio_ui5_key":"applicationmanageresources-display-component---newResourceUnit--WEIGHT_UNIT"}]}
RESULT: undefined
COMMAND: POST /session/0157ef9fabb145ee7fb2a1f3feebe51f/execute/async - {"script":"<script> [776 bytes]","args":[{"enterText":"Gram","selector":{"id":"application-manageresources-display-component---newResourceUnit--WEIGHT_UNIT","interaction":{"idSuffix":"inner"}},"clearTextFirst":true,"interactionType":"ENTER_TEXT"}]}
RESULT: {"script":"<script> [776 bytes]","args":[{"enterText":"Gram","selector":{"id":"application-manageresources-display-component---newResourceUnit--WEIGHT_UNIT","interaction":{"idSuffix":"inner"}},"clearTextFirst":true,"interactionType":"ENTER_TEXT"}]}
COMMAND: POST /session/0157ef9fabb145ee7fb2a1f3feebe51f/execute/async - {"script":"<script> [1562 bytes]","args":[{"selector":{"id":"application-manageresources-display-component---newResourceUnit--DIMENSION_UNIT","interaction":{"idSuffix":"inner"}},"wdio_ui5_key":"applicationmanageresources-display-component---newResourceUnit--DIMENSION_UNIT"}]}
RESULT: {"script":"<script> [1562 bytes]","args":[{"selector":{"id":"application-manageresources-display-component---newResourceUnit--DIMENSION_UNIT","interaction":{"idSuffix":"inner"}},"wdio_ui5_key":"applicationmanageresources-display-component---newResourceUnit--DIMENSION_UNIT"}]}
RESULT: undefined
COMMAND: POST /session/0157ef9fabb145ee7fb2a1f3feebe51f/execute/async - {"script":"<script> [776 bytes]","args":[{"enterText":"Meter","selector":{"id":"application-manageresources-display-component---newResourceUnit--DIMENSION_UNIT","interaction":{"idSuffix":"inner"}},"clearTextFirst":true,"interactionType":"ENTER_TEXT"}]}
RESULT: {"script":"<script> [776 bytes]","args":[{"enterText":"Meter","selector":{"id":"application-manageresources-display-component---newResourceUnit--DIMENSION_UNIT","interaction":{"idSuffix":"inner"}},"clearTextFirst":true,"interactionType":"ENTER_TEXT"}]}
COMMAND: POST /session/0157ef9fabb145ee7fb2a1f3feebe51f/execute/async - {"script":"<script> [1562 bytes]","args":[{"selector":{"id":"application-manageresources-display-component---newResourceUnit--newRRUPage-anchBar-application-manageresources-display-component---newResourceUnit--control-anchor","interaction":{"idSuffix":"BDI-content"}},"wdio_ui5_key":"applicationmanageresources-display-component---newResourceUnit--newRRUPage-anchBar-application-manageresources-display-component---newResourceUnit--control-anchor"}]}
RESULT: {"script":"<script> [1562 bytes]","args":[{"selector":{"id":"application-manageresources-display-component---newResourceUnit--newRRUPage-anchBar-application-manageresources-display-component---newResourceUnit--control-anchor","interaction":{"idSuffix":"BDI-content"}},"wdio_ui5_key":"applicationmanageresources-display-component---newResourceUnit--newRRUPage-anchBar-application-manageresources-display-component---newResourceUnit--control-anchor"}]}
RESULT: undefined
COMMAND: POST /session/0157ef9fabb145ee7fb2a1f3feebe51f/element - {"using":"xpath","value":"//*[@id=\"application-manageresources-display-component---newResourceUnit--newRRUPage-anchBar-application-manageresources-display-component---newResourceUnit--control-anchor\"]"}
RESULT: {"using":"xpath","value":"//*[@id=\"application-manageresources-display-component---newResourceUnit--newRRUPage-anchBar-application-manageresources-display-component---newResourceUnit--control-anchor\"]"}
COMMAND: POST /session/0157ef9fabb145ee7fb2a1f3feebe51f/element/f.2D1A903BB9B117B2180C998CF94CF722.d.003A5A1609618BA2D1C7A3B22029E08B.e.9529/click - {}
RESULT: {}
COMMAND: POST /session/0157ef9fabb145ee7fb2a1f3feebe51f/execute/async - {"script":"<script> [1562 bytes]","args":[{"selector":{"id":"application-manageresources-display-component---newResourceUnit--PLANNING_GROUP","interaction":{"idSuffix":"inner"}},"wdio_ui5_key":"applicationmanageresources-display-component---newResourceUnit--PLANNING_GROUP"}]}
COMMAND: GET /session/0157ef9fabb145ee7fb2a1f3feebe51f/screenshot - {}
RESULT: {"script":"<script> [1562 bytes]","args":[{"selector":{"id":"application-manageresources-display-component---newResourceUnit--PLANNING_GROUP","interaction":{"idSuffix":"inner"}},"wdio_ui5_key":"applicationmanageresources-display-component---newResourceUnit--PLANNING_GROUP"}]}
RESULT: undefined
COMMAND: POST /session/0157ef9fabb145ee7fb2a1f3feebe51f/execute/async - {"script":"<script> [776 bytes]","args":[{"enterText":"Heavy Equi","selector":{"id":"application-manageresources-display-component---newResourceUnit--PLANNING_GROUP","interaction":{"idSuffix":"inner"}},"clearTextFirst":true,"interactionType":"ENTER_TEXT"}]}
RESULT: {}
RESULT: {"script":"<script> [776 bytes]","args":[{"enterText":"Heavy Equi","selector":{"id":"application-manageresources-display-component---newResourceUnit--PLANNING_GROUP","interaction":{"idSuffix":"inner"}},"clearTextFirst":true,"interactionType":"ENTER_TEXT"}]}
COMMAND: POST /session/0157ef9fabb145ee7fb2a1f3feebe51f/execute/async - {"script":"<script> [1562 bytes]","args":[{"selector":{"id":"application-manageresources-display-component---newResourceUnit--ITEM_TYPE-arrow"},"wdio_ui5_key":"applicationmanageresources-display-component---newResourceUnit--ITEM_TYPE-arrow"}]}
RESULT: {"script":"<script> [1562 bytes]","args":[{"selector":{"id":"application-manageresources-display-component---newResourceUnit--ITEM_TYPE-arrow"},"wdio_ui5_key":"applicationmanageresources-display-component---newResourceUnit--ITEM_TYPE-arrow"}]}
RESULT: undefined
COMMAND: POST /session/0157ef9fabb145ee7fb2a1f3feebe51f/element - {"using":"xpath","value":"//*[@id=\"application-manageresources-display-component---newResourceUnit--ITEM_TYPE-arrow\"]"}
RESULT: {"using":"xpath","value":"//*[@id=\"application-manageresources-display-component---newResourceUnit--ITEM_TYPE-arrow\"]"}
COMMAND: POST /session/0157ef9fabb145ee7fb2a1f3feebe51f/element/f.2D1A903BB9B117B2180C998CF94CF722.d.003A5A1609618BA2D1C7A3B22029E08B.e.9536/click - {}
RESULT: {}
COMMAND: POST /session/0157ef9fabb145ee7fb2a1f3feebe51f/element - {"using":"xpath","value":"(//span[contains(text(), \"Resource Unit\")])[2]"}
COMMAND: GET /session/0157ef9fabb145ee7fb2a1f3feebe51f/screenshot - {}
RESULT: {"using":"xpath","value":"(//span[contains(text(), \"Resource Unit\")])[2]"}
COMMAND: POST /session/0157ef9fabb145ee7fb2a1f3feebe51f/element/f.2D1A903BB9B117B2180C998CF94CF722.d.003A5A1609618BA2D1C7A3B22029E08B.e.9537/click - {}
RESULT: {}
RESULT: {}
COMMAND: GET /session/0157ef9fabb145ee7fb2a1f3feebe51f/screenshot - {}
RESULT: {}
COMMAND: POST /session/0157ef9fabb145ee7fb2a1f3feebe51f/element - {"using":"css selector","value":"#application-manageresources-display-component---newResourceUnit--btnAddTimeSegment"}
RESULT: {"using":"css selector","value":"#application-manageresources-display-component---newResourceUnit--btnAddTimeSegment"}
COMMAND: GET /session/0157ef9fabb145ee7fb2a1f3feebe51f/element/f.2D1A903BB9B117B2180C998CF94CF722.d.003A5A1609618BA2D1C7A3B22029E08B.e.9538/rect - {}
RESULT: {}
COMMAND: GET /session/0157ef9fabb145ee7fb2a1f3feebe51f/window/rect - {}
RESULT: {}
COMMAND: POST /session/0157ef9fabb145ee7fb2a1f3feebe51f/execute/sync - {"script":"<script> [92 bytes]","args":[]}
RESULT: {"script":"<script> [92 bytes]","args":[]}
COMMAND: POST /session/0157ef9fabb145ee7fb2a1f3feebe51f/actions - {"actions":[{"id":"action27","type":"wheel","parameters":{},"actions":[{"type":"scroll","x":-1888,"y":-32,"deltaX":0,"deltaY":0,"duration":0,"origin":{"element-6066-11e4-a52e-4f735466cecf":"f.2D1A903BB9B117B2180C998CF94CF722.d.003A5A1609618BA2D1C7A3B22029E08B.e.9538"}}]}]}
COMMAND: GET /session/0157ef9fabb145ee7fb2a1f3feebe51f/screenshot - {}
RESULT: {}
COMMAND: POST /session/0157ef9fabb145ee7fb2a1f3feebe51f/execute/sync - {"script":"<script> [79 bytes]","args":[{"element-6066-11e4-a52e-4f735466cecf":"f.2D1A903BB9B117B2180C998CF94CF722.d.003A5A1609618BA2D1C7A3B22029E08B.e.9538","ELEMENT":"f.2D1A903BB9B117B2180C998CF94CF722.d.003A5A1609618BA2D1C7A3B22029E08B.e.9538"},{"block":"start","inline":"nearest"}]}
RESULT: {"script":"<script> [79 bytes]","args":[{"element-6066-11e4-a52e-4f735466cecf":"f.2D1A903BB9B117B2180C998CF94CF722.d.003A5A1609618BA2D1C7A3B22029E08B.e.9538","ELEMENT":"f.2D1A903BB9B117B2180C998CF94CF722.d.003A5A1609618BA2D1C7A3B22029E08B.e.9538"},{"block":"start","inline":"nearest"}]}
COMMAND: POST /session/0157ef9fabb145ee7fb2a1f3feebe51f/execute/async - {"script":"<script> [1562 bytes]","args":[{"selector":{"id":"application-manageresources-display-component---newResourceUnit--btnAddTimeSegment","interaction":{"idSuffix":"inner"}},"wdio_ui5_key":"applicationmanageresources-display-component---newResourceUnit--btnAddTimeSegment"}]}
COMMAND: GET /session/0157ef9fabb145ee7fb2a1f3feebe51f/screenshot - {}
RESULT: {"script":"<script> [1562 bytes]","args":[{"selector":{"id":"application-manageresources-display-component---newResourceUnit--btnAddTimeSegment","interaction":{"idSuffix":"inner"}},"wdio_ui5_key":"applicationmanageresources-display-component---newResourceUnit--btnAddTimeSegment"}]}
RESULT: undefined
COMMAND: POST /session/0157ef9fabb145ee7fb2a1f3feebe51f/element - {"using":"xpath","value":"//*[@id=\"application-manageresources-display-component---newResourceUnit--btnAddTimeSegment\"]"}
RESULT: {}
RESULT: {"using":"xpath","value":"//*[@id=\"application-manageresources-display-component---newResourceUnit--btnAddTimeSegment\"]"}
COMMAND: POST /session/0157ef9fabb145ee7fb2a1f3feebe51f/element/f.2D1A903BB9B117B2180C998CF94CF722.d.003A5A1609618BA2D1C7A3B22029E08B.e.9538/click - {}
RESULT: {}
COMMAND: GET /session/0157ef9fabb145ee7fb2a1f3feebe51f/screenshot - {}
RESULT: {}
COMMAND: POST /session/0157ef9fabb145ee7fb2a1f3feebe51f/element - {"using":"xpath","value":"//input[@id=\"application-manageresources-display-component---newResourceUnit--idRuTSAdmin-application-manageresources-display-component---newResourceUnit--RUTimeSegment-0-inner\"]"}
RESULT: {"using":"xpath","value":"//input[@id=\"application-manageresources-display-component---newResourceUnit--idRuTSAdmin-application-manageresources-display-component---newResourceUnit--RUTimeSegment-0-inner\"]"}
COMMAND: POST /session/0157ef9fabb145ee7fb2a1f3feebe51f/element/f.2D1A903BB9B117B2180C998CF94CF722.d.003A5A1609618BA2D1C7A3B22029E08B.e.9544/clear - {}
RESULT: {}
COMMAND: POST /session/0157ef9fabb145ee7fb2a1f3feebe51f/element/f.2D1A903BB9B117B2180C998CF94CF722.d.003A5A1609618BA2D1C7A3B22029E08B.e.9544/value - {"text":"477"}
COMMAND: GET /session/0157ef9fabb145ee7fb2a1f3feebe51f/screenshot - {}
RESULT: {"text":"477"}
COMMAND: GET /session/0157ef9fabb145ee7fb2a1f3feebe51f/screenshot - {}
RESULT: {}
RESULT: {}
COMMAND: POST /session/0157ef9fabb145ee7fb2a1f3feebe51f/element - {"using":"xpath","value":"//li[.//span[text()='477']]"}
RESULT: {"using":"xpath","value":"//li[.//span[text()='477']]"}
COMMAND: POST /session/0157ef9fabb145ee7fb2a1f3feebe51f/element/f.2D1A903BB9B117B2180C998CF94CF722.d.003A5A1609618BA2D1C7A3B22029E08B.e.9556/click - {}
RESULT: {}
COMMAND: GET /session/0157ef9fabb145ee7fb2a1f3feebe51f/screenshot - {}
RESULT: {}
COMMAND: POST /session/0157ef9fabb145ee7fb2a1f3feebe51f/element - {"using":"xpath","value":"(//span[contains(@id, \"-application-manageresources-display-component---newResourceUnit--RUTimeSegment-0-arrow\")])[6]"}
RESULT: {"using":"xpath","value":"(//span[contains(@id, \"-application-manageresources-display-component---newResourceUnit--RUTimeSegment-0-arrow\")])[6]"}
COMMAND: POST /session/0157ef9fabb145ee7fb2a1f3feebe51f/element/f.2D1A903BB9B117B2180C998CF94CF722.d.003A5A1609618BA2D1C7A3B22029E08B.e.9557/click - {}
RESULT: {}
COMMAND: POST /session/0157ef9fabb145ee7fb2a1f3feebe51f/element - {"using":"xpath","value":"//span[contains(text(), \"PM Order\")]"}
COMMAND: GET /session/0157ef9fabb145ee7fb2a1f3feebe51f/screenshot - {}
RESULT: {"using":"xpath","value":"//span[contains(text(), \"PM Order\")]"}
COMMAND: POST /session/0157ef9fabb145ee7fb2a1f3feebe51f/element/f.2D1A903BB9B117B2180C998CF94CF722.d.003A5A1609618BA2D1C7A3B22029E08B.e.9560/click - {}
RESULT: {}
RESULT: {}
COMMAND: GET /session/0157ef9fabb145ee7fb2a1f3feebe51f/screenshot - {}
RESULT: {}
COMMAND: POST /session/0157ef9fabb145ee7fb2a1f3feebe51f/element - {"using":"xpath","value":"(//span[contains(@id ,\"manageresources-display-component---newResourceUnit--RUTimeSegment-0-vhi\")])[2]"}
RESULT: {"using":"xpath","value":"(//span[contains(@id ,\"manageresources-display-component---newResourceUnit--RUTimeSegment-0-vhi\")])[2]"}
COMMAND: POST /session/0157ef9fabb145ee7fb2a1f3feebe51f/element/f.2D1A903BB9B117B2180C998CF94CF722.d.003A5A1609618BA2D1C7A3B22029E08B.e.9563/click - {}
RESULT: {}
COMMAND: GET /session/0157ef9fabb145ee7fb2a1f3feebe51f/screenshot - {}
RESULT: {}
RESULT: undefined
COMMAND: POST /session/0157ef9fabb145ee7fb2a1f3feebe51f/execute/async - {"script":"<script> [776 bytes]","args":[{"enterText":"4000360","selector":{"controlType":"sap.m.SearchField","properties":{"placeholder":"Search"},"searchOpenDialogs":true,"interaction":{"idSuffix":"I"}},"clearTextFirst":true,"interactionType":"ENTER_TEXT"}]}
RESULT: {"script":"<script> [776 bytes]","args":[{"enterText":"4000360","selector":{"controlType":"sap.m.SearchField","properties":{"placeholder":"Search"},"searchOpenDialogs":true,"interaction":{"idSuffix":"I"}},"clearTextFirst":true,"interactionType":"ENTER_TEXT"}]}
COMMAND: POST /session/0157ef9fabb145ee7fb2a1f3feebe51f/actions - {"actions":[{"id":"action28","type":"key","parameters":{},"actions":[{"type":"keyDown","value":""},{"type":"pause","duration":10},{"type":"keyUp","value":""}]}]}
RESULT: {"actions":[{"id":"action28","type":"key","parameters":{},"actions":[{"type":"keyDown","value":""},{"type":"pause","duration":10},{"type":"keyUp","value":""}]}]}
COMMAND: GET /session/0157ef9fabb145ee7fb2a1f3feebe51f/screenshot - {}
RESULT: {}
COMMAND: POST /session/0157ef9fabb145ee7fb2a1f3feebe51f/element - {"using":"xpath","value":"//td/div/span[contains(text(), \"BGL Vehicles\")]"}
RESULT: {"using":"xpath","value":"//td/div/span[contains(text(), \"BGL Vehicles\")]"}
COMMAND: POST /session/0157ef9fabb145ee7fb2a1f3feebe51f/element/f.2D1A903BB9B117B2180C998CF94CF722.d.003A5A1609618BA2D1C7A3B22029E08B.e.9581/click - {}
RESULT: {}
COMMAND: GET /session/0157ef9fabb145ee7fb2a1f3feebe51f/screenshot - {}
RESULT: {}
COMMAND: POST /session/0157ef9fabb145ee7fb2a1f3feebe51f/element - {"using":"xpath","value":"//bdi[contains(text(), \"OK\")]"}
RESULT: {"using":"xpath","value":"//bdi[contains(text(), \"OK\")]"}
COMMAND: POST /session/0157ef9fabb145ee7fb2a1f3feebe51f/element/f.2D1A903BB9B117B2180C998CF94CF722.d.003A5A1609618BA2D1C7A3B22029E08B.e.9582/click - {}
RESULT: {}
COMMAND: GET /session/0157ef9fabb145ee7fb2a1f3feebe51f/screenshot - {}
RESULT: {}
COMMAND: POST /session/0157ef9fabb145ee7fb2a1f3feebe51f/execute/async - {"script":"<script> [1562 bytes]","args":[{"selector":{"id":"application-manageresources-display-component---newResourceUnit--newRRUPage-anchBar-application-manageresources-display-component---newResourceUnit--resource-anchor","interaction":{"idSuffix":"BDI-content"}},"wdio_ui5_key":"applicationmanageresources-display-component---newResourceUnit--newRRUPage-anchBar-application-manageresources-display-component---newResourceUnit--resource-anchor"}]}
RESULT: {"script":"<script> [1562 bytes]","args":[{"selector":{"id":"application-manageresources-display-component---newResourceUnit--newRRUPage-anchBar-application-manageresources-display-component---newResourceUnit--resource-anchor","interaction":{"idSuffix":"BDI-content"}},"wdio_ui5_key":"applicationmanageresources-display-component---newResourceUnit--newRRUPage-anchBar-application-manageresources-display-component---newResourceUnit--resource-anchor"}]}
RESULT: undefined
COMMAND: POST /session/0157ef9fabb145ee7fb2a1f3feebe51f/element - {"using":"xpath","value":"//*[@id=\"application-manageresources-display-component---newResourceUnit--newRRUPage-anchBar-application-manageresources-display-component---newResourceUnit--resource-anchor\"]"}
RESULT: {"using":"xpath","value":"//*[@id=\"application-manageresources-display-component---newResourceUnit--newRRUPage-anchBar-application-manageresources-display-component---newResourceUnit--resource-anchor\"]"}
COMMAND: POST /session/0157ef9fabb145ee7fb2a1f3feebe51f/element/f.2D1A903BB9B117B2180C998CF94CF722.d.003A5A1609618BA2D1C7A3B22029E08B.e.9586/click - {}
RESULT: {}
COMMAND: POST /session/0157ef9fabb145ee7fb2a1f3feebe51f/execute/async - {"script":"<script> [1562 bytes]","args":[{"selector":{"id":"application-manageresources-display-component---newResourceUnit--PLANNED_DELIVERY_DATE","interaction":{"idSuffix":"inner"}},"wdio_ui5_key":"applicationmanageresources-display-component---newResourceUnit--PLANNED_DELIVERY_DATE"}]}
COMMAND: GET /session/0157ef9fabb145ee7fb2a1f3feebe51f/screenshot - {}
RESULT: {}
RESULT: {"script":"<script> [1562 bytes]","args":[{"selector":{"id":"application-manageresources-display-component---newResourceUnit--PLANNED_DELIVERY_DATE","interaction":{"idSuffix":"inner"}},"wdio_ui5_key":"applicationmanageresources-display-component---newResourceUnit--PLANNED_DELIVERY_DATE"}]}
RESULT: undefined
COMMAND: POST /session/0157ef9fabb145ee7fb2a1f3feebe51f/execute/async - {"script":"<script> [6424 bytes]","args":[{"element-6066-11e4-a52e-4f735466cecf":"f.2D1A903BB9B117B2180C998CF94CF722.d.003A5A1609618BA2D1C7A3B22029E08B.e.9452"},"setValue",["4/17/25"]]}
RESULT: {"script":"<script> [6424 bytes]","args":[{"element-6066-11e4-a52e-4f735466cecf":"f.2D1A903BB9B117B2180C998CF94CF722.d.003A5A1609618BA2D1C7A3B22029E08B.e.9452"},"setValue",["4/17/25"]]}
COMMAND: POST /session/0157ef9fabb145ee7fb2a1f3feebe51f/element - {"using":"xpath","value":"//button[@data-kt=\"resourceUnitSaveButton\"]"}
RESULT: {"using":"xpath","value":"//button[@data-kt=\"resourceUnitSaveButton\"]"}
COMMAND: POST /session/0157ef9fabb145ee7fb2a1f3feebe51f/element/f.2D1A903BB9B117B2180C998CF94CF722.d.003A5A1609618BA2D1C7A3B22029E08B.e.9413/click - {}
RESULT: {}
COMMAND: GET /session/0157ef9fabb145ee7fb2a1f3feebe51f/screenshot - {}
RESULT: {}
COMMAND: POST /session/0157ef9fabb145ee7fb2a1f3feebe51f/element - {"using":"xpath","value":"//bdi[contains(text(), \"Close\")]"}
RESULT: {"using":"xpath","value":"//bdi[contains(text(), \"Close\")]"}
COMMAND: POST /session/0157ef9fabb145ee7fb2a1f3feebe51f/element/f.2D1A903BB9B117B2180C998CF94CF722.d.003A5A1609618BA2D1C7A3B22029E08B.e.9596/click - {}
RESULT: {}
COMMAND: GET /session/0157ef9fabb145ee7fb2a1f3feebe51f/screenshot - {}
RESULT: {}
COMMAND: POST /session/0157ef9fabb145ee7fb2a1f3feebe51f/element - {"using":"xpath","value":"//bdi[contains(text(), \"Edit\")]"}
RESULT: {"using":"xpath","value":"//bdi[contains(text(), \"Edit\")]"}
COMMAND: POST /session/0157ef9fabb145ee7fb2a1f3feebe51f/execute/sync - {"script":"<script> [8489 bytes]","args":[{"element-6066-11e4-a52e-4f735466cecf":"f.2D1A903BB9B117B2180C998CF94CF722.d.003A5A1609618BA2D1C7A3B22029E08B.e.9648","ELEMENT":"f.2D1A903BB9B117B2180C998CF94CF722.d.003A5A1609618BA2D1C7A3B22029E08B.e.9648"}]}
RESULT: {"script":"<script> [8489 bytes]","args":[{"element-6066-11e4-a52e-4f735466cecf":"f.2D1A903BB9B117B2180C998CF94CF722.d.003A5A1609618BA2D1C7A3B22029E08B.e.9648","ELEMENT":"f.2D1A903BB9B117B2180C998CF94CF722.d.003A5A1609618BA2D1C7A3B22029E08B.e.9648"}]}
COMMAND: POST /session/0157ef9fabb145ee7fb2a1f3feebe51f/element/f.2D1A903BB9B117B2180C998CF94CF722.d.003A5A1609618BA2D1C7A3B22029E08B.e.9648/click - {}
COMMAND: GET /session/0157ef9fabb145ee7fb2a1f3feebe51f/screenshot - {}
RESULT: {}
COMMAND: GET /session/0157ef9fabb145ee7fb2a1f3feebe51f/screenshot - {}
COMMAND: POST /session/0157ef9fabb145ee7fb2a1f3feebe51f/execute/async - {"script":"<script> [1562 bytes]","args":[{"selector":{"id":"application-manageresources-display-component---editResource--editRruPage-anchBar-application-manageresources-display-component---editResource--counters-anchor","interaction":{"idSuffix":"BDI-content"}},"wdio_ui5_key":"applicationmanageresources-display-component---editResource--editRruPage-anchBar-application-manageresources-display-component---editResource--counters-anchor"}]}
RESULT: {}
RESULT: {}
RESULT: {"script":"<script> [1562 bytes]","args":[{"selector":{"id":"application-manageresources-display-component---editResource--editRruPage-anchBar-application-manageresources-display-component---editResource--counters-anchor","interaction":{"idSuffix":"BDI-content"}},"wdio_ui5_key":"applicationmanageresources-display-component---editResource--editRruPage-anchBar-application-manageresources-display-component---editResource--counters-anchor"}]}
RESULT: undefined
COMMAND: POST /session/0157ef9fabb145ee7fb2a1f3feebe51f/element - {"using":"xpath","value":"//*[@id=\"application-manageresources-display-component---editResource--editRruPage-anchBar-application-manageresources-display-component---editResource--counters-anchor\"]"}
RESULT: {"using":"xpath","value":"//*[@id=\"application-manageresources-display-component---editResource--editRruPage-anchBar-application-manageresources-display-component---editResource--counters-anchor\"]"}
COMMAND: POST /session/0157ef9fabb145ee7fb2a1f3feebe51f/element/f.2D1A903BB9B117B2180C998CF94CF722.d.003A5A1609618BA2D1C7A3B22029E08B.e.9758/click - {}
RESULT: {}
COMMAND: GET /session/0157ef9fabb145ee7fb2a1f3feebe51f/screenshot - {}
RESULT: {}
COMMAND: POST /session/0157ef9fabb145ee7fb2a1f3feebe51f/execute/async - {"script":"<script> [1562 bytes]","args":[{"selector":{"id":"application-manageresources-display-component---editResource--btnAddCounter-img"},"wdio_ui5_key":"applicationmanageresources-display-component---editResource--btnAddCounter-img"}]}
RESULT: {"script":"<script> [1562 bytes]","args":[{"selector":{"id":"application-manageresources-display-component---editResource--btnAddCounter-img"},"wdio_ui5_key":"applicationmanageresources-display-component---editResource--btnAddCounter-img"}]}
RESULT: undefined
COMMAND: POST /session/0157ef9fabb145ee7fb2a1f3feebe51f/element - {"using":"xpath","value":"//*[@id=\"application-manageresources-display-component---editResource--btnAddCounter-img\"]"}
RESULT: {"using":"xpath","value":"//*[@id=\"application-manageresources-display-component---editResource--btnAddCounter-img\"]"}
COMMAND: POST /session/0157ef9fabb145ee7fb2a1f3feebe51f/element/f.2D1A903BB9B117B2180C998CF94CF722.d.003A5A1609618BA2D1C7A3B22029E08B.e.9792/click - {}
RESULT: {}
COMMAND: POST /session/0157ef9fabb145ee7fb2a1f3feebe51f/execute/async - {"script":"<script> [1562 bytes]","args":[{"selector":{"id":"application-manageresources-display-component---editResource--COUNTER_ID-application-manageresources-display-component---editResource--RUCounters-0-arrow"},"wdio_ui5_key":"applicationmanageresources-display-component---editResource--COUNTER_ID-application-manageresources-display-component---editResource--RUCounters-0-arrow"}]}
COMMAND: GET /session/0157ef9fabb145ee7fb2a1f3feebe51f/screenshot - {}
RESULT: {"script":"<script> [1562 bytes]","args":[{"selector":{"id":"application-manageresources-display-component---editResource--COUNTER_ID-application-manageresources-display-component---editResource--RUCounters-0-arrow"},"wdio_ui5_key":"applicationmanageresources-display-component---editResource--COUNTER_ID-application-manageresources-display-component---editResource--RUCounters-0-arrow"}]}
RESULT: undefined
COMMAND: POST /session/0157ef9fabb145ee7fb2a1f3feebe51f/element - {"using":"xpath","value":"//*[@id=\"application-manageresources-display-component---editResource--COUNTER_ID-application-manageresources-display-component---editResource--RUCounters-0-arrow\"]"}
RESULT: {}
RESULT: {"using":"xpath","value":"//*[@id=\"application-manageresources-display-component---editResource--COUNTER_ID-application-manageresources-display-component---editResource--RUCounters-0-arrow\"]"}
COMMAND: POST /session/0157ef9fabb145ee7fb2a1f3feebe51f/element/f.2D1A903BB9B117B2180C998CF94CF722.d.003A5A1609618BA2D1C7A3B22029E08B.e.9797/click - {}
RESULT: {}
COMMAND: POST /session/0157ef9fabb145ee7fb2a1f3feebe51f/execute/async - {"script":"<script> [1562 bytes]","args":[{"selector":{"controlType":"sap.m.StandardListItem","viewName":"etm.portal.ui.manageresources.view.EditResource","viewId":"application-manageresources-display-component---editResource","properties":{"title":"fuel"},"searchOpenDialogs":true,"interaction":{"idSuffix":"content"}},"wdio_ui5_key":"etmportal.ui.manageresources.view.EditResourcesap.m.StandardListItem{\"title\":\"fuel\"}"}]}
COMMAND: GET /session/0157ef9fabb145ee7fb2a1f3feebe51f/screenshot - {}
RESULT: {"script":"<script> [1562 bytes]","args":[{"selector":{"controlType":"sap.m.StandardListItem","viewName":"etm.portal.ui.manageresources.view.EditResource","viewId":"application-manageresources-display-component---editResource","properties":{"title":"fuel"},"searchOpenDialogs":true,"interaction":{"idSuffix":"content"}},"wdio_ui5_key":"etmportal.ui.manageresources.view.EditResourcesap.m.StandardListItem{\"title\":\"fuel\"}"}]}
RESULT: undefined
COMMAND: POST /session/0157ef9fabb145ee7fb2a1f3feebe51f/element - {"using":"xpath","value":"//*[@id=\"__item2430\"]"}
RESULT: {}
RESULT: {"using":"xpath","value":"//*[@id=\"__item2430\"]"}
COMMAND: POST /session/0157ef9fabb145ee7fb2a1f3feebe51f/element/f.2D1A903BB9B117B2180C998CF94CF722.d.003A5A1609618BA2D1C7A3B22029E08B.e.9799/click - {}
RESULT: {}
COMMAND: GET /session/0157ef9fabb145ee7fb2a1f3feebe51f/screenshot - {}
RESULT: {}
COMMAND: POST /session/0157ef9fabb145ee7fb2a1f3feebe51f/element - {"using":"xpath","value":"//button[@data-kt=\"saveButton\"]"}
RESULT: {"using":"xpath","value":"//button[@data-kt=\"saveButton\"]"}
COMMAND: POST /session/0157ef9fabb145ee7fb2a1f3feebe51f/element/f.2D1A903BB9B117B2180C998CF94CF722.d.003A5A1609618BA2D1C7A3B22029E08B.e.9800/click - {}
RESULT: {}
COMMAND: GET /session/0157ef9fabb145ee7fb2a1f3feebe51f/screenshot - {}
RESULT: {}
COMMAND: POST /session/0157ef9fabb145ee7fb2a1f3feebe51f/element - {"using":"xpath","value":"(//button[contains(@id ,\"actionsToolbar-overflowButton\")])[1]"}
RESULT: {"using":"xpath","value":"(//button[contains(@id ,\"actionsToolbar-overflowButton\")])[1]"}
COMMAND: POST /session/0157ef9fabb145ee7fb2a1f3feebe51f/element/f.2D1A903BB9B117B2180C998CF94CF722.d.003A5A1609618BA2D1C7A3B22029E08B.e.9811/click - {}
RESULT: {}
COMMAND: GET /session/0157ef9fabb145ee7fb2a1f3feebe51f/screenshot - {}
RESULT: {}
COMMAND: POST /session/0157ef9fabb145ee7fb2a1f3feebe51f/element - {"using":"xpath","value":"//button[@data-kt=\"priceInfoButton\"]"}
RESULT: {"using":"xpath","value":"//button[@data-kt=\"priceInfoButton\"]"}
COMMAND: POST /session/0157ef9fabb145ee7fb2a1f3feebe51f/element/f.2D1A903BB9B117B2180C998CF94CF722.d.003A5A1609618BA2D1C7A3B22029E08B.e.9813/click - {}
RESULT: {}
COMMAND: GET /session/0157ef9fabb145ee7fb2a1f3feebe51f/screenshot - {}
]]></system-out>
    </testcase>
    <testcase classname="chrome.135_0_7049_42.windows.Create_master_data_for_mixed_billing_&amp;_do_billing_calculation_US151661" name="Should create a TB pricing procedure" time="63.368">
      <system-out><![CDATA[
COMMAND: POST /session/0157ef9fabb145ee7fb2a1f3feebe51f/element - {"using":"xpath","value":"//button[@data-kt=\"addButton\"]"}
RESULT: {}
RESULT: {"using":"xpath","value":"//button[@data-kt=\"addButton\"]"}
COMMAND: POST /session/0157ef9fabb145ee7fb2a1f3feebe51f/elements - {"using":"xpath","value":"//button[@data-kt=\"addButton\"]"}
RESULT: {"using":"xpath","value":"//button[@data-kt=\"addButton\"]"}
COMMAND: POST /session/0157ef9fabb145ee7fb2a1f3feebe51f/execute/sync - {"script":"<script> [8489 bytes]","args":[{"element-6066-11e4-a52e-4f735466cecf":"f.2D1A903BB9B117B2180C998CF94CF722.d.003A5A1609618BA2D1C7A3B22029E08B.e.9849","ELEMENT":"f.2D1A903BB9B117B2180C998CF94CF722.d.003A5A1609618BA2D1C7A3B22029E08B.e.9849"}]}
RESULT: {"script":"<script> [8489 bytes]","args":[{"element-6066-11e4-a52e-4f735466cecf":"f.2D1A903BB9B117B2180C998CF94CF722.d.003A5A1609618BA2D1C7A3B22029E08B.e.9849","ELEMENT":"f.2D1A903BB9B117B2180C998CF94CF722.d.003A5A1609618BA2D1C7A3B22029E08B.e.9849"}]}
COMMAND: GET /session/0157ef9fabb145ee7fb2a1f3feebe51f/element/f.2D1A903BB9B117B2180C998CF94CF722.d.003A5A1609618BA2D1C7A3B22029E08B.e.9849/enabled - {}
COMMAND: GET /session/0157ef9fabb145ee7fb2a1f3feebe51f/screenshot - {}
RESULT: {}
COMMAND: POST /session/0157ef9fabb145ee7fb2a1f3feebe51f/execute/sync - {"script":"<script> [8489 bytes]","args":[{"element-6066-11e4-a52e-4f735466cecf":"f.2D1A903BB9B117B2180C998CF94CF722.d.003A5A1609618BA2D1C7A3B22029E08B.e.9849","ELEMENT":"f.2D1A903BB9B117B2180C998CF94CF722.d.003A5A1609618BA2D1C7A3B22029E08B.e.9849"}]}
COMMAND: GET /session/0157ef9fabb145ee7fb2a1f3feebe51f/screenshot - {}
RESULT: {}
RESULT: {"script":"<script> [8489 bytes]","args":[{"element-6066-11e4-a52e-4f735466cecf":"f.2D1A903BB9B117B2180C998CF94CF722.d.003A5A1609618BA2D1C7A3B22029E08B.e.9849","ELEMENT":"f.2D1A903BB9B117B2180C998CF94CF722.d.003A5A1609618BA2D1C7A3B22029E08B.e.9849"}]}
COMMAND: POST /session/0157ef9fabb145ee7fb2a1f3feebe51f/execute/sync - {"script":"<script> [5351 bytes]","args":[{"element-6066-11e4-a52e-4f735466cecf":"f.2D1A903BB9B117B2180C998CF94CF722.d.003A5A1609618BA2D1C7A3B22029E08B.e.9849","ELEMENT":"f.2D1A903BB9B117B2180C998CF94CF722.d.003A5A1609618BA2D1C7A3B22029E08B.e.9849"}]}
COMMAND: GET /session/0157ef9fabb145ee7fb2a1f3feebe51f/screenshot - {}
RESULT: {}
RESULT: {"script":"<script> [5351 bytes]","args":[{"element-6066-11e4-a52e-4f735466cecf":"f.2D1A903BB9B117B2180C998CF94CF722.d.003A5A1609618BA2D1C7A3B22029E08B.e.9849","ELEMENT":"f.2D1A903BB9B117B2180C998CF94CF722.d.003A5A1609618BA2D1C7A3B22029E08B.e.9849"}]}
COMMAND: POST /session/0157ef9fabb145ee7fb2a1f3feebe51f/element/f.2D1A903BB9B117B2180C998CF94CF722.d.003A5A1609618BA2D1C7A3B22029E08B.e.9849/click - {}
RESULT: {}
COMMAND: GET /session/0157ef9fabb145ee7fb2a1f3feebe51f/screenshot - {}
RESULT: {}
COMMAND: GET /session/0157ef9fabb145ee7fb2a1f3feebe51f/screenshot - {}
RESULT: {}
RESULT: {}
COMMAND: POST /session/0157ef9fabb145ee7fb2a1f3feebe51f/execute/async - {"script":"<script> [1562 bytes]","args":[{"selector":{"controlType":"sap.m.Title","viewName":"etm.portal.ui.managepricingrules.view.NewItem","viewId":"application-managepricingrules-display-component---newInfoPriceItem","properties":{"text":"New Pricing Rules - Item Level"}},"wdio_ui5_key":"etmportal.ui.managepricingrules.view.NewItemsap.m.Title{\"text\":\"New Pricing Rules - Item Level\"}"}]}
RESULT: {"script":"<script> [1562 bytes]","args":[{"selector":{"controlType":"sap.m.Title","viewName":"etm.portal.ui.managepricingrules.view.NewItem","viewId":"application-managepricingrules-display-component---newInfoPriceItem","properties":{"text":"New Pricing Rules - Item Level"}},"wdio_ui5_key":"etmportal.ui.managepricingrules.view.NewItemsap.m.Title{\"text\":\"New Pricing Rules - Item Level\"}"}]}
RESULT: undefined
COMMAND: POST /session/0157ef9fabb145ee7fb2a1f3feebe51f/execute/async - {"script":"<script> [6424 bytes]","args":[{"element-6066-11e4-a52e-4f735466cecf":"f.2D1A903BB9B117B2180C998CF94CF722.d.003A5A1609618BA2D1C7A3B22029E08B.e.10021"},"getText",[]]}
RESULT: {"script":"<script> [6424 bytes]","args":[{"element-6066-11e4-a52e-4f735466cecf":"f.2D1A903BB9B117B2180C998CF94CF722.d.003A5A1609618BA2D1C7A3B22029E08B.e.10021"},"getText",[]]}
COMMAND: POST /session/0157ef9fabb145ee7fb2a1f3feebe51f/execute/async - {"script":"<script> [1562 bytes]","args":[{"selector":{"id":"application-managepricingrules-display-component---newInfoPriceItem--condValidTo","interaction":{"idSuffix":"inner"}},"wdio_ui5_key":"applicationmanagepricingrules-display-component---newInfoPriceItem--condValidTo"}]}
RESULT: {"script":"<script> [1562 bytes]","args":[{"selector":{"id":"application-managepricingrules-display-component---newInfoPriceItem--condValidTo","interaction":{"idSuffix":"inner"}},"wdio_ui5_key":"applicationmanagepricingrules-display-component---newInfoPriceItem--condValidTo"}]}
RESULT: undefined
COMMAND: POST /session/0157ef9fabb145ee7fb2a1f3feebe51f/execute/async - {"script":"<script> [776 bytes]","args":[{"enterText":"12/17/25","selector":{"id":"application-managepricingrules-display-component---newInfoPriceItem--condValidTo","interaction":{"idSuffix":"inner"}},"clearTextFirst":true,"interactionType":"ENTER_TEXT"}]}
RESULT: {"script":"<script> [776 bytes]","args":[{"enterText":"12/17/25","selector":{"id":"application-managepricingrules-display-component---newInfoPriceItem--condValidTo","interaction":{"idSuffix":"inner"}},"clearTextFirst":true,"interactionType":"ENTER_TEXT"}]}
COMMAND: POST /session/0157ef9fabb145ee7fb2a1f3feebe51f/execute/async - {"script":"<script> [1562 bytes]","args":[{"selector":{"id":"application-managepricingrules-display-component---newInfoPriceItem--billType-arrow"},"wdio_ui5_key":"applicationmanagepricingrules-display-component---newInfoPriceItem--billType-arrow"}]}
RESULT: {"script":"<script> [1562 bytes]","args":[{"selector":{"id":"application-managepricingrules-display-component---newInfoPriceItem--billType-arrow"},"wdio_ui5_key":"applicationmanagepricingrules-display-component---newInfoPriceItem--billType-arrow"}]}
RESULT: undefined
COMMAND: POST /session/0157ef9fabb145ee7fb2a1f3feebe51f/element - {"using":"xpath","value":"//*[@id=\"application-managepricingrules-display-component---newInfoPriceItem--billType-arrow\"]"}
RESULT: {"using":"xpath","value":"//*[@id=\"application-managepricingrules-display-component---newInfoPriceItem--billType-arrow\"]"}
COMMAND: POST /session/0157ef9fabb145ee7fb2a1f3feebe51f/element/f.2D1A903BB9B117B2180C998CF94CF722.d.003A5A1609618BA2D1C7A3B22029E08B.e.9981/click - {}
RESULT: {}
COMMAND: POST /session/0157ef9fabb145ee7fb2a1f3feebe51f/element - {"using":"xpath","value":"//span[contains(text(), \"TB - Time based\")]"}
COMMAND: GET /session/0157ef9fabb145ee7fb2a1f3feebe51f/screenshot - {}
RESULT: {"using":"xpath","value":"//span[contains(text(), \"TB - Time based\")]"}
COMMAND: POST /session/0157ef9fabb145ee7fb2a1f3feebe51f/element/f.2D1A903BB9B117B2180C998CF94CF722.d.003A5A1609618BA2D1C7A3B22029E08B.e.10023/click - {}
RESULT: {}
RESULT: {}
COMMAND: POST /session/0157ef9fabb145ee7fb2a1f3feebe51f/execute/async - {"script":"<script> [1562 bytes]","args":[{"selector":{"id":"application-managepricingrules-display-component---newInfoPriceItem--priceProc-arrow"},"wdio_ui5_key":"applicationmanagepricingrules-display-component---newInfoPriceItem--priceProc-arrow"}]}
COMMAND: GET /session/0157ef9fabb145ee7fb2a1f3feebe51f/screenshot - {}
RESULT: {"script":"<script> [1562 bytes]","args":[{"selector":{"id":"application-managepricingrules-display-component---newInfoPriceItem--priceProc-arrow"},"wdio_ui5_key":"applicationmanagepricingrules-display-component---newInfoPriceItem--priceProc-arrow"}]}
RESULT: undefined
COMMAND: POST /session/0157ef9fabb145ee7fb2a1f3feebe51f/element - {"using":"xpath","value":"//*[@id=\"application-managepricingrules-display-component---newInfoPriceItem--priceProc-arrow\"]"}
RESULT: {}
RESULT: {"using":"xpath","value":"//*[@id=\"application-managepricingrules-display-component---newInfoPriceItem--priceProc-arrow\"]"}
COMMAND: POST /session/0157ef9fabb145ee7fb2a1f3feebe51f/element/f.2D1A903BB9B117B2180C998CF94CF722.d.003A5A1609618BA2D1C7A3B22029E08B.e.9988/click - {}
RESULT: {}
COMMAND: POST /session/0157ef9fabb145ee7fb2a1f3feebe51f/element - {"using":"xpath","value":"//span[contains(text(), \"TB - Time based BGL\")]"}
COMMAND: GET /session/0157ef9fabb145ee7fb2a1f3feebe51f/screenshot - {}
RESULT: {"using":"xpath","value":"//span[contains(text(), \"TB - Time based BGL\")]"}
COMMAND: POST /session/0157ef9fabb145ee7fb2a1f3feebe51f/element/f.2D1A903BB9B117B2180C998CF94CF722.d.003A5A1609618BA2D1C7A3B22029E08B.e.10024/click - {}
RESULT: {}
RESULT: {}
COMMAND: POST /session/0157ef9fabb145ee7fb2a1f3feebe51f/execute/async - {"script":"<script> [1562 bytes]","args":[{"selector":{"id":"application-managepricingrules-display-component---newInfoPriceItem--calcBase-arrow"},"wdio_ui5_key":"applicationmanagepricingrules-display-component---newInfoPriceItem--calcBase-arrow"}]}
COMMAND: GET /session/0157ef9fabb145ee7fb2a1f3feebe51f/screenshot - {}
RESULT: {"script":"<script> [1562 bytes]","args":[{"selector":{"id":"application-managepricingrules-display-component---newInfoPriceItem--calcBase-arrow"},"wdio_ui5_key":"applicationmanagepricingrules-display-component---newInfoPriceItem--calcBase-arrow"}]}
RESULT: undefined
COMMAND: POST /session/0157ef9fabb145ee7fb2a1f3feebe51f/element - {"using":"xpath","value":"//*[@id=\"application-managepricingrules-display-component---newInfoPriceItem--calcBase-arrow\"]"}
RESULT: {}
RESULT: {"using":"xpath","value":"//*[@id=\"application-managepricingrules-display-component---newInfoPriceItem--calcBase-arrow\"]"}
COMMAND: POST /session/0157ef9fabb145ee7fb2a1f3feebe51f/element/f.2D1A903BB9B117B2180C998CF94CF722.d.003A5A1609618BA2D1C7A3B22029E08B.e.9995/click - {}
RESULT: {}
COMMAND: GET /session/0157ef9fabb145ee7fb2a1f3feebe51f/screenshot - {}
RESULT: {}
COMMAND: POST /session/0157ef9fabb145ee7fb2a1f3feebe51f/element - {"using":"xpath","value":"//span[contains(text(), \"0006 - TB(calendar days)\")]"}
RESULT: {"using":"xpath","value":"//span[contains(text(), \"0006 - TB(calendar days)\")]"}
COMMAND: POST /session/0157ef9fabb145ee7fb2a1f3feebe51f/element/f.2D1A903BB9B117B2180C998CF94CF722.d.003A5A1609618BA2D1C7A3B22029E08B.e.10025/click - {}
RESULT: {}
COMMAND: GET /session/0157ef9fabb145ee7fb2a1f3feebe51f/screenshot - {}
RESULT: {}
COMMAND: POST /session/0157ef9fabb145ee7fb2a1f3feebe51f/execute/async - {"script":"<script> [1562 bytes]","args":[{"selector":{"id":"application-managepricingrules-display-component---newInfoPriceItem--hoursMonth","interaction":{"idSuffix":"inner"}},"wdio_ui5_key":"applicationmanagepricingrules-display-component---newInfoPriceItem--hoursMonth"}]}
RESULT: {"script":"<script> [1562 bytes]","args":[{"selector":{"id":"application-managepricingrules-display-component---newInfoPriceItem--hoursMonth","interaction":{"idSuffix":"inner"}},"wdio_ui5_key":"applicationmanagepricingrules-display-component---newInfoPriceItem--hoursMonth"}]}
RESULT: undefined
COMMAND: POST /session/0157ef9fabb145ee7fb2a1f3feebe51f/execute/async - {"script":"<script> [776 bytes]","args":[{"enterText":"160","selector":{"id":"application-managepricingrules-display-component---newInfoPriceItem--hoursMonth","interaction":{"idSuffix":"inner"}},"clearTextFirst":true,"interactionType":"ENTER_TEXT"}]}
RESULT: {"script":"<script> [776 bytes]","args":[{"enterText":"160","selector":{"id":"application-managepricingrules-display-component---newInfoPriceItem--hoursMonth","interaction":{"idSuffix":"inner"}},"clearTextFirst":true,"interactionType":"ENTER_TEXT"}]}
COMMAND: POST /session/0157ef9fabb145ee7fb2a1f3feebe51f/execute/async - {"script":"<script> [1562 bytes]","args":[{"selector":{"id":"application-managepricingrules-display-component---newInfoPriceItem--daysMonth","interaction":{"idSuffix":"inner"}},"wdio_ui5_key":"applicationmanagepricingrules-display-component---newInfoPriceItem--daysMonth"}]}
RESULT: {"script":"<script> [1562 bytes]","args":[{"selector":{"id":"application-managepricingrules-display-component---newInfoPriceItem--daysMonth","interaction":{"idSuffix":"inner"}},"wdio_ui5_key":"applicationmanagepricingrules-display-component---newInfoPriceItem--daysMonth"}]}
RESULT: undefined
COMMAND: POST /session/0157ef9fabb145ee7fb2a1f3feebe51f/execute/async - {"script":"<script> [776 bytes]","args":[{"enterText":"30","selector":{"id":"application-managepricingrules-display-component---newInfoPriceItem--daysMonth","interaction":{"idSuffix":"inner"}},"clearTextFirst":true,"interactionType":"ENTER_TEXT"}]}
RESULT: {"script":"<script> [776 bytes]","args":[{"enterText":"30","selector":{"id":"application-managepricingrules-display-component---newInfoPriceItem--daysMonth","interaction":{"idSuffix":"inner"}},"clearTextFirst":true,"interactionType":"ENTER_TEXT"}]}
COMMAND: POST /session/0157ef9fabb145ee7fb2a1f3feebe51f/element - {"using":"xpath","value":"//button[@data-kt=\"saveNewRuleButton\"]"}
RESULT: {"using":"xpath","value":"//button[@data-kt=\"saveNewRuleButton\"]"}
COMMAND: POST /session/0157ef9fabb145ee7fb2a1f3feebe51f/element/f.2D1A903BB9B117B2180C998CF94CF722.d.003A5A1609618BA2D1C7A3B22029E08B.e.10015/click - {}
RESULT: {}
COMMAND: GET /session/0157ef9fabb145ee7fb2a1f3feebe51f/screenshot - {}
RESULT: {}
COMMAND: POST /session/0157ef9fabb145ee7fb2a1f3feebe51f/execute/async - {"script":"<script> [1562 bytes]","args":[{"selector":{"id":"application-managepricingrules-display-component---priceInfoItem--smartFilterBar-btnBasicSearch","interaction":{"idSuffix":"I"}},"wdio_ui5_key":"applicationmanagepricingrules-display-component---priceInfoItem--smartFilterBar-btnBasicSearch"}]}
RESULT: {"script":"<script> [1562 bytes]","args":[{"selector":{"id":"application-managepricingrules-display-component---priceInfoItem--smartFilterBar-btnBasicSearch","interaction":{"idSuffix":"I"}},"wdio_ui5_key":"applicationmanagepricingrules-display-component---priceInfoItem--smartFilterBar-btnBasicSearch"}]}
RESULT: undefined
COMMAND: POST /session/0157ef9fabb145ee7fb2a1f3feebe51f/execute/async - {"script":"<script> [776 bytes]","args":[{"enterText":"IbSpUo49j6","selector":{"id":"application-managepricingrules-display-component---priceInfoItem--smartFilterBar-btnBasicSearch","interaction":{"idSuffix":"I"}},"clearTextFirst":true,"interactionType":"ENTER_TEXT"}]}
RESULT: {"script":"<script> [776 bytes]","args":[{"enterText":"IbSpUo49j6","selector":{"id":"application-managepricingrules-display-component---priceInfoItem--smartFilterBar-btnBasicSearch","interaction":{"idSuffix":"I"}},"clearTextFirst":true,"interactionType":"ENTER_TEXT"}]}
COMMAND: POST /session/0157ef9fabb145ee7fb2a1f3feebe51f/actions - {"actions":[{"id":"action29","type":"key","parameters":{},"actions":[{"type":"keyDown","value":""},{"type":"pause","duration":10},{"type":"keyUp","value":""}]}]}
RESULT: {"actions":[{"id":"action29","type":"key","parameters":{},"actions":[{"type":"keyDown","value":""},{"type":"pause","duration":10},{"type":"keyUp","value":""}]}]}
COMMAND: GET /session/0157ef9fabb145ee7fb2a1f3feebe51f/screenshot - {}
RESULT: {}
COMMAND: POST /session/0157ef9fabb145ee7fb2a1f3feebe51f/element - {"using":"xpath","value":"//span[@id=\"application-managepricingrules-display-component---priceInfoItem--smartTable-header-inner\"]"}
RESULT: {"using":"xpath","value":"//span[@id=\"application-managepricingrules-display-component---priceInfoItem--smartTable-header-inner\"]"}
COMMAND: POST /session/0157ef9fabb145ee7fb2a1f3feebe51f/elements - {"using":"xpath","value":"//span[@id=\"application-managepricingrules-display-component---priceInfoItem--smartTable-header-inner\"]"}
RESULT: {"using":"xpath","value":"//span[@id=\"application-managepricingrules-display-component---priceInfoItem--smartTable-header-inner\"]"}
COMMAND: POST /session/0157ef9fabb145ee7fb2a1f3feebe51f/execute/sync - {"script":"<script> [56 bytes]","args":[{"element-6066-11e4-a52e-4f735466cecf":"f.2D1A903BB9B117B2180C998CF94CF722.d.003A5A1609618BA2D1C7A3B22029E08B.e.10050","ELEMENT":"f.2D1A903BB9B117B2180C998CF94CF722.d.003A5A1609618BA2D1C7A3B22029E08B.e.10050"}]}
RESULT: {"script":"<script> [56 bytes]","args":[{"element-6066-11e4-a52e-4f735466cecf":"f.2D1A903BB9B117B2180C998CF94CF722.d.003A5A1609618BA2D1C7A3B22029E08B.e.10050","ELEMENT":"f.2D1A903BB9B117B2180C998CF94CF722.d.003A5A1609618BA2D1C7A3B22029E08B.e.10050"}]}
COMMAND: POST /session/0157ef9fabb145ee7fb2a1f3feebe51f/element - {"using":"css selector","value":"#shell-header-logo"}
COMMAND: GET /session/0157ef9fabb145ee7fb2a1f3feebe51f/screenshot - {}
RESULT: {"using":"css selector","value":"#shell-header-logo"}
COMMAND: POST /session/0157ef9fabb145ee7fb2a1f3feebe51f/element/f.2D1A903BB9B117B2180C998CF94CF722.d.003A5A1609618BA2D1C7A3B22029E08B.e.9009/click - {}
RESULT: {}
RESULT: {}
COMMAND: GET /session/0157ef9fabb145ee7fb2a1f3feebe51f/screenshot - {}
RESULT: {}
]]></system-out>
    </testcase>
    <testcase classname="chrome.135_0_7049_42.windows.Create_master_data_for_mixed_billing_&amp;_do_billing_calculation_US151661" name="Should add one time condition" time="65.574">
      <system-out><![CDATA[
COMMAND: POST /session/0157ef9fabb145ee7fb2a1f3feebe51f/execute/async - {"script":"<script> [1562 bytes]","args":[{"selector":{"controlType":"sap.m.Text","properties":{"text":"Manage Conditions & Prices"},"interaction":{"idSuffix":"inner"}},"wdio_ui5_key":"sapm.Text{\"text\":\"Manage Conditions & Prices\"}"}]}
RESULT: {"script":"<script> [1562 bytes]","args":[{"selector":{"controlType":"sap.m.Text","properties":{"text":"Manage Conditions & Prices"},"interaction":{"idSuffix":"inner"}},"wdio_ui5_key":"sapm.Text{\"text\":\"Manage Conditions & Prices\"}"}]}
RESULT: undefined
COMMAND: POST /session/0157ef9fabb145ee7fb2a1f3feebe51f/element - {"using":"xpath","value":"//*[@id=\"__tile53-title\"]"}
RESULT: {"using":"xpath","value":"//*[@id=\"__tile53-title\"]"}
COMMAND: POST /session/0157ef9fabb145ee7fb2a1f3feebe51f/element/f.2D1A903BB9B117B2180C998CF94CF722.d.003A5A1609618BA2D1C7A3B22029E08B.e.10053/click - {}
RESULT: {}
COMMAND: POST /session/0157ef9fabb145ee7fb2a1f3feebe51f/element - {"using":"xpath","value":"//button[@aria-label=\"Create\"]"}
COMMAND: GET /session/0157ef9fabb145ee7fb2a1f3feebe51f/screenshot - {}
RESULT: {"using":"xpath","value":"//button[@aria-label=\"Create\"]"}
COMMAND: POST /session/0157ef9fabb145ee7fb2a1f3feebe51f/elements - {"using":"xpath","value":"//button[@aria-label=\"Create\"]"}
RESULT: {}
RESULT: {"using":"xpath","value":"//button[@aria-label=\"Create\"]"}
COMMAND: POST /session/0157ef9fabb145ee7fb2a1f3feebe51f/element - {"using":"xpath","value":"//button[@aria-label=\"Create\"]"}
RESULT: {"using":"xpath","value":"//button[@aria-label=\"Create\"]"}
COMMAND: POST /session/0157ef9fabb145ee7fb2a1f3feebe51f/execute/sync - {"script":"<script> [8489 bytes]","args":[{"element-6066-11e4-a52e-4f735466cecf":"f.2D1A903BB9B117B2180C998CF94CF722.d.003A5A1609618BA2D1C7A3B22029E08B.e.10087","ELEMENT":"f.2D1A903BB9B117B2180C998CF94CF722.d.003A5A1609618BA2D1C7A3B22029E08B.e.10087"}]}
RESULT: {"script":"<script> [8489 bytes]","args":[{"element-6066-11e4-a52e-4f735466cecf":"f.2D1A903BB9B117B2180C998CF94CF722.d.003A5A1609618BA2D1C7A3B22029E08B.e.10087","ELEMENT":"f.2D1A903BB9B117B2180C998CF94CF722.d.003A5A1609618BA2D1C7A3B22029E08B.e.10087"}]}
COMMAND: GET /session/0157ef9fabb145ee7fb2a1f3feebe51f/element/f.2D1A903BB9B117B2180C998CF94CF722.d.003A5A1609618BA2D1C7A3B22029E08B.e.10087/enabled - {}
COMMAND: GET /session/0157ef9fabb145ee7fb2a1f3feebe51f/screenshot - {}
RESULT: {}
COMMAND: POST /session/0157ef9fabb145ee7fb2a1f3feebe51f/execute/sync - {"script":"<script> [8489 bytes]","args":[{"element-6066-11e4-a52e-4f735466cecf":"f.2D1A903BB9B117B2180C998CF94CF722.d.003A5A1609618BA2D1C7A3B22029E08B.e.10087","ELEMENT":"f.2D1A903BB9B117B2180C998CF94CF722.d.003A5A1609618BA2D1C7A3B22029E08B.e.10087"}]}
COMMAND: GET /session/0157ef9fabb145ee7fb2a1f3feebe51f/screenshot - {}
RESULT: {}
RESULT: {"script":"<script> [8489 bytes]","args":[{"element-6066-11e4-a52e-4f735466cecf":"f.2D1A903BB9B117B2180C998CF94CF722.d.003A5A1609618BA2D1C7A3B22029E08B.e.10087","ELEMENT":"f.2D1A903BB9B117B2180C998CF94CF722.d.003A5A1609618BA2D1C7A3B22029E08B.e.10087"}]}
COMMAND: POST /session/0157ef9fabb145ee7fb2a1f3feebe51f/execute/sync - {"script":"<script> [5351 bytes]","args":[{"element-6066-11e4-a52e-4f735466cecf":"f.2D1A903BB9B117B2180C998CF94CF722.d.003A5A1609618BA2D1C7A3B22029E08B.e.10087","ELEMENT":"f.2D1A903BB9B117B2180C998CF94CF722.d.003A5A1609618BA2D1C7A3B22029E08B.e.10087"}]}
COMMAND: GET /session/0157ef9fabb145ee7fb2a1f3feebe51f/screenshot - {}
RESULT: {}
RESULT: {"script":"<script> [5351 bytes]","args":[{"element-6066-11e4-a52e-4f735466cecf":"f.2D1A903BB9B117B2180C998CF94CF722.d.003A5A1609618BA2D1C7A3B22029E08B.e.10087","ELEMENT":"f.2D1A903BB9B117B2180C998CF94CF722.d.003A5A1609618BA2D1C7A3B22029E08B.e.10087"}]}
COMMAND: POST /session/0157ef9fabb145ee7fb2a1f3feebe51f/element/f.2D1A903BB9B117B2180C998CF94CF722.d.003A5A1609618BA2D1C7A3B22029E08B.e.10087/click - {}
COMMAND: GET /session/0157ef9fabb145ee7fb2a1f3feebe51f/screenshot - {}
RESULT: {}
RESULT: {}
COMMAND: GET /session/0157ef9fabb145ee7fb2a1f3feebe51f/screenshot - {}
RESULT: {}
RESULT: {}
COMMAND: POST /session/0157ef9fabb145ee7fb2a1f3feebe51f/actions - {"actions":[{"id":"action30","type":"key","parameters":{},"actions":[{"type":"keyDown","value":""},{"type":"pause","duration":10},{"type":"keyUp","value":""}]}]}
RESULT: {"actions":[{"id":"action30","type":"key","parameters":{},"actions":[{"type":"keyDown","value":""},{"type":"pause","duration":10},{"type":"keyUp","value":""}]}]}
COMMAND: GET /session/0157ef9fabb145ee7fb2a1f3feebe51f/screenshot - {}
RESULT: {}
COMMAND: POST /session/0157ef9fabb145ee7fb2a1f3feebe51f/execute/async - {"script":"<script> [1562 bytes]","args":[{"selector":{"id":"application-manageconditionprice-display-component---newCondition--condBillCond-arrow"},"wdio_ui5_key":"applicationmanageconditionprice-display-component---newCondition--condBillCond-arrow"}]}
RESULT: {"script":"<script> [1562 bytes]","args":[{"selector":{"id":"application-manageconditionprice-display-component---newCondition--condBillCond-arrow"},"wdio_ui5_key":"applicationmanageconditionprice-display-component---newCondition--condBillCond-arrow"}]}
RESULT: undefined
COMMAND: POST /session/0157ef9fabb145ee7fb2a1f3feebe51f/element - {"using":"xpath","value":"//*[@id=\"application-manageconditionprice-display-component---newCondition--condBillCond-arrow\"]"}
RESULT: {"using":"xpath","value":"//*[@id=\"application-manageconditionprice-display-component---newCondition--condBillCond-arrow\"]"}
COMMAND: POST /session/0157ef9fabb145ee7fb2a1f3feebe51f/element/f.2D1A903BB9B117B2180C998CF94CF722.d.003A5A1609618BA2D1C7A3B22029E08B.e.10267/click - {}
RESULT: {}
COMMAND: GET /session/0157ef9fabb145ee7fb2a1f3feebe51f/screenshot - {}
RESULT: {}
COMMAND: POST /session/0157ef9fabb145ee7fb2a1f3feebe51f/element - {"using":"xpath","value":"//li[.//span[contains(text(), \"SAPR - Sales price\")]]"}
RESULT: {"using":"xpath","value":"//li[.//span[contains(text(), \"SAPR - Sales price\")]]"}
COMMAND: POST /session/0157ef9fabb145ee7fb2a1f3feebe51f/element/f.2D1A903BB9B117B2180C998CF94CF722.d.003A5A1609618BA2D1C7A3B22029E08B.e.10270/click - {}
RESULT: {}
COMMAND: GET /session/0157ef9fabb145ee7fb2a1f3feebe51f/screenshot - {}
RESULT: {}
COMMAND: POST /session/0157ef9fabb145ee7fb2a1f3feebe51f/execute/async - {"script":"<script> [1562 bytes]","args":[{"selector":{"id":"application-manageconditionprice-display-component---newCondition--condValidTo","interaction":{"idSuffix":"inner"}},"wdio_ui5_key":"applicationmanageconditionprice-display-component---newCondition--condValidTo"}]}
RESULT: {"script":"<script> [1562 bytes]","args":[{"selector":{"id":"application-manageconditionprice-display-component---newCondition--condValidTo","interaction":{"idSuffix":"inner"}},"wdio_ui5_key":"applicationmanageconditionprice-display-component---newCondition--condValidTo"}]}
RESULT: undefined
COMMAND: POST /session/0157ef9fabb145ee7fb2a1f3feebe51f/execute/async - {"script":"<script> [776 bytes]","args":[{"enterText":"12/17/25","selector":{"id":"application-manageconditionprice-display-component---newCondition--condValidTo","interaction":{"idSuffix":"inner"}},"clearTextFirst":true,"interactionType":"ENTER_TEXT"}]}
RESULT: {"script":"<script> [776 bytes]","args":[{"enterText":"12/17/25","selector":{"id":"application-manageconditionprice-display-component---newCondition--condValidTo","interaction":{"idSuffix":"inner"}},"clearTextFirst":true,"interactionType":"ENTER_TEXT"}]}
COMMAND: POST /session/0157ef9fabb145ee7fb2a1f3feebe51f/element - {"using":"xpath","value":"//input[@id=\"application-manageconditionprice-display-component---newCondition--condRU-inner\"]"}
RESULT: {"using":"xpath","value":"//input[@id=\"application-manageconditionprice-display-component---newCondition--condRU-inner\"]"}
COMMAND: POST /session/0157ef9fabb145ee7fb2a1f3feebe51f/element/f.2D1A903BB9B117B2180C998CF94CF722.d.003A5A1609618BA2D1C7A3B22029E08B.e.10131/clear - {}
RESULT: {}
COMMAND: POST /session/0157ef9fabb145ee7fb2a1f3feebe51f/element/f.2D1A903BB9B117B2180C998CF94CF722.d.003A5A1609618BA2D1C7A3B22029E08B.e.10131/value - {"text":"IbSpUo49j6"}
COMMAND: GET /session/0157ef9fabb145ee7fb2a1f3feebe51f/screenshot - {}
RESULT: {"text":"IbSpUo49j6"}
COMMAND: GET /session/0157ef9fabb145ee7fb2a1f3feebe51f/screenshot - {}
RESULT: {}
RESULT: {}
COMMAND: POST /session/0157ef9fabb145ee7fb2a1f3feebe51f/actions - {"actions":[{"id":"action31","type":"key","parameters":{},"actions":[{"type":"keyDown","value":""},{"type":"pause","duration":10},{"type":"keyUp","value":""}]}]}
RESULT: {"actions":[{"id":"action31","type":"key","parameters":{},"actions":[{"type":"keyDown","value":""},{"type":"pause","duration":10},{"type":"keyUp","value":""}]}]}
COMMAND: POST /session/0157ef9fabb145ee7fb2a1f3feebe51f/execute/async - {"script":"<script> [1562 bytes]","args":[{"selector":{"id":"application-manageconditionprice-display-component---newCondition--condBaseQty","interaction":{"idSuffix":"inner"}},"wdio_ui5_key":"applicationmanageconditionprice-display-component---newCondition--condBaseQty"}]}
COMMAND: GET /session/0157ef9fabb145ee7fb2a1f3feebe51f/screenshot - {}
RESULT: {"script":"<script> [1562 bytes]","args":[{"selector":{"id":"application-manageconditionprice-display-component---newCondition--condBaseQty","interaction":{"idSuffix":"inner"}},"wdio_ui5_key":"applicationmanageconditionprice-display-component---newCondition--condBaseQty"}]}
RESULT: undefined
COMMAND: POST /session/0157ef9fabb145ee7fb2a1f3feebe51f/execute/async - {"script":"<script> [776 bytes]","args":[{"enterText":"1","selector":{"id":"application-manageconditionprice-display-component---newCondition--condBaseQty","interaction":{"idSuffix":"inner"}},"clearTextFirst":true,"interactionType":"ENTER_TEXT"}]}
RESULT: {}
RESULT: {"script":"<script> [776 bytes]","args":[{"enterText":"1","selector":{"id":"application-manageconditionprice-display-component---newCondition--condBaseQty","interaction":{"idSuffix":"inner"}},"clearTextFirst":true,"interactionType":"ENTER_TEXT"}]}
COMMAND: POST /session/0157ef9fabb145ee7fb2a1f3feebe51f/execute/async - {"script":"<script> [1562 bytes]","args":[{"selector":{"id":"application-manageconditionprice-display-component---newCondition--condValue","interaction":{"idSuffix":"inner"}},"wdio_ui5_key":"applicationmanageconditionprice-display-component---newCondition--condValue"}]}
RESULT: {"script":"<script> [1562 bytes]","args":[{"selector":{"id":"application-manageconditionprice-display-component---newCondition--condValue","interaction":{"idSuffix":"inner"}},"wdio_ui5_key":"applicationmanageconditionprice-display-component---newCondition--condValue"}]}
RESULT: undefined
COMMAND: POST /session/0157ef9fabb145ee7fb2a1f3feebe51f/execute/async - {"script":"<script> [776 bytes]","args":[{"enterText":"200","selector":{"id":"application-manageconditionprice-display-component---newCondition--condValue","interaction":{"idSuffix":"inner"}},"clearTextFirst":true,"interactionType":"ENTER_TEXT"}]}
RESULT: {"script":"<script> [776 bytes]","args":[{"enterText":"200","selector":{"id":"application-manageconditionprice-display-component---newCondition--condValue","interaction":{"idSuffix":"inner"}},"clearTextFirst":true,"interactionType":"ENTER_TEXT"}]}
COMMAND: POST /session/0157ef9fabb145ee7fb2a1f3feebe51f/execute/async - {"script":"<script> [1562 bytes]","args":[{"selector":{"id":"application-manageconditionprice-display-component---newCondition--condCurr-arrow"},"wdio_ui5_key":"applicationmanageconditionprice-display-component---newCondition--condCurr-arrow"}]}
RESULT: {"script":"<script> [1562 bytes]","args":[{"selector":{"id":"application-manageconditionprice-display-component---newCondition--condCurr-arrow"},"wdio_ui5_key":"applicationmanageconditionprice-display-component---newCondition--condCurr-arrow"}]}
RESULT: undefined
COMMAND: POST /session/0157ef9fabb145ee7fb2a1f3feebe51f/element - {"using":"xpath","value":"//*[@id=\"application-manageconditionprice-display-component---newCondition--condCurr-arrow\"]"}
RESULT: {"using":"xpath","value":"//*[@id=\"application-manageconditionprice-display-component---newCondition--condCurr-arrow\"]"}
COMMAND: POST /session/0157ef9fabb145ee7fb2a1f3feebe51f/element/f.2D1A903BB9B117B2180C998CF94CF722.d.003A5A1609618BA2D1C7A3B22029E08B.e.10249/click - {}
RESULT: {}
COMMAND: POST /session/0157ef9fabb145ee7fb2a1f3feebe51f/element - {"using":"xpath","value":"//span[contains(text(), \"Euro\")]"}
COMMAND: GET /session/0157ef9fabb145ee7fb2a1f3feebe51f/screenshot - {}
RESULT: {"using":"xpath","value":"//span[contains(text(), \"Euro\")]"}
COMMAND: POST /session/0157ef9fabb145ee7fb2a1f3feebe51f/element/f.2D1A903BB9B117B2180C998CF94CF722.d.003A5A1609618BA2D1C7A3B22029E08B.e.10306/click - {}
RESULT: {}
RESULT: {}
COMMAND: POST /session/0157ef9fabb145ee7fb2a1f3feebe51f/element - {"using":"xpath","value":"//button[@data-kt=\"saveButton\"]"}
COMMAND: GET /session/0157ef9fabb145ee7fb2a1f3feebe51f/screenshot - {}
RESULT: {"using":"xpath","value":"//button[@data-kt=\"saveButton\"]"}
COMMAND: POST /session/0157ef9fabb145ee7fb2a1f3feebe51f/element/f.2D1A903BB9B117B2180C998CF94CF722.d.003A5A1609618BA2D1C7A3B22029E08B.e.10250/click - {}
RESULT: {}
RESULT: {}
COMMAND: GET /session/0157ef9fabb145ee7fb2a1f3feebe51f/screenshot - {}
RESULT: {}
COMMAND: POST /session/0157ef9fabb145ee7fb2a1f3feebe51f/execute/async - {"script":"<script> [1562 bytes]","args":[{"selector":{"id":"application-manageconditionprice-display-component---conditions--smartFilterBar-btnBasicSearch","interaction":{"idSuffix":"I"}},"wdio_ui5_key":"applicationmanageconditionprice-display-component---conditions--smartFilterBar-btnBasicSearch"}]}
RESULT: {"script":"<script> [1562 bytes]","args":[{"selector":{"id":"application-manageconditionprice-display-component---conditions--smartFilterBar-btnBasicSearch","interaction":{"idSuffix":"I"}},"wdio_ui5_key":"applicationmanageconditionprice-display-component---conditions--smartFilterBar-btnBasicSearch"}]}
RESULT: undefined
COMMAND: POST /session/0157ef9fabb145ee7fb2a1f3feebe51f/execute/async - {"script":"<script> [776 bytes]","args":[{"enterText":"IbSpUo49j6","selector":{"id":"application-manageconditionprice-display-component---conditions--smartFilterBar-btnBasicSearch","interaction":{"idSuffix":"I"}},"clearTextFirst":true,"interactionType":"ENTER_TEXT"}]}
RESULT: {"script":"<script> [776 bytes]","args":[{"enterText":"IbSpUo49j6","selector":{"id":"application-manageconditionprice-display-component---conditions--smartFilterBar-btnBasicSearch","interaction":{"idSuffix":"I"}},"clearTextFirst":true,"interactionType":"ENTER_TEXT"}]}
COMMAND: POST /session/0157ef9fabb145ee7fb2a1f3feebe51f/actions - {"actions":[{"id":"action32","type":"key","parameters":{},"actions":[{"type":"keyDown","value":""},{"type":"pause","duration":10},{"type":"keyUp","value":""}]}]}
RESULT: {"actions":[{"id":"action32","type":"key","parameters":{},"actions":[{"type":"keyDown","value":""},{"type":"pause","duration":10},{"type":"keyUp","value":""}]}]}
COMMAND: GET /session/0157ef9fabb145ee7fb2a1f3feebe51f/screenshot - {}
RESULT: {}
COMMAND: POST /session/0157ef9fabb145ee7fb2a1f3feebe51f/execute/async - {"script":"<script> [1562 bytes]","args":[{"selector":{"id":"application-manageconditionprice-display-component---conditions--smartFilterBar-filterItemControl_BASIC-BILL_TYPES-vhi"},"wdio_ui5_key":"applicationmanageconditionprice-display-component---conditions--smartFilterBar-filterItemControl_BASIC-BILL_TYPES-vhi"}]}
RESULT: {"script":"<script> [1562 bytes]","args":[{"selector":{"id":"application-manageconditionprice-display-component---conditions--smartFilterBar-filterItemControl_BASIC-BILL_TYPES-vhi"},"wdio_ui5_key":"applicationmanageconditionprice-display-component---conditions--smartFilterBar-filterItemControl_BASIC-BILL_TYPES-vhi"}]}
RESULT: undefined
COMMAND: POST /session/0157ef9fabb145ee7fb2a1f3feebe51f/element - {"using":"xpath","value":"//*[@id=\"application-manageconditionprice-display-component---conditions--smartFilterBar-filterItemControl_BASIC-BILL_TYPES-vhi\"]"}
RESULT: {"using":"xpath","value":"//*[@id=\"application-manageconditionprice-display-component---conditions--smartFilterBar-filterItemControl_BASIC-BILL_TYPES-vhi\"]"}
COMMAND: POST /session/0157ef9fabb145ee7fb2a1f3feebe51f/element/f.2D1A903BB9B117B2180C998CF94CF722.d.003A5A1609618BA2D1C7A3B22029E08B.e.10413/click - {}
RESULT: {}
COMMAND: POST /session/0157ef9fabb145ee7fb2a1f3feebe51f/execute/async - {"script":"<script> [1562 bytes]","args":[{"selector":{"id":"application-manageconditionprice-display-component---conditions--smartFilterBar-filterItemControl_BASIC-BILL_TYPES-valueHelpDialog-smartFilterBar-btnBasicSearch","searchOpenDialogs":true,"interaction":{"idSuffix":"I"}},"wdio_ui5_key":"applicationmanageconditionprice-display-component---conditions--smartFilterBar-filterItemControl_BASIC-BILL_TYPES-valueHelpDialog-smartFilterBar-btnBasicSearch"}]}
COMMAND: GET /session/0157ef9fabb145ee7fb2a1f3feebe51f/screenshot - {}
RESULT: {"script":"<script> [1562 bytes]","args":[{"selector":{"id":"application-manageconditionprice-display-component---conditions--smartFilterBar-filterItemControl_BASIC-BILL_TYPES-valueHelpDialog-smartFilterBar-btnBasicSearch","searchOpenDialogs":true,"interaction":{"idSuffix":"I"}},"wdio_ui5_key":"applicationmanageconditionprice-display-component---conditions--smartFilterBar-filterItemControl_BASIC-BILL_TYPES-valueHelpDialog-smartFilterBar-btnBasicSearch"}]}
RESULT: undefined
COMMAND: POST /session/0157ef9fabb145ee7fb2a1f3feebe51f/execute/async - {"script":"<script> [776 bytes]","args":[{"enterText":"one","selector":{"id":"application-manageconditionprice-display-component---conditions--smartFilterBar-filterItemControl_BASIC-BILL_TYPES-valueHelpDialog-smartFilterBar-btnBasicSearch","searchOpenDialogs":true,"interaction":{"idSuffix":"I"}},"clearTextFirst":true,"interactionType":"ENTER_TEXT"}]}
RESULT: {}
RESULT: {"script":"<script> [776 bytes]","args":[{"enterText":"one","selector":{"id":"application-manageconditionprice-display-component---conditions--smartFilterBar-filterItemControl_BASIC-BILL_TYPES-valueHelpDialog-smartFilterBar-btnBasicSearch","searchOpenDialogs":true,"interaction":{"idSuffix":"I"}},"clearTextFirst":true,"interactionType":"ENTER_TEXT"}]}
COMMAND: POST /session/0157ef9fabb145ee7fb2a1f3feebe51f/actions - {"actions":[{"id":"action33","type":"key","parameters":{},"actions":[{"type":"keyDown","value":""},{"type":"pause","duration":10},{"type":"keyUp","value":""}]}]}
RESULT: {"actions":[{"id":"action33","type":"key","parameters":{},"actions":[{"type":"keyDown","value":""},{"type":"pause","duration":10},{"type":"keyUp","value":""}]}]}
COMMAND: GET /session/0157ef9fabb145ee7fb2a1f3feebe51f/screenshot - {}
RESULT: {}
COMMAND: POST /session/0157ef9fabb145ee7fb2a1f3feebe51f/element - {"using":"xpath","value":"//div[contains(@id, 'application-manageconditionprice-display-component---conditions--smartFilterBar-filterItemControl_BASIC-BILL_TYPES-valueHelpDialog-table-rowsel0')]"}
RESULT: {"using":"xpath","value":"//div[contains(@id, 'application-manageconditionprice-display-component---conditions--smartFilterBar-filterItemControl_BASIC-BILL_TYPES-valueHelpDialog-table-rowsel0')]"}
COMMAND: POST /session/0157ef9fabb145ee7fb2a1f3feebe51f/element/f.2D1A903BB9B117B2180C998CF94CF722.d.003A5A1609618BA2D1C7A3B22029E08B.e.10423/click - {}
RESULT: {}
COMMAND: GET /session/0157ef9fabb145ee7fb2a1f3feebe51f/screenshot - {}
RESULT: {}
COMMAND: POST /session/0157ef9fabb145ee7fb2a1f3feebe51f/element - {"using":"xpath","value":"//bdi[contains(text(), \"OK\")]"}
RESULT: {"using":"xpath","value":"//bdi[contains(text(), \"OK\")]"}
COMMAND: POST /session/0157ef9fabb145ee7fb2a1f3feebe51f/element/f.2D1A903BB9B117B2180C998CF94CF722.d.003A5A1609618BA2D1C7A3B22029E08B.e.10425/click - {}
RESULT: {}
COMMAND: GET /session/0157ef9fabb145ee7fb2a1f3feebe51f/screenshot - {}
RESULT: {}
COMMAND: POST /session/0157ef9fabb145ee7fb2a1f3feebe51f/element - {"using":"xpath","value":"//span[@id=\"application-manageconditionprice-display-component---conditions--smartTable-header-inner\"]"}
RESULT: {"using":"xpath","value":"//span[@id=\"application-manageconditionprice-display-component---conditions--smartTable-header-inner\"]"}
COMMAND: POST /session/0157ef9fabb145ee7fb2a1f3feebe51f/elements - {"using":"xpath","value":"//span[@id=\"application-manageconditionprice-display-component---conditions--smartTable-header-inner\"]"}
RESULT: {"using":"xpath","value":"//span[@id=\"application-manageconditionprice-display-component---conditions--smartTable-header-inner\"]"}
COMMAND: POST /session/0157ef9fabb145ee7fb2a1f3feebe51f/execute/sync - {"script":"<script> [56 bytes]","args":[{"element-6066-11e4-a52e-4f735466cecf":"f.2D1A903BB9B117B2180C998CF94CF722.d.003A5A1609618BA2D1C7A3B22029E08B.e.10428","ELEMENT":"f.2D1A903BB9B117B2180C998CF94CF722.d.003A5A1609618BA2D1C7A3B22029E08B.e.10428"}]}
RESULT: {"script":"<script> [56 bytes]","args":[{"element-6066-11e4-a52e-4f735466cecf":"f.2D1A903BB9B117B2180C998CF94CF722.d.003A5A1609618BA2D1C7A3B22029E08B.e.10428","ELEMENT":"f.2D1A903BB9B117B2180C998CF94CF722.d.003A5A1609618BA2D1C7A3B22029E08B.e.10428"}]}
COMMAND: POST /session/0157ef9fabb145ee7fb2a1f3feebe51f/element - {"using":"css selector","value":"#shell-header-logo"}
COMMAND: GET /session/0157ef9fabb145ee7fb2a1f3feebe51f/screenshot - {}
RESULT: {"using":"css selector","value":"#shell-header-logo"}
COMMAND: POST /session/0157ef9fabb145ee7fb2a1f3feebe51f/element/f.2D1A903BB9B117B2180C998CF94CF722.d.003A5A1609618BA2D1C7A3B22029E08B.e.10055/click - {}
RESULT: {}
RESULT: {}
COMMAND: GET /session/0157ef9fabb145ee7fb2a1f3feebe51f/screenshot - {}
RESULT: {}
]]></system-out>
    </testcase>
    <testcase classname="chrome.135_0_7049_42.windows.Create_master_data_for_mixed_billing_&amp;_do_billing_calculation_US151661" name="Should add performance based condition" time="69.025">
      <system-out><![CDATA[
RESULT: undefined
COMMAND: POST /session/0157ef9fabb145ee7fb2a1f3feebe51f/element - {"using":"xpath","value":"//*[@id=\"__tile53-title\"]"}
RESULT: {"using":"xpath","value":"//*[@id=\"__tile53-title\"]"}
COMMAND: POST /session/0157ef9fabb145ee7fb2a1f3feebe51f/element/f.2D1A903BB9B117B2180C998CF94CF722.d.003A5A1609618BA2D1C7A3B22029E08B.e.10053/click - {}
RESULT: {}
COMMAND: POST /session/0157ef9fabb145ee7fb2a1f3feebe51f/element - {"using":"xpath","value":"//button[@aria-label=\"Create\"]"}
COMMAND: GET /session/0157ef9fabb145ee7fb2a1f3feebe51f/screenshot - {}
RESULT: {"using":"xpath","value":"//button[@aria-label=\"Create\"]"}
COMMAND: POST /session/0157ef9fabb145ee7fb2a1f3feebe51f/elements - {"using":"xpath","value":"//button[@aria-label=\"Create\"]"}
RESULT: {}
RESULT: {"using":"xpath","value":"//button[@aria-label=\"Create\"]"}
COMMAND: POST /session/0157ef9fabb145ee7fb2a1f3feebe51f/execute/sync - {"script":"<script> [8489 bytes]","args":[{"element-6066-11e4-a52e-4f735466cecf":"f.2D1A903BB9B117B2180C998CF94CF722.d.003A5A1609618BA2D1C7A3B22029E08B.e.10470","ELEMENT":"f.2D1A903BB9B117B2180C998CF94CF722.d.003A5A1609618BA2D1C7A3B22029E08B.e.10470"}]}
RESULT: {"script":"<script> [8489 bytes]","args":[{"element-6066-11e4-a52e-4f735466cecf":"f.2D1A903BB9B117B2180C998CF94CF722.d.003A5A1609618BA2D1C7A3B22029E08B.e.10470","ELEMENT":"f.2D1A903BB9B117B2180C998CF94CF722.d.003A5A1609618BA2D1C7A3B22029E08B.e.10470"}]}
COMMAND: GET /session/0157ef9fabb145ee7fb2a1f3feebe51f/element/f.2D1A903BB9B117B2180C998CF94CF722.d.003A5A1609618BA2D1C7A3B22029E08B.e.10470/enabled - {}
COMMAND: GET /session/0157ef9fabb145ee7fb2a1f3feebe51f/screenshot - {}
RESULT: {}
COMMAND: POST /session/0157ef9fabb145ee7fb2a1f3feebe51f/execute/sync - {"script":"<script> [8489 bytes]","args":[{"element-6066-11e4-a52e-4f735466cecf":"f.2D1A903BB9B117B2180C998CF94CF722.d.003A5A1609618BA2D1C7A3B22029E08B.e.10470","ELEMENT":"f.2D1A903BB9B117B2180C998CF94CF722.d.003A5A1609618BA2D1C7A3B22029E08B.e.10470"}]}
COMMAND: GET /session/0157ef9fabb145ee7fb2a1f3feebe51f/screenshot - {}
RESULT: {}
RESULT: {"script":"<script> [8489 bytes]","args":[{"element-6066-11e4-a52e-4f735466cecf":"f.2D1A903BB9B117B2180C998CF94CF722.d.003A5A1609618BA2D1C7A3B22029E08B.e.10470","ELEMENT":"f.2D1A903BB9B117B2180C998CF94CF722.d.003A5A1609618BA2D1C7A3B22029E08B.e.10470"}]}
COMMAND: POST /session/0157ef9fabb145ee7fb2a1f3feebe51f/execute/sync - {"script":"<script> [5351 bytes]","args":[{"element-6066-11e4-a52e-4f735466cecf":"f.2D1A903BB9B117B2180C998CF94CF722.d.003A5A1609618BA2D1C7A3B22029E08B.e.10470","ELEMENT":"f.2D1A903BB9B117B2180C998CF94CF722.d.003A5A1609618BA2D1C7A3B22029E08B.e.10470"}]}
COMMAND: GET /session/0157ef9fabb145ee7fb2a1f3feebe51f/screenshot - {}
RESULT: {}
RESULT: {"script":"<script> [5351 bytes]","args":[{"element-6066-11e4-a52e-4f735466cecf":"f.2D1A903BB9B117B2180C998CF94CF722.d.003A5A1609618BA2D1C7A3B22029E08B.e.10470","ELEMENT":"f.2D1A903BB9B117B2180C998CF94CF722.d.003A5A1609618BA2D1C7A3B22029E08B.e.10470"}]}
COMMAND: POST /session/0157ef9fabb145ee7fb2a1f3feebe51f/element/f.2D1A903BB9B117B2180C998CF94CF722.d.003A5A1609618BA2D1C7A3B22029E08B.e.10470/click - {}
COMMAND: GET /session/0157ef9fabb145ee7fb2a1f3feebe51f/screenshot - {}
RESULT: {}
RESULT: {}
COMMAND: GET /session/0157ef9fabb145ee7fb2a1f3feebe51f/screenshot - {}
RESULT: {}
RESULT: {}
COMMAND: POST /session/0157ef9fabb145ee7fb2a1f3feebe51f/actions - {"actions":[{"id":"action34","type":"key","parameters":{},"actions":[{"type":"keyDown","value":""},{"type":"pause","duration":10},{"type":"keyUp","value":""}]}]}
RESULT: {"actions":[{"id":"action34","type":"key","parameters":{},"actions":[{"type":"keyDown","value":""},{"type":"pause","duration":10},{"type":"keyUp","value":""}]}]}
COMMAND: GET /session/0157ef9fabb145ee7fb2a1f3feebe51f/screenshot - {}
RESULT: undefined
COMMAND: POST /session/0157ef9fabb145ee7fb2a1f3feebe51f/element - {"using":"xpath","value":"//*[@id=\"application-manageconditionprice-display-component---newCondition--condBillCond-arrow\"]"}
RESULT: {}
RESULT: {"using":"xpath","value":"//*[@id=\"application-manageconditionprice-display-component---newCondition--condBillCond-arrow\"]"}
COMMAND: POST /session/0157ef9fabb145ee7fb2a1f3feebe51f/element/f.2D1A903BB9B117B2180C998CF94CF722.d.003A5A1609618BA2D1C7A3B22029E08B.e.10943/click - {}
RESULT: {}
COMMAND: GET /session/0157ef9fabb145ee7fb2a1f3feebe51f/screenshot - {}
RESULT: {}
COMMAND: POST /session/0157ef9fabb145ee7fb2a1f3feebe51f/element - {"using":"xpath","value":"//li[.//span[contains(text(), \"PC06 - Performance Price - fuel\")]]"}
RESULT: {"using":"xpath","value":"//li[.//span[contains(text(), \"PC06 - Performance Price - fuel\")]]"}
COMMAND: POST /session/0157ef9fabb145ee7fb2a1f3feebe51f/element/f.2D1A903BB9B117B2180C998CF94CF722.d.003A5A1609618BA2D1C7A3B22029E08B.e.10946/click - {}
RESULT: {}
COMMAND: GET /session/0157ef9fabb145ee7fb2a1f3feebe51f/screenshot - {}
RESULT: {}
RESULT: undefined
COMMAND: POST /session/0157ef9fabb145ee7fb2a1f3feebe51f/execute/async - {"script":"<script> [776 bytes]","args":[{"enterText":"12/17/25","selector":{"id":"application-manageconditionprice-display-component---newCondition--condValidTo","interaction":{"idSuffix":"inner"}},"clearTextFirst":true,"interactionType":"ENTER_TEXT"}]}
RESULT: {"script":"<script> [776 bytes]","args":[{"enterText":"12/17/25","selector":{"id":"application-manageconditionprice-display-component---newCondition--condValidTo","interaction":{"idSuffix":"inner"}},"clearTextFirst":true,"interactionType":"ENTER_TEXT"}]}
COMMAND: POST /session/0157ef9fabb145ee7fb2a1f3feebe51f/element - {"using":"xpath","value":"//input[@id=\"application-manageconditionprice-display-component---newCondition--condRU-inner\"]"}
RESULT: {"using":"xpath","value":"//input[@id=\"application-manageconditionprice-display-component---newCondition--condRU-inner\"]"}
COMMAND: POST /session/0157ef9fabb145ee7fb2a1f3feebe51f/element/f.2D1A903BB9B117B2180C998CF94CF722.d.003A5A1609618BA2D1C7A3B22029E08B.e.10672/clear - {}
RESULT: {}
COMMAND: POST /session/0157ef9fabb145ee7fb2a1f3feebe51f/element/f.2D1A903BB9B117B2180C998CF94CF722.d.003A5A1609618BA2D1C7A3B22029E08B.e.10672/value - {"text":"IbSpUo49j6"}
COMMAND: GET /session/0157ef9fabb145ee7fb2a1f3feebe51f/screenshot - {}
RESULT: {"text":"IbSpUo49j6"}
COMMAND: GET /session/0157ef9fabb145ee7fb2a1f3feebe51f/screenshot - {}
RESULT: {}
RESULT: {}
COMMAND: POST /session/0157ef9fabb145ee7fb2a1f3feebe51f/actions - {"actions":[{"id":"action35","type":"key","parameters":{},"actions":[{"type":"keyDown","value":""},{"type":"pause","duration":10},{"type":"keyUp","value":""}]}]}
RESULT: {"actions":[{"id":"action35","type":"key","parameters":{},"actions":[{"type":"keyDown","value":""},{"type":"pause","duration":10},{"type":"keyUp","value":""}]}]}
RESULT: undefined
COMMAND: POST /session/0157ef9fabb145ee7fb2a1f3feebe51f/execute/async - {"script":"<script> [776 bytes]","args":[{"enterText":"1","selector":{"id":"application-manageconditionprice-display-component---newCondition--condBaseQty","interaction":{"idSuffix":"inner"}},"clearTextFirst":true,"interactionType":"ENTER_TEXT"}]}
COMMAND: GET /session/0157ef9fabb145ee7fb2a1f3feebe51f/screenshot - {}
RESULT: {"script":"<script> [776 bytes]","args":[{"enterText":"1","selector":{"id":"application-manageconditionprice-display-component---newCondition--condBaseQty","interaction":{"idSuffix":"inner"}},"clearTextFirst":true,"interactionType":"ENTER_TEXT"}]}
RESULT: undefined
COMMAND: POST /session/0157ef9fabb145ee7fb2a1f3feebe51f/execute/async - {"script":"<script> [776 bytes]","args":[{"enterText":"10","selector":{"id":"application-manageconditionprice-display-component---newCondition--condValue","interaction":{"idSuffix":"inner"}},"clearTextFirst":true,"interactionType":"ENTER_TEXT"}]}
RESULT: {}
RESULT: {"script":"<script> [776 bytes]","args":[{"enterText":"10","selector":{"id":"application-manageconditionprice-display-component---newCondition--condValue","interaction":{"idSuffix":"inner"}},"clearTextFirst":true,"interactionType":"ENTER_TEXT"}]}
RESULT: undefined
COMMAND: POST /session/0157ef9fabb145ee7fb2a1f3feebe51f/element - {"using":"xpath","value":"//*[@id=\"application-manageconditionprice-display-component---newCondition--condCurr-arrow\"]"}
RESULT: {"using":"xpath","value":"//*[@id=\"application-manageconditionprice-display-component---newCondition--condCurr-arrow\"]"}
COMMAND: POST /session/0157ef9fabb145ee7fb2a1f3feebe51f/element/f.2D1A903BB9B117B2180C998CF94CF722.d.003A5A1609618BA2D1C7A3B22029E08B.e.10896/click - {}
RESULT: {}
COMMAND: POST /session/0157ef9fabb145ee7fb2a1f3feebe51f/element - {"using":"xpath","value":"//span[contains(text(), \"Euro\")]"}
COMMAND: GET /session/0157ef9fabb145ee7fb2a1f3feebe51f/screenshot - {}
RESULT: {"using":"xpath","value":"//span[contains(text(), \"Euro\")]"}
COMMAND: POST /session/0157ef9fabb145ee7fb2a1f3feebe51f/element/f.2D1A903BB9B117B2180C998CF94CF722.d.003A5A1609618BA2D1C7A3B22029E08B.e.10981/click - {}
RESULT: {}
RESULT: {}
COMMAND: POST /session/0157ef9fabb145ee7fb2a1f3feebe51f/element - {"using":"xpath","value":"//button[@data-kt=\"saveButton\"]"}
COMMAND: GET /session/0157ef9fabb145ee7fb2a1f3feebe51f/screenshot - {}
RESULT: {"using":"xpath","value":"//button[@data-kt=\"saveButton\"]"}
COMMAND: POST /session/0157ef9fabb145ee7fb2a1f3feebe51f/element/f.2D1A903BB9B117B2180C998CF94CF722.d.003A5A1609618BA2D1C7A3B22029E08B.e.10897/click - {}
RESULT: {}
RESULT: {}
COMMAND: GET /session/0157ef9fabb145ee7fb2a1f3feebe51f/screenshot - {}
RESULT: {}
RESULT: undefined
COMMAND: POST /session/0157ef9fabb145ee7fb2a1f3feebe51f/execute/async - {"script":"<script> [776 bytes]","args":[{"enterText":"IbSpUo49j6","selector":{"id":"application-manageconditionprice-display-component---conditions--smartFilterBar-btnBasicSearch","interaction":{"idSuffix":"I"}},"clearTextFirst":true,"interactionType":"ENTER_TEXT"}]}
RESULT: {"script":"<script> [776 bytes]","args":[{"enterText":"IbSpUo49j6","selector":{"id":"application-manageconditionprice-display-component---conditions--smartFilterBar-btnBasicSearch","interaction":{"idSuffix":"I"}},"clearTextFirst":true,"interactionType":"ENTER_TEXT"}]}
COMMAND: POST /session/0157ef9fabb145ee7fb2a1f3feebe51f/actions - {"actions":[{"id":"action36","type":"key","parameters":{},"actions":[{"type":"keyDown","value":""},{"type":"pause","duration":10},{"type":"keyUp","value":""}]}]}
RESULT: {"actions":[{"id":"action36","type":"key","parameters":{},"actions":[{"type":"keyDown","value":""},{"type":"pause","duration":10},{"type":"keyUp","value":""}]}]}
COMMAND: GET /session/0157ef9fabb145ee7fb2a1f3feebe51f/screenshot - {}
RESULT: {}
RESULT: undefined
COMMAND: POST /session/0157ef9fabb145ee7fb2a1f3feebe51f/element - {"using":"xpath","value":"//*[@id=\"application-manageconditionprice-display-component---conditions--smartFilterBar-filterItemControl_BASIC-BILL_TYPES-vhi\"]"}
RESULT: {"using":"xpath","value":"//*[@id=\"application-manageconditionprice-display-component---conditions--smartFilterBar-filterItemControl_BASIC-BILL_TYPES-vhi\"]"}
COMMAND: POST /session/0157ef9fabb145ee7fb2a1f3feebe51f/element/f.2D1A903BB9B117B2180C998CF94CF722.d.003A5A1609618BA2D1C7A3B22029E08B.e.11234/click - {}
RESULT: {}
RESULT: undefined
COMMAND: POST /session/0157ef9fabb145ee7fb2a1f3feebe51f/execute/async - {"script":"<script> [776 bytes]","args":[{"enterText":"PB","selector":{"id":"application-manageconditionprice-display-component---conditions--smartFilterBar-filterItemControl_BASIC-BILL_TYPES-valueHelpDialog-smartFilterBar-btnBasicSearch","searchOpenDialogs":true,"interaction":{"idSuffix":"I"}},"clearTextFirst":true,"interactionType":"ENTER_TEXT"}]}
COMMAND: GET /session/0157ef9fabb145ee7fb2a1f3feebe51f/screenshot - {}
RESULT: {"script":"<script> [776 bytes]","args":[{"enterText":"PB","selector":{"id":"application-manageconditionprice-display-component---conditions--smartFilterBar-filterItemControl_BASIC-BILL_TYPES-valueHelpDialog-smartFilterBar-btnBasicSearch","searchOpenDialogs":true,"interaction":{"idSuffix":"I"}},"clearTextFirst":true,"interactionType":"ENTER_TEXT"}]}
COMMAND: POST /session/0157ef9fabb145ee7fb2a1f3feebe51f/actions - {"actions":[{"id":"action37","type":"key","parameters":{},"actions":[{"type":"keyDown","value":""},{"type":"pause","duration":10},{"type":"keyUp","value":""}]}]}
RESULT: {}
RESULT: {"actions":[{"id":"action37","type":"key","parameters":{},"actions":[{"type":"keyDown","value":""},{"type":"pause","duration":10},{"type":"keyUp","value":""}]}]}
COMMAND: GET /session/0157ef9fabb145ee7fb2a1f3feebe51f/screenshot - {}
RESULT: {}
COMMAND: POST /session/0157ef9fabb145ee7fb2a1f3feebe51f/element - {"using":"xpath","value":"//div[contains(@id, 'application-manageconditionprice-display-component---conditions--smartFilterBar-filterItemControl_BASIC-BILL_TYPES-valueHelpDialog-table-rowsel0')]"}
RESULT: {"using":"xpath","value":"//div[contains(@id, 'application-manageconditionprice-display-component---conditions--smartFilterBar-filterItemControl_BASIC-BILL_TYPES-valueHelpDialog-table-rowsel0')]"}
COMMAND: POST /session/0157ef9fabb145ee7fb2a1f3feebe51f/element/f.2D1A903BB9B117B2180C998CF94CF722.d.003A5A1609618BA2D1C7A3B22029E08B.e.11242/click - {}
RESULT: {}
COMMAND: GET /session/0157ef9fabb145ee7fb2a1f3feebe51f/screenshot - {}
COMMAND: POST /session/0157ef9fabb145ee7fb2a1f3feebe51f/element - {"using":"xpath","value":"//bdi[contains(text(), \"OK\")]"}
RESULT: {}
RESULT: {"using":"xpath","value":"//bdi[contains(text(), \"OK\")]"}
COMMAND: POST /session/0157ef9fabb145ee7fb2a1f3feebe51f/element/f.2D1A903BB9B117B2180C998CF94CF722.d.003A5A1609618BA2D1C7A3B22029E08B.e.11244/click - {}
RESULT: {}
COMMAND: GET /session/0157ef9fabb145ee7fb2a1f3feebe51f/screenshot - {}
RESULT: {}
COMMAND: POST /session/0157ef9fabb145ee7fb2a1f3feebe51f/element - {"using":"xpath","value":"//span[@id=\"application-manageconditionprice-display-component---conditions--smartTable-header-inner\"]"}
RESULT: {"using":"xpath","value":"//span[@id=\"application-manageconditionprice-display-component---conditions--smartTable-header-inner\"]"}
COMMAND: POST /session/0157ef9fabb145ee7fb2a1f3feebe51f/elements - {"using":"xpath","value":"//span[@id=\"application-manageconditionprice-display-component---conditions--smartTable-header-inner\"]"}
RESULT: {"using":"xpath","value":"//span[@id=\"application-manageconditionprice-display-component---conditions--smartTable-header-inner\"]"}
COMMAND: POST /session/0157ef9fabb145ee7fb2a1f3feebe51f/execute/sync - {"script":"<script> [56 bytes]","args":[{"element-6066-11e4-a52e-4f735466cecf":"f.2D1A903BB9B117B2180C998CF94CF722.d.003A5A1609618BA2D1C7A3B22029E08B.e.11248","ELEMENT":"f.2D1A903BB9B117B2180C998CF94CF722.d.003A5A1609618BA2D1C7A3B22029E08B.e.11248"}]}
RESULT: {"script":"<script> [56 bytes]","args":[{"element-6066-11e4-a52e-4f735466cecf":"f.2D1A903BB9B117B2180C998CF94CF722.d.003A5A1609618BA2D1C7A3B22029E08B.e.11248","ELEMENT":"f.2D1A903BB9B117B2180C998CF94CF722.d.003A5A1609618BA2D1C7A3B22029E08B.e.11248"}]}
COMMAND: POST /session/0157ef9fabb145ee7fb2a1f3feebe51f/element - {"using":"css selector","value":"#shell-header-logo"}
COMMAND: GET /session/0157ef9fabb145ee7fb2a1f3feebe51f/screenshot - {}
RESULT: {"using":"css selector","value":"#shell-header-logo"}
COMMAND: POST /session/0157ef9fabb145ee7fb2a1f3feebe51f/element/f.2D1A903BB9B117B2180C998CF94CF722.d.003A5A1609618BA2D1C7A3B22029E08B.e.10436/click - {}
RESULT: {}
RESULT: {}
COMMAND: GET /session/0157ef9fabb145ee7fb2a1f3feebe51f/screenshot - {}
RESULT: {}
]]></system-out>
    </testcase>
    <testcase classname="chrome.135_0_7049_42.windows.Create_master_data_for_mixed_billing_&amp;_do_billing_calculation_US151661" name="Should add time based condition" time="77.422">
      <system-out><![CDATA[
RESULT: undefined
COMMAND: POST /session/0157ef9fabb145ee7fb2a1f3feebe51f/element - {"using":"xpath","value":"//*[@id=\"__tile53-title\"]"}
RESULT: {"using":"xpath","value":"//*[@id=\"__tile53-title\"]"}
COMMAND: POST /session/0157ef9fabb145ee7fb2a1f3feebe51f/element/f.2D1A903BB9B117B2180C998CF94CF722.d.003A5A1609618BA2D1C7A3B22029E08B.e.10053/click - {}
RESULT: {}
COMMAND: POST /session/0157ef9fabb145ee7fb2a1f3feebe51f/element - {"using":"xpath","value":"//button[@aria-label=\"Create\"]"}
COMMAND: GET /session/0157ef9fabb145ee7fb2a1f3feebe51f/screenshot - {}
RESULT: {"using":"xpath","value":"//button[@aria-label=\"Create\"]"}
COMMAND: POST /session/0157ef9fabb145ee7fb2a1f3feebe51f/elements - {"using":"xpath","value":"//button[@aria-label=\"Create\"]"}
RESULT: {}
RESULT: {"using":"xpath","value":"//button[@aria-label=\"Create\"]"}
COMMAND: POST /session/0157ef9fabb145ee7fb2a1f3feebe51f/execute/sync - {"script":"<script> [8489 bytes]","args":[{"element-6066-11e4-a52e-4f735466cecf":"f.2D1A903BB9B117B2180C998CF94CF722.d.003A5A1609618BA2D1C7A3B22029E08B.e.11287","ELEMENT":"f.2D1A903BB9B117B2180C998CF94CF722.d.003A5A1609618BA2D1C7A3B22029E08B.e.11287"}]}
RESULT: {"script":"<script> [8489 bytes]","args":[{"element-6066-11e4-a52e-4f735466cecf":"f.2D1A903BB9B117B2180C998CF94CF722.d.003A5A1609618BA2D1C7A3B22029E08B.e.11287","ELEMENT":"f.2D1A903BB9B117B2180C998CF94CF722.d.003A5A1609618BA2D1C7A3B22029E08B.e.11287"}]}
COMMAND: GET /session/0157ef9fabb145ee7fb2a1f3feebe51f/element/f.2D1A903BB9B117B2180C998CF94CF722.d.003A5A1609618BA2D1C7A3B22029E08B.e.11287/enabled - {}
COMMAND: GET /session/0157ef9fabb145ee7fb2a1f3feebe51f/screenshot - {}
RESULT: {}
COMMAND: POST /session/0157ef9fabb145ee7fb2a1f3feebe51f/execute/sync - {"script":"<script> [8489 bytes]","args":[{"element-6066-11e4-a52e-4f735466cecf":"f.2D1A903BB9B117B2180C998CF94CF722.d.003A5A1609618BA2D1C7A3B22029E08B.e.11287","ELEMENT":"f.2D1A903BB9B117B2180C998CF94CF722.d.003A5A1609618BA2D1C7A3B22029E08B.e.11287"}]}
COMMAND: GET /session/0157ef9fabb145ee7fb2a1f3feebe51f/screenshot - {}
RESULT: {}
RESULT: {"script":"<script> [8489 bytes]","args":[{"element-6066-11e4-a52e-4f735466cecf":"f.2D1A903BB9B117B2180C998CF94CF722.d.003A5A1609618BA2D1C7A3B22029E08B.e.11287","ELEMENT":"f.2D1A903BB9B117B2180C998CF94CF722.d.003A5A1609618BA2D1C7A3B22029E08B.e.11287"}]}
COMMAND: POST /session/0157ef9fabb145ee7fb2a1f3feebe51f/execute/sync - {"script":"<script> [5351 bytes]","args":[{"element-6066-11e4-a52e-4f735466cecf":"f.2D1A903BB9B117B2180C998CF94CF722.d.003A5A1609618BA2D1C7A3B22029E08B.e.11287","ELEMENT":"f.2D1A903BB9B117B2180C998CF94CF722.d.003A5A1609618BA2D1C7A3B22029E08B.e.11287"}]}
COMMAND: GET /session/0157ef9fabb145ee7fb2a1f3feebe51f/screenshot - {}
RESULT: {}
RESULT: {"script":"<script> [5351 bytes]","args":[{"element-6066-11e4-a52e-4f735466cecf":"f.2D1A903BB9B117B2180C998CF94CF722.d.003A5A1609618BA2D1C7A3B22029E08B.e.11287","ELEMENT":"f.2D1A903BB9B117B2180C998CF94CF722.d.003A5A1609618BA2D1C7A3B22029E08B.e.11287"}]}
COMMAND: POST /session/0157ef9fabb145ee7fb2a1f3feebe51f/element/f.2D1A903BB9B117B2180C998CF94CF722.d.003A5A1609618BA2D1C7A3B22029E08B.e.11287/click - {}
COMMAND: GET /session/0157ef9fabb145ee7fb2a1f3feebe51f/screenshot - {}
RESULT: {}
RESULT: {}
COMMAND: GET /session/0157ef9fabb145ee7fb2a1f3feebe51f/screenshot - {}
RESULT: {}
RESULT: {}
COMMAND: POST /session/0157ef9fabb145ee7fb2a1f3feebe51f/actions - {"actions":[{"id":"action38","type":"key","parameters":{},"actions":[{"type":"keyDown","value":""},{"type":"pause","duration":10},{"type":"keyUp","value":""}]}]}
RESULT: {"actions":[{"id":"action38","type":"key","parameters":{},"actions":[{"type":"keyDown","value":""},{"type":"pause","duration":10},{"type":"keyUp","value":""}]}]}
COMMAND: GET /session/0157ef9fabb145ee7fb2a1f3feebe51f/screenshot - {}
RESULT: {}
RESULT: undefined
COMMAND: POST /session/0157ef9fabb145ee7fb2a1f3feebe51f/element - {"using":"xpath","value":"//*[@id=\"application-manageconditionprice-display-component---newCondition--condBillCond-arrow\"]"}
RESULT: {"using":"xpath","value":"//*[@id=\"application-manageconditionprice-display-component---newCondition--condBillCond-arrow\"]"}
COMMAND: POST /session/0157ef9fabb145ee7fb2a1f3feebe51f/element/f.2D1A903BB9B117B2180C998CF94CF722.d.003A5A1609618BA2D1C7A3B22029E08B.e.11763/click - {}
RESULT: {}
COMMAND: GET /session/0157ef9fabb145ee7fb2a1f3feebe51f/screenshot - {}
RESULT: {}
COMMAND: POST /session/0157ef9fabb145ee7fb2a1f3feebe51f/element - {"using":"xpath","value":"//li[.//span[contains(text(), \"DISP - D&I special price\")]]"}
RESULT: {"using":"xpath","value":"//li[.//span[contains(text(), \"DISP - D&I special price\")]]"}
COMMAND: POST /session/0157ef9fabb145ee7fb2a1f3feebe51f/element/f.2D1A903BB9B117B2180C998CF94CF722.d.003A5A1609618BA2D1C7A3B22029E08B.e.11766/click - {}
RESULT: {}
COMMAND: GET /session/0157ef9fabb145ee7fb2a1f3feebe51f/screenshot - {}
RESULT: {}
RESULT: undefined
COMMAND: POST /session/0157ef9fabb145ee7fb2a1f3feebe51f/execute/async - {"script":"<script> [776 bytes]","args":[{"enterText":"12/17/25","selector":{"id":"application-manageconditionprice-display-component---newCondition--condValidTo","interaction":{"idSuffix":"inner"}},"clearTextFirst":true,"interactionType":"ENTER_TEXT"}]}
RESULT: {"script":"<script> [776 bytes]","args":[{"enterText":"12/17/25","selector":{"id":"application-manageconditionprice-display-component---newCondition--condValidTo","interaction":{"idSuffix":"inner"}},"clearTextFirst":true,"interactionType":"ENTER_TEXT"}]}
COMMAND: POST /session/0157ef9fabb145ee7fb2a1f3feebe51f/element - {"using":"xpath","value":"//input[@id=\"application-manageconditionprice-display-component---newCondition--condRU-inner\"]"}
RESULT: {"using":"xpath","value":"//input[@id=\"application-manageconditionprice-display-component---newCondition--condRU-inner\"]"}
COMMAND: POST /session/0157ef9fabb145ee7fb2a1f3feebe51f/element/f.2D1A903BB9B117B2180C998CF94CF722.d.003A5A1609618BA2D1C7A3B22029E08B.e.11488/clear - {}
RESULT: {}
COMMAND: POST /session/0157ef9fabb145ee7fb2a1f3feebe51f/element/f.2D1A903BB9B117B2180C998CF94CF722.d.003A5A1609618BA2D1C7A3B22029E08B.e.11488/value - {"text":"IbSpUo49j6"}
COMMAND: GET /session/0157ef9fabb145ee7fb2a1f3feebe51f/screenshot - {}
RESULT: {"text":"IbSpUo49j6"}
COMMAND: GET /session/0157ef9fabb145ee7fb2a1f3feebe51f/screenshot - {}
RESULT: {}
RESULT: {}
COMMAND: POST /session/0157ef9fabb145ee7fb2a1f3feebe51f/actions - {"actions":[{"id":"action39","type":"key","parameters":{},"actions":[{"type":"keyDown","value":""},{"type":"pause","duration":10},{"type":"keyUp","value":""}]}]}
RESULT: {"actions":[{"id":"action39","type":"key","parameters":{},"actions":[{"type":"keyDown","value":""},{"type":"pause","duration":10},{"type":"keyUp","value":""}]}]}
RESULT: undefined
COMMAND: POST /session/0157ef9fabb145ee7fb2a1f3feebe51f/execute/async - {"script":"<script> [776 bytes]","args":[{"enterText":"1","selector":{"id":"application-manageconditionprice-display-component---newCondition--condBaseQty","interaction":{"idSuffix":"inner"}},"clearTextFirst":true,"interactionType":"ENTER_TEXT"}]}
COMMAND: GET /session/0157ef9fabb145ee7fb2a1f3feebe51f/screenshot - {}
RESULT: {"script":"<script> [776 bytes]","args":[{"enterText":"1","selector":{"id":"application-manageconditionprice-display-component---newCondition--condBaseQty","interaction":{"idSuffix":"inner"}},"clearTextFirst":true,"interactionType":"ENTER_TEXT"}]}
RESULT: undefined
COMMAND: POST /session/0157ef9fabb145ee7fb2a1f3feebe51f/execute/async - {"script":"<script> [776 bytes]","args":[{"enterText":"100","selector":{"id":"application-manageconditionprice-display-component---newCondition--condValue","interaction":{"idSuffix":"inner"}},"clearTextFirst":true,"interactionType":"ENTER_TEXT"}]}
RESULT: {}
RESULT: {"script":"<script> [776 bytes]","args":[{"enterText":"100","selector":{"id":"application-manageconditionprice-display-component---newCondition--condValue","interaction":{"idSuffix":"inner"}},"clearTextFirst":true,"interactionType":"ENTER_TEXT"}]}
RESULT: undefined
COMMAND: POST /session/0157ef9fabb145ee7fb2a1f3feebe51f/element - {"using":"xpath","value":"//*[@id=\"application-manageconditionprice-display-component---newCondition--condCurr-arrow\"]"}
RESULT: {"using":"xpath","value":"//*[@id=\"application-manageconditionprice-display-component---newCondition--condCurr-arrow\"]"}
COMMAND: POST /session/0157ef9fabb145ee7fb2a1f3feebe51f/element/f.2D1A903BB9B117B2180C998CF94CF722.d.003A5A1609618BA2D1C7A3B22029E08B.e.11726/click - {}
RESULT: {}
COMMAND: POST /session/0157ef9fabb145ee7fb2a1f3feebe51f/element - {"using":"xpath","value":"//span[contains(text(), \"Euro\")]"}
COMMAND: GET /session/0157ef9fabb145ee7fb2a1f3feebe51f/screenshot - {}
RESULT: {"using":"xpath","value":"//span[contains(text(), \"Euro\")]"}
COMMAND: POST /session/0157ef9fabb145ee7fb2a1f3feebe51f/element/f.2D1A903BB9B117B2180C998CF94CF722.d.003A5A1609618BA2D1C7A3B22029E08B.e.11801/click - {}
RESULT: {}
RESULT: {}
COMMAND: POST /session/0157ef9fabb145ee7fb2a1f3feebe51f/element - {"using":"xpath","value":"//button[@data-kt=\"saveButton\"]"}
COMMAND: GET /session/0157ef9fabb145ee7fb2a1f3feebe51f/screenshot - {}
RESULT: {"using":"xpath","value":"//button[@data-kt=\"saveButton\"]"}
COMMAND: POST /session/0157ef9fabb145ee7fb2a1f3feebe51f/element/f.2D1A903BB9B117B2180C998CF94CF722.d.003A5A1609618BA2D1C7A3B22029E08B.e.11727/click - {}
RESULT: {}
RESULT: {}
COMMAND: GET /session/0157ef9fabb145ee7fb2a1f3feebe51f/screenshot - {}
RESULT: {}
RESULT: undefined
COMMAND: POST /session/0157ef9fabb145ee7fb2a1f3feebe51f/execute/async - {"script":"<script> [776 bytes]","args":[{"enterText":"IbSpUo49j6","selector":{"id":"application-manageconditionprice-display-component---conditions--smartFilterBar-btnBasicSearch","interaction":{"idSuffix":"I"}},"clearTextFirst":true,"interactionType":"ENTER_TEXT"}]}
RESULT: {"script":"<script> [776 bytes]","args":[{"enterText":"IbSpUo49j6","selector":{"id":"application-manageconditionprice-display-component---conditions--smartFilterBar-btnBasicSearch","interaction":{"idSuffix":"I"}},"clearTextFirst":true,"interactionType":"ENTER_TEXT"}]}
COMMAND: POST /session/0157ef9fabb145ee7fb2a1f3feebe51f/actions - {"actions":[{"id":"action40","type":"key","parameters":{},"actions":[{"type":"keyDown","value":""},{"type":"pause","duration":10},{"type":"keyUp","value":""}]}]}
RESULT: {"actions":[{"id":"action40","type":"key","parameters":{},"actions":[{"type":"keyDown","value":""},{"type":"pause","duration":10},{"type":"keyUp","value":""}]}]}
COMMAND: GET /session/0157ef9fabb145ee7fb2a1f3feebe51f/screenshot - {}
RESULT: {}
RESULT: undefined
COMMAND: POST /session/0157ef9fabb145ee7fb2a1f3feebe51f/element - {"using":"xpath","value":"//*[@id=\"application-manageconditionprice-display-component---conditions--smartFilterBar-filterItemControl_BASIC-BILL_TYPES-vhi\"]"}
RESULT: {"using":"xpath","value":"//*[@id=\"application-manageconditionprice-display-component---conditions--smartFilterBar-filterItemControl_BASIC-BILL_TYPES-vhi\"]"}
COMMAND: POST /session/0157ef9fabb145ee7fb2a1f3feebe51f/element/f.2D1A903BB9B117B2180C998CF94CF722.d.003A5A1609618BA2D1C7A3B22029E08B.e.11832/click - {}
RESULT: {}
RESULT: undefined
COMMAND: POST /session/0157ef9fabb145ee7fb2a1f3feebe51f/execute/async - {"script":"<script> [776 bytes]","args":[{"enterText":"TB","selector":{"id":"application-manageconditionprice-display-component---conditions--smartFilterBar-filterItemControl_BASIC-BILL_TYPES-valueHelpDialog-smartFilterBar-btnBasicSearch","searchOpenDialogs":true,"interaction":{"idSuffix":"I"}},"clearTextFirst":true,"interactionType":"ENTER_TEXT"}]}
COMMAND: GET /session/0157ef9fabb145ee7fb2a1f3feebe51f/screenshot - {}
RESULT: {"script":"<script> [776 bytes]","args":[{"enterText":"TB","selector":{"id":"application-manageconditionprice-display-component---conditions--smartFilterBar-filterItemControl_BASIC-BILL_TYPES-valueHelpDialog-smartFilterBar-btnBasicSearch","searchOpenDialogs":true,"interaction":{"idSuffix":"I"}},"clearTextFirst":true,"interactionType":"ENTER_TEXT"}]}
COMMAND: POST /session/0157ef9fabb145ee7fb2a1f3feebe51f/actions - {"actions":[{"id":"action41","type":"key","parameters":{},"actions":[{"type":"keyDown","value":""},{"type":"pause","duration":10},{"type":"keyUp","value":""}]}]}
RESULT: {}
RESULT: {"actions":[{"id":"action41","type":"key","parameters":{},"actions":[{"type":"keyDown","value":""},{"type":"pause","duration":10},{"type":"keyUp","value":""}]}]}
COMMAND: GET /session/0157ef9fabb145ee7fb2a1f3feebe51f/screenshot - {}
RESULT: {}
COMMAND: POST /session/0157ef9fabb145ee7fb2a1f3feebe51f/element - {"using":"xpath","value":"//div[contains(@id, 'application-manageconditionprice-display-component---conditions--smartFilterBar-filterItemControl_BASIC-BILL_TYPES-valueHelpDialog-table-rowsel0')]"}
RESULT: {"using":"xpath","value":"//div[contains(@id, 'application-manageconditionprice-display-component---conditions--smartFilterBar-filterItemControl_BASIC-BILL_TYPES-valueHelpDialog-table-rowsel0')]"}
COMMAND: POST /session/0157ef9fabb145ee7fb2a1f3feebe51f/element/f.2D1A903BB9B117B2180C998CF94CF722.d.003A5A1609618BA2D1C7A3B22029E08B.e.11840/click - {}
RESULT: {}
COMMAND: GET /session/0157ef9fabb145ee7fb2a1f3feebe51f/screenshot - {}
RESULT: {}
COMMAND: POST /session/0157ef9fabb145ee7fb2a1f3feebe51f/element - {"using":"xpath","value":"//bdi[contains(text(), \"OK\")]"}
RESULT: {"using":"xpath","value":"//bdi[contains(text(), \"OK\")]"}
COMMAND: POST /session/0157ef9fabb145ee7fb2a1f3feebe51f/element/f.2D1A903BB9B117B2180C998CF94CF722.d.003A5A1609618BA2D1C7A3B22029E08B.e.11842/click - {}
RESULT: {}
COMMAND: GET /session/0157ef9fabb145ee7fb2a1f3feebe51f/screenshot - {}
RESULT: {}
COMMAND: POST /session/0157ef9fabb145ee7fb2a1f3feebe51f/element - {"using":"xpath","value":"//span[@id=\"application-manageconditionprice-display-component---conditions--smartTable-header-inner\"]"}
RESULT: {"using":"xpath","value":"//span[@id=\"application-manageconditionprice-display-component---conditions--smartTable-header-inner\"]"}
COMMAND: POST /session/0157ef9fabb145ee7fb2a1f3feebe51f/elements - {"using":"xpath","value":"//span[@id=\"application-manageconditionprice-display-component---conditions--smartTable-header-inner\"]"}
RESULT: {"using":"xpath","value":"//span[@id=\"application-manageconditionprice-display-component---conditions--smartTable-header-inner\"]"}
COMMAND: POST /session/0157ef9fabb145ee7fb2a1f3feebe51f/execute/sync - {"script":"<script> [56 bytes]","args":[{"element-6066-11e4-a52e-4f735466cecf":"f.2D1A903BB9B117B2180C998CF94CF722.d.003A5A1609618BA2D1C7A3B22029E08B.e.11851","ELEMENT":"f.2D1A903BB9B117B2180C998CF94CF722.d.003A5A1609618BA2D1C7A3B22029E08B.e.11851"}]}
RESULT: {"script":"<script> [56 bytes]","args":[{"element-6066-11e4-a52e-4f735466cecf":"f.2D1A903BB9B117B2180C998CF94CF722.d.003A5A1609618BA2D1C7A3B22029E08B.e.11851","ELEMENT":"f.2D1A903BB9B117B2180C998CF94CF722.d.003A5A1609618BA2D1C7A3B22029E08B.e.11851"}]}
COMMAND: POST /session/0157ef9fabb145ee7fb2a1f3feebe51f/element - {"using":"css selector","value":"#shell-header-logo"}
COMMAND: GET /session/0157ef9fabb145ee7fb2a1f3feebe51f/screenshot - {}
RESULT: {"using":"css selector","value":"#shell-header-logo"}
COMMAND: POST /session/0157ef9fabb145ee7fb2a1f3feebe51f/element/f.2D1A903BB9B117B2180C998CF94CF722.d.003A5A1609618BA2D1C7A3B22029E08B.e.11253/click - {}
RESULT: {}
RESULT: {}
COMMAND: GET /session/0157ef9fabb145ee7fb2a1f3feebe51f/screenshot - {}
RESULT: {}
]]></system-out>
    </testcase>
    <testcase classname="chrome.135_0_7049_42.windows.Create_master_data_for_mixed_billing_&amp;_do_billing_calculation_US151661" name="Should do a stock increase handover" time="94.128">
      <system-out><![CDATA[
COMMAND: POST /session/0157ef9fabb145ee7fb2a1f3feebe51f/execute/async - {"script":"<script> [1562 bytes]","args":[{"selector":{"controlType":"sap.m.Text","viewName":"etm.portal.ui.managehandoverstile.view.Master","properties":{"text":"Manage Handovers"},"interaction":{"idSuffix":"inner"}},"wdio_ui5_key":"etmportal.ui.managehandoverstile.view.Mastersap.m.Text{\"text\":\"Manage Handovers\"}"}]}
RESULT: {"script":"<script> [1562 bytes]","args":[{"selector":{"controlType":"sap.m.Text","viewName":"etm.portal.ui.managehandoverstile.view.Master","properties":{"text":"Manage Handovers"},"interaction":{"idSuffix":"inner"}},"wdio_ui5_key":"etmportal.ui.managehandoverstile.view.Mastersap.m.Text{\"text\":\"Manage Handovers\"}"}]}
RESULT: undefined
COMMAND: POST /session/0157ef9fabb145ee7fb2a1f3feebe51f/element - {"using":"xpath","value":"//*[@id=\"__tile131-title\"]"}
RESULT: {"using":"xpath","value":"//*[@id=\"__tile131-title\"]"}
COMMAND: POST /session/0157ef9fabb145ee7fb2a1f3feebe51f/element/f.2D1A903BB9B117B2180C998CF94CF722.d.003A5A1609618BA2D1C7A3B22029E08B.e.11854/click - {}
RESULT: {}
COMMAND: POST /session/0157ef9fabb145ee7fb2a1f3feebe51f/element - {"using":"xpath","value":"//button[@data-kt=\"masterHOAddButton\"]"}
COMMAND: GET /session/0157ef9fabb145ee7fb2a1f3feebe51f/screenshot - {}
RESULT: {"using":"xpath","value":"//button[@data-kt=\"masterHOAddButton\"]"}
COMMAND: POST /session/0157ef9fabb145ee7fb2a1f3feebe51f/elements - {"using":"xpath","value":"//button[@data-kt=\"masterHOAddButton\"]"}
RESULT: {}
RESULT: {"using":"xpath","value":"//button[@data-kt=\"masterHOAddButton\"]"}
COMMAND: POST /session/0157ef9fabb145ee7fb2a1f3feebe51f/elements - {"using":"xpath","value":"//button[@data-kt=\"masterHOAddButton\"]"}
RESULT: {"using":"xpath","value":"//button[@data-kt=\"masterHOAddButton\"]"}
COMMAND: POST /session/0157ef9fabb145ee7fb2a1f3feebe51f/elements - {"using":"xpath","value":"//button[@data-kt=\"masterHOAddButton\"]"}
RESULT: {"using":"xpath","value":"//button[@data-kt=\"masterHOAddButton\"]"}
COMMAND: POST /session/0157ef9fabb145ee7fb2a1f3feebe51f/elements - {"using":"xpath","value":"//button[@data-kt=\"masterHOAddButton\"]"}
RESULT: {"using":"xpath","value":"//button[@data-kt=\"masterHOAddButton\"]"}
COMMAND: POST /session/0157ef9fabb145ee7fb2a1f3feebe51f/elements - {"using":"xpath","value":"//button[@data-kt=\"masterHOAddButton\"]"}
RESULT: {"using":"xpath","value":"//button[@data-kt=\"masterHOAddButton\"]"}
COMMAND: POST /session/0157ef9fabb145ee7fb2a1f3feebe51f/elements - {"using":"xpath","value":"//button[@data-kt=\"masterHOAddButton\"]"}
RESULT: {"using":"xpath","value":"//button[@data-kt=\"masterHOAddButton\"]"}
COMMAND: POST /session/0157ef9fabb145ee7fb2a1f3feebe51f/elements - {"using":"xpath","value":"//button[@data-kt=\"masterHOAddButton\"]"}
RESULT: {"using":"xpath","value":"//button[@data-kt=\"masterHOAddButton\"]"}
COMMAND: POST /session/0157ef9fabb145ee7fb2a1f3feebe51f/elements - {"using":"xpath","value":"//button[@data-kt=\"masterHOAddButton\"]"}
RESULT: {"using":"xpath","value":"//button[@data-kt=\"masterHOAddButton\"]"}
COMMAND: POST /session/0157ef9fabb145ee7fb2a1f3feebe51f/elements - {"using":"xpath","value":"//button[@data-kt=\"masterHOAddButton\"]"}
RESULT: {"using":"xpath","value":"//button[@data-kt=\"masterHOAddButton\"]"}
COMMAND: POST /session/0157ef9fabb145ee7fb2a1f3feebe51f/elements - {"using":"xpath","value":"//button[@data-kt=\"masterHOAddButton\"]"}
RESULT: {"using":"xpath","value":"//button[@data-kt=\"masterHOAddButton\"]"}
COMMAND: POST /session/0157ef9fabb145ee7fb2a1f3feebe51f/elements - {"using":"xpath","value":"//button[@data-kt=\"masterHOAddButton\"]"}
RESULT: {"using":"xpath","value":"//button[@data-kt=\"masterHOAddButton\"]"}
COMMAND: POST /session/0157ef9fabb145ee7fb2a1f3feebe51f/elements - {"using":"xpath","value":"//button[@data-kt=\"masterHOAddButton\"]"}
RESULT: {"using":"xpath","value":"//button[@data-kt=\"masterHOAddButton\"]"}
COMMAND: POST /session/0157ef9fabb145ee7fb2a1f3feebe51f/elements - {"using":"xpath","value":"//button[@data-kt=\"masterHOAddButton\"]"}
RESULT: {"using":"xpath","value":"//button[@data-kt=\"masterHOAddButton\"]"}
COMMAND: POST /session/0157ef9fabb145ee7fb2a1f3feebe51f/elements - {"using":"xpath","value":"//button[@data-kt=\"masterHOAddButton\"]"}
RESULT: {"using":"xpath","value":"//button[@data-kt=\"masterHOAddButton\"]"}
COMMAND: POST /session/0157ef9fabb145ee7fb2a1f3feebe51f/element - {"using":"xpath","value":"//button[@data-kt=\"masterHOAddButton\"]"}
RESULT: {"using":"xpath","value":"//button[@data-kt=\"masterHOAddButton\"]"}
COMMAND: POST /session/0157ef9fabb145ee7fb2a1f3feebe51f/execute/sync - {"script":"<script> [8489 bytes]","args":[{"element-6066-11e4-a52e-4f735466cecf":"f.2D1A903BB9B117B2180C998CF94CF722.d.003A5A1609618BA2D1C7A3B22029E08B.e.11892","ELEMENT":"f.2D1A903BB9B117B2180C998CF94CF722.d.003A5A1609618BA2D1C7A3B22029E08B.e.11892"}]}
RESULT: {"script":"<script> [8489 bytes]","args":[{"element-6066-11e4-a52e-4f735466cecf":"f.2D1A903BB9B117B2180C998CF94CF722.d.003A5A1609618BA2D1C7A3B22029E08B.e.11892","ELEMENT":"f.2D1A903BB9B117B2180C998CF94CF722.d.003A5A1609618BA2D1C7A3B22029E08B.e.11892"}]}
COMMAND: GET /session/0157ef9fabb145ee7fb2a1f3feebe51f/element/f.2D1A903BB9B117B2180C998CF94CF722.d.003A5A1609618BA2D1C7A3B22029E08B.e.11892/enabled - {}
COMMAND: GET /session/0157ef9fabb145ee7fb2a1f3feebe51f/screenshot - {}
RESULT: {}
COMMAND: POST /session/0157ef9fabb145ee7fb2a1f3feebe51f/execute/sync - {"script":"<script> [8489 bytes]","args":[{"element-6066-11e4-a52e-4f735466cecf":"f.2D1A903BB9B117B2180C998CF94CF722.d.003A5A1609618BA2D1C7A3B22029E08B.e.11892","ELEMENT":"f.2D1A903BB9B117B2180C998CF94CF722.d.003A5A1609618BA2D1C7A3B22029E08B.e.11892"}]}
COMMAND: GET /session/0157ef9fabb145ee7fb2a1f3feebe51f/screenshot - {}
RESULT: {}
RESULT: {"script":"<script> [8489 bytes]","args":[{"element-6066-11e4-a52e-4f735466cecf":"f.2D1A903BB9B117B2180C998CF94CF722.d.003A5A1609618BA2D1C7A3B22029E08B.e.11892","ELEMENT":"f.2D1A903BB9B117B2180C998CF94CF722.d.003A5A1609618BA2D1C7A3B22029E08B.e.11892"}]}
COMMAND: POST /session/0157ef9fabb145ee7fb2a1f3feebe51f/execute/sync - {"script":"<script> [5351 bytes]","args":[{"element-6066-11e4-a52e-4f735466cecf":"f.2D1A903BB9B117B2180C998CF94CF722.d.003A5A1609618BA2D1C7A3B22029E08B.e.11892","ELEMENT":"f.2D1A903BB9B117B2180C998CF94CF722.d.003A5A1609618BA2D1C7A3B22029E08B.e.11892"}]}
COMMAND: GET /session/0157ef9fabb145ee7fb2a1f3feebe51f/screenshot - {}
RESULT: {}
RESULT: {"script":"<script> [5351 bytes]","args":[{"element-6066-11e4-a52e-4f735466cecf":"f.2D1A903BB9B117B2180C998CF94CF722.d.003A5A1609618BA2D1C7A3B22029E08B.e.11892","ELEMENT":"f.2D1A903BB9B117B2180C998CF94CF722.d.003A5A1609618BA2D1C7A3B22029E08B.e.11892"}]}
COMMAND: POST /session/0157ef9fabb145ee7fb2a1f3feebe51f/element/f.2D1A903BB9B117B2180C998CF94CF722.d.003A5A1609618BA2D1C7A3B22029E08B.e.11892/click - {}
COMMAND: GET /session/0157ef9fabb145ee7fb2a1f3feebe51f/screenshot - {}
RESULT: {}
RESULT: {}
COMMAND: GET /session/0157ef9fabb145ee7fb2a1f3feebe51f/screenshot - {}
RESULT: {}
COMMAND: POST /session/0157ef9fabb145ee7fb2a1f3feebe51f/element - {"using":"xpath","value":"//span[contains(@id ,\"AddNewHO--typeSelect-arrow\")]"}
RESULT: {}
RESULT: {"using":"xpath","value":"//span[contains(@id ,\"AddNewHO--typeSelect-arrow\")]"}
COMMAND: POST /session/0157ef9fabb145ee7fb2a1f3feebe51f/element/f.2D1A903BB9B117B2180C998CF94CF722.d.003A5A1609618BA2D1C7A3B22029E08B.e.12249/click - {}
RESULT: {}
COMMAND: GET /session/0157ef9fabb145ee7fb2a1f3feebe51f/screenshot - {}
RESULT: {}
COMMAND: POST /session/0157ef9fabb145ee7fb2a1f3feebe51f/element - {"using":"xpath","value":"(//li[contains(text(), \"stock increase yard\")])[1]"}
RESULT: {"using":"xpath","value":"(//li[contains(text(), \"stock increase yard\")])[1]"}
COMMAND: POST /session/0157ef9fabb145ee7fb2a1f3feebe51f/element/f.2D1A903BB9B117B2180C998CF94CF722.d.003A5A1609618BA2D1C7A3B22029E08B.e.12250/click - {}
RESULT: {}
COMMAND: GET /session/0157ef9fabb145ee7fb2a1f3feebe51f/screenshot - {}
RESULT: {}
COMMAND: POST /session/0157ef9fabb145ee7fb2a1f3feebe51f/execute/async - {"script":"<script> [1562 bytes]","args":[{"selector":{"id":"application-managehandovers-display-component---AddNewHO--dueDate","interaction":{"idSuffix":"inner"}},"wdio_ui5_key":"applicationmanagehandovers-display-component---AddNewHO--dueDate"}]}
RESULT: {"script":"<script> [1562 bytes]","args":[{"selector":{"id":"application-managehandovers-display-component---AddNewHO--dueDate","interaction":{"idSuffix":"inner"}},"wdio_ui5_key":"applicationmanagehandovers-display-component---AddNewHO--dueDate"}]}
RESULT: undefined
COMMAND: POST /session/0157ef9fabb145ee7fb2a1f3feebe51f/execute/async - {"script":"<script> [6424 bytes]","args":[{"element-6066-11e4-a52e-4f735466cecf":"f.2D1A903BB9B117B2180C998CF94CF722.d.003A5A1609618BA2D1C7A3B22029E08B.e.12252"},"setValue",["04/17/2025"]]}
RESULT: {"script":"<script> [6424 bytes]","args":[{"element-6066-11e4-a52e-4f735466cecf":"f.2D1A903BB9B117B2180C998CF94CF722.d.003A5A1609618BA2D1C7A3B22029E08B.e.12252"},"setValue",["04/17/2025"]]}
COMMAND: POST /session/0157ef9fabb145ee7fb2a1f3feebe51f/element - {"using":"xpath","value":"//input[@id=\"generalSectionFrg--receiveYard-inner\"]"}
RESULT: {"using":"xpath","value":"//input[@id=\"generalSectionFrg--receiveYard-inner\"]"}
COMMAND: POST /session/0157ef9fabb145ee7fb2a1f3feebe51f/element/f.2D1A903BB9B117B2180C998CF94CF722.d.003A5A1609618BA2D1C7A3B22029E08B.e.12258/clear - {}
RESULT: {}
COMMAND: POST /session/0157ef9fabb145ee7fb2a1f3feebe51f/element/f.2D1A903BB9B117B2180C998CF94CF722.d.003A5A1609618BA2D1C7A3B22029E08B.e.12258/value - {"text":"477"}
COMMAND: GET /session/0157ef9fabb145ee7fb2a1f3feebe51f/screenshot - {}
RESULT: {"text":"477"}
COMMAND: GET /session/0157ef9fabb145ee7fb2a1f3feebe51f/screenshot - {}
RESULT: {}
RESULT: {}
COMMAND: POST /session/0157ef9fabb145ee7fb2a1f3feebe51f/element - {"using":"xpath","value":"//li[.//span[text()='477']]"}
RESULT: {"using":"xpath","value":"//li[.//span[text()='477']]"}
COMMAND: POST /session/0157ef9fabb145ee7fb2a1f3feebe51f/element/f.2D1A903BB9B117B2180C998CF94CF722.d.003A5A1609618BA2D1C7A3B22029E08B.e.12275/click - {}
RESULT: {}
COMMAND: GET /session/0157ef9fabb145ee7fb2a1f3feebe51f/screenshot - {}
RESULT: {}
COMMAND: POST /session/0157ef9fabb145ee7fb2a1f3feebe51f/execute/async - {"script":"<script> [1562 bytes]","args":[{"selector":{"id":"application-managehandovers-display-component---AddNewHO--ObjectPageLayout-anchBar-application-managehandovers-display-component---AddNewHO--section4-anchor","interaction":{"idSuffix":"BDI-content"}},"wdio_ui5_key":"applicationmanagehandovers-display-component---AddNewHO--ObjectPageLayout-anchBar-application-managehandovers-display-component---AddNewHO--section4-anchor"}]}
RESULT: {"script":"<script> [1562 bytes]","args":[{"selector":{"id":"application-managehandovers-display-component---AddNewHO--ObjectPageLayout-anchBar-application-managehandovers-display-component---AddNewHO--section4-anchor","interaction":{"idSuffix":"BDI-content"}},"wdio_ui5_key":"applicationmanagehandovers-display-component---AddNewHO--ObjectPageLayout-anchBar-application-managehandovers-display-component---AddNewHO--section4-anchor"}]}
RESULT: undefined
COMMAND: POST /session/0157ef9fabb145ee7fb2a1f3feebe51f/element - {"using":"xpath","value":"//*[@id=\"application-managehandovers-display-component---AddNewHO--ObjectPageLayout-anchBar-application-managehandovers-display-component---AddNewHO--section4-anchor\"]"}
RESULT: {"using":"xpath","value":"//*[@id=\"application-managehandovers-display-component---AddNewHO--ObjectPageLayout-anchBar-application-managehandovers-display-component---AddNewHO--section4-anchor\"]"}
COMMAND: POST /session/0157ef9fabb145ee7fb2a1f3feebe51f/element/f.2D1A903BB9B117B2180C998CF94CF722.d.003A5A1609618BA2D1C7A3B22029E08B.e.12277/click - {}
RESULT: {}
COMMAND: POST /session/0157ef9fabb145ee7fb2a1f3feebe51f/element - {"using":"xpath","value":"//button[@aria-label=\"Add\"]"}
COMMAND: GET /session/0157ef9fabb145ee7fb2a1f3feebe51f/screenshot - {}
RESULT: {"using":"xpath","value":"//button[@aria-label=\"Add\"]"}
COMMAND: POST /session/0157ef9fabb145ee7fb2a1f3feebe51f/element/f.2D1A903BB9B117B2180C998CF94CF722.d.003A5A1609618BA2D1C7A3B22029E08B.e.12279/click - {}
RESULT: {}
RESULT: {}
COMMAND: GET /session/0157ef9fabb145ee7fb2a1f3feebe51f/screenshot - {}
COMMAND: POST /session/0157ef9fabb145ee7fb2a1f3feebe51f/execute/async - {"script":"<script> [1562 bytes]","args":[{"selector":{"id":"application-managehandovers-display-component---AddNewHO--smartFilterBar-btnBasicSearch","searchOpenDialogs":true,"interaction":{"idSuffix":"I"}},"wdio_ui5_key":"applicationmanagehandovers-display-component---AddNewHO--smartFilterBar-btnBasicSearch"}]}
RESULT: {}
RESULT: {"script":"<script> [1562 bytes]","args":[{"selector":{"id":"application-managehandovers-display-component---AddNewHO--smartFilterBar-btnBasicSearch","searchOpenDialogs":true,"interaction":{"idSuffix":"I"}},"wdio_ui5_key":"applicationmanagehandovers-display-component---AddNewHO--smartFilterBar-btnBasicSearch"}]}
RESULT: undefined
COMMAND: POST /session/0157ef9fabb145ee7fb2a1f3feebe51f/execute/async - {"script":"<script> [776 bytes]","args":[{"enterText":"IbSpUo49j6","selector":{"id":"application-managehandovers-display-component---AddNewHO--smartFilterBar-btnBasicSearch","searchOpenDialogs":true,"interaction":{"idSuffix":"I"}},"clearTextFirst":true,"interactionType":"ENTER_TEXT"}]}
RESULT: {"script":"<script> [776 bytes]","args":[{"enterText":"IbSpUo49j6","selector":{"id":"application-managehandovers-display-component---AddNewHO--smartFilterBar-btnBasicSearch","searchOpenDialogs":true,"interaction":{"idSuffix":"I"}},"clearTextFirst":true,"interactionType":"ENTER_TEXT"}]}
COMMAND: POST /session/0157ef9fabb145ee7fb2a1f3feebe51f/actions - {"actions":[{"id":"action42","type":"key","parameters":{},"actions":[{"type":"keyDown","value":""},{"type":"pause","duration":10},{"type":"keyUp","value":""}]}]}
RESULT: {"actions":[{"id":"action42","type":"key","parameters":{},"actions":[{"type":"keyDown","value":""},{"type":"pause","duration":10},{"type":"keyUp","value":""}]}]}
COMMAND: GET /session/0157ef9fabb145ee7fb2a1f3feebe51f/screenshot - {}
RESULT: {}
COMMAND: POST /session/0157ef9fabb145ee7fb2a1f3feebe51f/execute/async - {"script":"<script> [1562 bytes]","args":[{"selector":{"id":"application-managehandovers-display-component---AddNewHO--popup-sa","searchOpenDialogs":true,"interaction":{"idSuffix":"CbBg"}},"wdio_ui5_key":"applicationmanagehandovers-display-component---AddNewHO--popup-sa"}]}
RESULT: {"script":"<script> [1562 bytes]","args":[{"selector":{"id":"application-managehandovers-display-component---AddNewHO--popup-sa","searchOpenDialogs":true,"interaction":{"idSuffix":"CbBg"}},"wdio_ui5_key":"applicationmanagehandovers-display-component---AddNewHO--popup-sa"}]}
RESULT: undefined
COMMAND: POST /session/0157ef9fabb145ee7fb2a1f3feebe51f/element - {"using":"xpath","value":"//*[@id=\"application-managehandovers-display-component---AddNewHO--popup-sa\"]"}
RESULT: {"using":"xpath","value":"//*[@id=\"application-managehandovers-display-component---AddNewHO--popup-sa\"]"}
COMMAND: POST /session/0157ef9fabb145ee7fb2a1f3feebe51f/element/f.2D1A903BB9B117B2180C998CF94CF722.d.003A5A1609618BA2D1C7A3B22029E08B.e.12434/click - {}
RESULT: {}
COMMAND: GET /session/0157ef9fabb145ee7fb2a1f3feebe51f/screenshot - {}
RESULT: {}
COMMAND: POST /session/0157ef9fabb145ee7fb2a1f3feebe51f/element - {"using":"xpath","value":"//bdi[contains(text(), \"Select\")]"}
RESULT: {"using":"xpath","value":"//bdi[contains(text(), \"Select\")]"}
COMMAND: POST /session/0157ef9fabb145ee7fb2a1f3feebe51f/element/f.2D1A903BB9B117B2180C998CF94CF722.d.003A5A1609618BA2D1C7A3B22029E08B.e.12435/click - {}
RESULT: {}
COMMAND: GET /session/0157ef9fabb145ee7fb2a1f3feebe51f/screenshot - {}
RESULT: {}
COMMAND: POST /session/0157ef9fabb145ee7fb2a1f3feebe51f/element - {"using":"xpath","value":"//button[@data-kt=\"AddNewHOSaveButton\"]"}
RESULT: {"using":"xpath","value":"//button[@data-kt=\"AddNewHOSaveButton\"]"}
COMMAND: POST /session/0157ef9fabb145ee7fb2a1f3feebe51f/element/f.2D1A903BB9B117B2180C998CF94CF722.d.003A5A1609618BA2D1C7A3B22029E08B.e.12439/click - {}
RESULT: {}
COMMAND: GET /session/0157ef9fabb145ee7fb2a1f3feebe51f/screenshot - {}
RESULT: {}
COMMAND: POST /session/0157ef9fabb145ee7fb2a1f3feebe51f/execute/async - {"script":"<script> [1562 bytes]","args":[{"selector":{"id":"receiptDatePicker","viewName":"etm.portal.ui.managehandovers.view.DetailExecuteHO","interaction":{"idSuffix":"inner"}},"wdio_ui5_key":"receiptDatePickeretmportal.ui.managehandovers.view.DetailExecuteHO"}]}
RESULT: {"script":"<script> [1562 bytes]","args":[{"selector":{"id":"receiptDatePicker","viewName":"etm.portal.ui.managehandovers.view.DetailExecuteHO","interaction":{"idSuffix":"inner"}},"wdio_ui5_key":"receiptDatePickeretmportal.ui.managehandovers.view.DetailExecuteHO"}]}
RESULT: undefined
COMMAND: POST /session/0157ef9fabb145ee7fb2a1f3feebe51f/execute/async - {"script":"<script> [6424 bytes]","args":[{"element-6066-11e4-a52e-4f735466cecf":"f.2D1A903BB9B117B2180C998CF94CF722.d.003A5A1609618BA2D1C7A3B22029E08B.e.12467"},"setValue",["04/17/2025"]]}
RESULT: {"script":"<script> [6424 bytes]","args":[{"element-6066-11e4-a52e-4f735466cecf":"f.2D1A903BB9B117B2180C998CF94CF722.d.003A5A1609618BA2D1C7A3B22029E08B.e.12467"},"setValue",["04/17/2025"]]}
COMMAND: POST /session/0157ef9fabb145ee7fb2a1f3feebe51f/element - {"using":"xpath","value":"//button[@data-kt=\"PickingTableConfirmAllButton\"]"}
RESULT: {"using":"xpath","value":"//button[@data-kt=\"PickingTableConfirmAllButton\"]"}
COMMAND: POST /session/0157ef9fabb145ee7fb2a1f3feebe51f/element/f.2D1A903BB9B117B2180C998CF94CF722.d.003A5A1609618BA2D1C7A3B22029E08B.e.12483/click - {}
RESULT: {}
COMMAND: GET /session/0157ef9fabb145ee7fb2a1f3feebe51f/screenshot - {}
RESULT: {}
COMMAND: POST /session/0157ef9fabb145ee7fb2a1f3feebe51f/element - {"using":"xpath","value":"//bdi[contains(text(), \"OK\")]"}
RESULT: {"using":"xpath","value":"//bdi[contains(text(), \"OK\")]"}
COMMAND: POST /session/0157ef9fabb145ee7fb2a1f3feebe51f/element/f.2D1A903BB9B117B2180C998CF94CF722.d.003A5A1609618BA2D1C7A3B22029E08B.e.12485/click - {}
RESULT: {}
COMMAND: GET /session/0157ef9fabb145ee7fb2a1f3feebe51f/screenshot - {}
RESULT: {}
COMMAND: POST /session/0157ef9fabb145ee7fb2a1f3feebe51f/element - {"using":"xpath","value":"(//bdi[contains(text(), \"Receive\")])[2]"}
RESULT: {"using":"xpath","value":"(//bdi[contains(text(), \"Receive\")])[2]"}
COMMAND: POST /session/0157ef9fabb145ee7fb2a1f3feebe51f/element/f.2D1A903BB9B117B2180C998CF94CF722.d.003A5A1609618BA2D1C7A3B22029E08B.e.12487/click - {}
RESULT: {}
COMMAND: GET /session/0157ef9fabb145ee7fb2a1f3feebe51f/screenshot - {}
RESULT: {}
COMMAND: POST /session/0157ef9fabb145ee7fb2a1f3feebe51f/element - {"using":"css selector","value":"#shell-header-logo"}
RESULT: {"using":"css selector","value":"#shell-header-logo"}
COMMAND: POST /session/0157ef9fabb145ee7fb2a1f3feebe51f/element/f.2D1A903BB9B117B2180C998CF94CF722.d.003A5A1609618BA2D1C7A3B22029E08B.e.11856/click - {}
RESULT: {}
COMMAND: GET /session/0157ef9fabb145ee7fb2a1f3feebe51f/screenshot - {}
RESULT: {}
]]></system-out>
    </testcase>
    <testcase classname="chrome.135_0_7049_42.windows.Create_master_data_for_mixed_billing_&amp;_do_billing_calculation_US151661" name="Should create a new contract" time="53.839">
      <system-out><![CDATA[
COMMAND: POST /session/0157ef9fabb145ee7fb2a1f3feebe51f/execute/async - {"script":"<script> [1562 bytes]","args":[{"selector":{"controlType":"sap.m.Text","viewName":"etm.portal.ui.managecontractstile.view.Master","properties":{"text":"Manage Contracts"},"interaction":{"idSuffix":"inner"}},"wdio_ui5_key":"etmportal.ui.managecontractstile.view.Mastersap.m.Text{\"text\":\"Manage Contracts\"}"}]}
RESULT: {"script":"<script> [1562 bytes]","args":[{"selector":{"controlType":"sap.m.Text","viewName":"etm.portal.ui.managecontractstile.view.Master","properties":{"text":"Manage Contracts"},"interaction":{"idSuffix":"inner"}},"wdio_ui5_key":"etmportal.ui.managecontractstile.view.Mastersap.m.Text{\"text\":\"Manage Contracts\"}"}]}
RESULT: undefined
COMMAND: POST /session/0157ef9fabb145ee7fb2a1f3feebe51f/element - {"using":"xpath","value":"//*[@id=\"__tile130-title\"]"}
RESULT: {"using":"xpath","value":"//*[@id=\"__tile130-title\"]"}
COMMAND: POST /session/0157ef9fabb145ee7fb2a1f3feebe51f/element/f.2D1A903BB9B117B2180C998CF94CF722.d.003A5A1609618BA2D1C7A3B22029E08B.e.12539/click - {}
RESULT: {}
COMMAND: GET /session/0157ef9fabb145ee7fb2a1f3feebe51f/screenshot - {}
COMMAND: POST /session/0157ef9fabb145ee7fb2a1f3feebe51f/element - {"using":"xpath","value":"//button[@data-kt=\"addButton\"]"}
RESULT: {}
RESULT: {"using":"xpath","value":"//button[@data-kt=\"addButton\"]"}
COMMAND: POST /session/0157ef9fabb145ee7fb2a1f3feebe51f/elements - {"using":"xpath","value":"//button[@data-kt=\"addButton\"]"}
RESULT: {"using":"xpath","value":"//button[@data-kt=\"addButton\"]"}
COMMAND: POST /session/0157ef9fabb145ee7fb2a1f3feebe51f/elements - {"using":"xpath","value":"//button[@data-kt=\"addButton\"]"}
RESULT: undefined
RESULT: undefined
RESULT: {"using":"xpath","value":"//button[@data-kt=\"addButton\"]"}
COMMAND: POST /session/0157ef9fabb145ee7fb2a1f3feebe51f/element - {"using":"xpath","value":"//button[@data-kt=\"addButton\"]"}
RESULT: {"using":"xpath","value":"//button[@data-kt=\"addButton\"]"}
COMMAND: POST /session/0157ef9fabb145ee7fb2a1f3feebe51f/execute/sync - {"script":"<script> [8489 bytes]","args":[{"element-6066-11e4-a52e-4f735466cecf":"f.2D1A903BB9B117B2180C998CF94CF722.d.003A5A1609618BA2D1C7A3B22029E08B.e.12586","ELEMENT":"f.2D1A903BB9B117B2180C998CF94CF722.d.003A5A1609618BA2D1C7A3B22029E08B.e.12586"}]}
RESULT: {"script":"<script> [8489 bytes]","args":[{"element-6066-11e4-a52e-4f735466cecf":"f.2D1A903BB9B117B2180C998CF94CF722.d.003A5A1609618BA2D1C7A3B22029E08B.e.12586","ELEMENT":"f.2D1A903BB9B117B2180C998CF94CF722.d.003A5A1609618BA2D1C7A3B22029E08B.e.12586"}]}
COMMAND: GET /session/0157ef9fabb145ee7fb2a1f3feebe51f/element/f.2D1A903BB9B117B2180C998CF94CF722.d.003A5A1609618BA2D1C7A3B22029E08B.e.12586/enabled - {}
COMMAND: GET /session/0157ef9fabb145ee7fb2a1f3feebe51f/screenshot - {}
RESULT: {}
COMMAND: POST /session/0157ef9fabb145ee7fb2a1f3feebe51f/execute/sync - {"script":"<script> [8489 bytes]","args":[{"element-6066-11e4-a52e-4f735466cecf":"f.2D1A903BB9B117B2180C998CF94CF722.d.003A5A1609618BA2D1C7A3B22029E08B.e.12586","ELEMENT":"f.2D1A903BB9B117B2180C998CF94CF722.d.003A5A1609618BA2D1C7A3B22029E08B.e.12586"}]}
COMMAND: GET /session/0157ef9fabb145ee7fb2a1f3feebe51f/screenshot - {}
RESULT: {}
RESULT: {"script":"<script> [8489 bytes]","args":[{"element-6066-11e4-a52e-4f735466cecf":"f.2D1A903BB9B117B2180C998CF94CF722.d.003A5A1609618BA2D1C7A3B22029E08B.e.12586","ELEMENT":"f.2D1A903BB9B117B2180C998CF94CF722.d.003A5A1609618BA2D1C7A3B22029E08B.e.12586"}]}
COMMAND: POST /session/0157ef9fabb145ee7fb2a1f3feebe51f/execute/sync - {"script":"<script> [5351 bytes]","args":[{"element-6066-11e4-a52e-4f735466cecf":"f.2D1A903BB9B117B2180C998CF94CF722.d.003A5A1609618BA2D1C7A3B22029E08B.e.12586","ELEMENT":"f.2D1A903BB9B117B2180C998CF94CF722.d.003A5A1609618BA2D1C7A3B22029E08B.e.12586"}]}
COMMAND: GET /session/0157ef9fabb145ee7fb2a1f3feebe51f/screenshot - {}
RESULT: {}
RESULT: {"script":"<script> [5351 bytes]","args":[{"element-6066-11e4-a52e-4f735466cecf":"f.2D1A903BB9B117B2180C998CF94CF722.d.003A5A1609618BA2D1C7A3B22029E08B.e.12586","ELEMENT":"f.2D1A903BB9B117B2180C998CF94CF722.d.003A5A1609618BA2D1C7A3B22029E08B.e.12586"}]}
COMMAND: GET /session/0157ef9fabb145ee7fb2a1f3feebe51f/screenshot - {}
RESULT: {}
RESULT: {}
COMMAND: POST /session/0157ef9fabb145ee7fb2a1f3feebe51f/element/f.2D1A903BB9B117B2180C998CF94CF722.d.003A5A1609618BA2D1C7A3B22029E08B.e.12586/click - {}
RESULT: {}
COMMAND: GET /session/0157ef9fabb145ee7fb2a1f3feebe51f/screenshot - {}
COMMAND: POST /session/0157ef9fabb145ee7fb2a1f3feebe51f/execute/async - {"script":"<script> [1562 bytes]","args":[{"selector":{"id":"application-managecontracts-display-component---AddNewContract--projectDescription","interaction":{"idSuffix":"inner"}},"wdio_ui5_key":"applicationmanagecontracts-display-component---AddNewContract--projectDescription"}]}
RESULT: {}
RESULT: {"script":"<script> [1562 bytes]","args":[{"selector":{"id":"application-managecontracts-display-component---AddNewContract--projectDescription","interaction":{"idSuffix":"inner"}},"wdio_ui5_key":"applicationmanagecontracts-display-component---AddNewContract--projectDescription"}]}
RESULT: undefined
COMMAND: POST /session/0157ef9fabb145ee7fb2a1f3feebe51f/execute/async - {"script":"<script> [776 bytes]","args":[{"enterText":"Mixed Contract WDIO","selector":{"id":"application-managecontracts-display-component---AddNewContract--projectDescription","interaction":{"idSuffix":"inner"}},"clearTextFirst":true,"interactionType":"ENTER_TEXT"}]}
RESULT: {"script":"<script> [776 bytes]","args":[{"enterText":"Mixed Contract WDIO","selector":{"id":"application-managecontracts-display-component---AddNewContract--projectDescription","interaction":{"idSuffix":"inner"}},"clearTextFirst":true,"interactionType":"ENTER_TEXT"}]}
COMMAND: POST /session/0157ef9fabb145ee7fb2a1f3feebe51f/element - {"using":"xpath","value":"//input[@id=\"application-managecontracts-display-component---AddNewContract--site-inner\"]"}
RESULT: {"using":"xpath","value":"//input[@id=\"application-managecontracts-display-component---AddNewContract--site-inner\"]"}
COMMAND: POST /session/0157ef9fabb145ee7fb2a1f3feebe51f/element/f.2D1A903BB9B117B2180C998CF94CF722.d.003A5A1609618BA2D1C7A3B22029E08B.e.12917/clear - {}
RESULT: {}
COMMAND: POST /session/0157ef9fabb145ee7fb2a1f3feebe51f/element/f.2D1A903BB9B117B2180C998CF94CF722.d.003A5A1609618BA2D1C7A3B22029E08B.e.12917/value - {"text":"2293"}
COMMAND: GET /session/0157ef9fabb145ee7fb2a1f3feebe51f/screenshot - {}
RESULT: {"text":"2293"}
COMMAND: GET /session/0157ef9fabb145ee7fb2a1f3feebe51f/screenshot - {}
RESULT: {}
RESULT: {}
COMMAND: POST /session/0157ef9fabb145ee7fb2a1f3feebe51f/element - {"using":"xpath","value":"//li[.//span[text()='2293']]"}
RESULT: {"using":"xpath","value":"//li[.//span[text()='2293']]"}
COMMAND: POST /session/0157ef9fabb145ee7fb2a1f3feebe51f/element/f.2D1A903BB9B117B2180C998CF94CF722.d.003A5A1609618BA2D1C7A3B22029E08B.e.12940/click - {}
RESULT: {}
COMMAND: GET /session/0157ef9fabb145ee7fb2a1f3feebe51f/screenshot - {}
RESULT: {}
COMMAND: POST /session/0157ef9fabb145ee7fb2a1f3feebe51f/element - {"using":"xpath","value":"//input[@id=\"application-managecontracts-display-component---AddNewContract--yardId-inner\"]"}
RESULT: {"using":"xpath","value":"//input[@id=\"application-managecontracts-display-component---AddNewContract--yardId-inner\"]"}
COMMAND: GET /session/0157ef9fabb145ee7fb2a1f3feebe51f/element/f.2D1A903BB9B117B2180C998CF94CF722.d.003A5A1609618BA2D1C7A3B22029E08B.e.12918/property/value - {}
RESULT: {}
COMMAND: POST /session/0157ef9fabb145ee7fb2a1f3feebe51f/element - {"using":"xpath","value":"//input[@id=\"application-managecontracts-display-component---AddNewContract--customerSelect-inner\"]"}
COMMAND: GET /session/0157ef9fabb145ee7fb2a1f3feebe51f/screenshot - {}
RESULT: {"using":"xpath","value":"//input[@id=\"application-managecontracts-display-component---AddNewContract--customerSelect-inner\"]"}
COMMAND: POST /session/0157ef9fabb145ee7fb2a1f3feebe51f/element/f.2D1A903BB9B117B2180C998CF94CF722.d.003A5A1609618BA2D1C7A3B22029E08B.e.12916/clear - {}
RESULT: {}
RESULT: {}
COMMAND: POST /session/0157ef9fabb145ee7fb2a1f3feebe51f/element/f.2D1A903BB9B117B2180C998CF94CF722.d.003A5A1609618BA2D1C7A3B22029E08B.e.12916/value - {"text":"1333"}
COMMAND: GET /session/0157ef9fabb145ee7fb2a1f3feebe51f/screenshot - {}
RESULT: {"text":"1333"}
COMMAND: GET /session/0157ef9fabb145ee7fb2a1f3feebe51f/screenshot - {}
RESULT: {}
RESULT: {}
COMMAND: POST /session/0157ef9fabb145ee7fb2a1f3feebe51f/element - {"using":"xpath","value":"//li[.//span[text()='1333']]"}
RESULT: {"using":"xpath","value":"//li[.//span[text()='1333']]"}
COMMAND: POST /session/0157ef9fabb145ee7fb2a1f3feebe51f/element/f.2D1A903BB9B117B2180C998CF94CF722.d.003A5A1609618BA2D1C7A3B22029E08B.e.12943/click - {}
RESULT: {}
COMMAND: GET /session/0157ef9fabb145ee7fb2a1f3feebe51f/screenshot - {}
RESULT: {}
COMMAND: POST /session/0157ef9fabb145ee7fb2a1f3feebe51f/element - {"using":"xpath","value":"//button[@data-kt=\"saveButton\"]"}
RESULT: {"using":"xpath","value":"//button[@data-kt=\"saveButton\"]"}
COMMAND: POST /session/0157ef9fabb145ee7fb2a1f3feebe51f/element/f.2D1A903BB9B117B2180C998CF94CF722.d.003A5A1609618BA2D1C7A3B22029E08B.e.12933/click - {}
RESULT: {}
COMMAND: GET /session/0157ef9fabb145ee7fb2a1f3feebe51f/screenshot - {}
RESULT: {}
COMMAND: POST /session/0157ef9fabb145ee7fb2a1f3feebe51f/element - {"using":"xpath","value":"//span[contains(@id ,\"contractDetailTitleNoExpanded\")]"}
RESULT: {"using":"xpath","value":"//span[contains(@id ,\"contractDetailTitleNoExpanded\")]"}
COMMAND: POST /session/0157ef9fabb145ee7fb2a1f3feebe51f/elements - {"using":"xpath","value":"//span[contains(@id ,\"contractDetailTitleNoExpanded\")]"}
RESULT: {"using":"xpath","value":"//span[contains(@id ,\"contractDetailTitleNoExpanded\")]"}
COMMAND: POST /session/0157ef9fabb145ee7fb2a1f3feebe51f/execute/sync - {"script":"<script> [56 bytes]","args":[{"element-6066-11e4-a52e-4f735466cecf":"f.2D1A903BB9B117B2180C998CF94CF722.d.003A5A1609618BA2D1C7A3B22029E08B.e.12956","ELEMENT":"f.2D1A903BB9B117B2180C998CF94CF722.d.003A5A1609618BA2D1C7A3B22029E08B.e.12956"}]}
RESULT: {"script":"<script> [56 bytes]","args":[{"element-6066-11e4-a52e-4f735466cecf":"f.2D1A903BB9B117B2180C998CF94CF722.d.003A5A1609618BA2D1C7A3B22029E08B.e.12956","ELEMENT":"f.2D1A903BB9B117B2180C998CF94CF722.d.003A5A1609618BA2D1C7A3B22029E08B.e.12956"}]}
COMMAND: GET /session/0157ef9fabb145ee7fb2a1f3feebe51f/screenshot - {}
RESULT: {}
]]></system-out>
    </testcase>
    <testcase classname="chrome.135_0_7049_42.windows.Create_master_data_for_mixed_billing_&amp;_do_billing_calculation_US151661" name="Should add equipment to the contract" time="44.549">
      <system-out><![CDATA[
COMMAND: POST /session/0157ef9fabb145ee7fb2a1f3feebe51f/element - {"using":"xpath","value":"//button[@data-kt=\"contractDetailEditBtnButton\"]"}
RESULT: {"using":"xpath","value":"//button[@data-kt=\"contractDetailEditBtnButton\"]"}
COMMAND: POST /session/0157ef9fabb145ee7fb2a1f3feebe51f/element/f.2D1A903BB9B117B2180C998CF94CF722.d.003A5A1609618BA2D1C7A3B22029E08B.e.12958/click - {}
RESULT: {}
COMMAND: GET /session/0157ef9fabb145ee7fb2a1f3feebe51f/screenshot - {}
RESULT: {}
COMMAND: POST /session/0157ef9fabb145ee7fb2a1f3feebe51f/element - {"using":"xpath","value":"(//span[contains(text(), \"Additional Addresses\")])[2]"}
RESULT: {"using":"xpath","value":"(//span[contains(text(), \"Additional Addresses\")])[2]"}
COMMAND: POST /session/0157ef9fabb145ee7fb2a1f3feebe51f/element/f.2D1A903BB9B117B2180C998CF94CF722.d.003A5A1609618BA2D1C7A3B22029E08B.e.13016/click - {}
RESULT: {}
COMMAND: GET /session/0157ef9fabb145ee7fb2a1f3feebe51f/screenshot - {}
RESULT: {}
COMMAND: POST /session/0157ef9fabb145ee7fb2a1f3feebe51f/element - {"using":"xpath","value":"//button[@data-kt=\"btnAddTableRowOverflowToolbarButton\"]"}
RESULT: {"using":"xpath","value":"//button[@data-kt=\"btnAddTableRowOverflowToolbarButton\"]"}
COMMAND: POST /session/0157ef9fabb145ee7fb2a1f3feebe51f/element/f.2D1A903BB9B117B2180C998CF94CF722.d.003A5A1609618BA2D1C7A3B22029E08B.e.13019/click - {}
RESULT: {}
COMMAND: GET /session/0157ef9fabb145ee7fb2a1f3feebe51f/screenshot - {}
RESULT: {}
COMMAND: POST /session/0157ef9fabb145ee7fb2a1f3feebe51f/element - {"using":"xpath","value":"//div[(text() = 'Standard Entry' or . = 'Standard Entry')]"}
RESULT: {"using":"xpath","value":"//div[(text() = 'Standard Entry' or . = 'Standard Entry')]"}
COMMAND: POST /session/0157ef9fabb145ee7fb2a1f3feebe51f/element/f.2D1A903BB9B117B2180C998CF94CF722.d.003A5A1609618BA2D1C7A3B22029E08B.e.13021/click - {}
RESULT: {}
COMMAND: GET /session/0157ef9fabb145ee7fb2a1f3feebe51f/screenshot - {}
RESULT: {}
COMMAND: POST /session/0157ef9fabb145ee7fb2a1f3feebe51f/element - {"using":"xpath","value":"//td[7]/div/div/input"}
RESULT: {"using":"xpath","value":"//td[7]/div/div/input"}
COMMAND: POST /session/0157ef9fabb145ee7fb2a1f3feebe51f/element/f.2D1A903BB9B117B2180C998CF94CF722.d.003A5A1609618BA2D1C7A3B22029E08B.e.13030/clear - {}
RESULT: {}
COMMAND: POST /session/0157ef9fabb145ee7fb2a1f3feebe51f/element/f.2D1A903BB9B117B2180C998CF94CF722.d.003A5A1609618BA2D1C7A3B22029E08B.e.13030/value - {"text":"IbSpUo49j6"}
COMMAND: GET /session/0157ef9fabb145ee7fb2a1f3feebe51f/screenshot - {}
RESULT: {"text":"IbSpUo49j6"}
COMMAND: GET /session/0157ef9fabb145ee7fb2a1f3feebe51f/screenshot - {}
RESULT: {}
RESULT: {}
COMMAND: POST /session/0157ef9fabb145ee7fb2a1f3feebe51f/actions - {"actions":[{"id":"action43","type":"key","parameters":{},"actions":[{"type":"keyDown","value":""},{"type":"pause","duration":10},{"type":"keyUp","value":""}]}]}
RESULT: {"actions":[{"id":"action43","type":"key","parameters":{},"actions":[{"type":"keyDown","value":""},{"type":"pause","duration":10},{"type":"keyUp","value":""}]}]}
COMMAND: GET /session/0157ef9fabb145ee7fb2a1f3feebe51f/screenshot - {}
RESULT: {}
COMMAND: POST /session/0157ef9fabb145ee7fb2a1f3feebe51f/element - {"using":"xpath","value":"(//button[@data-kt=\"saveButton\"])[2]"}
RESULT: {"using":"xpath","value":"(//button[@data-kt=\"saveButton\"])[2]"}
COMMAND: POST /session/0157ef9fabb145ee7fb2a1f3feebe51f/element/f.2D1A903BB9B117B2180C998CF94CF722.d.003A5A1609618BA2D1C7A3B22029E08B.e.13045/click - {}
RESULT: {}
COMMAND: GET /session/0157ef9fabb145ee7fb2a1f3feebe51f/screenshot - {}
RESULT: {}
COMMAND: POST /session/0157ef9fabb145ee7fb2a1f3feebe51f/element - {"using":"xpath","value":"//span[contains(@id ,\"contractItemsSmartTable-header-inner\")]"}
RESULT: {"using":"xpath","value":"//span[contains(@id ,\"contractItemsSmartTable-header-inner\")]"}
COMMAND: POST /session/0157ef9fabb145ee7fb2a1f3feebe51f/elements - {"using":"xpath","value":"//span[contains(@id ,\"contractItemsSmartTable-header-inner\")]"}
RESULT: {"using":"xpath","value":"//span[contains(@id ,\"contractItemsSmartTable-header-inner\")]"}
COMMAND: POST /session/0157ef9fabb145ee7fb2a1f3feebe51f/execute/sync - {"script":"<script> [56 bytes]","args":[{"element-6066-11e4-a52e-4f735466cecf":"f.2D1A903BB9B117B2180C998CF94CF722.d.003A5A1609618BA2D1C7A3B22029E08B.e.13052","ELEMENT":"f.2D1A903BB9B117B2180C998CF94CF722.d.003A5A1609618BA2D1C7A3B22029E08B.e.13052"}]}
RESULT: {"script":"<script> [56 bytes]","args":[{"element-6066-11e4-a52e-4f735466cecf":"f.2D1A903BB9B117B2180C998CF94CF722.d.003A5A1609618BA2D1C7A3B22029E08B.e.13052","ELEMENT":"f.2D1A903BB9B117B2180C998CF94CF722.d.003A5A1609618BA2D1C7A3B22029E08B.e.13052"}]}
COMMAND: GET /session/0157ef9fabb145ee7fb2a1f3feebe51f/screenshot - {}
]]></system-out>
    </testcase>
    <testcase classname="chrome.135_0_7049_42.windows.Create_master_data_for_mixed_billing_&amp;_do_billing_calculation_US151661" name="Should do a provide to site handover" time="62.065">
      <system-out><![CDATA[
COMMAND: POST /session/0157ef9fabb145ee7fb2a1f3feebe51f/element - {"using":"xpath","value":"//button[@data-kt=\"provideButton\"]"}
RESULT: {}
RESULT: {"using":"xpath","value":"//button[@data-kt=\"provideButton\"]"}
COMMAND: POST /session/0157ef9fabb145ee7fb2a1f3feebe51f/element/f.2D1A903BB9B117B2180C998CF94CF722.d.003A5A1609618BA2D1C7A3B22029E08B.e.13054/click - {}
RESULT: {}
COMMAND: GET /session/0157ef9fabb145ee7fb2a1f3feebe51f/screenshot - {}
RESULT: {}
RESULT: undefined
COMMAND: POST /session/0157ef9fabb145ee7fb2a1f3feebe51f/execute/async - {"script":"<script> [6424 bytes]","args":[{"element-6066-11e4-a52e-4f735466cecf":"f.2D1A903BB9B117B2180C998CF94CF722.d.003A5A1609618BA2D1C7A3B22029E08B.e.12252"},"setValue",["04/17/2025"]]}
COMMAND: POST /session/0157ef9fabb145ee7fb2a1f3feebe51f/execute/async - {"script":"<script> [1562 bytes]","args":[{"selector":{"id":"application-managehandovers-display-component---AddNewHO--dueDate","interaction":{"idSuffix":"inner"}},"wdio_ui5_key":"applicationmanagehandovers-display-component---AddNewHO--dueDate"}]}
RESULT: {"script":"<script> [1562 bytes]","args":[{"selector":{"id":"application-managehandovers-display-component---AddNewHO--dueDate","interaction":{"idSuffix":"inner"}},"wdio_ui5_key":"applicationmanagehandovers-display-component---AddNewHO--dueDate"}]}
COMMAND: POST /session/0157ef9fabb145ee7fb2a1f3feebe51f/execute/async - {"script":"<script> [6424 bytes]","args":[{"element-6066-11e4-a52e-4f735466cecf":"f.2D1A903BB9B117B2180C998CF94CF722.d.003A5A1609618BA2D1C7A3B22029E08B.e.13107"},"setValue",["04/17/2025"]]}
RESULT: {"script":"<script> [6424 bytes]","args":[{"element-6066-11e4-a52e-4f735466cecf":"f.2D1A903BB9B117B2180C998CF94CF722.d.003A5A1609618BA2D1C7A3B22029E08B.e.13107"},"setValue",["04/17/2025"]]}
COMMAND: POST /session/0157ef9fabb145ee7fb2a1f3feebe51f/element - {"using":"xpath","value":"//bdi[contains(text(), \"Instructions\")]"}
RESULT: {"using":"xpath","value":"//bdi[contains(text(), \"Instructions\")]"}
COMMAND: POST /session/0157ef9fabb145ee7fb2a1f3feebe51f/element/f.2D1A903BB9B117B2180C998CF94CF722.d.003A5A1609618BA2D1C7A3B22029E08B.e.13362/click - {}
RESULT: {}
COMMAND: GET /session/0157ef9fabb145ee7fb2a1f3feebe51f/screenshot - {}
RESULT: {}
COMMAND: POST /session/0157ef9fabb145ee7fb2a1f3feebe51f/element - {"using":"xpath","value":"//button[@data-kt=\"AddNewHOProvideAddItemsButton\"]"}
RESULT: {"using":"xpath","value":"//button[@data-kt=\"AddNewHOProvideAddItemsButton\"]"}
COMMAND: POST /session/0157ef9fabb145ee7fb2a1f3feebe51f/element/f.2D1A903BB9B117B2180C998CF94CF722.d.003A5A1609618BA2D1C7A3B22029E08B.e.13366/click - {}
RESULT: {}
COMMAND: GET /session/0157ef9fabb145ee7fb2a1f3feebe51f/screenshot - {}
RESULT: {}
RESULT: undefined
COMMAND: POST /session/0157ef9fabb145ee7fb2a1f3feebe51f/element - {"using":"xpath","value":"//*[@id=\"application-managehandovers-display-component---AddNewHO--popup-sa\"]"}
RESULT: {"using":"xpath","value":"//*[@id=\"application-managehandovers-display-component---AddNewHO--popup-sa\"]"}
COMMAND: POST /session/0157ef9fabb145ee7fb2a1f3feebe51f/element/f.2D1A903BB9B117B2180C998CF94CF722.d.003A5A1609618BA2D1C7A3B22029E08B.e.13375/click - {}
RESULT: {}
COMMAND: GET /session/0157ef9fabb145ee7fb2a1f3feebe51f/screenshot - {}
RESULT: {}
COMMAND: POST /session/0157ef9fabb145ee7fb2a1f3feebe51f/element - {"using":"xpath","value":"//*[contains(@id ,\"BDI-content\")][contains(text(), \"Select\")]"}
RESULT: {"using":"xpath","value":"//*[contains(@id ,\"BDI-content\")][contains(text(), \"Select\")]"}
COMMAND: POST /session/0157ef9fabb145ee7fb2a1f3feebe51f/element/f.2D1A903BB9B117B2180C998CF94CF722.d.003A5A1609618BA2D1C7A3B22029E08B.e.13377/click - {}
RESULT: {}
COMMAND: GET /session/0157ef9fabb145ee7fb2a1f3feebe51f/screenshot - {}
RESULT: {}
COMMAND: POST /session/0157ef9fabb145ee7fb2a1f3feebe51f/execute/async - {"script":"<script> [1562 bytes]","args":[{"selector":{"id":"application-managehandovers-display-component---AddNewHO--confirmCreationButton","interaction":{"idSuffix":"BDI-content"}},"wdio_ui5_key":"applicationmanagehandovers-display-component---AddNewHO--confirmCreationButton"}]}
RESULT: {"script":"<script> [1562 bytes]","args":[{"selector":{"id":"application-managehandovers-display-component---AddNewHO--confirmCreationButton","interaction":{"idSuffix":"BDI-content"}},"wdio_ui5_key":"applicationmanagehandovers-display-component---AddNewHO--confirmCreationButton"}]}
RESULT: undefined
COMMAND: POST /session/0157ef9fabb145ee7fb2a1f3feebe51f/element - {"using":"xpath","value":"//*[@id=\"application-managehandovers-display-component---AddNewHO--confirmCreationButton\"]"}
RESULT: {"using":"xpath","value":"//*[@id=\"application-managehandovers-display-component---AddNewHO--confirmCreationButton\"]"}
COMMAND: POST /session/0157ef9fabb145ee7fb2a1f3feebe51f/element/f.2D1A903BB9B117B2180C998CF94CF722.d.003A5A1609618BA2D1C7A3B22029E08B.e.13172/click - {}
RESULT: {}
COMMAND: GET /session/0157ef9fabb145ee7fb2a1f3feebe51f/screenshot - {}
RESULT: {}
COMMAND: POST /session/0157ef9fabb145ee7fb2a1f3feebe51f/element - {"using":"xpath","value":"//button[@data-kt=\"PickingTableConfirmAllButton\"]"}
RESULT: {"using":"xpath","value":"//button[@data-kt=\"PickingTableConfirmAllButton\"]"}
COMMAND: POST /session/0157ef9fabb145ee7fb2a1f3feebe51f/elements - {"using":"xpath","value":"//button[@data-kt=\"PickingTableConfirmAllButton\"]"}
RESULT: {"using":"xpath","value":"//button[@data-kt=\"PickingTableConfirmAllButton\"]"}
COMMAND: POST /session/0157ef9fabb145ee7fb2a1f3feebe51f/elements - {"using":"xpath","value":"//button[@data-kt=\"PickingTableConfirmAllButton\"]"}
RESULT: {"using":"xpath","value":"//button[@data-kt=\"PickingTableConfirmAllButton\"]"}
COMMAND: POST /session/0157ef9fabb145ee7fb2a1f3feebe51f/element - {"using":"xpath","value":"//button[@data-kt=\"PickingTableConfirmAllButton\"]"}
RESULT: {"using":"xpath","value":"//button[@data-kt=\"PickingTableConfirmAllButton\"]"}
COMMAND: POST /session/0157ef9fabb145ee7fb2a1f3feebe51f/element/f.2D1A903BB9B117B2180C998CF94CF722.d.003A5A1609618BA2D1C7A3B22029E08B.e.13436/click - {}
RESULT: {}
COMMAND: GET /session/0157ef9fabb145ee7fb2a1f3feebe51f/screenshot - {}
RESULT: {}
COMMAND: POST /session/0157ef9fabb145ee7fb2a1f3feebe51f/element - {"using":"xpath","value":"//bdi[contains(text(), \"OK\")]"}
RESULT: {"using":"xpath","value":"//bdi[contains(text(), \"OK\")]"}
COMMAND: POST /session/0157ef9fabb145ee7fb2a1f3feebe51f/element/f.2D1A903BB9B117B2180C998CF94CF722.d.003A5A1609618BA2D1C7A3B22029E08B.e.13438/click - {}
RESULT: {}
COMMAND: GET /session/0157ef9fabb145ee7fb2a1f3feebe51f/screenshot - {}
RESULT: {}
COMMAND: POST /session/0157ef9fabb145ee7fb2a1f3feebe51f/element - {"using":"xpath","value":"//bdi[contains(text(), \"Ok\")]"}
RESULT: {"using":"xpath","value":"//bdi[contains(text(), \"Ok\")]"}
COMMAND: POST /session/0157ef9fabb145ee7fb2a1f3feebe51f/element/f.2D1A903BB9B117B2180C998CF94CF722.d.003A5A1609618BA2D1C7A3B22029E08B.e.13446/click - {}
RESULT: {}
COMMAND: GET /session/0157ef9fabb145ee7fb2a1f3feebe51f/screenshot - {}
RESULT: {}
COMMAND: POST /session/0157ef9fabb145ee7fb2a1f3feebe51f/element - {"using":"xpath","value":"//bdi[contains(text(), \"Issue\")]"}
RESULT: {"using":"xpath","value":"//bdi[contains(text(), \"Issue\")]"}
COMMAND: POST /session/0157ef9fabb145ee7fb2a1f3feebe51f/element/f.2D1A903BB9B117B2180C998CF94CF722.d.003A5A1609618BA2D1C7A3B22029E08B.e.13448/click - {}
RESULT: {}
COMMAND: GET /session/0157ef9fabb145ee7fb2a1f3feebe51f/screenshot - {}
RESULT: {}
COMMAND: POST /session/0157ef9fabb145ee7fb2a1f3feebe51f/element - {"using":"css selector","value":"#shell-header-logo"}
RESULT: {"using":"css selector","value":"#shell-header-logo"}
COMMAND: POST /session/0157ef9fabb145ee7fb2a1f3feebe51f/element/f.2D1A903BB9B117B2180C998CF94CF722.d.003A5A1609618BA2D1C7A3B22029E08B.e.12541/click - {}
RESULT: {}
COMMAND: GET /session/0157ef9fabb145ee7fb2a1f3feebe51f/screenshot - {}
RESULT: {}
]]></system-out>
    </testcase>
    <testcase classname="chrome.135_0_7049_42.windows.Create_master_data_for_mixed_billing_&amp;_do_billing_calculation_US151661" name="Should create a few performance documents" time="97.603">
      <system-out><![CDATA[
COMMAND: POST /session/0157ef9fabb145ee7fb2a1f3feebe51f/window/fullscreen - {}
RESULT: {}
COMMAND: POST /session/0157ef9fabb145ee7fb2a1f3feebe51f/execute/async - {"script":"<script> [1562 bytes]","args":[{"selector":{"controlType":"sap.m.GenericTile","properties":{"header":"Manage States & Performance"}},"wdio_ui5_key":"sapm.GenericTile{\"header\":\"Manage States & Performance\"}"}]}
RESULT: {"script":"<script> [1562 bytes]","args":[{"selector":{"controlType":"sap.m.GenericTile","properties":{"header":"Manage States & Performance"}},"wdio_ui5_key":"sapm.GenericTile{\"header\":\"Manage States & Performance\"}"}]}
RESULT: undefined
COMMAND: POST /session/0157ef9fabb145ee7fb2a1f3feebe51f/element - {"using":"xpath","value":"//*[@id=\"__tile56\"]"}
RESULT: {"using":"xpath","value":"//*[@id=\"__tile56\"]"}
COMMAND: POST /session/0157ef9fabb145ee7fb2a1f3feebe51f/element/f.2D1A903BB9B117B2180C998CF94CF722.d.003A5A1609618BA2D1C7A3B22029E08B.e.6506/click - {}
RESULT: {}
COMMAND: POST /session/0157ef9fabb145ee7fb2a1f3feebe51f/execute/async - {"script":"<script> [1562 bytes]","args":[{"selector":{"id":"application-managestatesandperformance-display-component---stateAndPerform--smartFilterBarResources-btnBasicSearch","interaction":{"idSuffix":"I"}},"wdio_ui5_key":"applicationmanagestatesandperformance-display-component---stateAndPerform--smartFilterBarResources-btnBasicSearch"}]}
COMMAND: GET /session/0157ef9fabb145ee7fb2a1f3feebe51f/screenshot - {}
RESULT: {"script":"<script> [1562 bytes]","args":[{"selector":{"id":"application-managestatesandperformance-display-component---stateAndPerform--smartFilterBarResources-btnBasicSearch","interaction":{"idSuffix":"I"}},"wdio_ui5_key":"applicationmanagestatesandperformance-display-component---stateAndPerform--smartFilterBarResources-btnBasicSearch"}]}
RESULT: undefined
COMMAND: POST /session/0157ef9fabb145ee7fb2a1f3feebe51f/execute/async - {"script":"<script> [776 bytes]","args":[{"enterText":"IbSpUo49j6","selector":{"id":"application-managestatesandperformance-display-component---stateAndPerform--smartFilterBarResources-btnBasicSearch","interaction":{"idSuffix":"I"}},"clearTextFirst":true,"interactionType":"ENTER_TEXT"}]}
RESULT: {}
RESULT: {"script":"<script> [776 bytes]","args":[{"enterText":"IbSpUo49j6","selector":{"id":"application-managestatesandperformance-display-component---stateAndPerform--smartFilterBarResources-btnBasicSearch","interaction":{"idSuffix":"I"}},"clearTextFirst":true,"interactionType":"ENTER_TEXT"}]}
COMMAND: POST /session/0157ef9fabb145ee7fb2a1f3feebe51f/actions - {"actions":[{"id":"action44","type":"key","parameters":{},"actions":[{"type":"keyDown","value":""},{"type":"pause","duration":10},{"type":"keyUp","value":""}]}]}
RESULT: {"actions":[{"id":"action44","type":"key","parameters":{},"actions":[{"type":"keyDown","value":""},{"type":"pause","duration":10},{"type":"keyUp","value":""}]}]}
COMMAND: GET /session/0157ef9fabb145ee7fb2a1f3feebe51f/screenshot - {}
RESULT: {}
COMMAND: POST /session/0157ef9fabb145ee7fb2a1f3feebe51f/execute/async - {"script":"<script> [1562 bytes]","args":[{"selector":{"id":"application-managestatesandperformance-display-component---stateAndPerform--stateAndPerformResourcesSmartTable-header"},"wdio_ui5_key":"applicationmanagestatesandperformance-display-component---stateAndPerform--stateAndPerformResourcesSmartTable-header"}]}
RESULT: {"script":"<script> [1562 bytes]","args":[{"selector":{"id":"application-managestatesandperformance-display-component---stateAndPerform--stateAndPerformResourcesSmartTable-header"},"wdio_ui5_key":"applicationmanagestatesandperformance-display-component---stateAndPerform--stateAndPerformResourcesSmartTable-header"}]}
RESULT: undefined
COMMAND: POST /session/0157ef9fabb145ee7fb2a1f3feebe51f/execute/async - {"script":"<script> [6424 bytes]","args":[{"element-6066-11e4-a52e-4f735466cecf":"f.2D1A903BB9B117B2180C998CF94CF722.d.003A5A1609618BA2D1C7A3B22029E08B.e.13839"},"getText",[]]}
RESULT: {"script":"<script> [6424 bytes]","args":[{"element-6066-11e4-a52e-4f735466cecf":"f.2D1A903BB9B117B2180C998CF94CF722.d.003A5A1609618BA2D1C7A3B22029E08B.e.13839"},"getText",[]]}
COMMAND: POST /session/0157ef9fabb145ee7fb2a1f3feebe51f/execute/async - {"script":"<script> [1562 bytes]","args":[{"selector":{"controlType":"sap.ui.core.Icon","viewName":"etm.portal.ui.managestatesandperformance.view.Master","viewId":"application-managestatesandperformance-display-component---stateAndPerform","properties":{"src":{"regex":{"source":"slim\\-arrow\\-right"}}}},"wdio_ui5_key":"etmportal.ui.managestatesandperformance.view.Mastersap.ui.core.Icon{\"src\":{\"regex\":{\"source\":\"slim\\\\-arrow\\\\-right\"}}}"}]}
RESULT: {"script":"<script> [1562 bytes]","args":[{"selector":{"controlType":"sap.ui.core.Icon","viewName":"etm.portal.ui.managestatesandperformance.view.Master","viewId":"application-managestatesandperformance-display-component---stateAndPerform","properties":{"src":{"regex":{"source":"slim\\-arrow\\-right"}}}},"wdio_ui5_key":"etmportal.ui.managestatesandperformance.view.Mastersap.ui.core.Icon{\"src\":{\"regex\":{\"source\":\"slim\\\\-arrow\\\\-right\"}}}"}]}
RESULT: undefined
COMMAND: POST /session/0157ef9fabb145ee7fb2a1f3feebe51f/element - {"using":"xpath","value":"//*[@id=\"__item4184-__clone16265-imgNav\"]"}
RESULT: {"using":"xpath","value":"//*[@id=\"__item4184-__clone16265-imgNav\"]"}
COMMAND: POST /session/0157ef9fabb145ee7fb2a1f3feebe51f/element/f.2D1A903BB9B117B2180C998CF94CF722.d.003A5A1609618BA2D1C7A3B22029E08B.e.13838/click - {}
RESULT: {}
COMMAND: GET /session/0157ef9fabb145ee7fb2a1f3feebe51f/screenshot - {}
RESULT: {}
COMMAND: POST /session/0157ef9fabb145ee7fb2a1f3feebe51f/execute/async - {"script":"<script> [1562 bytes]","args":[{"selector":{"controlType":"sap.m.Button","viewName":"etm.portal.ui.managestatesandperformance.view.Detail","viewId":"application-managestatesandperformance-display-component---detailStateAndPerform","properties":{"text":"Performance Documents"}},"wdio_ui5_key":"etmportal.ui.managestatesandperformance.view.Detailsap.m.Button{\"text\":\"Performance Documents\"}"}]}
RESULT: {"script":"<script> [1562 bytes]","args":[{"selector":{"controlType":"sap.m.Button","viewName":"etm.portal.ui.managestatesandperformance.view.Detail","viewId":"application-managestatesandperformance-display-component---detailStateAndPerform","properties":{"text":"Performance Documents"}},"wdio_ui5_key":"etmportal.ui.managestatesandperformance.view.Detailsap.m.Button{\"text\":\"Performance Documents\"}"}]}
RESULT: undefined
COMMAND: POST /session/0157ef9fabb145ee7fb2a1f3feebe51f/element - {"using":"xpath","value":"//*[@id=\"__item4207-button\"]"}
RESULT: {"using":"xpath","value":"//*[@id=\"__item4207-button\"]"}
COMMAND: POST /session/0157ef9fabb145ee7fb2a1f3feebe51f/element/f.2D1A903BB9B117B2180C998CF94CF722.d.003A5A1609618BA2D1C7A3B22029E08B.e.13886/click - {}
RESULT: {}
COMMAND: POST /session/0157ef9fabb145ee7fb2a1f3feebe51f/execute/async - {"script":"<script> [1562 bytes]","args":[{"selector":{"controlType":"sap.m.Button","viewName":"etm.portal.ui.managestatesandperformance.view.Detail","viewId":"application-managestatesandperformance-display-component---detailStateAndPerform","i18NText":{"propertyName":"text","key":"createPerformanceDoc"},"interaction":{"idSuffix":"BDI-content"}},"wdio_ui5_key":"etmportal.ui.managestatesandperformance.view.Detailsap.m.Button{\"propertyName\":\"text\",\"key\":\"createPerformanceDoc\"}"}]}
COMMAND: GET /session/0157ef9fabb145ee7fb2a1f3feebe51f/screenshot - {}
RESULT: {"script":"<script> [1562 bytes]","args":[{"selector":{"controlType":"sap.m.Button","viewName":"etm.portal.ui.managestatesandperformance.view.Detail","viewId":"application-managestatesandperformance-display-component---detailStateAndPerform","i18NText":{"propertyName":"text","key":"createPerformanceDoc"},"interaction":{"idSuffix":"BDI-content"}},"wdio_ui5_key":"etmportal.ui.managestatesandperformance.view.Detailsap.m.Button{\"propertyName\":\"text\",\"key\":\"createPerformanceDoc\"}"}]}
RESULT: undefined
COMMAND: POST /session/0157ef9fabb145ee7fb2a1f3feebe51f/element - {"using":"xpath","value":"//*[@id=\"__button546\"]"}
RESULT: {}
RESULT: {"using":"xpath","value":"//*[@id=\"__button546\"]"}
COMMAND: POST /session/0157ef9fabb145ee7fb2a1f3feebe51f/element/f.2D1A903BB9B117B2180C998CF94CF722.d.003A5A1609618BA2D1C7A3B22029E08B.e.13890/click - {}
RESULT: {}
COMMAND: POST /session/0157ef9fabb145ee7fb2a1f3feebe51f/execute/async - {"script":"<script> [1562 bytes]","args":[{"selector":{"id":"application-managestatesandperformance-display-component---detailStateAndPerform--perfDocDatePicker","searchOpenDialogs":true,"interaction":{"idSuffix":"inner"}},"wdio_ui5_key":"applicationmanagestatesandperformance-display-component---detailStateAndPerform--perfDocDatePicker"}]}
COMMAND: GET /session/0157ef9fabb145ee7fb2a1f3feebe51f/screenshot - {}
RESULT: {"script":"<script> [1562 bytes]","args":[{"selector":{"id":"application-managestatesandperformance-display-component---detailStateAndPerform--perfDocDatePicker","searchOpenDialogs":true,"interaction":{"idSuffix":"inner"}},"wdio_ui5_key":"applicationmanagestatesandperformance-display-component---detailStateAndPerform--perfDocDatePicker"}]}
RESULT: undefined
COMMAND: POST /session/0157ef9fabb145ee7fb2a1f3feebe51f/execute/async - {"script":"<script> [776 bytes]","args":[{"enterText":"04/19/25","selector":{"id":"application-managestatesandperformance-display-component---detailStateAndPerform--perfDocDatePicker","searchOpenDialogs":true,"interaction":{"idSuffix":"inner"}},"clearTextFirst":true,"interactionType":"ENTER_TEXT"}]}
RESULT: {}
RESULT: {"script":"<script> [776 bytes]","args":[{"enterText":"04/19/25","selector":{"id":"application-managestatesandperformance-display-component---detailStateAndPerform--perfDocDatePicker","searchOpenDialogs":true,"interaction":{"idSuffix":"inner"}},"clearTextFirst":true,"interactionType":"ENTER_TEXT"}]}
COMMAND: POST /session/0157ef9fabb145ee7fb2a1f3feebe51f/execute/async - {"script":"<script> [1562 bytes]","args":[{"selector":{"id":"application-managestatesandperformance-display-component---detailStateAndPerform--counterValue-input","searchOpenDialogs":true,"interaction":{"idSuffix":"inner"}},"wdio_ui5_key":"applicationmanagestatesandperformance-display-component---detailStateAndPerform--counterValue-input"}]}
RESULT: {"script":"<script> [1562 bytes]","args":[{"selector":{"id":"application-managestatesandperformance-display-component---detailStateAndPerform--counterValue-input","searchOpenDialogs":true,"interaction":{"idSuffix":"inner"}},"wdio_ui5_key":"applicationmanagestatesandperformance-display-component---detailStateAndPerform--counterValue-input"}]}
RESULT: undefined
COMMAND: POST /session/0157ef9fabb145ee7fb2a1f3feebe51f/execute/async - {"script":"<script> [776 bytes]","args":[{"enterText":"15.00","selector":{"id":"application-managestatesandperformance-display-component---detailStateAndPerform--counterValue-input","searchOpenDialogs":true,"interaction":{"idSuffix":"inner"}},"clearTextFirst":true,"interactionType":"ENTER_TEXT"}]}
RESULT: {"script":"<script> [776 bytes]","args":[{"enterText":"15.00","selector":{"id":"application-managestatesandperformance-display-component---detailStateAndPerform--counterValue-input","searchOpenDialogs":true,"interaction":{"idSuffix":"inner"}},"clearTextFirst":true,"interactionType":"ENTER_TEXT"}]}
COMMAND: POST /session/0157ef9fabb145ee7fb2a1f3feebe51f/execute/async - {"script":"<script> [1562 bytes]","args":[{"selector":{"controlType":"sap.m.Button","viewName":"etm.portal.ui.managestatesandperformance.view.Detail","viewId":"application-managestatesandperformance-display-component---detailStateAndPerform","bindingPath":{"path":"","propertyPath":"/allowAddEdit","modelName":"oScreenModel"},"searchOpenDialogs":true,"interaction":{"idSuffix":"BDI-content"}},"wdio_ui5_key":"etmportal.ui.managestatesandperformance.view.Detailsap.m.Button{\"path\":\"\",\"propertyPath\":\"/allowAddEdit\",\"modelName\":\"oScreenModel\"}"}]}
RESULT: {"script":"<script> [1562 bytes]","args":[{"selector":{"controlType":"sap.m.Button","viewName":"etm.portal.ui.managestatesandperformance.view.Detail","viewId":"application-managestatesandperformance-display-component---detailStateAndPerform","bindingPath":{"path":"","propertyPath":"/allowAddEdit","modelName":"oScreenModel"},"searchOpenDialogs":true,"interaction":{"idSuffix":"BDI-content"}},"wdio_ui5_key":"etmportal.ui.managestatesandperformance.view.Detailsap.m.Button{\"path\":\"\",\"propertyPath\":\"/allowAddEdit\",\"modelName\":\"oScreenModel\"}"}]}
RESULT: undefined
COMMAND: POST /session/0157ef9fabb145ee7fb2a1f3feebe51f/element - {"using":"xpath","value":"//*[@id=\"__button553\"]"}
RESULT: {"using":"xpath","value":"//*[@id=\"__button553\"]"}
COMMAND: POST /session/0157ef9fabb145ee7fb2a1f3feebe51f/element/f.2D1A903BB9B117B2180C998CF94CF722.d.003A5A1609618BA2D1C7A3B22029E08B.e.13910/click - {}
RESULT: {}
RESULT: undefined
COMMAND: POST /session/0157ef9fabb145ee7fb2a1f3feebe51f/element - {"using":"xpath","value":"//*[@id=\"__button546\"]"}
COMMAND: GET /session/0157ef9fabb145ee7fb2a1f3feebe51f/screenshot - {}
RESULT: {"using":"xpath","value":"//*[@id=\"__button546\"]"}
COMMAND: POST /session/0157ef9fabb145ee7fb2a1f3feebe51f/element/f.2D1A903BB9B117B2180C998CF94CF722.d.003A5A1609618BA2D1C7A3B22029E08B.e.13890/click - {}
RESULT: {}
RESULT: {}
RESULT: undefined
COMMAND: POST /session/0157ef9fabb145ee7fb2a1f3feebe51f/execute/async - {"script":"<script> [776 bytes]","args":[{"enterText":"04/23/25","selector":{"id":"application-managestatesandperformance-display-component---detailStateAndPerform--perfDocDatePicker","searchOpenDialogs":true,"interaction":{"idSuffix":"inner"}},"clearTextFirst":true,"interactionType":"ENTER_TEXT"}]}
COMMAND: GET /session/0157ef9fabb145ee7fb2a1f3feebe51f/screenshot - {}
RESULT: {"script":"<script> [776 bytes]","args":[{"enterText":"04/23/25","selector":{"id":"application-managestatesandperformance-display-component---detailStateAndPerform--perfDocDatePicker","searchOpenDialogs":true,"interaction":{"idSuffix":"inner"}},"clearTextFirst":true,"interactionType":"ENTER_TEXT"}]}
RESULT: undefined
COMMAND: POST /session/0157ef9fabb145ee7fb2a1f3feebe51f/execute/async - {"script":"<script> [776 bytes]","args":[{"enterText":"20.00","selector":{"id":"application-managestatesandperformance-display-component---detailStateAndPerform--counterValue-input","searchOpenDialogs":true,"interaction":{"idSuffix":"inner"}},"clearTextFirst":true,"interactionType":"ENTER_TEXT"}]}
RESULT: {}
RESULT: {"script":"<script> [776 bytes]","args":[{"enterText":"20.00","selector":{"id":"application-managestatesandperformance-display-component---detailStateAndPerform--counterValue-input","searchOpenDialogs":true,"interaction":{"idSuffix":"inner"}},"clearTextFirst":true,"interactionType":"ENTER_TEXT"}]}
COMMAND: POST /session/0157ef9fabb145ee7fb2a1f3feebe51f/actions - {"actions":[{"id":"action45","type":"key","parameters":{},"actions":[{"type":"keyDown","value":""},{"type":"keyDown","value":""},{"type":"pause","duration":10},{"type":"keyUp","value":""},{"type":"keyUp","value":""}]}]}
RESULT: {"actions":[{"id":"action45","type":"key","parameters":{},"actions":[{"type":"keyDown","value":""},{"type":"keyDown","value":""},{"type":"pause","duration":10},{"type":"keyUp","value":""},{"type":"keyUp","value":""}]}]}
COMMAND: POST /session/0157ef9fabb145ee7fb2a1f3feebe51f/actions - {"actions":[{"id":"action46","type":"key","parameters":{},"actions":[{"type":"keyDown","value":""},{"type":"pause","duration":10},{"type":"keyUp","value":""}]}]}
COMMAND: GET /session/0157ef9fabb145ee7fb2a1f3feebe51f/screenshot - {}
RESULT: {"actions":[{"id":"action46","type":"key","parameters":{},"actions":[{"type":"keyDown","value":""},{"type":"pause","duration":10},{"type":"keyUp","value":""}]}]}
RESULT: undefined
COMMAND: POST /session/0157ef9fabb145ee7fb2a1f3feebe51f/element - {"using":"xpath","value":"//*[@id=\"__button553\"]"}
COMMAND: GET /session/0157ef9fabb145ee7fb2a1f3feebe51f/screenshot - {}
RESULT: {}
RESULT: {"using":"xpath","value":"//*[@id=\"__button553\"]"}
COMMAND: POST /session/0157ef9fabb145ee7fb2a1f3feebe51f/elements - {"using":"xpath","value":"//*[@id=\"__button553\"]"}
RESULT: {}
RESULT: {"using":"xpath","value":"//*[@id=\"__button553\"]"}
COMMAND: POST /session/0157ef9fabb145ee7fb2a1f3feebe51f/elements - {"using":"xpath","value":"//*[@id=\"__button553\"]"}
RESULT: {"using":"xpath","value":"//*[@id=\"__button553\"]"}
COMMAND: POST /session/0157ef9fabb145ee7fb2a1f3feebe51f/elements - {"using":"xpath","value":"//*[@id=\"__button553\"]"}
RESULT: {"using":"xpath","value":"//*[@id=\"__button553\"]"}
COMMAND: POST /session/0157ef9fabb145ee7fb2a1f3feebe51f/elements - {"using":"xpath","value":"//*[@id=\"__button553\"]"}
RESULT: {"using":"xpath","value":"//*[@id=\"__button553\"]"}
COMMAND: POST /session/0157ef9fabb145ee7fb2a1f3feebe51f/elements - {"using":"xpath","value":"//*[@id=\"__button553\"]"}
RESULT: {"using":"xpath","value":"//*[@id=\"__button553\"]"}
COMMAND: POST /session/0157ef9fabb145ee7fb2a1f3feebe51f/elements - {"using":"xpath","value":"//*[@id=\"__button553\"]"}
RESULT: {"using":"xpath","value":"//*[@id=\"__button553\"]"}
COMMAND: POST /session/0157ef9fabb145ee7fb2a1f3feebe51f/elements - {"using":"xpath","value":"//*[@id=\"__button553\"]"}
RESULT: {"using":"xpath","value":"//*[@id=\"__button553\"]"}
COMMAND: POST /session/0157ef9fabb145ee7fb2a1f3feebe51f/elements - {"using":"xpath","value":"//*[@id=\"__button553\"]"}
RESULT: {"using":"xpath","value":"//*[@id=\"__button553\"]"}
COMMAND: POST /session/0157ef9fabb145ee7fb2a1f3feebe51f/elements - {"using":"xpath","value":"//*[@id=\"__button553\"]"}
RESULT: {"using":"xpath","value":"//*[@id=\"__button553\"]"}
COMMAND: POST /session/0157ef9fabb145ee7fb2a1f3feebe51f/elements - {"using":"xpath","value":"//*[@id=\"__button553\"]"}
RESULT: {"using":"xpath","value":"//*[@id=\"__button553\"]"}
COMMAND: POST /session/0157ef9fabb145ee7fb2a1f3feebe51f/elements - {"using":"xpath","value":"//*[@id=\"__button553\"]"}
RESULT: {"using":"xpath","value":"//*[@id=\"__button553\"]"}
COMMAND: POST /session/0157ef9fabb145ee7fb2a1f3feebe51f/elements - {"using":"xpath","value":"//*[@id=\"__button553\"]"}
RESULT: {"using":"xpath","value":"//*[@id=\"__button553\"]"}
COMMAND: POST /session/0157ef9fabb145ee7fb2a1f3feebe51f/elements - {"using":"xpath","value":"//*[@id=\"__button553\"]"}
RESULT: {"using":"xpath","value":"//*[@id=\"__button553\"]"}
COMMAND: POST /session/0157ef9fabb145ee7fb2a1f3feebe51f/elements - {"using":"xpath","value":"//*[@id=\"__button553\"]"}
RESULT: {"using":"xpath","value":"//*[@id=\"__button553\"]"}
COMMAND: POST /session/0157ef9fabb145ee7fb2a1f3feebe51f/elements - {"using":"xpath","value":"//*[@id=\"__button553\"]"}
RESULT: {"using":"xpath","value":"//*[@id=\"__button553\"]"}
COMMAND: POST /session/0157ef9fabb145ee7fb2a1f3feebe51f/elements - {"using":"xpath","value":"//*[@id=\"__button553\"]"}
RESULT: {"using":"xpath","value":"//*[@id=\"__button553\"]"}
COMMAND: POST /session/0157ef9fabb145ee7fb2a1f3feebe51f/elements - {"using":"xpath","value":"//*[@id=\"__button553\"]"}
RESULT: {"using":"xpath","value":"//*[@id=\"__button553\"]"}
COMMAND: POST /session/0157ef9fabb145ee7fb2a1f3feebe51f/elements - {"using":"xpath","value":"//*[@id=\"__button553\"]"}
RESULT: {"using":"xpath","value":"//*[@id=\"__button553\"]"}
COMMAND: POST /session/0157ef9fabb145ee7fb2a1f3feebe51f/elements - {"using":"xpath","value":"//*[@id=\"__button553\"]"}
RESULT: {"using":"xpath","value":"//*[@id=\"__button553\"]"}
COMMAND: POST /session/0157ef9fabb145ee7fb2a1f3feebe51f/elements - {"using":"xpath","value":"//*[@id=\"__button553\"]"}
RESULT: {"using":"xpath","value":"//*[@id=\"__button553\"]"}
COMMAND: POST /session/0157ef9fabb145ee7fb2a1f3feebe51f/elements - {"using":"xpath","value":"//*[@id=\"__button553\"]"}
RESULT: {"using":"xpath","value":"//*[@id=\"__button553\"]"}
COMMAND: POST /session/0157ef9fabb145ee7fb2a1f3feebe51f/elements - {"using":"xpath","value":"//*[@id=\"__button553\"]"}
RESULT: {"using":"xpath","value":"//*[@id=\"__button553\"]"}
COMMAND: POST /session/0157ef9fabb145ee7fb2a1f3feebe51f/elements - {"using":"xpath","value":"//*[@id=\"__button553\"]"}
RESULT: {"using":"xpath","value":"//*[@id=\"__button553\"]"}
COMMAND: POST /session/0157ef9fabb145ee7fb2a1f3feebe51f/elements - {"using":"xpath","value":"//*[@id=\"__button553\"]"}
RESULT: {"using":"xpath","value":"//*[@id=\"__button553\"]"}
COMMAND: POST /session/0157ef9fabb145ee7fb2a1f3feebe51f/elements - {"using":"xpath","value":"//*[@id=\"__button553\"]"}
RESULT: {"using":"xpath","value":"//*[@id=\"__button553\"]"}
COMMAND: POST /session/0157ef9fabb145ee7fb2a1f3feebe51f/elements - {"using":"xpath","value":"//*[@id=\"__button553\"]"}
RESULT: {"using":"xpath","value":"//*[@id=\"__button553\"]"}
COMMAND: POST /session/0157ef9fabb145ee7fb2a1f3feebe51f/elements - {"using":"xpath","value":"//*[@id=\"__button553\"]"}
RESULT: {"using":"xpath","value":"//*[@id=\"__button553\"]"}
COMMAND: POST /session/0157ef9fabb145ee7fb2a1f3feebe51f/elements - {"using":"xpath","value":"//*[@id=\"__button553\"]"}
RESULT: {"using":"xpath","value":"//*[@id=\"__button553\"]"}
COMMAND: POST /session/0157ef9fabb145ee7fb2a1f3feebe51f/elements - {"using":"xpath","value":"//*[@id=\"__button553\"]"}
RESULT: {"using":"xpath","value":"//*[@id=\"__button553\"]"}
COMMAND: POST /session/0157ef9fabb145ee7fb2a1f3feebe51f/elements - {"using":"xpath","value":"//*[@id=\"__button553\"]"}
RESULT: {"using":"xpath","value":"//*[@id=\"__button553\"]"}
COMMAND: POST /session/0157ef9fabb145ee7fb2a1f3feebe51f/elements - {"using":"xpath","value":"//*[@id=\"__button553\"]"}
RESULT: {"using":"xpath","value":"//*[@id=\"__button553\"]"}
COMMAND: POST /session/0157ef9fabb145ee7fb2a1f3feebe51f/elements - {"using":"xpath","value":"//*[@id=\"__button553\"]"}
RESULT: {"using":"xpath","value":"//*[@id=\"__button553\"]"}
COMMAND: POST /session/0157ef9fabb145ee7fb2a1f3feebe51f/elements - {"using":"xpath","value":"//*[@id=\"__button553\"]"}
RESULT: {"using":"xpath","value":"//*[@id=\"__button553\"]"}
COMMAND: POST /session/0157ef9fabb145ee7fb2a1f3feebe51f/elements - {"using":"xpath","value":"//*[@id=\"__button553\"]"}
RESULT: {"using":"xpath","value":"//*[@id=\"__button553\"]"}
COMMAND: POST /session/0157ef9fabb145ee7fb2a1f3feebe51f/elements - {"using":"xpath","value":"//*[@id=\"__button553\"]"}
RESULT: {"using":"xpath","value":"//*[@id=\"__button553\"]"}
COMMAND: POST /session/0157ef9fabb145ee7fb2a1f3feebe51f/elements - {"using":"xpath","value":"//*[@id=\"__button553\"]"}
RESULT: {"using":"xpath","value":"//*[@id=\"__button553\"]"}
COMMAND: POST /session/0157ef9fabb145ee7fb2a1f3feebe51f/elements - {"using":"xpath","value":"//*[@id=\"__button553\"]"}
RESULT: {"using":"xpath","value":"//*[@id=\"__button553\"]"}
COMMAND: POST /session/0157ef9fabb145ee7fb2a1f3feebe51f/elements - {"using":"xpath","value":"//*[@id=\"__button553\"]"}
RESULT: {"using":"xpath","value":"//*[@id=\"__button553\"]"}
COMMAND: POST /session/0157ef9fabb145ee7fb2a1f3feebe51f/elements - {"using":"xpath","value":"//*[@id=\"__button553\"]"}
RESULT: {"using":"xpath","value":"//*[@id=\"__button553\"]"}
COMMAND: POST /session/0157ef9fabb145ee7fb2a1f3feebe51f/elements - {"using":"xpath","value":"//*[@id=\"__button553\"]"}
RESULT: {"using":"xpath","value":"//*[@id=\"__button553\"]"}
COMMAND: POST /session/0157ef9fabb145ee7fb2a1f3feebe51f/elements - {"using":"xpath","value":"//*[@id=\"__button553\"]"}
RESULT: {"using":"xpath","value":"//*[@id=\"__button553\"]"}
COMMAND: POST /session/0157ef9fabb145ee7fb2a1f3feebe51f/elements - {"using":"xpath","value":"//*[@id=\"__button553\"]"}
RESULT: {"using":"xpath","value":"//*[@id=\"__button553\"]"}
COMMAND: POST /session/0157ef9fabb145ee7fb2a1f3feebe51f/elements - {"using":"xpath","value":"//*[@id=\"__button553\"]"}
RESULT: {"using":"xpath","value":"//*[@id=\"__button553\"]"}
COMMAND: POST /session/0157ef9fabb145ee7fb2a1f3feebe51f/elements - {"using":"xpath","value":"//*[@id=\"__button553\"]"}
RESULT: {"using":"xpath","value":"//*[@id=\"__button553\"]"}
COMMAND: POST /session/0157ef9fabb145ee7fb2a1f3feebe51f/elements - {"using":"xpath","value":"//*[@id=\"__button553\"]"}
RESULT: {"using":"xpath","value":"//*[@id=\"__button553\"]"}
COMMAND: POST /session/0157ef9fabb145ee7fb2a1f3feebe51f/elements - {"using":"xpath","value":"//*[@id=\"__button553\"]"}
RESULT: {"using":"xpath","value":"//*[@id=\"__button553\"]"}
COMMAND: POST /session/0157ef9fabb145ee7fb2a1f3feebe51f/elements - {"using":"xpath","value":"//*[@id=\"__button553\"]"}
RESULT: {"using":"xpath","value":"//*[@id=\"__button553\"]"}
COMMAND: POST /session/0157ef9fabb145ee7fb2a1f3feebe51f/elements - {"using":"xpath","value":"//*[@id=\"__button553\"]"}
RESULT: {"using":"xpath","value":"//*[@id=\"__button553\"]"}
COMMAND: POST /session/0157ef9fabb145ee7fb2a1f3feebe51f/elements - {"using":"xpath","value":"//*[@id=\"__button553\"]"}
RESULT: {"using":"xpath","value":"//*[@id=\"__button553\"]"}
COMMAND: POST /session/0157ef9fabb145ee7fb2a1f3feebe51f/elements - {"using":"xpath","value":"//*[@id=\"__button553\"]"}
RESULT: {"using":"xpath","value":"//*[@id=\"__button553\"]"}
COMMAND: POST /session/0157ef9fabb145ee7fb2a1f3feebe51f/elements - {"using":"xpath","value":"//*[@id=\"__button553\"]"}
RESULT: {"using":"xpath","value":"//*[@id=\"__button553\"]"}
COMMAND: POST /session/0157ef9fabb145ee7fb2a1f3feebe51f/elements - {"using":"xpath","value":"//*[@id=\"__button553\"]"}
RESULT: {"using":"xpath","value":"//*[@id=\"__button553\"]"}
COMMAND: POST /session/0157ef9fabb145ee7fb2a1f3feebe51f/elements - {"using":"xpath","value":"//*[@id=\"__button553\"]"}
RESULT: {"using":"xpath","value":"//*[@id=\"__button553\"]"}
COMMAND: POST /session/0157ef9fabb145ee7fb2a1f3feebe51f/elements - {"using":"xpath","value":"//*[@id=\"__button553\"]"}
RESULT: {"using":"xpath","value":"//*[@id=\"__button553\"]"}
COMMAND: POST /session/0157ef9fabb145ee7fb2a1f3feebe51f/elements - {"using":"xpath","value":"//*[@id=\"__button553\"]"}
RESULT: {"using":"xpath","value":"//*[@id=\"__button553\"]"}
COMMAND: POST /session/0157ef9fabb145ee7fb2a1f3feebe51f/elements - {"using":"xpath","value":"//*[@id=\"__button553\"]"}
RESULT: {"using":"xpath","value":"//*[@id=\"__button553\"]"}
COMMAND: POST /session/0157ef9fabb145ee7fb2a1f3feebe51f/elements - {"using":"xpath","value":"//*[@id=\"__button553\"]"}
RESULT: {"using":"xpath","value":"//*[@id=\"__button553\"]"}
COMMAND: POST /session/0157ef9fabb145ee7fb2a1f3feebe51f/elements - {"using":"xpath","value":"//*[@id=\"__button553\"]"}
RESULT: {"using":"xpath","value":"//*[@id=\"__button553\"]"}
COMMAND: POST /session/0157ef9fabb145ee7fb2a1f3feebe51f/elements - {"using":"xpath","value":"//*[@id=\"__button553\"]"}
RESULT: {"using":"xpath","value":"//*[@id=\"__button553\"]"}
COMMAND: POST /session/0157ef9fabb145ee7fb2a1f3feebe51f/elements - {"using":"xpath","value":"//*[@id=\"__button553\"]"}
RESULT: {"using":"xpath","value":"//*[@id=\"__button553\"]"}
COMMAND: POST /session/0157ef9fabb145ee7fb2a1f3feebe51f/elements - {"using":"xpath","value":"//*[@id=\"__button553\"]"}
RESULT: {"using":"xpath","value":"//*[@id=\"__button553\"]"}
COMMAND: POST /session/0157ef9fabb145ee7fb2a1f3feebe51f/elements - {"using":"xpath","value":"//*[@id=\"__button553\"]"}
RESULT: {"using":"xpath","value":"//*[@id=\"__button553\"]"}
COMMAND: POST /session/0157ef9fabb145ee7fb2a1f3feebe51f/elements - {"using":"xpath","value":"//*[@id=\"__button553\"]"}
RESULT: {"using":"xpath","value":"//*[@id=\"__button553\"]"}
COMMAND: POST /session/0157ef9fabb145ee7fb2a1f3feebe51f/elements - {"using":"xpath","value":"//*[@id=\"__button553\"]"}
RESULT: {"using":"xpath","value":"//*[@id=\"__button553\"]"}
COMMAND: POST /session/0157ef9fabb145ee7fb2a1f3feebe51f/elements - {"using":"xpath","value":"//*[@id=\"__button553\"]"}
RESULT: {"using":"xpath","value":"//*[@id=\"__button553\"]"}
COMMAND: POST /session/0157ef9fabb145ee7fb2a1f3feebe51f/elements - {"using":"xpath","value":"//*[@id=\"__button553\"]"}
RESULT: {"using":"xpath","value":"//*[@id=\"__button553\"]"}
COMMAND: POST /session/0157ef9fabb145ee7fb2a1f3feebe51f/elements - {"using":"xpath","value":"//*[@id=\"__button553\"]"}
RESULT: {"using":"xpath","value":"//*[@id=\"__button553\"]"}
COMMAND: POST /session/0157ef9fabb145ee7fb2a1f3feebe51f/elements - {"using":"xpath","value":"//*[@id=\"__button553\"]"}
RESULT: {"using":"xpath","value":"//*[@id=\"__button553\"]"}
COMMAND: POST /session/0157ef9fabb145ee7fb2a1f3feebe51f/elements - {"using":"xpath","value":"//*[@id=\"__button553\"]"}
RESULT: {"using":"xpath","value":"//*[@id=\"__button553\"]"}
COMMAND: POST /session/0157ef9fabb145ee7fb2a1f3feebe51f/elements - {"using":"xpath","value":"//*[@id=\"__button553\"]"}
RESULT: {"using":"xpath","value":"//*[@id=\"__button553\"]"}
COMMAND: POST /session/0157ef9fabb145ee7fb2a1f3feebe51f/elements - {"using":"xpath","value":"//*[@id=\"__button553\"]"}
RESULT: {"using":"xpath","value":"//*[@id=\"__button553\"]"}
COMMAND: POST /session/0157ef9fabb145ee7fb2a1f3feebe51f/elements - {"using":"xpath","value":"//*[@id=\"__button553\"]"}
RESULT: {"using":"xpath","value":"//*[@id=\"__button553\"]"}
COMMAND: POST /session/0157ef9fabb145ee7fb2a1f3feebe51f/elements - {"using":"xpath","value":"//*[@id=\"__button553\"]"}
RESULT: {"using":"xpath","value":"//*[@id=\"__button553\"]"}
COMMAND: POST /session/0157ef9fabb145ee7fb2a1f3feebe51f/elements - {"using":"xpath","value":"//*[@id=\"__button553\"]"}
RESULT: {"using":"xpath","value":"//*[@id=\"__button553\"]"}
COMMAND: POST /session/0157ef9fabb145ee7fb2a1f3feebe51f/elements - {"using":"xpath","value":"//*[@id=\"__button553\"]"}
RESULT: {"using":"xpath","value":"//*[@id=\"__button553\"]"}
COMMAND: POST /session/0157ef9fabb145ee7fb2a1f3feebe51f/elements - {"using":"xpath","value":"//*[@id=\"__button553\"]"}
RESULT: {"using":"xpath","value":"//*[@id=\"__button553\"]"}
COMMAND: POST /session/0157ef9fabb145ee7fb2a1f3feebe51f/elements - {"using":"xpath","value":"//*[@id=\"__button553\"]"}
RESULT: {"using":"xpath","value":"//*[@id=\"__button553\"]"}
COMMAND: POST /session/0157ef9fabb145ee7fb2a1f3feebe51f/elements - {"using":"xpath","value":"//*[@id=\"__button553\"]"}
RESULT: {"using":"xpath","value":"//*[@id=\"__button553\"]"}
COMMAND: POST /session/0157ef9fabb145ee7fb2a1f3feebe51f/elements - {"using":"xpath","value":"//*[@id=\"__button553\"]"}
RESULT: {"using":"xpath","value":"//*[@id=\"__button553\"]"}
COMMAND: POST /session/0157ef9fabb145ee7fb2a1f3feebe51f/elements - {"using":"xpath","value":"//*[@id=\"__button553\"]"}
RESULT: {"using":"xpath","value":"//*[@id=\"__button553\"]"}
COMMAND: POST /session/0157ef9fabb145ee7fb2a1f3feebe51f/elements - {"using":"xpath","value":"//*[@id=\"__button553\"]"}
RESULT: {"using":"xpath","value":"//*[@id=\"__button553\"]"}
COMMAND: POST /session/0157ef9fabb145ee7fb2a1f3feebe51f/elements - {"using":"xpath","value":"//*[@id=\"__button553\"]"}
RESULT: {"using":"xpath","value":"//*[@id=\"__button553\"]"}
COMMAND: POST /session/0157ef9fabb145ee7fb2a1f3feebe51f/elements - {"using":"xpath","value":"//*[@id=\"__button553\"]"}
RESULT: {"using":"xpath","value":"//*[@id=\"__button553\"]"}
COMMAND: POST /session/0157ef9fabb145ee7fb2a1f3feebe51f/elements - {"using":"xpath","value":"//*[@id=\"__button553\"]"}
RESULT: {"using":"xpath","value":"//*[@id=\"__button553\"]"}
COMMAND: POST /session/0157ef9fabb145ee7fb2a1f3feebe51f/elements - {"using":"xpath","value":"//*[@id=\"__button553\"]"}
RESULT: {"using":"xpath","value":"//*[@id=\"__button553\"]"}
COMMAND: POST /session/0157ef9fabb145ee7fb2a1f3feebe51f/elements - {"using":"xpath","value":"//*[@id=\"__button553\"]"}
RESULT: {"using":"xpath","value":"//*[@id=\"__button553\"]"}
COMMAND: POST /session/0157ef9fabb145ee7fb2a1f3feebe51f/elements - {"using":"xpath","value":"//*[@id=\"__button553\"]"}
RESULT: {"using":"xpath","value":"//*[@id=\"__button553\"]"}
COMMAND: POST /session/0157ef9fabb145ee7fb2a1f3feebe51f/elements - {"using":"xpath","value":"//*[@id=\"__button553\"]"}
RESULT: {"using":"xpath","value":"//*[@id=\"__button553\"]"}
COMMAND: POST /session/0157ef9fabb145ee7fb2a1f3feebe51f/elements - {"using":"xpath","value":"//*[@id=\"__button553\"]"}
RESULT: {"using":"xpath","value":"//*[@id=\"__button553\"]"}
COMMAND: POST /session/0157ef9fabb145ee7fb2a1f3feebe51f/elements - {"using":"xpath","value":"//*[@id=\"__button553\"]"}
RESULT: {"using":"xpath","value":"//*[@id=\"__button553\"]"}
COMMAND: POST /session/0157ef9fabb145ee7fb2a1f3feebe51f/elements - {"using":"xpath","value":"//*[@id=\"__button553\"]"}
RESULT: {"using":"xpath","value":"//*[@id=\"__button553\"]"}
COMMAND: POST /session/0157ef9fabb145ee7fb2a1f3feebe51f/elements - {"using":"xpath","value":"//*[@id=\"__button553\"]"}
RESULT: {"using":"xpath","value":"//*[@id=\"__button553\"]"}
COMMAND: POST /session/0157ef9fabb145ee7fb2a1f3feebe51f/elements - {"using":"xpath","value":"//*[@id=\"__button553\"]"}
RESULT: {"using":"xpath","value":"//*[@id=\"__button553\"]"}
COMMAND: POST /session/0157ef9fabb145ee7fb2a1f3feebe51f/elements - {"using":"xpath","value":"//*[@id=\"__button553\"]"}
RESULT: {"using":"xpath","value":"//*[@id=\"__button553\"]"}
COMMAND: POST /session/0157ef9fabb145ee7fb2a1f3feebe51f/elements - {"using":"xpath","value":"//*[@id=\"__button553\"]"}
RESULT: {"using":"xpath","value":"//*[@id=\"__button553\"]"}
COMMAND: POST /session/0157ef9fabb145ee7fb2a1f3feebe51f/elements - {"using":"xpath","value":"//*[@id=\"__button553\"]"}
RESULT: {"using":"xpath","value":"//*[@id=\"__button553\"]"}
COMMAND: POST /session/0157ef9fabb145ee7fb2a1f3feebe51f/elements - {"using":"xpath","value":"//*[@id=\"__button553\"]"}
RESULT: {"using":"xpath","value":"//*[@id=\"__button553\"]"}
COMMAND: POST /session/0157ef9fabb145ee7fb2a1f3feebe51f/elements - {"using":"xpath","value":"//*[@id=\"__button553\"]"}
RESULT: {"using":"xpath","value":"//*[@id=\"__button553\"]"}
COMMAND: POST /session/0157ef9fabb145ee7fb2a1f3feebe51f/elements - {"using":"xpath","value":"//*[@id=\"__button553\"]"}
RESULT: {"using":"xpath","value":"//*[@id=\"__button553\"]"}
COMMAND: POST /session/0157ef9fabb145ee7fb2a1f3feebe51f/elements - {"using":"xpath","value":"//*[@id=\"__button553\"]"}
RESULT: {"using":"xpath","value":"//*[@id=\"__button553\"]"}
COMMAND: POST /session/0157ef9fabb145ee7fb2a1f3feebe51f/elements - {"using":"xpath","value":"//*[@id=\"__button553\"]"}
RESULT: {"using":"xpath","value":"//*[@id=\"__button553\"]"}
COMMAND: POST /session/0157ef9fabb145ee7fb2a1f3feebe51f/elements - {"using":"xpath","value":"//*[@id=\"__button553\"]"}
RESULT: {"using":"xpath","value":"//*[@id=\"__button553\"]"}
COMMAND: POST /session/0157ef9fabb145ee7fb2a1f3feebe51f/elements - {"using":"xpath","value":"//*[@id=\"__button553\"]"}
RESULT: {"using":"xpath","value":"//*[@id=\"__button553\"]"}
COMMAND: POST /session/0157ef9fabb145ee7fb2a1f3feebe51f/elements - {"using":"xpath","value":"//*[@id=\"__button553\"]"}
RESULT: {"using":"xpath","value":"//*[@id=\"__button553\"]"}
COMMAND: POST /session/0157ef9fabb145ee7fb2a1f3feebe51f/elements - {"using":"xpath","value":"//*[@id=\"__button553\"]"}
RESULT: {"using":"xpath","value":"//*[@id=\"__button553\"]"}
COMMAND: POST /session/0157ef9fabb145ee7fb2a1f3feebe51f/elements - {"using":"xpath","value":"//*[@id=\"__button553\"]"}
RESULT: {"using":"xpath","value":"//*[@id=\"__button553\"]"}
COMMAND: POST /session/0157ef9fabb145ee7fb2a1f3feebe51f/elements - {"using":"xpath","value":"//*[@id=\"__button553\"]"}
RESULT: {"using":"xpath","value":"//*[@id=\"__button553\"]"}
COMMAND: POST /session/0157ef9fabb145ee7fb2a1f3feebe51f/elements - {"using":"xpath","value":"//*[@id=\"__button553\"]"}
RESULT: {"using":"xpath","value":"//*[@id=\"__button553\"]"}
COMMAND: POST /session/0157ef9fabb145ee7fb2a1f3feebe51f/elements - {"using":"xpath","value":"//*[@id=\"__button553\"]"}
RESULT: {"using":"xpath","value":"//*[@id=\"__button553\"]"}
COMMAND: POST /session/0157ef9fabb145ee7fb2a1f3feebe51f/elements - {"using":"xpath","value":"//*[@id=\"__button553\"]"}
RESULT: {"using":"xpath","value":"//*[@id=\"__button553\"]"}
COMMAND: POST /session/0157ef9fabb145ee7fb2a1f3feebe51f/elements - {"using":"xpath","value":"//*[@id=\"__button553\"]"}
RESULT: {"using":"xpath","value":"//*[@id=\"__button553\"]"}
COMMAND: POST /session/0157ef9fabb145ee7fb2a1f3feebe51f/elements - {"using":"xpath","value":"//*[@id=\"__button553\"]"}
RESULT: {"using":"xpath","value":"//*[@id=\"__button553\"]"}
COMMAND: POST /session/0157ef9fabb145ee7fb2a1f3feebe51f/elements - {"using":"xpath","value":"//*[@id=\"__button553\"]"}
RESULT: {"using":"xpath","value":"//*[@id=\"__button553\"]"}
COMMAND: POST /session/0157ef9fabb145ee7fb2a1f3feebe51f/elements - {"using":"xpath","value":"//*[@id=\"__button553\"]"}
RESULT: {"using":"xpath","value":"//*[@id=\"__button553\"]"}
COMMAND: POST /session/0157ef9fabb145ee7fb2a1f3feebe51f/elements - {"using":"xpath","value":"//*[@id=\"__button553\"]"}
RESULT: {"using":"xpath","value":"//*[@id=\"__button553\"]"}
COMMAND: POST /session/0157ef9fabb145ee7fb2a1f3feebe51f/elements - {"using":"xpath","value":"//*[@id=\"__button553\"]"}
RESULT: {"using":"xpath","value":"//*[@id=\"__button553\"]"}
COMMAND: POST /session/0157ef9fabb145ee7fb2a1f3feebe51f/elements - {"using":"xpath","value":"//*[@id=\"__button553\"]"}
RESULT: {"using":"xpath","value":"//*[@id=\"__button553\"]"}
COMMAND: POST /session/0157ef9fabb145ee7fb2a1f3feebe51f/elements - {"using":"xpath","value":"//*[@id=\"__button553\"]"}
RESULT: {"using":"xpath","value":"//*[@id=\"__button553\"]"}
COMMAND: POST /session/0157ef9fabb145ee7fb2a1f3feebe51f/elements - {"using":"xpath","value":"//*[@id=\"__button553\"]"}
RESULT: {"using":"xpath","value":"//*[@id=\"__button553\"]"}
COMMAND: POST /session/0157ef9fabb145ee7fb2a1f3feebe51f/elements - {"using":"xpath","value":"//*[@id=\"__button553\"]"}
RESULT: {"using":"xpath","value":"//*[@id=\"__button553\"]"}
COMMAND: POST /session/0157ef9fabb145ee7fb2a1f3feebe51f/element - {"using":"css selector","value":"#shell-header-logo"}
RESULT: {"using":"css selector","value":"#shell-header-logo"}
COMMAND: POST /session/0157ef9fabb145ee7fb2a1f3feebe51f/execute/sync - {"script":"<script> [8489 bytes]","args":[{"element-6066-11e4-a52e-4f735466cecf":"f.2D1A903BB9B117B2180C998CF94CF722.d.003A5A1609618BA2D1C7A3B22029E08B.e.13738","ELEMENT":"f.2D1A903BB9B117B2180C998CF94CF722.d.003A5A1609618BA2D1C7A3B22029E08B.e.13738"}]}
RESULT: {"script":"<script> [8489 bytes]","args":[{"element-6066-11e4-a52e-4f735466cecf":"f.2D1A903BB9B117B2180C998CF94CF722.d.003A5A1609618BA2D1C7A3B22029E08B.e.13738","ELEMENT":"f.2D1A903BB9B117B2180C998CF94CF722.d.003A5A1609618BA2D1C7A3B22029E08B.e.13738"}]}
COMMAND: POST /session/0157ef9fabb145ee7fb2a1f3feebe51f/execute/sync - {"script":"<script> [5351 bytes]","args":[{"element-6066-11e4-a52e-4f735466cecf":"f.2D1A903BB9B117B2180C998CF94CF722.d.003A5A1609618BA2D1C7A3B22029E08B.e.13738","ELEMENT":"f.2D1A903BB9B117B2180C998CF94CF722.d.003A5A1609618BA2D1C7A3B22029E08B.e.13738"}]}
COMMAND: GET /session/0157ef9fabb145ee7fb2a1f3feebe51f/screenshot - {}
RESULT: {"script":"<script> [5351 bytes]","args":[{"element-6066-11e4-a52e-4f735466cecf":"f.2D1A903BB9B117B2180C998CF94CF722.d.003A5A1609618BA2D1C7A3B22029E08B.e.13738","ELEMENT":"f.2D1A903BB9B117B2180C998CF94CF722.d.003A5A1609618BA2D1C7A3B22029E08B.e.13738"}]}
COMMAND: POST /session/0157ef9fabb145ee7fb2a1f3feebe51f/element/f.2D1A903BB9B117B2180C998CF94CF722.d.003A5A1609618BA2D1C7A3B22029E08B.e.13738/click - {}
COMMAND: GET /session/0157ef9fabb145ee7fb2a1f3feebe51f/screenshot - {}
RESULT: {}
RESULT: {}
COMMAND: GET /session/0157ef9fabb145ee7fb2a1f3feebe51f/screenshot - {}
]]></system-out>
    </testcase>
    <testcase classname="chrome.135_0_7049_42.windows.Create_master_data_for_mixed_billing_&amp;_do_billing_calculation_US151661" name="Should go to Manage Billings and trigger calculation check the conditions applied" time="65.12">
      <system-out><![CDATA[
COMMAND: POST /session/0157ef9fabb145ee7fb2a1f3feebe51f/execute/async - {"script":"<script> [1562 bytes]","args":[{"selector":{"controlType":"sap.m.GenericTile","properties":{"header":"Manage Billings"}},"wdio_ui5_key":"sapm.GenericTile{\"header\":\"Manage Billings\"}"}]}
RESULT: {}
RESULT: {}
RESULT: {"script":"<script> [1562 bytes]","args":[{"selector":{"controlType":"sap.m.GenericTile","properties":{"header":"Manage Billings"}},"wdio_ui5_key":"sapm.GenericTile{\"header\":\"Manage Billings\"}"}]}
RESULT: undefined
COMMAND: POST /session/0157ef9fabb145ee7fb2a1f3feebe51f/element - {"using":"xpath","value":"//*[@id=\"__tile51\"]"}
RESULT: {"using":"xpath","value":"//*[@id=\"__tile51\"]"}
COMMAND: POST /session/0157ef9fabb145ee7fb2a1f3feebe51f/element/f.2D1A903BB9B117B2180C998CF94CF722.d.003A5A1609618BA2D1C7A3B22029E08B.e.6444/click - {}
RESULT: {}
COMMAND: GET /session/0157ef9fabb145ee7fb2a1f3feebe51f/screenshot - {}
COMMAND: POST /session/0157ef9fabb145ee7fb2a1f3feebe51f/execute/async - {"script":"<script> [1562 bytes]","args":[{"selector":{"id":"application-managebillings-display-component---billRunCalcResult--smartFilterBar-btnBasicSearch","interaction":{"idSuffix":"I"}},"wdio_ui5_key":"applicationmanagebillings-display-component---billRunCalcResult--smartFilterBar-btnBasicSearch"}]}
RESULT: {}
RESULT: {"script":"<script> [1562 bytes]","args":[{"selector":{"id":"application-managebillings-display-component---billRunCalcResult--smartFilterBar-btnBasicSearch","interaction":{"idSuffix":"I"}},"wdio_ui5_key":"applicationmanagebillings-display-component---billRunCalcResult--smartFilterBar-btnBasicSearch"}]}
RESULT: undefined
COMMAND: POST /session/0157ef9fabb145ee7fb2a1f3feebe51f/execute/async - {"script":"<script> [776 bytes]","args":[{"enterText":"10385","selector":{"id":"application-managebillings-display-component---billRunCalcResult--smartFilterBar-btnBasicSearch","interaction":{"idSuffix":"I"}},"clearTextFirst":true,"interactionType":"ENTER_TEXT"}]}
RESULT: {"script":"<script> [776 bytes]","args":[{"enterText":"10385","selector":{"id":"application-managebillings-display-component---billRunCalcResult--smartFilterBar-btnBasicSearch","interaction":{"idSuffix":"I"}},"clearTextFirst":true,"interactionType":"ENTER_TEXT"}]}
COMMAND: POST /session/0157ef9fabb145ee7fb2a1f3feebe51f/actions - {"actions":[{"id":"action47","type":"key","parameters":{},"actions":[{"type":"keyDown","value":""},{"type":"pause","duration":10},{"type":"keyUp","value":""}]}]}
RESULT: {"actions":[{"id":"action47","type":"key","parameters":{},"actions":[{"type":"keyDown","value":""},{"type":"pause","duration":10},{"type":"keyUp","value":""}]}]}
COMMAND: GET /session/0157ef9fabb145ee7fb2a1f3feebe51f/screenshot - {}
RESULT: {}
COMMAND: POST /session/0157ef9fabb145ee7fb2a1f3feebe51f/element - {"using":"xpath","value":"//td[@aria-colindex=\"1\"]/div/div[contains(@class, \"sapMCbBg\")]"}
RESULT: {"using":"xpath","value":"//td[@aria-colindex=\"1\"]/div/div[contains(@class, \"sapMCbBg\")]"}
COMMAND: POST /session/0157ef9fabb145ee7fb2a1f3feebe51f/element/f.2D1A903BB9B117B2180C998CF94CF722.d.003A5A1609618BA2D1C7A3B22029E08B.e.14138/click - {}
RESULT: {}
COMMAND: GET /session/0157ef9fabb145ee7fb2a1f3feebe51f/screenshot - {}
RESULT: {}
COMMAND: POST /session/0157ef9fabb145ee7fb2a1f3feebe51f/execute/async - {"script":"<script> [1562 bytes]","args":[{"selector":{"id":"application-managebillings-display-component---billRunCalcResult--contractBillRunDate","interaction":{"idSuffix":"inner"}},"wdio_ui5_key":"applicationmanagebillings-display-component---billRunCalcResult--contractBillRunDate"}]}
RESULT: {"script":"<script> [1562 bytes]","args":[{"selector":{"id":"application-managebillings-display-component---billRunCalcResult--contractBillRunDate","interaction":{"idSuffix":"inner"}},"wdio_ui5_key":"applicationmanagebillings-display-component---billRunCalcResult--contractBillRunDate"}]}
RESULT: undefined
COMMAND: POST /session/0157ef9fabb145ee7fb2a1f3feebe51f/execute/async - {"script":"<script> [776 bytes]","args":[{"enterText":"05/17/25","selector":{"id":"application-managebillings-display-component---billRunCalcResult--contractBillRunDate","interaction":{"idSuffix":"inner"}},"clearTextFirst":true,"interactionType":"ENTER_TEXT"}]}
RESULT: {"script":"<script> [776 bytes]","args":[{"enterText":"05/17/25","selector":{"id":"application-managebillings-display-component---billRunCalcResult--contractBillRunDate","interaction":{"idSuffix":"inner"}},"clearTextFirst":true,"interactionType":"ENTER_TEXT"}]}
COMMAND: POST /session/0157ef9fabb145ee7fb2a1f3feebe51f/element - {"using":"xpath","value":"//bdi[contains(text(), \"Trigger Calculation\")]"}
RESULT: {"using":"xpath","value":"//bdi[contains(text(), \"Trigger Calculation\")]"}
COMMAND: POST /session/0157ef9fabb145ee7fb2a1f3feebe51f/element/f.2D1A903BB9B117B2180C998CF94CF722.d.003A5A1609618BA2D1C7A3B22029E08B.e.14189/click - {}
RESULT: {}
COMMAND: GET /session/0157ef9fabb145ee7fb2a1f3feebe51f/screenshot - {}
RESULT: {}
COMMAND: POST /session/0157ef9fabb145ee7fb2a1f3feebe51f/element - {"using":"xpath","value":"(//span[contains(@id, \"imgNav\")])[1]"}
RESULT: {"using":"xpath","value":"(//span[contains(@id, \"imgNav\")])[1]"}
COMMAND: POST /session/0157ef9fabb145ee7fb2a1f3feebe51f/element/f.2D1A903BB9B117B2180C998CF94CF722.d.003A5A1609618BA2D1C7A3B22029E08B.e.14139/click - {}
RESULT: {}
COMMAND: GET /session/0157ef9fabb145ee7fb2a1f3feebe51f/screenshot - {}
RESULT: {}
COMMAND: POST /session/0157ef9fabb145ee7fb2a1f3feebe51f/element - {"using":"xpath","value":"//tr/td[6]/div[1]/span[1]/span[1]"}
RESULT: {"using":"xpath","value":"//tr/td[6]/div[1]/span[1]/span[1]"}
COMMAND: GET /session/0157ef9fabb145ee7fb2a1f3feebe51f/element/f.2D1A903BB9B117B2180C998CF94CF722.d.003A5A1609618BA2D1C7A3B22029E08B.e.14194/text - {}
RESULT: {}
COMMAND: POST /session/0157ef9fabb145ee7fb2a1f3feebe51f/element - {"using":"xpath","value":"(//span[contains(@id, \"imgNav\")])[2]"}
RESULT: {"using":"xpath","value":"(//span[contains(@id, \"imgNav\")])[2]"}
COMMAND: POST /session/0157ef9fabb145ee7fb2a1f3feebe51f/element/f.2D1A903BB9B117B2180C998CF94CF722.d.003A5A1609618BA2D1C7A3B22029E08B.e.14195/click - {}
RESULT: {}
COMMAND: POST /session/0157ef9fabb145ee7fb2a1f3feebe51f/element - {"using":"xpath","value":"//bdi[contains(text(), \"Business Confirm\")]"}
COMMAND: GET /session/0157ef9fabb145ee7fb2a1f3feebe51f/screenshot - {}
RESULT: {"using":"xpath","value":"//bdi[contains(text(), \"Business Confirm\")]"}
COMMAND: POST /session/0157ef9fabb145ee7fb2a1f3feebe51f/elements - {"using":"xpath","value":"//bdi[contains(text(), \"Business Confirm\")]"}
RESULT: {}
RESULT: {"using":"xpath","value":"//bdi[contains(text(), \"Business Confirm\")]"}
COMMAND: POST /session/0157ef9fabb145ee7fb2a1f3feebe51f/element - {"using":"xpath","value":"//bdi[contains(text(), \"Business Confirm\")]"}
RESULT: {"using":"xpath","value":"//bdi[contains(text(), \"Business Confirm\")]"}
COMMAND: POST /session/0157ef9fabb145ee7fb2a1f3feebe51f/element/f.2D1A903BB9B117B2180C998CF94CF722.d.003A5A1609618BA2D1C7A3B22029E08B.e.14272/click - {}
RESULT: {}
COMMAND: POST /session/0157ef9fabb145ee7fb2a1f3feebe51f/element - {"using":"css selector","value":"#shell-header-logo"}
COMMAND: GET /session/0157ef9fabb145ee7fb2a1f3feebe51f/screenshot - {}
RESULT: {"using":"css selector","value":"#shell-header-logo"}
COMMAND: POST /session/0157ef9fabb145ee7fb2a1f3feebe51f/element/f.2D1A903BB9B117B2180C998CF94CF722.d.003A5A1609618BA2D1C7A3B22029E08B.e.13926/click - {}
RESULT: {}
RESULT: {}
COMMAND: GET /session/0157ef9fabb145ee7fb2a1f3feebe51f/screenshot - {}
RESULT: {}
COMMAND: POST /session/0157ef9fabb145ee7fb2a1f3feebe51f/element - {"using":"css selector","value":"#j_username"}
COMMAND: POST /session/0157ef9fabb145ee7fb2a1f3feebe51f/url - {"url":"https://qa-testing-00-live-etm-ui.cfapps.eu10-004.hana.ondemand.com/"}
RESULT: {"using":"css selector","value":"#j_username"}
COMMAND: POST /session/0157ef9fabb145ee7fb2a1f3feebe51f/element - {"using":"css selector","value":"#j_username"}
RESULT: {"url":"https://qa-testing-00-live-etm-ui.cfapps.eu10-004.hana.ondemand.com/"}
RESULT: undefined
COMMAND: GET /session/0157ef9fabb145ee7fb2a1f3feebe51f/screenshot - {}
RESULT: {"using":"css selector","value":"#j_username"}
COMMAND: POST /session/0157ef9fabb145ee7fb2a1f3feebe51f/element - {"using":"css selector","value":"#shell-header-logo"}
RESULT: {}
RESULT: {"using":"css selector","value":"#shell-header-logo"}
COMMAND: POST /session/0157ef9fabb145ee7fb2a1f3feebe51f/execute/sync - {"script":"<script> [8489 bytes]","args":[{"element-6066-11e4-a52e-4f735466cecf":"f.2D1A903BB9B117B2180C998CF94CF722.d.647353FD03064FEDD429701E535A18FB.e.14291","ELEMENT":"f.2D1A903BB9B117B2180C998CF94CF722.d.647353FD03064FEDD429701E535A18FB.e.14291"}]}
RESULT: {"script":"<script> [8489 bytes]","args":[{"element-6066-11e4-a52e-4f735466cecf":"f.2D1A903BB9B117B2180C998CF94CF722.d.647353FD03064FEDD429701E535A18FB.e.14291","ELEMENT":"f.2D1A903BB9B117B2180C998CF94CF722.d.647353FD03064FEDD429701E535A18FB.e.14291"}]}
COMMAND: POST /session/0157ef9fabb145ee7fb2a1f3feebe51f/element - {"using":"css selector","value":"#shell-header-logo"}
COMMAND: GET /session/0157ef9fabb145ee7fb2a1f3feebe51f/screenshot - {}
RESULT: {}
RESULT: {"using":"css selector","value":"#shell-header-logo"}
COMMAND: POST /session/0157ef9fabb145ee7fb2a1f3feebe51f/execute/sync - {"script":"<script> [8489 bytes]","args":[{"element-6066-11e4-a52e-4f735466cecf":"f.2D1A903BB9B117B2180C998CF94CF722.d.647353FD03064FEDD429701E535A18FB.e.14291","ELEMENT":"f.2D1A903BB9B117B2180C998CF94CF722.d.647353FD03064FEDD429701E535A18FB.e.14291"}]}
RESULT: {"script":"<script> [8489 bytes]","args":[{"element-6066-11e4-a52e-4f735466cecf":"f.2D1A903BB9B117B2180C998CF94CF722.d.647353FD03064FEDD429701E535A18FB.e.14291","ELEMENT":"f.2D1A903BB9B117B2180C998CF94CF722.d.647353FD03064FEDD429701E535A18FB.e.14291"}]}
COMMAND: POST /session/0157ef9fabb145ee7fb2a1f3feebe51f/execute/sync - {"script":"<script> [5351 bytes]","args":[{"element-6066-11e4-a52e-4f735466cecf":"f.2D1A903BB9B117B2180C998CF94CF722.d.647353FD03064FEDD429701E535A18FB.e.14291","ELEMENT":"f.2D1A903BB9B117B2180C998CF94CF722.d.647353FD03064FEDD429701E535A18FB.e.14291"}]}
COMMAND: GET /session/0157ef9fabb145ee7fb2a1f3feebe51f/screenshot - {}
RESULT: {"script":"<script> [5351 bytes]","args":[{"element-6066-11e4-a52e-4f735466cecf":"f.2D1A903BB9B117B2180C998CF94CF722.d.647353FD03064FEDD429701E535A18FB.e.14291","ELEMENT":"f.2D1A903BB9B117B2180C998CF94CF722.d.647353FD03064FEDD429701E535A18FB.e.14291"}]}
COMMAND: POST /session/0157ef9fabb145ee7fb2a1f3feebe51f/element - {"using":"css selector","value":"#shell-header-logo"}
COMMAND: GET /session/0157ef9fabb145ee7fb2a1f3feebe51f/screenshot - {}
RESULT: {}
RESULT: {"using":"css selector","value":"#shell-header-logo"}
COMMAND: POST /session/0157ef9fabb145ee7fb2a1f3feebe51f/element/f.2D1A903BB9B117B2180C998CF94CF722.d.647353FD03064FEDD429701E535A18FB.e.14291/click - {}
RESULT: {}
RESULT: {}
COMMAND: GET /session/0157ef9fabb145ee7fb2a1f3feebe51f/screenshot - {}
RESULT: {}
COMMAND: POST /session/0157ef9fabb145ee7fb2a1f3feebe51f/execute/async - {"script":"<script> [189 bytes]","args":[]}
RESULT: {"script":"<script> [189 bytes]","args":[]}
COMMAND: POST /session/0157ef9fabb145ee7fb2a1f3feebe51f/execute/async - {"script":"<script> [123 bytes]","args":[]}
RESULT: {"script":"<script> [123 bytes]","args":[]}
COMMAND: POST /session/0157ef9fabb145ee7fb2a1f3feebe51f/timeouts - {"script":"<number>"}
RESULT: {"script":"<number>"}
COMMAND: GET /session/0157ef9fabb145ee7fb2a1f3feebe51f/timeouts - {}
RESULT: {}
RESULT: undefined
COMMAND: POST /session/0157ef9fabb145ee7fb2a1f3feebe51f/execute/async - {"script":"<script> [2676 bytes]","args":[]}
RESULT: {"script":"<script> [2676 bytes]","args":[]}
COMMAND: POST /session/0157ef9fabb145ee7fb2a1f3feebe51f/execute/async - {"script":"<script> [2342 bytes]","args":[{"protocol":"http","hostname":"0.0.0.0","path":"/","capabilities":{"browserName":"chrome","goog:chromeOptions":{"binary":"C:\\Program Files\\Google\\Chrome\\Application\\chrome.exe","args":["--start-maximized"]}},"logLevel":"warn","connectionRetryTimeout":120000,"connectionRetryCount":3,"logLevels":{},"enableDirectConnect":true,"strictSSL":true,"_":"65 more keys: [\"cacheDir\",\"port\",\"requestedCapabilities\",\"automationProtocol\",\"baseUrl\",\"waitforInterval\",\"waitforTimeout\",\"onReload\",\"beforeCommand\",\"afterCommand\",\"rootDir\",\"specs\",\"suites\",\"exclude\",\"groupLogsByTestSpec\",\"excludeDriverLogs\",\"bail\",\"framework\",\"reporters\",\"services\",\"maxInstances\",\"maxInstancesPerCapability\",\"injectGlobals\",\"filesToWatch\",\"execArgv\",\"runnerEnv\",\"runner\",\"shard\",\"specFileRetries\",\"specFileRetriesDelay\",\"specFileRetriesDeferred\",\"reporterSyncInterval\",\"reporterSyncTimeout\",\"cucumberFeaturesWithLineNumbers\",\"autoCompileOpts\",\"mochaOpts\",\"jasmineOpts\",\"cucumberOpts\",\"onPrepare\",\"onWorkerStart\",\"onWorkerEnd\",\"before\",\"beforeSession\",\"beforeSuite\",\"beforeHook\",\"beforeTest\",\"afterTest\",\"afterHook\",\"afterSuite\",\"afterSession\",\"after\",\"onComplete\",\"beforeAssertion\",\"afterAssertion\",\"beforeFeature\",\"beforeScenario\",\"beforeStep\",\"afterStep\",\"afterScenario\",\"afterFeature\",\"_\",\"suite\",\"$0\",\"ignoredWorkerServices\",\"wdi5\"]"}]}
RESULT: {"script":"<script> [2342 bytes]","args":[{"protocol":"http","hostname":"0.0.0.0","path":"/","capabilities":{"browserName":"chrome","goog:chromeOptions":{"binary":"C:\\Program Files\\Google\\Chrome\\Application\\chrome.exe","args":["--start-maximized"]}},"logLevel":"warn","connectionRetryTimeout":120000,"connectionRetryCount":3,"logLevels":{},"enableDirectConnect":true,"strictSSL":true,"_":"65 more keys: [\"cacheDir\",\"port\",\"requestedCapabilities\",\"automationProtocol\",\"baseUrl\",\"waitforInterval\",\"waitforTimeout\",\"onReload\",\"beforeCommand\",\"afterCommand\",\"rootDir\",\"specs\",\"suites\",\"exclude\",\"groupLogsByTestSpec\",\"excludeDriverLogs\",\"bail\",\"framework\",\"reporters\",\"services\",\"maxInstances\",\"maxInstancesPerCapability\",\"injectGlobals\",\"filesToWatch\",\"execArgv\",\"runnerEnv\",\"runner\",\"shard\",\"specFileRetries\",\"specFileRetriesDelay\",\"specFileRetriesDeferred\",\"reporterSyncInterval\",\"reporterSyncTimeout\",\"cucumberFeaturesWithLineNumbers\",\"autoCompileOpts\",\"mochaOpts\",\"jasmineOpts\",\"cucumberOpts\",\"onPrepare\",\"onWorkerStart\",\"onWorkerEnd\",\"before\",\"beforeSession\",\"beforeSuite\",\"beforeHook\",\"beforeTest\",\"afterTest\",\"afterHook\",\"afterSuite\",\"afterSession\",\"after\",\"onComplete\",\"beforeAssertion\",\"afterAssertion\",\"beforeFeature\",\"beforeScenario\",\"beforeStep\",\"afterStep\",\"afterScenario\",\"afterFeature\",\"_\",\"suite\",\"$0\",\"ignoredWorkerServices\",\"wdi5\"]"}]}
COMMAND: POST /session/0157ef9fabb145ee7fb2a1f3feebe51f/execute/async - {"script":"<script> [21126 bytes]","args":[35000]}
RESULT: {"script":"<script> [21126 bytes]","args":[35000]}
COMMAND: POST /session/0157ef9fabb145ee7fb2a1f3feebe51f/window/maximize - {}
RESULT: {}
COMMAND: POST /session/0157ef9fabb145ee7fb2a1f3feebe51f/execute/async - {"script":"<script> [1562 bytes]","args":[{"selector":{"id":"shell-header","interaction":{"idSuffix":"icon"}},"wdio_ui5_key":"shellheader"}]}
COMMAND: GET /session/0157ef9fabb145ee7fb2a1f3feebe51f/screenshot - {}
RESULT: {"script":"<script> [1562 bytes]","args":[{"selector":{"id":"shell-header","interaction":{"idSuffix":"icon"}},"wdio_ui5_key":"shellheader"}]}
RESULT: undefined
COMMAND: POST /session/0157ef9fabb145ee7fb2a1f3feebe51f/refresh - {}
RESULT: {}
RESULT: {}
COMMAND: GET /session/0157ef9fabb145ee7fb2a1f3feebe51f/screenshot - {}
RESULT: {}
COMMAND: POST /session/0157ef9fabb145ee7fb2a1f3feebe51f/refresh - {}
RESULT: {}
COMMAND: GET /session/0157ef9fabb145ee7fb2a1f3feebe51f/screenshot - {}
RESULT: {}
COMMAND: POST /session/0157ef9fabb145ee7fb2a1f3feebe51f/execute/async - {"script":"<script> [189 bytes]","args":[]}
RESULT: {"script":"<script> [189 bytes]","args":[]}
COMMAND: POST /session/0157ef9fabb145ee7fb2a1f3feebe51f/execute/async - {"script":"<script> [123 bytes]","args":[]}
RESULT: {"script":"<script> [123 bytes]","args":[]}
COMMAND: POST /session/0157ef9fabb145ee7fb2a1f3feebe51f/timeouts - {"script":"<number>"}
RESULT: {"script":"<number>"}
COMMAND: GET /session/0157ef9fabb145ee7fb2a1f3feebe51f/timeouts - {}
RESULT: {}
RESULT: undefined
COMMAND: POST /session/0157ef9fabb145ee7fb2a1f3feebe51f/execute/async - {"script":"<script> [2676 bytes]","args":[]}
RESULT: {"script":"<script> [2676 bytes]","args":[]}
COMMAND: POST /session/0157ef9fabb145ee7fb2a1f3feebe51f/execute/async - {"script":"<script> [2342 bytes]","args":[{"protocol":"http","hostname":"0.0.0.0","path":"/","capabilities":{"browserName":"chrome","goog:chromeOptions":{"binary":"C:\\Program Files\\Google\\Chrome\\Application\\chrome.exe","args":["--start-maximized"]}},"logLevel":"warn","connectionRetryTimeout":120000,"connectionRetryCount":3,"logLevels":{},"enableDirectConnect":true,"strictSSL":true,"_":"65 more keys: [\"cacheDir\",\"port\",\"requestedCapabilities\",\"automationProtocol\",\"baseUrl\",\"waitforInterval\",\"waitforTimeout\",\"onReload\",\"beforeCommand\",\"afterCommand\",\"rootDir\",\"specs\",\"suites\",\"exclude\",\"groupLogsByTestSpec\",\"excludeDriverLogs\",\"bail\",\"framework\",\"reporters\",\"services\",\"maxInstances\",\"maxInstancesPerCapability\",\"injectGlobals\",\"filesToWatch\",\"execArgv\",\"runnerEnv\",\"runner\",\"shard\",\"specFileRetries\",\"specFileRetriesDelay\",\"specFileRetriesDeferred\",\"reporterSyncInterval\",\"reporterSyncTimeout\",\"cucumberFeaturesWithLineNumbers\",\"autoCompileOpts\",\"mochaOpts\",\"jasmineOpts\",\"cucumberOpts\",\"onPrepare\",\"onWorkerStart\",\"onWorkerEnd\",\"before\",\"beforeSession\",\"beforeSuite\",\"beforeHook\",\"beforeTest\",\"afterTest\",\"afterHook\",\"afterSuite\",\"afterSession\",\"after\",\"onComplete\",\"beforeAssertion\",\"afterAssertion\",\"beforeFeature\",\"beforeScenario\",\"beforeStep\",\"afterStep\",\"afterScenario\",\"afterFeature\",\"_\",\"suite\",\"$0\",\"ignoredWorkerServices\",\"wdi5\"]"}]}
RESULT: {"script":"<script> [2342 bytes]","args":[{"protocol":"http","hostname":"0.0.0.0","path":"/","capabilities":{"browserName":"chrome","goog:chromeOptions":{"binary":"C:\\Program Files\\Google\\Chrome\\Application\\chrome.exe","args":["--start-maximized"]}},"logLevel":"warn","connectionRetryTimeout":120000,"connectionRetryCount":3,"logLevels":{},"enableDirectConnect":true,"strictSSL":true,"_":"65 more keys: [\"cacheDir\",\"port\",\"requestedCapabilities\",\"automationProtocol\",\"baseUrl\",\"waitforInterval\",\"waitforTimeout\",\"onReload\",\"beforeCommand\",\"afterCommand\",\"rootDir\",\"specs\",\"suites\",\"exclude\",\"groupLogsByTestSpec\",\"excludeDriverLogs\",\"bail\",\"framework\",\"reporters\",\"services\",\"maxInstances\",\"maxInstancesPerCapability\",\"injectGlobals\",\"filesToWatch\",\"execArgv\",\"runnerEnv\",\"runner\",\"shard\",\"specFileRetries\",\"specFileRetriesDelay\",\"specFileRetriesDeferred\",\"reporterSyncInterval\",\"reporterSyncTimeout\",\"cucumberFeaturesWithLineNumbers\",\"autoCompileOpts\",\"mochaOpts\",\"jasmineOpts\",\"cucumberOpts\",\"onPrepare\",\"onWorkerStart\",\"onWorkerEnd\",\"before\",\"beforeSession\",\"beforeSuite\",\"beforeHook\",\"beforeTest\",\"afterTest\",\"afterHook\",\"afterSuite\",\"afterSession\",\"after\",\"onComplete\",\"beforeAssertion\",\"afterAssertion\",\"beforeFeature\",\"beforeScenario\",\"beforeStep\",\"afterStep\",\"afterScenario\",\"afterFeature\",\"_\",\"suite\",\"$0\",\"ignoredWorkerServices\",\"wdi5\"]"}]}
COMMAND: POST /session/0157ef9fabb145ee7fb2a1f3feebe51f/execute/async - {"script":"<script> [21126 bytes]","args":[35000]}
RESULT: {"script":"<script> [21126 bytes]","args":[35000]}
]]></system-out>
    </testcase>
  </testsuite>
  <testsuite timestamp="2025-04-17T06:18:31" time="760.501" tests="13" failures="0" errors="0" skipped="0">
    <properties>
      <property name="specId" value="0"/>
      <property name="suiteName" value="Performance based billing (work days) US139742"/>
      <property name="capabilities" value="chrome.135_0_7049_42.windows"/>
      <property name="file" value="file:///D:/a/1/s/test/specs/BTS/billing-performance-workdays.spec.js"/>
    </properties>
    <testcase classname="chrome.135_0_7049_42.windows.Performance_based_billing_(work_days)_US139742" name="Should create a new yard" time="0.574">
      <system-out><![CDATA[
COMMAND: POST /session/0157ef9fabb145ee7fb2a1f3feebe51f/window/fullscreen - {}
RESULT: {}
]]></system-out>
    </testcase>
    <testcase classname="chrome.135_0_7049_42.windows.Performance_based_billing_(work_days)_US139742" name="Should create a new partner" time="0.006"/>
    <testcase classname="chrome.135_0_7049_42.windows.Performance_based_billing_(work_days)_US139742" name="Should create a new site" time="0.004"/>
    <testcase classname="chrome.135_0_7049_42.windows.Performance_based_billing_(work_days)_US139742" name="Should do prerequisite steps add equipment" time="134.042">
      <system-out><![CDATA[
COMMAND: POST /session/0157ef9fabb145ee7fb2a1f3feebe51f/execute/async - {"script":"<script> [1562 bytes]","args":[{"selector":{"controlType":"sap.m.GenericTile","properties":{"header":"Manage Resources"}},"wdio_ui5_key":"sapm.GenericTile{\"header\":\"Manage Resources\"}"}]}
RESULT: {"script":"<script> [1562 bytes]","args":[{"selector":{"controlType":"sap.m.GenericTile","properties":{"header":"Manage Resources"}},"wdio_ui5_key":"sapm.GenericTile{\"header\":\"Manage Resources\"}"}]}
RESULT: undefined
COMMAND: POST /session/0157ef9fabb145ee7fb2a1f3feebe51f/element - {"using":"xpath","value":"//*[@id=\"__tile39\"]"}
RESULT: {"using":"xpath","value":"//*[@id=\"__tile39\"]"}
COMMAND: POST /session/0157ef9fabb145ee7fb2a1f3feebe51f/element/f.2D1A903BB9B117B2180C998CF94CF722.d.939E9D258D6BDC9859015C479493CE9F.e.14453/click - {}
RESULT: {}
COMMAND: POST /session/0157ef9fabb145ee7fb2a1f3feebe51f/element - {"using":"xpath","value":"//button[@data-kt=\"addNewRUOverflowToolbarButton\"]"}
COMMAND: GET /session/0157ef9fabb145ee7fb2a1f3feebe51f/screenshot - {}
RESULT: {"using":"xpath","value":"//button[@data-kt=\"addNewRUOverflowToolbarButton\"]"}
COMMAND: POST /session/0157ef9fabb145ee7fb2a1f3feebe51f/elements - {"using":"xpath","value":"//button[@data-kt=\"addNewRUOverflowToolbarButton\"]"}
RESULT: {}
RESULT: {"using":"xpath","value":"//button[@data-kt=\"addNewRUOverflowToolbarButton\"]"}
COMMAND: POST /session/0157ef9fabb145ee7fb2a1f3feebe51f/elements - {"using":"xpath","value":"//button[@data-kt=\"addNewRUOverflowToolbarButton\"]"}
RESULT: {"using":"xpath","value":"//button[@data-kt=\"addNewRUOverflowToolbarButton\"]"}
COMMAND: POST /session/0157ef9fabb145ee7fb2a1f3feebe51f/elements - {"using":"xpath","value":"//button[@data-kt=\"addNewRUOverflowToolbarButton\"]"}
RESULT: undefined
RESULT: undefined
RESULT: {"using":"xpath","value":"//button[@data-kt=\"addNewRUOverflowToolbarButton\"]"}
COMMAND: POST /session/0157ef9fabb145ee7fb2a1f3feebe51f/elements - {"using":"xpath","value":"//button[@data-kt=\"addNewRUOverflowToolbarButton\"]"}
RESULT: {"using":"xpath","value":"//button[@data-kt=\"addNewRUOverflowToolbarButton\"]"}
COMMAND: POST /session/0157ef9fabb145ee7fb2a1f3feebe51f/elements - {"using":"xpath","value":"//button[@data-kt=\"addNewRUOverflowToolbarButton\"]"}
RESULT: {"using":"xpath","value":"//button[@data-kt=\"addNewRUOverflowToolbarButton\"]"}
COMMAND: POST /session/0157ef9fabb145ee7fb2a1f3feebe51f/elements - {"using":"xpath","value":"//button[@data-kt=\"addNewRUOverflowToolbarButton\"]"}
RESULT: {"using":"xpath","value":"//button[@data-kt=\"addNewRUOverflowToolbarButton\"]"}
COMMAND: POST /session/0157ef9fabb145ee7fb2a1f3feebe51f/elements - {"using":"xpath","value":"//button[@data-kt=\"addNewRUOverflowToolbarButton\"]"}
RESULT: {"using":"xpath","value":"//button[@data-kt=\"addNewRUOverflowToolbarButton\"]"}
COMMAND: POST /session/0157ef9fabb145ee7fb2a1f3feebe51f/element - {"using":"xpath","value":"//button[@data-kt=\"addNewRUOverflowToolbarButton\"]"}
RESULT: {"using":"xpath","value":"//button[@data-kt=\"addNewRUOverflowToolbarButton\"]"}
COMMAND: POST /session/0157ef9fabb145ee7fb2a1f3feebe51f/execute/sync - {"script":"<script> [8489 bytes]","args":[{"element-6066-11e4-a52e-4f735466cecf":"f.2D1A903BB9B117B2180C998CF94CF722.d.939E9D258D6BDC9859015C479493CE9F.e.14593","ELEMENT":"f.2D1A903BB9B117B2180C998CF94CF722.d.939E9D258D6BDC9859015C479493CE9F.e.14593"}]}
RESULT: {"script":"<script> [8489 bytes]","args":[{"element-6066-11e4-a52e-4f735466cecf":"f.2D1A903BB9B117B2180C998CF94CF722.d.939E9D258D6BDC9859015C479493CE9F.e.14593","ELEMENT":"f.2D1A903BB9B117B2180C998CF94CF722.d.939E9D258D6BDC9859015C479493CE9F.e.14593"}]}
COMMAND: GET /session/0157ef9fabb145ee7fb2a1f3feebe51f/element/f.2D1A903BB9B117B2180C998CF94CF722.d.939E9D258D6BDC9859015C479493CE9F.e.14593/enabled - {}
COMMAND: GET /session/0157ef9fabb145ee7fb2a1f3feebe51f/screenshot - {}
RESULT: {}
COMMAND: POST /session/0157ef9fabb145ee7fb2a1f3feebe51f/execute/sync - {"script":"<script> [8489 bytes]","args":[{"element-6066-11e4-a52e-4f735466cecf":"f.2D1A903BB9B117B2180C998CF94CF722.d.939E9D258D6BDC9859015C479493CE9F.e.14593","ELEMENT":"f.2D1A903BB9B117B2180C998CF94CF722.d.939E9D258D6BDC9859015C479493CE9F.e.14593"}]}
COMMAND: GET /session/0157ef9fabb145ee7fb2a1f3feebe51f/screenshot - {}
RESULT: {}
RESULT: {"script":"<script> [8489 bytes]","args":[{"element-6066-11e4-a52e-4f735466cecf":"f.2D1A903BB9B117B2180C998CF94CF722.d.939E9D258D6BDC9859015C479493CE9F.e.14593","ELEMENT":"f.2D1A903BB9B117B2180C998CF94CF722.d.939E9D258D6BDC9859015C479493CE9F.e.14593"}]}
COMMAND: POST /session/0157ef9fabb145ee7fb2a1f3feebe51f/execute/sync - {"script":"<script> [5351 bytes]","args":[{"element-6066-11e4-a52e-4f735466cecf":"f.2D1A903BB9B117B2180C998CF94CF722.d.939E9D258D6BDC9859015C479493CE9F.e.14593","ELEMENT":"f.2D1A903BB9B117B2180C998CF94CF722.d.939E9D258D6BDC9859015C479493CE9F.e.14593"}]}
COMMAND: GET /session/0157ef9fabb145ee7fb2a1f3feebe51f/screenshot - {}
RESULT: {}
RESULT: {"script":"<script> [5351 bytes]","args":[{"element-6066-11e4-a52e-4f735466cecf":"f.2D1A903BB9B117B2180C998CF94CF722.d.939E9D258D6BDC9859015C479493CE9F.e.14593","ELEMENT":"f.2D1A903BB9B117B2180C998CF94CF722.d.939E9D258D6BDC9859015C479493CE9F.e.14593"}]}
COMMAND: POST /session/0157ef9fabb145ee7fb2a1f3feebe51f/element/f.2D1A903BB9B117B2180C998CF94CF722.d.939E9D258D6BDC9859015C479493CE9F.e.14593/click - {}
COMMAND: GET /session/0157ef9fabb145ee7fb2a1f3feebe51f/screenshot - {}
RESULT: {}
RESULT: {}
COMMAND: GET /session/0157ef9fabb145ee7fb2a1f3feebe51f/screenshot - {}
RESULT: {}
COMMAND: POST /session/0157ef9fabb145ee7fb2a1f3feebe51f/execute/async - {"script":"<script> [1562 bytes]","args":[{"selector":{"id":"application-manageresources-display-component---newResourceUnit--TYPE-arrow"},"wdio_ui5_key":"applicationmanageresources-display-component---newResourceUnit--TYPE-arrow"}]}
RESULT: {}
RESULT: {"script":"<script> [1562 bytes]","args":[{"selector":{"id":"application-manageresources-display-component---newResourceUnit--TYPE-arrow"},"wdio_ui5_key":"applicationmanageresources-display-component---newResourceUnit--TYPE-arrow"}]}
RESULT: undefined
COMMAND: POST /session/0157ef9fabb145ee7fb2a1f3feebe51f/element - {"using":"xpath","value":"//*[@id=\"application-manageresources-display-component---newResourceUnit--TYPE-arrow\"]"}
RESULT: {"using":"xpath","value":"//*[@id=\"application-manageresources-display-component---newResourceUnit--TYPE-arrow\"]"}
COMMAND: POST /session/0157ef9fabb145ee7fb2a1f3feebe51f/element/f.2D1A903BB9B117B2180C998CF94CF722.d.939E9D258D6BDC9859015C479493CE9F.e.14953/click - {}
RESULT: {}
COMMAND: POST /session/0157ef9fabb145ee7fb2a1f3feebe51f/element - {"using":"xpath","value":"//input[@id=\"application-manageresources-display-component---newResourceUnit--TYPE-inner\"]"}
COMMAND: GET /session/0157ef9fabb145ee7fb2a1f3feebe51f/screenshot - {}
RESULT: {"using":"xpath","value":"//input[@id=\"application-manageresources-display-component---newResourceUnit--TYPE-inner\"]"}
COMMAND: POST /session/0157ef9fabb145ee7fb2a1f3feebe51f/element/f.2D1A903BB9B117B2180C998CF94CF722.d.939E9D258D6BDC9859015C479493CE9F.e.14949/clear - {}
RESULT: {}
RESULT: {}
COMMAND: POST /session/0157ef9fabb145ee7fb2a1f3feebe51f/element/f.2D1A903BB9B117B2180C998CF94CF722.d.939E9D258D6BDC9859015C479493CE9F.e.14949/value - {"text":"Equipment"}
COMMAND: GET /session/0157ef9fabb145ee7fb2a1f3feebe51f/screenshot - {}
RESULT: {"text":"Equipment"}
COMMAND: GET /session/0157ef9fabb145ee7fb2a1f3feebe51f/screenshot - {}
RESULT: {}
RESULT: {}
COMMAND: POST /session/0157ef9fabb145ee7fb2a1f3feebe51f/actions - {"actions":[{"id":"action48","type":"key","parameters":{},"actions":[{"type":"keyDown","value":""},{"type":"pause","duration":10},{"type":"keyUp","value":""}]}]}
RESULT: {"actions":[{"id":"action48","type":"key","parameters":{},"actions":[{"type":"keyDown","value":""},{"type":"pause","duration":10},{"type":"keyUp","value":""}]}]}
COMMAND: POST /session/0157ef9fabb145ee7fb2a1f3feebe51f/execute/async - {"script":"<script> [1562 bytes]","args":[{"selector":{"id":"application-manageresources-display-component---newResourceUnit--resourceId","interaction":{"idSuffix":"inner"}},"wdio_ui5_key":"applicationmanageresources-display-component---newResourceUnit--resourceId"}]}
COMMAND: GET /session/0157ef9fabb145ee7fb2a1f3feebe51f/screenshot - {}
RESULT: {"script":"<script> [1562 bytes]","args":[{"selector":{"id":"application-manageresources-display-component---newResourceUnit--resourceId","interaction":{"idSuffix":"inner"}},"wdio_ui5_key":"applicationmanageresources-display-component---newResourceUnit--resourceId"}]}
RESULT: undefined
COMMAND: POST /session/0157ef9fabb145ee7fb2a1f3feebe51f/execute/async - {"script":"<script> [776 bytes]","args":[{"enterText":"s4TFBi537t","selector":{"id":"application-manageresources-display-component---newResourceUnit--resourceId","interaction":{"idSuffix":"inner"}},"clearTextFirst":true,"interactionType":"ENTER_TEXT"}]}
RESULT: {}
RESULT: {"script":"<script> [776 bytes]","args":[{"enterText":"s4TFBi537t","selector":{"id":"application-manageresources-display-component---newResourceUnit--resourceId","interaction":{"idSuffix":"inner"}},"clearTextFirst":true,"interactionType":"ENTER_TEXT"}]}
COMMAND: POST /session/0157ef9fabb145ee7fb2a1f3feebe51f/execute/async - {"script":"<script> [1562 bytes]","args":[{"selector":{"id":"application-manageresources-display-component---newResourceUnit--SHORT_TEXT","interaction":{"idSuffix":"inner"}},"wdio_ui5_key":"applicationmanageresources-display-component---newResourceUnit--SHORT_TEXT"}]}
RESULT: {"script":"<script> [1562 bytes]","args":[{"selector":{"id":"application-manageresources-display-component---newResourceUnit--SHORT_TEXT","interaction":{"idSuffix":"inner"}},"wdio_ui5_key":"applicationmanageresources-display-component---newResourceUnit--SHORT_TEXT"}]}
RESULT: undefined
COMMAND: POST /session/0157ef9fabb145ee7fb2a1f3feebe51f/execute/async - {"script":"<script> [776 bytes]","args":[{"enterText":"Intercompany Equipment WDIO","selector":{"id":"application-manageresources-display-component---newResourceUnit--SHORT_TEXT","interaction":{"idSuffix":"inner"}},"clearTextFirst":true,"interactionType":"ENTER_TEXT"}]}
RESULT: {"script":"<script> [776 bytes]","args":[{"enterText":"Intercompany Equipment WDIO","selector":{"id":"application-manageresources-display-component---newResourceUnit--SHORT_TEXT","interaction":{"idSuffix":"inner"}},"clearTextFirst":true,"interactionType":"ENTER_TEXT"}]}
COMMAND: POST /session/0157ef9fabb145ee7fb2a1f3feebe51f/execute/async - {"script":"<script> [1562 bytes]","args":[{"selector":{"id":"application-manageresources-display-component---newResourceUnit--BASE_UNIT_OF_MEASURE","interaction":{"idSuffix":"inner"}},"wdio_ui5_key":"applicationmanageresources-display-component---newResourceUnit--BASE_UNIT_OF_MEASURE"}]}
RESULT: {"script":"<script> [1562 bytes]","args":[{"selector":{"id":"application-manageresources-display-component---newResourceUnit--BASE_UNIT_OF_MEASURE","interaction":{"idSuffix":"inner"}},"wdio_ui5_key":"applicationmanageresources-display-component---newResourceUnit--BASE_UNIT_OF_MEASURE"}]}
RESULT: undefined
COMMAND: POST /session/0157ef9fabb145ee7fb2a1f3feebe51f/execute/async - {"script":"<script> [776 bytes]","args":[{"enterText":"Piece","selector":{"id":"application-manageresources-display-component---newResourceUnit--BASE_UNIT_OF_MEASURE","interaction":{"idSuffix":"inner"}},"clearTextFirst":true,"interactionType":"ENTER_TEXT"}]}
RESULT: {"script":"<script> [776 bytes]","args":[{"enterText":"Piece","selector":{"id":"application-manageresources-display-component---newResourceUnit--BASE_UNIT_OF_MEASURE","interaction":{"idSuffix":"inner"}},"clearTextFirst":true,"interactionType":"ENTER_TEXT"}]}
COMMAND: POST /session/0157ef9fabb145ee7fb2a1f3feebe51f/execute/async - {"script":"<script> [1562 bytes]","args":[{"selector":{"id":"application-manageresources-display-component---newResourceUnit--WEIGHT_UNIT","interaction":{"idSuffix":"inner"}},"wdio_ui5_key":"applicationmanageresources-display-component---newResourceUnit--WEIGHT_UNIT"}]}
RESULT: {"script":"<script> [1562 bytes]","args":[{"selector":{"id":"application-manageresources-display-component---newResourceUnit--WEIGHT_UNIT","interaction":{"idSuffix":"inner"}},"wdio_ui5_key":"applicationmanageresources-display-component---newResourceUnit--WEIGHT_UNIT"}]}
RESULT: undefined
COMMAND: POST /session/0157ef9fabb145ee7fb2a1f3feebe51f/execute/async - {"script":"<script> [776 bytes]","args":[{"enterText":"Gram","selector":{"id":"application-manageresources-display-component---newResourceUnit--WEIGHT_UNIT","interaction":{"idSuffix":"inner"}},"clearTextFirst":true,"interactionType":"ENTER_TEXT"}]}
RESULT: {"script":"<script> [776 bytes]","args":[{"enterText":"Gram","selector":{"id":"application-manageresources-display-component---newResourceUnit--WEIGHT_UNIT","interaction":{"idSuffix":"inner"}},"clearTextFirst":true,"interactionType":"ENTER_TEXT"}]}
COMMAND: POST /session/0157ef9fabb145ee7fb2a1f3feebe51f/execute/async - {"script":"<script> [1562 bytes]","args":[{"selector":{"id":"application-manageresources-display-component---newResourceUnit--DIMENSION_UNIT","interaction":{"idSuffix":"inner"}},"wdio_ui5_key":"applicationmanageresources-display-component---newResourceUnit--DIMENSION_UNIT"}]}
RESULT: {"script":"<script> [1562 bytes]","args":[{"selector":{"id":"application-manageresources-display-component---newResourceUnit--DIMENSION_UNIT","interaction":{"idSuffix":"inner"}},"wdio_ui5_key":"applicationmanageresources-display-component---newResourceUnit--DIMENSION_UNIT"}]}
RESULT: undefined
COMMAND: POST /session/0157ef9fabb145ee7fb2a1f3feebe51f/execute/async - {"script":"<script> [776 bytes]","args":[{"enterText":"Meter","selector":{"id":"application-manageresources-display-component---newResourceUnit--DIMENSION_UNIT","interaction":{"idSuffix":"inner"}},"clearTextFirst":true,"interactionType":"ENTER_TEXT"}]}
RESULT: {"script":"<script> [776 bytes]","args":[{"enterText":"Meter","selector":{"id":"application-manageresources-display-component---newResourceUnit--DIMENSION_UNIT","interaction":{"idSuffix":"inner"}},"clearTextFirst":true,"interactionType":"ENTER_TEXT"}]}
COMMAND: POST /session/0157ef9fabb145ee7fb2a1f3feebe51f/execute/async - {"script":"<script> [1562 bytes]","args":[{"selector":{"id":"application-manageresources-display-component---newResourceUnit--newRRUPage-anchBar-application-manageresources-display-component---newResourceUnit--control-anchor","interaction":{"idSuffix":"BDI-content"}},"wdio_ui5_key":"applicationmanageresources-display-component---newResourceUnit--newRRUPage-anchBar-application-manageresources-display-component---newResourceUnit--control-anchor"}]}
RESULT: {"script":"<script> [1562 bytes]","args":[{"selector":{"id":"application-manageresources-display-component---newResourceUnit--newRRUPage-anchBar-application-manageresources-display-component---newResourceUnit--control-anchor","interaction":{"idSuffix":"BDI-content"}},"wdio_ui5_key":"applicationmanageresources-display-component---newResourceUnit--newRRUPage-anchBar-application-manageresources-display-component---newResourceUnit--control-anchor"}]}
RESULT: undefined
COMMAND: POST /session/0157ef9fabb145ee7fb2a1f3feebe51f/element - {"using":"xpath","value":"//*[@id=\"application-manageresources-display-component---newResourceUnit--newRRUPage-anchBar-application-manageresources-display-component---newResourceUnit--control-anchor\"]"}
RESULT: {"using":"xpath","value":"//*[@id=\"application-manageresources-display-component---newResourceUnit--newRRUPage-anchBar-application-manageresources-display-component---newResourceUnit--control-anchor\"]"}
COMMAND: POST /session/0157ef9fabb145ee7fb2a1f3feebe51f/element/f.2D1A903BB9B117B2180C998CF94CF722.d.939E9D258D6BDC9859015C479493CE9F.e.15088/click - {}
RESULT: {}
COMMAND: POST /session/0157ef9fabb145ee7fb2a1f3feebe51f/execute/async - {"script":"<script> [1562 bytes]","args":[{"selector":{"id":"application-manageresources-display-component---newResourceUnit--PLANNING_GROUP","interaction":{"idSuffix":"inner"}},"wdio_ui5_key":"applicationmanageresources-display-component---newResourceUnit--PLANNING_GROUP"}]}
COMMAND: GET /session/0157ef9fabb145ee7fb2a1f3feebe51f/screenshot - {}
RESULT: {"script":"<script> [1562 bytes]","args":[{"selector":{"id":"application-manageresources-display-component---newResourceUnit--PLANNING_GROUP","interaction":{"idSuffix":"inner"}},"wdio_ui5_key":"applicationmanageresources-display-component---newResourceUnit--PLANNING_GROUP"}]}
RESULT: undefined
COMMAND: POST /session/0157ef9fabb145ee7fb2a1f3feebe51f/execute/async - {"script":"<script> [776 bytes]","args":[{"enterText":"Heavy Equi","selector":{"id":"application-manageresources-display-component---newResourceUnit--PLANNING_GROUP","interaction":{"idSuffix":"inner"}},"clearTextFirst":true,"interactionType":"ENTER_TEXT"}]}
RESULT: {}
RESULT: {"script":"<script> [776 bytes]","args":[{"enterText":"Heavy Equi","selector":{"id":"application-manageresources-display-component---newResourceUnit--PLANNING_GROUP","interaction":{"idSuffix":"inner"}},"clearTextFirst":true,"interactionType":"ENTER_TEXT"}]}
COMMAND: POST /session/0157ef9fabb145ee7fb2a1f3feebe51f/execute/async - {"script":"<script> [1562 bytes]","args":[{"selector":{"id":"application-manageresources-display-component---newResourceUnit--ITEM_TYPE-arrow"},"wdio_ui5_key":"applicationmanageresources-display-component---newResourceUnit--ITEM_TYPE-arrow"}]}
RESULT: {"script":"<script> [1562 bytes]","args":[{"selector":{"id":"application-manageresources-display-component---newResourceUnit--ITEM_TYPE-arrow"},"wdio_ui5_key":"applicationmanageresources-display-component---newResourceUnit--ITEM_TYPE-arrow"}]}
RESULT: undefined
COMMAND: POST /session/0157ef9fabb145ee7fb2a1f3feebe51f/element - {"using":"xpath","value":"//*[@id=\"application-manageresources-display-component---newResourceUnit--ITEM_TYPE-arrow\"]"}
RESULT: {"using":"xpath","value":"//*[@id=\"application-manageresources-display-component---newResourceUnit--ITEM_TYPE-arrow\"]"}
COMMAND: POST /session/0157ef9fabb145ee7fb2a1f3feebe51f/element/f.2D1A903BB9B117B2180C998CF94CF722.d.939E9D258D6BDC9859015C479493CE9F.e.15095/click - {}
RESULT: {}
COMMAND: POST /session/0157ef9fabb145ee7fb2a1f3feebe51f/element - {"using":"xpath","value":"(//span[contains(text(), \"Resource Unit\")])[2]"}
COMMAND: GET /session/0157ef9fabb145ee7fb2a1f3feebe51f/screenshot - {}
RESULT: {"using":"xpath","value":"(//span[contains(text(), \"Resource Unit\")])[2]"}
COMMAND: POST /session/0157ef9fabb145ee7fb2a1f3feebe51f/element/f.2D1A903BB9B117B2180C998CF94CF722.d.939E9D258D6BDC9859015C479493CE9F.e.15096/click - {}
RESULT: {}
RESULT: {}
COMMAND: GET /session/0157ef9fabb145ee7fb2a1f3feebe51f/screenshot - {}
RESULT: {}
COMMAND: POST /session/0157ef9fabb145ee7fb2a1f3feebe51f/element - {"using":"css selector","value":"#application-manageresources-display-component---newResourceUnit--btnAddTimeSegment"}
RESULT: {"using":"css selector","value":"#application-manageresources-display-component---newResourceUnit--btnAddTimeSegment"}
COMMAND: GET /session/0157ef9fabb145ee7fb2a1f3feebe51f/element/f.2D1A903BB9B117B2180C998CF94CF722.d.939E9D258D6BDC9859015C479493CE9F.e.15097/rect - {}
RESULT: {}
COMMAND: GET /session/0157ef9fabb145ee7fb2a1f3feebe51f/window/rect - {}
RESULT: {}
COMMAND: POST /session/0157ef9fabb145ee7fb2a1f3feebe51f/execute/sync - {"script":"<script> [92 bytes]","args":[]}
RESULT: {"script":"<script> [92 bytes]","args":[]}
COMMAND: POST /session/0157ef9fabb145ee7fb2a1f3feebe51f/actions - {"actions":[{"id":"action49","type":"wheel","parameters":{},"actions":[{"type":"scroll","x":-1888,"y":-32,"deltaX":0,"deltaY":0,"duration":0,"origin":{"element-6066-11e4-a52e-4f735466cecf":"f.2D1A903BB9B117B2180C998CF94CF722.d.939E9D258D6BDC9859015C479493CE9F.e.15097"}}]}]}
COMMAND: GET /session/0157ef9fabb145ee7fb2a1f3feebe51f/screenshot - {}
RESULT: {}
COMMAND: POST /session/0157ef9fabb145ee7fb2a1f3feebe51f/execute/sync - {"script":"<script> [79 bytes]","args":[{"element-6066-11e4-a52e-4f735466cecf":"f.2D1A903BB9B117B2180C998CF94CF722.d.939E9D258D6BDC9859015C479493CE9F.e.15097","ELEMENT":"f.2D1A903BB9B117B2180C998CF94CF722.d.939E9D258D6BDC9859015C479493CE9F.e.15097"},{"block":"start","inline":"nearest"}]}
RESULT: {"script":"<script> [79 bytes]","args":[{"element-6066-11e4-a52e-4f735466cecf":"f.2D1A903BB9B117B2180C998CF94CF722.d.939E9D258D6BDC9859015C479493CE9F.e.15097","ELEMENT":"f.2D1A903BB9B117B2180C998CF94CF722.d.939E9D258D6BDC9859015C479493CE9F.e.15097"},{"block":"start","inline":"nearest"}]}
COMMAND: POST /session/0157ef9fabb145ee7fb2a1f3feebe51f/execute/async - {"script":"<script> [1562 bytes]","args":[{"selector":{"id":"application-manageresources-display-component---newResourceUnit--btnAddTimeSegment","interaction":{"idSuffix":"inner"}},"wdio_ui5_key":"applicationmanageresources-display-component---newResourceUnit--btnAddTimeSegment"}]}
COMMAND: GET /session/0157ef9fabb145ee7fb2a1f3feebe51f/screenshot - {}
RESULT: {"script":"<script> [1562 bytes]","args":[{"selector":{"id":"application-manageresources-display-component---newResourceUnit--btnAddTimeSegment","interaction":{"idSuffix":"inner"}},"wdio_ui5_key":"applicationmanageresources-display-component---newResourceUnit--btnAddTimeSegment"}]}
RESULT: undefined
COMMAND: POST /session/0157ef9fabb145ee7fb2a1f3feebe51f/element - {"using":"xpath","value":"//*[@id=\"application-manageresources-display-component---newResourceUnit--btnAddTimeSegment\"]"}
RESULT: {}
RESULT: {"using":"xpath","value":"//*[@id=\"application-manageresources-display-component---newResourceUnit--btnAddTimeSegment\"]"}
COMMAND: POST /session/0157ef9fabb145ee7fb2a1f3feebe51f/element/f.2D1A903BB9B117B2180C998CF94CF722.d.939E9D258D6BDC9859015C479493CE9F.e.15097/click - {}
RESULT: {}
COMMAND: GET /session/0157ef9fabb145ee7fb2a1f3feebe51f/screenshot - {}
RESULT: {}
COMMAND: POST /session/0157ef9fabb145ee7fb2a1f3feebe51f/element - {"using":"xpath","value":"//input[@id=\"application-manageresources-display-component---newResourceUnit--idRuTSAdmin-application-manageresources-display-component---newResourceUnit--RUTimeSegment-0-inner\"]"}
RESULT: {"using":"xpath","value":"//input[@id=\"application-manageresources-display-component---newResourceUnit--idRuTSAdmin-application-manageresources-display-component---newResourceUnit--RUTimeSegment-0-inner\"]"}
COMMAND: POST /session/0157ef9fabb145ee7fb2a1f3feebe51f/element/f.2D1A903BB9B117B2180C998CF94CF722.d.939E9D258D6BDC9859015C479493CE9F.e.15103/clear - {}
RESULT: {}
COMMAND: POST /session/0157ef9fabb145ee7fb2a1f3feebe51f/element/f.2D1A903BB9B117B2180C998CF94CF722.d.939E9D258D6BDC9859015C479493CE9F.e.15103/value - {"text":"477"}
COMMAND: GET /session/0157ef9fabb145ee7fb2a1f3feebe51f/screenshot - {}
RESULT: {"text":"477"}
COMMAND: GET /session/0157ef9fabb145ee7fb2a1f3feebe51f/screenshot - {}
RESULT: {}
RESULT: {}
COMMAND: POST /session/0157ef9fabb145ee7fb2a1f3feebe51f/element - {"using":"xpath","value":"//li[.//span[text()='477']]"}
RESULT: {"using":"xpath","value":"//li[.//span[text()='477']]"}
COMMAND: POST /session/0157ef9fabb145ee7fb2a1f3feebe51f/element/f.2D1A903BB9B117B2180C998CF94CF722.d.939E9D258D6BDC9859015C479493CE9F.e.15116/click - {}
RESULT: {}
COMMAND: GET /session/0157ef9fabb145ee7fb2a1f3feebe51f/screenshot - {}
RESULT: {}
COMMAND: POST /session/0157ef9fabb145ee7fb2a1f3feebe51f/element - {"using":"xpath","value":"(//span[contains(@id, \"-application-manageresources-display-component---newResourceUnit--RUTimeSegment-0-arrow\")])[6]"}
RESULT: {"using":"xpath","value":"(//span[contains(@id, \"-application-manageresources-display-component---newResourceUnit--RUTimeSegment-0-arrow\")])[6]"}
COMMAND: POST /session/0157ef9fabb145ee7fb2a1f3feebe51f/element/f.2D1A903BB9B117B2180C998CF94CF722.d.939E9D258D6BDC9859015C479493CE9F.e.15117/click - {}
RESULT: {}
COMMAND: POST /session/0157ef9fabb145ee7fb2a1f3feebe51f/element - {"using":"xpath","value":"//span[contains(text(), \"PM Order\")]"}
COMMAND: GET /session/0157ef9fabb145ee7fb2a1f3feebe51f/screenshot - {}
RESULT: {"using":"xpath","value":"//span[contains(text(), \"PM Order\")]"}
COMMAND: POST /session/0157ef9fabb145ee7fb2a1f3feebe51f/element/f.2D1A903BB9B117B2180C998CF94CF722.d.939E9D258D6BDC9859015C479493CE9F.e.15120/click - {}
RESULT: {}
RESULT: {}
COMMAND: GET /session/0157ef9fabb145ee7fb2a1f3feebe51f/screenshot - {}
RESULT: {}
COMMAND: POST /session/0157ef9fabb145ee7fb2a1f3feebe51f/element - {"using":"xpath","value":"(//span[contains(@id ,\"manageresources-display-component---newResourceUnit--RUTimeSegment-0-vhi\")])[2]"}
RESULT: {"using":"xpath","value":"(//span[contains(@id ,\"manageresources-display-component---newResourceUnit--RUTimeSegment-0-vhi\")])[2]"}
COMMAND: POST /session/0157ef9fabb145ee7fb2a1f3feebe51f/element/f.2D1A903BB9B117B2180C998CF94CF722.d.939E9D258D6BDC9859015C479493CE9F.e.15123/click - {}
RESULT: {}
COMMAND: GET /session/0157ef9fabb145ee7fb2a1f3feebe51f/screenshot - {}
RESULT: {}
COMMAND: POST /session/0157ef9fabb145ee7fb2a1f3feebe51f/execute/async - {"script":"<script> [1562 bytes]","args":[{"selector":{"controlType":"sap.m.SearchField","properties":{"placeholder":"Search"},"searchOpenDialogs":true,"interaction":{"idSuffix":"I"}},"wdio_ui5_key":"sapm.SearchField{\"placeholder\":\"Search\"}"}]}
RESULT: {"script":"<script> [1562 bytes]","args":[{"selector":{"controlType":"sap.m.SearchField","properties":{"placeholder":"Search"},"searchOpenDialogs":true,"interaction":{"idSuffix":"I"}},"wdio_ui5_key":"sapm.SearchField{\"placeholder\":\"Search\"}"}]}
RESULT: undefined
COMMAND: POST /session/0157ef9fabb145ee7fb2a1f3feebe51f/execute/async - {"script":"<script> [776 bytes]","args":[{"enterText":"4000360","selector":{"controlType":"sap.m.SearchField","properties":{"placeholder":"Search"},"searchOpenDialogs":true,"interaction":{"idSuffix":"I"}},"clearTextFirst":true,"interactionType":"ENTER_TEXT"}]}
RESULT: {"script":"<script> [776 bytes]","args":[{"enterText":"4000360","selector":{"controlType":"sap.m.SearchField","properties":{"placeholder":"Search"},"searchOpenDialogs":true,"interaction":{"idSuffix":"I"}},"clearTextFirst":true,"interactionType":"ENTER_TEXT"}]}
COMMAND: POST /session/0157ef9fabb145ee7fb2a1f3feebe51f/actions - {"actions":[{"id":"action50","type":"key","parameters":{},"actions":[{"type":"keyDown","value":""},{"type":"pause","duration":10},{"type":"keyUp","value":""}]}]}
RESULT: {"actions":[{"id":"action50","type":"key","parameters":{},"actions":[{"type":"keyDown","value":""},{"type":"pause","duration":10},{"type":"keyUp","value":""}]}]}
COMMAND: GET /session/0157ef9fabb145ee7fb2a1f3feebe51f/screenshot - {}
RESULT: {}
COMMAND: POST /session/0157ef9fabb145ee7fb2a1f3feebe51f/element - {"using":"xpath","value":"//td/div/span[contains(text(), \"BGL Vehicles\")]"}
RESULT: {"using":"xpath","value":"//td/div/span[contains(text(), \"BGL Vehicles\")]"}
COMMAND: POST /session/0157ef9fabb145ee7fb2a1f3feebe51f/element/f.2D1A903BB9B117B2180C998CF94CF722.d.939E9D258D6BDC9859015C479493CE9F.e.15143/click - {}
RESULT: {}
COMMAND: GET /session/0157ef9fabb145ee7fb2a1f3feebe51f/screenshot - {}
RESULT: {}
COMMAND: POST /session/0157ef9fabb145ee7fb2a1f3feebe51f/element - {"using":"xpath","value":"//bdi[contains(text(), \"OK\")]"}
RESULT: {"using":"xpath","value":"//bdi[contains(text(), \"OK\")]"}
COMMAND: POST /session/0157ef9fabb145ee7fb2a1f3feebe51f/element/f.2D1A903BB9B117B2180C998CF94CF722.d.939E9D258D6BDC9859015C479493CE9F.e.15144/click - {}
RESULT: {}
COMMAND: GET /session/0157ef9fabb145ee7fb2a1f3feebe51f/screenshot - {}
RESULT: {}
COMMAND: POST /session/0157ef9fabb145ee7fb2a1f3feebe51f/execute/async - {"script":"<script> [1562 bytes]","args":[{"selector":{"id":"application-manageresources-display-component---newResourceUnit--newRRUPage-anchBar-application-manageresources-display-component---newResourceUnit--resource-anchor","interaction":{"idSuffix":"BDI-content"}},"wdio_ui5_key":"applicationmanageresources-display-component---newResourceUnit--newRRUPage-anchBar-application-manageresources-display-component---newResourceUnit--resource-anchor"}]}
RESULT: {"script":"<script> [1562 bytes]","args":[{"selector":{"id":"application-manageresources-display-component---newResourceUnit--newRRUPage-anchBar-application-manageresources-display-component---newResourceUnit--resource-anchor","interaction":{"idSuffix":"BDI-content"}},"wdio_ui5_key":"applicationmanageresources-display-component---newResourceUnit--newRRUPage-anchBar-application-manageresources-display-component---newResourceUnit--resource-anchor"}]}
RESULT: undefined
COMMAND: POST /session/0157ef9fabb145ee7fb2a1f3feebe51f/element - {"using":"xpath","value":"//*[@id=\"application-manageresources-display-component---newResourceUnit--newRRUPage-anchBar-application-manageresources-display-component---newResourceUnit--resource-anchor\"]"}
RESULT: {"using":"xpath","value":"//*[@id=\"application-manageresources-display-component---newResourceUnit--newRRUPage-anchBar-application-manageresources-display-component---newResourceUnit--resource-anchor\"]"}
COMMAND: POST /session/0157ef9fabb145ee7fb2a1f3feebe51f/element/f.2D1A903BB9B117B2180C998CF94CF722.d.939E9D258D6BDC9859015C479493CE9F.e.15148/click - {}
RESULT: {}
COMMAND: POST /session/0157ef9fabb145ee7fb2a1f3feebe51f/execute/async - {"script":"<script> [1562 bytes]","args":[{"selector":{"id":"application-manageresources-display-component---newResourceUnit--PLANNED_DELIVERY_DATE","interaction":{"idSuffix":"inner"}},"wdio_ui5_key":"applicationmanageresources-display-component---newResourceUnit--PLANNED_DELIVERY_DATE"}]}
COMMAND: GET /session/0157ef9fabb145ee7fb2a1f3feebe51f/screenshot - {}
RESULT: {"script":"<script> [1562 bytes]","args":[{"selector":{"id":"application-manageresources-display-component---newResourceUnit--PLANNED_DELIVERY_DATE","interaction":{"idSuffix":"inner"}},"wdio_ui5_key":"applicationmanageresources-display-component---newResourceUnit--PLANNED_DELIVERY_DATE"}]}
RESULT: undefined
COMMAND: POST /session/0157ef9fabb145ee7fb2a1f3feebe51f/execute/async - {"script":"<script> [6424 bytes]","args":[{"element-6066-11e4-a52e-4f735466cecf":"f.2D1A903BB9B117B2180C998CF94CF722.d.939E9D258D6BDC9859015C479493CE9F.e.15011"},"setValue",["4/17/25"]]}
RESULT: {}
RESULT: {"script":"<script> [6424 bytes]","args":[{"element-6066-11e4-a52e-4f735466cecf":"f.2D1A903BB9B117B2180C998CF94CF722.d.939E9D258D6BDC9859015C479493CE9F.e.15011"},"setValue",["4/17/25"]]}
COMMAND: POST /session/0157ef9fabb145ee7fb2a1f3feebe51f/element - {"using":"xpath","value":"//button[@data-kt=\"resourceUnitSaveButton\"]"}
RESULT: {"using":"xpath","value":"//button[@data-kt=\"resourceUnitSaveButton\"]"}
COMMAND: POST /session/0157ef9fabb145ee7fb2a1f3feebe51f/element/f.2D1A903BB9B117B2180C998CF94CF722.d.939E9D258D6BDC9859015C479493CE9F.e.14971/click - {}
RESULT: {}
COMMAND: GET /session/0157ef9fabb145ee7fb2a1f3feebe51f/screenshot - {}
RESULT: {}
COMMAND: POST /session/0157ef9fabb145ee7fb2a1f3feebe51f/element - {"using":"xpath","value":"//bdi[contains(text(), \"Close\")]"}
RESULT: {"using":"xpath","value":"//bdi[contains(text(), \"Close\")]"}
COMMAND: POST /session/0157ef9fabb145ee7fb2a1f3feebe51f/element/f.2D1A903BB9B117B2180C998CF94CF722.d.939E9D258D6BDC9859015C479493CE9F.e.15156/click - {}
RESULT: {}
COMMAND: GET /session/0157ef9fabb145ee7fb2a1f3feebe51f/screenshot - {}
RESULT: {}
COMMAND: POST /session/0157ef9fabb145ee7fb2a1f3feebe51f/element - {"using":"xpath","value":"(//button[contains(@id ,\"actionsToolbar-overflowButton\")])[1]"}
RESULT: {"using":"xpath","value":"(//button[contains(@id ,\"actionsToolbar-overflowButton\")])[1]"}
COMMAND: POST /session/0157ef9fabb145ee7fb2a1f3feebe51f/element/f.2D1A903BB9B117B2180C998CF94CF722.d.939E9D258D6BDC9859015C479493CE9F.e.15210/click - {}
RESULT: {}
COMMAND: GET /session/0157ef9fabb145ee7fb2a1f3feebe51f/screenshot - {}
RESULT: {}
COMMAND: POST /session/0157ef9fabb145ee7fb2a1f3feebe51f/element - {"using":"xpath","value":"//button[@data-kt=\"priceInfoButton\"]"}
RESULT: {"using":"xpath","value":"//button[@data-kt=\"priceInfoButton\"]"}
COMMAND: POST /session/0157ef9fabb145ee7fb2a1f3feebe51f/element/f.2D1A903BB9B117B2180C998CF94CF722.d.939E9D258D6BDC9859015C479493CE9F.e.15212/click - {}
RESULT: {}
COMMAND: GET /session/0157ef9fabb145ee7fb2a1f3feebe51f/screenshot - {}
RESULT: {}
]]></system-out>
    </testcase>
    <testcase classname="chrome.135_0_7049_42.windows.Performance_based_billing_(work_days)_US139742" name="Should create a pricing rule perf based on the equipment" time="55.129">
      <system-out><![CDATA[
COMMAND: POST /session/0157ef9fabb145ee7fb2a1f3feebe51f/element - {"using":"xpath","value":"//button[@data-kt=\"addButton\"]"}
RESULT: {"using":"xpath","value":"//button[@data-kt=\"addButton\"]"}
COMMAND: POST /session/0157ef9fabb145ee7fb2a1f3feebe51f/elements - {"using":"xpath","value":"//button[@data-kt=\"addButton\"]"}
RESULT: {"using":"xpath","value":"//button[@data-kt=\"addButton\"]"}
COMMAND: POST /session/0157ef9fabb145ee7fb2a1f3feebe51f/elements - {"using":"xpath","value":"//button[@data-kt=\"addButton\"]"}
RESULT: {"using":"xpath","value":"//button[@data-kt=\"addButton\"]"}
COMMAND: POST /session/0157ef9fabb145ee7fb2a1f3feebe51f/element - {"using":"xpath","value":"//button[@data-kt=\"addButton\"]"}
RESULT: {"using":"xpath","value":"//button[@data-kt=\"addButton\"]"}
COMMAND: POST /session/0157ef9fabb145ee7fb2a1f3feebe51f/execute/sync - {"script":"<script> [8489 bytes]","args":[{"element-6066-11e4-a52e-4f735466cecf":"f.2D1A903BB9B117B2180C998CF94CF722.d.939E9D258D6BDC9859015C479493CE9F.e.15248","ELEMENT":"f.2D1A903BB9B117B2180C998CF94CF722.d.939E9D258D6BDC9859015C479493CE9F.e.15248"}]}
RESULT: {"script":"<script> [8489 bytes]","args":[{"element-6066-11e4-a52e-4f735466cecf":"f.2D1A903BB9B117B2180C998CF94CF722.d.939E9D258D6BDC9859015C479493CE9F.e.15248","ELEMENT":"f.2D1A903BB9B117B2180C998CF94CF722.d.939E9D258D6BDC9859015C479493CE9F.e.15248"}]}
COMMAND: GET /session/0157ef9fabb145ee7fb2a1f3feebe51f/element/f.2D1A903BB9B117B2180C998CF94CF722.d.939E9D258D6BDC9859015C479493CE9F.e.15248/enabled - {}
COMMAND: GET /session/0157ef9fabb145ee7fb2a1f3feebe51f/screenshot - {}
RESULT: {}
COMMAND: POST /session/0157ef9fabb145ee7fb2a1f3feebe51f/execute/sync - {"script":"<script> [8489 bytes]","args":[{"element-6066-11e4-a52e-4f735466cecf":"f.2D1A903BB9B117B2180C998CF94CF722.d.939E9D258D6BDC9859015C479493CE9F.e.15248","ELEMENT":"f.2D1A903BB9B117B2180C998CF94CF722.d.939E9D258D6BDC9859015C479493CE9F.e.15248"}]}
COMMAND: GET /session/0157ef9fabb145ee7fb2a1f3feebe51f/screenshot - {}
RESULT: {}
RESULT: {"script":"<script> [8489 bytes]","args":[{"element-6066-11e4-a52e-4f735466cecf":"f.2D1A903BB9B117B2180C998CF94CF722.d.939E9D258D6BDC9859015C479493CE9F.e.15248","ELEMENT":"f.2D1A903BB9B117B2180C998CF94CF722.d.939E9D258D6BDC9859015C479493CE9F.e.15248"}]}
COMMAND: POST /session/0157ef9fabb145ee7fb2a1f3feebe51f/execute/sync - {"script":"<script> [5351 bytes]","args":[{"element-6066-11e4-a52e-4f735466cecf":"f.2D1A903BB9B117B2180C998CF94CF722.d.939E9D258D6BDC9859015C479493CE9F.e.15248","ELEMENT":"f.2D1A903BB9B117B2180C998CF94CF722.d.939E9D258D6BDC9859015C479493CE9F.e.15248"}]}
COMMAND: GET /session/0157ef9fabb145ee7fb2a1f3feebe51f/screenshot - {}
RESULT: {}
RESULT: {"script":"<script> [5351 bytes]","args":[{"element-6066-11e4-a52e-4f735466cecf":"f.2D1A903BB9B117B2180C998CF94CF722.d.939E9D258D6BDC9859015C479493CE9F.e.15248","ELEMENT":"f.2D1A903BB9B117B2180C998CF94CF722.d.939E9D258D6BDC9859015C479493CE9F.e.15248"}]}
COMMAND: POST /session/0157ef9fabb145ee7fb2a1f3feebe51f/element/f.2D1A903BB9B117B2180C998CF94CF722.d.939E9D258D6BDC9859015C479493CE9F.e.15248/click - {}
COMMAND: GET /session/0157ef9fabb145ee7fb2a1f3feebe51f/screenshot - {}
RESULT: {}
RESULT: {}
COMMAND: GET /session/0157ef9fabb145ee7fb2a1f3feebe51f/screenshot - {}
RESULT: {}
RESULT: {}
COMMAND: POST /session/0157ef9fabb145ee7fb2a1f3feebe51f/execute/async - {"script":"<script> [1562 bytes]","args":[{"selector":{"controlType":"sap.m.Title","viewName":"etm.portal.ui.managepricingrules.view.NewItem","viewId":"application-managepricingrules-display-component---newInfoPriceItem","properties":{"text":"New Pricing Rules - Item Level"}},"wdio_ui5_key":"etmportal.ui.managepricingrules.view.NewItemsap.m.Title{\"text\":\"New Pricing Rules - Item Level\"}"}]}
RESULT: {"script":"<script> [1562 bytes]","args":[{"selector":{"controlType":"sap.m.Title","viewName":"etm.portal.ui.managepricingrules.view.NewItem","viewId":"application-managepricingrules-display-component---newInfoPriceItem","properties":{"text":"New Pricing Rules - Item Level"}},"wdio_ui5_key":"etmportal.ui.managepricingrules.view.NewItemsap.m.Title{\"text\":\"New Pricing Rules - Item Level\"}"}]}
RESULT: undefined
COMMAND: POST /session/0157ef9fabb145ee7fb2a1f3feebe51f/execute/async - {"script":"<script> [6424 bytes]","args":[{"element-6066-11e4-a52e-4f735466cecf":"f.2D1A903BB9B117B2180C998CF94CF722.d.939E9D258D6BDC9859015C479493CE9F.e.15332"},"getText",[]]}
RESULT: {"script":"<script> [6424 bytes]","args":[{"element-6066-11e4-a52e-4f735466cecf":"f.2D1A903BB9B117B2180C998CF94CF722.d.939E9D258D6BDC9859015C479493CE9F.e.15332"},"getText",[]]}
COMMAND: POST /session/0157ef9fabb145ee7fb2a1f3feebe51f/execute/async - {"script":"<script> [1562 bytes]","args":[{"selector":{"id":"application-managepricingrules-display-component---newInfoPriceItem--condValidTo","interaction":{"idSuffix":"inner"}},"wdio_ui5_key":"applicationmanagepricingrules-display-component---newInfoPriceItem--condValidTo"}]}
RESULT: {"script":"<script> [1562 bytes]","args":[{"selector":{"id":"application-managepricingrules-display-component---newInfoPriceItem--condValidTo","interaction":{"idSuffix":"inner"}},"wdio_ui5_key":"applicationmanagepricingrules-display-component---newInfoPriceItem--condValidTo"}]}
RESULT: undefined
COMMAND: POST /session/0157ef9fabb145ee7fb2a1f3feebe51f/execute/async - {"script":"<script> [776 bytes]","args":[{"enterText":"12/17/25","selector":{"id":"application-managepricingrules-display-component---newInfoPriceItem--condValidTo","interaction":{"idSuffix":"inner"}},"clearTextFirst":true,"interactionType":"ENTER_TEXT"}]}
RESULT: {"script":"<script> [776 bytes]","args":[{"enterText":"12/17/25","selector":{"id":"application-managepricingrules-display-component---newInfoPriceItem--condValidTo","interaction":{"idSuffix":"inner"}},"clearTextFirst":true,"interactionType":"ENTER_TEXT"}]}
COMMAND: POST /session/0157ef9fabb145ee7fb2a1f3feebe51f/execute/async - {"script":"<script> [1562 bytes]","args":[{"selector":{"id":"application-managepricingrules-display-component---newInfoPriceItem--billType-arrow"},"wdio_ui5_key":"applicationmanagepricingrules-display-component---newInfoPriceItem--billType-arrow"}]}
RESULT: {"script":"<script> [1562 bytes]","args":[{"selector":{"id":"application-managepricingrules-display-component---newInfoPriceItem--billType-arrow"},"wdio_ui5_key":"applicationmanagepricingrules-display-component---newInfoPriceItem--billType-arrow"}]}
RESULT: undefined
COMMAND: POST /session/0157ef9fabb145ee7fb2a1f3feebe51f/element - {"using":"xpath","value":"//*[@id=\"application-managepricingrules-display-component---newInfoPriceItem--billType-arrow\"]"}
RESULT: {"using":"xpath","value":"//*[@id=\"application-managepricingrules-display-component---newInfoPriceItem--billType-arrow\"]"}
COMMAND: POST /session/0157ef9fabb145ee7fb2a1f3feebe51f/element/f.2D1A903BB9B117B2180C998CF94CF722.d.939E9D258D6BDC9859015C479493CE9F.e.15334/click - {}
RESULT: {}
COMMAND: POST /session/0157ef9fabb145ee7fb2a1f3feebe51f/element - {"using":"xpath","value":"//span[contains(text(), \"PB - Performance based\")]"}
COMMAND: GET /session/0157ef9fabb145ee7fb2a1f3feebe51f/screenshot - {}
RESULT: {"using":"xpath","value":"//span[contains(text(), \"PB - Performance based\")]"}
COMMAND: POST /session/0157ef9fabb145ee7fb2a1f3feebe51f/element/f.2D1A903BB9B117B2180C998CF94CF722.d.939E9D258D6BDC9859015C479493CE9F.e.15335/click - {}
RESULT: {}
RESULT: {}
COMMAND: POST /session/0157ef9fabb145ee7fb2a1f3feebe51f/execute/async - {"script":"<script> [1562 bytes]","args":[{"selector":{"id":"application-managepricingrules-display-component---newInfoPriceItem--priceProc-arrow"},"wdio_ui5_key":"applicationmanagepricingrules-display-component---newInfoPriceItem--priceProc-arrow"}]}
COMMAND: GET /session/0157ef9fabb145ee7fb2a1f3feebe51f/screenshot - {}
RESULT: {"script":"<script> [1562 bytes]","args":[{"selector":{"id":"application-managepricingrules-display-component---newInfoPriceItem--priceProc-arrow"},"wdio_ui5_key":"applicationmanagepricingrules-display-component---newInfoPriceItem--priceProc-arrow"}]}
RESULT: undefined
COMMAND: POST /session/0157ef9fabb145ee7fb2a1f3feebe51f/element - {"using":"xpath","value":"//*[@id=\"application-managepricingrules-display-component---newInfoPriceItem--priceProc-arrow\"]"}
RESULT: {}
RESULT: {"using":"xpath","value":"//*[@id=\"application-managepricingrules-display-component---newInfoPriceItem--priceProc-arrow\"]"}
COMMAND: POST /session/0157ef9fabb145ee7fb2a1f3feebe51f/element/f.2D1A903BB9B117B2180C998CF94CF722.d.939E9D258D6BDC9859015C479493CE9F.e.15336/click - {}
RESULT: {}
COMMAND: POST /session/0157ef9fabb145ee7fb2a1f3feebe51f/element - {"using":"xpath","value":"//span[contains(text(), \"PRF - Performance based\")]"}
COMMAND: GET /session/0157ef9fabb145ee7fb2a1f3feebe51f/screenshot - {}
RESULT: {"using":"xpath","value":"//span[contains(text(), \"PRF - Performance based\")]"}
COMMAND: POST /session/0157ef9fabb145ee7fb2a1f3feebe51f/element/f.2D1A903BB9B117B2180C998CF94CF722.d.939E9D258D6BDC9859015C479493CE9F.e.15337/click - {}
RESULT: {}
RESULT: {}
COMMAND: POST /session/0157ef9fabb145ee7fb2a1f3feebe51f/execute/async - {"script":"<script> [1562 bytes]","args":[{"selector":{"id":"application-managepricingrules-display-component---newInfoPriceItem--calcBase-arrow"},"wdio_ui5_key":"applicationmanagepricingrules-display-component---newInfoPriceItem--calcBase-arrow"}]}
COMMAND: GET /session/0157ef9fabb145ee7fb2a1f3feebe51f/screenshot - {}
RESULT: {"script":"<script> [1562 bytes]","args":[{"selector":{"id":"application-managepricingrules-display-component---newInfoPriceItem--calcBase-arrow"},"wdio_ui5_key":"applicationmanagepricingrules-display-component---newInfoPriceItem--calcBase-arrow"}]}
RESULT: undefined
COMMAND: POST /session/0157ef9fabb145ee7fb2a1f3feebe51f/element - {"using":"xpath","value":"//*[@id=\"application-managepricingrules-display-component---newInfoPriceItem--calcBase-arrow\"]"}
RESULT: {}
RESULT: {"using":"xpath","value":"//*[@id=\"application-managepricingrules-display-component---newInfoPriceItem--calcBase-arrow\"]"}
COMMAND: POST /session/0157ef9fabb145ee7fb2a1f3feebe51f/element/f.2D1A903BB9B117B2180C998CF94CF722.d.939E9D258D6BDC9859015C479493CE9F.e.15338/click - {}
RESULT: {}
COMMAND: GET /session/0157ef9fabb145ee7fb2a1f3feebe51f/screenshot - {}
RESULT: {}
COMMAND: POST /session/0157ef9fabb145ee7fb2a1f3feebe51f/element - {"using":"xpath","value":"//span[contains(text(), \"0007 - PB(work days)\")]"}
RESULT: {"using":"xpath","value":"//span[contains(text(), \"0007 - PB(work days)\")]"}
COMMAND: POST /session/0157ef9fabb145ee7fb2a1f3feebe51f/element/f.2D1A903BB9B117B2180C998CF94CF722.d.939E9D258D6BDC9859015C479493CE9F.e.15339/click - {}
RESULT: {}
COMMAND: GET /session/0157ef9fabb145ee7fb2a1f3feebe51f/screenshot - {}
RESULT: {}
COMMAND: POST /session/0157ef9fabb145ee7fb2a1f3feebe51f/execute/async - {"script":"<script> [1562 bytes]","args":[{"selector":{"id":"application-managepricingrules-display-component---newInfoPriceItem--hoursMonth","interaction":{"idSuffix":"inner"}},"wdio_ui5_key":"applicationmanagepricingrules-display-component---newInfoPriceItem--hoursMonth"}]}
RESULT: {"script":"<script> [1562 bytes]","args":[{"selector":{"id":"application-managepricingrules-display-component---newInfoPriceItem--hoursMonth","interaction":{"idSuffix":"inner"}},"wdio_ui5_key":"applicationmanagepricingrules-display-component---newInfoPriceItem--hoursMonth"}]}
RESULT: undefined
COMMAND: POST /session/0157ef9fabb145ee7fb2a1f3feebe51f/execute/async - {"script":"<script> [776 bytes]","args":[{"enterText":"160","selector":{"id":"application-managepricingrules-display-component---newInfoPriceItem--hoursMonth","interaction":{"idSuffix":"inner"}},"clearTextFirst":true,"interactionType":"ENTER_TEXT"}]}
RESULT: {"script":"<script> [776 bytes]","args":[{"enterText":"160","selector":{"id":"application-managepricingrules-display-component---newInfoPriceItem--hoursMonth","interaction":{"idSuffix":"inner"}},"clearTextFirst":true,"interactionType":"ENTER_TEXT"}]}
COMMAND: POST /session/0157ef9fabb145ee7fb2a1f3feebe51f/element - {"using":"xpath","value":"//button[@data-kt=\"saveNewRuleButton\"]"}
RESULT: {"using":"xpath","value":"//button[@data-kt=\"saveNewRuleButton\"]"}
COMMAND: POST /session/0157ef9fabb145ee7fb2a1f3feebe51f/element/f.2D1A903BB9B117B2180C998CF94CF722.d.939E9D258D6BDC9859015C479493CE9F.e.15341/click - {}
RESULT: {}
COMMAND: GET /session/0157ef9fabb145ee7fb2a1f3feebe51f/screenshot - {}
RESULT: {}
COMMAND: POST /session/0157ef9fabb145ee7fb2a1f3feebe51f/execute/async - {"script":"<script> [1562 bytes]","args":[{"selector":{"id":"application-managepricingrules-display-component---priceInfoItem--smartFilterBar-btnBasicSearch","interaction":{"idSuffix":"I"}},"wdio_ui5_key":"applicationmanagepricingrules-display-component---priceInfoItem--smartFilterBar-btnBasicSearch"}]}
RESULT: {"script":"<script> [1562 bytes]","args":[{"selector":{"id":"application-managepricingrules-display-component---priceInfoItem--smartFilterBar-btnBasicSearch","interaction":{"idSuffix":"I"}},"wdio_ui5_key":"applicationmanagepricingrules-display-component---priceInfoItem--smartFilterBar-btnBasicSearch"}]}
RESULT: undefined
COMMAND: POST /session/0157ef9fabb145ee7fb2a1f3feebe51f/execute/async - {"script":"<script> [776 bytes]","args":[{"enterText":"s4TFBi537t","selector":{"id":"application-managepricingrules-display-component---priceInfoItem--smartFilterBar-btnBasicSearch","interaction":{"idSuffix":"I"}},"clearTextFirst":true,"interactionType":"ENTER_TEXT"}]}
RESULT: {"script":"<script> [776 bytes]","args":[{"enterText":"s4TFBi537t","selector":{"id":"application-managepricingrules-display-component---priceInfoItem--smartFilterBar-btnBasicSearch","interaction":{"idSuffix":"I"}},"clearTextFirst":true,"interactionType":"ENTER_TEXT"}]}
COMMAND: POST /session/0157ef9fabb145ee7fb2a1f3feebe51f/actions - {"actions":[{"id":"action51","type":"key","parameters":{},"actions":[{"type":"keyDown","value":""},{"type":"pause","duration":10},{"type":"keyUp","value":""}]}]}
RESULT: {"actions":[{"id":"action51","type":"key","parameters":{},"actions":[{"type":"keyDown","value":""},{"type":"pause","duration":10},{"type":"keyUp","value":""}]}]}
COMMAND: GET /session/0157ef9fabb145ee7fb2a1f3feebe51f/screenshot - {}
RESULT: {}
COMMAND: POST /session/0157ef9fabb145ee7fb2a1f3feebe51f/element - {"using":"xpath","value":"//span[@id=\"application-managepricingrules-display-component---priceInfoItem--smartTable-header-inner\"]"}
RESULT: {"using":"xpath","value":"//span[@id=\"application-managepricingrules-display-component---priceInfoItem--smartTable-header-inner\"]"}
COMMAND: POST /session/0157ef9fabb145ee7fb2a1f3feebe51f/elements - {"using":"xpath","value":"//span[@id=\"application-managepricingrules-display-component---priceInfoItem--smartTable-header-inner\"]"}
RESULT: {"using":"xpath","value":"//span[@id=\"application-managepricingrules-display-component---priceInfoItem--smartTable-header-inner\"]"}
COMMAND: POST /session/0157ef9fabb145ee7fb2a1f3feebe51f/execute/sync - {"script":"<script> [56 bytes]","args":[{"element-6066-11e4-a52e-4f735466cecf":"f.2D1A903BB9B117B2180C998CF94CF722.d.939E9D258D6BDC9859015C479493CE9F.e.15353","ELEMENT":"f.2D1A903BB9B117B2180C998CF94CF722.d.939E9D258D6BDC9859015C479493CE9F.e.15353"}]}
RESULT: {"script":"<script> [56 bytes]","args":[{"element-6066-11e4-a52e-4f735466cecf":"f.2D1A903BB9B117B2180C998CF94CF722.d.939E9D258D6BDC9859015C479493CE9F.e.15353","ELEMENT":"f.2D1A903BB9B117B2180C998CF94CF722.d.939E9D258D6BDC9859015C479493CE9F.e.15353"}]}
COMMAND: POST /session/0157ef9fabb145ee7fb2a1f3feebe51f/element - {"using":"css selector","value":"#shell-header-logo"}
COMMAND: GET /session/0157ef9fabb145ee7fb2a1f3feebe51f/screenshot - {}
RESULT: {"using":"css selector","value":"#shell-header-logo"}
COMMAND: POST /session/0157ef9fabb145ee7fb2a1f3feebe51f/element/f.2D1A903BB9B117B2180C998CF94CF722.d.939E9D258D6BDC9859015C479493CE9F.e.14563/click - {}
RESULT: {}
RESULT: {}
COMMAND: GET /session/0157ef9fabb145ee7fb2a1f3feebe51f/screenshot - {}
RESULT: {}
]]></system-out>
    </testcase>
    <testcase classname="chrome.135_0_7049_42.windows.Performance_based_billing_(work_days)_US139742" name="Should create a performance based billing condition on the equipment" time="67.555">
      <system-out><![CDATA[
COMMAND: POST /session/0157ef9fabb145ee7fb2a1f3feebe51f/execute/async - {"script":"<script> [1562 bytes]","args":[{"selector":{"controlType":"sap.m.Text","properties":{"text":"Manage Conditions & Prices"},"interaction":{"idSuffix":"inner"}},"wdio_ui5_key":"sapm.Text{\"text\":\"Manage Conditions & Prices\"}"}]}
RESULT: {"script":"<script> [1562 bytes]","args":[{"selector":{"controlType":"sap.m.Text","properties":{"text":"Manage Conditions & Prices"},"interaction":{"idSuffix":"inner"}},"wdio_ui5_key":"sapm.Text{\"text\":\"Manage Conditions & Prices\"}"}]}
RESULT: undefined
COMMAND: POST /session/0157ef9fabb145ee7fb2a1f3feebe51f/element - {"using":"xpath","value":"//*[@id=\"__tile53-title\"]"}
RESULT: {"using":"xpath","value":"//*[@id=\"__tile53-title\"]"}
COMMAND: POST /session/0157ef9fabb145ee7fb2a1f3feebe51f/element/f.2D1A903BB9B117B2180C998CF94CF722.d.939E9D258D6BDC9859015C479493CE9F.e.15356/click - {}
RESULT: {}
COMMAND: POST /session/0157ef9fabb145ee7fb2a1f3feebe51f/element - {"using":"xpath","value":"//button[@aria-label=\"Create\"]"}
COMMAND: GET /session/0157ef9fabb145ee7fb2a1f3feebe51f/screenshot - {}
RESULT: {"using":"xpath","value":"//button[@aria-label=\"Create\"]"}
COMMAND: POST /session/0157ef9fabb145ee7fb2a1f3feebe51f/elements - {"using":"xpath","value":"//button[@aria-label=\"Create\"]"}
RESULT: {}
RESULT: {"using":"xpath","value":"//button[@aria-label=\"Create\"]"}
COMMAND: POST /session/0157ef9fabb145ee7fb2a1f3feebe51f/elements - {"using":"xpath","value":"//button[@aria-label=\"Create\"]"}
RESULT: {"using":"xpath","value":"//button[@aria-label=\"Create\"]"}
COMMAND: POST /session/0157ef9fabb145ee7fb2a1f3feebe51f/elements - {"using":"xpath","value":"//button[@aria-label=\"Create\"]"}
RESULT: {"using":"xpath","value":"//button[@aria-label=\"Create\"]"}
COMMAND: POST /session/0157ef9fabb145ee7fb2a1f3feebe51f/elements - {"using":"xpath","value":"//button[@aria-label=\"Create\"]"}
RESULT: {"using":"xpath","value":"//button[@aria-label=\"Create\"]"}
COMMAND: POST /session/0157ef9fabb145ee7fb2a1f3feebe51f/elements - {"using":"xpath","value":"//button[@aria-label=\"Create\"]"}
RESULT: {"using":"xpath","value":"//button[@aria-label=\"Create\"]"}
COMMAND: POST /session/0157ef9fabb145ee7fb2a1f3feebe51f/elements - {"using":"xpath","value":"//button[@aria-label=\"Create\"]"}
RESULT: {"using":"xpath","value":"//button[@aria-label=\"Create\"]"}
COMMAND: POST /session/0157ef9fabb145ee7fb2a1f3feebe51f/elements - {"using":"xpath","value":"//button[@aria-label=\"Create\"]"}
RESULT: {"using":"xpath","value":"//button[@aria-label=\"Create\"]"}
COMMAND: POST /session/0157ef9fabb145ee7fb2a1f3feebe51f/elements - {"using":"xpath","value":"//button[@aria-label=\"Create\"]"}
RESULT: {"using":"xpath","value":"//button[@aria-label=\"Create\"]"}
COMMAND: POST /session/0157ef9fabb145ee7fb2a1f3feebe51f/elements - {"using":"xpath","value":"//button[@aria-label=\"Create\"]"}
RESULT: {"using":"xpath","value":"//button[@aria-label=\"Create\"]"}
COMMAND: POST /session/0157ef9fabb145ee7fb2a1f3feebe51f/elements - {"using":"xpath","value":"//button[@aria-label=\"Create\"]"}
RESULT: {"using":"xpath","value":"//button[@aria-label=\"Create\"]"}
COMMAND: POST /session/0157ef9fabb145ee7fb2a1f3feebe51f/elements - {"using":"xpath","value":"//button[@aria-label=\"Create\"]"}
RESULT: {"using":"xpath","value":"//button[@aria-label=\"Create\"]"}
COMMAND: POST /session/0157ef9fabb145ee7fb2a1f3feebe51f/elements - {"using":"xpath","value":"//button[@aria-label=\"Create\"]"}
RESULT: {"using":"xpath","value":"//button[@aria-label=\"Create\"]"}
COMMAND: POST /session/0157ef9fabb145ee7fb2a1f3feebe51f/elements - {"using":"xpath","value":"//button[@aria-label=\"Create\"]"}
RESULT: {"using":"xpath","value":"//button[@aria-label=\"Create\"]"}
COMMAND: POST /session/0157ef9fabb145ee7fb2a1f3feebe51f/elements - {"using":"xpath","value":"//button[@aria-label=\"Create\"]"}
RESULT: {"using":"xpath","value":"//button[@aria-label=\"Create\"]"}
COMMAND: POST /session/0157ef9fabb145ee7fb2a1f3feebe51f/elements - {"using":"xpath","value":"//button[@aria-label=\"Create\"]"}
RESULT: {"using":"xpath","value":"//button[@aria-label=\"Create\"]"}
COMMAND: POST /session/0157ef9fabb145ee7fb2a1f3feebe51f/elements - {"using":"xpath","value":"//button[@aria-label=\"Create\"]"}
RESULT: {"using":"xpath","value":"//button[@aria-label=\"Create\"]"}
COMMAND: POST /session/0157ef9fabb145ee7fb2a1f3feebe51f/element - {"using":"xpath","value":"//button[@aria-label=\"Create\"]"}
RESULT: {"using":"xpath","value":"//button[@aria-label=\"Create\"]"}
COMMAND: POST /session/0157ef9fabb145ee7fb2a1f3feebe51f/execute/sync - {"script":"<script> [8489 bytes]","args":[{"element-6066-11e4-a52e-4f735466cecf":"f.2D1A903BB9B117B2180C998CF94CF722.d.939E9D258D6BDC9859015C479493CE9F.e.15390","ELEMENT":"f.2D1A903BB9B117B2180C998CF94CF722.d.939E9D258D6BDC9859015C479493CE9F.e.15390"}]}
RESULT: {"script":"<script> [8489 bytes]","args":[{"element-6066-11e4-a52e-4f735466cecf":"f.2D1A903BB9B117B2180C998CF94CF722.d.939E9D258D6BDC9859015C479493CE9F.e.15390","ELEMENT":"f.2D1A903BB9B117B2180C998CF94CF722.d.939E9D258D6BDC9859015C479493CE9F.e.15390"}]}
COMMAND: GET /session/0157ef9fabb145ee7fb2a1f3feebe51f/element/f.2D1A903BB9B117B2180C998CF94CF722.d.939E9D258D6BDC9859015C479493CE9F.e.15390/enabled - {}
COMMAND: GET /session/0157ef9fabb145ee7fb2a1f3feebe51f/screenshot - {}
RESULT: {}
COMMAND: POST /session/0157ef9fabb145ee7fb2a1f3feebe51f/execute/sync - {"script":"<script> [8489 bytes]","args":[{"element-6066-11e4-a52e-4f735466cecf":"f.2D1A903BB9B117B2180C998CF94CF722.d.939E9D258D6BDC9859015C479493CE9F.e.15390","ELEMENT":"f.2D1A903BB9B117B2180C998CF94CF722.d.939E9D258D6BDC9859015C479493CE9F.e.15390"}]}
COMMAND: GET /session/0157ef9fabb145ee7fb2a1f3feebe51f/screenshot - {}
RESULT: {}
RESULT: {"script":"<script> [8489 bytes]","args":[{"element-6066-11e4-a52e-4f735466cecf":"f.2D1A903BB9B117B2180C998CF94CF722.d.939E9D258D6BDC9859015C479493CE9F.e.15390","ELEMENT":"f.2D1A903BB9B117B2180C998CF94CF722.d.939E9D258D6BDC9859015C479493CE9F.e.15390"}]}
COMMAND: POST /session/0157ef9fabb145ee7fb2a1f3feebe51f/execute/sync - {"script":"<script> [5351 bytes]","args":[{"element-6066-11e4-a52e-4f735466cecf":"f.2D1A903BB9B117B2180C998CF94CF722.d.939E9D258D6BDC9859015C479493CE9F.e.15390","ELEMENT":"f.2D1A903BB9B117B2180C998CF94CF722.d.939E9D258D6BDC9859015C479493CE9F.e.15390"}]}
COMMAND: GET /session/0157ef9fabb145ee7fb2a1f3feebe51f/screenshot - {}
RESULT: {}
RESULT: {"script":"<script> [5351 bytes]","args":[{"element-6066-11e4-a52e-4f735466cecf":"f.2D1A903BB9B117B2180C998CF94CF722.d.939E9D258D6BDC9859015C479493CE9F.e.15390","ELEMENT":"f.2D1A903BB9B117B2180C998CF94CF722.d.939E9D258D6BDC9859015C479493CE9F.e.15390"}]}
COMMAND: POST /session/0157ef9fabb145ee7fb2a1f3feebe51f/element/f.2D1A903BB9B117B2180C998CF94CF722.d.939E9D258D6BDC9859015C479493CE9F.e.15390/click - {}
COMMAND: GET /session/0157ef9fabb145ee7fb2a1f3feebe51f/screenshot - {}
RESULT: {}
RESULT: {}
COMMAND: GET /session/0157ef9fabb145ee7fb2a1f3feebe51f/screenshot - {}
RESULT: {}
RESULT: {}
COMMAND: POST /session/0157ef9fabb145ee7fb2a1f3feebe51f/actions - {"actions":[{"id":"action52","type":"key","parameters":{},"actions":[{"type":"keyDown","value":""},{"type":"pause","duration":10},{"type":"keyUp","value":""}]}]}
RESULT: {"actions":[{"id":"action52","type":"key","parameters":{},"actions":[{"type":"keyDown","value":""},{"type":"pause","duration":10},{"type":"keyUp","value":""}]}]}
COMMAND: GET /session/0157ef9fabb145ee7fb2a1f3feebe51f/screenshot - {}
RESULT: {}
COMMAND: POST /session/0157ef9fabb145ee7fb2a1f3feebe51f/execute/async - {"script":"<script> [1562 bytes]","args":[{"selector":{"id":"application-manageconditionprice-display-component---newCondition--condBillCond-arrow"},"wdio_ui5_key":"applicationmanageconditionprice-display-component---newCondition--condBillCond-arrow"}]}
RESULT: {"script":"<script> [1562 bytes]","args":[{"selector":{"id":"application-manageconditionprice-display-component---newCondition--condBillCond-arrow"},"wdio_ui5_key":"applicationmanageconditionprice-display-component---newCondition--condBillCond-arrow"}]}
RESULT: undefined
COMMAND: POST /session/0157ef9fabb145ee7fb2a1f3feebe51f/element - {"using":"xpath","value":"//*[@id=\"application-manageconditionprice-display-component---newCondition--condBillCond-arrow\"]"}
RESULT: {"using":"xpath","value":"//*[@id=\"application-manageconditionprice-display-component---newCondition--condBillCond-arrow\"]"}
COMMAND: POST /session/0157ef9fabb145ee7fb2a1f3feebe51f/element/f.2D1A903BB9B117B2180C998CF94CF722.d.939E9D258D6BDC9859015C479493CE9F.e.15566/click - {}
RESULT: {}
COMMAND: GET /session/0157ef9fabb145ee7fb2a1f3feebe51f/screenshot - {}
RESULT: {}
COMMAND: POST /session/0157ef9fabb145ee7fb2a1f3feebe51f/element - {"using":"xpath","value":"//li[.//span[contains(text(), \"PC06 - Performance Price - fuel\")]]"}
RESULT: {"using":"xpath","value":"//li[.//span[contains(text(), \"PC06 - Performance Price - fuel\")]]"}
COMMAND: POST /session/0157ef9fabb145ee7fb2a1f3feebe51f/element/f.2D1A903BB9B117B2180C998CF94CF722.d.939E9D258D6BDC9859015C479493CE9F.e.15570/click - {}
RESULT: {}
COMMAND: GET /session/0157ef9fabb145ee7fb2a1f3feebe51f/screenshot - {}
RESULT: {}
COMMAND: POST /session/0157ef9fabb145ee7fb2a1f3feebe51f/execute/async - {"script":"<script> [1562 bytes]","args":[{"selector":{"id":"application-manageconditionprice-display-component---newCondition--condValidTo","interaction":{"idSuffix":"inner"}},"wdio_ui5_key":"applicationmanageconditionprice-display-component---newCondition--condValidTo"}]}
RESULT: {"script":"<script> [1562 bytes]","args":[{"selector":{"id":"application-manageconditionprice-display-component---newCondition--condValidTo","interaction":{"idSuffix":"inner"}},"wdio_ui5_key":"applicationmanageconditionprice-display-component---newCondition--condValidTo"}]}
RESULT: undefined
COMMAND: POST /session/0157ef9fabb145ee7fb2a1f3feebe51f/execute/async - {"script":"<script> [776 bytes]","args":[{"enterText":"12/17/25","selector":{"id":"application-manageconditionprice-display-component---newCondition--condValidTo","interaction":{"idSuffix":"inner"}},"clearTextFirst":true,"interactionType":"ENTER_TEXT"}]}
RESULT: {"script":"<script> [776 bytes]","args":[{"enterText":"12/17/25","selector":{"id":"application-manageconditionprice-display-component---newCondition--condValidTo","interaction":{"idSuffix":"inner"}},"clearTextFirst":true,"interactionType":"ENTER_TEXT"}]}
COMMAND: POST /session/0157ef9fabb145ee7fb2a1f3feebe51f/element - {"using":"xpath","value":"//input[@id=\"application-manageconditionprice-display-component---newCondition--condRU-inner\"]"}
RESULT: {"using":"xpath","value":"//input[@id=\"application-manageconditionprice-display-component---newCondition--condRU-inner\"]"}
COMMAND: POST /session/0157ef9fabb145ee7fb2a1f3feebe51f/element/f.2D1A903BB9B117B2180C998CF94CF722.d.939E9D258D6BDC9859015C479493CE9F.e.15434/clear - {}
RESULT: {}
COMMAND: POST /session/0157ef9fabb145ee7fb2a1f3feebe51f/element/f.2D1A903BB9B117B2180C998CF94CF722.d.939E9D258D6BDC9859015C479493CE9F.e.15434/value - {"text":"s4TFBi537t"}
COMMAND: GET /session/0157ef9fabb145ee7fb2a1f3feebe51f/screenshot - {}
RESULT: {"text":"s4TFBi537t"}
COMMAND: GET /session/0157ef9fabb145ee7fb2a1f3feebe51f/screenshot - {}
RESULT: {}
RESULT: {}
COMMAND: POST /session/0157ef9fabb145ee7fb2a1f3feebe51f/actions - {"actions":[{"id":"action53","type":"key","parameters":{},"actions":[{"type":"keyDown","value":""},{"type":"pause","duration":10},{"type":"keyUp","value":""}]}]}
RESULT: {"actions":[{"id":"action53","type":"key","parameters":{},"actions":[{"type":"keyDown","value":""},{"type":"pause","duration":10},{"type":"keyUp","value":""}]}]}
COMMAND: POST /session/0157ef9fabb145ee7fb2a1f3feebe51f/execute/async - {"script":"<script> [1562 bytes]","args":[{"selector":{"id":"application-manageconditionprice-display-component---newCondition--condBaseQty","interaction":{"idSuffix":"inner"}},"wdio_ui5_key":"applicationmanageconditionprice-display-component---newCondition--condBaseQty"}]}
COMMAND: GET /session/0157ef9fabb145ee7fb2a1f3feebe51f/screenshot - {}
RESULT: {"script":"<script> [1562 bytes]","args":[{"selector":{"id":"application-manageconditionprice-display-component---newCondition--condBaseQty","interaction":{"idSuffix":"inner"}},"wdio_ui5_key":"applicationmanageconditionprice-display-component---newCondition--condBaseQty"}]}
RESULT: undefined
COMMAND: POST /session/0157ef9fabb145ee7fb2a1f3feebe51f/execute/async - {"script":"<script> [776 bytes]","args":[{"enterText":"1","selector":{"id":"application-manageconditionprice-display-component---newCondition--condBaseQty","interaction":{"idSuffix":"inner"}},"clearTextFirst":true,"interactionType":"ENTER_TEXT"}]}
RESULT: {}
RESULT: {"script":"<script> [776 bytes]","args":[{"enterText":"1","selector":{"id":"application-manageconditionprice-display-component---newCondition--condBaseQty","interaction":{"idSuffix":"inner"}},"clearTextFirst":true,"interactionType":"ENTER_TEXT"}]}
COMMAND: POST /session/0157ef9fabb145ee7fb2a1f3feebe51f/execute/async - {"script":"<script> [1562 bytes]","args":[{"selector":{"id":"application-manageconditionprice-display-component---newCondition--condValue","interaction":{"idSuffix":"inner"}},"wdio_ui5_key":"applicationmanageconditionprice-display-component---newCondition--condValue"}]}
RESULT: {"script":"<script> [1562 bytes]","args":[{"selector":{"id":"application-manageconditionprice-display-component---newCondition--condValue","interaction":{"idSuffix":"inner"}},"wdio_ui5_key":"applicationmanageconditionprice-display-component---newCondition--condValue"}]}
RESULT: undefined
COMMAND: POST /session/0157ef9fabb145ee7fb2a1f3feebe51f/execute/async - {"script":"<script> [776 bytes]","args":[{"enterText":"10","selector":{"id":"application-manageconditionprice-display-component---newCondition--condValue","interaction":{"idSuffix":"inner"}},"clearTextFirst":true,"interactionType":"ENTER_TEXT"}]}
RESULT: {"script":"<script> [776 bytes]","args":[{"enterText":"10","selector":{"id":"application-manageconditionprice-display-component---newCondition--condValue","interaction":{"idSuffix":"inner"}},"clearTextFirst":true,"interactionType":"ENTER_TEXT"}]}
COMMAND: POST /session/0157ef9fabb145ee7fb2a1f3feebe51f/execute/async - {"script":"<script> [1562 bytes]","args":[{"selector":{"id":"application-manageconditionprice-display-component---newCondition--condCurr-arrow"},"wdio_ui5_key":"applicationmanageconditionprice-display-component---newCondition--condCurr-arrow"}]}
RESULT: {"script":"<script> [1562 bytes]","args":[{"selector":{"id":"application-manageconditionprice-display-component---newCondition--condCurr-arrow"},"wdio_ui5_key":"applicationmanageconditionprice-display-component---newCondition--condCurr-arrow"}]}
RESULT: undefined
COMMAND: POST /session/0157ef9fabb145ee7fb2a1f3feebe51f/element - {"using":"xpath","value":"//*[@id=\"application-manageconditionprice-display-component---newCondition--condCurr-arrow\"]"}
RESULT: {"using":"xpath","value":"//*[@id=\"application-manageconditionprice-display-component---newCondition--condCurr-arrow\"]"}
COMMAND: POST /session/0157ef9fabb145ee7fb2a1f3feebe51f/element/f.2D1A903BB9B117B2180C998CF94CF722.d.939E9D258D6BDC9859015C479493CE9F.e.15545/click - {}
RESULT: {}
COMMAND: POST /session/0157ef9fabb145ee7fb2a1f3feebe51f/element - {"using":"xpath","value":"//span[contains(text(), \"Euro\")]"}
COMMAND: GET /session/0157ef9fabb145ee7fb2a1f3feebe51f/screenshot - {}
RESULT: {"using":"xpath","value":"//span[contains(text(), \"Euro\")]"}
COMMAND: POST /session/0157ef9fabb145ee7fb2a1f3feebe51f/element/f.2D1A903BB9B117B2180C998CF94CF722.d.939E9D258D6BDC9859015C479493CE9F.e.15605/click - {}
RESULT: {}
RESULT: {}
COMMAND: POST /session/0157ef9fabb145ee7fb2a1f3feebe51f/element - {"using":"xpath","value":"//button[@data-kt=\"saveButton\"]"}
COMMAND: GET /session/0157ef9fabb145ee7fb2a1f3feebe51f/screenshot - {}
RESULT: {"using":"xpath","value":"//button[@data-kt=\"saveButton\"]"}
COMMAND: POST /session/0157ef9fabb145ee7fb2a1f3feebe51f/element/f.2D1A903BB9B117B2180C998CF94CF722.d.939E9D258D6BDC9859015C479493CE9F.e.15546/click - {}
RESULT: {}
RESULT: {}
COMMAND: GET /session/0157ef9fabb145ee7fb2a1f3feebe51f/screenshot - {}
RESULT: {}
COMMAND: POST /session/0157ef9fabb145ee7fb2a1f3feebe51f/execute/async - {"script":"<script> [1562 bytes]","args":[{"selector":{"id":"application-manageconditionprice-display-component---conditions--smartFilterBar-btnBasicSearch","interaction":{"idSuffix":"I"}},"wdio_ui5_key":"applicationmanageconditionprice-display-component---conditions--smartFilterBar-btnBasicSearch"}]}
RESULT: {"script":"<script> [1562 bytes]","args":[{"selector":{"id":"application-manageconditionprice-display-component---conditions--smartFilterBar-btnBasicSearch","interaction":{"idSuffix":"I"}},"wdio_ui5_key":"applicationmanageconditionprice-display-component---conditions--smartFilterBar-btnBasicSearch"}]}
RESULT: undefined
COMMAND: POST /session/0157ef9fabb145ee7fb2a1f3feebe51f/execute/async - {"script":"<script> [776 bytes]","args":[{"enterText":"s4TFBi537t","selector":{"id":"application-manageconditionprice-display-component---conditions--smartFilterBar-btnBasicSearch","interaction":{"idSuffix":"I"}},"clearTextFirst":true,"interactionType":"ENTER_TEXT"}]}
RESULT: {"script":"<script> [776 bytes]","args":[{"enterText":"s4TFBi537t","selector":{"id":"application-manageconditionprice-display-component---conditions--smartFilterBar-btnBasicSearch","interaction":{"idSuffix":"I"}},"clearTextFirst":true,"interactionType":"ENTER_TEXT"}]}
COMMAND: POST /session/0157ef9fabb145ee7fb2a1f3feebe51f/actions - {"actions":[{"id":"action54","type":"key","parameters":{},"actions":[{"type":"keyDown","value":""},{"type":"pause","duration":10},{"type":"keyUp","value":""}]}]}
RESULT: {"actions":[{"id":"action54","type":"key","parameters":{},"actions":[{"type":"keyDown","value":""},{"type":"pause","duration":10},{"type":"keyUp","value":""}]}]}
COMMAND: GET /session/0157ef9fabb145ee7fb2a1f3feebe51f/screenshot - {}
RESULT: {}
COMMAND: POST /session/0157ef9fabb145ee7fb2a1f3feebe51f/execute/async - {"script":"<script> [1562 bytes]","args":[{"selector":{"id":"application-manageconditionprice-display-component---conditions--smartFilterBar-filterItemControl_BASIC-BILL_TYPES-vhi"},"wdio_ui5_key":"applicationmanageconditionprice-display-component---conditions--smartFilterBar-filterItemControl_BASIC-BILL_TYPES-vhi"}]}
RESULT: {"script":"<script> [1562 bytes]","args":[{"selector":{"id":"application-manageconditionprice-display-component---conditions--smartFilterBar-filterItemControl_BASIC-BILL_TYPES-vhi"},"wdio_ui5_key":"applicationmanageconditionprice-display-component---conditions--smartFilterBar-filterItemControl_BASIC-BILL_TYPES-vhi"}]}
RESULT: undefined
COMMAND: POST /session/0157ef9fabb145ee7fb2a1f3feebe51f/element - {"using":"xpath","value":"//*[@id=\"application-manageconditionprice-display-component---conditions--smartFilterBar-filterItemControl_BASIC-BILL_TYPES-vhi\"]"}
RESULT: {"using":"xpath","value":"//*[@id=\"application-manageconditionprice-display-component---conditions--smartFilterBar-filterItemControl_BASIC-BILL_TYPES-vhi\"]"}
COMMAND: POST /session/0157ef9fabb145ee7fb2a1f3feebe51f/element/f.2D1A903BB9B117B2180C998CF94CF722.d.939E9D258D6BDC9859015C479493CE9F.e.15622/click - {}
RESULT: {}
COMMAND: POST /session/0157ef9fabb145ee7fb2a1f3feebe51f/execute/async - {"script":"<script> [1562 bytes]","args":[{"selector":{"id":"application-manageconditionprice-display-component---conditions--smartFilterBar-filterItemControl_BASIC-BILL_TYPES-valueHelpDialog-smartFilterBar-btnBasicSearch","searchOpenDialogs":true,"interaction":{"idSuffix":"I"}},"wdio_ui5_key":"applicationmanageconditionprice-display-component---conditions--smartFilterBar-filterItemControl_BASIC-BILL_TYPES-valueHelpDialog-smartFilterBar-btnBasicSearch"}]}
COMMAND: GET /session/0157ef9fabb145ee7fb2a1f3feebe51f/screenshot - {}
RESULT: {"script":"<script> [1562 bytes]","args":[{"selector":{"id":"application-manageconditionprice-display-component---conditions--smartFilterBar-filterItemControl_BASIC-BILL_TYPES-valueHelpDialog-smartFilterBar-btnBasicSearch","searchOpenDialogs":true,"interaction":{"idSuffix":"I"}},"wdio_ui5_key":"applicationmanageconditionprice-display-component---conditions--smartFilterBar-filterItemControl_BASIC-BILL_TYPES-valueHelpDialog-smartFilterBar-btnBasicSearch"}]}
RESULT: undefined
COMMAND: POST /session/0157ef9fabb145ee7fb2a1f3feebe51f/execute/async - {"script":"<script> [776 bytes]","args":[{"enterText":"PB","selector":{"id":"application-manageconditionprice-display-component---conditions--smartFilterBar-filterItemControl_BASIC-BILL_TYPES-valueHelpDialog-smartFilterBar-btnBasicSearch","searchOpenDialogs":true,"interaction":{"idSuffix":"I"}},"clearTextFirst":true,"interactionType":"ENTER_TEXT"}]}
RESULT: {}
RESULT: {"script":"<script> [776 bytes]","args":[{"enterText":"PB","selector":{"id":"application-manageconditionprice-display-component---conditions--smartFilterBar-filterItemControl_BASIC-BILL_TYPES-valueHelpDialog-smartFilterBar-btnBasicSearch","searchOpenDialogs":true,"interaction":{"idSuffix":"I"}},"clearTextFirst":true,"interactionType":"ENTER_TEXT"}]}
COMMAND: POST /session/0157ef9fabb145ee7fb2a1f3feebe51f/actions - {"actions":[{"id":"action55","type":"key","parameters":{},"actions":[{"type":"keyDown","value":""},{"type":"pause","duration":10},{"type":"keyUp","value":""}]}]}
RESULT: {"actions":[{"id":"action55","type":"key","parameters":{},"actions":[{"type":"keyDown","value":""},{"type":"pause","duration":10},{"type":"keyUp","value":""}]}]}
COMMAND: GET /session/0157ef9fabb145ee7fb2a1f3feebe51f/screenshot - {}
RESULT: {}
COMMAND: POST /session/0157ef9fabb145ee7fb2a1f3feebe51f/element - {"using":"xpath","value":"//div[contains(@id, 'application-manageconditionprice-display-component---conditions--smartFilterBar-filterItemControl_BASIC-BILL_TYPES-valueHelpDialog-table-rowsel0')]"}
RESULT: {"using":"xpath","value":"//div[contains(@id, 'application-manageconditionprice-display-component---conditions--smartFilterBar-filterItemControl_BASIC-BILL_TYPES-valueHelpDialog-table-rowsel0')]"}
COMMAND: POST /session/0157ef9fabb145ee7fb2a1f3feebe51f/element/f.2D1A903BB9B117B2180C998CF94CF722.d.939E9D258D6BDC9859015C479493CE9F.e.15631/click - {}
RESULT: {}
COMMAND: GET /session/0157ef9fabb145ee7fb2a1f3feebe51f/screenshot - {}
RESULT: {}
COMMAND: POST /session/0157ef9fabb145ee7fb2a1f3feebe51f/element - {"using":"xpath","value":"//bdi[contains(text(), \"OK\")]"}
RESULT: {"using":"xpath","value":"//bdi[contains(text(), \"OK\")]"}
COMMAND: POST /session/0157ef9fabb145ee7fb2a1f3feebe51f/element/f.2D1A903BB9B117B2180C998CF94CF722.d.939E9D258D6BDC9859015C479493CE9F.e.15633/click - {}
RESULT: {}
COMMAND: GET /session/0157ef9fabb145ee7fb2a1f3feebe51f/screenshot - {}
RESULT: {}
COMMAND: POST /session/0157ef9fabb145ee7fb2a1f3feebe51f/element - {"using":"xpath","value":"//span[@id=\"application-manageconditionprice-display-component---conditions--smartTable-header-inner\"]"}
RESULT: {"using":"xpath","value":"//span[@id=\"application-manageconditionprice-display-component---conditions--smartTable-header-inner\"]"}
COMMAND: POST /session/0157ef9fabb145ee7fb2a1f3feebe51f/elements - {"using":"xpath","value":"//span[@id=\"application-manageconditionprice-display-component---conditions--smartTable-header-inner\"]"}
RESULT: {"using":"xpath","value":"//span[@id=\"application-manageconditionprice-display-component---conditions--smartTable-header-inner\"]"}
COMMAND: POST /session/0157ef9fabb145ee7fb2a1f3feebe51f/execute/sync - {"script":"<script> [56 bytes]","args":[{"element-6066-11e4-a52e-4f735466cecf":"f.2D1A903BB9B117B2180C998CF94CF722.d.939E9D258D6BDC9859015C479493CE9F.e.15636","ELEMENT":"f.2D1A903BB9B117B2180C998CF94CF722.d.939E9D258D6BDC9859015C479493CE9F.e.15636"}]}
RESULT: {"script":"<script> [56 bytes]","args":[{"element-6066-11e4-a52e-4f735466cecf":"f.2D1A903BB9B117B2180C998CF94CF722.d.939E9D258D6BDC9859015C479493CE9F.e.15636","ELEMENT":"f.2D1A903BB9B117B2180C998CF94CF722.d.939E9D258D6BDC9859015C479493CE9F.e.15636"}]}
COMMAND: POST /session/0157ef9fabb145ee7fb2a1f3feebe51f/element - {"using":"css selector","value":"#shell-header-logo"}
COMMAND: GET /session/0157ef9fabb145ee7fb2a1f3feebe51f/screenshot - {}
RESULT: {"using":"css selector","value":"#shell-header-logo"}
COMMAND: POST /session/0157ef9fabb145ee7fb2a1f3feebe51f/element/f.2D1A903BB9B117B2180C998CF94CF722.d.939E9D258D6BDC9859015C479493CE9F.e.15358/click - {}
RESULT: {}
RESULT: {}
COMMAND: GET /session/0157ef9fabb145ee7fb2a1f3feebe51f/screenshot - {}
RESULT: {}
]]></system-out>
    </testcase>
    <testcase classname="chrome.135_0_7049_42.windows.Performance_based_billing_(work_days)_US139742" name="Should add a counter to the equipment" time="52.296">
      <system-out><![CDATA[
RESULT: undefined
COMMAND: POST /session/0157ef9fabb145ee7fb2a1f3feebe51f/element - {"using":"xpath","value":"//*[@id=\"__tile39\"]"}
RESULT: {"using":"xpath","value":"//*[@id=\"__tile39\"]"}
COMMAND: POST /session/0157ef9fabb145ee7fb2a1f3feebe51f/element/f.2D1A903BB9B117B2180C998CF94CF722.d.939E9D258D6BDC9859015C479493CE9F.e.14453/click - {}
RESULT: {}
COMMAND: POST /session/0157ef9fabb145ee7fb2a1f3feebe51f/execute/async - {"script":"<script> [1562 bytes]","args":[{"selector":{"id":"application-manageresources-display-component---masterRU--smartFilterBar-btnBasicSearch","interaction":{"idSuffix":"I"}},"wdio_ui5_key":"applicationmanageresources-display-component---masterRU--smartFilterBar-btnBasicSearch"}]}
COMMAND: GET /session/0157ef9fabb145ee7fb2a1f3feebe51f/screenshot - {}
RESULT: undefined
RESULT: {"script":"<script> [1562 bytes]","args":[{"selector":{"id":"application-manageresources-display-component---masterRU--smartFilterBar-btnBasicSearch","interaction":{"idSuffix":"I"}},"wdio_ui5_key":"applicationmanageresources-display-component---masterRU--smartFilterBar-btnBasicSearch"}]}
RESULT: undefined
COMMAND: POST /session/0157ef9fabb145ee7fb2a1f3feebe51f/execute/async - {"script":"<script> [776 bytes]","args":[{"enterText":"s4TFBi537t","selector":{"id":"application-manageresources-display-component---masterRU--smartFilterBar-btnBasicSearch","interaction":{"idSuffix":"I"}},"clearTextFirst":true,"interactionType":"ENTER_TEXT"}]}
RESULT: {}
RESULT: {"script":"<script> [776 bytes]","args":[{"enterText":"s4TFBi537t","selector":{"id":"application-manageresources-display-component---masterRU--smartFilterBar-btnBasicSearch","interaction":{"idSuffix":"I"}},"clearTextFirst":true,"interactionType":"ENTER_TEXT"}]}
COMMAND: POST /session/0157ef9fabb145ee7fb2a1f3feebe51f/actions - {"actions":[{"id":"action56","type":"key","parameters":{},"actions":[{"type":"keyDown","value":""},{"type":"pause","duration":10},{"type":"keyUp","value":""}]}]}
RESULT: {"actions":[{"id":"action56","type":"key","parameters":{},"actions":[{"type":"keyDown","value":""},{"type":"pause","duration":10},{"type":"keyUp","value":""}]}]}
COMMAND: GET /session/0157ef9fabb145ee7fb2a1f3feebe51f/screenshot - {}
RESULT: {}
COMMAND: POST /session/0157ef9fabb145ee7fb2a1f3feebe51f/execute/async - {"script":"<script> [1562 bytes]","args":[{"selector":{"id":"application-manageresources-display-component---masterRU--smartTable-header"},"wdio_ui5_key":"applicationmanageresources-display-component---masterRU--smartTable-header"}]}
RESULT: {"script":"<script> [1562 bytes]","args":[{"selector":{"id":"application-manageresources-display-component---masterRU--smartTable-header"},"wdio_ui5_key":"applicationmanageresources-display-component---masterRU--smartTable-header"}]}
RESULT: undefined
COMMAND: POST /session/0157ef9fabb145ee7fb2a1f3feebe51f/execute/async - {"script":"<script> [6424 bytes]","args":[{"element-6066-11e4-a52e-4f735466cecf":"f.2D1A903BB9B117B2180C998CF94CF722.d.939E9D258D6BDC9859015C479493CE9F.e.15827"},"getText",[]]}
RESULT: {"script":"<script> [6424 bytes]","args":[{"element-6066-11e4-a52e-4f735466cecf":"f.2D1A903BB9B117B2180C998CF94CF722.d.939E9D258D6BDC9859015C479493CE9F.e.15827"},"getText",[]]}
COMMAND: POST /session/0157ef9fabb145ee7fb2a1f3feebe51f/execute/async - {"script":"<script> [1562 bytes]","args":[{"selector":{"controlType":"sap.ui.core.Icon","viewName":"etm.portal.ui.manageresources.view.Master","viewId":"application-manageresources-display-component---masterRU","properties":{"src":{"regex":{"source":"slim\\-arrow\\-right"}}}},"wdio_ui5_key":"etmportal.ui.manageresources.view.Mastersap.ui.core.Icon{\"src\":{\"regex\":{\"source\":\"slim\\\\-arrow\\\\-right\"}}}"}]}
RESULT: {"script":"<script> [1562 bytes]","args":[{"selector":{"controlType":"sap.ui.core.Icon","viewName":"etm.portal.ui.manageresources.view.Master","viewId":"application-manageresources-display-component---masterRU","properties":{"src":{"regex":{"source":"slim\\-arrow\\-right"}}}},"wdio_ui5_key":"etmportal.ui.manageresources.view.Mastersap.ui.core.Icon{\"src\":{\"regex\":{\"source\":\"slim\\\\-arrow\\\\-right\"}}}"}]}
RESULT: undefined
COMMAND: POST /session/0157ef9fabb145ee7fb2a1f3feebe51f/element - {"using":"xpath","value":"//*[@id=\"__item972-__clone2511-imgNav\"]"}
RESULT: {"using":"xpath","value":"//*[@id=\"__item972-__clone2511-imgNav\"]"}
COMMAND: POST /session/0157ef9fabb145ee7fb2a1f3feebe51f/element/f.2D1A903BB9B117B2180C998CF94CF722.d.939E9D258D6BDC9859015C479493CE9F.e.15826/click - {}
RESULT: {}
COMMAND: GET /session/0157ef9fabb145ee7fb2a1f3feebe51f/screenshot - {}
COMMAND: POST /session/0157ef9fabb145ee7fb2a1f3feebe51f/element - {"using":"xpath","value":"//bdi[contains(text(), \"Edit\")]"}
RESULT: {}
RESULT: {"using":"xpath","value":"//bdi[contains(text(), \"Edit\")]"}
COMMAND: POST /session/0157ef9fabb145ee7fb2a1f3feebe51f/execute/sync - {"script":"<script> [8489 bytes]","args":[{"element-6066-11e4-a52e-4f735466cecf":"f.2D1A903BB9B117B2180C998CF94CF722.d.939E9D258D6BDC9859015C479493CE9F.e.15936","ELEMENT":"f.2D1A903BB9B117B2180C998CF94CF722.d.939E9D258D6BDC9859015C479493CE9F.e.15936"}]}
RESULT: {"script":"<script> [8489 bytes]","args":[{"element-6066-11e4-a52e-4f735466cecf":"f.2D1A903BB9B117B2180C998CF94CF722.d.939E9D258D6BDC9859015C479493CE9F.e.15936","ELEMENT":"f.2D1A903BB9B117B2180C998CF94CF722.d.939E9D258D6BDC9859015C479493CE9F.e.15936"}]}
COMMAND: POST /session/0157ef9fabb145ee7fb2a1f3feebe51f/element/f.2D1A903BB9B117B2180C998CF94CF722.d.939E9D258D6BDC9859015C479493CE9F.e.15936/click - {}
COMMAND: GET /session/0157ef9fabb145ee7fb2a1f3feebe51f/screenshot - {}
RESULT: {}
COMMAND: GET /session/0157ef9fabb145ee7fb2a1f3feebe51f/screenshot - {}
RESULT: {}
RESULT: {}
COMMAND: POST /session/0157ef9fabb145ee7fb2a1f3feebe51f/execute/async - {"script":"<script> [1562 bytes]","args":[{"selector":{"id":"application-manageresources-display-component---editResource--editRruPage-anchBar-application-manageresources-display-component---editResource--counters-anchor","interaction":{"idSuffix":"BDI-content"}},"wdio_ui5_key":"applicationmanageresources-display-component---editResource--editRruPage-anchBar-application-manageresources-display-component---editResource--counters-anchor"}]}
RESULT: {"script":"<script> [1562 bytes]","args":[{"selector":{"id":"application-manageresources-display-component---editResource--editRruPage-anchBar-application-manageresources-display-component---editResource--counters-anchor","interaction":{"idSuffix":"BDI-content"}},"wdio_ui5_key":"applicationmanageresources-display-component---editResource--editRruPage-anchBar-application-manageresources-display-component---editResource--counters-anchor"}]}
RESULT: undefined
COMMAND: POST /session/0157ef9fabb145ee7fb2a1f3feebe51f/element - {"using":"xpath","value":"//*[@id=\"application-manageresources-display-component---editResource--editRruPage-anchBar-application-manageresources-display-component---editResource--counters-anchor\"]"}
RESULT: {"using":"xpath","value":"//*[@id=\"application-manageresources-display-component---editResource--editRruPage-anchBar-application-manageresources-display-component---editResource--counters-anchor\"]"}
COMMAND: POST /session/0157ef9fabb145ee7fb2a1f3feebe51f/element/f.2D1A903BB9B117B2180C998CF94CF722.d.939E9D258D6BDC9859015C479493CE9F.e.16095/click - {}
RESULT: {}
COMMAND: GET /session/0157ef9fabb145ee7fb2a1f3feebe51f/screenshot - {}
RESULT: {}
COMMAND: POST /session/0157ef9fabb145ee7fb2a1f3feebe51f/execute/async - {"script":"<script> [1562 bytes]","args":[{"selector":{"id":"application-manageresources-display-component---editResource--btnAddCounter-img"},"wdio_ui5_key":"applicationmanageresources-display-component---editResource--btnAddCounter-img"}]}
RESULT: {"script":"<script> [1562 bytes]","args":[{"selector":{"id":"application-manageresources-display-component---editResource--btnAddCounter-img"},"wdio_ui5_key":"applicationmanageresources-display-component---editResource--btnAddCounter-img"}]}
RESULT: undefined
COMMAND: POST /session/0157ef9fabb145ee7fb2a1f3feebe51f/element - {"using":"xpath","value":"//*[@id=\"application-manageresources-display-component---editResource--btnAddCounter-img\"]"}
RESULT: {"using":"xpath","value":"//*[@id=\"application-manageresources-display-component---editResource--btnAddCounter-img\"]"}
COMMAND: POST /session/0157ef9fabb145ee7fb2a1f3feebe51f/element/f.2D1A903BB9B117B2180C998CF94CF722.d.939E9D258D6BDC9859015C479493CE9F.e.16100/click - {}
RESULT: {}
COMMAND: POST /session/0157ef9fabb145ee7fb2a1f3feebe51f/execute/async - {"script":"<script> [1562 bytes]","args":[{"selector":{"id":"application-manageresources-display-component---editResource--COUNTER_ID-application-manageresources-display-component---editResource--RUCounters-0-arrow"},"wdio_ui5_key":"applicationmanageresources-display-component---editResource--COUNTER_ID-application-manageresources-display-component---editResource--RUCounters-0-arrow"}]}
COMMAND: GET /session/0157ef9fabb145ee7fb2a1f3feebe51f/screenshot - {}
RESULT: {"script":"<script> [1562 bytes]","args":[{"selector":{"id":"application-manageresources-display-component---editResource--COUNTER_ID-application-manageresources-display-component---editResource--RUCounters-0-arrow"},"wdio_ui5_key":"applicationmanageresources-display-component---editResource--COUNTER_ID-application-manageresources-display-component---editResource--RUCounters-0-arrow"}]}
RESULT: undefined
COMMAND: POST /session/0157ef9fabb145ee7fb2a1f3feebe51f/element - {"using":"xpath","value":"//*[@id=\"application-manageresources-display-component---editResource--COUNTER_ID-application-manageresources-display-component---editResource--RUCounters-0-arrow\"]"}
RESULT: {}
RESULT: {"using":"xpath","value":"//*[@id=\"application-manageresources-display-component---editResource--COUNTER_ID-application-manageresources-display-component---editResource--RUCounters-0-arrow\"]"}
COMMAND: POST /session/0157ef9fabb145ee7fb2a1f3feebe51f/element/f.2D1A903BB9B117B2180C998CF94CF722.d.939E9D258D6BDC9859015C479493CE9F.e.16113/click - {}
RESULT: {}
COMMAND: POST /session/0157ef9fabb145ee7fb2a1f3feebe51f/execute/async - {"script":"<script> [1562 bytes]","args":[{"selector":{"controlType":"sap.m.StandardListItem","viewName":"etm.portal.ui.manageresources.view.EditResource","viewId":"application-manageresources-display-component---editResource","properties":{"title":"fuel"},"searchOpenDialogs":true,"interaction":{"idSuffix":"content"}},"wdio_ui5_key":"etmportal.ui.manageresources.view.EditResourcesap.m.StandardListItem{\"title\":\"fuel\"}"}]}
COMMAND: GET /session/0157ef9fabb145ee7fb2a1f3feebe51f/screenshot - {}
RESULT: {"script":"<script> [1562 bytes]","args":[{"selector":{"controlType":"sap.m.StandardListItem","viewName":"etm.portal.ui.manageresources.view.EditResource","viewId":"application-manageresources-display-component---editResource","properties":{"title":"fuel"},"searchOpenDialogs":true,"interaction":{"idSuffix":"content"}},"wdio_ui5_key":"etmportal.ui.manageresources.view.EditResourcesap.m.StandardListItem{\"title\":\"fuel\"}"}]}
RESULT: undefined
COMMAND: POST /session/0157ef9fabb145ee7fb2a1f3feebe51f/element - {"using":"xpath","value":"//*[@id=\"__item1276\"]"}
RESULT: {}
RESULT: {"using":"xpath","value":"//*[@id=\"__item1276\"]"}
COMMAND: POST /session/0157ef9fabb145ee7fb2a1f3feebe51f/element/f.2D1A903BB9B117B2180C998CF94CF722.d.939E9D258D6BDC9859015C479493CE9F.e.16115/click - {}
RESULT: {}
COMMAND: POST /session/0157ef9fabb145ee7fb2a1f3feebe51f/execute/async - {"script":"<script> [1562 bytes]","args":[{"selector":{"controlType":"sap.m.Button","viewName":"etm.portal.ui.manageresources.view.EditResource","viewId":"application-manageresources-display-component---editResource","i18NText":{"propertyName":"text","key":"save"},"interaction":{"idSuffix":"BDI-content"}},"wdio_ui5_key":"etmportal.ui.manageresources.view.EditResourcesap.m.Button{\"propertyName\":\"text\",\"key\":\"save\"}"}]}
COMMAND: GET /session/0157ef9fabb145ee7fb2a1f3feebe51f/screenshot - {}
RESULT: {"script":"<script> [1562 bytes]","args":[{"selector":{"controlType":"sap.m.Button","viewName":"etm.portal.ui.manageresources.view.EditResource","viewId":"application-manageresources-display-component---editResource","i18NText":{"propertyName":"text","key":"save"},"interaction":{"idSuffix":"BDI-content"}},"wdio_ui5_key":"etmportal.ui.manageresources.view.EditResourcesap.m.Button{\"propertyName\":\"text\",\"key\":\"save\"}"}]}
RESULT: undefined
COMMAND: POST /session/0157ef9fabb145ee7fb2a1f3feebe51f/element - {"using":"xpath","value":"//*[@id=\"__button172\"]"}
RESULT: {}
RESULT: {"using":"xpath","value":"//*[@id=\"__button172\"]"}
COMMAND: POST /session/0157ef9fabb145ee7fb2a1f3feebe51f/element/f.2D1A903BB9B117B2180C998CF94CF722.d.939E9D258D6BDC9859015C479493CE9F.e.16117/click - {}
RESULT: {}
COMMAND: GET /session/0157ef9fabb145ee7fb2a1f3feebe51f/screenshot - {}
RESULT: {}
COMMAND: POST /session/0157ef9fabb145ee7fb2a1f3feebe51f/element - {"using":"css selector","value":"#shell-header-logo"}
RESULT: {"using":"css selector","value":"#shell-header-logo"}
COMMAND: POST /session/0157ef9fabb145ee7fb2a1f3feebe51f/element/f.2D1A903BB9B117B2180C998CF94CF722.d.939E9D258D6BDC9859015C479493CE9F.e.15641/click - {}
RESULT: {}
COMMAND: GET /session/0157ef9fabb145ee7fb2a1f3feebe51f/screenshot - {}
RESULT: {}
]]></system-out>
    </testcase>
    <testcase classname="chrome.135_0_7049_42.windows.Performance_based_billing_(work_days)_US139742" name="Should do a stock increase on the yard for the equipment" time="88.01">
      <system-out><![CDATA[
COMMAND: POST /session/0157ef9fabb145ee7fb2a1f3feebe51f/execute/async - {"script":"<script> [1562 bytes]","args":[{"selector":{"controlType":"sap.m.Text","viewName":"etm.portal.ui.managehandoverstile.view.Master","properties":{"text":"Manage Handovers"},"interaction":{"idSuffix":"inner"}},"wdio_ui5_key":"etmportal.ui.managehandoverstile.view.Mastersap.m.Text{\"text\":\"Manage Handovers\"}"}]}
RESULT: {"script":"<script> [1562 bytes]","args":[{"selector":{"controlType":"sap.m.Text","viewName":"etm.portal.ui.managehandoverstile.view.Master","properties":{"text":"Manage Handovers"},"interaction":{"idSuffix":"inner"}},"wdio_ui5_key":"etmportal.ui.managehandoverstile.view.Mastersap.m.Text{\"text\":\"Manage Handovers\"}"}]}
RESULT: undefined
COMMAND: POST /session/0157ef9fabb145ee7fb2a1f3feebe51f/element - {"using":"xpath","value":"//*[@id=\"__tile131-title\"]"}
RESULT: {"using":"xpath","value":"//*[@id=\"__tile131-title\"]"}
COMMAND: POST /session/0157ef9fabb145ee7fb2a1f3feebe51f/element/f.2D1A903BB9B117B2180C998CF94CF722.d.939E9D258D6BDC9859015C479493CE9F.e.16129/click - {}
RESULT: {}
COMMAND: POST /session/0157ef9fabb145ee7fb2a1f3feebe51f/element - {"using":"xpath","value":"//button[@data-kt=\"masterHOAddButton\"]"}
COMMAND: GET /session/0157ef9fabb145ee7fb2a1f3feebe51f/screenshot - {}
RESULT: {"using":"xpath","value":"//button[@data-kt=\"masterHOAddButton\"]"}
COMMAND: POST /session/0157ef9fabb145ee7fb2a1f3feebe51f/elements - {"using":"xpath","value":"//button[@data-kt=\"masterHOAddButton\"]"}
RESULT: {}
RESULT: {"using":"xpath","value":"//button[@data-kt=\"masterHOAddButton\"]"}
COMMAND: POST /session/0157ef9fabb145ee7fb2a1f3feebe51f/elements - {"using":"xpath","value":"//button[@data-kt=\"masterHOAddButton\"]"}
RESULT: {"using":"xpath","value":"//button[@data-kt=\"masterHOAddButton\"]"}
COMMAND: POST /session/0157ef9fabb145ee7fb2a1f3feebe51f/elements - {"using":"xpath","value":"//button[@data-kt=\"masterHOAddButton\"]"}
RESULT: {"using":"xpath","value":"//button[@data-kt=\"masterHOAddButton\"]"}
COMMAND: POST /session/0157ef9fabb145ee7fb2a1f3feebe51f/elements - {"using":"xpath","value":"//button[@data-kt=\"masterHOAddButton\"]"}
RESULT: {"using":"xpath","value":"//button[@data-kt=\"masterHOAddButton\"]"}
COMMAND: POST /session/0157ef9fabb145ee7fb2a1f3feebe51f/elements - {"using":"xpath","value":"//button[@data-kt=\"masterHOAddButton\"]"}
RESULT: {"using":"xpath","value":"//button[@data-kt=\"masterHOAddButton\"]"}
COMMAND: POST /session/0157ef9fabb145ee7fb2a1f3feebe51f/elements - {"using":"xpath","value":"//button[@data-kt=\"masterHOAddButton\"]"}
RESULT: {"using":"xpath","value":"//button[@data-kt=\"masterHOAddButton\"]"}
COMMAND: POST /session/0157ef9fabb145ee7fb2a1f3feebe51f/elements - {"using":"xpath","value":"//button[@data-kt=\"masterHOAddButton\"]"}
RESULT: {"using":"xpath","value":"//button[@data-kt=\"masterHOAddButton\"]"}
COMMAND: POST /session/0157ef9fabb145ee7fb2a1f3feebe51f/elements - {"using":"xpath","value":"//button[@data-kt=\"masterHOAddButton\"]"}
RESULT: {"using":"xpath","value":"//button[@data-kt=\"masterHOAddButton\"]"}
COMMAND: POST /session/0157ef9fabb145ee7fb2a1f3feebe51f/elements - {"using":"xpath","value":"//button[@data-kt=\"masterHOAddButton\"]"}
RESULT: {"using":"xpath","value":"//button[@data-kt=\"masterHOAddButton\"]"}
COMMAND: POST /session/0157ef9fabb145ee7fb2a1f3feebe51f/elements - {"using":"xpath","value":"//button[@data-kt=\"masterHOAddButton\"]"}
RESULT: {"using":"xpath","value":"//button[@data-kt=\"masterHOAddButton\"]"}
COMMAND: POST /session/0157ef9fabb145ee7fb2a1f3feebe51f/elements - {"using":"xpath","value":"//button[@data-kt=\"masterHOAddButton\"]"}
RESULT: {"using":"xpath","value":"//button[@data-kt=\"masterHOAddButton\"]"}
COMMAND: POST /session/0157ef9fabb145ee7fb2a1f3feebe51f/elements - {"using":"xpath","value":"//button[@data-kt=\"masterHOAddButton\"]"}
RESULT: {"using":"xpath","value":"//button[@data-kt=\"masterHOAddButton\"]"}
COMMAND: POST /session/0157ef9fabb145ee7fb2a1f3feebe51f/elements - {"using":"xpath","value":"//button[@data-kt=\"masterHOAddButton\"]"}
RESULT: {"using":"xpath","value":"//button[@data-kt=\"masterHOAddButton\"]"}
COMMAND: POST /session/0157ef9fabb145ee7fb2a1f3feebe51f/elements - {"using":"xpath","value":"//button[@data-kt=\"masterHOAddButton\"]"}
RESULT: {"using":"xpath","value":"//button[@data-kt=\"masterHOAddButton\"]"}
COMMAND: POST /session/0157ef9fabb145ee7fb2a1f3feebe51f/elements - {"using":"xpath","value":"//button[@data-kt=\"masterHOAddButton\"]"}
RESULT: {"using":"xpath","value":"//button[@data-kt=\"masterHOAddButton\"]"}
COMMAND: POST /session/0157ef9fabb145ee7fb2a1f3feebe51f/elements - {"using":"xpath","value":"//button[@data-kt=\"masterHOAddButton\"]"}
RESULT: {"using":"xpath","value":"//button[@data-kt=\"masterHOAddButton\"]"}
COMMAND: POST /session/0157ef9fabb145ee7fb2a1f3feebe51f/elements - {"using":"xpath","value":"//button[@data-kt=\"masterHOAddButton\"]"}
RESULT: {"using":"xpath","value":"//button[@data-kt=\"masterHOAddButton\"]"}
COMMAND: POST /session/0157ef9fabb145ee7fb2a1f3feebe51f/elements - {"using":"xpath","value":"//button[@data-kt=\"masterHOAddButton\"]"}
RESULT: {"using":"xpath","value":"//button[@data-kt=\"masterHOAddButton\"]"}
COMMAND: POST /session/0157ef9fabb145ee7fb2a1f3feebe51f/elements - {"using":"xpath","value":"//button[@data-kt=\"masterHOAddButton\"]"}
RESULT: {"using":"xpath","value":"//button[@data-kt=\"masterHOAddButton\"]"}
COMMAND: POST /session/0157ef9fabb145ee7fb2a1f3feebe51f/elements - {"using":"xpath","value":"//button[@data-kt=\"masterHOAddButton\"]"}
RESULT: {"using":"xpath","value":"//button[@data-kt=\"masterHOAddButton\"]"}
COMMAND: POST /session/0157ef9fabb145ee7fb2a1f3feebe51f/elements - {"using":"xpath","value":"//button[@data-kt=\"masterHOAddButton\"]"}
RESULT: {"using":"xpath","value":"//button[@data-kt=\"masterHOAddButton\"]"}
COMMAND: POST /session/0157ef9fabb145ee7fb2a1f3feebe51f/element - {"using":"xpath","value":"//button[@data-kt=\"masterHOAddButton\"]"}
RESULT: {"using":"xpath","value":"//button[@data-kt=\"masterHOAddButton\"]"}
COMMAND: POST /session/0157ef9fabb145ee7fb2a1f3feebe51f/execute/sync - {"script":"<script> [8489 bytes]","args":[{"element-6066-11e4-a52e-4f735466cecf":"f.2D1A903BB9B117B2180C998CF94CF722.d.939E9D258D6BDC9859015C479493CE9F.e.16159","ELEMENT":"f.2D1A903BB9B117B2180C998CF94CF722.d.939E9D258D6BDC9859015C479493CE9F.e.16159"}]}
RESULT: {"script":"<script> [8489 bytes]","args":[{"element-6066-11e4-a52e-4f735466cecf":"f.2D1A903BB9B117B2180C998CF94CF722.d.939E9D258D6BDC9859015C479493CE9F.e.16159","ELEMENT":"f.2D1A903BB9B117B2180C998CF94CF722.d.939E9D258D6BDC9859015C479493CE9F.e.16159"}]}
COMMAND: GET /session/0157ef9fabb145ee7fb2a1f3feebe51f/element/f.2D1A903BB9B117B2180C998CF94CF722.d.939E9D258D6BDC9859015C479493CE9F.e.16159/enabled - {}
COMMAND: GET /session/0157ef9fabb145ee7fb2a1f3feebe51f/screenshot - {}
RESULT: {}
COMMAND: POST /session/0157ef9fabb145ee7fb2a1f3feebe51f/execute/sync - {"script":"<script> [8489 bytes]","args":[{"element-6066-11e4-a52e-4f735466cecf":"f.2D1A903BB9B117B2180C998CF94CF722.d.939E9D258D6BDC9859015C479493CE9F.e.16159","ELEMENT":"f.2D1A903BB9B117B2180C998CF94CF722.d.939E9D258D6BDC9859015C479493CE9F.e.16159"}]}
COMMAND: GET /session/0157ef9fabb145ee7fb2a1f3feebe51f/screenshot - {}
RESULT: {}
RESULT: {"script":"<script> [8489 bytes]","args":[{"element-6066-11e4-a52e-4f735466cecf":"f.2D1A903BB9B117B2180C998CF94CF722.d.939E9D258D6BDC9859015C479493CE9F.e.16159","ELEMENT":"f.2D1A903BB9B117B2180C998CF94CF722.d.939E9D258D6BDC9859015C479493CE9F.e.16159"}]}
COMMAND: POST /session/0157ef9fabb145ee7fb2a1f3feebe51f/execute/sync - {"script":"<script> [5351 bytes]","args":[{"element-6066-11e4-a52e-4f735466cecf":"f.2D1A903BB9B117B2180C998CF94CF722.d.939E9D258D6BDC9859015C479493CE9F.e.16159","ELEMENT":"f.2D1A903BB9B117B2180C998CF94CF722.d.939E9D258D6BDC9859015C479493CE9F.e.16159"}]}
COMMAND: GET /session/0157ef9fabb145ee7fb2a1f3feebe51f/screenshot - {}
RESULT: {}
RESULT: {"script":"<script> [5351 bytes]","args":[{"element-6066-11e4-a52e-4f735466cecf":"f.2D1A903BB9B117B2180C998CF94CF722.d.939E9D258D6BDC9859015C479493CE9F.e.16159","ELEMENT":"f.2D1A903BB9B117B2180C998CF94CF722.d.939E9D258D6BDC9859015C479493CE9F.e.16159"}]}
COMMAND: POST /session/0157ef9fabb145ee7fb2a1f3feebe51f/element/f.2D1A903BB9B117B2180C998CF94CF722.d.939E9D258D6BDC9859015C479493CE9F.e.16159/click - {}
COMMAND: GET /session/0157ef9fabb145ee7fb2a1f3feebe51f/screenshot - {}
RESULT: {}
RESULT: {}
COMMAND: GET /session/0157ef9fabb145ee7fb2a1f3feebe51f/screenshot - {}
RESULT: {}
COMMAND: POST /session/0157ef9fabb145ee7fb2a1f3feebe51f/element - {"using":"xpath","value":"//span[contains(@id ,\"AddNewHO--typeSelect-arrow\")]"}
RESULT: {}
RESULT: {"using":"xpath","value":"//span[contains(@id ,\"AddNewHO--typeSelect-arrow\")]"}
COMMAND: POST /session/0157ef9fabb145ee7fb2a1f3feebe51f/element/f.2D1A903BB9B117B2180C998CF94CF722.d.939E9D258D6BDC9859015C479493CE9F.e.16503/click - {}
RESULT: {}
COMMAND: GET /session/0157ef9fabb145ee7fb2a1f3feebe51f/screenshot - {}
RESULT: {}
COMMAND: POST /session/0157ef9fabb145ee7fb2a1f3feebe51f/element - {"using":"xpath","value":"(//li[contains(text(), \"stock increase yard\")])[1]"}
RESULT: {"using":"xpath","value":"(//li[contains(text(), \"stock increase yard\")])[1]"}
COMMAND: POST /session/0157ef9fabb145ee7fb2a1f3feebe51f/element/f.2D1A903BB9B117B2180C998CF94CF722.d.939E9D258D6BDC9859015C479493CE9F.e.16504/click - {}
RESULT: {}
COMMAND: GET /session/0157ef9fabb145ee7fb2a1f3feebe51f/screenshot - {}
RESULT: {}
COMMAND: POST /session/0157ef9fabb145ee7fb2a1f3feebe51f/execute/async - {"script":"<script> [1562 bytes]","args":[{"selector":{"id":"application-managehandovers-display-component---AddNewHO--dueDate","interaction":{"idSuffix":"inner"}},"wdio_ui5_key":"applicationmanagehandovers-display-component---AddNewHO--dueDate"}]}
RESULT: {"script":"<script> [1562 bytes]","args":[{"selector":{"id":"application-managehandovers-display-component---AddNewHO--dueDate","interaction":{"idSuffix":"inner"}},"wdio_ui5_key":"applicationmanagehandovers-display-component---AddNewHO--dueDate"}]}
RESULT: undefined
COMMAND: POST /session/0157ef9fabb145ee7fb2a1f3feebe51f/execute/async - {"script":"<script> [6424 bytes]","args":[{"element-6066-11e4-a52e-4f735466cecf":"f.2D1A903BB9B117B2180C998CF94CF722.d.939E9D258D6BDC9859015C479493CE9F.e.16506"},"setValue",["04/17/2025"]]}
RESULT: {"script":"<script> [6424 bytes]","args":[{"element-6066-11e4-a52e-4f735466cecf":"f.2D1A903BB9B117B2180C998CF94CF722.d.939E9D258D6BDC9859015C479493CE9F.e.16506"},"setValue",["04/17/2025"]]}
COMMAND: POST /session/0157ef9fabb145ee7fb2a1f3feebe51f/element - {"using":"xpath","value":"//input[@id=\"generalSectionFrg--receiveYard-inner\"]"}
RESULT: {"using":"xpath","value":"//input[@id=\"generalSectionFrg--receiveYard-inner\"]"}
COMMAND: POST /session/0157ef9fabb145ee7fb2a1f3feebe51f/element/f.2D1A903BB9B117B2180C998CF94CF722.d.939E9D258D6BDC9859015C479493CE9F.e.16512/clear - {}
RESULT: {}
COMMAND: POST /session/0157ef9fabb145ee7fb2a1f3feebe51f/element/f.2D1A903BB9B117B2180C998CF94CF722.d.939E9D258D6BDC9859015C479493CE9F.e.16512/value - {"text":"477"}
COMMAND: GET /session/0157ef9fabb145ee7fb2a1f3feebe51f/screenshot - {}
RESULT: {"text":"477"}
COMMAND: GET /session/0157ef9fabb145ee7fb2a1f3feebe51f/screenshot - {}
RESULT: {}
RESULT: {}
COMMAND: POST /session/0157ef9fabb145ee7fb2a1f3feebe51f/element - {"using":"xpath","value":"//li[.//span[text()='477']]"}
RESULT: {"using":"xpath","value":"//li[.//span[text()='477']]"}
COMMAND: POST /session/0157ef9fabb145ee7fb2a1f3feebe51f/element/f.2D1A903BB9B117B2180C998CF94CF722.d.939E9D258D6BDC9859015C479493CE9F.e.16529/click - {}
RESULT: {}
COMMAND: GET /session/0157ef9fabb145ee7fb2a1f3feebe51f/screenshot - {}
RESULT: {}
COMMAND: POST /session/0157ef9fabb145ee7fb2a1f3feebe51f/execute/async - {"script":"<script> [1562 bytes]","args":[{"selector":{"id":"application-managehandovers-display-component---AddNewHO--ObjectPageLayout-anchBar-application-managehandovers-display-component---AddNewHO--section4-anchor","interaction":{"idSuffix":"BDI-content"}},"wdio_ui5_key":"applicationmanagehandovers-display-component---AddNewHO--ObjectPageLayout-anchBar-application-managehandovers-display-component---AddNewHO--section4-anchor"}]}
RESULT: {"script":"<script> [1562 bytes]","args":[{"selector":{"id":"application-managehandovers-display-component---AddNewHO--ObjectPageLayout-anchBar-application-managehandovers-display-component---AddNewHO--section4-anchor","interaction":{"idSuffix":"BDI-content"}},"wdio_ui5_key":"applicationmanagehandovers-display-component---AddNewHO--ObjectPageLayout-anchBar-application-managehandovers-display-component---AddNewHO--section4-anchor"}]}
RESULT: undefined
COMMAND: POST /session/0157ef9fabb145ee7fb2a1f3feebe51f/element - {"using":"xpath","value":"//*[@id=\"application-managehandovers-display-component---AddNewHO--ObjectPageLayout-anchBar-application-managehandovers-display-component---AddNewHO--section4-anchor\"]"}
RESULT: {"using":"xpath","value":"//*[@id=\"application-managehandovers-display-component---AddNewHO--ObjectPageLayout-anchBar-application-managehandovers-display-component---AddNewHO--section4-anchor\"]"}
COMMAND: POST /session/0157ef9fabb145ee7fb2a1f3feebe51f/element/f.2D1A903BB9B117B2180C998CF94CF722.d.939E9D258D6BDC9859015C479493CE9F.e.16531/click - {}
RESULT: {}
COMMAND: POST /session/0157ef9fabb145ee7fb2a1f3feebe51f/element - {"using":"xpath","value":"//button[@aria-label=\"Add\"]"}
COMMAND: GET /session/0157ef9fabb145ee7fb2a1f3feebe51f/screenshot - {}
RESULT: {"using":"xpath","value":"//button[@aria-label=\"Add\"]"}
COMMAND: POST /session/0157ef9fabb145ee7fb2a1f3feebe51f/element/f.2D1A903BB9B117B2180C998CF94CF722.d.939E9D258D6BDC9859015C479493CE9F.e.16535/click - {}
RESULT: {}
RESULT: {}
COMMAND: GET /session/0157ef9fabb145ee7fb2a1f3feebe51f/screenshot - {}
RESULT: {}
COMMAND: POST /session/0157ef9fabb145ee7fb2a1f3feebe51f/execute/async - {"script":"<script> [1562 bytes]","args":[{"selector":{"id":"application-managehandovers-display-component---AddNewHO--smartFilterBar-btnBasicSearch","searchOpenDialogs":true,"interaction":{"idSuffix":"I"}},"wdio_ui5_key":"applicationmanagehandovers-display-component---AddNewHO--smartFilterBar-btnBasicSearch"}]}
RESULT: {"script":"<script> [1562 bytes]","args":[{"selector":{"id":"application-managehandovers-display-component---AddNewHO--smartFilterBar-btnBasicSearch","searchOpenDialogs":true,"interaction":{"idSuffix":"I"}},"wdio_ui5_key":"applicationmanagehandovers-display-component---AddNewHO--smartFilterBar-btnBasicSearch"}]}
RESULT: undefined
COMMAND: POST /session/0157ef9fabb145ee7fb2a1f3feebe51f/execute/async - {"script":"<script> [776 bytes]","args":[{"enterText":"s4TFBi537t","selector":{"id":"application-managehandovers-display-component---AddNewHO--smartFilterBar-btnBasicSearch","searchOpenDialogs":true,"interaction":{"idSuffix":"I"}},"clearTextFirst":true,"interactionType":"ENTER_TEXT"}]}
RESULT: {"script":"<script> [776 bytes]","args":[{"enterText":"s4TFBi537t","selector":{"id":"application-managehandovers-display-component---AddNewHO--smartFilterBar-btnBasicSearch","searchOpenDialogs":true,"interaction":{"idSuffix":"I"}},"clearTextFirst":true,"interactionType":"ENTER_TEXT"}]}
COMMAND: POST /session/0157ef9fabb145ee7fb2a1f3feebe51f/actions - {"actions":[{"id":"action57","type":"key","parameters":{},"actions":[{"type":"keyDown","value":""},{"type":"pause","duration":10},{"type":"keyUp","value":""}]}]}
RESULT: {"actions":[{"id":"action57","type":"key","parameters":{},"actions":[{"type":"keyDown","value":""},{"type":"pause","duration":10},{"type":"keyUp","value":""}]}]}
COMMAND: GET /session/0157ef9fabb145ee7fb2a1f3feebe51f/screenshot - {}
RESULT: {}
COMMAND: POST /session/0157ef9fabb145ee7fb2a1f3feebe51f/execute/async - {"script":"<script> [1562 bytes]","args":[{"selector":{"id":"application-managehandovers-display-component---AddNewHO--popup-sa","searchOpenDialogs":true,"interaction":{"idSuffix":"CbBg"}},"wdio_ui5_key":"applicationmanagehandovers-display-component---AddNewHO--popup-sa"}]}
RESULT: {"script":"<script> [1562 bytes]","args":[{"selector":{"id":"application-managehandovers-display-component---AddNewHO--popup-sa","searchOpenDialogs":true,"interaction":{"idSuffix":"CbBg"}},"wdio_ui5_key":"applicationmanagehandovers-display-component---AddNewHO--popup-sa"}]}
RESULT: undefined
COMMAND: POST /session/0157ef9fabb145ee7fb2a1f3feebe51f/element - {"using":"xpath","value":"//*[@id=\"application-managehandovers-display-component---AddNewHO--popup-sa\"]"}
RESULT: {"using":"xpath","value":"//*[@id=\"application-managehandovers-display-component---AddNewHO--popup-sa\"]"}
COMMAND: POST /session/0157ef9fabb145ee7fb2a1f3feebe51f/element/f.2D1A903BB9B117B2180C998CF94CF722.d.939E9D258D6BDC9859015C479493CE9F.e.16686/click - {}
RESULT: {}
COMMAND: GET /session/0157ef9fabb145ee7fb2a1f3feebe51f/screenshot - {}
RESULT: {}
COMMAND: POST /session/0157ef9fabb145ee7fb2a1f3feebe51f/element - {"using":"xpath","value":"//bdi[contains(text(), \"Select\")]"}
RESULT: {"using":"xpath","value":"//bdi[contains(text(), \"Select\")]"}
COMMAND: POST /session/0157ef9fabb145ee7fb2a1f3feebe51f/element/f.2D1A903BB9B117B2180C998CF94CF722.d.939E9D258D6BDC9859015C479493CE9F.e.16687/click - {}
RESULT: {}
COMMAND: GET /session/0157ef9fabb145ee7fb2a1f3feebe51f/screenshot - {}
RESULT: {}
COMMAND: POST /session/0157ef9fabb145ee7fb2a1f3feebe51f/element - {"using":"xpath","value":"//button[@data-kt=\"AddNewHOSaveButton\"]"}
RESULT: {"using":"xpath","value":"//button[@data-kt=\"AddNewHOSaveButton\"]"}
COMMAND: POST /session/0157ef9fabb145ee7fb2a1f3feebe51f/element/f.2D1A903BB9B117B2180C998CF94CF722.d.939E9D258D6BDC9859015C479493CE9F.e.16691/click - {}
RESULT: {}
COMMAND: GET /session/0157ef9fabb145ee7fb2a1f3feebe51f/screenshot - {}
RESULT: {}
COMMAND: POST /session/0157ef9fabb145ee7fb2a1f3feebe51f/execute/async - {"script":"<script> [1562 bytes]","args":[{"selector":{"id":"receiptDatePicker","viewName":"etm.portal.ui.managehandovers.view.DetailExecuteHO","interaction":{"idSuffix":"inner"}},"wdio_ui5_key":"receiptDatePickeretmportal.ui.managehandovers.view.DetailExecuteHO"}]}
RESULT: {"script":"<script> [1562 bytes]","args":[{"selector":{"id":"receiptDatePicker","viewName":"etm.portal.ui.managehandovers.view.DetailExecuteHO","interaction":{"idSuffix":"inner"}},"wdio_ui5_key":"receiptDatePickeretmportal.ui.managehandovers.view.DetailExecuteHO"}]}
RESULT: undefined
COMMAND: POST /session/0157ef9fabb145ee7fb2a1f3feebe51f/execute/async - {"script":"<script> [6424 bytes]","args":[{"element-6066-11e4-a52e-4f735466cecf":"f.2D1A903BB9B117B2180C998CF94CF722.d.939E9D258D6BDC9859015C479493CE9F.e.16722"},"setValue",["04/17/2025"]]}
RESULT: {"script":"<script> [6424 bytes]","args":[{"element-6066-11e4-a52e-4f735466cecf":"f.2D1A903BB9B117B2180C998CF94CF722.d.939E9D258D6BDC9859015C479493CE9F.e.16722"},"setValue",["04/17/2025"]]}
COMMAND: POST /session/0157ef9fabb145ee7fb2a1f3feebe51f/element - {"using":"xpath","value":"//button[@data-kt=\"PickingTableConfirmAllButton\"]"}
RESULT: {"using":"xpath","value":"//button[@data-kt=\"PickingTableConfirmAllButton\"]"}
COMMAND: POST /session/0157ef9fabb145ee7fb2a1f3feebe51f/element/f.2D1A903BB9B117B2180C998CF94CF722.d.939E9D258D6BDC9859015C479493CE9F.e.16737/click - {}
RESULT: {}
COMMAND: GET /session/0157ef9fabb145ee7fb2a1f3feebe51f/screenshot - {}
RESULT: {}
COMMAND: POST /session/0157ef9fabb145ee7fb2a1f3feebe51f/element - {"using":"xpath","value":"//bdi[contains(text(), \"OK\")]"}
RESULT: {"using":"xpath","value":"//bdi[contains(text(), \"OK\")]"}
COMMAND: POST /session/0157ef9fabb145ee7fb2a1f3feebe51f/element/f.2D1A903BB9B117B2180C998CF94CF722.d.939E9D258D6BDC9859015C479493CE9F.e.16739/click - {}
RESULT: {}
COMMAND: GET /session/0157ef9fabb145ee7fb2a1f3feebe51f/screenshot - {}
RESULT: {}
COMMAND: POST /session/0157ef9fabb145ee7fb2a1f3feebe51f/element - {"using":"xpath","value":"(//bdi[contains(text(), \"Receive\")])[2]"}
RESULT: {"using":"xpath","value":"(//bdi[contains(text(), \"Receive\")])[2]"}
COMMAND: POST /session/0157ef9fabb145ee7fb2a1f3feebe51f/element/f.2D1A903BB9B117B2180C998CF94CF722.d.939E9D258D6BDC9859015C479493CE9F.e.16741/click - {}
RESULT: {}
COMMAND: GET /session/0157ef9fabb145ee7fb2a1f3feebe51f/screenshot - {}
RESULT: {}
COMMAND: POST /session/0157ef9fabb145ee7fb2a1f3feebe51f/element - {"using":"css selector","value":"#shell-header-logo"}
RESULT: {"using":"css selector","value":"#shell-header-logo"}
COMMAND: POST /session/0157ef9fabb145ee7fb2a1f3feebe51f/element/f.2D1A903BB9B117B2180C998CF94CF722.d.939E9D258D6BDC9859015C479493CE9F.e.16131/click - {}
RESULT: {}
COMMAND: GET /session/0157ef9fabb145ee7fb2a1f3feebe51f/screenshot - {}
RESULT: {}
]]></system-out>
    </testcase>
    <testcase classname="chrome.135_0_7049_42.windows.Performance_based_billing_(work_days)_US139742" name="Should create a new contract" time="61.16">
      <system-out><![CDATA[
COMMAND: POST /session/0157ef9fabb145ee7fb2a1f3feebe51f/execute/async - {"script":"<script> [1562 bytes]","args":[{"selector":{"controlType":"sap.m.Text","viewName":"etm.portal.ui.managecontractstile.view.Master","properties":{"text":"Manage Contracts"},"interaction":{"idSuffix":"inner"}},"wdio_ui5_key":"etmportal.ui.managecontractstile.view.Mastersap.m.Text{\"text\":\"Manage Contracts\"}"}]}
RESULT: {"script":"<script> [1562 bytes]","args":[{"selector":{"controlType":"sap.m.Text","viewName":"etm.portal.ui.managecontractstile.view.Master","properties":{"text":"Manage Contracts"},"interaction":{"idSuffix":"inner"}},"wdio_ui5_key":"etmportal.ui.managecontractstile.view.Mastersap.m.Text{\"text\":\"Manage Contracts\"}"}]}
RESULT: undefined
COMMAND: POST /session/0157ef9fabb145ee7fb2a1f3feebe51f/element - {"using":"xpath","value":"//*[@id=\"__tile132-title\"]"}
RESULT: {"using":"xpath","value":"//*[@id=\"__tile132-title\"]"}
COMMAND: POST /session/0157ef9fabb145ee7fb2a1f3feebe51f/element/f.2D1A903BB9B117B2180C998CF94CF722.d.939E9D258D6BDC9859015C479493CE9F.e.16915/click - {}
RESULT: {}
COMMAND: GET /session/0157ef9fabb145ee7fb2a1f3feebe51f/screenshot - {}
COMMAND: POST /session/0157ef9fabb145ee7fb2a1f3feebe51f/element - {"using":"xpath","value":"//button[@data-kt=\"addButton\"]"}
RESULT: undefined
RESULT: undefined
RESULT: {}
RESULT: {"using":"xpath","value":"//button[@data-kt=\"addButton\"]"}
COMMAND: POST /session/0157ef9fabb145ee7fb2a1f3feebe51f/elements - {"using":"xpath","value":"//button[@data-kt=\"addButton\"]"}
RESULT: {"using":"xpath","value":"//button[@data-kt=\"addButton\"]"}
COMMAND: POST /session/0157ef9fabb145ee7fb2a1f3feebe51f/execute/sync - {"script":"<script> [8489 bytes]","args":[{"element-6066-11e4-a52e-4f735466cecf":"f.2D1A903BB9B117B2180C998CF94CF722.d.939E9D258D6BDC9859015C479493CE9F.e.17342","ELEMENT":"f.2D1A903BB9B117B2180C998CF94CF722.d.939E9D258D6BDC9859015C479493CE9F.e.17342"}]}
RESULT: {"script":"<script> [8489 bytes]","args":[{"element-6066-11e4-a52e-4f735466cecf":"f.2D1A903BB9B117B2180C998CF94CF722.d.939E9D258D6BDC9859015C479493CE9F.e.17342","ELEMENT":"f.2D1A903BB9B117B2180C998CF94CF722.d.939E9D258D6BDC9859015C479493CE9F.e.17342"}]}
COMMAND: GET /session/0157ef9fabb145ee7fb2a1f3feebe51f/element/f.2D1A903BB9B117B2180C998CF94CF722.d.939E9D258D6BDC9859015C479493CE9F.e.17342/enabled - {}
COMMAND: GET /session/0157ef9fabb145ee7fb2a1f3feebe51f/screenshot - {}
RESULT: {}
COMMAND: POST /session/0157ef9fabb145ee7fb2a1f3feebe51f/execute/sync - {"script":"<script> [8489 bytes]","args":[{"element-6066-11e4-a52e-4f735466cecf":"f.2D1A903BB9B117B2180C998CF94CF722.d.939E9D258D6BDC9859015C479493CE9F.e.17342","ELEMENT":"f.2D1A903BB9B117B2180C998CF94CF722.d.939E9D258D6BDC9859015C479493CE9F.e.17342"}]}
COMMAND: GET /session/0157ef9fabb145ee7fb2a1f3feebe51f/screenshot - {}
RESULT: {}
RESULT: {"script":"<script> [8489 bytes]","args":[{"element-6066-11e4-a52e-4f735466cecf":"f.2D1A903BB9B117B2180C998CF94CF722.d.939E9D258D6BDC9859015C479493CE9F.e.17342","ELEMENT":"f.2D1A903BB9B117B2180C998CF94CF722.d.939E9D258D6BDC9859015C479493CE9F.e.17342"}]}
COMMAND: POST /session/0157ef9fabb145ee7fb2a1f3feebe51f/execute/sync - {"script":"<script> [5351 bytes]","args":[{"element-6066-11e4-a52e-4f735466cecf":"f.2D1A903BB9B117B2180C998CF94CF722.d.939E9D258D6BDC9859015C479493CE9F.e.17342","ELEMENT":"f.2D1A903BB9B117B2180C998CF94CF722.d.939E9D258D6BDC9859015C479493CE9F.e.17342"}]}
COMMAND: GET /session/0157ef9fabb145ee7fb2a1f3feebe51f/screenshot - {}
RESULT: {}
RESULT: {"script":"<script> [5351 bytes]","args":[{"element-6066-11e4-a52e-4f735466cecf":"f.2D1A903BB9B117B2180C998CF94CF722.d.939E9D258D6BDC9859015C479493CE9F.e.17342","ELEMENT":"f.2D1A903BB9B117B2180C998CF94CF722.d.939E9D258D6BDC9859015C479493CE9F.e.17342"}]}
RESULT: {}
COMMAND: GET /session/0157ef9fabb145ee7fb2a1f3feebe51f/screenshot - {}
RESULT: {}
COMMAND: POST /session/0157ef9fabb145ee7fb2a1f3feebe51f/element/f.2D1A903BB9B117B2180C998CF94CF722.d.939E9D258D6BDC9859015C479493CE9F.e.17342/click - {}
RESULT: {}
COMMAND: GET /session/0157ef9fabb145ee7fb2a1f3feebe51f/screenshot - {}
COMMAND: POST /session/0157ef9fabb145ee7fb2a1f3feebe51f/execute/async - {"script":"<script> [1562 bytes]","args":[{"selector":{"id":"application-managecontracts-display-component---AddNewContract--projectDescription","interaction":{"idSuffix":"inner"}},"wdio_ui5_key":"applicationmanagecontracts-display-component---AddNewContract--projectDescription"}]}
RESULT: {}
RESULT: {"script":"<script> [1562 bytes]","args":[{"selector":{"id":"application-managecontracts-display-component---AddNewContract--projectDescription","interaction":{"idSuffix":"inner"}},"wdio_ui5_key":"applicationmanagecontracts-display-component---AddNewContract--projectDescription"}]}
RESULT: undefined
COMMAND: POST /session/0157ef9fabb145ee7fb2a1f3feebe51f/execute/async - {"script":"<script> [776 bytes]","args":[{"enterText":"Performance Contract WDIO","selector":{"id":"application-managecontracts-display-component---AddNewContract--projectDescription","interaction":{"idSuffix":"inner"}},"clearTextFirst":true,"interactionType":"ENTER_TEXT"}]}
RESULT: {"script":"<script> [776 bytes]","args":[{"enterText":"Performance Contract WDIO","selector":{"id":"application-managecontracts-display-component---AddNewContract--projectDescription","interaction":{"idSuffix":"inner"}},"clearTextFirst":true,"interactionType":"ENTER_TEXT"}]}
COMMAND: POST /session/0157ef9fabb145ee7fb2a1f3feebe51f/element - {"using":"xpath","value":"//input[@id=\"application-managecontracts-display-component---AddNewContract--site-inner\"]"}
RESULT: {"using":"xpath","value":"//input[@id=\"application-managecontracts-display-component---AddNewContract--site-inner\"]"}
COMMAND: POST /session/0157ef9fabb145ee7fb2a1f3feebe51f/element/f.2D1A903BB9B117B2180C998CF94CF722.d.939E9D258D6BDC9859015C479493CE9F.e.17430/clear - {}
RESULT: {}
COMMAND: POST /session/0157ef9fabb145ee7fb2a1f3feebe51f/element/f.2D1A903BB9B117B2180C998CF94CF722.d.939E9D258D6BDC9859015C479493CE9F.e.17430/value - {"text":"2293"}
COMMAND: GET /session/0157ef9fabb145ee7fb2a1f3feebe51f/screenshot - {}
RESULT: {}
RESULT: {"text":"2293"}
COMMAND: GET /session/0157ef9fabb145ee7fb2a1f3feebe51f/screenshot - {}
RESULT: {}
COMMAND: POST /session/0157ef9fabb145ee7fb2a1f3feebe51f/element - {"using":"xpath","value":"//li[.//span[text()='2293']]"}
RESULT: {"using":"xpath","value":"//li[.//span[text()='2293']]"}
COMMAND: POST /session/0157ef9fabb145ee7fb2a1f3feebe51f/element/f.2D1A903BB9B117B2180C998CF94CF722.d.939E9D258D6BDC9859015C479493CE9F.e.17453/click - {}
RESULT: {}
COMMAND: GET /session/0157ef9fabb145ee7fb2a1f3feebe51f/screenshot - {}
RESULT: {}
COMMAND: POST /session/0157ef9fabb145ee7fb2a1f3feebe51f/element - {"using":"xpath","value":"//input[@id=\"application-managecontracts-display-component---AddNewContract--yardId-inner\"]"}
RESULT: {"using":"xpath","value":"//input[@id=\"application-managecontracts-display-component---AddNewContract--yardId-inner\"]"}
COMMAND: GET /session/0157ef9fabb145ee7fb2a1f3feebe51f/element/f.2D1A903BB9B117B2180C998CF94CF722.d.939E9D258D6BDC9859015C479493CE9F.e.17431/property/value - {}
RESULT: {}
COMMAND: POST /session/0157ef9fabb145ee7fb2a1f3feebe51f/element - {"using":"xpath","value":"//input[@id=\"application-managecontracts-display-component---AddNewContract--customerSelect-inner\"]"}
COMMAND: GET /session/0157ef9fabb145ee7fb2a1f3feebe51f/screenshot - {}
RESULT: {"using":"xpath","value":"//input[@id=\"application-managecontracts-display-component---AddNewContract--customerSelect-inner\"]"}
COMMAND: POST /session/0157ef9fabb145ee7fb2a1f3feebe51f/element/f.2D1A903BB9B117B2180C998CF94CF722.d.939E9D258D6BDC9859015C479493CE9F.e.17429/clear - {}
RESULT: {}
RESULT: {}
COMMAND: POST /session/0157ef9fabb145ee7fb2a1f3feebe51f/element/f.2D1A903BB9B117B2180C998CF94CF722.d.939E9D258D6BDC9859015C479493CE9F.e.17429/value - {"text":"1333"}
COMMAND: GET /session/0157ef9fabb145ee7fb2a1f3feebe51f/screenshot - {}
RESULT: {"text":"1333"}
COMMAND: GET /session/0157ef9fabb145ee7fb2a1f3feebe51f/screenshot - {}
RESULT: {}
RESULT: {}
COMMAND: POST /session/0157ef9fabb145ee7fb2a1f3feebe51f/element - {"using":"xpath","value":"//li[.//span[text()='1333']]"}
RESULT: {"using":"xpath","value":"//li[.//span[text()='1333']]"}
COMMAND: POST /session/0157ef9fabb145ee7fb2a1f3feebe51f/element/f.2D1A903BB9B117B2180C998CF94CF722.d.939E9D258D6BDC9859015C479493CE9F.e.17456/click - {}
RESULT: {}
COMMAND: GET /session/0157ef9fabb145ee7fb2a1f3feebe51f/screenshot - {}
RESULT: {}
COMMAND: POST /session/0157ef9fabb145ee7fb2a1f3feebe51f/element - {"using":"xpath","value":"//button[@data-kt=\"saveButton\"]"}
RESULT: {"using":"xpath","value":"//button[@data-kt=\"saveButton\"]"}
COMMAND: POST /session/0157ef9fabb145ee7fb2a1f3feebe51f/element/f.2D1A903BB9B117B2180C998CF94CF722.d.939E9D258D6BDC9859015C479493CE9F.e.17446/click - {}
RESULT: {}
COMMAND: GET /session/0157ef9fabb145ee7fb2a1f3feebe51f/screenshot - {}
RESULT: {}
COMMAND: POST /session/0157ef9fabb145ee7fb2a1f3feebe51f/element - {"using":"xpath","value":"//span[contains(@id ,\"contractDetailTitleNoExpanded\")]"}
RESULT: {"using":"xpath","value":"//span[contains(@id ,\"contractDetailTitleNoExpanded\")]"}
COMMAND: POST /session/0157ef9fabb145ee7fb2a1f3feebe51f/elements - {"using":"xpath","value":"//span[contains(@id ,\"contractDetailTitleNoExpanded\")]"}
RESULT: {"using":"xpath","value":"//span[contains(@id ,\"contractDetailTitleNoExpanded\")]"}
COMMAND: POST /session/0157ef9fabb145ee7fb2a1f3feebe51f/execute/sync - {"script":"<script> [56 bytes]","args":[{"element-6066-11e4-a52e-4f735466cecf":"f.2D1A903BB9B117B2180C998CF94CF722.d.939E9D258D6BDC9859015C479493CE9F.e.17469","ELEMENT":"f.2D1A903BB9B117B2180C998CF94CF722.d.939E9D258D6BDC9859015C479493CE9F.e.17469"}]}
RESULT: {"script":"<script> [56 bytes]","args":[{"element-6066-11e4-a52e-4f735466cecf":"f.2D1A903BB9B117B2180C998CF94CF722.d.939E9D258D6BDC9859015C479493CE9F.e.17469","ELEMENT":"f.2D1A903BB9B117B2180C998CF94CF722.d.939E9D258D6BDC9859015C479493CE9F.e.17469"}]}
COMMAND: GET /session/0157ef9fabb145ee7fb2a1f3feebe51f/screenshot - {}
RESULT: {}
]]></system-out>
    </testcase>
    <testcase classname="chrome.135_0_7049_42.windows.Performance_based_billing_(work_days)_US139742" name="Should add equipment to the contract" time="44.884">
      <system-out><![CDATA[
COMMAND: POST /session/0157ef9fabb145ee7fb2a1f3feebe51f/element - {"using":"xpath","value":"//button[@data-kt=\"contractDetailEditBtnButton\"]"}
RESULT: {"using":"xpath","value":"//button[@data-kt=\"contractDetailEditBtnButton\"]"}
COMMAND: POST /session/0157ef9fabb145ee7fb2a1f3feebe51f/element/f.2D1A903BB9B117B2180C998CF94CF722.d.939E9D258D6BDC9859015C479493CE9F.e.17470/click - {}
RESULT: {}
COMMAND: GET /session/0157ef9fabb145ee7fb2a1f3feebe51f/screenshot - {}
RESULT: {}
COMMAND: POST /session/0157ef9fabb145ee7fb2a1f3feebe51f/element - {"using":"xpath","value":"(//span[contains(text(), \"Additional Addresses\")])[2]"}
RESULT: {"using":"xpath","value":"(//span[contains(text(), \"Additional Addresses\")])[2]"}
COMMAND: POST /session/0157ef9fabb145ee7fb2a1f3feebe51f/element/f.2D1A903BB9B117B2180C998CF94CF722.d.939E9D258D6BDC9859015C479493CE9F.e.17526/click - {}
RESULT: {}
COMMAND: GET /session/0157ef9fabb145ee7fb2a1f3feebe51f/screenshot - {}
RESULT: {}
COMMAND: POST /session/0157ef9fabb145ee7fb2a1f3feebe51f/element - {"using":"xpath","value":"//button[@data-kt=\"btnAddTableRowOverflowToolbarButton\"]"}
RESULT: {"using":"xpath","value":"//button[@data-kt=\"btnAddTableRowOverflowToolbarButton\"]"}
COMMAND: POST /session/0157ef9fabb145ee7fb2a1f3feebe51f/element/f.2D1A903BB9B117B2180C998CF94CF722.d.939E9D258D6BDC9859015C479493CE9F.e.17528/click - {}
RESULT: {}
COMMAND: GET /session/0157ef9fabb145ee7fb2a1f3feebe51f/screenshot - {}
RESULT: {}
COMMAND: POST /session/0157ef9fabb145ee7fb2a1f3feebe51f/element - {"using":"xpath","value":"//div[(text() = 'Standard Entry' or . = 'Standard Entry')]"}
RESULT: {"using":"xpath","value":"//div[(text() = 'Standard Entry' or . = 'Standard Entry')]"}
COMMAND: POST /session/0157ef9fabb145ee7fb2a1f3feebe51f/element/f.2D1A903BB9B117B2180C998CF94CF722.d.939E9D258D6BDC9859015C479493CE9F.e.17530/click - {}
RESULT: {}
COMMAND: GET /session/0157ef9fabb145ee7fb2a1f3feebe51f/screenshot - {}
RESULT: {}
COMMAND: POST /session/0157ef9fabb145ee7fb2a1f3feebe51f/element - {"using":"xpath","value":"//td[7]/div/div/input"}
RESULT: {"using":"xpath","value":"//td[7]/div/div/input"}
COMMAND: POST /session/0157ef9fabb145ee7fb2a1f3feebe51f/element/f.2D1A903BB9B117B2180C998CF94CF722.d.939E9D258D6BDC9859015C479493CE9F.e.17539/clear - {}
RESULT: {}
COMMAND: POST /session/0157ef9fabb145ee7fb2a1f3feebe51f/element/f.2D1A903BB9B117B2180C998CF94CF722.d.939E9D258D6BDC9859015C479493CE9F.e.17539/value - {"text":"s4TFBi537t"}
COMMAND: GET /session/0157ef9fabb145ee7fb2a1f3feebe51f/screenshot - {}
RESULT: {"text":"s4TFBi537t"}
COMMAND: GET /session/0157ef9fabb145ee7fb2a1f3feebe51f/screenshot - {}
RESULT: {}
RESULT: {}
COMMAND: POST /session/0157ef9fabb145ee7fb2a1f3feebe51f/actions - {"actions":[{"id":"action58","type":"key","parameters":{},"actions":[{"type":"keyDown","value":""},{"type":"pause","duration":10},{"type":"keyUp","value":""}]}]}
RESULT: {"actions":[{"id":"action58","type":"key","parameters":{},"actions":[{"type":"keyDown","value":""},{"type":"pause","duration":10},{"type":"keyUp","value":""}]}]}
COMMAND: GET /session/0157ef9fabb145ee7fb2a1f3feebe51f/screenshot - {}
RESULT: {}
COMMAND: POST /session/0157ef9fabb145ee7fb2a1f3feebe51f/element - {"using":"xpath","value":"(//button[@data-kt=\"saveButton\"])[2]"}
RESULT: {"using":"xpath","value":"(//button[@data-kt=\"saveButton\"])[2]"}
COMMAND: POST /session/0157ef9fabb145ee7fb2a1f3feebe51f/element/f.2D1A903BB9B117B2180C998CF94CF722.d.939E9D258D6BDC9859015C479493CE9F.e.17554/click - {}
RESULT: {}
COMMAND: GET /session/0157ef9fabb145ee7fb2a1f3feebe51f/screenshot - {}
RESULT: {}
COMMAND: POST /session/0157ef9fabb145ee7fb2a1f3feebe51f/element - {"using":"xpath","value":"//span[contains(@id ,\"contractItemsSmartTable-header-inner\")]"}
RESULT: {"using":"xpath","value":"//span[contains(@id ,\"contractItemsSmartTable-header-inner\")]"}
COMMAND: POST /session/0157ef9fabb145ee7fb2a1f3feebe51f/elements - {"using":"xpath","value":"//span[contains(@id ,\"contractItemsSmartTable-header-inner\")]"}
RESULT: {"using":"xpath","value":"//span[contains(@id ,\"contractItemsSmartTable-header-inner\")]"}
COMMAND: POST /session/0157ef9fabb145ee7fb2a1f3feebe51f/execute/sync - {"script":"<script> [56 bytes]","args":[{"element-6066-11e4-a52e-4f735466cecf":"f.2D1A903BB9B117B2180C998CF94CF722.d.939E9D258D6BDC9859015C479493CE9F.e.17558","ELEMENT":"f.2D1A903BB9B117B2180C998CF94CF722.d.939E9D258D6BDC9859015C479493CE9F.e.17558"}]}
RESULT: {"script":"<script> [56 bytes]","args":[{"element-6066-11e4-a52e-4f735466cecf":"f.2D1A903BB9B117B2180C998CF94CF722.d.939E9D258D6BDC9859015C479493CE9F.e.17558","ELEMENT":"f.2D1A903BB9B117B2180C998CF94CF722.d.939E9D258D6BDC9859015C479493CE9F.e.17558"}]}
]]></system-out>
    </testcase>
    <testcase classname="chrome.135_0_7049_42.windows.Performance_based_billing_(work_days)_US139742" name="Should do a provide to site handover" time="58.919">
      <system-out><![CDATA[
COMMAND: POST /session/0157ef9fabb145ee7fb2a1f3feebe51f/element - {"using":"xpath","value":"//button[@data-kt=\"provideButton\"]"}
COMMAND: GET /session/0157ef9fabb145ee7fb2a1f3feebe51f/screenshot - {}
RESULT: {"using":"xpath","value":"//button[@data-kt=\"provideButton\"]"}
COMMAND: POST /session/0157ef9fabb145ee7fb2a1f3feebe51f/element/f.2D1A903BB9B117B2180C998CF94CF722.d.939E9D258D6BDC9859015C479493CE9F.e.17559/click - {}
RESULT: {}
RESULT: {}
COMMAND: GET /session/0157ef9fabb145ee7fb2a1f3feebe51f/screenshot - {}
RESULT: {}
RESULT: undefined
COMMAND: POST /session/0157ef9fabb145ee7fb2a1f3feebe51f/execute/async - {"script":"<script> [6424 bytes]","args":[{"element-6066-11e4-a52e-4f735466cecf":"f.2D1A903BB9B117B2180C998CF94CF722.d.939E9D258D6BDC9859015C479493CE9F.e.16506"},"setValue",["04/17/2025"]]}
COMMAND: POST /session/0157ef9fabb145ee7fb2a1f3feebe51f/execute/async - {"script":"<script> [1562 bytes]","args":[{"selector":{"id":"application-managehandovers-display-component---AddNewHO--dueDate","interaction":{"idSuffix":"inner"}},"wdio_ui5_key":"applicationmanagehandovers-display-component---AddNewHO--dueDate"}]}
RESULT: {"script":"<script> [1562 bytes]","args":[{"selector":{"id":"application-managehandovers-display-component---AddNewHO--dueDate","interaction":{"idSuffix":"inner"}},"wdio_ui5_key":"applicationmanagehandovers-display-component---AddNewHO--dueDate"}]}
COMMAND: POST /session/0157ef9fabb145ee7fb2a1f3feebe51f/execute/async - {"script":"<script> [6424 bytes]","args":[{"element-6066-11e4-a52e-4f735466cecf":"f.2D1A903BB9B117B2180C998CF94CF722.d.939E9D258D6BDC9859015C479493CE9F.e.17647"},"setValue",["04/17/2025"]]}
RESULT: {"script":"<script> [6424 bytes]","args":[{"element-6066-11e4-a52e-4f735466cecf":"f.2D1A903BB9B117B2180C998CF94CF722.d.939E9D258D6BDC9859015C479493CE9F.e.17647"},"setValue",["04/17/2025"]]}
COMMAND: POST /session/0157ef9fabb145ee7fb2a1f3feebe51f/element - {"using":"xpath","value":"//bdi[contains(text(), \"Instructions\")]"}
RESULT: {"using":"xpath","value":"//bdi[contains(text(), \"Instructions\")]"}
COMMAND: POST /session/0157ef9fabb145ee7fb2a1f3feebe51f/element/f.2D1A903BB9B117B2180C998CF94CF722.d.939E9D258D6BDC9859015C479493CE9F.e.17866/click - {}
RESULT: {}
COMMAND: GET /session/0157ef9fabb145ee7fb2a1f3feebe51f/screenshot - {}
RESULT: {}
COMMAND: POST /session/0157ef9fabb145ee7fb2a1f3feebe51f/element - {"using":"xpath","value":"//button[@data-kt=\"AddNewHOProvideAddItemsButton\"]"}
RESULT: {"using":"xpath","value":"//button[@data-kt=\"AddNewHOProvideAddItemsButton\"]"}
COMMAND: POST /session/0157ef9fabb145ee7fb2a1f3feebe51f/element/f.2D1A903BB9B117B2180C998CF94CF722.d.939E9D258D6BDC9859015C479493CE9F.e.17870/click - {}
RESULT: {}
COMMAND: GET /session/0157ef9fabb145ee7fb2a1f3feebe51f/screenshot - {}
RESULT: {}
RESULT: undefined
COMMAND: POST /session/0157ef9fabb145ee7fb2a1f3feebe51f/element - {"using":"xpath","value":"//*[@id=\"application-managehandovers-display-component---AddNewHO--popup-sa\"]"}
RESULT: {"using":"xpath","value":"//*[@id=\"application-managehandovers-display-component---AddNewHO--popup-sa\"]"}
COMMAND: POST /session/0157ef9fabb145ee7fb2a1f3feebe51f/element/f.2D1A903BB9B117B2180C998CF94CF722.d.939E9D258D6BDC9859015C479493CE9F.e.17879/click - {}
RESULT: {}
COMMAND: GET /session/0157ef9fabb145ee7fb2a1f3feebe51f/screenshot - {}
RESULT: {}
COMMAND: POST /session/0157ef9fabb145ee7fb2a1f3feebe51f/element - {"using":"xpath","value":"//*[contains(@id ,\"BDI-content\")][contains(text(), \"Select\")]"}
RESULT: {"using":"xpath","value":"//*[contains(@id ,\"BDI-content\")][contains(text(), \"Select\")]"}
COMMAND: POST /session/0157ef9fabb145ee7fb2a1f3feebe51f/element/f.2D1A903BB9B117B2180C998CF94CF722.d.939E9D258D6BDC9859015C479493CE9F.e.17881/click - {}
RESULT: {}
COMMAND: GET /session/0157ef9fabb145ee7fb2a1f3feebe51f/screenshot - {}
RESULT: {}
COMMAND: POST /session/0157ef9fabb145ee7fb2a1f3feebe51f/execute/async - {"script":"<script> [1562 bytes]","args":[{"selector":{"id":"application-managehandovers-display-component---AddNewHO--confirmCreationButton","interaction":{"idSuffix":"BDI-content"}},"wdio_ui5_key":"applicationmanagehandovers-display-component---AddNewHO--confirmCreationButton"}]}
RESULT: {"script":"<script> [1562 bytes]","args":[{"selector":{"id":"application-managehandovers-display-component---AddNewHO--confirmCreationButton","interaction":{"idSuffix":"BDI-content"}},"wdio_ui5_key":"applicationmanagehandovers-display-component---AddNewHO--confirmCreationButton"}]}
RESULT: undefined
COMMAND: POST /session/0157ef9fabb145ee7fb2a1f3feebe51f/element - {"using":"xpath","value":"//*[@id=\"application-managehandovers-display-component---AddNewHO--confirmCreationButton\"]"}
RESULT: {"using":"xpath","value":"//*[@id=\"application-managehandovers-display-component---AddNewHO--confirmCreationButton\"]"}
COMMAND: POST /session/0157ef9fabb145ee7fb2a1f3feebe51f/element/f.2D1A903BB9B117B2180C998CF94CF722.d.939E9D258D6BDC9859015C479493CE9F.e.17693/click - {}
RESULT: {}
COMMAND: GET /session/0157ef9fabb145ee7fb2a1f3feebe51f/screenshot - {}
COMMAND: POST /session/0157ef9fabb145ee7fb2a1f3feebe51f/element - {"using":"xpath","value":"//button[@data-kt=\"PickingTableConfirmAllButton\"]"}
RESULT: {}
RESULT: {"using":"xpath","value":"//button[@data-kt=\"PickingTableConfirmAllButton\"]"}
COMMAND: POST /session/0157ef9fabb145ee7fb2a1f3feebe51f/element/f.2D1A903BB9B117B2180C998CF94CF722.d.939E9D258D6BDC9859015C479493CE9F.e.17936/click - {}
RESULT: {}
COMMAND: GET /session/0157ef9fabb145ee7fb2a1f3feebe51f/screenshot - {}
RESULT: {}
COMMAND: POST /session/0157ef9fabb145ee7fb2a1f3feebe51f/element - {"using":"xpath","value":"//bdi[contains(text(), \"OK\")]"}
RESULT: {"using":"xpath","value":"//bdi[contains(text(), \"OK\")]"}
COMMAND: POST /session/0157ef9fabb145ee7fb2a1f3feebe51f/element/f.2D1A903BB9B117B2180C998CF94CF722.d.939E9D258D6BDC9859015C479493CE9F.e.17938/click - {}
RESULT: {}
COMMAND: GET /session/0157ef9fabb145ee7fb2a1f3feebe51f/screenshot - {}
RESULT: {}
COMMAND: POST /session/0157ef9fabb145ee7fb2a1f3feebe51f/element - {"using":"xpath","value":"//bdi[contains(text(), \"Ok\")]"}
RESULT: {"using":"xpath","value":"//bdi[contains(text(), \"Ok\")]"}
COMMAND: POST /session/0157ef9fabb145ee7fb2a1f3feebe51f/element/f.2D1A903BB9B117B2180C998CF94CF722.d.939E9D258D6BDC9859015C479493CE9F.e.17946/click - {}
RESULT: {}
COMMAND: GET /session/0157ef9fabb145ee7fb2a1f3feebe51f/screenshot - {}
RESULT: {}
COMMAND: POST /session/0157ef9fabb145ee7fb2a1f3feebe51f/element - {"using":"xpath","value":"//bdi[contains(text(), \"Issue\")]"}
RESULT: {"using":"xpath","value":"//bdi[contains(text(), \"Issue\")]"}
COMMAND: POST /session/0157ef9fabb145ee7fb2a1f3feebe51f/element/f.2D1A903BB9B117B2180C998CF94CF722.d.939E9D258D6BDC9859015C479493CE9F.e.17948/click - {}
RESULT: {}
COMMAND: GET /session/0157ef9fabb145ee7fb2a1f3feebe51f/screenshot - {}
RESULT: {}
COMMAND: POST /session/0157ef9fabb145ee7fb2a1f3feebe51f/element - {"using":"css selector","value":"#shell-header-logo"}
RESULT: {"using":"css selector","value":"#shell-header-logo"}
COMMAND: POST /session/0157ef9fabb145ee7fb2a1f3feebe51f/element/f.2D1A903BB9B117B2180C998CF94CF722.d.939E9D258D6BDC9859015C479493CE9F.e.16932/click - {}
RESULT: {}
COMMAND: GET /session/0157ef9fabb145ee7fb2a1f3feebe51f/screenshot - {}
RESULT: {}
]]></system-out>
    </testcase>
    <testcase classname="chrome.135_0_7049_42.windows.Performance_based_billing_(work_days)_US139742" name="Should create a few performance documents" time="98.026">
      <system-out><![CDATA[
COMMAND: POST /session/0157ef9fabb145ee7fb2a1f3feebe51f/window/fullscreen - {}
RESULT: {}
COMMAND: POST /session/0157ef9fabb145ee7fb2a1f3feebe51f/execute/async - {"script":"<script> [1562 bytes]","args":[{"selector":{"controlType":"sap.m.GenericTile","properties":{"header":"Manage States & Performance"}},"wdio_ui5_key":"sapm.GenericTile{\"header\":\"Manage States & Performance\"}"}]}
RESULT: {"script":"<script> [1562 bytes]","args":[{"selector":{"controlType":"sap.m.GenericTile","properties":{"header":"Manage States & Performance"}},"wdio_ui5_key":"sapm.GenericTile{\"header\":\"Manage States & Performance\"}"}]}
RESULT: undefined
COMMAND: POST /session/0157ef9fabb145ee7fb2a1f3feebe51f/element - {"using":"xpath","value":"//*[@id=\"__tile56\"]"}
RESULT: {"using":"xpath","value":"//*[@id=\"__tile56\"]"}
COMMAND: POST /session/0157ef9fabb145ee7fb2a1f3feebe51f/element/f.2D1A903BB9B117B2180C998CF94CF722.d.939E9D258D6BDC9859015C479493CE9F.e.14560/click - {}
RESULT: {}
COMMAND: POST /session/0157ef9fabb145ee7fb2a1f3feebe51f/element - {"using":"xpath","value":"//div[@id=\"application-managestatesandperformance-display-component---stateAndPerform--smartFilterBarResources-btnBasicSearch\"]"}
COMMAND: GET /session/0157ef9fabb145ee7fb2a1f3feebe51f/screenshot - {}
RESULT: {"using":"xpath","value":"//div[@id=\"application-managestatesandperformance-display-component---stateAndPerform--smartFilterBarResources-btnBasicSearch\"]"}
COMMAND: POST /session/0157ef9fabb145ee7fb2a1f3feebe51f/elements - {"using":"xpath","value":"//div[@id=\"application-managestatesandperformance-display-component---stateAndPerform--smartFilterBarResources-btnBasicSearch\"]"}
RESULT: {}
RESULT: {"using":"xpath","value":"//div[@id=\"application-managestatesandperformance-display-component---stateAndPerform--smartFilterBarResources-btnBasicSearch\"]"}
COMMAND: POST /session/0157ef9fabb145ee7fb2a1f3feebe51f/element - {"using":"xpath","value":"//div[@id=\"application-managestatesandperformance-display-component---stateAndPerform--smartFilterBarResources-btnBasicSearch\"]"}
RESULT: {"using":"xpath","value":"//div[@id=\"application-managestatesandperformance-display-component---stateAndPerform--smartFilterBarResources-btnBasicSearch\"]"}
COMMAND: POST /session/0157ef9fabb145ee7fb2a1f3feebe51f/execute/sync - {"script":"<script> [8489 bytes]","args":[{"element-6066-11e4-a52e-4f735466cecf":"f.2D1A903BB9B117B2180C998CF94CF722.d.939E9D258D6BDC9859015C479493CE9F.e.18267","ELEMENT":"f.2D1A903BB9B117B2180C998CF94CF722.d.939E9D258D6BDC9859015C479493CE9F.e.18267"}]}
RESULT: {"script":"<script> [8489 bytes]","args":[{"element-6066-11e4-a52e-4f735466cecf":"f.2D1A903BB9B117B2180C998CF94CF722.d.939E9D258D6BDC9859015C479493CE9F.e.18267","ELEMENT":"f.2D1A903BB9B117B2180C998CF94CF722.d.939E9D258D6BDC9859015C479493CE9F.e.18267"}]}
COMMAND: GET /session/0157ef9fabb145ee7fb2a1f3feebe51f/element/f.2D1A903BB9B117B2180C998CF94CF722.d.939E9D258D6BDC9859015C479493CE9F.e.18267/enabled - {}
COMMAND: GET /session/0157ef9fabb145ee7fb2a1f3feebe51f/screenshot - {}
RESULT: {}
COMMAND: POST /session/0157ef9fabb145ee7fb2a1f3feebe51f/execute/sync - {"script":"<script> [8489 bytes]","args":[{"element-6066-11e4-a52e-4f735466cecf":"f.2D1A903BB9B117B2180C998CF94CF722.d.939E9D258D6BDC9859015C479493CE9F.e.18267","ELEMENT":"f.2D1A903BB9B117B2180C998CF94CF722.d.939E9D258D6BDC9859015C479493CE9F.e.18267"}]}
COMMAND: GET /session/0157ef9fabb145ee7fb2a1f3feebe51f/screenshot - {}
RESULT: {}
RESULT: {}
RESULT: {"script":"<script> [8489 bytes]","args":[{"element-6066-11e4-a52e-4f735466cecf":"f.2D1A903BB9B117B2180C998CF94CF722.d.939E9D258D6BDC9859015C479493CE9F.e.18267","ELEMENT":"f.2D1A903BB9B117B2180C998CF94CF722.d.939E9D258D6BDC9859015C479493CE9F.e.18267"}]}
COMMAND: POST /session/0157ef9fabb145ee7fb2a1f3feebe51f/execute/sync - {"script":"<script> [5351 bytes]","args":[{"element-6066-11e4-a52e-4f735466cecf":"f.2D1A903BB9B117B2180C998CF94CF722.d.939E9D258D6BDC9859015C479493CE9F.e.18267","ELEMENT":"f.2D1A903BB9B117B2180C998CF94CF722.d.939E9D258D6BDC9859015C479493CE9F.e.18267"}]}
COMMAND: GET /session/0157ef9fabb145ee7fb2a1f3feebe51f/screenshot - {}
RESULT: {"script":"<script> [5351 bytes]","args":[{"element-6066-11e4-a52e-4f735466cecf":"f.2D1A903BB9B117B2180C998CF94CF722.d.939E9D258D6BDC9859015C479493CE9F.e.18267","ELEMENT":"f.2D1A903BB9B117B2180C998CF94CF722.d.939E9D258D6BDC9859015C479493CE9F.e.18267"}]}
COMMAND: POST /session/0157ef9fabb145ee7fb2a1f3feebe51f/execute/async - {"script":"<script> [1562 bytes]","args":[{"selector":{"id":"application-managestatesandperformance-display-component---stateAndPerform--smartFilterBarResources-btnBasicSearch","interaction":{"idSuffix":"I"}},"wdio_ui5_key":"applicationmanagestatesandperformance-display-component---stateAndPerform--smartFilterBarResources-btnBasicSearch"}]}
COMMAND: GET /session/0157ef9fabb145ee7fb2a1f3feebe51f/screenshot - {}
RESULT: {}
RESULT: {"script":"<script> [1562 bytes]","args":[{"selector":{"id":"application-managestatesandperformance-display-component---stateAndPerform--smartFilterBarResources-btnBasicSearch","interaction":{"idSuffix":"I"}},"wdio_ui5_key":"applicationmanagestatesandperformance-display-component---stateAndPerform--smartFilterBarResources-btnBasicSearch"}]}
RESULT: undefined
COMMAND: POST /session/0157ef9fabb145ee7fb2a1f3feebe51f/execute/async - {"script":"<script> [776 bytes]","args":[{"enterText":"s4TFBi537t","selector":{"id":"application-managestatesandperformance-display-component---stateAndPerform--smartFilterBarResources-btnBasicSearch","interaction":{"idSuffix":"I"}},"clearTextFirst":true,"interactionType":"ENTER_TEXT"}]}
RESULT: {}
RESULT: {"script":"<script> [776 bytes]","args":[{"enterText":"s4TFBi537t","selector":{"id":"application-managestatesandperformance-display-component---stateAndPerform--smartFilterBarResources-btnBasicSearch","interaction":{"idSuffix":"I"}},"clearTextFirst":true,"interactionType":"ENTER_TEXT"}]}
COMMAND: POST /session/0157ef9fabb145ee7fb2a1f3feebe51f/actions - {"actions":[{"id":"action59","type":"key","parameters":{},"actions":[{"type":"keyDown","value":""},{"type":"pause","duration":10},{"type":"keyUp","value":""}]}]}
RESULT: {"actions":[{"id":"action59","type":"key","parameters":{},"actions":[{"type":"keyDown","value":""},{"type":"pause","duration":10},{"type":"keyUp","value":""}]}]}
COMMAND: GET /session/0157ef9fabb145ee7fb2a1f3feebe51f/screenshot - {}
RESULT: {}
COMMAND: POST /session/0157ef9fabb145ee7fb2a1f3feebe51f/execute/async - {"script":"<script> [1562 bytes]","args":[{"selector":{"id":"application-managestatesandperformance-display-component---stateAndPerform--stateAndPerformResourcesSmartTable-header"},"wdio_ui5_key":"applicationmanagestatesandperformance-display-component---stateAndPerform--stateAndPerformResourcesSmartTable-header"}]}
RESULT: {"script":"<script> [1562 bytes]","args":[{"selector":{"id":"application-managestatesandperformance-display-component---stateAndPerform--stateAndPerformResourcesSmartTable-header"},"wdio_ui5_key":"applicationmanagestatesandperformance-display-component---stateAndPerform--stateAndPerformResourcesSmartTable-header"}]}
RESULT: undefined
COMMAND: POST /session/0157ef9fabb145ee7fb2a1f3feebe51f/execute/async - {"script":"<script> [6424 bytes]","args":[{"element-6066-11e4-a52e-4f735466cecf":"f.2D1A903BB9B117B2180C998CF94CF722.d.939E9D258D6BDC9859015C479493CE9F.e.18279"},"getText",[]]}
RESULT: {"script":"<script> [6424 bytes]","args":[{"element-6066-11e4-a52e-4f735466cecf":"f.2D1A903BB9B117B2180C998CF94CF722.d.939E9D258D6BDC9859015C479493CE9F.e.18279"},"getText",[]]}
COMMAND: POST /session/0157ef9fabb145ee7fb2a1f3feebe51f/execute/async - {"script":"<script> [1562 bytes]","args":[{"selector":{"controlType":"sap.ui.core.Icon","viewName":"etm.portal.ui.managestatesandperformance.view.Master","viewId":"application-managestatesandperformance-display-component---stateAndPerform","properties":{"src":{"regex":{"source":"slim\\-arrow\\-right"}}}},"wdio_ui5_key":"etmportal.ui.managestatesandperformance.view.Mastersap.ui.core.Icon{\"src\":{\"regex\":{\"source\":\"slim\\\\-arrow\\\\-right\"}}}"}]}
RESULT: {"script":"<script> [1562 bytes]","args":[{"selector":{"controlType":"sap.ui.core.Icon","viewName":"etm.portal.ui.managestatesandperformance.view.Master","viewId":"application-managestatesandperformance-display-component---stateAndPerform","properties":{"src":{"regex":{"source":"slim\\-arrow\\-right"}}}},"wdio_ui5_key":"etmportal.ui.managestatesandperformance.view.Mastersap.ui.core.Icon{\"src\":{\"regex\":{\"source\":\"slim\\\\-arrow\\\\-right\"}}}"}]}
RESULT: undefined
COMMAND: POST /session/0157ef9fabb145ee7fb2a1f3feebe51f/element - {"using":"xpath","value":"//*[@id=\"__item2315-__clone4256-imgNav\"]"}
RESULT: {"using":"xpath","value":"//*[@id=\"__item2315-__clone4256-imgNav\"]"}
COMMAND: POST /session/0157ef9fabb145ee7fb2a1f3feebe51f/element/f.2D1A903BB9B117B2180C998CF94CF722.d.939E9D258D6BDC9859015C479493CE9F.e.18226/click - {}
RESULT: {}
COMMAND: GET /session/0157ef9fabb145ee7fb2a1f3feebe51f/screenshot - {}
RESULT: {}
COMMAND: POST /session/0157ef9fabb145ee7fb2a1f3feebe51f/execute/async - {"script":"<script> [1562 bytes]","args":[{"selector":{"controlType":"sap.m.Button","viewName":"etm.portal.ui.managestatesandperformance.view.Detail","viewId":"application-managestatesandperformance-display-component---detailStateAndPerform","properties":{"text":"Performance Documents"}},"wdio_ui5_key":"etmportal.ui.managestatesandperformance.view.Detailsap.m.Button{\"text\":\"Performance Documents\"}"}]}
RESULT: {"script":"<script> [1562 bytes]","args":[{"selector":{"controlType":"sap.m.Button","viewName":"etm.portal.ui.managestatesandperformance.view.Detail","viewId":"application-managestatesandperformance-display-component---detailStateAndPerform","properties":{"text":"Performance Documents"}},"wdio_ui5_key":"etmportal.ui.managestatesandperformance.view.Detailsap.m.Button{\"text\":\"Performance Documents\"}"}]}
RESULT: undefined
COMMAND: POST /session/0157ef9fabb145ee7fb2a1f3feebe51f/element - {"using":"xpath","value":"//*[@id=\"__item2338-button\"]"}
RESULT: {"using":"xpath","value":"//*[@id=\"__item2338-button\"]"}
COMMAND: POST /session/0157ef9fabb145ee7fb2a1f3feebe51f/element/f.2D1A903BB9B117B2180C998CF94CF722.d.939E9D258D6BDC9859015C479493CE9F.e.18321/click - {}
RESULT: {}
COMMAND: POST /session/0157ef9fabb145ee7fb2a1f3feebe51f/execute/async - {"script":"<script> [1562 bytes]","args":[{"selector":{"controlType":"sap.m.Button","viewName":"etm.portal.ui.managestatesandperformance.view.Detail","viewId":"application-managestatesandperformance-display-component---detailStateAndPerform","i18NText":{"propertyName":"text","key":"createPerformanceDoc"},"interaction":{"idSuffix":"BDI-content"}},"wdio_ui5_key":"etmportal.ui.managestatesandperformance.view.Detailsap.m.Button{\"propertyName\":\"text\",\"key\":\"createPerformanceDoc\"}"}]}
COMMAND: GET /session/0157ef9fabb145ee7fb2a1f3feebe51f/screenshot - {}
RESULT: {"script":"<script> [1562 bytes]","args":[{"selector":{"controlType":"sap.m.Button","viewName":"etm.portal.ui.managestatesandperformance.view.Detail","viewId":"application-managestatesandperformance-display-component---detailStateAndPerform","i18NText":{"propertyName":"text","key":"createPerformanceDoc"},"interaction":{"idSuffix":"BDI-content"}},"wdio_ui5_key":"etmportal.ui.managestatesandperformance.view.Detailsap.m.Button{\"propertyName\":\"text\",\"key\":\"createPerformanceDoc\"}"}]}
RESULT: undefined
COMMAND: POST /session/0157ef9fabb145ee7fb2a1f3feebe51f/element - {"using":"xpath","value":"//*[@id=\"__button369\"]"}
RESULT: {}
RESULT: {"using":"xpath","value":"//*[@id=\"__button369\"]"}
COMMAND: POST /session/0157ef9fabb145ee7fb2a1f3feebe51f/element/f.2D1A903BB9B117B2180C998CF94CF722.d.939E9D258D6BDC9859015C479493CE9F.e.18325/click - {}
RESULT: {}
COMMAND: POST /session/0157ef9fabb145ee7fb2a1f3feebe51f/execute/async - {"script":"<script> [1562 bytes]","args":[{"selector":{"id":"application-managestatesandperformance-display-component---detailStateAndPerform--perfDocDatePicker","searchOpenDialogs":true,"interaction":{"idSuffix":"inner"}},"wdio_ui5_key":"applicationmanagestatesandperformance-display-component---detailStateAndPerform--perfDocDatePicker"}]}
COMMAND: GET /session/0157ef9fabb145ee7fb2a1f3feebe51f/screenshot - {}
RESULT: {"script":"<script> [1562 bytes]","args":[{"selector":{"id":"application-managestatesandperformance-display-component---detailStateAndPerform--perfDocDatePicker","searchOpenDialogs":true,"interaction":{"idSuffix":"inner"}},"wdio_ui5_key":"applicationmanagestatesandperformance-display-component---detailStateAndPerform--perfDocDatePicker"}]}
RESULT: undefined
COMMAND: POST /session/0157ef9fabb145ee7fb2a1f3feebe51f/execute/async - {"script":"<script> [776 bytes]","args":[{"enterText":"04/19/25","selector":{"id":"application-managestatesandperformance-display-component---detailStateAndPerform--perfDocDatePicker","searchOpenDialogs":true,"interaction":{"idSuffix":"inner"}},"clearTextFirst":true,"interactionType":"ENTER_TEXT"}]}
RESULT: {}
RESULT: {"script":"<script> [776 bytes]","args":[{"enterText":"04/19/25","selector":{"id":"application-managestatesandperformance-display-component---detailStateAndPerform--perfDocDatePicker","searchOpenDialogs":true,"interaction":{"idSuffix":"inner"}},"clearTextFirst":true,"interactionType":"ENTER_TEXT"}]}
COMMAND: POST /session/0157ef9fabb145ee7fb2a1f3feebe51f/execute/async - {"script":"<script> [1562 bytes]","args":[{"selector":{"id":"application-managestatesandperformance-display-component---detailStateAndPerform--counterValue-input","searchOpenDialogs":true,"interaction":{"idSuffix":"inner"}},"wdio_ui5_key":"applicationmanagestatesandperformance-display-component---detailStateAndPerform--counterValue-input"}]}
RESULT: {"script":"<script> [1562 bytes]","args":[{"selector":{"id":"application-managestatesandperformance-display-component---detailStateAndPerform--counterValue-input","searchOpenDialogs":true,"interaction":{"idSuffix":"inner"}},"wdio_ui5_key":"applicationmanagestatesandperformance-display-component---detailStateAndPerform--counterValue-input"}]}
RESULT: undefined
COMMAND: POST /session/0157ef9fabb145ee7fb2a1f3feebe51f/execute/async - {"script":"<script> [776 bytes]","args":[{"enterText":"15.00","selector":{"id":"application-managestatesandperformance-display-component---detailStateAndPerform--counterValue-input","searchOpenDialogs":true,"interaction":{"idSuffix":"inner"}},"clearTextFirst":true,"interactionType":"ENTER_TEXT"}]}
RESULT: {"script":"<script> [776 bytes]","args":[{"enterText":"15.00","selector":{"id":"application-managestatesandperformance-display-component---detailStateAndPerform--counterValue-input","searchOpenDialogs":true,"interaction":{"idSuffix":"inner"}},"clearTextFirst":true,"interactionType":"ENTER_TEXT"}]}
COMMAND: POST /session/0157ef9fabb145ee7fb2a1f3feebe51f/execute/async - {"script":"<script> [1562 bytes]","args":[{"selector":{"controlType":"sap.m.Button","viewName":"etm.portal.ui.managestatesandperformance.view.Detail","viewId":"application-managestatesandperformance-display-component---detailStateAndPerform","bindingPath":{"path":"","propertyPath":"/allowAddEdit","modelName":"oScreenModel"},"searchOpenDialogs":true,"interaction":{"idSuffix":"BDI-content"}},"wdio_ui5_key":"etmportal.ui.managestatesandperformance.view.Detailsap.m.Button{\"path\":\"\",\"propertyPath\":\"/allowAddEdit\",\"modelName\":\"oScreenModel\"}"}]}
RESULT: {"script":"<script> [1562 bytes]","args":[{"selector":{"controlType":"sap.m.Button","viewName":"etm.portal.ui.managestatesandperformance.view.Detail","viewId":"application-managestatesandperformance-display-component---detailStateAndPerform","bindingPath":{"path":"","propertyPath":"/allowAddEdit","modelName":"oScreenModel"},"searchOpenDialogs":true,"interaction":{"idSuffix":"BDI-content"}},"wdio_ui5_key":"etmportal.ui.managestatesandperformance.view.Detailsap.m.Button{\"path\":\"\",\"propertyPath\":\"/allowAddEdit\",\"modelName\":\"oScreenModel\"}"}]}
RESULT: undefined
COMMAND: POST /session/0157ef9fabb145ee7fb2a1f3feebe51f/element - {"using":"xpath","value":"//*[@id=\"__button376\"]"}
RESULT: {"using":"xpath","value":"//*[@id=\"__button376\"]"}
COMMAND: POST /session/0157ef9fabb145ee7fb2a1f3feebe51f/element/f.2D1A903BB9B117B2180C998CF94CF722.d.939E9D258D6BDC9859015C479493CE9F.e.18345/click - {}
RESULT: {}
RESULT: undefined
COMMAND: POST /session/0157ef9fabb145ee7fb2a1f3feebe51f/element - {"using":"xpath","value":"//*[@id=\"__button369\"]"}
COMMAND: GET /session/0157ef9fabb145ee7fb2a1f3feebe51f/screenshot - {}
RESULT: {"using":"xpath","value":"//*[@id=\"__button369\"]"}
COMMAND: POST /session/0157ef9fabb145ee7fb2a1f3feebe51f/element/f.2D1A903BB9B117B2180C998CF94CF722.d.939E9D258D6BDC9859015C479493CE9F.e.18325/click - {}
RESULT: {}
RESULT: {}
RESULT: undefined
COMMAND: POST /session/0157ef9fabb145ee7fb2a1f3feebe51f/execute/async - {"script":"<script> [776 bytes]","args":[{"enterText":"04/23/25","selector":{"id":"application-managestatesandperformance-display-component---detailStateAndPerform--perfDocDatePicker","searchOpenDialogs":true,"interaction":{"idSuffix":"inner"}},"clearTextFirst":true,"interactionType":"ENTER_TEXT"}]}
COMMAND: GET /session/0157ef9fabb145ee7fb2a1f3feebe51f/screenshot - {}
RESULT: {"script":"<script> [776 bytes]","args":[{"enterText":"04/23/25","selector":{"id":"application-managestatesandperformance-display-component---detailStateAndPerform--perfDocDatePicker","searchOpenDialogs":true,"interaction":{"idSuffix":"inner"}},"clearTextFirst":true,"interactionType":"ENTER_TEXT"}]}
RESULT: undefined
COMMAND: POST /session/0157ef9fabb145ee7fb2a1f3feebe51f/execute/async - {"script":"<script> [776 bytes]","args":[{"enterText":"20.00","selector":{"id":"application-managestatesandperformance-display-component---detailStateAndPerform--counterValue-input","searchOpenDialogs":true,"interaction":{"idSuffix":"inner"}},"clearTextFirst":true,"interactionType":"ENTER_TEXT"}]}
RESULT: {}
RESULT: {"script":"<script> [776 bytes]","args":[{"enterText":"20.00","selector":{"id":"application-managestatesandperformance-display-component---detailStateAndPerform--counterValue-input","searchOpenDialogs":true,"interaction":{"idSuffix":"inner"}},"clearTextFirst":true,"interactionType":"ENTER_TEXT"}]}
COMMAND: POST /session/0157ef9fabb145ee7fb2a1f3feebe51f/actions - {"actions":[{"id":"action60","type":"key","parameters":{},"actions":[{"type":"keyDown","value":""},{"type":"keyDown","value":""},{"type":"pause","duration":10},{"type":"keyUp","value":""},{"type":"keyUp","value":""}]}]}
RESULT: {"actions":[{"id":"action60","type":"key","parameters":{},"actions":[{"type":"keyDown","value":""},{"type":"keyDown","value":""},{"type":"pause","duration":10},{"type":"keyUp","value":""},{"type":"keyUp","value":""}]}]}
COMMAND: POST /session/0157ef9fabb145ee7fb2a1f3feebe51f/actions - {"actions":[{"id":"action61","type":"key","parameters":{},"actions":[{"type":"keyDown","value":""},{"type":"pause","duration":10},{"type":"keyUp","value":""}]}]}
COMMAND: GET /session/0157ef9fabb145ee7fb2a1f3feebe51f/screenshot - {}
RESULT: {"actions":[{"id":"action61","type":"key","parameters":{},"actions":[{"type":"keyDown","value":""},{"type":"pause","duration":10},{"type":"keyUp","value":""}]}]}
RESULT: undefined
COMMAND: POST /session/0157ef9fabb145ee7fb2a1f3feebe51f/element - {"using":"xpath","value":"//*[@id=\"__button376\"]"}
COMMAND: GET /session/0157ef9fabb145ee7fb2a1f3feebe51f/screenshot - {}
RESULT: {}
RESULT: {"using":"xpath","value":"//*[@id=\"__button376\"]"}
COMMAND: POST /session/0157ef9fabb145ee7fb2a1f3feebe51f/elements - {"using":"xpath","value":"//*[@id=\"__button376\"]"}
RESULT: {}
RESULT: {"using":"xpath","value":"//*[@id=\"__button376\"]"}
COMMAND: POST /session/0157ef9fabb145ee7fb2a1f3feebe51f/elements - {"using":"xpath","value":"//*[@id=\"__button376\"]"}
RESULT: {"using":"xpath","value":"//*[@id=\"__button376\"]"}
COMMAND: POST /session/0157ef9fabb145ee7fb2a1f3feebe51f/elements - {"using":"xpath","value":"//*[@id=\"__button376\"]"}
RESULT: {"using":"xpath","value":"//*[@id=\"__button376\"]"}
COMMAND: POST /session/0157ef9fabb145ee7fb2a1f3feebe51f/elements - {"using":"xpath","value":"//*[@id=\"__button376\"]"}
RESULT: {"using":"xpath","value":"//*[@id=\"__button376\"]"}
COMMAND: POST /session/0157ef9fabb145ee7fb2a1f3feebe51f/elements - {"using":"xpath","value":"//*[@id=\"__button376\"]"}
RESULT: {"using":"xpath","value":"//*[@id=\"__button376\"]"}
COMMAND: POST /session/0157ef9fabb145ee7fb2a1f3feebe51f/elements - {"using":"xpath","value":"//*[@id=\"__button376\"]"}
RESULT: {"using":"xpath","value":"//*[@id=\"__button376\"]"}
COMMAND: POST /session/0157ef9fabb145ee7fb2a1f3feebe51f/elements - {"using":"xpath","value":"//*[@id=\"__button376\"]"}
RESULT: {"using":"xpath","value":"//*[@id=\"__button376\"]"}
COMMAND: POST /session/0157ef9fabb145ee7fb2a1f3feebe51f/elements - {"using":"xpath","value":"//*[@id=\"__button376\"]"}
RESULT: {"using":"xpath","value":"//*[@id=\"__button376\"]"}
COMMAND: POST /session/0157ef9fabb145ee7fb2a1f3feebe51f/elements - {"using":"xpath","value":"//*[@id=\"__button376\"]"}
RESULT: {"using":"xpath","value":"//*[@id=\"__button376\"]"}
COMMAND: POST /session/0157ef9fabb145ee7fb2a1f3feebe51f/elements - {"using":"xpath","value":"//*[@id=\"__button376\"]"}
RESULT: {"using":"xpath","value":"//*[@id=\"__button376\"]"}
COMMAND: POST /session/0157ef9fabb145ee7fb2a1f3feebe51f/elements - {"using":"xpath","value":"//*[@id=\"__button376\"]"}
RESULT: {"using":"xpath","value":"//*[@id=\"__button376\"]"}
COMMAND: POST /session/0157ef9fabb145ee7fb2a1f3feebe51f/elements - {"using":"xpath","value":"//*[@id=\"__button376\"]"}
RESULT: {"using":"xpath","value":"//*[@id=\"__button376\"]"}
COMMAND: POST /session/0157ef9fabb145ee7fb2a1f3feebe51f/elements - {"using":"xpath","value":"//*[@id=\"__button376\"]"}
RESULT: {"using":"xpath","value":"//*[@id=\"__button376\"]"}
COMMAND: POST /session/0157ef9fabb145ee7fb2a1f3feebe51f/elements - {"using":"xpath","value":"//*[@id=\"__button376\"]"}
RESULT: {"using":"xpath","value":"//*[@id=\"__button376\"]"}
COMMAND: POST /session/0157ef9fabb145ee7fb2a1f3feebe51f/elements - {"using":"xpath","value":"//*[@id=\"__button376\"]"}
RESULT: {"using":"xpath","value":"//*[@id=\"__button376\"]"}
COMMAND: POST /session/0157ef9fabb145ee7fb2a1f3feebe51f/elements - {"using":"xpath","value":"//*[@id=\"__button376\"]"}
RESULT: {"using":"xpath","value":"//*[@id=\"__button376\"]"}
COMMAND: POST /session/0157ef9fabb145ee7fb2a1f3feebe51f/elements - {"using":"xpath","value":"//*[@id=\"__button376\"]"}
RESULT: {"using":"xpath","value":"//*[@id=\"__button376\"]"}
COMMAND: POST /session/0157ef9fabb145ee7fb2a1f3feebe51f/elements - {"using":"xpath","value":"//*[@id=\"__button376\"]"}
RESULT: {"using":"xpath","value":"//*[@id=\"__button376\"]"}
COMMAND: POST /session/0157ef9fabb145ee7fb2a1f3feebe51f/elements - {"using":"xpath","value":"//*[@id=\"__button376\"]"}
RESULT: {"using":"xpath","value":"//*[@id=\"__button376\"]"}
COMMAND: POST /session/0157ef9fabb145ee7fb2a1f3feebe51f/elements - {"using":"xpath","value":"//*[@id=\"__button376\"]"}
RESULT: {"using":"xpath","value":"//*[@id=\"__button376\"]"}
COMMAND: POST /session/0157ef9fabb145ee7fb2a1f3feebe51f/elements - {"using":"xpath","value":"//*[@id=\"__button376\"]"}
RESULT: {"using":"xpath","value":"//*[@id=\"__button376\"]"}
COMMAND: POST /session/0157ef9fabb145ee7fb2a1f3feebe51f/elements - {"using":"xpath","value":"//*[@id=\"__button376\"]"}
RESULT: {"using":"xpath","value":"//*[@id=\"__button376\"]"}
COMMAND: POST /session/0157ef9fabb145ee7fb2a1f3feebe51f/elements - {"using":"xpath","value":"//*[@id=\"__button376\"]"}
RESULT: {"using":"xpath","value":"//*[@id=\"__button376\"]"}
COMMAND: POST /session/0157ef9fabb145ee7fb2a1f3feebe51f/elements - {"using":"xpath","value":"//*[@id=\"__button376\"]"}
RESULT: {"using":"xpath","value":"//*[@id=\"__button376\"]"}
COMMAND: POST /session/0157ef9fabb145ee7fb2a1f3feebe51f/elements - {"using":"xpath","value":"//*[@id=\"__button376\"]"}
RESULT: {"using":"xpath","value":"//*[@id=\"__button376\"]"}
COMMAND: POST /session/0157ef9fabb145ee7fb2a1f3feebe51f/elements - {"using":"xpath","value":"//*[@id=\"__button376\"]"}
RESULT: {"using":"xpath","value":"//*[@id=\"__button376\"]"}
COMMAND: POST /session/0157ef9fabb145ee7fb2a1f3feebe51f/elements - {"using":"xpath","value":"//*[@id=\"__button376\"]"}
RESULT: {"using":"xpath","value":"//*[@id=\"__button376\"]"}
COMMAND: POST /session/0157ef9fabb145ee7fb2a1f3feebe51f/elements - {"using":"xpath","value":"//*[@id=\"__button376\"]"}
RESULT: {"using":"xpath","value":"//*[@id=\"__button376\"]"}
COMMAND: POST /session/0157ef9fabb145ee7fb2a1f3feebe51f/elements - {"using":"xpath","value":"//*[@id=\"__button376\"]"}
RESULT: {"using":"xpath","value":"//*[@id=\"__button376\"]"}
COMMAND: POST /session/0157ef9fabb145ee7fb2a1f3feebe51f/elements - {"using":"xpath","value":"//*[@id=\"__button376\"]"}
RESULT: {"using":"xpath","value":"//*[@id=\"__button376\"]"}
COMMAND: POST /session/0157ef9fabb145ee7fb2a1f3feebe51f/elements - {"using":"xpath","value":"//*[@id=\"__button376\"]"}
RESULT: {"using":"xpath","value":"//*[@id=\"__button376\"]"}
COMMAND: POST /session/0157ef9fabb145ee7fb2a1f3feebe51f/elements - {"using":"xpath","value":"//*[@id=\"__button376\"]"}
RESULT: {"using":"xpath","value":"//*[@id=\"__button376\"]"}
COMMAND: POST /session/0157ef9fabb145ee7fb2a1f3feebe51f/elements - {"using":"xpath","value":"//*[@id=\"__button376\"]"}
RESULT: {"using":"xpath","value":"//*[@id=\"__button376\"]"}
COMMAND: POST /session/0157ef9fabb145ee7fb2a1f3feebe51f/elements - {"using":"xpath","value":"//*[@id=\"__button376\"]"}
RESULT: {"using":"xpath","value":"//*[@id=\"__button376\"]"}
COMMAND: POST /session/0157ef9fabb145ee7fb2a1f3feebe51f/elements - {"using":"xpath","value":"//*[@id=\"__button376\"]"}
RESULT: {"using":"xpath","value":"//*[@id=\"__button376\"]"}
COMMAND: POST /session/0157ef9fabb145ee7fb2a1f3feebe51f/elements - {"using":"xpath","value":"//*[@id=\"__button376\"]"}
RESULT: {"using":"xpath","value":"//*[@id=\"__button376\"]"}
COMMAND: POST /session/0157ef9fabb145ee7fb2a1f3feebe51f/elements - {"using":"xpath","value":"//*[@id=\"__button376\"]"}
RESULT: {"using":"xpath","value":"//*[@id=\"__button376\"]"}
COMMAND: POST /session/0157ef9fabb145ee7fb2a1f3feebe51f/elements - {"using":"xpath","value":"//*[@id=\"__button376\"]"}
RESULT: {"using":"xpath","value":"//*[@id=\"__button376\"]"}
COMMAND: POST /session/0157ef9fabb145ee7fb2a1f3feebe51f/elements - {"using":"xpath","value":"//*[@id=\"__button376\"]"}
RESULT: {"using":"xpath","value":"//*[@id=\"__button376\"]"}
COMMAND: POST /session/0157ef9fabb145ee7fb2a1f3feebe51f/elements - {"using":"xpath","value":"//*[@id=\"__button376\"]"}
RESULT: {"using":"xpath","value":"//*[@id=\"__button376\"]"}
COMMAND: POST /session/0157ef9fabb145ee7fb2a1f3feebe51f/elements - {"using":"xpath","value":"//*[@id=\"__button376\"]"}
RESULT: {"using":"xpath","value":"//*[@id=\"__button376\"]"}
COMMAND: POST /session/0157ef9fabb145ee7fb2a1f3feebe51f/elements - {"using":"xpath","value":"//*[@id=\"__button376\"]"}
RESULT: {"using":"xpath","value":"//*[@id=\"__button376\"]"}
COMMAND: POST /session/0157ef9fabb145ee7fb2a1f3feebe51f/elements - {"using":"xpath","value":"//*[@id=\"__button376\"]"}
RESULT: {"using":"xpath","value":"//*[@id=\"__button376\"]"}
COMMAND: POST /session/0157ef9fabb145ee7fb2a1f3feebe51f/elements - {"using":"xpath","value":"//*[@id=\"__button376\"]"}
RESULT: {"using":"xpath","value":"//*[@id=\"__button376\"]"}
COMMAND: POST /session/0157ef9fabb145ee7fb2a1f3feebe51f/elements - {"using":"xpath","value":"//*[@id=\"__button376\"]"}
RESULT: {"using":"xpath","value":"//*[@id=\"__button376\"]"}
COMMAND: POST /session/0157ef9fabb145ee7fb2a1f3feebe51f/elements - {"using":"xpath","value":"//*[@id=\"__button376\"]"}
RESULT: {"using":"xpath","value":"//*[@id=\"__button376\"]"}
COMMAND: POST /session/0157ef9fabb145ee7fb2a1f3feebe51f/elements - {"using":"xpath","value":"//*[@id=\"__button376\"]"}
RESULT: {"using":"xpath","value":"//*[@id=\"__button376\"]"}
COMMAND: POST /session/0157ef9fabb145ee7fb2a1f3feebe51f/elements - {"using":"xpath","value":"//*[@id=\"__button376\"]"}
RESULT: {"using":"xpath","value":"//*[@id=\"__button376\"]"}
COMMAND: POST /session/0157ef9fabb145ee7fb2a1f3feebe51f/elements - {"using":"xpath","value":"//*[@id=\"__button376\"]"}
RESULT: {"using":"xpath","value":"//*[@id=\"__button376\"]"}
COMMAND: POST /session/0157ef9fabb145ee7fb2a1f3feebe51f/elements - {"using":"xpath","value":"//*[@id=\"__button376\"]"}
RESULT: {"using":"xpath","value":"//*[@id=\"__button376\"]"}
COMMAND: POST /session/0157ef9fabb145ee7fb2a1f3feebe51f/elements - {"using":"xpath","value":"//*[@id=\"__button376\"]"}
RESULT: {"using":"xpath","value":"//*[@id=\"__button376\"]"}
COMMAND: POST /session/0157ef9fabb145ee7fb2a1f3feebe51f/elements - {"using":"xpath","value":"//*[@id=\"__button376\"]"}
RESULT: {"using":"xpath","value":"//*[@id=\"__button376\"]"}
COMMAND: POST /session/0157ef9fabb145ee7fb2a1f3feebe51f/elements - {"using":"xpath","value":"//*[@id=\"__button376\"]"}
RESULT: {"using":"xpath","value":"//*[@id=\"__button376\"]"}
COMMAND: POST /session/0157ef9fabb145ee7fb2a1f3feebe51f/elements - {"using":"xpath","value":"//*[@id=\"__button376\"]"}
RESULT: {"using":"xpath","value":"//*[@id=\"__button376\"]"}
COMMAND: POST /session/0157ef9fabb145ee7fb2a1f3feebe51f/elements - {"using":"xpath","value":"//*[@id=\"__button376\"]"}
RESULT: {"using":"xpath","value":"//*[@id=\"__button376\"]"}
COMMAND: POST /session/0157ef9fabb145ee7fb2a1f3feebe51f/elements - {"using":"xpath","value":"//*[@id=\"__button376\"]"}
RESULT: {"using":"xpath","value":"//*[@id=\"__button376\"]"}
COMMAND: POST /session/0157ef9fabb145ee7fb2a1f3feebe51f/elements - {"using":"xpath","value":"//*[@id=\"__button376\"]"}
RESULT: {"using":"xpath","value":"//*[@id=\"__button376\"]"}
COMMAND: POST /session/0157ef9fabb145ee7fb2a1f3feebe51f/elements - {"using":"xpath","value":"//*[@id=\"__button376\"]"}
RESULT: {"using":"xpath","value":"//*[@id=\"__button376\"]"}
COMMAND: POST /session/0157ef9fabb145ee7fb2a1f3feebe51f/elements - {"using":"xpath","value":"//*[@id=\"__button376\"]"}
RESULT: {"using":"xpath","value":"//*[@id=\"__button376\"]"}
COMMAND: POST /session/0157ef9fabb145ee7fb2a1f3feebe51f/elements - {"using":"xpath","value":"//*[@id=\"__button376\"]"}
RESULT: {"using":"xpath","value":"//*[@id=\"__button376\"]"}
COMMAND: POST /session/0157ef9fabb145ee7fb2a1f3feebe51f/elements - {"using":"xpath","value":"//*[@id=\"__button376\"]"}
RESULT: {"using":"xpath","value":"//*[@id=\"__button376\"]"}
COMMAND: POST /session/0157ef9fabb145ee7fb2a1f3feebe51f/elements - {"using":"xpath","value":"//*[@id=\"__button376\"]"}
RESULT: {"using":"xpath","value":"//*[@id=\"__button376\"]"}
COMMAND: POST /session/0157ef9fabb145ee7fb2a1f3feebe51f/elements - {"using":"xpath","value":"//*[@id=\"__button376\"]"}
RESULT: {"using":"xpath","value":"//*[@id=\"__button376\"]"}
COMMAND: POST /session/0157ef9fabb145ee7fb2a1f3feebe51f/elements - {"using":"xpath","value":"//*[@id=\"__button376\"]"}
RESULT: {"using":"xpath","value":"//*[@id=\"__button376\"]"}
COMMAND: POST /session/0157ef9fabb145ee7fb2a1f3feebe51f/elements - {"using":"xpath","value":"//*[@id=\"__button376\"]"}
RESULT: {"using":"xpath","value":"//*[@id=\"__button376\"]"}
COMMAND: POST /session/0157ef9fabb145ee7fb2a1f3feebe51f/elements - {"using":"xpath","value":"//*[@id=\"__button376\"]"}
RESULT: {"using":"xpath","value":"//*[@id=\"__button376\"]"}
COMMAND: POST /session/0157ef9fabb145ee7fb2a1f3feebe51f/elements - {"using":"xpath","value":"//*[@id=\"__button376\"]"}
RESULT: {"using":"xpath","value":"//*[@id=\"__button376\"]"}
COMMAND: POST /session/0157ef9fabb145ee7fb2a1f3feebe51f/elements - {"using":"xpath","value":"//*[@id=\"__button376\"]"}
RESULT: {"using":"xpath","value":"//*[@id=\"__button376\"]"}
COMMAND: POST /session/0157ef9fabb145ee7fb2a1f3feebe51f/elements - {"using":"xpath","value":"//*[@id=\"__button376\"]"}
RESULT: {"using":"xpath","value":"//*[@id=\"__button376\"]"}
COMMAND: POST /session/0157ef9fabb145ee7fb2a1f3feebe51f/elements - {"using":"xpath","value":"//*[@id=\"__button376\"]"}
RESULT: {"using":"xpath","value":"//*[@id=\"__button376\"]"}
COMMAND: POST /session/0157ef9fabb145ee7fb2a1f3feebe51f/elements - {"using":"xpath","value":"//*[@id=\"__button376\"]"}
RESULT: {"using":"xpath","value":"//*[@id=\"__button376\"]"}
COMMAND: POST /session/0157ef9fabb145ee7fb2a1f3feebe51f/elements - {"using":"xpath","value":"//*[@id=\"__button376\"]"}
RESULT: {"using":"xpath","value":"//*[@id=\"__button376\"]"}
COMMAND: POST /session/0157ef9fabb145ee7fb2a1f3feebe51f/elements - {"using":"xpath","value":"//*[@id=\"__button376\"]"}
RESULT: {"using":"xpath","value":"//*[@id=\"__button376\"]"}
COMMAND: POST /session/0157ef9fabb145ee7fb2a1f3feebe51f/elements - {"using":"xpath","value":"//*[@id=\"__button376\"]"}
RESULT: {"using":"xpath","value":"//*[@id=\"__button376\"]"}
COMMAND: POST /session/0157ef9fabb145ee7fb2a1f3feebe51f/elements - {"using":"xpath","value":"//*[@id=\"__button376\"]"}
RESULT: {"using":"xpath","value":"//*[@id=\"__button376\"]"}
COMMAND: POST /session/0157ef9fabb145ee7fb2a1f3feebe51f/elements - {"using":"xpath","value":"//*[@id=\"__button376\"]"}
RESULT: {"using":"xpath","value":"//*[@id=\"__button376\"]"}
COMMAND: POST /session/0157ef9fabb145ee7fb2a1f3feebe51f/elements - {"using":"xpath","value":"//*[@id=\"__button376\"]"}
RESULT: {"using":"xpath","value":"//*[@id=\"__button376\"]"}
COMMAND: POST /session/0157ef9fabb145ee7fb2a1f3feebe51f/elements - {"using":"xpath","value":"//*[@id=\"__button376\"]"}
RESULT: {"using":"xpath","value":"//*[@id=\"__button376\"]"}
COMMAND: POST /session/0157ef9fabb145ee7fb2a1f3feebe51f/elements - {"using":"xpath","value":"//*[@id=\"__button376\"]"}
RESULT: {"using":"xpath","value":"//*[@id=\"__button376\"]"}
COMMAND: POST /session/0157ef9fabb145ee7fb2a1f3feebe51f/elements - {"using":"xpath","value":"//*[@id=\"__button376\"]"}
RESULT: {"using":"xpath","value":"//*[@id=\"__button376\"]"}
COMMAND: POST /session/0157ef9fabb145ee7fb2a1f3feebe51f/elements - {"using":"xpath","value":"//*[@id=\"__button376\"]"}
RESULT: {"using":"xpath","value":"//*[@id=\"__button376\"]"}
COMMAND: POST /session/0157ef9fabb145ee7fb2a1f3feebe51f/elements - {"using":"xpath","value":"//*[@id=\"__button376\"]"}
RESULT: {"using":"xpath","value":"//*[@id=\"__button376\"]"}
COMMAND: POST /session/0157ef9fabb145ee7fb2a1f3feebe51f/elements - {"using":"xpath","value":"//*[@id=\"__button376\"]"}
RESULT: {"using":"xpath","value":"//*[@id=\"__button376\"]"}
COMMAND: POST /session/0157ef9fabb145ee7fb2a1f3feebe51f/elements - {"using":"xpath","value":"//*[@id=\"__button376\"]"}
RESULT: {"using":"xpath","value":"//*[@id=\"__button376\"]"}
COMMAND: POST /session/0157ef9fabb145ee7fb2a1f3feebe51f/elements - {"using":"xpath","value":"//*[@id=\"__button376\"]"}
RESULT: {"using":"xpath","value":"//*[@id=\"__button376\"]"}
COMMAND: POST /session/0157ef9fabb145ee7fb2a1f3feebe51f/elements - {"using":"xpath","value":"//*[@id=\"__button376\"]"}
RESULT: {"using":"xpath","value":"//*[@id=\"__button376\"]"}
COMMAND: POST /session/0157ef9fabb145ee7fb2a1f3feebe51f/elements - {"using":"xpath","value":"//*[@id=\"__button376\"]"}
RESULT: {"using":"xpath","value":"//*[@id=\"__button376\"]"}
COMMAND: POST /session/0157ef9fabb145ee7fb2a1f3feebe51f/elements - {"using":"xpath","value":"//*[@id=\"__button376\"]"}
RESULT: {"using":"xpath","value":"//*[@id=\"__button376\"]"}
COMMAND: POST /session/0157ef9fabb145ee7fb2a1f3feebe51f/elements - {"using":"xpath","value":"//*[@id=\"__button376\"]"}
RESULT: {"using":"xpath","value":"//*[@id=\"__button376\"]"}
COMMAND: POST /session/0157ef9fabb145ee7fb2a1f3feebe51f/elements - {"using":"xpath","value":"//*[@id=\"__button376\"]"}
RESULT: {"using":"xpath","value":"//*[@id=\"__button376\"]"}
COMMAND: POST /session/0157ef9fabb145ee7fb2a1f3feebe51f/elements - {"using":"xpath","value":"//*[@id=\"__button376\"]"}
RESULT: {"using":"xpath","value":"//*[@id=\"__button376\"]"}
COMMAND: POST /session/0157ef9fabb145ee7fb2a1f3feebe51f/elements - {"using":"xpath","value":"//*[@id=\"__button376\"]"}
RESULT: {"using":"xpath","value":"//*[@id=\"__button376\"]"}
COMMAND: POST /session/0157ef9fabb145ee7fb2a1f3feebe51f/elements - {"using":"xpath","value":"//*[@id=\"__button376\"]"}
RESULT: {"using":"xpath","value":"//*[@id=\"__button376\"]"}
COMMAND: POST /session/0157ef9fabb145ee7fb2a1f3feebe51f/elements - {"using":"xpath","value":"//*[@id=\"__button376\"]"}
RESULT: {"using":"xpath","value":"//*[@id=\"__button376\"]"}
COMMAND: POST /session/0157ef9fabb145ee7fb2a1f3feebe51f/elements - {"using":"xpath","value":"//*[@id=\"__button376\"]"}
RESULT: {"using":"xpath","value":"//*[@id=\"__button376\"]"}
COMMAND: POST /session/0157ef9fabb145ee7fb2a1f3feebe51f/elements - {"using":"xpath","value":"//*[@id=\"__button376\"]"}
RESULT: {"using":"xpath","value":"//*[@id=\"__button376\"]"}
COMMAND: POST /session/0157ef9fabb145ee7fb2a1f3feebe51f/elements - {"using":"xpath","value":"//*[@id=\"__button376\"]"}
RESULT: {"using":"xpath","value":"//*[@id=\"__button376\"]"}
COMMAND: POST /session/0157ef9fabb145ee7fb2a1f3feebe51f/elements - {"using":"xpath","value":"//*[@id=\"__button376\"]"}
RESULT: {"using":"xpath","value":"//*[@id=\"__button376\"]"}
COMMAND: POST /session/0157ef9fabb145ee7fb2a1f3feebe51f/elements - {"using":"xpath","value":"//*[@id=\"__button376\"]"}
RESULT: {"using":"xpath","value":"//*[@id=\"__button376\"]"}
COMMAND: POST /session/0157ef9fabb145ee7fb2a1f3feebe51f/elements - {"using":"xpath","value":"//*[@id=\"__button376\"]"}
RESULT: {"using":"xpath","value":"//*[@id=\"__button376\"]"}
COMMAND: POST /session/0157ef9fabb145ee7fb2a1f3feebe51f/elements - {"using":"xpath","value":"//*[@id=\"__button376\"]"}
RESULT: {"using":"xpath","value":"//*[@id=\"__button376\"]"}
COMMAND: POST /session/0157ef9fabb145ee7fb2a1f3feebe51f/elements - {"using":"xpath","value":"//*[@id=\"__button376\"]"}
RESULT: {"using":"xpath","value":"//*[@id=\"__button376\"]"}
COMMAND: POST /session/0157ef9fabb145ee7fb2a1f3feebe51f/elements - {"using":"xpath","value":"//*[@id=\"__button376\"]"}
RESULT: {"using":"xpath","value":"//*[@id=\"__button376\"]"}
COMMAND: POST /session/0157ef9fabb145ee7fb2a1f3feebe51f/elements - {"using":"xpath","value":"//*[@id=\"__button376\"]"}
RESULT: {"using":"xpath","value":"//*[@id=\"__button376\"]"}
COMMAND: POST /session/0157ef9fabb145ee7fb2a1f3feebe51f/elements - {"using":"xpath","value":"//*[@id=\"__button376\"]"}
RESULT: {"using":"xpath","value":"//*[@id=\"__button376\"]"}
COMMAND: POST /session/0157ef9fabb145ee7fb2a1f3feebe51f/elements - {"using":"xpath","value":"//*[@id=\"__button376\"]"}
RESULT: {"using":"xpath","value":"//*[@id=\"__button376\"]"}
COMMAND: POST /session/0157ef9fabb145ee7fb2a1f3feebe51f/elements - {"using":"xpath","value":"//*[@id=\"__button376\"]"}
RESULT: {"using":"xpath","value":"//*[@id=\"__button376\"]"}
COMMAND: POST /session/0157ef9fabb145ee7fb2a1f3feebe51f/elements - {"using":"xpath","value":"//*[@id=\"__button376\"]"}
RESULT: {"using":"xpath","value":"//*[@id=\"__button376\"]"}
COMMAND: POST /session/0157ef9fabb145ee7fb2a1f3feebe51f/elements - {"using":"xpath","value":"//*[@id=\"__button376\"]"}
RESULT: {"using":"xpath","value":"//*[@id=\"__button376\"]"}
COMMAND: POST /session/0157ef9fabb145ee7fb2a1f3feebe51f/elements - {"using":"xpath","value":"//*[@id=\"__button376\"]"}
RESULT: {"using":"xpath","value":"//*[@id=\"__button376\"]"}
COMMAND: POST /session/0157ef9fabb145ee7fb2a1f3feebe51f/elements - {"using":"xpath","value":"//*[@id=\"__button376\"]"}
RESULT: {"using":"xpath","value":"//*[@id=\"__button376\"]"}
COMMAND: POST /session/0157ef9fabb145ee7fb2a1f3feebe51f/elements - {"using":"xpath","value":"//*[@id=\"__button376\"]"}
RESULT: {"using":"xpath","value":"//*[@id=\"__button376\"]"}
COMMAND: POST /session/0157ef9fabb145ee7fb2a1f3feebe51f/elements - {"using":"xpath","value":"//*[@id=\"__button376\"]"}
RESULT: {"using":"xpath","value":"//*[@id=\"__button376\"]"}
COMMAND: POST /session/0157ef9fabb145ee7fb2a1f3feebe51f/elements - {"using":"xpath","value":"//*[@id=\"__button376\"]"}
RESULT: {"using":"xpath","value":"//*[@id=\"__button376\"]"}
COMMAND: POST /session/0157ef9fabb145ee7fb2a1f3feebe51f/elements - {"using":"xpath","value":"//*[@id=\"__button376\"]"}
RESULT: {"using":"xpath","value":"//*[@id=\"__button376\"]"}
COMMAND: POST /session/0157ef9fabb145ee7fb2a1f3feebe51f/elements - {"using":"xpath","value":"//*[@id=\"__button376\"]"}
RESULT: {"using":"xpath","value":"//*[@id=\"__button376\"]"}
COMMAND: POST /session/0157ef9fabb145ee7fb2a1f3feebe51f/elements - {"using":"xpath","value":"//*[@id=\"__button376\"]"}
RESULT: {"using":"xpath","value":"//*[@id=\"__button376\"]"}
COMMAND: POST /session/0157ef9fabb145ee7fb2a1f3feebe51f/elements - {"using":"xpath","value":"//*[@id=\"__button376\"]"}
RESULT: {"using":"xpath","value":"//*[@id=\"__button376\"]"}
COMMAND: POST /session/0157ef9fabb145ee7fb2a1f3feebe51f/elements - {"using":"xpath","value":"//*[@id=\"__button376\"]"}
RESULT: {"using":"xpath","value":"//*[@id=\"__button376\"]"}
COMMAND: POST /session/0157ef9fabb145ee7fb2a1f3feebe51f/elements - {"using":"xpath","value":"//*[@id=\"__button376\"]"}
RESULT: {"using":"xpath","value":"//*[@id=\"__button376\"]"}
COMMAND: POST /session/0157ef9fabb145ee7fb2a1f3feebe51f/elements - {"using":"xpath","value":"//*[@id=\"__button376\"]"}
COMMAND: POST /session/0157ef9fabb145ee7fb2a1f3feebe51f/element - {"using":"css selector","value":"#shell-header-logo"}
RESULT: {"using":"xpath","value":"//*[@id=\"__button376\"]"}
RESULT: {"using":"css selector","value":"#shell-header-logo"}
COMMAND: POST /session/0157ef9fabb145ee7fb2a1f3feebe51f/execute/sync - {"script":"<script> [8489 bytes]","args":[{"element-6066-11e4-a52e-4f735466cecf":"f.2D1A903BB9B117B2180C998CF94CF722.d.939E9D258D6BDC9859015C479493CE9F.e.18127","ELEMENT":"f.2D1A903BB9B117B2180C998CF94CF722.d.939E9D258D6BDC9859015C479493CE9F.e.18127"}]}
RESULT: {"script":"<script> [8489 bytes]","args":[{"element-6066-11e4-a52e-4f735466cecf":"f.2D1A903BB9B117B2180C998CF94CF722.d.939E9D258D6BDC9859015C479493CE9F.e.18127","ELEMENT":"f.2D1A903BB9B117B2180C998CF94CF722.d.939E9D258D6BDC9859015C479493CE9F.e.18127"}]}
COMMAND: POST /session/0157ef9fabb145ee7fb2a1f3feebe51f/execute/sync - {"script":"<script> [5351 bytes]","args":[{"element-6066-11e4-a52e-4f735466cecf":"f.2D1A903BB9B117B2180C998CF94CF722.d.939E9D258D6BDC9859015C479493CE9F.e.18127","ELEMENT":"f.2D1A903BB9B117B2180C998CF94CF722.d.939E9D258D6BDC9859015C479493CE9F.e.18127"}]}
COMMAND: GET /session/0157ef9fabb145ee7fb2a1f3feebe51f/screenshot - {}
RESULT: {"script":"<script> [5351 bytes]","args":[{"element-6066-11e4-a52e-4f735466cecf":"f.2D1A903BB9B117B2180C998CF94CF722.d.939E9D258D6BDC9859015C479493CE9F.e.18127","ELEMENT":"f.2D1A903BB9B117B2180C998CF94CF722.d.939E9D258D6BDC9859015C479493CE9F.e.18127"}]}
COMMAND: POST /session/0157ef9fabb145ee7fb2a1f3feebe51f/element/f.2D1A903BB9B117B2180C998CF94CF722.d.939E9D258D6BDC9859015C479493CE9F.e.18127/click - {}
COMMAND: GET /session/0157ef9fabb145ee7fb2a1f3feebe51f/screenshot - {}
RESULT: {}
RESULT: {}
]]></system-out>
    </testcase>
    <testcase classname="chrome.135_0_7049_42.windows.Performance_based_billing_(work_days)_US139742" name="Should go to Manage Billings and trigger calculation check the conditions applied" time="61.188">
      <system-out><![CDATA[
COMMAND: POST /session/0157ef9fabb145ee7fb2a1f3feebe51f/execute/async - {"script":"<script> [1562 bytes]","args":[{"selector":{"controlType":"sap.m.GenericTile","properties":{"header":"Manage Billings"}},"wdio_ui5_key":"sapm.GenericTile{\"header\":\"Manage Billings\"}"}]}
COMMAND: GET /session/0157ef9fabb145ee7fb2a1f3feebe51f/screenshot - {}
RESULT: {}
RESULT: {"script":"<script> [1562 bytes]","args":[{"selector":{"controlType":"sap.m.GenericTile","properties":{"header":"Manage Billings"}},"wdio_ui5_key":"sapm.GenericTile{\"header\":\"Manage Billings\"}"}]}
RESULT: undefined
COMMAND: POST /session/0157ef9fabb145ee7fb2a1f3feebe51f/element - {"using":"xpath","value":"//*[@id=\"__tile51\"]"}
RESULT: {}
RESULT: {"using":"xpath","value":"//*[@id=\"__tile51\"]"}
COMMAND: POST /session/0157ef9fabb145ee7fb2a1f3feebe51f/element/f.2D1A903BB9B117B2180C998CF94CF722.d.939E9D258D6BDC9859015C479493CE9F.e.14495/click - {}
RESULT: {}
COMMAND: GET /session/0157ef9fabb145ee7fb2a1f3feebe51f/screenshot - {}
COMMAND: POST /session/0157ef9fabb145ee7fb2a1f3feebe51f/execute/async - {"script":"<script> [1562 bytes]","args":[{"selector":{"id":"application-managebillings-display-component---billRunCalcResult--smartFilterBar-btnBasicSearch","interaction":{"idSuffix":"I"}},"wdio_ui5_key":"applicationmanagebillings-display-component---billRunCalcResult--smartFilterBar-btnBasicSearch"}]}
RESULT: {}
RESULT: {"script":"<script> [1562 bytes]","args":[{"selector":{"id":"application-managebillings-display-component---billRunCalcResult--smartFilterBar-btnBasicSearch","interaction":{"idSuffix":"I"}},"wdio_ui5_key":"applicationmanagebillings-display-component---billRunCalcResult--smartFilterBar-btnBasicSearch"}]}
RESULT: undefined
COMMAND: POST /session/0157ef9fabb145ee7fb2a1f3feebe51f/execute/async - {"script":"<script> [776 bytes]","args":[{"enterText":"10389","selector":{"id":"application-managebillings-display-component---billRunCalcResult--smartFilterBar-btnBasicSearch","interaction":{"idSuffix":"I"}},"clearTextFirst":true,"interactionType":"ENTER_TEXT"}]}
RESULT: {"script":"<script> [776 bytes]","args":[{"enterText":"10389","selector":{"id":"application-managebillings-display-component---billRunCalcResult--smartFilterBar-btnBasicSearch","interaction":{"idSuffix":"I"}},"clearTextFirst":true,"interactionType":"ENTER_TEXT"}]}
COMMAND: POST /session/0157ef9fabb145ee7fb2a1f3feebe51f/actions - {"actions":[{"id":"action62","type":"key","parameters":{},"actions":[{"type":"keyDown","value":""},{"type":"pause","duration":10},{"type":"keyUp","value":""}]}]}
RESULT: {"actions":[{"id":"action62","type":"key","parameters":{},"actions":[{"type":"keyDown","value":""},{"type":"pause","duration":10},{"type":"keyUp","value":""}]}]}
COMMAND: GET /session/0157ef9fabb145ee7fb2a1f3feebe51f/screenshot - {}
RESULT: {}
COMMAND: POST /session/0157ef9fabb145ee7fb2a1f3feebe51f/element - {"using":"xpath","value":"//td[@aria-colindex=\"1\"]/div/div[contains(@class, \"sapMCbBg\")]"}
RESULT: {"using":"xpath","value":"//td[@aria-colindex=\"1\"]/div/div[contains(@class, \"sapMCbBg\")]"}
COMMAND: POST /session/0157ef9fabb145ee7fb2a1f3feebe51f/element/f.2D1A903BB9B117B2180C998CF94CF722.d.939E9D258D6BDC9859015C479493CE9F.e.18569/click - {}
RESULT: {}
COMMAND: GET /session/0157ef9fabb145ee7fb2a1f3feebe51f/screenshot - {}
RESULT: {}
COMMAND: POST /session/0157ef9fabb145ee7fb2a1f3feebe51f/execute/async - {"script":"<script> [1562 bytes]","args":[{"selector":{"id":"application-managebillings-display-component---billRunCalcResult--contractBillRunDate","interaction":{"idSuffix":"inner"}},"wdio_ui5_key":"applicationmanagebillings-display-component---billRunCalcResult--contractBillRunDate"}]}
RESULT: {"script":"<script> [1562 bytes]","args":[{"selector":{"id":"application-managebillings-display-component---billRunCalcResult--contractBillRunDate","interaction":{"idSuffix":"inner"}},"wdio_ui5_key":"applicationmanagebillings-display-component---billRunCalcResult--contractBillRunDate"}]}
RESULT: undefined
COMMAND: POST /session/0157ef9fabb145ee7fb2a1f3feebe51f/execute/async - {"script":"<script> [776 bytes]","args":[{"enterText":"05/17/25","selector":{"id":"application-managebillings-display-component---billRunCalcResult--contractBillRunDate","interaction":{"idSuffix":"inner"}},"clearTextFirst":true,"interactionType":"ENTER_TEXT"}]}
RESULT: {"script":"<script> [776 bytes]","args":[{"enterText":"05/17/25","selector":{"id":"application-managebillings-display-component---billRunCalcResult--contractBillRunDate","interaction":{"idSuffix":"inner"}},"clearTextFirst":true,"interactionType":"ENTER_TEXT"}]}
COMMAND: POST /session/0157ef9fabb145ee7fb2a1f3feebe51f/element - {"using":"xpath","value":"//bdi[contains(text(), \"Trigger Calculation\")]"}
RESULT: {"using":"xpath","value":"//bdi[contains(text(), \"Trigger Calculation\")]"}
COMMAND: POST /session/0157ef9fabb145ee7fb2a1f3feebe51f/element/f.2D1A903BB9B117B2180C998CF94CF722.d.939E9D258D6BDC9859015C479493CE9F.e.18620/click - {}
RESULT: {}
COMMAND: GET /session/0157ef9fabb145ee7fb2a1f3feebe51f/screenshot - {}
RESULT: {}
COMMAND: POST /session/0157ef9fabb145ee7fb2a1f3feebe51f/element - {"using":"xpath","value":"(//span[contains(@id, \"imgNav\")])[1]"}
RESULT: {"using":"xpath","value":"(//span[contains(@id, \"imgNav\")])[1]"}
COMMAND: POST /session/0157ef9fabb145ee7fb2a1f3feebe51f/element/f.2D1A903BB9B117B2180C998CF94CF722.d.939E9D258D6BDC9859015C479493CE9F.e.18570/click - {}
RESULT: {}
COMMAND: GET /session/0157ef9fabb145ee7fb2a1f3feebe51f/screenshot - {}
RESULT: {}
COMMAND: POST /session/0157ef9fabb145ee7fb2a1f3feebe51f/element - {"using":"xpath","value":"//tr/td[6]/div[1]/span[1]/span[1]"}
RESULT: {"using":"xpath","value":"//tr/td[6]/div[1]/span[1]/span[1]"}
COMMAND: GET /session/0157ef9fabb145ee7fb2a1f3feebe51f/element/f.2D1A903BB9B117B2180C998CF94CF722.d.939E9D258D6BDC9859015C479493CE9F.e.18624/text - {}
RESULT: {}
COMMAND: POST /session/0157ef9fabb145ee7fb2a1f3feebe51f/element - {"using":"xpath","value":"(//span[contains(@id, \"imgNav\")])[2]"}
RESULT: {"using":"xpath","value":"(//span[contains(@id, \"imgNav\")])[2]"}
COMMAND: POST /session/0157ef9fabb145ee7fb2a1f3feebe51f/element/f.2D1A903BB9B117B2180C998CF94CF722.d.939E9D258D6BDC9859015C479493CE9F.e.18625/click - {}
RESULT: {}
COMMAND: POST /session/0157ef9fabb145ee7fb2a1f3feebe51f/element - {"using":"xpath","value":"//bdi[contains(text(), \"Business Confirm\")]"}
COMMAND: GET /session/0157ef9fabb145ee7fb2a1f3feebe51f/screenshot - {}
RESULT: {"using":"xpath","value":"//bdi[contains(text(), \"Business Confirm\")]"}
COMMAND: POST /session/0157ef9fabb145ee7fb2a1f3feebe51f/elements - {"using":"xpath","value":"//bdi[contains(text(), \"Business Confirm\")]"}
RESULT: {}
RESULT: {"using":"xpath","value":"//bdi[contains(text(), \"Business Confirm\")]"}
COMMAND: POST /session/0157ef9fabb145ee7fb2a1f3feebe51f/element - {"using":"xpath","value":"//bdi[contains(text(), \"Business Confirm\")]"}
RESULT: {"using":"xpath","value":"//bdi[contains(text(), \"Business Confirm\")]"}
COMMAND: POST /session/0157ef9fabb145ee7fb2a1f3feebe51f/element/f.2D1A903BB9B117B2180C998CF94CF722.d.939E9D258D6BDC9859015C479493CE9F.e.18676/click - {}
RESULT: {}
COMMAND: POST /session/0157ef9fabb145ee7fb2a1f3feebe51f/element - {"using":"css selector","value":"#shell-header-logo"}
COMMAND: GET /session/0157ef9fabb145ee7fb2a1f3feebe51f/screenshot - {}
RESULT: {"using":"css selector","value":"#shell-header-logo"}
COMMAND: POST /session/0157ef9fabb145ee7fb2a1f3feebe51f/element/f.2D1A903BB9B117B2180C998CF94CF722.d.939E9D258D6BDC9859015C479493CE9F.e.18361/click - {}
RESULT: {}
RESULT: {}
COMMAND: GET /session/0157ef9fabb145ee7fb2a1f3feebe51f/screenshot - {}
RESULT: {}
COMMAND: POST /session/0157ef9fabb145ee7fb2a1f3feebe51f/element - {"using":"css selector","value":"#j_username"}
COMMAND: POST /session/0157ef9fabb145ee7fb2a1f3feebe51f/url - {"url":"https://qa-testing-00-live-etm-ui.cfapps.eu10-004.hana.ondemand.com/"}
RESULT: {"using":"css selector","value":"#j_username"}
COMMAND: POST /session/0157ef9fabb145ee7fb2a1f3feebe51f/element - {"using":"css selector","value":"#j_username"}
RESULT: {"url":"https://qa-testing-00-live-etm-ui.cfapps.eu10-004.hana.ondemand.com/"}
RESULT: undefined
COMMAND: GET /session/0157ef9fabb145ee7fb2a1f3feebe51f/screenshot - {}
RESULT: {"using":"css selector","value":"#j_username"}
COMMAND: POST /session/0157ef9fabb145ee7fb2a1f3feebe51f/element - {"using":"css selector","value":"#shell-header-logo"}
RESULT: {}
RESULT: {"using":"css selector","value":"#shell-header-logo"}
COMMAND: POST /session/0157ef9fabb145ee7fb2a1f3feebe51f/execute/sync - {"script":"<script> [8489 bytes]","args":[{"element-6066-11e4-a52e-4f735466cecf":"f.2D1A903BB9B117B2180C998CF94CF722.d.B529ADBA94B11C1211A1681BB8018236.e.18711","ELEMENT":"f.2D1A903BB9B117B2180C998CF94CF722.d.B529ADBA94B11C1211A1681BB8018236.e.18711"}]}
RESULT: {"script":"<script> [8489 bytes]","args":[{"element-6066-11e4-a52e-4f735466cecf":"f.2D1A903BB9B117B2180C998CF94CF722.d.B529ADBA94B11C1211A1681BB8018236.e.18711","ELEMENT":"f.2D1A903BB9B117B2180C998CF94CF722.d.B529ADBA94B11C1211A1681BB8018236.e.18711"}]}
COMMAND: POST /session/0157ef9fabb145ee7fb2a1f3feebe51f/element - {"using":"css selector","value":"#shell-header-logo"}
COMMAND: GET /session/0157ef9fabb145ee7fb2a1f3feebe51f/screenshot - {}
RESULT: {"using":"css selector","value":"#shell-header-logo"}
COMMAND: POST /session/0157ef9fabb145ee7fb2a1f3feebe51f/execute/sync - {"script":"<script> [8489 bytes]","args":[{"element-6066-11e4-a52e-4f735466cecf":"f.2D1A903BB9B117B2180C998CF94CF722.d.B529ADBA94B11C1211A1681BB8018236.e.18711","ELEMENT":"f.2D1A903BB9B117B2180C998CF94CF722.d.B529ADBA94B11C1211A1681BB8018236.e.18711"}]}
RESULT: {}
RESULT: {"script":"<script> [8489 bytes]","args":[{"element-6066-11e4-a52e-4f735466cecf":"f.2D1A903BB9B117B2180C998CF94CF722.d.B529ADBA94B11C1211A1681BB8018236.e.18711","ELEMENT":"f.2D1A903BB9B117B2180C998CF94CF722.d.B529ADBA94B11C1211A1681BB8018236.e.18711"}]}
COMMAND: POST /session/0157ef9fabb145ee7fb2a1f3feebe51f/execute/sync - {"script":"<script> [5351 bytes]","args":[{"element-6066-11e4-a52e-4f735466cecf":"f.2D1A903BB9B117B2180C998CF94CF722.d.B529ADBA94B11C1211A1681BB8018236.e.18711","ELEMENT":"f.2D1A903BB9B117B2180C998CF94CF722.d.B529ADBA94B11C1211A1681BB8018236.e.18711"}]}
COMMAND: GET /session/0157ef9fabb145ee7fb2a1f3feebe51f/screenshot - {}
RESULT: {"script":"<script> [5351 bytes]","args":[{"element-6066-11e4-a52e-4f735466cecf":"f.2D1A903BB9B117B2180C998CF94CF722.d.B529ADBA94B11C1211A1681BB8018236.e.18711","ELEMENT":"f.2D1A903BB9B117B2180C998CF94CF722.d.B529ADBA94B11C1211A1681BB8018236.e.18711"}]}
COMMAND: POST /session/0157ef9fabb145ee7fb2a1f3feebe51f/element - {"using":"css selector","value":"#shell-header-logo"}
COMMAND: GET /session/0157ef9fabb145ee7fb2a1f3feebe51f/screenshot - {}
RESULT: {}
RESULT: {"using":"css selector","value":"#shell-header-logo"}
COMMAND: POST /session/0157ef9fabb145ee7fb2a1f3feebe51f/element/f.2D1A903BB9B117B2180C998CF94CF722.d.B529ADBA94B11C1211A1681BB8018236.e.18711/click - {}
RESULT: {}
RESULT: {}
COMMAND: GET /session/0157ef9fabb145ee7fb2a1f3feebe51f/screenshot - {}
RESULT: {}
COMMAND: POST /session/0157ef9fabb145ee7fb2a1f3feebe51f/execute/async - {"script":"<script> [189 bytes]","args":[]}
RESULT: {"script":"<script> [189 bytes]","args":[]}
COMMAND: POST /session/0157ef9fabb145ee7fb2a1f3feebe51f/execute/async - {"script":"<script> [123 bytes]","args":[]}
RESULT: {"script":"<script> [123 bytes]","args":[]}
COMMAND: POST /session/0157ef9fabb145ee7fb2a1f3feebe51f/timeouts - {"script":"<number>"}
RESULT: {"script":"<number>"}
COMMAND: GET /session/0157ef9fabb145ee7fb2a1f3feebe51f/timeouts - {}
RESULT: {}
RESULT: undefined
COMMAND: POST /session/0157ef9fabb145ee7fb2a1f3feebe51f/execute/async - {"script":"<script> [2676 bytes]","args":[]}
RESULT: {"script":"<script> [2676 bytes]","args":[]}
COMMAND: POST /session/0157ef9fabb145ee7fb2a1f3feebe51f/execute/async - {"script":"<script> [2342 bytes]","args":[{"protocol":"http","hostname":"0.0.0.0","path":"/","capabilities":{"browserName":"chrome","goog:chromeOptions":{"binary":"C:\\Program Files\\Google\\Chrome\\Application\\chrome.exe","args":["--start-maximized"]}},"logLevel":"warn","connectionRetryTimeout":120000,"connectionRetryCount":3,"logLevels":{},"enableDirectConnect":true,"strictSSL":true,"_":"65 more keys: [\"cacheDir\",\"port\",\"requestedCapabilities\",\"automationProtocol\",\"baseUrl\",\"waitforInterval\",\"waitforTimeout\",\"onReload\",\"beforeCommand\",\"afterCommand\",\"rootDir\",\"specs\",\"suites\",\"exclude\",\"groupLogsByTestSpec\",\"excludeDriverLogs\",\"bail\",\"framework\",\"reporters\",\"services\",\"maxInstances\",\"maxInstancesPerCapability\",\"injectGlobals\",\"filesToWatch\",\"execArgv\",\"runnerEnv\",\"runner\",\"shard\",\"specFileRetries\",\"specFileRetriesDelay\",\"specFileRetriesDeferred\",\"reporterSyncInterval\",\"reporterSyncTimeout\",\"cucumberFeaturesWithLineNumbers\",\"autoCompileOpts\",\"mochaOpts\",\"jasmineOpts\",\"cucumberOpts\",\"onPrepare\",\"onWorkerStart\",\"onWorkerEnd\",\"before\",\"beforeSession\",\"beforeSuite\",\"beforeHook\",\"beforeTest\",\"afterTest\",\"afterHook\",\"afterSuite\",\"afterSession\",\"after\",\"onComplete\",\"beforeAssertion\",\"afterAssertion\",\"beforeFeature\",\"beforeScenario\",\"beforeStep\",\"afterStep\",\"afterScenario\",\"afterFeature\",\"_\",\"suite\",\"$0\",\"ignoredWorkerServices\",\"wdi5\"]"}]}
RESULT: {"script":"<script> [2342 bytes]","args":[{"protocol":"http","hostname":"0.0.0.0","path":"/","capabilities":{"browserName":"chrome","goog:chromeOptions":{"binary":"C:\\Program Files\\Google\\Chrome\\Application\\chrome.exe","args":["--start-maximized"]}},"logLevel":"warn","connectionRetryTimeout":120000,"connectionRetryCount":3,"logLevels":{},"enableDirectConnect":true,"strictSSL":true,"_":"65 more keys: [\"cacheDir\",\"port\",\"requestedCapabilities\",\"automationProtocol\",\"baseUrl\",\"waitforInterval\",\"waitforTimeout\",\"onReload\",\"beforeCommand\",\"afterCommand\",\"rootDir\",\"specs\",\"suites\",\"exclude\",\"groupLogsByTestSpec\",\"excludeDriverLogs\",\"bail\",\"framework\",\"reporters\",\"services\",\"maxInstances\",\"maxInstancesPerCapability\",\"injectGlobals\",\"filesToWatch\",\"execArgv\",\"runnerEnv\",\"runner\",\"shard\",\"specFileRetries\",\"specFileRetriesDelay\",\"specFileRetriesDeferred\",\"reporterSyncInterval\",\"reporterSyncTimeout\",\"cucumberFeaturesWithLineNumbers\",\"autoCompileOpts\",\"mochaOpts\",\"jasmineOpts\",\"cucumberOpts\",\"onPrepare\",\"onWorkerStart\",\"onWorkerEnd\",\"before\",\"beforeSession\",\"beforeSuite\",\"beforeHook\",\"beforeTest\",\"afterTest\",\"afterHook\",\"afterSuite\",\"afterSession\",\"after\",\"onComplete\",\"beforeAssertion\",\"afterAssertion\",\"beforeFeature\",\"beforeScenario\",\"beforeStep\",\"afterStep\",\"afterScenario\",\"afterFeature\",\"_\",\"suite\",\"$0\",\"ignoredWorkerServices\",\"wdi5\"]"}]}
COMMAND: POST /session/0157ef9fabb145ee7fb2a1f3feebe51f/execute/async - {"script":"<script> [21126 bytes]","args":[35000]}
RESULT: {"script":"<script> [21126 bytes]","args":[35000]}
COMMAND: POST /session/0157ef9fabb145ee7fb2a1f3feebe51f/window/maximize - {}
RESULT: {}
COMMAND: POST /session/0157ef9fabb145ee7fb2a1f3feebe51f/execute/async - {"script":"<script> [1562 bytes]","args":[{"selector":{"id":"shell-header","interaction":{"idSuffix":"icon"}},"wdio_ui5_key":"shellheader"}]}
COMMAND: GET /session/0157ef9fabb145ee7fb2a1f3feebe51f/screenshot - {}
RESULT: {"script":"<script> [1562 bytes]","args":[{"selector":{"id":"shell-header","interaction":{"idSuffix":"icon"}},"wdio_ui5_key":"shellheader"}]}
RESULT: undefined
COMMAND: POST /session/0157ef9fabb145ee7fb2a1f3feebe51f/refresh - {}
RESULT: {}
RESULT: {}
COMMAND: GET /session/0157ef9fabb145ee7fb2a1f3feebe51f/screenshot - {}
RESULT: {}
COMMAND: POST /session/0157ef9fabb145ee7fb2a1f3feebe51f/refresh - {}
RESULT: {}
COMMAND: GET /session/0157ef9fabb145ee7fb2a1f3feebe51f/screenshot - {}
RESULT: {}
COMMAND: POST /session/0157ef9fabb145ee7fb2a1f3feebe51f/execute/async - {"script":"<script> [189 bytes]","args":[]}
RESULT: {"script":"<script> [189 bytes]","args":[]}
COMMAND: POST /session/0157ef9fabb145ee7fb2a1f3feebe51f/execute/async - {"script":"<script> [123 bytes]","args":[]}
RESULT: {"script":"<script> [123 bytes]","args":[]}
COMMAND: POST /session/0157ef9fabb145ee7fb2a1f3feebe51f/timeouts - {"script":"<number>"}
RESULT: {"script":"<number>"}
COMMAND: GET /session/0157ef9fabb145ee7fb2a1f3feebe51f/timeouts - {}
RESULT: {}
RESULT: undefined
COMMAND: POST /session/0157ef9fabb145ee7fb2a1f3feebe51f/execute/async - {"script":"<script> [2676 bytes]","args":[]}
RESULT: {"script":"<script> [2676 bytes]","args":[]}
COMMAND: POST /session/0157ef9fabb145ee7fb2a1f3feebe51f/execute/async - {"script":"<script> [2342 bytes]","args":[{"protocol":"http","hostname":"0.0.0.0","path":"/","capabilities":{"browserName":"chrome","goog:chromeOptions":{"binary":"C:\\Program Files\\Google\\Chrome\\Application\\chrome.exe","args":["--start-maximized"]}},"logLevel":"warn","connectionRetryTimeout":120000,"connectionRetryCount":3,"logLevels":{},"enableDirectConnect":true,"strictSSL":true,"_":"65 more keys: [\"cacheDir\",\"port\",\"requestedCapabilities\",\"automationProtocol\",\"baseUrl\",\"waitforInterval\",\"waitforTimeout\",\"onReload\",\"beforeCommand\",\"afterCommand\",\"rootDir\",\"specs\",\"suites\",\"exclude\",\"groupLogsByTestSpec\",\"excludeDriverLogs\",\"bail\",\"framework\",\"reporters\",\"services\",\"maxInstances\",\"maxInstancesPerCapability\",\"injectGlobals\",\"filesToWatch\",\"execArgv\",\"runnerEnv\",\"runner\",\"shard\",\"specFileRetries\",\"specFileRetriesDelay\",\"specFileRetriesDeferred\",\"reporterSyncInterval\",\"reporterSyncTimeout\",\"cucumberFeaturesWithLineNumbers\",\"autoCompileOpts\",\"mochaOpts\",\"jasmineOpts\",\"cucumberOpts\",\"onPrepare\",\"onWorkerStart\",\"onWorkerEnd\",\"before\",\"beforeSession\",\"beforeSuite\",\"beforeHook\",\"beforeTest\",\"afterTest\",\"afterHook\",\"afterSuite\",\"afterSession\",\"after\",\"onComplete\",\"beforeAssertion\",\"afterAssertion\",\"beforeFeature\",\"beforeScenario\",\"beforeStep\",\"afterStep\",\"afterScenario\",\"afterFeature\",\"_\",\"suite\",\"$0\",\"ignoredWorkerServices\",\"wdi5\"]"}]}
RESULT: {"script":"<script> [2342 bytes]","args":[{"protocol":"http","hostname":"0.0.0.0","path":"/","capabilities":{"browserName":"chrome","goog:chromeOptions":{"binary":"C:\\Program Files\\Google\\Chrome\\Application\\chrome.exe","args":["--start-maximized"]}},"logLevel":"warn","connectionRetryTimeout":120000,"connectionRetryCount":3,"logLevels":{},"enableDirectConnect":true,"strictSSL":true,"_":"65 more keys: [\"cacheDir\",\"port\",\"requestedCapabilities\",\"automationProtocol\",\"baseUrl\",\"waitforInterval\",\"waitforTimeout\",\"onReload\",\"beforeCommand\",\"afterCommand\",\"rootDir\",\"specs\",\"suites\",\"exclude\",\"groupLogsByTestSpec\",\"excludeDriverLogs\",\"bail\",\"framework\",\"reporters\",\"services\",\"maxInstances\",\"maxInstancesPerCapability\",\"injectGlobals\",\"filesToWatch\",\"execArgv\",\"runnerEnv\",\"runner\",\"shard\",\"specFileRetries\",\"specFileRetriesDelay\",\"specFileRetriesDeferred\",\"reporterSyncInterval\",\"reporterSyncTimeout\",\"cucumberFeaturesWithLineNumbers\",\"autoCompileOpts\",\"mochaOpts\",\"jasmineOpts\",\"cucumberOpts\",\"onPrepare\",\"onWorkerStart\",\"onWorkerEnd\",\"before\",\"beforeSession\",\"beforeSuite\",\"beforeHook\",\"beforeTest\",\"afterTest\",\"afterHook\",\"afterSuite\",\"afterSession\",\"after\",\"onComplete\",\"beforeAssertion\",\"afterAssertion\",\"beforeFeature\",\"beforeScenario\",\"beforeStep\",\"afterStep\",\"afterScenario\",\"afterFeature\",\"_\",\"suite\",\"$0\",\"ignoredWorkerServices\",\"wdi5\"]"}]}
COMMAND: POST /session/0157ef9fabb145ee7fb2a1f3feebe51f/execute/async - {"script":"<script> [21126 bytes]","args":[35000]}
RESULT: {"script":"<script> [21126 bytes]","args":[35000]}
]]></system-out>
    </testcase>
  </testsuite>
  <testsuite timestamp="2025-04-17T06:31:12" time="1301.887" tests="20" failures="0" errors="0" skipped="0">
    <properties>
      <property name="specId" value="0"/>
      <property name="suiteName" value="Billing Calculation - Time based (considering transport times) US139738"/>
      <property name="capabilities" value="chrome.135_0_7049_42.windows"/>
      <property name="file" value="file:///D:/a/1/s/test/specs/BTS/billing-calculation-transp-times.spec.js"/>
    </properties>
    <testcase classname="chrome.135_0_7049_42.windows.Billing_Calculation_-_Time_based_(considering_transport_times)_US139738" name="Should create a new yard" time="2.219">
      <system-out><![CDATA[
COMMAND: POST /session/0157ef9fabb145ee7fb2a1f3feebe51f/window/fullscreen - {}
RESULT: {}
]]></system-out>
    </testcase>
    <testcase classname="chrome.135_0_7049_42.windows.Billing_Calculation_-_Time_based_(considering_transport_times)_US139738" name="Should create a new partner" time="0.004"/>
    <testcase classname="chrome.135_0_7049_42.windows.Billing_Calculation_-_Time_based_(considering_transport_times)_US139738" name="Should create a new site" time="0.003"/>
    <testcase classname="chrome.135_0_7049_42.windows.Billing_Calculation_-_Time_based_(considering_transport_times)_US139738" name="Should create the 1st equipment" time="128.885">
      <system-out><![CDATA[
COMMAND: POST /session/0157ef9fabb145ee7fb2a1f3feebe51f/execute/async - {"script":"<script> [1562 bytes]","args":[{"selector":{"controlType":"sap.m.GenericTile","properties":{"header":"Manage Resources"}},"wdio_ui5_key":"sapm.GenericTile{\"header\":\"Manage Resources\"}"}]}
RESULT: {"script":"<script> [1562 bytes]","args":[{"selector":{"controlType":"sap.m.GenericTile","properties":{"header":"Manage Resources"}},"wdio_ui5_key":"sapm.GenericTile{\"header\":\"Manage Resources\"}"}]}
RESULT: undefined
COMMAND: POST /session/0157ef9fabb145ee7fb2a1f3feebe51f/element - {"using":"xpath","value":"//*[@id=\"__tile39\"]"}
RESULT: {"using":"xpath","value":"//*[@id=\"__tile39\"]"}
COMMAND: POST /session/0157ef9fabb145ee7fb2a1f3feebe51f/element/f.2D1A903BB9B117B2180C998CF94CF722.d.26242B1142895693158BF7B1006E163A.e.18861/click - {}
RESULT: {}
COMMAND: POST /session/0157ef9fabb145ee7fb2a1f3feebe51f/element - {"using":"xpath","value":"//button[@data-kt=\"addNewRUOverflowToolbarButton\"]"}
COMMAND: GET /session/0157ef9fabb145ee7fb2a1f3feebe51f/screenshot - {}
RESULT: {"using":"xpath","value":"//button[@data-kt=\"addNewRUOverflowToolbarButton\"]"}
COMMAND: POST /session/0157ef9fabb145ee7fb2a1f3feebe51f/elements - {"using":"xpath","value":"//button[@data-kt=\"addNewRUOverflowToolbarButton\"]"}
RESULT: {}
RESULT: {"using":"xpath","value":"//button[@data-kt=\"addNewRUOverflowToolbarButton\"]"}
COMMAND: POST /session/0157ef9fabb145ee7fb2a1f3feebe51f/elements - {"using":"xpath","value":"//button[@data-kt=\"addNewRUOverflowToolbarButton\"]"}
RESULT: {"using":"xpath","value":"//button[@data-kt=\"addNewRUOverflowToolbarButton\"]"}
RESULT: undefined
COMMAND: POST /session/0157ef9fabb145ee7fb2a1f3feebe51f/elements - {"using":"xpath","value":"//button[@data-kt=\"addNewRUOverflowToolbarButton\"]"}
RESULT: {"using":"xpath","value":"//button[@data-kt=\"addNewRUOverflowToolbarButton\"]"}
COMMAND: POST /session/0157ef9fabb145ee7fb2a1f3feebe51f/elements - {"using":"xpath","value":"//button[@data-kt=\"addNewRUOverflowToolbarButton\"]"}
RESULT: {"using":"xpath","value":"//button[@data-kt=\"addNewRUOverflowToolbarButton\"]"}
COMMAND: POST /session/0157ef9fabb145ee7fb2a1f3feebe51f/elements - {"using":"xpath","value":"//button[@data-kt=\"addNewRUOverflowToolbarButton\"]"}
RESULT: {"using":"xpath","value":"//button[@data-kt=\"addNewRUOverflowToolbarButton\"]"}
COMMAND: POST /session/0157ef9fabb145ee7fb2a1f3feebe51f/elements - {"using":"xpath","value":"//button[@data-kt=\"addNewRUOverflowToolbarButton\"]"}
RESULT: {"using":"xpath","value":"//button[@data-kt=\"addNewRUOverflowToolbarButton\"]"}
COMMAND: POST /session/0157ef9fabb145ee7fb2a1f3feebe51f/elements - {"using":"xpath","value":"//button[@data-kt=\"addNewRUOverflowToolbarButton\"]"}
RESULT: {"using":"xpath","value":"//button[@data-kt=\"addNewRUOverflowToolbarButton\"]"}
COMMAND: POST /session/0157ef9fabb145ee7fb2a1f3feebe51f/elements - {"using":"xpath","value":"//button[@data-kt=\"addNewRUOverflowToolbarButton\"]"}
RESULT: {"using":"xpath","value":"//button[@data-kt=\"addNewRUOverflowToolbarButton\"]"}
COMMAND: POST /session/0157ef9fabb145ee7fb2a1f3feebe51f/elements - {"using":"xpath","value":"//button[@data-kt=\"addNewRUOverflowToolbarButton\"]"}
RESULT: {"using":"xpath","value":"//button[@data-kt=\"addNewRUOverflowToolbarButton\"]"}
COMMAND: POST /session/0157ef9fabb145ee7fb2a1f3feebe51f/elements - {"using":"xpath","value":"//button[@data-kt=\"addNewRUOverflowToolbarButton\"]"}
RESULT: {"using":"xpath","value":"//button[@data-kt=\"addNewRUOverflowToolbarButton\"]"}
COMMAND: POST /session/0157ef9fabb145ee7fb2a1f3feebe51f/elements - {"using":"xpath","value":"//button[@data-kt=\"addNewRUOverflowToolbarButton\"]"}
RESULT: {"using":"xpath","value":"//button[@data-kt=\"addNewRUOverflowToolbarButton\"]"}
COMMAND: POST /session/0157ef9fabb145ee7fb2a1f3feebe51f/elements - {"using":"xpath","value":"//button[@data-kt=\"addNewRUOverflowToolbarButton\"]"}
RESULT: {"using":"xpath","value":"//button[@data-kt=\"addNewRUOverflowToolbarButton\"]"}
COMMAND: POST /session/0157ef9fabb145ee7fb2a1f3feebe51f/elements - {"using":"xpath","value":"//button[@data-kt=\"addNewRUOverflowToolbarButton\"]"}
RESULT: {"using":"xpath","value":"//button[@data-kt=\"addNewRUOverflowToolbarButton\"]"}
COMMAND: POST /session/0157ef9fabb145ee7fb2a1f3feebe51f/elements - {"using":"xpath","value":"//button[@data-kt=\"addNewRUOverflowToolbarButton\"]"}
RESULT: {"using":"xpath","value":"//button[@data-kt=\"addNewRUOverflowToolbarButton\"]"}
COMMAND: POST /session/0157ef9fabb145ee7fb2a1f3feebe51f/elements - {"using":"xpath","value":"//button[@data-kt=\"addNewRUOverflowToolbarButton\"]"}
RESULT: {"using":"xpath","value":"//button[@data-kt=\"addNewRUOverflowToolbarButton\"]"}
COMMAND: POST /session/0157ef9fabb145ee7fb2a1f3feebe51f/elements - {"using":"xpath","value":"//button[@data-kt=\"addNewRUOverflowToolbarButton\"]"}
RESULT: {"using":"xpath","value":"//button[@data-kt=\"addNewRUOverflowToolbarButton\"]"}
COMMAND: POST /session/0157ef9fabb145ee7fb2a1f3feebe51f/elements - {"using":"xpath","value":"//button[@data-kt=\"addNewRUOverflowToolbarButton\"]"}
RESULT: {"using":"xpath","value":"//button[@data-kt=\"addNewRUOverflowToolbarButton\"]"}
COMMAND: POST /session/0157ef9fabb145ee7fb2a1f3feebe51f/elements - {"using":"xpath","value":"//button[@data-kt=\"addNewRUOverflowToolbarButton\"]"}
RESULT: {"using":"xpath","value":"//button[@data-kt=\"addNewRUOverflowToolbarButton\"]"}
COMMAND: POST /session/0157ef9fabb145ee7fb2a1f3feebe51f/elements - {"using":"xpath","value":"//button[@data-kt=\"addNewRUOverflowToolbarButton\"]"}
RESULT: {"using":"xpath","value":"//button[@data-kt=\"addNewRUOverflowToolbarButton\"]"}
COMMAND: POST /session/0157ef9fabb145ee7fb2a1f3feebe51f/elements - {"using":"xpath","value":"//button[@data-kt=\"addNewRUOverflowToolbarButton\"]"}
RESULT: {"using":"xpath","value":"//button[@data-kt=\"addNewRUOverflowToolbarButton\"]"}
COMMAND: POST /session/0157ef9fabb145ee7fb2a1f3feebe51f/element - {"using":"xpath","value":"//button[@data-kt=\"addNewRUOverflowToolbarButton\"]"}
RESULT: {"using":"xpath","value":"//button[@data-kt=\"addNewRUOverflowToolbarButton\"]"}
COMMAND: POST /session/0157ef9fabb145ee7fb2a1f3feebe51f/execute/sync - {"script":"<script> [8489 bytes]","args":[{"element-6066-11e4-a52e-4f735466cecf":"f.2D1A903BB9B117B2180C998CF94CF722.d.26242B1142895693158BF7B1006E163A.e.19002","ELEMENT":"f.2D1A903BB9B117B2180C998CF94CF722.d.26242B1142895693158BF7B1006E163A.e.19002"}]}
RESULT: {"script":"<script> [8489 bytes]","args":[{"element-6066-11e4-a52e-4f735466cecf":"f.2D1A903BB9B117B2180C998CF94CF722.d.26242B1142895693158BF7B1006E163A.e.19002","ELEMENT":"f.2D1A903BB9B117B2180C998CF94CF722.d.26242B1142895693158BF7B1006E163A.e.19002"}]}
COMMAND: GET /session/0157ef9fabb145ee7fb2a1f3feebe51f/element/f.2D1A903BB9B117B2180C998CF94CF722.d.26242B1142895693158BF7B1006E163A.e.19002/enabled - {}
COMMAND: GET /session/0157ef9fabb145ee7fb2a1f3feebe51f/screenshot - {}
RESULT: {}
COMMAND: POST /session/0157ef9fabb145ee7fb2a1f3feebe51f/execute/sync - {"script":"<script> [8489 bytes]","args":[{"element-6066-11e4-a52e-4f735466cecf":"f.2D1A903BB9B117B2180C998CF94CF722.d.26242B1142895693158BF7B1006E163A.e.19002","ELEMENT":"f.2D1A903BB9B117B2180C998CF94CF722.d.26242B1142895693158BF7B1006E163A.e.19002"}]}
COMMAND: GET /session/0157ef9fabb145ee7fb2a1f3feebe51f/screenshot - {}
RESULT: {}
RESULT: {"script":"<script> [8489 bytes]","args":[{"element-6066-11e4-a52e-4f735466cecf":"f.2D1A903BB9B117B2180C998CF94CF722.d.26242B1142895693158BF7B1006E163A.e.19002","ELEMENT":"f.2D1A903BB9B117B2180C998CF94CF722.d.26242B1142895693158BF7B1006E163A.e.19002"}]}
COMMAND: POST /session/0157ef9fabb145ee7fb2a1f3feebe51f/execute/sync - {"script":"<script> [5351 bytes]","args":[{"element-6066-11e4-a52e-4f735466cecf":"f.2D1A903BB9B117B2180C998CF94CF722.d.26242B1142895693158BF7B1006E163A.e.19002","ELEMENT":"f.2D1A903BB9B117B2180C998CF94CF722.d.26242B1142895693158BF7B1006E163A.e.19002"}]}
COMMAND: GET /session/0157ef9fabb145ee7fb2a1f3feebe51f/screenshot - {}
RESULT: {}
RESULT: {"script":"<script> [5351 bytes]","args":[{"element-6066-11e4-a52e-4f735466cecf":"f.2D1A903BB9B117B2180C998CF94CF722.d.26242B1142895693158BF7B1006E163A.e.19002","ELEMENT":"f.2D1A903BB9B117B2180C998CF94CF722.d.26242B1142895693158BF7B1006E163A.e.19002"}]}
COMMAND: POST /session/0157ef9fabb145ee7fb2a1f3feebe51f/element/f.2D1A903BB9B117B2180C998CF94CF722.d.26242B1142895693158BF7B1006E163A.e.19002/click - {}
COMMAND: GET /session/0157ef9fabb145ee7fb2a1f3feebe51f/screenshot - {}
RESULT: {}
RESULT: {}
COMMAND: GET /session/0157ef9fabb145ee7fb2a1f3feebe51f/screenshot - {}
COMMAND: POST /session/0157ef9fabb145ee7fb2a1f3feebe51f/execute/async - {"script":"<script> [1562 bytes]","args":[{"selector":{"id":"application-manageresources-display-component---newResourceUnit--TYPE-arrow"},"wdio_ui5_key":"applicationmanageresources-display-component---newResourceUnit--TYPE-arrow"}]}
RESULT: {}
RESULT: {}
RESULT: {"script":"<script> [1562 bytes]","args":[{"selector":{"id":"application-manageresources-display-component---newResourceUnit--TYPE-arrow"},"wdio_ui5_key":"applicationmanageresources-display-component---newResourceUnit--TYPE-arrow"}]}
RESULT: undefined
COMMAND: POST /session/0157ef9fabb145ee7fb2a1f3feebe51f/element - {"using":"xpath","value":"//*[@id=\"application-manageresources-display-component---newResourceUnit--TYPE-arrow\"]"}
RESULT: {"using":"xpath","value":"//*[@id=\"application-manageresources-display-component---newResourceUnit--TYPE-arrow\"]"}
COMMAND: POST /session/0157ef9fabb145ee7fb2a1f3feebe51f/element/f.2D1A903BB9B117B2180C998CF94CF722.d.26242B1142895693158BF7B1006E163A.e.19364/click - {}
RESULT: {}
COMMAND: POST /session/0157ef9fabb145ee7fb2a1f3feebe51f/element - {"using":"xpath","value":"//input[@id=\"application-manageresources-display-component---newResourceUnit--TYPE-inner\"]"}
COMMAND: GET /session/0157ef9fabb145ee7fb2a1f3feebe51f/screenshot - {}
RESULT: {"using":"xpath","value":"//input[@id=\"application-manageresources-display-component---newResourceUnit--TYPE-inner\"]"}
COMMAND: POST /session/0157ef9fabb145ee7fb2a1f3feebe51f/element/f.2D1A903BB9B117B2180C998CF94CF722.d.26242B1142895693158BF7B1006E163A.e.19358/clear - {}
RESULT: {}
RESULT: {}
COMMAND: POST /session/0157ef9fabb145ee7fb2a1f3feebe51f/element/f.2D1A903BB9B117B2180C998CF94CF722.d.26242B1142895693158BF7B1006E163A.e.19358/value - {"text":"Equipment"}
COMMAND: GET /session/0157ef9fabb145ee7fb2a1f3feebe51f/screenshot - {}
RESULT: {"text":"Equipment"}
COMMAND: GET /session/0157ef9fabb145ee7fb2a1f3feebe51f/screenshot - {}
RESULT: {}
RESULT: {}
COMMAND: POST /session/0157ef9fabb145ee7fb2a1f3feebe51f/actions - {"actions":[{"id":"action63","type":"key","parameters":{},"actions":[{"type":"keyDown","value":""},{"type":"pause","duration":10},{"type":"keyUp","value":""}]}]}
RESULT: {"actions":[{"id":"action63","type":"key","parameters":{},"actions":[{"type":"keyDown","value":""},{"type":"pause","duration":10},{"type":"keyUp","value":""}]}]}
COMMAND: POST /session/0157ef9fabb145ee7fb2a1f3feebe51f/execute/async - {"script":"<script> [1562 bytes]","args":[{"selector":{"id":"application-manageresources-display-component---newResourceUnit--resourceId","interaction":{"idSuffix":"inner"}},"wdio_ui5_key":"applicationmanageresources-display-component---newResourceUnit--resourceId"}]}
COMMAND: GET /session/0157ef9fabb145ee7fb2a1f3feebe51f/screenshot - {}
RESULT: {"script":"<script> [1562 bytes]","args":[{"selector":{"id":"application-manageresources-display-component---newResourceUnit--resourceId","interaction":{"idSuffix":"inner"}},"wdio_ui5_key":"applicationmanageresources-display-component---newResourceUnit--resourceId"}]}
RESULT: undefined
COMMAND: POST /session/0157ef9fabb145ee7fb2a1f3feebe51f/execute/async - {"script":"<script> [776 bytes]","args":[{"enterText":"7gKYor5olx","selector":{"id":"application-manageresources-display-component---newResourceUnit--resourceId","interaction":{"idSuffix":"inner"}},"clearTextFirst":true,"interactionType":"ENTER_TEXT"}]}
RESULT: {}
RESULT: {"script":"<script> [776 bytes]","args":[{"enterText":"7gKYor5olx","selector":{"id":"application-manageresources-display-component---newResourceUnit--resourceId","interaction":{"idSuffix":"inner"}},"clearTextFirst":true,"interactionType":"ENTER_TEXT"}]}
COMMAND: POST /session/0157ef9fabb145ee7fb2a1f3feebe51f/execute/async - {"script":"<script> [1562 bytes]","args":[{"selector":{"id":"application-manageresources-display-component---newResourceUnit--SHORT_TEXT","interaction":{"idSuffix":"inner"}},"wdio_ui5_key":"applicationmanageresources-display-component---newResourceUnit--SHORT_TEXT"}]}
RESULT: {"script":"<script> [1562 bytes]","args":[{"selector":{"id":"application-manageresources-display-component---newResourceUnit--SHORT_TEXT","interaction":{"idSuffix":"inner"}},"wdio_ui5_key":"applicationmanageresources-display-component---newResourceUnit--SHORT_TEXT"}]}
RESULT: undefined
COMMAND: POST /session/0157ef9fabb145ee7fb2a1f3feebe51f/execute/async - {"script":"<script> [776 bytes]","args":[{"enterText":"Intercompany Equipment WDIO","selector":{"id":"application-manageresources-display-component---newResourceUnit--SHORT_TEXT","interaction":{"idSuffix":"inner"}},"clearTextFirst":true,"interactionType":"ENTER_TEXT"}]}
RESULT: {"script":"<script> [776 bytes]","args":[{"enterText":"Intercompany Equipment WDIO","selector":{"id":"application-manageresources-display-component---newResourceUnit--SHORT_TEXT","interaction":{"idSuffix":"inner"}},"clearTextFirst":true,"interactionType":"ENTER_TEXT"}]}
COMMAND: POST /session/0157ef9fabb145ee7fb2a1f3feebe51f/execute/async - {"script":"<script> [1562 bytes]","args":[{"selector":{"id":"application-manageresources-display-component---newResourceUnit--BASE_UNIT_OF_MEASURE","interaction":{"idSuffix":"inner"}},"wdio_ui5_key":"applicationmanageresources-display-component---newResourceUnit--BASE_UNIT_OF_MEASURE"}]}
RESULT: {"script":"<script> [1562 bytes]","args":[{"selector":{"id":"application-manageresources-display-component---newResourceUnit--BASE_UNIT_OF_MEASURE","interaction":{"idSuffix":"inner"}},"wdio_ui5_key":"applicationmanageresources-display-component---newResourceUnit--BASE_UNIT_OF_MEASURE"}]}
RESULT: undefined
COMMAND: POST /session/0157ef9fabb145ee7fb2a1f3feebe51f/execute/async - {"script":"<script> [776 bytes]","args":[{"enterText":"Piece","selector":{"id":"application-manageresources-display-component---newResourceUnit--BASE_UNIT_OF_MEASURE","interaction":{"idSuffix":"inner"}},"clearTextFirst":true,"interactionType":"ENTER_TEXT"}]}
RESULT: {"script":"<script> [776 bytes]","args":[{"enterText":"Piece","selector":{"id":"application-manageresources-display-component---newResourceUnit--BASE_UNIT_OF_MEASURE","interaction":{"idSuffix":"inner"}},"clearTextFirst":true,"interactionType":"ENTER_TEXT"}]}
COMMAND: POST /session/0157ef9fabb145ee7fb2a1f3feebe51f/execute/async - {"script":"<script> [1562 bytes]","args":[{"selector":{"id":"application-manageresources-display-component---newResourceUnit--WEIGHT_UNIT","interaction":{"idSuffix":"inner"}},"wdio_ui5_key":"applicationmanageresources-display-component---newResourceUnit--WEIGHT_UNIT"}]}
RESULT: {"script":"<script> [1562 bytes]","args":[{"selector":{"id":"application-manageresources-display-component---newResourceUnit--WEIGHT_UNIT","interaction":{"idSuffix":"inner"}},"wdio_ui5_key":"applicationmanageresources-display-component---newResourceUnit--WEIGHT_UNIT"}]}
RESULT: undefined
COMMAND: POST /session/0157ef9fabb145ee7fb2a1f3feebe51f/execute/async - {"script":"<script> [776 bytes]","args":[{"enterText":"Gram","selector":{"id":"application-manageresources-display-component---newResourceUnit--WEIGHT_UNIT","interaction":{"idSuffix":"inner"}},"clearTextFirst":true,"interactionType":"ENTER_TEXT"}]}
RESULT: {"script":"<script> [776 bytes]","args":[{"enterText":"Gram","selector":{"id":"application-manageresources-display-component---newResourceUnit--WEIGHT_UNIT","interaction":{"idSuffix":"inner"}},"clearTextFirst":true,"interactionType":"ENTER_TEXT"}]}
COMMAND: POST /session/0157ef9fabb145ee7fb2a1f3feebe51f/execute/async - {"script":"<script> [1562 bytes]","args":[{"selector":{"id":"application-manageresources-display-component---newResourceUnit--DIMENSION_UNIT","interaction":{"idSuffix":"inner"}},"wdio_ui5_key":"applicationmanageresources-display-component---newResourceUnit--DIMENSION_UNIT"}]}
RESULT: {"script":"<script> [1562 bytes]","args":[{"selector":{"id":"application-manageresources-display-component---newResourceUnit--DIMENSION_UNIT","interaction":{"idSuffix":"inner"}},"wdio_ui5_key":"applicationmanageresources-display-component---newResourceUnit--DIMENSION_UNIT"}]}
RESULT: undefined
COMMAND: POST /session/0157ef9fabb145ee7fb2a1f3feebe51f/execute/async - {"script":"<script> [776 bytes]","args":[{"enterText":"Meter","selector":{"id":"application-manageresources-display-component---newResourceUnit--DIMENSION_UNIT","interaction":{"idSuffix":"inner"}},"clearTextFirst":true,"interactionType":"ENTER_TEXT"}]}
RESULT: {"script":"<script> [776 bytes]","args":[{"enterText":"Meter","selector":{"id":"application-manageresources-display-component---newResourceUnit--DIMENSION_UNIT","interaction":{"idSuffix":"inner"}},"clearTextFirst":true,"interactionType":"ENTER_TEXT"}]}
COMMAND: POST /session/0157ef9fabb145ee7fb2a1f3feebe51f/execute/async - {"script":"<script> [1562 bytes]","args":[{"selector":{"id":"application-manageresources-display-component---newResourceUnit--newRRUPage-anchBar-application-manageresources-display-component---newResourceUnit--control-anchor","interaction":{"idSuffix":"BDI-content"}},"wdio_ui5_key":"applicationmanageresources-display-component---newResourceUnit--newRRUPage-anchBar-application-manageresources-display-component---newResourceUnit--control-anchor"}]}
RESULT: {"script":"<script> [1562 bytes]","args":[{"selector":{"id":"application-manageresources-display-component---newResourceUnit--newRRUPage-anchBar-application-manageresources-display-component---newResourceUnit--control-anchor","interaction":{"idSuffix":"BDI-content"}},"wdio_ui5_key":"applicationmanageresources-display-component---newResourceUnit--newRRUPage-anchBar-application-manageresources-display-component---newResourceUnit--control-anchor"}]}
RESULT: undefined
COMMAND: POST /session/0157ef9fabb145ee7fb2a1f3feebe51f/element - {"using":"xpath","value":"//*[@id=\"application-manageresources-display-component---newResourceUnit--newRRUPage-anchBar-application-manageresources-display-component---newResourceUnit--control-anchor\"]"}
RESULT: {"using":"xpath","value":"//*[@id=\"application-manageresources-display-component---newResourceUnit--newRRUPage-anchBar-application-manageresources-display-component---newResourceUnit--control-anchor\"]"}
COMMAND: POST /session/0157ef9fabb145ee7fb2a1f3feebe51f/element/f.2D1A903BB9B117B2180C998CF94CF722.d.26242B1142895693158BF7B1006E163A.e.19497/click - {}
RESULT: {}
COMMAND: POST /session/0157ef9fabb145ee7fb2a1f3feebe51f/execute/async - {"script":"<script> [1562 bytes]","args":[{"selector":{"id":"application-manageresources-display-component---newResourceUnit--PLANNING_GROUP","interaction":{"idSuffix":"inner"}},"wdio_ui5_key":"applicationmanageresources-display-component---newResourceUnit--PLANNING_GROUP"}]}
COMMAND: GET /session/0157ef9fabb145ee7fb2a1f3feebe51f/screenshot - {}
RESULT: {"script":"<script> [1562 bytes]","args":[{"selector":{"id":"application-manageresources-display-component---newResourceUnit--PLANNING_GROUP","interaction":{"idSuffix":"inner"}},"wdio_ui5_key":"applicationmanageresources-display-component---newResourceUnit--PLANNING_GROUP"}]}
RESULT: undefined
COMMAND: POST /session/0157ef9fabb145ee7fb2a1f3feebe51f/execute/async - {"script":"<script> [776 bytes]","args":[{"enterText":"Heavy Equi","selector":{"id":"application-manageresources-display-component---newResourceUnit--PLANNING_GROUP","interaction":{"idSuffix":"inner"}},"clearTextFirst":true,"interactionType":"ENTER_TEXT"}]}
RESULT: {}
RESULT: {"script":"<script> [776 bytes]","args":[{"enterText":"Heavy Equi","selector":{"id":"application-manageresources-display-component---newResourceUnit--PLANNING_GROUP","interaction":{"idSuffix":"inner"}},"clearTextFirst":true,"interactionType":"ENTER_TEXT"}]}
COMMAND: POST /session/0157ef9fabb145ee7fb2a1f3feebe51f/execute/async - {"script":"<script> [1562 bytes]","args":[{"selector":{"id":"application-manageresources-display-component---newResourceUnit--ITEM_TYPE-arrow"},"wdio_ui5_key":"applicationmanageresources-display-component---newResourceUnit--ITEM_TYPE-arrow"}]}
RESULT: {"script":"<script> [1562 bytes]","args":[{"selector":{"id":"application-manageresources-display-component---newResourceUnit--ITEM_TYPE-arrow"},"wdio_ui5_key":"applicationmanageresources-display-component---newResourceUnit--ITEM_TYPE-arrow"}]}
RESULT: undefined
COMMAND: POST /session/0157ef9fabb145ee7fb2a1f3feebe51f/element - {"using":"xpath","value":"//*[@id=\"application-manageresources-display-component---newResourceUnit--ITEM_TYPE-arrow\"]"}
RESULT: {"using":"xpath","value":"//*[@id=\"application-manageresources-display-component---newResourceUnit--ITEM_TYPE-arrow\"]"}
COMMAND: POST /session/0157ef9fabb145ee7fb2a1f3feebe51f/element/f.2D1A903BB9B117B2180C998CF94CF722.d.26242B1142895693158BF7B1006E163A.e.19504/click - {}
RESULT: {}
COMMAND: POST /session/0157ef9fabb145ee7fb2a1f3feebe51f/element - {"using":"xpath","value":"(//span[contains(text(), \"Resource Unit\")])[2]"}
COMMAND: GET /session/0157ef9fabb145ee7fb2a1f3feebe51f/screenshot - {}
RESULT: {"using":"xpath","value":"(//span[contains(text(), \"Resource Unit\")])[2]"}
COMMAND: POST /session/0157ef9fabb145ee7fb2a1f3feebe51f/element/f.2D1A903BB9B117B2180C998CF94CF722.d.26242B1142895693158BF7B1006E163A.e.19505/click - {}
RESULT: {}
RESULT: {}
COMMAND: GET /session/0157ef9fabb145ee7fb2a1f3feebe51f/screenshot - {}
RESULT: {}
COMMAND: POST /session/0157ef9fabb145ee7fb2a1f3feebe51f/element - {"using":"css selector","value":"#application-manageresources-display-component---newResourceUnit--btnAddTimeSegment"}
RESULT: {"using":"css selector","value":"#application-manageresources-display-component---newResourceUnit--btnAddTimeSegment"}
COMMAND: GET /session/0157ef9fabb145ee7fb2a1f3feebe51f/element/f.2D1A903BB9B117B2180C998CF94CF722.d.26242B1142895693158BF7B1006E163A.e.19506/rect - {}
RESULT: {}
COMMAND: GET /session/0157ef9fabb145ee7fb2a1f3feebe51f/window/rect - {}
RESULT: {}
COMMAND: POST /session/0157ef9fabb145ee7fb2a1f3feebe51f/execute/sync - {"script":"<script> [92 bytes]","args":[]}
RESULT: {"script":"<script> [92 bytes]","args":[]}
COMMAND: POST /session/0157ef9fabb145ee7fb2a1f3feebe51f/actions - {"actions":[{"id":"action64","type":"wheel","parameters":{},"actions":[{"type":"scroll","x":-1888,"y":-32,"deltaX":0,"deltaY":0,"duration":0,"origin":{"element-6066-11e4-a52e-4f735466cecf":"f.2D1A903BB9B117B2180C998CF94CF722.d.26242B1142895693158BF7B1006E163A.e.19506"}}]}]}
COMMAND: GET /session/0157ef9fabb145ee7fb2a1f3feebe51f/screenshot - {}
RESULT: {}
COMMAND: POST /session/0157ef9fabb145ee7fb2a1f3feebe51f/execute/sync - {"script":"<script> [79 bytes]","args":[{"element-6066-11e4-a52e-4f735466cecf":"f.2D1A903BB9B117B2180C998CF94CF722.d.26242B1142895693158BF7B1006E163A.e.19506","ELEMENT":"f.2D1A903BB9B117B2180C998CF94CF722.d.26242B1142895693158BF7B1006E163A.e.19506"},{"block":"start","inline":"nearest"}]}
RESULT: {"script":"<script> [79 bytes]","args":[{"element-6066-11e4-a52e-4f735466cecf":"f.2D1A903BB9B117B2180C998CF94CF722.d.26242B1142895693158BF7B1006E163A.e.19506","ELEMENT":"f.2D1A903BB9B117B2180C998CF94CF722.d.26242B1142895693158BF7B1006E163A.e.19506"},{"block":"start","inline":"nearest"}]}
COMMAND: POST /session/0157ef9fabb145ee7fb2a1f3feebe51f/execute/async - {"script":"<script> [1562 bytes]","args":[{"selector":{"id":"application-manageresources-display-component---newResourceUnit--btnAddTimeSegment","interaction":{"idSuffix":"inner"}},"wdio_ui5_key":"applicationmanageresources-display-component---newResourceUnit--btnAddTimeSegment"}]}
COMMAND: GET /session/0157ef9fabb145ee7fb2a1f3feebe51f/screenshot - {}
RESULT: {"script":"<script> [1562 bytes]","args":[{"selector":{"id":"application-manageresources-display-component---newResourceUnit--btnAddTimeSegment","interaction":{"idSuffix":"inner"}},"wdio_ui5_key":"applicationmanageresources-display-component---newResourceUnit--btnAddTimeSegment"}]}
RESULT: undefined
COMMAND: POST /session/0157ef9fabb145ee7fb2a1f3feebe51f/element - {"using":"xpath","value":"//*[@id=\"application-manageresources-display-component---newResourceUnit--btnAddTimeSegment\"]"}
RESULT: {}
RESULT: {"using":"xpath","value":"//*[@id=\"application-manageresources-display-component---newResourceUnit--btnAddTimeSegment\"]"}
COMMAND: POST /session/0157ef9fabb145ee7fb2a1f3feebe51f/element/f.2D1A903BB9B117B2180C998CF94CF722.d.26242B1142895693158BF7B1006E163A.e.19506/click - {}
RESULT: {}
COMMAND: GET /session/0157ef9fabb145ee7fb2a1f3feebe51f/screenshot - {}
RESULT: {}
COMMAND: POST /session/0157ef9fabb145ee7fb2a1f3feebe51f/element - {"using":"xpath","value":"//input[@id=\"application-manageresources-display-component---newResourceUnit--idRuTSAdmin-application-manageresources-display-component---newResourceUnit--RUTimeSegment-0-inner\"]"}
RESULT: {"using":"xpath","value":"//input[@id=\"application-manageresources-display-component---newResourceUnit--idRuTSAdmin-application-manageresources-display-component---newResourceUnit--RUTimeSegment-0-inner\"]"}
COMMAND: POST /session/0157ef9fabb145ee7fb2a1f3feebe51f/element/f.2D1A903BB9B117B2180C998CF94CF722.d.26242B1142895693158BF7B1006E163A.e.19512/clear - {}
RESULT: {}
COMMAND: POST /session/0157ef9fabb145ee7fb2a1f3feebe51f/element/f.2D1A903BB9B117B2180C998CF94CF722.d.26242B1142895693158BF7B1006E163A.e.19512/value - {"text":"469"}
COMMAND: GET /session/0157ef9fabb145ee7fb2a1f3feebe51f/screenshot - {}
RESULT: {"text":"469"}
COMMAND: GET /session/0157ef9fabb145ee7fb2a1f3feebe51f/screenshot - {}
RESULT: {}
RESULT: {}
COMMAND: POST /session/0157ef9fabb145ee7fb2a1f3feebe51f/element - {"using":"xpath","value":"//li[.//span[text()='469']]"}
RESULT: {"using":"xpath","value":"//li[.//span[text()='469']]"}
COMMAND: POST /session/0157ef9fabb145ee7fb2a1f3feebe51f/element/f.2D1A903BB9B117B2180C998CF94CF722.d.26242B1142895693158BF7B1006E163A.e.19524/click - {}
RESULT: {}
COMMAND: GET /session/0157ef9fabb145ee7fb2a1f3feebe51f/screenshot - {}
RESULT: {}
COMMAND: POST /session/0157ef9fabb145ee7fb2a1f3feebe51f/element - {"using":"xpath","value":"(//span[contains(@id, \"-application-manageresources-display-component---newResourceUnit--RUTimeSegment-0-arrow\")])[6]"}
RESULT: {"using":"xpath","value":"(//span[contains(@id, \"-application-manageresources-display-component---newResourceUnit--RUTimeSegment-0-arrow\")])[6]"}
COMMAND: POST /session/0157ef9fabb145ee7fb2a1f3feebe51f/element/f.2D1A903BB9B117B2180C998CF94CF722.d.26242B1142895693158BF7B1006E163A.e.19525/click - {}
RESULT: {}
COMMAND: POST /session/0157ef9fabb145ee7fb2a1f3feebe51f/element - {"using":"xpath","value":"//span[contains(text(), \"PM Order\")]"}
COMMAND: GET /session/0157ef9fabb145ee7fb2a1f3feebe51f/screenshot - {}
RESULT: {"using":"xpath","value":"//span[contains(text(), \"PM Order\")]"}
COMMAND: POST /session/0157ef9fabb145ee7fb2a1f3feebe51f/element/f.2D1A903BB9B117B2180C998CF94CF722.d.26242B1142895693158BF7B1006E163A.e.19528/click - {}
RESULT: {}
RESULT: {}
COMMAND: GET /session/0157ef9fabb145ee7fb2a1f3feebe51f/screenshot - {}
RESULT: {}
COMMAND: POST /session/0157ef9fabb145ee7fb2a1f3feebe51f/element - {"using":"xpath","value":"(//span[contains(@id ,\"manageresources-display-component---newResourceUnit--RUTimeSegment-0-vhi\")])[2]"}
RESULT: {"using":"xpath","value":"(//span[contains(@id ,\"manageresources-display-component---newResourceUnit--RUTimeSegment-0-vhi\")])[2]"}
COMMAND: POST /session/0157ef9fabb145ee7fb2a1f3feebe51f/element/f.2D1A903BB9B117B2180C998CF94CF722.d.26242B1142895693158BF7B1006E163A.e.19531/click - {}
RESULT: {}
COMMAND: GET /session/0157ef9fabb145ee7fb2a1f3feebe51f/screenshot - {}
RESULT: {}
COMMAND: POST /session/0157ef9fabb145ee7fb2a1f3feebe51f/execute/async - {"script":"<script> [1562 bytes]","args":[{"selector":{"controlType":"sap.m.SearchField","properties":{"placeholder":"Search"},"searchOpenDialogs":true,"interaction":{"idSuffix":"I"}},"wdio_ui5_key":"sapm.SearchField{\"placeholder\":\"Search\"}"}]}
RESULT: {"script":"<script> [1562 bytes]","args":[{"selector":{"controlType":"sap.m.SearchField","properties":{"placeholder":"Search"},"searchOpenDialogs":true,"interaction":{"idSuffix":"I"}},"wdio_ui5_key":"sapm.SearchField{\"placeholder\":\"Search\"}"}]}
RESULT: undefined
COMMAND: POST /session/0157ef9fabb145ee7fb2a1f3feebe51f/execute/async - {"script":"<script> [776 bytes]","args":[{"enterText":"4000360","selector":{"controlType":"sap.m.SearchField","properties":{"placeholder":"Search"},"searchOpenDialogs":true,"interaction":{"idSuffix":"I"}},"clearTextFirst":true,"interactionType":"ENTER_TEXT"}]}
RESULT: {"script":"<script> [776 bytes]","args":[{"enterText":"4000360","selector":{"controlType":"sap.m.SearchField","properties":{"placeholder":"Search"},"searchOpenDialogs":true,"interaction":{"idSuffix":"I"}},"clearTextFirst":true,"interactionType":"ENTER_TEXT"}]}
COMMAND: POST /session/0157ef9fabb145ee7fb2a1f3feebe51f/actions - {"actions":[{"id":"action65","type":"key","parameters":{},"actions":[{"type":"keyDown","value":""},{"type":"pause","duration":10},{"type":"keyUp","value":""}]}]}
RESULT: {"actions":[{"id":"action65","type":"key","parameters":{},"actions":[{"type":"keyDown","value":""},{"type":"pause","duration":10},{"type":"keyUp","value":""}]}]}
COMMAND: GET /session/0157ef9fabb145ee7fb2a1f3feebe51f/screenshot - {}
RESULT: {}
COMMAND: POST /session/0157ef9fabb145ee7fb2a1f3feebe51f/element - {"using":"xpath","value":"//td/div/span[contains(text(), \"BGL Vehicles\")]"}
RESULT: {"using":"xpath","value":"//td/div/span[contains(text(), \"BGL Vehicles\")]"}
COMMAND: POST /session/0157ef9fabb145ee7fb2a1f3feebe51f/element/f.2D1A903BB9B117B2180C998CF94CF722.d.26242B1142895693158BF7B1006E163A.e.19551/click - {}
RESULT: {}
COMMAND: GET /session/0157ef9fabb145ee7fb2a1f3feebe51f/screenshot - {}
RESULT: {}
COMMAND: POST /session/0157ef9fabb145ee7fb2a1f3feebe51f/element - {"using":"xpath","value":"//bdi[contains(text(), \"OK\")]"}
RESULT: {"using":"xpath","value":"//bdi[contains(text(), \"OK\")]"}
COMMAND: POST /session/0157ef9fabb145ee7fb2a1f3feebe51f/element/f.2D1A903BB9B117B2180C998CF94CF722.d.26242B1142895693158BF7B1006E163A.e.19552/click - {}
RESULT: {}
COMMAND: GET /session/0157ef9fabb145ee7fb2a1f3feebe51f/screenshot - {}
RESULT: {}
COMMAND: POST /session/0157ef9fabb145ee7fb2a1f3feebe51f/execute/async - {"script":"<script> [1562 bytes]","args":[{"selector":{"id":"application-manageresources-display-component---newResourceUnit--newRRUPage-anchBar-application-manageresources-display-component---newResourceUnit--resource-anchor","interaction":{"idSuffix":"BDI-content"}},"wdio_ui5_key":"applicationmanageresources-display-component---newResourceUnit--newRRUPage-anchBar-application-manageresources-display-component---newResourceUnit--resource-anchor"}]}
RESULT: {"script":"<script> [1562 bytes]","args":[{"selector":{"id":"application-manageresources-display-component---newResourceUnit--newRRUPage-anchBar-application-manageresources-display-component---newResourceUnit--resource-anchor","interaction":{"idSuffix":"BDI-content"}},"wdio_ui5_key":"applicationmanageresources-display-component---newResourceUnit--newRRUPage-anchBar-application-manageresources-display-component---newResourceUnit--resource-anchor"}]}
RESULT: undefined
COMMAND: POST /session/0157ef9fabb145ee7fb2a1f3feebe51f/element - {"using":"xpath","value":"//*[@id=\"application-manageresources-display-component---newResourceUnit--newRRUPage-anchBar-application-manageresources-display-component---newResourceUnit--resource-anchor\"]"}
RESULT: {"using":"xpath","value":"//*[@id=\"application-manageresources-display-component---newResourceUnit--newRRUPage-anchBar-application-manageresources-display-component---newResourceUnit--resource-anchor\"]"}
COMMAND: POST /session/0157ef9fabb145ee7fb2a1f3feebe51f/element/f.2D1A903BB9B117B2180C998CF94CF722.d.26242B1142895693158BF7B1006E163A.e.19556/click - {}
RESULT: {}
COMMAND: POST /session/0157ef9fabb145ee7fb2a1f3feebe51f/execute/async - {"script":"<script> [1562 bytes]","args":[{"selector":{"id":"application-manageresources-display-component---newResourceUnit--PLANNED_DELIVERY_DATE","interaction":{"idSuffix":"inner"}},"wdio_ui5_key":"applicationmanageresources-display-component---newResourceUnit--PLANNED_DELIVERY_DATE"}]}
COMMAND: GET /session/0157ef9fabb145ee7fb2a1f3feebe51f/screenshot - {}
RESULT: {"script":"<script> [1562 bytes]","args":[{"selector":{"id":"application-manageresources-display-component---newResourceUnit--PLANNED_DELIVERY_DATE","interaction":{"idSuffix":"inner"}},"wdio_ui5_key":"applicationmanageresources-display-component---newResourceUnit--PLANNED_DELIVERY_DATE"}]}
RESULT: undefined
COMMAND: POST /session/0157ef9fabb145ee7fb2a1f3feebe51f/execute/async - {"script":"<script> [6424 bytes]","args":[{"element-6066-11e4-a52e-4f735466cecf":"f.2D1A903BB9B117B2180C998CF94CF722.d.26242B1142895693158BF7B1006E163A.e.19420"},"setValue",["4/17/25"]]}
RESULT: {}
RESULT: {"script":"<script> [6424 bytes]","args":[{"element-6066-11e4-a52e-4f735466cecf":"f.2D1A903BB9B117B2180C998CF94CF722.d.26242B1142895693158BF7B1006E163A.e.19420"},"setValue",["4/17/25"]]}
COMMAND: POST /session/0157ef9fabb145ee7fb2a1f3feebe51f/element - {"using":"xpath","value":"//button[@data-kt=\"resourceUnitSaveButton\"]"}
RESULT: {"using":"xpath","value":"//button[@data-kt=\"resourceUnitSaveButton\"]"}
COMMAND: POST /session/0157ef9fabb145ee7fb2a1f3feebe51f/element/f.2D1A903BB9B117B2180C998CF94CF722.d.26242B1142895693158BF7B1006E163A.e.19380/click - {}
RESULT: {}
COMMAND: GET /session/0157ef9fabb145ee7fb2a1f3feebe51f/screenshot - {}
RESULT: {}
COMMAND: POST /session/0157ef9fabb145ee7fb2a1f3feebe51f/element - {"using":"xpath","value":"//bdi[contains(text(), \"Close\")]"}
RESULT: {"using":"xpath","value":"//bdi[contains(text(), \"Close\")]"}
COMMAND: POST /session/0157ef9fabb145ee7fb2a1f3feebe51f/element/f.2D1A903BB9B117B2180C998CF94CF722.d.26242B1142895693158BF7B1006E163A.e.19564/click - {}
RESULT: {}
COMMAND: GET /session/0157ef9fabb145ee7fb2a1f3feebe51f/screenshot - {}
RESULT: {}
COMMAND: POST /session/0157ef9fabb145ee7fb2a1f3feebe51f/element - {"using":"xpath","value":"(//button[contains(@id ,\"actionsToolbar-overflowButton\")])[1]"}
RESULT: {"using":"xpath","value":"(//button[contains(@id ,\"actionsToolbar-overflowButton\")])[1]"}
COMMAND: POST /session/0157ef9fabb145ee7fb2a1f3feebe51f/element/f.2D1A903BB9B117B2180C998CF94CF722.d.26242B1142895693158BF7B1006E163A.e.19594/click - {}
RESULT: {}
COMMAND: GET /session/0157ef9fabb145ee7fb2a1f3feebe51f/screenshot - {}
RESULT: {}
COMMAND: POST /session/0157ef9fabb145ee7fb2a1f3feebe51f/element - {"using":"xpath","value":"//button[@data-kt=\"priceInfoButton\"]"}
RESULT: {"using":"xpath","value":"//button[@data-kt=\"priceInfoButton\"]"}
COMMAND: POST /session/0157ef9fabb145ee7fb2a1f3feebe51f/element/f.2D1A903BB9B117B2180C998CF94CF722.d.26242B1142895693158BF7B1006E163A.e.19596/click - {}
RESULT: {}
COMMAND: GET /session/0157ef9fabb145ee7fb2a1f3feebe51f/screenshot - {}
RESULT: {}
]]></system-out>
    </testcase>
    <testcase classname="chrome.135_0_7049_42.windows.Billing_Calculation_-_Time_based_(considering_transport_times)_US139738" name="Should create new pricing rule for 1st equipment" time="52.803">
      <system-out><![CDATA[
COMMAND: POST /session/0157ef9fabb145ee7fb2a1f3feebe51f/element - {"using":"xpath","value":"//button[@data-kt=\"addButton\"]"}
RESULT: {"using":"xpath","value":"//button[@data-kt=\"addButton\"]"}
COMMAND: POST /session/0157ef9fabb145ee7fb2a1f3feebe51f/elements - {"using":"xpath","value":"//button[@data-kt=\"addButton\"]"}
RESULT: {"using":"xpath","value":"//button[@data-kt=\"addButton\"]"}
COMMAND: POST /session/0157ef9fabb145ee7fb2a1f3feebe51f/execute/sync - {"script":"<script> [8489 bytes]","args":[{"element-6066-11e4-a52e-4f735466cecf":"f.2D1A903BB9B117B2180C998CF94CF722.d.26242B1142895693158BF7B1006E163A.e.19632","ELEMENT":"f.2D1A903BB9B117B2180C998CF94CF722.d.26242B1142895693158BF7B1006E163A.e.19632"}]}
RESULT: {"script":"<script> [8489 bytes]","args":[{"element-6066-11e4-a52e-4f735466cecf":"f.2D1A903BB9B117B2180C998CF94CF722.d.26242B1142895693158BF7B1006E163A.e.19632","ELEMENT":"f.2D1A903BB9B117B2180C998CF94CF722.d.26242B1142895693158BF7B1006E163A.e.19632"}]}
COMMAND: GET /session/0157ef9fabb145ee7fb2a1f3feebe51f/element/f.2D1A903BB9B117B2180C998CF94CF722.d.26242B1142895693158BF7B1006E163A.e.19632/enabled - {}
COMMAND: GET /session/0157ef9fabb145ee7fb2a1f3feebe51f/screenshot - {}
RESULT: {}
COMMAND: POST /session/0157ef9fabb145ee7fb2a1f3feebe51f/execute/sync - {"script":"<script> [8489 bytes]","args":[{"element-6066-11e4-a52e-4f735466cecf":"f.2D1A903BB9B117B2180C998CF94CF722.d.26242B1142895693158BF7B1006E163A.e.19632","ELEMENT":"f.2D1A903BB9B117B2180C998CF94CF722.d.26242B1142895693158BF7B1006E163A.e.19632"}]}
COMMAND: GET /session/0157ef9fabb145ee7fb2a1f3feebe51f/screenshot - {}
RESULT: {}
RESULT: {"script":"<script> [8489 bytes]","args":[{"element-6066-11e4-a52e-4f735466cecf":"f.2D1A903BB9B117B2180C998CF94CF722.d.26242B1142895693158BF7B1006E163A.e.19632","ELEMENT":"f.2D1A903BB9B117B2180C998CF94CF722.d.26242B1142895693158BF7B1006E163A.e.19632"}]}
COMMAND: POST /session/0157ef9fabb145ee7fb2a1f3feebe51f/execute/sync - {"script":"<script> [5351 bytes]","args":[{"element-6066-11e4-a52e-4f735466cecf":"f.2D1A903BB9B117B2180C998CF94CF722.d.26242B1142895693158BF7B1006E163A.e.19632","ELEMENT":"f.2D1A903BB9B117B2180C998CF94CF722.d.26242B1142895693158BF7B1006E163A.e.19632"}]}
COMMAND: GET /session/0157ef9fabb145ee7fb2a1f3feebe51f/screenshot - {}
RESULT: {}
RESULT: {"script":"<script> [5351 bytes]","args":[{"element-6066-11e4-a52e-4f735466cecf":"f.2D1A903BB9B117B2180C998CF94CF722.d.26242B1142895693158BF7B1006E163A.e.19632","ELEMENT":"f.2D1A903BB9B117B2180C998CF94CF722.d.26242B1142895693158BF7B1006E163A.e.19632"}]}
COMMAND: POST /session/0157ef9fabb145ee7fb2a1f3feebe51f/element/f.2D1A903BB9B117B2180C998CF94CF722.d.26242B1142895693158BF7B1006E163A.e.19632/click - {}
COMMAND: GET /session/0157ef9fabb145ee7fb2a1f3feebe51f/screenshot - {}
RESULT: {}
RESULT: {}
COMMAND: GET /session/0157ef9fabb145ee7fb2a1f3feebe51f/screenshot - {}
RESULT: {}
RESULT: {}
COMMAND: POST /session/0157ef9fabb145ee7fb2a1f3feebe51f/execute/async - {"script":"<script> [1562 bytes]","args":[{"selector":{"controlType":"sap.m.Title","viewName":"etm.portal.ui.managepricingrules.view.NewItem","viewId":"application-managepricingrules-display-component---newInfoPriceItem","properties":{"text":"New Pricing Rules - Item Level"}},"wdio_ui5_key":"etmportal.ui.managepricingrules.view.NewItemsap.m.Title{\"text\":\"New Pricing Rules - Item Level\"}"}]}
RESULT: {"script":"<script> [1562 bytes]","args":[{"selector":{"controlType":"sap.m.Title","viewName":"etm.portal.ui.managepricingrules.view.NewItem","viewId":"application-managepricingrules-display-component---newInfoPriceItem","properties":{"text":"New Pricing Rules - Item Level"}},"wdio_ui5_key":"etmportal.ui.managepricingrules.view.NewItemsap.m.Title{\"text\":\"New Pricing Rules - Item Level\"}"}]}
RESULT: undefined
COMMAND: POST /session/0157ef9fabb145ee7fb2a1f3feebe51f/execute/async - {"script":"<script> [6424 bytes]","args":[{"element-6066-11e4-a52e-4f735466cecf":"f.2D1A903BB9B117B2180C998CF94CF722.d.26242B1142895693158BF7B1006E163A.e.19802"},"getText",[]]}
RESULT: {"script":"<script> [6424 bytes]","args":[{"element-6066-11e4-a52e-4f735466cecf":"f.2D1A903BB9B117B2180C998CF94CF722.d.26242B1142895693158BF7B1006E163A.e.19802"},"getText",[]]}
COMMAND: POST /session/0157ef9fabb145ee7fb2a1f3feebe51f/execute/async - {"script":"<script> [1562 bytes]","args":[{"selector":{"id":"application-managepricingrules-display-component---newInfoPriceItem--condValidTo","interaction":{"idSuffix":"inner"}},"wdio_ui5_key":"applicationmanagepricingrules-display-component---newInfoPriceItem--condValidTo"}]}
RESULT: {"script":"<script> [1562 bytes]","args":[{"selector":{"id":"application-managepricingrules-display-component---newInfoPriceItem--condValidTo","interaction":{"idSuffix":"inner"}},"wdio_ui5_key":"applicationmanagepricingrules-display-component---newInfoPriceItem--condValidTo"}]}
RESULT: undefined
COMMAND: POST /session/0157ef9fabb145ee7fb2a1f3feebe51f/execute/async - {"script":"<script> [776 bytes]","args":[{"enterText":"12/17/25","selector":{"id":"application-managepricingrules-display-component---newInfoPriceItem--condValidTo","interaction":{"idSuffix":"inner"}},"clearTextFirst":true,"interactionType":"ENTER_TEXT"}]}
RESULT: {"script":"<script> [776 bytes]","args":[{"enterText":"12/17/25","selector":{"id":"application-managepricingrules-display-component---newInfoPriceItem--condValidTo","interaction":{"idSuffix":"inner"}},"clearTextFirst":true,"interactionType":"ENTER_TEXT"}]}
COMMAND: POST /session/0157ef9fabb145ee7fb2a1f3feebe51f/execute/async - {"script":"<script> [1562 bytes]","args":[{"selector":{"id":"application-managepricingrules-display-component---newInfoPriceItem--billType-arrow"},"wdio_ui5_key":"applicationmanagepricingrules-display-component---newInfoPriceItem--billType-arrow"}]}
RESULT: {"script":"<script> [1562 bytes]","args":[{"selector":{"id":"application-managepricingrules-display-component---newInfoPriceItem--billType-arrow"},"wdio_ui5_key":"applicationmanagepricingrules-display-component---newInfoPriceItem--billType-arrow"}]}
RESULT: undefined
COMMAND: POST /session/0157ef9fabb145ee7fb2a1f3feebe51f/element - {"using":"xpath","value":"//*[@id=\"application-managepricingrules-display-component---newInfoPriceItem--billType-arrow\"]"}
RESULT: {"using":"xpath","value":"//*[@id=\"application-managepricingrules-display-component---newInfoPriceItem--billType-arrow\"]"}
COMMAND: POST /session/0157ef9fabb145ee7fb2a1f3feebe51f/element/f.2D1A903BB9B117B2180C998CF94CF722.d.26242B1142895693158BF7B1006E163A.e.19762/click - {}
RESULT: {}
COMMAND: POST /session/0157ef9fabb145ee7fb2a1f3feebe51f/element - {"using":"xpath","value":"//span[contains(text(), \"TB - Time based\")]"}
COMMAND: GET /session/0157ef9fabb145ee7fb2a1f3feebe51f/screenshot - {}
RESULT: {"using":"xpath","value":"//span[contains(text(), \"TB - Time based\")]"}
COMMAND: POST /session/0157ef9fabb145ee7fb2a1f3feebe51f/element/f.2D1A903BB9B117B2180C998CF94CF722.d.26242B1142895693158BF7B1006E163A.e.19804/click - {}
RESULT: {}
RESULT: {}
COMMAND: POST /session/0157ef9fabb145ee7fb2a1f3feebe51f/execute/async - {"script":"<script> [1562 bytes]","args":[{"selector":{"id":"application-managepricingrules-display-component---newInfoPriceItem--priceProc-arrow"},"wdio_ui5_key":"applicationmanagepricingrules-display-component---newInfoPriceItem--priceProc-arrow"}]}
COMMAND: GET /session/0157ef9fabb145ee7fb2a1f3feebe51f/screenshot - {}
RESULT: {"script":"<script> [1562 bytes]","args":[{"selector":{"id":"application-managepricingrules-display-component---newInfoPriceItem--priceProc-arrow"},"wdio_ui5_key":"applicationmanagepricingrules-display-component---newInfoPriceItem--priceProc-arrow"}]}
RESULT: undefined
COMMAND: POST /session/0157ef9fabb145ee7fb2a1f3feebe51f/element - {"using":"xpath","value":"//*[@id=\"application-managepricingrules-display-component---newInfoPriceItem--priceProc-arrow\"]"}
RESULT: {}
RESULT: {"using":"xpath","value":"//*[@id=\"application-managepricingrules-display-component---newInfoPriceItem--priceProc-arrow\"]"}
COMMAND: POST /session/0157ef9fabb145ee7fb2a1f3feebe51f/element/f.2D1A903BB9B117B2180C998CF94CF722.d.26242B1142895693158BF7B1006E163A.e.19769/click - {}
RESULT: {}
COMMAND: POST /session/0157ef9fabb145ee7fb2a1f3feebe51f/element - {"using":"xpath","value":"//span[contains(text(), \"TBS - Time based standard\")]"}
COMMAND: GET /session/0157ef9fabb145ee7fb2a1f3feebe51f/screenshot - {}
RESULT: {"using":"xpath","value":"//span[contains(text(), \"TBS - Time based standard\")]"}
COMMAND: POST /session/0157ef9fabb145ee7fb2a1f3feebe51f/element/f.2D1A903BB9B117B2180C998CF94CF722.d.26242B1142895693158BF7B1006E163A.e.19805/click - {}
RESULT: {}
RESULT: {}
COMMAND: POST /session/0157ef9fabb145ee7fb2a1f3feebe51f/execute/async - {"script":"<script> [1562 bytes]","args":[{"selector":{"id":"application-managepricingrules-display-component---newInfoPriceItem--calcBase-arrow"},"wdio_ui5_key":"applicationmanagepricingrules-display-component---newInfoPriceItem--calcBase-arrow"}]}
COMMAND: GET /session/0157ef9fabb145ee7fb2a1f3feebe51f/screenshot - {}
RESULT: {"script":"<script> [1562 bytes]","args":[{"selector":{"id":"application-managepricingrules-display-component---newInfoPriceItem--calcBase-arrow"},"wdio_ui5_key":"applicationmanagepricingrules-display-component---newInfoPriceItem--calcBase-arrow"}]}
RESULT: undefined
COMMAND: POST /session/0157ef9fabb145ee7fb2a1f3feebe51f/element - {"using":"xpath","value":"//*[@id=\"application-managepricingrules-display-component---newInfoPriceItem--calcBase-arrow\"]"}
RESULT: {}
RESULT: {"using":"xpath","value":"//*[@id=\"application-managepricingrules-display-component---newInfoPriceItem--calcBase-arrow\"]"}
COMMAND: POST /session/0157ef9fabb145ee7fb2a1f3feebe51f/element/f.2D1A903BB9B117B2180C998CF94CF722.d.26242B1142895693158BF7B1006E163A.e.19776/click - {}
RESULT: {}
COMMAND: GET /session/0157ef9fabb145ee7fb2a1f3feebe51f/screenshot - {}
RESULT: {}
COMMAND: POST /session/0157ef9fabb145ee7fb2a1f3feebe51f/element - {"using":"xpath","value":"//span[contains(text(), \"0006 - TB(calendar days)\")]"}
RESULT: {"using":"xpath","value":"//span[contains(text(), \"0006 - TB(calendar days)\")]"}
COMMAND: POST /session/0157ef9fabb145ee7fb2a1f3feebe51f/element/f.2D1A903BB9B117B2180C998CF94CF722.d.26242B1142895693158BF7B1006E163A.e.19806/click - {}
RESULT: {}
COMMAND: GET /session/0157ef9fabb145ee7fb2a1f3feebe51f/screenshot - {}
RESULT: {}
COMMAND: POST /session/0157ef9fabb145ee7fb2a1f3feebe51f/execute/async - {"script":"<script> [1562 bytes]","args":[{"selector":{"id":"application-managepricingrules-display-component---newInfoPriceItem--daysMonth","interaction":{"idSuffix":"inner"}},"wdio_ui5_key":"applicationmanagepricingrules-display-component---newInfoPriceItem--daysMonth"}]}
RESULT: {"script":"<script> [1562 bytes]","args":[{"selector":{"id":"application-managepricingrules-display-component---newInfoPriceItem--daysMonth","interaction":{"idSuffix":"inner"}},"wdio_ui5_key":"applicationmanagepricingrules-display-component---newInfoPriceItem--daysMonth"}]}
RESULT: undefined
COMMAND: POST /session/0157ef9fabb145ee7fb2a1f3feebe51f/execute/async - {"script":"<script> [776 bytes]","args":[{"enterText":"30","selector":{"id":"application-managepricingrules-display-component---newInfoPriceItem--daysMonth","interaction":{"idSuffix":"inner"}},"clearTextFirst":true,"interactionType":"ENTER_TEXT"}]}
RESULT: {"script":"<script> [776 bytes]","args":[{"enterText":"30","selector":{"id":"application-managepricingrules-display-component---newInfoPriceItem--daysMonth","interaction":{"idSuffix":"inner"}},"clearTextFirst":true,"interactionType":"ENTER_TEXT"}]}
COMMAND: POST /session/0157ef9fabb145ee7fb2a1f3feebe51f/element - {"using":"xpath","value":"//button[@data-kt=\"saveNewRuleButton\"]"}
RESULT: {"using":"xpath","value":"//button[@data-kt=\"saveNewRuleButton\"]"}
COMMAND: POST /session/0157ef9fabb145ee7fb2a1f3feebe51f/element/f.2D1A903BB9B117B2180C998CF94CF722.d.26242B1142895693158BF7B1006E163A.e.19796/click - {}
RESULT: {}
COMMAND: GET /session/0157ef9fabb145ee7fb2a1f3feebe51f/screenshot - {}
RESULT: {}
COMMAND: POST /session/0157ef9fabb145ee7fb2a1f3feebe51f/execute/async - {"script":"<script> [1562 bytes]","args":[{"selector":{"id":"application-managepricingrules-display-component---priceInfoItem--smartFilterBar-btnBasicSearch","interaction":{"idSuffix":"I"}},"wdio_ui5_key":"applicationmanagepricingrules-display-component---priceInfoItem--smartFilterBar-btnBasicSearch"}]}
RESULT: {"script":"<script> [1562 bytes]","args":[{"selector":{"id":"application-managepricingrules-display-component---priceInfoItem--smartFilterBar-btnBasicSearch","interaction":{"idSuffix":"I"}},"wdio_ui5_key":"applicationmanagepricingrules-display-component---priceInfoItem--smartFilterBar-btnBasicSearch"}]}
RESULT: undefined
COMMAND: POST /session/0157ef9fabb145ee7fb2a1f3feebe51f/execute/async - {"script":"<script> [776 bytes]","args":[{"enterText":"7gKYor5olx","selector":{"id":"application-managepricingrules-display-component---priceInfoItem--smartFilterBar-btnBasicSearch","interaction":{"idSuffix":"I"}},"clearTextFirst":true,"interactionType":"ENTER_TEXT"}]}
RESULT: {"script":"<script> [776 bytes]","args":[{"enterText":"7gKYor5olx","selector":{"id":"application-managepricingrules-display-component---priceInfoItem--smartFilterBar-btnBasicSearch","interaction":{"idSuffix":"I"}},"clearTextFirst":true,"interactionType":"ENTER_TEXT"}]}
COMMAND: POST /session/0157ef9fabb145ee7fb2a1f3feebe51f/actions - {"actions":[{"id":"action66","type":"key","parameters":{},"actions":[{"type":"keyDown","value":""},{"type":"pause","duration":10},{"type":"keyUp","value":""}]}]}
RESULT: {"actions":[{"id":"action66","type":"key","parameters":{},"actions":[{"type":"keyDown","value":""},{"type":"pause","duration":10},{"type":"keyUp","value":""}]}]}
COMMAND: GET /session/0157ef9fabb145ee7fb2a1f3feebe51f/screenshot - {}
RESULT: {}
COMMAND: POST /session/0157ef9fabb145ee7fb2a1f3feebe51f/element - {"using":"xpath","value":"//span[@id=\"application-managepricingrules-display-component---priceInfoItem--smartTable-header-inner\"]"}
RESULT: {"using":"xpath","value":"//span[@id=\"application-managepricingrules-display-component---priceInfoItem--smartTable-header-inner\"]"}
COMMAND: POST /session/0157ef9fabb145ee7fb2a1f3feebe51f/elements - {"using":"xpath","value":"//span[@id=\"application-managepricingrules-display-component---priceInfoItem--smartTable-header-inner\"]"}
RESULT: {"using":"xpath","value":"//span[@id=\"application-managepricingrules-display-component---priceInfoItem--smartTable-header-inner\"]"}
COMMAND: POST /session/0157ef9fabb145ee7fb2a1f3feebe51f/execute/sync - {"script":"<script> [56 bytes]","args":[{"element-6066-11e4-a52e-4f735466cecf":"f.2D1A903BB9B117B2180C998CF94CF722.d.26242B1142895693158BF7B1006E163A.e.19830","ELEMENT":"f.2D1A903BB9B117B2180C998CF94CF722.d.26242B1142895693158BF7B1006E163A.e.19830"}]}
RESULT: {"script":"<script> [56 bytes]","args":[{"element-6066-11e4-a52e-4f735466cecf":"f.2D1A903BB9B117B2180C998CF94CF722.d.26242B1142895693158BF7B1006E163A.e.19830","ELEMENT":"f.2D1A903BB9B117B2180C998CF94CF722.d.26242B1142895693158BF7B1006E163A.e.19830"}]}
COMMAND: POST /session/0157ef9fabb145ee7fb2a1f3feebe51f/element - {"using":"css selector","value":"#shell-header-logo"}
COMMAND: GET /session/0157ef9fabb145ee7fb2a1f3feebe51f/screenshot - {}
RESULT: {"using":"css selector","value":"#shell-header-logo"}
COMMAND: POST /session/0157ef9fabb145ee7fb2a1f3feebe51f/element/f.2D1A903BB9B117B2180C998CF94CF722.d.26242B1142895693158BF7B1006E163A.e.18971/click - {}
RESULT: {}
RESULT: {}
COMMAND: GET /session/0157ef9fabb145ee7fb2a1f3feebe51f/screenshot - {}
RESULT: {}
]]></system-out>
    </testcase>
    <testcase classname="chrome.135_0_7049_42.windows.Billing_Calculation_-_Time_based_(considering_transport_times)_US139738" name="Should create new pricing condition for 1st equipment" time="65.84">
      <system-out><![CDATA[
COMMAND: POST /session/0157ef9fabb145ee7fb2a1f3feebe51f/execute/async - {"script":"<script> [1562 bytes]","args":[{"selector":{"controlType":"sap.m.Text","properties":{"text":"Manage Conditions & Prices"},"interaction":{"idSuffix":"inner"}},"wdio_ui5_key":"sapm.Text{\"text\":\"Manage Conditions & Prices\"}"}]}
RESULT: {"script":"<script> [1562 bytes]","args":[{"selector":{"controlType":"sap.m.Text","properties":{"text":"Manage Conditions & Prices"},"interaction":{"idSuffix":"inner"}},"wdio_ui5_key":"sapm.Text{\"text\":\"Manage Conditions & Prices\"}"}]}
RESULT: undefined
COMMAND: POST /session/0157ef9fabb145ee7fb2a1f3feebe51f/element - {"using":"xpath","value":"//*[@id=\"__tile53-title\"]"}
RESULT: {"using":"xpath","value":"//*[@id=\"__tile53-title\"]"}
COMMAND: POST /session/0157ef9fabb145ee7fb2a1f3feebe51f/element/f.2D1A903BB9B117B2180C998CF94CF722.d.26242B1142895693158BF7B1006E163A.e.19833/click - {}
RESULT: {}
COMMAND: POST /session/0157ef9fabb145ee7fb2a1f3feebe51f/element - {"using":"xpath","value":"//button[@aria-label=\"Create\"]"}
COMMAND: GET /session/0157ef9fabb145ee7fb2a1f3feebe51f/screenshot - {}
RESULT: {"using":"xpath","value":"//button[@aria-label=\"Create\"]"}
COMMAND: POST /session/0157ef9fabb145ee7fb2a1f3feebe51f/elements - {"using":"xpath","value":"//button[@aria-label=\"Create\"]"}
RESULT: {}
RESULT: {"using":"xpath","value":"//button[@aria-label=\"Create\"]"}
COMMAND: POST /session/0157ef9fabb145ee7fb2a1f3feebe51f/elements - {"using":"xpath","value":"//button[@aria-label=\"Create\"]"}
RESULT: {"using":"xpath","value":"//button[@aria-label=\"Create\"]"}
COMMAND: POST /session/0157ef9fabb145ee7fb2a1f3feebe51f/element - {"using":"xpath","value":"//button[@aria-label=\"Create\"]"}
RESULT: {"using":"xpath","value":"//button[@aria-label=\"Create\"]"}
COMMAND: POST /session/0157ef9fabb145ee7fb2a1f3feebe51f/execute/sync - {"script":"<script> [8489 bytes]","args":[{"element-6066-11e4-a52e-4f735466cecf":"f.2D1A903BB9B117B2180C998CF94CF722.d.26242B1142895693158BF7B1006E163A.e.19867","ELEMENT":"f.2D1A903BB9B117B2180C998CF94CF722.d.26242B1142895693158BF7B1006E163A.e.19867"}]}
RESULT: {"script":"<script> [8489 bytes]","args":[{"element-6066-11e4-a52e-4f735466cecf":"f.2D1A903BB9B117B2180C998CF94CF722.d.26242B1142895693158BF7B1006E163A.e.19867","ELEMENT":"f.2D1A903BB9B117B2180C998CF94CF722.d.26242B1142895693158BF7B1006E163A.e.19867"}]}
COMMAND: GET /session/0157ef9fabb145ee7fb2a1f3feebe51f/element/f.2D1A903BB9B117B2180C998CF94CF722.d.26242B1142895693158BF7B1006E163A.e.19867/enabled - {}
COMMAND: GET /session/0157ef9fabb145ee7fb2a1f3feebe51f/screenshot - {}
RESULT: {}
COMMAND: POST /session/0157ef9fabb145ee7fb2a1f3feebe51f/execute/sync - {"script":"<script> [8489 bytes]","args":[{"element-6066-11e4-a52e-4f735466cecf":"f.2D1A903BB9B117B2180C998CF94CF722.d.26242B1142895693158BF7B1006E163A.e.19867","ELEMENT":"f.2D1A903BB9B117B2180C998CF94CF722.d.26242B1142895693158BF7B1006E163A.e.19867"}]}
COMMAND: GET /session/0157ef9fabb145ee7fb2a1f3feebe51f/screenshot - {}
RESULT: {}
RESULT: {"script":"<script> [8489 bytes]","args":[{"element-6066-11e4-a52e-4f735466cecf":"f.2D1A903BB9B117B2180C998CF94CF722.d.26242B1142895693158BF7B1006E163A.e.19867","ELEMENT":"f.2D1A903BB9B117B2180C998CF94CF722.d.26242B1142895693158BF7B1006E163A.e.19867"}]}
COMMAND: POST /session/0157ef9fabb145ee7fb2a1f3feebe51f/execute/sync - {"script":"<script> [5351 bytes]","args":[{"element-6066-11e4-a52e-4f735466cecf":"f.2D1A903BB9B117B2180C998CF94CF722.d.26242B1142895693158BF7B1006E163A.e.19867","ELEMENT":"f.2D1A903BB9B117B2180C998CF94CF722.d.26242B1142895693158BF7B1006E163A.e.19867"}]}
COMMAND: GET /session/0157ef9fabb145ee7fb2a1f3feebe51f/screenshot - {}
RESULT: {}
RESULT: {"script":"<script> [5351 bytes]","args":[{"element-6066-11e4-a52e-4f735466cecf":"f.2D1A903BB9B117B2180C998CF94CF722.d.26242B1142895693158BF7B1006E163A.e.19867","ELEMENT":"f.2D1A903BB9B117B2180C998CF94CF722.d.26242B1142895693158BF7B1006E163A.e.19867"}]}
COMMAND: POST /session/0157ef9fabb145ee7fb2a1f3feebe51f/element/f.2D1A903BB9B117B2180C998CF94CF722.d.26242B1142895693158BF7B1006E163A.e.19867/click - {}
COMMAND: GET /session/0157ef9fabb145ee7fb2a1f3feebe51f/screenshot - {}
RESULT: {}
RESULT: {}
COMMAND: GET /session/0157ef9fabb145ee7fb2a1f3feebe51f/screenshot - {}
RESULT: {}
RESULT: {}
COMMAND: POST /session/0157ef9fabb145ee7fb2a1f3feebe51f/actions - {"actions":[{"id":"action67","type":"key","parameters":{},"actions":[{"type":"keyDown","value":""},{"type":"pause","duration":10},{"type":"keyUp","value":""}]}]}
RESULT: {"actions":[{"id":"action67","type":"key","parameters":{},"actions":[{"type":"keyDown","value":""},{"type":"pause","duration":10},{"type":"keyUp","value":""}]}]}
COMMAND: GET /session/0157ef9fabb145ee7fb2a1f3feebe51f/screenshot - {}
RESULT: {}
COMMAND: POST /session/0157ef9fabb145ee7fb2a1f3feebe51f/execute/async - {"script":"<script> [1562 bytes]","args":[{"selector":{"id":"application-manageconditionprice-display-component---newCondition--condBillCond-arrow"},"wdio_ui5_key":"applicationmanageconditionprice-display-component---newCondition--condBillCond-arrow"}]}
RESULT: {"script":"<script> [1562 bytes]","args":[{"selector":{"id":"application-manageconditionprice-display-component---newCondition--condBillCond-arrow"},"wdio_ui5_key":"applicationmanageconditionprice-display-component---newCondition--condBillCond-arrow"}]}
RESULT: undefined
COMMAND: POST /session/0157ef9fabb145ee7fb2a1f3feebe51f/element - {"using":"xpath","value":"//*[@id=\"application-manageconditionprice-display-component---newCondition--condBillCond-arrow\"]"}
RESULT: {"using":"xpath","value":"//*[@id=\"application-manageconditionprice-display-component---newCondition--condBillCond-arrow\"]"}
COMMAND: POST /session/0157ef9fabb145ee7fb2a1f3feebe51f/element/f.2D1A903BB9B117B2180C998CF94CF722.d.26242B1142895693158BF7B1006E163A.e.20045/click - {}
RESULT: {}
COMMAND: GET /session/0157ef9fabb145ee7fb2a1f3feebe51f/screenshot - {}
RESULT: {}
COMMAND: POST /session/0157ef9fabb145ee7fb2a1f3feebe51f/element - {"using":"xpath","value":"//li[.//span[contains(text(), \"DISP - D&I special price\")]]"}
RESULT: {"using":"xpath","value":"//li[.//span[contains(text(), \"DISP - D&I special price\")]]"}
COMMAND: POST /session/0157ef9fabb145ee7fb2a1f3feebe51f/element/f.2D1A903BB9B117B2180C998CF94CF722.d.26242B1142895693158BF7B1006E163A.e.20048/click - {}
RESULT: {}
COMMAND: GET /session/0157ef9fabb145ee7fb2a1f3feebe51f/screenshot - {}
RESULT: {}
COMMAND: POST /session/0157ef9fabb145ee7fb2a1f3feebe51f/execute/async - {"script":"<script> [1562 bytes]","args":[{"selector":{"id":"application-manageconditionprice-display-component---newCondition--condValidTo","interaction":{"idSuffix":"inner"}},"wdio_ui5_key":"applicationmanageconditionprice-display-component---newCondition--condValidTo"}]}
RESULT: {"script":"<script> [1562 bytes]","args":[{"selector":{"id":"application-manageconditionprice-display-component---newCondition--condValidTo","interaction":{"idSuffix":"inner"}},"wdio_ui5_key":"applicationmanageconditionprice-display-component---newCondition--condValidTo"}]}
RESULT: undefined
COMMAND: POST /session/0157ef9fabb145ee7fb2a1f3feebe51f/execute/async - {"script":"<script> [776 bytes]","args":[{"enterText":"12/17/25","selector":{"id":"application-manageconditionprice-display-component---newCondition--condValidTo","interaction":{"idSuffix":"inner"}},"clearTextFirst":true,"interactionType":"ENTER_TEXT"}]}
RESULT: {"script":"<script> [776 bytes]","args":[{"enterText":"12/17/25","selector":{"id":"application-manageconditionprice-display-component---newCondition--condValidTo","interaction":{"idSuffix":"inner"}},"clearTextFirst":true,"interactionType":"ENTER_TEXT"}]}
COMMAND: POST /session/0157ef9fabb145ee7fb2a1f3feebe51f/element - {"using":"xpath","value":"//input[@id=\"application-manageconditionprice-display-component---newCondition--condRU-inner\"]"}
RESULT: {"using":"xpath","value":"//input[@id=\"application-manageconditionprice-display-component---newCondition--condRU-inner\"]"}
COMMAND: POST /session/0157ef9fabb145ee7fb2a1f3feebe51f/element/f.2D1A903BB9B117B2180C998CF94CF722.d.26242B1142895693158BF7B1006E163A.e.19910/clear - {}
RESULT: {}
COMMAND: POST /session/0157ef9fabb145ee7fb2a1f3feebe51f/element/f.2D1A903BB9B117B2180C998CF94CF722.d.26242B1142895693158BF7B1006E163A.e.19910/value - {"text":"7gKYor5olx"}
COMMAND: GET /session/0157ef9fabb145ee7fb2a1f3feebe51f/screenshot - {}
RESULT: {"text":"7gKYor5olx"}
COMMAND: GET /session/0157ef9fabb145ee7fb2a1f3feebe51f/screenshot - {}
RESULT: {}
RESULT: {}
COMMAND: POST /session/0157ef9fabb145ee7fb2a1f3feebe51f/actions - {"actions":[{"id":"action68","type":"key","parameters":{},"actions":[{"type":"keyDown","value":""},{"type":"pause","duration":10},{"type":"keyUp","value":""}]}]}
RESULT: {"actions":[{"id":"action68","type":"key","parameters":{},"actions":[{"type":"keyDown","value":""},{"type":"pause","duration":10},{"type":"keyUp","value":""}]}]}
COMMAND: POST /session/0157ef9fabb145ee7fb2a1f3feebe51f/execute/async - {"script":"<script> [1562 bytes]","args":[{"selector":{"id":"application-manageconditionprice-display-component---newCondition--condBaseQty","interaction":{"idSuffix":"inner"}},"wdio_ui5_key":"applicationmanageconditionprice-display-component---newCondition--condBaseQty"}]}
COMMAND: GET /session/0157ef9fabb145ee7fb2a1f3feebe51f/screenshot - {}
RESULT: {"script":"<script> [1562 bytes]","args":[{"selector":{"id":"application-manageconditionprice-display-component---newCondition--condBaseQty","interaction":{"idSuffix":"inner"}},"wdio_ui5_key":"applicationmanageconditionprice-display-component---newCondition--condBaseQty"}]}
RESULT: undefined
COMMAND: POST /session/0157ef9fabb145ee7fb2a1f3feebe51f/execute/async - {"script":"<script> [776 bytes]","args":[{"enterText":"1","selector":{"id":"application-manageconditionprice-display-component---newCondition--condBaseQty","interaction":{"idSuffix":"inner"}},"clearTextFirst":true,"interactionType":"ENTER_TEXT"}]}
RESULT: {}
RESULT: {"script":"<script> [776 bytes]","args":[{"enterText":"1","selector":{"id":"application-manageconditionprice-display-component---newCondition--condBaseQty","interaction":{"idSuffix":"inner"}},"clearTextFirst":true,"interactionType":"ENTER_TEXT"}]}
COMMAND: POST /session/0157ef9fabb145ee7fb2a1f3feebe51f/execute/async - {"script":"<script> [1562 bytes]","args":[{"selector":{"id":"application-manageconditionprice-display-component---newCondition--condValue","interaction":{"idSuffix":"inner"}},"wdio_ui5_key":"applicationmanageconditionprice-display-component---newCondition--condValue"}]}
RESULT: {"script":"<script> [1562 bytes]","args":[{"selector":{"id":"application-manageconditionprice-display-component---newCondition--condValue","interaction":{"idSuffix":"inner"}},"wdio_ui5_key":"applicationmanageconditionprice-display-component---newCondition--condValue"}]}
RESULT: undefined
COMMAND: POST /session/0157ef9fabb145ee7fb2a1f3feebe51f/execute/async - {"script":"<script> [776 bytes]","args":[{"enterText":"100","selector":{"id":"application-manageconditionprice-display-component---newCondition--condValue","interaction":{"idSuffix":"inner"}},"clearTextFirst":true,"interactionType":"ENTER_TEXT"}]}
RESULT: {"script":"<script> [776 bytes]","args":[{"enterText":"100","selector":{"id":"application-manageconditionprice-display-component---newCondition--condValue","interaction":{"idSuffix":"inner"}},"clearTextFirst":true,"interactionType":"ENTER_TEXT"}]}
COMMAND: POST /session/0157ef9fabb145ee7fb2a1f3feebe51f/execute/async - {"script":"<script> [1562 bytes]","args":[{"selector":{"id":"application-manageconditionprice-display-component---newCondition--condCurr-arrow"},"wdio_ui5_key":"applicationmanageconditionprice-display-component---newCondition--condCurr-arrow"}]}
RESULT: {"script":"<script> [1562 bytes]","args":[{"selector":{"id":"application-manageconditionprice-display-component---newCondition--condCurr-arrow"},"wdio_ui5_key":"applicationmanageconditionprice-display-component---newCondition--condCurr-arrow"}]}
RESULT: undefined
COMMAND: POST /session/0157ef9fabb145ee7fb2a1f3feebe51f/element - {"using":"xpath","value":"//*[@id=\"application-manageconditionprice-display-component---newCondition--condCurr-arrow\"]"}
RESULT: {"using":"xpath","value":"//*[@id=\"application-manageconditionprice-display-component---newCondition--condCurr-arrow\"]"}
COMMAND: POST /session/0157ef9fabb145ee7fb2a1f3feebe51f/element/f.2D1A903BB9B117B2180C998CF94CF722.d.26242B1142895693158BF7B1006E163A.e.20028/click - {}
RESULT: {}
COMMAND: POST /session/0157ef9fabb145ee7fb2a1f3feebe51f/element - {"using":"xpath","value":"//span[contains(text(), \"Euro\")]"}
COMMAND: GET /session/0157ef9fabb145ee7fb2a1f3feebe51f/screenshot - {}
RESULT: {"using":"xpath","value":"//span[contains(text(), \"Euro\")]"}
COMMAND: POST /session/0157ef9fabb145ee7fb2a1f3feebe51f/element/f.2D1A903BB9B117B2180C998CF94CF722.d.26242B1142895693158BF7B1006E163A.e.20085/click - {}
RESULT: {}
RESULT: {}
COMMAND: POST /session/0157ef9fabb145ee7fb2a1f3feebe51f/element - {"using":"xpath","value":"//button[@data-kt=\"saveButton\"]"}
COMMAND: GET /session/0157ef9fabb145ee7fb2a1f3feebe51f/screenshot - {}
RESULT: {"using":"xpath","value":"//button[@data-kt=\"saveButton\"]"}
COMMAND: POST /session/0157ef9fabb145ee7fb2a1f3feebe51f/element/f.2D1A903BB9B117B2180C998CF94CF722.d.26242B1142895693158BF7B1006E163A.e.20029/click - {}
RESULT: {}
RESULT: {}
COMMAND: GET /session/0157ef9fabb145ee7fb2a1f3feebe51f/screenshot - {}
RESULT: {}
COMMAND: POST /session/0157ef9fabb145ee7fb2a1f3feebe51f/execute/async - {"script":"<script> [1562 bytes]","args":[{"selector":{"id":"application-manageconditionprice-display-component---conditions--smartFilterBar-btnBasicSearch","interaction":{"idSuffix":"I"}},"wdio_ui5_key":"applicationmanageconditionprice-display-component---conditions--smartFilterBar-btnBasicSearch"}]}
RESULT: {"script":"<script> [1562 bytes]","args":[{"selector":{"id":"application-manageconditionprice-display-component---conditions--smartFilterBar-btnBasicSearch","interaction":{"idSuffix":"I"}},"wdio_ui5_key":"applicationmanageconditionprice-display-component---conditions--smartFilterBar-btnBasicSearch"}]}
RESULT: undefined
COMMAND: POST /session/0157ef9fabb145ee7fb2a1f3feebe51f/execute/async - {"script":"<script> [776 bytes]","args":[{"enterText":"7gKYor5olx","selector":{"id":"application-manageconditionprice-display-component---conditions--smartFilterBar-btnBasicSearch","interaction":{"idSuffix":"I"}},"clearTextFirst":true,"interactionType":"ENTER_TEXT"}]}
RESULT: {"script":"<script> [776 bytes]","args":[{"enterText":"7gKYor5olx","selector":{"id":"application-manageconditionprice-display-component---conditions--smartFilterBar-btnBasicSearch","interaction":{"idSuffix":"I"}},"clearTextFirst":true,"interactionType":"ENTER_TEXT"}]}
COMMAND: POST /session/0157ef9fabb145ee7fb2a1f3feebe51f/actions - {"actions":[{"id":"action69","type":"key","parameters":{},"actions":[{"type":"keyDown","value":""},{"type":"pause","duration":10},{"type":"keyUp","value":""}]}]}
RESULT: {"actions":[{"id":"action69","type":"key","parameters":{},"actions":[{"type":"keyDown","value":""},{"type":"pause","duration":10},{"type":"keyUp","value":""}]}]}
COMMAND: GET /session/0157ef9fabb145ee7fb2a1f3feebe51f/screenshot - {}
RESULT: {}
COMMAND: POST /session/0157ef9fabb145ee7fb2a1f3feebe51f/execute/async - {"script":"<script> [1562 bytes]","args":[{"selector":{"id":"application-manageconditionprice-display-component---conditions--smartFilterBar-filterItemControl_BASIC-BILL_TYPES-vhi"},"wdio_ui5_key":"applicationmanageconditionprice-display-component---conditions--smartFilterBar-filterItemControl_BASIC-BILL_TYPES-vhi"}]}
RESULT: {"script":"<script> [1562 bytes]","args":[{"selector":{"id":"application-manageconditionprice-display-component---conditions--smartFilterBar-filterItemControl_BASIC-BILL_TYPES-vhi"},"wdio_ui5_key":"applicationmanageconditionprice-display-component---conditions--smartFilterBar-filterItemControl_BASIC-BILL_TYPES-vhi"}]}
RESULT: undefined
COMMAND: POST /session/0157ef9fabb145ee7fb2a1f3feebe51f/element - {"using":"xpath","value":"//*[@id=\"application-manageconditionprice-display-component---conditions--smartFilterBar-filterItemControl_BASIC-BILL_TYPES-vhi\"]"}
RESULT: {"using":"xpath","value":"//*[@id=\"application-manageconditionprice-display-component---conditions--smartFilterBar-filterItemControl_BASIC-BILL_TYPES-vhi\"]"}
COMMAND: POST /session/0157ef9fabb145ee7fb2a1f3feebe51f/element/f.2D1A903BB9B117B2180C998CF94CF722.d.26242B1142895693158BF7B1006E163A.e.20101/click - {}
RESULT: {}
COMMAND: POST /session/0157ef9fabb145ee7fb2a1f3feebe51f/execute/async - {"script":"<script> [1562 bytes]","args":[{"selector":{"id":"application-manageconditionprice-display-component---conditions--smartFilterBar-filterItemControl_BASIC-BILL_TYPES-valueHelpDialog-smartFilterBar-btnBasicSearch","searchOpenDialogs":true,"interaction":{"idSuffix":"I"}},"wdio_ui5_key":"applicationmanageconditionprice-display-component---conditions--smartFilterBar-filterItemControl_BASIC-BILL_TYPES-valueHelpDialog-smartFilterBar-btnBasicSearch"}]}
COMMAND: GET /session/0157ef9fabb145ee7fb2a1f3feebe51f/screenshot - {}
RESULT: {"script":"<script> [1562 bytes]","args":[{"selector":{"id":"application-manageconditionprice-display-component---conditions--smartFilterBar-filterItemControl_BASIC-BILL_TYPES-valueHelpDialog-smartFilterBar-btnBasicSearch","searchOpenDialogs":true,"interaction":{"idSuffix":"I"}},"wdio_ui5_key":"applicationmanageconditionprice-display-component---conditions--smartFilterBar-filterItemControl_BASIC-BILL_TYPES-valueHelpDialog-smartFilterBar-btnBasicSearch"}]}
RESULT: undefined
COMMAND: POST /session/0157ef9fabb145ee7fb2a1f3feebe51f/execute/async - {"script":"<script> [776 bytes]","args":[{"enterText":"TB","selector":{"id":"application-manageconditionprice-display-component---conditions--smartFilterBar-filterItemControl_BASIC-BILL_TYPES-valueHelpDialog-smartFilterBar-btnBasicSearch","searchOpenDialogs":true,"interaction":{"idSuffix":"I"}},"clearTextFirst":true,"interactionType":"ENTER_TEXT"}]}
RESULT: {}
RESULT: {"script":"<script> [776 bytes]","args":[{"enterText":"TB","selector":{"id":"application-manageconditionprice-display-component---conditions--smartFilterBar-filterItemControl_BASIC-BILL_TYPES-valueHelpDialog-smartFilterBar-btnBasicSearch","searchOpenDialogs":true,"interaction":{"idSuffix":"I"}},"clearTextFirst":true,"interactionType":"ENTER_TEXT"}]}
COMMAND: POST /session/0157ef9fabb145ee7fb2a1f3feebe51f/actions - {"actions":[{"id":"action70","type":"key","parameters":{},"actions":[{"type":"keyDown","value":""},{"type":"pause","duration":10},{"type":"keyUp","value":""}]}]}
RESULT: {"actions":[{"id":"action70","type":"key","parameters":{},"actions":[{"type":"keyDown","value":""},{"type":"pause","duration":10},{"type":"keyUp","value":""}]}]}
COMMAND: GET /session/0157ef9fabb145ee7fb2a1f3feebe51f/screenshot - {}
RESULT: {}
COMMAND: POST /session/0157ef9fabb145ee7fb2a1f3feebe51f/element - {"using":"xpath","value":"//div[contains(@id, 'application-manageconditionprice-display-component---conditions--smartFilterBar-filterItemControl_BASIC-BILL_TYPES-valueHelpDialog-table-rowsel0')]"}
RESULT: {"using":"xpath","value":"//div[contains(@id, 'application-manageconditionprice-display-component---conditions--smartFilterBar-filterItemControl_BASIC-BILL_TYPES-valueHelpDialog-table-rowsel0')]"}
COMMAND: POST /session/0157ef9fabb145ee7fb2a1f3feebe51f/element/f.2D1A903BB9B117B2180C998CF94CF722.d.26242B1142895693158BF7B1006E163A.e.20110/click - {}
RESULT: {}
COMMAND: GET /session/0157ef9fabb145ee7fb2a1f3feebe51f/screenshot - {}
RESULT: {}
COMMAND: POST /session/0157ef9fabb145ee7fb2a1f3feebe51f/element - {"using":"xpath","value":"//bdi[contains(text(), \"OK\")]"}
RESULT: {"using":"xpath","value":"//bdi[contains(text(), \"OK\")]"}
COMMAND: POST /session/0157ef9fabb145ee7fb2a1f3feebe51f/element/f.2D1A903BB9B117B2180C998CF94CF722.d.26242B1142895693158BF7B1006E163A.e.20112/click - {}
RESULT: {}
COMMAND: GET /session/0157ef9fabb145ee7fb2a1f3feebe51f/screenshot - {}
RESULT: {}
COMMAND: POST /session/0157ef9fabb145ee7fb2a1f3feebe51f/element - {"using":"xpath","value":"//span[@id=\"application-manageconditionprice-display-component---conditions--smartTable-header-inner\"]"}
RESULT: {"using":"xpath","value":"//span[@id=\"application-manageconditionprice-display-component---conditions--smartTable-header-inner\"]"}
COMMAND: POST /session/0157ef9fabb145ee7fb2a1f3feebe51f/elements - {"using":"xpath","value":"//span[@id=\"application-manageconditionprice-display-component---conditions--smartTable-header-inner\"]"}
RESULT: {"using":"xpath","value":"//span[@id=\"application-manageconditionprice-display-component---conditions--smartTable-header-inner\"]"}
COMMAND: POST /session/0157ef9fabb145ee7fb2a1f3feebe51f/execute/sync - {"script":"<script> [56 bytes]","args":[{"element-6066-11e4-a52e-4f735466cecf":"f.2D1A903BB9B117B2180C998CF94CF722.d.26242B1142895693158BF7B1006E163A.e.20115","ELEMENT":"f.2D1A903BB9B117B2180C998CF94CF722.d.26242B1142895693158BF7B1006E163A.e.20115"}]}
RESULT: {"script":"<script> [56 bytes]","args":[{"element-6066-11e4-a52e-4f735466cecf":"f.2D1A903BB9B117B2180C998CF94CF722.d.26242B1142895693158BF7B1006E163A.e.20115","ELEMENT":"f.2D1A903BB9B117B2180C998CF94CF722.d.26242B1142895693158BF7B1006E163A.e.20115"}]}
COMMAND: POST /session/0157ef9fabb145ee7fb2a1f3feebe51f/element - {"using":"css selector","value":"#shell-header-logo"}
COMMAND: GET /session/0157ef9fabb145ee7fb2a1f3feebe51f/screenshot - {}
RESULT: {"using":"css selector","value":"#shell-header-logo"}
COMMAND: POST /session/0157ef9fabb145ee7fb2a1f3feebe51f/element/f.2D1A903BB9B117B2180C998CF94CF722.d.26242B1142895693158BF7B1006E163A.e.19835/click - {}
RESULT: {}
RESULT: {}
COMMAND: GET /session/0157ef9fabb145ee7fb2a1f3feebe51f/screenshot - {}
RESULT: {}
]]></system-out>
    </testcase>
    <testcase classname="chrome.135_0_7049_42.windows.Billing_Calculation_-_Time_based_(considering_transport_times)_US139738" name="Should do a stock increase for both equipments" time="85.603">
      <system-out><![CDATA[
COMMAND: POST /session/0157ef9fabb145ee7fb2a1f3feebe51f/execute/async - {"script":"<script> [1562 bytes]","args":[{"selector":{"controlType":"sap.m.Text","viewName":"etm.portal.ui.managehandoverstile.view.Master","properties":{"text":"Manage Handovers"},"interaction":{"idSuffix":"inner"}},"wdio_ui5_key":"etmportal.ui.managehandoverstile.view.Mastersap.m.Text{\"text\":\"Manage Handovers\"}"}]}
RESULT: {"script":"<script> [1562 bytes]","args":[{"selector":{"controlType":"sap.m.Text","viewName":"etm.portal.ui.managehandoverstile.view.Master","properties":{"text":"Manage Handovers"},"interaction":{"idSuffix":"inner"}},"wdio_ui5_key":"etmportal.ui.managehandoverstile.view.Mastersap.m.Text{\"text\":\"Manage Handovers\"}"}]}
RESULT: undefined
COMMAND: POST /session/0157ef9fabb145ee7fb2a1f3feebe51f/element - {"using":"xpath","value":"//*[@id=\"__tile133-title\"]"}
RESULT: {"using":"xpath","value":"//*[@id=\"__tile133-title\"]"}
COMMAND: POST /session/0157ef9fabb145ee7fb2a1f3feebe51f/element/f.2D1A903BB9B117B2180C998CF94CF722.d.26242B1142895693158BF7B1006E163A.e.20120/click - {}
RESULT: {}
COMMAND: POST /session/0157ef9fabb145ee7fb2a1f3feebe51f/element - {"using":"xpath","value":"//button[@data-kt=\"masterHOAddButton\"]"}
COMMAND: GET /session/0157ef9fabb145ee7fb2a1f3feebe51f/screenshot - {}
RESULT: {"using":"xpath","value":"//button[@data-kt=\"masterHOAddButton\"]"}
COMMAND: POST /session/0157ef9fabb145ee7fb2a1f3feebe51f/elements - {"using":"xpath","value":"//button[@data-kt=\"masterHOAddButton\"]"}
RESULT: {}
RESULT: {"using":"xpath","value":"//button[@data-kt=\"masterHOAddButton\"]"}
COMMAND: POST /session/0157ef9fabb145ee7fb2a1f3feebe51f/elements - {"using":"xpath","value":"//button[@data-kt=\"masterHOAddButton\"]"}
RESULT: {"using":"xpath","value":"//button[@data-kt=\"masterHOAddButton\"]"}
COMMAND: POST /session/0157ef9fabb145ee7fb2a1f3feebe51f/elements - {"using":"xpath","value":"//button[@data-kt=\"masterHOAddButton\"]"}
RESULT: {"using":"xpath","value":"//button[@data-kt=\"masterHOAddButton\"]"}
COMMAND: POST /session/0157ef9fabb145ee7fb2a1f3feebe51f/elements - {"using":"xpath","value":"//button[@data-kt=\"masterHOAddButton\"]"}
RESULT: {"using":"xpath","value":"//button[@data-kt=\"masterHOAddButton\"]"}
COMMAND: POST /session/0157ef9fabb145ee7fb2a1f3feebe51f/elements - {"using":"xpath","value":"//button[@data-kt=\"masterHOAddButton\"]"}
RESULT: {"using":"xpath","value":"//button[@data-kt=\"masterHOAddButton\"]"}
COMMAND: POST /session/0157ef9fabb145ee7fb2a1f3feebe51f/elements - {"using":"xpath","value":"//button[@data-kt=\"masterHOAddButton\"]"}
RESULT: {"using":"xpath","value":"//button[@data-kt=\"masterHOAddButton\"]"}
COMMAND: POST /session/0157ef9fabb145ee7fb2a1f3feebe51f/elements - {"using":"xpath","value":"//button[@data-kt=\"masterHOAddButton\"]"}
RESULT: {"using":"xpath","value":"//button[@data-kt=\"masterHOAddButton\"]"}
COMMAND: POST /session/0157ef9fabb145ee7fb2a1f3feebe51f/elements - {"using":"xpath","value":"//button[@data-kt=\"masterHOAddButton\"]"}
RESULT: {"using":"xpath","value":"//button[@data-kt=\"masterHOAddButton\"]"}
COMMAND: POST /session/0157ef9fabb145ee7fb2a1f3feebe51f/elements - {"using":"xpath","value":"//button[@data-kt=\"masterHOAddButton\"]"}
RESULT: {"using":"xpath","value":"//button[@data-kt=\"masterHOAddButton\"]"}
COMMAND: POST /session/0157ef9fabb145ee7fb2a1f3feebe51f/elements - {"using":"xpath","value":"//button[@data-kt=\"masterHOAddButton\"]"}
RESULT: {"using":"xpath","value":"//button[@data-kt=\"masterHOAddButton\"]"}
COMMAND: POST /session/0157ef9fabb145ee7fb2a1f3feebe51f/elements - {"using":"xpath","value":"//button[@data-kt=\"masterHOAddButton\"]"}
RESULT: {"using":"xpath","value":"//button[@data-kt=\"masterHOAddButton\"]"}
COMMAND: POST /session/0157ef9fabb145ee7fb2a1f3feebe51f/elements - {"using":"xpath","value":"//button[@data-kt=\"masterHOAddButton\"]"}
RESULT: {"using":"xpath","value":"//button[@data-kt=\"masterHOAddButton\"]"}
COMMAND: POST /session/0157ef9fabb145ee7fb2a1f3feebe51f/elements - {"using":"xpath","value":"//button[@data-kt=\"masterHOAddButton\"]"}
RESULT: {"using":"xpath","value":"//button[@data-kt=\"masterHOAddButton\"]"}
COMMAND: POST /session/0157ef9fabb145ee7fb2a1f3feebe51f/element - {"using":"xpath","value":"//button[@data-kt=\"masterHOAddButton\"]"}
RESULT: {"using":"xpath","value":"//button[@data-kt=\"masterHOAddButton\"]"}
COMMAND: POST /session/0157ef9fabb145ee7fb2a1f3feebe51f/execute/sync - {"script":"<script> [8489 bytes]","args":[{"element-6066-11e4-a52e-4f735466cecf":"f.2D1A903BB9B117B2180C998CF94CF722.d.26242B1142895693158BF7B1006E163A.e.20157","ELEMENT":"f.2D1A903BB9B117B2180C998CF94CF722.d.26242B1142895693158BF7B1006E163A.e.20157"}]}
RESULT: {"script":"<script> [8489 bytes]","args":[{"element-6066-11e4-a52e-4f735466cecf":"f.2D1A903BB9B117B2180C998CF94CF722.d.26242B1142895693158BF7B1006E163A.e.20157","ELEMENT":"f.2D1A903BB9B117B2180C998CF94CF722.d.26242B1142895693158BF7B1006E163A.e.20157"}]}
COMMAND: GET /session/0157ef9fabb145ee7fb2a1f3feebe51f/element/f.2D1A903BB9B117B2180C998CF94CF722.d.26242B1142895693158BF7B1006E163A.e.20157/enabled - {}
COMMAND: GET /session/0157ef9fabb145ee7fb2a1f3feebe51f/screenshot - {}
RESULT: {}
COMMAND: POST /session/0157ef9fabb145ee7fb2a1f3feebe51f/execute/sync - {"script":"<script> [8489 bytes]","args":[{"element-6066-11e4-a52e-4f735466cecf":"f.2D1A903BB9B117B2180C998CF94CF722.d.26242B1142895693158BF7B1006E163A.e.20157","ELEMENT":"f.2D1A903BB9B117B2180C998CF94CF722.d.26242B1142895693158BF7B1006E163A.e.20157"}]}
COMMAND: GET /session/0157ef9fabb145ee7fb2a1f3feebe51f/screenshot - {}
RESULT: {}
RESULT: {"script":"<script> [8489 bytes]","args":[{"element-6066-11e4-a52e-4f735466cecf":"f.2D1A903BB9B117B2180C998CF94CF722.d.26242B1142895693158BF7B1006E163A.e.20157","ELEMENT":"f.2D1A903BB9B117B2180C998CF94CF722.d.26242B1142895693158BF7B1006E163A.e.20157"}]}
COMMAND: POST /session/0157ef9fabb145ee7fb2a1f3feebe51f/execute/sync - {"script":"<script> [5351 bytes]","args":[{"element-6066-11e4-a52e-4f735466cecf":"f.2D1A903BB9B117B2180C998CF94CF722.d.26242B1142895693158BF7B1006E163A.e.20157","ELEMENT":"f.2D1A903BB9B117B2180C998CF94CF722.d.26242B1142895693158BF7B1006E163A.e.20157"}]}
COMMAND: GET /session/0157ef9fabb145ee7fb2a1f3feebe51f/screenshot - {}
RESULT: {}
RESULT: {"script":"<script> [5351 bytes]","args":[{"element-6066-11e4-a52e-4f735466cecf":"f.2D1A903BB9B117B2180C998CF94CF722.d.26242B1142895693158BF7B1006E163A.e.20157","ELEMENT":"f.2D1A903BB9B117B2180C998CF94CF722.d.26242B1142895693158BF7B1006E163A.e.20157"}]}
COMMAND: POST /session/0157ef9fabb145ee7fb2a1f3feebe51f/element/f.2D1A903BB9B117B2180C998CF94CF722.d.26242B1142895693158BF7B1006E163A.e.20157/click - {}
COMMAND: GET /session/0157ef9fabb145ee7fb2a1f3feebe51f/screenshot - {}
RESULT: {}
RESULT: {}
COMMAND: GET /session/0157ef9fabb145ee7fb2a1f3feebe51f/screenshot - {}
RESULT: {}
RESULT: {}
COMMAND: POST /session/0157ef9fabb145ee7fb2a1f3feebe51f/element - {"using":"xpath","value":"//span[contains(@id ,\"AddNewHO--typeSelect-arrow\")]"}
RESULT: {"using":"xpath","value":"//span[contains(@id ,\"AddNewHO--typeSelect-arrow\")]"}
COMMAND: POST /session/0157ef9fabb145ee7fb2a1f3feebe51f/element/f.2D1A903BB9B117B2180C998CF94CF722.d.26242B1142895693158BF7B1006E163A.e.20492/click - {}
RESULT: {}
COMMAND: GET /session/0157ef9fabb145ee7fb2a1f3feebe51f/screenshot - {}
RESULT: {}
COMMAND: POST /session/0157ef9fabb145ee7fb2a1f3feebe51f/element - {"using":"xpath","value":"(//li[contains(text(), \"stock increase yard\")])[1]"}
RESULT: {"using":"xpath","value":"(//li[contains(text(), \"stock increase yard\")])[1]"}
COMMAND: POST /session/0157ef9fabb145ee7fb2a1f3feebe51f/element/f.2D1A903BB9B117B2180C998CF94CF722.d.26242B1142895693158BF7B1006E163A.e.20493/click - {}
RESULT: {}
COMMAND: GET /session/0157ef9fabb145ee7fb2a1f3feebe51f/screenshot - {}
RESULT: {}
COMMAND: POST /session/0157ef9fabb145ee7fb2a1f3feebe51f/execute/async - {"script":"<script> [1562 bytes]","args":[{"selector":{"id":"application-managehandovers-display-component---AddNewHO--dueDate","interaction":{"idSuffix":"inner"}},"wdio_ui5_key":"applicationmanagehandovers-display-component---AddNewHO--dueDate"}]}
RESULT: {"script":"<script> [1562 bytes]","args":[{"selector":{"id":"application-managehandovers-display-component---AddNewHO--dueDate","interaction":{"idSuffix":"inner"}},"wdio_ui5_key":"applicationmanagehandovers-display-component---AddNewHO--dueDate"}]}
RESULT: undefined
COMMAND: POST /session/0157ef9fabb145ee7fb2a1f3feebe51f/execute/async - {"script":"<script> [6424 bytes]","args":[{"element-6066-11e4-a52e-4f735466cecf":"f.2D1A903BB9B117B2180C998CF94CF722.d.26242B1142895693158BF7B1006E163A.e.20495"},"setValue",["04/17/2025"]]}
RESULT: {"script":"<script> [6424 bytes]","args":[{"element-6066-11e4-a52e-4f735466cecf":"f.2D1A903BB9B117B2180C998CF94CF722.d.26242B1142895693158BF7B1006E163A.e.20495"},"setValue",["04/17/2025"]]}
COMMAND: POST /session/0157ef9fabb145ee7fb2a1f3feebe51f/element - {"using":"xpath","value":"//input[@id=\"generalSectionFrg--receiveYard-inner\"]"}
RESULT: {"using":"xpath","value":"//input[@id=\"generalSectionFrg--receiveYard-inner\"]"}
COMMAND: POST /session/0157ef9fabb145ee7fb2a1f3feebe51f/element/f.2D1A903BB9B117B2180C998CF94CF722.d.26242B1142895693158BF7B1006E163A.e.20501/clear - {}
RESULT: {}
COMMAND: POST /session/0157ef9fabb145ee7fb2a1f3feebe51f/element/f.2D1A903BB9B117B2180C998CF94CF722.d.26242B1142895693158BF7B1006E163A.e.20501/value - {"text":"469"}
COMMAND: GET /session/0157ef9fabb145ee7fb2a1f3feebe51f/screenshot - {}
RESULT: {"text":"469"}
COMMAND: GET /session/0157ef9fabb145ee7fb2a1f3feebe51f/screenshot - {}
RESULT: {}
RESULT: {}
COMMAND: POST /session/0157ef9fabb145ee7fb2a1f3feebe51f/element - {"using":"xpath","value":"//li[.//span[text()='469']]"}
RESULT: {"using":"xpath","value":"//li[.//span[text()='469']]"}
COMMAND: POST /session/0157ef9fabb145ee7fb2a1f3feebe51f/element/f.2D1A903BB9B117B2180C998CF94CF722.d.26242B1142895693158BF7B1006E163A.e.20518/click - {}
RESULT: {}
COMMAND: GET /session/0157ef9fabb145ee7fb2a1f3feebe51f/screenshot - {}
RESULT: {}
COMMAND: POST /session/0157ef9fabb145ee7fb2a1f3feebe51f/execute/async - {"script":"<script> [1562 bytes]","args":[{"selector":{"id":"application-managehandovers-display-component---AddNewHO--ObjectPageLayout-anchBar-application-managehandovers-display-component---AddNewHO--section4-anchor","interaction":{"idSuffix":"BDI-content"}},"wdio_ui5_key":"applicationmanagehandovers-display-component---AddNewHO--ObjectPageLayout-anchBar-application-managehandovers-display-component---AddNewHO--section4-anchor"}]}
RESULT: {"script":"<script> [1562 bytes]","args":[{"selector":{"id":"application-managehandovers-display-component---AddNewHO--ObjectPageLayout-anchBar-application-managehandovers-display-component---AddNewHO--section4-anchor","interaction":{"idSuffix":"BDI-content"}},"wdio_ui5_key":"applicationmanagehandovers-display-component---AddNewHO--ObjectPageLayout-anchBar-application-managehandovers-display-component---AddNewHO--section4-anchor"}]}
RESULT: undefined
COMMAND: POST /session/0157ef9fabb145ee7fb2a1f3feebe51f/element - {"using":"xpath","value":"//*[@id=\"application-managehandovers-display-component---AddNewHO--ObjectPageLayout-anchBar-application-managehandovers-display-component---AddNewHO--section4-anchor\"]"}
RESULT: {"using":"xpath","value":"//*[@id=\"application-managehandovers-display-component---AddNewHO--ObjectPageLayout-anchBar-application-managehandovers-display-component---AddNewHO--section4-anchor\"]"}
COMMAND: POST /session/0157ef9fabb145ee7fb2a1f3feebe51f/element/f.2D1A903BB9B117B2180C998CF94CF722.d.26242B1142895693158BF7B1006E163A.e.20520/click - {}
RESULT: {}
COMMAND: POST /session/0157ef9fabb145ee7fb2a1f3feebe51f/element - {"using":"xpath","value":"//button[@aria-label=\"Add\"]"}
COMMAND: GET /session/0157ef9fabb145ee7fb2a1f3feebe51f/screenshot - {}
RESULT: {"using":"xpath","value":"//button[@aria-label=\"Add\"]"}
COMMAND: POST /session/0157ef9fabb145ee7fb2a1f3feebe51f/element/f.2D1A903BB9B117B2180C998CF94CF722.d.26242B1142895693158BF7B1006E163A.e.20522/click - {}
RESULT: {}
RESULT: {}
COMMAND: GET /session/0157ef9fabb145ee7fb2a1f3feebe51f/screenshot - {}
RESULT: {}
COMMAND: POST /session/0157ef9fabb145ee7fb2a1f3feebe51f/execute/async - {"script":"<script> [1562 bytes]","args":[{"selector":{"id":"application-managehandovers-display-component---AddNewHO--smartFilterBar-btnBasicSearch","searchOpenDialogs":true,"interaction":{"idSuffix":"I"}},"wdio_ui5_key":"applicationmanagehandovers-display-component---AddNewHO--smartFilterBar-btnBasicSearch"}]}
RESULT: {"script":"<script> [1562 bytes]","args":[{"selector":{"id":"application-managehandovers-display-component---AddNewHO--smartFilterBar-btnBasicSearch","searchOpenDialogs":true,"interaction":{"idSuffix":"I"}},"wdio_ui5_key":"applicationmanagehandovers-display-component---AddNewHO--smartFilterBar-btnBasicSearch"}]}
RESULT: undefined
COMMAND: POST /session/0157ef9fabb145ee7fb2a1f3feebe51f/execute/async - {"script":"<script> [776 bytes]","args":[{"enterText":"7gKYor5olx","selector":{"id":"application-managehandovers-display-component---AddNewHO--smartFilterBar-btnBasicSearch","searchOpenDialogs":true,"interaction":{"idSuffix":"I"}},"clearTextFirst":true,"interactionType":"ENTER_TEXT"}]}
RESULT: {"script":"<script> [776 bytes]","args":[{"enterText":"7gKYor5olx","selector":{"id":"application-managehandovers-display-component---AddNewHO--smartFilterBar-btnBasicSearch","searchOpenDialogs":true,"interaction":{"idSuffix":"I"}},"clearTextFirst":true,"interactionType":"ENTER_TEXT"}]}
COMMAND: POST /session/0157ef9fabb145ee7fb2a1f3feebe51f/actions - {"actions":[{"id":"action71","type":"key","parameters":{},"actions":[{"type":"keyDown","value":""},{"type":"pause","duration":10},{"type":"keyUp","value":""}]}]}
RESULT: {"actions":[{"id":"action71","type":"key","parameters":{},"actions":[{"type":"keyDown","value":""},{"type":"pause","duration":10},{"type":"keyUp","value":""}]}]}
COMMAND: GET /session/0157ef9fabb145ee7fb2a1f3feebe51f/screenshot - {}
RESULT: {}
COMMAND: POST /session/0157ef9fabb145ee7fb2a1f3feebe51f/execute/async - {"script":"<script> [1562 bytes]","args":[{"selector":{"id":"application-managehandovers-display-component---AddNewHO--popup-sa","searchOpenDialogs":true,"interaction":{"idSuffix":"CbBg"}},"wdio_ui5_key":"applicationmanagehandovers-display-component---AddNewHO--popup-sa"}]}
RESULT: {"script":"<script> [1562 bytes]","args":[{"selector":{"id":"application-managehandovers-display-component---AddNewHO--popup-sa","searchOpenDialogs":true,"interaction":{"idSuffix":"CbBg"}},"wdio_ui5_key":"applicationmanagehandovers-display-component---AddNewHO--popup-sa"}]}
RESULT: undefined
COMMAND: POST /session/0157ef9fabb145ee7fb2a1f3feebe51f/element - {"using":"xpath","value":"//*[@id=\"application-managehandovers-display-component---AddNewHO--popup-sa\"]"}
RESULT: {"using":"xpath","value":"//*[@id=\"application-managehandovers-display-component---AddNewHO--popup-sa\"]"}
COMMAND: POST /session/0157ef9fabb145ee7fb2a1f3feebe51f/element/f.2D1A903BB9B117B2180C998CF94CF722.d.26242B1142895693158BF7B1006E163A.e.20675/click - {}
RESULT: {}
COMMAND: GET /session/0157ef9fabb145ee7fb2a1f3feebe51f/screenshot - {}
RESULT: {}
COMMAND: POST /session/0157ef9fabb145ee7fb2a1f3feebe51f/element - {"using":"xpath","value":"//bdi[contains(text(), \"Select\")]"}
RESULT: {"using":"xpath","value":"//bdi[contains(text(), \"Select\")]"}
COMMAND: POST /session/0157ef9fabb145ee7fb2a1f3feebe51f/element/f.2D1A903BB9B117B2180C998CF94CF722.d.26242B1142895693158BF7B1006E163A.e.20676/click - {}
RESULT: {}
COMMAND: GET /session/0157ef9fabb145ee7fb2a1f3feebe51f/screenshot - {}
RESULT: {}
COMMAND: POST /session/0157ef9fabb145ee7fb2a1f3feebe51f/element - {"using":"xpath","value":"//button[@data-kt=\"AddNewHOSaveButton\"]"}
RESULT: {"using":"xpath","value":"//button[@data-kt=\"AddNewHOSaveButton\"]"}
COMMAND: POST /session/0157ef9fabb145ee7fb2a1f3feebe51f/element/f.2D1A903BB9B117B2180C998CF94CF722.d.26242B1142895693158BF7B1006E163A.e.20680/click - {}
RESULT: {}
COMMAND: GET /session/0157ef9fabb145ee7fb2a1f3feebe51f/screenshot - {}
COMMAND: POST /session/0157ef9fabb145ee7fb2a1f3feebe51f/execute/async - {"script":"<script> [1562 bytes]","args":[{"selector":{"id":"receiptDatePicker","viewName":"etm.portal.ui.managehandovers.view.DetailExecuteHO","interaction":{"idSuffix":"inner"}},"wdio_ui5_key":"receiptDatePickeretmportal.ui.managehandovers.view.DetailExecuteHO"}]}
RESULT: {}
RESULT: {"script":"<script> [1562 bytes]","args":[{"selector":{"id":"receiptDatePicker","viewName":"etm.portal.ui.managehandovers.view.DetailExecuteHO","interaction":{"idSuffix":"inner"}},"wdio_ui5_key":"receiptDatePickeretmportal.ui.managehandovers.view.DetailExecuteHO"}]}
RESULT: undefined
COMMAND: POST /session/0157ef9fabb145ee7fb2a1f3feebe51f/execute/async - {"script":"<script> [6424 bytes]","args":[{"element-6066-11e4-a52e-4f735466cecf":"f.2D1A903BB9B117B2180C998CF94CF722.d.26242B1142895693158BF7B1006E163A.e.20708"},"setValue",["04/17/2025"]]}
RESULT: {"script":"<script> [6424 bytes]","args":[{"element-6066-11e4-a52e-4f735466cecf":"f.2D1A903BB9B117B2180C998CF94CF722.d.26242B1142895693158BF7B1006E163A.e.20708"},"setValue",["04/17/2025"]]}
COMMAND: POST /session/0157ef9fabb145ee7fb2a1f3feebe51f/element - {"using":"xpath","value":"//button[@data-kt=\"PickingTableConfirmAllButton\"]"}
RESULT: {"using":"xpath","value":"//button[@data-kt=\"PickingTableConfirmAllButton\"]"}
COMMAND: POST /session/0157ef9fabb145ee7fb2a1f3feebe51f/element/f.2D1A903BB9B117B2180C998CF94CF722.d.26242B1142895693158BF7B1006E163A.e.20724/click - {}
RESULT: {}
COMMAND: GET /session/0157ef9fabb145ee7fb2a1f3feebe51f/screenshot - {}
RESULT: {}
COMMAND: POST /session/0157ef9fabb145ee7fb2a1f3feebe51f/element - {"using":"xpath","value":"//bdi[contains(text(), \"OK\")]"}
RESULT: {"using":"xpath","value":"//bdi[contains(text(), \"OK\")]"}
COMMAND: POST /session/0157ef9fabb145ee7fb2a1f3feebe51f/element/f.2D1A903BB9B117B2180C998CF94CF722.d.26242B1142895693158BF7B1006E163A.e.20726/click - {}
RESULT: {}
COMMAND: GET /session/0157ef9fabb145ee7fb2a1f3feebe51f/screenshot - {}
RESULT: {}
COMMAND: POST /session/0157ef9fabb145ee7fb2a1f3feebe51f/element - {"using":"xpath","value":"(//bdi[contains(text(), \"Receive\")])[2]"}
RESULT: {"using":"xpath","value":"(//bdi[contains(text(), \"Receive\")])[2]"}
COMMAND: POST /session/0157ef9fabb145ee7fb2a1f3feebe51f/element/f.2D1A903BB9B117B2180C998CF94CF722.d.26242B1142895693158BF7B1006E163A.e.20728/click - {}
RESULT: {}
COMMAND: GET /session/0157ef9fabb145ee7fb2a1f3feebe51f/screenshot - {}
RESULT: {}
COMMAND: POST /session/0157ef9fabb145ee7fb2a1f3feebe51f/element - {"using":"css selector","value":"#shell-header-logo"}
RESULT: {"using":"css selector","value":"#shell-header-logo"}
COMMAND: POST /session/0157ef9fabb145ee7fb2a1f3feebe51f/element/f.2D1A903BB9B117B2180C998CF94CF722.d.26242B1142895693158BF7B1006E163A.e.20122/click - {}
RESULT: {}
COMMAND: GET /session/0157ef9fabb145ee7fb2a1f3feebe51f/screenshot - {}
RESULT: {}
]]></system-out>
    </testcase>
    <testcase classname="chrome.135_0_7049_42.windows.Billing_Calculation_-_Time_based_(considering_transport_times)_US139738" name="Should create a new contract" time="55.379">
      <system-out><![CDATA[
COMMAND: POST /session/0157ef9fabb145ee7fb2a1f3feebe51f/execute/async - {"script":"<script> [1562 bytes]","args":[{"selector":{"controlType":"sap.m.Text","viewName":"etm.portal.ui.managecontractstile.view.Master","properties":{"text":"Manage Contracts"},"interaction":{"idSuffix":"inner"}},"wdio_ui5_key":"etmportal.ui.managecontractstile.view.Mastersap.m.Text{\"text\":\"Manage Contracts\"}"}]}
RESULT: {"script":"<script> [1562 bytes]","args":[{"selector":{"controlType":"sap.m.Text","viewName":"etm.portal.ui.managecontractstile.view.Master","properties":{"text":"Manage Contracts"},"interaction":{"idSuffix":"inner"}},"wdio_ui5_key":"etmportal.ui.managecontractstile.view.Mastersap.m.Text{\"text\":\"Manage Contracts\"}"}]}
RESULT: undefined
COMMAND: POST /session/0157ef9fabb145ee7fb2a1f3feebe51f/element - {"using":"xpath","value":"//*[@id=\"__tile130-title\"]"}
RESULT: {"using":"xpath","value":"//*[@id=\"__tile130-title\"]"}
COMMAND: POST /session/0157ef9fabb145ee7fb2a1f3feebe51f/element/f.2D1A903BB9B117B2180C998CF94CF722.d.26242B1142895693158BF7B1006E163A.e.20903/click - {}
RESULT: {}
COMMAND: GET /session/0157ef9fabb145ee7fb2a1f3feebe51f/screenshot - {}
COMMAND: POST /session/0157ef9fabb145ee7fb2a1f3feebe51f/element - {"using":"xpath","value":"//button[@data-kt=\"addButton\"]"}
RESULT: undefined
RESULT: undefined
RESULT: {}
RESULT: {"using":"xpath","value":"//button[@data-kt=\"addButton\"]"}
COMMAND: POST /session/0157ef9fabb145ee7fb2a1f3feebe51f/elements - {"using":"xpath","value":"//button[@data-kt=\"addButton\"]"}
RESULT: {"using":"xpath","value":"//button[@data-kt=\"addButton\"]"}
COMMAND: POST /session/0157ef9fabb145ee7fb2a1f3feebe51f/execute/sync - {"script":"<script> [8489 bytes]","args":[{"element-6066-11e4-a52e-4f735466cecf":"f.2D1A903BB9B117B2180C998CF94CF722.d.26242B1142895693158BF7B1006E163A.e.20984","ELEMENT":"f.2D1A903BB9B117B2180C998CF94CF722.d.26242B1142895693158BF7B1006E163A.e.20984"}]}
RESULT: {"script":"<script> [8489 bytes]","args":[{"element-6066-11e4-a52e-4f735466cecf":"f.2D1A903BB9B117B2180C998CF94CF722.d.26242B1142895693158BF7B1006E163A.e.20984","ELEMENT":"f.2D1A903BB9B117B2180C998CF94CF722.d.26242B1142895693158BF7B1006E163A.e.20984"}]}
COMMAND: GET /session/0157ef9fabb145ee7fb2a1f3feebe51f/element/f.2D1A903BB9B117B2180C998CF94CF722.d.26242B1142895693158BF7B1006E163A.e.20984/enabled - {}
COMMAND: GET /session/0157ef9fabb145ee7fb2a1f3feebe51f/screenshot - {}
RESULT: {}
COMMAND: POST /session/0157ef9fabb145ee7fb2a1f3feebe51f/execute/sync - {"script":"<script> [8489 bytes]","args":[{"element-6066-11e4-a52e-4f735466cecf":"f.2D1A903BB9B117B2180C998CF94CF722.d.26242B1142895693158BF7B1006E163A.e.20984","ELEMENT":"f.2D1A903BB9B117B2180C998CF94CF722.d.26242B1142895693158BF7B1006E163A.e.20984"}]}
COMMAND: GET /session/0157ef9fabb145ee7fb2a1f3feebe51f/screenshot - {}
RESULT: {}
RESULT: {"script":"<script> [8489 bytes]","args":[{"element-6066-11e4-a52e-4f735466cecf":"f.2D1A903BB9B117B2180C998CF94CF722.d.26242B1142895693158BF7B1006E163A.e.20984","ELEMENT":"f.2D1A903BB9B117B2180C998CF94CF722.d.26242B1142895693158BF7B1006E163A.e.20984"}]}
COMMAND: POST /session/0157ef9fabb145ee7fb2a1f3feebe51f/execute/sync - {"script":"<script> [5351 bytes]","args":[{"element-6066-11e4-a52e-4f735466cecf":"f.2D1A903BB9B117B2180C998CF94CF722.d.26242B1142895693158BF7B1006E163A.e.20984","ELEMENT":"f.2D1A903BB9B117B2180C998CF94CF722.d.26242B1142895693158BF7B1006E163A.e.20984"}]}
COMMAND: GET /session/0157ef9fabb145ee7fb2a1f3feebe51f/screenshot - {}
RESULT: {}
RESULT: {"script":"<script> [5351 bytes]","args":[{"element-6066-11e4-a52e-4f735466cecf":"f.2D1A903BB9B117B2180C998CF94CF722.d.26242B1142895693158BF7B1006E163A.e.20984","ELEMENT":"f.2D1A903BB9B117B2180C998CF94CF722.d.26242B1142895693158BF7B1006E163A.e.20984"}]}
COMMAND: GET /session/0157ef9fabb145ee7fb2a1f3feebe51f/screenshot - {}
RESULT: {}
RESULT: {}
COMMAND: POST /session/0157ef9fabb145ee7fb2a1f3feebe51f/element/f.2D1A903BB9B117B2180C998CF94CF722.d.26242B1142895693158BF7B1006E163A.e.20984/click - {}
RESULT: {}
COMMAND: GET /session/0157ef9fabb145ee7fb2a1f3feebe51f/screenshot - {}
COMMAND: POST /session/0157ef9fabb145ee7fb2a1f3feebe51f/execute/async - {"script":"<script> [1562 bytes]","args":[{"selector":{"id":"application-managecontracts-display-component---AddNewContract--projectDescription","interaction":{"idSuffix":"inner"}},"wdio_ui5_key":"applicationmanagecontracts-display-component---AddNewContract--projectDescription"}]}
RESULT: {}
RESULT: {"script":"<script> [1562 bytes]","args":[{"selector":{"id":"application-managecontracts-display-component---AddNewContract--projectDescription","interaction":{"idSuffix":"inner"}},"wdio_ui5_key":"applicationmanagecontracts-display-component---AddNewContract--projectDescription"}]}
RESULT: undefined
COMMAND: POST /session/0157ef9fabb145ee7fb2a1f3feebe51f/execute/async - {"script":"<script> [776 bytes]","args":[{"enterText":"Contract WDIO","selector":{"id":"application-managecontracts-display-component---AddNewContract--projectDescription","interaction":{"idSuffix":"inner"}},"clearTextFirst":true,"interactionType":"ENTER_TEXT"}]}
RESULT: {"script":"<script> [776 bytes]","args":[{"enterText":"Contract WDIO","selector":{"id":"application-managecontracts-display-component---AddNewContract--projectDescription","interaction":{"idSuffix":"inner"}},"clearTextFirst":true,"interactionType":"ENTER_TEXT"}]}
COMMAND: POST /session/0157ef9fabb145ee7fb2a1f3feebe51f/element - {"using":"xpath","value":"//input[@id=\"application-managecontracts-display-component---AddNewContract--site-inner\"]"}
RESULT: {"using":"xpath","value":"//input[@id=\"application-managecontracts-display-component---AddNewContract--site-inner\"]"}
COMMAND: POST /session/0157ef9fabb145ee7fb2a1f3feebe51f/element/f.2D1A903BB9B117B2180C998CF94CF722.d.26242B1142895693158BF7B1006E163A.e.21272/clear - {}
RESULT: {}
COMMAND: POST /session/0157ef9fabb145ee7fb2a1f3feebe51f/element/f.2D1A903BB9B117B2180C998CF94CF722.d.26242B1142895693158BF7B1006E163A.e.21272/value - {"text":"2285"}
COMMAND: GET /session/0157ef9fabb145ee7fb2a1f3feebe51f/screenshot - {}
RESULT: {"text":"2285"}
COMMAND: GET /session/0157ef9fabb145ee7fb2a1f3feebe51f/screenshot - {}
RESULT: {}
RESULT: {}
COMMAND: POST /session/0157ef9fabb145ee7fb2a1f3feebe51f/element - {"using":"xpath","value":"//li[.//span[text()='2285']]"}
RESULT: {"using":"xpath","value":"//li[.//span[text()='2285']]"}
COMMAND: POST /session/0157ef9fabb145ee7fb2a1f3feebe51f/element/f.2D1A903BB9B117B2180C998CF94CF722.d.26242B1142895693158BF7B1006E163A.e.21295/click - {}
RESULT: {}
COMMAND: GET /session/0157ef9fabb145ee7fb2a1f3feebe51f/screenshot - {}
RESULT: {}
COMMAND: POST /session/0157ef9fabb145ee7fb2a1f3feebe51f/element - {"using":"xpath","value":"//input[@id=\"application-managecontracts-display-component---AddNewContract--yardId-inner\"]"}
RESULT: {"using":"xpath","value":"//input[@id=\"application-managecontracts-display-component---AddNewContract--yardId-inner\"]"}
COMMAND: GET /session/0157ef9fabb145ee7fb2a1f3feebe51f/element/f.2D1A903BB9B117B2180C998CF94CF722.d.26242B1142895693158BF7B1006E163A.e.21273/property/value - {}
RESULT: {}
COMMAND: POST /session/0157ef9fabb145ee7fb2a1f3feebe51f/element - {"using":"xpath","value":"//input[@id=\"application-managecontracts-display-component---AddNewContract--customerSelect-inner\"]"}
COMMAND: GET /session/0157ef9fabb145ee7fb2a1f3feebe51f/screenshot - {}
RESULT: {"using":"xpath","value":"//input[@id=\"application-managecontracts-display-component---AddNewContract--customerSelect-inner\"]"}
COMMAND: POST /session/0157ef9fabb145ee7fb2a1f3feebe51f/element/f.2D1A903BB9B117B2180C998CF94CF722.d.26242B1142895693158BF7B1006E163A.e.21271/clear - {}
RESULT: {}
RESULT: {}
COMMAND: POST /session/0157ef9fabb145ee7fb2a1f3feebe51f/element/f.2D1A903BB9B117B2180C998CF94CF722.d.26242B1142895693158BF7B1006E163A.e.21271/value - {"text":"1326"}
COMMAND: GET /session/0157ef9fabb145ee7fb2a1f3feebe51f/screenshot - {}
RESULT: {"text":"1326"}
COMMAND: GET /session/0157ef9fabb145ee7fb2a1f3feebe51f/screenshot - {}
RESULT: {}
RESULT: {}
COMMAND: POST /session/0157ef9fabb145ee7fb2a1f3feebe51f/element - {"using":"xpath","value":"//li[.//span[text()='1326']]"}
RESULT: {"using":"xpath","value":"//li[.//span[text()='1326']]"}
COMMAND: POST /session/0157ef9fabb145ee7fb2a1f3feebe51f/element/f.2D1A903BB9B117B2180C998CF94CF722.d.26242B1142895693158BF7B1006E163A.e.21298/click - {}
RESULT: {}
COMMAND: GET /session/0157ef9fabb145ee7fb2a1f3feebe51f/screenshot - {}
RESULT: {}
COMMAND: POST /session/0157ef9fabb145ee7fb2a1f3feebe51f/element - {"using":"xpath","value":"//button[@data-kt=\"saveButton\"]"}
RESULT: {"using":"xpath","value":"//button[@data-kt=\"saveButton\"]"}
COMMAND: POST /session/0157ef9fabb145ee7fb2a1f3feebe51f/element/f.2D1A903BB9B117B2180C998CF94CF722.d.26242B1142895693158BF7B1006E163A.e.21288/click - {}
RESULT: {}
COMMAND: GET /session/0157ef9fabb145ee7fb2a1f3feebe51f/screenshot - {}
RESULT: {}
COMMAND: POST /session/0157ef9fabb145ee7fb2a1f3feebe51f/element - {"using":"xpath","value":"//span[contains(@id ,\"contractDetailTitleNoExpanded\")]"}
RESULT: {"using":"xpath","value":"//span[contains(@id ,\"contractDetailTitleNoExpanded\")]"}
COMMAND: POST /session/0157ef9fabb145ee7fb2a1f3feebe51f/elements - {"using":"xpath","value":"//span[contains(@id ,\"contractDetailTitleNoExpanded\")]"}
RESULT: {"using":"xpath","value":"//span[contains(@id ,\"contractDetailTitleNoExpanded\")]"}
COMMAND: POST /session/0157ef9fabb145ee7fb2a1f3feebe51f/execute/sync - {"script":"<script> [56 bytes]","args":[{"element-6066-11e4-a52e-4f735466cecf":"f.2D1A903BB9B117B2180C998CF94CF722.d.26242B1142895693158BF7B1006E163A.e.21370","ELEMENT":"f.2D1A903BB9B117B2180C998CF94CF722.d.26242B1142895693158BF7B1006E163A.e.21370"}]}
RESULT: {"script":"<script> [56 bytes]","args":[{"element-6066-11e4-a52e-4f735466cecf":"f.2D1A903BB9B117B2180C998CF94CF722.d.26242B1142895693158BF7B1006E163A.e.21370","ELEMENT":"f.2D1A903BB9B117B2180C998CF94CF722.d.26242B1142895693158BF7B1006E163A.e.21370"}]}
COMMAND: GET /session/0157ef9fabb145ee7fb2a1f3feebe51f/screenshot - {}
RESULT: {}
]]></system-out>
    </testcase>
    <testcase classname="chrome.135_0_7049_42.windows.Billing_Calculation_-_Time_based_(considering_transport_times)_US139738" name="Should add transport time checkbox on contract details" time="16.587">
      <system-out><![CDATA[
COMMAND: POST /session/0157ef9fabb145ee7fb2a1f3feebe51f/element - {"using":"xpath","value":"//button[@data-kt=\"contractDetailEditBtnButton\"]"}
RESULT: {"using":"xpath","value":"//button[@data-kt=\"contractDetailEditBtnButton\"]"}
COMMAND: POST /session/0157ef9fabb145ee7fb2a1f3feebe51f/element/f.2D1A903BB9B117B2180C998CF94CF722.d.26242B1142895693158BF7B1006E163A.e.21372/click - {}
RESULT: {}
COMMAND: GET /session/0157ef9fabb145ee7fb2a1f3feebe51f/screenshot - {}
RESULT: {}
COMMAND: POST /session/0157ef9fabb145ee7fb2a1f3feebe51f/element - {"using":"xpath","value":"(//span[contains(text(), \"Contract Billing\")])[2]"}
RESULT: {"using":"xpath","value":"(//span[contains(text(), \"Contract Billing\")])[2]"}
COMMAND: POST /session/0157ef9fabb145ee7fb2a1f3feebe51f/element/f.2D1A903BB9B117B2180C998CF94CF722.d.26242B1142895693158BF7B1006E163A.e.21426/click - {}
RESULT: {}
COMMAND: GET /session/0157ef9fabb145ee7fb2a1f3feebe51f/screenshot - {}
RESULT: {}
COMMAND: POST /session/0157ef9fabb145ee7fb2a1f3feebe51f/element - {"using":"xpath","value":"(//div[contains(@id, \"transportTimesBilled-CbBg\")])"}
RESULT: {"using":"xpath","value":"(//div[contains(@id, \"transportTimesBilled-CbBg\")])"}
COMMAND: POST /session/0157ef9fabb145ee7fb2a1f3feebe51f/element/f.2D1A903BB9B117B2180C998CF94CF722.d.26242B1142895693158BF7B1006E163A.e.21457/click - {}
RESULT: {}
COMMAND: GET /session/0157ef9fabb145ee7fb2a1f3feebe51f/screenshot - {}
RESULT: {}
COMMAND: POST /session/0157ef9fabb145ee7fb2a1f3feebe51f/element - {"using":"xpath","value":"(//button[@data-kt=\"saveButton\"])[2]"}
RESULT: {"using":"xpath","value":"(//button[@data-kt=\"saveButton\"])[2]"}
COMMAND: POST /session/0157ef9fabb145ee7fb2a1f3feebe51f/element/f.2D1A903BB9B117B2180C998CF94CF722.d.26242B1142895693158BF7B1006E163A.e.21458/click - {}
RESULT: {}
COMMAND: GET /session/0157ef9fabb145ee7fb2a1f3feebe51f/screenshot - {}
RESULT: {}
]]></system-out>
    </testcase>
    <testcase classname="chrome.135_0_7049_42.windows.Billing_Calculation_-_Time_based_(considering_transport_times)_US139738" name="Should add created equipment to contract" time="42.23">
      <system-out><![CDATA[
COMMAND: POST /session/0157ef9fabb145ee7fb2a1f3feebe51f/element - {"using":"xpath","value":"//button[@data-kt=\"contractDetailEditBtnButton\"]"}
RESULT: {"using":"xpath","value":"//button[@data-kt=\"contractDetailEditBtnButton\"]"}
COMMAND: POST /session/0157ef9fabb145ee7fb2a1f3feebe51f/element/f.2D1A903BB9B117B2180C998CF94CF722.d.26242B1142895693158BF7B1006E163A.e.21372/click - {}
RESULT: {}
COMMAND: GET /session/0157ef9fabb145ee7fb2a1f3feebe51f/screenshot - {}
RESULT: {}
COMMAND: POST /session/0157ef9fabb145ee7fb2a1f3feebe51f/element - {"using":"xpath","value":"(//span[contains(text(), \"Additional Addresses\")])[2]"}
RESULT: {"using":"xpath","value":"(//span[contains(text(), \"Additional Addresses\")])[2]"}
COMMAND: POST /session/0157ef9fabb145ee7fb2a1f3feebe51f/element/f.2D1A903BB9B117B2180C998CF94CF722.d.26242B1142895693158BF7B1006E163A.e.21476/click - {}
RESULT: {}
COMMAND: GET /session/0157ef9fabb145ee7fb2a1f3feebe51f/screenshot - {}
RESULT: {}
COMMAND: POST /session/0157ef9fabb145ee7fb2a1f3feebe51f/element - {"using":"xpath","value":"//button[@data-kt=\"btnAddTableRowOverflowToolbarButton\"]"}
RESULT: {"using":"xpath","value":"//button[@data-kt=\"btnAddTableRowOverflowToolbarButton\"]"}
COMMAND: POST /session/0157ef9fabb145ee7fb2a1f3feebe51f/element/f.2D1A903BB9B117B2180C998CF94CF722.d.26242B1142895693158BF7B1006E163A.e.21479/click - {}
RESULT: {}
COMMAND: GET /session/0157ef9fabb145ee7fb2a1f3feebe51f/screenshot - {}
RESULT: {}
COMMAND: POST /session/0157ef9fabb145ee7fb2a1f3feebe51f/element - {"using":"xpath","value":"//div[(text() = 'Standard Entry' or . = 'Standard Entry')]"}
RESULT: {"using":"xpath","value":"//div[(text() = 'Standard Entry' or . = 'Standard Entry')]"}
COMMAND: POST /session/0157ef9fabb145ee7fb2a1f3feebe51f/element/f.2D1A903BB9B117B2180C998CF94CF722.d.26242B1142895693158BF7B1006E163A.e.21481/click - {}
RESULT: {}
COMMAND: GET /session/0157ef9fabb145ee7fb2a1f3feebe51f/screenshot - {}
RESULT: {}
COMMAND: POST /session/0157ef9fabb145ee7fb2a1f3feebe51f/element - {"using":"xpath","value":"//td[7]/div/div/input"}
RESULT: {"using":"xpath","value":"//td[7]/div/div/input"}
COMMAND: POST /session/0157ef9fabb145ee7fb2a1f3feebe51f/element/f.2D1A903BB9B117B2180C998CF94CF722.d.26242B1142895693158BF7B1006E163A.e.21490/clear - {}
RESULT: {}
COMMAND: POST /session/0157ef9fabb145ee7fb2a1f3feebe51f/element/f.2D1A903BB9B117B2180C998CF94CF722.d.26242B1142895693158BF7B1006E163A.e.21490/value - {"text":"7gKYor5olx"}
COMMAND: GET /session/0157ef9fabb145ee7fb2a1f3feebe51f/screenshot - {}
RESULT: {"text":"7gKYor5olx"}
COMMAND: GET /session/0157ef9fabb145ee7fb2a1f3feebe51f/screenshot - {}
RESULT: {}
RESULT: {}
COMMAND: POST /session/0157ef9fabb145ee7fb2a1f3feebe51f/actions - {"actions":[{"id":"action72","type":"key","parameters":{},"actions":[{"type":"keyDown","value":""},{"type":"pause","duration":10},{"type":"keyUp","value":""}]}]}
RESULT: {"actions":[{"id":"action72","type":"key","parameters":{},"actions":[{"type":"keyDown","value":""},{"type":"pause","duration":10},{"type":"keyUp","value":""}]}]}
COMMAND: GET /session/0157ef9fabb145ee7fb2a1f3feebe51f/screenshot - {}
RESULT: {}
COMMAND: POST /session/0157ef9fabb145ee7fb2a1f3feebe51f/element - {"using":"xpath","value":"(//button[@data-kt=\"saveButton\"])[2]"}
RESULT: {"using":"xpath","value":"(//button[@data-kt=\"saveButton\"])[2]"}
COMMAND: POST /session/0157ef9fabb145ee7fb2a1f3feebe51f/element/f.2D1A903BB9B117B2180C998CF94CF722.d.26242B1142895693158BF7B1006E163A.e.21458/click - {}
RESULT: {}
COMMAND: GET /session/0157ef9fabb145ee7fb2a1f3feebe51f/screenshot - {}
RESULT: {}
COMMAND: POST /session/0157ef9fabb145ee7fb2a1f3feebe51f/element - {"using":"xpath","value":"//span[contains(@id ,\"contractItemsSmartTable-header-inner\")]"}
RESULT: {"using":"xpath","value":"//span[contains(@id ,\"contractItemsSmartTable-header-inner\")]"}
COMMAND: POST /session/0157ef9fabb145ee7fb2a1f3feebe51f/elements - {"using":"xpath","value":"//span[contains(@id ,\"contractItemsSmartTable-header-inner\")]"}
RESULT: {"using":"xpath","value":"//span[contains(@id ,\"contractItemsSmartTable-header-inner\")]"}
COMMAND: POST /session/0157ef9fabb145ee7fb2a1f3feebe51f/execute/sync - {"script":"<script> [56 bytes]","args":[{"element-6066-11e4-a52e-4f735466cecf":"f.2D1A903BB9B117B2180C998CF94CF722.d.26242B1142895693158BF7B1006E163A.e.21507","ELEMENT":"f.2D1A903BB9B117B2180C998CF94CF722.d.26242B1142895693158BF7B1006E163A.e.21507"}]}
RESULT: {"script":"<script> [56 bytes]","args":[{"element-6066-11e4-a52e-4f735466cecf":"f.2D1A903BB9B117B2180C998CF94CF722.d.26242B1142895693158BF7B1006E163A.e.21507","ELEMENT":"f.2D1A903BB9B117B2180C998CF94CF722.d.26242B1142895693158BF7B1006E163A.e.21507"}]}
COMMAND: GET /session/0157ef9fabb145ee7fb2a1f3feebe51f/screenshot - {}
]]></system-out>
    </testcase>
    <testcase classname="chrome.135_0_7049_42.windows.Billing_Calculation_-_Time_based_(considering_transport_times)_US139738" name="Should do a provide to site 2 step" time="127.333">
      <system-out><![CDATA[
COMMAND: POST /session/0157ef9fabb145ee7fb2a1f3feebe51f/element - {"using":"xpath","value":"//button[@data-kt=\"provideButton\"]"}
RESULT: {}
RESULT: {"using":"xpath","value":"//button[@data-kt=\"provideButton\"]"}
COMMAND: POST /session/0157ef9fabb145ee7fb2a1f3feebe51f/element/f.2D1A903BB9B117B2180C998CF94CF722.d.26242B1142895693158BF7B1006E163A.e.21510/click - {}
RESULT: {}
COMMAND: GET /session/0157ef9fabb145ee7fb2a1f3feebe51f/screenshot - {}
RESULT: {}
COMMAND: POST /session/0157ef9fabb145ee7fb2a1f3feebe51f/element - {"using":"xpath","value":"(//div[contains(@id, \"application-managehandovers-display-component---AddNewHO--oneStep-CbBg\")])"}
RESULT: {"using":"xpath","value":"(//div[contains(@id, \"application-managehandovers-display-component---AddNewHO--oneStep-CbBg\")])"}
COMMAND: POST /session/0157ef9fabb145ee7fb2a1f3feebe51f/element/f.2D1A903BB9B117B2180C998CF94CF722.d.26242B1142895693158BF7B1006E163A.e.21784/click - {}
RESULT: {}
RESULT: undefined
COMMAND: POST /session/0157ef9fabb145ee7fb2a1f3feebe51f/execute/async - {"script":"<script> [6424 bytes]","args":[{"element-6066-11e4-a52e-4f735466cecf":"f.2D1A903BB9B117B2180C998CF94CF722.d.26242B1142895693158BF7B1006E163A.e.20495"},"setValue",["04/17/2025"]]}
COMMAND: GET /session/0157ef9fabb145ee7fb2a1f3feebe51f/screenshot - {}
RESULT: {}
COMMAND: POST /session/0157ef9fabb145ee7fb2a1f3feebe51f/execute/async - {"script":"<script> [1562 bytes]","args":[{"selector":{"id":"application-managehandovers-display-component---AddNewHO--dueDate","interaction":{"idSuffix":"inner"}},"wdio_ui5_key":"applicationmanagehandovers-display-component---AddNewHO--dueDate"}]}
RESULT: {"script":"<script> [1562 bytes]","args":[{"selector":{"id":"application-managehandovers-display-component---AddNewHO--dueDate","interaction":{"idSuffix":"inner"}},"wdio_ui5_key":"applicationmanagehandovers-display-component---AddNewHO--dueDate"}]}
COMMAND: POST /session/0157ef9fabb145ee7fb2a1f3feebe51f/execute/async - {"script":"<script> [6424 bytes]","args":[{"element-6066-11e4-a52e-4f735466cecf":"f.2D1A903BB9B117B2180C998CF94CF722.d.26242B1142895693158BF7B1006E163A.e.21569"},"setValue",["04/17/2025"]]}
RESULT: {"script":"<script> [6424 bytes]","args":[{"element-6066-11e4-a52e-4f735466cecf":"f.2D1A903BB9B117B2180C998CF94CF722.d.26242B1142895693158BF7B1006E163A.e.21569"},"setValue",["04/17/2025"]]}
COMMAND: POST /session/0157ef9fabb145ee7fb2a1f3feebe51f/element - {"using":"xpath","value":"//bdi[contains(text(), \"Instructions\")]"}
RESULT: {"using":"xpath","value":"//bdi[contains(text(), \"Instructions\")]"}
COMMAND: POST /session/0157ef9fabb145ee7fb2a1f3feebe51f/element/f.2D1A903BB9B117B2180C998CF94CF722.d.26242B1142895693158BF7B1006E163A.e.21786/click - {}
RESULT: {}
COMMAND: GET /session/0157ef9fabb145ee7fb2a1f3feebe51f/screenshot - {}
RESULT: {}
COMMAND: POST /session/0157ef9fabb145ee7fb2a1f3feebe51f/element - {"using":"xpath","value":"//button[@data-kt=\"AddNewHOProvideAddItemsButton\"]"}
RESULT: {"using":"xpath","value":"//button[@data-kt=\"AddNewHOProvideAddItemsButton\"]"}
COMMAND: POST /session/0157ef9fabb145ee7fb2a1f3feebe51f/element/f.2D1A903BB9B117B2180C998CF94CF722.d.26242B1142895693158BF7B1006E163A.e.21790/click - {}
RESULT: {}
COMMAND: GET /session/0157ef9fabb145ee7fb2a1f3feebe51f/screenshot - {}
RESULT: {}
RESULT: undefined
COMMAND: POST /session/0157ef9fabb145ee7fb2a1f3feebe51f/element - {"using":"xpath","value":"//*[@id=\"application-managehandovers-display-component---AddNewHO--popup-sa\"]"}
RESULT: {"using":"xpath","value":"//*[@id=\"application-managehandovers-display-component---AddNewHO--popup-sa\"]"}
COMMAND: POST /session/0157ef9fabb145ee7fb2a1f3feebe51f/element/f.2D1A903BB9B117B2180C998CF94CF722.d.26242B1142895693158BF7B1006E163A.e.21800/click - {}
RESULT: {}
COMMAND: GET /session/0157ef9fabb145ee7fb2a1f3feebe51f/screenshot - {}
RESULT: {}
COMMAND: POST /session/0157ef9fabb145ee7fb2a1f3feebe51f/element - {"using":"xpath","value":"//*[contains(@id ,\"BDI-content\")][contains(text(), \"Select\")]"}
RESULT: {"using":"xpath","value":"//*[contains(@id ,\"BDI-content\")][contains(text(), \"Select\")]"}
COMMAND: POST /session/0157ef9fabb145ee7fb2a1f3feebe51f/element/f.2D1A903BB9B117B2180C998CF94CF722.d.26242B1142895693158BF7B1006E163A.e.21801/click - {}
RESULT: {}
COMMAND: GET /session/0157ef9fabb145ee7fb2a1f3feebe51f/screenshot - {}
RESULT: {}
COMMAND: POST /session/0157ef9fabb145ee7fb2a1f3feebe51f/execute/async - {"script":"<script> [1562 bytes]","args":[{"selector":{"id":"application-managehandovers-display-component---AddNewHO--confirmCreationButton","interaction":{"idSuffix":"BDI-content"}},"wdio_ui5_key":"applicationmanagehandovers-display-component---AddNewHO--confirmCreationButton"}]}
RESULT: {"script":"<script> [1562 bytes]","args":[{"selector":{"id":"application-managehandovers-display-component---AddNewHO--confirmCreationButton","interaction":{"idSuffix":"BDI-content"}},"wdio_ui5_key":"applicationmanagehandovers-display-component---AddNewHO--confirmCreationButton"}]}
RESULT: undefined
COMMAND: POST /session/0157ef9fabb145ee7fb2a1f3feebe51f/element - {"using":"xpath","value":"//*[@id=\"application-managehandovers-display-component---AddNewHO--confirmCreationButton\"]"}
RESULT: {"using":"xpath","value":"//*[@id=\"application-managehandovers-display-component---AddNewHO--confirmCreationButton\"]"}
COMMAND: POST /session/0157ef9fabb145ee7fb2a1f3feebe51f/element/f.2D1A903BB9B117B2180C998CF94CF722.d.26242B1142895693158BF7B1006E163A.e.21592/click - {}
RESULT: {}
COMMAND: GET /session/0157ef9fabb145ee7fb2a1f3feebe51f/screenshot - {}
RESULT: {}
COMMAND: POST /session/0157ef9fabb145ee7fb2a1f3feebe51f/element - {"using":"xpath","value":"//button[@data-kt=\"PickingTableConfirmAllButton\"]"}
RESULT: {"using":"xpath","value":"//button[@data-kt=\"PickingTableConfirmAllButton\"]"}
COMMAND: POST /session/0157ef9fabb145ee7fb2a1f3feebe51f/elements - {"using":"xpath","value":"//button[@data-kt=\"PickingTableConfirmAllButton\"]"}
RESULT: {"using":"xpath","value":"//button[@data-kt=\"PickingTableConfirmAllButton\"]"}
COMMAND: POST /session/0157ef9fabb145ee7fb2a1f3feebe51f/element - {"using":"xpath","value":"//button[@data-kt=\"PickingTableConfirmAllButton\"]"}
RESULT: {"using":"xpath","value":"//button[@data-kt=\"PickingTableConfirmAllButton\"]"}
COMMAND: POST /session/0157ef9fabb145ee7fb2a1f3feebe51f/element/f.2D1A903BB9B117B2180C998CF94CF722.d.26242B1142895693158BF7B1006E163A.e.21838/click - {}
COMMAND: POST /session/0157ef9fabb145ee7fb2a1f3feebe51f/element - {"using":"xpath","value":"//button[@data-kt=\"PickingTableConfirmAllButton\"]"}
RESULT: {"using":"xpath","value":"//button[@data-kt=\"PickingTableConfirmAllButton\"]"}
COMMAND: POST /session/0157ef9fabb145ee7fb2a1f3feebe51f/element/f.2D1A903BB9B117B2180C998CF94CF722.d.26242B1142895693158BF7B1006E163A.e.21838/click - {}
COMMAND: POST /session/0157ef9fabb145ee7fb2a1f3feebe51f/element - {"using":"xpath","value":"//button[@data-kt=\"PickingTableConfirmAllButton\"]"}
RESULT: {"using":"xpath","value":"//button[@data-kt=\"PickingTableConfirmAllButton\"]"}
COMMAND: POST /session/0157ef9fabb145ee7fb2a1f3feebe51f/element/f.2D1A903BB9B117B2180C998CF94CF722.d.26242B1142895693158BF7B1006E163A.e.21859/click - {}
RESULT: {}
COMMAND: GET /session/0157ef9fabb145ee7fb2a1f3feebe51f/screenshot - {}
RESULT: {}
COMMAND: POST /session/0157ef9fabb145ee7fb2a1f3feebe51f/element - {"using":"xpath","value":"//bdi[contains(text(), \"OK\")]"}
RESULT: {"using":"xpath","value":"//bdi[contains(text(), \"OK\")]"}
COMMAND: POST /session/0157ef9fabb145ee7fb2a1f3feebe51f/element/f.2D1A903BB9B117B2180C998CF94CF722.d.26242B1142895693158BF7B1006E163A.e.21863/click - {}
RESULT: {}
COMMAND: GET /session/0157ef9fabb145ee7fb2a1f3feebe51f/screenshot - {}
RESULT: {}
COMMAND: POST /session/0157ef9fabb145ee7fb2a1f3feebe51f/element - {"using":"xpath","value":"//button[@data-kt=\"execHoPickButton\"]"}
RESULT: {"using":"xpath","value":"//button[@data-kt=\"execHoPickButton\"]"}
COMMAND: POST /session/0157ef9fabb145ee7fb2a1f3feebe51f/element/f.2D1A903BB9B117B2180C998CF94CF722.d.26242B1142895693158BF7B1006E163A.e.21864/click - {}
RESULT: {}
COMMAND: GET /session/0157ef9fabb145ee7fb2a1f3feebe51f/screenshot - {}
RESULT: {}
COMMAND: POST /session/0157ef9fabb145ee7fb2a1f3feebe51f/element - {"using":"xpath","value":"//span[contains(@id ,\"filterItemControl_BASIC-RECEIVE_CONTRACT-vhi\")]"}
RESULT: {"using":"xpath","value":"//span[contains(@id ,\"filterItemControl_BASIC-RECEIVE_CONTRACT-vhi\")]"}
COMMAND: POST /session/0157ef9fabb145ee7fb2a1f3feebe51f/element/f.2D1A903BB9B117B2180C998CF94CF722.d.26242B1142895693158BF7B1006E163A.e.22042/click - {}
RESULT: {}
COMMAND: GET /session/0157ef9fabb145ee7fb2a1f3feebe51f/screenshot - {}
RESULT: {}
COMMAND: POST /session/0157ef9fabb145ee7fb2a1f3feebe51f/execute/async - {"script":"<script> [1562 bytes]","args":[{"selector":{"controlType":"sap.m.SearchField","viewName":"etm.portal.ui.managehandovers.view.MasterHO","bindingPath":{"path":"","propertyPath":"/_BASIC_SEARCH_FIELD","modelName":"fi1t3rM0d31"},"searchOpenDialogs":true,"interaction":{"idSuffix":"I"}},"wdio_ui5_key":"etmportal.ui.managehandovers.view.MasterHOsap.m.SearchField{\"path\":\"\",\"propertyPath\":\"/_BASIC_SEARCH_FIELD\",\"modelName\":\"fi1t3rM0d31\"}"}]}
RESULT: {"script":"<script> [1562 bytes]","args":[{"selector":{"controlType":"sap.m.SearchField","viewName":"etm.portal.ui.managehandovers.view.MasterHO","bindingPath":{"path":"","propertyPath":"/_BASIC_SEARCH_FIELD","modelName":"fi1t3rM0d31"},"searchOpenDialogs":true,"interaction":{"idSuffix":"I"}},"wdio_ui5_key":"etmportal.ui.managehandovers.view.MasterHOsap.m.SearchField{\"path\":\"\",\"propertyPath\":\"/_BASIC_SEARCH_FIELD\",\"modelName\":\"fi1t3rM0d31\"}"}]}
RESULT: undefined
COMMAND: POST /session/0157ef9fabb145ee7fb2a1f3feebe51f/execute/async - {"script":"<script> [776 bytes]","args":[{"enterText":"10393","selector":{"controlType":"sap.m.SearchField","viewName":"etm.portal.ui.managehandovers.view.MasterHO","bindingPath":{"path":"","propertyPath":"/_BASIC_SEARCH_FIELD","modelName":"fi1t3rM0d31"},"searchOpenDialogs":true,"interaction":{"idSuffix":"I"}},"clearTextFirst":true,"interactionType":"ENTER_TEXT"}]}
RESULT: {"script":"<script> [776 bytes]","args":[{"enterText":"10393","selector":{"controlType":"sap.m.SearchField","viewName":"etm.portal.ui.managehandovers.view.MasterHO","bindingPath":{"path":"","propertyPath":"/_BASIC_SEARCH_FIELD","modelName":"fi1t3rM0d31"},"searchOpenDialogs":true,"interaction":{"idSuffix":"I"}},"clearTextFirst":true,"interactionType":"ENTER_TEXT"}]}
COMMAND: POST /session/0157ef9fabb145ee7fb2a1f3feebe51f/actions - {"actions":[{"id":"action73","type":"key","parameters":{},"actions":[{"type":"keyDown","value":""},{"type":"pause","duration":10},{"type":"keyUp","value":""}]}]}
RESULT: {"actions":[{"id":"action73","type":"key","parameters":{},"actions":[{"type":"keyDown","value":""},{"type":"pause","duration":10},{"type":"keyUp","value":""}]}]}
COMMAND: GET /session/0157ef9fabb145ee7fb2a1f3feebe51f/screenshot - {}
RESULT: {}
COMMAND: POST /session/0157ef9fabb145ee7fb2a1f3feebe51f/element - {"using":"xpath","value":"//div[contains(@id, 'filterItemControl_BASIC-RECEIVE_CONTRACT-valueHelpDialog-table-rowsel0')]"}
RESULT: {"using":"xpath","value":"//div[contains(@id, 'filterItemControl_BASIC-RECEIVE_CONTRACT-valueHelpDialog-table-rowsel0')]"}
COMMAND: POST /session/0157ef9fabb145ee7fb2a1f3feebe51f/element/f.2D1A903BB9B117B2180C998CF94CF722.d.26242B1142895693158BF7B1006E163A.e.22051/click - {}
RESULT: {}
COMMAND: GET /session/0157ef9fabb145ee7fb2a1f3feebe51f/screenshot - {}
RESULT: {}
COMMAND: POST /session/0157ef9fabb145ee7fb2a1f3feebe51f/element - {"using":"xpath","value":"//bdi[contains(text(), \"OK\")]"}
RESULT: {"using":"xpath","value":"//bdi[contains(text(), \"OK\")]"}
COMMAND: POST /session/0157ef9fabb145ee7fb2a1f3feebe51f/element/f.2D1A903BB9B117B2180C998CF94CF722.d.26242B1142895693158BF7B1006E163A.e.22053/click - {}
RESULT: {}
COMMAND: GET /session/0157ef9fabb145ee7fb2a1f3feebe51f/screenshot - {}
RESULT: {}
COMMAND: POST /session/0157ef9fabb145ee7fb2a1f3feebe51f/element - {"using":"xpath","value":"//span[contains(@id, \"smartTable-header-inner\")]"}
RESULT: {"using":"xpath","value":"//span[contains(@id, \"smartTable-header-inner\")]"}
COMMAND: POST /session/0157ef9fabb145ee7fb2a1f3feebe51f/elements - {"using":"xpath","value":"//span[contains(@id, \"smartTable-header-inner\")]"}
RESULT: {"using":"xpath","value":"//span[contains(@id, \"smartTable-header-inner\")]"}
COMMAND: POST /session/0157ef9fabb145ee7fb2a1f3feebe51f/execute/sync - {"script":"<script> [56 bytes]","args":[{"element-6066-11e4-a52e-4f735466cecf":"f.2D1A903BB9B117B2180C998CF94CF722.d.26242B1142895693158BF7B1006E163A.e.22081","ELEMENT":"f.2D1A903BB9B117B2180C998CF94CF722.d.26242B1142895693158BF7B1006E163A.e.22081"}]}
RESULT: {"script":"<script> [56 bytes]","args":[{"element-6066-11e4-a52e-4f735466cecf":"f.2D1A903BB9B117B2180C998CF94CF722.d.26242B1142895693158BF7B1006E163A.e.22081","ELEMENT":"f.2D1A903BB9B117B2180C998CF94CF722.d.26242B1142895693158BF7B1006E163A.e.22081"}]}
COMMAND: POST /session/0157ef9fabb145ee7fb2a1f3feebe51f/element - {"using":"xpath","value":"//table[contains(@id, \"customHandovers\")]//tbody/tr[1]/td[2]/span"}
COMMAND: GET /session/0157ef9fabb145ee7fb2a1f3feebe51f/screenshot - {}
RESULT: {"using":"xpath","value":"//table[contains(@id, \"customHandovers\")]//tbody/tr[1]/td[2]/span"}
COMMAND: POST /session/0157ef9fabb145ee7fb2a1f3feebe51f/execute/sync - {"script":"<script> [56 bytes]","args":[{"element-6066-11e4-a52e-4f735466cecf":"f.2D1A903BB9B117B2180C998CF94CF722.d.26242B1142895693158BF7B1006E163A.e.22082","ELEMENT":"f.2D1A903BB9B117B2180C998CF94CF722.d.26242B1142895693158BF7B1006E163A.e.22082"}]}
RESULT: {}
RESULT: {"script":"<script> [56 bytes]","args":[{"element-6066-11e4-a52e-4f735466cecf":"f.2D1A903BB9B117B2180C998CF94CF722.d.26242B1142895693158BF7B1006E163A.e.22082","ELEMENT":"f.2D1A903BB9B117B2180C998CF94CF722.d.26242B1142895693158BF7B1006E163A.e.22082"}]}
COMMAND: POST /session/0157ef9fabb145ee7fb2a1f3feebe51f/element - {"using":"xpath","value":"(//span[contains(@id, \"imgNav\")])[1]"}
COMMAND: GET /session/0157ef9fabb145ee7fb2a1f3feebe51f/screenshot - {}
RESULT: {"using":"xpath","value":"(//span[contains(@id, \"imgNav\")])[1]"}
COMMAND: POST /session/0157ef9fabb145ee7fb2a1f3feebe51f/element/f.2D1A903BB9B117B2180C998CF94CF722.d.26242B1142895693158BF7B1006E163A.e.22079/click - {}
RESULT: {}
RESULT: {}
COMMAND: GET /session/0157ef9fabb145ee7fb2a1f3feebe51f/screenshot - {}
RESULT: {}
COMMAND: POST /session/0157ef9fabb145ee7fb2a1f3feebe51f/element - {"using":"xpath","value":"//button[@data-kt=\"PickingTableConfirmAllButton\"]"}
RESULT: {"using":"xpath","value":"//button[@data-kt=\"PickingTableConfirmAllButton\"]"}
COMMAND: POST /session/0157ef9fabb145ee7fb2a1f3feebe51f/element/f.2D1A903BB9B117B2180C998CF94CF722.d.26242B1142895693158BF7B1006E163A.e.22122/click - {}
RESULT: {}
COMMAND: GET /session/0157ef9fabb145ee7fb2a1f3feebe51f/screenshot - {}
RESULT: {}
COMMAND: POST /session/0157ef9fabb145ee7fb2a1f3feebe51f/element - {"using":"xpath","value":"//bdi[contains(text(), \"OK\")]"}
RESULT: {"using":"xpath","value":"//bdi[contains(text(), \"OK\")]"}
COMMAND: POST /session/0157ef9fabb145ee7fb2a1f3feebe51f/element/f.2D1A903BB9B117B2180C998CF94CF722.d.26242B1142895693158BF7B1006E163A.e.22133/click - {}
RESULT: {}
COMMAND: GET /session/0157ef9fabb145ee7fb2a1f3feebe51f/screenshot - {}
RESULT: {}
COMMAND: POST /session/0157ef9fabb145ee7fb2a1f3feebe51f/element - {"using":"xpath","value":"//button[@data-kt=\"execHoIssueButton\"]"}
RESULT: {"using":"xpath","value":"//button[@data-kt=\"execHoIssueButton\"]"}
COMMAND: POST /session/0157ef9fabb145ee7fb2a1f3feebe51f/element/f.2D1A903BB9B117B2180C998CF94CF722.d.26242B1142895693158BF7B1006E163A.e.22135/click - {}
RESULT: {}
COMMAND: GET /session/0157ef9fabb145ee7fb2a1f3feebe51f/screenshot - {}
RESULT: {}
COMMAND: POST /session/0157ef9fabb145ee7fb2a1f3feebe51f/element - {"using":"xpath","value":"//input[contains(@id ,\"smartFilterBar-btnBasicSearch-I\")]"}
RESULT: {"using":"xpath","value":"//input[contains(@id ,\"smartFilterBar-btnBasicSearch-I\")]"}
COMMAND: POST /session/0157ef9fabb145ee7fb2a1f3feebe51f/elements - {"using":"xpath","value":"//input[contains(@id ,\"smartFilterBar-btnBasicSearch-I\")]"}
RESULT: {"using":"xpath","value":"//input[contains(@id ,\"smartFilterBar-btnBasicSearch-I\")]"}
COMMAND: POST /session/0157ef9fabb145ee7fb2a1f3feebe51f/execute/sync - {"script":"<script> [8489 bytes]","args":[{"element-6066-11e4-a52e-4f735466cecf":"f.2D1A903BB9B117B2180C998CF94CF722.d.26242B1142895693158BF7B1006E163A.e.21568","ELEMENT":"f.2D1A903BB9B117B2180C998CF94CF722.d.26242B1142895693158BF7B1006E163A.e.21568"}]}
RESULT: {"script":"<script> [8489 bytes]","args":[{"element-6066-11e4-a52e-4f735466cecf":"f.2D1A903BB9B117B2180C998CF94CF722.d.26242B1142895693158BF7B1006E163A.e.21568","ELEMENT":"f.2D1A903BB9B117B2180C998CF94CF722.d.26242B1142895693158BF7B1006E163A.e.21568"}]}
COMMAND: GET /session/0157ef9fabb145ee7fb2a1f3feebe51f/element/f.2D1A903BB9B117B2180C998CF94CF722.d.26242B1142895693158BF7B1006E163A.e.21568/enabled - {}
COMMAND: GET /session/0157ef9fabb145ee7fb2a1f3feebe51f/screenshot - {}
RESULT: {}
COMMAND: POST /session/0157ef9fabb145ee7fb2a1f3feebe51f/element/f.2D1A903BB9B117B2180C998CF94CF722.d.26242B1142895693158BF7B1006E163A.e.21568/clear - {}
COMMAND: GET /session/0157ef9fabb145ee7fb2a1f3feebe51f/screenshot - {}
RESULT: {}
RESULT: {}
COMMAND: POST /session/0157ef9fabb145ee7fb2a1f3feebe51f/element/f.2D1A903BB9B117B2180C998CF94CF722.d.26242B1142895693158BF7B1006E163A.e.21568/value - {"text":"30694"}
COMMAND: GET /session/0157ef9fabb145ee7fb2a1f3feebe51f/screenshot - {}
RESULT: {}
RESULT: {"text":"30694"}
COMMAND: GET /session/0157ef9fabb145ee7fb2a1f3feebe51f/screenshot - {}
RESULT: {}
RESULT: {}
COMMAND: POST /session/0157ef9fabb145ee7fb2a1f3feebe51f/actions - {"actions":[{"id":"action74","type":"key","parameters":{},"actions":[{"type":"keyDown","value":""},{"type":"pause","duration":10},{"type":"keyUp","value":""}]}]}
RESULT: {"actions":[{"id":"action74","type":"key","parameters":{},"actions":[{"type":"keyDown","value":""},{"type":"pause","duration":10},{"type":"keyUp","value":""}]}]}
COMMAND: GET /session/0157ef9fabb145ee7fb2a1f3feebe51f/screenshot - {}
RESULT: {}
COMMAND: POST /session/0157ef9fabb145ee7fb2a1f3feebe51f/element - {"using":"xpath","value":"//span[contains(@id, \"smartTable-header-inner\")]"}
RESULT: {"using":"xpath","value":"//span[contains(@id, \"smartTable-header-inner\")]"}
COMMAND: POST /session/0157ef9fabb145ee7fb2a1f3feebe51f/elements - {"using":"xpath","value":"//span[contains(@id, \"smartTable-header-inner\")]"}
RESULT: {"using":"xpath","value":"//span[contains(@id, \"smartTable-header-inner\")]"}
COMMAND: POST /session/0157ef9fabb145ee7fb2a1f3feebe51f/execute/sync - {"script":"<script> [56 bytes]","args":[{"element-6066-11e4-a52e-4f735466cecf":"f.2D1A903BB9B117B2180C998CF94CF722.d.26242B1142895693158BF7B1006E163A.e.22081","ELEMENT":"f.2D1A903BB9B117B2180C998CF94CF722.d.26242B1142895693158BF7B1006E163A.e.22081"}]}
RESULT: {"script":"<script> [56 bytes]","args":[{"element-6066-11e4-a52e-4f735466cecf":"f.2D1A903BB9B117B2180C998CF94CF722.d.26242B1142895693158BF7B1006E163A.e.22081","ELEMENT":"f.2D1A903BB9B117B2180C998CF94CF722.d.26242B1142895693158BF7B1006E163A.e.22081"}]}
COMMAND: POST /session/0157ef9fabb145ee7fb2a1f3feebe51f/elements - {"using":"xpath","value":"//thead[contains(@class, \"sapMTableTH\")]/tr/th"}
COMMAND: GET /session/0157ef9fabb145ee7fb2a1f3feebe51f/screenshot - {}
RESULT: {"using":"xpath","value":"//thead[contains(@class, \"sapMTableTH\")]/tr/th"}
COMMAND: GET /session/0157ef9fabb145ee7fb2a1f3feebe51f/element/f.2D1A903BB9B117B2180C998CF94CF722.d.26242B1142895693158BF7B1006E163A.e.22171/text - {}
RESULT: {}
RESULT: {}
COMMAND: GET /session/0157ef9fabb145ee7fb2a1f3feebe51f/element/f.2D1A903BB9B117B2180C998CF94CF722.d.26242B1142895693158BF7B1006E163A.e.22172/text - {}
RESULT: {}
COMMAND: GET /session/0157ef9fabb145ee7fb2a1f3feebe51f/element/f.2D1A903BB9B117B2180C998CF94CF722.d.26242B1142895693158BF7B1006E163A.e.21616/text - {}
RESULT: {}
COMMAND: GET /session/0157ef9fabb145ee7fb2a1f3feebe51f/element/f.2D1A903BB9B117B2180C998CF94CF722.d.26242B1142895693158BF7B1006E163A.e.21618/text - {}
RESULT: {}
COMMAND: GET /session/0157ef9fabb145ee7fb2a1f3feebe51f/element/f.2D1A903BB9B117B2180C998CF94CF722.d.26242B1142895693158BF7B1006E163A.e.22138/text - {}
RESULT: {}
COMMAND: GET /session/0157ef9fabb145ee7fb2a1f3feebe51f/element/f.2D1A903BB9B117B2180C998CF94CF722.d.26242B1142895693158BF7B1006E163A.e.22139/text - {}
RESULT: {}
COMMAND: GET /session/0157ef9fabb145ee7fb2a1f3feebe51f/element/f.2D1A903BB9B117B2180C998CF94CF722.d.26242B1142895693158BF7B1006E163A.e.22140/text - {}
RESULT: {}
COMMAND: GET /session/0157ef9fabb145ee7fb2a1f3feebe51f/element/f.2D1A903BB9B117B2180C998CF94CF722.d.26242B1142895693158BF7B1006E163A.e.22141/text - {}
RESULT: {}
COMMAND: GET /session/0157ef9fabb145ee7fb2a1f3feebe51f/element/f.2D1A903BB9B117B2180C998CF94CF722.d.26242B1142895693158BF7B1006E163A.e.22142/text - {}
RESULT: {}
COMMAND: GET /session/0157ef9fabb145ee7fb2a1f3feebe51f/element/f.2D1A903BB9B117B2180C998CF94CF722.d.26242B1142895693158BF7B1006E163A.e.22143/text - {}
RESULT: {}
COMMAND: GET /session/0157ef9fabb145ee7fb2a1f3feebe51f/element/f.2D1A903BB9B117B2180C998CF94CF722.d.26242B1142895693158BF7B1006E163A.e.22144/text - {}
RESULT: {}
COMMAND: GET /session/0157ef9fabb145ee7fb2a1f3feebe51f/element/f.2D1A903BB9B117B2180C998CF94CF722.d.26242B1142895693158BF7B1006E163A.e.22145/text - {}
RESULT: {}
COMMAND: GET /session/0157ef9fabb145ee7fb2a1f3feebe51f/element/f.2D1A903BB9B117B2180C998CF94CF722.d.26242B1142895693158BF7B1006E163A.e.22146/text - {}
RESULT: {}
COMMAND: GET /session/0157ef9fabb145ee7fb2a1f3feebe51f/element/f.2D1A903BB9B117B2180C998CF94CF722.d.26242B1142895693158BF7B1006E163A.e.21619/text - {}
RESULT: {}
COMMAND: POST /session/0157ef9fabb145ee7fb2a1f3feebe51f/element - {"using":"xpath","value":"//tbody[contains(@id, \"customHandoversTable-tblBody\")]/tr[1]/td[14]/div/span"}
RESULT: {"using":"xpath","value":"//tbody[contains(@id, \"customHandoversTable-tblBody\")]/tr[1]/td[14]/div/span"}
COMMAND: POST /session/0157ef9fabb145ee7fb2a1f3feebe51f/execute/sync - {"script":"<script> [56 bytes]","args":[{"element-6066-11e4-a52e-4f735466cecf":"f.2D1A903BB9B117B2180C998CF94CF722.d.26242B1142895693158BF7B1006E163A.e.22224","ELEMENT":"f.2D1A903BB9B117B2180C998CF94CF722.d.26242B1142895693158BF7B1006E163A.e.22224"}]}
RESULT: {"script":"<script> [56 bytes]","args":[{"element-6066-11e4-a52e-4f735466cecf":"f.2D1A903BB9B117B2180C998CF94CF722.d.26242B1142895693158BF7B1006E163A.e.22224","ELEMENT":"f.2D1A903BB9B117B2180C998CF94CF722.d.26242B1142895693158BF7B1006E163A.e.22224"}]}
COMMAND: POST /session/0157ef9fabb145ee7fb2a1f3feebe51f/element - {"using":"xpath","value":"(//span[contains(@id, \"imgNav\")])[1]"}
COMMAND: GET /session/0157ef9fabb145ee7fb2a1f3feebe51f/screenshot - {}
RESULT: {"using":"xpath","value":"(//span[contains(@id, \"imgNav\")])[1]"}
COMMAND: POST /session/0157ef9fabb145ee7fb2a1f3feebe51f/element/f.2D1A903BB9B117B2180C998CF94CF722.d.26242B1142895693158BF7B1006E163A.e.22225/click - {}
RESULT: {}
RESULT: {}
COMMAND: GET /session/0157ef9fabb145ee7fb2a1f3feebe51f/screenshot - {}
RESULT: {}
RESULT: undefined
COMMAND: POST /session/0157ef9fabb145ee7fb2a1f3feebe51f/execute/async - {"script":"<script> [776 bytes]","args":[{"enterText":"04/24/25","selector":{"id":"receiptDatePicker","viewName":"etm.portal.ui.managehandovers.view.DetailExecuteHO","interaction":{"idSuffix":"inner"}},"clearTextFirst":true,"interactionType":"ENTER_TEXT"}]}
RESULT: {"script":"<script> [776 bytes]","args":[{"enterText":"04/24/25","selector":{"id":"receiptDatePicker","viewName":"etm.portal.ui.managehandovers.view.DetailExecuteHO","interaction":{"idSuffix":"inner"}},"clearTextFirst":true,"interactionType":"ENTER_TEXT"}]}
COMMAND: POST /session/0157ef9fabb145ee7fb2a1f3feebe51f/element - {"using":"xpath","value":"//button[@data-kt=\"PickingTableConfirmAllButton\"]"}
RESULT: {"using":"xpath","value":"//button[@data-kt=\"PickingTableConfirmAllButton\"]"}
COMMAND: POST /session/0157ef9fabb145ee7fb2a1f3feebe51f/element/f.2D1A903BB9B117B2180C998CF94CF722.d.26242B1142895693158BF7B1006E163A.e.22244/click - {}
RESULT: {}
COMMAND: GET /session/0157ef9fabb145ee7fb2a1f3feebe51f/screenshot - {}
RESULT: {}
COMMAND: POST /session/0157ef9fabb145ee7fb2a1f3feebe51f/element - {"using":"xpath","value":"//bdi[contains(text(), \"OK\")]"}
RESULT: {"using":"xpath","value":"//bdi[contains(text(), \"OK\")]"}
COMMAND: POST /session/0157ef9fabb145ee7fb2a1f3feebe51f/element/f.2D1A903BB9B117B2180C998CF94CF722.d.26242B1142895693158BF7B1006E163A.e.22262/click - {}
RESULT: {}
COMMAND: GET /session/0157ef9fabb145ee7fb2a1f3feebe51f/screenshot - {}
RESULT: {}
COMMAND: POST /session/0157ef9fabb145ee7fb2a1f3feebe51f/element - {"using":"xpath","value":"//button[@data-kt= \"execHoReceiveButton\"]"}
RESULT: {"using":"xpath","value":"//button[@data-kt= \"execHoReceiveButton\"]"}
COMMAND: POST /session/0157ef9fabb145ee7fb2a1f3feebe51f/element/f.2D1A903BB9B117B2180C998CF94CF722.d.26242B1142895693158BF7B1006E163A.e.22264/click - {}
RESULT: {}
COMMAND: GET /session/0157ef9fabb145ee7fb2a1f3feebe51f/screenshot - {}
RESULT: {}
COMMAND: POST /session/0157ef9fabb145ee7fb2a1f3feebe51f/element - {"using":"xpath","value":"//input[contains(@id ,\"smartFilterBar-btnBasicSearch-I\")]"}
RESULT: {"using":"xpath","value":"//input[contains(@id ,\"smartFilterBar-btnBasicSearch-I\")]"}
COMMAND: POST /session/0157ef9fabb145ee7fb2a1f3feebe51f/elements - {"using":"xpath","value":"//input[contains(@id ,\"smartFilterBar-btnBasicSearch-I\")]"}
RESULT: {"using":"xpath","value":"//input[contains(@id ,\"smartFilterBar-btnBasicSearch-I\")]"}
COMMAND: POST /session/0157ef9fabb145ee7fb2a1f3feebe51f/execute/sync - {"script":"<script> [8489 bytes]","args":[{"element-6066-11e4-a52e-4f735466cecf":"f.2D1A903BB9B117B2180C998CF94CF722.d.26242B1142895693158BF7B1006E163A.e.21568","ELEMENT":"f.2D1A903BB9B117B2180C998CF94CF722.d.26242B1142895693158BF7B1006E163A.e.21568"}]}
RESULT: {"script":"<script> [8489 bytes]","args":[{"element-6066-11e4-a52e-4f735466cecf":"f.2D1A903BB9B117B2180C998CF94CF722.d.26242B1142895693158BF7B1006E163A.e.21568","ELEMENT":"f.2D1A903BB9B117B2180C998CF94CF722.d.26242B1142895693158BF7B1006E163A.e.21568"}]}
COMMAND: GET /session/0157ef9fabb145ee7fb2a1f3feebe51f/element/f.2D1A903BB9B117B2180C998CF94CF722.d.26242B1142895693158BF7B1006E163A.e.21568/enabled - {}
COMMAND: GET /session/0157ef9fabb145ee7fb2a1f3feebe51f/screenshot - {}
RESULT: {}
COMMAND: POST /session/0157ef9fabb145ee7fb2a1f3feebe51f/element/f.2D1A903BB9B117B2180C998CF94CF722.d.26242B1142895693158BF7B1006E163A.e.21568/clear - {}
COMMAND: GET /session/0157ef9fabb145ee7fb2a1f3feebe51f/screenshot - {}
RESULT: {}
RESULT: {}
COMMAND: POST /session/0157ef9fabb145ee7fb2a1f3feebe51f/element/f.2D1A903BB9B117B2180C998CF94CF722.d.26242B1142895693158BF7B1006E163A.e.21568/value - {"text":"30694"}
COMMAND: GET /session/0157ef9fabb145ee7fb2a1f3feebe51f/screenshot - {}
RESULT: {}
RESULT: {"text":"30694"}
COMMAND: GET /session/0157ef9fabb145ee7fb2a1f3feebe51f/screenshot - {}
RESULT: {}
RESULT: {}
COMMAND: POST /session/0157ef9fabb145ee7fb2a1f3feebe51f/actions - {"actions":[{"id":"action75","type":"key","parameters":{},"actions":[{"type":"keyDown","value":""},{"type":"pause","duration":10},{"type":"keyUp","value":""}]}]}
RESULT: {"actions":[{"id":"action75","type":"key","parameters":{},"actions":[{"type":"keyDown","value":""},{"type":"pause","duration":10},{"type":"keyUp","value":""}]}]}
COMMAND: GET /session/0157ef9fabb145ee7fb2a1f3feebe51f/screenshot - {}
RESULT: {}
COMMAND: POST /session/0157ef9fabb145ee7fb2a1f3feebe51f/element - {"using":"xpath","value":"//span[contains(@id, \"smartTable-header-inner\")]"}
RESULT: {"using":"xpath","value":"//span[contains(@id, \"smartTable-header-inner\")]"}
COMMAND: POST /session/0157ef9fabb145ee7fb2a1f3feebe51f/elements - {"using":"xpath","value":"//span[contains(@id, \"smartTable-header-inner\")]"}
RESULT: {"using":"xpath","value":"//span[contains(@id, \"smartTable-header-inner\")]"}
COMMAND: POST /session/0157ef9fabb145ee7fb2a1f3feebe51f/execute/sync - {"script":"<script> [56 bytes]","args":[{"element-6066-11e4-a52e-4f735466cecf":"f.2D1A903BB9B117B2180C998CF94CF722.d.26242B1142895693158BF7B1006E163A.e.22081","ELEMENT":"f.2D1A903BB9B117B2180C998CF94CF722.d.26242B1142895693158BF7B1006E163A.e.22081"}]}
RESULT: {"script":"<script> [56 bytes]","args":[{"element-6066-11e4-a52e-4f735466cecf":"f.2D1A903BB9B117B2180C998CF94CF722.d.26242B1142895693158BF7B1006E163A.e.22081","ELEMENT":"f.2D1A903BB9B117B2180C998CF94CF722.d.26242B1142895693158BF7B1006E163A.e.22081"}]}
COMMAND: POST /session/0157ef9fabb145ee7fb2a1f3feebe51f/elements - {"using":"xpath","value":"//thead[contains(@class, \"sapMTableTH\")]/tr/th"}
COMMAND: GET /session/0157ef9fabb145ee7fb2a1f3feebe51f/screenshot - {}
RESULT: {"using":"xpath","value":"//thead[contains(@class, \"sapMTableTH\")]/tr/th"}
COMMAND: GET /session/0157ef9fabb145ee7fb2a1f3feebe51f/element/f.2D1A903BB9B117B2180C998CF94CF722.d.26242B1142895693158BF7B1006E163A.e.22171/text - {}
RESULT: {}
RESULT: {}
COMMAND: GET /session/0157ef9fabb145ee7fb2a1f3feebe51f/element/f.2D1A903BB9B117B2180C998CF94CF722.d.26242B1142895693158BF7B1006E163A.e.22172/text - {}
RESULT: {}
COMMAND: GET /session/0157ef9fabb145ee7fb2a1f3feebe51f/element/f.2D1A903BB9B117B2180C998CF94CF722.d.26242B1142895693158BF7B1006E163A.e.21616/text - {}
RESULT: {}
COMMAND: GET /session/0157ef9fabb145ee7fb2a1f3feebe51f/element/f.2D1A903BB9B117B2180C998CF94CF722.d.26242B1142895693158BF7B1006E163A.e.21618/text - {}
RESULT: {}
COMMAND: GET /session/0157ef9fabb145ee7fb2a1f3feebe51f/element/f.2D1A903BB9B117B2180C998CF94CF722.d.26242B1142895693158BF7B1006E163A.e.22268/text - {}
RESULT: {}
COMMAND: GET /session/0157ef9fabb145ee7fb2a1f3feebe51f/element/f.2D1A903BB9B117B2180C998CF94CF722.d.26242B1142895693158BF7B1006E163A.e.22269/text - {}
RESULT: {}
COMMAND: GET /session/0157ef9fabb145ee7fb2a1f3feebe51f/element/f.2D1A903BB9B117B2180C998CF94CF722.d.26242B1142895693158BF7B1006E163A.e.22270/text - {}
RESULT: {}
COMMAND: GET /session/0157ef9fabb145ee7fb2a1f3feebe51f/element/f.2D1A903BB9B117B2180C998CF94CF722.d.26242B1142895693158BF7B1006E163A.e.22271/text - {}
RESULT: {}
COMMAND: GET /session/0157ef9fabb145ee7fb2a1f3feebe51f/element/f.2D1A903BB9B117B2180C998CF94CF722.d.26242B1142895693158BF7B1006E163A.e.22272/text - {}
RESULT: {}
COMMAND: GET /session/0157ef9fabb145ee7fb2a1f3feebe51f/element/f.2D1A903BB9B117B2180C998CF94CF722.d.26242B1142895693158BF7B1006E163A.e.22273/text - {}
RESULT: {}
COMMAND: GET /session/0157ef9fabb145ee7fb2a1f3feebe51f/element/f.2D1A903BB9B117B2180C998CF94CF722.d.26242B1142895693158BF7B1006E163A.e.22274/text - {}
RESULT: {}
COMMAND: GET /session/0157ef9fabb145ee7fb2a1f3feebe51f/element/f.2D1A903BB9B117B2180C998CF94CF722.d.26242B1142895693158BF7B1006E163A.e.22275/text - {}
RESULT: {}
COMMAND: GET /session/0157ef9fabb145ee7fb2a1f3feebe51f/element/f.2D1A903BB9B117B2180C998CF94CF722.d.26242B1142895693158BF7B1006E163A.e.22276/text - {}
RESULT: {}
COMMAND: GET /session/0157ef9fabb145ee7fb2a1f3feebe51f/element/f.2D1A903BB9B117B2180C998CF94CF722.d.26242B1142895693158BF7B1006E163A.e.21619/text - {}
RESULT: {}
COMMAND: POST /session/0157ef9fabb145ee7fb2a1f3feebe51f/element - {"using":"xpath","value":"//tbody[contains(@id, \"customHandoversTable-tblBody\")]/tr[1]/td[14]/div/span"}
RESULT: {"using":"xpath","value":"//tbody[contains(@id, \"customHandoversTable-tblBody\")]/tr[1]/td[14]/div/span"}
COMMAND: POST /session/0157ef9fabb145ee7fb2a1f3feebe51f/execute/sync - {"script":"<script> [56 bytes]","args":[{"element-6066-11e4-a52e-4f735466cecf":"f.2D1A903BB9B117B2180C998CF94CF722.d.26242B1142895693158BF7B1006E163A.e.22320","ELEMENT":"f.2D1A903BB9B117B2180C998CF94CF722.d.26242B1142895693158BF7B1006E163A.e.22320"}]}
RESULT: {"script":"<script> [56 bytes]","args":[{"element-6066-11e4-a52e-4f735466cecf":"f.2D1A903BB9B117B2180C998CF94CF722.d.26242B1142895693158BF7B1006E163A.e.22320","ELEMENT":"f.2D1A903BB9B117B2180C998CF94CF722.d.26242B1142895693158BF7B1006E163A.e.22320"}]}
COMMAND: POST /session/0157ef9fabb145ee7fb2a1f3feebe51f/element - {"using":"css selector","value":"#shell-header-logo"}
COMMAND: GET /session/0157ef9fabb145ee7fb2a1f3feebe51f/screenshot - {}
RESULT: {"using":"css selector","value":"#shell-header-logo"}
COMMAND: POST /session/0157ef9fabb145ee7fb2a1f3feebe51f/element/f.2D1A903BB9B117B2180C998CF94CF722.d.26242B1142895693158BF7B1006E163A.e.20919/click - {}
RESULT: {}
RESULT: {}
COMMAND: GET /session/0157ef9fabb145ee7fb2a1f3feebe51f/screenshot - {}
RESULT: {}
]]></system-out>
    </testcase>
    <testcase classname="chrome.135_0_7049_42.windows.Billing_Calculation_-_Time_based_(considering_transport_times)_US139738" name="Should navigate to Manage Billings and trigger contract calculation business confirm it" time="57.403">
      <system-out><![CDATA[
COMMAND: POST /session/0157ef9fabb145ee7fb2a1f3feebe51f/execute/async - {"script":"<script> [1562 bytes]","args":[{"selector":{"controlType":"sap.m.GenericTile","properties":{"header":"Manage Billings"}},"wdio_ui5_key":"sapm.GenericTile{\"header\":\"Manage Billings\"}"}]}
RESULT: {"script":"<script> [1562 bytes]","args":[{"selector":{"controlType":"sap.m.GenericTile","properties":{"header":"Manage Billings"}},"wdio_ui5_key":"sapm.GenericTile{\"header\":\"Manage Billings\"}"}]}
RESULT: undefined
COMMAND: POST /session/0157ef9fabb145ee7fb2a1f3feebe51f/element - {"using":"xpath","value":"//*[@id=\"__tile51\"]"}
RESULT: {"using":"xpath","value":"//*[@id=\"__tile51\"]"}
COMMAND: POST /session/0157ef9fabb145ee7fb2a1f3feebe51f/element/f.2D1A903BB9B117B2180C998CF94CF722.d.26242B1142895693158BF7B1006E163A.e.18904/click - {}
RESULT: {}
COMMAND: GET /session/0157ef9fabb145ee7fb2a1f3feebe51f/screenshot - {}
COMMAND: POST /session/0157ef9fabb145ee7fb2a1f3feebe51f/execute/async - {"script":"<script> [1562 bytes]","args":[{"selector":{"id":"application-managebillings-display-component---billRunCalcResult--smartFilterBar-btnBasicSearch","interaction":{"idSuffix":"I"}},"wdio_ui5_key":"applicationmanagebillings-display-component---billRunCalcResult--smartFilterBar-btnBasicSearch"}]}
RESULT: {}
RESULT: {"script":"<script> [1562 bytes]","args":[{"selector":{"id":"application-managebillings-display-component---billRunCalcResult--smartFilterBar-btnBasicSearch","interaction":{"idSuffix":"I"}},"wdio_ui5_key":"applicationmanagebillings-display-component---billRunCalcResult--smartFilterBar-btnBasicSearch"}]}
RESULT: undefined
COMMAND: POST /session/0157ef9fabb145ee7fb2a1f3feebe51f/execute/async - {"script":"<script> [776 bytes]","args":[{"enterText":"10393","selector":{"id":"application-managebillings-display-component---billRunCalcResult--smartFilterBar-btnBasicSearch","interaction":{"idSuffix":"I"}},"clearTextFirst":true,"interactionType":"ENTER_TEXT"}]}
RESULT: {"script":"<script> [776 bytes]","args":[{"enterText":"10393","selector":{"id":"application-managebillings-display-component---billRunCalcResult--smartFilterBar-btnBasicSearch","interaction":{"idSuffix":"I"}},"clearTextFirst":true,"interactionType":"ENTER_TEXT"}]}
COMMAND: POST /session/0157ef9fabb145ee7fb2a1f3feebe51f/actions - {"actions":[{"id":"action76","type":"key","parameters":{},"actions":[{"type":"keyDown","value":""},{"type":"pause","duration":10},{"type":"keyUp","value":""}]}]}
RESULT: {"actions":[{"id":"action76","type":"key","parameters":{},"actions":[{"type":"keyDown","value":""},{"type":"pause","duration":10},{"type":"keyUp","value":""}]}]}
COMMAND: GET /session/0157ef9fabb145ee7fb2a1f3feebe51f/screenshot - {}
RESULT: {}
COMMAND: POST /session/0157ef9fabb145ee7fb2a1f3feebe51f/element - {"using":"xpath","value":"//td[@aria-colindex=\"1\"]/div/div[contains(@class, \"sapMCbBg\")]"}
RESULT: {"using":"xpath","value":"//td[@aria-colindex=\"1\"]/div/div[contains(@class, \"sapMCbBg\")]"}
COMMAND: POST /session/0157ef9fabb145ee7fb2a1f3feebe51f/element/f.2D1A903BB9B117B2180C998CF94CF722.d.26242B1142895693158BF7B1006E163A.e.22536/click - {}
RESULT: {}
COMMAND: GET /session/0157ef9fabb145ee7fb2a1f3feebe51f/screenshot - {}
RESULT: {}
COMMAND: POST /session/0157ef9fabb145ee7fb2a1f3feebe51f/execute/async - {"script":"<script> [1562 bytes]","args":[{"selector":{"id":"application-managebillings-display-component---billRunCalcResult--contractBillRunDate","interaction":{"idSuffix":"inner"}},"wdio_ui5_key":"applicationmanagebillings-display-component---billRunCalcResult--contractBillRunDate"}]}
RESULT: {"script":"<script> [1562 bytes]","args":[{"selector":{"id":"application-managebillings-display-component---billRunCalcResult--contractBillRunDate","interaction":{"idSuffix":"inner"}},"wdio_ui5_key":"applicationmanagebillings-display-component---billRunCalcResult--contractBillRunDate"}]}
RESULT: undefined
COMMAND: POST /session/0157ef9fabb145ee7fb2a1f3feebe51f/execute/async - {"script":"<script> [776 bytes]","args":[{"enterText":"04/17/25","selector":{"id":"application-managebillings-display-component---billRunCalcResult--contractBillRunDate","interaction":{"idSuffix":"inner"}},"clearTextFirst":true,"interactionType":"ENTER_TEXT"}]}
RESULT: {"script":"<script> [776 bytes]","args":[{"enterText":"04/17/25","selector":{"id":"application-managebillings-display-component---billRunCalcResult--contractBillRunDate","interaction":{"idSuffix":"inner"}},"clearTextFirst":true,"interactionType":"ENTER_TEXT"}]}
COMMAND: POST /session/0157ef9fabb145ee7fb2a1f3feebe51f/element - {"using":"xpath","value":"//bdi[contains(text(), \"Trigger Calculation\")]"}
RESULT: {"using":"xpath","value":"//bdi[contains(text(), \"Trigger Calculation\")]"}
COMMAND: POST /session/0157ef9fabb145ee7fb2a1f3feebe51f/element/f.2D1A903BB9B117B2180C998CF94CF722.d.26242B1142895693158BF7B1006E163A.e.22587/click - {}
RESULT: {}
COMMAND: GET /session/0157ef9fabb145ee7fb2a1f3feebe51f/screenshot - {}
RESULT: {}
COMMAND: POST /session/0157ef9fabb145ee7fb2a1f3feebe51f/element - {"using":"xpath","value":"(//span[contains(@id, \"imgNav\")])[1]"}
RESULT: {"using":"xpath","value":"(//span[contains(@id, \"imgNav\")])[1]"}
COMMAND: POST /session/0157ef9fabb145ee7fb2a1f3feebe51f/element/f.2D1A903BB9B117B2180C998CF94CF722.d.26242B1142895693158BF7B1006E163A.e.22537/click - {}
RESULT: {}
COMMAND: GET /session/0157ef9fabb145ee7fb2a1f3feebe51f/screenshot - {}
RESULT: {}
COMMAND: POST /session/0157ef9fabb145ee7fb2a1f3feebe51f/element - {"using":"xpath","value":"//tr/td[6]/div[1]/span[1]/span[1]"}
RESULT: {"using":"xpath","value":"//tr/td[6]/div[1]/span[1]/span[1]"}
COMMAND: GET /session/0157ef9fabb145ee7fb2a1f3feebe51f/element/f.2D1A903BB9B117B2180C998CF94CF722.d.26242B1142895693158BF7B1006E163A.e.22592/text - {}
RESULT: {}
COMMAND: POST /session/0157ef9fabb145ee7fb2a1f3feebe51f/element - {"using":"xpath","value":"(//span[contains(@id, \"imgNav\")])[2]"}
RESULT: {"using":"xpath","value":"(//span[contains(@id, \"imgNav\")])[2]"}
COMMAND: POST /session/0157ef9fabb145ee7fb2a1f3feebe51f/element/f.2D1A903BB9B117B2180C998CF94CF722.d.26242B1142895693158BF7B1006E163A.e.22593/click - {}
RESULT: {}
COMMAND: POST /session/0157ef9fabb145ee7fb2a1f3feebe51f/element - {"using":"xpath","value":"//bdi[contains(text(), \"Business Confirm\")]"}
COMMAND: GET /session/0157ef9fabb145ee7fb2a1f3feebe51f/screenshot - {}
RESULT: {"using":"xpath","value":"//bdi[contains(text(), \"Business Confirm\")]"}
COMMAND: POST /session/0157ef9fabb145ee7fb2a1f3feebe51f/elements - {"using":"xpath","value":"//bdi[contains(text(), \"Business Confirm\")]"}
RESULT: {}
RESULT: {"using":"xpath","value":"//bdi[contains(text(), \"Business Confirm\")]"}
COMMAND: POST /session/0157ef9fabb145ee7fb2a1f3feebe51f/element - {"using":"xpath","value":"//bdi[contains(text(), \"Business Confirm\")]"}
RESULT: {"using":"xpath","value":"//bdi[contains(text(), \"Business Confirm\")]"}
COMMAND: POST /session/0157ef9fabb145ee7fb2a1f3feebe51f/element/f.2D1A903BB9B117B2180C998CF94CF722.d.26242B1142895693158BF7B1006E163A.e.22647/click - {}
RESULT: {}
COMMAND: POST /session/0157ef9fabb145ee7fb2a1f3feebe51f/element - {"using":"css selector","value":"#shell-header-logo"}
COMMAND: GET /session/0157ef9fabb145ee7fb2a1f3feebe51f/screenshot - {}
RESULT: {"using":"css selector","value":"#shell-header-logo"}
COMMAND: POST /session/0157ef9fabb145ee7fb2a1f3feebe51f/element/f.2D1A903BB9B117B2180C998CF94CF722.d.26242B1142895693158BF7B1006E163A.e.22325/click - {}
RESULT: {}
RESULT: {}
COMMAND: GET /session/0157ef9fabb145ee7fb2a1f3feebe51f/screenshot - {}
RESULT: {}
]]></system-out>
    </testcase>
    <testcase classname="chrome.135_0_7049_42.windows.Billing_Calculation_-_Time_based_(considering_transport_times)_US139738" name="Should transfer the billing all the way to completion" time="97.341">
      <system-out><![CDATA[
COMMAND: POST /session/0157ef9fabb145ee7fb2a1f3feebe51f/execute/async - {"script":"<script> [1562 bytes]","args":[{"selector":{"controlType":"sap.m.GenericTile","properties":{"header":"Billing Transfer"}},"wdio_ui5_key":"sapm.GenericTile{\"header\":\"Billing Transfer\"}"}]}
RESULT: {"script":"<script> [1562 bytes]","args":[{"selector":{"controlType":"sap.m.GenericTile","properties":{"header":"Billing Transfer"}},"wdio_ui5_key":"sapm.GenericTile{\"header\":\"Billing Transfer\"}"}]}
RESULT: undefined
COMMAND: POST /session/0157ef9fabb145ee7fb2a1f3feebe51f/element - {"using":"xpath","value":"//*[@id=\"__tile50\"]"}
RESULT: {"using":"xpath","value":"//*[@id=\"__tile50\"]"}
COMMAND: POST /session/0157ef9fabb145ee7fb2a1f3feebe51f/element/f.2D1A903BB9B117B2180C998CF94CF722.d.26242B1142895693158BF7B1006E163A.e.18902/click - {}
RESULT: {}
COMMAND: POST /session/0157ef9fabb145ee7fb2a1f3feebe51f/element - {"using":"xpath","value":"//input[contains(@id ,\"application-billingtransfer-display-component---billingWorkbench--smartFilterBar-btnBasicSearch\")]"}
COMMAND: GET /session/0157ef9fabb145ee7fb2a1f3feebe51f/screenshot - {}
RESULT: {"using":"xpath","value":"//input[contains(@id ,\"application-billingtransfer-display-component---billingWorkbench--smartFilterBar-btnBasicSearch\")]"}
COMMAND: POST /session/0157ef9fabb145ee7fb2a1f3feebe51f/elements - {"using":"xpath","value":"//input[contains(@id ,\"application-billingtransfer-display-component---billingWorkbench--smartFilterBar-btnBasicSearch\")]"}
RESULT: {}
RESULT: {"using":"xpath","value":"//input[contains(@id ,\"application-billingtransfer-display-component---billingWorkbench--smartFilterBar-btnBasicSearch\")]"}
COMMAND: POST /session/0157ef9fabb145ee7fb2a1f3feebe51f/elements - {"using":"xpath","value":"//input[contains(@id ,\"application-billingtransfer-display-component---billingWorkbench--smartFilterBar-btnBasicSearch\")]"}
RESULT: {"using":"xpath","value":"//input[contains(@id ,\"application-billingtransfer-display-component---billingWorkbench--smartFilterBar-btnBasicSearch\")]"}
COMMAND: POST /session/0157ef9fabb145ee7fb2a1f3feebe51f/elements - {"using":"xpath","value":"//input[contains(@id ,\"application-billingtransfer-display-component---billingWorkbench--smartFilterBar-btnBasicSearch\")]"}
RESULT: {"using":"xpath","value":"//input[contains(@id ,\"application-billingtransfer-display-component---billingWorkbench--smartFilterBar-btnBasicSearch\")]"}
COMMAND: POST /session/0157ef9fabb145ee7fb2a1f3feebe51f/elements - {"using":"xpath","value":"//input[contains(@id ,\"application-billingtransfer-display-component---billingWorkbench--smartFilterBar-btnBasicSearch\")]"}
RESULT: {"using":"xpath","value":"//input[contains(@id ,\"application-billingtransfer-display-component---billingWorkbench--smartFilterBar-btnBasicSearch\")]"}
COMMAND: POST /session/0157ef9fabb145ee7fb2a1f3feebe51f/elements - {"using":"xpath","value":"//input[contains(@id ,\"application-billingtransfer-display-component---billingWorkbench--smartFilterBar-btnBasicSearch\")]"}
RESULT: {"using":"xpath","value":"//input[contains(@id ,\"application-billingtransfer-display-component---billingWorkbench--smartFilterBar-btnBasicSearch\")]"}
COMMAND: POST /session/0157ef9fabb145ee7fb2a1f3feebe51f/element - {"using":"xpath","value":"//input[contains(@id ,\"application-billingtransfer-display-component---billingWorkbench--smartFilterBar-btnBasicSearch\")]"}
RESULT: {"using":"xpath","value":"//input[contains(@id ,\"application-billingtransfer-display-component---billingWorkbench--smartFilterBar-btnBasicSearch\")]"}
COMMAND: POST /session/0157ef9fabb145ee7fb2a1f3feebe51f/execute/sync - {"script":"<script> [8489 bytes]","args":[{"element-6066-11e4-a52e-4f735466cecf":"f.2D1A903BB9B117B2180C998CF94CF722.d.26242B1142895693158BF7B1006E163A.e.22676","ELEMENT":"f.2D1A903BB9B117B2180C998CF94CF722.d.26242B1142895693158BF7B1006E163A.e.22676"}]}
RESULT: {"script":"<script> [8489 bytes]","args":[{"element-6066-11e4-a52e-4f735466cecf":"f.2D1A903BB9B117B2180C998CF94CF722.d.26242B1142895693158BF7B1006E163A.e.22676","ELEMENT":"f.2D1A903BB9B117B2180C998CF94CF722.d.26242B1142895693158BF7B1006E163A.e.22676"}]}
COMMAND: GET /session/0157ef9fabb145ee7fb2a1f3feebe51f/element/f.2D1A903BB9B117B2180C998CF94CF722.d.26242B1142895693158BF7B1006E163A.e.22676/enabled - {}
COMMAND: GET /session/0157ef9fabb145ee7fb2a1f3feebe51f/screenshot - {}
RESULT: {}
COMMAND: POST /session/0157ef9fabb145ee7fb2a1f3feebe51f/element/f.2D1A903BB9B117B2180C998CF94CF722.d.26242B1142895693158BF7B1006E163A.e.22676/click - {}
COMMAND: GET /session/0157ef9fabb145ee7fb2a1f3feebe51f/screenshot - {}
RESULT: {}
RESULT: {}
COMMAND: GET /session/0157ef9fabb145ee7fb2a1f3feebe51f/screenshot - {}
RESULT: {}
RESULT: {}
COMMAND: POST /session/0157ef9fabb145ee7fb2a1f3feebe51f/element/f.2D1A903BB9B117B2180C998CF94CF722.d.26242B1142895693158BF7B1006E163A.e.22676/clear - {}
RESULT: {}
COMMAND: POST /session/0157ef9fabb145ee7fb2a1f3feebe51f/element/f.2D1A903BB9B117B2180C998CF94CF722.d.26242B1142895693158BF7B1006E163A.e.22676/value - {"text":"10393"}
COMMAND: GET /session/0157ef9fabb145ee7fb2a1f3feebe51f/screenshot - {}
RESULT: {"text":"10393"}
COMMAND: POST /session/0157ef9fabb145ee7fb2a1f3feebe51f/actions - {"actions":[{"id":"action77","type":"key","parameters":{},"actions":[{"type":"keyDown","value":""},{"type":"pause","duration":10},{"type":"keyUp","value":""}]}]}
COMMAND: GET /session/0157ef9fabb145ee7fb2a1f3feebe51f/screenshot - {}
RESULT: {}
RESULT: {"actions":[{"id":"action77","type":"key","parameters":{},"actions":[{"type":"keyDown","value":""},{"type":"pause","duration":10},{"type":"keyUp","value":""}]}]}
COMMAND: GET /session/0157ef9fabb145ee7fb2a1f3feebe51f/screenshot - {}
RESULT: {}
RESULT: {}
COMMAND: POST /session/0157ef9fabb145ee7fb2a1f3feebe51f/element - {"using":"xpath","value":"//span[contains(@id ,\"application-billingtransfer-display-component---billingWorkbench--smartTableBillingRuns-header-inner\")]"}
RESULT: {"using":"xpath","value":"//span[contains(@id ,\"application-billingtransfer-display-component---billingWorkbench--smartTableBillingRuns-header-inner\")]"}
COMMAND: POST /session/0157ef9fabb145ee7fb2a1f3feebe51f/elements - {"using":"xpath","value":"//span[contains(@id ,\"application-billingtransfer-display-component---billingWorkbench--smartTableBillingRuns-header-inner\")]"}
RESULT: {"using":"xpath","value":"//span[contains(@id ,\"application-billingtransfer-display-component---billingWorkbench--smartTableBillingRuns-header-inner\")]"}
COMMAND: POST /session/0157ef9fabb145ee7fb2a1f3feebe51f/execute/sync - {"script":"<script> [56 bytes]","args":[{"element-6066-11e4-a52e-4f735466cecf":"f.2D1A903BB9B117B2180C998CF94CF722.d.26242B1142895693158BF7B1006E163A.e.22818","ELEMENT":"f.2D1A903BB9B117B2180C998CF94CF722.d.26242B1142895693158BF7B1006E163A.e.22818"}]}
RESULT: {"script":"<script> [56 bytes]","args":[{"element-6066-11e4-a52e-4f735466cecf":"f.2D1A903BB9B117B2180C998CF94CF722.d.26242B1142895693158BF7B1006E163A.e.22818","ELEMENT":"f.2D1A903BB9B117B2180C998CF94CF722.d.26242B1142895693158BF7B1006E163A.e.22818"}]}
COMMAND: POST /session/0157ef9fabb145ee7fb2a1f3feebe51f/element - {"using":"xpath","value":"//td[@aria-colindex=\"1\"]/div/div[contains(@class, \"sapMCbBg\")]"}
COMMAND: GET /session/0157ef9fabb145ee7fb2a1f3feebe51f/screenshot - {}
RESULT: {"using":"xpath","value":"//td[@aria-colindex=\"1\"]/div/div[contains(@class, \"sapMCbBg\")]"}
COMMAND: POST /session/0157ef9fabb145ee7fb2a1f3feebe51f/element/f.2D1A903BB9B117B2180C998CF94CF722.d.26242B1142895693158BF7B1006E163A.e.22804/click - {}
RESULT: {}
RESULT: {}
COMMAND: GET /session/0157ef9fabb145ee7fb2a1f3feebe51f/screenshot - {}
RESULT: {}
COMMAND: POST /session/0157ef9fabb145ee7fb2a1f3feebe51f/element - {"using":"xpath","value":"//bdi[contains(text(), \"Check\")]"}
RESULT: {"using":"xpath","value":"//bdi[contains(text(), \"Check\")]"}
COMMAND: POST /session/0157ef9fabb145ee7fb2a1f3feebe51f/element/f.2D1A903BB9B117B2180C998CF94CF722.d.26242B1142895693158BF7B1006E163A.e.22819/click - {}
RESULT: {}
COMMAND: GET /session/0157ef9fabb145ee7fb2a1f3feebe51f/screenshot - {}
RESULT: {}
COMMAND: POST /session/0157ef9fabb145ee7fb2a1f3feebe51f/element - {"using":"xpath","value":"//bdi[contains(text(), \"OK\")]"}
RESULT: {"using":"xpath","value":"//bdi[contains(text(), \"OK\")]"}
COMMAND: POST /session/0157ef9fabb145ee7fb2a1f3feebe51f/element/f.2D1A903BB9B117B2180C998CF94CF722.d.26242B1142895693158BF7B1006E163A.e.22822/click - {}
RESULT: {}
COMMAND: GET /session/0157ef9fabb145ee7fb2a1f3feebe51f/screenshot - {}
RESULT: {}
COMMAND: POST /session/0157ef9fabb145ee7fb2a1f3feebe51f/element - {"using":"xpath","value":"(//span[contains(text(), \"CO/SD checked\")]/parent::div/preceding-sibling::div/span)[1]"}
RESULT: {"using":"xpath","value":"(//span[contains(text(), \"CO/SD checked\")]/parent::div/preceding-sibling::div/span)[1]"}
COMMAND: POST /session/0157ef9fabb145ee7fb2a1f3feebe51f/element/f.2D1A903BB9B117B2180C998CF94CF722.d.26242B1142895693158BF7B1006E163A.e.22832/click - {}
RESULT: {}
COMMAND: GET /session/0157ef9fabb145ee7fb2a1f3feebe51f/screenshot - {}
RESULT: {}
COMMAND: POST /session/0157ef9fabb145ee7fb2a1f3feebe51f/element - {"using":"xpath","value":"//input[contains(@id ,\"application-billingtransfer-display-component---billingWorkbench--smartFilterBar-btnBasicSearch\")]"}
RESULT: {"using":"xpath","value":"//input[contains(@id ,\"application-billingtransfer-display-component---billingWorkbench--smartFilterBar-btnBasicSearch\")]"}
COMMAND: POST /session/0157ef9fabb145ee7fb2a1f3feebe51f/elements - {"using":"xpath","value":"//input[contains(@id ,\"application-billingtransfer-display-component---billingWorkbench--smartFilterBar-btnBasicSearch\")]"}
RESULT: {"using":"xpath","value":"//input[contains(@id ,\"application-billingtransfer-display-component---billingWorkbench--smartFilterBar-btnBasicSearch\")]"}
COMMAND: POST /session/0157ef9fabb145ee7fb2a1f3feebe51f/execute/sync - {"script":"<script> [8489 bytes]","args":[{"element-6066-11e4-a52e-4f735466cecf":"f.2D1A903BB9B117B2180C998CF94CF722.d.26242B1142895693158BF7B1006E163A.e.22676","ELEMENT":"f.2D1A903BB9B117B2180C998CF94CF722.d.26242B1142895693158BF7B1006E163A.e.22676"}]}
RESULT: {"script":"<script> [8489 bytes]","args":[{"element-6066-11e4-a52e-4f735466cecf":"f.2D1A903BB9B117B2180C998CF94CF722.d.26242B1142895693158BF7B1006E163A.e.22676","ELEMENT":"f.2D1A903BB9B117B2180C998CF94CF722.d.26242B1142895693158BF7B1006E163A.e.22676"}]}
COMMAND: GET /session/0157ef9fabb145ee7fb2a1f3feebe51f/element/f.2D1A903BB9B117B2180C998CF94CF722.d.26242B1142895693158BF7B1006E163A.e.22676/enabled - {}
COMMAND: GET /session/0157ef9fabb145ee7fb2a1f3feebe51f/screenshot - {}
RESULT: {}
COMMAND: POST /session/0157ef9fabb145ee7fb2a1f3feebe51f/element/f.2D1A903BB9B117B2180C998CF94CF722.d.26242B1142895693158BF7B1006E163A.e.22676/click - {}
COMMAND: GET /session/0157ef9fabb145ee7fb2a1f3feebe51f/screenshot - {}
RESULT: {}
RESULT: {}
COMMAND: GET /session/0157ef9fabb145ee7fb2a1f3feebe51f/screenshot - {}
RESULT: {}
RESULT: {}
COMMAND: POST /session/0157ef9fabb145ee7fb2a1f3feebe51f/element/f.2D1A903BB9B117B2180C998CF94CF722.d.26242B1142895693158BF7B1006E163A.e.22676/clear - {}
RESULT: {}
COMMAND: POST /session/0157ef9fabb145ee7fb2a1f3feebe51f/element/f.2D1A903BB9B117B2180C998CF94CF722.d.26242B1142895693158BF7B1006E163A.e.22676/value - {"text":"10393"}
COMMAND: GET /session/0157ef9fabb145ee7fb2a1f3feebe51f/screenshot - {}
RESULT: {"text":"10393"}
COMMAND: POST /session/0157ef9fabb145ee7fb2a1f3feebe51f/actions - {"actions":[{"id":"action78","type":"key","parameters":{},"actions":[{"type":"keyDown","value":""},{"type":"pause","duration":10},{"type":"keyUp","value":""}]}]}
COMMAND: GET /session/0157ef9fabb145ee7fb2a1f3feebe51f/screenshot - {}
RESULT: {}
RESULT: {"actions":[{"id":"action78","type":"key","parameters":{},"actions":[{"type":"keyDown","value":""},{"type":"pause","duration":10},{"type":"keyUp","value":""}]}]}
COMMAND: GET /session/0157ef9fabb145ee7fb2a1f3feebe51f/screenshot - {}
RESULT: {}
RESULT: {}
COMMAND: POST /session/0157ef9fabb145ee7fb2a1f3feebe51f/element - {"using":"xpath","value":"//span[contains(@id ,\"application-billingtransfer-display-component---billingWorkbench--smartTableBillingRuns-header-inner\")]"}
RESULT: {"using":"xpath","value":"//span[contains(@id ,\"application-billingtransfer-display-component---billingWorkbench--smartTableBillingRuns-header-inner\")]"}
COMMAND: POST /session/0157ef9fabb145ee7fb2a1f3feebe51f/elements - {"using":"xpath","value":"//span[contains(@id ,\"application-billingtransfer-display-component---billingWorkbench--smartTableBillingRuns-header-inner\")]"}
RESULT: {"using":"xpath","value":"//span[contains(@id ,\"application-billingtransfer-display-component---billingWorkbench--smartTableBillingRuns-header-inner\")]"}
COMMAND: POST /session/0157ef9fabb145ee7fb2a1f3feebe51f/execute/sync - {"script":"<script> [56 bytes]","args":[{"element-6066-11e4-a52e-4f735466cecf":"f.2D1A903BB9B117B2180C998CF94CF722.d.26242B1142895693158BF7B1006E163A.e.22818","ELEMENT":"f.2D1A903BB9B117B2180C998CF94CF722.d.26242B1142895693158BF7B1006E163A.e.22818"}]}
RESULT: {"script":"<script> [56 bytes]","args":[{"element-6066-11e4-a52e-4f735466cecf":"f.2D1A903BB9B117B2180C998CF94CF722.d.26242B1142895693158BF7B1006E163A.e.22818","ELEMENT":"f.2D1A903BB9B117B2180C998CF94CF722.d.26242B1142895693158BF7B1006E163A.e.22818"}]}
COMMAND: GET /session/0157ef9fabb145ee7fb2a1f3feebe51f/screenshot - {}
RESULT: {}
COMMAND: POST /session/0157ef9fabb145ee7fb2a1f3feebe51f/execute/sync - {"script":"<script> [56 bytes]","args":[{"element-6066-11e4-a52e-4f735466cecf":"f.2D1A903BB9B117B2180C998CF94CF722.d.26242B1142895693158BF7B1006E163A.e.22818","ELEMENT":"f.2D1A903BB9B117B2180C998CF94CF722.d.26242B1142895693158BF7B1006E163A.e.22818"}]}
RESULT: {"script":"<script> [56 bytes]","args":[{"element-6066-11e4-a52e-4f735466cecf":"f.2D1A903BB9B117B2180C998CF94CF722.d.26242B1142895693158BF7B1006E163A.e.22818","ELEMENT":"f.2D1A903BB9B117B2180C998CF94CF722.d.26242B1142895693158BF7B1006E163A.e.22818"}]}
COMMAND: GET /session/0157ef9fabb145ee7fb2a1f3feebe51f/screenshot - {}
RESULT: {}
COMMAND: POST /session/0157ef9fabb145ee7fb2a1f3feebe51f/execute/sync - {"script":"<script> [56 bytes]","args":[{"element-6066-11e4-a52e-4f735466cecf":"f.2D1A903BB9B117B2180C998CF94CF722.d.26242B1142895693158BF7B1006E163A.e.22818","ELEMENT":"f.2D1A903BB9B117B2180C998CF94CF722.d.26242B1142895693158BF7B1006E163A.e.22818"}]}
RESULT: {"script":"<script> [56 bytes]","args":[{"element-6066-11e4-a52e-4f735466cecf":"f.2D1A903BB9B117B2180C998CF94CF722.d.26242B1142895693158BF7B1006E163A.e.22818","ELEMENT":"f.2D1A903BB9B117B2180C998CF94CF722.d.26242B1142895693158BF7B1006E163A.e.22818"}]}
COMMAND: GET /session/0157ef9fabb145ee7fb2a1f3feebe51f/screenshot - {}
RESULT: {}
COMMAND: POST /session/0157ef9fabb145ee7fb2a1f3feebe51f/execute/sync - {"script":"<script> [56 bytes]","args":[{"element-6066-11e4-a52e-4f735466cecf":"f.2D1A903BB9B117B2180C998CF94CF722.d.26242B1142895693158BF7B1006E163A.e.22818","ELEMENT":"f.2D1A903BB9B117B2180C998CF94CF722.d.26242B1142895693158BF7B1006E163A.e.22818"}]}
RESULT: {"script":"<script> [56 bytes]","args":[{"element-6066-11e4-a52e-4f735466cecf":"f.2D1A903BB9B117B2180C998CF94CF722.d.26242B1142895693158BF7B1006E163A.e.22818","ELEMENT":"f.2D1A903BB9B117B2180C998CF94CF722.d.26242B1142895693158BF7B1006E163A.e.22818"}]}
COMMAND: GET /session/0157ef9fabb145ee7fb2a1f3feebe51f/screenshot - {}
RESULT: {}
COMMAND: POST /session/0157ef9fabb145ee7fb2a1f3feebe51f/execute/sync - {"script":"<script> [56 bytes]","args":[{"element-6066-11e4-a52e-4f735466cecf":"f.2D1A903BB9B117B2180C998CF94CF722.d.26242B1142895693158BF7B1006E163A.e.22818","ELEMENT":"f.2D1A903BB9B117B2180C998CF94CF722.d.26242B1142895693158BF7B1006E163A.e.22818"}]}
RESULT: {"script":"<script> [56 bytes]","args":[{"element-6066-11e4-a52e-4f735466cecf":"f.2D1A903BB9B117B2180C998CF94CF722.d.26242B1142895693158BF7B1006E163A.e.22818","ELEMENT":"f.2D1A903BB9B117B2180C998CF94CF722.d.26242B1142895693158BF7B1006E163A.e.22818"}]}
COMMAND: GET /session/0157ef9fabb145ee7fb2a1f3feebe51f/screenshot - {}
RESULT: {}
COMMAND: POST /session/0157ef9fabb145ee7fb2a1f3feebe51f/execute/sync - {"script":"<script> [56 bytes]","args":[{"element-6066-11e4-a52e-4f735466cecf":"f.2D1A903BB9B117B2180C998CF94CF722.d.26242B1142895693158BF7B1006E163A.e.22818","ELEMENT":"f.2D1A903BB9B117B2180C998CF94CF722.d.26242B1142895693158BF7B1006E163A.e.22818"}]}
RESULT: {"script":"<script> [56 bytes]","args":[{"element-6066-11e4-a52e-4f735466cecf":"f.2D1A903BB9B117B2180C998CF94CF722.d.26242B1142895693158BF7B1006E163A.e.22818","ELEMENT":"f.2D1A903BB9B117B2180C998CF94CF722.d.26242B1142895693158BF7B1006E163A.e.22818"}]}
COMMAND: GET /session/0157ef9fabb145ee7fb2a1f3feebe51f/screenshot - {}
RESULT: {}
COMMAND: POST /session/0157ef9fabb145ee7fb2a1f3feebe51f/execute/sync - {"script":"<script> [56 bytes]","args":[{"element-6066-11e4-a52e-4f735466cecf":"f.2D1A903BB9B117B2180C998CF94CF722.d.26242B1142895693158BF7B1006E163A.e.22818","ELEMENT":"f.2D1A903BB9B117B2180C998CF94CF722.d.26242B1142895693158BF7B1006E163A.e.22818"}]}
RESULT: {"script":"<script> [56 bytes]","args":[{"element-6066-11e4-a52e-4f735466cecf":"f.2D1A903BB9B117B2180C998CF94CF722.d.26242B1142895693158BF7B1006E163A.e.22818","ELEMENT":"f.2D1A903BB9B117B2180C998CF94CF722.d.26242B1142895693158BF7B1006E163A.e.22818"}]}
COMMAND: GET /session/0157ef9fabb145ee7fb2a1f3feebe51f/screenshot - {}
RESULT: {}
COMMAND: POST /session/0157ef9fabb145ee7fb2a1f3feebe51f/execute/sync - {"script":"<script> [56 bytes]","args":[{"element-6066-11e4-a52e-4f735466cecf":"f.2D1A903BB9B117B2180C998CF94CF722.d.26242B1142895693158BF7B1006E163A.e.22818","ELEMENT":"f.2D1A903BB9B117B2180C998CF94CF722.d.26242B1142895693158BF7B1006E163A.e.22818"}]}
RESULT: {"script":"<script> [56 bytes]","args":[{"element-6066-11e4-a52e-4f735466cecf":"f.2D1A903BB9B117B2180C998CF94CF722.d.26242B1142895693158BF7B1006E163A.e.22818","ELEMENT":"f.2D1A903BB9B117B2180C998CF94CF722.d.26242B1142895693158BF7B1006E163A.e.22818"}]}
COMMAND: GET /session/0157ef9fabb145ee7fb2a1f3feebe51f/screenshot - {}
RESULT: {}
COMMAND: POST /session/0157ef9fabb145ee7fb2a1f3feebe51f/execute/sync - {"script":"<script> [56 bytes]","args":[{"element-6066-11e4-a52e-4f735466cecf":"f.2D1A903BB9B117B2180C998CF94CF722.d.26242B1142895693158BF7B1006E163A.e.22818","ELEMENT":"f.2D1A903BB9B117B2180C998CF94CF722.d.26242B1142895693158BF7B1006E163A.e.22818"}]}
RESULT: {"script":"<script> [56 bytes]","args":[{"element-6066-11e4-a52e-4f735466cecf":"f.2D1A903BB9B117B2180C998CF94CF722.d.26242B1142895693158BF7B1006E163A.e.22818","ELEMENT":"f.2D1A903BB9B117B2180C998CF94CF722.d.26242B1142895693158BF7B1006E163A.e.22818"}]}
COMMAND: GET /session/0157ef9fabb145ee7fb2a1f3feebe51f/screenshot - {}
RESULT: {}
COMMAND: POST /session/0157ef9fabb145ee7fb2a1f3feebe51f/execute/sync - {"script":"<script> [56 bytes]","args":[{"element-6066-11e4-a52e-4f735466cecf":"f.2D1A903BB9B117B2180C998CF94CF722.d.26242B1142895693158BF7B1006E163A.e.22818","ELEMENT":"f.2D1A903BB9B117B2180C998CF94CF722.d.26242B1142895693158BF7B1006E163A.e.22818"}]}
RESULT: {"script":"<script> [56 bytes]","args":[{"element-6066-11e4-a52e-4f735466cecf":"f.2D1A903BB9B117B2180C998CF94CF722.d.26242B1142895693158BF7B1006E163A.e.22818","ELEMENT":"f.2D1A903BB9B117B2180C998CF94CF722.d.26242B1142895693158BF7B1006E163A.e.22818"}]}
COMMAND: GET /session/0157ef9fabb145ee7fb2a1f3feebe51f/screenshot - {}
RESULT: {}
COMMAND: POST /session/0157ef9fabb145ee7fb2a1f3feebe51f/execute/sync - {"script":"<script> [56 bytes]","args":[{"element-6066-11e4-a52e-4f735466cecf":"f.2D1A903BB9B117B2180C998CF94CF722.d.26242B1142895693158BF7B1006E163A.e.22818","ELEMENT":"f.2D1A903BB9B117B2180C998CF94CF722.d.26242B1142895693158BF7B1006E163A.e.22818"}]}
RESULT: {"script":"<script> [56 bytes]","args":[{"element-6066-11e4-a52e-4f735466cecf":"f.2D1A903BB9B117B2180C998CF94CF722.d.26242B1142895693158BF7B1006E163A.e.22818","ELEMENT":"f.2D1A903BB9B117B2180C998CF94CF722.d.26242B1142895693158BF7B1006E163A.e.22818"}]}
COMMAND: GET /session/0157ef9fabb145ee7fb2a1f3feebe51f/screenshot - {}
RESULT: {}
COMMAND: POST /session/0157ef9fabb145ee7fb2a1f3feebe51f/execute/sync - {"script":"<script> [56 bytes]","args":[{"element-6066-11e4-a52e-4f735466cecf":"f.2D1A903BB9B117B2180C998CF94CF722.d.26242B1142895693158BF7B1006E163A.e.22818","ELEMENT":"f.2D1A903BB9B117B2180C998CF94CF722.d.26242B1142895693158BF7B1006E163A.e.22818"}]}
RESULT: {"script":"<script> [56 bytes]","args":[{"element-6066-11e4-a52e-4f735466cecf":"f.2D1A903BB9B117B2180C998CF94CF722.d.26242B1142895693158BF7B1006E163A.e.22818","ELEMENT":"f.2D1A903BB9B117B2180C998CF94CF722.d.26242B1142895693158BF7B1006E163A.e.22818"}]}
COMMAND: GET /session/0157ef9fabb145ee7fb2a1f3feebe51f/screenshot - {}
RESULT: {}
COMMAND: POST /session/0157ef9fabb145ee7fb2a1f3feebe51f/execute/sync - {"script":"<script> [56 bytes]","args":[{"element-6066-11e4-a52e-4f735466cecf":"f.2D1A903BB9B117B2180C998CF94CF722.d.26242B1142895693158BF7B1006E163A.e.22818","ELEMENT":"f.2D1A903BB9B117B2180C998CF94CF722.d.26242B1142895693158BF7B1006E163A.e.22818"}]}
RESULT: {"script":"<script> [56 bytes]","args":[{"element-6066-11e4-a52e-4f735466cecf":"f.2D1A903BB9B117B2180C998CF94CF722.d.26242B1142895693158BF7B1006E163A.e.22818","ELEMENT":"f.2D1A903BB9B117B2180C998CF94CF722.d.26242B1142895693158BF7B1006E163A.e.22818"}]}
COMMAND: POST /session/0157ef9fabb145ee7fb2a1f3feebe51f/execute/sync - {"script":"<script> [56 bytes]","args":[{"element-6066-11e4-a52e-4f735466cecf":"f.2D1A903BB9B117B2180C998CF94CF722.d.26242B1142895693158BF7B1006E163A.e.22818","ELEMENT":"f.2D1A903BB9B117B2180C998CF94CF722.d.26242B1142895693158BF7B1006E163A.e.22818"}]}
COMMAND: GET /session/0157ef9fabb145ee7fb2a1f3feebe51f/screenshot - {}
RESULT: {"script":"<script> [56 bytes]","args":[{"element-6066-11e4-a52e-4f735466cecf":"f.2D1A903BB9B117B2180C998CF94CF722.d.26242B1142895693158BF7B1006E163A.e.22818","ELEMENT":"f.2D1A903BB9B117B2180C998CF94CF722.d.26242B1142895693158BF7B1006E163A.e.22818"}]}
COMMAND: GET /session/0157ef9fabb145ee7fb2a1f3feebe51f/screenshot - {}
COMMAND: POST /session/0157ef9fabb145ee7fb2a1f3feebe51f/execute/sync - {"script":"<script> [56 bytes]","args":[{"element-6066-11e4-a52e-4f735466cecf":"f.2D1A903BB9B117B2180C998CF94CF722.d.26242B1142895693158BF7B1006E163A.e.22818","ELEMENT":"f.2D1A903BB9B117B2180C998CF94CF722.d.26242B1142895693158BF7B1006E163A.e.22818"}]}
RESULT: {}
RESULT: {}
RESULT: {"script":"<script> [56 bytes]","args":[{"element-6066-11e4-a52e-4f735466cecf":"f.2D1A903BB9B117B2180C998CF94CF722.d.26242B1142895693158BF7B1006E163A.e.22818","ELEMENT":"f.2D1A903BB9B117B2180C998CF94CF722.d.26242B1142895693158BF7B1006E163A.e.22818"}]}
COMMAND: POST /session/0157ef9fabb145ee7fb2a1f3feebe51f/execute/sync - {"script":"<script> [56 bytes]","args":[{"element-6066-11e4-a52e-4f735466cecf":"f.2D1A903BB9B117B2180C998CF94CF722.d.26242B1142895693158BF7B1006E163A.e.22818","ELEMENT":"f.2D1A903BB9B117B2180C998CF94CF722.d.26242B1142895693158BF7B1006E163A.e.22818"}]}
COMMAND: GET /session/0157ef9fabb145ee7fb2a1f3feebe51f/screenshot - {}
RESULT: {"script":"<script> [56 bytes]","args":[{"element-6066-11e4-a52e-4f735466cecf":"f.2D1A903BB9B117B2180C998CF94CF722.d.26242B1142895693158BF7B1006E163A.e.22818","ELEMENT":"f.2D1A903BB9B117B2180C998CF94CF722.d.26242B1142895693158BF7B1006E163A.e.22818"}]}
COMMAND: GET /session/0157ef9fabb145ee7fb2a1f3feebe51f/screenshot - {}
RESULT: {}
COMMAND: POST /session/0157ef9fabb145ee7fb2a1f3feebe51f/execute/sync - {"script":"<script> [56 bytes]","args":[{"element-6066-11e4-a52e-4f735466cecf":"f.2D1A903BB9B117B2180C998CF94CF722.d.26242B1142895693158BF7B1006E163A.e.22818","ELEMENT":"f.2D1A903BB9B117B2180C998CF94CF722.d.26242B1142895693158BF7B1006E163A.e.22818"}]}
RESULT: {}
RESULT: {"script":"<script> [56 bytes]","args":[{"element-6066-11e4-a52e-4f735466cecf":"f.2D1A903BB9B117B2180C998CF94CF722.d.26242B1142895693158BF7B1006E163A.e.22818","ELEMENT":"f.2D1A903BB9B117B2180C998CF94CF722.d.26242B1142895693158BF7B1006E163A.e.22818"}]}
COMMAND: GET /session/0157ef9fabb145ee7fb2a1f3feebe51f/screenshot - {}
COMMAND: POST /session/0157ef9fabb145ee7fb2a1f3feebe51f/execute/sync - {"script":"<script> [56 bytes]","args":[{"element-6066-11e4-a52e-4f735466cecf":"f.2D1A903BB9B117B2180C998CF94CF722.d.26242B1142895693158BF7B1006E163A.e.22818","ELEMENT":"f.2D1A903BB9B117B2180C998CF94CF722.d.26242B1142895693158BF7B1006E163A.e.22818"}]}
RESULT: {}
RESULT: {"script":"<script> [56 bytes]","args":[{"element-6066-11e4-a52e-4f735466cecf":"f.2D1A903BB9B117B2180C998CF94CF722.d.26242B1142895693158BF7B1006E163A.e.22818","ELEMENT":"f.2D1A903BB9B117B2180C998CF94CF722.d.26242B1142895693158BF7B1006E163A.e.22818"}]}
COMMAND: GET /session/0157ef9fabb145ee7fb2a1f3feebe51f/screenshot - {}
RESULT: {}
COMMAND: POST /session/0157ef9fabb145ee7fb2a1f3feebe51f/execute/sync - {"script":"<script> [56 bytes]","args":[{"element-6066-11e4-a52e-4f735466cecf":"f.2D1A903BB9B117B2180C998CF94CF722.d.26242B1142895693158BF7B1006E163A.e.22818","ELEMENT":"f.2D1A903BB9B117B2180C998CF94CF722.d.26242B1142895693158BF7B1006E163A.e.22818"}]}
RESULT: {"script":"<script> [56 bytes]","args":[{"element-6066-11e4-a52e-4f735466cecf":"f.2D1A903BB9B117B2180C998CF94CF722.d.26242B1142895693158BF7B1006E163A.e.22818","ELEMENT":"f.2D1A903BB9B117B2180C998CF94CF722.d.26242B1142895693158BF7B1006E163A.e.22818"}]}
COMMAND: GET /session/0157ef9fabb145ee7fb2a1f3feebe51f/screenshot - {}
RESULT: {}
COMMAND: POST /session/0157ef9fabb145ee7fb2a1f3feebe51f/execute/sync - {"script":"<script> [56 bytes]","args":[{"element-6066-11e4-a52e-4f735466cecf":"f.2D1A903BB9B117B2180C998CF94CF722.d.26242B1142895693158BF7B1006E163A.e.22818","ELEMENT":"f.2D1A903BB9B117B2180C998CF94CF722.d.26242B1142895693158BF7B1006E163A.e.22818"}]}
RESULT: {"script":"<script> [56 bytes]","args":[{"element-6066-11e4-a52e-4f735466cecf":"f.2D1A903BB9B117B2180C998CF94CF722.d.26242B1142895693158BF7B1006E163A.e.22818","ELEMENT":"f.2D1A903BB9B117B2180C998CF94CF722.d.26242B1142895693158BF7B1006E163A.e.22818"}]}
COMMAND: GET /session/0157ef9fabb145ee7fb2a1f3feebe51f/screenshot - {}
RESULT: {}
COMMAND: POST /session/0157ef9fabb145ee7fb2a1f3feebe51f/execute/sync - {"script":"<script> [56 bytes]","args":[{"element-6066-11e4-a52e-4f735466cecf":"f.2D1A903BB9B117B2180C998CF94CF722.d.26242B1142895693158BF7B1006E163A.e.22818","ELEMENT":"f.2D1A903BB9B117B2180C998CF94CF722.d.26242B1142895693158BF7B1006E163A.e.22818"}]}
RESULT: {"script":"<script> [56 bytes]","args":[{"element-6066-11e4-a52e-4f735466cecf":"f.2D1A903BB9B117B2180C998CF94CF722.d.26242B1142895693158BF7B1006E163A.e.22818","ELEMENT":"f.2D1A903BB9B117B2180C998CF94CF722.d.26242B1142895693158BF7B1006E163A.e.22818"}]}
COMMAND: GET /session/0157ef9fabb145ee7fb2a1f3feebe51f/screenshot - {}
RESULT: {}
COMMAND: POST /session/0157ef9fabb145ee7fb2a1f3feebe51f/execute/sync - {"script":"<script> [56 bytes]","args":[{"element-6066-11e4-a52e-4f735466cecf":"f.2D1A903BB9B117B2180C998CF94CF722.d.26242B1142895693158BF7B1006E163A.e.22818","ELEMENT":"f.2D1A903BB9B117B2180C998CF94CF722.d.26242B1142895693158BF7B1006E163A.e.22818"}]}
RESULT: {"script":"<script> [56 bytes]","args":[{"element-6066-11e4-a52e-4f735466cecf":"f.2D1A903BB9B117B2180C998CF94CF722.d.26242B1142895693158BF7B1006E163A.e.22818","ELEMENT":"f.2D1A903BB9B117B2180C998CF94CF722.d.26242B1142895693158BF7B1006E163A.e.22818"}]}
COMMAND: GET /session/0157ef9fabb145ee7fb2a1f3feebe51f/screenshot - {}
RESULT: {}
COMMAND: POST /session/0157ef9fabb145ee7fb2a1f3feebe51f/execute/sync - {"script":"<script> [56 bytes]","args":[{"element-6066-11e4-a52e-4f735466cecf":"f.2D1A903BB9B117B2180C998CF94CF722.d.26242B1142895693158BF7B1006E163A.e.22818","ELEMENT":"f.2D1A903BB9B117B2180C998CF94CF722.d.26242B1142895693158BF7B1006E163A.e.22818"}]}
RESULT: {"script":"<script> [56 bytes]","args":[{"element-6066-11e4-a52e-4f735466cecf":"f.2D1A903BB9B117B2180C998CF94CF722.d.26242B1142895693158BF7B1006E163A.e.22818","ELEMENT":"f.2D1A903BB9B117B2180C998CF94CF722.d.26242B1142895693158BF7B1006E163A.e.22818"}]}
COMMAND: GET /session/0157ef9fabb145ee7fb2a1f3feebe51f/screenshot - {}
RESULT: {}
COMMAND: POST /session/0157ef9fabb145ee7fb2a1f3feebe51f/execute/sync - {"script":"<script> [56 bytes]","args":[{"element-6066-11e4-a52e-4f735466cecf":"f.2D1A903BB9B117B2180C998CF94CF722.d.26242B1142895693158BF7B1006E163A.e.22818","ELEMENT":"f.2D1A903BB9B117B2180C998CF94CF722.d.26242B1142895693158BF7B1006E163A.e.22818"}]}
RESULT: {"script":"<script> [56 bytes]","args":[{"element-6066-11e4-a52e-4f735466cecf":"f.2D1A903BB9B117B2180C998CF94CF722.d.26242B1142895693158BF7B1006E163A.e.22818","ELEMENT":"f.2D1A903BB9B117B2180C998CF94CF722.d.26242B1142895693158BF7B1006E163A.e.22818"}]}
COMMAND: GET /session/0157ef9fabb145ee7fb2a1f3feebe51f/screenshot - {}
RESULT: {}
COMMAND: POST /session/0157ef9fabb145ee7fb2a1f3feebe51f/execute/sync - {"script":"<script> [56 bytes]","args":[{"element-6066-11e4-a52e-4f735466cecf":"f.2D1A903BB9B117B2180C998CF94CF722.d.26242B1142895693158BF7B1006E163A.e.22818","ELEMENT":"f.2D1A903BB9B117B2180C998CF94CF722.d.26242B1142895693158BF7B1006E163A.e.22818"}]}
RESULT: {"script":"<script> [56 bytes]","args":[{"element-6066-11e4-a52e-4f735466cecf":"f.2D1A903BB9B117B2180C998CF94CF722.d.26242B1142895693158BF7B1006E163A.e.22818","ELEMENT":"f.2D1A903BB9B117B2180C998CF94CF722.d.26242B1142895693158BF7B1006E163A.e.22818"}]}
COMMAND: GET /session/0157ef9fabb145ee7fb2a1f3feebe51f/screenshot - {}
RESULT: {}
COMMAND: POST /session/0157ef9fabb145ee7fb2a1f3feebe51f/execute/sync - {"script":"<script> [56 bytes]","args":[{"element-6066-11e4-a52e-4f735466cecf":"f.2D1A903BB9B117B2180C998CF94CF722.d.26242B1142895693158BF7B1006E163A.e.22818","ELEMENT":"f.2D1A903BB9B117B2180C998CF94CF722.d.26242B1142895693158BF7B1006E163A.e.22818"}]}
RESULT: {"script":"<script> [56 bytes]","args":[{"element-6066-11e4-a52e-4f735466cecf":"f.2D1A903BB9B117B2180C998CF94CF722.d.26242B1142895693158BF7B1006E163A.e.22818","ELEMENT":"f.2D1A903BB9B117B2180C998CF94CF722.d.26242B1142895693158BF7B1006E163A.e.22818"}]}
COMMAND: GET /session/0157ef9fabb145ee7fb2a1f3feebe51f/screenshot - {}
RESULT: {}
COMMAND: POST /session/0157ef9fabb145ee7fb2a1f3feebe51f/execute/sync - {"script":"<script> [56 bytes]","args":[{"element-6066-11e4-a52e-4f735466cecf":"f.2D1A903BB9B117B2180C998CF94CF722.d.26242B1142895693158BF7B1006E163A.e.22818","ELEMENT":"f.2D1A903BB9B117B2180C998CF94CF722.d.26242B1142895693158BF7B1006E163A.e.22818"}]}
RESULT: {"script":"<script> [56 bytes]","args":[{"element-6066-11e4-a52e-4f735466cecf":"f.2D1A903BB9B117B2180C998CF94CF722.d.26242B1142895693158BF7B1006E163A.e.22818","ELEMENT":"f.2D1A903BB9B117B2180C998CF94CF722.d.26242B1142895693158BF7B1006E163A.e.22818"}]}
COMMAND: GET /session/0157ef9fabb145ee7fb2a1f3feebe51f/screenshot - {}
COMMAND: POST /session/0157ef9fabb145ee7fb2a1f3feebe51f/execute/sync - {"script":"<script> [56 bytes]","args":[{"element-6066-11e4-a52e-4f735466cecf":"f.2D1A903BB9B117B2180C998CF94CF722.d.26242B1142895693158BF7B1006E163A.e.22818","ELEMENT":"f.2D1A903BB9B117B2180C998CF94CF722.d.26242B1142895693158BF7B1006E163A.e.22818"}]}
RESULT: {}
RESULT: {"script":"<script> [56 bytes]","args":[{"element-6066-11e4-a52e-4f735466cecf":"f.2D1A903BB9B117B2180C998CF94CF722.d.26242B1142895693158BF7B1006E163A.e.22818","ELEMENT":"f.2D1A903BB9B117B2180C998CF94CF722.d.26242B1142895693158BF7B1006E163A.e.22818"}]}
COMMAND: POST /session/0157ef9fabb145ee7fb2a1f3feebe51f/element - {"using":"xpath","value":"//td[@aria-colindex=\"1\"]/div/div[contains(@class, \"sapMCbBg\")]"}
COMMAND: GET /session/0157ef9fabb145ee7fb2a1f3feebe51f/screenshot - {}
RESULT: {"using":"xpath","value":"//td[@aria-colindex=\"1\"]/div/div[contains(@class, \"sapMCbBg\")]"}
COMMAND: POST /session/0157ef9fabb145ee7fb2a1f3feebe51f/element/f.2D1A903BB9B117B2180C998CF94CF722.d.26242B1142895693158BF7B1006E163A.e.22836/click - {}
RESULT: {}
RESULT: {}
COMMAND: GET /session/0157ef9fabb145ee7fb2a1f3feebe51f/screenshot - {}
RESULT: {}
COMMAND: POST /session/0157ef9fabb145ee7fb2a1f3feebe51f/element - {"using":"xpath","value":"//bdi[text()=\"Transfer\"]"}
RESULT: {"using":"xpath","value":"//bdi[text()=\"Transfer\"]"}
COMMAND: POST /session/0157ef9fabb145ee7fb2a1f3feebe51f/element/f.2D1A903BB9B117B2180C998CF94CF722.d.26242B1142895693158BF7B1006E163A.e.22837/click - {}
RESULT: {}
COMMAND: GET /session/0157ef9fabb145ee7fb2a1f3feebe51f/screenshot - {}
RESULT: {}
COMMAND: POST /session/0157ef9fabb145ee7fb2a1f3feebe51f/element - {"using":"xpath","value":"//bdi[contains(text(), \"OK\")]"}
RESULT: {"using":"xpath","value":"//bdi[contains(text(), \"OK\")]"}
COMMAND: POST /session/0157ef9fabb145ee7fb2a1f3feebe51f/element/f.2D1A903BB9B117B2180C998CF94CF722.d.26242B1142895693158BF7B1006E163A.e.22840/click - {}
RESULT: {}
COMMAND: GET /session/0157ef9fabb145ee7fb2a1f3feebe51f/screenshot - {}
RESULT: {}
COMMAND: POST /session/0157ef9fabb145ee7fb2a1f3feebe51f/element - {"using":"xpath","value":"(//span[contains(text(), \"Completed\")]/parent::div/preceding-sibling::div/span)[1]"}
RESULT: {"using":"xpath","value":"(//span[contains(text(), \"Completed\")]/parent::div/preceding-sibling::div/span)[1]"}
COMMAND: POST /session/0157ef9fabb145ee7fb2a1f3feebe51f/element/f.2D1A903BB9B117B2180C998CF94CF722.d.26242B1142895693158BF7B1006E163A.e.22848/click - {}
RESULT: {}
COMMAND: POST /session/0157ef9fabb145ee7fb2a1f3feebe51f/element - {"using":"xpath","value":"//input[contains(@id ,\"application-billingtransfer-display-component---billingWorkbench--smartFilterBar-btnBasicSearch\")]"}
COMMAND: GET /session/0157ef9fabb145ee7fb2a1f3feebe51f/screenshot - {}
RESULT: {"using":"xpath","value":"//input[contains(@id ,\"application-billingtransfer-display-component---billingWorkbench--smartFilterBar-btnBasicSearch\")]"}
COMMAND: POST /session/0157ef9fabb145ee7fb2a1f3feebe51f/elements - {"using":"xpath","value":"//input[contains(@id ,\"application-billingtransfer-display-component---billingWorkbench--smartFilterBar-btnBasicSearch\")]"}
RESULT: {}
RESULT: {"using":"xpath","value":"//input[contains(@id ,\"application-billingtransfer-display-component---billingWorkbench--smartFilterBar-btnBasicSearch\")]"}
COMMAND: POST /session/0157ef9fabb145ee7fb2a1f3feebe51f/execute/sync - {"script":"<script> [8489 bytes]","args":[{"element-6066-11e4-a52e-4f735466cecf":"f.2D1A903BB9B117B2180C998CF94CF722.d.26242B1142895693158BF7B1006E163A.e.22676","ELEMENT":"f.2D1A903BB9B117B2180C998CF94CF722.d.26242B1142895693158BF7B1006E163A.e.22676"}]}
RESULT: {"script":"<script> [8489 bytes]","args":[{"element-6066-11e4-a52e-4f735466cecf":"f.2D1A903BB9B117B2180C998CF94CF722.d.26242B1142895693158BF7B1006E163A.e.22676","ELEMENT":"f.2D1A903BB9B117B2180C998CF94CF722.d.26242B1142895693158BF7B1006E163A.e.22676"}]}
COMMAND: GET /session/0157ef9fabb145ee7fb2a1f3feebe51f/element/f.2D1A903BB9B117B2180C998CF94CF722.d.26242B1142895693158BF7B1006E163A.e.22676/enabled - {}
COMMAND: GET /session/0157ef9fabb145ee7fb2a1f3feebe51f/screenshot - {}
RESULT: {}
COMMAND: POST /session/0157ef9fabb145ee7fb2a1f3feebe51f/element/f.2D1A903BB9B117B2180C998CF94CF722.d.26242B1142895693158BF7B1006E163A.e.22676/click - {}
COMMAND: GET /session/0157ef9fabb145ee7fb2a1f3feebe51f/screenshot - {}
RESULT: {}
RESULT: {}
COMMAND: GET /session/0157ef9fabb145ee7fb2a1f3feebe51f/screenshot - {}
RESULT: {}
RESULT: {}
COMMAND: POST /session/0157ef9fabb145ee7fb2a1f3feebe51f/element/f.2D1A903BB9B117B2180C998CF94CF722.d.26242B1142895693158BF7B1006E163A.e.22676/clear - {}
RESULT: {}
COMMAND: POST /session/0157ef9fabb145ee7fb2a1f3feebe51f/element/f.2D1A903BB9B117B2180C998CF94CF722.d.26242B1142895693158BF7B1006E163A.e.22676/value - {"text":"10393"}
COMMAND: GET /session/0157ef9fabb145ee7fb2a1f3feebe51f/screenshot - {}
RESULT: {"text":"10393"}
COMMAND: POST /session/0157ef9fabb145ee7fb2a1f3feebe51f/actions - {"actions":[{"id":"action79","type":"key","parameters":{},"actions":[{"type":"keyDown","value":""},{"type":"pause","duration":10},{"type":"keyUp","value":""}]}]}
COMMAND: GET /session/0157ef9fabb145ee7fb2a1f3feebe51f/screenshot - {}
RESULT: {}
RESULT: {"actions":[{"id":"action79","type":"key","parameters":{},"actions":[{"type":"keyDown","value":""},{"type":"pause","duration":10},{"type":"keyUp","value":""}]}]}
COMMAND: GET /session/0157ef9fabb145ee7fb2a1f3feebe51f/screenshot - {}
RESULT: {}
RESULT: {}
COMMAND: POST /session/0157ef9fabb145ee7fb2a1f3feebe51f/element - {"using":"xpath","value":"//span[contains(@id ,\"application-billingtransfer-display-component---billingWorkbench--smartTableBillingRuns-header-inner\")]"}
RESULT: {"using":"xpath","value":"//span[contains(@id ,\"application-billingtransfer-display-component---billingWorkbench--smartTableBillingRuns-header-inner\")]"}
COMMAND: POST /session/0157ef9fabb145ee7fb2a1f3feebe51f/elements - {"using":"xpath","value":"//span[contains(@id ,\"application-billingtransfer-display-component---billingWorkbench--smartTableBillingRuns-header-inner\")]"}
RESULT: {"using":"xpath","value":"//span[contains(@id ,\"application-billingtransfer-display-component---billingWorkbench--smartTableBillingRuns-header-inner\")]"}
COMMAND: POST /session/0157ef9fabb145ee7fb2a1f3feebe51f/execute/sync - {"script":"<script> [56 bytes]","args":[{"element-6066-11e4-a52e-4f735466cecf":"f.2D1A903BB9B117B2180C998CF94CF722.d.26242B1142895693158BF7B1006E163A.e.22818","ELEMENT":"f.2D1A903BB9B117B2180C998CF94CF722.d.26242B1142895693158BF7B1006E163A.e.22818"}]}
RESULT: {"script":"<script> [56 bytes]","args":[{"element-6066-11e4-a52e-4f735466cecf":"f.2D1A903BB9B117B2180C998CF94CF722.d.26242B1142895693158BF7B1006E163A.e.22818","ELEMENT":"f.2D1A903BB9B117B2180C998CF94CF722.d.26242B1142895693158BF7B1006E163A.e.22818"}]}
COMMAND: GET /session/0157ef9fabb145ee7fb2a1f3feebe51f/screenshot - {}
RESULT: {}
COMMAND: POST /session/0157ef9fabb145ee7fb2a1f3feebe51f/execute/sync - {"script":"<script> [56 bytes]","args":[{"element-6066-11e4-a52e-4f735466cecf":"f.2D1A903BB9B117B2180C998CF94CF722.d.26242B1142895693158BF7B1006E163A.e.22818","ELEMENT":"f.2D1A903BB9B117B2180C998CF94CF722.d.26242B1142895693158BF7B1006E163A.e.22818"}]}
RESULT: {"script":"<script> [56 bytes]","args":[{"element-6066-11e4-a52e-4f735466cecf":"f.2D1A903BB9B117B2180C998CF94CF722.d.26242B1142895693158BF7B1006E163A.e.22818","ELEMENT":"f.2D1A903BB9B117B2180C998CF94CF722.d.26242B1142895693158BF7B1006E163A.e.22818"}]}
COMMAND: GET /session/0157ef9fabb145ee7fb2a1f3feebe51f/screenshot - {}
RESULT: {}
COMMAND: POST /session/0157ef9fabb145ee7fb2a1f3feebe51f/execute/sync - {"script":"<script> [56 bytes]","args":[{"element-6066-11e4-a52e-4f735466cecf":"f.2D1A903BB9B117B2180C998CF94CF722.d.26242B1142895693158BF7B1006E163A.e.22818","ELEMENT":"f.2D1A903BB9B117B2180C998CF94CF722.d.26242B1142895693158BF7B1006E163A.e.22818"}]}
RESULT: {"script":"<script> [56 bytes]","args":[{"element-6066-11e4-a52e-4f735466cecf":"f.2D1A903BB9B117B2180C998CF94CF722.d.26242B1142895693158BF7B1006E163A.e.22818","ELEMENT":"f.2D1A903BB9B117B2180C998CF94CF722.d.26242B1142895693158BF7B1006E163A.e.22818"}]}
COMMAND: GET /session/0157ef9fabb145ee7fb2a1f3feebe51f/screenshot - {}
RESULT: {}
COMMAND: POST /session/0157ef9fabb145ee7fb2a1f3feebe51f/execute/sync - {"script":"<script> [56 bytes]","args":[{"element-6066-11e4-a52e-4f735466cecf":"f.2D1A903BB9B117B2180C998CF94CF722.d.26242B1142895693158BF7B1006E163A.e.22818","ELEMENT":"f.2D1A903BB9B117B2180C998CF94CF722.d.26242B1142895693158BF7B1006E163A.e.22818"}]}
RESULT: {"script":"<script> [56 bytes]","args":[{"element-6066-11e4-a52e-4f735466cecf":"f.2D1A903BB9B117B2180C998CF94CF722.d.26242B1142895693158BF7B1006E163A.e.22818","ELEMENT":"f.2D1A903BB9B117B2180C998CF94CF722.d.26242B1142895693158BF7B1006E163A.e.22818"}]}
COMMAND: GET /session/0157ef9fabb145ee7fb2a1f3feebe51f/screenshot - {}
RESULT: {}
COMMAND: POST /session/0157ef9fabb145ee7fb2a1f3feebe51f/execute/sync - {"script":"<script> [56 bytes]","args":[{"element-6066-11e4-a52e-4f735466cecf":"f.2D1A903BB9B117B2180C998CF94CF722.d.26242B1142895693158BF7B1006E163A.e.22818","ELEMENT":"f.2D1A903BB9B117B2180C998CF94CF722.d.26242B1142895693158BF7B1006E163A.e.22818"}]}
RESULT: {"script":"<script> [56 bytes]","args":[{"element-6066-11e4-a52e-4f735466cecf":"f.2D1A903BB9B117B2180C998CF94CF722.d.26242B1142895693158BF7B1006E163A.e.22818","ELEMENT":"f.2D1A903BB9B117B2180C998CF94CF722.d.26242B1142895693158BF7B1006E163A.e.22818"}]}
COMMAND: GET /session/0157ef9fabb145ee7fb2a1f3feebe51f/screenshot - {}
RESULT: {}
COMMAND: POST /session/0157ef9fabb145ee7fb2a1f3feebe51f/execute/sync - {"script":"<script> [56 bytes]","args":[{"element-6066-11e4-a52e-4f735466cecf":"f.2D1A903BB9B117B2180C998CF94CF722.d.26242B1142895693158BF7B1006E163A.e.22818","ELEMENT":"f.2D1A903BB9B117B2180C998CF94CF722.d.26242B1142895693158BF7B1006E163A.e.22818"}]}
RESULT: {"script":"<script> [56 bytes]","args":[{"element-6066-11e4-a52e-4f735466cecf":"f.2D1A903BB9B117B2180C998CF94CF722.d.26242B1142895693158BF7B1006E163A.e.22818","ELEMENT":"f.2D1A903BB9B117B2180C998CF94CF722.d.26242B1142895693158BF7B1006E163A.e.22818"}]}
COMMAND: GET /session/0157ef9fabb145ee7fb2a1f3feebe51f/screenshot - {}
RESULT: {}
COMMAND: POST /session/0157ef9fabb145ee7fb2a1f3feebe51f/execute/sync - {"script":"<script> [56 bytes]","args":[{"element-6066-11e4-a52e-4f735466cecf":"f.2D1A903BB9B117B2180C998CF94CF722.d.26242B1142895693158BF7B1006E163A.e.22818","ELEMENT":"f.2D1A903BB9B117B2180C998CF94CF722.d.26242B1142895693158BF7B1006E163A.e.22818"}]}
RESULT: {"script":"<script> [56 bytes]","args":[{"element-6066-11e4-a52e-4f735466cecf":"f.2D1A903BB9B117B2180C998CF94CF722.d.26242B1142895693158BF7B1006E163A.e.22818","ELEMENT":"f.2D1A903BB9B117B2180C998CF94CF722.d.26242B1142895693158BF7B1006E163A.e.22818"}]}
COMMAND: GET /session/0157ef9fabb145ee7fb2a1f3feebe51f/screenshot - {}
RESULT: {}
COMMAND: POST /session/0157ef9fabb145ee7fb2a1f3feebe51f/execute/sync - {"script":"<script> [56 bytes]","args":[{"element-6066-11e4-a52e-4f735466cecf":"f.2D1A903BB9B117B2180C998CF94CF722.d.26242B1142895693158BF7B1006E163A.e.22818","ELEMENT":"f.2D1A903BB9B117B2180C998CF94CF722.d.26242B1142895693158BF7B1006E163A.e.22818"}]}
RESULT: {"script":"<script> [56 bytes]","args":[{"element-6066-11e4-a52e-4f735466cecf":"f.2D1A903BB9B117B2180C998CF94CF722.d.26242B1142895693158BF7B1006E163A.e.22818","ELEMENT":"f.2D1A903BB9B117B2180C998CF94CF722.d.26242B1142895693158BF7B1006E163A.e.22818"}]}
COMMAND: GET /session/0157ef9fabb145ee7fb2a1f3feebe51f/screenshot - {}
RESULT: {}
COMMAND: POST /session/0157ef9fabb145ee7fb2a1f3feebe51f/execute/sync - {"script":"<script> [56 bytes]","args":[{"element-6066-11e4-a52e-4f735466cecf":"f.2D1A903BB9B117B2180C998CF94CF722.d.26242B1142895693158BF7B1006E163A.e.22818","ELEMENT":"f.2D1A903BB9B117B2180C998CF94CF722.d.26242B1142895693158BF7B1006E163A.e.22818"}]}
RESULT: {"script":"<script> [56 bytes]","args":[{"element-6066-11e4-a52e-4f735466cecf":"f.2D1A903BB9B117B2180C998CF94CF722.d.26242B1142895693158BF7B1006E163A.e.22818","ELEMENT":"f.2D1A903BB9B117B2180C998CF94CF722.d.26242B1142895693158BF7B1006E163A.e.22818"}]}
COMMAND: GET /session/0157ef9fabb145ee7fb2a1f3feebe51f/screenshot - {}
RESULT: {}
COMMAND: POST /session/0157ef9fabb145ee7fb2a1f3feebe51f/execute/sync - {"script":"<script> [56 bytes]","args":[{"element-6066-11e4-a52e-4f735466cecf":"f.2D1A903BB9B117B2180C998CF94CF722.d.26242B1142895693158BF7B1006E163A.e.22818","ELEMENT":"f.2D1A903BB9B117B2180C998CF94CF722.d.26242B1142895693158BF7B1006E163A.e.22818"}]}
RESULT: {"script":"<script> [56 bytes]","args":[{"element-6066-11e4-a52e-4f735466cecf":"f.2D1A903BB9B117B2180C998CF94CF722.d.26242B1142895693158BF7B1006E163A.e.22818","ELEMENT":"f.2D1A903BB9B117B2180C998CF94CF722.d.26242B1142895693158BF7B1006E163A.e.22818"}]}
COMMAND: GET /session/0157ef9fabb145ee7fb2a1f3feebe51f/screenshot - {}
RESULT: {}
COMMAND: POST /session/0157ef9fabb145ee7fb2a1f3feebe51f/execute/sync - {"script":"<script> [56 bytes]","args":[{"element-6066-11e4-a52e-4f735466cecf":"f.2D1A903BB9B117B2180C998CF94CF722.d.26242B1142895693158BF7B1006E163A.e.22818","ELEMENT":"f.2D1A903BB9B117B2180C998CF94CF722.d.26242B1142895693158BF7B1006E163A.e.22818"}]}
RESULT: {"script":"<script> [56 bytes]","args":[{"element-6066-11e4-a52e-4f735466cecf":"f.2D1A903BB9B117B2180C998CF94CF722.d.26242B1142895693158BF7B1006E163A.e.22818","ELEMENT":"f.2D1A903BB9B117B2180C998CF94CF722.d.26242B1142895693158BF7B1006E163A.e.22818"}]}
COMMAND: GET /session/0157ef9fabb145ee7fb2a1f3feebe51f/screenshot - {}
RESULT: {}
COMMAND: POST /session/0157ef9fabb145ee7fb2a1f3feebe51f/execute/sync - {"script":"<script> [56 bytes]","args":[{"element-6066-11e4-a52e-4f735466cecf":"f.2D1A903BB9B117B2180C998CF94CF722.d.26242B1142895693158BF7B1006E163A.e.22818","ELEMENT":"f.2D1A903BB9B117B2180C998CF94CF722.d.26242B1142895693158BF7B1006E163A.e.22818"}]}
RESULT: {"script":"<script> [56 bytes]","args":[{"element-6066-11e4-a52e-4f735466cecf":"f.2D1A903BB9B117B2180C998CF94CF722.d.26242B1142895693158BF7B1006E163A.e.22818","ELEMENT":"f.2D1A903BB9B117B2180C998CF94CF722.d.26242B1142895693158BF7B1006E163A.e.22818"}]}
COMMAND: GET /session/0157ef9fabb145ee7fb2a1f3feebe51f/screenshot - {}
RESULT: {}
COMMAND: POST /session/0157ef9fabb145ee7fb2a1f3feebe51f/execute/sync - {"script":"<script> [56 bytes]","args":[{"element-6066-11e4-a52e-4f735466cecf":"f.2D1A903BB9B117B2180C998CF94CF722.d.26242B1142895693158BF7B1006E163A.e.22818","ELEMENT":"f.2D1A903BB9B117B2180C998CF94CF722.d.26242B1142895693158BF7B1006E163A.e.22818"}]}
RESULT: {"script":"<script> [56 bytes]","args":[{"element-6066-11e4-a52e-4f735466cecf":"f.2D1A903BB9B117B2180C998CF94CF722.d.26242B1142895693158BF7B1006E163A.e.22818","ELEMENT":"f.2D1A903BB9B117B2180C998CF94CF722.d.26242B1142895693158BF7B1006E163A.e.22818"}]}
COMMAND: GET /session/0157ef9fabb145ee7fb2a1f3feebe51f/screenshot - {}
RESULT: {}
COMMAND: POST /session/0157ef9fabb145ee7fb2a1f3feebe51f/execute/sync - {"script":"<script> [56 bytes]","args":[{"element-6066-11e4-a52e-4f735466cecf":"f.2D1A903BB9B117B2180C998CF94CF722.d.26242B1142895693158BF7B1006E163A.e.22818","ELEMENT":"f.2D1A903BB9B117B2180C998CF94CF722.d.26242B1142895693158BF7B1006E163A.e.22818"}]}
RESULT: {"script":"<script> [56 bytes]","args":[{"element-6066-11e4-a52e-4f735466cecf":"f.2D1A903BB9B117B2180C998CF94CF722.d.26242B1142895693158BF7B1006E163A.e.22818","ELEMENT":"f.2D1A903BB9B117B2180C998CF94CF722.d.26242B1142895693158BF7B1006E163A.e.22818"}]}
COMMAND: GET /session/0157ef9fabb145ee7fb2a1f3feebe51f/screenshot - {}
RESULT: {}
COMMAND: POST /session/0157ef9fabb145ee7fb2a1f3feebe51f/execute/sync - {"script":"<script> [56 bytes]","args":[{"element-6066-11e4-a52e-4f735466cecf":"f.2D1A903BB9B117B2180C998CF94CF722.d.26242B1142895693158BF7B1006E163A.e.22818","ELEMENT":"f.2D1A903BB9B117B2180C998CF94CF722.d.26242B1142895693158BF7B1006E163A.e.22818"}]}
RESULT: {"script":"<script> [56 bytes]","args":[{"element-6066-11e4-a52e-4f735466cecf":"f.2D1A903BB9B117B2180C998CF94CF722.d.26242B1142895693158BF7B1006E163A.e.22818","ELEMENT":"f.2D1A903BB9B117B2180C998CF94CF722.d.26242B1142895693158BF7B1006E163A.e.22818"}]}
COMMAND: GET /session/0157ef9fabb145ee7fb2a1f3feebe51f/screenshot - {}
RESULT: {}
COMMAND: POST /session/0157ef9fabb145ee7fb2a1f3feebe51f/execute/sync - {"script":"<script> [56 bytes]","args":[{"element-6066-11e4-a52e-4f735466cecf":"f.2D1A903BB9B117B2180C998CF94CF722.d.26242B1142895693158BF7B1006E163A.e.22818","ELEMENT":"f.2D1A903BB9B117B2180C998CF94CF722.d.26242B1142895693158BF7B1006E163A.e.22818"}]}
RESULT: {"script":"<script> [56 bytes]","args":[{"element-6066-11e4-a52e-4f735466cecf":"f.2D1A903BB9B117B2180C998CF94CF722.d.26242B1142895693158BF7B1006E163A.e.22818","ELEMENT":"f.2D1A903BB9B117B2180C998CF94CF722.d.26242B1142895693158BF7B1006E163A.e.22818"}]}
COMMAND: GET /session/0157ef9fabb145ee7fb2a1f3feebe51f/screenshot - {}
RESULT: {}
COMMAND: POST /session/0157ef9fabb145ee7fb2a1f3feebe51f/execute/sync - {"script":"<script> [56 bytes]","args":[{"element-6066-11e4-a52e-4f735466cecf":"f.2D1A903BB9B117B2180C998CF94CF722.d.26242B1142895693158BF7B1006E163A.e.22818","ELEMENT":"f.2D1A903BB9B117B2180C998CF94CF722.d.26242B1142895693158BF7B1006E163A.e.22818"}]}
RESULT: {"script":"<script> [56 bytes]","args":[{"element-6066-11e4-a52e-4f735466cecf":"f.2D1A903BB9B117B2180C998CF94CF722.d.26242B1142895693158BF7B1006E163A.e.22818","ELEMENT":"f.2D1A903BB9B117B2180C998CF94CF722.d.26242B1142895693158BF7B1006E163A.e.22818"}]}
COMMAND: GET /session/0157ef9fabb145ee7fb2a1f3feebe51f/screenshot - {}
RESULT: {}
COMMAND: POST /session/0157ef9fabb145ee7fb2a1f3feebe51f/execute/sync - {"script":"<script> [56 bytes]","args":[{"element-6066-11e4-a52e-4f735466cecf":"f.2D1A903BB9B117B2180C998CF94CF722.d.26242B1142895693158BF7B1006E163A.e.22818","ELEMENT":"f.2D1A903BB9B117B2180C998CF94CF722.d.26242B1142895693158BF7B1006E163A.e.22818"}]}
RESULT: {"script":"<script> [56 bytes]","args":[{"element-6066-11e4-a52e-4f735466cecf":"f.2D1A903BB9B117B2180C998CF94CF722.d.26242B1142895693158BF7B1006E163A.e.22818","ELEMENT":"f.2D1A903BB9B117B2180C998CF94CF722.d.26242B1142895693158BF7B1006E163A.e.22818"}]}
COMMAND: GET /session/0157ef9fabb145ee7fb2a1f3feebe51f/screenshot - {}
RESULT: {}
COMMAND: POST /session/0157ef9fabb145ee7fb2a1f3feebe51f/execute/sync - {"script":"<script> [56 bytes]","args":[{"element-6066-11e4-a52e-4f735466cecf":"f.2D1A903BB9B117B2180C998CF94CF722.d.26242B1142895693158BF7B1006E163A.e.22818","ELEMENT":"f.2D1A903BB9B117B2180C998CF94CF722.d.26242B1142895693158BF7B1006E163A.e.22818"}]}
RESULT: {"script":"<script> [56 bytes]","args":[{"element-6066-11e4-a52e-4f735466cecf":"f.2D1A903BB9B117B2180C998CF94CF722.d.26242B1142895693158BF7B1006E163A.e.22818","ELEMENT":"f.2D1A903BB9B117B2180C998CF94CF722.d.26242B1142895693158BF7B1006E163A.e.22818"}]}
COMMAND: POST /session/0157ef9fabb145ee7fb2a1f3feebe51f/element - {"using":"css selector","value":"#shell-header-logo"}
COMMAND: GET /session/0157ef9fabb145ee7fb2a1f3feebe51f/screenshot - {}
RESULT: {"using":"css selector","value":"#shell-header-logo"}
COMMAND: POST /session/0157ef9fabb145ee7fb2a1f3feebe51f/element/f.2D1A903BB9B117B2180C998CF94CF722.d.26242B1142895693158BF7B1006E163A.e.22674/click - {}
RESULT: {}
RESULT: {}
COMMAND: GET /session/0157ef9fabb145ee7fb2a1f3feebe51f/screenshot - {}
RESULT: {}
]]></system-out>
    </testcase>
    <testcase classname="chrome.135_0_7049_42.windows.Billing_Calculation_-_Time_based_(considering_transport_times)_US139738" name="Should navigate to the contract item check the billed until field value" time="46.305">
      <system-out><![CDATA[
RESULT: undefined
COMMAND: POST /session/0157ef9fabb145ee7fb2a1f3feebe51f/element - {"using":"xpath","value":"//*[@id=\"__tile130-title\"]"}
RESULT: {"using":"xpath","value":"//*[@id=\"__tile130-title\"]"}
COMMAND: POST /session/0157ef9fabb145ee7fb2a1f3feebe51f/element/f.2D1A903BB9B117B2180C998CF94CF722.d.26242B1142895693158BF7B1006E163A.e.20903/click - {}
RESULT: undefined
RESULT: {}
COMMAND: GET /session/0157ef9fabb145ee7fb2a1f3feebe51f/screenshot - {}
RESULT: {}
COMMAND: POST /session/0157ef9fabb145ee7fb2a1f3feebe51f/element - {"using":"xpath","value":"//button[@data-kt=\"addButton\"]"}
RESULT: {"using":"xpath","value":"//button[@data-kt=\"addButton\"]"}
COMMAND: POST /session/0157ef9fabb145ee7fb2a1f3feebe51f/elements - {"using":"xpath","value":"//button[@data-kt=\"addButton\"]"}
RESULT: {"using":"xpath","value":"//button[@data-kt=\"addButton\"]"}
COMMAND: POST /session/0157ef9fabb145ee7fb2a1f3feebe51f/execute/sync - {"script":"<script> [8489 bytes]","args":[{"element-6066-11e4-a52e-4f735466cecf":"f.2D1A903BB9B117B2180C998CF94CF722.d.26242B1142895693158BF7B1006E163A.e.22877","ELEMENT":"f.2D1A903BB9B117B2180C998CF94CF722.d.26242B1142895693158BF7B1006E163A.e.22877"}]}
RESULT: {"script":"<script> [8489 bytes]","args":[{"element-6066-11e4-a52e-4f735466cecf":"f.2D1A903BB9B117B2180C998CF94CF722.d.26242B1142895693158BF7B1006E163A.e.22877","ELEMENT":"f.2D1A903BB9B117B2180C998CF94CF722.d.26242B1142895693158BF7B1006E163A.e.22877"}]}
COMMAND: GET /session/0157ef9fabb145ee7fb2a1f3feebe51f/element/f.2D1A903BB9B117B2180C998CF94CF722.d.26242B1142895693158BF7B1006E163A.e.22877/enabled - {}
COMMAND: GET /session/0157ef9fabb145ee7fb2a1f3feebe51f/screenshot - {}
RESULT: {}
COMMAND: POST /session/0157ef9fabb145ee7fb2a1f3feebe51f/execute/sync - {"script":"<script> [8489 bytes]","args":[{"element-6066-11e4-a52e-4f735466cecf":"f.2D1A903BB9B117B2180C998CF94CF722.d.26242B1142895693158BF7B1006E163A.e.22877","ELEMENT":"f.2D1A903BB9B117B2180C998CF94CF722.d.26242B1142895693158BF7B1006E163A.e.22877"}]}
COMMAND: GET /session/0157ef9fabb145ee7fb2a1f3feebe51f/screenshot - {}
RESULT: {}
RESULT: {"script":"<script> [8489 bytes]","args":[{"element-6066-11e4-a52e-4f735466cecf":"f.2D1A903BB9B117B2180C998CF94CF722.d.26242B1142895693158BF7B1006E163A.e.22877","ELEMENT":"f.2D1A903BB9B117B2180C998CF94CF722.d.26242B1142895693158BF7B1006E163A.e.22877"}]}
COMMAND: POST /session/0157ef9fabb145ee7fb2a1f3feebe51f/execute/sync - {"script":"<script> [5351 bytes]","args":[{"element-6066-11e4-a52e-4f735466cecf":"f.2D1A903BB9B117B2180C998CF94CF722.d.26242B1142895693158BF7B1006E163A.e.22877","ELEMENT":"f.2D1A903BB9B117B2180C998CF94CF722.d.26242B1142895693158BF7B1006E163A.e.22877"}]}
COMMAND: GET /session/0157ef9fabb145ee7fb2a1f3feebe51f/screenshot - {}
RESULT: {}
RESULT: {"script":"<script> [5351 bytes]","args":[{"element-6066-11e4-a52e-4f735466cecf":"f.2D1A903BB9B117B2180C998CF94CF722.d.26242B1142895693158BF7B1006E163A.e.22877","ELEMENT":"f.2D1A903BB9B117B2180C998CF94CF722.d.26242B1142895693158BF7B1006E163A.e.22877"}]}
COMMAND: POST /session/0157ef9fabb145ee7fb2a1f3feebe51f/element - {"using":"xpath","value":"//input[contains(@id ,\"smartContractFilterBar-btnBasicSearch-I\")]"}
COMMAND: GET /session/0157ef9fabb145ee7fb2a1f3feebe51f/screenshot - {}
RESULT: {}
RESULT: {"using":"xpath","value":"//input[contains(@id ,\"smartContractFilterBar-btnBasicSearch-I\")]"}
COMMAND: POST /session/0157ef9fabb145ee7fb2a1f3feebe51f/elements - {"using":"xpath","value":"//input[contains(@id ,\"smartContractFilterBar-btnBasicSearch-I\")]"}
RESULT: {}
RESULT: {"using":"xpath","value":"//input[contains(@id ,\"smartContractFilterBar-btnBasicSearch-I\")]"}
COMMAND: POST /session/0157ef9fabb145ee7fb2a1f3feebe51f/execute/sync - {"script":"<script> [8489 bytes]","args":[{"element-6066-11e4-a52e-4f735466cecf":"f.2D1A903BB9B117B2180C998CF94CF722.d.26242B1142895693158BF7B1006E163A.e.22860","ELEMENT":"f.2D1A903BB9B117B2180C998CF94CF722.d.26242B1142895693158BF7B1006E163A.e.22860"}]}
RESULT: {"script":"<script> [8489 bytes]","args":[{"element-6066-11e4-a52e-4f735466cecf":"f.2D1A903BB9B117B2180C998CF94CF722.d.26242B1142895693158BF7B1006E163A.e.22860","ELEMENT":"f.2D1A903BB9B117B2180C998CF94CF722.d.26242B1142895693158BF7B1006E163A.e.22860"}]}
COMMAND: GET /session/0157ef9fabb145ee7fb2a1f3feebe51f/element/f.2D1A903BB9B117B2180C998CF94CF722.d.26242B1142895693158BF7B1006E163A.e.22860/enabled - {}
COMMAND: GET /session/0157ef9fabb145ee7fb2a1f3feebe51f/screenshot - {}
RESULT: {}
COMMAND: POST /session/0157ef9fabb145ee7fb2a1f3feebe51f/element/f.2D1A903BB9B117B2180C998CF94CF722.d.26242B1142895693158BF7B1006E163A.e.22860/clear - {}
COMMAND: GET /session/0157ef9fabb145ee7fb2a1f3feebe51f/screenshot - {}
RESULT: {}
RESULT: {}
COMMAND: POST /session/0157ef9fabb145ee7fb2a1f3feebe51f/element/f.2D1A903BB9B117B2180C998CF94CF722.d.26242B1142895693158BF7B1006E163A.e.22860/value - {"text":"10393"}
COMMAND: GET /session/0157ef9fabb145ee7fb2a1f3feebe51f/screenshot - {}
RESULT: {}
RESULT: {"text":"10393"}
COMMAND: GET /session/0157ef9fabb145ee7fb2a1f3feebe51f/screenshot - {}
RESULT: {}
RESULT: {}
COMMAND: POST /session/0157ef9fabb145ee7fb2a1f3feebe51f/actions - {"actions":[{"id":"action80","type":"key","parameters":{},"actions":[{"type":"keyDown","value":""},{"type":"pause","duration":10},{"type":"keyUp","value":""}]}]}
RESULT: {"actions":[{"id":"action80","type":"key","parameters":{},"actions":[{"type":"keyDown","value":""},{"type":"pause","duration":10},{"type":"keyUp","value":""}]}]}
COMMAND: GET /session/0157ef9fabb145ee7fb2a1f3feebe51f/screenshot - {}
RESULT: {}
COMMAND: POST /session/0157ef9fabb145ee7fb2a1f3feebe51f/element - {"using":"xpath","value":"//span[contains(@id, \"masterListContractsSmartTable-header-inner\")]"}
RESULT: {"using":"xpath","value":"//span[contains(@id, \"masterListContractsSmartTable-header-inner\")]"}
COMMAND: POST /session/0157ef9fabb145ee7fb2a1f3feebe51f/elements - {"using":"xpath","value":"//span[contains(@id, \"masterListContractsSmartTable-header-inner\")]"}
RESULT: {"using":"xpath","value":"//span[contains(@id, \"masterListContractsSmartTable-header-inner\")]"}
COMMAND: POST /session/0157ef9fabb145ee7fb2a1f3feebe51f/execute/sync - {"script":"<script> [56 bytes]","args":[{"element-6066-11e4-a52e-4f735466cecf":"f.2D1A903BB9B117B2180C998CF94CF722.d.26242B1142895693158BF7B1006E163A.e.22971","ELEMENT":"f.2D1A903BB9B117B2180C998CF94CF722.d.26242B1142895693158BF7B1006E163A.e.22971"}]}
RESULT: {"script":"<script> [56 bytes]","args":[{"element-6066-11e4-a52e-4f735466cecf":"f.2D1A903BB9B117B2180C998CF94CF722.d.26242B1142895693158BF7B1006E163A.e.22971","ELEMENT":"f.2D1A903BB9B117B2180C998CF94CF722.d.26242B1142895693158BF7B1006E163A.e.22971"}]}
COMMAND: POST /session/0157ef9fabb145ee7fb2a1f3feebe51f/element - {"using":"xpath","value":"(//span[contains(@id, \"imgNav\")])[1]"}
COMMAND: GET /session/0157ef9fabb145ee7fb2a1f3feebe51f/screenshot - {}
RESULT: {"using":"xpath","value":"(//span[contains(@id, \"imgNav\")])[1]"}
COMMAND: POST /session/0157ef9fabb145ee7fb2a1f3feebe51f/element/f.2D1A903BB9B117B2180C998CF94CF722.d.26242B1142895693158BF7B1006E163A.e.22970/click - {}
RESULT: {}
RESULT: {}
COMMAND: GET /session/0157ef9fabb145ee7fb2a1f3feebe51f/screenshot - {}
COMMAND: POST /session/0157ef9fabb145ee7fb2a1f3feebe51f/element - {"using":"xpath","value":"//tr[@data-kt=\"productsColumnListItem\"]//td//span[contains(@id, \"imgNav\")][1]"}
RESULT: {}
RESULT: {"using":"xpath","value":"//tr[@data-kt=\"productsColumnListItem\"]//td//span[contains(@id, \"imgNav\")][1]"}
COMMAND: POST /session/0157ef9fabb145ee7fb2a1f3feebe51f/element/f.2D1A903BB9B117B2180C998CF94CF722.d.26242B1142895693158BF7B1006E163A.e.23144/click - {}
RESULT: {}
COMMAND: GET /session/0157ef9fabb145ee7fb2a1f3feebe51f/screenshot - {}
RESULT: {}
COMMAND: POST /session/0157ef9fabb145ee7fb2a1f3feebe51f/element - {"using":"xpath","value":"//section[contains(@id, \"application-managecontracts-display-component---BillingItem--ObjectPageLayout-OPHeaderContent\")]/div/div/div/div/div[2]/div/div[2]/span"}
RESULT: {"using":"xpath","value":"//section[contains(@id, \"application-managecontracts-display-component---BillingItem--ObjectPageLayout-OPHeaderContent\")]/div/div/div/div/div[2]/div/div[2]/span"}
COMMAND: POST /session/0157ef9fabb145ee7fb2a1f3feebe51f/execute/sync - {"script":"<script> [56 bytes]","args":[{"element-6066-11e4-a52e-4f735466cecf":"f.2D1A903BB9B117B2180C998CF94CF722.d.26242B1142895693158BF7B1006E163A.e.23284","ELEMENT":"f.2D1A903BB9B117B2180C998CF94CF722.d.26242B1142895693158BF7B1006E163A.e.23284"}]}
RESULT: {"script":"<script> [56 bytes]","args":[{"element-6066-11e4-a52e-4f735466cecf":"f.2D1A903BB9B117B2180C998CF94CF722.d.26242B1142895693158BF7B1006E163A.e.23284","ELEMENT":"f.2D1A903BB9B117B2180C998CF94CF722.d.26242B1142895693158BF7B1006E163A.e.23284"}]}
COMMAND: POST /session/0157ef9fabb145ee7fb2a1f3feebe51f/element - {"using":"xpath","value":"//table[contains(@id, \"application-managecontracts-display-component---BillingItem--billingList-listUl\")]//td//*[contains(text(), \"partial billed\")]"}
COMMAND: GET /session/0157ef9fabb145ee7fb2a1f3feebe51f/screenshot - {}
RESULT: {"using":"xpath","value":"//table[contains(@id, \"application-managecontracts-display-component---BillingItem--billingList-listUl\")]//td//*[contains(text(), \"partial billed\")]"}
COMMAND: POST /session/0157ef9fabb145ee7fb2a1f3feebe51f/execute/sync - {"script":"<script> [56 bytes]","args":[{"element-6066-11e4-a52e-4f735466cecf":"f.2D1A903BB9B117B2180C998CF94CF722.d.26242B1142895693158BF7B1006E163A.e.23285","ELEMENT":"f.2D1A903BB9B117B2180C998CF94CF722.d.26242B1142895693158BF7B1006E163A.e.23285"}]}
RESULT: {}
RESULT: {"script":"<script> [56 bytes]","args":[{"element-6066-11e4-a52e-4f735466cecf":"f.2D1A903BB9B117B2180C998CF94CF722.d.26242B1142895693158BF7B1006E163A.e.23285","ELEMENT":"f.2D1A903BB9B117B2180C998CF94CF722.d.26242B1142895693158BF7B1006E163A.e.23285"}]}
COMMAND: POST /session/0157ef9fabb145ee7fb2a1f3feebe51f/element - {"using":"css selector","value":"#shell-header-logo"}
COMMAND: GET /session/0157ef9fabb145ee7fb2a1f3feebe51f/screenshot - {}
RESULT: {}
RESULT: {"using":"css selector","value":"#shell-header-logo"}
COMMAND: POST /session/0157ef9fabb145ee7fb2a1f3feebe51f/element/f.2D1A903BB9B117B2180C998CF94CF722.d.26242B1142895693158BF7B1006E163A.e.22852/click - {}
RESULT: {}
COMMAND: GET /session/0157ef9fabb145ee7fb2a1f3feebe51f/screenshot - {}
RESULT: {}
]]></system-out>
    </testcase>
    <testcase classname="chrome.135_0_7049_42.windows.Billing_Calculation_-_Time_based_(considering_transport_times)_US139738" name="Should do a handover return 2 step 7 days after provide or 14 days from today receive it in 21 days" time="150.868">
      <system-out><![CDATA[
RESULT: undefined
COMMAND: POST /session/0157ef9fabb145ee7fb2a1f3feebe51f/element - {"using":"xpath","value":"//*[@id=\"__tile130-title\"]"}
RESULT: {"using":"xpath","value":"//*[@id=\"__tile130-title\"]"}
COMMAND: POST /session/0157ef9fabb145ee7fb2a1f3feebe51f/element/f.2D1A903BB9B117B2180C998CF94CF722.d.26242B1142895693158BF7B1006E163A.e.20903/click - {}
RESULT: {}
COMMAND: GET /session/0157ef9fabb145ee7fb2a1f3feebe51f/screenshot - {}
RESULT: undefined
RESULT: undefined
RESULT: {}
COMMAND: POST /session/0157ef9fabb145ee7fb2a1f3feebe51f/element - {"using":"xpath","value":"//button[@data-kt=\"addButton\"]"}
RESULT: {"using":"xpath","value":"//button[@data-kt=\"addButton\"]"}
COMMAND: POST /session/0157ef9fabb145ee7fb2a1f3feebe51f/elements - {"using":"xpath","value":"//button[@data-kt=\"addButton\"]"}
RESULT: {"using":"xpath","value":"//button[@data-kt=\"addButton\"]"}
COMMAND: POST /session/0157ef9fabb145ee7fb2a1f3feebe51f/execute/sync - {"script":"<script> [8489 bytes]","args":[{"element-6066-11e4-a52e-4f735466cecf":"f.2D1A903BB9B117B2180C998CF94CF722.d.26242B1142895693158BF7B1006E163A.e.23355","ELEMENT":"f.2D1A903BB9B117B2180C998CF94CF722.d.26242B1142895693158BF7B1006E163A.e.23355"}]}
RESULT: {"script":"<script> [8489 bytes]","args":[{"element-6066-11e4-a52e-4f735466cecf":"f.2D1A903BB9B117B2180C998CF94CF722.d.26242B1142895693158BF7B1006E163A.e.23355","ELEMENT":"f.2D1A903BB9B117B2180C998CF94CF722.d.26242B1142895693158BF7B1006E163A.e.23355"}]}
COMMAND: GET /session/0157ef9fabb145ee7fb2a1f3feebe51f/element/f.2D1A903BB9B117B2180C998CF94CF722.d.26242B1142895693158BF7B1006E163A.e.23355/enabled - {}
COMMAND: GET /session/0157ef9fabb145ee7fb2a1f3feebe51f/screenshot - {}
RESULT: {}
COMMAND: POST /session/0157ef9fabb145ee7fb2a1f3feebe51f/execute/sync - {"script":"<script> [8489 bytes]","args":[{"element-6066-11e4-a52e-4f735466cecf":"f.2D1A903BB9B117B2180C998CF94CF722.d.26242B1142895693158BF7B1006E163A.e.23355","ELEMENT":"f.2D1A903BB9B117B2180C998CF94CF722.d.26242B1142895693158BF7B1006E163A.e.23355"}]}
COMMAND: GET /session/0157ef9fabb145ee7fb2a1f3feebe51f/screenshot - {}
RESULT: {}
RESULT: {"script":"<script> [8489 bytes]","args":[{"element-6066-11e4-a52e-4f735466cecf":"f.2D1A903BB9B117B2180C998CF94CF722.d.26242B1142895693158BF7B1006E163A.e.23355","ELEMENT":"f.2D1A903BB9B117B2180C998CF94CF722.d.26242B1142895693158BF7B1006E163A.e.23355"}]}
COMMAND: POST /session/0157ef9fabb145ee7fb2a1f3feebe51f/execute/sync - {"script":"<script> [5351 bytes]","args":[{"element-6066-11e4-a52e-4f735466cecf":"f.2D1A903BB9B117B2180C998CF94CF722.d.26242B1142895693158BF7B1006E163A.e.23355","ELEMENT":"f.2D1A903BB9B117B2180C998CF94CF722.d.26242B1142895693158BF7B1006E163A.e.23355"}]}
COMMAND: GET /session/0157ef9fabb145ee7fb2a1f3feebe51f/screenshot - {}
RESULT: {}
RESULT: {"script":"<script> [5351 bytes]","args":[{"element-6066-11e4-a52e-4f735466cecf":"f.2D1A903BB9B117B2180C998CF94CF722.d.26242B1142895693158BF7B1006E163A.e.23355","ELEMENT":"f.2D1A903BB9B117B2180C998CF94CF722.d.26242B1142895693158BF7B1006E163A.e.23355"}]}
COMMAND: GET /session/0157ef9fabb145ee7fb2a1f3feebe51f/screenshot - {}
RESULT: {}
RESULT: {}
COMMAND: POST /session/0157ef9fabb145ee7fb2a1f3feebe51f/element - {"using":"xpath","value":"//input[contains(@id ,\"smartContractFilterBar-btnBasicSearch-I\")]"}
RESULT: {"using":"xpath","value":"//input[contains(@id ,\"smartContractFilterBar-btnBasicSearch-I\")]"}
COMMAND: POST /session/0157ef9fabb145ee7fb2a1f3feebe51f/elements - {"using":"xpath","value":"//input[contains(@id ,\"smartContractFilterBar-btnBasicSearch-I\")]"}
RESULT: {"using":"xpath","value":"//input[contains(@id ,\"smartContractFilterBar-btnBasicSearch-I\")]"}
COMMAND: POST /session/0157ef9fabb145ee7fb2a1f3feebe51f/execute/sync - {"script":"<script> [8489 bytes]","args":[{"element-6066-11e4-a52e-4f735466cecf":"f.2D1A903BB9B117B2180C998CF94CF722.d.26242B1142895693158BF7B1006E163A.e.23291","ELEMENT":"f.2D1A903BB9B117B2180C998CF94CF722.d.26242B1142895693158BF7B1006E163A.e.23291"}]}
RESULT: {"script":"<script> [8489 bytes]","args":[{"element-6066-11e4-a52e-4f735466cecf":"f.2D1A903BB9B117B2180C998CF94CF722.d.26242B1142895693158BF7B1006E163A.e.23291","ELEMENT":"f.2D1A903BB9B117B2180C998CF94CF722.d.26242B1142895693158BF7B1006E163A.e.23291"}]}
COMMAND: GET /session/0157ef9fabb145ee7fb2a1f3feebe51f/element/f.2D1A903BB9B117B2180C998CF94CF722.d.26242B1142895693158BF7B1006E163A.e.23291/enabled - {}
COMMAND: GET /session/0157ef9fabb145ee7fb2a1f3feebe51f/screenshot - {}
RESULT: {}
COMMAND: POST /session/0157ef9fabb145ee7fb2a1f3feebe51f/element/f.2D1A903BB9B117B2180C998CF94CF722.d.26242B1142895693158BF7B1006E163A.e.23291/clear - {}
COMMAND: GET /session/0157ef9fabb145ee7fb2a1f3feebe51f/screenshot - {}
RESULT: {}
RESULT: {}
COMMAND: POST /session/0157ef9fabb145ee7fb2a1f3feebe51f/element/f.2D1A903BB9B117B2180C998CF94CF722.d.26242B1142895693158BF7B1006E163A.e.23291/value - {"text":"10393"}
COMMAND: GET /session/0157ef9fabb145ee7fb2a1f3feebe51f/screenshot - {}
RESULT: {}
RESULT: {"text":"10393"}
COMMAND: GET /session/0157ef9fabb145ee7fb2a1f3feebe51f/screenshot - {}
RESULT: {}
RESULT: {}
COMMAND: POST /session/0157ef9fabb145ee7fb2a1f3feebe51f/actions - {"actions":[{"id":"action81","type":"key","parameters":{},"actions":[{"type":"keyDown","value":""},{"type":"pause","duration":10},{"type":"keyUp","value":""}]}]}
RESULT: {"actions":[{"id":"action81","type":"key","parameters":{},"actions":[{"type":"keyDown","value":""},{"type":"pause","duration":10},{"type":"keyUp","value":""}]}]}
COMMAND: GET /session/0157ef9fabb145ee7fb2a1f3feebe51f/screenshot - {}
RESULT: {}
COMMAND: POST /session/0157ef9fabb145ee7fb2a1f3feebe51f/element - {"using":"xpath","value":"//span[contains(@id, \"masterListContractsSmartTable-header-inner\")]"}
RESULT: {"using":"xpath","value":"//span[contains(@id, \"masterListContractsSmartTable-header-inner\")]"}
COMMAND: POST /session/0157ef9fabb145ee7fb2a1f3feebe51f/elements - {"using":"xpath","value":"//span[contains(@id, \"masterListContractsSmartTable-header-inner\")]"}
RESULT: {"using":"xpath","value":"//span[contains(@id, \"masterListContractsSmartTable-header-inner\")]"}
COMMAND: POST /session/0157ef9fabb145ee7fb2a1f3feebe51f/execute/sync - {"script":"<script> [56 bytes]","args":[{"element-6066-11e4-a52e-4f735466cecf":"f.2D1A903BB9B117B2180C998CF94CF722.d.26242B1142895693158BF7B1006E163A.e.23420","ELEMENT":"f.2D1A903BB9B117B2180C998CF94CF722.d.26242B1142895693158BF7B1006E163A.e.23420"}]}
RESULT: {"script":"<script> [56 bytes]","args":[{"element-6066-11e4-a52e-4f735466cecf":"f.2D1A903BB9B117B2180C998CF94CF722.d.26242B1142895693158BF7B1006E163A.e.23420","ELEMENT":"f.2D1A903BB9B117B2180C998CF94CF722.d.26242B1142895693158BF7B1006E163A.e.23420"}]}
COMMAND: POST /session/0157ef9fabb145ee7fb2a1f3feebe51f/element - {"using":"xpath","value":"(//span[contains(@id, \"imgNav\")])[1]"}
COMMAND: GET /session/0157ef9fabb145ee7fb2a1f3feebe51f/screenshot - {}
RESULT: {"using":"xpath","value":"(//span[contains(@id, \"imgNav\")])[1]"}
COMMAND: POST /session/0157ef9fabb145ee7fb2a1f3feebe51f/element/f.2D1A903BB9B117B2180C998CF94CF722.d.26242B1142895693158BF7B1006E163A.e.23417/click - {}
RESULT: {}
RESULT: {}
COMMAND: GET /session/0157ef9fabb145ee7fb2a1f3feebe51f/screenshot - {}
RESULT: {}
COMMAND: POST /session/0157ef9fabb145ee7fb2a1f3feebe51f/element - {"using":"xpath","value":"//button[contains(@id, \"contractDetailReturnButton\")]"}
RESULT: {"using":"xpath","value":"//button[contains(@id, \"contractDetailReturnButton\")]"}
COMMAND: POST /session/0157ef9fabb145ee7fb2a1f3feebe51f/element/f.2D1A903BB9B117B2180C998CF94CF722.d.26242B1142895693158BF7B1006E163A.e.23484/click - {}
RESULT: {}
COMMAND: GET /session/0157ef9fabb145ee7fb2a1f3feebe51f/screenshot - {}
RESULT: undefined
COMMAND: POST /session/0157ef9fabb145ee7fb2a1f3feebe51f/execute/async - {"script":"<script> [776 bytes]","args":[{"enterText":"05/01/25","selector":{"id":"application-managehandovers-display-component---AddNewHO--dueDate","interaction":{"idSuffix":"inner"}},"clearTextFirst":true,"interactionType":"ENTER_TEXT"}]}
RESULT: {}
RESULT: {"script":"<script> [776 bytes]","args":[{"enterText":"05/01/25","selector":{"id":"application-managehandovers-display-component---AddNewHO--dueDate","interaction":{"idSuffix":"inner"}},"clearTextFirst":true,"interactionType":"ENTER_TEXT"}]}
COMMAND: POST /session/0157ef9fabb145ee7fb2a1f3feebe51f/element - {"using":"xpath","value":"//bdi[contains(text(), \"Instructions\")]"}
RESULT: {"using":"xpath","value":"//bdi[contains(text(), \"Instructions\")]"}
COMMAND: POST /session/0157ef9fabb145ee7fb2a1f3feebe51f/element/f.2D1A903BB9B117B2180C998CF94CF722.d.26242B1142895693158BF7B1006E163A.e.23855/click - {}
RESULT: {}
COMMAND: GET /session/0157ef9fabb145ee7fb2a1f3feebe51f/screenshot - {}
RESULT: {}
COMMAND: POST /session/0157ef9fabb145ee7fb2a1f3feebe51f/element - {"using":"xpath","value":"//button[@data-kt=\"AddNewHOProvideAddItemsButton\"]"}
RESULT: {"using":"xpath","value":"//button[@data-kt=\"AddNewHOProvideAddItemsButton\"]"}
COMMAND: POST /session/0157ef9fabb145ee7fb2a1f3feebe51f/element/f.2D1A903BB9B117B2180C998CF94CF722.d.26242B1142895693158BF7B1006E163A.e.23859/click - {}
RESULT: {}
COMMAND: GET /session/0157ef9fabb145ee7fb2a1f3feebe51f/screenshot - {}
RESULT: {}
RESULT: undefined
COMMAND: POST /session/0157ef9fabb145ee7fb2a1f3feebe51f/element - {"using":"xpath","value":"//*[@id=\"application-managehandovers-display-component---AddNewHO--popup-sa\"]"}
RESULT: {"using":"xpath","value":"//*[@id=\"application-managehandovers-display-component---AddNewHO--popup-sa\"]"}
COMMAND: POST /session/0157ef9fabb145ee7fb2a1f3feebe51f/element/f.2D1A903BB9B117B2180C998CF94CF722.d.26242B1142895693158BF7B1006E163A.e.23870/click - {}
RESULT: {}
COMMAND: GET /session/0157ef9fabb145ee7fb2a1f3feebe51f/screenshot - {}
RESULT: {}
COMMAND: POST /session/0157ef9fabb145ee7fb2a1f3feebe51f/element - {"using":"xpath","value":"//*[contains(@id ,\"BDI-content\")][contains(text(), \"Select\")]"}
RESULT: {"using":"xpath","value":"//*[contains(@id ,\"BDI-content\")][contains(text(), \"Select\")]"}
COMMAND: POST /session/0157ef9fabb145ee7fb2a1f3feebe51f/element/f.2D1A903BB9B117B2180C998CF94CF722.d.26242B1142895693158BF7B1006E163A.e.23871/click - {}
RESULT: {}
COMMAND: GET /session/0157ef9fabb145ee7fb2a1f3feebe51f/screenshot - {}
RESULT: {}
COMMAND: POST /session/0157ef9fabb145ee7fb2a1f3feebe51f/element - {"using":"xpath","value":"(//div[contains(@id, \"application-managehandovers-display-component---AddNewHO--oneStep-CbBg\")])"}
RESULT: {"using":"xpath","value":"(//div[contains(@id, \"application-managehandovers-display-component---AddNewHO--oneStep-CbBg\")])"}
COMMAND: POST /session/0157ef9fabb145ee7fb2a1f3feebe51f/element/f.2D1A903BB9B117B2180C998CF94CF722.d.26242B1142895693158BF7B1006E163A.e.23879/click - {}
RESULT: {}
RESULT: undefined
COMMAND: POST /session/0157ef9fabb145ee7fb2a1f3feebe51f/element - {"using":"xpath","value":"//*[@id=\"application-managehandovers-display-component---AddNewHO--confirmCreationButton\"]"}
COMMAND: GET /session/0157ef9fabb145ee7fb2a1f3feebe51f/screenshot - {}
RESULT: {"using":"xpath","value":"//*[@id=\"application-managehandovers-display-component---AddNewHO--confirmCreationButton\"]"}
COMMAND: POST /session/0157ef9fabb145ee7fb2a1f3feebe51f/element/f.2D1A903BB9B117B2180C998CF94CF722.d.26242B1142895693158BF7B1006E163A.e.23666/click - {}
RESULT: {}
RESULT: {}
COMMAND: GET /session/0157ef9fabb145ee7fb2a1f3feebe51f/screenshot - {}
RESULT: {}
COMMAND: POST /session/0157ef9fabb145ee7fb2a1f3feebe51f/element - {"using":"xpath","value":"//button[@data-kt=\"PickingTableConfirmAllButton\"]"}
RESULT: {"using":"xpath","value":"//button[@data-kt=\"PickingTableConfirmAllButton\"]"}
COMMAND: POST /session/0157ef9fabb145ee7fb2a1f3feebe51f/elements - {"using":"xpath","value":"//button[@data-kt=\"PickingTableConfirmAllButton\"]"}
RESULT: {"using":"xpath","value":"//button[@data-kt=\"PickingTableConfirmAllButton\"]"}
COMMAND: POST /session/0157ef9fabb145ee7fb2a1f3feebe51f/element - {"using":"xpath","value":"//button[@data-kt=\"PickingTableConfirmAllButton\"]"}
RESULT: {"using":"xpath","value":"//button[@data-kt=\"PickingTableConfirmAllButton\"]"}
COMMAND: POST /session/0157ef9fabb145ee7fb2a1f3feebe51f/element/f.2D1A903BB9B117B2180C998CF94CF722.d.26242B1142895693158BF7B1006E163A.e.23910/click - {}
COMMAND: POST /session/0157ef9fabb145ee7fb2a1f3feebe51f/element - {"using":"xpath","value":"//button[@data-kt=\"PickingTableConfirmAllButton\"]"}
RESULT: {"using":"xpath","value":"//button[@data-kt=\"PickingTableConfirmAllButton\"]"}
COMMAND: POST /session/0157ef9fabb145ee7fb2a1f3feebe51f/element/f.2D1A903BB9B117B2180C998CF94CF722.d.26242B1142895693158BF7B1006E163A.e.23910/click - {}
COMMAND: POST /session/0157ef9fabb145ee7fb2a1f3feebe51f/element - {"using":"xpath","value":"//button[@data-kt=\"PickingTableConfirmAllButton\"]"}
RESULT: {"using":"xpath","value":"//button[@data-kt=\"PickingTableConfirmAllButton\"]"}
COMMAND: POST /session/0157ef9fabb145ee7fb2a1f3feebe51f/element/f.2D1A903BB9B117B2180C998CF94CF722.d.26242B1142895693158BF7B1006E163A.e.23930/click - {}
RESULT: {}
COMMAND: GET /session/0157ef9fabb145ee7fb2a1f3feebe51f/screenshot - {}
RESULT: {}
COMMAND: POST /session/0157ef9fabb145ee7fb2a1f3feebe51f/element - {"using":"xpath","value":"//bdi[contains(text(), \"OK\")]"}
RESULT: {"using":"xpath","value":"//bdi[contains(text(), \"OK\")]"}
COMMAND: POST /session/0157ef9fabb145ee7fb2a1f3feebe51f/element/f.2D1A903BB9B117B2180C998CF94CF722.d.26242B1142895693158BF7B1006E163A.e.23935/click - {}
RESULT: {}
COMMAND: GET /session/0157ef9fabb145ee7fb2a1f3feebe51f/screenshot - {}
RESULT: {}
COMMAND: POST /session/0157ef9fabb145ee7fb2a1f3feebe51f/element - {"using":"xpath","value":"//button[@data-kt=\"execHoPickButton\"]"}
RESULT: {"using":"xpath","value":"//button[@data-kt=\"execHoPickButton\"]"}
COMMAND: POST /session/0157ef9fabb145ee7fb2a1f3feebe51f/element/f.2D1A903BB9B117B2180C998CF94CF722.d.26242B1142895693158BF7B1006E163A.e.23937/click - {}
RESULT: {}
COMMAND: GET /session/0157ef9fabb145ee7fb2a1f3feebe51f/screenshot - {}
RESULT: {}
COMMAND: POST /session/0157ef9fabb145ee7fb2a1f3feebe51f/element - {"using":"xpath","value":"//span[contains(@id ,\"filterItemControl_BASIC-SEND_CONTRACT-vhi\")]"}
RESULT: {"using":"xpath","value":"//span[contains(@id ,\"filterItemControl_BASIC-SEND_CONTRACT-vhi\")]"}
COMMAND: POST /session/0157ef9fabb145ee7fb2a1f3feebe51f/element/f.2D1A903BB9B117B2180C998CF94CF722.d.26242B1142895693158BF7B1006E163A.e.24112/click - {}
RESULT: {}
COMMAND: GET /session/0157ef9fabb145ee7fb2a1f3feebe51f/screenshot - {}
RESULT: {}
RESULT: undefined
COMMAND: POST /session/0157ef9fabb145ee7fb2a1f3feebe51f/execute/async - {"script":"<script> [776 bytes]","args":[{"enterText":"10393","selector":{"controlType":"sap.m.SearchField","viewName":"etm.portal.ui.managehandovers.view.MasterHO","bindingPath":{"path":"","propertyPath":"/_BASIC_SEARCH_FIELD","modelName":"fi1t3rM0d31"},"searchOpenDialogs":true,"interaction":{"idSuffix":"I"}},"clearTextFirst":true,"interactionType":"ENTER_TEXT"}]}
RESULT: {"script":"<script> [776 bytes]","args":[{"enterText":"10393","selector":{"controlType":"sap.m.SearchField","viewName":"etm.portal.ui.managehandovers.view.MasterHO","bindingPath":{"path":"","propertyPath":"/_BASIC_SEARCH_FIELD","modelName":"fi1t3rM0d31"},"searchOpenDialogs":true,"interaction":{"idSuffix":"I"}},"clearTextFirst":true,"interactionType":"ENTER_TEXT"}]}
COMMAND: POST /session/0157ef9fabb145ee7fb2a1f3feebe51f/actions - {"actions":[{"id":"action82","type":"key","parameters":{},"actions":[{"type":"keyDown","value":""},{"type":"pause","duration":10},{"type":"keyUp","value":""}]}]}
RESULT: {"actions":[{"id":"action82","type":"key","parameters":{},"actions":[{"type":"keyDown","value":""},{"type":"pause","duration":10},{"type":"keyUp","value":""}]}]}
COMMAND: GET /session/0157ef9fabb145ee7fb2a1f3feebe51f/screenshot - {}
RESULT: {}
COMMAND: POST /session/0157ef9fabb145ee7fb2a1f3feebe51f/element - {"using":"xpath","value":"//div[contains(@id, 'filterItemControl_BASIC-SEND_CONTRACT-valueHelpDialog-table-rowsel0')]"}
RESULT: {"using":"xpath","value":"//div[contains(@id, 'filterItemControl_BASIC-SEND_CONTRACT-valueHelpDialog-table-rowsel0')]"}
COMMAND: POST /session/0157ef9fabb145ee7fb2a1f3feebe51f/element/f.2D1A903BB9B117B2180C998CF94CF722.d.26242B1142895693158BF7B1006E163A.e.24120/click - {}
RESULT: {}
COMMAND: GET /session/0157ef9fabb145ee7fb2a1f3feebe51f/screenshot - {}
RESULT: {}
COMMAND: POST /session/0157ef9fabb145ee7fb2a1f3feebe51f/element - {"using":"xpath","value":"//bdi[contains(text(), \"OK\")]"}
RESULT: {"using":"xpath","value":"//bdi[contains(text(), \"OK\")]"}
COMMAND: POST /session/0157ef9fabb145ee7fb2a1f3feebe51f/element/f.2D1A903BB9B117B2180C998CF94CF722.d.26242B1142895693158BF7B1006E163A.e.24122/click - {}
RESULT: {}
COMMAND: GET /session/0157ef9fabb145ee7fb2a1f3feebe51f/screenshot - {}
RESULT: {}
COMMAND: POST /session/0157ef9fabb145ee7fb2a1f3feebe51f/element - {"using":"xpath","value":"//span[contains(@id, \"smartTable-header-inner\")]"}
RESULT: {"using":"xpath","value":"//span[contains(@id, \"smartTable-header-inner\")]"}
COMMAND: POST /session/0157ef9fabb145ee7fb2a1f3feebe51f/elements - {"using":"xpath","value":"//span[contains(@id, \"smartTable-header-inner\")]"}
RESULT: {"using":"xpath","value":"//span[contains(@id, \"smartTable-header-inner\")]"}
COMMAND: POST /session/0157ef9fabb145ee7fb2a1f3feebe51f/execute/sync - {"script":"<script> [56 bytes]","args":[{"element-6066-11e4-a52e-4f735466cecf":"f.2D1A903BB9B117B2180C998CF94CF722.d.26242B1142895693158BF7B1006E163A.e.24150","ELEMENT":"f.2D1A903BB9B117B2180C998CF94CF722.d.26242B1142895693158BF7B1006E163A.e.24150"}]}
RESULT: {"script":"<script> [56 bytes]","args":[{"element-6066-11e4-a52e-4f735466cecf":"f.2D1A903BB9B117B2180C998CF94CF722.d.26242B1142895693158BF7B1006E163A.e.24150","ELEMENT":"f.2D1A903BB9B117B2180C998CF94CF722.d.26242B1142895693158BF7B1006E163A.e.24150"}]}
COMMAND: POST /session/0157ef9fabb145ee7fb2a1f3feebe51f/element - {"using":"xpath","value":"//table[contains(@id, \"customHandovers\")]//tbody/tr[1]/td[2]/span"}
COMMAND: GET /session/0157ef9fabb145ee7fb2a1f3feebe51f/screenshot - {}
RESULT: {"using":"xpath","value":"//table[contains(@id, \"customHandovers\")]//tbody/tr[1]/td[2]/span"}
COMMAND: POST /session/0157ef9fabb145ee7fb2a1f3feebe51f/execute/sync - {"script":"<script> [56 bytes]","args":[{"element-6066-11e4-a52e-4f735466cecf":"f.2D1A903BB9B117B2180C998CF94CF722.d.26242B1142895693158BF7B1006E163A.e.24151","ELEMENT":"f.2D1A903BB9B117B2180C998CF94CF722.d.26242B1142895693158BF7B1006E163A.e.24151"}]}
RESULT: {}
RESULT: {"script":"<script> [56 bytes]","args":[{"element-6066-11e4-a52e-4f735466cecf":"f.2D1A903BB9B117B2180C998CF94CF722.d.26242B1142895693158BF7B1006E163A.e.24151","ELEMENT":"f.2D1A903BB9B117B2180C998CF94CF722.d.26242B1142895693158BF7B1006E163A.e.24151"}]}
COMMAND: POST /session/0157ef9fabb145ee7fb2a1f3feebe51f/element - {"using":"xpath","value":"(//span[contains(@id, \"imgNav\")])[1]"}
COMMAND: GET /session/0157ef9fabb145ee7fb2a1f3feebe51f/screenshot - {}
RESULT: {"using":"xpath","value":"(//span[contains(@id, \"imgNav\")])[1]"}
COMMAND: POST /session/0157ef9fabb145ee7fb2a1f3feebe51f/element/f.2D1A903BB9B117B2180C998CF94CF722.d.26242B1142895693158BF7B1006E163A.e.24147/click - {}
RESULT: {}
RESULT: {}
COMMAND: GET /session/0157ef9fabb145ee7fb2a1f3feebe51f/screenshot - {}
RESULT: {}
COMMAND: POST /session/0157ef9fabb145ee7fb2a1f3feebe51f/element - {"using":"xpath","value":"//button[@data-kt=\"PickingTableConfirmAllButton\"]"}
RESULT: {"using":"xpath","value":"//button[@data-kt=\"PickingTableConfirmAllButton\"]"}
COMMAND: POST /session/0157ef9fabb145ee7fb2a1f3feebe51f/element/f.2D1A903BB9B117B2180C998CF94CF722.d.26242B1142895693158BF7B1006E163A.e.24169/click - {}
RESULT: {}
COMMAND: GET /session/0157ef9fabb145ee7fb2a1f3feebe51f/screenshot - {}
RESULT: {}
COMMAND: POST /session/0157ef9fabb145ee7fb2a1f3feebe51f/element - {"using":"xpath","value":"//bdi[contains(text(), \"OK\")]"}
RESULT: {"using":"xpath","value":"//bdi[contains(text(), \"OK\")]"}
COMMAND: POST /session/0157ef9fabb145ee7fb2a1f3feebe51f/element/f.2D1A903BB9B117B2180C998CF94CF722.d.26242B1142895693158BF7B1006E163A.e.24197/click - {}
RESULT: {}
COMMAND: GET /session/0157ef9fabb145ee7fb2a1f3feebe51f/screenshot - {}
RESULT: {}
COMMAND: POST /session/0157ef9fabb145ee7fb2a1f3feebe51f/element - {"using":"xpath","value":"//button[@data-kt=\"execHoIssueButton\"]"}
RESULT: {"using":"xpath","value":"//button[@data-kt=\"execHoIssueButton\"]"}
COMMAND: POST /session/0157ef9fabb145ee7fb2a1f3feebe51f/element/f.2D1A903BB9B117B2180C998CF94CF722.d.26242B1142895693158BF7B1006E163A.e.24199/click - {}
RESULT: {}
COMMAND: GET /session/0157ef9fabb145ee7fb2a1f3feebe51f/screenshot - {}
RESULT: {}
COMMAND: POST /session/0157ef9fabb145ee7fb2a1f3feebe51f/element - {"using":"xpath","value":"//input[contains(@id ,\"smartFilterBar-btnBasicSearch-I\")]"}
RESULT: {"using":"xpath","value":"//input[contains(@id ,\"smartFilterBar-btnBasicSearch-I\")]"}
COMMAND: POST /session/0157ef9fabb145ee7fb2a1f3feebe51f/elements - {"using":"xpath","value":"//input[contains(@id ,\"smartFilterBar-btnBasicSearch-I\")]"}
RESULT: {"using":"xpath","value":"//input[contains(@id ,\"smartFilterBar-btnBasicSearch-I\")]"}
COMMAND: POST /session/0157ef9fabb145ee7fb2a1f3feebe51f/execute/sync - {"script":"<script> [8489 bytes]","args":[{"element-6066-11e4-a52e-4f735466cecf":"f.2D1A903BB9B117B2180C998CF94CF722.d.26242B1142895693158BF7B1006E163A.e.23665","ELEMENT":"f.2D1A903BB9B117B2180C998CF94CF722.d.26242B1142895693158BF7B1006E163A.e.23665"}]}
RESULT: {"script":"<script> [8489 bytes]","args":[{"element-6066-11e4-a52e-4f735466cecf":"f.2D1A903BB9B117B2180C998CF94CF722.d.26242B1142895693158BF7B1006E163A.e.23665","ELEMENT":"f.2D1A903BB9B117B2180C998CF94CF722.d.26242B1142895693158BF7B1006E163A.e.23665"}]}
COMMAND: GET /session/0157ef9fabb145ee7fb2a1f3feebe51f/element/f.2D1A903BB9B117B2180C998CF94CF722.d.26242B1142895693158BF7B1006E163A.e.23665/enabled - {}
COMMAND: GET /session/0157ef9fabb145ee7fb2a1f3feebe51f/screenshot - {}
RESULT: {}
COMMAND: POST /session/0157ef9fabb145ee7fb2a1f3feebe51f/element/f.2D1A903BB9B117B2180C998CF94CF722.d.26242B1142895693158BF7B1006E163A.e.23665/clear - {}
COMMAND: GET /session/0157ef9fabb145ee7fb2a1f3feebe51f/screenshot - {}
RESULT: {}
RESULT: {}
COMMAND: POST /session/0157ef9fabb145ee7fb2a1f3feebe51f/element/f.2D1A903BB9B117B2180C998CF94CF722.d.26242B1142895693158BF7B1006E163A.e.23665/value - {"text":"30697"}
COMMAND: GET /session/0157ef9fabb145ee7fb2a1f3feebe51f/screenshot - {}
RESULT: {}
RESULT: {"text":"30697"}
COMMAND: GET /session/0157ef9fabb145ee7fb2a1f3feebe51f/screenshot - {}
RESULT: {}
RESULT: {}
COMMAND: POST /session/0157ef9fabb145ee7fb2a1f3feebe51f/actions - {"actions":[{"id":"action83","type":"key","parameters":{},"actions":[{"type":"keyDown","value":""},{"type":"pause","duration":10},{"type":"keyUp","value":""}]}]}
RESULT: {"actions":[{"id":"action83","type":"key","parameters":{},"actions":[{"type":"keyDown","value":""},{"type":"pause","duration":10},{"type":"keyUp","value":""}]}]}
COMMAND: GET /session/0157ef9fabb145ee7fb2a1f3feebe51f/screenshot - {}
RESULT: {}
COMMAND: POST /session/0157ef9fabb145ee7fb2a1f3feebe51f/element - {"using":"xpath","value":"//span[contains(@id, \"smartTable-header-inner\")]"}
RESULT: {"using":"xpath","value":"//span[contains(@id, \"smartTable-header-inner\")]"}
COMMAND: POST /session/0157ef9fabb145ee7fb2a1f3feebe51f/elements - {"using":"xpath","value":"//span[contains(@id, \"smartTable-header-inner\")]"}
RESULT: {"using":"xpath","value":"//span[contains(@id, \"smartTable-header-inner\")]"}
COMMAND: POST /session/0157ef9fabb145ee7fb2a1f3feebe51f/execute/sync - {"script":"<script> [56 bytes]","args":[{"element-6066-11e4-a52e-4f735466cecf":"f.2D1A903BB9B117B2180C998CF94CF722.d.26242B1142895693158BF7B1006E163A.e.24150","ELEMENT":"f.2D1A903BB9B117B2180C998CF94CF722.d.26242B1142895693158BF7B1006E163A.e.24150"}]}
RESULT: {"script":"<script> [56 bytes]","args":[{"element-6066-11e4-a52e-4f735466cecf":"f.2D1A903BB9B117B2180C998CF94CF722.d.26242B1142895693158BF7B1006E163A.e.24150","ELEMENT":"f.2D1A903BB9B117B2180C998CF94CF722.d.26242B1142895693158BF7B1006E163A.e.24150"}]}
COMMAND: POST /session/0157ef9fabb145ee7fb2a1f3feebe51f/elements - {"using":"xpath","value":"//thead[contains(@class, \"sapMTableTH\")]/tr/th"}
COMMAND: GET /session/0157ef9fabb145ee7fb2a1f3feebe51f/screenshot - {}
RESULT: {"using":"xpath","value":"//thead[contains(@class, \"sapMTableTH\")]/tr/th"}
COMMAND: GET /session/0157ef9fabb145ee7fb2a1f3feebe51f/element/f.2D1A903BB9B117B2180C998CF94CF722.d.26242B1142895693158BF7B1006E163A.e.24245/text - {}
RESULT: {}
RESULT: {}
COMMAND: GET /session/0157ef9fabb145ee7fb2a1f3feebe51f/element/f.2D1A903BB9B117B2180C998CF94CF722.d.26242B1142895693158BF7B1006E163A.e.24246/text - {}
RESULT: {}
COMMAND: GET /session/0157ef9fabb145ee7fb2a1f3feebe51f/element/f.2D1A903BB9B117B2180C998CF94CF722.d.26242B1142895693158BF7B1006E163A.e.23688/text - {}
RESULT: {}
COMMAND: GET /session/0157ef9fabb145ee7fb2a1f3feebe51f/element/f.2D1A903BB9B117B2180C998CF94CF722.d.26242B1142895693158BF7B1006E163A.e.23690/text - {}
RESULT: {}
COMMAND: GET /session/0157ef9fabb145ee7fb2a1f3feebe51f/element/f.2D1A903BB9B117B2180C998CF94CF722.d.26242B1142895693158BF7B1006E163A.e.24202/text - {}
RESULT: {}
COMMAND: GET /session/0157ef9fabb145ee7fb2a1f3feebe51f/element/f.2D1A903BB9B117B2180C998CF94CF722.d.26242B1142895693158BF7B1006E163A.e.24203/text - {}
RESULT: {}
COMMAND: GET /session/0157ef9fabb145ee7fb2a1f3feebe51f/element/f.2D1A903BB9B117B2180C998CF94CF722.d.26242B1142895693158BF7B1006E163A.e.24204/text - {}
RESULT: {}
COMMAND: GET /session/0157ef9fabb145ee7fb2a1f3feebe51f/element/f.2D1A903BB9B117B2180C998CF94CF722.d.26242B1142895693158BF7B1006E163A.e.24205/text - {}
RESULT: {}
COMMAND: GET /session/0157ef9fabb145ee7fb2a1f3feebe51f/element/f.2D1A903BB9B117B2180C998CF94CF722.d.26242B1142895693158BF7B1006E163A.e.24206/text - {}
RESULT: {}
COMMAND: GET /session/0157ef9fabb145ee7fb2a1f3feebe51f/element/f.2D1A903BB9B117B2180C998CF94CF722.d.26242B1142895693158BF7B1006E163A.e.24207/text - {}
RESULT: {}
COMMAND: GET /session/0157ef9fabb145ee7fb2a1f3feebe51f/element/f.2D1A903BB9B117B2180C998CF94CF722.d.26242B1142895693158BF7B1006E163A.e.24208/text - {}
RESULT: {}
COMMAND: GET /session/0157ef9fabb145ee7fb2a1f3feebe51f/element/f.2D1A903BB9B117B2180C998CF94CF722.d.26242B1142895693158BF7B1006E163A.e.24209/text - {}
RESULT: {}
COMMAND: GET /session/0157ef9fabb145ee7fb2a1f3feebe51f/element/f.2D1A903BB9B117B2180C998CF94CF722.d.26242B1142895693158BF7B1006E163A.e.24210/text - {}
RESULT: {}
COMMAND: GET /session/0157ef9fabb145ee7fb2a1f3feebe51f/element/f.2D1A903BB9B117B2180C998CF94CF722.d.26242B1142895693158BF7B1006E163A.e.23691/text - {}
RESULT: {}
COMMAND: POST /session/0157ef9fabb145ee7fb2a1f3feebe51f/element - {"using":"xpath","value":"//tbody[contains(@id, \"customHandoversTable-tblBody\")]/tr[1]/td[14]/div/span"}
RESULT: {"using":"xpath","value":"//tbody[contains(@id, \"customHandoversTable-tblBody\")]/tr[1]/td[14]/div/span"}
COMMAND: POST /session/0157ef9fabb145ee7fb2a1f3feebe51f/execute/sync - {"script":"<script> [56 bytes]","args":[{"element-6066-11e4-a52e-4f735466cecf":"f.2D1A903BB9B117B2180C998CF94CF722.d.26242B1142895693158BF7B1006E163A.e.24299","ELEMENT":"f.2D1A903BB9B117B2180C998CF94CF722.d.26242B1142895693158BF7B1006E163A.e.24299"}]}
RESULT: {"script":"<script> [56 bytes]","args":[{"element-6066-11e4-a52e-4f735466cecf":"f.2D1A903BB9B117B2180C998CF94CF722.d.26242B1142895693158BF7B1006E163A.e.24299","ELEMENT":"f.2D1A903BB9B117B2180C998CF94CF722.d.26242B1142895693158BF7B1006E163A.e.24299"}]}
COMMAND: POST /session/0157ef9fabb145ee7fb2a1f3feebe51f/element - {"using":"xpath","value":"(//span[contains(@id, \"imgNav\")])[1]"}
COMMAND: GET /session/0157ef9fabb145ee7fb2a1f3feebe51f/screenshot - {}
RESULT: {"using":"xpath","value":"(//span[contains(@id, \"imgNav\")])[1]"}
COMMAND: POST /session/0157ef9fabb145ee7fb2a1f3feebe51f/element/f.2D1A903BB9B117B2180C998CF94CF722.d.26242B1142895693158BF7B1006E163A.e.24241/click - {}
RESULT: {}
RESULT: {}
COMMAND: GET /session/0157ef9fabb145ee7fb2a1f3feebe51f/screenshot - {}
RESULT: {}
RESULT: undefined
COMMAND: POST /session/0157ef9fabb145ee7fb2a1f3feebe51f/execute/async - {"script":"<script> [776 bytes]","args":[{"enterText":"05/08/25","selector":{"id":"receiptDatePicker","viewName":"etm.portal.ui.managehandovers.view.DetailExecuteHO","interaction":{"idSuffix":"inner"}},"clearTextFirst":true,"interactionType":"ENTER_TEXT"}]}
RESULT: {"script":"<script> [776 bytes]","args":[{"enterText":"05/08/25","selector":{"id":"receiptDatePicker","viewName":"etm.portal.ui.managehandovers.view.DetailExecuteHO","interaction":{"idSuffix":"inner"}},"clearTextFirst":true,"interactionType":"ENTER_TEXT"}]}
COMMAND: POST /session/0157ef9fabb145ee7fb2a1f3feebe51f/element - {"using":"xpath","value":"//bdi[contains(text(), \"OK\")]"}
RESULT: {"using":"xpath","value":"//bdi[contains(text(), \"OK\")]"}
COMMAND: POST /session/0157ef9fabb145ee7fb2a1f3feebe51f/element/f.2D1A903BB9B117B2180C998CF94CF722.d.26242B1142895693158BF7B1006E163A.e.24325/click - {}
RESULT: {}
COMMAND: GET /session/0157ef9fabb145ee7fb2a1f3feebe51f/screenshot - {}
RESULT: {}
COMMAND: POST /session/0157ef9fabb145ee7fb2a1f3feebe51f/element - {"using":"xpath","value":"//button[@data-kt=\"PickingTableConfirmAllButton\"]"}
RESULT: {"using":"xpath","value":"//button[@data-kt=\"PickingTableConfirmAllButton\"]"}
COMMAND: POST /session/0157ef9fabb145ee7fb2a1f3feebe51f/element/f.2D1A903BB9B117B2180C998CF94CF722.d.26242B1142895693158BF7B1006E163A.e.24306/click - {}
RESULT: {}
COMMAND: GET /session/0157ef9fabb145ee7fb2a1f3feebe51f/screenshot - {}
RESULT: {}
COMMAND: POST /session/0157ef9fabb145ee7fb2a1f3feebe51f/element - {"using":"xpath","value":"//bdi[contains(text(), \"OK\")]"}
RESULT: {"using":"xpath","value":"//bdi[contains(text(), \"OK\")]"}
COMMAND: POST /session/0157ef9fabb145ee7fb2a1f3feebe51f/element/f.2D1A903BB9B117B2180C998CF94CF722.d.26242B1142895693158BF7B1006E163A.e.24340/click - {}
RESULT: {}
COMMAND: GET /session/0157ef9fabb145ee7fb2a1f3feebe51f/screenshot - {}
RESULT: {}
COMMAND: POST /session/0157ef9fabb145ee7fb2a1f3feebe51f/element - {"using":"xpath","value":"//button[@data-kt= \"execHoReceiveButton\"]"}
RESULT: {"using":"xpath","value":"//button[@data-kt= \"execHoReceiveButton\"]"}
COMMAND: POST /session/0157ef9fabb145ee7fb2a1f3feebe51f/element/f.2D1A903BB9B117B2180C998CF94CF722.d.26242B1142895693158BF7B1006E163A.e.24341/click - {}
RESULT: {}
COMMAND: GET /session/0157ef9fabb145ee7fb2a1f3feebe51f/screenshot - {}
RESULT: {}
COMMAND: POST /session/0157ef9fabb145ee7fb2a1f3feebe51f/element - {"using":"xpath","value":"//input[contains(@id ,\"smartFilterBar-btnBasicSearch-I\")]"}
RESULT: {"using":"xpath","value":"//input[contains(@id ,\"smartFilterBar-btnBasicSearch-I\")]"}
COMMAND: POST /session/0157ef9fabb145ee7fb2a1f3feebe51f/elements - {"using":"xpath","value":"//input[contains(@id ,\"smartFilterBar-btnBasicSearch-I\")]"}
RESULT: {"using":"xpath","value":"//input[contains(@id ,\"smartFilterBar-btnBasicSearch-I\")]"}
COMMAND: POST /session/0157ef9fabb145ee7fb2a1f3feebe51f/execute/sync - {"script":"<script> [8489 bytes]","args":[{"element-6066-11e4-a52e-4f735466cecf":"f.2D1A903BB9B117B2180C998CF94CF722.d.26242B1142895693158BF7B1006E163A.e.23665","ELEMENT":"f.2D1A903BB9B117B2180C998CF94CF722.d.26242B1142895693158BF7B1006E163A.e.23665"}]}
RESULT: {"script":"<script> [8489 bytes]","args":[{"element-6066-11e4-a52e-4f735466cecf":"f.2D1A903BB9B117B2180C998CF94CF722.d.26242B1142895693158BF7B1006E163A.e.23665","ELEMENT":"f.2D1A903BB9B117B2180C998CF94CF722.d.26242B1142895693158BF7B1006E163A.e.23665"}]}
COMMAND: GET /session/0157ef9fabb145ee7fb2a1f3feebe51f/element/f.2D1A903BB9B117B2180C998CF94CF722.d.26242B1142895693158BF7B1006E163A.e.23665/enabled - {}
COMMAND: GET /session/0157ef9fabb145ee7fb2a1f3feebe51f/screenshot - {}
RESULT: {}
COMMAND: POST /session/0157ef9fabb145ee7fb2a1f3feebe51f/element/f.2D1A903BB9B117B2180C998CF94CF722.d.26242B1142895693158BF7B1006E163A.e.23665/clear - {}
COMMAND: GET /session/0157ef9fabb145ee7fb2a1f3feebe51f/screenshot - {}
RESULT: {}
RESULT: {}
COMMAND: POST /session/0157ef9fabb145ee7fb2a1f3feebe51f/element/f.2D1A903BB9B117B2180C998CF94CF722.d.26242B1142895693158BF7B1006E163A.e.23665/value - {"text":"30697"}
COMMAND: GET /session/0157ef9fabb145ee7fb2a1f3feebe51f/screenshot - {}
RESULT: {}
RESULT: {"text":"30697"}
COMMAND: GET /session/0157ef9fabb145ee7fb2a1f3feebe51f/screenshot - {}
RESULT: {}
RESULT: {}
COMMAND: POST /session/0157ef9fabb145ee7fb2a1f3feebe51f/actions - {"actions":[{"id":"action84","type":"key","parameters":{},"actions":[{"type":"keyDown","value":""},{"type":"pause","duration":10},{"type":"keyUp","value":""}]}]}
RESULT: {"actions":[{"id":"action84","type":"key","parameters":{},"actions":[{"type":"keyDown","value":""},{"type":"pause","duration":10},{"type":"keyUp","value":""}]}]}
COMMAND: GET /session/0157ef9fabb145ee7fb2a1f3feebe51f/screenshot - {}
RESULT: {}
COMMAND: POST /session/0157ef9fabb145ee7fb2a1f3feebe51f/element - {"using":"xpath","value":"//span[contains(@id, \"smartTable-header-inner\")]"}
RESULT: {"using":"xpath","value":"//span[contains(@id, \"smartTable-header-inner\")]"}
COMMAND: POST /session/0157ef9fabb145ee7fb2a1f3feebe51f/elements - {"using":"xpath","value":"//span[contains(@id, \"smartTable-header-inner\")]"}
RESULT: {"using":"xpath","value":"//span[contains(@id, \"smartTable-header-inner\")]"}
COMMAND: POST /session/0157ef9fabb145ee7fb2a1f3feebe51f/execute/sync - {"script":"<script> [56 bytes]","args":[{"element-6066-11e4-a52e-4f735466cecf":"f.2D1A903BB9B117B2180C998CF94CF722.d.26242B1142895693158BF7B1006E163A.e.24150","ELEMENT":"f.2D1A903BB9B117B2180C998CF94CF722.d.26242B1142895693158BF7B1006E163A.e.24150"}]}
RESULT: {"script":"<script> [56 bytes]","args":[{"element-6066-11e4-a52e-4f735466cecf":"f.2D1A903BB9B117B2180C998CF94CF722.d.26242B1142895693158BF7B1006E163A.e.24150","ELEMENT":"f.2D1A903BB9B117B2180C998CF94CF722.d.26242B1142895693158BF7B1006E163A.e.24150"}]}
COMMAND: POST /session/0157ef9fabb145ee7fb2a1f3feebe51f/elements - {"using":"xpath","value":"//thead[contains(@class, \"sapMTableTH\")]/tr/th"}
COMMAND: GET /session/0157ef9fabb145ee7fb2a1f3feebe51f/screenshot - {}
RESULT: {"using":"xpath","value":"//thead[contains(@class, \"sapMTableTH\")]/tr/th"}
COMMAND: GET /session/0157ef9fabb145ee7fb2a1f3feebe51f/element/f.2D1A903BB9B117B2180C998CF94CF722.d.26242B1142895693158BF7B1006E163A.e.24245/text - {}
RESULT: {}
RESULT: {}
COMMAND: GET /session/0157ef9fabb145ee7fb2a1f3feebe51f/element/f.2D1A903BB9B117B2180C998CF94CF722.d.26242B1142895693158BF7B1006E163A.e.24246/text - {}
RESULT: {}
COMMAND: GET /session/0157ef9fabb145ee7fb2a1f3feebe51f/element/f.2D1A903BB9B117B2180C998CF94CF722.d.26242B1142895693158BF7B1006E163A.e.23688/text - {}
RESULT: {}
COMMAND: GET /session/0157ef9fabb145ee7fb2a1f3feebe51f/element/f.2D1A903BB9B117B2180C998CF94CF722.d.26242B1142895693158BF7B1006E163A.e.23690/text - {}
RESULT: {}
COMMAND: GET /session/0157ef9fabb145ee7fb2a1f3feebe51f/element/f.2D1A903BB9B117B2180C998CF94CF722.d.26242B1142895693158BF7B1006E163A.e.24345/text - {}
RESULT: {}
COMMAND: GET /session/0157ef9fabb145ee7fb2a1f3feebe51f/element/f.2D1A903BB9B117B2180C998CF94CF722.d.26242B1142895693158BF7B1006E163A.e.24346/text - {}
RESULT: {}
COMMAND: GET /session/0157ef9fabb145ee7fb2a1f3feebe51f/element/f.2D1A903BB9B117B2180C998CF94CF722.d.26242B1142895693158BF7B1006E163A.e.24347/text - {}
RESULT: {}
COMMAND: GET /session/0157ef9fabb145ee7fb2a1f3feebe51f/element/f.2D1A903BB9B117B2180C998CF94CF722.d.26242B1142895693158BF7B1006E163A.e.24348/text - {}
RESULT: {}
COMMAND: GET /session/0157ef9fabb145ee7fb2a1f3feebe51f/element/f.2D1A903BB9B117B2180C998CF94CF722.d.26242B1142895693158BF7B1006E163A.e.24349/text - {}
RESULT: {}
COMMAND: GET /session/0157ef9fabb145ee7fb2a1f3feebe51f/element/f.2D1A903BB9B117B2180C998CF94CF722.d.26242B1142895693158BF7B1006E163A.e.24350/text - {}
RESULT: {}
COMMAND: GET /session/0157ef9fabb145ee7fb2a1f3feebe51f/element/f.2D1A903BB9B117B2180C998CF94CF722.d.26242B1142895693158BF7B1006E163A.e.24351/text - {}
RESULT: {}
COMMAND: GET /session/0157ef9fabb145ee7fb2a1f3feebe51f/element/f.2D1A903BB9B117B2180C998CF94CF722.d.26242B1142895693158BF7B1006E163A.e.24352/text - {}
RESULT: {}
COMMAND: GET /session/0157ef9fabb145ee7fb2a1f3feebe51f/element/f.2D1A903BB9B117B2180C998CF94CF722.d.26242B1142895693158BF7B1006E163A.e.24353/text - {}
RESULT: {}
COMMAND: GET /session/0157ef9fabb145ee7fb2a1f3feebe51f/element/f.2D1A903BB9B117B2180C998CF94CF722.d.26242B1142895693158BF7B1006E163A.e.23691/text - {}
RESULT: {}
COMMAND: POST /session/0157ef9fabb145ee7fb2a1f3feebe51f/element - {"using":"xpath","value":"//tbody[contains(@id, \"customHandoversTable-tblBody\")]/tr[1]/td[14]/div/span"}
RESULT: {"using":"xpath","value":"//tbody[contains(@id, \"customHandoversTable-tblBody\")]/tr[1]/td[14]/div/span"}
COMMAND: POST /session/0157ef9fabb145ee7fb2a1f3feebe51f/execute/sync - {"script":"<script> [56 bytes]","args":[{"element-6066-11e4-a52e-4f735466cecf":"f.2D1A903BB9B117B2180C998CF94CF722.d.26242B1142895693158BF7B1006E163A.e.24397","ELEMENT":"f.2D1A903BB9B117B2180C998CF94CF722.d.26242B1142895693158BF7B1006E163A.e.24397"}]}
RESULT: {"script":"<script> [56 bytes]","args":[{"element-6066-11e4-a52e-4f735466cecf":"f.2D1A903BB9B117B2180C998CF94CF722.d.26242B1142895693158BF7B1006E163A.e.24397","ELEMENT":"f.2D1A903BB9B117B2180C998CF94CF722.d.26242B1142895693158BF7B1006E163A.e.24397"}]}
COMMAND: POST /session/0157ef9fabb145ee7fb2a1f3feebe51f/element - {"using":"css selector","value":"#shell-header-logo"}
COMMAND: GET /session/0157ef9fabb145ee7fb2a1f3feebe51f/screenshot - {}
RESULT: {"using":"css selector","value":"#shell-header-logo"}
COMMAND: POST /session/0157ef9fabb145ee7fb2a1f3feebe51f/element/f.2D1A903BB9B117B2180C998CF94CF722.d.26242B1142895693158BF7B1006E163A.e.23289/click - {}
RESULT: {}
RESULT: {}
COMMAND: GET /session/0157ef9fabb145ee7fb2a1f3feebe51f/screenshot - {}
RESULT: {}
]]></system-out>
    </testcase>
    <testcase classname="chrome.135_0_7049_42.windows.Billing_Calculation_-_Time_based_(considering_transport_times)_US139738" name="Should do another billing run but in around 17 days from today" time="59.505">
      <system-out><![CDATA[
RESULT: undefined
COMMAND: POST /session/0157ef9fabb145ee7fb2a1f3feebe51f/element - {"using":"xpath","value":"//*[@id=\"__tile51\"]"}
RESULT: {"using":"xpath","value":"//*[@id=\"__tile51\"]"}
COMMAND: POST /session/0157ef9fabb145ee7fb2a1f3feebe51f/element/f.2D1A903BB9B117B2180C998CF94CF722.d.26242B1142895693158BF7B1006E163A.e.18904/click - {}
RESULT: {}
COMMAND: GET /session/0157ef9fabb145ee7fb2a1f3feebe51f/screenshot - {}
RESULT: {}
RESULT: undefined
COMMAND: POST /session/0157ef9fabb145ee7fb2a1f3feebe51f/execute/async - {"script":"<script> [776 bytes]","args":[{"enterText":"10393","selector":{"id":"application-managebillings-display-component---billRunCalcResult--smartFilterBar-btnBasicSearch","interaction":{"idSuffix":"I"}},"clearTextFirst":true,"interactionType":"ENTER_TEXT"}]}
RESULT: {"script":"<script> [776 bytes]","args":[{"enterText":"10393","selector":{"id":"application-managebillings-display-component---billRunCalcResult--smartFilterBar-btnBasicSearch","interaction":{"idSuffix":"I"}},"clearTextFirst":true,"interactionType":"ENTER_TEXT"}]}
COMMAND: POST /session/0157ef9fabb145ee7fb2a1f3feebe51f/actions - {"actions":[{"id":"action85","type":"key","parameters":{},"actions":[{"type":"keyDown","value":""},{"type":"pause","duration":10},{"type":"keyUp","value":""}]}]}
RESULT: {"actions":[{"id":"action85","type":"key","parameters":{},"actions":[{"type":"keyDown","value":""},{"type":"pause","duration":10},{"type":"keyUp","value":""}]}]}
COMMAND: GET /session/0157ef9fabb145ee7fb2a1f3feebe51f/screenshot - {}
RESULT: {}
COMMAND: POST /session/0157ef9fabb145ee7fb2a1f3feebe51f/element - {"using":"xpath","value":"//td[@aria-colindex=\"1\"]/div/div[contains(@class, \"sapMCbBg\")]"}
RESULT: {"using":"xpath","value":"//td[@aria-colindex=\"1\"]/div/div[contains(@class, \"sapMCbBg\")]"}
COMMAND: POST /session/0157ef9fabb145ee7fb2a1f3feebe51f/element/f.2D1A903BB9B117B2180C998CF94CF722.d.26242B1142895693158BF7B1006E163A.e.24603/click - {}
RESULT: {}
COMMAND: GET /session/0157ef9fabb145ee7fb2a1f3feebe51f/screenshot - {}
RESULT: {}
RESULT: undefined
COMMAND: POST /session/0157ef9fabb145ee7fb2a1f3feebe51f/execute/async - {"script":"<script> [776 bytes]","args":[{"enterText":"05/04/25","selector":{"id":"application-managebillings-display-component---billRunCalcResult--contractBillRunDate","interaction":{"idSuffix":"inner"}},"clearTextFirst":true,"interactionType":"ENTER_TEXT"}]}
RESULT: {"script":"<script> [776 bytes]","args":[{"enterText":"05/04/25","selector":{"id":"application-managebillings-display-component---billRunCalcResult--contractBillRunDate","interaction":{"idSuffix":"inner"}},"clearTextFirst":true,"interactionType":"ENTER_TEXT"}]}
COMMAND: POST /session/0157ef9fabb145ee7fb2a1f3feebe51f/element - {"using":"xpath","value":"//bdi[contains(text(), \"Trigger Calculation\")]"}
RESULT: {"using":"xpath","value":"//bdi[contains(text(), \"Trigger Calculation\")]"}
COMMAND: POST /session/0157ef9fabb145ee7fb2a1f3feebe51f/element/f.2D1A903BB9B117B2180C998CF94CF722.d.26242B1142895693158BF7B1006E163A.e.24766/click - {}
RESULT: {}
COMMAND: GET /session/0157ef9fabb145ee7fb2a1f3feebe51f/screenshot - {}
RESULT: {}
COMMAND: POST /session/0157ef9fabb145ee7fb2a1f3feebe51f/element - {"using":"xpath","value":"(//span[contains(@id, \"imgNav\")])[1]"}
RESULT: {"using":"xpath","value":"(//span[contains(@id, \"imgNav\")])[1]"}
COMMAND: POST /session/0157ef9fabb145ee7fb2a1f3feebe51f/element/f.2D1A903BB9B117B2180C998CF94CF722.d.26242B1142895693158BF7B1006E163A.e.24604/click - {}
RESULT: {}
COMMAND: GET /session/0157ef9fabb145ee7fb2a1f3feebe51f/screenshot - {}
RESULT: {}
COMMAND: POST /session/0157ef9fabb145ee7fb2a1f3feebe51f/element - {"using":"xpath","value":"//tr/td[6]/div[1]/span[1]/span[1]"}
RESULT: {"using":"xpath","value":"//tr/td[6]/div[1]/span[1]/span[1]"}
COMMAND: GET /session/0157ef9fabb145ee7fb2a1f3feebe51f/element/f.2D1A903BB9B117B2180C998CF94CF722.d.26242B1142895693158BF7B1006E163A.e.24771/text - {}
RESULT: {}
COMMAND: POST /session/0157ef9fabb145ee7fb2a1f3feebe51f/element - {"using":"xpath","value":"(//span[contains(@id, \"imgNav\")])[2]"}
RESULT: {"using":"xpath","value":"(//span[contains(@id, \"imgNav\")])[2]"}
COMMAND: POST /session/0157ef9fabb145ee7fb2a1f3feebe51f/element/f.2D1A903BB9B117B2180C998CF94CF722.d.26242B1142895693158BF7B1006E163A.e.24772/click - {}
RESULT: {}
COMMAND: POST /session/0157ef9fabb145ee7fb2a1f3feebe51f/element - {"using":"xpath","value":"//bdi[contains(text(), \"Business Confirm\")]"}
COMMAND: GET /session/0157ef9fabb145ee7fb2a1f3feebe51f/screenshot - {}
RESULT: {"using":"xpath","value":"//bdi[contains(text(), \"Business Confirm\")]"}
COMMAND: POST /session/0157ef9fabb145ee7fb2a1f3feebe51f/elements - {"using":"xpath","value":"//bdi[contains(text(), \"Business Confirm\")]"}
RESULT: {}
RESULT: {"using":"xpath","value":"//bdi[contains(text(), \"Business Confirm\")]"}
COMMAND: POST /session/0157ef9fabb145ee7fb2a1f3feebe51f/element - {"using":"xpath","value":"//bdi[contains(text(), \"Business Confirm\")]"}
RESULT: {"using":"xpath","value":"//bdi[contains(text(), \"Business Confirm\")]"}
COMMAND: POST /session/0157ef9fabb145ee7fb2a1f3feebe51f/element/f.2D1A903BB9B117B2180C998CF94CF722.d.26242B1142895693158BF7B1006E163A.e.24840/click - {}
RESULT: {}
COMMAND: POST /session/0157ef9fabb145ee7fb2a1f3feebe51f/element - {"using":"css selector","value":"#shell-header-logo"}
COMMAND: GET /session/0157ef9fabb145ee7fb2a1f3feebe51f/screenshot - {}
RESULT: {"using":"css selector","value":"#shell-header-logo"}
COMMAND: POST /session/0157ef9fabb145ee7fb2a1f3feebe51f/element/f.2D1A903BB9B117B2180C998CF94CF722.d.26242B1142895693158BF7B1006E163A.e.24401/click - {}
RESULT: {}
RESULT: {}
COMMAND: GET /session/0157ef9fabb145ee7fb2a1f3feebe51f/screenshot - {}
RESULT: {}
]]></system-out>
    </testcase>
    <testcase classname="chrome.135_0_7049_42.windows.Billing_Calculation_-_Time_based_(considering_transport_times)_US139738" name="Should transfer the billing all the way to completion" time="71.074">
      <system-out><![CDATA[
RESULT: undefined
COMMAND: POST /session/0157ef9fabb145ee7fb2a1f3feebe51f/element - {"using":"xpath","value":"//*[@id=\"__tile50\"]"}
RESULT: {"using":"xpath","value":"//*[@id=\"__tile50\"]"}
COMMAND: POST /session/0157ef9fabb145ee7fb2a1f3feebe51f/element/f.2D1A903BB9B117B2180C998CF94CF722.d.26242B1142895693158BF7B1006E163A.e.18902/click - {}
RESULT: {}
COMMAND: POST /session/0157ef9fabb145ee7fb2a1f3feebe51f/element - {"using":"xpath","value":"//input[contains(@id ,\"application-billingtransfer-display-component---billingWorkbench--smartFilterBar-btnBasicSearch\")]"}
COMMAND: GET /session/0157ef9fabb145ee7fb2a1f3feebe51f/screenshot - {}
RESULT: {"using":"xpath","value":"//input[contains(@id ,\"application-billingtransfer-display-component---billingWorkbench--smartFilterBar-btnBasicSearch\")]"}
COMMAND: POST /session/0157ef9fabb145ee7fb2a1f3feebe51f/elements - {"using":"xpath","value":"//input[contains(@id ,\"application-billingtransfer-display-component---billingWorkbench--smartFilterBar-btnBasicSearch\")]"}
RESULT: {}
RESULT: {"using":"xpath","value":"//input[contains(@id ,\"application-billingtransfer-display-component---billingWorkbench--smartFilterBar-btnBasicSearch\")]"}
COMMAND: POST /session/0157ef9fabb145ee7fb2a1f3feebe51f/execute/sync - {"script":"<script> [8489 bytes]","args":[{"element-6066-11e4-a52e-4f735466cecf":"f.2D1A903BB9B117B2180C998CF94CF722.d.26242B1142895693158BF7B1006E163A.e.24849","ELEMENT":"f.2D1A903BB9B117B2180C998CF94CF722.d.26242B1142895693158BF7B1006E163A.e.24849"}]}
RESULT: {"script":"<script> [8489 bytes]","args":[{"element-6066-11e4-a52e-4f735466cecf":"f.2D1A903BB9B117B2180C998CF94CF722.d.26242B1142895693158BF7B1006E163A.e.24849","ELEMENT":"f.2D1A903BB9B117B2180C998CF94CF722.d.26242B1142895693158BF7B1006E163A.e.24849"}]}
COMMAND: GET /session/0157ef9fabb145ee7fb2a1f3feebe51f/element/f.2D1A903BB9B117B2180C998CF94CF722.d.26242B1142895693158BF7B1006E163A.e.24849/enabled - {}
COMMAND: GET /session/0157ef9fabb145ee7fb2a1f3feebe51f/screenshot - {}
RESULT: {}
COMMAND: POST /session/0157ef9fabb145ee7fb2a1f3feebe51f/element/f.2D1A903BB9B117B2180C998CF94CF722.d.26242B1142895693158BF7B1006E163A.e.24849/click - {}
COMMAND: GET /session/0157ef9fabb145ee7fb2a1f3feebe51f/screenshot - {}
RESULT: {}
RESULT: {}
COMMAND: GET /session/0157ef9fabb145ee7fb2a1f3feebe51f/screenshot - {}
RESULT: {}
RESULT: {}
COMMAND: POST /session/0157ef9fabb145ee7fb2a1f3feebe51f/element/f.2D1A903BB9B117B2180C998CF94CF722.d.26242B1142895693158BF7B1006E163A.e.24849/clear - {}
RESULT: {}
COMMAND: POST /session/0157ef9fabb145ee7fb2a1f3feebe51f/element/f.2D1A903BB9B117B2180C998CF94CF722.d.26242B1142895693158BF7B1006E163A.e.24849/value - {"text":"10393"}
COMMAND: GET /session/0157ef9fabb145ee7fb2a1f3feebe51f/screenshot - {}
RESULT: {"text":"10393"}
COMMAND: POST /session/0157ef9fabb145ee7fb2a1f3feebe51f/actions - {"actions":[{"id":"action86","type":"key","parameters":{},"actions":[{"type":"keyDown","value":""},{"type":"pause","duration":10},{"type":"keyUp","value":""}]}]}
COMMAND: GET /session/0157ef9fabb145ee7fb2a1f3feebe51f/screenshot - {}
RESULT: {}
RESULT: {"actions":[{"id":"action86","type":"key","parameters":{},"actions":[{"type":"keyDown","value":""},{"type":"pause","duration":10},{"type":"keyUp","value":""}]}]}
COMMAND: GET /session/0157ef9fabb145ee7fb2a1f3feebe51f/screenshot - {}
RESULT: {}
RESULT: {}
COMMAND: POST /session/0157ef9fabb145ee7fb2a1f3feebe51f/element - {"using":"xpath","value":"//span[contains(@id ,\"application-billingtransfer-display-component---billingWorkbench--smartTableBillingRuns-header-inner\")]"}
RESULT: {"using":"xpath","value":"//span[contains(@id ,\"application-billingtransfer-display-component---billingWorkbench--smartTableBillingRuns-header-inner\")]"}
COMMAND: POST /session/0157ef9fabb145ee7fb2a1f3feebe51f/elements - {"using":"xpath","value":"//span[contains(@id ,\"application-billingtransfer-display-component---billingWorkbench--smartTableBillingRuns-header-inner\")]"}
RESULT: {"using":"xpath","value":"//span[contains(@id ,\"application-billingtransfer-display-component---billingWorkbench--smartTableBillingRuns-header-inner\")]"}
COMMAND: POST /session/0157ef9fabb145ee7fb2a1f3feebe51f/execute/sync - {"script":"<script> [56 bytes]","args":[{"element-6066-11e4-a52e-4f735466cecf":"f.2D1A903BB9B117B2180C998CF94CF722.d.26242B1142895693158BF7B1006E163A.e.25052","ELEMENT":"f.2D1A903BB9B117B2180C998CF94CF722.d.26242B1142895693158BF7B1006E163A.e.25052"}]}
RESULT: {"script":"<script> [56 bytes]","args":[{"element-6066-11e4-a52e-4f735466cecf":"f.2D1A903BB9B117B2180C998CF94CF722.d.26242B1142895693158BF7B1006E163A.e.25052","ELEMENT":"f.2D1A903BB9B117B2180C998CF94CF722.d.26242B1142895693158BF7B1006E163A.e.25052"}]}
COMMAND: POST /session/0157ef9fabb145ee7fb2a1f3feebe51f/element - {"using":"xpath","value":"//td[@aria-colindex=\"1\"]/div/div[contains(@class, \"sapMCbBg\")]"}
COMMAND: GET /session/0157ef9fabb145ee7fb2a1f3feebe51f/screenshot - {}
RESULT: {"using":"xpath","value":"//td[@aria-colindex=\"1\"]/div/div[contains(@class, \"sapMCbBg\")]"}
COMMAND: POST /session/0157ef9fabb145ee7fb2a1f3feebe51f/element/f.2D1A903BB9B117B2180C998CF94CF722.d.26242B1142895693158BF7B1006E163A.e.25045/click - {}
RESULT: {}
RESULT: {}
COMMAND: GET /session/0157ef9fabb145ee7fb2a1f3feebe51f/screenshot - {}
RESULT: {}
COMMAND: POST /session/0157ef9fabb145ee7fb2a1f3feebe51f/element - {"using":"xpath","value":"//bdi[contains(text(), \"Check\")]"}
RESULT: {"using":"xpath","value":"//bdi[contains(text(), \"Check\")]"}
COMMAND: POST /session/0157ef9fabb145ee7fb2a1f3feebe51f/element/f.2D1A903BB9B117B2180C998CF94CF722.d.26242B1142895693158BF7B1006E163A.e.25053/click - {}
RESULT: {}
COMMAND: GET /session/0157ef9fabb145ee7fb2a1f3feebe51f/screenshot - {}
RESULT: {}
COMMAND: POST /session/0157ef9fabb145ee7fb2a1f3feebe51f/element - {"using":"xpath","value":"//bdi[contains(text(), \"OK\")]"}
RESULT: {"using":"xpath","value":"//bdi[contains(text(), \"OK\")]"}
COMMAND: POST /session/0157ef9fabb145ee7fb2a1f3feebe51f/element/f.2D1A903BB9B117B2180C998CF94CF722.d.26242B1142895693158BF7B1006E163A.e.25056/click - {}
RESULT: {}
COMMAND: GET /session/0157ef9fabb145ee7fb2a1f3feebe51f/screenshot - {}
RESULT: {}
COMMAND: POST /session/0157ef9fabb145ee7fb2a1f3feebe51f/element - {"using":"xpath","value":"(//span[contains(text(), \"CO/SD checked\")]/parent::div/preceding-sibling::div/span)[1]"}
RESULT: {"using":"xpath","value":"(//span[contains(text(), \"CO/SD checked\")]/parent::div/preceding-sibling::div/span)[1]"}
COMMAND: POST /session/0157ef9fabb145ee7fb2a1f3feebe51f/element/f.2D1A903BB9B117B2180C998CF94CF722.d.26242B1142895693158BF7B1006E163A.e.25066/click - {}
RESULT: {}
COMMAND: GET /session/0157ef9fabb145ee7fb2a1f3feebe51f/screenshot - {}
RESULT: {}
COMMAND: POST /session/0157ef9fabb145ee7fb2a1f3feebe51f/element - {"using":"xpath","value":"//input[contains(@id ,\"application-billingtransfer-display-component---billingWorkbench--smartFilterBar-btnBasicSearch\")]"}
RESULT: {"using":"xpath","value":"//input[contains(@id ,\"application-billingtransfer-display-component---billingWorkbench--smartFilterBar-btnBasicSearch\")]"}
COMMAND: POST /session/0157ef9fabb145ee7fb2a1f3feebe51f/elements - {"using":"xpath","value":"//input[contains(@id ,\"application-billingtransfer-display-component---billingWorkbench--smartFilterBar-btnBasicSearch\")]"}
RESULT: {"using":"xpath","value":"//input[contains(@id ,\"application-billingtransfer-display-component---billingWorkbench--smartFilterBar-btnBasicSearch\")]"}
COMMAND: POST /session/0157ef9fabb145ee7fb2a1f3feebe51f/execute/sync - {"script":"<script> [8489 bytes]","args":[{"element-6066-11e4-a52e-4f735466cecf":"f.2D1A903BB9B117B2180C998CF94CF722.d.26242B1142895693158BF7B1006E163A.e.24849","ELEMENT":"f.2D1A903BB9B117B2180C998CF94CF722.d.26242B1142895693158BF7B1006E163A.e.24849"}]}
RESULT: {"script":"<script> [8489 bytes]","args":[{"element-6066-11e4-a52e-4f735466cecf":"f.2D1A903BB9B117B2180C998CF94CF722.d.26242B1142895693158BF7B1006E163A.e.24849","ELEMENT":"f.2D1A903BB9B117B2180C998CF94CF722.d.26242B1142895693158BF7B1006E163A.e.24849"}]}
COMMAND: GET /session/0157ef9fabb145ee7fb2a1f3feebe51f/element/f.2D1A903BB9B117B2180C998CF94CF722.d.26242B1142895693158BF7B1006E163A.e.24849/enabled - {}
COMMAND: GET /session/0157ef9fabb145ee7fb2a1f3feebe51f/screenshot - {}
RESULT: {}
COMMAND: POST /session/0157ef9fabb145ee7fb2a1f3feebe51f/element/f.2D1A903BB9B117B2180C998CF94CF722.d.26242B1142895693158BF7B1006E163A.e.24849/click - {}
COMMAND: GET /session/0157ef9fabb145ee7fb2a1f3feebe51f/screenshot - {}
RESULT: {}
RESULT: {}
COMMAND: GET /session/0157ef9fabb145ee7fb2a1f3feebe51f/screenshot - {}
RESULT: {}
RESULT: {}
COMMAND: POST /session/0157ef9fabb145ee7fb2a1f3feebe51f/element/f.2D1A903BB9B117B2180C998CF94CF722.d.26242B1142895693158BF7B1006E163A.e.24849/clear - {}
RESULT: {}
COMMAND: POST /session/0157ef9fabb145ee7fb2a1f3feebe51f/element/f.2D1A903BB9B117B2180C998CF94CF722.d.26242B1142895693158BF7B1006E163A.e.24849/value - {"text":"10393"}
COMMAND: GET /session/0157ef9fabb145ee7fb2a1f3feebe51f/screenshot - {}
RESULT: {"text":"10393"}
COMMAND: POST /session/0157ef9fabb145ee7fb2a1f3feebe51f/actions - {"actions":[{"id":"action87","type":"key","parameters":{},"actions":[{"type":"keyDown","value":""},{"type":"pause","duration":10},{"type":"keyUp","value":""}]}]}
COMMAND: GET /session/0157ef9fabb145ee7fb2a1f3feebe51f/screenshot - {}
RESULT: {}
RESULT: {"actions":[{"id":"action87","type":"key","parameters":{},"actions":[{"type":"keyDown","value":""},{"type":"pause","duration":10},{"type":"keyUp","value":""}]}]}
COMMAND: GET /session/0157ef9fabb145ee7fb2a1f3feebe51f/screenshot - {}
RESULT: {}
RESULT: {}
COMMAND: POST /session/0157ef9fabb145ee7fb2a1f3feebe51f/element - {"using":"xpath","value":"//span[contains(@id ,\"application-billingtransfer-display-component---billingWorkbench--smartTableBillingRuns-header-inner\")]"}
RESULT: {"using":"xpath","value":"//span[contains(@id ,\"application-billingtransfer-display-component---billingWorkbench--smartTableBillingRuns-header-inner\")]"}
COMMAND: POST /session/0157ef9fabb145ee7fb2a1f3feebe51f/elements - {"using":"xpath","value":"//span[contains(@id ,\"application-billingtransfer-display-component---billingWorkbench--smartTableBillingRuns-header-inner\")]"}
RESULT: {"using":"xpath","value":"//span[contains(@id ,\"application-billingtransfer-display-component---billingWorkbench--smartTableBillingRuns-header-inner\")]"}
COMMAND: POST /session/0157ef9fabb145ee7fb2a1f3feebe51f/execute/sync - {"script":"<script> [56 bytes]","args":[{"element-6066-11e4-a52e-4f735466cecf":"f.2D1A903BB9B117B2180C998CF94CF722.d.26242B1142895693158BF7B1006E163A.e.25052","ELEMENT":"f.2D1A903BB9B117B2180C998CF94CF722.d.26242B1142895693158BF7B1006E163A.e.25052"}]}
RESULT: {"script":"<script> [56 bytes]","args":[{"element-6066-11e4-a52e-4f735466cecf":"f.2D1A903BB9B117B2180C998CF94CF722.d.26242B1142895693158BF7B1006E163A.e.25052","ELEMENT":"f.2D1A903BB9B117B2180C998CF94CF722.d.26242B1142895693158BF7B1006E163A.e.25052"}]}
COMMAND: POST /session/0157ef9fabb145ee7fb2a1f3feebe51f/element - {"using":"xpath","value":"//td[@aria-colindex=\"1\"]/div/div[contains(@class, \"sapMCbBg\")]"}
COMMAND: GET /session/0157ef9fabb145ee7fb2a1f3feebe51f/screenshot - {}
RESULT: {"using":"xpath","value":"//td[@aria-colindex=\"1\"]/div/div[contains(@class, \"sapMCbBg\")]"}
COMMAND: POST /session/0157ef9fabb145ee7fb2a1f3feebe51f/element/f.2D1A903BB9B117B2180C998CF94CF722.d.26242B1142895693158BF7B1006E163A.e.25069/click - {}
RESULT: {}
RESULT: {}
COMMAND: GET /session/0157ef9fabb145ee7fb2a1f3feebe51f/screenshot - {}
RESULT: {}
COMMAND: POST /session/0157ef9fabb145ee7fb2a1f3feebe51f/element - {"using":"xpath","value":"//bdi[text()=\"Transfer\"]"}
RESULT: {"using":"xpath","value":"//bdi[text()=\"Transfer\"]"}
COMMAND: POST /session/0157ef9fabb145ee7fb2a1f3feebe51f/element/f.2D1A903BB9B117B2180C998CF94CF722.d.26242B1142895693158BF7B1006E163A.e.25070/click - {}
RESULT: {}
COMMAND: GET /session/0157ef9fabb145ee7fb2a1f3feebe51f/screenshot - {}
RESULT: {}
COMMAND: POST /session/0157ef9fabb145ee7fb2a1f3feebe51f/element - {"using":"xpath","value":"//bdi[contains(text(), \"OK\")]"}
RESULT: {"using":"xpath","value":"//bdi[contains(text(), \"OK\")]"}
COMMAND: POST /session/0157ef9fabb145ee7fb2a1f3feebe51f/element/f.2D1A903BB9B117B2180C998CF94CF722.d.26242B1142895693158BF7B1006E163A.e.25073/click - {}
RESULT: {}
COMMAND: GET /session/0157ef9fabb145ee7fb2a1f3feebe51f/screenshot - {}
RESULT: {}
COMMAND: POST /session/0157ef9fabb145ee7fb2a1f3feebe51f/element - {"using":"xpath","value":"(//span[contains(text(), \"Completed\")]/parent::div/preceding-sibling::div/span)[1]"}
RESULT: {"using":"xpath","value":"(//span[contains(text(), \"Completed\")]/parent::div/preceding-sibling::div/span)[1]"}
COMMAND: POST /session/0157ef9fabb145ee7fb2a1f3feebe51f/element/f.2D1A903BB9B117B2180C998CF94CF722.d.26242B1142895693158BF7B1006E163A.e.25081/click - {}
RESULT: {}
COMMAND: POST /session/0157ef9fabb145ee7fb2a1f3feebe51f/element - {"using":"xpath","value":"//input[contains(@id ,\"application-billingtransfer-display-component---billingWorkbench--smartFilterBar-btnBasicSearch\")]"}
COMMAND: GET /session/0157ef9fabb145ee7fb2a1f3feebe51f/screenshot - {}
RESULT: {"using":"xpath","value":"//input[contains(@id ,\"application-billingtransfer-display-component---billingWorkbench--smartFilterBar-btnBasicSearch\")]"}
COMMAND: POST /session/0157ef9fabb145ee7fb2a1f3feebe51f/elements - {"using":"xpath","value":"//input[contains(@id ,\"application-billingtransfer-display-component---billingWorkbench--smartFilterBar-btnBasicSearch\")]"}
RESULT: {}
RESULT: {"using":"xpath","value":"//input[contains(@id ,\"application-billingtransfer-display-component---billingWorkbench--smartFilterBar-btnBasicSearch\")]"}
COMMAND: POST /session/0157ef9fabb145ee7fb2a1f3feebe51f/execute/sync - {"script":"<script> [8489 bytes]","args":[{"element-6066-11e4-a52e-4f735466cecf":"f.2D1A903BB9B117B2180C998CF94CF722.d.26242B1142895693158BF7B1006E163A.e.24849","ELEMENT":"f.2D1A903BB9B117B2180C998CF94CF722.d.26242B1142895693158BF7B1006E163A.e.24849"}]}
RESULT: {"script":"<script> [8489 bytes]","args":[{"element-6066-11e4-a52e-4f735466cecf":"f.2D1A903BB9B117B2180C998CF94CF722.d.26242B1142895693158BF7B1006E163A.e.24849","ELEMENT":"f.2D1A903BB9B117B2180C998CF94CF722.d.26242B1142895693158BF7B1006E163A.e.24849"}]}
COMMAND: GET /session/0157ef9fabb145ee7fb2a1f3feebe51f/element/f.2D1A903BB9B117B2180C998CF94CF722.d.26242B1142895693158BF7B1006E163A.e.24849/enabled - {}
COMMAND: GET /session/0157ef9fabb145ee7fb2a1f3feebe51f/screenshot - {}
RESULT: {}
COMMAND: POST /session/0157ef9fabb145ee7fb2a1f3feebe51f/element/f.2D1A903BB9B117B2180C998CF94CF722.d.26242B1142895693158BF7B1006E163A.e.24849/click - {}
COMMAND: GET /session/0157ef9fabb145ee7fb2a1f3feebe51f/screenshot - {}
RESULT: {}
RESULT: {}
COMMAND: GET /session/0157ef9fabb145ee7fb2a1f3feebe51f/screenshot - {}
RESULT: {}
RESULT: {}
COMMAND: POST /session/0157ef9fabb145ee7fb2a1f3feebe51f/element/f.2D1A903BB9B117B2180C998CF94CF722.d.26242B1142895693158BF7B1006E163A.e.24849/clear - {}
RESULT: {}
COMMAND: POST /session/0157ef9fabb145ee7fb2a1f3feebe51f/element/f.2D1A903BB9B117B2180C998CF94CF722.d.26242B1142895693158BF7B1006E163A.e.24849/value - {"text":"10393"}
COMMAND: GET /session/0157ef9fabb145ee7fb2a1f3feebe51f/screenshot - {}
RESULT: {"text":"10393"}
COMMAND: POST /session/0157ef9fabb145ee7fb2a1f3feebe51f/actions - {"actions":[{"id":"action88","type":"key","parameters":{},"actions":[{"type":"keyDown","value":""},{"type":"pause","duration":10},{"type":"keyUp","value":""}]}]}
COMMAND: GET /session/0157ef9fabb145ee7fb2a1f3feebe51f/screenshot - {}
RESULT: {}
RESULT: {"actions":[{"id":"action88","type":"key","parameters":{},"actions":[{"type":"keyDown","value":""},{"type":"pause","duration":10},{"type":"keyUp","value":""}]}]}
COMMAND: GET /session/0157ef9fabb145ee7fb2a1f3feebe51f/screenshot - {}
RESULT: {}
RESULT: {}
COMMAND: POST /session/0157ef9fabb145ee7fb2a1f3feebe51f/element - {"using":"xpath","value":"//span[contains(@id ,\"application-billingtransfer-display-component---billingWorkbench--smartTableBillingRuns-header-inner\")]"}
RESULT: {"using":"xpath","value":"//span[contains(@id ,\"application-billingtransfer-display-component---billingWorkbench--smartTableBillingRuns-header-inner\")]"}
COMMAND: POST /session/0157ef9fabb145ee7fb2a1f3feebe51f/elements - {"using":"xpath","value":"//span[contains(@id ,\"application-billingtransfer-display-component---billingWorkbench--smartTableBillingRuns-header-inner\")]"}
RESULT: {"using":"xpath","value":"//span[contains(@id ,\"application-billingtransfer-display-component---billingWorkbench--smartTableBillingRuns-header-inner\")]"}
COMMAND: POST /session/0157ef9fabb145ee7fb2a1f3feebe51f/execute/sync - {"script":"<script> [56 bytes]","args":[{"element-6066-11e4-a52e-4f735466cecf":"f.2D1A903BB9B117B2180C998CF94CF722.d.26242B1142895693158BF7B1006E163A.e.25052","ELEMENT":"f.2D1A903BB9B117B2180C998CF94CF722.d.26242B1142895693158BF7B1006E163A.e.25052"}]}
RESULT: {"script":"<script> [56 bytes]","args":[{"element-6066-11e4-a52e-4f735466cecf":"f.2D1A903BB9B117B2180C998CF94CF722.d.26242B1142895693158BF7B1006E163A.e.25052","ELEMENT":"f.2D1A903BB9B117B2180C998CF94CF722.d.26242B1142895693158BF7B1006E163A.e.25052"}]}
COMMAND: POST /session/0157ef9fabb145ee7fb2a1f3feebe51f/element - {"using":"css selector","value":"#shell-header-logo"}
COMMAND: GET /session/0157ef9fabb145ee7fb2a1f3feebe51f/screenshot - {}
RESULT: {"using":"css selector","value":"#shell-header-logo"}
COMMAND: POST /session/0157ef9fabb145ee7fb2a1f3feebe51f/element/f.2D1A903BB9B117B2180C998CF94CF722.d.26242B1142895693158BF7B1006E163A.e.24847/click - {}
RESULT: {}
RESULT: {}
COMMAND: GET /session/0157ef9fabb145ee7fb2a1f3feebe51f/screenshot - {}
RESULT: {}
]]></system-out>
    </testcase>
    <testcase classname="chrome.135_0_7049_42.windows.Billing_Calculation_-_Time_based_(considering_transport_times)_US139738" name="Should do another billing run but in around 25 days from today" time="62.323">
      <system-out><![CDATA[
RESULT: undefined
COMMAND: POST /session/0157ef9fabb145ee7fb2a1f3feebe51f/element - {"using":"xpath","value":"//*[@id=\"__tile51\"]"}
RESULT: {"using":"xpath","value":"//*[@id=\"__tile51\"]"}
COMMAND: POST /session/0157ef9fabb145ee7fb2a1f3feebe51f/element/f.2D1A903BB9B117B2180C998CF94CF722.d.26242B1142895693158BF7B1006E163A.e.18904/click - {}
RESULT: {}
COMMAND: GET /session/0157ef9fabb145ee7fb2a1f3feebe51f/screenshot - {}
RESULT: {}
RESULT: undefined
COMMAND: POST /session/0157ef9fabb145ee7fb2a1f3feebe51f/execute/async - {"script":"<script> [776 bytes]","args":[{"enterText":"10393","selector":{"id":"application-managebillings-display-component---billRunCalcResult--smartFilterBar-btnBasicSearch","interaction":{"idSuffix":"I"}},"clearTextFirst":true,"interactionType":"ENTER_TEXT"}]}
RESULT: {"script":"<script> [776 bytes]","args":[{"enterText":"10393","selector":{"id":"application-managebillings-display-component---billRunCalcResult--smartFilterBar-btnBasicSearch","interaction":{"idSuffix":"I"}},"clearTextFirst":true,"interactionType":"ENTER_TEXT"}]}
COMMAND: POST /session/0157ef9fabb145ee7fb2a1f3feebe51f/actions - {"actions":[{"id":"action89","type":"key","parameters":{},"actions":[{"type":"keyDown","value":""},{"type":"pause","duration":10},{"type":"keyUp","value":""}]}]}
RESULT: {"actions":[{"id":"action89","type":"key","parameters":{},"actions":[{"type":"keyDown","value":""},{"type":"pause","duration":10},{"type":"keyUp","value":""}]}]}
COMMAND: GET /session/0157ef9fabb145ee7fb2a1f3feebe51f/screenshot - {}
RESULT: {}
COMMAND: POST /session/0157ef9fabb145ee7fb2a1f3feebe51f/element - {"using":"xpath","value":"//td[@aria-colindex=\"1\"]/div/div[contains(@class, \"sapMCbBg\")]"}
RESULT: {"using":"xpath","value":"//td[@aria-colindex=\"1\"]/div/div[contains(@class, \"sapMCbBg\")]"}
COMMAND: POST /session/0157ef9fabb145ee7fb2a1f3feebe51f/element/f.2D1A903BB9B117B2180C998CF94CF722.d.26242B1142895693158BF7B1006E163A.e.25304/click - {}
RESULT: {}
COMMAND: GET /session/0157ef9fabb145ee7fb2a1f3feebe51f/screenshot - {}
RESULT: {}
RESULT: undefined
COMMAND: POST /session/0157ef9fabb145ee7fb2a1f3feebe51f/execute/async - {"script":"<script> [776 bytes]","args":[{"enterText":"05/12/25","selector":{"id":"application-managebillings-display-component---billRunCalcResult--contractBillRunDate","interaction":{"idSuffix":"inner"}},"clearTextFirst":true,"interactionType":"ENTER_TEXT"}]}
RESULT: {"script":"<script> [776 bytes]","args":[{"enterText":"05/12/25","selector":{"id":"application-managebillings-display-component---billRunCalcResult--contractBillRunDate","interaction":{"idSuffix":"inner"}},"clearTextFirst":true,"interactionType":"ENTER_TEXT"}]}
COMMAND: POST /session/0157ef9fabb145ee7fb2a1f3feebe51f/element - {"using":"xpath","value":"//bdi[contains(text(), \"Trigger Calculation\")]"}
RESULT: {"using":"xpath","value":"//bdi[contains(text(), \"Trigger Calculation\")]"}
COMMAND: POST /session/0157ef9fabb145ee7fb2a1f3feebe51f/element/f.2D1A903BB9B117B2180C998CF94CF722.d.26242B1142895693158BF7B1006E163A.e.25360/click - {}
RESULT: {}
COMMAND: GET /session/0157ef9fabb145ee7fb2a1f3feebe51f/screenshot - {}
RESULT: {}
COMMAND: POST /session/0157ef9fabb145ee7fb2a1f3feebe51f/element - {"using":"xpath","value":"(//span[contains(@id, \"imgNav\")])[1]"}
RESULT: {"using":"xpath","value":"(//span[contains(@id, \"imgNav\")])[1]"}
COMMAND: POST /session/0157ef9fabb145ee7fb2a1f3feebe51f/element/f.2D1A903BB9B117B2180C998CF94CF722.d.26242B1142895693158BF7B1006E163A.e.25305/click - {}
RESULT: {}
COMMAND: GET /session/0157ef9fabb145ee7fb2a1f3feebe51f/screenshot - {}
RESULT: {}
COMMAND: POST /session/0157ef9fabb145ee7fb2a1f3feebe51f/element - {"using":"xpath","value":"//tr/td[6]/div[1]/span[1]/span[1]"}
RESULT: {"using":"xpath","value":"//tr/td[6]/div[1]/span[1]/span[1]"}
COMMAND: GET /session/0157ef9fabb145ee7fb2a1f3feebe51f/element/f.2D1A903BB9B117B2180C998CF94CF722.d.26242B1142895693158BF7B1006E163A.e.25365/text - {}
RESULT: {}
COMMAND: POST /session/0157ef9fabb145ee7fb2a1f3feebe51f/element - {"using":"xpath","value":"(//span[contains(@id, \"imgNav\")])[2]"}
RESULT: {"using":"xpath","value":"(//span[contains(@id, \"imgNav\")])[2]"}
COMMAND: POST /session/0157ef9fabb145ee7fb2a1f3feebe51f/element/f.2D1A903BB9B117B2180C998CF94CF722.d.26242B1142895693158BF7B1006E163A.e.25366/click - {}
RESULT: {}
COMMAND: POST /session/0157ef9fabb145ee7fb2a1f3feebe51f/element - {"using":"xpath","value":"//bdi[contains(text(), \"Business Confirm\")]"}
COMMAND: GET /session/0157ef9fabb145ee7fb2a1f3feebe51f/screenshot - {}
RESULT: {"using":"xpath","value":"//bdi[contains(text(), \"Business Confirm\")]"}
COMMAND: POST /session/0157ef9fabb145ee7fb2a1f3feebe51f/elements - {"using":"xpath","value":"//bdi[contains(text(), \"Business Confirm\")]"}
RESULT: {}
RESULT: {"using":"xpath","value":"//bdi[contains(text(), \"Business Confirm\")]"}
COMMAND: POST /session/0157ef9fabb145ee7fb2a1f3feebe51f/element - {"using":"xpath","value":"//bdi[contains(text(), \"Business Confirm\")]"}
RESULT: {"using":"xpath","value":"//bdi[contains(text(), \"Business Confirm\")]"}
COMMAND: POST /session/0157ef9fabb145ee7fb2a1f3feebe51f/element/f.2D1A903BB9B117B2180C998CF94CF722.d.26242B1142895693158BF7B1006E163A.e.25438/click - {}
RESULT: {}
COMMAND: POST /session/0157ef9fabb145ee7fb2a1f3feebe51f/element - {"using":"css selector","value":"#shell-header-logo"}
COMMAND: GET /session/0157ef9fabb145ee7fb2a1f3feebe51f/screenshot - {}
RESULT: {"using":"css selector","value":"#shell-header-logo"}
COMMAND: POST /session/0157ef9fabb145ee7fb2a1f3feebe51f/element/f.2D1A903BB9B117B2180C998CF94CF722.d.26242B1142895693158BF7B1006E163A.e.25091/click - {}
RESULT: {}
RESULT: {}
COMMAND: GET /session/0157ef9fabb145ee7fb2a1f3feebe51f/screenshot - {}
RESULT: {}
]]></system-out>
    </testcase>
    <testcase classname="chrome.135_0_7049_42.windows.Billing_Calculation_-_Time_based_(considering_transport_times)_US139738" name="Should transfer the billing all the way to completion" time="87.225">
      <system-out><![CDATA[
RESULT: undefined
COMMAND: POST /session/0157ef9fabb145ee7fb2a1f3feebe51f/element - {"using":"xpath","value":"//*[@id=\"__tile50\"]"}
RESULT: {"using":"xpath","value":"//*[@id=\"__tile50\"]"}
COMMAND: POST /session/0157ef9fabb145ee7fb2a1f3feebe51f/element/f.2D1A903BB9B117B2180C998CF94CF722.d.26242B1142895693158BF7B1006E163A.e.18902/click - {}
RESULT: {}
COMMAND: POST /session/0157ef9fabb145ee7fb2a1f3feebe51f/element - {"using":"xpath","value":"//input[contains(@id ,\"application-billingtransfer-display-component---billingWorkbench--smartFilterBar-btnBasicSearch\")]"}
COMMAND: GET /session/0157ef9fabb145ee7fb2a1f3feebe51f/screenshot - {}
RESULT: {"using":"xpath","value":"//input[contains(@id ,\"application-billingtransfer-display-component---billingWorkbench--smartFilterBar-btnBasicSearch\")]"}
COMMAND: POST /session/0157ef9fabb145ee7fb2a1f3feebe51f/elements - {"using":"xpath","value":"//input[contains(@id ,\"application-billingtransfer-display-component---billingWorkbench--smartFilterBar-btnBasicSearch\")]"}
RESULT: {}
RESULT: {"using":"xpath","value":"//input[contains(@id ,\"application-billingtransfer-display-component---billingWorkbench--smartFilterBar-btnBasicSearch\")]"}
COMMAND: POST /session/0157ef9fabb145ee7fb2a1f3feebe51f/execute/sync - {"script":"<script> [8489 bytes]","args":[{"element-6066-11e4-a52e-4f735466cecf":"f.2D1A903BB9B117B2180C998CF94CF722.d.26242B1142895693158BF7B1006E163A.e.25446","ELEMENT":"f.2D1A903BB9B117B2180C998CF94CF722.d.26242B1142895693158BF7B1006E163A.e.25446"}]}
RESULT: {"script":"<script> [8489 bytes]","args":[{"element-6066-11e4-a52e-4f735466cecf":"f.2D1A903BB9B117B2180C998CF94CF722.d.26242B1142895693158BF7B1006E163A.e.25446","ELEMENT":"f.2D1A903BB9B117B2180C998CF94CF722.d.26242B1142895693158BF7B1006E163A.e.25446"}]}
COMMAND: GET /session/0157ef9fabb145ee7fb2a1f3feebe51f/element/f.2D1A903BB9B117B2180C998CF94CF722.d.26242B1142895693158BF7B1006E163A.e.25446/enabled - {}
COMMAND: GET /session/0157ef9fabb145ee7fb2a1f3feebe51f/screenshot - {}
RESULT: {}
COMMAND: POST /session/0157ef9fabb145ee7fb2a1f3feebe51f/element/f.2D1A903BB9B117B2180C998CF94CF722.d.26242B1142895693158BF7B1006E163A.e.25446/click - {}
COMMAND: GET /session/0157ef9fabb145ee7fb2a1f3feebe51f/screenshot - {}
RESULT: {}
RESULT: {}
COMMAND: GET /session/0157ef9fabb145ee7fb2a1f3feebe51f/screenshot - {}
RESULT: {}
RESULT: {}
COMMAND: POST /session/0157ef9fabb145ee7fb2a1f3feebe51f/element/f.2D1A903BB9B117B2180C998CF94CF722.d.26242B1142895693158BF7B1006E163A.e.25446/clear - {}
RESULT: {}
COMMAND: POST /session/0157ef9fabb145ee7fb2a1f3feebe51f/element/f.2D1A903BB9B117B2180C998CF94CF722.d.26242B1142895693158BF7B1006E163A.e.25446/value - {"text":"10393"}
COMMAND: GET /session/0157ef9fabb145ee7fb2a1f3feebe51f/screenshot - {}
RESULT: {}
RESULT: {"text":"10393"}
COMMAND: POST /session/0157ef9fabb145ee7fb2a1f3feebe51f/actions - {"actions":[{"id":"action90","type":"key","parameters":{},"actions":[{"type":"keyDown","value":""},{"type":"pause","duration":10},{"type":"keyUp","value":""}]}]}
COMMAND: GET /session/0157ef9fabb145ee7fb2a1f3feebe51f/screenshot - {}
RESULT: {"actions":[{"id":"action90","type":"key","parameters":{},"actions":[{"type":"keyDown","value":""},{"type":"pause","duration":10},{"type":"keyUp","value":""}]}]}
COMMAND: GET /session/0157ef9fabb145ee7fb2a1f3feebe51f/screenshot - {}
RESULT: {}
RESULT: {}
COMMAND: POST /session/0157ef9fabb145ee7fb2a1f3feebe51f/element - {"using":"xpath","value":"//span[contains(@id ,\"application-billingtransfer-display-component---billingWorkbench--smartTableBillingRuns-header-inner\")]"}
RESULT: {"using":"xpath","value":"//span[contains(@id ,\"application-billingtransfer-display-component---billingWorkbench--smartTableBillingRuns-header-inner\")]"}
COMMAND: POST /session/0157ef9fabb145ee7fb2a1f3feebe51f/elements - {"using":"xpath","value":"//span[contains(@id ,\"application-billingtransfer-display-component---billingWorkbench--smartTableBillingRuns-header-inner\")]"}
RESULT: {"using":"xpath","value":"//span[contains(@id ,\"application-billingtransfer-display-component---billingWorkbench--smartTableBillingRuns-header-inner\")]"}
COMMAND: POST /session/0157ef9fabb145ee7fb2a1f3feebe51f/execute/sync - {"script":"<script> [56 bytes]","args":[{"element-6066-11e4-a52e-4f735466cecf":"f.2D1A903BB9B117B2180C998CF94CF722.d.26242B1142895693158BF7B1006E163A.e.25591","ELEMENT":"f.2D1A903BB9B117B2180C998CF94CF722.d.26242B1142895693158BF7B1006E163A.e.25591"}]}
RESULT: {"script":"<script> [56 bytes]","args":[{"element-6066-11e4-a52e-4f735466cecf":"f.2D1A903BB9B117B2180C998CF94CF722.d.26242B1142895693158BF7B1006E163A.e.25591","ELEMENT":"f.2D1A903BB9B117B2180C998CF94CF722.d.26242B1142895693158BF7B1006E163A.e.25591"}]}
COMMAND: POST /session/0157ef9fabb145ee7fb2a1f3feebe51f/element - {"using":"xpath","value":"//td[@aria-colindex=\"1\"]/div/div[contains(@class, \"sapMCbBg\")]"}
COMMAND: GET /session/0157ef9fabb145ee7fb2a1f3feebe51f/screenshot - {}
RESULT: {"using":"xpath","value":"//td[@aria-colindex=\"1\"]/div/div[contains(@class, \"sapMCbBg\")]"}
COMMAND: POST /session/0157ef9fabb145ee7fb2a1f3feebe51f/element/f.2D1A903BB9B117B2180C998CF94CF722.d.26242B1142895693158BF7B1006E163A.e.25584/click - {}
RESULT: {}
RESULT: {}
COMMAND: GET /session/0157ef9fabb145ee7fb2a1f3feebe51f/screenshot - {}
RESULT: {}
COMMAND: POST /session/0157ef9fabb145ee7fb2a1f3feebe51f/element - {"using":"xpath","value":"//bdi[contains(text(), \"Check\")]"}
RESULT: {"using":"xpath","value":"//bdi[contains(text(), \"Check\")]"}
COMMAND: POST /session/0157ef9fabb145ee7fb2a1f3feebe51f/element/f.2D1A903BB9B117B2180C998CF94CF722.d.26242B1142895693158BF7B1006E163A.e.25592/click - {}
RESULT: {}
COMMAND: GET /session/0157ef9fabb145ee7fb2a1f3feebe51f/screenshot - {}
RESULT: {}
COMMAND: POST /session/0157ef9fabb145ee7fb2a1f3feebe51f/element - {"using":"xpath","value":"//bdi[contains(text(), \"OK\")]"}
RESULT: {"using":"xpath","value":"//bdi[contains(text(), \"OK\")]"}
COMMAND: POST /session/0157ef9fabb145ee7fb2a1f3feebe51f/element/f.2D1A903BB9B117B2180C998CF94CF722.d.26242B1142895693158BF7B1006E163A.e.25595/click - {}
RESULT: {}
COMMAND: GET /session/0157ef9fabb145ee7fb2a1f3feebe51f/screenshot - {}
RESULT: {}
COMMAND: POST /session/0157ef9fabb145ee7fb2a1f3feebe51f/element - {"using":"xpath","value":"(//span[contains(text(), \"CO/SD checked\")]/parent::div/preceding-sibling::div/span)[1]"}
RESULT: {"using":"xpath","value":"(//span[contains(text(), \"CO/SD checked\")]/parent::div/preceding-sibling::div/span)[1]"}
COMMAND: POST /session/0157ef9fabb145ee7fb2a1f3feebe51f/element/f.2D1A903BB9B117B2180C998CF94CF722.d.26242B1142895693158BF7B1006E163A.e.25604/click - {}
RESULT: {}
COMMAND: GET /session/0157ef9fabb145ee7fb2a1f3feebe51f/screenshot - {}
RESULT: {}
COMMAND: POST /session/0157ef9fabb145ee7fb2a1f3feebe51f/element - {"using":"xpath","value":"//input[contains(@id ,\"application-billingtransfer-display-component---billingWorkbench--smartFilterBar-btnBasicSearch\")]"}
RESULT: {"using":"xpath","value":"//input[contains(@id ,\"application-billingtransfer-display-component---billingWorkbench--smartFilterBar-btnBasicSearch\")]"}
COMMAND: POST /session/0157ef9fabb145ee7fb2a1f3feebe51f/elements - {"using":"xpath","value":"//input[contains(@id ,\"application-billingtransfer-display-component---billingWorkbench--smartFilterBar-btnBasicSearch\")]"}
RESULT: {"using":"xpath","value":"//input[contains(@id ,\"application-billingtransfer-display-component---billingWorkbench--smartFilterBar-btnBasicSearch\")]"}
COMMAND: POST /session/0157ef9fabb145ee7fb2a1f3feebe51f/execute/sync - {"script":"<script> [8489 bytes]","args":[{"element-6066-11e4-a52e-4f735466cecf":"f.2D1A903BB9B117B2180C998CF94CF722.d.26242B1142895693158BF7B1006E163A.e.25446","ELEMENT":"f.2D1A903BB9B117B2180C998CF94CF722.d.26242B1142895693158BF7B1006E163A.e.25446"}]}
RESULT: {"script":"<script> [8489 bytes]","args":[{"element-6066-11e4-a52e-4f735466cecf":"f.2D1A903BB9B117B2180C998CF94CF722.d.26242B1142895693158BF7B1006E163A.e.25446","ELEMENT":"f.2D1A903BB9B117B2180C998CF94CF722.d.26242B1142895693158BF7B1006E163A.e.25446"}]}
COMMAND: GET /session/0157ef9fabb145ee7fb2a1f3feebe51f/element/f.2D1A903BB9B117B2180C998CF94CF722.d.26242B1142895693158BF7B1006E163A.e.25446/enabled - {}
COMMAND: GET /session/0157ef9fabb145ee7fb2a1f3feebe51f/screenshot - {}
RESULT: {}
COMMAND: POST /session/0157ef9fabb145ee7fb2a1f3feebe51f/element/f.2D1A903BB9B117B2180C998CF94CF722.d.26242B1142895693158BF7B1006E163A.e.25446/click - {}
COMMAND: GET /session/0157ef9fabb145ee7fb2a1f3feebe51f/screenshot - {}
RESULT: {}
RESULT: {}
COMMAND: GET /session/0157ef9fabb145ee7fb2a1f3feebe51f/screenshot - {}
RESULT: {}
RESULT: {}
COMMAND: POST /session/0157ef9fabb145ee7fb2a1f3feebe51f/element/f.2D1A903BB9B117B2180C998CF94CF722.d.26242B1142895693158BF7B1006E163A.e.25446/clear - {}
RESULT: {}
COMMAND: POST /session/0157ef9fabb145ee7fb2a1f3feebe51f/element/f.2D1A903BB9B117B2180C998CF94CF722.d.26242B1142895693158BF7B1006E163A.e.25446/value - {"text":"10393"}
COMMAND: GET /session/0157ef9fabb145ee7fb2a1f3feebe51f/screenshot - {}
RESULT: {"text":"10393"}
COMMAND: POST /session/0157ef9fabb145ee7fb2a1f3feebe51f/actions - {"actions":[{"id":"action91","type":"key","parameters":{},"actions":[{"type":"keyDown","value":""},{"type":"pause","duration":10},{"type":"keyUp","value":""}]}]}
COMMAND: GET /session/0157ef9fabb145ee7fb2a1f3feebe51f/screenshot - {}
RESULT: {}
RESULT: {"actions":[{"id":"action91","type":"key","parameters":{},"actions":[{"type":"keyDown","value":""},{"type":"pause","duration":10},{"type":"keyUp","value":""}]}]}
COMMAND: GET /session/0157ef9fabb145ee7fb2a1f3feebe51f/screenshot - {}
RESULT: {}
RESULT: {}
COMMAND: POST /session/0157ef9fabb145ee7fb2a1f3feebe51f/element - {"using":"xpath","value":"//span[contains(@id ,\"application-billingtransfer-display-component---billingWorkbench--smartTableBillingRuns-header-inner\")]"}
RESULT: {"using":"xpath","value":"//span[contains(@id ,\"application-billingtransfer-display-component---billingWorkbench--smartTableBillingRuns-header-inner\")]"}
COMMAND: POST /session/0157ef9fabb145ee7fb2a1f3feebe51f/elements - {"using":"xpath","value":"//span[contains(@id ,\"application-billingtransfer-display-component---billingWorkbench--smartTableBillingRuns-header-inner\")]"}
RESULT: {"using":"xpath","value":"//span[contains(@id ,\"application-billingtransfer-display-component---billingWorkbench--smartTableBillingRuns-header-inner\")]"}
COMMAND: POST /session/0157ef9fabb145ee7fb2a1f3feebe51f/execute/sync - {"script":"<script> [56 bytes]","args":[{"element-6066-11e4-a52e-4f735466cecf":"f.2D1A903BB9B117B2180C998CF94CF722.d.26242B1142895693158BF7B1006E163A.e.25591","ELEMENT":"f.2D1A903BB9B117B2180C998CF94CF722.d.26242B1142895693158BF7B1006E163A.e.25591"}]}
RESULT: {"script":"<script> [56 bytes]","args":[{"element-6066-11e4-a52e-4f735466cecf":"f.2D1A903BB9B117B2180C998CF94CF722.d.26242B1142895693158BF7B1006E163A.e.25591","ELEMENT":"f.2D1A903BB9B117B2180C998CF94CF722.d.26242B1142895693158BF7B1006E163A.e.25591"}]}
COMMAND: GET /session/0157ef9fabb145ee7fb2a1f3feebe51f/screenshot - {}
RESULT: {}
COMMAND: POST /session/0157ef9fabb145ee7fb2a1f3feebe51f/execute/sync - {"script":"<script> [56 bytes]","args":[{"element-6066-11e4-a52e-4f735466cecf":"f.2D1A903BB9B117B2180C998CF94CF722.d.26242B1142895693158BF7B1006E163A.e.25591","ELEMENT":"f.2D1A903BB9B117B2180C998CF94CF722.d.26242B1142895693158BF7B1006E163A.e.25591"}]}
RESULT: {"script":"<script> [56 bytes]","args":[{"element-6066-11e4-a52e-4f735466cecf":"f.2D1A903BB9B117B2180C998CF94CF722.d.26242B1142895693158BF7B1006E163A.e.25591","ELEMENT":"f.2D1A903BB9B117B2180C998CF94CF722.d.26242B1142895693158BF7B1006E163A.e.25591"}]}
COMMAND: GET /session/0157ef9fabb145ee7fb2a1f3feebe51f/screenshot - {}
RESULT: {}
COMMAND: POST /session/0157ef9fabb145ee7fb2a1f3feebe51f/execute/sync - {"script":"<script> [56 bytes]","args":[{"element-6066-11e4-a52e-4f735466cecf":"f.2D1A903BB9B117B2180C998CF94CF722.d.26242B1142895693158BF7B1006E163A.e.25591","ELEMENT":"f.2D1A903BB9B117B2180C998CF94CF722.d.26242B1142895693158BF7B1006E163A.e.25591"}]}
RESULT: {"script":"<script> [56 bytes]","args":[{"element-6066-11e4-a52e-4f735466cecf":"f.2D1A903BB9B117B2180C998CF94CF722.d.26242B1142895693158BF7B1006E163A.e.25591","ELEMENT":"f.2D1A903BB9B117B2180C998CF94CF722.d.26242B1142895693158BF7B1006E163A.e.25591"}]}
COMMAND: GET /session/0157ef9fabb145ee7fb2a1f3feebe51f/screenshot - {}
RESULT: {}
COMMAND: POST /session/0157ef9fabb145ee7fb2a1f3feebe51f/execute/sync - {"script":"<script> [56 bytes]","args":[{"element-6066-11e4-a52e-4f735466cecf":"f.2D1A903BB9B117B2180C998CF94CF722.d.26242B1142895693158BF7B1006E163A.e.25591","ELEMENT":"f.2D1A903BB9B117B2180C998CF94CF722.d.26242B1142895693158BF7B1006E163A.e.25591"}]}
RESULT: {"script":"<script> [56 bytes]","args":[{"element-6066-11e4-a52e-4f735466cecf":"f.2D1A903BB9B117B2180C998CF94CF722.d.26242B1142895693158BF7B1006E163A.e.25591","ELEMENT":"f.2D1A903BB9B117B2180C998CF94CF722.d.26242B1142895693158BF7B1006E163A.e.25591"}]}
COMMAND: GET /session/0157ef9fabb145ee7fb2a1f3feebe51f/screenshot - {}
RESULT: {}
COMMAND: POST /session/0157ef9fabb145ee7fb2a1f3feebe51f/execute/sync - {"script":"<script> [56 bytes]","args":[{"element-6066-11e4-a52e-4f735466cecf":"f.2D1A903BB9B117B2180C998CF94CF722.d.26242B1142895693158BF7B1006E163A.e.25591","ELEMENT":"f.2D1A903BB9B117B2180C998CF94CF722.d.26242B1142895693158BF7B1006E163A.e.25591"}]}
RESULT: {"script":"<script> [56 bytes]","args":[{"element-6066-11e4-a52e-4f735466cecf":"f.2D1A903BB9B117B2180C998CF94CF722.d.26242B1142895693158BF7B1006E163A.e.25591","ELEMENT":"f.2D1A903BB9B117B2180C998CF94CF722.d.26242B1142895693158BF7B1006E163A.e.25591"}]}
COMMAND: GET /session/0157ef9fabb145ee7fb2a1f3feebe51f/screenshot - {}
RESULT: {}
COMMAND: POST /session/0157ef9fabb145ee7fb2a1f3feebe51f/execute/sync - {"script":"<script> [56 bytes]","args":[{"element-6066-11e4-a52e-4f735466cecf":"f.2D1A903BB9B117B2180C998CF94CF722.d.26242B1142895693158BF7B1006E163A.e.25591","ELEMENT":"f.2D1A903BB9B117B2180C998CF94CF722.d.26242B1142895693158BF7B1006E163A.e.25591"}]}
RESULT: {"script":"<script> [56 bytes]","args":[{"element-6066-11e4-a52e-4f735466cecf":"f.2D1A903BB9B117B2180C998CF94CF722.d.26242B1142895693158BF7B1006E163A.e.25591","ELEMENT":"f.2D1A903BB9B117B2180C998CF94CF722.d.26242B1142895693158BF7B1006E163A.e.25591"}]}
COMMAND: GET /session/0157ef9fabb145ee7fb2a1f3feebe51f/screenshot - {}
RESULT: {}
COMMAND: POST /session/0157ef9fabb145ee7fb2a1f3feebe51f/execute/sync - {"script":"<script> [56 bytes]","args":[{"element-6066-11e4-a52e-4f735466cecf":"f.2D1A903BB9B117B2180C998CF94CF722.d.26242B1142895693158BF7B1006E163A.e.25591","ELEMENT":"f.2D1A903BB9B117B2180C998CF94CF722.d.26242B1142895693158BF7B1006E163A.e.25591"}]}
RESULT: {"script":"<script> [56 bytes]","args":[{"element-6066-11e4-a52e-4f735466cecf":"f.2D1A903BB9B117B2180C998CF94CF722.d.26242B1142895693158BF7B1006E163A.e.25591","ELEMENT":"f.2D1A903BB9B117B2180C998CF94CF722.d.26242B1142895693158BF7B1006E163A.e.25591"}]}
COMMAND: GET /session/0157ef9fabb145ee7fb2a1f3feebe51f/screenshot - {}
RESULT: {}
COMMAND: POST /session/0157ef9fabb145ee7fb2a1f3feebe51f/execute/sync - {"script":"<script> [56 bytes]","args":[{"element-6066-11e4-a52e-4f735466cecf":"f.2D1A903BB9B117B2180C998CF94CF722.d.26242B1142895693158BF7B1006E163A.e.25591","ELEMENT":"f.2D1A903BB9B117B2180C998CF94CF722.d.26242B1142895693158BF7B1006E163A.e.25591"}]}
RESULT: {"script":"<script> [56 bytes]","args":[{"element-6066-11e4-a52e-4f735466cecf":"f.2D1A903BB9B117B2180C998CF94CF722.d.26242B1142895693158BF7B1006E163A.e.25591","ELEMENT":"f.2D1A903BB9B117B2180C998CF94CF722.d.26242B1142895693158BF7B1006E163A.e.25591"}]}
COMMAND: GET /session/0157ef9fabb145ee7fb2a1f3feebe51f/screenshot - {}
RESULT: {}
COMMAND: POST /session/0157ef9fabb145ee7fb2a1f3feebe51f/execute/sync - {"script":"<script> [56 bytes]","args":[{"element-6066-11e4-a52e-4f735466cecf":"f.2D1A903BB9B117B2180C998CF94CF722.d.26242B1142895693158BF7B1006E163A.e.25591","ELEMENT":"f.2D1A903BB9B117B2180C998CF94CF722.d.26242B1142895693158BF7B1006E163A.e.25591"}]}
RESULT: {"script":"<script> [56 bytes]","args":[{"element-6066-11e4-a52e-4f735466cecf":"f.2D1A903BB9B117B2180C998CF94CF722.d.26242B1142895693158BF7B1006E163A.e.25591","ELEMENT":"f.2D1A903BB9B117B2180C998CF94CF722.d.26242B1142895693158BF7B1006E163A.e.25591"}]}
COMMAND: GET /session/0157ef9fabb145ee7fb2a1f3feebe51f/screenshot - {}
RESULT: {}
COMMAND: POST /session/0157ef9fabb145ee7fb2a1f3feebe51f/execute/sync - {"script":"<script> [56 bytes]","args":[{"element-6066-11e4-a52e-4f735466cecf":"f.2D1A903BB9B117B2180C998CF94CF722.d.26242B1142895693158BF7B1006E163A.e.25591","ELEMENT":"f.2D1A903BB9B117B2180C998CF94CF722.d.26242B1142895693158BF7B1006E163A.e.25591"}]}
RESULT: {"script":"<script> [56 bytes]","args":[{"element-6066-11e4-a52e-4f735466cecf":"f.2D1A903BB9B117B2180C998CF94CF722.d.26242B1142895693158BF7B1006E163A.e.25591","ELEMENT":"f.2D1A903BB9B117B2180C998CF94CF722.d.26242B1142895693158BF7B1006E163A.e.25591"}]}
COMMAND: GET /session/0157ef9fabb145ee7fb2a1f3feebe51f/screenshot - {}
RESULT: {}
COMMAND: POST /session/0157ef9fabb145ee7fb2a1f3feebe51f/execute/sync - {"script":"<script> [56 bytes]","args":[{"element-6066-11e4-a52e-4f735466cecf":"f.2D1A903BB9B117B2180C998CF94CF722.d.26242B1142895693158BF7B1006E163A.e.25591","ELEMENT":"f.2D1A903BB9B117B2180C998CF94CF722.d.26242B1142895693158BF7B1006E163A.e.25591"}]}
RESULT: {"script":"<script> [56 bytes]","args":[{"element-6066-11e4-a52e-4f735466cecf":"f.2D1A903BB9B117B2180C998CF94CF722.d.26242B1142895693158BF7B1006E163A.e.25591","ELEMENT":"f.2D1A903BB9B117B2180C998CF94CF722.d.26242B1142895693158BF7B1006E163A.e.25591"}]}
COMMAND: GET /session/0157ef9fabb145ee7fb2a1f3feebe51f/screenshot - {}
RESULT: {}
COMMAND: POST /session/0157ef9fabb145ee7fb2a1f3feebe51f/execute/sync - {"script":"<script> [56 bytes]","args":[{"element-6066-11e4-a52e-4f735466cecf":"f.2D1A903BB9B117B2180C998CF94CF722.d.26242B1142895693158BF7B1006E163A.e.25591","ELEMENT":"f.2D1A903BB9B117B2180C998CF94CF722.d.26242B1142895693158BF7B1006E163A.e.25591"}]}
RESULT: {"script":"<script> [56 bytes]","args":[{"element-6066-11e4-a52e-4f735466cecf":"f.2D1A903BB9B117B2180C998CF94CF722.d.26242B1142895693158BF7B1006E163A.e.25591","ELEMENT":"f.2D1A903BB9B117B2180C998CF94CF722.d.26242B1142895693158BF7B1006E163A.e.25591"}]}
COMMAND: GET /session/0157ef9fabb145ee7fb2a1f3feebe51f/screenshot - {}
RESULT: {}
COMMAND: POST /session/0157ef9fabb145ee7fb2a1f3feebe51f/execute/sync - {"script":"<script> [56 bytes]","args":[{"element-6066-11e4-a52e-4f735466cecf":"f.2D1A903BB9B117B2180C998CF94CF722.d.26242B1142895693158BF7B1006E163A.e.25591","ELEMENT":"f.2D1A903BB9B117B2180C998CF94CF722.d.26242B1142895693158BF7B1006E163A.e.25591"}]}
RESULT: {"script":"<script> [56 bytes]","args":[{"element-6066-11e4-a52e-4f735466cecf":"f.2D1A903BB9B117B2180C998CF94CF722.d.26242B1142895693158BF7B1006E163A.e.25591","ELEMENT":"f.2D1A903BB9B117B2180C998CF94CF722.d.26242B1142895693158BF7B1006E163A.e.25591"}]}
COMMAND: POST /session/0157ef9fabb145ee7fb2a1f3feebe51f/element - {"using":"xpath","value":"//td[@aria-colindex=\"1\"]/div/div[contains(@class, \"sapMCbBg\")]"}
COMMAND: GET /session/0157ef9fabb145ee7fb2a1f3feebe51f/screenshot - {}
RESULT: {"using":"xpath","value":"//td[@aria-colindex=\"1\"]/div/div[contains(@class, \"sapMCbBg\")]"}
COMMAND: POST /session/0157ef9fabb145ee7fb2a1f3feebe51f/element/f.2D1A903BB9B117B2180C998CF94CF722.d.26242B1142895693158BF7B1006E163A.e.25607/click - {}
RESULT: {}
RESULT: {}
COMMAND: GET /session/0157ef9fabb145ee7fb2a1f3feebe51f/screenshot - {}
RESULT: {}
COMMAND: POST /session/0157ef9fabb145ee7fb2a1f3feebe51f/element - {"using":"xpath","value":"//bdi[text()=\"Transfer\"]"}
RESULT: {"using":"xpath","value":"//bdi[text()=\"Transfer\"]"}
COMMAND: POST /session/0157ef9fabb145ee7fb2a1f3feebe51f/element/f.2D1A903BB9B117B2180C998CF94CF722.d.26242B1142895693158BF7B1006E163A.e.25608/click - {}
RESULT: {}
COMMAND: GET /session/0157ef9fabb145ee7fb2a1f3feebe51f/screenshot - {}
RESULT: {}
COMMAND: POST /session/0157ef9fabb145ee7fb2a1f3feebe51f/element - {"using":"xpath","value":"//bdi[contains(text(), \"OK\")]"}
RESULT: {"using":"xpath","value":"//bdi[contains(text(), \"OK\")]"}
COMMAND: POST /session/0157ef9fabb145ee7fb2a1f3feebe51f/element/f.2D1A903BB9B117B2180C998CF94CF722.d.26242B1142895693158BF7B1006E163A.e.25611/click - {}
RESULT: {}
COMMAND: GET /session/0157ef9fabb145ee7fb2a1f3feebe51f/screenshot - {}
RESULT: {}
COMMAND: POST /session/0157ef9fabb145ee7fb2a1f3feebe51f/element - {"using":"xpath","value":"(//span[contains(text(), \"Completed\")]/parent::div/preceding-sibling::div/span)[1]"}
RESULT: {"using":"xpath","value":"(//span[contains(text(), \"Completed\")]/parent::div/preceding-sibling::div/span)[1]"}
COMMAND: POST /session/0157ef9fabb145ee7fb2a1f3feebe51f/element/f.2D1A903BB9B117B2180C998CF94CF722.d.26242B1142895693158BF7B1006E163A.e.25620/click - {}
RESULT: {}
COMMAND: POST /session/0157ef9fabb145ee7fb2a1f3feebe51f/element - {"using":"xpath","value":"//input[contains(@id ,\"application-billingtransfer-display-component---billingWorkbench--smartFilterBar-btnBasicSearch\")]"}
COMMAND: GET /session/0157ef9fabb145ee7fb2a1f3feebe51f/screenshot - {}
RESULT: {"using":"xpath","value":"//input[contains(@id ,\"application-billingtransfer-display-component---billingWorkbench--smartFilterBar-btnBasicSearch\")]"}
COMMAND: POST /session/0157ef9fabb145ee7fb2a1f3feebe51f/elements - {"using":"xpath","value":"//input[contains(@id ,\"application-billingtransfer-display-component---billingWorkbench--smartFilterBar-btnBasicSearch\")]"}
RESULT: {}
RESULT: {"using":"xpath","value":"//input[contains(@id ,\"application-billingtransfer-display-component---billingWorkbench--smartFilterBar-btnBasicSearch\")]"}
COMMAND: POST /session/0157ef9fabb145ee7fb2a1f3feebe51f/execute/sync - {"script":"<script> [8489 bytes]","args":[{"element-6066-11e4-a52e-4f735466cecf":"f.2D1A903BB9B117B2180C998CF94CF722.d.26242B1142895693158BF7B1006E163A.e.25446","ELEMENT":"f.2D1A903BB9B117B2180C998CF94CF722.d.26242B1142895693158BF7B1006E163A.e.25446"}]}
RESULT: {"script":"<script> [8489 bytes]","args":[{"element-6066-11e4-a52e-4f735466cecf":"f.2D1A903BB9B117B2180C998CF94CF722.d.26242B1142895693158BF7B1006E163A.e.25446","ELEMENT":"f.2D1A903BB9B117B2180C998CF94CF722.d.26242B1142895693158BF7B1006E163A.e.25446"}]}
COMMAND: GET /session/0157ef9fabb145ee7fb2a1f3feebe51f/element/f.2D1A903BB9B117B2180C998CF94CF722.d.26242B1142895693158BF7B1006E163A.e.25446/enabled - {}
COMMAND: GET /session/0157ef9fabb145ee7fb2a1f3feebe51f/screenshot - {}
RESULT: {}
COMMAND: POST /session/0157ef9fabb145ee7fb2a1f3feebe51f/element/f.2D1A903BB9B117B2180C998CF94CF722.d.26242B1142895693158BF7B1006E163A.e.25446/click - {}
COMMAND: GET /session/0157ef9fabb145ee7fb2a1f3feebe51f/screenshot - {}
RESULT: {}
RESULT: {}
COMMAND: GET /session/0157ef9fabb145ee7fb2a1f3feebe51f/screenshot - {}
RESULT: {}
RESULT: {}
COMMAND: POST /session/0157ef9fabb145ee7fb2a1f3feebe51f/element/f.2D1A903BB9B117B2180C998CF94CF722.d.26242B1142895693158BF7B1006E163A.e.25446/clear - {}
RESULT: {}
COMMAND: POST /session/0157ef9fabb145ee7fb2a1f3feebe51f/element/f.2D1A903BB9B117B2180C998CF94CF722.d.26242B1142895693158BF7B1006E163A.e.25446/value - {"text":"10393"}
COMMAND: GET /session/0157ef9fabb145ee7fb2a1f3feebe51f/screenshot - {}
RESULT: {"text":"10393"}
COMMAND: POST /session/0157ef9fabb145ee7fb2a1f3feebe51f/actions - {"actions":[{"id":"action92","type":"key","parameters":{},"actions":[{"type":"keyDown","value":""},{"type":"pause","duration":10},{"type":"keyUp","value":""}]}]}
COMMAND: GET /session/0157ef9fabb145ee7fb2a1f3feebe51f/screenshot - {}
RESULT: {}
RESULT: {"actions":[{"id":"action92","type":"key","parameters":{},"actions":[{"type":"keyDown","value":""},{"type":"pause","duration":10},{"type":"keyUp","value":""}]}]}
COMMAND: GET /session/0157ef9fabb145ee7fb2a1f3feebe51f/screenshot - {}
RESULT: {}
RESULT: {}
COMMAND: POST /session/0157ef9fabb145ee7fb2a1f3feebe51f/element - {"using":"xpath","value":"//span[contains(@id ,\"application-billingtransfer-display-component---billingWorkbench--smartTableBillingRuns-header-inner\")]"}
RESULT: {"using":"xpath","value":"//span[contains(@id ,\"application-billingtransfer-display-component---billingWorkbench--smartTableBillingRuns-header-inner\")]"}
COMMAND: POST /session/0157ef9fabb145ee7fb2a1f3feebe51f/elements - {"using":"xpath","value":"//span[contains(@id ,\"application-billingtransfer-display-component---billingWorkbench--smartTableBillingRuns-header-inner\")]"}
RESULT: {"using":"xpath","value":"//span[contains(@id ,\"application-billingtransfer-display-component---billingWorkbench--smartTableBillingRuns-header-inner\")]"}
COMMAND: POST /session/0157ef9fabb145ee7fb2a1f3feebe51f/execute/sync - {"script":"<script> [56 bytes]","args":[{"element-6066-11e4-a52e-4f735466cecf":"f.2D1A903BB9B117B2180C998CF94CF722.d.26242B1142895693158BF7B1006E163A.e.25591","ELEMENT":"f.2D1A903BB9B117B2180C998CF94CF722.d.26242B1142895693158BF7B1006E163A.e.25591"}]}
RESULT: {"script":"<script> [56 bytes]","args":[{"element-6066-11e4-a52e-4f735466cecf":"f.2D1A903BB9B117B2180C998CF94CF722.d.26242B1142895693158BF7B1006E163A.e.25591","ELEMENT":"f.2D1A903BB9B117B2180C998CF94CF722.d.26242B1142895693158BF7B1006E163A.e.25591"}]}
COMMAND: GET /session/0157ef9fabb145ee7fb2a1f3feebe51f/screenshot - {}
RESULT: {}
COMMAND: POST /session/0157ef9fabb145ee7fb2a1f3feebe51f/execute/sync - {"script":"<script> [56 bytes]","args":[{"element-6066-11e4-a52e-4f735466cecf":"f.2D1A903BB9B117B2180C998CF94CF722.d.26242B1142895693158BF7B1006E163A.e.25591","ELEMENT":"f.2D1A903BB9B117B2180C998CF94CF722.d.26242B1142895693158BF7B1006E163A.e.25591"}]}
RESULT: {"script":"<script> [56 bytes]","args":[{"element-6066-11e4-a52e-4f735466cecf":"f.2D1A903BB9B117B2180C998CF94CF722.d.26242B1142895693158BF7B1006E163A.e.25591","ELEMENT":"f.2D1A903BB9B117B2180C998CF94CF722.d.26242B1142895693158BF7B1006E163A.e.25591"}]}
COMMAND: GET /session/0157ef9fabb145ee7fb2a1f3feebe51f/screenshot - {}
RESULT: {}
COMMAND: POST /session/0157ef9fabb145ee7fb2a1f3feebe51f/execute/sync - {"script":"<script> [56 bytes]","args":[{"element-6066-11e4-a52e-4f735466cecf":"f.2D1A903BB9B117B2180C998CF94CF722.d.26242B1142895693158BF7B1006E163A.e.25591","ELEMENT":"f.2D1A903BB9B117B2180C998CF94CF722.d.26242B1142895693158BF7B1006E163A.e.25591"}]}
RESULT: {"script":"<script> [56 bytes]","args":[{"element-6066-11e4-a52e-4f735466cecf":"f.2D1A903BB9B117B2180C998CF94CF722.d.26242B1142895693158BF7B1006E163A.e.25591","ELEMENT":"f.2D1A903BB9B117B2180C998CF94CF722.d.26242B1142895693158BF7B1006E163A.e.25591"}]}
COMMAND: GET /session/0157ef9fabb145ee7fb2a1f3feebe51f/screenshot - {}
RESULT: {}
COMMAND: POST /session/0157ef9fabb145ee7fb2a1f3feebe51f/execute/sync - {"script":"<script> [56 bytes]","args":[{"element-6066-11e4-a52e-4f735466cecf":"f.2D1A903BB9B117B2180C998CF94CF722.d.26242B1142895693158BF7B1006E163A.e.25591","ELEMENT":"f.2D1A903BB9B117B2180C998CF94CF722.d.26242B1142895693158BF7B1006E163A.e.25591"}]}
RESULT: {"script":"<script> [56 bytes]","args":[{"element-6066-11e4-a52e-4f735466cecf":"f.2D1A903BB9B117B2180C998CF94CF722.d.26242B1142895693158BF7B1006E163A.e.25591","ELEMENT":"f.2D1A903BB9B117B2180C998CF94CF722.d.26242B1142895693158BF7B1006E163A.e.25591"}]}
COMMAND: GET /session/0157ef9fabb145ee7fb2a1f3feebe51f/screenshot - {}
RESULT: {}
COMMAND: POST /session/0157ef9fabb145ee7fb2a1f3feebe51f/execute/sync - {"script":"<script> [56 bytes]","args":[{"element-6066-11e4-a52e-4f735466cecf":"f.2D1A903BB9B117B2180C998CF94CF722.d.26242B1142895693158BF7B1006E163A.e.25591","ELEMENT":"f.2D1A903BB9B117B2180C998CF94CF722.d.26242B1142895693158BF7B1006E163A.e.25591"}]}
RESULT: {"script":"<script> [56 bytes]","args":[{"element-6066-11e4-a52e-4f735466cecf":"f.2D1A903BB9B117B2180C998CF94CF722.d.26242B1142895693158BF7B1006E163A.e.25591","ELEMENT":"f.2D1A903BB9B117B2180C998CF94CF722.d.26242B1142895693158BF7B1006E163A.e.25591"}]}
COMMAND: GET /session/0157ef9fabb145ee7fb2a1f3feebe51f/screenshot - {}
RESULT: {}
COMMAND: POST /session/0157ef9fabb145ee7fb2a1f3feebe51f/execute/sync - {"script":"<script> [56 bytes]","args":[{"element-6066-11e4-a52e-4f735466cecf":"f.2D1A903BB9B117B2180C998CF94CF722.d.26242B1142895693158BF7B1006E163A.e.25591","ELEMENT":"f.2D1A903BB9B117B2180C998CF94CF722.d.26242B1142895693158BF7B1006E163A.e.25591"}]}
RESULT: {"script":"<script> [56 bytes]","args":[{"element-6066-11e4-a52e-4f735466cecf":"f.2D1A903BB9B117B2180C998CF94CF722.d.26242B1142895693158BF7B1006E163A.e.25591","ELEMENT":"f.2D1A903BB9B117B2180C998CF94CF722.d.26242B1142895693158BF7B1006E163A.e.25591"}]}
COMMAND: GET /session/0157ef9fabb145ee7fb2a1f3feebe51f/screenshot - {}
RESULT: {}
COMMAND: POST /session/0157ef9fabb145ee7fb2a1f3feebe51f/execute/sync - {"script":"<script> [56 bytes]","args":[{"element-6066-11e4-a52e-4f735466cecf":"f.2D1A903BB9B117B2180C998CF94CF722.d.26242B1142895693158BF7B1006E163A.e.25591","ELEMENT":"f.2D1A903BB9B117B2180C998CF94CF722.d.26242B1142895693158BF7B1006E163A.e.25591"}]}
RESULT: {"script":"<script> [56 bytes]","args":[{"element-6066-11e4-a52e-4f735466cecf":"f.2D1A903BB9B117B2180C998CF94CF722.d.26242B1142895693158BF7B1006E163A.e.25591","ELEMENT":"f.2D1A903BB9B117B2180C998CF94CF722.d.26242B1142895693158BF7B1006E163A.e.25591"}]}
COMMAND: GET /session/0157ef9fabb145ee7fb2a1f3feebe51f/screenshot - {}
RESULT: {}
COMMAND: POST /session/0157ef9fabb145ee7fb2a1f3feebe51f/execute/sync - {"script":"<script> [56 bytes]","args":[{"element-6066-11e4-a52e-4f735466cecf":"f.2D1A903BB9B117B2180C998CF94CF722.d.26242B1142895693158BF7B1006E163A.e.25591","ELEMENT":"f.2D1A903BB9B117B2180C998CF94CF722.d.26242B1142895693158BF7B1006E163A.e.25591"}]}
RESULT: {"script":"<script> [56 bytes]","args":[{"element-6066-11e4-a52e-4f735466cecf":"f.2D1A903BB9B117B2180C998CF94CF722.d.26242B1142895693158BF7B1006E163A.e.25591","ELEMENT":"f.2D1A903BB9B117B2180C998CF94CF722.d.26242B1142895693158BF7B1006E163A.e.25591"}]}
COMMAND: GET /session/0157ef9fabb145ee7fb2a1f3feebe51f/screenshot - {}
RESULT: {}
COMMAND: POST /session/0157ef9fabb145ee7fb2a1f3feebe51f/execute/sync - {"script":"<script> [56 bytes]","args":[{"element-6066-11e4-a52e-4f735466cecf":"f.2D1A903BB9B117B2180C998CF94CF722.d.26242B1142895693158BF7B1006E163A.e.25591","ELEMENT":"f.2D1A903BB9B117B2180C998CF94CF722.d.26242B1142895693158BF7B1006E163A.e.25591"}]}
RESULT: {"script":"<script> [56 bytes]","args":[{"element-6066-11e4-a52e-4f735466cecf":"f.2D1A903BB9B117B2180C998CF94CF722.d.26242B1142895693158BF7B1006E163A.e.25591","ELEMENT":"f.2D1A903BB9B117B2180C998CF94CF722.d.26242B1142895693158BF7B1006E163A.e.25591"}]}
COMMAND: GET /session/0157ef9fabb145ee7fb2a1f3feebe51f/screenshot - {}
RESULT: {}
COMMAND: POST /session/0157ef9fabb145ee7fb2a1f3feebe51f/execute/sync - {"script":"<script> [56 bytes]","args":[{"element-6066-11e4-a52e-4f735466cecf":"f.2D1A903BB9B117B2180C998CF94CF722.d.26242B1142895693158BF7B1006E163A.e.25591","ELEMENT":"f.2D1A903BB9B117B2180C998CF94CF722.d.26242B1142895693158BF7B1006E163A.e.25591"}]}
RESULT: {"script":"<script> [56 bytes]","args":[{"element-6066-11e4-a52e-4f735466cecf":"f.2D1A903BB9B117B2180C998CF94CF722.d.26242B1142895693158BF7B1006E163A.e.25591","ELEMENT":"f.2D1A903BB9B117B2180C998CF94CF722.d.26242B1142895693158BF7B1006E163A.e.25591"}]}
COMMAND: GET /session/0157ef9fabb145ee7fb2a1f3feebe51f/screenshot - {}
RESULT: {}
COMMAND: POST /session/0157ef9fabb145ee7fb2a1f3feebe51f/execute/sync - {"script":"<script> [56 bytes]","args":[{"element-6066-11e4-a52e-4f735466cecf":"f.2D1A903BB9B117B2180C998CF94CF722.d.26242B1142895693158BF7B1006E163A.e.25591","ELEMENT":"f.2D1A903BB9B117B2180C998CF94CF722.d.26242B1142895693158BF7B1006E163A.e.25591"}]}
RESULT: {"script":"<script> [56 bytes]","args":[{"element-6066-11e4-a52e-4f735466cecf":"f.2D1A903BB9B117B2180C998CF94CF722.d.26242B1142895693158BF7B1006E163A.e.25591","ELEMENT":"f.2D1A903BB9B117B2180C998CF94CF722.d.26242B1142895693158BF7B1006E163A.e.25591"}]}
COMMAND: GET /session/0157ef9fabb145ee7fb2a1f3feebe51f/screenshot - {}
RESULT: {}
COMMAND: POST /session/0157ef9fabb145ee7fb2a1f3feebe51f/execute/sync - {"script":"<script> [56 bytes]","args":[{"element-6066-11e4-a52e-4f735466cecf":"f.2D1A903BB9B117B2180C998CF94CF722.d.26242B1142895693158BF7B1006E163A.e.25591","ELEMENT":"f.2D1A903BB9B117B2180C998CF94CF722.d.26242B1142895693158BF7B1006E163A.e.25591"}]}
RESULT: {"script":"<script> [56 bytes]","args":[{"element-6066-11e4-a52e-4f735466cecf":"f.2D1A903BB9B117B2180C998CF94CF722.d.26242B1142895693158BF7B1006E163A.e.25591","ELEMENT":"f.2D1A903BB9B117B2180C998CF94CF722.d.26242B1142895693158BF7B1006E163A.e.25591"}]}
COMMAND: GET /session/0157ef9fabb145ee7fb2a1f3feebe51f/screenshot - {}
RESULT: {}
COMMAND: POST /session/0157ef9fabb145ee7fb2a1f3feebe51f/execute/sync - {"script":"<script> [56 bytes]","args":[{"element-6066-11e4-a52e-4f735466cecf":"f.2D1A903BB9B117B2180C998CF94CF722.d.26242B1142895693158BF7B1006E163A.e.25591","ELEMENT":"f.2D1A903BB9B117B2180C998CF94CF722.d.26242B1142895693158BF7B1006E163A.e.25591"}]}
RESULT: {"script":"<script> [56 bytes]","args":[{"element-6066-11e4-a52e-4f735466cecf":"f.2D1A903BB9B117B2180C998CF94CF722.d.26242B1142895693158BF7B1006E163A.e.25591","ELEMENT":"f.2D1A903BB9B117B2180C998CF94CF722.d.26242B1142895693158BF7B1006E163A.e.25591"}]}
COMMAND: GET /session/0157ef9fabb145ee7fb2a1f3feebe51f/screenshot - {}
RESULT: {}
COMMAND: POST /session/0157ef9fabb145ee7fb2a1f3feebe51f/execute/sync - {"script":"<script> [56 bytes]","args":[{"element-6066-11e4-a52e-4f735466cecf":"f.2D1A903BB9B117B2180C998CF94CF722.d.26242B1142895693158BF7B1006E163A.e.25591","ELEMENT":"f.2D1A903BB9B117B2180C998CF94CF722.d.26242B1142895693158BF7B1006E163A.e.25591"}]}
RESULT: {"script":"<script> [56 bytes]","args":[{"element-6066-11e4-a52e-4f735466cecf":"f.2D1A903BB9B117B2180C998CF94CF722.d.26242B1142895693158BF7B1006E163A.e.25591","ELEMENT":"f.2D1A903BB9B117B2180C998CF94CF722.d.26242B1142895693158BF7B1006E163A.e.25591"}]}
COMMAND: GET /session/0157ef9fabb145ee7fb2a1f3feebe51f/screenshot - {}
RESULT: {}
COMMAND: POST /session/0157ef9fabb145ee7fb2a1f3feebe51f/execute/sync - {"script":"<script> [56 bytes]","args":[{"element-6066-11e4-a52e-4f735466cecf":"f.2D1A903BB9B117B2180C998CF94CF722.d.26242B1142895693158BF7B1006E163A.e.25591","ELEMENT":"f.2D1A903BB9B117B2180C998CF94CF722.d.26242B1142895693158BF7B1006E163A.e.25591"}]}
RESULT: {"script":"<script> [56 bytes]","args":[{"element-6066-11e4-a52e-4f735466cecf":"f.2D1A903BB9B117B2180C998CF94CF722.d.26242B1142895693158BF7B1006E163A.e.25591","ELEMENT":"f.2D1A903BB9B117B2180C998CF94CF722.d.26242B1142895693158BF7B1006E163A.e.25591"}]}
COMMAND: GET /session/0157ef9fabb145ee7fb2a1f3feebe51f/screenshot - {}
RESULT: {}
COMMAND: POST /session/0157ef9fabb145ee7fb2a1f3feebe51f/execute/sync - {"script":"<script> [56 bytes]","args":[{"element-6066-11e4-a52e-4f735466cecf":"f.2D1A903BB9B117B2180C998CF94CF722.d.26242B1142895693158BF7B1006E163A.e.25591","ELEMENT":"f.2D1A903BB9B117B2180C998CF94CF722.d.26242B1142895693158BF7B1006E163A.e.25591"}]}
RESULT: {"script":"<script> [56 bytes]","args":[{"element-6066-11e4-a52e-4f735466cecf":"f.2D1A903BB9B117B2180C998CF94CF722.d.26242B1142895693158BF7B1006E163A.e.25591","ELEMENT":"f.2D1A903BB9B117B2180C998CF94CF722.d.26242B1142895693158BF7B1006E163A.e.25591"}]}
COMMAND: GET /session/0157ef9fabb145ee7fb2a1f3feebe51f/screenshot - {}
COMMAND: POST /session/0157ef9fabb145ee7fb2a1f3feebe51f/execute/sync - {"script":"<script> [56 bytes]","args":[{"element-6066-11e4-a52e-4f735466cecf":"f.2D1A903BB9B117B2180C998CF94CF722.d.26242B1142895693158BF7B1006E163A.e.25591","ELEMENT":"f.2D1A903BB9B117B2180C998CF94CF722.d.26242B1142895693158BF7B1006E163A.e.25591"}]}
RESULT: {}
RESULT: {"script":"<script> [56 bytes]","args":[{"element-6066-11e4-a52e-4f735466cecf":"f.2D1A903BB9B117B2180C998CF94CF722.d.26242B1142895693158BF7B1006E163A.e.25591","ELEMENT":"f.2D1A903BB9B117B2180C998CF94CF722.d.26242B1142895693158BF7B1006E163A.e.25591"}]}
COMMAND: GET /session/0157ef9fabb145ee7fb2a1f3feebe51f/screenshot - {}
COMMAND: POST /session/0157ef9fabb145ee7fb2a1f3feebe51f/execute/sync - {"script":"<script> [56 bytes]","args":[{"element-6066-11e4-a52e-4f735466cecf":"f.2D1A903BB9B117B2180C998CF94CF722.d.26242B1142895693158BF7B1006E163A.e.25591","ELEMENT":"f.2D1A903BB9B117B2180C998CF94CF722.d.26242B1142895693158BF7B1006E163A.e.25591"}]}
RESULT: {}
RESULT: {"script":"<script> [56 bytes]","args":[{"element-6066-11e4-a52e-4f735466cecf":"f.2D1A903BB9B117B2180C998CF94CF722.d.26242B1142895693158BF7B1006E163A.e.25591","ELEMENT":"f.2D1A903BB9B117B2180C998CF94CF722.d.26242B1142895693158BF7B1006E163A.e.25591"}]}
COMMAND: GET /session/0157ef9fabb145ee7fb2a1f3feebe51f/screenshot - {}
COMMAND: POST /session/0157ef9fabb145ee7fb2a1f3feebe51f/execute/sync - {"script":"<script> [56 bytes]","args":[{"element-6066-11e4-a52e-4f735466cecf":"f.2D1A903BB9B117B2180C998CF94CF722.d.26242B1142895693158BF7B1006E163A.e.25591","ELEMENT":"f.2D1A903BB9B117B2180C998CF94CF722.d.26242B1142895693158BF7B1006E163A.e.25591"}]}
RESULT: {}
RESULT: {"script":"<script> [56 bytes]","args":[{"element-6066-11e4-a52e-4f735466cecf":"f.2D1A903BB9B117B2180C998CF94CF722.d.26242B1142895693158BF7B1006E163A.e.25591","ELEMENT":"f.2D1A903BB9B117B2180C998CF94CF722.d.26242B1142895693158BF7B1006E163A.e.25591"}]}
COMMAND: GET /session/0157ef9fabb145ee7fb2a1f3feebe51f/screenshot - {}
COMMAND: POST /session/0157ef9fabb145ee7fb2a1f3feebe51f/execute/sync - {"script":"<script> [56 bytes]","args":[{"element-6066-11e4-a52e-4f735466cecf":"f.2D1A903BB9B117B2180C998CF94CF722.d.26242B1142895693158BF7B1006E163A.e.25591","ELEMENT":"f.2D1A903BB9B117B2180C998CF94CF722.d.26242B1142895693158BF7B1006E163A.e.25591"}]}
RESULT: {}
RESULT: {"script":"<script> [56 bytes]","args":[{"element-6066-11e4-a52e-4f735466cecf":"f.2D1A903BB9B117B2180C998CF94CF722.d.26242B1142895693158BF7B1006E163A.e.25591","ELEMENT":"f.2D1A903BB9B117B2180C998CF94CF722.d.26242B1142895693158BF7B1006E163A.e.25591"}]}
COMMAND: POST /session/0157ef9fabb145ee7fb2a1f3feebe51f/element - {"using":"css selector","value":"#shell-header-logo"}
COMMAND: GET /session/0157ef9fabb145ee7fb2a1f3feebe51f/screenshot - {}
RESULT: {"using":"css selector","value":"#shell-header-logo"}
COMMAND: POST /session/0157ef9fabb145ee7fb2a1f3feebe51f/element/f.2D1A903BB9B117B2180C998CF94CF722.d.26242B1142895693158BF7B1006E163A.e.25444/click - {}
RESULT: {}
RESULT: {}
COMMAND: GET /session/0157ef9fabb145ee7fb2a1f3feebe51f/screenshot - {}
RESULT: {}
]]></system-out>
    </testcase>
    <testcase classname="chrome.135_0_7049_42.windows.Billing_Calculation_-_Time_based_(considering_transport_times)_US139738" name="Should navigate to the contract item check the billed until field value" time="46.563">
      <system-out><![CDATA[
RESULT: undefined
COMMAND: POST /session/0157ef9fabb145ee7fb2a1f3feebe51f/element - {"using":"xpath","value":"//*[@id=\"__tile130-title\"]"}
RESULT: {"using":"xpath","value":"//*[@id=\"__tile130-title\"]"}
COMMAND: POST /session/0157ef9fabb145ee7fb2a1f3feebe51f/element/f.2D1A903BB9B117B2180C998CF94CF722.d.26242B1142895693158BF7B1006E163A.e.20903/click - {}
RESULT: undefined
RESULT: undefined
RESULT: {}
COMMAND: GET /session/0157ef9fabb145ee7fb2a1f3feebe51f/screenshot - {}
RESULT: {}
COMMAND: POST /session/0157ef9fabb145ee7fb2a1f3feebe51f/element - {"using":"xpath","value":"//button[@data-kt=\"addButton\"]"}
RESULT: {"using":"xpath","value":"//button[@data-kt=\"addButton\"]"}
COMMAND: POST /session/0157ef9fabb145ee7fb2a1f3feebe51f/elements - {"using":"xpath","value":"//button[@data-kt=\"addButton\"]"}
RESULT: {"using":"xpath","value":"//button[@data-kt=\"addButton\"]"}
COMMAND: POST /session/0157ef9fabb145ee7fb2a1f3feebe51f/execute/sync - {"script":"<script> [8489 bytes]","args":[{"element-6066-11e4-a52e-4f735466cecf":"f.2D1A903BB9B117B2180C998CF94CF722.d.26242B1142895693158BF7B1006E163A.e.25701","ELEMENT":"f.2D1A903BB9B117B2180C998CF94CF722.d.26242B1142895693158BF7B1006E163A.e.25701"}]}
RESULT: {"script":"<script> [8489 bytes]","args":[{"element-6066-11e4-a52e-4f735466cecf":"f.2D1A903BB9B117B2180C998CF94CF722.d.26242B1142895693158BF7B1006E163A.e.25701","ELEMENT":"f.2D1A903BB9B117B2180C998CF94CF722.d.26242B1142895693158BF7B1006E163A.e.25701"}]}
COMMAND: GET /session/0157ef9fabb145ee7fb2a1f3feebe51f/element/f.2D1A903BB9B117B2180C998CF94CF722.d.26242B1142895693158BF7B1006E163A.e.25701/enabled - {}
COMMAND: GET /session/0157ef9fabb145ee7fb2a1f3feebe51f/screenshot - {}
RESULT: {}
COMMAND: POST /session/0157ef9fabb145ee7fb2a1f3feebe51f/execute/sync - {"script":"<script> [8489 bytes]","args":[{"element-6066-11e4-a52e-4f735466cecf":"f.2D1A903BB9B117B2180C998CF94CF722.d.26242B1142895693158BF7B1006E163A.e.25701","ELEMENT":"f.2D1A903BB9B117B2180C998CF94CF722.d.26242B1142895693158BF7B1006E163A.e.25701"}]}
COMMAND: GET /session/0157ef9fabb145ee7fb2a1f3feebe51f/screenshot - {}
RESULT: {}
RESULT: {"script":"<script> [8489 bytes]","args":[{"element-6066-11e4-a52e-4f735466cecf":"f.2D1A903BB9B117B2180C998CF94CF722.d.26242B1142895693158BF7B1006E163A.e.25701","ELEMENT":"f.2D1A903BB9B117B2180C998CF94CF722.d.26242B1142895693158BF7B1006E163A.e.25701"}]}
COMMAND: POST /session/0157ef9fabb145ee7fb2a1f3feebe51f/execute/sync - {"script":"<script> [5351 bytes]","args":[{"element-6066-11e4-a52e-4f735466cecf":"f.2D1A903BB9B117B2180C998CF94CF722.d.26242B1142895693158BF7B1006E163A.e.25701","ELEMENT":"f.2D1A903BB9B117B2180C998CF94CF722.d.26242B1142895693158BF7B1006E163A.e.25701"}]}
COMMAND: GET /session/0157ef9fabb145ee7fb2a1f3feebe51f/screenshot - {}
RESULT: {}
RESULT: {"script":"<script> [5351 bytes]","args":[{"element-6066-11e4-a52e-4f735466cecf":"f.2D1A903BB9B117B2180C998CF94CF722.d.26242B1142895693158BF7B1006E163A.e.25701","ELEMENT":"f.2D1A903BB9B117B2180C998CF94CF722.d.26242B1142895693158BF7B1006E163A.e.25701"}]}
COMMAND: POST /session/0157ef9fabb145ee7fb2a1f3feebe51f/element - {"using":"xpath","value":"//input[contains(@id ,\"smartContractFilterBar-btnBasicSearch-I\")]"}
COMMAND: GET /session/0157ef9fabb145ee7fb2a1f3feebe51f/screenshot - {}
RESULT: {}
RESULT: {"using":"xpath","value":"//input[contains(@id ,\"smartContractFilterBar-btnBasicSearch-I\")]"}
COMMAND: POST /session/0157ef9fabb145ee7fb2a1f3feebe51f/elements - {"using":"xpath","value":"//input[contains(@id ,\"smartContractFilterBar-btnBasicSearch-I\")]"}
RESULT: {}
RESULT: {"using":"xpath","value":"//input[contains(@id ,\"smartContractFilterBar-btnBasicSearch-I\")]"}
COMMAND: POST /session/0157ef9fabb145ee7fb2a1f3feebe51f/execute/sync - {"script":"<script> [8489 bytes]","args":[{"element-6066-11e4-a52e-4f735466cecf":"f.2D1A903BB9B117B2180C998CF94CF722.d.26242B1142895693158BF7B1006E163A.e.25635","ELEMENT":"f.2D1A903BB9B117B2180C998CF94CF722.d.26242B1142895693158BF7B1006E163A.e.25635"}]}
RESULT: {"script":"<script> [8489 bytes]","args":[{"element-6066-11e4-a52e-4f735466cecf":"f.2D1A903BB9B117B2180C998CF94CF722.d.26242B1142895693158BF7B1006E163A.e.25635","ELEMENT":"f.2D1A903BB9B117B2180C998CF94CF722.d.26242B1142895693158BF7B1006E163A.e.25635"}]}
COMMAND: GET /session/0157ef9fabb145ee7fb2a1f3feebe51f/element/f.2D1A903BB9B117B2180C998CF94CF722.d.26242B1142895693158BF7B1006E163A.e.25635/enabled - {}
COMMAND: GET /session/0157ef9fabb145ee7fb2a1f3feebe51f/screenshot - {}
RESULT: {}
COMMAND: POST /session/0157ef9fabb145ee7fb2a1f3feebe51f/element/f.2D1A903BB9B117B2180C998CF94CF722.d.26242B1142895693158BF7B1006E163A.e.25635/clear - {}
COMMAND: GET /session/0157ef9fabb145ee7fb2a1f3feebe51f/screenshot - {}
RESULT: {}
RESULT: {}
COMMAND: POST /session/0157ef9fabb145ee7fb2a1f3feebe51f/element/f.2D1A903BB9B117B2180C998CF94CF722.d.26242B1142895693158BF7B1006E163A.e.25635/value - {"text":"10393"}
COMMAND: GET /session/0157ef9fabb145ee7fb2a1f3feebe51f/screenshot - {}
RESULT: {}
RESULT: {"text":"10393"}
COMMAND: GET /session/0157ef9fabb145ee7fb2a1f3feebe51f/screenshot - {}
RESULT: {}
RESULT: {}
COMMAND: POST /session/0157ef9fabb145ee7fb2a1f3feebe51f/actions - {"actions":[{"id":"action93","type":"key","parameters":{},"actions":[{"type":"keyDown","value":""},{"type":"pause","duration":10},{"type":"keyUp","value":""}]}]}
RESULT: {"actions":[{"id":"action93","type":"key","parameters":{},"actions":[{"type":"keyDown","value":""},{"type":"pause","duration":10},{"type":"keyUp","value":""}]}]}
COMMAND: GET /session/0157ef9fabb145ee7fb2a1f3feebe51f/screenshot - {}
RESULT: {}
COMMAND: POST /session/0157ef9fabb145ee7fb2a1f3feebe51f/element - {"using":"xpath","value":"//span[contains(@id, \"masterListContractsSmartTable-header-inner\")]"}
RESULT: {"using":"xpath","value":"//span[contains(@id, \"masterListContractsSmartTable-header-inner\")]"}
COMMAND: POST /session/0157ef9fabb145ee7fb2a1f3feebe51f/elements - {"using":"xpath","value":"//span[contains(@id, \"masterListContractsSmartTable-header-inner\")]"}
RESULT: {"using":"xpath","value":"//span[contains(@id, \"masterListContractsSmartTable-header-inner\")]"}
COMMAND: POST /session/0157ef9fabb145ee7fb2a1f3feebe51f/execute/sync - {"script":"<script> [56 bytes]","args":[{"element-6066-11e4-a52e-4f735466cecf":"f.2D1A903BB9B117B2180C998CF94CF722.d.26242B1142895693158BF7B1006E163A.e.25944","ELEMENT":"f.2D1A903BB9B117B2180C998CF94CF722.d.26242B1142895693158BF7B1006E163A.e.25944"}]}
RESULT: {"script":"<script> [56 bytes]","args":[{"element-6066-11e4-a52e-4f735466cecf":"f.2D1A903BB9B117B2180C998CF94CF722.d.26242B1142895693158BF7B1006E163A.e.25944","ELEMENT":"f.2D1A903BB9B117B2180C998CF94CF722.d.26242B1142895693158BF7B1006E163A.e.25944"}]}
COMMAND: POST /session/0157ef9fabb145ee7fb2a1f3feebe51f/element - {"using":"xpath","value":"(//span[contains(@id, \"imgNav\")])[1]"}
COMMAND: GET /session/0157ef9fabb145ee7fb2a1f3feebe51f/screenshot - {}
RESULT: {"using":"xpath","value":"(//span[contains(@id, \"imgNav\")])[1]"}
COMMAND: POST /session/0157ef9fabb145ee7fb2a1f3feebe51f/element/f.2D1A903BB9B117B2180C998CF94CF722.d.26242B1142895693158BF7B1006E163A.e.25942/click - {}
RESULT: {}
RESULT: {}
COMMAND: GET /session/0157ef9fabb145ee7fb2a1f3feebe51f/screenshot - {}
RESULT: {}
COMMAND: POST /session/0157ef9fabb145ee7fb2a1f3feebe51f/element - {"using":"xpath","value":"//tr[@data-kt=\"productsColumnListItem\"]//td//span[contains(@id, \"imgNav\")][1]"}
RESULT: {"using":"xpath","value":"//tr[@data-kt=\"productsColumnListItem\"]//td//span[contains(@id, \"imgNav\")][1]"}
COMMAND: POST /session/0157ef9fabb145ee7fb2a1f3feebe51f/element/f.2D1A903BB9B117B2180C998CF94CF722.d.26242B1142895693158BF7B1006E163A.e.26099/click - {}
RESULT: {}
COMMAND: GET /session/0157ef9fabb145ee7fb2a1f3feebe51f/screenshot - {}
RESULT: {}
COMMAND: POST /session/0157ef9fabb145ee7fb2a1f3feebe51f/element - {"using":"xpath","value":"//section[contains(@id, \"application-managecontracts-display-component---BillingItem--ObjectPageLayout-OPHeaderContent\")]/div/div/div/div/div[2]/div/div[2]/span"}
RESULT: {"using":"xpath","value":"//section[contains(@id, \"application-managecontracts-display-component---BillingItem--ObjectPageLayout-OPHeaderContent\")]/div/div/div/div/div[2]/div/div[2]/span"}
COMMAND: POST /session/0157ef9fabb145ee7fb2a1f3feebe51f/execute/sync - {"script":"<script> [56 bytes]","args":[{"element-6066-11e4-a52e-4f735466cecf":"f.2D1A903BB9B117B2180C998CF94CF722.d.26242B1142895693158BF7B1006E163A.e.26231","ELEMENT":"f.2D1A903BB9B117B2180C998CF94CF722.d.26242B1142895693158BF7B1006E163A.e.26231"}]}
RESULT: {"script":"<script> [56 bytes]","args":[{"element-6066-11e4-a52e-4f735466cecf":"f.2D1A903BB9B117B2180C998CF94CF722.d.26242B1142895693158BF7B1006E163A.e.26231","ELEMENT":"f.2D1A903BB9B117B2180C998CF94CF722.d.26242B1142895693158BF7B1006E163A.e.26231"}]}
COMMAND: POST /session/0157ef9fabb145ee7fb2a1f3feebe51f/element - {"using":"xpath","value":"//table[contains(@id, \"application-managecontracts-display-component---BillingItem--billingList-listUl\")]//td//*[contains(text(), \"final billed\")]"}
COMMAND: GET /session/0157ef9fabb145ee7fb2a1f3feebe51f/screenshot - {}
RESULT: {"using":"xpath","value":"//table[contains(@id, \"application-managecontracts-display-component---BillingItem--billingList-listUl\")]//td//*[contains(text(), \"final billed\")]"}
COMMAND: POST /session/0157ef9fabb145ee7fb2a1f3feebe51f/execute/sync - {"script":"<script> [56 bytes]","args":[{"element-6066-11e4-a52e-4f735466cecf":"f.2D1A903BB9B117B2180C998CF94CF722.d.26242B1142895693158BF7B1006E163A.e.26232","ELEMENT":"f.2D1A903BB9B117B2180C998CF94CF722.d.26242B1142895693158BF7B1006E163A.e.26232"}]}
RESULT: {}
RESULT: {"script":"<script> [56 bytes]","args":[{"element-6066-11e4-a52e-4f735466cecf":"f.2D1A903BB9B117B2180C998CF94CF722.d.26242B1142895693158BF7B1006E163A.e.26232","ELEMENT":"f.2D1A903BB9B117B2180C998CF94CF722.d.26242B1142895693158BF7B1006E163A.e.26232"}]}
COMMAND: POST /session/0157ef9fabb145ee7fb2a1f3feebe51f/element - {"using":"css selector","value":"#shell-header-logo"}
COMMAND: GET /session/0157ef9fabb145ee7fb2a1f3feebe51f/screenshot - {}
RESULT: {"using":"css selector","value":"#shell-header-logo"}
COMMAND: POST /session/0157ef9fabb145ee7fb2a1f3feebe51f/element/f.2D1A903BB9B117B2180C998CF94CF722.d.26242B1142895693158BF7B1006E163A.e.25633/click - {}
RESULT: {}
RESULT: {}
COMMAND: GET /session/0157ef9fabb145ee7fb2a1f3feebe51f/screenshot - {}
RESULT: {}
COMMAND: DELETE /session/0157ef9fabb145ee7fb2a1f3feebe51f - {}
RESULT: {}
]]></system-out>
    </testcase>
  </testsuite>
</testsuites>