<?xml version="1.0" encoding="UTF-8"?>
<testsuites tests="24" failures="0" errors="0" skipped="0">
  <testsuite timestamp="2025-06-04T15:36:54" time="633.409" tests="5" failures="0" errors="0" skipped="0">
    <properties>
      <property name="specId" value="0" />
      <property name="suiteName" value="Manage Requests Tags Tests US120163" />
      <property name="capabilities" value="chrome.137_0_7151_56.windows" />
      <property name="file" value="file:///D:/a/1/s/test/specs/R2C/create-request-Tags.spec.js" />
    </properties>
    <testcase classname="chrome.137_0_7151_56.windows.Manage_Requests_Tags_Tests_US120163" name="Should create a new yard" time="130.319">
      <system-out><![CDATA[
COMMAND: POST /session/7ceb2304b37874a72895a7f47f00ffc5/execute/async - {"script":"<script> [1562 bytes]","args":[{"selector":{"controlType":"sap.m.GenericTile","properties":{"header":"Manage Yards"}},"wdio_ui5_key":"sapm.GenericTile{\"header\":\"Manage Yards\"}"}]}
RESULT: {"script":"<script> [1562 bytes]","args":[{"selector":{"controlType":"sap.m.GenericTile","properties":{"header":"Manage Yards"}},"wdio_ui5_key":"sapm.GenericTile{\"header\":\"Manage Yards\"}"}]}
RESULT: undefined
COMMAND: POST /session/7ceb2304b37874a72895a7f47f00ffc5/element - {"using":"xpath","value":"//*[@id=\"__tile41\"]"}
RESULT: {"using":"xpath","value":"//*[@id=\"__tile41\"]"}
COMMAND: POST /session/7ceb2304b37874a72895a7f47f00ffc5/element/f.A2DC6DB0B92729488FE09C376A5B6DB2.d.BB7C7580CCB8580529B10745BE3B05D6.e.110/click - {}
RESULT: {}
COMMAND: GET /session/7ceb2304b37874a72895a7f47f00ffc5/screenshot - {}
RESULT: {}
COMMAND: POST /session/7ceb2304b37874a72895a7f47f00ffc5/elements - {"using":"xpath","value":"//span[text()='Error']"}
RESULT: {"using":"xpath","value":"//span[text()='Error']"}
COMMAND: POST /session/7ceb2304b37874a72895a7f47f00ffc5/execute/async - {"script":"<script> [1562 bytes]","args":[{"selector":{"controlType":"sap.ui.core.Icon","viewName":"etm.portal.ui.manageyards.view.Master","viewId":"application-manageyards-display-component---masterYard","properties":{"src":{"regex":{"source":"add"}}}},"wdio_ui5_key":"etmportal.ui.manageyards.view.Mastersap.ui.core.Icon{\"src\":{\"regex\":{\"source\":\"add\"}}}"}]}
RESULT: {"script":"<script> [1562 bytes]","args":[{"selector":{"controlType":"sap.ui.core.Icon","viewName":"etm.portal.ui.manageyards.view.Master","viewId":"application-manageyards-display-component---masterYard","properties":{"src":{"regex":{"source":"add"}}}},"wdio_ui5_key":"etmportal.ui.manageyards.view.Mastersap.ui.core.Icon{\"src\":{\"regex\":{\"source\":\"add\"}}}"}]}
RESULT: undefined
COMMAND: POST /session/7ceb2304b37874a72895a7f47f00ffc5/element - {"using":"xpath","value":"//*[@id=\"__button4-img\"]"}
RESULT: {"using":"xpath","value":"//*[@id=\"__button4-img\"]"}
COMMAND: POST /session/7ceb2304b37874a72895a7f47f00ffc5/element/f.A2DC6DB0B92729488FE09C376A5B6DB2.d.BB7C7580CCB8580529B10745BE3B05D6.e.157/click - {}
RESULT: {}
COMMAND: GET /session/7ceb2304b37874a72895a7f47f00ffc5/screenshot - {}
RESULT: {}
COMMAND: POST /session/7ceb2304b37874a72895a7f47f00ffc5/execute/async - {"script":"<script> [1562 bytes]","args":[{"selector":{"id":"application-manageyards-display-component---NewYard--yardId","interaction":{"idSuffix":"inner"}},"wdio_ui5_key":"applicationmanageyards-display-component---NewYard--yardId"}]}
RESULT: {"script":"<script> [1562 bytes]","args":[{"selector":{"id":"application-manageyards-display-component---NewYard--yardId","interaction":{"idSuffix":"inner"}},"wdio_ui5_key":"applicationmanageyards-display-component---NewYard--yardId"}]}
RESULT: undefined
COMMAND: POST /session/7ceb2304b37874a72895a7f47f00ffc5/element - {"using":"xpath","value":"//*[@id=\"application-manageyards-display-component---NewYard--addressDetailDetailsName1-inner\"]"}
RESULT: {"using":"xpath","value":"//*[@id=\"application-manageyards-display-component---NewYard--addressDetailDetailsName1-inner\"]"}
COMMAND: POST /session/7ceb2304b37874a72895a7f47f00ffc5/element/f.A2DC6DB0B92729488FE09C376A5B6DB2.d.BB7C7580CCB8580529B10745BE3B05D6.e.368/clear - {}
RESULT: {}
COMMAND: POST /session/7ceb2304b37874a72895a7f47f00ffc5/element/f.A2DC6DB0B92729488FE09C376A5B6DB2.d.BB7C7580CCB8580529B10745BE3B05D6.e.368/value - {"text":"WebdriverYard1clzi"}
COMMAND: GET /session/7ceb2304b37874a72895a7f47f00ffc5/screenshot - {}
RESULT: {"text":"WebdriverYard1clzi"}
COMMAND: POST /session/7ceb2304b37874a72895a7f47f00ffc5/element - {"using":"xpath","value":"//*[@id=\"application-manageyards-display-component---NewYard--addressDetailDetailsLanguage-inner\"]"}
COMMAND: GET /session/7ceb2304b37874a72895a7f47f00ffc5/screenshot - {}
RESULT: {}
RESULT: {"using":"xpath","value":"//*[@id=\"application-manageyards-display-component---NewYard--addressDetailDetailsLanguage-inner\"]"}
COMMAND: POST /session/7ceb2304b37874a72895a7f47f00ffc5/element/f.A2DC6DB0B92729488FE09C376A5B6DB2.d.BB7C7580CCB8580529B10745BE3B05D6.e.369/clear - {}
RESULT: {}
RESULT: {}
COMMAND: POST /session/7ceb2304b37874a72895a7f47f00ffc5/element/f.A2DC6DB0B92729488FE09C376A5B6DB2.d.BB7C7580CCB8580529B10745BE3B05D6.e.369/value - {"text":"Romanian"}
COMMAND: GET /session/7ceb2304b37874a72895a7f47f00ffc5/screenshot - {}
RESULT: {"text":"Romanian"}
COMMAND: POST /session/7ceb2304b37874a72895a7f47f00ffc5/element - {"using":"xpath","value":"//input[contains(@id ,\"application-manageyards-display-component---NewYard--addressDetailDetailsName1-inner\")]"}
COMMAND: GET /session/7ceb2304b37874a72895a7f47f00ffc5/screenshot - {}
RESULT: {}
RESULT: {}
RESULT: {"using":"xpath","value":"//input[contains(@id ,\"application-manageyards-display-component---NewYard--addressDetailDetailsName1-inner\")]"}
COMMAND: GET /session/7ceb2304b37874a72895a7f47f00ffc5/element/f.A2DC6DB0B92729488FE09C376A5B6DB2.d.BB7C7580CCB8580529B10745BE3B05D6.e.368/property/value - {}
RESULT: {}
COMMAND: GET /session/7ceb2304b37874a72895a7f47f00ffc5/screenshot - {}
RESULT: {}
COMMAND: POST /session/7ceb2304b37874a72895a7f47f00ffc5/element - {"using":"xpath","value":"//*[@id=\"application-manageyards-display-component---NewYard--addressDetailDetailsCity1-inner\"]"}
RESULT: {"using":"xpath","value":"//*[@id=\"application-manageyards-display-component---NewYard--addressDetailDetailsCity1-inner\"]"}
COMMAND: POST /session/7ceb2304b37874a72895a7f47f00ffc5/element/f.A2DC6DB0B92729488FE09C376A5B6DB2.d.BB7C7580CCB8580529B10745BE3B05D6.e.371/clear - {}
RESULT: {}
COMMAND: POST /session/7ceb2304b37874a72895a7f47f00ffc5/element/f.A2DC6DB0B92729488FE09C376A5B6DB2.d.BB7C7580CCB8580529B10745BE3B05D6.e.371/value - {"text":"Bucuresti"}
COMMAND: GET /session/7ceb2304b37874a72895a7f47f00ffc5/screenshot - {}
RESULT: {"text":"Bucuresti"}
COMMAND: GET /session/7ceb2304b37874a72895a7f47f00ffc5/screenshot - {}
RESULT: {}
RESULT: {}
COMMAND: POST /session/7ceb2304b37874a72895a7f47f00ffc5/element - {"using":"xpath","value":"//*[@id=\"application-manageyards-display-component---NewYard--addressDetailDetailsCountry-inner\"]"}
RESULT: {"using":"xpath","value":"//*[@id=\"application-manageyards-display-component---NewYard--addressDetailDetailsCountry-inner\"]"}
COMMAND: POST /session/7ceb2304b37874a72895a7f47f00ffc5/element/f.A2DC6DB0B92729488FE09C376A5B6DB2.d.BB7C7580CCB8580529B10745BE3B05D6.e.375/clear - {}
RESULT: {}
COMMAND: POST /session/7ceb2304b37874a72895a7f47f00ffc5/element/f.A2DC6DB0B92729488FE09C376A5B6DB2.d.BB7C7580CCB8580529B10745BE3B05D6.e.375/value - {"text":"Romania"}
COMMAND: GET /session/7ceb2304b37874a72895a7f47f00ffc5/screenshot - {}
RESULT: {"text":"Romania"}
COMMAND: GET /session/7ceb2304b37874a72895a7f47f00ffc5/screenshot - {}
RESULT: {}
RESULT: {}
COMMAND: POST /session/7ceb2304b37874a72895a7f47f00ffc5/element - {"using":"xpath","value":"//div[contains(text(), \"Commercial\")]"}
RESULT: {"using":"xpath","value":"//div[contains(text(), \"Commercial\")]"}
COMMAND: GET /session/7ceb2304b37874a72895a7f47f00ffc5/element/f.A2DC6DB0B92729488FE09C376A5B6DB2.d.BB7C7580CCB8580529B10745BE3B05D6.e.565/rect - {}
RESULT: {}
COMMAND: GET /session/7ceb2304b37874a72895a7f47f00ffc5/window/rect - {}
RESULT: {}
COMMAND: POST /session/7ceb2304b37874a72895a7f47f00ffc5/execute/sync - {"script":"<script> [92 bytes]","args":[]}
RESULT: {"script":"<script> [92 bytes]","args":[]}
COMMAND: POST /session/7ceb2304b37874a72895a7f47f00ffc5/actions - {"actions":[{"id":"action1","type":"wheel","parameters":{},"actions":[{"type":"scroll","x":-1841,"y":-44,"deltaX":0,"deltaY":0,"duration":0,"origin":{"element-6066-11e4-a52e-4f735466cecf":"f.A2DC6DB0B92729488FE09C376A5B6DB2.d.BB7C7580CCB8580529B10745BE3B05D6.e.565"}}]}]}
COMMAND: GET /session/7ceb2304b37874a72895a7f47f00ffc5/screenshot - {}
RESULT: {}
COMMAND: POST /session/7ceb2304b37874a72895a7f47f00ffc5/execute/sync - {"script":"<script> [79 bytes]","args":[{"element-6066-11e4-a52e-4f735466cecf":"f.A2DC6DB0B92729488FE09C376A5B6DB2.d.BB7C7580CCB8580529B10745BE3B05D6.e.565","ELEMENT":"f.A2DC6DB0B92729488FE09C376A5B6DB2.d.BB7C7580CCB8580529B10745BE3B05D6.e.565"},{"block":"start","inline":"nearest"}]}
RESULT: {"script":"<script> [79 bytes]","args":[{"element-6066-11e4-a52e-4f735466cecf":"f.A2DC6DB0B92729488FE09C376A5B6DB2.d.BB7C7580CCB8580529B10745BE3B05D6.e.565","ELEMENT":"f.A2DC6DB0B92729488FE09C376A5B6DB2.d.BB7C7580CCB8580529B10745BE3B05D6.e.565"},{"block":"start","inline":"nearest"}]}
COMMAND: GET /session/7ceb2304b37874a72895a7f47f00ffc5/screenshot - {}
RESULT: {}
COMMAND: POST /session/7ceb2304b37874a72895a7f47f00ffc5/execute/async - {"script":"<script> [1562 bytes]","args":[{"selector":{"id":"application-manageyards-display-component---NewYard--addressEditDetailsCostObjectCstType-arrow"},"wdio_ui5_key":"applicationmanageyards-display-component---NewYard--addressEditDetailsCostObjectCstType-arrow"}]}
RESULT: {"script":"<script> [1562 bytes]","args":[{"selector":{"id":"application-manageyards-display-component---NewYard--addressEditDetailsCostObjectCstType-arrow"},"wdio_ui5_key":"applicationmanageyards-display-component---NewYard--addressEditDetailsCostObjectCstType-arrow"}]}
RESULT: undefined
COMMAND: POST /session/7ceb2304b37874a72895a7f47f00ffc5/element - {"using":"xpath","value":"//*[@id=\"application-manageyards-display-component---NewYard--addressEditDetailsCostObjectCstType-arrow\"]"}
RESULT: {"using":"xpath","value":"//*[@id=\"application-manageyards-display-component---NewYard--addressEditDetailsCostObjectCstType-arrow\"]"}
COMMAND: POST /session/7ceb2304b37874a72895a7f47f00ffc5/element/f.A2DC6DB0B92729488FE09C376A5B6DB2.d.BB7C7580CCB8580529B10745BE3B05D6.e.574/click - {}
RESULT: {}
COMMAND: POST /session/7ceb2304b37874a72895a7f47f00ffc5/element - {"using":"xpath","value":"//span[contains(text(), \"Cost Center\")]"}
COMMAND: GET /session/7ceb2304b37874a72895a7f47f00ffc5/screenshot - {}
RESULT: {"using":"xpath","value":"//span[contains(text(), \"Cost Center\")]"}
COMMAND: POST /session/7ceb2304b37874a72895a7f47f00ffc5/element/f.A2DC6DB0B92729488FE09C376A5B6DB2.d.BB7C7580CCB8580529B10745BE3B05D6.e.575/click - {}
RESULT: {}
RESULT: {}
COMMAND: GET /session/7ceb2304b37874a72895a7f47f00ffc5/screenshot - {}
RESULT: {}
COMMAND: POST /session/7ceb2304b37874a72895a7f47f00ffc5/execute/async - {"script":"<script> [1562 bytes]","args":[{"selector":{"id":"application-manageyards-display-component---NewYard--addressNewCostObjectCstID-vhi"},"wdio_ui5_key":"applicationmanageyards-display-component---NewYard--addressNewCostObjectCstID-vhi"}]}
RESULT: {"script":"<script> [1562 bytes]","args":[{"selector":{"id":"application-manageyards-display-component---NewYard--addressNewCostObjectCstID-vhi"},"wdio_ui5_key":"applicationmanageyards-display-component---NewYard--addressNewCostObjectCstID-vhi"}]}
RESULT: undefined
COMMAND: POST /session/7ceb2304b37874a72895a7f47f00ffc5/element - {"using":"xpath","value":"//*[@id=\"application-manageyards-display-component---NewYard--addressNewCostObjectCstID-vhi\"]"}
RESULT: {"using":"xpath","value":"//*[@id=\"application-manageyards-display-component---NewYard--addressNewCostObjectCstID-vhi\"]"}
COMMAND: POST /session/7ceb2304b37874a72895a7f47f00ffc5/element/f.A2DC6DB0B92729488FE09C376A5B6DB2.d.BB7C7580CCB8580529B10745BE3B05D6.e.579/click - {}
RESULT: {}
COMMAND: GET /session/7ceb2304b37874a72895a7f47f00ffc5/screenshot - {}
RESULT: {}
COMMAND: POST /session/7ceb2304b37874a72895a7f47f00ffc5/execute/async - {"script":"<script> [1562 bytes]","args":[{"selector":{"controlType":"sap.m.SearchField","properties":{"placeholder":"Search"},"searchOpenDialogs":true,"interaction":{"idSuffix":"I"}},"wdio_ui5_key":"sapm.SearchField{\"placeholder\":\"Search\"}"}]}
RESULT: {"script":"<script> [1562 bytes]","args":[{"selector":{"controlType":"sap.m.SearchField","properties":{"placeholder":"Search"},"searchOpenDialogs":true,"interaction":{"idSuffix":"I"}},"wdio_ui5_key":"sapm.SearchField{\"placeholder\":\"Search\"}"}]}
RESULT: undefined
COMMAND: POST /session/7ceb2304b37874a72895a7f47f00ffc5/execute/async - {"script":"<script> [776 bytes]","args":[{"enterText":"10001013","selector":{"controlType":"sap.m.SearchField","properties":{"placeholder":"Search"},"searchOpenDialogs":true,"interaction":{"idSuffix":"I"}},"clearTextFirst":true,"interactionType":"ENTER_TEXT"}]}
RESULT: {"script":"<script> [776 bytes]","args":[{"enterText":"10001013","selector":{"controlType":"sap.m.SearchField","properties":{"placeholder":"Search"},"searchOpenDialogs":true,"interaction":{"idSuffix":"I"}},"clearTextFirst":true,"interactionType":"ENTER_TEXT"}]}
COMMAND: POST /session/7ceb2304b37874a72895a7f47f00ffc5/actions - {"actions":[{"id":"action2","type":"key","parameters":{},"actions":[{"type":"keyDown","value":"î€‡"},{"type":"pause","duration":10},{"type":"keyUp","value":"î€‡"}]}]}
RESULT: {"actions":[{"id":"action2","type":"key","parameters":{},"actions":[{"type":"keyDown","value":"î€‡"},{"type":"pause","duration":10},{"type":"keyUp","value":"î€‡"}]}]}
COMMAND: GET /session/7ceb2304b37874a72895a7f47f00ffc5/screenshot - {}
RESULT: {}
COMMAND: POST /session/7ceb2304b37874a72895a7f47f00ffc5/element - {"using":"xpath","value":"//span[contains(text(), \"General Management\")]"}
RESULT: {"using":"xpath","value":"//span[contains(text(), \"General Management\")]"}
COMMAND: POST /session/7ceb2304b37874a72895a7f47f00ffc5/element/f.A2DC6DB0B92729488FE09C376A5B6DB2.d.BB7C7580CCB8580529B10745BE3B05D6.e.621/click - {}
RESULT: {}
COMMAND: GET /session/7ceb2304b37874a72895a7f47f00ffc5/screenshot - {}
RESULT: {}
COMMAND: POST /session/7ceb2304b37874a72895a7f47f00ffc5/element - {"using":"xpath","value":"//bdi[contains(text(), \"OK\")]"}
RESULT: {"using":"xpath","value":"//bdi[contains(text(), \"OK\")]"}
COMMAND: POST /session/7ceb2304b37874a72895a7f47f00ffc5/element/f.A2DC6DB0B92729488FE09C376A5B6DB2.d.BB7C7580CCB8580529B10745BE3B05D6.e.622/click - {}
RESULT: {}
COMMAND: GET /session/7ceb2304b37874a72895a7f47f00ffc5/screenshot - {}
RESULT: {}
COMMAND: POST /session/7ceb2304b37874a72895a7f47f00ffc5/execute/async - {"script":"<script> [1562 bytes]","args":[{"selector":{"controlType":"sap.m.Button","viewName":"etm.portal.ui.manageyards.view.New","viewId":"application-manageyards-display-component---NewYard","i18NText":{"propertyName":"text","key":"save"},"interaction":{"idSuffix":"inner"}},"wdio_ui5_key":"etmportal.ui.manageyards.view.Newsap.m.Button{\"propertyName\":\"text\",\"key\":\"save\"}"}]}
RESULT: {"script":"<script> [1562 bytes]","args":[{"selector":{"controlType":"sap.m.Button","viewName":"etm.portal.ui.manageyards.view.New","viewId":"application-manageyards-display-component---NewYard","i18NText":{"propertyName":"text","key":"save"},"interaction":{"idSuffix":"inner"}},"wdio_ui5_key":"etmportal.ui.manageyards.view.Newsap.m.Button{\"propertyName\":\"text\",\"key\":\"save\"}"}]}
RESULT: undefined
COMMAND: POST /session/7ceb2304b37874a72895a7f47f00ffc5/element - {"using":"xpath","value":"//*[@id=\"__button18\"]"}
RESULT: {"using":"xpath","value":"//*[@id=\"__button18\"]"}
COMMAND: POST /session/7ceb2304b37874a72895a7f47f00ffc5/element/f.A2DC6DB0B92729488FE09C376A5B6DB2.d.BB7C7580CCB8580529B10745BE3B05D6.e.530/click - {}
RESULT: {}
COMMAND: GET /session/7ceb2304b37874a72895a7f47f00ffc5/screenshot - {}
RESULT: {}
COMMAND: POST /session/7ceb2304b37874a72895a7f47f00ffc5/element - {"using":"xpath","value":"//header/div/div[2]/div[2]/span"}
RESULT: {"using":"xpath","value":"//header/div/div[2]/div[2]/span"}
COMMAND: GET /session/7ceb2304b37874a72895a7f47f00ffc5/element/f.A2DC6DB0B92729488FE09C376A5B6DB2.d.BB7C7580CCB8580529B10745BE3B05D6.e.818/text - {}
RESULT: {}
COMMAND: POST /session/7ceb2304b37874a72895a7f47f00ffc5/execute/async - {"script":"<script> [1562 bytes]","args":[{"selector":{"controlType":"sap.m.OverflowToolbarButton","viewName":"etm.portal.ui.manageyards.view.Detail","viewId":"application-manageyards-display-component---detailYard","i18NText":{"propertyName":"tooltip","key":"closeColumn"},"interaction":{"idSuffix":"inner"}},"wdio_ui5_key":"etmportal.ui.manageyards.view.Detailsap.m.OverflowToolbarButton{\"propertyName\":\"tooltip\",\"key\":\"closeColumn\"}"}]}
RESULT: {"script":"<script> [1562 bytes]","args":[{"selector":{"controlType":"sap.m.OverflowToolbarButton","viewName":"etm.portal.ui.manageyards.view.Detail","viewId":"application-manageyards-display-component---detailYard","i18NText":{"propertyName":"tooltip","key":"closeColumn"},"interaction":{"idSuffix":"inner"}},"wdio_ui5_key":"etmportal.ui.manageyards.view.Detailsap.m.OverflowToolbarButton{\"propertyName\":\"tooltip\",\"key\":\"closeColumn\"}"}]}
RESULT: undefined
COMMAND: POST /session/7ceb2304b37874a72895a7f47f00ffc5/element - {"using":"xpath","value":"//*[@id=\"__button42\"]"}
RESULT: {"using":"xpath","value":"//*[@id=\"__button42\"]"}
COMMAND: POST /session/7ceb2304b37874a72895a7f47f00ffc5/element/f.A2DC6DB0B92729488FE09C376A5B6DB2.d.BB7C7580CCB8580529B10745BE3B05D6.e.820/click - {}
RESULT: {}
COMMAND: GET /session/7ceb2304b37874a72895a7f47f00ffc5/screenshot - {}
COMMAND: POST /session/7ceb2304b37874a72895a7f47f00ffc5/element - {"using":"css selector","value":"#shell-header-logo"}
RESULT: {}
RESULT: {"using":"css selector","value":"#shell-header-logo"}
COMMAND: POST /session/7ceb2304b37874a72895a7f47f00ffc5/element/f.A2DC6DB0B92729488FE09C376A5B6DB2.d.BB7C7580CCB8580529B10745BE3B05D6.e.112/click - {}
RESULT: {}
COMMAND: GET /session/7ceb2304b37874a72895a7f47f00ffc5/screenshot - {}
RESULT: {}
COMMAND: POST /session/7ceb2304b37874a72895a7f47f00ffc5/refresh - {}
RESULT: {}
COMMAND: GET /session/7ceb2304b37874a72895a7f47f00ffc5/screenshot - {}
RESULT: {}
COMMAND: POST /session/7ceb2304b37874a72895a7f47f00ffc5/execute/async - {"script":"<script> [189 bytes]","args":[]}
RESULT: {"script":"<script> [189 bytes]","args":[]}
COMMAND: POST /session/7ceb2304b37874a72895a7f47f00ffc5/execute/async - {"script":"<script> [123 bytes]","args":[]}
RESULT: {"script":"<script> [123 bytes]","args":[]}
COMMAND: POST /session/7ceb2304b37874a72895a7f47f00ffc5/timeouts - {"script":"<number>"}
RESULT: {"script":"<number>"}
COMMAND: GET /session/7ceb2304b37874a72895a7f47f00ffc5/timeouts - {}
RESULT: {}
RESULT: undefined
COMMAND: POST /session/7ceb2304b37874a72895a7f47f00ffc5/execute/async - {"script":"<script> [2676 bytes]","args":[]}
RESULT: {"script":"<script> [2676 bytes]","args":[]}
COMMAND: POST /session/7ceb2304b37874a72895a7f47f00ffc5/execute/async - {"script":"<script> [2342 bytes]","args":[{"protocol":"http","hostname":"0.0.0.0","path":"/","capabilities":{"browserName":"chrome","goog:chromeOptions":{"binary":"C:\\Program Files\\Google\\Chrome\\Application\\chrome.exe","args":["--start-maximized"]}},"logLevel":"warn","connectionRetryTimeout":120000,"connectionRetryCount":3,"logLevels":{},"enableDirectConnect":true,"strictSSL":true,"_":"65 more keys: [\"cacheDir\",\"port\",\"requestedCapabilities\",\"automationProtocol\",\"baseUrl\",\"waitforInterval\",\"waitforTimeout\",\"onReload\",\"beforeCommand\",\"afterCommand\",\"rootDir\",\"specs\",\"suites\",\"exclude\",\"groupLogsByTestSpec\",\"excludeDriverLogs\",\"bail\",\"framework\",\"reporters\",\"services\",\"maxInstances\",\"maxInstancesPerCapability\",\"injectGlobals\",\"filesToWatch\",\"execArgv\",\"runnerEnv\",\"runner\",\"shard\",\"specFileRetries\",\"specFileRetriesDelay\",\"specFileRetriesDeferred\",\"reporterSyncInterval\",\"reporterSyncTimeout\",\"cucumberFeaturesWithLineNumbers\",\"autoCompileOpts\",\"mochaOpts\",\"jasmineOpts\",\"cucumberOpts\",\"onPrepare\",\"onWorkerStart\",\"onWorkerEnd\",\"before\",\"beforeSession\",\"beforeSuite\",\"beforeHook\",\"beforeTest\",\"afterTest\",\"afterHook\",\"afterSuite\",\"afterSession\",\"after\",\"onComplete\",\"beforeAssertion\",\"afterAssertion\",\"beforeFeature\",\"beforeScenario\",\"beforeStep\",\"afterStep\",\"afterScenario\",\"afterFeature\",\"_\",\"suite\",\"$0\",\"ignoredWorkerServices\",\"wdi5\"]"}]}
RESULT: {"script":"<script> [2342 bytes]","args":[{"protocol":"http","hostname":"0.0.0.0","path":"/","capabilities":{"browserName":"chrome","goog:chromeOptions":{"binary":"C:\\Program Files\\Google\\Chrome\\Application\\chrome.exe","args":["--start-maximized"]}},"logLevel":"warn","connectionRetryTimeout":120000,"connectionRetryCount":3,"logLevels":{},"enableDirectConnect":true,"strictSSL":true,"_":"65 more keys: [\"cacheDir\",\"port\",\"requestedCapabilities\",\"automationProtocol\",\"baseUrl\",\"waitforInterval\",\"waitforTimeout\",\"onReload\",\"beforeCommand\",\"afterCommand\",\"rootDir\",\"specs\",\"suites\",\"exclude\",\"groupLogsByTestSpec\",\"excludeDriverLogs\",\"bail\",\"framework\",\"reporters\",\"services\",\"maxInstances\",\"maxInstancesPerCapability\",\"injectGlobals\",\"filesToWatch\",\"execArgv\",\"runnerEnv\",\"runner\",\"shard\",\"specFileRetries\",\"specFileRetriesDelay\",\"specFileRetriesDeferred\",\"reporterSyncInterval\",\"reporterSyncTimeout\",\"cucumberFeaturesWithLineNumbers\",\"autoCompileOpts\",\"mochaOpts\",\"jasmineOpts\",\"cucumberOpts\",\"onPrepare\",\"onWorkerStart\",\"onWorkerEnd\",\"before\",\"beforeSession\",\"beforeSuite\",\"beforeHook\",\"beforeTest\",\"afterTest\",\"afterHook\",\"afterSuite\",\"afterSession\",\"after\",\"onComplete\",\"beforeAssertion\",\"afterAssertion\",\"beforeFeature\",\"beforeScenario\",\"beforeStep\",\"afterStep\",\"afterScenario\",\"afterFeature\",\"_\",\"suite\",\"$0\",\"ignoredWorkerServices\",\"wdi5\"]"}]}
COMMAND: POST /session/7ceb2304b37874a72895a7f47f00ffc5/execute/async - {"script":"<script> [21126 bytes]","args":[35000]}
RESULT: {"script":"<script> [21126 bytes]","args":[35000]}
]]></system-out>
    </testcase>
    <testcase classname="chrome.137_0_7151_56.windows.Manage_Requests_Tags_Tests_US120163" name="Should create a new partner" time="76.293">
      <system-out><![CDATA[
COMMAND: POST /session/7ceb2304b37874a72895a7f47f00ffc5/execute/async - {"script":"<script> [1562 bytes]","args":[{"selector":{"controlType":"sap.m.GenericTile","properties":{"header":"Manage Partners"}},"wdio_ui5_key":"sapm.GenericTile{\"header\":\"Manage Partners\"}"}]}
RESULT: {"script":"<script> [1562 bytes]","args":[{"selector":{"controlType":"sap.m.GenericTile","properties":{"header":"Manage Partners"}},"wdio_ui5_key":"sapm.GenericTile{\"header\":\"Manage Partners\"}"}]}
RESULT: undefined
COMMAND: POST /session/7ceb2304b37874a72895a7f47f00ffc5/element - {"using":"xpath","value":"//*[@id=\"__tile38\"]"}
RESULT: {"using":"xpath","value":"//*[@id=\"__tile38\"]"}
COMMAND: POST /session/7ceb2304b37874a72895a7f47f00ffc5/element/f.A2DC6DB0B92729488FE09C376A5B6DB2.d.B0141930F23E9ABCD44EE77323DD0A14.e.1174/click - {}
RESULT: {}
COMMAND: GET /session/7ceb2304b37874a72895a7f47f00ffc5/screenshot - {}
RESULT: {}
COMMAND: POST /session/7ceb2304b37874a72895a7f47f00ffc5/elements - {"using":"xpath","value":"//span[text()='Error']"}
RESULT: {"using":"xpath","value":"//span[text()='Error']"}
COMMAND: POST /session/7ceb2304b37874a72895a7f47f00ffc5/execute/async - {"script":"<script> [1562 bytes]","args":[{"selector":{"controlType":"sap.ui.core.Icon","viewName":"etm.portal.ui.managepartners.view.Master","viewId":"application-managepartners-display-component---masterPtm","properties":{"src":{"regex":{"source":"add"}}}},"wdio_ui5_key":"etmportal.ui.managepartners.view.Mastersap.ui.core.Icon{\"src\":{\"regex\":{\"source\":\"add\"}}}"}]}
RESULT: {"script":"<script> [1562 bytes]","args":[{"selector":{"controlType":"sap.ui.core.Icon","viewName":"etm.portal.ui.managepartners.view.Master","viewId":"application-managepartners-display-component---masterPtm","properties":{"src":{"regex":{"source":"add"}}}},"wdio_ui5_key":"etmportal.ui.managepartners.view.Mastersap.ui.core.Icon{\"src\":{\"regex\":{\"source\":\"add\"}}}"}]}
RESULT: undefined
COMMAND: POST /session/7ceb2304b37874a72895a7f47f00ffc5/element - {"using":"xpath","value":"//*[@id=\"__button4-img\"]"}
RESULT: {"using":"xpath","value":"//*[@id=\"__button4-img\"]"}
COMMAND: POST /session/7ceb2304b37874a72895a7f47f00ffc5/element/f.A2DC6DB0B92729488FE09C376A5B6DB2.d.B0141930F23E9ABCD44EE77323DD0A14.e.1226/click - {}
RESULT: {}
COMMAND: GET /session/7ceb2304b37874a72895a7f47f00ffc5/screenshot - {}
RESULT: {}
COMMAND: POST /session/7ceb2304b37874a72895a7f47f00ffc5/execute/async - {"script":"<script> [1562 bytes]","args":[{"selector":{"id":"application-managepartners-display-component---NewPartner--partnerId","interaction":{"idSuffix":"inner"}},"wdio_ui5_key":"applicationmanagepartners-display-component---NewPartner--partnerId"}]}
RESULT: {"script":"<script> [1562 bytes]","args":[{"selector":{"id":"application-managepartners-display-component---NewPartner--partnerId","interaction":{"idSuffix":"inner"}},"wdio_ui5_key":"applicationmanagepartners-display-component---NewPartner--partnerId"}]}
RESULT: undefined
COMMAND: POST /session/7ceb2304b37874a72895a7f47f00ffc5/execute/async - {"script":"<script> [1562 bytes]","args":[{"selector":{"id":"application-managepartners-display-component---NewPartner--addressDetailDetailsName1","interaction":{"idSuffix":"inner"}},"wdio_ui5_key":"applicationmanagepartners-display-component---NewPartner--addressDetailDetailsName1"}]}
RESULT: {"script":"<script> [1562 bytes]","args":[{"selector":{"id":"application-managepartners-display-component---NewPartner--addressDetailDetailsName1","interaction":{"idSuffix":"inner"}},"wdio_ui5_key":"applicationmanagepartners-display-component---NewPartner--addressDetailDetailsName1"}]}
RESULT: undefined
COMMAND: POST /session/7ceb2304b37874a72895a7f47f00ffc5/execute/async - {"script":"<script> [776 bytes]","args":[{"enterText":"WebdriverPartnerdvn1f","selector":{"id":"application-managepartners-display-component---NewPartner--addressDetailDetailsName1","interaction":{"idSuffix":"inner"}},"clearTextFirst":true,"interactionType":"ENTER_TEXT"}]}
RESULT: {"script":"<script> [776 bytes]","args":[{"enterText":"WebdriverPartnerdvn1f","selector":{"id":"application-managepartners-display-component---NewPartner--addressDetailDetailsName1","interaction":{"idSuffix":"inner"}},"clearTextFirst":true,"interactionType":"ENTER_TEXT"}]}
COMMAND: POST /session/7ceb2304b37874a72895a7f47f00ffc5/execute/async - {"script":"<script> [1562 bytes]","args":[{"selector":{"id":"application-managepartners-display-component---NewPartner--addressDetailDetailsLanguage","interaction":{"idSuffix":"inner"}},"wdio_ui5_key":"applicationmanagepartners-display-component---NewPartner--addressDetailDetailsLanguage"}]}
RESULT: {"script":"<script> [1562 bytes]","args":[{"selector":{"id":"application-managepartners-display-component---NewPartner--addressDetailDetailsLanguage","interaction":{"idSuffix":"inner"}},"wdio_ui5_key":"applicationmanagepartners-display-component---NewPartner--addressDetailDetailsLanguage"}]}
RESULT: undefined
COMMAND: POST /session/7ceb2304b37874a72895a7f47f00ffc5/execute/async - {"script":"<script> [776 bytes]","args":[{"enterText":"Romanian","selector":{"id":"application-managepartners-display-component---NewPartner--addressDetailDetailsLanguage","interaction":{"idSuffix":"inner"}},"clearTextFirst":true,"interactionType":"ENTER_TEXT"}]}
RESULT: {"script":"<script> [776 bytes]","args":[{"enterText":"Romanian","selector":{"id":"application-managepartners-display-component---NewPartner--addressDetailDetailsLanguage","interaction":{"idSuffix":"inner"}},"clearTextFirst":true,"interactionType":"ENTER_TEXT"}]}
COMMAND: POST /session/7ceb2304b37874a72895a7f47f00ffc5/element - {"using":"xpath","value":"//input[contains(@id ,\"application-managepartners-display-component---NewPartner--addressDetailDetailsName1-inner\")]"}
RESULT: {"using":"xpath","value":"//input[contains(@id ,\"application-managepartners-display-component---NewPartner--addressDetailDetailsName1-inner\")]"}
COMMAND: GET /session/7ceb2304b37874a72895a7f47f00ffc5/element/f.A2DC6DB0B92729488FE09C376A5B6DB2.d.B0141930F23E9ABCD44EE77323DD0A14.e.1396/property/value - {}
RESULT: {}
COMMAND: POST /session/7ceb2304b37874a72895a7f47f00ffc5/execute/async - {"script":"<script> [1562 bytes]","args":[{"selector":{"id":"application-managepartners-display-component---NewPartner--addressDetailDetailsCity1","interaction":{"idSuffix":"inner"}},"wdio_ui5_key":"applicationmanagepartners-display-component---NewPartner--addressDetailDetailsCity1"}]}
COMMAND: GET /session/7ceb2304b37874a72895a7f47f00ffc5/screenshot - {}
RESULT: {"script":"<script> [1562 bytes]","args":[{"selector":{"id":"application-managepartners-display-component---NewPartner--addressDetailDetailsCity1","interaction":{"idSuffix":"inner"}},"wdio_ui5_key":"applicationmanagepartners-display-component---NewPartner--addressDetailDetailsCity1"}]}
RESULT: undefined
COMMAND: POST /session/7ceb2304b37874a72895a7f47f00ffc5/execute/async - {"script":"<script> [776 bytes]","args":[{"enterText":"Bucharest","selector":{"id":"application-managepartners-display-component---NewPartner--addressDetailDetailsCity1","interaction":{"idSuffix":"inner"}},"clearTextFirst":true,"interactionType":"ENTER_TEXT"}]}
RESULT: {}
RESULT: {"script":"<script> [776 bytes]","args":[{"enterText":"Bucharest","selector":{"id":"application-managepartners-display-component---NewPartner--addressDetailDetailsCity1","interaction":{"idSuffix":"inner"}},"clearTextFirst":true,"interactionType":"ENTER_TEXT"}]}
COMMAND: POST /session/7ceb2304b37874a72895a7f47f00ffc5/execute/async - {"script":"<script> [1562 bytes]","args":[{"selector":{"id":"application-managepartners-display-component---NewPartner--addressDetailDetailsCountry","interaction":{"idSuffix":"inner"}},"wdio_ui5_key":"applicationmanagepartners-display-component---NewPartner--addressDetailDetailsCountry"}]}
RESULT: {"script":"<script> [1562 bytes]","args":[{"selector":{"id":"application-managepartners-display-component---NewPartner--addressDetailDetailsCountry","interaction":{"idSuffix":"inner"}},"wdio_ui5_key":"applicationmanagepartners-display-component---NewPartner--addressDetailDetailsCountry"}]}
RESULT: undefined
COMMAND: POST /session/7ceb2304b37874a72895a7f47f00ffc5/execute/async - {"script":"<script> [6424 bytes]","args":[{"element-6066-11e4-a52e-4f735466cecf":"f.A2DC6DB0B92729488FE09C376A5B6DB2.d.B0141930F23E9ABCD44EE77323DD0A14.e.1403"},"setValue",["Romania"]]}
RESULT: {"script":"<script> [6424 bytes]","args":[{"element-6066-11e4-a52e-4f735466cecf":"f.A2DC6DB0B92729488FE09C376A5B6DB2.d.B0141930F23E9ABCD44EE77323DD0A14.e.1403"},"setValue",["Romania"]]}
COMMAND: POST /session/7ceb2304b37874a72895a7f47f00ffc5/execute/async - {"script":"<script> [1562 bytes]","args":[{"selector":{"id":"application-managepartners-display-component---NewPartner--partnerDetailInternal","interaction":{"idSuffix":"inner"}},"wdio_ui5_key":"applicationmanagepartners-display-component---NewPartner--partnerDetailInternal"}]}
RESULT: {"script":"<script> [1562 bytes]","args":[{"selector":{"id":"application-managepartners-display-component---NewPartner--partnerDetailInternal","interaction":{"idSuffix":"inner"}},"wdio_ui5_key":"applicationmanagepartners-display-component---NewPartner--partnerDetailInternal"}]}
RESULT: undefined
COMMAND: POST /session/7ceb2304b37874a72895a7f47f00ffc5/execute/async - {"script":"<script> [776 bytes]","args":[{"enterText":"External partner","selector":{"id":"application-managepartners-display-component---NewPartner--partnerDetailInternal","interaction":{"idSuffix":"inner"}},"clearTextFirst":true,"interactionType":"ENTER_TEXT"}]}
RESULT: {"script":"<script> [776 bytes]","args":[{"enterText":"External partner","selector":{"id":"application-managepartners-display-component---NewPartner--partnerDetailInternal","interaction":{"idSuffix":"inner"}},"clearTextFirst":true,"interactionType":"ENTER_TEXT"}]}
COMMAND: POST /session/7ceb2304b37874a72895a7f47f00ffc5/execute/async - {"script":"<script> [1562 bytes]","args":[{"selector":{"id":"application-managepartners-display-component---NewPartner--partnerDetailsCurrency","interaction":{"idSuffix":"inner"}},"wdio_ui5_key":"applicationmanagepartners-display-component---NewPartner--partnerDetailsCurrency"}]}
RESULT: {"script":"<script> [1562 bytes]","args":[{"selector":{"id":"application-managepartners-display-component---NewPartner--partnerDetailsCurrency","interaction":{"idSuffix":"inner"}},"wdio_ui5_key":"applicationmanagepartners-display-component---NewPartner--partnerDetailsCurrency"}]}
RESULT: undefined
COMMAND: POST /session/7ceb2304b37874a72895a7f47f00ffc5/execute/async - {"script":"<script> [776 bytes]","args":[{"enterText":"Euro","selector":{"id":"application-managepartners-display-component---NewPartner--partnerDetailsCurrency","interaction":{"idSuffix":"inner"}},"clearTextFirst":true,"interactionType":"ENTER_TEXT"}]}
RESULT: {"script":"<script> [776 bytes]","args":[{"enterText":"Euro","selector":{"id":"application-managepartners-display-component---NewPartner--partnerDetailsCurrency","interaction":{"idSuffix":"inner"}},"clearTextFirst":true,"interactionType":"ENTER_TEXT"}]}
COMMAND: POST /session/7ceb2304b37874a72895a7f47f00ffc5/execute/async - {"script":"<script> [1562 bytes]","args":[{"selector":{"controlType":"sap.m.Button","viewName":"etm.portal.ui.managepartners.view.NewPartner","viewId":"application-managepartners-display-component---NewPartner","properties":{"text":"Commercial"},"interaction":{"idSuffix":"BDI-content"}},"wdio_ui5_key":"etmportal.ui.managepartners.view.NewPartnersap.m.Button{\"text\":\"Commercial\"}"}]}
RESULT: {"script":"<script> [1562 bytes]","args":[{"selector":{"controlType":"sap.m.Button","viewName":"etm.portal.ui.managepartners.view.NewPartner","viewId":"application-managepartners-display-component---NewPartner","properties":{"text":"Commercial"},"interaction":{"idSuffix":"BDI-content"}},"wdio_ui5_key":"etmportal.ui.managepartners.view.NewPartnersap.m.Button{\"text\":\"Commercial\"}"}]}
RESULT: undefined
COMMAND: POST /session/7ceb2304b37874a72895a7f47f00ffc5/element - {"using":"xpath","value":"//*[@id=\"application-managepartners-display-component---NewPartner--ObjectPageLayout-anchBar-__section5-anchor\"]"}
RESULT: {"using":"xpath","value":"//*[@id=\"application-managepartners-display-component---NewPartner--ObjectPageLayout-anchBar-__section5-anchor\"]"}
COMMAND: POST /session/7ceb2304b37874a72895a7f47f00ffc5/element/f.A2DC6DB0B92729488FE09C376A5B6DB2.d.B0141930F23E9ABCD44EE77323DD0A14.e.1654/click - {}
RESULT: {}
COMMAND: GET /session/7ceb2304b37874a72895a7f47f00ffc5/screenshot - {}
RESULT: {}
COMMAND: POST /session/7ceb2304b37874a72895a7f47f00ffc5/execute/async - {"script":"<script> [1562 bytes]","args":[{"selector":{"id":"application-managepartners-display-component---NewPartner--btnAddTableRow-img"},"wdio_ui5_key":"applicationmanagepartners-display-component---NewPartner--btnAddTableRow-img"}]}
RESULT: {"script":"<script> [1562 bytes]","args":[{"selector":{"id":"application-managepartners-display-component---NewPartner--btnAddTableRow-img"},"wdio_ui5_key":"applicationmanagepartners-display-component---NewPartner--btnAddTableRow-img"}]}
RESULT: undefined
COMMAND: POST /session/7ceb2304b37874a72895a7f47f00ffc5/element - {"using":"xpath","value":"//*[@id=\"application-managepartners-display-component---NewPartner--btnAddTableRow-img\"]"}
RESULT: {"using":"xpath","value":"//*[@id=\"application-managepartners-display-component---NewPartner--btnAddTableRow-img\"]"}
COMMAND: POST /session/7ceb2304b37874a72895a7f47f00ffc5/element/f.A2DC6DB0B92729488FE09C376A5B6DB2.d.B0141930F23E9ABCD44EE77323DD0A14.e.1660/click - {}
RESULT: {}
COMMAND: POST /session/7ceb2304b37874a72895a7f47f00ffc5/element - {"using":"xpath","value":"//input[contains(@id ,\"application-managepartners-display-component---NewPartner--assignmentYard-application-managepartners-display-component---NewPartner\")]"}
COMMAND: GET /session/7ceb2304b37874a72895a7f47f00ffc5/screenshot - {}
RESULT: {"using":"xpath","value":"//input[contains(@id ,\"application-managepartners-display-component---NewPartner--assignmentYard-application-managepartners-display-component---NewPartner\")]"}
COMMAND: POST /session/7ceb2304b37874a72895a7f47f00ffc5/element/f.A2DC6DB0B92729488FE09C376A5B6DB2.d.B0141930F23E9ABCD44EE77323DD0A14.e.1663/clear - {}
RESULT: {}
RESULT: {}
COMMAND: POST /session/7ceb2304b37874a72895a7f47f00ffc5/element/f.A2DC6DB0B92729488FE09C376A5B6DB2.d.B0141930F23E9ABCD44EE77323DD0A14.e.1663/value - {"text":"WebdriverYard1clzi"}
COMMAND: GET /session/7ceb2304b37874a72895a7f47f00ffc5/screenshot - {}
RESULT: {"text":"WebdriverYard1clzi"}
COMMAND: GET /session/7ceb2304b37874a72895a7f47f00ffc5/screenshot - {}
RESULT: {}
RESULT: {}
COMMAND: POST /session/7ceb2304b37874a72895a7f47f00ffc5/execute/async - {"script":"<script> [1562 bytes]","args":[{"selector":{"controlType":"sap.m.Button","viewName":"etm.portal.ui.managepartners.view.NewPartner","viewId":"application-managepartners-display-component---NewPartner","i18NText":{"propertyName":"text","key":"save"},"interaction":{"idSuffix":"BDI-content"}},"wdio_ui5_key":"etmportal.ui.managepartners.view.NewPartnersap.m.Button{\"propertyName\":\"text\",\"key\":\"save\"}"}]}
RESULT: {"script":"<script> [1562 bytes]","args":[{"selector":{"controlType":"sap.m.Button","viewName":"etm.portal.ui.managepartners.view.NewPartner","viewId":"application-managepartners-display-component---NewPartner","i18NText":{"propertyName":"text","key":"save"},"interaction":{"idSuffix":"BDI-content"}},"wdio_ui5_key":"etmportal.ui.managepartners.view.NewPartnersap.m.Button{\"propertyName\":\"text\",\"key\":\"save\"}"}]}
RESULT: undefined
COMMAND: POST /session/7ceb2304b37874a72895a7f47f00ffc5/element - {"using":"xpath","value":"//*[@id=\"__button12\"]"}
RESULT: {"using":"xpath","value":"//*[@id=\"__button12\"]"}
COMMAND: POST /session/7ceb2304b37874a72895a7f47f00ffc5/element/f.A2DC6DB0B92729488FE09C376A5B6DB2.d.B0141930F23E9ABCD44EE77323DD0A14.e.1593/click - {}
RESULT: {}
COMMAND: GET /session/7ceb2304b37874a72895a7f47f00ffc5/screenshot - {}
RESULT: {}
COMMAND: POST /session/7ceb2304b37874a72895a7f47f00ffc5/element - {"using":"xpath","value":"//header/div/div[2]/div[2]/span"}
RESULT: {"using":"xpath","value":"//header/div/div[2]/div[2]/span"}
COMMAND: GET /session/7ceb2304b37874a72895a7f47f00ffc5/element/f.A2DC6DB0B92729488FE09C376A5B6DB2.d.B0141930F23E9ABCD44EE77323DD0A14.e.1832/text - {}
RESULT: {}
COMMAND: POST /session/7ceb2304b37874a72895a7f47f00ffc5/element - {"using":"xpath","value":"//header/div/div/div/div/div/div[2]/div/span"}
RESULT: {"using":"xpath","value":"//header/div/div/div/div/div/div[2]/div/span"}
COMMAND: GET /session/7ceb2304b37874a72895a7f47f00ffc5/element/f.A2DC6DB0B92729488FE09C376A5B6DB2.d.B0141930F23E9ABCD44EE77323DD0A14.e.1833/text - {}
RESULT: {}
COMMAND: POST /session/7ceb2304b37874a72895a7f47f00ffc5/execute/async - {"script":"<script> [1562 bytes]","args":[{"selector":{"id":"application-managepartners-display-component---detailPtm--partnerType"},"wdio_ui5_key":"applicationmanagepartners-display-component---detailPtm--partnerType"}]}
RESULT: {"script":"<script> [1562 bytes]","args":[{"selector":{"id":"application-managepartners-display-component---detailPtm--partnerType"},"wdio_ui5_key":"applicationmanagepartners-display-component---detailPtm--partnerType"}]}
RESULT: undefined
COMMAND: POST /session/7ceb2304b37874a72895a7f47f00ffc5/execute/async - {"script":"<script> [6424 bytes]","args":[{"element-6066-11e4-a52e-4f735466cecf":"f.A2DC6DB0B92729488FE09C376A5B6DB2.d.B0141930F23E9ABCD44EE77323DD0A14.e.1834"},"getText",[]]}
RESULT: {"script":"<script> [6424 bytes]","args":[{"element-6066-11e4-a52e-4f735466cecf":"f.A2DC6DB0B92729488FE09C376A5B6DB2.d.B0141930F23E9ABCD44EE77323DD0A14.e.1834"},"getText",[]]}
COMMAND: POST /session/7ceb2304b37874a72895a7f47f00ffc5/element - {"using":"css selector","value":"#shell-header-logo"}
RESULT: {"using":"css selector","value":"#shell-header-logo"}
COMMAND: POST /session/7ceb2304b37874a72895a7f47f00ffc5/element/f.A2DC6DB0B92729488FE09C376A5B6DB2.d.B0141930F23E9ABCD44EE77323DD0A14.e.1177/click - {}
RESULT: {}
COMMAND: GET /session/7ceb2304b37874a72895a7f47f00ffc5/screenshot - {}
RESULT: {}
]]></system-out>
    </testcase>
    <testcase classname="chrome.137_0_7151_56.windows.Manage_Requests_Tags_Tests_US120163" name="Should create a new site" time="99.924">
      <system-out><![CDATA[
COMMAND: POST /session/7ceb2304b37874a72895a7f47f00ffc5/execute/async - {"script":"<script> [1562 bytes]","args":[{"selector":{"controlType":"sap.m.GenericTile","properties":{"header":"Manage Sites"}},"wdio_ui5_key":"sapm.GenericTile{\"header\":\"Manage Sites\"}"}]}
RESULT: {"script":"<script> [1562 bytes]","args":[{"selector":{"controlType":"sap.m.GenericTile","properties":{"header":"Manage Sites"}},"wdio_ui5_key":"sapm.GenericTile{\"header\":\"Manage Sites\"}"}]}
RESULT: undefined
COMMAND: POST /session/7ceb2304b37874a72895a7f47f00ffc5/element - {"using":"xpath","value":"//*[@id=\"__tile40\"]"}
RESULT: {"using":"xpath","value":"//*[@id=\"__tile40\"]"}
COMMAND: POST /session/7ceb2304b37874a72895a7f47f00ffc5/element/f.A2DC6DB0B92729488FE09C376A5B6DB2.d.B0141930F23E9ABCD44EE77323DD0A14.e.1836/click - {}
RESULT: {}
COMMAND: GET /session/7ceb2304b37874a72895a7f47f00ffc5/screenshot - {}
RESULT: {}
COMMAND: POST /session/7ceb2304b37874a72895a7f47f00ffc5/elements - {"using":"xpath","value":"//span[text()='Error']"}
RESULT: {"using":"xpath","value":"//span[text()='Error']"}
COMMAND: POST /session/7ceb2304b37874a72895a7f47f00ffc5/execute/async - {"script":"<script> [1562 bytes]","args":[{"selector":{"controlType":"sap.ui.core.Icon","viewName":"etm.portal.ui.managesites.view.Master","viewId":"application-managesites-display-component---masterSite","properties":{"src":{"regex":{"source":"add"}}}},"wdio_ui5_key":"etmportal.ui.managesites.view.Mastersap.ui.core.Icon{\"src\":{\"regex\":{\"source\":\"add\"}}}"}]}
RESULT: {"script":"<script> [1562 bytes]","args":[{"selector":{"controlType":"sap.ui.core.Icon","viewName":"etm.portal.ui.managesites.view.Master","viewId":"application-managesites-display-component---masterSite","properties":{"src":{"regex":{"source":"add"}}}},"wdio_ui5_key":"etmportal.ui.managesites.view.Mastersap.ui.core.Icon{\"src\":{\"regex\":{\"source\":\"add\"}}}"}]}
RESULT: undefined
COMMAND: POST /session/7ceb2304b37874a72895a7f47f00ffc5/element - {"using":"xpath","value":"//*[@id=\"__button52-img\"]"}
RESULT: {"using":"xpath","value":"//*[@id=\"__button52-img\"]"}
COMMAND: POST /session/7ceb2304b37874a72895a7f47f00ffc5/element/f.A2DC6DB0B92729488FE09C376A5B6DB2.d.B0141930F23E9ABCD44EE77323DD0A14.e.1883/click - {}
RESULT: {}
COMMAND: POST /session/7ceb2304b37874a72895a7f47f00ffc5/execute/async - {"script":"<script> [1562 bytes]","args":[{"selector":{"id":"application-managesites-display-component---NewSite--siteId","interaction":{"idSuffix":"inner"}},"wdio_ui5_key":"applicationmanagesites-display-component---NewSite--siteId"}]}
COMMAND: GET /session/7ceb2304b37874a72895a7f47f00ffc5/screenshot - {}
RESULT: {"script":"<script> [1562 bytes]","args":[{"selector":{"id":"application-managesites-display-component---NewSite--siteId","interaction":{"idSuffix":"inner"}},"wdio_ui5_key":"applicationmanagesites-display-component---NewSite--siteId"}]}
RESULT: undefined
COMMAND: POST /session/7ceb2304b37874a72895a7f47f00ffc5/execute/async - {"script":"<script> [1562 bytes]","args":[{"selector":{"id":"application-managesites-display-component---NewSite--addressDetailDetailsName1","interaction":{"idSuffix":"inner"}},"wdio_ui5_key":"applicationmanagesites-display-component---NewSite--addressDetailDetailsName1"}]}
RESULT: {}
RESULT: {"script":"<script> [1562 bytes]","args":[{"selector":{"id":"application-managesites-display-component---NewSite--addressDetailDetailsName1","interaction":{"idSuffix":"inner"}},"wdio_ui5_key":"applicationmanagesites-display-component---NewSite--addressDetailDetailsName1"}]}
RESULT: undefined
COMMAND: POST /session/7ceb2304b37874a72895a7f47f00ffc5/execute/async - {"script":"<script> [776 bytes]","args":[{"enterText":"WebdriverSitefw7o9l","selector":{"id":"application-managesites-display-component---NewSite--addressDetailDetailsName1","interaction":{"idSuffix":"inner"}},"clearTextFirst":true,"interactionType":"ENTER_TEXT"}]}
RESULT: {"script":"<script> [776 bytes]","args":[{"enterText":"WebdriverSitefw7o9l","selector":{"id":"application-managesites-display-component---NewSite--addressDetailDetailsName1","interaction":{"idSuffix":"inner"}},"clearTextFirst":true,"interactionType":"ENTER_TEXT"}]}
COMMAND: POST /session/7ceb2304b37874a72895a7f47f00ffc5/execute/async - {"script":"<script> [1562 bytes]","args":[{"selector":{"id":"application-managesites-display-component---NewSite--addressDetailDetailsLanguage","interaction":{"idSuffix":"inner"}},"wdio_ui5_key":"applicationmanagesites-display-component---NewSite--addressDetailDetailsLanguage"}]}
RESULT: {"script":"<script> [1562 bytes]","args":[{"selector":{"id":"application-managesites-display-component---NewSite--addressDetailDetailsLanguage","interaction":{"idSuffix":"inner"}},"wdio_ui5_key":"applicationmanagesites-display-component---NewSite--addressDetailDetailsLanguage"}]}
RESULT: undefined
COMMAND: POST /session/7ceb2304b37874a72895a7f47f00ffc5/execute/async - {"script":"<script> [776 bytes]","args":[{"enterText":"Romanian","selector":{"id":"application-managesites-display-component---NewSite--addressDetailDetailsLanguage","interaction":{"idSuffix":"inner"}},"clearTextFirst":true,"interactionType":"ENTER_TEXT"}]}
RESULT: {"script":"<script> [776 bytes]","args":[{"enterText":"Romanian","selector":{"id":"application-managesites-display-component---NewSite--addressDetailDetailsLanguage","interaction":{"idSuffix":"inner"}},"clearTextFirst":true,"interactionType":"ENTER_TEXT"}]}
COMMAND: POST /session/7ceb2304b37874a72895a7f47f00ffc5/execute/async - {"script":"<script> [1562 bytes]","args":[{"selector":{"id":"application-managesites-display-component---NewSite--addressDetailDetailsCity1","interaction":{"idSuffix":"inner"}},"wdio_ui5_key":"applicationmanagesites-display-component---NewSite--addressDetailDetailsCity1"}]}
RESULT: {"script":"<script> [1562 bytes]","args":[{"selector":{"id":"application-managesites-display-component---NewSite--addressDetailDetailsCity1","interaction":{"idSuffix":"inner"}},"wdio_ui5_key":"applicationmanagesites-display-component---NewSite--addressDetailDetailsCity1"}]}
RESULT: undefined
COMMAND: POST /session/7ceb2304b37874a72895a7f47f00ffc5/execute/async - {"script":"<script> [776 bytes]","args":[{"enterText":"Bucharest","selector":{"id":"application-managesites-display-component---NewSite--addressDetailDetailsCity1","interaction":{"idSuffix":"inner"}},"clearTextFirst":true,"interactionType":"ENTER_TEXT"}]}
RESULT: {"script":"<script> [776 bytes]","args":[{"enterText":"Bucharest","selector":{"id":"application-managesites-display-component---NewSite--addressDetailDetailsCity1","interaction":{"idSuffix":"inner"}},"clearTextFirst":true,"interactionType":"ENTER_TEXT"}]}
COMMAND: POST /session/7ceb2304b37874a72895a7f47f00ffc5/execute/async - {"script":"<script> [1562 bytes]","args":[{"selector":{"id":"application-managesites-display-component---NewSite--addressDetailDetailsCountry","interaction":{"idSuffix":"inner"}},"wdio_ui5_key":"applicationmanagesites-display-component---NewSite--addressDetailDetailsCountry"}]}
RESULT: {"script":"<script> [1562 bytes]","args":[{"selector":{"id":"application-managesites-display-component---NewSite--addressDetailDetailsCountry","interaction":{"idSuffix":"inner"}},"wdio_ui5_key":"applicationmanagesites-display-component---NewSite--addressDetailDetailsCountry"}]}
RESULT: undefined
COMMAND: POST /session/7ceb2304b37874a72895a7f47f00ffc5/execute/async - {"script":"<script> [776 bytes]","args":[{"enterText":"Romania","selector":{"id":"application-managesites-display-component---NewSite--addressDetailDetailsCountry","interaction":{"idSuffix":"inner"}},"clearTextFirst":true,"interactionType":"ENTER_TEXT"}]}
RESULT: {"script":"<script> [776 bytes]","args":[{"enterText":"Romania","selector":{"id":"application-managesites-display-component---NewSite--addressDetailDetailsCountry","interaction":{"idSuffix":"inner"}},"clearTextFirst":true,"interactionType":"ENTER_TEXT"}]}
COMMAND: POST /session/7ceb2304b37874a72895a7f47f00ffc5/element - {"using":"css selector","value":"#application-managesites-display-component---NewSite--addressDetailDetailsCalendar-inner"}
RESULT: {"using":"css selector","value":"#application-managesites-display-component---NewSite--addressDetailDetailsCalendar-inner"}
COMMAND: POST /session/7ceb2304b37874a72895a7f47f00ffc5/element/f.A2DC6DB0B92729488FE09C376A5B6DB2.d.B0141930F23E9ABCD44EE77323DD0A14.e.2100/clear - {}
RESULT: {}
COMMAND: POST /session/7ceb2304b37874a72895a7f47f00ffc5/element/f.A2DC6DB0B92729488FE09C376A5B6DB2.d.B0141930F23E9ABCD44EE77323DD0A14.e.2100/value - {"text":"Germany"}
COMMAND: GET /session/7ceb2304b37874a72895a7f47f00ffc5/screenshot - {}
RESULT: {"text":"Germany"}
COMMAND: POST /session/7ceb2304b37874a72895a7f47f00ffc5/execute/async - {"script":"<script> [1562 bytes]","args":[{"selector":{"id":"application-managesites-display-component---NewSite--addressEditDetailsCostObjectCstType-arrow"},"wdio_ui5_key":"applicationmanagesites-display-component---NewSite--addressEditDetailsCostObjectCstType-arrow"}]}
COMMAND: GET /session/7ceb2304b37874a72895a7f47f00ffc5/screenshot - {}
RESULT: {}
RESULT: {"script":"<script> [1562 bytes]","args":[{"selector":{"id":"application-managesites-display-component---NewSite--addressEditDetailsCostObjectCstType-arrow"},"wdio_ui5_key":"applicationmanagesites-display-component---NewSite--addressEditDetailsCostObjectCstType-arrow"}]}
RESULT: undefined
COMMAND: POST /session/7ceb2304b37874a72895a7f47f00ffc5/element - {"using":"xpath","value":"//*[@id=\"application-managesites-display-component---NewSite--addressEditDetailsCostObjectCstType-arrow\"]"}
RESULT: {}
RESULT: {"using":"xpath","value":"//*[@id=\"application-managesites-display-component---NewSite--addressEditDetailsCostObjectCstType-arrow\"]"}
COMMAND: POST /session/7ceb2304b37874a72895a7f47f00ffc5/element/f.A2DC6DB0B92729488FE09C376A5B6DB2.d.B0141930F23E9ABCD44EE77323DD0A14.e.2275/click - {}
RESULT: {}
COMMAND: POST /session/7ceb2304b37874a72895a7f47f00ffc5/element - {"using":"xpath","value":"//span[contains(text(), \"Work Breakdown Structure\")]"}
COMMAND: GET /session/7ceb2304b37874a72895a7f47f00ffc5/screenshot - {}
RESULT: {"using":"xpath","value":"//span[contains(text(), \"Work Breakdown Structure\")]"}
COMMAND: POST /session/7ceb2304b37874a72895a7f47f00ffc5/element/f.A2DC6DB0B92729488FE09C376A5B6DB2.d.B0141930F23E9ABCD44EE77323DD0A14.e.2276/click - {}
RESULT: {}
RESULT: {}
COMMAND: GET /session/7ceb2304b37874a72895a7f47f00ffc5/screenshot - {}
RESULT: {}
COMMAND: POST /session/7ceb2304b37874a72895a7f47f00ffc5/execute/async - {"script":"<script> [1562 bytes]","args":[{"selector":{"id":"application-managesites-display-component---NewSite--addressNewCostObjectCstID-vhi"},"wdio_ui5_key":"applicationmanagesites-display-component---NewSite--addressNewCostObjectCstID-vhi"}]}
RESULT: {"script":"<script> [1562 bytes]","args":[{"selector":{"id":"application-managesites-display-component---NewSite--addressNewCostObjectCstID-vhi"},"wdio_ui5_key":"applicationmanagesites-display-component---NewSite--addressNewCostObjectCstID-vhi"}]}
RESULT: undefined
COMMAND: POST /session/7ceb2304b37874a72895a7f47f00ffc5/element - {"using":"xpath","value":"//*[@id=\"application-managesites-display-component---NewSite--addressNewCostObjectCstID-vhi\"]"}
RESULT: {"using":"xpath","value":"//*[@id=\"application-managesites-display-component---NewSite--addressNewCostObjectCstID-vhi\"]"}
COMMAND: POST /session/7ceb2304b37874a72895a7f47f00ffc5/element/f.A2DC6DB0B92729488FE09C376A5B6DB2.d.B0141930F23E9ABCD44EE77323DD0A14.e.2280/click - {}
RESULT: {}
COMMAND: GET /session/7ceb2304b37874a72895a7f47f00ffc5/screenshot - {}
RESULT: {}
COMMAND: POST /session/7ceb2304b37874a72895a7f47f00ffc5/execute/async - {"script":"<script> [1562 bytes]","args":[{"selector":{"controlType":"sap.m.SearchField","properties":{"placeholder":"Search"},"searchOpenDialogs":true,"interaction":{"idSuffix":"I"}},"wdio_ui5_key":"sapm.SearchField{\"placeholder\":\"Search\"}"}]}
RESULT: {"script":"<script> [1562 bytes]","args":[{"selector":{"controlType":"sap.m.SearchField","properties":{"placeholder":"Search"},"searchOpenDialogs":true,"interaction":{"idSuffix":"I"}},"wdio_ui5_key":"sapm.SearchField{\"placeholder\":\"Search\"}"}]}
RESULT: undefined
COMMAND: POST /session/7ceb2304b37874a72895a7f47f00ffc5/execute/async - {"script":"<script> [776 bytes]","args":[{"enterText":"A1-000100-01","selector":{"controlType":"sap.m.SearchField","properties":{"placeholder":"Search"},"searchOpenDialogs":true,"interaction":{"idSuffix":"I"}},"clearTextFirst":true,"interactionType":"ENTER_TEXT"}]}
RESULT: {"script":"<script> [776 bytes]","args":[{"enterText":"A1-000100-01","selector":{"controlType":"sap.m.SearchField","properties":{"placeholder":"Search"},"searchOpenDialogs":true,"interaction":{"idSuffix":"I"}},"clearTextFirst":true,"interactionType":"ENTER_TEXT"}]}
COMMAND: POST /session/7ceb2304b37874a72895a7f47f00ffc5/actions - {"actions":[{"id":"action3","type":"key","parameters":{},"actions":[{"type":"keyDown","value":"î€‡"},{"type":"pause","duration":10},{"type":"keyUp","value":"î€‡"}]}]}
RESULT: {"actions":[{"id":"action3","type":"key","parameters":{},"actions":[{"type":"keyDown","value":"î€‡"},{"type":"pause","duration":10},{"type":"keyUp","value":"î€‡"}]}]}
COMMAND: GET /session/7ceb2304b37874a72895a7f47f00ffc5/screenshot - {}
RESULT: {}
COMMAND: POST /session/7ceb2304b37874a72895a7f47f00ffc5/element - {"using":"xpath","value":"//span[contains(text(), \"Template for ETO-Process\")]"}
RESULT: {"using":"xpath","value":"//span[contains(text(), \"Template for ETO-Process\")]"}
COMMAND: POST /session/7ceb2304b37874a72895a7f47f00ffc5/element/f.A2DC6DB0B92729488FE09C376A5B6DB2.d.B0141930F23E9ABCD44EE77323DD0A14.e.2300/click - {}
RESULT: {}
COMMAND: GET /session/7ceb2304b37874a72895a7f47f00ffc5/screenshot - {}
RESULT: {}
COMMAND: POST /session/7ceb2304b37874a72895a7f47f00ffc5/element - {"using":"xpath","value":"//bdi[contains(text(), \"OK\")]"}
RESULT: {"using":"xpath","value":"//bdi[contains(text(), \"OK\")]"}
COMMAND: POST /session/7ceb2304b37874a72895a7f47f00ffc5/element/f.A2DC6DB0B92729488FE09C376A5B6DB2.d.B0141930F23E9ABCD44EE77323DD0A14.e.2301/click - {}
RESULT: {}
COMMAND: GET /session/7ceb2304b37874a72895a7f47f00ffc5/screenshot - {}
RESULT: {}
COMMAND: POST /session/7ceb2304b37874a72895a7f47f00ffc5/element - {"using":"xpath","value":"//input[@id=\"application-managesites-display-component---NewSite--addressDetailDetailsYard-inner\"]"}
RESULT: {"using":"xpath","value":"//input[@id=\"application-managesites-display-component---NewSite--addressDetailDetailsYard-inner\"]"}
COMMAND: POST /session/7ceb2304b37874a72895a7f47f00ffc5/element/f.A2DC6DB0B92729488FE09C376A5B6DB2.d.B0141930F23E9ABCD44EE77323DD0A14.e.2101/value - {"text":"WebdriverYard1clzi"}
RESULT: {"text":"WebdriverYard1clzi"}
COMMAND: GET /session/7ceb2304b37874a72895a7f47f00ffc5/screenshot - {}
RESULT: {}
COMMAND: POST /session/7ceb2304b37874a72895a7f47f00ffc5/actions - {"actions":[{"id":"action4","type":"key","parameters":{},"actions":[{"type":"keyDown","value":"î€‡"},{"type":"pause","duration":10},{"type":"keyUp","value":"î€‡"}]}]}
RESULT: {"actions":[{"id":"action4","type":"key","parameters":{},"actions":[{"type":"keyDown","value":"î€‡"},{"type":"pause","duration":10},{"type":"keyUp","value":"î€‡"}]}]}
COMMAND: GET /session/7ceb2304b37874a72895a7f47f00ffc5/screenshot - {}
RESULT: {}
COMMAND: POST /session/7ceb2304b37874a72895a7f47f00ffc5/element - {"using":"xpath","value":"//input[@id=\"application-managesites-display-component---NewSite--addressDetailDetailsPartner-inner\"]"}
RESULT: {"using":"xpath","value":"//input[@id=\"application-managesites-display-component---NewSite--addressDetailDetailsPartner-inner\"]"}
COMMAND: POST /session/7ceb2304b37874a72895a7f47f00ffc5/elements - {"using":"xpath","value":"//input[@id=\"application-managesites-display-component---NewSite--addressDetailDetailsPartner-inner\"]"}
RESULT: {"using":"xpath","value":"//input[@id=\"application-managesites-display-component---NewSite--addressDetailDetailsPartner-inner\"]"}
COMMAND: POST /session/7ceb2304b37874a72895a7f47f00ffc5/execute/async - {"script":"<script> [1562 bytes]","args":[{"selector":{"controlType":"sap.m.Button","viewName":"etm.portal.ui.managesites.view.NewSmartSite","viewId":"application-managesites-display-component---NewSite","properties":{"text":"Commercial"},"interaction":{"idSuffix":"BDI-content"}},"wdio_ui5_key":"etmportal.ui.managesites.view.NewSmartSitesap.m.Button{\"text\":\"Commercial\"}"}]}
RESULT: {"script":"<script> [1562 bytes]","args":[{"selector":{"controlType":"sap.m.Button","viewName":"etm.portal.ui.managesites.view.NewSmartSite","viewId":"application-managesites-display-component---NewSite","properties":{"text":"Commercial"},"interaction":{"idSuffix":"BDI-content"}},"wdio_ui5_key":"etmportal.ui.managesites.view.NewSmartSitesap.m.Button{\"text\":\"Commercial\"}"}]}
RESULT: undefined
COMMAND: POST /session/7ceb2304b37874a72895a7f47f00ffc5/element - {"using":"xpath","value":"//*[@id=\"application-managesites-display-component---NewSite--ObjectPageLayout-anchBar-__section31-anchor\"]"}
RESULT: {"using":"xpath","value":"//*[@id=\"application-managesites-display-component---NewSite--ObjectPageLayout-anchBar-__section31-anchor\"]"}
COMMAND: POST /session/7ceb2304b37874a72895a7f47f00ffc5/element/f.A2DC6DB0B92729488FE09C376A5B6DB2.d.B0141930F23E9ABCD44EE77323DD0A14.e.2329/click - {}
RESULT: {}
COMMAND: POST /session/7ceb2304b37874a72895a7f47f00ffc5/execute/async - {"script":"<script> [1562 bytes]","args":[{"selector":{"controlType":"sap.m.Button","viewName":"etm.portal.ui.managesites.view.NewSmartSite","viewId":"application-managesites-display-component---NewSite","i18NText":{"propertyName":"text","key":"save"},"interaction":{"idSuffix":"BDI-content"}},"wdio_ui5_key":"etmportal.ui.managesites.view.NewSmartSitesap.m.Button{\"propertyName\":\"text\",\"key\":\"save\"}"}]}
COMMAND: GET /session/7ceb2304b37874a72895a7f47f00ffc5/screenshot - {}
RESULT: {"script":"<script> [1562 bytes]","args":[{"selector":{"controlType":"sap.m.Button","viewName":"etm.portal.ui.managesites.view.NewSmartSite","viewId":"application-managesites-display-component---NewSite","i18NText":{"propertyName":"text","key":"save"},"interaction":{"idSuffix":"BDI-content"}},"wdio_ui5_key":"etmportal.ui.managesites.view.NewSmartSitesap.m.Button{\"propertyName\":\"text\",\"key\":\"save\"}"}]}
RESULT: undefined
COMMAND: POST /session/7ceb2304b37874a72895a7f47f00ffc5/element - {"using":"xpath","value":"//*[@id=\"__button64\"]"}
RESULT: {}
RESULT: {"using":"xpath","value":"//*[@id=\"__button64\"]"}
COMMAND: POST /session/7ceb2304b37874a72895a7f47f00ffc5/element/f.A2DC6DB0B92729488FE09C376A5B6DB2.d.B0141930F23E9ABCD44EE77323DD0A14.e.2247/click - {}
RESULT: {}
COMMAND: GET /session/7ceb2304b37874a72895a7f47f00ffc5/screenshot - {}
RESULT: {}
COMMAND: POST /session/7ceb2304b37874a72895a7f47f00ffc5/execute/async - {"script":"<script> [1562 bytes]","args":[{"selector":{"id":"application-managesites-display-component---detailSite--addressDetailDetailsYardText"},"wdio_ui5_key":"applicationmanagesites-display-component---detailSite--addressDetailDetailsYardText"}]}
RESULT: {"script":"<script> [1562 bytes]","args":[{"selector":{"id":"application-managesites-display-component---detailSite--addressDetailDetailsYardText"},"wdio_ui5_key":"applicationmanagesites-display-component---detailSite--addressDetailDetailsYardText"}]}
RESULT: undefined
COMMAND: POST /session/7ceb2304b37874a72895a7f47f00ffc5/element - {"using":"xpath","value":"//header/div/div[2]/div[2]/span"}
RESULT: {"using":"xpath","value":"//header/div/div[2]/div[2]/span"}
COMMAND: GET /session/7ceb2304b37874a72895a7f47f00ffc5/element/f.A2DC6DB0B92729488FE09C376A5B6DB2.d.B0141930F23E9ABCD44EE77323DD0A14.e.2536/text - {}
RESULT: {}
COMMAND: POST /session/7ceb2304b37874a72895a7f47f00ffc5/element - {"using":"xpath","value":"//header/div/div/div/div/div/div[2]/div/span"}
RESULT: {"using":"xpath","value":"//header/div/div/div/div/div/div[2]/div/span"}
COMMAND: GET /session/7ceb2304b37874a72895a7f47f00ffc5/element/f.A2DC6DB0B92729488FE09C376A5B6DB2.d.B0141930F23E9ABCD44EE77323DD0A14.e.2537/text - {}
RESULT: {}
COMMAND: POST /session/7ceb2304b37874a72895a7f47f00ffc5/element - {"using":"css selector","value":"#shell-header-logo"}
RESULT: {"using":"css selector","value":"#shell-header-logo"}
COMMAND: POST /session/7ceb2304b37874a72895a7f47f00ffc5/element/f.A2DC6DB0B92729488FE09C376A5B6DB2.d.B0141930F23E9ABCD44EE77323DD0A14.e.1839/click - {}
RESULT: {}
COMMAND: GET /session/7ceb2304b37874a72895a7f47f00ffc5/screenshot - {}
RESULT: {}
]]></system-out>
    </testcase>
    <testcase classname="chrome.137_0_7151_56.windows.Manage_Requests_Tags_Tests_US120163" name="Should Create New Request Tags" time="202.371">
      <system-out><![CDATA[
COMMAND: POST /session/7ceb2304b37874a72895a7f47f00ffc5/execute/async - {"script":"<script> [1562 bytes]","args":[{"selector":{"controlType":"sap.m.GenericTile","properties":{"header":"Manage Requests"}},"wdio_ui5_key":"sapm.GenericTile{\"header\":\"Manage Requests\"}"}]}
RESULT: {"script":"<script> [1562 bytes]","args":[{"selector":{"controlType":"sap.m.GenericTile","properties":{"header":"Manage Requests"}},"wdio_ui5_key":"sapm.GenericTile{\"header\":\"Manage Requests\"}"}]}
RESULT: undefined
COMMAND: POST /session/7ceb2304b37874a72895a7f47f00ffc5/element - {"using":"xpath","value":"//*[@id=\"__tile47\"]"}
RESULT: {"using":"xpath","value":"//*[@id=\"__tile47\"]"}
COMMAND: POST /session/7ceb2304b37874a72895a7f47f00ffc5/element/f.A2DC6DB0B92729488FE09C376A5B6DB2.d.B0141930F23E9ABCD44EE77323DD0A14.e.2539/click - {}
RESULT: {}
COMMAND: GET /session/7ceb2304b37874a72895a7f47f00ffc5/screenshot - {}
RESULT: {}
COMMAND: POST /session/7ceb2304b37874a72895a7f47f00ffc5/elements - {"using":"xpath","value":"//span[text()='Error']"}
RESULT: {"using":"xpath","value":"//span[text()='Error']"}
COMMAND: POST /session/7ceb2304b37874a72895a7f47f00ffc5/element - {"using":"xpath","value":"//button[contains(@data-kt ,\"btnCreateNewOverflowToolbarButton\")]"}
COMMAND: POST /session/7ceb2304b37874a72895a7f47f00ffc5/element - {"using":"xpath","value":"(//span[contains(@class ,\"sapMObjStatusText\")])[1]"}
RESULT: {"using":"xpath","value":"//button[contains(@data-kt ,\"btnCreateNewOverflowToolbarButton\")]"}
COMMAND: POST /session/7ceb2304b37874a72895a7f47f00ffc5/element/f.A2DC6DB0B92729488FE09C376A5B6DB2.d.B0141930F23E9ABCD44EE77323DD0A14.e.2595/click - {}
RESULT: {"using":"xpath","value":"(//span[contains(@class ,\"sapMObjStatusText\")])[1]"}
COMMAND: POST /session/7ceb2304b37874a72895a7f47f00ffc5/execute/sync - {"script":"<script> [8489 bytes]","args":[{"element-6066-11e4-a52e-4f735466cecf":"f.A2DC6DB0B92729488FE09C376A5B6DB2.d.B0141930F23E9ABCD44EE77323DD0A14.e.2632","ELEMENT":"f.A2DC6DB0B92729488FE09C376A5B6DB2.d.B0141930F23E9ABCD44EE77323DD0A14.e.2632"}]}
RESULT: {}
COMMAND: GET /session/7ceb2304b37874a72895a7f47f00ffc5/screenshot - {}
RESULT: {"script":"<script> [8489 bytes]","args":[{"element-6066-11e4-a52e-4f735466cecf":"f.A2DC6DB0B92729488FE09C376A5B6DB2.d.B0141930F23E9ABCD44EE77323DD0A14.e.2632","ELEMENT":"f.A2DC6DB0B92729488FE09C376A5B6DB2.d.B0141930F23E9ABCD44EE77323DD0A14.e.2632"}]}
COMMAND: GET /session/7ceb2304b37874a72895a7f47f00ffc5/screenshot - {}
RESULT: {}
RESULT: {}
COMMAND: POST /session/7ceb2304b37874a72895a7f47f00ffc5/element - {"using":"xpath","value":"//input[contains(@id ,\"yardId-inner\")]"}
RESULT: {"using":"xpath","value":"//input[contains(@id ,\"yardId-inner\")]"}
COMMAND: POST /session/7ceb2304b37874a72895a7f47f00ffc5/execute/sync - {"script":"<script> [8489 bytes]","args":[{"element-6066-11e4-a52e-4f735466cecf":"f.A2DC6DB0B92729488FE09C376A5B6DB2.d.B0141930F23E9ABCD44EE77323DD0A14.e.2713","ELEMENT":"f.A2DC6DB0B92729488FE09C376A5B6DB2.d.B0141930F23E9ABCD44EE77323DD0A14.e.2713"}]}
RESULT: {"script":"<script> [8489 bytes]","args":[{"element-6066-11e4-a52e-4f735466cecf":"f.A2DC6DB0B92729488FE09C376A5B6DB2.d.B0141930F23E9ABCD44EE77323DD0A14.e.2713","ELEMENT":"f.A2DC6DB0B92729488FE09C376A5B6DB2.d.B0141930F23E9ABCD44EE77323DD0A14.e.2713"}]}
COMMAND: POST /session/7ceb2304b37874a72895a7f47f00ffc5/element - {"using":"xpath","value":"//input[contains(@id ,\"yardId-inner\")]"}
COMMAND: GET /session/7ceb2304b37874a72895a7f47f00ffc5/screenshot - {}
RESULT: {"using":"xpath","value":"//input[contains(@id ,\"yardId-inner\")]"}
COMMAND: GET /session/7ceb2304b37874a72895a7f47f00ffc5/element/f.A2DC6DB0B92729488FE09C376A5B6DB2.d.B0141930F23E9ABCD44EE77323DD0A14.e.2713/enabled - {}
RESULT: {}
RESULT: {}
COMMAND: POST /session/7ceb2304b37874a72895a7f47f00ffc5/element/f.A2DC6DB0B92729488FE09C376A5B6DB2.d.B0141930F23E9ABCD44EE77323DD0A14.e.2713/clear - {}
COMMAND: GET /session/7ceb2304b37874a72895a7f47f00ffc5/screenshot - {}
RESULT: {}
COMMAND: POST /session/7ceb2304b37874a72895a7f47f00ffc5/element/f.A2DC6DB0B92729488FE09C376A5B6DB2.d.B0141930F23E9ABCD44EE77323DD0A14.e.2713/value - {"text":"WebdriverYard1clzi"}
COMMAND: GET /session/7ceb2304b37874a72895a7f47f00ffc5/screenshot - {}
RESULT: {}
RESULT: {"text":"WebdriverYard1clzi"}
COMMAND: GET /session/7ceb2304b37874a72895a7f47f00ffc5/screenshot - {}
RESULT: {}
RESULT: {}
COMMAND: POST /session/7ceb2304b37874a72895a7f47f00ffc5/element - {"using":"xpath","value":"//input[contains(@id ,\"customerNumber-inner\")]"}
RESULT: {"using":"xpath","value":"//input[contains(@id ,\"customerNumber-inner\")]"}
COMMAND: POST /session/7ceb2304b37874a72895a7f47f00ffc5/element/f.A2DC6DB0B92729488FE09C376A5B6DB2.d.B0141930F23E9ABCD44EE77323DD0A14.e.2707/value - {"text":"WebdriverPartnerdvn1f"}
COMMAND: POST /session/7ceb2304b37874a72895a7f47f00ffc5/actions - {"actions":[{"id":"action5","type":"key","parameters":{},"actions":[{"type":"keyDown","value":"î€‡"},{"type":"pause","duration":10},{"type":"keyUp","value":"î€‡"}]}]}
RESULT: {"text":"WebdriverPartnerdvn1f"}
COMMAND: GET /session/7ceb2304b37874a72895a7f47f00ffc5/screenshot - {}
RESULT: {"actions":[{"id":"action5","type":"key","parameters":{},"actions":[{"type":"keyDown","value":"î€‡"},{"type":"pause","duration":10},{"type":"keyUp","value":"î€‡"}]}]}
COMMAND: GET /session/7ceb2304b37874a72895a7f47f00ffc5/screenshot - {}
RESULT: {}
RESULT: {}
COMMAND: POST /session/7ceb2304b37874a72895a7f47f00ffc5/element/f.A2DC6DB0B92729488FE09C376A5B6DB2.d.B0141930F23E9ABCD44EE77323DD0A14.e.2713/clear - {}
RESULT: {}
COMMAND: POST /session/7ceb2304b37874a72895a7f47f00ffc5/element/f.A2DC6DB0B92729488FE09C376A5B6DB2.d.B0141930F23E9ABCD44EE77323DD0A14.e.2713/clear - {}
COMMAND: GET /session/7ceb2304b37874a72895a7f47f00ffc5/screenshot - {}
RESULT: {}
COMMAND: POST /session/7ceb2304b37874a72895a7f47f00ffc5/element/f.A2DC6DB0B92729488FE09C376A5B6DB2.d.B0141930F23E9ABCD44EE77323DD0A14.e.2713/value - {"text":"WebdriverYard1clzi"}
COMMAND: GET /session/7ceb2304b37874a72895a7f47f00ffc5/screenshot - {}
RESULT: {}
RESULT: {"text":"WebdriverYard1clzi"}
COMMAND: GET /session/7ceb2304b37874a72895a7f47f00ffc5/screenshot - {}
RESULT: {}
COMMAND: POST /session/7ceb2304b37874a72895a7f47f00ffc5/actions - {"actions":[{"id":"action6","type":"key","parameters":{},"actions":[{"type":"keyDown","value":"î€‡"},{"type":"pause","duration":10},{"type":"keyUp","value":"î€‡"}]}]}
RESULT: {}
RESULT: {"actions":[{"id":"action6","type":"key","parameters":{},"actions":[{"type":"keyDown","value":"î€‡"},{"type":"pause","duration":10},{"type":"keyUp","value":"î€‡"}]}]}
COMMAND: GET /session/7ceb2304b37874a72895a7f47f00ffc5/screenshot - {}
RESULT: {}
COMMAND: GET /session/7ceb2304b37874a72895a7f47f00ffc5/element/f.A2DC6DB0B92729488FE09C376A5B6DB2.d.B0141930F23E9ABCD44EE77323DD0A14.e.2707/property/value - {}
RESULT: {}
COMMAND: POST /session/7ceb2304b37874a72895a7f47f00ffc5/element/f.A2DC6DB0B92729488FE09C376A5B6DB2.d.B0141930F23E9ABCD44EE77323DD0A14.e.2707/clear - {}
COMMAND: GET /session/7ceb2304b37874a72895a7f47f00ffc5/screenshot - {}
RESULT: {}
COMMAND: GET /session/7ceb2304b37874a72895a7f47f00ffc5/screenshot - {}
RESULT: {}
COMMAND: POST /session/7ceb2304b37874a72895a7f47f00ffc5/actions - {"actions":[{"id":"action7","type":"key","parameters":{},"actions":[{"type":"keyDown","value":"î€‡"},{"type":"pause","duration":10},{"type":"keyUp","value":"î€‡"}]}]}
RESULT: {}
RESULT: {"actions":[{"id":"action7","type":"key","parameters":{},"actions":[{"type":"keyDown","value":"î€‡"},{"type":"pause","duration":10},{"type":"keyUp","value":"î€‡"}]}]}
COMMAND: GET /session/7ceb2304b37874a72895a7f47f00ffc5/screenshot - {}
RESULT: {}
COMMAND: POST /session/7ceb2304b37874a72895a7f47f00ffc5/element/f.A2DC6DB0B92729488FE09C376A5B6DB2.d.B0141930F23E9ABCD44EE77323DD0A14.e.2707/value - {"text":"WebdriverPartnerdvn1f"}
RESULT: {"text":"WebdriverPartnerdvn1f"}
COMMAND: GET /session/7ceb2304b37874a72895a7f47f00ffc5/screenshot - {}
RESULT: {}
COMMAND: POST /session/7ceb2304b37874a72895a7f47f00ffc5/actions - {"actions":[{"id":"action8","type":"key","parameters":{},"actions":[{"type":"keyDown","value":"î€‡"},{"type":"pause","duration":10},{"type":"keyUp","value":"î€‡"}]}]}
RESULT: {"actions":[{"id":"action8","type":"key","parameters":{},"actions":[{"type":"keyDown","value":"î€‡"},{"type":"pause","duration":10},{"type":"keyUp","value":"î€‡"}]}]}
COMMAND: GET /session/7ceb2304b37874a72895a7f47f00ffc5/screenshot - {}
RESULT: {}
COMMAND: POST /session/7ceb2304b37874a72895a7f47f00ffc5/element - {"using":"xpath","value":"//input[contains(@id ,\"requestSiteId-inner\")]"}
RESULT: {"using":"xpath","value":"//input[contains(@id ,\"requestSiteId-inner\")]"}
COMMAND: POST /session/7ceb2304b37874a72895a7f47f00ffc5/element/f.A2DC6DB0B92729488FE09C376A5B6DB2.d.B0141930F23E9ABCD44EE77323DD0A14.e.2706/value - {"text":"WebdriverSitefw7o9l"}
RESULT: {"text":"WebdriverSitefw7o9l"}
COMMAND: GET /session/7ceb2304b37874a72895a7f47f00ffc5/screenshot - {}
RESULT: {}
COMMAND: POST /session/7ceb2304b37874a72895a7f47f00ffc5/actions - {"actions":[{"id":"action9","type":"key","parameters":{},"actions":[{"type":"keyDown","value":"î€‡"},{"type":"pause","duration":10},{"type":"keyUp","value":"î€‡"}]}]}
RESULT: {"actions":[{"id":"action9","type":"key","parameters":{},"actions":[{"type":"keyDown","value":"î€‡"},{"type":"pause","duration":10},{"type":"keyUp","value":"î€‡"}]}]}
COMMAND: GET /session/7ceb2304b37874a72895a7f47f00ffc5/screenshot - {}
RESULT: {}
COMMAND: POST /session/7ceb2304b37874a72895a7f47f00ffc5/execute/async - {"script":"<script> [1562 bytes]","args":[{"selector":{"controlType":"sap.m.Input","viewName":"etm.portal.ui.managerequests.view.NewRequest","bindingPath":{"path":"","propertyPath":"/DESCRIPTION","modelName":"oNewRequestModel"},"interaction":{"idSuffix":"inner"}},"wdio_ui5_key":"etmportal.ui.managerequests.view.NewRequestsap.m.Input{\"path\":\"\",\"propertyPath\":\"/DESCRIPTION\",\"modelName\":\"oNewRequestModel\"}"}]}
RESULT: {"script":"<script> [1562 bytes]","args":[{"selector":{"controlType":"sap.m.Input","viewName":"etm.portal.ui.managerequests.view.NewRequest","bindingPath":{"path":"","propertyPath":"/DESCRIPTION","modelName":"oNewRequestModel"},"interaction":{"idSuffix":"inner"}},"wdio_ui5_key":"etmportal.ui.managerequests.view.NewRequestsap.m.Input{\"path\":\"\",\"propertyPath\":\"/DESCRIPTION\",\"modelName\":\"oNewRequestModel\"}"}]}
RESULT: undefined
COMMAND: POST /session/7ceb2304b37874a72895a7f47f00ffc5/execute/async - {"script":"<script> [776 bytes]","args":[{"enterText":"Wdi5 Tags Test","selector":{"controlType":"sap.m.Input","viewName":"etm.portal.ui.managerequests.view.NewRequest","bindingPath":{"path":"","propertyPath":"/DESCRIPTION","modelName":"oNewRequestModel"},"interaction":{"idSuffix":"inner"}},"clearTextFirst":true,"interactionType":"ENTER_TEXT"}]}
RESULT: {"script":"<script> [776 bytes]","args":[{"enterText":"Wdi5 Tags Test","selector":{"controlType":"sap.m.Input","viewName":"etm.portal.ui.managerequests.view.NewRequest","bindingPath":{"path":"","propertyPath":"/DESCRIPTION","modelName":"oNewRequestModel"},"interaction":{"idSuffix":"inner"}},"clearTextFirst":true,"interactionType":"ENTER_TEXT"}]}
COMMAND: POST /session/7ceb2304b37874a72895a7f47f00ffc5/execute/async - {"script":"<script> [1562 bytes]","args":[{"selector":{"id":"tagInputAdd","viewName":"etm.portal.ui.managerequests.view.NewRequest","interaction":{"idSuffix":"inner"}},"wdio_ui5_key":"tagInputAddetmportal.ui.managerequests.view.NewRequest"}]}
RESULT: {"script":"<script> [1562 bytes]","args":[{"selector":{"id":"tagInputAdd","viewName":"etm.portal.ui.managerequests.view.NewRequest","interaction":{"idSuffix":"inner"}},"wdio_ui5_key":"tagInputAddetmportal.ui.managerequests.view.NewRequest"}]}
RESULT: undefined
COMMAND: POST /session/7ceb2304b37874a72895a7f47f00ffc5/execute/async - {"script":"<script> [776 bytes]","args":[{"enterText":"RefTag","selector":{"id":"tagInputAdd","viewName":"etm.portal.ui.managerequests.view.NewRequest","interaction":{"idSuffix":"inner"}},"clearTextFirst":true,"interactionType":"ENTER_TEXT"}]}
RESULT: {"script":"<script> [776 bytes]","args":[{"enterText":"RefTag","selector":{"id":"tagInputAdd","viewName":"etm.portal.ui.managerequests.view.NewRequest","interaction":{"idSuffix":"inner"}},"clearTextFirst":true,"interactionType":"ENTER_TEXT"}]}
COMMAND: POST /session/7ceb2304b37874a72895a7f47f00ffc5/actions - {"actions":[{"id":"action10","type":"key","parameters":{},"actions":[{"type":"keyDown","value":"î€‡"},{"type":"pause","duration":10},{"type":"keyUp","value":"î€‡"}]}]}
RESULT: {"actions":[{"id":"action10","type":"key","parameters":{},"actions":[{"type":"keyDown","value":"î€‡"},{"type":"pause","duration":10},{"type":"keyUp","value":"î€‡"}]}]}
COMMAND: GET /session/7ceb2304b37874a72895a7f47f00ffc5/screenshot - {}
RESULT: {}
RESULT: undefined
COMMAND: POST /session/7ceb2304b37874a72895a7f47f00ffc5/execute/async - {"script":"<script> [776 bytes]","args":[{"enterText":"tag-header","selector":{"id":"tagInputAdd","viewName":"etm.portal.ui.managerequests.view.NewRequest","interaction":{"idSuffix":"inner"}},"clearTextFirst":true,"interactionType":"ENTER_TEXT"}]}
RESULT: {"script":"<script> [776 bytes]","args":[{"enterText":"tag-header","selector":{"id":"tagInputAdd","viewName":"etm.portal.ui.managerequests.view.NewRequest","interaction":{"idSuffix":"inner"}},"clearTextFirst":true,"interactionType":"ENTER_TEXT"}]}
COMMAND: POST /session/7ceb2304b37874a72895a7f47f00ffc5/actions - {"actions":[{"id":"action11","type":"key","parameters":{},"actions":[{"type":"keyDown","value":"î€‡"},{"type":"pause","duration":10},{"type":"keyUp","value":"î€‡"}]}]}
RESULT: {"actions":[{"id":"action11","type":"key","parameters":{},"actions":[{"type":"keyDown","value":"î€‡"},{"type":"pause","duration":10},{"type":"keyUp","value":"î€‡"}]}]}
COMMAND: GET /session/7ceb2304b37874a72895a7f47f00ffc5/screenshot - {}
RESULT: {}
RESULT: undefined
COMMAND: POST /session/7ceb2304b37874a72895a7f47f00ffc5/execute/async - {"script":"<script> [776 bytes]","args":[{"enterText":"tag-duplicate","selector":{"id":"tagInputAdd","viewName":"etm.portal.ui.managerequests.view.NewRequest","interaction":{"idSuffix":"inner"}},"clearTextFirst":true,"interactionType":"ENTER_TEXT"}]}
RESULT: {"script":"<script> [776 bytes]","args":[{"enterText":"tag-duplicate","selector":{"id":"tagInputAdd","viewName":"etm.portal.ui.managerequests.view.NewRequest","interaction":{"idSuffix":"inner"}},"clearTextFirst":true,"interactionType":"ENTER_TEXT"}]}
COMMAND: POST /session/7ceb2304b37874a72895a7f47f00ffc5/actions - {"actions":[{"id":"action12","type":"key","parameters":{},"actions":[{"type":"keyDown","value":"î€‡"},{"type":"pause","duration":10},{"type":"keyUp","value":"î€‡"}]}]}
RESULT: {"actions":[{"id":"action12","type":"key","parameters":{},"actions":[{"type":"keyDown","value":"î€‡"},{"type":"pause","duration":10},{"type":"keyUp","value":"î€‡"}]}]}
COMMAND: GET /session/7ceb2304b37874a72895a7f47f00ffc5/screenshot - {}
RESULT: {}
COMMAND: POST /session/7ceb2304b37874a72895a7f47f00ffc5/execute/async - {"script":"<script> [1562 bytes]","args":[{"selector":{"id":"tagsLayoutAdd","viewName":"etm.portal.ui.managerequests.view.NewRequest"},"wdio_ui5_key":"tagsLayoutAddetmportal.ui.managerequests.view.NewRequest"}]}
RESULT: {"script":"<script> [1562 bytes]","args":[{"selector":{"id":"tagsLayoutAdd","viewName":"etm.portal.ui.managerequests.view.NewRequest"},"wdio_ui5_key":"tagsLayoutAddetmportal.ui.managerequests.view.NewRequest"}]}
RESULT: undefined
COMMAND: POST /session/7ceb2304b37874a72895a7f47f00ffc5/execute/async - {"script":"<script> [6424 bytes]","args":[{"element-6066-11e4-a52e-4f735466cecf":"f.A2DC6DB0B92729488FE09C376A5B6DB2.d.B0141930F23E9ABCD44EE77323DD0A14.e.2856"},"getTokens",[]]}
RESULT: {"script":"<script> [6424 bytes]","args":[{"element-6066-11e4-a52e-4f735466cecf":"f.A2DC6DB0B92729488FE09C376A5B6DB2.d.B0141930F23E9ABCD44EE77323DD0A14.e.2856"},"getTokens",[]]}
COMMAND: POST /session/7ceb2304b37874a72895a7f47f00ffc5/execute/async - {"script":"<script> [1562 bytes]","args":[{"wdio_ui5_key":"__token9","selector":{"id":"__token9"}}]}
COMMAND: POST /session/7ceb2304b37874a72895a7f47f00ffc5/execute/async - {"script":"<script> [1562 bytes]","args":[{"wdio_ui5_key":"__token10","selector":{"id":"__token10"}}]}
COMMAND: POST /session/7ceb2304b37874a72895a7f47f00ffc5/execute/async - {"script":"<script> [1562 bytes]","args":[{"wdio_ui5_key":"__token8","selector":{"id":"__token8"}}]}
RESULT: {"script":"<script> [1562 bytes]","args":[{"wdio_ui5_key":"__token9","selector":{"id":"__token9"}}]}
RESULT: undefined
RESULT: {"script":"<script> [1562 bytes]","args":[{"wdio_ui5_key":"__token10","selector":{"id":"__token10"}}]}
RESULT: undefined
RESULT: {"script":"<script> [1562 bytes]","args":[{"wdio_ui5_key":"__token8","selector":{"id":"__token8"}}]}
RESULT: undefined
COMMAND: POST /session/7ceb2304b37874a72895a7f47f00ffc5/execute/async - {"script":"<script> [1562 bytes]","args":[{"selector":{"controlType":"sap.ui.core.Icon","viewName":"etm.portal.ui.managerequests.view.NewRequest","properties":{"src":{"regex":{"source":"decline"}}},"ancestor":{"controlType":"sap.m.Token","viewName":"etm.portal.ui.managerequests.view.NewRequest","properties":{"text":"tag-duplicate"}}},"wdio_ui5_key":"etmportal.ui.managerequests.view.NewRequestsap.ui.core.Icon{\"src\":{\"regex\":{\"source\":\"decline\"}}}{\"controlType\":\"sap.m.Token\",\"viewName\":\"etm.portal.ui.managerequests.view.NewRequest\",\"properties\":{\"text\":\"tag-duplicate\"}}"}]}
RESULT: {"script":"<script> [1562 bytes]","args":[{"selector":{"controlType":"sap.ui.core.Icon","viewName":"etm.portal.ui.managerequests.view.NewRequest","properties":{"src":{"regex":{"source":"decline"}}},"ancestor":{"controlType":"sap.m.Token","viewName":"etm.portal.ui.managerequests.view.NewRequest","properties":{"text":"tag-duplicate"}}},"wdio_ui5_key":"etmportal.ui.managerequests.view.NewRequestsap.ui.core.Icon{\"src\":{\"regex\":{\"source\":\"decline\"}}}{\"controlType\":\"sap.m.Token\",\"viewName\":\"etm.portal.ui.managerequests.view.NewRequest\",\"properties\":{\"text\":\"tag-duplicate\"}}"}]}
RESULT: undefined
COMMAND: POST /session/7ceb2304b37874a72895a7f47f00ffc5/element - {"using":"xpath","value":"//*[@id=\"__token10-icon\"]"}
RESULT: {"using":"xpath","value":"//*[@id=\"__token10-icon\"]"}
COMMAND: POST /session/7ceb2304b37874a72895a7f47f00ffc5/element/f.A2DC6DB0B92729488FE09C376A5B6DB2.d.B0141930F23E9ABCD44EE77323DD0A14.e.2885/click - {}
RESULT: {}
COMMAND: POST /session/7ceb2304b37874a72895a7f47f00ffc5/execute/async - {"script":"<script> [1562 bytes]","args":[{"selector":{"controlType":"sap.ui.core.Icon","viewName":"etm.portal.ui.managerequests.view.NewRequest","properties":{"src":{"regex":{"source":"decline"}}},"ancestor":{"controlType":"sap.m.Token","viewName":"etm.portal.ui.managerequests.view.NewRequest","properties":{"text":"tag1"}}},"wdio_ui5_key":"etmportal.ui.managerequests.view.NewRequestsap.ui.core.Icon{\"src\":{\"regex\":{\"source\":\"decline\"}}}{\"controlType\":\"sap.m.Token\",\"viewName\":\"etm.portal.ui.managerequests.view.NewRequest\",\"properties\":{\"text\":\"tag1\"}}"}]}
COMMAND: GET /session/7ceb2304b37874a72895a7f47f00ffc5/screenshot - {}
RESULT: {"script":"<script> [1562 bytes]","args":[{"selector":{"controlType":"sap.ui.core.Icon","viewName":"etm.portal.ui.managerequests.view.NewRequest","properties":{"src":{"regex":{"source":"decline"}}},"ancestor":{"controlType":"sap.m.Token","viewName":"etm.portal.ui.managerequests.view.NewRequest","properties":{"text":"tag1"}}},"wdio_ui5_key":"etmportal.ui.managerequests.view.NewRequestsap.ui.core.Icon{\"src\":{\"regex\":{\"source\":\"decline\"}}}{\"controlType\":\"sap.m.Token\",\"viewName\":\"etm.portal.ui.managerequests.view.NewRequest\",\"properties\":{\"text\":\"tag1\"}}"}]}
RESULT: undefined
RESULT: {}
COMMAND: POST /session/7ceb2304b37874a72895a7f47f00ffc5/actions - {"actions":[{"id":"action13","type":"key","parameters":{},"actions":[{"type":"keyDown","value":"î€Œ"},{"type":"pause","duration":10},{"type":"keyUp","value":"î€Œ"}]}]}
RESULT: {"actions":[{"id":"action13","type":"key","parameters":{},"actions":[{"type":"keyDown","value":"î€Œ"},{"type":"pause","duration":10},{"type":"keyUp","value":"î€Œ"}]}]}
COMMAND: GET /session/7ceb2304b37874a72895a7f47f00ffc5/screenshot - {}
RESULT: {}
RESULT: undefined
COMMAND: POST /session/7ceb2304b37874a72895a7f47f00ffc5/execute/async - {"script":"<script> [6424 bytes]","args":[{"element-6066-11e4-a52e-4f735466cecf":"f.A2DC6DB0B92729488FE09C376A5B6DB2.d.B0141930F23E9ABCD44EE77323DD0A14.e.2856"},"getTokens",[]]}
RESULT: {"script":"<script> [6424 bytes]","args":[{"element-6066-11e4-a52e-4f735466cecf":"f.A2DC6DB0B92729488FE09C376A5B6DB2.d.B0141930F23E9ABCD44EE77323DD0A14.e.2856"},"getTokens",[]]}
RESULT: undefined
RESULT: undefined
COMMAND: POST /session/7ceb2304b37874a72895a7f47f00ffc5/execute/async - {"script":"<script> [1562 bytes]","args":[{"selector":{"controlType":"sap.m.Button","viewName":"etm.portal.ui.managerequests.view.NewRequest","properties":{"text":"Items"},"interaction":{"idSuffix":"BDI-content"}},"wdio_ui5_key":"etmportal.ui.managerequests.view.NewRequestsap.m.Button{\"text\":\"Items\"}"}]}
RESULT: {"script":"<script> [1562 bytes]","args":[{"selector":{"controlType":"sap.m.Button","viewName":"etm.portal.ui.managerequests.view.NewRequest","properties":{"text":"Items"},"interaction":{"idSuffix":"BDI-content"}},"wdio_ui5_key":"etmportal.ui.managerequests.view.NewRequestsap.m.Button{\"text\":\"Items\"}"}]}
RESULT: undefined
COMMAND: POST /session/7ceb2304b37874a72895a7f47f00ffc5/element - {"using":"xpath","value":"//*[@id=\"__xmlview59--newRequestPage-anchBar-__xmlview59--requestItemsSection-anchor\"]"}
RESULT: {"using":"xpath","value":"//*[@id=\"__xmlview59--newRequestPage-anchBar-__xmlview59--requestItemsSection-anchor\"]"}
COMMAND: POST /session/7ceb2304b37874a72895a7f47f00ffc5/element/f.A2DC6DB0B92729488FE09C376A5B6DB2.d.B0141930F23E9ABCD44EE77323DD0A14.e.2892/click - {}
RESULT: {}
COMMAND: GET /session/7ceb2304b37874a72895a7f47f00ffc5/screenshot - {}
RESULT: {}
COMMAND: POST /session/7ceb2304b37874a72895a7f47f00ffc5/execute/async - {"script":"<script> [1562 bytes]","args":[{"selector":{"controlType":"sap.ui.core.Icon","viewName":"etm.portal.ui.managerequests.view.NewRequest","properties":{"src":{"regex":{"source":"inspect"}}}},"wdio_ui5_key":"etmportal.ui.managerequests.view.NewRequestsap.ui.core.Icon{\"src\":{\"regex\":{\"source\":\"inspect\"}}}"}]}
RESULT: {"script":"<script> [1562 bytes]","args":[{"selector":{"controlType":"sap.ui.core.Icon","viewName":"etm.portal.ui.managerequests.view.NewRequest","properties":{"src":{"regex":{"source":"inspect"}}}},"wdio_ui5_key":"etmportal.ui.managerequests.view.NewRequestsap.ui.core.Icon{\"src\":{\"regex\":{\"source\":\"inspect\"}}}"}]}
RESULT: undefined
COMMAND: POST /session/7ceb2304b37874a72895a7f47f00ffc5/element - {"using":"xpath","value":"//*[@id=\"__button114-img\"]"}
RESULT: {"using":"xpath","value":"//*[@id=\"__button114-img\"]"}
COMMAND: POST /session/7ceb2304b37874a72895a7f47f00ffc5/element/f.A2DC6DB0B92729488FE09C376A5B6DB2.d.B0141930F23E9ABCD44EE77323DD0A14.e.2897/click - {}
RESULT: {}
COMMAND: GET /session/7ceb2304b37874a72895a7f47f00ffc5/screenshot - {}
RESULT: {}
COMMAND: POST /session/7ceb2304b37874a72895a7f47f00ffc5/execute/async - {"script":"<script> [1562 bytes]","args":[{"selector":{"controlType":"sap.ui.core.Icon","viewName":"etm.portal.ui.managerequests.view.NewRequest","properties":{"src":{"regex":{"source":"add"}}}},"wdio_ui5_key":"etmportal.ui.managerequests.view.NewRequestsap.ui.core.Icon{\"src\":{\"regex\":{\"source\":\"add\"}}}"}]}
RESULT: {"script":"<script> [1562 bytes]","args":[{"selector":{"controlType":"sap.ui.core.Icon","viewName":"etm.portal.ui.managerequests.view.NewRequest","properties":{"src":{"regex":{"source":"add"}}}},"wdio_ui5_key":"etmportal.ui.managerequests.view.NewRequestsap.ui.core.Icon{\"src\":{\"regex\":{\"source\":\"add\"}}}"}]}
RESULT: undefined
COMMAND: POST /session/7ceb2304b37874a72895a7f47f00ffc5/element - {"using":"xpath","value":"//*[@id=\"__xmlview59--btnAddTableRow-img\"]"}
RESULT: {"using":"xpath","value":"//*[@id=\"__xmlview59--btnAddTableRow-img\"]"}
COMMAND: POST /session/7ceb2304b37874a72895a7f47f00ffc5/element/f.A2DC6DB0B92729488FE09C376A5B6DB2.d.B0141930F23E9ABCD44EE77323DD0A14.e.2905/click - {}
RESULT: {}
COMMAND: GET /session/7ceb2304b37874a72895a7f47f00ffc5/screenshot - {}
RESULT: {}
COMMAND: POST /session/7ceb2304b37874a72895a7f47f00ffc5/execute/async - {"script":"<script> [1562 bytes]","args":[{"selector":{"controlType":"sap.ui.unified.MenuItem","viewName":"etm.portal.ui.managerequests.view.NewRequest","i18NText":{"propertyName":"text","key":"standardEntry"},"searchOpenDialogs":true,"interaction":{"idSuffix":"txt"}},"wdio_ui5_key":"etmportal.ui.managerequests.view.NewRequestsap.ui.unified.MenuItem{\"propertyName\":\"text\",\"key\":\"standardEntry\"}"}]}
RESULT: {"script":"<script> [1562 bytes]","args":[{"selector":{"controlType":"sap.ui.unified.MenuItem","viewName":"etm.portal.ui.managerequests.view.NewRequest","i18NText":{"propertyName":"text","key":"standardEntry"},"searchOpenDialogs":true,"interaction":{"idSuffix":"txt"}},"wdio_ui5_key":"etmportal.ui.managerequests.view.NewRequestsap.ui.unified.MenuItem{\"propertyName\":\"text\",\"key\":\"standardEntry\"}"}]}
RESULT: undefined
COMMAND: POST /session/7ceb2304b37874a72895a7f47f00ffc5/element - {"using":"xpath","value":"//*[@id=\"__item2362\"]"}
RESULT: {"using":"xpath","value":"//*[@id=\"__item2362\"]"}
COMMAND: POST /session/7ceb2304b37874a72895a7f47f00ffc5/element/f.A2DC6DB0B92729488FE09C376A5B6DB2.d.B0141930F23E9ABCD44EE77323DD0A14.e.2908/click - {}
RESULT: {}
COMMAND: GET /session/7ceb2304b37874a72895a7f47f00ffc5/screenshot - {}
RESULT: {}
RESULT: undefined
COMMAND: POST /session/7ceb2304b37874a72895a7f47f00ffc5/element - {"using":"xpath","value":"//*[@id=\"__xmlview59--btnAddTableRow-img\"]"}
RESULT: {"using":"xpath","value":"//*[@id=\"__xmlview59--btnAddTableRow-img\"]"}
COMMAND: POST /session/7ceb2304b37874a72895a7f47f00ffc5/element/f.A2DC6DB0B92729488FE09C376A5B6DB2.d.B0141930F23E9ABCD44EE77323DD0A14.e.2905/click - {}
RESULT: {}
COMMAND: GET /session/7ceb2304b37874a72895a7f47f00ffc5/screenshot - {}
RESULT: {}
RESULT: undefined
COMMAND: POST /session/7ceb2304b37874a72895a7f47f00ffc5/element - {"using":"xpath","value":"//*[@id=\"__item2362\"]"}
RESULT: {"using":"xpath","value":"//*[@id=\"__item2362\"]"}
COMMAND: POST /session/7ceb2304b37874a72895a7f47f00ffc5/element/f.A2DC6DB0B92729488FE09C376A5B6DB2.d.B0141930F23E9ABCD44EE77323DD0A14.e.2929/click - {}
RESULT: {}
COMMAND: GET /session/7ceb2304b37874a72895a7f47f00ffc5/screenshot - {}
RESULT: {}
COMMAND: POST /session/7ceb2304b37874a72895a7f47f00ffc5/element - {"using":"xpath","value":"(//input[contains(@id ,\"requestItemsTable-0-inner\")])[5]"}
RESULT: {"using":"xpath","value":"(//input[contains(@id ,\"requestItemsTable-0-inner\")])[5]"}
COMMAND: POST /session/7ceb2304b37874a72895a7f47f00ffc5/element/f.A2DC6DB0B92729488FE09C376A5B6DB2.d.B0141930F23E9ABCD44EE77323DD0A14.e.2920/clear - {}
RESULT: {}
COMMAND: POST /session/7ceb2304b37874a72895a7f47f00ffc5/element/f.A2DC6DB0B92729488FE09C376A5B6DB2.d.B0141930F23E9ABCD44EE77323DD0A14.e.2920/value - {"text":"1000001"}
COMMAND: GET /session/7ceb2304b37874a72895a7f47f00ffc5/screenshot - {}
RESULT: {"text":"1000001"}
COMMAND: GET /session/7ceb2304b37874a72895a7f47f00ffc5/screenshot - {}
RESULT: {}
RESULT: {}
COMMAND: POST /session/7ceb2304b37874a72895a7f47f00ffc5/actions - {"actions":[{"id":"action14","type":"key","parameters":{},"actions":[{"type":"keyDown","value":"î€‡"},{"type":"pause","duration":10},{"type":"keyUp","value":"î€‡"}]}]}
RESULT: {"actions":[{"id":"action14","type":"key","parameters":{},"actions":[{"type":"keyDown","value":"î€‡"},{"type":"pause","duration":10},{"type":"keyUp","value":"î€‡"}]}]}
COMMAND: POST /session/7ceb2304b37874a72895a7f47f00ffc5/element - {"using":"xpath","value":"(//input[contains(@id ,\"requestItemsTable-1-inner\")])[5]"}
COMMAND: GET /session/7ceb2304b37874a72895a7f47f00ffc5/screenshot - {}
RESULT: {"using":"xpath","value":"(//input[contains(@id ,\"requestItemsTable-1-inner\")])[5]"}
COMMAND: POST /session/7ceb2304b37874a72895a7f47f00ffc5/element/f.A2DC6DB0B92729488FE09C376A5B6DB2.d.B0141930F23E9ABCD44EE77323DD0A14.e.2935/clear - {}
RESULT: {}
RESULT: {}
COMMAND: POST /session/7ceb2304b37874a72895a7f47f00ffc5/element/f.A2DC6DB0B92729488FE09C376A5B6DB2.d.B0141930F23E9ABCD44EE77323DD0A14.e.2935/value - {"text":"1000002"}
COMMAND: GET /session/7ceb2304b37874a72895a7f47f00ffc5/screenshot - {}
RESULT: {"text":"1000002"}
COMMAND: GET /session/7ceb2304b37874a72895a7f47f00ffc5/screenshot - {}
RESULT: {}
RESULT: {}
COMMAND: POST /session/7ceb2304b37874a72895a7f47f00ffc5/actions - {"actions":[{"id":"action15","type":"key","parameters":{},"actions":[{"type":"keyDown","value":"î€‡"},{"type":"pause","duration":10},{"type":"keyUp","value":"î€‡"}]}]}
RESULT: {"actions":[{"id":"action15","type":"key","parameters":{},"actions":[{"type":"keyDown","value":"î€‡"},{"type":"pause","duration":10},{"type":"keyUp","value":"î€‡"}]}]}
COMMAND: POST /session/7ceb2304b37874a72895a7f47f00ffc5/execute/async - {"script":"<script> [1562 bytes]","args":[{"selector":{"controlType":"sap.m.Input","viewName":"etm.portal.ui.managerequests.view.NewRequest","bindingPath":{"path":"","propertyPath":"/Tags","modelName":"catalogModel"},"ancestor":{"controlType":"sap.m.ColumnListItem","viewName":"etm.portal.ui.managerequests.view.NewRequest","bindingPath":{"modelName":"newRequestItems","path":"/RequestItems/0"},"ancestor":{"id":"requestItemsTable","viewName":"etm.portal.ui.managerequests.view.NewRequest"}},"interaction":{"idSuffix":"inner"}},"wdio_ui5_key":"etmportal.ui.managerequests.view.NewRequestsap.m.Input{\"path\":\"\",\"propertyPath\":\"/Tags\",\"modelName\":\"catalogModel\"}{\"controlType\":\"sap.m.ColumnListItem\",\"viewName\":\"etm.portal.ui.managerequests.view.NewRequest\",\"bindingPath\":{\"modelName\":\"newRequestItems\",\"path\":\"/RequestItems/0\"},\"ancestor\":{\"id\":\"requestItemsTable\",\"viewName\":\"etm.portal.ui.managerequests.view.NewRequest\"}}"}]}
COMMAND: GET /session/7ceb2304b37874a72895a7f47f00ffc5/screenshot - {}
RESULT: {"script":"<script> [1562 bytes]","args":[{"selector":{"controlType":"sap.m.Input","viewName":"etm.portal.ui.managerequests.view.NewRequest","bindingPath":{"path":"","propertyPath":"/Tags","modelName":"catalogModel"},"ancestor":{"controlType":"sap.m.ColumnListItem","viewName":"etm.portal.ui.managerequests.view.NewRequest","bindingPath":{"modelName":"newRequestItems","path":"/RequestItems/0"},"ancestor":{"id":"requestItemsTable","viewName":"etm.portal.ui.managerequests.view.NewRequest"}},"interaction":{"idSuffix":"inner"}},"wdio_ui5_key":"etmportal.ui.managerequests.view.NewRequestsap.m.Input{\"path\":\"\",\"propertyPath\":\"/Tags\",\"modelName\":\"catalogModel\"}{\"controlType\":\"sap.m.ColumnListItem\",\"viewName\":\"etm.portal.ui.managerequests.view.NewRequest\",\"bindingPath\":{\"modelName\":\"newRequestItems\",\"path\":\"/RequestItems/0\"},\"ancestor\":{\"id\":\"requestItemsTable\",\"viewName\":\"etm.portal.ui.managerequests.view.NewRequest\"}}"}]}
RESULT: undefined
COMMAND: POST /session/7ceb2304b37874a72895a7f47f00ffc5/execute/async - {"script":"<script> [776 bytes]","args":[{"enterText":"tag1","selector":{"controlType":"sap.m.Input","viewName":"etm.portal.ui.managerequests.view.NewRequest","bindingPath":{"path":"","propertyPath":"/Tags","modelName":"catalogModel"},"ancestor":{"controlType":"sap.m.ColumnListItem","viewName":"etm.portal.ui.managerequests.view.NewRequest","bindingPath":{"modelName":"newRequestItems","path":"/RequestItems/0"},"ancestor":{"id":"requestItemsTable","viewName":"etm.portal.ui.managerequests.view.NewRequest"}},"interaction":{"idSuffix":"inner"}},"clearTextFirst":true,"interactionType":"ENTER_TEXT"}]}
RESULT: {}
RESULT: {"script":"<script> [776 bytes]","args":[{"enterText":"tag1","selector":{"controlType":"sap.m.Input","viewName":"etm.portal.ui.managerequests.view.NewRequest","bindingPath":{"path":"","propertyPath":"/Tags","modelName":"catalogModel"},"ancestor":{"controlType":"sap.m.ColumnListItem","viewName":"etm.portal.ui.managerequests.view.NewRequest","bindingPath":{"modelName":"newRequestItems","path":"/RequestItems/0"},"ancestor":{"id":"requestItemsTable","viewName":"etm.portal.ui.managerequests.view.NewRequest"}},"interaction":{"idSuffix":"inner"}},"clearTextFirst":true,"interactionType":"ENTER_TEXT"}]}
COMMAND: POST /session/7ceb2304b37874a72895a7f47f00ffc5/actions - {"actions":[{"id":"action16","type":"key","parameters":{},"actions":[{"type":"keyDown","value":"î€‡"},{"type":"pause","duration":10},{"type":"keyUp","value":"î€‡"}]}]}
RESULT: {"actions":[{"id":"action16","type":"key","parameters":{},"actions":[{"type":"keyDown","value":"î€‡"},{"type":"pause","duration":10},{"type":"keyUp","value":"î€‡"}]}]}
RESULT: undefined
COMMAND: POST /session/7ceb2304b37874a72895a7f47f00ffc5/execute/async - {"script":"<script> [776 bytes]","args":[{"enterText":"tag-duplicate","selector":{"controlType":"sap.m.Input","viewName":"etm.portal.ui.managerequests.view.NewRequest","bindingPath":{"path":"","propertyPath":"/Tags","modelName":"catalogModel"},"ancestor":{"controlType":"sap.m.ColumnListItem","viewName":"etm.portal.ui.managerequests.view.NewRequest","bindingPath":{"modelName":"newRequestItems","path":"/RequestItems/0"},"ancestor":{"id":"requestItemsTable","viewName":"etm.portal.ui.managerequests.view.NewRequest"}},"interaction":{"idSuffix":"inner"}},"clearTextFirst":true,"interactionType":"ENTER_TEXT"}]}
COMMAND: GET /session/7ceb2304b37874a72895a7f47f00ffc5/screenshot - {}
RESULT: {"script":"<script> [776 bytes]","args":[{"enterText":"tag-duplicate","selector":{"controlType":"sap.m.Input","viewName":"etm.portal.ui.managerequests.view.NewRequest","bindingPath":{"path":"","propertyPath":"/Tags","modelName":"catalogModel"},"ancestor":{"controlType":"sap.m.ColumnListItem","viewName":"etm.portal.ui.managerequests.view.NewRequest","bindingPath":{"modelName":"newRequestItems","path":"/RequestItems/0"},"ancestor":{"id":"requestItemsTable","viewName":"etm.portal.ui.managerequests.view.NewRequest"}},"interaction":{"idSuffix":"inner"}},"clearTextFirst":true,"interactionType":"ENTER_TEXT"}]}
RESULT: {}
COMMAND: POST /session/7ceb2304b37874a72895a7f47f00ffc5/actions - {"actions":[{"id":"action17","type":"key","parameters":{},"actions":[{"type":"keyDown","value":"î€‡"},{"type":"pause","duration":10},{"type":"keyUp","value":"î€‡"}]}]}
RESULT: {"actions":[{"id":"action17","type":"key","parameters":{},"actions":[{"type":"keyDown","value":"î€‡"},{"type":"pause","duration":10},{"type":"keyUp","value":"î€‡"}]}]}
COMMAND: GET /session/7ceb2304b37874a72895a7f47f00ffc5/screenshot - {}
RESULT: {}
COMMAND: POST /session/7ceb2304b37874a72895a7f47f00ffc5/execute/async - {"script":"<script> [1562 bytes]","args":[{"selector":{"controlType":"sap.m.Input","viewName":"etm.portal.ui.managerequests.view.NewRequest","bindingPath":{"path":"","propertyPath":"/Tags","modelName":"catalogModel"},"ancestor":{"controlType":"sap.m.ColumnListItem","viewName":"etm.portal.ui.managerequests.view.NewRequest","bindingPath":{"modelName":"newRequestItems","path":"/RequestItems/1"},"ancestor":{"id":"requestItemsTable","viewName":"etm.portal.ui.managerequests.view.NewRequest"}},"interaction":{"idSuffix":"inner"}},"wdio_ui5_key":"etmportal.ui.managerequests.view.NewRequestsap.m.Input{\"path\":\"\",\"propertyPath\":\"/Tags\",\"modelName\":\"catalogModel\"}{\"controlType\":\"sap.m.ColumnListItem\",\"viewName\":\"etm.portal.ui.managerequests.view.NewRequest\",\"bindingPath\":{\"modelName\":\"newRequestItems\",\"path\":\"/RequestItems/1\"},\"ancestor\":{\"id\":\"requestItemsTable\",\"viewName\":\"etm.portal.ui.managerequests.view.NewRequest\"}}"}]}
RESULT: {"script":"<script> [1562 bytes]","args":[{"selector":{"controlType":"sap.m.Input","viewName":"etm.portal.ui.managerequests.view.NewRequest","bindingPath":{"path":"","propertyPath":"/Tags","modelName":"catalogModel"},"ancestor":{"controlType":"sap.m.ColumnListItem","viewName":"etm.portal.ui.managerequests.view.NewRequest","bindingPath":{"modelName":"newRequestItems","path":"/RequestItems/1"},"ancestor":{"id":"requestItemsTable","viewName":"etm.portal.ui.managerequests.view.NewRequest"}},"interaction":{"idSuffix":"inner"}},"wdio_ui5_key":"etmportal.ui.managerequests.view.NewRequestsap.m.Input{\"path\":\"\",\"propertyPath\":\"/Tags\",\"modelName\":\"catalogModel\"}{\"controlType\":\"sap.m.ColumnListItem\",\"viewName\":\"etm.portal.ui.managerequests.view.NewRequest\",\"bindingPath\":{\"modelName\":\"newRequestItems\",\"path\":\"/RequestItems/1\"},\"ancestor\":{\"id\":\"requestItemsTable\",\"viewName\":\"etm.portal.ui.managerequests.view.NewRequest\"}}"}]}
RESULT: undefined
COMMAND: POST /session/7ceb2304b37874a72895a7f47f00ffc5/execute/async - {"script":"<script> [776 bytes]","args":[{"enterText":"tag1","selector":{"controlType":"sap.m.Input","viewName":"etm.portal.ui.managerequests.view.NewRequest","bindingPath":{"path":"","propertyPath":"/Tags","modelName":"catalogModel"},"ancestor":{"controlType":"sap.m.ColumnListItem","viewName":"etm.portal.ui.managerequests.view.NewRequest","bindingPath":{"modelName":"newRequestItems","path":"/RequestItems/1"},"ancestor":{"id":"requestItemsTable","viewName":"etm.portal.ui.managerequests.view.NewRequest"}},"interaction":{"idSuffix":"inner"}},"clearTextFirst":true,"interactionType":"ENTER_TEXT"}]}
RESULT: {"script":"<script> [776 bytes]","args":[{"enterText":"tag1","selector":{"controlType":"sap.m.Input","viewName":"etm.portal.ui.managerequests.view.NewRequest","bindingPath":{"path":"","propertyPath":"/Tags","modelName":"catalogModel"},"ancestor":{"controlType":"sap.m.ColumnListItem","viewName":"etm.portal.ui.managerequests.view.NewRequest","bindingPath":{"modelName":"newRequestItems","path":"/RequestItems/1"},"ancestor":{"id":"requestItemsTable","viewName":"etm.portal.ui.managerequests.view.NewRequest"}},"interaction":{"idSuffix":"inner"}},"clearTextFirst":true,"interactionType":"ENTER_TEXT"}]}
COMMAND: POST /session/7ceb2304b37874a72895a7f47f00ffc5/actions - {"actions":[{"id":"action18","type":"key","parameters":{},"actions":[{"type":"keyDown","value":"î€‡"},{"type":"pause","duration":10},{"type":"keyUp","value":"î€‡"}]}]}
RESULT: {"actions":[{"id":"action18","type":"key","parameters":{},"actions":[{"type":"keyDown","value":"î€‡"},{"type":"pause","duration":10},{"type":"keyUp","value":"î€‡"}]}]}
RESULT: undefined
COMMAND: POST /session/7ceb2304b37874a72895a7f47f00ffc5/execute/async - {"script":"<script> [776 bytes]","args":[{"enterText":"tag-duplicate","selector":{"controlType":"sap.m.Input","viewName":"etm.portal.ui.managerequests.view.NewRequest","bindingPath":{"path":"","propertyPath":"/Tags","modelName":"catalogModel"},"ancestor":{"controlType":"sap.m.ColumnListItem","viewName":"etm.portal.ui.managerequests.view.NewRequest","bindingPath":{"modelName":"newRequestItems","path":"/RequestItems/1"},"ancestor":{"id":"requestItemsTable","viewName":"etm.portal.ui.managerequests.view.NewRequest"}},"interaction":{"idSuffix":"inner"}},"clearTextFirst":true,"interactionType":"ENTER_TEXT"}]}
COMMAND: GET /session/7ceb2304b37874a72895a7f47f00ffc5/screenshot - {}
RESULT: {"script":"<script> [776 bytes]","args":[{"enterText":"tag-duplicate","selector":{"controlType":"sap.m.Input","viewName":"etm.portal.ui.managerequests.view.NewRequest","bindingPath":{"path":"","propertyPath":"/Tags","modelName":"catalogModel"},"ancestor":{"controlType":"sap.m.ColumnListItem","viewName":"etm.portal.ui.managerequests.view.NewRequest","bindingPath":{"modelName":"newRequestItems","path":"/RequestItems/1"},"ancestor":{"id":"requestItemsTable","viewName":"etm.portal.ui.managerequests.view.NewRequest"}},"interaction":{"idSuffix":"inner"}},"clearTextFirst":true,"interactionType":"ENTER_TEXT"}]}
RESULT: {}
COMMAND: POST /session/7ceb2304b37874a72895a7f47f00ffc5/actions - {"actions":[{"id":"action19","type":"key","parameters":{},"actions":[{"type":"keyDown","value":"î€‡"},{"type":"pause","duration":10},{"type":"keyUp","value":"î€‡"}]}]}
RESULT: {"actions":[{"id":"action19","type":"key","parameters":{},"actions":[{"type":"keyDown","value":"î€‡"},{"type":"pause","duration":10},{"type":"keyUp","value":"î€‡"}]}]}
COMMAND: GET /session/7ceb2304b37874a72895a7f47f00ffc5/screenshot - {}
RESULT: {}
COMMAND: POST /session/7ceb2304b37874a72895a7f47f00ffc5/execute/async - {"script":"<script> [1562 bytes]","args":[{"selector":{"controlType":"sap.ui.core.Icon","viewName":"etm.portal.ui.managerequests.view.NewRequest","properties":{"src":{"regex":{"source":"slim\\-arrow\\-down"}}},"ancestor":{"controlType":"sap.m.Button","viewName":"etm.portal.ui.managerequests.view.NewRequest","properties":{"icon":"sap-icon://slim-arrow-down"}}},"wdio_ui5_key":"etmportal.ui.managerequests.view.NewRequestsap.ui.core.Icon{\"src\":{\"regex\":{\"source\":\"slim\\\\-arrow\\\\-down\"}}}{\"controlType\":\"sap.m.Button\",\"viewName\":\"etm.portal.ui.managerequests.view.NewRequest\",\"properties\":{\"icon\":\"sap-icon://slim-arrow-down\"}}"}]}
RESULT: {"script":"<script> [1562 bytes]","args":[{"selector":{"controlType":"sap.ui.core.Icon","viewName":"etm.portal.ui.managerequests.view.NewRequest","properties":{"src":{"regex":{"source":"slim\\-arrow\\-down"}}},"ancestor":{"controlType":"sap.m.Button","viewName":"etm.portal.ui.managerequests.view.NewRequest","properties":{"icon":"sap-icon://slim-arrow-down"}}},"wdio_ui5_key":"etmportal.ui.managerequests.view.NewRequestsap.ui.core.Icon{\"src\":{\"regex\":{\"source\":\"slim\\\\-arrow\\\\-down\"}}}{\"controlType\":\"sap.m.Button\",\"viewName\":\"etm.portal.ui.managerequests.view.NewRequest\",\"properties\":{\"icon\":\"sap-icon://slim-arrow-down\"}}"}]}
RESULT: undefined
COMMAND: POST /session/7ceb2304b37874a72895a7f47f00ffc5/element - {"using":"xpath","value":"//*[@id=\"__title25-expandBtn-img\"]"}
RESULT: {"using":"xpath","value":"//*[@id=\"__title25-expandBtn-img\"]"}
COMMAND: POST /session/7ceb2304b37874a72895a7f47f00ffc5/element/f.A2DC6DB0B92729488FE09C376A5B6DB2.d.B0141930F23E9ABCD44EE77323DD0A14.e.2981/click - {}
RESULT: {}
COMMAND: GET /session/7ceb2304b37874a72895a7f47f00ffc5/screenshot - {}
RESULT: {}
COMMAND: POST /session/7ceb2304b37874a72895a7f47f00ffc5/element - {"using":"xpath","value":"//div[contains(@data-kt ,\"splitAllocationObjectStatus\")]"}
RESULT: {"using":"xpath","value":"//div[contains(@data-kt ,\"splitAllocationObjectStatus\")]"}
COMMAND: POST /session/7ceb2304b37874a72895a7f47f00ffc5/elements - {"using":"xpath","value":"//div[contains(@data-kt ,\"splitAllocationObjectStatus\")]"}
RESULT: {"using":"xpath","value":"//div[contains(@data-kt ,\"splitAllocationObjectStatus\")]"}
COMMAND: POST /session/7ceb2304b37874a72895a7f47f00ffc5/execute/async - {"script":"<script> [1562 bytes]","args":[{"selector":{"controlType":"sap.ui.core.Icon","viewName":"etm.portal.ui.managerequests.view.NewRequest","properties":{"src":{"regex":{"source":"message\\-error"}}},"ancestor":{"controlType":"sap.m.ColumnListItem","viewName":"etm.portal.ui.managerequests.view.NewRequest","bindingPath":{"modelName":"newRequestItems","path":"/RequestItems/0"},"ancestor":{"id":"requestItemsTable","viewName":"etm.portal.ui.managerequests.view.NewRequest"}}},"wdio_ui5_key":"etmportal.ui.managerequests.view.NewRequestsap.ui.core.Icon{\"src\":{\"regex\":{\"source\":\"message\\\\-error\"}}}{\"controlType\":\"sap.m.ColumnListItem\",\"viewName\":\"etm.portal.ui.managerequests.view.NewRequest\",\"bindingPath\":{\"modelName\":\"newRequestItems\",\"path\":\"/RequestItems/0\"},\"ancestor\":{\"id\":\"requestItemsTable\",\"viewName\":\"etm.portal.ui.managerequests.view.NewRequest\"}}"}]}
RESULT: {"script":"<script> [1562 bytes]","args":[{"selector":{"controlType":"sap.ui.core.Icon","viewName":"etm.portal.ui.managerequests.view.NewRequest","properties":{"src":{"regex":{"source":"message\\-error"}}},"ancestor":{"controlType":"sap.m.ColumnListItem","viewName":"etm.portal.ui.managerequests.view.NewRequest","bindingPath":{"modelName":"newRequestItems","path":"/RequestItems/0"},"ancestor":{"id":"requestItemsTable","viewName":"etm.portal.ui.managerequests.view.NewRequest"}}},"wdio_ui5_key":"etmportal.ui.managerequests.view.NewRequestsap.ui.core.Icon{\"src\":{\"regex\":{\"source\":\"message\\\\-error\"}}}{\"controlType\":\"sap.m.ColumnListItem\",\"viewName\":\"etm.portal.ui.managerequests.view.NewRequest\",\"bindingPath\":{\"modelName\":\"newRequestItems\",\"path\":\"/RequestItems/0\"},\"ancestor\":{\"id\":\"requestItemsTable\",\"viewName\":\"etm.portal.ui.managerequests.view.NewRequest\"}}"}]}
RESULT: undefined
COMMAND: POST /session/7ceb2304b37874a72895a7f47f00ffc5/element - {"using":"xpath","value":"//*[@id=\"__status6-__xmlview59--requestItemsTable-0-icon\"]"}
RESULT: {"using":"xpath","value":"//*[@id=\"__status6-__xmlview59--requestItemsTable-0-icon\"]"}
COMMAND: POST /session/7ceb2304b37874a72895a7f47f00ffc5/element/f.A2DC6DB0B92729488FE09C376A5B6DB2.d.B0141930F23E9ABCD44EE77323DD0A14.e.2962/click - {}
RESULT: {}
COMMAND: GET /session/7ceb2304b37874a72895a7f47f00ffc5/screenshot - {}
RESULT: {}
COMMAND: POST /session/7ceb2304b37874a72895a7f47f00ffc5/execute/async - {"script":"<script> [1562 bytes]","args":[{"selector":{"id":"costObjectAdminTypeComboBox","viewName":"etm.portal.ui.managerequests.view.NewRequest","searchOpenDialogs":true,"interaction":{"idSuffix":"inner"}},"wdio_ui5_key":"costObjectAdminTypeComboBoxetmportal.ui.managerequests.view.NewRequest"}]}
RESULT: {"script":"<script> [1562 bytes]","args":[{"selector":{"id":"costObjectAdminTypeComboBox","viewName":"etm.portal.ui.managerequests.view.NewRequest","searchOpenDialogs":true,"interaction":{"idSuffix":"inner"}},"wdio_ui5_key":"costObjectAdminTypeComboBoxetmportal.ui.managerequests.view.NewRequest"}]}
RESULT: undefined
COMMAND: POST /session/7ceb2304b37874a72895a7f47f00ffc5/execute/async - {"script":"<script> [776 bytes]","args":[{"enterText":"Cost Center","selector":{"id":"costObjectAdminTypeComboBox","viewName":"etm.portal.ui.managerequests.view.NewRequest","searchOpenDialogs":true,"interaction":{"idSuffix":"inner"}},"clearTextFirst":true,"interactionType":"ENTER_TEXT"}]}
RESULT: {"script":"<script> [776 bytes]","args":[{"enterText":"Cost Center","selector":{"id":"costObjectAdminTypeComboBox","viewName":"etm.portal.ui.managerequests.view.NewRequest","searchOpenDialogs":true,"interaction":{"idSuffix":"inner"}},"clearTextFirst":true,"interactionType":"ENTER_TEXT"}]}
COMMAND: POST /session/7ceb2304b37874a72895a7f47f00ffc5/actions - {"actions":[{"id":"action20","type":"key","parameters":{},"actions":[{"type":"keyDown","value":"î€‡"},{"type":"pause","duration":10},{"type":"keyUp","value":"î€‡"}]}]}
RESULT: {"actions":[{"id":"action20","type":"key","parameters":{},"actions":[{"type":"keyDown","value":"î€‡"},{"type":"pause","duration":10},{"type":"keyUp","value":"î€‡"}]}]}
COMMAND: GET /session/7ceb2304b37874a72895a7f47f00ffc5/screenshot - {}
RESULT: {}
COMMAND: POST /session/7ceb2304b37874a72895a7f47f00ffc5/execute/async - {"script":"<script> [1562 bytes]","args":[{"selector":{"id":"costObjectIdComboBox","viewName":"etm.portal.ui.managerequests.view.NewRequest","searchOpenDialogs":true,"interaction":{"idSuffix":"inner"}},"wdio_ui5_key":"costObjectIdComboBoxetmportal.ui.managerequests.view.NewRequest"}]}
RESULT: {"script":"<script> [1562 bytes]","args":[{"selector":{"id":"costObjectIdComboBox","viewName":"etm.portal.ui.managerequests.view.NewRequest","searchOpenDialogs":true,"interaction":{"idSuffix":"inner"}},"wdio_ui5_key":"costObjectIdComboBoxetmportal.ui.managerequests.view.NewRequest"}]}
RESULT: undefined
COMMAND: POST /session/7ceb2304b37874a72895a7f47f00ffc5/execute/async - {"script":"<script> [776 bytes]","args":[{"enterText":"1001 - 1001","selector":{"id":"costObjectIdComboBox","viewName":"etm.portal.ui.managerequests.view.NewRequest","searchOpenDialogs":true,"interaction":{"idSuffix":"inner"}},"clearTextFirst":true,"interactionType":"ENTER_TEXT"}]}
RESULT: {"script":"<script> [776 bytes]","args":[{"enterText":"1001 - 1001","selector":{"id":"costObjectIdComboBox","viewName":"etm.portal.ui.managerequests.view.NewRequest","searchOpenDialogs":true,"interaction":{"idSuffix":"inner"}},"clearTextFirst":true,"interactionType":"ENTER_TEXT"}]}
COMMAND: POST /session/7ceb2304b37874a72895a7f47f00ffc5/actions - {"actions":[{"id":"action21","type":"key","parameters":{},"actions":[{"type":"keyDown","value":"î€‡"},{"type":"pause","duration":10},{"type":"keyUp","value":"î€‡"}]}]}
RESULT: {"actions":[{"id":"action21","type":"key","parameters":{},"actions":[{"type":"keyDown","value":"î€‡"},{"type":"pause","duration":10},{"type":"keyUp","value":"î€‡"}]}]}
COMMAND: GET /session/7ceb2304b37874a72895a7f47f00ffc5/screenshot - {}
RESULT: {}
COMMAND: POST /session/7ceb2304b37874a72895a7f47f00ffc5/element - {"using":"xpath","value":"(//bdi[(text() = 'Save' or . = 'Save')])[1]"}
RESULT: {"using":"xpath","value":"(//bdi[(text() = 'Save' or . = 'Save')])[1]"}
COMMAND: POST /session/7ceb2304b37874a72895a7f47f00ffc5/element/f.A2DC6DB0B92729488FE09C376A5B6DB2.d.B0141930F23E9ABCD44EE77323DD0A14.e.3001/click - {}
RESULT: {}
COMMAND: POST /session/7ceb2304b37874a72895a7f47f00ffc5/execute/async - {"script":"<script> [1562 bytes]","args":[{"selector":{"controlType":"sap.ui.core.Icon","viewName":"etm.portal.ui.managerequests.view.NewRequest","properties":{"src":{"regex":{"source":"message\\-error"}}},"ancestor":{"controlType":"sap.m.ColumnListItem","viewName":"etm.portal.ui.managerequests.view.NewRequest","bindingPath":{"modelName":"newRequestItems","path":"/RequestItems/1"},"ancestor":{"id":"requestItemsTable","viewName":"etm.portal.ui.managerequests.view.NewRequest"}}},"wdio_ui5_key":"etmportal.ui.managerequests.view.NewRequestsap.ui.core.Icon{\"src\":{\"regex\":{\"source\":\"message\\\\-error\"}}}{\"controlType\":\"sap.m.ColumnListItem\",\"viewName\":\"etm.portal.ui.managerequests.view.NewRequest\",\"bindingPath\":{\"modelName\":\"newRequestItems\",\"path\":\"/RequestItems/1\"},\"ancestor\":{\"id\":\"requestItemsTable\",\"viewName\":\"etm.portal.ui.managerequests.view.NewRequest\"}}"}]}
COMMAND: GET /session/7ceb2304b37874a72895a7f47f00ffc5/screenshot - {}
RESULT: {"script":"<script> [1562 bytes]","args":[{"selector":{"controlType":"sap.ui.core.Icon","viewName":"etm.portal.ui.managerequests.view.NewRequest","properties":{"src":{"regex":{"source":"message\\-error"}}},"ancestor":{"controlType":"sap.m.ColumnListItem","viewName":"etm.portal.ui.managerequests.view.NewRequest","bindingPath":{"modelName":"newRequestItems","path":"/RequestItems/1"},"ancestor":{"id":"requestItemsTable","viewName":"etm.portal.ui.managerequests.view.NewRequest"}}},"wdio_ui5_key":"etmportal.ui.managerequests.view.NewRequestsap.ui.core.Icon{\"src\":{\"regex\":{\"source\":\"message\\\\-error\"}}}{\"controlType\":\"sap.m.ColumnListItem\",\"viewName\":\"etm.portal.ui.managerequests.view.NewRequest\",\"bindingPath\":{\"modelName\":\"newRequestItems\",\"path\":\"/RequestItems/1\"},\"ancestor\":{\"id\":\"requestItemsTable\",\"viewName\":\"etm.portal.ui.managerequests.view.NewRequest\"}}"}]}
RESULT: undefined
COMMAND: POST /session/7ceb2304b37874a72895a7f47f00ffc5/element - {"using":"xpath","value":"//*[@id=\"__status6-__xmlview59--requestItemsTable-1-icon\"]"}
RESULT: {}
RESULT: {"using":"xpath","value":"//*[@id=\"__status6-__xmlview59--requestItemsTable-1-icon\"]"}
COMMAND: POST /session/7ceb2304b37874a72895a7f47f00ffc5/element/f.A2DC6DB0B92729488FE09C376A5B6DB2.d.B0141930F23E9ABCD44EE77323DD0A14.e.2979/click - {}
RESULT: {}
COMMAND: GET /session/7ceb2304b37874a72895a7f47f00ffc5/screenshot - {}
RESULT: {}
RESULT: undefined
COMMAND: POST /session/7ceb2304b37874a72895a7f47f00ffc5/execute/async - {"script":"<script> [776 bytes]","args":[{"enterText":"Cost Center","selector":{"id":"costObjectAdminTypeComboBox","viewName":"etm.portal.ui.managerequests.view.NewRequest","searchOpenDialogs":true,"interaction":{"idSuffix":"inner"}},"clearTextFirst":true,"interactionType":"ENTER_TEXT"}]}
RESULT: {"script":"<script> [776 bytes]","args":[{"enterText":"Cost Center","selector":{"id":"costObjectAdminTypeComboBox","viewName":"etm.portal.ui.managerequests.view.NewRequest","searchOpenDialogs":true,"interaction":{"idSuffix":"inner"}},"clearTextFirst":true,"interactionType":"ENTER_TEXT"}]}
COMMAND: POST /session/7ceb2304b37874a72895a7f47f00ffc5/actions - {"actions":[{"id":"action22","type":"key","parameters":{},"actions":[{"type":"keyDown","value":"î€‡"},{"type":"pause","duration":10},{"type":"keyUp","value":"î€‡"}]}]}
RESULT: {"actions":[{"id":"action22","type":"key","parameters":{},"actions":[{"type":"keyDown","value":"î€‡"},{"type":"pause","duration":10},{"type":"keyUp","value":"î€‡"}]}]}
COMMAND: GET /session/7ceb2304b37874a72895a7f47f00ffc5/screenshot - {}
RESULT: {}
RESULT: undefined
COMMAND: POST /session/7ceb2304b37874a72895a7f47f00ffc5/execute/async - {"script":"<script> [776 bytes]","args":[{"enterText":"1001 - 1001","selector":{"id":"costObjectIdComboBox","viewName":"etm.portal.ui.managerequests.view.NewRequest","searchOpenDialogs":true,"interaction":{"idSuffix":"inner"}},"clearTextFirst":true,"interactionType":"ENTER_TEXT"}]}
RESULT: {"script":"<script> [776 bytes]","args":[{"enterText":"1001 - 1001","selector":{"id":"costObjectIdComboBox","viewName":"etm.portal.ui.managerequests.view.NewRequest","searchOpenDialogs":true,"interaction":{"idSuffix":"inner"}},"clearTextFirst":true,"interactionType":"ENTER_TEXT"}]}
COMMAND: POST /session/7ceb2304b37874a72895a7f47f00ffc5/actions - {"actions":[{"id":"action23","type":"key","parameters":{},"actions":[{"type":"keyDown","value":"î€‡"},{"type":"pause","duration":10},{"type":"keyUp","value":"î€‡"}]}]}
RESULT: {"actions":[{"id":"action23","type":"key","parameters":{},"actions":[{"type":"keyDown","value":"î€‡"},{"type":"pause","duration":10},{"type":"keyUp","value":"î€‡"}]}]}
COMMAND: GET /session/7ceb2304b37874a72895a7f47f00ffc5/screenshot - {}
RESULT: {}
COMMAND: POST /session/7ceb2304b37874a72895a7f47f00ffc5/element - {"using":"xpath","value":"(//bdi[(text() = 'Save' or . = 'Save')])[1]"}
RESULT: {"using":"xpath","value":"(//bdi[(text() = 'Save' or . = 'Save')])[1]"}
COMMAND: POST /session/7ceb2304b37874a72895a7f47f00ffc5/element/f.A2DC6DB0B92729488FE09C376A5B6DB2.d.B0141930F23E9ABCD44EE77323DD0A14.e.3015/click - {}
RESULT: {}
COMMAND: POST /session/7ceb2304b37874a72895a7f47f00ffc5/execute/async - {"script":"<script> [1562 bytes]","args":[{"selector":{"controlType":"sap.ui.core.Icon","viewName":"etm.portal.ui.managerequests.view.NewRequest","properties":{"src":{"regex":{"source":"decline"}}},"ancestor":{"controlType":"sap.m.Token","viewName":"etm.portal.ui.managerequests.view.NewRequest","bindingPath":{"path":"/RequestItems/0/TOKENS/0","propertyPath":"TAG","modelName":"newRequestItems"}}},"wdio_ui5_key":"etmportal.ui.managerequests.view.NewRequestsap.ui.core.Icon{\"src\":{\"regex\":{\"source\":\"decline\"}}}{\"controlType\":\"sap.m.Token\",\"viewName\":\"etm.portal.ui.managerequests.view.NewRequest\",\"bindingPath\":{\"path\":\"/RequestItems/0/TOKENS/0\",\"propertyPath\":\"TAG\",\"modelName\":\"newRequestItems\"}}"}]}
COMMAND: GET /session/7ceb2304b37874a72895a7f47f00ffc5/screenshot - {}
RESULT: {"script":"<script> [1562 bytes]","args":[{"selector":{"controlType":"sap.ui.core.Icon","viewName":"etm.portal.ui.managerequests.view.NewRequest","properties":{"src":{"regex":{"source":"decline"}}},"ancestor":{"controlType":"sap.m.Token","viewName":"etm.portal.ui.managerequests.view.NewRequest","bindingPath":{"path":"/RequestItems/0/TOKENS/0","propertyPath":"TAG","modelName":"newRequestItems"}}},"wdio_ui5_key":"etmportal.ui.managerequests.view.NewRequestsap.ui.core.Icon{\"src\":{\"regex\":{\"source\":\"decline\"}}}{\"controlType\":\"sap.m.Token\",\"viewName\":\"etm.portal.ui.managerequests.view.NewRequest\",\"bindingPath\":{\"path\":\"/RequestItems/0/TOKENS/0\",\"propertyPath\":\"TAG\",\"modelName\":\"newRequestItems\"}}"}]}
RESULT: undefined
COMMAND: POST /session/7ceb2304b37874a72895a7f47f00ffc5/element - {"using":"xpath","value":"//*[@id=\"__token7-__tokenizer62-__xmlview59--requestItemsTable-0-0-icon\"]"}
RESULT: {}
RESULT: {"using":"xpath","value":"//*[@id=\"__token7-__tokenizer62-__xmlview59--requestItemsTable-0-0-icon\"]"}
COMMAND: POST /session/7ceb2304b37874a72895a7f47f00ffc5/element/f.A2DC6DB0B92729488FE09C376A5B6DB2.d.B0141930F23E9ABCD44EE77323DD0A14.e.3017/click - {}
RESULT: {}
COMMAND: GET /session/7ceb2304b37874a72895a7f47f00ffc5/screenshot - {}
RESULT: {}
COMMAND: POST /session/7ceb2304b37874a72895a7f47f00ffc5/actions - {"actions":[{"id":"action24","type":"key","parameters":{},"actions":[{"type":"keyDown","value":"î€Œ"},{"type":"pause","duration":10},{"type":"keyUp","value":"î€Œ"}]}]}
RESULT: {"actions":[{"id":"action24","type":"key","parameters":{},"actions":[{"type":"keyDown","value":"î€Œ"},{"type":"pause","duration":10},{"type":"keyUp","value":"î€Œ"}]}]}
COMMAND: GET /session/7ceb2304b37874a72895a7f47f00ffc5/screenshot - {}
RESULT: {}
COMMAND: POST /session/7ceb2304b37874a72895a7f47f00ffc5/execute/async - {"script":"<script> [1562 bytes]","args":[{"selector":{"controlType":"sap.m.Tokenizer","viewName":"etm.portal.ui.managerequests.view.NewRequest","bindingPath":{"path":"/RequestItems/0","propertyPath":"TOKENS","modelName":"newRequestItems"}},"wdio_ui5_key":"etmportal.ui.managerequests.view.NewRequestsap.m.Tokenizer{\"path\":\"/RequestItems/0\",\"propertyPath\":\"TOKENS\",\"modelName\":\"newRequestItems\"}"}]}
RESULT: {"script":"<script> [1562 bytes]","args":[{"selector":{"controlType":"sap.m.Tokenizer","viewName":"etm.portal.ui.managerequests.view.NewRequest","bindingPath":{"path":"/RequestItems/0","propertyPath":"TOKENS","modelName":"newRequestItems"}},"wdio_ui5_key":"etmportal.ui.managerequests.view.NewRequestsap.m.Tokenizer{\"path\":\"/RequestItems/0\",\"propertyPath\":\"TOKENS\",\"modelName\":\"newRequestItems\"}"}]}
RESULT: undefined
COMMAND: POST /session/7ceb2304b37874a72895a7f47f00ffc5/execute/async - {"script":"<script> [6424 bytes]","args":[{"element-6066-11e4-a52e-4f735466cecf":"f.A2DC6DB0B92729488FE09C376A5B6DB2.d.B0141930F23E9ABCD44EE77323DD0A14.e.3023"},"getTokens",[]]}
RESULT: {"script":"<script> [6424 bytes]","args":[{"element-6066-11e4-a52e-4f735466cecf":"f.A2DC6DB0B92729488FE09C376A5B6DB2.d.B0141930F23E9ABCD44EE77323DD0A14.e.3023"},"getTokens",[]]}
COMMAND: POST /session/7ceb2304b37874a72895a7f47f00ffc5/execute/async - {"script":"<script> [1562 bytes]","args":[{"wdio_ui5_key":"__token7-__tokenizer62-__xmlview59--requestItemsTable-0-0","selector":{"id":"__token7-__tokenizer62-__xmlview59--requestItemsTable-0-0"}}]}
RESULT: {"script":"<script> [1562 bytes]","args":[{"wdio_ui5_key":"__token7-__tokenizer62-__xmlview59--requestItemsTable-0-0","selector":{"id":"__token7-__tokenizer62-__xmlview59--requestItemsTable-0-0"}}]}
RESULT: undefined
RESULT: undefined
COMMAND: POST /session/7ceb2304b37874a72895a7f47f00ffc5/execute/async - {"script":"<script> [776 bytes]","args":[{"enterText":"tagRequest1","selector":{"controlType":"sap.m.Input","viewName":"etm.portal.ui.managerequests.view.NewRequest","bindingPath":{"path":"","propertyPath":"/Tags","modelName":"catalogModel"},"ancestor":{"controlType":"sap.m.ColumnListItem","viewName":"etm.portal.ui.managerequests.view.NewRequest","bindingPath":{"modelName":"newRequestItems","path":"/RequestItems/0"},"ancestor":{"id":"requestItemsTable","viewName":"etm.portal.ui.managerequests.view.NewRequest"}},"interaction":{"idSuffix":"inner"}},"clearTextFirst":true,"interactionType":"ENTER_TEXT"}]}
RESULT: {"script":"<script> [776 bytes]","args":[{"enterText":"tagRequest1","selector":{"controlType":"sap.m.Input","viewName":"etm.portal.ui.managerequests.view.NewRequest","bindingPath":{"path":"","propertyPath":"/Tags","modelName":"catalogModel"},"ancestor":{"controlType":"sap.m.ColumnListItem","viewName":"etm.portal.ui.managerequests.view.NewRequest","bindingPath":{"modelName":"newRequestItems","path":"/RequestItems/0"},"ancestor":{"id":"requestItemsTable","viewName":"etm.portal.ui.managerequests.view.NewRequest"}},"interaction":{"idSuffix":"inner"}},"clearTextFirst":true,"interactionType":"ENTER_TEXT"}]}
COMMAND: POST /session/7ceb2304b37874a72895a7f47f00ffc5/actions - {"actions":[{"id":"action25","type":"key","parameters":{},"actions":[{"type":"keyDown","value":"î€‡"},{"type":"pause","duration":10},{"type":"keyUp","value":"î€‡"}]}]}
RESULT: {"actions":[{"id":"action25","type":"key","parameters":{},"actions":[{"type":"keyDown","value":"î€‡"},{"type":"pause","duration":10},{"type":"keyUp","value":"î€‡"}]}]}
COMMAND: GET /session/7ceb2304b37874a72895a7f47f00ffc5/screenshot - {}
RESULT: {}
RESULT: undefined
COMMAND: POST /session/7ceb2304b37874a72895a7f47f00ffc5/execute/async - {"script":"<script> [6424 bytes]","args":[{"element-6066-11e4-a52e-4f735466cecf":"f.A2DC6DB0B92729488FE09C376A5B6DB2.d.B0141930F23E9ABCD44EE77323DD0A14.e.3023"},"getTokens",[]]}
RESULT: {"script":"<script> [6424 bytes]","args":[{"element-6066-11e4-a52e-4f735466cecf":"f.A2DC6DB0B92729488FE09C376A5B6DB2.d.B0141930F23E9ABCD44EE77323DD0A14.e.3023"},"getTokens",[]]}
COMMAND: POST /session/7ceb2304b37874a72895a7f47f00ffc5/execute/async - {"script":"<script> [1562 bytes]","args":[{"wdio_ui5_key":"__token7-__tokenizer62-__xmlview59--requestItemsTable-0-1","selector":{"id":"__token7-__tokenizer62-__xmlview59--requestItemsTable-0-1"}}]}
RESULT: undefined
RESULT: {"script":"<script> [1562 bytes]","args":[{"wdio_ui5_key":"__token7-__tokenizer62-__xmlview59--requestItemsTable-0-1","selector":{"id":"__token7-__tokenizer62-__xmlview59--requestItemsTable-0-1"}}]}
RESULT: undefined
COMMAND: POST /session/7ceb2304b37874a72895a7f47f00ffc5/execute/async - {"script":"<script> [1562 bytes]","args":[{"selector":{"controlType":"sap.ui.core.Icon","viewName":"etm.portal.ui.managerequests.view.NewRequest","properties":{"src":{"regex":{"source":"decline"}}},"ancestor":{"controlType":"sap.m.Token","viewName":"etm.portal.ui.managerequests.view.NewRequest","bindingPath":{"path":"/RequestItems/1/TOKENS/0","propertyPath":"TAG","modelName":"newRequestItems"}}},"wdio_ui5_key":"etmportal.ui.managerequests.view.NewRequestsap.ui.core.Icon{\"src\":{\"regex\":{\"source\":\"decline\"}}}{\"controlType\":\"sap.m.Token\",\"viewName\":\"etm.portal.ui.managerequests.view.NewRequest\",\"bindingPath\":{\"path\":\"/RequestItems/1/TOKENS/0\",\"propertyPath\":\"TAG\",\"modelName\":\"newRequestItems\"}}"}]}
RESULT: {"script":"<script> [1562 bytes]","args":[{"selector":{"controlType":"sap.ui.core.Icon","viewName":"etm.portal.ui.managerequests.view.NewRequest","properties":{"src":{"regex":{"source":"decline"}}},"ancestor":{"controlType":"sap.m.Token","viewName":"etm.portal.ui.managerequests.view.NewRequest","bindingPath":{"path":"/RequestItems/1/TOKENS/0","propertyPath":"TAG","modelName":"newRequestItems"}}},"wdio_ui5_key":"etmportal.ui.managerequests.view.NewRequestsap.ui.core.Icon{\"src\":{\"regex\":{\"source\":\"decline\"}}}{\"controlType\":\"sap.m.Token\",\"viewName\":\"etm.portal.ui.managerequests.view.NewRequest\",\"bindingPath\":{\"path\":\"/RequestItems/1/TOKENS/0\",\"propertyPath\":\"TAG\",\"modelName\":\"newRequestItems\"}}"}]}
RESULT: undefined
COMMAND: POST /session/7ceb2304b37874a72895a7f47f00ffc5/element - {"using":"xpath","value":"//*[@id=\"__token7-__tokenizer62-__xmlview59--requestItemsTable-1-0-icon\"]"}
RESULT: {"using":"xpath","value":"//*[@id=\"__token7-__tokenizer62-__xmlview59--requestItemsTable-1-0-icon\"]"}
COMMAND: POST /session/7ceb2304b37874a72895a7f47f00ffc5/element/f.A2DC6DB0B92729488FE09C376A5B6DB2.d.B0141930F23E9ABCD44EE77323DD0A14.e.3025/click - {}
RESULT: {}
COMMAND: GET /session/7ceb2304b37874a72895a7f47f00ffc5/screenshot - {}
RESULT: {}
COMMAND: POST /session/7ceb2304b37874a72895a7f47f00ffc5/actions - {"actions":[{"id":"action26","type":"key","parameters":{},"actions":[{"type":"keyDown","value":"î€Œ"},{"type":"pause","duration":10},{"type":"keyUp","value":"î€Œ"}]}]}
RESULT: {"actions":[{"id":"action26","type":"key","parameters":{},"actions":[{"type":"keyDown","value":"î€Œ"},{"type":"pause","duration":10},{"type":"keyUp","value":"î€Œ"}]}]}
COMMAND: GET /session/7ceb2304b37874a72895a7f47f00ffc5/screenshot - {}
RESULT: {}
COMMAND: POST /session/7ceb2304b37874a72895a7f47f00ffc5/execute/async - {"script":"<script> [1562 bytes]","args":[{"selector":{"controlType":"sap.m.Tokenizer","viewName":"etm.portal.ui.managerequests.view.NewRequest","bindingPath":{"path":"/RequestItems/1","propertyPath":"TOKENS","modelName":"newRequestItems"}},"wdio_ui5_key":"etmportal.ui.managerequests.view.NewRequestsap.m.Tokenizer{\"path\":\"/RequestItems/1\",\"propertyPath\":\"TOKENS\",\"modelName\":\"newRequestItems\"}"}]}
RESULT: {"script":"<script> [1562 bytes]","args":[{"selector":{"controlType":"sap.m.Tokenizer","viewName":"etm.portal.ui.managerequests.view.NewRequest","bindingPath":{"path":"/RequestItems/1","propertyPath":"TOKENS","modelName":"newRequestItems"}},"wdio_ui5_key":"etmportal.ui.managerequests.view.NewRequestsap.m.Tokenizer{\"path\":\"/RequestItems/1\",\"propertyPath\":\"TOKENS\",\"modelName\":\"newRequestItems\"}"}]}
RESULT: undefined
COMMAND: POST /session/7ceb2304b37874a72895a7f47f00ffc5/execute/async - {"script":"<script> [6424 bytes]","args":[{"element-6066-11e4-a52e-4f735466cecf":"f.A2DC6DB0B92729488FE09C376A5B6DB2.d.B0141930F23E9ABCD44EE77323DD0A14.e.3031"},"getTokens",[]]}
RESULT: {"script":"<script> [6424 bytes]","args":[{"element-6066-11e4-a52e-4f735466cecf":"f.A2DC6DB0B92729488FE09C376A5B6DB2.d.B0141930F23E9ABCD44EE77323DD0A14.e.3031"},"getTokens",[]]}
COMMAND: POST /session/7ceb2304b37874a72895a7f47f00ffc5/execute/async - {"script":"<script> [1562 bytes]","args":[{"wdio_ui5_key":"__token7-__tokenizer62-__xmlview59--requestItemsTable-1-0","selector":{"id":"__token7-__tokenizer62-__xmlview59--requestItemsTable-1-0"}}]}
RESULT: {"script":"<script> [1562 bytes]","args":[{"wdio_ui5_key":"__token7-__tokenizer62-__xmlview59--requestItemsTable-1-0","selector":{"id":"__token7-__tokenizer62-__xmlview59--requestItemsTable-1-0"}}]}
RESULT: undefined
RESULT: undefined
COMMAND: POST /session/7ceb2304b37874a72895a7f47f00ffc5/execute/async - {"script":"<script> [776 bytes]","args":[{"enterText":"tagRequest1","selector":{"controlType":"sap.m.Input","viewName":"etm.portal.ui.managerequests.view.NewRequest","bindingPath":{"path":"","propertyPath":"/Tags","modelName":"catalogModel"},"ancestor":{"controlType":"sap.m.ColumnListItem","viewName":"etm.portal.ui.managerequests.view.NewRequest","bindingPath":{"modelName":"newRequestItems","path":"/RequestItems/1"},"ancestor":{"id":"requestItemsTable","viewName":"etm.portal.ui.managerequests.view.NewRequest"}},"interaction":{"idSuffix":"inner"}},"clearTextFirst":true,"interactionType":"ENTER_TEXT"}]}
RESULT: {"script":"<script> [776 bytes]","args":[{"enterText":"tagRequest1","selector":{"controlType":"sap.m.Input","viewName":"etm.portal.ui.managerequests.view.NewRequest","bindingPath":{"path":"","propertyPath":"/Tags","modelName":"catalogModel"},"ancestor":{"controlType":"sap.m.ColumnListItem","viewName":"etm.portal.ui.managerequests.view.NewRequest","bindingPath":{"modelName":"newRequestItems","path":"/RequestItems/1"},"ancestor":{"id":"requestItemsTable","viewName":"etm.portal.ui.managerequests.view.NewRequest"}},"interaction":{"idSuffix":"inner"}},"clearTextFirst":true,"interactionType":"ENTER_TEXT"}]}
COMMAND: POST /session/7ceb2304b37874a72895a7f47f00ffc5/actions - {"actions":[{"id":"action27","type":"key","parameters":{},"actions":[{"type":"keyDown","value":"î€‡"},{"type":"pause","duration":10},{"type":"keyUp","value":"î€‡"}]}]}
RESULT: {"actions":[{"id":"action27","type":"key","parameters":{},"actions":[{"type":"keyDown","value":"î€‡"},{"type":"pause","duration":10},{"type":"keyUp","value":"î€‡"}]}]}
COMMAND: GET /session/7ceb2304b37874a72895a7f47f00ffc5/screenshot - {}
RESULT: {}
RESULT: undefined
COMMAND: POST /session/7ceb2304b37874a72895a7f47f00ffc5/execute/async - {"script":"<script> [6424 bytes]","args":[{"element-6066-11e4-a52e-4f735466cecf":"f.A2DC6DB0B92729488FE09C376A5B6DB2.d.B0141930F23E9ABCD44EE77323DD0A14.e.3031"},"getTokens",[]]}
RESULT: {"script":"<script> [6424 bytes]","args":[{"element-6066-11e4-a52e-4f735466cecf":"f.A2DC6DB0B92729488FE09C376A5B6DB2.d.B0141930F23E9ABCD44EE77323DD0A14.e.3031"},"getTokens",[]]}
COMMAND: POST /session/7ceb2304b37874a72895a7f47f00ffc5/execute/async - {"script":"<script> [1562 bytes]","args":[{"wdio_ui5_key":"__token7-__tokenizer62-__xmlview59--requestItemsTable-1-1","selector":{"id":"__token7-__tokenizer62-__xmlview59--requestItemsTable-1-1"}}]}
RESULT: undefined
RESULT: {"script":"<script> [1562 bytes]","args":[{"wdio_ui5_key":"__token7-__tokenizer62-__xmlview59--requestItemsTable-1-1","selector":{"id":"__token7-__tokenizer62-__xmlview59--requestItemsTable-1-1"}}]}
RESULT: undefined
COMMAND: POST /session/7ceb2304b37874a72895a7f47f00ffc5/execute/async - {"script":"<script> [1562 bytes]","args":[{"selector":{"controlType":"sap.m.Button","viewName":"etm.portal.ui.managerequests.view.NewRequest","properties":{"text":"Save"},"i18NText":{"propertyName":"tooltip","key":"save"},"interaction":{"idSuffix":"BDI-content"}},"wdio_ui5_key":"etmportal.ui.managerequests.view.NewRequestsap.m.Button{\"propertyName\":\"tooltip\",\"key\":\"save\"}{\"text\":\"Save\"}"}]}
RESULT: {"script":"<script> [1562 bytes]","args":[{"selector":{"controlType":"sap.m.Button","viewName":"etm.portal.ui.managerequests.view.NewRequest","properties":{"text":"Save"},"i18NText":{"propertyName":"tooltip","key":"save"},"interaction":{"idSuffix":"BDI-content"}},"wdio_ui5_key":"etmportal.ui.managerequests.view.NewRequestsap.m.Button{\"propertyName\":\"tooltip\",\"key\":\"save\"}{\"text\":\"Save\"}"}]}
RESULT: undefined
COMMAND: POST /session/7ceb2304b37874a72895a7f47f00ffc5/element - {"using":"xpath","value":"//*[@id=\"__button117\"]"}
RESULT: {"using":"xpath","value":"//*[@id=\"__button117\"]"}
COMMAND: POST /session/7ceb2304b37874a72895a7f47f00ffc5/element/f.A2DC6DB0B92729488FE09C376A5B6DB2.d.B0141930F23E9ABCD44EE77323DD0A14.e.2812/click - {}
RESULT: {}
COMMAND: GET /session/7ceb2304b37874a72895a7f47f00ffc5/screenshot - {}
RESULT: {}
COMMAND: POST /session/7ceb2304b37874a72895a7f47f00ffc5/element - {"using":"xpath","value":"//bdi[contains(@id ,\"BDI-content\")][contains(text(), \"Close\")]"}
RESULT: {"using":"xpath","value":"//bdi[contains(@id ,\"BDI-content\")][contains(text(), \"Close\")]"}
COMMAND: POST /session/7ceb2304b37874a72895a7f47f00ffc5/element/f.A2DC6DB0B92729488FE09C376A5B6DB2.d.B0141930F23E9ABCD44EE77323DD0A14.e.3039/click - {}
RESULT: {}
COMMAND: GET /session/7ceb2304b37874a72895a7f47f00ffc5/screenshot - {}
RESULT: {}
]]></system-out>
    </testcase>
    <testcase classname="chrome.137_0_7151_56.windows.Manage_Requests_Tags_Tests_US120163" name="Should Edit Request Tags" time="95.45">
      <system-out><![CDATA[
COMMAND: POST /session/7ceb2304b37874a72895a7f47f00ffc5/execute/async - {"script":"<script> [1562 bytes]","args":[{"selector":{"controlType":"sap.ui.core.Icon","viewName":"etm.portal.ui.managerequests.view.Detail","properties":{"src":{"regex":{"source":"overflow"}}}},"wdio_ui5_key":"etmportal.ui.managerequests.view.Detailsap.ui.core.Icon{\"src\":{\"regex\":{\"source\":\"overflow\"}}}"}]}
RESULT: {"script":"<script> [1562 bytes]","args":[{"selector":{"controlType":"sap.ui.core.Icon","viewName":"etm.portal.ui.managerequests.view.Detail","properties":{"src":{"regex":{"source":"overflow"}}}},"wdio_ui5_key":"etmportal.ui.managerequests.view.Detailsap.ui.core.Icon{\"src\":{\"regex\":{\"source\":\"overflow\"}}}"}]}
RESULT: undefined
COMMAND: POST /session/7ceb2304b37874a72895a7f47f00ffc5/element - {"using":"xpath","value":"//*[@id=\"__xmlview60--detailHeaderTitle-_actionsToolbar-overflowButton-img\"]"}
RESULT: {"using":"xpath","value":"//*[@id=\"__xmlview60--detailHeaderTitle-_actionsToolbar-overflowButton-img\"]"}
COMMAND: POST /session/7ceb2304b37874a72895a7f47f00ffc5/element/f.A2DC6DB0B92729488FE09C376A5B6DB2.d.B0141930F23E9ABCD44EE77323DD0A14.e.3163/click - {}
RESULT: {}
COMMAND: GET /session/7ceb2304b37874a72895a7f47f00ffc5/screenshot - {}
RESULT: {}
COMMAND: POST /session/7ceb2304b37874a72895a7f47f00ffc5/execute/async - {"script":"<script> [1562 bytes]","args":[{"selector":{"controlType":"sap.uxap.ObjectPageHeaderActionButton","viewName":"etm.portal.ui.managerequests.view.Detail","i18NText":{"propertyName":"text","key":"edit"},"searchOpenDialogs":true,"interaction":{"idSuffix":"inner"}},"wdio_ui5_key":"etmportal.ui.managerequests.view.Detailsap.uxap.ObjectPageHeaderActionButton{\"propertyName\":\"text\",\"key\":\"edit\"}"}]}
RESULT: {"script":"<script> [1562 bytes]","args":[{"selector":{"controlType":"sap.uxap.ObjectPageHeaderActionButton","viewName":"etm.portal.ui.managerequests.view.Detail","i18NText":{"propertyName":"text","key":"edit"},"searchOpenDialogs":true,"interaction":{"idSuffix":"inner"}},"wdio_ui5_key":"etmportal.ui.managerequests.view.Detailsap.uxap.ObjectPageHeaderActionButton{\"propertyName\":\"text\",\"key\":\"edit\"}"}]}
RESULT: undefined
COMMAND: POST /session/7ceb2304b37874a72895a7f47f00ffc5/element - {"using":"xpath","value":"//*[@id=\"__button138\"]"}
RESULT: {"using":"xpath","value":"//*[@id=\"__button138\"]"}
COMMAND: POST /session/7ceb2304b37874a72895a7f47f00ffc5/element/f.A2DC6DB0B92729488FE09C376A5B6DB2.d.B0141930F23E9ABCD44EE77323DD0A14.e.3165/click - {}
RESULT: {}
COMMAND: GET /session/7ceb2304b37874a72895a7f47f00ffc5/screenshot - {}
RESULT: {}
COMMAND: POST /session/7ceb2304b37874a72895a7f47f00ffc5/execute/async - {"script":"<script> [1562 bytes]","args":[{"selector":{"controlType":"sap.ui.core.Icon","viewName":"etm.portal.ui.managerequests.view.Edit","properties":{"src":{"regex":{"source":"decline"}}},"ancestor":{"controlType":"sap.m.Token","viewName":"etm.portal.ui.managerequests.view.Edit","bindingPath":{"propertyPath":"TAG","modelName":"catalogModel"},"properties":{"text":"RefTag"}}},"wdio_ui5_key":"etmportal.ui.managerequests.view.Editsap.ui.core.Icon{\"src\":{\"regex\":{\"source\":\"decline\"}}}{\"controlType\":\"sap.m.Token\",\"viewName\":\"etm.portal.ui.managerequests.view.Edit\",\"bindingPath\":{\"propertyPath\":\"TAG\",\"modelName\":\"catalogModel\"},\"properties\":{\"text\":\"RefTag\"}}"}]}
RESULT: {"script":"<script> [1562 bytes]","args":[{"selector":{"controlType":"sap.ui.core.Icon","viewName":"etm.portal.ui.managerequests.view.Edit","properties":{"src":{"regex":{"source":"decline"}}},"ancestor":{"controlType":"sap.m.Token","viewName":"etm.portal.ui.managerequests.view.Edit","bindingPath":{"propertyPath":"TAG","modelName":"catalogModel"},"properties":{"text":"RefTag"}}},"wdio_ui5_key":"etmportal.ui.managerequests.view.Editsap.ui.core.Icon{\"src\":{\"regex\":{\"source\":\"decline\"}}}{\"controlType\":\"sap.m.Token\",\"viewName\":\"etm.portal.ui.managerequests.view.Edit\",\"bindingPath\":{\"propertyPath\":\"TAG\",\"modelName\":\"catalogModel\"},\"properties\":{\"text\":\"RefTag\"}}"}]}
RESULT: undefined
COMMAND: POST /session/7ceb2304b37874a72895a7f47f00ffc5/element - {"using":"xpath","value":"//*[@id=\"__token13-__tokenizer64-0-icon\"]"}
RESULT: {"using":"xpath","value":"//*[@id=\"__token13-__tokenizer64-0-icon\"]"}
COMMAND: POST /session/7ceb2304b37874a72895a7f47f00ffc5/element/f.A2DC6DB0B92729488FE09C376A5B6DB2.d.B0141930F23E9ABCD44EE77323DD0A14.e.3272/click - {}
RESULT: {}
COMMAND: POST /session/7ceb2304b37874a72895a7f47f00ffc5/execute/async - {"script":"<script> [1562 bytes]","args":[{"selector":{"id":"tagMultiInputRequests","viewName":"etm.portal.ui.managerequests.view.Edit","interaction":{"idSuffix":"inner"}},"wdio_ui5_key":"tagMultiInputRequestsetmportal.ui.managerequests.view.Edit"}]}
COMMAND: GET /session/7ceb2304b37874a72895a7f47f00ffc5/screenshot - {}
RESULT: {"script":"<script> [1562 bytes]","args":[{"selector":{"id":"tagMultiInputRequests","viewName":"etm.portal.ui.managerequests.view.Edit","interaction":{"idSuffix":"inner"}},"wdio_ui5_key":"tagMultiInputRequestsetmportal.ui.managerequests.view.Edit"}]}
RESULT: undefined
COMMAND: POST /session/7ceb2304b37874a72895a7f47f00ffc5/execute/async - {"script":"<script> [6424 bytes]","args":[{"element-6066-11e4-a52e-4f735466cecf":"f.A2DC6DB0B92729488FE09C376A5B6DB2.d.B0141930F23E9ABCD44EE77323DD0A14.e.3199"},"getTokens",[]]}
RESULT: {}
RESULT: {"script":"<script> [6424 bytes]","args":[{"element-6066-11e4-a52e-4f735466cecf":"f.A2DC6DB0B92729488FE09C376A5B6DB2.d.B0141930F23E9ABCD44EE77323DD0A14.e.3199"},"getTokens",[]]}
COMMAND: POST /session/7ceb2304b37874a72895a7f47f00ffc5/execute/async - {"script":"<script> [1562 bytes]","args":[{"wdio_ui5_key":"__token13-__tokenizer64-1","selector":{"id":"__token13-__tokenizer64-1"}}]}
RESULT: {"script":"<script> [1562 bytes]","args":[{"wdio_ui5_key":"__token13-__tokenizer64-1","selector":{"id":"__token13-__tokenizer64-1"}}]}
RESULT: undefined
RESULT: undefined
COMMAND: POST /session/7ceb2304b37874a72895a7f47f00ffc5/execute/async - {"script":"<script> [776 bytes]","args":[{"enterText":"RefTag","selector":{"id":"tagMultiInputRequests","viewName":"etm.portal.ui.managerequests.view.Edit","interaction":{"idSuffix":"inner"}},"clearTextFirst":true,"interactionType":"ENTER_TEXT"}]}
RESULT: {"script":"<script> [776 bytes]","args":[{"enterText":"RefTag","selector":{"id":"tagMultiInputRequests","viewName":"etm.portal.ui.managerequests.view.Edit","interaction":{"idSuffix":"inner"}},"clearTextFirst":true,"interactionType":"ENTER_TEXT"}]}
COMMAND: POST /session/7ceb2304b37874a72895a7f47f00ffc5/actions - {"actions":[{"id":"action28","type":"key","parameters":{},"actions":[{"type":"keyDown","value":"î€‡"},{"type":"pause","duration":10},{"type":"keyUp","value":"î€‡"}]}]}
RESULT: {"actions":[{"id":"action28","type":"key","parameters":{},"actions":[{"type":"keyDown","value":"î€‡"},{"type":"pause","duration":10},{"type":"keyUp","value":"î€‡"}]}]}
COMMAND: GET /session/7ceb2304b37874a72895a7f47f00ffc5/screenshot - {}
RESULT: {}
RESULT: undefined
COMMAND: POST /session/7ceb2304b37874a72895a7f47f00ffc5/execute/async - {"script":"<script> [6424 bytes]","args":[{"element-6066-11e4-a52e-4f735466cecf":"f.A2DC6DB0B92729488FE09C376A5B6DB2.d.B0141930F23E9ABCD44EE77323DD0A14.e.3199"},"getTokens",[]]}
RESULT: {"script":"<script> [6424 bytes]","args":[{"element-6066-11e4-a52e-4f735466cecf":"f.A2DC6DB0B92729488FE09C376A5B6DB2.d.B0141930F23E9ABCD44EE77323DD0A14.e.3199"},"getTokens",[]]}
COMMAND: POST /session/7ceb2304b37874a72895a7f47f00ffc5/execute/async - {"script":"<script> [1562 bytes]","args":[{"wdio_ui5_key":"__token16","selector":{"id":"__token16"}}]}
RESULT: undefined
RESULT: {"script":"<script> [1562 bytes]","args":[{"wdio_ui5_key":"__token16","selector":{"id":"__token16"}}]}
RESULT: undefined
COMMAND: POST /session/7ceb2304b37874a72895a7f47f00ffc5/execute/async - {"script":"<script> [1562 bytes]","args":[{"selector":{"controlType":"sap.m.Button","viewName":"etm.portal.ui.managerequests.view.Edit","properties":{"text":"Items (2)"},"interaction":{"idSuffix":"BDI-content"}},"wdio_ui5_key":"etmportal.ui.managerequests.view.Editsap.m.Button{\"text\":\"Items (2)\"}"}]}
RESULT: {"script":"<script> [1562 bytes]","args":[{"selector":{"controlType":"sap.m.Button","viewName":"etm.portal.ui.managerequests.view.Edit","properties":{"text":"Items (2)"},"interaction":{"idSuffix":"BDI-content"}},"wdio_ui5_key":"etmportal.ui.managerequests.view.Editsap.m.Button{\"text\":\"Items (2)\"}"}]}
RESULT: undefined
COMMAND: POST /session/7ceb2304b37874a72895a7f47f00ffc5/element - {"using":"xpath","value":"//*[@id=\"__xmlview61--editRequestPage-anchBar-__xmlview61--requestItemsSection-anchor\"]"}
RESULT: {"using":"xpath","value":"//*[@id=\"__xmlview61--editRequestPage-anchBar-__xmlview61--requestItemsSection-anchor\"]"}
COMMAND: POST /session/7ceb2304b37874a72895a7f47f00ffc5/element/f.A2DC6DB0B92729488FE09C376A5B6DB2.d.B0141930F23E9ABCD44EE77323DD0A14.e.3277/click - {}
RESULT: {}
COMMAND: GET /session/7ceb2304b37874a72895a7f47f00ffc5/screenshot - {}
RESULT: {}
COMMAND: POST /session/7ceb2304b37874a72895a7f47f00ffc5/execute/async - {"script":"<script> [1562 bytes]","args":[{"selector":{"controlType":"sap.ui.core.Icon","viewName":"etm.portal.ui.managerequests.view.Edit","properties":{"src":{"regex":{"source":"inspect"}}}},"wdio_ui5_key":"etmportal.ui.managerequests.view.Editsap.ui.core.Icon{\"src\":{\"regex\":{\"source\":\"inspect\"}}}"}]}
RESULT: {"script":"<script> [1562 bytes]","args":[{"selector":{"controlType":"sap.ui.core.Icon","viewName":"etm.portal.ui.managerequests.view.Edit","properties":{"src":{"regex":{"source":"inspect"}}}},"wdio_ui5_key":"etmportal.ui.managerequests.view.Editsap.ui.core.Icon{\"src\":{\"regex\":{\"source\":\"inspect\"}}}"}]}
RESULT: undefined
COMMAND: POST /session/7ceb2304b37874a72895a7f47f00ffc5/element - {"using":"xpath","value":"//*[@id=\"__button165-img\"]"}
RESULT: {"using":"xpath","value":"//*[@id=\"__button165-img\"]"}
COMMAND: POST /session/7ceb2304b37874a72895a7f47f00ffc5/element/f.A2DC6DB0B92729488FE09C376A5B6DB2.d.B0141930F23E9ABCD44EE77323DD0A14.e.3283/click - {}
RESULT: {}
COMMAND: GET /session/7ceb2304b37874a72895a7f47f00ffc5/screenshot - {}
RESULT: {}
COMMAND: POST /session/7ceb2304b37874a72895a7f47f00ffc5/execute/async - {"script":"<script> [1562 bytes]","args":[{"selector":{"controlType":"sap.m.Tokenizer","viewName":"etm.portal.ui.managerequests.view.Edit","bindingPath":{"path":"/RequestItems/0","propertyPath":"LINK_TO_TAGS","modelName":"RequestItemsModel"}},"wdio_ui5_key":"etmportal.ui.managerequests.view.Editsap.m.Tokenizer{\"path\":\"/RequestItems/0\",\"propertyPath\":\"LINK_TO_TAGS\",\"modelName\":\"RequestItemsModel\"}"}]}
RESULT: {"script":"<script> [1562 bytes]","args":[{"selector":{"controlType":"sap.m.Tokenizer","viewName":"etm.portal.ui.managerequests.view.Edit","bindingPath":{"path":"/RequestItems/0","propertyPath":"LINK_TO_TAGS","modelName":"RequestItemsModel"}},"wdio_ui5_key":"etmportal.ui.managerequests.view.Editsap.m.Tokenizer{\"path\":\"/RequestItems/0\",\"propertyPath\":\"LINK_TO_TAGS\",\"modelName\":\"RequestItemsModel\"}"}]}
RESULT: undefined
COMMAND: POST /session/7ceb2304b37874a72895a7f47f00ffc5/element - {"using":"xpath","value":"//*[@id=\"__tokenizer66\"]"}
RESULT: {"using":"xpath","value":"//*[@id=\"__tokenizer66\"]"}
COMMAND: POST /session/7ceb2304b37874a72895a7f47f00ffc5/element/f.A2DC6DB0B92729488FE09C376A5B6DB2.d.B0141930F23E9ABCD44EE77323DD0A14.e.3285/click - {}
RESULT: {}
COMMAND: GET /session/7ceb2304b37874a72895a7f47f00ffc5/screenshot - {}
RESULT: {}
COMMAND: POST /session/7ceb2304b37874a72895a7f47f00ffc5/execute/async - {"script":"<script> [1562 bytes]","args":[{"selector":{"controlType":"sap.ui.core.Icon","viewName":"etm.portal.ui.managerequests.view.Edit","properties":{"src":{"regex":{"source":"decline"}}},"searchOpenDialogs":true,"ancestor":{"controlType":"sap.m.StandardListItem","viewName":"etm.portal.ui.managerequests.view.Edit","properties":{"title":"tag-duplicate"},"searchOpenDialogs":true}},"wdio_ui5_key":"etmportal.ui.managerequests.view.Editsap.ui.core.Icon{\"src\":{\"regex\":{\"source\":\"decline\"}}}{\"controlType\":\"sap.m.StandardListItem\",\"viewName\":\"etm.portal.ui.managerequests.view.Edit\",\"properties\":{\"title\":\"tag-duplicate\"},\"searchOpenDialogs\":true}"}]}
RESULT: {"script":"<script> [1562 bytes]","args":[{"selector":{"controlType":"sap.ui.core.Icon","viewName":"etm.portal.ui.managerequests.view.Edit","properties":{"src":{"regex":{"source":"decline"}}},"searchOpenDialogs":true,"ancestor":{"controlType":"sap.m.StandardListItem","viewName":"etm.portal.ui.managerequests.view.Edit","properties":{"title":"tag-duplicate"},"searchOpenDialogs":true}},"wdio_ui5_key":"etmportal.ui.managerequests.view.Editsap.ui.core.Icon{\"src\":{\"regex\":{\"source\":\"decline\"}}}{\"controlType\":\"sap.m.StandardListItem\",\"viewName\":\"etm.portal.ui.managerequests.view.Edit\",\"properties\":{\"title\":\"tag-duplicate\"},\"searchOpenDialogs\":true}"}]}
RESULT: undefined
COMMAND: POST /session/7ceb2304b37874a72895a7f47f00ffc5/element - {"using":"xpath","value":"//*[@id=\"__item2693-imgDel-img\"]"}
RESULT: {"using":"xpath","value":"//*[@id=\"__item2693-imgDel-img\"]"}
COMMAND: POST /session/7ceb2304b37874a72895a7f47f00ffc5/element/f.A2DC6DB0B92729488FE09C376A5B6DB2.d.B0141930F23E9ABCD44EE77323DD0A14.e.3288/click - {}
RESULT: {}
COMMAND: GET /session/7ceb2304b37874a72895a7f47f00ffc5/screenshot - {}
RESULT: {}
COMMAND: POST /session/7ceb2304b37874a72895a7f47f00ffc5/actions - {"actions":[{"id":"action29","type":"key","parameters":{},"actions":[{"type":"keyDown","value":"î€Œ"},{"type":"pause","duration":10},{"type":"keyUp","value":"î€Œ"}]}]}
RESULT: {"actions":[{"id":"action29","type":"key","parameters":{},"actions":[{"type":"keyDown","value":"î€Œ"},{"type":"pause","duration":10},{"type":"keyUp","value":"î€Œ"}]}]}
COMMAND: POST /session/7ceb2304b37874a72895a7f47f00ffc5/execute/async - {"script":"<script> [1562 bytes]","args":[{"selector":{"controlType":"sap.m.Tokenizer","viewName":"etm.portal.ui.managerequests.view.Edit","bindingPath":{"path":"/RequestItems/1","propertyPath":"LINK_TO_TAGS","modelName":"RequestItemsModel"}},"wdio_ui5_key":"etmportal.ui.managerequests.view.Editsap.m.Tokenizer{\"path\":\"/RequestItems/1\",\"propertyPath\":\"LINK_TO_TAGS\",\"modelName\":\"RequestItemsModel\"}"}]}
COMMAND: GET /session/7ceb2304b37874a72895a7f47f00ffc5/screenshot - {}
RESULT: {"script":"<script> [1562 bytes]","args":[{"selector":{"controlType":"sap.m.Tokenizer","viewName":"etm.portal.ui.managerequests.view.Edit","bindingPath":{"path":"/RequestItems/1","propertyPath":"LINK_TO_TAGS","modelName":"RequestItemsModel"}},"wdio_ui5_key":"etmportal.ui.managerequests.view.Editsap.m.Tokenizer{\"path\":\"/RequestItems/1\",\"propertyPath\":\"LINK_TO_TAGS\",\"modelName\":\"RequestItemsModel\"}"}]}
RESULT: undefined
COMMAND: POST /session/7ceb2304b37874a72895a7f47f00ffc5/element - {"using":"xpath","value":"//*[@id=\"__tokenizer67\"]"}
RESULT: {}
RESULT: {"using":"xpath","value":"//*[@id=\"__tokenizer67\"]"}
COMMAND: POST /session/7ceb2304b37874a72895a7f47f00ffc5/element/f.A2DC6DB0B92729488FE09C376A5B6DB2.d.B0141930F23E9ABCD44EE77323DD0A14.e.3291/click - {}
RESULT: {}
COMMAND: GET /session/7ceb2304b37874a72895a7f47f00ffc5/screenshot - {}
RESULT: {}
COMMAND: POST /session/7ceb2304b37874a72895a7f47f00ffc5/execute/async - {"script":"<script> [1562 bytes]","args":[{"selector":{"controlType":"sap.ui.core.Icon","viewName":"etm.portal.ui.managerequests.view.Edit","properties":{"src":{"regex":{"source":"decline"}}},"searchOpenDialogs":true,"ancestor":{"controlType":"sap.m.StandardListItem","viewName":"etm.portal.ui.managerequests.view.Edit","properties":{"title":"tagRequest1"},"searchOpenDialogs":true}},"wdio_ui5_key":"etmportal.ui.managerequests.view.Editsap.ui.core.Icon{\"src\":{\"regex\":{\"source\":\"decline\"}}}{\"controlType\":\"sap.m.StandardListItem\",\"viewName\":\"etm.portal.ui.managerequests.view.Edit\",\"properties\":{\"title\":\"tagRequest1\"},\"searchOpenDialogs\":true}"}]}
RESULT: {"script":"<script> [1562 bytes]","args":[{"selector":{"controlType":"sap.ui.core.Icon","viewName":"etm.portal.ui.managerequests.view.Edit","properties":{"src":{"regex":{"source":"decline"}}},"searchOpenDialogs":true,"ancestor":{"controlType":"sap.m.StandardListItem","viewName":"etm.portal.ui.managerequests.view.Edit","properties":{"title":"tagRequest1"},"searchOpenDialogs":true}},"wdio_ui5_key":"etmportal.ui.managerequests.view.Editsap.ui.core.Icon{\"src\":{\"regex\":{\"source\":\"decline\"}}}{\"controlType\":\"sap.m.StandardListItem\",\"viewName\":\"etm.portal.ui.managerequests.view.Edit\",\"properties\":{\"title\":\"tagRequest1\"},\"searchOpenDialogs\":true}"}]}
RESULT: undefined
COMMAND: POST /session/7ceb2304b37874a72895a7f47f00ffc5/element - {"using":"xpath","value":"//*[@id=\"__item2701-imgDel-img\"]"}
RESULT: {"using":"xpath","value":"//*[@id=\"__item2701-imgDel-img\"]"}
COMMAND: POST /session/7ceb2304b37874a72895a7f47f00ffc5/element/f.A2DC6DB0B92729488FE09C376A5B6DB2.d.B0141930F23E9ABCD44EE77323DD0A14.e.3294/click - {}
RESULT: {}
COMMAND: GET /session/7ceb2304b37874a72895a7f47f00ffc5/screenshot - {}
RESULT: {}
COMMAND: POST /session/7ceb2304b37874a72895a7f47f00ffc5/execute/async - {"script":"<script> [1562 bytes]","args":[{"selector":{"controlType":"sap.ui.core.Icon","viewName":"etm.portal.ui.managerequests.view.Edit","properties":{"src":{"regex":{"source":"decline"}}},"searchOpenDialogs":true,"ancestor":{"controlType":"sap.m.StandardListItem","viewName":"etm.portal.ui.managerequests.view.Edit","properties":{"title":"RefTag"},"searchOpenDialogs":true}},"wdio_ui5_key":"etmportal.ui.managerequests.view.Editsap.ui.core.Icon{\"src\":{\"regex\":{\"source\":\"decline\"}}}{\"controlType\":\"sap.m.StandardListItem\",\"viewName\":\"etm.portal.ui.managerequests.view.Edit\",\"properties\":{\"title\":\"RefTag\"},\"searchOpenDialogs\":true}"}]}
RESULT: {"script":"<script> [1562 bytes]","args":[{"selector":{"controlType":"sap.ui.core.Icon","viewName":"etm.portal.ui.managerequests.view.Edit","properties":{"src":{"regex":{"source":"decline"}}},"searchOpenDialogs":true,"ancestor":{"controlType":"sap.m.StandardListItem","viewName":"etm.portal.ui.managerequests.view.Edit","properties":{"title":"RefTag"},"searchOpenDialogs":true}},"wdio_ui5_key":"etmportal.ui.managerequests.view.Editsap.ui.core.Icon{\"src\":{\"regex\":{\"source\":\"decline\"}}}{\"controlType\":\"sap.m.StandardListItem\",\"viewName\":\"etm.portal.ui.managerequests.view.Edit\",\"properties\":{\"title\":\"RefTag\"},\"searchOpenDialogs\":true}"}]}
RESULT: undefined
COMMAND: POST /session/7ceb2304b37874a72895a7f47f00ffc5/element - {"using":"xpath","value":"//*[@id=\"__item2705-imgDel-img\"]"}
RESULT: {"using":"xpath","value":"//*[@id=\"__item2705-imgDel-img\"]"}
COMMAND: POST /session/7ceb2304b37874a72895a7f47f00ffc5/element/f.A2DC6DB0B92729488FE09C376A5B6DB2.d.B0141930F23E9ABCD44EE77323DD0A14.e.3297/click - {}
RESULT: {}
COMMAND: GET /session/7ceb2304b37874a72895a7f47f00ffc5/screenshot - {}
RESULT: {}
COMMAND: POST /session/7ceb2304b37874a72895a7f47f00ffc5/execute/async - {"script":"<script> [1562 bytes]","args":[{"selector":{"controlType":"sap.ui.core.Icon","viewName":"etm.portal.ui.managerequests.view.Edit","properties":{"src":{"regex":{"source":"decline"}}},"searchOpenDialogs":true,"ancestor":{"controlType":"sap.m.StandardListItem","viewName":"etm.portal.ui.managerequests.view.Edit","properties":{"title":"tag-header"},"searchOpenDialogs":true}},"wdio_ui5_key":"etmportal.ui.managerequests.view.Editsap.ui.core.Icon{\"src\":{\"regex\":{\"source\":\"decline\"}}}{\"controlType\":\"sap.m.StandardListItem\",\"viewName\":\"etm.portal.ui.managerequests.view.Edit\",\"properties\":{\"title\":\"tag-header\"},\"searchOpenDialogs\":true}"}]}
RESULT: {"script":"<script> [1562 bytes]","args":[{"selector":{"controlType":"sap.ui.core.Icon","viewName":"etm.portal.ui.managerequests.view.Edit","properties":{"src":{"regex":{"source":"decline"}}},"searchOpenDialogs":true,"ancestor":{"controlType":"sap.m.StandardListItem","viewName":"etm.portal.ui.managerequests.view.Edit","properties":{"title":"tag-header"},"searchOpenDialogs":true}},"wdio_ui5_key":"etmportal.ui.managerequests.view.Editsap.ui.core.Icon{\"src\":{\"regex\":{\"source\":\"decline\"}}}{\"controlType\":\"sap.m.StandardListItem\",\"viewName\":\"etm.portal.ui.managerequests.view.Edit\",\"properties\":{\"title\":\"tag-header\"},\"searchOpenDialogs\":true}"}]}
RESULT: undefined
COMMAND: POST /session/7ceb2304b37874a72895a7f47f00ffc5/element - {"using":"xpath","value":"//*[@id=\"__item2708-imgDel-img\"]"}
RESULT: {"using":"xpath","value":"//*[@id=\"__item2708-imgDel-img\"]"}
COMMAND: POST /session/7ceb2304b37874a72895a7f47f00ffc5/element/f.A2DC6DB0B92729488FE09C376A5B6DB2.d.B0141930F23E9ABCD44EE77323DD0A14.e.3300/click - {}
RESULT: {}
COMMAND: GET /session/7ceb2304b37874a72895a7f47f00ffc5/screenshot - {}
RESULT: {}
COMMAND: POST /session/7ceb2304b37874a72895a7f47f00ffc5/actions - {"actions":[{"id":"action30","type":"key","parameters":{},"actions":[{"type":"keyDown","value":"î€ƒ"},{"type":"pause","duration":10},{"type":"keyUp","value":"î€ƒ"}]}]}
RESULT: {"actions":[{"id":"action30","type":"key","parameters":{},"actions":[{"type":"keyDown","value":"î€ƒ"},{"type":"pause","duration":10},{"type":"keyUp","value":"î€ƒ"}]}]}
COMMAND: POST /session/7ceb2304b37874a72895a7f47f00ffc5/actions - {"actions":[{"id":"action31","type":"key","parameters":{},"actions":[{"type":"keyDown","value":"î€ƒ"},{"type":"pause","duration":10},{"type":"keyUp","value":"î€ƒ"}]}]}
COMMAND: GET /session/7ceb2304b37874a72895a7f47f00ffc5/screenshot - {}
RESULT: {"actions":[{"id":"action31","type":"key","parameters":{},"actions":[{"type":"keyDown","value":"î€ƒ"},{"type":"pause","duration":10},{"type":"keyUp","value":"î€ƒ"}]}]}
COMMAND: GET /session/7ceb2304b37874a72895a7f47f00ffc5/screenshot - {}
RESULT: {}
RESULT: {}
COMMAND: POST /session/7ceb2304b37874a72895a7f47f00ffc5/execute/async - {"script":"<script> [1562 bytes]","args":[{"selector":{"controlType":"sap.m.Button","viewName":"etm.portal.ui.managerequests.view.Edit","i18NText":{"propertyName":"tooltip","key":"save"},"interaction":{"idSuffix":"BDI-content"}},"wdio_ui5_key":"etmportal.ui.managerequests.view.Editsap.m.Button{\"propertyName\":\"tooltip\",\"key\":\"save\"}"}]}
RESULT: {"script":"<script> [1562 bytes]","args":[{"selector":{"controlType":"sap.m.Button","viewName":"etm.portal.ui.managerequests.view.Edit","i18NText":{"propertyName":"tooltip","key":"save"},"interaction":{"idSuffix":"BDI-content"}},"wdio_ui5_key":"etmportal.ui.managerequests.view.Editsap.m.Button{\"propertyName\":\"tooltip\",\"key\":\"save\"}"}]}
RESULT: undefined
COMMAND: POST /session/7ceb2304b37874a72895a7f47f00ffc5/element - {"using":"xpath","value":"//*[@id=\"__xmlview61--saveButtonId\"]"}
RESULT: {"using":"xpath","value":"//*[@id=\"__xmlview61--saveButtonId\"]"}
COMMAND: POST /session/7ceb2304b37874a72895a7f47f00ffc5/element/f.A2DC6DB0B92729488FE09C376A5B6DB2.d.B0141930F23E9ABCD44EE77323DD0A14.e.3208/click - {}
RESULT: {}
COMMAND: GET /session/7ceb2304b37874a72895a7f47f00ffc5/screenshot - {}
RESULT: {}
COMMAND: POST /session/7ceb2304b37874a72895a7f47f00ffc5/execute/async - {"script":"<script> [1562 bytes]","args":[{"selector":{"id":"tagsLayoutViewMode","viewName":"etm.portal.ui.managerequests.view.Detail"},"wdio_ui5_key":"tagsLayoutViewModeetmportal.ui.managerequests.view.Detail"}]}
RESULT: {"script":"<script> [1562 bytes]","args":[{"selector":{"id":"tagsLayoutViewMode","viewName":"etm.portal.ui.managerequests.view.Detail"},"wdio_ui5_key":"tagsLayoutViewModeetmportal.ui.managerequests.view.Detail"}]}
RESULT: undefined
COMMAND: POST /session/7ceb2304b37874a72895a7f47f00ffc5/execute/async - {"script":"<script> [6424 bytes]","args":[{"element-6066-11e4-a52e-4f735466cecf":"f.A2DC6DB0B92729488FE09C376A5B6DB2.d.B0141930F23E9ABCD44EE77323DD0A14.e.3427"},"getTokens",[]]}
RESULT: {"script":"<script> [6424 bytes]","args":[{"element-6066-11e4-a52e-4f735466cecf":"f.A2DC6DB0B92729488FE09C376A5B6DB2.d.B0141930F23E9ABCD44EE77323DD0A14.e.3427"},"getTokens",[]]}
COMMAND: POST /session/7ceb2304b37874a72895a7f47f00ffc5/execute/async - {"script":"<script> [1562 bytes]","args":[{"wdio_ui5_key":"__token11-__xmlview60--tagsLayoutViewMode-1","selector":{"id":"__token11-__xmlview60--tagsLayoutViewMode-1"}}]}
COMMAND: POST /session/7ceb2304b37874a72895a7f47f00ffc5/execute/async - {"script":"<script> [1562 bytes]","args":[{"wdio_ui5_key":"__token11-__xmlview60--tagsLayoutViewMode-0","selector":{"id":"__token11-__xmlview60--tagsLayoutViewMode-0"}}]}
RESULT: {"script":"<script> [1562 bytes]","args":[{"wdio_ui5_key":"__token11-__xmlview60--tagsLayoutViewMode-0","selector":{"id":"__token11-__xmlview60--tagsLayoutViewMode-0"}}]}
RESULT: undefined
RESULT: {"script":"<script> [1562 bytes]","args":[{"wdio_ui5_key":"__token11-__xmlview60--tagsLayoutViewMode-1","selector":{"id":"__token11-__xmlview60--tagsLayoutViewMode-1"}}]}
RESULT: undefined
COMMAND: POST /session/7ceb2304b37874a72895a7f47f00ffc5/execute/async - {"script":"<script> [1562 bytes]","args":[{"selector":{"controlType":"sap.m.OverflowToolbarButton","viewName":"etm.portal.ui.managerequests.view.Detail","properties":{"text":"Settings"},"interaction":{"idSuffix":"inner"}},"wdio_ui5_key":"etmportal.ui.managerequests.view.Detailsap.m.OverflowToolbarButton{\"text\":\"Settings\"}"}]}
RESULT: {"script":"<script> [1562 bytes]","args":[{"selector":{"controlType":"sap.m.OverflowToolbarButton","viewName":"etm.portal.ui.managerequests.view.Detail","properties":{"text":"Settings"},"interaction":{"idSuffix":"inner"}},"wdio_ui5_key":"etmportal.ui.managerequests.view.Detailsap.m.OverflowToolbarButton{\"text\":\"Settings\"}"}]}
RESULT: undefined
COMMAND: POST /session/7ceb2304b37874a72895a7f47f00ffc5/element - {"using":"xpath","value":"//*[@id=\"__xmlview60--smartTableRequestItems-btnPersonalisation\"]"}
RESULT: {"using":"xpath","value":"//*[@id=\"__xmlview60--smartTableRequestItems-btnPersonalisation\"]"}
COMMAND: POST /session/7ceb2304b37874a72895a7f47f00ffc5/element/f.A2DC6DB0B92729488FE09C376A5B6DB2.d.B0141930F23E9ABCD44EE77323DD0A14.e.3431/click - {}
RESULT: {}
COMMAND: POST /session/7ceb2304b37874a72895a7f47f00ffc5/execute/async - {"script":"<script> [1562 bytes]","args":[{"selector":{"controlType":"sap.m.SearchField","viewName":"etm.portal.ui.managerequests.view.Detail","searchOpenDialogs":true,"interaction":{"idSuffix":"I"}},"wdio_ui5_key":"etmportal.ui.managerequests.view.Detailsap.m.SearchField"}]}
COMMAND: GET /session/7ceb2304b37874a72895a7f47f00ffc5/screenshot - {}
RESULT: {"script":"<script> [1562 bytes]","args":[{"selector":{"controlType":"sap.m.SearchField","viewName":"etm.portal.ui.managerequests.view.Detail","searchOpenDialogs":true,"interaction":{"idSuffix":"I"}},"wdio_ui5_key":"etmportal.ui.managerequests.view.Detailsap.m.SearchField"}]}
RESULT: undefined
COMMAND: POST /session/7ceb2304b37874a72895a7f47f00ffc5/execute/async - {"script":"<script> [776 bytes]","args":[{"enterText":"tag","selector":{"controlType":"sap.m.SearchField","viewName":"etm.portal.ui.managerequests.view.Detail","searchOpenDialogs":true,"interaction":{"idSuffix":"I"}},"clearTextFirst":true,"interactionType":"ENTER_TEXT"}]}
RESULT: {}
RESULT: {"script":"<script> [776 bytes]","args":[{"enterText":"tag","selector":{"controlType":"sap.m.SearchField","viewName":"etm.portal.ui.managerequests.view.Detail","searchOpenDialogs":true,"interaction":{"idSuffix":"I"}},"clearTextFirst":true,"interactionType":"ENTER_TEXT"}]}
COMMAND: POST /session/7ceb2304b37874a72895a7f47f00ffc5/element - {"using":"xpath","value":"//div[contains(@id ,\"innerSelectionPanelTable-0-selectMulti-CbBg\")]"}
RESULT: {"using":"xpath","value":"//div[contains(@id ,\"innerSelectionPanelTable-0-selectMulti-CbBg\")]"}
COMMAND: POST /session/7ceb2304b37874a72895a7f47f00ffc5/element/f.A2DC6DB0B92729488FE09C376A5B6DB2.d.B0141930F23E9ABCD44EE77323DD0A14.e.3468/click - {}
RESULT: {}
COMMAND: POST /session/7ceb2304b37874a72895a7f47f00ffc5/execute/async - {"script":"<script> [1562 bytes]","args":[{"selector":{"controlType":"sap.m.Button","viewName":"etm.portal.ui.managerequests.view.Detail","properties":{"text":"OK"},"searchOpenDialogs":true,"interaction":{"idSuffix":"BDI-content"}},"wdio_ui5_key":"etmportal.ui.managerequests.view.Detailsap.m.Button{\"text\":\"OK\"}"}]}
COMMAND: GET /session/7ceb2304b37874a72895a7f47f00ffc5/screenshot - {}
RESULT: {"script":"<script> [1562 bytes]","args":[{"selector":{"controlType":"sap.m.Button","viewName":"etm.portal.ui.managerequests.view.Detail","properties":{"text":"OK"},"searchOpenDialogs":true,"interaction":{"idSuffix":"BDI-content"}},"wdio_ui5_key":"etmportal.ui.managerequests.view.Detailsap.m.Button{\"text\":\"OK\"}"}]}
RESULT: undefined
COMMAND: POST /session/7ceb2304b37874a72895a7f47f00ffc5/element - {"using":"xpath","value":"//*[@id=\"__popup378-confirmBtn\"]"}
RESULT: {}
RESULT: {"using":"xpath","value":"//*[@id=\"__popup378-confirmBtn\"]"}
COMMAND: POST /session/7ceb2304b37874a72895a7f47f00ffc5/element/f.A2DC6DB0B92729488FE09C376A5B6DB2.d.B0141930F23E9ABCD44EE77323DD0A14.e.3473/click - {}
RESULT: {}
COMMAND: GET /session/7ceb2304b37874a72895a7f47f00ffc5/screenshot - {}
RESULT: {}
COMMAND: POST /session/7ceb2304b37874a72895a7f47f00ffc5/execute/async - {"script":"<script> [1562 bytes]","args":[{"selector":{"controlType":"sap.m.Text","viewName":"etm.portal.ui.managerequests.view.Detail","bindingPath":{"propertyPath":"NO","modelName":"catalogModel"}},"wdio_ui5_key":"etmportal.ui.managerequests.view.Detailsap.m.Text{\"propertyPath\":\"NO\",\"modelName\":\"catalogModel\"}"}]}
RESULT: {"script":"<script> [1562 bytes]","args":[{"selector":{"controlType":"sap.m.Text","viewName":"etm.portal.ui.managerequests.view.Detail","bindingPath":{"propertyPath":"NO","modelName":"catalogModel"}},"wdio_ui5_key":"etmportal.ui.managerequests.view.Detailsap.m.Text{\"propertyPath\":\"NO\",\"modelName\":\"catalogModel\"}"}]}
RESULT: undefined
COMMAND: POST /session/7ceb2304b37874a72895a7f47f00ffc5/execute/async - {"script":"<script> [6424 bytes]","args":[{"element-6066-11e4-a52e-4f735466cecf":"f.A2DC6DB0B92729488FE09C376A5B6DB2.d.B0141930F23E9ABCD44EE77323DD0A14.e.3485"},"getText",[]]}
RESULT: {"script":"<script> [6424 bytes]","args":[{"element-6066-11e4-a52e-4f735466cecf":"f.A2DC6DB0B92729488FE09C376A5B6DB2.d.B0141930F23E9ABCD44EE77323DD0A14.e.3485"},"getText",[]]}
COMMAND: POST /session/7ceb2304b37874a72895a7f47f00ffc5/execute/async - {"script":"<script> [1562 bytes]","args":[{"selector":{"controlType":"sap.m.Tokenizer","viewName":"etm.portal.ui.managerequests.view.Detail","bindingPath":{"path":"/SmartRequestItemsPlanningBoard(ITEM=10m,REQUEST='20249')","propertyPath":"LINK_TO_TAGS"}},"wdio_ui5_key":"etmportal.ui.managerequests.view.Detailsap.m.Tokenizer{\"path\":\"/SmartRequestItemsPlanningBoard(ITEM=10m,REQUEST='20249')\",\"propertyPath\":\"LINK_TO_TAGS\"}"}]}
RESULT: {"script":"<script> [1562 bytes]","args":[{"selector":{"controlType":"sap.m.Tokenizer","viewName":"etm.portal.ui.managerequests.view.Detail","bindingPath":{"path":"/SmartRequestItemsPlanningBoard(ITEM=10m,REQUEST='20249')","propertyPath":"LINK_TO_TAGS"}},"wdio_ui5_key":"etmportal.ui.managerequests.view.Detailsap.m.Tokenizer{\"path\":\"/SmartRequestItemsPlanningBoard(ITEM=10m,REQUEST='20249')\",\"propertyPath\":\"LINK_TO_TAGS\"}"}]}
RESULT: undefined
COMMAND: POST /session/7ceb2304b37874a72895a7f47f00ffc5/execute/async - {"script":"<script> [6424 bytes]","args":[{"element-6066-11e4-a52e-4f735466cecf":"f.A2DC6DB0B92729488FE09C376A5B6DB2.d.B0141930F23E9ABCD44EE77323DD0A14.e.3486"},"getTokens",[]]}
RESULT: {"script":"<script> [6424 bytes]","args":[{"element-6066-11e4-a52e-4f735466cecf":"f.A2DC6DB0B92729488FE09C376A5B6DB2.d.B0141930F23E9ABCD44EE77323DD0A14.e.3486"},"getTokens",[]]}
COMMAND: POST /session/7ceb2304b37874a72895a7f47f00ffc5/execute/async - {"script":"<script> [1562 bytes]","args":[{"wdio_ui5_key":"__token12-__tokenizer63-__clone5654-1","selector":{"id":"__token12-__tokenizer63-__clone5654-1"}}]}
COMMAND: POST /session/7ceb2304b37874a72895a7f47f00ffc5/execute/async - {"script":"<script> [1562 bytes]","args":[{"wdio_ui5_key":"__token12-__tokenizer63-__clone5654-2","selector":{"id":"__token12-__tokenizer63-__clone5654-2"}}]}
COMMAND: POST /session/7ceb2304b37874a72895a7f47f00ffc5/execute/async - {"script":"<script> [1562 bytes]","args":[{"wdio_ui5_key":"__token12-__tokenizer63-__clone5654-0","selector":{"id":"__token12-__tokenizer63-__clone5654-0"}}]}
RESULT: {"script":"<script> [1562 bytes]","args":[{"wdio_ui5_key":"__token12-__tokenizer63-__clone5654-1","selector":{"id":"__token12-__tokenizer63-__clone5654-1"}}]}
RESULT: undefined
RESULT: {"script":"<script> [1562 bytes]","args":[{"wdio_ui5_key":"__token12-__tokenizer63-__clone5654-2","selector":{"id":"__token12-__tokenizer63-__clone5654-2"}}]}
RESULT: undefined
RESULT: {"script":"<script> [1562 bytes]","args":[{"wdio_ui5_key":"__token12-__tokenizer63-__clone5654-0","selector":{"id":"__token12-__tokenizer63-__clone5654-0"}}]}
RESULT: undefined
COMMAND: POST /session/7ceb2304b37874a72895a7f47f00ffc5/element - {"using":"xpath","value":"(//span[contains(text(), \"tag-header\")])[2]"}
RESULT: {"using":"xpath","value":"(//span[contains(text(), \"tag-header\")])[2]"}
COMMAND: POST /session/7ceb2304b37874a72895a7f47f00ffc5/elements - {"using":"xpath","value":"(//span[contains(text(), \"tag-header\")])[2]"}
RESULT: {"using":"xpath","value":"(//span[contains(text(), \"tag-header\")])[2]"}
COMMAND: POST /session/7ceb2304b37874a72895a7f47f00ffc5/execute/async - {"script":"<script> [1562 bytes]","args":[{"selector":{"controlType":"sap.m.Tokenizer","viewName":"etm.portal.ui.managerequests.view.Detail","bindingPath":{"path":"/SmartRequestItemsPlanningBoard(ITEM=20m,REQUEST='20249')","propertyPath":"LINK_TO_TAGS"}},"wdio_ui5_key":"etmportal.ui.managerequests.view.Detailsap.m.Tokenizer{\"path\":\"/SmartRequestItemsPlanningBoard(ITEM=20m,REQUEST='20249')\",\"propertyPath\":\"LINK_TO_TAGS\"}"}]}
RESULT: {"script":"<script> [1562 bytes]","args":[{"selector":{"controlType":"sap.m.Tokenizer","viewName":"etm.portal.ui.managerequests.view.Detail","bindingPath":{"path":"/SmartRequestItemsPlanningBoard(ITEM=20m,REQUEST='20249')","propertyPath":"LINK_TO_TAGS"}},"wdio_ui5_key":"etmportal.ui.managerequests.view.Detailsap.m.Tokenizer{\"path\":\"/SmartRequestItemsPlanningBoard(ITEM=20m,REQUEST='20249')\",\"propertyPath\":\"LINK_TO_TAGS\"}"}]}
RESULT: undefined
COMMAND: POST /session/7ceb2304b37874a72895a7f47f00ffc5/execute/async - {"script":"<script> [6424 bytes]","args":[{"element-6066-11e4-a52e-4f735466cecf":"f.A2DC6DB0B92729488FE09C376A5B6DB2.d.B0141930F23E9ABCD44EE77323DD0A14.e.3491"},"getTokens",[]]}
RESULT: {"script":"<script> [6424 bytes]","args":[{"element-6066-11e4-a52e-4f735466cecf":"f.A2DC6DB0B92729488FE09C376A5B6DB2.d.B0141930F23E9ABCD44EE77323DD0A14.e.3491"},"getTokens",[]]}
COMMAND: POST /session/7ceb2304b37874a72895a7f47f00ffc5/element - {"using":"css selector","value":"#shell-header-logo"}
RESULT: {"using":"css selector","value":"#shell-header-logo"}
COMMAND: POST /session/7ceb2304b37874a72895a7f47f00ffc5/element/f.A2DC6DB0B92729488FE09C376A5B6DB2.d.B0141930F23E9ABCD44EE77323DD0A14.e.2542/click - {}
RESULT: {}
COMMAND: GET /session/7ceb2304b37874a72895a7f47f00ffc5/screenshot - {}
RESULT: {}
]]></system-out>
    </testcase>
  </testsuite>
  <testsuite timestamp="2025-06-04T15:47:27" time="503.958" tests="4" failures="0" errors="0" skipped="0">
    <properties>
      <property name="specId" value="0" />
      <property name="suiteName" value="Manage request + Contract processing pick up option US120163 " />
      <property name="capabilities" value="chrome.137_0_7151_56.windows" />
      <property name="file" value="file:///D:/a/1/s/test/specs/R2C/create-request-Pickup.spec.js" />
    </properties>
    <testcase classname="chrome.137_0_7151_56.windows.Manage_request_+_Contract_processing_pick_up_option_US120163_" name="Should create a new contract" time="64.309">
      <system-out><![CDATA[
COMMAND: POST /session/7ceb2304b37874a72895a7f47f00ffc5/execute/async - {"script":"<script> [1562 bytes]","args":[{"selector":{"controlType":"sap.m.Text","viewName":"etm.portal.ui.managecontractstile.view.Master","properties":{"text":"Manage Contracts"},"interaction":{"idSuffix":"inner"}},"wdio_ui5_key":"etmportal.ui.managecontractstile.view.Mastersap.m.Text{\"text\":\"Manage Contracts\"}"}]}
RESULT: {"script":"<script> [1562 bytes]","args":[{"selector":{"controlType":"sap.m.Text","viewName":"etm.portal.ui.managecontractstile.view.Master","properties":{"text":"Manage Contracts"},"interaction":{"idSuffix":"inner"}},"wdio_ui5_key":"etmportal.ui.managecontractstile.view.Mastersap.m.Text{\"text\":\"Manage Contracts\"}"}]}
RESULT: undefined
COMMAND: POST /session/7ceb2304b37874a72895a7f47f00ffc5/element - {"using":"xpath","value":"//*[@id=\"__tile133-title\"]"}
RESULT: {"using":"xpath","value":"//*[@id=\"__tile133-title\"]"}
COMMAND: POST /session/7ceb2304b37874a72895a7f47f00ffc5/element/f.A2DC6DB0B92729488FE09C376A5B6DB2.d.B0141930F23E9ABCD44EE77323DD0A14.e.3495/click - {}
RESULT: {}
COMMAND: GET /session/7ceb2304b37874a72895a7f47f00ffc5/screenshot - {}
RESULT: {}
COMMAND: POST /session/7ceb2304b37874a72895a7f47f00ffc5/execute/async - {"script":"<script> [1562 bytes]","args":[{"selector":{"controlType":"sap.ui.core.Icon","viewName":"etm.portal.ui.managecontracts.view.Master","properties":{"src":{"regex":{"source":"add"}}}},"wdio_ui5_key":"etmportal.ui.managecontracts.view.Mastersap.ui.core.Icon{\"src\":{\"regex\":{\"source\":\"add\"}}}"}]}
RESULT: {"script":"<script> [1562 bytes]","args":[{"selector":{"controlType":"sap.ui.core.Icon","viewName":"etm.portal.ui.managecontracts.view.Master","properties":{"src":{"regex":{"source":"add"}}}},"wdio_ui5_key":"etmportal.ui.managecontracts.view.Mastersap.ui.core.Icon{\"src\":{\"regex\":{\"source\":\"add\"}}}"}]}
RESULT: undefined
COMMAND: POST /session/7ceb2304b37874a72895a7f47f00ffc5/element - {"using":"xpath","value":"//*[@id=\"__button187-img\"]"}
RESULT: {"using":"xpath","value":"//*[@id=\"__button187-img\"]"}
COMMAND: POST /session/7ceb2304b37874a72895a7f47f00ffc5/element/f.A2DC6DB0B92729488FE09C376A5B6DB2.d.B0141930F23E9ABCD44EE77323DD0A14.e.3545/click - {}
RESULT: {}
COMMAND: POST /session/7ceb2304b37874a72895a7f47f00ffc5/execute/async - {"script":"<script> [1562 bytes]","args":[{"selector":{"id":"application-managecontracts-display-component---AddNewContract--projectDescription","interaction":{"idSuffix":"inner"}},"wdio_ui5_key":"applicationmanagecontracts-display-component---AddNewContract--projectDescription"}]}
COMMAND: GET /session/7ceb2304b37874a72895a7f47f00ffc5/screenshot - {}
RESULT: {"script":"<script> [1562 bytes]","args":[{"selector":{"id":"application-managecontracts-display-component---AddNewContract--projectDescription","interaction":{"idSuffix":"inner"}},"wdio_ui5_key":"applicationmanagecontracts-display-component---AddNewContract--projectDescription"}]}
RESULT: undefined
COMMAND: POST /session/7ceb2304b37874a72895a7f47f00ffc5/execute/async - {"script":"<script> [776 bytes]","args":[{"enterText":"PickupContract25apv","selector":{"id":"application-managecontracts-display-component---AddNewContract--projectDescription","interaction":{"idSuffix":"inner"}},"clearTextFirst":true,"interactionType":"ENTER_TEXT"}]}
RESULT: {}
RESULT: {"script":"<script> [776 bytes]","args":[{"enterText":"PickupContract25apv","selector":{"id":"application-managecontracts-display-component---AddNewContract--projectDescription","interaction":{"idSuffix":"inner"}},"clearTextFirst":true,"interactionType":"ENTER_TEXT"}]}
COMMAND: POST /session/7ceb2304b37874a72895a7f47f00ffc5/element - {"using":"xpath","value":"//input[contains(@id ,\"application-managecontracts-display-component---AddNewContract--yardId-inner\")]"}
RESULT: {"using":"xpath","value":"//input[contains(@id ,\"application-managecontracts-display-component---AddNewContract--yardId-inner\")]"}
COMMAND: POST /session/7ceb2304b37874a72895a7f47f00ffc5/element/f.A2DC6DB0B92729488FE09C376A5B6DB2.d.B0141930F23E9ABCD44EE77323DD0A14.e.3807/value - {"text":"WebdriverYard1clzi"}
RESULT: {"text":"WebdriverYard1clzi"}
COMMAND: GET /session/7ceb2304b37874a72895a7f47f00ffc5/screenshot - {}
RESULT: {}
COMMAND: POST /session/7ceb2304b37874a72895a7f47f00ffc5/actions - {"actions":[{"id":"action32","type":"key","parameters":{},"actions":[{"type":"keyDown","value":"î€‡"},{"type":"pause","duration":10},{"type":"keyUp","value":"î€‡"}]}]}
RESULT: {"actions":[{"id":"action32","type":"key","parameters":{},"actions":[{"type":"keyDown","value":"î€‡"},{"type":"pause","duration":10},{"type":"keyUp","value":"î€‡"}]}]}
COMMAND: GET /session/7ceb2304b37874a72895a7f47f00ffc5/screenshot - {}
RESULT: {}
COMMAND: POST /session/7ceb2304b37874a72895a7f47f00ffc5/element - {"using":"xpath","value":"//input[contains(@id ,\"application-managecontracts-display-component---AddNewContract--customerSelect-inner\")]"}
RESULT: {"using":"xpath","value":"//input[contains(@id ,\"application-managecontracts-display-component---AddNewContract--customerSelect-inner\")]"}
COMMAND: POST /session/7ceb2304b37874a72895a7f47f00ffc5/element/f.A2DC6DB0B92729488FE09C376A5B6DB2.d.B0141930F23E9ABCD44EE77323DD0A14.e.3805/value - {"text":"WebdriverPartnerdvn1f"}
RESULT: {"text":"WebdriverPartnerdvn1f"}
COMMAND: GET /session/7ceb2304b37874a72895a7f47f00ffc5/screenshot - {}
RESULT: {}
COMMAND: POST /session/7ceb2304b37874a72895a7f47f00ffc5/actions - {"actions":[{"id":"action33","type":"key","parameters":{},"actions":[{"type":"keyDown","value":"î€‡"},{"type":"pause","duration":10},{"type":"keyUp","value":"î€‡"}]}]}
RESULT: {"actions":[{"id":"action33","type":"key","parameters":{},"actions":[{"type":"keyDown","value":"î€‡"},{"type":"pause","duration":10},{"type":"keyUp","value":"î€‡"}]}]}
COMMAND: GET /session/7ceb2304b37874a72895a7f47f00ffc5/screenshot - {}
RESULT: {}
COMMAND: POST /session/7ceb2304b37874a72895a7f47f00ffc5/element - {"using":"xpath","value":"//input[contains(@id ,\"application-managecontracts-display-component---AddNewContract--site-inner\")]"}
RESULT: {"using":"xpath","value":"//input[contains(@id ,\"application-managecontracts-display-component---AddNewContract--site-inner\")]"}
COMMAND: POST /session/7ceb2304b37874a72895a7f47f00ffc5/element/f.A2DC6DB0B92729488FE09C376A5B6DB2.d.B0141930F23E9ABCD44EE77323DD0A14.e.3806/value - {"text":"WebdriverSitefw7o9l"}
RESULT: {"text":"WebdriverSitefw7o9l"}
COMMAND: GET /session/7ceb2304b37874a72895a7f47f00ffc5/screenshot - {}
RESULT: {}
COMMAND: POST /session/7ceb2304b37874a72895a7f47f00ffc5/actions - {"actions":[{"id":"action34","type":"key","parameters":{},"actions":[{"type":"keyDown","value":"î€‡"},{"type":"pause","duration":10},{"type":"keyUp","value":"î€‡"}]}]}
RESULT: {"actions":[{"id":"action34","type":"key","parameters":{},"actions":[{"type":"keyDown","value":"î€‡"},{"type":"pause","duration":10},{"type":"keyUp","value":"î€‡"}]}]}
COMMAND: GET /session/7ceb2304b37874a72895a7f47f00ffc5/screenshot - {}
COMMAND: POST /session/7ceb2304b37874a72895a7f47f00ffc5/execute/async - {"script":"<script> [1562 bytes]","args":[{"selector":{"id":"application-managecontracts-display-component---AddNewContract--saveBtn","interaction":{"idSuffix":"BDI-content"}},"wdio_ui5_key":"applicationmanagecontracts-display-component---AddNewContract--saveBtn"}]}
RESULT: {}
RESULT: {"script":"<script> [1562 bytes]","args":[{"selector":{"id":"application-managecontracts-display-component---AddNewContract--saveBtn","interaction":{"idSuffix":"BDI-content"}},"wdio_ui5_key":"applicationmanagecontracts-display-component---AddNewContract--saveBtn"}]}
RESULT: undefined
COMMAND: POST /session/7ceb2304b37874a72895a7f47f00ffc5/element - {"using":"xpath","value":"//*[@id=\"application-managecontracts-display-component---AddNewContract--saveBtn\"]"}
RESULT: {"using":"xpath","value":"//*[@id=\"application-managecontracts-display-component---AddNewContract--saveBtn\"]"}
COMMAND: POST /session/7ceb2304b37874a72895a7f47f00ffc5/element/f.A2DC6DB0B92729488FE09C376A5B6DB2.d.B0141930F23E9ABCD44EE77323DD0A14.e.3888/click - {}
RESULT: {}
COMMAND: GET /session/7ceb2304b37874a72895a7f47f00ffc5/screenshot - {}
RESULT: {}
COMMAND: POST /session/7ceb2304b37874a72895a7f47f00ffc5/element - {"using":"xpath","value":"//span[contains(@id ,\"contractDetailTitleNoExpanded\")]"}
RESULT: {"using":"xpath","value":"//span[contains(@id ,\"contractDetailTitleNoExpanded\")]"}
COMMAND: GET /session/7ceb2304b37874a72895a7f47f00ffc5/element/f.A2DC6DB0B92729488FE09C376A5B6DB2.d.B0141930F23E9ABCD44EE77323DD0A14.e.3967/text - {}
RESULT: {}
COMMAND: POST /session/7ceb2304b37874a72895a7f47f00ffc5/element - {"using":"css selector","value":"#shell-header-logo"}
RESULT: {"using":"css selector","value":"#shell-header-logo"}
COMMAND: POST /session/7ceb2304b37874a72895a7f47f00ffc5/element/f.A2DC6DB0B92729488FE09C376A5B6DB2.d.B0141930F23E9ABCD44EE77323DD0A14.e.3498/click - {}
RESULT: {}
COMMAND: GET /session/7ceb2304b37874a72895a7f47f00ffc5/screenshot - {}
RESULT: {}
]]></system-out>
    </testcase>
    <testcase classname="chrome.137_0_7151_56.windows.Manage_request_+_Contract_processing_pick_up_option_US120163_" name="Should create a new material" time="132.64">
      <system-out><![CDATA[
COMMAND: POST /session/7ceb2304b37874a72895a7f47f00ffc5/execute/async - {"script":"<script> [1562 bytes]","args":[{"selector":{"controlType":"sap.m.GenericTile","properties":{"header":"Manage Resources"}},"wdio_ui5_key":"sapm.GenericTile{\"header\":\"Manage Resources\"}"}]}
RESULT: {"script":"<script> [1562 bytes]","args":[{"selector":{"controlType":"sap.m.GenericTile","properties":{"header":"Manage Resources"}},"wdio_ui5_key":"sapm.GenericTile{\"header\":\"Manage Resources\"}"}]}
RESULT: undefined
COMMAND: POST /session/7ceb2304b37874a72895a7f47f00ffc5/element - {"using":"xpath","value":"//*[@id=\"__tile39\"]"}
RESULT: {"using":"xpath","value":"//*[@id=\"__tile39\"]"}
COMMAND: POST /session/7ceb2304b37874a72895a7f47f00ffc5/element/f.A2DC6DB0B92729488FE09C376A5B6DB2.d.B0141930F23E9ABCD44EE77323DD0A14.e.3971/click - {}
RESULT: {}
COMMAND: GET /session/7ceb2304b37874a72895a7f47f00ffc5/screenshot - {}
RESULT: {}
COMMAND: POST /session/7ceb2304b37874a72895a7f47f00ffc5/elements - {"using":"xpath","value":"//span[text()='Error']"}
RESULT: {"using":"xpath","value":"//span[text()='Error']"}
COMMAND: POST /session/7ceb2304b37874a72895a7f47f00ffc5/element - {"using":"xpath","value":"//button[@data-kt=\"addNewRUOverflowToolbarButton\"]"}
RESULT: {"using":"xpath","value":"//button[@data-kt=\"addNewRUOverflowToolbarButton\"]"}
COMMAND: POST /session/7ceb2304b37874a72895a7f47f00ffc5/execute/sync - {"script":"<script> [8489 bytes]","args":[{"element-6066-11e4-a52e-4f735466cecf":"f.A2DC6DB0B92729488FE09C376A5B6DB2.d.B0141930F23E9ABCD44EE77323DD0A14.e.4012","ELEMENT":"f.A2DC6DB0B92729488FE09C376A5B6DB2.d.B0141930F23E9ABCD44EE77323DD0A14.e.4012"}]}
RESULT: {"script":"<script> [8489 bytes]","args":[{"element-6066-11e4-a52e-4f735466cecf":"f.A2DC6DB0B92729488FE09C376A5B6DB2.d.B0141930F23E9ABCD44EE77323DD0A14.e.4012","ELEMENT":"f.A2DC6DB0B92729488FE09C376A5B6DB2.d.B0141930F23E9ABCD44EE77323DD0A14.e.4012"}]}
COMMAND: POST /session/7ceb2304b37874a72895a7f47f00ffc5/element/f.A2DC6DB0B92729488FE09C376A5B6DB2.d.B0141930F23E9ABCD44EE77323DD0A14.e.4012/click - {}
COMMAND: GET /session/7ceb2304b37874a72895a7f47f00ffc5/screenshot - {}
RESULT: {}
COMMAND: POST /session/7ceb2304b37874a72895a7f47f00ffc5/execute/async - {"script":"<script> [1562 bytes]","args":[{"selector":{"id":"application-manageresources-display-component---newResourceUnit--TYPE-arrow"},"wdio_ui5_key":"applicationmanageresources-display-component---newResourceUnit--TYPE-arrow"}]}
COMMAND: GET /session/7ceb2304b37874a72895a7f47f00ffc5/screenshot - {}
RESULT: {}
RESULT: {"script":"<script> [1562 bytes]","args":[{"selector":{"id":"application-manageresources-display-component---newResourceUnit--TYPE-arrow"},"wdio_ui5_key":"applicationmanageresources-display-component---newResourceUnit--TYPE-arrow"}]}
RESULT: undefined
COMMAND: POST /session/7ceb2304b37874a72895a7f47f00ffc5/element - {"using":"xpath","value":"//*[@id=\"application-manageresources-display-component---newResourceUnit--TYPE-arrow\"]"}
RESULT: {}
RESULT: {"using":"xpath","value":"//*[@id=\"application-manageresources-display-component---newResourceUnit--TYPE-arrow\"]"}
COMMAND: POST /session/7ceb2304b37874a72895a7f47f00ffc5/element/f.A2DC6DB0B92729488FE09C376A5B6DB2.d.B0141930F23E9ABCD44EE77323DD0A14.e.4341/click - {}
RESULT: {}
COMMAND: POST /session/7ceb2304b37874a72895a7f47f00ffc5/execute/async - {"script":"<script> [1562 bytes]","args":[{"selector":{"controlType":"sap.m.StandardListItem","viewName":"reusables.view.manageresources.NewResourceUnit","viewId":"application-manageresources-display-component---newResourceUnit","properties":{"title":"Material"},"searchOpenDialogs":true,"interaction":{"idSuffix":"titleText"}},"wdio_ui5_key":"reusablesview.manageresources.NewResourceUnitsap.m.StandardListItem{\"title\":\"Material\"}"}]}
COMMAND: GET /session/7ceb2304b37874a72895a7f47f00ffc5/screenshot - {}
RESULT: {"script":"<script> [1562 bytes]","args":[{"selector":{"controlType":"sap.m.StandardListItem","viewName":"reusables.view.manageresources.NewResourceUnit","viewId":"application-manageresources-display-component---newResourceUnit","properties":{"title":"Material"},"searchOpenDialogs":true,"interaction":{"idSuffix":"titleText"}},"wdio_ui5_key":"reusablesview.manageresources.NewResourceUnitsap.m.StandardListItem{\"title\":\"Material\"}"}]}
RESULT: undefined
COMMAND: POST /session/7ceb2304b37874a72895a7f47f00ffc5/element - {"using":"xpath","value":"//*[@id=\"__item4915\"]"}
RESULT: {}
RESULT: {"using":"xpath","value":"//*[@id=\"__item4915\"]"}
COMMAND: POST /session/7ceb2304b37874a72895a7f47f00ffc5/element/f.A2DC6DB0B92729488FE09C376A5B6DB2.d.B0141930F23E9ABCD44EE77323DD0A14.e.4344/click - {}
RESULT: {}
COMMAND: POST /session/7ceb2304b37874a72895a7f47f00ffc5/execute/async - {"script":"<script> [1562 bytes]","args":[{"selector":{"id":"application-manageresources-display-component---newResourceUnit--SHORT_TEXT","interaction":{"idSuffix":"inner"}},"wdio_ui5_key":"applicationmanageresources-display-component---newResourceUnit--SHORT_TEXT"}]}
COMMAND: GET /session/7ceb2304b37874a72895a7f47f00ffc5/screenshot - {}
RESULT: {"script":"<script> [1562 bytes]","args":[{"selector":{"id":"application-manageresources-display-component---newResourceUnit--SHORT_TEXT","interaction":{"idSuffix":"inner"}},"wdio_ui5_key":"applicationmanageresources-display-component---newResourceUnit--SHORT_TEXT"}]}
RESULT: undefined
COMMAND: POST /session/7ceb2304b37874a72895a7f47f00ffc5/execute/async - {"script":"<script> [776 bytes]","args":[{"enterText":"WebdriverMatTestek7kq","selector":{"id":"application-manageresources-display-component---newResourceUnit--SHORT_TEXT","interaction":{"idSuffix":"inner"}},"clearTextFirst":true,"interactionType":"ENTER_TEXT"}]}
RESULT: {}
RESULT: {"script":"<script> [776 bytes]","args":[{"enterText":"WebdriverMatTestek7kq","selector":{"id":"application-manageresources-display-component---newResourceUnit--SHORT_TEXT","interaction":{"idSuffix":"inner"}},"clearTextFirst":true,"interactionType":"ENTER_TEXT"}]}
COMMAND: POST /session/7ceb2304b37874a72895a7f47f00ffc5/execute/async - {"script":"<script> [1562 bytes]","args":[{"selector":{"id":"application-manageresources-display-component---newResourceUnit--BASE_UNIT_OF_MEASURE-arrow"},"wdio_ui5_key":"applicationmanageresources-display-component---newResourceUnit--BASE_UNIT_OF_MEASURE-arrow"}]}
RESULT: {"script":"<script> [1562 bytes]","args":[{"selector":{"id":"application-manageresources-display-component---newResourceUnit--BASE_UNIT_OF_MEASURE-arrow"},"wdio_ui5_key":"applicationmanageresources-display-component---newResourceUnit--BASE_UNIT_OF_MEASURE-arrow"}]}
RESULT: undefined
COMMAND: POST /session/7ceb2304b37874a72895a7f47f00ffc5/element - {"using":"xpath","value":"//*[@id=\"application-manageresources-display-component---newResourceUnit--BASE_UNIT_OF_MEASURE-arrow\"]"}
RESULT: {"using":"xpath","value":"//*[@id=\"application-manageresources-display-component---newResourceUnit--BASE_UNIT_OF_MEASURE-arrow\"]"}
COMMAND: POST /session/7ceb2304b37874a72895a7f47f00ffc5/element/f.A2DC6DB0B92729488FE09C376A5B6DB2.d.B0141930F23E9ABCD44EE77323DD0A14.e.4464/click - {}
RESULT: {}
COMMAND: POST /session/7ceb2304b37874a72895a7f47f00ffc5/execute/async - {"script":"<script> [1562 bytes]","args":[{"selector":{"controlType":"sap.m.StandardListItem","viewName":"reusables.view.manageresources.NewResourceUnit","viewId":"application-manageresources-display-component---newResourceUnit","properties":{"title":"Piece"},"searchOpenDialogs":true,"interaction":{"idSuffix":"titleText"}},"wdio_ui5_key":"reusablesview.manageresources.NewResourceUnitsap.m.StandardListItem{\"title\":\"Piece\"}"}]}
COMMAND: GET /session/7ceb2304b37874a72895a7f47f00ffc5/screenshot - {}
RESULT: {"script":"<script> [1562 bytes]","args":[{"selector":{"controlType":"sap.m.StandardListItem","viewName":"reusables.view.manageresources.NewResourceUnit","viewId":"application-manageresources-display-component---newResourceUnit","properties":{"title":"Piece"},"searchOpenDialogs":true,"interaction":{"idSuffix":"titleText"}},"wdio_ui5_key":"reusablesview.manageresources.NewResourceUnitsap.m.StandardListItem{\"title\":\"Piece\"}"}]}
RESULT: undefined
COMMAND: POST /session/7ceb2304b37874a72895a7f47f00ffc5/element - {"using":"xpath","value":"//*[@id=\"__item4968\"]"}
RESULT: {}
RESULT: {"using":"xpath","value":"//*[@id=\"__item4968\"]"}
COMMAND: POST /session/7ceb2304b37874a72895a7f47f00ffc5/element/f.A2DC6DB0B92729488FE09C376A5B6DB2.d.B0141930F23E9ABCD44EE77323DD0A14.e.4466/click - {}
RESULT: {}
COMMAND: POST /session/7ceb2304b37874a72895a7f47f00ffc5/element - {"using":"xpath","value":"//input[contains(@id ,\"application-manageresources-display-component---newResourceUnit--SHORT_TEXT-inner\")]"}
COMMAND: GET /session/7ceb2304b37874a72895a7f47f00ffc5/screenshot - {}
RESULT: {"using":"xpath","value":"//input[contains(@id ,\"application-manageresources-display-component---newResourceUnit--SHORT_TEXT-inner\")]"}
COMMAND: GET /session/7ceb2304b37874a72895a7f47f00ffc5/element/f.A2DC6DB0B92729488FE09C376A5B6DB2.d.B0141930F23E9ABCD44EE77323DD0A14.e.4361/property/value - {}
RESULT: {}
RESULT: {}
COMMAND: POST /session/7ceb2304b37874a72895a7f47f00ffc5/execute/async - {"script":"<script> [1562 bytes]","args":[{"selector":{"id":"application-manageresources-display-component---newResourceUnit--WEIGHT_UNIT-arrow"},"wdio_ui5_key":"applicationmanageresources-display-component---newResourceUnit--WEIGHT_UNIT-arrow"}]}
COMMAND: GET /session/7ceb2304b37874a72895a7f47f00ffc5/screenshot - {}
RESULT: {"script":"<script> [1562 bytes]","args":[{"selector":{"id":"application-manageresources-display-component---newResourceUnit--WEIGHT_UNIT-arrow"},"wdio_ui5_key":"applicationmanageresources-display-component---newResourceUnit--WEIGHT_UNIT-arrow"}]}
RESULT: undefined
COMMAND: POST /session/7ceb2304b37874a72895a7f47f00ffc5/element - {"using":"xpath","value":"//*[@id=\"application-manageresources-display-component---newResourceUnit--WEIGHT_UNIT-arrow\"]"}
RESULT: {}
RESULT: {"using":"xpath","value":"//*[@id=\"application-manageresources-display-component---newResourceUnit--WEIGHT_UNIT-arrow\"]"}
COMMAND: POST /session/7ceb2304b37874a72895a7f47f00ffc5/element/f.A2DC6DB0B92729488FE09C376A5B6DB2.d.B0141930F23E9ABCD44EE77323DD0A14.e.4467/click - {}
RESULT: {}
COMMAND: POST /session/7ceb2304b37874a72895a7f47f00ffc5/execute/async - {"script":"<script> [1562 bytes]","args":[{"selector":{"controlType":"sap.m.StandardListItem","viewName":"reusables.view.manageresources.NewResourceUnit","viewId":"application-manageresources-display-component---newResourceUnit","properties":{"title":"Gram"},"searchOpenDialogs":true,"interaction":{"idSuffix":"content"}},"wdio_ui5_key":"reusablesview.manageresources.NewResourceUnitsap.m.StandardListItem{\"title\":\"Gram\"}"}]}
COMMAND: GET /session/7ceb2304b37874a72895a7f47f00ffc5/screenshot - {}
RESULT: {"script":"<script> [1562 bytes]","args":[{"selector":{"controlType":"sap.m.StandardListItem","viewName":"reusables.view.manageresources.NewResourceUnit","viewId":"application-manageresources-display-component---newResourceUnit","properties":{"title":"Gram"},"searchOpenDialogs":true,"interaction":{"idSuffix":"content"}},"wdio_ui5_key":"reusablesview.manageresources.NewResourceUnitsap.m.StandardListItem{\"title\":\"Gram\"}"}]}
RESULT: undefined
COMMAND: POST /session/7ceb2304b37874a72895a7f47f00ffc5/element - {"using":"xpath","value":"//*[@id=\"__item5033\"]"}
RESULT: {}
RESULT: {"using":"xpath","value":"//*[@id=\"__item5033\"]"}
COMMAND: POST /session/7ceb2304b37874a72895a7f47f00ffc5/element/f.A2DC6DB0B92729488FE09C376A5B6DB2.d.B0141930F23E9ABCD44EE77323DD0A14.e.4469/click - {}
RESULT: {}
COMMAND: POST /session/7ceb2304b37874a72895a7f47f00ffc5/execute/async - {"script":"<script> [1562 bytes]","args":[{"selector":{"id":"application-manageresources-display-component---newResourceUnit--newRRUPage-OPHeaderContent-collapseBtn-img"},"wdio_ui5_key":"applicationmanageresources-display-component---newResourceUnit--newRRUPage-OPHeaderContent-collapseBtn-img"}]}
COMMAND: GET /session/7ceb2304b37874a72895a7f47f00ffc5/screenshot - {}
RESULT: {"script":"<script> [1562 bytes]","args":[{"selector":{"id":"application-manageresources-display-component---newResourceUnit--newRRUPage-OPHeaderContent-collapseBtn-img"},"wdio_ui5_key":"applicationmanageresources-display-component---newResourceUnit--newRRUPage-OPHeaderContent-collapseBtn-img"}]}
RESULT: undefined
COMMAND: POST /session/7ceb2304b37874a72895a7f47f00ffc5/element - {"using":"xpath","value":"//*[@id=\"application-manageresources-display-component---newResourceUnit--newRRUPage-OPHeaderContent-collapseBtn-img\"]"}
RESULT: {}
RESULT: {"using":"xpath","value":"//*[@id=\"application-manageresources-display-component---newResourceUnit--newRRUPage-OPHeaderContent-collapseBtn-img\"]"}
COMMAND: POST /session/7ceb2304b37874a72895a7f47f00ffc5/element/f.A2DC6DB0B92729488FE09C376A5B6DB2.d.B0141930F23E9ABCD44EE77323DD0A14.e.4351/click - {}
RESULT: {}
COMMAND: GET /session/7ceb2304b37874a72895a7f47f00ffc5/screenshot - {}
RESULT: {}
COMMAND: POST /session/7ceb2304b37874a72895a7f47f00ffc5/element - {"using":"xpath","value":"(//span[contains(@id ,\"application-manageresources-display-component---newResourceUnit--DIMENSION_UNIT-arrow\")])[1]"}
RESULT: {"using":"xpath","value":"(//span[contains(@id ,\"application-manageresources-display-component---newResourceUnit--DIMENSION_UNIT-arrow\")])[1]"}
COMMAND: POST /session/7ceb2304b37874a72895a7f47f00ffc5/element/f.A2DC6DB0B92729488FE09C376A5B6DB2.d.B0141930F23E9ABCD44EE77323DD0A14.e.4475/click - {}
RESULT: {}
COMMAND: GET /session/7ceb2304b37874a72895a7f47f00ffc5/screenshot - {}
RESULT: {}
COMMAND: POST /session/7ceb2304b37874a72895a7f47f00ffc5/execute/async - {"script":"<script> [1562 bytes]","args":[{"selector":{"controlType":"sap.m.StandardListItem","viewName":"reusables.view.manageresources.NewResourceUnit","viewId":"application-manageresources-display-component---newResourceUnit","properties":{"title":"Centimeter"},"searchOpenDialogs":true,"interaction":{"idSuffix":"titleText"}},"wdio_ui5_key":"reusablesview.manageresources.NewResourceUnitsap.m.StandardListItem{\"title\":\"Centimeter\"}"}]}
RESULT: {"script":"<script> [1562 bytes]","args":[{"selector":{"controlType":"sap.m.StandardListItem","viewName":"reusables.view.manageresources.NewResourceUnit","viewId":"application-manageresources-display-component---newResourceUnit","properties":{"title":"Centimeter"},"searchOpenDialogs":true,"interaction":{"idSuffix":"titleText"}},"wdio_ui5_key":"reusablesview.manageresources.NewResourceUnitsap.m.StandardListItem{\"title\":\"Centimeter\"}"}]}
RESULT: undefined
COMMAND: POST /session/7ceb2304b37874a72895a7f47f00ffc5/element - {"using":"xpath","value":"//*[@id=\"__item5036\"]"}
RESULT: {"using":"xpath","value":"//*[@id=\"__item5036\"]"}
COMMAND: POST /session/7ceb2304b37874a72895a7f47f00ffc5/element/f.A2DC6DB0B92729488FE09C376A5B6DB2.d.B0141930F23E9ABCD44EE77323DD0A14.e.4477/click - {}
RESULT: {}
COMMAND: POST /session/7ceb2304b37874a72895a7f47f00ffc5/execute/async - {"script":"<script> [1562 bytes]","args":[{"selector":{"id":"application-manageresources-display-component---newResourceUnit--newRRUPage-anchBar-application-manageresources-display-component---newResourceUnit--reference-anchor","interaction":{"idSuffix":"BDI-content"}},"wdio_ui5_key":"applicationmanageresources-display-component---newResourceUnit--newRRUPage-anchBar-application-manageresources-display-component---newResourceUnit--reference-anchor"}]}
COMMAND: GET /session/7ceb2304b37874a72895a7f47f00ffc5/screenshot - {}
RESULT: {"script":"<script> [1562 bytes]","args":[{"selector":{"id":"application-manageresources-display-component---newResourceUnit--newRRUPage-anchBar-application-manageresources-display-component---newResourceUnit--reference-anchor","interaction":{"idSuffix":"BDI-content"}},"wdio_ui5_key":"applicationmanageresources-display-component---newResourceUnit--newRRUPage-anchBar-application-manageresources-display-component---newResourceUnit--reference-anchor"}]}
RESULT: undefined
COMMAND: POST /session/7ceb2304b37874a72895a7f47f00ffc5/element - {"using":"xpath","value":"//*[@id=\"application-manageresources-display-component---newResourceUnit--newRRUPage-anchBar-application-manageresources-display-component---newResourceUnit--reference-anchor\"]"}
RESULT: {}
RESULT: {"using":"xpath","value":"//*[@id=\"application-manageresources-display-component---newResourceUnit--newRRUPage-anchBar-application-manageresources-display-component---newResourceUnit--reference-anchor\"]"}
COMMAND: POST /session/7ceb2304b37874a72895a7f47f00ffc5/element/f.A2DC6DB0B92729488FE09C376A5B6DB2.d.B0141930F23E9ABCD44EE77323DD0A14.e.4479/click - {}
RESULT: {}
COMMAND: POST /session/7ceb2304b37874a72895a7f47f00ffc5/execute/async - {"script":"<script> [1562 bytes]","args":[{"selector":{"id":"application-manageresources-display-component---newResourceUnit--PLANNING_GROUP-arrow"},"wdio_ui5_key":"applicationmanageresources-display-component---newResourceUnit--PLANNING_GROUP-arrow"}]}
COMMAND: GET /session/7ceb2304b37874a72895a7f47f00ffc5/screenshot - {}
RESULT: {"script":"<script> [1562 bytes]","args":[{"selector":{"id":"application-manageresources-display-component---newResourceUnit--PLANNING_GROUP-arrow"},"wdio_ui5_key":"applicationmanageresources-display-component---newResourceUnit--PLANNING_GROUP-arrow"}]}
RESULT: undefined
COMMAND: POST /session/7ceb2304b37874a72895a7f47f00ffc5/element - {"using":"xpath","value":"//*[@id=\"application-manageresources-display-component---newResourceUnit--PLANNING_GROUP-arrow\"]"}
RESULT: {}
RESULT: {"using":"xpath","value":"//*[@id=\"application-manageresources-display-component---newResourceUnit--PLANNING_GROUP-arrow\"]"}
COMMAND: POST /session/7ceb2304b37874a72895a7f47f00ffc5/element/f.A2DC6DB0B92729488FE09C376A5B6DB2.d.B0141930F23E9ABCD44EE77323DD0A14.e.4483/click - {}
RESULT: {}
COMMAND: POST /session/7ceb2304b37874a72895a7f47f00ffc5/execute/async - {"script":"<script> [1562 bytes]","args":[{"selector":{"controlType":"sap.m.StandardListItem","viewName":"reusables.view.manageresources.NewResourceUnit","viewId":"application-manageresources-display-component---newResourceUnit","properties":{"title":"Heavy Equi"},"searchOpenDialogs":true,"interaction":{"idSuffix":"content"}},"wdio_ui5_key":"reusablesview.manageresources.NewResourceUnitsap.m.StandardListItem{\"title\":\"Heavy Equi\"}"}]}
COMMAND: GET /session/7ceb2304b37874a72895a7f47f00ffc5/screenshot - {}
RESULT: {"script":"<script> [1562 bytes]","args":[{"selector":{"controlType":"sap.m.StandardListItem","viewName":"reusables.view.manageresources.NewResourceUnit","viewId":"application-manageresources-display-component---newResourceUnit","properties":{"title":"Heavy Equi"},"searchOpenDialogs":true,"interaction":{"idSuffix":"content"}},"wdio_ui5_key":"reusablesview.manageresources.NewResourceUnitsap.m.StandardListItem{\"title\":\"Heavy Equi\"}"}]}
RESULT: undefined
COMMAND: POST /session/7ceb2304b37874a72895a7f47f00ffc5/element - {"using":"xpath","value":"//*[@id=\"__item5044\"]"}
RESULT: {}
RESULT: {"using":"xpath","value":"//*[@id=\"__item5044\"]"}
COMMAND: POST /session/7ceb2304b37874a72895a7f47f00ffc5/element/f.A2DC6DB0B92729488FE09C376A5B6DB2.d.B0141930F23E9ABCD44EE77323DD0A14.e.4485/click - {}
RESULT: {}
COMMAND: GET /session/7ceb2304b37874a72895a7f47f00ffc5/screenshot - {}
RESULT: {}
COMMAND: POST /session/7ceb2304b37874a72895a7f47f00ffc5/execute/async - {"script":"<script> [1562 bytes]","args":[{"selector":{"id":"application-manageresources-display-component---newResourceUnit--PLANNING_INDICATOR-arrow"},"wdio_ui5_key":"applicationmanageresources-display-component---newResourceUnit--PLANNING_INDICATOR-arrow"}]}
RESULT: {"script":"<script> [1562 bytes]","args":[{"selector":{"id":"application-manageresources-display-component---newResourceUnit--PLANNING_INDICATOR-arrow"},"wdio_ui5_key":"applicationmanageresources-display-component---newResourceUnit--PLANNING_INDICATOR-arrow"}]}
RESULT: undefined
COMMAND: POST /session/7ceb2304b37874a72895a7f47f00ffc5/element - {"using":"xpath","value":"//*[@id=\"application-manageresources-display-component---newResourceUnit--PLANNING_INDICATOR-arrow\"]"}
RESULT: {"using":"xpath","value":"//*[@id=\"application-manageresources-display-component---newResourceUnit--PLANNING_INDICATOR-arrow\"]"}
COMMAND: POST /session/7ceb2304b37874a72895a7f47f00ffc5/element/f.A2DC6DB0B92729488FE09C376A5B6DB2.d.B0141930F23E9ABCD44EE77323DD0A14.e.4486/click - {}
RESULT: {}
COMMAND: POST /session/7ceb2304b37874a72895a7f47f00ffc5/execute/async - {"script":"<script> [1562 bytes]","args":[{"selector":{"controlType":"sap.m.StandardListItem","viewName":"reusables.view.manageresources.NewResourceUnit","viewId":"application-manageresources-display-component---newResourceUnit","properties":{"title":"10 - infinite"},"searchOpenDialogs":true,"interaction":{"idSuffix":"content"}},"wdio_ui5_key":"reusablesview.manageresources.NewResourceUnitsap.m.StandardListItem{\"title\":\"10 - infinite\"}"}]}
COMMAND: GET /session/7ceb2304b37874a72895a7f47f00ffc5/screenshot - {}
RESULT: {"script":"<script> [1562 bytes]","args":[{"selector":{"controlType":"sap.m.StandardListItem","viewName":"reusables.view.manageresources.NewResourceUnit","viewId":"application-manageresources-display-component---newResourceUnit","properties":{"title":"10 - infinite"},"searchOpenDialogs":true,"interaction":{"idSuffix":"content"}},"wdio_ui5_key":"reusablesview.manageresources.NewResourceUnitsap.m.StandardListItem{\"title\":\"10 - infinite\"}"}]}
RESULT: undefined
COMMAND: POST /session/7ceb2304b37874a72895a7f47f00ffc5/element - {"using":"xpath","value":"//*[@id=\"__item5054\"]"}
RESULT: {}
RESULT: {"using":"xpath","value":"//*[@id=\"__item5054\"]"}
COMMAND: POST /session/7ceb2304b37874a72895a7f47f00ffc5/element/f.A2DC6DB0B92729488FE09C376A5B6DB2.d.B0141930F23E9ABCD44EE77323DD0A14.e.4488/click - {}
RESULT: {}
COMMAND: GET /session/7ceb2304b37874a72895a7f47f00ffc5/screenshot - {}
RESULT: {}
COMMAND: POST /session/7ceb2304b37874a72895a7f47f00ffc5/element - {"using":"xpath","value":"//bdi[contains(text(), \"Time Segment\")]"}
RESULT: {"using":"xpath","value":"//bdi[contains(text(), \"Time Segment\")]"}
COMMAND: GET /session/7ceb2304b37874a72895a7f47f00ffc5/element/f.A2DC6DB0B92729488FE09C376A5B6DB2.d.B0141930F23E9ABCD44EE77323DD0A14.e.4489/rect - {}
RESULT: {}
COMMAND: GET /session/7ceb2304b37874a72895a7f47f00ffc5/window/rect - {}
RESULT: {}
COMMAND: POST /session/7ceb2304b37874a72895a7f47f00ffc5/execute/sync - {"script":"<script> [92 bytes]","args":[]}
RESULT: {"script":"<script> [92 bytes]","args":[]}
COMMAND: POST /session/7ceb2304b37874a72895a7f47f00ffc5/actions - {"actions":[{"id":"action35","type":"wheel","parameters":{},"actions":[{"type":"scroll","x":-1820,"y":-21,"deltaX":0,"deltaY":0,"duration":0,"origin":{"element-6066-11e4-a52e-4f735466cecf":"f.A2DC6DB0B92729488FE09C376A5B6DB2.d.B0141930F23E9ABCD44EE77323DD0A14.e.4489"}}]}]}
COMMAND: GET /session/7ceb2304b37874a72895a7f47f00ffc5/screenshot - {}
RESULT: {}
COMMAND: POST /session/7ceb2304b37874a72895a7f47f00ffc5/execute/sync - {"script":"<script> [79 bytes]","args":[{"element-6066-11e4-a52e-4f735466cecf":"f.A2DC6DB0B92729488FE09C376A5B6DB2.d.B0141930F23E9ABCD44EE77323DD0A14.e.4489","ELEMENT":"f.A2DC6DB0B92729488FE09C376A5B6DB2.d.B0141930F23E9ABCD44EE77323DD0A14.e.4489"},{"block":"start","inline":"nearest"}]}
RESULT: {"script":"<script> [79 bytes]","args":[{"element-6066-11e4-a52e-4f735466cecf":"f.A2DC6DB0B92729488FE09C376A5B6DB2.d.B0141930F23E9ABCD44EE77323DD0A14.e.4489","ELEMENT":"f.A2DC6DB0B92729488FE09C376A5B6DB2.d.B0141930F23E9ABCD44EE77323DD0A14.e.4489"},{"block":"start","inline":"nearest"}]}
COMMAND: GET /session/7ceb2304b37874a72895a7f47f00ffc5/screenshot - {}
RESULT: {}
COMMAND: POST /session/7ceb2304b37874a72895a7f47f00ffc5/element - {"using":"xpath","value":"//span[@id=\"application-manageresources-display-component---newResourceUnit--btnAddTimeSegment-img\"]"}
RESULT: {"using":"xpath","value":"//span[@id=\"application-manageresources-display-component---newResourceUnit--btnAddTimeSegment-img\"]"}
COMMAND: POST /session/7ceb2304b37874a72895a7f47f00ffc5/execute/sync - {"script":"<script> [8489 bytes]","args":[{"element-6066-11e4-a52e-4f735466cecf":"f.A2DC6DB0B92729488FE09C376A5B6DB2.d.B0141930F23E9ABCD44EE77323DD0A14.e.4492","ELEMENT":"f.A2DC6DB0B92729488FE09C376A5B6DB2.d.B0141930F23E9ABCD44EE77323DD0A14.e.4492"}]}
RESULT: {"script":"<script> [8489 bytes]","args":[{"element-6066-11e4-a52e-4f735466cecf":"f.A2DC6DB0B92729488FE09C376A5B6DB2.d.B0141930F23E9ABCD44EE77323DD0A14.e.4492","ELEMENT":"f.A2DC6DB0B92729488FE09C376A5B6DB2.d.B0141930F23E9ABCD44EE77323DD0A14.e.4492"}]}
COMMAND: POST /session/7ceb2304b37874a72895a7f47f00ffc5/element/f.A2DC6DB0B92729488FE09C376A5B6DB2.d.B0141930F23E9ABCD44EE77323DD0A14.e.4492/click - {}
COMMAND: GET /session/7ceb2304b37874a72895a7f47f00ffc5/screenshot - {}
RESULT: {}
COMMAND: GET /session/7ceb2304b37874a72895a7f47f00ffc5/screenshot - {}
COMMAND: POST /session/7ceb2304b37874a72895a7f47f00ffc5/element - {"using":"xpath","value":"//input[@id=\"application-manageresources-display-component---newResourceUnit--idRuTSAdmin-application-manageresources-display-component---newResourceUnit--RUTimeSegment-0-inner\"]"}
RESULT: {}
RESULT: {}
RESULT: {"using":"xpath","value":"//input[@id=\"application-manageresources-display-component---newResourceUnit--idRuTSAdmin-application-manageresources-display-component---newResourceUnit--RUTimeSegment-0-inner\"]"}
COMMAND: POST /session/7ceb2304b37874a72895a7f47f00ffc5/element/f.A2DC6DB0B92729488FE09C376A5B6DB2.d.B0141930F23E9ABCD44EE77323DD0A14.e.4495/clear - {}
RESULT: {}
COMMAND: POST /session/7ceb2304b37874a72895a7f47f00ffc5/element/f.A2DC6DB0B92729488FE09C376A5B6DB2.d.B0141930F23E9ABCD44EE77323DD0A14.e.4495/value - {"text":"WebdriverYard1clzi"}
COMMAND: GET /session/7ceb2304b37874a72895a7f47f00ffc5/screenshot - {}
RESULT: {"text":"WebdriverYard1clzi"}
COMMAND: GET /session/7ceb2304b37874a72895a7f47f00ffc5/screenshot - {}
RESULT: {}
RESULT: {}
COMMAND: POST /session/7ceb2304b37874a72895a7f47f00ffc5/actions - {"actions":[{"id":"action36","type":"key","parameters":{},"actions":[{"type":"keyDown","value":"î€‡"},{"type":"pause","duration":10},{"type":"keyUp","value":"î€‡"}]}]}
RESULT: {"actions":[{"id":"action36","type":"key","parameters":{},"actions":[{"type":"keyDown","value":"î€‡"},{"type":"pause","duration":10},{"type":"keyUp","value":"î€‡"}]}]}
COMMAND: GET /session/7ceb2304b37874a72895a7f47f00ffc5/screenshot - {}
RESULT: {}
COMMAND: POST /session/7ceb2304b37874a72895a7f47f00ffc5/execute/async - {"script":"<script> [1562 bytes]","args":[{"selector":{"controlType":"sap.m.Button","viewName":"reusables.view.manageresources.NewResourceUnit","viewId":"application-manageresources-display-component---newResourceUnit","i18NText":{"propertyName":"tooltip","key":"save"},"interaction":{"idSuffix":"BDI-content"}},"wdio_ui5_key":"reusablesview.manageresources.NewResourceUnitsap.m.Button{\"propertyName\":\"tooltip\",\"key\":\"save\"}"}]}
RESULT: {"script":"<script> [1562 bytes]","args":[{"selector":{"controlType":"sap.m.Button","viewName":"reusables.view.manageresources.NewResourceUnit","viewId":"application-manageresources-display-component---newResourceUnit","i18NText":{"propertyName":"tooltip","key":"save"},"interaction":{"idSuffix":"BDI-content"}},"wdio_ui5_key":"reusablesview.manageresources.NewResourceUnitsap.m.Button{\"propertyName\":\"tooltip\",\"key\":\"save\"}"}]}
RESULT: undefined
COMMAND: POST /session/7ceb2304b37874a72895a7f47f00ffc5/element - {"using":"xpath","value":"//*[@id=\"application-manageresources-display-component---newResourceUnit--createRuButton\"]"}
RESULT: {"using":"xpath","value":"//*[@id=\"application-manageresources-display-component---newResourceUnit--createRuButton\"]"}
COMMAND: POST /session/7ceb2304b37874a72895a7f47f00ffc5/element/f.A2DC6DB0B92729488FE09C376A5B6DB2.d.B0141930F23E9ABCD44EE77323DD0A14.e.4357/click - {}
RESULT: {}
COMMAND: GET /session/7ceb2304b37874a72895a7f47f00ffc5/screenshot - {}
RESULT: {}
COMMAND: POST /session/7ceb2304b37874a72895a7f47f00ffc5/execute/async - {"script":"<script> [1562 bytes]","args":[{"selector":{"controlType":"sap.m.Title","properties":{"text":"Success"},"searchOpenDialogs":true},"wdio_ui5_key":"sapm.Title{\"text\":\"Success\"}"}]}
RESULT: {"script":"<script> [1562 bytes]","args":[{"selector":{"controlType":"sap.m.Title","properties":{"text":"Success"},"searchOpenDialogs":true},"wdio_ui5_key":"sapm.Title{\"text\":\"Success\"}"}]}
RESULT: undefined
COMMAND: POST /session/7ceb2304b37874a72895a7f47f00ffc5/execute/async - {"script":"<script> [6424 bytes]","args":[{"element-6066-11e4-a52e-4f735466cecf":"f.A2DC6DB0B92729488FE09C376A5B6DB2.d.B0141930F23E9ABCD44EE77323DD0A14.e.4508"},"getText",[]]}
RESULT: {"script":"<script> [6424 bytes]","args":[{"element-6066-11e4-a52e-4f735466cecf":"f.A2DC6DB0B92729488FE09C376A5B6DB2.d.B0141930F23E9ABCD44EE77323DD0A14.e.4508"},"getText",[]]}
COMMAND: POST /session/7ceb2304b37874a72895a7f47f00ffc5/element - {"using":"xpath","value":"//*[contains(@id, '__text') and (contains(text(), 'successfully created') or contains(., 'successfully created'))]"}
RESULT: {"using":"xpath","value":"//*[contains(@id, '__text') and (contains(text(), 'successfully created') or contains(., 'successfully created'))]"}
COMMAND: GET /session/7ceb2304b37874a72895a7f47f00ffc5/element/f.A2DC6DB0B92729488FE09C376A5B6DB2.d.B0141930F23E9ABCD44EE77323DD0A14.e.4506/text - {}
RESULT: {}
COMMAND: POST /session/7ceb2304b37874a72895a7f47f00ffc5/execute/async - {"script":"<script> [1562 bytes]","args":[{"selector":{"controlType":"sap.m.Button","properties":{"text":"Close"},"searchOpenDialogs":true,"interaction":{"idSuffix":"BDI-content"}},"wdio_ui5_key":"sapm.Button{\"text\":\"Close\"}"}]}
RESULT: {"script":"<script> [1562 bytes]","args":[{"selector":{"controlType":"sap.m.Button","properties":{"text":"Close"},"searchOpenDialogs":true,"interaction":{"idSuffix":"BDI-content"}},"wdio_ui5_key":"sapm.Button{\"text\":\"Close\"}"}]}
RESULT: undefined
COMMAND: POST /session/7ceb2304b37874a72895a7f47f00ffc5/element - {"using":"xpath","value":"//*[@id=\"__mbox-btn-1\"]"}
RESULT: {"using":"xpath","value":"//*[@id=\"__mbox-btn-1\"]"}
COMMAND: POST /session/7ceb2304b37874a72895a7f47f00ffc5/element/f.A2DC6DB0B92729488FE09C376A5B6DB2.d.B0141930F23E9ABCD44EE77323DD0A14.e.4505/click - {}
RESULT: {}
COMMAND: GET /session/7ceb2304b37874a72895a7f47f00ffc5/screenshot - {}
RESULT: {}
COMMAND: POST /session/7ceb2304b37874a72895a7f47f00ffc5/execute/async - {"script":"<script> [1562 bytes]","args":[{"selector":{"controlType":"sap.ui.core.Icon","viewName":"etm.portal.ui.manageresources.view.Detail","viewId":"application-manageresources-display-component---detailRU","properties":{"src":{"regex":{"source":"overflow"}}}},"wdio_ui5_key":"etmportal.ui.manageresources.view.Detailsap.ui.core.Icon{\"src\":{\"regex\":{\"source\":\"overflow\"}}}"}]}
RESULT: {"script":"<script> [1562 bytes]","args":[{"selector":{"controlType":"sap.ui.core.Icon","viewName":"etm.portal.ui.manageresources.view.Detail","viewId":"application-manageresources-display-component---detailRU","properties":{"src":{"regex":{"source":"overflow"}}}},"wdio_ui5_key":"etmportal.ui.manageresources.view.Detailsap.ui.core.Icon{\"src\":{\"regex\":{\"source\":\"overflow\"}}}"}]}
RESULT: undefined
COMMAND: POST /session/7ceb2304b37874a72895a7f47f00ffc5/element - {"using":"xpath","value":"//*[@id=\"__title81-_actionsToolbar-overflowButton-img\"]"}
RESULT: {"using":"xpath","value":"//*[@id=\"__title81-_actionsToolbar-overflowButton-img\"]"}
COMMAND: POST /session/7ceb2304b37874a72895a7f47f00ffc5/element/f.A2DC6DB0B92729488FE09C376A5B6DB2.d.B0141930F23E9ABCD44EE77323DD0A14.e.4543/click - {}
RESULT: {}
COMMAND: POST /session/7ceb2304b37874a72895a7f47f00ffc5/execute/async - {"script":"<script> [1562 bytes]","args":[{"selector":{"controlType":"sap.m.Button","viewName":"etm.portal.ui.manageresources.view.Detail","viewId":"application-manageresources-display-component---detailRU","i18NText":{"propertyName":"tooltip","key":"closeColumn"},"searchOpenDialogs":true,"interaction":{"idSuffix":"inner"}},"wdio_ui5_key":"etmportal.ui.manageresources.view.Detailsap.m.Button{\"propertyName\":\"tooltip\",\"key\":\"closeColumn\"}"}]}
COMMAND: GET /session/7ceb2304b37874a72895a7f47f00ffc5/screenshot - {}
RESULT: {"script":"<script> [1562 bytes]","args":[{"selector":{"controlType":"sap.m.Button","viewName":"etm.portal.ui.manageresources.view.Detail","viewId":"application-manageresources-display-component---detailRU","i18NText":{"propertyName":"tooltip","key":"closeColumn"},"searchOpenDialogs":true,"interaction":{"idSuffix":"inner"}},"wdio_ui5_key":"etmportal.ui.manageresources.view.Detailsap.m.Button{\"propertyName\":\"tooltip\",\"key\":\"closeColumn\"}"}]}
RESULT: undefined
COMMAND: POST /session/7ceb2304b37874a72895a7f47f00ffc5/element - {"using":"xpath","value":"//*[@id=\"__button257\"]"}
RESULT: {}
RESULT: {"using":"xpath","value":"//*[@id=\"__button257\"]"}
COMMAND: POST /session/7ceb2304b37874a72895a7f47f00ffc5/element/f.A2DC6DB0B92729488FE09C376A5B6DB2.d.B0141930F23E9ABCD44EE77323DD0A14.e.4545/click - {}
RESULT: {}
COMMAND: GET /session/7ceb2304b37874a72895a7f47f00ffc5/screenshot - {}
RESULT: {}
COMMAND: POST /session/7ceb2304b37874a72895a7f47f00ffc5/refresh - {}
RESULT: {}
COMMAND: GET /session/7ceb2304b37874a72895a7f47f00ffc5/screenshot - {}
RESULT: {}
COMMAND: POST /session/7ceb2304b37874a72895a7f47f00ffc5/execute/async - {"script":"<script> [189 bytes]","args":[]}
RESULT: {"script":"<script> [189 bytes]","args":[]}
COMMAND: POST /session/7ceb2304b37874a72895a7f47f00ffc5/execute/async - {"script":"<script> [123 bytes]","args":[]}
RESULT: {"script":"<script> [123 bytes]","args":[]}
COMMAND: POST /session/7ceb2304b37874a72895a7f47f00ffc5/timeouts - {"script":"<number>"}
RESULT: {"script":"<number>"}
COMMAND: GET /session/7ceb2304b37874a72895a7f47f00ffc5/timeouts - {}
RESULT: {}
RESULT: undefined
COMMAND: POST /session/7ceb2304b37874a72895a7f47f00ffc5/execute/async - {"script":"<script> [2676 bytes]","args":[]}
RESULT: {"script":"<script> [2676 bytes]","args":[]}
COMMAND: POST /session/7ceb2304b37874a72895a7f47f00ffc5/execute/async - {"script":"<script> [2342 bytes]","args":[{"protocol":"http","hostname":"0.0.0.0","path":"/","capabilities":{"browserName":"chrome","goog:chromeOptions":{"binary":"C:\\Program Files\\Google\\Chrome\\Application\\chrome.exe","args":["--start-maximized"]}},"logLevel":"warn","connectionRetryTimeout":120000,"connectionRetryCount":3,"logLevels":{},"enableDirectConnect":true,"strictSSL":true,"_":"65 more keys: [\"cacheDir\",\"port\",\"requestedCapabilities\",\"automationProtocol\",\"baseUrl\",\"waitforInterval\",\"waitforTimeout\",\"onReload\",\"beforeCommand\",\"afterCommand\",\"rootDir\",\"specs\",\"suites\",\"exclude\",\"groupLogsByTestSpec\",\"excludeDriverLogs\",\"bail\",\"framework\",\"reporters\",\"services\",\"maxInstances\",\"maxInstancesPerCapability\",\"injectGlobals\",\"filesToWatch\",\"execArgv\",\"runnerEnv\",\"runner\",\"shard\",\"specFileRetries\",\"specFileRetriesDelay\",\"specFileRetriesDeferred\",\"reporterSyncInterval\",\"reporterSyncTimeout\",\"cucumberFeaturesWithLineNumbers\",\"autoCompileOpts\",\"mochaOpts\",\"jasmineOpts\",\"cucumberOpts\",\"onPrepare\",\"onWorkerStart\",\"onWorkerEnd\",\"before\",\"beforeSession\",\"beforeSuite\",\"beforeHook\",\"beforeTest\",\"afterTest\",\"afterHook\",\"afterSuite\",\"afterSession\",\"after\",\"onComplete\",\"beforeAssertion\",\"afterAssertion\",\"beforeFeature\",\"beforeScenario\",\"beforeStep\",\"afterStep\",\"afterScenario\",\"afterFeature\",\"_\",\"suite\",\"$0\",\"ignoredWorkerServices\",\"wdi5\"]"}]}
RESULT: {"script":"<script> [2342 bytes]","args":[{"protocol":"http","hostname":"0.0.0.0","path":"/","capabilities":{"browserName":"chrome","goog:chromeOptions":{"binary":"C:\\Program Files\\Google\\Chrome\\Application\\chrome.exe","args":["--start-maximized"]}},"logLevel":"warn","connectionRetryTimeout":120000,"connectionRetryCount":3,"logLevels":{},"enableDirectConnect":true,"strictSSL":true,"_":"65 more keys: [\"cacheDir\",\"port\",\"requestedCapabilities\",\"automationProtocol\",\"baseUrl\",\"waitforInterval\",\"waitforTimeout\",\"onReload\",\"beforeCommand\",\"afterCommand\",\"rootDir\",\"specs\",\"suites\",\"exclude\",\"groupLogsByTestSpec\",\"excludeDriverLogs\",\"bail\",\"framework\",\"reporters\",\"services\",\"maxInstances\",\"maxInstancesPerCapability\",\"injectGlobals\",\"filesToWatch\",\"execArgv\",\"runnerEnv\",\"runner\",\"shard\",\"specFileRetries\",\"specFileRetriesDelay\",\"specFileRetriesDeferred\",\"reporterSyncInterval\",\"reporterSyncTimeout\",\"cucumberFeaturesWithLineNumbers\",\"autoCompileOpts\",\"mochaOpts\",\"jasmineOpts\",\"cucumberOpts\",\"onPrepare\",\"onWorkerStart\",\"onWorkerEnd\",\"before\",\"beforeSession\",\"beforeSuite\",\"beforeHook\",\"beforeTest\",\"afterTest\",\"afterHook\",\"afterSuite\",\"afterSession\",\"after\",\"onComplete\",\"beforeAssertion\",\"afterAssertion\",\"beforeFeature\",\"beforeScenario\",\"beforeStep\",\"afterStep\",\"afterScenario\",\"afterFeature\",\"_\",\"suite\",\"$0\",\"ignoredWorkerServices\",\"wdi5\"]"}]}
COMMAND: POST /session/7ceb2304b37874a72895a7f47f00ffc5/execute/async - {"script":"<script> [21126 bytes]","args":[35000]}
RESULT: {"script":"<script> [21126 bytes]","args":[35000]}
COMMAND: POST /session/7ceb2304b37874a72895a7f47f00ffc5/element - {"using":"css selector","value":"#shell-header-logo"}
RESULT: {"using":"css selector","value":"#shell-header-logo"}
COMMAND: POST /session/7ceb2304b37874a72895a7f47f00ffc5/element/f.A2DC6DB0B92729488FE09C376A5B6DB2.d.BD9588D107322ED70DA5A2050332B2EB.e.4718/click - {}
RESULT: {}
COMMAND: GET /session/7ceb2304b37874a72895a7f47f00ffc5/screenshot - {}
RESULT: {}
COMMAND: POST /session/7ceb2304b37874a72895a7f47f00ffc5/element - {"using":"css selector","value":"#shell-header-logo"}
RESULT: {"using":"css selector","value":"#shell-header-logo"}
COMMAND: POST /session/7ceb2304b37874a72895a7f47f00ffc5/element/f.A2DC6DB0B92729488FE09C376A5B6DB2.d.BD9588D107322ED70DA5A2050332B2EB.e.4900/click - {}
RESULT: {}
COMMAND: GET /session/7ceb2304b37874a72895a7f47f00ffc5/screenshot - {}
RESULT: {}
]]></system-out>
    </testcase>
    <testcase classname="chrome.137_0_7151_56.windows.Manage_request_+_Contract_processing_pick_up_option_US120163_" name="Should Create New Request pick up option" time="165.016">
      <system-out><![CDATA[
COMMAND: POST /session/7ceb2304b37874a72895a7f47f00ffc5/element - {"using":"css selector","value":"#shell-header-logo"}
RESULT: {"using":"css selector","value":"#shell-header-logo"}
COMMAND: POST /session/7ceb2304b37874a72895a7f47f00ffc5/element/f.A2DC6DB0B92729488FE09C376A5B6DB2.d.BD9588D107322ED70DA5A2050332B2EB.e.4900/click - {}
RESULT: {}
COMMAND: GET /session/7ceb2304b37874a72895a7f47f00ffc5/screenshot - {}
RESULT: {}
COMMAND: POST /session/7ceb2304b37874a72895a7f47f00ffc5/execute/async - {"script":"<script> [1562 bytes]","args":[{"selector":{"controlType":"sap.m.GenericTile","properties":{"header":"Manage Requests"}},"wdio_ui5_key":"sapm.GenericTile{\"header\":\"Manage Requests\"}"}]}
RESULT: {"script":"<script> [1562 bytes]","args":[{"selector":{"controlType":"sap.m.GenericTile","properties":{"header":"Manage Requests"}},"wdio_ui5_key":"sapm.GenericTile{\"header\":\"Manage Requests\"}"}]}
RESULT: undefined
COMMAND: POST /session/7ceb2304b37874a72895a7f47f00ffc5/element - {"using":"xpath","value":"//*[@id=\"__tile47\"]"}
RESULT: {"using":"xpath","value":"//*[@id=\"__tile47\"]"}
COMMAND: POST /session/7ceb2304b37874a72895a7f47f00ffc5/element/f.A2DC6DB0B92729488FE09C376A5B6DB2.d.BD9588D107322ED70DA5A2050332B2EB.e.4909/click - {}
RESULT: {}
COMMAND: GET /session/7ceb2304b37874a72895a7f47f00ffc5/screenshot - {}
RESULT: {}
COMMAND: POST /session/7ceb2304b37874a72895a7f47f00ffc5/elements - {"using":"xpath","value":"//span[text()='Error']"}
RESULT: {"using":"xpath","value":"//span[text()='Error']"}
COMMAND: POST /session/7ceb2304b37874a72895a7f47f00ffc5/refresh - {}
RESULT: {}
COMMAND: GET /session/7ceb2304b37874a72895a7f47f00ffc5/screenshot - {}
RESULT: {}
COMMAND: POST /session/7ceb2304b37874a72895a7f47f00ffc5/execute/async - {"script":"<script> [189 bytes]","args":[]}
RESULT: {"script":"<script> [189 bytes]","args":[]}
COMMAND: POST /session/7ceb2304b37874a72895a7f47f00ffc5/execute/async - {"script":"<script> [123 bytes]","args":[]}
RESULT: {"script":"<script> [123 bytes]","args":[]}
COMMAND: POST /session/7ceb2304b37874a72895a7f47f00ffc5/timeouts - {"script":"<number>"}
RESULT: {"script":"<number>"}
COMMAND: GET /session/7ceb2304b37874a72895a7f47f00ffc5/timeouts - {}
RESULT: {}
RESULT: undefined
COMMAND: POST /session/7ceb2304b37874a72895a7f47f00ffc5/execute/async - {"script":"<script> [2676 bytes]","args":[]}
RESULT: {"script":"<script> [2676 bytes]","args":[]}
COMMAND: POST /session/7ceb2304b37874a72895a7f47f00ffc5/execute/async - {"script":"<script> [2342 bytes]","args":[{"protocol":"http","hostname":"0.0.0.0","path":"/","capabilities":{"browserName":"chrome","goog:chromeOptions":{"binary":"C:\\Program Files\\Google\\Chrome\\Application\\chrome.exe","args":["--start-maximized"]}},"logLevel":"warn","connectionRetryTimeout":120000,"connectionRetryCount":3,"logLevels":{},"enableDirectConnect":true,"strictSSL":true,"_":"65 more keys: [\"cacheDir\",\"port\",\"requestedCapabilities\",\"automationProtocol\",\"baseUrl\",\"waitforInterval\",\"waitforTimeout\",\"onReload\",\"beforeCommand\",\"afterCommand\",\"rootDir\",\"specs\",\"suites\",\"exclude\",\"groupLogsByTestSpec\",\"excludeDriverLogs\",\"bail\",\"framework\",\"reporters\",\"services\",\"maxInstances\",\"maxInstancesPerCapability\",\"injectGlobals\",\"filesToWatch\",\"execArgv\",\"runnerEnv\",\"runner\",\"shard\",\"specFileRetries\",\"specFileRetriesDelay\",\"specFileRetriesDeferred\",\"reporterSyncInterval\",\"reporterSyncTimeout\",\"cucumberFeaturesWithLineNumbers\",\"autoCompileOpts\",\"mochaOpts\",\"jasmineOpts\",\"cucumberOpts\",\"onPrepare\",\"onWorkerStart\",\"onWorkerEnd\",\"before\",\"beforeSession\",\"beforeSuite\",\"beforeHook\",\"beforeTest\",\"afterTest\",\"afterHook\",\"afterSuite\",\"afterSession\",\"after\",\"onComplete\",\"beforeAssertion\",\"afterAssertion\",\"beforeFeature\",\"beforeScenario\",\"beforeStep\",\"afterStep\",\"afterScenario\",\"afterFeature\",\"_\",\"suite\",\"$0\",\"ignoredWorkerServices\",\"wdi5\"]"}]}
RESULT: {"script":"<script> [2342 bytes]","args":[{"protocol":"http","hostname":"0.0.0.0","path":"/","capabilities":{"browserName":"chrome","goog:chromeOptions":{"binary":"C:\\Program Files\\Google\\Chrome\\Application\\chrome.exe","args":["--start-maximized"]}},"logLevel":"warn","connectionRetryTimeout":120000,"connectionRetryCount":3,"logLevels":{},"enableDirectConnect":true,"strictSSL":true,"_":"65 more keys: [\"cacheDir\",\"port\",\"requestedCapabilities\",\"automationProtocol\",\"baseUrl\",\"waitforInterval\",\"waitforTimeout\",\"onReload\",\"beforeCommand\",\"afterCommand\",\"rootDir\",\"specs\",\"suites\",\"exclude\",\"groupLogsByTestSpec\",\"excludeDriverLogs\",\"bail\",\"framework\",\"reporters\",\"services\",\"maxInstances\",\"maxInstancesPerCapability\",\"injectGlobals\",\"filesToWatch\",\"execArgv\",\"runnerEnv\",\"runner\",\"shard\",\"specFileRetries\",\"specFileRetriesDelay\",\"specFileRetriesDeferred\",\"reporterSyncInterval\",\"reporterSyncTimeout\",\"cucumberFeaturesWithLineNumbers\",\"autoCompileOpts\",\"mochaOpts\",\"jasmineOpts\",\"cucumberOpts\",\"onPrepare\",\"onWorkerStart\",\"onWorkerEnd\",\"before\",\"beforeSession\",\"beforeSuite\",\"beforeHook\",\"beforeTest\",\"afterTest\",\"afterHook\",\"afterSuite\",\"afterSession\",\"after\",\"onComplete\",\"beforeAssertion\",\"afterAssertion\",\"beforeFeature\",\"beforeScenario\",\"beforeStep\",\"afterStep\",\"afterScenario\",\"afterFeature\",\"_\",\"suite\",\"$0\",\"ignoredWorkerServices\",\"wdi5\"]"}]}
COMMAND: POST /session/7ceb2304b37874a72895a7f47f00ffc5/execute/async - {"script":"<script> [21126 bytes]","args":[35000]}
RESULT: {"script":"<script> [21126 bytes]","args":[35000]}
COMMAND: POST /session/7ceb2304b37874a72895a7f47f00ffc5/element - {"using":"xpath","value":"//button[contains(@data-kt ,\"btnCreateNewOverflowToolbarButton\")]"}
COMMAND: POST /session/7ceb2304b37874a72895a7f47f00ffc5/element - {"using":"xpath","value":"(//span[contains(@class ,\"sapMObjStatusText\")])[1]"}
RESULT: {"using":"xpath","value":"//button[contains(@data-kt ,\"btnCreateNewOverflowToolbarButton\")]"}
COMMAND: POST /session/7ceb2304b37874a72895a7f47f00ffc5/element/f.A2DC6DB0B92729488FE09C376A5B6DB2.d.189F397747976DFEC7523ADA748D715F.e.5059/click - {}
RESULT: {"using":"xpath","value":"(//span[contains(@class ,\"sapMObjStatusText\")])[1]"}
COMMAND: POST /session/7ceb2304b37874a72895a7f47f00ffc5/execute/sync - {"script":"<script> [8489 bytes]","args":[{"element-6066-11e4-a52e-4f735466cecf":"f.A2DC6DB0B92729488FE09C376A5B6DB2.d.189F397747976DFEC7523ADA748D715F.e.5100","ELEMENT":"f.A2DC6DB0B92729488FE09C376A5B6DB2.d.189F397747976DFEC7523ADA748D715F.e.5100"}]}
RESULT: {}
COMMAND: GET /session/7ceb2304b37874a72895a7f47f00ffc5/screenshot - {}
RESULT: {"script":"<script> [8489 bytes]","args":[{"element-6066-11e4-a52e-4f735466cecf":"f.A2DC6DB0B92729488FE09C376A5B6DB2.d.189F397747976DFEC7523ADA748D715F.e.5100","ELEMENT":"f.A2DC6DB0B92729488FE09C376A5B6DB2.d.189F397747976DFEC7523ADA748D715F.e.5100"}]}
COMMAND: GET /session/7ceb2304b37874a72895a7f47f00ffc5/screenshot - {}
RESULT: {}
RESULT: {}
COMMAND: POST /session/7ceb2304b37874a72895a7f47f00ffc5/element - {"using":"xpath","value":"//input[contains(@id ,\"yardId-inner\")]"}
RESULT: {"using":"xpath","value":"//input[contains(@id ,\"yardId-inner\")]"}
COMMAND: POST /session/7ceb2304b37874a72895a7f47f00ffc5/execute/sync - {"script":"<script> [8489 bytes]","args":[{"element-6066-11e4-a52e-4f735466cecf":"f.A2DC6DB0B92729488FE09C376A5B6DB2.d.189F397747976DFEC7523ADA748D715F.e.5181","ELEMENT":"f.A2DC6DB0B92729488FE09C376A5B6DB2.d.189F397747976DFEC7523ADA748D715F.e.5181"}]}
RESULT: {"script":"<script> [8489 bytes]","args":[{"element-6066-11e4-a52e-4f735466cecf":"f.A2DC6DB0B92729488FE09C376A5B6DB2.d.189F397747976DFEC7523ADA748D715F.e.5181","ELEMENT":"f.A2DC6DB0B92729488FE09C376A5B6DB2.d.189F397747976DFEC7523ADA748D715F.e.5181"}]}
COMMAND: POST /session/7ceb2304b37874a72895a7f47f00ffc5/element - {"using":"xpath","value":"//input[contains(@id ,\"requestContractNo-inner\")]"}
COMMAND: POST /session/7ceb2304b37874a72895a7f47f00ffc5/element - {"using":"xpath","value":"//input[contains(@id ,\"yardId-inner\")]"}
COMMAND: GET /session/7ceb2304b37874a72895a7f47f00ffc5/screenshot - {}
RESULT: {"using":"xpath","value":"//input[contains(@id ,\"requestContractNo-inner\")]"}
COMMAND: POST /session/7ceb2304b37874a72895a7f47f00ffc5/element/f.A2DC6DB0B92729488FE09C376A5B6DB2.d.189F397747976DFEC7523ADA748D715F.e.5176/value - {"text":"10452"}
RESULT: {"using":"xpath","value":"//input[contains(@id ,\"yardId-inner\")]"}
COMMAND: GET /session/7ceb2304b37874a72895a7f47f00ffc5/element/f.A2DC6DB0B92729488FE09C376A5B6DB2.d.189F397747976DFEC7523ADA748D715F.e.5181/enabled - {}
RESULT: {}
RESULT: {"text":"10452"}
COMMAND: GET /session/7ceb2304b37874a72895a7f47f00ffc5/screenshot - {}
RESULT: {}
COMMAND: GET /session/7ceb2304b37874a72895a7f47f00ffc5/screenshot - {}
RESULT: {}
RESULT: {}
COMMAND: POST /session/7ceb2304b37874a72895a7f47f00ffc5/actions - {"actions":[{"id":"action37","type":"key","parameters":{},"actions":[{"type":"keyDown","value":"î€‡"},{"type":"pause","duration":10},{"type":"keyUp","value":"î€‡"}]}]}
RESULT: {"actions":[{"id":"action37","type":"key","parameters":{},"actions":[{"type":"keyDown","value":"î€‡"},{"type":"pause","duration":10},{"type":"keyUp","value":"î€‡"}]}]}
COMMAND: GET /session/7ceb2304b37874a72895a7f47f00ffc5/screenshot - {}
RESULT: {}
COMMAND: POST /session/7ceb2304b37874a72895a7f47f00ffc5/execute/async - {"script":"<script> [1562 bytes]","args":[{"selector":{"controlType":"sap.m.Button","viewName":"etm.portal.ui.managerequests.view.NewRequest","properties":{"text":"Items"},"interaction":{"idSuffix":"BDI-content"}},"wdio_ui5_key":"etmportal.ui.managerequests.view.NewRequestsap.m.Button{\"text\":\"Items\"}"}]}
RESULT: {"script":"<script> [1562 bytes]","args":[{"selector":{"controlType":"sap.m.Button","viewName":"etm.portal.ui.managerequests.view.NewRequest","properties":{"text":"Items"},"interaction":{"idSuffix":"BDI-content"}},"wdio_ui5_key":"etmportal.ui.managerequests.view.NewRequestsap.m.Button{\"text\":\"Items\"}"}]}
RESULT: undefined
COMMAND: POST /session/7ceb2304b37874a72895a7f47f00ffc5/element - {"using":"xpath","value":"//*[@id=\"__xmlview1--newRequestPage-anchBar-__xmlview1--requestItemsSection-anchor\"]"}
RESULT: {"using":"xpath","value":"//*[@id=\"__xmlview1--newRequestPage-anchBar-__xmlview1--requestItemsSection-anchor\"]"}
COMMAND: POST /session/7ceb2304b37874a72895a7f47f00ffc5/element/f.A2DC6DB0B92729488FE09C376A5B6DB2.d.189F397747976DFEC7523ADA748D715F.e.5361/click - {}
RESULT: {}
COMMAND: GET /session/7ceb2304b37874a72895a7f47f00ffc5/screenshot - {}
RESULT: {}
COMMAND: POST /session/7ceb2304b37874a72895a7f47f00ffc5/execute/async - {"script":"<script> [1562 bytes]","args":[{"selector":{"controlType":"sap.ui.core.Icon","viewName":"etm.portal.ui.managerequests.view.NewRequest","properties":{"src":{"regex":{"source":"inspect"}}}},"wdio_ui5_key":"etmportal.ui.managerequests.view.NewRequestsap.ui.core.Icon{\"src\":{\"regex\":{\"source\":\"inspect\"}}}"}]}
RESULT: {"script":"<script> [1562 bytes]","args":[{"selector":{"controlType":"sap.ui.core.Icon","viewName":"etm.portal.ui.managerequests.view.NewRequest","properties":{"src":{"regex":{"source":"inspect"}}}},"wdio_ui5_key":"etmportal.ui.managerequests.view.NewRequestsap.ui.core.Icon{\"src\":{\"regex\":{\"source\":\"inspect\"}}}"}]}
RESULT: undefined
COMMAND: POST /session/7ceb2304b37874a72895a7f47f00ffc5/element - {"using":"xpath","value":"//*[@id=\"__button8-img\"]"}
RESULT: {"using":"xpath","value":"//*[@id=\"__button8-img\"]"}
COMMAND: POST /session/7ceb2304b37874a72895a7f47f00ffc5/element/f.A2DC6DB0B92729488FE09C376A5B6DB2.d.189F397747976DFEC7523ADA748D715F.e.5366/click - {}
RESULT: {}
COMMAND: GET /session/7ceb2304b37874a72895a7f47f00ffc5/screenshot - {}
RESULT: {}
COMMAND: POST /session/7ceb2304b37874a72895a7f47f00ffc5/execute/async - {"script":"<script> [1562 bytes]","args":[{"selector":{"controlType":"sap.ui.core.Icon","viewName":"etm.portal.ui.managerequests.view.NewRequest","properties":{"src":{"regex":{"source":"add"}}}},"wdio_ui5_key":"etmportal.ui.managerequests.view.NewRequestsap.ui.core.Icon{\"src\":{\"regex\":{\"source\":\"add\"}}}"}]}
RESULT: {"script":"<script> [1562 bytes]","args":[{"selector":{"controlType":"sap.ui.core.Icon","viewName":"etm.portal.ui.managerequests.view.NewRequest","properties":{"src":{"regex":{"source":"add"}}}},"wdio_ui5_key":"etmportal.ui.managerequests.view.NewRequestsap.ui.core.Icon{\"src\":{\"regex\":{\"source\":\"add\"}}}"}]}
RESULT: undefined
COMMAND: POST /session/7ceb2304b37874a72895a7f47f00ffc5/element - {"using":"xpath","value":"//*[@id=\"__xmlview1--btnAddTableRow-img\"]"}
RESULT: {"using":"xpath","value":"//*[@id=\"__xmlview1--btnAddTableRow-img\"]"}
COMMAND: POST /session/7ceb2304b37874a72895a7f47f00ffc5/element/f.A2DC6DB0B92729488FE09C376A5B6DB2.d.189F397747976DFEC7523ADA748D715F.e.5374/click - {}
RESULT: {}
COMMAND: GET /session/7ceb2304b37874a72895a7f47f00ffc5/screenshot - {}
RESULT: {}
COMMAND: POST /session/7ceb2304b37874a72895a7f47f00ffc5/execute/async - {"script":"<script> [1562 bytes]","args":[{"selector":{"controlType":"sap.ui.unified.MenuItem","viewName":"etm.portal.ui.managerequests.view.NewRequest","i18NText":{"propertyName":"text","key":"standardEntry"},"searchOpenDialogs":true,"interaction":{"idSuffix":"txt"}},"wdio_ui5_key":"etmportal.ui.managerequests.view.NewRequestsap.ui.unified.MenuItem{\"propertyName\":\"text\",\"key\":\"standardEntry\"}"}]}
RESULT: {"script":"<script> [1562 bytes]","args":[{"selector":{"controlType":"sap.ui.unified.MenuItem","viewName":"etm.portal.ui.managerequests.view.NewRequest","i18NText":{"propertyName":"text","key":"standardEntry"},"searchOpenDialogs":true,"interaction":{"idSuffix":"txt"}},"wdio_ui5_key":"etmportal.ui.managerequests.view.NewRequestsap.ui.unified.MenuItem{\"propertyName\":\"text\",\"key\":\"standardEntry\"}"}]}
RESULT: undefined
COMMAND: POST /session/7ceb2304b37874a72895a7f47f00ffc5/element - {"using":"xpath","value":"//*[@id=\"__item178\"]"}
RESULT: {"using":"xpath","value":"//*[@id=\"__item178\"]"}
COMMAND: POST /session/7ceb2304b37874a72895a7f47f00ffc5/element/f.A2DC6DB0B92729488FE09C376A5B6DB2.d.189F397747976DFEC7523ADA748D715F.e.5378/click - {}
RESULT: {}
COMMAND: GET /session/7ceb2304b37874a72895a7f47f00ffc5/screenshot - {}
RESULT: {}
RESULT: undefined
COMMAND: POST /session/7ceb2304b37874a72895a7f47f00ffc5/element - {"using":"xpath","value":"//*[@id=\"__xmlview1--btnAddTableRow-img\"]"}
RESULT: {"using":"xpath","value":"//*[@id=\"__xmlview1--btnAddTableRow-img\"]"}
COMMAND: POST /session/7ceb2304b37874a72895a7f47f00ffc5/element/f.A2DC6DB0B92729488FE09C376A5B6DB2.d.189F397747976DFEC7523ADA748D715F.e.5374/click - {}
RESULT: {}
COMMAND: GET /session/7ceb2304b37874a72895a7f47f00ffc5/screenshot - {}
RESULT: {}
RESULT: undefined
COMMAND: POST /session/7ceb2304b37874a72895a7f47f00ffc5/element - {"using":"xpath","value":"//*[@id=\"__item178\"]"}
RESULT: {"using":"xpath","value":"//*[@id=\"__item178\"]"}
COMMAND: POST /session/7ceb2304b37874a72895a7f47f00ffc5/element/f.A2DC6DB0B92729488FE09C376A5B6DB2.d.189F397747976DFEC7523ADA748D715F.e.5399/click - {}
RESULT: {}
COMMAND: GET /session/7ceb2304b37874a72895a7f47f00ffc5/screenshot - {}
RESULT: {}
COMMAND: POST /session/7ceb2304b37874a72895a7f47f00ffc5/element - {"using":"xpath","value":"(//input[contains(@id ,\"requestItemsTable-0-inner\")])[5]"}
RESULT: {"using":"xpath","value":"(//input[contains(@id ,\"requestItemsTable-0-inner\")])[5]"}
COMMAND: POST /session/7ceb2304b37874a72895a7f47f00ffc5/element/f.A2DC6DB0B92729488FE09C376A5B6DB2.d.189F397747976DFEC7523ADA748D715F.e.5390/clear - {}
RESULT: {}
COMMAND: POST /session/7ceb2304b37874a72895a7f47f00ffc5/element/f.A2DC6DB0B92729488FE09C376A5B6DB2.d.189F397747976DFEC7523ADA748D715F.e.5390/value - {"text":"1000001"}
COMMAND: GET /session/7ceb2304b37874a72895a7f47f00ffc5/screenshot - {}
RESULT: {"text":"1000001"}
COMMAND: GET /session/7ceb2304b37874a72895a7f47f00ffc5/screenshot - {}
RESULT: {}
RESULT: {}
COMMAND: POST /session/7ceb2304b37874a72895a7f47f00ffc5/actions - {"actions":[{"id":"action38","type":"key","parameters":{},"actions":[{"type":"keyDown","value":"î€‡"},{"type":"pause","duration":10},{"type":"keyUp","value":"î€‡"}]}]}
RESULT: {"actions":[{"id":"action38","type":"key","parameters":{},"actions":[{"type":"keyDown","value":"î€‡"},{"type":"pause","duration":10},{"type":"keyUp","value":"î€‡"}]}]}
COMMAND: POST /session/7ceb2304b37874a72895a7f47f00ffc5/element - {"using":"xpath","value":"(//input[contains(@id ,\"requestItemsTable-1-inner\")])[5]"}
COMMAND: GET /session/7ceb2304b37874a72895a7f47f00ffc5/screenshot - {}
RESULT: {"using":"xpath","value":"(//input[contains(@id ,\"requestItemsTable-1-inner\")])[5]"}
COMMAND: POST /session/7ceb2304b37874a72895a7f47f00ffc5/element/f.A2DC6DB0B92729488FE09C376A5B6DB2.d.189F397747976DFEC7523ADA748D715F.e.5405/clear - {}
RESULT: {}
RESULT: {}
COMMAND: POST /session/7ceb2304b37874a72895a7f47f00ffc5/element/f.A2DC6DB0B92729488FE09C376A5B6DB2.d.189F397747976DFEC7523ADA748D715F.e.5405/value - {"text":"200373"}
COMMAND: GET /session/7ceb2304b37874a72895a7f47f00ffc5/screenshot - {}
RESULT: {"text":"200373"}
COMMAND: GET /session/7ceb2304b37874a72895a7f47f00ffc5/screenshot - {}
RESULT: {}
RESULT: {}
COMMAND: POST /session/7ceb2304b37874a72895a7f47f00ffc5/actions - {"actions":[{"id":"action39","type":"key","parameters":{},"actions":[{"type":"keyDown","value":"î€‡"},{"type":"pause","duration":10},{"type":"keyUp","value":"î€‡"}]}]}
RESULT: {"actions":[{"id":"action39","type":"key","parameters":{},"actions":[{"type":"keyDown","value":"î€‡"},{"type":"pause","duration":10},{"type":"keyUp","value":"î€‡"}]}]}
COMMAND: POST /session/7ceb2304b37874a72895a7f47f00ffc5/element - {"using":"xpath","value":"//div[contains(@data-kt ,\"splitAllocationObjectStatus\")]"}
COMMAND: GET /session/7ceb2304b37874a72895a7f47f00ffc5/screenshot - {}
RESULT: {"using":"xpath","value":"//div[contains(@data-kt ,\"splitAllocationObjectStatus\")]"}
COMMAND: POST /session/7ceb2304b37874a72895a7f47f00ffc5/elements - {"using":"xpath","value":"//div[contains(@data-kt ,\"splitAllocationObjectStatus\")]"}
RESULT: {}
RESULT: {"using":"xpath","value":"//div[contains(@data-kt ,\"splitAllocationObjectStatus\")]"}
COMMAND: POST /session/7ceb2304b37874a72895a7f47f00ffc5/execute/async - {"script":"<script> [1562 bytes]","args":[{"selector":{"controlType":"sap.ui.core.Icon","viewName":"etm.portal.ui.managerequests.view.NewRequest","properties":{"src":{"regex":{"source":"message\\-error"}}},"ancestor":{"controlType":"sap.m.ColumnListItem","viewName":"etm.portal.ui.managerequests.view.NewRequest","bindingPath":{"modelName":"newRequestItems","path":"/RequestItems/0"},"ancestor":{"id":"requestItemsTable","viewName":"etm.portal.ui.managerequests.view.NewRequest"}}},"wdio_ui5_key":"etmportal.ui.managerequests.view.NewRequestsap.ui.core.Icon{\"src\":{\"regex\":{\"source\":\"message\\\\-error\"}}}{\"controlType\":\"sap.m.ColumnListItem\",\"viewName\":\"etm.portal.ui.managerequests.view.NewRequest\",\"bindingPath\":{\"modelName\":\"newRequestItems\",\"path\":\"/RequestItems/0\"},\"ancestor\":{\"id\":\"requestItemsTable\",\"viewName\":\"etm.portal.ui.managerequests.view.NewRequest\"}}"}]}
RESULT: {"script":"<script> [1562 bytes]","args":[{"selector":{"controlType":"sap.ui.core.Icon","viewName":"etm.portal.ui.managerequests.view.NewRequest","properties":{"src":{"regex":{"source":"message\\-error"}}},"ancestor":{"controlType":"sap.m.ColumnListItem","viewName":"etm.portal.ui.managerequests.view.NewRequest","bindingPath":{"modelName":"newRequestItems","path":"/RequestItems/0"},"ancestor":{"id":"requestItemsTable","viewName":"etm.portal.ui.managerequests.view.NewRequest"}}},"wdio_ui5_key":"etmportal.ui.managerequests.view.NewRequestsap.ui.core.Icon{\"src\":{\"regex\":{\"source\":\"message\\\\-error\"}}}{\"controlType\":\"sap.m.ColumnListItem\",\"viewName\":\"etm.portal.ui.managerequests.view.NewRequest\",\"bindingPath\":{\"modelName\":\"newRequestItems\",\"path\":\"/RequestItems/0\"},\"ancestor\":{\"id\":\"requestItemsTable\",\"viewName\":\"etm.portal.ui.managerequests.view.NewRequest\"}}"}]}
RESULT: undefined
COMMAND: POST /session/7ceb2304b37874a72895a7f47f00ffc5/element - {"using":"xpath","value":"//*[@id=\"__status4-__xmlview1--requestItemsTable-0-icon\"]"}
RESULT: {"using":"xpath","value":"//*[@id=\"__status4-__xmlview1--requestItemsTable-0-icon\"]"}
COMMAND: POST /session/7ceb2304b37874a72895a7f47f00ffc5/element/f.A2DC6DB0B92729488FE09C376A5B6DB2.d.189F397747976DFEC7523ADA748D715F.e.5417/click - {}
RESULT: {}
COMMAND: GET /session/7ceb2304b37874a72895a7f47f00ffc5/screenshot - {}
RESULT: {}
COMMAND: POST /session/7ceb2304b37874a72895a7f47f00ffc5/execute/async - {"script":"<script> [1562 bytes]","args":[{"selector":{"id":"costObjectAdminTypeComboBox","viewName":"etm.portal.ui.managerequests.view.NewRequest","searchOpenDialogs":true,"interaction":{"idSuffix":"inner"}},"wdio_ui5_key":"costObjectAdminTypeComboBoxetmportal.ui.managerequests.view.NewRequest"}]}
RESULT: {"script":"<script> [1562 bytes]","args":[{"selector":{"id":"costObjectAdminTypeComboBox","viewName":"etm.portal.ui.managerequests.view.NewRequest","searchOpenDialogs":true,"interaction":{"idSuffix":"inner"}},"wdio_ui5_key":"costObjectAdminTypeComboBoxetmportal.ui.managerequests.view.NewRequest"}]}
RESULT: undefined
COMMAND: POST /session/7ceb2304b37874a72895a7f47f00ffc5/execute/async - {"script":"<script> [776 bytes]","args":[{"enterText":"Cost Center","selector":{"id":"costObjectAdminTypeComboBox","viewName":"etm.portal.ui.managerequests.view.NewRequest","searchOpenDialogs":true,"interaction":{"idSuffix":"inner"}},"clearTextFirst":true,"interactionType":"ENTER_TEXT"}]}
RESULT: {"script":"<script> [776 bytes]","args":[{"enterText":"Cost Center","selector":{"id":"costObjectAdminTypeComboBox","viewName":"etm.portal.ui.managerequests.view.NewRequest","searchOpenDialogs":true,"interaction":{"idSuffix":"inner"}},"clearTextFirst":true,"interactionType":"ENTER_TEXT"}]}
COMMAND: POST /session/7ceb2304b37874a72895a7f47f00ffc5/actions - {"actions":[{"id":"action40","type":"key","parameters":{},"actions":[{"type":"keyDown","value":"î€‡"},{"type":"pause","duration":10},{"type":"keyUp","value":"î€‡"}]}]}
RESULT: {"actions":[{"id":"action40","type":"key","parameters":{},"actions":[{"type":"keyDown","value":"î€‡"},{"type":"pause","duration":10},{"type":"keyUp","value":"î€‡"}]}]}
COMMAND: GET /session/7ceb2304b37874a72895a7f47f00ffc5/screenshot - {}
RESULT: {}
COMMAND: POST /session/7ceb2304b37874a72895a7f47f00ffc5/execute/async - {"script":"<script> [1562 bytes]","args":[{"selector":{"id":"costObjectIdComboBox","viewName":"etm.portal.ui.managerequests.view.NewRequest","searchOpenDialogs":true,"interaction":{"idSuffix":"inner"}},"wdio_ui5_key":"costObjectIdComboBoxetmportal.ui.managerequests.view.NewRequest"}]}
RESULT: {"script":"<script> [1562 bytes]","args":[{"selector":{"id":"costObjectIdComboBox","viewName":"etm.portal.ui.managerequests.view.NewRequest","searchOpenDialogs":true,"interaction":{"idSuffix":"inner"}},"wdio_ui5_key":"costObjectIdComboBoxetmportal.ui.managerequests.view.NewRequest"}]}
RESULT: undefined
COMMAND: POST /session/7ceb2304b37874a72895a7f47f00ffc5/execute/async - {"script":"<script> [776 bytes]","args":[{"enterText":"1001 - 1001","selector":{"id":"costObjectIdComboBox","viewName":"etm.portal.ui.managerequests.view.NewRequest","searchOpenDialogs":true,"interaction":{"idSuffix":"inner"}},"clearTextFirst":true,"interactionType":"ENTER_TEXT"}]}
RESULT: {"script":"<script> [776 bytes]","args":[{"enterText":"1001 - 1001","selector":{"id":"costObjectIdComboBox","viewName":"etm.portal.ui.managerequests.view.NewRequest","searchOpenDialogs":true,"interaction":{"idSuffix":"inner"}},"clearTextFirst":true,"interactionType":"ENTER_TEXT"}]}
COMMAND: POST /session/7ceb2304b37874a72895a7f47f00ffc5/actions - {"actions":[{"id":"action41","type":"key","parameters":{},"actions":[{"type":"keyDown","value":"î€‡"},{"type":"pause","duration":10},{"type":"keyUp","value":"î€‡"}]}]}
RESULT: {"actions":[{"id":"action41","type":"key","parameters":{},"actions":[{"type":"keyDown","value":"î€‡"},{"type":"pause","duration":10},{"type":"keyUp","value":"î€‡"}]}]}
COMMAND: GET /session/7ceb2304b37874a72895a7f47f00ffc5/screenshot - {}
RESULT: {}
COMMAND: POST /session/7ceb2304b37874a72895a7f47f00ffc5/element - {"using":"xpath","value":"(//bdi[(text() = 'Save' or . = 'Save')])[1]"}
RESULT: {"using":"xpath","value":"(//bdi[(text() = 'Save' or . = 'Save')])[1]"}
COMMAND: POST /session/7ceb2304b37874a72895a7f47f00ffc5/element/f.A2DC6DB0B92729488FE09C376A5B6DB2.d.189F397747976DFEC7523ADA748D715F.e.5432/click - {}
RESULT: {}
COMMAND: POST /session/7ceb2304b37874a72895a7f47f00ffc5/execute/async - {"script":"<script> [1562 bytes]","args":[{"selector":{"controlType":"sap.ui.core.Icon","viewName":"etm.portal.ui.managerequests.view.NewRequest","properties":{"src":{"regex":{"source":"message\\-error"}}},"ancestor":{"controlType":"sap.m.ColumnListItem","viewName":"etm.portal.ui.managerequests.view.NewRequest","bindingPath":{"modelName":"newRequestItems","path":"/RequestItems/1"},"ancestor":{"id":"requestItemsTable","viewName":"etm.portal.ui.managerequests.view.NewRequest"}}},"wdio_ui5_key":"etmportal.ui.managerequests.view.NewRequestsap.ui.core.Icon{\"src\":{\"regex\":{\"source\":\"message\\\\-error\"}}}{\"controlType\":\"sap.m.ColumnListItem\",\"viewName\":\"etm.portal.ui.managerequests.view.NewRequest\",\"bindingPath\":{\"modelName\":\"newRequestItems\",\"path\":\"/RequestItems/1\"},\"ancestor\":{\"id\":\"requestItemsTable\",\"viewName\":\"etm.portal.ui.managerequests.view.NewRequest\"}}"}]}
COMMAND: GET /session/7ceb2304b37874a72895a7f47f00ffc5/screenshot - {}
RESULT: {"script":"<script> [1562 bytes]","args":[{"selector":{"controlType":"sap.ui.core.Icon","viewName":"etm.portal.ui.managerequests.view.NewRequest","properties":{"src":{"regex":{"source":"message\\-error"}}},"ancestor":{"controlType":"sap.m.ColumnListItem","viewName":"etm.portal.ui.managerequests.view.NewRequest","bindingPath":{"modelName":"newRequestItems","path":"/RequestItems/1"},"ancestor":{"id":"requestItemsTable","viewName":"etm.portal.ui.managerequests.view.NewRequest"}}},"wdio_ui5_key":"etmportal.ui.managerequests.view.NewRequestsap.ui.core.Icon{\"src\":{\"regex\":{\"source\":\"message\\\\-error\"}}}{\"controlType\":\"sap.m.ColumnListItem\",\"viewName\":\"etm.portal.ui.managerequests.view.NewRequest\",\"bindingPath\":{\"modelName\":\"newRequestItems\",\"path\":\"/RequestItems/1\"},\"ancestor\":{\"id\":\"requestItemsTable\",\"viewName\":\"etm.portal.ui.managerequests.view.NewRequest\"}}"}]}
RESULT: undefined
COMMAND: POST /session/7ceb2304b37874a72895a7f47f00ffc5/element - {"using":"xpath","value":"//*[@id=\"__status4-__xmlview1--requestItemsTable-1-icon\"]"}
RESULT: {}
RESULT: {"using":"xpath","value":"//*[@id=\"__status4-__xmlview1--requestItemsTable-1-icon\"]"}
COMMAND: POST /session/7ceb2304b37874a72895a7f47f00ffc5/element/f.A2DC6DB0B92729488FE09C376A5B6DB2.d.189F397747976DFEC7523ADA748D715F.e.5435/click - {}
RESULT: {}
COMMAND: GET /session/7ceb2304b37874a72895a7f47f00ffc5/screenshot - {}
RESULT: {}
RESULT: undefined
COMMAND: POST /session/7ceb2304b37874a72895a7f47f00ffc5/execute/async - {"script":"<script> [776 bytes]","args":[{"enterText":"Cost Center","selector":{"id":"costObjectAdminTypeComboBox","viewName":"etm.portal.ui.managerequests.view.NewRequest","searchOpenDialogs":true,"interaction":{"idSuffix":"inner"}},"clearTextFirst":true,"interactionType":"ENTER_TEXT"}]}
RESULT: {"script":"<script> [776 bytes]","args":[{"enterText":"Cost Center","selector":{"id":"costObjectAdminTypeComboBox","viewName":"etm.portal.ui.managerequests.view.NewRequest","searchOpenDialogs":true,"interaction":{"idSuffix":"inner"}},"clearTextFirst":true,"interactionType":"ENTER_TEXT"}]}
COMMAND: POST /session/7ceb2304b37874a72895a7f47f00ffc5/actions - {"actions":[{"id":"action42","type":"key","parameters":{},"actions":[{"type":"keyDown","value":"î€‡"},{"type":"pause","duration":10},{"type":"keyUp","value":"î€‡"}]}]}
RESULT: {"actions":[{"id":"action42","type":"key","parameters":{},"actions":[{"type":"keyDown","value":"î€‡"},{"type":"pause","duration":10},{"type":"keyUp","value":"î€‡"}]}]}
COMMAND: GET /session/7ceb2304b37874a72895a7f47f00ffc5/screenshot - {}
RESULT: {}
RESULT: undefined
COMMAND: POST /session/7ceb2304b37874a72895a7f47f00ffc5/execute/async - {"script":"<script> [776 bytes]","args":[{"enterText":"1001 - 1001","selector":{"id":"costObjectIdComboBox","viewName":"etm.portal.ui.managerequests.view.NewRequest","searchOpenDialogs":true,"interaction":{"idSuffix":"inner"}},"clearTextFirst":true,"interactionType":"ENTER_TEXT"}]}
RESULT: {"script":"<script> [776 bytes]","args":[{"enterText":"1001 - 1001","selector":{"id":"costObjectIdComboBox","viewName":"etm.portal.ui.managerequests.view.NewRequest","searchOpenDialogs":true,"interaction":{"idSuffix":"inner"}},"clearTextFirst":true,"interactionType":"ENTER_TEXT"}]}
COMMAND: POST /session/7ceb2304b37874a72895a7f47f00ffc5/actions - {"actions":[{"id":"action43","type":"key","parameters":{},"actions":[{"type":"keyDown","value":"î€‡"},{"type":"pause","duration":10},{"type":"keyUp","value":"î€‡"}]}]}
RESULT: {"actions":[{"id":"action43","type":"key","parameters":{},"actions":[{"type":"keyDown","value":"î€‡"},{"type":"pause","duration":10},{"type":"keyUp","value":"î€‡"}]}]}
COMMAND: GET /session/7ceb2304b37874a72895a7f47f00ffc5/screenshot - {}
RESULT: {}
COMMAND: POST /session/7ceb2304b37874a72895a7f47f00ffc5/element - {"using":"xpath","value":"(//bdi[(text() = 'Save' or . = 'Save')])[1]"}
RESULT: {"using":"xpath","value":"(//bdi[(text() = 'Save' or . = 'Save')])[1]"}
COMMAND: POST /session/7ceb2304b37874a72895a7f47f00ffc5/element/f.A2DC6DB0B92729488FE09C376A5B6DB2.d.189F397747976DFEC7523ADA748D715F.e.5447/click - {}
RESULT: {}
COMMAND: GET /session/7ceb2304b37874a72895a7f47f00ffc5/screenshot - {}
RESULT: {}
COMMAND: POST /session/7ceb2304b37874a72895a7f47f00ffc5/execute/async - {"script":"<script> [1562 bytes]","args":[{"selector":{"controlType":"sap.m.Button","viewName":"etm.portal.ui.managerequests.view.NewRequest","bindingPath":{"path":"/RequestItems/0","propertyPath":"PICK_UP","modelName":"newRequestItems"},"interaction":{"idSuffix":"BDI-content"}},"wdio_ui5_key":"etmportal.ui.managerequests.view.NewRequestsap.m.Button{\"path\":\"/RequestItems/0\",\"propertyPath\":\"PICK_UP\",\"modelName\":\"newRequestItems\"}"}]}
RESULT: {"script":"<script> [1562 bytes]","args":[{"selector":{"controlType":"sap.m.Button","viewName":"etm.portal.ui.managerequests.view.NewRequest","bindingPath":{"path":"/RequestItems/0","propertyPath":"PICK_UP","modelName":"newRequestItems"},"interaction":{"idSuffix":"BDI-content"}},"wdio_ui5_key":"etmportal.ui.managerequests.view.NewRequestsap.m.Button{\"path\":\"/RequestItems/0\",\"propertyPath\":\"PICK_UP\",\"modelName\":\"newRequestItems\"}"}]}
RESULT: undefined
COMMAND: POST /session/7ceb2304b37874a72895a7f47f00ffc5/element - {"using":"xpath","value":"//*[@id=\"__xmlview1--pickUpItemButton-__xmlview1--requestItemsTable-0\"]"}
RESULT: {"using":"xpath","value":"//*[@id=\"__xmlview1--pickUpItemButton-__xmlview1--requestItemsTable-0\"]"}
COMMAND: POST /session/7ceb2304b37874a72895a7f47f00ffc5/element/f.A2DC6DB0B92729488FE09C376A5B6DB2.d.189F397747976DFEC7523ADA748D715F.e.5451/click - {}
RESULT: {}
COMMAND: GET /session/7ceb2304b37874a72895a7f47f00ffc5/screenshot - {}
RESULT: {}
COMMAND: POST /session/7ceb2304b37874a72895a7f47f00ffc5/execute/async - {"script":"<script> [1562 bytes]","args":[{"selector":{"controlType":"sap.m.Button","viewName":"etm.portal.ui.managerequests.view.NewRequest","properties":{"text":"Save"},"i18NText":{"propertyName":"tooltip","key":"save"},"interaction":{"idSuffix":"BDI-content"}},"wdio_ui5_key":"etmportal.ui.managerequests.view.NewRequestsap.m.Button{\"propertyName\":\"tooltip\",\"key\":\"save\"}{\"text\":\"Save\"}"}]}
RESULT: {"script":"<script> [1562 bytes]","args":[{"selector":{"controlType":"sap.m.Button","viewName":"etm.portal.ui.managerequests.view.NewRequest","properties":{"text":"Save"},"i18NText":{"propertyName":"tooltip","key":"save"},"interaction":{"idSuffix":"BDI-content"}},"wdio_ui5_key":"etmportal.ui.managerequests.view.NewRequestsap.m.Button{\"propertyName\":\"tooltip\",\"key\":\"save\"}{\"text\":\"Save\"}"}]}
RESULT: undefined
COMMAND: POST /session/7ceb2304b37874a72895a7f47f00ffc5/element - {"using":"xpath","value":"//*[@id=\"__button11\"]"}
RESULT: {"using":"xpath","value":"//*[@id=\"__button11\"]"}
COMMAND: POST /session/7ceb2304b37874a72895a7f47f00ffc5/element/f.A2DC6DB0B92729488FE09C376A5B6DB2.d.189F397747976DFEC7523ADA748D715F.e.5288/click - {}
RESULT: {}
COMMAND: GET /session/7ceb2304b37874a72895a7f47f00ffc5/screenshot - {}
RESULT: {}
COMMAND: POST /session/7ceb2304b37874a72895a7f47f00ffc5/execute/async - {"script":"<script> [1562 bytes]","args":[{"selector":{"controlType":"sap.m.Text","searchOpenDialogs":true},"wdio_ui5_key":"sapm.Text"}]}
RESULT: {"script":"<script> [1562 bytes]","args":[{"selector":{"controlType":"sap.m.Text","searchOpenDialogs":true},"wdio_ui5_key":"sapm.Text"}]}
RESULT: undefined
COMMAND: POST /session/7ceb2304b37874a72895a7f47f00ffc5/execute/async - {"script":"<script> [6424 bytes]","args":[{"element-6066-11e4-a52e-4f735466cecf":"f.A2DC6DB0B92729488FE09C376A5B6DB2.d.189F397747976DFEC7523ADA748D715F.e.5455"},"getText",[]]}
RESULT: {"script":"<script> [6424 bytes]","args":[{"element-6066-11e4-a52e-4f735466cecf":"f.A2DC6DB0B92729488FE09C376A5B6DB2.d.189F397747976DFEC7523ADA748D715F.e.5455"},"getText",[]]}
COMMAND: POST /session/7ceb2304b37874a72895a7f47f00ffc5/execute/async - {"script":"<script> [1562 bytes]","args":[{"selector":{"controlType":"sap.m.Button","properties":{"text":"Close"},"searchOpenDialogs":true,"interaction":{"idSuffix":"BDI-content"}},"wdio_ui5_key":"sapm.Button{\"text\":\"Close\"}"}]}
RESULT: {"script":"<script> [1562 bytes]","args":[{"selector":{"controlType":"sap.m.Button","properties":{"text":"Close"},"searchOpenDialogs":true,"interaction":{"idSuffix":"BDI-content"}},"wdio_ui5_key":"sapm.Button{\"text\":\"Close\"}"}]}
RESULT: undefined
COMMAND: POST /session/7ceb2304b37874a72895a7f47f00ffc5/element - {"using":"xpath","value":"//*[@id=\"__mbox-btn-0\"]"}
RESULT: {"using":"xpath","value":"//*[@id=\"__mbox-btn-0\"]"}
COMMAND: POST /session/7ceb2304b37874a72895a7f47f00ffc5/element/f.A2DC6DB0B92729488FE09C376A5B6DB2.d.189F397747976DFEC7523ADA748D715F.e.5454/click - {}
RESULT: {}
COMMAND: GET /session/7ceb2304b37874a72895a7f47f00ffc5/screenshot - {}
RESULT: {}
COMMAND: POST /session/7ceb2304b37874a72895a7f47f00ffc5/execute/async - {"script":"<script> [1562 bytes]","args":[{"selector":{"controlType":"sap.m.Button","viewName":"etm.portal.ui.managerequests.view.Detail","bindingPath":{"path":"/SmartRequestItemsPlanningBoard(ITEM=10m,REQUEST='20250')","propertyPath":"PICK_UP"}},"wdio_ui5_key":"etmportal.ui.managerequests.view.Detailsap.m.Button{\"path\":\"/SmartRequestItemsPlanningBoard(ITEM=10m,REQUEST='20250')\",\"propertyPath\":\"PICK_UP\"}"}]}
RESULT: {"script":"<script> [1562 bytes]","args":[{"selector":{"controlType":"sap.m.Button","viewName":"etm.portal.ui.managerequests.view.Detail","bindingPath":{"path":"/SmartRequestItemsPlanningBoard(ITEM=10m,REQUEST='20250')","propertyPath":"PICK_UP"}},"wdio_ui5_key":"etmportal.ui.managerequests.view.Detailsap.m.Button{\"path\":\"/SmartRequestItemsPlanningBoard(ITEM=10m,REQUEST='20250')\",\"propertyPath\":\"PICK_UP\"}"}]}
RESULT: undefined
COMMAND: POST /session/7ceb2304b37874a72895a7f47f00ffc5/execute/async - {"script":"<script> [6424 bytes]","args":[{"element-6066-11e4-a52e-4f735466cecf":"f.A2DC6DB0B92729488FE09C376A5B6DB2.d.189F397747976DFEC7523ADA748D715F.e.5561"},"getType",[]]}
RESULT: {"script":"<script> [6424 bytes]","args":[{"element-6066-11e4-a52e-4f735466cecf":"f.A2DC6DB0B92729488FE09C376A5B6DB2.d.189F397747976DFEC7523ADA748D715F.e.5561"},"getType",[]]}
COMMAND: POST /session/7ceb2304b37874a72895a7f47f00ffc5/execute/async - {"script":"<script> [1562 bytes]","args":[{"selector":{"controlType":"sap.m.Button","viewName":"etm.portal.ui.managerequests.view.Detail","bindingPath":{"path":"/SmartRequestItemsPlanningBoard(ITEM=20m,REQUEST='20250')","propertyPath":"PICK_UP"}},"wdio_ui5_key":"etmportal.ui.managerequests.view.Detailsap.m.Button{\"path\":\"/SmartRequestItemsPlanningBoard(ITEM=20m,REQUEST='20250')\",\"propertyPath\":\"PICK_UP\"}"}]}
RESULT: {"script":"<script> [1562 bytes]","args":[{"selector":{"controlType":"sap.m.Button","viewName":"etm.portal.ui.managerequests.view.Detail","bindingPath":{"path":"/SmartRequestItemsPlanningBoard(ITEM=20m,REQUEST='20250')","propertyPath":"PICK_UP"}},"wdio_ui5_key":"etmportal.ui.managerequests.view.Detailsap.m.Button{\"path\":\"/SmartRequestItemsPlanningBoard(ITEM=20m,REQUEST='20250')\",\"propertyPath\":\"PICK_UP\"}"}]}
RESULT: undefined
COMMAND: POST /session/7ceb2304b37874a72895a7f47f00ffc5/execute/async - {"script":"<script> [6424 bytes]","args":[{"element-6066-11e4-a52e-4f735466cecf":"f.A2DC6DB0B92729488FE09C376A5B6DB2.d.189F397747976DFEC7523ADA748D715F.e.5592"},"getType",[]]}
RESULT: {"script":"<script> [6424 bytes]","args":[{"element-6066-11e4-a52e-4f735466cecf":"f.A2DC6DB0B92729488FE09C376A5B6DB2.d.189F397747976DFEC7523ADA748D715F.e.5592"},"getType",[]]}
COMMAND: POST /session/7ceb2304b37874a72895a7f47f00ffc5/execute/async - {"script":"<script> [1562 bytes]","args":[{"selector":{"id":"pickUpSwitchHeader","viewName":"etm.portal.ui.managerequests.view.Detail","interaction":{"idSuffix":"handle"}},"wdio_ui5_key":"pickUpSwitchHeaderetmportal.ui.managerequests.view.Detail"}]}
RESULT: {"script":"<script> [1562 bytes]","args":[{"selector":{"id":"pickUpSwitchHeader","viewName":"etm.portal.ui.managerequests.view.Detail","interaction":{"idSuffix":"handle"}},"wdio_ui5_key":"pickUpSwitchHeaderetmportal.ui.managerequests.view.Detail"}]}
RESULT: undefined
COMMAND: POST /session/7ceb2304b37874a72895a7f47f00ffc5/element - {"using":"xpath","value":"//*[@id=\"__xmlview2--pickUpSwitchHeader\"]"}
RESULT: {"using":"xpath","value":"//*[@id=\"__xmlview2--pickUpSwitchHeader\"]"}
COMMAND: POST /session/7ceb2304b37874a72895a7f47f00ffc5/element/f.A2DC6DB0B92729488FE09C376A5B6DB2.d.189F397747976DFEC7523ADA748D715F.e.5533/click - {}
RESULT: {}
COMMAND: POST /session/7ceb2304b37874a72895a7f47f00ffc5/execute/async - {"script":"<script> [1562 bytes]","args":[{"selector":{"controlType":"sap.ui.core.Icon","viewName":"etm.portal.ui.managerequests.view.Detail","properties":{"src":{"regex":{"source":"pushpin\\-off"}}}},"wdio_ui5_key":"etmportal.ui.managerequests.view.Detailsap.ui.core.Icon{\"src\":{\"regex\":{\"source\":\"pushpin\\\\-off\"}}}"}]}
COMMAND: GET /session/7ceb2304b37874a72895a7f47f00ffc5/screenshot - {}
RESULT: {}
RESULT: {"script":"<script> [1562 bytes]","args":[{"selector":{"controlType":"sap.ui.core.Icon","viewName":"etm.portal.ui.managerequests.view.Detail","properties":{"src":{"regex":{"source":"pushpin\\-off"}}}},"wdio_ui5_key":"etmportal.ui.managerequests.view.Detailsap.ui.core.Icon{\"src\":{\"regex\":{\"source\":\"pushpin\\\\-off\"}}}"}]}
RESULT: undefined
COMMAND: POST /session/7ceb2304b37874a72895a7f47f00ffc5/element - {"using":"xpath","value":"//*[@id=\"__xmlview2--detailRequestPage-OPHeaderContent-pinBtn-img\"]"}
RESULT: {"using":"xpath","value":"//*[@id=\"__xmlview2--detailRequestPage-OPHeaderContent-pinBtn-img\"]"}
COMMAND: POST /session/7ceb2304b37874a72895a7f47f00ffc5/element/f.A2DC6DB0B92729488FE09C376A5B6DB2.d.189F397747976DFEC7523ADA748D715F.e.5541/click - {}
RESULT: {}
RESULT: undefined
COMMAND: POST /session/7ceb2304b37874a72895a7f47f00ffc5/execute/async - {"script":"<script> [6424 bytes]","args":[{"element-6066-11e4-a52e-4f735466cecf":"f.A2DC6DB0B92729488FE09C376A5B6DB2.d.189F397747976DFEC7523ADA748D715F.e.5561"},"getType",[]]}
COMMAND: GET /session/7ceb2304b37874a72895a7f47f00ffc5/screenshot - {}
RESULT: {"script":"<script> [6424 bytes]","args":[{"element-6066-11e4-a52e-4f735466cecf":"f.A2DC6DB0B92729488FE09C376A5B6DB2.d.189F397747976DFEC7523ADA748D715F.e.5561"},"getType",[]]}
RESULT: undefined
COMMAND: POST /session/7ceb2304b37874a72895a7f47f00ffc5/execute/async - {"script":"<script> [6424 bytes]","args":[{"element-6066-11e4-a52e-4f735466cecf":"f.A2DC6DB0B92729488FE09C376A5B6DB2.d.189F397747976DFEC7523ADA748D715F.e.5592"},"getType",[]]}
RESULT: {}
RESULT: {"script":"<script> [6424 bytes]","args":[{"element-6066-11e4-a52e-4f735466cecf":"f.A2DC6DB0B92729488FE09C376A5B6DB2.d.189F397747976DFEC7523ADA748D715F.e.5592"},"getType",[]]}
COMMAND: POST /session/7ceb2304b37874a72895a7f47f00ffc5/execute/async - {"script":"<script> [1562 bytes]","args":[{"selector":{"controlType":"sap.ui.core.Icon","viewName":"etm.portal.ui.managerequests.view.Detail","properties":{"src":{"regex":{"source":"date\\-time"}}},"ancestor":{"controlType":"sap.m.ColumnListItem","viewName":"etm.portal.ui.managerequests.view.Detail","bindingPath":{"path":"/SmartRequestItemsPlanningBoard(ITEM=10m,REQUEST='20250')"},"ancestor":{"id":"requestItemsTable","viewName":"etm.portal.ui.managerequests.view.Detail"}}},"wdio_ui5_key":"etmportal.ui.managerequests.view.Detailsap.ui.core.Icon{\"src\":{\"regex\":{\"source\":\"date\\\\-time\"}}}{\"controlType\":\"sap.m.ColumnListItem\",\"viewName\":\"etm.portal.ui.managerequests.view.Detail\",\"bindingPath\":{\"path\":\"/SmartRequestItemsPlanningBoard(ITEM=10m,REQUEST='20250')\"},\"ancestor\":{\"id\":\"requestItemsTable\",\"viewName\":\"etm.portal.ui.managerequests.view.Detail\"}}"}]}
RESULT: {"script":"<script> [1562 bytes]","args":[{"selector":{"controlType":"sap.ui.core.Icon","viewName":"etm.portal.ui.managerequests.view.Detail","properties":{"src":{"regex":{"source":"date\\-time"}}},"ancestor":{"controlType":"sap.m.ColumnListItem","viewName":"etm.portal.ui.managerequests.view.Detail","bindingPath":{"path":"/SmartRequestItemsPlanningBoard(ITEM=10m,REQUEST='20250')"},"ancestor":{"id":"requestItemsTable","viewName":"etm.portal.ui.managerequests.view.Detail"}}},"wdio_ui5_key":"etmportal.ui.managerequests.view.Detailsap.ui.core.Icon{\"src\":{\"regex\":{\"source\":\"date\\\\-time\"}}}{\"controlType\":\"sap.m.ColumnListItem\",\"viewName\":\"etm.portal.ui.managerequests.view.Detail\",\"bindingPath\":{\"path\":\"/SmartRequestItemsPlanningBoard(ITEM=10m,REQUEST='20250')\"},\"ancestor\":{\"id\":\"requestItemsTable\",\"viewName\":\"etm.portal.ui.managerequests.view.Detail\"}}"}]}
RESULT: undefined
COMMAND: POST /session/7ceb2304b37874a72895a7f47f00ffc5/element - {"using":"xpath","value":"//*[@id=\"__button39-__clone1925-img\"]"}
RESULT: {"using":"xpath","value":"//*[@id=\"__button39-__clone1925-img\"]"}
COMMAND: POST /session/7ceb2304b37874a72895a7f47f00ffc5/element/f.A2DC6DB0B92729488FE09C376A5B6DB2.d.189F397747976DFEC7523ADA748D715F.e.5600/click - {}
RESULT: {}
COMMAND: POST /session/7ceb2304b37874a72895a7f47f00ffc5/execute/async - {"script":"<script> [1562 bytes]","args":[{"selector":{"controlType":"sap.m.Button","viewName":"etm.portal.ui.managerequests.view.Detail","properties":{"text":"Close"},"searchOpenDialogs":true,"interaction":{"idSuffix":"inner"}},"wdio_ui5_key":"etmportal.ui.managerequests.view.Detailsap.m.Button{\"text\":\"Close\"}"}]}
COMMAND: GET /session/7ceb2304b37874a72895a7f47f00ffc5/screenshot - {}
RESULT: {"script":"<script> [1562 bytes]","args":[{"selector":{"controlType":"sap.m.Button","viewName":"etm.portal.ui.managerequests.view.Detail","properties":{"text":"Close"},"searchOpenDialogs":true,"interaction":{"idSuffix":"inner"}},"wdio_ui5_key":"etmportal.ui.managerequests.view.Detailsap.m.Button{\"text\":\"Close\"}"}]}
RESULT: undefined
COMMAND: POST /session/7ceb2304b37874a72895a7f47f00ffc5/element - {"using":"xpath","value":"//*[@id=\"__button49\"]"}
RESULT: {}
RESULT: {"using":"xpath","value":"//*[@id=\"__button49\"]"}
COMMAND: POST /session/7ceb2304b37874a72895a7f47f00ffc5/element/f.A2DC6DB0B92729488FE09C376A5B6DB2.d.189F397747976DFEC7523ADA748D715F.e.5602/click - {}
RESULT: {}
COMMAND: POST /session/7ceb2304b37874a72895a7f47f00ffc5/execute/async - {"script":"<script> [1562 bytes]","args":[{"selector":{"controlType":"sap.ui.core.Icon","viewName":"etm.portal.ui.managerequests.view.Detail","properties":{"src":{"regex":{"source":"date\\-time"}}},"ancestor":{"controlType":"sap.m.ColumnListItem","viewName":"etm.portal.ui.managerequests.view.Detail","bindingPath":{"path":"/SmartRequestItemsPlanningBoard(ITEM=20m,REQUEST='20250')"},"ancestor":{"id":"requestItemsTable","viewName":"etm.portal.ui.managerequests.view.Detail"}}},"wdio_ui5_key":"etmportal.ui.managerequests.view.Detailsap.ui.core.Icon{\"src\":{\"regex\":{\"source\":\"date\\\\-time\"}}}{\"controlType\":\"sap.m.ColumnListItem\",\"viewName\":\"etm.portal.ui.managerequests.view.Detail\",\"bindingPath\":{\"path\":\"/SmartRequestItemsPlanningBoard(ITEM=20m,REQUEST='20250')\"},\"ancestor\":{\"id\":\"requestItemsTable\",\"viewName\":\"etm.portal.ui.managerequests.view.Detail\"}}"}]}
COMMAND: GET /session/7ceb2304b37874a72895a7f47f00ffc5/screenshot - {}
RESULT: {"script":"<script> [1562 bytes]","args":[{"selector":{"controlType":"sap.ui.core.Icon","viewName":"etm.portal.ui.managerequests.view.Detail","properties":{"src":{"regex":{"source":"date\\-time"}}},"ancestor":{"controlType":"sap.m.ColumnListItem","viewName":"etm.portal.ui.managerequests.view.Detail","bindingPath":{"path":"/SmartRequestItemsPlanningBoard(ITEM=20m,REQUEST='20250')"},"ancestor":{"id":"requestItemsTable","viewName":"etm.portal.ui.managerequests.view.Detail"}}},"wdio_ui5_key":"etmportal.ui.managerequests.view.Detailsap.ui.core.Icon{\"src\":{\"regex\":{\"source\":\"date\\\\-time\"}}}{\"controlType\":\"sap.m.ColumnListItem\",\"viewName\":\"etm.portal.ui.managerequests.view.Detail\",\"bindingPath\":{\"path\":\"/SmartRequestItemsPlanningBoard(ITEM=20m,REQUEST='20250')\"},\"ancestor\":{\"id\":\"requestItemsTable\",\"viewName\":\"etm.portal.ui.managerequests.view.Detail\"}}"}]}
RESULT: undefined
COMMAND: POST /session/7ceb2304b37874a72895a7f47f00ffc5/element - {"using":"xpath","value":"//*[@id=\"__button39-__clone1926-img\"]"}
RESULT: {}
RESULT: {"using":"xpath","value":"//*[@id=\"__button39-__clone1926-img\"]"}
COMMAND: POST /session/7ceb2304b37874a72895a7f47f00ffc5/element/f.A2DC6DB0B92729488FE09C376A5B6DB2.d.189F397747976DFEC7523ADA748D715F.e.5609/click - {}
RESULT: {}
RESULT: undefined
COMMAND: POST /session/7ceb2304b37874a72895a7f47f00ffc5/element - {"using":"xpath","value":"//*[@id=\"__button49\"]"}
COMMAND: GET /session/7ceb2304b37874a72895a7f47f00ffc5/screenshot - {}
RESULT: {"using":"xpath","value":"//*[@id=\"__button49\"]"}
COMMAND: POST /session/7ceb2304b37874a72895a7f47f00ffc5/elements - {"using":"xpath","value":"//*[@id=\"__button49\"]"}
RESULT: {}
RESULT: {"using":"xpath","value":"//*[@id=\"__button49\"]"}
COMMAND: POST /session/7ceb2304b37874a72895a7f47f00ffc5/element - {"using":"xpath","value":"//*[@id=\"__button49\"]"}
RESULT: {"using":"xpath","value":"//*[@id=\"__button49\"]"}
COMMAND: POST /session/7ceb2304b37874a72895a7f47f00ffc5/element/f.A2DC6DB0B92729488FE09C376A5B6DB2.d.189F397747976DFEC7523ADA748D715F.e.5616/click - {}
RESULT: {}
COMMAND: POST /session/7ceb2304b37874a72895a7f47f00ffc5/execute/async - {"script":"<script> [189 bytes]","args":[]}
COMMAND: GET /session/7ceb2304b37874a72895a7f47f00ffc5/screenshot - {}
RESULT: {"script":"<script> [189 bytes]","args":[]}
COMMAND: POST /session/7ceb2304b37874a72895a7f47f00ffc5/execute/async - {"script":"<script> [123 bytes]","args":[]}
RESULT: {}
RESULT: {"script":"<script> [123 bytes]","args":[]}
COMMAND: POST /session/7ceb2304b37874a72895a7f47f00ffc5/timeouts - {"script":"<number>"}
RESULT: {"script":"<number>"}
COMMAND: GET /session/7ceb2304b37874a72895a7f47f00ffc5/timeouts - {}
RESULT: {}
RESULT: undefined
COMMAND: POST /session/7ceb2304b37874a72895a7f47f00ffc5/execute/async - {"script":"<script> [2676 bytes]","args":[]}
RESULT: {"script":"<script> [2676 bytes]","args":[]}
COMMAND: POST /session/7ceb2304b37874a72895a7f47f00ffc5/execute/async - {"script":"<script> [2342 bytes]","args":[{"protocol":"http","hostname":"0.0.0.0","path":"/","capabilities":{"browserName":"chrome","goog:chromeOptions":{"binary":"C:\\Program Files\\Google\\Chrome\\Application\\chrome.exe","args":["--start-maximized"]}},"logLevel":"warn","connectionRetryTimeout":120000,"connectionRetryCount":3,"logLevels":{},"enableDirectConnect":true,"strictSSL":true,"_":"65 more keys: [\"cacheDir\",\"port\",\"requestedCapabilities\",\"automationProtocol\",\"baseUrl\",\"waitforInterval\",\"waitforTimeout\",\"onReload\",\"beforeCommand\",\"afterCommand\",\"rootDir\",\"specs\",\"suites\",\"exclude\",\"groupLogsByTestSpec\",\"excludeDriverLogs\",\"bail\",\"framework\",\"reporters\",\"services\",\"maxInstances\",\"maxInstancesPerCapability\",\"injectGlobals\",\"filesToWatch\",\"execArgv\",\"runnerEnv\",\"runner\",\"shard\",\"specFileRetries\",\"specFileRetriesDelay\",\"specFileRetriesDeferred\",\"reporterSyncInterval\",\"reporterSyncTimeout\",\"cucumberFeaturesWithLineNumbers\",\"autoCompileOpts\",\"mochaOpts\",\"jasmineOpts\",\"cucumberOpts\",\"onPrepare\",\"onWorkerStart\",\"onWorkerEnd\",\"before\",\"beforeSession\",\"beforeSuite\",\"beforeHook\",\"beforeTest\",\"afterTest\",\"afterHook\",\"afterSuite\",\"afterSession\",\"after\",\"onComplete\",\"beforeAssertion\",\"afterAssertion\",\"beforeFeature\",\"beforeScenario\",\"beforeStep\",\"afterStep\",\"afterScenario\",\"afterFeature\",\"_\",\"suite\",\"$0\",\"ignoredWorkerServices\",\"wdi5\"]"}]}
RESULT: {"script":"<script> [2342 bytes]","args":[{"protocol":"http","hostname":"0.0.0.0","path":"/","capabilities":{"browserName":"chrome","goog:chromeOptions":{"binary":"C:\\Program Files\\Google\\Chrome\\Application\\chrome.exe","args":["--start-maximized"]}},"logLevel":"warn","connectionRetryTimeout":120000,"connectionRetryCount":3,"logLevels":{},"enableDirectConnect":true,"strictSSL":true,"_":"65 more keys: [\"cacheDir\",\"port\",\"requestedCapabilities\",\"automationProtocol\",\"baseUrl\",\"waitforInterval\",\"waitforTimeout\",\"onReload\",\"beforeCommand\",\"afterCommand\",\"rootDir\",\"specs\",\"suites\",\"exclude\",\"groupLogsByTestSpec\",\"excludeDriverLogs\",\"bail\",\"framework\",\"reporters\",\"services\",\"maxInstances\",\"maxInstancesPerCapability\",\"injectGlobals\",\"filesToWatch\",\"execArgv\",\"runnerEnv\",\"runner\",\"shard\",\"specFileRetries\",\"specFileRetriesDelay\",\"specFileRetriesDeferred\",\"reporterSyncInterval\",\"reporterSyncTimeout\",\"cucumberFeaturesWithLineNumbers\",\"autoCompileOpts\",\"mochaOpts\",\"jasmineOpts\",\"cucumberOpts\",\"onPrepare\",\"onWorkerStart\",\"onWorkerEnd\",\"before\",\"beforeSession\",\"beforeSuite\",\"beforeHook\",\"beforeTest\",\"afterTest\",\"afterHook\",\"afterSuite\",\"afterSession\",\"after\",\"onComplete\",\"beforeAssertion\",\"afterAssertion\",\"beforeFeature\",\"beforeScenario\",\"beforeStep\",\"afterStep\",\"afterScenario\",\"afterFeature\",\"_\",\"suite\",\"$0\",\"ignoredWorkerServices\",\"wdi5\"]"}]}
COMMAND: POST /session/7ceb2304b37874a72895a7f47f00ffc5/execute/async - {"script":"<script> [21126 bytes]","args":[35000]}
RESULT: {"script":"<script> [21126 bytes]","args":[35000]}
COMMAND: POST /session/7ceb2304b37874a72895a7f47f00ffc5/execute/async - {"script":"<script> [1562 bytes]","args":[{"selector":{"controlType":"sap.m.Button","viewName":"etm.portal.ui.managerequests.view.Detail","bindingPath":{"path":"/SmartRequestItemsPlanningBoard(ITEM=10m,REQUEST='20250')","propertyPath":"PICK_UP"}},"wdio_ui5_key":"etmportal.ui.managerequests.view.Detailsap.m.Button{\"path\":\"/SmartRequestItemsPlanningBoard(ITEM=10m,REQUEST='20250')\",\"propertyPath\":\"PICK_UP\"}"}]}
RESULT: {"script":"<script> [1562 bytes]","args":[{"selector":{"controlType":"sap.m.Button","viewName":"etm.portal.ui.managerequests.view.Detail","bindingPath":{"path":"/SmartRequestItemsPlanningBoard(ITEM=10m,REQUEST='20250')","propertyPath":"PICK_UP"}},"wdio_ui5_key":"etmportal.ui.managerequests.view.Detailsap.m.Button{\"path\":\"/SmartRequestItemsPlanningBoard(ITEM=10m,REQUEST='20250')\",\"propertyPath\":\"PICK_UP\"}"}]}
RESULT: undefined
COMMAND: POST /session/7ceb2304b37874a72895a7f47f00ffc5/execute/async - {"script":"<script> [6424 bytes]","args":[{"element-6066-11e4-a52e-4f735466cecf":"f.A2DC6DB0B92729488FE09C376A5B6DB2.d.189F397747976DFEC7523ADA748D715F.e.5561"},"getType",[]]}
RESULT: {"script":"<script> [6424 bytes]","args":[{"element-6066-11e4-a52e-4f735466cecf":"f.A2DC6DB0B92729488FE09C376A5B6DB2.d.189F397747976DFEC7523ADA748D715F.e.5561"},"getType",[]]}
COMMAND: POST /session/7ceb2304b37874a72895a7f47f00ffc5/execute/async - {"script":"<script> [1562 bytes]","args":[{"selector":{"controlType":"sap.m.Button","viewName":"etm.portal.ui.managerequests.view.Detail","bindingPath":{"path":"/SmartRequestItemsPlanningBoard(ITEM=20m,REQUEST='20250')","propertyPath":"PICK_UP"}},"wdio_ui5_key":"etmportal.ui.managerequests.view.Detailsap.m.Button{\"path\":\"/SmartRequestItemsPlanningBoard(ITEM=20m,REQUEST='20250')\",\"propertyPath\":\"PICK_UP\"}"}]}
RESULT: {"script":"<script> [1562 bytes]","args":[{"selector":{"controlType":"sap.m.Button","viewName":"etm.portal.ui.managerequests.view.Detail","bindingPath":{"path":"/SmartRequestItemsPlanningBoard(ITEM=20m,REQUEST='20250')","propertyPath":"PICK_UP"}},"wdio_ui5_key":"etmportal.ui.managerequests.view.Detailsap.m.Button{\"path\":\"/SmartRequestItemsPlanningBoard(ITEM=20m,REQUEST='20250')\",\"propertyPath\":\"PICK_UP\"}"}]}
RESULT: undefined
COMMAND: POST /session/7ceb2304b37874a72895a7f47f00ffc5/execute/async - {"script":"<script> [6424 bytes]","args":[{"element-6066-11e4-a52e-4f735466cecf":"f.A2DC6DB0B92729488FE09C376A5B6DB2.d.189F397747976DFEC7523ADA748D715F.e.5592"},"getType",[]]}
RESULT: {"script":"<script> [6424 bytes]","args":[{"element-6066-11e4-a52e-4f735466cecf":"f.A2DC6DB0B92729488FE09C376A5B6DB2.d.189F397747976DFEC7523ADA748D715F.e.5592"},"getType",[]]}
]]></system-out>
    </testcase>
    <testcase classname="chrome.137_0_7151_56.windows.Manage_request_+_Contract_processing_pick_up_option_US120163_" name="Should Contract processing pick up option" time="135.04">
      <system-out><![CDATA[
COMMAND: POST /session/7ceb2304b37874a72895a7f47f00ffc5/execute/async - {"script":"<script> [1562 bytes]","args":[{"selector":{"id":"requestContractNo","viewName":"etm.portal.ui.managerequests.view.Detail"},"wdio_ui5_key":"requestContractNoetmportal.ui.managerequests.view.Detail"}]}
RESULT: {"script":"<script> [1562 bytes]","args":[{"selector":{"id":"requestContractNo","viewName":"etm.portal.ui.managerequests.view.Detail"},"wdio_ui5_key":"requestContractNoetmportal.ui.managerequests.view.Detail"}]}
RESULT: undefined
COMMAND: POST /session/7ceb2304b37874a72895a7f47f00ffc5/element - {"using":"xpath","value":"//*[@id=\"__xmlview2--requestContractNo\"]"}
RESULT: {"using":"xpath","value":"//*[@id=\"__xmlview2--requestContractNo\"]"}
COMMAND: POST /session/7ceb2304b37874a72895a7f47f00ffc5/element/f.A2DC6DB0B92729488FE09C376A5B6DB2.d.189F397747976DFEC7523ADA748D715F.e.5618/click - {}
RESULT: {}
COMMAND: POST /session/7ceb2304b37874a72895a7f47f00ffc5/execute/async - {"script":"<script> [1562 bytes]","args":[{"selector":{"controlType":"sap.m.Link","viewName":"etm.portal.ui.managerequests.view.Detail","properties":{"text":"Contract Overview"},"searchOpenDialogs":true},"wdio_ui5_key":"etmportal.ui.managerequests.view.Detailsap.m.Link{\"text\":\"Contract Overview\"}"}]}
COMMAND: GET /session/7ceb2304b37874a72895a7f47f00ffc5/screenshot - {}
RESULT: {"script":"<script> [1562 bytes]","args":[{"selector":{"controlType":"sap.m.Link","viewName":"etm.portal.ui.managerequests.view.Detail","properties":{"text":"Contract Overview"},"searchOpenDialogs":true},"wdio_ui5_key":"etmportal.ui.managerequests.view.Detailsap.m.Link{\"text\":\"Contract Overview\"}"}]}
RESULT: undefined
COMMAND: POST /session/7ceb2304b37874a72895a7f47f00ffc5/element - {"using":"xpath","value":"//*[@id=\"__link8\"]"}
RESULT: {}
RESULT: {"using":"xpath","value":"//*[@id=\"__link8\"]"}
COMMAND: POST /session/7ceb2304b37874a72895a7f47f00ffc5/element/f.A2DC6DB0B92729488FE09C376A5B6DB2.d.189F397747976DFEC7523ADA748D715F.e.5620/click - {}
RESULT: {}
COMMAND: GET /session/7ceb2304b37874a72895a7f47f00ffc5/screenshot - {}
RESULT: {}
COMMAND: POST /session/7ceb2304b37874a72895a7f47f00ffc5/element - {"using":"xpath","value":"//div[contains(@id ,\"headerBillingItemsTabFilter-text\")]"}
RESULT: {"using":"xpath","value":"//div[contains(@id ,\"headerBillingItemsTabFilter-text\")]"}
COMMAND: POST /session/7ceb2304b37874a72895a7f47f00ffc5/element/f.A2DC6DB0B92729488FE09C376A5B6DB2.d.189F397747976DFEC7523ADA748D715F.e.5833/click - {}
RESULT: {}
COMMAND: GET /session/7ceb2304b37874a72895a7f47f00ffc5/screenshot - {}
RESULT: {}
COMMAND: POST /session/7ceb2304b37874a72895a7f47f00ffc5/execute/async - {"script":"<script> [1562 bytes]","args":[{"selector":{"id":"addRequestItemBtn","viewName":"etm.portal.ui.managecontracts.view.Detail","interaction":{"idSuffix":"BDI-content"}},"wdio_ui5_key":"addRequestItemBtnetmportal.ui.managecontracts.view.Detail"}]}
RESULT: {"script":"<script> [1562 bytes]","args":[{"selector":{"id":"addRequestItemBtn","viewName":"etm.portal.ui.managecontracts.view.Detail","interaction":{"idSuffix":"BDI-content"}},"wdio_ui5_key":"addRequestItemBtnetmportal.ui.managecontracts.view.Detail"}]}
RESULT: undefined
COMMAND: POST /session/7ceb2304b37874a72895a7f47f00ffc5/element - {"using":"xpath","value":"//*[@id=\"__xmlview4--addRequestItemBtn\"]"}
RESULT: {"using":"xpath","value":"//*[@id=\"__xmlview4--addRequestItemBtn\"]"}
COMMAND: POST /session/7ceb2304b37874a72895a7f47f00ffc5/element/f.A2DC6DB0B92729488FE09C376A5B6DB2.d.189F397747976DFEC7523ADA748D715F.e.5739/click - {}
RESULT: {}
COMMAND: GET /session/7ceb2304b37874a72895a7f47f00ffc5/screenshot - {}
RESULT: {}
COMMAND: POST /session/7ceb2304b37874a72895a7f47f00ffc5/element - {"using":"xpath","value":"//div[contains(@id ,\"popupRequestTable-sa-CbBg\")]"}
RESULT: {"using":"xpath","value":"//div[contains(@id ,\"popupRequestTable-sa-CbBg\")]"}
COMMAND: POST /session/7ceb2304b37874a72895a7f47f00ffc5/element/f.A2DC6DB0B92729488FE09C376A5B6DB2.d.189F397747976DFEC7523ADA748D715F.e.5858/click - {}
RESULT: {}
COMMAND: GET /session/7ceb2304b37874a72895a7f47f00ffc5/screenshot - {}
RESULT: {}
COMMAND: POST /session/7ceb2304b37874a72895a7f47f00ffc5/execute/async - {"script":"<script> [1562 bytes]","args":[{"selector":{"controlType":"sap.m.Button","viewName":"etm.portal.ui.managecontracts.view.Detail","i18NText":{"propertyName":"text","key":"selectionDone"},"searchOpenDialogs":true,"interaction":{"idSuffix":"content"}},"wdio_ui5_key":"etmportal.ui.managecontracts.view.Detailsap.m.Button{\"propertyName\":\"text\",\"key\":\"selectionDone\"}"}]}
RESULT: {"script":"<script> [1562 bytes]","args":[{"selector":{"controlType":"sap.m.Button","viewName":"etm.portal.ui.managecontracts.view.Detail","i18NText":{"propertyName":"text","key":"selectionDone"},"searchOpenDialogs":true,"interaction":{"idSuffix":"content"}},"wdio_ui5_key":"etmportal.ui.managecontracts.view.Detailsap.m.Button{\"propertyName\":\"text\",\"key\":\"selectionDone\"}"}]}
RESULT: undefined
COMMAND: POST /session/7ceb2304b37874a72895a7f47f00ffc5/element - {"using":"xpath","value":"//*[@id=\"__button64\"]"}
RESULT: {"using":"xpath","value":"//*[@id=\"__button64\"]"}
COMMAND: POST /session/7ceb2304b37874a72895a7f47f00ffc5/element/f.A2DC6DB0B92729488FE09C376A5B6DB2.d.189F397747976DFEC7523ADA748D715F.e.5861/click - {}
RESULT: {}
COMMAND: POST /session/7ceb2304b37874a72895a7f47f00ffc5/execute/async - {"script":"<script> [1562 bytes]","args":[{"selector":{"controlType":"sap.m.Button","properties":{"text":"OK"},"searchOpenDialogs":true,"interaction":{"idSuffix":"inner"}},"wdio_ui5_key":"sapm.Button{\"text\":\"OK\"}"}]}
COMMAND: GET /session/7ceb2304b37874a72895a7f47f00ffc5/screenshot - {}
RESULT: {"script":"<script> [1562 bytes]","args":[{"selector":{"controlType":"sap.m.Button","properties":{"text":"OK"},"searchOpenDialogs":true,"interaction":{"idSuffix":"inner"}},"wdio_ui5_key":"sapm.Button{\"text\":\"OK\"}"}]}
RESULT: undefined
COMMAND: POST /session/7ceb2304b37874a72895a7f47f00ffc5/element - {"using":"xpath","value":"//*[@id=\"__mbox-btn-1\"]"}
RESULT: {}
RESULT: {"using":"xpath","value":"//*[@id=\"__mbox-btn-1\"]"}
COMMAND: POST /session/7ceb2304b37874a72895a7f47f00ffc5/element/f.A2DC6DB0B92729488FE09C376A5B6DB2.d.189F397747976DFEC7523ADA748D715F.e.5862/click - {}
RESULT: {}
COMMAND: GET /session/7ceb2304b37874a72895a7f47f00ffc5/screenshot - {}
RESULT: {}
COMMAND: POST /session/7ceb2304b37874a72895a7f47f00ffc5/element - {"using":"xpath","value":"//div[contains(@id ,\"headerBillingItemsTabFilter-text\")]"}
RESULT: {"using":"xpath","value":"//div[contains(@id ,\"headerBillingItemsTabFilter-text\")]"}
COMMAND: POST /session/7ceb2304b37874a72895a7f47f00ffc5/element/f.A2DC6DB0B92729488FE09C376A5B6DB2.d.189F397747976DFEC7523ADA748D715F.e.5833/click - {}
RESULT: {}
COMMAND: GET /session/7ceb2304b37874a72895a7f47f00ffc5/screenshot - {}
RESULT: {}
COMMAND: POST /session/7ceb2304b37874a72895a7f47f00ffc5/element - {"using":"xpath","value":"//button[contains(@data-kt ,\"refreshButton\")]"}
RESULT: {"using":"xpath","value":"//button[contains(@data-kt ,\"refreshButton\")]"}
COMMAND: POST /session/7ceb2304b37874a72895a7f47f00ffc5/element/f.A2DC6DB0B92729488FE09C376A5B6DB2.d.189F397747976DFEC7523ADA748D715F.e.5736/click - {}
RESULT: {}
COMMAND: GET /session/7ceb2304b37874a72895a7f47f00ffc5/screenshot - {}
RESULT: {}
COMMAND: POST /session/7ceb2304b37874a72895a7f47f00ffc5/element - {"using":"xpath","value":"//div[contains(@id ,\"headerBillingItemsTabFilter-text\")]"}
RESULT: {"using":"xpath","value":"//div[contains(@id ,\"headerBillingItemsTabFilter-text\")]"}
COMMAND: POST /session/7ceb2304b37874a72895a7f47f00ffc5/element/f.A2DC6DB0B92729488FE09C376A5B6DB2.d.189F397747976DFEC7523ADA748D715F.e.5833/click - {}
RESULT: {}
COMMAND: GET /session/7ceb2304b37874a72895a7f47f00ffc5/screenshot - {}
RESULT: {}
COMMAND: POST /session/7ceb2304b37874a72895a7f47f00ffc5/execute/async - {"script":"<script> [1562 bytes]","args":[{"selector":{"id":"contractDetailProvideButton","viewName":"etm.portal.ui.managecontracts.view.Detail","interaction":{"idSuffix":"BDI-content"}},"wdio_ui5_key":"contractDetailProvideButtonetmportal.ui.managecontracts.view.Detail"}]}
RESULT: {"script":"<script> [1562 bytes]","args":[{"selector":{"id":"contractDetailProvideButton","viewName":"etm.portal.ui.managecontracts.view.Detail","interaction":{"idSuffix":"BDI-content"}},"wdio_ui5_key":"contractDetailProvideButtonetmportal.ui.managecontracts.view.Detail"}]}
RESULT: undefined
COMMAND: POST /session/7ceb2304b37874a72895a7f47f00ffc5/element - {"using":"xpath","value":"//*[@id=\"__xmlview4--contractDetailProvideButton\"]"}
RESULT: {"using":"xpath","value":"//*[@id=\"__xmlview4--contractDetailProvideButton\"]"}
COMMAND: POST /session/7ceb2304b37874a72895a7f47f00ffc5/element/f.A2DC6DB0B92729488FE09C376A5B6DB2.d.189F397747976DFEC7523ADA748D715F.e.5745/click - {}
RESULT: {}
COMMAND: GET /session/7ceb2304b37874a72895a7f47f00ffc5/screenshot - {}
RESULT: {}
COMMAND: POST /session/7ceb2304b37874a72895a7f47f00ffc5/execute/async - {"script":"<script> [1562 bytes]","args":[{"selector":{"id":"application-managehandovers-display-component---AddNewHO--pickUpCheckbox","interaction":{"idSuffix":"CbBg"}},"wdio_ui5_key":"applicationmanagehandovers-display-component---AddNewHO--pickUpCheckbox"}]}
RESULT: {"script":"<script> [1562 bytes]","args":[{"selector":{"id":"application-managehandovers-display-component---AddNewHO--pickUpCheckbox","interaction":{"idSuffix":"CbBg"}},"wdio_ui5_key":"applicationmanagehandovers-display-component---AddNewHO--pickUpCheckbox"}]}
RESULT: undefined
COMMAND: POST /session/7ceb2304b37874a72895a7f47f00ffc5/element - {"using":"xpath","value":"//*[@id=\"application-managehandovers-display-component---AddNewHO--pickUpCheckbox\"]"}
RESULT: {"using":"xpath","value":"//*[@id=\"application-managehandovers-display-component---AddNewHO--pickUpCheckbox\"]"}
COMMAND: POST /session/7ceb2304b37874a72895a7f47f00ffc5/element/f.A2DC6DB0B92729488FE09C376A5B6DB2.d.189F397747976DFEC7523ADA748D715F.e.6044/click - {}
RESULT: {}
COMMAND: POST /session/7ceb2304b37874a72895a7f47f00ffc5/execute/async - {"script":"<script> [1562 bytes]","args":[{"selector":{"id":"application-managehandovers-display-component---AddNewHO--ObjectPageLayout-anchBar-application-managehandovers-display-component---AddNewHO--section4-anchor","interaction":{"idSuffix":"content"}},"wdio_ui5_key":"applicationmanagehandovers-display-component---AddNewHO--ObjectPageLayout-anchBar-application-managehandovers-display-component---AddNewHO--section4-anchor"}]}
COMMAND: GET /session/7ceb2304b37874a72895a7f47f00ffc5/screenshot - {}
RESULT: {"script":"<script> [1562 bytes]","args":[{"selector":{"id":"application-managehandovers-display-component---AddNewHO--ObjectPageLayout-anchBar-application-managehandovers-display-component---AddNewHO--section4-anchor","interaction":{"idSuffix":"content"}},"wdio_ui5_key":"applicationmanagehandovers-display-component---AddNewHO--ObjectPageLayout-anchBar-application-managehandovers-display-component---AddNewHO--section4-anchor"}]}
RESULT: undefined
COMMAND: POST /session/7ceb2304b37874a72895a7f47f00ffc5/element - {"using":"xpath","value":"//*[@id=\"application-managehandovers-display-component---AddNewHO--ObjectPageLayout-anchBar-application-managehandovers-display-component---AddNewHO--section4-anchor\"]"}
RESULT: {}
RESULT: {"using":"xpath","value":"//*[@id=\"application-managehandovers-display-component---AddNewHO--ObjectPageLayout-anchBar-application-managehandovers-display-component---AddNewHO--section4-anchor\"]"}
COMMAND: POST /session/7ceb2304b37874a72895a7f47f00ffc5/element/f.A2DC6DB0B92729488FE09C376A5B6DB2.d.189F397747976DFEC7523ADA748D715F.e.6048/click - {}
RESULT: {}
COMMAND: POST /session/7ceb2304b37874a72895a7f47f00ffc5/execute/async - {"script":"<script> [1562 bytes]","args":[{"selector":{"controlType":"sap.m.Button","viewName":"etm.portal.ui.managehandovers.view.AddNewHO","viewId":"application-managehandovers-display-component---AddNewHO","i18NText":{"propertyName":"tooltip","key":"addItems"},"interaction":{"idSuffix":"inner"}},"wdio_ui5_key":"etmportal.ui.managehandovers.view.AddNewHOsap.m.Button{\"propertyName\":\"tooltip\",\"key\":\"addItems\"}"}]}
COMMAND: GET /session/7ceb2304b37874a72895a7f47f00ffc5/screenshot - {}
RESULT: {"script":"<script> [1562 bytes]","args":[{"selector":{"controlType":"sap.m.Button","viewName":"etm.portal.ui.managehandovers.view.AddNewHO","viewId":"application-managehandovers-display-component---AddNewHO","i18NText":{"propertyName":"tooltip","key":"addItems"},"interaction":{"idSuffix":"inner"}},"wdio_ui5_key":"etmportal.ui.managehandovers.view.AddNewHOsap.m.Button{\"propertyName\":\"tooltip\",\"key\":\"addItems\"}"}]}
RESULT: undefined
COMMAND: POST /session/7ceb2304b37874a72895a7f47f00ffc5/element - {"using":"xpath","value":"//*[@id=\"__button81\"]"}
RESULT: {}
RESULT: {"using":"xpath","value":"//*[@id=\"__button81\"]"}
COMMAND: POST /session/7ceb2304b37874a72895a7f47f00ffc5/element/f.A2DC6DB0B92729488FE09C376A5B6DB2.d.189F397747976DFEC7523ADA748D715F.e.6052/click - {}
RESULT: {}
COMMAND: POST /session/7ceb2304b37874a72895a7f47f00ffc5/execute/async - {"script":"<script> [1562 bytes]","args":[{"selector":{"id":"application-managehandovers-display-component---AddNewHO--smartTableHOPopup-header","searchOpenDialogs":true},"wdio_ui5_key":"applicationmanagehandovers-display-component---AddNewHO--smartTableHOPopup-header"}]}
COMMAND: GET /session/7ceb2304b37874a72895a7f47f00ffc5/screenshot - {}
RESULT: {"script":"<script> [1562 bytes]","args":[{"selector":{"id":"application-managehandovers-display-component---AddNewHO--smartTableHOPopup-header","searchOpenDialogs":true},"wdio_ui5_key":"applicationmanagehandovers-display-component---AddNewHO--smartTableHOPopup-header"}]}
RESULT: undefined
COMMAND: POST /session/7ceb2304b37874a72895a7f47f00ffc5/execute/async - {"script":"<script> [6424 bytes]","args":[{"element-6066-11e4-a52e-4f735466cecf":"f.A2DC6DB0B92729488FE09C376A5B6DB2.d.189F397747976DFEC7523ADA748D715F.e.6062"},"getText",[]]}
RESULT: {}
RESULT: {"script":"<script> [6424 bytes]","args":[{"element-6066-11e4-a52e-4f735466cecf":"f.A2DC6DB0B92729488FE09C376A5B6DB2.d.189F397747976DFEC7523ADA748D715F.e.6062"},"getText",[]]}
COMMAND: POST /session/7ceb2304b37874a72895a7f47f00ffc5/actions - {"actions":[{"id":"action44","type":"key","parameters":{},"actions":[{"type":"keyDown","value":"î€Œ"},{"type":"pause","duration":10},{"type":"keyUp","value":"î€Œ"}]}]}
RESULT: {"actions":[{"id":"action44","type":"key","parameters":{},"actions":[{"type":"keyDown","value":"î€Œ"},{"type":"pause","duration":10},{"type":"keyUp","value":"î€Œ"}]}]}
COMMAND: GET /session/7ceb2304b37874a72895a7f47f00ffc5/screenshot - {}
RESULT: {}
COMMAND: POST /session/7ceb2304b37874a72895a7f47f00ffc5/execute/async - {"script":"<script> [1562 bytes]","args":[{"selector":{"id":"backBtn"},"wdio_ui5_key":"backBtn"}]}
RESULT: {"script":"<script> [1562 bytes]","args":[{"selector":{"id":"backBtn"},"wdio_ui5_key":"backBtn"}]}
RESULT: undefined
COMMAND: POST /session/7ceb2304b37874a72895a7f47f00ffc5/element - {"using":"xpath","value":"//*[@id=\"backBtn\"]"}
RESULT: {"using":"xpath","value":"//*[@id=\"backBtn\"]"}
COMMAND: POST /session/7ceb2304b37874a72895a7f47f00ffc5/element/f.A2DC6DB0B92729488FE09C376A5B6DB2.d.189F397747976DFEC7523ADA748D715F.e.6064/click - {}
RESULT: {}
COMMAND: GET /session/7ceb2304b37874a72895a7f47f00ffc5/screenshot - {}
COMMAND: POST /session/7ceb2304b37874a72895a7f47f00ffc5/refresh - {}
RESULT: {}
RESULT: {}
COMMAND: GET /session/7ceb2304b37874a72895a7f47f00ffc5/screenshot - {}
RESULT: {}
COMMAND: POST /session/7ceb2304b37874a72895a7f47f00ffc5/execute/async - {"script":"<script> [189 bytes]","args":[]}
RESULT: {"script":"<script> [189 bytes]","args":[]}
COMMAND: POST /session/7ceb2304b37874a72895a7f47f00ffc5/execute/async - {"script":"<script> [123 bytes]","args":[]}
RESULT: {"script":"<script> [123 bytes]","args":[]}
COMMAND: POST /session/7ceb2304b37874a72895a7f47f00ffc5/timeouts - {"script":"<number>"}
RESULT: {"script":"<number>"}
COMMAND: GET /session/7ceb2304b37874a72895a7f47f00ffc5/timeouts - {}
RESULT: {}
RESULT: undefined
COMMAND: POST /session/7ceb2304b37874a72895a7f47f00ffc5/execute/async - {"script":"<script> [2676 bytes]","args":[]}
RESULT: {"script":"<script> [2676 bytes]","args":[]}
COMMAND: POST /session/7ceb2304b37874a72895a7f47f00ffc5/execute/async - {"script":"<script> [2342 bytes]","args":[{"protocol":"http","hostname":"0.0.0.0","path":"/","capabilities":{"browserName":"chrome","goog:chromeOptions":{"binary":"C:\\Program Files\\Google\\Chrome\\Application\\chrome.exe","args":["--start-maximized"]}},"logLevel":"warn","connectionRetryTimeout":120000,"connectionRetryCount":3,"logLevels":{},"enableDirectConnect":true,"strictSSL":true,"_":"65 more keys: [\"cacheDir\",\"port\",\"requestedCapabilities\",\"automationProtocol\",\"baseUrl\",\"waitforInterval\",\"waitforTimeout\",\"onReload\",\"beforeCommand\",\"afterCommand\",\"rootDir\",\"specs\",\"suites\",\"exclude\",\"groupLogsByTestSpec\",\"excludeDriverLogs\",\"bail\",\"framework\",\"reporters\",\"services\",\"maxInstances\",\"maxInstancesPerCapability\",\"injectGlobals\",\"filesToWatch\",\"execArgv\",\"runnerEnv\",\"runner\",\"shard\",\"specFileRetries\",\"specFileRetriesDelay\",\"specFileRetriesDeferred\",\"reporterSyncInterval\",\"reporterSyncTimeout\",\"cucumberFeaturesWithLineNumbers\",\"autoCompileOpts\",\"mochaOpts\",\"jasmineOpts\",\"cucumberOpts\",\"onPrepare\",\"onWorkerStart\",\"onWorkerEnd\",\"before\",\"beforeSession\",\"beforeSuite\",\"beforeHook\",\"beforeTest\",\"afterTest\",\"afterHook\",\"afterSuite\",\"afterSession\",\"after\",\"onComplete\",\"beforeAssertion\",\"afterAssertion\",\"beforeFeature\",\"beforeScenario\",\"beforeStep\",\"afterStep\",\"afterScenario\",\"afterFeature\",\"_\",\"suite\",\"$0\",\"ignoredWorkerServices\",\"wdi5\"]"}]}
RESULT: {"script":"<script> [2342 bytes]","args":[{"protocol":"http","hostname":"0.0.0.0","path":"/","capabilities":{"browserName":"chrome","goog:chromeOptions":{"binary":"C:\\Program Files\\Google\\Chrome\\Application\\chrome.exe","args":["--start-maximized"]}},"logLevel":"warn","connectionRetryTimeout":120000,"connectionRetryCount":3,"logLevels":{},"enableDirectConnect":true,"strictSSL":true,"_":"65 more keys: [\"cacheDir\",\"port\",\"requestedCapabilities\",\"automationProtocol\",\"baseUrl\",\"waitforInterval\",\"waitforTimeout\",\"onReload\",\"beforeCommand\",\"afterCommand\",\"rootDir\",\"specs\",\"suites\",\"exclude\",\"groupLogsByTestSpec\",\"excludeDriverLogs\",\"bail\",\"framework\",\"reporters\",\"services\",\"maxInstances\",\"maxInstancesPerCapability\",\"injectGlobals\",\"filesToWatch\",\"execArgv\",\"runnerEnv\",\"runner\",\"shard\",\"specFileRetries\",\"specFileRetriesDelay\",\"specFileRetriesDeferred\",\"reporterSyncInterval\",\"reporterSyncTimeout\",\"cucumberFeaturesWithLineNumbers\",\"autoCompileOpts\",\"mochaOpts\",\"jasmineOpts\",\"cucumberOpts\",\"onPrepare\",\"onWorkerStart\",\"onWorkerEnd\",\"before\",\"beforeSession\",\"beforeSuite\",\"beforeHook\",\"beforeTest\",\"afterTest\",\"afterHook\",\"afterSuite\",\"afterSession\",\"after\",\"onComplete\",\"beforeAssertion\",\"afterAssertion\",\"beforeFeature\",\"beforeScenario\",\"beforeStep\",\"afterStep\",\"afterScenario\",\"afterFeature\",\"_\",\"suite\",\"$0\",\"ignoredWorkerServices\",\"wdi5\"]"}]}
COMMAND: POST /session/7ceb2304b37874a72895a7f47f00ffc5/execute/async - {"script":"<script> [21126 bytes]","args":[35000]}
RESULT: {"script":"<script> [21126 bytes]","args":[35000]}
COMMAND: POST /session/7ceb2304b37874a72895a7f47f00ffc5/element - {"using":"xpath","value":"//div[contains(@id ,\"headerBillingItemsTabFilter-text\")]"}
RESULT: {"using":"xpath","value":"//div[contains(@id ,\"headerBillingItemsTabFilter-text\")]"}
COMMAND: POST /session/7ceb2304b37874a72895a7f47f00ffc5/element/f.A2DC6DB0B92729488FE09C376A5B6DB2.d.D5EE56BA1D4BFA04C7809797BBAF1D3F.e.6298/click - {}
RESULT: {}
COMMAND: GET /session/7ceb2304b37874a72895a7f47f00ffc5/screenshot - {}
RESULT: {}
COMMAND: POST /session/7ceb2304b37874a72895a7f47f00ffc5/execute/async - {"script":"<script> [1562 bytes]","args":[{"selector":{"id":"revertPlanningBtn","viewName":"etm.portal.ui.managecontracts.view.Detail","interaction":{"idSuffix":"BDI-content"}},"wdio_ui5_key":"revertPlanningBtnetmportal.ui.managecontracts.view.Detail"}]}
RESULT: {"script":"<script> [1562 bytes]","args":[{"selector":{"id":"revertPlanningBtn","viewName":"etm.portal.ui.managecontracts.view.Detail","interaction":{"idSuffix":"BDI-content"}},"wdio_ui5_key":"revertPlanningBtnetmportal.ui.managecontracts.view.Detail"}]}
RESULT: undefined
COMMAND: POST /session/7ceb2304b37874a72895a7f47f00ffc5/element - {"using":"xpath","value":"//*[@id=\"__xmlview1--revertPlanningBtn\"]"}
RESULT: {"using":"xpath","value":"//*[@id=\"__xmlview1--revertPlanningBtn\"]"}
COMMAND: POST /session/7ceb2304b37874a72895a7f47f00ffc5/element/f.A2DC6DB0B92729488FE09C376A5B6DB2.d.D5EE56BA1D4BFA04C7809797BBAF1D3F.e.6202/click - {}
RESULT: {}
COMMAND: GET /session/7ceb2304b37874a72895a7f47f00ffc5/screenshot - {}
RESULT: {}
COMMAND: POST /session/7ceb2304b37874a72895a7f47f00ffc5/actions - {"actions":[{"id":"action45","type":"key","parameters":{},"actions":[{"type":"keyDown","value":"î€‡"},{"type":"pause","duration":10},{"type":"keyUp","value":"î€‡"}]}]}
RESULT: {"actions":[{"id":"action45","type":"key","parameters":{},"actions":[{"type":"keyDown","value":"î€‡"},{"type":"pause","duration":10},{"type":"keyUp","value":"î€‡"}]}]}
COMMAND: GET /session/7ceb2304b37874a72895a7f47f00ffc5/screenshot - {}
RESULT: {}
COMMAND: POST /session/7ceb2304b37874a72895a7f47f00ffc5/element - {"using":"xpath","value":"//div[contains(@id ,\"ProductsTable-sa-CbBg\")]"}
RESULT: {"using":"xpath","value":"//div[contains(@id ,\"ProductsTable-sa-CbBg\")]"}
COMMAND: POST /session/7ceb2304b37874a72895a7f47f00ffc5/element/f.A2DC6DB0B92729488FE09C376A5B6DB2.d.D5EE56BA1D4BFA04C7809797BBAF1D3F.e.6348/click - {}
RESULT: {}
COMMAND: GET /session/7ceb2304b37874a72895a7f47f00ffc5/screenshot - {}
RESULT: {}
COMMAND: POST /session/7ceb2304b37874a72895a7f47f00ffc5/execute/async - {"script":"<script> [1562 bytes]","args":[{"selector":{"id":"executeRevertPlanningBtn","viewName":"etm.portal.ui.managecontracts.view.Detail","interaction":{"idSuffix":"BDI-content"}},"wdio_ui5_key":"executeRevertPlanningBtnetmportal.ui.managecontracts.view.Detail"}]}
RESULT: {"script":"<script> [1562 bytes]","args":[{"selector":{"id":"executeRevertPlanningBtn","viewName":"etm.portal.ui.managecontracts.view.Detail","interaction":{"idSuffix":"BDI-content"}},"wdio_ui5_key":"executeRevertPlanningBtnetmportal.ui.managecontracts.view.Detail"}]}
RESULT: undefined
COMMAND: POST /session/7ceb2304b37874a72895a7f47f00ffc5/element - {"using":"xpath","value":"//*[@id=\"__xmlview1--executeRevertPlanningBtn\"]"}
RESULT: {"using":"xpath","value":"//*[@id=\"__xmlview1--executeRevertPlanningBtn\"]"}
COMMAND: POST /session/7ceb2304b37874a72895a7f47f00ffc5/element/f.A2DC6DB0B92729488FE09C376A5B6DB2.d.D5EE56BA1D4BFA04C7809797BBAF1D3F.e.6347/click - {}
RESULT: {}
COMMAND: GET /session/7ceb2304b37874a72895a7f47f00ffc5/screenshot - {}
RESULT: {}
COMMAND: POST /session/7ceb2304b37874a72895a7f47f00ffc5/actions - {"actions":[{"id":"action46","type":"key","parameters":{},"actions":[{"type":"keyDown","value":"î€‡"},{"type":"pause","duration":10},{"type":"keyUp","value":"î€‡"}]}]}
RESULT: {"actions":[{"id":"action46","type":"key","parameters":{},"actions":[{"type":"keyDown","value":"î€‡"},{"type":"pause","duration":10},{"type":"keyUp","value":"î€‡"}]}]}
COMMAND: POST /session/7ceb2304b37874a72895a7f47f00ffc5/execute/async - {"script":"<script> [1562 bytes]","args":[{"selector":{"id":"backBtn"},"wdio_ui5_key":"backBtn"}]}
COMMAND: GET /session/7ceb2304b37874a72895a7f47f00ffc5/screenshot - {}
RESULT: {"script":"<script> [1562 bytes]","args":[{"selector":{"id":"backBtn"},"wdio_ui5_key":"backBtn"}]}
RESULT: undefined
COMMAND: POST /session/7ceb2304b37874a72895a7f47f00ffc5/element - {"using":"xpath","value":"//*[@id=\"backBtn\"]"}
RESULT: {}
RESULT: {"using":"xpath","value":"//*[@id=\"backBtn\"]"}
COMMAND: POST /session/7ceb2304b37874a72895a7f47f00ffc5/element/f.A2DC6DB0B92729488FE09C376A5B6DB2.d.D5EE56BA1D4BFA04C7809797BBAF1D3F.e.6361/click - {}
RESULT: {}
COMMAND: GET /session/7ceb2304b37874a72895a7f47f00ffc5/screenshot - {}
RESULT: {}
COMMAND: POST /session/7ceb2304b37874a72895a7f47f00ffc5/refresh - {}
RESULT: {}
COMMAND: GET /session/7ceb2304b37874a72895a7f47f00ffc5/screenshot - {}
RESULT: {}
COMMAND: POST /session/7ceb2304b37874a72895a7f47f00ffc5/execute/async - {"script":"<script> [189 bytes]","args":[]}
RESULT: {"script":"<script> [189 bytes]","args":[]}
COMMAND: POST /session/7ceb2304b37874a72895a7f47f00ffc5/execute/async - {"script":"<script> [123 bytes]","args":[]}
RESULT: {"script":"<script> [123 bytes]","args":[]}
COMMAND: POST /session/7ceb2304b37874a72895a7f47f00ffc5/timeouts - {"script":"<number>"}
RESULT: {"script":"<number>"}
COMMAND: GET /session/7ceb2304b37874a72895a7f47f00ffc5/timeouts - {}
RESULT: {}
RESULT: undefined
COMMAND: POST /session/7ceb2304b37874a72895a7f47f00ffc5/execute/async - {"script":"<script> [2676 bytes]","args":[]}
RESULT: {"script":"<script> [2676 bytes]","args":[]}
COMMAND: POST /session/7ceb2304b37874a72895a7f47f00ffc5/execute/async - {"script":"<script> [2342 bytes]","args":[{"protocol":"http","hostname":"0.0.0.0","path":"/","capabilities":{"browserName":"chrome","goog:chromeOptions":{"binary":"C:\\Program Files\\Google\\Chrome\\Application\\chrome.exe","args":["--start-maximized"]}},"logLevel":"warn","connectionRetryTimeout":120000,"connectionRetryCount":3,"logLevels":{},"enableDirectConnect":true,"strictSSL":true,"_":"65 more keys: [\"cacheDir\",\"port\",\"requestedCapabilities\",\"automationProtocol\",\"baseUrl\",\"waitforInterval\",\"waitforTimeout\",\"onReload\",\"beforeCommand\",\"afterCommand\",\"rootDir\",\"specs\",\"suites\",\"exclude\",\"groupLogsByTestSpec\",\"excludeDriverLogs\",\"bail\",\"framework\",\"reporters\",\"services\",\"maxInstances\",\"maxInstancesPerCapability\",\"injectGlobals\",\"filesToWatch\",\"execArgv\",\"runnerEnv\",\"runner\",\"shard\",\"specFileRetries\",\"specFileRetriesDelay\",\"specFileRetriesDeferred\",\"reporterSyncInterval\",\"reporterSyncTimeout\",\"cucumberFeaturesWithLineNumbers\",\"autoCompileOpts\",\"mochaOpts\",\"jasmineOpts\",\"cucumberOpts\",\"onPrepare\",\"onWorkerStart\",\"onWorkerEnd\",\"before\",\"beforeSession\",\"beforeSuite\",\"beforeHook\",\"beforeTest\",\"afterTest\",\"afterHook\",\"afterSuite\",\"afterSession\",\"after\",\"onComplete\",\"beforeAssertion\",\"afterAssertion\",\"beforeFeature\",\"beforeScenario\",\"beforeStep\",\"afterStep\",\"afterScenario\",\"afterFeature\",\"_\",\"suite\",\"$0\",\"ignoredWorkerServices\",\"wdi5\"]"}]}
RESULT: {"script":"<script> [2342 bytes]","args":[{"protocol":"http","hostname":"0.0.0.0","path":"/","capabilities":{"browserName":"chrome","goog:chromeOptions":{"binary":"C:\\Program Files\\Google\\Chrome\\Application\\chrome.exe","args":["--start-maximized"]}},"logLevel":"warn","connectionRetryTimeout":120000,"connectionRetryCount":3,"logLevels":{},"enableDirectConnect":true,"strictSSL":true,"_":"65 more keys: [\"cacheDir\",\"port\",\"requestedCapabilities\",\"automationProtocol\",\"baseUrl\",\"waitforInterval\",\"waitforTimeout\",\"onReload\",\"beforeCommand\",\"afterCommand\",\"rootDir\",\"specs\",\"suites\",\"exclude\",\"groupLogsByTestSpec\",\"excludeDriverLogs\",\"bail\",\"framework\",\"reporters\",\"services\",\"maxInstances\",\"maxInstancesPerCapability\",\"injectGlobals\",\"filesToWatch\",\"execArgv\",\"runnerEnv\",\"runner\",\"shard\",\"specFileRetries\",\"specFileRetriesDelay\",\"specFileRetriesDeferred\",\"reporterSyncInterval\",\"reporterSyncTimeout\",\"cucumberFeaturesWithLineNumbers\",\"autoCompileOpts\",\"mochaOpts\",\"jasmineOpts\",\"cucumberOpts\",\"onPrepare\",\"onWorkerStart\",\"onWorkerEnd\",\"before\",\"beforeSession\",\"beforeSuite\",\"beforeHook\",\"beforeTest\",\"afterTest\",\"afterHook\",\"afterSuite\",\"afterSession\",\"after\",\"onComplete\",\"beforeAssertion\",\"afterAssertion\",\"beforeFeature\",\"beforeScenario\",\"beforeStep\",\"afterStep\",\"afterScenario\",\"afterFeature\",\"_\",\"suite\",\"$0\",\"ignoredWorkerServices\",\"wdi5\"]"}]}
COMMAND: POST /session/7ceb2304b37874a72895a7f47f00ffc5/execute/async - {"script":"<script> [21126 bytes]","args":[35000]}
RESULT: {"script":"<script> [21126 bytes]","args":[35000]}
COMMAND: POST /session/7ceb2304b37874a72895a7f47f00ffc5/execute/async - {"script":"<script> [1562 bytes]","args":[{"selector":{"controlType":"sap.m.ObjectStatus","viewName":"etm.portal.ui.managerequests.view.Detail","bindingPath":{"path":"/RequestHeaders('20250')","propertyPath":"LINK_TO_STATUS/DESCRIPTION","modelName":"catalogModel"}},"wdio_ui5_key":"etmportal.ui.managerequests.view.Detailsap.m.ObjectStatus{\"path\":\"/RequestHeaders('20250')\",\"propertyPath\":\"LINK_TO_STATUS/DESCRIPTION\",\"modelName\":\"catalogModel\"}"}]}
RESULT: {"script":"<script> [1562 bytes]","args":[{"selector":{"controlType":"sap.m.ObjectStatus","viewName":"etm.portal.ui.managerequests.view.Detail","bindingPath":{"path":"/RequestHeaders('20250')","propertyPath":"LINK_TO_STATUS/DESCRIPTION","modelName":"catalogModel"}},"wdio_ui5_key":"etmportal.ui.managerequests.view.Detailsap.m.ObjectStatus{\"path\":\"/RequestHeaders('20250')\",\"propertyPath\":\"LINK_TO_STATUS/DESCRIPTION\",\"modelName\":\"catalogModel\"}"}]}
RESULT: undefined
COMMAND: POST /session/7ceb2304b37874a72895a7f47f00ffc5/execute/async - {"script":"<script> [6424 bytes]","args":[{"element-6066-11e4-a52e-4f735466cecf":"f.A2DC6DB0B92729488FE09C376A5B6DB2.d.E67E9D1B2799A5F42F4A04495AD2F04E.e.6794"},"getText",[]]}
RESULT: {"script":"<script> [6424 bytes]","args":[{"element-6066-11e4-a52e-4f735466cecf":"f.A2DC6DB0B92729488FE09C376A5B6DB2.d.E67E9D1B2799A5F42F4A04495AD2F04E.e.6794"},"getText",[]]}
COMMAND: POST /session/7ceb2304b37874a72895a7f47f00ffc5/execute/async - {"script":"<script> [1562 bytes]","args":[{"selector":{"controlType":"sap.m.Button","viewName":"etm.portal.ui.managerequests.view.Detail","bindingPath":{"path":"/SmartRequestItemsPlanningBoard(ITEM=10m,REQUEST='20250')","propertyPath":"PICK_UP"}},"wdio_ui5_key":"etmportal.ui.managerequests.view.Detailsap.m.Button{\"path\":\"/SmartRequestItemsPlanningBoard(ITEM=10m,REQUEST='20250')\",\"propertyPath\":\"PICK_UP\"}"}]}
RESULT: {"script":"<script> [1562 bytes]","args":[{"selector":{"controlType":"sap.m.Button","viewName":"etm.portal.ui.managerequests.view.Detail","bindingPath":{"path":"/SmartRequestItemsPlanningBoard(ITEM=10m,REQUEST='20250')","propertyPath":"PICK_UP"}},"wdio_ui5_key":"etmportal.ui.managerequests.view.Detailsap.m.Button{\"path\":\"/SmartRequestItemsPlanningBoard(ITEM=10m,REQUEST='20250')\",\"propertyPath\":\"PICK_UP\"}"}]}
RESULT: undefined
COMMAND: POST /session/7ceb2304b37874a72895a7f47f00ffc5/execute/async - {"script":"<script> [6424 bytes]","args":[{"element-6066-11e4-a52e-4f735466cecf":"f.A2DC6DB0B92729488FE09C376A5B6DB2.d.E67E9D1B2799A5F42F4A04495AD2F04E.e.6775"},"getType",[]]}
RESULT: {"script":"<script> [6424 bytes]","args":[{"element-6066-11e4-a52e-4f735466cecf":"f.A2DC6DB0B92729488FE09C376A5B6DB2.d.E67E9D1B2799A5F42F4A04495AD2F04E.e.6775"},"getType",[]]}
COMMAND: POST /session/7ceb2304b37874a72895a7f47f00ffc5/execute/async - {"script":"<script> [1562 bytes]","args":[{"selector":{"controlType":"sap.m.Button","viewName":"etm.portal.ui.managerequests.view.Detail","bindingPath":{"path":"/SmartRequestItemsPlanningBoard(ITEM=20m,REQUEST='20250')","propertyPath":"PICK_UP"}},"wdio_ui5_key":"etmportal.ui.managerequests.view.Detailsap.m.Button{\"path\":\"/SmartRequestItemsPlanningBoard(ITEM=20m,REQUEST='20250')\",\"propertyPath\":\"PICK_UP\"}"}]}
RESULT: {"script":"<script> [1562 bytes]","args":[{"selector":{"controlType":"sap.m.Button","viewName":"etm.portal.ui.managerequests.view.Detail","bindingPath":{"path":"/SmartRequestItemsPlanningBoard(ITEM=20m,REQUEST='20250')","propertyPath":"PICK_UP"}},"wdio_ui5_key":"etmportal.ui.managerequests.view.Detailsap.m.Button{\"path\":\"/SmartRequestItemsPlanningBoard(ITEM=20m,REQUEST='20250')\",\"propertyPath\":\"PICK_UP\"}"}]}
RESULT: undefined
COMMAND: POST /session/7ceb2304b37874a72895a7f47f00ffc5/execute/async - {"script":"<script> [6424 bytes]","args":[{"element-6066-11e4-a52e-4f735466cecf":"f.A2DC6DB0B92729488FE09C376A5B6DB2.d.E67E9D1B2799A5F42F4A04495AD2F04E.e.6795"},"getType",[]]}
RESULT: {"script":"<script> [6424 bytes]","args":[{"element-6066-11e4-a52e-4f735466cecf":"f.A2DC6DB0B92729488FE09C376A5B6DB2.d.E67E9D1B2799A5F42F4A04495AD2F04E.e.6795"},"getType",[]]}
COMMAND: POST /session/7ceb2304b37874a72895a7f47f00ffc5/element - {"using":"css selector","value":"#shell-header-logo"}
RESULT: {"using":"css selector","value":"#shell-header-logo"}
COMMAND: POST /session/7ceb2304b37874a72895a7f47f00ffc5/element/f.A2DC6DB0B92729488FE09C376A5B6DB2.d.E67E9D1B2799A5F42F4A04495AD2F04E.e.6679/click - {}
RESULT: {}
COMMAND: GET /session/7ceb2304b37874a72895a7f47f00ffc5/screenshot - {}
RESULT: {}
COMMAND: POST /session/7ceb2304b37874a72895a7f47f00ffc5/execute/async - {"script":"<script> [1562 bytes]","args":[{"selector":{"controlType":"sap.m.GenericTile","properties":{"header":"Manage Classifications"}},"wdio_ui5_key":"sapm.GenericTile{\"header\":\"Manage Classifications\"}"}]}
RESULT: {"script":"<script> [1562 bytes]","args":[{"selector":{"controlType":"sap.m.GenericTile","properties":{"header":"Manage Classifications"}},"wdio_ui5_key":"sapm.GenericTile{\"header\":\"Manage Classifications\"}"}]}
RESULT: undefined
COMMAND: POST /session/7ceb2304b37874a72895a7f47f00ffc5/element - {"using":"xpath","value":"//*[@id=\"__tile115\"]"}
RESULT: {"using":"xpath","value":"//*[@id=\"__tile115\"]"}
COMMAND: POST /session/7ceb2304b37874a72895a7f47f00ffc5/element/f.A2DC6DB0B92729488FE09C376A5B6DB2.d.E67E9D1B2799A5F42F4A04495AD2F04E.e.6809/click - {}
RESULT: {}
COMMAND: GET /session/7ceb2304b37874a72895a7f47f00ffc5/screenshot - {}
RESULT: {}
COMMAND: POST /session/7ceb2304b37874a72895a7f47f00ffc5/elements - {"using":"xpath","value":"//span[text()='Error']"}
RESULT: {"using":"xpath","value":"//span[text()='Error']"}
]]></system-out>
    </testcase>
  </testsuite>
  <testsuite timestamp="2025-06-04T15:55:51" time="377.503" tests="4" failures="0" errors="0" skipped="0">
    <properties>
      <property name="specId" value="0" />
      <property name="suiteName" value="Manage requests - requests specifications US141095" />
      <property name="capabilities" value="chrome.137_0_7151_56.windows" />
      <property name="file" value="file:///D:/a/1/s/test/specs/R2C/manage-requests-request-specifications.spec.js" />
    </properties>
    <testcase classname="chrome.137_0_7151_56.windows.Manage_requests_-_requests_specifications_US141095" name="Should create a new classification of type request item" time="38.314">
      <system-out><![CDATA[
COMMAND: POST /session/7ceb2304b37874a72895a7f47f00ffc5/execute/async - {"script":"<script> [1562 bytes]","args":[{"selector":{"controlType":"sap.ui.core.Icon","viewName":"etm.portal.ui.manageclassifications.view.Master","viewId":"application-manageclassifications-display-component---classificationMaster","properties":{"src":{"regex":{"source":"add"}}}},"wdio_ui5_key":"etmportal.ui.manageclassifications.view.Mastersap.ui.core.Icon{\"src\":{\"regex\":{\"source\":\"add\"}}}"}]}
RESULT: {"script":"<script> [1562 bytes]","args":[{"selector":{"controlType":"sap.ui.core.Icon","viewName":"etm.portal.ui.manageclassifications.view.Master","viewId":"application-manageclassifications-display-component---classificationMaster","properties":{"src":{"regex":{"source":"add"}}}},"wdio_ui5_key":"etmportal.ui.manageclassifications.view.Mastersap.ui.core.Icon{\"src\":{\"regex\":{\"source\":\"add\"}}}"}]}
RESULT: undefined
COMMAND: POST /session/7ceb2304b37874a72895a7f47f00ffc5/element - {"using":"xpath","value":"//*[@id=\"__button27-img\"]"}
RESULT: {"using":"xpath","value":"//*[@id=\"__button27-img\"]"}
COMMAND: POST /session/7ceb2304b37874a72895a7f47f00ffc5/element/f.A2DC6DB0B92729488FE09C376A5B6DB2.d.E67E9D1B2799A5F42F4A04495AD2F04E.e.6846/click - {}
RESULT: {}
COMMAND: POST /session/7ceb2304b37874a72895a7f47f00ffc5/execute/async - {"script":"<script> [1562 bytes]","args":[{"selector":{"id":"application-manageclassifications-display-component---classificationCreate--classHeaderName","interaction":{"idSuffix":"inner"}},"wdio_ui5_key":"applicationmanageclassifications-display-component---classificationCreate--classHeaderName"}]}
COMMAND: GET /session/7ceb2304b37874a72895a7f47f00ffc5/screenshot - {}
RESULT: {"script":"<script> [1562 bytes]","args":[{"selector":{"id":"application-manageclassifications-display-component---classificationCreate--classHeaderName","interaction":{"idSuffix":"inner"}},"wdio_ui5_key":"applicationmanageclassifications-display-component---classificationCreate--classHeaderName"}]}
RESULT: undefined
COMMAND: POST /session/7ceb2304b37874a72895a7f47f00ffc5/execute/async - {"script":"<script> [776 bytes]","args":[{"enterText":"WebdriverItemClasssgi8p","selector":{"id":"application-manageclassifications-display-component---classificationCreate--classHeaderName","interaction":{"idSuffix":"inner"}},"clearTextFirst":true,"interactionType":"ENTER_TEXT"}]}
RESULT: {}
RESULT: {"script":"<script> [776 bytes]","args":[{"enterText":"WebdriverItemClasssgi8p","selector":{"id":"application-manageclassifications-display-component---classificationCreate--classHeaderName","interaction":{"idSuffix":"inner"}},"clearTextFirst":true,"interactionType":"ENTER_TEXT"}]}
COMMAND: POST /session/7ceb2304b37874a72895a7f47f00ffc5/execute/async - {"script":"<script> [1562 bytes]","args":[{"selector":{"controlType":"sap.ui.core.Icon","viewName":"etm.portal.ui.manageclassifications.view.Create","viewId":"application-manageclassifications-display-component---classificationCreate","properties":{"src":{"regex":{"source":"slim\\-arrow\\-down"}}}},"wdio_ui5_key":"etmportal.ui.manageclassifications.view.Createsap.ui.core.Icon{\"src\":{\"regex\":{\"source\":\"slim\\\\-arrow\\\\-down\"}}}"}]}
RESULT: {"script":"<script> [1562 bytes]","args":[{"selector":{"controlType":"sap.ui.core.Icon","viewName":"etm.portal.ui.manageclassifications.view.Create","viewId":"application-manageclassifications-display-component---classificationCreate","properties":{"src":{"regex":{"source":"slim\\-arrow\\-down"}}}},"wdio_ui5_key":"etmportal.ui.manageclassifications.view.Createsap.ui.core.Icon{\"src\":{\"regex\":{\"source\":\"slim\\\\-arrow\\\\-down\"}}}"}]}
RESULT: undefined
COMMAND: POST /session/7ceb2304b37874a72895a7f47f00ffc5/element - {"using":"xpath","value":"//*[@id=\"__box12-arrow\"]"}
RESULT: {"using":"xpath","value":"//*[@id=\"__box12-arrow\"]"}
COMMAND: POST /session/7ceb2304b37874a72895a7f47f00ffc5/element/f.A2DC6DB0B92729488FE09C376A5B6DB2.d.E67E9D1B2799A5F42F4A04495AD2F04E.e.7324/click - {}
RESULT: {}
COMMAND: POST /session/7ceb2304b37874a72895a7f47f00ffc5/execute/async - {"script":"<script> [1562 bytes]","args":[{"selector":{"controlType":"sap.m.StandardListItem","viewName":"etm.portal.ui.manageclassifications.view.Create","viewId":"application-manageclassifications-display-component---classificationCreate","properties":{"title":"Request Item Specifications"},"searchOpenDialogs":true,"interaction":{"idSuffix":"titleText"}},"wdio_ui5_key":"etmportal.ui.manageclassifications.view.Createsap.m.StandardListItem{\"title\":\"Request Item Specifications\"}"}]}
COMMAND: GET /session/7ceb2304b37874a72895a7f47f00ffc5/screenshot - {}
RESULT: {"script":"<script> [1562 bytes]","args":[{"selector":{"controlType":"sap.m.StandardListItem","viewName":"etm.portal.ui.manageclassifications.view.Create","viewId":"application-manageclassifications-display-component---classificationCreate","properties":{"title":"Request Item Specifications"},"searchOpenDialogs":true,"interaction":{"idSuffix":"titleText"}},"wdio_ui5_key":"etmportal.ui.manageclassifications.view.Createsap.m.StandardListItem{\"title\":\"Request Item Specifications\"}"}]}
RESULT: undefined
COMMAND: POST /session/7ceb2304b37874a72895a7f47f00ffc5/element - {"using":"xpath","value":"//*[@id=\"__item85\"]"}
RESULT: {}
RESULT: {"using":"xpath","value":"//*[@id=\"__item85\"]"}
COMMAND: POST /session/7ceb2304b37874a72895a7f47f00ffc5/element/f.A2DC6DB0B92729488FE09C376A5B6DB2.d.E67E9D1B2799A5F42F4A04495AD2F04E.e.7364/click - {}
RESULT: {}
COMMAND: POST /session/7ceb2304b37874a72895a7f47f00ffc5/execute/async - {"script":"<script> [1562 bytes]","args":[{"selector":{"controlType":"sap.ui.core.Icon","viewName":"etm.portal.ui.manageclassifications.view.Create","viewId":"application-manageclassifications-display-component---classificationCreate","properties":{"src":{"regex":{"source":"add"}}}},"wdio_ui5_key":"etmportal.ui.manageclassifications.view.Createsap.ui.core.Icon{\"src\":{\"regex\":{\"source\":\"add\"}}}"}]}
COMMAND: GET /session/7ceb2304b37874a72895a7f47f00ffc5/screenshot - {}
RESULT: {"script":"<script> [1562 bytes]","args":[{"selector":{"controlType":"sap.ui.core.Icon","viewName":"etm.portal.ui.manageclassifications.view.Create","viewId":"application-manageclassifications-display-component---classificationCreate","properties":{"src":{"regex":{"source":"add"}}}},"wdio_ui5_key":"etmportal.ui.manageclassifications.view.Createsap.ui.core.Icon{\"src\":{\"regex\":{\"source\":\"add\"}}}"}]}
RESULT: undefined
COMMAND: POST /session/7ceb2304b37874a72895a7f47f00ffc5/element - {"using":"xpath","value":"//*[@id=\"__button32-img\"]"}
RESULT: {}
RESULT: {"using":"xpath","value":"//*[@id=\"__button32-img\"]"}
COMMAND: POST /session/7ceb2304b37874a72895a7f47f00ffc5/element/f.A2DC6DB0B92729488FE09C376A5B6DB2.d.E67E9D1B2799A5F42F4A04495AD2F04E.e.7327/click - {}
RESULT: {}
COMMAND: POST /session/7ceb2304b37874a72895a7f47f00ffc5/execute/async - {"script":"<script> [1562 bytes]","args":[{"selector":{"controlType":"sap.m.Input","viewName":"etm.portal.ui.manageclassifications.view.Create","viewId":"application-manageclassifications-display-component---classificationCreate","bindingPath":{"path":"/0","propertyPath":"PROPERTY","modelName":"newConfigModel"},"interaction":{"idSuffix":"inner"}},"wdio_ui5_key":"etmportal.ui.manageclassifications.view.Createsap.m.Input{\"path\":\"/0\",\"propertyPath\":\"PROPERTY\",\"modelName\":\"newConfigModel\"}"}]}
COMMAND: GET /session/7ceb2304b37874a72895a7f47f00ffc5/screenshot - {}
RESULT: undefined
RESULT: undefined
RESULT: {"script":"<script> [1562 bytes]","args":[{"selector":{"controlType":"sap.m.Input","viewName":"etm.portal.ui.manageclassifications.view.Create","viewId":"application-manageclassifications-display-component---classificationCreate","bindingPath":{"path":"/0","propertyPath":"PROPERTY","modelName":"newConfigModel"},"interaction":{"idSuffix":"inner"}},"wdio_ui5_key":"etmportal.ui.manageclassifications.view.Createsap.m.Input{\"path\":\"/0\",\"propertyPath\":\"PROPERTY\",\"modelName\":\"newConfigModel\"}"}]}
RESULT: undefined
COMMAND: POST /session/7ceb2304b37874a72895a7f47f00ffc5/execute/async - {"script":"<script> [776 bytes]","args":[{"enterText":"Color","selector":{"controlType":"sap.m.Input","viewName":"etm.portal.ui.manageclassifications.view.Create","viewId":"application-manageclassifications-display-component---classificationCreate","bindingPath":{"path":"/0","propertyPath":"PROPERTY","modelName":"newConfigModel"},"interaction":{"idSuffix":"inner"}},"clearTextFirst":true,"interactionType":"ENTER_TEXT"}]}
RESULT: {}
RESULT: {"script":"<script> [776 bytes]","args":[{"enterText":"Color","selector":{"controlType":"sap.m.Input","viewName":"etm.portal.ui.manageclassifications.view.Create","viewId":"application-manageclassifications-display-component---classificationCreate","bindingPath":{"path":"/0","propertyPath":"PROPERTY","modelName":"newConfigModel"},"interaction":{"idSuffix":"inner"}},"clearTextFirst":true,"interactionType":"ENTER_TEXT"}]}
COMMAND: POST /session/7ceb2304b37874a72895a7f47f00ffc5/execute/async - {"script":"<script> [1562 bytes]","args":[{"selector":{"controlType":"sap.m.Input","viewName":"etm.portal.ui.manageclassifications.view.Create","viewId":"application-manageclassifications-display-component---classificationCreate","bindingPath":{"path":"/0","propertyPath":"DESCRIPTION","modelName":"newConfigModel"},"interaction":{"idSuffix":"inner"}},"wdio_ui5_key":"etmportal.ui.manageclassifications.view.Createsap.m.Input{\"path\":\"/0\",\"propertyPath\":\"DESCRIPTION\",\"modelName\":\"newConfigModel\"}"}]}
RESULT: {"script":"<script> [1562 bytes]","args":[{"selector":{"controlType":"sap.m.Input","viewName":"etm.portal.ui.manageclassifications.view.Create","viewId":"application-manageclassifications-display-component---classificationCreate","bindingPath":{"path":"/0","propertyPath":"DESCRIPTION","modelName":"newConfigModel"},"interaction":{"idSuffix":"inner"}},"wdio_ui5_key":"etmportal.ui.manageclassifications.view.Createsap.m.Input{\"path\":\"/0\",\"propertyPath\":\"DESCRIPTION\",\"modelName\":\"newConfigModel\"}"}]}
RESULT: undefined
COMMAND: POST /session/7ceb2304b37874a72895a7f47f00ffc5/execute/async - {"script":"<script> [776 bytes]","args":[{"enterText":"Color","selector":{"controlType":"sap.m.Input","viewName":"etm.portal.ui.manageclassifications.view.Create","viewId":"application-manageclassifications-display-component---classificationCreate","bindingPath":{"path":"/0","propertyPath":"DESCRIPTION","modelName":"newConfigModel"},"interaction":{"idSuffix":"inner"}},"clearTextFirst":true,"interactionType":"ENTER_TEXT"}]}
RESULT: {"script":"<script> [776 bytes]","args":[{"enterText":"Color","selector":{"controlType":"sap.m.Input","viewName":"etm.portal.ui.manageclassifications.view.Create","viewId":"application-manageclassifications-display-component---classificationCreate","bindingPath":{"path":"/0","propertyPath":"DESCRIPTION","modelName":"newConfigModel"},"interaction":{"idSuffix":"inner"}},"clearTextFirst":true,"interactionType":"ENTER_TEXT"}]}
COMMAND: POST /session/7ceb2304b37874a72895a7f47f00ffc5/execute/async - {"script":"<script> [1562 bytes]","args":[{"selector":{"controlType":"sap.ui.core.Icon","viewName":"etm.portal.ui.manageclassifications.view.Create","viewId":"application-manageclassifications-display-component---classificationCreate","properties":{"src":{"regex":{"source":"slim\\-arrow\\-down"}}},"ancestor":{"controlType":"sap.m.ComboBox","viewName":"etm.portal.ui.manageclassifications.view.Create","viewId":"application-manageclassifications-display-component---classificationCreate","bindingPath":{"path":"/0","propertyPath":"VALUE_TYPE","modelName":"newConfigModel"}}},"wdio_ui5_key":"etmportal.ui.manageclassifications.view.Createsap.ui.core.Icon{\"src\":{\"regex\":{\"source\":\"slim\\\\-arrow\\\\-down\"}}}{\"controlType\":\"sap.m.ComboBox\",\"viewName\":\"etm.portal.ui.manageclassifications.view.Create\",\"viewId\":\"application-manageclassifications-display-component---classificationCreate\",\"bindingPath\":{\"path\":\"/0\",\"propertyPath\":\"VALUE_TYPE\",\"modelName\":\"newConfigModel\"}}"}]}
RESULT: {"script":"<script> [1562 bytes]","args":[{"selector":{"controlType":"sap.ui.core.Icon","viewName":"etm.portal.ui.manageclassifications.view.Create","viewId":"application-manageclassifications-display-component---classificationCreate","properties":{"src":{"regex":{"source":"slim\\-arrow\\-down"}}},"ancestor":{"controlType":"sap.m.ComboBox","viewName":"etm.portal.ui.manageclassifications.view.Create","viewId":"application-manageclassifications-display-component---classificationCreate","bindingPath":{"path":"/0","propertyPath":"VALUE_TYPE","modelName":"newConfigModel"}}},"wdio_ui5_key":"etmportal.ui.manageclassifications.view.Createsap.ui.core.Icon{\"src\":{\"regex\":{\"source\":\"slim\\\\-arrow\\\\-down\"}}}{\"controlType\":\"sap.m.ComboBox\",\"viewName\":\"etm.portal.ui.manageclassifications.view.Create\",\"viewId\":\"application-manageclassifications-display-component---classificationCreate\",\"bindingPath\":{\"path\":\"/0\",\"propertyPath\":\"VALUE_TYPE\",\"modelName\":\"newConfigModel\"}}"}]}
RESULT: undefined
COMMAND: POST /session/7ceb2304b37874a72895a7f47f00ffc5/element - {"using":"xpath","value":"//*[@id=\"__box13-application-manageclassifications-display-component---classificationCreate--configurationList-0-arrow\"]"}
RESULT: {"using":"xpath","value":"//*[@id=\"__box13-application-manageclassifications-display-component---classificationCreate--configurationList-0-arrow\"]"}
COMMAND: POST /session/7ceb2304b37874a72895a7f47f00ffc5/element/f.A2DC6DB0B92729488FE09C376A5B6DB2.d.E67E9D1B2799A5F42F4A04495AD2F04E.e.7373/click - {}
RESULT: {}
COMMAND: POST /session/7ceb2304b37874a72895a7f47f00ffc5/execute/async - {"script":"<script> [1562 bytes]","args":[{"selector":{"controlType":"sap.m.StandardListItem","viewName":"etm.portal.ui.manageclassifications.view.Create","viewId":"application-manageclassifications-display-component---classificationCreate","properties":{"title":"Dropdown"},"searchOpenDialogs":true,"interaction":{"idSuffix":"titleText"}},"wdio_ui5_key":"etmportal.ui.manageclassifications.view.Createsap.m.StandardListItem{\"title\":\"Dropdown\"}"}]}
COMMAND: GET /session/7ceb2304b37874a72895a7f47f00ffc5/screenshot - {}
RESULT: {"script":"<script> [1562 bytes]","args":[{"selector":{"controlType":"sap.m.StandardListItem","viewName":"etm.portal.ui.manageclassifications.view.Create","viewId":"application-manageclassifications-display-component---classificationCreate","properties":{"title":"Dropdown"},"searchOpenDialogs":true,"interaction":{"idSuffix":"titleText"}},"wdio_ui5_key":"etmportal.ui.manageclassifications.view.Createsap.m.StandardListItem{\"title\":\"Dropdown\"}"}]}
RESULT: undefined
COMMAND: POST /session/7ceb2304b37874a72895a7f47f00ffc5/element - {"using":"xpath","value":"//*[@id=\"__item93\"]"}
RESULT: {}
RESULT: {"using":"xpath","value":"//*[@id=\"__item93\"]"}
COMMAND: POST /session/7ceb2304b37874a72895a7f47f00ffc5/element/f.A2DC6DB0B92729488FE09C376A5B6DB2.d.E67E9D1B2799A5F42F4A04495AD2F04E.e.7375/click - {}
RESULT: {}
COMMAND: POST /session/7ceb2304b37874a72895a7f47f00ffc5/execute/async - {"script":"<script> [1562 bytes]","args":[{"selector":{"controlType":"sap.ui.core.Icon","viewName":"etm.portal.ui.manageclassifications.view.Create","viewId":"application-manageclassifications-display-component---classificationCreate","properties":{"src":{"regex":{"source":"crm\\-service\\-manager"}}}},"wdio_ui5_key":"etmportal.ui.manageclassifications.view.Createsap.ui.core.Icon{\"src\":{\"regex\":{\"source\":\"crm\\\\-service\\\\-manager\"}}}"}]}
COMMAND: GET /session/7ceb2304b37874a72895a7f47f00ffc5/screenshot - {}
RESULT: {"script":"<script> [1562 bytes]","args":[{"selector":{"controlType":"sap.ui.core.Icon","viewName":"etm.portal.ui.manageclassifications.view.Create","viewId":"application-manageclassifications-display-component---classificationCreate","properties":{"src":{"regex":{"source":"crm\\-service\\-manager"}}}},"wdio_ui5_key":"etmportal.ui.manageclassifications.view.Createsap.ui.core.Icon{\"src\":{\"regex\":{\"source\":\"crm\\\\-service\\\\-manager\"}}}"}]}
RESULT: undefined
COMMAND: POST /session/7ceb2304b37874a72895a7f47f00ffc5/element - {"using":"xpath","value":"//*[@id=\"__button34-application-manageclassifications-display-component---classificationCreate--configurationList-0-img\"]"}
RESULT: {}
RESULT: {"using":"xpath","value":"//*[@id=\"__button34-application-manageclassifications-display-component---classificationCreate--configurationList-0-img\"]"}
COMMAND: POST /session/7ceb2304b37874a72895a7f47f00ffc5/element/f.A2DC6DB0B92729488FE09C376A5B6DB2.d.E67E9D1B2799A5F42F4A04495AD2F04E.e.7377/click - {}
RESULT: {}
COMMAND: POST /session/7ceb2304b37874a72895a7f47f00ffc5/element - {"using":"xpath","value":"//button[@title=\"Add additional value\"]"}
COMMAND: GET /session/7ceb2304b37874a72895a7f47f00ffc5/screenshot - {}
RESULT: {"using":"xpath","value":"//button[@title=\"Add additional value\"]"}
COMMAND: POST /session/7ceb2304b37874a72895a7f47f00ffc5/element/f.A2DC6DB0B92729488FE09C376A5B6DB2.d.E67E9D1B2799A5F42F4A04495AD2F04E.e.7378/click - {}
RESULT: {}
RESULT: {}
COMMAND: POST /session/7ceb2304b37874a72895a7f47f00ffc5/execute/async - {"script":"<script> [1562 bytes]","args":[{"selector":{"controlType":"sap.m.Input","viewName":"etm.portal.ui.manageclassifications.view.Create","viewId":"application-manageclassifications-display-component---classificationCreate","bindingPath":{"path":"/VALUES/0","propertyPath":"VALUE","modelName":"dropdownValuesModel"},"searchOpenDialogs":true,"interaction":{"idSuffix":"inner"}},"wdio_ui5_key":"etmportal.ui.manageclassifications.view.Createsap.m.Input{\"path\":\"/VALUES/0\",\"propertyPath\":\"VALUE\",\"modelName\":\"dropdownValuesModel\"}"}]}
COMMAND: GET /session/7ceb2304b37874a72895a7f47f00ffc5/screenshot - {}
RESULT: {"script":"<script> [1562 bytes]","args":[{"selector":{"controlType":"sap.m.Input","viewName":"etm.portal.ui.manageclassifications.view.Create","viewId":"application-manageclassifications-display-component---classificationCreate","bindingPath":{"path":"/VALUES/0","propertyPath":"VALUE","modelName":"dropdownValuesModel"},"searchOpenDialogs":true,"interaction":{"idSuffix":"inner"}},"wdio_ui5_key":"etmportal.ui.manageclassifications.view.Createsap.m.Input{\"path\":\"/VALUES/0\",\"propertyPath\":\"VALUE\",\"modelName\":\"dropdownValuesModel\"}"}]}
RESULT: undefined
COMMAND: POST /session/7ceb2304b37874a72895a7f47f00ffc5/execute/async - {"script":"<script> [776 bytes]","args":[{"enterText":"1","selector":{"controlType":"sap.m.Input","viewName":"etm.portal.ui.manageclassifications.view.Create","viewId":"application-manageclassifications-display-component---classificationCreate","bindingPath":{"path":"/VALUES/0","propertyPath":"VALUE","modelName":"dropdownValuesModel"},"searchOpenDialogs":true,"interaction":{"idSuffix":"inner"}},"clearTextFirst":true,"interactionType":"ENTER_TEXT"}]}
RESULT: {}
RESULT: {"script":"<script> [776 bytes]","args":[{"enterText":"1","selector":{"controlType":"sap.m.Input","viewName":"etm.portal.ui.manageclassifications.view.Create","viewId":"application-manageclassifications-display-component---classificationCreate","bindingPath":{"path":"/VALUES/0","propertyPath":"VALUE","modelName":"dropdownValuesModel"},"searchOpenDialogs":true,"interaction":{"idSuffix":"inner"}},"clearTextFirst":true,"interactionType":"ENTER_TEXT"}]}
COMMAND: POST /session/7ceb2304b37874a72895a7f47f00ffc5/execute/async - {"script":"<script> [1562 bytes]","args":[{"selector":{"controlType":"sap.m.Input","viewName":"etm.portal.ui.manageclassifications.view.Create","viewId":"application-manageclassifications-display-component---classificationCreate","bindingPath":{"path":"/VALUES/0","propertyPath":"TEXT","modelName":"dropdownValuesModel"},"searchOpenDialogs":true,"interaction":{"idSuffix":"inner"}},"wdio_ui5_key":"etmportal.ui.manageclassifications.view.Createsap.m.Input{\"path\":\"/VALUES/0\",\"propertyPath\":\"TEXT\",\"modelName\":\"dropdownValuesModel\"}"}]}
RESULT: {"script":"<script> [1562 bytes]","args":[{"selector":{"controlType":"sap.m.Input","viewName":"etm.portal.ui.manageclassifications.view.Create","viewId":"application-manageclassifications-display-component---classificationCreate","bindingPath":{"path":"/VALUES/0","propertyPath":"TEXT","modelName":"dropdownValuesModel"},"searchOpenDialogs":true,"interaction":{"idSuffix":"inner"}},"wdio_ui5_key":"etmportal.ui.manageclassifications.view.Createsap.m.Input{\"path\":\"/VALUES/0\",\"propertyPath\":\"TEXT\",\"modelName\":\"dropdownValuesModel\"}"}]}
RESULT: undefined
COMMAND: POST /session/7ceb2304b37874a72895a7f47f00ffc5/execute/async - {"script":"<script> [776 bytes]","args":[{"enterText":"blue","selector":{"controlType":"sap.m.Input","viewName":"etm.portal.ui.manageclassifications.view.Create","viewId":"application-manageclassifications-display-component---classificationCreate","bindingPath":{"path":"/VALUES/0","propertyPath":"TEXT","modelName":"dropdownValuesModel"},"searchOpenDialogs":true,"interaction":{"idSuffix":"inner"}},"clearTextFirst":true,"interactionType":"ENTER_TEXT"}]}
RESULT: {"script":"<script> [776 bytes]","args":[{"enterText":"blue","selector":{"controlType":"sap.m.Input","viewName":"etm.portal.ui.manageclassifications.view.Create","viewId":"application-manageclassifications-display-component---classificationCreate","bindingPath":{"path":"/VALUES/0","propertyPath":"TEXT","modelName":"dropdownValuesModel"},"searchOpenDialogs":true,"interaction":{"idSuffix":"inner"}},"clearTextFirst":true,"interactionType":"ENTER_TEXT"}]}
COMMAND: POST /session/7ceb2304b37874a72895a7f47f00ffc5/element - {"using":"xpath","value":"//button[@title=\"Add additional value\"]"}
RESULT: {"using":"xpath","value":"//button[@title=\"Add additional value\"]"}
COMMAND: POST /session/7ceb2304b37874a72895a7f47f00ffc5/element/f.A2DC6DB0B92729488FE09C376A5B6DB2.d.E67E9D1B2799A5F42F4A04495AD2F04E.e.7378/click - {}
RESULT: {}
COMMAND: POST /session/7ceb2304b37874a72895a7f47f00ffc5/execute/async - {"script":"<script> [1562 bytes]","args":[{"selector":{"controlType":"sap.m.Input","viewName":"etm.portal.ui.manageclassifications.view.Create","viewId":"application-manageclassifications-display-component---classificationCreate","bindingPath":{"path":"/VALUES/1","propertyPath":"VALUE","modelName":"dropdownValuesModel"},"searchOpenDialogs":true,"interaction":{"idSuffix":"inner"}},"wdio_ui5_key":"etmportal.ui.manageclassifications.view.Createsap.m.Input{\"path\":\"/VALUES/1\",\"propertyPath\":\"VALUE\",\"modelName\":\"dropdownValuesModel\"}"}]}
COMMAND: GET /session/7ceb2304b37874a72895a7f47f00ffc5/screenshot - {}
RESULT: {"script":"<script> [1562 bytes]","args":[{"selector":{"controlType":"sap.m.Input","viewName":"etm.portal.ui.manageclassifications.view.Create","viewId":"application-manageclassifications-display-component---classificationCreate","bindingPath":{"path":"/VALUES/1","propertyPath":"VALUE","modelName":"dropdownValuesModel"},"searchOpenDialogs":true,"interaction":{"idSuffix":"inner"}},"wdio_ui5_key":"etmportal.ui.manageclassifications.view.Createsap.m.Input{\"path\":\"/VALUES/1\",\"propertyPath\":\"VALUE\",\"modelName\":\"dropdownValuesModel\"}"}]}
RESULT: undefined
COMMAND: POST /session/7ceb2304b37874a72895a7f47f00ffc5/execute/async - {"script":"<script> [776 bytes]","args":[{"enterText":"2","selector":{"controlType":"sap.m.Input","viewName":"etm.portal.ui.manageclassifications.view.Create","viewId":"application-manageclassifications-display-component---classificationCreate","bindingPath":{"path":"/VALUES/1","propertyPath":"VALUE","modelName":"dropdownValuesModel"},"searchOpenDialogs":true,"interaction":{"idSuffix":"inner"}},"clearTextFirst":true,"interactionType":"ENTER_TEXT"}]}
RESULT: {}
RESULT: {"script":"<script> [776 bytes]","args":[{"enterText":"2","selector":{"controlType":"sap.m.Input","viewName":"etm.portal.ui.manageclassifications.view.Create","viewId":"application-manageclassifications-display-component---classificationCreate","bindingPath":{"path":"/VALUES/1","propertyPath":"VALUE","modelName":"dropdownValuesModel"},"searchOpenDialogs":true,"interaction":{"idSuffix":"inner"}},"clearTextFirst":true,"interactionType":"ENTER_TEXT"}]}
COMMAND: POST /session/7ceb2304b37874a72895a7f47f00ffc5/execute/async - {"script":"<script> [1562 bytes]","args":[{"selector":{"controlType":"sap.m.Input","viewName":"etm.portal.ui.manageclassifications.view.Create","viewId":"application-manageclassifications-display-component---classificationCreate","bindingPath":{"path":"/VALUES/1","propertyPath":"TEXT","modelName":"dropdownValuesModel"},"searchOpenDialogs":true,"interaction":{"idSuffix":"inner"}},"wdio_ui5_key":"etmportal.ui.manageclassifications.view.Createsap.m.Input{\"path\":\"/VALUES/1\",\"propertyPath\":\"TEXT\",\"modelName\":\"dropdownValuesModel\"}"}]}
RESULT: {"script":"<script> [1562 bytes]","args":[{"selector":{"controlType":"sap.m.Input","viewName":"etm.portal.ui.manageclassifications.view.Create","viewId":"application-manageclassifications-display-component---classificationCreate","bindingPath":{"path":"/VALUES/1","propertyPath":"TEXT","modelName":"dropdownValuesModel"},"searchOpenDialogs":true,"interaction":{"idSuffix":"inner"}},"wdio_ui5_key":"etmportal.ui.manageclassifications.view.Createsap.m.Input{\"path\":\"/VALUES/1\",\"propertyPath\":\"TEXT\",\"modelName\":\"dropdownValuesModel\"}"}]}
RESULT: undefined
COMMAND: POST /session/7ceb2304b37874a72895a7f47f00ffc5/execute/async - {"script":"<script> [776 bytes]","args":[{"enterText":"red","selector":{"controlType":"sap.m.Input","viewName":"etm.portal.ui.manageclassifications.view.Create","viewId":"application-manageclassifications-display-component---classificationCreate","bindingPath":{"path":"/VALUES/1","propertyPath":"TEXT","modelName":"dropdownValuesModel"},"searchOpenDialogs":true,"interaction":{"idSuffix":"inner"}},"clearTextFirst":true,"interactionType":"ENTER_TEXT"}]}
RESULT: {"script":"<script> [776 bytes]","args":[{"enterText":"red","selector":{"controlType":"sap.m.Input","viewName":"etm.portal.ui.manageclassifications.view.Create","viewId":"application-manageclassifications-display-component---classificationCreate","bindingPath":{"path":"/VALUES/1","propertyPath":"TEXT","modelName":"dropdownValuesModel"},"searchOpenDialogs":true,"interaction":{"idSuffix":"inner"}},"clearTextFirst":true,"interactionType":"ENTER_TEXT"}]}
COMMAND: POST /session/7ceb2304b37874a72895a7f47f00ffc5/execute/async - {"script":"<script> [1562 bytes]","args":[{"selector":{"controlType":"sap.m.Button","viewName":"etm.portal.ui.manageclassifications.view.Create","viewId":"application-manageclassifications-display-component---classificationCreate","i18NText":{"propertyName":"text","key":"save"},"searchOpenDialogs":true,"interaction":{"idSuffix":"BDI-content"}},"wdio_ui5_key":"etmportal.ui.manageclassifications.view.Createsap.m.Button{\"propertyName\":\"text\",\"key\":\"save\"}"}]}
RESULT: {"script":"<script> [1562 bytes]","args":[{"selector":{"controlType":"sap.m.Button","viewName":"etm.portal.ui.manageclassifications.view.Create","viewId":"application-manageclassifications-display-component---classificationCreate","i18NText":{"propertyName":"text","key":"save"},"searchOpenDialogs":true,"interaction":{"idSuffix":"BDI-content"}},"wdio_ui5_key":"etmportal.ui.manageclassifications.view.Createsap.m.Button{\"propertyName\":\"text\",\"key\":\"save\"}"}]}
RESULT: undefined
COMMAND: POST /session/7ceb2304b37874a72895a7f47f00ffc5/element - {"using":"xpath","value":"//*[@id=\"__button44\"]"}
RESULT: {"using":"xpath","value":"//*[@id=\"__button44\"]"}
COMMAND: POST /session/7ceb2304b37874a72895a7f47f00ffc5/element/f.A2DC6DB0B92729488FE09C376A5B6DB2.d.E67E9D1B2799A5F42F4A04495AD2F04E.e.7399/click - {}
RESULT: {}
COMMAND: GET /session/7ceb2304b37874a72895a7f47f00ffc5/screenshot - {}
RESULT: {}
COMMAND: POST /session/7ceb2304b37874a72895a7f47f00ffc5/element - {"using":"xpath","value":"//button[@title=\"Save\"]"}
RESULT: {"using":"xpath","value":"//button[@title=\"Save\"]"}
COMMAND: POST /session/7ceb2304b37874a72895a7f47f00ffc5/element/f.A2DC6DB0B92729488FE09C376A5B6DB2.d.E67E9D1B2799A5F42F4A04495AD2F04E.e.7335/click - {}
RESULT: {}
COMMAND: GET /session/7ceb2304b37874a72895a7f47f00ffc5/screenshot - {}
RESULT: {}
COMMAND: POST /session/7ceb2304b37874a72895a7f47f00ffc5/execute/async - {"script":"<script> [1562 bytes]","args":[{"selector":{"id":"application-manageclassifications-display-component---classificationMaster--smartFilterBar-btnBasicSearch","interaction":{"idSuffix":"I"}},"wdio_ui5_key":"applicationmanageclassifications-display-component---classificationMaster--smartFilterBar-btnBasicSearch"}]}
RESULT: {"script":"<script> [1562 bytes]","args":[{"selector":{"id":"application-manageclassifications-display-component---classificationMaster--smartFilterBar-btnBasicSearch","interaction":{"idSuffix":"I"}},"wdio_ui5_key":"applicationmanageclassifications-display-component---classificationMaster--smartFilterBar-btnBasicSearch"}]}
RESULT: undefined
COMMAND: POST /session/7ceb2304b37874a72895a7f47f00ffc5/execute/async - {"script":"<script> [776 bytes]","args":[{"enterText":"WebdriverItemClasssgi8p","selector":{"id":"application-manageclassifications-display-component---classificationMaster--smartFilterBar-btnBasicSearch","interaction":{"idSuffix":"I"}},"clearTextFirst":true,"interactionType":"ENTER_TEXT"}]}
RESULT: {"script":"<script> [776 bytes]","args":[{"enterText":"WebdriverItemClasssgi8p","selector":{"id":"application-manageclassifications-display-component---classificationMaster--smartFilterBar-btnBasicSearch","interaction":{"idSuffix":"I"}},"clearTextFirst":true,"interactionType":"ENTER_TEXT"}]}
COMMAND: POST /session/7ceb2304b37874a72895a7f47f00ffc5/actions - {"actions":[{"id":"action47","type":"key","parameters":{},"actions":[{"type":"keyDown","value":"î€‡"},{"type":"pause","duration":10},{"type":"keyUp","value":"î€‡"}]}]}
RESULT: {"actions":[{"id":"action47","type":"key","parameters":{},"actions":[{"type":"keyDown","value":"î€‡"},{"type":"pause","duration":10},{"type":"keyUp","value":"î€‡"}]}]}
COMMAND: POST /session/7ceb2304b37874a72895a7f47f00ffc5/execute/async - {"script":"<script> [1562 bytes]","args":[{"selector":{"id":"application-manageclassifications-display-component---classificationMaster--smartTable-header"},"wdio_ui5_key":"applicationmanageclassifications-display-component---classificationMaster--smartTable-header"}]}
COMMAND: GET /session/7ceb2304b37874a72895a7f47f00ffc5/screenshot - {}
RESULT: {"script":"<script> [1562 bytes]","args":[{"selector":{"id":"application-manageclassifications-display-component---classificationMaster--smartTable-header"},"wdio_ui5_key":"applicationmanageclassifications-display-component---classificationMaster--smartTable-header"}]}
RESULT: undefined
COMMAND: POST /session/7ceb2304b37874a72895a7f47f00ffc5/execute/async - {"script":"<script> [6424 bytes]","args":[{"element-6066-11e4-a52e-4f735466cecf":"f.A2DC6DB0B92729488FE09C376A5B6DB2.d.E67E9D1B2799A5F42F4A04495AD2F04E.e.7588"},"getText",[]]}
RESULT: {}
RESULT: {"script":"<script> [6424 bytes]","args":[{"element-6066-11e4-a52e-4f735466cecf":"f.A2DC6DB0B92729488FE09C376A5B6DB2.d.E67E9D1B2799A5F42F4A04495AD2F04E.e.7588"},"getText",[]]}
COMMAND: POST /session/7ceb2304b37874a72895a7f47f00ffc5/element - {"using":"css selector","value":"#shell-header-logo"}
RESULT: {"using":"css selector","value":"#shell-header-logo"}
COMMAND: POST /session/7ceb2304b37874a72895a7f47f00ffc5/element/f.A2DC6DB0B92729488FE09C376A5B6DB2.d.E67E9D1B2799A5F42F4A04495AD2F04E.e.6812/click - {}
RESULT: {}
COMMAND: GET /session/7ceb2304b37874a72895a7f47f00ffc5/screenshot - {}
RESULT: {}
]]></system-out>
    </testcase>
    <testcase classname="chrome.137_0_7151_56.windows.Manage_requests_-_requests_specifications_US141095" name="Should create a new section and a catalog item" time="134.936">
      <system-out><![CDATA[
COMMAND: POST /session/7ceb2304b37874a72895a7f47f00ffc5/execute/async - {"script":"<script> [1562 bytes]","args":[{"selector":{"controlType":"sap.m.GenericTile","properties":{"header":"Manage Catalogs"}},"wdio_ui5_key":"sapm.GenericTile{\"header\":\"Manage Catalogs\"}"}]}
RESULT: {"script":"<script> [1562 bytes]","args":[{"selector":{"controlType":"sap.m.GenericTile","properties":{"header":"Manage Catalogs"}},"wdio_ui5_key":"sapm.GenericTile{\"header\":\"Manage Catalogs\"}"}]}
RESULT: undefined
COMMAND: POST /session/7ceb2304b37874a72895a7f47f00ffc5/element - {"using":"xpath","value":"//*[@id=\"__tile37\"]"}
RESULT: {"using":"xpath","value":"//*[@id=\"__tile37\"]"}
COMMAND: POST /session/7ceb2304b37874a72895a7f47f00ffc5/element/f.A2DC6DB0B92729488FE09C376A5B6DB2.d.E67E9D1B2799A5F42F4A04495AD2F04E.e.7592/click - {}
RESULT: {}
COMMAND: GET /session/7ceb2304b37874a72895a7f47f00ffc5/screenshot - {}
RESULT: {}
COMMAND: POST /session/7ceb2304b37874a72895a7f47f00ffc5/elements - {"using":"xpath","value":"//span[text()='Error']"}
RESULT: {"using":"xpath","value":"//span[text()='Error']"}
COMMAND: POST /session/7ceb2304b37874a72895a7f47f00ffc5/execute/async - {"script":"<script> [1562 bytes]","args":[{"selector":{"controlType":"sap.m.Text","viewName":"etm.portal.ui.managecatalogs.view.MasterCatalogs","viewId":"application-managecatalogs-display-component---masterCatalogs","bindingPath":{"path":"/Catalogs('0D7502D073D53A0F1700BE067B89AFF9')","propertyPath":"DESCRIPTION","modelName":"catalogModel"}},"wdio_ui5_key":"etmportal.ui.managecatalogs.view.MasterCatalogssap.m.Text{\"path\":\"/Catalogs('0D7502D073D53A0F1700BE067B89AFF9')\",\"propertyPath\":\"DESCRIPTION\",\"modelName\":\"catalogModel\"}"}]}
RESULT: {"script":"<script> [1562 bytes]","args":[{"selector":{"controlType":"sap.m.Text","viewName":"etm.portal.ui.managecatalogs.view.MasterCatalogs","viewId":"application-managecatalogs-display-component---masterCatalogs","bindingPath":{"path":"/Catalogs('0D7502D073D53A0F1700BE067B89AFF9')","propertyPath":"DESCRIPTION","modelName":"catalogModel"}},"wdio_ui5_key":"etmportal.ui.managecatalogs.view.MasterCatalogssap.m.Text{\"path\":\"/Catalogs('0D7502D073D53A0F1700BE067B89AFF9')\",\"propertyPath\":\"DESCRIPTION\",\"modelName\":\"catalogModel\"}"}]}
RESULT: undefined
COMMAND: POST /session/7ceb2304b37874a72895a7f47f00ffc5/element - {"using":"xpath","value":"//*[@id=\"__text435-application-managecatalogs-display-component---masterCatalogs--CatalogsTable-11\"]"}
RESULT: {"using":"xpath","value":"//*[@id=\"__text435-application-managecatalogs-display-component---masterCatalogs--CatalogsTable-11\"]"}
COMMAND: POST /session/7ceb2304b37874a72895a7f47f00ffc5/element/f.A2DC6DB0B92729488FE09C376A5B6DB2.d.E67E9D1B2799A5F42F4A04495AD2F04E.e.7664/click - {}
RESULT: {}
COMMAND: POST /session/7ceb2304b37874a72895a7f47f00ffc5/execute/async - {"script":"<script> [1562 bytes]","args":[{"selector":{"controlType":"sap.ui.layout.HorizontalLayout","viewName":"etm.portal.ui.managecatalogs.view.MasterItems","viewId":"application-managecatalogs-display-component---masterCatalogItems","ancestor":{"id":"application-managecatalogs-display-component---masterCatalogItems--idCatalogItemsTree-rows-row0"}},"wdio_ui5_key":"etmportal.ui.managecatalogs.view.MasterItemssap.ui.layout.HorizontalLayout{\"id\":\"application-managecatalogs-display-component---masterCatalogItems--idCatalogItemsTree-rows-row0\"}"}]}
COMMAND: GET /session/7ceb2304b37874a72895a7f47f00ffc5/screenshot - {}
RESULT: {"script":"<script> [1562 bytes]","args":[{"selector":{"controlType":"sap.ui.layout.HorizontalLayout","viewName":"etm.portal.ui.managecatalogs.view.MasterItems","viewId":"application-managecatalogs-display-component---masterCatalogItems","ancestor":{"id":"application-managecatalogs-display-component---masterCatalogItems--idCatalogItemsTree-rows-row0"}},"wdio_ui5_key":"etmportal.ui.managecatalogs.view.MasterItemssap.ui.layout.HorizontalLayout{\"id\":\"application-managecatalogs-display-component---masterCatalogItems--idCatalogItemsTree-rows-row0\"}"}]}
RESULT: undefined
COMMAND: POST /session/7ceb2304b37874a72895a7f47f00ffc5/element - {"using":"xpath","value":"//*[@id=\"__layout40-__clone438\"]"}
RESULT: {}
RESULT: {"using":"xpath","value":"//*[@id=\"__layout40-__clone438\"]"}
COMMAND: POST /session/7ceb2304b37874a72895a7f47f00ffc5/element/f.A2DC6DB0B92729488FE09C376A5B6DB2.d.E67E9D1B2799A5F42F4A04495AD2F04E.e.7698/click - {}
RESULT: {}
COMMAND: GET /session/7ceb2304b37874a72895a7f47f00ffc5/screenshot - {}
RESULT: {}
COMMAND: POST /session/7ceb2304b37874a72895a7f47f00ffc5/execute/async - {"script":"<script> [1562 bytes]","args":[{"selector":{"controlType":"sap.m.Button","viewName":"etm.portal.ui.managecatalogs.view.Detail","viewId":"application-managecatalogs-display-component---detailCatalog","i18NText":{"propertyName":"text","key":"edit"},"interaction":{"idSuffix":"BDI-content"}},"wdio_ui5_key":"etmportal.ui.managecatalogs.view.Detailsap.m.Button{\"propertyName\":\"text\",\"key\":\"edit\"}"}]}
RESULT: {"script":"<script> [1562 bytes]","args":[{"selector":{"controlType":"sap.m.Button","viewName":"etm.portal.ui.managecatalogs.view.Detail","viewId":"application-managecatalogs-display-component---detailCatalog","i18NText":{"propertyName":"text","key":"edit"},"interaction":{"idSuffix":"BDI-content"}},"wdio_ui5_key":"etmportal.ui.managecatalogs.view.Detailsap.m.Button{\"propertyName\":\"text\",\"key\":\"edit\"}"}]}
RESULT: undefined
COMMAND: POST /session/7ceb2304b37874a72895a7f47f00ffc5/element - {"using":"xpath","value":"//*[@id=\"__button88\"]"}
RESULT: {"using":"xpath","value":"//*[@id=\"__button88\"]"}
COMMAND: POST /session/7ceb2304b37874a72895a7f47f00ffc5/element/f.A2DC6DB0B92729488FE09C376A5B6DB2.d.E67E9D1B2799A5F42F4A04495AD2F04E.e.7811/click - {}
RESULT: {}
COMMAND: GET /session/7ceb2304b37874a72895a7f47f00ffc5/screenshot - {}
RESULT: {}
COMMAND: POST /session/7ceb2304b37874a72895a7f47f00ffc5/element - {"using":"xpath","value":"//bdi[contains(text(), \"Unlock\")]"}
RESULT: {"using":"xpath","value":"//bdi[contains(text(), \"Unlock\")]"}
COMMAND: POST /session/7ceb2304b37874a72895a7f47f00ffc5/elements - {"using":"xpath","value":"//bdi[contains(text(), \"Unlock\")]"}
RESULT: {"using":"xpath","value":"//bdi[contains(text(), \"Unlock\")]"}
COMMAND: POST /session/7ceb2304b37874a72895a7f47f00ffc5/execute/async - {"script":"<script> [1562 bytes]","args":[{"selector":{"controlType":"sap.ui.core.Icon","viewName":"etm.portal.ui.managecatalogs.view.Detail","viewId":"application-managecatalogs-display-component---detailCatalog","properties":{"src":{"regex":{"source":"add\\-folder"}}}},"wdio_ui5_key":"etmportal.ui.managecatalogs.view.Detailsap.ui.core.Icon{\"src\":{\"regex\":{\"source\":\"add\\\\-folder\"}}}"}]}
RESULT: {"script":"<script> [1562 bytes]","args":[{"selector":{"controlType":"sap.ui.core.Icon","viewName":"etm.portal.ui.managecatalogs.view.Detail","viewId":"application-managecatalogs-display-component---detailCatalog","properties":{"src":{"regex":{"source":"add\\-folder"}}}},"wdio_ui5_key":"etmportal.ui.managecatalogs.view.Detailsap.ui.core.Icon{\"src\":{\"regex\":{\"source\":\"add\\\\-folder\"}}}"}]}
RESULT: undefined
COMMAND: POST /session/7ceb2304b37874a72895a7f47f00ffc5/element - {"using":"xpath","value":"//*[@id=\"__button96-img\"]"}
RESULT: {"using":"xpath","value":"//*[@id=\"__button96-img\"]"}
COMMAND: POST /session/7ceb2304b37874a72895a7f47f00ffc5/element/f.A2DC6DB0B92729488FE09C376A5B6DB2.d.E67E9D1B2799A5F42F4A04495AD2F04E.e.7820/click - {}
RESULT: {}
COMMAND: GET /session/7ceb2304b37874a72895a7f47f00ffc5/screenshot - {}
RESULT: {}
COMMAND: POST /session/7ceb2304b37874a72895a7f47f00ffc5/execute/async - {"script":"<script> [1562 bytes]","args":[{"selector":{"id":"application-managecatalogs-display-component---detailCatalog--numberInput","searchOpenDialogs":true,"interaction":{"idSuffix":"inner"}},"wdio_ui5_key":"applicationmanagecatalogs-display-component---detailCatalog--numberInput"}]}
RESULT: {"script":"<script> [1562 bytes]","args":[{"selector":{"id":"application-managecatalogs-display-component---detailCatalog--numberInput","searchOpenDialogs":true,"interaction":{"idSuffix":"inner"}},"wdio_ui5_key":"applicationmanagecatalogs-display-component---detailCatalog--numberInput"}]}
RESULT: undefined
COMMAND: POST /session/7ceb2304b37874a72895a7f47f00ffc5/execute/async - {"script":"<script> [776 bytes]","args":[{"enterText":"Sectiongkmas","selector":{"id":"application-managecatalogs-display-component---detailCatalog--numberInput","searchOpenDialogs":true,"interaction":{"idSuffix":"inner"}},"clearTextFirst":true,"interactionType":"ENTER_TEXT"}]}
RESULT: {"script":"<script> [776 bytes]","args":[{"enterText":"Sectiongkmas","selector":{"id":"application-managecatalogs-display-component---detailCatalog--numberInput","searchOpenDialogs":true,"interaction":{"idSuffix":"inner"}},"clearTextFirst":true,"interactionType":"ENTER_TEXT"}]}
COMMAND: POST /session/7ceb2304b37874a72895a7f47f00ffc5/element - {"using":"css selector","value":"#application-managecatalogs-display-component---detailCatalog--nameInput-inner"}
RESULT: {"using":"css selector","value":"#application-managecatalogs-display-component---detailCatalog--nameInput-inner"}
COMMAND: POST /session/7ceb2304b37874a72895a7f47f00ffc5/elements - {"using":"css selector","value":"#application-managecatalogs-display-component---detailCatalog--nameInput-inner"}
RESULT: {"using":"css selector","value":"#application-managecatalogs-display-component---detailCatalog--nameInput-inner"}
COMMAND: POST /session/7ceb2304b37874a72895a7f47f00ffc5/element/f.A2DC6DB0B92729488FE09C376A5B6DB2.d.E67E9D1B2799A5F42F4A04495AD2F04E.e.7824/clear - {}
RESULT: {}
COMMAND: POST /session/7ceb2304b37874a72895a7f47f00ffc5/element/f.A2DC6DB0B92729488FE09C376A5B6DB2.d.E67E9D1B2799A5F42F4A04495AD2F04E.e.7824/value - {"text":"Webdriverd1mob"}
COMMAND: GET /session/7ceb2304b37874a72895a7f47f00ffc5/screenshot - {}
RESULT: {"text":"Webdriverd1mob"}
COMMAND: POST /session/7ceb2304b37874a72895a7f47f00ffc5/execute/async - {"script":"<script> [1562 bytes]","args":[{"selector":{"controlType":"sap.m.Button","viewName":"etm.portal.ui.managecatalogs.view.Detail","viewId":"application-managecatalogs-display-component---detailCatalog","i18NText":{"propertyName":"text","key":"create"},"searchOpenDialogs":true,"interaction":{"idSuffix":"BDI-content"}},"wdio_ui5_key":"etmportal.ui.managecatalogs.view.Detailsap.m.Button{\"propertyName\":\"text\",\"key\":\"create\"}"}]}
COMMAND: GET /session/7ceb2304b37874a72895a7f47f00ffc5/screenshot - {}
RESULT: {}
RESULT: {"script":"<script> [1562 bytes]","args":[{"selector":{"controlType":"sap.m.Button","viewName":"etm.portal.ui.managecatalogs.view.Detail","viewId":"application-managecatalogs-display-component---detailCatalog","i18NText":{"propertyName":"text","key":"create"},"searchOpenDialogs":true,"interaction":{"idSuffix":"BDI-content"}},"wdio_ui5_key":"etmportal.ui.managecatalogs.view.Detailsap.m.Button{\"propertyName\":\"text\",\"key\":\"create\"}"}]}
RESULT: undefined
COMMAND: POST /session/7ceb2304b37874a72895a7f47f00ffc5/element - {"using":"xpath","value":"//*[@id=\"__button66\"]"}
RESULT: {}
RESULT: {"using":"xpath","value":"//*[@id=\"__button66\"]"}
COMMAND: POST /session/7ceb2304b37874a72895a7f47f00ffc5/element/f.A2DC6DB0B92729488FE09C376A5B6DB2.d.E67E9D1B2799A5F42F4A04495AD2F04E.e.7829/click - {}
RESULT: {}
COMMAND: GET /session/7ceb2304b37874a72895a7f47f00ffc5/screenshot - {}
RESULT: {}
COMMAND: POST /session/7ceb2304b37874a72895a7f47f00ffc5/element - {"using":"xpath","value":"//button[@title=\"Save\"]"}
RESULT: {"using":"xpath","value":"//button[@title=\"Save\"]"}
COMMAND: POST /session/7ceb2304b37874a72895a7f47f00ffc5/element/f.A2DC6DB0B92729488FE09C376A5B6DB2.d.E67E9D1B2799A5F42F4A04495AD2F04E.e.7830/click - {}
RESULT: {}
COMMAND: POST /session/7ceb2304b37874a72895a7f47f00ffc5/execute/async - {"script":"<script> [1562 bytes]","args":[{"selector":{"controlType":"sap.ui.core.Icon","viewName":"etm.portal.ui.managecatalogs.view.Detail","viewId":"application-managecatalogs-display-component---detailCatalog","properties":{"src":{"regex":{"source":"decline"}}}},"wdio_ui5_key":"etmportal.ui.managecatalogs.view.Detailsap.ui.core.Icon{\"src\":{\"regex\":{\"source\":\"decline\"}}}"}]}
COMMAND: GET /session/7ceb2304b37874a72895a7f47f00ffc5/screenshot - {}
RESULT: {"script":"<script> [1562 bytes]","args":[{"selector":{"controlType":"sap.ui.core.Icon","viewName":"etm.portal.ui.managecatalogs.view.Detail","viewId":"application-managecatalogs-display-component---detailCatalog","properties":{"src":{"regex":{"source":"decline"}}}},"wdio_ui5_key":"etmportal.ui.managecatalogs.view.Detailsap.ui.core.Icon{\"src\":{\"regex\":{\"source\":\"decline\"}}}"}]}
RESULT: undefined
COMMAND: POST /session/7ceb2304b37874a72895a7f47f00ffc5/element - {"using":"xpath","value":"//*[@id=\"__button91-img\"]"}
RESULT: {}
RESULT: {"using":"xpath","value":"//*[@id=\"__button91-img\"]"}
COMMAND: POST /session/7ceb2304b37874a72895a7f47f00ffc5/element/f.A2DC6DB0B92729488FE09C376A5B6DB2.d.E67E9D1B2799A5F42F4A04495AD2F04E.e.7835/click - {}
RESULT: {}
COMMAND: GET /session/7ceb2304b37874a72895a7f47f00ffc5/screenshot - {}
RESULT: {}
COMMAND: POST /session/7ceb2304b37874a72895a7f47f00ffc5/execute/async - {"script":"<script> [1562 bytes]","args":[{"selector":{"controlType":"sap.ui.core.Icon","viewName":"etm.portal.ui.managecatalogs.view.MasterItems","viewId":"application-managecatalogs-display-component---masterCatalogItems","properties":{"src":{"regex":{"source":"refresh"}}}},"wdio_ui5_key":"etmportal.ui.managecatalogs.view.MasterItemssap.ui.core.Icon{\"src\":{\"regex\":{\"source\":\"refresh\"}}}"}]}
RESULT: {"script":"<script> [1562 bytes]","args":[{"selector":{"controlType":"sap.ui.core.Icon","viewName":"etm.portal.ui.managecatalogs.view.MasterItems","viewId":"application-managecatalogs-display-component---masterCatalogItems","properties":{"src":{"regex":{"source":"refresh"}}}},"wdio_ui5_key":"etmportal.ui.managecatalogs.view.MasterItemssap.ui.core.Icon{\"src\":{\"regex\":{\"source\":\"refresh\"}}}"}]}
RESULT: undefined
COMMAND: POST /session/7ceb2304b37874a72895a7f47f00ffc5/element - {"using":"xpath","value":"//*[@id=\"__button64-img\"]"}
RESULT: {"using":"xpath","value":"//*[@id=\"__button64-img\"]"}
COMMAND: POST /session/7ceb2304b37874a72895a7f47f00ffc5/element/f.A2DC6DB0B92729488FE09C376A5B6DB2.d.E67E9D1B2799A5F42F4A04495AD2F04E.e.7871/click - {}
RESULT: {}
COMMAND: POST /session/7ceb2304b37874a72895a7f47f00ffc5/execute/async - {"script":"<script> [1562 bytes]","args":[{"selector":{"id":"application-managecatalogs-display-component---masterCatalogItems--searchItemsField","interaction":{"idSuffix":"I"}},"wdio_ui5_key":"applicationmanagecatalogs-display-component---masterCatalogItems--searchItemsField"}]}
COMMAND: GET /session/7ceb2304b37874a72895a7f47f00ffc5/screenshot - {}
RESULT: {"script":"<script> [1562 bytes]","args":[{"selector":{"id":"application-managecatalogs-display-component---masterCatalogItems--searchItemsField","interaction":{"idSuffix":"I"}},"wdio_ui5_key":"applicationmanagecatalogs-display-component---masterCatalogItems--searchItemsField"}]}
RESULT: undefined
COMMAND: POST /session/7ceb2304b37874a72895a7f47f00ffc5/execute/async - {"script":"<script> [776 bytes]","args":[{"enterText":"Webdriverd1mob","selector":{"id":"application-managecatalogs-display-component---masterCatalogItems--searchItemsField","interaction":{"idSuffix":"I"}},"clearTextFirst":true,"interactionType":"ENTER_TEXT"}]}
RESULT: {}
RESULT: {"script":"<script> [776 bytes]","args":[{"enterText":"Webdriverd1mob","selector":{"id":"application-managecatalogs-display-component---masterCatalogItems--searchItemsField","interaction":{"idSuffix":"I"}},"clearTextFirst":true,"interactionType":"ENTER_TEXT"}]}
COMMAND: POST /session/7ceb2304b37874a72895a7f47f00ffc5/actions - {"actions":[{"id":"action48","type":"key","parameters":{},"actions":[{"type":"keyDown","value":"î€‡"},{"type":"pause","duration":10},{"type":"keyUp","value":"î€‡"}]}]}
RESULT: {"actions":[{"id":"action48","type":"key","parameters":{},"actions":[{"type":"keyDown","value":"î€‡"},{"type":"pause","duration":10},{"type":"keyUp","value":"î€‡"}]}]}
COMMAND: POST /session/7ceb2304b37874a72895a7f47f00ffc5/element - {"using":"xpath","value":"(//span[contains(text(), \"Webdriverd1mob\")])[1]"}
COMMAND: GET /session/7ceb2304b37874a72895a7f47f00ffc5/screenshot - {}
RESULT: {"using":"xpath","value":"(//span[contains(text(), \"Webdriverd1mob\")])[1]"}
COMMAND: POST /session/7ceb2304b37874a72895a7f47f00ffc5/element/f.A2DC6DB0B92729488FE09C376A5B6DB2.d.E67E9D1B2799A5F42F4A04495AD2F04E.e.7874/click - {}
RESULT: {}
RESULT: {}
COMMAND: GET /session/7ceb2304b37874a72895a7f47f00ffc5/screenshot - {}
RESULT: {}
RESULT: undefined
COMMAND: POST /session/7ceb2304b37874a72895a7f47f00ffc5/element - {"using":"xpath","value":"//*[@id=\"__button88\"]"}
RESULT: {"using":"xpath","value":"//*[@id=\"__button88\"]"}
COMMAND: POST /session/7ceb2304b37874a72895a7f47f00ffc5/element/f.A2DC6DB0B92729488FE09C376A5B6DB2.d.E67E9D1B2799A5F42F4A04495AD2F04E.e.7911/click - {}
RESULT: {}
COMMAND: GET /session/7ceb2304b37874a72895a7f47f00ffc5/screenshot - {}
RESULT: {}
RESULT: undefined
COMMAND: POST /session/7ceb2304b37874a72895a7f47f00ffc5/element - {"using":"xpath","value":"//*[@id=\"__button96-img\"]"}
RESULT: {"using":"xpath","value":"//*[@id=\"__button96-img\"]"}
COMMAND: POST /session/7ceb2304b37874a72895a7f47f00ffc5/element/f.A2DC6DB0B92729488FE09C376A5B6DB2.d.E67E9D1B2799A5F42F4A04495AD2F04E.e.7959/click - {}
RESULT: {}
COMMAND: GET /session/7ceb2304b37874a72895a7f47f00ffc5/screenshot - {}
RESULT: {}
RESULT: undefined
COMMAND: POST /session/7ceb2304b37874a72895a7f47f00ffc5/execute/async - {"script":"<script> [776 bytes]","args":[{"enterText":"SecondSectionjfrbz","selector":{"id":"application-managecatalogs-display-component---detailCatalog--numberInput","searchOpenDialogs":true,"interaction":{"idSuffix":"inner"}},"clearTextFirst":true,"interactionType":"ENTER_TEXT"}]}
RESULT: {"script":"<script> [776 bytes]","args":[{"enterText":"SecondSectionjfrbz","selector":{"id":"application-managecatalogs-display-component---detailCatalog--numberInput","searchOpenDialogs":true,"interaction":{"idSuffix":"inner"}},"clearTextFirst":true,"interactionType":"ENTER_TEXT"}]}
COMMAND: POST /session/7ceb2304b37874a72895a7f47f00ffc5/element - {"using":"xpath","value":"//input[contains(@id ,\"application-managecatalogs-display-component---detailCatalog--nameInput-inner\")]"}
RESULT: {"using":"xpath","value":"//input[contains(@id ,\"application-managecatalogs-display-component---detailCatalog--nameInput-inner\")]"}
COMMAND: POST /session/7ceb2304b37874a72895a7f47f00ffc5/elements - {"using":"xpath","value":"//input[contains(@id ,\"application-managecatalogs-display-component---detailCatalog--nameInput-inner\")]"}
RESULT: {"using":"xpath","value":"//input[contains(@id ,\"application-managecatalogs-display-component---detailCatalog--nameInput-inner\")]"}
COMMAND: POST /session/7ceb2304b37874a72895a7f47f00ffc5/element/f.A2DC6DB0B92729488FE09C376A5B6DB2.d.E67E9D1B2799A5F42F4A04495AD2F04E.e.7963/clear - {}
RESULT: {}
COMMAND: POST /session/7ceb2304b37874a72895a7f47f00ffc5/element/f.A2DC6DB0B92729488FE09C376A5B6DB2.d.E67E9D1B2799A5F42F4A04495AD2F04E.e.7963/value - {"text":"webdriversecondwcti1f"}
COMMAND: GET /session/7ceb2304b37874a72895a7f47f00ffc5/screenshot - {}
RESULT: {"text":"webdriversecondwcti1f"}
RESULT: undefined
COMMAND: POST /session/7ceb2304b37874a72895a7f47f00ffc5/element - {"using":"xpath","value":"//*[@id=\"__button66\"]"}
COMMAND: GET /session/7ceb2304b37874a72895a7f47f00ffc5/screenshot - {}
RESULT: {}
RESULT: {"using":"xpath","value":"//*[@id=\"__button66\"]"}
COMMAND: POST /session/7ceb2304b37874a72895a7f47f00ffc5/element/f.A2DC6DB0B92729488FE09C376A5B6DB2.d.E67E9D1B2799A5F42F4A04495AD2F04E.e.7967/click - {}
RESULT: {}
RESULT: {}
COMMAND: GET /session/7ceb2304b37874a72895a7f47f00ffc5/screenshot - {}
RESULT: {}
COMMAND: POST /session/7ceb2304b37874a72895a7f47f00ffc5/element - {"using":"xpath","value":"//button[@title=\"Save\"]"}
RESULT: {"using":"xpath","value":"//button[@title=\"Save\"]"}
COMMAND: POST /session/7ceb2304b37874a72895a7f47f00ffc5/element/f.A2DC6DB0B92729488FE09C376A5B6DB2.d.E67E9D1B2799A5F42F4A04495AD2F04E.e.7945/click - {}
RESULT: {}
COMMAND: GET /session/7ceb2304b37874a72895a7f47f00ffc5/screenshot - {}
RESULT: {}
RESULT: undefined
COMMAND: POST /session/7ceb2304b37874a72895a7f47f00ffc5/element - {"using":"xpath","value":"//*[@id=\"__button91-img\"]"}
RESULT: {"using":"xpath","value":"//*[@id=\"__button91-img\"]"}
COMMAND: POST /session/7ceb2304b37874a72895a7f47f00ffc5/element/f.A2DC6DB0B92729488FE09C376A5B6DB2.d.E67E9D1B2799A5F42F4A04495AD2F04E.e.7918/click - {}
RESULT: {}
COMMAND: GET /session/7ceb2304b37874a72895a7f47f00ffc5/screenshot - {}
RESULT: {}
RESULT: undefined
COMMAND: POST /session/7ceb2304b37874a72895a7f47f00ffc5/element - {"using":"xpath","value":"//*[@id=\"__button64-img\"]"}
RESULT: {"using":"xpath","value":"//*[@id=\"__button64-img\"]"}
COMMAND: POST /session/7ceb2304b37874a72895a7f47f00ffc5/element/f.A2DC6DB0B92729488FE09C376A5B6DB2.d.E67E9D1B2799A5F42F4A04495AD2F04E.e.8005/click - {}
RESULT: {}
COMMAND: GET /session/7ceb2304b37874a72895a7f47f00ffc5/screenshot - {}
RESULT: {}
RESULT: undefined
COMMAND: POST /session/7ceb2304b37874a72895a7f47f00ffc5/execute/async - {"script":"<script> [776 bytes]","args":[{"enterText":"SecondSectionjfrbz","selector":{"id":"application-managecatalogs-display-component---masterCatalogItems--searchItemsField","interaction":{"idSuffix":"I"}},"clearTextFirst":true,"interactionType":"ENTER_TEXT"}]}
RESULT: {"script":"<script> [776 bytes]","args":[{"enterText":"SecondSectionjfrbz","selector":{"id":"application-managecatalogs-display-component---masterCatalogItems--searchItemsField","interaction":{"idSuffix":"I"}},"clearTextFirst":true,"interactionType":"ENTER_TEXT"}]}
COMMAND: POST /session/7ceb2304b37874a72895a7f47f00ffc5/actions - {"actions":[{"id":"action49","type":"key","parameters":{},"actions":[{"type":"keyDown","value":"î€‡"},{"type":"pause","duration":10},{"type":"keyUp","value":"î€‡"}]}]}
RESULT: {"actions":[{"id":"action49","type":"key","parameters":{},"actions":[{"type":"keyDown","value":"î€‡"},{"type":"pause","duration":10},{"type":"keyUp","value":"î€‡"}]}]}
COMMAND: POST /session/7ceb2304b37874a72895a7f47f00ffc5/element - {"using":"xpath","value":"(//span[contains(text(), \"SecondSectionjfrbz\")])[1]"}
COMMAND: GET /session/7ceb2304b37874a72895a7f47f00ffc5/screenshot - {}
RESULT: {"using":"xpath","value":"(//span[contains(text(), \"SecondSectionjfrbz\")])[1]"}
COMMAND: POST /session/7ceb2304b37874a72895a7f47f00ffc5/element/f.A2DC6DB0B92729488FE09C376A5B6DB2.d.E67E9D1B2799A5F42F4A04495AD2F04E.e.8008/click - {}
RESULT: {}
RESULT: {}
COMMAND: POST /session/7ceb2304b37874a72895a7f47f00ffc5/element - {"using":"xpath","value":"(//span[contains(text(), \"SecondSectionjfrbz\")])[1]"}
COMMAND: GET /session/7ceb2304b37874a72895a7f47f00ffc5/screenshot - {}
RESULT: {"using":"xpath","value":"(//span[contains(text(), \"SecondSectionjfrbz\")])[1]"}
COMMAND: GET /session/7ceb2304b37874a72895a7f47f00ffc5/element/f.A2DC6DB0B92729488FE09C376A5B6DB2.d.E67E9D1B2799A5F42F4A04495AD2F04E.e.8008/text - {}
RESULT: {}
COMMAND: POST /session/7ceb2304b37874a72895a7f47f00ffc5/element - {"using":"xpath","value":"(//span[contains(text(), \"SecondSectionjfrbz\")])[1]"}
RESULT: {"using":"xpath","value":"(//span[contains(text(), \"SecondSectionjfrbz\")])[1]"}
COMMAND: GET /session/7ceb2304b37874a72895a7f47f00ffc5/element/f.A2DC6DB0B92729488FE09C376A5B6DB2.d.E67E9D1B2799A5F42F4A04495AD2F04E.e.8008/text - {}
COMMAND: POST /session/7ceb2304b37874a72895a7f47f00ffc5/element - {"using":"xpath","value":"(//span[contains(text(), \"SecondSectionjfrbz\")])[1]"}
RESULT: {"using":"xpath","value":"(//span[contains(text(), \"SecondSectionjfrbz\")])[1]"}
COMMAND: GET /session/7ceb2304b37874a72895a7f47f00ffc5/element/f.A2DC6DB0B92729488FE09C376A5B6DB2.d.E67E9D1B2799A5F42F4A04495AD2F04E.e.8059/text - {}
RESULT: {}
COMMAND: POST /session/7ceb2304b37874a72895a7f47f00ffc5/refresh - {}
RESULT: {}
COMMAND: GET /session/7ceb2304b37874a72895a7f47f00ffc5/screenshot - {}
RESULT: {}
COMMAND: POST /session/7ceb2304b37874a72895a7f47f00ffc5/execute/async - {"script":"<script> [189 bytes]","args":[]}
RESULT: {"script":"<script> [189 bytes]","args":[]}
COMMAND: POST /session/7ceb2304b37874a72895a7f47f00ffc5/execute/async - {"script":"<script> [123 bytes]","args":[]}
RESULT: {"script":"<script> [123 bytes]","args":[]}
COMMAND: POST /session/7ceb2304b37874a72895a7f47f00ffc5/timeouts - {"script":"<number>"}
RESULT: {"script":"<number>"}
COMMAND: GET /session/7ceb2304b37874a72895a7f47f00ffc5/timeouts - {}
RESULT: {}
RESULT: undefined
COMMAND: POST /session/7ceb2304b37874a72895a7f47f00ffc5/execute/async - {"script":"<script> [2676 bytes]","args":[]}
RESULT: {"script":"<script> [2676 bytes]","args":[]}
COMMAND: POST /session/7ceb2304b37874a72895a7f47f00ffc5/execute/async - {"script":"<script> [2342 bytes]","args":[{"protocol":"http","hostname":"0.0.0.0","path":"/","capabilities":{"browserName":"chrome","goog:chromeOptions":{"binary":"C:\\Program Files\\Google\\Chrome\\Application\\chrome.exe","args":["--start-maximized"]}},"logLevel":"warn","connectionRetryTimeout":120000,"connectionRetryCount":3,"logLevels":{},"enableDirectConnect":true,"strictSSL":true,"_":"65 more keys: [\"cacheDir\",\"port\",\"requestedCapabilities\",\"automationProtocol\",\"baseUrl\",\"waitforInterval\",\"waitforTimeout\",\"onReload\",\"beforeCommand\",\"afterCommand\",\"rootDir\",\"specs\",\"suites\",\"exclude\",\"groupLogsByTestSpec\",\"excludeDriverLogs\",\"bail\",\"framework\",\"reporters\",\"services\",\"maxInstances\",\"maxInstancesPerCapability\",\"injectGlobals\",\"filesToWatch\",\"execArgv\",\"runnerEnv\",\"runner\",\"shard\",\"specFileRetries\",\"specFileRetriesDelay\",\"specFileRetriesDeferred\",\"reporterSyncInterval\",\"reporterSyncTimeout\",\"cucumberFeaturesWithLineNumbers\",\"autoCompileOpts\",\"mochaOpts\",\"jasmineOpts\",\"cucumberOpts\",\"onPrepare\",\"onWorkerStart\",\"onWorkerEnd\",\"before\",\"beforeSession\",\"beforeSuite\",\"beforeHook\",\"beforeTest\",\"afterTest\",\"afterHook\",\"afterSuite\",\"afterSession\",\"after\",\"onComplete\",\"beforeAssertion\",\"afterAssertion\",\"beforeFeature\",\"beforeScenario\",\"beforeStep\",\"afterStep\",\"afterScenario\",\"afterFeature\",\"_\",\"suite\",\"$0\",\"ignoredWorkerServices\",\"wdi5\"]"}]}
RESULT: {"script":"<script> [2342 bytes]","args":[{"protocol":"http","hostname":"0.0.0.0","path":"/","capabilities":{"browserName":"chrome","goog:chromeOptions":{"binary":"C:\\Program Files\\Google\\Chrome\\Application\\chrome.exe","args":["--start-maximized"]}},"logLevel":"warn","connectionRetryTimeout":120000,"connectionRetryCount":3,"logLevels":{},"enableDirectConnect":true,"strictSSL":true,"_":"65 more keys: [\"cacheDir\",\"port\",\"requestedCapabilities\",\"automationProtocol\",\"baseUrl\",\"waitforInterval\",\"waitforTimeout\",\"onReload\",\"beforeCommand\",\"afterCommand\",\"rootDir\",\"specs\",\"suites\",\"exclude\",\"groupLogsByTestSpec\",\"excludeDriverLogs\",\"bail\",\"framework\",\"reporters\",\"services\",\"maxInstances\",\"maxInstancesPerCapability\",\"injectGlobals\",\"filesToWatch\",\"execArgv\",\"runnerEnv\",\"runner\",\"shard\",\"specFileRetries\",\"specFileRetriesDelay\",\"specFileRetriesDeferred\",\"reporterSyncInterval\",\"reporterSyncTimeout\",\"cucumberFeaturesWithLineNumbers\",\"autoCompileOpts\",\"mochaOpts\",\"jasmineOpts\",\"cucumberOpts\",\"onPrepare\",\"onWorkerStart\",\"onWorkerEnd\",\"before\",\"beforeSession\",\"beforeSuite\",\"beforeHook\",\"beforeTest\",\"afterTest\",\"afterHook\",\"afterSuite\",\"afterSession\",\"after\",\"onComplete\",\"beforeAssertion\",\"afterAssertion\",\"beforeFeature\",\"beforeScenario\",\"beforeStep\",\"afterStep\",\"afterScenario\",\"afterFeature\",\"_\",\"suite\",\"$0\",\"ignoredWorkerServices\",\"wdi5\"]"}]}
COMMAND: POST /session/7ceb2304b37874a72895a7f47f00ffc5/execute/async - {"script":"<script> [21126 bytes]","args":[35000]}
RESULT: {"script":"<script> [21126 bytes]","args":[35000]}
COMMAND: POST /session/7ceb2304b37874a72895a7f47f00ffc5/execute/async - {"script":"<script> [1562 bytes]","args":[{"selector":{"controlType":"sap.m.Button","viewName":"etm.portal.ui.managecatalogs.view.Detail","viewId":"application-managecatalogs-display-component---detailCatalog","i18NText":{"propertyName":"text","key":"edit"},"interaction":{"idSuffix":"BDI-content"}},"wdio_ui5_key":"etmportal.ui.managecatalogs.view.Detailsap.m.Button{\"propertyName\":\"text\",\"key\":\"edit\"}"}]}
RESULT: {"script":"<script> [1562 bytes]","args":[{"selector":{"controlType":"sap.m.Button","viewName":"etm.portal.ui.managecatalogs.view.Detail","viewId":"application-managecatalogs-display-component---detailCatalog","i18NText":{"propertyName":"text","key":"edit"},"interaction":{"idSuffix":"BDI-content"}},"wdio_ui5_key":"etmportal.ui.managecatalogs.view.Detailsap.m.Button{\"propertyName\":\"text\",\"key\":\"edit\"}"}]}
RESULT: undefined
COMMAND: POST /session/7ceb2304b37874a72895a7f47f00ffc5/element - {"using":"xpath","value":"//*[@id=\"__button25\"]"}
RESULT: {"using":"xpath","value":"//*[@id=\"__button25\"]"}
COMMAND: POST /session/7ceb2304b37874a72895a7f47f00ffc5/element/f.A2DC6DB0B92729488FE09C376A5B6DB2.d.72781C58D632C404FD3454E2CD029E95.e.8120/click - {}
RESULT: {}
COMMAND: POST /session/7ceb2304b37874a72895a7f47f00ffc5/execute/async - {"script":"<script> [1562 bytes]","args":[{"selector":{"controlType":"sap.ui.core.Icon","viewName":"etm.portal.ui.managecatalogs.view.Detail","viewId":"application-managecatalogs-display-component---detailCatalog","properties":{"src":{"regex":{"source":"add\\-document"}}}},"wdio_ui5_key":"etmportal.ui.managecatalogs.view.Detailsap.ui.core.Icon{\"src\":{\"regex\":{\"source\":\"add\\\\-document\"}}}"}]}
COMMAND: GET /session/7ceb2304b37874a72895a7f47f00ffc5/screenshot - {}
RESULT: {"script":"<script> [1562 bytes]","args":[{"selector":{"controlType":"sap.ui.core.Icon","viewName":"etm.portal.ui.managecatalogs.view.Detail","viewId":"application-managecatalogs-display-component---detailCatalog","properties":{"src":{"regex":{"source":"add\\-document"}}}},"wdio_ui5_key":"etmportal.ui.managecatalogs.view.Detailsap.ui.core.Icon{\"src\":{\"regex\":{\"source\":\"add\\\\-document\"}}}"}]}
RESULT: undefined
COMMAND: POST /session/7ceb2304b37874a72895a7f47f00ffc5/element - {"using":"xpath","value":"//*[@id=\"__button34-img\"]"}
RESULT: {}
RESULT: {"using":"xpath","value":"//*[@id=\"__button34-img\"]"}
COMMAND: POST /session/7ceb2304b37874a72895a7f47f00ffc5/element/f.A2DC6DB0B92729488FE09C376A5B6DB2.d.72781C58D632C404FD3454E2CD029E95.e.8126/click - {}
RESULT: {}
COMMAND: POST /session/7ceb2304b37874a72895a7f47f00ffc5/execute/async - {"script":"<script> [1562 bytes]","args":[{"selector":{"id":"application-managecatalogs-display-component---detailCatalog--newItemNumberInput","searchOpenDialogs":true,"interaction":{"idSuffix":"inner"}},"wdio_ui5_key":"applicationmanagecatalogs-display-component---detailCatalog--newItemNumberInput"}]}
COMMAND: GET /session/7ceb2304b37874a72895a7f47f00ffc5/screenshot - {}
RESULT: {"script":"<script> [1562 bytes]","args":[{"selector":{"id":"application-managecatalogs-display-component---detailCatalog--newItemNumberInput","searchOpenDialogs":true,"interaction":{"idSuffix":"inner"}},"wdio_ui5_key":"applicationmanagecatalogs-display-component---detailCatalog--newItemNumberInput"}]}
RESULT: undefined
COMMAND: POST /session/7ceb2304b37874a72895a7f47f00ffc5/execute/async - {"script":"<script> [776 bytes]","args":[{"enterText":"catalogItemv9i5ek","selector":{"id":"application-managecatalogs-display-component---detailCatalog--newItemNumberInput","searchOpenDialogs":true,"interaction":{"idSuffix":"inner"}},"clearTextFirst":true,"interactionType":"ENTER_TEXT"}]}
RESULT: {}
RESULT: {"script":"<script> [776 bytes]","args":[{"enterText":"catalogItemv9i5ek","selector":{"id":"application-managecatalogs-display-component---detailCatalog--newItemNumberInput","searchOpenDialogs":true,"interaction":{"idSuffix":"inner"}},"clearTextFirst":true,"interactionType":"ENTER_TEXT"}]}
COMMAND: POST /session/7ceb2304b37874a72895a7f47f00ffc5/execute/async - {"script":"<script> [1562 bytes]","args":[{"selector":{"controlType":"sap.m.Input","viewName":"etm.portal.ui.managecatalogs.view.Detail","viewId":"application-managecatalogs-display-component---detailCatalog","bindingPath":{"path":"","propertyPath":"/DESCRIPTION"},"searchOpenDialogs":true,"interaction":{"idSuffix":"inner"}},"wdio_ui5_key":"etmportal.ui.managecatalogs.view.Detailsap.m.Input{\"path\":\"\",\"propertyPath\":\"/DESCRIPTION\"}"}]}
RESULT: {"script":"<script> [1562 bytes]","args":[{"selector":{"controlType":"sap.m.Input","viewName":"etm.portal.ui.managecatalogs.view.Detail","viewId":"application-managecatalogs-display-component---detailCatalog","bindingPath":{"path":"","propertyPath":"/DESCRIPTION"},"searchOpenDialogs":true,"interaction":{"idSuffix":"inner"}},"wdio_ui5_key":"etmportal.ui.managecatalogs.view.Detailsap.m.Input{\"path\":\"\",\"propertyPath\":\"/DESCRIPTION\"}"}]}
RESULT: undefined
COMMAND: POST /session/7ceb2304b37874a72895a7f47f00ffc5/execute/async - {"script":"<script> [776 bytes]","args":[{"enterText":"catalogItemNameg5im1","selector":{"controlType":"sap.m.Input","viewName":"etm.portal.ui.managecatalogs.view.Detail","viewId":"application-managecatalogs-display-component---detailCatalog","bindingPath":{"path":"","propertyPath":"/DESCRIPTION"},"searchOpenDialogs":true,"interaction":{"idSuffix":"inner"}},"clearTextFirst":true,"interactionType":"ENTER_TEXT"}]}
RESULT: {"script":"<script> [776 bytes]","args":[{"enterText":"catalogItemNameg5im1","selector":{"controlType":"sap.m.Input","viewName":"etm.portal.ui.managecatalogs.view.Detail","viewId":"application-managecatalogs-display-component---detailCatalog","bindingPath":{"path":"","propertyPath":"/DESCRIPTION"},"searchOpenDialogs":true,"interaction":{"idSuffix":"inner"}},"clearTextFirst":true,"interactionType":"ENTER_TEXT"}]}
COMMAND: POST /session/7ceb2304b37874a72895a7f47f00ffc5/execute/async - {"script":"<script> [1562 bytes]","args":[{"selector":{"controlType":"sap.m.Button","viewName":"etm.portal.ui.managecatalogs.view.Detail","viewId":"application-managecatalogs-display-component---detailCatalog","i18NText":{"propertyName":"text","key":"create"},"searchOpenDialogs":true,"interaction":{"idSuffix":"BDI-content"}},"wdio_ui5_key":"etmportal.ui.managecatalogs.view.Detailsap.m.Button{\"propertyName\":\"text\",\"key\":\"create\"}"}]}
RESULT: {"script":"<script> [1562 bytes]","args":[{"selector":{"controlType":"sap.m.Button","viewName":"etm.portal.ui.managecatalogs.view.Detail","viewId":"application-managecatalogs-display-component---detailCatalog","i18NText":{"propertyName":"text","key":"create"},"searchOpenDialogs":true,"interaction":{"idSuffix":"BDI-content"}},"wdio_ui5_key":"etmportal.ui.managecatalogs.view.Detailsap.m.Button{\"propertyName\":\"text\",\"key\":\"create\"}"}]}
RESULT: undefined
COMMAND: POST /session/7ceb2304b37874a72895a7f47f00ffc5/element - {"using":"xpath","value":"//*[@id=\"__button9\"]"}
RESULT: {"using":"xpath","value":"//*[@id=\"__button9\"]"}
COMMAND: POST /session/7ceb2304b37874a72895a7f47f00ffc5/element/f.A2DC6DB0B92729488FE09C376A5B6DB2.d.72781C58D632C404FD3454E2CD029E95.e.8136/click - {}
RESULT: {}
COMMAND: GET /session/7ceb2304b37874a72895a7f47f00ffc5/screenshot - {}
RESULT: {}
COMMAND: POST /session/7ceb2304b37874a72895a7f47f00ffc5/element - {"using":"xpath","value":"//button[@title=\"Save\"]"}
RESULT: {"using":"xpath","value":"//button[@title=\"Save\"]"}
COMMAND: POST /session/7ceb2304b37874a72895a7f47f00ffc5/element/f.A2DC6DB0B92729488FE09C376A5B6DB2.d.72781C58D632C404FD3454E2CD029E95.e.8137/click - {}
RESULT: {}
COMMAND: GET /session/7ceb2304b37874a72895a7f47f00ffc5/screenshot - {}
RESULT: {}
COMMAND: POST /session/7ceb2304b37874a72895a7f47f00ffc5/execute/async - {"script":"<script> [1562 bytes]","args":[{"selector":{"controlType":"sap.ui.core.Icon","viewName":"etm.portal.ui.managecatalogs.view.Detail","viewId":"application-managecatalogs-display-component---detailCatalog","properties":{"src":{"regex":{"source":"decline"}}}},"wdio_ui5_key":"etmportal.ui.managecatalogs.view.Detailsap.ui.core.Icon{\"src\":{\"regex\":{\"source\":\"decline\"}}}"}]}
RESULT: {"script":"<script> [1562 bytes]","args":[{"selector":{"controlType":"sap.ui.core.Icon","viewName":"etm.portal.ui.managecatalogs.view.Detail","viewId":"application-managecatalogs-display-component---detailCatalog","properties":{"src":{"regex":{"source":"decline"}}}},"wdio_ui5_key":"etmportal.ui.managecatalogs.view.Detailsap.ui.core.Icon{\"src\":{\"regex\":{\"source\":\"decline\"}}}"}]}
RESULT: undefined
COMMAND: POST /session/7ceb2304b37874a72895a7f47f00ffc5/element - {"using":"xpath","value":"//*[@id=\"__button28-img\"]"}
RESULT: {"using":"xpath","value":"//*[@id=\"__button28-img\"]"}
COMMAND: POST /session/7ceb2304b37874a72895a7f47f00ffc5/element/f.A2DC6DB0B92729488FE09C376A5B6DB2.d.72781C58D632C404FD3454E2CD029E95.e.8143/click - {}
RESULT: {}
COMMAND: GET /session/7ceb2304b37874a72895a7f47f00ffc5/screenshot - {}
RESULT: {}
COMMAND: POST /session/7ceb2304b37874a72895a7f47f00ffc5/execute/async - {"script":"<script> [1562 bytes]","args":[{"selector":{"controlType":"sap.ui.core.Icon","viewName":"etm.portal.ui.managecatalogs.view.MasterItems","viewId":"application-managecatalogs-display-component---masterCatalogItems","properties":{"src":{"regex":{"source":"refresh"}}}},"wdio_ui5_key":"etmportal.ui.managecatalogs.view.MasterItemssap.ui.core.Icon{\"src\":{\"regex\":{\"source\":\"refresh\"}}}"}]}
RESULT: {"script":"<script> [1562 bytes]","args":[{"selector":{"controlType":"sap.ui.core.Icon","viewName":"etm.portal.ui.managecatalogs.view.MasterItems","viewId":"application-managecatalogs-display-component---masterCatalogItems","properties":{"src":{"regex":{"source":"refresh"}}}},"wdio_ui5_key":"etmportal.ui.managecatalogs.view.MasterItemssap.ui.core.Icon{\"src\":{\"regex\":{\"source\":\"refresh\"}}}"}]}
RESULT: undefined
COMMAND: POST /session/7ceb2304b37874a72895a7f47f00ffc5/element - {"using":"xpath","value":"//*[@id=\"__button1-img\"]"}
RESULT: {"using":"xpath","value":"//*[@id=\"__button1-img\"]"}
COMMAND: POST /session/7ceb2304b37874a72895a7f47f00ffc5/element/f.A2DC6DB0B92729488FE09C376A5B6DB2.d.72781C58D632C404FD3454E2CD029E95.e.8151/click - {}
RESULT: {}
COMMAND: GET /session/7ceb2304b37874a72895a7f47f00ffc5/screenshot - {}
RESULT: {}
COMMAND: POST /session/7ceb2304b37874a72895a7f47f00ffc5/execute/async - {"script":"<script> [1562 bytes]","args":[{"selector":{"id":"application-managecatalogs-display-component---masterCatalogItems--searchItemsField","interaction":{"idSuffix":"I"}},"wdio_ui5_key":"applicationmanagecatalogs-display-component---masterCatalogItems--searchItemsField"}]}
RESULT: {"script":"<script> [1562 bytes]","args":[{"selector":{"id":"application-managecatalogs-display-component---masterCatalogItems--searchItemsField","interaction":{"idSuffix":"I"}},"wdio_ui5_key":"applicationmanagecatalogs-display-component---masterCatalogItems--searchItemsField"}]}
RESULT: undefined
COMMAND: POST /session/7ceb2304b37874a72895a7f47f00ffc5/execute/async - {"script":"<script> [776 bytes]","args":[{"enterText":"catalogItemNameg5im1","selector":{"id":"application-managecatalogs-display-component---masterCatalogItems--searchItemsField","interaction":{"idSuffix":"I"}},"clearTextFirst":true,"interactionType":"ENTER_TEXT"}]}
RESULT: {"script":"<script> [776 bytes]","args":[{"enterText":"catalogItemNameg5im1","selector":{"id":"application-managecatalogs-display-component---masterCatalogItems--searchItemsField","interaction":{"idSuffix":"I"}},"clearTextFirst":true,"interactionType":"ENTER_TEXT"}]}
COMMAND: POST /session/7ceb2304b37874a72895a7f47f00ffc5/actions - {"actions":[{"id":"action50","type":"key","parameters":{},"actions":[{"type":"keyDown","value":"î€‡"},{"type":"pause","duration":10},{"type":"keyUp","value":"î€‡"}]}]}
RESULT: {"actions":[{"id":"action50","type":"key","parameters":{},"actions":[{"type":"keyDown","value":"î€‡"},{"type":"pause","duration":10},{"type":"keyUp","value":"î€‡"}]}]}
COMMAND: POST /session/7ceb2304b37874a72895a7f47f00ffc5/element - {"using":"xpath","value":"(//span[contains(text(), \"catalogItemNameg5im1\")])[1]"}
COMMAND: GET /session/7ceb2304b37874a72895a7f47f00ffc5/screenshot - {}
RESULT: {"using":"xpath","value":"(//span[contains(text(), \"catalogItemNameg5im1\")])[1]"}
COMMAND: POST /session/7ceb2304b37874a72895a7f47f00ffc5/element/f.A2DC6DB0B92729488FE09C376A5B6DB2.d.72781C58D632C404FD3454E2CD029E95.e.8188/click - {}
RESULT: {}
RESULT: {}
COMMAND: GET /session/7ceb2304b37874a72895a7f47f00ffc5/screenshot - {}
RESULT: {}
COMMAND: POST /session/7ceb2304b37874a72895a7f47f00ffc5/element - {"using":"xpath","value":"//span[contains(text(), \"catalogItemv9i5ek\")]"}
RESULT: {"using":"xpath","value":"//span[contains(text(), \"catalogItemv9i5ek\")]"}
COMMAND: GET /session/7ceb2304b37874a72895a7f47f00ffc5/element/f.A2DC6DB0B92729488FE09C376A5B6DB2.d.72781C58D632C404FD3454E2CD029E95.e.8248/text - {}
RESULT: {}
]]></system-out>
    </testcase>
    <testcase classname="chrome.137_0_7151_56.windows.Manage_requests_-_requests_specifications_US141095" name="Should add the classification to the catalog item" time="36.533">
      <system-out><![CDATA[
RESULT: undefined
COMMAND: POST /session/7ceb2304b37874a72895a7f47f00ffc5/element - {"using":"xpath","value":"//*[@id=\"__button25\"]"}
RESULT: {"using":"xpath","value":"//*[@id=\"__button25\"]"}
COMMAND: POST /session/7ceb2304b37874a72895a7f47f00ffc5/element/f.A2DC6DB0B92729488FE09C376A5B6DB2.d.72781C58D632C404FD3454E2CD029E95.e.8249/click - {}
RESULT: {}
COMMAND: GET /session/7ceb2304b37874a72895a7f47f00ffc5/screenshot - {}
RESULT: {}
COMMAND: POST /session/7ceb2304b37874a72895a7f47f00ffc5/execute/async - {"script":"<script> [1562 bytes]","args":[{"selector":{"id":"application-managecatalogs-display-component---detailCatalog--BASE_UNIT_OF_MEASURE-arrow"},"wdio_ui5_key":"applicationmanagecatalogs-display-component---detailCatalog--BASE_UNIT_OF_MEASURE-arrow"}]}
RESULT: {"script":"<script> [1562 bytes]","args":[{"selector":{"id":"application-managecatalogs-display-component---detailCatalog--BASE_UNIT_OF_MEASURE-arrow"},"wdio_ui5_key":"applicationmanagecatalogs-display-component---detailCatalog--BASE_UNIT_OF_MEASURE-arrow"}]}
RESULT: undefined
COMMAND: POST /session/7ceb2304b37874a72895a7f47f00ffc5/element - {"using":"xpath","value":"//*[@id=\"application-managecatalogs-display-component---detailCatalog--BASE_UNIT_OF_MEASURE-arrow\"]"}
RESULT: {"using":"xpath","value":"//*[@id=\"application-managecatalogs-display-component---detailCatalog--BASE_UNIT_OF_MEASURE-arrow\"]"}
COMMAND: POST /session/7ceb2304b37874a72895a7f47f00ffc5/element/f.A2DC6DB0B92729488FE09C376A5B6DB2.d.72781C58D632C404FD3454E2CD029E95.e.8278/click - {}
RESULT: {}
COMMAND: POST /session/7ceb2304b37874a72895a7f47f00ffc5/execute/async - {"script":"<script> [1562 bytes]","args":[{"selector":{"controlType":"sap.m.StandardListItem","viewName":"etm.portal.ui.managecatalogs.view.Detail","viewId":"application-managecatalogs-display-component---detailCatalog","properties":{"title":"Piece"},"searchOpenDialogs":true,"interaction":{"idSuffix":"titleText"}},"wdio_ui5_key":"etmportal.ui.managecatalogs.view.Detailsap.m.StandardListItem{\"title\":\"Piece\"}"}]}
COMMAND: GET /session/7ceb2304b37874a72895a7f47f00ffc5/screenshot - {}
RESULT: {"script":"<script> [1562 bytes]","args":[{"selector":{"controlType":"sap.m.StandardListItem","viewName":"etm.portal.ui.managecatalogs.view.Detail","viewId":"application-managecatalogs-display-component---detailCatalog","properties":{"title":"Piece"},"searchOpenDialogs":true,"interaction":{"idSuffix":"titleText"}},"wdio_ui5_key":"etmportal.ui.managecatalogs.view.Detailsap.m.StandardListItem{\"title\":\"Piece\"}"}]}
RESULT: undefined
COMMAND: POST /session/7ceb2304b37874a72895a7f47f00ffc5/element - {"using":"xpath","value":"//*[@id=\"__item213\"]"}
RESULT: {}
RESULT: {"using":"xpath","value":"//*[@id=\"__item213\"]"}
COMMAND: POST /session/7ceb2304b37874a72895a7f47f00ffc5/element/f.A2DC6DB0B92729488FE09C376A5B6DB2.d.72781C58D632C404FD3454E2CD029E95.e.8282/click - {}
RESULT: {}
COMMAND: POST /session/7ceb2304b37874a72895a7f47f00ffc5/element - {"using":"xpath","value":"//button[contains(@data-kt ,\"ClassificationAddClassButton\")]"}
COMMAND: GET /session/7ceb2304b37874a72895a7f47f00ffc5/screenshot - {}
RESULT: {"using":"xpath","value":"//button[contains(@data-kt ,\"ClassificationAddClassButton\")]"}
COMMAND: POST /session/7ceb2304b37874a72895a7f47f00ffc5/element/f.A2DC6DB0B92729488FE09C376A5B6DB2.d.72781C58D632C404FD3454E2CD029E95.e.8283/click - {}
RESULT: {}
RESULT: {}
COMMAND: GET /session/7ceb2304b37874a72895a7f47f00ffc5/screenshot - {}
RESULT: {}
COMMAND: POST /session/7ceb2304b37874a72895a7f47f00ffc5/element - {"using":"xpath","value":"//input[contains(@id ,\"searchField-I\")]"}
RESULT: {"using":"xpath","value":"//input[contains(@id ,\"searchField-I\")]"}
COMMAND: POST /session/7ceb2304b37874a72895a7f47f00ffc5/element/f.A2DC6DB0B92729488FE09C376A5B6DB2.d.72781C58D632C404FD3454E2CD029E95.e.8286/value - {"text":"WebdriverItemClasssgi8p"}
RESULT: {"text":"WebdriverItemClasssgi8p"}
COMMAND: POST /session/7ceb2304b37874a72895a7f47f00ffc5/actions - {"actions":[{"id":"action51","type":"key","parameters":{},"actions":[{"type":"keyDown","value":"î€‡"},{"type":"pause","duration":10},{"type":"keyUp","value":"î€‡"}]}]}
RESULT: {"actions":[{"id":"action51","type":"key","parameters":{},"actions":[{"type":"keyDown","value":"î€‡"},{"type":"pause","duration":10},{"type":"keyUp","value":"î€‡"}]}]}
COMMAND: GET /session/7ceb2304b37874a72895a7f47f00ffc5/screenshot - {}
COMMAND: GET /session/7ceb2304b37874a72895a7f47f00ffc5/screenshot - {}
RESULT: {}
RESULT: {}
COMMAND: POST /session/7ceb2304b37874a72895a7f47f00ffc5/element - {"using":"xpath","value":"//span[contains(text(), \"WebdriverItemClasssgi8p\")]"}
RESULT: {"using":"xpath","value":"//span[contains(text(), \"WebdriverItemClasssgi8p\")]"}
COMMAND: POST /session/7ceb2304b37874a72895a7f47f00ffc5/element/f.A2DC6DB0B92729488FE09C376A5B6DB2.d.72781C58D632C404FD3454E2CD029E95.e.8303/click - {}
RESULT: {}
COMMAND: GET /session/7ceb2304b37874a72895a7f47f00ffc5/screenshot - {}
RESULT: {}
COMMAND: POST /session/7ceb2304b37874a72895a7f47f00ffc5/execute/async - {"script":"<script> [1562 bytes]","args":[{"selector":{"controlType":"sap.m.Button","viewName":"etm.portal.ui.managecatalogs.view.Detail","viewId":"application-managecatalogs-display-component---detailCatalog","properties":{"text":"Classification"},"interaction":{"idSuffix":"BDI-content"}},"wdio_ui5_key":"etmportal.ui.managecatalogs.view.Detailsap.m.Button{\"text\":\"Classification\"}"}]}
RESULT: {"script":"<script> [1562 bytes]","args":[{"selector":{"controlType":"sap.m.Button","viewName":"etm.portal.ui.managecatalogs.view.Detail","viewId":"application-managecatalogs-display-component---detailCatalog","properties":{"text":"Classification"},"interaction":{"idSuffix":"BDI-content"}},"wdio_ui5_key":"etmportal.ui.managecatalogs.view.Detailsap.m.Button{\"text\":\"Classification\"}"}]}
RESULT: undefined
COMMAND: POST /session/7ceb2304b37874a72895a7f47f00ffc5/element - {"using":"xpath","value":"//*[@id=\"application-managecatalogs-display-component---detailCatalog--ObjectPageLayout-anchBar-__section3-anchor\"]"}
RESULT: {"using":"xpath","value":"//*[@id=\"application-managecatalogs-display-component---detailCatalog--ObjectPageLayout-anchBar-__section3-anchor\"]"}
COMMAND: POST /session/7ceb2304b37874a72895a7f47f00ffc5/element/f.A2DC6DB0B92729488FE09C376A5B6DB2.d.72781C58D632C404FD3454E2CD029E95.e.8308/click - {}
RESULT: {}
COMMAND: POST /session/7ceb2304b37874a72895a7f47f00ffc5/execute/async - {"script":"<script> [1562 bytes]","args":[{"selector":{"controlType":"sap.ui.core.Icon","viewName":"etm.portal.ui.managecatalogs.view.Detail","viewId":"application-managecatalogs-display-component---detailCatalog","properties":{"src":{"regex":{"source":"slim\\-arrow\\-right"}}},"ancestor":{"controlType":"sap.m.Panel","viewName":"etm.portal.ui.managecatalogs.view.Detail","viewId":"application-managecatalogs-display-component---detailCatalog"}},"wdio_ui5_key":"etmportal.ui.managecatalogs.view.Detailsap.ui.core.Icon{\"src\":{\"regex\":{\"source\":\"slim\\\\-arrow\\\\-right\"}}}{\"controlType\":\"sap.m.Panel\",\"viewName\":\"etm.portal.ui.managecatalogs.view.Detail\",\"viewId\":\"application-managecatalogs-display-component---detailCatalog\"}"}]}
COMMAND: GET /session/7ceb2304b37874a72895a7f47f00ffc5/screenshot - {}
RESULT: {"script":"<script> [1562 bytes]","args":[{"selector":{"controlType":"sap.ui.core.Icon","viewName":"etm.portal.ui.managecatalogs.view.Detail","viewId":"application-managecatalogs-display-component---detailCatalog","properties":{"src":{"regex":{"source":"slim\\-arrow\\-right"}}},"ancestor":{"controlType":"sap.m.Panel","viewName":"etm.portal.ui.managecatalogs.view.Detail","viewId":"application-managecatalogs-display-component---detailCatalog"}},"wdio_ui5_key":"etmportal.ui.managecatalogs.view.Detailsap.ui.core.Icon{\"src\":{\"regex\":{\"source\":\"slim\\\\-arrow\\\\-right\"}}}{\"controlType\":\"sap.m.Panel\",\"viewName\":\"etm.portal.ui.managecatalogs.view.Detail\",\"viewId\":\"application-managecatalogs-display-component---detailCatalog\"}"}]}
RESULT: undefined
COMMAND: POST /session/7ceb2304b37874a72895a7f47f00ffc5/element - {"using":"xpath","value":"//*[@id=\"__panel0-__layout17-0-expandButton-img\"]"}
RESULT: {}
RESULT: {"using":"xpath","value":"//*[@id=\"__panel0-__layout17-0-expandButton-img\"]"}
COMMAND: POST /session/7ceb2304b37874a72895a7f47f00ffc5/element/f.A2DC6DB0B92729488FE09C376A5B6DB2.d.72781C58D632C404FD3454E2CD029E95.e.8314/click - {}
RESULT: {}
COMMAND: POST /session/7ceb2304b37874a72895a7f47f00ffc5/execute/async - {"script":"<script> [1562 bytes]","args":[{"selector":{"controlType":"sap.ui.core.Icon","viewName":"etm.portal.ui.managecatalogs.view.Detail","viewId":"application-managecatalogs-display-component---detailCatalog","properties":{"src":{"regex":{"source":"slim\\-arrow\\-down"}}},"ancestor":{"controlType":"sap.m.ColumnListItem","viewName":"etm.portal.ui.managecatalogs.view.Detail","viewId":"application-managecatalogs-display-component---detailCatalog","bindingPath":{"modelName":"classModel","path":"/data/0/PROPERTIES/0"},"ancestor":{"controlType":"sap.m.Table","viewName":"etm.portal.ui.managecatalogs.view.Detail","viewId":"application-managecatalogs-display-component---detailCatalog","bindingPath":{"path":"/data/0","propertyPath":"PROPERTIES","modelName":"classModel"}}}},"wdio_ui5_key":"etmportal.ui.managecatalogs.view.Detailsap.ui.core.Icon{\"src\":{\"regex\":{\"source\":\"slim\\\\-arrow\\\\-down\"}}}{\"controlType\":\"sap.m.ColumnListItem\",\"viewName\":\"etm.portal.ui.managecatalogs.view.Detail\",\"viewId\":\"application-managecatalogs-display-component---detailCatalog\",\"bindingPath\":{\"modelName\":\"classModel\",\"path\":\"/data/0/PROPERTIES/0\"},\"ancestor\":{\"controlType\":\"sap.m.Table\",\"viewName\":\"etm.portal.ui.managecatalogs.view.Detail\",\"viewId\":\"application-managecatalogs-display-component---detailCatalog\",\"bindingPath\":{\"path\":\"/data/0\",\"propertyPath\":\"PROPERTIES\",\"modelName\":\"classModel\"}}}"}]}
COMMAND: GET /session/7ceb2304b37874a72895a7f47f00ffc5/screenshot - {}
RESULT: {"script":"<script> [1562 bytes]","args":[{"selector":{"controlType":"sap.ui.core.Icon","viewName":"etm.portal.ui.managecatalogs.view.Detail","viewId":"application-managecatalogs-display-component---detailCatalog","properties":{"src":{"regex":{"source":"slim\\-arrow\\-down"}}},"ancestor":{"controlType":"sap.m.ColumnListItem","viewName":"etm.portal.ui.managecatalogs.view.Detail","viewId":"application-managecatalogs-display-component---detailCatalog","bindingPath":{"modelName":"classModel","path":"/data/0/PROPERTIES/0"},"ancestor":{"controlType":"sap.m.Table","viewName":"etm.portal.ui.managecatalogs.view.Detail","viewId":"application-managecatalogs-display-component---detailCatalog","bindingPath":{"path":"/data/0","propertyPath":"PROPERTIES","modelName":"classModel"}}}},"wdio_ui5_key":"etmportal.ui.managecatalogs.view.Detailsap.ui.core.Icon{\"src\":{\"regex\":{\"source\":\"slim\\\\-arrow\\\\-down\"}}}{\"controlType\":\"sap.m.ColumnListItem\",\"viewName\":\"etm.portal.ui.managecatalogs.view.Detail\",\"viewId\":\"application-managecatalogs-display-component---detailCatalog\",\"bindingPath\":{\"modelName\":\"classModel\",\"path\":\"/data/0/PROPERTIES/0\"},\"ancestor\":{\"controlType\":\"sap.m.Table\",\"viewName\":\"etm.portal.ui.managecatalogs.view.Detail\",\"viewId\":\"application-managecatalogs-display-component---detailCatalog\",\"bindingPath\":{\"path\":\"/data/0\",\"propertyPath\":\"PROPERTIES\",\"modelName\":\"classModel\"}}}"}]}
RESULT: undefined
COMMAND: POST /session/7ceb2304b37874a72895a7f47f00ffc5/element - {"using":"xpath","value":"//*[@id=\"__box31-arrow\"]"}
RESULT: {}
RESULT: {"using":"xpath","value":"//*[@id=\"__box31-arrow\"]"}
COMMAND: POST /session/7ceb2304b37874a72895a7f47f00ffc5/element/f.A2DC6DB0B92729488FE09C376A5B6DB2.d.72781C58D632C404FD3454E2CD029E95.e.8329/click - {}
RESULT: {}
COMMAND: POST /session/7ceb2304b37874a72895a7f47f00ffc5/execute/async - {"script":"<script> [1562 bytes]","args":[{"selector":{"controlType":"sap.m.StandardListItem","viewName":"etm.portal.ui.managecatalogs.view.Detail","viewId":"application-managecatalogs-display-component---detailCatalog","properties":{"title":"red"},"searchOpenDialogs":true,"interaction":{"idSuffix":"content"}},"wdio_ui5_key":"etmportal.ui.managecatalogs.view.Detailsap.m.StandardListItem{\"title\":\"red\"}"}]}
COMMAND: GET /session/7ceb2304b37874a72895a7f47f00ffc5/screenshot - {}
RESULT: {"script":"<script> [1562 bytes]","args":[{"selector":{"controlType":"sap.m.StandardListItem","viewName":"etm.portal.ui.managecatalogs.view.Detail","viewId":"application-managecatalogs-display-component---detailCatalog","properties":{"title":"red"},"searchOpenDialogs":true,"interaction":{"idSuffix":"content"}},"wdio_ui5_key":"etmportal.ui.managecatalogs.view.Detailsap.m.StandardListItem{\"title\":\"red\"}"}]}
RESULT: undefined
COMMAND: POST /session/7ceb2304b37874a72895a7f47f00ffc5/element - {"using":"xpath","value":"//*[@id=\"__item221\"]"}
RESULT: {}
RESULT: {"using":"xpath","value":"//*[@id=\"__item221\"]"}
COMMAND: POST /session/7ceb2304b37874a72895a7f47f00ffc5/element/f.A2DC6DB0B92729488FE09C376A5B6DB2.d.72781C58D632C404FD3454E2CD029E95.e.8332/click - {}
RESULT: {}
COMMAND: GET /session/7ceb2304b37874a72895a7f47f00ffc5/screenshot - {}
RESULT: {}
COMMAND: POST /session/7ceb2304b37874a72895a7f47f00ffc5/execute/async - {"script":"<script> [1562 bytes]","args":[{"selector":{"controlType":"sap.m.Button","viewName":"etm.portal.ui.managecatalogs.view.Detail","viewId":"application-managecatalogs-display-component---detailCatalog","i18NText":{"propertyName":"text","key":"save"},"interaction":{"idSuffix":"BDI-content"}},"wdio_ui5_key":"etmportal.ui.managecatalogs.view.Detailsap.m.Button{\"propertyName\":\"text\",\"key\":\"save\"}"}]}
RESULT: {"script":"<script> [1562 bytes]","args":[{"selector":{"controlType":"sap.m.Button","viewName":"etm.portal.ui.managecatalogs.view.Detail","viewId":"application-managecatalogs-display-component---detailCatalog","i18NText":{"propertyName":"text","key":"save"},"interaction":{"idSuffix":"BDI-content"}},"wdio_ui5_key":"etmportal.ui.managecatalogs.view.Detailsap.m.Button{\"propertyName\":\"text\",\"key\":\"save\"}"}]}
RESULT: undefined
COMMAND: POST /session/7ceb2304b37874a72895a7f47f00ffc5/element - {"using":"xpath","value":"//*[@id=\"__button43\"]"}
RESULT: {"using":"xpath","value":"//*[@id=\"__button43\"]"}
COMMAND: POST /session/7ceb2304b37874a72895a7f47f00ffc5/element/f.A2DC6DB0B92729488FE09C376A5B6DB2.d.72781C58D632C404FD3454E2CD029E95.e.8253/click - {}
RESULT: {}
COMMAND: GET /session/7ceb2304b37874a72895a7f47f00ffc5/screenshot - {}
RESULT: {}
COMMAND: POST /session/7ceb2304b37874a72895a7f47f00ffc5/element - {"using":"css selector","value":"#shell-header-logo"}
RESULT: {"using":"css selector","value":"#shell-header-logo"}
COMMAND: POST /session/7ceb2304b37874a72895a7f47f00ffc5/element/f.A2DC6DB0B92729488FE09C376A5B6DB2.d.72781C58D632C404FD3454E2CD029E95.e.8070/click - {}
RESULT: {}
COMMAND: GET /session/7ceb2304b37874a72895a7f47f00ffc5/screenshot - {}
RESULT: {}
]]></system-out>
    </testcase>
    <testcase classname="chrome.137_0_7151_56.windows.Manage_requests_-_requests_specifications_US141095" name="Should create a new request and add the catalog item with the specifications" time="140.189">
      <system-out><![CDATA[
COMMAND: POST /session/7ceb2304b37874a72895a7f47f00ffc5/execute/async - {"script":"<script> [1562 bytes]","args":[{"selector":{"controlType":"sap.m.GenericTile","properties":{"header":"Manage Requests"}},"wdio_ui5_key":"sapm.GenericTile{\"header\":\"Manage Requests\"}"}]}
RESULT: {"script":"<script> [1562 bytes]","args":[{"selector":{"controlType":"sap.m.GenericTile","properties":{"header":"Manage Requests"}},"wdio_ui5_key":"sapm.GenericTile{\"header\":\"Manage Requests\"}"}]}
RESULT: undefined
COMMAND: POST /session/7ceb2304b37874a72895a7f47f00ffc5/element - {"using":"xpath","value":"//*[@id=\"__tile47\"]"}
RESULT: {"using":"xpath","value":"//*[@id=\"__tile47\"]"}
COMMAND: POST /session/7ceb2304b37874a72895a7f47f00ffc5/element/f.A2DC6DB0B92729488FE09C376A5B6DB2.d.72781C58D632C404FD3454E2CD029E95.e.8363/click - {}
RESULT: {}
COMMAND: GET /session/7ceb2304b37874a72895a7f47f00ffc5/screenshot - {}
RESULT: {}
COMMAND: POST /session/7ceb2304b37874a72895a7f47f00ffc5/elements - {"using":"xpath","value":"//span[text()='Error']"}
RESULT: {"using":"xpath","value":"//span[text()='Error']"}
COMMAND: POST /session/7ceb2304b37874a72895a7f47f00ffc5/element - {"using":"xpath","value":"//button[contains(@data-kt ,\"btnCreateNewOverflowToolbarButton\")]"}
COMMAND: POST /session/7ceb2304b37874a72895a7f47f00ffc5/element - {"using":"xpath","value":"(//span[contains(@class ,\"sapMObjStatusText\")])[1]"}
RESULT: {"using":"xpath","value":"//button[contains(@data-kt ,\"btnCreateNewOverflowToolbarButton\")]"}
COMMAND: POST /session/7ceb2304b37874a72895a7f47f00ffc5/element/f.A2DC6DB0B92729488FE09C376A5B6DB2.d.72781C58D632C404FD3454E2CD029E95.e.8420/click - {}
RESULT: {"using":"xpath","value":"(//span[contains(@class ,\"sapMObjStatusText\")])[1]"}
COMMAND: POST /session/7ceb2304b37874a72895a7f47f00ffc5/execute/sync - {"script":"<script> [8489 bytes]","args":[{"element-6066-11e4-a52e-4f735466cecf":"f.A2DC6DB0B92729488FE09C376A5B6DB2.d.72781C58D632C404FD3454E2CD029E95.e.8456","ELEMENT":"f.A2DC6DB0B92729488FE09C376A5B6DB2.d.72781C58D632C404FD3454E2CD029E95.e.8456"}]}
RESULT: {}
RESULT: {"script":"<script> [8489 bytes]","args":[{"element-6066-11e4-a52e-4f735466cecf":"f.A2DC6DB0B92729488FE09C376A5B6DB2.d.72781C58D632C404FD3454E2CD029E95.e.8456","ELEMENT":"f.A2DC6DB0B92729488FE09C376A5B6DB2.d.72781C58D632C404FD3454E2CD029E95.e.8456"}]}
COMMAND: GET /session/7ceb2304b37874a72895a7f47f00ffc5/screenshot - {}
COMMAND: GET /session/7ceb2304b37874a72895a7f47f00ffc5/screenshot - {}
RESULT: {}
RESULT: {}
COMMAND: POST /session/7ceb2304b37874a72895a7f47f00ffc5/element - {"using":"xpath","value":"//input[contains(@id ,\"yardId-inner\")]"}
RESULT: {"using":"xpath","value":"//input[contains(@id ,\"yardId-inner\")]"}
COMMAND: POST /session/7ceb2304b37874a72895a7f47f00ffc5/execute/sync - {"script":"<script> [8489 bytes]","args":[{"element-6066-11e4-a52e-4f735466cecf":"f.A2DC6DB0B92729488FE09C376A5B6DB2.d.72781C58D632C404FD3454E2CD029E95.e.8538","ELEMENT":"f.A2DC6DB0B92729488FE09C376A5B6DB2.d.72781C58D632C404FD3454E2CD029E95.e.8538"}]}
RESULT: {"script":"<script> [8489 bytes]","args":[{"element-6066-11e4-a52e-4f735466cecf":"f.A2DC6DB0B92729488FE09C376A5B6DB2.d.72781C58D632C404FD3454E2CD029E95.e.8538","ELEMENT":"f.A2DC6DB0B92729488FE09C376A5B6DB2.d.72781C58D632C404FD3454E2CD029E95.e.8538"}]}
COMMAND: POST /session/7ceb2304b37874a72895a7f47f00ffc5/element - {"using":"xpath","value":"//input[contains(@id ,\"yardId-inner\")]"}
COMMAND: GET /session/7ceb2304b37874a72895a7f47f00ffc5/screenshot - {}
RESULT: {"using":"xpath","value":"//input[contains(@id ,\"yardId-inner\")]"}
COMMAND: GET /session/7ceb2304b37874a72895a7f47f00ffc5/element/f.A2DC6DB0B92729488FE09C376A5B6DB2.d.72781C58D632C404FD3454E2CD029E95.e.8538/enabled - {}
RESULT: {}
RESULT: {}
COMMAND: POST /session/7ceb2304b37874a72895a7f47f00ffc5/element/f.A2DC6DB0B92729488FE09C376A5B6DB2.d.72781C58D632C404FD3454E2CD029E95.e.8538/clear - {}
COMMAND: GET /session/7ceb2304b37874a72895a7f47f00ffc5/screenshot - {}
RESULT: {}
COMMAND: POST /session/7ceb2304b37874a72895a7f47f00ffc5/element/f.A2DC6DB0B92729488FE09C376A5B6DB2.d.72781C58D632C404FD3454E2CD029E95.e.8538/value - {"text":"WebdriverYard1clzi"}
COMMAND: GET /session/7ceb2304b37874a72895a7f47f00ffc5/screenshot - {}
RESULT: {}
RESULT: {"text":"WebdriverYard1clzi"}
COMMAND: GET /session/7ceb2304b37874a72895a7f47f00ffc5/screenshot - {}
RESULT: {}
RESULT: {}
COMMAND: POST /session/7ceb2304b37874a72895a7f47f00ffc5/actions - {"actions":[{"id":"action52","type":"key","parameters":{},"actions":[{"type":"keyDown","value":"î€‡"},{"type":"pause","duration":10},{"type":"keyUp","value":"î€‡"}]}]}
COMMAND: POST /session/7ceb2304b37874a72895a7f47f00ffc5/element - {"using":"xpath","value":"//input[contains(@id ,\"customerNumber-inner\")]"}
RESULT: {"actions":[{"id":"action52","type":"key","parameters":{},"actions":[{"type":"keyDown","value":"î€‡"},{"type":"pause","duration":10},{"type":"keyUp","value":"î€‡"}]}]}
RESULT: {"using":"xpath","value":"//input[contains(@id ,\"customerNumber-inner\")]"}
COMMAND: POST /session/7ceb2304b37874a72895a7f47f00ffc5/element/f.A2DC6DB0B92729488FE09C376A5B6DB2.d.72781C58D632C404FD3454E2CD029E95.e.8532/value - {"text":"WebdriverPartnerdvn1f"}
COMMAND: GET /session/7ceb2304b37874a72895a7f47f00ffc5/screenshot - {}
RESULT: {"text":"WebdriverPartnerdvn1f"}
COMMAND: GET /session/7ceb2304b37874a72895a7f47f00ffc5/screenshot - {}
RESULT: {}
RESULT: {}
COMMAND: POST /session/7ceb2304b37874a72895a7f47f00ffc5/actions - {"actions":[{"id":"action53","type":"key","parameters":{},"actions":[{"type":"keyDown","value":"î€‡"},{"type":"pause","duration":10},{"type":"keyUp","value":"î€‡"}]}]}
RESULT: {"actions":[{"id":"action53","type":"key","parameters":{},"actions":[{"type":"keyDown","value":"î€‡"},{"type":"pause","duration":10},{"type":"keyUp","value":"î€‡"}]}]}
COMMAND: GET /session/7ceb2304b37874a72895a7f47f00ffc5/screenshot - {}
RESULT: {}
COMMAND: POST /session/7ceb2304b37874a72895a7f47f00ffc5/element - {"using":"xpath","value":"//input[contains(@id ,\"requestSiteId-inner\")]"}
RESULT: {"using":"xpath","value":"//input[contains(@id ,\"requestSiteId-inner\")]"}
COMMAND: POST /session/7ceb2304b37874a72895a7f47f00ffc5/element/f.A2DC6DB0B92729488FE09C376A5B6DB2.d.72781C58D632C404FD3454E2CD029E95.e.8531/value - {"text":"WebdriverSitefw7o9l"}
RESULT: {"text":"WebdriverSitefw7o9l"}
COMMAND: GET /session/7ceb2304b37874a72895a7f47f00ffc5/screenshot - {}
RESULT: {}
COMMAND: POST /session/7ceb2304b37874a72895a7f47f00ffc5/actions - {"actions":[{"id":"action54","type":"key","parameters":{},"actions":[{"type":"keyDown","value":"î€‡"},{"type":"pause","duration":10},{"type":"keyUp","value":"î€‡"}]}]}
RESULT: {"actions":[{"id":"action54","type":"key","parameters":{},"actions":[{"type":"keyDown","value":"î€‡"},{"type":"pause","duration":10},{"type":"keyUp","value":"î€‡"}]}]}
COMMAND: POST /session/7ceb2304b37874a72895a7f47f00ffc5/execute/async - {"script":"<script> [1562 bytes]","args":[{"selector":{"controlType":"sap.ui.core.Icon","viewName":"etm.portal.ui.managerequests.view.NewRequest","properties":{"src":{"regex":{"source":"add"}}}},"wdio_ui5_key":"etmportal.ui.managerequests.view.NewRequestsap.ui.core.Icon{\"src\":{\"regex\":{\"source\":\"add\"}}}"}]}
COMMAND: GET /session/7ceb2304b37874a72895a7f47f00ffc5/screenshot - {}
RESULT: {"script":"<script> [1562 bytes]","args":[{"selector":{"controlType":"sap.ui.core.Icon","viewName":"etm.portal.ui.managerequests.view.NewRequest","properties":{"src":{"regex":{"source":"add"}}}},"wdio_ui5_key":"etmportal.ui.managerequests.view.NewRequestsap.ui.core.Icon{\"src\":{\"regex\":{\"source\":\"add\"}}}"}]}
RESULT: undefined
COMMAND: POST /session/7ceb2304b37874a72895a7f47f00ffc5/element - {"using":"xpath","value":"//*[@id=\"__xmlview59--btnAddTableRow-img\"]"}
RESULT: {}
RESULT: {"using":"xpath","value":"//*[@id=\"__xmlview59--btnAddTableRow-img\"]"}
COMMAND: POST /session/7ceb2304b37874a72895a7f47f00ffc5/element/f.A2DC6DB0B92729488FE09C376A5B6DB2.d.72781C58D632C404FD3454E2CD029E95.e.8717/click - {}
RESULT: {}
COMMAND: GET /session/7ceb2304b37874a72895a7f47f00ffc5/screenshot - {}
RESULT: {}
COMMAND: POST /session/7ceb2304b37874a72895a7f47f00ffc5/actions - {"actions":[{"id":"action55","type":"key","parameters":{},"actions":[{"type":"keyDown","value":"î€•"},{"type":"pause","duration":10},{"type":"keyUp","value":"î€•"}]}]}
RESULT: {"actions":[{"id":"action55","type":"key","parameters":{},"actions":[{"type":"keyDown","value":"î€•"},{"type":"pause","duration":10},{"type":"keyUp","value":"î€•"}]}]}
COMMAND: POST /session/7ceb2304b37874a72895a7f47f00ffc5/actions - {"actions":[{"id":"action56","type":"key","parameters":{},"actions":[{"type":"keyDown","value":"î€‡"},{"type":"pause","duration":10},{"type":"keyUp","value":"î€‡"}]}]}
COMMAND: GET /session/7ceb2304b37874a72895a7f47f00ffc5/screenshot - {}
RESULT: {"actions":[{"id":"action56","type":"key","parameters":{},"actions":[{"type":"keyDown","value":"î€‡"},{"type":"pause","duration":10},{"type":"keyUp","value":"î€‡"}]}]}
COMMAND: POST /session/7ceb2304b37874a72895a7f47f00ffc5/element - {"using":"xpath","value":"(//input[contains(@id ,\"requestItemsTable-0-inner\")])[1]"}
COMMAND: GET /session/7ceb2304b37874a72895a7f47f00ffc5/screenshot - {}
RESULT: {}
RESULT: {"using":"xpath","value":"(//input[contains(@id ,\"requestItemsTable-0-inner\")])[1]"}
COMMAND: POST /session/7ceb2304b37874a72895a7f47f00ffc5/element/f.A2DC6DB0B92729488FE09C376A5B6DB2.d.72781C58D632C404FD3454E2CD029E95.e.8722/clear - {}
RESULT: {}
RESULT: {}
COMMAND: POST /session/7ceb2304b37874a72895a7f47f00ffc5/element/f.A2DC6DB0B92729488FE09C376A5B6DB2.d.72781C58D632C404FD3454E2CD029E95.e.8722/value - {"text":"catalogItemNameg5im1"}
COMMAND: GET /session/7ceb2304b37874a72895a7f47f00ffc5/screenshot - {}
RESULT: {"text":"catalogItemNameg5im1"}
COMMAND: GET /session/7ceb2304b37874a72895a7f47f00ffc5/screenshot - {}
RESULT: {}
RESULT: {}
COMMAND: POST /session/7ceb2304b37874a72895a7f47f00ffc5/actions - {"actions":[{"id":"action57","type":"key","parameters":{},"actions":[{"type":"keyDown","value":"î€‡"},{"type":"pause","duration":10},{"type":"keyUp","value":"î€‡"}]}]}
RESULT: {"actions":[{"id":"action57","type":"key","parameters":{},"actions":[{"type":"keyDown","value":"î€‡"},{"type":"pause","duration":10},{"type":"keyUp","value":"î€‡"}]}]}
COMMAND: GET /session/7ceb2304b37874a72895a7f47f00ffc5/screenshot - {}
RESULT: {}
COMMAND: POST /session/7ceb2304b37874a72895a7f47f00ffc5/execute/async - {"script":"<script> [1562 bytes]","args":[{"selector":{"controlType":"sap.m.Button","viewName":"etm.portal.ui.managerequests.view.NewRequest","i18NText":{"propertyName":"text","key":"requestSpecifications"},"interaction":{"idSuffix":"BDI-content"}},"wdio_ui5_key":"etmportal.ui.managerequests.view.NewRequestsap.m.Button{\"propertyName\":\"text\",\"key\":\"requestSpecifications\"}"}]}
RESULT: {"script":"<script> [1562 bytes]","args":[{"selector":{"controlType":"sap.m.Button","viewName":"etm.portal.ui.managerequests.view.NewRequest","i18NText":{"propertyName":"text","key":"requestSpecifications"},"interaction":{"idSuffix":"BDI-content"}},"wdio_ui5_key":"etmportal.ui.managerequests.view.NewRequestsap.m.Button{\"propertyName\":\"text\",\"key\":\"requestSpecifications\"}"}]}
RESULT: undefined
COMMAND: POST /session/7ceb2304b37874a72895a7f47f00ffc5/element - {"using":"xpath","value":"//*[@id=\"__button78-__xmlview59--requestItemsTable-0\"]"}
RESULT: {"using":"xpath","value":"//*[@id=\"__button78-__xmlview59--requestItemsTable-0\"]"}
COMMAND: POST /session/7ceb2304b37874a72895a7f47f00ffc5/element/f.A2DC6DB0B92729488FE09C376A5B6DB2.d.72781C58D632C404FD3454E2CD029E95.e.8735/click - {}
RESULT: {}
COMMAND: GET /session/7ceb2304b37874a72895a7f47f00ffc5/screenshot - {}
RESULT: {}
COMMAND: POST /session/7ceb2304b37874a72895a7f47f00ffc5/element - {"using":"xpath","value":"//input[@value=\"red\"]"}
RESULT: {"using":"xpath","value":"//input[@value=\"red\"]"}
COMMAND: POST /session/7ceb2304b37874a72895a7f47f00ffc5/elements - {"using":"xpath","value":"//input[@value=\"red\"]"}
RESULT: {"using":"xpath","value":"//input[@value=\"red\"]"}
COMMAND: POST /session/7ceb2304b37874a72895a7f47f00ffc5/execute/async - {"script":"<script> [1562 bytes]","args":[{"selector":{"controlType":"sap.m.Text","viewName":"etm.portal.ui.managerequests.view.NewRequest","bindingPath":{"path":"/currentEntries/0/PROPERTIES/0","propertyPath":"DESCRIPTION","modelName":"techSpecsClassificationModel"},"searchOpenDialogs":true},"wdio_ui5_key":"etmportal.ui.managerequests.view.NewRequestsap.m.Text{\"path\":\"/currentEntries/0/PROPERTIES/0\",\"propertyPath\":\"DESCRIPTION\",\"modelName\":\"techSpecsClassificationModel\"}"}]}
RESULT: {"script":"<script> [1562 bytes]","args":[{"selector":{"controlType":"sap.m.Text","viewName":"etm.portal.ui.managerequests.view.NewRequest","bindingPath":{"path":"/currentEntries/0/PROPERTIES/0","propertyPath":"DESCRIPTION","modelName":"techSpecsClassificationModel"},"searchOpenDialogs":true},"wdio_ui5_key":"etmportal.ui.managerequests.view.NewRequestsap.m.Text{\"path\":\"/currentEntries/0/PROPERTIES/0\",\"propertyPath\":\"DESCRIPTION\",\"modelName\":\"techSpecsClassificationModel\"}"}]}
RESULT: undefined
COMMAND: POST /session/7ceb2304b37874a72895a7f47f00ffc5/execute/async - {"script":"<script> [6424 bytes]","args":[{"element-6066-11e4-a52e-4f735466cecf":"f.A2DC6DB0B92729488FE09C376A5B6DB2.d.72781C58D632C404FD3454E2CD029E95.e.8744"},"getText",[]]}
RESULT: {"script":"<script> [6424 bytes]","args":[{"element-6066-11e4-a52e-4f735466cecf":"f.A2DC6DB0B92729488FE09C376A5B6DB2.d.72781C58D632C404FD3454E2CD029E95.e.8744"},"getText",[]]}
COMMAND: POST /session/7ceb2304b37874a72895a7f47f00ffc5/execute/async - {"script":"<script> [1562 bytes]","args":[{"selector":{"controlType":"sap.ui.core.Icon","viewName":"etm.portal.ui.managerequests.view.NewRequest","properties":{"src":{"regex":{"source":"slim\\-arrow\\-down"}}},"searchOpenDialogs":true},"wdio_ui5_key":"etmportal.ui.managerequests.view.NewRequestsap.ui.core.Icon{\"src\":{\"regex\":{\"source\":\"slim\\\\-arrow\\\\-down\"}}}"}]}
RESULT: {"script":"<script> [1562 bytes]","args":[{"selector":{"controlType":"sap.ui.core.Icon","viewName":"etm.portal.ui.managerequests.view.NewRequest","properties":{"src":{"regex":{"source":"slim\\-arrow\\-down"}}},"searchOpenDialogs":true},"wdio_ui5_key":"etmportal.ui.managerequests.view.NewRequestsap.ui.core.Icon{\"src\":{\"regex\":{\"source\":\"slim\\\\-arrow\\\\-down\"}}}"}]}
RESULT: undefined
COMMAND: POST /session/7ceb2304b37874a72895a7f47f00ffc5/element - {"using":"xpath","value":"//*[@id=\"__box58-arrow\"]"}
RESULT: {"using":"xpath","value":"//*[@id=\"__box58-arrow\"]"}
COMMAND: POST /session/7ceb2304b37874a72895a7f47f00ffc5/element/f.A2DC6DB0B92729488FE09C376A5B6DB2.d.72781C58D632C404FD3454E2CD029E95.e.8745/click - {}
RESULT: {}
COMMAND: POST /session/7ceb2304b37874a72895a7f47f00ffc5/execute/async - {"script":"<script> [1562 bytes]","args":[{"selector":{"controlType":"sap.m.StandardListItem","viewName":"etm.portal.ui.managerequests.view.NewRequest","properties":{"title":"blue"},"searchOpenDialogs":true,"interaction":{"idSuffix":"content"}},"wdio_ui5_key":"etmportal.ui.managerequests.view.NewRequestsap.m.StandardListItem{\"title\":\"blue\"}"}]}
COMMAND: GET /session/7ceb2304b37874a72895a7f47f00ffc5/screenshot - {}
RESULT: {"script":"<script> [1562 bytes]","args":[{"selector":{"controlType":"sap.m.StandardListItem","viewName":"etm.portal.ui.managerequests.view.NewRequest","properties":{"title":"blue"},"searchOpenDialogs":true,"interaction":{"idSuffix":"content"}},"wdio_ui5_key":"etmportal.ui.managerequests.view.NewRequestsap.m.StandardListItem{\"title\":\"blue\"}"}]}
RESULT: undefined
COMMAND: POST /session/7ceb2304b37874a72895a7f47f00ffc5/element - {"using":"xpath","value":"//*[@id=\"__item1096\"]"}
RESULT: {}
RESULT: {"using":"xpath","value":"//*[@id=\"__item1096\"]"}
COMMAND: POST /session/7ceb2304b37874a72895a7f47f00ffc5/element/f.A2DC6DB0B92729488FE09C376A5B6DB2.d.72781C58D632C404FD3454E2CD029E95.e.8747/click - {}
RESULT: {}
COMMAND: GET /session/7ceb2304b37874a72895a7f47f00ffc5/screenshot - {}
RESULT: {}
COMMAND: POST /session/7ceb2304b37874a72895a7f47f00ffc5/execute/async - {"script":"<script> [1562 bytes]","args":[{"selector":{"id":"saveButton","viewName":"etm.portal.ui.managerequests.view.NewRequest","searchOpenDialogs":true,"interaction":{"idSuffix":"BDI-content"}},"wdio_ui5_key":"saveButtonetmportal.ui.managerequests.view.NewRequest"}]}
RESULT: {"script":"<script> [1562 bytes]","args":[{"selector":{"id":"saveButton","viewName":"etm.portal.ui.managerequests.view.NewRequest","searchOpenDialogs":true,"interaction":{"idSuffix":"BDI-content"}},"wdio_ui5_key":"saveButtonetmportal.ui.managerequests.view.NewRequest"}]}
RESULT: undefined
COMMAND: POST /session/7ceb2304b37874a72895a7f47f00ffc5/element - {"using":"xpath","value":"//*[@id=\"__xmlview59--saveButton\"]"}
RESULT: {"using":"xpath","value":"//*[@id=\"__xmlview59--saveButton\"]"}
COMMAND: POST /session/7ceb2304b37874a72895a7f47f00ffc5/element/f.A2DC6DB0B92729488FE09C376A5B6DB2.d.72781C58D632C404FD3454E2CD029E95.e.8741/click - {}
RESULT: {}
COMMAND: POST /session/7ceb2304b37874a72895a7f47f00ffc5/execute/async - {"script":"<script> [1562 bytes]","args":[{"selector":{"controlType":"sap.ui.core.Icon","viewName":"etm.portal.ui.managerequests.view.NewRequest","properties":{"src":{"regex":{"source":"slim\\-arrow\\-down"}}},"ancestor":{"controlType":"sap.m.Button","viewName":"etm.portal.ui.managerequests.view.NewRequest","properties":{"icon":"sap-icon://slim-arrow-down"}}},"wdio_ui5_key":"etmportal.ui.managerequests.view.NewRequestsap.ui.core.Icon{\"src\":{\"regex\":{\"source\":\"slim\\\\-arrow\\\\-down\"}}}{\"controlType\":\"sap.m.Button\",\"viewName\":\"etm.portal.ui.managerequests.view.NewRequest\",\"properties\":{\"icon\":\"sap-icon://slim-arrow-down\"}}"}]}
COMMAND: GET /session/7ceb2304b37874a72895a7f47f00ffc5/screenshot - {}
RESULT: {"script":"<script> [1562 bytes]","args":[{"selector":{"controlType":"sap.ui.core.Icon","viewName":"etm.portal.ui.managerequests.view.NewRequest","properties":{"src":{"regex":{"source":"slim\\-arrow\\-down"}}},"ancestor":{"controlType":"sap.m.Button","viewName":"etm.portal.ui.managerequests.view.NewRequest","properties":{"icon":"sap-icon://slim-arrow-down"}}},"wdio_ui5_key":"etmportal.ui.managerequests.view.NewRequestsap.ui.core.Icon{\"src\":{\"regex\":{\"source\":\"slim\\\\-arrow\\\\-down\"}}}{\"controlType\":\"sap.m.Button\",\"viewName\":\"etm.portal.ui.managerequests.view.NewRequest\",\"properties\":{\"icon\":\"sap-icon://slim-arrow-down\"}}"}]}
RESULT: undefined
RESULT: {}
COMMAND: POST /session/7ceb2304b37874a72895a7f47f00ffc5/element - {"using":"xpath","value":"//div[contains(@data-kt ,\"splitAllocationObjectStatus\")]"}
RESULT: {"using":"xpath","value":"//div[contains(@data-kt ,\"splitAllocationObjectStatus\")]"}
COMMAND: POST /session/7ceb2304b37874a72895a7f47f00ffc5/elements - {"using":"xpath","value":"//div[contains(@data-kt ,\"splitAllocationObjectStatus\")]"}
RESULT: {"using":"xpath","value":"//div[contains(@data-kt ,\"splitAllocationObjectStatus\")]"}
COMMAND: POST /session/7ceb2304b37874a72895a7f47f00ffc5/execute/async - {"script":"<script> [1562 bytes]","args":[{"selector":{"controlType":"sap.ui.core.Icon","viewName":"etm.portal.ui.managerequests.view.NewRequest","properties":{"src":{"regex":{"source":"message\\-error"}}}},"wdio_ui5_key":"etmportal.ui.managerequests.view.NewRequestsap.ui.core.Icon{\"src\":{\"regex\":{\"source\":\"message\\\\-error\"}}}"}]}
RESULT: {"script":"<script> [1562 bytes]","args":[{"selector":{"controlType":"sap.ui.core.Icon","viewName":"etm.portal.ui.managerequests.view.NewRequest","properties":{"src":{"regex":{"source":"message\\-error"}}}},"wdio_ui5_key":"etmportal.ui.managerequests.view.NewRequestsap.ui.core.Icon{\"src\":{\"regex\":{\"source\":\"message\\\\-error\"}}}"}]}
RESULT: undefined
COMMAND: POST /session/7ceb2304b37874a72895a7f47f00ffc5/element - {"using":"xpath","value":"//*[@id=\"__status4-__xmlview59--requestItemsTable-0-icon\"]"}
RESULT: {"using":"xpath","value":"//*[@id=\"__status4-__xmlview59--requestItemsTable-0-icon\"]"}
COMMAND: POST /session/7ceb2304b37874a72895a7f47f00ffc5/element/f.A2DC6DB0B92729488FE09C376A5B6DB2.d.72781C58D632C404FD3454E2CD029E95.e.8750/click - {}
RESULT: {}
COMMAND: POST /session/7ceb2304b37874a72895a7f47f00ffc5/execute/async - {"script":"<script> [1562 bytes]","args":[{"selector":{"controlType":"sap.ui.core.Icon","viewName":"etm.portal.ui.managerequests.view.NewRequest","properties":{"src":{"regex":{"source":"slim\\-arrow\\-down"}}},"searchOpenDialogs":true,"ancestor":{"id":"costObjectAdminTypeComboBox","viewName":"etm.portal.ui.managerequests.view.NewRequest","searchOpenDialogs":true}},"wdio_ui5_key":"etmportal.ui.managerequests.view.NewRequestsap.ui.core.Icon{\"src\":{\"regex\":{\"source\":\"slim\\\\-arrow\\\\-down\"}}}{\"id\":\"costObjectAdminTypeComboBox\",\"viewName\":\"etm.portal.ui.managerequests.view.NewRequest\",\"searchOpenDialogs\":true}"}]}
COMMAND: GET /session/7ceb2304b37874a72895a7f47f00ffc5/screenshot - {}
RESULT: {"script":"<script> [1562 bytes]","args":[{"selector":{"controlType":"sap.ui.core.Icon","viewName":"etm.portal.ui.managerequests.view.NewRequest","properties":{"src":{"regex":{"source":"slim\\-arrow\\-down"}}},"searchOpenDialogs":true,"ancestor":{"id":"costObjectAdminTypeComboBox","viewName":"etm.portal.ui.managerequests.view.NewRequest","searchOpenDialogs":true}},"wdio_ui5_key":"etmportal.ui.managerequests.view.NewRequestsap.ui.core.Icon{\"src\":{\"regex\":{\"source\":\"slim\\\\-arrow\\\\-down\"}}}{\"id\":\"costObjectAdminTypeComboBox\",\"viewName\":\"etm.portal.ui.managerequests.view.NewRequest\",\"searchOpenDialogs\":true}"}]}
RESULT: undefined
COMMAND: POST /session/7ceb2304b37874a72895a7f47f00ffc5/element - {"using":"xpath","value":"//*[@id=\"__xmlview59--costObjectAdminTypeComboBox-arrow\"]"}
RESULT: {}
RESULT: {"using":"xpath","value":"//*[@id=\"__xmlview59--costObjectAdminTypeComboBox-arrow\"]"}
COMMAND: POST /session/7ceb2304b37874a72895a7f47f00ffc5/element/f.A2DC6DB0B92729488FE09C376A5B6DB2.d.72781C58D632C404FD3454E2CD029E95.e.8754/click - {}
RESULT: {}
COMMAND: POST /session/7ceb2304b37874a72895a7f47f00ffc5/execute/async - {"script":"<script> [1562 bytes]","args":[{"selector":{"controlType":"sap.m.StandardListItem","viewName":"etm.portal.ui.managerequests.view.NewRequest","properties":{"title":"Cost Center"},"searchOpenDialogs":true,"interaction":{"idSuffix":"titleText"}},"wdio_ui5_key":"etmportal.ui.managerequests.view.NewRequestsap.m.StandardListItem{\"title\":\"Cost Center\"}"}]}
COMMAND: GET /session/7ceb2304b37874a72895a7f47f00ffc5/screenshot - {}
RESULT: {"script":"<script> [1562 bytes]","args":[{"selector":{"controlType":"sap.m.StandardListItem","viewName":"etm.portal.ui.managerequests.view.NewRequest","properties":{"title":"Cost Center"},"searchOpenDialogs":true,"interaction":{"idSuffix":"titleText"}},"wdio_ui5_key":"etmportal.ui.managerequests.view.NewRequestsap.m.StandardListItem{\"title\":\"Cost Center\"}"}]}
RESULT: undefined
COMMAND: POST /session/7ceb2304b37874a72895a7f47f00ffc5/element - {"using":"xpath","value":"//*[@id=\"__item1099\"]"}
RESULT: {}
RESULT: {"using":"xpath","value":"//*[@id=\"__item1099\"]"}
COMMAND: POST /session/7ceb2304b37874a72895a7f47f00ffc5/element/f.A2DC6DB0B92729488FE09C376A5B6DB2.d.72781C58D632C404FD3454E2CD029E95.e.8757/click - {}
RESULT: {}
COMMAND: GET /session/7ceb2304b37874a72895a7f47f00ffc5/screenshot - {}
RESULT: {}
COMMAND: POST /session/7ceb2304b37874a72895a7f47f00ffc5/execute/async - {"script":"<script> [1562 bytes]","args":[{"selector":{"controlType":"sap.ui.core.Icon","viewName":"etm.portal.ui.managerequests.view.NewRequest","properties":{"src":{"regex":{"source":"value\\-help"}}},"searchOpenDialogs":true},"wdio_ui5_key":"etmportal.ui.managerequests.view.NewRequestsap.ui.core.Icon{\"src\":{\"regex\":{\"source\":\"value\\\\-help\"}}}"}]}
RESULT: {"script":"<script> [1562 bytes]","args":[{"selector":{"controlType":"sap.ui.core.Icon","viewName":"etm.portal.ui.managerequests.view.NewRequest","properties":{"src":{"regex":{"source":"value\\-help"}}},"searchOpenDialogs":true},"wdio_ui5_key":"etmportal.ui.managerequests.view.NewRequestsap.ui.core.Icon{\"src\":{\"regex\":{\"source\":\"value\\\\-help\"}}}"}]}
RESULT: undefined
COMMAND: POST /session/7ceb2304b37874a72895a7f47f00ffc5/element - {"using":"xpath","value":"//*[@id=\"__xmlview59--costObjectIdComboBox-vhi\"]"}
RESULT: {"using":"xpath","value":"//*[@id=\"__xmlview59--costObjectIdComboBox-vhi\"]"}
COMMAND: POST /session/7ceb2304b37874a72895a7f47f00ffc5/element/f.A2DC6DB0B92729488FE09C376A5B6DB2.d.72781C58D632C404FD3454E2CD029E95.e.8764/click - {}
RESULT: {}
COMMAND: POST /session/7ceb2304b37874a72895a7f47f00ffc5/execute/async - {"script":"<script> [1562 bytes]","args":[{"selector":{"controlType":"sap.m.SearchField","properties":{"placeholder":"Search"},"searchOpenDialogs":true,"interaction":{"idSuffix":"I"}},"wdio_ui5_key":"sapm.SearchField{\"placeholder\":\"Search\"}"}]}
COMMAND: GET /session/7ceb2304b37874a72895a7f47f00ffc5/screenshot - {}
RESULT: {"script":"<script> [1562 bytes]","args":[{"selector":{"controlType":"sap.m.SearchField","properties":{"placeholder":"Search"},"searchOpenDialogs":true,"interaction":{"idSuffix":"I"}},"wdio_ui5_key":"sapm.SearchField{\"placeholder\":\"Search\"}"}]}
RESULT: undefined
COMMAND: POST /session/7ceb2304b37874a72895a7f47f00ffc5/execute/async - {"script":"<script> [776 bytes]","args":[{"enterText":"10001010","selector":{"controlType":"sap.m.SearchField","properties":{"placeholder":"Search"},"searchOpenDialogs":true,"interaction":{"idSuffix":"I"}},"clearTextFirst":true,"interactionType":"ENTER_TEXT"}]}
RESULT: {}
RESULT: {"script":"<script> [776 bytes]","args":[{"enterText":"10001010","selector":{"controlType":"sap.m.SearchField","properties":{"placeholder":"Search"},"searchOpenDialogs":true,"interaction":{"idSuffix":"I"}},"clearTextFirst":true,"interactionType":"ENTER_TEXT"}]}
COMMAND: POST /session/7ceb2304b37874a72895a7f47f00ffc5/actions - {"actions":[{"id":"action58","type":"key","parameters":{},"actions":[{"type":"keyDown","value":"î€‡"},{"type":"pause","duration":10},{"type":"keyUp","value":"î€‡"}]}]}
RESULT: {"actions":[{"id":"action58","type":"key","parameters":{},"actions":[{"type":"keyDown","value":"î€‡"},{"type":"pause","duration":10},{"type":"keyUp","value":"î€‡"}]}]}
COMMAND: GET /session/7ceb2304b37874a72895a7f47f00ffc5/screenshot - {}
RESULT: {}
COMMAND: POST /session/7ceb2304b37874a72895a7f47f00ffc5/execute/async - {"script":"<script> [1562 bytes]","args":[{"selector":{"controlType":"sap.m.Text","bindingPath":{"path":"/C_CostCtrValueHelp(CostCenter='10001010',ControllingArea='Z001')","propertyPath":"CostCenterName","modelName":"CostCenterModel"},"searchOpenDialogs":true},"wdio_ui5_key":"sapm.Text{\"path\":\"/C_CostCtrValueHelp(CostCenter='10001010',ControllingArea='Z001')\",\"propertyPath\":\"CostCenterName\",\"modelName\":\"CostCenterModel\"}"}]}
RESULT: {"script":"<script> [1562 bytes]","args":[{"selector":{"controlType":"sap.m.Text","bindingPath":{"path":"/C_CostCtrValueHelp(CostCenter='10001010',ControllingArea='Z001')","propertyPath":"CostCenterName","modelName":"CostCenterModel"},"searchOpenDialogs":true},"wdio_ui5_key":"sapm.Text{\"path\":\"/C_CostCtrValueHelp(CostCenter='10001010',ControllingArea='Z001')\",\"propertyPath\":\"CostCenterName\",\"modelName\":\"CostCenterModel\"}"}]}
RESULT: undefined
COMMAND: POST /session/7ceb2304b37874a72895a7f47f00ffc5/element - {"using":"xpath","value":"//*[@id=\"__text550-__clone1316\"]"}
RESULT: {"using":"xpath","value":"//*[@id=\"__text550-__clone1316\"]"}
COMMAND: POST /session/7ceb2304b37874a72895a7f47f00ffc5/element/f.A2DC6DB0B92729488FE09C376A5B6DB2.d.72781C58D632C404FD3454E2CD029E95.e.8804/click - {}
RESULT: {}
COMMAND: POST /session/7ceb2304b37874a72895a7f47f00ffc5/execute/async - {"script":"<script> [1562 bytes]","args":[{"selector":{"controlType":"sap.m.Button","properties":{"text":"OK"},"searchOpenDialogs":true,"interaction":{"idSuffix":"BDI-content"}},"wdio_ui5_key":"sapm.Button{\"text\":\"OK\"}"}]}
COMMAND: GET /session/7ceb2304b37874a72895a7f47f00ffc5/screenshot - {}
RESULT: {"script":"<script> [1562 bytes]","args":[{"selector":{"controlType":"sap.m.Button","properties":{"text":"OK"},"searchOpenDialogs":true,"interaction":{"idSuffix":"BDI-content"}},"wdio_ui5_key":"sapm.Button{\"text\":\"OK\"}"}]}
RESULT: undefined
COMMAND: POST /session/7ceb2304b37874a72895a7f47f00ffc5/element - {"using":"xpath","value":"//*[@id=\"__dialog2-ok\"]"}
RESULT: {}
RESULT: {"using":"xpath","value":"//*[@id=\"__dialog2-ok\"]"}
COMMAND: POST /session/7ceb2304b37874a72895a7f47f00ffc5/element/f.A2DC6DB0B92729488FE09C376A5B6DB2.d.72781C58D632C404FD3454E2CD029E95.e.8806/click - {}
RESULT: {}
COMMAND: GET /session/7ceb2304b37874a72895a7f47f00ffc5/screenshot - {}
RESULT: {}
COMMAND: POST /session/7ceb2304b37874a72895a7f47f00ffc5/execute/async - {"script":"<script> [1562 bytes]","args":[{"selector":{"controlType":"sap.m.Button","viewName":"etm.portal.ui.managerequests.view.NewRequest","i18NText":{"propertyName":"text","key":"save"},"searchOpenDialogs":true,"interaction":{"idSuffix":"BDI-content"}},"wdio_ui5_key":"etmportal.ui.managerequests.view.NewRequestsap.m.Button{\"propertyName\":\"text\",\"key\":\"save\"}"}]}
RESULT: {"script":"<script> [1562 bytes]","args":[{"selector":{"controlType":"sap.m.Button","viewName":"etm.portal.ui.managerequests.view.NewRequest","i18NText":{"propertyName":"text","key":"save"},"searchOpenDialogs":true,"interaction":{"idSuffix":"BDI-content"}},"wdio_ui5_key":"etmportal.ui.managerequests.view.NewRequestsap.m.Button{\"propertyName\":\"text\",\"key\":\"save\"}"}]}
RESULT: undefined
COMMAND: POST /session/7ceb2304b37874a72895a7f47f00ffc5/element - {"using":"xpath","value":"//*[@id=\"__button91\"]"}
RESULT: {"using":"xpath","value":"//*[@id=\"__button91\"]"}
COMMAND: POST /session/7ceb2304b37874a72895a7f47f00ffc5/element/f.A2DC6DB0B92729488FE09C376A5B6DB2.d.72781C58D632C404FD3454E2CD029E95.e.8810/click - {}
RESULT: {}
COMMAND: GET /session/7ceb2304b37874a72895a7f47f00ffc5/screenshot - {}
RESULT: {}
COMMAND: POST /session/7ceb2304b37874a72895a7f47f00ffc5/execute/async - {"script":"<script> [1562 bytes]","args":[{"selector":{"controlType":"sap.m.Button","viewName":"etm.portal.ui.managerequests.view.NewRequest","i18NText":{"propertyName":"tooltip","key":"save"},"interaction":{"idSuffix":"content"}},"wdio_ui5_key":"etmportal.ui.managerequests.view.NewRequestsap.m.Button{\"propertyName\":\"tooltip\",\"key\":\"save\"}"}]}
RESULT: {"script":"<script> [1562 bytes]","args":[{"selector":{"controlType":"sap.m.Button","viewName":"etm.portal.ui.managerequests.view.NewRequest","i18NText":{"propertyName":"tooltip","key":"save"},"interaction":{"idSuffix":"content"}},"wdio_ui5_key":"etmportal.ui.managerequests.view.NewRequestsap.m.Button{\"propertyName\":\"tooltip\",\"key\":\"save\"}"}]}
RESULT: undefined
COMMAND: POST /session/7ceb2304b37874a72895a7f47f00ffc5/element - {"using":"xpath","value":"//*[@id=\"__button80\"]"}
RESULT: {"using":"xpath","value":"//*[@id=\"__button80\"]"}
COMMAND: POST /session/7ceb2304b37874a72895a7f47f00ffc5/element/f.A2DC6DB0B92729488FE09C376A5B6DB2.d.72781C58D632C404FD3454E2CD029E95.e.8646/click - {}
RESULT: {}
COMMAND: GET /session/7ceb2304b37874a72895a7f47f00ffc5/screenshot - {}
RESULT: {}
COMMAND: POST /session/7ceb2304b37874a72895a7f47f00ffc5/execute/async - {"script":"<script> [1562 bytes]","args":[{"selector":{"controlType":"sap.m.Title","properties":{"text":"Success"},"searchOpenDialogs":true},"wdio_ui5_key":"sapm.Title{\"text\":\"Success\"}"}]}
RESULT: {"script":"<script> [1562 bytes]","args":[{"selector":{"controlType":"sap.m.Title","properties":{"text":"Success"},"searchOpenDialogs":true},"wdio_ui5_key":"sapm.Title{\"text\":\"Success\"}"}]}
RESULT: undefined
COMMAND: POST /session/7ceb2304b37874a72895a7f47f00ffc5/execute/async - {"script":"<script> [6424 bytes]","args":[{"element-6066-11e4-a52e-4f735466cecf":"f.A2DC6DB0B92729488FE09C376A5B6DB2.d.72781C58D632C404FD3454E2CD029E95.e.8815"},"getText",[]]}
RESULT: {"script":"<script> [6424 bytes]","args":[{"element-6066-11e4-a52e-4f735466cecf":"f.A2DC6DB0B92729488FE09C376A5B6DB2.d.72781C58D632C404FD3454E2CD029E95.e.8815"},"getText",[]]}
COMMAND: POST /session/7ceb2304b37874a72895a7f47f00ffc5/execute/async - {"script":"<script> [1562 bytes]","args":[{"selector":{"controlType":"sap.m.Button","properties":{"text":"Close"},"searchOpenDialogs":true,"interaction":{"idSuffix":"BDI-content"}},"wdio_ui5_key":"sapm.Button{\"text\":\"Close\"}"}]}
RESULT: {"script":"<script> [1562 bytes]","args":[{"selector":{"controlType":"sap.m.Button","properties":{"text":"Close"},"searchOpenDialogs":true,"interaction":{"idSuffix":"BDI-content"}},"wdio_ui5_key":"sapm.Button{\"text\":\"Close\"}"}]}
RESULT: undefined
COMMAND: POST /session/7ceb2304b37874a72895a7f47f00ffc5/element - {"using":"xpath","value":"//*[@id=\"__mbox-btn-0\"]"}
RESULT: {"using":"xpath","value":"//*[@id=\"__mbox-btn-0\"]"}
COMMAND: POST /session/7ceb2304b37874a72895a7f47f00ffc5/element/f.A2DC6DB0B92729488FE09C376A5B6DB2.d.72781C58D632C404FD3454E2CD029E95.e.8814/click - {}
RESULT: {}
COMMAND: GET /session/7ceb2304b37874a72895a7f47f00ffc5/screenshot - {}
RESULT: {}
COMMAND: POST /session/7ceb2304b37874a72895a7f47f00ffc5/execute/async - {"script":"<script> [1562 bytes]","args":[{"selector":{"controlType":"sap.m.Button","viewName":"etm.portal.ui.managerequests.view.Detail","i18NText":{"propertyName":"text","key":"requestSpecifications"},"interaction":{"idSuffix":"BDI-content"}},"wdio_ui5_key":"etmportal.ui.managerequests.view.Detailsap.m.Button{\"propertyName\":\"text\",\"key\":\"requestSpecifications\"}"}]}
RESULT: {"script":"<script> [1562 bytes]","args":[{"selector":{"controlType":"sap.m.Button","viewName":"etm.portal.ui.managerequests.view.Detail","i18NText":{"propertyName":"text","key":"requestSpecifications"},"interaction":{"idSuffix":"BDI-content"}},"wdio_ui5_key":"etmportal.ui.managerequests.view.Detailsap.m.Button{\"propertyName\":\"text\",\"key\":\"requestSpecifications\"}"}]}
RESULT: undefined
COMMAND: POST /session/7ceb2304b37874a72895a7f47f00ffc5/element - {"using":"xpath","value":"//*[@id=\"__button107-__clone1355\"]"}
RESULT: {"using":"xpath","value":"//*[@id=\"__button107-__clone1355\"]"}
COMMAND: POST /session/7ceb2304b37874a72895a7f47f00ffc5/element/f.A2DC6DB0B92729488FE09C376A5B6DB2.d.72781C58D632C404FD3454E2CD029E95.e.8928/click - {}
RESULT: {}
COMMAND: GET /session/7ceb2304b37874a72895a7f47f00ffc5/screenshot - {}
RESULT: {}
COMMAND: POST /session/7ceb2304b37874a72895a7f47f00ffc5/element - {"using":"xpath","value":"//input[@value=\"blue\"]"}
RESULT: {"using":"xpath","value":"//input[@value=\"blue\"]"}
COMMAND: POST /session/7ceb2304b37874a72895a7f47f00ffc5/elements - {"using":"xpath","value":"//input[@value=\"blue\"]"}
RESULT: {"using":"xpath","value":"//input[@value=\"blue\"]"}
COMMAND: POST /session/7ceb2304b37874a72895a7f47f00ffc5/execute/async - {"script":"<script> [1562 bytes]","args":[{"selector":{"id":"cancelRequestSpecificationsButton","viewName":"etm.portal.ui.managerequests.view.Detail","searchOpenDialogs":true,"interaction":{"idSuffix":"BDI-content"}},"wdio_ui5_key":"cancelRequestSpecificationsButtonetmportal.ui.managerequests.view.Detail"}]}
RESULT: {"script":"<script> [1562 bytes]","args":[{"selector":{"id":"cancelRequestSpecificationsButton","viewName":"etm.portal.ui.managerequests.view.Detail","searchOpenDialogs":true,"interaction":{"idSuffix":"BDI-content"}},"wdio_ui5_key":"cancelRequestSpecificationsButtonetmportal.ui.managerequests.view.Detail"}]}
RESULT: undefined
COMMAND: POST /session/7ceb2304b37874a72895a7f47f00ffc5/element - {"using":"xpath","value":"//*[@id=\"__xmlview60--cancelRequestSpecificationsButton\"]"}
RESULT: {"using":"xpath","value":"//*[@id=\"__xmlview60--cancelRequestSpecificationsButton\"]"}
COMMAND: POST /session/7ceb2304b37874a72895a7f47f00ffc5/element/f.A2DC6DB0B92729488FE09C376A5B6DB2.d.72781C58D632C404FD3454E2CD029E95.e.8941/click - {}
RESULT: {}
COMMAND: POST /session/7ceb2304b37874a72895a7f47f00ffc5/element - {"using":"css selector","value":"#shell-header-logo"}
COMMAND: GET /session/7ceb2304b37874a72895a7f47f00ffc5/screenshot - {}
RESULT: {"using":"css selector","value":"#shell-header-logo"}
COMMAND: POST /session/7ceb2304b37874a72895a7f47f00ffc5/element/f.A2DC6DB0B92729488FE09C376A5B6DB2.d.72781C58D632C404FD3454E2CD029E95.e.8365/click - {}
RESULT: {}
RESULT: {}
COMMAND: GET /session/7ceb2304b37874a72895a7f47f00ffc5/screenshot - {}
RESULT: {}
]]></system-out>
    </testcase>
  </testsuite>
  <testsuite timestamp="2025-06-04T16:02:09" time="331.502" tests="3" failures="0" errors="0" skipped="0">
    <properties>
      <property name="specId" value="0" />
      <property name="suiteName" value="Reserve/Unreserve request item via reserve option US139161" />
      <property name="capabilities" value="chrome.137_0_7151_56.windows" />
      <property name="file" value="file:///D:/a/1/s/test/specs/R2C/reserve-unreserve-request-item-via-reserve-option.spec.js" />
    </properties>
    <testcase classname="chrome.137_0_7151_56.windows.Reserve/Unreserve_request_item_via_reserve_option_US139161" name="Should add the material to the catalog item" time="83.204">
      <system-out><![CDATA[
COMMAND: POST /session/7ceb2304b37874a72895a7f47f00ffc5/execute/async - {"script":"<script> [1562 bytes]","args":[{"selector":{"controlType":"sap.m.GenericTile","properties":{"header":"Manage Catalogs"}},"wdio_ui5_key":"sapm.GenericTile{\"header\":\"Manage Catalogs\"}"}]}
RESULT: {"script":"<script> [1562 bytes]","args":[{"selector":{"controlType":"sap.m.GenericTile","properties":{"header":"Manage Catalogs"}},"wdio_ui5_key":"sapm.GenericTile{\"header\":\"Manage Catalogs\"}"}]}
RESULT: undefined
COMMAND: POST /session/7ceb2304b37874a72895a7f47f00ffc5/element - {"using":"xpath","value":"//*[@id=\"__tile37\"]"}
RESULT: {"using":"xpath","value":"//*[@id=\"__tile37\"]"}
COMMAND: POST /session/7ceb2304b37874a72895a7f47f00ffc5/element/f.A2DC6DB0B92729488FE09C376A5B6DB2.d.72781C58D632C404FD3454E2CD029E95.e.8948/click - {}
RESULT: {}
COMMAND: GET /session/7ceb2304b37874a72895a7f47f00ffc5/screenshot - {}
RESULT: {}
COMMAND: POST /session/7ceb2304b37874a72895a7f47f00ffc5/elements - {"using":"xpath","value":"//span[text()='Error']"}
RESULT: {"using":"xpath","value":"//span[text()='Error']"}
COMMAND: POST /session/7ceb2304b37874a72895a7f47f00ffc5/execute/async - {"script":"<script> [1562 bytes]","args":[{"selector":{"controlType":"sap.m.Text","viewName":"etm.portal.ui.managecatalogs.view.MasterCatalogs","viewId":"application-managecatalogs-display-component---masterCatalogs","bindingPath":{"path":"/Catalogs('0D7502D073D53A0F1700BE067B89AFF9')","propertyPath":"DESCRIPTION","modelName":"catalogModel"}},"wdio_ui5_key":"etmportal.ui.managecatalogs.view.MasterCatalogssap.m.Text{\"path\":\"/Catalogs('0D7502D073D53A0F1700BE067B89AFF9')\",\"propertyPath\":\"DESCRIPTION\",\"modelName\":\"catalogModel\"}"}]}
RESULT: {"script":"<script> [1562 bytes]","args":[{"selector":{"controlType":"sap.m.Text","viewName":"etm.portal.ui.managecatalogs.view.MasterCatalogs","viewId":"application-managecatalogs-display-component---masterCatalogs","bindingPath":{"path":"/Catalogs('0D7502D073D53A0F1700BE067B89AFF9')","propertyPath":"DESCRIPTION","modelName":"catalogModel"}},"wdio_ui5_key":"etmportal.ui.managecatalogs.view.MasterCatalogssap.m.Text{\"path\":\"/Catalogs('0D7502D073D53A0F1700BE067B89AFF9')\",\"propertyPath\":\"DESCRIPTION\",\"modelName\":\"catalogModel\"}"}]}
RESULT: undefined
COMMAND: POST /session/7ceb2304b37874a72895a7f47f00ffc5/element - {"using":"xpath","value":"//*[@id=\"__text685-application-managecatalogs-display-component---masterCatalogs--CatalogsTable-11\"]"}
RESULT: {"using":"xpath","value":"//*[@id=\"__text685-application-managecatalogs-display-component---masterCatalogs--CatalogsTable-11\"]"}
COMMAND: POST /session/7ceb2304b37874a72895a7f47f00ffc5/element/f.A2DC6DB0B92729488FE09C376A5B6DB2.d.72781C58D632C404FD3454E2CD029E95.e.9016/click - {}
RESULT: {}
RESULT: undefined
COMMAND: POST /session/7ceb2304b37874a72895a7f47f00ffc5/execute/async - {"script":"<script> [776 bytes]","args":[{"enterText":"catalogItemv9i5ek","selector":{"id":"application-managecatalogs-display-component---masterCatalogItems--searchItemsField","interaction":{"idSuffix":"I"}},"clearTextFirst":true,"interactionType":"ENTER_TEXT"}]}
COMMAND: GET /session/7ceb2304b37874a72895a7f47f00ffc5/screenshot - {}
RESULT: {"script":"<script> [776 bytes]","args":[{"enterText":"catalogItemv9i5ek","selector":{"id":"application-managecatalogs-display-component---masterCatalogItems--searchItemsField","interaction":{"idSuffix":"I"}},"clearTextFirst":true,"interactionType":"ENTER_TEXT"}]}
COMMAND: POST /session/7ceb2304b37874a72895a7f47f00ffc5/actions - {"actions":[{"id":"action59","type":"key","parameters":{},"actions":[{"type":"keyDown","value":"î€‡"},{"type":"pause","duration":10},{"type":"keyUp","value":"î€‡"}]}]}
RESULT: {}
RESULT: {"actions":[{"id":"action59","type":"key","parameters":{},"actions":[{"type":"keyDown","value":"î€‡"},{"type":"pause","duration":10},{"type":"keyUp","value":"î€‡"}]}]}
COMMAND: POST /session/7ceb2304b37874a72895a7f47f00ffc5/element - {"using":"xpath","value":"(//span[contains(text(), \"catalogItemv9i5ek\")])[1]"}
COMMAND: GET /session/7ceb2304b37874a72895a7f47f00ffc5/screenshot - {}
RESULT: {"using":"xpath","value":"(//span[contains(text(), \"catalogItemv9i5ek\")])[1]"}
COMMAND: POST /session/7ceb2304b37874a72895a7f47f00ffc5/element/f.A2DC6DB0B92729488FE09C376A5B6DB2.d.72781C58D632C404FD3454E2CD029E95.e.9056/click - {}
RESULT: {}
RESULT: {}
COMMAND: GET /session/7ceb2304b37874a72895a7f47f00ffc5/screenshot - {}
RESULT: {}
COMMAND: POST /session/7ceb2304b37874a72895a7f47f00ffc5/element - {"using":"xpath","value":"//*[contains(@id ,\"BDI-content\")][contains(text(), \"Edit\")]"}
RESULT: {"using":"xpath","value":"//*[contains(@id ,\"BDI-content\")][contains(text(), \"Edit\")]"}
COMMAND: POST /session/7ceb2304b37874a72895a7f47f00ffc5/element/f.A2DC6DB0B92729488FE09C376A5B6DB2.d.72781C58D632C404FD3454E2CD029E95.e.9138/click - {}
RESULT: {}
COMMAND: GET /session/7ceb2304b37874a72895a7f47f00ffc5/screenshot - {}
RESULT: {}
COMMAND: POST /session/7ceb2304b37874a72895a7f47f00ffc5/element - {"using":"xpath","value":"//bdi[contains(text(), \"Assigned Resources\")]"}
RESULT: {"using":"xpath","value":"//bdi[contains(text(), \"Assigned Resources\")]"}
COMMAND: POST /session/7ceb2304b37874a72895a7f47f00ffc5/element/f.A2DC6DB0B92729488FE09C376A5B6DB2.d.72781C58D632C404FD3454E2CD029E95.e.9162/click - {}
RESULT: {}
COMMAND: GET /session/7ceb2304b37874a72895a7f47f00ffc5/screenshot - {}
RESULT: {}
COMMAND: POST /session/7ceb2304b37874a72895a7f47f00ffc5/element - {"using":"xpath","value":"//button[contains(@data-kt ,\"catalogItemAssignRuButton\")]"}
RESULT: {"using":"xpath","value":"//button[contains(@data-kt ,\"catalogItemAssignRuButton\")]"}
COMMAND: POST /session/7ceb2304b37874a72895a7f47f00ffc5/element/f.A2DC6DB0B92729488FE09C376A5B6DB2.d.72781C58D632C404FD3454E2CD029E95.e.9168/click - {}
RESULT: {}
COMMAND: GET /session/7ceb2304b37874a72895a7f47f00ffc5/screenshot - {}
RESULT: {}
COMMAND: POST /session/7ceb2304b37874a72895a7f47f00ffc5/actions - {"actions":[{"id":"action60","type":"key","parameters":{},"actions":[{"type":"keyDown","value":"î€‡"},{"type":"pause","duration":10},{"type":"keyUp","value":"î€‡"}]}]}
RESULT: {"actions":[{"id":"action60","type":"key","parameters":{},"actions":[{"type":"keyDown","value":"î€‡"},{"type":"pause","duration":10},{"type":"keyUp","value":"î€‡"}]}]}
COMMAND: GET /session/7ceb2304b37874a72895a7f47f00ffc5/screenshot - {}
RESULT: {}
COMMAND: POST /session/7ceb2304b37874a72895a7f47f00ffc5/execute/async - {"script":"<script> [1562 bytes]","args":[{"selector":{"id":"application-managecatalogs-display-component---detailCatalog--assignRUSearchField-vhi","searchOpenDialogs":true},"wdio_ui5_key":"applicationmanagecatalogs-display-component---detailCatalog--assignRUSearchField-vhi"}]}
RESULT: {"script":"<script> [1562 bytes]","args":[{"selector":{"id":"application-managecatalogs-display-component---detailCatalog--assignRUSearchField-vhi","searchOpenDialogs":true},"wdio_ui5_key":"applicationmanagecatalogs-display-component---detailCatalog--assignRUSearchField-vhi"}]}
RESULT: undefined
COMMAND: POST /session/7ceb2304b37874a72895a7f47f00ffc5/element - {"using":"xpath","value":"//*[@id=\"application-managecatalogs-display-component---detailCatalog--assignRUSearchField-vhi\"]"}
RESULT: {"using":"xpath","value":"//*[@id=\"application-managecatalogs-display-component---detailCatalog--assignRUSearchField-vhi\"]"}
COMMAND: POST /session/7ceb2304b37874a72895a7f47f00ffc5/element/f.A2DC6DB0B92729488FE09C376A5B6DB2.d.72781C58D632C404FD3454E2CD029E95.e.9186/click - {}
RESULT: {}
COMMAND: GET /session/7ceb2304b37874a72895a7f47f00ffc5/screenshot - {}
RESULT: {}
COMMAND: POST /session/7ceb2304b37874a72895a7f47f00ffc5/element - {"using":"xpath","value":"//input[contains(@id ,\"searchField-I\")]"}
RESULT: {"using":"xpath","value":"//input[contains(@id ,\"searchField-I\")]"}
COMMAND: POST /session/7ceb2304b37874a72895a7f47f00ffc5/element/f.A2DC6DB0B92729488FE09C376A5B6DB2.d.72781C58D632C404FD3454E2CD029E95.e.9188/clear - {}
RESULT: {}
COMMAND: POST /session/7ceb2304b37874a72895a7f47f00ffc5/element/f.A2DC6DB0B92729488FE09C376A5B6DB2.d.72781C58D632C404FD3454E2CD029E95.e.9188/value - {"text":"WebdriverMatTestek7kq"}
COMMAND: GET /session/7ceb2304b37874a72895a7f47f00ffc5/screenshot - {}
RESULT: {"text":"WebdriverMatTestek7kq"}
COMMAND: GET /session/7ceb2304b37874a72895a7f47f00ffc5/screenshot - {}
RESULT: {}
RESULT: {}
COMMAND: POST /session/7ceb2304b37874a72895a7f47f00ffc5/actions - {"actions":[{"id":"action61","type":"key","parameters":{},"actions":[{"type":"keyDown","value":"î€‡"},{"type":"pause","duration":10},{"type":"keyUp","value":"î€‡"}]}]}
RESULT: {"actions":[{"id":"action61","type":"key","parameters":{},"actions":[{"type":"keyDown","value":"î€‡"},{"type":"pause","duration":10},{"type":"keyUp","value":"î€‡"}]}]}
COMMAND: GET /session/7ceb2304b37874a72895a7f47f00ffc5/screenshot - {}
RESULT: {}
COMMAND: POST /session/7ceb2304b37874a72895a7f47f00ffc5/actions - {"actions":[{"id":"action62","type":"key","parameters":{},"actions":[{"type":"keyDown","value":"î€„"},{"type":"pause","duration":10},{"type":"keyUp","value":"î€„"}]}]}
RESULT: {"actions":[{"id":"action62","type":"key","parameters":{},"actions":[{"type":"keyDown","value":"î€„"},{"type":"pause","duration":10},{"type":"keyUp","value":"î€„"}]}]}
COMMAND: GET /session/7ceb2304b37874a72895a7f47f00ffc5/screenshot - {}
RESULT: {}
COMMAND: POST /session/7ceb2304b37874a72895a7f47f00ffc5/actions - {"actions":[{"id":"action63","type":"key","parameters":{},"actions":[{"type":"keyDown","value":"î€‡"},{"type":"pause","duration":10},{"type":"keyUp","value":"î€‡"}]}]}
RESULT: {"actions":[{"id":"action63","type":"key","parameters":{},"actions":[{"type":"keyDown","value":"î€‡"},{"type":"pause","duration":10},{"type":"keyUp","value":"î€‡"}]}]}
COMMAND: GET /session/7ceb2304b37874a72895a7f47f00ffc5/screenshot - {}
RESULT: {}
COMMAND: POST /session/7ceb2304b37874a72895a7f47f00ffc5/element - {"using":"xpath","value":"//bdi[contains(@id ,\"application-managecatalogs-display-component---detailCatalog--RUAssignmentSaveButton-BDI-content\")]"}
RESULT: {"using":"xpath","value":"//bdi[contains(@id ,\"application-managecatalogs-display-component---detailCatalog--RUAssignmentSaveButton-BDI-content\")]"}
COMMAND: POST /session/7ceb2304b37874a72895a7f47f00ffc5/element/f.A2DC6DB0B92729488FE09C376A5B6DB2.d.72781C58D632C404FD3454E2CD029E95.e.9217/click - {}
RESULT: {}
COMMAND: GET /session/7ceb2304b37874a72895a7f47f00ffc5/screenshot - {}
RESULT: {}
COMMAND: POST /session/7ceb2304b37874a72895a7f47f00ffc5/element - {"using":"xpath","value":"//bdi[contains(text(), \"Save\")]"}
RESULT: {"using":"xpath","value":"//bdi[contains(text(), \"Save\")]"}
COMMAND: POST /session/7ceb2304b37874a72895a7f47f00ffc5/element/f.A2DC6DB0B92729488FE09C376A5B6DB2.d.72781C58D632C404FD3454E2CD029E95.e.9235/click - {}
RESULT: {}
COMMAND: GET /session/7ceb2304b37874a72895a7f47f00ffc5/screenshot - {}
RESULT: {}
COMMAND: POST /session/7ceb2304b37874a72895a7f47f00ffc5/element - {"using":"css selector","value":"#shell-header-logo"}
RESULT: {"using":"css selector","value":"#shell-header-logo"}
COMMAND: POST /session/7ceb2304b37874a72895a7f47f00ffc5/element/f.A2DC6DB0B92729488FE09C376A5B6DB2.d.72781C58D632C404FD3454E2CD029E95.e.8952/click - {}
RESULT: {}
COMMAND: GET /session/7ceb2304b37874a72895a7f47f00ffc5/screenshot - {}
RESULT: {}
COMMAND: POST /session/7ceb2304b37874a72895a7f47f00ffc5/refresh - {}
RESULT: {}
COMMAND: GET /session/7ceb2304b37874a72895a7f47f00ffc5/screenshot - {}
RESULT: {}
COMMAND: POST /session/7ceb2304b37874a72895a7f47f00ffc5/execute/async - {"script":"<script> [189 bytes]","args":[]}
RESULT: {"script":"<script> [189 bytes]","args":[]}
COMMAND: POST /session/7ceb2304b37874a72895a7f47f00ffc5/execute/async - {"script":"<script> [123 bytes]","args":[]}
RESULT: {"script":"<script> [123 bytes]","args":[]}
COMMAND: POST /session/7ceb2304b37874a72895a7f47f00ffc5/timeouts - {"script":"<number>"}
RESULT: {"script":"<number>"}
COMMAND: GET /session/7ceb2304b37874a72895a7f47f00ffc5/timeouts - {}
RESULT: {}
RESULT: undefined
COMMAND: POST /session/7ceb2304b37874a72895a7f47f00ffc5/execute/async - {"script":"<script> [2676 bytes]","args":[]}
RESULT: {"script":"<script> [2676 bytes]","args":[]}
COMMAND: POST /session/7ceb2304b37874a72895a7f47f00ffc5/execute/async - {"script":"<script> [2342 bytes]","args":[{"protocol":"http","hostname":"0.0.0.0","path":"/","capabilities":{"browserName":"chrome","goog:chromeOptions":{"binary":"C:\\Program Files\\Google\\Chrome\\Application\\chrome.exe","args":["--start-maximized"]}},"logLevel":"warn","connectionRetryTimeout":120000,"connectionRetryCount":3,"logLevels":{},"enableDirectConnect":true,"strictSSL":true,"_":"65 more keys: [\"cacheDir\",\"port\",\"requestedCapabilities\",\"automationProtocol\",\"baseUrl\",\"waitforInterval\",\"waitforTimeout\",\"onReload\",\"beforeCommand\",\"afterCommand\",\"rootDir\",\"specs\",\"suites\",\"exclude\",\"groupLogsByTestSpec\",\"excludeDriverLogs\",\"bail\",\"framework\",\"reporters\",\"services\",\"maxInstances\",\"maxInstancesPerCapability\",\"injectGlobals\",\"filesToWatch\",\"execArgv\",\"runnerEnv\",\"runner\",\"shard\",\"specFileRetries\",\"specFileRetriesDelay\",\"specFileRetriesDeferred\",\"reporterSyncInterval\",\"reporterSyncTimeout\",\"cucumberFeaturesWithLineNumbers\",\"autoCompileOpts\",\"mochaOpts\",\"jasmineOpts\",\"cucumberOpts\",\"onPrepare\",\"onWorkerStart\",\"onWorkerEnd\",\"before\",\"beforeSession\",\"beforeSuite\",\"beforeHook\",\"beforeTest\",\"afterTest\",\"afterHook\",\"afterSuite\",\"afterSession\",\"after\",\"onComplete\",\"beforeAssertion\",\"afterAssertion\",\"beforeFeature\",\"beforeScenario\",\"beforeStep\",\"afterStep\",\"afterScenario\",\"afterFeature\",\"_\",\"suite\",\"$0\",\"ignoredWorkerServices\",\"wdi5\"]"}]}
RESULT: {"script":"<script> [2342 bytes]","args":[{"protocol":"http","hostname":"0.0.0.0","path":"/","capabilities":{"browserName":"chrome","goog:chromeOptions":{"binary":"C:\\Program Files\\Google\\Chrome\\Application\\chrome.exe","args":["--start-maximized"]}},"logLevel":"warn","connectionRetryTimeout":120000,"connectionRetryCount":3,"logLevels":{},"enableDirectConnect":true,"strictSSL":true,"_":"65 more keys: [\"cacheDir\",\"port\",\"requestedCapabilities\",\"automationProtocol\",\"baseUrl\",\"waitforInterval\",\"waitforTimeout\",\"onReload\",\"beforeCommand\",\"afterCommand\",\"rootDir\",\"specs\",\"suites\",\"exclude\",\"groupLogsByTestSpec\",\"excludeDriverLogs\",\"bail\",\"framework\",\"reporters\",\"services\",\"maxInstances\",\"maxInstancesPerCapability\",\"injectGlobals\",\"filesToWatch\",\"execArgv\",\"runnerEnv\",\"runner\",\"shard\",\"specFileRetries\",\"specFileRetriesDelay\",\"specFileRetriesDeferred\",\"reporterSyncInterval\",\"reporterSyncTimeout\",\"cucumberFeaturesWithLineNumbers\",\"autoCompileOpts\",\"mochaOpts\",\"jasmineOpts\",\"cucumberOpts\",\"onPrepare\",\"onWorkerStart\",\"onWorkerEnd\",\"before\",\"beforeSession\",\"beforeSuite\",\"beforeHook\",\"beforeTest\",\"afterTest\",\"afterHook\",\"afterSuite\",\"afterSession\",\"after\",\"onComplete\",\"beforeAssertion\",\"afterAssertion\",\"beforeFeature\",\"beforeScenario\",\"beforeStep\",\"afterStep\",\"afterScenario\",\"afterFeature\",\"_\",\"suite\",\"$0\",\"ignoredWorkerServices\",\"wdi5\"]"}]}
COMMAND: POST /session/7ceb2304b37874a72895a7f47f00ffc5/execute/async - {"script":"<script> [21126 bytes]","args":[35000]}
RESULT: {"script":"<script> [21126 bytes]","args":[35000]}
]]></system-out>
    </testcase>
    <testcase classname="chrome.137_0_7151_56.windows.Reserve/Unreserve_request_item_via_reserve_option_US139161" name="Should create a new request with a catalog item that can be planned" time="157.824">
      <system-out><![CDATA[
COMMAND: POST /session/7ceb2304b37874a72895a7f47f00ffc5/execute/async - {"script":"<script> [1562 bytes]","args":[{"selector":{"controlType":"sap.m.GenericTile","properties":{"header":"Manage Requests"}},"wdio_ui5_key":"sapm.GenericTile{\"header\":\"Manage Requests\"}"}]}
RESULT: {"script":"<script> [1562 bytes]","args":[{"selector":{"controlType":"sap.m.GenericTile","properties":{"header":"Manage Requests"}},"wdio_ui5_key":"sapm.GenericTile{\"header\":\"Manage Requests\"}"}]}
RESULT: undefined
COMMAND: POST /session/7ceb2304b37874a72895a7f47f00ffc5/element - {"using":"xpath","value":"//*[@id=\"__tile47\"]"}
RESULT: {"using":"xpath","value":"//*[@id=\"__tile47\"]"}
COMMAND: POST /session/7ceb2304b37874a72895a7f47f00ffc5/element/f.A2DC6DB0B92729488FE09C376A5B6DB2.d.ADFC7FDE5DA28B9350DAA9BE2D36F937.e.9272/click - {}
RESULT: {}
COMMAND: GET /session/7ceb2304b37874a72895a7f47f00ffc5/screenshot - {}
RESULT: {}
COMMAND: POST /session/7ceb2304b37874a72895a7f47f00ffc5/elements - {"using":"xpath","value":"//span[text()='Error']"}
RESULT: {"using":"xpath","value":"//span[text()='Error']"}
COMMAND: POST /session/7ceb2304b37874a72895a7f47f00ffc5/element - {"using":"xpath","value":"//button[contains(@data-kt ,\"btnCreateNewOverflowToolbarButton\")]"}
COMMAND: POST /session/7ceb2304b37874a72895a7f47f00ffc5/element - {"using":"xpath","value":"(//span[contains(@class ,\"sapMObjStatusText\")])[1]"}
RESULT: {"using":"xpath","value":"//button[contains(@data-kt ,\"btnCreateNewOverflowToolbarButton\")]"}
COMMAND: POST /session/7ceb2304b37874a72895a7f47f00ffc5/element/f.A2DC6DB0B92729488FE09C376A5B6DB2.d.ADFC7FDE5DA28B9350DAA9BE2D36F937.e.9329/click - {}
RESULT: {"using":"xpath","value":"(//span[contains(@class ,\"sapMObjStatusText\")])[1]"}
COMMAND: POST /session/7ceb2304b37874a72895a7f47f00ffc5/execute/sync - {"script":"<script> [8489 bytes]","args":[{"element-6066-11e4-a52e-4f735466cecf":"f.A2DC6DB0B92729488FE09C376A5B6DB2.d.ADFC7FDE5DA28B9350DAA9BE2D36F937.e.9371","ELEMENT":"f.A2DC6DB0B92729488FE09C376A5B6DB2.d.ADFC7FDE5DA28B9350DAA9BE2D36F937.e.9371"}]}
RESULT: {}
COMMAND: GET /session/7ceb2304b37874a72895a7f47f00ffc5/screenshot - {}
RESULT: {"script":"<script> [8489 bytes]","args":[{"element-6066-11e4-a52e-4f735466cecf":"f.A2DC6DB0B92729488FE09C376A5B6DB2.d.ADFC7FDE5DA28B9350DAA9BE2D36F937.e.9371","ELEMENT":"f.A2DC6DB0B92729488FE09C376A5B6DB2.d.ADFC7FDE5DA28B9350DAA9BE2D36F937.e.9371"}]}
COMMAND: GET /session/7ceb2304b37874a72895a7f47f00ffc5/screenshot - {}
RESULT: {}
RESULT: {}
COMMAND: POST /session/7ceb2304b37874a72895a7f47f00ffc5/element - {"using":"xpath","value":"//input[contains(@id ,\"yardId-inner\")]"}
RESULT: {"using":"xpath","value":"//input[contains(@id ,\"yardId-inner\")]"}
COMMAND: POST /session/7ceb2304b37874a72895a7f47f00ffc5/execute/sync - {"script":"<script> [8489 bytes]","args":[{"element-6066-11e4-a52e-4f735466cecf":"f.A2DC6DB0B92729488FE09C376A5B6DB2.d.ADFC7FDE5DA28B9350DAA9BE2D36F937.e.9452","ELEMENT":"f.A2DC6DB0B92729488FE09C376A5B6DB2.d.ADFC7FDE5DA28B9350DAA9BE2D36F937.e.9452"}]}
RESULT: {"script":"<script> [8489 bytes]","args":[{"element-6066-11e4-a52e-4f735466cecf":"f.A2DC6DB0B92729488FE09C376A5B6DB2.d.ADFC7FDE5DA28B9350DAA9BE2D36F937.e.9452","ELEMENT":"f.A2DC6DB0B92729488FE09C376A5B6DB2.d.ADFC7FDE5DA28B9350DAA9BE2D36F937.e.9452"}]}
COMMAND: POST /session/7ceb2304b37874a72895a7f47f00ffc5/element - {"using":"xpath","value":"//input[contains(@id ,\"yardId-inner\")]"}
COMMAND: GET /session/7ceb2304b37874a72895a7f47f00ffc5/screenshot - {}
RESULT: {"using":"xpath","value":"//input[contains(@id ,\"yardId-inner\")]"}
COMMAND: GET /session/7ceb2304b37874a72895a7f47f00ffc5/element/f.A2DC6DB0B92729488FE09C376A5B6DB2.d.ADFC7FDE5DA28B9350DAA9BE2D36F937.e.9452/enabled - {}
RESULT: {}
RESULT: {}
COMMAND: POST /session/7ceb2304b37874a72895a7f47f00ffc5/element/f.A2DC6DB0B92729488FE09C376A5B6DB2.d.ADFC7FDE5DA28B9350DAA9BE2D36F937.e.9452/clear - {}
COMMAND: GET /session/7ceb2304b37874a72895a7f47f00ffc5/screenshot - {}
RESULT: {}
COMMAND: POST /session/7ceb2304b37874a72895a7f47f00ffc5/element/f.A2DC6DB0B92729488FE09C376A5B6DB2.d.ADFC7FDE5DA28B9350DAA9BE2D36F937.e.9452/value - {"text":"WebdriverYard1clzi"}
COMMAND: GET /session/7ceb2304b37874a72895a7f47f00ffc5/screenshot - {}
RESULT: {}
RESULT: {"text":"WebdriverYard1clzi"}
COMMAND: GET /session/7ceb2304b37874a72895a7f47f00ffc5/screenshot - {}
RESULT: {}
RESULT: {}
COMMAND: POST /session/7ceb2304b37874a72895a7f47f00ffc5/element - {"using":"xpath","value":"//input[contains(@id ,\"customerNumber-inner\")]"}
RESULT: {"using":"xpath","value":"//input[contains(@id ,\"customerNumber-inner\")]"}
COMMAND: POST /session/7ceb2304b37874a72895a7f47f00ffc5/element/f.A2DC6DB0B92729488FE09C376A5B6DB2.d.ADFC7FDE5DA28B9350DAA9BE2D36F937.e.9446/value - {"text":"WebdriverPartnerdvn1f"}
COMMAND: POST /session/7ceb2304b37874a72895a7f47f00ffc5/actions - {"actions":[{"id":"action64","type":"key","parameters":{},"actions":[{"type":"keyDown","value":"î€‡"},{"type":"pause","duration":10},{"type":"keyUp","value":"î€‡"}]}]}
RESULT: {"actions":[{"id":"action64","type":"key","parameters":{},"actions":[{"type":"keyDown","value":"î€‡"},{"type":"pause","duration":10},{"type":"keyUp","value":"î€‡"}]}]}
COMMAND: GET /session/7ceb2304b37874a72895a7f47f00ffc5/screenshot - {}
RESULT: {"text":"WebdriverPartnerdvn1f"}
COMMAND: GET /session/7ceb2304b37874a72895a7f47f00ffc5/screenshot - {}
RESULT: {}
RESULT: {}
COMMAND: POST /session/7ceb2304b37874a72895a7f47f00ffc5/actions - {"actions":[{"id":"action65","type":"key","parameters":{},"actions":[{"type":"keyDown","value":"î€‡"},{"type":"pause","duration":10},{"type":"keyUp","value":"î€‡"}]}]}
RESULT: {"actions":[{"id":"action65","type":"key","parameters":{},"actions":[{"type":"keyDown","value":"î€‡"},{"type":"pause","duration":10},{"type":"keyUp","value":"î€‡"}]}]}
COMMAND: GET /session/7ceb2304b37874a72895a7f47f00ffc5/screenshot - {}
RESULT: {}
COMMAND: GET /session/7ceb2304b37874a72895a7f47f00ffc5/element/f.A2DC6DB0B92729488FE09C376A5B6DB2.d.ADFC7FDE5DA28B9350DAA9BE2D36F937.e.9446/property/value - {}
RESULT: {}
COMMAND: GET /session/7ceb2304b37874a72895a7f47f00ffc5/screenshot - {}
RESULT: {}
COMMAND: POST /session/7ceb2304b37874a72895a7f47f00ffc5/element - {"using":"xpath","value":"//input[contains(@id ,\"requestSiteId-inner\")]"}
RESULT: {"using":"xpath","value":"//input[contains(@id ,\"requestSiteId-inner\")]"}
COMMAND: POST /session/7ceb2304b37874a72895a7f47f00ffc5/element/f.A2DC6DB0B92729488FE09C376A5B6DB2.d.ADFC7FDE5DA28B9350DAA9BE2D36F937.e.9445/value - {"text":"WebdriverSitefw7o9l"}
RESULT: {"text":"WebdriverSitefw7o9l"}
COMMAND: GET /session/7ceb2304b37874a72895a7f47f00ffc5/screenshot - {}
RESULT: {}
COMMAND: POST /session/7ceb2304b37874a72895a7f47f00ffc5/actions - {"actions":[{"id":"action66","type":"key","parameters":{},"actions":[{"type":"keyDown","value":"î€‡"},{"type":"pause","duration":10},{"type":"keyUp","value":"î€‡"}]}]}
RESULT: {"actions":[{"id":"action66","type":"key","parameters":{},"actions":[{"type":"keyDown","value":"î€‡"},{"type":"pause","duration":10},{"type":"keyUp","value":"î€‡"}]}]}
COMMAND: GET /session/7ceb2304b37874a72895a7f47f00ffc5/screenshot - {}
RESULT: {}
COMMAND: POST /session/7ceb2304b37874a72895a7f47f00ffc5/element - {"using":"xpath","value":"//button[contains(@data-kt ,\"requestItemAddOverflowToolbarButton\")]"}
RESULT: {"using":"xpath","value":"//button[contains(@data-kt ,\"requestItemAddOverflowToolbarButton\")]"}
COMMAND: POST /session/7ceb2304b37874a72895a7f47f00ffc5/element/f.A2DC6DB0B92729488FE09C376A5B6DB2.d.ADFC7FDE5DA28B9350DAA9BE2D36F937.e.9623/click - {}
RESULT: {}
COMMAND: GET /session/7ceb2304b37874a72895a7f47f00ffc5/screenshot - {}
RESULT: {}
COMMAND: POST /session/7ceb2304b37874a72895a7f47f00ffc5/actions - {"actions":[{"id":"action67","type":"key","parameters":{},"actions":[{"type":"keyDown","value":"î€•"},{"type":"pause","duration":10},{"type":"keyUp","value":"î€•"}]}]}
RESULT: {"actions":[{"id":"action67","type":"key","parameters":{},"actions":[{"type":"keyDown","value":"î€•"},{"type":"pause","duration":10},{"type":"keyUp","value":"î€•"}]}]}
COMMAND: POST /session/7ceb2304b37874a72895a7f47f00ffc5/actions - {"actions":[{"id":"action68","type":"key","parameters":{},"actions":[{"type":"keyDown","value":"î€‡"},{"type":"pause","duration":10},{"type":"keyUp","value":"î€‡"}]}]}
COMMAND: GET /session/7ceb2304b37874a72895a7f47f00ffc5/screenshot - {}
RESULT: {"actions":[{"id":"action68","type":"key","parameters":{},"actions":[{"type":"keyDown","value":"î€‡"},{"type":"pause","duration":10},{"type":"keyUp","value":"î€‡"}]}]}
COMMAND: POST /session/7ceb2304b37874a72895a7f47f00ffc5/element - {"using":"xpath","value":"(//input[contains(@id ,\"requestItemsTable-0-inner\")])[1]"}
COMMAND: GET /session/7ceb2304b37874a72895a7f47f00ffc5/screenshot - {}
RESULT: {}
RESULT: {"using":"xpath","value":"(//input[contains(@id ,\"requestItemsTable-0-inner\")])[1]"}
COMMAND: POST /session/7ceb2304b37874a72895a7f47f00ffc5/element/f.A2DC6DB0B92729488FE09C376A5B6DB2.d.ADFC7FDE5DA28B9350DAA9BE2D36F937.e.9627/clear - {}
RESULT: {}
RESULT: {}
COMMAND: POST /session/7ceb2304b37874a72895a7f47f00ffc5/element/f.A2DC6DB0B92729488FE09C376A5B6DB2.d.ADFC7FDE5DA28B9350DAA9BE2D36F937.e.9627/value - {"text":"catalogItemv9i5ek"}
COMMAND: GET /session/7ceb2304b37874a72895a7f47f00ffc5/screenshot - {}
RESULT: {"text":"catalogItemv9i5ek"}
COMMAND: GET /session/7ceb2304b37874a72895a7f47f00ffc5/screenshot - {}
RESULT: {}
RESULT: {}
COMMAND: POST /session/7ceb2304b37874a72895a7f47f00ffc5/actions - {"actions":[{"id":"action69","type":"key","parameters":{},"actions":[{"type":"keyDown","value":"î€‡"},{"type":"pause","duration":10},{"type":"keyUp","value":"î€‡"}]}]}
RESULT: {"actions":[{"id":"action69","type":"key","parameters":{},"actions":[{"type":"keyDown","value":"î€‡"},{"type":"pause","duration":10},{"type":"keyUp","value":"î€‡"}]}]}
COMMAND: GET /session/7ceb2304b37874a72895a7f47f00ffc5/screenshot - {}
RESULT: {}
COMMAND: POST /session/7ceb2304b37874a72895a7f47f00ffc5/execute/async - {"script":"<script> [1562 bytes]","args":[{"selector":{"controlType":"sap.ui.core.Icon","viewName":"etm.portal.ui.managerequests.view.NewRequest","properties":{"src":{"regex":{"source":"slim\\-arrow\\-down"}}},"ancestor":{"controlType":"sap.m.Button","viewName":"etm.portal.ui.managerequests.view.NewRequest","properties":{"icon":"sap-icon://slim-arrow-down"}}},"wdio_ui5_key":"etmportal.ui.managerequests.view.NewRequestsap.ui.core.Icon{\"src\":{\"regex\":{\"source\":\"slim\\\\-arrow\\\\-down\"}}}{\"controlType\":\"sap.m.Button\",\"viewName\":\"etm.portal.ui.managerequests.view.NewRequest\",\"properties\":{\"icon\":\"sap-icon://slim-arrow-down\"}}"}]}
RESULT: {"script":"<script> [1562 bytes]","args":[{"selector":{"controlType":"sap.ui.core.Icon","viewName":"etm.portal.ui.managerequests.view.NewRequest","properties":{"src":{"regex":{"source":"slim\\-arrow\\-down"}}},"ancestor":{"controlType":"sap.m.Button","viewName":"etm.portal.ui.managerequests.view.NewRequest","properties":{"icon":"sap-icon://slim-arrow-down"}}},"wdio_ui5_key":"etmportal.ui.managerequests.view.NewRequestsap.ui.core.Icon{\"src\":{\"regex\":{\"source\":\"slim\\\\-arrow\\\\-down\"}}}{\"controlType\":\"sap.m.Button\",\"viewName\":\"etm.portal.ui.managerequests.view.NewRequest\",\"properties\":{\"icon\":\"sap-icon://slim-arrow-down\"}}"}]}
RESULT: undefined
COMMAND: POST /session/7ceb2304b37874a72895a7f47f00ffc5/element - {"using":"xpath","value":"//div[contains(@data-kt ,\"splitAllocationObjectStatus\")]"}
RESULT: {"using":"xpath","value":"//div[contains(@data-kt ,\"splitAllocationObjectStatus\")]"}
COMMAND: POST /session/7ceb2304b37874a72895a7f47f00ffc5/elements - {"using":"xpath","value":"//div[contains(@data-kt ,\"splitAllocationObjectStatus\")]"}
RESULT: {"using":"xpath","value":"//div[contains(@data-kt ,\"splitAllocationObjectStatus\")]"}
COMMAND: POST /session/7ceb2304b37874a72895a7f47f00ffc5/execute/async - {"script":"<script> [1562 bytes]","args":[{"selector":{"controlType":"sap.ui.core.Icon","viewName":"etm.portal.ui.managerequests.view.NewRequest","properties":{"src":{"regex":{"source":"message\\-error"}}}},"wdio_ui5_key":"etmportal.ui.managerequests.view.NewRequestsap.ui.core.Icon{\"src\":{\"regex\":{\"source\":\"message\\\\-error\"}}}"}]}
RESULT: {"script":"<script> [1562 bytes]","args":[{"selector":{"controlType":"sap.ui.core.Icon","viewName":"etm.portal.ui.managerequests.view.NewRequest","properties":{"src":{"regex":{"source":"message\\-error"}}}},"wdio_ui5_key":"etmportal.ui.managerequests.view.NewRequestsap.ui.core.Icon{\"src\":{\"regex\":{\"source\":\"message\\\\-error\"}}}"}]}
RESULT: undefined
COMMAND: POST /session/7ceb2304b37874a72895a7f47f00ffc5/element - {"using":"xpath","value":"//*[@id=\"__status4-__xmlview59--requestItemsTable-0-icon\"]"}
RESULT: {"using":"xpath","value":"//*[@id=\"__status4-__xmlview59--requestItemsTable-0-icon\"]"}
COMMAND: POST /session/7ceb2304b37874a72895a7f47f00ffc5/element/f.A2DC6DB0B92729488FE09C376A5B6DB2.d.ADFC7FDE5DA28B9350DAA9BE2D36F937.e.9642/click - {}
RESULT: {}
COMMAND: POST /session/7ceb2304b37874a72895a7f47f00ffc5/execute/async - {"script":"<script> [1562 bytes]","args":[{"selector":{"controlType":"sap.ui.core.Icon","viewName":"etm.portal.ui.managerequests.view.NewRequest","properties":{"src":{"regex":{"source":"slim\\-arrow\\-down"}}},"searchOpenDialogs":true,"ancestor":{"id":"costObjectAdminTypeComboBox","viewName":"etm.portal.ui.managerequests.view.NewRequest","searchOpenDialogs":true}},"wdio_ui5_key":"etmportal.ui.managerequests.view.NewRequestsap.ui.core.Icon{\"src\":{\"regex\":{\"source\":\"slim\\\\-arrow\\\\-down\"}}}{\"id\":\"costObjectAdminTypeComboBox\",\"viewName\":\"etm.portal.ui.managerequests.view.NewRequest\",\"searchOpenDialogs\":true}"}]}
COMMAND: GET /session/7ceb2304b37874a72895a7f47f00ffc5/screenshot - {}
RESULT: {"script":"<script> [1562 bytes]","args":[{"selector":{"controlType":"sap.ui.core.Icon","viewName":"etm.portal.ui.managerequests.view.NewRequest","properties":{"src":{"regex":{"source":"slim\\-arrow\\-down"}}},"searchOpenDialogs":true,"ancestor":{"id":"costObjectAdminTypeComboBox","viewName":"etm.portal.ui.managerequests.view.NewRequest","searchOpenDialogs":true}},"wdio_ui5_key":"etmportal.ui.managerequests.view.NewRequestsap.ui.core.Icon{\"src\":{\"regex\":{\"source\":\"slim\\\\-arrow\\\\-down\"}}}{\"id\":\"costObjectAdminTypeComboBox\",\"viewName\":\"etm.portal.ui.managerequests.view.NewRequest\",\"searchOpenDialogs\":true}"}]}
RESULT: undefined
COMMAND: POST /session/7ceb2304b37874a72895a7f47f00ffc5/element - {"using":"xpath","value":"//*[@id=\"__xmlview59--costObjectAdminTypeComboBox-arrow\"]"}
RESULT: {}
RESULT: {"using":"xpath","value":"//*[@id=\"__xmlview59--costObjectAdminTypeComboBox-arrow\"]"}
COMMAND: POST /session/7ceb2304b37874a72895a7f47f00ffc5/element/f.A2DC6DB0B92729488FE09C376A5B6DB2.d.ADFC7FDE5DA28B9350DAA9BE2D36F937.e.9647/click - {}
RESULT: {}
COMMAND: POST /session/7ceb2304b37874a72895a7f47f00ffc5/execute/async - {"script":"<script> [1562 bytes]","args":[{"selector":{"controlType":"sap.m.StandardListItem","viewName":"etm.portal.ui.managerequests.view.NewRequest","properties":{"title":"Cost Center"},"searchOpenDialogs":true,"interaction":{"idSuffix":"titleText"}},"wdio_ui5_key":"etmportal.ui.managerequests.view.NewRequestsap.m.StandardListItem{\"title\":\"Cost Center\"}"}]}
COMMAND: GET /session/7ceb2304b37874a72895a7f47f00ffc5/screenshot - {}
RESULT: {"script":"<script> [1562 bytes]","args":[{"selector":{"controlType":"sap.m.StandardListItem","viewName":"etm.portal.ui.managerequests.view.NewRequest","properties":{"title":"Cost Center"},"searchOpenDialogs":true,"interaction":{"idSuffix":"titleText"}},"wdio_ui5_key":"etmportal.ui.managerequests.view.NewRequestsap.m.StandardListItem{\"title\":\"Cost Center\"}"}]}
RESULT: undefined
COMMAND: POST /session/7ceb2304b37874a72895a7f47f00ffc5/element - {"using":"xpath","value":"//*[@id=\"__item850\"]"}
RESULT: {}
RESULT: {"using":"xpath","value":"//*[@id=\"__item850\"]"}
COMMAND: POST /session/7ceb2304b37874a72895a7f47f00ffc5/element/f.A2DC6DB0B92729488FE09C376A5B6DB2.d.ADFC7FDE5DA28B9350DAA9BE2D36F937.e.9649/click - {}
RESULT: {}
COMMAND: GET /session/7ceb2304b37874a72895a7f47f00ffc5/screenshot - {}
RESULT: {}
COMMAND: POST /session/7ceb2304b37874a72895a7f47f00ffc5/execute/async - {"script":"<script> [1562 bytes]","args":[{"selector":{"controlType":"sap.ui.core.Icon","viewName":"etm.portal.ui.managerequests.view.NewRequest","properties":{"src":{"regex":{"source":"value\\-help"}}},"searchOpenDialogs":true},"wdio_ui5_key":"etmportal.ui.managerequests.view.NewRequestsap.ui.core.Icon{\"src\":{\"regex\":{\"source\":\"value\\\\-help\"}}}"}]}
RESULT: {"script":"<script> [1562 bytes]","args":[{"selector":{"controlType":"sap.ui.core.Icon","viewName":"etm.portal.ui.managerequests.view.NewRequest","properties":{"src":{"regex":{"source":"value\\-help"}}},"searchOpenDialogs":true},"wdio_ui5_key":"etmportal.ui.managerequests.view.NewRequestsap.ui.core.Icon{\"src\":{\"regex\":{\"source\":\"value\\\\-help\"}}}"}]}
RESULT: undefined
COMMAND: POST /session/7ceb2304b37874a72895a7f47f00ffc5/element - {"using":"xpath","value":"//*[@id=\"__xmlview59--costObjectIdComboBox-vhi\"]"}
RESULT: {"using":"xpath","value":"//*[@id=\"__xmlview59--costObjectIdComboBox-vhi\"]"}
COMMAND: POST /session/7ceb2304b37874a72895a7f47f00ffc5/element/f.A2DC6DB0B92729488FE09C376A5B6DB2.d.ADFC7FDE5DA28B9350DAA9BE2D36F937.e.9656/click - {}
RESULT: {}
COMMAND: POST /session/7ceb2304b37874a72895a7f47f00ffc5/execute/async - {"script":"<script> [1562 bytes]","args":[{"selector":{"controlType":"sap.m.SearchField","properties":{"placeholder":"Search"},"searchOpenDialogs":true,"interaction":{"idSuffix":"I"}},"wdio_ui5_key":"sapm.SearchField{\"placeholder\":\"Search\"}"}]}
COMMAND: GET /session/7ceb2304b37874a72895a7f47f00ffc5/screenshot - {}
RESULT: {"script":"<script> [1562 bytes]","args":[{"selector":{"controlType":"sap.m.SearchField","properties":{"placeholder":"Search"},"searchOpenDialogs":true,"interaction":{"idSuffix":"I"}},"wdio_ui5_key":"sapm.SearchField{\"placeholder\":\"Search\"}"}]}
RESULT: undefined
COMMAND: POST /session/7ceb2304b37874a72895a7f47f00ffc5/execute/async - {"script":"<script> [776 bytes]","args":[{"enterText":"10001010","selector":{"controlType":"sap.m.SearchField","properties":{"placeholder":"Search"},"searchOpenDialogs":true,"interaction":{"idSuffix":"I"}},"clearTextFirst":true,"interactionType":"ENTER_TEXT"}]}
RESULT: {}
RESULT: {"script":"<script> [776 bytes]","args":[{"enterText":"10001010","selector":{"controlType":"sap.m.SearchField","properties":{"placeholder":"Search"},"searchOpenDialogs":true,"interaction":{"idSuffix":"I"}},"clearTextFirst":true,"interactionType":"ENTER_TEXT"}]}
COMMAND: POST /session/7ceb2304b37874a72895a7f47f00ffc5/actions - {"actions":[{"id":"action70","type":"key","parameters":{},"actions":[{"type":"keyDown","value":"î€‡"},{"type":"pause","duration":10},{"type":"keyUp","value":"î€‡"}]}]}
RESULT: {"actions":[{"id":"action70","type":"key","parameters":{},"actions":[{"type":"keyDown","value":"î€‡"},{"type":"pause","duration":10},{"type":"keyUp","value":"î€‡"}]}]}
COMMAND: GET /session/7ceb2304b37874a72895a7f47f00ffc5/screenshot - {}
RESULT: {}
COMMAND: POST /session/7ceb2304b37874a72895a7f47f00ffc5/execute/async - {"script":"<script> [1562 bytes]","args":[{"selector":{"controlType":"sap.m.Text","bindingPath":{"path":"/C_CostCtrValueHelp(CostCenter='10001010',ControllingArea='Z001')","propertyPath":"CostCenterName","modelName":"CostCenterModel"},"searchOpenDialogs":true},"wdio_ui5_key":"sapm.Text{\"path\":\"/C_CostCtrValueHelp(CostCenter='10001010',ControllingArea='Z001')\",\"propertyPath\":\"CostCenterName\",\"modelName\":\"CostCenterModel\"}"}]}
RESULT: {"script":"<script> [1562 bytes]","args":[{"selector":{"controlType":"sap.m.Text","bindingPath":{"path":"/C_CostCtrValueHelp(CostCenter='10001010',ControllingArea='Z001')","propertyPath":"CostCenterName","modelName":"CostCenterModel"},"searchOpenDialogs":true},"wdio_ui5_key":"sapm.Text{\"path\":\"/C_CostCtrValueHelp(CostCenter='10001010',ControllingArea='Z001')\",\"propertyPath\":\"CostCenterName\",\"modelName\":\"CostCenterModel\"}"}]}
RESULT: undefined
COMMAND: POST /session/7ceb2304b37874a72895a7f47f00ffc5/element - {"using":"xpath","value":"//*[@id=\"__text291-__clone988\"]"}
RESULT: {"using":"xpath","value":"//*[@id=\"__text291-__clone988\"]"}
COMMAND: POST /session/7ceb2304b37874a72895a7f47f00ffc5/element/f.A2DC6DB0B92729488FE09C376A5B6DB2.d.ADFC7FDE5DA28B9350DAA9BE2D36F937.e.9696/click - {}
RESULT: {}
COMMAND: POST /session/7ceb2304b37874a72895a7f47f00ffc5/execute/async - {"script":"<script> [1562 bytes]","args":[{"selector":{"controlType":"sap.m.Button","properties":{"text":"OK"},"searchOpenDialogs":true,"interaction":{"idSuffix":"BDI-content"}},"wdio_ui5_key":"sapm.Button{\"text\":\"OK\"}"}]}
COMMAND: GET /session/7ceb2304b37874a72895a7f47f00ffc5/screenshot - {}
RESULT: {"script":"<script> [1562 bytes]","args":[{"selector":{"controlType":"sap.m.Button","properties":{"text":"OK"},"searchOpenDialogs":true,"interaction":{"idSuffix":"BDI-content"}},"wdio_ui5_key":"sapm.Button{\"text\":\"OK\"}"}]}
RESULT: undefined
COMMAND: POST /session/7ceb2304b37874a72895a7f47f00ffc5/element - {"using":"xpath","value":"//*[@id=\"__dialog1-ok\"]"}
RESULT: {}
RESULT: {"using":"xpath","value":"//*[@id=\"__dialog1-ok\"]"}
COMMAND: POST /session/7ceb2304b37874a72895a7f47f00ffc5/element/f.A2DC6DB0B92729488FE09C376A5B6DB2.d.ADFC7FDE5DA28B9350DAA9BE2D36F937.e.9698/click - {}
RESULT: {}
COMMAND: GET /session/7ceb2304b37874a72895a7f47f00ffc5/screenshot - {}
RESULT: {}
COMMAND: POST /session/7ceb2304b37874a72895a7f47f00ffc5/execute/async - {"script":"<script> [1562 bytes]","args":[{"selector":{"controlType":"sap.m.Button","viewName":"etm.portal.ui.managerequests.view.NewRequest","i18NText":{"propertyName":"text","key":"save"},"searchOpenDialogs":true,"interaction":{"idSuffix":"BDI-content"}},"wdio_ui5_key":"etmportal.ui.managerequests.view.NewRequestsap.m.Button{\"propertyName\":\"text\",\"key\":\"save\"}"}]}
RESULT: {"script":"<script> [1562 bytes]","args":[{"selector":{"controlType":"sap.m.Button","viewName":"etm.portal.ui.managerequests.view.NewRequest","i18NText":{"propertyName":"text","key":"save"},"searchOpenDialogs":true,"interaction":{"idSuffix":"BDI-content"}},"wdio_ui5_key":"etmportal.ui.managerequests.view.NewRequestsap.m.Button{\"propertyName\":\"text\",\"key\":\"save\"}"}]}
RESULT: undefined
COMMAND: POST /session/7ceb2304b37874a72895a7f47f00ffc5/element - {"using":"xpath","value":"//*[@id=\"__button24\"]"}
RESULT: {"using":"xpath","value":"//*[@id=\"__button24\"]"}
COMMAND: POST /session/7ceb2304b37874a72895a7f47f00ffc5/element/f.A2DC6DB0B92729488FE09C376A5B6DB2.d.ADFC7FDE5DA28B9350DAA9BE2D36F937.e.9702/click - {}
RESULT: {}
COMMAND: GET /session/7ceb2304b37874a72895a7f47f00ffc5/screenshot - {}
RESULT: {}
COMMAND: POST /session/7ceb2304b37874a72895a7f47f00ffc5/element - {"using":"xpath","value":"(//bdi[contains(text() ,\"Save\")])[1]"}
RESULT: {"using":"xpath","value":"(//bdi[contains(text() ,\"Save\")])[1]"}
COMMAND: POST /session/7ceb2304b37874a72895a7f47f00ffc5/element/f.A2DC6DB0B92729488FE09C376A5B6DB2.d.ADFC7FDE5DA28B9350DAA9BE2D36F937.e.9705/click - {}
RESULT: {}
COMMAND: GET /session/7ceb2304b37874a72895a7f47f00ffc5/screenshot - {}
RESULT: {}
COMMAND: POST /session/7ceb2304b37874a72895a7f47f00ffc5/execute/async - {"script":"<script> [1562 bytes]","args":[{"selector":{"controlType":"sap.m.Title","properties":{"text":"Success"},"searchOpenDialogs":true},"wdio_ui5_key":"sapm.Title{\"text\":\"Success\"}"}]}
RESULT: {"script":"<script> [1562 bytes]","args":[{"selector":{"controlType":"sap.m.Title","properties":{"text":"Success"},"searchOpenDialogs":true},"wdio_ui5_key":"sapm.Title{\"text\":\"Success\"}"}]}
RESULT: undefined
COMMAND: POST /session/7ceb2304b37874a72895a7f47f00ffc5/execute/async - {"script":"<script> [6424 bytes]","args":[{"element-6066-11e4-a52e-4f735466cecf":"f.A2DC6DB0B92729488FE09C376A5B6DB2.d.ADFC7FDE5DA28B9350DAA9BE2D36F937.e.9708"},"getText",[]]}
RESULT: {"script":"<script> [6424 bytes]","args":[{"element-6066-11e4-a52e-4f735466cecf":"f.A2DC6DB0B92729488FE09C376A5B6DB2.d.ADFC7FDE5DA28B9350DAA9BE2D36F937.e.9708"},"getText",[]]}
COMMAND: POST /session/7ceb2304b37874a72895a7f47f00ffc5/execute/async - {"script":"<script> [1562 bytes]","args":[{"selector":{"controlType":"sap.m.Button","properties":{"text":"Close"},"searchOpenDialogs":true,"interaction":{"idSuffix":"BDI-content"}},"wdio_ui5_key":"sapm.Button{\"text\":\"Close\"}"}]}
RESULT: {"script":"<script> [1562 bytes]","args":[{"selector":{"controlType":"sap.m.Button","properties":{"text":"Close"},"searchOpenDialogs":true,"interaction":{"idSuffix":"BDI-content"}},"wdio_ui5_key":"sapm.Button{\"text\":\"Close\"}"}]}
RESULT: undefined
COMMAND: POST /session/7ceb2304b37874a72895a7f47f00ffc5/element - {"using":"xpath","value":"//*[@id=\"__mbox-btn-0\"]"}
RESULT: {"using":"xpath","value":"//*[@id=\"__mbox-btn-0\"]"}
COMMAND: POST /session/7ceb2304b37874a72895a7f47f00ffc5/element/f.A2DC6DB0B92729488FE09C376A5B6DB2.d.ADFC7FDE5DA28B9350DAA9BE2D36F937.e.9707/click - {}
RESULT: {}
COMMAND: GET /session/7ceb2304b37874a72895a7f47f00ffc5/screenshot - {}
RESULT: {}
]]></system-out>
    </testcase>
    <testcase classname="chrome.137_0_7151_56.windows.Reserve/Unreserve_request_item_via_reserve_option_US139161" name="Should navigate to planning board and reserve the resource" time="86.153">
      <system-out><![CDATA[
COMMAND: POST /session/7ceb2304b37874a72895a7f47f00ffc5/execute/async - {"script":"<script> [1562 bytes]","args":[{"selector":{"controlType":"sap.m.Button","viewName":"etm.portal.ui.managerequests.view.Detail","i18NText":{"propertyName":"text","key":"planningSituation"},"interaction":{"idSuffix":"BDI-content"}},"wdio_ui5_key":"etmportal.ui.managerequests.view.Detailsap.m.Button{\"propertyName\":\"text\",\"key\":\"planningSituation\"}"}]}
RESULT: {"script":"<script> [1562 bytes]","args":[{"selector":{"controlType":"sap.m.Button","viewName":"etm.portal.ui.managerequests.view.Detail","i18NText":{"propertyName":"text","key":"planningSituation"},"interaction":{"idSuffix":"BDI-content"}},"wdio_ui5_key":"etmportal.ui.managerequests.view.Detailsap.m.Button{\"propertyName\":\"text\",\"key\":\"planningSituation\"}"}]}
RESULT: undefined
COMMAND: POST /session/7ceb2304b37874a72895a7f47f00ffc5/element - {"using":"xpath","value":"//*[@id=\"__button27\"]"}
RESULT: {"using":"xpath","value":"//*[@id=\"__button27\"]"}
COMMAND: POST /session/7ceb2304b37874a72895a7f47f00ffc5/element/f.A2DC6DB0B92729488FE09C376A5B6DB2.d.ADFC7FDE5DA28B9350DAA9BE2D36F937.e.9733/click - {}
RESULT: {}
COMMAND: GET /session/7ceb2304b37874a72895a7f47f00ffc5/screenshot - {}
RESULT: {}
COMMAND: POST /session/7ceb2304b37874a72895a7f47f00ffc5/element - {"using":"xpath","value":"(//span[contains(@title ,\"WebdriverYard1clzi\")])[1]"}
RESULT: {"using":"xpath","value":"(//span[contains(@title ,\"WebdriverYard1clzi\")])[1]"}
COMMAND: POST /session/7ceb2304b37874a72895a7f47f00ffc5/elements - {"using":"xpath","value":"(//span[contains(@title ,\"WebdriverYard1clzi\")])[1]"}
RESULT: {"using":"xpath","value":"(//span[contains(@title ,\"WebdriverYard1clzi\")])[1]"}
COMMAND: POST /session/7ceb2304b37874a72895a7f47f00ffc5/elements - {"using":"xpath","value":"(//span[contains(@title ,\"WebdriverYard1clzi\")])[1]"}
RESULT: {"using":"xpath","value":"(//span[contains(@title ,\"WebdriverYard1clzi\")])[1]"}
COMMAND: POST /session/7ceb2304b37874a72895a7f47f00ffc5/elements - {"using":"xpath","value":"(//span[contains(@title ,\"WebdriverYard1clzi\")])[1]"}
RESULT: {"using":"xpath","value":"(//span[contains(@title ,\"WebdriverYard1clzi\")])[1]"}
COMMAND: POST /session/7ceb2304b37874a72895a7f47f00ffc5/elements - {"using":"xpath","value":"(//span[contains(@title ,\"WebdriverYard1clzi\")])[1]"}
RESULT: {"using":"xpath","value":"(//span[contains(@title ,\"WebdriverYard1clzi\")])[1]"}
COMMAND: POST /session/7ceb2304b37874a72895a7f47f00ffc5/elements - {"using":"xpath","value":"(//span[contains(@title ,\"WebdriverYard1clzi\")])[1]"}
RESULT: {"using":"xpath","value":"(//span[contains(@title ,\"WebdriverYard1clzi\")])[1]"}
COMMAND: POST /session/7ceb2304b37874a72895a7f47f00ffc5/elements - {"using":"xpath","value":"(//span[contains(@title ,\"WebdriverYard1clzi\")])[1]"}
RESULT: {"using":"xpath","value":"(//span[contains(@title ,\"WebdriverYard1clzi\")])[1]"}
COMMAND: POST /session/7ceb2304b37874a72895a7f47f00ffc5/element - {"using":"xpath","value":"(//span[contains(@title ,\"WebdriverYard1clzi\")])[1]"}
RESULT: {"using":"xpath","value":"(//span[contains(@title ,\"WebdriverYard1clzi\")])[1]"}
COMMAND: POST /session/7ceb2304b37874a72895a7f47f00ffc5/execute/sync - {"script":"<script> [8489 bytes]","args":[{"element-6066-11e4-a52e-4f735466cecf":"f.A2DC6DB0B92729488FE09C376A5B6DB2.d.ADFC7FDE5DA28B9350DAA9BE2D36F937.e.10178","ELEMENT":"f.A2DC6DB0B92729488FE09C376A5B6DB2.d.ADFC7FDE5DA28B9350DAA9BE2D36F937.e.10178"}]}
RESULT: {"script":"<script> [8489 bytes]","args":[{"element-6066-11e4-a52e-4f735466cecf":"f.A2DC6DB0B92729488FE09C376A5B6DB2.d.ADFC7FDE5DA28B9350DAA9BE2D36F937.e.10178","ELEMENT":"f.A2DC6DB0B92729488FE09C376A5B6DB2.d.ADFC7FDE5DA28B9350DAA9BE2D36F937.e.10178"}]}
COMMAND: POST /session/7ceb2304b37874a72895a7f47f00ffc5/element - {"using":"xpath","value":"(//span[contains(@title ,\"WebdriverYard1clzi\")])[1]"}
COMMAND: GET /session/7ceb2304b37874a72895a7f47f00ffc5/screenshot - {}
RESULT: {"using":"xpath","value":"(//span[contains(@title ,\"WebdriverYard1clzi\")])[1]"}
COMMAND: POST /session/7ceb2304b37874a72895a7f47f00ffc5/actions - {"actions":[{"id":"action71","type":"pointer","parameters":{"pointerType":"mouse"},"actions":[{"type":"pointerMove","button":0,"width":0,"height":0,"pressure":0,"tangentialPressure":0,"tiltX":0,"tiltY":0,"twist":0,"altitudeAngle":0,"_":"5 more keys: [\"azimuthAngle\",\"x\",\"y\",\"duration\",\"origin\"]"},{"type":"pointerDown","button":2,"width":0,"height":0,"pressure":0,"tangentialPressure":0,"tiltX":0,"tiltY":0,"twist":0,"altitudeAngle":0,"_":"1 more keys: [\"azimuthAngle\"]"},{"type":"pointerUp","button":2}]}]}
RESULT: {}
RESULT: {"actions":[{"id":"action71","type":"pointer","parameters":{"pointerType":"mouse"},"actions":[{"type":"pointerMove","button":0,"width":0,"height":0,"pressure":0,"tangentialPressure":0,"tiltX":0,"tiltY":0,"twist":0,"altitudeAngle":0,"_":"5 more keys: [\"azimuthAngle\",\"x\",\"y\",\"duration\",\"origin\"]"},{"type":"pointerDown","button":2,"width":0,"height":0,"pressure":0,"tangentialPressure":0,"tiltX":0,"tiltY":0,"twist":0,"altitudeAngle":0,"_":"1 more keys: [\"azimuthAngle\"]"},{"type":"pointerUp","button":2}]}]}
COMMAND: DELETE /session/7ceb2304b37874a72895a7f47f00ffc5/actions - {}
COMMAND: GET /session/7ceb2304b37874a72895a7f47f00ffc5/screenshot - {}
RESULT: {}
COMMAND: GET /session/7ceb2304b37874a72895a7f47f00ffc5/screenshot - {}
RESULT: {}
RESULT: {}
COMMAND: POST /session/7ceb2304b37874a72895a7f47f00ffc5/actions - {"actions":[{"id":"action72","type":"key","parameters":{},"actions":[{"type":"keyDown","value":"î€•"},{"type":"pause","duration":10},{"type":"keyUp","value":"î€•"}]}]}
RESULT: {"actions":[{"id":"action72","type":"key","parameters":{},"actions":[{"type":"keyDown","value":"î€•"},{"type":"pause","duration":10},{"type":"keyUp","value":"î€•"}]}]}
COMMAND: GET /session/7ceb2304b37874a72895a7f47f00ffc5/screenshot - {}
RESULT: {}
COMMAND: POST /session/7ceb2304b37874a72895a7f47f00ffc5/actions - {"actions":[{"id":"action73","type":"key","parameters":{},"actions":[{"type":"keyDown","value":"î€‡"},{"type":"pause","duration":10},{"type":"keyUp","value":"î€‡"}]}]}
RESULT: {"actions":[{"id":"action73","type":"key","parameters":{},"actions":[{"type":"keyDown","value":"î€‡"},{"type":"pause","duration":10},{"type":"keyUp","value":"î€‡"}]}]}
COMMAND: GET /session/7ceb2304b37874a72895a7f47f00ffc5/screenshot - {}
RESULT: {}
COMMAND: POST /session/7ceb2304b37874a72895a7f47f00ffc5/execute/async - {"script":"<script> [1562 bytes]","args":[{"selector":{"id":"application-planningboard-display-component---pB_RequestHeader--RUreservationComment","searchOpenDialogs":true,"interaction":{"idSuffix":"inner"}},"wdio_ui5_key":"applicationplanningboard-display-component---pB_RequestHeader--RUreservationComment"}]}
RESULT: {"script":"<script> [1562 bytes]","args":[{"selector":{"id":"application-planningboard-display-component---pB_RequestHeader--RUreservationComment","searchOpenDialogs":true,"interaction":{"idSuffix":"inner"}},"wdio_ui5_key":"applicationplanningboard-display-component---pB_RequestHeader--RUreservationComment"}]}
RESULT: undefined
COMMAND: POST /session/7ceb2304b37874a72895a7f47f00ffc5/execute/async - {"script":"<script> [776 bytes]","args":[{"enterText":"WdIORes1bp9se","selector":{"id":"application-planningboard-display-component---pB_RequestHeader--RUreservationComment","searchOpenDialogs":true,"interaction":{"idSuffix":"inner"}},"clearTextFirst":true,"interactionType":"ENTER_TEXT"}]}
RESULT: {"script":"<script> [776 bytes]","args":[{"enterText":"WdIORes1bp9se","selector":{"id":"application-planningboard-display-component---pB_RequestHeader--RUreservationComment","searchOpenDialogs":true,"interaction":{"idSuffix":"inner"}},"clearTextFirst":true,"interactionType":"ENTER_TEXT"}]}
COMMAND: POST /session/7ceb2304b37874a72895a7f47f00ffc5/execute/async - {"script":"<script> [1562 bytes]","args":[{"selector":{"controlType":"sap.m.Button","viewName":"etm.portal.ui.planningboard.view.detail.RequestHeader","viewId":"application-planningboard-display-component---pB_RequestHeader","properties":{"text":"Ok"},"searchOpenDialogs":true,"interaction":{"idSuffix":"BDI-content"}},"wdio_ui5_key":"etmportal.ui.planningboard.view.detail.RequestHeadersap.m.Button{\"text\":\"Ok\"}"}]}
RESULT: {"script":"<script> [1562 bytes]","args":[{"selector":{"controlType":"sap.m.Button","viewName":"etm.portal.ui.planningboard.view.detail.RequestHeader","viewId":"application-planningboard-display-component---pB_RequestHeader","properties":{"text":"Ok"},"searchOpenDialogs":true,"interaction":{"idSuffix":"BDI-content"}},"wdio_ui5_key":"etmportal.ui.planningboard.view.detail.RequestHeadersap.m.Button{\"text\":\"Ok\"}"}]}
RESULT: undefined
COMMAND: POST /session/7ceb2304b37874a72895a7f47f00ffc5/element - {"using":"xpath","value":"//*[@id=\"__button192\"]"}
RESULT: {"using":"xpath","value":"//*[@id=\"__button192\"]"}
COMMAND: POST /session/7ceb2304b37874a72895a7f47f00ffc5/element/f.A2DC6DB0B92729488FE09C376A5B6DB2.d.ADFC7FDE5DA28B9350DAA9BE2D36F937.e.10195/click - {}
RESULT: {}
COMMAND: GET /session/7ceb2304b37874a72895a7f47f00ffc5/screenshot - {}
RESULT: {}
COMMAND: POST /session/7ceb2304b37874a72895a7f47f00ffc5/element - {"using":"xpath","value":"//span[contains(@title ,\"WebdriverYard1clzi\")]"}
RESULT: {"using":"xpath","value":"//span[contains(@title ,\"WebdriverYard1clzi\")]"}
COMMAND: POST /session/7ceb2304b37874a72895a7f47f00ffc5/actions - {"actions":[{"id":"action74","type":"pointer","parameters":{"pointerType":"mouse"},"actions":[{"type":"pointerMove","button":0,"width":0,"height":0,"pressure":0,"tangentialPressure":0,"tiltX":0,"tiltY":0,"twist":0,"altitudeAngle":0,"_":"5 more keys: [\"azimuthAngle\",\"x\",\"y\",\"duration\",\"origin\"]"},{"type":"pointerDown","button":2,"width":0,"height":0,"pressure":0,"tangentialPressure":0,"tiltX":0,"tiltY":0,"twist":0,"altitudeAngle":0,"_":"1 more keys: [\"azimuthAngle\"]"},{"type":"pointerUp","button":2}]}]}
RESULT: {"actions":[{"id":"action74","type":"pointer","parameters":{"pointerType":"mouse"},"actions":[{"type":"pointerMove","button":0,"width":0,"height":0,"pressure":0,"tangentialPressure":0,"tiltX":0,"tiltY":0,"twist":0,"altitudeAngle":0,"_":"5 more keys: [\"azimuthAngle\",\"x\",\"y\",\"duration\",\"origin\"]"},{"type":"pointerDown","button":2,"width":0,"height":0,"pressure":0,"tangentialPressure":0,"tiltX":0,"tiltY":0,"twist":0,"altitudeAngle":0,"_":"1 more keys: [\"azimuthAngle\"]"},{"type":"pointerUp","button":2}]}]}
COMMAND: DELETE /session/7ceb2304b37874a72895a7f47f00ffc5/actions - {}
COMMAND: GET /session/7ceb2304b37874a72895a7f47f00ffc5/screenshot - {}
RESULT: {}
COMMAND: GET /session/7ceb2304b37874a72895a7f47f00ffc5/screenshot - {}
RESULT: {}
RESULT: {}
COMMAND: POST /session/7ceb2304b37874a72895a7f47f00ffc5/actions - {"actions":[{"id":"action75","type":"key","parameters":{},"actions":[{"type":"keyDown","value":"î€•"},{"type":"pause","duration":10},{"type":"keyUp","value":"î€•"}]}]}
RESULT: {"actions":[{"id":"action75","type":"key","parameters":{},"actions":[{"type":"keyDown","value":"î€•"},{"type":"pause","duration":10},{"type":"keyUp","value":"î€•"}]}]}
COMMAND: GET /session/7ceb2304b37874a72895a7f47f00ffc5/screenshot - {}
RESULT: {}
COMMAND: POST /session/7ceb2304b37874a72895a7f47f00ffc5/actions - {"actions":[{"id":"action76","type":"key","parameters":{},"actions":[{"type":"keyDown","value":"î€‡"},{"type":"pause","duration":10},{"type":"keyUp","value":"î€‡"}]}]}
RESULT: {"actions":[{"id":"action76","type":"key","parameters":{},"actions":[{"type":"keyDown","value":"î€‡"},{"type":"pause","duration":10},{"type":"keyUp","value":"î€‡"}]}]}
COMMAND: GET /session/7ceb2304b37874a72895a7f47f00ffc5/screenshot - {}
RESULT: {}
RESULT: undefined
COMMAND: POST /session/7ceb2304b37874a72895a7f47f00ffc5/execute/async - {"script":"<script> [776 bytes]","args":[{"enterText":"WdIORes2m5i1f","selector":{"id":"application-planningboard-display-component---pB_RequestHeader--RUreservationComment","searchOpenDialogs":true,"interaction":{"idSuffix":"inner"}},"clearTextFirst":true,"interactionType":"ENTER_TEXT"}]}
RESULT: {"script":"<script> [776 bytes]","args":[{"enterText":"WdIORes2m5i1f","selector":{"id":"application-planningboard-display-component---pB_RequestHeader--RUreservationComment","searchOpenDialogs":true,"interaction":{"idSuffix":"inner"}},"clearTextFirst":true,"interactionType":"ENTER_TEXT"}]}
RESULT: undefined
COMMAND: POST /session/7ceb2304b37874a72895a7f47f00ffc5/element - {"using":"xpath","value":"//*[@id=\"__button192\"]"}
RESULT: {"using":"xpath","value":"//*[@id=\"__button192\"]"}
COMMAND: POST /session/7ceb2304b37874a72895a7f47f00ffc5/element/f.A2DC6DB0B92729488FE09C376A5B6DB2.d.ADFC7FDE5DA28B9350DAA9BE2D36F937.e.10281/click - {}
RESULT: {}
COMMAND: GET /session/7ceb2304b37874a72895a7f47f00ffc5/screenshot - {}
RESULT: {}
COMMAND: POST /session/7ceb2304b37874a72895a7f47f00ffc5/execute/async - {"script":"<script> [1562 bytes]","args":[{"selector":{"controlType":"sap.m.Button","viewName":"etm.portal.ui.planningboard.view.detail.RequestHeader","viewId":"application-planningboard-display-component---pB_RequestHeader","i18NText":{"propertyName":"text","key":"close"},"ancestor":{"id":"application-planningboard-display-component---pB_RequestHeader--requestItemDetails"},"interaction":{"idSuffix":"BDI-content"}},"wdio_ui5_key":"etmportal.ui.planningboard.view.detail.RequestHeadersap.m.Button{\"propertyName\":\"text\",\"key\":\"close\"}{\"id\":\"application-planningboard-display-component---pB_RequestHeader--requestItemDetails\"}"}]}
RESULT: {"script":"<script> [1562 bytes]","args":[{"selector":{"controlType":"sap.m.Button","viewName":"etm.portal.ui.planningboard.view.detail.RequestHeader","viewId":"application-planningboard-display-component---pB_RequestHeader","i18NText":{"propertyName":"text","key":"close"},"ancestor":{"id":"application-planningboard-display-component---pB_RequestHeader--requestItemDetails"},"interaction":{"idSuffix":"BDI-content"}},"wdio_ui5_key":"etmportal.ui.planningboard.view.detail.RequestHeadersap.m.Button{\"propertyName\":\"text\",\"key\":\"close\"}{\"id\":\"application-planningboard-display-component---pB_RequestHeader--requestItemDetails\"}"}]}
RESULT: undefined
COMMAND: POST /session/7ceb2304b37874a72895a7f47f00ffc5/element - {"using":"xpath","value":"//*[@id=\"__button68\"]"}
RESULT: {"using":"xpath","value":"//*[@id=\"__button68\"]"}
COMMAND: POST /session/7ceb2304b37874a72895a7f47f00ffc5/element/f.A2DC6DB0B92729488FE09C376A5B6DB2.d.ADFC7FDE5DA28B9350DAA9BE2D36F937.e.10205/click - {}
RESULT: {}
COMMAND: GET /session/7ceb2304b37874a72895a7f47f00ffc5/screenshot - {}
RESULT: {}
COMMAND: POST /session/7ceb2304b37874a72895a7f47f00ffc5/execute/async - {"script":"<script> [1562 bytes]","args":[{"selector":{"id":"application-planningboard-display-component---pB_Master--selectView","interaction":{"idSuffix":"arrow"}},"wdio_ui5_key":"applicationplanningboard-display-component---pB_Master--selectView"}]}
RESULT: {"script":"<script> [1562 bytes]","args":[{"selector":{"id":"application-planningboard-display-component---pB_Master--selectView","interaction":{"idSuffix":"arrow"}},"wdio_ui5_key":"applicationplanningboard-display-component---pB_Master--selectView"}]}
RESULT: undefined
COMMAND: POST /session/7ceb2304b37874a72895a7f47f00ffc5/element - {"using":"xpath","value":"//*[@id=\"application-planningboard-display-component---pB_Master--selectView\"]"}
RESULT: {"using":"xpath","value":"//*[@id=\"application-planningboard-display-component---pB_Master--selectView\"]"}
COMMAND: POST /session/7ceb2304b37874a72895a7f47f00ffc5/element/f.A2DC6DB0B92729488FE09C376A5B6DB2.d.ADFC7FDE5DA28B9350DAA9BE2D36F937.e.10491/click - {}
RESULT: {}
COMMAND: GET /session/7ceb2304b37874a72895a7f47f00ffc5/screenshot - {}
RESULT: {}
COMMAND: POST /session/7ceb2304b37874a72895a7f47f00ffc5/execute/async - {"script":"<script> [1562 bytes]","args":[{"selector":{"controlType":"sap.ui.core.Item","viewName":"etm.portal.ui.planningboard.view.Master","viewId":"application-planningboard-display-component---pB_Master","i18NText":{"propertyName":"text","key":"manageReservations"},"searchOpenDialogs":true},"wdio_ui5_key":"etmportal.ui.planningboard.view.Mastersap.ui.core.Item{\"propertyName\":\"text\",\"key\":\"manageReservations\"}"}]}
RESULT: {"script":"<script> [1562 bytes]","args":[{"selector":{"controlType":"sap.ui.core.Item","viewName":"etm.portal.ui.planningboard.view.Master","viewId":"application-planningboard-display-component---pB_Master","i18NText":{"propertyName":"text","key":"manageReservations"},"searchOpenDialogs":true},"wdio_ui5_key":"etmportal.ui.planningboard.view.Mastersap.ui.core.Item{\"propertyName\":\"text\",\"key\":\"manageReservations\"}"}]}
RESULT: undefined
COMMAND: POST /session/7ceb2304b37874a72895a7f47f00ffc5/element - {"using":"xpath","value":"//*[@id=\"__item897\"]"}
RESULT: {"using":"xpath","value":"//*[@id=\"__item897\"]"}
COMMAND: POST /session/7ceb2304b37874a72895a7f47f00ffc5/element/f.A2DC6DB0B92729488FE09C376A5B6DB2.d.ADFC7FDE5DA28B9350DAA9BE2D36F937.e.10494/click - {}
RESULT: {}
COMMAND: GET /session/7ceb2304b37874a72895a7f47f00ffc5/screenshot - {}
RESULT: {}
COMMAND: POST /session/7ceb2304b37874a72895a7f47f00ffc5/element - {"using":"xpath","value":"//span[contains(@id ,\"clone\")][contains(text(), \"WdIORes1bp9se\")]"}
RESULT: {"using":"xpath","value":"//span[contains(@id ,\"clone\")][contains(text(), \"WdIORes1bp9se\")]"}
COMMAND: GET /session/7ceb2304b37874a72895a7f47f00ffc5/element/f.A2DC6DB0B92729488FE09C376A5B6DB2.d.ADFC7FDE5DA28B9350DAA9BE2D36F937.e.10510/text - {}
RESULT: {}
COMMAND: POST /session/7ceb2304b37874a72895a7f47f00ffc5/element - {"using":"xpath","value":"//span[contains(@id ,\"clone\")][contains(text(), \"WdIORes2m5i1f\")]"}
RESULT: {"using":"xpath","value":"//span[contains(@id ,\"clone\")][contains(text(), \"WdIORes2m5i1f\")]"}
COMMAND: POST /session/7ceb2304b37874a72895a7f47f00ffc5/element/f.A2DC6DB0B92729488FE09C376A5B6DB2.d.ADFC7FDE5DA28B9350DAA9BE2D36F937.e.10511/click - {}
RESULT: {}
COMMAND: GET /session/7ceb2304b37874a72895a7f47f00ffc5/screenshot - {}
RESULT: {}
COMMAND: POST /session/7ceb2304b37874a72895a7f47f00ffc5/actions - {"actions":[{"id":"action77","type":"key","parameters":{},"actions":[{"type":"keyDown","value":"î€‡"},{"type":"pause","duration":10},{"type":"keyUp","value":"î€‡"}]}]}
RESULT: {"actions":[{"id":"action77","type":"key","parameters":{},"actions":[{"type":"keyDown","value":"î€‡"},{"type":"pause","duration":10},{"type":"keyUp","value":"î€‡"}]}]}
COMMAND: GET /session/7ceb2304b37874a72895a7f47f00ffc5/screenshot - {}
RESULT: {}
COMMAND: POST /session/7ceb2304b37874a72895a7f47f00ffc5/execute/async - {"script":"<script> [1562 bytes]","args":[{"selector":{"controlType":"sap.m.Button","viewName":"etm.portal.ui.planningboard.view.detail.Planning","viewId":"application-planningboard-display-component---pB_Planning","i18NText":{"propertyName":"text","key":"unplan"},"interaction":{"idSuffix":"BDI-content"}},"wdio_ui5_key":"etmportal.ui.planningboard.view.detail.Planningsap.m.Button{\"propertyName\":\"text\",\"key\":\"unplan\"}"}]}
RESULT: {"script":"<script> [1562 bytes]","args":[{"selector":{"controlType":"sap.m.Button","viewName":"etm.portal.ui.planningboard.view.detail.Planning","viewId":"application-planningboard-display-component---pB_Planning","i18NText":{"propertyName":"text","key":"unplan"},"interaction":{"idSuffix":"BDI-content"}},"wdio_ui5_key":"etmportal.ui.planningboard.view.detail.Planningsap.m.Button{\"propertyName\":\"text\",\"key\":\"unplan\"}"}]}
RESULT: undefined
COMMAND: POST /session/7ceb2304b37874a72895a7f47f00ffc5/element - {"using":"xpath","value":"//*[@id=\"__button258\"]"}
RESULT: {"using":"xpath","value":"//*[@id=\"__button258\"]"}
COMMAND: POST /session/7ceb2304b37874a72895a7f47f00ffc5/element/f.A2DC6DB0B92729488FE09C376A5B6DB2.d.ADFC7FDE5DA28B9350DAA9BE2D36F937.e.10569/click - {}
RESULT: {}
COMMAND: GET /session/7ceb2304b37874a72895a7f47f00ffc5/screenshot - {}
RESULT: {}
COMMAND: POST /session/7ceb2304b37874a72895a7f47f00ffc5/element - {"using":"xpath","value":"//span[contains(@id ,\"clone\")][contains(text(), \"WdIORes2m5i1f\")]"}
RESULT: {"using":"xpath","value":"//span[contains(@id ,\"clone\")][contains(text(), \"WdIORes2m5i1f\")]"}
COMMAND: POST /session/7ceb2304b37874a72895a7f47f00ffc5/element - {"using":"xpath","value":"//span[contains(@id ,\"clone\")][contains(text(), \"WdIORes2m5i1f\")]"}
RESULT: {"using":"xpath","value":"//span[contains(@id ,\"clone\")][contains(text(), \"WdIORes2m5i1f\")]"}
COMMAND: POST /session/7ceb2304b37874a72895a7f47f00ffc5/element - {"using":"xpath","value":"//span[contains(@id ,\"clone\")][contains(text(), \"WdIORes1bp9se\")]"}
RESULT: {"using":"xpath","value":"//span[contains(@id ,\"clone\")][contains(text(), \"WdIORes1bp9se\")]"}
COMMAND: POST /session/7ceb2304b37874a72895a7f47f00ffc5/element/f.A2DC6DB0B92729488FE09C376A5B6DB2.d.ADFC7FDE5DA28B9350DAA9BE2D36F937.e.10633/click - {}
RESULT: {}
COMMAND: GET /session/7ceb2304b37874a72895a7f47f00ffc5/screenshot - {}
RESULT: {}
COMMAND: POST /session/7ceb2304b37874a72895a7f47f00ffc5/actions - {"actions":[{"id":"action78","type":"key","parameters":{},"actions":[{"type":"keyDown","value":"î€‡"},{"type":"pause","duration":10},{"type":"keyUp","value":"î€‡"}]}]}
RESULT: {"actions":[{"id":"action78","type":"key","parameters":{},"actions":[{"type":"keyDown","value":"î€‡"},{"type":"pause","duration":10},{"type":"keyUp","value":"î€‡"}]}]}
COMMAND: GET /session/7ceb2304b37874a72895a7f47f00ffc5/screenshot - {}
RESULT: {}
]]></system-out>
    </testcase>
  </testsuite>
  <testsuite timestamp="2025-06-04T16:07:40" time="31.166" tests="1" failures="0" errors="0" skipped="0">
    <properties>
      <property name="specId" value="0" />
      <property name="suiteName" value="Reserve/Unreserve request item via reserve option US139161" />
      <property name="capabilities" value="chrome.137_0_7151_56.windows" />
      <property name="file" value="file:///D:/a/1/s/test/specs/R2C/manage-reservations-view-planning-board.spec.js" />
    </properties>
    <testcase classname="chrome.137_0_7151_56.windows.Reserve/Unreserve_request_item_via_reserve_option_US139161" name="Should open a reservation to verify and edit the details" time="31.165">
      <system-out><![CDATA[
COMMAND: POST /session/7ceb2304b37874a72895a7f47f00ffc5/element - {"using":"xpath","value":"//button[contains(@data-kt, \"editButton\")]"}
RESULT: {"using":"xpath","value":"//button[contains(@data-kt, \"editButton\")]"}
COMMAND: POST /session/7ceb2304b37874a72895a7f47f00ffc5/execute/sync - {"script":"<script> [8489 bytes]","args":[{"element-6066-11e4-a52e-4f735466cecf":"f.A2DC6DB0B92729488FE09C376A5B6DB2.d.ADFC7FDE5DA28B9350DAA9BE2D36F937.e.10676","ELEMENT":"f.A2DC6DB0B92729488FE09C376A5B6DB2.d.ADFC7FDE5DA28B9350DAA9BE2D36F937.e.10676"}]}
RESULT: {"script":"<script> [8489 bytes]","args":[{"element-6066-11e4-a52e-4f735466cecf":"f.A2DC6DB0B92729488FE09C376A5B6DB2.d.ADFC7FDE5DA28B9350DAA9BE2D36F937.e.10676","ELEMENT":"f.A2DC6DB0B92729488FE09C376A5B6DB2.d.ADFC7FDE5DA28B9350DAA9BE2D36F937.e.10676"}]}
COMMAND: POST /session/7ceb2304b37874a72895a7f47f00ffc5/element - {"using":"xpath","value":"//button[contains(@data-kt, \"unplanButton\")]"}
COMMAND: GET /session/7ceb2304b37874a72895a7f47f00ffc5/screenshot - {}
RESULT: {"using":"xpath","value":"//button[contains(@data-kt, \"unplanButton\")]"}
COMMAND: POST /session/7ceb2304b37874a72895a7f47f00ffc5/execute/sync - {"script":"<script> [8489 bytes]","args":[{"element-6066-11e4-a52e-4f735466cecf":"f.A2DC6DB0B92729488FE09C376A5B6DB2.d.ADFC7FDE5DA28B9350DAA9BE2D36F937.e.10686","ELEMENT":"f.A2DC6DB0B92729488FE09C376A5B6DB2.d.ADFC7FDE5DA28B9350DAA9BE2D36F937.e.10686"}]}
RESULT: {}
RESULT: {"script":"<script> [8489 bytes]","args":[{"element-6066-11e4-a52e-4f735466cecf":"f.A2DC6DB0B92729488FE09C376A5B6DB2.d.ADFC7FDE5DA28B9350DAA9BE2D36F937.e.10686","ELEMENT":"f.A2DC6DB0B92729488FE09C376A5B6DB2.d.ADFC7FDE5DA28B9350DAA9BE2D36F937.e.10686"}]}
COMMAND: POST /session/7ceb2304b37874a72895a7f47f00ffc5/element - {"using":"xpath","value":"//button[contains(@data-kt, \"editButton\")]"}
COMMAND: GET /session/7ceb2304b37874a72895a7f47f00ffc5/screenshot - {}
RESULT: {"using":"xpath","value":"//button[contains(@data-kt, \"editButton\")]"}
COMMAND: POST /session/7ceb2304b37874a72895a7f47f00ffc5/element/f.A2DC6DB0B92729488FE09C376A5B6DB2.d.ADFC7FDE5DA28B9350DAA9BE2D36F937.e.10676/click - {}
RESULT: {}
RESULT: {}
COMMAND: POST /session/7ceb2304b37874a72895a7f47f00ffc5/element - {"using":"xpath","value":"(//input[contains(@id ,\"picker\")][contains(@aria-roledescription ,\"Date Input\")])[4]"}
COMMAND: GET /session/7ceb2304b37874a72895a7f47f00ffc5/screenshot - {}
RESULT: {"using":"xpath","value":"(//input[contains(@id ,\"picker\")][contains(@aria-roledescription ,\"Date Input\")])[4]"}
COMMAND: POST /session/7ceb2304b37874a72895a7f47f00ffc5/element/f.A2DC6DB0B92729488FE09C376A5B6DB2.d.ADFC7FDE5DA28B9350DAA9BE2D36F937.e.10654/clear - {}
RESULT: {}
RESULT: {}
COMMAND: POST /session/7ceb2304b37874a72895a7f47f00ffc5/element/f.A2DC6DB0B92729488FE09C376A5B6DB2.d.ADFC7FDE5DA28B9350DAA9BE2D36F937.e.10654/value - {"text":"6/6/25"}
COMMAND: GET /session/7ceb2304b37874a72895a7f47f00ffc5/screenshot - {}
RESULT: {"text":"6/6/25"}
COMMAND: GET /session/7ceb2304b37874a72895a7f47f00ffc5/screenshot - {}
RESULT: {}
RESULT: {}
COMMAND: POST /session/7ceb2304b37874a72895a7f47f00ffc5/element - {"using":"xpath","value":"//bdi[contains(text(), \"Save\")]"}
RESULT: {"using":"xpath","value":"//bdi[contains(text(), \"Save\")]"}
COMMAND: POST /session/7ceb2304b37874a72895a7f47f00ffc5/element/f.A2DC6DB0B92729488FE09C376A5B6DB2.d.ADFC7FDE5DA28B9350DAA9BE2D36F937.e.10709/click - {}
RESULT: {}
COMMAND: GET /session/7ceb2304b37874a72895a7f47f00ffc5/screenshot - {}
RESULT: {}
COMMAND: POST /session/7ceb2304b37874a72895a7f47f00ffc5/element - {"using":"xpath","value":"(//input[contains(@id ,\"picker\")][contains(@aria-roledescription ,\"Date Input\")])[4]"}
RESULT: {"using":"xpath","value":"(//input[contains(@id ,\"picker\")][contains(@aria-roledescription ,\"Date Input\")])[4]"}
COMMAND: GET /session/7ceb2304b37874a72895a7f47f00ffc5/element/f.A2DC6DB0B92729488FE09C376A5B6DB2.d.ADFC7FDE5DA28B9350DAA9BE2D36F937.e.10654/property/value - {}
RESULT: {}
COMMAND: GET /session/7ceb2304b37874a72895a7f47f00ffc5/screenshot - {}
RESULT: {}
COMMAND: POST /session/7ceb2304b37874a72895a7f47f00ffc5/element - {"using":"xpath","value":"//bdi[contains(text(), \"Unplan\")]"}
RESULT: {"using":"xpath","value":"//bdi[contains(text(), \"Unplan\")]"}
COMMAND: POST /session/7ceb2304b37874a72895a7f47f00ffc5/element/f.A2DC6DB0B92729488FE09C376A5B6DB2.d.ADFC7FDE5DA28B9350DAA9BE2D36F937.e.10722/click - {}
RESULT: {}
COMMAND: GET /session/7ceb2304b37874a72895a7f47f00ffc5/screenshot - {}
RESULT: {}
COMMAND: POST /session/7ceb2304b37874a72895a7f47f00ffc5/element - {"using":"css selector","value":"#shell-header-logo"}
RESULT: {"using":"css selector","value":"#shell-header-logo"}
COMMAND: POST /session/7ceb2304b37874a72895a7f47f00ffc5/element/f.A2DC6DB0B92729488FE09C376A5B6DB2.d.ADFC7FDE5DA28B9350DAA9BE2D36F937.e.9273/click - {}
RESULT: {}
COMMAND: GET /session/7ceb2304b37874a72895a7f47f00ffc5/screenshot - {}
RESULT: {}
]]></system-out>
    </testcase>
  </testsuite>
  <testsuite timestamp="2025-06-04T16:08:11" time="420.521" tests="4" failures="0" errors="0" skipped="0">
    <properties>
      <property name="specId" value="0" />
      <property name="suiteName" value="Process request items into an existing quotation US120163" />
      <property name="capabilities" value="chrome.137_0_7151_56.windows" />
      <property name="file" value="file:///D:/a/1/s/test/specs/R2C/process-request-items-into-existing-quotation.spec.js" />
    </properties>
    <testcase classname="chrome.137_0_7151_56.windows.Process_request_items_into_an_existing_quotation_US120163" name="Should create a new quotation" time="96.234">
      <system-out><![CDATA[
COMMAND: POST /session/7ceb2304b37874a72895a7f47f00ffc5/execute/async - {"script":"<script> [1562 bytes]","args":[{"selector":{"controlType":"sap.m.GenericTile","properties":{"header":"Manage Quotations"}},"wdio_ui5_key":"sapm.GenericTile{\"header\":\"Manage Quotations\"}"}]}
RESULT: {"script":"<script> [1562 bytes]","args":[{"selector":{"controlType":"sap.m.GenericTile","properties":{"header":"Manage Quotations"}},"wdio_ui5_key":"sapm.GenericTile{\"header\":\"Manage Quotations\"}"}]}
RESULT: undefined
COMMAND: POST /session/7ceb2304b37874a72895a7f47f00ffc5/element - {"using":"xpath","value":"//*[@id=\"__tile130\"]"}
RESULT: {"using":"xpath","value":"//*[@id=\"__tile130\"]"}
COMMAND: POST /session/7ceb2304b37874a72895a7f47f00ffc5/element/f.A2DC6DB0B92729488FE09C376A5B6DB2.d.ADFC7FDE5DA28B9350DAA9BE2D36F937.e.10777/click - {}
RESULT: {}
COMMAND: GET /session/7ceb2304b37874a72895a7f47f00ffc5/screenshot - {}
RESULT: {}
COMMAND: POST /session/7ceb2304b37874a72895a7f47f00ffc5/elements - {"using":"xpath","value":"//span[text()='Error']"}
RESULT: {"using":"xpath","value":"//span[text()='Error']"}
COMMAND: POST /session/7ceb2304b37874a72895a7f47f00ffc5/element - {"using":"xpath","value":"//button[contains(@title ,\"Add New Contract\")]"}
RESULT: {"using":"xpath","value":"//button[contains(@title ,\"Add New Contract\")]"}
COMMAND: POST /session/7ceb2304b37874a72895a7f47f00ffc5/element/f.A2DC6DB0B92729488FE09C376A5B6DB2.d.ADFC7FDE5DA28B9350DAA9BE2D36F937.e.10808/click - {}
RESULT: {}
COMMAND: GET /session/7ceb2304b37874a72895a7f47f00ffc5/screenshot - {}
RESULT: {}
COMMAND: POST /session/7ceb2304b37874a72895a7f47f00ffc5/element - {"using":"xpath","value":"//input[contains(@id ,\"application-managequotations-display-component---AddNewContract--projectDescription-inner\")]"}
RESULT: {"using":"xpath","value":"//input[contains(@id ,\"application-managequotations-display-component---AddNewContract--projectDescription-inner\")]"}
COMMAND: POST /session/7ceb2304b37874a72895a7f47f00ffc5/element/f.A2DC6DB0B92729488FE09C376A5B6DB2.d.ADFC7FDE5DA28B9350DAA9BE2D36F937.e.11072/value - {"text":"WdIOQuotation43pln"}
RESULT: {"text":"WdIOQuotation43pln"}
COMMAND: GET /session/7ceb2304b37874a72895a7f47f00ffc5/screenshot - {}
RESULT: {}
COMMAND: POST /session/7ceb2304b37874a72895a7f47f00ffc5/element - {"using":"xpath","value":"//input[contains(@id ,\"application-managequotations-display-component---AddNewContract--yardId-inner\")]"}
RESULT: {"using":"xpath","value":"//input[contains(@id ,\"application-managequotations-display-component---AddNewContract--yardId-inner\")]"}
COMMAND: POST /session/7ceb2304b37874a72895a7f47f00ffc5/element/f.A2DC6DB0B92729488FE09C376A5B6DB2.d.ADFC7FDE5DA28B9350DAA9BE2D36F937.e.11075/value - {"text":"WebdriverYard1clzi"}
RESULT: {"text":"WebdriverYard1clzi"}
COMMAND: GET /session/7ceb2304b37874a72895a7f47f00ffc5/screenshot - {}
RESULT: {}
COMMAND: POST /session/7ceb2304b37874a72895a7f47f00ffc5/actions - {"actions":[{"id":"action79","type":"key","parameters":{},"actions":[{"type":"keyDown","value":"î€‡"},{"type":"pause","duration":10},{"type":"keyUp","value":"î€‡"}]}]}
RESULT: {"actions":[{"id":"action79","type":"key","parameters":{},"actions":[{"type":"keyDown","value":"î€‡"},{"type":"pause","duration":10},{"type":"keyUp","value":"î€‡"}]}]}
COMMAND: GET /session/7ceb2304b37874a72895a7f47f00ffc5/screenshot - {}
RESULT: {}
COMMAND: POST /session/7ceb2304b37874a72895a7f47f00ffc5/element - {"using":"xpath","value":"//input[contains(@id ,\"application-managequotations-display-component---AddNewContract--customerSelect-inner\")]"}
RESULT: {"using":"xpath","value":"//input[contains(@id ,\"application-managequotations-display-component---AddNewContract--customerSelect-inner\")]"}
COMMAND: POST /session/7ceb2304b37874a72895a7f47f00ffc5/element/f.A2DC6DB0B92729488FE09C376A5B6DB2.d.ADFC7FDE5DA28B9350DAA9BE2D36F937.e.11073/value - {"text":"WebdriverPartnerdvn1f"}
RESULT: {"text":"WebdriverPartnerdvn1f"}
COMMAND: GET /session/7ceb2304b37874a72895a7f47f00ffc5/screenshot - {}
RESULT: {}
COMMAND: POST /session/7ceb2304b37874a72895a7f47f00ffc5/actions - {"actions":[{"id":"action80","type":"key","parameters":{},"actions":[{"type":"keyDown","value":"î€‡"},{"type":"pause","duration":10},{"type":"keyUp","value":"î€‡"}]}]}
RESULT: {"actions":[{"id":"action80","type":"key","parameters":{},"actions":[{"type":"keyDown","value":"î€‡"},{"type":"pause","duration":10},{"type":"keyUp","value":"î€‡"}]}]}
COMMAND: GET /session/7ceb2304b37874a72895a7f47f00ffc5/screenshot - {}
RESULT: {}
COMMAND: POST /session/7ceb2304b37874a72895a7f47f00ffc5/element - {"using":"xpath","value":"//input[contains(@id ,\"application-managequotations-display-component---AddNewContract--site-inner\")]"}
RESULT: {"using":"xpath","value":"//input[contains(@id ,\"application-managequotations-display-component---AddNewContract--site-inner\")]"}
COMMAND: POST /session/7ceb2304b37874a72895a7f47f00ffc5/element/f.A2DC6DB0B92729488FE09C376A5B6DB2.d.ADFC7FDE5DA28B9350DAA9BE2D36F937.e.11074/value - {"text":"WebdriverSitefw7o9l"}
RESULT: {"text":"WebdriverSitefw7o9l"}
COMMAND: GET /session/7ceb2304b37874a72895a7f47f00ffc5/screenshot - {}
RESULT: {}
COMMAND: POST /session/7ceb2304b37874a72895a7f47f00ffc5/actions - {"actions":[{"id":"action81","type":"key","parameters":{},"actions":[{"type":"keyDown","value":"î€‡"},{"type":"pause","duration":10},{"type":"keyUp","value":"î€‡"}]}]}
RESULT: {"actions":[{"id":"action81","type":"key","parameters":{},"actions":[{"type":"keyDown","value":"î€‡"},{"type":"pause","duration":10},{"type":"keyUp","value":"î€‡"}]}]}
COMMAND: GET /session/7ceb2304b37874a72895a7f47f00ffc5/screenshot - {}
RESULT: {}
COMMAND: POST /session/7ceb2304b37874a72895a7f47f00ffc5/element - {"using":"xpath","value":"//bdi[contains(text(), \"Save\")]"}
RESULT: {"using":"xpath","value":"//bdi[contains(text(), \"Save\")]"}
COMMAND: POST /session/7ceb2304b37874a72895a7f47f00ffc5/element/f.A2DC6DB0B92729488FE09C376A5B6DB2.d.ADFC7FDE5DA28B9350DAA9BE2D36F937.e.11162/click - {}
RESULT: {}
COMMAND: GET /session/7ceb2304b37874a72895a7f47f00ffc5/screenshot - {}
RESULT: {}
COMMAND: POST /session/7ceb2304b37874a72895a7f47f00ffc5/element - {"using":"css selector","value":"#shell-header-logo"}
RESULT: {"using":"css selector","value":"#shell-header-logo"}
COMMAND: POST /session/7ceb2304b37874a72895a7f47f00ffc5/element/f.A2DC6DB0B92729488FE09C376A5B6DB2.d.ADFC7FDE5DA28B9350DAA9BE2D36F937.e.10779/click - {}
RESULT: {}
COMMAND: GET /session/7ceb2304b37874a72895a7f47f00ffc5/screenshot - {}
RESULT: {}
COMMAND: POST /session/7ceb2304b37874a72895a7f47f00ffc5/refresh - {}
RESULT: {}
COMMAND: GET /session/7ceb2304b37874a72895a7f47f00ffc5/screenshot - {}
RESULT: {}
COMMAND: POST /session/7ceb2304b37874a72895a7f47f00ffc5/execute/async - {"script":"<script> [189 bytes]","args":[]}
RESULT: {"script":"<script> [189 bytes]","args":[]}
COMMAND: POST /session/7ceb2304b37874a72895a7f47f00ffc5/execute/async - {"script":"<script> [123 bytes]","args":[]}
RESULT: {"script":"<script> [123 bytes]","args":[]}
COMMAND: POST /session/7ceb2304b37874a72895a7f47f00ffc5/timeouts - {"script":"<number>"}
RESULT: {"script":"<number>"}
COMMAND: GET /session/7ceb2304b37874a72895a7f47f00ffc5/timeouts - {}
RESULT: {}
RESULT: undefined
COMMAND: POST /session/7ceb2304b37874a72895a7f47f00ffc5/execute/async - {"script":"<script> [2676 bytes]","args":[]}
RESULT: {"script":"<script> [2676 bytes]","args":[]}
COMMAND: POST /session/7ceb2304b37874a72895a7f47f00ffc5/execute/async - {"script":"<script> [2342 bytes]","args":[{"protocol":"http","hostname":"0.0.0.0","path":"/","capabilities":{"browserName":"chrome","goog:chromeOptions":{"binary":"C:\\Program Files\\Google\\Chrome\\Application\\chrome.exe","args":["--start-maximized"]}},"logLevel":"warn","connectionRetryTimeout":120000,"connectionRetryCount":3,"logLevels":{},"enableDirectConnect":true,"strictSSL":true,"_":"65 more keys: [\"cacheDir\",\"port\",\"requestedCapabilities\",\"automationProtocol\",\"baseUrl\",\"waitforInterval\",\"waitforTimeout\",\"onReload\",\"beforeCommand\",\"afterCommand\",\"rootDir\",\"specs\",\"suites\",\"exclude\",\"groupLogsByTestSpec\",\"excludeDriverLogs\",\"bail\",\"framework\",\"reporters\",\"services\",\"maxInstances\",\"maxInstancesPerCapability\",\"injectGlobals\",\"filesToWatch\",\"execArgv\",\"runnerEnv\",\"runner\",\"shard\",\"specFileRetries\",\"specFileRetriesDelay\",\"specFileRetriesDeferred\",\"reporterSyncInterval\",\"reporterSyncTimeout\",\"cucumberFeaturesWithLineNumbers\",\"autoCompileOpts\",\"mochaOpts\",\"jasmineOpts\",\"cucumberOpts\",\"onPrepare\",\"onWorkerStart\",\"onWorkerEnd\",\"before\",\"beforeSession\",\"beforeSuite\",\"beforeHook\",\"beforeTest\",\"afterTest\",\"afterHook\",\"afterSuite\",\"afterSession\",\"after\",\"onComplete\",\"beforeAssertion\",\"afterAssertion\",\"beforeFeature\",\"beforeScenario\",\"beforeStep\",\"afterStep\",\"afterScenario\",\"afterFeature\",\"_\",\"suite\",\"$0\",\"ignoredWorkerServices\",\"wdi5\"]"}]}
RESULT: {"script":"<script> [2342 bytes]","args":[{"protocol":"http","hostname":"0.0.0.0","path":"/","capabilities":{"browserName":"chrome","goog:chromeOptions":{"binary":"C:\\Program Files\\Google\\Chrome\\Application\\chrome.exe","args":["--start-maximized"]}},"logLevel":"warn","connectionRetryTimeout":120000,"connectionRetryCount":3,"logLevels":{},"enableDirectConnect":true,"strictSSL":true,"_":"65 more keys: [\"cacheDir\",\"port\",\"requestedCapabilities\",\"automationProtocol\",\"baseUrl\",\"waitforInterval\",\"waitforTimeout\",\"onReload\",\"beforeCommand\",\"afterCommand\",\"rootDir\",\"specs\",\"suites\",\"exclude\",\"groupLogsByTestSpec\",\"excludeDriverLogs\",\"bail\",\"framework\",\"reporters\",\"services\",\"maxInstances\",\"maxInstancesPerCapability\",\"injectGlobals\",\"filesToWatch\",\"execArgv\",\"runnerEnv\",\"runner\",\"shard\",\"specFileRetries\",\"specFileRetriesDelay\",\"specFileRetriesDeferred\",\"reporterSyncInterval\",\"reporterSyncTimeout\",\"cucumberFeaturesWithLineNumbers\",\"autoCompileOpts\",\"mochaOpts\",\"jasmineOpts\",\"cucumberOpts\",\"onPrepare\",\"onWorkerStart\",\"onWorkerEnd\",\"before\",\"beforeSession\",\"beforeSuite\",\"beforeHook\",\"beforeTest\",\"afterTest\",\"afterHook\",\"afterSuite\",\"afterSession\",\"after\",\"onComplete\",\"beforeAssertion\",\"afterAssertion\",\"beforeFeature\",\"beforeScenario\",\"beforeStep\",\"afterStep\",\"afterScenario\",\"afterFeature\",\"_\",\"suite\",\"$0\",\"ignoredWorkerServices\",\"wdi5\"]"}]}
COMMAND: POST /session/7ceb2304b37874a72895a7f47f00ffc5/execute/async - {"script":"<script> [21126 bytes]","args":[35000]}
RESULT: {"script":"<script> [21126 bytes]","args":[35000]}
]]></system-out>
    </testcase>
    <testcase classname="chrome.137_0_7151_56.windows.Process_request_items_into_an_existing_quotation_US120163" name="Should create a new request with catalog items and plan it" time="219.369">
      <system-out><![CDATA[
COMMAND: POST /session/7ceb2304b37874a72895a7f47f00ffc5/execute/async - {"script":"<script> [1562 bytes]","args":[{"selector":{"controlType":"sap.m.GenericTile","properties":{"header":"Manage Requests"}},"wdio_ui5_key":"sapm.GenericTile{\"header\":\"Manage Requests\"}"}]}
RESULT: {"script":"<script> [1562 bytes]","args":[{"selector":{"controlType":"sap.m.GenericTile","properties":{"header":"Manage Requests"}},"wdio_ui5_key":"sapm.GenericTile{\"header\":\"Manage Requests\"}"}]}
RESULT: undefined
COMMAND: POST /session/7ceb2304b37874a72895a7f47f00ffc5/element - {"using":"xpath","value":"//*[@id=\"__tile47\"]"}
RESULT: {"using":"xpath","value":"//*[@id=\"__tile47\"]"}
COMMAND: POST /session/7ceb2304b37874a72895a7f47f00ffc5/element/f.A2DC6DB0B92729488FE09C376A5B6DB2.d.BB1F557C30C4401E4A64014EEA9F49DE.e.11249/click - {}
RESULT: {}
COMMAND: GET /session/7ceb2304b37874a72895a7f47f00ffc5/screenshot - {}
RESULT: {}
COMMAND: POST /session/7ceb2304b37874a72895a7f47f00ffc5/elements - {"using":"xpath","value":"//span[text()='Error']"}
RESULT: {"using":"xpath","value":"//span[text()='Error']"}
COMMAND: POST /session/7ceb2304b37874a72895a7f47f00ffc5/element - {"using":"xpath","value":"(//span[contains(@class ,\"sapMObjStatusText\")])[1]"}
RESULT: {"using":"xpath","value":"(//span[contains(@class ,\"sapMObjStatusText\")])[1]"}
COMMAND: POST /session/7ceb2304b37874a72895a7f47f00ffc5/execute/sync - {"script":"<script> [8489 bytes]","args":[{"element-6066-11e4-a52e-4f735466cecf":"f.A2DC6DB0B92729488FE09C376A5B6DB2.d.BB1F557C30C4401E4A64014EEA9F49DE.e.11343","ELEMENT":"f.A2DC6DB0B92729488FE09C376A5B6DB2.d.BB1F557C30C4401E4A64014EEA9F49DE.e.11343"}]}
RESULT: {"script":"<script> [8489 bytes]","args":[{"element-6066-11e4-a52e-4f735466cecf":"f.A2DC6DB0B92729488FE09C376A5B6DB2.d.BB1F557C30C4401E4A64014EEA9F49DE.e.11343","ELEMENT":"f.A2DC6DB0B92729488FE09C376A5B6DB2.d.BB1F557C30C4401E4A64014EEA9F49DE.e.11343"}]}
COMMAND: POST /session/7ceb2304b37874a72895a7f47f00ffc5/element - {"using":"xpath","value":"//button[contains(@data-kt ,\"btnCreateNewOverflowToolbarButton\")]"}
COMMAND: GET /session/7ceb2304b37874a72895a7f47f00ffc5/screenshot - {}
RESULT: {"using":"xpath","value":"//button[contains(@data-kt ,\"btnCreateNewOverflowToolbarButton\")]"}
COMMAND: POST /session/7ceb2304b37874a72895a7f47f00ffc5/element/f.A2DC6DB0B92729488FE09C376A5B6DB2.d.BB1F557C30C4401E4A64014EEA9F49DE.e.11306/click - {}
RESULT: {}
RESULT: {}
COMMAND: GET /session/7ceb2304b37874a72895a7f47f00ffc5/screenshot - {}
RESULT: {}
COMMAND: POST /session/7ceb2304b37874a72895a7f47f00ffc5/element - {"using":"xpath","value":"//input[contains(@id ,\"yardId-inner\")]"}
RESULT: {"using":"xpath","value":"//input[contains(@id ,\"yardId-inner\")]"}
COMMAND: POST /session/7ceb2304b37874a72895a7f47f00ffc5/execute/sync - {"script":"<script> [8489 bytes]","args":[{"element-6066-11e4-a52e-4f735466cecf":"f.A2DC6DB0B92729488FE09C376A5B6DB2.d.BB1F557C30C4401E4A64014EEA9F49DE.e.11424","ELEMENT":"f.A2DC6DB0B92729488FE09C376A5B6DB2.d.BB1F557C30C4401E4A64014EEA9F49DE.e.11424"}]}
RESULT: {"script":"<script> [8489 bytes]","args":[{"element-6066-11e4-a52e-4f735466cecf":"f.A2DC6DB0B92729488FE09C376A5B6DB2.d.BB1F557C30C4401E4A64014EEA9F49DE.e.11424","ELEMENT":"f.A2DC6DB0B92729488FE09C376A5B6DB2.d.BB1F557C30C4401E4A64014EEA9F49DE.e.11424"}]}
COMMAND: POST /session/7ceb2304b37874a72895a7f47f00ffc5/element - {"using":"xpath","value":"//input[contains(@id ,\"yardId-inner\")]"}
COMMAND: GET /session/7ceb2304b37874a72895a7f47f00ffc5/screenshot - {}
RESULT: {"using":"xpath","value":"//input[contains(@id ,\"yardId-inner\")]"}
COMMAND: GET /session/7ceb2304b37874a72895a7f47f00ffc5/element/f.A2DC6DB0B92729488FE09C376A5B6DB2.d.BB1F557C30C4401E4A64014EEA9F49DE.e.11424/enabled - {}
RESULT: {}
RESULT: {}
COMMAND: POST /session/7ceb2304b37874a72895a7f47f00ffc5/element/f.A2DC6DB0B92729488FE09C376A5B6DB2.d.BB1F557C30C4401E4A64014EEA9F49DE.e.11424/clear - {}
COMMAND: GET /session/7ceb2304b37874a72895a7f47f00ffc5/screenshot - {}
RESULT: {}
COMMAND: POST /session/7ceb2304b37874a72895a7f47f00ffc5/element/f.A2DC6DB0B92729488FE09C376A5B6DB2.d.BB1F557C30C4401E4A64014EEA9F49DE.e.11424/value - {"text":"WebdriverYard1clzi"}
COMMAND: GET /session/7ceb2304b37874a72895a7f47f00ffc5/screenshot - {}
RESULT: {}
RESULT: {"text":"WebdriverYard1clzi"}
COMMAND: GET /session/7ceb2304b37874a72895a7f47f00ffc5/screenshot - {}
RESULT: {}
RESULT: {}
COMMAND: POST /session/7ceb2304b37874a72895a7f47f00ffc5/actions - {"actions":[{"id":"action82","type":"key","parameters":{},"actions":[{"type":"keyDown","value":"î€‡"},{"type":"pause","duration":10},{"type":"keyUp","value":"î€‡"}]}]}
RESULT: {"actions":[{"id":"action82","type":"key","parameters":{},"actions":[{"type":"keyDown","value":"î€‡"},{"type":"pause","duration":10},{"type":"keyUp","value":"î€‡"}]}]}
COMMAND: GET /session/7ceb2304b37874a72895a7f47f00ffc5/screenshot - {}
RESULT: {}
COMMAND: POST /session/7ceb2304b37874a72895a7f47f00ffc5/element - {"using":"xpath","value":"//input[contains(@id ,\"customerNumber-inner\")]"}
RESULT: {"using":"xpath","value":"//input[contains(@id ,\"customerNumber-inner\")]"}
COMMAND: POST /session/7ceb2304b37874a72895a7f47f00ffc5/element/f.A2DC6DB0B92729488FE09C376A5B6DB2.d.BB1F557C30C4401E4A64014EEA9F49DE.e.11418/value - {"text":"WebdriverPartnerdvn1f"}
RESULT: {"text":"WebdriverPartnerdvn1f"}
COMMAND: GET /session/7ceb2304b37874a72895a7f47f00ffc5/screenshot - {}
RESULT: {}
COMMAND: POST /session/7ceb2304b37874a72895a7f47f00ffc5/actions - {"actions":[{"id":"action83","type":"key","parameters":{},"actions":[{"type":"keyDown","value":"î€‡"},{"type":"pause","duration":10},{"type":"keyUp","value":"î€‡"}]}]}
RESULT: {"actions":[{"id":"action83","type":"key","parameters":{},"actions":[{"type":"keyDown","value":"î€‡"},{"type":"pause","duration":10},{"type":"keyUp","value":"î€‡"}]}]}
COMMAND: GET /session/7ceb2304b37874a72895a7f47f00ffc5/screenshot - {}
RESULT: {}
COMMAND: GET /session/7ceb2304b37874a72895a7f47f00ffc5/element/f.A2DC6DB0B92729488FE09C376A5B6DB2.d.BB1F557C30C4401E4A64014EEA9F49DE.e.11418/property/value - {}
RESULT: {}
COMMAND: POST /session/7ceb2304b37874a72895a7f47f00ffc5/element/f.A2DC6DB0B92729488FE09C376A5B6DB2.d.BB1F557C30C4401E4A64014EEA9F49DE.e.11418/value - {"text":"WebdriverPartnerdvn1f"}
COMMAND: GET /session/7ceb2304b37874a72895a7f47f00ffc5/screenshot - {}
RESULT: {"text":"WebdriverPartnerdvn1f"}
COMMAND: GET /session/7ceb2304b37874a72895a7f47f00ffc5/screenshot - {}
RESULT: {}
RESULT: {}
COMMAND: POST /session/7ceb2304b37874a72895a7f47f00ffc5/actions - {"actions":[{"id":"action84","type":"key","parameters":{},"actions":[{"type":"keyDown","value":"î€‡"},{"type":"pause","duration":10},{"type":"keyUp","value":"î€‡"}]}]}
RESULT: {"actions":[{"id":"action84","type":"key","parameters":{},"actions":[{"type":"keyDown","value":"î€‡"},{"type":"pause","duration":10},{"type":"keyUp","value":"î€‡"}]}]}
COMMAND: GET /session/7ceb2304b37874a72895a7f47f00ffc5/screenshot - {}
RESULT: {}
COMMAND: POST /session/7ceb2304b37874a72895a7f47f00ffc5/element - {"using":"xpath","value":"//input[contains(@id ,\"requestSiteId-inner\")]"}
RESULT: {"using":"xpath","value":"//input[contains(@id ,\"requestSiteId-inner\")]"}
COMMAND: POST /session/7ceb2304b37874a72895a7f47f00ffc5/element/f.A2DC6DB0B92729488FE09C376A5B6DB2.d.BB1F557C30C4401E4A64014EEA9F49DE.e.11417/value - {"text":"WebdriverSitefw7o9l"}
RESULT: {"text":"WebdriverSitefw7o9l"}
COMMAND: GET /session/7ceb2304b37874a72895a7f47f00ffc5/screenshot - {}
RESULT: {}
COMMAND: POST /session/7ceb2304b37874a72895a7f47f00ffc5/actions - {"actions":[{"id":"action85","type":"key","parameters":{},"actions":[{"type":"keyDown","value":"î€‡"},{"type":"pause","duration":10},{"type":"keyUp","value":"î€‡"}]}]}
RESULT: {"actions":[{"id":"action85","type":"key","parameters":{},"actions":[{"type":"keyDown","value":"î€‡"},{"type":"pause","duration":10},{"type":"keyUp","value":"î€‡"}]}]}
COMMAND: GET /session/7ceb2304b37874a72895a7f47f00ffc5/screenshot - {}
RESULT: {}
COMMAND: POST /session/7ceb2304b37874a72895a7f47f00ffc5/element - {"using":"xpath","value":"//button[contains(@data-kt ,\"requestItemAddOverflowToolbarButton\")]"}
RESULT: {"using":"xpath","value":"//button[contains(@data-kt ,\"requestItemAddOverflowToolbarButton\")]"}
COMMAND: POST /session/7ceb2304b37874a72895a7f47f00ffc5/element/f.A2DC6DB0B92729488FE09C376A5B6DB2.d.BB1F557C30C4401E4A64014EEA9F49DE.e.11606/click - {}
RESULT: {}
COMMAND: GET /session/7ceb2304b37874a72895a7f47f00ffc5/screenshot - {}
RESULT: {}
COMMAND: POST /session/7ceb2304b37874a72895a7f47f00ffc5/actions - {"actions":[{"id":"action86","type":"key","parameters":{},"actions":[{"type":"keyDown","value":"î€•"},{"type":"pause","duration":10},{"type":"keyUp","value":"î€•"}]}]}
RESULT: {"actions":[{"id":"action86","type":"key","parameters":{},"actions":[{"type":"keyDown","value":"î€•"},{"type":"pause","duration":10},{"type":"keyUp","value":"î€•"}]}]}
COMMAND: POST /session/7ceb2304b37874a72895a7f47f00ffc5/actions - {"actions":[{"id":"action87","type":"key","parameters":{},"actions":[{"type":"keyDown","value":"î€‡"},{"type":"pause","duration":10},{"type":"keyUp","value":"î€‡"}]}]}
COMMAND: GET /session/7ceb2304b37874a72895a7f47f00ffc5/screenshot - {}
RESULT: {"actions":[{"id":"action87","type":"key","parameters":{},"actions":[{"type":"keyDown","value":"î€‡"},{"type":"pause","duration":10},{"type":"keyUp","value":"î€‡"}]}]}
COMMAND: GET /session/7ceb2304b37874a72895a7f47f00ffc5/screenshot - {}
RESULT: {}
RESULT: {}
COMMAND: POST /session/7ceb2304b37874a72895a7f47f00ffc5/element - {"using":"xpath","value":"(//input[contains(@id ,\"requestItemsTable-0-inner\")])[1]"}
RESULT: {"using":"xpath","value":"(//input[contains(@id ,\"requestItemsTable-0-inner\")])[1]"}
COMMAND: POST /session/7ceb2304b37874a72895a7f47f00ffc5/element/f.A2DC6DB0B92729488FE09C376A5B6DB2.d.BB1F557C30C4401E4A64014EEA9F49DE.e.11610/clear - {}
RESULT: {}
COMMAND: POST /session/7ceb2304b37874a72895a7f47f00ffc5/element/f.A2DC6DB0B92729488FE09C376A5B6DB2.d.BB1F557C30C4401E4A64014EEA9F49DE.e.11610/value - {"text":"catalogItemv9i5ek"}
COMMAND: GET /session/7ceb2304b37874a72895a7f47f00ffc5/screenshot - {}
RESULT: {"text":"catalogItemv9i5ek"}
COMMAND: GET /session/7ceb2304b37874a72895a7f47f00ffc5/screenshot - {}
RESULT: {}
RESULT: {}
COMMAND: POST /session/7ceb2304b37874a72895a7f47f00ffc5/actions - {"actions":[{"id":"action88","type":"key","parameters":{},"actions":[{"type":"keyDown","value":"î€‡"},{"type":"pause","duration":10},{"type":"keyUp","value":"î€‡"}]}]}
RESULT: {"actions":[{"id":"action88","type":"key","parameters":{},"actions":[{"type":"keyDown","value":"î€‡"},{"type":"pause","duration":10},{"type":"keyUp","value":"î€‡"}]}]}
COMMAND: GET /session/7ceb2304b37874a72895a7f47f00ffc5/screenshot - {}
RESULT: {}
COMMAND: POST /session/7ceb2304b37874a72895a7f47f00ffc5/execute/async - {"script":"<script> [1562 bytes]","args":[{"selector":{"controlType":"sap.ui.core.Icon","viewName":"etm.portal.ui.managerequests.view.NewRequest","properties":{"src":{"regex":{"source":"slim\\-arrow\\-down"}}},"ancestor":{"controlType":"sap.m.Button","viewName":"etm.portal.ui.managerequests.view.NewRequest","properties":{"icon":"sap-icon://slim-arrow-down"}}},"wdio_ui5_key":"etmportal.ui.managerequests.view.NewRequestsap.ui.core.Icon{\"src\":{\"regex\":{\"source\":\"slim\\\\-arrow\\\\-down\"}}}{\"controlType\":\"sap.m.Button\",\"viewName\":\"etm.portal.ui.managerequests.view.NewRequest\",\"properties\":{\"icon\":\"sap-icon://slim-arrow-down\"}}"}]}
RESULT: {"script":"<script> [1562 bytes]","args":[{"selector":{"controlType":"sap.ui.core.Icon","viewName":"etm.portal.ui.managerequests.view.NewRequest","properties":{"src":{"regex":{"source":"slim\\-arrow\\-down"}}},"ancestor":{"controlType":"sap.m.Button","viewName":"etm.portal.ui.managerequests.view.NewRequest","properties":{"icon":"sap-icon://slim-arrow-down"}}},"wdio_ui5_key":"etmportal.ui.managerequests.view.NewRequestsap.ui.core.Icon{\"src\":{\"regex\":{\"source\":\"slim\\\\-arrow\\\\-down\"}}}{\"controlType\":\"sap.m.Button\",\"viewName\":\"etm.portal.ui.managerequests.view.NewRequest\",\"properties\":{\"icon\":\"sap-icon://slim-arrow-down\"}}"}]}
RESULT: undefined
COMMAND: POST /session/7ceb2304b37874a72895a7f47f00ffc5/element - {"using":"xpath","value":"//div[contains(@data-kt ,\"splitAllocationObjectStatus\")]"}
RESULT: {"using":"xpath","value":"//div[contains(@data-kt ,\"splitAllocationObjectStatus\")]"}
COMMAND: POST /session/7ceb2304b37874a72895a7f47f00ffc5/elements - {"using":"xpath","value":"//div[contains(@data-kt ,\"splitAllocationObjectStatus\")]"}
RESULT: {"using":"xpath","value":"//div[contains(@data-kt ,\"splitAllocationObjectStatus\")]"}
COMMAND: POST /session/7ceb2304b37874a72895a7f47f00ffc5/execute/async - {"script":"<script> [1562 bytes]","args":[{"selector":{"controlType":"sap.ui.core.Icon","viewName":"etm.portal.ui.managerequests.view.NewRequest","properties":{"src":{"regex":{"source":"message\\-error"}}}},"wdio_ui5_key":"etmportal.ui.managerequests.view.NewRequestsap.ui.core.Icon{\"src\":{\"regex\":{\"source\":\"message\\\\-error\"}}}"}]}
RESULT: {"script":"<script> [1562 bytes]","args":[{"selector":{"controlType":"sap.ui.core.Icon","viewName":"etm.portal.ui.managerequests.view.NewRequest","properties":{"src":{"regex":{"source":"message\\-error"}}}},"wdio_ui5_key":"etmportal.ui.managerequests.view.NewRequestsap.ui.core.Icon{\"src\":{\"regex\":{\"source\":\"message\\\\-error\"}}}"}]}
RESULT: undefined
COMMAND: POST /session/7ceb2304b37874a72895a7f47f00ffc5/element - {"using":"xpath","value":"//*[@id=\"__status4-__xmlview59--requestItemsTable-0-icon\"]"}
RESULT: {"using":"xpath","value":"//*[@id=\"__status4-__xmlview59--requestItemsTable-0-icon\"]"}
COMMAND: POST /session/7ceb2304b37874a72895a7f47f00ffc5/element/f.A2DC6DB0B92729488FE09C376A5B6DB2.d.BB1F557C30C4401E4A64014EEA9F49DE.e.11625/click - {}
RESULT: {}
COMMAND: POST /session/7ceb2304b37874a72895a7f47f00ffc5/execute/async - {"script":"<script> [1562 bytes]","args":[{"selector":{"controlType":"sap.ui.core.Icon","viewName":"etm.portal.ui.managerequests.view.NewRequest","properties":{"src":{"regex":{"source":"slim\\-arrow\\-down"}}},"searchOpenDialogs":true,"ancestor":{"id":"costObjectAdminTypeComboBox","viewName":"etm.portal.ui.managerequests.view.NewRequest","searchOpenDialogs":true}},"wdio_ui5_key":"etmportal.ui.managerequests.view.NewRequestsap.ui.core.Icon{\"src\":{\"regex\":{\"source\":\"slim\\\\-arrow\\\\-down\"}}}{\"id\":\"costObjectAdminTypeComboBox\",\"viewName\":\"etm.portal.ui.managerequests.view.NewRequest\",\"searchOpenDialogs\":true}"}]}
COMMAND: GET /session/7ceb2304b37874a72895a7f47f00ffc5/screenshot - {}
RESULT: {"script":"<script> [1562 bytes]","args":[{"selector":{"controlType":"sap.ui.core.Icon","viewName":"etm.portal.ui.managerequests.view.NewRequest","properties":{"src":{"regex":{"source":"slim\\-arrow\\-down"}}},"searchOpenDialogs":true,"ancestor":{"id":"costObjectAdminTypeComboBox","viewName":"etm.portal.ui.managerequests.view.NewRequest","searchOpenDialogs":true}},"wdio_ui5_key":"etmportal.ui.managerequests.view.NewRequestsap.ui.core.Icon{\"src\":{\"regex\":{\"source\":\"slim\\\\-arrow\\\\-down\"}}}{\"id\":\"costObjectAdminTypeComboBox\",\"viewName\":\"etm.portal.ui.managerequests.view.NewRequest\",\"searchOpenDialogs\":true}"}]}
RESULT: undefined
COMMAND: POST /session/7ceb2304b37874a72895a7f47f00ffc5/element - {"using":"xpath","value":"//*[@id=\"__xmlview59--costObjectAdminTypeComboBox-arrow\"]"}
RESULT: {}
RESULT: {"using":"xpath","value":"//*[@id=\"__xmlview59--costObjectAdminTypeComboBox-arrow\"]"}
COMMAND: POST /session/7ceb2304b37874a72895a7f47f00ffc5/element/f.A2DC6DB0B92729488FE09C376A5B6DB2.d.BB1F557C30C4401E4A64014EEA9F49DE.e.11630/click - {}
RESULT: {}
COMMAND: POST /session/7ceb2304b37874a72895a7f47f00ffc5/execute/async - {"script":"<script> [1562 bytes]","args":[{"selector":{"controlType":"sap.m.StandardListItem","viewName":"etm.portal.ui.managerequests.view.NewRequest","properties":{"title":"Cost Center"},"searchOpenDialogs":true,"interaction":{"idSuffix":"titleText"}},"wdio_ui5_key":"etmportal.ui.managerequests.view.NewRequestsap.m.StandardListItem{\"title\":\"Cost Center\"}"}]}
COMMAND: GET /session/7ceb2304b37874a72895a7f47f00ffc5/screenshot - {}
RESULT: {"script":"<script> [1562 bytes]","args":[{"selector":{"controlType":"sap.m.StandardListItem","viewName":"etm.portal.ui.managerequests.view.NewRequest","properties":{"title":"Cost Center"},"searchOpenDialogs":true,"interaction":{"idSuffix":"titleText"}},"wdio_ui5_key":"etmportal.ui.managerequests.view.NewRequestsap.m.StandardListItem{\"title\":\"Cost Center\"}"}]}
RESULT: undefined
COMMAND: POST /session/7ceb2304b37874a72895a7f47f00ffc5/element - {"using":"xpath","value":"//*[@id=\"__item852\"]"}
RESULT: {}
RESULT: {"using":"xpath","value":"//*[@id=\"__item852\"]"}
COMMAND: POST /session/7ceb2304b37874a72895a7f47f00ffc5/element/f.A2DC6DB0B92729488FE09C376A5B6DB2.d.BB1F557C30C4401E4A64014EEA9F49DE.e.11633/click - {}
RESULT: {}
COMMAND: GET /session/7ceb2304b37874a72895a7f47f00ffc5/screenshot - {}
RESULT: {}
COMMAND: POST /session/7ceb2304b37874a72895a7f47f00ffc5/execute/async - {"script":"<script> [1562 bytes]","args":[{"selector":{"controlType":"sap.ui.core.Icon","viewName":"etm.portal.ui.managerequests.view.NewRequest","properties":{"src":{"regex":{"source":"value\\-help"}}},"searchOpenDialogs":true},"wdio_ui5_key":"etmportal.ui.managerequests.view.NewRequestsap.ui.core.Icon{\"src\":{\"regex\":{\"source\":\"value\\\\-help\"}}}"}]}
RESULT: {"script":"<script> [1562 bytes]","args":[{"selector":{"controlType":"sap.ui.core.Icon","viewName":"etm.portal.ui.managerequests.view.NewRequest","properties":{"src":{"regex":{"source":"value\\-help"}}},"searchOpenDialogs":true},"wdio_ui5_key":"etmportal.ui.managerequests.view.NewRequestsap.ui.core.Icon{\"src\":{\"regex\":{\"source\":\"value\\\\-help\"}}}"}]}
RESULT: undefined
COMMAND: POST /session/7ceb2304b37874a72895a7f47f00ffc5/element - {"using":"xpath","value":"//*[@id=\"__xmlview59--costObjectIdComboBox-vhi\"]"}
RESULT: {"using":"xpath","value":"//*[@id=\"__xmlview59--costObjectIdComboBox-vhi\"]"}
COMMAND: POST /session/7ceb2304b37874a72895a7f47f00ffc5/element/f.A2DC6DB0B92729488FE09C376A5B6DB2.d.BB1F557C30C4401E4A64014EEA9F49DE.e.11640/click - {}
RESULT: {}
COMMAND: POST /session/7ceb2304b37874a72895a7f47f00ffc5/execute/async - {"script":"<script> [1562 bytes]","args":[{"selector":{"controlType":"sap.m.SearchField","properties":{"placeholder":"Search"},"searchOpenDialogs":true,"interaction":{"idSuffix":"I"}},"wdio_ui5_key":"sapm.SearchField{\"placeholder\":\"Search\"}"}]}
COMMAND: GET /session/7ceb2304b37874a72895a7f47f00ffc5/screenshot - {}
RESULT: {"script":"<script> [1562 bytes]","args":[{"selector":{"controlType":"sap.m.SearchField","properties":{"placeholder":"Search"},"searchOpenDialogs":true,"interaction":{"idSuffix":"I"}},"wdio_ui5_key":"sapm.SearchField{\"placeholder\":\"Search\"}"}]}
RESULT: undefined
COMMAND: POST /session/7ceb2304b37874a72895a7f47f00ffc5/execute/async - {"script":"<script> [776 bytes]","args":[{"enterText":"10001010","selector":{"controlType":"sap.m.SearchField","properties":{"placeholder":"Search"},"searchOpenDialogs":true,"interaction":{"idSuffix":"I"}},"clearTextFirst":true,"interactionType":"ENTER_TEXT"}]}
RESULT: {}
RESULT: {"script":"<script> [776 bytes]","args":[{"enterText":"10001010","selector":{"controlType":"sap.m.SearchField","properties":{"placeholder":"Search"},"searchOpenDialogs":true,"interaction":{"idSuffix":"I"}},"clearTextFirst":true,"interactionType":"ENTER_TEXT"}]}
COMMAND: POST /session/7ceb2304b37874a72895a7f47f00ffc5/actions - {"actions":[{"id":"action89","type":"key","parameters":{},"actions":[{"type":"keyDown","value":"î€‡"},{"type":"pause","duration":10},{"type":"keyUp","value":"î€‡"}]}]}
RESULT: {"actions":[{"id":"action89","type":"key","parameters":{},"actions":[{"type":"keyDown","value":"î€‡"},{"type":"pause","duration":10},{"type":"keyUp","value":"î€‡"}]}]}
COMMAND: GET /session/7ceb2304b37874a72895a7f47f00ffc5/screenshot - {}
RESULT: {}
COMMAND: POST /session/7ceb2304b37874a72895a7f47f00ffc5/execute/async - {"script":"<script> [1562 bytes]","args":[{"selector":{"controlType":"sap.m.Text","bindingPath":{"path":"/C_CostCtrValueHelp(CostCenter='10001010',ControllingArea='Z001')","propertyPath":"CostCenterName","modelName":"CostCenterModel"},"searchOpenDialogs":true},"wdio_ui5_key":"sapm.Text{\"path\":\"/C_CostCtrValueHelp(CostCenter='10001010',ControllingArea='Z001')\",\"propertyPath\":\"CostCenterName\",\"modelName\":\"CostCenterModel\"}"}]}
RESULT: {"script":"<script> [1562 bytes]","args":[{"selector":{"controlType":"sap.m.Text","bindingPath":{"path":"/C_CostCtrValueHelp(CostCenter='10001010',ControllingArea='Z001')","propertyPath":"CostCenterName","modelName":"CostCenterModel"},"searchOpenDialogs":true},"wdio_ui5_key":"sapm.Text{\"path\":\"/C_CostCtrValueHelp(CostCenter='10001010',ControllingArea='Z001')\",\"propertyPath\":\"CostCenterName\",\"modelName\":\"CostCenterModel\"}"}]}
RESULT: undefined
COMMAND: POST /session/7ceb2304b37874a72895a7f47f00ffc5/element - {"using":"xpath","value":"//*[@id=\"__text291-__clone991\"]"}
RESULT: {"using":"xpath","value":"//*[@id=\"__text291-__clone991\"]"}
COMMAND: POST /session/7ceb2304b37874a72895a7f47f00ffc5/element/f.A2DC6DB0B92729488FE09C376A5B6DB2.d.BB1F557C30C4401E4A64014EEA9F49DE.e.11679/click - {}
RESULT: {}
COMMAND: POST /session/7ceb2304b37874a72895a7f47f00ffc5/execute/async - {"script":"<script> [1562 bytes]","args":[{"selector":{"controlType":"sap.m.Button","properties":{"text":"OK"},"searchOpenDialogs":true,"interaction":{"idSuffix":"BDI-content"}},"wdio_ui5_key":"sapm.Button{\"text\":\"OK\"}"}]}
COMMAND: GET /session/7ceb2304b37874a72895a7f47f00ffc5/screenshot - {}
RESULT: {"script":"<script> [1562 bytes]","args":[{"selector":{"controlType":"sap.m.Button","properties":{"text":"OK"},"searchOpenDialogs":true,"interaction":{"idSuffix":"BDI-content"}},"wdio_ui5_key":"sapm.Button{\"text\":\"OK\"}"}]}
RESULT: undefined
COMMAND: POST /session/7ceb2304b37874a72895a7f47f00ffc5/element - {"using":"xpath","value":"//*[@id=\"__dialog1-ok\"]"}
RESULT: {}
RESULT: {"using":"xpath","value":"//*[@id=\"__dialog1-ok\"]"}
COMMAND: POST /session/7ceb2304b37874a72895a7f47f00ffc5/element/f.A2DC6DB0B92729488FE09C376A5B6DB2.d.BB1F557C30C4401E4A64014EEA9F49DE.e.11681/click - {}
RESULT: {}
COMMAND: GET /session/7ceb2304b37874a72895a7f47f00ffc5/screenshot - {}
RESULT: {}
COMMAND: POST /session/7ceb2304b37874a72895a7f47f00ffc5/execute/async - {"script":"<script> [1562 bytes]","args":[{"selector":{"controlType":"sap.m.Button","viewName":"etm.portal.ui.managerequests.view.NewRequest","i18NText":{"propertyName":"text","key":"save"},"searchOpenDialogs":true,"interaction":{"idSuffix":"BDI-content"}},"wdio_ui5_key":"etmportal.ui.managerequests.view.NewRequestsap.m.Button{\"propertyName\":\"text\",\"key\":\"save\"}"}]}
RESULT: {"script":"<script> [1562 bytes]","args":[{"selector":{"controlType":"sap.m.Button","viewName":"etm.portal.ui.managerequests.view.NewRequest","i18NText":{"propertyName":"text","key":"save"},"searchOpenDialogs":true,"interaction":{"idSuffix":"BDI-content"}},"wdio_ui5_key":"etmportal.ui.managerequests.view.NewRequestsap.m.Button{\"propertyName\":\"text\",\"key\":\"save\"}"}]}
RESULT: undefined
COMMAND: POST /session/7ceb2304b37874a72895a7f47f00ffc5/element - {"using":"xpath","value":"//*[@id=\"__button24\"]"}
RESULT: {"using":"xpath","value":"//*[@id=\"__button24\"]"}
COMMAND: POST /session/7ceb2304b37874a72895a7f47f00ffc5/element/f.A2DC6DB0B92729488FE09C376A5B6DB2.d.BB1F557C30C4401E4A64014EEA9F49DE.e.11685/click - {}
RESULT: {}
COMMAND: GET /session/7ceb2304b37874a72895a7f47f00ffc5/screenshot - {}
RESULT: {}
COMMAND: POST /session/7ceb2304b37874a72895a7f47f00ffc5/element - {"using":"xpath","value":"(//bdi[contains(text() ,\"Save\")])[1]"}
RESULT: {"using":"xpath","value":"(//bdi[contains(text() ,\"Save\")])[1]"}
COMMAND: POST /session/7ceb2304b37874a72895a7f47f00ffc5/element/f.A2DC6DB0B92729488FE09C376A5B6DB2.d.BB1F557C30C4401E4A64014EEA9F49DE.e.11687/click - {}
RESULT: {}
COMMAND: GET /session/7ceb2304b37874a72895a7f47f00ffc5/screenshot - {}
RESULT: {}
COMMAND: POST /session/7ceb2304b37874a72895a7f47f00ffc5/execute/async - {"script":"<script> [1562 bytes]","args":[{"selector":{"controlType":"sap.m.Title","properties":{"text":"Success"},"searchOpenDialogs":true},"wdio_ui5_key":"sapm.Title{\"text\":\"Success\"}"}]}
RESULT: {"script":"<script> [1562 bytes]","args":[{"selector":{"controlType":"sap.m.Title","properties":{"text":"Success"},"searchOpenDialogs":true},"wdio_ui5_key":"sapm.Title{\"text\":\"Success\"}"}]}
RESULT: undefined
COMMAND: POST /session/7ceb2304b37874a72895a7f47f00ffc5/execute/async - {"script":"<script> [6424 bytes]","args":[{"element-6066-11e4-a52e-4f735466cecf":"f.A2DC6DB0B92729488FE09C376A5B6DB2.d.BB1F557C30C4401E4A64014EEA9F49DE.e.11690"},"getText",[]]}
RESULT: {"script":"<script> [6424 bytes]","args":[{"element-6066-11e4-a52e-4f735466cecf":"f.A2DC6DB0B92729488FE09C376A5B6DB2.d.BB1F557C30C4401E4A64014EEA9F49DE.e.11690"},"getText",[]]}
COMMAND: POST /session/7ceb2304b37874a72895a7f47f00ffc5/execute/async - {"script":"<script> [1562 bytes]","args":[{"selector":{"controlType":"sap.m.Button","properties":{"text":"Close"},"searchOpenDialogs":true,"interaction":{"idSuffix":"BDI-content"}},"wdio_ui5_key":"sapm.Button{\"text\":\"Close\"}"}]}
RESULT: {"script":"<script> [1562 bytes]","args":[{"selector":{"controlType":"sap.m.Button","properties":{"text":"Close"},"searchOpenDialogs":true,"interaction":{"idSuffix":"BDI-content"}},"wdio_ui5_key":"sapm.Button{\"text\":\"Close\"}"}]}
RESULT: undefined
COMMAND: POST /session/7ceb2304b37874a72895a7f47f00ffc5/element - {"using":"xpath","value":"//*[@id=\"__mbox-btn-0\"]"}
RESULT: {"using":"xpath","value":"//*[@id=\"__mbox-btn-0\"]"}
COMMAND: POST /session/7ceb2304b37874a72895a7f47f00ffc5/element/f.A2DC6DB0B92729488FE09C376A5B6DB2.d.BB1F557C30C4401E4A64014EEA9F49DE.e.11689/click - {}
RESULT: {}
COMMAND: GET /session/7ceb2304b37874a72895a7f47f00ffc5/screenshot - {}
RESULT: {}
COMMAND: POST /session/7ceb2304b37874a72895a7f47f00ffc5/execute/async - {"script":"<script> [1562 bytes]","args":[{"selector":{"controlType":"sap.m.Text","viewName":"etm.portal.ui.managerequests.view.Detail","bindingPath":{"propertyPath":"NO","modelName":"catalogModel"}},"wdio_ui5_key":"etmportal.ui.managerequests.view.Detailsap.m.Text{\"propertyPath\":\"NO\",\"modelName\":\"catalogModel\"}"}]}
RESULT: {"script":"<script> [1562 bytes]","args":[{"selector":{"controlType":"sap.m.Text","viewName":"etm.portal.ui.managerequests.view.Detail","bindingPath":{"propertyPath":"NO","modelName":"catalogModel"}},"wdio_ui5_key":"etmportal.ui.managerequests.view.Detailsap.m.Text{\"propertyPath\":\"NO\",\"modelName\":\"catalogModel\"}"}]}
RESULT: undefined
COMMAND: POST /session/7ceb2304b37874a72895a7f47f00ffc5/execute/async - {"script":"<script> [6424 bytes]","args":[{"element-6066-11e4-a52e-4f735466cecf":"f.A2DC6DB0B92729488FE09C376A5B6DB2.d.BB1F557C30C4401E4A64014EEA9F49DE.e.11815"},"getText",[]]}
RESULT: {"script":"<script> [6424 bytes]","args":[{"element-6066-11e4-a52e-4f735466cecf":"f.A2DC6DB0B92729488FE09C376A5B6DB2.d.BB1F557C30C4401E4A64014EEA9F49DE.e.11815"},"getText",[]]}
COMMAND: POST /session/7ceb2304b37874a72895a7f47f00ffc5/execute/async - {"script":"<script> [1562 bytes]","args":[{"selector":{"controlType":"sap.ui.core.Icon","viewName":"etm.portal.ui.managerequests.view.Detail","properties":{"src":{"regex":{"source":"date\\-time"}}},"ancestor":{"controlType":"sap.m.ColumnListItem","viewName":"etm.portal.ui.managerequests.view.Detail","bindingPath":{"path":"/SmartRequestItemsPlanningBoard(ITEM=10m,REQUEST='20254')"},"ancestor":{"id":"requestItemsTable","viewName":"etm.portal.ui.managerequests.view.Detail"}}},"wdio_ui5_key":"etmportal.ui.managerequests.view.Detailsap.ui.core.Icon{\"src\":{\"regex\":{\"source\":\"date\\\\-time\"}}}{\"controlType\":\"sap.m.ColumnListItem\",\"viewName\":\"etm.portal.ui.managerequests.view.Detail\",\"bindingPath\":{\"path\":\"/SmartRequestItemsPlanningBoard(ITEM=10m,REQUEST='20254')\"},\"ancestor\":{\"id\":\"requestItemsTable\",\"viewName\":\"etm.portal.ui.managerequests.view.Detail\"}}"}]}
RESULT: {"script":"<script> [1562 bytes]","args":[{"selector":{"controlType":"sap.ui.core.Icon","viewName":"etm.portal.ui.managerequests.view.Detail","properties":{"src":{"regex":{"source":"date\\-time"}}},"ancestor":{"controlType":"sap.m.ColumnListItem","viewName":"etm.portal.ui.managerequests.view.Detail","bindingPath":{"path":"/SmartRequestItemsPlanningBoard(ITEM=10m,REQUEST='20254')"},"ancestor":{"id":"requestItemsTable","viewName":"etm.portal.ui.managerequests.view.Detail"}}},"wdio_ui5_key":"etmportal.ui.managerequests.view.Detailsap.ui.core.Icon{\"src\":{\"regex\":{\"source\":\"date\\\\-time\"}}}{\"controlType\":\"sap.m.ColumnListItem\",\"viewName\":\"etm.portal.ui.managerequests.view.Detail\",\"bindingPath\":{\"path\":\"/SmartRequestItemsPlanningBoard(ITEM=10m,REQUEST='20254')\"},\"ancestor\":{\"id\":\"requestItemsTable\",\"viewName\":\"etm.portal.ui.managerequests.view.Detail\"}}"}]}
RESULT: undefined
COMMAND: POST /session/7ceb2304b37874a72895a7f47f00ffc5/element - {"using":"xpath","value":"//*[@id=\"__button39-__clone1030-img\"]"}
RESULT: {"using":"xpath","value":"//*[@id=\"__button39-__clone1030-img\"]"}
COMMAND: POST /session/7ceb2304b37874a72895a7f47f00ffc5/element/f.A2DC6DB0B92729488FE09C376A5B6DB2.d.BB1F557C30C4401E4A64014EEA9F49DE.e.11816/click - {}
RESULT: {}
COMMAND: POST /session/7ceb2304b37874a72895a7f47f00ffc5/execute/async - {"script":"<script> [1562 bytes]","args":[{"selector":{"controlType":"sap.m.Button","viewName":"etm.portal.ui.managerequests.view.Detail","properties":{"text":"Close"},"searchOpenDialogs":true,"interaction":{"idSuffix":"BDI-content"}},"wdio_ui5_key":"etmportal.ui.managerequests.view.Detailsap.m.Button{\"text\":\"Close\"}"}]}
COMMAND: GET /session/7ceb2304b37874a72895a7f47f00ffc5/screenshot - {}
RESULT: {"script":"<script> [1562 bytes]","args":[{"selector":{"controlType":"sap.m.Button","viewName":"etm.portal.ui.managerequests.view.Detail","properties":{"text":"Close"},"searchOpenDialogs":true,"interaction":{"idSuffix":"BDI-content"}},"wdio_ui5_key":"etmportal.ui.managerequests.view.Detailsap.m.Button{\"text\":\"Close\"}"}]}
RESULT: undefined
COMMAND: POST /session/7ceb2304b37874a72895a7f47f00ffc5/element - {"using":"xpath","value":"//*[@id=\"__button49\"]"}
RESULT: {}
RESULT: {"using":"xpath","value":"//*[@id=\"__button49\"]"}
COMMAND: POST /session/7ceb2304b37874a72895a7f47f00ffc5/element/f.A2DC6DB0B92729488FE09C376A5B6DB2.d.BB1F557C30C4401E4A64014EEA9F49DE.e.11819/click - {}
RESULT: {}
COMMAND: GET /session/7ceb2304b37874a72895a7f47f00ffc5/screenshot - {}
RESULT: {}
COMMAND: POST /session/7ceb2304b37874a72895a7f47f00ffc5/refresh - {}
RESULT: {}
COMMAND: GET /session/7ceb2304b37874a72895a7f47f00ffc5/screenshot - {}
RESULT: {}
COMMAND: POST /session/7ceb2304b37874a72895a7f47f00ffc5/execute/async - {"script":"<script> [189 bytes]","args":[]}
RESULT: {"script":"<script> [189 bytes]","args":[]}
COMMAND: POST /session/7ceb2304b37874a72895a7f47f00ffc5/execute/async - {"script":"<script> [123 bytes]","args":[]}
RESULT: {"script":"<script> [123 bytes]","args":[]}
COMMAND: POST /session/7ceb2304b37874a72895a7f47f00ffc5/timeouts - {"script":"<number>"}
RESULT: {"script":"<number>"}
COMMAND: GET /session/7ceb2304b37874a72895a7f47f00ffc5/timeouts - {}
RESULT: {}
RESULT: undefined
COMMAND: POST /session/7ceb2304b37874a72895a7f47f00ffc5/execute/async - {"script":"<script> [2676 bytes]","args":[]}
RESULT: {"script":"<script> [2676 bytes]","args":[]}
COMMAND: POST /session/7ceb2304b37874a72895a7f47f00ffc5/execute/async - {"script":"<script> [2342 bytes]","args":[{"protocol":"http","hostname":"0.0.0.0","path":"/","capabilities":{"browserName":"chrome","goog:chromeOptions":{"binary":"C:\\Program Files\\Google\\Chrome\\Application\\chrome.exe","args":["--start-maximized"]}},"logLevel":"warn","connectionRetryTimeout":120000,"connectionRetryCount":3,"logLevels":{},"enableDirectConnect":true,"strictSSL":true,"_":"65 more keys: [\"cacheDir\",\"port\",\"requestedCapabilities\",\"automationProtocol\",\"baseUrl\",\"waitforInterval\",\"waitforTimeout\",\"onReload\",\"beforeCommand\",\"afterCommand\",\"rootDir\",\"specs\",\"suites\",\"exclude\",\"groupLogsByTestSpec\",\"excludeDriverLogs\",\"bail\",\"framework\",\"reporters\",\"services\",\"maxInstances\",\"maxInstancesPerCapability\",\"injectGlobals\",\"filesToWatch\",\"execArgv\",\"runnerEnv\",\"runner\",\"shard\",\"specFileRetries\",\"specFileRetriesDelay\",\"specFileRetriesDeferred\",\"reporterSyncInterval\",\"reporterSyncTimeout\",\"cucumberFeaturesWithLineNumbers\",\"autoCompileOpts\",\"mochaOpts\",\"jasmineOpts\",\"cucumberOpts\",\"onPrepare\",\"onWorkerStart\",\"onWorkerEnd\",\"before\",\"beforeSession\",\"beforeSuite\",\"beforeHook\",\"beforeTest\",\"afterTest\",\"afterHook\",\"afterSuite\",\"afterSession\",\"after\",\"onComplete\",\"beforeAssertion\",\"afterAssertion\",\"beforeFeature\",\"beforeScenario\",\"beforeStep\",\"afterStep\",\"afterScenario\",\"afterFeature\",\"_\",\"suite\",\"$0\",\"ignoredWorkerServices\",\"wdi5\"]"}]}
RESULT: {"script":"<script> [2342 bytes]","args":[{"protocol":"http","hostname":"0.0.0.0","path":"/","capabilities":{"browserName":"chrome","goog:chromeOptions":{"binary":"C:\\Program Files\\Google\\Chrome\\Application\\chrome.exe","args":["--start-maximized"]}},"logLevel":"warn","connectionRetryTimeout":120000,"connectionRetryCount":3,"logLevels":{},"enableDirectConnect":true,"strictSSL":true,"_":"65 more keys: [\"cacheDir\",\"port\",\"requestedCapabilities\",\"automationProtocol\",\"baseUrl\",\"waitforInterval\",\"waitforTimeout\",\"onReload\",\"beforeCommand\",\"afterCommand\",\"rootDir\",\"specs\",\"suites\",\"exclude\",\"groupLogsByTestSpec\",\"excludeDriverLogs\",\"bail\",\"framework\",\"reporters\",\"services\",\"maxInstances\",\"maxInstancesPerCapability\",\"injectGlobals\",\"filesToWatch\",\"execArgv\",\"runnerEnv\",\"runner\",\"shard\",\"specFileRetries\",\"specFileRetriesDelay\",\"specFileRetriesDeferred\",\"reporterSyncInterval\",\"reporterSyncTimeout\",\"cucumberFeaturesWithLineNumbers\",\"autoCompileOpts\",\"mochaOpts\",\"jasmineOpts\",\"cucumberOpts\",\"onPrepare\",\"onWorkerStart\",\"onWorkerEnd\",\"before\",\"beforeSession\",\"beforeSuite\",\"beforeHook\",\"beforeTest\",\"afterTest\",\"afterHook\",\"afterSuite\",\"afterSession\",\"after\",\"onComplete\",\"beforeAssertion\",\"afterAssertion\",\"beforeFeature\",\"beforeScenario\",\"beforeStep\",\"afterStep\",\"afterScenario\",\"afterFeature\",\"_\",\"suite\",\"$0\",\"ignoredWorkerServices\",\"wdi5\"]"}]}
COMMAND: POST /session/7ceb2304b37874a72895a7f47f00ffc5/execute/async - {"script":"<script> [21126 bytes]","args":[35000]}
RESULT: {"script":"<script> [21126 bytes]","args":[35000]}
]]></system-out>
    </testcase>
    <testcase classname="chrome.137_0_7151_56.windows.Process_request_items_into_an_existing_quotation_US120163" name="Should process the request into an existing quotation" time="70.589">
      <system-out><![CDATA[
COMMAND: GET /session/7ceb2304b37874a72895a7f47f00ffc5/window - {}
RESULT: {}
COMMAND: POST /session/7ceb2304b37874a72895a7f47f00ffc5/element - {"using":"xpath","value":"//span[contains(@id ,\"detailHeaderTitle-_actionsToolbar-overflowButton-img\")]"}
RESULT: {"using":"xpath","value":"//span[contains(@id ,\"detailHeaderTitle-_actionsToolbar-overflowButton-img\")]"}
COMMAND: POST /session/7ceb2304b37874a72895a7f47f00ffc5/element/f.A2DC6DB0B92729488FE09C376A5B6DB2.d.66B0A8197E5DABB4660CE13232E122E5.e.12041/click - {}
RESULT: {}
COMMAND: GET /session/7ceb2304b37874a72895a7f47f00ffc5/screenshot - {}
RESULT: {}
COMMAND: POST /session/7ceb2304b37874a72895a7f47f00ffc5/element - {"using":"xpath","value":"//span[contains(@id ,\"actionsMenuButton-internalSplitBtn-arrowButton-img\")]"}
RESULT: {"using":"xpath","value":"//span[contains(@id ,\"actionsMenuButton-internalSplitBtn-arrowButton-img\")]"}
COMMAND: POST /session/7ceb2304b37874a72895a7f47f00ffc5/element/f.A2DC6DB0B92729488FE09C376A5B6DB2.d.66B0A8197E5DABB4660CE13232E122E5.e.12044/click - {}
RESULT: {}
COMMAND: GET /session/7ceb2304b37874a72895a7f47f00ffc5/screenshot - {}
RESULT: {}
COMMAND: POST /session/7ceb2304b37874a72895a7f47f00ffc5/actions - {"actions":[{"id":"action90","type":"key","parameters":{},"actions":[{"type":"keyDown","value":"î€•"},{"type":"pause","duration":10},{"type":"keyUp","value":"î€•"}]}]}
RESULT: {"actions":[{"id":"action90","type":"key","parameters":{},"actions":[{"type":"keyDown","value":"î€•"},{"type":"pause","duration":10},{"type":"keyUp","value":"î€•"}]}]}
COMMAND: GET /session/7ceb2304b37874a72895a7f47f00ffc5/screenshot - {}
RESULT: {}
COMMAND: POST /session/7ceb2304b37874a72895a7f47f00ffc5/actions - {"actions":[{"id":"action91","type":"key","parameters":{},"actions":[{"type":"keyDown","value":"î€‡"},{"type":"pause","duration":10},{"type":"keyUp","value":"î€‡"}]}]}
RESULT: {"actions":[{"id":"action91","type":"key","parameters":{},"actions":[{"type":"keyDown","value":"î€‡"},{"type":"pause","duration":10},{"type":"keyUp","value":"î€‡"}]}]}
COMMAND: GET /session/7ceb2304b37874a72895a7f47f00ffc5/screenshot - {}
RESULT: {}
COMMAND: POST /session/7ceb2304b37874a72895a7f47f00ffc5/actions - {"actions":[{"id":"action92","type":"key","parameters":{},"actions":[{"type":"keyDown","value":"î€•"},{"type":"pause","duration":10},{"type":"keyUp","value":"î€•"}]}]}
RESULT: {"actions":[{"id":"action92","type":"key","parameters":{},"actions":[{"type":"keyDown","value":"î€•"},{"type":"pause","duration":10},{"type":"keyUp","value":"î€•"}]}]}
COMMAND: GET /session/7ceb2304b37874a72895a7f47f00ffc5/screenshot - {}
RESULT: {}
COMMAND: POST /session/7ceb2304b37874a72895a7f47f00ffc5/actions - {"actions":[{"id":"action93","type":"key","parameters":{},"actions":[{"type":"keyDown","value":"î€‡"},{"type":"pause","duration":10},{"type":"keyUp","value":"î€‡"}]}]}
RESULT: {"actions":[{"id":"action93","type":"key","parameters":{},"actions":[{"type":"keyDown","value":"î€‡"},{"type":"pause","duration":10},{"type":"keyUp","value":"î€‡"}]}]}
COMMAND: GET /session/7ceb2304b37874a72895a7f47f00ffc5/screenshot - {}
RESULT: {}
COMMAND: POST /session/7ceb2304b37874a72895a7f47f00ffc5/element - {"using":"xpath","value":"//input[contains(@id ,\"quotationsSearchField-I\")]"}
RESULT: {"using":"xpath","value":"//input[contains(@id ,\"quotationsSearchField-I\")]"}
COMMAND: POST /session/7ceb2304b37874a72895a7f47f00ffc5/element/f.A2DC6DB0B92729488FE09C376A5B6DB2.d.66B0A8197E5DABB4660CE13232E122E5.e.12047/clear - {}
RESULT: {}
COMMAND: POST /session/7ceb2304b37874a72895a7f47f00ffc5/element/f.A2DC6DB0B92729488FE09C376A5B6DB2.d.66B0A8197E5DABB4660CE13232E122E5.e.12047/value - {"text":"WdIOQuotation43pln"}
COMMAND: GET /session/7ceb2304b37874a72895a7f47f00ffc5/screenshot - {}
RESULT: {"text":"WdIOQuotation43pln"}
COMMAND: GET /session/7ceb2304b37874a72895a7f47f00ffc5/screenshot - {}
RESULT: {}
RESULT: {}
COMMAND: POST /session/7ceb2304b37874a72895a7f47f00ffc5/actions - {"actions":[{"id":"action94","type":"key","parameters":{},"actions":[{"type":"keyDown","value":"î€‡"},{"type":"pause","duration":10},{"type":"keyUp","value":"î€‡"}]}]}
RESULT: {"actions":[{"id":"action94","type":"key","parameters":{},"actions":[{"type":"keyDown","value":"î€‡"},{"type":"pause","duration":10},{"type":"keyUp","value":"î€‡"}]}]}
COMMAND: GET /session/7ceb2304b37874a72895a7f47f00ffc5/screenshot - {}
RESULT: {}
COMMAND: POST /session/7ceb2304b37874a72895a7f47f00ffc5/element - {"using":"xpath","value":"//div[contains(@id ,\"selectSingle\")]"}
RESULT: {"using":"xpath","value":"//div[contains(@id ,\"selectSingle\")]"}
COMMAND: POST /session/7ceb2304b37874a72895a7f47f00ffc5/element/f.A2DC6DB0B92729488FE09C376A5B6DB2.d.66B0A8197E5DABB4660CE13232E122E5.e.12051/click - {}
RESULT: {}
COMMAND: GET /session/7ceb2304b37874a72895a7f47f00ffc5/screenshot - {}
RESULT: {}
COMMAND: POST /session/7ceb2304b37874a72895a7f47f00ffc5/element - {"using":"xpath","value":"//bdi[contains(text() ,\"Selection Done\")]"}
RESULT: {"using":"xpath","value":"//bdi[contains(text() ,\"Selection Done\")]"}
COMMAND: POST /session/7ceb2304b37874a72895a7f47f00ffc5/element/f.A2DC6DB0B92729488FE09C376A5B6DB2.d.66B0A8197E5DABB4660CE13232E122E5.e.12057/click - {}
RESULT: {}
COMMAND: GET /session/7ceb2304b37874a72895a7f47f00ffc5/screenshot - {}
RESULT: {}
COMMAND: POST /session/7ceb2304b37874a72895a7f47f00ffc5/actions - {"actions":[{"id":"action95","type":"key","parameters":{},"actions":[{"type":"keyDown","value":"î€‡"},{"type":"pause","duration":10},{"type":"keyUp","value":"î€‡"}]}]}
RESULT: {"actions":[{"id":"action95","type":"key","parameters":{},"actions":[{"type":"keyDown","value":"î€‡"},{"type":"pause","duration":10},{"type":"keyUp","value":"î€‡"}]}]}
COMMAND: GET /session/7ceb2304b37874a72895a7f47f00ffc5/screenshot - {}
RESULT: {}
COMMAND: POST /session/7ceb2304b37874a72895a7f47f00ffc5/actions - {"actions":[{"id":"action96","type":"key","parameters":{},"actions":[{"type":"keyDown","value":"î€‡"},{"type":"pause","duration":10},{"type":"keyUp","value":"î€‡"}]}]}
RESULT: {"actions":[{"id":"action96","type":"key","parameters":{},"actions":[{"type":"keyDown","value":"î€‡"},{"type":"pause","duration":10},{"type":"keyUp","value":"î€‡"}]}]}
COMMAND: GET /session/7ceb2304b37874a72895a7f47f00ffc5/screenshot - {}
RESULT: {}
COMMAND: GET /session/7ceb2304b37874a72895a7f47f00ffc5/window/handles - {}
RESULT: {}
COMMAND: GET /session/7ceb2304b37874a72895a7f47f00ffc5/window/handles - {}
RESULT: {}
COMMAND: POST /session/7ceb2304b37874a72895a7f47f00ffc5/window - {"handle":"2F269D7DE634296B10694830765849E0"}
RESULT: {"handle":"2F269D7DE634296B10694830765849E0"}
COMMAND: GET /session/7ceb2304b37874a72895a7f47f00ffc5/url - {}
RESULT: {}
COMMAND: GET /session/7ceb2304b37874a72895a7f47f00ffc5/screenshot - {}
RESULT: {}
COMMAND: POST /session/7ceb2304b37874a72895a7f47f00ffc5/element - {"using":"xpath","value":"//span[contains(text(), \"Header Billing Items\")]"}
RESULT: {"using":"xpath","value":"//span[contains(text(), \"Header Billing Items\")]"}
COMMAND: POST /session/7ceb2304b37874a72895a7f47f00ffc5/element/f.2F269D7DE634296B10694830765849E0.d.4F99421ADF7EB80D3B922B7137E00FE1.e.12292/click - {}
RESULT: {}
COMMAND: GET /session/7ceb2304b37874a72895a7f47f00ffc5/screenshot - {}
RESULT: {}
COMMAND: POST /session/7ceb2304b37874a72895a7f47f00ffc5/element - {"using":"xpath","value":"//span[contains(@id ,\"contractItemsSmartTable-header-inner\")]"}
RESULT: {"using":"xpath","value":"//span[contains(@id ,\"contractItemsSmartTable-header-inner\")]"}
COMMAND: GET /session/7ceb2304b37874a72895a7f47f00ffc5/element/f.2F269D7DE634296B10694830765849E0.d.4F99421ADF7EB80D3B922B7137E00FE1.e.12294/text - {}
RESULT: {}
COMMAND: POST /session/7ceb2304b37874a72895a7f47f00ffc5/element - {"using":"xpath","value":"//span[@class=\"sapMObjStatusText\"][contains(text(), \"proposed\")]"}
RESULT: {"using":"xpath","value":"//span[@class=\"sapMObjStatusText\"][contains(text(), \"proposed\")]"}
COMMAND: GET /session/7ceb2304b37874a72895a7f47f00ffc5/element/f.2F269D7DE634296B10694830765849E0.d.4F99421ADF7EB80D3B922B7137E00FE1.e.12295/text - {}
RESULT: {}
COMMAND: DELETE /session/7ceb2304b37874a72895a7f47f00ffc5/window - {}
RESULT: {}
COMMAND: POST /session/7ceb2304b37874a72895a7f47f00ffc5/window - {"handle":"A2DC6DB0B92729488FE09C376A5B6DB2"}
RESULT: {"handle":"A2DC6DB0B92729488FE09C376A5B6DB2"}
COMMAND: GET /session/7ceb2304b37874a72895a7f47f00ffc5/url - {}
RESULT: {}
COMMAND: GET /session/7ceb2304b37874a72895a7f47f00ffc5/screenshot - {}
RESULT: {}
]]></system-out>
    </testcase>
    <testcase classname="chrome.137_0_7151_56.windows.Process_request_items_into_an_existing_quotation_US120163" name="Should navigate back to the request and check the request and item statuses" time="30.136">
      <system-out><![CDATA[
COMMAND: POST /session/7ceb2304b37874a72895a7f47f00ffc5/refresh - {}
RESULT: {}
COMMAND: GET /session/7ceb2304b37874a72895a7f47f00ffc5/screenshot - {}
RESULT: {}
COMMAND: POST /session/7ceb2304b37874a72895a7f47f00ffc5/execute/async - {"script":"<script> [189 bytes]","args":[]}
RESULT: {"script":"<script> [189 bytes]","args":[]}
COMMAND: POST /session/7ceb2304b37874a72895a7f47f00ffc5/execute/async - {"script":"<script> [123 bytes]","args":[]}
RESULT: {"script":"<script> [123 bytes]","args":[]}
COMMAND: POST /session/7ceb2304b37874a72895a7f47f00ffc5/timeouts - {"script":"<number>"}
RESULT: {"script":"<number>"}
COMMAND: GET /session/7ceb2304b37874a72895a7f47f00ffc5/timeouts - {}
RESULT: {}
RESULT: undefined
COMMAND: POST /session/7ceb2304b37874a72895a7f47f00ffc5/execute/async - {"script":"<script> [2676 bytes]","args":[]}
RESULT: {"script":"<script> [2676 bytes]","args":[]}
COMMAND: POST /session/7ceb2304b37874a72895a7f47f00ffc5/execute/async - {"script":"<script> [2342 bytes]","args":[{"protocol":"http","hostname":"0.0.0.0","path":"/","capabilities":{"browserName":"chrome","goog:chromeOptions":{"binary":"C:\\Program Files\\Google\\Chrome\\Application\\chrome.exe","args":["--start-maximized"]}},"logLevel":"warn","connectionRetryTimeout":120000,"connectionRetryCount":3,"logLevels":{},"enableDirectConnect":true,"strictSSL":true,"_":"65 more keys: [\"cacheDir\",\"port\",\"requestedCapabilities\",\"automationProtocol\",\"baseUrl\",\"waitforInterval\",\"waitforTimeout\",\"onReload\",\"beforeCommand\",\"afterCommand\",\"rootDir\",\"specs\",\"suites\",\"exclude\",\"groupLogsByTestSpec\",\"excludeDriverLogs\",\"bail\",\"framework\",\"reporters\",\"services\",\"maxInstances\",\"maxInstancesPerCapability\",\"injectGlobals\",\"filesToWatch\",\"execArgv\",\"runnerEnv\",\"runner\",\"shard\",\"specFileRetries\",\"specFileRetriesDelay\",\"specFileRetriesDeferred\",\"reporterSyncInterval\",\"reporterSyncTimeout\",\"cucumberFeaturesWithLineNumbers\",\"autoCompileOpts\",\"mochaOpts\",\"jasmineOpts\",\"cucumberOpts\",\"onPrepare\",\"onWorkerStart\",\"onWorkerEnd\",\"before\",\"beforeSession\",\"beforeSuite\",\"beforeHook\",\"beforeTest\",\"afterTest\",\"afterHook\",\"afterSuite\",\"afterSession\",\"after\",\"onComplete\",\"beforeAssertion\",\"afterAssertion\",\"beforeFeature\",\"beforeScenario\",\"beforeStep\",\"afterStep\",\"afterScenario\",\"afterFeature\",\"_\",\"suite\",\"$0\",\"ignoredWorkerServices\",\"wdi5\"]"}]}
RESULT: {"script":"<script> [2342 bytes]","args":[{"protocol":"http","hostname":"0.0.0.0","path":"/","capabilities":{"browserName":"chrome","goog:chromeOptions":{"binary":"C:\\Program Files\\Google\\Chrome\\Application\\chrome.exe","args":["--start-maximized"]}},"logLevel":"warn","connectionRetryTimeout":120000,"connectionRetryCount":3,"logLevels":{},"enableDirectConnect":true,"strictSSL":true,"_":"65 more keys: [\"cacheDir\",\"port\",\"requestedCapabilities\",\"automationProtocol\",\"baseUrl\",\"waitforInterval\",\"waitforTimeout\",\"onReload\",\"beforeCommand\",\"afterCommand\",\"rootDir\",\"specs\",\"suites\",\"exclude\",\"groupLogsByTestSpec\",\"excludeDriverLogs\",\"bail\",\"framework\",\"reporters\",\"services\",\"maxInstances\",\"maxInstancesPerCapability\",\"injectGlobals\",\"filesToWatch\",\"execArgv\",\"runnerEnv\",\"runner\",\"shard\",\"specFileRetries\",\"specFileRetriesDelay\",\"specFileRetriesDeferred\",\"reporterSyncInterval\",\"reporterSyncTimeout\",\"cucumberFeaturesWithLineNumbers\",\"autoCompileOpts\",\"mochaOpts\",\"jasmineOpts\",\"cucumberOpts\",\"onPrepare\",\"onWorkerStart\",\"onWorkerEnd\",\"before\",\"beforeSession\",\"beforeSuite\",\"beforeHook\",\"beforeTest\",\"afterTest\",\"afterHook\",\"afterSuite\",\"afterSession\",\"after\",\"onComplete\",\"beforeAssertion\",\"afterAssertion\",\"beforeFeature\",\"beforeScenario\",\"beforeStep\",\"afterStep\",\"afterScenario\",\"afterFeature\",\"_\",\"suite\",\"$0\",\"ignoredWorkerServices\",\"wdi5\"]"}]}
COMMAND: POST /session/7ceb2304b37874a72895a7f47f00ffc5/execute/async - {"script":"<script> [21126 bytes]","args":[35000]}
RESULT: {"script":"<script> [21126 bytes]","args":[35000]}
COMMAND: POST /session/7ceb2304b37874a72895a7f47f00ffc5/execute/async - {"script":"<script> [1562 bytes]","args":[{"selector":{"controlType":"sap.m.Text","viewName":"etm.portal.ui.managerequests.view.Detail","bindingPath":{"path":"/SmartRequestItemsPlanningBoard(ITEM=10m,REQUEST='20254')","propertyPath":"STATUS_DESC"}},"wdio_ui5_key":"etmportal.ui.managerequests.view.Detailsap.m.Text{\"path\":\"/SmartRequestItemsPlanningBoard(ITEM=10m,REQUEST='20254')\",\"propertyPath\":\"STATUS_DESC\"}"}]}
RESULT: {"script":"<script> [1562 bytes]","args":[{"selector":{"controlType":"sap.m.Text","viewName":"etm.portal.ui.managerequests.view.Detail","bindingPath":{"path":"/SmartRequestItemsPlanningBoard(ITEM=10m,REQUEST='20254')","propertyPath":"STATUS_DESC"}},"wdio_ui5_key":"etmportal.ui.managerequests.view.Detailsap.m.Text{\"path\":\"/SmartRequestItemsPlanningBoard(ITEM=10m,REQUEST='20254')\",\"propertyPath\":\"STATUS_DESC\"}"}]}
RESULT: undefined
COMMAND: POST /session/7ceb2304b37874a72895a7f47f00ffc5/execute/async - {"script":"<script> [6424 bytes]","args":[{"element-6066-11e4-a52e-4f735466cecf":"f.A2DC6DB0B92729488FE09C376A5B6DB2.d.7FE8574277ED3E3AC8704ED22D3E6F16.e.12508"},"getText",[]]}
RESULT: {"script":"<script> [6424 bytes]","args":[{"element-6066-11e4-a52e-4f735466cecf":"f.A2DC6DB0B92729488FE09C376A5B6DB2.d.7FE8574277ED3E3AC8704ED22D3E6F16.e.12508"},"getText",[]]}
COMMAND: POST /session/7ceb2304b37874a72895a7f47f00ffc5/execute/async - {"script":"<script> [1562 bytes]","args":[{"selector":{"controlType":"sap.m.ObjectStatus","viewName":"etm.portal.ui.managerequests.view.Detail","bindingPath":{"path":"/RequestHeaders('20254')","propertyPath":"LINK_TO_STATUS/DESCRIPTION","modelName":"catalogModel"}},"wdio_ui5_key":"etmportal.ui.managerequests.view.Detailsap.m.ObjectStatus{\"path\":\"/RequestHeaders('20254')\",\"propertyPath\":\"LINK_TO_STATUS/DESCRIPTION\",\"modelName\":\"catalogModel\"}"}]}
RESULT: {"script":"<script> [1562 bytes]","args":[{"selector":{"controlType":"sap.m.ObjectStatus","viewName":"etm.portal.ui.managerequests.view.Detail","bindingPath":{"path":"/RequestHeaders('20254')","propertyPath":"LINK_TO_STATUS/DESCRIPTION","modelName":"catalogModel"}},"wdio_ui5_key":"etmportal.ui.managerequests.view.Detailsap.m.ObjectStatus{\"path\":\"/RequestHeaders('20254')\",\"propertyPath\":\"LINK_TO_STATUS/DESCRIPTION\",\"modelName\":\"catalogModel\"}"}]}
RESULT: undefined
COMMAND: POST /session/7ceb2304b37874a72895a7f47f00ffc5/execute/async - {"script":"<script> [6424 bytes]","args":[{"element-6066-11e4-a52e-4f735466cecf":"f.A2DC6DB0B92729488FE09C376A5B6DB2.d.7FE8574277ED3E3AC8704ED22D3E6F16.e.12509"},"getText",[]]}
RESULT: {"script":"<script> [6424 bytes]","args":[{"element-6066-11e4-a52e-4f735466cecf":"f.A2DC6DB0B92729488FE09C376A5B6DB2.d.7FE8574277ED3E3AC8704ED22D3E6F16.e.12509"},"getText",[]]}
COMMAND: POST /session/7ceb2304b37874a72895a7f47f00ffc5/element - {"using":"css selector","value":"#shell-header-logo"}
RESULT: {"using":"css selector","value":"#shell-header-logo"}
COMMAND: POST /session/7ceb2304b37874a72895a7f47f00ffc5/element/f.A2DC6DB0B92729488FE09C376A5B6DB2.d.7FE8574277ED3E3AC8704ED22D3E6F16.e.12303/click - {}
RESULT: {}
COMMAND: GET /session/7ceb2304b37874a72895a7f47f00ffc5/screenshot - {}
RESULT: {}
COMMAND: POST /session/7ceb2304b37874a72895a7f47f00ffc5/refresh - {}
RESULT: {}
COMMAND: GET /session/7ceb2304b37874a72895a7f47f00ffc5/screenshot - {}
RESULT: {}
COMMAND: POST /session/7ceb2304b37874a72895a7f47f00ffc5/execute/async - {"script":"<script> [189 bytes]","args":[]}
RESULT: {"script":"<script> [189 bytes]","args":[]}
COMMAND: POST /session/7ceb2304b37874a72895a7f47f00ffc5/execute/async - {"script":"<script> [123 bytes]","args":[]}
RESULT: {"script":"<script> [123 bytes]","args":[]}
COMMAND: POST /session/7ceb2304b37874a72895a7f47f00ffc5/timeouts - {"script":"<number>"}
RESULT: {"script":"<number>"}
COMMAND: GET /session/7ceb2304b37874a72895a7f47f00ffc5/timeouts - {}
RESULT: {}
RESULT: undefined
COMMAND: POST /session/7ceb2304b37874a72895a7f47f00ffc5/execute/async - {"script":"<script> [2676 bytes]","args":[]}
RESULT: {"script":"<script> [2676 bytes]","args":[]}
COMMAND: POST /session/7ceb2304b37874a72895a7f47f00ffc5/execute/async - {"script":"<script> [2342 bytes]","args":[{"protocol":"http","hostname":"0.0.0.0","path":"/","capabilities":{"browserName":"chrome","goog:chromeOptions":{"binary":"C:\\Program Files\\Google\\Chrome\\Application\\chrome.exe","args":["--start-maximized"]}},"logLevel":"warn","connectionRetryTimeout":120000,"connectionRetryCount":3,"logLevels":{},"enableDirectConnect":true,"strictSSL":true,"_":"65 more keys: [\"cacheDir\",\"port\",\"requestedCapabilities\",\"automationProtocol\",\"baseUrl\",\"waitforInterval\",\"waitforTimeout\",\"onReload\",\"beforeCommand\",\"afterCommand\",\"rootDir\",\"specs\",\"suites\",\"exclude\",\"groupLogsByTestSpec\",\"excludeDriverLogs\",\"bail\",\"framework\",\"reporters\",\"services\",\"maxInstances\",\"maxInstancesPerCapability\",\"injectGlobals\",\"filesToWatch\",\"execArgv\",\"runnerEnv\",\"runner\",\"shard\",\"specFileRetries\",\"specFileRetriesDelay\",\"specFileRetriesDeferred\",\"reporterSyncInterval\",\"reporterSyncTimeout\",\"cucumberFeaturesWithLineNumbers\",\"autoCompileOpts\",\"mochaOpts\",\"jasmineOpts\",\"cucumberOpts\",\"onPrepare\",\"onWorkerStart\",\"onWorkerEnd\",\"before\",\"beforeSession\",\"beforeSuite\",\"beforeHook\",\"beforeTest\",\"afterTest\",\"afterHook\",\"afterSuite\",\"afterSession\",\"after\",\"onComplete\",\"beforeAssertion\",\"afterAssertion\",\"beforeFeature\",\"beforeScenario\",\"beforeStep\",\"afterStep\",\"afterScenario\",\"afterFeature\",\"_\",\"suite\",\"$0\",\"ignoredWorkerServices\",\"wdi5\"]"}]}
RESULT: {"script":"<script> [2342 bytes]","args":[{"protocol":"http","hostname":"0.0.0.0","path":"/","capabilities":{"browserName":"chrome","goog:chromeOptions":{"binary":"C:\\Program Files\\Google\\Chrome\\Application\\chrome.exe","args":["--start-maximized"]}},"logLevel":"warn","connectionRetryTimeout":120000,"connectionRetryCount":3,"logLevels":{},"enableDirectConnect":true,"strictSSL":true,"_":"65 more keys: [\"cacheDir\",\"port\",\"requestedCapabilities\",\"automationProtocol\",\"baseUrl\",\"waitforInterval\",\"waitforTimeout\",\"onReload\",\"beforeCommand\",\"afterCommand\",\"rootDir\",\"specs\",\"suites\",\"exclude\",\"groupLogsByTestSpec\",\"excludeDriverLogs\",\"bail\",\"framework\",\"reporters\",\"services\",\"maxInstances\",\"maxInstancesPerCapability\",\"injectGlobals\",\"filesToWatch\",\"execArgv\",\"runnerEnv\",\"runner\",\"shard\",\"specFileRetries\",\"specFileRetriesDelay\",\"specFileRetriesDeferred\",\"reporterSyncInterval\",\"reporterSyncTimeout\",\"cucumberFeaturesWithLineNumbers\",\"autoCompileOpts\",\"mochaOpts\",\"jasmineOpts\",\"cucumberOpts\",\"onPrepare\",\"onWorkerStart\",\"onWorkerEnd\",\"before\",\"beforeSession\",\"beforeSuite\",\"beforeHook\",\"beforeTest\",\"afterTest\",\"afterHook\",\"afterSuite\",\"afterSession\",\"after\",\"onComplete\",\"beforeAssertion\",\"afterAssertion\",\"beforeFeature\",\"beforeScenario\",\"beforeStep\",\"afterStep\",\"afterScenario\",\"afterFeature\",\"_\",\"suite\",\"$0\",\"ignoredWorkerServices\",\"wdi5\"]"}]}
COMMAND: POST /session/7ceb2304b37874a72895a7f47f00ffc5/execute/async - {"script":"<script> [21126 bytes]","args":[35000]}
RESULT: {"script":"<script> [21126 bytes]","args":[35000]}
]]></system-out>
    </testcase>
  </testsuite>
  <testsuite timestamp="2025-06-04T16:15:12" time="284.557" tests="3" failures="0" errors="0" skipped="0">
    <properties>
      <property name="specId" value="0" />
      <property name="suiteName" value="Process request items into new quotation US120163" />
      <property name="capabilities" value="chrome.137_0_7151_56.windows" />
      <property name="file" value="file:///D:/a/1/s/test/specs/R2C/process-request-items-into-new-quotation.spec.js" />
    </properties>
    <testcase classname="chrome.137_0_7151_56.windows.Process_request_items_into_new_quotation_US120163" name="Should create a new request with catalog items and plan it" time="182.533">
      <system-out><![CDATA[
COMMAND: POST /session/7ceb2304b37874a72895a7f47f00ffc5/execute/async - {"script":"<script> [1562 bytes]","args":[{"selector":{"controlType":"sap.m.GenericTile","properties":{"header":"Manage Requests"}},"wdio_ui5_key":"sapm.GenericTile{\"header\":\"Manage Requests\"}"}]}
RESULT: {"script":"<script> [1562 bytes]","args":[{"selector":{"controlType":"sap.m.GenericTile","properties":{"header":"Manage Requests"}},"wdio_ui5_key":"sapm.GenericTile{\"header\":\"Manage Requests\"}"}]}
RESULT: undefined
COMMAND: POST /session/7ceb2304b37874a72895a7f47f00ffc5/element - {"using":"xpath","value":"//*[@id=\"__tile47\"]"}
RESULT: {"using":"xpath","value":"//*[@id=\"__tile47\"]"}
COMMAND: POST /session/7ceb2304b37874a72895a7f47f00ffc5/element/f.A2DC6DB0B92729488FE09C376A5B6DB2.d.F372FB0988D733431927E3E025D9DE96.e.12538/click - {}
RESULT: {}
COMMAND: GET /session/7ceb2304b37874a72895a7f47f00ffc5/screenshot - {}
RESULT: {}
COMMAND: POST /session/7ceb2304b37874a72895a7f47f00ffc5/elements - {"using":"xpath","value":"//span[text()='Error']"}
RESULT: {"using":"xpath","value":"//span[text()='Error']"}
COMMAND: POST /session/7ceb2304b37874a72895a7f47f00ffc5/element - {"using":"xpath","value":"//button[contains(@data-kt ,\"btnCreateNewOverflowToolbarButton\")]"}
COMMAND: POST /session/7ceb2304b37874a72895a7f47f00ffc5/element - {"using":"xpath","value":"(//span[contains(@class ,\"sapMObjStatusText\")])[1]"}
RESULT: {"using":"xpath","value":"//button[contains(@data-kt ,\"btnCreateNewOverflowToolbarButton\")]"}
COMMAND: POST /session/7ceb2304b37874a72895a7f47f00ffc5/element/f.A2DC6DB0B92729488FE09C376A5B6DB2.d.F372FB0988D733431927E3E025D9DE96.e.12594/click - {}
RESULT: {"using":"xpath","value":"(//span[contains(@class ,\"sapMObjStatusText\")])[1]"}
COMMAND: POST /session/7ceb2304b37874a72895a7f47f00ffc5/execute/sync - {"script":"<script> [8489 bytes]","args":[{"element-6066-11e4-a52e-4f735466cecf":"f.A2DC6DB0B92729488FE09C376A5B6DB2.d.F372FB0988D733431927E3E025D9DE96.e.12634","ELEMENT":"f.A2DC6DB0B92729488FE09C376A5B6DB2.d.F372FB0988D733431927E3E025D9DE96.e.12634"}]}
RESULT: {}
COMMAND: GET /session/7ceb2304b37874a72895a7f47f00ffc5/screenshot - {}
RESULT: {"script":"<script> [8489 bytes]","args":[{"element-6066-11e4-a52e-4f735466cecf":"f.A2DC6DB0B92729488FE09C376A5B6DB2.d.F372FB0988D733431927E3E025D9DE96.e.12634","ELEMENT":"f.A2DC6DB0B92729488FE09C376A5B6DB2.d.F372FB0988D733431927E3E025D9DE96.e.12634"}]}
COMMAND: GET /session/7ceb2304b37874a72895a7f47f00ffc5/screenshot - {}
RESULT: {}
RESULT: {}
COMMAND: POST /session/7ceb2304b37874a72895a7f47f00ffc5/element - {"using":"xpath","value":"//input[contains(@id ,\"yardId-inner\")]"}
RESULT: {"using":"xpath","value":"//input[contains(@id ,\"yardId-inner\")]"}
COMMAND: POST /session/7ceb2304b37874a72895a7f47f00ffc5/execute/sync - {"script":"<script> [8489 bytes]","args":[{"element-6066-11e4-a52e-4f735466cecf":"f.A2DC6DB0B92729488FE09C376A5B6DB2.d.F372FB0988D733431927E3E025D9DE96.e.12735","ELEMENT":"f.A2DC6DB0B92729488FE09C376A5B6DB2.d.F372FB0988D733431927E3E025D9DE96.e.12735"}]}
RESULT: {"script":"<script> [8489 bytes]","args":[{"element-6066-11e4-a52e-4f735466cecf":"f.A2DC6DB0B92729488FE09C376A5B6DB2.d.F372FB0988D733431927E3E025D9DE96.e.12735","ELEMENT":"f.A2DC6DB0B92729488FE09C376A5B6DB2.d.F372FB0988D733431927E3E025D9DE96.e.12735"}]}
COMMAND: POST /session/7ceb2304b37874a72895a7f47f00ffc5/element - {"using":"xpath","value":"//input[contains(@id ,\"yardId-inner\")]"}
COMMAND: GET /session/7ceb2304b37874a72895a7f47f00ffc5/screenshot - {}
RESULT: {"using":"xpath","value":"//input[contains(@id ,\"yardId-inner\")]"}
COMMAND: GET /session/7ceb2304b37874a72895a7f47f00ffc5/element/f.A2DC6DB0B92729488FE09C376A5B6DB2.d.F372FB0988D733431927E3E025D9DE96.e.12735/enabled - {}
RESULT: {}
RESULT: {}
COMMAND: POST /session/7ceb2304b37874a72895a7f47f00ffc5/element/f.A2DC6DB0B92729488FE09C376A5B6DB2.d.F372FB0988D733431927E3E025D9DE96.e.12735/clear - {}
COMMAND: GET /session/7ceb2304b37874a72895a7f47f00ffc5/screenshot - {}
RESULT: {}
COMMAND: POST /session/7ceb2304b37874a72895a7f47f00ffc5/element/f.A2DC6DB0B92729488FE09C376A5B6DB2.d.F372FB0988D733431927E3E025D9DE96.e.12735/value - {"text":"WebdriverYard1clzi"}
COMMAND: GET /session/7ceb2304b37874a72895a7f47f00ffc5/screenshot - {}
RESULT: {}
RESULT: {"text":"WebdriverYard1clzi"}
COMMAND: GET /session/7ceb2304b37874a72895a7f47f00ffc5/screenshot - {}
RESULT: {}
RESULT: {}
COMMAND: POST /session/7ceb2304b37874a72895a7f47f00ffc5/element - {"using":"xpath","value":"//input[contains(@id ,\"customerNumber-inner\")]"}
RESULT: {"using":"xpath","value":"//input[contains(@id ,\"customerNumber-inner\")]"}
COMMAND: POST /session/7ceb2304b37874a72895a7f47f00ffc5/element/f.A2DC6DB0B92729488FE09C376A5B6DB2.d.F372FB0988D733431927E3E025D9DE96.e.12729/value - {"text":"WebdriverPartnerdvn1f"}
COMMAND: POST /session/7ceb2304b37874a72895a7f47f00ffc5/actions - {"actions":[{"id":"action97","type":"key","parameters":{},"actions":[{"type":"keyDown","value":"î€‡"},{"type":"pause","duration":10},{"type":"keyUp","value":"î€‡"}]}]}
RESULT: {"text":"WebdriverPartnerdvn1f"}
COMMAND: GET /session/7ceb2304b37874a72895a7f47f00ffc5/screenshot - {}
RESULT: {"actions":[{"id":"action97","type":"key","parameters":{},"actions":[{"type":"keyDown","value":"î€‡"},{"type":"pause","duration":10},{"type":"keyUp","value":"î€‡"}]}]}
COMMAND: GET /session/7ceb2304b37874a72895a7f47f00ffc5/screenshot - {}
RESULT: {}
RESULT: {}
COMMAND: POST /session/7ceb2304b37874a72895a7f47f00ffc5/element/f.A2DC6DB0B92729488FE09C376A5B6DB2.d.F372FB0988D733431927E3E025D9DE96.e.12735/clear - {}
RESULT: {}
COMMAND: POST /session/7ceb2304b37874a72895a7f47f00ffc5/element/f.A2DC6DB0B92729488FE09C376A5B6DB2.d.F372FB0988D733431927E3E025D9DE96.e.12735/clear - {}
COMMAND: GET /session/7ceb2304b37874a72895a7f47f00ffc5/screenshot - {}
RESULT: {}
COMMAND: POST /session/7ceb2304b37874a72895a7f47f00ffc5/element/f.A2DC6DB0B92729488FE09C376A5B6DB2.d.F372FB0988D733431927E3E025D9DE96.e.12735/value - {"text":"WebdriverYard1clzi"}
COMMAND: GET /session/7ceb2304b37874a72895a7f47f00ffc5/screenshot - {}
RESULT: {}
RESULT: {"text":"WebdriverYard1clzi"}
COMMAND: GET /session/7ceb2304b37874a72895a7f47f00ffc5/screenshot - {}
RESULT: {}
RESULT: {}
COMMAND: POST /session/7ceb2304b37874a72895a7f47f00ffc5/actions - {"actions":[{"id":"action98","type":"key","parameters":{},"actions":[{"type":"keyDown","value":"î€‡"},{"type":"pause","duration":10},{"type":"keyUp","value":"î€‡"}]}]}
RESULT: {"actions":[{"id":"action98","type":"key","parameters":{},"actions":[{"type":"keyDown","value":"î€‡"},{"type":"pause","duration":10},{"type":"keyUp","value":"î€‡"}]}]}
COMMAND: GET /session/7ceb2304b37874a72895a7f47f00ffc5/screenshot - {}
RESULT: {}
COMMAND: GET /session/7ceb2304b37874a72895a7f47f00ffc5/element/f.A2DC6DB0B92729488FE09C376A5B6DB2.d.F372FB0988D733431927E3E025D9DE96.e.12729/property/value - {}
RESULT: {}
COMMAND: POST /session/7ceb2304b37874a72895a7f47f00ffc5/element - {"using":"xpath","value":"//input[contains(@id ,\"requestSiteId-inner\")]"}
COMMAND: GET /session/7ceb2304b37874a72895a7f47f00ffc5/screenshot - {}
RESULT: {"using":"xpath","value":"//input[contains(@id ,\"requestSiteId-inner\")]"}
COMMAND: POST /session/7ceb2304b37874a72895a7f47f00ffc5/element/f.A2DC6DB0B92729488FE09C376A5B6DB2.d.F372FB0988D733431927E3E025D9DE96.e.12728/value - {"text":"WebdriverSitefw7o9l"}
RESULT: {}
RESULT: {"text":"WebdriverSitefw7o9l"}
COMMAND: GET /session/7ceb2304b37874a72895a7f47f00ffc5/screenshot - {}
COMMAND: POST /session/7ceb2304b37874a72895a7f47f00ffc5/actions - {"actions":[{"id":"action99","type":"key","parameters":{},"actions":[{"type":"keyDown","value":"î€‡"},{"type":"pause","duration":10},{"type":"keyUp","value":"î€‡"}]}]}
RESULT: {}
RESULT: {"actions":[{"id":"action99","type":"key","parameters":{},"actions":[{"type":"keyDown","value":"î€‡"},{"type":"pause","duration":10},{"type":"keyUp","value":"î€‡"}]}]}
COMMAND: GET /session/7ceb2304b37874a72895a7f47f00ffc5/screenshot - {}
RESULT: {}
COMMAND: POST /session/7ceb2304b37874a72895a7f47f00ffc5/actions - {"actions":[{"id":"action100","type":"key","parameters":{},"actions":[{"type":"keyDown","value":"î€‡"},{"type":"pause","duration":10},{"type":"keyUp","value":"î€‡"}]}]}
RESULT: {"actions":[{"id":"action100","type":"key","parameters":{},"actions":[{"type":"keyDown","value":"î€‡"},{"type":"pause","duration":10},{"type":"keyUp","value":"î€‡"}]}]}
COMMAND: GET /session/7ceb2304b37874a72895a7f47f00ffc5/screenshot - {}
RESULT: {}
COMMAND: POST /session/7ceb2304b37874a72895a7f47f00ffc5/element - {"using":"xpath","value":"//button[contains(@data-kt ,\"requestItemAddOverflowToolbarButton\")]"}
RESULT: {"using":"xpath","value":"//button[contains(@data-kt ,\"requestItemAddOverflowToolbarButton\")]"}
COMMAND: POST /session/7ceb2304b37874a72895a7f47f00ffc5/element/f.A2DC6DB0B92729488FE09C376A5B6DB2.d.F372FB0988D733431927E3E025D9DE96.e.12914/click - {}
RESULT: {}
COMMAND: GET /session/7ceb2304b37874a72895a7f47f00ffc5/screenshot - {}
RESULT: {}
COMMAND: POST /session/7ceb2304b37874a72895a7f47f00ffc5/actions - {"actions":[{"id":"action101","type":"key","parameters":{},"actions":[{"type":"keyDown","value":"î€•"},{"type":"pause","duration":10},{"type":"keyUp","value":"î€•"}]}]}
RESULT: {"actions":[{"id":"action101","type":"key","parameters":{},"actions":[{"type":"keyDown","value":"î€•"},{"type":"pause","duration":10},{"type":"keyUp","value":"î€•"}]}]}
COMMAND: POST /session/7ceb2304b37874a72895a7f47f00ffc5/actions - {"actions":[{"id":"action102","type":"key","parameters":{},"actions":[{"type":"keyDown","value":"î€‡"},{"type":"pause","duration":10},{"type":"keyUp","value":"î€‡"}]}]}
COMMAND: GET /session/7ceb2304b37874a72895a7f47f00ffc5/screenshot - {}
RESULT: {"actions":[{"id":"action102","type":"key","parameters":{},"actions":[{"type":"keyDown","value":"î€‡"},{"type":"pause","duration":10},{"type":"keyUp","value":"î€‡"}]}]}
COMMAND: GET /session/7ceb2304b37874a72895a7f47f00ffc5/screenshot - {}
RESULT: {}
RESULT: {}
COMMAND: POST /session/7ceb2304b37874a72895a7f47f00ffc5/element - {"using":"xpath","value":"(//input[contains(@id ,\"requestItemsTable-0-inner\")])[1]"}
RESULT: {"using":"xpath","value":"(//input[contains(@id ,\"requestItemsTable-0-inner\")])[1]"}
COMMAND: POST /session/7ceb2304b37874a72895a7f47f00ffc5/element/f.A2DC6DB0B92729488FE09C376A5B6DB2.d.F372FB0988D733431927E3E025D9DE96.e.12918/clear - {}
RESULT: {}
COMMAND: POST /session/7ceb2304b37874a72895a7f47f00ffc5/element/f.A2DC6DB0B92729488FE09C376A5B6DB2.d.F372FB0988D733431927E3E025D9DE96.e.12918/value - {"text":"catalogItemv9i5ek"}
COMMAND: GET /session/7ceb2304b37874a72895a7f47f00ffc5/screenshot - {}
RESULT: {"text":"catalogItemv9i5ek"}
COMMAND: GET /session/7ceb2304b37874a72895a7f47f00ffc5/screenshot - {}
RESULT: {}
RESULT: {}
COMMAND: POST /session/7ceb2304b37874a72895a7f47f00ffc5/actions - {"actions":[{"id":"action103","type":"key","parameters":{},"actions":[{"type":"keyDown","value":"î€‡"},{"type":"pause","duration":10},{"type":"keyUp","value":"î€‡"}]}]}
RESULT: {"actions":[{"id":"action103","type":"key","parameters":{},"actions":[{"type":"keyDown","value":"î€‡"},{"type":"pause","duration":10},{"type":"keyUp","value":"î€‡"}]}]}
COMMAND: GET /session/7ceb2304b37874a72895a7f47f00ffc5/screenshot - {}
RESULT: {}
COMMAND: POST /session/7ceb2304b37874a72895a7f47f00ffc5/execute/async - {"script":"<script> [1562 bytes]","args":[{"selector":{"controlType":"sap.ui.core.Icon","viewName":"etm.portal.ui.managerequests.view.NewRequest","properties":{"src":{"regex":{"source":"slim\\-arrow\\-down"}}},"ancestor":{"controlType":"sap.m.Button","viewName":"etm.portal.ui.managerequests.view.NewRequest","properties":{"icon":"sap-icon://slim-arrow-down"}}},"wdio_ui5_key":"etmportal.ui.managerequests.view.NewRequestsap.ui.core.Icon{\"src\":{\"regex\":{\"source\":\"slim\\\\-arrow\\\\-down\"}}}{\"controlType\":\"sap.m.Button\",\"viewName\":\"etm.portal.ui.managerequests.view.NewRequest\",\"properties\":{\"icon\":\"sap-icon://slim-arrow-down\"}}"}]}
RESULT: {"script":"<script> [1562 bytes]","args":[{"selector":{"controlType":"sap.ui.core.Icon","viewName":"etm.portal.ui.managerequests.view.NewRequest","properties":{"src":{"regex":{"source":"slim\\-arrow\\-down"}}},"ancestor":{"controlType":"sap.m.Button","viewName":"etm.portal.ui.managerequests.view.NewRequest","properties":{"icon":"sap-icon://slim-arrow-down"}}},"wdio_ui5_key":"etmportal.ui.managerequests.view.NewRequestsap.ui.core.Icon{\"src\":{\"regex\":{\"source\":\"slim\\\\-arrow\\\\-down\"}}}{\"controlType\":\"sap.m.Button\",\"viewName\":\"etm.portal.ui.managerequests.view.NewRequest\",\"properties\":{\"icon\":\"sap-icon://slim-arrow-down\"}}"}]}
RESULT: undefined
COMMAND: POST /session/7ceb2304b37874a72895a7f47f00ffc5/element - {"using":"xpath","value":"//div[contains(@data-kt ,\"splitAllocationObjectStatus\")]"}
RESULT: {"using":"xpath","value":"//div[contains(@data-kt ,\"splitAllocationObjectStatus\")]"}
COMMAND: POST /session/7ceb2304b37874a72895a7f47f00ffc5/elements - {"using":"xpath","value":"//div[contains(@data-kt ,\"splitAllocationObjectStatus\")]"}
RESULT: {"using":"xpath","value":"//div[contains(@data-kt ,\"splitAllocationObjectStatus\")]"}
COMMAND: POST /session/7ceb2304b37874a72895a7f47f00ffc5/execute/async - {"script":"<script> [1562 bytes]","args":[{"selector":{"controlType":"sap.ui.core.Icon","viewName":"etm.portal.ui.managerequests.view.NewRequest","properties":{"src":{"regex":{"source":"message\\-error"}}}},"wdio_ui5_key":"etmportal.ui.managerequests.view.NewRequestsap.ui.core.Icon{\"src\":{\"regex\":{\"source\":\"message\\\\-error\"}}}"}]}
RESULT: {"script":"<script> [1562 bytes]","args":[{"selector":{"controlType":"sap.ui.core.Icon","viewName":"etm.portal.ui.managerequests.view.NewRequest","properties":{"src":{"regex":{"source":"message\\-error"}}}},"wdio_ui5_key":"etmportal.ui.managerequests.view.NewRequestsap.ui.core.Icon{\"src\":{\"regex\":{\"source\":\"message\\\\-error\"}}}"}]}
RESULT: undefined
COMMAND: POST /session/7ceb2304b37874a72895a7f47f00ffc5/element - {"using":"xpath","value":"//*[@id=\"__status4-__xmlview59--requestItemsTable-0-icon\"]"}
RESULT: {"using":"xpath","value":"//*[@id=\"__status4-__xmlview59--requestItemsTable-0-icon\"]"}
COMMAND: POST /session/7ceb2304b37874a72895a7f47f00ffc5/element/f.A2DC6DB0B92729488FE09C376A5B6DB2.d.F372FB0988D733431927E3E025D9DE96.e.12933/click - {}
RESULT: {}
COMMAND: POST /session/7ceb2304b37874a72895a7f47f00ffc5/execute/async - {"script":"<script> [1562 bytes]","args":[{"selector":{"controlType":"sap.ui.core.Icon","viewName":"etm.portal.ui.managerequests.view.NewRequest","properties":{"src":{"regex":{"source":"slim\\-arrow\\-down"}}},"searchOpenDialogs":true,"ancestor":{"id":"costObjectAdminTypeComboBox","viewName":"etm.portal.ui.managerequests.view.NewRequest","searchOpenDialogs":true}},"wdio_ui5_key":"etmportal.ui.managerequests.view.NewRequestsap.ui.core.Icon{\"src\":{\"regex\":{\"source\":\"slim\\\\-arrow\\\\-down\"}}}{\"id\":\"costObjectAdminTypeComboBox\",\"viewName\":\"etm.portal.ui.managerequests.view.NewRequest\",\"searchOpenDialogs\":true}"}]}
COMMAND: GET /session/7ceb2304b37874a72895a7f47f00ffc5/screenshot - {}
RESULT: {"script":"<script> [1562 bytes]","args":[{"selector":{"controlType":"sap.ui.core.Icon","viewName":"etm.portal.ui.managerequests.view.NewRequest","properties":{"src":{"regex":{"source":"slim\\-arrow\\-down"}}},"searchOpenDialogs":true,"ancestor":{"id":"costObjectAdminTypeComboBox","viewName":"etm.portal.ui.managerequests.view.NewRequest","searchOpenDialogs":true}},"wdio_ui5_key":"etmportal.ui.managerequests.view.NewRequestsap.ui.core.Icon{\"src\":{\"regex\":{\"source\":\"slim\\\\-arrow\\\\-down\"}}}{\"id\":\"costObjectAdminTypeComboBox\",\"viewName\":\"etm.portal.ui.managerequests.view.NewRequest\",\"searchOpenDialogs\":true}"}]}
RESULT: undefined
COMMAND: POST /session/7ceb2304b37874a72895a7f47f00ffc5/element - {"using":"xpath","value":"//*[@id=\"__xmlview59--costObjectAdminTypeComboBox-arrow\"]"}
RESULT: {}
RESULT: {"using":"xpath","value":"//*[@id=\"__xmlview59--costObjectAdminTypeComboBox-arrow\"]"}
COMMAND: POST /session/7ceb2304b37874a72895a7f47f00ffc5/element/f.A2DC6DB0B92729488FE09C376A5B6DB2.d.F372FB0988D733431927E3E025D9DE96.e.12938/click - {}
RESULT: {}
COMMAND: POST /session/7ceb2304b37874a72895a7f47f00ffc5/execute/async - {"script":"<script> [1562 bytes]","args":[{"selector":{"controlType":"sap.m.StandardListItem","viewName":"etm.portal.ui.managerequests.view.NewRequest","properties":{"title":"Cost Center"},"searchOpenDialogs":true,"interaction":{"idSuffix":"titleText"}},"wdio_ui5_key":"etmportal.ui.managerequests.view.NewRequestsap.m.StandardListItem{\"title\":\"Cost Center\"}"}]}
COMMAND: GET /session/7ceb2304b37874a72895a7f47f00ffc5/screenshot - {}
RESULT: {"script":"<script> [1562 bytes]","args":[{"selector":{"controlType":"sap.m.StandardListItem","viewName":"etm.portal.ui.managerequests.view.NewRequest","properties":{"title":"Cost Center"},"searchOpenDialogs":true,"interaction":{"idSuffix":"titleText"}},"wdio_ui5_key":"etmportal.ui.managerequests.view.NewRequestsap.m.StandardListItem{\"title\":\"Cost Center\"}"}]}
RESULT: undefined
COMMAND: POST /session/7ceb2304b37874a72895a7f47f00ffc5/element - {"using":"xpath","value":"//*[@id=\"__item1348\"]"}
RESULT: {}
RESULT: {"using":"xpath","value":"//*[@id=\"__item1348\"]"}
COMMAND: POST /session/7ceb2304b37874a72895a7f47f00ffc5/element/f.A2DC6DB0B92729488FE09C376A5B6DB2.d.F372FB0988D733431927E3E025D9DE96.e.12940/click - {}
RESULT: {}
COMMAND: GET /session/7ceb2304b37874a72895a7f47f00ffc5/screenshot - {}
RESULT: {}
COMMAND: POST /session/7ceb2304b37874a72895a7f47f00ffc5/execute/async - {"script":"<script> [1562 bytes]","args":[{"selector":{"controlType":"sap.ui.core.Icon","viewName":"etm.portal.ui.managerequests.view.NewRequest","properties":{"src":{"regex":{"source":"value\\-help"}}},"searchOpenDialogs":true},"wdio_ui5_key":"etmportal.ui.managerequests.view.NewRequestsap.ui.core.Icon{\"src\":{\"regex\":{\"source\":\"value\\\\-help\"}}}"}]}
RESULT: {"script":"<script> [1562 bytes]","args":[{"selector":{"controlType":"sap.ui.core.Icon","viewName":"etm.portal.ui.managerequests.view.NewRequest","properties":{"src":{"regex":{"source":"value\\-help"}}},"searchOpenDialogs":true},"wdio_ui5_key":"etmportal.ui.managerequests.view.NewRequestsap.ui.core.Icon{\"src\":{\"regex\":{\"source\":\"value\\\\-help\"}}}"}]}
RESULT: undefined
COMMAND: POST /session/7ceb2304b37874a72895a7f47f00ffc5/element - {"using":"xpath","value":"//*[@id=\"__xmlview59--costObjectIdComboBox-vhi\"]"}
RESULT: {"using":"xpath","value":"//*[@id=\"__xmlview59--costObjectIdComboBox-vhi\"]"}
COMMAND: POST /session/7ceb2304b37874a72895a7f47f00ffc5/element/f.A2DC6DB0B92729488FE09C376A5B6DB2.d.F372FB0988D733431927E3E025D9DE96.e.12947/click - {}
RESULT: {}
COMMAND: POST /session/7ceb2304b37874a72895a7f47f00ffc5/execute/async - {"script":"<script> [1562 bytes]","args":[{"selector":{"controlType":"sap.m.SearchField","properties":{"placeholder":"Search"},"searchOpenDialogs":true,"interaction":{"idSuffix":"I"}},"wdio_ui5_key":"sapm.SearchField{\"placeholder\":\"Search\"}"}]}
COMMAND: GET /session/7ceb2304b37874a72895a7f47f00ffc5/screenshot - {}
RESULT: {"script":"<script> [1562 bytes]","args":[{"selector":{"controlType":"sap.m.SearchField","properties":{"placeholder":"Search"},"searchOpenDialogs":true,"interaction":{"idSuffix":"I"}},"wdio_ui5_key":"sapm.SearchField{\"placeholder\":\"Search\"}"}]}
RESULT: undefined
COMMAND: POST /session/7ceb2304b37874a72895a7f47f00ffc5/execute/async - {"script":"<script> [776 bytes]","args":[{"enterText":"10001010","selector":{"controlType":"sap.m.SearchField","properties":{"placeholder":"Search"},"searchOpenDialogs":true,"interaction":{"idSuffix":"I"}},"clearTextFirst":true,"interactionType":"ENTER_TEXT"}]}
RESULT: {}
RESULT: {"script":"<script> [776 bytes]","args":[{"enterText":"10001010","selector":{"controlType":"sap.m.SearchField","properties":{"placeholder":"Search"},"searchOpenDialogs":true,"interaction":{"idSuffix":"I"}},"clearTextFirst":true,"interactionType":"ENTER_TEXT"}]}
COMMAND: POST /session/7ceb2304b37874a72895a7f47f00ffc5/actions - {"actions":[{"id":"action104","type":"key","parameters":{},"actions":[{"type":"keyDown","value":"î€‡"},{"type":"pause","duration":10},{"type":"keyUp","value":"î€‡"}]}]}
RESULT: {"actions":[{"id":"action104","type":"key","parameters":{},"actions":[{"type":"keyDown","value":"î€‡"},{"type":"pause","duration":10},{"type":"keyUp","value":"î€‡"}]}]}
COMMAND: GET /session/7ceb2304b37874a72895a7f47f00ffc5/screenshot - {}
RESULT: {}
COMMAND: POST /session/7ceb2304b37874a72895a7f47f00ffc5/execute/async - {"script":"<script> [1562 bytes]","args":[{"selector":{"controlType":"sap.m.Text","bindingPath":{"path":"/C_CostCtrValueHelp(CostCenter='10001010',ControllingArea='Z001')","propertyPath":"CostCenterName","modelName":"CostCenterModel"},"searchOpenDialogs":true},"wdio_ui5_key":"sapm.Text{\"path\":\"/C_CostCtrValueHelp(CostCenter='10001010',ControllingArea='Z001')\",\"propertyPath\":\"CostCenterName\",\"modelName\":\"CostCenterModel\"}"}]}
RESULT: {"script":"<script> [1562 bytes]","args":[{"selector":{"controlType":"sap.m.Text","bindingPath":{"path":"/C_CostCtrValueHelp(CostCenter='10001010',ControllingArea='Z001')","propertyPath":"CostCenterName","modelName":"CostCenterModel"},"searchOpenDialogs":true},"wdio_ui5_key":"sapm.Text{\"path\":\"/C_CostCtrValueHelp(CostCenter='10001010',ControllingArea='Z001')\",\"propertyPath\":\"CostCenterName\",\"modelName\":\"CostCenterModel\"}"}]}
RESULT: undefined
COMMAND: POST /session/7ceb2304b37874a72895a7f47f00ffc5/element - {"using":"xpath","value":"//*[@id=\"__text291-__clone1481\"]"}
RESULT: {"using":"xpath","value":"//*[@id=\"__text291-__clone1481\"]"}
COMMAND: POST /session/7ceb2304b37874a72895a7f47f00ffc5/element/f.A2DC6DB0B92729488FE09C376A5B6DB2.d.F372FB0988D733431927E3E025D9DE96.e.12988/click - {}
RESULT: {}
COMMAND: POST /session/7ceb2304b37874a72895a7f47f00ffc5/execute/async - {"script":"<script> [1562 bytes]","args":[{"selector":{"controlType":"sap.m.Button","properties":{"text":"OK"},"searchOpenDialogs":true,"interaction":{"idSuffix":"BDI-content"}},"wdio_ui5_key":"sapm.Button{\"text\":\"OK\"}"}]}
COMMAND: GET /session/7ceb2304b37874a72895a7f47f00ffc5/screenshot - {}
RESULT: {"script":"<script> [1562 bytes]","args":[{"selector":{"controlType":"sap.m.Button","properties":{"text":"OK"},"searchOpenDialogs":true,"interaction":{"idSuffix":"BDI-content"}},"wdio_ui5_key":"sapm.Button{\"text\":\"OK\"}"}]}
RESULT: undefined
COMMAND: POST /session/7ceb2304b37874a72895a7f47f00ffc5/element - {"using":"xpath","value":"//*[@id=\"__dialog1-ok\"]"}
RESULT: {}
RESULT: {"using":"xpath","value":"//*[@id=\"__dialog1-ok\"]"}
COMMAND: POST /session/7ceb2304b37874a72895a7f47f00ffc5/element/f.A2DC6DB0B92729488FE09C376A5B6DB2.d.F372FB0988D733431927E3E025D9DE96.e.12990/click - {}
RESULT: {}
COMMAND: GET /session/7ceb2304b37874a72895a7f47f00ffc5/screenshot - {}
RESULT: {}
COMMAND: POST /session/7ceb2304b37874a72895a7f47f00ffc5/execute/async - {"script":"<script> [1562 bytes]","args":[{"selector":{"controlType":"sap.m.Button","viewName":"etm.portal.ui.managerequests.view.NewRequest","i18NText":{"propertyName":"text","key":"save"},"searchOpenDialogs":true,"interaction":{"idSuffix":"BDI-content"}},"wdio_ui5_key":"etmportal.ui.managerequests.view.NewRequestsap.m.Button{\"propertyName\":\"text\",\"key\":\"save\"}"}]}
RESULT: {"script":"<script> [1562 bytes]","args":[{"selector":{"controlType":"sap.m.Button","viewName":"etm.portal.ui.managerequests.view.NewRequest","i18NText":{"propertyName":"text","key":"save"},"searchOpenDialogs":true,"interaction":{"idSuffix":"BDI-content"}},"wdio_ui5_key":"etmportal.ui.managerequests.view.NewRequestsap.m.Button{\"propertyName\":\"text\",\"key\":\"save\"}"}]}
RESULT: undefined
COMMAND: POST /session/7ceb2304b37874a72895a7f47f00ffc5/element - {"using":"xpath","value":"//*[@id=\"__button24\"]"}
RESULT: {"using":"xpath","value":"//*[@id=\"__button24\"]"}
COMMAND: POST /session/7ceb2304b37874a72895a7f47f00ffc5/element/f.A2DC6DB0B92729488FE09C376A5B6DB2.d.F372FB0988D733431927E3E025D9DE96.e.12994/click - {}
RESULT: {}
COMMAND: GET /session/7ceb2304b37874a72895a7f47f00ffc5/screenshot - {}
RESULT: {}
COMMAND: POST /session/7ceb2304b37874a72895a7f47f00ffc5/element - {"using":"xpath","value":"(//bdi[contains(text() ,\"Save\")])[1]"}
RESULT: {"using":"xpath","value":"(//bdi[contains(text() ,\"Save\")])[1]"}
COMMAND: POST /session/7ceb2304b37874a72895a7f47f00ffc5/element/f.A2DC6DB0B92729488FE09C376A5B6DB2.d.F372FB0988D733431927E3E025D9DE96.e.12996/click - {}
RESULT: {}
COMMAND: GET /session/7ceb2304b37874a72895a7f47f00ffc5/screenshot - {}
RESULT: {}
COMMAND: POST /session/7ceb2304b37874a72895a7f47f00ffc5/execute/async - {"script":"<script> [1562 bytes]","args":[{"selector":{"controlType":"sap.m.Title","properties":{"text":"Success"},"searchOpenDialogs":true},"wdio_ui5_key":"sapm.Title{\"text\":\"Success\"}"}]}
RESULT: {"script":"<script> [1562 bytes]","args":[{"selector":{"controlType":"sap.m.Title","properties":{"text":"Success"},"searchOpenDialogs":true},"wdio_ui5_key":"sapm.Title{\"text\":\"Success\"}"}]}
RESULT: undefined
COMMAND: POST /session/7ceb2304b37874a72895a7f47f00ffc5/execute/async - {"script":"<script> [6424 bytes]","args":[{"element-6066-11e4-a52e-4f735466cecf":"f.A2DC6DB0B92729488FE09C376A5B6DB2.d.F372FB0988D733431927E3E025D9DE96.e.13000"},"getText",[]]}
RESULT: {"script":"<script> [6424 bytes]","args":[{"element-6066-11e4-a52e-4f735466cecf":"f.A2DC6DB0B92729488FE09C376A5B6DB2.d.F372FB0988D733431927E3E025D9DE96.e.13000"},"getText",[]]}
COMMAND: POST /session/7ceb2304b37874a72895a7f47f00ffc5/execute/async - {"script":"<script> [1562 bytes]","args":[{"selector":{"controlType":"sap.m.Button","properties":{"text":"Close"},"searchOpenDialogs":true,"interaction":{"idSuffix":"BDI-content"}},"wdio_ui5_key":"sapm.Button{\"text\":\"Close\"}"}]}
RESULT: {"script":"<script> [1562 bytes]","args":[{"selector":{"controlType":"sap.m.Button","properties":{"text":"Close"},"searchOpenDialogs":true,"interaction":{"idSuffix":"BDI-content"}},"wdio_ui5_key":"sapm.Button{\"text\":\"Close\"}"}]}
RESULT: undefined
COMMAND: POST /session/7ceb2304b37874a72895a7f47f00ffc5/element - {"using":"xpath","value":"//*[@id=\"__mbox-btn-0\"]"}
RESULT: {"using":"xpath","value":"//*[@id=\"__mbox-btn-0\"]"}
COMMAND: POST /session/7ceb2304b37874a72895a7f47f00ffc5/element/f.A2DC6DB0B92729488FE09C376A5B6DB2.d.F372FB0988D733431927E3E025D9DE96.e.12999/click - {}
RESULT: {}
COMMAND: GET /session/7ceb2304b37874a72895a7f47f00ffc5/screenshot - {}
RESULT: {}
COMMAND: POST /session/7ceb2304b37874a72895a7f47f00ffc5/execute/async - {"script":"<script> [1562 bytes]","args":[{"selector":{"controlType":"sap.m.Text","viewName":"etm.portal.ui.managerequests.view.Detail","bindingPath":{"propertyPath":"NO","modelName":"catalogModel"}},"wdio_ui5_key":"etmportal.ui.managerequests.view.Detailsap.m.Text{\"propertyPath\":\"NO\",\"modelName\":\"catalogModel\"}"}]}
RESULT: {"script":"<script> [1562 bytes]","args":[{"selector":{"controlType":"sap.m.Text","viewName":"etm.portal.ui.managerequests.view.Detail","bindingPath":{"propertyPath":"NO","modelName":"catalogModel"}},"wdio_ui5_key":"etmportal.ui.managerequests.view.Detailsap.m.Text{\"propertyPath\":\"NO\",\"modelName\":\"catalogModel\"}"}]}
RESULT: undefined
COMMAND: POST /session/7ceb2304b37874a72895a7f47f00ffc5/execute/async - {"script":"<script> [6424 bytes]","args":[{"element-6066-11e4-a52e-4f735466cecf":"f.A2DC6DB0B92729488FE09C376A5B6DB2.d.F372FB0988D733431927E3E025D9DE96.e.13124"},"getText",[]]}
RESULT: {"script":"<script> [6424 bytes]","args":[{"element-6066-11e4-a52e-4f735466cecf":"f.A2DC6DB0B92729488FE09C376A5B6DB2.d.F372FB0988D733431927E3E025D9DE96.e.13124"},"getText",[]]}
COMMAND: POST /session/7ceb2304b37874a72895a7f47f00ffc5/execute/async - {"script":"<script> [1562 bytes]","args":[{"selector":{"controlType":"sap.ui.core.Icon","viewName":"etm.portal.ui.managerequests.view.Detail","properties":{"src":{"regex":{"source":"date\\-time"}}},"ancestor":{"controlType":"sap.m.ColumnListItem","viewName":"etm.portal.ui.managerequests.view.Detail","bindingPath":{"path":"/SmartRequestItemsPlanningBoard(ITEM=10m,REQUEST='20255')"},"ancestor":{"id":"requestItemsTable","viewName":"etm.portal.ui.managerequests.view.Detail"}}},"wdio_ui5_key":"etmportal.ui.managerequests.view.Detailsap.ui.core.Icon{\"src\":{\"regex\":{\"source\":\"date\\\\-time\"}}}{\"controlType\":\"sap.m.ColumnListItem\",\"viewName\":\"etm.portal.ui.managerequests.view.Detail\",\"bindingPath\":{\"path\":\"/SmartRequestItemsPlanningBoard(ITEM=10m,REQUEST='20255')\"},\"ancestor\":{\"id\":\"requestItemsTable\",\"viewName\":\"etm.portal.ui.managerequests.view.Detail\"}}"}]}
RESULT: {"script":"<script> [1562 bytes]","args":[{"selector":{"controlType":"sap.ui.core.Icon","viewName":"etm.portal.ui.managerequests.view.Detail","properties":{"src":{"regex":{"source":"date\\-time"}}},"ancestor":{"controlType":"sap.m.ColumnListItem","viewName":"etm.portal.ui.managerequests.view.Detail","bindingPath":{"path":"/SmartRequestItemsPlanningBoard(ITEM=10m,REQUEST='20255')"},"ancestor":{"id":"requestItemsTable","viewName":"etm.portal.ui.managerequests.view.Detail"}}},"wdio_ui5_key":"etmportal.ui.managerequests.view.Detailsap.ui.core.Icon{\"src\":{\"regex\":{\"source\":\"date\\\\-time\"}}}{\"controlType\":\"sap.m.ColumnListItem\",\"viewName\":\"etm.portal.ui.managerequests.view.Detail\",\"bindingPath\":{\"path\":\"/SmartRequestItemsPlanningBoard(ITEM=10m,REQUEST='20255')\"},\"ancestor\":{\"id\":\"requestItemsTable\",\"viewName\":\"etm.portal.ui.managerequests.view.Detail\"}}"}]}
RESULT: undefined
COMMAND: POST /session/7ceb2304b37874a72895a7f47f00ffc5/element - {"using":"xpath","value":"//*[@id=\"__button39-__clone1520-img\"]"}
RESULT: {"using":"xpath","value":"//*[@id=\"__button39-__clone1520-img\"]"}
COMMAND: POST /session/7ceb2304b37874a72895a7f47f00ffc5/element/f.A2DC6DB0B92729488FE09C376A5B6DB2.d.F372FB0988D733431927E3E025D9DE96.e.13125/click - {}
RESULT: {}
COMMAND: POST /session/7ceb2304b37874a72895a7f47f00ffc5/execute/async - {"script":"<script> [1562 bytes]","args":[{"selector":{"controlType":"sap.m.Button","viewName":"etm.portal.ui.managerequests.view.Detail","properties":{"text":"Close"},"searchOpenDialogs":true,"interaction":{"idSuffix":"BDI-content"}},"wdio_ui5_key":"etmportal.ui.managerequests.view.Detailsap.m.Button{\"text\":\"Close\"}"}]}
COMMAND: GET /session/7ceb2304b37874a72895a7f47f00ffc5/screenshot - {}
RESULT: {"script":"<script> [1562 bytes]","args":[{"selector":{"controlType":"sap.m.Button","viewName":"etm.portal.ui.managerequests.view.Detail","properties":{"text":"Close"},"searchOpenDialogs":true,"interaction":{"idSuffix":"BDI-content"}},"wdio_ui5_key":"etmportal.ui.managerequests.view.Detailsap.m.Button{\"text\":\"Close\"}"}]}
RESULT: undefined
COMMAND: POST /session/7ceb2304b37874a72895a7f47f00ffc5/element - {"using":"xpath","value":"//*[@id=\"__button49\"]"}
RESULT: {}
RESULT: {"using":"xpath","value":"//*[@id=\"__button49\"]"}
COMMAND: POST /session/7ceb2304b37874a72895a7f47f00ffc5/element/f.A2DC6DB0B92729488FE09C376A5B6DB2.d.F372FB0988D733431927E3E025D9DE96.e.13128/click - {}
RESULT: {}
COMMAND: POST /session/7ceb2304b37874a72895a7f47f00ffc5/refresh - {}
COMMAND: GET /session/7ceb2304b37874a72895a7f47f00ffc5/screenshot - {}
RESULT: {}
COMMAND: GET /session/7ceb2304b37874a72895a7f47f00ffc5/screenshot - {}
RESULT: {}
RESULT: {}
COMMAND: POST /session/7ceb2304b37874a72895a7f47f00ffc5/execute/async - {"script":"<script> [189 bytes]","args":[]}
RESULT: {"script":"<script> [189 bytes]","args":[]}
COMMAND: POST /session/7ceb2304b37874a72895a7f47f00ffc5/execute/async - {"script":"<script> [123 bytes]","args":[]}
RESULT: {"script":"<script> [123 bytes]","args":[]}
COMMAND: POST /session/7ceb2304b37874a72895a7f47f00ffc5/timeouts - {"script":"<number>"}
RESULT: {"script":"<number>"}
COMMAND: GET /session/7ceb2304b37874a72895a7f47f00ffc5/timeouts - {}
RESULT: {}
RESULT: undefined
COMMAND: POST /session/7ceb2304b37874a72895a7f47f00ffc5/execute/async - {"script":"<script> [2676 bytes]","args":[]}
RESULT: {"script":"<script> [2676 bytes]","args":[]}
COMMAND: POST /session/7ceb2304b37874a72895a7f47f00ffc5/execute/async - {"script":"<script> [2342 bytes]","args":[{"protocol":"http","hostname":"0.0.0.0","path":"/","capabilities":{"browserName":"chrome","goog:chromeOptions":{"binary":"C:\\Program Files\\Google\\Chrome\\Application\\chrome.exe","args":["--start-maximized"]}},"logLevel":"warn","connectionRetryTimeout":120000,"connectionRetryCount":3,"logLevels":{},"enableDirectConnect":true,"strictSSL":true,"_":"65 more keys: [\"cacheDir\",\"port\",\"requestedCapabilities\",\"automationProtocol\",\"baseUrl\",\"waitforInterval\",\"waitforTimeout\",\"onReload\",\"beforeCommand\",\"afterCommand\",\"rootDir\",\"specs\",\"suites\",\"exclude\",\"groupLogsByTestSpec\",\"excludeDriverLogs\",\"bail\",\"framework\",\"reporters\",\"services\",\"maxInstances\",\"maxInstancesPerCapability\",\"injectGlobals\",\"filesToWatch\",\"execArgv\",\"runnerEnv\",\"runner\",\"shard\",\"specFileRetries\",\"specFileRetriesDelay\",\"specFileRetriesDeferred\",\"reporterSyncInterval\",\"reporterSyncTimeout\",\"cucumberFeaturesWithLineNumbers\",\"autoCompileOpts\",\"mochaOpts\",\"jasmineOpts\",\"cucumberOpts\",\"onPrepare\",\"onWorkerStart\",\"onWorkerEnd\",\"before\",\"beforeSession\",\"beforeSuite\",\"beforeHook\",\"beforeTest\",\"afterTest\",\"afterHook\",\"afterSuite\",\"afterSession\",\"after\",\"onComplete\",\"beforeAssertion\",\"afterAssertion\",\"beforeFeature\",\"beforeScenario\",\"beforeStep\",\"afterStep\",\"afterScenario\",\"afterFeature\",\"_\",\"suite\",\"$0\",\"ignoredWorkerServices\",\"wdi5\"]"}]}
RESULT: {"script":"<script> [2342 bytes]","args":[{"protocol":"http","hostname":"0.0.0.0","path":"/","capabilities":{"browserName":"chrome","goog:chromeOptions":{"binary":"C:\\Program Files\\Google\\Chrome\\Application\\chrome.exe","args":["--start-maximized"]}},"logLevel":"warn","connectionRetryTimeout":120000,"connectionRetryCount":3,"logLevels":{},"enableDirectConnect":true,"strictSSL":true,"_":"65 more keys: [\"cacheDir\",\"port\",\"requestedCapabilities\",\"automationProtocol\",\"baseUrl\",\"waitforInterval\",\"waitforTimeout\",\"onReload\",\"beforeCommand\",\"afterCommand\",\"rootDir\",\"specs\",\"suites\",\"exclude\",\"groupLogsByTestSpec\",\"excludeDriverLogs\",\"bail\",\"framework\",\"reporters\",\"services\",\"maxInstances\",\"maxInstancesPerCapability\",\"injectGlobals\",\"filesToWatch\",\"execArgv\",\"runnerEnv\",\"runner\",\"shard\",\"specFileRetries\",\"specFileRetriesDelay\",\"specFileRetriesDeferred\",\"reporterSyncInterval\",\"reporterSyncTimeout\",\"cucumberFeaturesWithLineNumbers\",\"autoCompileOpts\",\"mochaOpts\",\"jasmineOpts\",\"cucumberOpts\",\"onPrepare\",\"onWorkerStart\",\"onWorkerEnd\",\"before\",\"beforeSession\",\"beforeSuite\",\"beforeHook\",\"beforeTest\",\"afterTest\",\"afterHook\",\"afterSuite\",\"afterSession\",\"after\",\"onComplete\",\"beforeAssertion\",\"afterAssertion\",\"beforeFeature\",\"beforeScenario\",\"beforeStep\",\"afterStep\",\"afterScenario\",\"afterFeature\",\"_\",\"suite\",\"$0\",\"ignoredWorkerServices\",\"wdi5\"]"}]}
COMMAND: POST /session/7ceb2304b37874a72895a7f47f00ffc5/execute/async - {"script":"<script> [21126 bytes]","args":[35000]}
RESULT: {"script":"<script> [21126 bytes]","args":[35000]}
]]></system-out>
    </testcase>
    <testcase classname="chrome.137_0_7151_56.windows.Process_request_items_into_new_quotation_US120163" name="Should process the request into a new quotation" time="52.122">
      <system-out><![CDATA[
COMMAND: GET /session/7ceb2304b37874a72895a7f47f00ffc5/window - {}
RESULT: {}
COMMAND: POST /session/7ceb2304b37874a72895a7f47f00ffc5/element - {"using":"xpath","value":"//span[contains(@id ,\"detailHeaderTitle-_actionsToolbar-overflowButton-img\")]"}
RESULT: {"using":"xpath","value":"//span[contains(@id ,\"detailHeaderTitle-_actionsToolbar-overflowButton-img\")]"}
COMMAND: POST /session/7ceb2304b37874a72895a7f47f00ffc5/element/f.A2DC6DB0B92729488FE09C376A5B6DB2.d.13BD2D4051C2957E265BB7645BABB167.e.13349/click - {}
RESULT: {}
COMMAND: GET /session/7ceb2304b37874a72895a7f47f00ffc5/screenshot - {}
RESULT: {}
COMMAND: POST /session/7ceb2304b37874a72895a7f47f00ffc5/element - {"using":"xpath","value":"//span[contains(@id ,\"actionsMenuButton-internalSplitBtn-arrowButton-img\")]"}
RESULT: {"using":"xpath","value":"//span[contains(@id ,\"actionsMenuButton-internalSplitBtn-arrowButton-img\")]"}
COMMAND: POST /session/7ceb2304b37874a72895a7f47f00ffc5/element/f.A2DC6DB0B92729488FE09C376A5B6DB2.d.13BD2D4051C2957E265BB7645BABB167.e.13352/click - {}
RESULT: {}
COMMAND: GET /session/7ceb2304b37874a72895a7f47f00ffc5/screenshot - {}
RESULT: {}
COMMAND: POST /session/7ceb2304b37874a72895a7f47f00ffc5/actions - {"actions":[{"id":"action105","type":"key","parameters":{},"actions":[{"type":"keyDown","value":"î€•"},{"type":"pause","duration":10},{"type":"keyUp","value":"î€•"}]}]}
RESULT: {"actions":[{"id":"action105","type":"key","parameters":{},"actions":[{"type":"keyDown","value":"î€•"},{"type":"pause","duration":10},{"type":"keyUp","value":"î€•"}]}]}
COMMAND: GET /session/7ceb2304b37874a72895a7f47f00ffc5/screenshot - {}
RESULT: {}
COMMAND: POST /session/7ceb2304b37874a72895a7f47f00ffc5/actions - {"actions":[{"id":"action106","type":"key","parameters":{},"actions":[{"type":"keyDown","value":"î€‡"},{"type":"pause","duration":10},{"type":"keyUp","value":"î€‡"}]}]}
RESULT: {"actions":[{"id":"action106","type":"key","parameters":{},"actions":[{"type":"keyDown","value":"î€‡"},{"type":"pause","duration":10},{"type":"keyUp","value":"î€‡"}]}]}
COMMAND: GET /session/7ceb2304b37874a72895a7f47f00ffc5/screenshot - {}
RESULT: {}
COMMAND: POST /session/7ceb2304b37874a72895a7f47f00ffc5/actions - {"actions":[{"id":"action107","type":"key","parameters":{},"actions":[{"type":"keyDown","value":"î€‡"},{"type":"pause","duration":10},{"type":"keyUp","value":"î€‡"}]}]}
RESULT: {"actions":[{"id":"action107","type":"key","parameters":{},"actions":[{"type":"keyDown","value":"î€‡"},{"type":"pause","duration":10},{"type":"keyUp","value":"î€‡"}]}]}
COMMAND: GET /session/7ceb2304b37874a72895a7f47f00ffc5/screenshot - {}
RESULT: {}
COMMAND: POST /session/7ceb2304b37874a72895a7f47f00ffc5/actions - {"actions":[{"id":"action108","type":"key","parameters":{},"actions":[{"type":"keyDown","value":"î€‡"},{"type":"pause","duration":10},{"type":"keyUp","value":"î€‡"}]}]}
RESULT: {"actions":[{"id":"action108","type":"key","parameters":{},"actions":[{"type":"keyDown","value":"î€‡"},{"type":"pause","duration":10},{"type":"keyUp","value":"î€‡"}]}]}
COMMAND: GET /session/7ceb2304b37874a72895a7f47f00ffc5/screenshot - {}
RESULT: {}
COMMAND: POST /session/7ceb2304b37874a72895a7f47f00ffc5/actions - {"actions":[{"id":"action109","type":"key","parameters":{},"actions":[{"type":"keyDown","value":"î€‡"},{"type":"pause","duration":10},{"type":"keyUp","value":"î€‡"}]}]}
RESULT: {"actions":[{"id":"action109","type":"key","parameters":{},"actions":[{"type":"keyDown","value":"î€‡"},{"type":"pause","duration":10},{"type":"keyUp","value":"î€‡"}]}]}
COMMAND: GET /session/7ceb2304b37874a72895a7f47f00ffc5/screenshot - {}
RESULT: {}
COMMAND: GET /session/7ceb2304b37874a72895a7f47f00ffc5/window/handles - {}
RESULT: {}
COMMAND: GET /session/7ceb2304b37874a72895a7f47f00ffc5/window/handles - {}
RESULT: {}
COMMAND: POST /session/7ceb2304b37874a72895a7f47f00ffc5/window - {"handle":"71CF765263CD6CB6B1F163769E2107CC"}
RESULT: {"handle":"71CF765263CD6CB6B1F163769E2107CC"}
COMMAND: GET /session/7ceb2304b37874a72895a7f47f00ffc5/url - {}
RESULT: {}
COMMAND: GET /session/7ceb2304b37874a72895a7f47f00ffc5/screenshot - {}
RESULT: {}
COMMAND: POST /session/7ceb2304b37874a72895a7f47f00ffc5/element - {"using":"xpath","value":"//span[contains(text(), \"Header Billing Items\")]"}
RESULT: {"using":"xpath","value":"//span[contains(text(), \"Header Billing Items\")]"}
COMMAND: POST /session/7ceb2304b37874a72895a7f47f00ffc5/element/f.71CF765263CD6CB6B1F163769E2107CC.d.B6D7548078830A70DE2B8EFE271AE4A2.e.13573/click - {}
RESULT: {}
COMMAND: GET /session/7ceb2304b37874a72895a7f47f00ffc5/screenshot - {}
RESULT: {}
COMMAND: POST /session/7ceb2304b37874a72895a7f47f00ffc5/element - {"using":"xpath","value":"//span[contains(@id ,\"contractItemsSmartTable-header-inner\")]"}
RESULT: {"using":"xpath","value":"//span[contains(@id ,\"contractItemsSmartTable-header-inner\")]"}
COMMAND: GET /session/7ceb2304b37874a72895a7f47f00ffc5/element/f.71CF765263CD6CB6B1F163769E2107CC.d.B6D7548078830A70DE2B8EFE271AE4A2.e.13575/text - {}
RESULT: {}
COMMAND: POST /session/7ceb2304b37874a72895a7f47f00ffc5/element - {"using":"xpath","value":"//span[@class=\"sapMObjStatusText\"][contains(text(), \"proposed\")]"}
RESULT: {"using":"xpath","value":"//span[@class=\"sapMObjStatusText\"][contains(text(), \"proposed\")]"}
COMMAND: GET /session/7ceb2304b37874a72895a7f47f00ffc5/element/f.71CF765263CD6CB6B1F163769E2107CC.d.B6D7548078830A70DE2B8EFE271AE4A2.e.13576/text - {}
RESULT: {}
COMMAND: DELETE /session/7ceb2304b37874a72895a7f47f00ffc5/window - {}
RESULT: {}
COMMAND: POST /session/7ceb2304b37874a72895a7f47f00ffc5/window - {"handle":"A2DC6DB0B92729488FE09C376A5B6DB2"}
RESULT: {"handle":"A2DC6DB0B92729488FE09C376A5B6DB2"}
COMMAND: GET /session/7ceb2304b37874a72895a7f47f00ffc5/url - {}
RESULT: {}
COMMAND: GET /session/7ceb2304b37874a72895a7f47f00ffc5/screenshot - {}
RESULT: {}
]]></system-out>
    </testcase>
    <testcase classname="chrome.137_0_7151_56.windows.Process_request_items_into_new_quotation_US120163" name="Should navigate back to the request and check the request and item statuses" time="24.929">
      <system-out><![CDATA[
COMMAND: POST /session/7ceb2304b37874a72895a7f47f00ffc5/refresh - {}
RESULT: {}
COMMAND: GET /session/7ceb2304b37874a72895a7f47f00ffc5/screenshot - {}
RESULT: {}
COMMAND: POST /session/7ceb2304b37874a72895a7f47f00ffc5/execute/async - {"script":"<script> [189 bytes]","args":[]}
RESULT: {"script":"<script> [189 bytes]","args":[]}
COMMAND: POST /session/7ceb2304b37874a72895a7f47f00ffc5/execute/async - {"script":"<script> [123 bytes]","args":[]}
RESULT: {"script":"<script> [123 bytes]","args":[]}
COMMAND: POST /session/7ceb2304b37874a72895a7f47f00ffc5/timeouts - {"script":"<number>"}
RESULT: {"script":"<number>"}
COMMAND: GET /session/7ceb2304b37874a72895a7f47f00ffc5/timeouts - {}
RESULT: {}
RESULT: undefined
COMMAND: POST /session/7ceb2304b37874a72895a7f47f00ffc5/execute/async - {"script":"<script> [2676 bytes]","args":[]}
RESULT: {"script":"<script> [2676 bytes]","args":[]}
COMMAND: POST /session/7ceb2304b37874a72895a7f47f00ffc5/execute/async - {"script":"<script> [2342 bytes]","args":[{"protocol":"http","hostname":"0.0.0.0","path":"/","capabilities":{"browserName":"chrome","goog:chromeOptions":{"binary":"C:\\Program Files\\Google\\Chrome\\Application\\chrome.exe","args":["--start-maximized"]}},"logLevel":"warn","connectionRetryTimeout":120000,"connectionRetryCount":3,"logLevels":{},"enableDirectConnect":true,"strictSSL":true,"_":"65 more keys: [\"cacheDir\",\"port\",\"requestedCapabilities\",\"automationProtocol\",\"baseUrl\",\"waitforInterval\",\"waitforTimeout\",\"onReload\",\"beforeCommand\",\"afterCommand\",\"rootDir\",\"specs\",\"suites\",\"exclude\",\"groupLogsByTestSpec\",\"excludeDriverLogs\",\"bail\",\"framework\",\"reporters\",\"services\",\"maxInstances\",\"maxInstancesPerCapability\",\"injectGlobals\",\"filesToWatch\",\"execArgv\",\"runnerEnv\",\"runner\",\"shard\",\"specFileRetries\",\"specFileRetriesDelay\",\"specFileRetriesDeferred\",\"reporterSyncInterval\",\"reporterSyncTimeout\",\"cucumberFeaturesWithLineNumbers\",\"autoCompileOpts\",\"mochaOpts\",\"jasmineOpts\",\"cucumberOpts\",\"onPrepare\",\"onWorkerStart\",\"onWorkerEnd\",\"before\",\"beforeSession\",\"beforeSuite\",\"beforeHook\",\"beforeTest\",\"afterTest\",\"afterHook\",\"afterSuite\",\"afterSession\",\"after\",\"onComplete\",\"beforeAssertion\",\"afterAssertion\",\"beforeFeature\",\"beforeScenario\",\"beforeStep\",\"afterStep\",\"afterScenario\",\"afterFeature\",\"_\",\"suite\",\"$0\",\"ignoredWorkerServices\",\"wdi5\"]"}]}
RESULT: {"script":"<script> [2342 bytes]","args":[{"protocol":"http","hostname":"0.0.0.0","path":"/","capabilities":{"browserName":"chrome","goog:chromeOptions":{"binary":"C:\\Program Files\\Google\\Chrome\\Application\\chrome.exe","args":["--start-maximized"]}},"logLevel":"warn","connectionRetryTimeout":120000,"connectionRetryCount":3,"logLevels":{},"enableDirectConnect":true,"strictSSL":true,"_":"65 more keys: [\"cacheDir\",\"port\",\"requestedCapabilities\",\"automationProtocol\",\"baseUrl\",\"waitforInterval\",\"waitforTimeout\",\"onReload\",\"beforeCommand\",\"afterCommand\",\"rootDir\",\"specs\",\"suites\",\"exclude\",\"groupLogsByTestSpec\",\"excludeDriverLogs\",\"bail\",\"framework\",\"reporters\",\"services\",\"maxInstances\",\"maxInstancesPerCapability\",\"injectGlobals\",\"filesToWatch\",\"execArgv\",\"runnerEnv\",\"runner\",\"shard\",\"specFileRetries\",\"specFileRetriesDelay\",\"specFileRetriesDeferred\",\"reporterSyncInterval\",\"reporterSyncTimeout\",\"cucumberFeaturesWithLineNumbers\",\"autoCompileOpts\",\"mochaOpts\",\"jasmineOpts\",\"cucumberOpts\",\"onPrepare\",\"onWorkerStart\",\"onWorkerEnd\",\"before\",\"beforeSession\",\"beforeSuite\",\"beforeHook\",\"beforeTest\",\"afterTest\",\"afterHook\",\"afterSuite\",\"afterSession\",\"after\",\"onComplete\",\"beforeAssertion\",\"afterAssertion\",\"beforeFeature\",\"beforeScenario\",\"beforeStep\",\"afterStep\",\"afterScenario\",\"afterFeature\",\"_\",\"suite\",\"$0\",\"ignoredWorkerServices\",\"wdi5\"]"}]}
COMMAND: POST /session/7ceb2304b37874a72895a7f47f00ffc5/execute/async - {"script":"<script> [21126 bytes]","args":[35000]}
RESULT: {"script":"<script> [21126 bytes]","args":[35000]}
COMMAND: POST /session/7ceb2304b37874a72895a7f47f00ffc5/execute/async - {"script":"<script> [1562 bytes]","args":[{"selector":{"controlType":"sap.m.Text","viewName":"etm.portal.ui.managerequests.view.Detail","bindingPath":{"path":"/SmartRequestItemsPlanningBoard(ITEM=10m,REQUEST='20255')","propertyPath":"STATUS_DESC"}},"wdio_ui5_key":"etmportal.ui.managerequests.view.Detailsap.m.Text{\"path\":\"/SmartRequestItemsPlanningBoard(ITEM=10m,REQUEST='20255')\",\"propertyPath\":\"STATUS_DESC\"}"}]}
RESULT: {"script":"<script> [1562 bytes]","args":[{"selector":{"controlType":"sap.m.Text","viewName":"etm.portal.ui.managerequests.view.Detail","bindingPath":{"path":"/SmartRequestItemsPlanningBoard(ITEM=10m,REQUEST='20255')","propertyPath":"STATUS_DESC"}},"wdio_ui5_key":"etmportal.ui.managerequests.view.Detailsap.m.Text{\"path\":\"/SmartRequestItemsPlanningBoard(ITEM=10m,REQUEST='20255')\",\"propertyPath\":\"STATUS_DESC\"}"}]}
RESULT: undefined
COMMAND: POST /session/7ceb2304b37874a72895a7f47f00ffc5/execute/async - {"script":"<script> [6424 bytes]","args":[{"element-6066-11e4-a52e-4f735466cecf":"f.A2DC6DB0B92729488FE09C376A5B6DB2.d.3121D63D56A89D0BC6411288F051FB74.e.13788"},"getText",[]]}
RESULT: {"script":"<script> [6424 bytes]","args":[{"element-6066-11e4-a52e-4f735466cecf":"f.A2DC6DB0B92729488FE09C376A5B6DB2.d.3121D63D56A89D0BC6411288F051FB74.e.13788"},"getText",[]]}
COMMAND: POST /session/7ceb2304b37874a72895a7f47f00ffc5/execute/async - {"script":"<script> [1562 bytes]","args":[{"selector":{"controlType":"sap.m.ObjectStatus","viewName":"etm.portal.ui.managerequests.view.Detail","bindingPath":{"path":"/RequestHeaders('20255')","propertyPath":"LINK_TO_STATUS/DESCRIPTION","modelName":"catalogModel"}},"wdio_ui5_key":"etmportal.ui.managerequests.view.Detailsap.m.ObjectStatus{\"path\":\"/RequestHeaders('20255')\",\"propertyPath\":\"LINK_TO_STATUS/DESCRIPTION\",\"modelName\":\"catalogModel\"}"}]}
RESULT: {"script":"<script> [1562 bytes]","args":[{"selector":{"controlType":"sap.m.ObjectStatus","viewName":"etm.portal.ui.managerequests.view.Detail","bindingPath":{"path":"/RequestHeaders('20255')","propertyPath":"LINK_TO_STATUS/DESCRIPTION","modelName":"catalogModel"}},"wdio_ui5_key":"etmportal.ui.managerequests.view.Detailsap.m.ObjectStatus{\"path\":\"/RequestHeaders('20255')\",\"propertyPath\":\"LINK_TO_STATUS/DESCRIPTION\",\"modelName\":\"catalogModel\"}"}]}
RESULT: undefined
COMMAND: POST /session/7ceb2304b37874a72895a7f47f00ffc5/execute/async - {"script":"<script> [6424 bytes]","args":[{"element-6066-11e4-a52e-4f735466cecf":"f.A2DC6DB0B92729488FE09C376A5B6DB2.d.3121D63D56A89D0BC6411288F051FB74.e.13789"},"getText",[]]}
RESULT: {"script":"<script> [6424 bytes]","args":[{"element-6066-11e4-a52e-4f735466cecf":"f.A2DC6DB0B92729488FE09C376A5B6DB2.d.3121D63D56A89D0BC6411288F051FB74.e.13789"},"getText",[]]}
COMMAND: DELETE /session/7ceb2304b37874a72895a7f47f00ffc5 - {}
RESULT: {}
]]></system-out>
    </testcase>
  </testsuite>
</testsuites>