<?xml version="1.0" encoding="UTF-8"?>
<testsuites tests="49" failures="1" errors="1" skipped="0">
  <testsuite timestamp="2025-05-11T16:30:16" time="1916.522" tests="49" failures="1" errors="1" skipped="0">
    <properties>
      <property name="specId" value="0" />
      <property name="suiteName" value="Sanity Tests US104253" />
      <property name="capabilities" value="chrome.136_0_7103_49.windows" />
      <property name="file" value="file:///D:/a/1/s/test/specs/General/sanity.spec.js" />
    </properties>
    <testcase classname="chrome.136_0_7103_49.windows.Sanity_Tests_US104253" name="Should open Manage Partners page" time="45.836">
      <system-out><![CDATA[
COMMAND: POST /session/3c4f50c8662ea89f089dc0ded56e299c/execute/async - {"script":"<script> [1562 bytes]","args":[{"selector":{"controlType":"sap.m.GenericTile","properties":{"header":"Manage Partners"}},"wdio_ui5_key":"sapm.GenericTile{\"header\":\"Manage Partners\"}"}]}
RESULT: {"script":"<script> [1562 bytes]","args":[{"selector":{"controlType":"sap.m.GenericTile","properties":{"header":"Manage Partners"}},"wdio_ui5_key":"sapm.GenericTile{\"header\":\"Manage Partners\"}"}]}
RESULT: undefined
COMMAND: POST /session/3c4f50c8662ea89f089dc0ded56e299c/element - {"using":"xpath","value":"//*[@id=\"__tile38\"]"}
RESULT: {"using":"xpath","value":"//*[@id=\"__tile38\"]"}
COMMAND: POST /session/3c4f50c8662ea89f089dc0ded56e299c/element/f.258B236964FA729BF8A1BA51B6436D8C.d.7AF25C8190213619C842605A4ED2C2D3.e.111/click - {}
RESULT: {}
COMMAND: GET /session/3c4f50c8662ea89f089dc0ded56e299c/screenshot - {}
RESULT: {}
COMMAND: POST /session/3c4f50c8662ea89f089dc0ded56e299c/elements - {"using":"xpath","value":"//span[text()='Error']"}
RESULT: {"using":"xpath","value":"//span[text()='Error']"}
RESULT: undefined
COMMAND: POST /session/3c4f50c8662ea89f089dc0ded56e299c/element - {"using":"xpath","value":"//*[@id=\"__tile38\"]"}
RESULT: {"using":"xpath","value":"//*[@id=\"__tile38\"]"}
COMMAND: POST /session/3c4f50c8662ea89f089dc0ded56e299c/element/f.258B236964FA729BF8A1BA51B6436D8C.d.7AF25C8190213619C842605A4ED2C2D3.e.111/click - {}
RESULT: undefined
COMMAND: POST /session/3c4f50c8662ea89f089dc0ded56e299c/element - {"using":"xpath","value":"//*[@id=\"__tile38\"]"}
RESULT: {"using":"xpath","value":"//*[@id=\"__tile38\"]"}
COMMAND: POST /session/3c4f50c8662ea89f089dc0ded56e299c/element/f.258B236964FA729BF8A1BA51B6436D8C.d.7AF25C8190213619C842605A4ED2C2D3.e.111/click - {}
COMMAND: POST /session/3c4f50c8662ea89f089dc0ded56e299c/execute/async - {"script":"<script> [1562 bytes]","args":[{"selector":{"id":"shellAppTitle"},"wdio_ui5_key":"shellAppTitle"}]}
RESULT: {"script":"<script> [1562 bytes]","args":[{"selector":{"id":"shellAppTitle"},"wdio_ui5_key":"shellAppTitle"}]}
RESULT: undefined
COMMAND: POST /session/3c4f50c8662ea89f089dc0ded56e299c/execute/async - {"script":"<script> [6424 bytes]","args":[{"element-6066-11e4-a52e-4f735466cecf":"f.258B236964FA729BF8A1BA51B6436D8C.d.7AF25C8190213619C842605A4ED2C2D3.e.217"},"getTitle",[]]}
RESULT: {"script":"<script> [6424 bytes]","args":[{"element-6066-11e4-a52e-4f735466cecf":"f.258B236964FA729BF8A1BA51B6436D8C.d.7AF25C8190213619C842605A4ED2C2D3.e.217"},"getTitle",[]]}
COMMAND: POST /session/3c4f50c8662ea89f089dc0ded56e299c/execute/async - {"script":"<script> [1562 bytes]","args":[{"selector":{"id":"backBtn"},"wdio_ui5_key":"backBtn"}]}
RESULT: {"script":"<script> [1562 bytes]","args":[{"selector":{"id":"backBtn"},"wdio_ui5_key":"backBtn"}]}
RESULT: undefined
COMMAND: POST /session/3c4f50c8662ea89f089dc0ded56e299c/element - {"using":"xpath","value":"//*[@id=\"backBtn\"]"}
RESULT: {"using":"xpath","value":"//*[@id=\"backBtn\"]"}
COMMAND: POST /session/3c4f50c8662ea89f089dc0ded56e299c/element/f.258B236964FA729BF8A1BA51B6436D8C.d.7AF25C8190213619C842605A4ED2C2D3.e.218/click - {}
]]></system-out>
    </testcase>
    <testcase classname="chrome.136_0_7103_49.windows.Sanity_Tests_US104253" name="Should open Manage Resources page" time="36.326">
      <system-out><![CDATA[
COMMAND: POST /session/3c4f50c8662ea89f089dc0ded56e299c/execute/async - {"script":"<script> [1562 bytes]","args":[{"selector":{"controlType":"sap.m.GenericTile","properties":{"header":"Manage Resources"}},"wdio_ui5_key":"sapm.GenericTile{\"header\":\"Manage Resources\"}"}]}
COMMAND: GET /session/3c4f50c8662ea89f089dc0ded56e299c/screenshot - {}
RESULT: {"script":"<script> [1562 bytes]","args":[{"selector":{"controlType":"sap.m.GenericTile","properties":{"header":"Manage Resources"}},"wdio_ui5_key":"sapm.GenericTile{\"header\":\"Manage Resources\"}"}]}
RESULT: undefined
COMMAND: POST /session/3c4f50c8662ea89f089dc0ded56e299c/element - {"using":"xpath","value":"//*[@id=\"__tile39\"]"}
RESULT: {}
RESULT: {"using":"xpath","value":"//*[@id=\"__tile39\"]"}
COMMAND: POST /session/3c4f50c8662ea89f089dc0ded56e299c/element/f.258B236964FA729BF8A1BA51B6436D8C.d.7AF25C8190213619C842605A4ED2C2D3.e.224/click - {}
RESULT: {}
COMMAND: GET /session/3c4f50c8662ea89f089dc0ded56e299c/screenshot - {}
RESULT: {}
COMMAND: POST /session/3c4f50c8662ea89f089dc0ded56e299c/elements - {"using":"xpath","value":"//span[text()='Error']"}
RESULT: {"using":"xpath","value":"//span[text()='Error']"}
RESULT: undefined
COMMAND: POST /session/3c4f50c8662ea89f089dc0ded56e299c/element - {"using":"xpath","value":"//*[@id=\"__tile39\"]"}
RESULT: {"using":"xpath","value":"//*[@id=\"__tile39\"]"}
COMMAND: POST /session/3c4f50c8662ea89f089dc0ded56e299c/element/f.258B236964FA729BF8A1BA51B6436D8C.d.7AF25C8190213619C842605A4ED2C2D3.e.224/click - {}
RESULT: undefined
COMMAND: POST /session/3c4f50c8662ea89f089dc0ded56e299c/element - {"using":"xpath","value":"//*[@id=\"__tile39\"]"}
RESULT: {"using":"xpath","value":"//*[@id=\"__tile39\"]"}
COMMAND: POST /session/3c4f50c8662ea89f089dc0ded56e299c/element/f.258B236964FA729BF8A1BA51B6436D8C.d.7AF25C8190213619C842605A4ED2C2D3.e.224/click - {}
RESULT: undefined
COMMAND: POST /session/3c4f50c8662ea89f089dc0ded56e299c/execute/async - {"script":"<script> [6424 bytes]","args":[{"element-6066-11e4-a52e-4f735466cecf":"f.258B236964FA729BF8A1BA51B6436D8C.d.7AF25C8190213619C842605A4ED2C2D3.e.217"},"getTitle",[]]}
COMMAND: POST /session/3c4f50c8662ea89f089dc0ded56e299c/execute/async - {"script":"<script> [1562 bytes]","args":[{"selector":{"id":"shellAppTitle"},"wdio_ui5_key":"shellAppTitle"}]}
RESULT: {"script":"<script> [1562 bytes]","args":[{"selector":{"id":"shellAppTitle"},"wdio_ui5_key":"shellAppTitle"}]}
COMMAND: POST /session/3c4f50c8662ea89f089dc0ded56e299c/execute/async - {"script":"<script> [6424 bytes]","args":[{"element-6066-11e4-a52e-4f735466cecf":"f.258B236964FA729BF8A1BA51B6436D8C.d.7AF25C8190213619C842605A4ED2C2D3.e.397"},"getTitle",[]]}
RESULT: {"script":"<script> [6424 bytes]","args":[{"element-6066-11e4-a52e-4f735466cecf":"f.258B236964FA729BF8A1BA51B6436D8C.d.7AF25C8190213619C842605A4ED2C2D3.e.397"},"getTitle",[]]}
RESULT: undefined
COMMAND: POST /session/3c4f50c8662ea89f089dc0ded56e299c/element/f.258B236964FA729BF8A1BA51B6436D8C.d.7AF25C8190213619C842605A4ED2C2D3.e.218/click - {}
RESULT: {}
COMMAND: GET /session/3c4f50c8662ea89f089dc0ded56e299c/screenshot - {}
RESULT: {}
]]></system-out>
    </testcase>
    <testcase classname="chrome.136_0_7103_49.windows.Sanity_Tests_US104253" name="Should open Manage Catalogs page" time="36.883">
      <system-out><![CDATA[
COMMAND: POST /session/3c4f50c8662ea89f089dc0ded56e299c/execute/async - {"script":"<script> [1562 bytes]","args":[{"selector":{"controlType":"sap.m.GenericTile","properties":{"header":"Manage Catalogs"}},"wdio_ui5_key":"sapm.GenericTile{\"header\":\"Manage Catalogs\"}"}]}
RESULT: {"script":"<script> [1562 bytes]","args":[{"selector":{"controlType":"sap.m.GenericTile","properties":{"header":"Manage Catalogs"}},"wdio_ui5_key":"sapm.GenericTile{\"header\":\"Manage Catalogs\"}"}]}
RESULT: undefined
COMMAND: POST /session/3c4f50c8662ea89f089dc0ded56e299c/element - {"using":"xpath","value":"//*[@id=\"__tile37\"]"}
RESULT: {"using":"xpath","value":"//*[@id=\"__tile37\"]"}
COMMAND: POST /session/3c4f50c8662ea89f089dc0ded56e299c/element/f.258B236964FA729BF8A1BA51B6436D8C.d.7AF25C8190213619C842605A4ED2C2D3.e.399/click - {}
RESULT: {}
COMMAND: GET /session/3c4f50c8662ea89f089dc0ded56e299c/screenshot - {}
RESULT: {}
COMMAND: POST /session/3c4f50c8662ea89f089dc0ded56e299c/elements - {"using":"xpath","value":"//span[text()='Error']"}
RESULT: {"using":"xpath","value":"//span[text()='Error']"}
RESULT: undefined
COMMAND: POST /session/3c4f50c8662ea89f089dc0ded56e299c/element - {"using":"xpath","value":"//*[@id=\"__tile37\"]"}
RESULT: {"using":"xpath","value":"//*[@id=\"__tile37\"]"}
COMMAND: POST /session/3c4f50c8662ea89f089dc0ded56e299c/element/f.258B236964FA729BF8A1BA51B6436D8C.d.7AF25C8190213619C842605A4ED2C2D3.e.399/click - {}
RESULT: undefined
COMMAND: POST /session/3c4f50c8662ea89f089dc0ded56e299c/element - {"using":"xpath","value":"//*[@id=\"__tile37\"]"}
RESULT: {"using":"xpath","value":"//*[@id=\"__tile37\"]"}
COMMAND: POST /session/3c4f50c8662ea89f089dc0ded56e299c/element/f.258B236964FA729BF8A1BA51B6436D8C.d.7AF25C8190213619C842605A4ED2C2D3.e.399/click - {}
RESULT: undefined
COMMAND: POST /session/3c4f50c8662ea89f089dc0ded56e299c/execute/async - {"script":"<script> [6424 bytes]","args":[{"element-6066-11e4-a52e-4f735466cecf":"f.258B236964FA729BF8A1BA51B6436D8C.d.7AF25C8190213619C842605A4ED2C2D3.e.217"},"getTitle",[]]}
COMMAND: POST /session/3c4f50c8662ea89f089dc0ded56e299c/execute/async - {"script":"<script> [1562 bytes]","args":[{"selector":{"id":"shellAppTitle"},"wdio_ui5_key":"shellAppTitle"}]}
RESULT: {"script":"<script> [1562 bytes]","args":[{"selector":{"id":"shellAppTitle"},"wdio_ui5_key":"shellAppTitle"}]}
COMMAND: POST /session/3c4f50c8662ea89f089dc0ded56e299c/execute/async - {"script":"<script> [6424 bytes]","args":[{"element-6066-11e4-a52e-4f735466cecf":"f.258B236964FA729BF8A1BA51B6436D8C.d.7AF25C8190213619C842605A4ED2C2D3.e.467"},"getTitle",[]]}
RESULT: {"script":"<script> [6424 bytes]","args":[{"element-6066-11e4-a52e-4f735466cecf":"f.258B236964FA729BF8A1BA51B6436D8C.d.7AF25C8190213619C842605A4ED2C2D3.e.467"},"getTitle",[]]}
RESULT: undefined
COMMAND: POST /session/3c4f50c8662ea89f089dc0ded56e299c/element/f.258B236964FA729BF8A1BA51B6436D8C.d.7AF25C8190213619C842605A4ED2C2D3.e.218/click - {}
COMMAND: POST /session/3c4f50c8662ea89f089dc0ded56e299c/element - {"using":"xpath","value":"//*[@id=\"backBtn\"]"}
RESULT: {"using":"xpath","value":"//*[@id=\"backBtn\"]"}
COMMAND: POST /session/3c4f50c8662ea89f089dc0ded56e299c/element/f.258B236964FA729BF8A1BA51B6436D8C.d.7AF25C8190213619C842605A4ED2C2D3.e.218/click - {}
COMMAND: POST /session/3c4f50c8662ea89f089dc0ded56e299c/element - {"using":"xpath","value":"//*[@id=\"backBtn\"]"}
RESULT: {"using":"xpath","value":"//*[@id=\"backBtn\"]"}
COMMAND: POST /session/3c4f50c8662ea89f089dc0ded56e299c/element/f.258B236964FA729BF8A1BA51B6436D8C.d.7AF25C8190213619C842605A4ED2C2D3.e.468/click - {}
RESULT: {}
COMMAND: GET /session/3c4f50c8662ea89f089dc0ded56e299c/screenshot - {}
RESULT: {}
]]></system-out>
    </testcase>
    <testcase classname="chrome.136_0_7103_49.windows.Sanity_Tests_US104253" name="Should open Manage Calendars page" time="36.149">
      <system-out><![CDATA[
COMMAND: POST /session/3c4f50c8662ea89f089dc0ded56e299c/execute/async - {"script":"<script> [1562 bytes]","args":[{"selector":{"controlType":"sap.m.GenericTile","properties":{"header":"Manage Calendars"}},"wdio_ui5_key":"sapm.GenericTile{\"header\":\"Manage Calendars\"}"}]}
RESULT: {"script":"<script> [1562 bytes]","args":[{"selector":{"controlType":"sap.m.GenericTile","properties":{"header":"Manage Calendars"}},"wdio_ui5_key":"sapm.GenericTile{\"header\":\"Manage Calendars\"}"}]}
RESULT: undefined
COMMAND: POST /session/3c4f50c8662ea89f089dc0ded56e299c/element - {"using":"xpath","value":"//*[@id=\"__tile36\"]"}
RESULT: {"using":"xpath","value":"//*[@id=\"__tile36\"]"}
COMMAND: POST /session/3c4f50c8662ea89f089dc0ded56e299c/element/f.258B236964FA729BF8A1BA51B6436D8C.d.7AF25C8190213619C842605A4ED2C2D3.e.471/click - {}
RESULT: {}
COMMAND: GET /session/3c4f50c8662ea89f089dc0ded56e299c/screenshot - {}
RESULT: {}
COMMAND: POST /session/3c4f50c8662ea89f089dc0ded56e299c/elements - {"using":"xpath","value":"//span[text()='Error']"}
RESULT: {"using":"xpath","value":"//span[text()='Error']"}
RESULT: undefined
COMMAND: POST /session/3c4f50c8662ea89f089dc0ded56e299c/element - {"using":"xpath","value":"//*[@id=\"__tile36\"]"}
RESULT: {"using":"xpath","value":"//*[@id=\"__tile36\"]"}
COMMAND: POST /session/3c4f50c8662ea89f089dc0ded56e299c/element/f.258B236964FA729BF8A1BA51B6436D8C.d.7AF25C8190213619C842605A4ED2C2D3.e.471/click - {}
RESULT: undefined
COMMAND: POST /session/3c4f50c8662ea89f089dc0ded56e299c/element - {"using":"xpath","value":"//*[@id=\"__tile36\"]"}
RESULT: {"using":"xpath","value":"//*[@id=\"__tile36\"]"}
COMMAND: POST /session/3c4f50c8662ea89f089dc0ded56e299c/element/f.258B236964FA729BF8A1BA51B6436D8C.d.7AF25C8190213619C842605A4ED2C2D3.e.471/click - {}
RESULT: undefined
COMMAND: POST /session/3c4f50c8662ea89f089dc0ded56e299c/execute/async - {"script":"<script> [6424 bytes]","args":[{"element-6066-11e4-a52e-4f735466cecf":"f.258B236964FA729BF8A1BA51B6436D8C.d.7AF25C8190213619C842605A4ED2C2D3.e.217"},"getTitle",[]]}
COMMAND: POST /session/3c4f50c8662ea89f089dc0ded56e299c/execute/async - {"script":"<script> [1562 bytes]","args":[{"selector":{"id":"shellAppTitle"},"wdio_ui5_key":"shellAppTitle"}]}
RESULT: {"script":"<script> [1562 bytes]","args":[{"selector":{"id":"shellAppTitle"},"wdio_ui5_key":"shellAppTitle"}]}
COMMAND: POST /session/3c4f50c8662ea89f089dc0ded56e299c/execute/async - {"script":"<script> [6424 bytes]","args":[{"element-6066-11e4-a52e-4f735466cecf":"f.258B236964FA729BF8A1BA51B6436D8C.d.7AF25C8190213619C842605A4ED2C2D3.e.535"},"getTitle",[]]}
RESULT: {"script":"<script> [6424 bytes]","args":[{"element-6066-11e4-a52e-4f735466cecf":"f.258B236964FA729BF8A1BA51B6436D8C.d.7AF25C8190213619C842605A4ED2C2D3.e.535"},"getTitle",[]]}
RESULT: undefined
COMMAND: POST /session/3c4f50c8662ea89f089dc0ded56e299c/element/f.258B236964FA729BF8A1BA51B6436D8C.d.7AF25C8190213619C842605A4ED2C2D3.e.468/click - {}
RESULT: {}
COMMAND: GET /session/3c4f50c8662ea89f089dc0ded56e299c/screenshot - {}
RESULT: {}
]]></system-out>
    </testcase>
    <testcase classname="chrome.136_0_7103_49.windows.Sanity_Tests_US104253" name="Should open Address Management page" time="36.171">
      <system-out><![CDATA[
COMMAND: POST /session/3c4f50c8662ea89f089dc0ded56e299c/execute/async - {"script":"<script> [1562 bytes]","args":[{"selector":{"controlType":"sap.m.GenericTile","properties":{"header":"Address Management"}},"wdio_ui5_key":"sapm.GenericTile{\"header\":\"Address Management\"}"}]}
RESULT: {"script":"<script> [1562 bytes]","args":[{"selector":{"controlType":"sap.m.GenericTile","properties":{"header":"Address Management"}},"wdio_ui5_key":"sapm.GenericTile{\"header\":\"Address Management\"}"}]}
RESULT: undefined
COMMAND: POST /session/3c4f50c8662ea89f089dc0ded56e299c/element - {"using":"xpath","value":"//*[@id=\"__tile33\"]"}
RESULT: {"using":"xpath","value":"//*[@id=\"__tile33\"]"}
COMMAND: POST /session/3c4f50c8662ea89f089dc0ded56e299c/element/f.258B236964FA729BF8A1BA51B6436D8C.d.7AF25C8190213619C842605A4ED2C2D3.e.537/click - {}
RESULT: {}
COMMAND: GET /session/3c4f50c8662ea89f089dc0ded56e299c/screenshot - {}
RESULT: {}
COMMAND: POST /session/3c4f50c8662ea89f089dc0ded56e299c/elements - {"using":"xpath","value":"//span[text()='Error']"}
RESULT: {"using":"xpath","value":"//span[text()='Error']"}
RESULT: undefined
COMMAND: POST /session/3c4f50c8662ea89f089dc0ded56e299c/element - {"using":"xpath","value":"//*[@id=\"__tile33\"]"}
RESULT: {"using":"xpath","value":"//*[@id=\"__tile33\"]"}
COMMAND: POST /session/3c4f50c8662ea89f089dc0ded56e299c/element/f.258B236964FA729BF8A1BA51B6436D8C.d.7AF25C8190213619C842605A4ED2C2D3.e.537/click - {}
RESULT: undefined
COMMAND: POST /session/3c4f50c8662ea89f089dc0ded56e299c/element - {"using":"xpath","value":"//*[@id=\"__tile33\"]"}
RESULT: {"using":"xpath","value":"//*[@id=\"__tile33\"]"}
COMMAND: POST /session/3c4f50c8662ea89f089dc0ded56e299c/element/f.258B236964FA729BF8A1BA51B6436D8C.d.7AF25C8190213619C842605A4ED2C2D3.e.537/click - {}
RESULT: undefined
COMMAND: POST /session/3c4f50c8662ea89f089dc0ded56e299c/execute/async - {"script":"<script> [6424 bytes]","args":[{"element-6066-11e4-a52e-4f735466cecf":"f.258B236964FA729BF8A1BA51B6436D8C.d.7AF25C8190213619C842605A4ED2C2D3.e.217"},"getTitle",[]]}
COMMAND: POST /session/3c4f50c8662ea89f089dc0ded56e299c/execute/async - {"script":"<script> [1562 bytes]","args":[{"selector":{"id":"shellAppTitle"},"wdio_ui5_key":"shellAppTitle"}]}
RESULT: {"script":"<script> [1562 bytes]","args":[{"selector":{"id":"shellAppTitle"},"wdio_ui5_key":"shellAppTitle"}]}
COMMAND: POST /session/3c4f50c8662ea89f089dc0ded56e299c/execute/async - {"script":"<script> [6424 bytes]","args":[{"element-6066-11e4-a52e-4f735466cecf":"f.258B236964FA729BF8A1BA51B6436D8C.d.7AF25C8190213619C842605A4ED2C2D3.e.715"},"getTitle",[]]}
RESULT: {"script":"<script> [6424 bytes]","args":[{"element-6066-11e4-a52e-4f735466cecf":"f.258B236964FA729BF8A1BA51B6436D8C.d.7AF25C8190213619C842605A4ED2C2D3.e.715"},"getTitle",[]]}
RESULT: undefined
COMMAND: POST /session/3c4f50c8662ea89f089dc0ded56e299c/element/f.258B236964FA729BF8A1BA51B6436D8C.d.7AF25C8190213619C842605A4ED2C2D3.e.468/click - {}
COMMAND: POST /session/3c4f50c8662ea89f089dc0ded56e299c/element - {"using":"xpath","value":"//*[@id=\"backBtn\"]"}
RESULT: {"using":"xpath","value":"//*[@id=\"backBtn\"]"}
COMMAND: POST /session/3c4f50c8662ea89f089dc0ded56e299c/element/f.258B236964FA729BF8A1BA51B6436D8C.d.7AF25C8190213619C842605A4ED2C2D3.e.468/click - {}
COMMAND: POST /session/3c4f50c8662ea89f089dc0ded56e299c/element - {"using":"xpath","value":"//*[@id=\"backBtn\"]"}
RESULT: {"using":"xpath","value":"//*[@id=\"backBtn\"]"}
COMMAND: POST /session/3c4f50c8662ea89f089dc0ded56e299c/element/f.258B236964FA729BF8A1BA51B6436D8C.d.7AF25C8190213619C842605A4ED2C2D3.e.716/click - {}
RESULT: {}
COMMAND: GET /session/3c4f50c8662ea89f089dc0ded56e299c/screenshot - {}
RESULT: {}
]]></system-out>
    </testcase>
    <testcase classname="chrome.136_0_7103_49.windows.Sanity_Tests_US104253" name="Should open Bill Of Resources page" time="36.018">
      <system-out><![CDATA[
COMMAND: POST /session/3c4f50c8662ea89f089dc0ded56e299c/execute/async - {"script":"<script> [1562 bytes]","args":[{"selector":{"controlType":"sap.m.GenericTile","properties":{"header":"Bill Of Resources"}},"wdio_ui5_key":"sapm.GenericTile{\"header\":\"Bill Of Resources\"}"}]}
RESULT: {"script":"<script> [1562 bytes]","args":[{"selector":{"controlType":"sap.m.GenericTile","properties":{"header":"Bill Of Resources"}},"wdio_ui5_key":"sapm.GenericTile{\"header\":\"Bill Of Resources\"}"}]}
RESULT: undefined
COMMAND: POST /session/3c4f50c8662ea89f089dc0ded56e299c/element - {"using":"xpath","value":"//*[@id=\"__tile34\"]"}
RESULT: {"using":"xpath","value":"//*[@id=\"__tile34\"]"}
COMMAND: POST /session/3c4f50c8662ea89f089dc0ded56e299c/element/f.258B236964FA729BF8A1BA51B6436D8C.d.7AF25C8190213619C842605A4ED2C2D3.e.718/click - {}
RESULT: {}
COMMAND: GET /session/3c4f50c8662ea89f089dc0ded56e299c/screenshot - {}
RESULT: {}
COMMAND: POST /session/3c4f50c8662ea89f089dc0ded56e299c/elements - {"using":"xpath","value":"//span[text()='Error']"}
RESULT: {"using":"xpath","value":"//span[text()='Error']"}
RESULT: undefined
COMMAND: POST /session/3c4f50c8662ea89f089dc0ded56e299c/element - {"using":"xpath","value":"//*[@id=\"__tile34\"]"}
RESULT: {"using":"xpath","value":"//*[@id=\"__tile34\"]"}
COMMAND: POST /session/3c4f50c8662ea89f089dc0ded56e299c/element/f.258B236964FA729BF8A1BA51B6436D8C.d.7AF25C8190213619C842605A4ED2C2D3.e.718/click - {}
RESULT: undefined
COMMAND: POST /session/3c4f50c8662ea89f089dc0ded56e299c/element - {"using":"xpath","value":"//*[@id=\"__tile34\"]"}
RESULT: {"using":"xpath","value":"//*[@id=\"__tile34\"]"}
COMMAND: POST /session/3c4f50c8662ea89f089dc0ded56e299c/element/f.258B236964FA729BF8A1BA51B6436D8C.d.7AF25C8190213619C842605A4ED2C2D3.e.718/click - {}
RESULT: undefined
COMMAND: POST /session/3c4f50c8662ea89f089dc0ded56e299c/execute/async - {"script":"<script> [6424 bytes]","args":[{"element-6066-11e4-a52e-4f735466cecf":"f.258B236964FA729BF8A1BA51B6436D8C.d.7AF25C8190213619C842605A4ED2C2D3.e.217"},"getTitle",[]]}
COMMAND: POST /session/3c4f50c8662ea89f089dc0ded56e299c/execute/async - {"script":"<script> [1562 bytes]","args":[{"selector":{"id":"shellAppTitle"},"wdio_ui5_key":"shellAppTitle"}]}
RESULT: {"script":"<script> [1562 bytes]","args":[{"selector":{"id":"shellAppTitle"},"wdio_ui5_key":"shellAppTitle"}]}
COMMAND: POST /session/3c4f50c8662ea89f089dc0ded56e299c/execute/async - {"script":"<script> [6424 bytes]","args":[{"element-6066-11e4-a52e-4f735466cecf":"f.258B236964FA729BF8A1BA51B6436D8C.d.7AF25C8190213619C842605A4ED2C2D3.e.804"},"getTitle",[]]}
RESULT: {"script":"<script> [6424 bytes]","args":[{"element-6066-11e4-a52e-4f735466cecf":"f.258B236964FA729BF8A1BA51B6436D8C.d.7AF25C8190213619C842605A4ED2C2D3.e.804"},"getTitle",[]]}
RESULT: undefined
COMMAND: POST /session/3c4f50c8662ea89f089dc0ded56e299c/element/f.258B236964FA729BF8A1BA51B6436D8C.d.7AF25C8190213619C842605A4ED2C2D3.e.716/click - {}
RESULT: {}
COMMAND: GET /session/3c4f50c8662ea89f089dc0ded56e299c/screenshot - {}
RESULT: {}
]]></system-out>
    </testcase>
    <testcase classname="chrome.136_0_7103_49.windows.Sanity_Tests_US104253" name="Should open Manage Yards page" time="35.922">
      <system-out><![CDATA[
COMMAND: POST /session/3c4f50c8662ea89f089dc0ded56e299c/execute/async - {"script":"<script> [1562 bytes]","args":[{"selector":{"controlType":"sap.m.GenericTile","properties":{"header":"Manage Yards"}},"wdio_ui5_key":"sapm.GenericTile{\"header\":\"Manage Yards\"}"}]}
RESULT: {"script":"<script> [1562 bytes]","args":[{"selector":{"controlType":"sap.m.GenericTile","properties":{"header":"Manage Yards"}},"wdio_ui5_key":"sapm.GenericTile{\"header\":\"Manage Yards\"}"}]}
RESULT: undefined
COMMAND: POST /session/3c4f50c8662ea89f089dc0ded56e299c/element - {"using":"xpath","value":"//*[@id=\"__tile41\"]"}
RESULT: {"using":"xpath","value":"//*[@id=\"__tile41\"]"}
COMMAND: POST /session/3c4f50c8662ea89f089dc0ded56e299c/element/f.258B236964FA729BF8A1BA51B6436D8C.d.7AF25C8190213619C842605A4ED2C2D3.e.806/click - {}
RESULT: {}
COMMAND: GET /session/3c4f50c8662ea89f089dc0ded56e299c/screenshot - {}
RESULT: {}
COMMAND: POST /session/3c4f50c8662ea89f089dc0ded56e299c/elements - {"using":"xpath","value":"//span[text()='Error']"}
RESULT: {"using":"xpath","value":"//span[text()='Error']"}
RESULT: undefined
COMMAND: POST /session/3c4f50c8662ea89f089dc0ded56e299c/element - {"using":"xpath","value":"//*[@id=\"__tile41\"]"}
RESULT: {"using":"xpath","value":"//*[@id=\"__tile41\"]"}
COMMAND: POST /session/3c4f50c8662ea89f089dc0ded56e299c/element/f.258B236964FA729BF8A1BA51B6436D8C.d.7AF25C8190213619C842605A4ED2C2D3.e.806/click - {}
RESULT: undefined
COMMAND: POST /session/3c4f50c8662ea89f089dc0ded56e299c/element - {"using":"xpath","value":"//*[@id=\"__tile41\"]"}
RESULT: {"using":"xpath","value":"//*[@id=\"__tile41\"]"}
COMMAND: POST /session/3c4f50c8662ea89f089dc0ded56e299c/element/f.258B236964FA729BF8A1BA51B6436D8C.d.7AF25C8190213619C842605A4ED2C2D3.e.806/click - {}
RESULT: undefined
COMMAND: POST /session/3c4f50c8662ea89f089dc0ded56e299c/execute/async - {"script":"<script> [6424 bytes]","args":[{"element-6066-11e4-a52e-4f735466cecf":"f.258B236964FA729BF8A1BA51B6436D8C.d.7AF25C8190213619C842605A4ED2C2D3.e.217"},"getTitle",[]]}
COMMAND: POST /session/3c4f50c8662ea89f089dc0ded56e299c/execute/async - {"script":"<script> [1562 bytes]","args":[{"selector":{"id":"shellAppTitle"},"wdio_ui5_key":"shellAppTitle"}]}
RESULT: {"script":"<script> [1562 bytes]","args":[{"selector":{"id":"shellAppTitle"},"wdio_ui5_key":"shellAppTitle"}]}
COMMAND: POST /session/3c4f50c8662ea89f089dc0ded56e299c/execute/async - {"script":"<script> [6424 bytes]","args":[{"element-6066-11e4-a52e-4f735466cecf":"f.258B236964FA729BF8A1BA51B6436D8C.d.7AF25C8190213619C842605A4ED2C2D3.e.1101"},"getTitle",[]]}
RESULT: {"script":"<script> [6424 bytes]","args":[{"element-6066-11e4-a52e-4f735466cecf":"f.258B236964FA729BF8A1BA51B6436D8C.d.7AF25C8190213619C842605A4ED2C2D3.e.1101"},"getTitle",[]]}
RESULT: undefined
COMMAND: POST /session/3c4f50c8662ea89f089dc0ded56e299c/element/f.258B236964FA729BF8A1BA51B6436D8C.d.7AF25C8190213619C842605A4ED2C2D3.e.716/click - {}
COMMAND: POST /session/3c4f50c8662ea89f089dc0ded56e299c/element - {"using":"xpath","value":"//*[@id=\"backBtn\"]"}
RESULT: {"using":"xpath","value":"//*[@id=\"backBtn\"]"}
COMMAND: POST /session/3c4f50c8662ea89f089dc0ded56e299c/element/f.258B236964FA729BF8A1BA51B6436D8C.d.7AF25C8190213619C842605A4ED2C2D3.e.716/click - {}
COMMAND: POST /session/3c4f50c8662ea89f089dc0ded56e299c/element - {"using":"xpath","value":"//*[@id=\"backBtn\"]"}
RESULT: {"using":"xpath","value":"//*[@id=\"backBtn\"]"}
COMMAND: POST /session/3c4f50c8662ea89f089dc0ded56e299c/element/f.258B236964FA729BF8A1BA51B6436D8C.d.7AF25C8190213619C842605A4ED2C2D3.e.1102/click - {}
RESULT: {}
COMMAND: GET /session/3c4f50c8662ea89f089dc0ded56e299c/screenshot - {}
RESULT: {}
]]></system-out>
    </testcase>
    <testcase classname="chrome.136_0_7103_49.windows.Sanity_Tests_US104253" name="Should open Manage Requests page" time="37.455">
      <system-out><![CDATA[
COMMAND: POST /session/3c4f50c8662ea89f089dc0ded56e299c/execute/async - {"script":"<script> [1562 bytes]","args":[{"selector":{"controlType":"sap.m.GenericTile","properties":{"header":"Manage Requests"}},"wdio_ui5_key":"sapm.GenericTile{\"header\":\"Manage Requests\"}"}]}
RESULT: {"script":"<script> [1562 bytes]","args":[{"selector":{"controlType":"sap.m.GenericTile","properties":{"header":"Manage Requests"}},"wdio_ui5_key":"sapm.GenericTile{\"header\":\"Manage Requests\"}"}]}
RESULT: undefined
COMMAND: POST /session/3c4f50c8662ea89f089dc0ded56e299c/element - {"using":"xpath","value":"//*[@id=\"__tile47\"]"}
RESULT: {"using":"xpath","value":"//*[@id=\"__tile47\"]"}
COMMAND: POST /session/3c4f50c8662ea89f089dc0ded56e299c/element/f.258B236964FA729BF8A1BA51B6436D8C.d.7AF25C8190213619C842605A4ED2C2D3.e.1104/click - {}
RESULT: {}
COMMAND: GET /session/3c4f50c8662ea89f089dc0ded56e299c/screenshot - {}
RESULT: {}
COMMAND: POST /session/3c4f50c8662ea89f089dc0ded56e299c/elements - {"using":"xpath","value":"//span[text()='Error']"}
RESULT: {"using":"xpath","value":"//span[text()='Error']"}
RESULT: undefined
COMMAND: POST /session/3c4f50c8662ea89f089dc0ded56e299c/element - {"using":"xpath","value":"//*[@id=\"__tile47\"]"}
RESULT: {"using":"xpath","value":"//*[@id=\"__tile47\"]"}
COMMAND: POST /session/3c4f50c8662ea89f089dc0ded56e299c/element/f.258B236964FA729BF8A1BA51B6436D8C.d.7AF25C8190213619C842605A4ED2C2D3.e.1104/click - {}
RESULT: undefined
COMMAND: POST /session/3c4f50c8662ea89f089dc0ded56e299c/element - {"using":"xpath","value":"//*[@id=\"__tile47\"]"}
RESULT: {"using":"xpath","value":"//*[@id=\"__tile47\"]"}
COMMAND: POST /session/3c4f50c8662ea89f089dc0ded56e299c/element/f.258B236964FA729BF8A1BA51B6436D8C.d.7AF25C8190213619C842605A4ED2C2D3.e.1104/click - {}
RESULT: undefined
COMMAND: POST /session/3c4f50c8662ea89f089dc0ded56e299c/execute/async - {"script":"<script> [6424 bytes]","args":[{"element-6066-11e4-a52e-4f735466cecf":"f.258B236964FA729BF8A1BA51B6436D8C.d.7AF25C8190213619C842605A4ED2C2D3.e.217"},"getTitle",[]]}
COMMAND: POST /session/3c4f50c8662ea89f089dc0ded56e299c/execute/async - {"script":"<script> [1562 bytes]","args":[{"selector":{"id":"shellAppTitle"},"wdio_ui5_key":"shellAppTitle"}]}
RESULT: {"script":"<script> [1562 bytes]","args":[{"selector":{"id":"shellAppTitle"},"wdio_ui5_key":"shellAppTitle"}]}
COMMAND: POST /session/3c4f50c8662ea89f089dc0ded56e299c/execute/async - {"script":"<script> [6424 bytes]","args":[{"element-6066-11e4-a52e-4f735466cecf":"f.258B236964FA729BF8A1BA51B6436D8C.d.7AF25C8190213619C842605A4ED2C2D3.e.1199"},"getTitle",[]]}
RESULT: {"script":"<script> [6424 bytes]","args":[{"element-6066-11e4-a52e-4f735466cecf":"f.258B236964FA729BF8A1BA51B6436D8C.d.7AF25C8190213619C842605A4ED2C2D3.e.1199"},"getTitle",[]]}
RESULT: undefined
COMMAND: POST /session/3c4f50c8662ea89f089dc0ded56e299c/element/f.258B236964FA729BF8A1BA51B6436D8C.d.7AF25C8190213619C842605A4ED2C2D3.e.1102/click - {}
RESULT: {}
COMMAND: GET /session/3c4f50c8662ea89f089dc0ded56e299c/screenshot - {}
RESULT: {}
]]></system-out>
    </testcase>
    <testcase classname="chrome.136_0_7103_49.windows.Sanity_Tests_US104253" name="Should open Manage Purchasing page" time="37.991">
      <system-out><![CDATA[
COMMAND: POST /session/3c4f50c8662ea89f089dc0ded56e299c/execute/async - {"script":"<script> [1562 bytes]","args":[{"selector":{"controlType":"sap.m.GenericTile","properties":{"header":"Manage Purchasing"}},"wdio_ui5_key":"sapm.GenericTile{\"header\":\"Manage Purchasing\"}"}]}
RESULT: {"script":"<script> [1562 bytes]","args":[{"selector":{"controlType":"sap.m.GenericTile","properties":{"header":"Manage Purchasing"}},"wdio_ui5_key":"sapm.GenericTile{\"header\":\"Manage Purchasing\"}"}]}
RESULT: undefined
COMMAND: POST /session/3c4f50c8662ea89f089dc0ded56e299c/element - {"using":"xpath","value":"//*[@id=\"__tile46\"]"}
RESULT: {"using":"xpath","value":"//*[@id=\"__tile46\"]"}
COMMAND: POST /session/3c4f50c8662ea89f089dc0ded56e299c/element/f.258B236964FA729BF8A1BA51B6436D8C.d.7AF25C8190213619C842605A4ED2C2D3.e.1202/click - {}
RESULT: {}
COMMAND: GET /session/3c4f50c8662ea89f089dc0ded56e299c/screenshot - {}
RESULT: {}
COMMAND: POST /session/3c4f50c8662ea89f089dc0ded56e299c/elements - {"using":"xpath","value":"//span[text()='Error']"}
RESULT: {"using":"xpath","value":"//span[text()='Error']"}
RESULT: undefined
COMMAND: POST /session/3c4f50c8662ea89f089dc0ded56e299c/element - {"using":"xpath","value":"//*[@id=\"__tile46\"]"}
RESULT: {"using":"xpath","value":"//*[@id=\"__tile46\"]"}
COMMAND: POST /session/3c4f50c8662ea89f089dc0ded56e299c/element/f.258B236964FA729BF8A1BA51B6436D8C.d.7AF25C8190213619C842605A4ED2C2D3.e.1202/click - {}
RESULT: undefined
COMMAND: POST /session/3c4f50c8662ea89f089dc0ded56e299c/element - {"using":"xpath","value":"//*[@id=\"__tile46\"]"}
RESULT: {"using":"xpath","value":"//*[@id=\"__tile46\"]"}
COMMAND: POST /session/3c4f50c8662ea89f089dc0ded56e299c/element/f.258B236964FA729BF8A1BA51B6436D8C.d.7AF25C8190213619C842605A4ED2C2D3.e.1202/click - {}
RESULT: undefined
COMMAND: POST /session/3c4f50c8662ea89f089dc0ded56e299c/execute/async - {"script":"<script> [6424 bytes]","args":[{"element-6066-11e4-a52e-4f735466cecf":"f.258B236964FA729BF8A1BA51B6436D8C.d.7AF25C8190213619C842605A4ED2C2D3.e.217"},"getTitle",[]]}
COMMAND: POST /session/3c4f50c8662ea89f089dc0ded56e299c/execute/async - {"script":"<script> [1562 bytes]","args":[{"selector":{"id":"shellAppTitle"},"wdio_ui5_key":"shellAppTitle"}]}
RESULT: {"script":"<script> [1562 bytes]","args":[{"selector":{"id":"shellAppTitle"},"wdio_ui5_key":"shellAppTitle"}]}
COMMAND: POST /session/3c4f50c8662ea89f089dc0ded56e299c/execute/async - {"script":"<script> [6424 bytes]","args":[{"element-6066-11e4-a52e-4f735466cecf":"f.258B236964FA729BF8A1BA51B6436D8C.d.7AF25C8190213619C842605A4ED2C2D3.e.1281"},"getTitle",[]]}
RESULT: {"script":"<script> [6424 bytes]","args":[{"element-6066-11e4-a52e-4f735466cecf":"f.258B236964FA729BF8A1BA51B6436D8C.d.7AF25C8190213619C842605A4ED2C2D3.e.1281"},"getTitle",[]]}
RESULT: undefined
COMMAND: POST /session/3c4f50c8662ea89f089dc0ded56e299c/element/f.258B236964FA729BF8A1BA51B6436D8C.d.7AF25C8190213619C842605A4ED2C2D3.e.1102/click - {}
COMMAND: POST /session/3c4f50c8662ea89f089dc0ded56e299c/element - {"using":"xpath","value":"//*[@id=\"backBtn\"]"}
RESULT: {"using":"xpath","value":"//*[@id=\"backBtn\"]"}
COMMAND: POST /session/3c4f50c8662ea89f089dc0ded56e299c/element/f.258B236964FA729BF8A1BA51B6436D8C.d.7AF25C8190213619C842605A4ED2C2D3.e.1102/click - {}
COMMAND: POST /session/3c4f50c8662ea89f089dc0ded56e299c/element - {"using":"xpath","value":"//*[@id=\"backBtn\"]"}
RESULT: {"using":"xpath","value":"//*[@id=\"backBtn\"]"}
COMMAND: POST /session/3c4f50c8662ea89f089dc0ded56e299c/element/f.258B236964FA729BF8A1BA51B6436D8C.d.7AF25C8190213619C842605A4ED2C2D3.e.1282/click - {}
RESULT: {}
COMMAND: GET /session/3c4f50c8662ea89f089dc0ded56e299c/screenshot - {}
RESULT: {}
]]></system-out>
    </testcase>
    <testcase classname="chrome.136_0_7103_49.windows.Sanity_Tests_US104253" name="Should open Planning Board page" time="36.565">
      <system-out><![CDATA[
COMMAND: POST /session/3c4f50c8662ea89f089dc0ded56e299c/execute/async - {"script":"<script> [1562 bytes]","args":[{"selector":{"controlType":"sap.m.GenericTile","properties":{"header":"Planning Board"}},"wdio_ui5_key":"sapm.GenericTile{\"header\":\"Planning Board\"}"}]}
RESULT: {"script":"<script> [1562 bytes]","args":[{"selector":{"controlType":"sap.m.GenericTile","properties":{"header":"Planning Board"}},"wdio_ui5_key":"sapm.GenericTile{\"header\":\"Planning Board\"}"}]}
RESULT: undefined
COMMAND: POST /session/3c4f50c8662ea89f089dc0ded56e299c/element - {"using":"xpath","value":"//*[@id=\"__tile133\"]"}
RESULT: {"using":"xpath","value":"//*[@id=\"__tile133\"]"}
COMMAND: POST /session/3c4f50c8662ea89f089dc0ded56e299c/element/f.258B236964FA729BF8A1BA51B6436D8C.d.7AF25C8190213619C842605A4ED2C2D3.e.1284/click - {}
RESULT: {}
COMMAND: GET /session/3c4f50c8662ea89f089dc0ded56e299c/screenshot - {}
RESULT: {}
COMMAND: POST /session/3c4f50c8662ea89f089dc0ded56e299c/elements - {"using":"xpath","value":"//span[text()='Error']"}
RESULT: {"using":"xpath","value":"//span[text()='Error']"}
RESULT: undefined
COMMAND: POST /session/3c4f50c8662ea89f089dc0ded56e299c/element - {"using":"xpath","value":"//*[@id=\"__tile133\"]"}
RESULT: {"using":"xpath","value":"//*[@id=\"__tile133\"]"}
COMMAND: POST /session/3c4f50c8662ea89f089dc0ded56e299c/element/f.258B236964FA729BF8A1BA51B6436D8C.d.7AF25C8190213619C842605A4ED2C2D3.e.1284/click - {}
RESULT: undefined
COMMAND: POST /session/3c4f50c8662ea89f089dc0ded56e299c/element - {"using":"xpath","value":"//*[@id=\"__tile133\"]"}
RESULT: {"using":"xpath","value":"//*[@id=\"__tile133\"]"}
COMMAND: POST /session/3c4f50c8662ea89f089dc0ded56e299c/element/f.258B236964FA729BF8A1BA51B6436D8C.d.7AF25C8190213619C842605A4ED2C2D3.e.1284/click - {}
RESULT: undefined
COMMAND: POST /session/3c4f50c8662ea89f089dc0ded56e299c/execute/async - {"script":"<script> [6424 bytes]","args":[{"element-6066-11e4-a52e-4f735466cecf":"f.258B236964FA729BF8A1BA51B6436D8C.d.7AF25C8190213619C842605A4ED2C2D3.e.217"},"getTitle",[]]}
COMMAND: POST /session/3c4f50c8662ea89f089dc0ded56e299c/execute/async - {"script":"<script> [1562 bytes]","args":[{"selector":{"id":"shellAppTitle"},"wdio_ui5_key":"shellAppTitle"}]}
RESULT: {"script":"<script> [1562 bytes]","args":[{"selector":{"id":"shellAppTitle"},"wdio_ui5_key":"shellAppTitle"}]}
COMMAND: POST /session/3c4f50c8662ea89f089dc0ded56e299c/execute/async - {"script":"<script> [6424 bytes]","args":[{"element-6066-11e4-a52e-4f735466cecf":"f.258B236964FA729BF8A1BA51B6436D8C.d.7AF25C8190213619C842605A4ED2C2D3.e.1328"},"getTitle",[]]}
RESULT: {"script":"<script> [6424 bytes]","args":[{"element-6066-11e4-a52e-4f735466cecf":"f.258B236964FA729BF8A1BA51B6436D8C.d.7AF25C8190213619C842605A4ED2C2D3.e.1328"},"getTitle",[]]}
RESULT: undefined
COMMAND: POST /session/3c4f50c8662ea89f089dc0ded56e299c/element/f.258B236964FA729BF8A1BA51B6436D8C.d.7AF25C8190213619C842605A4ED2C2D3.e.1282/click - {}
COMMAND: POST /session/3c4f50c8662ea89f089dc0ded56e299c/element/f.258B236964FA729BF8A1BA51B6436D8C.d.7AF25C8190213619C842605A4ED2C2D3.e.1282/click - {}
RESULT: {}
COMMAND: GET /session/3c4f50c8662ea89f089dc0ded56e299c/screenshot - {}
COMMAND: POST /session/3c4f50c8662ea89f089dc0ded56e299c/element - {"using":"xpath","value":"//*[@id=\"backBtn\"]"}
RESULT: {}
RESULT: {"using":"xpath","value":"//*[@id=\"backBtn\"]"}
COMMAND: POST /session/3c4f50c8662ea89f089dc0ded56e299c/elements - {"using":"xpath","value":"//*[@id=\"backBtn\"]"}
RESULT: {"using":"xpath","value":"//*[@id=\"backBtn\"]"}
COMMAND: POST /session/3c4f50c8662ea89f089dc0ded56e299c/elements - {"using":"xpath","value":"//*[@id=\"backBtn\"]"}
RESULT: {"using":"xpath","value":"//*[@id=\"backBtn\"]"}
COMMAND: POST /session/3c4f50c8662ea89f089dc0ded56e299c/elements - {"using":"xpath","value":"//*[@id=\"backBtn\"]"}
RESULT: {"using":"xpath","value":"//*[@id=\"backBtn\"]"}
COMMAND: POST /session/3c4f50c8662ea89f089dc0ded56e299c/elements - {"using":"xpath","value":"//*[@id=\"backBtn\"]"}
RESULT: {"using":"xpath","value":"//*[@id=\"backBtn\"]"}
COMMAND: POST /session/3c4f50c8662ea89f089dc0ded56e299c/elements - {"using":"xpath","value":"//*[@id=\"backBtn\"]"}
RESULT: {"using":"xpath","value":"//*[@id=\"backBtn\"]"}
COMMAND: POST /session/3c4f50c8662ea89f089dc0ded56e299c/elements - {"using":"xpath","value":"//*[@id=\"backBtn\"]"}
RESULT: {"using":"xpath","value":"//*[@id=\"backBtn\"]"}
COMMAND: POST /session/3c4f50c8662ea89f089dc0ded56e299c/elements - {"using":"xpath","value":"//*[@id=\"backBtn\"]"}
RESULT: {"using":"xpath","value":"//*[@id=\"backBtn\"]"}
COMMAND: POST /session/3c4f50c8662ea89f089dc0ded56e299c/elements - {"using":"xpath","value":"//*[@id=\"backBtn\"]"}
RESULT: {"using":"xpath","value":"//*[@id=\"backBtn\"]"}
COMMAND: POST /session/3c4f50c8662ea89f089dc0ded56e299c/elements - {"using":"xpath","value":"//*[@id=\"backBtn\"]"}
RESULT: {"using":"xpath","value":"//*[@id=\"backBtn\"]"}
COMMAND: POST /session/3c4f50c8662ea89f089dc0ded56e299c/elements - {"using":"xpath","value":"//*[@id=\"backBtn\"]"}
RESULT: {"using":"xpath","value":"//*[@id=\"backBtn\"]"}
COMMAND: POST /session/3c4f50c8662ea89f089dc0ded56e299c/elements - {"using":"xpath","value":"//*[@id=\"backBtn\"]"}
RESULT: {"using":"xpath","value":"//*[@id=\"backBtn\"]"}
COMMAND: POST /session/3c4f50c8662ea89f089dc0ded56e299c/elements - {"using":"xpath","value":"//*[@id=\"backBtn\"]"}
RESULT: {"using":"xpath","value":"//*[@id=\"backBtn\"]"}
COMMAND: POST /session/3c4f50c8662ea89f089dc0ded56e299c/elements - {"using":"xpath","value":"//*[@id=\"backBtn\"]"}
RESULT: {"using":"xpath","value":"//*[@id=\"backBtn\"]"}
COMMAND: POST /session/3c4f50c8662ea89f089dc0ded56e299c/elements - {"using":"xpath","value":"//*[@id=\"backBtn\"]"}
RESULT: {"using":"xpath","value":"//*[@id=\"backBtn\"]"}
COMMAND: POST /session/3c4f50c8662ea89f089dc0ded56e299c/elements - {"using":"xpath","value":"//*[@id=\"backBtn\"]"}
RESULT: {"using":"xpath","value":"//*[@id=\"backBtn\"]"}
COMMAND: POST /session/3c4f50c8662ea89f089dc0ded56e299c/elements - {"using":"xpath","value":"//*[@id=\"backBtn\"]"}
RESULT: {"using":"xpath","value":"//*[@id=\"backBtn\"]"}
COMMAND: POST /session/3c4f50c8662ea89f089dc0ded56e299c/elements - {"using":"xpath","value":"//*[@id=\"backBtn\"]"}
RESULT: {"using":"xpath","value":"//*[@id=\"backBtn\"]"}
COMMAND: POST /session/3c4f50c8662ea89f089dc0ded56e299c/elements - {"using":"xpath","value":"//*[@id=\"backBtn\"]"}
]]></system-out>
    </testcase>
    <testcase classname="chrome.136_0_7103_49.windows.Sanity_Tests_US104253" name="Should open Manage Contracts page" time="47.934">
      <system-out><![CDATA[
COMMAND: POST /session/3c4f50c8662ea89f089dc0ded56e299c/execute/async - {"script":"<script> [1562 bytes]","args":[{"selector":{"controlType":"sap.m.GenericTile","properties":{"header":"Manage Contracts"}},"wdio_ui5_key":"sapm.GenericTile{\"header\":\"Manage Contracts\"}"}]}
RESULT: {"using":"xpath","value":"//*[@id=\"backBtn\"]"}
RESULT: {"script":"<script> [1562 bytes]","args":[{"selector":{"controlType":"sap.m.GenericTile","properties":{"header":"Manage Contracts"}},"wdio_ui5_key":"sapm.GenericTile{\"header\":\"Manage Contracts\"}"}]}
RESULT: undefined
COMMAND: POST /session/3c4f50c8662ea89f089dc0ded56e299c/element - {"using":"xpath","value":"//*[@id=\"__tile132\"]"}
COMMAND: POST /session/3c4f50c8662ea89f089dc0ded56e299c/elements - {"using":"xpath","value":"//*[@id=\"backBtn\"]"}
RESULT: {"using":"xpath","value":"//*[@id=\"__tile132\"]"}
COMMAND: POST /session/3c4f50c8662ea89f089dc0ded56e299c/element/f.258B236964FA729BF8A1BA51B6436D8C.d.7AF25C8190213619C842605A4ED2C2D3.e.1330/click - {}
RESULT: {"using":"xpath","value":"//*[@id=\"backBtn\"]"}
RESULT: {}
COMMAND: GET /session/3c4f50c8662ea89f089dc0ded56e299c/screenshot - {}
RESULT: {}
COMMAND: POST /session/3c4f50c8662ea89f089dc0ded56e299c/elements - {"using":"xpath","value":"//*[@id=\"backBtn\"]"}
RESULT: {"using":"xpath","value":"//*[@id=\"backBtn\"]"}
COMMAND: POST /session/3c4f50c8662ea89f089dc0ded56e299c/elements - {"using":"xpath","value":"//*[@id=\"backBtn\"]"}
RESULT: {"using":"xpath","value":"//*[@id=\"backBtn\"]"}
COMMAND: POST /session/3c4f50c8662ea89f089dc0ded56e299c/elements - {"using":"xpath","value":"//*[@id=\"backBtn\"]"}
RESULT: {"using":"xpath","value":"//*[@id=\"backBtn\"]"}
COMMAND: POST /session/3c4f50c8662ea89f089dc0ded56e299c/elements - {"using":"xpath","value":"//*[@id=\"backBtn\"]"}
RESULT: {"using":"xpath","value":"//*[@id=\"backBtn\"]"}
COMMAND: POST /session/3c4f50c8662ea89f089dc0ded56e299c/element - {"using":"xpath","value":"//*[@id=\"backBtn\"]"}
RESULT: {"using":"xpath","value":"//*[@id=\"backBtn\"]"}
COMMAND: POST /session/3c4f50c8662ea89f089dc0ded56e299c/element/f.258B236964FA729BF8A1BA51B6436D8C.d.7AF25C8190213619C842605A4ED2C2D3.e.1282/click - {}
COMMAND: POST /session/3c4f50c8662ea89f089dc0ded56e299c/element - {"using":"xpath","value":"//*[@id=\"backBtn\"]"}
RESULT: {"using":"xpath","value":"//*[@id=\"backBtn\"]"}
COMMAND: POST /session/3c4f50c8662ea89f089dc0ded56e299c/element/f.258B236964FA729BF8A1BA51B6436D8C.d.7AF25C8190213619C842605A4ED2C2D3.e.1333/click - {}
RESULT: {}
COMMAND: GET /session/3c4f50c8662ea89f089dc0ded56e299c/screenshot - {}
COMMAND: POST /session/3c4f50c8662ea89f089dc0ded56e299c/elements - {"using":"xpath","value":"//span[text()='Error']"}
RESULT: {}
RESULT: {"using":"xpath","value":"//span[text()='Error']"}
RESULT: undefined
COMMAND: POST /session/3c4f50c8662ea89f089dc0ded56e299c/element - {"using":"xpath","value":"//*[@id=\"__tile132\"]"}
RESULT: {"using":"xpath","value":"//*[@id=\"__tile132\"]"}
COMMAND: POST /session/3c4f50c8662ea89f089dc0ded56e299c/element/f.258B236964FA729BF8A1BA51B6436D8C.d.7AF25C8190213619C842605A4ED2C2D3.e.1330/click - {}
RESULT: {}
RESULT: undefined
COMMAND: POST /session/3c4f50c8662ea89f089dc0ded56e299c/element - {"using":"xpath","value":"//*[@id=\"__tile132\"]"}
COMMAND: GET /session/3c4f50c8662ea89f089dc0ded56e299c/screenshot - {}
RESULT: {"using":"xpath","value":"//*[@id=\"__tile132\"]"}
COMMAND: POST /session/3c4f50c8662ea89f089dc0ded56e299c/element/f.258B236964FA729BF8A1BA51B6436D8C.d.7AF25C8190213619C842605A4ED2C2D3.e.1330/click - {}
RESULT: {}
RESULT: undefined
COMMAND: POST /session/3c4f50c8662ea89f089dc0ded56e299c/execute/async - {"script":"<script> [6424 bytes]","args":[{"element-6066-11e4-a52e-4f735466cecf":"f.258B236964FA729BF8A1BA51B6436D8C.d.7AF25C8190213619C842605A4ED2C2D3.e.217"},"getTitle",[]]}
COMMAND: POST /session/3c4f50c8662ea89f089dc0ded56e299c/execute/async - {"script":"<script> [1562 bytes]","args":[{"selector":{"id":"shellAppTitle"},"wdio_ui5_key":"shellAppTitle"}]}
RESULT: {"script":"<script> [1562 bytes]","args":[{"selector":{"id":"shellAppTitle"},"wdio_ui5_key":"shellAppTitle"}]}
COMMAND: POST /session/3c4f50c8662ea89f089dc0ded56e299c/execute/async - {"script":"<script> [6424 bytes]","args":[{"element-6066-11e4-a52e-4f735466cecf":"f.258B236964FA729BF8A1BA51B6436D8C.d.7AF25C8190213619C842605A4ED2C2D3.e.1411"},"getTitle",[]]}
RESULT: {"script":"<script> [6424 bytes]","args":[{"element-6066-11e4-a52e-4f735466cecf":"f.258B236964FA729BF8A1BA51B6436D8C.d.7AF25C8190213619C842605A4ED2C2D3.e.1411"},"getTitle",[]]}
RESULT: undefined
COMMAND: POST /session/3c4f50c8662ea89f089dc0ded56e299c/element/f.258B236964FA729BF8A1BA51B6436D8C.d.7AF25C8190213619C842605A4ED2C2D3.e.1333/click - {}
RESULT: {}
COMMAND: GET /session/3c4f50c8662ea89f089dc0ded56e299c/screenshot - {}
RESULT: {}
]]></system-out>
    </testcase>
    <testcase classname="chrome.136_0_7103_49.windows.Sanity_Tests_US104253" name="Should open Manage Quotations page" time="42.951">
      <system-out><![CDATA[
COMMAND: POST /session/3c4f50c8662ea89f089dc0ded56e299c/execute/async - {"script":"<script> [1562 bytes]","args":[{"selector":{"controlType":"sap.m.GenericTile","properties":{"header":"Manage Quotations"}},"wdio_ui5_key":"sapm.GenericTile{\"header\":\"Manage Quotations\"}"}]}
RESULT: {"script":"<script> [1562 bytes]","args":[{"selector":{"controlType":"sap.m.GenericTile","properties":{"header":"Manage Quotations"}},"wdio_ui5_key":"sapm.GenericTile{\"header\":\"Manage Quotations\"}"}]}
RESULT: undefined
COMMAND: POST /session/3c4f50c8662ea89f089dc0ded56e299c/element - {"using":"xpath","value":"//*[@id=\"__tile131\"]"}
RESULT: {"using":"xpath","value":"//*[@id=\"__tile131\"]"}
COMMAND: POST /session/3c4f50c8662ea89f089dc0ded56e299c/element/f.258B236964FA729BF8A1BA51B6436D8C.d.7AF25C8190213619C842605A4ED2C2D3.e.1413/click - {}
RESULT: {}
COMMAND: GET /session/3c4f50c8662ea89f089dc0ded56e299c/screenshot - {}
COMMAND: POST /session/3c4f50c8662ea89f089dc0ded56e299c/elements - {"using":"xpath","value":"//span[text()='Error']"}
RESULT: {}
RESULT: {"using":"xpath","value":"//span[text()='Error']"}
RESULT: undefined
COMMAND: POST /session/3c4f50c8662ea89f089dc0ded56e299c/element - {"using":"xpath","value":"//*[@id=\"__tile131\"]"}
RESULT: {"using":"xpath","value":"//*[@id=\"__tile131\"]"}
COMMAND: POST /session/3c4f50c8662ea89f089dc0ded56e299c/element/f.258B236964FA729BF8A1BA51B6436D8C.d.7AF25C8190213619C842605A4ED2C2D3.e.1413/click - {}
RESULT: undefined
COMMAND: POST /session/3c4f50c8662ea89f089dc0ded56e299c/element - {"using":"xpath","value":"//*[@id=\"__tile131\"]"}
RESULT: {"using":"xpath","value":"//*[@id=\"__tile131\"]"}
COMMAND: POST /session/3c4f50c8662ea89f089dc0ded56e299c/element/f.258B236964FA729BF8A1BA51B6436D8C.d.7AF25C8190213619C842605A4ED2C2D3.e.1413/click - {}
RESULT: undefined
COMMAND: POST /session/3c4f50c8662ea89f089dc0ded56e299c/execute/async - {"script":"<script> [6424 bytes]","args":[{"element-6066-11e4-a52e-4f735466cecf":"f.258B236964FA729BF8A1BA51B6436D8C.d.7AF25C8190213619C842605A4ED2C2D3.e.217"},"getTitle",[]]}
COMMAND: POST /session/3c4f50c8662ea89f089dc0ded56e299c/execute/async - {"script":"<script> [1562 bytes]","args":[{"selector":{"id":"shellAppTitle"},"wdio_ui5_key":"shellAppTitle"}]}
RESULT: {"script":"<script> [1562 bytes]","args":[{"selector":{"id":"shellAppTitle"},"wdio_ui5_key":"shellAppTitle"}]}
COMMAND: POST /session/3c4f50c8662ea89f089dc0ded56e299c/execute/async - {"script":"<script> [6424 bytes]","args":[{"element-6066-11e4-a52e-4f735466cecf":"f.258B236964FA729BF8A1BA51B6436D8C.d.7AF25C8190213619C842605A4ED2C2D3.e.1616"},"getTitle",[]]}
RESULT: {"script":"<script> [6424 bytes]","args":[{"element-6066-11e4-a52e-4f735466cecf":"f.258B236964FA729BF8A1BA51B6436D8C.d.7AF25C8190213619C842605A4ED2C2D3.e.1616"},"getTitle",[]]}
RESULT: undefined
COMMAND: POST /session/3c4f50c8662ea89f089dc0ded56e299c/element/f.258B236964FA729BF8A1BA51B6436D8C.d.7AF25C8190213619C842605A4ED2C2D3.e.1333/click - {}
COMMAND: POST /session/3c4f50c8662ea89f089dc0ded56e299c/element - {"using":"xpath","value":"//*[@id=\"backBtn\"]"}
RESULT: {"using":"xpath","value":"//*[@id=\"backBtn\"]"}
COMMAND: POST /session/3c4f50c8662ea89f089dc0ded56e299c/element/f.258B236964FA729BF8A1BA51B6436D8C.d.7AF25C8190213619C842605A4ED2C2D3.e.1333/click - {}
COMMAND: POST /session/3c4f50c8662ea89f089dc0ded56e299c/element - {"using":"xpath","value":"//*[@id=\"backBtn\"]"}
RESULT: {"using":"xpath","value":"//*[@id=\"backBtn\"]"}
COMMAND: POST /session/3c4f50c8662ea89f089dc0ded56e299c/element/f.258B236964FA729BF8A1BA51B6436D8C.d.7AF25C8190213619C842605A4ED2C2D3.e.1617/click - {}
RESULT: {}
COMMAND: GET /session/3c4f50c8662ea89f089dc0ded56e299c/screenshot - {}
RESULT: {}
]]></system-out>
    </testcase>
    <testcase classname="chrome.136_0_7103_49.windows.Sanity_Tests_US104253" name="Should open Manage Handovers page" time="38.238">
      <system-out><![CDATA[
COMMAND: POST /session/3c4f50c8662ea89f089dc0ded56e299c/execute/async - {"script":"<script> [1562 bytes]","args":[{"selector":{"controlType":"sap.m.GenericTile","properties":{"header":"Manage Handovers"}},"wdio_ui5_key":"sapm.GenericTile{\"header\":\"Manage Handovers\"}"}]}
RESULT: {"script":"<script> [1562 bytes]","args":[{"selector":{"controlType":"sap.m.GenericTile","properties":{"header":"Manage Handovers"}},"wdio_ui5_key":"sapm.GenericTile{\"header\":\"Manage Handovers\"}"}]}
RESULT: undefined
COMMAND: POST /session/3c4f50c8662ea89f089dc0ded56e299c/element - {"using":"xpath","value":"//*[@id=\"__tile130\"]"}
RESULT: {"using":"xpath","value":"//*[@id=\"__tile130\"]"}
COMMAND: POST /session/3c4f50c8662ea89f089dc0ded56e299c/element/f.258B236964FA729BF8A1BA51B6436D8C.d.7AF25C8190213619C842605A4ED2C2D3.e.1619/click - {}
RESULT: {}
COMMAND: GET /session/3c4f50c8662ea89f089dc0ded56e299c/screenshot - {}
RESULT: {}
COMMAND: POST /session/3c4f50c8662ea89f089dc0ded56e299c/elements - {"using":"xpath","value":"//span[text()='Error']"}
RESULT: {"using":"xpath","value":"//span[text()='Error']"}
RESULT: undefined
COMMAND: POST /session/3c4f50c8662ea89f089dc0ded56e299c/element - {"using":"xpath","value":"//*[@id=\"__tile130\"]"}
RESULT: {"using":"xpath","value":"//*[@id=\"__tile130\"]"}
COMMAND: POST /session/3c4f50c8662ea89f089dc0ded56e299c/element/f.258B236964FA729BF8A1BA51B6436D8C.d.7AF25C8190213619C842605A4ED2C2D3.e.1619/click - {}
RESULT: undefined
COMMAND: POST /session/3c4f50c8662ea89f089dc0ded56e299c/element - {"using":"xpath","value":"//*[@id=\"__tile130\"]"}
RESULT: {"using":"xpath","value":"//*[@id=\"__tile130\"]"}
COMMAND: POST /session/3c4f50c8662ea89f089dc0ded56e299c/element/f.258B236964FA729BF8A1BA51B6436D8C.d.7AF25C8190213619C842605A4ED2C2D3.e.1619/click - {}
RESULT: undefined
COMMAND: POST /session/3c4f50c8662ea89f089dc0ded56e299c/execute/async - {"script":"<script> [6424 bytes]","args":[{"element-6066-11e4-a52e-4f735466cecf":"f.258B236964FA729BF8A1BA51B6436D8C.d.7AF25C8190213619C842605A4ED2C2D3.e.217"},"getTitle",[]]}
COMMAND: POST /session/3c4f50c8662ea89f089dc0ded56e299c/execute/async - {"script":"<script> [1562 bytes]","args":[{"selector":{"id":"shellAppTitle"},"wdio_ui5_key":"shellAppTitle"}]}
RESULT: {"script":"<script> [1562 bytes]","args":[{"selector":{"id":"shellAppTitle"},"wdio_ui5_key":"shellAppTitle"}]}
COMMAND: POST /session/3c4f50c8662ea89f089dc0ded56e299c/execute/async - {"script":"<script> [6424 bytes]","args":[{"element-6066-11e4-a52e-4f735466cecf":"f.258B236964FA729BF8A1BA51B6436D8C.d.7AF25C8190213619C842605A4ED2C2D3.e.1719"},"getTitle",[]]}
RESULT: {"script":"<script> [6424 bytes]","args":[{"element-6066-11e4-a52e-4f735466cecf":"f.258B236964FA729BF8A1BA51B6436D8C.d.7AF25C8190213619C842605A4ED2C2D3.e.1719"},"getTitle",[]]}
RESULT: undefined
COMMAND: POST /session/3c4f50c8662ea89f089dc0ded56e299c/element/f.258B236964FA729BF8A1BA51B6436D8C.d.7AF25C8190213619C842605A4ED2C2D3.e.1617/click - {}
RESULT: {}
COMMAND: GET /session/3c4f50c8662ea89f089dc0ded56e299c/screenshot - {}
RESULT: {}
]]></system-out>
    </testcase>
    <testcase classname="chrome.136_0_7103_49.windows.Sanity_Tests_US104253" name="Should open Delivery Monitor page" time="37.498">
      <system-out><![CDATA[
COMMAND: POST /session/3c4f50c8662ea89f089dc0ded56e299c/execute/async - {"script":"<script> [1562 bytes]","args":[{"selector":{"controlType":"sap.m.GenericTile","properties":{"header":"Delivery Monitor"}},"wdio_ui5_key":"sapm.GenericTile{\"header\":\"Delivery Monitor\"}"}]}
RESULT: {"script":"<script> [1562 bytes]","args":[{"selector":{"controlType":"sap.m.GenericTile","properties":{"header":"Delivery Monitor"}},"wdio_ui5_key":"sapm.GenericTile{\"header\":\"Delivery Monitor\"}"}]}
RESULT: undefined
COMMAND: POST /session/3c4f50c8662ea89f089dc0ded56e299c/element - {"using":"xpath","value":"//*[@id=\"__tile43\"]"}
RESULT: {"using":"xpath","value":"//*[@id=\"__tile43\"]"}
COMMAND: POST /session/3c4f50c8662ea89f089dc0ded56e299c/element/f.258B236964FA729BF8A1BA51B6436D8C.d.7AF25C8190213619C842605A4ED2C2D3.e.1721/click - {}
RESULT: {}
COMMAND: GET /session/3c4f50c8662ea89f089dc0ded56e299c/screenshot - {}
RESULT: {}
COMMAND: POST /session/3c4f50c8662ea89f089dc0ded56e299c/elements - {"using":"xpath","value":"//span[text()='Error']"}
RESULT: {"using":"xpath","value":"//span[text()='Error']"}
RESULT: undefined
COMMAND: POST /session/3c4f50c8662ea89f089dc0ded56e299c/element - {"using":"xpath","value":"//*[@id=\"__tile43\"]"}
RESULT: {"using":"xpath","value":"//*[@id=\"__tile43\"]"}
COMMAND: POST /session/3c4f50c8662ea89f089dc0ded56e299c/element/f.258B236964FA729BF8A1BA51B6436D8C.d.7AF25C8190213619C842605A4ED2C2D3.e.1721/click - {}
RESULT: undefined
COMMAND: POST /session/3c4f50c8662ea89f089dc0ded56e299c/element - {"using":"xpath","value":"//*[@id=\"__tile43\"]"}
RESULT: {"using":"xpath","value":"//*[@id=\"__tile43\"]"}
COMMAND: POST /session/3c4f50c8662ea89f089dc0ded56e299c/element/f.258B236964FA729BF8A1BA51B6436D8C.d.7AF25C8190213619C842605A4ED2C2D3.e.1721/click - {}
RESULT: undefined
COMMAND: POST /session/3c4f50c8662ea89f089dc0ded56e299c/execute/async - {"script":"<script> [6424 bytes]","args":[{"element-6066-11e4-a52e-4f735466cecf":"f.258B236964FA729BF8A1BA51B6436D8C.d.7AF25C8190213619C842605A4ED2C2D3.e.217"},"getTitle",[]]}
COMMAND: POST /session/3c4f50c8662ea89f089dc0ded56e299c/execute/async - {"script":"<script> [1562 bytes]","args":[{"selector":{"id":"shellAppTitle"},"wdio_ui5_key":"shellAppTitle"}]}
RESULT: {"script":"<script> [1562 bytes]","args":[{"selector":{"id":"shellAppTitle"},"wdio_ui5_key":"shellAppTitle"}]}
COMMAND: POST /session/3c4f50c8662ea89f089dc0ded56e299c/execute/async - {"script":"<script> [6424 bytes]","args":[{"element-6066-11e4-a52e-4f735466cecf":"f.258B236964FA729BF8A1BA51B6436D8C.d.7AF25C8190213619C842605A4ED2C2D3.e.1810"},"getTitle",[]]}
RESULT: {"script":"<script> [6424 bytes]","args":[{"element-6066-11e4-a52e-4f735466cecf":"f.258B236964FA729BF8A1BA51B6436D8C.d.7AF25C8190213619C842605A4ED2C2D3.e.1810"},"getTitle",[]]}
RESULT: undefined
COMMAND: POST /session/3c4f50c8662ea89f089dc0ded56e299c/element/f.258B236964FA729BF8A1BA51B6436D8C.d.7AF25C8190213619C842605A4ED2C2D3.e.1617/click - {}
COMMAND: POST /session/3c4f50c8662ea89f089dc0ded56e299c/element - {"using":"xpath","value":"//*[@id=\"backBtn\"]"}
RESULT: {"using":"xpath","value":"//*[@id=\"backBtn\"]"}
COMMAND: POST /session/3c4f50c8662ea89f089dc0ded56e299c/element/f.258B236964FA729BF8A1BA51B6436D8C.d.7AF25C8190213619C842605A4ED2C2D3.e.1617/click - {}
COMMAND: POST /session/3c4f50c8662ea89f089dc0ded56e299c/element - {"using":"xpath","value":"//*[@id=\"backBtn\"]"}
RESULT: {"using":"xpath","value":"//*[@id=\"backBtn\"]"}
COMMAND: POST /session/3c4f50c8662ea89f089dc0ded56e299c/element/f.258B236964FA729BF8A1BA51B6436D8C.d.7AF25C8190213619C842605A4ED2C2D3.e.1811/click - {}
RESULT: {}
COMMAND: GET /session/3c4f50c8662ea89f089dc0ded56e299c/screenshot - {}
RESULT: {}
]]></system-out>
    </testcase>
    <testcase classname="chrome.136_0_7103_49.windows.Sanity_Tests_US104253" name="Should open Manage Calendar Exceptions page" time="36.373">
      <system-out><![CDATA[
COMMAND: POST /session/3c4f50c8662ea89f089dc0ded56e299c/execute/async - {"script":"<script> [1562 bytes]","args":[{"selector":{"controlType":"sap.m.GenericTile","properties":{"header":"Manage Calendar Exceptions"}},"wdio_ui5_key":"sapm.GenericTile{\"header\":\"Manage Calendar Exceptions\"}"}]}
RESULT: {"script":"<script> [1562 bytes]","args":[{"selector":{"controlType":"sap.m.GenericTile","properties":{"header":"Manage Calendar Exceptions"}},"wdio_ui5_key":"sapm.GenericTile{\"header\":\"Manage Calendar Exceptions\"}"}]}
RESULT: undefined
COMMAND: POST /session/3c4f50c8662ea89f089dc0ded56e299c/element - {"using":"xpath","value":"//*[@id=\"__tile52\"]"}
RESULT: {"using":"xpath","value":"//*[@id=\"__tile52\"]"}
COMMAND: POST /session/3c4f50c8662ea89f089dc0ded56e299c/element/f.258B236964FA729BF8A1BA51B6436D8C.d.7AF25C8190213619C842605A4ED2C2D3.e.1813/click - {}
RESULT: {}
COMMAND: GET /session/3c4f50c8662ea89f089dc0ded56e299c/screenshot - {}
RESULT: {}
COMMAND: POST /session/3c4f50c8662ea89f089dc0ded56e299c/elements - {"using":"xpath","value":"//span[text()='Error']"}
RESULT: {"using":"xpath","value":"//span[text()='Error']"}
RESULT: undefined
COMMAND: POST /session/3c4f50c8662ea89f089dc0ded56e299c/element - {"using":"xpath","value":"//*[@id=\"__tile52\"]"}
RESULT: {"using":"xpath","value":"//*[@id=\"__tile52\"]"}
COMMAND: POST /session/3c4f50c8662ea89f089dc0ded56e299c/element/f.258B236964FA729BF8A1BA51B6436D8C.d.7AF25C8190213619C842605A4ED2C2D3.e.1813/click - {}
RESULT: undefined
COMMAND: POST /session/3c4f50c8662ea89f089dc0ded56e299c/element - {"using":"xpath","value":"//*[@id=\"__tile52\"]"}
RESULT: {"using":"xpath","value":"//*[@id=\"__tile52\"]"}
COMMAND: POST /session/3c4f50c8662ea89f089dc0ded56e299c/element/f.258B236964FA729BF8A1BA51B6436D8C.d.7AF25C8190213619C842605A4ED2C2D3.e.1813/click - {}
RESULT: undefined
COMMAND: POST /session/3c4f50c8662ea89f089dc0ded56e299c/execute/async - {"script":"<script> [6424 bytes]","args":[{"element-6066-11e4-a52e-4f735466cecf":"f.258B236964FA729BF8A1BA51B6436D8C.d.7AF25C8190213619C842605A4ED2C2D3.e.217"},"getTitle",[]]}
COMMAND: POST /session/3c4f50c8662ea89f089dc0ded56e299c/execute/async - {"script":"<script> [1562 bytes]","args":[{"selector":{"id":"shellAppTitle"},"wdio_ui5_key":"shellAppTitle"}]}
RESULT: {"script":"<script> [1562 bytes]","args":[{"selector":{"id":"shellAppTitle"},"wdio_ui5_key":"shellAppTitle"}]}
COMMAND: POST /session/3c4f50c8662ea89f089dc0ded56e299c/execute/async - {"script":"<script> [6424 bytes]","args":[{"element-6066-11e4-a52e-4f735466cecf":"f.258B236964FA729BF8A1BA51B6436D8C.d.7AF25C8190213619C842605A4ED2C2D3.e.1933"},"getTitle",[]]}
RESULT: {"script":"<script> [6424 bytes]","args":[{"element-6066-11e4-a52e-4f735466cecf":"f.258B236964FA729BF8A1BA51B6436D8C.d.7AF25C8190213619C842605A4ED2C2D3.e.1933"},"getTitle",[]]}
RESULT: undefined
COMMAND: POST /session/3c4f50c8662ea89f089dc0ded56e299c/element/f.258B236964FA729BF8A1BA51B6436D8C.d.7AF25C8190213619C842605A4ED2C2D3.e.1811/click - {}
RESULT: {}
COMMAND: GET /session/3c4f50c8662ea89f089dc0ded56e299c/screenshot - {}
RESULT: {}
]]></system-out>
    </testcase>
    <testcase classname="chrome.136_0_7103_49.windows.Sanity_Tests_US104253" name="Should open Manage States Performance page" time="38.297">
      <system-out><![CDATA[
COMMAND: POST /session/3c4f50c8662ea89f089dc0ded56e299c/execute/async - {"script":"<script> [1562 bytes]","args":[{"selector":{"controlType":"sap.m.GenericTile","properties":{"header":"Manage States & Performance"}},"wdio_ui5_key":"sapm.GenericTile{\"header\":\"Manage States & Performance\"}"}]}
RESULT: {"script":"<script> [1562 bytes]","args":[{"selector":{"controlType":"sap.m.GenericTile","properties":{"header":"Manage States & Performance"}},"wdio_ui5_key":"sapm.GenericTile{\"header\":\"Manage States & Performance\"}"}]}
RESULT: undefined
COMMAND: POST /session/3c4f50c8662ea89f089dc0ded56e299c/element - {"using":"xpath","value":"//*[@id=\"__tile56\"]"}
RESULT: {"using":"xpath","value":"//*[@id=\"__tile56\"]"}
COMMAND: POST /session/3c4f50c8662ea89f089dc0ded56e299c/element/f.258B236964FA729BF8A1BA51B6436D8C.d.7AF25C8190213619C842605A4ED2C2D3.e.1937/click - {}
RESULT: {}
COMMAND: GET /session/3c4f50c8662ea89f089dc0ded56e299c/screenshot - {}
RESULT: {}
COMMAND: POST /session/3c4f50c8662ea89f089dc0ded56e299c/elements - {"using":"xpath","value":"//span[text()='Error']"}
RESULT: {"using":"xpath","value":"//span[text()='Error']"}
RESULT: undefined
COMMAND: POST /session/3c4f50c8662ea89f089dc0ded56e299c/element - {"using":"xpath","value":"//*[@id=\"__tile56\"]"}
RESULT: {"using":"xpath","value":"//*[@id=\"__tile56\"]"}
COMMAND: POST /session/3c4f50c8662ea89f089dc0ded56e299c/element/f.258B236964FA729BF8A1BA51B6436D8C.d.7AF25C8190213619C842605A4ED2C2D3.e.1937/click - {}
RESULT: undefined
COMMAND: POST /session/3c4f50c8662ea89f089dc0ded56e299c/element - {"using":"xpath","value":"//*[@id=\"__tile56\"]"}
RESULT: {"using":"xpath","value":"//*[@id=\"__tile56\"]"}
COMMAND: POST /session/3c4f50c8662ea89f089dc0ded56e299c/element/f.258B236964FA729BF8A1BA51B6436D8C.d.7AF25C8190213619C842605A4ED2C2D3.e.1937/click - {}
RESULT: undefined
COMMAND: POST /session/3c4f50c8662ea89f089dc0ded56e299c/execute/async - {"script":"<script> [6424 bytes]","args":[{"element-6066-11e4-a52e-4f735466cecf":"f.258B236964FA729BF8A1BA51B6436D8C.d.7AF25C8190213619C842605A4ED2C2D3.e.217"},"getTitle",[]]}
COMMAND: POST /session/3c4f50c8662ea89f089dc0ded56e299c/execute/async - {"script":"<script> [1562 bytes]","args":[{"selector":{"id":"shellAppTitle"},"wdio_ui5_key":"shellAppTitle"}]}
RESULT: {"script":"<script> [1562 bytes]","args":[{"selector":{"id":"shellAppTitle"},"wdio_ui5_key":"shellAppTitle"}]}
COMMAND: POST /session/3c4f50c8662ea89f089dc0ded56e299c/execute/async - {"script":"<script> [6424 bytes]","args":[{"element-6066-11e4-a52e-4f735466cecf":"f.258B236964FA729BF8A1BA51B6436D8C.d.7AF25C8190213619C842605A4ED2C2D3.e.2029"},"getTitle",[]]}
RESULT: {"script":"<script> [6424 bytes]","args":[{"element-6066-11e4-a52e-4f735466cecf":"f.258B236964FA729BF8A1BA51B6436D8C.d.7AF25C8190213619C842605A4ED2C2D3.e.2029"},"getTitle",[]]}
RESULT: undefined
COMMAND: POST /session/3c4f50c8662ea89f089dc0ded56e299c/element/f.258B236964FA729BF8A1BA51B6436D8C.d.7AF25C8190213619C842605A4ED2C2D3.e.1811/click - {}
COMMAND: POST /session/3c4f50c8662ea89f089dc0ded56e299c/element - {"using":"xpath","value":"//*[@id=\"backBtn\"]"}
RESULT: {"using":"xpath","value":"//*[@id=\"backBtn\"]"}
COMMAND: POST /session/3c4f50c8662ea89f089dc0ded56e299c/element/f.258B236964FA729BF8A1BA51B6436D8C.d.7AF25C8190213619C842605A4ED2C2D3.e.1811/click - {}
COMMAND: POST /session/3c4f50c8662ea89f089dc0ded56e299c/element - {"using":"xpath","value":"//*[@id=\"backBtn\"]"}
RESULT: {"using":"xpath","value":"//*[@id=\"backBtn\"]"}
COMMAND: POST /session/3c4f50c8662ea89f089dc0ded56e299c/element/f.258B236964FA729BF8A1BA51B6436D8C.d.7AF25C8190213619C842605A4ED2C2D3.e.2030/click - {}
RESULT: {}
COMMAND: GET /session/3c4f50c8662ea89f089dc0ded56e299c/screenshot - {}
RESULT: {}
]]></system-out>
    </testcase>
    <testcase classname="chrome.136_0_7103_49.windows.Sanity_Tests_US104253" name="Should open Manage Billings page" time="39.635">
      <system-out><![CDATA[
COMMAND: POST /session/3c4f50c8662ea89f089dc0ded56e299c/execute/async - {"script":"<script> [1562 bytes]","args":[{"selector":{"controlType":"sap.m.GenericTile","properties":{"header":"Manage Billings"}},"wdio_ui5_key":"sapm.GenericTile{\"header\":\"Manage Billings\"}"}]}
RESULT: {"script":"<script> [1562 bytes]","args":[{"selector":{"controlType":"sap.m.GenericTile","properties":{"header":"Manage Billings"}},"wdio_ui5_key":"sapm.GenericTile{\"header\":\"Manage Billings\"}"}]}
RESULT: undefined
COMMAND: POST /session/3c4f50c8662ea89f089dc0ded56e299c/element - {"using":"xpath","value":"//*[@id=\"__tile51\"]"}
RESULT: {"using":"xpath","value":"//*[@id=\"__tile51\"]"}
COMMAND: POST /session/3c4f50c8662ea89f089dc0ded56e299c/element/f.258B236964FA729BF8A1BA51B6436D8C.d.7AF25C8190213619C842605A4ED2C2D3.e.2032/click - {}
RESULT: {}
COMMAND: GET /session/3c4f50c8662ea89f089dc0ded56e299c/screenshot - {}
RESULT: {}
COMMAND: POST /session/3c4f50c8662ea89f089dc0ded56e299c/elements - {"using":"xpath","value":"//span[text()='Error']"}
RESULT: {"using":"xpath","value":"//span[text()='Error']"}
RESULT: undefined
COMMAND: POST /session/3c4f50c8662ea89f089dc0ded56e299c/element - {"using":"xpath","value":"//*[@id=\"__tile51\"]"}
RESULT: {"using":"xpath","value":"//*[@id=\"__tile51\"]"}
COMMAND: POST /session/3c4f50c8662ea89f089dc0ded56e299c/element/f.258B236964FA729BF8A1BA51B6436D8C.d.7AF25C8190213619C842605A4ED2C2D3.e.2032/click - {}
RESULT: undefined
COMMAND: POST /session/3c4f50c8662ea89f089dc0ded56e299c/element - {"using":"xpath","value":"//*[@id=\"__tile51\"]"}
RESULT: {"using":"xpath","value":"//*[@id=\"__tile51\"]"}
COMMAND: POST /session/3c4f50c8662ea89f089dc0ded56e299c/element/f.258B236964FA729BF8A1BA51B6436D8C.d.7AF25C8190213619C842605A4ED2C2D3.e.2032/click - {}
RESULT: undefined
COMMAND: POST /session/3c4f50c8662ea89f089dc0ded56e299c/execute/async - {"script":"<script> [6424 bytes]","args":[{"element-6066-11e4-a52e-4f735466cecf":"f.258B236964FA729BF8A1BA51B6436D8C.d.7AF25C8190213619C842605A4ED2C2D3.e.217"},"getTitle",[]]}
COMMAND: POST /session/3c4f50c8662ea89f089dc0ded56e299c/execute/async - {"script":"<script> [1562 bytes]","args":[{"selector":{"id":"shellAppTitle"},"wdio_ui5_key":"shellAppTitle"}]}
RESULT: {"script":"<script> [1562 bytes]","args":[{"selector":{"id":"shellAppTitle"},"wdio_ui5_key":"shellAppTitle"}]}
COMMAND: POST /session/3c4f50c8662ea89f089dc0ded56e299c/execute/async - {"script":"<script> [6424 bytes]","args":[{"element-6066-11e4-a52e-4f735466cecf":"f.258B236964FA729BF8A1BA51B6436D8C.d.7AF25C8190213619C842605A4ED2C2D3.e.2175"},"getTitle",[]]}
RESULT: {"script":"<script> [6424 bytes]","args":[{"element-6066-11e4-a52e-4f735466cecf":"f.258B236964FA729BF8A1BA51B6436D8C.d.7AF25C8190213619C842605A4ED2C2D3.e.2175"},"getTitle",[]]}
RESULT: undefined
COMMAND: POST /session/3c4f50c8662ea89f089dc0ded56e299c/element/f.258B236964FA729BF8A1BA51B6436D8C.d.7AF25C8190213619C842605A4ED2C2D3.e.2030/click - {}
COMMAND: POST /session/3c4f50c8662ea89f089dc0ded56e299c/element/f.258B236964FA729BF8A1BA51B6436D8C.d.7AF25C8190213619C842605A4ED2C2D3.e.2030/click - {}
RESULT: {}
COMMAND: GET /session/3c4f50c8662ea89f089dc0ded56e299c/screenshot - {}
COMMAND: POST /session/3c4f50c8662ea89f089dc0ded56e299c/element - {"using":"xpath","value":"//*[@id=\"backBtn\"]"}
RESULT: {}
RESULT: {"using":"xpath","value":"//*[@id=\"backBtn\"]"}
COMMAND: POST /session/3c4f50c8662ea89f089dc0ded56e299c/elements - {"using":"xpath","value":"//*[@id=\"backBtn\"]"}
RESULT: {"using":"xpath","value":"//*[@id=\"backBtn\"]"}
COMMAND: POST /session/3c4f50c8662ea89f089dc0ded56e299c/elements - {"using":"xpath","value":"//*[@id=\"backBtn\"]"}
RESULT: {"using":"xpath","value":"//*[@id=\"backBtn\"]"}
COMMAND: POST /session/3c4f50c8662ea89f089dc0ded56e299c/elements - {"using":"xpath","value":"//*[@id=\"backBtn\"]"}
RESULT: {"using":"xpath","value":"//*[@id=\"backBtn\"]"}
COMMAND: POST /session/3c4f50c8662ea89f089dc0ded56e299c/elements - {"using":"xpath","value":"//*[@id=\"backBtn\"]"}
RESULT: {"using":"xpath","value":"//*[@id=\"backBtn\"]"}
COMMAND: POST /session/3c4f50c8662ea89f089dc0ded56e299c/elements - {"using":"xpath","value":"//*[@id=\"backBtn\"]"}
RESULT: {"using":"xpath","value":"//*[@id=\"backBtn\"]"}
COMMAND: POST /session/3c4f50c8662ea89f089dc0ded56e299c/elements - {"using":"xpath","value":"//*[@id=\"backBtn\"]"}
RESULT: {"using":"xpath","value":"//*[@id=\"backBtn\"]"}
COMMAND: POST /session/3c4f50c8662ea89f089dc0ded56e299c/elements - {"using":"xpath","value":"//*[@id=\"backBtn\"]"}
RESULT: {"using":"xpath","value":"//*[@id=\"backBtn\"]"}
COMMAND: POST /session/3c4f50c8662ea89f089dc0ded56e299c/elements - {"using":"xpath","value":"//*[@id=\"backBtn\"]"}
RESULT: {"using":"xpath","value":"//*[@id=\"backBtn\"]"}
COMMAND: POST /session/3c4f50c8662ea89f089dc0ded56e299c/elements - {"using":"xpath","value":"//*[@id=\"backBtn\"]"}
RESULT: {"using":"xpath","value":"//*[@id=\"backBtn\"]"}
COMMAND: POST /session/3c4f50c8662ea89f089dc0ded56e299c/elements - {"using":"xpath","value":"//*[@id=\"backBtn\"]"}
RESULT: {"using":"xpath","value":"//*[@id=\"backBtn\"]"}
COMMAND: POST /session/3c4f50c8662ea89f089dc0ded56e299c/elements - {"using":"xpath","value":"//*[@id=\"backBtn\"]"}
RESULT: {"using":"xpath","value":"//*[@id=\"backBtn\"]"}
COMMAND: POST /session/3c4f50c8662ea89f089dc0ded56e299c/elements - {"using":"xpath","value":"//*[@id=\"backBtn\"]"}
RESULT: {"using":"xpath","value":"//*[@id=\"backBtn\"]"}
COMMAND: POST /session/3c4f50c8662ea89f089dc0ded56e299c/elements - {"using":"xpath","value":"//*[@id=\"backBtn\"]"}
RESULT: {"using":"xpath","value":"//*[@id=\"backBtn\"]"}
COMMAND: POST /session/3c4f50c8662ea89f089dc0ded56e299c/elements - {"using":"xpath","value":"//*[@id=\"backBtn\"]"}
RESULT: {"using":"xpath","value":"//*[@id=\"backBtn\"]"}
COMMAND: POST /session/3c4f50c8662ea89f089dc0ded56e299c/elements - {"using":"xpath","value":"//*[@id=\"backBtn\"]"}
RESULT: {"using":"xpath","value":"//*[@id=\"backBtn\"]"}
COMMAND: POST /session/3c4f50c8662ea89f089dc0ded56e299c/elements - {"using":"xpath","value":"//*[@id=\"backBtn\"]"}
RESULT: {"using":"xpath","value":"//*[@id=\"backBtn\"]"}
COMMAND: POST /session/3c4f50c8662ea89f089dc0ded56e299c/elements - {"using":"xpath","value":"//*[@id=\"backBtn\"]"}
RESULT: {"using":"xpath","value":"//*[@id=\"backBtn\"]"}
]]></system-out>
    </testcase>
    <testcase classname="chrome.136_0_7103_49.windows.Sanity_Tests_US104253" name="Should open Manage Conditions Prices page" time="52.678">
      <system-out><![CDATA[
COMMAND: POST /session/3c4f50c8662ea89f089dc0ded56e299c/execute/async - {"script":"<script> [1562 bytes]","args":[{"selector":{"controlType":"sap.m.GenericTile","properties":{"header":"Manage Conditions & Prices"}},"wdio_ui5_key":"sapm.GenericTile{\"header\":\"Manage Conditions & Prices\"}"}]}
COMMAND: POST /session/3c4f50c8662ea89f089dc0ded56e299c/elements - {"using":"xpath","value":"//*[@id=\"backBtn\"]"}
RESULT: {"script":"<script> [1562 bytes]","args":[{"selector":{"controlType":"sap.m.GenericTile","properties":{"header":"Manage Conditions & Prices"}},"wdio_ui5_key":"sapm.GenericTile{\"header\":\"Manage Conditions & Prices\"}"}]}
RESULT: undefined
COMMAND: POST /session/3c4f50c8662ea89f089dc0ded56e299c/element - {"using":"xpath","value":"//*[@id=\"__tile53\"]"}
RESULT: {"using":"xpath","value":"//*[@id=\"backBtn\"]"}
RESULT: {"using":"xpath","value":"//*[@id=\"__tile53\"]"}
COMMAND: POST /session/3c4f50c8662ea89f089dc0ded56e299c/element/f.258B236964FA729BF8A1BA51B6436D8C.d.7AF25C8190213619C842605A4ED2C2D3.e.2177/click - {}
RESULT: {}
COMMAND: GET /session/3c4f50c8662ea89f089dc0ded56e299c/screenshot - {}
COMMAND: POST /session/3c4f50c8662ea89f089dc0ded56e299c/elements - {"using":"xpath","value":"//*[@id=\"backBtn\"]"}
RESULT: {}
RESULT: {"using":"xpath","value":"//*[@id=\"backBtn\"]"}
COMMAND: POST /session/3c4f50c8662ea89f089dc0ded56e299c/elements - {"using":"xpath","value":"//*[@id=\"backBtn\"]"}
RESULT: {"using":"xpath","value":"//*[@id=\"backBtn\"]"}
COMMAND: POST /session/3c4f50c8662ea89f089dc0ded56e299c/elements - {"using":"xpath","value":"//*[@id=\"backBtn\"]"}
RESULT: {"using":"xpath","value":"//*[@id=\"backBtn\"]"}
COMMAND: POST /session/3c4f50c8662ea89f089dc0ded56e299c/elements - {"using":"xpath","value":"//*[@id=\"backBtn\"]"}
COMMAND: POST /session/3c4f50c8662ea89f089dc0ded56e299c/elements - {"using":"xpath","value":"//span[text()='Error']"}
RESULT: {"using":"xpath","value":"//*[@id=\"backBtn\"]"}
COMMAND: POST /session/3c4f50c8662ea89f089dc0ded56e299c/element - {"using":"xpath","value":"//*[@id=\"backBtn\"]"}
RESULT: {"using":"xpath","value":"//span[text()='Error']"}
RESULT: {"using":"xpath","value":"//*[@id=\"backBtn\"]"}
COMMAND: POST /session/3c4f50c8662ea89f089dc0ded56e299c/element/f.258B236964FA729BF8A1BA51B6436D8C.d.7AF25C8190213619C842605A4ED2C2D3.e.2030/click - {}
COMMAND: POST /session/3c4f50c8662ea89f089dc0ded56e299c/element - {"using":"xpath","value":"//*[@id=\"backBtn\"]"}
RESULT: {"using":"xpath","value":"//*[@id=\"backBtn\"]"}
COMMAND: POST /session/3c4f50c8662ea89f089dc0ded56e299c/element/f.258B236964FA729BF8A1BA51B6436D8C.d.7AF25C8190213619C842605A4ED2C2D3.e.2208/click - {}
RESULT: {}
COMMAND: GET /session/3c4f50c8662ea89f089dc0ded56e299c/screenshot - {}
RESULT: {}
RESULT: undefined
COMMAND: POST /session/3c4f50c8662ea89f089dc0ded56e299c/element - {"using":"xpath","value":"//*[@id=\"__tile53\"]"}
RESULT: {"using":"xpath","value":"//*[@id=\"__tile53\"]"}
COMMAND: POST /session/3c4f50c8662ea89f089dc0ded56e299c/element/f.258B236964FA729BF8A1BA51B6436D8C.d.7AF25C8190213619C842605A4ED2C2D3.e.2177/click - {}
RESULT: {}
RESULT: undefined
COMMAND: POST /session/3c4f50c8662ea89f089dc0ded56e299c/element - {"using":"xpath","value":"//*[@id=\"__tile53\"]"}
COMMAND: GET /session/3c4f50c8662ea89f089dc0ded56e299c/screenshot - {}
RESULT: {"using":"xpath","value":"//*[@id=\"__tile53\"]"}
COMMAND: POST /session/3c4f50c8662ea89f089dc0ded56e299c/element/f.258B236964FA729BF8A1BA51B6436D8C.d.7AF25C8190213619C842605A4ED2C2D3.e.2177/click - {}
RESULT: {}
RESULT: undefined
COMMAND: POST /session/3c4f50c8662ea89f089dc0ded56e299c/execute/async - {"script":"<script> [6424 bytes]","args":[{"element-6066-11e4-a52e-4f735466cecf":"f.258B236964FA729BF8A1BA51B6436D8C.d.7AF25C8190213619C842605A4ED2C2D3.e.217"},"getTitle",[]]}
COMMAND: POST /session/3c4f50c8662ea89f089dc0ded56e299c/execute/async - {"script":"<script> [1562 bytes]","args":[{"selector":{"id":"shellAppTitle"},"wdio_ui5_key":"shellAppTitle"}]}
RESULT: {"script":"<script> [1562 bytes]","args":[{"selector":{"id":"shellAppTitle"},"wdio_ui5_key":"shellAppTitle"}]}
COMMAND: POST /session/3c4f50c8662ea89f089dc0ded56e299c/execute/async - {"script":"<script> [6424 bytes]","args":[{"element-6066-11e4-a52e-4f735466cecf":"f.258B236964FA729BF8A1BA51B6436D8C.d.7AF25C8190213619C842605A4ED2C2D3.e.2308"},"getTitle",[]]}
RESULT: {"script":"<script> [6424 bytes]","args":[{"element-6066-11e4-a52e-4f735466cecf":"f.258B236964FA729BF8A1BA51B6436D8C.d.7AF25C8190213619C842605A4ED2C2D3.e.2308"},"getTitle",[]]}
RESULT: undefined
COMMAND: POST /session/3c4f50c8662ea89f089dc0ded56e299c/element/f.258B236964FA729BF8A1BA51B6436D8C.d.7AF25C8190213619C842605A4ED2C2D3.e.2208/click - {}
RESULT: {}
COMMAND: GET /session/3c4f50c8662ea89f089dc0ded56e299c/screenshot - {}
RESULT: {}
]]></system-out>
    </testcase>
    <testcase classname="chrome.136_0_7103_49.windows.Sanity_Tests_US104253" name="Should open Billing Transfer page" time="38.186">
      <system-out><![CDATA[
COMMAND: POST /session/3c4f50c8662ea89f089dc0ded56e299c/execute/async - {"script":"<script> [1562 bytes]","args":[{"selector":{"controlType":"sap.m.GenericTile","properties":{"header":"Billing Transfer"}},"wdio_ui5_key":"sapm.GenericTile{\"header\":\"Billing Transfer\"}"}]}
RESULT: {"script":"<script> [1562 bytes]","args":[{"selector":{"controlType":"sap.m.GenericTile","properties":{"header":"Billing Transfer"}},"wdio_ui5_key":"sapm.GenericTile{\"header\":\"Billing Transfer\"}"}]}
RESULT: undefined
COMMAND: POST /session/3c4f50c8662ea89f089dc0ded56e299c/element - {"using":"xpath","value":"//*[@id=\"__tile50\"]"}
RESULT: {"using":"xpath","value":"//*[@id=\"__tile50\"]"}
COMMAND: POST /session/3c4f50c8662ea89f089dc0ded56e299c/element/f.258B236964FA729BF8A1BA51B6436D8C.d.7AF25C8190213619C842605A4ED2C2D3.e.2310/click - {}
RESULT: {}
COMMAND: GET /session/3c4f50c8662ea89f089dc0ded56e299c/screenshot - {}
RESULT: {}
COMMAND: POST /session/3c4f50c8662ea89f089dc0ded56e299c/elements - {"using":"xpath","value":"//span[text()='Error']"}
RESULT: {"using":"xpath","value":"//span[text()='Error']"}
RESULT: undefined
COMMAND: POST /session/3c4f50c8662ea89f089dc0ded56e299c/element - {"using":"xpath","value":"//*[@id=\"__tile50\"]"}
RESULT: {"using":"xpath","value":"//*[@id=\"__tile50\"]"}
COMMAND: POST /session/3c4f50c8662ea89f089dc0ded56e299c/element/f.258B236964FA729BF8A1BA51B6436D8C.d.7AF25C8190213619C842605A4ED2C2D3.e.2310/click - {}
RESULT: undefined
COMMAND: POST /session/3c4f50c8662ea89f089dc0ded56e299c/element - {"using":"xpath","value":"//*[@id=\"__tile50\"]"}
RESULT: {"using":"xpath","value":"//*[@id=\"__tile50\"]"}
COMMAND: POST /session/3c4f50c8662ea89f089dc0ded56e299c/element/f.258B236964FA729BF8A1BA51B6436D8C.d.7AF25C8190213619C842605A4ED2C2D3.e.2310/click - {}
RESULT: undefined
COMMAND: POST /session/3c4f50c8662ea89f089dc0ded56e299c/execute/async - {"script":"<script> [6424 bytes]","args":[{"element-6066-11e4-a52e-4f735466cecf":"f.258B236964FA729BF8A1BA51B6436D8C.d.7AF25C8190213619C842605A4ED2C2D3.e.217"},"getTitle",[]]}
COMMAND: POST /session/3c4f50c8662ea89f089dc0ded56e299c/execute/async - {"script":"<script> [1562 bytes]","args":[{"selector":{"id":"shellAppTitle"},"wdio_ui5_key":"shellAppTitle"}]}
RESULT: {"script":"<script> [1562 bytes]","args":[{"selector":{"id":"shellAppTitle"},"wdio_ui5_key":"shellAppTitle"}]}
COMMAND: POST /session/3c4f50c8662ea89f089dc0ded56e299c/execute/async - {"script":"<script> [6424 bytes]","args":[{"element-6066-11e4-a52e-4f735466cecf":"f.258B236964FA729BF8A1BA51B6436D8C.d.7AF25C8190213619C842605A4ED2C2D3.e.2391"},"getTitle",[]]}
RESULT: {"script":"<script> [6424 bytes]","args":[{"element-6066-11e4-a52e-4f735466cecf":"f.258B236964FA729BF8A1BA51B6436D8C.d.7AF25C8190213619C842605A4ED2C2D3.e.2391"},"getTitle",[]]}
RESULT: undefined
COMMAND: POST /session/3c4f50c8662ea89f089dc0ded56e299c/element/f.258B236964FA729BF8A1BA51B6436D8C.d.7AF25C8190213619C842605A4ED2C2D3.e.2208/click - {}
COMMAND: POST /session/3c4f50c8662ea89f089dc0ded56e299c/element - {"using":"xpath","value":"//*[@id=\"backBtn\"]"}
RESULT: {"using":"xpath","value":"//*[@id=\"backBtn\"]"}
COMMAND: POST /session/3c4f50c8662ea89f089dc0ded56e299c/element/f.258B236964FA729BF8A1BA51B6436D8C.d.7AF25C8190213619C842605A4ED2C2D3.e.2208/click - {}
COMMAND: POST /session/3c4f50c8662ea89f089dc0ded56e299c/element - {"using":"xpath","value":"//*[@id=\"backBtn\"]"}
RESULT: {"using":"xpath","value":"//*[@id=\"backBtn\"]"}
COMMAND: POST /session/3c4f50c8662ea89f089dc0ded56e299c/element/f.258B236964FA729BF8A1BA51B6436D8C.d.7AF25C8190213619C842605A4ED2C2D3.e.2392/click - {}
RESULT: {}
COMMAND: GET /session/3c4f50c8662ea89f089dc0ded56e299c/screenshot - {}
RESULT: {}
]]></system-out>
    </testcase>
    <testcase classname="chrome.136_0_7103_49.windows.Sanity_Tests_US104253" name="Should open Manage Pricing Rules page" time="37.992">
      <system-out><![CDATA[
COMMAND: POST /session/3c4f50c8662ea89f089dc0ded56e299c/execute/async - {"script":"<script> [1562 bytes]","args":[{"selector":{"controlType":"sap.m.GenericTile","properties":{"header":"Manage Pricing Rules"}},"wdio_ui5_key":"sapm.GenericTile{\"header\":\"Manage Pricing Rules\"}"}]}
RESULT: {"script":"<script> [1562 bytes]","args":[{"selector":{"controlType":"sap.m.GenericTile","properties":{"header":"Manage Pricing Rules"}},"wdio_ui5_key":"sapm.GenericTile{\"header\":\"Manage Pricing Rules\"}"}]}
RESULT: undefined
COMMAND: POST /session/3c4f50c8662ea89f089dc0ded56e299c/element - {"using":"xpath","value":"//*[@id=\"__tile55\"]"}
RESULT: {"using":"xpath","value":"//*[@id=\"__tile55\"]"}
COMMAND: POST /session/3c4f50c8662ea89f089dc0ded56e299c/element/f.258B236964FA729BF8A1BA51B6436D8C.d.7AF25C8190213619C842605A4ED2C2D3.e.2394/click - {}
RESULT: {}
COMMAND: GET /session/3c4f50c8662ea89f089dc0ded56e299c/screenshot - {}
RESULT: {}
COMMAND: POST /session/3c4f50c8662ea89f089dc0ded56e299c/elements - {"using":"xpath","value":"//span[text()='Error']"}
RESULT: {"using":"xpath","value":"//span[text()='Error']"}
RESULT: undefined
COMMAND: POST /session/3c4f50c8662ea89f089dc0ded56e299c/element - {"using":"xpath","value":"//*[@id=\"__tile55\"]"}
RESULT: {"using":"xpath","value":"//*[@id=\"__tile55\"]"}
COMMAND: POST /session/3c4f50c8662ea89f089dc0ded56e299c/element/f.258B236964FA729BF8A1BA51B6436D8C.d.7AF25C8190213619C842605A4ED2C2D3.e.2394/click - {}
RESULT: undefined
COMMAND: POST /session/3c4f50c8662ea89f089dc0ded56e299c/element - {"using":"xpath","value":"//*[@id=\"__tile55\"]"}
RESULT: {"using":"xpath","value":"//*[@id=\"__tile55\"]"}
COMMAND: POST /session/3c4f50c8662ea89f089dc0ded56e299c/element/f.258B236964FA729BF8A1BA51B6436D8C.d.7AF25C8190213619C842605A4ED2C2D3.e.2394/click - {}
RESULT: undefined
COMMAND: POST /session/3c4f50c8662ea89f089dc0ded56e299c/execute/async - {"script":"<script> [6424 bytes]","args":[{"element-6066-11e4-a52e-4f735466cecf":"f.258B236964FA729BF8A1BA51B6436D8C.d.7AF25C8190213619C842605A4ED2C2D3.e.217"},"getTitle",[]]}
COMMAND: POST /session/3c4f50c8662ea89f089dc0ded56e299c/execute/async - {"script":"<script> [1562 bytes]","args":[{"selector":{"id":"shellAppTitle"},"wdio_ui5_key":"shellAppTitle"}]}
RESULT: {"script":"<script> [1562 bytes]","args":[{"selector":{"id":"shellAppTitle"},"wdio_ui5_key":"shellAppTitle"}]}
COMMAND: POST /session/3c4f50c8662ea89f089dc0ded56e299c/execute/async - {"script":"<script> [6424 bytes]","args":[{"element-6066-11e4-a52e-4f735466cecf":"f.258B236964FA729BF8A1BA51B6436D8C.d.7AF25C8190213619C842605A4ED2C2D3.e.2441"},"getTitle",[]]}
RESULT: {"script":"<script> [6424 bytes]","args":[{"element-6066-11e4-a52e-4f735466cecf":"f.258B236964FA729BF8A1BA51B6436D8C.d.7AF25C8190213619C842605A4ED2C2D3.e.2441"},"getTitle",[]]}
RESULT: undefined
COMMAND: POST /session/3c4f50c8662ea89f089dc0ded56e299c/element/f.258B236964FA729BF8A1BA51B6436D8C.d.7AF25C8190213619C842605A4ED2C2D3.e.2392/click - {}
RESULT: {}
COMMAND: GET /session/3c4f50c8662ea89f089dc0ded56e299c/screenshot - {}
RESULT: {}
]]></system-out>
    </testcase>
    <testcase classname="chrome.136_0_7103_49.windows.Sanity_Tests_US104253" name="Should open Manage Price Determination Matrices page" time="36.849">
      <system-out><![CDATA[
COMMAND: POST /session/3c4f50c8662ea89f089dc0ded56e299c/execute/async - {"script":"<script> [1562 bytes]","args":[{"selector":{"controlType":"sap.m.GenericTile","properties":{"header":"Manage Price Determination Matrices"}},"wdio_ui5_key":"sapm.GenericTile{\"header\":\"Manage Price Determination Matrices\"}"}]}
RESULT: {"script":"<script> [1562 bytes]","args":[{"selector":{"controlType":"sap.m.GenericTile","properties":{"header":"Manage Price Determination Matrices"}},"wdio_ui5_key":"sapm.GenericTile{\"header\":\"Manage Price Determination Matrices\"}"}]}
RESULT: undefined
COMMAND: POST /session/3c4f50c8662ea89f089dc0ded56e299c/element - {"using":"xpath","value":"//*[@id=\"__tile54\"]"}
RESULT: {"using":"xpath","value":"//*[@id=\"__tile54\"]"}
COMMAND: POST /session/3c4f50c8662ea89f089dc0ded56e299c/element/f.258B236964FA729BF8A1BA51B6436D8C.d.7AF25C8190213619C842605A4ED2C2D3.e.2443/click - {}
RESULT: {}
COMMAND: GET /session/3c4f50c8662ea89f089dc0ded56e299c/screenshot - {}
RESULT: {}
COMMAND: POST /session/3c4f50c8662ea89f089dc0ded56e299c/elements - {"using":"xpath","value":"//span[text()='Error']"}
RESULT: {"using":"xpath","value":"//span[text()='Error']"}
RESULT: undefined
COMMAND: POST /session/3c4f50c8662ea89f089dc0ded56e299c/element - {"using":"xpath","value":"//*[@id=\"__tile54\"]"}
RESULT: {"using":"xpath","value":"//*[@id=\"__tile54\"]"}
COMMAND: POST /session/3c4f50c8662ea89f089dc0ded56e299c/element/f.258B236964FA729BF8A1BA51B6436D8C.d.7AF25C8190213619C842605A4ED2C2D3.e.2443/click - {}
RESULT: undefined
COMMAND: POST /session/3c4f50c8662ea89f089dc0ded56e299c/element - {"using":"xpath","value":"//*[@id=\"__tile54\"]"}
RESULT: {"using":"xpath","value":"//*[@id=\"__tile54\"]"}
COMMAND: POST /session/3c4f50c8662ea89f089dc0ded56e299c/element/f.258B236964FA729BF8A1BA51B6436D8C.d.7AF25C8190213619C842605A4ED2C2D3.e.2443/click - {}
RESULT: undefined
COMMAND: POST /session/3c4f50c8662ea89f089dc0ded56e299c/execute/async - {"script":"<script> [6424 bytes]","args":[{"element-6066-11e4-a52e-4f735466cecf":"f.258B236964FA729BF8A1BA51B6436D8C.d.7AF25C8190213619C842605A4ED2C2D3.e.217"},"getTitle",[]]}
COMMAND: POST /session/3c4f50c8662ea89f089dc0ded56e299c/execute/async - {"script":"<script> [1562 bytes]","args":[{"selector":{"id":"shellAppTitle"},"wdio_ui5_key":"shellAppTitle"}]}
RESULT: {"script":"<script> [1562 bytes]","args":[{"selector":{"id":"shellAppTitle"},"wdio_ui5_key":"shellAppTitle"}]}
COMMAND: POST /session/3c4f50c8662ea89f089dc0ded56e299c/execute/async - {"script":"<script> [6424 bytes]","args":[{"element-6066-11e4-a52e-4f735466cecf":"f.258B236964FA729BF8A1BA51B6436D8C.d.7AF25C8190213619C842605A4ED2C2D3.e.2550"},"getTitle",[]]}
RESULT: {"script":"<script> [6424 bytes]","args":[{"element-6066-11e4-a52e-4f735466cecf":"f.258B236964FA729BF8A1BA51B6436D8C.d.7AF25C8190213619C842605A4ED2C2D3.e.2550"},"getTitle",[]]}
RESULT: undefined
COMMAND: POST /session/3c4f50c8662ea89f089dc0ded56e299c/element/f.258B236964FA729BF8A1BA51B6436D8C.d.7AF25C8190213619C842605A4ED2C2D3.e.2392/click - {}
COMMAND: POST /session/3c4f50c8662ea89f089dc0ded56e299c/element - {"using":"xpath","value":"//*[@id=\"backBtn\"]"}
RESULT: {"using":"xpath","value":"//*[@id=\"backBtn\"]"}
COMMAND: POST /session/3c4f50c8662ea89f089dc0ded56e299c/element/f.258B236964FA729BF8A1BA51B6436D8C.d.7AF25C8190213619C842605A4ED2C2D3.e.2392/click - {}
COMMAND: POST /session/3c4f50c8662ea89f089dc0ded56e299c/element - {"using":"xpath","value":"//*[@id=\"backBtn\"]"}
RESULT: {"using":"xpath","value":"//*[@id=\"backBtn\"]"}
COMMAND: POST /session/3c4f50c8662ea89f089dc0ded56e299c/element/f.258B236964FA729BF8A1BA51B6436D8C.d.7AF25C8190213619C842605A4ED2C2D3.e.2551/click - {}
RESULT: {}
COMMAND: GET /session/3c4f50c8662ea89f089dc0ded56e299c/screenshot - {}
RESULT: {}
]]></system-out>
    </testcase>
    <testcase classname="chrome.136_0_7103_49.windows.Sanity_Tests_US104253" name="Should open Yard Overview page" time="37.535">
      <system-out><![CDATA[
COMMAND: POST /session/3c4f50c8662ea89f089dc0ded56e299c/execute/async - {"script":"<script> [1562 bytes]","args":[{"selector":{"controlType":"sap.m.GenericTile","properties":{"header":"Yard Overview"}},"wdio_ui5_key":"sapm.GenericTile{\"header\":\"Yard Overview\"}"}]}
RESULT: {"script":"<script> [1562 bytes]","args":[{"selector":{"controlType":"sap.m.GenericTile","properties":{"header":"Yard Overview"}},"wdio_ui5_key":"sapm.GenericTile{\"header\":\"Yard Overview\"}"}]}
RESULT: undefined
COMMAND: POST /session/3c4f50c8662ea89f089dc0ded56e299c/element - {"using":"xpath","value":"//*[@id=\"__tile102\"]"}
RESULT: {"using":"xpath","value":"//*[@id=\"__tile102\"]"}
COMMAND: POST /session/3c4f50c8662ea89f089dc0ded56e299c/element/f.258B236964FA729BF8A1BA51B6436D8C.d.7AF25C8190213619C842605A4ED2C2D3.e.2553/click - {}
RESULT: {}
COMMAND: GET /session/3c4f50c8662ea89f089dc0ded56e299c/screenshot - {}
RESULT: {}
COMMAND: POST /session/3c4f50c8662ea89f089dc0ded56e299c/elements - {"using":"xpath","value":"//span[text()='Error']"}
RESULT: {"using":"xpath","value":"//span[text()='Error']"}
RESULT: undefined
COMMAND: POST /session/3c4f50c8662ea89f089dc0ded56e299c/element - {"using":"xpath","value":"//*[@id=\"__tile102\"]"}
RESULT: {"using":"xpath","value":"//*[@id=\"__tile102\"]"}
COMMAND: POST /session/3c4f50c8662ea89f089dc0ded56e299c/element/f.258B236964FA729BF8A1BA51B6436D8C.d.7AF25C8190213619C842605A4ED2C2D3.e.2553/click - {}
RESULT: undefined
COMMAND: POST /session/3c4f50c8662ea89f089dc0ded56e299c/element - {"using":"xpath","value":"//*[@id=\"__tile102\"]"}
RESULT: {"using":"xpath","value":"//*[@id=\"__tile102\"]"}
COMMAND: POST /session/3c4f50c8662ea89f089dc0ded56e299c/element/f.258B236964FA729BF8A1BA51B6436D8C.d.7AF25C8190213619C842605A4ED2C2D3.e.2553/click - {}
RESULT: undefined
COMMAND: POST /session/3c4f50c8662ea89f089dc0ded56e299c/execute/async - {"script":"<script> [6424 bytes]","args":[{"element-6066-11e4-a52e-4f735466cecf":"f.258B236964FA729BF8A1BA51B6436D8C.d.7AF25C8190213619C842605A4ED2C2D3.e.217"},"getTitle",[]]}
COMMAND: POST /session/3c4f50c8662ea89f089dc0ded56e299c/execute/async - {"script":"<script> [1562 bytes]","args":[{"selector":{"id":"shellAppTitle"},"wdio_ui5_key":"shellAppTitle"}]}
RESULT: {"script":"<script> [1562 bytes]","args":[{"selector":{"id":"shellAppTitle"},"wdio_ui5_key":"shellAppTitle"}]}
COMMAND: POST /session/3c4f50c8662ea89f089dc0ded56e299c/execute/async - {"script":"<script> [6424 bytes]","args":[{"element-6066-11e4-a52e-4f735466cecf":"f.258B236964FA729BF8A1BA51B6436D8C.d.7AF25C8190213619C842605A4ED2C2D3.e.2613"},"getTitle",[]]}
RESULT: {"script":"<script> [6424 bytes]","args":[{"element-6066-11e4-a52e-4f735466cecf":"f.258B236964FA729BF8A1BA51B6436D8C.d.7AF25C8190213619C842605A4ED2C2D3.e.2613"},"getTitle",[]]}
RESULT: undefined
COMMAND: POST /session/3c4f50c8662ea89f089dc0ded56e299c/element/f.258B236964FA729BF8A1BA51B6436D8C.d.7AF25C8190213619C842605A4ED2C2D3.e.2551/click - {}
RESULT: {}
COMMAND: GET /session/3c4f50c8662ea89f089dc0ded56e299c/screenshot - {}
RESULT: {}
]]></system-out>
    </testcase>
    <testcase classname="chrome.136_0_7103_49.windows.Sanity_Tests_US104253" name="Should open Site Overview page" time="37.841">
      <system-out><![CDATA[
COMMAND: POST /session/3c4f50c8662ea89f089dc0ded56e299c/execute/async - {"script":"<script> [1562 bytes]","args":[{"selector":{"controlType":"sap.m.GenericTile","properties":{"header":"Site Overview"}},"wdio_ui5_key":"sapm.GenericTile{\"header\":\"Site Overview\"}"}]}
RESULT: {"script":"<script> [1562 bytes]","args":[{"selector":{"controlType":"sap.m.GenericTile","properties":{"header":"Site Overview"}},"wdio_ui5_key":"sapm.GenericTile{\"header\":\"Site Overview\"}"}]}
RESULT: undefined
COMMAND: POST /session/3c4f50c8662ea89f089dc0ded56e299c/element - {"using":"xpath","value":"//*[@id=\"__tile100\"]"}
RESULT: {"using":"xpath","value":"//*[@id=\"__tile100\"]"}
COMMAND: POST /session/3c4f50c8662ea89f089dc0ded56e299c/element/f.258B236964FA729BF8A1BA51B6436D8C.d.7AF25C8190213619C842605A4ED2C2D3.e.2616/click - {}
RESULT: {}
COMMAND: GET /session/3c4f50c8662ea89f089dc0ded56e299c/screenshot - {}
RESULT: {}
COMMAND: POST /session/3c4f50c8662ea89f089dc0ded56e299c/elements - {"using":"xpath","value":"//span[text()='Error']"}
RESULT: {"using":"xpath","value":"//span[text()='Error']"}
RESULT: undefined
COMMAND: POST /session/3c4f50c8662ea89f089dc0ded56e299c/element - {"using":"xpath","value":"//*[@id=\"__tile100\"]"}
RESULT: {"using":"xpath","value":"//*[@id=\"__tile100\"]"}
COMMAND: POST /session/3c4f50c8662ea89f089dc0ded56e299c/element/f.258B236964FA729BF8A1BA51B6436D8C.d.7AF25C8190213619C842605A4ED2C2D3.e.2616/click - {}
RESULT: undefined
COMMAND: POST /session/3c4f50c8662ea89f089dc0ded56e299c/element - {"using":"xpath","value":"//*[@id=\"__tile100\"]"}
RESULT: {"using":"xpath","value":"//*[@id=\"__tile100\"]"}
COMMAND: POST /session/3c4f50c8662ea89f089dc0ded56e299c/element/f.258B236964FA729BF8A1BA51B6436D8C.d.7AF25C8190213619C842605A4ED2C2D3.e.2616/click - {}
RESULT: undefined
COMMAND: POST /session/3c4f50c8662ea89f089dc0ded56e299c/execute/async - {"script":"<script> [6424 bytes]","args":[{"element-6066-11e4-a52e-4f735466cecf":"f.258B236964FA729BF8A1BA51B6436D8C.d.7AF25C8190213619C842605A4ED2C2D3.e.217"},"getTitle",[]]}
COMMAND: POST /session/3c4f50c8662ea89f089dc0ded56e299c/execute/async - {"script":"<script> [1562 bytes]","args":[{"selector":{"id":"shellAppTitle"},"wdio_ui5_key":"shellAppTitle"}]}
RESULT: {"script":"<script> [1562 bytes]","args":[{"selector":{"id":"shellAppTitle"},"wdio_ui5_key":"shellAppTitle"}]}
COMMAND: POST /session/3c4f50c8662ea89f089dc0ded56e299c/execute/async - {"script":"<script> [6424 bytes]","args":[{"element-6066-11e4-a52e-4f735466cecf":"f.258B236964FA729BF8A1BA51B6436D8C.d.7AF25C8190213619C842605A4ED2C2D3.e.2740"},"getTitle",[]]}
RESULT: {"script":"<script> [6424 bytes]","args":[{"element-6066-11e4-a52e-4f735466cecf":"f.258B236964FA729BF8A1BA51B6436D8C.d.7AF25C8190213619C842605A4ED2C2D3.e.2740"},"getTitle",[]]}
RESULT: undefined
COMMAND: POST /session/3c4f50c8662ea89f089dc0ded56e299c/element/f.258B236964FA729BF8A1BA51B6436D8C.d.7AF25C8190213619C842605A4ED2C2D3.e.2551/click - {}
COMMAND: POST /session/3c4f50c8662ea89f089dc0ded56e299c/element - {"using":"xpath","value":"//*[@id=\"backBtn\"]"}
RESULT: {"using":"xpath","value":"//*[@id=\"backBtn\"]"}
COMMAND: POST /session/3c4f50c8662ea89f089dc0ded56e299c/element/f.258B236964FA729BF8A1BA51B6436D8C.d.7AF25C8190213619C842605A4ED2C2D3.e.2551/click - {}
COMMAND: POST /session/3c4f50c8662ea89f089dc0ded56e299c/element - {"using":"xpath","value":"//*[@id=\"backBtn\"]"}
RESULT: {"using":"xpath","value":"//*[@id=\"backBtn\"]"}
COMMAND: POST /session/3c4f50c8662ea89f089dc0ded56e299c/element/f.258B236964FA729BF8A1BA51B6436D8C.d.7AF25C8190213619C842605A4ED2C2D3.e.2741/click - {}
RESULT: {}
COMMAND: GET /session/3c4f50c8662ea89f089dc0ded56e299c/screenshot - {}
RESULT: {}
]]></system-out>
    </testcase>
    <testcase classname="chrome.136_0_7103_49.windows.Sanity_Tests_US104253" name="Should open Trace Track Resources page" time="36.517">
      <system-out><![CDATA[
COMMAND: POST /session/3c4f50c8662ea89f089dc0ded56e299c/execute/async - {"script":"<script> [1562 bytes]","args":[{"selector":{"controlType":"sap.m.GenericTile","properties":{"header":"Trace & Track Resources"}},"wdio_ui5_key":"sapm.GenericTile{\"header\":\"Trace & Track Resources\"}"}]}
RESULT: {"script":"<script> [1562 bytes]","args":[{"selector":{"controlType":"sap.m.GenericTile","properties":{"header":"Trace & Track Resources"}},"wdio_ui5_key":"sapm.GenericTile{\"header\":\"Trace & Track Resources\"}"}]}
RESULT: undefined
COMMAND: POST /session/3c4f50c8662ea89f089dc0ded56e299c/element - {"using":"xpath","value":"//*[@id=\"__tile101\"]"}
RESULT: {"using":"xpath","value":"//*[@id=\"__tile101\"]"}
COMMAND: POST /session/3c4f50c8662ea89f089dc0ded56e299c/element/f.258B236964FA729BF8A1BA51B6436D8C.d.7AF25C8190213619C842605A4ED2C2D3.e.2743/click - {}
RESULT: {}
COMMAND: GET /session/3c4f50c8662ea89f089dc0ded56e299c/screenshot - {}
RESULT: {}
COMMAND: POST /session/3c4f50c8662ea89f089dc0ded56e299c/elements - {"using":"xpath","value":"//span[text()='Error']"}
RESULT: {"using":"xpath","value":"//span[text()='Error']"}
RESULT: undefined
COMMAND: POST /session/3c4f50c8662ea89f089dc0ded56e299c/element - {"using":"xpath","value":"//*[@id=\"__tile101\"]"}
RESULT: {"using":"xpath","value":"//*[@id=\"__tile101\"]"}
COMMAND: POST /session/3c4f50c8662ea89f089dc0ded56e299c/element/f.258B236964FA729BF8A1BA51B6436D8C.d.7AF25C8190213619C842605A4ED2C2D3.e.2743/click - {}
RESULT: undefined
COMMAND: POST /session/3c4f50c8662ea89f089dc0ded56e299c/element - {"using":"xpath","value":"//*[@id=\"__tile101\"]"}
RESULT: {"using":"xpath","value":"//*[@id=\"__tile101\"]"}
COMMAND: POST /session/3c4f50c8662ea89f089dc0ded56e299c/element/f.258B236964FA729BF8A1BA51B6436D8C.d.7AF25C8190213619C842605A4ED2C2D3.e.2743/click - {}
RESULT: undefined
COMMAND: POST /session/3c4f50c8662ea89f089dc0ded56e299c/execute/async - {"script":"<script> [6424 bytes]","args":[{"element-6066-11e4-a52e-4f735466cecf":"f.258B236964FA729BF8A1BA51B6436D8C.d.7AF25C8190213619C842605A4ED2C2D3.e.217"},"getTitle",[]]}
COMMAND: POST /session/3c4f50c8662ea89f089dc0ded56e299c/execute/async - {"script":"<script> [1562 bytes]","args":[{"selector":{"id":"shellAppTitle"},"wdio_ui5_key":"shellAppTitle"}]}
RESULT: {"script":"<script> [1562 bytes]","args":[{"selector":{"id":"shellAppTitle"},"wdio_ui5_key":"shellAppTitle"}]}
COMMAND: POST /session/3c4f50c8662ea89f089dc0ded56e299c/execute/async - {"script":"<script> [6424 bytes]","args":[{"element-6066-11e4-a52e-4f735466cecf":"f.258B236964FA729BF8A1BA51B6436D8C.d.7AF25C8190213619C842605A4ED2C2D3.e.2789"},"getTitle",[]]}
RESULT: {"script":"<script> [6424 bytes]","args":[{"element-6066-11e4-a52e-4f735466cecf":"f.258B236964FA729BF8A1BA51B6436D8C.d.7AF25C8190213619C842605A4ED2C2D3.e.2789"},"getTitle",[]]}
RESULT: undefined
COMMAND: POST /session/3c4f50c8662ea89f089dc0ded56e299c/element/f.258B236964FA729BF8A1BA51B6436D8C.d.7AF25C8190213619C842605A4ED2C2D3.e.2741/click - {}
RESULT: {}
COMMAND: GET /session/3c4f50c8662ea89f089dc0ded56e299c/screenshot - {}
RESULT: {}
]]></system-out>
    </testcase>
    <testcase classname="chrome.136_0_7103_49.windows.Sanity_Tests_US104253" name="Should open RU Inventory List page" time="37.325">
      <system-out><![CDATA[
COMMAND: POST /session/3c4f50c8662ea89f089dc0ded56e299c/execute/async - {"script":"<script> [1562 bytes]","args":[{"selector":{"controlType":"sap.m.GenericTile","properties":{"header":"RU Inventory List"}},"wdio_ui5_key":"sapm.GenericTile{\"header\":\"RU Inventory List\"}"}]}
RESULT: {"script":"<script> [1562 bytes]","args":[{"selector":{"controlType":"sap.m.GenericTile","properties":{"header":"RU Inventory List"}},"wdio_ui5_key":"sapm.GenericTile{\"header\":\"RU Inventory List\"}"}]}
RESULT: undefined
COMMAND: POST /session/3c4f50c8662ea89f089dc0ded56e299c/element - {"using":"xpath","value":"//*[@id=\"__tile99\"]"}
RESULT: {"using":"xpath","value":"//*[@id=\"__tile99\"]"}
COMMAND: POST /session/3c4f50c8662ea89f089dc0ded56e299c/element/f.258B236964FA729BF8A1BA51B6436D8C.d.7AF25C8190213619C842605A4ED2C2D3.e.2791/click - {}
RESULT: {}
COMMAND: GET /session/3c4f50c8662ea89f089dc0ded56e299c/screenshot - {}
RESULT: {}
COMMAND: POST /session/3c4f50c8662ea89f089dc0ded56e299c/elements - {"using":"xpath","value":"//span[text()='Error']"}
RESULT: {"using":"xpath","value":"//span[text()='Error']"}
RESULT: undefined
COMMAND: POST /session/3c4f50c8662ea89f089dc0ded56e299c/element - {"using":"xpath","value":"//*[@id=\"__tile99\"]"}
RESULT: {"using":"xpath","value":"//*[@id=\"__tile99\"]"}
COMMAND: POST /session/3c4f50c8662ea89f089dc0ded56e299c/element/f.258B236964FA729BF8A1BA51B6436D8C.d.7AF25C8190213619C842605A4ED2C2D3.e.2791/click - {}
RESULT: undefined
COMMAND: POST /session/3c4f50c8662ea89f089dc0ded56e299c/element - {"using":"xpath","value":"//*[@id=\"__tile99\"]"}
RESULT: {"using":"xpath","value":"//*[@id=\"__tile99\"]"}
COMMAND: POST /session/3c4f50c8662ea89f089dc0ded56e299c/element/f.258B236964FA729BF8A1BA51B6436D8C.d.7AF25C8190213619C842605A4ED2C2D3.e.2791/click - {}
RESULT: undefined
COMMAND: POST /session/3c4f50c8662ea89f089dc0ded56e299c/execute/async - {"script":"<script> [6424 bytes]","args":[{"element-6066-11e4-a52e-4f735466cecf":"f.258B236964FA729BF8A1BA51B6436D8C.d.7AF25C8190213619C842605A4ED2C2D3.e.217"},"getTitle",[]]}
COMMAND: POST /session/3c4f50c8662ea89f089dc0ded56e299c/execute/async - {"script":"<script> [1562 bytes]","args":[{"selector":{"id":"shellAppTitle"},"wdio_ui5_key":"shellAppTitle"}]}
RESULT: {"script":"<script> [1562 bytes]","args":[{"selector":{"id":"shellAppTitle"},"wdio_ui5_key":"shellAppTitle"}]}
COMMAND: POST /session/3c4f50c8662ea89f089dc0ded56e299c/execute/async - {"script":"<script> [6424 bytes]","args":[{"element-6066-11e4-a52e-4f735466cecf":"f.258B236964FA729BF8A1BA51B6436D8C.d.7AF25C8190213619C842605A4ED2C2D3.e.2994"},"getTitle",[]]}
RESULT: {"script":"<script> [6424 bytes]","args":[{"element-6066-11e4-a52e-4f735466cecf":"f.258B236964FA729BF8A1BA51B6436D8C.d.7AF25C8190213619C842605A4ED2C2D3.e.2994"},"getTitle",[]]}
RESULT: undefined
COMMAND: POST /session/3c4f50c8662ea89f089dc0ded56e299c/element/f.258B236964FA729BF8A1BA51B6436D8C.d.7AF25C8190213619C842605A4ED2C2D3.e.2741/click - {}
COMMAND: POST /session/3c4f50c8662ea89f089dc0ded56e299c/element - {"using":"xpath","value":"//*[@id=\"backBtn\"]"}
RESULT: {"using":"xpath","value":"//*[@id=\"backBtn\"]"}
COMMAND: POST /session/3c4f50c8662ea89f089dc0ded56e299c/element/f.258B236964FA729BF8A1BA51B6436D8C.d.7AF25C8190213619C842605A4ED2C2D3.e.2741/click - {}
COMMAND: POST /session/3c4f50c8662ea89f089dc0ded56e299c/element - {"using":"xpath","value":"//*[@id=\"backBtn\"]"}
RESULT: {"using":"xpath","value":"//*[@id=\"backBtn\"]"}
COMMAND: POST /session/3c4f50c8662ea89f089dc0ded56e299c/element/f.258B236964FA729BF8A1BA51B6436D8C.d.7AF25C8190213619C842605A4ED2C2D3.e.2995/click - {}
RESULT: {}
COMMAND: GET /session/3c4f50c8662ea89f089dc0ded56e299c/screenshot - {}
RESULT: {}
]]></system-out>
    </testcase>
    <testcase classname="chrome.136_0_7103_49.windows.Sanity_Tests_US104253" name="Should open Contracts Dashboard page" time="40.074">
      <system-out><![CDATA[
COMMAND: POST /session/3c4f50c8662ea89f089dc0ded56e299c/execute/async - {"script":"<script> [1562 bytes]","args":[{"selector":{"controlType":"sap.m.GenericTile","properties":{"header":"Contracts Dashboard"}},"wdio_ui5_key":"sapm.GenericTile{\"header\":\"Contracts Dashboard\"}"}]}
RESULT: {"script":"<script> [1562 bytes]","args":[{"selector":{"controlType":"sap.m.GenericTile","properties":{"header":"Contracts Dashboard"}},"wdio_ui5_key":"sapm.GenericTile{\"header\":\"Contracts Dashboard\"}"}]}
RESULT: undefined
COMMAND: POST /session/3c4f50c8662ea89f089dc0ded56e299c/element - {"using":"xpath","value":"//*[@id=\"__tile97\"]"}
RESULT: {"using":"xpath","value":"//*[@id=\"__tile97\"]"}
COMMAND: POST /session/3c4f50c8662ea89f089dc0ded56e299c/element/f.258B236964FA729BF8A1BA51B6436D8C.d.7AF25C8190213619C842605A4ED2C2D3.e.2997/click - {}
RESULT: {}
COMMAND: GET /session/3c4f50c8662ea89f089dc0ded56e299c/screenshot - {}
RESULT: {}
COMMAND: POST /session/3c4f50c8662ea89f089dc0ded56e299c/elements - {"using":"xpath","value":"//span[text()='Error']"}
RESULT: {"using":"xpath","value":"//span[text()='Error']"}
RESULT: undefined
COMMAND: POST /session/3c4f50c8662ea89f089dc0ded56e299c/element - {"using":"xpath","value":"//*[@id=\"__tile97\"]"}
RESULT: {"using":"xpath","value":"//*[@id=\"__tile97\"]"}
COMMAND: POST /session/3c4f50c8662ea89f089dc0ded56e299c/element/f.258B236964FA729BF8A1BA51B6436D8C.d.7AF25C8190213619C842605A4ED2C2D3.e.2997/click - {}
RESULT: undefined
COMMAND: POST /session/3c4f50c8662ea89f089dc0ded56e299c/element - {"using":"xpath","value":"//*[@id=\"__tile97\"]"}
RESULT: {"using":"xpath","value":"//*[@id=\"__tile97\"]"}
COMMAND: POST /session/3c4f50c8662ea89f089dc0ded56e299c/element/f.258B236964FA729BF8A1BA51B6436D8C.d.7AF25C8190213619C842605A4ED2C2D3.e.2997/click - {}
RESULT: undefined
COMMAND: POST /session/3c4f50c8662ea89f089dc0ded56e299c/execute/async - {"script":"<script> [6424 bytes]","args":[{"element-6066-11e4-a52e-4f735466cecf":"f.258B236964FA729BF8A1BA51B6436D8C.d.7AF25C8190213619C842605A4ED2C2D3.e.217"},"getTitle",[]]}
COMMAND: POST /session/3c4f50c8662ea89f089dc0ded56e299c/execute/async - {"script":"<script> [1562 bytes]","args":[{"selector":{"id":"shellAppTitle"},"wdio_ui5_key":"shellAppTitle"}]}
RESULT: {"script":"<script> [1562 bytes]","args":[{"selector":{"id":"shellAppTitle"},"wdio_ui5_key":"shellAppTitle"}]}
COMMAND: POST /session/3c4f50c8662ea89f089dc0ded56e299c/execute/async - {"script":"<script> [6424 bytes]","args":[{"element-6066-11e4-a52e-4f735466cecf":"f.258B236964FA729BF8A1BA51B6436D8C.d.7AF25C8190213619C842605A4ED2C2D3.e.3021"},"getTitle",[]]}
RESULT: {"script":"<script> [6424 bytes]","args":[{"element-6066-11e4-a52e-4f735466cecf":"f.258B236964FA729BF8A1BA51B6436D8C.d.7AF25C8190213619C842605A4ED2C2D3.e.3021"},"getTitle",[]]}
RESULT: undefined
COMMAND: POST /session/3c4f50c8662ea89f089dc0ded56e299c/element/f.258B236964FA729BF8A1BA51B6436D8C.d.7AF25C8190213619C842605A4ED2C2D3.e.2995/click - {}
RESULT: {}
COMMAND: GET /session/3c4f50c8662ea89f089dc0ded56e299c/screenshot - {}
RESULT: {}
]]></system-out>
    </testcase>
    <testcase classname="chrome.136_0_7103_49.windows.Sanity_Tests_US104253" name="Should open Bin Status Report page" time="37.009">
      <system-out><![CDATA[
COMMAND: POST /session/3c4f50c8662ea89f089dc0ded56e299c/execute/async - {"script":"<script> [1562 bytes]","args":[{"selector":{"controlType":"sap.m.GenericTile","properties":{"header":"Bin Status Report"}},"wdio_ui5_key":"sapm.GenericTile{\"header\":\"Bin Status Report\"}"}]}
RESULT: {"script":"<script> [1562 bytes]","args":[{"selector":{"controlType":"sap.m.GenericTile","properties":{"header":"Bin Status Report"}},"wdio_ui5_key":"sapm.GenericTile{\"header\":\"Bin Status Report\"}"}]}
RESULT: undefined
COMMAND: POST /session/3c4f50c8662ea89f089dc0ded56e299c/element - {"using":"xpath","value":"//*[@id=\"__tile104\"]"}
RESULT: {"using":"xpath","value":"//*[@id=\"__tile104\"]"}
COMMAND: POST /session/3c4f50c8662ea89f089dc0ded56e299c/element/f.258B236964FA729BF8A1BA51B6436D8C.d.7AF25C8190213619C842605A4ED2C2D3.e.3023/click - {}
RESULT: {}
COMMAND: GET /session/3c4f50c8662ea89f089dc0ded56e299c/screenshot - {}
RESULT: {}
COMMAND: POST /session/3c4f50c8662ea89f089dc0ded56e299c/elements - {"using":"xpath","value":"//span[text()='Error']"}
RESULT: {"using":"xpath","value":"//span[text()='Error']"}
RESULT: undefined
COMMAND: POST /session/3c4f50c8662ea89f089dc0ded56e299c/element - {"using":"xpath","value":"//*[@id=\"__tile104\"]"}
RESULT: {"using":"xpath","value":"//*[@id=\"__tile104\"]"}
COMMAND: POST /session/3c4f50c8662ea89f089dc0ded56e299c/element/f.258B236964FA729BF8A1BA51B6436D8C.d.7AF25C8190213619C842605A4ED2C2D3.e.3023/click - {}
RESULT: undefined
COMMAND: POST /session/3c4f50c8662ea89f089dc0ded56e299c/element - {"using":"xpath","value":"//*[@id=\"__tile104\"]"}
RESULT: {"using":"xpath","value":"//*[@id=\"__tile104\"]"}
COMMAND: POST /session/3c4f50c8662ea89f089dc0ded56e299c/element/f.258B236964FA729BF8A1BA51B6436D8C.d.7AF25C8190213619C842605A4ED2C2D3.e.3023/click - {}
RESULT: undefined
COMMAND: POST /session/3c4f50c8662ea89f089dc0ded56e299c/execute/async - {"script":"<script> [6424 bytes]","args":[{"element-6066-11e4-a52e-4f735466cecf":"f.258B236964FA729BF8A1BA51B6436D8C.d.7AF25C8190213619C842605A4ED2C2D3.e.217"},"getTitle",[]]}
COMMAND: POST /session/3c4f50c8662ea89f089dc0ded56e299c/execute/async - {"script":"<script> [1562 bytes]","args":[{"selector":{"id":"shellAppTitle"},"wdio_ui5_key":"shellAppTitle"}]}
RESULT: {"script":"<script> [1562 bytes]","args":[{"selector":{"id":"shellAppTitle"},"wdio_ui5_key":"shellAppTitle"}]}
COMMAND: POST /session/3c4f50c8662ea89f089dc0ded56e299c/execute/async - {"script":"<script> [6424 bytes]","args":[{"element-6066-11e4-a52e-4f735466cecf":"f.258B236964FA729BF8A1BA51B6436D8C.d.7AF25C8190213619C842605A4ED2C2D3.e.3117"},"getTitle",[]]}
RESULT: {"script":"<script> [6424 bytes]","args":[{"element-6066-11e4-a52e-4f735466cecf":"f.258B236964FA729BF8A1BA51B6436D8C.d.7AF25C8190213619C842605A4ED2C2D3.e.3117"},"getTitle",[]]}
RESULT: undefined
COMMAND: POST /session/3c4f50c8662ea89f089dc0ded56e299c/element/f.258B236964FA729BF8A1BA51B6436D8C.d.7AF25C8190213619C842605A4ED2C2D3.e.2995/click - {}
COMMAND: POST /session/3c4f50c8662ea89f089dc0ded56e299c/element - {"using":"xpath","value":"//*[@id=\"backBtn\"]"}
RESULT: {"using":"xpath","value":"//*[@id=\"backBtn\"]"}
COMMAND: POST /session/3c4f50c8662ea89f089dc0ded56e299c/element/f.258B236964FA729BF8A1BA51B6436D8C.d.7AF25C8190213619C842605A4ED2C2D3.e.2995/click - {}
COMMAND: POST /session/3c4f50c8662ea89f089dc0ded56e299c/element - {"using":"xpath","value":"//*[@id=\"backBtn\"]"}
RESULT: {"using":"xpath","value":"//*[@id=\"backBtn\"]"}
COMMAND: POST /session/3c4f50c8662ea89f089dc0ded56e299c/element/f.258B236964FA729BF8A1BA51B6436D8C.d.7AF25C8190213619C842605A4ED2C2D3.e.3118/click - {}
RESULT: {}
COMMAND: GET /session/3c4f50c8662ea89f089dc0ded56e299c/screenshot - {}
RESULT: {}
]]></system-out>
    </testcase>
    <testcase classname="chrome.136_0_7103_49.windows.Sanity_Tests_US104253" name="Should open Manage Warehouse Movements page" time="37.676">
      <system-out><![CDATA[
COMMAND: POST /session/3c4f50c8662ea89f089dc0ded56e299c/execute/async - {"script":"<script> [1562 bytes]","args":[{"selector":{"controlType":"sap.m.GenericTile","properties":{"header":"Manage Warehouse Movements"}},"wdio_ui5_key":"sapm.GenericTile{\"header\":\"Manage Warehouse Movements\"}"}]}
RESULT: {"script":"<script> [1562 bytes]","args":[{"selector":{"controlType":"sap.m.GenericTile","properties":{"header":"Manage Warehouse Movements"}},"wdio_ui5_key":"sapm.GenericTile{\"header\":\"Manage Warehouse Movements\"}"}]}
RESULT: undefined
COMMAND: POST /session/3c4f50c8662ea89f089dc0ded56e299c/element - {"using":"xpath","value":"//*[@id=\"__tile105\"]"}
RESULT: {"using":"xpath","value":"//*[@id=\"__tile105\"]"}
COMMAND: POST /session/3c4f50c8662ea89f089dc0ded56e299c/element/f.258B236964FA729BF8A1BA51B6436D8C.d.7AF25C8190213619C842605A4ED2C2D3.e.3122/click - {}
RESULT: {}
COMMAND: GET /session/3c4f50c8662ea89f089dc0ded56e299c/screenshot - {}
RESULT: {}
COMMAND: POST /session/3c4f50c8662ea89f089dc0ded56e299c/elements - {"using":"xpath","value":"//span[text()='Error']"}
RESULT: {"using":"xpath","value":"//span[text()='Error']"}
RESULT: undefined
COMMAND: POST /session/3c4f50c8662ea89f089dc0ded56e299c/element - {"using":"xpath","value":"//*[@id=\"__tile105\"]"}
RESULT: {"using":"xpath","value":"//*[@id=\"__tile105\"]"}
COMMAND: POST /session/3c4f50c8662ea89f089dc0ded56e299c/element/f.258B236964FA729BF8A1BA51B6436D8C.d.7AF25C8190213619C842605A4ED2C2D3.e.3122/click - {}
RESULT: undefined
COMMAND: POST /session/3c4f50c8662ea89f089dc0ded56e299c/element - {"using":"xpath","value":"//*[@id=\"__tile105\"]"}
RESULT: {"using":"xpath","value":"//*[@id=\"__tile105\"]"}
COMMAND: POST /session/3c4f50c8662ea89f089dc0ded56e299c/element/f.258B236964FA729BF8A1BA51B6436D8C.d.7AF25C8190213619C842605A4ED2C2D3.e.3122/click - {}
RESULT: undefined
COMMAND: POST /session/3c4f50c8662ea89f089dc0ded56e299c/execute/async - {"script":"<script> [6424 bytes]","args":[{"element-6066-11e4-a52e-4f735466cecf":"f.258B236964FA729BF8A1BA51B6436D8C.d.7AF25C8190213619C842605A4ED2C2D3.e.217"},"getTitle",[]]}
COMMAND: POST /session/3c4f50c8662ea89f089dc0ded56e299c/execute/async - {"script":"<script> [1562 bytes]","args":[{"selector":{"id":"shellAppTitle"},"wdio_ui5_key":"shellAppTitle"}]}
RESULT: {"script":"<script> [1562 bytes]","args":[{"selector":{"id":"shellAppTitle"},"wdio_ui5_key":"shellAppTitle"}]}
COMMAND: POST /session/3c4f50c8662ea89f089dc0ded56e299c/execute/async - {"script":"<script> [6424 bytes]","args":[{"element-6066-11e4-a52e-4f735466cecf":"f.258B236964FA729BF8A1BA51B6436D8C.d.7AF25C8190213619C842605A4ED2C2D3.e.3284"},"getTitle",[]]}
RESULT: {"script":"<script> [6424 bytes]","args":[{"element-6066-11e4-a52e-4f735466cecf":"f.258B236964FA729BF8A1BA51B6436D8C.d.7AF25C8190213619C842605A4ED2C2D3.e.3284"},"getTitle",[]]}
RESULT: undefined
COMMAND: POST /session/3c4f50c8662ea89f089dc0ded56e299c/element/f.258B236964FA729BF8A1BA51B6436D8C.d.7AF25C8190213619C842605A4ED2C2D3.e.3118/click - {}
RESULT: {}
COMMAND: GET /session/3c4f50c8662ea89f089dc0ded56e299c/screenshot - {}
RESULT: {}
]]></system-out>
    </testcase>
    <testcase classname="chrome.136_0_7103_49.windows.Sanity_Tests_US104253" name="Should open Bin Inventory List page" time="37.561">
      <system-out><![CDATA[
COMMAND: POST /session/3c4f50c8662ea89f089dc0ded56e299c/execute/async - {"script":"<script> [1562 bytes]","args":[{"selector":{"controlType":"sap.m.GenericTile","properties":{"header":"Bin Inventory List"}},"wdio_ui5_key":"sapm.GenericTile{\"header\":\"Bin Inventory List\"}"}]}
RESULT: {"script":"<script> [1562 bytes]","args":[{"selector":{"controlType":"sap.m.GenericTile","properties":{"header":"Bin Inventory List"}},"wdio_ui5_key":"sapm.GenericTile{\"header\":\"Bin Inventory List\"}"}]}
RESULT: undefined
COMMAND: POST /session/3c4f50c8662ea89f089dc0ded56e299c/element - {"using":"xpath","value":"//*[@id=\"__tile103\"]"}
RESULT: {"using":"xpath","value":"//*[@id=\"__tile103\"]"}
COMMAND: POST /session/3c4f50c8662ea89f089dc0ded56e299c/element/f.258B236964FA729BF8A1BA51B6436D8C.d.7AF25C8190213619C842605A4ED2C2D3.e.3286/click - {}
RESULT: {}
COMMAND: GET /session/3c4f50c8662ea89f089dc0ded56e299c/screenshot - {}
RESULT: {}
COMMAND: POST /session/3c4f50c8662ea89f089dc0ded56e299c/elements - {"using":"xpath","value":"//span[text()='Error']"}
RESULT: {"using":"xpath","value":"//span[text()='Error']"}
RESULT: undefined
COMMAND: POST /session/3c4f50c8662ea89f089dc0ded56e299c/element - {"using":"xpath","value":"//*[@id=\"__tile103\"]"}
RESULT: {"using":"xpath","value":"//*[@id=\"__tile103\"]"}
COMMAND: POST /session/3c4f50c8662ea89f089dc0ded56e299c/element/f.258B236964FA729BF8A1BA51B6436D8C.d.7AF25C8190213619C842605A4ED2C2D3.e.3286/click - {}
RESULT: undefined
COMMAND: POST /session/3c4f50c8662ea89f089dc0ded56e299c/element - {"using":"xpath","value":"//*[@id=\"__tile103\"]"}
RESULT: {"using":"xpath","value":"//*[@id=\"__tile103\"]"}
COMMAND: POST /session/3c4f50c8662ea89f089dc0ded56e299c/element/f.258B236964FA729BF8A1BA51B6436D8C.d.7AF25C8190213619C842605A4ED2C2D3.e.3286/click - {}
RESULT: undefined
COMMAND: POST /session/3c4f50c8662ea89f089dc0ded56e299c/execute/async - {"script":"<script> [6424 bytes]","args":[{"element-6066-11e4-a52e-4f735466cecf":"f.258B236964FA729BF8A1BA51B6436D8C.d.7AF25C8190213619C842605A4ED2C2D3.e.217"},"getTitle",[]]}
COMMAND: POST /session/3c4f50c8662ea89f089dc0ded56e299c/execute/async - {"script":"<script> [1562 bytes]","args":[{"selector":{"id":"shellAppTitle"},"wdio_ui5_key":"shellAppTitle"}]}
RESULT: {"script":"<script> [1562 bytes]","args":[{"selector":{"id":"shellAppTitle"},"wdio_ui5_key":"shellAppTitle"}]}
COMMAND: POST /session/3c4f50c8662ea89f089dc0ded56e299c/execute/async - {"script":"<script> [6424 bytes]","args":[{"element-6066-11e4-a52e-4f735466cecf":"f.258B236964FA729BF8A1BA51B6436D8C.d.7AF25C8190213619C842605A4ED2C2D3.e.3679"},"getTitle",[]]}
RESULT: {"script":"<script> [6424 bytes]","args":[{"element-6066-11e4-a52e-4f735466cecf":"f.258B236964FA729BF8A1BA51B6436D8C.d.7AF25C8190213619C842605A4ED2C2D3.e.3679"},"getTitle",[]]}
RESULT: undefined
COMMAND: POST /session/3c4f50c8662ea89f089dc0ded56e299c/element/f.258B236964FA729BF8A1BA51B6436D8C.d.7AF25C8190213619C842605A4ED2C2D3.e.3118/click - {}
COMMAND: POST /session/3c4f50c8662ea89f089dc0ded56e299c/element - {"using":"xpath","value":"//*[@id=\"backBtn\"]"}
RESULT: {"using":"xpath","value":"//*[@id=\"backBtn\"]"}
COMMAND: POST /session/3c4f50c8662ea89f089dc0ded56e299c/element/f.258B236964FA729BF8A1BA51B6436D8C.d.7AF25C8190213619C842605A4ED2C2D3.e.3118/click - {}
COMMAND: POST /session/3c4f50c8662ea89f089dc0ded56e299c/element - {"using":"xpath","value":"//*[@id=\"backBtn\"]"}
RESULT: {"using":"xpath","value":"//*[@id=\"backBtn\"]"}
COMMAND: POST /session/3c4f50c8662ea89f089dc0ded56e299c/element/f.258B236964FA729BF8A1BA51B6436D8C.d.7AF25C8190213619C842605A4ED2C2D3.e.3680/click - {}
RESULT: {}
COMMAND: GET /session/3c4f50c8662ea89f089dc0ded56e299c/screenshot - {}
RESULT: {}
]]></system-out>
    </testcase>
    <testcase classname="chrome.136_0_7103_49.windows.Sanity_Tests_US104253" name="Should open ISC Templates page" time="37.549">
      <system-out><![CDATA[
COMMAND: POST /session/3c4f50c8662ea89f089dc0ded56e299c/execute/async - {"script":"<script> [1562 bytes]","args":[{"selector":{"controlType":"sap.m.GenericTile","properties":{"header":"ISC Templates"}},"wdio_ui5_key":"sapm.GenericTile{\"header\":\"ISC Templates\"}"}]}
RESULT: {"script":"<script> [1562 bytes]","args":[{"selector":{"controlType":"sap.m.GenericTile","properties":{"header":"ISC Templates"}},"wdio_ui5_key":"sapm.GenericTile{\"header\":\"ISC Templates\"}"}]}
RESULT: undefined
COMMAND: POST /session/3c4f50c8662ea89f089dc0ded56e299c/element - {"using":"xpath","value":"//*[@id=\"__tile111\"]"}
RESULT: {"using":"xpath","value":"//*[@id=\"__tile111\"]"}
COMMAND: POST /session/3c4f50c8662ea89f089dc0ded56e299c/element/f.258B236964FA729BF8A1BA51B6436D8C.d.7AF25C8190213619C842605A4ED2C2D3.e.3682/click - {}
RESULT: {}
COMMAND: GET /session/3c4f50c8662ea89f089dc0ded56e299c/screenshot - {}
RESULT: {}
COMMAND: POST /session/3c4f50c8662ea89f089dc0ded56e299c/elements - {"using":"xpath","value":"//span[text()='Error']"}
RESULT: {"using":"xpath","value":"//span[text()='Error']"}
RESULT: undefined
COMMAND: POST /session/3c4f50c8662ea89f089dc0ded56e299c/element - {"using":"xpath","value":"//*[@id=\"__tile111\"]"}
RESULT: {"using":"xpath","value":"//*[@id=\"__tile111\"]"}
COMMAND: POST /session/3c4f50c8662ea89f089dc0ded56e299c/element/f.258B236964FA729BF8A1BA51B6436D8C.d.7AF25C8190213619C842605A4ED2C2D3.e.3682/click - {}
RESULT: undefined
COMMAND: POST /session/3c4f50c8662ea89f089dc0ded56e299c/element - {"using":"xpath","value":"//*[@id=\"__tile111\"]"}
RESULT: {"using":"xpath","value":"//*[@id=\"__tile111\"]"}
COMMAND: POST /session/3c4f50c8662ea89f089dc0ded56e299c/element/f.258B236964FA729BF8A1BA51B6436D8C.d.7AF25C8190213619C842605A4ED2C2D3.e.3682/click - {}
RESULT: undefined
COMMAND: POST /session/3c4f50c8662ea89f089dc0ded56e299c/execute/async - {"script":"<script> [6424 bytes]","args":[{"element-6066-11e4-a52e-4f735466cecf":"f.258B236964FA729BF8A1BA51B6436D8C.d.7AF25C8190213619C842605A4ED2C2D3.e.217"},"getTitle",[]]}
COMMAND: POST /session/3c4f50c8662ea89f089dc0ded56e299c/execute/async - {"script":"<script> [1562 bytes]","args":[{"selector":{"id":"shellAppTitle"},"wdio_ui5_key":"shellAppTitle"}]}
RESULT: {"script":"<script> [1562 bytes]","args":[{"selector":{"id":"shellAppTitle"},"wdio_ui5_key":"shellAppTitle"}]}
COMMAND: POST /session/3c4f50c8662ea89f089dc0ded56e299c/execute/async - {"script":"<script> [6424 bytes]","args":[{"element-6066-11e4-a52e-4f735466cecf":"f.258B236964FA729BF8A1BA51B6436D8C.d.7AF25C8190213619C842605A4ED2C2D3.e.3750"},"getTitle",[]]}
RESULT: {"script":"<script> [6424 bytes]","args":[{"element-6066-11e4-a52e-4f735466cecf":"f.258B236964FA729BF8A1BA51B6436D8C.d.7AF25C8190213619C842605A4ED2C2D3.e.3750"},"getTitle",[]]}
RESULT: undefined
COMMAND: POST /session/3c4f50c8662ea89f089dc0ded56e299c/element/f.258B236964FA729BF8A1BA51B6436D8C.d.7AF25C8190213619C842605A4ED2C2D3.e.3680/click - {}
RESULT: {}
COMMAND: GET /session/3c4f50c8662ea89f089dc0ded56e299c/screenshot - {}
RESULT: {}
]]></system-out>
    </testcase>
    <testcase classname="chrome.136_0_7103_49.windows.Sanity_Tests_US104253" name="Should open ISC Schedules page" time="37.277">
      <system-out><![CDATA[
COMMAND: POST /session/3c4f50c8662ea89f089dc0ded56e299c/execute/async - {"script":"<script> [1562 bytes]","args":[{"selector":{"controlType":"sap.m.GenericTile","properties":{"header":"ISC Schedules"}},"wdio_ui5_key":"sapm.GenericTile{\"header\":\"ISC Schedules\"}"}]}
RESULT: {"script":"<script> [1562 bytes]","args":[{"selector":{"controlType":"sap.m.GenericTile","properties":{"header":"ISC Schedules"}},"wdio_ui5_key":"sapm.GenericTile{\"header\":\"ISC Schedules\"}"}]}
RESULT: undefined
COMMAND: POST /session/3c4f50c8662ea89f089dc0ded56e299c/element - {"using":"xpath","value":"//*[@id=\"__tile109\"]"}
RESULT: {"using":"xpath","value":"//*[@id=\"__tile109\"]"}
COMMAND: POST /session/3c4f50c8662ea89f089dc0ded56e299c/element/f.258B236964FA729BF8A1BA51B6436D8C.d.7AF25C8190213619C842605A4ED2C2D3.e.3753/click - {}
RESULT: {}
COMMAND: GET /session/3c4f50c8662ea89f089dc0ded56e299c/screenshot - {}
RESULT: {}
COMMAND: POST /session/3c4f50c8662ea89f089dc0ded56e299c/elements - {"using":"xpath","value":"//span[text()='Error']"}
RESULT: {"using":"xpath","value":"//span[text()='Error']"}
RESULT: undefined
COMMAND: POST /session/3c4f50c8662ea89f089dc0ded56e299c/element - {"using":"xpath","value":"//*[@id=\"__tile109\"]"}
RESULT: {"using":"xpath","value":"//*[@id=\"__tile109\"]"}
COMMAND: POST /session/3c4f50c8662ea89f089dc0ded56e299c/element/f.258B236964FA729BF8A1BA51B6436D8C.d.7AF25C8190213619C842605A4ED2C2D3.e.3753/click - {}
RESULT: undefined
COMMAND: POST /session/3c4f50c8662ea89f089dc0ded56e299c/element - {"using":"xpath","value":"//*[@id=\"__tile109\"]"}
RESULT: {"using":"xpath","value":"//*[@id=\"__tile109\"]"}
COMMAND: POST /session/3c4f50c8662ea89f089dc0ded56e299c/element/f.258B236964FA729BF8A1BA51B6436D8C.d.7AF25C8190213619C842605A4ED2C2D3.e.3753/click - {}
RESULT: undefined
COMMAND: POST /session/3c4f50c8662ea89f089dc0ded56e299c/execute/async - {"script":"<script> [6424 bytes]","args":[{"element-6066-11e4-a52e-4f735466cecf":"f.258B236964FA729BF8A1BA51B6436D8C.d.7AF25C8190213619C842605A4ED2C2D3.e.217"},"getTitle",[]]}
COMMAND: POST /session/3c4f50c8662ea89f089dc0ded56e299c/execute/async - {"script":"<script> [1562 bytes]","args":[{"selector":{"id":"shellAppTitle"},"wdio_ui5_key":"shellAppTitle"}]}
RESULT: {"script":"<script> [1562 bytes]","args":[{"selector":{"id":"shellAppTitle"},"wdio_ui5_key":"shellAppTitle"}]}
COMMAND: POST /session/3c4f50c8662ea89f089dc0ded56e299c/execute/async - {"script":"<script> [6424 bytes]","args":[{"element-6066-11e4-a52e-4f735466cecf":"f.258B236964FA729BF8A1BA51B6436D8C.d.7AF25C8190213619C842605A4ED2C2D3.e.3835"},"getTitle",[]]}
RESULT: {"script":"<script> [6424 bytes]","args":[{"element-6066-11e4-a52e-4f735466cecf":"f.258B236964FA729BF8A1BA51B6436D8C.d.7AF25C8190213619C842605A4ED2C2D3.e.3835"},"getTitle",[]]}
RESULT: undefined
COMMAND: POST /session/3c4f50c8662ea89f089dc0ded56e299c/element/f.258B236964FA729BF8A1BA51B6436D8C.d.7AF25C8190213619C842605A4ED2C2D3.e.3680/click - {}
COMMAND: POST /session/3c4f50c8662ea89f089dc0ded56e299c/element - {"using":"xpath","value":"//*[@id=\"backBtn\"]"}
RESULT: {"using":"xpath","value":"//*[@id=\"backBtn\"]"}
COMMAND: POST /session/3c4f50c8662ea89f089dc0ded56e299c/element/f.258B236964FA729BF8A1BA51B6436D8C.d.7AF25C8190213619C842605A4ED2C2D3.e.3680/click - {}
COMMAND: POST /session/3c4f50c8662ea89f089dc0ded56e299c/element - {"using":"xpath","value":"//*[@id=\"backBtn\"]"}
RESULT: {"using":"xpath","value":"//*[@id=\"backBtn\"]"}
COMMAND: POST /session/3c4f50c8662ea89f089dc0ded56e299c/element/f.258B236964FA729BF8A1BA51B6436D8C.d.7AF25C8190213619C842605A4ED2C2D3.e.3836/click - {}
RESULT: {}
COMMAND: GET /session/3c4f50c8662ea89f089dc0ded56e299c/screenshot - {}
RESULT: {}
]]></system-out>
    </testcase>
    <testcase classname="chrome.136_0_7103_49.windows.Sanity_Tests_US104253" name="Should open ISC Dashboard page" time="37.592">
      <system-out><![CDATA[
COMMAND: POST /session/3c4f50c8662ea89f089dc0ded56e299c/execute/async - {"script":"<script> [1562 bytes]","args":[{"selector":{"controlType":"sap.m.GenericTile","properties":{"header":"ISC Dashboard"}},"wdio_ui5_key":"sapm.GenericTile{\"header\":\"ISC Dashboard\"}"}]}
RESULT: {"script":"<script> [1562 bytes]","args":[{"selector":{"controlType":"sap.m.GenericTile","properties":{"header":"ISC Dashboard"}},"wdio_ui5_key":"sapm.GenericTile{\"header\":\"ISC Dashboard\"}"}]}
RESULT: undefined
COMMAND: POST /session/3c4f50c8662ea89f089dc0ded56e299c/element - {"using":"xpath","value":"//*[@id=\"__tile106\"]"}
RESULT: {"using":"xpath","value":"//*[@id=\"__tile106\"]"}
COMMAND: POST /session/3c4f50c8662ea89f089dc0ded56e299c/element/f.258B236964FA729BF8A1BA51B6436D8C.d.7AF25C8190213619C842605A4ED2C2D3.e.3838/click - {}
RESULT: {}
COMMAND: GET /session/3c4f50c8662ea89f089dc0ded56e299c/screenshot - {}
RESULT: {}
COMMAND: POST /session/3c4f50c8662ea89f089dc0ded56e299c/elements - {"using":"xpath","value":"//span[text()='Error']"}
RESULT: {"using":"xpath","value":"//span[text()='Error']"}
RESULT: undefined
COMMAND: POST /session/3c4f50c8662ea89f089dc0ded56e299c/element - {"using":"xpath","value":"//*[@id=\"__tile106\"]"}
RESULT: {"using":"xpath","value":"//*[@id=\"__tile106\"]"}
COMMAND: POST /session/3c4f50c8662ea89f089dc0ded56e299c/element/f.258B236964FA729BF8A1BA51B6436D8C.d.7AF25C8190213619C842605A4ED2C2D3.e.3838/click - {}
RESULT: undefined
COMMAND: POST /session/3c4f50c8662ea89f089dc0ded56e299c/element - {"using":"xpath","value":"//*[@id=\"__tile106\"]"}
RESULT: {"using":"xpath","value":"//*[@id=\"__tile106\"]"}
COMMAND: POST /session/3c4f50c8662ea89f089dc0ded56e299c/element/f.258B236964FA729BF8A1BA51B6436D8C.d.7AF25C8190213619C842605A4ED2C2D3.e.3838/click - {}
RESULT: undefined
COMMAND: POST /session/3c4f50c8662ea89f089dc0ded56e299c/execute/async - {"script":"<script> [6424 bytes]","args":[{"element-6066-11e4-a52e-4f735466cecf":"f.258B236964FA729BF8A1BA51B6436D8C.d.7AF25C8190213619C842605A4ED2C2D3.e.217"},"getTitle",[]]}
COMMAND: POST /session/3c4f50c8662ea89f089dc0ded56e299c/execute/async - {"script":"<script> [1562 bytes]","args":[{"selector":{"id":"shellAppTitle"},"wdio_ui5_key":"shellAppTitle"}]}
RESULT: {"script":"<script> [1562 bytes]","args":[{"selector":{"id":"shellAppTitle"},"wdio_ui5_key":"shellAppTitle"}]}
COMMAND: POST /session/3c4f50c8662ea89f089dc0ded56e299c/execute/async - {"script":"<script> [6424 bytes]","args":[{"element-6066-11e4-a52e-4f735466cecf":"f.258B236964FA729BF8A1BA51B6436D8C.d.7AF25C8190213619C842605A4ED2C2D3.e.3966"},"getTitle",[]]}
RESULT: {"script":"<script> [6424 bytes]","args":[{"element-6066-11e4-a52e-4f735466cecf":"f.258B236964FA729BF8A1BA51B6436D8C.d.7AF25C8190213619C842605A4ED2C2D3.e.3966"},"getTitle",[]]}
RESULT: undefined
COMMAND: POST /session/3c4f50c8662ea89f089dc0ded56e299c/element/f.258B236964FA729BF8A1BA51B6436D8C.d.7AF25C8190213619C842605A4ED2C2D3.e.3836/click - {}
RESULT: {}
COMMAND: GET /session/3c4f50c8662ea89f089dc0ded56e299c/screenshot - {}
RESULT: {}
]]></system-out>
    </testcase>
    <testcase classname="chrome.136_0_7103_49.windows.Sanity_Tests_US104253" name="Should open ISC Orders page" time="38.787">
      <system-out><![CDATA[
COMMAND: POST /session/3c4f50c8662ea89f089dc0ded56e299c/execute/async - {"script":"<script> [1562 bytes]","args":[{"selector":{"controlType":"sap.m.GenericTile","properties":{"header":"ISC Orders"}},"wdio_ui5_key":"sapm.GenericTile{\"header\":\"ISC Orders\"}"}]}
RESULT: {"script":"<script> [1562 bytes]","args":[{"selector":{"controlType":"sap.m.GenericTile","properties":{"header":"ISC Orders"}},"wdio_ui5_key":"sapm.GenericTile{\"header\":\"ISC Orders\"}"}]}
RESULT: undefined
COMMAND: POST /session/3c4f50c8662ea89f089dc0ded56e299c/element - {"using":"xpath","value":"//*[@id=\"__tile108\"]"}
RESULT: {"using":"xpath","value":"//*[@id=\"__tile108\"]"}
COMMAND: POST /session/3c4f50c8662ea89f089dc0ded56e299c/element/f.258B236964FA729BF8A1BA51B6436D8C.d.7AF25C8190213619C842605A4ED2C2D3.e.3968/click - {}
RESULT: {}
COMMAND: GET /session/3c4f50c8662ea89f089dc0ded56e299c/screenshot - {}
RESULT: {}
COMMAND: POST /session/3c4f50c8662ea89f089dc0ded56e299c/elements - {"using":"xpath","value":"//span[text()='Error']"}
RESULT: {"using":"xpath","value":"//span[text()='Error']"}
RESULT: undefined
COMMAND: POST /session/3c4f50c8662ea89f089dc0ded56e299c/element - {"using":"xpath","value":"//*[@id=\"__tile108\"]"}
RESULT: {"using":"xpath","value":"//*[@id=\"__tile108\"]"}
COMMAND: POST /session/3c4f50c8662ea89f089dc0ded56e299c/element/f.258B236964FA729BF8A1BA51B6436D8C.d.7AF25C8190213619C842605A4ED2C2D3.e.3968/click - {}
RESULT: undefined
COMMAND: POST /session/3c4f50c8662ea89f089dc0ded56e299c/element - {"using":"xpath","value":"//*[@id=\"__tile108\"]"}
RESULT: {"using":"xpath","value":"//*[@id=\"__tile108\"]"}
COMMAND: POST /session/3c4f50c8662ea89f089dc0ded56e299c/element/f.258B236964FA729BF8A1BA51B6436D8C.d.7AF25C8190213619C842605A4ED2C2D3.e.3968/click - {}
RESULT: undefined
COMMAND: POST /session/3c4f50c8662ea89f089dc0ded56e299c/execute/async - {"script":"<script> [6424 bytes]","args":[{"element-6066-11e4-a52e-4f735466cecf":"f.258B236964FA729BF8A1BA51B6436D8C.d.7AF25C8190213619C842605A4ED2C2D3.e.217"},"getTitle",[]]}
COMMAND: POST /session/3c4f50c8662ea89f089dc0ded56e299c/execute/async - {"script":"<script> [1562 bytes]","args":[{"selector":{"id":"shellAppTitle"},"wdio_ui5_key":"shellAppTitle"}]}
RESULT: {"script":"<script> [1562 bytes]","args":[{"selector":{"id":"shellAppTitle"},"wdio_ui5_key":"shellAppTitle"}]}
COMMAND: POST /session/3c4f50c8662ea89f089dc0ded56e299c/execute/async - {"script":"<script> [6424 bytes]","args":[{"element-6066-11e4-a52e-4f735466cecf":"f.258B236964FA729BF8A1BA51B6436D8C.d.7AF25C8190213619C842605A4ED2C2D3.e.4083"},"getTitle",[]]}
RESULT: {"script":"<script> [6424 bytes]","args":[{"element-6066-11e4-a52e-4f735466cecf":"f.258B236964FA729BF8A1BA51B6436D8C.d.7AF25C8190213619C842605A4ED2C2D3.e.4083"},"getTitle",[]]}
RESULT: undefined
COMMAND: POST /session/3c4f50c8662ea89f089dc0ded56e299c/element/f.258B236964FA729BF8A1BA51B6436D8C.d.7AF25C8190213619C842605A4ED2C2D3.e.3836/click - {}
COMMAND: POST /session/3c4f50c8662ea89f089dc0ded56e299c/element - {"using":"xpath","value":"//*[@id=\"backBtn\"]"}
RESULT: {"using":"xpath","value":"//*[@id=\"backBtn\"]"}
COMMAND: POST /session/3c4f50c8662ea89f089dc0ded56e299c/element/f.258B236964FA729BF8A1BA51B6436D8C.d.7AF25C8190213619C842605A4ED2C2D3.e.3836/click - {}
COMMAND: POST /session/3c4f50c8662ea89f089dc0ded56e299c/element - {"using":"xpath","value":"//*[@id=\"backBtn\"]"}
RESULT: {"using":"xpath","value":"//*[@id=\"backBtn\"]"}
COMMAND: POST /session/3c4f50c8662ea89f089dc0ded56e299c/element/f.258B236964FA729BF8A1BA51B6436D8C.d.7AF25C8190213619C842605A4ED2C2D3.e.4084/click - {}
RESULT: {}
COMMAND: GET /session/3c4f50c8662ea89f089dc0ded56e299c/screenshot - {}
RESULT: {}
]]></system-out>
    </testcase>
    <testcase classname="chrome.136_0_7103_49.windows.Sanity_Tests_US104253" name="Should open ISC Tasks page" time="36.89">
      <system-out><![CDATA[
COMMAND: POST /session/3c4f50c8662ea89f089dc0ded56e299c/execute/async - {"script":"<script> [1562 bytes]","args":[{"selector":{"controlType":"sap.m.GenericTile","properties":{"header":"ISC Tasks"}},"wdio_ui5_key":"sapm.GenericTile{\"header\":\"ISC Tasks\"}"}]}
RESULT: {"script":"<script> [1562 bytes]","args":[{"selector":{"controlType":"sap.m.GenericTile","properties":{"header":"ISC Tasks"}},"wdio_ui5_key":"sapm.GenericTile{\"header\":\"ISC Tasks\"}"}]}
RESULT: undefined
COMMAND: POST /session/3c4f50c8662ea89f089dc0ded56e299c/element - {"using":"xpath","value":"//*[@id=\"__tile110\"]"}
RESULT: {"using":"xpath","value":"//*[@id=\"__tile110\"]"}
COMMAND: POST /session/3c4f50c8662ea89f089dc0ded56e299c/element/f.258B236964FA729BF8A1BA51B6436D8C.d.7AF25C8190213619C842605A4ED2C2D3.e.4086/click - {}
RESULT: {}
COMMAND: GET /session/3c4f50c8662ea89f089dc0ded56e299c/screenshot - {}
RESULT: {}
COMMAND: POST /session/3c4f50c8662ea89f089dc0ded56e299c/elements - {"using":"xpath","value":"//span[text()='Error']"}
RESULT: {"using":"xpath","value":"//span[text()='Error']"}
RESULT: undefined
COMMAND: POST /session/3c4f50c8662ea89f089dc0ded56e299c/element - {"using":"xpath","value":"//*[@id=\"__tile110\"]"}
RESULT: {"using":"xpath","value":"//*[@id=\"__tile110\"]"}
COMMAND: POST /session/3c4f50c8662ea89f089dc0ded56e299c/element/f.258B236964FA729BF8A1BA51B6436D8C.d.7AF25C8190213619C842605A4ED2C2D3.e.4086/click - {}
RESULT: undefined
COMMAND: POST /session/3c4f50c8662ea89f089dc0ded56e299c/element - {"using":"xpath","value":"//*[@id=\"__tile110\"]"}
RESULT: {"using":"xpath","value":"//*[@id=\"__tile110\"]"}
COMMAND: POST /session/3c4f50c8662ea89f089dc0ded56e299c/element/f.258B236964FA729BF8A1BA51B6436D8C.d.7AF25C8190213619C842605A4ED2C2D3.e.4086/click - {}
RESULT: undefined
COMMAND: POST /session/3c4f50c8662ea89f089dc0ded56e299c/execute/async - {"script":"<script> [6424 bytes]","args":[{"element-6066-11e4-a52e-4f735466cecf":"f.258B236964FA729BF8A1BA51B6436D8C.d.7AF25C8190213619C842605A4ED2C2D3.e.217"},"getTitle",[]]}
COMMAND: POST /session/3c4f50c8662ea89f089dc0ded56e299c/execute/async - {"script":"<script> [1562 bytes]","args":[{"selector":{"id":"shellAppTitle"},"wdio_ui5_key":"shellAppTitle"}]}
RESULT: {"script":"<script> [1562 bytes]","args":[{"selector":{"id":"shellAppTitle"},"wdio_ui5_key":"shellAppTitle"}]}
COMMAND: POST /session/3c4f50c8662ea89f089dc0ded56e299c/execute/async - {"script":"<script> [6424 bytes]","args":[{"element-6066-11e4-a52e-4f735466cecf":"f.258B236964FA729BF8A1BA51B6436D8C.d.7AF25C8190213619C842605A4ED2C2D3.e.4337"},"getTitle",[]]}
RESULT: {"script":"<script> [6424 bytes]","args":[{"element-6066-11e4-a52e-4f735466cecf":"f.258B236964FA729BF8A1BA51B6436D8C.d.7AF25C8190213619C842605A4ED2C2D3.e.4337"},"getTitle",[]]}
RESULT: undefined
COMMAND: POST /session/3c4f50c8662ea89f089dc0ded56e299c/element/f.258B236964FA729BF8A1BA51B6436D8C.d.7AF25C8190213619C842605A4ED2C2D3.e.4084/click - {}
RESULT: {}
COMMAND: GET /session/3c4f50c8662ea89f089dc0ded56e299c/screenshot - {}
RESULT: {}
]]></system-out>
    </testcase>
    <testcase classname="chrome.136_0_7103_49.windows.Sanity_Tests_US104253" name="Should open Manage Resource Logbook page" time="45.531">
      <system-out><![CDATA[
COMMAND: POST /session/3c4f50c8662ea89f089dc0ded56e299c/execute/async - {"script":"<script> [1562 bytes]","args":[{"selector":{"controlType":"sap.m.GenericTile","properties":{"header":"Manage Resource Logbook"}},"wdio_ui5_key":"sapm.GenericTile{\"header\":\"Manage Resource Logbook\"}"}]}
RESULT: {"script":"<script> [1562 bytes]","args":[{"selector":{"controlType":"sap.m.GenericTile","properties":{"header":"Manage Resource Logbook"}},"wdio_ui5_key":"sapm.GenericTile{\"header\":\"Manage Resource Logbook\"}"}]}
RESULT: undefined
COMMAND: POST /session/3c4f50c8662ea89f089dc0ded56e299c/element - {"using":"xpath","value":"//*[@id=\"__tile113\"]"}
RESULT: {"using":"xpath","value":"//*[@id=\"__tile113\"]"}
COMMAND: POST /session/3c4f50c8662ea89f089dc0ded56e299c/element/f.258B236964FA729BF8A1BA51B6436D8C.d.7AF25C8190213619C842605A4ED2C2D3.e.4339/click - {}
RESULT: {}
COMMAND: GET /session/3c4f50c8662ea89f089dc0ded56e299c/screenshot - {}
RESULT: {}
COMMAND: POST /session/3c4f50c8662ea89f089dc0ded56e299c/elements - {"using":"xpath","value":"//span[text()='Error']"}
RESULT: {"using":"xpath","value":"//span[text()='Error']"}
RESULT: undefined
COMMAND: POST /session/3c4f50c8662ea89f089dc0ded56e299c/element - {"using":"xpath","value":"//*[@id=\"__tile113\"]"}
RESULT: {"using":"xpath","value":"//*[@id=\"__tile113\"]"}
COMMAND: POST /session/3c4f50c8662ea89f089dc0ded56e299c/element/f.258B236964FA729BF8A1BA51B6436D8C.d.7AF25C8190213619C842605A4ED2C2D3.e.4339/click - {}
RESULT: undefined
COMMAND: POST /session/3c4f50c8662ea89f089dc0ded56e299c/element - {"using":"xpath","value":"//*[@id=\"__tile113\"]"}
RESULT: {"using":"xpath","value":"//*[@id=\"__tile113\"]"}
COMMAND: POST /session/3c4f50c8662ea89f089dc0ded56e299c/element/f.258B236964FA729BF8A1BA51B6436D8C.d.7AF25C8190213619C842605A4ED2C2D3.e.4339/click - {}
RESULT: undefined
COMMAND: POST /session/3c4f50c8662ea89f089dc0ded56e299c/execute/async - {"script":"<script> [6424 bytes]","args":[{"element-6066-11e4-a52e-4f735466cecf":"f.258B236964FA729BF8A1BA51B6436D8C.d.7AF25C8190213619C842605A4ED2C2D3.e.217"},"getTitle",[]]}
COMMAND: POST /session/3c4f50c8662ea89f089dc0ded56e299c/execute/async - {"script":"<script> [1562 bytes]","args":[{"selector":{"id":"shellAppTitle"},"wdio_ui5_key":"shellAppTitle"}]}
RESULT: {"script":"<script> [1562 bytes]","args":[{"selector":{"id":"shellAppTitle"},"wdio_ui5_key":"shellAppTitle"}]}
COMMAND: POST /session/3c4f50c8662ea89f089dc0ded56e299c/execute/async - {"script":"<script> [6424 bytes]","args":[{"element-6066-11e4-a52e-4f735466cecf":"f.258B236964FA729BF8A1BA51B6436D8C.d.7AF25C8190213619C842605A4ED2C2D3.e.4445"},"getTitle",[]]}
RESULT: {"script":"<script> [6424 bytes]","args":[{"element-6066-11e4-a52e-4f735466cecf":"f.258B236964FA729BF8A1BA51B6436D8C.d.7AF25C8190213619C842605A4ED2C2D3.e.4445"},"getTitle",[]]}
RESULT: undefined
COMMAND: POST /session/3c4f50c8662ea89f089dc0ded56e299c/element/f.258B236964FA729BF8A1BA51B6436D8C.d.7AF25C8190213619C842605A4ED2C2D3.e.4084/click - {}
COMMAND: POST /session/3c4f50c8662ea89f089dc0ded56e299c/element - {"using":"xpath","value":"//*[@id=\"backBtn\"]"}
RESULT: {"using":"xpath","value":"//*[@id=\"backBtn\"]"}
COMMAND: POST /session/3c4f50c8662ea89f089dc0ded56e299c/element/f.258B236964FA729BF8A1BA51B6436D8C.d.7AF25C8190213619C842605A4ED2C2D3.e.4084/click - {}
COMMAND: POST /session/3c4f50c8662ea89f089dc0ded56e299c/element - {"using":"xpath","value":"//*[@id=\"backBtn\"]"}
RESULT: {"using":"xpath","value":"//*[@id=\"backBtn\"]"}
COMMAND: POST /session/3c4f50c8662ea89f089dc0ded56e299c/element/f.258B236964FA729BF8A1BA51B6436D8C.d.7AF25C8190213619C842605A4ED2C2D3.e.4446/click - {}
RESULT: {}
COMMAND: GET /session/3c4f50c8662ea89f089dc0ded56e299c/screenshot - {}
RESULT: {}
]]></system-out>
    </testcase>
    <testcase classname="chrome.136_0_7103_49.windows.Sanity_Tests_US104253" name="Should open Manage Logbook page" time="36.78">
      <system-out><![CDATA[
COMMAND: POST /session/3c4f50c8662ea89f089dc0ded56e299c/execute/async - {"script":"<script> [1562 bytes]","args":[{"selector":{"controlType":"sap.m.GenericTile","properties":{"header":"Manage Logbook"}},"wdio_ui5_key":"sapm.GenericTile{\"header\":\"Manage Logbook\"}"}]}
RESULT: {"script":"<script> [1562 bytes]","args":[{"selector":{"controlType":"sap.m.GenericTile","properties":{"header":"Manage Logbook"}},"wdio_ui5_key":"sapm.GenericTile{\"header\":\"Manage Logbook\"}"}]}
RESULT: undefined
COMMAND: POST /session/3c4f50c8662ea89f089dc0ded56e299c/element - {"using":"xpath","value":"//*[@id=\"__tile112\"]"}
RESULT: {"using":"xpath","value":"//*[@id=\"__tile112\"]"}
COMMAND: POST /session/3c4f50c8662ea89f089dc0ded56e299c/element/f.258B236964FA729BF8A1BA51B6436D8C.d.7AF25C8190213619C842605A4ED2C2D3.e.4448/click - {}
RESULT: {}
COMMAND: GET /session/3c4f50c8662ea89f089dc0ded56e299c/screenshot - {}
RESULT: {}
COMMAND: POST /session/3c4f50c8662ea89f089dc0ded56e299c/elements - {"using":"xpath","value":"//span[text()='Error']"}
RESULT: {"using":"xpath","value":"//span[text()='Error']"}
RESULT: undefined
COMMAND: POST /session/3c4f50c8662ea89f089dc0ded56e299c/element - {"using":"xpath","value":"//*[@id=\"__tile112\"]"}
RESULT: {"using":"xpath","value":"//*[@id=\"__tile112\"]"}
COMMAND: POST /session/3c4f50c8662ea89f089dc0ded56e299c/element/f.258B236964FA729BF8A1BA51B6436D8C.d.7AF25C8190213619C842605A4ED2C2D3.e.4448/click - {}
RESULT: undefined
COMMAND: POST /session/3c4f50c8662ea89f089dc0ded56e299c/element - {"using":"xpath","value":"//*[@id=\"__tile112\"]"}
RESULT: {"using":"xpath","value":"//*[@id=\"__tile112\"]"}
COMMAND: POST /session/3c4f50c8662ea89f089dc0ded56e299c/element/f.258B236964FA729BF8A1BA51B6436D8C.d.7AF25C8190213619C842605A4ED2C2D3.e.4448/click - {}
RESULT: undefined
COMMAND: POST /session/3c4f50c8662ea89f089dc0ded56e299c/execute/async - {"script":"<script> [6424 bytes]","args":[{"element-6066-11e4-a52e-4f735466cecf":"f.258B236964FA729BF8A1BA51B6436D8C.d.7AF25C8190213619C842605A4ED2C2D3.e.217"},"getTitle",[]]}
COMMAND: POST /session/3c4f50c8662ea89f089dc0ded56e299c/execute/async - {"script":"<script> [1562 bytes]","args":[{"selector":{"id":"shellAppTitle"},"wdio_ui5_key":"shellAppTitle"}]}
RESULT: {"script":"<script> [1562 bytes]","args":[{"selector":{"id":"shellAppTitle"},"wdio_ui5_key":"shellAppTitle"}]}
COMMAND: POST /session/3c4f50c8662ea89f089dc0ded56e299c/execute/async - {"script":"<script> [6424 bytes]","args":[{"element-6066-11e4-a52e-4f735466cecf":"f.258B236964FA729BF8A1BA51B6436D8C.d.7AF25C8190213619C842605A4ED2C2D3.e.4526"},"getTitle",[]]}
RESULT: {"script":"<script> [6424 bytes]","args":[{"element-6066-11e4-a52e-4f735466cecf":"f.258B236964FA729BF8A1BA51B6436D8C.d.7AF25C8190213619C842605A4ED2C2D3.e.4526"},"getTitle",[]]}
RESULT: undefined
COMMAND: POST /session/3c4f50c8662ea89f089dc0ded56e299c/element/f.258B236964FA729BF8A1BA51B6436D8C.d.7AF25C8190213619C842605A4ED2C2D3.e.4446/click - {}
RESULT: {}
COMMAND: GET /session/3c4f50c8662ea89f089dc0ded56e299c/screenshot - {}
RESULT: {}
]]></system-out>
    </testcase>
    <testcase classname="chrome.136_0_7103_49.windows.Sanity_Tests_US104253" name="Should open ISC Orders Calendar page" time="42.193">
      <system-out><![CDATA[
COMMAND: POST /session/3c4f50c8662ea89f089dc0ded56e299c/execute/async - {"script":"<script> [1562 bytes]","args":[{"selector":{"controlType":"sap.m.GenericTile","properties":{"header":"ISC Orders Calendar"}},"wdio_ui5_key":"sapm.GenericTile{\"header\":\"ISC Orders Calendar\"}"}]}
RESULT: {"script":"<script> [1562 bytes]","args":[{"selector":{"controlType":"sap.m.GenericTile","properties":{"header":"ISC Orders Calendar"}},"wdio_ui5_key":"sapm.GenericTile{\"header\":\"ISC Orders Calendar\"}"}]}
RESULT: undefined
COMMAND: POST /session/3c4f50c8662ea89f089dc0ded56e299c/element - {"using":"xpath","value":"//*[@id=\"__tile107\"]"}
RESULT: {"using":"xpath","value":"//*[@id=\"__tile107\"]"}
COMMAND: POST /session/3c4f50c8662ea89f089dc0ded56e299c/element/f.258B236964FA729BF8A1BA51B6436D8C.d.7AF25C8190213619C842605A4ED2C2D3.e.4528/click - {}
RESULT: {}
COMMAND: GET /session/3c4f50c8662ea89f089dc0ded56e299c/screenshot - {}
RESULT: {}
COMMAND: POST /session/3c4f50c8662ea89f089dc0ded56e299c/elements - {"using":"xpath","value":"//span[text()='Error']"}
RESULT: {"using":"xpath","value":"//span[text()='Error']"}
RESULT: undefined
COMMAND: POST /session/3c4f50c8662ea89f089dc0ded56e299c/element - {"using":"xpath","value":"//*[@id=\"__tile107\"]"}
RESULT: {"using":"xpath","value":"//*[@id=\"__tile107\"]"}
COMMAND: POST /session/3c4f50c8662ea89f089dc0ded56e299c/element/f.258B236964FA729BF8A1BA51B6436D8C.d.7AF25C8190213619C842605A4ED2C2D3.e.4528/click - {}
RESULT: undefined
COMMAND: POST /session/3c4f50c8662ea89f089dc0ded56e299c/element - {"using":"xpath","value":"//*[@id=\"__tile107\"]"}
RESULT: {"using":"xpath","value":"//*[@id=\"__tile107\"]"}
COMMAND: POST /session/3c4f50c8662ea89f089dc0ded56e299c/element/f.258B236964FA729BF8A1BA51B6436D8C.d.7AF25C8190213619C842605A4ED2C2D3.e.4528/click - {}
RESULT: undefined
COMMAND: POST /session/3c4f50c8662ea89f089dc0ded56e299c/execute/async - {"script":"<script> [6424 bytes]","args":[{"element-6066-11e4-a52e-4f735466cecf":"f.258B236964FA729BF8A1BA51B6436D8C.d.7AF25C8190213619C842605A4ED2C2D3.e.217"},"getTitle",[]]}
COMMAND: POST /session/3c4f50c8662ea89f089dc0ded56e299c/execute/async - {"script":"<script> [1562 bytes]","args":[{"selector":{"id":"shellAppTitle"},"wdio_ui5_key":"shellAppTitle"}]}
RESULT: {"script":"<script> [1562 bytes]","args":[{"selector":{"id":"shellAppTitle"},"wdio_ui5_key":"shellAppTitle"}]}
COMMAND: POST /session/3c4f50c8662ea89f089dc0ded56e299c/execute/async - {"script":"<script> [6424 bytes]","args":[{"element-6066-11e4-a52e-4f735466cecf":"f.258B236964FA729BF8A1BA51B6436D8C.d.7AF25C8190213619C842605A4ED2C2D3.e.4734"},"getTitle",[]]}
RESULT: {"script":"<script> [6424 bytes]","args":[{"element-6066-11e4-a52e-4f735466cecf":"f.258B236964FA729BF8A1BA51B6436D8C.d.7AF25C8190213619C842605A4ED2C2D3.e.4734"},"getTitle",[]]}
RESULT: undefined
COMMAND: POST /session/3c4f50c8662ea89f089dc0ded56e299c/element/f.258B236964FA729BF8A1BA51B6436D8C.d.7AF25C8190213619C842605A4ED2C2D3.e.4446/click - {}
COMMAND: POST /session/3c4f50c8662ea89f089dc0ded56e299c/element - {"using":"xpath","value":"//*[@id=\"backBtn\"]"}
RESULT: {"using":"xpath","value":"//*[@id=\"backBtn\"]"}
COMMAND: POST /session/3c4f50c8662ea89f089dc0ded56e299c/element/f.258B236964FA729BF8A1BA51B6436D8C.d.7AF25C8190213619C842605A4ED2C2D3.e.4446/click - {}
COMMAND: POST /session/3c4f50c8662ea89f089dc0ded56e299c/element - {"using":"xpath","value":"//*[@id=\"backBtn\"]"}
RESULT: {"using":"xpath","value":"//*[@id=\"backBtn\"]"}
COMMAND: POST /session/3c4f50c8662ea89f089dc0ded56e299c/element/f.258B236964FA729BF8A1BA51B6436D8C.d.7AF25C8190213619C842605A4ED2C2D3.e.4735/click - {}
RESULT: {}
COMMAND: GET /session/3c4f50c8662ea89f089dc0ded56e299c/screenshot - {}
RESULT: {}
]]></system-out>
    </testcase>
    <testcase classname="chrome.136_0_7103_49.windows.Sanity_Tests_US104253" name="Should open Configure System page" time="39.553">
      <system-out><![CDATA[
COMMAND: POST /session/3c4f50c8662ea89f089dc0ded56e299c/execute/async - {"script":"<script> [1562 bytes]","args":[{"selector":{"controlType":"sap.m.GenericTile","properties":{"header":"Configure System"}},"wdio_ui5_key":"sapm.GenericTile{\"header\":\"Configure System\"}"}]}
RESULT: {"script":"<script> [1562 bytes]","args":[{"selector":{"controlType":"sap.m.GenericTile","properties":{"header":"Configure System"}},"wdio_ui5_key":"sapm.GenericTile{\"header\":\"Configure System\"}"}]}
RESULT: undefined
COMMAND: POST /session/3c4f50c8662ea89f089dc0ded56e299c/element - {"using":"xpath","value":"//*[@id=\"__tile114\"]"}
RESULT: {"using":"xpath","value":"//*[@id=\"__tile114\"]"}
COMMAND: POST /session/3c4f50c8662ea89f089dc0ded56e299c/element/f.258B236964FA729BF8A1BA51B6436D8C.d.7AF25C8190213619C842605A4ED2C2D3.e.4737/click - {}
RESULT: {}
COMMAND: GET /session/3c4f50c8662ea89f089dc0ded56e299c/screenshot - {}
RESULT: {}
COMMAND: POST /session/3c4f50c8662ea89f089dc0ded56e299c/elements - {"using":"xpath","value":"//span[text()='Error']"}
RESULT: {"using":"xpath","value":"//span[text()='Error']"}
RESULT: undefined
COMMAND: POST /session/3c4f50c8662ea89f089dc0ded56e299c/element - {"using":"xpath","value":"//*[@id=\"__tile114\"]"}
RESULT: {"using":"xpath","value":"//*[@id=\"__tile114\"]"}
COMMAND: POST /session/3c4f50c8662ea89f089dc0ded56e299c/element/f.258B236964FA729BF8A1BA51B6436D8C.d.7AF25C8190213619C842605A4ED2C2D3.e.4737/click - {}
RESULT: undefined
COMMAND: POST /session/3c4f50c8662ea89f089dc0ded56e299c/element - {"using":"xpath","value":"//*[@id=\"__tile114\"]"}
RESULT: {"using":"xpath","value":"//*[@id=\"__tile114\"]"}
COMMAND: POST /session/3c4f50c8662ea89f089dc0ded56e299c/element/f.258B236964FA729BF8A1BA51B6436D8C.d.7AF25C8190213619C842605A4ED2C2D3.e.4737/click - {}
RESULT: undefined
COMMAND: POST /session/3c4f50c8662ea89f089dc0ded56e299c/execute/async - {"script":"<script> [6424 bytes]","args":[{"element-6066-11e4-a52e-4f735466cecf":"f.258B236964FA729BF8A1BA51B6436D8C.d.7AF25C8190213619C842605A4ED2C2D3.e.217"},"getTitle",[]]}
COMMAND: POST /session/3c4f50c8662ea89f089dc0ded56e299c/execute/async - {"script":"<script> [1562 bytes]","args":[{"selector":{"id":"shellAppTitle"},"wdio_ui5_key":"shellAppTitle"}]}
RESULT: {"script":"<script> [1562 bytes]","args":[{"selector":{"id":"shellAppTitle"},"wdio_ui5_key":"shellAppTitle"}]}
COMMAND: POST /session/3c4f50c8662ea89f089dc0ded56e299c/execute/async - {"script":"<script> [6424 bytes]","args":[{"element-6066-11e4-a52e-4f735466cecf":"f.258B236964FA729BF8A1BA51B6436D8C.d.7AF25C8190213619C842605A4ED2C2D3.e.4765"},"getTitle",[]]}
RESULT: {"script":"<script> [6424 bytes]","args":[{"element-6066-11e4-a52e-4f735466cecf":"f.258B236964FA729BF8A1BA51B6436D8C.d.7AF25C8190213619C842605A4ED2C2D3.e.4765"},"getTitle",[]]}
RESULT: undefined
COMMAND: POST /session/3c4f50c8662ea89f089dc0ded56e299c/element/f.258B236964FA729BF8A1BA51B6436D8C.d.7AF25C8190213619C842605A4ED2C2D3.e.4735/click - {}
RESULT: {}
COMMAND: GET /session/3c4f50c8662ea89f089dc0ded56e299c/screenshot - {}
RESULT: {}
]]></system-out>
    </testcase>
    <testcase classname="chrome.136_0_7103_49.windows.Sanity_Tests_US104253" name="Should open Manage Classifications page" time="39.041">
      <system-out><![CDATA[
COMMAND: POST /session/3c4f50c8662ea89f089dc0ded56e299c/execute/async - {"script":"<script> [1562 bytes]","args":[{"selector":{"controlType":"sap.m.GenericTile","properties":{"header":"Manage Classifications"}},"wdio_ui5_key":"sapm.GenericTile{\"header\":\"Manage Classifications\"}"}]}
RESULT: {"script":"<script> [1562 bytes]","args":[{"selector":{"controlType":"sap.m.GenericTile","properties":{"header":"Manage Classifications"}},"wdio_ui5_key":"sapm.GenericTile{\"header\":\"Manage Classifications\"}"}]}
RESULT: undefined
COMMAND: POST /session/3c4f50c8662ea89f089dc0ded56e299c/element - {"using":"xpath","value":"//*[@id=\"__tile115\"]"}
RESULT: {"using":"xpath","value":"//*[@id=\"__tile115\"]"}
COMMAND: POST /session/3c4f50c8662ea89f089dc0ded56e299c/element/f.258B236964FA729BF8A1BA51B6436D8C.d.7AF25C8190213619C842605A4ED2C2D3.e.4769/click - {}
RESULT: {}
COMMAND: GET /session/3c4f50c8662ea89f089dc0ded56e299c/screenshot - {}
RESULT: {}
COMMAND: POST /session/3c4f50c8662ea89f089dc0ded56e299c/elements - {"using":"xpath","value":"//span[text()='Error']"}
RESULT: {"using":"xpath","value":"//span[text()='Error']"}
RESULT: undefined
COMMAND: POST /session/3c4f50c8662ea89f089dc0ded56e299c/element - {"using":"xpath","value":"//*[@id=\"__tile115\"]"}
RESULT: {"using":"xpath","value":"//*[@id=\"__tile115\"]"}
COMMAND: POST /session/3c4f50c8662ea89f089dc0ded56e299c/element/f.258B236964FA729BF8A1BA51B6436D8C.d.7AF25C8190213619C842605A4ED2C2D3.e.4769/click - {}
RESULT: undefined
COMMAND: POST /session/3c4f50c8662ea89f089dc0ded56e299c/element - {"using":"xpath","value":"//*[@id=\"__tile115\"]"}
RESULT: {"using":"xpath","value":"//*[@id=\"__tile115\"]"}
COMMAND: POST /session/3c4f50c8662ea89f089dc0ded56e299c/element/f.258B236964FA729BF8A1BA51B6436D8C.d.7AF25C8190213619C842605A4ED2C2D3.e.4769/click - {}
RESULT: undefined
COMMAND: POST /session/3c4f50c8662ea89f089dc0ded56e299c/execute/async - {"script":"<script> [6424 bytes]","args":[{"element-6066-11e4-a52e-4f735466cecf":"f.258B236964FA729BF8A1BA51B6436D8C.d.7AF25C8190213619C842605A4ED2C2D3.e.217"},"getTitle",[]]}
COMMAND: POST /session/3c4f50c8662ea89f089dc0ded56e299c/execute/async - {"script":"<script> [1562 bytes]","args":[{"selector":{"id":"shellAppTitle"},"wdio_ui5_key":"shellAppTitle"}]}
RESULT: {"script":"<script> [1562 bytes]","args":[{"selector":{"id":"shellAppTitle"},"wdio_ui5_key":"shellAppTitle"}]}
COMMAND: POST /session/3c4f50c8662ea89f089dc0ded56e299c/execute/async - {"script":"<script> [6424 bytes]","args":[{"element-6066-11e4-a52e-4f735466cecf":"f.258B236964FA729BF8A1BA51B6436D8C.d.7AF25C8190213619C842605A4ED2C2D3.e.4982"},"getTitle",[]]}
RESULT: {"script":"<script> [6424 bytes]","args":[{"element-6066-11e4-a52e-4f735466cecf":"f.258B236964FA729BF8A1BA51B6436D8C.d.7AF25C8190213619C842605A4ED2C2D3.e.4982"},"getTitle",[]]}
RESULT: undefined
COMMAND: POST /session/3c4f50c8662ea89f089dc0ded56e299c/element/f.258B236964FA729BF8A1BA51B6436D8C.d.7AF25C8190213619C842605A4ED2C2D3.e.4735/click - {}
COMMAND: POST /session/3c4f50c8662ea89f089dc0ded56e299c/element - {"using":"xpath","value":"//*[@id=\"backBtn\"]"}
RESULT: {"using":"xpath","value":"//*[@id=\"backBtn\"]"}
COMMAND: POST /session/3c4f50c8662ea89f089dc0ded56e299c/element/f.258B236964FA729BF8A1BA51B6436D8C.d.7AF25C8190213619C842605A4ED2C2D3.e.4735/click - {}
COMMAND: POST /session/3c4f50c8662ea89f089dc0ded56e299c/element - {"using":"xpath","value":"//*[@id=\"backBtn\"]"}
RESULT: {"using":"xpath","value":"//*[@id=\"backBtn\"]"}
COMMAND: POST /session/3c4f50c8662ea89f089dc0ded56e299c/element/f.258B236964FA729BF8A1BA51B6436D8C.d.7AF25C8190213619C842605A4ED2C2D3.e.4983/click - {}
RESULT: {}
COMMAND: GET /session/3c4f50c8662ea89f089dc0ded56e299c/screenshot - {}
RESULT: {}
]]></system-out>
    </testcase>
    <testcase classname="chrome.136_0_7103_49.windows.Sanity_Tests_US104253" name="Should open Data Explorer page" time="37.427">
      <system-out><![CDATA[
COMMAND: POST /session/3c4f50c8662ea89f089dc0ded56e299c/execute/async - {"script":"<script> [1562 bytes]","args":[{"selector":{"controlType":"sap.m.GenericTile","properties":{"header":"Data Explorer"}},"wdio_ui5_key":"sapm.GenericTile{\"header\":\"Data Explorer\"}"}]}
RESULT: {"script":"<script> [1562 bytes]","args":[{"selector":{"controlType":"sap.m.GenericTile","properties":{"header":"Data Explorer"}},"wdio_ui5_key":"sapm.GenericTile{\"header\":\"Data Explorer\"}"}]}
RESULT: undefined
COMMAND: POST /session/3c4f50c8662ea89f089dc0ded56e299c/element - {"using":"xpath","value":"//*[@id=\"__tile117\"]"}
RESULT: {"using":"xpath","value":"//*[@id=\"__tile117\"]"}
COMMAND: POST /session/3c4f50c8662ea89f089dc0ded56e299c/element/f.258B236964FA729BF8A1BA51B6436D8C.d.7AF25C8190213619C842605A4ED2C2D3.e.4985/click - {}
RESULT: {}
COMMAND: GET /session/3c4f50c8662ea89f089dc0ded56e299c/screenshot - {}
RESULT: {}
COMMAND: POST /session/3c4f50c8662ea89f089dc0ded56e299c/elements - {"using":"xpath","value":"//span[text()='Error']"}
RESULT: {"using":"xpath","value":"//span[text()='Error']"}
RESULT: undefined
COMMAND: POST /session/3c4f50c8662ea89f089dc0ded56e299c/element - {"using":"xpath","value":"//*[@id=\"__tile117\"]"}
RESULT: {"using":"xpath","value":"//*[@id=\"__tile117\"]"}
COMMAND: POST /session/3c4f50c8662ea89f089dc0ded56e299c/element/f.258B236964FA729BF8A1BA51B6436D8C.d.7AF25C8190213619C842605A4ED2C2D3.e.4985/click - {}
RESULT: undefined
COMMAND: POST /session/3c4f50c8662ea89f089dc0ded56e299c/element - {"using":"xpath","value":"//*[@id=\"__tile117\"]"}
RESULT: {"using":"xpath","value":"//*[@id=\"__tile117\"]"}
COMMAND: POST /session/3c4f50c8662ea89f089dc0ded56e299c/element/f.258B236964FA729BF8A1BA51B6436D8C.d.7AF25C8190213619C842605A4ED2C2D3.e.4985/click - {}
RESULT: undefined
COMMAND: POST /session/3c4f50c8662ea89f089dc0ded56e299c/execute/async - {"script":"<script> [6424 bytes]","args":[{"element-6066-11e4-a52e-4f735466cecf":"f.258B236964FA729BF8A1BA51B6436D8C.d.7AF25C8190213619C842605A4ED2C2D3.e.217"},"getTitle",[]]}
COMMAND: POST /session/3c4f50c8662ea89f089dc0ded56e299c/execute/async - {"script":"<script> [1562 bytes]","args":[{"selector":{"id":"shellAppTitle"},"wdio_ui5_key":"shellAppTitle"}]}
RESULT: {"script":"<script> [1562 bytes]","args":[{"selector":{"id":"shellAppTitle"},"wdio_ui5_key":"shellAppTitle"}]}
COMMAND: POST /session/3c4f50c8662ea89f089dc0ded56e299c/execute/async - {"script":"<script> [6424 bytes]","args":[{"element-6066-11e4-a52e-4f735466cecf":"f.258B236964FA729BF8A1BA51B6436D8C.d.7AF25C8190213619C842605A4ED2C2D3.e.5167"},"getTitle",[]]}
RESULT: {"script":"<script> [6424 bytes]","args":[{"element-6066-11e4-a52e-4f735466cecf":"f.258B236964FA729BF8A1BA51B6436D8C.d.7AF25C8190213619C842605A4ED2C2D3.e.5167"},"getTitle",[]]}
RESULT: undefined
COMMAND: POST /session/3c4f50c8662ea89f089dc0ded56e299c/element/f.258B236964FA729BF8A1BA51B6436D8C.d.7AF25C8190213619C842605A4ED2C2D3.e.4983/click - {}
RESULT: {}
COMMAND: GET /session/3c4f50c8662ea89f089dc0ded56e299c/screenshot - {}
RESULT: {}
]]></system-out>
    </testcase>
    <testcase classname="chrome.136_0_7103_49.windows.Sanity_Tests_US104253" name="Should open Performance Monitor page" time="36.236">
      <system-out><![CDATA[
COMMAND: POST /session/3c4f50c8662ea89f089dc0ded56e299c/execute/async - {"script":"<script> [1562 bytes]","args":[{"selector":{"controlType":"sap.m.GenericTile","properties":{"header":"Performance Monitor"}},"wdio_ui5_key":"sapm.GenericTile{\"header\":\"Performance Monitor\"}"}]}
RESULT: {"script":"<script> [1562 bytes]","args":[{"selector":{"controlType":"sap.m.GenericTile","properties":{"header":"Performance Monitor"}},"wdio_ui5_key":"sapm.GenericTile{\"header\":\"Performance Monitor\"}"}]}
RESULT: undefined
COMMAND: POST /session/3c4f50c8662ea89f089dc0ded56e299c/element - {"using":"xpath","value":"//*[@id=\"__tile116\"]"}
RESULT: {"using":"xpath","value":"//*[@id=\"__tile116\"]"}
COMMAND: POST /session/3c4f50c8662ea89f089dc0ded56e299c/element/f.258B236964FA729BF8A1BA51B6436D8C.d.7AF25C8190213619C842605A4ED2C2D3.e.5169/click - {}
RESULT: {}
COMMAND: GET /session/3c4f50c8662ea89f089dc0ded56e299c/screenshot - {}
RESULT: {}
COMMAND: POST /session/3c4f50c8662ea89f089dc0ded56e299c/elements - {"using":"xpath","value":"//span[text()='Error']"}
RESULT: {"using":"xpath","value":"//span[text()='Error']"}
RESULT: undefined
COMMAND: POST /session/3c4f50c8662ea89f089dc0ded56e299c/element - {"using":"xpath","value":"//*[@id=\"__tile116\"]"}
RESULT: {"using":"xpath","value":"//*[@id=\"__tile116\"]"}
COMMAND: POST /session/3c4f50c8662ea89f089dc0ded56e299c/element/f.258B236964FA729BF8A1BA51B6436D8C.d.7AF25C8190213619C842605A4ED2C2D3.e.5169/click - {}
RESULT: undefined
COMMAND: POST /session/3c4f50c8662ea89f089dc0ded56e299c/element - {"using":"xpath","value":"//*[@id=\"__tile116\"]"}
RESULT: {"using":"xpath","value":"//*[@id=\"__tile116\"]"}
COMMAND: POST /session/3c4f50c8662ea89f089dc0ded56e299c/element/f.258B236964FA729BF8A1BA51B6436D8C.d.7AF25C8190213619C842605A4ED2C2D3.e.5169/click - {}
RESULT: undefined
COMMAND: POST /session/3c4f50c8662ea89f089dc0ded56e299c/execute/async - {"script":"<script> [6424 bytes]","args":[{"element-6066-11e4-a52e-4f735466cecf":"f.258B236964FA729BF8A1BA51B6436D8C.d.7AF25C8190213619C842605A4ED2C2D3.e.217"},"getTitle",[]]}
COMMAND: POST /session/3c4f50c8662ea89f089dc0ded56e299c/execute/async - {"script":"<script> [1562 bytes]","args":[{"selector":{"id":"shellAppTitle"},"wdio_ui5_key":"shellAppTitle"}]}
RESULT: {"script":"<script> [1562 bytes]","args":[{"selector":{"id":"shellAppTitle"},"wdio_ui5_key":"shellAppTitle"}]}
COMMAND: POST /session/3c4f50c8662ea89f089dc0ded56e299c/execute/async - {"script":"<script> [6424 bytes]","args":[{"element-6066-11e4-a52e-4f735466cecf":"f.258B236964FA729BF8A1BA51B6436D8C.d.7AF25C8190213619C842605A4ED2C2D3.e.5208"},"getTitle",[]]}
RESULT: {"script":"<script> [6424 bytes]","args":[{"element-6066-11e4-a52e-4f735466cecf":"f.258B236964FA729BF8A1BA51B6436D8C.d.7AF25C8190213619C842605A4ED2C2D3.e.5208"},"getTitle",[]]}
RESULT: undefined
COMMAND: POST /session/3c4f50c8662ea89f089dc0ded56e299c/element/f.258B236964FA729BF8A1BA51B6436D8C.d.7AF25C8190213619C842605A4ED2C2D3.e.4983/click - {}
COMMAND: POST /session/3c4f50c8662ea89f089dc0ded56e299c/element - {"using":"xpath","value":"//*[@id=\"backBtn\"]"}
RESULT: {"using":"xpath","value":"//*[@id=\"backBtn\"]"}
COMMAND: POST /session/3c4f50c8662ea89f089dc0ded56e299c/element/f.258B236964FA729BF8A1BA51B6436D8C.d.7AF25C8190213619C842605A4ED2C2D3.e.4983/click - {}
COMMAND: POST /session/3c4f50c8662ea89f089dc0ded56e299c/element - {"using":"xpath","value":"//*[@id=\"backBtn\"]"}
RESULT: {"using":"xpath","value":"//*[@id=\"backBtn\"]"}
COMMAND: POST /session/3c4f50c8662ea89f089dc0ded56e299c/element/f.258B236964FA729BF8A1BA51B6436D8C.d.7AF25C8190213619C842605A4ED2C2D3.e.5209/click - {}
RESULT: {}
COMMAND: GET /session/3c4f50c8662ea89f089dc0ded56e299c/screenshot - {}
RESULT: {}
]]></system-out>
    </testcase>
    <testcase classname="chrome.136_0_7103_49.windows.Sanity_Tests_US104253" name="Should open Organizational Model page" time="36.877">
      <system-out><![CDATA[
COMMAND: POST /session/3c4f50c8662ea89f089dc0ded56e299c/execute/async - {"script":"<script> [1562 bytes]","args":[{"selector":{"controlType":"sap.m.GenericTile","properties":{"header":"Organizational Model"}},"wdio_ui5_key":"sapm.GenericTile{\"header\":\"Organizational Model\"}"}]}
RESULT: {"script":"<script> [1562 bytes]","args":[{"selector":{"controlType":"sap.m.GenericTile","properties":{"header":"Organizational Model"}},"wdio_ui5_key":"sapm.GenericTile{\"header\":\"Organizational Model\"}"}]}
RESULT: undefined
COMMAND: POST /session/3c4f50c8662ea89f089dc0ded56e299c/element - {"using":"xpath","value":"//*[@id=\"__tile120\"]"}
RESULT: {"using":"xpath","value":"//*[@id=\"__tile120\"]"}
COMMAND: POST /session/3c4f50c8662ea89f089dc0ded56e299c/element/f.258B236964FA729BF8A1BA51B6436D8C.d.7AF25C8190213619C842605A4ED2C2D3.e.5212/click - {}
RESULT: {}
COMMAND: GET /session/3c4f50c8662ea89f089dc0ded56e299c/screenshot - {}
RESULT: {}
COMMAND: POST /session/3c4f50c8662ea89f089dc0ded56e299c/elements - {"using":"xpath","value":"//span[text()='Error']"}
RESULT: {"using":"xpath","value":"//span[text()='Error']"}
RESULT: undefined
COMMAND: POST /session/3c4f50c8662ea89f089dc0ded56e299c/element - {"using":"xpath","value":"//*[@id=\"__tile120\"]"}
RESULT: {"using":"xpath","value":"//*[@id=\"__tile120\"]"}
COMMAND: POST /session/3c4f50c8662ea89f089dc0ded56e299c/element/f.258B236964FA729BF8A1BA51B6436D8C.d.7AF25C8190213619C842605A4ED2C2D3.e.5212/click - {}
RESULT: undefined
COMMAND: POST /session/3c4f50c8662ea89f089dc0ded56e299c/element - {"using":"xpath","value":"//*[@id=\"__tile120\"]"}
RESULT: {"using":"xpath","value":"//*[@id=\"__tile120\"]"}
COMMAND: POST /session/3c4f50c8662ea89f089dc0ded56e299c/element/f.258B236964FA729BF8A1BA51B6436D8C.d.7AF25C8190213619C842605A4ED2C2D3.e.5212/click - {}
RESULT: undefined
COMMAND: POST /session/3c4f50c8662ea89f089dc0ded56e299c/execute/async - {"script":"<script> [6424 bytes]","args":[{"element-6066-11e4-a52e-4f735466cecf":"f.258B236964FA729BF8A1BA51B6436D8C.d.7AF25C8190213619C842605A4ED2C2D3.e.217"},"getTitle",[]]}
COMMAND: POST /session/3c4f50c8662ea89f089dc0ded56e299c/execute/async - {"script":"<script> [1562 bytes]","args":[{"selector":{"id":"shellAppTitle"},"wdio_ui5_key":"shellAppTitle"}]}
RESULT: {"script":"<script> [1562 bytes]","args":[{"selector":{"id":"shellAppTitle"},"wdio_ui5_key":"shellAppTitle"}]}
COMMAND: POST /session/3c4f50c8662ea89f089dc0ded56e299c/execute/async - {"script":"<script> [6424 bytes]","args":[{"element-6066-11e4-a52e-4f735466cecf":"f.258B236964FA729BF8A1BA51B6436D8C.d.7AF25C8190213619C842605A4ED2C2D3.e.5230"},"getTitle",[]]}
RESULT: {"script":"<script> [6424 bytes]","args":[{"element-6066-11e4-a52e-4f735466cecf":"f.258B236964FA729BF8A1BA51B6436D8C.d.7AF25C8190213619C842605A4ED2C2D3.e.5230"},"getTitle",[]]}
RESULT: undefined
COMMAND: POST /session/3c4f50c8662ea89f089dc0ded56e299c/element/f.258B236964FA729BF8A1BA51B6436D8C.d.7AF25C8190213619C842605A4ED2C2D3.e.5209/click - {}
RESULT: {}
COMMAND: GET /session/3c4f50c8662ea89f089dc0ded56e299c/screenshot - {}
RESULT: {}
]]></system-out>
    </testcase>
    <testcase classname="chrome.136_0_7103_49.windows.Sanity_Tests_US104253" name="Should open Manage Roles page" time="38.873">
      <system-out><![CDATA[
COMMAND: POST /session/3c4f50c8662ea89f089dc0ded56e299c/execute/async - {"script":"<script> [1562 bytes]","args":[{"selector":{"controlType":"sap.m.GenericTile","properties":{"header":"Manage Roles"}},"wdio_ui5_key":"sapm.GenericTile{\"header\":\"Manage Roles\"}"}]}
RESULT: {"script":"<script> [1562 bytes]","args":[{"selector":{"controlType":"sap.m.GenericTile","properties":{"header":"Manage Roles"}},"wdio_ui5_key":"sapm.GenericTile{\"header\":\"Manage Roles\"}"}]}
RESULT: undefined
COMMAND: POST /session/3c4f50c8662ea89f089dc0ded56e299c/element - {"using":"xpath","value":"//*[@id=\"__tile119\"]"}
RESULT: {"using":"xpath","value":"//*[@id=\"__tile119\"]"}
COMMAND: POST /session/3c4f50c8662ea89f089dc0ded56e299c/element/f.258B236964FA729BF8A1BA51B6436D8C.d.7AF25C8190213619C842605A4ED2C2D3.e.5232/click - {}
RESULT: {}
COMMAND: GET /session/3c4f50c8662ea89f089dc0ded56e299c/screenshot - {}
RESULT: {}
COMMAND: POST /session/3c4f50c8662ea89f089dc0ded56e299c/elements - {"using":"xpath","value":"//span[text()='Error']"}
RESULT: {"using":"xpath","value":"//span[text()='Error']"}
RESULT: undefined
COMMAND: POST /session/3c4f50c8662ea89f089dc0ded56e299c/element - {"using":"xpath","value":"//*[@id=\"__tile119\"]"}
RESULT: {"using":"xpath","value":"//*[@id=\"__tile119\"]"}
COMMAND: POST /session/3c4f50c8662ea89f089dc0ded56e299c/element/f.258B236964FA729BF8A1BA51B6436D8C.d.7AF25C8190213619C842605A4ED2C2D3.e.5232/click - {}
RESULT: undefined
COMMAND: POST /session/3c4f50c8662ea89f089dc0ded56e299c/element - {"using":"xpath","value":"//*[@id=\"__tile119\"]"}
RESULT: {"using":"xpath","value":"//*[@id=\"__tile119\"]"}
COMMAND: POST /session/3c4f50c8662ea89f089dc0ded56e299c/element/f.258B236964FA729BF8A1BA51B6436D8C.d.7AF25C8190213619C842605A4ED2C2D3.e.5232/click - {}
RESULT: undefined
COMMAND: POST /session/3c4f50c8662ea89f089dc0ded56e299c/execute/async - {"script":"<script> [6424 bytes]","args":[{"element-6066-11e4-a52e-4f735466cecf":"f.258B236964FA729BF8A1BA51B6436D8C.d.7AF25C8190213619C842605A4ED2C2D3.e.217"},"getTitle",[]]}
COMMAND: POST /session/3c4f50c8662ea89f089dc0ded56e299c/execute/async - {"script":"<script> [1562 bytes]","args":[{"selector":{"id":"shellAppTitle"},"wdio_ui5_key":"shellAppTitle"}]}
RESULT: {"script":"<script> [1562 bytes]","args":[{"selector":{"id":"shellAppTitle"},"wdio_ui5_key":"shellAppTitle"}]}
COMMAND: POST /session/3c4f50c8662ea89f089dc0ded56e299c/execute/async - {"script":"<script> [6424 bytes]","args":[{"element-6066-11e4-a52e-4f735466cecf":"f.258B236964FA729BF8A1BA51B6436D8C.d.7AF25C8190213619C842605A4ED2C2D3.e.5274"},"getTitle",[]]}
RESULT: {"script":"<script> [6424 bytes]","args":[{"element-6066-11e4-a52e-4f735466cecf":"f.258B236964FA729BF8A1BA51B6436D8C.d.7AF25C8190213619C842605A4ED2C2D3.e.5274"},"getTitle",[]]}
RESULT: undefined
COMMAND: POST /session/3c4f50c8662ea89f089dc0ded56e299c/element/f.258B236964FA729BF8A1BA51B6436D8C.d.7AF25C8190213619C842605A4ED2C2D3.e.5209/click - {}
COMMAND: POST /session/3c4f50c8662ea89f089dc0ded56e299c/element - {"using":"xpath","value":"//*[@id=\"backBtn\"]"}
RESULT: {"using":"xpath","value":"//*[@id=\"backBtn\"]"}
COMMAND: POST /session/3c4f50c8662ea89f089dc0ded56e299c/element/f.258B236964FA729BF8A1BA51B6436D8C.d.7AF25C8190213619C842605A4ED2C2D3.e.5209/click - {}
COMMAND: POST /session/3c4f50c8662ea89f089dc0ded56e299c/element - {"using":"xpath","value":"//*[@id=\"backBtn\"]"}
RESULT: {"using":"xpath","value":"//*[@id=\"backBtn\"]"}
COMMAND: POST /session/3c4f50c8662ea89f089dc0ded56e299c/element/f.258B236964FA729BF8A1BA51B6436D8C.d.7AF25C8190213619C842605A4ED2C2D3.e.5275/click - {}
RESULT: {}
COMMAND: GET /session/3c4f50c8662ea89f089dc0ded56e299c/screenshot - {}
RESULT: {}
]]></system-out>
    </testcase>
    <testcase classname="chrome.136_0_7103_49.windows.Sanity_Tests_US104253" name="Should open Authorization Tables page" time="35.995">
      <system-out><![CDATA[
COMMAND: POST /session/3c4f50c8662ea89f089dc0ded56e299c/execute/async - {"script":"<script> [1562 bytes]","args":[{"selector":{"controlType":"sap.m.GenericTile","properties":{"header":"Authorization Tables"}},"wdio_ui5_key":"sapm.GenericTile{\"header\":\"Authorization Tables\"}"}]}
RESULT: {"script":"<script> [1562 bytes]","args":[{"selector":{"controlType":"sap.m.GenericTile","properties":{"header":"Authorization Tables"}},"wdio_ui5_key":"sapm.GenericTile{\"header\":\"Authorization Tables\"}"}]}
RESULT: undefined
COMMAND: POST /session/3c4f50c8662ea89f089dc0ded56e299c/element - {"using":"xpath","value":"//*[@id=\"__tile118\"]"}
RESULT: {"using":"xpath","value":"//*[@id=\"__tile118\"]"}
COMMAND: POST /session/3c4f50c8662ea89f089dc0ded56e299c/element/f.258B236964FA729BF8A1BA51B6436D8C.d.7AF25C8190213619C842605A4ED2C2D3.e.5277/click - {}
RESULT: {}
COMMAND: GET /session/3c4f50c8662ea89f089dc0ded56e299c/screenshot - {}
RESULT: {}
COMMAND: POST /session/3c4f50c8662ea89f089dc0ded56e299c/elements - {"using":"xpath","value":"//span[text()='Error']"}
RESULT: {"using":"xpath","value":"//span[text()='Error']"}
RESULT: undefined
COMMAND: POST /session/3c4f50c8662ea89f089dc0ded56e299c/element - {"using":"xpath","value":"//*[@id=\"__tile118\"]"}
RESULT: {"using":"xpath","value":"//*[@id=\"__tile118\"]"}
COMMAND: POST /session/3c4f50c8662ea89f089dc0ded56e299c/element/f.258B236964FA729BF8A1BA51B6436D8C.d.7AF25C8190213619C842605A4ED2C2D3.e.5277/click - {}
RESULT: undefined
COMMAND: POST /session/3c4f50c8662ea89f089dc0ded56e299c/element - {"using":"xpath","value":"//*[@id=\"__tile118\"]"}
RESULT: {"using":"xpath","value":"//*[@id=\"__tile118\"]"}
COMMAND: POST /session/3c4f50c8662ea89f089dc0ded56e299c/element/f.258B236964FA729BF8A1BA51B6436D8C.d.7AF25C8190213619C842605A4ED2C2D3.e.5277/click - {}
RESULT: undefined
COMMAND: POST /session/3c4f50c8662ea89f089dc0ded56e299c/execute/async - {"script":"<script> [6424 bytes]","args":[{"element-6066-11e4-a52e-4f735466cecf":"f.258B236964FA729BF8A1BA51B6436D8C.d.7AF25C8190213619C842605A4ED2C2D3.e.217"},"getTitle",[]]}
COMMAND: POST /session/3c4f50c8662ea89f089dc0ded56e299c/execute/async - {"script":"<script> [1562 bytes]","args":[{"selector":{"id":"shellAppTitle"},"wdio_ui5_key":"shellAppTitle"}]}
RESULT: {"script":"<script> [1562 bytes]","args":[{"selector":{"id":"shellAppTitle"},"wdio_ui5_key":"shellAppTitle"}]}
COMMAND: POST /session/3c4f50c8662ea89f089dc0ded56e299c/execute/async - {"script":"<script> [6424 bytes]","args":[{"element-6066-11e4-a52e-4f735466cecf":"f.258B236964FA729BF8A1BA51B6436D8C.d.7AF25C8190213619C842605A4ED2C2D3.e.5362"},"getTitle",[]]}
RESULT: {"script":"<script> [6424 bytes]","args":[{"element-6066-11e4-a52e-4f735466cecf":"f.258B236964FA729BF8A1BA51B6436D8C.d.7AF25C8190213619C842605A4ED2C2D3.e.5362"},"getTitle",[]]}
RESULT: undefined
COMMAND: POST /session/3c4f50c8662ea89f089dc0ded56e299c/element/f.258B236964FA729BF8A1BA51B6436D8C.d.7AF25C8190213619C842605A4ED2C2D3.e.5275/click - {}
RESULT: {}
COMMAND: GET /session/3c4f50c8662ea89f089dc0ded56e299c/screenshot - {}
RESULT: {}
]]></system-out>
    </testcase>
    <testcase classname="chrome.136_0_7103_49.windows.Sanity_Tests_US104253" name="Should open User Maintenance page" time="36.401">
      <system-out><![CDATA[
COMMAND: POST /session/3c4f50c8662ea89f089dc0ded56e299c/execute/async - {"script":"<script> [1562 bytes]","args":[{"selector":{"controlType":"sap.m.GenericTile","properties":{"header":"User Maintenance"}},"wdio_ui5_key":"sapm.GenericTile{\"header\":\"User Maintenance\"}"}]}
RESULT: {"script":"<script> [1562 bytes]","args":[{"selector":{"controlType":"sap.m.GenericTile","properties":{"header":"User Maintenance"}},"wdio_ui5_key":"sapm.GenericTile{\"header\":\"User Maintenance\"}"}]}
RESULT: undefined
COMMAND: POST /session/3c4f50c8662ea89f089dc0ded56e299c/element - {"using":"xpath","value":"//*[@id=\"__tile121\"]"}
RESULT: {"using":"xpath","value":"//*[@id=\"__tile121\"]"}
COMMAND: POST /session/3c4f50c8662ea89f089dc0ded56e299c/element/f.258B236964FA729BF8A1BA51B6436D8C.d.7AF25C8190213619C842605A4ED2C2D3.e.5364/click - {}
RESULT: {}
COMMAND: GET /session/3c4f50c8662ea89f089dc0ded56e299c/screenshot - {}
RESULT: {}
COMMAND: POST /session/3c4f50c8662ea89f089dc0ded56e299c/elements - {"using":"xpath","value":"//span[text()='Error']"}
RESULT: {"using":"xpath","value":"//span[text()='Error']"}
RESULT: undefined
COMMAND: POST /session/3c4f50c8662ea89f089dc0ded56e299c/element - {"using":"xpath","value":"//*[@id=\"__tile121\"]"}
RESULT: {"using":"xpath","value":"//*[@id=\"__tile121\"]"}
COMMAND: POST /session/3c4f50c8662ea89f089dc0ded56e299c/element/f.258B236964FA729BF8A1BA51B6436D8C.d.7AF25C8190213619C842605A4ED2C2D3.e.5364/click - {}
RESULT: undefined
COMMAND: POST /session/3c4f50c8662ea89f089dc0ded56e299c/element - {"using":"xpath","value":"//*[@id=\"__tile121\"]"}
RESULT: {"using":"xpath","value":"//*[@id=\"__tile121\"]"}
COMMAND: POST /session/3c4f50c8662ea89f089dc0ded56e299c/element/f.258B236964FA729BF8A1BA51B6436D8C.d.7AF25C8190213619C842605A4ED2C2D3.e.5364/click - {}
RESULT: undefined
COMMAND: POST /session/3c4f50c8662ea89f089dc0ded56e299c/execute/async - {"script":"<script> [6424 bytes]","args":[{"element-6066-11e4-a52e-4f735466cecf":"f.258B236964FA729BF8A1BA51B6436D8C.d.7AF25C8190213619C842605A4ED2C2D3.e.217"},"getTitle",[]]}
COMMAND: POST /session/3c4f50c8662ea89f089dc0ded56e299c/execute/async - {"script":"<script> [1562 bytes]","args":[{"selector":{"id":"shellAppTitle"},"wdio_ui5_key":"shellAppTitle"}]}
RESULT: {"script":"<script> [1562 bytes]","args":[{"selector":{"id":"shellAppTitle"},"wdio_ui5_key":"shellAppTitle"}]}
COMMAND: POST /session/3c4f50c8662ea89f089dc0ded56e299c/execute/async - {"script":"<script> [6424 bytes]","args":[{"element-6066-11e4-a52e-4f735466cecf":"f.258B236964FA729BF8A1BA51B6436D8C.d.7AF25C8190213619C842605A4ED2C2D3.e.5452"},"getTitle",[]]}
RESULT: {"script":"<script> [6424 bytes]","args":[{"element-6066-11e4-a52e-4f735466cecf":"f.258B236964FA729BF8A1BA51B6436D8C.d.7AF25C8190213619C842605A4ED2C2D3.e.5452"},"getTitle",[]]}
RESULT: undefined
COMMAND: POST /session/3c4f50c8662ea89f089dc0ded56e299c/element/f.258B236964FA729BF8A1BA51B6436D8C.d.7AF25C8190213619C842605A4ED2C2D3.e.5275/click - {}
COMMAND: POST /session/3c4f50c8662ea89f089dc0ded56e299c/element - {"using":"xpath","value":"//*[@id=\"backBtn\"]"}
RESULT: {"using":"xpath","value":"//*[@id=\"backBtn\"]"}
COMMAND: POST /session/3c4f50c8662ea89f089dc0ded56e299c/element/f.258B236964FA729BF8A1BA51B6436D8C.d.7AF25C8190213619C842605A4ED2C2D3.e.5275/click - {}
COMMAND: POST /session/3c4f50c8662ea89f089dc0ded56e299c/element - {"using":"xpath","value":"//*[@id=\"backBtn\"]"}
RESULT: {"using":"xpath","value":"//*[@id=\"backBtn\"]"}
COMMAND: POST /session/3c4f50c8662ea89f089dc0ded56e299c/element/f.258B236964FA729BF8A1BA51B6436D8C.d.7AF25C8190213619C842605A4ED2C2D3.e.5453/click - {}
RESULT: {}
COMMAND: GET /session/3c4f50c8662ea89f089dc0ded56e299c/screenshot - {}
RESULT: {}
]]></system-out>
    </testcase>
    <testcase classname="chrome.136_0_7103_49.windows.Sanity_Tests_US104253" name="Should open Schedule Jobs page" time="36.043">
      <system-out><![CDATA[
COMMAND: POST /session/3c4f50c8662ea89f089dc0ded56e299c/execute/async - {"script":"<script> [1562 bytes]","args":[{"selector":{"controlType":"sap.m.GenericTile","properties":{"header":"Schedule Jobs"}},"wdio_ui5_key":"sapm.GenericTile{\"header\":\"Schedule Jobs\"}"}]}
RESULT: {"script":"<script> [1562 bytes]","args":[{"selector":{"controlType":"sap.m.GenericTile","properties":{"header":"Schedule Jobs"}},"wdio_ui5_key":"sapm.GenericTile{\"header\":\"Schedule Jobs\"}"}]}
RESULT: undefined
COMMAND: POST /session/3c4f50c8662ea89f089dc0ded56e299c/element - {"using":"xpath","value":"//*[@id=\"__tile127\"]"}
RESULT: {"using":"xpath","value":"//*[@id=\"__tile127\"]"}
COMMAND: POST /session/3c4f50c8662ea89f089dc0ded56e299c/element/f.258B236964FA729BF8A1BA51B6436D8C.d.7AF25C8190213619C842605A4ED2C2D3.e.5456/click - {}
RESULT: {}
COMMAND: GET /session/3c4f50c8662ea89f089dc0ded56e299c/screenshot - {}
RESULT: {}
COMMAND: POST /session/3c4f50c8662ea89f089dc0ded56e299c/elements - {"using":"xpath","value":"//span[text()='Error']"}
RESULT: {"using":"xpath","value":"//span[text()='Error']"}
RESULT: undefined
COMMAND: POST /session/3c4f50c8662ea89f089dc0ded56e299c/element - {"using":"xpath","value":"//*[@id=\"__tile127\"]"}
RESULT: {"using":"xpath","value":"//*[@id=\"__tile127\"]"}
COMMAND: POST /session/3c4f50c8662ea89f089dc0ded56e299c/element/f.258B236964FA729BF8A1BA51B6436D8C.d.7AF25C8190213619C842605A4ED2C2D3.e.5456/click - {}
RESULT: undefined
COMMAND: POST /session/3c4f50c8662ea89f089dc0ded56e299c/element - {"using":"xpath","value":"//*[@id=\"__tile127\"]"}
RESULT: {"using":"xpath","value":"//*[@id=\"__tile127\"]"}
COMMAND: POST /session/3c4f50c8662ea89f089dc0ded56e299c/element/f.258B236964FA729BF8A1BA51B6436D8C.d.7AF25C8190213619C842605A4ED2C2D3.e.5456/click - {}
RESULT: undefined
COMMAND: POST /session/3c4f50c8662ea89f089dc0ded56e299c/execute/async - {"script":"<script> [6424 bytes]","args":[{"element-6066-11e4-a52e-4f735466cecf":"f.258B236964FA729BF8A1BA51B6436D8C.d.7AF25C8190213619C842605A4ED2C2D3.e.217"},"getTitle",[]]}
COMMAND: POST /session/3c4f50c8662ea89f089dc0ded56e299c/execute/async - {"script":"<script> [1562 bytes]","args":[{"selector":{"id":"shellAppTitle"},"wdio_ui5_key":"shellAppTitle"}]}
RESULT: {"script":"<script> [1562 bytes]","args":[{"selector":{"id":"shellAppTitle"},"wdio_ui5_key":"shellAppTitle"}]}
COMMAND: POST /session/3c4f50c8662ea89f089dc0ded56e299c/execute/async - {"script":"<script> [6424 bytes]","args":[{"element-6066-11e4-a52e-4f735466cecf":"f.258B236964FA729BF8A1BA51B6436D8C.d.7AF25C8190213619C842605A4ED2C2D3.e.5500"},"getTitle",[]]}
RESULT: {"script":"<script> [6424 bytes]","args":[{"element-6066-11e4-a52e-4f735466cecf":"f.258B236964FA729BF8A1BA51B6436D8C.d.7AF25C8190213619C842605A4ED2C2D3.e.5500"},"getTitle",[]]}
RESULT: undefined
COMMAND: POST /session/3c4f50c8662ea89f089dc0ded56e299c/element/f.258B236964FA729BF8A1BA51B6436D8C.d.7AF25C8190213619C842605A4ED2C2D3.e.5453/click - {}
COMMAND: POST /session/3c4f50c8662ea89f089dc0ded56e299c/element/f.258B236964FA729BF8A1BA51B6436D8C.d.7AF25C8190213619C842605A4ED2C2D3.e.5453/click - {}
RESULT: {}
COMMAND: GET /session/3c4f50c8662ea89f089dc0ded56e299c/screenshot - {}
COMMAND: POST /session/3c4f50c8662ea89f089dc0ded56e299c/element - {"using":"xpath","value":"//*[@id=\"backBtn\"]"}
RESULT: {}
RESULT: {"using":"xpath","value":"//*[@id=\"backBtn\"]"}
COMMAND: POST /session/3c4f50c8662ea89f089dc0ded56e299c/elements - {"using":"xpath","value":"//*[@id=\"backBtn\"]"}
RESULT: {"using":"xpath","value":"//*[@id=\"backBtn\"]"}
COMMAND: POST /session/3c4f50c8662ea89f089dc0ded56e299c/elements - {"using":"xpath","value":"//*[@id=\"backBtn\"]"}
RESULT: {"using":"xpath","value":"//*[@id=\"backBtn\"]"}
COMMAND: POST /session/3c4f50c8662ea89f089dc0ded56e299c/elements - {"using":"xpath","value":"//*[@id=\"backBtn\"]"}
RESULT: {"using":"xpath","value":"//*[@id=\"backBtn\"]"}
COMMAND: POST /session/3c4f50c8662ea89f089dc0ded56e299c/elements - {"using":"xpath","value":"//*[@id=\"backBtn\"]"}
RESULT: {"using":"xpath","value":"//*[@id=\"backBtn\"]"}
COMMAND: POST /session/3c4f50c8662ea89f089dc0ded56e299c/elements - {"using":"xpath","value":"//*[@id=\"backBtn\"]"}
RESULT: {"using":"xpath","value":"//*[@id=\"backBtn\"]"}
COMMAND: POST /session/3c4f50c8662ea89f089dc0ded56e299c/elements - {"using":"xpath","value":"//*[@id=\"backBtn\"]"}
RESULT: {"using":"xpath","value":"//*[@id=\"backBtn\"]"}
COMMAND: POST /session/3c4f50c8662ea89f089dc0ded56e299c/elements - {"using":"xpath","value":"//*[@id=\"backBtn\"]"}
RESULT: {"using":"xpath","value":"//*[@id=\"backBtn\"]"}
COMMAND: POST /session/3c4f50c8662ea89f089dc0ded56e299c/elements - {"using":"xpath","value":"//*[@id=\"backBtn\"]"}
RESULT: {"using":"xpath","value":"//*[@id=\"backBtn\"]"}
COMMAND: POST /session/3c4f50c8662ea89f089dc0ded56e299c/elements - {"using":"xpath","value":"//*[@id=\"backBtn\"]"}
RESULT: {"using":"xpath","value":"//*[@id=\"backBtn\"]"}
COMMAND: POST /session/3c4f50c8662ea89f089dc0ded56e299c/elements - {"using":"xpath","value":"//*[@id=\"backBtn\"]"}
RESULT: {"using":"xpath","value":"//*[@id=\"backBtn\"]"}
COMMAND: POST /session/3c4f50c8662ea89f089dc0ded56e299c/elements - {"using":"xpath","value":"//*[@id=\"backBtn\"]"}
RESULT: {"using":"xpath","value":"//*[@id=\"backBtn\"]"}
COMMAND: POST /session/3c4f50c8662ea89f089dc0ded56e299c/elements - {"using":"xpath","value":"//*[@id=\"backBtn\"]"}
RESULT: {"using":"xpath","value":"//*[@id=\"backBtn\"]"}
COMMAND: POST /session/3c4f50c8662ea89f089dc0ded56e299c/elements - {"using":"xpath","value":"//*[@id=\"backBtn\"]"}
RESULT: {"using":"xpath","value":"//*[@id=\"backBtn\"]"}
COMMAND: POST /session/3c4f50c8662ea89f089dc0ded56e299c/elements - {"using":"xpath","value":"//*[@id=\"backBtn\"]"}
RESULT: {"using":"xpath","value":"//*[@id=\"backBtn\"]"}
COMMAND: POST /session/3c4f50c8662ea89f089dc0ded56e299c/elements - {"using":"xpath","value":"//*[@id=\"backBtn\"]"}
RESULT: {"using":"xpath","value":"//*[@id=\"backBtn\"]"}
COMMAND: POST /session/3c4f50c8662ea89f089dc0ded56e299c/elements - {"using":"xpath","value":"//*[@id=\"backBtn\"]"}
RESULT: {"using":"xpath","value":"//*[@id=\"backBtn\"]"}
COMMAND: POST /session/3c4f50c8662ea89f089dc0ded56e299c/elements - {"using":"xpath","value":"//*[@id=\"backBtn\"]"}
RESULT: {"using":"xpath","value":"//*[@id=\"backBtn\"]"}
COMMAND: POST /session/3c4f50c8662ea89f089dc0ded56e299c/elements - {"using":"xpath","value":"//*[@id=\"backBtn\"]"}
RESULT: {"using":"xpath","value":"//*[@id=\"backBtn\"]"}
COMMAND: POST /session/3c4f50c8662ea89f089dc0ded56e299c/elements - {"using":"xpath","value":"//*[@id=\"backBtn\"]"}
RESULT: {"using":"xpath","value":"//*[@id=\"backBtn\"]"}
]]></system-out>
    </testcase>
    <testcase classname="chrome.136_0_7103_49.windows.Sanity_Tests_US104253" name="Should open Jobs Setup page" time="36.014">
      <system-out><![CDATA[
COMMAND: POST /session/3c4f50c8662ea89f089dc0ded56e299c/execute/async - {"script":"<script> [1562 bytes]","args":[{"selector":{"controlType":"sap.m.GenericTile","properties":{"header":"Jobs Setup"}},"wdio_ui5_key":"sapm.GenericTile{\"header\":\"Jobs Setup\"}"}]}
COMMAND: POST /session/3c4f50c8662ea89f089dc0ded56e299c/elements - {"using":"xpath","value":"//*[@id=\"backBtn\"]"}
RESULT: {"script":"<script> [1562 bytes]","args":[{"selector":{"controlType":"sap.m.GenericTile","properties":{"header":"Jobs Setup"}},"wdio_ui5_key":"sapm.GenericTile{\"header\":\"Jobs Setup\"}"}]}
RESULT: undefined
COMMAND: POST /session/3c4f50c8662ea89f089dc0ded56e299c/element - {"using":"xpath","value":"//*[@id=\"__tile128\"]"}
RESULT: {"using":"xpath","value":"//*[@id=\"backBtn\"]"}
RESULT: {"using":"xpath","value":"//*[@id=\"__tile128\"]"}
COMMAND: POST /session/3c4f50c8662ea89f089dc0ded56e299c/element/f.258B236964FA729BF8A1BA51B6436D8C.d.7AF25C8190213619C842605A4ED2C2D3.e.5502/click - {}
RESULT: {}
COMMAND: GET /session/3c4f50c8662ea89f089dc0ded56e299c/screenshot - {}
COMMAND: POST /session/3c4f50c8662ea89f089dc0ded56e299c/elements - {"using":"xpath","value":"//*[@id=\"backBtn\"]"}
RESULT: {}
RESULT: {"using":"xpath","value":"//*[@id=\"backBtn\"]"}
COMMAND: POST /session/3c4f50c8662ea89f089dc0ded56e299c/element - {"using":"xpath","value":"//*[@id=\"backBtn\"]"}
RESULT: {"using":"xpath","value":"//*[@id=\"backBtn\"]"}
COMMAND: POST /session/3c4f50c8662ea89f089dc0ded56e299c/element/f.258B236964FA729BF8A1BA51B6436D8C.d.7AF25C8190213619C842605A4ED2C2D3.e.5453/click - {}
COMMAND: POST /session/3c4f50c8662ea89f089dc0ded56e299c/element - {"using":"xpath","value":"//*[@id=\"backBtn\"]"}
RESULT: {"using":"xpath","value":"//*[@id=\"backBtn\"]"}
COMMAND: POST /session/3c4f50c8662ea89f089dc0ded56e299c/element/f.258B236964FA729BF8A1BA51B6436D8C.d.7AF25C8190213619C842605A4ED2C2D3.e.5695/click - {}
RESULT: {}
COMMAND: GET /session/3c4f50c8662ea89f089dc0ded56e299c/screenshot - {}
RESULT: {}
COMMAND: POST /session/3c4f50c8662ea89f089dc0ded56e299c/elements - {"using":"xpath","value":"//span[text()='Error']"}
RESULT: {"using":"xpath","value":"//span[text()='Error']"}
RESULT: undefined
COMMAND: POST /session/3c4f50c8662ea89f089dc0ded56e299c/element - {"using":"xpath","value":"//*[@id=\"__tile128\"]"}
RESULT: {"using":"xpath","value":"//*[@id=\"__tile128\"]"}
COMMAND: POST /session/3c4f50c8662ea89f089dc0ded56e299c/element/f.258B236964FA729BF8A1BA51B6436D8C.d.7AF25C8190213619C842605A4ED2C2D3.e.5502/click - {}
RESULT: undefined
COMMAND: POST /session/3c4f50c8662ea89f089dc0ded56e299c/element - {"using":"xpath","value":"//*[@id=\"__tile128\"]"}
RESULT: {"using":"xpath","value":"//*[@id=\"__tile128\"]"}
COMMAND: POST /session/3c4f50c8662ea89f089dc0ded56e299c/element/f.258B236964FA729BF8A1BA51B6436D8C.d.7AF25C8190213619C842605A4ED2C2D3.e.5502/click - {}
RESULT: undefined
COMMAND: POST /session/3c4f50c8662ea89f089dc0ded56e299c/execute/async - {"script":"<script> [6424 bytes]","args":[{"element-6066-11e4-a52e-4f735466cecf":"f.258B236964FA729BF8A1BA51B6436D8C.d.7AF25C8190213619C842605A4ED2C2D3.e.217"},"getTitle",[]]}
COMMAND: POST /session/3c4f50c8662ea89f089dc0ded56e299c/execute/async - {"script":"<script> [1562 bytes]","args":[{"selector":{"id":"shellAppTitle"},"wdio_ui5_key":"shellAppTitle"}]}
RESULT: {"script":"<script> [1562 bytes]","args":[{"selector":{"id":"shellAppTitle"},"wdio_ui5_key":"shellAppTitle"}]}
COMMAND: POST /session/3c4f50c8662ea89f089dc0ded56e299c/execute/async - {"script":"<script> [6424 bytes]","args":[{"element-6066-11e4-a52e-4f735466cecf":"f.258B236964FA729BF8A1BA51B6436D8C.d.7AF25C8190213619C842605A4ED2C2D3.e.5696"},"getTitle",[]]}
RESULT: {"script":"<script> [6424 bytes]","args":[{"element-6066-11e4-a52e-4f735466cecf":"f.258B236964FA729BF8A1BA51B6436D8C.d.7AF25C8190213619C842605A4ED2C2D3.e.5696"},"getTitle",[]]}
RESULT: undefined
COMMAND: POST /session/3c4f50c8662ea89f089dc0ded56e299c/element/f.258B236964FA729BF8A1BA51B6436D8C.d.7AF25C8190213619C842605A4ED2C2D3.e.5695/click - {}
COMMAND: POST /session/3c4f50c8662ea89f089dc0ded56e299c/element/f.258B236964FA729BF8A1BA51B6436D8C.d.7AF25C8190213619C842605A4ED2C2D3.e.5695/click - {}
RESULT: {}
COMMAND: GET /session/3c4f50c8662ea89f089dc0ded56e299c/screenshot - {}
RESULT: {}
COMMAND: GET /session/3c4f50c8662ea89f089dc0ded56e299c/screenshot - {}
RESULT: {}
RESULT: {}
]]></system-out>
    </testcase>
    <testcase classname="chrome.136_0_7103_49.windows.Sanity_Tests_US104253" name="Should open Target Systems Configuration page" time="37.318">
      <system-out><![CDATA[
COMMAND: POST /session/3c4f50c8662ea89f089dc0ded56e299c/execute/async - {"script":"<script> [1562 bytes]","args":[{"selector":{"controlType":"sap.m.GenericTile","properties":{"header":"Target Systems Configuration"}},"wdio_ui5_key":"sapm.GenericTile{\"header\":\"Target Systems Configuration\"}"}]}
RESULT: {"script":"<script> [1562 bytes]","args":[{"selector":{"controlType":"sap.m.GenericTile","properties":{"header":"Target Systems Configuration"}},"wdio_ui5_key":"sapm.GenericTile{\"header\":\"Target Systems Configuration\"}"}]}
RESULT: undefined
COMMAND: POST /session/3c4f50c8662ea89f089dc0ded56e299c/element - {"using":"xpath","value":"//*[@id=\"__tile129\"]"}
RESULT: {"using":"xpath","value":"//*[@id=\"__tile129\"]"}
COMMAND: POST /session/3c4f50c8662ea89f089dc0ded56e299c/element/f.258B236964FA729BF8A1BA51B6436D8C.d.7AF25C8190213619C842605A4ED2C2D3.e.5698/click - {}
RESULT: {}
COMMAND: GET /session/3c4f50c8662ea89f089dc0ded56e299c/screenshot - {}
RESULT: {}
COMMAND: POST /session/3c4f50c8662ea89f089dc0ded56e299c/elements - {"using":"xpath","value":"//span[text()='Error']"}
RESULT: {"using":"xpath","value":"//span[text()='Error']"}
RESULT: undefined
COMMAND: POST /session/3c4f50c8662ea89f089dc0ded56e299c/element - {"using":"xpath","value":"//*[@id=\"__tile129\"]"}
RESULT: {"using":"xpath","value":"//*[@id=\"__tile129\"]"}
COMMAND: POST /session/3c4f50c8662ea89f089dc0ded56e299c/element/f.258B236964FA729BF8A1BA51B6436D8C.d.7AF25C8190213619C842605A4ED2C2D3.e.5698/click - {}
RESULT: undefined
COMMAND: POST /session/3c4f50c8662ea89f089dc0ded56e299c/element - {"using":"xpath","value":"//*[@id=\"__tile129\"]"}
RESULT: {"using":"xpath","value":"//*[@id=\"__tile129\"]"}
COMMAND: POST /session/3c4f50c8662ea89f089dc0ded56e299c/element/f.258B236964FA729BF8A1BA51B6436D8C.d.7AF25C8190213619C842605A4ED2C2D3.e.5698/click - {}
RESULT: undefined
COMMAND: POST /session/3c4f50c8662ea89f089dc0ded56e299c/execute/async - {"script":"<script> [6424 bytes]","args":[{"element-6066-11e4-a52e-4f735466cecf":"f.258B236964FA729BF8A1BA51B6436D8C.d.7AF25C8190213619C842605A4ED2C2D3.e.217"},"getTitle",[]]}
COMMAND: POST /session/3c4f50c8662ea89f089dc0ded56e299c/execute/async - {"script":"<script> [1562 bytes]","args":[{"selector":{"id":"shellAppTitle"},"wdio_ui5_key":"shellAppTitle"}]}
RESULT: {"script":"<script> [1562 bytes]","args":[{"selector":{"id":"shellAppTitle"},"wdio_ui5_key":"shellAppTitle"}]}
COMMAND: POST /session/3c4f50c8662ea89f089dc0ded56e299c/execute/async - {"script":"<script> [6424 bytes]","args":[{"element-6066-11e4-a52e-4f735466cecf":"f.258B236964FA729BF8A1BA51B6436D8C.d.7AF25C8190213619C842605A4ED2C2D3.e.5784"},"getTitle",[]]}
RESULT: {"script":"<script> [6424 bytes]","args":[{"element-6066-11e4-a52e-4f735466cecf":"f.258B236964FA729BF8A1BA51B6436D8C.d.7AF25C8190213619C842605A4ED2C2D3.e.5784"},"getTitle",[]]}
RESULT: undefined
COMMAND: POST /session/3c4f50c8662ea89f089dc0ded56e299c/element/f.258B236964FA729BF8A1BA51B6436D8C.d.7AF25C8190213619C842605A4ED2C2D3.e.5695/click - {}
COMMAND: POST /session/3c4f50c8662ea89f089dc0ded56e299c/element/f.258B236964FA729BF8A1BA51B6436D8C.d.7AF25C8190213619C842605A4ED2C2D3.e.5695/click - {}
RESULT: {}
COMMAND: GET /session/3c4f50c8662ea89f089dc0ded56e299c/screenshot - {}
COMMAND: POST /session/3c4f50c8662ea89f089dc0ded56e299c/element - {"using":"xpath","value":"//*[@id=\"backBtn\"]"}
RESULT: {}
RESULT: {"using":"xpath","value":"//*[@id=\"backBtn\"]"}
COMMAND: POST /session/3c4f50c8662ea89f089dc0ded56e299c/elements - {"using":"xpath","value":"//*[@id=\"backBtn\"]"}
RESULT: {"using":"xpath","value":"//*[@id=\"backBtn\"]"}
COMMAND: POST /session/3c4f50c8662ea89f089dc0ded56e299c/elements - {"using":"xpath","value":"//*[@id=\"backBtn\"]"}
RESULT: {"using":"xpath","value":"//*[@id=\"backBtn\"]"}
COMMAND: POST /session/3c4f50c8662ea89f089dc0ded56e299c/elements - {"using":"xpath","value":"//*[@id=\"backBtn\"]"}
RESULT: {"using":"xpath","value":"//*[@id=\"backBtn\"]"}
COMMAND: POST /session/3c4f50c8662ea89f089dc0ded56e299c/elements - {"using":"xpath","value":"//*[@id=\"backBtn\"]"}
RESULT: {"using":"xpath","value":"//*[@id=\"backBtn\"]"}
COMMAND: POST /session/3c4f50c8662ea89f089dc0ded56e299c/elements - {"using":"xpath","value":"//*[@id=\"backBtn\"]"}
RESULT: {"using":"xpath","value":"//*[@id=\"backBtn\"]"}
COMMAND: POST /session/3c4f50c8662ea89f089dc0ded56e299c/elements - {"using":"xpath","value":"//*[@id=\"backBtn\"]"}
RESULT: {"using":"xpath","value":"//*[@id=\"backBtn\"]"}
COMMAND: POST /session/3c4f50c8662ea89f089dc0ded56e299c/elements - {"using":"xpath","value":"//*[@id=\"backBtn\"]"}
RESULT: {"using":"xpath","value":"//*[@id=\"backBtn\"]"}
COMMAND: POST /session/3c4f50c8662ea89f089dc0ded56e299c/elements - {"using":"xpath","value":"//*[@id=\"backBtn\"]"}
RESULT: {"using":"xpath","value":"//*[@id=\"backBtn\"]"}
COMMAND: POST /session/3c4f50c8662ea89f089dc0ded56e299c/elements - {"using":"xpath","value":"//*[@id=\"backBtn\"]"}
RESULT: {"using":"xpath","value":"//*[@id=\"backBtn\"]"}
COMMAND: POST /session/3c4f50c8662ea89f089dc0ded56e299c/elements - {"using":"xpath","value":"//*[@id=\"backBtn\"]"}
RESULT: {"using":"xpath","value":"//*[@id=\"backBtn\"]"}
COMMAND: POST /session/3c4f50c8662ea89f089dc0ded56e299c/elements - {"using":"xpath","value":"//*[@id=\"backBtn\"]"}
RESULT: {"using":"xpath","value":"//*[@id=\"backBtn\"]"}
COMMAND: POST /session/3c4f50c8662ea89f089dc0ded56e299c/elements - {"using":"xpath","value":"//*[@id=\"backBtn\"]"}
RESULT: {"using":"xpath","value":"//*[@id=\"backBtn\"]"}
COMMAND: POST /session/3c4f50c8662ea89f089dc0ded56e299c/elements - {"using":"xpath","value":"//*[@id=\"backBtn\"]"}
RESULT: {"using":"xpath","value":"//*[@id=\"backBtn\"]"}
COMMAND: POST /session/3c4f50c8662ea89f089dc0ded56e299c/elements - {"using":"xpath","value":"//*[@id=\"backBtn\"]"}
RESULT: {"using":"xpath","value":"//*[@id=\"backBtn\"]"}
COMMAND: POST /session/3c4f50c8662ea89f089dc0ded56e299c/elements - {"using":"xpath","value":"//*[@id=\"backBtn\"]"}
RESULT: {"using":"xpath","value":"//*[@id=\"backBtn\"]"}
COMMAND: POST /session/3c4f50c8662ea89f089dc0ded56e299c/elements - {"using":"xpath","value":"//*[@id=\"backBtn\"]"}
RESULT: {"using":"xpath","value":"//*[@id=\"backBtn\"]"}
COMMAND: POST /session/3c4f50c8662ea89f089dc0ded56e299c/elements - {"using":"xpath","value":"//*[@id=\"backBtn\"]"}
RESULT: {"using":"xpath","value":"//*[@id=\"backBtn\"]"}
COMMAND: POST /session/3c4f50c8662ea89f089dc0ded56e299c/elements - {"using":"xpath","value":"//*[@id=\"backBtn\"]"}
RESULT: {"using":"xpath","value":"//*[@id=\"backBtn\"]"}
COMMAND: POST /session/3c4f50c8662ea89f089dc0ded56e299c/elements - {"using":"xpath","value":"//*[@id=\"backBtn\"]"}
RESULT: {"using":"xpath","value":"//*[@id=\"backBtn\"]"}
COMMAND: GET /session/3c4f50c8662ea89f089dc0ded56e299c/screenshot - {}
RESULT: {}
COMMAND: POST /session/3c4f50c8662ea89f089dc0ded56e299c/elements - {"using":"xpath","value":"//*[@id=\"backBtn\"]"}
RESULT: {"using":"xpath","value":"//*[@id=\"backBtn\"]"}
COMMAND: POST /session/3c4f50c8662ea89f089dc0ded56e299c/elements - {"using":"xpath","value":"//*[@id=\"backBtn\"]"}
RESULT: {"using":"xpath","value":"//*[@id=\"backBtn\"]"}
COMMAND: POST /session/3c4f50c8662ea89f089dc0ded56e299c/elements - {"using":"xpath","value":"//*[@id=\"backBtn\"]"}
RESULT: {"using":"xpath","value":"//*[@id=\"backBtn\"]"}
COMMAND: POST /session/3c4f50c8662ea89f089dc0ded56e299c/elements - {"using":"xpath","value":"//*[@id=\"backBtn\"]"}
RESULT: {"using":"xpath","value":"//*[@id=\"backBtn\"]"}
COMMAND: POST /session/3c4f50c8662ea89f089dc0ded56e299c/elements - {"using":"xpath","value":"//*[@id=\"backBtn\"]"}
RESULT: {"using":"xpath","value":"//*[@id=\"backBtn\"]"}
COMMAND: POST /session/3c4f50c8662ea89f089dc0ded56e299c/elements - {"using":"xpath","value":"//*[@id=\"backBtn\"]"}
RESULT: {"using":"xpath","value":"//*[@id=\"backBtn\"]"}
COMMAND: POST /session/3c4f50c8662ea89f089dc0ded56e299c/elements - {"using":"xpath","value":"//*[@id=\"backBtn\"]"}
RESULT: {"using":"xpath","value":"//*[@id=\"backBtn\"]"}
COMMAND: POST /session/3c4f50c8662ea89f089dc0ded56e299c/elements - {"using":"xpath","value":"//*[@id=\"backBtn\"]"}
RESULT: {"using":"xpath","value":"//*[@id=\"backBtn\"]"}
COMMAND: POST /session/3c4f50c8662ea89f089dc0ded56e299c/elements - {"using":"xpath","value":"//*[@id=\"backBtn\"]"}
RESULT: {"using":"xpath","value":"//*[@id=\"backBtn\"]"}
COMMAND: POST /session/3c4f50c8662ea89f089dc0ded56e299c/elements - {"using":"xpath","value":"//*[@id=\"backBtn\"]"}
RESULT: {"using":"xpath","value":"//*[@id=\"backBtn\"]"}
COMMAND: POST /session/3c4f50c8662ea89f089dc0ded56e299c/elements - {"using":"xpath","value":"//*[@id=\"backBtn\"]"}
RESULT: {"using":"xpath","value":"//*[@id=\"backBtn\"]"}
COMMAND: POST /session/3c4f50c8662ea89f089dc0ded56e299c/elements - {"using":"xpath","value":"//*[@id=\"backBtn\"]"}
RESULT: {"using":"xpath","value":"//*[@id=\"backBtn\"]"}
COMMAND: POST /session/3c4f50c8662ea89f089dc0ded56e299c/elements - {"using":"xpath","value":"//*[@id=\"backBtn\"]"}
RESULT: {"using":"xpath","value":"//*[@id=\"backBtn\"]"}
COMMAND: POST /session/3c4f50c8662ea89f089dc0ded56e299c/elements - {"using":"xpath","value":"//*[@id=\"backBtn\"]"}
RESULT: {"using":"xpath","value":"//*[@id=\"backBtn\"]"}
COMMAND: POST /session/3c4f50c8662ea89f089dc0ded56e299c/elements - {"using":"xpath","value":"//*[@id=\"backBtn\"]"}
RESULT: {"using":"xpath","value":"//*[@id=\"backBtn\"]"}
COMMAND: POST /session/3c4f50c8662ea89f089dc0ded56e299c/elements - {"using":"xpath","value":"//*[@id=\"backBtn\"]"}
RESULT: {"using":"xpath","value":"//*[@id=\"backBtn\"]"}
COMMAND: POST /session/3c4f50c8662ea89f089dc0ded56e299c/elements - {"using":"xpath","value":"//*[@id=\"backBtn\"]"}
RESULT: {"using":"xpath","value":"//*[@id=\"backBtn\"]"}
COMMAND: POST /session/3c4f50c8662ea89f089dc0ded56e299c/elements - {"using":"xpath","value":"//*[@id=\"backBtn\"]"}
RESULT: {"using":"xpath","value":"//*[@id=\"backBtn\"]"}
COMMAND: POST /session/3c4f50c8662ea89f089dc0ded56e299c/elements - {"using":"xpath","value":"//*[@id=\"backBtn\"]"}
RESULT: {"using":"xpath","value":"//*[@id=\"backBtn\"]"}
COMMAND: POST /session/3c4f50c8662ea89f089dc0ded56e299c/elements - {"using":"xpath","value":"//*[@id=\"backBtn\"]"}
RESULT: {"using":"xpath","value":"//*[@id=\"backBtn\"]"}
COMMAND: POST /session/3c4f50c8662ea89f089dc0ded56e299c/elements - {"using":"xpath","value":"//*[@id=\"backBtn\"]"}
RESULT: {"using":"xpath","value":"//*[@id=\"backBtn\"]"}
COMMAND: POST /session/3c4f50c8662ea89f089dc0ded56e299c/elements - {"using":"xpath","value":"//*[@id=\"backBtn\"]"}
RESULT: {"using":"xpath","value":"//*[@id=\"backBtn\"]"}
COMMAND: POST /session/3c4f50c8662ea89f089dc0ded56e299c/elements - {"using":"xpath","value":"//*[@id=\"backBtn\"]"}
RESULT: {"using":"xpath","value":"//*[@id=\"backBtn\"]"}
COMMAND: POST /session/3c4f50c8662ea89f089dc0ded56e299c/elements - {"using":"xpath","value":"//*[@id=\"backBtn\"]"}
RESULT: {"using":"xpath","value":"//*[@id=\"backBtn\"]"}
COMMAND: POST /session/3c4f50c8662ea89f089dc0ded56e299c/elements - {"using":"xpath","value":"//*[@id=\"backBtn\"]"}
RESULT: {"using":"xpath","value":"//*[@id=\"backBtn\"]"}
COMMAND: POST /session/3c4f50c8662ea89f089dc0ded56e299c/elements - {"using":"xpath","value":"//*[@id=\"backBtn\"]"}
RESULT: {"using":"xpath","value":"//*[@id=\"backBtn\"]"}
COMMAND: POST /session/3c4f50c8662ea89f089dc0ded56e299c/elements - {"using":"xpath","value":"//*[@id=\"backBtn\"]"}
RESULT: {"using":"xpath","value":"//*[@id=\"backBtn\"]"}
COMMAND: POST /session/3c4f50c8662ea89f089dc0ded56e299c/elements - {"using":"xpath","value":"//*[@id=\"backBtn\"]"}
RESULT: {"using":"xpath","value":"//*[@id=\"backBtn\"]"}
COMMAND: POST /session/3c4f50c8662ea89f089dc0ded56e299c/elements - {"using":"xpath","value":"//*[@id=\"backBtn\"]"}
RESULT: {"using":"xpath","value":"//*[@id=\"backBtn\"]"}
COMMAND: POST /session/3c4f50c8662ea89f089dc0ded56e299c/elements - {"using":"xpath","value":"//*[@id=\"backBtn\"]"}
RESULT: {"using":"xpath","value":"//*[@id=\"backBtn\"]"}
COMMAND: POST /session/3c4f50c8662ea89f089dc0ded56e299c/elements - {"using":"xpath","value":"//*[@id=\"backBtn\"]"}
RESULT: {"using":"xpath","value":"//*[@id=\"backBtn\"]"}
COMMAND: POST /session/3c4f50c8662ea89f089dc0ded56e299c/elements - {"using":"xpath","value":"//*[@id=\"backBtn\"]"}
RESULT: {"using":"xpath","value":"//*[@id=\"backBtn\"]"}
COMMAND: POST /session/3c4f50c8662ea89f089dc0ded56e299c/elements - {"using":"xpath","value":"//*[@id=\"backBtn\"]"}
RESULT: {"using":"xpath","value":"//*[@id=\"backBtn\"]"}
COMMAND: POST /session/3c4f50c8662ea89f089dc0ded56e299c/elements - {"using":"xpath","value":"//*[@id=\"backBtn\"]"}
RESULT: {"using":"xpath","value":"//*[@id=\"backBtn\"]"}
COMMAND: POST /session/3c4f50c8662ea89f089dc0ded56e299c/elements - {"using":"xpath","value":"//*[@id=\"backBtn\"]"}
RESULT: {"using":"xpath","value":"//*[@id=\"backBtn\"]"}
COMMAND: POST /session/3c4f50c8662ea89f089dc0ded56e299c/elements - {"using":"xpath","value":"//*[@id=\"backBtn\"]"}
RESULT: {"using":"xpath","value":"//*[@id=\"backBtn\"]"}
COMMAND: POST /session/3c4f50c8662ea89f089dc0ded56e299c/elements - {"using":"xpath","value":"//*[@id=\"backBtn\"]"}
RESULT: {"using":"xpath","value":"//*[@id=\"backBtn\"]"}
COMMAND: POST /session/3c4f50c8662ea89f089dc0ded56e299c/elements - {"using":"xpath","value":"//*[@id=\"backBtn\"]"}
RESULT: {"using":"xpath","value":"//*[@id=\"backBtn\"]"}
COMMAND: POST /session/3c4f50c8662ea89f089dc0ded56e299c/elements - {"using":"xpath","value":"//*[@id=\"backBtn\"]"}
RESULT: {"using":"xpath","value":"//*[@id=\"backBtn\"]"}
COMMAND: POST /session/3c4f50c8662ea89f089dc0ded56e299c/elements - {"using":"xpath","value":"//*[@id=\"backBtn\"]"}
RESULT: {"using":"xpath","value":"//*[@id=\"backBtn\"]"}
COMMAND: POST /session/3c4f50c8662ea89f089dc0ded56e299c/elements - {"using":"xpath","value":"//*[@id=\"backBtn\"]"}
RESULT: {"using":"xpath","value":"//*[@id=\"backBtn\"]"}
COMMAND: POST /session/3c4f50c8662ea89f089dc0ded56e299c/elements - {"using":"xpath","value":"//*[@id=\"backBtn\"]"}
RESULT: {"using":"xpath","value":"//*[@id=\"backBtn\"]"}
COMMAND: POST /session/3c4f50c8662ea89f089dc0ded56e299c/elements - {"using":"xpath","value":"//*[@id=\"backBtn\"]"}
RESULT: {"using":"xpath","value":"//*[@id=\"backBtn\"]"}
COMMAND: POST /session/3c4f50c8662ea89f089dc0ded56e299c/elements - {"using":"xpath","value":"//*[@id=\"backBtn\"]"}
RESULT: {"using":"xpath","value":"//*[@id=\"backBtn\"]"}
COMMAND: POST /session/3c4f50c8662ea89f089dc0ded56e299c/elements - {"using":"xpath","value":"//*[@id=\"backBtn\"]"}
RESULT: {"using":"xpath","value":"//*[@id=\"backBtn\"]"}
COMMAND: POST /session/3c4f50c8662ea89f089dc0ded56e299c/elements - {"using":"xpath","value":"//*[@id=\"backBtn\"]"}
RESULT: {"using":"xpath","value":"//*[@id=\"backBtn\"]"}
COMMAND: POST /session/3c4f50c8662ea89f089dc0ded56e299c/elements - {"using":"xpath","value":"//*[@id=\"backBtn\"]"}
RESULT: {"using":"xpath","value":"//*[@id=\"backBtn\"]"}
COMMAND: POST /session/3c4f50c8662ea89f089dc0ded56e299c/elements - {"using":"xpath","value":"//*[@id=\"backBtn\"]"}
RESULT: {"using":"xpath","value":"//*[@id=\"backBtn\"]"}
COMMAND: POST /session/3c4f50c8662ea89f089dc0ded56e299c/elements - {"using":"xpath","value":"//*[@id=\"backBtn\"]"}
RESULT: {"using":"xpath","value":"//*[@id=\"backBtn\"]"}
COMMAND: POST /session/3c4f50c8662ea89f089dc0ded56e299c/elements - {"using":"xpath","value":"//*[@id=\"backBtn\"]"}
RESULT: {"using":"xpath","value":"//*[@id=\"backBtn\"]"}
COMMAND: POST /session/3c4f50c8662ea89f089dc0ded56e299c/elements - {"using":"xpath","value":"//*[@id=\"backBtn\"]"}
RESULT: {"using":"xpath","value":"//*[@id=\"backBtn\"]"}
COMMAND: POST /session/3c4f50c8662ea89f089dc0ded56e299c/elements - {"using":"xpath","value":"//*[@id=\"backBtn\"]"}
RESULT: {"using":"xpath","value":"//*[@id=\"backBtn\"]"}
COMMAND: POST /session/3c4f50c8662ea89f089dc0ded56e299c/elements - {"using":"xpath","value":"//*[@id=\"backBtn\"]"}
RESULT: {"using":"xpath","value":"//*[@id=\"backBtn\"]"}
COMMAND: POST /session/3c4f50c8662ea89f089dc0ded56e299c/elements - {"using":"xpath","value":"//*[@id=\"backBtn\"]"}
RESULT: {"using":"xpath","value":"//*[@id=\"backBtn\"]"}
COMMAND: POST /session/3c4f50c8662ea89f089dc0ded56e299c/elements - {"using":"xpath","value":"//*[@id=\"backBtn\"]"}
RESULT: {"using":"xpath","value":"//*[@id=\"backBtn\"]"}
COMMAND: POST /session/3c4f50c8662ea89f089dc0ded56e299c/elements - {"using":"xpath","value":"//*[@id=\"backBtn\"]"}
RESULT: {"using":"xpath","value":"//*[@id=\"backBtn\"]"}
COMMAND: POST /session/3c4f50c8662ea89f089dc0ded56e299c/elements - {"using":"xpath","value":"//*[@id=\"backBtn\"]"}
RESULT: {"using":"xpath","value":"//*[@id=\"backBtn\"]"}
COMMAND: POST /session/3c4f50c8662ea89f089dc0ded56e299c/elements - {"using":"xpath","value":"//*[@id=\"backBtn\"]"}
RESULT: {"using":"xpath","value":"//*[@id=\"backBtn\"]"}
COMMAND: POST /session/3c4f50c8662ea89f089dc0ded56e299c/elements - {"using":"xpath","value":"//*[@id=\"backBtn\"]"}
RESULT: {"using":"xpath","value":"//*[@id=\"backBtn\"]"}
COMMAND: POST /session/3c4f50c8662ea89f089dc0ded56e299c/elements - {"using":"xpath","value":"//*[@id=\"backBtn\"]"}
RESULT: {"using":"xpath","value":"//*[@id=\"backBtn\"]"}
COMMAND: POST /session/3c4f50c8662ea89f089dc0ded56e299c/elements - {"using":"xpath","value":"//*[@id=\"backBtn\"]"}
RESULT: {"using":"xpath","value":"//*[@id=\"backBtn\"]"}
COMMAND: POST /session/3c4f50c8662ea89f089dc0ded56e299c/elements - {"using":"xpath","value":"//*[@id=\"backBtn\"]"}
RESULT: {"using":"xpath","value":"//*[@id=\"backBtn\"]"}
COMMAND: POST /session/3c4f50c8662ea89f089dc0ded56e299c/elements - {"using":"xpath","value":"//*[@id=\"backBtn\"]"}
RESULT: {"using":"xpath","value":"//*[@id=\"backBtn\"]"}
COMMAND: POST /session/3c4f50c8662ea89f089dc0ded56e299c/elements - {"using":"xpath","value":"//*[@id=\"backBtn\"]"}
RESULT: {"using":"xpath","value":"//*[@id=\"backBtn\"]"}
COMMAND: POST /session/3c4f50c8662ea89f089dc0ded56e299c/elements - {"using":"xpath","value":"//*[@id=\"backBtn\"]"}
RESULT: {"using":"xpath","value":"//*[@id=\"backBtn\"]"}
COMMAND: POST /session/3c4f50c8662ea89f089dc0ded56e299c/elements - {"using":"xpath","value":"//*[@id=\"backBtn\"]"}
RESULT: {"using":"xpath","value":"//*[@id=\"backBtn\"]"}
COMMAND: POST /session/3c4f50c8662ea89f089dc0ded56e299c/elements - {"using":"xpath","value":"//*[@id=\"backBtn\"]"}
RESULT: {"using":"xpath","value":"//*[@id=\"backBtn\"]"}
COMMAND: POST /session/3c4f50c8662ea89f089dc0ded56e299c/elements - {"using":"xpath","value":"//*[@id=\"backBtn\"]"}
RESULT: {"using":"xpath","value":"//*[@id=\"backBtn\"]"}
COMMAND: POST /session/3c4f50c8662ea89f089dc0ded56e299c/elements - {"using":"xpath","value":"//*[@id=\"backBtn\"]"}
RESULT: {"using":"xpath","value":"//*[@id=\"backBtn\"]"}
COMMAND: POST /session/3c4f50c8662ea89f089dc0ded56e299c/elements - {"using":"xpath","value":"//*[@id=\"backBtn\"]"}
RESULT: {"using":"xpath","value":"//*[@id=\"backBtn\"]"}
COMMAND: POST /session/3c4f50c8662ea89f089dc0ded56e299c/elements - {"using":"xpath","value":"//*[@id=\"backBtn\"]"}
RESULT: {"using":"xpath","value":"//*[@id=\"backBtn\"]"}
COMMAND: POST /session/3c4f50c8662ea89f089dc0ded56e299c/elements - {"using":"xpath","value":"//*[@id=\"backBtn\"]"}
RESULT: {"using":"xpath","value":"//*[@id=\"backBtn\"]"}
COMMAND: POST /session/3c4f50c8662ea89f089dc0ded56e299c/elements - {"using":"xpath","value":"//*[@id=\"backBtn\"]"}
RESULT: {"using":"xpath","value":"//*[@id=\"backBtn\"]"}
COMMAND: POST /session/3c4f50c8662ea89f089dc0ded56e299c/elements - {"using":"xpath","value":"//*[@id=\"backBtn\"]"}
RESULT: {"using":"xpath","value":"//*[@id=\"backBtn\"]"}
COMMAND: POST /session/3c4f50c8662ea89f089dc0ded56e299c/elements - {"using":"xpath","value":"//*[@id=\"backBtn\"]"}
RESULT: {"using":"xpath","value":"//*[@id=\"backBtn\"]"}
COMMAND: POST /session/3c4f50c8662ea89f089dc0ded56e299c/elements - {"using":"xpath","value":"//*[@id=\"backBtn\"]"}
RESULT: {"using":"xpath","value":"//*[@id=\"backBtn\"]"}
COMMAND: POST /session/3c4f50c8662ea89f089dc0ded56e299c/elements - {"using":"xpath","value":"//*[@id=\"backBtn\"]"}
RESULT: {"using":"xpath","value":"//*[@id=\"backBtn\"]"}
COMMAND: POST /session/3c4f50c8662ea89f089dc0ded56e299c/elements - {"using":"xpath","value":"//*[@id=\"backBtn\"]"}
RESULT: {"using":"xpath","value":"//*[@id=\"backBtn\"]"}
COMMAND: POST /session/3c4f50c8662ea89f089dc0ded56e299c/elements - {"using":"xpath","value":"//*[@id=\"backBtn\"]"}
RESULT: {"using":"xpath","value":"//*[@id=\"backBtn\"]"}
COMMAND: POST /session/3c4f50c8662ea89f089dc0ded56e299c/elements - {"using":"xpath","value":"//*[@id=\"backBtn\"]"}
RESULT: {"using":"xpath","value":"//*[@id=\"backBtn\"]"}
COMMAND: POST /session/3c4f50c8662ea89f089dc0ded56e299c/elements - {"using":"xpath","value":"//*[@id=\"backBtn\"]"}
RESULT: {"using":"xpath","value":"//*[@id=\"backBtn\"]"}
COMMAND: POST /session/3c4f50c8662ea89f089dc0ded56e299c/elements - {"using":"xpath","value":"//*[@id=\"backBtn\"]"}
RESULT: {"using":"xpath","value":"//*[@id=\"backBtn\"]"}
COMMAND: POST /session/3c4f50c8662ea89f089dc0ded56e299c/elements - {"using":"xpath","value":"//*[@id=\"backBtn\"]"}
RESULT: {"using":"xpath","value":"//*[@id=\"backBtn\"]"}
COMMAND: POST /session/3c4f50c8662ea89f089dc0ded56e299c/elements - {"using":"xpath","value":"//*[@id=\"backBtn\"]"}
RESULT: {"using":"xpath","value":"//*[@id=\"backBtn\"]"}
COMMAND: POST /session/3c4f50c8662ea89f089dc0ded56e299c/elements - {"using":"xpath","value":"//*[@id=\"backBtn\"]"}
RESULT: {"using":"xpath","value":"//*[@id=\"backBtn\"]"}
COMMAND: POST /session/3c4f50c8662ea89f089dc0ded56e299c/elements - {"using":"xpath","value":"//*[@id=\"backBtn\"]"}
RESULT: {"using":"xpath","value":"//*[@id=\"backBtn\"]"}
COMMAND: POST /session/3c4f50c8662ea89f089dc0ded56e299c/elements - {"using":"xpath","value":"//*[@id=\"backBtn\"]"}
RESULT: {"using":"xpath","value":"//*[@id=\"backBtn\"]"}
COMMAND: POST /session/3c4f50c8662ea89f089dc0ded56e299c/elements - {"using":"xpath","value":"//*[@id=\"backBtn\"]"}
RESULT: {"using":"xpath","value":"//*[@id=\"backBtn\"]"}
COMMAND: POST /session/3c4f50c8662ea89f089dc0ded56e299c/elements - {"using":"xpath","value":"//*[@id=\"backBtn\"]"}
RESULT: {"using":"xpath","value":"//*[@id=\"backBtn\"]"}
COMMAND: POST /session/3c4f50c8662ea89f089dc0ded56e299c/elements - {"using":"xpath","value":"//*[@id=\"backBtn\"]"}
RESULT: {"using":"xpath","value":"//*[@id=\"backBtn\"]"}
COMMAND: DELETE /session/3c4f50c8662ea89f089dc0ded56e299c - {}
RESULT: {}
]]></system-out>
    </testcase>
  </testsuite>
</testsuites>