<?xml version="1.0" encoding="UTF-8"?>
<testsuites tests="21" failures="1" errors="1" skipped="0">
  <testsuite timestamp="2025-06-13T17:00:55" time="417.159" tests="3" failures="0" errors="0" skipped="0">
    <properties>
      <property name="specId" value="0"/>
      <property name="suiteName" value="Create condition pricing US117289 US134625"/>
      <property name="capabilities" value="chrome.137_0_7151_69.windows"/>
      <property name="file" value="file:///D:/a/1/s/test/specs/BTS/create-condition-pricing.spec.js"/>
    </properties>
    <testcase classname="chrome.137_0_7151_69.windows.Create_condition_pricing_US117289_US134625" name="Should create a new yard used for all following tests" time="131.868">
      <system-out><![CDATA[
COMMAND: POST /session/bee63c40a1bdae7ce06b935db5f594fd/window/fullscreen - {}
RESULT: {}
COMMAND: POST /session/bee63c40a1bdae7ce06b935db5f594fd/execute/async - {"script":"<script> [1562 bytes]","args":[{"selector":{"controlType":"sap.m.GenericTile","properties":{"header":"Manage Yards"}},"wdio_ui5_key":"sapm.GenericTile{\"header\":\"Manage Yards\"}"}]}
RESULT: {"script":"<script> [1562 bytes]","args":[{"selector":{"controlType":"sap.m.GenericTile","properties":{"header":"Manage Yards"}},"wdio_ui5_key":"sapm.GenericTile{\"header\":\"Manage Yards\"}"}]}
RESULT: undefined
COMMAND: POST /session/bee63c40a1bdae7ce06b935db5f594fd/element - {"using":"xpath","value":"//*[@id=\"__tile42\"]"}
RESULT: {"using":"xpath","value":"//*[@id=\"__tile42\"]"}
COMMAND: POST /session/bee63c40a1bdae7ce06b935db5f594fd/element/f.DD81908FE99A923B634158F1747C8007.d.BD318795D046B403CCAFA56C30418E84.e.167/click - {}
RESULT: {}
COMMAND: GET /session/bee63c40a1bdae7ce06b935db5f594fd/screenshot - {}
RESULT: {}
COMMAND: POST /session/bee63c40a1bdae7ce06b935db5f594fd/elements - {"using":"xpath","value":"//span[text()='Error']"}
RESULT: {"using":"xpath","value":"//span[text()='Error']"}
COMMAND: POST /session/bee63c40a1bdae7ce06b935db5f594fd/element - {"using":"xpath","value":"//button[@data-kt=\"addNewYardOverflowToolbarButton\"]"}
RESULT: {"using":"xpath","value":"//button[@data-kt=\"addNewYardOverflowToolbarButton\"]"}
COMMAND: POST /session/bee63c40a1bdae7ce06b935db5f594fd/elements - {"using":"xpath","value":"//button[@data-kt=\"addNewYardOverflowToolbarButton\"]"}
RESULT: {"using":"xpath","value":"//button[@data-kt=\"addNewYardOverflowToolbarButton\"]"}
COMMAND: POST /session/bee63c40a1bdae7ce06b935db5f594fd/elements - {"using":"xpath","value":"//button[@data-kt=\"addNewYardOverflowToolbarButton\"]"}
RESULT: {"using":"xpath","value":"//button[@data-kt=\"addNewYardOverflowToolbarButton\"]"}
COMMAND: POST /session/bee63c40a1bdae7ce06b935db5f594fd/elements - {"using":"xpath","value":"//button[@data-kt=\"addNewYardOverflowToolbarButton\"]"}
RESULT: {"using":"xpath","value":"//button[@data-kt=\"addNewYardOverflowToolbarButton\"]"}
COMMAND: POST /session/bee63c40a1bdae7ce06b935db5f594fd/elements - {"using":"xpath","value":"//button[@data-kt=\"addNewYardOverflowToolbarButton\"]"}
RESULT: {"using":"xpath","value":"//button[@data-kt=\"addNewYardOverflowToolbarButton\"]"}
COMMAND: POST /session/bee63c40a1bdae7ce06b935db5f594fd/element - {"using":"xpath","value":"//button[@data-kt=\"addNewYardOverflowToolbarButton\"]"}
RESULT: {"using":"xpath","value":"//button[@data-kt=\"addNewYardOverflowToolbarButton\"]"}
COMMAND: POST /session/bee63c40a1bdae7ce06b935db5f594fd/execute/sync - {"script":"<script> [8489 bytes]","args":[{"element-6066-11e4-a52e-4f735466cecf":"f.DD81908FE99A923B634158F1747C8007.d.BD318795D046B403CCAFA56C30418E84.e.306","ELEMENT":"f.DD81908FE99A923B634158F1747C8007.d.BD318795D046B403CCAFA56C30418E84.e.306"}]}
RESULT: {"script":"<script> [8489 bytes]","args":[{"element-6066-11e4-a52e-4f735466cecf":"f.DD81908FE99A923B634158F1747C8007.d.BD318795D046B403CCAFA56C30418E84.e.306","ELEMENT":"f.DD81908FE99A923B634158F1747C8007.d.BD318795D046B403CCAFA56C30418E84.e.306"}]}
COMMAND: GET /session/bee63c40a1bdae7ce06b935db5f594fd/element/f.DD81908FE99A923B634158F1747C8007.d.BD318795D046B403CCAFA56C30418E84.e.306/enabled - {}
COMMAND: GET /session/bee63c40a1bdae7ce06b935db5f594fd/screenshot - {}
RESULT: {}
COMMAND: POST /session/bee63c40a1bdae7ce06b935db5f594fd/execute/sync - {"script":"<script> [8489 bytes]","args":[{"element-6066-11e4-a52e-4f735466cecf":"f.DD81908FE99A923B634158F1747C8007.d.BD318795D046B403CCAFA56C30418E84.e.306","ELEMENT":"f.DD81908FE99A923B634158F1747C8007.d.BD318795D046B403CCAFA56C30418E84.e.306"}]}
COMMAND: GET /session/bee63c40a1bdae7ce06b935db5f594fd/screenshot - {}
RESULT: {}
RESULT: {"script":"<script> [8489 bytes]","args":[{"element-6066-11e4-a52e-4f735466cecf":"f.DD81908FE99A923B634158F1747C8007.d.BD318795D046B403CCAFA56C30418E84.e.306","ELEMENT":"f.DD81908FE99A923B634158F1747C8007.d.BD318795D046B403CCAFA56C30418E84.e.306"}]}
COMMAND: POST /session/bee63c40a1bdae7ce06b935db5f594fd/execute/sync - {"script":"<script> [5351 bytes]","args":[{"element-6066-11e4-a52e-4f735466cecf":"f.DD81908FE99A923B634158F1747C8007.d.BD318795D046B403CCAFA56C30418E84.e.306","ELEMENT":"f.DD81908FE99A923B634158F1747C8007.d.BD318795D046B403CCAFA56C30418E84.e.306"}]}
COMMAND: GET /session/bee63c40a1bdae7ce06b935db5f594fd/screenshot - {}
RESULT: {}
RESULT: {"script":"<script> [5351 bytes]","args":[{"element-6066-11e4-a52e-4f735466cecf":"f.DD81908FE99A923B634158F1747C8007.d.BD318795D046B403CCAFA56C30418E84.e.306","ELEMENT":"f.DD81908FE99A923B634158F1747C8007.d.BD318795D046B403CCAFA56C30418E84.e.306"}]}
COMMAND: POST /session/bee63c40a1bdae7ce06b935db5f594fd/element/f.DD81908FE99A923B634158F1747C8007.d.BD318795D046B403CCAFA56C30418E84.e.306/click - {}
COMMAND: GET /session/bee63c40a1bdae7ce06b935db5f594fd/screenshot - {}
RESULT: {}
RESULT: {}
COMMAND: GET /session/bee63c40a1bdae7ce06b935db5f594fd/screenshot - {}
COMMAND: POST /session/bee63c40a1bdae7ce06b935db5f594fd/element - {"using":"xpath","value":"//input[@id=\"application-manageyards-display-component---NewYard--yardId-inner\"]"}
RESULT: {}
RESULT: {}
RESULT: {"using":"xpath","value":"//input[@id=\"application-manageyards-display-component---NewYard--yardId-inner\"]"}
COMMAND: POST /session/bee63c40a1bdae7ce06b935db5f594fd/element - {"using":"xpath","value":"//input[@id=\"application-manageyards-display-component---NewYard--yardId-inner\"]"}
RESULT: {"using":"xpath","value":"//input[@id=\"application-manageyards-display-component---NewYard--yardId-inner\"]"}
COMMAND: POST /session/bee63c40a1bdae7ce06b935db5f594fd/execute/async - {"script":"<script> [1562 bytes]","args":[{"selector":{"id":"application-manageyards-display-component---NewYard--addressDetailDetailsName1","interaction":{"idSuffix":"inner"}},"wdio_ui5_key":"applicationmanageyards-display-component---NewYard--addressDetailDetailsName1"}]}
RESULT: {"script":"<script> [1562 bytes]","args":[{"selector":{"id":"application-manageyards-display-component---NewYard--addressDetailDetailsName1","interaction":{"idSuffix":"inner"}},"wdio_ui5_key":"applicationmanageyards-display-component---NewYard--addressDetailDetailsName1"}]}
RESULT: undefined
COMMAND: POST /session/bee63c40a1bdae7ce06b935db5f594fd/execute/async - {"script":"<script> [776 bytes]","args":[{"enterText":"DailyPrice WDIO","selector":{"id":"application-manageyards-display-component---NewYard--addressDetailDetailsName1","interaction":{"idSuffix":"inner"}},"clearTextFirst":true,"interactionType":"ENTER_TEXT"}]}
RESULT: {"script":"<script> [776 bytes]","args":[{"enterText":"DailyPrice WDIO","selector":{"id":"application-manageyards-display-component---NewYard--addressDetailDetailsName1","interaction":{"idSuffix":"inner"}},"clearTextFirst":true,"interactionType":"ENTER_TEXT"}]}
COMMAND: POST /session/bee63c40a1bdae7ce06b935db5f594fd/execute/async - {"script":"<script> [1562 bytes]","args":[{"selector":{"id":"application-manageyards-display-component---NewYard--addressDetailDetailsLanguage-arrow"},"wdio_ui5_key":"applicationmanageyards-display-component---NewYard--addressDetailDetailsLanguage-arrow"}]}
RESULT: {"script":"<script> [1562 bytes]","args":[{"selector":{"id":"application-manageyards-display-component---NewYard--addressDetailDetailsLanguage-arrow"},"wdio_ui5_key":"applicationmanageyards-display-component---NewYard--addressDetailDetailsLanguage-arrow"}]}
RESULT: undefined
COMMAND: POST /session/bee63c40a1bdae7ce06b935db5f594fd/element - {"using":"xpath","value":"//*[@id=\"application-manageyards-display-component---NewYard--addressDetailDetailsLanguage-arrow\"]"}
RESULT: {"using":"xpath","value":"//*[@id=\"application-manageyards-display-component---NewYard--addressDetailDetailsLanguage-arrow\"]"}
COMMAND: POST /session/bee63c40a1bdae7ce06b935db5f594fd/element/f.DD81908FE99A923B634158F1747C8007.d.BD318795D046B403CCAFA56C30418E84.e.737/click - {}
RESULT: {}
COMMAND: POST /session/bee63c40a1bdae7ce06b935db5f594fd/element - {"using":"xpath","value":"//span[contains(text(), \"English\")]"}
COMMAND: GET /session/bee63c40a1bdae7ce06b935db5f594fd/screenshot - {}
RESULT: {"using":"xpath","value":"//span[contains(text(), \"English\")]"}
COMMAND: POST /session/bee63c40a1bdae7ce06b935db5f594fd/element/f.DD81908FE99A923B634158F1747C8007.d.BD318795D046B403CCAFA56C30418E84.e.738/click - {}
RESULT: {}
RESULT: {}
COMMAND: POST /session/bee63c40a1bdae7ce06b935db5f594fd/execute/async - {"script":"<script> [1562 bytes]","args":[{"selector":{"id":"application-manageyards-display-component---NewYard--addressDetailDetailsCity1","interaction":{"idSuffix":"inner"}},"wdio_ui5_key":"applicationmanageyards-display-component---NewYard--addressDetailDetailsCity1"}]}
COMMAND: GET /session/bee63c40a1bdae7ce06b935db5f594fd/screenshot - {}
RESULT: {"script":"<script> [1562 bytes]","args":[{"selector":{"id":"application-manageyards-display-component---NewYard--addressDetailDetailsCity1","interaction":{"idSuffix":"inner"}},"wdio_ui5_key":"applicationmanageyards-display-component---NewYard--addressDetailDetailsCity1"}]}
RESULT: undefined
COMMAND: POST /session/bee63c40a1bdae7ce06b935db5f594fd/execute/async - {"script":"<script> [776 bytes]","args":[{"enterText":"Rosario","selector":{"id":"application-manageyards-display-component---NewYard--addressDetailDetailsCity1","interaction":{"idSuffix":"inner"}},"clearTextFirst":true,"interactionType":"ENTER_TEXT"}]}
RESULT: {}
RESULT: {"script":"<script> [776 bytes]","args":[{"enterText":"Rosario","selector":{"id":"application-manageyards-display-component---NewYard--addressDetailDetailsCity1","interaction":{"idSuffix":"inner"}},"clearTextFirst":true,"interactionType":"ENTER_TEXT"}]}
COMMAND: POST /session/bee63c40a1bdae7ce06b935db5f594fd/execute/async - {"script":"<script> [1562 bytes]","args":[{"selector":{"id":"application-manageyards-display-component---NewYard--addressDetailDetailsCountry-arrow"},"wdio_ui5_key":"applicationmanageyards-display-component---NewYard--addressDetailDetailsCountry-arrow"}]}
RESULT: {"script":"<script> [1562 bytes]","args":[{"selector":{"id":"application-manageyards-display-component---NewYard--addressDetailDetailsCountry-arrow"},"wdio_ui5_key":"applicationmanageyards-display-component---NewYard--addressDetailDetailsCountry-arrow"}]}
RESULT: undefined
COMMAND: POST /session/bee63c40a1bdae7ce06b935db5f594fd/element - {"using":"xpath","value":"//*[@id=\"application-manageyards-display-component---NewYard--addressDetailDetailsCountry-arrow\"]"}
RESULT: {"using":"xpath","value":"//*[@id=\"application-manageyards-display-component---NewYard--addressDetailDetailsCountry-arrow\"]"}
COMMAND: POST /session/bee63c40a1bdae7ce06b935db5f594fd/element/f.DD81908FE99A923B634158F1747C8007.d.BD318795D046B403CCAFA56C30418E84.e.740/click - {}
RESULT: {}
COMMAND: POST /session/bee63c40a1bdae7ce06b935db5f594fd/element - {"using":"xpath","value":"//span[contains(text(), \"Argentina\")]"}
COMMAND: GET /session/bee63c40a1bdae7ce06b935db5f594fd/screenshot - {}
RESULT: {"using":"xpath","value":"//span[contains(text(), \"Argentina\")]"}
COMMAND: POST /session/bee63c40a1bdae7ce06b935db5f594fd/element/f.DD81908FE99A923B634158F1747C8007.d.BD318795D046B403CCAFA56C30418E84.e.742/click - {}
RESULT: {}
RESULT: {}
COMMAND: POST /session/bee63c40a1bdae7ce06b935db5f594fd/execute/async - {"script":"<script> [1562 bytes]","args":[{"selector":{"id":"application-manageyards-display-component---NewYard--addressEditDetailsCostObjectCstType-arrow"},"wdio_ui5_key":"applicationmanageyards-display-component---NewYard--addressEditDetailsCostObjectCstType-arrow"}]}
COMMAND: GET /session/bee63c40a1bdae7ce06b935db5f594fd/screenshot - {}
RESULT: {"script":"<script> [1562 bytes]","args":[{"selector":{"id":"application-manageyards-display-component---NewYard--addressEditDetailsCostObjectCstType-arrow"},"wdio_ui5_key":"applicationmanageyards-display-component---NewYard--addressEditDetailsCostObjectCstType-arrow"}]}
RESULT: undefined
COMMAND: POST /session/bee63c40a1bdae7ce06b935db5f594fd/element - {"using":"xpath","value":"//*[@id=\"application-manageyards-display-component---NewYard--addressEditDetailsCostObjectCstType-arrow\"]"}
RESULT: {}
RESULT: {"using":"xpath","value":"//*[@id=\"application-manageyards-display-component---NewYard--addressEditDetailsCostObjectCstType-arrow\"]"}
COMMAND: POST /session/bee63c40a1bdae7ce06b935db5f594fd/element/f.DD81908FE99A923B634158F1747C8007.d.BD318795D046B403CCAFA56C30418E84.e.743/click - {}
RESULT: {}
COMMAND: POST /session/bee63c40a1bdae7ce06b935db5f594fd/element - {"using":"xpath","value":"//span[contains(text(), \"Cost Center\")]"}
COMMAND: GET /session/bee63c40a1bdae7ce06b935db5f594fd/screenshot - {}
RESULT: {"using":"xpath","value":"//span[contains(text(), \"Cost Center\")]"}
COMMAND: POST /session/bee63c40a1bdae7ce06b935db5f594fd/element/f.DD81908FE99A923B634158F1747C8007.d.BD318795D046B403CCAFA56C30418E84.e.744/click - {}
RESULT: {}
RESULT: {}
COMMAND: GET /session/bee63c40a1bdae7ce06b935db5f594fd/screenshot - {}
RESULT: {}
COMMAND: POST /session/bee63c40a1bdae7ce06b935db5f594fd/element - {"using":"xpath","value":"//span[@id=\"application-manageyards-display-component---NewYard--addressNewCostObjectCstID-vhi\"]"}
RESULT: {"using":"xpath","value":"//span[@id=\"application-manageyards-display-component---NewYard--addressNewCostObjectCstID-vhi\"]"}
COMMAND: POST /session/bee63c40a1bdae7ce06b935db5f594fd/execute/sync - {"script":"<script> [8489 bytes]","args":[{"element-6066-11e4-a52e-4f735466cecf":"f.DD81908FE99A923B634158F1747C8007.d.BD318795D046B403CCAFA56C30418E84.e.748","ELEMENT":"f.DD81908FE99A923B634158F1747C8007.d.BD318795D046B403CCAFA56C30418E84.e.748"}]}
RESULT: {"script":"<script> [8489 bytes]","args":[{"element-6066-11e4-a52e-4f735466cecf":"f.DD81908FE99A923B634158F1747C8007.d.BD318795D046B403CCAFA56C30418E84.e.748","ELEMENT":"f.DD81908FE99A923B634158F1747C8007.d.BD318795D046B403CCAFA56C30418E84.e.748"}]}
COMMAND: POST /session/bee63c40a1bdae7ce06b935db5f594fd/execute/async - {"script":"<script> [1562 bytes]","args":[{"selector":{"id":"application-manageyards-display-component---NewYard--addressNewCostObjectCstID-vhi"},"wdio_ui5_key":"applicationmanageyards-display-component---NewYard--addressNewCostObjectCstID-vhi"}]}
COMMAND: GET /session/bee63c40a1bdae7ce06b935db5f594fd/screenshot - {}
RESULT: {"script":"<script> [1562 bytes]","args":[{"selector":{"id":"application-manageyards-display-component---NewYard--addressNewCostObjectCstID-vhi"},"wdio_ui5_key":"applicationmanageyards-display-component---NewYard--addressNewCostObjectCstID-vhi"}]}
RESULT: undefined
COMMAND: POST /session/bee63c40a1bdae7ce06b935db5f594fd/element - {"using":"xpath","value":"//*[@id=\"application-manageyards-display-component---NewYard--addressNewCostObjectCstID-vhi\"]"}
RESULT: {}
RESULT: {"using":"xpath","value":"//*[@id=\"application-manageyards-display-component---NewYard--addressNewCostObjectCstID-vhi\"]"}
COMMAND: POST /session/bee63c40a1bdae7ce06b935db5f594fd/element/f.DD81908FE99A923B634158F1747C8007.d.BD318795D046B403CCAFA56C30418E84.e.748/click - {}
RESULT: {}
COMMAND: GET /session/bee63c40a1bdae7ce06b935db5f594fd/screenshot - {}
RESULT: {}
COMMAND: POST /session/bee63c40a1bdae7ce06b935db5f594fd/execute/async - {"script":"<script> [1562 bytes]","args":[{"selector":{"controlType":"sap.m.SearchField","properties":{"placeholder":"Search"},"searchOpenDialogs":true,"interaction":{"idSuffix":"I"}},"wdio_ui5_key":"sapm.SearchField{\"placeholder\":\"Search\"}"}]}
RESULT: {"script":"<script> [1562 bytes]","args":[{"selector":{"controlType":"sap.m.SearchField","properties":{"placeholder":"Search"},"searchOpenDialogs":true,"interaction":{"idSuffix":"I"}},"wdio_ui5_key":"sapm.SearchField{\"placeholder\":\"Search\"}"}]}
RESULT: undefined
COMMAND: POST /session/bee63c40a1bdae7ce06b935db5f594fd/execute/async - {"script":"<script> [776 bytes]","args":[{"enterText":"bauh_b","selector":{"controlType":"sap.m.SearchField","properties":{"placeholder":"Search"},"searchOpenDialogs":true,"interaction":{"idSuffix":"I"}},"clearTextFirst":true,"interactionType":"ENTER_TEXT"}]}
RESULT: {"script":"<script> [776 bytes]","args":[{"enterText":"bauh_b","selector":{"controlType":"sap.m.SearchField","properties":{"placeholder":"Search"},"searchOpenDialogs":true,"interaction":{"idSuffix":"I"}},"clearTextFirst":true,"interactionType":"ENTER_TEXT"}]}
COMMAND: POST /session/bee63c40a1bdae7ce06b935db5f594fd/actions - {"actions":[{"id":"action1","type":"key","parameters":{},"actions":[{"type":"keyDown","value":""},{"type":"pause","duration":10},{"type":"keyUp","value":""}]}]}
RESULT: {"actions":[{"id":"action1","type":"key","parameters":{},"actions":[{"type":"keyDown","value":""},{"type":"pause","duration":10},{"type":"keyUp","value":""}]}]}
COMMAND: GET /session/bee63c40a1bdae7ce06b935db5f594fd/screenshot - {}
RESULT: {}
COMMAND: POST /session/bee63c40a1bdae7ce06b935db5f594fd/element - {"using":"xpath","value":"//span[contains(text(), \"Demo Yard\")]"}
RESULT: {"using":"xpath","value":"//span[contains(text(), \"Demo Yard\")]"}
COMMAND: POST /session/bee63c40a1bdae7ce06b935db5f594fd/element/f.DD81908FE99A923B634158F1747C8007.d.BD318795D046B403CCAFA56C30418E84.e.789/click - {}
RESULT: {}
COMMAND: GET /session/bee63c40a1bdae7ce06b935db5f594fd/screenshot - {}
RESULT: {}
COMMAND: POST /session/bee63c40a1bdae7ce06b935db5f594fd/element - {"using":"xpath","value":"//bdi[contains(text(), \"OK\")]"}
RESULT: {"using":"xpath","value":"//bdi[contains(text(), \"OK\")]"}
COMMAND: POST /session/bee63c40a1bdae7ce06b935db5f594fd/element/f.DD81908FE99A923B634158F1747C8007.d.BD318795D046B403CCAFA56C30418E84.e.790/click - {}
RESULT: {}
COMMAND: GET /session/bee63c40a1bdae7ce06b935db5f594fd/screenshot - {}
RESULT: {}
COMMAND: POST /session/bee63c40a1bdae7ce06b935db5f594fd/execute/async - {"script":"<script> [1562 bytes]","args":[{"selector":{"id":"application-manageyards-display-component---NewYard--addressEditDetailsCurrency-arrow"},"wdio_ui5_key":"applicationmanageyards-display-component---NewYard--addressEditDetailsCurrency-arrow"}]}
RESULT: {"script":"<script> [1562 bytes]","args":[{"selector":{"id":"application-manageyards-display-component---NewYard--addressEditDetailsCurrency-arrow"},"wdio_ui5_key":"applicationmanageyards-display-component---NewYard--addressEditDetailsCurrency-arrow"}]}
RESULT: undefined
COMMAND: POST /session/bee63c40a1bdae7ce06b935db5f594fd/element - {"using":"xpath","value":"//*[@id=\"application-manageyards-display-component---NewYard--addressEditDetailsCurrency-arrow\"]"}
RESULT: {"using":"xpath","value":"//*[@id=\"application-manageyards-display-component---NewYard--addressEditDetailsCurrency-arrow\"]"}
COMMAND: POST /session/bee63c40a1bdae7ce06b935db5f594fd/element/f.DD81908FE99A923B634158F1747C8007.d.BD318795D046B403CCAFA56C30418E84.e.793/click - {}
RESULT: {}
COMMAND: POST /session/bee63c40a1bdae7ce06b935db5f594fd/element - {"using":"xpath","value":"//span[contains(text(), \"Euro\")]"}
COMMAND: GET /session/bee63c40a1bdae7ce06b935db5f594fd/screenshot - {}
RESULT: {"using":"xpath","value":"//span[contains(text(), \"Euro\")]"}
COMMAND: POST /session/bee63c40a1bdae7ce06b935db5f594fd/element/f.DD81908FE99A923B634158F1747C8007.d.BD318795D046B403CCAFA56C30418E84.e.794/click - {}
RESULT: {}
RESULT: {}
COMMAND: POST /session/bee63c40a1bdae7ce06b935db5f594fd/execute/async - {"script":"<script> [1562 bytes]","args":[{"selector":{"controlType":"sap.m.Input","viewName":"etm.portal.ui.manageyards.view.New","viewId":"application-manageyards-display-component---NewYard","bindingPath":{"path":"","propertyPath":"/CONTROLLING_AREA","modelName":"NewYardModel"},"interaction":{"idSuffix":"inner"}},"wdio_ui5_key":"etmportal.ui.manageyards.view.Newsap.m.Input{\"path\":\"\",\"propertyPath\":\"/CONTROLLING_AREA\",\"modelName\":\"NewYardModel\"}"}]}
COMMAND: GET /session/bee63c40a1bdae7ce06b935db5f594fd/screenshot - {}
RESULT: {"script":"<script> [1562 bytes]","args":[{"selector":{"controlType":"sap.m.Input","viewName":"etm.portal.ui.manageyards.view.New","viewId":"application-manageyards-display-component---NewYard","bindingPath":{"path":"","propertyPath":"/CONTROLLING_AREA","modelName":"NewYardModel"},"interaction":{"idSuffix":"inner"}},"wdio_ui5_key":"etmportal.ui.manageyards.view.Newsap.m.Input{\"path\":\"\",\"propertyPath\":\"/CONTROLLING_AREA\",\"modelName\":\"NewYardModel\"}"}]}
RESULT: undefined
COMMAND: POST /session/bee63c40a1bdae7ce06b935db5f594fd/execute/async - {"script":"<script> [776 bytes]","args":[{"enterText":"Z001","selector":{"controlType":"sap.m.Input","viewName":"etm.portal.ui.manageyards.view.New","viewId":"application-manageyards-display-component---NewYard","bindingPath":{"path":"","propertyPath":"/CONTROLLING_AREA","modelName":"NewYardModel"},"interaction":{"idSuffix":"inner"}},"clearTextFirst":true,"interactionType":"ENTER_TEXT"}]}
RESULT: {}
RESULT: {"script":"<script> [776 bytes]","args":[{"enterText":"Z001","selector":{"controlType":"sap.m.Input","viewName":"etm.portal.ui.manageyards.view.New","viewId":"application-manageyards-display-component---NewYard","bindingPath":{"path":"","propertyPath":"/CONTROLLING_AREA","modelName":"NewYardModel"},"interaction":{"idSuffix":"inner"}},"clearTextFirst":true,"interactionType":"ENTER_TEXT"}]}
COMMAND: POST /session/bee63c40a1bdae7ce06b935db5f594fd/execute/async - {"script":"<script> [1562 bytes]","args":[{"selector":{"id":"application-manageyards-display-component---NewYard--companyCodeComboBox","interaction":{"idSuffix":"inner"}},"wdio_ui5_key":"applicationmanageyards-display-component---NewYard--companyCodeComboBox"}]}
RESULT: {"script":"<script> [1562 bytes]","args":[{"selector":{"id":"application-manageyards-display-component---NewYard--companyCodeComboBox","interaction":{"idSuffix":"inner"}},"wdio_ui5_key":"applicationmanageyards-display-component---NewYard--companyCodeComboBox"}]}
RESULT: undefined
COMMAND: POST /session/bee63c40a1bdae7ce06b935db5f594fd/execute/async - {"script":"<script> [776 bytes]","args":[{"enterText":"1000","selector":{"id":"application-manageyards-display-component---NewYard--companyCodeComboBox","interaction":{"idSuffix":"inner"}},"clearTextFirst":true,"interactionType":"ENTER_TEXT"}]}
RESULT: {"script":"<script> [776 bytes]","args":[{"enterText":"1000","selector":{"id":"application-manageyards-display-component---NewYard--companyCodeComboBox","interaction":{"idSuffix":"inner"}},"clearTextFirst":true,"interactionType":"ENTER_TEXT"}]}
COMMAND: POST /session/bee63c40a1bdae7ce06b935db5f594fd/execute/async - {"script":"<script> [1562 bytes]","args":[{"selector":{"controlType":"sap.m.Input","viewName":"etm.portal.ui.manageyards.view.New","viewId":"application-manageyards-display-component---NewYard","bindingPath":{"path":"","propertyPath":"/PLANT","modelName":"NewYardModel"},"interaction":{"idSuffix":"inner"}},"wdio_ui5_key":"etmportal.ui.manageyards.view.Newsap.m.Input{\"path\":\"\",\"propertyPath\":\"/PLANT\",\"modelName\":\"NewYardModel\"}"}]}
RESULT: {"script":"<script> [1562 bytes]","args":[{"selector":{"controlType":"sap.m.Input","viewName":"etm.portal.ui.manageyards.view.New","viewId":"application-manageyards-display-component---NewYard","bindingPath":{"path":"","propertyPath":"/PLANT","modelName":"NewYardModel"},"interaction":{"idSuffix":"inner"}},"wdio_ui5_key":"etmportal.ui.manageyards.view.Newsap.m.Input{\"path\":\"\",\"propertyPath\":\"/PLANT\",\"modelName\":\"NewYardModel\"}"}]}
RESULT: undefined
COMMAND: POST /session/bee63c40a1bdae7ce06b935db5f594fd/execute/async - {"script":"<script> [776 bytes]","args":[{"enterText":"1001","selector":{"controlType":"sap.m.Input","viewName":"etm.portal.ui.manageyards.view.New","viewId":"application-manageyards-display-component---NewYard","bindingPath":{"path":"","propertyPath":"/PLANT","modelName":"NewYardModel"},"interaction":{"idSuffix":"inner"}},"clearTextFirst":true,"interactionType":"ENTER_TEXT"}]}
RESULT: {"script":"<script> [776 bytes]","args":[{"enterText":"1001","selector":{"controlType":"sap.m.Input","viewName":"etm.portal.ui.manageyards.view.New","viewId":"application-manageyards-display-component---NewYard","bindingPath":{"path":"","propertyPath":"/PLANT","modelName":"NewYardModel"},"interaction":{"idSuffix":"inner"}},"clearTextFirst":true,"interactionType":"ENTER_TEXT"}]}
COMMAND: POST /session/bee63c40a1bdae7ce06b935db5f594fd/execute/async - {"script":"<script> [1562 bytes]","args":[{"selector":{"controlType":"sap.m.Input","viewName":"etm.portal.ui.manageyards.view.New","viewId":"application-manageyards-display-component---NewYard","bindingPath":{"path":"","propertyPath":"/SALES_AREA_VKORG","modelName":"NewYardModel"},"interaction":{"idSuffix":"inner"}},"wdio_ui5_key":"etmportal.ui.manageyards.view.Newsap.m.Input{\"path\":\"\",\"propertyPath\":\"/SALES_AREA_VKORG\",\"modelName\":\"NewYardModel\"}"}]}
RESULT: {"script":"<script> [1562 bytes]","args":[{"selector":{"controlType":"sap.m.Input","viewName":"etm.portal.ui.manageyards.view.New","viewId":"application-manageyards-display-component---NewYard","bindingPath":{"path":"","propertyPath":"/SALES_AREA_VKORG","modelName":"NewYardModel"},"interaction":{"idSuffix":"inner"}},"wdio_ui5_key":"etmportal.ui.manageyards.view.Newsap.m.Input{\"path\":\"\",\"propertyPath\":\"/SALES_AREA_VKORG\",\"modelName\":\"NewYardModel\"}"}]}
RESULT: undefined
COMMAND: POST /session/bee63c40a1bdae7ce06b935db5f594fd/execute/async - {"script":"<script> [776 bytes]","args":[{"enterText":"C002","selector":{"controlType":"sap.m.Input","viewName":"etm.portal.ui.manageyards.view.New","viewId":"application-manageyards-display-component---NewYard","bindingPath":{"path":"","propertyPath":"/SALES_AREA_VKORG","modelName":"NewYardModel"},"interaction":{"idSuffix":"inner"}},"clearTextFirst":true,"interactionType":"ENTER_TEXT"}]}
RESULT: {"script":"<script> [776 bytes]","args":[{"enterText":"C002","selector":{"controlType":"sap.m.Input","viewName":"etm.portal.ui.manageyards.view.New","viewId":"application-manageyards-display-component---NewYard","bindingPath":{"path":"","propertyPath":"/SALES_AREA_VKORG","modelName":"NewYardModel"},"interaction":{"idSuffix":"inner"}},"clearTextFirst":true,"interactionType":"ENTER_TEXT"}]}
COMMAND: POST /session/bee63c40a1bdae7ce06b935db5f594fd/execute/async - {"script":"<script> [1562 bytes]","args":[{"selector":{"controlType":"sap.m.Input","viewName":"etm.portal.ui.manageyards.view.New","viewId":"application-manageyards-display-component---NewYard","bindingPath":{"path":"","propertyPath":"/SALES_AREA_VTWEG","modelName":"NewYardModel"},"interaction":{"idSuffix":"inner"}},"wdio_ui5_key":"etmportal.ui.manageyards.view.Newsap.m.Input{\"path\":\"\",\"propertyPath\":\"/SALES_AREA_VTWEG\",\"modelName\":\"NewYardModel\"}"}]}
RESULT: {"script":"<script> [1562 bytes]","args":[{"selector":{"controlType":"sap.m.Input","viewName":"etm.portal.ui.manageyards.view.New","viewId":"application-manageyards-display-component---NewYard","bindingPath":{"path":"","propertyPath":"/SALES_AREA_VTWEG","modelName":"NewYardModel"},"interaction":{"idSuffix":"inner"}},"wdio_ui5_key":"etmportal.ui.manageyards.view.Newsap.m.Input{\"path\":\"\",\"propertyPath\":\"/SALES_AREA_VTWEG\",\"modelName\":\"NewYardModel\"}"}]}
RESULT: undefined
COMMAND: POST /session/bee63c40a1bdae7ce06b935db5f594fd/execute/async - {"script":"<script> [776 bytes]","args":[{"enterText":"C2","selector":{"controlType":"sap.m.Input","viewName":"etm.portal.ui.manageyards.view.New","viewId":"application-manageyards-display-component---NewYard","bindingPath":{"path":"","propertyPath":"/SALES_AREA_VTWEG","modelName":"NewYardModel"},"interaction":{"idSuffix":"inner"}},"clearTextFirst":true,"interactionType":"ENTER_TEXT"}]}
RESULT: {"script":"<script> [776 bytes]","args":[{"enterText":"C2","selector":{"controlType":"sap.m.Input","viewName":"etm.portal.ui.manageyards.view.New","viewId":"application-manageyards-display-component---NewYard","bindingPath":{"path":"","propertyPath":"/SALES_AREA_VTWEG","modelName":"NewYardModel"},"interaction":{"idSuffix":"inner"}},"clearTextFirst":true,"interactionType":"ENTER_TEXT"}]}
COMMAND: POST /session/bee63c40a1bdae7ce06b935db5f594fd/execute/async - {"script":"<script> [1562 bytes]","args":[{"selector":{"controlType":"sap.m.Input","viewName":"etm.portal.ui.manageyards.view.New","viewId":"application-manageyards-display-component---NewYard","bindingPath":{"path":"","propertyPath":"/SALES_AREA_SPART","modelName":"NewYardModel"},"interaction":{"idSuffix":"inner"}},"wdio_ui5_key":"etmportal.ui.manageyards.view.Newsap.m.Input{\"path\":\"\",\"propertyPath\":\"/SALES_AREA_SPART\",\"modelName\":\"NewYardModel\"}"}]}
RESULT: {"script":"<script> [1562 bytes]","args":[{"selector":{"controlType":"sap.m.Input","viewName":"etm.portal.ui.manageyards.view.New","viewId":"application-manageyards-display-component---NewYard","bindingPath":{"path":"","propertyPath":"/SALES_AREA_SPART","modelName":"NewYardModel"},"interaction":{"idSuffix":"inner"}},"wdio_ui5_key":"etmportal.ui.manageyards.view.Newsap.m.Input{\"path\":\"\",\"propertyPath\":\"/SALES_AREA_SPART\",\"modelName\":\"NewYardModel\"}"}]}
RESULT: undefined
COMMAND: POST /session/bee63c40a1bdae7ce06b935db5f594fd/execute/async - {"script":"<script> [776 bytes]","args":[{"enterText":"C2","selector":{"controlType":"sap.m.Input","viewName":"etm.portal.ui.manageyards.view.New","viewId":"application-manageyards-display-component---NewYard","bindingPath":{"path":"","propertyPath":"/SALES_AREA_SPART","modelName":"NewYardModel"},"interaction":{"idSuffix":"inner"}},"clearTextFirst":true,"interactionType":"ENTER_TEXT"}]}
RESULT: {"script":"<script> [776 bytes]","args":[{"enterText":"C2","selector":{"controlType":"sap.m.Input","viewName":"etm.portal.ui.manageyards.view.New","viewId":"application-manageyards-display-component---NewYard","bindingPath":{"path":"","propertyPath":"/SALES_AREA_SPART","modelName":"NewYardModel"},"interaction":{"idSuffix":"inner"}},"clearTextFirst":true,"interactionType":"ENTER_TEXT"}]}
COMMAND: POST /session/bee63c40a1bdae7ce06b935db5f594fd/execute/async - {"script":"<script> [1562 bytes]","args":[{"selector":{"controlType":"sap.m.Input","viewName":"etm.portal.ui.manageyards.view.New","viewId":"application-manageyards-display-component---NewYard","bindingPath":{"path":"","propertyPath":"/SHIP_POINT","modelName":"NewYardModel"},"interaction":{"idSuffix":"inner"}},"wdio_ui5_key":"etmportal.ui.manageyards.view.Newsap.m.Input{\"path\":\"\",\"propertyPath\":\"/SHIP_POINT\",\"modelName\":\"NewYardModel\"}"}]}
RESULT: {"script":"<script> [1562 bytes]","args":[{"selector":{"controlType":"sap.m.Input","viewName":"etm.portal.ui.manageyards.view.New","viewId":"application-manageyards-display-component---NewYard","bindingPath":{"path":"","propertyPath":"/SHIP_POINT","modelName":"NewYardModel"},"interaction":{"idSuffix":"inner"}},"wdio_ui5_key":"etmportal.ui.manageyards.view.Newsap.m.Input{\"path\":\"\",\"propertyPath\":\"/SHIP_POINT\",\"modelName\":\"NewYardModel\"}"}]}
RESULT: undefined
COMMAND: POST /session/bee63c40a1bdae7ce06b935db5f594fd/execute/async - {"script":"<script> [776 bytes]","args":[{"enterText":"1710","selector":{"controlType":"sap.m.Input","viewName":"etm.portal.ui.manageyards.view.New","viewId":"application-manageyards-display-component---NewYard","bindingPath":{"path":"","propertyPath":"/SHIP_POINT","modelName":"NewYardModel"},"interaction":{"idSuffix":"inner"}},"clearTextFirst":true,"interactionType":"ENTER_TEXT"}]}
RESULT: {"script":"<script> [776 bytes]","args":[{"enterText":"1710","selector":{"controlType":"sap.m.Input","viewName":"etm.portal.ui.manageyards.view.New","viewId":"application-manageyards-display-component---NewYard","bindingPath":{"path":"","propertyPath":"/SHIP_POINT","modelName":"NewYardModel"},"interaction":{"idSuffix":"inner"}},"clearTextFirst":true,"interactionType":"ENTER_TEXT"}]}
COMMAND: POST /session/bee63c40a1bdae7ce06b935db5f594fd/execute/async - {"script":"<script> [1562 bytes]","args":[{"selector":{"controlType":"sap.m.Input","viewName":"etm.portal.ui.manageyards.view.New","viewId":"application-manageyards-display-component---NewYard","bindingPath":{"path":"","propertyPath":"/DELIVERY_TYPE","modelName":"NewYardModel"},"interaction":{"idSuffix":"inner"}},"wdio_ui5_key":"etmportal.ui.manageyards.view.Newsap.m.Input{\"path\":\"\",\"propertyPath\":\"/DELIVERY_TYPE\",\"modelName\":\"NewYardModel\"}"}]}
RESULT: {"script":"<script> [1562 bytes]","args":[{"selector":{"controlType":"sap.m.Input","viewName":"etm.portal.ui.manageyards.view.New","viewId":"application-manageyards-display-component---NewYard","bindingPath":{"path":"","propertyPath":"/DELIVERY_TYPE","modelName":"NewYardModel"},"interaction":{"idSuffix":"inner"}},"wdio_ui5_key":"etmportal.ui.manageyards.view.Newsap.m.Input{\"path\":\"\",\"propertyPath\":\"/DELIVERY_TYPE\",\"modelName\":\"NewYardModel\"}"}]}
RESULT: undefined
COMMAND: POST /session/bee63c40a1bdae7ce06b935db5f594fd/execute/async - {"script":"<script> [776 bytes]","args":[{"enterText":"ZL01","selector":{"controlType":"sap.m.Input","viewName":"etm.portal.ui.manageyards.view.New","viewId":"application-manageyards-display-component---NewYard","bindingPath":{"path":"","propertyPath":"/DELIVERY_TYPE","modelName":"NewYardModel"},"interaction":{"idSuffix":"inner"}},"clearTextFirst":true,"interactionType":"ENTER_TEXT"}]}
RESULT: {"script":"<script> [776 bytes]","args":[{"enterText":"ZL01","selector":{"controlType":"sap.m.Input","viewName":"etm.portal.ui.manageyards.view.New","viewId":"application-manageyards-display-component---NewYard","bindingPath":{"path":"","propertyPath":"/DELIVERY_TYPE","modelName":"NewYardModel"},"interaction":{"idSuffix":"inner"}},"clearTextFirst":true,"interactionType":"ENTER_TEXT"}]}
COMMAND: POST /session/bee63c40a1bdae7ce06b935db5f594fd/execute/async - {"script":"<script> [1562 bytes]","args":[{"selector":{"controlType":"sap.m.Input","viewName":"etm.portal.ui.manageyards.view.New","viewId":"application-manageyards-display-component---NewYard","bindingPath":{"path":"","propertyPath":"/AUART","modelName":"NewYardModel"},"interaction":{"idSuffix":"inner"}},"wdio_ui5_key":"etmportal.ui.manageyards.view.Newsap.m.Input{\"path\":\"\",\"propertyPath\":\"/AUART\",\"modelName\":\"NewYardModel\"}"}]}
RESULT: {"script":"<script> [1562 bytes]","args":[{"selector":{"controlType":"sap.m.Input","viewName":"etm.portal.ui.manageyards.view.New","viewId":"application-manageyards-display-component---NewYard","bindingPath":{"path":"","propertyPath":"/AUART","modelName":"NewYardModel"},"interaction":{"idSuffix":"inner"}},"wdio_ui5_key":"etmportal.ui.manageyards.view.Newsap.m.Input{\"path\":\"\",\"propertyPath\":\"/AUART\",\"modelName\":\"NewYardModel\"}"}]}
RESULT: undefined
COMMAND: POST /session/bee63c40a1bdae7ce06b935db5f594fd/execute/async - {"script":"<script> [776 bytes]","args":[{"enterText":"TA","selector":{"controlType":"sap.m.Input","viewName":"etm.portal.ui.manageyards.view.New","viewId":"application-manageyards-display-component---NewYard","bindingPath":{"path":"","propertyPath":"/AUART","modelName":"NewYardModel"},"interaction":{"idSuffix":"inner"}},"clearTextFirst":true,"interactionType":"ENTER_TEXT"}]}
RESULT: {"script":"<script> [776 bytes]","args":[{"enterText":"TA","selector":{"controlType":"sap.m.Input","viewName":"etm.portal.ui.manageyards.view.New","viewId":"application-manageyards-display-component---NewYard","bindingPath":{"path":"","propertyPath":"/AUART","modelName":"NewYardModel"},"interaction":{"idSuffix":"inner"}},"clearTextFirst":true,"interactionType":"ENTER_TEXT"}]}
COMMAND: POST /session/bee63c40a1bdae7ce06b935db5f594fd/element - {"using":"xpath","value":"//button[@data-kt=\"newYardSaveButton\"]"}
RESULT: {"using":"xpath","value":"//button[@data-kt=\"newYardSaveButton\"]"}
COMMAND: POST /session/bee63c40a1bdae7ce06b935db5f594fd/element/f.DD81908FE99A923B634158F1747C8007.d.BD318795D046B403CCAFA56C30418E84.e.722/click - {}
RESULT: {}
COMMAND: GET /session/bee63c40a1bdae7ce06b935db5f594fd/screenshot - {}
RESULT: {}
COMMAND: POST /session/bee63c40a1bdae7ce06b935db5f594fd/element - {"using":"xpath","value":"//header[contains(@id, 'ObjectPageLayout-headerTitle')]/div[1]/div[2]/div[1]/span[1]"}
RESULT: {"using":"xpath","value":"//header[contains(@id, 'ObjectPageLayout-headerTitle')]/div[1]/div[2]/div[1]/span[1]"}
COMMAND: POST /session/bee63c40a1bdae7ce06b935db5f594fd/elements - {"using":"xpath","value":"//header[contains(@id, 'ObjectPageLayout-headerTitle')]/div[1]/div[2]/div[1]/span[1]"}
RESULT: {"using":"xpath","value":"//header[contains(@id, 'ObjectPageLayout-headerTitle')]/div[1]/div[2]/div[1]/span[1]"}
COMMAND: POST /session/bee63c40a1bdae7ce06b935db5f594fd/execute/sync - {"script":"<script> [56 bytes]","args":[{"element-6066-11e4-a52e-4f735466cecf":"f.DD81908FE99A923B634158F1747C8007.d.BD318795D046B403CCAFA56C30418E84.e.1020","ELEMENT":"f.DD81908FE99A923B634158F1747C8007.d.BD318795D046B403CCAFA56C30418E84.e.1020"}]}
RESULT: {"script":"<script> [56 bytes]","args":[{"element-6066-11e4-a52e-4f735466cecf":"f.DD81908FE99A923B634158F1747C8007.d.BD318795D046B403CCAFA56C30418E84.e.1020","ELEMENT":"f.DD81908FE99A923B634158F1747C8007.d.BD318795D046B403CCAFA56C30418E84.e.1020"}]}
COMMAND: GET /session/bee63c40a1bdae7ce06b935db5f594fd/screenshot - {}
RESULT: {}
COMMAND: POST /session/bee63c40a1bdae7ce06b935db5f594fd/element - {"using":"css selector","value":"#shell-header-logo"}
RESULT: {"using":"css selector","value":"#shell-header-logo"}
COMMAND: POST /session/bee63c40a1bdae7ce06b935db5f594fd/element/f.DD81908FE99A923B634158F1747C8007.d.BD318795D046B403CCAFA56C30418E84.e.275/click - {}
RESULT: {}
COMMAND: GET /session/bee63c40a1bdae7ce06b935db5f594fd/screenshot - {}
RESULT: {}
COMMAND: POST /session/bee63c40a1bdae7ce06b935db5f594fd/execute/sync - {"script":"<script> [299 bytes]","args":[["getModel","getResource"]]}
RESULT: {"script":"<script> [299 bytes]","args":[["getModel","getResource"]]}
]]></system-out>
    </testcase>
    <testcase classname="chrome.137_0_7151_69.windows.Create_condition_pricing_US117289_US134625" name="Should create a new equipment used for all following tests" time="148.6">
      <system-out><![CDATA[
COMMAND: POST /session/bee63c40a1bdae7ce06b935db5f594fd/execute/async - {"script":"<script> [1562 bytes]","args":[{"selector":{"controlType":"sap.m.GenericTile","properties":{"header":"Manage Resources"}},"wdio_ui5_key":"sapm.GenericTile{\"header\":\"Manage Resources\"}"}]}
COMMAND: GET /session/bee63c40a1bdae7ce06b935db5f594fd/screenshot - {}
RESULT: {"script":"<script> [1562 bytes]","args":[{"selector":{"controlType":"sap.m.GenericTile","properties":{"header":"Manage Resources"}},"wdio_ui5_key":"sapm.GenericTile{\"header\":\"Manage Resources\"}"}]}
RESULT: undefined
COMMAND: POST /session/bee63c40a1bdae7ce06b935db5f594fd/element - {"using":"xpath","value":"//*[@id=\"__tile40\"]"}
RESULT: {}
RESULT: {"using":"xpath","value":"//*[@id=\"__tile40\"]"}
COMMAND: POST /session/bee63c40a1bdae7ce06b935db5f594fd/element/f.DD81908FE99A923B634158F1747C8007.d.BD318795D046B403CCAFA56C30418E84.e.161/click - {}
RESULT: {}
COMMAND: GET /session/bee63c40a1bdae7ce06b935db5f594fd/screenshot - {}
RESULT: {}
COMMAND: POST /session/bee63c40a1bdae7ce06b935db5f594fd/elements - {"using":"xpath","value":"//span[text()='Error']"}
RESULT: {"using":"xpath","value":"//span[text()='Error']"}
COMMAND: POST /session/bee63c40a1bdae7ce06b935db5f594fd/element - {"using":"xpath","value":"//button[@data-kt=\"addNewRUOverflowToolbarButton\"]"}
RESULT: {"using":"xpath","value":"//button[@data-kt=\"addNewRUOverflowToolbarButton\"]"}
COMMAND: POST /session/bee63c40a1bdae7ce06b935db5f594fd/elements - {"using":"xpath","value":"//button[@data-kt=\"addNewRUOverflowToolbarButton\"]"}
RESULT: {"using":"xpath","value":"//button[@data-kt=\"addNewRUOverflowToolbarButton\"]"}
COMMAND: POST /session/bee63c40a1bdae7ce06b935db5f594fd/elements - {"using":"xpath","value":"//button[@data-kt=\"addNewRUOverflowToolbarButton\"]"}
RESULT: {"using":"xpath","value":"//button[@data-kt=\"addNewRUOverflowToolbarButton\"]"}
COMMAND: POST /session/bee63c40a1bdae7ce06b935db5f594fd/elements - {"using":"xpath","value":"//button[@data-kt=\"addNewRUOverflowToolbarButton\"]"}
RESULT: {"using":"xpath","value":"//button[@data-kt=\"addNewRUOverflowToolbarButton\"]"}
COMMAND: POST /session/bee63c40a1bdae7ce06b935db5f594fd/element - {"using":"xpath","value":"//button[@data-kt=\"addNewRUOverflowToolbarButton\"]"}
RESULT: {"using":"xpath","value":"//button[@data-kt=\"addNewRUOverflowToolbarButton\"]"}
COMMAND: POST /session/bee63c40a1bdae7ce06b935db5f594fd/execute/sync - {"script":"<script> [8489 bytes]","args":[{"element-6066-11e4-a52e-4f735466cecf":"f.DD81908FE99A923B634158F1747C8007.d.BD318795D046B403CCAFA56C30418E84.e.1062","ELEMENT":"f.DD81908FE99A923B634158F1747C8007.d.BD318795D046B403CCAFA56C30418E84.e.1062"}]}
RESULT: {"script":"<script> [8489 bytes]","args":[{"element-6066-11e4-a52e-4f735466cecf":"f.DD81908FE99A923B634158F1747C8007.d.BD318795D046B403CCAFA56C30418E84.e.1062","ELEMENT":"f.DD81908FE99A923B634158F1747C8007.d.BD318795D046B403CCAFA56C30418E84.e.1062"}]}
COMMAND: GET /session/bee63c40a1bdae7ce06b935db5f594fd/element/f.DD81908FE99A923B634158F1747C8007.d.BD318795D046B403CCAFA56C30418E84.e.1062/enabled - {}
COMMAND: GET /session/bee63c40a1bdae7ce06b935db5f594fd/screenshot - {}
RESULT: {}
COMMAND: POST /session/bee63c40a1bdae7ce06b935db5f594fd/execute/sync - {"script":"<script> [8489 bytes]","args":[{"element-6066-11e4-a52e-4f735466cecf":"f.DD81908FE99A923B634158F1747C8007.d.BD318795D046B403CCAFA56C30418E84.e.1062","ELEMENT":"f.DD81908FE99A923B634158F1747C8007.d.BD318795D046B403CCAFA56C30418E84.e.1062"}]}
COMMAND: GET /session/bee63c40a1bdae7ce06b935db5f594fd/screenshot - {}
RESULT: {}
RESULT: {"script":"<script> [8489 bytes]","args":[{"element-6066-11e4-a52e-4f735466cecf":"f.DD81908FE99A923B634158F1747C8007.d.BD318795D046B403CCAFA56C30418E84.e.1062","ELEMENT":"f.DD81908FE99A923B634158F1747C8007.d.BD318795D046B403CCAFA56C30418E84.e.1062"}]}
COMMAND: POST /session/bee63c40a1bdae7ce06b935db5f594fd/execute/sync - {"script":"<script> [5351 bytes]","args":[{"element-6066-11e4-a52e-4f735466cecf":"f.DD81908FE99A923B634158F1747C8007.d.BD318795D046B403CCAFA56C30418E84.e.1062","ELEMENT":"f.DD81908FE99A923B634158F1747C8007.d.BD318795D046B403CCAFA56C30418E84.e.1062"}]}
COMMAND: GET /session/bee63c40a1bdae7ce06b935db5f594fd/screenshot - {}
RESULT: {}
RESULT: {"script":"<script> [5351 bytes]","args":[{"element-6066-11e4-a52e-4f735466cecf":"f.DD81908FE99A923B634158F1747C8007.d.BD318795D046B403CCAFA56C30418E84.e.1062","ELEMENT":"f.DD81908FE99A923B634158F1747C8007.d.BD318795D046B403CCAFA56C30418E84.e.1062"}]}
COMMAND: POST /session/bee63c40a1bdae7ce06b935db5f594fd/element/f.DD81908FE99A923B634158F1747C8007.d.BD318795D046B403CCAFA56C30418E84.e.1062/click - {}
COMMAND: GET /session/bee63c40a1bdae7ce06b935db5f594fd/screenshot - {}
RESULT: {}
RESULT: {}
COMMAND: GET /session/bee63c40a1bdae7ce06b935db5f594fd/screenshot - {}
RESULT: {}
COMMAND: POST /session/bee63c40a1bdae7ce06b935db5f594fd/execute/async - {"script":"<script> [1562 bytes]","args":[{"selector":{"id":"application-manageresources-display-component---newResourceUnit--TYPE-arrow"},"wdio_ui5_key":"applicationmanageresources-display-component---newResourceUnit--TYPE-arrow"}]}
RESULT: {}
RESULT: {"script":"<script> [1562 bytes]","args":[{"selector":{"id":"application-manageresources-display-component---newResourceUnit--TYPE-arrow"},"wdio_ui5_key":"applicationmanageresources-display-component---newResourceUnit--TYPE-arrow"}]}
RESULT: undefined
COMMAND: POST /session/bee63c40a1bdae7ce06b935db5f594fd/element - {"using":"xpath","value":"//*[@id=\"application-manageresources-display-component---newResourceUnit--TYPE-arrow\"]"}
RESULT: {"using":"xpath","value":"//*[@id=\"application-manageresources-display-component---newResourceUnit--TYPE-arrow\"]"}
COMMAND: POST /session/bee63c40a1bdae7ce06b935db5f594fd/element/f.DD81908FE99A923B634158F1747C8007.d.BD318795D046B403CCAFA56C30418E84.e.1408/click - {}
RESULT: {}
COMMAND: POST /session/bee63c40a1bdae7ce06b935db5f594fd/element - {"using":"xpath","value":"//input[@id=\"application-manageresources-display-component---newResourceUnit--TYPE-inner\"]"}
COMMAND: GET /session/bee63c40a1bdae7ce06b935db5f594fd/screenshot - {}
RESULT: {"using":"xpath","value":"//input[@id=\"application-manageresources-display-component---newResourceUnit--TYPE-inner\"]"}
COMMAND: POST /session/bee63c40a1bdae7ce06b935db5f594fd/element/f.DD81908FE99A923B634158F1747C8007.d.BD318795D046B403CCAFA56C30418E84.e.1404/clear - {}
RESULT: {}
RESULT: {}
COMMAND: POST /session/bee63c40a1bdae7ce06b935db5f594fd/element/f.DD81908FE99A923B634158F1747C8007.d.BD318795D046B403CCAFA56C30418E84.e.1404/value - {"text":"Equipment"}
COMMAND: GET /session/bee63c40a1bdae7ce06b935db5f594fd/screenshot - {}
RESULT: {"text":"Equipment"}
COMMAND: GET /session/bee63c40a1bdae7ce06b935db5f594fd/screenshot - {}
RESULT: {}
RESULT: {}
COMMAND: POST /session/bee63c40a1bdae7ce06b935db5f594fd/actions - {"actions":[{"id":"action2","type":"key","parameters":{},"actions":[{"type":"keyDown","value":""},{"type":"pause","duration":10},{"type":"keyUp","value":""}]}]}
RESULT: {"actions":[{"id":"action2","type":"key","parameters":{},"actions":[{"type":"keyDown","value":""},{"type":"pause","duration":10},{"type":"keyUp","value":""}]}]}
COMMAND: POST /session/bee63c40a1bdae7ce06b935db5f594fd/execute/async - {"script":"<script> [1562 bytes]","args":[{"selector":{"id":"application-manageresources-display-component---newResourceUnit--resourceId","interaction":{"idSuffix":"inner"}},"wdio_ui5_key":"applicationmanageresources-display-component---newResourceUnit--resourceId"}]}
COMMAND: GET /session/bee63c40a1bdae7ce06b935db5f594fd/screenshot - {}
RESULT: {"script":"<script> [1562 bytes]","args":[{"selector":{"id":"application-manageresources-display-component---newResourceUnit--resourceId","interaction":{"idSuffix":"inner"}},"wdio_ui5_key":"applicationmanageresources-display-component---newResourceUnit--resourceId"}]}
RESULT: undefined
COMMAND: POST /session/bee63c40a1bdae7ce06b935db5f594fd/execute/async - {"script":"<script> [776 bytes]","args":[{"enterText":"KUt9ukuKQL","selector":{"id":"application-manageresources-display-component---newResourceUnit--resourceId","interaction":{"idSuffix":"inner"}},"clearTextFirst":true,"interactionType":"ENTER_TEXT"}]}
RESULT: {}
RESULT: {"script":"<script> [776 bytes]","args":[{"enterText":"KUt9ukuKQL","selector":{"id":"application-manageresources-display-component---newResourceUnit--resourceId","interaction":{"idSuffix":"inner"}},"clearTextFirst":true,"interactionType":"ENTER_TEXT"}]}
COMMAND: POST /session/bee63c40a1bdae7ce06b935db5f594fd/execute/async - {"script":"<script> [1562 bytes]","args":[{"selector":{"id":"application-manageresources-display-component---newResourceUnit--SHORT_TEXT","interaction":{"idSuffix":"inner"}},"wdio_ui5_key":"applicationmanageresources-display-component---newResourceUnit--SHORT_TEXT"}]}
RESULT: {"script":"<script> [1562 bytes]","args":[{"selector":{"id":"application-manageresources-display-component---newResourceUnit--SHORT_TEXT","interaction":{"idSuffix":"inner"}},"wdio_ui5_key":"applicationmanageresources-display-component---newResourceUnit--SHORT_TEXT"}]}
RESULT: undefined
COMMAND: POST /session/bee63c40a1bdae7ce06b935db5f594fd/execute/async - {"script":"<script> [776 bytes]","args":[{"enterText":"Intercompany Equipment WDIO","selector":{"id":"application-manageresources-display-component---newResourceUnit--SHORT_TEXT","interaction":{"idSuffix":"inner"}},"clearTextFirst":true,"interactionType":"ENTER_TEXT"}]}
RESULT: {"script":"<script> [776 bytes]","args":[{"enterText":"Intercompany Equipment WDIO","selector":{"id":"application-manageresources-display-component---newResourceUnit--SHORT_TEXT","interaction":{"idSuffix":"inner"}},"clearTextFirst":true,"interactionType":"ENTER_TEXT"}]}
COMMAND: POST /session/bee63c40a1bdae7ce06b935db5f594fd/execute/async - {"script":"<script> [1562 bytes]","args":[{"selector":{"id":"application-manageresources-display-component---newResourceUnit--BASE_UNIT_OF_MEASURE","interaction":{"idSuffix":"inner"}},"wdio_ui5_key":"applicationmanageresources-display-component---newResourceUnit--BASE_UNIT_OF_MEASURE"}]}
RESULT: {"script":"<script> [1562 bytes]","args":[{"selector":{"id":"application-manageresources-display-component---newResourceUnit--BASE_UNIT_OF_MEASURE","interaction":{"idSuffix":"inner"}},"wdio_ui5_key":"applicationmanageresources-display-component---newResourceUnit--BASE_UNIT_OF_MEASURE"}]}
RESULT: undefined
COMMAND: POST /session/bee63c40a1bdae7ce06b935db5f594fd/execute/async - {"script":"<script> [776 bytes]","args":[{"enterText":"Piece","selector":{"id":"application-manageresources-display-component---newResourceUnit--BASE_UNIT_OF_MEASURE","interaction":{"idSuffix":"inner"}},"clearTextFirst":true,"interactionType":"ENTER_TEXT"}]}
RESULT: {"script":"<script> [776 bytes]","args":[{"enterText":"Piece","selector":{"id":"application-manageresources-display-component---newResourceUnit--BASE_UNIT_OF_MEASURE","interaction":{"idSuffix":"inner"}},"clearTextFirst":true,"interactionType":"ENTER_TEXT"}]}
COMMAND: POST /session/bee63c40a1bdae7ce06b935db5f594fd/execute/async - {"script":"<script> [1562 bytes]","args":[{"selector":{"id":"application-manageresources-display-component---newResourceUnit--WEIGHT_UNIT","interaction":{"idSuffix":"inner"}},"wdio_ui5_key":"applicationmanageresources-display-component---newResourceUnit--WEIGHT_UNIT"}]}
RESULT: {"script":"<script> [1562 bytes]","args":[{"selector":{"id":"application-manageresources-display-component---newResourceUnit--WEIGHT_UNIT","interaction":{"idSuffix":"inner"}},"wdio_ui5_key":"applicationmanageresources-display-component---newResourceUnit--WEIGHT_UNIT"}]}
RESULT: undefined
COMMAND: POST /session/bee63c40a1bdae7ce06b935db5f594fd/execute/async - {"script":"<script> [776 bytes]","args":[{"enterText":"Gram","selector":{"id":"application-manageresources-display-component---newResourceUnit--WEIGHT_UNIT","interaction":{"idSuffix":"inner"}},"clearTextFirst":true,"interactionType":"ENTER_TEXT"}]}
RESULT: {"script":"<script> [776 bytes]","args":[{"enterText":"Gram","selector":{"id":"application-manageresources-display-component---newResourceUnit--WEIGHT_UNIT","interaction":{"idSuffix":"inner"}},"clearTextFirst":true,"interactionType":"ENTER_TEXT"}]}
COMMAND: POST /session/bee63c40a1bdae7ce06b935db5f594fd/execute/async - {"script":"<script> [1562 bytes]","args":[{"selector":{"id":"application-manageresources-display-component---newResourceUnit--DIMENSION_UNIT","interaction":{"idSuffix":"inner"}},"wdio_ui5_key":"applicationmanageresources-display-component---newResourceUnit--DIMENSION_UNIT"}]}
RESULT: {"script":"<script> [1562 bytes]","args":[{"selector":{"id":"application-manageresources-display-component---newResourceUnit--DIMENSION_UNIT","interaction":{"idSuffix":"inner"}},"wdio_ui5_key":"applicationmanageresources-display-component---newResourceUnit--DIMENSION_UNIT"}]}
RESULT: undefined
COMMAND: POST /session/bee63c40a1bdae7ce06b935db5f594fd/execute/async - {"script":"<script> [776 bytes]","args":[{"enterText":"Meter","selector":{"id":"application-manageresources-display-component---newResourceUnit--DIMENSION_UNIT","interaction":{"idSuffix":"inner"}},"clearTextFirst":true,"interactionType":"ENTER_TEXT"}]}
RESULT: {"script":"<script> [776 bytes]","args":[{"enterText":"Meter","selector":{"id":"application-manageresources-display-component---newResourceUnit--DIMENSION_UNIT","interaction":{"idSuffix":"inner"}},"clearTextFirst":true,"interactionType":"ENTER_TEXT"}]}
COMMAND: POST /session/bee63c40a1bdae7ce06b935db5f594fd/execute/async - {"script":"<script> [1562 bytes]","args":[{"selector":{"id":"application-manageresources-display-component---newResourceUnit--newRRUPage-anchBar-application-manageresources-display-component---newResourceUnit--control-anchor","interaction":{"idSuffix":"BDI-content"}},"wdio_ui5_key":"applicationmanageresources-display-component---newResourceUnit--newRRUPage-anchBar-application-manageresources-display-component---newResourceUnit--control-anchor"}]}
RESULT: {"script":"<script> [1562 bytes]","args":[{"selector":{"id":"application-manageresources-display-component---newResourceUnit--newRRUPage-anchBar-application-manageresources-display-component---newResourceUnit--control-anchor","interaction":{"idSuffix":"BDI-content"}},"wdio_ui5_key":"applicationmanageresources-display-component---newResourceUnit--newRRUPage-anchBar-application-manageresources-display-component---newResourceUnit--control-anchor"}]}
RESULT: undefined
COMMAND: POST /session/bee63c40a1bdae7ce06b935db5f594fd/element - {"using":"xpath","value":"//*[@id=\"application-manageresources-display-component---newResourceUnit--newRRUPage-anchBar-application-manageresources-display-component---newResourceUnit--control-anchor\"]"}
RESULT: {"using":"xpath","value":"//*[@id=\"application-manageresources-display-component---newResourceUnit--newRRUPage-anchBar-application-manageresources-display-component---newResourceUnit--control-anchor\"]"}
COMMAND: POST /session/bee63c40a1bdae7ce06b935db5f594fd/element/f.DD81908FE99A923B634158F1747C8007.d.BD318795D046B403CCAFA56C30418E84.e.1565/click - {}
RESULT: {}
COMMAND: POST /session/bee63c40a1bdae7ce06b935db5f594fd/execute/async - {"script":"<script> [1562 bytes]","args":[{"selector":{"id":"application-manageresources-display-component---newResourceUnit--PLANNING_GROUP","interaction":{"idSuffix":"inner"}},"wdio_ui5_key":"applicationmanageresources-display-component---newResourceUnit--PLANNING_GROUP"}]}
COMMAND: GET /session/bee63c40a1bdae7ce06b935db5f594fd/screenshot - {}
RESULT: {"script":"<script> [1562 bytes]","args":[{"selector":{"id":"application-manageresources-display-component---newResourceUnit--PLANNING_GROUP","interaction":{"idSuffix":"inner"}},"wdio_ui5_key":"applicationmanageresources-display-component---newResourceUnit--PLANNING_GROUP"}]}
RESULT: undefined
COMMAND: POST /session/bee63c40a1bdae7ce06b935db5f594fd/execute/async - {"script":"<script> [776 bytes]","args":[{"enterText":"Heavy Equi","selector":{"id":"application-manageresources-display-component---newResourceUnit--PLANNING_GROUP","interaction":{"idSuffix":"inner"}},"clearTextFirst":true,"interactionType":"ENTER_TEXT"}]}
RESULT: {}
RESULT: {"script":"<script> [776 bytes]","args":[{"enterText":"Heavy Equi","selector":{"id":"application-manageresources-display-component---newResourceUnit--PLANNING_GROUP","interaction":{"idSuffix":"inner"}},"clearTextFirst":true,"interactionType":"ENTER_TEXT"}]}
COMMAND: POST /session/bee63c40a1bdae7ce06b935db5f594fd/execute/async - {"script":"<script> [1562 bytes]","args":[{"selector":{"id":"application-manageresources-display-component---newResourceUnit--ITEM_TYPE-arrow"},"wdio_ui5_key":"applicationmanageresources-display-component---newResourceUnit--ITEM_TYPE-arrow"}]}
RESULT: {"script":"<script> [1562 bytes]","args":[{"selector":{"id":"application-manageresources-display-component---newResourceUnit--ITEM_TYPE-arrow"},"wdio_ui5_key":"applicationmanageresources-display-component---newResourceUnit--ITEM_TYPE-arrow"}]}
RESULT: undefined
COMMAND: POST /session/bee63c40a1bdae7ce06b935db5f594fd/element - {"using":"xpath","value":"//*[@id=\"application-manageresources-display-component---newResourceUnit--ITEM_TYPE-arrow\"]"}
RESULT: {"using":"xpath","value":"//*[@id=\"application-manageresources-display-component---newResourceUnit--ITEM_TYPE-arrow\"]"}
COMMAND: POST /session/bee63c40a1bdae7ce06b935db5f594fd/element/f.DD81908FE99A923B634158F1747C8007.d.BD318795D046B403CCAFA56C30418E84.e.1574/click - {}
RESULT: {}
COMMAND: POST /session/bee63c40a1bdae7ce06b935db5f594fd/element - {"using":"xpath","value":"//ul[contains(@id,\"ITEM_TYPE-popup-list-listUl\")]//li[.//span[contains(text(),\"Resource Unit\")]]"}
COMMAND: GET /session/bee63c40a1bdae7ce06b935db5f594fd/screenshot - {}
RESULT: {"using":"xpath","value":"//ul[contains(@id,\"ITEM_TYPE-popup-list-listUl\")]//li[.//span[contains(text(),\"Resource Unit\")]]"}
COMMAND: POST /session/bee63c40a1bdae7ce06b935db5f594fd/element/f.DD81908FE99A923B634158F1747C8007.d.BD318795D046B403CCAFA56C30418E84.e.1575/click - {}
RESULT: {}
RESULT: {}
COMMAND: GET /session/bee63c40a1bdae7ce06b935db5f594fd/screenshot - {}
RESULT: {}
COMMAND: POST /session/bee63c40a1bdae7ce06b935db5f594fd/element - {"using":"css selector","value":"#application-manageresources-display-component---newResourceUnit--btnAddTimeSegment"}
RESULT: {"using":"css selector","value":"#application-manageresources-display-component---newResourceUnit--btnAddTimeSegment"}
COMMAND: GET /session/bee63c40a1bdae7ce06b935db5f594fd/element/f.DD81908FE99A923B634158F1747C8007.d.BD318795D046B403CCAFA56C30418E84.e.1583/rect - {}
RESULT: {}
COMMAND: GET /session/bee63c40a1bdae7ce06b935db5f594fd/window/rect - {}
RESULT: {}
COMMAND: POST /session/bee63c40a1bdae7ce06b935db5f594fd/execute/sync - {"script":"<script> [92 bytes]","args":[]}
RESULT: {"script":"<script> [92 bytes]","args":[]}
COMMAND: POST /session/bee63c40a1bdae7ce06b935db5f594fd/actions - {"actions":[{"id":"action3","type":"wheel","parameters":{},"actions":[{"type":"scroll","x":-1888,"y":-32,"deltaX":0,"deltaY":0,"duration":0,"origin":{"element-6066-11e4-a52e-4f735466cecf":"f.DD81908FE99A923B634158F1747C8007.d.BD318795D046B403CCAFA56C30418E84.e.1583"}}]}]}
COMMAND: GET /session/bee63c40a1bdae7ce06b935db5f594fd/screenshot - {}
RESULT: {}
COMMAND: POST /session/bee63c40a1bdae7ce06b935db5f594fd/execute/sync - {"script":"<script> [79 bytes]","args":[{"element-6066-11e4-a52e-4f735466cecf":"f.DD81908FE99A923B634158F1747C8007.d.BD318795D046B403CCAFA56C30418E84.e.1583","ELEMENT":"f.DD81908FE99A923B634158F1747C8007.d.BD318795D046B403CCAFA56C30418E84.e.1583"},{"block":"start","inline":"nearest"}]}
RESULT: {"script":"<script> [79 bytes]","args":[{"element-6066-11e4-a52e-4f735466cecf":"f.DD81908FE99A923B634158F1747C8007.d.BD318795D046B403CCAFA56C30418E84.e.1583","ELEMENT":"f.DD81908FE99A923B634158F1747C8007.d.BD318795D046B403CCAFA56C30418E84.e.1583"},{"block":"start","inline":"nearest"}]}
COMMAND: POST /session/bee63c40a1bdae7ce06b935db5f594fd/execute/async - {"script":"<script> [1562 bytes]","args":[{"selector":{"id":"application-manageresources-display-component---newResourceUnit--btnAddTimeSegment","interaction":{"idSuffix":"inner"}},"wdio_ui5_key":"applicationmanageresources-display-component---newResourceUnit--btnAddTimeSegment"}]}
COMMAND: GET /session/bee63c40a1bdae7ce06b935db5f594fd/screenshot - {}
RESULT: {"script":"<script> [1562 bytes]","args":[{"selector":{"id":"application-manageresources-display-component---newResourceUnit--btnAddTimeSegment","interaction":{"idSuffix":"inner"}},"wdio_ui5_key":"applicationmanageresources-display-component---newResourceUnit--btnAddTimeSegment"}]}
RESULT: undefined
COMMAND: POST /session/bee63c40a1bdae7ce06b935db5f594fd/element - {"using":"xpath","value":"//*[@id=\"application-manageresources-display-component---newResourceUnit--btnAddTimeSegment\"]"}
RESULT: {}
RESULT: {"using":"xpath","value":"//*[@id=\"application-manageresources-display-component---newResourceUnit--btnAddTimeSegment\"]"}
COMMAND: POST /session/bee63c40a1bdae7ce06b935db5f594fd/element/f.DD81908FE99A923B634158F1747C8007.d.BD318795D046B403CCAFA56C30418E84.e.1583/click - {}
RESULT: {}
COMMAND: GET /session/bee63c40a1bdae7ce06b935db5f594fd/screenshot - {}
RESULT: {}
COMMAND: POST /session/bee63c40a1bdae7ce06b935db5f594fd/element - {"using":"xpath","value":"//input[@id=\"application-manageresources-display-component---newResourceUnit--idRuTSAdmin-application-manageresources-display-component---newResourceUnit--RUTimeSegment-0-inner\"]"}
RESULT: {"using":"xpath","value":"//input[@id=\"application-manageresources-display-component---newResourceUnit--idRuTSAdmin-application-manageresources-display-component---newResourceUnit--RUTimeSegment-0-inner\"]"}
COMMAND: POST /session/bee63c40a1bdae7ce06b935db5f594fd/element/f.DD81908FE99A923B634158F1747C8007.d.BD318795D046B403CCAFA56C30418E84.e.1589/clear - {}
RESULT: {}
COMMAND: POST /session/bee63c40a1bdae7ce06b935db5f594fd/element/f.DD81908FE99A923B634158F1747C8007.d.BD318795D046B403CCAFA56C30418E84.e.1589/value - {"text":"243"}
COMMAND: GET /session/bee63c40a1bdae7ce06b935db5f594fd/screenshot - {}
RESULT: {"text":"243"}
COMMAND: GET /session/bee63c40a1bdae7ce06b935db5f594fd/screenshot - {}
RESULT: {}
RESULT: {}
COMMAND: POST /session/bee63c40a1bdae7ce06b935db5f594fd/element - {"using":"xpath","value":"//li[.//span[text()='243']]"}
RESULT: {"using":"xpath","value":"//li[.//span[text()='243']]"}
COMMAND: POST /session/bee63c40a1bdae7ce06b935db5f594fd/element/f.DD81908FE99A923B634158F1747C8007.d.BD318795D046B403CCAFA56C30418E84.e.1601/click - {}
RESULT: {}
COMMAND: GET /session/bee63c40a1bdae7ce06b935db5f594fd/screenshot - {}
RESULT: {}
COMMAND: POST /session/bee63c40a1bdae7ce06b935db5f594fd/element - {"using":"xpath","value":"(//span[contains(@id, \"-application-manageresources-display-component---newResourceUnit--RUTimeSegment-0-arrow\")])[6]"}
RESULT: {"using":"xpath","value":"(//span[contains(@id, \"-application-manageresources-display-component---newResourceUnit--RUTimeSegment-0-arrow\")])[6]"}
COMMAND: POST /session/bee63c40a1bdae7ce06b935db5f594fd/element/f.DD81908FE99A923B634158F1747C8007.d.BD318795D046B403CCAFA56C30418E84.e.1602/click - {}
RESULT: {}
COMMAND: GET /session/bee63c40a1bdae7ce06b935db5f594fd/screenshot - {}
RESULT: {}
COMMAND: POST /session/bee63c40a1bdae7ce06b935db5f594fd/element - {"using":"xpath","value":"//span[contains(text(), \"PM Order\")]"}
RESULT: {"using":"xpath","value":"//span[contains(text(), \"PM Order\")]"}
COMMAND: POST /session/bee63c40a1bdae7ce06b935db5f594fd/element/f.DD81908FE99A923B634158F1747C8007.d.BD318795D046B403CCAFA56C30418E84.e.1605/click - {}
RESULT: {}
COMMAND: GET /session/bee63c40a1bdae7ce06b935db5f594fd/screenshot - {}
RESULT: {}
COMMAND: POST /session/bee63c40a1bdae7ce06b935db5f594fd/element - {"using":"xpath","value":"(//span[contains(@id ,\"manageresources-display-component---newResourceUnit--RUTimeSegment-0-vhi\")])[1]"}
RESULT: {"using":"xpath","value":"(//span[contains(@id ,\"manageresources-display-component---newResourceUnit--RUTimeSegment-0-vhi\")])[1]"}
COMMAND: GET /session/bee63c40a1bdae7ce06b935db5f594fd/element/f.DD81908FE99A923B634158F1747C8007.d.BD318795D046B403CCAFA56C30418E84.e.1609/rect - {}
RESULT: {}
COMMAND: GET /session/bee63c40a1bdae7ce06b935db5f594fd/window/rect - {}
RESULT: {}
COMMAND: POST /session/bee63c40a1bdae7ce06b935db5f594fd/execute/sync - {"script":"<script> [92 bytes]","args":[]}
RESULT: {"script":"<script> [92 bytes]","args":[]}
COMMAND: POST /session/bee63c40a1bdae7ce06b935db5f594fd/actions - {"actions":[{"id":"action4","type":"wheel","parameters":{},"actions":[{"type":"scroll","x":-869,"y":-24,"deltaX":0,"deltaY":0,"duration":0,"origin":{"element-6066-11e4-a52e-4f735466cecf":"f.DD81908FE99A923B634158F1747C8007.d.BD318795D046B403CCAFA56C30418E84.e.1609"}}]}]}
COMMAND: GET /session/bee63c40a1bdae7ce06b935db5f594fd/screenshot - {}
RESULT: {"actions":[{"id":"action4","type":"wheel","parameters":{},"actions":[{"type":"scroll","x":-869,"y":-24,"deltaX":0,"deltaY":0,"duration":0,"origin":{"element-6066-11e4-a52e-4f735466cecf":"f.DD81908FE99A923B634158F1747C8007.d.BD318795D046B403CCAFA56C30418E84.e.1609"}}]}]}
COMMAND: DELETE /session/bee63c40a1bdae7ce06b935db5f594fd/actions - {}
COMMAND: GET /session/bee63c40a1bdae7ce06b935db5f594fd/screenshot - {}
RESULT: {}
RESULT: {}
COMMAND: GET /session/bee63c40a1bdae7ce06b935db5f594fd/screenshot - {}
RESULT: {}
RESULT: {}
COMMAND: POST /session/bee63c40a1bdae7ce06b935db5f594fd/element/f.DD81908FE99A923B634158F1747C8007.d.BD318795D046B403CCAFA56C30418E84.e.1609/click - {}
RESULT: {}
COMMAND: GET /session/bee63c40a1bdae7ce06b935db5f594fd/screenshot - {}
RESULT: {}
RESULT: undefined
COMMAND: POST /session/bee63c40a1bdae7ce06b935db5f594fd/execute/async - {"script":"<script> [776 bytes]","args":[{"enterText":"4000360","selector":{"controlType":"sap.m.SearchField","properties":{"placeholder":"Search"},"searchOpenDialogs":true,"interaction":{"idSuffix":"I"}},"clearTextFirst":true,"interactionType":"ENTER_TEXT"}]}
RESULT: {"script":"<script> [776 bytes]","args":[{"enterText":"4000360","selector":{"controlType":"sap.m.SearchField","properties":{"placeholder":"Search"},"searchOpenDialogs":true,"interaction":{"idSuffix":"I"}},"clearTextFirst":true,"interactionType":"ENTER_TEXT"}]}
COMMAND: POST /session/bee63c40a1bdae7ce06b935db5f594fd/actions - {"actions":[{"id":"action5","type":"key","parameters":{},"actions":[{"type":"keyDown","value":""},{"type":"pause","duration":10},{"type":"keyUp","value":""}]}]}
RESULT: {"actions":[{"id":"action5","type":"key","parameters":{},"actions":[{"type":"keyDown","value":""},{"type":"pause","duration":10},{"type":"keyUp","value":""}]}]}
COMMAND: GET /session/bee63c40a1bdae7ce06b935db5f594fd/screenshot - {}
RESULT: {}
COMMAND: POST /session/bee63c40a1bdae7ce06b935db5f594fd/element - {"using":"xpath","value":"//td/div/span[contains(text(), \"BGL Vehicles\")]"}
RESULT: {"using":"xpath","value":"//td/div/span[contains(text(), \"BGL Vehicles\")]"}
COMMAND: POST /session/bee63c40a1bdae7ce06b935db5f594fd/element/f.DD81908FE99A923B634158F1747C8007.d.BD318795D046B403CCAFA56C30418E84.e.1619/click - {}
RESULT: {}
COMMAND: GET /session/bee63c40a1bdae7ce06b935db5f594fd/screenshot - {}
RESULT: {}
COMMAND: POST /session/bee63c40a1bdae7ce06b935db5f594fd/element - {"using":"xpath","value":"//bdi[contains(text(), \"OK\")]"}
RESULT: {"using":"xpath","value":"//bdi[contains(text(), \"OK\")]"}
COMMAND: POST /session/bee63c40a1bdae7ce06b935db5f594fd/element/f.DD81908FE99A923B634158F1747C8007.d.BD318795D046B403CCAFA56C30418E84.e.1621/click - {}
RESULT: {}
COMMAND: GET /session/bee63c40a1bdae7ce06b935db5f594fd/screenshot - {}
RESULT: {}
COMMAND: POST /session/bee63c40a1bdae7ce06b935db5f594fd/execute/async - {"script":"<script> [1562 bytes]","args":[{"selector":{"id":"application-manageresources-display-component---newResourceUnit--newRRUPage-anchBar-application-manageresources-display-component---newResourceUnit--resource-anchor","interaction":{"idSuffix":"BDI-content"}},"wdio_ui5_key":"applicationmanageresources-display-component---newResourceUnit--newRRUPage-anchBar-application-manageresources-display-component---newResourceUnit--resource-anchor"}]}
RESULT: {"script":"<script> [1562 bytes]","args":[{"selector":{"id":"application-manageresources-display-component---newResourceUnit--newRRUPage-anchBar-application-manageresources-display-component---newResourceUnit--resource-anchor","interaction":{"idSuffix":"BDI-content"}},"wdio_ui5_key":"applicationmanageresources-display-component---newResourceUnit--newRRUPage-anchBar-application-manageresources-display-component---newResourceUnit--resource-anchor"}]}
RESULT: undefined
COMMAND: POST /session/bee63c40a1bdae7ce06b935db5f594fd/element - {"using":"xpath","value":"//*[@id=\"application-manageresources-display-component---newResourceUnit--newRRUPage-anchBar-application-manageresources-display-component---newResourceUnit--resource-anchor\"]"}
RESULT: {"using":"xpath","value":"//*[@id=\"application-manageresources-display-component---newResourceUnit--newRRUPage-anchBar-application-manageresources-display-component---newResourceUnit--resource-anchor\"]"}
COMMAND: POST /session/bee63c40a1bdae7ce06b935db5f594fd/element/f.DD81908FE99A923B634158F1747C8007.d.BD318795D046B403CCAFA56C30418E84.e.1625/click - {}
RESULT: {}
COMMAND: POST /session/bee63c40a1bdae7ce06b935db5f594fd/execute/async - {"script":"<script> [1562 bytes]","args":[{"selector":{"id":"application-manageresources-display-component---newResourceUnit--PLANNED_DELIVERY_DATE","interaction":{"idSuffix":"inner"}},"wdio_ui5_key":"applicationmanageresources-display-component---newResourceUnit--PLANNED_DELIVERY_DATE"}]}
COMMAND: GET /session/bee63c40a1bdae7ce06b935db5f594fd/screenshot - {}
RESULT: {"script":"<script> [1562 bytes]","args":[{"selector":{"id":"application-manageresources-display-component---newResourceUnit--PLANNED_DELIVERY_DATE","interaction":{"idSuffix":"inner"}},"wdio_ui5_key":"applicationmanageresources-display-component---newResourceUnit--PLANNED_DELIVERY_DATE"}]}
RESULT: undefined
COMMAND: POST /session/bee63c40a1bdae7ce06b935db5f594fd/execute/async - {"script":"<script> [6424 bytes]","args":[{"element-6066-11e4-a52e-4f735466cecf":"f.DD81908FE99A923B634158F1747C8007.d.BD318795D046B403CCAFA56C30418E84.e.1465"},"setValue",["6/13/25"]]}
RESULT: {}
RESULT: {"script":"<script> [6424 bytes]","args":[{"element-6066-11e4-a52e-4f735466cecf":"f.DD81908FE99A923B634158F1747C8007.d.BD318795D046B403CCAFA56C30418E84.e.1465"},"setValue",["6/13/25"]]}
COMMAND: POST /session/bee63c40a1bdae7ce06b935db5f594fd/element - {"using":"xpath","value":"//label[contains(@class, 'sapMLabelRequired') and .//bdi[contains(text(), 'Planned Retirement')]]"}
RESULT: {"using":"xpath","value":"//label[contains(@class, 'sapMLabelRequired') and .//bdi[contains(text(), 'Planned Retirement')]]"}
COMMAND: POST /session/bee63c40a1bdae7ce06b935db5f594fd/elements - {"using":"xpath","value":"//label[contains(@class, 'sapMLabelRequired') and .//bdi[contains(text(), 'Planned Retirement')]]"}
RESULT: {"using":"xpath","value":"//label[contains(@class, 'sapMLabelRequired') and .//bdi[contains(text(), 'Planned Retirement')]]"}
COMMAND: POST /session/bee63c40a1bdae7ce06b935db5f594fd/element - {"using":"xpath","value":"//button[@data-kt=\"resourceUnitSaveButton\"]"}
RESULT: {"using":"xpath","value":"//button[@data-kt=\"resourceUnitSaveButton\"]"}
COMMAND: POST /session/bee63c40a1bdae7ce06b935db5f594fd/element/f.DD81908FE99A923B634158F1747C8007.d.BD318795D046B403CCAFA56C30418E84.e.1425/click - {}
RESULT: {}
COMMAND: GET /session/bee63c40a1bdae7ce06b935db5f594fd/screenshot - {}
RESULT: {}
COMMAND: POST /session/bee63c40a1bdae7ce06b935db5f594fd/element - {"using":"xpath","value":"//bdi[contains(text(), \"Close\")]"}
RESULT: {"using":"xpath","value":"//bdi[contains(text(), \"Close\")]"}
COMMAND: POST /session/bee63c40a1bdae7ce06b935db5f594fd/element/f.DD81908FE99A923B634158F1747C8007.d.BD318795D046B403CCAFA56C30418E84.e.1633/click - {}
RESULT: {}
COMMAND: GET /session/bee63c40a1bdae7ce06b935db5f594fd/screenshot - {}
RESULT: {}
COMMAND: POST /session/bee63c40a1bdae7ce06b935db5f594fd/element - {"using":"xpath","value":"(//button[contains(@id ,\"actionsToolbar-overflowButton\")])[1]"}
RESULT: {"using":"xpath","value":"(//button[contains(@id ,\"actionsToolbar-overflowButton\")])[1]"}
COMMAND: POST /session/bee63c40a1bdae7ce06b935db5f594fd/element/f.DD81908FE99A923B634158F1747C8007.d.BD318795D046B403CCAFA56C30418E84.e.1692/click - {}
RESULT: {}
COMMAND: GET /session/bee63c40a1bdae7ce06b935db5f594fd/screenshot - {}
RESULT: {}
COMMAND: POST /session/bee63c40a1bdae7ce06b935db5f594fd/element - {"using":"xpath","value":"//button[@data-kt=\"priceInfoButton\"]"}
RESULT: {"using":"xpath","value":"//button[@data-kt=\"priceInfoButton\"]"}
COMMAND: POST /session/bee63c40a1bdae7ce06b935db5f594fd/element/f.DD81908FE99A923B634158F1747C8007.d.BD318795D046B403CCAFA56C30418E84.e.1694/click - {}
RESULT: {}
COMMAND: GET /session/bee63c40a1bdae7ce06b935db5f594fd/screenshot - {}
RESULT: {}
COMMAND: POST /session/bee63c40a1bdae7ce06b935db5f594fd/element - {"using":"css selector","value":"#shell-header-logo"}
RESULT: {"using":"css selector","value":"#shell-header-logo"}
COMMAND: POST /session/bee63c40a1bdae7ce06b935db5f594fd/element/f.DD81908FE99A923B634158F1747C8007.d.BD318795D046B403CCAFA56C30418E84.e.1023/click - {}
RESULT: {}
]]></system-out>
    </testcase>
    <testcase classname="chrome.137_0_7151_69.windows.Create_condition_pricing_US117289_US134625" name="Should create new condition" time="76.123">
      <system-out><![CDATA[
COMMAND: POST /session/bee63c40a1bdae7ce06b935db5f594fd/execute/async - {"script":"<script> [1562 bytes]","args":[{"selector":{"controlType":"sap.m.GenericTile","properties":{"header":"Manage Conditions & Prices"}},"wdio_ui5_key":"sapm.GenericTile{\"header\":\"Manage Conditions & Prices\"}"}]}
COMMAND: GET /session/bee63c40a1bdae7ce06b935db5f594fd/screenshot - {}
RESULT: {"script":"<script> [1562 bytes]","args":[{"selector":{"controlType":"sap.m.GenericTile","properties":{"header":"Manage Conditions & Prices"}},"wdio_ui5_key":"sapm.GenericTile{\"header\":\"Manage Conditions & Prices\"}"}]}
RESULT: undefined
COMMAND: POST /session/bee63c40a1bdae7ce06b935db5f594fd/element - {"using":"xpath","value":"//*[@id=\"__tile55\"]"}
RESULT: {}
RESULT: {"using":"xpath","value":"//*[@id=\"__tile55\"]"}
COMMAND: POST /session/bee63c40a1bdae7ce06b935db5f594fd/element/f.DD81908FE99A923B634158F1747C8007.d.BD318795D046B403CCAFA56C30418E84.e.211/click - {}
RESULT: {}
COMMAND: GET /session/bee63c40a1bdae7ce06b935db5f594fd/screenshot - {}
RESULT: {}
COMMAND: POST /session/bee63c40a1bdae7ce06b935db5f594fd/elements - {"using":"xpath","value":"//span[text()='Error']"}
RESULT: {"using":"xpath","value":"//span[text()='Error']"}
COMMAND: POST /session/bee63c40a1bdae7ce06b935db5f594fd/element - {"using":"xpath","value":"//button[@aria-label=\"Create\"]"}
RESULT: {"using":"xpath","value":"//button[@aria-label=\"Create\"]"}
COMMAND: POST /session/bee63c40a1bdae7ce06b935db5f594fd/elements - {"using":"xpath","value":"//button[@aria-label=\"Create\"]"}
RESULT: {"using":"xpath","value":"//button[@aria-label=\"Create\"]"}
COMMAND: POST /session/bee63c40a1bdae7ce06b935db5f594fd/elements - {"using":"xpath","value":"//button[@aria-label=\"Create\"]"}
RESULT: {"using":"xpath","value":"//button[@aria-label=\"Create\"]"}
COMMAND: POST /session/bee63c40a1bdae7ce06b935db5f594fd/elements - {"using":"xpath","value":"//button[@aria-label=\"Create\"]"}
RESULT: {"using":"xpath","value":"//button[@aria-label=\"Create\"]"}
COMMAND: POST /session/bee63c40a1bdae7ce06b935db5f594fd/elements - {"using":"xpath","value":"//button[@aria-label=\"Create\"]"}
RESULT: {"using":"xpath","value":"//button[@aria-label=\"Create\"]"}
COMMAND: POST /session/bee63c40a1bdae7ce06b935db5f594fd/elements - {"using":"xpath","value":"//button[@aria-label=\"Create\"]"}
RESULT: {"using":"xpath","value":"//button[@aria-label=\"Create\"]"}
COMMAND: POST /session/bee63c40a1bdae7ce06b935db5f594fd/element - {"using":"xpath","value":"//button[@aria-label=\"Create\"]"}
RESULT: {"using":"xpath","value":"//button[@aria-label=\"Create\"]"}
COMMAND: POST /session/bee63c40a1bdae7ce06b935db5f594fd/execute/sync - {"script":"<script> [8489 bytes]","args":[{"element-6066-11e4-a52e-4f735466cecf":"f.DD81908FE99A923B634158F1747C8007.d.BD318795D046B403CCAFA56C30418E84.e.1730","ELEMENT":"f.DD81908FE99A923B634158F1747C8007.d.BD318795D046B403CCAFA56C30418E84.e.1730"}]}
RESULT: {"script":"<script> [8489 bytes]","args":[{"element-6066-11e4-a52e-4f735466cecf":"f.DD81908FE99A923B634158F1747C8007.d.BD318795D046B403CCAFA56C30418E84.e.1730","ELEMENT":"f.DD81908FE99A923B634158F1747C8007.d.BD318795D046B403CCAFA56C30418E84.e.1730"}]}
COMMAND: GET /session/bee63c40a1bdae7ce06b935db5f594fd/element/f.DD81908FE99A923B634158F1747C8007.d.BD318795D046B403CCAFA56C30418E84.e.1730/enabled - {}
COMMAND: GET /session/bee63c40a1bdae7ce06b935db5f594fd/screenshot - {}
RESULT: {}
COMMAND: POST /session/bee63c40a1bdae7ce06b935db5f594fd/execute/sync - {"script":"<script> [8489 bytes]","args":[{"element-6066-11e4-a52e-4f735466cecf":"f.DD81908FE99A923B634158F1747C8007.d.BD318795D046B403CCAFA56C30418E84.e.1730","ELEMENT":"f.DD81908FE99A923B634158F1747C8007.d.BD318795D046B403CCAFA56C30418E84.e.1730"}]}
COMMAND: GET /session/bee63c40a1bdae7ce06b935db5f594fd/screenshot - {}
RESULT: {}
RESULT: {"script":"<script> [8489 bytes]","args":[{"element-6066-11e4-a52e-4f735466cecf":"f.DD81908FE99A923B634158F1747C8007.d.BD318795D046B403CCAFA56C30418E84.e.1730","ELEMENT":"f.DD81908FE99A923B634158F1747C8007.d.BD318795D046B403CCAFA56C30418E84.e.1730"}]}
COMMAND: POST /session/bee63c40a1bdae7ce06b935db5f594fd/execute/sync - {"script":"<script> [5351 bytes]","args":[{"element-6066-11e4-a52e-4f735466cecf":"f.DD81908FE99A923B634158F1747C8007.d.BD318795D046B403CCAFA56C30418E84.e.1730","ELEMENT":"f.DD81908FE99A923B634158F1747C8007.d.BD318795D046B403CCAFA56C30418E84.e.1730"}]}
COMMAND: GET /session/bee63c40a1bdae7ce06b935db5f594fd/screenshot - {}
RESULT: {}
RESULT: {"script":"<script> [5351 bytes]","args":[{"element-6066-11e4-a52e-4f735466cecf":"f.DD81908FE99A923B634158F1747C8007.d.BD318795D046B403CCAFA56C30418E84.e.1730","ELEMENT":"f.DD81908FE99A923B634158F1747C8007.d.BD318795D046B403CCAFA56C30418E84.e.1730"}]}
COMMAND: POST /session/bee63c40a1bdae7ce06b935db5f594fd/element/f.DD81908FE99A923B634158F1747C8007.d.BD318795D046B403CCAFA56C30418E84.e.1730/click - {}
COMMAND: GET /session/bee63c40a1bdae7ce06b935db5f594fd/screenshot - {}
RESULT: {}
RESULT: {}
COMMAND: GET /session/bee63c40a1bdae7ce06b935db5f594fd/screenshot - {}
RESULT: {}
RESULT: {}
COMMAND: POST /session/bee63c40a1bdae7ce06b935db5f594fd/actions - {"actions":[{"id":"action6","type":"key","parameters":{},"actions":[{"type":"keyDown","value":""},{"type":"pause","duration":10},{"type":"keyUp","value":""}]}]}
RESULT: {"actions":[{"id":"action6","type":"key","parameters":{},"actions":[{"type":"keyDown","value":""},{"type":"pause","duration":10},{"type":"keyUp","value":""}]}]}
COMMAND: GET /session/bee63c40a1bdae7ce06b935db5f594fd/screenshot - {}
RESULT: {}
COMMAND: POST /session/bee63c40a1bdae7ce06b935db5f594fd/execute/async - {"script":"<script> [1562 bytes]","args":[{"selector":{"id":"application-manageconditionprice-display-component---newCondition--condBillCond-arrow"},"wdio_ui5_key":"applicationmanageconditionprice-display-component---newCondition--condBillCond-arrow"}]}
RESULT: {"script":"<script> [1562 bytes]","args":[{"selector":{"id":"application-manageconditionprice-display-component---newCondition--condBillCond-arrow"},"wdio_ui5_key":"applicationmanageconditionprice-display-component---newCondition--condBillCond-arrow"}]}
RESULT: undefined
COMMAND: POST /session/bee63c40a1bdae7ce06b935db5f594fd/element - {"using":"xpath","value":"//*[@id=\"application-manageconditionprice-display-component---newCondition--condBillCond-arrow\"]"}
RESULT: {"using":"xpath","value":"//*[@id=\"application-manageconditionprice-display-component---newCondition--condBillCond-arrow\"]"}
COMMAND: POST /session/bee63c40a1bdae7ce06b935db5f594fd/element/f.DD81908FE99A923B634158F1747C8007.d.BD318795D046B403CCAFA56C30418E84.e.1918/click - {}
RESULT: {}
COMMAND: GET /session/bee63c40a1bdae7ce06b935db5f594fd/screenshot - {}
RESULT: {}
COMMAND: POST /session/bee63c40a1bdae7ce06b935db5f594fd/element - {"using":"xpath","value":"//li[.//span[contains(text(), \"SAPR - Sales price\")]]"}
RESULT: {"using":"xpath","value":"//li[.//span[contains(text(), \"SAPR - Sales price\")]]"}
COMMAND: POST /session/bee63c40a1bdae7ce06b935db5f594fd/element/f.DD81908FE99A923B634158F1747C8007.d.BD318795D046B403CCAFA56C30418E84.e.1921/click - {}
RESULT: {}
COMMAND: GET /session/bee63c40a1bdae7ce06b935db5f594fd/screenshot - {}
RESULT: {}
COMMAND: POST /session/bee63c40a1bdae7ce06b935db5f594fd/execute/async - {"script":"<script> [1562 bytes]","args":[{"selector":{"id":"application-manageconditionprice-display-component---newCondition--condValidTo","interaction":{"idSuffix":"inner"}},"wdio_ui5_key":"applicationmanageconditionprice-display-component---newCondition--condValidTo"}]}
RESULT: {"script":"<script> [1562 bytes]","args":[{"selector":{"id":"application-manageconditionprice-display-component---newCondition--condValidTo","interaction":{"idSuffix":"inner"}},"wdio_ui5_key":"applicationmanageconditionprice-display-component---newCondition--condValidTo"}]}
RESULT: undefined
COMMAND: POST /session/bee63c40a1bdae7ce06b935db5f594fd/execute/async - {"script":"<script> [776 bytes]","args":[{"enterText":"2/13/26","selector":{"id":"application-manageconditionprice-display-component---newCondition--condValidTo","interaction":{"idSuffix":"inner"}},"clearTextFirst":true,"interactionType":"ENTER_TEXT"}]}
RESULT: {"script":"<script> [776 bytes]","args":[{"enterText":"2/13/26","selector":{"id":"application-manageconditionprice-display-component---newCondition--condValidTo","interaction":{"idSuffix":"inner"}},"clearTextFirst":true,"interactionType":"ENTER_TEXT"}]}
COMMAND: POST /session/bee63c40a1bdae7ce06b935db5f594fd/element - {"using":"xpath","value":"//input[@id=\"application-manageconditionprice-display-component---newCondition--condRU-inner\"]"}
RESULT: {"using":"xpath","value":"//input[@id=\"application-manageconditionprice-display-component---newCondition--condRU-inner\"]"}
COMMAND: POST /session/bee63c40a1bdae7ce06b935db5f594fd/element/f.DD81908FE99A923B634158F1747C8007.d.BD318795D046B403CCAFA56C30418E84.e.1750/clear - {}
RESULT: {}
COMMAND: POST /session/bee63c40a1bdae7ce06b935db5f594fd/element/f.DD81908FE99A923B634158F1747C8007.d.BD318795D046B403CCAFA56C30418E84.e.1750/value - {"text":"KUt9ukuKQL"}
COMMAND: GET /session/bee63c40a1bdae7ce06b935db5f594fd/screenshot - {}
RESULT: {"text":"KUt9ukuKQL"}
COMMAND: GET /session/bee63c40a1bdae7ce06b935db5f594fd/screenshot - {}
RESULT: {}
RESULT: {}
COMMAND: POST /session/bee63c40a1bdae7ce06b935db5f594fd/actions - {"actions":[{"id":"action7","type":"key","parameters":{},"actions":[{"type":"keyDown","value":""},{"type":"pause","duration":10},{"type":"keyUp","value":""}]}]}
RESULT: {"actions":[{"id":"action7","type":"key","parameters":{},"actions":[{"type":"keyDown","value":""},{"type":"pause","duration":10},{"type":"keyUp","value":""}]}]}
COMMAND: POST /session/bee63c40a1bdae7ce06b935db5f594fd/execute/async - {"script":"<script> [1562 bytes]","args":[{"selector":{"id":"application-manageconditionprice-display-component---newCondition--condBaseQty","interaction":{"idSuffix":"inner"}},"wdio_ui5_key":"applicationmanageconditionprice-display-component---newCondition--condBaseQty"}]}
COMMAND: GET /session/bee63c40a1bdae7ce06b935db5f594fd/screenshot - {}
RESULT: {"script":"<script> [1562 bytes]","args":[{"selector":{"id":"application-manageconditionprice-display-component---newCondition--condBaseQty","interaction":{"idSuffix":"inner"}},"wdio_ui5_key":"applicationmanageconditionprice-display-component---newCondition--condBaseQty"}]}
RESULT: undefined
COMMAND: POST /session/bee63c40a1bdae7ce06b935db5f594fd/execute/async - {"script":"<script> [776 bytes]","args":[{"enterText":"1","selector":{"id":"application-manageconditionprice-display-component---newCondition--condBaseQty","interaction":{"idSuffix":"inner"}},"clearTextFirst":true,"interactionType":"ENTER_TEXT"}]}
RESULT: {}
RESULT: {"script":"<script> [776 bytes]","args":[{"enterText":"1","selector":{"id":"application-manageconditionprice-display-component---newCondition--condBaseQty","interaction":{"idSuffix":"inner"}},"clearTextFirst":true,"interactionType":"ENTER_TEXT"}]}
COMMAND: POST /session/bee63c40a1bdae7ce06b935db5f594fd/execute/async - {"script":"<script> [1562 bytes]","args":[{"selector":{"id":"application-manageconditionprice-display-component---newCondition--condValue","interaction":{"idSuffix":"inner"}},"wdio_ui5_key":"applicationmanageconditionprice-display-component---newCondition--condValue"}]}
RESULT: {"script":"<script> [1562 bytes]","args":[{"selector":{"id":"application-manageconditionprice-display-component---newCondition--condValue","interaction":{"idSuffix":"inner"}},"wdio_ui5_key":"applicationmanageconditionprice-display-component---newCondition--condValue"}]}
RESULT: undefined
COMMAND: POST /session/bee63c40a1bdae7ce06b935db5f594fd/execute/async - {"script":"<script> [776 bytes]","args":[{"enterText":"200","selector":{"id":"application-manageconditionprice-display-component---newCondition--condValue","interaction":{"idSuffix":"inner"}},"clearTextFirst":true,"interactionType":"ENTER_TEXT"}]}
RESULT: {"script":"<script> [776 bytes]","args":[{"enterText":"200","selector":{"id":"application-manageconditionprice-display-component---newCondition--condValue","interaction":{"idSuffix":"inner"}},"clearTextFirst":true,"interactionType":"ENTER_TEXT"}]}
COMMAND: POST /session/bee63c40a1bdae7ce06b935db5f594fd/execute/async - {"script":"<script> [1562 bytes]","args":[{"selector":{"id":"application-manageconditionprice-display-component---newCondition--condCurr-arrow"},"wdio_ui5_key":"applicationmanageconditionprice-display-component---newCondition--condCurr-arrow"}]}
RESULT: {"script":"<script> [1562 bytes]","args":[{"selector":{"id":"application-manageconditionprice-display-component---newCondition--condCurr-arrow"},"wdio_ui5_key":"applicationmanageconditionprice-display-component---newCondition--condCurr-arrow"}]}
RESULT: undefined
COMMAND: POST /session/bee63c40a1bdae7ce06b935db5f594fd/element - {"using":"xpath","value":"//*[@id=\"application-manageconditionprice-display-component---newCondition--condCurr-arrow\"]"}
RESULT: {"using":"xpath","value":"//*[@id=\"application-manageconditionprice-display-component---newCondition--condCurr-arrow\"]"}
COMMAND: POST /session/bee63c40a1bdae7ce06b935db5f594fd/element/f.DD81908FE99A923B634158F1747C8007.d.BD318795D046B403CCAFA56C30418E84.e.1905/click - {}
RESULT: {}
COMMAND: POST /session/bee63c40a1bdae7ce06b935db5f594fd/element - {"using":"xpath","value":"//span[contains(text(), \"Euro\")]"}
COMMAND: GET /session/bee63c40a1bdae7ce06b935db5f594fd/screenshot - {}
RESULT: {"using":"xpath","value":"//span[contains(text(), \"Euro\")]"}
COMMAND: POST /session/bee63c40a1bdae7ce06b935db5f594fd/element/f.DD81908FE99A923B634158F1747C8007.d.BD318795D046B403CCAFA56C30418E84.e.1960/click - {}
RESULT: {}
RESULT: {}
COMMAND: POST /session/bee63c40a1bdae7ce06b935db5f594fd/element - {"using":"xpath","value":"//button[@data-kt=\"saveButton\"]"}
COMMAND: GET /session/bee63c40a1bdae7ce06b935db5f594fd/screenshot - {}
RESULT: {"using":"xpath","value":"//button[@data-kt=\"saveButton\"]"}
COMMAND: POST /session/bee63c40a1bdae7ce06b935db5f594fd/element/f.DD81908FE99A923B634158F1747C8007.d.BD318795D046B403CCAFA56C30418E84.e.1906/click - {}
RESULT: {}
RESULT: {}
COMMAND: GET /session/bee63c40a1bdae7ce06b935db5f594fd/screenshot - {}
RESULT: {}
COMMAND: POST /session/bee63c40a1bdae7ce06b935db5f594fd/execute/async - {"script":"<script> [1562 bytes]","args":[{"selector":{"id":"application-manageconditionprice-display-component---conditions--smartFilterBar-btnBasicSearch","interaction":{"idSuffix":"I"}},"wdio_ui5_key":"applicationmanageconditionprice-display-component---conditions--smartFilterBar-btnBasicSearch"}]}
RESULT: {"script":"<script> [1562 bytes]","args":[{"selector":{"id":"application-manageconditionprice-display-component---conditions--smartFilterBar-btnBasicSearch","interaction":{"idSuffix":"I"}},"wdio_ui5_key":"applicationmanageconditionprice-display-component---conditions--smartFilterBar-btnBasicSearch"}]}
RESULT: undefined
COMMAND: POST /session/bee63c40a1bdae7ce06b935db5f594fd/execute/async - {"script":"<script> [776 bytes]","args":[{"enterText":"KUt9ukuKQL","selector":{"id":"application-manageconditionprice-display-component---conditions--smartFilterBar-btnBasicSearch","interaction":{"idSuffix":"I"}},"clearTextFirst":true,"interactionType":"ENTER_TEXT"}]}
RESULT: {"script":"<script> [776 bytes]","args":[{"enterText":"KUt9ukuKQL","selector":{"id":"application-manageconditionprice-display-component---conditions--smartFilterBar-btnBasicSearch","interaction":{"idSuffix":"I"}},"clearTextFirst":true,"interactionType":"ENTER_TEXT"}]}
COMMAND: POST /session/bee63c40a1bdae7ce06b935db5f594fd/actions - {"actions":[{"id":"action8","type":"key","parameters":{},"actions":[{"type":"keyDown","value":""},{"type":"pause","duration":10},{"type":"keyUp","value":""}]}]}
RESULT: {"actions":[{"id":"action8","type":"key","parameters":{},"actions":[{"type":"keyDown","value":""},{"type":"pause","duration":10},{"type":"keyUp","value":""}]}]}
COMMAND: GET /session/bee63c40a1bdae7ce06b935db5f594fd/screenshot - {}
RESULT: {}
COMMAND: POST /session/bee63c40a1bdae7ce06b935db5f594fd/execute/async - {"script":"<script> [1562 bytes]","args":[{"selector":{"id":"application-manageconditionprice-display-component---conditions--smartFilterBar-filterItemControl_BASIC-BILL_TYPES-vhi"},"wdio_ui5_key":"applicationmanageconditionprice-display-component---conditions--smartFilterBar-filterItemControl_BASIC-BILL_TYPES-vhi"}]}
RESULT: {"script":"<script> [1562 bytes]","args":[{"selector":{"id":"application-manageconditionprice-display-component---conditions--smartFilterBar-filterItemControl_BASIC-BILL_TYPES-vhi"},"wdio_ui5_key":"applicationmanageconditionprice-display-component---conditions--smartFilterBar-filterItemControl_BASIC-BILL_TYPES-vhi"}]}
RESULT: undefined
COMMAND: POST /session/bee63c40a1bdae7ce06b935db5f594fd/element - {"using":"xpath","value":"//*[@id=\"application-manageconditionprice-display-component---conditions--smartFilterBar-filterItemControl_BASIC-BILL_TYPES-vhi\"]"}
RESULT: {"using":"xpath","value":"//*[@id=\"application-manageconditionprice-display-component---conditions--smartFilterBar-filterItemControl_BASIC-BILL_TYPES-vhi\"]"}
COMMAND: POST /session/bee63c40a1bdae7ce06b935db5f594fd/element/f.DD81908FE99A923B634158F1747C8007.d.BD318795D046B403CCAFA56C30418E84.e.2067/click - {}
RESULT: {}
COMMAND: POST /session/bee63c40a1bdae7ce06b935db5f594fd/execute/async - {"script":"<script> [1562 bytes]","args":[{"selector":{"id":"application-manageconditionprice-display-component---conditions--smartFilterBar-filterItemControl_BASIC-BILL_TYPES-valueHelpDialog-smartFilterBar-btnBasicSearch","searchOpenDialogs":true,"interaction":{"idSuffix":"I"}},"wdio_ui5_key":"applicationmanageconditionprice-display-component---conditions--smartFilterBar-filterItemControl_BASIC-BILL_TYPES-valueHelpDialog-smartFilterBar-btnBasicSearch"}]}
COMMAND: GET /session/bee63c40a1bdae7ce06b935db5f594fd/screenshot - {}
RESULT: {"script":"<script> [1562 bytes]","args":[{"selector":{"id":"application-manageconditionprice-display-component---conditions--smartFilterBar-filterItemControl_BASIC-BILL_TYPES-valueHelpDialog-smartFilterBar-btnBasicSearch","searchOpenDialogs":true,"interaction":{"idSuffix":"I"}},"wdio_ui5_key":"applicationmanageconditionprice-display-component---conditions--smartFilterBar-filterItemControl_BASIC-BILL_TYPES-valueHelpDialog-smartFilterBar-btnBasicSearch"}]}
RESULT: undefined
COMMAND: POST /session/bee63c40a1bdae7ce06b935db5f594fd/execute/async - {"script":"<script> [776 bytes]","args":[{"enterText":"one","selector":{"id":"application-manageconditionprice-display-component---conditions--smartFilterBar-filterItemControl_BASIC-BILL_TYPES-valueHelpDialog-smartFilterBar-btnBasicSearch","searchOpenDialogs":true,"interaction":{"idSuffix":"I"}},"clearTextFirst":true,"interactionType":"ENTER_TEXT"}]}
RESULT: {}
RESULT: {"script":"<script> [776 bytes]","args":[{"enterText":"one","selector":{"id":"application-manageconditionprice-display-component---conditions--smartFilterBar-filterItemControl_BASIC-BILL_TYPES-valueHelpDialog-smartFilterBar-btnBasicSearch","searchOpenDialogs":true,"interaction":{"idSuffix":"I"}},"clearTextFirst":true,"interactionType":"ENTER_TEXT"}]}
COMMAND: POST /session/bee63c40a1bdae7ce06b935db5f594fd/actions - {"actions":[{"id":"action9","type":"key","parameters":{},"actions":[{"type":"keyDown","value":""},{"type":"pause","duration":10},{"type":"keyUp","value":""}]}]}
RESULT: {"actions":[{"id":"action9","type":"key","parameters":{},"actions":[{"type":"keyDown","value":""},{"type":"pause","duration":10},{"type":"keyUp","value":""}]}]}
COMMAND: GET /session/bee63c40a1bdae7ce06b935db5f594fd/screenshot - {}
RESULT: {}
COMMAND: POST /session/bee63c40a1bdae7ce06b935db5f594fd/element - {"using":"xpath","value":"//div[contains(@id, 'application-manageconditionprice-display-component---conditions--smartFilterBar-filterItemControl_BASIC-BILL_TYPES-valueHelpDialog-table-rowsel0')]"}
RESULT: {"using":"xpath","value":"//div[contains(@id, 'application-manageconditionprice-display-component---conditions--smartFilterBar-filterItemControl_BASIC-BILL_TYPES-valueHelpDialog-table-rowsel0')]"}
COMMAND: POST /session/bee63c40a1bdae7ce06b935db5f594fd/element/f.DD81908FE99A923B634158F1747C8007.d.BD318795D046B403CCAFA56C30418E84.e.2077/click - {}
RESULT: {}
COMMAND: GET /session/bee63c40a1bdae7ce06b935db5f594fd/screenshot - {}
RESULT: {}
COMMAND: POST /session/bee63c40a1bdae7ce06b935db5f594fd/element - {"using":"xpath","value":"//bdi[contains(text(), \"OK\")]"}
RESULT: {"using":"xpath","value":"//bdi[contains(text(), \"OK\")]"}
COMMAND: POST /session/bee63c40a1bdae7ce06b935db5f594fd/element/f.DD81908FE99A923B634158F1747C8007.d.BD318795D046B403CCAFA56C30418E84.e.2079/click - {}
RESULT: {}
COMMAND: GET /session/bee63c40a1bdae7ce06b935db5f594fd/screenshot - {}
RESULT: {}
COMMAND: POST /session/bee63c40a1bdae7ce06b935db5f594fd/element - {"using":"xpath","value":"//span[@id=\"application-manageconditionprice-display-component---conditions--smartTable-header-inner\"]"}
RESULT: {"using":"xpath","value":"//span[@id=\"application-manageconditionprice-display-component---conditions--smartTable-header-inner\"]"}
COMMAND: POST /session/bee63c40a1bdae7ce06b935db5f594fd/elements - {"using":"xpath","value":"//span[@id=\"application-manageconditionprice-display-component---conditions--smartTable-header-inner\"]"}
RESULT: {"using":"xpath","value":"//span[@id=\"application-manageconditionprice-display-component---conditions--smartTable-header-inner\"]"}
COMMAND: POST /session/bee63c40a1bdae7ce06b935db5f594fd/execute/sync - {"script":"<script> [56 bytes]","args":[{"element-6066-11e4-a52e-4f735466cecf":"f.DD81908FE99A923B634158F1747C8007.d.BD318795D046B403CCAFA56C30418E84.e.2082","ELEMENT":"f.DD81908FE99A923B634158F1747C8007.d.BD318795D046B403CCAFA56C30418E84.e.2082"}]}
RESULT: {"script":"<script> [56 bytes]","args":[{"element-6066-11e4-a52e-4f735466cecf":"f.DD81908FE99A923B634158F1747C8007.d.BD318795D046B403CCAFA56C30418E84.e.2082","ELEMENT":"f.DD81908FE99A923B634158F1747C8007.d.BD318795D046B403CCAFA56C30418E84.e.2082"}]}
COMMAND: POST /session/bee63c40a1bdae7ce06b935db5f594fd/element - {"using":"css selector","value":"#shell-header-logo"}
COMMAND: GET /session/bee63c40a1bdae7ce06b935db5f594fd/screenshot - {}
RESULT: {"using":"css selector","value":"#shell-header-logo"}
COMMAND: POST /session/bee63c40a1bdae7ce06b935db5f594fd/element/f.DD81908FE99A923B634158F1747C8007.d.BD318795D046B403CCAFA56C30418E84.e.1701/click - {}
RESULT: {}
RESULT: {}
COMMAND: GET /session/bee63c40a1bdae7ce06b935db5f594fd/screenshot - {}
RESULT: {}
COMMAND: POST /session/bee63c40a1bdae7ce06b935db5f594fd/element - {"using":"css selector","value":"#j_username"}
COMMAND: POST /session/bee63c40a1bdae7ce06b935db5f594fd/url - {"url":"https://qa-testing-00-live-etm-ui.cfapps.eu10-004.hana.ondemand.com/"}
RESULT: {"using":"css selector","value":"#j_username"}
COMMAND: POST /session/bee63c40a1bdae7ce06b935db5f594fd/element - {"using":"css selector","value":"#j_username"}
RESULT: {"url":"https://qa-testing-00-live-etm-ui.cfapps.eu10-004.hana.ondemand.com/"}
RESULT: undefined
COMMAND: GET /session/bee63c40a1bdae7ce06b935db5f594fd/screenshot - {}
RESULT: {"using":"css selector","value":"#j_username"}
COMMAND: POST /session/bee63c40a1bdae7ce06b935db5f594fd/element - {"using":"css selector","value":"#shell-header-logo"}
RESULT: {}
RESULT: {"using":"css selector","value":"#shell-header-logo"}
COMMAND: POST /session/bee63c40a1bdae7ce06b935db5f594fd/execute/sync - {"script":"<script> [8489 bytes]","args":[{"element-6066-11e4-a52e-4f735466cecf":"f.DD81908FE99A923B634158F1747C8007.d.DB758FB1A41862A7523FEDD107541B8A.e.2101","ELEMENT":"f.DD81908FE99A923B634158F1747C8007.d.DB758FB1A41862A7523FEDD107541B8A.e.2101"}]}
RESULT: {"script":"<script> [8489 bytes]","args":[{"element-6066-11e4-a52e-4f735466cecf":"f.DD81908FE99A923B634158F1747C8007.d.DB758FB1A41862A7523FEDD107541B8A.e.2101","ELEMENT":"f.DD81908FE99A923B634158F1747C8007.d.DB758FB1A41862A7523FEDD107541B8A.e.2101"}]}
COMMAND: POST /session/bee63c40a1bdae7ce06b935db5f594fd/element - {"using":"css selector","value":"#shell-header-logo"}
COMMAND: GET /session/bee63c40a1bdae7ce06b935db5f594fd/screenshot - {}
RESULT: {"using":"css selector","value":"#shell-header-logo"}
COMMAND: POST /session/bee63c40a1bdae7ce06b935db5f594fd/execute/sync - {"script":"<script> [8489 bytes]","args":[{"element-6066-11e4-a52e-4f735466cecf":"f.DD81908FE99A923B634158F1747C8007.d.DB758FB1A41862A7523FEDD107541B8A.e.2101","ELEMENT":"f.DD81908FE99A923B634158F1747C8007.d.DB758FB1A41862A7523FEDD107541B8A.e.2101"}]}
RESULT: {}
RESULT: {"script":"<script> [8489 bytes]","args":[{"element-6066-11e4-a52e-4f735466cecf":"f.DD81908FE99A923B634158F1747C8007.d.DB758FB1A41862A7523FEDD107541B8A.e.2101","ELEMENT":"f.DD81908FE99A923B634158F1747C8007.d.DB758FB1A41862A7523FEDD107541B8A.e.2101"}]}
COMMAND: POST /session/bee63c40a1bdae7ce06b935db5f594fd/execute/sync - {"script":"<script> [5351 bytes]","args":[{"element-6066-11e4-a52e-4f735466cecf":"f.DD81908FE99A923B634158F1747C8007.d.DB758FB1A41862A7523FEDD107541B8A.e.2101","ELEMENT":"f.DD81908FE99A923B634158F1747C8007.d.DB758FB1A41862A7523FEDD107541B8A.e.2101"}]}
COMMAND: GET /session/bee63c40a1bdae7ce06b935db5f594fd/screenshot - {}
RESULT: {"script":"<script> [5351 bytes]","args":[{"element-6066-11e4-a52e-4f735466cecf":"f.DD81908FE99A923B634158F1747C8007.d.DB758FB1A41862A7523FEDD107541B8A.e.2101","ELEMENT":"f.DD81908FE99A923B634158F1747C8007.d.DB758FB1A41862A7523FEDD107541B8A.e.2101"}]}
COMMAND: POST /session/bee63c40a1bdae7ce06b935db5f594fd/element - {"using":"css selector","value":"#shell-header-logo"}
COMMAND: GET /session/bee63c40a1bdae7ce06b935db5f594fd/screenshot - {}
RESULT: {}
RESULT: {"using":"css selector","value":"#shell-header-logo"}
COMMAND: POST /session/bee63c40a1bdae7ce06b935db5f594fd/element/f.DD81908FE99A923B634158F1747C8007.d.DB758FB1A41862A7523FEDD107541B8A.e.2101/click - {}
RESULT: {}
RESULT: {}
COMMAND: GET /session/bee63c40a1bdae7ce06b935db5f594fd/screenshot - {}
RESULT: {}
COMMAND: POST /session/bee63c40a1bdae7ce06b935db5f594fd/execute/async - {"script":"<script> [189 bytes]","args":[]}
RESULT: {"script":"<script> [189 bytes]","args":[]}
COMMAND: POST /session/bee63c40a1bdae7ce06b935db5f594fd/execute/async - {"script":"<script> [123 bytes]","args":[]}
RESULT: {"script":"<script> [123 bytes]","args":[]}
COMMAND: POST /session/bee63c40a1bdae7ce06b935db5f594fd/timeouts - {"script":"<number>"}
RESULT: {"script":"<number>"}
COMMAND: GET /session/bee63c40a1bdae7ce06b935db5f594fd/timeouts - {}
RESULT: {}
RESULT: undefined
COMMAND: POST /session/bee63c40a1bdae7ce06b935db5f594fd/execute/async - {"script":"<script> [2676 bytes]","args":[]}
RESULT: {"script":"<script> [2676 bytes]","args":[]}
COMMAND: POST /session/bee63c40a1bdae7ce06b935db5f594fd/execute/async - {"script":"<script> [2342 bytes]","args":[{"protocol":"http","hostname":"0.0.0.0","path":"/","capabilities":{"browserName":"chrome","goog:chromeOptions":{"binary":"C:\\Program Files\\Google\\Chrome\\Application\\chrome.exe","args":["--start-maximized"]}},"logLevel":"warn","connectionRetryTimeout":120000,"connectionRetryCount":3,"logLevels":{},"enableDirectConnect":true,"strictSSL":true,"_":"65 more keys: [\"cacheDir\",\"port\",\"requestedCapabilities\",\"automationProtocol\",\"baseUrl\",\"waitforInterval\",\"waitforTimeout\",\"onReload\",\"beforeCommand\",\"afterCommand\",\"rootDir\",\"specs\",\"suites\",\"exclude\",\"groupLogsByTestSpec\",\"excludeDriverLogs\",\"bail\",\"framework\",\"reporters\",\"services\",\"maxInstances\",\"maxInstancesPerCapability\",\"injectGlobals\",\"filesToWatch\",\"execArgv\",\"runnerEnv\",\"runner\",\"shard\",\"specFileRetries\",\"specFileRetriesDelay\",\"specFileRetriesDeferred\",\"reporterSyncInterval\",\"reporterSyncTimeout\",\"cucumberFeaturesWithLineNumbers\",\"autoCompileOpts\",\"mochaOpts\",\"jasmineOpts\",\"cucumberOpts\",\"onPrepare\",\"onWorkerStart\",\"onWorkerEnd\",\"before\",\"beforeSession\",\"beforeSuite\",\"beforeHook\",\"beforeTest\",\"afterTest\",\"afterHook\",\"afterSuite\",\"afterSession\",\"after\",\"onComplete\",\"beforeAssertion\",\"afterAssertion\",\"beforeFeature\",\"beforeScenario\",\"beforeStep\",\"afterStep\",\"afterScenario\",\"afterFeature\",\"_\",\"suite\",\"$0\",\"ignoredWorkerServices\",\"wdi5\"]"}]}
RESULT: {"script":"<script> [2342 bytes]","args":[{"protocol":"http","hostname":"0.0.0.0","path":"/","capabilities":{"browserName":"chrome","goog:chromeOptions":{"binary":"C:\\Program Files\\Google\\Chrome\\Application\\chrome.exe","args":["--start-maximized"]}},"logLevel":"warn","connectionRetryTimeout":120000,"connectionRetryCount":3,"logLevels":{},"enableDirectConnect":true,"strictSSL":true,"_":"65 more keys: [\"cacheDir\",\"port\",\"requestedCapabilities\",\"automationProtocol\",\"baseUrl\",\"waitforInterval\",\"waitforTimeout\",\"onReload\",\"beforeCommand\",\"afterCommand\",\"rootDir\",\"specs\",\"suites\",\"exclude\",\"groupLogsByTestSpec\",\"excludeDriverLogs\",\"bail\",\"framework\",\"reporters\",\"services\",\"maxInstances\",\"maxInstancesPerCapability\",\"injectGlobals\",\"filesToWatch\",\"execArgv\",\"runnerEnv\",\"runner\",\"shard\",\"specFileRetries\",\"specFileRetriesDelay\",\"specFileRetriesDeferred\",\"reporterSyncInterval\",\"reporterSyncTimeout\",\"cucumberFeaturesWithLineNumbers\",\"autoCompileOpts\",\"mochaOpts\",\"jasmineOpts\",\"cucumberOpts\",\"onPrepare\",\"onWorkerStart\",\"onWorkerEnd\",\"before\",\"beforeSession\",\"beforeSuite\",\"beforeHook\",\"beforeTest\",\"afterTest\",\"afterHook\",\"afterSuite\",\"afterSession\",\"after\",\"onComplete\",\"beforeAssertion\",\"afterAssertion\",\"beforeFeature\",\"beforeScenario\",\"beforeStep\",\"afterStep\",\"afterScenario\",\"afterFeature\",\"_\",\"suite\",\"$0\",\"ignoredWorkerServices\",\"wdi5\"]"}]}
COMMAND: POST /session/bee63c40a1bdae7ce06b935db5f594fd/execute/async - {"script":"<script> [21126 bytes]","args":[35000]}
RESULT: {"script":"<script> [21126 bytes]","args":[35000]}
COMMAND: POST /session/bee63c40a1bdae7ce06b935db5f594fd/window/maximize - {}
RESULT: {}
COMMAND: POST /session/bee63c40a1bdae7ce06b935db5f594fd/execute/async - {"script":"<script> [1562 bytes]","args":[{"selector":{"id":"shell-header","interaction":{"idSuffix":"icon"}},"wdio_ui5_key":"shellheader"}]}
COMMAND: GET /session/bee63c40a1bdae7ce06b935db5f594fd/screenshot - {}
RESULT: undefined
RESULT: {"script":"<script> [1562 bytes]","args":[{"selector":{"id":"shell-header","interaction":{"idSuffix":"icon"}},"wdio_ui5_key":"shellheader"}]}
RESULT: undefined
COMMAND: POST /session/bee63c40a1bdae7ce06b935db5f594fd/refresh - {}
RESULT: {}
RESULT: undefined
RESULT: {}
COMMAND: GET /session/bee63c40a1bdae7ce06b935db5f594fd/screenshot - {}
RESULT: {}
COMMAND: POST /session/bee63c40a1bdae7ce06b935db5f594fd/refresh - {}
RESULT: {}
COMMAND: GET /session/bee63c40a1bdae7ce06b935db5f594fd/screenshot - {}
RESULT: {}
COMMAND: POST /session/bee63c40a1bdae7ce06b935db5f594fd/window/fullscreen - {}
RESULT: {}
COMMAND: POST /session/bee63c40a1bdae7ce06b935db5f594fd/execute/async - {"script":"<script> [189 bytes]","args":[]}
RESULT: {"script":"<script> [189 bytes]","args":[]}
COMMAND: POST /session/bee63c40a1bdae7ce06b935db5f594fd/execute/async - {"script":"<script> [123 bytes]","args":[]}
RESULT: {"script":"<script> [123 bytes]","args":[]}
COMMAND: POST /session/bee63c40a1bdae7ce06b935db5f594fd/timeouts - {"script":"<number>"}
RESULT: {"script":"<number>"}
COMMAND: GET /session/bee63c40a1bdae7ce06b935db5f594fd/timeouts - {}
RESULT: {}
RESULT: undefined
COMMAND: POST /session/bee63c40a1bdae7ce06b935db5f594fd/execute/async - {"script":"<script> [2676 bytes]","args":[]}
RESULT: {"script":"<script> [2676 bytes]","args":[]}
COMMAND: POST /session/bee63c40a1bdae7ce06b935db5f594fd/execute/async - {"script":"<script> [2342 bytes]","args":[{"protocol":"http","hostname":"0.0.0.0","path":"/","capabilities":{"browserName":"chrome","goog:chromeOptions":{"binary":"C:\\Program Files\\Google\\Chrome\\Application\\chrome.exe","args":["--start-maximized"]}},"logLevel":"warn","connectionRetryTimeout":120000,"connectionRetryCount":3,"logLevels":{},"enableDirectConnect":true,"strictSSL":true,"_":"65 more keys: [\"cacheDir\",\"port\",\"requestedCapabilities\",\"automationProtocol\",\"baseUrl\",\"waitforInterval\",\"waitforTimeout\",\"onReload\",\"beforeCommand\",\"afterCommand\",\"rootDir\",\"specs\",\"suites\",\"exclude\",\"groupLogsByTestSpec\",\"excludeDriverLogs\",\"bail\",\"framework\",\"reporters\",\"services\",\"maxInstances\",\"maxInstancesPerCapability\",\"injectGlobals\",\"filesToWatch\",\"execArgv\",\"runnerEnv\",\"runner\",\"shard\",\"specFileRetries\",\"specFileRetriesDelay\",\"specFileRetriesDeferred\",\"reporterSyncInterval\",\"reporterSyncTimeout\",\"cucumberFeaturesWithLineNumbers\",\"autoCompileOpts\",\"mochaOpts\",\"jasmineOpts\",\"cucumberOpts\",\"onPrepare\",\"onWorkerStart\",\"onWorkerEnd\",\"before\",\"beforeSession\",\"beforeSuite\",\"beforeHook\",\"beforeTest\",\"afterTest\",\"afterHook\",\"afterSuite\",\"afterSession\",\"after\",\"onComplete\",\"beforeAssertion\",\"afterAssertion\",\"beforeFeature\",\"beforeScenario\",\"beforeStep\",\"afterStep\",\"afterScenario\",\"afterFeature\",\"_\",\"suite\",\"$0\",\"ignoredWorkerServices\",\"wdi5\"]"}]}
RESULT: {"script":"<script> [2342 bytes]","args":[{"protocol":"http","hostname":"0.0.0.0","path":"/","capabilities":{"browserName":"chrome","goog:chromeOptions":{"binary":"C:\\Program Files\\Google\\Chrome\\Application\\chrome.exe","args":["--start-maximized"]}},"logLevel":"warn","connectionRetryTimeout":120000,"connectionRetryCount":3,"logLevels":{},"enableDirectConnect":true,"strictSSL":true,"_":"65 more keys: [\"cacheDir\",\"port\",\"requestedCapabilities\",\"automationProtocol\",\"baseUrl\",\"waitforInterval\",\"waitforTimeout\",\"onReload\",\"beforeCommand\",\"afterCommand\",\"rootDir\",\"specs\",\"suites\",\"exclude\",\"groupLogsByTestSpec\",\"excludeDriverLogs\",\"bail\",\"framework\",\"reporters\",\"services\",\"maxInstances\",\"maxInstancesPerCapability\",\"injectGlobals\",\"filesToWatch\",\"execArgv\",\"runnerEnv\",\"runner\",\"shard\",\"specFileRetries\",\"specFileRetriesDelay\",\"specFileRetriesDeferred\",\"reporterSyncInterval\",\"reporterSyncTimeout\",\"cucumberFeaturesWithLineNumbers\",\"autoCompileOpts\",\"mochaOpts\",\"jasmineOpts\",\"cucumberOpts\",\"onPrepare\",\"onWorkerStart\",\"onWorkerEnd\",\"before\",\"beforeSession\",\"beforeSuite\",\"beforeHook\",\"beforeTest\",\"afterTest\",\"afterHook\",\"afterSuite\",\"afterSession\",\"after\",\"onComplete\",\"beforeAssertion\",\"afterAssertion\",\"beforeFeature\",\"beforeScenario\",\"beforeStep\",\"afterStep\",\"afterScenario\",\"afterFeature\",\"_\",\"suite\",\"$0\",\"ignoredWorkerServices\",\"wdi5\"]"}]}
COMMAND: POST /session/bee63c40a1bdae7ce06b935db5f594fd/execute/async - {"script":"<script> [21126 bytes]","args":[35000]}
RESULT: {"script":"<script> [21126 bytes]","args":[35000]}
]]></system-out>
    </testcase>
  </testsuite>
  <testsuite timestamp="2025-06-13T17:07:53" time="142.107" tests="3" failures="0" errors="0" skipped="0">
    <properties>
      <property name="specId" value="0"/>
      <property name="suiteName" value="Set up pricing rule(OT) 104624"/>
      <property name="capabilities" value="chrome.137_0_7151_69.windows"/>
      <property name="file" value="file:///D:/a/1/s/test/specs/BTS/create-pricing-rule.spec.js"/>
    </properties>
    <testcase classname="chrome.137_0_7151_69.windows.Set_up_pricing_rule(OT)_104624" name="Should create a new yard used for all following tests" time="0.045">
      <system-out><![CDATA[
COMMAND: POST /session/bee63c40a1bdae7ce06b935db5f594fd/window/fullscreen - {}
RESULT: {}
]]></system-out>
    </testcase>
    <testcase classname="chrome.137_0_7151_69.windows.Set_up_pricing_rule(OT)_104624" name="Should create a new equipment used for all following tests" time="0.002"/>
    <testcase classname="chrome.137_0_7151_69.windows.Set_up_pricing_rule(OT)_104624" name="Should create new pricing rule on the created resource from earlier module or above" time="81.791">
      <system-out><![CDATA[
COMMAND: POST /session/bee63c40a1bdae7ce06b935db5f594fd/execute/async - {"script":"<script> [1562 bytes]","args":[{"selector":{"controlType":"sap.m.GenericTile","properties":{"header":"Manage Pricing Rules"}},"wdio_ui5_key":"sapm.GenericTile{\"header\":\"Manage Pricing Rules\"}"}]}
RESULT: {"script":"<script> [1562 bytes]","args":[{"selector":{"controlType":"sap.m.GenericTile","properties":{"header":"Manage Pricing Rules"}},"wdio_ui5_key":"sapm.GenericTile{\"header\":\"Manage Pricing Rules\"}"}]}
RESULT: undefined
COMMAND: POST /session/bee63c40a1bdae7ce06b935db5f594fd/element - {"using":"xpath","value":"//*[@id=\"__tile57\"]"}
RESULT: {"using":"xpath","value":"//*[@id=\"__tile57\"]"}
COMMAND: POST /session/bee63c40a1bdae7ce06b935db5f594fd/element/f.DD81908FE99A923B634158F1747C8007.d.5F7AB80943D23D253C413AAC3C374E49.e.2365/click - {}
RESULT: {}
COMMAND: GET /session/bee63c40a1bdae7ce06b935db5f594fd/screenshot - {}
RESULT: {}
COMMAND: POST /session/bee63c40a1bdae7ce06b935db5f594fd/elements - {"using":"xpath","value":"//span[text()='Error']"}
RESULT: {"using":"xpath","value":"//span[text()='Error']"}
COMMAND: POST /session/bee63c40a1bdae7ce06b935db5f594fd/execute/async - {"script":"<script> [1562 bytes]","args":[{"selector":{"controlType":"sap.ui.core.Icon","viewName":"etm.portal.ui.managepricingrules.view.MasterHeader","viewId":"application-managepricingrules-display-component---priceInfoHeader","properties":{"src":{"regex":{"source":"activity\\-items"}}}},"wdio_ui5_key":"etmportal.ui.managepricingrules.view.MasterHeadersap.ui.core.Icon{\"src\":{\"regex\":{\"source\":\"activity\\\\-items\"}}}"}]}
RESULT: {"script":"<script> [1562 bytes]","args":[{"selector":{"controlType":"sap.ui.core.Icon","viewName":"etm.portal.ui.managepricingrules.view.MasterHeader","viewId":"application-managepricingrules-display-component---priceInfoHeader","properties":{"src":{"regex":{"source":"activity\\-items"}}}},"wdio_ui5_key":"etmportal.ui.managepricingrules.view.MasterHeadersap.ui.core.Icon{\"src\":{\"regex\":{\"source\":\"activity\\\\-items\"}}}"}]}
RESULT: undefined
COMMAND: POST /session/bee63c40a1bdae7ce06b935db5f594fd/element - {"using":"xpath","value":"//*[@id=\"__filter1-icon\"]"}
RESULT: {"using":"xpath","value":"//*[@id=\"__filter1-icon\"]"}
COMMAND: POST /session/bee63c40a1bdae7ce06b935db5f594fd/element/f.DD81908FE99A923B634158F1747C8007.d.5F7AB80943D23D253C413AAC3C374E49.e.2423/click - {}
RESULT: {}
COMMAND: GET /session/bee63c40a1bdae7ce06b935db5f594fd/screenshot - {}
RESULT: {}
COMMAND: POST /session/bee63c40a1bdae7ce06b935db5f594fd/element - {"using":"xpath","value":"//button[@data-kt=\"addButton\"]"}
RESULT: {"using":"xpath","value":"//button[@data-kt=\"addButton\"]"}
COMMAND: POST /session/bee63c40a1bdae7ce06b935db5f594fd/elements - {"using":"xpath","value":"//button[@data-kt=\"addButton\"]"}
RESULT: {"using":"xpath","value":"//button[@data-kt=\"addButton\"]"}
COMMAND: POST /session/bee63c40a1bdae7ce06b935db5f594fd/execute/sync - {"script":"<script> [8489 bytes]","args":[{"element-6066-11e4-a52e-4f735466cecf":"f.DD81908FE99A923B634158F1747C8007.d.5F7AB80943D23D253C413AAC3C374E49.e.2474","ELEMENT":"f.DD81908FE99A923B634158F1747C8007.d.5F7AB80943D23D253C413AAC3C374E49.e.2474"}]}
RESULT: {"script":"<script> [8489 bytes]","args":[{"element-6066-11e4-a52e-4f735466cecf":"f.DD81908FE99A923B634158F1747C8007.d.5F7AB80943D23D253C413AAC3C374E49.e.2474","ELEMENT":"f.DD81908FE99A923B634158F1747C8007.d.5F7AB80943D23D253C413AAC3C374E49.e.2474"}]}
COMMAND: GET /session/bee63c40a1bdae7ce06b935db5f594fd/element/f.DD81908FE99A923B634158F1747C8007.d.5F7AB80943D23D253C413AAC3C374E49.e.2474/enabled - {}
COMMAND: GET /session/bee63c40a1bdae7ce06b935db5f594fd/screenshot - {}
RESULT: {}
COMMAND: POST /session/bee63c40a1bdae7ce06b935db5f594fd/execute/sync - {"script":"<script> [8489 bytes]","args":[{"element-6066-11e4-a52e-4f735466cecf":"f.DD81908FE99A923B634158F1747C8007.d.5F7AB80943D23D253C413AAC3C374E49.e.2474","ELEMENT":"f.DD81908FE99A923B634158F1747C8007.d.5F7AB80943D23D253C413AAC3C374E49.e.2474"}]}
RESULT: {}
RESULT: {"script":"<script> [8489 bytes]","args":[{"element-6066-11e4-a52e-4f735466cecf":"f.DD81908FE99A923B634158F1747C8007.d.5F7AB80943D23D253C413AAC3C374E49.e.2474","ELEMENT":"f.DD81908FE99A923B634158F1747C8007.d.5F7AB80943D23D253C413AAC3C374E49.e.2474"}]}
COMMAND: POST /session/bee63c40a1bdae7ce06b935db5f594fd/execute/sync - {"script":"<script> [5351 bytes]","args":[{"element-6066-11e4-a52e-4f735466cecf":"f.DD81908FE99A923B634158F1747C8007.d.5F7AB80943D23D253C413AAC3C374E49.e.2474","ELEMENT":"f.DD81908FE99A923B634158F1747C8007.d.5F7AB80943D23D253C413AAC3C374E49.e.2474"}]}
RESULT: {"script":"<script> [5351 bytes]","args":[{"element-6066-11e4-a52e-4f735466cecf":"f.DD81908FE99A923B634158F1747C8007.d.5F7AB80943D23D253C413AAC3C374E49.e.2474","ELEMENT":"f.DD81908FE99A923B634158F1747C8007.d.5F7AB80943D23D253C413AAC3C374E49.e.2474"}]}
COMMAND: POST /session/bee63c40a1bdae7ce06b935db5f594fd/element/f.DD81908FE99A923B634158F1747C8007.d.5F7AB80943D23D253C413AAC3C374E49.e.2474/click - {}
COMMAND: GET /session/bee63c40a1bdae7ce06b935db5f594fd/screenshot - {}
COMMAND: GET /session/bee63c40a1bdae7ce06b935db5f594fd/screenshot - {}
COMMAND: GET /session/bee63c40a1bdae7ce06b935db5f594fd/screenshot - {}
RESULT: {}
COMMAND: GET /session/bee63c40a1bdae7ce06b935db5f594fd/screenshot - {}
RESULT: {}
RESULT: {}
RESULT: {}
RESULT: {}
COMMAND: POST /session/bee63c40a1bdae7ce06b935db5f594fd/execute/async - {"script":"<script> [1562 bytes]","args":[{"selector":{"controlType":"sap.m.Title","viewName":"etm.portal.ui.managepricingrules.view.NewItem","viewId":"application-managepricingrules-display-component---newInfoPriceItem","properties":{"text":"New Pricing Rules - Item Level"}},"wdio_ui5_key":"etmportal.ui.managepricingrules.view.NewItemsap.m.Title{\"text\":\"New Pricing Rules - Item Level\"}"}]}
RESULT: {"script":"<script> [1562 bytes]","args":[{"selector":{"controlType":"sap.m.Title","viewName":"etm.portal.ui.managepricingrules.view.NewItem","viewId":"application-managepricingrules-display-component---newInfoPriceItem","properties":{"text":"New Pricing Rules - Item Level"}},"wdio_ui5_key":"etmportal.ui.managepricingrules.view.NewItemsap.m.Title{\"text\":\"New Pricing Rules - Item Level\"}"}]}
RESULT: undefined
COMMAND: POST /session/bee63c40a1bdae7ce06b935db5f594fd/execute/async - {"script":"<script> [6424 bytes]","args":[{"element-6066-11e4-a52e-4f735466cecf":"f.DD81908FE99A923B634158F1747C8007.d.5F7AB80943D23D253C413AAC3C374E49.e.2802"},"getText",[]]}
RESULT: {"script":"<script> [6424 bytes]","args":[{"element-6066-11e4-a52e-4f735466cecf":"f.DD81908FE99A923B634158F1747C8007.d.5F7AB80943D23D253C413AAC3C374E49.e.2802"},"getText",[]]}
COMMAND: POST /session/bee63c40a1bdae7ce06b935db5f594fd/execute/async - {"script":"<script> [1562 bytes]","args":[{"selector":{"id":"application-managepricingrules-display-component---newInfoPriceItem--condValidTo","interaction":{"idSuffix":"inner"}},"wdio_ui5_key":"applicationmanagepricingrules-display-component---newInfoPriceItem--condValidTo"}]}
RESULT: {"script":"<script> [1562 bytes]","args":[{"selector":{"id":"application-managepricingrules-display-component---newInfoPriceItem--condValidTo","interaction":{"idSuffix":"inner"}},"wdio_ui5_key":"applicationmanagepricingrules-display-component---newInfoPriceItem--condValidTo"}]}
RESULT: undefined
COMMAND: POST /session/bee63c40a1bdae7ce06b935db5f594fd/execute/async - {"script":"<script> [776 bytes]","args":[{"enterText":"2/13/26","selector":{"id":"application-managepricingrules-display-component---newInfoPriceItem--condValidTo","interaction":{"idSuffix":"inner"}},"clearTextFirst":true,"interactionType":"ENTER_TEXT"}]}
RESULT: {"script":"<script> [776 bytes]","args":[{"enterText":"2/13/26","selector":{"id":"application-managepricingrules-display-component---newInfoPriceItem--condValidTo","interaction":{"idSuffix":"inner"}},"clearTextFirst":true,"interactionType":"ENTER_TEXT"}]}
COMMAND: POST /session/bee63c40a1bdae7ce06b935db5f594fd/element - {"using":"xpath","value":"//input[@id=\"application-managepricingrules-display-component---newInfoPriceItem--condRU-inner\"]"}
RESULT: {"using":"xpath","value":"//input[@id=\"application-managepricingrules-display-component---newInfoPriceItem--condRU-inner\"]"}
COMMAND: POST /session/bee63c40a1bdae7ce06b935db5f594fd/element/f.DD81908FE99A923B634158F1747C8007.d.5F7AB80943D23D253C413AAC3C374E49.e.2765/clear - {}
RESULT: {}
COMMAND: POST /session/bee63c40a1bdae7ce06b935db5f594fd/element/f.DD81908FE99A923B634158F1747C8007.d.5F7AB80943D23D253C413AAC3C374E49.e.2765/value - {"text":"KUt9ukuKQL"}
COMMAND: GET /session/bee63c40a1bdae7ce06b935db5f594fd/screenshot - {}
RESULT: {"text":"KUt9ukuKQL"}
COMMAND: GET /session/bee63c40a1bdae7ce06b935db5f594fd/screenshot - {}
RESULT: {}
RESULT: {}
COMMAND: POST /session/bee63c40a1bdae7ce06b935db5f594fd/execute/async - {"script":"<script> [1562 bytes]","args":[{"selector":{"id":"application-managepricingrules-display-component---newInfoPriceItem--billType-arrow"},"wdio_ui5_key":"applicationmanagepricingrules-display-component---newInfoPriceItem--billType-arrow"}]}
RESULT: {"script":"<script> [1562 bytes]","args":[{"selector":{"id":"application-managepricingrules-display-component---newInfoPriceItem--billType-arrow"},"wdio_ui5_key":"applicationmanagepricingrules-display-component---newInfoPriceItem--billType-arrow"}]}
RESULT: undefined
COMMAND: POST /session/bee63c40a1bdae7ce06b935db5f594fd/element - {"using":"xpath","value":"//*[@id=\"application-managepricingrules-display-component---newInfoPriceItem--billType-arrow\"]"}
RESULT: {"using":"xpath","value":"//*[@id=\"application-managepricingrules-display-component---newInfoPriceItem--billType-arrow\"]"}
COMMAND: POST /session/bee63c40a1bdae7ce06b935db5f594fd/element/f.DD81908FE99A923B634158F1747C8007.d.5F7AB80943D23D253C413AAC3C374E49.e.2876/click - {}
RESULT: {}
COMMAND: POST /session/bee63c40a1bdae7ce06b935db5f594fd/element - {"using":"xpath","value":"//span[contains(text(), \"OT - Sales (one-time)\")]"}
COMMAND: GET /session/bee63c40a1bdae7ce06b935db5f594fd/screenshot - {}
RESULT: {"using":"xpath","value":"//span[contains(text(), \"OT - Sales (one-time)\")]"}
COMMAND: POST /session/bee63c40a1bdae7ce06b935db5f594fd/element/f.DD81908FE99A923B634158F1747C8007.d.5F7AB80943D23D253C413AAC3C374E49.e.2916/click - {}
RESULT: {}
RESULT: {}
COMMAND: POST /session/bee63c40a1bdae7ce06b935db5f594fd/execute/async - {"script":"<script> [1562 bytes]","args":[{"selector":{"id":"application-managepricingrules-display-component---newInfoPriceItem--priceProc-arrow"},"wdio_ui5_key":"applicationmanagepricingrules-display-component---newInfoPriceItem--priceProc-arrow"}]}
COMMAND: GET /session/bee63c40a1bdae7ce06b935db5f594fd/screenshot - {}
RESULT: {"script":"<script> [1562 bytes]","args":[{"selector":{"id":"application-managepricingrules-display-component---newInfoPriceItem--priceProc-arrow"},"wdio_ui5_key":"applicationmanagepricingrules-display-component---newInfoPriceItem--priceProc-arrow"}]}
RESULT: undefined
COMMAND: POST /session/bee63c40a1bdae7ce06b935db5f594fd/element - {"using":"xpath","value":"//*[@id=\"application-managepricingrules-display-component---newInfoPriceItem--priceProc-arrow\"]"}
RESULT: {}
RESULT: {"using":"xpath","value":"//*[@id=\"application-managepricingrules-display-component---newInfoPriceItem--priceProc-arrow\"]"}
COMMAND: POST /session/bee63c40a1bdae7ce06b935db5f594fd/element/f.DD81908FE99A923B634158F1747C8007.d.5F7AB80943D23D253C413AAC3C374E49.e.2883/click - {}
RESULT: {}
COMMAND: POST /session/bee63c40a1bdae7ce06b935db5f594fd/element - {"using":"xpath","value":"//span[contains(text(), \"MAT - Material\")]"}
COMMAND: GET /session/bee63c40a1bdae7ce06b935db5f594fd/screenshot - {}
RESULT: {"using":"xpath","value":"//span[contains(text(), \"MAT - Material\")]"}
COMMAND: POST /session/bee63c40a1bdae7ce06b935db5f594fd/element/f.DD81908FE99A923B634158F1747C8007.d.5F7AB80943D23D253C413AAC3C374E49.e.2917/click - {}
RESULT: {}
RESULT: {}
COMMAND: POST /session/bee63c40a1bdae7ce06b935db5f594fd/execute/async - {"script":"<script> [1562 bytes]","args":[{"selector":{"id":"application-managepricingrules-display-component---newInfoPriceItem--calcBase-arrow"},"wdio_ui5_key":"applicationmanagepricingrules-display-component---newInfoPriceItem--calcBase-arrow"}]}
COMMAND: GET /session/bee63c40a1bdae7ce06b935db5f594fd/screenshot - {}
RESULT: {"script":"<script> [1562 bytes]","args":[{"selector":{"id":"application-managepricingrules-display-component---newInfoPriceItem--calcBase-arrow"},"wdio_ui5_key":"applicationmanagepricingrules-display-component---newInfoPriceItem--calcBase-arrow"}]}
RESULT: undefined
COMMAND: POST /session/bee63c40a1bdae7ce06b935db5f594fd/element - {"using":"xpath","value":"//*[@id=\"application-managepricingrules-display-component---newInfoPriceItem--calcBase-arrow\"]"}
RESULT: {}
RESULT: {"using":"xpath","value":"//*[@id=\"application-managepricingrules-display-component---newInfoPriceItem--calcBase-arrow\"]"}
COMMAND: POST /session/bee63c40a1bdae7ce06b935db5f594fd/element/f.DD81908FE99A923B634158F1747C8007.d.5F7AB80943D23D253C413AAC3C374E49.e.2890/click - {}
RESULT: {}
COMMAND: GET /session/bee63c40a1bdae7ce06b935db5f594fd/screenshot - {}
RESULT: {}
COMMAND: POST /session/bee63c40a1bdae7ce06b935db5f594fd/element - {"using":"xpath","value":"//span[contains(text(), \"0001 - TB(exact month + cal_days)\")]"}
RESULT: {"using":"xpath","value":"//span[contains(text(), \"0001 - TB(exact month + cal_days)\")]"}
COMMAND: POST /session/bee63c40a1bdae7ce06b935db5f594fd/element/f.DD81908FE99A923B634158F1747C8007.d.5F7AB80943D23D253C413AAC3C374E49.e.2918/click - {}
RESULT: {}
COMMAND: GET /session/bee63c40a1bdae7ce06b935db5f594fd/screenshot - {}
RESULT: {}
COMMAND: POST /session/bee63c40a1bdae7ce06b935db5f594fd/element - {"using":"xpath","value":"//button[@data-kt=\"saveNewRuleButton\"]"}
RESULT: {"using":"xpath","value":"//button[@data-kt=\"saveNewRuleButton\"]"}
COMMAND: POST /session/bee63c40a1bdae7ce06b935db5f594fd/element/f.DD81908FE99A923B634158F1747C8007.d.5F7AB80943D23D253C413AAC3C374E49.e.2910/click - {}
RESULT: {}
COMMAND: GET /session/bee63c40a1bdae7ce06b935db5f594fd/screenshot - {}
RESULT: {}
COMMAND: POST /session/bee63c40a1bdae7ce06b935db5f594fd/execute/async - {"script":"<script> [1562 bytes]","args":[{"selector":{"id":"application-managepricingrules-display-component---priceInfoItem--smartFilterBar-btnBasicSearch","interaction":{"idSuffix":"I"}},"wdio_ui5_key":"applicationmanagepricingrules-display-component---priceInfoItem--smartFilterBar-btnBasicSearch"}]}
RESULT: {"script":"<script> [1562 bytes]","args":[{"selector":{"id":"application-managepricingrules-display-component---priceInfoItem--smartFilterBar-btnBasicSearch","interaction":{"idSuffix":"I"}},"wdio_ui5_key":"applicationmanagepricingrules-display-component---priceInfoItem--smartFilterBar-btnBasicSearch"}]}
RESULT: undefined
COMMAND: POST /session/bee63c40a1bdae7ce06b935db5f594fd/execute/async - {"script":"<script> [776 bytes]","args":[{"enterText":"KUt9ukuKQL","selector":{"id":"application-managepricingrules-display-component---priceInfoItem--smartFilterBar-btnBasicSearch","interaction":{"idSuffix":"I"}},"clearTextFirst":true,"interactionType":"ENTER_TEXT"}]}
RESULT: {"script":"<script> [776 bytes]","args":[{"enterText":"KUt9ukuKQL","selector":{"id":"application-managepricingrules-display-component---priceInfoItem--smartFilterBar-btnBasicSearch","interaction":{"idSuffix":"I"}},"clearTextFirst":true,"interactionType":"ENTER_TEXT"}]}
COMMAND: POST /session/bee63c40a1bdae7ce06b935db5f594fd/actions - {"actions":[{"id":"action10","type":"key","parameters":{},"actions":[{"type":"keyDown","value":""},{"type":"pause","duration":10},{"type":"keyUp","value":""}]}]}
RESULT: {"actions":[{"id":"action10","type":"key","parameters":{},"actions":[{"type":"keyDown","value":""},{"type":"pause","duration":10},{"type":"keyUp","value":""}]}]}
COMMAND: GET /session/bee63c40a1bdae7ce06b935db5f594fd/screenshot - {}
RESULT: {}
COMMAND: POST /session/bee63c40a1bdae7ce06b935db5f594fd/element - {"using":"xpath","value":"//span[@id=\"application-managepricingrules-display-component---priceInfoItem--smartTable-header-inner\"]"}
RESULT: {"using":"xpath","value":"//span[@id=\"application-managepricingrules-display-component---priceInfoItem--smartTable-header-inner\"]"}
COMMAND: POST /session/bee63c40a1bdae7ce06b935db5f594fd/elements - {"using":"xpath","value":"//span[@id=\"application-managepricingrules-display-component---priceInfoItem--smartTable-header-inner\"]"}
RESULT: {"using":"xpath","value":"//span[@id=\"application-managepricingrules-display-component---priceInfoItem--smartTable-header-inner\"]"}
COMMAND: POST /session/bee63c40a1bdae7ce06b935db5f594fd/execute/sync - {"script":"<script> [56 bytes]","args":[{"element-6066-11e4-a52e-4f735466cecf":"f.DD81908FE99A923B634158F1747C8007.d.5F7AB80943D23D253C413AAC3C374E49.e.2948","ELEMENT":"f.DD81908FE99A923B634158F1747C8007.d.5F7AB80943D23D253C413AAC3C374E49.e.2948"}]}
RESULT: {"script":"<script> [56 bytes]","args":[{"element-6066-11e4-a52e-4f735466cecf":"f.DD81908FE99A923B634158F1747C8007.d.5F7AB80943D23D253C413AAC3C374E49.e.2948","ELEMENT":"f.DD81908FE99A923B634158F1747C8007.d.5F7AB80943D23D253C413AAC3C374E49.e.2948"}]}
COMMAND: POST /session/bee63c40a1bdae7ce06b935db5f594fd/element - {"using":"css selector","value":"#shell-header-logo"}
COMMAND: GET /session/bee63c40a1bdae7ce06b935db5f594fd/screenshot - {}
RESULT: {"using":"css selector","value":"#shell-header-logo"}
COMMAND: POST /session/bee63c40a1bdae7ce06b935db5f594fd/element/f.DD81908FE99A923B634158F1747C8007.d.5F7AB80943D23D253C413AAC3C374E49.e.2371/click - {}
RESULT: {}
RESULT: {}
COMMAND: GET /session/bee63c40a1bdae7ce06b935db5f594fd/screenshot - {}
RESULT: {}
COMMAND: POST /session/bee63c40a1bdae7ce06b935db5f594fd/element - {"using":"css selector","value":"#j_username"}
COMMAND: POST /session/bee63c40a1bdae7ce06b935db5f594fd/url - {"url":"https://qa-testing-00-live-etm-ui.cfapps.eu10-004.hana.ondemand.com/"}
RESULT: {"using":"css selector","value":"#j_username"}
COMMAND: POST /session/bee63c40a1bdae7ce06b935db5f594fd/element - {"using":"css selector","value":"#j_username"}
RESULT: {"url":"https://qa-testing-00-live-etm-ui.cfapps.eu10-004.hana.ondemand.com/"}
RESULT: undefined
COMMAND: GET /session/bee63c40a1bdae7ce06b935db5f594fd/screenshot - {}
RESULT: {"using":"css selector","value":"#j_username"}
COMMAND: POST /session/bee63c40a1bdae7ce06b935db5f594fd/element - {"using":"css selector","value":"#shell-header-logo"}
RESULT: {}
RESULT: {"using":"css selector","value":"#shell-header-logo"}
COMMAND: POST /session/bee63c40a1bdae7ce06b935db5f594fd/execute/sync - {"script":"<script> [8489 bytes]","args":[{"element-6066-11e4-a52e-4f735466cecf":"f.DD81908FE99A923B634158F1747C8007.d.1D0ABBEF6AA3D76D5DA812F12B1F7B55.e.2965","ELEMENT":"f.DD81908FE99A923B634158F1747C8007.d.1D0ABBEF6AA3D76D5DA812F12B1F7B55.e.2965"}]}
RESULT: {"script":"<script> [8489 bytes]","args":[{"element-6066-11e4-a52e-4f735466cecf":"f.DD81908FE99A923B634158F1747C8007.d.1D0ABBEF6AA3D76D5DA812F12B1F7B55.e.2965","ELEMENT":"f.DD81908FE99A923B634158F1747C8007.d.1D0ABBEF6AA3D76D5DA812F12B1F7B55.e.2965"}]}
COMMAND: POST /session/bee63c40a1bdae7ce06b935db5f594fd/element - {"using":"css selector","value":"#shell-header-logo"}
COMMAND: GET /session/bee63c40a1bdae7ce06b935db5f594fd/screenshot - {}
RESULT: {"using":"css selector","value":"#shell-header-logo"}
COMMAND: POST /session/bee63c40a1bdae7ce06b935db5f594fd/execute/sync - {"script":"<script> [8489 bytes]","args":[{"element-6066-11e4-a52e-4f735466cecf":"f.DD81908FE99A923B634158F1747C8007.d.1D0ABBEF6AA3D76D5DA812F12B1F7B55.e.2965","ELEMENT":"f.DD81908FE99A923B634158F1747C8007.d.1D0ABBEF6AA3D76D5DA812F12B1F7B55.e.2965"}]}
RESULT: {}
RESULT: {"script":"<script> [8489 bytes]","args":[{"element-6066-11e4-a52e-4f735466cecf":"f.DD81908FE99A923B634158F1747C8007.d.1D0ABBEF6AA3D76D5DA812F12B1F7B55.e.2965","ELEMENT":"f.DD81908FE99A923B634158F1747C8007.d.1D0ABBEF6AA3D76D5DA812F12B1F7B55.e.2965"}]}
COMMAND: POST /session/bee63c40a1bdae7ce06b935db5f594fd/execute/sync - {"script":"<script> [5351 bytes]","args":[{"element-6066-11e4-a52e-4f735466cecf":"f.DD81908FE99A923B634158F1747C8007.d.1D0ABBEF6AA3D76D5DA812F12B1F7B55.e.2965","ELEMENT":"f.DD81908FE99A923B634158F1747C8007.d.1D0ABBEF6AA3D76D5DA812F12B1F7B55.e.2965"}]}
COMMAND: GET /session/bee63c40a1bdae7ce06b935db5f594fd/screenshot - {}
RESULT: {"script":"<script> [5351 bytes]","args":[{"element-6066-11e4-a52e-4f735466cecf":"f.DD81908FE99A923B634158F1747C8007.d.1D0ABBEF6AA3D76D5DA812F12B1F7B55.e.2965","ELEMENT":"f.DD81908FE99A923B634158F1747C8007.d.1D0ABBEF6AA3D76D5DA812F12B1F7B55.e.2965"}]}
COMMAND: POST /session/bee63c40a1bdae7ce06b935db5f594fd/element - {"using":"css selector","value":"#shell-header-logo"}
COMMAND: GET /session/bee63c40a1bdae7ce06b935db5f594fd/screenshot - {}
RESULT: {}
RESULT: {"using":"css selector","value":"#shell-header-logo"}
COMMAND: POST /session/bee63c40a1bdae7ce06b935db5f594fd/element/f.DD81908FE99A923B634158F1747C8007.d.1D0ABBEF6AA3D76D5DA812F12B1F7B55.e.2965/click - {}
RESULT: {}
RESULT: {}
COMMAND: GET /session/bee63c40a1bdae7ce06b935db5f594fd/screenshot - {}
RESULT: {}
COMMAND: POST /session/bee63c40a1bdae7ce06b935db5f594fd/execute/async - {"script":"<script> [189 bytes]","args":[]}
RESULT: {"script":"<script> [189 bytes]","args":[]}
COMMAND: POST /session/bee63c40a1bdae7ce06b935db5f594fd/execute/async - {"script":"<script> [123 bytes]","args":[]}
RESULT: {"script":"<script> [123 bytes]","args":[]}
COMMAND: POST /session/bee63c40a1bdae7ce06b935db5f594fd/timeouts - {"script":"<number>"}
RESULT: {"script":"<number>"}
COMMAND: GET /session/bee63c40a1bdae7ce06b935db5f594fd/timeouts - {}
RESULT: {}
RESULT: undefined
COMMAND: POST /session/bee63c40a1bdae7ce06b935db5f594fd/execute/async - {"script":"<script> [2676 bytes]","args":[]}
RESULT: {"script":"<script> [2676 bytes]","args":[]}
COMMAND: POST /session/bee63c40a1bdae7ce06b935db5f594fd/execute/async - {"script":"<script> [2342 bytes]","args":[{"protocol":"http","hostname":"0.0.0.0","path":"/","capabilities":{"browserName":"chrome","goog:chromeOptions":{"binary":"C:\\Program Files\\Google\\Chrome\\Application\\chrome.exe","args":["--start-maximized"]}},"logLevel":"warn","connectionRetryTimeout":120000,"connectionRetryCount":3,"logLevels":{},"enableDirectConnect":true,"strictSSL":true,"_":"65 more keys: [\"cacheDir\",\"port\",\"requestedCapabilities\",\"automationProtocol\",\"baseUrl\",\"waitforInterval\",\"waitforTimeout\",\"onReload\",\"beforeCommand\",\"afterCommand\",\"rootDir\",\"specs\",\"suites\",\"exclude\",\"groupLogsByTestSpec\",\"excludeDriverLogs\",\"bail\",\"framework\",\"reporters\",\"services\",\"maxInstances\",\"maxInstancesPerCapability\",\"injectGlobals\",\"filesToWatch\",\"execArgv\",\"runnerEnv\",\"runner\",\"shard\",\"specFileRetries\",\"specFileRetriesDelay\",\"specFileRetriesDeferred\",\"reporterSyncInterval\",\"reporterSyncTimeout\",\"cucumberFeaturesWithLineNumbers\",\"autoCompileOpts\",\"mochaOpts\",\"jasmineOpts\",\"cucumberOpts\",\"onPrepare\",\"onWorkerStart\",\"onWorkerEnd\",\"before\",\"beforeSession\",\"beforeSuite\",\"beforeHook\",\"beforeTest\",\"afterTest\",\"afterHook\",\"afterSuite\",\"afterSession\",\"after\",\"onComplete\",\"beforeAssertion\",\"afterAssertion\",\"beforeFeature\",\"beforeScenario\",\"beforeStep\",\"afterStep\",\"afterScenario\",\"afterFeature\",\"_\",\"suite\",\"$0\",\"ignoredWorkerServices\",\"wdi5\"]"}]}
RESULT: {"script":"<script> [2342 bytes]","args":[{"protocol":"http","hostname":"0.0.0.0","path":"/","capabilities":{"browserName":"chrome","goog:chromeOptions":{"binary":"C:\\Program Files\\Google\\Chrome\\Application\\chrome.exe","args":["--start-maximized"]}},"logLevel":"warn","connectionRetryTimeout":120000,"connectionRetryCount":3,"logLevels":{},"enableDirectConnect":true,"strictSSL":true,"_":"65 more keys: [\"cacheDir\",\"port\",\"requestedCapabilities\",\"automationProtocol\",\"baseUrl\",\"waitforInterval\",\"waitforTimeout\",\"onReload\",\"beforeCommand\",\"afterCommand\",\"rootDir\",\"specs\",\"suites\",\"exclude\",\"groupLogsByTestSpec\",\"excludeDriverLogs\",\"bail\",\"framework\",\"reporters\",\"services\",\"maxInstances\",\"maxInstancesPerCapability\",\"injectGlobals\",\"filesToWatch\",\"execArgv\",\"runnerEnv\",\"runner\",\"shard\",\"specFileRetries\",\"specFileRetriesDelay\",\"specFileRetriesDeferred\",\"reporterSyncInterval\",\"reporterSyncTimeout\",\"cucumberFeaturesWithLineNumbers\",\"autoCompileOpts\",\"mochaOpts\",\"jasmineOpts\",\"cucumberOpts\",\"onPrepare\",\"onWorkerStart\",\"onWorkerEnd\",\"before\",\"beforeSession\",\"beforeSuite\",\"beforeHook\",\"beforeTest\",\"afterTest\",\"afterHook\",\"afterSuite\",\"afterSession\",\"after\",\"onComplete\",\"beforeAssertion\",\"afterAssertion\",\"beforeFeature\",\"beforeScenario\",\"beforeStep\",\"afterStep\",\"afterScenario\",\"afterFeature\",\"_\",\"suite\",\"$0\",\"ignoredWorkerServices\",\"wdi5\"]"}]}
COMMAND: POST /session/bee63c40a1bdae7ce06b935db5f594fd/execute/async - {"script":"<script> [21126 bytes]","args":[35000]}
RESULT: {"script":"<script> [21126 bytes]","args":[35000]}
COMMAND: POST /session/bee63c40a1bdae7ce06b935db5f594fd/window/maximize - {}
RESULT: {}
COMMAND: POST /session/bee63c40a1bdae7ce06b935db5f594fd/execute/async - {"script":"<script> [1562 bytes]","args":[{"selector":{"id":"shell-header","interaction":{"idSuffix":"icon"}},"wdio_ui5_key":"shellheader"}]}
COMMAND: GET /session/bee63c40a1bdae7ce06b935db5f594fd/screenshot - {}
RESULT: {"script":"<script> [1562 bytes]","args":[{"selector":{"id":"shell-header","interaction":{"idSuffix":"icon"}},"wdio_ui5_key":"shellheader"}]}
RESULT: undefined
COMMAND: POST /session/bee63c40a1bdae7ce06b935db5f594fd/refresh - {}
RESULT: {}
RESULT: undefined
RESULT: {}
COMMAND: GET /session/bee63c40a1bdae7ce06b935db5f594fd/screenshot - {}
RESULT: {}
COMMAND: POST /session/bee63c40a1bdae7ce06b935db5f594fd/refresh - {}
RESULT: undefined
RESULT: {}
COMMAND: GET /session/bee63c40a1bdae7ce06b935db5f594fd/screenshot - {}
RESULT: {}
COMMAND: POST /session/bee63c40a1bdae7ce06b935db5f594fd/window/fullscreen - {}
RESULT: {}
COMMAND: POST /session/bee63c40a1bdae7ce06b935db5f594fd/execute/async - {"script":"<script> [189 bytes]","args":[]}
RESULT: {"script":"<script> [189 bytes]","args":[]}
COMMAND: POST /session/bee63c40a1bdae7ce06b935db5f594fd/execute/async - {"script":"<script> [123 bytes]","args":[]}
RESULT: {"script":"<script> [123 bytes]","args":[]}
COMMAND: POST /session/bee63c40a1bdae7ce06b935db5f594fd/timeouts - {"script":"<number>"}
RESULT: {"script":"<number>"}
COMMAND: GET /session/bee63c40a1bdae7ce06b935db5f594fd/timeouts - {}
RESULT: {}
RESULT: undefined
COMMAND: POST /session/bee63c40a1bdae7ce06b935db5f594fd/execute/async - {"script":"<script> [2676 bytes]","args":[]}
RESULT: {"script":"<script> [2676 bytes]","args":[]}
COMMAND: POST /session/bee63c40a1bdae7ce06b935db5f594fd/execute/async - {"script":"<script> [2342 bytes]","args":[{"protocol":"http","hostname":"0.0.0.0","path":"/","capabilities":{"browserName":"chrome","goog:chromeOptions":{"binary":"C:\\Program Files\\Google\\Chrome\\Application\\chrome.exe","args":["--start-maximized"]}},"logLevel":"warn","connectionRetryTimeout":120000,"connectionRetryCount":3,"logLevels":{},"enableDirectConnect":true,"strictSSL":true,"_":"65 more keys: [\"cacheDir\",\"port\",\"requestedCapabilities\",\"automationProtocol\",\"baseUrl\",\"waitforInterval\",\"waitforTimeout\",\"onReload\",\"beforeCommand\",\"afterCommand\",\"rootDir\",\"specs\",\"suites\",\"exclude\",\"groupLogsByTestSpec\",\"excludeDriverLogs\",\"bail\",\"framework\",\"reporters\",\"services\",\"maxInstances\",\"maxInstancesPerCapability\",\"injectGlobals\",\"filesToWatch\",\"execArgv\",\"runnerEnv\",\"runner\",\"shard\",\"specFileRetries\",\"specFileRetriesDelay\",\"specFileRetriesDeferred\",\"reporterSyncInterval\",\"reporterSyncTimeout\",\"cucumberFeaturesWithLineNumbers\",\"autoCompileOpts\",\"mochaOpts\",\"jasmineOpts\",\"cucumberOpts\",\"onPrepare\",\"onWorkerStart\",\"onWorkerEnd\",\"before\",\"beforeSession\",\"beforeSuite\",\"beforeHook\",\"beforeTest\",\"afterTest\",\"afterHook\",\"afterSuite\",\"afterSession\",\"after\",\"onComplete\",\"beforeAssertion\",\"afterAssertion\",\"beforeFeature\",\"beforeScenario\",\"beforeStep\",\"afterStep\",\"afterScenario\",\"afterFeature\",\"_\",\"suite\",\"$0\",\"ignoredWorkerServices\",\"wdi5\"]"}]}
RESULT: {"script":"<script> [2342 bytes]","args":[{"protocol":"http","hostname":"0.0.0.0","path":"/","capabilities":{"browserName":"chrome","goog:chromeOptions":{"binary":"C:\\Program Files\\Google\\Chrome\\Application\\chrome.exe","args":["--start-maximized"]}},"logLevel":"warn","connectionRetryTimeout":120000,"connectionRetryCount":3,"logLevels":{},"enableDirectConnect":true,"strictSSL":true,"_":"65 more keys: [\"cacheDir\",\"port\",\"requestedCapabilities\",\"automationProtocol\",\"baseUrl\",\"waitforInterval\",\"waitforTimeout\",\"onReload\",\"beforeCommand\",\"afterCommand\",\"rootDir\",\"specs\",\"suites\",\"exclude\",\"groupLogsByTestSpec\",\"excludeDriverLogs\",\"bail\",\"framework\",\"reporters\",\"services\",\"maxInstances\",\"maxInstancesPerCapability\",\"injectGlobals\",\"filesToWatch\",\"execArgv\",\"runnerEnv\",\"runner\",\"shard\",\"specFileRetries\",\"specFileRetriesDelay\",\"specFileRetriesDeferred\",\"reporterSyncInterval\",\"reporterSyncTimeout\",\"cucumberFeaturesWithLineNumbers\",\"autoCompileOpts\",\"mochaOpts\",\"jasmineOpts\",\"cucumberOpts\",\"onPrepare\",\"onWorkerStart\",\"onWorkerEnd\",\"before\",\"beforeSession\",\"beforeSuite\",\"beforeHook\",\"beforeTest\",\"afterTest\",\"afterHook\",\"afterSuite\",\"afterSession\",\"after\",\"onComplete\",\"beforeAssertion\",\"afterAssertion\",\"beforeFeature\",\"beforeScenario\",\"beforeStep\",\"afterStep\",\"afterScenario\",\"afterFeature\",\"_\",\"suite\",\"$0\",\"ignoredWorkerServices\",\"wdi5\"]"}]}
COMMAND: POST /session/bee63c40a1bdae7ce06b935db5f594fd/execute/async - {"script":"<script> [21126 bytes]","args":[35000]}
RESULT: {"script":"<script> [21126 bytes]","args":[35000]}
]]></system-out>
    </testcase>
  </testsuite>
  <testsuite timestamp="2025-06-13T17:10:15" time="538.873" tests="6" failures="1" errors="1" skipped="0">
    <properties>
      <property name="specId" value="0"/>
      <property name="suiteName" value="Edit and delete daily price US134629 US134627"/>
      <property name="capabilities" value="chrome.137_0_7151_69.windows"/>
      <property name="file" value="file:///D:/a/1/s/test/specs/BTS/conditions-prices-daily-price.spec.js"/>
    </properties>
    <testcase classname="chrome.137_0_7151_69.windows.Edit_and_delete_daily_price_US134629_US134627" name="Should create a new yard used for all following tests" time="4.134">
      <system-out><![CDATA[
COMMAND: POST /session/bee63c40a1bdae7ce06b935db5f594fd/window/fullscreen - {}
RESULT: {}
]]></system-out>
    </testcase>
    <testcase classname="chrome.137_0_7151_69.windows.Edit_and_delete_daily_price_US134629_US134627" name="Should create a new partner" time="153.224">
      <system-out><![CDATA[
COMMAND: POST /session/bee63c40a1bdae7ce06b935db5f594fd/window/fullscreen - {}
RESULT: {}
COMMAND: POST /session/bee63c40a1bdae7ce06b935db5f594fd/execute/async - {"script":"<script> [1562 bytes]","args":[{"selector":{"controlType":"sap.m.GenericTile","properties":{"header":"Manage Partners"}},"wdio_ui5_key":"sapm.GenericTile{\"header\":\"Manage Partners\"}"}]}
RESULT: {"script":"<script> [1562 bytes]","args":[{"selector":{"controlType":"sap.m.GenericTile","properties":{"header":"Manage Partners"}},"wdio_ui5_key":"sapm.GenericTile{\"header\":\"Manage Partners\"}"}]}
RESULT: undefined
COMMAND: POST /session/bee63c40a1bdae7ce06b935db5f594fd/element - {"using":"xpath","value":"//*[@id=\"__tile39\"]"}
RESULT: {"using":"xpath","value":"//*[@id=\"__tile39\"]"}
COMMAND: POST /session/bee63c40a1bdae7ce06b935db5f594fd/element/f.DD81908FE99A923B634158F1747C8007.d.2E301026C7A44FC598D91D005FAC93BA.e.3120/click - {}
RESULT: {}
COMMAND: GET /session/bee63c40a1bdae7ce06b935db5f594fd/screenshot - {}
RESULT: {}
COMMAND: POST /session/bee63c40a1bdae7ce06b935db5f594fd/elements - {"using":"xpath","value":"//span[text()='Error']"}
RESULT: {"using":"xpath","value":"//span[text()='Error']"}
COMMAND: POST /session/bee63c40a1bdae7ce06b935db5f594fd/element - {"using":"xpath","value":"//button[@data-kt=\"addButton\"]"}
RESULT: {"using":"xpath","value":"//button[@data-kt=\"addButton\"]"}
COMMAND: POST /session/bee63c40a1bdae7ce06b935db5f594fd/elements - {"using":"xpath","value":"//button[@data-kt=\"addButton\"]"}
RESULT: {"using":"xpath","value":"//button[@data-kt=\"addButton\"]"}
COMMAND: POST /session/bee63c40a1bdae7ce06b935db5f594fd/elements - {"using":"xpath","value":"//button[@data-kt=\"addButton\"]"}
RESULT: {"using":"xpath","value":"//button[@data-kt=\"addButton\"]"}
COMMAND: POST /session/bee63c40a1bdae7ce06b935db5f594fd/elements - {"using":"xpath","value":"//button[@data-kt=\"addButton\"]"}
RESULT: {"using":"xpath","value":"//button[@data-kt=\"addButton\"]"}
COMMAND: POST /session/bee63c40a1bdae7ce06b935db5f594fd/elements - {"using":"xpath","value":"//button[@data-kt=\"addButton\"]"}
RESULT: {"using":"xpath","value":"//button[@data-kt=\"addButton\"]"}
COMMAND: POST /session/bee63c40a1bdae7ce06b935db5f594fd/elements - {"using":"xpath","value":"//button[@data-kt=\"addButton\"]"}
RESULT: {"using":"xpath","value":"//button[@data-kt=\"addButton\"]"}
COMMAND: POST /session/bee63c40a1bdae7ce06b935db5f594fd/elements - {"using":"xpath","value":"//button[@data-kt=\"addButton\"]"}
RESULT: {"using":"xpath","value":"//button[@data-kt=\"addButton\"]"}
COMMAND: POST /session/bee63c40a1bdae7ce06b935db5f594fd/elements - {"using":"xpath","value":"//button[@data-kt=\"addButton\"]"}
RESULT: {"using":"xpath","value":"//button[@data-kt=\"addButton\"]"}
COMMAND: POST /session/bee63c40a1bdae7ce06b935db5f594fd/element - {"using":"xpath","value":"//button[@data-kt=\"addButton\"]"}
RESULT: {"using":"xpath","value":"//button[@data-kt=\"addButton\"]"}
COMMAND: POST /session/bee63c40a1bdae7ce06b935db5f594fd/execute/sync - {"script":"<script> [8489 bytes]","args":[{"element-6066-11e4-a52e-4f735466cecf":"f.DD81908FE99A923B634158F1747C8007.d.2E301026C7A44FC598D91D005FAC93BA.e.3270","ELEMENT":"f.DD81908FE99A923B634158F1747C8007.d.2E301026C7A44FC598D91D005FAC93BA.e.3270"}]}
RESULT: {"script":"<script> [8489 bytes]","args":[{"element-6066-11e4-a52e-4f735466cecf":"f.DD81908FE99A923B634158F1747C8007.d.2E301026C7A44FC598D91D005FAC93BA.e.3270","ELEMENT":"f.DD81908FE99A923B634158F1747C8007.d.2E301026C7A44FC598D91D005FAC93BA.e.3270"}]}
COMMAND: GET /session/bee63c40a1bdae7ce06b935db5f594fd/element/f.DD81908FE99A923B634158F1747C8007.d.2E301026C7A44FC598D91D005FAC93BA.e.3270/enabled - {}
COMMAND: GET /session/bee63c40a1bdae7ce06b935db5f594fd/screenshot - {}
RESULT: {}
COMMAND: POST /session/bee63c40a1bdae7ce06b935db5f594fd/execute/sync - {"script":"<script> [8489 bytes]","args":[{"element-6066-11e4-a52e-4f735466cecf":"f.DD81908FE99A923B634158F1747C8007.d.2E301026C7A44FC598D91D005FAC93BA.e.3270","ELEMENT":"f.DD81908FE99A923B634158F1747C8007.d.2E301026C7A44FC598D91D005FAC93BA.e.3270"}]}
COMMAND: GET /session/bee63c40a1bdae7ce06b935db5f594fd/screenshot - {}
RESULT: {}
RESULT: {"script":"<script> [8489 bytes]","args":[{"element-6066-11e4-a52e-4f735466cecf":"f.DD81908FE99A923B634158F1747C8007.d.2E301026C7A44FC598D91D005FAC93BA.e.3270","ELEMENT":"f.DD81908FE99A923B634158F1747C8007.d.2E301026C7A44FC598D91D005FAC93BA.e.3270"}]}
COMMAND: POST /session/bee63c40a1bdae7ce06b935db5f594fd/execute/sync - {"script":"<script> [5351 bytes]","args":[{"element-6066-11e4-a52e-4f735466cecf":"f.DD81908FE99A923B634158F1747C8007.d.2E301026C7A44FC598D91D005FAC93BA.e.3270","ELEMENT":"f.DD81908FE99A923B634158F1747C8007.d.2E301026C7A44FC598D91D005FAC93BA.e.3270"}]}
COMMAND: GET /session/bee63c40a1bdae7ce06b935db5f594fd/screenshot - {}
RESULT: {}
RESULT: {"script":"<script> [5351 bytes]","args":[{"element-6066-11e4-a52e-4f735466cecf":"f.DD81908FE99A923B634158F1747C8007.d.2E301026C7A44FC598D91D005FAC93BA.e.3270","ELEMENT":"f.DD81908FE99A923B634158F1747C8007.d.2E301026C7A44FC598D91D005FAC93BA.e.3270"}]}
COMMAND: POST /session/bee63c40a1bdae7ce06b935db5f594fd/element/f.DD81908FE99A923B634158F1747C8007.d.2E301026C7A44FC598D91D005FAC93BA.e.3270/click - {}
COMMAND: GET /session/bee63c40a1bdae7ce06b935db5f594fd/screenshot - {}
RESULT: {}
RESULT: {}
COMMAND: GET /session/bee63c40a1bdae7ce06b935db5f594fd/screenshot - {}
COMMAND: POST /session/bee63c40a1bdae7ce06b935db5f594fd/execute/async - {"script":"<script> [1562 bytes]","args":[{"selector":{"id":"application-managepartners-display-component---NewPartner--addressDetailDetailsName1","interaction":{"idSuffix":"inner"}},"wdio_ui5_key":"applicationmanagepartners-display-component---NewPartner--addressDetailDetailsName1"}]}
RESULT: {}
RESULT: {}
RESULT: {"script":"<script> [1562 bytes]","args":[{"selector":{"id":"application-managepartners-display-component---NewPartner--addressDetailDetailsName1","interaction":{"idSuffix":"inner"}},"wdio_ui5_key":"applicationmanagepartners-display-component---NewPartner--addressDetailDetailsName1"}]}
RESULT: undefined
COMMAND: POST /session/bee63c40a1bdae7ce06b935db5f594fd/execute/async - {"script":"<script> [776 bytes]","args":[{"enterText":"DailyPrice Partner WDIO","selector":{"id":"application-managepartners-display-component---NewPartner--addressDetailDetailsName1","interaction":{"idSuffix":"inner"}},"clearTextFirst":true,"interactionType":"ENTER_TEXT"}]}
RESULT: {"script":"<script> [776 bytes]","args":[{"enterText":"DailyPrice Partner WDIO","selector":{"id":"application-managepartners-display-component---NewPartner--addressDetailDetailsName1","interaction":{"idSuffix":"inner"}},"clearTextFirst":true,"interactionType":"ENTER_TEXT"}]}
COMMAND: POST /session/bee63c40a1bdae7ce06b935db5f594fd/execute/async - {"script":"<script> [1562 bytes]","args":[{"selector":{"id":"application-managepartners-display-component---NewPartner--addressDetailDetailsLanguage-arrow"},"wdio_ui5_key":"applicationmanagepartners-display-component---NewPartner--addressDetailDetailsLanguage-arrow"}]}
RESULT: {"script":"<script> [1562 bytes]","args":[{"selector":{"id":"application-managepartners-display-component---NewPartner--addressDetailDetailsLanguage-arrow"},"wdio_ui5_key":"applicationmanagepartners-display-component---NewPartner--addressDetailDetailsLanguage-arrow"}]}
RESULT: undefined
COMMAND: POST /session/bee63c40a1bdae7ce06b935db5f594fd/element - {"using":"xpath","value":"//*[@id=\"application-managepartners-display-component---NewPartner--addressDetailDetailsLanguage-arrow\"]"}
RESULT: {"using":"xpath","value":"//*[@id=\"application-managepartners-display-component---NewPartner--addressDetailDetailsLanguage-arrow\"]"}
COMMAND: POST /session/bee63c40a1bdae7ce06b935db5f594fd/element/f.DD81908FE99A923B634158F1747C8007.d.2E301026C7A44FC598D91D005FAC93BA.e.3698/click - {}
RESULT: {}
COMMAND: POST /session/bee63c40a1bdae7ce06b935db5f594fd/element - {"using":"xpath","value":"//span[contains(text(), \"English\")]"}
COMMAND: GET /session/bee63c40a1bdae7ce06b935db5f594fd/screenshot - {}
RESULT: {"using":"xpath","value":"//span[contains(text(), \"English\")]"}
COMMAND: POST /session/bee63c40a1bdae7ce06b935db5f594fd/element/f.DD81908FE99A923B634158F1747C8007.d.2E301026C7A44FC598D91D005FAC93BA.e.3699/click - {}
RESULT: {}
RESULT: {}
COMMAND: GET /session/bee63c40a1bdae7ce06b935db5f594fd/screenshot - {}
RESULT: {}
COMMAND: POST /session/bee63c40a1bdae7ce06b935db5f594fd/execute/async - {"script":"<script> [1562 bytes]","args":[{"selector":{"id":"application-managepartners-display-component---NewPartner--addressDetailDetailsCity1","interaction":{"idSuffix":"inner"}},"wdio_ui5_key":"applicationmanagepartners-display-component---NewPartner--addressDetailDetailsCity1"}]}
RESULT: {"script":"<script> [1562 bytes]","args":[{"selector":{"id":"application-managepartners-display-component---NewPartner--addressDetailDetailsCity1","interaction":{"idSuffix":"inner"}},"wdio_ui5_key":"applicationmanagepartners-display-component---NewPartner--addressDetailDetailsCity1"}]}
RESULT: undefined
COMMAND: POST /session/bee63c40a1bdae7ce06b935db5f594fd/execute/async - {"script":"<script> [776 bytes]","args":[{"enterText":"Rosario","selector":{"id":"application-managepartners-display-component---NewPartner--addressDetailDetailsCity1","interaction":{"idSuffix":"inner"}},"clearTextFirst":true,"interactionType":"ENTER_TEXT"}]}
RESULT: {"script":"<script> [776 bytes]","args":[{"enterText":"Rosario","selector":{"id":"application-managepartners-display-component---NewPartner--addressDetailDetailsCity1","interaction":{"idSuffix":"inner"}},"clearTextFirst":true,"interactionType":"ENTER_TEXT"}]}
COMMAND: POST /session/bee63c40a1bdae7ce06b935db5f594fd/execute/async - {"script":"<script> [1562 bytes]","args":[{"selector":{"id":"application-managepartners-display-component---NewPartner--addressDetailDetailsCountry-arrow"},"wdio_ui5_key":"applicationmanagepartners-display-component---NewPartner--addressDetailDetailsCountry-arrow"}]}
RESULT: {"script":"<script> [1562 bytes]","args":[{"selector":{"id":"application-managepartners-display-component---NewPartner--addressDetailDetailsCountry-arrow"},"wdio_ui5_key":"applicationmanagepartners-display-component---NewPartner--addressDetailDetailsCountry-arrow"}]}
RESULT: undefined
COMMAND: POST /session/bee63c40a1bdae7ce06b935db5f594fd/element - {"using":"xpath","value":"//*[@id=\"application-managepartners-display-component---NewPartner--addressDetailDetailsCountry-arrow\"]"}
RESULT: {"using":"xpath","value":"//*[@id=\"application-managepartners-display-component---NewPartner--addressDetailDetailsCountry-arrow\"]"}
COMMAND: POST /session/bee63c40a1bdae7ce06b935db5f594fd/element/f.DD81908FE99A923B634158F1747C8007.d.2E301026C7A44FC598D91D005FAC93BA.e.3684/click - {}
RESULT: {}
COMMAND: POST /session/bee63c40a1bdae7ce06b935db5f594fd/element - {"using":"xpath","value":"//span[contains(text(), \"Argentina\")]"}
COMMAND: GET /session/bee63c40a1bdae7ce06b935db5f594fd/screenshot - {}
RESULT: {"using":"xpath","value":"//span[contains(text(), \"Argentina\")]"}
COMMAND: POST /session/bee63c40a1bdae7ce06b935db5f594fd/element/f.DD81908FE99A923B634158F1747C8007.d.2E301026C7A44FC598D91D005FAC93BA.e.3701/click - {}
RESULT: {}
RESULT: {}
COMMAND: GET /session/bee63c40a1bdae7ce06b935db5f594fd/screenshot - {}
RESULT: {}
COMMAND: POST /session/bee63c40a1bdae7ce06b935db5f594fd/element - {"using":"xpath","value":"//bdi[contains(text(), \"Commercial\")]"}
RESULT: {"using":"xpath","value":"//bdi[contains(text(), \"Commercial\")]"}
COMMAND: POST /session/bee63c40a1bdae7ce06b935db5f594fd/element/f.DD81908FE99A923B634158F1747C8007.d.2E301026C7A44FC598D91D005FAC93BA.e.3702/click - {}
RESULT: {}
COMMAND: GET /session/bee63c40a1bdae7ce06b935db5f594fd/screenshot - {}
RESULT: {}
COMMAND: POST /session/bee63c40a1bdae7ce06b935db5f594fd/execute/async - {"script":"<script> [1562 bytes]","args":[{"selector":{"id":"application-managepartners-display-component---NewPartner--partnerDetailInternal-arrow"},"wdio_ui5_key":"applicationmanagepartners-display-component---NewPartner--partnerDetailInternal-arrow"}]}
RESULT: {"script":"<script> [1562 bytes]","args":[{"selector":{"id":"application-managepartners-display-component---NewPartner--partnerDetailInternal-arrow"},"wdio_ui5_key":"applicationmanagepartners-display-component---NewPartner--partnerDetailInternal-arrow"}]}
RESULT: undefined
COMMAND: POST /session/bee63c40a1bdae7ce06b935db5f594fd/element - {"using":"xpath","value":"//*[@id=\"application-managepartners-display-component---NewPartner--partnerDetailInternal-arrow\"]"}
RESULT: {"using":"xpath","value":"//*[@id=\"application-managepartners-display-component---NewPartner--partnerDetailInternal-arrow\"]"}
COMMAND: POST /session/bee63c40a1bdae7ce06b935db5f594fd/element/f.DD81908FE99A923B634158F1747C8007.d.2E301026C7A44FC598D91D005FAC93BA.e.3708/click - {}
RESULT: {}
COMMAND: POST /session/bee63c40a1bdae7ce06b935db5f594fd/element - {"using":"xpath","value":"//span[contains(text(), \"Affiliated company\")]"}
COMMAND: GET /session/bee63c40a1bdae7ce06b935db5f594fd/screenshot - {}
RESULT: {"using":"xpath","value":"//span[contains(text(), \"Affiliated company\")]"}
COMMAND: POST /session/bee63c40a1bdae7ce06b935db5f594fd/element/f.DD81908FE99A923B634158F1747C8007.d.2E301026C7A44FC598D91D005FAC93BA.e.3711/click - {}
RESULT: {}
RESULT: {}
COMMAND: POST /session/bee63c40a1bdae7ce06b935db5f594fd/execute/async - {"script":"<script> [1562 bytes]","args":[{"selector":{"id":"application-managepartners-display-component---NewPartner--partnerDetailsCurrency-arrow"},"wdio_ui5_key":"applicationmanagepartners-display-component---NewPartner--partnerDetailsCurrency-arrow"}]}
COMMAND: GET /session/bee63c40a1bdae7ce06b935db5f594fd/screenshot - {}
RESULT: {"script":"<script> [1562 bytes]","args":[{"selector":{"id":"application-managepartners-display-component---NewPartner--partnerDetailsCurrency-arrow"},"wdio_ui5_key":"applicationmanagepartners-display-component---NewPartner--partnerDetailsCurrency-arrow"}]}
RESULT: undefined
COMMAND: POST /session/bee63c40a1bdae7ce06b935db5f594fd/element - {"using":"xpath","value":"//*[@id=\"application-managepartners-display-component---NewPartner--partnerDetailsCurrency-arrow\"]"}
RESULT: {}
RESULT: {"using":"xpath","value":"//*[@id=\"application-managepartners-display-component---NewPartner--partnerDetailsCurrency-arrow\"]"}
COMMAND: POST /session/bee63c40a1bdae7ce06b935db5f594fd/element/f.DD81908FE99A923B634158F1747C8007.d.2E301026C7A44FC598D91D005FAC93BA.e.3718/click - {}
RESULT: {}
COMMAND: POST /session/bee63c40a1bdae7ce06b935db5f594fd/element - {"using":"xpath","value":"//span[contains(text(), \"Euro\")]"}
COMMAND: GET /session/bee63c40a1bdae7ce06b935db5f594fd/screenshot - {}
RESULT: {"using":"xpath","value":"//span[contains(text(), \"Euro\")]"}
COMMAND: POST /session/bee63c40a1bdae7ce06b935db5f594fd/element/f.DD81908FE99A923B634158F1747C8007.d.2E301026C7A44FC598D91D005FAC93BA.e.3719/click - {}
RESULT: {}
RESULT: {}
COMMAND: POST /session/bee63c40a1bdae7ce06b935db5f594fd/execute/async - {"script":"<script> [1562 bytes]","args":[{"selector":{"id":"application-managepartners-display-component---NewPartner--addressEditDetailsCostObjectCstType-arrow"},"wdio_ui5_key":"applicationmanagepartners-display-component---NewPartner--addressEditDetailsCostObjectCstType-arrow"}]}
COMMAND: GET /session/bee63c40a1bdae7ce06b935db5f594fd/screenshot - {}
RESULT: {"script":"<script> [1562 bytes]","args":[{"selector":{"id":"application-managepartners-display-component---NewPartner--addressEditDetailsCostObjectCstType-arrow"},"wdio_ui5_key":"applicationmanagepartners-display-component---NewPartner--addressEditDetailsCostObjectCstType-arrow"}]}
RESULT: undefined
COMMAND: POST /session/bee63c40a1bdae7ce06b935db5f594fd/element - {"using":"xpath","value":"//*[@id=\"application-managepartners-display-component---NewPartner--addressEditDetailsCostObjectCstType-arrow\"]"}
RESULT: {}
RESULT: {"using":"xpath","value":"//*[@id=\"application-managepartners-display-component---NewPartner--addressEditDetailsCostObjectCstType-arrow\"]"}
COMMAND: POST /session/bee63c40a1bdae7ce06b935db5f594fd/element/f.DD81908FE99A923B634158F1747C8007.d.2E301026C7A44FC598D91D005FAC93BA.e.3720/click - {}
RESULT: {}
COMMAND: POST /session/bee63c40a1bdae7ce06b935db5f594fd/element - {"using":"xpath","value":"//span[contains(text(), \"Cost Center\")]"}
COMMAND: GET /session/bee63c40a1bdae7ce06b935db5f594fd/screenshot - {}
RESULT: {"using":"xpath","value":"//span[contains(text(), \"Cost Center\")]"}
COMMAND: POST /session/bee63c40a1bdae7ce06b935db5f594fd/element/f.DD81908FE99A923B634158F1747C8007.d.2E301026C7A44FC598D91D005FAC93BA.e.3721/click - {}
RESULT: {}
RESULT: {}
COMMAND: GET /session/bee63c40a1bdae7ce06b935db5f594fd/screenshot - {}
RESULT: {}
COMMAND: POST /session/bee63c40a1bdae7ce06b935db5f594fd/element - {"using":"xpath","value":"//span[@id=\"application-managepartners-display-component---NewPartner--addressNewCostObjectCstID-vhi\"]"}
RESULT: {"using":"xpath","value":"//span[@id=\"application-managepartners-display-component---NewPartner--addressNewCostObjectCstID-vhi\"]"}
COMMAND: POST /session/bee63c40a1bdae7ce06b935db5f594fd/execute/sync - {"script":"<script> [8489 bytes]","args":[{"element-6066-11e4-a52e-4f735466cecf":"f.DD81908FE99A923B634158F1747C8007.d.2E301026C7A44FC598D91D005FAC93BA.e.3725","ELEMENT":"f.DD81908FE99A923B634158F1747C8007.d.2E301026C7A44FC598D91D005FAC93BA.e.3725"}]}
RESULT: {"script":"<script> [8489 bytes]","args":[{"element-6066-11e4-a52e-4f735466cecf":"f.DD81908FE99A923B634158F1747C8007.d.2E301026C7A44FC598D91D005FAC93BA.e.3725","ELEMENT":"f.DD81908FE99A923B634158F1747C8007.d.2E301026C7A44FC598D91D005FAC93BA.e.3725"}]}
COMMAND: POST /session/bee63c40a1bdae7ce06b935db5f594fd/execute/async - {"script":"<script> [1562 bytes]","args":[{"selector":{"id":"application-managepartners-display-component---NewPartner--addressNewCostObjectCstID-vhi"},"wdio_ui5_key":"applicationmanagepartners-display-component---NewPartner--addressNewCostObjectCstID-vhi"}]}
COMMAND: GET /session/bee63c40a1bdae7ce06b935db5f594fd/screenshot - {}
RESULT: {"script":"<script> [1562 bytes]","args":[{"selector":{"id":"application-managepartners-display-component---NewPartner--addressNewCostObjectCstID-vhi"},"wdio_ui5_key":"applicationmanagepartners-display-component---NewPartner--addressNewCostObjectCstID-vhi"}]}
RESULT: undefined
COMMAND: POST /session/bee63c40a1bdae7ce06b935db5f594fd/element - {"using":"xpath","value":"//*[@id=\"application-managepartners-display-component---NewPartner--addressNewCostObjectCstID-vhi\"]"}
RESULT: {}
RESULT: {"using":"xpath","value":"//*[@id=\"application-managepartners-display-component---NewPartner--addressNewCostObjectCstID-vhi\"]"}
COMMAND: POST /session/bee63c40a1bdae7ce06b935db5f594fd/element/f.DD81908FE99A923B634158F1747C8007.d.2E301026C7A44FC598D91D005FAC93BA.e.3725/click - {}
RESULT: {}
COMMAND: GET /session/bee63c40a1bdae7ce06b935db5f594fd/screenshot - {}
RESULT: {}
COMMAND: POST /session/bee63c40a1bdae7ce06b935db5f594fd/execute/async - {"script":"<script> [1562 bytes]","args":[{"selector":{"controlType":"sap.m.SearchField","properties":{"placeholder":"Search"},"searchOpenDialogs":true,"interaction":{"idSuffix":"I"}},"wdio_ui5_key":"sapm.SearchField{\"placeholder\":\"Search\"}"}]}
RESULT: {"script":"<script> [1562 bytes]","args":[{"selector":{"controlType":"sap.m.SearchField","properties":{"placeholder":"Search"},"searchOpenDialogs":true,"interaction":{"idSuffix":"I"}},"wdio_ui5_key":"sapm.SearchField{\"placeholder\":\"Search\"}"}]}
RESULT: undefined
COMMAND: POST /session/bee63c40a1bdae7ce06b935db5f594fd/execute/async - {"script":"<script> [776 bytes]","args":[{"enterText":"10001013","selector":{"controlType":"sap.m.SearchField","properties":{"placeholder":"Search"},"searchOpenDialogs":true,"interaction":{"idSuffix":"I"}},"clearTextFirst":true,"interactionType":"ENTER_TEXT"}]}
RESULT: {"script":"<script> [776 bytes]","args":[{"enterText":"10001013","selector":{"controlType":"sap.m.SearchField","properties":{"placeholder":"Search"},"searchOpenDialogs":true,"interaction":{"idSuffix":"I"}},"clearTextFirst":true,"interactionType":"ENTER_TEXT"}]}
COMMAND: POST /session/bee63c40a1bdae7ce06b935db5f594fd/actions - {"actions":[{"id":"action11","type":"key","parameters":{},"actions":[{"type":"keyDown","value":""},{"type":"pause","duration":10},{"type":"keyUp","value":""}]}]}
RESULT: {"actions":[{"id":"action11","type":"key","parameters":{},"actions":[{"type":"keyDown","value":""},{"type":"pause","duration":10},{"type":"keyUp","value":""}]}]}
COMMAND: GET /session/bee63c40a1bdae7ce06b935db5f594fd/screenshot - {}
RESULT: {}
COMMAND: POST /session/bee63c40a1bdae7ce06b935db5f594fd/element - {"using":"xpath","value":"//span[contains(text(), \"General Management\")]"}
RESULT: {"using":"xpath","value":"//span[contains(text(), \"General Management\")]"}
COMMAND: POST /session/bee63c40a1bdae7ce06b935db5f594fd/element/f.DD81908FE99A923B634158F1747C8007.d.2E301026C7A44FC598D91D005FAC93BA.e.3767/click - {}
RESULT: {}
COMMAND: GET /session/bee63c40a1bdae7ce06b935db5f594fd/screenshot - {}
RESULT: {}
COMMAND: POST /session/bee63c40a1bdae7ce06b935db5f594fd/element - {"using":"xpath","value":"//bdi[contains(text(), \"OK\")]"}
RESULT: {"using":"xpath","value":"//bdi[contains(text(), \"OK\")]"}
COMMAND: POST /session/bee63c40a1bdae7ce06b935db5f594fd/element/f.DD81908FE99A923B634158F1747C8007.d.2E301026C7A44FC598D91D005FAC93BA.e.3768/click - {}
RESULT: {}
COMMAND: GET /session/bee63c40a1bdae7ce06b935db5f594fd/screenshot - {}
RESULT: {}
COMMAND: POST /session/bee63c40a1bdae7ce06b935db5f594fd/element - {"using":"xpath","value":"//input[@id=\"application-managepartners-display-component---NewPartner--companyCodeComboBox-inner\"]"}
RESULT: {"using":"xpath","value":"//input[@id=\"application-managepartners-display-component---NewPartner--companyCodeComboBox-inner\"]"}
COMMAND: POST /session/bee63c40a1bdae7ce06b935db5f594fd/element/f.DD81908FE99A923B634158F1747C8007.d.2E301026C7A44FC598D91D005FAC93BA.e.3564/clear - {}
RESULT: {}
COMMAND: POST /session/bee63c40a1bdae7ce06b935db5f594fd/element/f.DD81908FE99A923B634158F1747C8007.d.2E301026C7A44FC598D91D005FAC93BA.e.3564/value - {"text":"C002"}
COMMAND: GET /session/bee63c40a1bdae7ce06b935db5f594fd/screenshot - {}
RESULT: {"text":"C002"}
COMMAND: GET /session/bee63c40a1bdae7ce06b935db5f594fd/screenshot - {}
RESULT: {}
RESULT: {}
COMMAND: POST /session/bee63c40a1bdae7ce06b935db5f594fd/element - {"using":"xpath","value":"//li[.//span[text()= \"C002\"]]"}
RESULT: {"using":"xpath","value":"//li[.//span[text()= \"C002\"]]"}
COMMAND: POST /session/bee63c40a1bdae7ce06b935db5f594fd/element/f.DD81908FE99A923B634158F1747C8007.d.2E301026C7A44FC598D91D005FAC93BA.e.3774/click - {}
RESULT: {}
COMMAND: GET /session/bee63c40a1bdae7ce06b935db5f594fd/screenshot - {}
RESULT: {}
COMMAND: POST /session/bee63c40a1bdae7ce06b935db5f594fd/execute/async - {"script":"<script> [1562 bytes]","args":[{"selector":{"id":"application-managepartners-display-component---NewPartner--btnAddTableRow-img"},"wdio_ui5_key":"applicationmanagepartners-display-component---NewPartner--btnAddTableRow-img"}]}
RESULT: {"script":"<script> [1562 bytes]","args":[{"selector":{"id":"application-managepartners-display-component---NewPartner--btnAddTableRow-img"},"wdio_ui5_key":"applicationmanagepartners-display-component---NewPartner--btnAddTableRow-img"}]}
RESULT: undefined
COMMAND: POST /session/bee63c40a1bdae7ce06b935db5f594fd/element - {"using":"xpath","value":"//*[@id=\"application-managepartners-display-component---NewPartner--btnAddTableRow-img\"]"}
RESULT: {"using":"xpath","value":"//*[@id=\"application-managepartners-display-component---NewPartner--btnAddTableRow-img\"]"}
COMMAND: POST /session/bee63c40a1bdae7ce06b935db5f594fd/element/f.DD81908FE99A923B634158F1747C8007.d.2E301026C7A44FC598D91D005FAC93BA.e.3775/click - {}
RESULT: {}
COMMAND: GET /session/bee63c40a1bdae7ce06b935db5f594fd/screenshot - {}
RESULT: {}
COMMAND: POST /session/bee63c40a1bdae7ce06b935db5f594fd/element - {"using":"xpath","value":"//input[@id=\"application-managepartners-display-component---NewPartner--assignmentYard-application-managepartners-display-component---NewPartner--assignmentsTable-0-inner\"]"}
RESULT: {"using":"xpath","value":"//input[@id=\"application-managepartners-display-component---NewPartner--assignmentYard-application-managepartners-display-component---NewPartner--assignmentsTable-0-inner\"]"}
COMMAND: POST /session/bee63c40a1bdae7ce06b935db5f594fd/element/f.DD81908FE99A923B634158F1747C8007.d.2E301026C7A44FC598D91D005FAC93BA.e.3778/clear - {}
RESULT: {}
COMMAND: POST /session/bee63c40a1bdae7ce06b935db5f594fd/element/f.DD81908FE99A923B634158F1747C8007.d.2E301026C7A44FC598D91D005FAC93BA.e.3778/value - {"text":"243"}
COMMAND: GET /session/bee63c40a1bdae7ce06b935db5f594fd/screenshot - {}
RESULT: {"text":"243"}
COMMAND: GET /session/bee63c40a1bdae7ce06b935db5f594fd/screenshot - {}
RESULT: {}
RESULT: {}
COMMAND: POST /session/bee63c40a1bdae7ce06b935db5f594fd/element - {"using":"xpath","value":"//ul[contains(@id,\"NewPartner--assignmentsTable-0-popup-list-listUl\")]//li[.//span[text()='243']]"}
RESULT: {"using":"xpath","value":"//ul[contains(@id,\"NewPartner--assignmentsTable-0-popup-list-listUl\")]//li[.//span[text()='243']]"}
COMMAND: POST /session/bee63c40a1bdae7ce06b935db5f594fd/element/f.DD81908FE99A923B634158F1747C8007.d.2E301026C7A44FC598D91D005FAC93BA.e.3787/click - {}
RESULT: {}
COMMAND: GET /session/bee63c40a1bdae7ce06b935db5f594fd/screenshot - {}
RESULT: {}
COMMAND: POST /session/bee63c40a1bdae7ce06b935db5f594fd/actions - {"actions":[{"id":"action12","type":"key","parameters":{},"actions":[{"type":"keyDown","value":""},{"type":"pause","duration":10},{"type":"keyUp","value":""}]}]}
RESULT: {"actions":[{"id":"action12","type":"key","parameters":{},"actions":[{"type":"keyDown","value":""},{"type":"pause","duration":10},{"type":"keyUp","value":""}]}]}
COMMAND: POST /session/bee63c40a1bdae7ce06b935db5f594fd/execute/async - {"script":"<script> [1562 bytes]","args":[{"selector":{"id":"application-managepartners-display-component---NewPartner--externalCustomerComboBox-application-managepartners-display-component---NewPartner--assignmentsTable-0-vhi"},"wdio_ui5_key":"applicationmanagepartners-display-component---NewPartner--externalCustomerComboBox-application-managepartners-display-component---NewPartner--assignmentsTable-0-vhi"}]}
COMMAND: GET /session/bee63c40a1bdae7ce06b935db5f594fd/screenshot - {}
RESULT: {"script":"<script> [1562 bytes]","args":[{"selector":{"id":"application-managepartners-display-component---NewPartner--externalCustomerComboBox-application-managepartners-display-component---NewPartner--assignmentsTable-0-vhi"},"wdio_ui5_key":"applicationmanagepartners-display-component---NewPartner--externalCustomerComboBox-application-managepartners-display-component---NewPartner--assignmentsTable-0-vhi"}]}
RESULT: undefined
COMMAND: POST /session/bee63c40a1bdae7ce06b935db5f594fd/element - {"using":"xpath","value":"//*[@id=\"application-managepartners-display-component---NewPartner--externalCustomerComboBox-application-managepartners-display-component---NewPartner--assignmentsTable-0-vhi\"]"}
RESULT: {}
RESULT: {"using":"xpath","value":"//*[@id=\"application-managepartners-display-component---NewPartner--externalCustomerComboBox-application-managepartners-display-component---NewPartner--assignmentsTable-0-vhi\"]"}
COMMAND: POST /session/bee63c40a1bdae7ce06b935db5f594fd/element/f.DD81908FE99A923B634158F1747C8007.d.2E301026C7A44FC598D91D005FAC93BA.e.3791/click - {}
RESULT: {}
RESULT: undefined
COMMAND: POST /session/bee63c40a1bdae7ce06b935db5f594fd/execute/async - {"script":"<script> [776 bytes]","args":[{"enterText":"300003","selector":{"controlType":"sap.m.SearchField","properties":{"placeholder":"Search"},"searchOpenDialogs":true,"interaction":{"idSuffix":"I"}},"clearTextFirst":true,"interactionType":"ENTER_TEXT"}]}
COMMAND: GET /session/bee63c40a1bdae7ce06b935db5f594fd/screenshot - {}
RESULT: {"script":"<script> [776 bytes]","args":[{"enterText":"300003","selector":{"controlType":"sap.m.SearchField","properties":{"placeholder":"Search"},"searchOpenDialogs":true,"interaction":{"idSuffix":"I"}},"clearTextFirst":true,"interactionType":"ENTER_TEXT"}]}
COMMAND: POST /session/bee63c40a1bdae7ce06b935db5f594fd/actions - {"actions":[{"id":"action13","type":"key","parameters":{},"actions":[{"type":"keyDown","value":""},{"type":"pause","duration":10},{"type":"keyUp","value":""}]}]}
RESULT: {}
RESULT: {"actions":[{"id":"action13","type":"key","parameters":{},"actions":[{"type":"keyDown","value":""},{"type":"pause","duration":10},{"type":"keyUp","value":""}]}]}
COMMAND: GET /session/bee63c40a1bdae7ce06b935db5f594fd/screenshot - {}
RESULT: {}
COMMAND: POST /session/bee63c40a1bdae7ce06b935db5f594fd/element - {"using":"xpath","value":"//span[contains(text(), \"300003\")]"}
RESULT: {"using":"xpath","value":"//span[contains(text(), \"300003\")]"}
COMMAND: POST /session/bee63c40a1bdae7ce06b935db5f594fd/element/f.DD81908FE99A923B634158F1747C8007.d.2E301026C7A44FC598D91D005FAC93BA.e.3841/click - {}
RESULT: {}
COMMAND: GET /session/bee63c40a1bdae7ce06b935db5f594fd/screenshot - {}
RESULT: {}
COMMAND: POST /session/bee63c40a1bdae7ce06b935db5f594fd/element - {"using":"xpath","value":"//bdi[contains(text(), \"OK\")]"}
RESULT: {"using":"xpath","value":"//bdi[contains(text(), \"OK\")]"}
COMMAND: POST /session/bee63c40a1bdae7ce06b935db5f594fd/element/f.DD81908FE99A923B634158F1747C8007.d.2E301026C7A44FC598D91D005FAC93BA.e.3843/click - {}
RESULT: {}
COMMAND: GET /session/bee63c40a1bdae7ce06b935db5f594fd/screenshot - {}
RESULT: {}
COMMAND: POST /session/bee63c40a1bdae7ce06b935db5f594fd/execute/async - {"script":"<script> [1562 bytes]","args":[{"selector":{"id":"application-managepartners-display-component---NewPartner--intercompVendorComboBox-application-managepartners-display-component---NewPartner--assignmentsTable-0-vhi"},"wdio_ui5_key":"applicationmanagepartners-display-component---NewPartner--intercompVendorComboBox-application-managepartners-display-component---NewPartner--assignmentsTable-0-vhi"}]}
RESULT: {"script":"<script> [1562 bytes]","args":[{"selector":{"id":"application-managepartners-display-component---NewPartner--intercompVendorComboBox-application-managepartners-display-component---NewPartner--assignmentsTable-0-vhi"},"wdio_ui5_key":"applicationmanagepartners-display-component---NewPartner--intercompVendorComboBox-application-managepartners-display-component---NewPartner--assignmentsTable-0-vhi"}]}
RESULT: undefined
COMMAND: POST /session/bee63c40a1bdae7ce06b935db5f594fd/element - {"using":"xpath","value":"//*[@id=\"application-managepartners-display-component---NewPartner--intercompVendorComboBox-application-managepartners-display-component---NewPartner--assignmentsTable-0-vhi\"]"}
RESULT: {"using":"xpath","value":"//*[@id=\"application-managepartners-display-component---NewPartner--intercompVendorComboBox-application-managepartners-display-component---NewPartner--assignmentsTable-0-vhi\"]"}
COMMAND: POST /session/bee63c40a1bdae7ce06b935db5f594fd/element/f.DD81908FE99A923B634158F1747C8007.d.2E301026C7A44FC598D91D005FAC93BA.e.3846/click - {}
RESULT: {}
RESULT: undefined
COMMAND: POST /session/bee63c40a1bdae7ce06b935db5f594fd/execute/async - {"script":"<script> [776 bytes]","args":[{"enterText":"100005","selector":{"controlType":"sap.m.SearchField","properties":{"placeholder":"Search"},"searchOpenDialogs":true,"interaction":{"idSuffix":"I"}},"clearTextFirst":true,"interactionType":"ENTER_TEXT"}]}
COMMAND: GET /session/bee63c40a1bdae7ce06b935db5f594fd/screenshot - {}
RESULT: {"script":"<script> [776 bytes]","args":[{"enterText":"100005","selector":{"controlType":"sap.m.SearchField","properties":{"placeholder":"Search"},"searchOpenDialogs":true,"interaction":{"idSuffix":"I"}},"clearTextFirst":true,"interactionType":"ENTER_TEXT"}]}
COMMAND: POST /session/bee63c40a1bdae7ce06b935db5f594fd/actions - {"actions":[{"id":"action14","type":"key","parameters":{},"actions":[{"type":"keyDown","value":""},{"type":"pause","duration":10},{"type":"keyUp","value":""}]}]}
RESULT: {}
RESULT: {"actions":[{"id":"action14","type":"key","parameters":{},"actions":[{"type":"keyDown","value":""},{"type":"pause","duration":10},{"type":"keyUp","value":""}]}]}
COMMAND: GET /session/bee63c40a1bdae7ce06b935db5f594fd/screenshot - {}
RESULT: {}
COMMAND: POST /session/bee63c40a1bdae7ce06b935db5f594fd/element - {"using":"xpath","value":"//span[contains(text(), \"Penguins - Field/12345 Berlin\")]"}
RESULT: {"using":"xpath","value":"//span[contains(text(), \"Penguins - Field/12345 Berlin\")]"}
COMMAND: POST /session/bee63c40a1bdae7ce06b935db5f594fd/element/f.DD81908FE99A923B634158F1747C8007.d.2E301026C7A44FC598D91D005FAC93BA.e.3864/click - {}
RESULT: {}
COMMAND: GET /session/bee63c40a1bdae7ce06b935db5f594fd/screenshot - {}
RESULT: {}
COMMAND: POST /session/bee63c40a1bdae7ce06b935db5f594fd/element - {"using":"xpath","value":"//bdi[contains(text(), \"OK\")]"}
RESULT: {"using":"xpath","value":"//bdi[contains(text(), \"OK\")]"}
COMMAND: POST /session/bee63c40a1bdae7ce06b935db5f594fd/element/f.DD81908FE99A923B634158F1747C8007.d.2E301026C7A44FC598D91D005FAC93BA.e.3865/click - {}
RESULT: {}
COMMAND: GET /session/bee63c40a1bdae7ce06b935db5f594fd/screenshot - {}
RESULT: {}
COMMAND: POST /session/bee63c40a1bdae7ce06b935db5f594fd/element - {"using":"xpath","value":"//button[@data-kt=\"saveButton\"]"}
RESULT: {"using":"xpath","value":"//button[@data-kt=\"saveButton\"]"}
COMMAND: POST /session/bee63c40a1bdae7ce06b935db5f594fd/element/f.DD81908FE99A923B634158F1747C8007.d.2E301026C7A44FC598D91D005FAC93BA.e.3680/click - {}
RESULT: {}
COMMAND: GET /session/bee63c40a1bdae7ce06b935db5f594fd/screenshot - {}
RESULT: {}
COMMAND: POST /session/bee63c40a1bdae7ce06b935db5f594fd/element - {"using":"xpath","value":"//header[contains(@id, 'ObjectPageLayout-headerTitle')]/div[1]/div[2]/div[2]/span[1]"}
RESULT: {"using":"xpath","value":"//header[contains(@id, 'ObjectPageLayout-headerTitle')]/div[1]/div[2]/div[2]/span[1]"}
COMMAND: POST /session/bee63c40a1bdae7ce06b935db5f594fd/elements - {"using":"xpath","value":"//header[contains(@id, 'ObjectPageLayout-headerTitle')]/div[1]/div[2]/div[2]/span[1]"}
RESULT: {"using":"xpath","value":"//header[contains(@id, 'ObjectPageLayout-headerTitle')]/div[1]/div[2]/div[2]/span[1]"}
COMMAND: POST /session/bee63c40a1bdae7ce06b935db5f594fd/execute/sync - {"script":"<script> [56 bytes]","args":[{"element-6066-11e4-a52e-4f735466cecf":"f.DD81908FE99A923B634158F1747C8007.d.2E301026C7A44FC598D91D005FAC93BA.e.4022","ELEMENT":"f.DD81908FE99A923B634158F1747C8007.d.2E301026C7A44FC598D91D005FAC93BA.e.4022"}]}
RESULT: {"script":"<script> [56 bytes]","args":[{"element-6066-11e4-a52e-4f735466cecf":"f.DD81908FE99A923B634158F1747C8007.d.2E301026C7A44FC598D91D005FAC93BA.e.4022","ELEMENT":"f.DD81908FE99A923B634158F1747C8007.d.2E301026C7A44FC598D91D005FAC93BA.e.4022"}]}
COMMAND: POST /session/bee63c40a1bdae7ce06b935db5f594fd/element - {"using":"css selector","value":"#shell-header-logo"}
COMMAND: GET /session/bee63c40a1bdae7ce06b935db5f594fd/screenshot - {}
RESULT: {"using":"css selector","value":"#shell-header-logo"}
COMMAND: POST /session/bee63c40a1bdae7ce06b935db5f594fd/element/f.DD81908FE99A923B634158F1747C8007.d.2E301026C7A44FC598D91D005FAC93BA.e.3235/click - {}
RESULT: {}
RESULT: {}
COMMAND: GET /session/bee63c40a1bdae7ce06b935db5f594fd/screenshot - {}
RESULT: {}
COMMAND: POST /session/bee63c40a1bdae7ce06b935db5f594fd/execute/sync - {"script":"<script> [299 bytes]","args":[["getModel","getResource"]]}
RESULT: {"script":"<script> [299 bytes]","args":[["getModel","getResource"]]}
]]></system-out>
    </testcase>
    <testcase classname="chrome.137_0_7151_69.windows.Edit_and_delete_daily_price_US134629_US134627" name="Should create a new site used for following tests" time="157.714">
      <system-out><![CDATA[
COMMAND: POST /session/bee63c40a1bdae7ce06b935db5f594fd/execute/async - {"script":"<script> [1562 bytes]","args":[{"selector":{"controlType":"sap.m.GenericTile","properties":{"header":"Manage Sites"}},"wdio_ui5_key":"sapm.GenericTile{\"header\":\"Manage Sites\"}"}]}
COMMAND: GET /session/bee63c40a1bdae7ce06b935db5f594fd/screenshot - {}
RESULT: {"script":"<script> [1562 bytes]","args":[{"selector":{"controlType":"sap.m.GenericTile","properties":{"header":"Manage Sites"}},"wdio_ui5_key":"sapm.GenericTile{\"header\":\"Manage Sites\"}"}]}
RESULT: undefined
COMMAND: POST /session/bee63c40a1bdae7ce06b935db5f594fd/element - {"using":"xpath","value":"//*[@id=\"__tile41\"]"}
RESULT: {}
RESULT: {"using":"xpath","value":"//*[@id=\"__tile41\"]"}
COMMAND: POST /session/bee63c40a1bdae7ce06b935db5f594fd/element/f.DD81908FE99A923B634158F1747C8007.d.2E301026C7A44FC598D91D005FAC93BA.e.3126/click - {}
RESULT: {}
COMMAND: GET /session/bee63c40a1bdae7ce06b935db5f594fd/screenshot - {}
RESULT: {}
COMMAND: POST /session/bee63c40a1bdae7ce06b935db5f594fd/elements - {"using":"xpath","value":"//span[text()='Error']"}
RESULT: {"using":"xpath","value":"//span[text()='Error']"}
COMMAND: POST /session/bee63c40a1bdae7ce06b935db5f594fd/element - {"using":"xpath","value":"//button[@data-kt=\"addOverflowToolbarButton\"]"}
RESULT: {"using":"xpath","value":"//button[@data-kt=\"addOverflowToolbarButton\"]"}
COMMAND: POST /session/bee63c40a1bdae7ce06b935db5f594fd/elements - {"using":"xpath","value":"//button[@data-kt=\"addOverflowToolbarButton\"]"}
RESULT: {"using":"xpath","value":"//button[@data-kt=\"addOverflowToolbarButton\"]"}
COMMAND: POST /session/bee63c40a1bdae7ce06b935db5f594fd/execute/sync - {"script":"<script> [8489 bytes]","args":[{"element-6066-11e4-a52e-4f735466cecf":"f.DD81908FE99A923B634158F1747C8007.d.2E301026C7A44FC598D91D005FAC93BA.e.4070","ELEMENT":"f.DD81908FE99A923B634158F1747C8007.d.2E301026C7A44FC598D91D005FAC93BA.e.4070"}]}
RESULT: {"script":"<script> [8489 bytes]","args":[{"element-6066-11e4-a52e-4f735466cecf":"f.DD81908FE99A923B634158F1747C8007.d.2E301026C7A44FC598D91D005FAC93BA.e.4070","ELEMENT":"f.DD81908FE99A923B634158F1747C8007.d.2E301026C7A44FC598D91D005FAC93BA.e.4070"}]}
COMMAND: GET /session/bee63c40a1bdae7ce06b935db5f594fd/element/f.DD81908FE99A923B634158F1747C8007.d.2E301026C7A44FC598D91D005FAC93BA.e.4070/enabled - {}
COMMAND: GET /session/bee63c40a1bdae7ce06b935db5f594fd/screenshot - {}
RESULT: {}
COMMAND: POST /session/bee63c40a1bdae7ce06b935db5f594fd/execute/sync - {"script":"<script> [8489 bytes]","args":[{"element-6066-11e4-a52e-4f735466cecf":"f.DD81908FE99A923B634158F1747C8007.d.2E301026C7A44FC598D91D005FAC93BA.e.4070","ELEMENT":"f.DD81908FE99A923B634158F1747C8007.d.2E301026C7A44FC598D91D005FAC93BA.e.4070"}]}
COMMAND: GET /session/bee63c40a1bdae7ce06b935db5f594fd/screenshot - {}
RESULT: {}
RESULT: {"script":"<script> [8489 bytes]","args":[{"element-6066-11e4-a52e-4f735466cecf":"f.DD81908FE99A923B634158F1747C8007.d.2E301026C7A44FC598D91D005FAC93BA.e.4070","ELEMENT":"f.DD81908FE99A923B634158F1747C8007.d.2E301026C7A44FC598D91D005FAC93BA.e.4070"}]}
COMMAND: POST /session/bee63c40a1bdae7ce06b935db5f594fd/execute/sync - {"script":"<script> [5351 bytes]","args":[{"element-6066-11e4-a52e-4f735466cecf":"f.DD81908FE99A923B634158F1747C8007.d.2E301026C7A44FC598D91D005FAC93BA.e.4070","ELEMENT":"f.DD81908FE99A923B634158F1747C8007.d.2E301026C7A44FC598D91D005FAC93BA.e.4070"}]}
COMMAND: GET /session/bee63c40a1bdae7ce06b935db5f594fd/screenshot - {}
RESULT: {}
RESULT: {"script":"<script> [5351 bytes]","args":[{"element-6066-11e4-a52e-4f735466cecf":"f.DD81908FE99A923B634158F1747C8007.d.2E301026C7A44FC598D91D005FAC93BA.e.4070","ELEMENT":"f.DD81908FE99A923B634158F1747C8007.d.2E301026C7A44FC598D91D005FAC93BA.e.4070"}]}
COMMAND: POST /session/bee63c40a1bdae7ce06b935db5f594fd/element/f.DD81908FE99A923B634158F1747C8007.d.2E301026C7A44FC598D91D005FAC93BA.e.4070/click - {}
COMMAND: GET /session/bee63c40a1bdae7ce06b935db5f594fd/screenshot - {}
RESULT: {}
RESULT: {}
COMMAND: GET /session/bee63c40a1bdae7ce06b935db5f594fd/screenshot - {}
COMMAND: POST /session/bee63c40a1bdae7ce06b935db5f594fd/element - {"using":"xpath","value":"//input[@id=\"application-managesites-display-component---NewSite--siteId-inner\"]"}
RESULT: {}
RESULT: {}
RESULT: {"using":"xpath","value":"//input[@id=\"application-managesites-display-component---NewSite--siteId-inner\"]"}
COMMAND: POST /session/bee63c40a1bdae7ce06b935db5f594fd/element - {"using":"xpath","value":"//input[@id=\"application-managesites-display-component---NewSite--siteId-inner\"]"}
RESULT: {"using":"xpath","value":"//input[@id=\"application-managesites-display-component---NewSite--siteId-inner\"]"}
COMMAND: POST /session/bee63c40a1bdae7ce06b935db5f594fd/execute/async - {"script":"<script> [1562 bytes]","args":[{"selector":{"id":"application-managesites-display-component---NewSite--addressDetailDetailsName1","interaction":{"idSuffix":"inner"}},"wdio_ui5_key":"applicationmanagesites-display-component---NewSite--addressDetailDetailsName1"}]}
RESULT: {"script":"<script> [1562 bytes]","args":[{"selector":{"id":"application-managesites-display-component---NewSite--addressDetailDetailsName1","interaction":{"idSuffix":"inner"}},"wdio_ui5_key":"applicationmanagesites-display-component---NewSite--addressDetailDetailsName1"}]}
RESULT: undefined
COMMAND: POST /session/bee63c40a1bdae7ce06b935db5f594fd/execute/async - {"script":"<script> [776 bytes]","args":[{"enterText":"DailyPrice WDIO","selector":{"id":"application-managesites-display-component---NewSite--addressDetailDetailsName1","interaction":{"idSuffix":"inner"}},"clearTextFirst":true,"interactionType":"ENTER_TEXT"}]}
RESULT: {"script":"<script> [776 bytes]","args":[{"enterText":"DailyPrice WDIO","selector":{"id":"application-managesites-display-component---NewSite--addressDetailDetailsName1","interaction":{"idSuffix":"inner"}},"clearTextFirst":true,"interactionType":"ENTER_TEXT"}]}
COMMAND: POST /session/bee63c40a1bdae7ce06b935db5f594fd/execute/async - {"script":"<script> [1562 bytes]","args":[{"selector":{"id":"application-managesites-display-component---NewSite--addressDetailDetailsLanguage-arrow"},"wdio_ui5_key":"applicationmanagesites-display-component---NewSite--addressDetailDetailsLanguage-arrow"}]}
RESULT: {"script":"<script> [1562 bytes]","args":[{"selector":{"id":"application-managesites-display-component---NewSite--addressDetailDetailsLanguage-arrow"},"wdio_ui5_key":"applicationmanagesites-display-component---NewSite--addressDetailDetailsLanguage-arrow"}]}
RESULT: undefined
COMMAND: POST /session/bee63c40a1bdae7ce06b935db5f594fd/element - {"using":"xpath","value":"//*[@id=\"application-managesites-display-component---NewSite--addressDetailDetailsLanguage-arrow\"]"}
RESULT: {"using":"xpath","value":"//*[@id=\"application-managesites-display-component---NewSite--addressDetailDetailsLanguage-arrow\"]"}
COMMAND: POST /session/bee63c40a1bdae7ce06b935db5f594fd/element/f.DD81908FE99A923B634158F1747C8007.d.2E301026C7A44FC598D91D005FAC93BA.e.4689/click - {}
RESULT: {}
COMMAND: POST /session/bee63c40a1bdae7ce06b935db5f594fd/element - {"using":"xpath","value":"//span[contains(text(), \"English\")]"}
COMMAND: GET /session/bee63c40a1bdae7ce06b935db5f594fd/screenshot - {}
RESULT: {"using":"xpath","value":"//span[contains(text(), \"English\")]"}
COMMAND: POST /session/bee63c40a1bdae7ce06b935db5f594fd/element/f.DD81908FE99A923B634158F1747C8007.d.2E301026C7A44FC598D91D005FAC93BA.e.4690/click - {}
RESULT: {}
RESULT: {}
COMMAND: POST /session/bee63c40a1bdae7ce06b935db5f594fd/execute/async - {"script":"<script> [1562 bytes]","args":[{"selector":{"id":"application-managesites-display-component---NewSite--addressDetailDetailsCity1","interaction":{"idSuffix":"inner"}},"wdio_ui5_key":"applicationmanagesites-display-component---NewSite--addressDetailDetailsCity1"}]}
COMMAND: GET /session/bee63c40a1bdae7ce06b935db5f594fd/screenshot - {}
RESULT: {"script":"<script> [1562 bytes]","args":[{"selector":{"id":"application-managesites-display-component---NewSite--addressDetailDetailsCity1","interaction":{"idSuffix":"inner"}},"wdio_ui5_key":"applicationmanagesites-display-component---NewSite--addressDetailDetailsCity1"}]}
RESULT: undefined
COMMAND: POST /session/bee63c40a1bdae7ce06b935db5f594fd/execute/async - {"script":"<script> [776 bytes]","args":[{"enterText":"Rosario","selector":{"id":"application-managesites-display-component---NewSite--addressDetailDetailsCity1","interaction":{"idSuffix":"inner"}},"clearTextFirst":true,"interactionType":"ENTER_TEXT"}]}
RESULT: {}
RESULT: {"script":"<script> [776 bytes]","args":[{"enterText":"Rosario","selector":{"id":"application-managesites-display-component---NewSite--addressDetailDetailsCity1","interaction":{"idSuffix":"inner"}},"clearTextFirst":true,"interactionType":"ENTER_TEXT"}]}
COMMAND: POST /session/bee63c40a1bdae7ce06b935db5f594fd/execute/async - {"script":"<script> [1562 bytes]","args":[{"selector":{"id":"application-managesites-display-component---NewSite--addressDetailDetailsCountry-arrow"},"wdio_ui5_key":"applicationmanagesites-display-component---NewSite--addressDetailDetailsCountry-arrow"}]}
RESULT: {"script":"<script> [1562 bytes]","args":[{"selector":{"id":"application-managesites-display-component---NewSite--addressDetailDetailsCountry-arrow"},"wdio_ui5_key":"applicationmanagesites-display-component---NewSite--addressDetailDetailsCountry-arrow"}]}
RESULT: undefined
COMMAND: POST /session/bee63c40a1bdae7ce06b935db5f594fd/element - {"using":"xpath","value":"//*[@id=\"application-managesites-display-component---NewSite--addressDetailDetailsCountry-arrow\"]"}
RESULT: {"using":"xpath","value":"//*[@id=\"application-managesites-display-component---NewSite--addressDetailDetailsCountry-arrow\"]"}
COMMAND: POST /session/bee63c40a1bdae7ce06b935db5f594fd/element/f.DD81908FE99A923B634158F1747C8007.d.2E301026C7A44FC598D91D005FAC93BA.e.4692/click - {}
RESULT: {}
COMMAND: POST /session/bee63c40a1bdae7ce06b935db5f594fd/element - {"using":"xpath","value":"//span[contains(text(), \"Argentina\")]"}
COMMAND: GET /session/bee63c40a1bdae7ce06b935db5f594fd/screenshot - {}
RESULT: {"using":"xpath","value":"//span[contains(text(), \"Argentina\")]"}
COMMAND: POST /session/bee63c40a1bdae7ce06b935db5f594fd/element/f.DD81908FE99A923B634158F1747C8007.d.2E301026C7A44FC598D91D005FAC93BA.e.4693/click - {}
RESULT: {}
RESULT: {}
COMMAND: GET /session/bee63c40a1bdae7ce06b935db5f594fd/screenshot - {}
RESULT: {}
COMMAND: POST /session/bee63c40a1bdae7ce06b935db5f594fd/execute/async - {"script":"<script> [1562 bytes]","args":[{"selector":{"id":"application-managesites-display-component---NewSite--addressEditDetailsCostObjectCstType-arrow"},"wdio_ui5_key":"applicationmanagesites-display-component---NewSite--addressEditDetailsCostObjectCstType-arrow"}]}
RESULT: {"script":"<script> [1562 bytes]","args":[{"selector":{"id":"application-managesites-display-component---NewSite--addressEditDetailsCostObjectCstType-arrow"},"wdio_ui5_key":"applicationmanagesites-display-component---NewSite--addressEditDetailsCostObjectCstType-arrow"}]}
RESULT: undefined
COMMAND: POST /session/bee63c40a1bdae7ce06b935db5f594fd/element - {"using":"xpath","value":"//*[@id=\"application-managesites-display-component---NewSite--addressEditDetailsCostObjectCstType-arrow\"]"}
RESULT: {"using":"xpath","value":"//*[@id=\"application-managesites-display-component---NewSite--addressEditDetailsCostObjectCstType-arrow\"]"}
COMMAND: POST /session/bee63c40a1bdae7ce06b935db5f594fd/element/f.DD81908FE99A923B634158F1747C8007.d.2E301026C7A44FC598D91D005FAC93BA.e.4695/click - {}
RESULT: {}
COMMAND: POST /session/bee63c40a1bdae7ce06b935db5f594fd/element - {"using":"xpath","value":"//span[contains(text(), \"Cost Center\")]"}
COMMAND: GET /session/bee63c40a1bdae7ce06b935db5f594fd/screenshot - {}
RESULT: {"using":"xpath","value":"//span[contains(text(), \"Cost Center\")]"}
COMMAND: POST /session/bee63c40a1bdae7ce06b935db5f594fd/element/f.DD81908FE99A923B634158F1747C8007.d.2E301026C7A44FC598D91D005FAC93BA.e.4696/click - {}
RESULT: {}
RESULT: {}
COMMAND: GET /session/bee63c40a1bdae7ce06b935db5f594fd/screenshot - {}
RESULT: {}
COMMAND: POST /session/bee63c40a1bdae7ce06b935db5f594fd/element - {"using":"xpath","value":"//span[@id=\"application-managesites-display-component---NewSite--addressNewCostObjectCstID-vhi\"]"}
RESULT: {"using":"xpath","value":"//span[@id=\"application-managesites-display-component---NewSite--addressNewCostObjectCstID-vhi\"]"}
COMMAND: POST /session/bee63c40a1bdae7ce06b935db5f594fd/execute/sync - {"script":"<script> [8489 bytes]","args":[{"element-6066-11e4-a52e-4f735466cecf":"f.DD81908FE99A923B634158F1747C8007.d.2E301026C7A44FC598D91D005FAC93BA.e.4701","ELEMENT":"f.DD81908FE99A923B634158F1747C8007.d.2E301026C7A44FC598D91D005FAC93BA.e.4701"}]}
RESULT: {"script":"<script> [8489 bytes]","args":[{"element-6066-11e4-a52e-4f735466cecf":"f.DD81908FE99A923B634158F1747C8007.d.2E301026C7A44FC598D91D005FAC93BA.e.4701","ELEMENT":"f.DD81908FE99A923B634158F1747C8007.d.2E301026C7A44FC598D91D005FAC93BA.e.4701"}]}
COMMAND: POST /session/bee63c40a1bdae7ce06b935db5f594fd/execute/async - {"script":"<script> [1562 bytes]","args":[{"selector":{"id":"application-managesites-display-component---NewSite--addressNewCostObjectCstID-vhi"},"wdio_ui5_key":"applicationmanagesites-display-component---NewSite--addressNewCostObjectCstID-vhi"}]}
COMMAND: GET /session/bee63c40a1bdae7ce06b935db5f594fd/screenshot - {}
RESULT: {"script":"<script> [1562 bytes]","args":[{"selector":{"id":"application-managesites-display-component---NewSite--addressNewCostObjectCstID-vhi"},"wdio_ui5_key":"applicationmanagesites-display-component---NewSite--addressNewCostObjectCstID-vhi"}]}
RESULT: undefined
COMMAND: POST /session/bee63c40a1bdae7ce06b935db5f594fd/element - {"using":"xpath","value":"//*[@id=\"application-managesites-display-component---NewSite--addressNewCostObjectCstID-vhi\"]"}
RESULT: {}
RESULT: {"using":"xpath","value":"//*[@id=\"application-managesites-display-component---NewSite--addressNewCostObjectCstID-vhi\"]"}
COMMAND: POST /session/bee63c40a1bdae7ce06b935db5f594fd/element/f.DD81908FE99A923B634158F1747C8007.d.2E301026C7A44FC598D91D005FAC93BA.e.4701/click - {}
RESULT: {}
COMMAND: GET /session/bee63c40a1bdae7ce06b935db5f594fd/screenshot - {}
RESULT: {}
RESULT: undefined
COMMAND: POST /session/bee63c40a1bdae7ce06b935db5f594fd/execute/async - {"script":"<script> [776 bytes]","args":[{"enterText":"10001013","selector":{"controlType":"sap.m.SearchField","properties":{"placeholder":"Search"},"searchOpenDialogs":true,"interaction":{"idSuffix":"I"}},"clearTextFirst":true,"interactionType":"ENTER_TEXT"}]}
RESULT: {"script":"<script> [776 bytes]","args":[{"enterText":"10001013","selector":{"controlType":"sap.m.SearchField","properties":{"placeholder":"Search"},"searchOpenDialogs":true,"interaction":{"idSuffix":"I"}},"clearTextFirst":true,"interactionType":"ENTER_TEXT"}]}
COMMAND: POST /session/bee63c40a1bdae7ce06b935db5f594fd/actions - {"actions":[{"id":"action15","type":"key","parameters":{},"actions":[{"type":"keyDown","value":""},{"type":"pause","duration":10},{"type":"keyUp","value":""}]}]}
RESULT: {"actions":[{"id":"action15","type":"key","parameters":{},"actions":[{"type":"keyDown","value":""},{"type":"pause","duration":10},{"type":"keyUp","value":""}]}]}
COMMAND: GET /session/bee63c40a1bdae7ce06b935db5f594fd/screenshot - {}
RESULT: {}
COMMAND: POST /session/bee63c40a1bdae7ce06b935db5f594fd/element - {"using":"xpath","value":"//span[contains(text(), \"General Management\")]"}
RESULT: {"using":"xpath","value":"//span[contains(text(), \"General Management\")]"}
COMMAND: POST /session/bee63c40a1bdae7ce06b935db5f594fd/element/f.DD81908FE99A923B634158F1747C8007.d.2E301026C7A44FC598D91D005FAC93BA.e.4740/click - {}
RESULT: {}
COMMAND: GET /session/bee63c40a1bdae7ce06b935db5f594fd/screenshot - {}
RESULT: {}
COMMAND: POST /session/bee63c40a1bdae7ce06b935db5f594fd/element - {"using":"xpath","value":"//bdi[contains(text(), \"OK\")]"}
RESULT: {"using":"xpath","value":"//bdi[contains(text(), \"OK\")]"}
COMMAND: POST /session/bee63c40a1bdae7ce06b935db5f594fd/element/f.DD81908FE99A923B634158F1747C8007.d.2E301026C7A44FC598D91D005FAC93BA.e.4741/click - {}
RESULT: {}
COMMAND: GET /session/bee63c40a1bdae7ce06b935db5f594fd/screenshot - {}
RESULT: {}
COMMAND: POST /session/bee63c40a1bdae7ce06b935db5f594fd/element - {"using":"xpath","value":"//input[@id=\"application-managesites-display-component---NewSite--addressDetailDetailsCalendar-inner\"]"}
RESULT: {"using":"xpath","value":"//input[@id=\"application-managesites-display-component---NewSite--addressDetailDetailsCalendar-inner\"]"}
COMMAND: POST /session/bee63c40a1bdae7ce06b935db5f594fd/element/f.DD81908FE99A923B634158F1747C8007.d.2E301026C7A44FC598D91D005FAC93BA.e.4493/clear - {}
RESULT: {}
COMMAND: POST /session/bee63c40a1bdae7ce06b935db5f594fd/element/f.DD81908FE99A923B634158F1747C8007.d.2E301026C7A44FC598D91D005FAC93BA.e.4493/value - {"text":"Unit"}
COMMAND: GET /session/bee63c40a1bdae7ce06b935db5f594fd/screenshot - {}
RESULT: {"text":"Unit"}
COMMAND: GET /session/bee63c40a1bdae7ce06b935db5f594fd/screenshot - {}
RESULT: {}
RESULT: {}
COMMAND: POST /session/bee63c40a1bdae7ce06b935db5f594fd/actions - {"actions":[{"id":"action16","type":"key","parameters":{},"actions":[{"type":"keyDown","value":""},{"type":"pause","duration":10},{"type":"keyUp","value":""}]}]}
RESULT: {"actions":[{"id":"action16","type":"key","parameters":{},"actions":[{"type":"keyDown","value":""},{"type":"pause","duration":10},{"type":"keyUp","value":""}]}]}
COMMAND: POST /session/bee63c40a1bdae7ce06b935db5f594fd/element - {"using":"xpath","value":"//input[@id=\"application-managesites-display-component---NewSite--addressDetailDetailsYard-inner\"]"}
COMMAND: GET /session/bee63c40a1bdae7ce06b935db5f594fd/screenshot - {}
RESULT: {"using":"xpath","value":"//input[@id=\"application-managesites-display-component---NewSite--addressDetailDetailsYard-inner\"]"}
COMMAND: POST /session/bee63c40a1bdae7ce06b935db5f594fd/element/f.DD81908FE99A923B634158F1747C8007.d.2E301026C7A44FC598D91D005FAC93BA.e.4494/clear - {}
RESULT: {}
RESULT: {}
COMMAND: POST /session/bee63c40a1bdae7ce06b935db5f594fd/element/f.DD81908FE99A923B634158F1747C8007.d.2E301026C7A44FC598D91D005FAC93BA.e.4494/value - {"text":"243"}
COMMAND: GET /session/bee63c40a1bdae7ce06b935db5f594fd/screenshot - {}
RESULT: {"text":"243"}
COMMAND: GET /session/bee63c40a1bdae7ce06b935db5f594fd/screenshot - {}
RESULT: {}
RESULT: {}
COMMAND: POST /session/bee63c40a1bdae7ce06b935db5f594fd/element - {"using":"xpath","value":"//li[.//span[text()='243']]"}
RESULT: {"using":"xpath","value":"//li[.//span[text()='243']]"}
COMMAND: POST /session/bee63c40a1bdae7ce06b935db5f594fd/element/f.DD81908FE99A923B634158F1747C8007.d.2E301026C7A44FC598D91D005FAC93BA.e.4749/click - {}
RESULT: {}
COMMAND: GET /session/bee63c40a1bdae7ce06b935db5f594fd/screenshot - {}
RESULT: {}
COMMAND: POST /session/bee63c40a1bdae7ce06b935db5f594fd/element - {"using":"xpath","value":"//input[@id=\"application-managesites-display-component---NewSite--addressDetailDetailsPartner-inner\"]"}
RESULT: {"using":"xpath","value":"//input[@id=\"application-managesites-display-component---NewSite--addressDetailDetailsPartner-inner\"]"}
COMMAND: POST /session/bee63c40a1bdae7ce06b935db5f594fd/element - {"using":"xpath","value":"//input[@id=\"application-managesites-display-component---NewSite--addressDetailDetailsPartner-inner\"]"}
RESULT: {"using":"xpath","value":"//input[@id=\"application-managesites-display-component---NewSite--addressDetailDetailsPartner-inner\"]"}
COMMAND: POST /session/bee63c40a1bdae7ce06b935db5f594fd/element - {"using":"xpath","value":"//button[@data-kt=\"saveButton\"]"}
RESULT: {"using":"xpath","value":"//button[@data-kt=\"saveButton\"]"}
COMMAND: POST /session/bee63c40a1bdae7ce06b935db5f594fd/element/f.DD81908FE99A923B634158F1747C8007.d.2E301026C7A44FC598D91D005FAC93BA.e.4665/click - {}
RESULT: {}
COMMAND: GET /session/bee63c40a1bdae7ce06b935db5f594fd/screenshot - {}
RESULT: {}
COMMAND: POST /session/bee63c40a1bdae7ce06b935db5f594fd/element - {"using":"xpath","value":"//header[contains(@id, 'ObjectPageLayout-headerTitle')]/div[1]/div[2]/div[2]/span[1]"}
RESULT: {"using":"xpath","value":"//header[contains(@id, 'ObjectPageLayout-headerTitle')]/div[1]/div[2]/div[2]/span[1]"}
COMMAND: POST /session/bee63c40a1bdae7ce06b935db5f594fd/elements - {"using":"xpath","value":"//header[contains(@id, 'ObjectPageLayout-headerTitle')]/div[1]/div[2]/div[2]/span[1]"}
RESULT: {"using":"xpath","value":"//header[contains(@id, 'ObjectPageLayout-headerTitle')]/div[1]/div[2]/div[2]/span[1]"}
COMMAND: POST /session/bee63c40a1bdae7ce06b935db5f594fd/execute/sync - {"script":"<script> [56 bytes]","args":[{"element-6066-11e4-a52e-4f735466cecf":"f.DD81908FE99A923B634158F1747C8007.d.2E301026C7A44FC598D91D005FAC93BA.e.4940","ELEMENT":"f.DD81908FE99A923B634158F1747C8007.d.2E301026C7A44FC598D91D005FAC93BA.e.4940"}]}
RESULT: {"script":"<script> [56 bytes]","args":[{"element-6066-11e4-a52e-4f735466cecf":"f.DD81908FE99A923B634158F1747C8007.d.2E301026C7A44FC598D91D005FAC93BA.e.4940","ELEMENT":"f.DD81908FE99A923B634158F1747C8007.d.2E301026C7A44FC598D91D005FAC93BA.e.4940"}]}
COMMAND: GET /session/bee63c40a1bdae7ce06b935db5f594fd/screenshot - {}
COMMAND: POST /session/bee63c40a1bdae7ce06b935db5f594fd/execute/sync - {"script":"<script> [56 bytes]","args":[{"element-6066-11e4-a52e-4f735466cecf":"f.DD81908FE99A923B634158F1747C8007.d.2E301026C7A44FC598D91D005FAC93BA.e.4940","ELEMENT":"f.DD81908FE99A923B634158F1747C8007.d.2E301026C7A44FC598D91D005FAC93BA.e.4940"}]}
RESULT: {}
RESULT: {"script":"<script> [56 bytes]","args":[{"element-6066-11e4-a52e-4f735466cecf":"f.DD81908FE99A923B634158F1747C8007.d.2E301026C7A44FC598D91D005FAC93BA.e.4940","ELEMENT":"f.DD81908FE99A923B634158F1747C8007.d.2E301026C7A44FC598D91D005FAC93BA.e.4940"}]}
COMMAND: POST /session/bee63c40a1bdae7ce06b935db5f594fd/element - {"using":"css selector","value":"#shell-header-logo"}
COMMAND: GET /session/bee63c40a1bdae7ce06b935db5f594fd/screenshot - {}
RESULT: {"using":"css selector","value":"#shell-header-logo"}
COMMAND: POST /session/bee63c40a1bdae7ce06b935db5f594fd/element/f.DD81908FE99A923B634158F1747C8007.d.2E301026C7A44FC598D91D005FAC93BA.e.4027/click - {}
RESULT: {}
RESULT: {}
COMMAND: GET /session/bee63c40a1bdae7ce06b935db5f594fd/screenshot - {}
RESULT: {}
COMMAND: POST /session/bee63c40a1bdae7ce06b935db5f594fd/execute/sync - {"script":"<script> [299 bytes]","args":[["getModel","getResource"]]}
RESULT: {"script":"<script> [299 bytes]","args":[["getModel","getResource"]]}
COMMAND: POST /session/bee63c40a1bdae7ce06b935db5f594fd/actions - {"actions":[{"id":"action17","type":"key","parameters":{},"actions":[{"type":"keyDown","value":""},{"type":"pause","duration":10},{"type":"keyUp","value":""}]}]}
COMMAND: GET /session/bee63c40a1bdae7ce06b935db5f594fd/screenshot - {}
RESULT: {"actions":[{"id":"action17","type":"key","parameters":{},"actions":[{"type":"keyDown","value":""},{"type":"pause","duration":10},{"type":"keyUp","value":""}]}]}
COMMAND: GET /session/bee63c40a1bdae7ce06b935db5f594fd/screenshot - {}
RESULT: {}
RESULT: {}
COMMAND: POST /session/bee63c40a1bdae7ce06b935db5f594fd/refresh - {}
RESULT: {}
COMMAND: GET /session/bee63c40a1bdae7ce06b935db5f594fd/screenshot - {}
RESULT: {}
COMMAND: POST /session/bee63c40a1bdae7ce06b935db5f594fd/refresh - {}
RESULT: {}
COMMAND: GET /session/bee63c40a1bdae7ce06b935db5f594fd/screenshot - {}
RESULT: {}
COMMAND: POST /session/bee63c40a1bdae7ce06b935db5f594fd/window/fullscreen - {}
RESULT: {}
COMMAND: POST /session/bee63c40a1bdae7ce06b935db5f594fd/execute/async - {"script":"<script> [189 bytes]","args":[]}
RESULT: {"script":"<script> [189 bytes]","args":[]}
COMMAND: POST /session/bee63c40a1bdae7ce06b935db5f594fd/execute/async - {"script":"<script> [123 bytes]","args":[]}
RESULT: {"script":"<script> [123 bytes]","args":[]}
COMMAND: POST /session/bee63c40a1bdae7ce06b935db5f594fd/timeouts - {"script":"<number>"}
RESULT: {"script":"<number>"}
COMMAND: GET /session/bee63c40a1bdae7ce06b935db5f594fd/timeouts - {}
RESULT: {}
RESULT: undefined
COMMAND: POST /session/bee63c40a1bdae7ce06b935db5f594fd/execute/async - {"script":"<script> [2676 bytes]","args":[]}
RESULT: {"script":"<script> [2676 bytes]","args":[]}
COMMAND: POST /session/bee63c40a1bdae7ce06b935db5f594fd/execute/async - {"script":"<script> [2342 bytes]","args":[{"protocol":"http","hostname":"0.0.0.0","path":"/","capabilities":{"browserName":"chrome","goog:chromeOptions":{"binary":"C:\\Program Files\\Google\\Chrome\\Application\\chrome.exe","args":["--start-maximized"]}},"logLevel":"warn","connectionRetryTimeout":120000,"connectionRetryCount":3,"logLevels":{},"enableDirectConnect":true,"strictSSL":true,"_":"65 more keys: [\"cacheDir\",\"port\",\"requestedCapabilities\",\"automationProtocol\",\"baseUrl\",\"waitforInterval\",\"waitforTimeout\",\"onReload\",\"beforeCommand\",\"afterCommand\",\"rootDir\",\"specs\",\"suites\",\"exclude\",\"groupLogsByTestSpec\",\"excludeDriverLogs\",\"bail\",\"framework\",\"reporters\",\"services\",\"maxInstances\",\"maxInstancesPerCapability\",\"injectGlobals\",\"filesToWatch\",\"execArgv\",\"runnerEnv\",\"runner\",\"shard\",\"specFileRetries\",\"specFileRetriesDelay\",\"specFileRetriesDeferred\",\"reporterSyncInterval\",\"reporterSyncTimeout\",\"cucumberFeaturesWithLineNumbers\",\"autoCompileOpts\",\"mochaOpts\",\"jasmineOpts\",\"cucumberOpts\",\"onPrepare\",\"onWorkerStart\",\"onWorkerEnd\",\"before\",\"beforeSession\",\"beforeSuite\",\"beforeHook\",\"beforeTest\",\"afterTest\",\"afterHook\",\"afterSuite\",\"afterSession\",\"after\",\"onComplete\",\"beforeAssertion\",\"afterAssertion\",\"beforeFeature\",\"beforeScenario\",\"beforeStep\",\"afterStep\",\"afterScenario\",\"afterFeature\",\"_\",\"suite\",\"$0\",\"ignoredWorkerServices\",\"wdi5\"]"}]}
RESULT: {"script":"<script> [2342 bytes]","args":[{"protocol":"http","hostname":"0.0.0.0","path":"/","capabilities":{"browserName":"chrome","goog:chromeOptions":{"binary":"C:\\Program Files\\Google\\Chrome\\Application\\chrome.exe","args":["--start-maximized"]}},"logLevel":"warn","connectionRetryTimeout":120000,"connectionRetryCount":3,"logLevels":{},"enableDirectConnect":true,"strictSSL":true,"_":"65 more keys: [\"cacheDir\",\"port\",\"requestedCapabilities\",\"automationProtocol\",\"baseUrl\",\"waitforInterval\",\"waitforTimeout\",\"onReload\",\"beforeCommand\",\"afterCommand\",\"rootDir\",\"specs\",\"suites\",\"exclude\",\"groupLogsByTestSpec\",\"excludeDriverLogs\",\"bail\",\"framework\",\"reporters\",\"services\",\"maxInstances\",\"maxInstancesPerCapability\",\"injectGlobals\",\"filesToWatch\",\"execArgv\",\"runnerEnv\",\"runner\",\"shard\",\"specFileRetries\",\"specFileRetriesDelay\",\"specFileRetriesDeferred\",\"reporterSyncInterval\",\"reporterSyncTimeout\",\"cucumberFeaturesWithLineNumbers\",\"autoCompileOpts\",\"mochaOpts\",\"jasmineOpts\",\"cucumberOpts\",\"onPrepare\",\"onWorkerStart\",\"onWorkerEnd\",\"before\",\"beforeSession\",\"beforeSuite\",\"beforeHook\",\"beforeTest\",\"afterTest\",\"afterHook\",\"afterSuite\",\"afterSession\",\"after\",\"onComplete\",\"beforeAssertion\",\"afterAssertion\",\"beforeFeature\",\"beforeScenario\",\"beforeStep\",\"afterStep\",\"afterScenario\",\"afterFeature\",\"_\",\"suite\",\"$0\",\"ignoredWorkerServices\",\"wdi5\"]"}]}
COMMAND: POST /session/bee63c40a1bdae7ce06b935db5f594fd/execute/async - {"script":"<script> [21126 bytes]","args":[35000]}
RESULT: {"script":"<script> [21126 bytes]","args":[35000]}
COMMAND: POST /session/bee63c40a1bdae7ce06b935db5f594fd/window/fullscreen - {}
RESULT: {}
]]></system-out>
    </testcase>
    <testcase classname="chrome.137_0_7151_69.windows.Edit_and_delete_daily_price_US134629_US134627" name="Should go to Manage Conditions Daily Price and add the 2 rows one with yard site and one with yard" time="86.701">
      <system-out><![CDATA[
COMMAND: POST /session/bee63c40a1bdae7ce06b935db5f594fd/execute/async - {"script":"<script> [1562 bytes]","args":[{"selector":{"controlType":"sap.m.GenericTile","properties":{"header":"Manage Conditions & Prices"}},"wdio_ui5_key":"sapm.GenericTile{\"header\":\"Manage Conditions & Prices\"}"}]}
RESULT: {"script":"<script> [1562 bytes]","args":[{"selector":{"controlType":"sap.m.GenericTile","properties":{"header":"Manage Conditions & Prices"}},"wdio_ui5_key":"sapm.GenericTile{\"header\":\"Manage Conditions & Prices\"}"}]}
RESULT: undefined
COMMAND: POST /session/bee63c40a1bdae7ce06b935db5f594fd/element - {"using":"xpath","value":"//*[@id=\"__tile95\"]"}
RESULT: {"using":"xpath","value":"//*[@id=\"__tile95\"]"}
COMMAND: POST /session/bee63c40a1bdae7ce06b935db5f594fd/element/f.DD81908FE99A923B634158F1747C8007.d.BE4AE1A81C2002039D355082D14C475D.e.5085/click - {}
RESULT: {}
COMMAND: GET /session/bee63c40a1bdae7ce06b935db5f594fd/screenshot - {}
RESULT: {}
COMMAND: POST /session/bee63c40a1bdae7ce06b935db5f594fd/elements - {"using":"xpath","value":"//span[text()='Error']"}
RESULT: {"using":"xpath","value":"//span[text()='Error']"}
COMMAND: POST /session/bee63c40a1bdae7ce06b935db5f594fd/element - {"using":"xpath","value":"//button[@aria-label=\"Create\"]"}
RESULT: {"using":"xpath","value":"//button[@aria-label=\"Create\"]"}
COMMAND: POST /session/bee63c40a1bdae7ce06b935db5f594fd/element/f.DD81908FE99A923B634158F1747C8007.d.BE4AE1A81C2002039D355082D14C475D.e.5136/click - {}
RESULT: {}
COMMAND: GET /session/bee63c40a1bdae7ce06b935db5f594fd/screenshot - {}
RESULT: {}
COMMAND: POST /session/bee63c40a1bdae7ce06b935db5f594fd/actions - {"actions":[{"id":"action18","type":"key","parameters":{},"actions":[{"type":"keyDown","value":""},{"type":"pause","duration":10},{"type":"keyUp","value":""}]}]}
RESULT: {"actions":[{"id":"action18","type":"key","parameters":{},"actions":[{"type":"keyDown","value":""},{"type":"pause","duration":10},{"type":"keyUp","value":""}]}]}
COMMAND: POST /session/bee63c40a1bdae7ce06b935db5f594fd/actions - {"actions":[{"id":"action19","type":"key","parameters":{},"actions":[{"type":"keyDown","value":""},{"type":"pause","duration":10},{"type":"keyUp","value":""}]}]}
COMMAND: GET /session/bee63c40a1bdae7ce06b935db5f594fd/screenshot - {}
RESULT: {"actions":[{"id":"action19","type":"key","parameters":{},"actions":[{"type":"keyDown","value":""},{"type":"pause","duration":10},{"type":"keyUp","value":""}]}]}
COMMAND: POST /session/bee63c40a1bdae7ce06b935db5f594fd/execute/async - {"script":"<script> [1562 bytes]","args":[{"selector":{"controlType":"sap.m.Title","viewName":"etm.portal.ui.manageconditionprice.view.DailyPrices","viewId":"application-manageconditionprice-display-component---dailyPrices","i18NText":{"propertyName":"text","key":"dailyPrices"}},"wdio_ui5_key":"etmportal.ui.manageconditionprice.view.DailyPricessap.m.Title{\"propertyName\":\"text\",\"key\":\"dailyPrices\"}"}]}
COMMAND: GET /session/bee63c40a1bdae7ce06b935db5f594fd/screenshot - {}
RESULT: {}
RESULT: {"script":"<script> [1562 bytes]","args":[{"selector":{"controlType":"sap.m.Title","viewName":"etm.portal.ui.manageconditionprice.view.DailyPrices","viewId":"application-manageconditionprice-display-component---dailyPrices","i18NText":{"propertyName":"text","key":"dailyPrices"}},"wdio_ui5_key":"etmportal.ui.manageconditionprice.view.DailyPricessap.m.Title{\"propertyName\":\"text\",\"key\":\"dailyPrices\"}"}]}
RESULT: undefined
COMMAND: POST /session/bee63c40a1bdae7ce06b935db5f594fd/execute/async - {"script":"<script> [6424 bytes]","args":[{"element-6066-11e4-a52e-4f735466cecf":"f.DD81908FE99A923B634158F1747C8007.d.BE4AE1A81C2002039D355082D14C475D.e.5388"},"getText",[]]}
RESULT: {}
RESULT: {"script":"<script> [6424 bytes]","args":[{"element-6066-11e4-a52e-4f735466cecf":"f.DD81908FE99A923B634158F1747C8007.d.BE4AE1A81C2002039D355082D14C475D.e.5388"},"getText",[]]}
COMMAND: POST /session/bee63c40a1bdae7ce06b935db5f594fd/execute/async - {"script":"<script> [1562 bytes]","args":[{"selector":{"id":"application-manageconditionprice-display-component---dailyPrices--condBillCond","interaction":{"idSuffix":"inner"}},"wdio_ui5_key":"applicationmanageconditionprice-display-component---dailyPrices--condBillCond"}]}
RESULT: {"script":"<script> [1562 bytes]","args":[{"selector":{"id":"application-manageconditionprice-display-component---dailyPrices--condBillCond","interaction":{"idSuffix":"inner"}},"wdio_ui5_key":"applicationmanageconditionprice-display-component---dailyPrices--condBillCond"}]}
RESULT: undefined
COMMAND: POST /session/bee63c40a1bdae7ce06b935db5f594fd/execute/async - {"script":"<script> [776 bytes]","args":[{"enterText":"Residual Value %","selector":{"id":"application-manageconditionprice-display-component---dailyPrices--condBillCond","interaction":{"idSuffix":"inner"}},"clearTextFirst":true,"interactionType":"ENTER_TEXT"}]}
RESULT: {"script":"<script> [776 bytes]","args":[{"enterText":"Residual Value %","selector":{"id":"application-manageconditionprice-display-component---dailyPrices--condBillCond","interaction":{"idSuffix":"inner"}},"clearTextFirst":true,"interactionType":"ENTER_TEXT"}]}
COMMAND: POST /session/bee63c40a1bdae7ce06b935db5f594fd/execute/async - {"script":"<script> [1562 bytes]","args":[{"selector":{"controlType":"sap.m.StandardListItem","viewName":"etm.portal.ui.manageconditionprice.view.DailyPrices","viewId":"application-manageconditionprice-display-component---dailyPrices","properties":{"type":"Active"},"searchOpenDialogs":true,"interaction":{"idSuffix":"titleText"}},"wdio_ui5_key":"etmportal.ui.manageconditionprice.view.DailyPricessap.m.StandardListItem{\"type\":\"Active\"}"}]}
RESULT: {"script":"<script> [1562 bytes]","args":[{"selector":{"controlType":"sap.m.StandardListItem","viewName":"etm.portal.ui.manageconditionprice.view.DailyPrices","viewId":"application-manageconditionprice-display-component---dailyPrices","properties":{"type":"Active"},"searchOpenDialogs":true,"interaction":{"idSuffix":"titleText"}},"wdio_ui5_key":"etmportal.ui.manageconditionprice.view.DailyPricessap.m.StandardListItem{\"type\":\"Active\"}"}]}
RESULT: undefined
COMMAND: POST /session/bee63c40a1bdae7ce06b935db5f594fd/element - {"using":"xpath","value":"//*[@id=\"__item42\"]"}
RESULT: {"using":"xpath","value":"//*[@id=\"__item42\"]"}
COMMAND: POST /session/bee63c40a1bdae7ce06b935db5f594fd/element/f.DD81908FE99A923B634158F1747C8007.d.BE4AE1A81C2002039D355082D14C475D.e.5392/click - {}
RESULT: {}
COMMAND: POST /session/bee63c40a1bdae7ce06b935db5f594fd/execute/async - {"script":"<script> [1562 bytes]","args":[{"selector":{"id":"application-manageconditionprice-display-component---dailyPrices--editBtn","interaction":{"idSuffix":"BDI-content"}},"wdio_ui5_key":"applicationmanageconditionprice-display-component---dailyPrices--editBtn"}]}
COMMAND: GET /session/bee63c40a1bdae7ce06b935db5f594fd/screenshot - {}
RESULT: {"script":"<script> [1562 bytes]","args":[{"selector":{"id":"application-manageconditionprice-display-component---dailyPrices--editBtn","interaction":{"idSuffix":"BDI-content"}},"wdio_ui5_key":"applicationmanageconditionprice-display-component---dailyPrices--editBtn"}]}
RESULT: undefined
COMMAND: POST /session/bee63c40a1bdae7ce06b935db5f594fd/element - {"using":"xpath","value":"//*[@id=\"application-manageconditionprice-display-component---dailyPrices--editBtn\"]"}
RESULT: {}
RESULT: {"using":"xpath","value":"//*[@id=\"application-manageconditionprice-display-component---dailyPrices--editBtn\"]"}
COMMAND: POST /session/bee63c40a1bdae7ce06b935db5f594fd/element/f.DD81908FE99A923B634158F1747C8007.d.BE4AE1A81C2002039D355082D14C475D.e.5390/click - {}
RESULT: {}
COMMAND: POST /session/bee63c40a1bdae7ce06b935db5f594fd/execute/async - {"script":"<script> [1562 bytes]","args":[{"selector":{"controlType":"sap.m.Button","viewName":"etm.portal.ui.manageconditionprice.view.DailyPrices","viewId":"application-manageconditionprice-display-component---dailyPrices","i18NText":{"propertyName":"text","key":"add"},"interaction":{"idSuffix":"BDI-content"}},"wdio_ui5_key":"etmportal.ui.manageconditionprice.view.DailyPricessap.m.Button{\"propertyName\":\"text\",\"key\":\"add\"}"}]}
COMMAND: GET /session/bee63c40a1bdae7ce06b935db5f594fd/screenshot - {}
RESULT: {"script":"<script> [1562 bytes]","args":[{"selector":{"controlType":"sap.m.Button","viewName":"etm.portal.ui.manageconditionprice.view.DailyPrices","viewId":"application-manageconditionprice-display-component---dailyPrices","i18NText":{"propertyName":"text","key":"add"},"interaction":{"idSuffix":"BDI-content"}},"wdio_ui5_key":"etmportal.ui.manageconditionprice.view.DailyPricessap.m.Button{\"propertyName\":\"text\",\"key\":\"add\"}"}]}
RESULT: undefined
COMMAND: POST /session/bee63c40a1bdae7ce06b935db5f594fd/element - {"using":"xpath","value":"//*[@id=\"__button6\"]"}
RESULT: {}
RESULT: {"using":"xpath","value":"//*[@id=\"__button6\"]"}
COMMAND: POST /session/bee63c40a1bdae7ce06b935db5f594fd/element/f.DD81908FE99A923B634158F1747C8007.d.BE4AE1A81C2002039D355082D14C475D.e.5400/click - {}
RESULT: {}
COMMAND: POST /session/bee63c40a1bdae7ce06b935db5f594fd/elements - {"using":"css selector","value":"table tr"}
COMMAND: GET /session/bee63c40a1bdae7ce06b935db5f594fd/screenshot - {}
RESULT: {"using":"css selector","value":"table tr"}
COMMAND: POST /session/bee63c40a1bdae7ce06b935db5f594fd/element/f.DD81908FE99A923B634158F1747C8007.d.BE4AE1A81C2002039D355082D14C475D.e.5498/elements - {"using":"css selector","value":"input"}
RESULT: {}
RESULT: {"using":"css selector","value":"input"}
COMMAND: POST /session/bee63c40a1bdae7ce06b935db5f594fd/element/f.DD81908FE99A923B634158F1747C8007.d.BE4AE1A81C2002039D355082D14C475D.e.5501/clear - {}
COMMAND: POST /session/bee63c40a1bdae7ce06b935db5f594fd/element/f.DD81908FE99A923B634158F1747C8007.d.BE4AE1A81C2002039D355082D14C475D.e.5499/clear - {}
COMMAND: POST /session/bee63c40a1bdae7ce06b935db5f594fd/element/f.DD81908FE99A923B634158F1747C8007.d.BE4AE1A81C2002039D355082D14C475D.e.5502/clear - {}
COMMAND: POST /session/bee63c40a1bdae7ce06b935db5f594fd/element/f.DD81908FE99A923B634158F1747C8007.d.BE4AE1A81C2002039D355082D14C475D.e.5500/clear - {}
COMMAND: POST /session/bee63c40a1bdae7ce06b935db5f594fd/element/f.DD81908FE99A923B634158F1747C8007.d.BE4AE1A81C2002039D355082D14C475D.e.5498/elements - {"using":"css selector","value":"td"}
RESULT: {}
COMMAND: POST /session/bee63c40a1bdae7ce06b935db5f594fd/element/f.DD81908FE99A923B634158F1747C8007.d.BE4AE1A81C2002039D355082D14C475D.e.5501/value - {"text":"705.60"}
COMMAND: GET /session/bee63c40a1bdae7ce06b935db5f594fd/screenshot - {}
RESULT: {}
COMMAND: POST /session/bee63c40a1bdae7ce06b935db5f594fd/element/f.DD81908FE99A923B634158F1747C8007.d.BE4AE1A81C2002039D355082D14C475D.e.5499/value - {"text":"06/13/25"}
COMMAND: GET /session/bee63c40a1bdae7ce06b935db5f594fd/screenshot - {}
RESULT: {}
COMMAND: POST /session/bee63c40a1bdae7ce06b935db5f594fd/element/f.DD81908FE99A923B634158F1747C8007.d.BE4AE1A81C2002039D355082D14C475D.e.5502/value - {"text":"Euro"}
COMMAND: GET /session/bee63c40a1bdae7ce06b935db5f594fd/screenshot - {}
RESULT: {}
COMMAND: POST /session/bee63c40a1bdae7ce06b935db5f594fd/element/f.DD81908FE99A923B634158F1747C8007.d.BE4AE1A81C2002039D355082D14C475D.e.5500/value - {"text":"11/13/25"}
COMMAND: GET /session/bee63c40a1bdae7ce06b935db5f594fd/screenshot - {}
RESULT: {"using":"css selector","value":"td"}
COMMAND: POST /session/bee63c40a1bdae7ce06b935db5f594fd/element - {"using":"xpath","value":".//li[contains(., \"2089\") and not(.//li)]"}
COMMAND: POST /session/bee63c40a1bdae7ce06b935db5f594fd/element/f.DD81908FE99A923B634158F1747C8007.d.BE4AE1A81C2002039D355082D14C475D.e.5520/element - {"using":"css selector","value":"input"}
COMMAND: POST /session/bee63c40a1bdae7ce06b935db5f594fd/element/f.DD81908FE99A923B634158F1747C8007.d.BE4AE1A81C2002039D355082D14C475D.e.5520/element - {"using":"css selector","value":"input"}
RESULT: {"text":"705.60"}
COMMAND: GET /session/bee63c40a1bdae7ce06b935db5f594fd/screenshot - {}
RESULT: {}
RESULT: {"text":"06/13/25"}
COMMAND: GET /session/bee63c40a1bdae7ce06b935db5f594fd/screenshot - {}
RESULT: {}
RESULT: {"text":"Euro"}
COMMAND: GET /session/bee63c40a1bdae7ce06b935db5f594fd/screenshot - {}
RESULT: {}
RESULT: {"text":"11/13/25"}
RESULT: {}
RESULT: {"using":"xpath","value":".//li[contains(., \"2089\") and not(.//li)]"}
RESULT: {"using":"css selector","value":"input"}
COMMAND: POST /session/bee63c40a1bdae7ce06b935db5f594fd/element/f.DD81908FE99A923B634158F1747C8007.d.BE4AE1A81C2002039D355082D14C475D.e.5503/click - {}
RESULT: {"using":"css selector","value":"input"}
COMMAND: POST /session/bee63c40a1bdae7ce06b935db5f594fd/element/f.DD81908FE99A923B634158F1747C8007.d.BE4AE1A81C2002039D355082D14C475D.e.5503/clear - {}
RESULT: {}
COMMAND: GET /session/bee63c40a1bdae7ce06b935db5f594fd/screenshot - {}
RESULT: {}
RESULT: {}
RESULT: {}
RESULT: {}
COMMAND: POST /session/bee63c40a1bdae7ce06b935db5f594fd/element/f.DD81908FE99A923B634158F1747C8007.d.BE4AE1A81C2002039D355082D14C475D.e.5503/value - {"text":"2089"}
RESULT: {}
COMMAND: GET /session/bee63c40a1bdae7ce06b935db5f594fd/screenshot - {}
COMMAND: GET /session/bee63c40a1bdae7ce06b935db5f594fd/screenshot - {}
RESULT: {"text":"2089"}
COMMAND: GET /session/bee63c40a1bdae7ce06b935db5f594fd/screenshot - {}
COMMAND: POST /session/bee63c40a1bdae7ce06b935db5f594fd/elements - {"using":"xpath","value":".//li[contains(., \"2089\") and not(.//li)]"}
RESULT: {}
RESULT: {}
RESULT: {}
RESULT: {"using":"xpath","value":".//li[contains(., \"2089\") and not(.//li)]"}
COMMAND: POST /session/bee63c40a1bdae7ce06b935db5f594fd/element - {"using":"xpath","value":".//li[contains(., \"2089\") and not(.//li)]"}
RESULT: {"using":"xpath","value":".//li[contains(., \"2089\") and not(.//li)]"}
COMMAND: POST /session/bee63c40a1bdae7ce06b935db5f594fd/element/f.DD81908FE99A923B634158F1747C8007.d.BE4AE1A81C2002039D355082D14C475D.e.5527/click - {}
RESULT: {}
COMMAND: POST /session/bee63c40a1bdae7ce06b935db5f594fd/element/f.DD81908FE99A923B634158F1747C8007.d.BE4AE1A81C2002039D355082D14C475D.e.5521/element - {"using":"css selector","value":"input"}
COMMAND: GET /session/bee63c40a1bdae7ce06b935db5f594fd/screenshot - {}
RESULT: {"using":"css selector","value":"input"}
COMMAND: POST /session/bee63c40a1bdae7ce06b935db5f594fd/element/f.DD81908FE99A923B634158F1747C8007.d.BE4AE1A81C2002039D355082D14C475D.e.5504/click - {}
RESULT: {}
RESULT: {}
COMMAND: GET /session/bee63c40a1bdae7ce06b935db5f594fd/screenshot - {}
RESULT: {}
COMMAND: POST /session/bee63c40a1bdae7ce06b935db5f594fd/element/f.DD81908FE99A923B634158F1747C8007.d.BE4AE1A81C2002039D355082D14C475D.e.5521/element - {"using":"css selector","value":"input"}
RESULT: {"using":"css selector","value":"input"}
COMMAND: POST /session/bee63c40a1bdae7ce06b935db5f594fd/element/f.DD81908FE99A923B634158F1747C8007.d.BE4AE1A81C2002039D355082D14C475D.e.5504/clear - {}
RESULT: {}
COMMAND: POST /session/bee63c40a1bdae7ce06b935db5f594fd/element/f.DD81908FE99A923B634158F1747C8007.d.BE4AE1A81C2002039D355082D14C475D.e.5504/value - {"text":"243"}
COMMAND: GET /session/bee63c40a1bdae7ce06b935db5f594fd/screenshot - {}
RESULT: {"text":"243"}
COMMAND: GET /session/bee63c40a1bdae7ce06b935db5f594fd/screenshot - {}
RESULT: {}
RESULT: {}
COMMAND: POST /session/bee63c40a1bdae7ce06b935db5f594fd/element - {"using":"xpath","value":".//li[contains(., \"243\") and not(.//li)]"}
RESULT: {"using":"xpath","value":".//li[contains(., \"243\") and not(.//li)]"}
COMMAND: POST /session/bee63c40a1bdae7ce06b935db5f594fd/element/f.DD81908FE99A923B634158F1747C8007.d.BE4AE1A81C2002039D355082D14C475D.e.5528/click - {}
RESULT: {}
RESULT: undefined
COMMAND: POST /session/bee63c40a1bdae7ce06b935db5f594fd/element - {"using":"xpath","value":"//*[@id=\"__button6\"]"}
COMMAND: GET /session/bee63c40a1bdae7ce06b935db5f594fd/screenshot - {}
RESULT: {"using":"xpath","value":"//*[@id=\"__button6\"]"}
COMMAND: POST /session/bee63c40a1bdae7ce06b935db5f594fd/element/f.DD81908FE99A923B634158F1747C8007.d.BE4AE1A81C2002039D355082D14C475D.e.5400/click - {}
RESULT: {}
RESULT: {}
COMMAND: POST /session/bee63c40a1bdae7ce06b935db5f594fd/elements - {"using":"css selector","value":"table tr"}
COMMAND: GET /session/bee63c40a1bdae7ce06b935db5f594fd/screenshot - {}
RESULT: {"using":"css selector","value":"table tr"}
COMMAND: POST /session/bee63c40a1bdae7ce06b935db5f594fd/element/f.DD81908FE99A923B634158F1747C8007.d.BE4AE1A81C2002039D355082D14C475D.e.5530/elements - {"using":"css selector","value":"input"}
RESULT: {}
RESULT: {"using":"css selector","value":"input"}
COMMAND: POST /session/bee63c40a1bdae7ce06b935db5f594fd/element/f.DD81908FE99A923B634158F1747C8007.d.BE4AE1A81C2002039D355082D14C475D.e.5533/clear - {}
COMMAND: POST /session/bee63c40a1bdae7ce06b935db5f594fd/element/f.DD81908FE99A923B634158F1747C8007.d.BE4AE1A81C2002039D355082D14C475D.e.5531/clear - {}
COMMAND: POST /session/bee63c40a1bdae7ce06b935db5f594fd/element/f.DD81908FE99A923B634158F1747C8007.d.BE4AE1A81C2002039D355082D14C475D.e.5534/clear - {}
COMMAND: POST /session/bee63c40a1bdae7ce06b935db5f594fd/element/f.DD81908FE99A923B634158F1747C8007.d.BE4AE1A81C2002039D355082D14C475D.e.5532/clear - {}
RESULT: {}
COMMAND: POST /session/bee63c40a1bdae7ce06b935db5f594fd/element/f.DD81908FE99A923B634158F1747C8007.d.BE4AE1A81C2002039D355082D14C475D.e.5533/value - {"text":"99.5"}
COMMAND: GET /session/bee63c40a1bdae7ce06b935db5f594fd/screenshot - {}
RESULT: {}
COMMAND: POST /session/bee63c40a1bdae7ce06b935db5f594fd/element/f.DD81908FE99A923B634158F1747C8007.d.BE4AE1A81C2002039D355082D14C475D.e.5532/value - {"text":"11/13/25"}
COMMAND: GET /session/bee63c40a1bdae7ce06b935db5f594fd/screenshot - {}
RESULT: {}
COMMAND: POST /session/bee63c40a1bdae7ce06b935db5f594fd/element/f.DD81908FE99A923B634158F1747C8007.d.BE4AE1A81C2002039D355082D14C475D.e.5534/value - {"text":"US Dollar"}
COMMAND: GET /session/bee63c40a1bdae7ce06b935db5f594fd/screenshot - {}
RESULT: {}
COMMAND: POST /session/bee63c40a1bdae7ce06b935db5f594fd/element/f.DD81908FE99A923B634158F1747C8007.d.BE4AE1A81C2002039D355082D14C475D.e.5531/value - {"text":"06/13/25"}
COMMAND: GET /session/bee63c40a1bdae7ce06b935db5f594fd/screenshot - {}
RESULT: {"text":"99.5"}
COMMAND: GET /session/bee63c40a1bdae7ce06b935db5f594fd/screenshot - {}
RESULT: {}
RESULT: {"text":"11/13/25"}
COMMAND: GET /session/bee63c40a1bdae7ce06b935db5f594fd/screenshot - {}
RESULT: {}
COMMAND: POST /session/bee63c40a1bdae7ce06b935db5f594fd/element/f.DD81908FE99A923B634158F1747C8007.d.BE4AE1A81C2002039D355082D14C475D.e.5530/elements - {"using":"css selector","value":"td"}
RESULT: {"text":"US Dollar"}
COMMAND: GET /session/bee63c40a1bdae7ce06b935db5f594fd/screenshot - {}
RESULT: {}
RESULT: {"text":"06/13/25"}
RESULT: {}
RESULT: {}
RESULT: {}
RESULT: {"using":"css selector","value":"td"}
COMMAND: POST /session/bee63c40a1bdae7ce06b935db5f594fd/element/f.DD81908FE99A923B634158F1747C8007.d.BE4AE1A81C2002039D355082D14C475D.e.5552/element - {"using":"css selector","value":"input"}
COMMAND: GET /session/bee63c40a1bdae7ce06b935db5f594fd/screenshot - {}
RESULT: {}
RESULT: {"using":"css selector","value":"input"}
COMMAND: POST /session/bee63c40a1bdae7ce06b935db5f594fd/element/f.DD81908FE99A923B634158F1747C8007.d.BE4AE1A81C2002039D355082D14C475D.e.5535/click - {}
RESULT: {}
RESULT: {}
COMMAND: GET /session/bee63c40a1bdae7ce06b935db5f594fd/screenshot - {}
RESULT: {}
COMMAND: POST /session/bee63c40a1bdae7ce06b935db5f594fd/element/f.DD81908FE99A923B634158F1747C8007.d.BE4AE1A81C2002039D355082D14C475D.e.5552/element - {"using":"css selector","value":"input"}
RESULT: {"using":"css selector","value":"input"}
COMMAND: POST /session/bee63c40a1bdae7ce06b935db5f594fd/element/f.DD81908FE99A923B634158F1747C8007.d.BE4AE1A81C2002039D355082D14C475D.e.5535/clear - {}
RESULT: {}
COMMAND: POST /session/bee63c40a1bdae7ce06b935db5f594fd/element/f.DD81908FE99A923B634158F1747C8007.d.BE4AE1A81C2002039D355082D14C475D.e.5535/value - {"text":"2089"}
COMMAND: GET /session/bee63c40a1bdae7ce06b935db5f594fd/screenshot - {}
RESULT: {"text":"2089"}
COMMAND: GET /session/bee63c40a1bdae7ce06b935db5f594fd/screenshot - {}
RESULT: {}
RESULT: {}
COMMAND: POST /session/bee63c40a1bdae7ce06b935db5f594fd/element - {"using":"xpath","value":"(//li[div//span[contains(text(), '2089')]])[2]"}
RESULT: {"using":"xpath","value":"(//li[div//span[contains(text(), '2089')]])[2]"}
COMMAND: POST /session/bee63c40a1bdae7ce06b935db5f594fd/element/f.DD81908FE99A923B634158F1747C8007.d.BE4AE1A81C2002039D355082D14C475D.e.5557/click - {}
RESULT: {}
COMMAND: POST /session/bee63c40a1bdae7ce06b935db5f594fd/execute/async - {"script":"<script> [1562 bytes]","args":[{"selector":{"controlType":"sap.m.Button","viewName":"etm.portal.ui.manageconditionprice.view.DailyPrices","viewId":"application-manageconditionprice-display-component---dailyPrices","i18NText":{"propertyName":"tooltip","key":"save"},"interaction":{"idSuffix":"BDI-content"}},"wdio_ui5_key":"etmportal.ui.manageconditionprice.view.DailyPricessap.m.Button{\"propertyName\":\"tooltip\",\"key\":\"save\"}"}]}
COMMAND: GET /session/bee63c40a1bdae7ce06b935db5f594fd/screenshot - {}
RESULT: {"script":"<script> [1562 bytes]","args":[{"selector":{"controlType":"sap.m.Button","viewName":"etm.portal.ui.manageconditionprice.view.DailyPrices","viewId":"application-manageconditionprice-display-component---dailyPrices","i18NText":{"propertyName":"tooltip","key":"save"},"interaction":{"idSuffix":"BDI-content"}},"wdio_ui5_key":"etmportal.ui.manageconditionprice.view.DailyPricessap.m.Button{\"propertyName\":\"tooltip\",\"key\":\"save\"}"}]}
RESULT: undefined
COMMAND: POST /session/bee63c40a1bdae7ce06b935db5f594fd/element - {"using":"xpath","value":"//*[@id=\"__button8\"]"}
RESULT: {}
RESULT: {"using":"xpath","value":"//*[@id=\"__button8\"]"}
COMMAND: POST /session/bee63c40a1bdae7ce06b935db5f594fd/element/f.DD81908FE99A923B634158F1747C8007.d.BE4AE1A81C2002039D355082D14C475D.e.5394/click - {}
RESULT: {}
COMMAND: GET /session/bee63c40a1bdae7ce06b935db5f594fd/screenshot - {}
RESULT: {}
]]></system-out>
    </testcase>
    <testcase classname="chrome.137_0_7151_69.windows.Edit_and_delete_daily_price_US134629_US134627" name="Should check whether the 2 rows have been added then edit one of the rows s currency and value and save and check the edited values" time="11.787">
      <system-out><![CDATA[
COMMAND: POST /session/bee63c40a1bdae7ce06b935db5f594fd/elements - {"using":"css selector","value":"table tr"}
RESULT: {"using":"css selector","value":"table tr"}
COMMAND: POST /session/bee63c40a1bdae7ce06b935db5f594fd/element/f.DD81908FE99A923B634158F1747C8007.d.BE4AE1A81C2002039D355082D14C475D.e.5530/elements - {"using":"css selector","value":"td"}
RESULT: {"using":"css selector","value":"td"}
COMMAND: POST /session/bee63c40a1bdae7ce06b935db5f594fd/element/f.DD81908FE99A923B634158F1747C8007.d.BE4AE1A81C2002039D355082D14C475D.e.5498/elements - {"using":"css selector","value":"td"}
RESULT: {"using":"css selector","value":"td"}
COMMAND: POST /session/bee63c40a1bdae7ce06b935db5f594fd/element/f.DD81908FE99A923B634158F1747C8007.d.BE4AE1A81C2002039D355082D14C475D.e.5560/element - {"using":"css selector","value":".sapMObjectNumberText"}
RESULT: {"using":"css selector","value":".sapMObjectNumberText"}
COMMAND: GET /session/bee63c40a1bdae7ce06b935db5f594fd/element/f.DD81908FE99A923B634158F1747C8007.d.BE4AE1A81C2002039D355082D14C475D.e.5562/text - {}
RESULT: {}
COMMAND: POST /session/bee63c40a1bdae7ce06b935db5f594fd/element/f.DD81908FE99A923B634158F1747C8007.d.BE4AE1A81C2002039D355082D14C475D.e.5561/element - {"using":"css selector","value":".sapMObjectNumberText"}
RESULT: {"using":"css selector","value":".sapMObjectNumberText"}
COMMAND: GET /session/bee63c40a1bdae7ce06b935db5f594fd/element/f.DD81908FE99A923B634158F1747C8007.d.BE4AE1A81C2002039D355082D14C475D.e.5563/text - {}
RESULT: {}
RESULT: undefined
COMMAND: POST /session/bee63c40a1bdae7ce06b935db5f594fd/element - {"using":"xpath","value":"//*[@id=\"application-manageconditionprice-display-component---dailyPrices--editBtn\"]"}
RESULT: {"using":"xpath","value":"//*[@id=\"application-manageconditionprice-display-component---dailyPrices--editBtn\"]"}
COMMAND: POST /session/bee63c40a1bdae7ce06b935db5f594fd/element/f.DD81908FE99A923B634158F1747C8007.d.BE4AE1A81C2002039D355082D14C475D.e.5559/click - {}
RESULT: {}
COMMAND: POST /session/bee63c40a1bdae7ce06b935db5f594fd/elements - {"using":"css selector","value":"table tr"}
COMMAND: GET /session/bee63c40a1bdae7ce06b935db5f594fd/screenshot - {}
RESULT: {"using":"css selector","value":"table tr"}
COMMAND: POST /session/bee63c40a1bdae7ce06b935db5f594fd/element/f.DD81908FE99A923B634158F1747C8007.d.BE4AE1A81C2002039D355082D14C475D.e.5530/elements - {"using":"css selector","value":"input"}
RESULT: {}
RESULT: {"using":"css selector","value":"input"}
COMMAND: POST /session/bee63c40a1bdae7ce06b935db5f594fd/element/f.DD81908FE99A923B634158F1747C8007.d.BE4AE1A81C2002039D355082D14C475D.e.5578/clear - {}
COMMAND: POST /session/bee63c40a1bdae7ce06b935db5f594fd/element/f.DD81908FE99A923B634158F1747C8007.d.BE4AE1A81C2002039D355082D14C475D.e.5579/clear - {}
RESULT: {}
COMMAND: POST /session/bee63c40a1bdae7ce06b935db5f594fd/element/f.DD81908FE99A923B634158F1747C8007.d.BE4AE1A81C2002039D355082D14C475D.e.5578/value - {"text":"566.1"}
COMMAND: GET /session/bee63c40a1bdae7ce06b935db5f594fd/screenshot - {}
RESULT: {}
COMMAND: POST /session/bee63c40a1bdae7ce06b935db5f594fd/element/f.DD81908FE99A923B634158F1747C8007.d.BE4AE1A81C2002039D355082D14C475D.e.5579/value - {"text":"US Dollar"}
COMMAND: GET /session/bee63c40a1bdae7ce06b935db5f594fd/screenshot - {}
RESULT: {"text":"566.1"}
COMMAND: GET /session/bee63c40a1bdae7ce06b935db5f594fd/screenshot - {}
RESULT: {}
RESULT: {"text":"US Dollar"}
COMMAND: GET /session/bee63c40a1bdae7ce06b935db5f594fd/screenshot - {}
RESULT: {}
RESULT: undefined
COMMAND: POST /session/bee63c40a1bdae7ce06b935db5f594fd/element - {"using":"xpath","value":"//*[@id=\"__button8\"]"}
RESULT: {}
RESULT: {}
RESULT: {"using":"xpath","value":"//*[@id=\"__button8\"]"}
COMMAND: POST /session/bee63c40a1bdae7ce06b935db5f594fd/element/f.DD81908FE99A923B634158F1747C8007.d.BE4AE1A81C2002039D355082D14C475D.e.5564/click - {}
RESULT: {}
COMMAND: GET /session/bee63c40a1bdae7ce06b935db5f594fd/screenshot - {}
RESULT: {}
COMMAND: POST /session/bee63c40a1bdae7ce06b935db5f594fd/elements - {"using":"css selector","value":"table tr"}
RESULT: {"using":"css selector","value":"table tr"}
COMMAND: POST /session/bee63c40a1bdae7ce06b935db5f594fd/element/f.DD81908FE99A923B634158F1747C8007.d.BE4AE1A81C2002039D355082D14C475D.e.5530/elements - {"using":"css selector","value":"td"}
RESULT: {"using":"css selector","value":"td"}
COMMAND: POST /session/bee63c40a1bdae7ce06b935db5f594fd/element/f.DD81908FE99A923B634158F1747C8007.d.BE4AE1A81C2002039D355082D14C475D.e.5583/element - {"using":"css selector","value":".sapMObjectNumberText"}
RESULT: {"using":"css selector","value":".sapMObjectNumberText"}
COMMAND: GET /session/bee63c40a1bdae7ce06b935db5f594fd/element/f.DD81908FE99A923B634158F1747C8007.d.BE4AE1A81C2002039D355082D14C475D.e.5585/text - {}
RESULT: {}
]]></system-out>
    </testcase>
    <testcase classname="chrome.137_0_7151_69.windows.Edit_and_delete_daily_price_US134629_US134627" name="Should go into edit and delete all the rows that match the yard we have created for this scenario check if all rows deleted" time="65.781">
      <failure/>
      <error message="Can't call getValue on element with selector &quot;input&quot; because element wasn't found"/>
      <system-out><![CDATA[
RESULT: undefined
COMMAND: POST /session/bee63c40a1bdae7ce06b935db5f594fd/element - {"using":"xpath","value":"//*[@id=\"application-manageconditionprice-display-component---dailyPrices--editBtn\"]"}
RESULT: {"using":"xpath","value":"//*[@id=\"application-manageconditionprice-display-component---dailyPrices--editBtn\"]"}
COMMAND: POST /session/bee63c40a1bdae7ce06b935db5f594fd/element/f.DD81908FE99A923B634158F1747C8007.d.BE4AE1A81C2002039D355082D14C475D.e.5582/click - {}
RESULT: {}
COMMAND: GET /session/bee63c40a1bdae7ce06b935db5f594fd/screenshot - {}
RESULT: {}
COMMAND: POST /session/bee63c40a1bdae7ce06b935db5f594fd/elements - {"using":"css selector","value":"table tr"}
RESULT: {"using":"css selector","value":"table tr"}
COMMAND: POST /session/bee63c40a1bdae7ce06b935db5f594fd/element/f.DD81908FE99A923B634158F1747C8007.d.BE4AE1A81C2002039D355082D14C475D.e.5402/elements - {"using":"css selector","value":"td"}
RESULT: {"using":"css selector","value":"td"}
COMMAND: POST /session/bee63c40a1bdae7ce06b935db5f594fd/element/f.DD81908FE99A923B634158F1747C8007.d.BE4AE1A81C2002039D355082D14C475D.e.5403/elements - {"using":"css selector","value":"td"}
RESULT: {"using":"css selector","value":"td"}
COMMAND: POST /session/bee63c40a1bdae7ce06b935db5f594fd/element/f.DD81908FE99A923B634158F1747C8007.d.BE4AE1A81C2002039D355082D14C475D.e.5404/elements - {"using":"css selector","value":"td"}
RESULT: {"using":"css selector","value":"td"}
COMMAND: POST /session/bee63c40a1bdae7ce06b935db5f594fd/element/f.DD81908FE99A923B634158F1747C8007.d.BE4AE1A81C2002039D355082D14C475D.e.5598/element - {"using":"css selector","value":"input"}
RESULT: {"using":"css selector","value":"input"}
COMMAND: POST /session/bee63c40a1bdae7ce06b935db5f594fd/element/f.DD81908FE99A923B634158F1747C8007.d.BE4AE1A81C2002039D355082D14C475D.e.5598/elements - {"using":"css selector","value":"input"}
RESULT: {"using":"css selector","value":"input"}
COMMAND: POST /session/bee63c40a1bdae7ce06b935db5f594fd/element/f.DD81908FE99A923B634158F1747C8007.d.BE4AE1A81C2002039D355082D14C475D.e.5598/elements - {"using":"css selector","value":"input"}
RESULT: {"using":"css selector","value":"input"}
COMMAND: POST /session/bee63c40a1bdae7ce06b935db5f594fd/element/f.DD81908FE99A923B634158F1747C8007.d.BE4AE1A81C2002039D355082D14C475D.e.5598/elements - {"using":"css selector","value":"input"}
RESULT: {"using":"css selector","value":"input"}
COMMAND: POST /session/bee63c40a1bdae7ce06b935db5f594fd/element/f.DD81908FE99A923B634158F1747C8007.d.BE4AE1A81C2002039D355082D14C475D.e.5598/elements - {"using":"css selector","value":"input"}
RESULT: {"using":"css selector","value":"input"}
COMMAND: POST /session/bee63c40a1bdae7ce06b935db5f594fd/element/f.DD81908FE99A923B634158F1747C8007.d.BE4AE1A81C2002039D355082D14C475D.e.5598/elements - {"using":"css selector","value":"input"}
RESULT: {"using":"css selector","value":"input"}
COMMAND: POST /session/bee63c40a1bdae7ce06b935db5f594fd/element/f.DD81908FE99A923B634158F1747C8007.d.BE4AE1A81C2002039D355082D14C475D.e.5598/elements - {"using":"css selector","value":"input"}
RESULT: {"using":"css selector","value":"input"}
COMMAND: POST /session/bee63c40a1bdae7ce06b935db5f594fd/element/f.DD81908FE99A923B634158F1747C8007.d.BE4AE1A81C2002039D355082D14C475D.e.5598/elements - {"using":"css selector","value":"input"}
RESULT: {"using":"css selector","value":"input"}
COMMAND: POST /session/bee63c40a1bdae7ce06b935db5f594fd/element/f.DD81908FE99A923B634158F1747C8007.d.BE4AE1A81C2002039D355082D14C475D.e.5598/elements - {"using":"css selector","value":"input"}
RESULT: {"using":"css selector","value":"input"}
COMMAND: POST /session/bee63c40a1bdae7ce06b935db5f594fd/element/f.DD81908FE99A923B634158F1747C8007.d.BE4AE1A81C2002039D355082D14C475D.e.5598/elements - {"using":"css selector","value":"input"}
RESULT: {"using":"css selector","value":"input"}
COMMAND: POST /session/bee63c40a1bdae7ce06b935db5f594fd/element/f.DD81908FE99A923B634158F1747C8007.d.BE4AE1A81C2002039D355082D14C475D.e.5598/elements - {"using":"css selector","value":"input"}
RESULT: {"using":"css selector","value":"input"}
COMMAND: POST /session/bee63c40a1bdae7ce06b935db5f594fd/element/f.DD81908FE99A923B634158F1747C8007.d.BE4AE1A81C2002039D355082D14C475D.e.5598/elements - {"using":"css selector","value":"input"}
RESULT: {"using":"css selector","value":"input"}
COMMAND: POST /session/bee63c40a1bdae7ce06b935db5f594fd/element/f.DD81908FE99A923B634158F1747C8007.d.BE4AE1A81C2002039D355082D14C475D.e.5598/elements - {"using":"css selector","value":"input"}
RESULT: {"using":"css selector","value":"input"}
COMMAND: POST /session/bee63c40a1bdae7ce06b935db5f594fd/element/f.DD81908FE99A923B634158F1747C8007.d.BE4AE1A81C2002039D355082D14C475D.e.5598/elements - {"using":"css selector","value":"input"}
RESULT: {"using":"css selector","value":"input"}
COMMAND: POST /session/bee63c40a1bdae7ce06b935db5f594fd/element/f.DD81908FE99A923B634158F1747C8007.d.BE4AE1A81C2002039D355082D14C475D.e.5598/elements - {"using":"css selector","value":"input"}
RESULT: {"using":"css selector","value":"input"}
COMMAND: POST /session/bee63c40a1bdae7ce06b935db5f594fd/element/f.DD81908FE99A923B634158F1747C8007.d.BE4AE1A81C2002039D355082D14C475D.e.5598/elements - {"using":"css selector","value":"input"}
RESULT: {"using":"css selector","value":"input"}
COMMAND: POST /session/bee63c40a1bdae7ce06b935db5f594fd/element/f.DD81908FE99A923B634158F1747C8007.d.BE4AE1A81C2002039D355082D14C475D.e.5598/elements - {"using":"css selector","value":"input"}
RESULT: {"using":"css selector","value":"input"}
COMMAND: POST /session/bee63c40a1bdae7ce06b935db5f594fd/element/f.DD81908FE99A923B634158F1747C8007.d.BE4AE1A81C2002039D355082D14C475D.e.5598/elements - {"using":"css selector","value":"input"}
RESULT: {"using":"css selector","value":"input"}
COMMAND: POST /session/bee63c40a1bdae7ce06b935db5f594fd/element/f.DD81908FE99A923B634158F1747C8007.d.BE4AE1A81C2002039D355082D14C475D.e.5598/elements - {"using":"css selector","value":"input"}
RESULT: {"using":"css selector","value":"input"}
COMMAND: POST /session/bee63c40a1bdae7ce06b935db5f594fd/element/f.DD81908FE99A923B634158F1747C8007.d.BE4AE1A81C2002039D355082D14C475D.e.5598/elements - {"using":"css selector","value":"input"}
RESULT: {"using":"css selector","value":"input"}
COMMAND: POST /session/bee63c40a1bdae7ce06b935db5f594fd/element/f.DD81908FE99A923B634158F1747C8007.d.BE4AE1A81C2002039D355082D14C475D.e.5598/elements - {"using":"css selector","value":"input"}
RESULT: {"using":"css selector","value":"input"}
COMMAND: POST /session/bee63c40a1bdae7ce06b935db5f594fd/element/f.DD81908FE99A923B634158F1747C8007.d.BE4AE1A81C2002039D355082D14C475D.e.5598/elements - {"using":"css selector","value":"input"}
RESULT: {"using":"css selector","value":"input"}
COMMAND: POST /session/bee63c40a1bdae7ce06b935db5f594fd/element/f.DD81908FE99A923B634158F1747C8007.d.BE4AE1A81C2002039D355082D14C475D.e.5598/elements - {"using":"css selector","value":"input"}
RESULT: {"using":"css selector","value":"input"}
COMMAND: POST /session/bee63c40a1bdae7ce06b935db5f594fd/element/f.DD81908FE99A923B634158F1747C8007.d.BE4AE1A81C2002039D355082D14C475D.e.5598/elements - {"using":"css selector","value":"input"}
RESULT: {"using":"css selector","value":"input"}
COMMAND: POST /session/bee63c40a1bdae7ce06b935db5f594fd/element/f.DD81908FE99A923B634158F1747C8007.d.BE4AE1A81C2002039D355082D14C475D.e.5598/elements - {"using":"css selector","value":"input"}
RESULT: {"using":"css selector","value":"input"}
COMMAND: POST /session/bee63c40a1bdae7ce06b935db5f594fd/element/f.DD81908FE99A923B634158F1747C8007.d.BE4AE1A81C2002039D355082D14C475D.e.5598/elements - {"using":"css selector","value":"input"}
RESULT: {"using":"css selector","value":"input"}
COMMAND: POST /session/bee63c40a1bdae7ce06b935db5f594fd/element/f.DD81908FE99A923B634158F1747C8007.d.BE4AE1A81C2002039D355082D14C475D.e.5598/elements - {"using":"css selector","value":"input"}
RESULT: {"using":"css selector","value":"input"}
COMMAND: POST /session/bee63c40a1bdae7ce06b935db5f594fd/element/f.DD81908FE99A923B634158F1747C8007.d.BE4AE1A81C2002039D355082D14C475D.e.5598/elements - {"using":"css selector","value":"input"}
RESULT: {"using":"css selector","value":"input"}
COMMAND: POST /session/bee63c40a1bdae7ce06b935db5f594fd/element/f.DD81908FE99A923B634158F1747C8007.d.BE4AE1A81C2002039D355082D14C475D.e.5598/elements - {"using":"css selector","value":"input"}
RESULT: {"using":"css selector","value":"input"}
COMMAND: POST /session/bee63c40a1bdae7ce06b935db5f594fd/element/f.DD81908FE99A923B634158F1747C8007.d.BE4AE1A81C2002039D355082D14C475D.e.5598/elements - {"using":"css selector","value":"input"}
RESULT: {"using":"css selector","value":"input"}
COMMAND: POST /session/bee63c40a1bdae7ce06b935db5f594fd/element/f.DD81908FE99A923B634158F1747C8007.d.BE4AE1A81C2002039D355082D14C475D.e.5598/elements - {"using":"css selector","value":"input"}
RESULT: {"using":"css selector","value":"input"}
COMMAND: POST /session/bee63c40a1bdae7ce06b935db5f594fd/element/f.DD81908FE99A923B634158F1747C8007.d.BE4AE1A81C2002039D355082D14C475D.e.5598/elements - {"using":"css selector","value":"input"}
RESULT: {"using":"css selector","value":"input"}
COMMAND: POST /session/bee63c40a1bdae7ce06b935db5f594fd/element/f.DD81908FE99A923B634158F1747C8007.d.BE4AE1A81C2002039D355082D14C475D.e.5598/elements - {"using":"css selector","value":"input"}
RESULT: {"using":"css selector","value":"input"}
COMMAND: POST /session/bee63c40a1bdae7ce06b935db5f594fd/element/f.DD81908FE99A923B634158F1747C8007.d.BE4AE1A81C2002039D355082D14C475D.e.5598/elements - {"using":"css selector","value":"input"}
RESULT: {"using":"css selector","value":"input"}
COMMAND: POST /session/bee63c40a1bdae7ce06b935db5f594fd/element/f.DD81908FE99A923B634158F1747C8007.d.BE4AE1A81C2002039D355082D14C475D.e.5598/elements - {"using":"css selector","value":"input"}
RESULT: {"using":"css selector","value":"input"}
COMMAND: POST /session/bee63c40a1bdae7ce06b935db5f594fd/element/f.DD81908FE99A923B634158F1747C8007.d.BE4AE1A81C2002039D355082D14C475D.e.5598/elements - {"using":"css selector","value":"input"}
RESULT: {"using":"css selector","value":"input"}
COMMAND: POST /session/bee63c40a1bdae7ce06b935db5f594fd/element/f.DD81908FE99A923B634158F1747C8007.d.BE4AE1A81C2002039D355082D14C475D.e.5598/elements - {"using":"css selector","value":"input"}
RESULT: {"using":"css selector","value":"input"}
COMMAND: POST /session/bee63c40a1bdae7ce06b935db5f594fd/element/f.DD81908FE99A923B634158F1747C8007.d.BE4AE1A81C2002039D355082D14C475D.e.5598/elements - {"using":"css selector","value":"input"}
RESULT: {"using":"css selector","value":"input"}
COMMAND: POST /session/bee63c40a1bdae7ce06b935db5f594fd/element/f.DD81908FE99A923B634158F1747C8007.d.BE4AE1A81C2002039D355082D14C475D.e.5598/elements - {"using":"css selector","value":"input"}
RESULT: {"using":"css selector","value":"input"}
COMMAND: POST /session/bee63c40a1bdae7ce06b935db5f594fd/element/f.DD81908FE99A923B634158F1747C8007.d.BE4AE1A81C2002039D355082D14C475D.e.5598/elements - {"using":"css selector","value":"input"}
RESULT: {"using":"css selector","value":"input"}
COMMAND: POST /session/bee63c40a1bdae7ce06b935db5f594fd/element/f.DD81908FE99A923B634158F1747C8007.d.BE4AE1A81C2002039D355082D14C475D.e.5598/elements - {"using":"css selector","value":"input"}
RESULT: {"using":"css selector","value":"input"}
COMMAND: POST /session/bee63c40a1bdae7ce06b935db5f594fd/element/f.DD81908FE99A923B634158F1747C8007.d.BE4AE1A81C2002039D355082D14C475D.e.5598/elements - {"using":"css selector","value":"input"}
RESULT: {"using":"css selector","value":"input"}
COMMAND: POST /session/bee63c40a1bdae7ce06b935db5f594fd/element/f.DD81908FE99A923B634158F1747C8007.d.BE4AE1A81C2002039D355082D14C475D.e.5598/elements - {"using":"css selector","value":"input"}
RESULT: {"using":"css selector","value":"input"}
COMMAND: POST /session/bee63c40a1bdae7ce06b935db5f594fd/element/f.DD81908FE99A923B634158F1747C8007.d.BE4AE1A81C2002039D355082D14C475D.e.5598/elements - {"using":"css selector","value":"input"}
RESULT: {"using":"css selector","value":"input"}
COMMAND: POST /session/bee63c40a1bdae7ce06b935db5f594fd/element/f.DD81908FE99A923B634158F1747C8007.d.BE4AE1A81C2002039D355082D14C475D.e.5598/elements - {"using":"css selector","value":"input"}
RESULT: {"using":"css selector","value":"input"}
COMMAND: POST /session/bee63c40a1bdae7ce06b935db5f594fd/element/f.DD81908FE99A923B634158F1747C8007.d.BE4AE1A81C2002039D355082D14C475D.e.5598/elements - {"using":"css selector","value":"input"}
RESULT: {"using":"css selector","value":"input"}
COMMAND: POST /session/bee63c40a1bdae7ce06b935db5f594fd/element/f.DD81908FE99A923B634158F1747C8007.d.BE4AE1A81C2002039D355082D14C475D.e.5598/elements - {"using":"css selector","value":"input"}
RESULT: {"using":"css selector","value":"input"}
COMMAND: POST /session/bee63c40a1bdae7ce06b935db5f594fd/element/f.DD81908FE99A923B634158F1747C8007.d.BE4AE1A81C2002039D355082D14C475D.e.5598/elements - {"using":"css selector","value":"input"}
RESULT: {"using":"css selector","value":"input"}
COMMAND: POST /session/bee63c40a1bdae7ce06b935db5f594fd/element/f.DD81908FE99A923B634158F1747C8007.d.BE4AE1A81C2002039D355082D14C475D.e.5598/elements - {"using":"css selector","value":"input"}
RESULT: {"using":"css selector","value":"input"}
COMMAND: POST /session/bee63c40a1bdae7ce06b935db5f594fd/element/f.DD81908FE99A923B634158F1747C8007.d.BE4AE1A81C2002039D355082D14C475D.e.5598/elements - {"using":"css selector","value":"input"}
RESULT: {"using":"css selector","value":"input"}
COMMAND: POST /session/bee63c40a1bdae7ce06b935db5f594fd/element/f.DD81908FE99A923B634158F1747C8007.d.BE4AE1A81C2002039D355082D14C475D.e.5598/elements - {"using":"css selector","value":"input"}
RESULT: {"using":"css selector","value":"input"}
COMMAND: POST /session/bee63c40a1bdae7ce06b935db5f594fd/element/f.DD81908FE99A923B634158F1747C8007.d.BE4AE1A81C2002039D355082D14C475D.e.5598/elements - {"using":"css selector","value":"input"}
RESULT: {"using":"css selector","value":"input"}
COMMAND: POST /session/bee63c40a1bdae7ce06b935db5f594fd/element/f.DD81908FE99A923B634158F1747C8007.d.BE4AE1A81C2002039D355082D14C475D.e.5598/elements - {"using":"css selector","value":"input"}
RESULT: {"using":"css selector","value":"input"}
COMMAND: POST /session/bee63c40a1bdae7ce06b935db5f594fd/element/f.DD81908FE99A923B634158F1747C8007.d.BE4AE1A81C2002039D355082D14C475D.e.5598/elements - {"using":"css selector","value":"input"}
RESULT: {"using":"css selector","value":"input"}
COMMAND: POST /session/bee63c40a1bdae7ce06b935db5f594fd/element/f.DD81908FE99A923B634158F1747C8007.d.BE4AE1A81C2002039D355082D14C475D.e.5598/elements - {"using":"css selector","value":"input"}
RESULT: {"using":"css selector","value":"input"}
COMMAND: POST /session/bee63c40a1bdae7ce06b935db5f594fd/element/f.DD81908FE99A923B634158F1747C8007.d.BE4AE1A81C2002039D355082D14C475D.e.5598/elements - {"using":"css selector","value":"input"}
RESULT: {"using":"css selector","value":"input"}
COMMAND: POST /session/bee63c40a1bdae7ce06b935db5f594fd/element/f.DD81908FE99A923B634158F1747C8007.d.BE4AE1A81C2002039D355082D14C475D.e.5598/elements - {"using":"css selector","value":"input"}
RESULT: {"using":"css selector","value":"input"}
COMMAND: POST /session/bee63c40a1bdae7ce06b935db5f594fd/element/f.DD81908FE99A923B634158F1747C8007.d.BE4AE1A81C2002039D355082D14C475D.e.5598/elements - {"using":"css selector","value":"input"}
RESULT: {"using":"css selector","value":"input"}
COMMAND: POST /session/bee63c40a1bdae7ce06b935db5f594fd/element/f.DD81908FE99A923B634158F1747C8007.d.BE4AE1A81C2002039D355082D14C475D.e.5598/elements - {"using":"css selector","value":"input"}
RESULT: {"using":"css selector","value":"input"}
COMMAND: POST /session/bee63c40a1bdae7ce06b935db5f594fd/element/f.DD81908FE99A923B634158F1747C8007.d.BE4AE1A81C2002039D355082D14C475D.e.5598/elements - {"using":"css selector","value":"input"}
RESULT: {"using":"css selector","value":"input"}
COMMAND: POST /session/bee63c40a1bdae7ce06b935db5f594fd/element/f.DD81908FE99A923B634158F1747C8007.d.BE4AE1A81C2002039D355082D14C475D.e.5598/elements - {"using":"css selector","value":"input"}
RESULT: {"using":"css selector","value":"input"}
COMMAND: POST /session/bee63c40a1bdae7ce06b935db5f594fd/element/f.DD81908FE99A923B634158F1747C8007.d.BE4AE1A81C2002039D355082D14C475D.e.5598/elements - {"using":"css selector","value":"input"}
RESULT: {"using":"css selector","value":"input"}
COMMAND: POST /session/bee63c40a1bdae7ce06b935db5f594fd/element/f.DD81908FE99A923B634158F1747C8007.d.BE4AE1A81C2002039D355082D14C475D.e.5598/elements - {"using":"css selector","value":"input"}
RESULT: {"using":"css selector","value":"input"}
COMMAND: POST /session/bee63c40a1bdae7ce06b935db5f594fd/element/f.DD81908FE99A923B634158F1747C8007.d.BE4AE1A81C2002039D355082D14C475D.e.5598/elements - {"using":"css selector","value":"input"}
RESULT: {"using":"css selector","value":"input"}
COMMAND: POST /session/bee63c40a1bdae7ce06b935db5f594fd/element/f.DD81908FE99A923B634158F1747C8007.d.BE4AE1A81C2002039D355082D14C475D.e.5598/elements - {"using":"css selector","value":"input"}
RESULT: {"using":"css selector","value":"input"}
COMMAND: POST /session/bee63c40a1bdae7ce06b935db5f594fd/element/f.DD81908FE99A923B634158F1747C8007.d.BE4AE1A81C2002039D355082D14C475D.e.5598/elements - {"using":"css selector","value":"input"}
RESULT: {"using":"css selector","value":"input"}
COMMAND: POST /session/bee63c40a1bdae7ce06b935db5f594fd/element/f.DD81908FE99A923B634158F1747C8007.d.BE4AE1A81C2002039D355082D14C475D.e.5598/elements - {"using":"css selector","value":"input"}
RESULT: {"using":"css selector","value":"input"}
COMMAND: POST /session/bee63c40a1bdae7ce06b935db5f594fd/element/f.DD81908FE99A923B634158F1747C8007.d.BE4AE1A81C2002039D355082D14C475D.e.5598/elements - {"using":"css selector","value":"input"}
RESULT: {"using":"css selector","value":"input"}
COMMAND: POST /session/bee63c40a1bdae7ce06b935db5f594fd/element/f.DD81908FE99A923B634158F1747C8007.d.BE4AE1A81C2002039D355082D14C475D.e.5598/elements - {"using":"css selector","value":"input"}
RESULT: {"using":"css selector","value":"input"}
COMMAND: POST /session/bee63c40a1bdae7ce06b935db5f594fd/element/f.DD81908FE99A923B634158F1747C8007.d.BE4AE1A81C2002039D355082D14C475D.e.5598/elements - {"using":"css selector","value":"input"}
RESULT: {"using":"css selector","value":"input"}
COMMAND: POST /session/bee63c40a1bdae7ce06b935db5f594fd/element/f.DD81908FE99A923B634158F1747C8007.d.BE4AE1A81C2002039D355082D14C475D.e.5598/elements - {"using":"css selector","value":"input"}
RESULT: {"using":"css selector","value":"input"}
COMMAND: POST /session/bee63c40a1bdae7ce06b935db5f594fd/element/f.DD81908FE99A923B634158F1747C8007.d.BE4AE1A81C2002039D355082D14C475D.e.5598/elements - {"using":"css selector","value":"input"}
RESULT: {"using":"css selector","value":"input"}
COMMAND: POST /session/bee63c40a1bdae7ce06b935db5f594fd/element/f.DD81908FE99A923B634158F1747C8007.d.BE4AE1A81C2002039D355082D14C475D.e.5598/elements - {"using":"css selector","value":"input"}
RESULT: {"using":"css selector","value":"input"}
COMMAND: POST /session/bee63c40a1bdae7ce06b935db5f594fd/element/f.DD81908FE99A923B634158F1747C8007.d.BE4AE1A81C2002039D355082D14C475D.e.5598/elements - {"using":"css selector","value":"input"}
RESULT: {"using":"css selector","value":"input"}
COMMAND: POST /session/bee63c40a1bdae7ce06b935db5f594fd/element/f.DD81908FE99A923B634158F1747C8007.d.BE4AE1A81C2002039D355082D14C475D.e.5598/elements - {"using":"css selector","value":"input"}
RESULT: {"using":"css selector","value":"input"}
COMMAND: POST /session/bee63c40a1bdae7ce06b935db5f594fd/element/f.DD81908FE99A923B634158F1747C8007.d.BE4AE1A81C2002039D355082D14C475D.e.5598/elements - {"using":"css selector","value":"input"}
RESULT: {"using":"css selector","value":"input"}
COMMAND: POST /session/bee63c40a1bdae7ce06b935db5f594fd/element/f.DD81908FE99A923B634158F1747C8007.d.BE4AE1A81C2002039D355082D14C475D.e.5598/elements - {"using":"css selector","value":"input"}
RESULT: {"using":"css selector","value":"input"}
COMMAND: POST /session/bee63c40a1bdae7ce06b935db5f594fd/element/f.DD81908FE99A923B634158F1747C8007.d.BE4AE1A81C2002039D355082D14C475D.e.5598/elements - {"using":"css selector","value":"input"}
RESULT: {"using":"css selector","value":"input"}
COMMAND: POST /session/bee63c40a1bdae7ce06b935db5f594fd/element/f.DD81908FE99A923B634158F1747C8007.d.BE4AE1A81C2002039D355082D14C475D.e.5598/elements - {"using":"css selector","value":"input"}
RESULT: {"using":"css selector","value":"input"}
COMMAND: POST /session/bee63c40a1bdae7ce06b935db5f594fd/element/f.DD81908FE99A923B634158F1747C8007.d.BE4AE1A81C2002039D355082D14C475D.e.5598/elements - {"using":"css selector","value":"input"}
RESULT: {"using":"css selector","value":"input"}
COMMAND: POST /session/bee63c40a1bdae7ce06b935db5f594fd/element/f.DD81908FE99A923B634158F1747C8007.d.BE4AE1A81C2002039D355082D14C475D.e.5598/elements - {"using":"css selector","value":"input"}
RESULT: {"using":"css selector","value":"input"}
COMMAND: POST /session/bee63c40a1bdae7ce06b935db5f594fd/element/f.DD81908FE99A923B634158F1747C8007.d.BE4AE1A81C2002039D355082D14C475D.e.5598/elements - {"using":"css selector","value":"input"}
RESULT: {"using":"css selector","value":"input"}
COMMAND: POST /session/bee63c40a1bdae7ce06b935db5f594fd/element/f.DD81908FE99A923B634158F1747C8007.d.BE4AE1A81C2002039D355082D14C475D.e.5598/elements - {"using":"css selector","value":"input"}
RESULT: {"using":"css selector","value":"input"}
COMMAND: POST /session/bee63c40a1bdae7ce06b935db5f594fd/element/f.DD81908FE99A923B634158F1747C8007.d.BE4AE1A81C2002039D355082D14C475D.e.5598/elements - {"using":"css selector","value":"input"}
RESULT: {"using":"css selector","value":"input"}
COMMAND: POST /session/bee63c40a1bdae7ce06b935db5f594fd/element/f.DD81908FE99A923B634158F1747C8007.d.BE4AE1A81C2002039D355082D14C475D.e.5598/elements - {"using":"css selector","value":"input"}
RESULT: {"using":"css selector","value":"input"}
COMMAND: POST /session/bee63c40a1bdae7ce06b935db5f594fd/element/f.DD81908FE99A923B634158F1747C8007.d.BE4AE1A81C2002039D355082D14C475D.e.5598/elements - {"using":"css selector","value":"input"}
RESULT: {"using":"css selector","value":"input"}
COMMAND: POST /session/bee63c40a1bdae7ce06b935db5f594fd/element/f.DD81908FE99A923B634158F1747C8007.d.BE4AE1A81C2002039D355082D14C475D.e.5598/elements - {"using":"css selector","value":"input"}
RESULT: {"using":"css selector","value":"input"}
COMMAND: POST /session/bee63c40a1bdae7ce06b935db5f594fd/element/f.DD81908FE99A923B634158F1747C8007.d.BE4AE1A81C2002039D355082D14C475D.e.5598/elements - {"using":"css selector","value":"input"}
RESULT: {"using":"css selector","value":"input"}
COMMAND: POST /session/bee63c40a1bdae7ce06b935db5f594fd/element/f.DD81908FE99A923B634158F1747C8007.d.BE4AE1A81C2002039D355082D14C475D.e.5598/elements - {"using":"css selector","value":"input"}
RESULT: {"using":"css selector","value":"input"}
COMMAND: POST /session/bee63c40a1bdae7ce06b935db5f594fd/element/f.DD81908FE99A923B634158F1747C8007.d.BE4AE1A81C2002039D355082D14C475D.e.5598/elements - {"using":"css selector","value":"input"}
RESULT: {"using":"css selector","value":"input"}
COMMAND: POST /session/bee63c40a1bdae7ce06b935db5f594fd/element/f.DD81908FE99A923B634158F1747C8007.d.BE4AE1A81C2002039D355082D14C475D.e.5598/elements - {"using":"css selector","value":"input"}
RESULT: {"using":"css selector","value":"input"}
COMMAND: POST /session/bee63c40a1bdae7ce06b935db5f594fd/element/f.DD81908FE99A923B634158F1747C8007.d.BE4AE1A81C2002039D355082D14C475D.e.5598/elements - {"using":"css selector","value":"input"}
RESULT: {"using":"css selector","value":"input"}
COMMAND: POST /session/bee63c40a1bdae7ce06b935db5f594fd/element/f.DD81908FE99A923B634158F1747C8007.d.BE4AE1A81C2002039D355082D14C475D.e.5598/elements - {"using":"css selector","value":"input"}
RESULT: {"using":"css selector","value":"input"}
COMMAND: POST /session/bee63c40a1bdae7ce06b935db5f594fd/element/f.DD81908FE99A923B634158F1747C8007.d.BE4AE1A81C2002039D355082D14C475D.e.5598/elements - {"using":"css selector","value":"input"}
RESULT: {"using":"css selector","value":"input"}
COMMAND: POST /session/bee63c40a1bdae7ce06b935db5f594fd/element/f.DD81908FE99A923B634158F1747C8007.d.BE4AE1A81C2002039D355082D14C475D.e.5598/elements - {"using":"css selector","value":"input"}
RESULT: {"using":"css selector","value":"input"}
COMMAND: POST /session/bee63c40a1bdae7ce06b935db5f594fd/element/f.DD81908FE99A923B634158F1747C8007.d.BE4AE1A81C2002039D355082D14C475D.e.5598/elements - {"using":"css selector","value":"input"}
RESULT: {"using":"css selector","value":"input"}
COMMAND: POST /session/bee63c40a1bdae7ce06b935db5f594fd/element/f.DD81908FE99A923B634158F1747C8007.d.BE4AE1A81C2002039D355082D14C475D.e.5598/elements - {"using":"css selector","value":"input"}
RESULT: {"using":"css selector","value":"input"}
COMMAND: POST /session/bee63c40a1bdae7ce06b935db5f594fd/element/f.DD81908FE99A923B634158F1747C8007.d.BE4AE1A81C2002039D355082D14C475D.e.5598/elements - {"using":"css selector","value":"input"}
RESULT: {"using":"css selector","value":"input"}
COMMAND: POST /session/bee63c40a1bdae7ce06b935db5f594fd/element/f.DD81908FE99A923B634158F1747C8007.d.BE4AE1A81C2002039D355082D14C475D.e.5598/elements - {"using":"css selector","value":"input"}
RESULT: {"using":"css selector","value":"input"}
COMMAND: POST /session/bee63c40a1bdae7ce06b935db5f594fd/element/f.DD81908FE99A923B634158F1747C8007.d.BE4AE1A81C2002039D355082D14C475D.e.5598/elements - {"using":"css selector","value":"input"}
RESULT: {"using":"css selector","value":"input"}
COMMAND: POST /session/bee63c40a1bdae7ce06b935db5f594fd/element/f.DD81908FE99A923B634158F1747C8007.d.BE4AE1A81C2002039D355082D14C475D.e.5598/elements - {"using":"css selector","value":"input"}
RESULT: {"using":"css selector","value":"input"}
COMMAND: POST /session/bee63c40a1bdae7ce06b935db5f594fd/element/f.DD81908FE99A923B634158F1747C8007.d.BE4AE1A81C2002039D355082D14C475D.e.5598/elements - {"using":"css selector","value":"input"}
RESULT: {"using":"css selector","value":"input"}
COMMAND: POST /session/bee63c40a1bdae7ce06b935db5f594fd/element/f.DD81908FE99A923B634158F1747C8007.d.BE4AE1A81C2002039D355082D14C475D.e.5598/elements - {"using":"css selector","value":"input"}
RESULT: {"using":"css selector","value":"input"}
COMMAND: POST /session/bee63c40a1bdae7ce06b935db5f594fd/element/f.DD81908FE99A923B634158F1747C8007.d.BE4AE1A81C2002039D355082D14C475D.e.5598/elements - {"using":"css selector","value":"input"}
RESULT: {"using":"css selector","value":"input"}
COMMAND: POST /session/bee63c40a1bdae7ce06b935db5f594fd/element/f.DD81908FE99A923B634158F1747C8007.d.BE4AE1A81C2002039D355082D14C475D.e.5598/elements - {"using":"css selector","value":"input"}
RESULT: {"using":"css selector","value":"input"}
COMMAND: POST /session/bee63c40a1bdae7ce06b935db5f594fd/element/f.DD81908FE99A923B634158F1747C8007.d.BE4AE1A81C2002039D355082D14C475D.e.5598/elements - {"using":"css selector","value":"input"}
RESULT: {"using":"css selector","value":"input"}
COMMAND: POST /session/bee63c40a1bdae7ce06b935db5f594fd/element/f.DD81908FE99A923B634158F1747C8007.d.BE4AE1A81C2002039D355082D14C475D.e.5598/elements - {"using":"css selector","value":"input"}
RESULT: {"using":"css selector","value":"input"}
COMMAND: POST /session/bee63c40a1bdae7ce06b935db5f594fd/element/f.DD81908FE99A923B634158F1747C8007.d.BE4AE1A81C2002039D355082D14C475D.e.5598/elements - {"using":"css selector","value":"input"}
RESULT: {"using":"css selector","value":"input"}
COMMAND: POST /session/bee63c40a1bdae7ce06b935db5f594fd/element/f.DD81908FE99A923B634158F1747C8007.d.BE4AE1A81C2002039D355082D14C475D.e.5598/elements - {"using":"css selector","value":"input"}
RESULT: {"using":"css selector","value":"input"}
COMMAND: POST /session/bee63c40a1bdae7ce06b935db5f594fd/element/f.DD81908FE99A923B634158F1747C8007.d.BE4AE1A81C2002039D355082D14C475D.e.5598/elements - {"using":"css selector","value":"input"}
RESULT: {"using":"css selector","value":"input"}
COMMAND: POST /session/bee63c40a1bdae7ce06b935db5f594fd/element/f.DD81908FE99A923B634158F1747C8007.d.BE4AE1A81C2002039D355082D14C475D.e.5598/elements - {"using":"css selector","value":"input"}
RESULT: {"using":"css selector","value":"input"}
COMMAND: POST /session/bee63c40a1bdae7ce06b935db5f594fd/element/f.DD81908FE99A923B634158F1747C8007.d.BE4AE1A81C2002039D355082D14C475D.e.5598/elements - {"using":"css selector","value":"input"}
RESULT: {"using":"css selector","value":"input"}
COMMAND: POST /session/bee63c40a1bdae7ce06b935db5f594fd/element/f.DD81908FE99A923B634158F1747C8007.d.BE4AE1A81C2002039D355082D14C475D.e.5598/elements - {"using":"css selector","value":"input"}
RESULT: {"using":"css selector","value":"input"}
COMMAND: POST /session/bee63c40a1bdae7ce06b935db5f594fd/element/f.DD81908FE99A923B634158F1747C8007.d.BE4AE1A81C2002039D355082D14C475D.e.5598/elements - {"using":"css selector","value":"input"}
RESULT: {"using":"css selector","value":"input"}
COMMAND: POST /session/bee63c40a1bdae7ce06b935db5f594fd/element/f.DD81908FE99A923B634158F1747C8007.d.BE4AE1A81C2002039D355082D14C475D.e.5598/elements - {"using":"css selector","value":"input"}
RESULT: {"using":"css selector","value":"input"}
COMMAND: POST /session/bee63c40a1bdae7ce06b935db5f594fd/element/f.DD81908FE99A923B634158F1747C8007.d.BE4AE1A81C2002039D355082D14C475D.e.5598/elements - {"using":"css selector","value":"input"}
RESULT: {"using":"css selector","value":"input"}
COMMAND: POST /session/bee63c40a1bdae7ce06b935db5f594fd/element/f.DD81908FE99A923B634158F1747C8007.d.BE4AE1A81C2002039D355082D14C475D.e.5598/elements - {"using":"css selector","value":"input"}
RESULT: {"using":"css selector","value":"input"}
COMMAND: POST /session/bee63c40a1bdae7ce06b935db5f594fd/element/f.DD81908FE99A923B634158F1747C8007.d.BE4AE1A81C2002039D355082D14C475D.e.5598/elements - {"using":"css selector","value":"input"}
RESULT: {"using":"css selector","value":"input"}
COMMAND: POST /session/bee63c40a1bdae7ce06b935db5f594fd/element/f.DD81908FE99A923B634158F1747C8007.d.BE4AE1A81C2002039D355082D14C475D.e.5598/elements - {"using":"css selector","value":"input"}
RESULT: {"using":"css selector","value":"input"}
COMMAND: POST /session/bee63c40a1bdae7ce06b935db5f594fd/element/f.DD81908FE99A923B634158F1747C8007.d.BE4AE1A81C2002039D355082D14C475D.e.5598/elements - {"using":"css selector","value":"input"}
RESULT: {"using":"css selector","value":"input"}
COMMAND: POST /session/bee63c40a1bdae7ce06b935db5f594fd/element/f.DD81908FE99A923B634158F1747C8007.d.BE4AE1A81C2002039D355082D14C475D.e.5598/elements - {"using":"css selector","value":"input"}
RESULT: {"using":"css selector","value":"input"}
COMMAND: POST /session/bee63c40a1bdae7ce06b935db5f594fd/element/f.DD81908FE99A923B634158F1747C8007.d.BE4AE1A81C2002039D355082D14C475D.e.5598/elements - {"using":"css selector","value":"input"}
COMMAND: GET /session/bee63c40a1bdae7ce06b935db5f594fd/screenshot - {}
RESULT: {"using":"css selector","value":"input"}
RESULT: {}
COMMAND: POST /session/bee63c40a1bdae7ce06b935db5f594fd/element - {"using":"css selector","value":"#j_username"}
COMMAND: POST /session/bee63c40a1bdae7ce06b935db5f594fd/url - {"url":"https://qa-testing-00-live-etm-ui.cfapps.eu10-004.hana.ondemand.com/"}
COMMAND: GET /session/bee63c40a1bdae7ce06b935db5f594fd/screenshot - {}
COMMAND: GET /session/bee63c40a1bdae7ce06b935db5f594fd/screenshot - {}
RESULT: {"url":"https://qa-testing-00-live-etm-ui.cfapps.eu10-004.hana.ondemand.com/"}
RESULT: undefined
COMMAND: GET /session/bee63c40a1bdae7ce06b935db5f594fd/screenshot - {}
RESULT: {"using":"css selector","value":"#j_username"}
COMMAND: POST /session/bee63c40a1bdae7ce06b935db5f594fd/element - {"using":"css selector","value":"#j_username"}
RESULT: {}
RESULT: {}
RESULT: {}
RESULT: {"using":"css selector","value":"#j_username"}
COMMAND: POST /session/bee63c40a1bdae7ce06b935db5f594fd/element - {"using":"css selector","value":"#shell-header-logo"}
RESULT: {"using":"css selector","value":"#shell-header-logo"}
COMMAND: POST /session/bee63c40a1bdae7ce06b935db5f594fd/execute/sync - {"script":"<script> [8489 bytes]","args":[{"element-6066-11e4-a52e-4f735466cecf":"f.DD81908FE99A923B634158F1747C8007.d.3F11EE24F4230D7B29F03F0D033963AE.e.5612","ELEMENT":"f.DD81908FE99A923B634158F1747C8007.d.3F11EE24F4230D7B29F03F0D033963AE.e.5612"}]}
RESULT: {"script":"<script> [8489 bytes]","args":[{"element-6066-11e4-a52e-4f735466cecf":"f.DD81908FE99A923B634158F1747C8007.d.3F11EE24F4230D7B29F03F0D033963AE.e.5612","ELEMENT":"f.DD81908FE99A923B634158F1747C8007.d.3F11EE24F4230D7B29F03F0D033963AE.e.5612"}]}
COMMAND: POST /session/bee63c40a1bdae7ce06b935db5f594fd/element - {"using":"css selector","value":"#shell-header-logo"}
COMMAND: GET /session/bee63c40a1bdae7ce06b935db5f594fd/screenshot - {}
RESULT: {}
RESULT: {"using":"css selector","value":"#shell-header-logo"}
COMMAND: POST /session/bee63c40a1bdae7ce06b935db5f594fd/execute/sync - {"script":"<script> [8489 bytes]","args":[{"element-6066-11e4-a52e-4f735466cecf":"f.DD81908FE99A923B634158F1747C8007.d.3F11EE24F4230D7B29F03F0D033963AE.e.5612","ELEMENT":"f.DD81908FE99A923B634158F1747C8007.d.3F11EE24F4230D7B29F03F0D033963AE.e.5612"}]}
RESULT: {"script":"<script> [8489 bytes]","args":[{"element-6066-11e4-a52e-4f735466cecf":"f.DD81908FE99A923B634158F1747C8007.d.3F11EE24F4230D7B29F03F0D033963AE.e.5612","ELEMENT":"f.DD81908FE99A923B634158F1747C8007.d.3F11EE24F4230D7B29F03F0D033963AE.e.5612"}]}
COMMAND: POST /session/bee63c40a1bdae7ce06b935db5f594fd/execute/sync - {"script":"<script> [5351 bytes]","args":[{"element-6066-11e4-a52e-4f735466cecf":"f.DD81908FE99A923B634158F1747C8007.d.3F11EE24F4230D7B29F03F0D033963AE.e.5612","ELEMENT":"f.DD81908FE99A923B634158F1747C8007.d.3F11EE24F4230D7B29F03F0D033963AE.e.5612"}]}
COMMAND: GET /session/bee63c40a1bdae7ce06b935db5f594fd/screenshot - {}
RESULT: {"script":"<script> [5351 bytes]","args":[{"element-6066-11e4-a52e-4f735466cecf":"f.DD81908FE99A923B634158F1747C8007.d.3F11EE24F4230D7B29F03F0D033963AE.e.5612","ELEMENT":"f.DD81908FE99A923B634158F1747C8007.d.3F11EE24F4230D7B29F03F0D033963AE.e.5612"}]}
COMMAND: POST /session/bee63c40a1bdae7ce06b935db5f594fd/element - {"using":"css selector","value":"#shell-header-logo"}
COMMAND: GET /session/bee63c40a1bdae7ce06b935db5f594fd/screenshot - {}
RESULT: {}
RESULT: {"using":"css selector","value":"#shell-header-logo"}
COMMAND: POST /session/bee63c40a1bdae7ce06b935db5f594fd/element/f.DD81908FE99A923B634158F1747C8007.d.3F11EE24F4230D7B29F03F0D033963AE.e.5612/click - {}
RESULT: {}
RESULT: {}
COMMAND: GET /session/bee63c40a1bdae7ce06b935db5f594fd/screenshot - {}
RESULT: {}
COMMAND: POST /session/bee63c40a1bdae7ce06b935db5f594fd/execute/async - {"script":"<script> [189 bytes]","args":[]}
RESULT: {"script":"<script> [189 bytes]","args":[]}
COMMAND: POST /session/bee63c40a1bdae7ce06b935db5f594fd/execute/async - {"script":"<script> [123 bytes]","args":[]}
RESULT: {"script":"<script> [123 bytes]","args":[]}
COMMAND: POST /session/bee63c40a1bdae7ce06b935db5f594fd/timeouts - {"script":"<number>"}
RESULT: {"script":"<number>"}
COMMAND: GET /session/bee63c40a1bdae7ce06b935db5f594fd/timeouts - {}
RESULT: {}
RESULT: undefined
COMMAND: POST /session/bee63c40a1bdae7ce06b935db5f594fd/execute/async - {"script":"<script> [2676 bytes]","args":[]}
RESULT: {"script":"<script> [2676 bytes]","args":[]}
COMMAND: POST /session/bee63c40a1bdae7ce06b935db5f594fd/execute/async - {"script":"<script> [2342 bytes]","args":[{"protocol":"http","hostname":"0.0.0.0","path":"/","capabilities":{"browserName":"chrome","goog:chromeOptions":{"binary":"C:\\Program Files\\Google\\Chrome\\Application\\chrome.exe","args":["--start-maximized"]}},"logLevel":"warn","connectionRetryTimeout":120000,"connectionRetryCount":3,"logLevels":{},"enableDirectConnect":true,"strictSSL":true,"_":"65 more keys: [\"cacheDir\",\"port\",\"requestedCapabilities\",\"automationProtocol\",\"baseUrl\",\"waitforInterval\",\"waitforTimeout\",\"onReload\",\"beforeCommand\",\"afterCommand\",\"rootDir\",\"specs\",\"suites\",\"exclude\",\"groupLogsByTestSpec\",\"excludeDriverLogs\",\"bail\",\"framework\",\"reporters\",\"services\",\"maxInstances\",\"maxInstancesPerCapability\",\"injectGlobals\",\"filesToWatch\",\"execArgv\",\"runnerEnv\",\"runner\",\"shard\",\"specFileRetries\",\"specFileRetriesDelay\",\"specFileRetriesDeferred\",\"reporterSyncInterval\",\"reporterSyncTimeout\",\"cucumberFeaturesWithLineNumbers\",\"autoCompileOpts\",\"mochaOpts\",\"jasmineOpts\",\"cucumberOpts\",\"onPrepare\",\"onWorkerStart\",\"onWorkerEnd\",\"before\",\"beforeSession\",\"beforeSuite\",\"beforeHook\",\"beforeTest\",\"afterTest\",\"afterHook\",\"afterSuite\",\"afterSession\",\"after\",\"onComplete\",\"beforeAssertion\",\"afterAssertion\",\"beforeFeature\",\"beforeScenario\",\"beforeStep\",\"afterStep\",\"afterScenario\",\"afterFeature\",\"_\",\"suite\",\"$0\",\"ignoredWorkerServices\",\"wdi5\"]"}]}
RESULT: {"script":"<script> [2342 bytes]","args":[{"protocol":"http","hostname":"0.0.0.0","path":"/","capabilities":{"browserName":"chrome","goog:chromeOptions":{"binary":"C:\\Program Files\\Google\\Chrome\\Application\\chrome.exe","args":["--start-maximized"]}},"logLevel":"warn","connectionRetryTimeout":120000,"connectionRetryCount":3,"logLevels":{},"enableDirectConnect":true,"strictSSL":true,"_":"65 more keys: [\"cacheDir\",\"port\",\"requestedCapabilities\",\"automationProtocol\",\"baseUrl\",\"waitforInterval\",\"waitforTimeout\",\"onReload\",\"beforeCommand\",\"afterCommand\",\"rootDir\",\"specs\",\"suites\",\"exclude\",\"groupLogsByTestSpec\",\"excludeDriverLogs\",\"bail\",\"framework\",\"reporters\",\"services\",\"maxInstances\",\"maxInstancesPerCapability\",\"injectGlobals\",\"filesToWatch\",\"execArgv\",\"runnerEnv\",\"runner\",\"shard\",\"specFileRetries\",\"specFileRetriesDelay\",\"specFileRetriesDeferred\",\"reporterSyncInterval\",\"reporterSyncTimeout\",\"cucumberFeaturesWithLineNumbers\",\"autoCompileOpts\",\"mochaOpts\",\"jasmineOpts\",\"cucumberOpts\",\"onPrepare\",\"onWorkerStart\",\"onWorkerEnd\",\"before\",\"beforeSession\",\"beforeSuite\",\"beforeHook\",\"beforeTest\",\"afterTest\",\"afterHook\",\"afterSuite\",\"afterSession\",\"after\",\"onComplete\",\"beforeAssertion\",\"afterAssertion\",\"beforeFeature\",\"beforeScenario\",\"beforeStep\",\"afterStep\",\"afterScenario\",\"afterFeature\",\"_\",\"suite\",\"$0\",\"ignoredWorkerServices\",\"wdi5\"]"}]}
COMMAND: POST /session/bee63c40a1bdae7ce06b935db5f594fd/execute/async - {"script":"<script> [21126 bytes]","args":[35000]}
RESULT: {"script":"<script> [21126 bytes]","args":[35000]}
COMMAND: POST /session/bee63c40a1bdae7ce06b935db5f594fd/window/maximize - {}
RESULT: {}
COMMAND: POST /session/bee63c40a1bdae7ce06b935db5f594fd/execute/async - {"script":"<script> [1562 bytes]","args":[{"selector":{"id":"shell-header","interaction":{"idSuffix":"icon"}},"wdio_ui5_key":"shellheader"}]}
RESULT: undefined
COMMAND: GET /session/bee63c40a1bdae7ce06b935db5f594fd/screenshot - {}
RESULT: {"script":"<script> [1562 bytes]","args":[{"selector":{"id":"shell-header","interaction":{"idSuffix":"icon"}},"wdio_ui5_key":"shellheader"}]}
RESULT: undefined
COMMAND: POST /session/bee63c40a1bdae7ce06b935db5f594fd/refresh - {}
RESULT: {}
RESULT: {}
COMMAND: GET /session/bee63c40a1bdae7ce06b935db5f594fd/screenshot - {}
RESULT: {}
COMMAND: POST /session/bee63c40a1bdae7ce06b935db5f594fd/refresh - {}
RESULT: undefined
RESULT: {}
COMMAND: GET /session/bee63c40a1bdae7ce06b935db5f594fd/screenshot - {}
RESULT: {}
COMMAND: POST /session/bee63c40a1bdae7ce06b935db5f594fd/window/fullscreen - {}
RESULT: {}
COMMAND: POST /session/bee63c40a1bdae7ce06b935db5f594fd/execute/async - {"script":"<script> [189 bytes]","args":[]}
RESULT: {"script":"<script> [189 bytes]","args":[]}
COMMAND: POST /session/bee63c40a1bdae7ce06b935db5f594fd/execute/async - {"script":"<script> [123 bytes]","args":[]}
RESULT: {"script":"<script> [123 bytes]","args":[]}
COMMAND: POST /session/bee63c40a1bdae7ce06b935db5f594fd/timeouts - {"script":"<number>"}
RESULT: {"script":"<number>"}
COMMAND: GET /session/bee63c40a1bdae7ce06b935db5f594fd/timeouts - {}
RESULT: {}
RESULT: undefined
COMMAND: POST /session/bee63c40a1bdae7ce06b935db5f594fd/execute/async - {"script":"<script> [2676 bytes]","args":[]}
RESULT: {"script":"<script> [2676 bytes]","args":[]}
COMMAND: POST /session/bee63c40a1bdae7ce06b935db5f594fd/execute/async - {"script":"<script> [2342 bytes]","args":[{"protocol":"http","hostname":"0.0.0.0","path":"/","capabilities":{"browserName":"chrome","goog:chromeOptions":{"binary":"C:\\Program Files\\Google\\Chrome\\Application\\chrome.exe","args":["--start-maximized"]}},"logLevel":"warn","connectionRetryTimeout":120000,"connectionRetryCount":3,"logLevels":{},"enableDirectConnect":true,"strictSSL":true,"_":"65 more keys: [\"cacheDir\",\"port\",\"requestedCapabilities\",\"automationProtocol\",\"baseUrl\",\"waitforInterval\",\"waitforTimeout\",\"onReload\",\"beforeCommand\",\"afterCommand\",\"rootDir\",\"specs\",\"suites\",\"exclude\",\"groupLogsByTestSpec\",\"excludeDriverLogs\",\"bail\",\"framework\",\"reporters\",\"services\",\"maxInstances\",\"maxInstancesPerCapability\",\"injectGlobals\",\"filesToWatch\",\"execArgv\",\"runnerEnv\",\"runner\",\"shard\",\"specFileRetries\",\"specFileRetriesDelay\",\"specFileRetriesDeferred\",\"reporterSyncInterval\",\"reporterSyncTimeout\",\"cucumberFeaturesWithLineNumbers\",\"autoCompileOpts\",\"mochaOpts\",\"jasmineOpts\",\"cucumberOpts\",\"onPrepare\",\"onWorkerStart\",\"onWorkerEnd\",\"before\",\"beforeSession\",\"beforeSuite\",\"beforeHook\",\"beforeTest\",\"afterTest\",\"afterHook\",\"afterSuite\",\"afterSession\",\"after\",\"onComplete\",\"beforeAssertion\",\"afterAssertion\",\"beforeFeature\",\"beforeScenario\",\"beforeStep\",\"afterStep\",\"afterScenario\",\"afterFeature\",\"_\",\"suite\",\"$0\",\"ignoredWorkerServices\",\"wdi5\"]"}]}
RESULT: {"script":"<script> [2342 bytes]","args":[{"protocol":"http","hostname":"0.0.0.0","path":"/","capabilities":{"browserName":"chrome","goog:chromeOptions":{"binary":"C:\\Program Files\\Google\\Chrome\\Application\\chrome.exe","args":["--start-maximized"]}},"logLevel":"warn","connectionRetryTimeout":120000,"connectionRetryCount":3,"logLevels":{},"enableDirectConnect":true,"strictSSL":true,"_":"65 more keys: [\"cacheDir\",\"port\",\"requestedCapabilities\",\"automationProtocol\",\"baseUrl\",\"waitforInterval\",\"waitforTimeout\",\"onReload\",\"beforeCommand\",\"afterCommand\",\"rootDir\",\"specs\",\"suites\",\"exclude\",\"groupLogsByTestSpec\",\"excludeDriverLogs\",\"bail\",\"framework\",\"reporters\",\"services\",\"maxInstances\",\"maxInstancesPerCapability\",\"injectGlobals\",\"filesToWatch\",\"execArgv\",\"runnerEnv\",\"runner\",\"shard\",\"specFileRetries\",\"specFileRetriesDelay\",\"specFileRetriesDeferred\",\"reporterSyncInterval\",\"reporterSyncTimeout\",\"cucumberFeaturesWithLineNumbers\",\"autoCompileOpts\",\"mochaOpts\",\"jasmineOpts\",\"cucumberOpts\",\"onPrepare\",\"onWorkerStart\",\"onWorkerEnd\",\"before\",\"beforeSession\",\"beforeSuite\",\"beforeHook\",\"beforeTest\",\"afterTest\",\"afterHook\",\"afterSuite\",\"afterSession\",\"after\",\"onComplete\",\"beforeAssertion\",\"afterAssertion\",\"beforeFeature\",\"beforeScenario\",\"beforeStep\",\"afterStep\",\"afterScenario\",\"afterFeature\",\"_\",\"suite\",\"$0\",\"ignoredWorkerServices\",\"wdi5\"]"}]}
COMMAND: POST /session/bee63c40a1bdae7ce06b935db5f594fd/execute/async - {"script":"<script> [21126 bytes]","args":[35000]}
RESULT: {"script":"<script> [21126 bytes]","args":[35000]}
]]></system-out>
      <system-err><![CDATA[
Error: Can't call getValue on element with selector "input" because element wasn't found
    at async Context.<anonymous> (D:\a\1\s\test\specs\BTS\conditions-prices-daily-price.spec.js:267:34)
]]></system-err>
    </testcase>
  </testsuite>
  <testsuite timestamp="2025-06-13T17:19:14" time="447.153" tests="9" failures="0" errors="0" skipped="0">
    <properties>
      <property name="specId" value="0"/>
      <property name="suiteName" value="US134625 Set up price condition - one time"/>
      <property name="capabilities" value="chrome.137_0_7151_69.windows"/>
      <property name="file" value="file:///D:/a/1/s/test/specs/BTS/set-up-price-condition-one-time.spec.js"/>
    </properties>
    <testcase classname="chrome.137_0_7151_69.windows.US134625_Set_up_price_condition_-_one_time" name="Should create a new yard used for all following tests" time="0.026">
      <system-out><![CDATA[
COMMAND: POST /session/bee63c40a1bdae7ce06b935db5f594fd/window/fullscreen - {}
RESULT: {}
]]></system-out>
    </testcase>
    <testcase classname="chrome.137_0_7151_69.windows.US134625_Set_up_price_condition_-_one_time" name="Should create a new partner" time="0.002"/>
    <testcase classname="chrome.137_0_7151_69.windows.US134625_Set_up_price_condition_-_one_time" name="Should create a new site used for following tests" time="0.002"/>
    <testcase classname="chrome.137_0_7151_69.windows.US134625_Set_up_price_condition_-_one_time" name="Should create a new material for billing type one time" time="121.93">
      <system-out><![CDATA[
COMMAND: POST /session/bee63c40a1bdae7ce06b935db5f594fd/execute/async - {"script":"<script> [1562 bytes]","args":[{"selector":{"controlType":"sap.m.GenericTile","properties":{"header":"Manage Resources"}},"wdio_ui5_key":"sapm.GenericTile{\"header\":\"Manage Resources\"}"}]}
RESULT: {"script":"<script> [1562 bytes]","args":[{"selector":{"controlType":"sap.m.GenericTile","properties":{"header":"Manage Resources"}},"wdio_ui5_key":"sapm.GenericTile{\"header\":\"Manage Resources\"}"}]}
RESULT: undefined
COMMAND: POST /session/bee63c40a1bdae7ce06b935db5f594fd/element - {"using":"xpath","value":"//*[@id=\"__tile40\"]"}
RESULT: {"using":"xpath","value":"//*[@id=\"__tile40\"]"}
COMMAND: POST /session/bee63c40a1bdae7ce06b935db5f594fd/element/f.DD81908FE99A923B634158F1747C8007.d.1AA1EEB8E3A6A63693469672317818B9.e.5776/click - {}
RESULT: {}
COMMAND: GET /session/bee63c40a1bdae7ce06b935db5f594fd/screenshot - {}
RESULT: {}
COMMAND: POST /session/bee63c40a1bdae7ce06b935db5f594fd/elements - {"using":"xpath","value":"//span[text()='Error']"}
RESULT: {"using":"xpath","value":"//span[text()='Error']"}
COMMAND: POST /session/bee63c40a1bdae7ce06b935db5f594fd/element - {"using":"xpath","value":"//button[@data-kt=\"addNewRUOverflowToolbarButton\"]"}
RESULT: {"using":"xpath","value":"//button[@data-kt=\"addNewRUOverflowToolbarButton\"]"}
COMMAND: POST /session/bee63c40a1bdae7ce06b935db5f594fd/elements - {"using":"xpath","value":"//button[@data-kt=\"addNewRUOverflowToolbarButton\"]"}
RESULT: {"using":"xpath","value":"//button[@data-kt=\"addNewRUOverflowToolbarButton\"]"}
COMMAND: POST /session/bee63c40a1bdae7ce06b935db5f594fd/execute/sync - {"script":"<script> [8489 bytes]","args":[{"element-6066-11e4-a52e-4f735466cecf":"f.DD81908FE99A923B634158F1747C8007.d.1AA1EEB8E3A6A63693469672317818B9.e.6032","ELEMENT":"f.DD81908FE99A923B634158F1747C8007.d.1AA1EEB8E3A6A63693469672317818B9.e.6032"}]}
RESULT: {"script":"<script> [8489 bytes]","args":[{"element-6066-11e4-a52e-4f735466cecf":"f.DD81908FE99A923B634158F1747C8007.d.1AA1EEB8E3A6A63693469672317818B9.e.6032","ELEMENT":"f.DD81908FE99A923B634158F1747C8007.d.1AA1EEB8E3A6A63693469672317818B9.e.6032"}]}
COMMAND: GET /session/bee63c40a1bdae7ce06b935db5f594fd/element/f.DD81908FE99A923B634158F1747C8007.d.1AA1EEB8E3A6A63693469672317818B9.e.6032/enabled - {}
COMMAND: GET /session/bee63c40a1bdae7ce06b935db5f594fd/screenshot - {}
RESULT: {}
COMMAND: POST /session/bee63c40a1bdae7ce06b935db5f594fd/execute/sync - {"script":"<script> [8489 bytes]","args":[{"element-6066-11e4-a52e-4f735466cecf":"f.DD81908FE99A923B634158F1747C8007.d.1AA1EEB8E3A6A63693469672317818B9.e.6032","ELEMENT":"f.DD81908FE99A923B634158F1747C8007.d.1AA1EEB8E3A6A63693469672317818B9.e.6032"}]}
COMMAND: GET /session/bee63c40a1bdae7ce06b935db5f594fd/screenshot - {}
RESULT: {}
RESULT: {"script":"<script> [8489 bytes]","args":[{"element-6066-11e4-a52e-4f735466cecf":"f.DD81908FE99A923B634158F1747C8007.d.1AA1EEB8E3A6A63693469672317818B9.e.6032","ELEMENT":"f.DD81908FE99A923B634158F1747C8007.d.1AA1EEB8E3A6A63693469672317818B9.e.6032"}]}
COMMAND: POST /session/bee63c40a1bdae7ce06b935db5f594fd/execute/sync - {"script":"<script> [5351 bytes]","args":[{"element-6066-11e4-a52e-4f735466cecf":"f.DD81908FE99A923B634158F1747C8007.d.1AA1EEB8E3A6A63693469672317818B9.e.6032","ELEMENT":"f.DD81908FE99A923B634158F1747C8007.d.1AA1EEB8E3A6A63693469672317818B9.e.6032"}]}
COMMAND: GET /session/bee63c40a1bdae7ce06b935db5f594fd/screenshot - {}
RESULT: {}
RESULT: {"script":"<script> [5351 bytes]","args":[{"element-6066-11e4-a52e-4f735466cecf":"f.DD81908FE99A923B634158F1747C8007.d.1AA1EEB8E3A6A63693469672317818B9.e.6032","ELEMENT":"f.DD81908FE99A923B634158F1747C8007.d.1AA1EEB8E3A6A63693469672317818B9.e.6032"}]}
COMMAND: POST /session/bee63c40a1bdae7ce06b935db5f594fd/element/f.DD81908FE99A923B634158F1747C8007.d.1AA1EEB8E3A6A63693469672317818B9.e.6032/click - {}
RESULT: {}
COMMAND: GET /session/bee63c40a1bdae7ce06b935db5f594fd/screenshot - {}
RESULT: {}
COMMAND: GET /session/bee63c40a1bdae7ce06b935db5f594fd/screenshot - {}
COMMAND: POST /session/bee63c40a1bdae7ce06b935db5f594fd/execute/async - {"script":"<script> [1562 bytes]","args":[{"selector":{"id":"application-manageresources-display-component---newResourceUnit--TYPE-arrow"},"wdio_ui5_key":"applicationmanageresources-display-component---newResourceUnit--TYPE-arrow"}]}
RESULT: {}
RESULT: {}
RESULT: {"script":"<script> [1562 bytes]","args":[{"selector":{"id":"application-manageresources-display-component---newResourceUnit--TYPE-arrow"},"wdio_ui5_key":"applicationmanageresources-display-component---newResourceUnit--TYPE-arrow"}]}
RESULT: undefined
COMMAND: POST /session/bee63c40a1bdae7ce06b935db5f594fd/element - {"using":"xpath","value":"//*[@id=\"application-manageresources-display-component---newResourceUnit--TYPE-arrow\"]"}
RESULT: {"using":"xpath","value":"//*[@id=\"application-manageresources-display-component---newResourceUnit--TYPE-arrow\"]"}
COMMAND: POST /session/bee63c40a1bdae7ce06b935db5f594fd/element/f.DD81908FE99A923B634158F1747C8007.d.1AA1EEB8E3A6A63693469672317818B9.e.6275/click - {}
RESULT: {}
COMMAND: POST /session/bee63c40a1bdae7ce06b935db5f594fd/element - {"using":"xpath","value":"//input[@id=\"application-manageresources-display-component---newResourceUnit--TYPE-inner\"]"}
COMMAND: GET /session/bee63c40a1bdae7ce06b935db5f594fd/screenshot - {}
RESULT: {"using":"xpath","value":"//input[@id=\"application-manageresources-display-component---newResourceUnit--TYPE-inner\"]"}
COMMAND: POST /session/bee63c40a1bdae7ce06b935db5f594fd/element/f.DD81908FE99A923B634158F1747C8007.d.1AA1EEB8E3A6A63693469672317818B9.e.6271/clear - {}
RESULT: {}
RESULT: {}
COMMAND: POST /session/bee63c40a1bdae7ce06b935db5f594fd/element/f.DD81908FE99A923B634158F1747C8007.d.1AA1EEB8E3A6A63693469672317818B9.e.6271/value - {"text":"Material"}
COMMAND: GET /session/bee63c40a1bdae7ce06b935db5f594fd/screenshot - {}
RESULT: {"text":"Material"}
COMMAND: GET /session/bee63c40a1bdae7ce06b935db5f594fd/screenshot - {}
RESULT: {}
RESULT: {}
COMMAND: POST /session/bee63c40a1bdae7ce06b935db5f594fd/actions - {"actions":[{"id":"action20","type":"key","parameters":{},"actions":[{"type":"keyDown","value":""},{"type":"pause","duration":10},{"type":"keyUp","value":""}]}]}
RESULT: {"actions":[{"id":"action20","type":"key","parameters":{},"actions":[{"type":"keyDown","value":""},{"type":"pause","duration":10},{"type":"keyUp","value":""}]}]}
COMMAND: POST /session/bee63c40a1bdae7ce06b935db5f594fd/execute/async - {"script":"<script> [1562 bytes]","args":[{"selector":{"id":"application-manageresources-display-component---newResourceUnit--SHORT_TEXT","interaction":{"idSuffix":"inner"}},"wdio_ui5_key":"applicationmanageresources-display-component---newResourceUnit--SHORT_TEXT"}]}
COMMAND: GET /session/bee63c40a1bdae7ce06b935db5f594fd/screenshot - {}
RESULT: undefined
RESULT: {"script":"<script> [1562 bytes]","args":[{"selector":{"id":"application-manageresources-display-component---newResourceUnit--SHORT_TEXT","interaction":{"idSuffix":"inner"}},"wdio_ui5_key":"applicationmanageresources-display-component---newResourceUnit--SHORT_TEXT"}]}
RESULT: undefined
COMMAND: POST /session/bee63c40a1bdae7ce06b935db5f594fd/execute/async - {"script":"<script> [776 bytes]","args":[{"enterText":"Cement WDIO","selector":{"id":"application-manageresources-display-component---newResourceUnit--SHORT_TEXT","interaction":{"idSuffix":"inner"}},"clearTextFirst":true,"interactionType":"ENTER_TEXT"}]}
RESULT: {}
RESULT: {"script":"<script> [776 bytes]","args":[{"enterText":"Cement WDIO","selector":{"id":"application-manageresources-display-component---newResourceUnit--SHORT_TEXT","interaction":{"idSuffix":"inner"}},"clearTextFirst":true,"interactionType":"ENTER_TEXT"}]}
COMMAND: POST /session/bee63c40a1bdae7ce06b935db5f594fd/execute/async - {"script":"<script> [1562 bytes]","args":[{"selector":{"id":"application-manageresources-display-component---newResourceUnit--BASE_UNIT_OF_MEASURE","interaction":{"idSuffix":"inner"}},"wdio_ui5_key":"applicationmanageresources-display-component---newResourceUnit--BASE_UNIT_OF_MEASURE"}]}
RESULT: {"script":"<script> [1562 bytes]","args":[{"selector":{"id":"application-manageresources-display-component---newResourceUnit--BASE_UNIT_OF_MEASURE","interaction":{"idSuffix":"inner"}},"wdio_ui5_key":"applicationmanageresources-display-component---newResourceUnit--BASE_UNIT_OF_MEASURE"}]}
RESULT: undefined
COMMAND: POST /session/bee63c40a1bdae7ce06b935db5f594fd/execute/async - {"script":"<script> [776 bytes]","args":[{"enterText":"Piece","selector":{"id":"application-manageresources-display-component---newResourceUnit--BASE_UNIT_OF_MEASURE","interaction":{"idSuffix":"inner"}},"clearTextFirst":true,"interactionType":"ENTER_TEXT"}]}
RESULT: {"script":"<script> [776 bytes]","args":[{"enterText":"Piece","selector":{"id":"application-manageresources-display-component---newResourceUnit--BASE_UNIT_OF_MEASURE","interaction":{"idSuffix":"inner"}},"clearTextFirst":true,"interactionType":"ENTER_TEXT"}]}
COMMAND: POST /session/bee63c40a1bdae7ce06b935db5f594fd/execute/async - {"script":"<script> [1562 bytes]","args":[{"selector":{"id":"application-manageresources-display-component---newResourceUnit--WEIGHT_UNIT","interaction":{"idSuffix":"inner"}},"wdio_ui5_key":"applicationmanageresources-display-component---newResourceUnit--WEIGHT_UNIT"}]}
RESULT: {"script":"<script> [1562 bytes]","args":[{"selector":{"id":"application-manageresources-display-component---newResourceUnit--WEIGHT_UNIT","interaction":{"idSuffix":"inner"}},"wdio_ui5_key":"applicationmanageresources-display-component---newResourceUnit--WEIGHT_UNIT"}]}
RESULT: undefined
COMMAND: POST /session/bee63c40a1bdae7ce06b935db5f594fd/execute/async - {"script":"<script> [776 bytes]","args":[{"enterText":"Gram","selector":{"id":"application-manageresources-display-component---newResourceUnit--WEIGHT_UNIT","interaction":{"idSuffix":"inner"}},"clearTextFirst":true,"interactionType":"ENTER_TEXT"}]}
RESULT: {"script":"<script> [776 bytes]","args":[{"enterText":"Gram","selector":{"id":"application-manageresources-display-component---newResourceUnit--WEIGHT_UNIT","interaction":{"idSuffix":"inner"}},"clearTextFirst":true,"interactionType":"ENTER_TEXT"}]}
COMMAND: POST /session/bee63c40a1bdae7ce06b935db5f594fd/execute/async - {"script":"<script> [1562 bytes]","args":[{"selector":{"id":"application-manageresources-display-component---newResourceUnit--DIMENSION_UNIT","interaction":{"idSuffix":"inner"}},"wdio_ui5_key":"applicationmanageresources-display-component---newResourceUnit--DIMENSION_UNIT"}]}
RESULT: {"script":"<script> [1562 bytes]","args":[{"selector":{"id":"application-manageresources-display-component---newResourceUnit--DIMENSION_UNIT","interaction":{"idSuffix":"inner"}},"wdio_ui5_key":"applicationmanageresources-display-component---newResourceUnit--DIMENSION_UNIT"}]}
RESULT: undefined
COMMAND: POST /session/bee63c40a1bdae7ce06b935db5f594fd/execute/async - {"script":"<script> [776 bytes]","args":[{"enterText":"Meter","selector":{"id":"application-manageresources-display-component---newResourceUnit--DIMENSION_UNIT","interaction":{"idSuffix":"inner"}},"clearTextFirst":true,"interactionType":"ENTER_TEXT"}]}
RESULT: {"script":"<script> [776 bytes]","args":[{"enterText":"Meter","selector":{"id":"application-manageresources-display-component---newResourceUnit--DIMENSION_UNIT","interaction":{"idSuffix":"inner"}},"clearTextFirst":true,"interactionType":"ENTER_TEXT"}]}
COMMAND: POST /session/bee63c40a1bdae7ce06b935db5f594fd/execute/async - {"script":"<script> [1562 bytes]","args":[{"selector":{"id":"application-manageresources-display-component---newResourceUnit--newRRUPage-anchBar-application-manageresources-display-component---newResourceUnit--control-anchor","interaction":{"idSuffix":"BDI-content"}},"wdio_ui5_key":"applicationmanageresources-display-component---newResourceUnit--newRRUPage-anchBar-application-manageresources-display-component---newResourceUnit--control-anchor"}]}
RESULT: {"script":"<script> [1562 bytes]","args":[{"selector":{"id":"application-manageresources-display-component---newResourceUnit--newRRUPage-anchBar-application-manageresources-display-component---newResourceUnit--control-anchor","interaction":{"idSuffix":"BDI-content"}},"wdio_ui5_key":"applicationmanageresources-display-component---newResourceUnit--newRRUPage-anchBar-application-manageresources-display-component---newResourceUnit--control-anchor"}]}
RESULT: undefined
COMMAND: POST /session/bee63c40a1bdae7ce06b935db5f594fd/element - {"using":"xpath","value":"//*[@id=\"application-manageresources-display-component---newResourceUnit--newRRUPage-anchBar-application-manageresources-display-component---newResourceUnit--control-anchor\"]"}
RESULT: {"using":"xpath","value":"//*[@id=\"application-manageresources-display-component---newResourceUnit--newRRUPage-anchBar-application-manageresources-display-component---newResourceUnit--control-anchor\"]"}
COMMAND: POST /session/bee63c40a1bdae7ce06b935db5f594fd/element/f.DD81908FE99A923B634158F1747C8007.d.1AA1EEB8E3A6A63693469672317818B9.e.6408/click - {}
RESULT: {}
COMMAND: POST /session/bee63c40a1bdae7ce06b935db5f594fd/execute/async - {"script":"<script> [1562 bytes]","args":[{"selector":{"id":"application-manageresources-display-component---newResourceUnit--PLANNING_GROUP","interaction":{"idSuffix":"inner"}},"wdio_ui5_key":"applicationmanageresources-display-component---newResourceUnit--PLANNING_GROUP"}]}
COMMAND: GET /session/bee63c40a1bdae7ce06b935db5f594fd/screenshot - {}
RESULT: {"script":"<script> [1562 bytes]","args":[{"selector":{"id":"application-manageresources-display-component---newResourceUnit--PLANNING_GROUP","interaction":{"idSuffix":"inner"}},"wdio_ui5_key":"applicationmanageresources-display-component---newResourceUnit--PLANNING_GROUP"}]}
RESULT: undefined
COMMAND: POST /session/bee63c40a1bdae7ce06b935db5f594fd/execute/async - {"script":"<script> [776 bytes]","args":[{"enterText":"Material","selector":{"id":"application-manageresources-display-component---newResourceUnit--PLANNING_GROUP","interaction":{"idSuffix":"inner"}},"clearTextFirst":true,"interactionType":"ENTER_TEXT"}]}
RESULT: {}
RESULT: {"script":"<script> [776 bytes]","args":[{"enterText":"Material","selector":{"id":"application-manageresources-display-component---newResourceUnit--PLANNING_GROUP","interaction":{"idSuffix":"inner"}},"clearTextFirst":true,"interactionType":"ENTER_TEXT"}]}
COMMAND: POST /session/bee63c40a1bdae7ce06b935db5f594fd/execute/async - {"script":"<script> [1562 bytes]","args":[{"selector":{"id":"application-manageresources-display-component---newResourceUnit--PLANNING_INDICATOR","interaction":{"idSuffix":"inner"}},"wdio_ui5_key":"applicationmanageresources-display-component---newResourceUnit--PLANNING_INDICATOR"}]}
RESULT: {"script":"<script> [1562 bytes]","args":[{"selector":{"id":"application-manageresources-display-component---newResourceUnit--PLANNING_INDICATOR","interaction":{"idSuffix":"inner"}},"wdio_ui5_key":"applicationmanageresources-display-component---newResourceUnit--PLANNING_INDICATOR"}]}
RESULT: undefined
COMMAND: POST /session/bee63c40a1bdae7ce06b935db5f594fd/execute/async - {"script":"<script> [776 bytes]","args":[{"enterText":"10 - infinite","selector":{"id":"application-manageresources-display-component---newResourceUnit--PLANNING_INDICATOR","interaction":{"idSuffix":"inner"}},"clearTextFirst":true,"interactionType":"ENTER_TEXT"}]}
RESULT: {"script":"<script> [776 bytes]","args":[{"enterText":"10 - infinite","selector":{"id":"application-manageresources-display-component---newResourceUnit--PLANNING_INDICATOR","interaction":{"idSuffix":"inner"}},"clearTextFirst":true,"interactionType":"ENTER_TEXT"}]}
COMMAND: POST /session/bee63c40a1bdae7ce06b935db5f594fd/element - {"using":"css selector","value":"#application-manageresources-display-component---newResourceUnit--btnAddTimeSegment"}
RESULT: {"using":"css selector","value":"#application-manageresources-display-component---newResourceUnit--btnAddTimeSegment"}
COMMAND: GET /session/bee63c40a1bdae7ce06b935db5f594fd/element/f.DD81908FE99A923B634158F1747C8007.d.1AA1EEB8E3A6A63693469672317818B9.e.6418/rect - {}
RESULT: {}
COMMAND: GET /session/bee63c40a1bdae7ce06b935db5f594fd/window/rect - {}
RESULT: {}
COMMAND: POST /session/bee63c40a1bdae7ce06b935db5f594fd/execute/sync - {"script":"<script> [92 bytes]","args":[]}
RESULT: {"script":"<script> [92 bytes]","args":[]}
COMMAND: POST /session/bee63c40a1bdae7ce06b935db5f594fd/actions - {"actions":[{"id":"action21","type":"wheel","parameters":{},"actions":[{"type":"scroll","x":-1888,"y":-32,"deltaX":0,"deltaY":0,"duration":0,"origin":{"element-6066-11e4-a52e-4f735466cecf":"f.DD81908FE99A923B634158F1747C8007.d.1AA1EEB8E3A6A63693469672317818B9.e.6418"}}]}]}
COMMAND: GET /session/bee63c40a1bdae7ce06b935db5f594fd/screenshot - {}
RESULT: {}
COMMAND: POST /session/bee63c40a1bdae7ce06b935db5f594fd/execute/sync - {"script":"<script> [79 bytes]","args":[{"element-6066-11e4-a52e-4f735466cecf":"f.DD81908FE99A923B634158F1747C8007.d.1AA1EEB8E3A6A63693469672317818B9.e.6418","ELEMENT":"f.DD81908FE99A923B634158F1747C8007.d.1AA1EEB8E3A6A63693469672317818B9.e.6418"},{"block":"start","inline":"nearest"}]}
RESULT: {"script":"<script> [79 bytes]","args":[{"element-6066-11e4-a52e-4f735466cecf":"f.DD81908FE99A923B634158F1747C8007.d.1AA1EEB8E3A6A63693469672317818B9.e.6418","ELEMENT":"f.DD81908FE99A923B634158F1747C8007.d.1AA1EEB8E3A6A63693469672317818B9.e.6418"},{"block":"start","inline":"nearest"}]}
COMMAND: POST /session/bee63c40a1bdae7ce06b935db5f594fd/execute/async - {"script":"<script> [1562 bytes]","args":[{"selector":{"id":"application-manageresources-display-component---newResourceUnit--btnAddTimeSegment","interaction":{"idSuffix":"inner"}},"wdio_ui5_key":"applicationmanageresources-display-component---newResourceUnit--btnAddTimeSegment"}]}
COMMAND: GET /session/bee63c40a1bdae7ce06b935db5f594fd/screenshot - {}
RESULT: {"script":"<script> [1562 bytes]","args":[{"selector":{"id":"application-manageresources-display-component---newResourceUnit--btnAddTimeSegment","interaction":{"idSuffix":"inner"}},"wdio_ui5_key":"applicationmanageresources-display-component---newResourceUnit--btnAddTimeSegment"}]}
RESULT: undefined
COMMAND: POST /session/bee63c40a1bdae7ce06b935db5f594fd/element - {"using":"xpath","value":"//*[@id=\"application-manageresources-display-component---newResourceUnit--btnAddTimeSegment\"]"}
RESULT: {}
RESULT: {"using":"xpath","value":"//*[@id=\"application-manageresources-display-component---newResourceUnit--btnAddTimeSegment\"]"}
COMMAND: POST /session/bee63c40a1bdae7ce06b935db5f594fd/element/f.DD81908FE99A923B634158F1747C8007.d.1AA1EEB8E3A6A63693469672317818B9.e.6418/click - {}
RESULT: {}
COMMAND: GET /session/bee63c40a1bdae7ce06b935db5f594fd/screenshot - {}
RESULT: {}
COMMAND: POST /session/bee63c40a1bdae7ce06b935db5f594fd/element - {"using":"xpath","value":"//input[@id=\"application-manageresources-display-component---newResourceUnit--idRuTSAdmin-application-manageresources-display-component---newResourceUnit--RUTimeSegment-0-inner\"]"}
RESULT: {"using":"xpath","value":"//input[@id=\"application-manageresources-display-component---newResourceUnit--idRuTSAdmin-application-manageresources-display-component---newResourceUnit--RUTimeSegment-0-inner\"]"}
COMMAND: POST /session/bee63c40a1bdae7ce06b935db5f594fd/element/f.DD81908FE99A923B634158F1747C8007.d.1AA1EEB8E3A6A63693469672317818B9.e.6423/clear - {}
RESULT: {}
COMMAND: POST /session/bee63c40a1bdae7ce06b935db5f594fd/element/f.DD81908FE99A923B634158F1747C8007.d.1AA1EEB8E3A6A63693469672317818B9.e.6423/value - {"text":"243"}
COMMAND: GET /session/bee63c40a1bdae7ce06b935db5f594fd/screenshot - {}
RESULT: {"text":"243"}
COMMAND: GET /session/bee63c40a1bdae7ce06b935db5f594fd/screenshot - {}
RESULT: {}
RESULT: {}
COMMAND: POST /session/bee63c40a1bdae7ce06b935db5f594fd/element - {"using":"xpath","value":"//li[.//span[text()='243']]"}
RESULT: {"using":"xpath","value":"//li[.//span[text()='243']]"}
COMMAND: POST /session/bee63c40a1bdae7ce06b935db5f594fd/element/f.DD81908FE99A923B634158F1747C8007.d.1AA1EEB8E3A6A63693469672317818B9.e.6432/click - {}
RESULT: {}
COMMAND: GET /session/bee63c40a1bdae7ce06b935db5f594fd/screenshot - {}
RESULT: {}
COMMAND: POST /session/bee63c40a1bdae7ce06b935db5f594fd/element - {"using":"xpath","value":"(//span[contains(@id, \"-application-manageresources-display-component---newResourceUnit--RUTimeSegment-0-arrow\")])[2]"}
RESULT: {"using":"xpath","value":"(//span[contains(@id, \"-application-manageresources-display-component---newResourceUnit--RUTimeSegment-0-arrow\")])[2]"}
COMMAND: POST /session/bee63c40a1bdae7ce06b935db5f594fd/element/f.DD81908FE99A923B634158F1747C8007.d.1AA1EEB8E3A6A63693469672317818B9.e.6433/click - {}
RESULT: {}
COMMAND: POST /session/bee63c40a1bdae7ce06b935db5f594fd/element - {"using":"xpath","value":"//span[contains(text(), \"PM Order\")]"}
COMMAND: GET /session/bee63c40a1bdae7ce06b935db5f594fd/screenshot - {}
RESULT: {"using":"xpath","value":"//span[contains(text(), \"PM Order\")]"}
COMMAND: POST /session/bee63c40a1bdae7ce06b935db5f594fd/element/f.DD81908FE99A923B634158F1747C8007.d.1AA1EEB8E3A6A63693469672317818B9.e.6434/click - {}
RESULT: {}
RESULT: {}
COMMAND: GET /session/bee63c40a1bdae7ce06b935db5f594fd/screenshot - {}
RESULT: {}
COMMAND: POST /session/bee63c40a1bdae7ce06b935db5f594fd/element - {"using":"xpath","value":"//td/div/div/div/span[contains(@id, \"newResourceUnit--RUTimeSegment-0-vhi\")][1]"}
RESULT: {"using":"xpath","value":"//td/div/div/div/span[contains(@id, \"newResourceUnit--RUTimeSegment-0-vhi\")][1]"}
COMMAND: GET /session/bee63c40a1bdae7ce06b935db5f594fd/element/f.DD81908FE99A923B634158F1747C8007.d.1AA1EEB8E3A6A63693469672317818B9.e.6438/rect - {}
RESULT: {}
COMMAND: GET /session/bee63c40a1bdae7ce06b935db5f594fd/window/rect - {}
RESULT: {}
COMMAND: POST /session/bee63c40a1bdae7ce06b935db5f594fd/execute/sync - {"script":"<script> [92 bytes]","args":[]}
RESULT: {"script":"<script> [92 bytes]","args":[]}
COMMAND: POST /session/bee63c40a1bdae7ce06b935db5f594fd/actions - {"actions":[{"id":"action22","type":"wheel","parameters":{},"actions":[{"type":"scroll","x":-1888,"y":-24,"deltaX":0,"deltaY":0,"duration":0,"origin":{"element-6066-11e4-a52e-4f735466cecf":"f.DD81908FE99A923B634158F1747C8007.d.1AA1EEB8E3A6A63693469672317818B9.e.6438"}}]}]}
COMMAND: GET /session/bee63c40a1bdae7ce06b935db5f594fd/screenshot - {}
RESULT: {}
COMMAND: POST /session/bee63c40a1bdae7ce06b935db5f594fd/execute/sync - {"script":"<script> [79 bytes]","args":[{"element-6066-11e4-a52e-4f735466cecf":"f.DD81908FE99A923B634158F1747C8007.d.1AA1EEB8E3A6A63693469672317818B9.e.6438","ELEMENT":"f.DD81908FE99A923B634158F1747C8007.d.1AA1EEB8E3A6A63693469672317818B9.e.6438"},{"block":"start","inline":"nearest"}]}
RESULT: {"script":"<script> [79 bytes]","args":[{"element-6066-11e4-a52e-4f735466cecf":"f.DD81908FE99A923B634158F1747C8007.d.1AA1EEB8E3A6A63693469672317818B9.e.6438","ELEMENT":"f.DD81908FE99A923B634158F1747C8007.d.1AA1EEB8E3A6A63693469672317818B9.e.6438"},{"block":"start","inline":"nearest"}]}
COMMAND: GET /session/bee63c40a1bdae7ce06b935db5f594fd/screenshot - {}
RESULT: {}
COMMAND: POST /session/bee63c40a1bdae7ce06b935db5f594fd/element/f.DD81908FE99A923B634158F1747C8007.d.1AA1EEB8E3A6A63693469672317818B9.e.6438/click - {}
RESULT: {}
COMMAND: GET /session/bee63c40a1bdae7ce06b935db5f594fd/screenshot - {}
RESULT: {}
COMMAND: POST /session/bee63c40a1bdae7ce06b935db5f594fd/execute/async - {"script":"<script> [1562 bytes]","args":[{"selector":{"controlType":"sap.m.SearchField","properties":{"placeholder":"Search"},"searchOpenDialogs":true,"interaction":{"idSuffix":"I"}},"wdio_ui5_key":"sapm.SearchField{\"placeholder\":\"Search\"}"}]}
RESULT: {"script":"<script> [1562 bytes]","args":[{"selector":{"controlType":"sap.m.SearchField","properties":{"placeholder":"Search"},"searchOpenDialogs":true,"interaction":{"idSuffix":"I"}},"wdio_ui5_key":"sapm.SearchField{\"placeholder\":\"Search\"}"}]}
RESULT: undefined
COMMAND: POST /session/bee63c40a1bdae7ce06b935db5f594fd/execute/async - {"script":"<script> [776 bytes]","args":[{"enterText":"4000360","selector":{"controlType":"sap.m.SearchField","properties":{"placeholder":"Search"},"searchOpenDialogs":true,"interaction":{"idSuffix":"I"}},"clearTextFirst":true,"interactionType":"ENTER_TEXT"}]}
RESULT: {"script":"<script> [776 bytes]","args":[{"enterText":"4000360","selector":{"controlType":"sap.m.SearchField","properties":{"placeholder":"Search"},"searchOpenDialogs":true,"interaction":{"idSuffix":"I"}},"clearTextFirst":true,"interactionType":"ENTER_TEXT"}]}
COMMAND: POST /session/bee63c40a1bdae7ce06b935db5f594fd/actions - {"actions":[{"id":"action23","type":"key","parameters":{},"actions":[{"type":"keyDown","value":""},{"type":"pause","duration":10},{"type":"keyUp","value":""}]}]}
RESULT: {"actions":[{"id":"action23","type":"key","parameters":{},"actions":[{"type":"keyDown","value":""},{"type":"pause","duration":10},{"type":"keyUp","value":""}]}]}
COMMAND: GET /session/bee63c40a1bdae7ce06b935db5f594fd/screenshot - {}
RESULT: {}
COMMAND: POST /session/bee63c40a1bdae7ce06b935db5f594fd/element - {"using":"xpath","value":"//td/div/span[contains(text(), \"BGL Vehicles\")]"}
RESULT: {"using":"xpath","value":"//td/div/span[contains(text(), \"BGL Vehicles\")]"}
COMMAND: POST /session/bee63c40a1bdae7ce06b935db5f594fd/element/f.DD81908FE99A923B634158F1747C8007.d.1AA1EEB8E3A6A63693469672317818B9.e.6459/click - {}
RESULT: {}
COMMAND: GET /session/bee63c40a1bdae7ce06b935db5f594fd/screenshot - {}
RESULT: {}
COMMAND: POST /session/bee63c40a1bdae7ce06b935db5f594fd/element - {"using":"xpath","value":"//bdi[contains(text(), \"OK\")]"}
RESULT: {"using":"xpath","value":"//bdi[contains(text(), \"OK\")]"}
COMMAND: POST /session/bee63c40a1bdae7ce06b935db5f594fd/element/f.DD81908FE99A923B634158F1747C8007.d.1AA1EEB8E3A6A63693469672317818B9.e.6460/click - {}
RESULT: {}
COMMAND: GET /session/bee63c40a1bdae7ce06b935db5f594fd/screenshot - {}
RESULT: {}
COMMAND: POST /session/bee63c40a1bdae7ce06b935db5f594fd/element - {"using":"xpath","value":"//label[contains(@class, 'sapMLabelRequired') and .//bdi[contains(text(), 'Planned Retirement')]]"}
RESULT: {"using":"xpath","value":"//label[contains(@class, 'sapMLabelRequired') and .//bdi[contains(text(), 'Planned Retirement')]]"}
COMMAND: POST /session/bee63c40a1bdae7ce06b935db5f594fd/elements - {"using":"xpath","value":"//label[contains(@class, 'sapMLabelRequired') and .//bdi[contains(text(), 'Planned Retirement')]]"}
RESULT: {"using":"xpath","value":"//label[contains(@class, 'sapMLabelRequired') and .//bdi[contains(text(), 'Planned Retirement')]]"}
COMMAND: POST /session/bee63c40a1bdae7ce06b935db5f594fd/element - {"using":"xpath","value":"//button[@data-kt=\"resourceUnitSaveButton\"]"}
RESULT: {"using":"xpath","value":"//button[@data-kt=\"resourceUnitSaveButton\"]"}
COMMAND: POST /session/bee63c40a1bdae7ce06b935db5f594fd/element/f.DD81908FE99A923B634158F1747C8007.d.1AA1EEB8E3A6A63693469672317818B9.e.6292/click - {}
RESULT: {}
COMMAND: GET /session/bee63c40a1bdae7ce06b935db5f594fd/screenshot - {}
RESULT: {}
COMMAND: POST /session/bee63c40a1bdae7ce06b935db5f594fd/element - {"using":"xpath","value":"//bdi[contains(text(), \"Close\")]"}
RESULT: {"using":"xpath","value":"//bdi[contains(text(), \"Close\")]"}
COMMAND: POST /session/bee63c40a1bdae7ce06b935db5f594fd/element/f.DD81908FE99A923B634158F1747C8007.d.1AA1EEB8E3A6A63693469672317818B9.e.6466/click - {}
RESULT: {}
COMMAND: GET /session/bee63c40a1bdae7ce06b935db5f594fd/screenshot - {}
RESULT: {}
COMMAND: POST /session/bee63c40a1bdae7ce06b935db5f594fd/element - {"using":"xpath","value":"//header[contains(@id, 'detailRruPage-headerTitle')]/div[1]/div[2]/div[2]/span[1]"}
RESULT: {"using":"xpath","value":"//header[contains(@id, 'detailRruPage-headerTitle')]/div[1]/div[2]/div[2]/span[1]"}
COMMAND: POST /session/bee63c40a1bdae7ce06b935db5f594fd/elements - {"using":"xpath","value":"//header[contains(@id, 'detailRruPage-headerTitle')]/div[1]/div[2]/div[2]/span[1]"}
RESULT: {"using":"xpath","value":"//header[contains(@id, 'detailRruPage-headerTitle')]/div[1]/div[2]/div[2]/span[1]"}
COMMAND: POST /session/bee63c40a1bdae7ce06b935db5f594fd/execute/sync - {"script":"<script> [56 bytes]","args":[{"element-6066-11e4-a52e-4f735466cecf":"f.DD81908FE99A923B634158F1747C8007.d.1AA1EEB8E3A6A63693469672317818B9.e.6493","ELEMENT":"f.DD81908FE99A923B634158F1747C8007.d.1AA1EEB8E3A6A63693469672317818B9.e.6493"}]}
RESULT: {"script":"<script> [56 bytes]","args":[{"element-6066-11e4-a52e-4f735466cecf":"f.DD81908FE99A923B634158F1747C8007.d.1AA1EEB8E3A6A63693469672317818B9.e.6493","ELEMENT":"f.DD81908FE99A923B634158F1747C8007.d.1AA1EEB8E3A6A63693469672317818B9.e.6493"}]}
]]></system-out>
    </testcase>
    <testcase classname="chrome.137_0_7151_69.windows.US134625_Set_up_price_condition_-_one_time" name="Should create new pricing rule one time" time="61.462">
      <system-out><![CDATA[
COMMAND: POST /session/bee63c40a1bdae7ce06b935db5f594fd/element - {"using":"xpath","value":"(//button[contains(@id ,\"actionsToolbar-overflowButton\")])[1]"}
COMMAND: GET /session/bee63c40a1bdae7ce06b935db5f594fd/screenshot - {}
RESULT: {"using":"xpath","value":"(//button[contains(@id ,\"actionsToolbar-overflowButton\")])[1]"}
COMMAND: POST /session/bee63c40a1bdae7ce06b935db5f594fd/element/f.DD81908FE99A923B634158F1747C8007.d.1AA1EEB8E3A6A63693469672317818B9.e.6494/click - {}
RESULT: {}
RESULT: {}
COMMAND: GET /session/bee63c40a1bdae7ce06b935db5f594fd/screenshot - {}
RESULT: {}
COMMAND: POST /session/bee63c40a1bdae7ce06b935db5f594fd/element - {"using":"xpath","value":"//button[@data-kt=\"priceInfoButton\"]"}
RESULT: {"using":"xpath","value":"//button[@data-kt=\"priceInfoButton\"]"}
COMMAND: POST /session/bee63c40a1bdae7ce06b935db5f594fd/element/f.DD81908FE99A923B634158F1747C8007.d.1AA1EEB8E3A6A63693469672317818B9.e.6498/click - {}
RESULT: {}
COMMAND: GET /session/bee63c40a1bdae7ce06b935db5f594fd/screenshot - {}
RESULT: {}
COMMAND: POST /session/bee63c40a1bdae7ce06b935db5f594fd/element - {"using":"xpath","value":"//button[@data-kt=\"addButton\"]"}
RESULT: {"using":"xpath","value":"//button[@data-kt=\"addButton\"]"}
COMMAND: POST /session/bee63c40a1bdae7ce06b935db5f594fd/elements - {"using":"xpath","value":"//button[@data-kt=\"addButton\"]"}
RESULT: {"using":"xpath","value":"//button[@data-kt=\"addButton\"]"}
COMMAND: POST /session/bee63c40a1bdae7ce06b935db5f594fd/elements - {"using":"xpath","value":"//button[@data-kt=\"addButton\"]"}
RESULT: {"using":"xpath","value":"//button[@data-kt=\"addButton\"]"}
COMMAND: POST /session/bee63c40a1bdae7ce06b935db5f594fd/element - {"using":"xpath","value":"//button[@data-kt=\"addButton\"]"}
RESULT: {"using":"xpath","value":"//button[@data-kt=\"addButton\"]"}
COMMAND: POST /session/bee63c40a1bdae7ce06b935db5f594fd/execute/sync - {"script":"<script> [8489 bytes]","args":[{"element-6066-11e4-a52e-4f735466cecf":"f.DD81908FE99A923B634158F1747C8007.d.1AA1EEB8E3A6A63693469672317818B9.e.6545","ELEMENT":"f.DD81908FE99A923B634158F1747C8007.d.1AA1EEB8E3A6A63693469672317818B9.e.6545"}]}
RESULT: {"script":"<script> [8489 bytes]","args":[{"element-6066-11e4-a52e-4f735466cecf":"f.DD81908FE99A923B634158F1747C8007.d.1AA1EEB8E3A6A63693469672317818B9.e.6545","ELEMENT":"f.DD81908FE99A923B634158F1747C8007.d.1AA1EEB8E3A6A63693469672317818B9.e.6545"}]}
COMMAND: GET /session/bee63c40a1bdae7ce06b935db5f594fd/element/f.DD81908FE99A923B634158F1747C8007.d.1AA1EEB8E3A6A63693469672317818B9.e.6545/enabled - {}
COMMAND: GET /session/bee63c40a1bdae7ce06b935db5f594fd/screenshot - {}
RESULT: {}
COMMAND: POST /session/bee63c40a1bdae7ce06b935db5f594fd/execute/sync - {"script":"<script> [8489 bytes]","args":[{"element-6066-11e4-a52e-4f735466cecf":"f.DD81908FE99A923B634158F1747C8007.d.1AA1EEB8E3A6A63693469672317818B9.e.6545","ELEMENT":"f.DD81908FE99A923B634158F1747C8007.d.1AA1EEB8E3A6A63693469672317818B9.e.6545"}]}
COMMAND: GET /session/bee63c40a1bdae7ce06b935db5f594fd/screenshot - {}
RESULT: {}
RESULT: {"script":"<script> [8489 bytes]","args":[{"element-6066-11e4-a52e-4f735466cecf":"f.DD81908FE99A923B634158F1747C8007.d.1AA1EEB8E3A6A63693469672317818B9.e.6545","ELEMENT":"f.DD81908FE99A923B634158F1747C8007.d.1AA1EEB8E3A6A63693469672317818B9.e.6545"}]}
COMMAND: POST /session/bee63c40a1bdae7ce06b935db5f594fd/execute/sync - {"script":"<script> [5351 bytes]","args":[{"element-6066-11e4-a52e-4f735466cecf":"f.DD81908FE99A923B634158F1747C8007.d.1AA1EEB8E3A6A63693469672317818B9.e.6545","ELEMENT":"f.DD81908FE99A923B634158F1747C8007.d.1AA1EEB8E3A6A63693469672317818B9.e.6545"}]}
COMMAND: GET /session/bee63c40a1bdae7ce06b935db5f594fd/screenshot - {}
RESULT: {}
RESULT: {"script":"<script> [5351 bytes]","args":[{"element-6066-11e4-a52e-4f735466cecf":"f.DD81908FE99A923B634158F1747C8007.d.1AA1EEB8E3A6A63693469672317818B9.e.6545","ELEMENT":"f.DD81908FE99A923B634158F1747C8007.d.1AA1EEB8E3A6A63693469672317818B9.e.6545"}]}
COMMAND: POST /session/bee63c40a1bdae7ce06b935db5f594fd/element/f.DD81908FE99A923B634158F1747C8007.d.1AA1EEB8E3A6A63693469672317818B9.e.6545/click - {}
COMMAND: GET /session/bee63c40a1bdae7ce06b935db5f594fd/screenshot - {}
RESULT: {}
RESULT: {}
COMMAND: GET /session/bee63c40a1bdae7ce06b935db5f594fd/screenshot - {}
RESULT: {}
RESULT: {}
COMMAND: POST /session/bee63c40a1bdae7ce06b935db5f594fd/execute/async - {"script":"<script> [1562 bytes]","args":[{"selector":{"controlType":"sap.m.Title","viewName":"etm.portal.ui.managepricingrules.view.NewItem","viewId":"application-managepricingrules-display-component---newInfoPriceItem","properties":{"text":"New Pricing Rules - Item Level"}},"wdio_ui5_key":"etmportal.ui.managepricingrules.view.NewItemsap.m.Title{\"text\":\"New Pricing Rules - Item Level\"}"}]}
RESULT: {"script":"<script> [1562 bytes]","args":[{"selector":{"controlType":"sap.m.Title","viewName":"etm.portal.ui.managepricingrules.view.NewItem","viewId":"application-managepricingrules-display-component---newInfoPriceItem","properties":{"text":"New Pricing Rules - Item Level"}},"wdio_ui5_key":"etmportal.ui.managepricingrules.view.NewItemsap.m.Title{\"text\":\"New Pricing Rules - Item Level\"}"}]}
RESULT: undefined
COMMAND: POST /session/bee63c40a1bdae7ce06b935db5f594fd/execute/async - {"script":"<script> [6424 bytes]","args":[{"element-6066-11e4-a52e-4f735466cecf":"f.DD81908FE99A923B634158F1747C8007.d.1AA1EEB8E3A6A63693469672317818B9.e.6619"},"getText",[]]}
RESULT: {"script":"<script> [6424 bytes]","args":[{"element-6066-11e4-a52e-4f735466cecf":"f.DD81908FE99A923B634158F1747C8007.d.1AA1EEB8E3A6A63693469672317818B9.e.6619"},"getText",[]]}
COMMAND: POST /session/bee63c40a1bdae7ce06b935db5f594fd/execute/async - {"script":"<script> [1562 bytes]","args":[{"selector":{"id":"application-managepricingrules-display-component---newInfoPriceItem--condValidTo","interaction":{"idSuffix":"inner"}},"wdio_ui5_key":"applicationmanagepricingrules-display-component---newInfoPriceItem--condValidTo"}]}
RESULT: {"script":"<script> [1562 bytes]","args":[{"selector":{"id":"application-managepricingrules-display-component---newInfoPriceItem--condValidTo","interaction":{"idSuffix":"inner"}},"wdio_ui5_key":"applicationmanagepricingrules-display-component---newInfoPriceItem--condValidTo"}]}
RESULT: undefined
COMMAND: POST /session/bee63c40a1bdae7ce06b935db5f594fd/execute/async - {"script":"<script> [776 bytes]","args":[{"enterText":"2/13/26","selector":{"id":"application-managepricingrules-display-component---newInfoPriceItem--condValidTo","interaction":{"idSuffix":"inner"}},"clearTextFirst":true,"interactionType":"ENTER_TEXT"}]}
RESULT: {"script":"<script> [776 bytes]","args":[{"enterText":"2/13/26","selector":{"id":"application-managepricingrules-display-component---newInfoPriceItem--condValidTo","interaction":{"idSuffix":"inner"}},"clearTextFirst":true,"interactionType":"ENTER_TEXT"}]}
COMMAND: POST /session/bee63c40a1bdae7ce06b935db5f594fd/execute/async - {"script":"<script> [1562 bytes]","args":[{"selector":{"id":"application-managepricingrules-display-component---newInfoPriceItem--billType-arrow"},"wdio_ui5_key":"applicationmanagepricingrules-display-component---newInfoPriceItem--billType-arrow"}]}
RESULT: {"script":"<script> [1562 bytes]","args":[{"selector":{"id":"application-managepricingrules-display-component---newInfoPriceItem--billType-arrow"},"wdio_ui5_key":"applicationmanagepricingrules-display-component---newInfoPriceItem--billType-arrow"}]}
RESULT: undefined
COMMAND: POST /session/bee63c40a1bdae7ce06b935db5f594fd/element - {"using":"xpath","value":"//*[@id=\"application-managepricingrules-display-component---newInfoPriceItem--billType-arrow\"]"}
RESULT: {"using":"xpath","value":"//*[@id=\"application-managepricingrules-display-component---newInfoPriceItem--billType-arrow\"]"}
COMMAND: POST /session/bee63c40a1bdae7ce06b935db5f594fd/element/f.DD81908FE99A923B634158F1747C8007.d.1AA1EEB8E3A6A63693469672317818B9.e.6729/click - {}
RESULT: {}
COMMAND: POST /session/bee63c40a1bdae7ce06b935db5f594fd/element - {"using":"xpath","value":"//span[contains(text(), \"OT - Sales (one-time)\")]"}
COMMAND: GET /session/bee63c40a1bdae7ce06b935db5f594fd/screenshot - {}
RESULT: {"using":"xpath","value":"//span[contains(text(), \"OT - Sales (one-time)\")]"}
COMMAND: POST /session/bee63c40a1bdae7ce06b935db5f594fd/element/f.DD81908FE99A923B634158F1747C8007.d.1AA1EEB8E3A6A63693469672317818B9.e.6730/click - {}
RESULT: {}
RESULT: {}
COMMAND: POST /session/bee63c40a1bdae7ce06b935db5f594fd/execute/async - {"script":"<script> [1562 bytes]","args":[{"selector":{"id":"application-managepricingrules-display-component---newInfoPriceItem--priceProc-arrow"},"wdio_ui5_key":"applicationmanagepricingrules-display-component---newInfoPriceItem--priceProc-arrow"}]}
COMMAND: GET /session/bee63c40a1bdae7ce06b935db5f594fd/screenshot - {}
RESULT: {"script":"<script> [1562 bytes]","args":[{"selector":{"id":"application-managepricingrules-display-component---newInfoPriceItem--priceProc-arrow"},"wdio_ui5_key":"applicationmanagepricingrules-display-component---newInfoPriceItem--priceProc-arrow"}]}
RESULT: undefined
COMMAND: POST /session/bee63c40a1bdae7ce06b935db5f594fd/element - {"using":"xpath","value":"//*[@id=\"application-managepricingrules-display-component---newInfoPriceItem--priceProc-arrow\"]"}
RESULT: {}
RESULT: {"using":"xpath","value":"//*[@id=\"application-managepricingrules-display-component---newInfoPriceItem--priceProc-arrow\"]"}
COMMAND: POST /session/bee63c40a1bdae7ce06b935db5f594fd/element/f.DD81908FE99A923B634158F1747C8007.d.1AA1EEB8E3A6A63693469672317818B9.e.6691/click - {}
RESULT: {}
COMMAND: POST /session/bee63c40a1bdae7ce06b935db5f594fd/element - {"using":"xpath","value":"//span[contains(text(), \"MAT - Material\")]"}
COMMAND: GET /session/bee63c40a1bdae7ce06b935db5f594fd/screenshot - {}
RESULT: {"using":"xpath","value":"//span[contains(text(), \"MAT - Material\")]"}
COMMAND: POST /session/bee63c40a1bdae7ce06b935db5f594fd/element/f.DD81908FE99A923B634158F1747C8007.d.1AA1EEB8E3A6A63693469672317818B9.e.6731/click - {}
RESULT: {}
RESULT: {}
COMMAND: POST /session/bee63c40a1bdae7ce06b935db5f594fd/execute/async - {"script":"<script> [1562 bytes]","args":[{"selector":{"id":"application-managepricingrules-display-component---newInfoPriceItem--calcBase-arrow"},"wdio_ui5_key":"applicationmanagepricingrules-display-component---newInfoPriceItem--calcBase-arrow"}]}
COMMAND: GET /session/bee63c40a1bdae7ce06b935db5f594fd/screenshot - {}
RESULT: {"script":"<script> [1562 bytes]","args":[{"selector":{"id":"application-managepricingrules-display-component---newInfoPriceItem--calcBase-arrow"},"wdio_ui5_key":"applicationmanagepricingrules-display-component---newInfoPriceItem--calcBase-arrow"}]}
RESULT: undefined
COMMAND: POST /session/bee63c40a1bdae7ce06b935db5f594fd/element - {"using":"xpath","value":"//*[@id=\"application-managepricingrules-display-component---newInfoPriceItem--calcBase-arrow\"]"}
RESULT: {}
RESULT: {"using":"xpath","value":"//*[@id=\"application-managepricingrules-display-component---newInfoPriceItem--calcBase-arrow\"]"}
COMMAND: POST /session/bee63c40a1bdae7ce06b935db5f594fd/element/f.DD81908FE99A923B634158F1747C8007.d.1AA1EEB8E3A6A63693469672317818B9.e.6698/click - {}
RESULT: {}
COMMAND: GET /session/bee63c40a1bdae7ce06b935db5f594fd/screenshot - {}
RESULT: {}
COMMAND: POST /session/bee63c40a1bdae7ce06b935db5f594fd/element - {"using":"xpath","value":"//span[contains(text(), \"0001 - TB(exact month + cal_days)\")]"}
RESULT: {"using":"xpath","value":"//span[contains(text(), \"0001 - TB(exact month + cal_days)\")]"}
COMMAND: POST /session/bee63c40a1bdae7ce06b935db5f594fd/element/f.DD81908FE99A923B634158F1747C8007.d.1AA1EEB8E3A6A63693469672317818B9.e.6732/click - {}
RESULT: {}
COMMAND: GET /session/bee63c40a1bdae7ce06b935db5f594fd/screenshot - {}
RESULT: {}
COMMAND: POST /session/bee63c40a1bdae7ce06b935db5f594fd/element - {"using":"xpath","value":"//button[@data-kt=\"saveNewRuleButton\"]"}
RESULT: {"using":"xpath","value":"//button[@data-kt=\"saveNewRuleButton\"]"}
COMMAND: POST /session/bee63c40a1bdae7ce06b935db5f594fd/element/f.DD81908FE99A923B634158F1747C8007.d.1AA1EEB8E3A6A63693469672317818B9.e.6717/click - {}
RESULT: {}
COMMAND: GET /session/bee63c40a1bdae7ce06b935db5f594fd/screenshot - {}
RESULT: {}
COMMAND: POST /session/bee63c40a1bdae7ce06b935db5f594fd/execute/async - {"script":"<script> [1562 bytes]","args":[{"selector":{"id":"application-managepricingrules-display-component---priceInfoItem--smartFilterBar-btnBasicSearch","interaction":{"idSuffix":"I"}},"wdio_ui5_key":"applicationmanagepricingrules-display-component---priceInfoItem--smartFilterBar-btnBasicSearch"}]}
RESULT: {"script":"<script> [1562 bytes]","args":[{"selector":{"id":"application-managepricingrules-display-component---priceInfoItem--smartFilterBar-btnBasicSearch","interaction":{"idSuffix":"I"}},"wdio_ui5_key":"applicationmanagepricingrules-display-component---priceInfoItem--smartFilterBar-btnBasicSearch"}]}
RESULT: undefined
COMMAND: POST /session/bee63c40a1bdae7ce06b935db5f594fd/execute/async - {"script":"<script> [776 bytes]","args":[{"enterText":"200124","selector":{"id":"application-managepricingrules-display-component---priceInfoItem--smartFilterBar-btnBasicSearch","interaction":{"idSuffix":"I"}},"clearTextFirst":true,"interactionType":"ENTER_TEXT"}]}
RESULT: {"script":"<script> [776 bytes]","args":[{"enterText":"200124","selector":{"id":"application-managepricingrules-display-component---priceInfoItem--smartFilterBar-btnBasicSearch","interaction":{"idSuffix":"I"}},"clearTextFirst":true,"interactionType":"ENTER_TEXT"}]}
COMMAND: POST /session/bee63c40a1bdae7ce06b935db5f594fd/actions - {"actions":[{"id":"action24","type":"key","parameters":{},"actions":[{"type":"keyDown","value":""},{"type":"pause","duration":10},{"type":"keyUp","value":""}]}]}
RESULT: {"actions":[{"id":"action24","type":"key","parameters":{},"actions":[{"type":"keyDown","value":""},{"type":"pause","duration":10},{"type":"keyUp","value":""}]}]}
COMMAND: GET /session/bee63c40a1bdae7ce06b935db5f594fd/screenshot - {}
RESULT: {}
COMMAND: POST /session/bee63c40a1bdae7ce06b935db5f594fd/element - {"using":"xpath","value":"//span[@id=\"application-managepricingrules-display-component---priceInfoItem--smartTable-header-inner\"]"}
RESULT: {"using":"xpath","value":"//span[@id=\"application-managepricingrules-display-component---priceInfoItem--smartTable-header-inner\"]"}
COMMAND: POST /session/bee63c40a1bdae7ce06b935db5f594fd/elements - {"using":"xpath","value":"//span[@id=\"application-managepricingrules-display-component---priceInfoItem--smartTable-header-inner\"]"}
RESULT: {"using":"xpath","value":"//span[@id=\"application-managepricingrules-display-component---priceInfoItem--smartTable-header-inner\"]"}
COMMAND: POST /session/bee63c40a1bdae7ce06b935db5f594fd/execute/sync - {"script":"<script> [56 bytes]","args":[{"element-6066-11e4-a52e-4f735466cecf":"f.DD81908FE99A923B634158F1747C8007.d.1AA1EEB8E3A6A63693469672317818B9.e.6747","ELEMENT":"f.DD81908FE99A923B634158F1747C8007.d.1AA1EEB8E3A6A63693469672317818B9.e.6747"}]}
RESULT: {"script":"<script> [56 bytes]","args":[{"element-6066-11e4-a52e-4f735466cecf":"f.DD81908FE99A923B634158F1747C8007.d.1AA1EEB8E3A6A63693469672317818B9.e.6747","ELEMENT":"f.DD81908FE99A923B634158F1747C8007.d.1AA1EEB8E3A6A63693469672317818B9.e.6747"}]}
COMMAND: POST /session/bee63c40a1bdae7ce06b935db5f594fd/element - {"using":"css selector","value":"#shell-header-logo"}
COMMAND: GET /session/bee63c40a1bdae7ce06b935db5f594fd/screenshot - {}
RESULT: {"using":"css selector","value":"#shell-header-logo"}
COMMAND: POST /session/bee63c40a1bdae7ce06b935db5f594fd/element/f.DD81908FE99A923B634158F1747C8007.d.1AA1EEB8E3A6A63693469672317818B9.e.5887/click - {}
RESULT: {}
RESULT: {}
COMMAND: GET /session/bee63c40a1bdae7ce06b935db5f594fd/screenshot - {}
RESULT: {}
]]></system-out>
    </testcase>
    <testcase classname="chrome.137_0_7151_69.windows.US134625_Set_up_price_condition_-_one_time" name="Should create new condition one time" time="70.002">
      <system-out><![CDATA[
COMMAND: POST /session/bee63c40a1bdae7ce06b935db5f594fd/execute/async - {"script":"<script> [1562 bytes]","args":[{"selector":{"controlType":"sap.m.GenericTile","properties":{"header":"Manage Conditions & Prices"}},"wdio_ui5_key":"sapm.GenericTile{\"header\":\"Manage Conditions & Prices\"}"}]}
RESULT: {"script":"<script> [1562 bytes]","args":[{"selector":{"controlType":"sap.m.GenericTile","properties":{"header":"Manage Conditions & Prices"}},"wdio_ui5_key":"sapm.GenericTile{\"header\":\"Manage Conditions & Prices\"}"}]}
RESULT: undefined
COMMAND: POST /session/bee63c40a1bdae7ce06b935db5f594fd/element - {"using":"xpath","value":"//*[@id=\"__tile55\"]"}
RESULT: {"using":"xpath","value":"//*[@id=\"__tile55\"]"}
COMMAND: POST /session/bee63c40a1bdae7ce06b935db5f594fd/element/f.DD81908FE99A923B634158F1747C8007.d.1AA1EEB8E3A6A63693469672317818B9.e.5825/click - {}
RESULT: {}
COMMAND: GET /session/bee63c40a1bdae7ce06b935db5f594fd/screenshot - {}
RESULT: {}
COMMAND: POST /session/bee63c40a1bdae7ce06b935db5f594fd/elements - {"using":"xpath","value":"//span[text()='Error']"}
RESULT: {"using":"xpath","value":"//span[text()='Error']"}
COMMAND: POST /session/bee63c40a1bdae7ce06b935db5f594fd/element - {"using":"xpath","value":"//button[@aria-label=\"Create\"]"}
RESULT: {"using":"xpath","value":"//button[@aria-label=\"Create\"]"}
COMMAND: POST /session/bee63c40a1bdae7ce06b935db5f594fd/elements - {"using":"xpath","value":"//button[@aria-label=\"Create\"]"}
RESULT: {"using":"xpath","value":"//button[@aria-label=\"Create\"]"}
COMMAND: POST /session/bee63c40a1bdae7ce06b935db5f594fd/elements - {"using":"xpath","value":"//button[@aria-label=\"Create\"]"}
RESULT: {"using":"xpath","value":"//button[@aria-label=\"Create\"]"}
COMMAND: POST /session/bee63c40a1bdae7ce06b935db5f594fd/element - {"using":"xpath","value":"//button[@aria-label=\"Create\"]"}
RESULT: {"using":"xpath","value":"//button[@aria-label=\"Create\"]"}
COMMAND: POST /session/bee63c40a1bdae7ce06b935db5f594fd/execute/sync - {"script":"<script> [8489 bytes]","args":[{"element-6066-11e4-a52e-4f735466cecf":"f.DD81908FE99A923B634158F1747C8007.d.1AA1EEB8E3A6A63693469672317818B9.e.6782","ELEMENT":"f.DD81908FE99A923B634158F1747C8007.d.1AA1EEB8E3A6A63693469672317818B9.e.6782"}]}
RESULT: {"script":"<script> [8489 bytes]","args":[{"element-6066-11e4-a52e-4f735466cecf":"f.DD81908FE99A923B634158F1747C8007.d.1AA1EEB8E3A6A63693469672317818B9.e.6782","ELEMENT":"f.DD81908FE99A923B634158F1747C8007.d.1AA1EEB8E3A6A63693469672317818B9.e.6782"}]}
COMMAND: GET /session/bee63c40a1bdae7ce06b935db5f594fd/element/f.DD81908FE99A923B634158F1747C8007.d.1AA1EEB8E3A6A63693469672317818B9.e.6782/enabled - {}
COMMAND: GET /session/bee63c40a1bdae7ce06b935db5f594fd/screenshot - {}
RESULT: {}
COMMAND: POST /session/bee63c40a1bdae7ce06b935db5f594fd/execute/sync - {"script":"<script> [8489 bytes]","args":[{"element-6066-11e4-a52e-4f735466cecf":"f.DD81908FE99A923B634158F1747C8007.d.1AA1EEB8E3A6A63693469672317818B9.e.6782","ELEMENT":"f.DD81908FE99A923B634158F1747C8007.d.1AA1EEB8E3A6A63693469672317818B9.e.6782"}]}
COMMAND: GET /session/bee63c40a1bdae7ce06b935db5f594fd/screenshot - {}
RESULT: {}
RESULT: {"script":"<script> [8489 bytes]","args":[{"element-6066-11e4-a52e-4f735466cecf":"f.DD81908FE99A923B634158F1747C8007.d.1AA1EEB8E3A6A63693469672317818B9.e.6782","ELEMENT":"f.DD81908FE99A923B634158F1747C8007.d.1AA1EEB8E3A6A63693469672317818B9.e.6782"}]}
COMMAND: POST /session/bee63c40a1bdae7ce06b935db5f594fd/execute/sync - {"script":"<script> [5351 bytes]","args":[{"element-6066-11e4-a52e-4f735466cecf":"f.DD81908FE99A923B634158F1747C8007.d.1AA1EEB8E3A6A63693469672317818B9.e.6782","ELEMENT":"f.DD81908FE99A923B634158F1747C8007.d.1AA1EEB8E3A6A63693469672317818B9.e.6782"}]}
COMMAND: GET /session/bee63c40a1bdae7ce06b935db5f594fd/screenshot - {}
RESULT: {}
RESULT: {"script":"<script> [5351 bytes]","args":[{"element-6066-11e4-a52e-4f735466cecf":"f.DD81908FE99A923B634158F1747C8007.d.1AA1EEB8E3A6A63693469672317818B9.e.6782","ELEMENT":"f.DD81908FE99A923B634158F1747C8007.d.1AA1EEB8E3A6A63693469672317818B9.e.6782"}]}
COMMAND: POST /session/bee63c40a1bdae7ce06b935db5f594fd/element/f.DD81908FE99A923B634158F1747C8007.d.1AA1EEB8E3A6A63693469672317818B9.e.6782/click - {}
COMMAND: GET /session/bee63c40a1bdae7ce06b935db5f594fd/screenshot - {}
RESULT: {}
RESULT: {}
COMMAND: GET /session/bee63c40a1bdae7ce06b935db5f594fd/screenshot - {}
RESULT: {}
RESULT: {}
COMMAND: POST /session/bee63c40a1bdae7ce06b935db5f594fd/actions - {"actions":[{"id":"action25","type":"key","parameters":{},"actions":[{"type":"keyDown","value":""},{"type":"pause","duration":10},{"type":"keyUp","value":""}]}]}
RESULT: {"actions":[{"id":"action25","type":"key","parameters":{},"actions":[{"type":"keyDown","value":""},{"type":"pause","duration":10},{"type":"keyUp","value":""}]}]}
COMMAND: GET /session/bee63c40a1bdae7ce06b935db5f594fd/screenshot - {}
RESULT: {}
COMMAND: POST /session/bee63c40a1bdae7ce06b935db5f594fd/execute/async - {"script":"<script> [1562 bytes]","args":[{"selector":{"id":"application-manageconditionprice-display-component---newCondition--condBillCond-arrow"},"wdio_ui5_key":"applicationmanageconditionprice-display-component---newCondition--condBillCond-arrow"}]}
RESULT: {"script":"<script> [1562 bytes]","args":[{"selector":{"id":"application-manageconditionprice-display-component---newCondition--condBillCond-arrow"},"wdio_ui5_key":"applicationmanageconditionprice-display-component---newCondition--condBillCond-arrow"}]}
RESULT: undefined
COMMAND: POST /session/bee63c40a1bdae7ce06b935db5f594fd/element - {"using":"xpath","value":"//*[@id=\"application-manageconditionprice-display-component---newCondition--condBillCond-arrow\"]"}
RESULT: {"using":"xpath","value":"//*[@id=\"application-manageconditionprice-display-component---newCondition--condBillCond-arrow\"]"}
COMMAND: POST /session/bee63c40a1bdae7ce06b935db5f594fd/element/f.DD81908FE99A923B634158F1747C8007.d.1AA1EEB8E3A6A63693469672317818B9.e.6962/click - {}
RESULT: {}
COMMAND: GET /session/bee63c40a1bdae7ce06b935db5f594fd/screenshot - {}
RESULT: {}
COMMAND: POST /session/bee63c40a1bdae7ce06b935db5f594fd/element - {"using":"xpath","value":"//li[.//span[contains(text(), \"SAPR - Sales price\")]]"}
RESULT: {"using":"xpath","value":"//li[.//span[contains(text(), \"SAPR - Sales price\")]]"}
COMMAND: POST /session/bee63c40a1bdae7ce06b935db5f594fd/element/f.DD81908FE99A923B634158F1747C8007.d.1AA1EEB8E3A6A63693469672317818B9.e.6965/click - {}
RESULT: {}
COMMAND: GET /session/bee63c40a1bdae7ce06b935db5f594fd/screenshot - {}
RESULT: {}
COMMAND: POST /session/bee63c40a1bdae7ce06b935db5f594fd/execute/async - {"script":"<script> [1562 bytes]","args":[{"selector":{"id":"application-manageconditionprice-display-component---newCondition--condValidTo","interaction":{"idSuffix":"inner"}},"wdio_ui5_key":"applicationmanageconditionprice-display-component---newCondition--condValidTo"}]}
RESULT: {"script":"<script> [1562 bytes]","args":[{"selector":{"id":"application-manageconditionprice-display-component---newCondition--condValidTo","interaction":{"idSuffix":"inner"}},"wdio_ui5_key":"applicationmanageconditionprice-display-component---newCondition--condValidTo"}]}
RESULT: undefined
COMMAND: POST /session/bee63c40a1bdae7ce06b935db5f594fd/execute/async - {"script":"<script> [776 bytes]","args":[{"enterText":"2/13/26","selector":{"id":"application-manageconditionprice-display-component---newCondition--condValidTo","interaction":{"idSuffix":"inner"}},"clearTextFirst":true,"interactionType":"ENTER_TEXT"}]}
RESULT: {"script":"<script> [776 bytes]","args":[{"enterText":"2/13/26","selector":{"id":"application-manageconditionprice-display-component---newCondition--condValidTo","interaction":{"idSuffix":"inner"}},"clearTextFirst":true,"interactionType":"ENTER_TEXT"}]}
COMMAND: POST /session/bee63c40a1bdae7ce06b935db5f594fd/element - {"using":"xpath","value":"//input[@id=\"application-manageconditionprice-display-component---newCondition--condRU-inner\"]"}
RESULT: {"using":"xpath","value":"//input[@id=\"application-manageconditionprice-display-component---newCondition--condRU-inner\"]"}
COMMAND: POST /session/bee63c40a1bdae7ce06b935db5f594fd/element/f.DD81908FE99A923B634158F1747C8007.d.1AA1EEB8E3A6A63693469672317818B9.e.6827/clear - {}
RESULT: {}
COMMAND: POST /session/bee63c40a1bdae7ce06b935db5f594fd/element/f.DD81908FE99A923B634158F1747C8007.d.1AA1EEB8E3A6A63693469672317818B9.e.6827/value - {"text":"200124"}
COMMAND: GET /session/bee63c40a1bdae7ce06b935db5f594fd/screenshot - {}
RESULT: {"text":"200124"}
COMMAND: GET /session/bee63c40a1bdae7ce06b935db5f594fd/screenshot - {}
RESULT: {}
RESULT: {}
COMMAND: POST /session/bee63c40a1bdae7ce06b935db5f594fd/actions - {"actions":[{"id":"action26","type":"key","parameters":{},"actions":[{"type":"keyDown","value":""},{"type":"pause","duration":10},{"type":"keyUp","value":""}]}]}
RESULT: {"actions":[{"id":"action26","type":"key","parameters":{},"actions":[{"type":"keyDown","value":""},{"type":"pause","duration":10},{"type":"keyUp","value":""}]}]}
COMMAND: POST /session/bee63c40a1bdae7ce06b935db5f594fd/execute/async - {"script":"<script> [1562 bytes]","args":[{"selector":{"id":"application-manageconditionprice-display-component---newCondition--condBaseQty","interaction":{"idSuffix":"inner"}},"wdio_ui5_key":"applicationmanageconditionprice-display-component---newCondition--condBaseQty"}]}
COMMAND: GET /session/bee63c40a1bdae7ce06b935db5f594fd/screenshot - {}
RESULT: {"script":"<script> [1562 bytes]","args":[{"selector":{"id":"application-manageconditionprice-display-component---newCondition--condBaseQty","interaction":{"idSuffix":"inner"}},"wdio_ui5_key":"applicationmanageconditionprice-display-component---newCondition--condBaseQty"}]}
RESULT: undefined
COMMAND: POST /session/bee63c40a1bdae7ce06b935db5f594fd/execute/async - {"script":"<script> [776 bytes]","args":[{"enterText":"1","selector":{"id":"application-manageconditionprice-display-component---newCondition--condBaseQty","interaction":{"idSuffix":"inner"}},"clearTextFirst":true,"interactionType":"ENTER_TEXT"}]}
RESULT: {}
RESULT: {"script":"<script> [776 bytes]","args":[{"enterText":"1","selector":{"id":"application-manageconditionprice-display-component---newCondition--condBaseQty","interaction":{"idSuffix":"inner"}},"clearTextFirst":true,"interactionType":"ENTER_TEXT"}]}
COMMAND: POST /session/bee63c40a1bdae7ce06b935db5f594fd/execute/async - {"script":"<script> [1562 bytes]","args":[{"selector":{"id":"application-manageconditionprice-display-component---newCondition--condValue","interaction":{"idSuffix":"inner"}},"wdio_ui5_key":"applicationmanageconditionprice-display-component---newCondition--condValue"}]}
RESULT: {"script":"<script> [1562 bytes]","args":[{"selector":{"id":"application-manageconditionprice-display-component---newCondition--condValue","interaction":{"idSuffix":"inner"}},"wdio_ui5_key":"applicationmanageconditionprice-display-component---newCondition--condValue"}]}
RESULT: undefined
COMMAND: POST /session/bee63c40a1bdae7ce06b935db5f594fd/execute/async - {"script":"<script> [776 bytes]","args":[{"enterText":"100.00","selector":{"id":"application-manageconditionprice-display-component---newCondition--condValue","interaction":{"idSuffix":"inner"}},"clearTextFirst":true,"interactionType":"ENTER_TEXT"}]}
RESULT: {"script":"<script> [776 bytes]","args":[{"enterText":"100.00","selector":{"id":"application-manageconditionprice-display-component---newCondition--condValue","interaction":{"idSuffix":"inner"}},"clearTextFirst":true,"interactionType":"ENTER_TEXT"}]}
COMMAND: POST /session/bee63c40a1bdae7ce06b935db5f594fd/execute/async - {"script":"<script> [1562 bytes]","args":[{"selector":{"id":"application-manageconditionprice-display-component---newCondition--condCurr-arrow"},"wdio_ui5_key":"applicationmanageconditionprice-display-component---newCondition--condCurr-arrow"}]}
RESULT: {"script":"<script> [1562 bytes]","args":[{"selector":{"id":"application-manageconditionprice-display-component---newCondition--condCurr-arrow"},"wdio_ui5_key":"applicationmanageconditionprice-display-component---newCondition--condCurr-arrow"}]}
RESULT: undefined
COMMAND: POST /session/bee63c40a1bdae7ce06b935db5f594fd/element - {"using":"xpath","value":"//*[@id=\"application-manageconditionprice-display-component---newCondition--condCurr-arrow\"]"}
RESULT: {"using":"xpath","value":"//*[@id=\"application-manageconditionprice-display-component---newCondition--condCurr-arrow\"]"}
COMMAND: POST /session/bee63c40a1bdae7ce06b935db5f594fd/element/f.DD81908FE99A923B634158F1747C8007.d.1AA1EEB8E3A6A63693469672317818B9.e.6929/click - {}
RESULT: {}
COMMAND: POST /session/bee63c40a1bdae7ce06b935db5f594fd/element - {"using":"xpath","value":"//span[contains(text(), \"Euro\")]"}
COMMAND: GET /session/bee63c40a1bdae7ce06b935db5f594fd/screenshot - {}
RESULT: {"using":"xpath","value":"//span[contains(text(), \"Euro\")]"}
COMMAND: POST /session/bee63c40a1bdae7ce06b935db5f594fd/element/f.DD81908FE99A923B634158F1747C8007.d.1AA1EEB8E3A6A63693469672317818B9.e.7005/click - {}
RESULT: {}
RESULT: {}
COMMAND: POST /session/bee63c40a1bdae7ce06b935db5f594fd/element - {"using":"xpath","value":"//button[@data-kt=\"saveButton\"]"}
COMMAND: GET /session/bee63c40a1bdae7ce06b935db5f594fd/screenshot - {}
RESULT: {"using":"xpath","value":"//button[@data-kt=\"saveButton\"]"}
COMMAND: POST /session/bee63c40a1bdae7ce06b935db5f594fd/element/f.DD81908FE99A923B634158F1747C8007.d.1AA1EEB8E3A6A63693469672317818B9.e.6930/click - {}
RESULT: {}
RESULT: {}
COMMAND: GET /session/bee63c40a1bdae7ce06b935db5f594fd/screenshot - {}
RESULT: {}
COMMAND: POST /session/bee63c40a1bdae7ce06b935db5f594fd/execute/async - {"script":"<script> [1562 bytes]","args":[{"selector":{"id":"application-manageconditionprice-display-component---conditions--smartFilterBar-btnBasicSearch","interaction":{"idSuffix":"I"}},"wdio_ui5_key":"applicationmanageconditionprice-display-component---conditions--smartFilterBar-btnBasicSearch"}]}
RESULT: {"script":"<script> [1562 bytes]","args":[{"selector":{"id":"application-manageconditionprice-display-component---conditions--smartFilterBar-btnBasicSearch","interaction":{"idSuffix":"I"}},"wdio_ui5_key":"applicationmanageconditionprice-display-component---conditions--smartFilterBar-btnBasicSearch"}]}
RESULT: undefined
COMMAND: POST /session/bee63c40a1bdae7ce06b935db5f594fd/execute/async - {"script":"<script> [776 bytes]","args":[{"enterText":"200124","selector":{"id":"application-manageconditionprice-display-component---conditions--smartFilterBar-btnBasicSearch","interaction":{"idSuffix":"I"}},"clearTextFirst":true,"interactionType":"ENTER_TEXT"}]}
RESULT: {"script":"<script> [776 bytes]","args":[{"enterText":"200124","selector":{"id":"application-manageconditionprice-display-component---conditions--smartFilterBar-btnBasicSearch","interaction":{"idSuffix":"I"}},"clearTextFirst":true,"interactionType":"ENTER_TEXT"}]}
COMMAND: POST /session/bee63c40a1bdae7ce06b935db5f594fd/actions - {"actions":[{"id":"action27","type":"key","parameters":{},"actions":[{"type":"keyDown","value":""},{"type":"pause","duration":10},{"type":"keyUp","value":""}]}]}
RESULT: {"actions":[{"id":"action27","type":"key","parameters":{},"actions":[{"type":"keyDown","value":""},{"type":"pause","duration":10},{"type":"keyUp","value":""}]}]}
COMMAND: GET /session/bee63c40a1bdae7ce06b935db5f594fd/screenshot - {}
RESULT: {}
COMMAND: POST /session/bee63c40a1bdae7ce06b935db5f594fd/execute/async - {"script":"<script> [1562 bytes]","args":[{"selector":{"id":"application-manageconditionprice-display-component---conditions--smartFilterBar-filterItemControl_BASIC-BILL_TYPES-vhi"},"wdio_ui5_key":"applicationmanageconditionprice-display-component---conditions--smartFilterBar-filterItemControl_BASIC-BILL_TYPES-vhi"}]}
RESULT: {"script":"<script> [1562 bytes]","args":[{"selector":{"id":"application-manageconditionprice-display-component---conditions--smartFilterBar-filterItemControl_BASIC-BILL_TYPES-vhi"},"wdio_ui5_key":"applicationmanageconditionprice-display-component---conditions--smartFilterBar-filterItemControl_BASIC-BILL_TYPES-vhi"}]}
RESULT: undefined
COMMAND: POST /session/bee63c40a1bdae7ce06b935db5f594fd/element - {"using":"xpath","value":"//*[@id=\"application-manageconditionprice-display-component---conditions--smartFilterBar-filterItemControl_BASIC-BILL_TYPES-vhi\"]"}
RESULT: {"using":"xpath","value":"//*[@id=\"application-manageconditionprice-display-component---conditions--smartFilterBar-filterItemControl_BASIC-BILL_TYPES-vhi\"]"}
COMMAND: POST /session/bee63c40a1bdae7ce06b935db5f594fd/element/f.DD81908FE99A923B634158F1747C8007.d.1AA1EEB8E3A6A63693469672317818B9.e.7112/click - {}
RESULT: {}
COMMAND: POST /session/bee63c40a1bdae7ce06b935db5f594fd/execute/async - {"script":"<script> [1562 bytes]","args":[{"selector":{"id":"application-manageconditionprice-display-component---conditions--smartFilterBar-filterItemControl_BASIC-BILL_TYPES-valueHelpDialog-smartFilterBar-btnBasicSearch","searchOpenDialogs":true,"interaction":{"idSuffix":"I"}},"wdio_ui5_key":"applicationmanageconditionprice-display-component---conditions--smartFilterBar-filterItemControl_BASIC-BILL_TYPES-valueHelpDialog-smartFilterBar-btnBasicSearch"}]}
COMMAND: GET /session/bee63c40a1bdae7ce06b935db5f594fd/screenshot - {}
RESULT: {"script":"<script> [1562 bytes]","args":[{"selector":{"id":"application-manageconditionprice-display-component---conditions--smartFilterBar-filterItemControl_BASIC-BILL_TYPES-valueHelpDialog-smartFilterBar-btnBasicSearch","searchOpenDialogs":true,"interaction":{"idSuffix":"I"}},"wdio_ui5_key":"applicationmanageconditionprice-display-component---conditions--smartFilterBar-filterItemControl_BASIC-BILL_TYPES-valueHelpDialog-smartFilterBar-btnBasicSearch"}]}
RESULT: undefined
COMMAND: POST /session/bee63c40a1bdae7ce06b935db5f594fd/execute/async - {"script":"<script> [776 bytes]","args":[{"enterText":"one","selector":{"id":"application-manageconditionprice-display-component---conditions--smartFilterBar-filterItemControl_BASIC-BILL_TYPES-valueHelpDialog-smartFilterBar-btnBasicSearch","searchOpenDialogs":true,"interaction":{"idSuffix":"I"}},"clearTextFirst":true,"interactionType":"ENTER_TEXT"}]}
RESULT: {}
RESULT: {"script":"<script> [776 bytes]","args":[{"enterText":"one","selector":{"id":"application-manageconditionprice-display-component---conditions--smartFilterBar-filterItemControl_BASIC-BILL_TYPES-valueHelpDialog-smartFilterBar-btnBasicSearch","searchOpenDialogs":true,"interaction":{"idSuffix":"I"}},"clearTextFirst":true,"interactionType":"ENTER_TEXT"}]}
COMMAND: POST /session/bee63c40a1bdae7ce06b935db5f594fd/actions - {"actions":[{"id":"action28","type":"key","parameters":{},"actions":[{"type":"keyDown","value":""},{"type":"pause","duration":10},{"type":"keyUp","value":""}]}]}
RESULT: {"actions":[{"id":"action28","type":"key","parameters":{},"actions":[{"type":"keyDown","value":""},{"type":"pause","duration":10},{"type":"keyUp","value":""}]}]}
COMMAND: GET /session/bee63c40a1bdae7ce06b935db5f594fd/screenshot - {}
RESULT: {}
COMMAND: POST /session/bee63c40a1bdae7ce06b935db5f594fd/element - {"using":"xpath","value":"//div[contains(@id, 'application-manageconditionprice-display-component---conditions--smartFilterBar-filterItemControl_BASIC-BILL_TYPES-valueHelpDialog-table-rowsel0')]"}
RESULT: {"using":"xpath","value":"//div[contains(@id, 'application-manageconditionprice-display-component---conditions--smartFilterBar-filterItemControl_BASIC-BILL_TYPES-valueHelpDialog-table-rowsel0')]"}
COMMAND: POST /session/bee63c40a1bdae7ce06b935db5f594fd/element/f.DD81908FE99A923B634158F1747C8007.d.1AA1EEB8E3A6A63693469672317818B9.e.7121/click - {}
RESULT: {}
COMMAND: GET /session/bee63c40a1bdae7ce06b935db5f594fd/screenshot - {}
RESULT: {}
COMMAND: POST /session/bee63c40a1bdae7ce06b935db5f594fd/element - {"using":"xpath","value":"//bdi[contains(text(), \"OK\")]"}
RESULT: {"using":"xpath","value":"//bdi[contains(text(), \"OK\")]"}
COMMAND: POST /session/bee63c40a1bdae7ce06b935db5f594fd/element/f.DD81908FE99A923B634158F1747C8007.d.1AA1EEB8E3A6A63693469672317818B9.e.7123/click - {}
RESULT: {}
COMMAND: GET /session/bee63c40a1bdae7ce06b935db5f594fd/screenshot - {}
RESULT: {}
COMMAND: POST /session/bee63c40a1bdae7ce06b935db5f594fd/element - {"using":"xpath","value":"//span[@id=\"application-manageconditionprice-display-component---conditions--smartTable-header-inner\"]"}
RESULT: {"using":"xpath","value":"//span[@id=\"application-manageconditionprice-display-component---conditions--smartTable-header-inner\"]"}
COMMAND: POST /session/bee63c40a1bdae7ce06b935db5f594fd/elements - {"using":"xpath","value":"//span[@id=\"application-manageconditionprice-display-component---conditions--smartTable-header-inner\"]"}
RESULT: {"using":"xpath","value":"//span[@id=\"application-manageconditionprice-display-component---conditions--smartTable-header-inner\"]"}
COMMAND: POST /session/bee63c40a1bdae7ce06b935db5f594fd/execute/sync - {"script":"<script> [56 bytes]","args":[{"element-6066-11e4-a52e-4f735466cecf":"f.DD81908FE99A923B634158F1747C8007.d.1AA1EEB8E3A6A63693469672317818B9.e.7126","ELEMENT":"f.DD81908FE99A923B634158F1747C8007.d.1AA1EEB8E3A6A63693469672317818B9.e.7126"}]}
RESULT: {"script":"<script> [56 bytes]","args":[{"element-6066-11e4-a52e-4f735466cecf":"f.DD81908FE99A923B634158F1747C8007.d.1AA1EEB8E3A6A63693469672317818B9.e.7126","ELEMENT":"f.DD81908FE99A923B634158F1747C8007.d.1AA1EEB8E3A6A63693469672317818B9.e.7126"}]}
COMMAND: POST /session/bee63c40a1bdae7ce06b935db5f594fd/element - {"using":"css selector","value":"#shell-header-logo"}
COMMAND: GET /session/bee63c40a1bdae7ce06b935db5f594fd/screenshot - {}
RESULT: {"using":"css selector","value":"#shell-header-logo"}
COMMAND: POST /session/bee63c40a1bdae7ce06b935db5f594fd/element/f.DD81908FE99A923B634158F1747C8007.d.1AA1EEB8E3A6A63693469672317818B9.e.6750/click - {}
RESULT: {}
RESULT: {}
COMMAND: GET /session/bee63c40a1bdae7ce06b935db5f594fd/screenshot - {}
RESULT: {}
]]></system-out>
    </testcase>
    <testcase classname="chrome.137_0_7151_69.windows.US134625_Set_up_price_condition_-_one_time" name="Should create a new contract" time="64.752">
      <system-out><![CDATA[
COMMAND: POST /session/bee63c40a1bdae7ce06b935db5f594fd/execute/async - {"script":"<script> [1562 bytes]","args":[{"selector":{"controlType":"sap.m.GenericTile","properties":{"header":"Manage Contracts"}},"wdio_ui5_key":"sapm.GenericTile{\"header\":\"Manage Contracts\"}"}]}
RESULT: {"script":"<script> [1562 bytes]","args":[{"selector":{"controlType":"sap.m.GenericTile","properties":{"header":"Manage Contracts"}},"wdio_ui5_key":"sapm.GenericTile{\"header\":\"Manage Contracts\"}"}]}
RESULT: undefined
COMMAND: POST /session/bee63c40a1bdae7ce06b935db5f594fd/element - {"using":"xpath","value":"//*[@id=\"__tile132\"]"}
RESULT: {"using":"xpath","value":"//*[@id=\"__tile132\"]"}
COMMAND: POST /session/bee63c40a1bdae7ce06b935db5f594fd/element/f.DD81908FE99A923B634158F1747C8007.d.1AA1EEB8E3A6A63693469672317818B9.e.5792/click - {}
RESULT: {}
COMMAND: GET /session/bee63c40a1bdae7ce06b935db5f594fd/screenshot - {}
RESULT: {}
COMMAND: POST /session/bee63c40a1bdae7ce06b935db5f594fd/elements - {"using":"xpath","value":"//span[text()='Error']"}
RESULT: {"using":"xpath","value":"//span[text()='Error']"}
COMMAND: POST /session/bee63c40a1bdae7ce06b935db5f594fd/element - {"using":"xpath","value":"//button[@data-kt=\"addButton\"]"}
RESULT: {"using":"xpath","value":"//button[@data-kt=\"addButton\"]"}
COMMAND: POST /session/bee63c40a1bdae7ce06b935db5f594fd/elements - {"using":"xpath","value":"//button[@data-kt=\"addButton\"]"}
RESULT: {"using":"xpath","value":"//button[@data-kt=\"addButton\"]"}
COMMAND: POST /session/bee63c40a1bdae7ce06b935db5f594fd/execute/sync - {"script":"<script> [8489 bytes]","args":[{"element-6066-11e4-a52e-4f735466cecf":"f.DD81908FE99A923B634158F1747C8007.d.1AA1EEB8E3A6A63693469672317818B9.e.7184","ELEMENT":"f.DD81908FE99A923B634158F1747C8007.d.1AA1EEB8E3A6A63693469672317818B9.e.7184"}]}
RESULT: {"script":"<script> [8489 bytes]","args":[{"element-6066-11e4-a52e-4f735466cecf":"f.DD81908FE99A923B634158F1747C8007.d.1AA1EEB8E3A6A63693469672317818B9.e.7184","ELEMENT":"f.DD81908FE99A923B634158F1747C8007.d.1AA1EEB8E3A6A63693469672317818B9.e.7184"}]}
COMMAND: GET /session/bee63c40a1bdae7ce06b935db5f594fd/element/f.DD81908FE99A923B634158F1747C8007.d.1AA1EEB8E3A6A63693469672317818B9.e.7184/enabled - {}
COMMAND: GET /session/bee63c40a1bdae7ce06b935db5f594fd/screenshot - {}
RESULT: {}
COMMAND: POST /session/bee63c40a1bdae7ce06b935db5f594fd/execute/sync - {"script":"<script> [8489 bytes]","args":[{"element-6066-11e4-a52e-4f735466cecf":"f.DD81908FE99A923B634158F1747C8007.d.1AA1EEB8E3A6A63693469672317818B9.e.7184","ELEMENT":"f.DD81908FE99A923B634158F1747C8007.d.1AA1EEB8E3A6A63693469672317818B9.e.7184"}]}
COMMAND: GET /session/bee63c40a1bdae7ce06b935db5f594fd/screenshot - {}
RESULT: {}
RESULT: {"script":"<script> [8489 bytes]","args":[{"element-6066-11e4-a52e-4f735466cecf":"f.DD81908FE99A923B634158F1747C8007.d.1AA1EEB8E3A6A63693469672317818B9.e.7184","ELEMENT":"f.DD81908FE99A923B634158F1747C8007.d.1AA1EEB8E3A6A63693469672317818B9.e.7184"}]}
COMMAND: POST /session/bee63c40a1bdae7ce06b935db5f594fd/execute/sync - {"script":"<script> [5351 bytes]","args":[{"element-6066-11e4-a52e-4f735466cecf":"f.DD81908FE99A923B634158F1747C8007.d.1AA1EEB8E3A6A63693469672317818B9.e.7184","ELEMENT":"f.DD81908FE99A923B634158F1747C8007.d.1AA1EEB8E3A6A63693469672317818B9.e.7184"}]}
COMMAND: GET /session/bee63c40a1bdae7ce06b935db5f594fd/screenshot - {}
RESULT: {}
RESULT: {"script":"<script> [5351 bytes]","args":[{"element-6066-11e4-a52e-4f735466cecf":"f.DD81908FE99A923B634158F1747C8007.d.1AA1EEB8E3A6A63693469672317818B9.e.7184","ELEMENT":"f.DD81908FE99A923B634158F1747C8007.d.1AA1EEB8E3A6A63693469672317818B9.e.7184"}]}
COMMAND: GET /session/bee63c40a1bdae7ce06b935db5f594fd/screenshot - {}
RESULT: {}
RESULT: {}
COMMAND: POST /session/bee63c40a1bdae7ce06b935db5f594fd/element/f.DD81908FE99A923B634158F1747C8007.d.1AA1EEB8E3A6A63693469672317818B9.e.7184/click - {}
RESULT: {}
COMMAND: GET /session/bee63c40a1bdae7ce06b935db5f594fd/screenshot - {}
COMMAND: POST /session/bee63c40a1bdae7ce06b935db5f594fd/execute/async - {"script":"<script> [1562 bytes]","args":[{"selector":{"id":"application-managecontracts-display-component---AddNewContract--projectDescription","interaction":{"idSuffix":"inner"}},"wdio_ui5_key":"applicationmanagecontracts-display-component---AddNewContract--projectDescription"}]}
RESULT: {}
RESULT: {"script":"<script> [1562 bytes]","args":[{"selector":{"id":"application-managecontracts-display-component---AddNewContract--projectDescription","interaction":{"idSuffix":"inner"}},"wdio_ui5_key":"applicationmanagecontracts-display-component---AddNewContract--projectDescription"}]}
RESULT: undefined
COMMAND: POST /session/bee63c40a1bdae7ce06b935db5f594fd/execute/async - {"script":"<script> [776 bytes]","args":[{"enterText":"Intercompany Contract WDIO","selector":{"id":"application-managecontracts-display-component---AddNewContract--projectDescription","interaction":{"idSuffix":"inner"}},"clearTextFirst":true,"interactionType":"ENTER_TEXT"}]}
RESULT: {"script":"<script> [776 bytes]","args":[{"enterText":"Intercompany Contract WDIO","selector":{"id":"application-managecontracts-display-component---AddNewContract--projectDescription","interaction":{"idSuffix":"inner"}},"clearTextFirst":true,"interactionType":"ENTER_TEXT"}]}
COMMAND: POST /session/bee63c40a1bdae7ce06b935db5f594fd/element - {"using":"xpath","value":"//input[@id=\"application-managecontracts-display-component---AddNewContract--site-inner\"]"}
RESULT: {"using":"xpath","value":"//input[@id=\"application-managecontracts-display-component---AddNewContract--site-inner\"]"}
COMMAND: POST /session/bee63c40a1bdae7ce06b935db5f594fd/element/f.DD81908FE99A923B634158F1747C8007.d.1AA1EEB8E3A6A63693469672317818B9.e.7501/clear - {}
RESULT: {}
COMMAND: POST /session/bee63c40a1bdae7ce06b935db5f594fd/element/f.DD81908FE99A923B634158F1747C8007.d.1AA1EEB8E3A6A63693469672317818B9.e.7501/value - {"text":"2089"}
COMMAND: GET /session/bee63c40a1bdae7ce06b935db5f594fd/screenshot - {}
RESULT: {"text":"2089"}
COMMAND: GET /session/bee63c40a1bdae7ce06b935db5f594fd/screenshot - {}
RESULT: {}
RESULT: {}
COMMAND: POST /session/bee63c40a1bdae7ce06b935db5f594fd/element - {"using":"xpath","value":"//li[.//span[text()='2089']]"}
RESULT: {"using":"xpath","value":"//li[.//span[text()='2089']]"}
COMMAND: POST /session/bee63c40a1bdae7ce06b935db5f594fd/element/f.DD81908FE99A923B634158F1747C8007.d.1AA1EEB8E3A6A63693469672317818B9.e.7583/click - {}
RESULT: {}
COMMAND: GET /session/bee63c40a1bdae7ce06b935db5f594fd/screenshot - {}
RESULT: {}
COMMAND: POST /session/bee63c40a1bdae7ce06b935db5f594fd/element - {"using":"xpath","value":"//input[@id=\"application-managecontracts-display-component---AddNewContract--yardId-inner\"]"}
RESULT: {"using":"xpath","value":"//input[@id=\"application-managecontracts-display-component---AddNewContract--yardId-inner\"]"}
COMMAND: GET /session/bee63c40a1bdae7ce06b935db5f594fd/element/f.DD81908FE99A923B634158F1747C8007.d.1AA1EEB8E3A6A63693469672317818B9.e.7502/property/value - {}
RESULT: {}
COMMAND: POST /session/bee63c40a1bdae7ce06b935db5f594fd/element - {"using":"xpath","value":"//input[@id=\"application-managecontracts-display-component---AddNewContract--customerSelect-inner\"]"}
COMMAND: GET /session/bee63c40a1bdae7ce06b935db5f594fd/screenshot - {}
RESULT: {"using":"xpath","value":"//input[@id=\"application-managecontracts-display-component---AddNewContract--customerSelect-inner\"]"}
COMMAND: POST /session/bee63c40a1bdae7ce06b935db5f594fd/element/f.DD81908FE99A923B634158F1747C8007.d.1AA1EEB8E3A6A63693469672317818B9.e.7500/clear - {}
RESULT: {}
RESULT: {}
COMMAND: POST /session/bee63c40a1bdae7ce06b935db5f594fd/element/f.DD81908FE99A923B634158F1747C8007.d.1AA1EEB8E3A6A63693469672317818B9.e.7500/value - {"text":"1096"}
COMMAND: GET /session/bee63c40a1bdae7ce06b935db5f594fd/screenshot - {}
RESULT: {"text":"1096"}
COMMAND: GET /session/bee63c40a1bdae7ce06b935db5f594fd/screenshot - {}
RESULT: {}
RESULT: {}
COMMAND: POST /session/bee63c40a1bdae7ce06b935db5f594fd/element - {"using":"xpath","value":"//li[.//span[text()='1096']]"}
RESULT: {"using":"xpath","value":"//li[.//span[text()='1096']]"}
COMMAND: POST /session/bee63c40a1bdae7ce06b935db5f594fd/element/f.DD81908FE99A923B634158F1747C8007.d.1AA1EEB8E3A6A63693469672317818B9.e.7586/click - {}
RESULT: {}
COMMAND: GET /session/bee63c40a1bdae7ce06b935db5f594fd/screenshot - {}
RESULT: {}
COMMAND: POST /session/bee63c40a1bdae7ce06b935db5f594fd/element - {"using":"xpath","value":"//button[@data-kt=\"saveButton\"]"}
RESULT: {"using":"xpath","value":"//button[@data-kt=\"saveButton\"]"}
COMMAND: POST /session/bee63c40a1bdae7ce06b935db5f594fd/element/f.DD81908FE99A923B634158F1747C8007.d.1AA1EEB8E3A6A63693469672317818B9.e.7575/click - {}
RESULT: {}
COMMAND: GET /session/bee63c40a1bdae7ce06b935db5f594fd/screenshot - {}
RESULT: {}
COMMAND: POST /session/bee63c40a1bdae7ce06b935db5f594fd/element - {"using":"xpath","value":"//span[contains(@id ,\"contractDetailTitleNoExpanded\")]"}
RESULT: {"using":"xpath","value":"//span[contains(@id ,\"contractDetailTitleNoExpanded\")]"}
COMMAND: POST /session/bee63c40a1bdae7ce06b935db5f594fd/elements - {"using":"xpath","value":"//span[contains(@id ,\"contractDetailTitleNoExpanded\")]"}
RESULT: {"using":"xpath","value":"//span[contains(@id ,\"contractDetailTitleNoExpanded\")]"}
COMMAND: POST /session/bee63c40a1bdae7ce06b935db5f594fd/execute/sync - {"script":"<script> [56 bytes]","args":[{"element-6066-11e4-a52e-4f735466cecf":"f.DD81908FE99A923B634158F1747C8007.d.1AA1EEB8E3A6A63693469672317818B9.e.7658","ELEMENT":"f.DD81908FE99A923B634158F1747C8007.d.1AA1EEB8E3A6A63693469672317818B9.e.7658"}]}
RESULT: {"script":"<script> [56 bytes]","args":[{"element-6066-11e4-a52e-4f735466cecf":"f.DD81908FE99A923B634158F1747C8007.d.1AA1EEB8E3A6A63693469672317818B9.e.7658","ELEMENT":"f.DD81908FE99A923B634158F1747C8007.d.1AA1EEB8E3A6A63693469672317818B9.e.7658"}]}
COMMAND: GET /session/bee63c40a1bdae7ce06b935db5f594fd/screenshot - {}
RESULT: {}
]]></system-out>
    </testcase>
    <testcase classname="chrome.137_0_7151_69.windows.US134625_Set_up_price_condition_-_one_time" name="Should add the material to the contract" time="56.193">
      <system-out><![CDATA[
COMMAND: POST /session/bee63c40a1bdae7ce06b935db5f594fd/element - {"using":"xpath","value":"//button[@data-kt=\"contractDetailEditBtnButton\"]"}
RESULT: {"using":"xpath","value":"//button[@data-kt=\"contractDetailEditBtnButton\"]"}
COMMAND: POST /session/bee63c40a1bdae7ce06b935db5f594fd/element/f.DD81908FE99A923B634158F1747C8007.d.1AA1EEB8E3A6A63693469672317818B9.e.7659/click - {}
RESULT: {}
COMMAND: GET /session/bee63c40a1bdae7ce06b935db5f594fd/screenshot - {}
RESULT: {}
COMMAND: POST /session/bee63c40a1bdae7ce06b935db5f594fd/element - {"using":"xpath","value":"(//span[contains(text(), \"Additional Addresses\")])[2]"}
RESULT: {"using":"xpath","value":"(//span[contains(text(), \"Additional Addresses\")])[2]"}
COMMAND: POST /session/bee63c40a1bdae7ce06b935db5f594fd/element/f.DD81908FE99A923B634158F1747C8007.d.1AA1EEB8E3A6A63693469672317818B9.e.7716/click - {}
RESULT: {}
COMMAND: GET /session/bee63c40a1bdae7ce06b935db5f594fd/screenshot - {}
RESULT: {}
COMMAND: POST /session/bee63c40a1bdae7ce06b935db5f594fd/element - {"using":"xpath","value":"//button[@data-kt=\"btnAddTableRowOverflowToolbarButton\"]"}
RESULT: {"using":"xpath","value":"//button[@data-kt=\"btnAddTableRowOverflowToolbarButton\"]"}
COMMAND: POST /session/bee63c40a1bdae7ce06b935db5f594fd/element/f.DD81908FE99A923B634158F1747C8007.d.1AA1EEB8E3A6A63693469672317818B9.e.7718/click - {}
RESULT: {}
COMMAND: GET /session/bee63c40a1bdae7ce06b935db5f594fd/screenshot - {}
RESULT: {}
COMMAND: POST /session/bee63c40a1bdae7ce06b935db5f594fd/element - {"using":"xpath","value":"//div[(text() = 'Standard Entry' or . = 'Standard Entry')]"}
RESULT: {"using":"xpath","value":"//div[(text() = 'Standard Entry' or . = 'Standard Entry')]"}
COMMAND: POST /session/bee63c40a1bdae7ce06b935db5f594fd/element/f.DD81908FE99A923B634158F1747C8007.d.1AA1EEB8E3A6A63693469672317818B9.e.7720/click - {}
RESULT: {}
COMMAND: GET /session/bee63c40a1bdae7ce06b935db5f594fd/screenshot - {}
RESULT: {}
COMMAND: POST /session/bee63c40a1bdae7ce06b935db5f594fd/element - {"using":"xpath","value":"//td[6]/div/div/div/span"}
RESULT: {"using":"xpath","value":"//td[6]/div/div/div/span"}
COMMAND: POST /session/bee63c40a1bdae7ce06b935db5f594fd/element/f.DD81908FE99A923B634158F1747C8007.d.1AA1EEB8E3A6A63693469672317818B9.e.7732/click - {}
RESULT: {}
COMMAND: GET /session/bee63c40a1bdae7ce06b935db5f594fd/screenshot - {}
RESULT: {}
COMMAND: POST /session/bee63c40a1bdae7ce06b935db5f594fd/element - {"using":"xpath","value":"(//span[contains(text(), \"Material\")])"}
RESULT: {"using":"xpath","value":"(//span[contains(text(), \"Material\")])"}
COMMAND: POST /session/bee63c40a1bdae7ce06b935db5f594fd/element/f.DD81908FE99A923B634158F1747C8007.d.1AA1EEB8E3A6A63693469672317818B9.e.7733/click - {}
RESULT: {}
COMMAND: GET /session/bee63c40a1bdae7ce06b935db5f594fd/screenshot - {}
RESULT: {}
COMMAND: POST /session/bee63c40a1bdae7ce06b935db5f594fd/element - {"using":"xpath","value":"//td[7]/div/div/input"}
RESULT: {"using":"xpath","value":"//td[7]/div/div/input"}
COMMAND: POST /session/bee63c40a1bdae7ce06b935db5f594fd/element/f.DD81908FE99A923B634158F1747C8007.d.1AA1EEB8E3A6A63693469672317818B9.e.7737/clear - {}
RESULT: {}
COMMAND: POST /session/bee63c40a1bdae7ce06b935db5f594fd/element/f.DD81908FE99A923B634158F1747C8007.d.1AA1EEB8E3A6A63693469672317818B9.e.7737/value - {"text":"200124"}
COMMAND: GET /session/bee63c40a1bdae7ce06b935db5f594fd/screenshot - {}
RESULT: {"text":"200124"}
COMMAND: GET /session/bee63c40a1bdae7ce06b935db5f594fd/screenshot - {}
RESULT: {}
RESULT: {}
COMMAND: POST /session/bee63c40a1bdae7ce06b935db5f594fd/actions - {"actions":[{"id":"action29","type":"key","parameters":{},"actions":[{"type":"keyDown","value":""},{"type":"pause","duration":10},{"type":"keyUp","value":""}]}]}
RESULT: {"actions":[{"id":"action29","type":"key","parameters":{},"actions":[{"type":"keyDown","value":""},{"type":"pause","duration":10},{"type":"keyUp","value":""}]}]}
COMMAND: GET /session/bee63c40a1bdae7ce06b935db5f594fd/screenshot - {}
RESULT: {}
COMMAND: POST /session/bee63c40a1bdae7ce06b935db5f594fd/execute/sync - {"script":"<script> [276 bytes]","args":["No pricing information was found"]}
RESULT: {"script":"<script> [276 bytes]","args":["No pricing information was found"]}
COMMAND: POST /session/bee63c40a1bdae7ce06b935db5f594fd/element - {"using":"xpath","value":"(//button[@data-kt=\"saveButton\"])[2]"}
COMMAND: GET /session/bee63c40a1bdae7ce06b935db5f594fd/screenshot - {}
RESULT: {"using":"xpath","value":"(//button[@data-kt=\"saveButton\"])[2]"}
COMMAND: POST /session/bee63c40a1bdae7ce06b935db5f594fd/element/f.DD81908FE99A923B634158F1747C8007.d.1AA1EEB8E3A6A63693469672317818B9.e.7760/click - {}
RESULT: {}
RESULT: {}
COMMAND: GET /session/bee63c40a1bdae7ce06b935db5f594fd/screenshot - {}
RESULT: {}
COMMAND: POST /session/bee63c40a1bdae7ce06b935db5f594fd/execute/sync - {"script":"<script> [276 bytes]","args":["Some contract items are having rental validity exceeding header rental validity"]}
RESULT: {"script":"<script> [276 bytes]","args":["Some contract items are having rental validity exceeding header rental validity"]}
COMMAND: GET /session/bee63c40a1bdae7ce06b935db5f594fd/screenshot - {}
RESULT: {}
COMMAND: POST /session/bee63c40a1bdae7ce06b935db5f594fd/element - {"using":"xpath","value":"//span[contains(@id ,\"contractItemsSmartTable-header-inner\")]"}
RESULT: {"using":"xpath","value":"//span[contains(@id ,\"contractItemsSmartTable-header-inner\")]"}
COMMAND: POST /session/bee63c40a1bdae7ce06b935db5f594fd/elements - {"using":"xpath","value":"//span[contains(@id ,\"contractItemsSmartTable-header-inner\")]"}
RESULT: {"using":"xpath","value":"//span[contains(@id ,\"contractItemsSmartTable-header-inner\")]"}
COMMAND: POST /session/bee63c40a1bdae7ce06b935db5f594fd/execute/sync - {"script":"<script> [56 bytes]","args":[{"element-6066-11e4-a52e-4f735466cecf":"f.DD81908FE99A923B634158F1747C8007.d.1AA1EEB8E3A6A63693469672317818B9.e.7766","ELEMENT":"f.DD81908FE99A923B634158F1747C8007.d.1AA1EEB8E3A6A63693469672317818B9.e.7766"}]}
RESULT: {"script":"<script> [56 bytes]","args":[{"element-6066-11e4-a52e-4f735466cecf":"f.DD81908FE99A923B634158F1747C8007.d.1AA1EEB8E3A6A63693469672317818B9.e.7766","ELEMENT":"f.DD81908FE99A923B634158F1747C8007.d.1AA1EEB8E3A6A63693469672317818B9.e.7766"}]}
]]></system-out>
    </testcase>
    <testcase classname="chrome.137_0_7151_69.windows.US134625_Set_up_price_condition_-_one_time" name="Should verify the bill item creation and pricing condition" time="13.229">
      <system-out><![CDATA[
COMMAND: POST /session/bee63c40a1bdae7ce06b935db5f594fd/execute/async - {"script":"<script> [1562 bytes]","args":[{"selector":{"controlType":"sap.ui.core.Icon","viewName":"etm.portal.ui.managecontracts.view.Detail","properties":{"src":{"regex":{"source":"slim\\-arrow\\-right"}}}},"wdio_ui5_key":"etmportal.ui.managecontracts.view.Detailsap.ui.core.Icon{\"src\":{\"regex\":{\"source\":\"slim\\\\-arrow\\\\-right\"}}}"}]}
COMMAND: GET /session/bee63c40a1bdae7ce06b935db5f594fd/screenshot - {}
RESULT: {"script":"<script> [1562 bytes]","args":[{"selector":{"controlType":"sap.ui.core.Icon","viewName":"etm.portal.ui.managecontracts.view.Detail","properties":{"src":{"regex":{"source":"slim\\-arrow\\-right"}}}},"wdio_ui5_key":"etmportal.ui.managecontracts.view.Detailsap.ui.core.Icon{\"src\":{\"regex\":{\"source\":\"slim\\\\-arrow\\\\-right\"}}}"}]}
RESULT: undefined
COMMAND: POST /session/bee63c40a1bdae7ce06b935db5f594fd/element - {"using":"xpath","value":"//*[@id=\"__item1007-__clone2309-imgNav\"]"}
RESULT: {}
RESULT: {"using":"xpath","value":"//*[@id=\"__item1007-__clone2309-imgNav\"]"}
COMMAND: POST /session/bee63c40a1bdae7ce06b935db5f594fd/element/f.DD81908FE99A923B634158F1747C8007.d.1AA1EEB8E3A6A63693469672317818B9.e.7767/click - {}
RESULT: {}
COMMAND: GET /session/bee63c40a1bdae7ce06b935db5f594fd/screenshot - {}
COMMAND: POST /session/bee63c40a1bdae7ce06b935db5f594fd/execute/async - {"script":"<script> [1562 bytes]","args":[{"selector":{"controlType":"sap.m.Text","viewName":"etm.portal.ui.managecontracts.view.BillingItem","viewId":"application-managecontracts-display-component---BillingItem","bindingPath":{"propertyPath":"LINK_TO_C_BILL_TYPES/DESCRIPTION"}},"wdio_ui5_key":"etmportal.ui.managecontracts.view.BillingItemsap.m.Text{\"propertyPath\":\"LINK_TO_C_BILL_TYPES/DESCRIPTION\"}"}]}
RESULT: {}
RESULT: {"script":"<script> [1562 bytes]","args":[{"selector":{"controlType":"sap.m.Text","viewName":"etm.portal.ui.managecontracts.view.BillingItem","viewId":"application-managecontracts-display-component---BillingItem","bindingPath":{"propertyPath":"LINK_TO_C_BILL_TYPES/DESCRIPTION"}},"wdio_ui5_key":"etmportal.ui.managecontracts.view.BillingItemsap.m.Text{\"propertyPath\":\"LINK_TO_C_BILL_TYPES/DESCRIPTION\"}"}]}
RESULT: undefined
COMMAND: POST /session/bee63c40a1bdae7ce06b935db5f594fd/execute/async - {"script":"<script> [6424 bytes]","args":[{"element-6066-11e4-a52e-4f735466cecf":"f.DD81908FE99A923B634158F1747C8007.d.1AA1EEB8E3A6A63693469672317818B9.e.7817"},"getText",[]]}
RESULT: {"script":"<script> [6424 bytes]","args":[{"element-6066-11e4-a52e-4f735466cecf":"f.DD81908FE99A923B634158F1747C8007.d.1AA1EEB8E3A6A63693469672317818B9.e.7817"},"getText",[]]}
COMMAND: POST /session/bee63c40a1bdae7ce06b935db5f594fd/execute/async - {"script":"<script> [1562 bytes]","args":[{"selector":{"controlType":"sap.m.ObjectNumber","viewName":"etm.portal.ui.managecontracts.view.BillingItem","viewId":"application-managecontracts-display-component---BillingItem","bindingPath":{"propertyPath":"BASE_PRICE"}},"wdio_ui5_key":"etmportal.ui.managecontracts.view.BillingItemsap.m.ObjectNumber{\"propertyPath\":\"BASE_PRICE\"}"}]}
RESULT: {"script":"<script> [1562 bytes]","args":[{"selector":{"controlType":"sap.m.ObjectNumber","viewName":"etm.portal.ui.managecontracts.view.BillingItem","viewId":"application-managecontracts-display-component---BillingItem","bindingPath":{"propertyPath":"BASE_PRICE"}},"wdio_ui5_key":"etmportal.ui.managecontracts.view.BillingItemsap.m.ObjectNumber{\"propertyPath\":\"BASE_PRICE\"}"}]}
RESULT: undefined
COMMAND: POST /session/bee63c40a1bdae7ce06b935db5f594fd/execute/async - {"script":"<script> [6424 bytes]","args":[{"element-6066-11e4-a52e-4f735466cecf":"f.DD81908FE99A923B634158F1747C8007.d.1AA1EEB8E3A6A63693469672317818B9.e.7818"},"getNumber",[]]}
RESULT: {"script":"<script> [6424 bytes]","args":[{"element-6066-11e4-a52e-4f735466cecf":"f.DD81908FE99A923B634158F1747C8007.d.1AA1EEB8E3A6A63693469672317818B9.e.7818"},"getNumber",[]]}
COMMAND: POST /session/bee63c40a1bdae7ce06b935db5f594fd/execute/async - {"script":"<script> [1562 bytes]","args":[{"selector":{"controlType":"sap.m.ObjectNumber","viewName":"etm.portal.ui.managecontracts.view.BillingItem","viewId":"application-managecontracts-display-component---BillingItem","bindingPath":{"propertyPath":"BASE_QUANTITY"}},"wdio_ui5_key":"etmportal.ui.managecontracts.view.BillingItemsap.m.ObjectNumber{\"propertyPath\":\"BASE_QUANTITY\"}"}]}
RESULT: {"script":"<script> [1562 bytes]","args":[{"selector":{"controlType":"sap.m.ObjectNumber","viewName":"etm.portal.ui.managecontracts.view.BillingItem","viewId":"application-managecontracts-display-component---BillingItem","bindingPath":{"propertyPath":"BASE_QUANTITY"}},"wdio_ui5_key":"etmportal.ui.managecontracts.view.BillingItemsap.m.ObjectNumber{\"propertyPath\":\"BASE_QUANTITY\"}"}]}
RESULT: undefined
COMMAND: POST /session/bee63c40a1bdae7ce06b935db5f594fd/execute/async - {"script":"<script> [6424 bytes]","args":[{"element-6066-11e4-a52e-4f735466cecf":"f.DD81908FE99A923B634158F1747C8007.d.1AA1EEB8E3A6A63693469672317818B9.e.7819"},"getNumber",[]]}
RESULT: {"script":"<script> [6424 bytes]","args":[{"element-6066-11e4-a52e-4f735466cecf":"f.DD81908FE99A923B634158F1747C8007.d.1AA1EEB8E3A6A63693469672317818B9.e.7819"},"getNumber",[]]}
COMMAND: DELETE /session/bee63c40a1bdae7ce06b935db5f594fd - {}
RESULT: {}
]]></system-out>
    </testcase>
  </testsuite>
</testsuites>