<?xml version="1.0" encoding="UTF-8"?>
<testsuites tests="7" failures="0" errors="0" skipped="0">
  <testsuite timestamp="2025-05-13T07:16:31" time="909.435" tests="4" failures="0" errors="0" skipped="0">
    <properties>
      <property name="specId" value="0" />
      <property name="suiteName" value="Webshop - Hyperlinks visible and working properly  US139085" />
      <property name="capabilities" value="chrome.136_0_7103_49.windows" />
      <property name="file" value="file:///D:/a/1/s/test/specs/R2C/webshop-hyperlinks-yard-site.spec.js" />
    </properties>
    <testcase classname="chrome.136_0_7103_49.windows.Webshop_-_Hyperlinks_visible_and_working_properly__US139085" name="Should create prerequisites for webshop suite" time="307.968">
      <system-out><![CDATA[
COMMAND: POST /session/09f7b38f634ad4118b42a529d9c234e8/execute/async - {"script":"<script> [1562 bytes]","args":[{"selector":{"controlType":"sap.m.GenericTile","properties":{"header":"Manage Yards"}},"wdio_ui5_key":"sapm.GenericTile{\"header\":\"Manage Yards\"}"}]}
RESULT: {"script":"<script> [1562 bytes]","args":[{"selector":{"controlType":"sap.m.GenericTile","properties":{"header":"Manage Yards"}},"wdio_ui5_key":"sapm.GenericTile{\"header\":\"Manage Yards\"}"}]}
RESULT: undefined
COMMAND: POST /session/09f7b38f634ad4118b42a529d9c234e8/element - {"using":"xpath","value":"//*[@id=\"__tile41\"]"}
RESULT: {"using":"xpath","value":"//*[@id=\"__tile41\"]"}
COMMAND: POST /session/09f7b38f634ad4118b42a529d9c234e8/element/f.ED9B64560877B714BB030CF0107CFFD4.d.9BF6590F89711E4F2BC436185D8C3649.e.108/click - {}
RESULT: {}
COMMAND: GET /session/09f7b38f634ad4118b42a529d9c234e8/screenshot - {}
RESULT: {}
COMMAND: POST /session/09f7b38f634ad4118b42a529d9c234e8/elements - {"using":"xpath","value":"//span[text()='Error']"}
RESULT: {"using":"xpath","value":"//span[text()='Error']"}
COMMAND: POST /session/09f7b38f634ad4118b42a529d9c234e8/execute/async - {"script":"<script> [1562 bytes]","args":[{"selector":{"controlType":"sap.ui.core.Icon","viewName":"etm.portal.ui.manageyards.view.Master","viewId":"application-manageyards-display-component---masterYard","properties":{"src":{"regex":{"source":"add"}}}},"wdio_ui5_key":"etmportal.ui.manageyards.view.Mastersap.ui.core.Icon{\"src\":{\"regex\":{\"source\":\"add\"}}}"}]}
RESULT: {"script":"<script> [1562 bytes]","args":[{"selector":{"controlType":"sap.ui.core.Icon","viewName":"etm.portal.ui.manageyards.view.Master","viewId":"application-manageyards-display-component---masterYard","properties":{"src":{"regex":{"source":"add"}}}},"wdio_ui5_key":"etmportal.ui.manageyards.view.Mastersap.ui.core.Icon{\"src\":{\"regex\":{\"source\":\"add\"}}}"}]}
RESULT: undefined
COMMAND: POST /session/09f7b38f634ad4118b42a529d9c234e8/element - {"using":"xpath","value":"//*[@id=\"__button4-img\"]"}
RESULT: {"using":"xpath","value":"//*[@id=\"__button4-img\"]"}
COMMAND: POST /session/09f7b38f634ad4118b42a529d9c234e8/element/f.ED9B64560877B714BB030CF0107CFFD4.d.9BF6590F89711E4F2BC436185D8C3649.e.155/click - {}
RESULT: {}
COMMAND: GET /session/09f7b38f634ad4118b42a529d9c234e8/screenshot - {}
RESULT: {}
COMMAND: POST /session/09f7b38f634ad4118b42a529d9c234e8/execute/async - {"script":"<script> [1562 bytes]","args":[{"selector":{"id":"application-manageyards-display-component---NewYard--yardId","interaction":{"idSuffix":"inner"}},"wdio_ui5_key":"applicationmanageyards-display-component---NewYard--yardId"}]}
RESULT: {"script":"<script> [1562 bytes]","args":[{"selector":{"id":"application-manageyards-display-component---NewYard--yardId","interaction":{"idSuffix":"inner"}},"wdio_ui5_key":"applicationmanageyards-display-component---NewYard--yardId"}]}
RESULT: undefined
COMMAND: POST /session/09f7b38f634ad4118b42a529d9c234e8/element - {"using":"xpath","value":"//*[@id=\"application-manageyards-display-component---NewYard--addressDetailDetailsName1-inner\"]"}
RESULT: {"using":"xpath","value":"//*[@id=\"application-manageyards-display-component---NewYard--addressDetailDetailsName1-inner\"]"}
COMMAND: POST /session/09f7b38f634ad4118b42a529d9c234e8/element/f.ED9B64560877B714BB030CF0107CFFD4.d.9BF6590F89711E4F2BC436185D8C3649.e.391/clear - {}
RESULT: {}
COMMAND: POST /session/09f7b38f634ad4118b42a529d9c234e8/element/f.ED9B64560877B714BB030CF0107CFFD4.d.9BF6590F89711E4F2BC436185D8C3649.e.391/value - {"text":"WebdriverYardxwpz1"}
COMMAND: GET /session/09f7b38f634ad4118b42a529d9c234e8/screenshot - {}
RESULT: {"text":"WebdriverYardxwpz1"}
COMMAND: POST /session/09f7b38f634ad4118b42a529d9c234e8/element - {"using":"xpath","value":"//*[@id=\"application-manageyards-display-component---NewYard--addressDetailDetailsLanguage-inner\"]"}
COMMAND: GET /session/09f7b38f634ad4118b42a529d9c234e8/screenshot - {}
RESULT: {}
RESULT: {"using":"xpath","value":"//*[@id=\"application-manageyards-display-component---NewYard--addressDetailDetailsLanguage-inner\"]"}
COMMAND: POST /session/09f7b38f634ad4118b42a529d9c234e8/element/f.ED9B64560877B714BB030CF0107CFFD4.d.9BF6590F89711E4F2BC436185D8C3649.e.392/clear - {}
RESULT: {}
RESULT: {}
COMMAND: POST /session/09f7b38f634ad4118b42a529d9c234e8/element/f.ED9B64560877B714BB030CF0107CFFD4.d.9BF6590F89711E4F2BC436185D8C3649.e.392/value - {"text":"Romanian"}
COMMAND: GET /session/09f7b38f634ad4118b42a529d9c234e8/screenshot - {}
RESULT: {"text":"Romanian"}
COMMAND: POST /session/09f7b38f634ad4118b42a529d9c234e8/element - {"using":"xpath","value":"//input[contains(@id ,\"application-manageyards-display-component---NewYard--addressDetailDetailsName1-inner\")]"}
COMMAND: GET /session/09f7b38f634ad4118b42a529d9c234e8/screenshot - {}
RESULT: {}
RESULT: {"using":"xpath","value":"//input[contains(@id ,\"application-manageyards-display-component---NewYard--addressDetailDetailsName1-inner\")]"}
COMMAND: GET /session/09f7b38f634ad4118b42a529d9c234e8/element/f.ED9B64560877B714BB030CF0107CFFD4.d.9BF6590F89711E4F2BC436185D8C3649.e.391/property/value - {}
RESULT: {}
RESULT: {}
COMMAND: GET /session/09f7b38f634ad4118b42a529d9c234e8/screenshot - {}
RESULT: {}
COMMAND: POST /session/09f7b38f634ad4118b42a529d9c234e8/element - {"using":"xpath","value":"//*[@id=\"application-manageyards-display-component---NewYard--addressDetailDetailsCity1-inner\"]"}
RESULT: {"using":"xpath","value":"//*[@id=\"application-manageyards-display-component---NewYard--addressDetailDetailsCity1-inner\"]"}
COMMAND: POST /session/09f7b38f634ad4118b42a529d9c234e8/element/f.ED9B64560877B714BB030CF0107CFFD4.d.9BF6590F89711E4F2BC436185D8C3649.e.394/clear - {}
RESULT: {}
COMMAND: POST /session/09f7b38f634ad4118b42a529d9c234e8/element/f.ED9B64560877B714BB030CF0107CFFD4.d.9BF6590F89711E4F2BC436185D8C3649.e.394/value - {"text":"Bucuresti"}
COMMAND: GET /session/09f7b38f634ad4118b42a529d9c234e8/screenshot - {}
RESULT: {"text":"Bucuresti"}
COMMAND: GET /session/09f7b38f634ad4118b42a529d9c234e8/screenshot - {}
RESULT: {}
RESULT: {}
COMMAND: POST /session/09f7b38f634ad4118b42a529d9c234e8/element - {"using":"xpath","value":"//*[@id=\"application-manageyards-display-component---NewYard--addressDetailDetailsCountry-inner\"]"}
RESULT: {"using":"xpath","value":"//*[@id=\"application-manageyards-display-component---NewYard--addressDetailDetailsCountry-inner\"]"}
COMMAND: POST /session/09f7b38f634ad4118b42a529d9c234e8/element/f.ED9B64560877B714BB030CF0107CFFD4.d.9BF6590F89711E4F2BC436185D8C3649.e.398/clear - {}
RESULT: {}
COMMAND: POST /session/09f7b38f634ad4118b42a529d9c234e8/element/f.ED9B64560877B714BB030CF0107CFFD4.d.9BF6590F89711E4F2BC436185D8C3649.e.398/value - {"text":"Romania"}
COMMAND: GET /session/09f7b38f634ad4118b42a529d9c234e8/screenshot - {}
RESULT: {"text":"Romania"}
COMMAND: GET /session/09f7b38f634ad4118b42a529d9c234e8/screenshot - {}
RESULT: {}
RESULT: {}
COMMAND: POST /session/09f7b38f634ad4118b42a529d9c234e8/element - {"using":"xpath","value":"//div[contains(text(), \"Commercial\")]"}
RESULT: {"using":"xpath","value":"//div[contains(text(), \"Commercial\")]"}
COMMAND: GET /session/09f7b38f634ad4118b42a529d9c234e8/element/f.ED9B64560877B714BB030CF0107CFFD4.d.9BF6590F89711E4F2BC436185D8C3649.e.548/rect - {}
RESULT: {}
COMMAND: GET /session/09f7b38f634ad4118b42a529d9c234e8/window/rect - {}
RESULT: {}
COMMAND: POST /session/09f7b38f634ad4118b42a529d9c234e8/execute/sync - {"script":"<script> [92 bytes]","args":[]}
RESULT: {"script":"<script> [92 bytes]","args":[]}
COMMAND: POST /session/09f7b38f634ad4118b42a529d9c234e8/actions - {"actions":[{"id":"action1","type":"wheel","parameters":{},"actions":[{"type":"scroll","x":-1841,"y":-44,"deltaX":0,"deltaY":0,"duration":0,"origin":{"element-6066-11e4-a52e-4f735466cecf":"f.ED9B64560877B714BB030CF0107CFFD4.d.9BF6590F89711E4F2BC436185D8C3649.e.548"}}]}]}
COMMAND: GET /session/09f7b38f634ad4118b42a529d9c234e8/screenshot - {}
RESULT: {}
COMMAND: POST /session/09f7b38f634ad4118b42a529d9c234e8/execute/sync - {"script":"<script> [79 bytes]","args":[{"element-6066-11e4-a52e-4f735466cecf":"f.ED9B64560877B714BB030CF0107CFFD4.d.9BF6590F89711E4F2BC436185D8C3649.e.548","ELEMENT":"f.ED9B64560877B714BB030CF0107CFFD4.d.9BF6590F89711E4F2BC436185D8C3649.e.548"},{"block":"start","inline":"nearest"}]}
RESULT: {"script":"<script> [79 bytes]","args":[{"element-6066-11e4-a52e-4f735466cecf":"f.ED9B64560877B714BB030CF0107CFFD4.d.9BF6590F89711E4F2BC436185D8C3649.e.548","ELEMENT":"f.ED9B64560877B714BB030CF0107CFFD4.d.9BF6590F89711E4F2BC436185D8C3649.e.548"},{"block":"start","inline":"nearest"}]}
COMMAND: GET /session/09f7b38f634ad4118b42a529d9c234e8/screenshot - {}
RESULT: {}
COMMAND: POST /session/09f7b38f634ad4118b42a529d9c234e8/execute/async - {"script":"<script> [1562 bytes]","args":[{"selector":{"id":"application-manageyards-display-component---NewYard--addressEditDetailsCostObjectCstType-arrow"},"wdio_ui5_key":"applicationmanageyards-display-component---NewYard--addressEditDetailsCostObjectCstType-arrow"}]}
RESULT: {"script":"<script> [1562 bytes]","args":[{"selector":{"id":"application-manageyards-display-component---NewYard--addressEditDetailsCostObjectCstType-arrow"},"wdio_ui5_key":"applicationmanageyards-display-component---NewYard--addressEditDetailsCostObjectCstType-arrow"}]}
RESULT: undefined
COMMAND: POST /session/09f7b38f634ad4118b42a529d9c234e8/element - {"using":"xpath","value":"//*[@id=\"application-manageyards-display-component---NewYard--addressEditDetailsCostObjectCstType-arrow\"]"}
RESULT: {"using":"xpath","value":"//*[@id=\"application-manageyards-display-component---NewYard--addressEditDetailsCostObjectCstType-arrow\"]"}
COMMAND: POST /session/09f7b38f634ad4118b42a529d9c234e8/element/f.ED9B64560877B714BB030CF0107CFFD4.d.9BF6590F89711E4F2BC436185D8C3649.e.556/click - {}
RESULT: {}
COMMAND: POST /session/09f7b38f634ad4118b42a529d9c234e8/element - {"using":"xpath","value":"//span[contains(text(), \"Cost Center\")]"}
COMMAND: GET /session/09f7b38f634ad4118b42a529d9c234e8/screenshot - {}
RESULT: {"using":"xpath","value":"//span[contains(text(), \"Cost Center\")]"}
COMMAND: POST /session/09f7b38f634ad4118b42a529d9c234e8/element/f.ED9B64560877B714BB030CF0107CFFD4.d.9BF6590F89711E4F2BC436185D8C3649.e.557/click - {}
RESULT: {}
RESULT: {}
COMMAND: GET /session/09f7b38f634ad4118b42a529d9c234e8/screenshot - {}
RESULT: {}
COMMAND: POST /session/09f7b38f634ad4118b42a529d9c234e8/execute/async - {"script":"<script> [1562 bytes]","args":[{"selector":{"id":"application-manageyards-display-component---NewYard--addressNewCostObjectCstID-vhi"},"wdio_ui5_key":"applicationmanageyards-display-component---NewYard--addressNewCostObjectCstID-vhi"}]}
RESULT: {"script":"<script> [1562 bytes]","args":[{"selector":{"id":"application-manageyards-display-component---NewYard--addressNewCostObjectCstID-vhi"},"wdio_ui5_key":"applicationmanageyards-display-component---NewYard--addressNewCostObjectCstID-vhi"}]}
RESULT: undefined
COMMAND: POST /session/09f7b38f634ad4118b42a529d9c234e8/element - {"using":"xpath","value":"//*[@id=\"application-manageyards-display-component---NewYard--addressNewCostObjectCstID-vhi\"]"}
RESULT: {"using":"xpath","value":"//*[@id=\"application-manageyards-display-component---NewYard--addressNewCostObjectCstID-vhi\"]"}
COMMAND: POST /session/09f7b38f634ad4118b42a529d9c234e8/element/f.ED9B64560877B714BB030CF0107CFFD4.d.9BF6590F89711E4F2BC436185D8C3649.e.572/click - {}
RESULT: {}
COMMAND: GET /session/09f7b38f634ad4118b42a529d9c234e8/screenshot - {}
RESULT: {}
COMMAND: POST /session/09f7b38f634ad4118b42a529d9c234e8/execute/async - {"script":"<script> [1562 bytes]","args":[{"selector":{"controlType":"sap.m.SearchField","properties":{"placeholder":"Search"},"searchOpenDialogs":true,"interaction":{"idSuffix":"I"}},"wdio_ui5_key":"sapm.SearchField{\"placeholder\":\"Search\"}"}]}
RESULT: {"script":"<script> [1562 bytes]","args":[{"selector":{"controlType":"sap.m.SearchField","properties":{"placeholder":"Search"},"searchOpenDialogs":true,"interaction":{"idSuffix":"I"}},"wdio_ui5_key":"sapm.SearchField{\"placeholder\":\"Search\"}"}]}
RESULT: undefined
COMMAND: POST /session/09f7b38f634ad4118b42a529d9c234e8/execute/async - {"script":"<script> [776 bytes]","args":[{"enterText":"10001013","selector":{"controlType":"sap.m.SearchField","properties":{"placeholder":"Search"},"searchOpenDialogs":true,"interaction":{"idSuffix":"I"}},"clearTextFirst":true,"interactionType":"ENTER_TEXT"}]}
RESULT: {"script":"<script> [776 bytes]","args":[{"enterText":"10001013","selector":{"controlType":"sap.m.SearchField","properties":{"placeholder":"Search"},"searchOpenDialogs":true,"interaction":{"idSuffix":"I"}},"clearTextFirst":true,"interactionType":"ENTER_TEXT"}]}
COMMAND: POST /session/09f7b38f634ad4118b42a529d9c234e8/actions - {"actions":[{"id":"action2","type":"key","parameters":{},"actions":[{"type":"keyDown","value":"î€‡"},{"type":"pause","duration":10},{"type":"keyUp","value":"î€‡"}]}]}
RESULT: {"actions":[{"id":"action2","type":"key","parameters":{},"actions":[{"type":"keyDown","value":"î€‡"},{"type":"pause","duration":10},{"type":"keyUp","value":"î€‡"}]}]}
COMMAND: GET /session/09f7b38f634ad4118b42a529d9c234e8/screenshot - {}
RESULT: {}
COMMAND: POST /session/09f7b38f634ad4118b42a529d9c234e8/element - {"using":"xpath","value":"//span[contains(text(), \"General Management\")]"}
RESULT: {"using":"xpath","value":"//span[contains(text(), \"General Management\")]"}
COMMAND: POST /session/09f7b38f634ad4118b42a529d9c234e8/element/f.ED9B64560877B714BB030CF0107CFFD4.d.9BF6590F89711E4F2BC436185D8C3649.e.613/click - {}
RESULT: {}
COMMAND: GET /session/09f7b38f634ad4118b42a529d9c234e8/screenshot - {}
RESULT: {}
COMMAND: POST /session/09f7b38f634ad4118b42a529d9c234e8/element - {"using":"xpath","value":"//bdi[contains(text(), \"OK\")]"}
RESULT: {"using":"xpath","value":"//bdi[contains(text(), \"OK\")]"}
COMMAND: POST /session/09f7b38f634ad4118b42a529d9c234e8/element/f.ED9B64560877B714BB030CF0107CFFD4.d.9BF6590F89711E4F2BC436185D8C3649.e.614/click - {}
RESULT: {}
COMMAND: GET /session/09f7b38f634ad4118b42a529d9c234e8/screenshot - {}
RESULT: {}
COMMAND: POST /session/09f7b38f634ad4118b42a529d9c234e8/execute/async - {"script":"<script> [1562 bytes]","args":[{"selector":{"controlType":"sap.m.Button","viewName":"etm.portal.ui.manageyards.view.New","viewId":"application-manageyards-display-component---NewYard","i18NText":{"propertyName":"text","key":"save"},"interaction":{"idSuffix":"inner"}},"wdio_ui5_key":"etmportal.ui.manageyards.view.Newsap.m.Button{\"propertyName\":\"text\",\"key\":\"save\"}"}]}
RESULT: {"script":"<script> [1562 bytes]","args":[{"selector":{"controlType":"sap.m.Button","viewName":"etm.portal.ui.manageyards.view.New","viewId":"application-manageyards-display-component---NewYard","i18NText":{"propertyName":"text","key":"save"},"interaction":{"idSuffix":"inner"}},"wdio_ui5_key":"etmportal.ui.manageyards.view.Newsap.m.Button{\"propertyName\":\"text\",\"key\":\"save\"}"}]}
RESULT: undefined
COMMAND: POST /session/09f7b38f634ad4118b42a529d9c234e8/element - {"using":"xpath","value":"//*[@id=\"__button18\"]"}
RESULT: {"using":"xpath","value":"//*[@id=\"__button18\"]"}
COMMAND: POST /session/09f7b38f634ad4118b42a529d9c234e8/element/f.ED9B64560877B714BB030CF0107CFFD4.d.9BF6590F89711E4F2BC436185D8C3649.e.515/click - {}
RESULT: {}
COMMAND: GET /session/09f7b38f634ad4118b42a529d9c234e8/screenshot - {}
RESULT: {}
COMMAND: POST /session/09f7b38f634ad4118b42a529d9c234e8/element - {"using":"xpath","value":"//header/div/div[2]/div[2]/span"}
RESULT: {"using":"xpath","value":"//header/div/div[2]/div[2]/span"}
COMMAND: GET /session/09f7b38f634ad4118b42a529d9c234e8/element/f.ED9B64560877B714BB030CF0107CFFD4.d.9BF6590F89711E4F2BC436185D8C3649.e.803/text - {}
RESULT: {}
COMMAND: POST /session/09f7b38f634ad4118b42a529d9c234e8/execute/async - {"script":"<script> [1562 bytes]","args":[{"selector":{"controlType":"sap.m.OverflowToolbarButton","viewName":"etm.portal.ui.manageyards.view.Detail","viewId":"application-manageyards-display-component---detailYard","i18NText":{"propertyName":"tooltip","key":"closeColumn"},"interaction":{"idSuffix":"inner"}},"wdio_ui5_key":"etmportal.ui.manageyards.view.Detailsap.m.OverflowToolbarButton{\"propertyName\":\"tooltip\",\"key\":\"closeColumn\"}"}]}
RESULT: {"script":"<script> [1562 bytes]","args":[{"selector":{"controlType":"sap.m.OverflowToolbarButton","viewName":"etm.portal.ui.manageyards.view.Detail","viewId":"application-manageyards-display-component---detailYard","i18NText":{"propertyName":"tooltip","key":"closeColumn"},"interaction":{"idSuffix":"inner"}},"wdio_ui5_key":"etmportal.ui.manageyards.view.Detailsap.m.OverflowToolbarButton{\"propertyName\":\"tooltip\",\"key\":\"closeColumn\"}"}]}
RESULT: undefined
COMMAND: POST /session/09f7b38f634ad4118b42a529d9c234e8/element - {"using":"xpath","value":"//*[@id=\"__button40\"]"}
RESULT: {"using":"xpath","value":"//*[@id=\"__button40\"]"}
COMMAND: POST /session/09f7b38f634ad4118b42a529d9c234e8/element/f.ED9B64560877B714BB030CF0107CFFD4.d.9BF6590F89711E4F2BC436185D8C3649.e.805/click - {}
RESULT: {}
COMMAND: GET /session/09f7b38f634ad4118b42a529d9c234e8/screenshot - {}
RESULT: {}
COMMAND: POST /session/09f7b38f634ad4118b42a529d9c234e8/element - {"using":"css selector","value":"#shell-header-logo"}
RESULT: {"using":"css selector","value":"#shell-header-logo"}
COMMAND: POST /session/09f7b38f634ad4118b42a529d9c234e8/element/f.ED9B64560877B714BB030CF0107CFFD4.d.9BF6590F89711E4F2BC436185D8C3649.e.111/click - {}
RESULT: {}
COMMAND: GET /session/09f7b38f634ad4118b42a529d9c234e8/screenshot - {}
RESULT: {}
COMMAND: POST /session/09f7b38f634ad4118b42a529d9c234e8/refresh - {}
RESULT: {}
COMMAND: GET /session/09f7b38f634ad4118b42a529d9c234e8/screenshot - {}
RESULT: {}
COMMAND: POST /session/09f7b38f634ad4118b42a529d9c234e8/execute/async - {"script":"<script> [189 bytes]","args":[]}
RESULT: {"script":"<script> [189 bytes]","args":[]}
COMMAND: POST /session/09f7b38f634ad4118b42a529d9c234e8/execute/async - {"script":"<script> [123 bytes]","args":[]}
RESULT: {"script":"<script> [123 bytes]","args":[]}
COMMAND: POST /session/09f7b38f634ad4118b42a529d9c234e8/timeouts - {"script":"<number>"}
RESULT: {"script":"<number>"}
COMMAND: GET /session/09f7b38f634ad4118b42a529d9c234e8/timeouts - {}
RESULT: {}
RESULT: undefined
COMMAND: POST /session/09f7b38f634ad4118b42a529d9c234e8/execute/async - {"script":"<script> [2676 bytes]","args":[]}
RESULT: {"script":"<script> [2676 bytes]","args":[]}
COMMAND: POST /session/09f7b38f634ad4118b42a529d9c234e8/execute/async - {"script":"<script> [2342 bytes]","args":[{"protocol":"http","hostname":"0.0.0.0","path":"/","capabilities":{"browserName":"chrome","goog:chromeOptions":{"binary":"C:\\Program Files\\Google\\Chrome\\Application\\chrome.exe","args":["--start-maximized"]}},"logLevel":"warn","connectionRetryTimeout":120000,"connectionRetryCount":3,"logLevels":{},"enableDirectConnect":true,"strictSSL":true,"_":"65 more keys: [\"cacheDir\",\"port\",\"requestedCapabilities\",\"automationProtocol\",\"baseUrl\",\"waitforInterval\",\"waitforTimeout\",\"onReload\",\"beforeCommand\",\"afterCommand\",\"rootDir\",\"specs\",\"suites\",\"exclude\",\"groupLogsByTestSpec\",\"excludeDriverLogs\",\"bail\",\"framework\",\"reporters\",\"services\",\"maxInstances\",\"maxInstancesPerCapability\",\"injectGlobals\",\"filesToWatch\",\"execArgv\",\"runnerEnv\",\"runner\",\"shard\",\"specFileRetries\",\"specFileRetriesDelay\",\"specFileRetriesDeferred\",\"reporterSyncInterval\",\"reporterSyncTimeout\",\"cucumberFeaturesWithLineNumbers\",\"autoCompileOpts\",\"mochaOpts\",\"jasmineOpts\",\"cucumberOpts\",\"onPrepare\",\"onWorkerStart\",\"onWorkerEnd\",\"before\",\"beforeSession\",\"beforeSuite\",\"beforeHook\",\"beforeTest\",\"afterTest\",\"afterHook\",\"afterSuite\",\"afterSession\",\"after\",\"onComplete\",\"beforeAssertion\",\"afterAssertion\",\"beforeFeature\",\"beforeScenario\",\"beforeStep\",\"afterStep\",\"afterScenario\",\"afterFeature\",\"_\",\"suite\",\"$0\",\"ignoredWorkerServices\",\"wdi5\"]"}]}
RESULT: {"script":"<script> [2342 bytes]","args":[{"protocol":"http","hostname":"0.0.0.0","path":"/","capabilities":{"browserName":"chrome","goog:chromeOptions":{"binary":"C:\\Program Files\\Google\\Chrome\\Application\\chrome.exe","args":["--start-maximized"]}},"logLevel":"warn","connectionRetryTimeout":120000,"connectionRetryCount":3,"logLevels":{},"enableDirectConnect":true,"strictSSL":true,"_":"65 more keys: [\"cacheDir\",\"port\",\"requestedCapabilities\",\"automationProtocol\",\"baseUrl\",\"waitforInterval\",\"waitforTimeout\",\"onReload\",\"beforeCommand\",\"afterCommand\",\"rootDir\",\"specs\",\"suites\",\"exclude\",\"groupLogsByTestSpec\",\"excludeDriverLogs\",\"bail\",\"framework\",\"reporters\",\"services\",\"maxInstances\",\"maxInstancesPerCapability\",\"injectGlobals\",\"filesToWatch\",\"execArgv\",\"runnerEnv\",\"runner\",\"shard\",\"specFileRetries\",\"specFileRetriesDelay\",\"specFileRetriesDeferred\",\"reporterSyncInterval\",\"reporterSyncTimeout\",\"cucumberFeaturesWithLineNumbers\",\"autoCompileOpts\",\"mochaOpts\",\"jasmineOpts\",\"cucumberOpts\",\"onPrepare\",\"onWorkerStart\",\"onWorkerEnd\",\"before\",\"beforeSession\",\"beforeSuite\",\"beforeHook\",\"beforeTest\",\"afterTest\",\"afterHook\",\"afterSuite\",\"afterSession\",\"after\",\"onComplete\",\"beforeAssertion\",\"afterAssertion\",\"beforeFeature\",\"beforeScenario\",\"beforeStep\",\"afterStep\",\"afterScenario\",\"afterFeature\",\"_\",\"suite\",\"$0\",\"ignoredWorkerServices\",\"wdi5\"]"}]}
COMMAND: POST /session/09f7b38f634ad4118b42a529d9c234e8/execute/async - {"script":"<script> [21126 bytes]","args":[35000]}
RESULT: {"script":"<script> [21126 bytes]","args":[35000]}
COMMAND: POST /session/09f7b38f634ad4118b42a529d9c234e8/execute/async - {"script":"<script> [1562 bytes]","args":[{"selector":{"controlType":"sap.m.GenericTile","properties":{"header":"Manage Sites"}},"wdio_ui5_key":"sapm.GenericTile{\"header\":\"Manage Sites\"}"}]}
RESULT: {"script":"<script> [1562 bytes]","args":[{"selector":{"controlType":"sap.m.GenericTile","properties":{"header":"Manage Sites"}},"wdio_ui5_key":"sapm.GenericTile{\"header\":\"Manage Sites\"}"}]}
RESULT: undefined
COMMAND: POST /session/09f7b38f634ad4118b42a529d9c234e8/element - {"using":"xpath","value":"//*[@id=\"__tile40\"]"}
RESULT: {"using":"xpath","value":"//*[@id=\"__tile40\"]"}
COMMAND: POST /session/09f7b38f634ad4118b42a529d9c234e8/element/f.ED9B64560877B714BB030CF0107CFFD4.d.955C62414638CC9EFBD10E22936BD0B1.e.1157/click - {}
RESULT: {}
COMMAND: GET /session/09f7b38f634ad4118b42a529d9c234e8/screenshot - {}
RESULT: {}
COMMAND: POST /session/09f7b38f634ad4118b42a529d9c234e8/elements - {"using":"xpath","value":"//span[text()='Error']"}
RESULT: {"using":"xpath","value":"//span[text()='Error']"}
COMMAND: POST /session/09f7b38f634ad4118b42a529d9c234e8/execute/async - {"script":"<script> [1562 bytes]","args":[{"selector":{"controlType":"sap.ui.core.Icon","viewName":"etm.portal.ui.managesites.view.Master","viewId":"application-managesites-display-component---masterSite","properties":{"src":{"regex":{"source":"add"}}}},"wdio_ui5_key":"etmportal.ui.managesites.view.Mastersap.ui.core.Icon{\"src\":{\"regex\":{\"source\":\"add\"}}}"}]}
RESULT: {"script":"<script> [1562 bytes]","args":[{"selector":{"controlType":"sap.ui.core.Icon","viewName":"etm.portal.ui.managesites.view.Master","viewId":"application-managesites-display-component---masterSite","properties":{"src":{"regex":{"source":"add"}}}},"wdio_ui5_key":"etmportal.ui.managesites.view.Mastersap.ui.core.Icon{\"src\":{\"regex\":{\"source\":\"add\"}}}"}]}
RESULT: undefined
COMMAND: POST /session/09f7b38f634ad4118b42a529d9c234e8/element - {"using":"xpath","value":"//*[@id=\"__button4-img\"]"}
RESULT: {"using":"xpath","value":"//*[@id=\"__button4-img\"]"}
COMMAND: POST /session/09f7b38f634ad4118b42a529d9c234e8/element/f.ED9B64560877B714BB030CF0107CFFD4.d.955C62414638CC9EFBD10E22936BD0B1.e.1206/click - {}
RESULT: {}
COMMAND: POST /session/09f7b38f634ad4118b42a529d9c234e8/execute/async - {"script":"<script> [1562 bytes]","args":[{"selector":{"id":"application-managesites-display-component---NewSite--siteId","interaction":{"idSuffix":"inner"}},"wdio_ui5_key":"applicationmanagesites-display-component---NewSite--siteId"}]}
COMMAND: GET /session/09f7b38f634ad4118b42a529d9c234e8/screenshot - {}
RESULT: {"script":"<script> [1562 bytes]","args":[{"selector":{"id":"application-managesites-display-component---NewSite--siteId","interaction":{"idSuffix":"inner"}},"wdio_ui5_key":"applicationmanagesites-display-component---NewSite--siteId"}]}
RESULT: undefined
COMMAND: POST /session/09f7b38f634ad4118b42a529d9c234e8/execute/async - {"script":"<script> [1562 bytes]","args":[{"selector":{"id":"application-managesites-display-component---NewSite--addressDetailDetailsName1","interaction":{"idSuffix":"inner"}},"wdio_ui5_key":"applicationmanagesites-display-component---NewSite--addressDetailDetailsName1"}]}
RESULT: {}
RESULT: {"script":"<script> [1562 bytes]","args":[{"selector":{"id":"application-managesites-display-component---NewSite--addressDetailDetailsName1","interaction":{"idSuffix":"inner"}},"wdio_ui5_key":"applicationmanagesites-display-component---NewSite--addressDetailDetailsName1"}]}
RESULT: undefined
COMMAND: POST /session/09f7b38f634ad4118b42a529d9c234e8/execute/async - {"script":"<script> [776 bytes]","args":[{"enterText":"WebdriverSitef2xgm","selector":{"id":"application-managesites-display-component---NewSite--addressDetailDetailsName1","interaction":{"idSuffix":"inner"}},"clearTextFirst":true,"interactionType":"ENTER_TEXT"}]}
RESULT: {"script":"<script> [776 bytes]","args":[{"enterText":"WebdriverSitef2xgm","selector":{"id":"application-managesites-display-component---NewSite--addressDetailDetailsName1","interaction":{"idSuffix":"inner"}},"clearTextFirst":true,"interactionType":"ENTER_TEXT"}]}
COMMAND: POST /session/09f7b38f634ad4118b42a529d9c234e8/execute/async - {"script":"<script> [1562 bytes]","args":[{"selector":{"id":"application-managesites-display-component---NewSite--addressDetailDetailsLanguage","interaction":{"idSuffix":"inner"}},"wdio_ui5_key":"applicationmanagesites-display-component---NewSite--addressDetailDetailsLanguage"}]}
RESULT: {"script":"<script> [1562 bytes]","args":[{"selector":{"id":"application-managesites-display-component---NewSite--addressDetailDetailsLanguage","interaction":{"idSuffix":"inner"}},"wdio_ui5_key":"applicationmanagesites-display-component---NewSite--addressDetailDetailsLanguage"}]}
RESULT: undefined
COMMAND: POST /session/09f7b38f634ad4118b42a529d9c234e8/execute/async - {"script":"<script> [776 bytes]","args":[{"enterText":"Romanian","selector":{"id":"application-managesites-display-component---NewSite--addressDetailDetailsLanguage","interaction":{"idSuffix":"inner"}},"clearTextFirst":true,"interactionType":"ENTER_TEXT"}]}
RESULT: {"script":"<script> [776 bytes]","args":[{"enterText":"Romanian","selector":{"id":"application-managesites-display-component---NewSite--addressDetailDetailsLanguage","interaction":{"idSuffix":"inner"}},"clearTextFirst":true,"interactionType":"ENTER_TEXT"}]}
COMMAND: POST /session/09f7b38f634ad4118b42a529d9c234e8/execute/async - {"script":"<script> [1562 bytes]","args":[{"selector":{"id":"application-managesites-display-component---NewSite--addressDetailDetailsCity1","interaction":{"idSuffix":"inner"}},"wdio_ui5_key":"applicationmanagesites-display-component---NewSite--addressDetailDetailsCity1"}]}
RESULT: {"script":"<script> [1562 bytes]","args":[{"selector":{"id":"application-managesites-display-component---NewSite--addressDetailDetailsCity1","interaction":{"idSuffix":"inner"}},"wdio_ui5_key":"applicationmanagesites-display-component---NewSite--addressDetailDetailsCity1"}]}
RESULT: undefined
COMMAND: POST /session/09f7b38f634ad4118b42a529d9c234e8/execute/async - {"script":"<script> [776 bytes]","args":[{"enterText":"Bucharest","selector":{"id":"application-managesites-display-component---NewSite--addressDetailDetailsCity1","interaction":{"idSuffix":"inner"}},"clearTextFirst":true,"interactionType":"ENTER_TEXT"}]}
RESULT: {"script":"<script> [776 bytes]","args":[{"enterText":"Bucharest","selector":{"id":"application-managesites-display-component---NewSite--addressDetailDetailsCity1","interaction":{"idSuffix":"inner"}},"clearTextFirst":true,"interactionType":"ENTER_TEXT"}]}
COMMAND: POST /session/09f7b38f634ad4118b42a529d9c234e8/execute/async - {"script":"<script> [1562 bytes]","args":[{"selector":{"id":"application-managesites-display-component---NewSite--addressDetailDetailsCountry","interaction":{"idSuffix":"inner"}},"wdio_ui5_key":"applicationmanagesites-display-component---NewSite--addressDetailDetailsCountry"}]}
RESULT: {"script":"<script> [1562 bytes]","args":[{"selector":{"id":"application-managesites-display-component---NewSite--addressDetailDetailsCountry","interaction":{"idSuffix":"inner"}},"wdio_ui5_key":"applicationmanagesites-display-component---NewSite--addressDetailDetailsCountry"}]}
RESULT: undefined
COMMAND: POST /session/09f7b38f634ad4118b42a529d9c234e8/execute/async - {"script":"<script> [776 bytes]","args":[{"enterText":"Romania","selector":{"id":"application-managesites-display-component---NewSite--addressDetailDetailsCountry","interaction":{"idSuffix":"inner"}},"clearTextFirst":true,"interactionType":"ENTER_TEXT"}]}
RESULT: {"script":"<script> [776 bytes]","args":[{"enterText":"Romania","selector":{"id":"application-managesites-display-component---NewSite--addressDetailDetailsCountry","interaction":{"idSuffix":"inner"}},"clearTextFirst":true,"interactionType":"ENTER_TEXT"}]}
COMMAND: POST /session/09f7b38f634ad4118b42a529d9c234e8/element - {"using":"css selector","value":"#application-managesites-display-component---NewSite--addressDetailDetailsCalendar-inner"}
RESULT: {"using":"css selector","value":"#application-managesites-display-component---NewSite--addressDetailDetailsCalendar-inner"}
COMMAND: POST /session/09f7b38f634ad4118b42a529d9c234e8/element/f.ED9B64560877B714BB030CF0107CFFD4.d.955C62414638CC9EFBD10E22936BD0B1.e.1337/clear - {}
RESULT: {}
COMMAND: POST /session/09f7b38f634ad4118b42a529d9c234e8/element/f.ED9B64560877B714BB030CF0107CFFD4.d.955C62414638CC9EFBD10E22936BD0B1.e.1337/value - {"text":"Germany"}
COMMAND: GET /session/09f7b38f634ad4118b42a529d9c234e8/screenshot - {}
RESULT: {"text":"Germany"}
COMMAND: POST /session/09f7b38f634ad4118b42a529d9c234e8/execute/async - {"script":"<script> [1562 bytes]","args":[{"selector":{"id":"application-managesites-display-component---NewSite--addressEditDetailsCostObjectCstType-arrow"},"wdio_ui5_key":"applicationmanagesites-display-component---NewSite--addressEditDetailsCostObjectCstType-arrow"}]}
COMMAND: GET /session/09f7b38f634ad4118b42a529d9c234e8/screenshot - {}
RESULT: {}
RESULT: {"script":"<script> [1562 bytes]","args":[{"selector":{"id":"application-managesites-display-component---NewSite--addressEditDetailsCostObjectCstType-arrow"},"wdio_ui5_key":"applicationmanagesites-display-component---NewSite--addressEditDetailsCostObjectCstType-arrow"}]}
RESULT: undefined
COMMAND: POST /session/09f7b38f634ad4118b42a529d9c234e8/element - {"using":"xpath","value":"//*[@id=\"application-managesites-display-component---NewSite--addressEditDetailsCostObjectCstType-arrow\"]"}
RESULT: {}
RESULT: {"using":"xpath","value":"//*[@id=\"application-managesites-display-component---NewSite--addressEditDetailsCostObjectCstType-arrow\"]"}
COMMAND: POST /session/09f7b38f634ad4118b42a529d9c234e8/element/f.ED9B64560877B714BB030CF0107CFFD4.d.955C62414638CC9EFBD10E22936BD0B1.e.1485/click - {}
RESULT: {}
COMMAND: POST /session/09f7b38f634ad4118b42a529d9c234e8/element - {"using":"xpath","value":"//span[contains(text(), \"Work Breakdown Structure\")]"}
COMMAND: GET /session/09f7b38f634ad4118b42a529d9c234e8/screenshot - {}
RESULT: {"using":"xpath","value":"//span[contains(text(), \"Work Breakdown Structure\")]"}
COMMAND: POST /session/09f7b38f634ad4118b42a529d9c234e8/element/f.ED9B64560877B714BB030CF0107CFFD4.d.955C62414638CC9EFBD10E22936BD0B1.e.1486/click - {}
RESULT: {}
RESULT: {}
COMMAND: GET /session/09f7b38f634ad4118b42a529d9c234e8/screenshot - {}
RESULT: {}
COMMAND: POST /session/09f7b38f634ad4118b42a529d9c234e8/execute/async - {"script":"<script> [1562 bytes]","args":[{"selector":{"id":"application-managesites-display-component---NewSite--addressNewCostObjectCstID-vhi"},"wdio_ui5_key":"applicationmanagesites-display-component---NewSite--addressNewCostObjectCstID-vhi"}]}
RESULT: {"script":"<script> [1562 bytes]","args":[{"selector":{"id":"application-managesites-display-component---NewSite--addressNewCostObjectCstID-vhi"},"wdio_ui5_key":"applicationmanagesites-display-component---NewSite--addressNewCostObjectCstID-vhi"}]}
RESULT: undefined
COMMAND: POST /session/09f7b38f634ad4118b42a529d9c234e8/element - {"using":"xpath","value":"//*[@id=\"application-managesites-display-component---NewSite--addressNewCostObjectCstID-vhi\"]"}
RESULT: {"using":"xpath","value":"//*[@id=\"application-managesites-display-component---NewSite--addressNewCostObjectCstID-vhi\"]"}
COMMAND: POST /session/09f7b38f634ad4118b42a529d9c234e8/element/f.ED9B64560877B714BB030CF0107CFFD4.d.955C62414638CC9EFBD10E22936BD0B1.e.1491/click - {}
RESULT: {}
COMMAND: GET /session/09f7b38f634ad4118b42a529d9c234e8/screenshot - {}
RESULT: {}
COMMAND: POST /session/09f7b38f634ad4118b42a529d9c234e8/execute/async - {"script":"<script> [1562 bytes]","args":[{"selector":{"controlType":"sap.m.SearchField","properties":{"placeholder":"Search"},"searchOpenDialogs":true,"interaction":{"idSuffix":"I"}},"wdio_ui5_key":"sapm.SearchField{\"placeholder\":\"Search\"}"}]}
RESULT: {"script":"<script> [1562 bytes]","args":[{"selector":{"controlType":"sap.m.SearchField","properties":{"placeholder":"Search"},"searchOpenDialogs":true,"interaction":{"idSuffix":"I"}},"wdio_ui5_key":"sapm.SearchField{\"placeholder\":\"Search\"}"}]}
RESULT: undefined
COMMAND: POST /session/09f7b38f634ad4118b42a529d9c234e8/execute/async - {"script":"<script> [776 bytes]","args":[{"enterText":"A1-000100-01","selector":{"controlType":"sap.m.SearchField","properties":{"placeholder":"Search"},"searchOpenDialogs":true,"interaction":{"idSuffix":"I"}},"clearTextFirst":true,"interactionType":"ENTER_TEXT"}]}
RESULT: {"script":"<script> [776 bytes]","args":[{"enterText":"A1-000100-01","selector":{"controlType":"sap.m.SearchField","properties":{"placeholder":"Search"},"searchOpenDialogs":true,"interaction":{"idSuffix":"I"}},"clearTextFirst":true,"interactionType":"ENTER_TEXT"}]}
COMMAND: POST /session/09f7b38f634ad4118b42a529d9c234e8/actions - {"actions":[{"id":"action3","type":"key","parameters":{},"actions":[{"type":"keyDown","value":"î€‡"},{"type":"pause","duration":10},{"type":"keyUp","value":"î€‡"}]}]}
RESULT: {"actions":[{"id":"action3","type":"key","parameters":{},"actions":[{"type":"keyDown","value":"î€‡"},{"type":"pause","duration":10},{"type":"keyUp","value":"î€‡"}]}]}
COMMAND: GET /session/09f7b38f634ad4118b42a529d9c234e8/screenshot - {}
RESULT: {}
COMMAND: POST /session/09f7b38f634ad4118b42a529d9c234e8/element - {"using":"xpath","value":"//span[contains(text(), \"Template for ETO-Process\")]"}
RESULT: {"using":"xpath","value":"//span[contains(text(), \"Template for ETO-Process\")]"}
COMMAND: POST /session/09f7b38f634ad4118b42a529d9c234e8/element/f.ED9B64560877B714BB030CF0107CFFD4.d.955C62414638CC9EFBD10E22936BD0B1.e.1511/click - {}
RESULT: {}
COMMAND: GET /session/09f7b38f634ad4118b42a529d9c234e8/screenshot - {}
RESULT: {}
COMMAND: POST /session/09f7b38f634ad4118b42a529d9c234e8/element - {"using":"xpath","value":"//bdi[contains(text(), \"OK\")]"}
RESULT: {"using":"xpath","value":"//bdi[contains(text(), \"OK\")]"}
COMMAND: POST /session/09f7b38f634ad4118b42a529d9c234e8/element/f.ED9B64560877B714BB030CF0107CFFD4.d.955C62414638CC9EFBD10E22936BD0B1.e.1512/click - {}
RESULT: {}
COMMAND: GET /session/09f7b38f634ad4118b42a529d9c234e8/screenshot - {}
RESULT: {}
COMMAND: POST /session/09f7b38f634ad4118b42a529d9c234e8/element - {"using":"xpath","value":"//input[@id=\"application-managesites-display-component---NewSite--addressDetailDetailsYard-inner\"]"}
RESULT: {"using":"xpath","value":"//input[@id=\"application-managesites-display-component---NewSite--addressDetailDetailsYard-inner\"]"}
COMMAND: POST /session/09f7b38f634ad4118b42a529d9c234e8/element/f.ED9B64560877B714BB030CF0107CFFD4.d.955C62414638CC9EFBD10E22936BD0B1.e.1338/value - {"text":"192"}
RESULT: {"text":"192"}
COMMAND: GET /session/09f7b38f634ad4118b42a529d9c234e8/screenshot - {}
RESULT: {}
COMMAND: POST /session/09f7b38f634ad4118b42a529d9c234e8/actions - {"actions":[{"id":"action4","type":"key","parameters":{},"actions":[{"type":"keyDown","value":"î€‡"},{"type":"pause","duration":10},{"type":"keyUp","value":"î€‡"}]}]}
RESULT: {"actions":[{"id":"action4","type":"key","parameters":{},"actions":[{"type":"keyDown","value":"î€‡"},{"type":"pause","duration":10},{"type":"keyUp","value":"î€‡"}]}]}
COMMAND: GET /session/09f7b38f634ad4118b42a529d9c234e8/screenshot - {}
RESULT: {}
COMMAND: POST /session/09f7b38f634ad4118b42a529d9c234e8/element - {"using":"xpath","value":"//input[@id=\"application-managesites-display-component---NewSite--addressDetailDetailsPartner-inner\"]"}
RESULT: {"using":"xpath","value":"//input[@id=\"application-managesites-display-component---NewSite--addressDetailDetailsPartner-inner\"]"}
COMMAND: POST /session/09f7b38f634ad4118b42a529d9c234e8/elements - {"using":"xpath","value":"//input[@id=\"application-managesites-display-component---NewSite--addressDetailDetailsPartner-inner\"]"}
RESULT: {"using":"xpath","value":"//input[@id=\"application-managesites-display-component---NewSite--addressDetailDetailsPartner-inner\"]"}
COMMAND: POST /session/09f7b38f634ad4118b42a529d9c234e8/execute/async - {"script":"<script> [1562 bytes]","args":[{"selector":{"controlType":"sap.m.Button","viewName":"etm.portal.ui.managesites.view.NewSmartSite","viewId":"application-managesites-display-component---NewSite","properties":{"text":"Commercial"},"interaction":{"idSuffix":"BDI-content"}},"wdio_ui5_key":"etmportal.ui.managesites.view.NewSmartSitesap.m.Button{\"text\":\"Commercial\"}"}]}
RESULT: {"script":"<script> [1562 bytes]","args":[{"selector":{"controlType":"sap.m.Button","viewName":"etm.portal.ui.managesites.view.NewSmartSite","viewId":"application-managesites-display-component---NewSite","properties":{"text":"Commercial"},"interaction":{"idSuffix":"BDI-content"}},"wdio_ui5_key":"etmportal.ui.managesites.view.NewSmartSitesap.m.Button{\"text\":\"Commercial\"}"}]}
RESULT: undefined
COMMAND: POST /session/09f7b38f634ad4118b42a529d9c234e8/element - {"using":"xpath","value":"//*[@id=\"application-managesites-display-component---NewSite--ObjectPageLayout-anchBar-__section5-anchor\"]"}
RESULT: {"using":"xpath","value":"//*[@id=\"application-managesites-display-component---NewSite--ObjectPageLayout-anchBar-__section5-anchor\"]"}
COMMAND: POST /session/09f7b38f634ad4118b42a529d9c234e8/element/f.ED9B64560877B714BB030CF0107CFFD4.d.955C62414638CC9EFBD10E22936BD0B1.e.1519/click - {}
RESULT: {}
COMMAND: POST /session/09f7b38f634ad4118b42a529d9c234e8/execute/async - {"script":"<script> [1562 bytes]","args":[{"selector":{"controlType":"sap.m.Button","viewName":"etm.portal.ui.managesites.view.NewSmartSite","viewId":"application-managesites-display-component---NewSite","i18NText":{"propertyName":"text","key":"save"},"interaction":{"idSuffix":"BDI-content"}},"wdio_ui5_key":"etmportal.ui.managesites.view.NewSmartSitesap.m.Button{\"propertyName\":\"text\",\"key\":\"save\"}"}]}
COMMAND: GET /session/09f7b38f634ad4118b42a529d9c234e8/screenshot - {}
RESULT: {"script":"<script> [1562 bytes]","args":[{"selector":{"controlType":"sap.m.Button","viewName":"etm.portal.ui.managesites.view.NewSmartSite","viewId":"application-managesites-display-component---NewSite","i18NText":{"propertyName":"text","key":"save"},"interaction":{"idSuffix":"BDI-content"}},"wdio_ui5_key":"etmportal.ui.managesites.view.NewSmartSitesap.m.Button{\"propertyName\":\"text\",\"key\":\"save\"}"}]}
RESULT: undefined
COMMAND: POST /session/09f7b38f634ad4118b42a529d9c234e8/element - {"using":"xpath","value":"//*[@id=\"__button16\"]"}
RESULT: {}
RESULT: {"using":"xpath","value":"//*[@id=\"__button16\"]"}
COMMAND: POST /session/09f7b38f634ad4118b42a529d9c234e8/element/f.ED9B64560877B714BB030CF0107CFFD4.d.955C62414638CC9EFBD10E22936BD0B1.e.1436/click - {}
RESULT: {}
COMMAND: GET /session/09f7b38f634ad4118b42a529d9c234e8/screenshot - {}
RESULT: {}
COMMAND: POST /session/09f7b38f634ad4118b42a529d9c234e8/execute/async - {"script":"<script> [1562 bytes]","args":[{"selector":{"id":"application-managesites-display-component---detailSite--addressDetailDetailsYardText"},"wdio_ui5_key":"applicationmanagesites-display-component---detailSite--addressDetailDetailsYardText"}]}
RESULT: {"script":"<script> [1562 bytes]","args":[{"selector":{"id":"application-managesites-display-component---detailSite--addressDetailDetailsYardText"},"wdio_ui5_key":"applicationmanagesites-display-component---detailSite--addressDetailDetailsYardText"}]}
RESULT: undefined
COMMAND: POST /session/09f7b38f634ad4118b42a529d9c234e8/element - {"using":"xpath","value":"//header/div/div[2]/div[2]/span"}
RESULT: {"using":"xpath","value":"//header/div/div[2]/div[2]/span"}
COMMAND: GET /session/09f7b38f634ad4118b42a529d9c234e8/element/f.ED9B64560877B714BB030CF0107CFFD4.d.955C62414638CC9EFBD10E22936BD0B1.e.1667/text - {}
RESULT: {}
COMMAND: POST /session/09f7b38f634ad4118b42a529d9c234e8/element - {"using":"xpath","value":"//header/div/div/div/div/div/div[2]/div/span"}
RESULT: {"using":"xpath","value":"//header/div/div/div/div/div/div[2]/div/span"}
COMMAND: GET /session/09f7b38f634ad4118b42a529d9c234e8/element/f.ED9B64560877B714BB030CF0107CFFD4.d.955C62414638CC9EFBD10E22936BD0B1.e.1668/text - {}
RESULT: {}
COMMAND: POST /session/09f7b38f634ad4118b42a529d9c234e8/element - {"using":"css selector","value":"#shell-header-logo"}
RESULT: {"using":"css selector","value":"#shell-header-logo"}
COMMAND: POST /session/09f7b38f634ad4118b42a529d9c234e8/element/f.ED9B64560877B714BB030CF0107CFFD4.d.955C62414638CC9EFBD10E22936BD0B1.e.1159/click - {}
RESULT: {}
COMMAND: GET /session/09f7b38f634ad4118b42a529d9c234e8/screenshot - {}
RESULT: {}
COMMAND: POST /session/09f7b38f634ad4118b42a529d9c234e8/execute/async - {"script":"<script> [1562 bytes]","args":[{"selector":{"controlType":"sap.m.GenericTile","properties":{"header":"Manage Partners"}},"wdio_ui5_key":"sapm.GenericTile{\"header\":\"Manage Partners\"}"}]}
RESULT: {"script":"<script> [1562 bytes]","args":[{"selector":{"controlType":"sap.m.GenericTile","properties":{"header":"Manage Partners"}},"wdio_ui5_key":"sapm.GenericTile{\"header\":\"Manage Partners\"}"}]}
RESULT: undefined
COMMAND: POST /session/09f7b38f634ad4118b42a529d9c234e8/element - {"using":"xpath","value":"//*[@id=\"__tile38\"]"}
RESULT: {"using":"xpath","value":"//*[@id=\"__tile38\"]"}
COMMAND: POST /session/09f7b38f634ad4118b42a529d9c234e8/element/f.ED9B64560877B714BB030CF0107CFFD4.d.955C62414638CC9EFBD10E22936BD0B1.e.1144/click - {}
RESULT: {}
COMMAND: GET /session/09f7b38f634ad4118b42a529d9c234e8/screenshot - {}
RESULT: {}
COMMAND: POST /session/09f7b38f634ad4118b42a529d9c234e8/elements - {"using":"xpath","value":"//span[text()='Error']"}
RESULT: {"using":"xpath","value":"//span[text()='Error']"}
COMMAND: POST /session/09f7b38f634ad4118b42a529d9c234e8/execute/async - {"script":"<script> [1562 bytes]","args":[{"selector":{"controlType":"sap.ui.core.Icon","viewName":"etm.portal.ui.managepartners.view.Master","viewId":"application-managepartners-display-component---masterPtm","properties":{"src":{"regex":{"source":"add"}}}},"wdio_ui5_key":"etmportal.ui.managepartners.view.Mastersap.ui.core.Icon{\"src\":{\"regex\":{\"source\":\"add\"}}}"}]}
RESULT: {"script":"<script> [1562 bytes]","args":[{"selector":{"controlType":"sap.ui.core.Icon","viewName":"etm.portal.ui.managepartners.view.Master","viewId":"application-managepartners-display-component---masterPtm","properties":{"src":{"regex":{"source":"add"}}}},"wdio_ui5_key":"etmportal.ui.managepartners.view.Mastersap.ui.core.Icon{\"src\":{\"regex\":{\"source\":\"add\"}}}"}]}
RESULT: undefined
COMMAND: POST /session/09f7b38f634ad4118b42a529d9c234e8/element - {"using":"xpath","value":"//*[@id=\"__button56-img\"]"}
RESULT: {"using":"xpath","value":"//*[@id=\"__button56-img\"]"}
COMMAND: POST /session/09f7b38f634ad4118b42a529d9c234e8/element/f.ED9B64560877B714BB030CF0107CFFD4.d.955C62414638CC9EFBD10E22936BD0B1.e.1718/click - {}
RESULT: {}
COMMAND: GET /session/09f7b38f634ad4118b42a529d9c234e8/screenshot - {}
RESULT: {}
COMMAND: POST /session/09f7b38f634ad4118b42a529d9c234e8/execute/async - {"script":"<script> [1562 bytes]","args":[{"selector":{"id":"application-managepartners-display-component---NewPartner--partnerId","interaction":{"idSuffix":"inner"}},"wdio_ui5_key":"applicationmanagepartners-display-component---NewPartner--partnerId"}]}
RESULT: {"script":"<script> [1562 bytes]","args":[{"selector":{"id":"application-managepartners-display-component---NewPartner--partnerId","interaction":{"idSuffix":"inner"}},"wdio_ui5_key":"applicationmanagepartners-display-component---NewPartner--partnerId"}]}
RESULT: undefined
COMMAND: POST /session/09f7b38f634ad4118b42a529d9c234e8/execute/async - {"script":"<script> [1562 bytes]","args":[{"selector":{"id":"application-managepartners-display-component---NewPartner--addressDetailDetailsName1","interaction":{"idSuffix":"inner"}},"wdio_ui5_key":"applicationmanagepartners-display-component---NewPartner--addressDetailDetailsName1"}]}
RESULT: {"script":"<script> [1562 bytes]","args":[{"selector":{"id":"application-managepartners-display-component---NewPartner--addressDetailDetailsName1","interaction":{"idSuffix":"inner"}},"wdio_ui5_key":"applicationmanagepartners-display-component---NewPartner--addressDetailDetailsName1"}]}
RESULT: undefined
COMMAND: POST /session/09f7b38f634ad4118b42a529d9c234e8/execute/async - {"script":"<script> [776 bytes]","args":[{"enterText":"WebdriverPartnerivy1mg","selector":{"id":"application-managepartners-display-component---NewPartner--addressDetailDetailsName1","interaction":{"idSuffix":"inner"}},"clearTextFirst":true,"interactionType":"ENTER_TEXT"}]}
RESULT: {"script":"<script> [776 bytes]","args":[{"enterText":"WebdriverPartnerivy1mg","selector":{"id":"application-managepartners-display-component---NewPartner--addressDetailDetailsName1","interaction":{"idSuffix":"inner"}},"clearTextFirst":true,"interactionType":"ENTER_TEXT"}]}
COMMAND: POST /session/09f7b38f634ad4118b42a529d9c234e8/execute/async - {"script":"<script> [1562 bytes]","args":[{"selector":{"id":"application-managepartners-display-component---NewPartner--addressDetailDetailsLanguage","interaction":{"idSuffix":"inner"}},"wdio_ui5_key":"applicationmanagepartners-display-component---NewPartner--addressDetailDetailsLanguage"}]}
RESULT: {"script":"<script> [1562 bytes]","args":[{"selector":{"id":"application-managepartners-display-component---NewPartner--addressDetailDetailsLanguage","interaction":{"idSuffix":"inner"}},"wdio_ui5_key":"applicationmanagepartners-display-component---NewPartner--addressDetailDetailsLanguage"}]}
RESULT: undefined
COMMAND: POST /session/09f7b38f634ad4118b42a529d9c234e8/execute/async - {"script":"<script> [776 bytes]","args":[{"enterText":"Romanian","selector":{"id":"application-managepartners-display-component---NewPartner--addressDetailDetailsLanguage","interaction":{"idSuffix":"inner"}},"clearTextFirst":true,"interactionType":"ENTER_TEXT"}]}
RESULT: {"script":"<script> [776 bytes]","args":[{"enterText":"Romanian","selector":{"id":"application-managepartners-display-component---NewPartner--addressDetailDetailsLanguage","interaction":{"idSuffix":"inner"}},"clearTextFirst":true,"interactionType":"ENTER_TEXT"}]}
COMMAND: POST /session/09f7b38f634ad4118b42a529d9c234e8/element - {"using":"xpath","value":"//input[contains(@id ,\"application-managepartners-display-component---NewPartner--addressDetailDetailsName1-inner\")]"}
RESULT: {"using":"xpath","value":"//input[contains(@id ,\"application-managepartners-display-component---NewPartner--addressDetailDetailsName1-inner\")]"}
COMMAND: GET /session/09f7b38f634ad4118b42a529d9c234e8/element/f.ED9B64560877B714BB030CF0107CFFD4.d.955C62414638CC9EFBD10E22936BD0B1.e.1845/property/value - {}
RESULT: {}
COMMAND: POST /session/09f7b38f634ad4118b42a529d9c234e8/execute/async - {"script":"<script> [1562 bytes]","args":[{"selector":{"id":"application-managepartners-display-component---NewPartner--addressDetailDetailsCity1","interaction":{"idSuffix":"inner"}},"wdio_ui5_key":"applicationmanagepartners-display-component---NewPartner--addressDetailDetailsCity1"}]}
COMMAND: GET /session/09f7b38f634ad4118b42a529d9c234e8/screenshot - {}
RESULT: {"script":"<script> [1562 bytes]","args":[{"selector":{"id":"application-managepartners-display-component---NewPartner--addressDetailDetailsCity1","interaction":{"idSuffix":"inner"}},"wdio_ui5_key":"applicationmanagepartners-display-component---NewPartner--addressDetailDetailsCity1"}]}
RESULT: undefined
COMMAND: POST /session/09f7b38f634ad4118b42a529d9c234e8/execute/async - {"script":"<script> [776 bytes]","args":[{"enterText":"Bucharest","selector":{"id":"application-managepartners-display-component---NewPartner--addressDetailDetailsCity1","interaction":{"idSuffix":"inner"}},"clearTextFirst":true,"interactionType":"ENTER_TEXT"}]}
RESULT: {}
RESULT: {"script":"<script> [776 bytes]","args":[{"enterText":"Bucharest","selector":{"id":"application-managepartners-display-component---NewPartner--addressDetailDetailsCity1","interaction":{"idSuffix":"inner"}},"clearTextFirst":true,"interactionType":"ENTER_TEXT"}]}
COMMAND: POST /session/09f7b38f634ad4118b42a529d9c234e8/execute/async - {"script":"<script> [1562 bytes]","args":[{"selector":{"id":"application-managepartners-display-component---NewPartner--addressDetailDetailsCountry","interaction":{"idSuffix":"inner"}},"wdio_ui5_key":"applicationmanagepartners-display-component---NewPartner--addressDetailDetailsCountry"}]}
RESULT: {"script":"<script> [1562 bytes]","args":[{"selector":{"id":"application-managepartners-display-component---NewPartner--addressDetailDetailsCountry","interaction":{"idSuffix":"inner"}},"wdio_ui5_key":"applicationmanagepartners-display-component---NewPartner--addressDetailDetailsCountry"}]}
RESULT: undefined
COMMAND: POST /session/09f7b38f634ad4118b42a529d9c234e8/execute/async - {"script":"<script> [6424 bytes]","args":[{"element-6066-11e4-a52e-4f735466cecf":"f.ED9B64560877B714BB030CF0107CFFD4.d.955C62414638CC9EFBD10E22936BD0B1.e.1852"},"setValue",["Romania"]]}
RESULT: {"script":"<script> [6424 bytes]","args":[{"element-6066-11e4-a52e-4f735466cecf":"f.ED9B64560877B714BB030CF0107CFFD4.d.955C62414638CC9EFBD10E22936BD0B1.e.1852"},"setValue",["Romania"]]}
COMMAND: POST /session/09f7b38f634ad4118b42a529d9c234e8/execute/async - {"script":"<script> [1562 bytes]","args":[{"selector":{"id":"application-managepartners-display-component---NewPartner--partnerDetailInternal","interaction":{"idSuffix":"inner"}},"wdio_ui5_key":"applicationmanagepartners-display-component---NewPartner--partnerDetailInternal"}]}
RESULT: {"script":"<script> [1562 bytes]","args":[{"selector":{"id":"application-managepartners-display-component---NewPartner--partnerDetailInternal","interaction":{"idSuffix":"inner"}},"wdio_ui5_key":"applicationmanagepartners-display-component---NewPartner--partnerDetailInternal"}]}
RESULT: undefined
COMMAND: POST /session/09f7b38f634ad4118b42a529d9c234e8/execute/async - {"script":"<script> [776 bytes]","args":[{"enterText":"External partner","selector":{"id":"application-managepartners-display-component---NewPartner--partnerDetailInternal","interaction":{"idSuffix":"inner"}},"clearTextFirst":true,"interactionType":"ENTER_TEXT"}]}
RESULT: {"script":"<script> [776 bytes]","args":[{"enterText":"External partner","selector":{"id":"application-managepartners-display-component---NewPartner--partnerDetailInternal","interaction":{"idSuffix":"inner"}},"clearTextFirst":true,"interactionType":"ENTER_TEXT"}]}
COMMAND: POST /session/09f7b38f634ad4118b42a529d9c234e8/execute/async - {"script":"<script> [1562 bytes]","args":[{"selector":{"id":"application-managepartners-display-component---NewPartner--partnerDetailsCurrency","interaction":{"idSuffix":"inner"}},"wdio_ui5_key":"applicationmanagepartners-display-component---NewPartner--partnerDetailsCurrency"}]}
RESULT: {"script":"<script> [1562 bytes]","args":[{"selector":{"id":"application-managepartners-display-component---NewPartner--partnerDetailsCurrency","interaction":{"idSuffix":"inner"}},"wdio_ui5_key":"applicationmanagepartners-display-component---NewPartner--partnerDetailsCurrency"}]}
RESULT: undefined
COMMAND: POST /session/09f7b38f634ad4118b42a529d9c234e8/execute/async - {"script":"<script> [776 bytes]","args":[{"enterText":"Euro","selector":{"id":"application-managepartners-display-component---NewPartner--partnerDetailsCurrency","interaction":{"idSuffix":"inner"}},"clearTextFirst":true,"interactionType":"ENTER_TEXT"}]}
RESULT: {"script":"<script> [776 bytes]","args":[{"enterText":"Euro","selector":{"id":"application-managepartners-display-component---NewPartner--partnerDetailsCurrency","interaction":{"idSuffix":"inner"}},"clearTextFirst":true,"interactionType":"ENTER_TEXT"}]}
COMMAND: POST /session/09f7b38f634ad4118b42a529d9c234e8/execute/async - {"script":"<script> [1562 bytes]","args":[{"selector":{"controlType":"sap.m.Button","viewName":"etm.portal.ui.managepartners.view.NewPartner","viewId":"application-managepartners-display-component---NewPartner","properties":{"text":"Commercial"},"interaction":{"idSuffix":"BDI-content"}},"wdio_ui5_key":"etmportal.ui.managepartners.view.NewPartnersap.m.Button{\"text\":\"Commercial\"}"}]}
RESULT: {"script":"<script> [1562 bytes]","args":[{"selector":{"controlType":"sap.m.Button","viewName":"etm.portal.ui.managepartners.view.NewPartner","viewId":"application-managepartners-display-component---NewPartner","properties":{"text":"Commercial"},"interaction":{"idSuffix":"BDI-content"}},"wdio_ui5_key":"etmportal.ui.managepartners.view.NewPartnersap.m.Button{\"text\":\"Commercial\"}"}]}
RESULT: undefined
COMMAND: POST /session/09f7b38f634ad4118b42a529d9c234e8/element - {"using":"xpath","value":"//*[@id=\"application-managepartners-display-component---NewPartner--ObjectPageLayout-anchBar-__section27-anchor\"]"}
RESULT: {"using":"xpath","value":"//*[@id=\"application-managepartners-display-component---NewPartner--ObjectPageLayout-anchBar-__section27-anchor\"]"}
COMMAND: POST /session/09f7b38f634ad4118b42a529d9c234e8/element/f.ED9B64560877B714BB030CF0107CFFD4.d.955C62414638CC9EFBD10E22936BD0B1.e.2039/click - {}
RESULT: {}
COMMAND: GET /session/09f7b38f634ad4118b42a529d9c234e8/screenshot - {}
RESULT: {}
COMMAND: POST /session/09f7b38f634ad4118b42a529d9c234e8/execute/async - {"script":"<script> [1562 bytes]","args":[{"selector":{"id":"application-managepartners-display-component---NewPartner--btnAddTableRow-img"},"wdio_ui5_key":"applicationmanagepartners-display-component---NewPartner--btnAddTableRow-img"}]}
RESULT: {"script":"<script> [1562 bytes]","args":[{"selector":{"id":"application-managepartners-display-component---NewPartner--btnAddTableRow-img"},"wdio_ui5_key":"applicationmanagepartners-display-component---NewPartner--btnAddTableRow-img"}]}
RESULT: undefined
COMMAND: POST /session/09f7b38f634ad4118b42a529d9c234e8/element - {"using":"xpath","value":"//*[@id=\"application-managepartners-display-component---NewPartner--btnAddTableRow-img\"]"}
RESULT: {"using":"xpath","value":"//*[@id=\"application-managepartners-display-component---NewPartner--btnAddTableRow-img\"]"}
COMMAND: POST /session/09f7b38f634ad4118b42a529d9c234e8/element/f.ED9B64560877B714BB030CF0107CFFD4.d.955C62414638CC9EFBD10E22936BD0B1.e.2045/click - {}
RESULT: {}
COMMAND: POST /session/09f7b38f634ad4118b42a529d9c234e8/element - {"using":"xpath","value":"//input[contains(@id ,\"application-managepartners-display-component---NewPartner--assignmentYard-application-managepartners-display-component---NewPartner\")]"}
COMMAND: GET /session/09f7b38f634ad4118b42a529d9c234e8/screenshot - {}
RESULT: {"using":"xpath","value":"//input[contains(@id ,\"application-managepartners-display-component---NewPartner--assignmentYard-application-managepartners-display-component---NewPartner\")]"}
COMMAND: POST /session/09f7b38f634ad4118b42a529d9c234e8/element/f.ED9B64560877B714BB030CF0107CFFD4.d.955C62414638CC9EFBD10E22936BD0B1.e.2050/clear - {}
RESULT: {}
RESULT: {}
COMMAND: POST /session/09f7b38f634ad4118b42a529d9c234e8/element/f.ED9B64560877B714BB030CF0107CFFD4.d.955C62414638CC9EFBD10E22936BD0B1.e.2050/value - {"text":"192"}
COMMAND: GET /session/09f7b38f634ad4118b42a529d9c234e8/screenshot - {}
RESULT: {"text":"192"}
COMMAND: GET /session/09f7b38f634ad4118b42a529d9c234e8/screenshot - {}
RESULT: {}
RESULT: {}
COMMAND: POST /session/09f7b38f634ad4118b42a529d9c234e8/execute/async - {"script":"<script> [1562 bytes]","args":[{"selector":{"controlType":"sap.m.Button","viewName":"etm.portal.ui.managepartners.view.NewPartner","viewId":"application-managepartners-display-component---NewPartner","i18NText":{"propertyName":"text","key":"save"},"interaction":{"idSuffix":"BDI-content"}},"wdio_ui5_key":"etmportal.ui.managepartners.view.NewPartnersap.m.Button{\"propertyName\":\"text\",\"key\":\"save\"}"}]}
RESULT: {"script":"<script> [1562 bytes]","args":[{"selector":{"controlType":"sap.m.Button","viewName":"etm.portal.ui.managepartners.view.NewPartner","viewId":"application-managepartners-display-component---NewPartner","i18NText":{"propertyName":"text","key":"save"},"interaction":{"idSuffix":"BDI-content"}},"wdio_ui5_key":"etmportal.ui.managepartners.view.NewPartnersap.m.Button{\"propertyName\":\"text\",\"key\":\"save\"}"}]}
RESULT: undefined
COMMAND: POST /session/09f7b38f634ad4118b42a529d9c234e8/element - {"using":"xpath","value":"//*[@id=\"__button64\"]"}
RESULT: {"using":"xpath","value":"//*[@id=\"__button64\"]"}
COMMAND: POST /session/09f7b38f634ad4118b42a529d9c234e8/element/f.ED9B64560877B714BB030CF0107CFFD4.d.955C62414638CC9EFBD10E22936BD0B1.e.1936/click - {}
RESULT: {}
COMMAND: GET /session/09f7b38f634ad4118b42a529d9c234e8/screenshot - {}
RESULT: {}
COMMAND: POST /session/09f7b38f634ad4118b42a529d9c234e8/element - {"using":"xpath","value":"//header/div/div[2]/div[2]/span"}
RESULT: {"using":"xpath","value":"//header/div/div[2]/div[2]/span"}
COMMAND: GET /session/09f7b38f634ad4118b42a529d9c234e8/element/f.ED9B64560877B714BB030CF0107CFFD4.d.955C62414638CC9EFBD10E22936BD0B1.e.2167/text - {}
RESULT: {}
COMMAND: POST /session/09f7b38f634ad4118b42a529d9c234e8/element - {"using":"xpath","value":"//header/div/div/div/div/div/div[2]/div/span"}
RESULT: {"using":"xpath","value":"//header/div/div/div/div/div/div[2]/div/span"}
COMMAND: GET /session/09f7b38f634ad4118b42a529d9c234e8/element/f.ED9B64560877B714BB030CF0107CFFD4.d.955C62414638CC9EFBD10E22936BD0B1.e.2168/text - {}
RESULT: {}
COMMAND: POST /session/09f7b38f634ad4118b42a529d9c234e8/execute/async - {"script":"<script> [1562 bytes]","args":[{"selector":{"id":"application-managepartners-display-component---detailPtm--partnerType"},"wdio_ui5_key":"applicationmanagepartners-display-component---detailPtm--partnerType"}]}
RESULT: {"script":"<script> [1562 bytes]","args":[{"selector":{"id":"application-managepartners-display-component---detailPtm--partnerType"},"wdio_ui5_key":"applicationmanagepartners-display-component---detailPtm--partnerType"}]}
RESULT: undefined
COMMAND: POST /session/09f7b38f634ad4118b42a529d9c234e8/execute/async - {"script":"<script> [6424 bytes]","args":[{"element-6066-11e4-a52e-4f735466cecf":"f.ED9B64560877B714BB030CF0107CFFD4.d.955C62414638CC9EFBD10E22936BD0B1.e.2169"},"getText",[]]}
RESULT: {"script":"<script> [6424 bytes]","args":[{"element-6066-11e4-a52e-4f735466cecf":"f.ED9B64560877B714BB030CF0107CFFD4.d.955C62414638CC9EFBD10E22936BD0B1.e.2169"},"getText",[]]}
COMMAND: POST /session/09f7b38f634ad4118b42a529d9c234e8/element - {"using":"css selector","value":"#shell-header-logo"}
RESULT: {"using":"css selector","value":"#shell-header-logo"}
COMMAND: POST /session/09f7b38f634ad4118b42a529d9c234e8/element/f.ED9B64560877B714BB030CF0107CFFD4.d.955C62414638CC9EFBD10E22936BD0B1.e.1671/click - {}
RESULT: {}
COMMAND: GET /session/09f7b38f634ad4118b42a529d9c234e8/screenshot - {}
RESULT: {}
]]></system-out>
    </testcase>
    <testcase classname="chrome.136_0_7103_49.windows.Webshop_-_Hyperlinks_visible_and_working_properly__US139085" name="Should create a new contract" time="103.353">
      <system-out><![CDATA[
COMMAND: POST /session/09f7b38f634ad4118b42a529d9c234e8/execute/async - {"script":"<script> [1562 bytes]","args":[{"selector":{"controlType":"sap.m.GenericTile","properties":{"header":"Manage Contracts"}},"wdio_ui5_key":"sapm.GenericTile{\"header\":\"Manage Contracts\"}"}]}
RESULT: {"script":"<script> [1562 bytes]","args":[{"selector":{"controlType":"sap.m.GenericTile","properties":{"header":"Manage Contracts"}},"wdio_ui5_key":"sapm.GenericTile{\"header\":\"Manage Contracts\"}"}]}
RESULT: undefined
COMMAND: POST /session/09f7b38f634ad4118b42a529d9c234e8/element - {"using":"xpath","value":"//*[@id=\"__tile130\"]"}
RESULT: {"using":"xpath","value":"//*[@id=\"__tile130\"]"}
COMMAND: POST /session/09f7b38f634ad4118b42a529d9c234e8/element/f.ED9B64560877B714BB030CF0107CFFD4.d.955C62414638CC9EFBD10E22936BD0B1.e.2171/click - {}
RESULT: {}
COMMAND: GET /session/09f7b38f634ad4118b42a529d9c234e8/screenshot - {}
RESULT: {}
COMMAND: POST /session/09f7b38f634ad4118b42a529d9c234e8/elements - {"using":"xpath","value":"//span[text()='Error']"}
RESULT: {"using":"xpath","value":"//span[text()='Error']"}
COMMAND: POST /session/09f7b38f634ad4118b42a529d9c234e8/element - {"using":"xpath","value":"//button[@data-kt=\"addButton\"]"}
RESULT: {"using":"xpath","value":"//button[@data-kt=\"addButton\"]"}
COMMAND: POST /session/09f7b38f634ad4118b42a529d9c234e8/element/f.ED9B64560877B714BB030CF0107CFFD4.d.955C62414638CC9EFBD10E22936BD0B1.e.2225/click - {}
RESULT: {}
COMMAND: GET /session/09f7b38f634ad4118b42a529d9c234e8/screenshot - {}
RESULT: {}
COMMAND: POST /session/09f7b38f634ad4118b42a529d9c234e8/execute/async - {"script":"<script> [1562 bytes]","args":[{"selector":{"id":"application-managecontracts-display-component---AddNewContract--projectDescription","interaction":{"idSuffix":"inner"}},"wdio_ui5_key":"applicationmanagecontracts-display-component---AddNewContract--projectDescription"}]}
RESULT: {"script":"<script> [1562 bytes]","args":[{"selector":{"id":"application-managecontracts-display-component---AddNewContract--projectDescription","interaction":{"idSuffix":"inner"}},"wdio_ui5_key":"applicationmanagecontracts-display-component---AddNewContract--projectDescription"}]}
RESULT: undefined
COMMAND: POST /session/09f7b38f634ad4118b42a529d9c234e8/execute/async - {"script":"<script> [776 bytes]","args":[{"enterText":"WdIOR2cjmh78","selector":{"id":"application-managecontracts-display-component---AddNewContract--projectDescription","interaction":{"idSuffix":"inner"}},"clearTextFirst":true,"interactionType":"ENTER_TEXT"}]}
RESULT: {"script":"<script> [776 bytes]","args":[{"enterText":"WdIOR2cjmh78","selector":{"id":"application-managecontracts-display-component---AddNewContract--projectDescription","interaction":{"idSuffix":"inner"}},"clearTextFirst":true,"interactionType":"ENTER_TEXT"}]}
COMMAND: POST /session/09f7b38f634ad4118b42a529d9c234e8/element - {"using":"xpath","value":"//input[@id=\"application-managecontracts-display-component---AddNewContract--yardId-inner\"]"}
RESULT: {"using":"xpath","value":"//input[@id=\"application-managecontracts-display-component---AddNewContract--yardId-inner\"]"}
COMMAND: POST /session/09f7b38f634ad4118b42a529d9c234e8/element/f.ED9B64560877B714BB030CF0107CFFD4.d.955C62414638CC9EFBD10E22936BD0B1.e.2524/clear - {}
RESULT: {}
COMMAND: POST /session/09f7b38f634ad4118b42a529d9c234e8/element/f.ED9B64560877B714BB030CF0107CFFD4.d.955C62414638CC9EFBD10E22936BD0B1.e.2524/value - {"text":"WebdriverYardxwpz1"}
COMMAND: GET /session/09f7b38f634ad4118b42a529d9c234e8/screenshot - {}
RESULT: {"text":"WebdriverYardxwpz1"}
COMMAND: GET /session/09f7b38f634ad4118b42a529d9c234e8/screenshot - {}
RESULT: {}
RESULT: {}
COMMAND: POST /session/09f7b38f634ad4118b42a529d9c234e8/actions - {"actions":[{"id":"action5","type":"key","parameters":{},"actions":[{"type":"keyDown","value":"î€‡"},{"type":"pause","duration":10},{"type":"keyUp","value":"î€‡"}]}]}
RESULT: {"actions":[{"id":"action5","type":"key","parameters":{},"actions":[{"type":"keyDown","value":"î€‡"},{"type":"pause","duration":10},{"type":"keyUp","value":"î€‡"}]}]}
COMMAND: GET /session/09f7b38f634ad4118b42a529d9c234e8/screenshot - {}
RESULT: {}
COMMAND: POST /session/09f7b38f634ad4118b42a529d9c234e8/element - {"using":"xpath","value":"//input[@id=\"application-managecontracts-display-component---AddNewContract--customerSelect-inner\"]"}
RESULT: {"using":"xpath","value":"//input[@id=\"application-managecontracts-display-component---AddNewContract--customerSelect-inner\"]"}
COMMAND: POST /session/09f7b38f634ad4118b42a529d9c234e8/element/f.ED9B64560877B714BB030CF0107CFFD4.d.955C62414638CC9EFBD10E22936BD0B1.e.2522/clear - {}
RESULT: {}
COMMAND: POST /session/09f7b38f634ad4118b42a529d9c234e8/element/f.ED9B64560877B714BB030CF0107CFFD4.d.955C62414638CC9EFBD10E22936BD0B1.e.2522/value - {"text":"WebdriverPartnerivy1mg"}
COMMAND: GET /session/09f7b38f634ad4118b42a529d9c234e8/screenshot - {}
RESULT: {"text":"WebdriverPartnerivy1mg"}
COMMAND: GET /session/09f7b38f634ad4118b42a529d9c234e8/screenshot - {}
RESULT: {}
RESULT: {}
COMMAND: POST /session/09f7b38f634ad4118b42a529d9c234e8/actions - {"actions":[{"id":"action6","type":"key","parameters":{},"actions":[{"type":"keyDown","value":"î€‡"},{"type":"pause","duration":10},{"type":"keyUp","value":"î€‡"}]}]}
RESULT: {"actions":[{"id":"action6","type":"key","parameters":{},"actions":[{"type":"keyDown","value":"î€‡"},{"type":"pause","duration":10},{"type":"keyUp","value":"î€‡"}]}]}
COMMAND: GET /session/09f7b38f634ad4118b42a529d9c234e8/screenshot - {}
RESULT: {}
COMMAND: POST /session/09f7b38f634ad4118b42a529d9c234e8/element - {"using":"xpath","value":"//input[@id=\"application-managecontracts-display-component---AddNewContract--site-inner\"]"}
RESULT: {"using":"xpath","value":"//input[@id=\"application-managecontracts-display-component---AddNewContract--site-inner\"]"}
COMMAND: POST /session/09f7b38f634ad4118b42a529d9c234e8/element/f.ED9B64560877B714BB030CF0107CFFD4.d.955C62414638CC9EFBD10E22936BD0B1.e.2523/clear - {}
RESULT: {}
COMMAND: POST /session/09f7b38f634ad4118b42a529d9c234e8/element/f.ED9B64560877B714BB030CF0107CFFD4.d.955C62414638CC9EFBD10E22936BD0B1.e.2523/value - {"text":"WebdriverSitef2xgm"}
COMMAND: GET /session/09f7b38f634ad4118b42a529d9c234e8/screenshot - {}
RESULT: {"text":"WebdriverSitef2xgm"}
COMMAND: GET /session/09f7b38f634ad4118b42a529d9c234e8/screenshot - {}
RESULT: {}
RESULT: {}
COMMAND: POST /session/09f7b38f634ad4118b42a529d9c234e8/actions - {"actions":[{"id":"action7","type":"key","parameters":{},"actions":[{"type":"keyDown","value":"î€‡"},{"type":"pause","duration":10},{"type":"keyUp","value":"î€‡"}]}]}
RESULT: {"actions":[{"id":"action7","type":"key","parameters":{},"actions":[{"type":"keyDown","value":"î€‡"},{"type":"pause","duration":10},{"type":"keyUp","value":"î€‡"}]}]}
COMMAND: GET /session/09f7b38f634ad4118b42a529d9c234e8/screenshot - {}
RESULT: {}
COMMAND: POST /session/09f7b38f634ad4118b42a529d9c234e8/element - {"using":"xpath","value":"//button[@data-kt=\"saveButton\"]"}
RESULT: {"using":"xpath","value":"//button[@data-kt=\"saveButton\"]"}
COMMAND: POST /session/09f7b38f634ad4118b42a529d9c234e8/element/f.ED9B64560877B714BB030CF0107CFFD4.d.955C62414638CC9EFBD10E22936BD0B1.e.2561/click - {}
RESULT: {}
COMMAND: GET /session/09f7b38f634ad4118b42a529d9c234e8/screenshot - {}
RESULT: {}
COMMAND: POST /session/09f7b38f634ad4118b42a529d9c234e8/execute/async - {"script":"<script> [1562 bytes]","args":[{"selector":{"id":"contractDetailTitleNoExpanded","viewName":"etm.portal.ui.managecontracts.view.Detail"},"wdio_ui5_key":"contractDetailTitleNoExpandedetmportal.ui.managecontracts.view.Detail"}]}
RESULT: {"script":"<script> [1562 bytes]","args":[{"selector":{"id":"contractDetailTitleNoExpanded","viewName":"etm.portal.ui.managecontracts.view.Detail"},"wdio_ui5_key":"contractDetailTitleNoExpandedetmportal.ui.managecontracts.view.Detail"}]}
RESULT: undefined
COMMAND: POST /session/09f7b38f634ad4118b42a529d9c234e8/execute/async - {"script":"<script> [6424 bytes]","args":[{"element-6066-11e4-a52e-4f735466cecf":"f.ED9B64560877B714BB030CF0107CFFD4.d.955C62414638CC9EFBD10E22936BD0B1.e.2633"},"getText",[]]}
RESULT: {"script":"<script> [6424 bytes]","args":[{"element-6066-11e4-a52e-4f735466cecf":"f.ED9B64560877B714BB030CF0107CFFD4.d.955C62414638CC9EFBD10E22936BD0B1.e.2633"},"getText",[]]}
COMMAND: POST /session/09f7b38f634ad4118b42a529d9c234e8/element - {"using":"css selector","value":"#shell-header-logo"}
RESULT: {"using":"css selector","value":"#shell-header-logo"}
COMMAND: POST /session/09f7b38f634ad4118b42a529d9c234e8/element/f.ED9B64560877B714BB030CF0107CFFD4.d.955C62414638CC9EFBD10E22936BD0B1.e.2174/click - {}
RESULT: {}
COMMAND: GET /session/09f7b38f634ad4118b42a529d9c234e8/screenshot - {}
RESULT: {}
]]></system-out>
    </testcase>
    <testcase classname="chrome.136_0_7103_49.windows.Webshop_-_Hyperlinks_visible_and_working_properly__US139085" name="Should create a new webshop request and verify yard hyperlinks" time="245.373">
      <system-out><![CDATA[
COMMAND: POST /session/09f7b38f634ad4118b42a529d9c234e8/execute/async - {"script":"<script> [1562 bytes]","args":[{"selector":{"controlType":"sap.m.GenericTile","properties":{"header":"Webshop"}},"wdio_ui5_key":"sapm.GenericTile{\"header\":\"Webshop\"}"}]}
RESULT: {"script":"<script> [1562 bytes]","args":[{"selector":{"controlType":"sap.m.GenericTile","properties":{"header":"Webshop"}},"wdio_ui5_key":"sapm.GenericTile{\"header\":\"Webshop\"}"}]}
RESULT: undefined
COMMAND: POST /session/09f7b38f634ad4118b42a529d9c234e8/element - {"using":"xpath","value":"//*[@id=\"__tile49\"]"}
RESULT: {"using":"xpath","value":"//*[@id=\"__tile49\"]"}
COMMAND: POST /session/09f7b38f634ad4118b42a529d9c234e8/element/f.ED9B64560877B714BB030CF0107CFFD4.d.955C62414638CC9EFBD10E22936BD0B1.e.2636/click - {}
RESULT: {}
COMMAND: GET /session/09f7b38f634ad4118b42a529d9c234e8/screenshot - {}
RESULT: {}
COMMAND: POST /session/09f7b38f634ad4118b42a529d9c234e8/elements - {"using":"xpath","value":"//span[text()='Error']"}
RESULT: {"using":"xpath","value":"//span[text()='Error']"}
COMMAND: POST /session/09f7b38f634ad4118b42a529d9c234e8/element - {"using":"css selector","value":"#requestCreationDialog--createRequestPopUp-title-inner"}
RESULT: {"using":"css selector","value":"#requestCreationDialog--createRequestPopUp-title-inner"}
COMMAND: POST /session/09f7b38f634ad4118b42a529d9c234e8/execute/sync - {"script":"<script> [8489 bytes]","args":[{"element-6066-11e4-a52e-4f735466cecf":"f.ED9B64560877B714BB030CF0107CFFD4.d.955C62414638CC9EFBD10E22936BD0B1.e.2663","ELEMENT":"f.ED9B64560877B714BB030CF0107CFFD4.d.955C62414638CC9EFBD10E22936BD0B1.e.2663"}]}
RESULT: {"script":"<script> [8489 bytes]","args":[{"element-6066-11e4-a52e-4f735466cecf":"f.ED9B64560877B714BB030CF0107CFFD4.d.955C62414638CC9EFBD10E22936BD0B1.e.2663","ELEMENT":"f.ED9B64560877B714BB030CF0107CFFD4.d.955C62414638CC9EFBD10E22936BD0B1.e.2663"}]}
COMMAND: GET /session/09f7b38f634ad4118b42a529d9c234e8/element/f.ED9B64560877B714BB030CF0107CFFD4.d.955C62414638CC9EFBD10E22936BD0B1.e.2663/enabled - {}
COMMAND: GET /session/09f7b38f634ad4118b42a529d9c234e8/screenshot - {}
RESULT: {}
COMMAND: POST /session/09f7b38f634ad4118b42a529d9c234e8/execute/async - {"script":"<script> [1562 bytes]","args":[{"selector":{"id":"requestCreationDialog--requestName","searchOpenDialogs":true,"interaction":{"idSuffix":"inner"}},"wdio_ui5_key":"requestCreationDialogrequestName"}]}
COMMAND: GET /session/09f7b38f634ad4118b42a529d9c234e8/screenshot - {}
RESULT: {}
RESULT: {"script":"<script> [1562 bytes]","args":[{"selector":{"id":"requestCreationDialog--requestName","searchOpenDialogs":true,"interaction":{"idSuffix":"inner"}},"wdio_ui5_key":"requestCreationDialogrequestName"}]}
RESULT: undefined
COMMAND: POST /session/09f7b38f634ad4118b42a529d9c234e8/execute/async - {"script":"<script> [776 bytes]","args":[{"enterText":"WebdriverTest","selector":{"id":"requestCreationDialog--requestName","searchOpenDialogs":true,"interaction":{"idSuffix":"inner"}},"clearTextFirst":true,"interactionType":"ENTER_TEXT"}]}
RESULT: {}
RESULT: {"script":"<script> [776 bytes]","args":[{"enterText":"WebdriverTest","selector":{"id":"requestCreationDialog--requestName","searchOpenDialogs":true,"interaction":{"idSuffix":"inner"}},"clearTextFirst":true,"interactionType":"ENTER_TEXT"}]}
COMMAND: POST /session/09f7b38f634ad4118b42a529d9c234e8/element - {"using":"xpath","value":"//input[contains(@id ,\"requestCreationDialog--contract-inner\")]"}
RESULT: {"using":"xpath","value":"//input[contains(@id ,\"requestCreationDialog--contract-inner\")]"}
COMMAND: POST /session/09f7b38f634ad4118b42a529d9c234e8/element/f.ED9B64560877B714BB030CF0107CFFD4.d.955C62414638CC9EFBD10E22936BD0B1.e.2648/clear - {}
RESULT: {}
COMMAND: POST /session/09f7b38f634ad4118b42a529d9c234e8/element/f.ED9B64560877B714BB030CF0107CFFD4.d.955C62414638CC9EFBD10E22936BD0B1.e.2648/value - {"text":"10125"}
COMMAND: GET /session/09f7b38f634ad4118b42a529d9c234e8/screenshot - {}
RESULT: {"text":"10125"}
COMMAND: GET /session/09f7b38f634ad4118b42a529d9c234e8/screenshot - {}
RESULT: {}
RESULT: {}
COMMAND: POST /session/09f7b38f634ad4118b42a529d9c234e8/actions - {"actions":[{"id":"action8","type":"key","parameters":{},"actions":[{"type":"keyDown","value":"î€‡"},{"type":"pause","duration":10},{"type":"keyUp","value":"î€‡"}]}]}
RESULT: {"actions":[{"id":"action8","type":"key","parameters":{},"actions":[{"type":"keyDown","value":"î€‡"},{"type":"pause","duration":10},{"type":"keyUp","value":"î€‡"}]}]}
COMMAND: GET /session/09f7b38f634ad4118b42a529d9c234e8/screenshot - {}
RESULT: {}
COMMAND: POST /session/09f7b38f634ad4118b42a529d9c234e8/element - {"using":"xpath","value":"//input[contains(@id ,\"requestCreationDialog--contract-inner\")]"}
RESULT: {"using":"xpath","value":"//input[contains(@id ,\"requestCreationDialog--contract-inner\")]"}
COMMAND: GET /session/09f7b38f634ad4118b42a529d9c234e8/element/f.ED9B64560877B714BB030CF0107CFFD4.d.955C62414638CC9EFBD10E22936BD0B1.e.2648/property/value - {}
RESULT: {}
COMMAND: POST /session/09f7b38f634ad4118b42a529d9c234e8/element - {"using":"xpath","value":"//input[contains(@id ,\"requestCreationDialog--contract-inner\")]"}
COMMAND: GET /session/09f7b38f634ad4118b42a529d9c234e8/screenshot - {}
RESULT: {"using":"xpath","value":"//input[contains(@id ,\"requestCreationDialog--contract-inner\")]"}
COMMAND: POST /session/09f7b38f634ad4118b42a529d9c234e8/execute/async - {"script":"<script> [1562 bytes]","args":[{"selector":{"id":"requestCreationDialog--okButton","searchOpenDialogs":true,"interaction":{"idSuffix":"BDI-content"}},"wdio_ui5_key":"requestCreationDialogokButton"}]}
RESULT: {}
RESULT: {"script":"<script> [1562 bytes]","args":[{"selector":{"id":"requestCreationDialog--okButton","searchOpenDialogs":true,"interaction":{"idSuffix":"BDI-content"}},"wdio_ui5_key":"requestCreationDialogokButton"}]}
RESULT: undefined
COMMAND: POST /session/09f7b38f634ad4118b42a529d9c234e8/element - {"using":"xpath","value":"//*[@id=\"requestCreationDialog--okButton\"]"}
RESULT: {"using":"xpath","value":"//*[@id=\"requestCreationDialog--okButton\"]"}
COMMAND: POST /session/09f7b38f634ad4118b42a529d9c234e8/element/f.ED9B64560877B714BB030CF0107CFFD4.d.955C62414638CC9EFBD10E22936BD0B1.e.2673/click - {}
RESULT: {}
COMMAND: GET /session/09f7b38f634ad4118b42a529d9c234e8/screenshot - {}
RESULT: {}
COMMAND: POST /session/09f7b38f634ad4118b42a529d9c234e8/element - {"using":"xpath","value":"//input[contains(@id ,\"searchFiledId-I\")]"}
RESULT: {"using":"xpath","value":"//input[contains(@id ,\"searchFiledId-I\")]"}
COMMAND: POST /session/09f7b38f634ad4118b42a529d9c234e8/element/f.ED9B64560877B714BB030CF0107CFFD4.d.955C62414638CC9EFBD10E22936BD0B1.e.2641/value - {"text":"Dri-Prime CD150M Diesel Pump"}
RESULT: {"text":"Dri-Prime CD150M Diesel Pump"}
COMMAND: POST /session/09f7b38f634ad4118b42a529d9c234e8/actions - {"actions":[{"id":"action9","type":"key","parameters":{},"actions":[{"type":"keyDown","value":"î€‡"},{"type":"pause","duration":10},{"type":"keyUp","value":"î€‡"}]}]}
COMMAND: GET /session/09f7b38f634ad4118b42a529d9c234e8/screenshot - {}
RESULT: {"actions":[{"id":"action9","type":"key","parameters":{},"actions":[{"type":"keyDown","value":"î€‡"},{"type":"pause","duration":10},{"type":"keyUp","value":"î€‡"}]}]}
COMMAND: GET /session/09f7b38f634ad4118b42a529d9c234e8/screenshot - {}
RESULT: {}
RESULT: {}
COMMAND: POST /session/09f7b38f634ad4118b42a529d9c234e8/element - {"using":"xpath","value":"//span[contains(@id ,\"subTitle\")][contains(text(), \"Dri-Prime CD150M Diesel Pump\")]"}
RESULT: {"using":"xpath","value":"//span[contains(@id ,\"subTitle\")][contains(text(), \"Dri-Prime CD150M Diesel Pump\")]"}
COMMAND: POST /session/09f7b38f634ad4118b42a529d9c234e8/element/f.ED9B64560877B714BB030CF0107CFFD4.d.955C62414638CC9EFBD10E22936BD0B1.e.2681/click - {}
RESULT: {}
COMMAND: GET /session/09f7b38f634ad4118b42a529d9c234e8/screenshot - {}
RESULT: {}
COMMAND: POST /session/09f7b38f634ad4118b42a529d9c234e8/execute/async - {"script":"<script> [1562 bytes]","args":[{"selector":{"controlType":"sap.m.Button","viewName":"etm.portal.ui.webshop.view.Homepage","i18NText":{"propertyName":"text","key":"addToRequest"},"interaction":{"idSuffix":"BDI-content"}},"wdio_ui5_key":"etmportal.ui.webshop.view.Homepagesap.m.Button{\"propertyName\":\"text\",\"key\":\"addToRequest\"}"}]}
RESULT: {"script":"<script> [1562 bytes]","args":[{"selector":{"controlType":"sap.m.Button","viewName":"etm.portal.ui.webshop.view.Homepage","i18NText":{"propertyName":"text","key":"addToRequest"},"interaction":{"idSuffix":"BDI-content"}},"wdio_ui5_key":"etmportal.ui.webshop.view.Homepagesap.m.Button{\"propertyName\":\"text\",\"key\":\"addToRequest\"}"}]}
RESULT: undefined
COMMAND: POST /session/09f7b38f634ad4118b42a529d9c234e8/element - {"using":"xpath","value":"//*[@id=\"__button122\"]"}
RESULT: {"using":"xpath","value":"//*[@id=\"__button122\"]"}
COMMAND: POST /session/09f7b38f634ad4118b42a529d9c234e8/element/f.ED9B64560877B714BB030CF0107CFFD4.d.955C62414638CC9EFBD10E22936BD0B1.e.2695/click - {}
RESULT: {}
COMMAND: GET /session/09f7b38f634ad4118b42a529d9c234e8/screenshot - {}
RESULT: {}
COMMAND: POST /session/09f7b38f634ad4118b42a529d9c234e8/element - {"using":"xpath","value":"//*[contains(@id ,\"activeCartId-BDI-content\")]"}
RESULT: {"using":"xpath","value":"//*[contains(@id ,\"activeCartId-BDI-content\")]"}
COMMAND: POST /session/09f7b38f634ad4118b42a529d9c234e8/element/f.ED9B64560877B714BB030CF0107CFFD4.d.955C62414638CC9EFBD10E22936BD0B1.e.2702/click - {}
RESULT: {}
COMMAND: GET /session/09f7b38f634ad4118b42a529d9c234e8/screenshot - {}
RESULT: {}
COMMAND: POST /session/09f7b38f634ad4118b42a529d9c234e8/element - {"using":"xpath","value":"//bdi[contains(text(), \"Check out my request\")]"}
RESULT: {"using":"xpath","value":"//bdi[contains(text(), \"Check out my request\")]"}
COMMAND: POST /session/09f7b38f634ad4118b42a529d9c234e8/element/f.ED9B64560877B714BB030CF0107CFFD4.d.955C62414638CC9EFBD10E22936BD0B1.e.2705/click - {}
RESULT: {}
COMMAND: GET /session/09f7b38f634ad4118b42a529d9c234e8/screenshot - {}
RESULT: {}
COMMAND: POST /session/09f7b38f634ad4118b42a529d9c234e8/element - {"using":"xpath","value":"//*[contains(@data-kt ,\"webshopDetailYardLink\")]"}
RESULT: {"using":"xpath","value":"//*[contains(@data-kt ,\"webshopDetailYardLink\")]"}
COMMAND: POST /session/09f7b38f634ad4118b42a529d9c234e8/element/f.ED9B64560877B714BB030CF0107CFFD4.d.955C62414638CC9EFBD10E22936BD0B1.e.2762/click - {}
RESULT: {}
COMMAND: POST /session/09f7b38f634ad4118b42a529d9c234e8/element - {"using":"xpath","value":"//*[contains(@data-kt ,\"ContextMenuId2Link\")][contains(text(), \"Yard Overview\")]"}
COMMAND: GET /session/09f7b38f634ad4118b42a529d9c234e8/screenshot - {}
RESULT: {"using":"xpath","value":"//*[contains(@data-kt ,\"ContextMenuId2Link\")][contains(text(), \"Yard Overview\")]"}
COMMAND: POST /session/09f7b38f634ad4118b42a529d9c234e8/execute/sync - {"script":"<script> [8489 bytes]","args":[{"element-6066-11e4-a52e-4f735466cecf":"f.ED9B64560877B714BB030CF0107CFFD4.d.955C62414638CC9EFBD10E22936BD0B1.e.2771","ELEMENT":"f.ED9B64560877B714BB030CF0107CFFD4.d.955C62414638CC9EFBD10E22936BD0B1.e.2771"}]}
COMMAND: POST /session/09f7b38f634ad4118b42a529d9c234e8/element - {"using":"xpath","value":"//*[contains(@data-kt ,\"ContextMenuId3Link\")][contains(text(), \"Yard Main Address\")]"}
RESULT: {}
RESULT: {"using":"xpath","value":"//*[contains(@data-kt ,\"ContextMenuId3Link\")][contains(text(), \"Yard Main Address\")]"}
COMMAND: POST /session/09f7b38f634ad4118b42a529d9c234e8/execute/sync - {"script":"<script> [8489 bytes]","args":[{"element-6066-11e4-a52e-4f735466cecf":"f.ED9B64560877B714BB030CF0107CFFD4.d.955C62414638CC9EFBD10E22936BD0B1.e.2772","ELEMENT":"f.ED9B64560877B714BB030CF0107CFFD4.d.955C62414638CC9EFBD10E22936BD0B1.e.2772"}]}
COMMAND: POST /session/09f7b38f634ad4118b42a529d9c234e8/element - {"using":"xpath","value":"//*[contains(@data-kt ,\"ContextMenuId2Link\")][contains(text(), \"Yard Overview\")]"}
RESULT: {"script":"<script> [8489 bytes]","args":[{"element-6066-11e4-a52e-4f735466cecf":"f.ED9B64560877B714BB030CF0107CFFD4.d.955C62414638CC9EFBD10E22936BD0B1.e.2771","ELEMENT":"f.ED9B64560877B714BB030CF0107CFFD4.d.955C62414638CC9EFBD10E22936BD0B1.e.2771"}]}
COMMAND: GET /session/09f7b38f634ad4118b42a529d9c234e8/screenshot - {}
RESULT: {"script":"<script> [8489 bytes]","args":[{"element-6066-11e4-a52e-4f735466cecf":"f.ED9B64560877B714BB030CF0107CFFD4.d.955C62414638CC9EFBD10E22936BD0B1.e.2772","ELEMENT":"f.ED9B64560877B714BB030CF0107CFFD4.d.955C62414638CC9EFBD10E22936BD0B1.e.2772"}]}
COMMAND: GET /session/09f7b38f634ad4118b42a529d9c234e8/screenshot - {}
RESULT: {"using":"xpath","value":"//*[contains(@data-kt ,\"ContextMenuId2Link\")][contains(text(), \"Yard Overview\")]"}
COMMAND: POST /session/09f7b38f634ad4118b42a529d9c234e8/element/f.ED9B64560877B714BB030CF0107CFFD4.d.955C62414638CC9EFBD10E22936BD0B1.e.2771/click - {}
RESULT: {}
RESULT: {}
RESULT: {}
COMMAND: GET /session/09f7b38f634ad4118b42a529d9c234e8/screenshot - {}
RESULT: {}
COMMAND: POST /session/09f7b38f634ad4118b42a529d9c234e8/execute/async - {"script":"<script> [1562 bytes]","args":[{"selector":{"id":"shellAppTitle"},"wdio_ui5_key":"shellAppTitle"}]}
RESULT: {"script":"<script> [1562 bytes]","args":[{"selector":{"id":"shellAppTitle"},"wdio_ui5_key":"shellAppTitle"}]}
RESULT: undefined
COMMAND: POST /session/09f7b38f634ad4118b42a529d9c234e8/execute/async - {"script":"<script> [6424 bytes]","args":[{"element-6066-11e4-a52e-4f735466cecf":"f.ED9B64560877B714BB030CF0107CFFD4.d.955C62414638CC9EFBD10E22936BD0B1.e.2910"},"getTitle",[]]}
RESULT: {"script":"<script> [6424 bytes]","args":[{"element-6066-11e4-a52e-4f735466cecf":"f.ED9B64560877B714BB030CF0107CFFD4.d.955C62414638CC9EFBD10E22936BD0B1.e.2910"},"getTitle",[]]}
COMMAND: POST /session/09f7b38f634ad4118b42a529d9c234e8/element - {"using":"xpath","value":"//span[contains(@id ,\"title\")][contains(text(), \"WebdriverYardxwpz1\")]"}
RESULT: {"using":"xpath","value":"//span[contains(@id ,\"title\")][contains(text(), \"WebdriverYardxwpz1\")]"}
COMMAND: POST /session/09f7b38f634ad4118b42a529d9c234e8/execute/sync - {"script":"<script> [8489 bytes]","args":[{"element-6066-11e4-a52e-4f735466cecf":"f.ED9B64560877B714BB030CF0107CFFD4.d.955C62414638CC9EFBD10E22936BD0B1.e.2911","ELEMENT":"f.ED9B64560877B714BB030CF0107CFFD4.d.955C62414638CC9EFBD10E22936BD0B1.e.2911"}]}
COMMAND: POST /session/09f7b38f634ad4118b42a529d9c234e8/execute/async - {"script":"<script> [1562 bytes]","args":[{"selector":{"id":"backBtn"},"wdio_ui5_key":"backBtn"}]}
RESULT: {"script":"<script> [8489 bytes]","args":[{"element-6066-11e4-a52e-4f735466cecf":"f.ED9B64560877B714BB030CF0107CFFD4.d.955C62414638CC9EFBD10E22936BD0B1.e.2911","ELEMENT":"f.ED9B64560877B714BB030CF0107CFFD4.d.955C62414638CC9EFBD10E22936BD0B1.e.2911"}]}
COMMAND: GET /session/09f7b38f634ad4118b42a529d9c234e8/screenshot - {}
RESULT: {"script":"<script> [1562 bytes]","args":[{"selector":{"id":"backBtn"},"wdio_ui5_key":"backBtn"}]}
RESULT: undefined
COMMAND: POST /session/09f7b38f634ad4118b42a529d9c234e8/element - {"using":"xpath","value":"//*[@id=\"backBtn\"]"}
COMMAND: POST /session/09f7b38f634ad4118b42a529d9c234e8/execute/sync - {"script":"<script> [8489 bytes]","args":[{"element-6066-11e4-a52e-4f735466cecf":"f.ED9B64560877B714BB030CF0107CFFD4.d.955C62414638CC9EFBD10E22936BD0B1.e.2911","ELEMENT":"f.ED9B64560877B714BB030CF0107CFFD4.d.955C62414638CC9EFBD10E22936BD0B1.e.2911"}]}
RESULT: {}
RESULT: {"using":"xpath","value":"//*[@id=\"backBtn\"]"}
COMMAND: POST /session/09f7b38f634ad4118b42a529d9c234e8/element/f.ED9B64560877B714BB030CF0107CFFD4.d.955C62414638CC9EFBD10E22936BD0B1.e.2912/click - {}
RESULT: {"script":"<script> [8489 bytes]","args":[{"element-6066-11e4-a52e-4f735466cecf":"f.ED9B64560877B714BB030CF0107CFFD4.d.955C62414638CC9EFBD10E22936BD0B1.e.2911","ELEMENT":"f.ED9B64560877B714BB030CF0107CFFD4.d.955C62414638CC9EFBD10E22936BD0B1.e.2911"}]}
COMMAND: GET /session/09f7b38f634ad4118b42a529d9c234e8/screenshot - {}
RESULT: {}
COMMAND: GET /session/09f7b38f634ad4118b42a529d9c234e8/screenshot - {}
COMMAND: POST /session/09f7b38f634ad4118b42a529d9c234e8/execute/sync - {"script":"<script> [8489 bytes]","args":[{"element-6066-11e4-a52e-4f735466cecf":"f.ED9B64560877B714BB030CF0107CFFD4.d.955C62414638CC9EFBD10E22936BD0B1.e.2911","ELEMENT":"f.ED9B64560877B714BB030CF0107CFFD4.d.955C62414638CC9EFBD10E22936BD0B1.e.2911"}]}
RESULT: {}
RESULT: {}
COMMAND: POST /session/09f7b38f634ad4118b42a529d9c234e8/element - {"using":"xpath","value":"//span[contains(@id ,\"title\")][contains(text(), \"WebdriverYardxwpz1\")]"}
RESULT: {"using":"xpath","value":"//span[contains(@id ,\"title\")][contains(text(), \"WebdriverYardxwpz1\")]"}
COMMAND: POST /session/09f7b38f634ad4118b42a529d9c234e8/element - {"using":"xpath","value":"//span[contains(@id ,\"title\")][contains(text(), \"WebdriverYardxwpz1\")]"}
RESULT: {"using":"xpath","value":"//span[contains(@id ,\"title\")][contains(text(), \"WebdriverYardxwpz1\")]"}
COMMAND: POST /session/09f7b38f634ad4118b42a529d9c234e8/element - {"using":"xpath","value":"//span[contains(@id ,\"title\")][contains(text(), \"WebdriverYardxwpz1\")]"}
RESULT: {"using":"xpath","value":"//span[contains(@id ,\"title\")][contains(text(), \"WebdriverYardxwpz1\")]"}
COMMAND: POST /session/09f7b38f634ad4118b42a529d9c234e8/element - {"using":"xpath","value":"//span[contains(@id ,\"title\")][contains(text(), \"WebdriverYardxwpz1\")]"}
RESULT: {"using":"xpath","value":"//span[contains(@id ,\"title\")][contains(text(), \"WebdriverYardxwpz1\")]"}
COMMAND: POST /session/09f7b38f634ad4118b42a529d9c234e8/element - {"using":"xpath","value":"//span[contains(@id ,\"title\")][contains(text(), \"WebdriverYardxwpz1\")]"}
RESULT: {"using":"xpath","value":"//span[contains(@id ,\"title\")][contains(text(), \"WebdriverYardxwpz1\")]"}
COMMAND: POST /session/09f7b38f634ad4118b42a529d9c234e8/element - {"using":"xpath","value":"//span[contains(@id ,\"title\")][contains(text(), \"WebdriverYardxwpz1\")]"}
RESULT: {"using":"xpath","value":"//span[contains(@id ,\"title\")][contains(text(), \"WebdriverYardxwpz1\")]"}
COMMAND: POST /session/09f7b38f634ad4118b42a529d9c234e8/element - {"using":"xpath","value":"//span[contains(@id ,\"title\")][contains(text(), \"WebdriverYardxwpz1\")]"}
RESULT: {"using":"xpath","value":"//span[contains(@id ,\"title\")][contains(text(), \"WebdriverYardxwpz1\")]"}
COMMAND: POST /session/09f7b38f634ad4118b42a529d9c234e8/element - {"using":"xpath","value":"//span[contains(@id ,\"title\")][contains(text(), \"WebdriverYardxwpz1\")]"}
RESULT: {"using":"xpath","value":"//span[contains(@id ,\"title\")][contains(text(), \"WebdriverYardxwpz1\")]"}
COMMAND: POST /session/09f7b38f634ad4118b42a529d9c234e8/element - {"using":"xpath","value":"//*[contains(@data-kt ,\"webshopDetailYardLink\")]"}
RESULT: {"using":"xpath","value":"//*[contains(@data-kt ,\"webshopDetailYardLink\")]"}
COMMAND: POST /session/09f7b38f634ad4118b42a529d9c234e8/execute/sync - {"script":"<script> [8489 bytes]","args":[{"element-6066-11e4-a52e-4f735466cecf":"f.ED9B64560877B714BB030CF0107CFFD4.d.955C62414638CC9EFBD10E22936BD0B1.e.3062","ELEMENT":"f.ED9B64560877B714BB030CF0107CFFD4.d.955C62414638CC9EFBD10E22936BD0B1.e.3062"}]}
RESULT: {"script":"<script> [8489 bytes]","args":[{"element-6066-11e4-a52e-4f735466cecf":"f.ED9B64560877B714BB030CF0107CFFD4.d.955C62414638CC9EFBD10E22936BD0B1.e.3062","ELEMENT":"f.ED9B64560877B714BB030CF0107CFFD4.d.955C62414638CC9EFBD10E22936BD0B1.e.3062"}]}
COMMAND: POST /session/09f7b38f634ad4118b42a529d9c234e8/execute/sync - {"script":"<script> [5351 bytes]","args":[{"element-6066-11e4-a52e-4f735466cecf":"f.ED9B64560877B714BB030CF0107CFFD4.d.955C62414638CC9EFBD10E22936BD0B1.e.3062","ELEMENT":"f.ED9B64560877B714BB030CF0107CFFD4.d.955C62414638CC9EFBD10E22936BD0B1.e.3062"}]}
COMMAND: GET /session/09f7b38f634ad4118b42a529d9c234e8/screenshot - {}
RESULT: {"script":"<script> [5351 bytes]","args":[{"element-6066-11e4-a52e-4f735466cecf":"f.ED9B64560877B714BB030CF0107CFFD4.d.955C62414638CC9EFBD10E22936BD0B1.e.3062","ELEMENT":"f.ED9B64560877B714BB030CF0107CFFD4.d.955C62414638CC9EFBD10E22936BD0B1.e.3062"}]}
COMMAND: POST /session/09f7b38f634ad4118b42a529d9c234e8/element - {"using":"xpath","value":"//*[contains(@data-kt ,\"webshopDetailYardLink\")]"}
COMMAND: GET /session/09f7b38f634ad4118b42a529d9c234e8/screenshot - {}
COMMAND: POST /session/09f7b38f634ad4118b42a529d9c234e8/element - {"using":"xpath","value":"//span[contains(@id ,\"title\")][contains(text(), \"WebdriverYardxwpz1\")]"}
RESULT: {}
RESULT: {"using":"xpath","value":"//*[contains(@data-kt ,\"webshopDetailYardLink\")]"}
COMMAND: POST /session/09f7b38f634ad4118b42a529d9c234e8/element/f.ED9B64560877B714BB030CF0107CFFD4.d.955C62414638CC9EFBD10E22936BD0B1.e.3062/click - {}
RESULT: {}
RESULT: {"using":"xpath","value":"//span[contains(@id ,\"title\")][contains(text(), \"WebdriverYardxwpz1\")]"}
RESULT: {}
COMMAND: GET /session/09f7b38f634ad4118b42a529d9c234e8/screenshot - {}
COMMAND: POST /session/09f7b38f634ad4118b42a529d9c234e8/element - {"using":"xpath","value":"//span[contains(@id ,\"title\")][contains(text(), \"WebdriverYardxwpz1\")]"}
RESULT: {}
RESULT: {"using":"xpath","value":"//span[contains(@id ,\"title\")][contains(text(), \"WebdriverYardxwpz1\")]"}
COMMAND: POST /session/09f7b38f634ad4118b42a529d9c234e8/execute/sync - {"script":"<script> [8489 bytes]","args":[{"element-6066-11e4-a52e-4f735466cecf":"f.ED9B64560877B714BB030CF0107CFFD4.d.955C62414638CC9EFBD10E22936BD0B1.e.3064","ELEMENT":"f.ED9B64560877B714BB030CF0107CFFD4.d.955C62414638CC9EFBD10E22936BD0B1.e.3064"}]}
COMMAND: POST /session/09f7b38f634ad4118b42a529d9c234e8/element - {"using":"xpath","value":"//*[contains(@data-kt ,\"ContextMenuId3Link\")][contains(text(), \"Yard Main Address\")]"}
RESULT: {"script":"<script> [8489 bytes]","args":[{"element-6066-11e4-a52e-4f735466cecf":"f.ED9B64560877B714BB030CF0107CFFD4.d.955C62414638CC9EFBD10E22936BD0B1.e.3064","ELEMENT":"f.ED9B64560877B714BB030CF0107CFFD4.d.955C62414638CC9EFBD10E22936BD0B1.e.3064"}]}
COMMAND: GET /session/09f7b38f634ad4118b42a529d9c234e8/screenshot - {}
RESULT: {"using":"xpath","value":"//*[contains(@data-kt ,\"ContextMenuId3Link\")][contains(text(), \"Yard Main Address\")]"}
COMMAND: POST /session/09f7b38f634ad4118b42a529d9c234e8/element/f.ED9B64560877B714BB030CF0107CFFD4.d.955C62414638CC9EFBD10E22936BD0B1.e.3065/click - {}
RESULT: {}
RESULT: {}
COMMAND: GET /session/09f7b38f634ad4118b42a529d9c234e8/screenshot - {}
RESULT: {}
COMMAND: POST /session/09f7b38f634ad4118b42a529d9c234e8/execute/async - {"script":"<script> [1562 bytes]","args":[{"selector":{"id":"application-addressmanagement-display-component---masterAdm--title1"},"wdio_ui5_key":"applicationaddressmanagement-display-component---masterAdm--title1"}]}
RESULT: {"script":"<script> [1562 bytes]","args":[{"selector":{"id":"application-addressmanagement-display-component---masterAdm--title1"},"wdio_ui5_key":"applicationaddressmanagement-display-component---masterAdm--title1"}]}
RESULT: undefined
COMMAND: POST /session/09f7b38f634ad4118b42a529d9c234e8/execute/async - {"script":"<script> [6424 bytes]","args":[{"element-6066-11e4-a52e-4f735466cecf":"f.ED9B64560877B714BB030CF0107CFFD4.d.955C62414638CC9EFBD10E22936BD0B1.e.3287"},"getText",[]]}
RESULT: {"script":"<script> [6424 bytes]","args":[{"element-6066-11e4-a52e-4f735466cecf":"f.ED9B64560877B714BB030CF0107CFFD4.d.955C62414638CC9EFBD10E22936BD0B1.e.3287"},"getText",[]]}
COMMAND: POST /session/09f7b38f634ad4118b42a529d9c234e8/element - {"using":"xpath","value":"//span[contains(text(), \"WebdriverYardjjtihg\")][contains(@id ,\"application-addressmanagement-display-component---detailAdm--addressDetailDetailsName1\")]"}
RESULT: {"using":"xpath","value":"//span[contains(text(), \"WebdriverYardjjtihg\")][contains(@id ,\"application-addressmanagement-display-component---detailAdm--addressDetailDetailsName1\")]"}
COMMAND: POST /session/09f7b38f634ad4118b42a529d9c234e8/element - {"using":"xpath","value":"//span[contains(text(), \"WebdriverYardjjtihg\")][contains(@id ,\"application-addressmanagement-display-component---detailAdm--addressDetailDetailsName1\")]"}
RESULT: undefined
COMMAND: POST /session/09f7b38f634ad4118b42a529d9c234e8/element - {"using":"xpath","value":"//*[@id=\"backBtn\"]"}
RESULT: {"using":"xpath","value":"//*[@id=\"backBtn\"]"}
COMMAND: POST /session/09f7b38f634ad4118b42a529d9c234e8/element/f.ED9B64560877B714BB030CF0107CFFD4.d.955C62414638CC9EFBD10E22936BD0B1.e.2912/click - {}
RESULT: {"using":"xpath","value":"//span[contains(text(), \"WebdriverYardjjtihg\")][contains(@id ,\"application-addressmanagement-display-component---detailAdm--addressDetailDetailsName1\")]"}
RESULT: {}
COMMAND: GET /session/09f7b38f634ad4118b42a529d9c234e8/screenshot - {}
COMMAND: POST /session/09f7b38f634ad4118b42a529d9c234e8/element - {"using":"xpath","value":"//span[contains(text(), \"WebdriverYardjjtihg\")][contains(@id ,\"application-addressmanagement-display-component---detailAdm--addressDetailDetailsName1\")]"}
RESULT: {}
RESULT: {"using":"xpath","value":"//span[contains(text(), \"WebdriverYardjjtihg\")][contains(@id ,\"application-addressmanagement-display-component---detailAdm--addressDetailDetailsName1\")]"}
COMMAND: POST /session/09f7b38f634ad4118b42a529d9c234e8/element - {"using":"xpath","value":"//span[contains(text(), \"WebdriverYardjjtihg\")][contains(@id ,\"application-addressmanagement-display-component---detailAdm--addressDetailDetailsName1\")]"}
RESULT: {"using":"xpath","value":"//span[contains(text(), \"WebdriverYardjjtihg\")][contains(@id ,\"application-addressmanagement-display-component---detailAdm--addressDetailDetailsName1\")]"}
COMMAND: POST /session/09f7b38f634ad4118b42a529d9c234e8/element - {"using":"xpath","value":"//span[contains(text(), \"WebdriverYardjjtihg\")][contains(@id ,\"application-addressmanagement-display-component---detailAdm--addressDetailDetailsName1\")]"}
RESULT: {"using":"xpath","value":"//span[contains(text(), \"WebdriverYardjjtihg\")][contains(@id ,\"application-addressmanagement-display-component---detailAdm--addressDetailDetailsName1\")]"}
COMMAND: POST /session/09f7b38f634ad4118b42a529d9c234e8/element - {"using":"xpath","value":"//span[contains(text(), \"WebdriverYardjjtihg\")][contains(@id ,\"application-addressmanagement-display-component---detailAdm--addressDetailDetailsName1\")]"}
RESULT: {"using":"xpath","value":"//span[contains(text(), \"WebdriverYardjjtihg\")][contains(@id ,\"application-addressmanagement-display-component---detailAdm--addressDetailDetailsName1\")]"}
COMMAND: POST /session/09f7b38f634ad4118b42a529d9c234e8/element - {"using":"xpath","value":"//span[contains(text(), \"WebdriverYardjjtihg\")][contains(@id ,\"application-addressmanagement-display-component---detailAdm--addressDetailDetailsName1\")]"}
RESULT: {"using":"xpath","value":"//span[contains(text(), \"WebdriverYardjjtihg\")][contains(@id ,\"application-addressmanagement-display-component---detailAdm--addressDetailDetailsName1\")]"}
COMMAND: POST /session/09f7b38f634ad4118b42a529d9c234e8/element - {"using":"xpath","value":"//span[contains(text(), \"WebdriverYardjjtihg\")][contains(@id ,\"application-addressmanagement-display-component---detailAdm--addressDetailDetailsName1\")]"}
RESULT: {"using":"xpath","value":"//span[contains(text(), \"WebdriverYardjjtihg\")][contains(@id ,\"application-addressmanagement-display-component---detailAdm--addressDetailDetailsName1\")]"}
COMMAND: POST /session/09f7b38f634ad4118b42a529d9c234e8/element - {"using":"xpath","value":"//span[contains(text(), \"WebdriverYardjjtihg\")][contains(@id ,\"application-addressmanagement-display-component---detailAdm--addressDetailDetailsName1\")]"}
RESULT: {"using":"xpath","value":"//span[contains(text(), \"WebdriverYardjjtihg\")][contains(@id ,\"application-addressmanagement-display-component---detailAdm--addressDetailDetailsName1\")]"}
COMMAND: POST /session/09f7b38f634ad4118b42a529d9c234e8/element - {"using":"xpath","value":"//span[contains(text(), \"WebdriverYardjjtihg\")][contains(@id ,\"application-addressmanagement-display-component---detailAdm--addressDetailDetailsName1\")]"}
RESULT: {"using":"xpath","value":"//span[contains(text(), \"WebdriverYardjjtihg\")][contains(@id ,\"application-addressmanagement-display-component---detailAdm--addressDetailDetailsName1\")]"}
COMMAND: POST /session/09f7b38f634ad4118b42a529d9c234e8/element - {"using":"xpath","value":"//span[contains(text(), \"WebdriverYardjjtihg\")][contains(@id ,\"application-addressmanagement-display-component---detailAdm--addressDetailDetailsName1\")]"}
RESULT: {"using":"xpath","value":"//span[contains(text(), \"WebdriverYardjjtihg\")][contains(@id ,\"application-addressmanagement-display-component---detailAdm--addressDetailDetailsName1\")]"}
COMMAND: POST /session/09f7b38f634ad4118b42a529d9c234e8/element - {"using":"xpath","value":"//span[contains(text(), \"WebdriverYardjjtihg\")][contains(@id ,\"application-addressmanagement-display-component---detailAdm--addressDetailDetailsName1\")]"}
RESULT: {"using":"xpath","value":"//span[contains(text(), \"WebdriverYardjjtihg\")][contains(@id ,\"application-addressmanagement-display-component---detailAdm--addressDetailDetailsName1\")]"}
COMMAND: POST /session/09f7b38f634ad4118b42a529d9c234e8/element - {"using":"xpath","value":"//span[contains(text(), \"WebdriverYardjjtihg\")][contains(@id ,\"application-addressmanagement-display-component---detailAdm--addressDetailDetailsName1\")]"}
RESULT: {"using":"xpath","value":"//span[contains(text(), \"WebdriverYardjjtihg\")][contains(@id ,\"application-addressmanagement-display-component---detailAdm--addressDetailDetailsName1\")]"}
COMMAND: POST /session/09f7b38f634ad4118b42a529d9c234e8/element - {"using":"xpath","value":"//span[contains(text(), \"WebdriverYardjjtihg\")][contains(@id ,\"application-addressmanagement-display-component---detailAdm--addressDetailDetailsName1\")]"}
RESULT: {"using":"xpath","value":"//span[contains(text(), \"WebdriverYardjjtihg\")][contains(@id ,\"application-addressmanagement-display-component---detailAdm--addressDetailDetailsName1\")]"}
COMMAND: POST /session/09f7b38f634ad4118b42a529d9c234e8/element - {"using":"xpath","value":"//span[contains(text(), \"WebdriverYardjjtihg\")][contains(@id ,\"application-addressmanagement-display-component---detailAdm--addressDetailDetailsName1\")]"}
RESULT: {"using":"xpath","value":"//span[contains(text(), \"WebdriverYardjjtihg\")][contains(@id ,\"application-addressmanagement-display-component---detailAdm--addressDetailDetailsName1\")]"}
COMMAND: POST /session/09f7b38f634ad4118b42a529d9c234e8/element - {"using":"xpath","value":"//span[contains(text(), \"WebdriverYardjjtihg\")][contains(@id ,\"application-addressmanagement-display-component---detailAdm--addressDetailDetailsName1\")]"}
RESULT: {"using":"xpath","value":"//span[contains(text(), \"WebdriverYardjjtihg\")][contains(@id ,\"application-addressmanagement-display-component---detailAdm--addressDetailDetailsName1\")]"}
COMMAND: POST /session/09f7b38f634ad4118b42a529d9c234e8/element - {"using":"xpath","value":"//span[contains(text(), \"WebdriverYardjjtihg\")][contains(@id ,\"application-addressmanagement-display-component---detailAdm--addressDetailDetailsName1\")]"}
RESULT: {"using":"xpath","value":"//span[contains(text(), \"WebdriverYardjjtihg\")][contains(@id ,\"application-addressmanagement-display-component---detailAdm--addressDetailDetailsName1\")]"}
COMMAND: POST /session/09f7b38f634ad4118b42a529d9c234e8/execute/sync - {"script":"<script> [8489 bytes]","args":[{"element-6066-11e4-a52e-4f735466cecf":"f.ED9B64560877B714BB030CF0107CFFD4.d.955C62414638CC9EFBD10E22936BD0B1.e.3062","ELEMENT":"f.ED9B64560877B714BB030CF0107CFFD4.d.955C62414638CC9EFBD10E22936BD0B1.e.3062"}]}
COMMAND: POST /session/09f7b38f634ad4118b42a529d9c234e8/element - {"using":"xpath","value":"//*[contains(@data-kt ,\"webshopDetailYardLink\")]"}
RESULT: {"using":"xpath","value":"//*[contains(@data-kt ,\"webshopDetailYardLink\")]"}
COMMAND: POST /session/09f7b38f634ad4118b42a529d9c234e8/execute/sync - {"script":"<script> [8489 bytes]","args":[{"element-6066-11e4-a52e-4f735466cecf":"f.ED9B64560877B714BB030CF0107CFFD4.d.955C62414638CC9EFBD10E22936BD0B1.e.3435","ELEMENT":"f.ED9B64560877B714BB030CF0107CFFD4.d.955C62414638CC9EFBD10E22936BD0B1.e.3435"}]}
RESULT: {"script":"<script> [8489 bytes]","args":[{"element-6066-11e4-a52e-4f735466cecf":"f.ED9B64560877B714BB030CF0107CFFD4.d.955C62414638CC9EFBD10E22936BD0B1.e.3435","ELEMENT":"f.ED9B64560877B714BB030CF0107CFFD4.d.955C62414638CC9EFBD10E22936BD0B1.e.3435"}]}
COMMAND: POST /session/09f7b38f634ad4118b42a529d9c234e8/execute/sync - {"script":"<script> [5351 bytes]","args":[{"element-6066-11e4-a52e-4f735466cecf":"f.ED9B64560877B714BB030CF0107CFFD4.d.955C62414638CC9EFBD10E22936BD0B1.e.3435","ELEMENT":"f.ED9B64560877B714BB030CF0107CFFD4.d.955C62414638CC9EFBD10E22936BD0B1.e.3435"}]}
COMMAND: GET /session/09f7b38f634ad4118b42a529d9c234e8/screenshot - {}
RESULT: {"script":"<script> [5351 bytes]","args":[{"element-6066-11e4-a52e-4f735466cecf":"f.ED9B64560877B714BB030CF0107CFFD4.d.955C62414638CC9EFBD10E22936BD0B1.e.3435","ELEMENT":"f.ED9B64560877B714BB030CF0107CFFD4.d.955C62414638CC9EFBD10E22936BD0B1.e.3435"}]}
COMMAND: POST /session/09f7b38f634ad4118b42a529d9c234e8/element - {"using":"xpath","value":"//*[contains(@data-kt ,\"webshopDetailYardLink\")]"}
COMMAND: GET /session/09f7b38f634ad4118b42a529d9c234e8/screenshot - {}
RESULT: {}
RESULT: {"using":"xpath","value":"//*[contains(@data-kt ,\"webshopDetailYardLink\")]"}
COMMAND: POST /session/09f7b38f634ad4118b42a529d9c234e8/element/f.ED9B64560877B714BB030CF0107CFFD4.d.955C62414638CC9EFBD10E22936BD0B1.e.3435/click - {}
COMMAND: POST /session/09f7b38f634ad4118b42a529d9c234e8/element - {"using":"xpath","value":"//span[contains(text(), \"WebdriverYardjjtihg\")][contains(@id ,\"application-addressmanagement-display-component---detailAdm--addressDetailDetailsName1\")]"}
RESULT: {}
RESULT: {}
RESULT: {"using":"xpath","value":"//span[contains(text(), \"WebdriverYardjjtihg\")][contains(@id ,\"application-addressmanagement-display-component---detailAdm--addressDetailDetailsName1\")]"}
COMMAND: GET /session/09f7b38f634ad4118b42a529d9c234e8/screenshot - {}
RESULT: {}
COMMAND: POST /session/09f7b38f634ad4118b42a529d9c234e8/element - {"using":"xpath","value":"//span[contains(text(), \"WebdriverYardjjtihg\")][contains(@id ,\"application-addressmanagement-display-component---detailAdm--addressDetailDetailsName1\")]"}
RESULT: {"using":"xpath","value":"//span[contains(text(), \"WebdriverYardjjtihg\")][contains(@id ,\"application-addressmanagement-display-component---detailAdm--addressDetailDetailsName1\")]"}
COMMAND: POST /session/09f7b38f634ad4118b42a529d9c234e8/element - {"using":"xpath","value":"//span[contains(text(), \"WebdriverYardjjtihg\")][contains(@id ,\"application-addressmanagement-display-component---detailAdm--addressDetailDetailsName1\")]"}
RESULT: {"using":"xpath","value":"//span[contains(text(), \"WebdriverYardjjtihg\")][contains(@id ,\"application-addressmanagement-display-component---detailAdm--addressDetailDetailsName1\")]"}
COMMAND: POST /session/09f7b38f634ad4118b42a529d9c234e8/element - {"using":"xpath","value":"//span[contains(text(), \"WebdriverYardjjtihg\")][contains(@id ,\"application-addressmanagement-display-component---detailAdm--addressDetailDetailsName1\")]"}
RESULT: {"using":"xpath","value":"//span[contains(text(), \"WebdriverYardjjtihg\")][contains(@id ,\"application-addressmanagement-display-component---detailAdm--addressDetailDetailsName1\")]"}
COMMAND: POST /session/09f7b38f634ad4118b42a529d9c234e8/element - {"using":"xpath","value":"//button[contains(@data-kt ,\"ContextMenuExternalId2Link\")]"}
RESULT: {"using":"xpath","value":"//button[contains(@data-kt ,\"ContextMenuExternalId2Link\")]"}
COMMAND: POST /session/09f7b38f634ad4118b42a529d9c234e8/element/f.ED9B64560877B714BB030CF0107CFFD4.d.955C62414638CC9EFBD10E22936BD0B1.e.3437/click - {}
COMMAND: POST /session/09f7b38f634ad4118b42a529d9c234e8/element - {"using":"xpath","value":"//span[contains(text(), \"WebdriverYardjjtihg\")][contains(@id ,\"application-addressmanagement-display-component---detailAdm--addressDetailDetailsName1\")]"}
RESULT: {}
COMMAND: GET /session/09f7b38f634ad4118b42a529d9c234e8/screenshot - {}
RESULT: {"using":"xpath","value":"//span[contains(text(), \"WebdriverYardjjtihg\")][contains(@id ,\"application-addressmanagement-display-component---detailAdm--addressDetailDetailsName1\")]"}
COMMAND: POST /session/09f7b38f634ad4118b42a529d9c234e8/element - {"using":"xpath","value":"//span[contains(text(), \"WebdriverYardjjtihg\")][contains(@id ,\"application-addressmanagement-display-component---detailAdm--addressDetailDetailsName1\")]"}
RESULT: {}
RESULT: {"using":"xpath","value":"//span[contains(text(), \"WebdriverYardjjtihg\")][contains(@id ,\"application-addressmanagement-display-component---detailAdm--addressDetailDetailsName1\")]"}
COMMAND: POST /session/09f7b38f634ad4118b42a529d9c234e8/element - {"using":"xpath","value":"//span[contains(text(), \"WebdriverYardjjtihg\")][contains(@id ,\"application-addressmanagement-display-component---detailAdm--addressDetailDetailsName1\")]"}
RESULT: {"using":"xpath","value":"//span[contains(text(), \"WebdriverYardjjtihg\")][contains(@id ,\"application-addressmanagement-display-component---detailAdm--addressDetailDetailsName1\")]"}
COMMAND: POST /session/09f7b38f634ad4118b42a529d9c234e8/element - {"using":"xpath","value":"//span[contains(text(), \"WebdriverYardjjtihg\")][contains(@id ,\"application-addressmanagement-display-component---detailAdm--addressDetailDetailsName1\")]"}
RESULT: {"using":"xpath","value":"//span[contains(text(), \"WebdriverYardjjtihg\")][contains(@id ,\"application-addressmanagement-display-component---detailAdm--addressDetailDetailsName1\")]"}
COMMAND: POST /session/09f7b38f634ad4118b42a529d9c234e8/element - {"using":"xpath","value":"//span[contains(text(), \"WebdriverYardjjtihg\")][contains(@id ,\"application-addressmanagement-display-component---detailAdm--addressDetailDetailsName1\")]"}
RESULT: {"using":"xpath","value":"//span[contains(text(), \"WebdriverYardjjtihg\")][contains(@id ,\"application-addressmanagement-display-component---detailAdm--addressDetailDetailsName1\")]"}
COMMAND: POST /session/09f7b38f634ad4118b42a529d9c234e8/element - {"using":"xpath","value":"//span[contains(text(), \"WebdriverYardjjtihg\")][contains(@id ,\"application-addressmanagement-display-component---detailAdm--addressDetailDetailsName1\")]"}
RESULT: {"using":"xpath","value":"//span[contains(text(), \"WebdriverYardjjtihg\")][contains(@id ,\"application-addressmanagement-display-component---detailAdm--addressDetailDetailsName1\")]"}
COMMAND: POST /session/09f7b38f634ad4118b42a529d9c234e8/element - {"using":"xpath","value":"//span[contains(text(), \"WebdriverYardjjtihg\")][contains(@id ,\"application-addressmanagement-display-component---detailAdm--addressDetailDetailsName1\")]"}
RESULT: {"using":"xpath","value":"//span[contains(text(), \"WebdriverYardjjtihg\")][contains(@id ,\"application-addressmanagement-display-component---detailAdm--addressDetailDetailsName1\")]"}
COMMAND: POST /session/09f7b38f634ad4118b42a529d9c234e8/element - {"using":"xpath","value":"//span[contains(text(), \"WebdriverYardjjtihg\")][contains(@id ,\"application-addressmanagement-display-component---detailAdm--addressDetailDetailsName1\")]"}
RESULT: {"using":"xpath","value":"//span[contains(text(), \"WebdriverYardjjtihg\")][contains(@id ,\"application-addressmanagement-display-component---detailAdm--addressDetailDetailsName1\")]"}
COMMAND: POST /session/09f7b38f634ad4118b42a529d9c234e8/element - {"using":"xpath","value":"//span[contains(text(), \"WebdriverYardjjtihg\")][contains(@id ,\"application-addressmanagement-display-component---detailAdm--addressDetailDetailsName1\")]"}
RESULT: {"using":"xpath","value":"//span[contains(text(), \"WebdriverYardjjtihg\")][contains(@id ,\"application-addressmanagement-display-component---detailAdm--addressDetailDetailsName1\")]"}
COMMAND: POST /session/09f7b38f634ad4118b42a529d9c234e8/element - {"using":"xpath","value":"//span[contains(text(), \"WebdriverYardjjtihg\")][contains(@id ,\"application-addressmanagement-display-component---detailAdm--addressDetailDetailsName1\")]"}
RESULT: {"using":"xpath","value":"//span[contains(text(), \"WebdriverYardjjtihg\")][contains(@id ,\"application-addressmanagement-display-component---detailAdm--addressDetailDetailsName1\")]"}
COMMAND: POST /session/09f7b38f634ad4118b42a529d9c234e8/element - {"using":"xpath","value":"//span[contains(text(), \"WebdriverYardjjtihg\")][contains(@id ,\"application-addressmanagement-display-component---detailAdm--addressDetailDetailsName1\")]"}
COMMAND: GET /session/09f7b38f634ad4118b42a529d9c234e8/window/handles - {}
RESULT: {"using":"xpath","value":"//span[contains(text(), \"WebdriverYardjjtihg\")][contains(@id ,\"application-addressmanagement-display-component---detailAdm--addressDetailDetailsName1\")]"}
COMMAND: POST /session/09f7b38f634ad4118b42a529d9c234e8/element - {"using":"xpath","value":"//span[contains(text(), \"WebdriverYardjjtihg\")][contains(@id ,\"application-addressmanagement-display-component---detailAdm--addressDetailDetailsName1\")]"}
RESULT: {}
COMMAND: POST /session/09f7b38f634ad4118b42a529d9c234e8/window - {"handle":"E91C3DEDE373F4963B401EE803BCAA42"}
RESULT: {"using":"xpath","value":"//span[contains(text(), \"WebdriverYardjjtihg\")][contains(@id ,\"application-addressmanagement-display-component---detailAdm--addressDetailDetailsName1\")]"}
RESULT: {"handle":"E91C3DEDE373F4963B401EE803BCAA42"}
COMMAND: GET /session/09f7b38f634ad4118b42a529d9c234e8/url - {}
COMMAND: POST /session/09f7b38f634ad4118b42a529d9c234e8/element - {"using":"xpath","value":"//span[contains(text(), \"WebdriverYardjjtihg\")][contains(@id ,\"application-addressmanagement-display-component---detailAdm--addressDetailDetailsName1\")]"}
RESULT: {}
COMMAND: GET /session/09f7b38f634ad4118b42a529d9c234e8/screenshot - {}
RESULT: {"using":"xpath","value":"//span[contains(text(), \"WebdriverYardjjtihg\")][contains(@id ,\"application-addressmanagement-display-component---detailAdm--addressDetailDetailsName1\")]"}
COMMAND: POST /session/09f7b38f634ad4118b42a529d9c234e8/element - {"using":"xpath","value":"//span[contains(text(), \"WebdriverYardjjtihg\")][contains(@id ,\"application-addressmanagement-display-component---detailAdm--addressDetailDetailsName1\")]"}
RESULT: {}
RESULT: {"using":"xpath","value":"//span[contains(text(), \"WebdriverYardjjtihg\")][contains(@id ,\"application-addressmanagement-display-component---detailAdm--addressDetailDetailsName1\")]"}
COMMAND: POST /session/09f7b38f634ad4118b42a529d9c234e8/element - {"using":"xpath","value":"//span[contains(text(), \"WebdriverYardjjtihg\")][contains(@id ,\"application-addressmanagement-display-component---detailAdm--addressDetailDetailsName1\")]"}
RESULT: {"using":"xpath","value":"//span[contains(text(), \"WebdriverYardjjtihg\")][contains(@id ,\"application-addressmanagement-display-component---detailAdm--addressDetailDetailsName1\")]"}
COMMAND: POST /session/09f7b38f634ad4118b42a529d9c234e8/element - {"using":"xpath","value":"//span[contains(text(), \"WebdriverYardjjtihg\")][contains(@id ,\"application-addressmanagement-display-component---detailAdm--addressDetailDetailsName1\")]"}
RESULT: {"using":"xpath","value":"//span[contains(text(), \"WebdriverYardjjtihg\")][contains(@id ,\"application-addressmanagement-display-component---detailAdm--addressDetailDetailsName1\")]"}
COMMAND: POST /session/09f7b38f634ad4118b42a529d9c234e8/element - {"using":"xpath","value":"//span[contains(text(), \"WebdriverYardjjtihg\")][contains(@id ,\"application-addressmanagement-display-component---detailAdm--addressDetailDetailsName1\")]"}
RESULT: {"using":"xpath","value":"//span[contains(text(), \"WebdriverYardjjtihg\")][contains(@id ,\"application-addressmanagement-display-component---detailAdm--addressDetailDetailsName1\")]"}
COMMAND: POST /session/09f7b38f634ad4118b42a529d9c234e8/element - {"using":"xpath","value":"//span[contains(text(), \"WebdriverYardjjtihg\")][contains(@id ,\"application-addressmanagement-display-component---detailAdm--addressDetailDetailsName1\")]"}
RESULT: {"using":"xpath","value":"//span[contains(text(), \"WebdriverYardjjtihg\")][contains(@id ,\"application-addressmanagement-display-component---detailAdm--addressDetailDetailsName1\")]"}
COMMAND: POST /session/09f7b38f634ad4118b42a529d9c234e8/element - {"using":"xpath","value":"//span[contains(text(), \"WebdriverYardjjtihg\")][contains(@id ,\"application-addressmanagement-display-component---detailAdm--addressDetailDetailsName1\")]"}
RESULT: {"using":"xpath","value":"//span[contains(text(), \"WebdriverYardjjtihg\")][contains(@id ,\"application-addressmanagement-display-component---detailAdm--addressDetailDetailsName1\")]"}
COMMAND: POST /session/09f7b38f634ad4118b42a529d9c234e8/element - {"using":"xpath","value":"//span[contains(text(), \"WebdriverYardjjtihg\")][contains(@id ,\"application-addressmanagement-display-component---detailAdm--addressDetailDetailsName1\")]"}
RESULT: {"using":"xpath","value":"//span[contains(text(), \"WebdriverYardjjtihg\")][contains(@id ,\"application-addressmanagement-display-component---detailAdm--addressDetailDetailsName1\")]"}
COMMAND: POST /session/09f7b38f634ad4118b42a529d9c234e8/element - {"using":"xpath","value":"//span[contains(text(), \"WebdriverYardjjtihg\")][contains(@id ,\"application-addressmanagement-display-component---detailAdm--addressDetailDetailsName1\")]"}
RESULT: {"using":"xpath","value":"//span[contains(text(), \"WebdriverYardjjtihg\")][contains(@id ,\"application-addressmanagement-display-component---detailAdm--addressDetailDetailsName1\")]"}
COMMAND: POST /session/09f7b38f634ad4118b42a529d9c234e8/element - {"using":"xpath","value":"//span[contains(text(), \"WebdriverYardjjtihg\")][contains(@id ,\"application-addressmanagement-display-component---detailAdm--addressDetailDetailsName1\")]"}
RESULT: {"using":"xpath","value":"//span[contains(text(), \"WebdriverYardjjtihg\")][contains(@id ,\"application-addressmanagement-display-component---detailAdm--addressDetailDetailsName1\")]"}
COMMAND: POST /session/09f7b38f634ad4118b42a529d9c234e8/element - {"using":"xpath","value":"//span[contains(text(), \"WebdriverYardjjtihg\")][contains(@id ,\"application-addressmanagement-display-component---detailAdm--addressDetailDetailsName1\")]"}
RESULT: {"using":"xpath","value":"//span[contains(text(), \"WebdriverYardjjtihg\")][contains(@id ,\"application-addressmanagement-display-component---detailAdm--addressDetailDetailsName1\")]"}
COMMAND: POST /session/09f7b38f634ad4118b42a529d9c234e8/execute/sync - {"script":"<script> [8489 bytes]","args":[{"element-6066-11e4-a52e-4f735466cecf":"f.ED9B64560877B714BB030CF0107CFFD4.d.955C62414638CC9EFBD10E22936BD0B1.e.3064","ELEMENT":"f.ED9B64560877B714BB030CF0107CFFD4.d.955C62414638CC9EFBD10E22936BD0B1.e.3064"}]}
COMMAND: DELETE /session/09f7b38f634ad4118b42a529d9c234e8/window - {}
RESULT: {}
COMMAND: POST /session/09f7b38f634ad4118b42a529d9c234e8/window - {"handle":"ED9B64560877B714BB030CF0107CFFD4"}
RESULT: {"handle":"ED9B64560877B714BB030CF0107CFFD4"}
COMMAND: GET /session/09f7b38f634ad4118b42a529d9c234e8/url - {}
COMMAND: POST /session/09f7b38f634ad4118b42a529d9c234e8/element - {"using":"xpath","value":"//span[contains(@id ,\"title\")][contains(text(), \"WebdriverYardxwpz1\")]"}
RESULT: {}
COMMAND: POST /session/09f7b38f634ad4118b42a529d9c234e8/element - {"using":"xpath","value":"//span[contains(text(), \"WebdriverYardjjtihg\")][contains(@id ,\"application-addressmanagement-display-component---detailAdm--addressDetailDetailsName1\")]"}
COMMAND: GET /session/09f7b38f634ad4118b42a529d9c234e8/screenshot - {}
RESULT: {"using":"xpath","value":"//span[contains(@id ,\"title\")][contains(text(), \"WebdriverYardxwpz1\")]"}
COMMAND: POST /session/09f7b38f634ad4118b42a529d9c234e8/execute/sync - {"script":"<script> [8489 bytes]","args":[{"element-6066-11e4-a52e-4f735466cecf":"f.ED9B64560877B714BB030CF0107CFFD4.d.955C62414638CC9EFBD10E22936BD0B1.e.3484","ELEMENT":"f.ED9B64560877B714BB030CF0107CFFD4.d.955C62414638CC9EFBD10E22936BD0B1.e.3484"}]}
RESULT: {"using":"xpath","value":"//span[contains(text(), \"WebdriverYardjjtihg\")][contains(@id ,\"application-addressmanagement-display-component---detailAdm--addressDetailDetailsName1\")]"}
COMMAND: POST /session/09f7b38f634ad4118b42a529d9c234e8/element - {"using":"xpath","value":"//span[contains(text(), \"WebdriverYardjjtihg\")][contains(@id ,\"application-addressmanagement-display-component---detailAdm--addressDetailDetailsName1\")]"}
RESULT: {}
RESULT: {"script":"<script> [8489 bytes]","args":[{"element-6066-11e4-a52e-4f735466cecf":"f.ED9B64560877B714BB030CF0107CFFD4.d.955C62414638CC9EFBD10E22936BD0B1.e.3484","ELEMENT":"f.ED9B64560877B714BB030CF0107CFFD4.d.955C62414638CC9EFBD10E22936BD0B1.e.3484"}]}
RESULT: {"using":"xpath","value":"//span[contains(text(), \"WebdriverYardjjtihg\")][contains(@id ,\"application-addressmanagement-display-component---detailAdm--addressDetailDetailsName1\")]"}
COMMAND: GET /session/09f7b38f634ad4118b42a529d9c234e8/screenshot - {}
RESULT: {}
COMMAND: POST /session/09f7b38f634ad4118b42a529d9c234e8/element - {"using":"xpath","value":"//span[contains(text(), \"WebdriverYardjjtihg\")][contains(@id ,\"application-addressmanagement-display-component---detailAdm--addressDetailDetailsName1\")]"}
RESULT: {"using":"xpath","value":"//span[contains(text(), \"WebdriverYardjjtihg\")][contains(@id ,\"application-addressmanagement-display-component---detailAdm--addressDetailDetailsName1\")]"}
COMMAND: POST /session/09f7b38f634ad4118b42a529d9c234e8/element - {"using":"xpath","value":"//span[contains(text(), \"WebdriverYardjjtihg\")][contains(@id ,\"application-addressmanagement-display-component---detailAdm--addressDetailDetailsName1\")]"}
RESULT: {"using":"xpath","value":"//span[contains(text(), \"WebdriverYardjjtihg\")][contains(@id ,\"application-addressmanagement-display-component---detailAdm--addressDetailDetailsName1\")]"}
COMMAND: POST /session/09f7b38f634ad4118b42a529d9c234e8/element - {"using":"xpath","value":"//span[contains(text(), \"WebdriverYardjjtihg\")][contains(@id ,\"application-addressmanagement-display-component---detailAdm--addressDetailDetailsName1\")]"}
RESULT: {"using":"xpath","value":"//span[contains(text(), \"WebdriverYardjjtihg\")][contains(@id ,\"application-addressmanagement-display-component---detailAdm--addressDetailDetailsName1\")]"}
COMMAND: POST /session/09f7b38f634ad4118b42a529d9c234e8/element - {"using":"xpath","value":"//span[contains(text(), \"WebdriverYardjjtihg\")][contains(@id ,\"application-addressmanagement-display-component---detailAdm--addressDetailDetailsName1\")]"}
RESULT: {"using":"xpath","value":"//span[contains(text(), \"WebdriverYardjjtihg\")][contains(@id ,\"application-addressmanagement-display-component---detailAdm--addressDetailDetailsName1\")]"}
COMMAND: POST /session/09f7b38f634ad4118b42a529d9c234e8/element - {"using":"xpath","value":"//span[contains(text(), \"WebdriverYardjjtihg\")][contains(@id ,\"application-addressmanagement-display-component---detailAdm--addressDetailDetailsName1\")]"}
RESULT: {"using":"xpath","value":"//span[contains(text(), \"WebdriverYardjjtihg\")][contains(@id ,\"application-addressmanagement-display-component---detailAdm--addressDetailDetailsName1\")]"}
COMMAND: POST /session/09f7b38f634ad4118b42a529d9c234e8/element - {"using":"xpath","value":"//span[contains(text(), \"WebdriverYardjjtihg\")][contains(@id ,\"application-addressmanagement-display-component---detailAdm--addressDetailDetailsName1\")]"}
RESULT: {"using":"xpath","value":"//span[contains(text(), \"WebdriverYardjjtihg\")][contains(@id ,\"application-addressmanagement-display-component---detailAdm--addressDetailDetailsName1\")]"}
COMMAND: POST /session/09f7b38f634ad4118b42a529d9c234e8/element - {"using":"xpath","value":"//span[contains(text(), \"WebdriverYardjjtihg\")][contains(@id ,\"application-addressmanagement-display-component---detailAdm--addressDetailDetailsName1\")]"}
RESULT: {"using":"xpath","value":"//span[contains(text(), \"WebdriverYardjjtihg\")][contains(@id ,\"application-addressmanagement-display-component---detailAdm--addressDetailDetailsName1\")]"}
COMMAND: POST /session/09f7b38f634ad4118b42a529d9c234e8/element - {"using":"xpath","value":"//span[contains(text(), \"WebdriverYardjjtihg\")][contains(@id ,\"application-addressmanagement-display-component---detailAdm--addressDetailDetailsName1\")]"}
RESULT: {"using":"xpath","value":"//span[contains(text(), \"WebdriverYardjjtihg\")][contains(@id ,\"application-addressmanagement-display-component---detailAdm--addressDetailDetailsName1\")]"}
COMMAND: POST /session/09f7b38f634ad4118b42a529d9c234e8/element - {"using":"xpath","value":"//button[contains(@data-kt ,\"ContextMenuExternalId3Link\")]"}
RESULT: {"using":"xpath","value":"//button[contains(@data-kt ,\"ContextMenuExternalId3Link\")]"}
COMMAND: POST /session/09f7b38f634ad4118b42a529d9c234e8/element/f.ED9B64560877B714BB030CF0107CFFD4.d.955C62414638CC9EFBD10E22936BD0B1.e.3485/click - {}
RESULT: {}
COMMAND: GET /session/09f7b38f634ad4118b42a529d9c234e8/screenshot - {}
COMMAND: POST /session/09f7b38f634ad4118b42a529d9c234e8/element - {"using":"xpath","value":"//span[contains(text(), \"WebdriverYardjjtihg\")][contains(@id ,\"application-addressmanagement-display-component---detailAdm--addressDetailDetailsName1\")]"}
RESULT: {}
RESULT: {"using":"xpath","value":"//span[contains(text(), \"WebdriverYardjjtihg\")][contains(@id ,\"application-addressmanagement-display-component---detailAdm--addressDetailDetailsName1\")]"}
COMMAND: POST /session/09f7b38f634ad4118b42a529d9c234e8/element - {"using":"xpath","value":"//span[contains(text(), \"WebdriverYardjjtihg\")][contains(@id ,\"application-addressmanagement-display-component---detailAdm--addressDetailDetailsName1\")]"}
RESULT: {"using":"xpath","value":"//span[contains(text(), \"WebdriverYardjjtihg\")][contains(@id ,\"application-addressmanagement-display-component---detailAdm--addressDetailDetailsName1\")]"}
COMMAND: GET /session/09f7b38f634ad4118b42a529d9c234e8/window/handles - {}
RESULT: {}
COMMAND: POST /session/09f7b38f634ad4118b42a529d9c234e8/window - {"handle":"C0DC78AFE434521A4C35623B05AE9C25"}
RESULT: {"handle":"C0DC78AFE434521A4C35623B05AE9C25"}
COMMAND: GET /session/09f7b38f634ad4118b42a529d9c234e8/url - {}
RESULT: {}
COMMAND: GET /session/09f7b38f634ad4118b42a529d9c234e8/screenshot - {}
RESULT: {}
COMMAND: POST /session/09f7b38f634ad4118b42a529d9c234e8/element - {"using":"xpath","value":"//span[contains(text(), \"WebdriverYardjjtihg\")][contains(@id ,\"application-addressmanagement-display-component---detailAdm--addressDetailDetailsName1\")]"}
COMMAND: DELETE /session/09f7b38f634ad4118b42a529d9c234e8/window - {}
RESULT: {}
COMMAND: POST /session/09f7b38f634ad4118b42a529d9c234e8/window - {"handle":"ED9B64560877B714BB030CF0107CFFD4"}
RESULT: {"handle":"ED9B64560877B714BB030CF0107CFFD4"}
COMMAND: GET /session/09f7b38f634ad4118b42a529d9c234e8/url - {}
RESULT: {"using":"xpath","value":"//span[contains(text(), \"WebdriverYardjjtihg\")][contains(@id ,\"application-addressmanagement-display-component---detailAdm--addressDetailDetailsName1\")]"}
RESULT: {}
COMMAND: GET /session/09f7b38f634ad4118b42a529d9c234e8/screenshot - {}
COMMAND: POST /session/09f7b38f634ad4118b42a529d9c234e8/element - {"using":"xpath","value":"//span[contains(text(), \"WebdriverYardjjtihg\")][contains(@id ,\"application-addressmanagement-display-component---detailAdm--addressDetailDetailsName1\")]"}
RESULT: {}
RESULT: {"using":"xpath","value":"//span[contains(text(), \"WebdriverYardjjtihg\")][contains(@id ,\"application-addressmanagement-display-component---detailAdm--addressDetailDetailsName1\")]"}
COMMAND: POST /session/09f7b38f634ad4118b42a529d9c234e8/element - {"using":"xpath","value":"//span[contains(text(), \"WebdriverYardjjtihg\")][contains(@id ,\"application-addressmanagement-display-component---detailAdm--addressDetailDetailsName1\")]"}
RESULT: {"using":"xpath","value":"//span[contains(text(), \"WebdriverYardjjtihg\")][contains(@id ,\"application-addressmanagement-display-component---detailAdm--addressDetailDetailsName1\")]"}
COMMAND: POST /session/09f7b38f634ad4118b42a529d9c234e8/element - {"using":"xpath","value":"//span[contains(text(), \"WebdriverYardjjtihg\")][contains(@id ,\"application-addressmanagement-display-component---detailAdm--addressDetailDetailsName1\")]"}
RESULT: {"using":"xpath","value":"//span[contains(text(), \"WebdriverYardjjtihg\")][contains(@id ,\"application-addressmanagement-display-component---detailAdm--addressDetailDetailsName1\")]"}
COMMAND: POST /session/09f7b38f634ad4118b42a529d9c234e8/element - {"using":"xpath","value":"//span[contains(text(), \"WebdriverYardjjtihg\")][contains(@id ,\"application-addressmanagement-display-component---detailAdm--addressDetailDetailsName1\")]"}
RESULT: {"using":"xpath","value":"//span[contains(text(), \"WebdriverYardjjtihg\")][contains(@id ,\"application-addressmanagement-display-component---detailAdm--addressDetailDetailsName1\")]"}
COMMAND: POST /session/09f7b38f634ad4118b42a529d9c234e8/element - {"using":"xpath","value":"//span[contains(text(), \"WebdriverYardjjtihg\")][contains(@id ,\"application-addressmanagement-display-component---detailAdm--addressDetailDetailsName1\")]"}
RESULT: {"using":"xpath","value":"//span[contains(text(), \"WebdriverYardjjtihg\")][contains(@id ,\"application-addressmanagement-display-component---detailAdm--addressDetailDetailsName1\")]"}
COMMAND: POST /session/09f7b38f634ad4118b42a529d9c234e8/element - {"using":"xpath","value":"//span[contains(text(), \"WebdriverYardjjtihg\")][contains(@id ,\"application-addressmanagement-display-component---detailAdm--addressDetailDetailsName1\")]"}
RESULT: {"using":"xpath","value":"//span[contains(text(), \"WebdriverYardjjtihg\")][contains(@id ,\"application-addressmanagement-display-component---detailAdm--addressDetailDetailsName1\")]"}
COMMAND: POST /session/09f7b38f634ad4118b42a529d9c234e8/element - {"using":"xpath","value":"//span[contains(text(), \"WebdriverYardjjtihg\")][contains(@id ,\"application-addressmanagement-display-component---detailAdm--addressDetailDetailsName1\")]"}
RESULT: {"using":"xpath","value":"//span[contains(text(), \"WebdriverYardjjtihg\")][contains(@id ,\"application-addressmanagement-display-component---detailAdm--addressDetailDetailsName1\")]"}
COMMAND: POST /session/09f7b38f634ad4118b42a529d9c234e8/element - {"using":"xpath","value":"//span[contains(text(), \"WebdriverYardjjtihg\")][contains(@id ,\"application-addressmanagement-display-component---detailAdm--addressDetailDetailsName1\")]"}
RESULT: {"using":"xpath","value":"//span[contains(text(), \"WebdriverYardjjtihg\")][contains(@id ,\"application-addressmanagement-display-component---detailAdm--addressDetailDetailsName1\")]"}
COMMAND: POST /session/09f7b38f634ad4118b42a529d9c234e8/element - {"using":"xpath","value":"//span[contains(text(), \"WebdriverYardjjtihg\")][contains(@id ,\"application-addressmanagement-display-component---detailAdm--addressDetailDetailsName1\")]"}
RESULT: {"using":"xpath","value":"//span[contains(text(), \"WebdriverYardjjtihg\")][contains(@id ,\"application-addressmanagement-display-component---detailAdm--addressDetailDetailsName1\")]"}
COMMAND: POST /session/09f7b38f634ad4118b42a529d9c234e8/element - {"using":"xpath","value":"//span[contains(text(), \"WebdriverYardjjtihg\")][contains(@id ,\"application-addressmanagement-display-component---detailAdm--addressDetailDetailsName1\")]"}
RESULT: {"using":"xpath","value":"//span[contains(text(), \"WebdriverYardjjtihg\")][contains(@id ,\"application-addressmanagement-display-component---detailAdm--addressDetailDetailsName1\")]"}
]]></system-out>
    </testcase>
    <testcase classname="chrome.136_0_7103_49.windows.Webshop_-_Hyperlinks_visible_and_working_properly__US139085" name="Shpuld verify site hyperlinks" time="221.272">
      <system-out><![CDATA[
COMMAND: POST /session/09f7b38f634ad4118b42a529d9c234e8/element - {"using":"xpath","value":"//*[contains(@data-kt ,\"webshopDetailSiteLink\")]"}
RESULT: {"using":"xpath","value":"//*[contains(@data-kt ,\"webshopDetailSiteLink\")]"}
COMMAND: POST /session/09f7b38f634ad4118b42a529d9c234e8/execute/sync - {"script":"<script> [8489 bytes]","args":[{"element-6066-11e4-a52e-4f735466cecf":"f.ED9B64560877B714BB030CF0107CFFD4.d.955C62414638CC9EFBD10E22936BD0B1.e.3694","ELEMENT":"f.ED9B64560877B714BB030CF0107CFFD4.d.955C62414638CC9EFBD10E22936BD0B1.e.3694"}]}
RESULT: {"script":"<script> [8489 bytes]","args":[{"element-6066-11e4-a52e-4f735466cecf":"f.ED9B64560877B714BB030CF0107CFFD4.d.955C62414638CC9EFBD10E22936BD0B1.e.3694","ELEMENT":"f.ED9B64560877B714BB030CF0107CFFD4.d.955C62414638CC9EFBD10E22936BD0B1.e.3694"}]}
COMMAND: POST /session/09f7b38f634ad4118b42a529d9c234e8/execute/sync - {"script":"<script> [5351 bytes]","args":[{"element-6066-11e4-a52e-4f735466cecf":"f.ED9B64560877B714BB030CF0107CFFD4.d.955C62414638CC9EFBD10E22936BD0B1.e.3694","ELEMENT":"f.ED9B64560877B714BB030CF0107CFFD4.d.955C62414638CC9EFBD10E22936BD0B1.e.3694"}]}
COMMAND: GET /session/09f7b38f634ad4118b42a529d9c234e8/screenshot - {}
RESULT: {"script":"<script> [5351 bytes]","args":[{"element-6066-11e4-a52e-4f735466cecf":"f.ED9B64560877B714BB030CF0107CFFD4.d.955C62414638CC9EFBD10E22936BD0B1.e.3694","ELEMENT":"f.ED9B64560877B714BB030CF0107CFFD4.d.955C62414638CC9EFBD10E22936BD0B1.e.3694"}]}
COMMAND: POST /session/09f7b38f634ad4118b42a529d9c234e8/element - {"using":"xpath","value":"//*[contains(@data-kt ,\"webshopDetailSiteLink\")]"}
COMMAND: GET /session/09f7b38f634ad4118b42a529d9c234e8/screenshot - {}
RESULT: {}
RESULT: {"using":"xpath","value":"//*[contains(@data-kt ,\"webshopDetailSiteLink\")]"}
COMMAND: POST /session/09f7b38f634ad4118b42a529d9c234e8/element/f.ED9B64560877B714BB030CF0107CFFD4.d.955C62414638CC9EFBD10E22936BD0B1.e.3694/click - {}
COMMAND: POST /session/09f7b38f634ad4118b42a529d9c234e8/element - {"using":"xpath","value":"//span[contains(text(), \"WebdriverYardjjtihg\")][contains(@id ,\"application-addressmanagement-display-component---detailAdm--addressDetailDetailsName1\")]"}
RESULT: {}
RESULT: {}
COMMAND: GET /session/09f7b38f634ad4118b42a529d9c234e8/screenshot - {}
RESULT: {"using":"xpath","value":"//span[contains(text(), \"WebdriverYardjjtihg\")][contains(@id ,\"application-addressmanagement-display-component---detailAdm--addressDetailDetailsName1\")]"}
RESULT: {}
COMMAND: POST /session/09f7b38f634ad4118b42a529d9c234e8/element - {"using":"xpath","value":"//span[contains(text(), \"WebdriverYardjjtihg\")][contains(@id ,\"application-addressmanagement-display-component---detailAdm--addressDetailDetailsName1\")]"}
RESULT: {"using":"xpath","value":"//span[contains(text(), \"WebdriverYardjjtihg\")][contains(@id ,\"application-addressmanagement-display-component---detailAdm--addressDetailDetailsName1\")]"}
COMMAND: POST /session/09f7b38f634ad4118b42a529d9c234e8/element - {"using":"xpath","value":"//span[contains(text(), \"WebdriverYardjjtihg\")][contains(@id ,\"application-addressmanagement-display-component---detailAdm--addressDetailDetailsName1\")]"}
RESULT: {"using":"xpath","value":"//span[contains(text(), \"WebdriverYardjjtihg\")][contains(@id ,\"application-addressmanagement-display-component---detailAdm--addressDetailDetailsName1\")]"}
COMMAND: POST /session/09f7b38f634ad4118b42a529d9c234e8/element - {"using":"xpath","value":"//span[contains(text(), \"WebdriverYardjjtihg\")][contains(@id ,\"application-addressmanagement-display-component---detailAdm--addressDetailDetailsName1\")]"}
RESULT: {"using":"xpath","value":"//span[contains(text(), \"WebdriverYardjjtihg\")][contains(@id ,\"application-addressmanagement-display-component---detailAdm--addressDetailDetailsName1\")]"}
COMMAND: POST /session/09f7b38f634ad4118b42a529d9c234e8/element - {"using":"xpath","value":"//*[contains(@data-kt ,\"ContextMenuIdLink\")][contains(text(), \"Manage Site\")]"}
RESULT: {"using":"xpath","value":"//*[contains(@data-kt ,\"ContextMenuIdLink\")][contains(text(), \"Manage Site\")]"}
COMMAND: POST /session/09f7b38f634ad4118b42a529d9c234e8/execute/sync - {"script":"<script> [8489 bytes]","args":[{"element-6066-11e4-a52e-4f735466cecf":"f.ED9B64560877B714BB030CF0107CFFD4.d.955C62414638CC9EFBD10E22936BD0B1.e.3696","ELEMENT":"f.ED9B64560877B714BB030CF0107CFFD4.d.955C62414638CC9EFBD10E22936BD0B1.e.3696"}]}
COMMAND: POST /session/09f7b38f634ad4118b42a529d9c234e8/element - {"using":"xpath","value":"//*[contains(@data-kt ,\"ContextMenuId2Link\")][contains(text(), \"Site Overview\")]"}
RESULT: {"script":"<script> [8489 bytes]","args":[{"element-6066-11e4-a52e-4f735466cecf":"f.ED9B64560877B714BB030CF0107CFFD4.d.955C62414638CC9EFBD10E22936BD0B1.e.3696","ELEMENT":"f.ED9B64560877B714BB030CF0107CFFD4.d.955C62414638CC9EFBD10E22936BD0B1.e.3696"}]}
COMMAND: GET /session/09f7b38f634ad4118b42a529d9c234e8/screenshot - {}
RESULT: {"using":"xpath","value":"//*[contains(@data-kt ,\"ContextMenuId2Link\")][contains(text(), \"Site Overview\")]"}
COMMAND: POST /session/09f7b38f634ad4118b42a529d9c234e8/execute/sync - {"script":"<script> [8489 bytes]","args":[{"element-6066-11e4-a52e-4f735466cecf":"f.ED9B64560877B714BB030CF0107CFFD4.d.955C62414638CC9EFBD10E22936BD0B1.e.3697","ELEMENT":"f.ED9B64560877B714BB030CF0107CFFD4.d.955C62414638CC9EFBD10E22936BD0B1.e.3697"}]}
COMMAND: POST /session/09f7b38f634ad4118b42a529d9c234e8/element - {"using":"xpath","value":"//*[contains(@data-kt ,\"ContextMenuId3Link\")][contains(text(), \"Site Main Address\")]"}
COMMAND: POST /session/09f7b38f634ad4118b42a529d9c234e8/element - {"using":"xpath","value":"//span[contains(text(), \"WebdriverYardjjtihg\")][contains(@id ,\"application-addressmanagement-display-component---detailAdm--addressDetailDetailsName1\")]"}
RESULT: {}
RESULT: {"script":"<script> [8489 bytes]","args":[{"element-6066-11e4-a52e-4f735466cecf":"f.ED9B64560877B714BB030CF0107CFFD4.d.955C62414638CC9EFBD10E22936BD0B1.e.3697","ELEMENT":"f.ED9B64560877B714BB030CF0107CFFD4.d.955C62414638CC9EFBD10E22936BD0B1.e.3697"}]}
COMMAND: GET /session/09f7b38f634ad4118b42a529d9c234e8/screenshot - {}
RESULT: {"using":"xpath","value":"//*[contains(@data-kt ,\"ContextMenuId3Link\")][contains(text(), \"Site Main Address\")]"}
COMMAND: POST /session/09f7b38f634ad4118b42a529d9c234e8/execute/sync - {"script":"<script> [8489 bytes]","args":[{"element-6066-11e4-a52e-4f735466cecf":"f.ED9B64560877B714BB030CF0107CFFD4.d.955C62414638CC9EFBD10E22936BD0B1.e.3698","ELEMENT":"f.ED9B64560877B714BB030CF0107CFFD4.d.955C62414638CC9EFBD10E22936BD0B1.e.3698"}]}
COMMAND: POST /session/09f7b38f634ad4118b42a529d9c234e8/element/f.ED9B64560877B714BB030CF0107CFFD4.d.955C62414638CC9EFBD10E22936BD0B1.e.3696/click - {}
RESULT: {"using":"xpath","value":"//span[contains(text(), \"WebdriverYardjjtihg\")][contains(@id ,\"application-addressmanagement-display-component---detailAdm--addressDetailDetailsName1\")]"}
RESULT: {}
COMMAND: POST /session/09f7b38f634ad4118b42a529d9c234e8/element - {"using":"xpath","value":"//span[contains(text(), \"WebdriverYardjjtihg\")][contains(@id ,\"application-addressmanagement-display-component---detailAdm--addressDetailDetailsName1\")]"}
RESULT: {}
COMMAND: GET /session/09f7b38f634ad4118b42a529d9c234e8/screenshot - {}
COMMAND: POST /session/09f7b38f634ad4118b42a529d9c234e8/element - {"using":"xpath","value":"//*[contains(@data-kt ,\"ContextMenuId3Link\")][contains(text(), \"Site Main Address\")]"}
RESULT: {"using":"xpath","value":"//span[contains(text(), \"WebdriverYardjjtihg\")][contains(@id ,\"application-addressmanagement-display-component---detailAdm--addressDetailDetailsName1\")]"}
RESULT: {}
RESULT: {"using":"xpath","value":"//*[contains(@data-kt ,\"ContextMenuId3Link\")][contains(text(), \"Site Main Address\")]"}
COMMAND: POST /session/09f7b38f634ad4118b42a529d9c234e8/element - {"using":"xpath","value":"//*[contains(@data-kt ,\"ContextMenuId3Link\")][contains(text(), \"Site Main Address\")]"}
RESULT: {"using":"xpath","value":"//*[contains(@data-kt ,\"ContextMenuId3Link\")][contains(text(), \"Site Main Address\")]"}
COMMAND: POST /session/09f7b38f634ad4118b42a529d9c234e8/element - {"using":"xpath","value":"//span[contains(text(), \"WebdriverYardjjtihg\")][contains(@id ,\"application-addressmanagement-display-component---detailAdm--addressDetailDetailsName1\")]"}
RESULT: {"using":"xpath","value":"//span[contains(text(), \"WebdriverYardjjtihg\")][contains(@id ,\"application-addressmanagement-display-component---detailAdm--addressDetailDetailsName1\")]"}
COMMAND: POST /session/09f7b38f634ad4118b42a529d9c234e8/element - {"using":"xpath","value":"//*[contains(@data-kt ,\"ContextMenuId3Link\")][contains(text(), \"Site Main Address\")]"}
RESULT: {"using":"xpath","value":"//*[contains(@data-kt ,\"ContextMenuId3Link\")][contains(text(), \"Site Main Address\")]"}
COMMAND: POST /session/09f7b38f634ad4118b42a529d9c234e8/element - {"using":"xpath","value":"//span[contains(text(), \"WebdriverYardjjtihg\")][contains(@id ,\"application-addressmanagement-display-component---detailAdm--addressDetailDetailsName1\")]"}
RESULT: {"using":"xpath","value":"//span[contains(text(), \"WebdriverYardjjtihg\")][contains(@id ,\"application-addressmanagement-display-component---detailAdm--addressDetailDetailsName1\")]"}
COMMAND: POST /session/09f7b38f634ad4118b42a529d9c234e8/element - {"using":"xpath","value":"//*[contains(@data-kt ,\"ContextMenuId3Link\")][contains(text(), \"Site Main Address\")]"}
RESULT: {"using":"xpath","value":"//*[contains(@data-kt ,\"ContextMenuId3Link\")][contains(text(), \"Site Main Address\")]"}
COMMAND: POST /session/09f7b38f634ad4118b42a529d9c234e8/element - {"using":"xpath","value":"//span[contains(text(), \"WebdriverYardjjtihg\")][contains(@id ,\"application-addressmanagement-display-component---detailAdm--addressDetailDetailsName1\")]"}
RESULT: {"using":"xpath","value":"//span[contains(text(), \"WebdriverYardjjtihg\")][contains(@id ,\"application-addressmanagement-display-component---detailAdm--addressDetailDetailsName1\")]"}
COMMAND: POST /session/09f7b38f634ad4118b42a529d9c234e8/element - {"using":"xpath","value":"//*[contains(@data-kt ,\"ContextMenuId3Link\")][contains(text(), \"Site Main Address\")]"}
RESULT: {"using":"xpath","value":"//*[contains(@data-kt ,\"ContextMenuId3Link\")][contains(text(), \"Site Main Address\")]"}
COMMAND: POST /session/09f7b38f634ad4118b42a529d9c234e8/element - {"using":"xpath","value":"//span[contains(text(), \"WebdriverYardjjtihg\")][contains(@id ,\"application-addressmanagement-display-component---detailAdm--addressDetailDetailsName1\")]"}
RESULT: {"using":"xpath","value":"//span[contains(text(), \"WebdriverYardjjtihg\")][contains(@id ,\"application-addressmanagement-display-component---detailAdm--addressDetailDetailsName1\")]"}
COMMAND: POST /session/09f7b38f634ad4118b42a529d9c234e8/element - {"using":"xpath","value":"//*[contains(@data-kt ,\"ContextMenuId3Link\")][contains(text(), \"Site Main Address\")]"}
RESULT: {"using":"xpath","value":"//*[contains(@data-kt ,\"ContextMenuId3Link\")][contains(text(), \"Site Main Address\")]"}
COMMAND: POST /session/09f7b38f634ad4118b42a529d9c234e8/element - {"using":"xpath","value":"//span[contains(text(), \"WebdriverYardjjtihg\")][contains(@id ,\"application-addressmanagement-display-component---detailAdm--addressDetailDetailsName1\")]"}
RESULT: {"using":"xpath","value":"//span[contains(text(), \"WebdriverYardjjtihg\")][contains(@id ,\"application-addressmanagement-display-component---detailAdm--addressDetailDetailsName1\")]"}
COMMAND: POST /session/09f7b38f634ad4118b42a529d9c234e8/element - {"using":"xpath","value":"//*[contains(@data-kt ,\"ContextMenuId3Link\")][contains(text(), \"Site Main Address\")]"}
RESULT: {"using":"xpath","value":"//*[contains(@data-kt ,\"ContextMenuId3Link\")][contains(text(), \"Site Main Address\")]"}
COMMAND: POST /session/09f7b38f634ad4118b42a529d9c234e8/element - {"using":"xpath","value":"//span[contains(text(), \"WebdriverYardjjtihg\")][contains(@id ,\"application-addressmanagement-display-component---detailAdm--addressDetailDetailsName1\")]"}
RESULT: {"using":"xpath","value":"//span[contains(text(), \"WebdriverYardjjtihg\")][contains(@id ,\"application-addressmanagement-display-component---detailAdm--addressDetailDetailsName1\")]"}
COMMAND: POST /session/09f7b38f634ad4118b42a529d9c234e8/element - {"using":"xpath","value":"//*[contains(@data-kt ,\"ContextMenuId3Link\")][contains(text(), \"Site Main Address\")]"}
RESULT: {"using":"xpath","value":"//*[contains(@data-kt ,\"ContextMenuId3Link\")][contains(text(), \"Site Main Address\")]"}
COMMAND: POST /session/09f7b38f634ad4118b42a529d9c234e8/element - {"using":"xpath","value":"//span[contains(text(), \"WebdriverYardjjtihg\")][contains(@id ,\"application-addressmanagement-display-component---detailAdm--addressDetailDetailsName1\")]"}
RESULT: {"using":"xpath","value":"//span[contains(text(), \"WebdriverYardjjtihg\")][contains(@id ,\"application-addressmanagement-display-component---detailAdm--addressDetailDetailsName1\")]"}
COMMAND: POST /session/09f7b38f634ad4118b42a529d9c234e8/element - {"using":"xpath","value":"//*[contains(@data-kt ,\"ContextMenuId3Link\")][contains(text(), \"Site Main Address\")]"}
RESULT: {"using":"xpath","value":"//*[contains(@data-kt ,\"ContextMenuId3Link\")][contains(text(), \"Site Main Address\")]"}
COMMAND: POST /session/09f7b38f634ad4118b42a529d9c234e8/element - {"using":"xpath","value":"//span[contains(text(), \"WebdriverYardjjtihg\")][contains(@id ,\"application-addressmanagement-display-component---detailAdm--addressDetailDetailsName1\")]"}
RESULT: {"using":"xpath","value":"//span[contains(text(), \"WebdriverYardjjtihg\")][contains(@id ,\"application-addressmanagement-display-component---detailAdm--addressDetailDetailsName1\")]"}
COMMAND: POST /session/09f7b38f634ad4118b42a529d9c234e8/element - {"using":"xpath","value":"//*[contains(@data-kt ,\"ContextMenuId3Link\")][contains(text(), \"Site Main Address\")]"}
RESULT: {"using":"xpath","value":"//*[contains(@data-kt ,\"ContextMenuId3Link\")][contains(text(), \"Site Main Address\")]"}
COMMAND: POST /session/09f7b38f634ad4118b42a529d9c234e8/element - {"using":"xpath","value":"//span[contains(text(), \"WebdriverYardjjtihg\")][contains(@id ,\"application-addressmanagement-display-component---detailAdm--addressDetailDetailsName1\")]"}
RESULT: {"using":"xpath","value":"//span[contains(text(), \"WebdriverYardjjtihg\")][contains(@id ,\"application-addressmanagement-display-component---detailAdm--addressDetailDetailsName1\")]"}
COMMAND: POST /session/09f7b38f634ad4118b42a529d9c234e8/element - {"using":"xpath","value":"//*[contains(@data-kt ,\"ContextMenuId3Link\")][contains(text(), \"Site Main Address\")]"}
RESULT: {"using":"xpath","value":"//*[contains(@data-kt ,\"ContextMenuId3Link\")][contains(text(), \"Site Main Address\")]"}
COMMAND: POST /session/09f7b38f634ad4118b42a529d9c234e8/element - {"using":"xpath","value":"//span[contains(text(), \"WebdriverYardjjtihg\")][contains(@id ,\"application-addressmanagement-display-component---detailAdm--addressDetailDetailsName1\")]"}
RESULT: {"using":"xpath","value":"//span[contains(text(), \"WebdriverYardjjtihg\")][contains(@id ,\"application-addressmanagement-display-component---detailAdm--addressDetailDetailsName1\")]"}
COMMAND: POST /session/09f7b38f634ad4118b42a529d9c234e8/element - {"using":"xpath","value":"//*[contains(@data-kt ,\"ContextMenuId3Link\")][contains(text(), \"Site Main Address\")]"}
RESULT: {"using":"xpath","value":"//*[contains(@data-kt ,\"ContextMenuId3Link\")][contains(text(), \"Site Main Address\")]"}
COMMAND: POST /session/09f7b38f634ad4118b42a529d9c234e8/element - {"using":"xpath","value":"//span[contains(text(), \"WebdriverYardjjtihg\")][contains(@id ,\"application-addressmanagement-display-component---detailAdm--addressDetailDetailsName1\")]"}
RESULT: {"using":"xpath","value":"//span[contains(text(), \"WebdriverYardjjtihg\")][contains(@id ,\"application-addressmanagement-display-component---detailAdm--addressDetailDetailsName1\")]"}
COMMAND: POST /session/09f7b38f634ad4118b42a529d9c234e8/element - {"using":"xpath","value":"//*[contains(@data-kt ,\"ContextMenuId3Link\")][contains(text(), \"Site Main Address\")]"}
RESULT: {"using":"xpath","value":"//*[contains(@data-kt ,\"ContextMenuId3Link\")][contains(text(), \"Site Main Address\")]"}
COMMAND: POST /session/09f7b38f634ad4118b42a529d9c234e8/element - {"using":"xpath","value":"//span[contains(text(), \"WebdriverYardjjtihg\")][contains(@id ,\"application-addressmanagement-display-component---detailAdm--addressDetailDetailsName1\")]"}
RESULT: {"using":"xpath","value":"//span[contains(text(), \"WebdriverYardjjtihg\")][contains(@id ,\"application-addressmanagement-display-component---detailAdm--addressDetailDetailsName1\")]"}
COMMAND: POST /session/09f7b38f634ad4118b42a529d9c234e8/element - {"using":"xpath","value":"//*[contains(@data-kt ,\"ContextMenuId3Link\")][contains(text(), \"Site Main Address\")]"}
RESULT: {"using":"xpath","value":"//*[contains(@data-kt ,\"ContextMenuId3Link\")][contains(text(), \"Site Main Address\")]"}
COMMAND: POST /session/09f7b38f634ad4118b42a529d9c234e8/element - {"using":"xpath","value":"//span[contains(text(), \"WebdriverYardjjtihg\")][contains(@id ,\"application-addressmanagement-display-component---detailAdm--addressDetailDetailsName1\")]"}
RESULT: {"using":"xpath","value":"//span[contains(text(), \"WebdriverYardjjtihg\")][contains(@id ,\"application-addressmanagement-display-component---detailAdm--addressDetailDetailsName1\")]"}
COMMAND: POST /session/09f7b38f634ad4118b42a529d9c234e8/element - {"using":"xpath","value":"//*[contains(@data-kt ,\"ContextMenuId3Link\")][contains(text(), \"Site Main Address\")]"}
RESULT: {"using":"xpath","value":"//*[contains(@data-kt ,\"ContextMenuId3Link\")][contains(text(), \"Site Main Address\")]"}
COMMAND: POST /session/09f7b38f634ad4118b42a529d9c234e8/element - {"using":"xpath","value":"//span[contains(text(), \"WebdriverYardjjtihg\")][contains(@id ,\"application-addressmanagement-display-component---detailAdm--addressDetailDetailsName1\")]"}
RESULT: {"using":"xpath","value":"//span[contains(text(), \"WebdriverYardjjtihg\")][contains(@id ,\"application-addressmanagement-display-component---detailAdm--addressDetailDetailsName1\")]"}
COMMAND: POST /session/09f7b38f634ad4118b42a529d9c234e8/element - {"using":"xpath","value":"//*[contains(@data-kt ,\"ContextMenuId3Link\")][contains(text(), \"Site Main Address\")]"}
RESULT: {"using":"xpath","value":"//*[contains(@data-kt ,\"ContextMenuId3Link\")][contains(text(), \"Site Main Address\")]"}
COMMAND: POST /session/09f7b38f634ad4118b42a529d9c234e8/element - {"using":"xpath","value":"//span[contains(text(), \"WebdriverYardjjtihg\")][contains(@id ,\"application-addressmanagement-display-component---detailAdm--addressDetailDetailsName1\")]"}
RESULT: {"using":"xpath","value":"//span[contains(text(), \"WebdriverYardjjtihg\")][contains(@id ,\"application-addressmanagement-display-component---detailAdm--addressDetailDetailsName1\")]"}
COMMAND: POST /session/09f7b38f634ad4118b42a529d9c234e8/element - {"using":"xpath","value":"//*[contains(@data-kt ,\"ContextMenuId3Link\")][contains(text(), \"Site Main Address\")]"}
RESULT: {"using":"xpath","value":"//*[contains(@data-kt ,\"ContextMenuId3Link\")][contains(text(), \"Site Main Address\")]"}
COMMAND: POST /session/09f7b38f634ad4118b42a529d9c234e8/element - {"using":"xpath","value":"//span[contains(text(), \"WebdriverYardjjtihg\")][contains(@id ,\"application-addressmanagement-display-component---detailAdm--addressDetailDetailsName1\")]"}
RESULT: {"using":"xpath","value":"//span[contains(text(), \"WebdriverYardjjtihg\")][contains(@id ,\"application-addressmanagement-display-component---detailAdm--addressDetailDetailsName1\")]"}
COMMAND: POST /session/09f7b38f634ad4118b42a529d9c234e8/element - {"using":"xpath","value":"//*[contains(@data-kt ,\"ContextMenuId3Link\")][contains(text(), \"Site Main Address\")]"}
RESULT: {"using":"xpath","value":"//*[contains(@data-kt ,\"ContextMenuId3Link\")][contains(text(), \"Site Main Address\")]"}
COMMAND: POST /session/09f7b38f634ad4118b42a529d9c234e8/element - {"using":"xpath","value":"//span[contains(text(), \"WebdriverYardjjtihg\")][contains(@id ,\"application-addressmanagement-display-component---detailAdm--addressDetailDetailsName1\")]"}
RESULT: {"using":"xpath","value":"//span[contains(text(), \"WebdriverYardjjtihg\")][contains(@id ,\"application-addressmanagement-display-component---detailAdm--addressDetailDetailsName1\")]"}
COMMAND: POST /session/09f7b38f634ad4118b42a529d9c234e8/execute/async - {"script":"<script> [1562 bytes]","args":[{"selector":{"controlType":"sap.m.Title","viewName":"etm.portal.ui.managesites.view.Master","viewId":"application-managesites-display-component---masterSite","i18NText":{"propertyName":"text","key":"sites"}},"wdio_ui5_key":"etmportal.ui.managesites.view.Mastersap.m.Title{\"propertyName\":\"text\",\"key\":\"sites\"}"}]}
COMMAND: POST /session/09f7b38f634ad4118b42a529d9c234e8/element - {"using":"xpath","value":"//*[contains(@data-kt ,\"ContextMenuId3Link\")][contains(text(), \"Site Main Address\")]"}
COMMAND: POST /session/09f7b38f634ad4118b42a529d9c234e8/element - {"using":"xpath","value":"//span[contains(text(), \"WebdriverYardjjtihg\")][contains(@id ,\"application-addressmanagement-display-component---detailAdm--addressDetailDetailsName1\")]"}
RESULT: {"script":"<script> [1562 bytes]","args":[{"selector":{"controlType":"sap.m.Title","viewName":"etm.portal.ui.managesites.view.Master","viewId":"application-managesites-display-component---masterSite","i18NText":{"propertyName":"text","key":"sites"}},"wdio_ui5_key":"etmportal.ui.managesites.view.Mastersap.m.Title{\"propertyName\":\"text\",\"key\":\"sites\"}"}]}
RESULT: undefined
COMMAND: POST /session/09f7b38f634ad4118b42a529d9c234e8/execute/async - {"script":"<script> [6424 bytes]","args":[{"element-6066-11e4-a52e-4f735466cecf":"f.ED9B64560877B714BB030CF0107CFFD4.d.955C62414638CC9EFBD10E22936BD0B1.e.3859"},"getText",[]]}
RESULT: {"using":"xpath","value":"//*[contains(@data-kt ,\"ContextMenuId3Link\")][contains(text(), \"Site Main Address\")]"}
RESULT: {"using":"xpath","value":"//span[contains(text(), \"WebdriverYardjjtihg\")][contains(@id ,\"application-addressmanagement-display-component---detailAdm--addressDetailDetailsName1\")]"}
RESULT: {"script":"<script> [6424 bytes]","args":[{"element-6066-11e4-a52e-4f735466cecf":"f.ED9B64560877B714BB030CF0107CFFD4.d.955C62414638CC9EFBD10E22936BD0B1.e.3859"},"getText",[]]}
COMMAND: POST /session/09f7b38f634ad4118b42a529d9c234e8/execute/async - {"script":"<script> [1562 bytes]","args":[{"selector":{"id":"application-managesites-display-component---detailSite--addressDetailDetailsName1"},"wdio_ui5_key":"applicationmanagesites-display-component---detailSite--addressDetailDetailsName1"}]}
COMMAND: POST /session/09f7b38f634ad4118b42a529d9c234e8/element - {"using":"xpath","value":"//*[contains(@data-kt ,\"ContextMenuId3Link\")][contains(text(), \"Site Main Address\")]"}
COMMAND: POST /session/09f7b38f634ad4118b42a529d9c234e8/element - {"using":"xpath","value":"//span[contains(text(), \"WebdriverYardjjtihg\")][contains(@id ,\"application-addressmanagement-display-component---detailAdm--addressDetailDetailsName1\")]"}
RESULT: {"script":"<script> [1562 bytes]","args":[{"selector":{"id":"application-managesites-display-component---detailSite--addressDetailDetailsName1"},"wdio_ui5_key":"applicationmanagesites-display-component---detailSite--addressDetailDetailsName1"}]}
RESULT: undefined
COMMAND: POST /session/09f7b38f634ad4118b42a529d9c234e8/execute/async - {"script":"<script> [6424 bytes]","args":[{"element-6066-11e4-a52e-4f735466cecf":"f.ED9B64560877B714BB030CF0107CFFD4.d.955C62414638CC9EFBD10E22936BD0B1.e.3758"},"getValue",[]]}
RESULT: {"using":"xpath","value":"//*[contains(@data-kt ,\"ContextMenuId3Link\")][contains(text(), \"Site Main Address\")]"}
RESULT: {"using":"xpath","value":"//span[contains(text(), \"WebdriverYardjjtihg\")][contains(@id ,\"application-addressmanagement-display-component---detailAdm--addressDetailDetailsName1\")]"}
RESULT: {"script":"<script> [6424 bytes]","args":[{"element-6066-11e4-a52e-4f735466cecf":"f.ED9B64560877B714BB030CF0107CFFD4.d.955C62414638CC9EFBD10E22936BD0B1.e.3758"},"getValue",[]]}
RESULT: undefined
COMMAND: POST /session/09f7b38f634ad4118b42a529d9c234e8/element - {"using":"xpath","value":"//*[@id=\"backBtn\"]"}
RESULT: {"using":"xpath","value":"//*[@id=\"backBtn\"]"}
COMMAND: POST /session/09f7b38f634ad4118b42a529d9c234e8/element/f.ED9B64560877B714BB030CF0107CFFD4.d.955C62414638CC9EFBD10E22936BD0B1.e.2912/click - {}
COMMAND: POST /session/09f7b38f634ad4118b42a529d9c234e8/element - {"using":"xpath","value":"//*[contains(@data-kt ,\"ContextMenuId3Link\")][contains(text(), \"Site Main Address\")]"}
COMMAND: POST /session/09f7b38f634ad4118b42a529d9c234e8/element - {"using":"xpath","value":"//span[contains(text(), \"WebdriverYardjjtihg\")][contains(@id ,\"application-addressmanagement-display-component---detailAdm--addressDetailDetailsName1\")]"}
RESULT: {}
COMMAND: GET /session/09f7b38f634ad4118b42a529d9c234e8/screenshot - {}
RESULT: {"using":"xpath","value":"//*[contains(@data-kt ,\"ContextMenuId3Link\")][contains(text(), \"Site Main Address\")]"}
COMMAND: POST /session/09f7b38f634ad4118b42a529d9c234e8/element - {"using":"xpath","value":"//*[contains(@data-kt ,\"ContextMenuId3Link\")][contains(text(), \"Site Main Address\")]"}
RESULT: {"using":"xpath","value":"//span[contains(text(), \"WebdriverYardjjtihg\")][contains(@id ,\"application-addressmanagement-display-component---detailAdm--addressDetailDetailsName1\")]"}
COMMAND: POST /session/09f7b38f634ad4118b42a529d9c234e8/element - {"using":"xpath","value":"//span[contains(text(), \"WebdriverYardjjtihg\")][contains(@id ,\"application-addressmanagement-display-component---detailAdm--addressDetailDetailsName1\")]"}
RESULT: {}
RESULT: {"using":"xpath","value":"//*[contains(@data-kt ,\"ContextMenuId3Link\")][contains(text(), \"Site Main Address\")]"}
RESULT: {"using":"xpath","value":"//span[contains(text(), \"WebdriverYardjjtihg\")][contains(@id ,\"application-addressmanagement-display-component---detailAdm--addressDetailDetailsName1\")]"}
COMMAND: POST /session/09f7b38f634ad4118b42a529d9c234e8/element - {"using":"xpath","value":"//*[contains(@data-kt ,\"ContextMenuId3Link\")][contains(text(), \"Site Main Address\")]"}
COMMAND: POST /session/09f7b38f634ad4118b42a529d9c234e8/element - {"using":"xpath","value":"//span[contains(text(), \"WebdriverYardjjtihg\")][contains(@id ,\"application-addressmanagement-display-component---detailAdm--addressDetailDetailsName1\")]"}
RESULT: {"using":"xpath","value":"//*[contains(@data-kt ,\"ContextMenuId3Link\")][contains(text(), \"Site Main Address\")]"}
RESULT: {"using":"xpath","value":"//span[contains(text(), \"WebdriverYardjjtihg\")][contains(@id ,\"application-addressmanagement-display-component---detailAdm--addressDetailDetailsName1\")]"}
COMMAND: POST /session/09f7b38f634ad4118b42a529d9c234e8/element - {"using":"xpath","value":"//*[contains(@data-kt ,\"ContextMenuId3Link\")][contains(text(), \"Site Main Address\")]"}
COMMAND: POST /session/09f7b38f634ad4118b42a529d9c234e8/element - {"using":"xpath","value":"//span[contains(text(), \"WebdriverYardjjtihg\")][contains(@id ,\"application-addressmanagement-display-component---detailAdm--addressDetailDetailsName1\")]"}
RESULT: {"using":"xpath","value":"//*[contains(@data-kt ,\"ContextMenuId3Link\")][contains(text(), \"Site Main Address\")]"}
RESULT: {"using":"xpath","value":"//span[contains(text(), \"WebdriverYardjjtihg\")][contains(@id ,\"application-addressmanagement-display-component---detailAdm--addressDetailDetailsName1\")]"}
COMMAND: POST /session/09f7b38f634ad4118b42a529d9c234e8/element - {"using":"xpath","value":"//*[contains(@data-kt ,\"ContextMenuId3Link\")][contains(text(), \"Site Main Address\")]"}
COMMAND: POST /session/09f7b38f634ad4118b42a529d9c234e8/element - {"using":"xpath","value":"//span[contains(text(), \"WebdriverYardjjtihg\")][contains(@id ,\"application-addressmanagement-display-component---detailAdm--addressDetailDetailsName1\")]"}
RESULT: {"using":"xpath","value":"//*[contains(@data-kt ,\"ContextMenuId3Link\")][contains(text(), \"Site Main Address\")]"}
RESULT: {"using":"xpath","value":"//span[contains(text(), \"WebdriverYardjjtihg\")][contains(@id ,\"application-addressmanagement-display-component---detailAdm--addressDetailDetailsName1\")]"}
COMMAND: POST /session/09f7b38f634ad4118b42a529d9c234e8/execute/sync - {"script":"<script> [8489 bytes]","args":[{"element-6066-11e4-a52e-4f735466cecf":"f.ED9B64560877B714BB030CF0107CFFD4.d.955C62414638CC9EFBD10E22936BD0B1.e.3694","ELEMENT":"f.ED9B64560877B714BB030CF0107CFFD4.d.955C62414638CC9EFBD10E22936BD0B1.e.3694"}]}
COMMAND: POST /session/09f7b38f634ad4118b42a529d9c234e8/element - {"using":"xpath","value":"//*[contains(@data-kt ,\"ContextMenuId3Link\")][contains(text(), \"Site Main Address\")]"}
COMMAND: POST /session/09f7b38f634ad4118b42a529d9c234e8/element - {"using":"xpath","value":"//span[contains(text(), \"WebdriverYardjjtihg\")][contains(@id ,\"application-addressmanagement-display-component---detailAdm--addressDetailDetailsName1\")]"}
COMMAND: POST /session/09f7b38f634ad4118b42a529d9c234e8/element - {"using":"xpath","value":"//*[contains(@data-kt ,\"webshopDetailSiteLink\")]"}
RESULT: {"using":"xpath","value":"//*[contains(@data-kt ,\"ContextMenuId3Link\")][contains(text(), \"Site Main Address\")]"}
RESULT: {"using":"xpath","value":"//span[contains(text(), \"WebdriverYardjjtihg\")][contains(@id ,\"application-addressmanagement-display-component---detailAdm--addressDetailDetailsName1\")]"}
RESULT: {"using":"xpath","value":"//*[contains(@data-kt ,\"webshopDetailSiteLink\")]"}
COMMAND: POST /session/09f7b38f634ad4118b42a529d9c234e8/execute/sync - {"script":"<script> [8489 bytes]","args":[{"element-6066-11e4-a52e-4f735466cecf":"f.ED9B64560877B714BB030CF0107CFFD4.d.955C62414638CC9EFBD10E22936BD0B1.e.4029","ELEMENT":"f.ED9B64560877B714BB030CF0107CFFD4.d.955C62414638CC9EFBD10E22936BD0B1.e.4029"}]}
RESULT: {"script":"<script> [8489 bytes]","args":[{"element-6066-11e4-a52e-4f735466cecf":"f.ED9B64560877B714BB030CF0107CFFD4.d.955C62414638CC9EFBD10E22936BD0B1.e.4029","ELEMENT":"f.ED9B64560877B714BB030CF0107CFFD4.d.955C62414638CC9EFBD10E22936BD0B1.e.4029"}]}
COMMAND: POST /session/09f7b38f634ad4118b42a529d9c234e8/execute/sync - {"script":"<script> [5351 bytes]","args":[{"element-6066-11e4-a52e-4f735466cecf":"f.ED9B64560877B714BB030CF0107CFFD4.d.955C62414638CC9EFBD10E22936BD0B1.e.4029","ELEMENT":"f.ED9B64560877B714BB030CF0107CFFD4.d.955C62414638CC9EFBD10E22936BD0B1.e.4029"}]}
COMMAND: GET /session/09f7b38f634ad4118b42a529d9c234e8/screenshot - {}
RESULT: {"script":"<script> [5351 bytes]","args":[{"element-6066-11e4-a52e-4f735466cecf":"f.ED9B64560877B714BB030CF0107CFFD4.d.955C62414638CC9EFBD10E22936BD0B1.e.4029","ELEMENT":"f.ED9B64560877B714BB030CF0107CFFD4.d.955C62414638CC9EFBD10E22936BD0B1.e.4029"}]}
COMMAND: POST /session/09f7b38f634ad4118b42a529d9c234e8/element - {"using":"xpath","value":"//*[contains(@data-kt ,\"webshopDetailSiteLink\")]"}
COMMAND: GET /session/09f7b38f634ad4118b42a529d9c234e8/screenshot - {}
RESULT: {}
RESULT: {"using":"xpath","value":"//*[contains(@data-kt ,\"webshopDetailSiteLink\")]"}
COMMAND: POST /session/09f7b38f634ad4118b42a529d9c234e8/element/f.ED9B64560877B714BB030CF0107CFFD4.d.955C62414638CC9EFBD10E22936BD0B1.e.4029/click - {}
COMMAND: POST /session/09f7b38f634ad4118b42a529d9c234e8/element - {"using":"xpath","value":"//*[contains(@data-kt ,\"ContextMenuId3Link\")][contains(text(), \"Site Main Address\")]"}
COMMAND: POST /session/09f7b38f634ad4118b42a529d9c234e8/element - {"using":"xpath","value":"//span[contains(text(), \"WebdriverYardjjtihg\")][contains(@id ,\"application-addressmanagement-display-component---detailAdm--addressDetailDetailsName1\")]"}
RESULT: {}
RESULT: {}
COMMAND: GET /session/09f7b38f634ad4118b42a529d9c234e8/screenshot - {}
RESULT: {"using":"xpath","value":"//*[contains(@data-kt ,\"ContextMenuId3Link\")][contains(text(), \"Site Main Address\")]"}
COMMAND: POST /session/09f7b38f634ad4118b42a529d9c234e8/execute/sync - {"script":"<script> [8489 bytes]","args":[{"element-6066-11e4-a52e-4f735466cecf":"f.ED9B64560877B714BB030CF0107CFFD4.d.955C62414638CC9EFBD10E22936BD0B1.e.4031","ELEMENT":"f.ED9B64560877B714BB030CF0107CFFD4.d.955C62414638CC9EFBD10E22936BD0B1.e.4031"}]}
RESULT: {"using":"xpath","value":"//span[contains(text(), \"WebdriverYardjjtihg\")][contains(@id ,\"application-addressmanagement-display-component---detailAdm--addressDetailDetailsName1\")]"}
RESULT: {}
RESULT: {"script":"<script> [8489 bytes]","args":[{"element-6066-11e4-a52e-4f735466cecf":"f.ED9B64560877B714BB030CF0107CFFD4.d.955C62414638CC9EFBD10E22936BD0B1.e.4031","ELEMENT":"f.ED9B64560877B714BB030CF0107CFFD4.d.955C62414638CC9EFBD10E22936BD0B1.e.4031"}]}
COMMAND: GET /session/09f7b38f634ad4118b42a529d9c234e8/screenshot - {}
COMMAND: POST /session/09f7b38f634ad4118b42a529d9c234e8/element - {"using":"xpath","value":"//span[contains(text(), \"WebdriverYardjjtihg\")][contains(@id ,\"application-addressmanagement-display-component---detailAdm--addressDetailDetailsName1\")]"}
RESULT: {}
RESULT: {"using":"xpath","value":"//span[contains(text(), \"WebdriverYardjjtihg\")][contains(@id ,\"application-addressmanagement-display-component---detailAdm--addressDetailDetailsName1\")]"}
COMMAND: POST /session/09f7b38f634ad4118b42a529d9c234e8/element - {"using":"xpath","value":"//span[contains(text(), \"WebdriverYardjjtihg\")][contains(@id ,\"application-addressmanagement-display-component---detailAdm--addressDetailDetailsName1\")]"}
RESULT: {"using":"xpath","value":"//span[contains(text(), \"WebdriverYardjjtihg\")][contains(@id ,\"application-addressmanagement-display-component---detailAdm--addressDetailDetailsName1\")]"}
COMMAND: POST /session/09f7b38f634ad4118b42a529d9c234e8/element - {"using":"xpath","value":"//span[contains(text(), \"WebdriverYardjjtihg\")][contains(@id ,\"application-addressmanagement-display-component---detailAdm--addressDetailDetailsName1\")]"}
RESULT: {"using":"xpath","value":"//span[contains(text(), \"WebdriverYardjjtihg\")][contains(@id ,\"application-addressmanagement-display-component---detailAdm--addressDetailDetailsName1\")]"}
COMMAND: POST /session/09f7b38f634ad4118b42a529d9c234e8/element/f.ED9B64560877B714BB030CF0107CFFD4.d.955C62414638CC9EFBD10E22936BD0B1.e.3697/click - {}
COMMAND: POST /session/09f7b38f634ad4118b42a529d9c234e8/element - {"using":"xpath","value":"//*[contains(@data-kt ,\"ContextMenuId2Link\")][contains(text(), \"Site Overview\")]"}
RESULT: {"using":"xpath","value":"//*[contains(@data-kt ,\"ContextMenuId2Link\")][contains(text(), \"Site Overview\")]"}
COMMAND: POST /session/09f7b38f634ad4118b42a529d9c234e8/element/f.ED9B64560877B714BB030CF0107CFFD4.d.955C62414638CC9EFBD10E22936BD0B1.e.3697/click - {}
COMMAND: POST /session/09f7b38f634ad4118b42a529d9c234e8/element - {"using":"xpath","value":"//*[contains(@data-kt ,\"ContextMenuId2Link\")][contains(text(), \"Site Overview\")]"}
RESULT: {"using":"xpath","value":"//*[contains(@data-kt ,\"ContextMenuId2Link\")][contains(text(), \"Site Overview\")]"}
COMMAND: POST /session/09f7b38f634ad4118b42a529d9c234e8/element/f.ED9B64560877B714BB030CF0107CFFD4.d.955C62414638CC9EFBD10E22936BD0B1.e.4032/click - {}
COMMAND: POST /session/09f7b38f634ad4118b42a529d9c234e8/element - {"using":"xpath","value":"//span[contains(text(), \"WebdriverYardjjtihg\")][contains(@id ,\"application-addressmanagement-display-component---detailAdm--addressDetailDetailsName1\")]"}
RESULT: {}
COMMAND: GET /session/09f7b38f634ad4118b42a529d9c234e8/screenshot - {}
RESULT: {"using":"xpath","value":"//span[contains(text(), \"WebdriverYardjjtihg\")][contains(@id ,\"application-addressmanagement-display-component---detailAdm--addressDetailDetailsName1\")]"}
RESULT: {}
COMMAND: POST /session/09f7b38f634ad4118b42a529d9c234e8/element - {"using":"xpath","value":"//span[contains(text(), \"WebdriverYardjjtihg\")][contains(@id ,\"application-addressmanagement-display-component---detailAdm--addressDetailDetailsName1\")]"}
RESULT: {"using":"xpath","value":"//span[contains(text(), \"WebdriverYardjjtihg\")][contains(@id ,\"application-addressmanagement-display-component---detailAdm--addressDetailDetailsName1\")]"}
COMMAND: POST /session/09f7b38f634ad4118b42a529d9c234e8/element - {"using":"xpath","value":"//span[contains(text(), \"WebdriverYardjjtihg\")][contains(@id ,\"application-addressmanagement-display-component---detailAdm--addressDetailDetailsName1\")]"}
RESULT: {"using":"xpath","value":"//span[contains(text(), \"WebdriverYardjjtihg\")][contains(@id ,\"application-addressmanagement-display-component---detailAdm--addressDetailDetailsName1\")]"}
COMMAND: POST /session/09f7b38f634ad4118b42a529d9c234e8/element - {"using":"xpath","value":"//span[contains(text(), \"WebdriverYardjjtihg\")][contains(@id ,\"application-addressmanagement-display-component---detailAdm--addressDetailDetailsName1\")]"}
RESULT: {"using":"xpath","value":"//span[contains(text(), \"WebdriverYardjjtihg\")][contains(@id ,\"application-addressmanagement-display-component---detailAdm--addressDetailDetailsName1\")]"}
RESULT: undefined
COMMAND: POST /session/09f7b38f634ad4118b42a529d9c234e8/execute/async - {"script":"<script> [6424 bytes]","args":[{"element-6066-11e4-a52e-4f735466cecf":"f.ED9B64560877B714BB030CF0107CFFD4.d.955C62414638CC9EFBD10E22936BD0B1.e.2910"},"getTitle",[]]}
COMMAND: POST /session/09f7b38f634ad4118b42a529d9c234e8/execute/async - {"script":"<script> [1562 bytes]","args":[{"selector":{"id":"shellAppTitle"},"wdio_ui5_key":"shellAppTitle"}]}
RESULT: {"script":"<script> [1562 bytes]","args":[{"selector":{"id":"shellAppTitle"},"wdio_ui5_key":"shellAppTitle"}]}
COMMAND: POST /session/09f7b38f634ad4118b42a529d9c234e8/execute/async - {"script":"<script> [6424 bytes]","args":[{"element-6066-11e4-a52e-4f735466cecf":"f.ED9B64560877B714BB030CF0107CFFD4.d.955C62414638CC9EFBD10E22936BD0B1.e.4113"},"getTitle",[]]}
RESULT: {"script":"<script> [6424 bytes]","args":[{"element-6066-11e4-a52e-4f735466cecf":"f.ED9B64560877B714BB030CF0107CFFD4.d.955C62414638CC9EFBD10E22936BD0B1.e.4113"},"getTitle",[]]}
COMMAND: POST /session/09f7b38f634ad4118b42a529d9c234e8/element - {"using":"xpath","value":"(//span[contains(text(), \"WebdriverSitef2xgm\")])[2]"}
RESULT: {"using":"xpath","value":"(//span[contains(text(), \"WebdriverSitef2xgm\")])[2]"}
COMMAND: POST /session/09f7b38f634ad4118b42a529d9c234e8/execute/sync - {"script":"<script> [8489 bytes]","args":[{"element-6066-11e4-a52e-4f735466cecf":"f.ED9B64560877B714BB030CF0107CFFD4.d.955C62414638CC9EFBD10E22936BD0B1.e.4114","ELEMENT":"f.ED9B64560877B714BB030CF0107CFFD4.d.955C62414638CC9EFBD10E22936BD0B1.e.4114"}]}
RESULT: undefined
COMMAND: POST /session/09f7b38f634ad4118b42a529d9c234e8/element - {"using":"xpath","value":"//*[@id=\"backBtn\"]"}
RESULT: {"using":"xpath","value":"//*[@id=\"backBtn\"]"}
COMMAND: POST /session/09f7b38f634ad4118b42a529d9c234e8/element/f.ED9B64560877B714BB030CF0107CFFD4.d.955C62414638CC9EFBD10E22936BD0B1.e.2912/click - {}
RESULT: {"script":"<script> [8489 bytes]","args":[{"element-6066-11e4-a52e-4f735466cecf":"f.ED9B64560877B714BB030CF0107CFFD4.d.955C62414638CC9EFBD10E22936BD0B1.e.4114","ELEMENT":"f.ED9B64560877B714BB030CF0107CFFD4.d.955C62414638CC9EFBD10E22936BD0B1.e.4114"}]}
COMMAND: GET /session/09f7b38f634ad4118b42a529d9c234e8/screenshot - {}
RESULT: {}
COMMAND: GET /session/09f7b38f634ad4118b42a529d9c234e8/screenshot - {}
RESULT: {}
RESULT: {}
COMMAND: POST /session/09f7b38f634ad4118b42a529d9c234e8/execute/sync - {"script":"<script> [8489 bytes]","args":[{"element-6066-11e4-a52e-4f735466cecf":"f.ED9B64560877B714BB030CF0107CFFD4.d.955C62414638CC9EFBD10E22936BD0B1.e.4029","ELEMENT":"f.ED9B64560877B714BB030CF0107CFFD4.d.955C62414638CC9EFBD10E22936BD0B1.e.4029"}]}
COMMAND: POST /session/09f7b38f634ad4118b42a529d9c234e8/element - {"using":"xpath","value":"//*[contains(@data-kt ,\"webshopDetailSiteLink\")]"}
RESULT: {"using":"xpath","value":"//*[contains(@data-kt ,\"webshopDetailSiteLink\")]"}
COMMAND: POST /session/09f7b38f634ad4118b42a529d9c234e8/execute/sync - {"script":"<script> [8489 bytes]","args":[{"element-6066-11e4-a52e-4f735466cecf":"f.ED9B64560877B714BB030CF0107CFFD4.d.955C62414638CC9EFBD10E22936BD0B1.e.4253","ELEMENT":"f.ED9B64560877B714BB030CF0107CFFD4.d.955C62414638CC9EFBD10E22936BD0B1.e.4253"}]}
RESULT: {"script":"<script> [8489 bytes]","args":[{"element-6066-11e4-a52e-4f735466cecf":"f.ED9B64560877B714BB030CF0107CFFD4.d.955C62414638CC9EFBD10E22936BD0B1.e.4253","ELEMENT":"f.ED9B64560877B714BB030CF0107CFFD4.d.955C62414638CC9EFBD10E22936BD0B1.e.4253"}]}
COMMAND: POST /session/09f7b38f634ad4118b42a529d9c234e8/execute/sync - {"script":"<script> [5351 bytes]","args":[{"element-6066-11e4-a52e-4f735466cecf":"f.ED9B64560877B714BB030CF0107CFFD4.d.955C62414638CC9EFBD10E22936BD0B1.e.4253","ELEMENT":"f.ED9B64560877B714BB030CF0107CFFD4.d.955C62414638CC9EFBD10E22936BD0B1.e.4253"}]}
COMMAND: GET /session/09f7b38f634ad4118b42a529d9c234e8/screenshot - {}
RESULT: {"script":"<script> [5351 bytes]","args":[{"element-6066-11e4-a52e-4f735466cecf":"f.ED9B64560877B714BB030CF0107CFFD4.d.955C62414638CC9EFBD10E22936BD0B1.e.4253","ELEMENT":"f.ED9B64560877B714BB030CF0107CFFD4.d.955C62414638CC9EFBD10E22936BD0B1.e.4253"}]}
COMMAND: POST /session/09f7b38f634ad4118b42a529d9c234e8/element - {"using":"xpath","value":"//*[contains(@data-kt ,\"webshopDetailSiteLink\")]"}
COMMAND: GET /session/09f7b38f634ad4118b42a529d9c234e8/screenshot - {}
RESULT: {}
RESULT: {"using":"xpath","value":"//*[contains(@data-kt ,\"webshopDetailSiteLink\")]"}
COMMAND: POST /session/09f7b38f634ad4118b42a529d9c234e8/element/f.ED9B64560877B714BB030CF0107CFFD4.d.955C62414638CC9EFBD10E22936BD0B1.e.4253/click - {}
RESULT: {}
RESULT: {}
COMMAND: GET /session/09f7b38f634ad4118b42a529d9c234e8/screenshot - {}
RESULT: {}
COMMAND: POST /session/09f7b38f634ad4118b42a529d9c234e8/element/f.ED9B64560877B714BB030CF0107CFFD4.d.955C62414638CC9EFBD10E22936BD0B1.e.4031/click - {}
COMMAND: POST /session/09f7b38f634ad4118b42a529d9c234e8/element - {"using":"xpath","value":"//*[contains(@data-kt ,\"ContextMenuId3Link\")][contains(text(), \"Site Main Address\")]"}
RESULT: {"using":"xpath","value":"//*[contains(@data-kt ,\"ContextMenuId3Link\")][contains(text(), \"Site Main Address\")]"}
COMMAND: POST /session/09f7b38f634ad4118b42a529d9c234e8/element/f.ED9B64560877B714BB030CF0107CFFD4.d.955C62414638CC9EFBD10E22936BD0B1.e.4031/click - {}
COMMAND: POST /session/09f7b38f634ad4118b42a529d9c234e8/element - {"using":"xpath","value":"//*[contains(@data-kt ,\"ContextMenuId3Link\")][contains(text(), \"Site Main Address\")]"}
RESULT: {"using":"xpath","value":"//*[contains(@data-kt ,\"ContextMenuId3Link\")][contains(text(), \"Site Main Address\")]"}
COMMAND: POST /session/09f7b38f634ad4118b42a529d9c234e8/element/f.ED9B64560877B714BB030CF0107CFFD4.d.955C62414638CC9EFBD10E22936BD0B1.e.4256/click - {}
RESULT: {}
COMMAND: GET /session/09f7b38f634ad4118b42a529d9c234e8/screenshot - {}
RESULT: {}
COMMAND: POST /session/09f7b38f634ad4118b42a529d9c234e8/element - {"using":"xpath","value":"//span[contains(@id ,\"application-addressmanagement-display-component---masterAdm--title1-inner\")]"}
RESULT: {"using":"xpath","value":"//span[contains(@id ,\"application-addressmanagement-display-component---masterAdm--title1-inner\")]"}
COMMAND: GET /session/09f7b38f634ad4118b42a529d9c234e8/element/f.ED9B64560877B714BB030CF0107CFFD4.d.955C62414638CC9EFBD10E22936BD0B1.e.4471/text - {}
RESULT: {}
COMMAND: POST /session/09f7b38f634ad4118b42a529d9c234e8/element - {"using":"xpath","value":"//span[contains(@id ,\"application-addressmanagement-display-component---detailAdm--addressDetailDetailsName1\")][contains(text(), \"WebdriverSitef2xgm\")]"}
RESULT: {"using":"xpath","value":"//span[contains(@id ,\"application-addressmanagement-display-component---detailAdm--addressDetailDetailsName1\")][contains(text(), \"WebdriverSitef2xgm\")]"}
COMMAND: POST /session/09f7b38f634ad4118b42a529d9c234e8/execute/sync - {"script":"<script> [8489 bytes]","args":[{"element-6066-11e4-a52e-4f735466cecf":"f.ED9B64560877B714BB030CF0107CFFD4.d.955C62414638CC9EFBD10E22936BD0B1.e.4472","ELEMENT":"f.ED9B64560877B714BB030CF0107CFFD4.d.955C62414638CC9EFBD10E22936BD0B1.e.4472"}]}
RESULT: undefined
COMMAND: POST /session/09f7b38f634ad4118b42a529d9c234e8/element - {"using":"xpath","value":"//*[@id=\"backBtn\"]"}
RESULT: {"script":"<script> [8489 bytes]","args":[{"element-6066-11e4-a52e-4f735466cecf":"f.ED9B64560877B714BB030CF0107CFFD4.d.955C62414638CC9EFBD10E22936BD0B1.e.4472","ELEMENT":"f.ED9B64560877B714BB030CF0107CFFD4.d.955C62414638CC9EFBD10E22936BD0B1.e.4472"}]}
COMMAND: GET /session/09f7b38f634ad4118b42a529d9c234e8/screenshot - {}
RESULT: {"using":"xpath","value":"//*[@id=\"backBtn\"]"}
COMMAND: POST /session/09f7b38f634ad4118b42a529d9c234e8/element/f.ED9B64560877B714BB030CF0107CFFD4.d.955C62414638CC9EFBD10E22936BD0B1.e.2912/click - {}
RESULT: {}
RESULT: {}
COMMAND: GET /session/09f7b38f634ad4118b42a529d9c234e8/screenshot - {}
RESULT: {}
COMMAND: POST /session/09f7b38f634ad4118b42a529d9c234e8/execute/sync - {"script":"<script> [8489 bytes]","args":[{"element-6066-11e4-a52e-4f735466cecf":"f.ED9B64560877B714BB030CF0107CFFD4.d.955C62414638CC9EFBD10E22936BD0B1.e.4253","ELEMENT":"f.ED9B64560877B714BB030CF0107CFFD4.d.955C62414638CC9EFBD10E22936BD0B1.e.4253"}]}
COMMAND: POST /session/09f7b38f634ad4118b42a529d9c234e8/element - {"using":"xpath","value":"//*[contains(@data-kt ,\"webshopDetailSiteLink\")]"}
RESULT: {"using":"xpath","value":"//*[contains(@data-kt ,\"webshopDetailSiteLink\")]"}
COMMAND: POST /session/09f7b38f634ad4118b42a529d9c234e8/execute/sync - {"script":"<script> [8489 bytes]","args":[{"element-6066-11e4-a52e-4f735466cecf":"f.ED9B64560877B714BB030CF0107CFFD4.d.955C62414638CC9EFBD10E22936BD0B1.e.4636","ELEMENT":"f.ED9B64560877B714BB030CF0107CFFD4.d.955C62414638CC9EFBD10E22936BD0B1.e.4636"}]}
RESULT: {"script":"<script> [8489 bytes]","args":[{"element-6066-11e4-a52e-4f735466cecf":"f.ED9B64560877B714BB030CF0107CFFD4.d.955C62414638CC9EFBD10E22936BD0B1.e.4636","ELEMENT":"f.ED9B64560877B714BB030CF0107CFFD4.d.955C62414638CC9EFBD10E22936BD0B1.e.4636"}]}
COMMAND: POST /session/09f7b38f634ad4118b42a529d9c234e8/execute/sync - {"script":"<script> [5351 bytes]","args":[{"element-6066-11e4-a52e-4f735466cecf":"f.ED9B64560877B714BB030CF0107CFFD4.d.955C62414638CC9EFBD10E22936BD0B1.e.4636","ELEMENT":"f.ED9B64560877B714BB030CF0107CFFD4.d.955C62414638CC9EFBD10E22936BD0B1.e.4636"}]}
COMMAND: GET /session/09f7b38f634ad4118b42a529d9c234e8/screenshot - {}
RESULT: {"script":"<script> [5351 bytes]","args":[{"element-6066-11e4-a52e-4f735466cecf":"f.ED9B64560877B714BB030CF0107CFFD4.d.955C62414638CC9EFBD10E22936BD0B1.e.4636","ELEMENT":"f.ED9B64560877B714BB030CF0107CFFD4.d.955C62414638CC9EFBD10E22936BD0B1.e.4636"}]}
COMMAND: POST /session/09f7b38f634ad4118b42a529d9c234e8/element - {"using":"xpath","value":"//*[contains(@data-kt ,\"webshopDetailSiteLink\")]"}
COMMAND: GET /session/09f7b38f634ad4118b42a529d9c234e8/screenshot - {}
RESULT: {}
RESULT: {"using":"xpath","value":"//*[contains(@data-kt ,\"webshopDetailSiteLink\")]"}
COMMAND: POST /session/09f7b38f634ad4118b42a529d9c234e8/element/f.ED9B64560877B714BB030CF0107CFFD4.d.955C62414638CC9EFBD10E22936BD0B1.e.4636/click - {}
RESULT: {}
RESULT: {}
COMMAND: GET /session/09f7b38f634ad4118b42a529d9c234e8/screenshot - {}
RESULT: {}
COMMAND: POST /session/09f7b38f634ad4118b42a529d9c234e8/element - {"using":"xpath","value":"//button[contains(@data-kt ,\"ContextMenuIdExternalLink\")]"}
RESULT: {"using":"xpath","value":"//button[contains(@data-kt ,\"ContextMenuIdExternalLink\")]"}
COMMAND: POST /session/09f7b38f634ad4118b42a529d9c234e8/element/f.ED9B64560877B714BB030CF0107CFFD4.d.955C62414638CC9EFBD10E22936BD0B1.e.4637/click - {}
RESULT: {}
COMMAND: GET /session/09f7b38f634ad4118b42a529d9c234e8/screenshot - {}
RESULT: {}
COMMAND: GET /session/09f7b38f634ad4118b42a529d9c234e8/window/handles - {}
RESULT: {}
COMMAND: POST /session/09f7b38f634ad4118b42a529d9c234e8/window - {"handle":"BB6C8AE3EC4251D6C042D5C58F9ECB0A"}
RESULT: {"handle":"BB6C8AE3EC4251D6C042D5C58F9ECB0A"}
COMMAND: GET /session/09f7b38f634ad4118b42a529d9c234e8/url - {}
RESULT: {}
COMMAND: GET /session/09f7b38f634ad4118b42a529d9c234e8/screenshot - {}
COMMAND: DELETE /session/09f7b38f634ad4118b42a529d9c234e8/window - {}
RESULT: {}
RESULT: {}
COMMAND: POST /session/09f7b38f634ad4118b42a529d9c234e8/window - {"handle":"ED9B64560877B714BB030CF0107CFFD4"}
RESULT: {"handle":"ED9B64560877B714BB030CF0107CFFD4"}
COMMAND: GET /session/09f7b38f634ad4118b42a529d9c234e8/url - {}
RESULT: {}
COMMAND: GET /session/09f7b38f634ad4118b42a529d9c234e8/screenshot - {}
RESULT: {}
COMMAND: POST /session/09f7b38f634ad4118b42a529d9c234e8/element - {"using":"xpath","value":"//button[contains(@data-kt ,\"ContextMenuExternalId2Link\")]"}
RESULT: {"using":"xpath","value":"//button[contains(@data-kt ,\"ContextMenuExternalId2Link\")]"}
COMMAND: POST /session/09f7b38f634ad4118b42a529d9c234e8/element/f.ED9B64560877B714BB030CF0107CFFD4.d.955C62414638CC9EFBD10E22936BD0B1.e.4642/click - {}
RESULT: {}
COMMAND: GET /session/09f7b38f634ad4118b42a529d9c234e8/screenshot - {}
RESULT: {}
COMMAND: GET /session/09f7b38f634ad4118b42a529d9c234e8/window/handles - {}
RESULT: {}
COMMAND: POST /session/09f7b38f634ad4118b42a529d9c234e8/window - {"handle":"102B8944BB1488A50A8FEE3F5894B479"}
RESULT: {"handle":"102B8944BB1488A50A8FEE3F5894B479"}
COMMAND: GET /session/09f7b38f634ad4118b42a529d9c234e8/url - {}
RESULT: {}
COMMAND: GET /session/09f7b38f634ad4118b42a529d9c234e8/screenshot - {}
RESULT: {}
COMMAND: POST /session/09f7b38f634ad4118b42a529d9c234e8/execute/sync - {"script":"<script> [8489 bytes]","args":[{"element-6066-11e4-a52e-4f735466cecf":"f.ED9B64560877B714BB030CF0107CFFD4.d.955C62414638CC9EFBD10E22936BD0B1.e.4114","ELEMENT":"f.ED9B64560877B714BB030CF0107CFFD4.d.955C62414638CC9EFBD10E22936BD0B1.e.4114"}]}
COMMAND: DELETE /session/09f7b38f634ad4118b42a529d9c234e8/window - {}
RESULT: {}
COMMAND: POST /session/09f7b38f634ad4118b42a529d9c234e8/window - {"handle":"ED9B64560877B714BB030CF0107CFFD4"}
RESULT: {"handle":"ED9B64560877B714BB030CF0107CFFD4"}
COMMAND: GET /session/09f7b38f634ad4118b42a529d9c234e8/url - {}
COMMAND: POST /session/09f7b38f634ad4118b42a529d9c234e8/element - {"using":"xpath","value":"(//span[contains(text(), \"WebdriverSitef2xgm\")])[2]"}
RESULT: {}
COMMAND: GET /session/09f7b38f634ad4118b42a529d9c234e8/screenshot - {}
RESULT: {"using":"xpath","value":"(//span[contains(text(), \"WebdriverSitef2xgm\")])[2]"}
COMMAND: POST /session/09f7b38f634ad4118b42a529d9c234e8/element - {"using":"xpath","value":"(//span[contains(text(), \"WebdriverSitef2xgm\")])[2]"}
RESULT: {}
RESULT: {"using":"xpath","value":"(//span[contains(text(), \"WebdriverSitef2xgm\")])[2]"}
COMMAND: POST /session/09f7b38f634ad4118b42a529d9c234e8/element - {"using":"xpath","value":"(//span[contains(text(), \"WebdriverSitef2xgm\")])[2]"}
RESULT: {"using":"xpath","value":"(//span[contains(text(), \"WebdriverSitef2xgm\")])[2]"}
COMMAND: POST /session/09f7b38f634ad4118b42a529d9c234e8/element - {"using":"xpath","value":"(//span[contains(text(), \"WebdriverSitef2xgm\")])[2]"}
RESULT: {"using":"xpath","value":"(//span[contains(text(), \"WebdriverSitef2xgm\")])[2]"}
COMMAND: POST /session/09f7b38f634ad4118b42a529d9c234e8/element - {"using":"xpath","value":"(//span[contains(text(), \"WebdriverSitef2xgm\")])[2]"}
RESULT: {"using":"xpath","value":"(//span[contains(text(), \"WebdriverSitef2xgm\")])[2]"}
COMMAND: POST /session/09f7b38f634ad4118b42a529d9c234e8/element - {"using":"xpath","value":"(//span[contains(text(), \"WebdriverSitef2xgm\")])[2]"}
RESULT: {"using":"xpath","value":"(//span[contains(text(), \"WebdriverSitef2xgm\")])[2]"}
COMMAND: POST /session/09f7b38f634ad4118b42a529d9c234e8/element - {"using":"xpath","value":"(//span[contains(text(), \"WebdriverSitef2xgm\")])[2]"}
RESULT: {"using":"xpath","value":"(//span[contains(text(), \"WebdriverSitef2xgm\")])[2]"}
COMMAND: POST /session/09f7b38f634ad4118b42a529d9c234e8/element - {"using":"xpath","value":"(//span[contains(text(), \"WebdriverSitef2xgm\")])[2]"}
RESULT: {"using":"xpath","value":"(//span[contains(text(), \"WebdriverSitef2xgm\")])[2]"}
COMMAND: POST /session/09f7b38f634ad4118b42a529d9c234e8/element - {"using":"xpath","value":"(//span[contains(text(), \"WebdriverSitef2xgm\")])[2]"}
RESULT: {"using":"xpath","value":"(//span[contains(text(), \"WebdriverSitef2xgm\")])[2]"}
COMMAND: POST /session/09f7b38f634ad4118b42a529d9c234e8/element - {"using":"xpath","value":"(//span[contains(text(), \"WebdriverSitef2xgm\")])[2]"}
RESULT: {"using":"xpath","value":"(//span[contains(text(), \"WebdriverSitef2xgm\")])[2]"}
COMMAND: POST /session/09f7b38f634ad4118b42a529d9c234e8/execute/sync - {"script":"<script> [8489 bytes]","args":[{"element-6066-11e4-a52e-4f735466cecf":"f.ED9B64560877B714BB030CF0107CFFD4.d.955C62414638CC9EFBD10E22936BD0B1.e.4636","ELEMENT":"f.ED9B64560877B714BB030CF0107CFFD4.d.955C62414638CC9EFBD10E22936BD0B1.e.4636"}]}
RESULT: {"script":"<script> [8489 bytes]","args":[{"element-6066-11e4-a52e-4f735466cecf":"f.ED9B64560877B714BB030CF0107CFFD4.d.955C62414638CC9EFBD10E22936BD0B1.e.4636","ELEMENT":"f.ED9B64560877B714BB030CF0107CFFD4.d.955C62414638CC9EFBD10E22936BD0B1.e.4636"}]}
COMMAND: POST /session/09f7b38f634ad4118b42a529d9c234e8/execute/sync - {"script":"<script> [5351 bytes]","args":[{"element-6066-11e4-a52e-4f735466cecf":"f.ED9B64560877B714BB030CF0107CFFD4.d.955C62414638CC9EFBD10E22936BD0B1.e.4636","ELEMENT":"f.ED9B64560877B714BB030CF0107CFFD4.d.955C62414638CC9EFBD10E22936BD0B1.e.4636"}]}
COMMAND: GET /session/09f7b38f634ad4118b42a529d9c234e8/screenshot - {}
COMMAND: POST /session/09f7b38f634ad4118b42a529d9c234e8/element - {"using":"xpath","value":"(//span[contains(text(), \"WebdriverSitef2xgm\")])[2]"}
RESULT: {"script":"<script> [5351 bytes]","args":[{"element-6066-11e4-a52e-4f735466cecf":"f.ED9B64560877B714BB030CF0107CFFD4.d.955C62414638CC9EFBD10E22936BD0B1.e.4636","ELEMENT":"f.ED9B64560877B714BB030CF0107CFFD4.d.955C62414638CC9EFBD10E22936BD0B1.e.4636"}]}
COMMAND: POST /session/09f7b38f634ad4118b42a529d9c234e8/element - {"using":"xpath","value":"//*[contains(@data-kt ,\"webshopDetailSiteLink\")]"}
RESULT: {}
RESULT: {"using":"xpath","value":"(//span[contains(text(), \"WebdriverSitef2xgm\")])[2]"}
COMMAND: GET /session/09f7b38f634ad4118b42a529d9c234e8/screenshot - {}
RESULT: {"using":"xpath","value":"//*[contains(@data-kt ,\"webshopDetailSiteLink\")]"}
COMMAND: POST /session/09f7b38f634ad4118b42a529d9c234e8/element/f.ED9B64560877B714BB030CF0107CFFD4.d.955C62414638CC9EFBD10E22936BD0B1.e.4636/click - {}
RESULT: {}
RESULT: {}
COMMAND: GET /session/09f7b38f634ad4118b42a529d9c234e8/screenshot - {}
COMMAND: POST /session/09f7b38f634ad4118b42a529d9c234e8/element - {"using":"xpath","value":"(//span[contains(text(), \"WebdriverSitef2xgm\")])[2]"}
RESULT: {}
RESULT: {"using":"xpath","value":"(//span[contains(text(), \"WebdriverSitef2xgm\")])[2]"}
COMMAND: POST /session/09f7b38f634ad4118b42a529d9c234e8/execute/sync - {"script":"<script> [8489 bytes]","args":[{"element-6066-11e4-a52e-4f735466cecf":"f.ED9B64560877B714BB030CF0107CFFD4.d.955C62414638CC9EFBD10E22936BD0B1.e.4673","ELEMENT":"f.ED9B64560877B714BB030CF0107CFFD4.d.955C62414638CC9EFBD10E22936BD0B1.e.4673"}]}
RESULT: {"script":"<script> [8489 bytes]","args":[{"element-6066-11e4-a52e-4f735466cecf":"f.ED9B64560877B714BB030CF0107CFFD4.d.955C62414638CC9EFBD10E22936BD0B1.e.4673","ELEMENT":"f.ED9B64560877B714BB030CF0107CFFD4.d.955C62414638CC9EFBD10E22936BD0B1.e.4673"}]}
COMMAND: GET /session/09f7b38f634ad4118b42a529d9c234e8/screenshot - {}
RESULT: {}
COMMAND: POST /session/09f7b38f634ad4118b42a529d9c234e8/element - {"using":"xpath","value":"(//button[contains(@data-kt ,\"ContextMenuExternalId3Link\")])[2]"}
RESULT: {"using":"xpath","value":"(//button[contains(@data-kt ,\"ContextMenuExternalId3Link\")])[2]"}
COMMAND: POST /session/09f7b38f634ad4118b42a529d9c234e8/element/f.ED9B64560877B714BB030CF0107CFFD4.d.955C62414638CC9EFBD10E22936BD0B1.e.4674/click - {}
RESULT: {}
COMMAND: GET /session/09f7b38f634ad4118b42a529d9c234e8/screenshot - {}
RESULT: {}
COMMAND: GET /session/09f7b38f634ad4118b42a529d9c234e8/window/handles - {}
RESULT: {}
COMMAND: POST /session/09f7b38f634ad4118b42a529d9c234e8/window - {"handle":"4C69CD4CACAABD3E3D5AAEF339BC8434"}
RESULT: {"handle":"4C69CD4CACAABD3E3D5AAEF339BC8434"}
COMMAND: GET /session/09f7b38f634ad4118b42a529d9c234e8/url - {}
RESULT: {}
COMMAND: POST /session/09f7b38f634ad4118b42a529d9c234e8/execute/sync - {"script":"<script> [8489 bytes]","args":[{"element-6066-11e4-a52e-4f735466cecf":"f.ED9B64560877B714BB030CF0107CFFD4.d.955C62414638CC9EFBD10E22936BD0B1.e.4472","ELEMENT":"f.ED9B64560877B714BB030CF0107CFFD4.d.955C62414638CC9EFBD10E22936BD0B1.e.4472"}]}
COMMAND: GET /session/09f7b38f634ad4118b42a529d9c234e8/screenshot - {}
RESULT: {"script":"<script> [8489 bytes]","args":[{"element-6066-11e4-a52e-4f735466cecf":"f.ED9B64560877B714BB030CF0107CFFD4.d.955C62414638CC9EFBD10E22936BD0B1.e.4472","ELEMENT":"f.ED9B64560877B714BB030CF0107CFFD4.d.955C62414638CC9EFBD10E22936BD0B1.e.4472"}]}
COMMAND: GET /session/09f7b38f634ad4118b42a529d9c234e8/screenshot - {}
COMMAND: POST /session/09f7b38f634ad4118b42a529d9c234e8/execute/sync - {"script":"<script> [8489 bytes]","args":[{"element-6066-11e4-a52e-4f735466cecf":"f.ED9B64560877B714BB030CF0107CFFD4.d.955C62414638CC9EFBD10E22936BD0B1.e.4472","ELEMENT":"f.ED9B64560877B714BB030CF0107CFFD4.d.955C62414638CC9EFBD10E22936BD0B1.e.4472"}]}
COMMAND: DELETE /session/09f7b38f634ad4118b42a529d9c234e8/window - {}
RESULT: {}
RESULT: {}
RESULT: {"script":"<script> [8489 bytes]","args":[{"element-6066-11e4-a52e-4f735466cecf":"f.ED9B64560877B714BB030CF0107CFFD4.d.955C62414638CC9EFBD10E22936BD0B1.e.4472","ELEMENT":"f.ED9B64560877B714BB030CF0107CFFD4.d.955C62414638CC9EFBD10E22936BD0B1.e.4472"}]}
COMMAND: GET /session/09f7b38f634ad4118b42a529d9c234e8/screenshot - {}
RESULT: {}
COMMAND: POST /session/09f7b38f634ad4118b42a529d9c234e8/window - {"handle":"ED9B64560877B714BB030CF0107CFFD4"}
RESULT: {"handle":"ED9B64560877B714BB030CF0107CFFD4"}
COMMAND: GET /session/09f7b38f634ad4118b42a529d9c234e8/url - {}
COMMAND: POST /session/09f7b38f634ad4118b42a529d9c234e8/execute/sync - {"script":"<script> [8489 bytes]","args":[{"element-6066-11e4-a52e-4f735466cecf":"f.ED9B64560877B714BB030CF0107CFFD4.d.955C62414638CC9EFBD10E22936BD0B1.e.4472","ELEMENT":"f.ED9B64560877B714BB030CF0107CFFD4.d.955C62414638CC9EFBD10E22936BD0B1.e.4472"}]}
RESULT: {}
RESULT: {}
COMMAND: POST /session/09f7b38f634ad4118b42a529d9c234e8/element - {"using":"xpath","value":"//span[contains(@id ,\"application-addressmanagement-display-component---detailAdm--addressDetailDetailsName1\")][contains(text(), \"WebdriverSitef2xgm\")]"}
COMMAND: GET /session/09f7b38f634ad4118b42a529d9c234e8/screenshot - {}
RESULT: {"using":"xpath","value":"//span[contains(@id ,\"application-addressmanagement-display-component---detailAdm--addressDetailDetailsName1\")][contains(text(), \"WebdriverSitef2xgm\")]"}
COMMAND: POST /session/09f7b38f634ad4118b42a529d9c234e8/element - {"using":"xpath","value":"//span[contains(@id ,\"application-addressmanagement-display-component---detailAdm--addressDetailDetailsName1\")][contains(text(), \"WebdriverSitef2xgm\")]"}
RESULT: {}
RESULT: {"using":"xpath","value":"//span[contains(@id ,\"application-addressmanagement-display-component---detailAdm--addressDetailDetailsName1\")][contains(text(), \"WebdriverSitef2xgm\")]"}
COMMAND: POST /session/09f7b38f634ad4118b42a529d9c234e8/element - {"using":"xpath","value":"//span[contains(@id ,\"application-addressmanagement-display-component---detailAdm--addressDetailDetailsName1\")][contains(text(), \"WebdriverSitef2xgm\")]"}
RESULT: {"using":"xpath","value":"//span[contains(@id ,\"application-addressmanagement-display-component---detailAdm--addressDetailDetailsName1\")][contains(text(), \"WebdriverSitef2xgm\")]"}
COMMAND: POST /session/09f7b38f634ad4118b42a529d9c234e8/element - {"using":"xpath","value":"//span[contains(@id ,\"application-addressmanagement-display-component---detailAdm--addressDetailDetailsName1\")][contains(text(), \"WebdriverSitef2xgm\")]"}
RESULT: {"using":"xpath","value":"//span[contains(@id ,\"application-addressmanagement-display-component---detailAdm--addressDetailDetailsName1\")][contains(text(), \"WebdriverSitef2xgm\")]"}
COMMAND: POST /session/09f7b38f634ad4118b42a529d9c234e8/element - {"using":"xpath","value":"//span[contains(@id ,\"application-addressmanagement-display-component---detailAdm--addressDetailDetailsName1\")][contains(text(), \"WebdriverSitef2xgm\")]"}
RESULT: {"using":"xpath","value":"//span[contains(@id ,\"application-addressmanagement-display-component---detailAdm--addressDetailDetailsName1\")][contains(text(), \"WebdriverSitef2xgm\")]"}
COMMAND: POST /session/09f7b38f634ad4118b42a529d9c234e8/element - {"using":"xpath","value":"//span[contains(@id ,\"application-addressmanagement-display-component---detailAdm--addressDetailDetailsName1\")][contains(text(), \"WebdriverSitef2xgm\")]"}
RESULT: {"using":"xpath","value":"//span[contains(@id ,\"application-addressmanagement-display-component---detailAdm--addressDetailDetailsName1\")][contains(text(), \"WebdriverSitef2xgm\")]"}
COMMAND: POST /session/09f7b38f634ad4118b42a529d9c234e8/element - {"using":"xpath","value":"//span[contains(@id ,\"application-addressmanagement-display-component---detailAdm--addressDetailDetailsName1\")][contains(text(), \"WebdriverSitef2xgm\")]"}
RESULT: {"using":"xpath","value":"//span[contains(@id ,\"application-addressmanagement-display-component---detailAdm--addressDetailDetailsName1\")][contains(text(), \"WebdriverSitef2xgm\")]"}
COMMAND: POST /session/09f7b38f634ad4118b42a529d9c234e8/element - {"using":"xpath","value":"//span[contains(@id ,\"application-addressmanagement-display-component---detailAdm--addressDetailDetailsName1\")][contains(text(), \"WebdriverSitef2xgm\")]"}
RESULT: {"using":"xpath","value":"//span[contains(@id ,\"application-addressmanagement-display-component---detailAdm--addressDetailDetailsName1\")][contains(text(), \"WebdriverSitef2xgm\")]"}
COMMAND: POST /session/09f7b38f634ad4118b42a529d9c234e8/element - {"using":"xpath","value":"//span[contains(@id ,\"application-addressmanagement-display-component---detailAdm--addressDetailDetailsName1\")][contains(text(), \"WebdriverSitef2xgm\")]"}
RESULT: {"using":"xpath","value":"//span[contains(@id ,\"application-addressmanagement-display-component---detailAdm--addressDetailDetailsName1\")][contains(text(), \"WebdriverSitef2xgm\")]"}
COMMAND: POST /session/09f7b38f634ad4118b42a529d9c234e8/element - {"using":"xpath","value":"//span[contains(@id ,\"application-addressmanagement-display-component---detailAdm--addressDetailDetailsName1\")][contains(text(), \"WebdriverSitef2xgm\")]"}
RESULT: {"using":"xpath","value":"//span[contains(@id ,\"application-addressmanagement-display-component---detailAdm--addressDetailDetailsName1\")][contains(text(), \"WebdriverSitef2xgm\")]"}
COMMAND: POST /session/09f7b38f634ad4118b42a529d9c234e8/element - {"using":"xpath","value":"//span[contains(@id ,\"application-addressmanagement-display-component---detailAdm--addressDetailDetailsName1\")][contains(text(), \"WebdriverSitef2xgm\")]"}
RESULT: {"using":"xpath","value":"//span[contains(@id ,\"application-addressmanagement-display-component---detailAdm--addressDetailDetailsName1\")][contains(text(), \"WebdriverSitef2xgm\")]"}
]]></system-out>
    </testcase>
  </testsuite>
  <testsuite timestamp="2025-05-13T07:31:41" time="276.115" tests="2" failures="0" errors="0" skipped="0">
    <properties>
      <property name="specId" value="0" />
      <property name="suiteName" value="Webshop - Hyperlinks visible and working properly  US139085" />
      <property name="capabilities" value="chrome.136_0_7103_49.windows" />
      <property name="file" value="file:///D:/a/1/s/test/specs/R2C/webshop-hyperlinks-partner-address-contract-item.spec.js" />
    </properties>
    <testcase classname="chrome.136_0_7103_49.windows.Webshop_-_Hyperlinks_visible_and_working_properly__US139085" name="Should verify the customer and address hyperlinks" time="174.387">
      <system-out><![CDATA[
COMMAND: POST /session/09f7b38f634ad4118b42a529d9c234e8/element - {"using":"xpath","value":"//*[contains(@data-kt ,\"webshopDetailAddressLink\")]"}
RESULT: {"using":"xpath","value":"//*[contains(@data-kt ,\"webshopDetailAddressLink\")]"}
COMMAND: POST /session/09f7b38f634ad4118b42a529d9c234e8/execute/sync - {"script":"<script> [8489 bytes]","args":[{"element-6066-11e4-a52e-4f735466cecf":"f.ED9B64560877B714BB030CF0107CFFD4.d.955C62414638CC9EFBD10E22936BD0B1.e.4680","ELEMENT":"f.ED9B64560877B714BB030CF0107CFFD4.d.955C62414638CC9EFBD10E22936BD0B1.e.4680"}]}
RESULT: {"script":"<script> [8489 bytes]","args":[{"element-6066-11e4-a52e-4f735466cecf":"f.ED9B64560877B714BB030CF0107CFFD4.d.955C62414638CC9EFBD10E22936BD0B1.e.4680","ELEMENT":"f.ED9B64560877B714BB030CF0107CFFD4.d.955C62414638CC9EFBD10E22936BD0B1.e.4680"}]}
COMMAND: POST /session/09f7b38f634ad4118b42a529d9c234e8/execute/sync - {"script":"<script> [5351 bytes]","args":[{"element-6066-11e4-a52e-4f735466cecf":"f.ED9B64560877B714BB030CF0107CFFD4.d.955C62414638CC9EFBD10E22936BD0B1.e.4680","ELEMENT":"f.ED9B64560877B714BB030CF0107CFFD4.d.955C62414638CC9EFBD10E22936BD0B1.e.4680"}]}
RESULT: {"script":"<script> [5351 bytes]","args":[{"element-6066-11e4-a52e-4f735466cecf":"f.ED9B64560877B714BB030CF0107CFFD4.d.955C62414638CC9EFBD10E22936BD0B1.e.4680","ELEMENT":"f.ED9B64560877B714BB030CF0107CFFD4.d.955C62414638CC9EFBD10E22936BD0B1.e.4680"}]}
COMMAND: GET /session/09f7b38f634ad4118b42a529d9c234e8/screenshot - {}
COMMAND: GET /session/09f7b38f634ad4118b42a529d9c234e8/screenshot - {}
COMMAND: POST /session/09f7b38f634ad4118b42a529d9c234e8/element - {"using":"xpath","value":"//span[contains(@id ,\"application-addressmanagement-display-component---detailAdm--addressDetailDetailsName1\")][contains(text(), \"WebdriverSitef2xgm\")]"}
RESULT: {}
RESULT: {}
RESULT: {"using":"xpath","value":"//span[contains(@id ,\"application-addressmanagement-display-component---detailAdm--addressDetailDetailsName1\")][contains(text(), \"WebdriverSitef2xgm\")]"}
COMMAND: POST /session/09f7b38f634ad4118b42a529d9c234e8/element - {"using":"xpath","value":"//span[contains(@id ,\"application-addressmanagement-display-component---detailAdm--addressDetailDetailsName1\")][contains(text(), \"WebdriverSitef2xgm\")]"}
RESULT: {"using":"xpath","value":"//span[contains(@id ,\"application-addressmanagement-display-component---detailAdm--addressDetailDetailsName1\")][contains(text(), \"WebdriverSitef2xgm\")]"}
COMMAND: POST /session/09f7b38f634ad4118b42a529d9c234e8/element - {"using":"xpath","value":"//span[contains(@id ,\"application-addressmanagement-display-component---detailAdm--addressDetailDetailsName1\")][contains(text(), \"WebdriverSitef2xgm\")]"}
RESULT: {"using":"xpath","value":"//span[contains(@id ,\"application-addressmanagement-display-component---detailAdm--addressDetailDetailsName1\")][contains(text(), \"WebdriverSitef2xgm\")]"}
COMMAND: POST /session/09f7b38f634ad4118b42a529d9c234e8/element - {"using":"xpath","value":"//span[contains(@id ,\"application-addressmanagement-display-component---detailAdm--addressDetailDetailsName1\")][contains(text(), \"WebdriverSitef2xgm\")]"}
RESULT: {"using":"xpath","value":"//span[contains(@id ,\"application-addressmanagement-display-component---detailAdm--addressDetailDetailsName1\")][contains(text(), \"WebdriverSitef2xgm\")]"}
COMMAND: POST /session/09f7b38f634ad4118b42a529d9c234e8/element - {"using":"xpath","value":"//span[contains(@id ,\"application-addressmanagement-display-component---detailAdm--addressDetailDetailsName1\")][contains(text(), \"WebdriverSitef2xgm\")]"}
RESULT: {"using":"xpath","value":"//span[contains(@id ,\"application-addressmanagement-display-component---detailAdm--addressDetailDetailsName1\")][contains(text(), \"WebdriverSitef2xgm\")]"}
COMMAND: POST /session/09f7b38f634ad4118b42a529d9c234e8/element - {"using":"xpath","value":"//span[contains(@id ,\"application-addressmanagement-display-component---detailAdm--addressDetailDetailsName1\")][contains(text(), \"WebdriverSitef2xgm\")]"}
RESULT: {"using":"xpath","value":"//span[contains(@id ,\"application-addressmanagement-display-component---detailAdm--addressDetailDetailsName1\")][contains(text(), \"WebdriverSitef2xgm\")]"}
COMMAND: POST /session/09f7b38f634ad4118b42a529d9c234e8/element - {"using":"xpath","value":"//span[contains(@id ,\"application-addressmanagement-display-component---detailAdm--addressDetailDetailsName1\")][contains(text(), \"WebdriverSitef2xgm\")]"}
RESULT: {"using":"xpath","value":"//span[contains(@id ,\"application-addressmanagement-display-component---detailAdm--addressDetailDetailsName1\")][contains(text(), \"WebdriverSitef2xgm\")]"}
COMMAND: POST /session/09f7b38f634ad4118b42a529d9c234e8/element - {"using":"xpath","value":"//span[contains(@id ,\"application-addressmanagement-display-component---detailAdm--addressDetailDetailsName1\")][contains(text(), \"WebdriverSitef2xgm\")]"}
RESULT: {"using":"xpath","value":"//span[contains(@id ,\"application-addressmanagement-display-component---detailAdm--addressDetailDetailsName1\")][contains(text(), \"WebdriverSitef2xgm\")]"}
COMMAND: POST /session/09f7b38f634ad4118b42a529d9c234e8/element - {"using":"xpath","value":"//*[contains(@data-kt ,\"webshopDetailAddressLink\")]"}
COMMAND: POST /session/09f7b38f634ad4118b42a529d9c234e8/element - {"using":"xpath","value":"//span[contains(@id ,\"application-addressmanagement-display-component---detailAdm--addressDetailDetailsName1\")][contains(text(), \"WebdriverSitef2xgm\")]"}
RESULT: {"using":"xpath","value":"//*[contains(@data-kt ,\"webshopDetailAddressLink\")]"}
COMMAND: POST /session/09f7b38f634ad4118b42a529d9c234e8/element/f.ED9B64560877B714BB030CF0107CFFD4.d.955C62414638CC9EFBD10E22936BD0B1.e.4680/click - {}
RESULT: {"using":"xpath","value":"//span[contains(@id ,\"application-addressmanagement-display-component---detailAdm--addressDetailDetailsName1\")][contains(text(), \"WebdriverSitef2xgm\")]"}
COMMAND: POST /session/09f7b38f634ad4118b42a529d9c234e8/element - {"using":"xpath","value":"//span[contains(@id ,\"application-addressmanagement-display-component---detailAdm--addressDetailDetailsName1\")][contains(text(), \"WebdriverSitef2xgm\")]"}
RESULT: {}
COMMAND: GET /session/09f7b38f634ad4118b42a529d9c234e8/screenshot - {}
RESULT: {"using":"xpath","value":"//span[contains(@id ,\"application-addressmanagement-display-component---detailAdm--addressDetailDetailsName1\")][contains(text(), \"WebdriverSitef2xgm\")]"}
RESULT: {}
COMMAND: POST /session/09f7b38f634ad4118b42a529d9c234e8/element - {"using":"xpath","value":"//span[contains(@id ,\"application-addressmanagement-display-component---detailAdm--addressDetailDetailsName1\")][contains(text(), \"WebdriverSitef2xgm\")]"}
RESULT: {"using":"xpath","value":"//span[contains(@id ,\"application-addressmanagement-display-component---detailAdm--addressDetailDetailsName1\")][contains(text(), \"WebdriverSitef2xgm\")]"}
COMMAND: POST /session/09f7b38f634ad4118b42a529d9c234e8/element - {"using":"xpath","value":"//span[contains(@id ,\"application-addressmanagement-display-component---detailAdm--addressDetailDetailsName1\")][contains(text(), \"WebdriverSitef2xgm\")]"}
RESULT: {"using":"xpath","value":"//span[contains(@id ,\"application-addressmanagement-display-component---detailAdm--addressDetailDetailsName1\")][contains(text(), \"WebdriverSitef2xgm\")]"}
COMMAND: POST /session/09f7b38f634ad4118b42a529d9c234e8/element - {"using":"xpath","value":"//span[contains(@id ,\"application-addressmanagement-display-component---detailAdm--addressDetailDetailsName1\")][contains(text(), \"WebdriverSitef2xgm\")]"}
RESULT: {"using":"xpath","value":"//span[contains(@id ,\"application-addressmanagement-display-component---detailAdm--addressDetailDetailsName1\")][contains(text(), \"WebdriverSitef2xgm\")]"}
COMMAND: POST /session/09f7b38f634ad4118b42a529d9c234e8/element - {"using":"xpath","value":"//*[contains(@data-kt ,\"ContextMenuId2Link\")][contains(text(), \"Address Overview\")]"}
RESULT: {"using":"xpath","value":"//*[contains(@data-kt ,\"ContextMenuId2Link\")][contains(text(), \"Address Overview\")]"}
COMMAND: POST /session/09f7b38f634ad4118b42a529d9c234e8/execute/sync - {"script":"<script> [8489 bytes]","args":[{"element-6066-11e4-a52e-4f735466cecf":"f.ED9B64560877B714BB030CF0107CFFD4.d.955C62414638CC9EFBD10E22936BD0B1.e.4682","ELEMENT":"f.ED9B64560877B714BB030CF0107CFFD4.d.955C62414638CC9EFBD10E22936BD0B1.e.4682"}]}
COMMAND: POST /session/09f7b38f634ad4118b42a529d9c234e8/element - {"using":"xpath","value":"//*[contains(@data-kt ,\"ContextMenuId2Link\")][contains(text(), \"Address Overview\")]"}
RESULT: {"script":"<script> [8489 bytes]","args":[{"element-6066-11e4-a52e-4f735466cecf":"f.ED9B64560877B714BB030CF0107CFFD4.d.955C62414638CC9EFBD10E22936BD0B1.e.4682","ELEMENT":"f.ED9B64560877B714BB030CF0107CFFD4.d.955C62414638CC9EFBD10E22936BD0B1.e.4682"}]}
COMMAND: GET /session/09f7b38f634ad4118b42a529d9c234e8/screenshot - {}
RESULT: {"using":"xpath","value":"//*[contains(@data-kt ,\"ContextMenuId2Link\")][contains(text(), \"Address Overview\")]"}
COMMAND: POST /session/09f7b38f634ad4118b42a529d9c234e8/element/f.ED9B64560877B714BB030CF0107CFFD4.d.955C62414638CC9EFBD10E22936BD0B1.e.4682/click - {}
COMMAND: POST /session/09f7b38f634ad4118b42a529d9c234e8/element - {"using":"xpath","value":"//span[contains(@id ,\"application-addressmanagement-display-component---detailAdm--addressDetailDetailsName1\")][contains(text(), \"WebdriverSitef2xgm\")]"}
RESULT: {}
RESULT: {}
COMMAND: GET /session/09f7b38f634ad4118b42a529d9c234e8/screenshot - {}
RESULT: {"using":"xpath","value":"//span[contains(@id ,\"application-addressmanagement-display-component---detailAdm--addressDetailDetailsName1\")][contains(text(), \"WebdriverSitef2xgm\")]"}
RESULT: {}
COMMAND: POST /session/09f7b38f634ad4118b42a529d9c234e8/element - {"using":"xpath","value":"//span[contains(@id ,\"application-addressmanagement-display-component---detailAdm--addressDetailDetailsName1\")][contains(text(), \"WebdriverSitef2xgm\")]"}
RESULT: {"using":"xpath","value":"//span[contains(@id ,\"application-addressmanagement-display-component---detailAdm--addressDetailDetailsName1\")][contains(text(), \"WebdriverSitef2xgm\")]"}
COMMAND: POST /session/09f7b38f634ad4118b42a529d9c234e8/execute/sync - {"script":"<script> [8489 bytes]","args":[{"element-6066-11e4-a52e-4f735466cecf":"f.ED9B64560877B714BB030CF0107CFFD4.d.955C62414638CC9EFBD10E22936BD0B1.e.4896","ELEMENT":"f.ED9B64560877B714BB030CF0107CFFD4.d.955C62414638CC9EFBD10E22936BD0B1.e.4896"}]}
RESULT: {"script":"<script> [8489 bytes]","args":[{"element-6066-11e4-a52e-4f735466cecf":"f.ED9B64560877B714BB030CF0107CFFD4.d.955C62414638CC9EFBD10E22936BD0B1.e.4896","ELEMENT":"f.ED9B64560877B714BB030CF0107CFFD4.d.955C62414638CC9EFBD10E22936BD0B1.e.4896"}]}
COMMAND: GET /session/09f7b38f634ad4118b42a529d9c234e8/screenshot - {}
RESULT: {}
RESULT: undefined
COMMAND: POST /session/09f7b38f634ad4118b42a529d9c234e8/execute/async - {"script":"<script> [6424 bytes]","args":[{"element-6066-11e4-a52e-4f735466cecf":"f.ED9B64560877B714BB030CF0107CFFD4.d.955C62414638CC9EFBD10E22936BD0B1.e.2910"},"getTitle",[]]}
COMMAND: POST /session/09f7b38f634ad4118b42a529d9c234e8/execute/async - {"script":"<script> [1562 bytes]","args":[{"selector":{"id":"shellAppTitle"},"wdio_ui5_key":"shellAppTitle"}]}
RESULT: {"script":"<script> [1562 bytes]","args":[{"selector":{"id":"shellAppTitle"},"wdio_ui5_key":"shellAppTitle"}]}
COMMAND: POST /session/09f7b38f634ad4118b42a529d9c234e8/execute/async - {"script":"<script> [6424 bytes]","args":[{"element-6066-11e4-a52e-4f735466cecf":"f.ED9B64560877B714BB030CF0107CFFD4.d.955C62414638CC9EFBD10E22936BD0B1.e.4898"},"getTitle",[]]}
RESULT: {"script":"<script> [6424 bytes]","args":[{"element-6066-11e4-a52e-4f735466cecf":"f.ED9B64560877B714BB030CF0107CFFD4.d.955C62414638CC9EFBD10E22936BD0B1.e.4898"},"getTitle",[]]}
COMMAND: POST /session/09f7b38f634ad4118b42a529d9c234e8/element - {"using":"xpath","value":"//span[contains(@id ,\"application-addressmanagement-display-component---detailAdm--addressDetailDetailsName1\")][contains(text(), \"WebdriverSitef2xgm\")]"}
RESULT: {"using":"xpath","value":"//span[contains(@id ,\"application-addressmanagement-display-component---detailAdm--addressDetailDetailsName1\")][contains(text(), \"WebdriverSitef2xgm\")]"}
COMMAND: POST /session/09f7b38f634ad4118b42a529d9c234e8/execute/sync - {"script":"<script> [8489 bytes]","args":[{"element-6066-11e4-a52e-4f735466cecf":"f.ED9B64560877B714BB030CF0107CFFD4.d.955C62414638CC9EFBD10E22936BD0B1.e.4896","ELEMENT":"f.ED9B64560877B714BB030CF0107CFFD4.d.955C62414638CC9EFBD10E22936BD0B1.e.4896"}]}
RESULT: undefined
COMMAND: POST /session/09f7b38f634ad4118b42a529d9c234e8/element - {"using":"xpath","value":"//*[@id=\"backBtn\"]"}
RESULT: {"using":"xpath","value":"//*[@id=\"backBtn\"]"}
COMMAND: POST /session/09f7b38f634ad4118b42a529d9c234e8/element/f.ED9B64560877B714BB030CF0107CFFD4.d.955C62414638CC9EFBD10E22936BD0B1.e.2912/click - {}
RESULT: {"script":"<script> [8489 bytes]","args":[{"element-6066-11e4-a52e-4f735466cecf":"f.ED9B64560877B714BB030CF0107CFFD4.d.955C62414638CC9EFBD10E22936BD0B1.e.4896","ELEMENT":"f.ED9B64560877B714BB030CF0107CFFD4.d.955C62414638CC9EFBD10E22936BD0B1.e.4896"}]}
COMMAND: GET /session/09f7b38f634ad4118b42a529d9c234e8/screenshot - {}
RESULT: {}
COMMAND: GET /session/09f7b38f634ad4118b42a529d9c234e8/screenshot - {}
RESULT: {}
RESULT: {}
COMMAND: POST /session/09f7b38f634ad4118b42a529d9c234e8/execute/sync - {"script":"<script> [8489 bytes]","args":[{"element-6066-11e4-a52e-4f735466cecf":"f.ED9B64560877B714BB030CF0107CFFD4.d.955C62414638CC9EFBD10E22936BD0B1.e.4680","ELEMENT":"f.ED9B64560877B714BB030CF0107CFFD4.d.955C62414638CC9EFBD10E22936BD0B1.e.4680"}]}
COMMAND: POST /session/09f7b38f634ad4118b42a529d9c234e8/element - {"using":"xpath","value":"//*[contains(@data-kt ,\"webshopDetailAddressLink\")]"}
RESULT: {"using":"xpath","value":"//*[contains(@data-kt ,\"webshopDetailAddressLink\")]"}
COMMAND: POST /session/09f7b38f634ad4118b42a529d9c234e8/execute/sync - {"script":"<script> [8489 bytes]","args":[{"element-6066-11e4-a52e-4f735466cecf":"f.ED9B64560877B714BB030CF0107CFFD4.d.955C62414638CC9EFBD10E22936BD0B1.e.5062","ELEMENT":"f.ED9B64560877B714BB030CF0107CFFD4.d.955C62414638CC9EFBD10E22936BD0B1.e.5062"}]}
RESULT: {"script":"<script> [8489 bytes]","args":[{"element-6066-11e4-a52e-4f735466cecf":"f.ED9B64560877B714BB030CF0107CFFD4.d.955C62414638CC9EFBD10E22936BD0B1.e.5062","ELEMENT":"f.ED9B64560877B714BB030CF0107CFFD4.d.955C62414638CC9EFBD10E22936BD0B1.e.5062"}]}
COMMAND: POST /session/09f7b38f634ad4118b42a529d9c234e8/execute/sync - {"script":"<script> [5351 bytes]","args":[{"element-6066-11e4-a52e-4f735466cecf":"f.ED9B64560877B714BB030CF0107CFFD4.d.955C62414638CC9EFBD10E22936BD0B1.e.5062","ELEMENT":"f.ED9B64560877B714BB030CF0107CFFD4.d.955C62414638CC9EFBD10E22936BD0B1.e.5062"}]}
COMMAND: GET /session/09f7b38f634ad4118b42a529d9c234e8/screenshot - {}
RESULT: {"script":"<script> [5351 bytes]","args":[{"element-6066-11e4-a52e-4f735466cecf":"f.ED9B64560877B714BB030CF0107CFFD4.d.955C62414638CC9EFBD10E22936BD0B1.e.5062","ELEMENT":"f.ED9B64560877B714BB030CF0107CFFD4.d.955C62414638CC9EFBD10E22936BD0B1.e.5062"}]}
COMMAND: POST /session/09f7b38f634ad4118b42a529d9c234e8/element - {"using":"xpath","value":"//*[contains(@data-kt ,\"webshopDetailAddressLink\")]"}
COMMAND: GET /session/09f7b38f634ad4118b42a529d9c234e8/screenshot - {}
RESULT: {}
RESULT: {"using":"xpath","value":"//*[contains(@data-kt ,\"webshopDetailAddressLink\")]"}
COMMAND: POST /session/09f7b38f634ad4118b42a529d9c234e8/element/f.ED9B64560877B714BB030CF0107CFFD4.d.955C62414638CC9EFBD10E22936BD0B1.e.5062/click - {}
RESULT: {}
RESULT: {}
COMMAND: GET /session/09f7b38f634ad4118b42a529d9c234e8/screenshot - {}
RESULT: {}
COMMAND: POST /session/09f7b38f634ad4118b42a529d9c234e8/element - {"using":"xpath","value":"//button[contains(@data-kt ,\"ContextMenuExternalId2Link\")]"}
RESULT: {"using":"xpath","value":"//button[contains(@data-kt ,\"ContextMenuExternalId2Link\")]"}
COMMAND: POST /session/09f7b38f634ad4118b42a529d9c234e8/element/f.ED9B64560877B714BB030CF0107CFFD4.d.955C62414638CC9EFBD10E22936BD0B1.e.5065/click - {}
RESULT: {}
COMMAND: GET /session/09f7b38f634ad4118b42a529d9c234e8/screenshot - {}
RESULT: {}
COMMAND: GET /session/09f7b38f634ad4118b42a529d9c234e8/window/handles - {}
RESULT: {}
COMMAND: POST /session/09f7b38f634ad4118b42a529d9c234e8/window - {"handle":"57E78BD418D97CF959BB1E09EB04F502"}
RESULT: {"handle":"57E78BD418D97CF959BB1E09EB04F502"}
COMMAND: GET /session/09f7b38f634ad4118b42a529d9c234e8/url - {}
RESULT: {}
COMMAND: GET /session/09f7b38f634ad4118b42a529d9c234e8/screenshot - {}
RESULT: {}
COMMAND: POST /session/09f7b38f634ad4118b42a529d9c234e8/execute/sync - {"script":"<script> [8489 bytes]","args":[{"element-6066-11e4-a52e-4f735466cecf":"f.ED9B64560877B714BB030CF0107CFFD4.d.955C62414638CC9EFBD10E22936BD0B1.e.4896","ELEMENT":"f.ED9B64560877B714BB030CF0107CFFD4.d.955C62414638CC9EFBD10E22936BD0B1.e.4896"}]}
COMMAND: DELETE /session/09f7b38f634ad4118b42a529d9c234e8/window - {}
RESULT: {}
COMMAND: POST /session/09f7b38f634ad4118b42a529d9c234e8/window - {"handle":"ED9B64560877B714BB030CF0107CFFD4"}
RESULT: {"handle":"ED9B64560877B714BB030CF0107CFFD4"}
COMMAND: GET /session/09f7b38f634ad4118b42a529d9c234e8/url - {}
COMMAND: POST /session/09f7b38f634ad4118b42a529d9c234e8/element - {"using":"xpath","value":"//span[contains(@id ,\"application-addressmanagement-display-component---detailAdm--addressDetailDetailsName1\")][contains(text(), \"WebdriverSitef2xgm\")]"}
RESULT: {}
COMMAND: GET /session/09f7b38f634ad4118b42a529d9c234e8/screenshot - {}
RESULT: {"using":"xpath","value":"//span[contains(@id ,\"application-addressmanagement-display-component---detailAdm--addressDetailDetailsName1\")][contains(text(), \"WebdriverSitef2xgm\")]"}
COMMAND: POST /session/09f7b38f634ad4118b42a529d9c234e8/element - {"using":"xpath","value":"//span[contains(@id ,\"application-addressmanagement-display-component---detailAdm--addressDetailDetailsName1\")][contains(text(), \"WebdriverSitef2xgm\")]"}
RESULT: {}
RESULT: {"using":"xpath","value":"//span[contains(@id ,\"application-addressmanagement-display-component---detailAdm--addressDetailDetailsName1\")][contains(text(), \"WebdriverSitef2xgm\")]"}
COMMAND: POST /session/09f7b38f634ad4118b42a529d9c234e8/element - {"using":"xpath","value":"//span[contains(@id ,\"application-addressmanagement-display-component---detailAdm--addressDetailDetailsName1\")][contains(text(), \"WebdriverSitef2xgm\")]"}
RESULT: {"using":"xpath","value":"//span[contains(@id ,\"application-addressmanagement-display-component---detailAdm--addressDetailDetailsName1\")][contains(text(), \"WebdriverSitef2xgm\")]"}
COMMAND: POST /session/09f7b38f634ad4118b42a529d9c234e8/element - {"using":"xpath","value":"//span[contains(@id ,\"application-addressmanagement-display-component---detailAdm--addressDetailDetailsName1\")][contains(text(), \"WebdriverSitef2xgm\")]"}
RESULT: {"using":"xpath","value":"//span[contains(@id ,\"application-addressmanagement-display-component---detailAdm--addressDetailDetailsName1\")][contains(text(), \"WebdriverSitef2xgm\")]"}
COMMAND: POST /session/09f7b38f634ad4118b42a529d9c234e8/element - {"using":"xpath","value":"//span[contains(@id ,\"application-addressmanagement-display-component---detailAdm--addressDetailDetailsName1\")][contains(text(), \"WebdriverSitef2xgm\")]"}
RESULT: {"using":"xpath","value":"//span[contains(@id ,\"application-addressmanagement-display-component---detailAdm--addressDetailDetailsName1\")][contains(text(), \"WebdriverSitef2xgm\")]"}
COMMAND: POST /session/09f7b38f634ad4118b42a529d9c234e8/element - {"using":"xpath","value":"//span[contains(@id ,\"application-addressmanagement-display-component---detailAdm--addressDetailDetailsName1\")][contains(text(), \"WebdriverSitef2xgm\")]"}
RESULT: {"using":"xpath","value":"//span[contains(@id ,\"application-addressmanagement-display-component---detailAdm--addressDetailDetailsName1\")][contains(text(), \"WebdriverSitef2xgm\")]"}
COMMAND: POST /session/09f7b38f634ad4118b42a529d9c234e8/element - {"using":"xpath","value":"//span[contains(@id ,\"application-addressmanagement-display-component---detailAdm--addressDetailDetailsName1\")][contains(text(), \"WebdriverSitef2xgm\")]"}
RESULT: {"using":"xpath","value":"//span[contains(@id ,\"application-addressmanagement-display-component---detailAdm--addressDetailDetailsName1\")][contains(text(), \"WebdriverSitef2xgm\")]"}
COMMAND: POST /session/09f7b38f634ad4118b42a529d9c234e8/element - {"using":"xpath","value":"//*[contains(@data-kt ,\"webshopDetailCustomerLink\")]"}
RESULT: {"using":"xpath","value":"//*[contains(@data-kt ,\"webshopDetailCustomerLink\")]"}
COMMAND: POST /session/09f7b38f634ad4118b42a529d9c234e8/execute/sync - {"script":"<script> [8489 bytes]","args":[{"element-6066-11e4-a52e-4f735466cecf":"f.ED9B64560877B714BB030CF0107CFFD4.d.955C62414638CC9EFBD10E22936BD0B1.e.5281","ELEMENT":"f.ED9B64560877B714BB030CF0107CFFD4.d.955C62414638CC9EFBD10E22936BD0B1.e.5281"}]}
RESULT: {"script":"<script> [8489 bytes]","args":[{"element-6066-11e4-a52e-4f735466cecf":"f.ED9B64560877B714BB030CF0107CFFD4.d.955C62414638CC9EFBD10E22936BD0B1.e.5281","ELEMENT":"f.ED9B64560877B714BB030CF0107CFFD4.d.955C62414638CC9EFBD10E22936BD0B1.e.5281"}]}
COMMAND: POST /session/09f7b38f634ad4118b42a529d9c234e8/execute/sync - {"script":"<script> [5351 bytes]","args":[{"element-6066-11e4-a52e-4f735466cecf":"f.ED9B64560877B714BB030CF0107CFFD4.d.955C62414638CC9EFBD10E22936BD0B1.e.5281","ELEMENT":"f.ED9B64560877B714BB030CF0107CFFD4.d.955C62414638CC9EFBD10E22936BD0B1.e.5281"}]}
COMMAND: GET /session/09f7b38f634ad4118b42a529d9c234e8/screenshot - {}
RESULT: {"script":"<script> [5351 bytes]","args":[{"element-6066-11e4-a52e-4f735466cecf":"f.ED9B64560877B714BB030CF0107CFFD4.d.955C62414638CC9EFBD10E22936BD0B1.e.5281","ELEMENT":"f.ED9B64560877B714BB030CF0107CFFD4.d.955C62414638CC9EFBD10E22936BD0B1.e.5281"}]}
COMMAND: POST /session/09f7b38f634ad4118b42a529d9c234e8/element - {"using":"xpath","value":"//*[contains(@data-kt ,\"webshopDetailCustomerLink\")]"}
COMMAND: GET /session/09f7b38f634ad4118b42a529d9c234e8/screenshot - {}
COMMAND: POST /session/09f7b38f634ad4118b42a529d9c234e8/element - {"using":"xpath","value":"//span[contains(@id ,\"application-addressmanagement-display-component---detailAdm--addressDetailDetailsName1\")][contains(text(), \"WebdriverSitef2xgm\")]"}
RESULT: {}
RESULT: {"using":"xpath","value":"//*[contains(@data-kt ,\"webshopDetailCustomerLink\")]"}
COMMAND: POST /session/09f7b38f634ad4118b42a529d9c234e8/element/f.ED9B64560877B714BB030CF0107CFFD4.d.955C62414638CC9EFBD10E22936BD0B1.e.5281/click - {}
RESULT: {}
RESULT: {"using":"xpath","value":"//span[contains(@id ,\"application-addressmanagement-display-component---detailAdm--addressDetailDetailsName1\")][contains(text(), \"WebdriverSitef2xgm\")]"}
COMMAND: POST /session/09f7b38f634ad4118b42a529d9c234e8/element - {"using":"xpath","value":"//span[contains(@id ,\"application-addressmanagement-display-component---detailAdm--addressDetailDetailsName1\")][contains(text(), \"WebdriverSitef2xgm\")]"}
RESULT: {}
COMMAND: GET /session/09f7b38f634ad4118b42a529d9c234e8/screenshot - {}
RESULT: {"using":"xpath","value":"//span[contains(@id ,\"application-addressmanagement-display-component---detailAdm--addressDetailDetailsName1\")][contains(text(), \"WebdriverSitef2xgm\")]"}
RESULT: {}
COMMAND: POST /session/09f7b38f634ad4118b42a529d9c234e8/element - {"using":"xpath","value":"//span[contains(@id ,\"application-addressmanagement-display-component---detailAdm--addressDetailDetailsName1\")][contains(text(), \"WebdriverSitef2xgm\")]"}
RESULT: {"using":"xpath","value":"//span[contains(@id ,\"application-addressmanagement-display-component---detailAdm--addressDetailDetailsName1\")][contains(text(), \"WebdriverSitef2xgm\")]"}
COMMAND: POST /session/09f7b38f634ad4118b42a529d9c234e8/element - {"using":"xpath","value":"//span[contains(@id ,\"application-addressmanagement-display-component---detailAdm--addressDetailDetailsName1\")][contains(text(), \"WebdriverSitef2xgm\")]"}
RESULT: {"using":"xpath","value":"//span[contains(@id ,\"application-addressmanagement-display-component---detailAdm--addressDetailDetailsName1\")][contains(text(), \"WebdriverSitef2xgm\")]"}
COMMAND: POST /session/09f7b38f634ad4118b42a529d9c234e8/element - {"using":"xpath","value":"//span[contains(@id ,\"application-addressmanagement-display-component---detailAdm--addressDetailDetailsName1\")][contains(text(), \"WebdriverSitef2xgm\")]"}
RESULT: {"using":"xpath","value":"//span[contains(@id ,\"application-addressmanagement-display-component---detailAdm--addressDetailDetailsName1\")][contains(text(), \"WebdriverSitef2xgm\")]"}
COMMAND: POST /session/09f7b38f634ad4118b42a529d9c234e8/element - {"using":"xpath","value":"//*[contains(@data-kt ,\"ContextMenuId2Link\")][contains(text(), \"Partner Overview\")]"}
RESULT: {"using":"xpath","value":"//*[contains(@data-kt ,\"ContextMenuId2Link\")][contains(text(), \"Partner Overview\")]"}
COMMAND: POST /session/09f7b38f634ad4118b42a529d9c234e8/execute/sync - {"script":"<script> [8489 bytes]","args":[{"element-6066-11e4-a52e-4f735466cecf":"f.ED9B64560877B714BB030CF0107CFFD4.d.955C62414638CC9EFBD10E22936BD0B1.e.5283","ELEMENT":"f.ED9B64560877B714BB030CF0107CFFD4.d.955C62414638CC9EFBD10E22936BD0B1.e.5283"}]}
COMMAND: POST /session/09f7b38f634ad4118b42a529d9c234e8/element - {"using":"xpath","value":"//*[contains(@data-kt ,\"ContextMenuId2Link\")][contains(text(), \"Partner Overview\")]"}
RESULT: {"script":"<script> [8489 bytes]","args":[{"element-6066-11e4-a52e-4f735466cecf":"f.ED9B64560877B714BB030CF0107CFFD4.d.955C62414638CC9EFBD10E22936BD0B1.e.5283","ELEMENT":"f.ED9B64560877B714BB030CF0107CFFD4.d.955C62414638CC9EFBD10E22936BD0B1.e.5283"}]}
COMMAND: GET /session/09f7b38f634ad4118b42a529d9c234e8/screenshot - {}
RESULT: {"using":"xpath","value":"//*[contains(@data-kt ,\"ContextMenuId2Link\")][contains(text(), \"Partner Overview\")]"}
COMMAND: POST /session/09f7b38f634ad4118b42a529d9c234e8/element/f.ED9B64560877B714BB030CF0107CFFD4.d.955C62414638CC9EFBD10E22936BD0B1.e.5283/click - {}
COMMAND: POST /session/09f7b38f634ad4118b42a529d9c234e8/element - {"using":"xpath","value":"//span[contains(@id ,\"application-addressmanagement-display-component---detailAdm--addressDetailDetailsName1\")][contains(text(), \"WebdriverSitef2xgm\")]"}
RESULT: {}
RESULT: {}
COMMAND: GET /session/09f7b38f634ad4118b42a529d9c234e8/screenshot - {}
RESULT: {"using":"xpath","value":"//span[contains(@id ,\"application-addressmanagement-display-component---detailAdm--addressDetailDetailsName1\")][contains(text(), \"WebdriverSitef2xgm\")]"}
RESULT: {}
COMMAND: POST /session/09f7b38f634ad4118b42a529d9c234e8/element - {"using":"xpath","value":"//span[contains(@id ,\"application-addressmanagement-display-component---detailAdm--addressDetailDetailsName1\")][contains(text(), \"WebdriverSitef2xgm\")]"}
RESULT: {"using":"xpath","value":"//span[contains(@id ,\"application-addressmanagement-display-component---detailAdm--addressDetailDetailsName1\")][contains(text(), \"WebdriverSitef2xgm\")]"}
COMMAND: POST /session/09f7b38f634ad4118b42a529d9c234e8/element - {"using":"xpath","value":"//span[contains(@id ,\"application-addressmanagement-display-component---detailAdm--addressDetailDetailsName1\")][contains(text(), \"WebdriverSitef2xgm\")]"}
RESULT: {"using":"xpath","value":"//span[contains(@id ,\"application-addressmanagement-display-component---detailAdm--addressDetailDetailsName1\")][contains(text(), \"WebdriverSitef2xgm\")]"}
COMMAND: POST /session/09f7b38f634ad4118b42a529d9c234e8/element - {"using":"xpath","value":"//span[contains(@id ,\"application-addressmanagement-display-component---detailAdm--addressDetailDetailsName1\")][contains(text(), \"WebdriverSitef2xgm\")]"}
RESULT: {"using":"xpath","value":"//span[contains(@id ,\"application-addressmanagement-display-component---detailAdm--addressDetailDetailsName1\")][contains(text(), \"WebdriverSitef2xgm\")]"}
COMMAND: POST /session/09f7b38f634ad4118b42a529d9c234e8/element - {"using":"xpath","value":"//span[contains(@id ,\"application-addressmanagement-display-component---detailAdm--addressDetailDetailsName1\")][contains(text(), \"WebdriverSitef2xgm\")]"}
RESULT: {"using":"xpath","value":"//span[contains(@id ,\"application-addressmanagement-display-component---detailAdm--addressDetailDetailsName1\")][contains(text(), \"WebdriverSitef2xgm\")]"}
COMMAND: POST /session/09f7b38f634ad4118b42a529d9c234e8/element - {"using":"xpath","value":"//span[contains(@id ,\"application-addressmanagement-display-component---detailAdm--addressDetailDetailsName1\")][contains(text(), \"WebdriverSitef2xgm\")]"}
RESULT: {"using":"xpath","value":"//span[contains(@id ,\"application-addressmanagement-display-component---detailAdm--addressDetailDetailsName1\")][contains(text(), \"WebdriverSitef2xgm\")]"}
RESULT: undefined
COMMAND: POST /session/09f7b38f634ad4118b42a529d9c234e8/execute/async - {"script":"<script> [6424 bytes]","args":[{"element-6066-11e4-a52e-4f735466cecf":"f.ED9B64560877B714BB030CF0107CFFD4.d.955C62414638CC9EFBD10E22936BD0B1.e.2910"},"getTitle",[]]}
COMMAND: POST /session/09f7b38f634ad4118b42a529d9c234e8/execute/async - {"script":"<script> [1562 bytes]","args":[{"selector":{"id":"shellAppTitle"},"wdio_ui5_key":"shellAppTitle"}]}
COMMAND: POST /session/09f7b38f634ad4118b42a529d9c234e8/element - {"using":"xpath","value":"//span[contains(@id ,\"application-addressmanagement-display-component---detailAdm--addressDetailDetailsName1\")][contains(text(), \"WebdriverSitef2xgm\")]"}
RESULT: {"script":"<script> [1562 bytes]","args":[{"selector":{"id":"shellAppTitle"},"wdio_ui5_key":"shellAppTitle"}]}
COMMAND: POST /session/09f7b38f634ad4118b42a529d9c234e8/execute/async - {"script":"<script> [6424 bytes]","args":[{"element-6066-11e4-a52e-4f735466cecf":"f.ED9B64560877B714BB030CF0107CFFD4.d.955C62414638CC9EFBD10E22936BD0B1.e.5426"},"getTitle",[]]}
RESULT: {"using":"xpath","value":"//span[contains(@id ,\"application-addressmanagement-display-component---detailAdm--addressDetailDetailsName1\")][contains(text(), \"WebdriverSitef2xgm\")]"}
RESULT: {"script":"<script> [6424 bytes]","args":[{"element-6066-11e4-a52e-4f735466cecf":"f.ED9B64560877B714BB030CF0107CFFD4.d.955C62414638CC9EFBD10E22936BD0B1.e.5426"},"getTitle",[]]}
COMMAND: POST /session/09f7b38f634ad4118b42a529d9c234e8/element - {"using":"xpath","value":"//span[contains(@id ,\"title\")][contains(text(), \"WebdriverPartnerivy1mg\")]"}
RESULT: {"using":"xpath","value":"//span[contains(@id ,\"title\")][contains(text(), \"WebdriverPartnerivy1mg\")]"}
COMMAND: POST /session/09f7b38f634ad4118b42a529d9c234e8/execute/sync - {"script":"<script> [8489 bytes]","args":[{"element-6066-11e4-a52e-4f735466cecf":"f.ED9B64560877B714BB030CF0107CFFD4.d.955C62414638CC9EFBD10E22936BD0B1.e.5475","ELEMENT":"f.ED9B64560877B714BB030CF0107CFFD4.d.955C62414638CC9EFBD10E22936BD0B1.e.5475"}]}
RESULT: undefined
COMMAND: POST /session/09f7b38f634ad4118b42a529d9c234e8/element - {"using":"xpath","value":"//*[@id=\"backBtn\"]"}
COMMAND: POST /session/09f7b38f634ad4118b42a529d9c234e8/element - {"using":"xpath","value":"//span[contains(@id ,\"application-addressmanagement-display-component---detailAdm--addressDetailDetailsName1\")][contains(text(), \"WebdriverSitef2xgm\")]"}
RESULT: {"script":"<script> [8489 bytes]","args":[{"element-6066-11e4-a52e-4f735466cecf":"f.ED9B64560877B714BB030CF0107CFFD4.d.955C62414638CC9EFBD10E22936BD0B1.e.5475","ELEMENT":"f.ED9B64560877B714BB030CF0107CFFD4.d.955C62414638CC9EFBD10E22936BD0B1.e.5475"}]}
COMMAND: GET /session/09f7b38f634ad4118b42a529d9c234e8/screenshot - {}
RESULT: {"using":"xpath","value":"//*[@id=\"backBtn\"]"}
COMMAND: POST /session/09f7b38f634ad4118b42a529d9c234e8/element/f.ED9B64560877B714BB030CF0107CFFD4.d.955C62414638CC9EFBD10E22936BD0B1.e.2912/click - {}
RESULT: {"using":"xpath","value":"//span[contains(@id ,\"application-addressmanagement-display-component---detailAdm--addressDetailDetailsName1\")][contains(text(), \"WebdriverSitef2xgm\")]"}
RESULT: {}
COMMAND: POST /session/09f7b38f634ad4118b42a529d9c234e8/execute/sync - {"script":"<script> [8489 bytes]","args":[{"element-6066-11e4-a52e-4f735466cecf":"f.ED9B64560877B714BB030CF0107CFFD4.d.955C62414638CC9EFBD10E22936BD0B1.e.5475","ELEMENT":"f.ED9B64560877B714BB030CF0107CFFD4.d.955C62414638CC9EFBD10E22936BD0B1.e.5475"}]}
COMMAND: POST /session/09f7b38f634ad4118b42a529d9c234e8/element - {"using":"xpath","value":"//span[contains(@id ,\"application-addressmanagement-display-component---detailAdm--addressDetailDetailsName1\")][contains(text(), \"WebdriverSitef2xgm\")]"}
RESULT: {}
COMMAND: GET /session/09f7b38f634ad4118b42a529d9c234e8/screenshot - {}
RESULT: {"script":"<script> [8489 bytes]","args":[{"element-6066-11e4-a52e-4f735466cecf":"f.ED9B64560877B714BB030CF0107CFFD4.d.955C62414638CC9EFBD10E22936BD0B1.e.5475","ELEMENT":"f.ED9B64560877B714BB030CF0107CFFD4.d.955C62414638CC9EFBD10E22936BD0B1.e.5475"}]}
COMMAND: GET /session/09f7b38f634ad4118b42a529d9c234e8/screenshot - {}
RESULT: {"using":"xpath","value":"//span[contains(@id ,\"application-addressmanagement-display-component---detailAdm--addressDetailDetailsName1\")][contains(text(), \"WebdriverSitef2xgm\")]"}
COMMAND: POST /session/09f7b38f634ad4118b42a529d9c234e8/execute/sync - {"script":"<script> [8489 bytes]","args":[{"element-6066-11e4-a52e-4f735466cecf":"f.ED9B64560877B714BB030CF0107CFFD4.d.955C62414638CC9EFBD10E22936BD0B1.e.5475","ELEMENT":"f.ED9B64560877B714BB030CF0107CFFD4.d.955C62414638CC9EFBD10E22936BD0B1.e.5475"}]}
COMMAND: POST /session/09f7b38f634ad4118b42a529d9c234e8/element - {"using":"xpath","value":"//span[contains(@id ,\"application-addressmanagement-display-component---detailAdm--addressDetailDetailsName1\")][contains(text(), \"WebdriverSitef2xgm\")]"}
RESULT: {}
RESULT: {}
COMMAND: POST /session/09f7b38f634ad4118b42a529d9c234e8/element - {"using":"xpath","value":"//span[contains(@id ,\"title\")][contains(text(), \"WebdriverPartnerivy1mg\")]"}
RESULT: {"using":"xpath","value":"//span[contains(@id ,\"application-addressmanagement-display-component---detailAdm--addressDetailDetailsName1\")][contains(text(), \"WebdriverSitef2xgm\")]"}
RESULT: {"using":"xpath","value":"//span[contains(@id ,\"title\")][contains(text(), \"WebdriverPartnerivy1mg\")]"}
COMMAND: POST /session/09f7b38f634ad4118b42a529d9c234e8/element - {"using":"xpath","value":"//span[contains(@id ,\"title\")][contains(text(), \"WebdriverPartnerivy1mg\")]"}
RESULT: {"using":"xpath","value":"//span[contains(@id ,\"title\")][contains(text(), \"WebdriverPartnerivy1mg\")]"}
COMMAND: POST /session/09f7b38f634ad4118b42a529d9c234e8/element - {"using":"xpath","value":"//span[contains(@id ,\"application-addressmanagement-display-component---detailAdm--addressDetailDetailsName1\")][contains(text(), \"WebdriverSitef2xgm\")]"}
RESULT: {"using":"xpath","value":"//span[contains(@id ,\"application-addressmanagement-display-component---detailAdm--addressDetailDetailsName1\")][contains(text(), \"WebdriverSitef2xgm\")]"}
COMMAND: POST /session/09f7b38f634ad4118b42a529d9c234e8/element - {"using":"xpath","value":"//span[contains(@id ,\"title\")][contains(text(), \"WebdriverPartnerivy1mg\")]"}
RESULT: {"using":"xpath","value":"//span[contains(@id ,\"title\")][contains(text(), \"WebdriverPartnerivy1mg\")]"}
COMMAND: POST /session/09f7b38f634ad4118b42a529d9c234e8/element - {"using":"xpath","value":"//span[contains(@id ,\"application-addressmanagement-display-component---detailAdm--addressDetailDetailsName1\")][contains(text(), \"WebdriverSitef2xgm\")]"}
RESULT: {"using":"xpath","value":"//span[contains(@id ,\"application-addressmanagement-display-component---detailAdm--addressDetailDetailsName1\")][contains(text(), \"WebdriverSitef2xgm\")]"}
COMMAND: POST /session/09f7b38f634ad4118b42a529d9c234e8/element - {"using":"xpath","value":"//span[contains(@id ,\"title\")][contains(text(), \"WebdriverPartnerivy1mg\")]"}
RESULT: {"using":"xpath","value":"//span[contains(@id ,\"title\")][contains(text(), \"WebdriverPartnerivy1mg\")]"}
COMMAND: POST /session/09f7b38f634ad4118b42a529d9c234e8/element - {"using":"xpath","value":"//span[contains(@id ,\"application-addressmanagement-display-component---detailAdm--addressDetailDetailsName1\")][contains(text(), \"WebdriverSitef2xgm\")]"}
RESULT: {"using":"xpath","value":"//span[contains(@id ,\"application-addressmanagement-display-component---detailAdm--addressDetailDetailsName1\")][contains(text(), \"WebdriverSitef2xgm\")]"}
COMMAND: POST /session/09f7b38f634ad4118b42a529d9c234e8/element - {"using":"xpath","value":"//span[contains(@id ,\"title\")][contains(text(), \"WebdriverPartnerivy1mg\")]"}
COMMAND: POST /session/09f7b38f634ad4118b42a529d9c234e8/element - {"using":"xpath","value":"//span[contains(@id ,\"application-addressmanagement-display-component---detailAdm--addressDetailDetailsName1\")][contains(text(), \"WebdriverSitef2xgm\")]"}
COMMAND: POST /session/09f7b38f634ad4118b42a529d9c234e8/execute/sync - {"script":"<script> [8489 bytes]","args":[{"element-6066-11e4-a52e-4f735466cecf":"f.ED9B64560877B714BB030CF0107CFFD4.d.955C62414638CC9EFBD10E22936BD0B1.e.5281","ELEMENT":"f.ED9B64560877B714BB030CF0107CFFD4.d.955C62414638CC9EFBD10E22936BD0B1.e.5281"}]}
RESULT: {"using":"xpath","value":"//span[contains(@id ,\"title\")][contains(text(), \"WebdriverPartnerivy1mg\")]"}
RESULT: {"using":"xpath","value":"//span[contains(@id ,\"application-addressmanagement-display-component---detailAdm--addressDetailDetailsName1\")][contains(text(), \"WebdriverSitef2xgm\")]"}
COMMAND: POST /session/09f7b38f634ad4118b42a529d9c234e8/element - {"using":"xpath","value":"//*[contains(@data-kt ,\"webshopDetailCustomerLink\")]"}
RESULT: {"using":"xpath","value":"//*[contains(@data-kt ,\"webshopDetailCustomerLink\")]"}
COMMAND: POST /session/09f7b38f634ad4118b42a529d9c234e8/execute/sync - {"script":"<script> [8489 bytes]","args":[{"element-6066-11e4-a52e-4f735466cecf":"f.ED9B64560877B714BB030CF0107CFFD4.d.955C62414638CC9EFBD10E22936BD0B1.e.5655","ELEMENT":"f.ED9B64560877B714BB030CF0107CFFD4.d.955C62414638CC9EFBD10E22936BD0B1.e.5655"}]}
RESULT: {"script":"<script> [8489 bytes]","args":[{"element-6066-11e4-a52e-4f735466cecf":"f.ED9B64560877B714BB030CF0107CFFD4.d.955C62414638CC9EFBD10E22936BD0B1.e.5655","ELEMENT":"f.ED9B64560877B714BB030CF0107CFFD4.d.955C62414638CC9EFBD10E22936BD0B1.e.5655"}]}
COMMAND: POST /session/09f7b38f634ad4118b42a529d9c234e8/execute/sync - {"script":"<script> [5351 bytes]","args":[{"element-6066-11e4-a52e-4f735466cecf":"f.ED9B64560877B714BB030CF0107CFFD4.d.955C62414638CC9EFBD10E22936BD0B1.e.5655","ELEMENT":"f.ED9B64560877B714BB030CF0107CFFD4.d.955C62414638CC9EFBD10E22936BD0B1.e.5655"}]}
COMMAND: GET /session/09f7b38f634ad4118b42a529d9c234e8/screenshot - {}
RESULT: {"script":"<script> [5351 bytes]","args":[{"element-6066-11e4-a52e-4f735466cecf":"f.ED9B64560877B714BB030CF0107CFFD4.d.955C62414638CC9EFBD10E22936BD0B1.e.5655","ELEMENT":"f.ED9B64560877B714BB030CF0107CFFD4.d.955C62414638CC9EFBD10E22936BD0B1.e.5655"}]}
COMMAND: POST /session/09f7b38f634ad4118b42a529d9c234e8/execute/sync - {"script":"<script> [8489 bytes]","args":[{"element-6066-11e4-a52e-4f735466cecf":"f.ED9B64560877B714BB030CF0107CFFD4.d.955C62414638CC9EFBD10E22936BD0B1.e.5655","ELEMENT":"f.ED9B64560877B714BB030CF0107CFFD4.d.955C62414638CC9EFBD10E22936BD0B1.e.5655"}]}
COMMAND: GET /session/09f7b38f634ad4118b42a529d9c234e8/screenshot - {}
COMMAND: POST /session/09f7b38f634ad4118b42a529d9c234e8/element - {"using":"xpath","value":"//span[contains(@id ,\"title\")][contains(text(), \"WebdriverPartnerivy1mg\")]"}
COMMAND: POST /session/09f7b38f634ad4118b42a529d9c234e8/element - {"using":"xpath","value":"//span[contains(@id ,\"application-addressmanagement-display-component---detailAdm--addressDetailDetailsName1\")][contains(text(), \"WebdriverSitef2xgm\")]"}
RESULT: {}
RESULT: {"script":"<script> [8489 bytes]","args":[{"element-6066-11e4-a52e-4f735466cecf":"f.ED9B64560877B714BB030CF0107CFFD4.d.955C62414638CC9EFBD10E22936BD0B1.e.5655","ELEMENT":"f.ED9B64560877B714BB030CF0107CFFD4.d.955C62414638CC9EFBD10E22936BD0B1.e.5655"}]}
COMMAND: POST /session/09f7b38f634ad4118b42a529d9c234e8/execute/sync - {"script":"<script> [5351 bytes]","args":[{"element-6066-11e4-a52e-4f735466cecf":"f.ED9B64560877B714BB030CF0107CFFD4.d.955C62414638CC9EFBD10E22936BD0B1.e.5655","ELEMENT":"f.ED9B64560877B714BB030CF0107CFFD4.d.955C62414638CC9EFBD10E22936BD0B1.e.5655"}]}
COMMAND: GET /session/09f7b38f634ad4118b42a529d9c234e8/screenshot - {}
RESULT: {}
RESULT: {"using":"xpath","value":"//span[contains(@id ,\"title\")][contains(text(), \"WebdriverPartnerivy1mg\")]"}
RESULT: {"using":"xpath","value":"//span[contains(@id ,\"application-addressmanagement-display-component---detailAdm--addressDetailDetailsName1\")][contains(text(), \"WebdriverSitef2xgm\")]"}
RESULT: {"script":"<script> [5351 bytes]","args":[{"element-6066-11e4-a52e-4f735466cecf":"f.ED9B64560877B714BB030CF0107CFFD4.d.955C62414638CC9EFBD10E22936BD0B1.e.5655","ELEMENT":"f.ED9B64560877B714BB030CF0107CFFD4.d.955C62414638CC9EFBD10E22936BD0B1.e.5655"}]}
COMMAND: POST /session/09f7b38f634ad4118b42a529d9c234e8/execute/sync - {"script":"<script> [8489 bytes]","args":[{"element-6066-11e4-a52e-4f735466cecf":"f.ED9B64560877B714BB030CF0107CFFD4.d.955C62414638CC9EFBD10E22936BD0B1.e.5655","ELEMENT":"f.ED9B64560877B714BB030CF0107CFFD4.d.955C62414638CC9EFBD10E22936BD0B1.e.5655"}]}
COMMAND: GET /session/09f7b38f634ad4118b42a529d9c234e8/screenshot - {}
RESULT: {}
COMMAND: POST /session/09f7b38f634ad4118b42a529d9c234e8/element - {"using":"xpath","value":"//span[contains(@id ,\"title\")][contains(text(), \"WebdriverPartnerivy1mg\")]"}
COMMAND: POST /session/09f7b38f634ad4118b42a529d9c234e8/element - {"using":"xpath","value":"//span[contains(@id ,\"application-addressmanagement-display-component---detailAdm--addressDetailDetailsName1\")][contains(text(), \"WebdriverSitef2xgm\")]"}
RESULT: {"script":"<script> [8489 bytes]","args":[{"element-6066-11e4-a52e-4f735466cecf":"f.ED9B64560877B714BB030CF0107CFFD4.d.955C62414638CC9EFBD10E22936BD0B1.e.5655","ELEMENT":"f.ED9B64560877B714BB030CF0107CFFD4.d.955C62414638CC9EFBD10E22936BD0B1.e.5655"}]}
COMMAND: POST /session/09f7b38f634ad4118b42a529d9c234e8/execute/sync - {"script":"<script> [5351 bytes]","args":[{"element-6066-11e4-a52e-4f735466cecf":"f.ED9B64560877B714BB030CF0107CFFD4.d.955C62414638CC9EFBD10E22936BD0B1.e.5655","ELEMENT":"f.ED9B64560877B714BB030CF0107CFFD4.d.955C62414638CC9EFBD10E22936BD0B1.e.5655"}]}
COMMAND: GET /session/09f7b38f634ad4118b42a529d9c234e8/screenshot - {}
RESULT: {}
RESULT: {"using":"xpath","value":"//span[contains(@id ,\"title\")][contains(text(), \"WebdriverPartnerivy1mg\")]"}
RESULT: {"using":"xpath","value":"//span[contains(@id ,\"application-addressmanagement-display-component---detailAdm--addressDetailDetailsName1\")][contains(text(), \"WebdriverSitef2xgm\")]"}
RESULT: {"script":"<script> [5351 bytes]","args":[{"element-6066-11e4-a52e-4f735466cecf":"f.ED9B64560877B714BB030CF0107CFFD4.d.955C62414638CC9EFBD10E22936BD0B1.e.5655","ELEMENT":"f.ED9B64560877B714BB030CF0107CFFD4.d.955C62414638CC9EFBD10E22936BD0B1.e.5655"}]}
COMMAND: POST /session/09f7b38f634ad4118b42a529d9c234e8/execute/sync - {"script":"<script> [8489 bytes]","args":[{"element-6066-11e4-a52e-4f735466cecf":"f.ED9B64560877B714BB030CF0107CFFD4.d.955C62414638CC9EFBD10E22936BD0B1.e.5655","ELEMENT":"f.ED9B64560877B714BB030CF0107CFFD4.d.955C62414638CC9EFBD10E22936BD0B1.e.5655"}]}
COMMAND: GET /session/09f7b38f634ad4118b42a529d9c234e8/screenshot - {}
COMMAND: POST /session/09f7b38f634ad4118b42a529d9c234e8/element - {"using":"xpath","value":"//span[contains(@id ,\"title\")][contains(text(), \"WebdriverPartnerivy1mg\")]"}
COMMAND: POST /session/09f7b38f634ad4118b42a529d9c234e8/element - {"using":"xpath","value":"//span[contains(@id ,\"application-addressmanagement-display-component---detailAdm--addressDetailDetailsName1\")][contains(text(), \"WebdriverSitef2xgm\")]"}
RESULT: {}
RESULT: {"script":"<script> [8489 bytes]","args":[{"element-6066-11e4-a52e-4f735466cecf":"f.ED9B64560877B714BB030CF0107CFFD4.d.955C62414638CC9EFBD10E22936BD0B1.e.5655","ELEMENT":"f.ED9B64560877B714BB030CF0107CFFD4.d.955C62414638CC9EFBD10E22936BD0B1.e.5655"}]}
COMMAND: POST /session/09f7b38f634ad4118b42a529d9c234e8/execute/sync - {"script":"<script> [5351 bytes]","args":[{"element-6066-11e4-a52e-4f735466cecf":"f.ED9B64560877B714BB030CF0107CFFD4.d.955C62414638CC9EFBD10E22936BD0B1.e.5655","ELEMENT":"f.ED9B64560877B714BB030CF0107CFFD4.d.955C62414638CC9EFBD10E22936BD0B1.e.5655"}]}
COMMAND: GET /session/09f7b38f634ad4118b42a529d9c234e8/screenshot - {}
RESULT: {}
RESULT: {"using":"xpath","value":"//span[contains(@id ,\"title\")][contains(text(), \"WebdriverPartnerivy1mg\")]"}
RESULT: {"using":"xpath","value":"//span[contains(@id ,\"application-addressmanagement-display-component---detailAdm--addressDetailDetailsName1\")][contains(text(), \"WebdriverSitef2xgm\")]"}
RESULT: {"script":"<script> [5351 bytes]","args":[{"element-6066-11e4-a52e-4f735466cecf":"f.ED9B64560877B714BB030CF0107CFFD4.d.955C62414638CC9EFBD10E22936BD0B1.e.5655","ELEMENT":"f.ED9B64560877B714BB030CF0107CFFD4.d.955C62414638CC9EFBD10E22936BD0B1.e.5655"}]}
COMMAND: POST /session/09f7b38f634ad4118b42a529d9c234e8/element - {"using":"xpath","value":"//*[contains(@data-kt ,\"webshopDetailCustomerLink\")]"}
COMMAND: GET /session/09f7b38f634ad4118b42a529d9c234e8/screenshot - {}
RESULT: {}
RESULT: {"using":"xpath","value":"//*[contains(@data-kt ,\"webshopDetailCustomerLink\")]"}
COMMAND: POST /session/09f7b38f634ad4118b42a529d9c234e8/element/f.ED9B64560877B714BB030CF0107CFFD4.d.955C62414638CC9EFBD10E22936BD0B1.e.5655/click - {}
COMMAND: POST /session/09f7b38f634ad4118b42a529d9c234e8/element - {"using":"xpath","value":"//span[contains(@id ,\"title\")][contains(text(), \"WebdriverPartnerivy1mg\")]"}
COMMAND: POST /session/09f7b38f634ad4118b42a529d9c234e8/element - {"using":"xpath","value":"//span[contains(@id ,\"application-addressmanagement-display-component---detailAdm--addressDetailDetailsName1\")][contains(text(), \"WebdriverSitef2xgm\")]"}
RESULT: {}
RESULT: {}
COMMAND: GET /session/09f7b38f634ad4118b42a529d9c234e8/screenshot - {}
RESULT: {"using":"xpath","value":"//span[contains(@id ,\"title\")][contains(text(), \"WebdriverPartnerivy1mg\")]"}
COMMAND: POST /session/09f7b38f634ad4118b42a529d9c234e8/execute/sync - {"script":"<script> [8489 bytes]","args":[{"element-6066-11e4-a52e-4f735466cecf":"f.ED9B64560877B714BB030CF0107CFFD4.d.955C62414638CC9EFBD10E22936BD0B1.e.5676","ELEMENT":"f.ED9B64560877B714BB030CF0107CFFD4.d.955C62414638CC9EFBD10E22936BD0B1.e.5676"}]}
RESULT: {"using":"xpath","value":"//span[contains(@id ,\"application-addressmanagement-display-component---detailAdm--addressDetailDetailsName1\")][contains(text(), \"WebdriverSitef2xgm\")]"}
RESULT: {}
RESULT: {"script":"<script> [8489 bytes]","args":[{"element-6066-11e4-a52e-4f735466cecf":"f.ED9B64560877B714BB030CF0107CFFD4.d.955C62414638CC9EFBD10E22936BD0B1.e.5676","ELEMENT":"f.ED9B64560877B714BB030CF0107CFFD4.d.955C62414638CC9EFBD10E22936BD0B1.e.5676"}]}
COMMAND: GET /session/09f7b38f634ad4118b42a529d9c234e8/screenshot - {}
COMMAND: POST /session/09f7b38f634ad4118b42a529d9c234e8/element - {"using":"xpath","value":"//span[contains(@id ,\"application-addressmanagement-display-component---detailAdm--addressDetailDetailsName1\")][contains(text(), \"WebdriverSitef2xgm\")]"}
RESULT: {}
RESULT: {"using":"xpath","value":"//span[contains(@id ,\"application-addressmanagement-display-component---detailAdm--addressDetailDetailsName1\")][contains(text(), \"WebdriverSitef2xgm\")]"}
COMMAND: POST /session/09f7b38f634ad4118b42a529d9c234e8/element - {"using":"xpath","value":"//span[contains(@id ,\"application-addressmanagement-display-component---detailAdm--addressDetailDetailsName1\")][contains(text(), \"WebdriverSitef2xgm\")]"}
RESULT: {"using":"xpath","value":"//span[contains(@id ,\"application-addressmanagement-display-component---detailAdm--addressDetailDetailsName1\")][contains(text(), \"WebdriverSitef2xgm\")]"}
COMMAND: POST /session/09f7b38f634ad4118b42a529d9c234e8/element - {"using":"xpath","value":"//span[contains(@id ,\"application-addressmanagement-display-component---detailAdm--addressDetailDetailsName1\")][contains(text(), \"WebdriverSitef2xgm\")]"}
RESULT: {"using":"xpath","value":"//span[contains(@id ,\"application-addressmanagement-display-component---detailAdm--addressDetailDetailsName1\")][contains(text(), \"WebdriverSitef2xgm\")]"}
COMMAND: POST /session/09f7b38f634ad4118b42a529d9c234e8/element - {"using":"xpath","value":"//button[contains(@data-kt ,\"ContextMenuExternalId2Link\")]"}
RESULT: {"using":"xpath","value":"//button[contains(@data-kt ,\"ContextMenuExternalId2Link\")]"}
COMMAND: POST /session/09f7b38f634ad4118b42a529d9c234e8/element/f.ED9B64560877B714BB030CF0107CFFD4.d.955C62414638CC9EFBD10E22936BD0B1.e.5675/click - {}
COMMAND: POST /session/09f7b38f634ad4118b42a529d9c234e8/element - {"using":"xpath","value":"//span[contains(@id ,\"application-addressmanagement-display-component---detailAdm--addressDetailDetailsName1\")][contains(text(), \"WebdriverSitef2xgm\")]"}
RESULT: {}
COMMAND: GET /session/09f7b38f634ad4118b42a529d9c234e8/screenshot - {}
RESULT: {"using":"xpath","value":"//span[contains(@id ,\"application-addressmanagement-display-component---detailAdm--addressDetailDetailsName1\")][contains(text(), \"WebdriverSitef2xgm\")]"}
COMMAND: POST /session/09f7b38f634ad4118b42a529d9c234e8/element - {"using":"xpath","value":"//span[contains(@id ,\"application-addressmanagement-display-component---detailAdm--addressDetailDetailsName1\")][contains(text(), \"WebdriverSitef2xgm\")]"}
RESULT: {}
RESULT: {"using":"xpath","value":"//span[contains(@id ,\"application-addressmanagement-display-component---detailAdm--addressDetailDetailsName1\")][contains(text(), \"WebdriverSitef2xgm\")]"}
COMMAND: POST /session/09f7b38f634ad4118b42a529d9c234e8/element - {"using":"xpath","value":"//span[contains(@id ,\"application-addressmanagement-display-component---detailAdm--addressDetailDetailsName1\")][contains(text(), \"WebdriverSitef2xgm\")]"}
RESULT: {"using":"xpath","value":"//span[contains(@id ,\"application-addressmanagement-display-component---detailAdm--addressDetailDetailsName1\")][contains(text(), \"WebdriverSitef2xgm\")]"}
COMMAND: POST /session/09f7b38f634ad4118b42a529d9c234e8/element - {"using":"xpath","value":"//span[contains(@id ,\"application-addressmanagement-display-component---detailAdm--addressDetailDetailsName1\")][contains(text(), \"WebdriverSitef2xgm\")]"}
RESULT: {"using":"xpath","value":"//span[contains(@id ,\"application-addressmanagement-display-component---detailAdm--addressDetailDetailsName1\")][contains(text(), \"WebdriverSitef2xgm\")]"}
COMMAND: GET /session/09f7b38f634ad4118b42a529d9c234e8/window/handles - {}
RESULT: {}
COMMAND: POST /session/09f7b38f634ad4118b42a529d9c234e8/window - {"handle":"92E6FD9E0D606DA2A38E973EF64B2F56"}
RESULT: {"handle":"92E6FD9E0D606DA2A38E973EF64B2F56"}
COMMAND: GET /session/09f7b38f634ad4118b42a529d9c234e8/url - {}
RESULT: {}
COMMAND: GET /session/09f7b38f634ad4118b42a529d9c234e8/screenshot - {}
RESULT: {}
COMMAND: POST /session/09f7b38f634ad4118b42a529d9c234e8/execute/sync - {"script":"<script> [8489 bytes]","args":[{"element-6066-11e4-a52e-4f735466cecf":"f.ED9B64560877B714BB030CF0107CFFD4.d.955C62414638CC9EFBD10E22936BD0B1.e.5676","ELEMENT":"f.ED9B64560877B714BB030CF0107CFFD4.d.955C62414638CC9EFBD10E22936BD0B1.e.5676"}]}
COMMAND: DELETE /session/09f7b38f634ad4118b42a529d9c234e8/window - {}
RESULT: {}
COMMAND: POST /session/09f7b38f634ad4118b42a529d9c234e8/window - {"handle":"ED9B64560877B714BB030CF0107CFFD4"}
RESULT: {"handle":"ED9B64560877B714BB030CF0107CFFD4"}
COMMAND: GET /session/09f7b38f634ad4118b42a529d9c234e8/url - {}
RESULT: {"script":"<script> [8489 bytes]","args":[{"element-6066-11e4-a52e-4f735466cecf":"f.ED9B64560877B714BB030CF0107CFFD4.d.955C62414638CC9EFBD10E22936BD0B1.e.5676","ELEMENT":"f.ED9B64560877B714BB030CF0107CFFD4.d.955C62414638CC9EFBD10E22936BD0B1.e.5676"}]}
RESULT: {}
COMMAND: GET /session/09f7b38f634ad4118b42a529d9c234e8/screenshot - {}
COMMAND: GET /session/09f7b38f634ad4118b42a529d9c234e8/screenshot - {}
RESULT: {}
RESULT: {}
]]></system-out>
    </testcase>
    <testcase classname="chrome.136_0_7103_49.windows.Webshop_-_Hyperlinks_visible_and_working_properly__US139085" name="Should verify the contract and catalog item hyperlinks" time="101.72">
      <system-out><![CDATA[
COMMAND: POST /session/09f7b38f634ad4118b42a529d9c234e8/element - {"using":"xpath","value":"//*[contains(@data-kt ,\"webshopDetailContractLink\")]"}
RESULT: {"using":"xpath","value":"//*[contains(@data-kt ,\"webshopDetailContractLink\")]"}
COMMAND: POST /session/09f7b38f634ad4118b42a529d9c234e8/execute/sync - {"script":"<script> [8489 bytes]","args":[{"element-6066-11e4-a52e-4f735466cecf":"f.ED9B64560877B714BB030CF0107CFFD4.d.955C62414638CC9EFBD10E22936BD0B1.e.5869","ELEMENT":"f.ED9B64560877B714BB030CF0107CFFD4.d.955C62414638CC9EFBD10E22936BD0B1.e.5869"}]}
RESULT: {"script":"<script> [8489 bytes]","args":[{"element-6066-11e4-a52e-4f735466cecf":"f.ED9B64560877B714BB030CF0107CFFD4.d.955C62414638CC9EFBD10E22936BD0B1.e.5869","ELEMENT":"f.ED9B64560877B714BB030CF0107CFFD4.d.955C62414638CC9EFBD10E22936BD0B1.e.5869"}]}
COMMAND: POST /session/09f7b38f634ad4118b42a529d9c234e8/execute/sync - {"script":"<script> [5351 bytes]","args":[{"element-6066-11e4-a52e-4f735466cecf":"f.ED9B64560877B714BB030CF0107CFFD4.d.955C62414638CC9EFBD10E22936BD0B1.e.5869","ELEMENT":"f.ED9B64560877B714BB030CF0107CFFD4.d.955C62414638CC9EFBD10E22936BD0B1.e.5869"}]}
RESULT: {"script":"<script> [5351 bytes]","args":[{"element-6066-11e4-a52e-4f735466cecf":"f.ED9B64560877B714BB030CF0107CFFD4.d.955C62414638CC9EFBD10E22936BD0B1.e.5869","ELEMENT":"f.ED9B64560877B714BB030CF0107CFFD4.d.955C62414638CC9EFBD10E22936BD0B1.e.5869"}]}
COMMAND: POST /session/09f7b38f634ad4118b42a529d9c234e8/element - {"using":"xpath","value":"//*[contains(@data-kt ,\"webshopDetailContractLink\")]"}
RESULT: {"using":"xpath","value":"//*[contains(@data-kt ,\"webshopDetailContractLink\")]"}
COMMAND: POST /session/09f7b38f634ad4118b42a529d9c234e8/element/f.ED9B64560877B714BB030CF0107CFFD4.d.955C62414638CC9EFBD10E22936BD0B1.e.5869/click - {}
COMMAND: GET /session/09f7b38f634ad4118b42a529d9c234e8/screenshot - {}
COMMAND: GET /session/09f7b38f634ad4118b42a529d9c234e8/screenshot - {}
RESULT: {}
RESULT: {}
COMMAND: GET /session/09f7b38f634ad4118b42a529d9c234e8/screenshot - {}
RESULT: {}
RESULT: {}
COMMAND: POST /session/09f7b38f634ad4118b42a529d9c234e8/element - {"using":"xpath","value":"//*[contains(@data-kt ,\"ContextMenuId2Link\")][contains(text(), \"Contract Overview\")]"}
RESULT: {"using":"xpath","value":"//*[contains(@data-kt ,\"ContextMenuId2Link\")][contains(text(), \"Contract Overview\")]"}
COMMAND: POST /session/09f7b38f634ad4118b42a529d9c234e8/execute/sync - {"script":"<script> [8489 bytes]","args":[{"element-6066-11e4-a52e-4f735466cecf":"f.ED9B64560877B714BB030CF0107CFFD4.d.955C62414638CC9EFBD10E22936BD0B1.e.5871","ELEMENT":"f.ED9B64560877B714BB030CF0107CFFD4.d.955C62414638CC9EFBD10E22936BD0B1.e.5871"}]}
COMMAND: POST /session/09f7b38f634ad4118b42a529d9c234e8/element - {"using":"xpath","value":"//*[contains(@data-kt ,\"ContextMenuId2Link\")][contains(text(), \"Contract Overview\")]"}
RESULT: {"script":"<script> [8489 bytes]","args":[{"element-6066-11e4-a52e-4f735466cecf":"f.ED9B64560877B714BB030CF0107CFFD4.d.955C62414638CC9EFBD10E22936BD0B1.e.5871","ELEMENT":"f.ED9B64560877B714BB030CF0107CFFD4.d.955C62414638CC9EFBD10E22936BD0B1.e.5871"}]}
RESULT: {"using":"xpath","value":"//*[contains(@data-kt ,\"ContextMenuId2Link\")][contains(text(), \"Contract Overview\")]"}
COMMAND: POST /session/09f7b38f634ad4118b42a529d9c234e8/element/f.ED9B64560877B714BB030CF0107CFFD4.d.955C62414638CC9EFBD10E22936BD0B1.e.5871/click - {}
COMMAND: GET /session/09f7b38f634ad4118b42a529d9c234e8/screenshot - {}
RESULT: {}
COMMAND: GET /session/09f7b38f634ad4118b42a529d9c234e8/screenshot - {}
RESULT: {}
RESULT: {}
RESULT: undefined
COMMAND: POST /session/09f7b38f634ad4118b42a529d9c234e8/execute/async - {"script":"<script> [6424 bytes]","args":[{"element-6066-11e4-a52e-4f735466cecf":"f.ED9B64560877B714BB030CF0107CFFD4.d.955C62414638CC9EFBD10E22936BD0B1.e.2910"},"getTitle",[]]}
COMMAND: POST /session/09f7b38f634ad4118b42a529d9c234e8/execute/async - {"script":"<script> [1562 bytes]","args":[{"selector":{"id":"shellAppTitle"},"wdio_ui5_key":"shellAppTitle"}]}
RESULT: {"script":"<script> [1562 bytes]","args":[{"selector":{"id":"shellAppTitle"},"wdio_ui5_key":"shellAppTitle"}]}
COMMAND: POST /session/09f7b38f634ad4118b42a529d9c234e8/execute/async - {"script":"<script> [6424 bytes]","args":[{"element-6066-11e4-a52e-4f735466cecf":"f.ED9B64560877B714BB030CF0107CFFD4.d.955C62414638CC9EFBD10E22936BD0B1.e.6043"},"getTitle",[]]}
RESULT: {"script":"<script> [6424 bytes]","args":[{"element-6066-11e4-a52e-4f735466cecf":"f.ED9B64560877B714BB030CF0107CFFD4.d.955C62414638CC9EFBD10E22936BD0B1.e.6043"},"getTitle",[]]}
COMMAND: POST /session/09f7b38f634ad4118b42a529d9c234e8/element - {"using":"xpath","value":"//span[contains(@id ,\"contractDetailTitleNoExpanded\")][contains(text(), \"10125\")]"}
RESULT: {"using":"xpath","value":"//span[contains(@id ,\"contractDetailTitleNoExpanded\")][contains(text(), \"10125\")]"}
COMMAND: POST /session/09f7b38f634ad4118b42a529d9c234e8/execute/sync - {"script":"<script> [8489 bytes]","args":[{"element-6066-11e4-a52e-4f735466cecf":"f.ED9B64560877B714BB030CF0107CFFD4.d.955C62414638CC9EFBD10E22936BD0B1.e.6044","ELEMENT":"f.ED9B64560877B714BB030CF0107CFFD4.d.955C62414638CC9EFBD10E22936BD0B1.e.6044"}]}
RESULT: undefined
COMMAND: POST /session/09f7b38f634ad4118b42a529d9c234e8/element - {"using":"xpath","value":"//*[@id=\"backBtn\"]"}
RESULT: {"script":"<script> [8489 bytes]","args":[{"element-6066-11e4-a52e-4f735466cecf":"f.ED9B64560877B714BB030CF0107CFFD4.d.955C62414638CC9EFBD10E22936BD0B1.e.6044","ELEMENT":"f.ED9B64560877B714BB030CF0107CFFD4.d.955C62414638CC9EFBD10E22936BD0B1.e.6044"}]}
COMMAND: GET /session/09f7b38f634ad4118b42a529d9c234e8/screenshot - {}
RESULT: {"using":"xpath","value":"//*[@id=\"backBtn\"]"}
COMMAND: POST /session/09f7b38f634ad4118b42a529d9c234e8/element/f.ED9B64560877B714BB030CF0107CFFD4.d.955C62414638CC9EFBD10E22936BD0B1.e.2912/click - {}
RESULT: {}
RESULT: {}
COMMAND: GET /session/09f7b38f634ad4118b42a529d9c234e8/screenshot - {}
RESULT: {}
COMMAND: POST /session/09f7b38f634ad4118b42a529d9c234e8/execute/sync - {"script":"<script> [8489 bytes]","args":[{"element-6066-11e4-a52e-4f735466cecf":"f.ED9B64560877B714BB030CF0107CFFD4.d.955C62414638CC9EFBD10E22936BD0B1.e.5869","ELEMENT":"f.ED9B64560877B714BB030CF0107CFFD4.d.955C62414638CC9EFBD10E22936BD0B1.e.5869"}]}
COMMAND: POST /session/09f7b38f634ad4118b42a529d9c234e8/element - {"using":"xpath","value":"//*[contains(@data-kt ,\"webshopDetailContractLink\")]"}
RESULT: {"using":"xpath","value":"//*[contains(@data-kt ,\"webshopDetailContractLink\")]"}
COMMAND: POST /session/09f7b38f634ad4118b42a529d9c234e8/execute/sync - {"script":"<script> [8489 bytes]","args":[{"element-6066-11e4-a52e-4f735466cecf":"f.ED9B64560877B714BB030CF0107CFFD4.d.955C62414638CC9EFBD10E22936BD0B1.e.6189","ELEMENT":"f.ED9B64560877B714BB030CF0107CFFD4.d.955C62414638CC9EFBD10E22936BD0B1.e.6189"}]}
RESULT: {"script":"<script> [8489 bytes]","args":[{"element-6066-11e4-a52e-4f735466cecf":"f.ED9B64560877B714BB030CF0107CFFD4.d.955C62414638CC9EFBD10E22936BD0B1.e.6189","ELEMENT":"f.ED9B64560877B714BB030CF0107CFFD4.d.955C62414638CC9EFBD10E22936BD0B1.e.6189"}]}
COMMAND: POST /session/09f7b38f634ad4118b42a529d9c234e8/execute/sync - {"script":"<script> [5351 bytes]","args":[{"element-6066-11e4-a52e-4f735466cecf":"f.ED9B64560877B714BB030CF0107CFFD4.d.955C62414638CC9EFBD10E22936BD0B1.e.6189","ELEMENT":"f.ED9B64560877B714BB030CF0107CFFD4.d.955C62414638CC9EFBD10E22936BD0B1.e.6189"}]}
COMMAND: GET /session/09f7b38f634ad4118b42a529d9c234e8/screenshot - {}
RESULT: {"script":"<script> [5351 bytes]","args":[{"element-6066-11e4-a52e-4f735466cecf":"f.ED9B64560877B714BB030CF0107CFFD4.d.955C62414638CC9EFBD10E22936BD0B1.e.6189","ELEMENT":"f.ED9B64560877B714BB030CF0107CFFD4.d.955C62414638CC9EFBD10E22936BD0B1.e.6189"}]}
COMMAND: POST /session/09f7b38f634ad4118b42a529d9c234e8/element - {"using":"xpath","value":"//*[contains(@data-kt ,\"webshopDetailContractLink\")]"}
COMMAND: GET /session/09f7b38f634ad4118b42a529d9c234e8/screenshot - {}
RESULT: {}
RESULT: {"using":"xpath","value":"//*[contains(@data-kt ,\"webshopDetailContractLink\")]"}
COMMAND: POST /session/09f7b38f634ad4118b42a529d9c234e8/element/f.ED9B64560877B714BB030CF0107CFFD4.d.955C62414638CC9EFBD10E22936BD0B1.e.6189/click - {}
RESULT: {}
RESULT: {}
COMMAND: GET /session/09f7b38f634ad4118b42a529d9c234e8/screenshot - {}
RESULT: {}
COMMAND: POST /session/09f7b38f634ad4118b42a529d9c234e8/element - {"using":"xpath","value":"//button[contains(@data-kt ,\"ContextMenuExternalId2Link\")]"}
RESULT: {"using":"xpath","value":"//button[contains(@data-kt ,\"ContextMenuExternalId2Link\")]"}
COMMAND: POST /session/09f7b38f634ad4118b42a529d9c234e8/element/f.ED9B64560877B714BB030CF0107CFFD4.d.955C62414638CC9EFBD10E22936BD0B1.e.6190/click - {}
RESULT: {}
COMMAND: GET /session/09f7b38f634ad4118b42a529d9c234e8/screenshot - {}
RESULT: {}
COMMAND: GET /session/09f7b38f634ad4118b42a529d9c234e8/window/handles - {}
RESULT: {}
COMMAND: POST /session/09f7b38f634ad4118b42a529d9c234e8/window - {"handle":"E3B72F75D2D860A7D06F0A074DA7C569"}
RESULT: {"handle":"E3B72F75D2D860A7D06F0A074DA7C569"}
COMMAND: GET /session/09f7b38f634ad4118b42a529d9c234e8/url - {}
RESULT: {}
COMMAND: GET /session/09f7b38f634ad4118b42a529d9c234e8/screenshot - {}
RESULT: {}
COMMAND: POST /session/09f7b38f634ad4118b42a529d9c234e8/execute/sync - {"script":"<script> [8489 bytes]","args":[{"element-6066-11e4-a52e-4f735466cecf":"f.ED9B64560877B714BB030CF0107CFFD4.d.955C62414638CC9EFBD10E22936BD0B1.e.6044","ELEMENT":"f.ED9B64560877B714BB030CF0107CFFD4.d.955C62414638CC9EFBD10E22936BD0B1.e.6044"}]}
COMMAND: DELETE /session/09f7b38f634ad4118b42a529d9c234e8/window - {}
RESULT: {}
COMMAND: POST /session/09f7b38f634ad4118b42a529d9c234e8/window - {"handle":"ED9B64560877B714BB030CF0107CFFD4"}
RESULT: {"handle":"ED9B64560877B714BB030CF0107CFFD4"}
COMMAND: GET /session/09f7b38f634ad4118b42a529d9c234e8/url - {}
COMMAND: POST /session/09f7b38f634ad4118b42a529d9c234e8/element - {"using":"xpath","value":"//span[contains(@id ,\"contractDetailTitleNoExpanded\")][contains(text(), \"10125\")]"}
RESULT: {}
COMMAND: GET /session/09f7b38f634ad4118b42a529d9c234e8/screenshot - {}
RESULT: {"using":"xpath","value":"//span[contains(@id ,\"contractDetailTitleNoExpanded\")][contains(text(), \"10125\")]"}
COMMAND: POST /session/09f7b38f634ad4118b42a529d9c234e8/element - {"using":"xpath","value":"//span[contains(@id ,\"contractDetailTitleNoExpanded\")][contains(text(), \"10125\")]"}
RESULT: {}
RESULT: {"using":"xpath","value":"//span[contains(@id ,\"contractDetailTitleNoExpanded\")][contains(text(), \"10125\")]"}
COMMAND: POST /session/09f7b38f634ad4118b42a529d9c234e8/element - {"using":"xpath","value":"//span[contains(@id ,\"contractDetailTitleNoExpanded\")][contains(text(), \"10125\")]"}
RESULT: {"using":"xpath","value":"//span[contains(@id ,\"contractDetailTitleNoExpanded\")][contains(text(), \"10125\")]"}
COMMAND: POST /session/09f7b38f634ad4118b42a529d9c234e8/element - {"using":"xpath","value":"//span[contains(@id ,\"contractDetailTitleNoExpanded\")][contains(text(), \"10125\")]"}
RESULT: {"using":"xpath","value":"//span[contains(@id ,\"contractDetailTitleNoExpanded\")][contains(text(), \"10125\")]"}
COMMAND: POST /session/09f7b38f634ad4118b42a529d9c234e8/element - {"using":"xpath","value":"//span[contains(@id ,\"contractDetailTitleNoExpanded\")][contains(text(), \"10125\")]"}
RESULT: {"using":"xpath","value":"//span[contains(@id ,\"contractDetailTitleNoExpanded\")][contains(text(), \"10125\")]"}
COMMAND: POST /session/09f7b38f634ad4118b42a529d9c234e8/element - {"using":"xpath","value":"//span[contains(@id ,\"contractDetailTitleNoExpanded\")][contains(text(), \"10125\")]"}
RESULT: {"using":"xpath","value":"//span[contains(@id ,\"contractDetailTitleNoExpanded\")][contains(text(), \"10125\")]"}
COMMAND: POST /session/09f7b38f634ad4118b42a529d9c234e8/element - {"using":"xpath","value":"//span[contains(@id ,\"contractDetailTitleNoExpanded\")][contains(text(), \"10125\")]"}
RESULT: {"using":"xpath","value":"//span[contains(@id ,\"contractDetailTitleNoExpanded\")][contains(text(), \"10125\")]"}
COMMAND: POST /session/09f7b38f634ad4118b42a529d9c234e8/element - {"using":"xpath","value":"//span[contains(@id ,\"contractDetailTitleNoExpanded\")][contains(text(), \"10125\")]"}
RESULT: {"using":"xpath","value":"//span[contains(@id ,\"contractDetailTitleNoExpanded\")][contains(text(), \"10125\")]"}
COMMAND: POST /session/09f7b38f634ad4118b42a529d9c234e8/element - {"using":"xpath","value":"//span[contains(@id ,\"contractDetailTitleNoExpanded\")][contains(text(), \"10125\")]"}
RESULT: {"using":"xpath","value":"//span[contains(@id ,\"contractDetailTitleNoExpanded\")][contains(text(), \"10125\")]"}
COMMAND: POST /session/09f7b38f634ad4118b42a529d9c234e8/element - {"using":"xpath","value":"//span[contains(@id ,\"contractDetailTitleNoExpanded\")][contains(text(), \"10125\")]"}
RESULT: {"using":"xpath","value":"//span[contains(@id ,\"contractDetailTitleNoExpanded\")][contains(text(), \"10125\")]"}
COMMAND: POST /session/09f7b38f634ad4118b42a529d9c234e8/element - {"using":"xpath","value":"//*[contains(@data-kt ,\"webshopDetailCatalogItemLink\")]"}
RESULT: {"using":"xpath","value":"//*[contains(@data-kt ,\"webshopDetailCatalogItemLink\")]"}
COMMAND: POST /session/09f7b38f634ad4118b42a529d9c234e8/execute/sync - {"script":"<script> [8489 bytes]","args":[{"element-6066-11e4-a52e-4f735466cecf":"f.ED9B64560877B714BB030CF0107CFFD4.d.955C62414638CC9EFBD10E22936BD0B1.e.6379","ELEMENT":"f.ED9B64560877B714BB030CF0107CFFD4.d.955C62414638CC9EFBD10E22936BD0B1.e.6379"}]}
RESULT: {"script":"<script> [8489 bytes]","args":[{"element-6066-11e4-a52e-4f735466cecf":"f.ED9B64560877B714BB030CF0107CFFD4.d.955C62414638CC9EFBD10E22936BD0B1.e.6379","ELEMENT":"f.ED9B64560877B714BB030CF0107CFFD4.d.955C62414638CC9EFBD10E22936BD0B1.e.6379"}]}
COMMAND: POST /session/09f7b38f634ad4118b42a529d9c234e8/execute/sync - {"script":"<script> [5351 bytes]","args":[{"element-6066-11e4-a52e-4f735466cecf":"f.ED9B64560877B714BB030CF0107CFFD4.d.955C62414638CC9EFBD10E22936BD0B1.e.6379","ELEMENT":"f.ED9B64560877B714BB030CF0107CFFD4.d.955C62414638CC9EFBD10E22936BD0B1.e.6379"}]}
RESULT: {"script":"<script> [5351 bytes]","args":[{"element-6066-11e4-a52e-4f735466cecf":"f.ED9B64560877B714BB030CF0107CFFD4.d.955C62414638CC9EFBD10E22936BD0B1.e.6379","ELEMENT":"f.ED9B64560877B714BB030CF0107CFFD4.d.955C62414638CC9EFBD10E22936BD0B1.e.6379"}]}
COMMAND: POST /session/09f7b38f634ad4118b42a529d9c234e8/element - {"using":"xpath","value":"//*[contains(@data-kt ,\"webshopDetailCatalogItemLink\")]"}
RESULT: {"using":"xpath","value":"//*[contains(@data-kt ,\"webshopDetailCatalogItemLink\")]"}
COMMAND: POST /session/09f7b38f634ad4118b42a529d9c234e8/element/f.ED9B64560877B714BB030CF0107CFFD4.d.955C62414638CC9EFBD10E22936BD0B1.e.6379/click - {}
COMMAND: GET /session/09f7b38f634ad4118b42a529d9c234e8/screenshot - {}
COMMAND: GET /session/09f7b38f634ad4118b42a529d9c234e8/screenshot - {}
COMMAND: POST /session/09f7b38f634ad4118b42a529d9c234e8/element - {"using":"xpath","value":"//span[contains(@id ,\"contractDetailTitleNoExpanded\")][contains(text(), \"10125\")]"}
RESULT: {}
COMMAND: GET /session/09f7b38f634ad4118b42a529d9c234e8/screenshot - {}
RESULT: {}
RESULT: {}
RESULT: {"using":"xpath","value":"//span[contains(@id ,\"contractDetailTitleNoExpanded\")][contains(text(), \"10125\")]"}
RESULT: {}
COMMAND: POST /session/09f7b38f634ad4118b42a529d9c234e8/element - {"using":"xpath","value":"//span[contains(@id ,\"contractDetailTitleNoExpanded\")][contains(text(), \"10125\")]"}
RESULT: {"using":"xpath","value":"//span[contains(@id ,\"contractDetailTitleNoExpanded\")][contains(text(), \"10125\")]"}
COMMAND: POST /session/09f7b38f634ad4118b42a529d9c234e8/element - {"using":"xpath","value":"//span[contains(@id ,\"contractDetailTitleNoExpanded\")][contains(text(), \"10125\")]"}
RESULT: {"using":"xpath","value":"//span[contains(@id ,\"contractDetailTitleNoExpanded\")][contains(text(), \"10125\")]"}
COMMAND: POST /session/09f7b38f634ad4118b42a529d9c234e8/element - {"using":"xpath","value":"//span[contains(@id ,\"contractDetailTitleNoExpanded\")][contains(text(), \"10125\")]"}
RESULT: {"using":"xpath","value":"//span[contains(@id ,\"contractDetailTitleNoExpanded\")][contains(text(), \"10125\")]"}
COMMAND: POST /session/09f7b38f634ad4118b42a529d9c234e8/element - {"using":"xpath","value":"//span[contains(@id ,\"contractDetailTitleNoExpanded\")][contains(text(), \"10125\")]"}
RESULT: {"using":"xpath","value":"//span[contains(@id ,\"contractDetailTitleNoExpanded\")][contains(text(), \"10125\")]"}
COMMAND: POST /session/09f7b38f634ad4118b42a529d9c234e8/element - {"using":"xpath","value":"//span[contains(@id ,\"contractDetailTitleNoExpanded\")][contains(text(), \"10125\")]"}
RESULT: {"using":"xpath","value":"//span[contains(@id ,\"contractDetailTitleNoExpanded\")][contains(text(), \"10125\")]"}
COMMAND: POST /session/09f7b38f634ad4118b42a529d9c234e8/element - {"using":"xpath","value":"//span[contains(@id ,\"contractDetailTitleNoExpanded\")][contains(text(), \"10125\")]"}
RESULT: {"using":"xpath","value":"//span[contains(@id ,\"contractDetailTitleNoExpanded\")][contains(text(), \"10125\")]"}
COMMAND: POST /session/09f7b38f634ad4118b42a529d9c234e8/element - {"using":"xpath","value":"//span[contains(@id ,\"contractDetailTitleNoExpanded\")][contains(text(), \"10125\")]"}
RESULT: {"using":"xpath","value":"//span[contains(@id ,\"contractDetailTitleNoExpanded\")][contains(text(), \"10125\")]"}
COMMAND: POST /session/09f7b38f634ad4118b42a529d9c234e8/element - {"using":"xpath","value":"//span[contains(@id ,\"contractDetailTitleNoExpanded\")][contains(text(), \"10125\")]"}
COMMAND: POST /session/09f7b38f634ad4118b42a529d9c234e8/element - {"using":"xpath","value":"(//span[contains(text(), \"Dri-Prime CD150M Diesel Pump\")])[2]"}
RESULT: {"using":"xpath","value":"//span[contains(@id ,\"contractDetailTitleNoExpanded\")][contains(text(), \"10125\")]"}
RESULT: {"using":"xpath","value":"(//span[contains(text(), \"Dri-Prime CD150M Diesel Pump\")])[2]"}
COMMAND: POST /session/09f7b38f634ad4118b42a529d9c234e8/execute/sync - {"script":"<script> [8489 bytes]","args":[{"element-6066-11e4-a52e-4f735466cecf":"f.ED9B64560877B714BB030CF0107CFFD4.d.955C62414638CC9EFBD10E22936BD0B1.e.6383","ELEMENT":"f.ED9B64560877B714BB030CF0107CFFD4.d.955C62414638CC9EFBD10E22936BD0B1.e.6383"}]}
COMMAND: POST /session/09f7b38f634ad4118b42a529d9c234e8/element - {"using":"xpath","value":"(//span[contains(text(), \"Description\")])[1]"}
RESULT: {"script":"<script> [8489 bytes]","args":[{"element-6066-11e4-a52e-4f735466cecf":"f.ED9B64560877B714BB030CF0107CFFD4.d.955C62414638CC9EFBD10E22936BD0B1.e.6383","ELEMENT":"f.ED9B64560877B714BB030CF0107CFFD4.d.955C62414638CC9EFBD10E22936BD0B1.e.6383"}]}
COMMAND: GET /session/09f7b38f634ad4118b42a529d9c234e8/screenshot - {}
RESULT: {"using":"xpath","value":"(//span[contains(text(), \"Description\")])[1]"}
COMMAND: GET /session/09f7b38f634ad4118b42a529d9c234e8/element/f.ED9B64560877B714BB030CF0107CFFD4.d.955C62414638CC9EFBD10E22936BD0B1.e.6384/rect - {}
RESULT: {}
RESULT: {}
COMMAND: GET /session/09f7b38f634ad4118b42a529d9c234e8/window/rect - {}
RESULT: {}
COMMAND: POST /session/09f7b38f634ad4118b42a529d9c234e8/execute/sync - {"script":"<script> [92 bytes]","args":[]}
RESULT: {"script":"<script> [92 bytes]","args":[]}
COMMAND: POST /session/09f7b38f634ad4118b42a529d9c234e8/actions - {"actions":[{"id":"action10","type":"wheel","parameters":{},"actions":[{"type":"scroll","x":-1833,"y":-23,"deltaX":0,"deltaY":0,"duration":0,"origin":{"element-6066-11e4-a52e-4f735466cecf":"f.ED9B64560877B714BB030CF0107CFFD4.d.955C62414638CC9EFBD10E22936BD0B1.e.6384"}}]}]}
COMMAND: GET /session/09f7b38f634ad4118b42a529d9c234e8/screenshot - {}
COMMAND: POST /session/09f7b38f634ad4118b42a529d9c234e8/element - {"using":"xpath","value":"//span[contains(@id ,\"contractDetailTitleNoExpanded\")][contains(text(), \"10125\")]"}
RESULT: {}
RESULT: {"using":"xpath","value":"//span[contains(@id ,\"contractDetailTitleNoExpanded\")][contains(text(), \"10125\")]"}
COMMAND: POST /session/09f7b38f634ad4118b42a529d9c234e8/execute/sync - {"script":"<script> [79 bytes]","args":[{"element-6066-11e4-a52e-4f735466cecf":"f.ED9B64560877B714BB030CF0107CFFD4.d.955C62414638CC9EFBD10E22936BD0B1.e.6384","ELEMENT":"f.ED9B64560877B714BB030CF0107CFFD4.d.955C62414638CC9EFBD10E22936BD0B1.e.6384"},{"block":"start","inline":"nearest"}]}
RESULT: {"script":"<script> [79 bytes]","args":[{"element-6066-11e4-a52e-4f735466cecf":"f.ED9B64560877B714BB030CF0107CFFD4.d.955C62414638CC9EFBD10E22936BD0B1.e.6384","ELEMENT":"f.ED9B64560877B714BB030CF0107CFFD4.d.955C62414638CC9EFBD10E22936BD0B1.e.6384"},{"block":"start","inline":"nearest"}]}
COMMAND: GET /session/09f7b38f634ad4118b42a529d9c234e8/screenshot - {}
RESULT: {}
COMMAND: POST /session/09f7b38f634ad4118b42a529d9c234e8/element - {"using":"xpath","value":"//span[contains(@id ,\"contractDetailTitleNoExpanded\")][contains(text(), \"10125\")]"}
RESULT: {"using":"xpath","value":"//span[contains(@id ,\"contractDetailTitleNoExpanded\")][contains(text(), \"10125\")]"}
COMMAND: POST /session/09f7b38f634ad4118b42a529d9c234e8/element - {"using":"xpath","value":"//span[contains(@id ,\"contractDetailTitleNoExpanded\")][contains(text(), \"10125\")]"}
RESULT: {"using":"xpath","value":"//span[contains(@id ,\"contractDetailTitleNoExpanded\")][contains(text(), \"10125\")]"}
COMMAND: POST /session/09f7b38f634ad4118b42a529d9c234e8/element - {"using":"xpath","value":"//span[contains(@id ,\"contractDetailTitleNoExpanded\")][contains(text(), \"10125\")]"}
RESULT: {"using":"xpath","value":"//span[contains(@id ,\"contractDetailTitleNoExpanded\")][contains(text(), \"10125\")]"}
COMMAND: POST /session/09f7b38f634ad4118b42a529d9c234e8/element - {"using":"xpath","value":"//span[contains(@id ,\"contractDetailTitleNoExpanded\")][contains(text(), \"10125\")]"}
RESULT: {"using":"xpath","value":"//span[contains(@id ,\"contractDetailTitleNoExpanded\")][contains(text(), \"10125\")]"}
COMMAND: POST /session/09f7b38f634ad4118b42a529d9c234e8/element - {"using":"xpath","value":"//span[contains(@id ,\"contractDetailTitleNoExpanded\")][contains(text(), \"10125\")]"}
RESULT: {"using":"xpath","value":"//span[contains(@id ,\"contractDetailTitleNoExpanded\")][contains(text(), \"10125\")]"}
COMMAND: POST /session/09f7b38f634ad4118b42a529d9c234e8/element - {"using":"xpath","value":"(//textarea[@rows=\"15\"])[1]"}
RESULT: {"using":"xpath","value":"(//textarea[@rows=\"15\"])[1]"}
COMMAND: POST /session/09f7b38f634ad4118b42a529d9c234e8/execute/sync - {"script":"<script> [8489 bytes]","args":[{"element-6066-11e4-a52e-4f735466cecf":"f.ED9B64560877B714BB030CF0107CFFD4.d.955C62414638CC9EFBD10E22936BD0B1.e.6382","ELEMENT":"f.ED9B64560877B714BB030CF0107CFFD4.d.955C62414638CC9EFBD10E22936BD0B1.e.6382"}]}
RESULT: {"script":"<script> [8489 bytes]","args":[{"element-6066-11e4-a52e-4f735466cecf":"f.ED9B64560877B714BB030CF0107CFFD4.d.955C62414638CC9EFBD10E22936BD0B1.e.6382","ELEMENT":"f.ED9B64560877B714BB030CF0107CFFD4.d.955C62414638CC9EFBD10E22936BD0B1.e.6382"}]}
COMMAND: GET /session/09f7b38f634ad4118b42a529d9c234e8/screenshot - {}
COMMAND: POST /session/09f7b38f634ad4118b42a529d9c234e8/element - {"using":"xpath","value":"//span[contains(@id ,\"contractDetailTitleNoExpanded\")][contains(text(), \"10125\")]"}
RESULT: {}
RESULT: {"using":"xpath","value":"//span[contains(@id ,\"contractDetailTitleNoExpanded\")][contains(text(), \"10125\")]"}
COMMAND: POST /session/09f7b38f634ad4118b42a529d9c234e8/element - {"using":"xpath","value":"//span[contains(@id ,\"contractDetailTitleNoExpanded\")][contains(text(), \"10125\")]"}
RESULT: {"using":"xpath","value":"//span[contains(@id ,\"contractDetailTitleNoExpanded\")][contains(text(), \"10125\")]"}
COMMAND: POST /session/09f7b38f634ad4118b42a529d9c234e8/element - {"using":"xpath","value":"//span[contains(@id ,\"contractDetailTitleNoExpanded\")][contains(text(), \"10125\")]"}
RESULT: {"using":"xpath","value":"//span[contains(@id ,\"contractDetailTitleNoExpanded\")][contains(text(), \"10125\")]"}
COMMAND: POST /session/09f7b38f634ad4118b42a529d9c234e8/element - {"using":"xpath","value":"//span[contains(@id ,\"contractDetailTitleNoExpanded\")][contains(text(), \"10125\")]"}
RESULT: {"using":"xpath","value":"//span[contains(@id ,\"contractDetailTitleNoExpanded\")][contains(text(), \"10125\")]"}
COMMAND: POST /session/09f7b38f634ad4118b42a529d9c234e8/element - {"using":"xpath","value":"//span[contains(@id ,\"contractDetailTitleNoExpanded\")][contains(text(), \"10125\")]"}
RESULT: {"using":"xpath","value":"//span[contains(@id ,\"contractDetailTitleNoExpanded\")][contains(text(), \"10125\")]"}
COMMAND: POST /session/09f7b38f634ad4118b42a529d9c234e8/element - {"using":"xpath","value":"//span[contains(@id ,\"contractDetailTitleNoExpanded\")][contains(text(), \"10125\")]"}
RESULT: {"using":"xpath","value":"//span[contains(@id ,\"contractDetailTitleNoExpanded\")][contains(text(), \"10125\")]"}
COMMAND: POST /session/09f7b38f634ad4118b42a529d9c234e8/element - {"using":"xpath","value":"//span[contains(@id ,\"contractDetailTitleNoExpanded\")][contains(text(), \"10125\")]"}
RESULT: {"using":"xpath","value":"//span[contains(@id ,\"contractDetailTitleNoExpanded\")][contains(text(), \"10125\")]"}
COMMAND: POST /session/09f7b38f634ad4118b42a529d9c234e8/element - {"using":"xpath","value":"//span[contains(@id ,\"contractDetailTitleNoExpanded\")][contains(text(), \"10125\")]"}
RESULT: {"using":"xpath","value":"//span[contains(@id ,\"contractDetailTitleNoExpanded\")][contains(text(), \"10125\")]"}
COMMAND: POST /session/09f7b38f634ad4118b42a529d9c234e8/element - {"using":"xpath","value":"//span[contains(@id ,\"contractDetailTitleNoExpanded\")][contains(text(), \"10125\")]"}
RESULT: {"using":"xpath","value":"//span[contains(@id ,\"contractDetailTitleNoExpanded\")][contains(text(), \"10125\")]"}
COMMAND: POST /session/09f7b38f634ad4118b42a529d9c234e8/execute/async - {"script":"<script> [1562 bytes]","args":[{"selector":{"controlType":"sap.tnt.NavigationListItem","viewName":"etm.portal.ui.webshop.view.RequestDetail","i18NText":{"propertyName":"text","key":"exit"},"interaction":{"idSuffix":"a"}},"wdio_ui5_key":"etmportal.ui.webshop.view.RequestDetailsap.tnt.NavigationListItem{\"propertyName\":\"text\",\"key\":\"exit\"}"}]}
COMMAND: POST /session/09f7b38f634ad4118b42a529d9c234e8/element - {"using":"xpath","value":"//span[contains(@id ,\"contractDetailTitleNoExpanded\")][contains(text(), \"10125\")]"}
RESULT: {"script":"<script> [1562 bytes]","args":[{"selector":{"controlType":"sap.tnt.NavigationListItem","viewName":"etm.portal.ui.webshop.view.RequestDetail","i18NText":{"propertyName":"text","key":"exit"},"interaction":{"idSuffix":"a"}},"wdio_ui5_key":"etmportal.ui.webshop.view.RequestDetailsap.tnt.NavigationListItem{\"propertyName\":\"text\",\"key\":\"exit\"}"}]}
RESULT: undefined
COMMAND: POST /session/09f7b38f634ad4118b42a529d9c234e8/element - {"using":"xpath","value":"//*[@id=\"__item1785\"]"}
RESULT: {"using":"xpath","value":"//span[contains(@id ,\"contractDetailTitleNoExpanded\")][contains(text(), \"10125\")]"}
RESULT: {"using":"xpath","value":"//*[@id=\"__item1785\"]"}
COMMAND: POST /session/09f7b38f634ad4118b42a529d9c234e8/element/f.ED9B64560877B714BB030CF0107CFFD4.d.955C62414638CC9EFBD10E22936BD0B1.e.6390/click - {}
COMMAND: POST /session/09f7b38f634ad4118b42a529d9c234e8/element - {"using":"xpath","value":"//span[contains(@id ,\"contractDetailTitleNoExpanded\")][contains(text(), \"10125\")]"}
RESULT: {}
COMMAND: GET /session/09f7b38f634ad4118b42a529d9c234e8/screenshot - {}
RESULT: {"using":"xpath","value":"//span[contains(@id ,\"contractDetailTitleNoExpanded\")][contains(text(), \"10125\")]"}
RESULT: {}
COMMAND: POST /session/09f7b38f634ad4118b42a529d9c234e8/element - {"using":"xpath","value":"//span[contains(@id ,\"contractDetailTitleNoExpanded\")][contains(text(), \"10125\")]"}
RESULT: {"using":"xpath","value":"//span[contains(@id ,\"contractDetailTitleNoExpanded\")][contains(text(), \"10125\")]"}
COMMAND: POST /session/09f7b38f634ad4118b42a529d9c234e8/element - {"using":"xpath","value":"//span[contains(@id ,\"contractDetailTitleNoExpanded\")][contains(text(), \"10125\")]"}
RESULT: {"using":"xpath","value":"//span[contains(@id ,\"contractDetailTitleNoExpanded\")][contains(text(), \"10125\")]"}
COMMAND: POST /session/09f7b38f634ad4118b42a529d9c234e8/element - {"using":"xpath","value":"//span[contains(@id ,\"contractDetailTitleNoExpanded\")][contains(text(), \"10125\")]"}
RESULT: {"using":"xpath","value":"//span[contains(@id ,\"contractDetailTitleNoExpanded\")][contains(text(), \"10125\")]"}
COMMAND: POST /session/09f7b38f634ad4118b42a529d9c234e8/element - {"using":"xpath","value":"//span[contains(@id ,\"contractDetailTitleNoExpanded\")][contains(text(), \"10125\")]"}
RESULT: {"using":"xpath","value":"//span[contains(@id ,\"contractDetailTitleNoExpanded\")][contains(text(), \"10125\")]"}
COMMAND: POST /session/09f7b38f634ad4118b42a529d9c234e8/element - {"using":"xpath","value":"//span[contains(@id ,\"contractDetailTitleNoExpanded\")][contains(text(), \"10125\")]"}
RESULT: {"using":"xpath","value":"//span[contains(@id ,\"contractDetailTitleNoExpanded\")][contains(text(), \"10125\")]"}
COMMAND: POST /session/09f7b38f634ad4118b42a529d9c234e8/element - {"using":"xpath","value":"//span[contains(@id ,\"contractDetailTitleNoExpanded\")][contains(text(), \"10125\")]"}
RESULT: {"using":"xpath","value":"//span[contains(@id ,\"contractDetailTitleNoExpanded\")][contains(text(), \"10125\")]"}
COMMAND: POST /session/09f7b38f634ad4118b42a529d9c234e8/element - {"using":"xpath","value":"//span[contains(@id ,\"contractDetailTitleNoExpanded\")][contains(text(), \"10125\")]"}
RESULT: {"using":"xpath","value":"//span[contains(@id ,\"contractDetailTitleNoExpanded\")][contains(text(), \"10125\")]"}
COMMAND: POST /session/09f7b38f634ad4118b42a529d9c234e8/element - {"using":"css selector","value":"#shell-header-logo"}
RESULT: {"using":"css selector","value":"#shell-header-logo"}
COMMAND: POST /session/09f7b38f634ad4118b42a529d9c234e8/element/f.ED9B64560877B714BB030CF0107CFFD4.d.955C62414638CC9EFBD10E22936BD0B1.e.2912/click - {}
RESULT: {}
COMMAND: GET /session/09f7b38f634ad4118b42a529d9c234e8/screenshot - {}
COMMAND: POST /session/09f7b38f634ad4118b42a529d9c234e8/element - {"using":"xpath","value":"//span[contains(@id ,\"contractDetailTitleNoExpanded\")][contains(text(), \"10125\")]"}
RESULT: {}
RESULT: {"using":"xpath","value":"//span[contains(@id ,\"contractDetailTitleNoExpanded\")][contains(text(), \"10125\")]"}
COMMAND: POST /session/09f7b38f634ad4118b42a529d9c234e8/element - {"using":"xpath","value":"//span[contains(@id ,\"contractDetailTitleNoExpanded\")][contains(text(), \"10125\")]"}
RESULT: {"using":"xpath","value":"//span[contains(@id ,\"contractDetailTitleNoExpanded\")][contains(text(), \"10125\")]"}
COMMAND: POST /session/09f7b38f634ad4118b42a529d9c234e8/element - {"using":"xpath","value":"//span[contains(@id ,\"contractDetailTitleNoExpanded\")][contains(text(), \"10125\")]"}
RESULT: {"using":"xpath","value":"//span[contains(@id ,\"contractDetailTitleNoExpanded\")][contains(text(), \"10125\")]"}
COMMAND: POST /session/09f7b38f634ad4118b42a529d9c234e8/element - {"using":"xpath","value":"//span[contains(@id ,\"contractDetailTitleNoExpanded\")][contains(text(), \"10125\")]"}
RESULT: {"using":"xpath","value":"//span[contains(@id ,\"contractDetailTitleNoExpanded\")][contains(text(), \"10125\")]"}
COMMAND: POST /session/09f7b38f634ad4118b42a529d9c234e8/element - {"using":"xpath","value":"//span[contains(@id ,\"contractDetailTitleNoExpanded\")][contains(text(), \"10125\")]"}
RESULT: {"using":"xpath","value":"//span[contains(@id ,\"contractDetailTitleNoExpanded\")][contains(text(), \"10125\")]"}
COMMAND: POST /session/09f7b38f634ad4118b42a529d9c234e8/element - {"using":"xpath","value":"//span[contains(@id ,\"contractDetailTitleNoExpanded\")][contains(text(), \"10125\")]"}
RESULT: {"using":"xpath","value":"//span[contains(@id ,\"contractDetailTitleNoExpanded\")][contains(text(), \"10125\")]"}
]]></system-out>
    </testcase>
  </testsuite>
  <testsuite timestamp="2025-05-13T07:36:17" time="64.909" tests="1" failures="0" errors="0" skipped="0">
    <properties>
      <property name="specId" value="0" />
      <property name="suiteName" value="Add items into the basket without creating a request US151315" />
      <property name="capabilities" value="chrome.136_0_7103_49.windows" />
      <property name="file" value="file:///D:/a/1/s/test/specs/R2C/add-items-into-basket-wo-creating-a-request.spec.js" />
    </properties>
    <testcase classname="chrome.136_0_7103_49.windows.Add_items_into_the_basket_without_creating_a_request_US151315" name="Should verify if a catalog item can be added without creating a request" time="61.681">
      <system-out><![CDATA[
RESULT: undefined
COMMAND: POST /session/09f7b38f634ad4118b42a529d9c234e8/element - {"using":"xpath","value":"//*[@id=\"__tile49\"]"}
RESULT: {"using":"xpath","value":"//*[@id=\"__tile49\"]"}
COMMAND: POST /session/09f7b38f634ad4118b42a529d9c234e8/element/f.ED9B64560877B714BB030CF0107CFFD4.d.955C62414638CC9EFBD10E22936BD0B1.e.2636/click - {}
COMMAND: POST /session/09f7b38f634ad4118b42a529d9c234e8/element - {"using":"xpath","value":"//span[contains(@id ,\"contractDetailTitleNoExpanded\")][contains(text(), \"10125\")]"}
RESULT: {}
COMMAND: GET /session/09f7b38f634ad4118b42a529d9c234e8/screenshot - {}
RESULT: {"using":"xpath","value":"//span[contains(@id ,\"contractDetailTitleNoExpanded\")][contains(text(), \"10125\")]"}
COMMAND: POST /session/09f7b38f634ad4118b42a529d9c234e8/element - {"using":"xpath","value":"//span[contains(@id ,\"contractDetailTitleNoExpanded\")][contains(text(), \"10125\")]"}
RESULT: {}
RESULT: {"using":"xpath","value":"//span[contains(@id ,\"contractDetailTitleNoExpanded\")][contains(text(), \"10125\")]"}
COMMAND: POST /session/09f7b38f634ad4118b42a529d9c234e8/element - {"using":"xpath","value":"//span[contains(@id ,\"contractDetailTitleNoExpanded\")][contains(text(), \"10125\")]"}
RESULT: {"using":"xpath","value":"//span[contains(@id ,\"contractDetailTitleNoExpanded\")][contains(text(), \"10125\")]"}
COMMAND: POST /session/09f7b38f634ad4118b42a529d9c234e8/element - {"using":"xpath","value":"//span[contains(@id ,\"contractDetailTitleNoExpanded\")][contains(text(), \"10125\")]"}
RESULT: {"using":"xpath","value":"//span[contains(@id ,\"contractDetailTitleNoExpanded\")][contains(text(), \"10125\")]"}
COMMAND: POST /session/09f7b38f634ad4118b42a529d9c234e8/element - {"using":"xpath","value":"//span[contains(@id ,\"contractDetailTitleNoExpanded\")][contains(text(), \"10125\")]"}
COMMAND: POST /session/09f7b38f634ad4118b42a529d9c234e8/elements - {"using":"xpath","value":"//span[text()='Error']"}
RESULT: {"using":"xpath","value":"//span[contains(@id ,\"contractDetailTitleNoExpanded\")][contains(text(), \"10125\")]"}
RESULT: {"using":"xpath","value":"//span[text()='Error']"}
COMMAND: POST /session/09f7b38f634ad4118b42a529d9c234e8/element - {"using":"xpath","value":"//span[contains(@id ,\"contractDetailTitleNoExpanded\")][contains(text(), \"10125\")]"}
COMMAND: POST /session/09f7b38f634ad4118b42a529d9c234e8/element - {"using":"css selector","value":"#requestCreationDialog--createRequestPopUp-title-inner"}
RESULT: {"using":"xpath","value":"//span[contains(@id ,\"contractDetailTitleNoExpanded\")][contains(text(), \"10125\")]"}
RESULT: {"using":"css selector","value":"#requestCreationDialog--createRequestPopUp-title-inner"}
COMMAND: POST /session/09f7b38f634ad4118b42a529d9c234e8/execute/sync - {"script":"<script> [8489 bytes]","args":[{"element-6066-11e4-a52e-4f735466cecf":"f.ED9B64560877B714BB030CF0107CFFD4.d.955C62414638CC9EFBD10E22936BD0B1.e.6492","ELEMENT":"f.ED9B64560877B714BB030CF0107CFFD4.d.955C62414638CC9EFBD10E22936BD0B1.e.6492"}]}
RESULT: {"script":"<script> [8489 bytes]","args":[{"element-6066-11e4-a52e-4f735466cecf":"f.ED9B64560877B714BB030CF0107CFFD4.d.955C62414638CC9EFBD10E22936BD0B1.e.6492","ELEMENT":"f.ED9B64560877B714BB030CF0107CFFD4.d.955C62414638CC9EFBD10E22936BD0B1.e.6492"}]}
COMMAND: GET /session/09f7b38f634ad4118b42a529d9c234e8/element/f.ED9B64560877B714BB030CF0107CFFD4.d.955C62414638CC9EFBD10E22936BD0B1.e.6492/enabled - {}
COMMAND: GET /session/09f7b38f634ad4118b42a529d9c234e8/screenshot - {}
RESULT: {}
COMMAND: POST /session/09f7b38f634ad4118b42a529d9c234e8/element - {"using":"xpath","value":"//span[contains(@id ,\"requestCreationDialog--cancelButton-content\")]"}
COMMAND: GET /session/09f7b38f634ad4118b42a529d9c234e8/screenshot - {}
RESULT: {}
RESULT: {"using":"xpath","value":"//span[contains(@id ,\"requestCreationDialog--cancelButton-content\")]"}
COMMAND: POST /session/09f7b38f634ad4118b42a529d9c234e8/element/f.ED9B64560877B714BB030CF0107CFFD4.d.955C62414638CC9EFBD10E22936BD0B1.e.6493/click - {}
RESULT: {}
RESULT: {}
COMMAND: GET /session/09f7b38f634ad4118b42a529d9c234e8/screenshot - {}
RESULT: {}
COMMAND: POST /session/09f7b38f634ad4118b42a529d9c234e8/element - {"using":"xpath","value":"//input[contains(@id ,\"searchFiledId-I\")]"}
RESULT: {"using":"xpath","value":"//input[contains(@id ,\"searchFiledId-I\")]"}
COMMAND: POST /session/09f7b38f634ad4118b42a529d9c234e8/element/f.ED9B64560877B714BB030CF0107CFFD4.d.955C62414638CC9EFBD10E22936BD0B1.e.6393/value - {"text":"Dri-Prime CD150M Diesel Pump"}
RESULT: {"text":"Dri-Prime CD150M Diesel Pump"}
COMMAND: POST /session/09f7b38f634ad4118b42a529d9c234e8/actions - {"actions":[{"id":"action11","type":"key","parameters":{},"actions":[{"type":"keyDown","value":"î€‡"},{"type":"pause","duration":10},{"type":"keyUp","value":"î€‡"}]}]}
COMMAND: GET /session/09f7b38f634ad4118b42a529d9c234e8/screenshot - {}
RESULT: {"actions":[{"id":"action11","type":"key","parameters":{},"actions":[{"type":"keyDown","value":"î€‡"},{"type":"pause","duration":10},{"type":"keyUp","value":"î€‡"}]}]}
COMMAND: GET /session/09f7b38f634ad4118b42a529d9c234e8/screenshot - {}
RESULT: {}
RESULT: {}
COMMAND: POST /session/09f7b38f634ad4118b42a529d9c234e8/element - {"using":"xpath","value":"//span[contains(@id ,\"subTitle\")][contains(text(), \"Dri-Prime CD150M Diesel Pump\")]"}
RESULT: {"using":"xpath","value":"//span[contains(@id ,\"subTitle\")][contains(text(), \"Dri-Prime CD150M Diesel Pump\")]"}
COMMAND: POST /session/09f7b38f634ad4118b42a529d9c234e8/element/f.ED9B64560877B714BB030CF0107CFFD4.d.955C62414638CC9EFBD10E22936BD0B1.e.6499/click - {}
RESULT: {}
COMMAND: GET /session/09f7b38f634ad4118b42a529d9c234e8/screenshot - {}
RESULT: {}
COMMAND: POST /session/09f7b38f634ad4118b42a529d9c234e8/element - {"using":"xpath","value":"//bdi[contains(text(), \"Add to Request\")]"}
RESULT: {"using":"xpath","value":"//bdi[contains(text(), \"Add to Request\")]"}
COMMAND: POST /session/09f7b38f634ad4118b42a529d9c234e8/element/f.ED9B64560877B714BB030CF0107CFFD4.d.955C62414638CC9EFBD10E22936BD0B1.e.6510/click - {}
RESULT: {}
COMMAND: POST /session/09f7b38f634ad4118b42a529d9c234e8/element - {"using":"xpath","value":"//div[contains(@class ,\"sapMMessageToast sapUiSelectable sapContrast sapContrastPlus sapUiUserSelectable\")]"}
COMMAND: GET /session/09f7b38f634ad4118b42a529d9c234e8/screenshot - {}
RESULT: {"using":"xpath","value":"//div[contains(@class ,\"sapMMessageToast sapUiSelectable sapContrast sapContrastPlus sapUiUserSelectable\")]"}
COMMAND: POST /session/09f7b38f634ad4118b42a529d9c234e8/execute/sync - {"script":"<script> [8489 bytes]","args":[{"element-6066-11e4-a52e-4f735466cecf":"f.ED9B64560877B714BB030CF0107CFFD4.d.955C62414638CC9EFBD10E22936BD0B1.e.6514","ELEMENT":"f.ED9B64560877B714BB030CF0107CFFD4.d.955C62414638CC9EFBD10E22936BD0B1.e.6514"}]}
RESULT: {}
RESULT: {"script":"<script> [8489 bytes]","args":[{"element-6066-11e4-a52e-4f735466cecf":"f.ED9B64560877B714BB030CF0107CFFD4.d.955C62414638CC9EFBD10E22936BD0B1.e.6514","ELEMENT":"f.ED9B64560877B714BB030CF0107CFFD4.d.955C62414638CC9EFBD10E22936BD0B1.e.6514"}]}
COMMAND: GET /session/09f7b38f634ad4118b42a529d9c234e8/element/f.ED9B64560877B714BB030CF0107CFFD4.d.955C62414638CC9EFBD10E22936BD0B1.e.6514/text - {}
COMMAND: GET /session/09f7b38f634ad4118b42a529d9c234e8/screenshot - {}
RESULT: {}
RESULT: {}
COMMAND: POST /session/09f7b38f634ad4118b42a529d9c234e8/element - {"using":"xpath","value":"//bdi[contains(@id ,\"activeCartId-BDI-content\")]"}
RESULT: {"using":"xpath","value":"//bdi[contains(@id ,\"activeCartId-BDI-content\")]"}
COMMAND: GET /session/09f7b38f634ad4118b42a529d9c234e8/element/f.ED9B64560877B714BB030CF0107CFFD4.d.955C62414638CC9EFBD10E22936BD0B1.e.6515/text - {}
RESULT: {}
COMMAND: POST /session/09f7b38f634ad4118b42a529d9c234e8/element - {"using":"xpath","value":"//li[@title=\"Exit\"]"}
RESULT: {"using":"xpath","value":"//li[@title=\"Exit\"]"}
COMMAND: POST /session/09f7b38f634ad4118b42a529d9c234e8/element/f.ED9B64560877B714BB030CF0107CFFD4.d.955C62414638CC9EFBD10E22936BD0B1.e.6472/click - {}
RESULT: {}
COMMAND: GET /session/09f7b38f634ad4118b42a529d9c234e8/screenshot - {}
RESULT: {}
COMMAND: DELETE /session/09f7b38f634ad4118b42a529d9c234e8 - {}
RESULT: {}
]]></system-out>
    </testcase>
  </testsuite>
</testsuites>