<?xml version="1.0" encoding="UTF-8"?>
<testsuites tests="21" failures="0" errors="0" skipped="0">
  <testsuite timestamp="2025-05-20T16:59:53" time="364.506" tests="3" failures="0" errors="0" skipped="0">
    <properties>
      <property name="specId" value="0" />
      <property name="suiteName" value="Create condition pricing US117289 US134625" />
      <property name="capabilities" value="chrome.136_0_7103_93.windows" />
      <property name="file" value="file:///D:/a/1/s/test/specs/BTS/create-condition-pricing.spec.js" />
    </properties>
    <testcase classname="chrome.136_0_7103_93.windows.Create_condition_pricing_US117289_US134625" name="Should create a new yard used for all following tests" time="118.298">
      <system-out><![CDATA[
COMMAND: POST /session/08fad45ac65f529ba2de556ddf104458/window/fullscreen - {}
RESULT: {}
COMMAND: POST /session/08fad45ac65f529ba2de556ddf104458/execute/async - {"script":"<script> [1562 bytes]","args":[{"selector":{"controlType":"sap.m.GenericTile","properties":{"header":"Manage Yards"}},"wdio_ui5_key":"sapm.GenericTile{\"header\":\"Manage Yards\"}"}]}
RESULT: {"script":"<script> [1562 bytes]","args":[{"selector":{"controlType":"sap.m.GenericTile","properties":{"header":"Manage Yards"}},"wdio_ui5_key":"sapm.GenericTile{\"header\":\"Manage Yards\"}"}]}
RESULT: undefined
COMMAND: POST /session/08fad45ac65f529ba2de556ddf104458/element - {"using":"xpath","value":"//*[@id=\"__tile41\"]"}
RESULT: {"using":"xpath","value":"//*[@id=\"__tile41\"]"}
COMMAND: POST /session/08fad45ac65f529ba2de556ddf104458/element/f.9D9AE82FA30F8FEE8073C9435B3ECC9C.d.58BE095EC5493337CC7275B39FD8ABEA.e.166/click - {}
RESULT: {}
COMMAND: GET /session/08fad45ac65f529ba2de556ddf104458/screenshot - {}
RESULT: {}
COMMAND: POST /session/08fad45ac65f529ba2de556ddf104458/elements - {"using":"xpath","value":"//span[text()='Error']"}
RESULT: {"using":"xpath","value":"//span[text()='Error']"}
COMMAND: POST /session/08fad45ac65f529ba2de556ddf104458/element - {"using":"xpath","value":"//button[@data-kt=\"addNewYardOverflowToolbarButton\"]"}
RESULT: {"using":"xpath","value":"//button[@data-kt=\"addNewYardOverflowToolbarButton\"]"}
COMMAND: POST /session/08fad45ac65f529ba2de556ddf104458/elements - {"using":"xpath","value":"//button[@data-kt=\"addNewYardOverflowToolbarButton\"]"}
RESULT: {"using":"xpath","value":"//button[@data-kt=\"addNewYardOverflowToolbarButton\"]"}
COMMAND: POST /session/08fad45ac65f529ba2de556ddf104458/execute/sync - {"script":"<script> [8489 bytes]","args":[{"element-6066-11e4-a52e-4f735466cecf":"f.9D9AE82FA30F8FEE8073C9435B3ECC9C.d.58BE095EC5493337CC7275B39FD8ABEA.e.304","ELEMENT":"f.9D9AE82FA30F8FEE8073C9435B3ECC9C.d.58BE095EC5493337CC7275B39FD8ABEA.e.304"}]}
RESULT: {"script":"<script> [8489 bytes]","args":[{"element-6066-11e4-a52e-4f735466cecf":"f.9D9AE82FA30F8FEE8073C9435B3ECC9C.d.58BE095EC5493337CC7275B39FD8ABEA.e.304","ELEMENT":"f.9D9AE82FA30F8FEE8073C9435B3ECC9C.d.58BE095EC5493337CC7275B39FD8ABEA.e.304"}]}
COMMAND: GET /session/08fad45ac65f529ba2de556ddf104458/element/f.9D9AE82FA30F8FEE8073C9435B3ECC9C.d.58BE095EC5493337CC7275B39FD8ABEA.e.304/enabled - {}
COMMAND: GET /session/08fad45ac65f529ba2de556ddf104458/screenshot - {}
RESULT: {}
RESULT: {}
COMMAND: POST /session/08fad45ac65f529ba2de556ddf104458/execute/sync - {"script":"<script> [8489 bytes]","args":[{"element-6066-11e4-a52e-4f735466cecf":"f.9D9AE82FA30F8FEE8073C9435B3ECC9C.d.58BE095EC5493337CC7275B39FD8ABEA.e.304","ELEMENT":"f.9D9AE82FA30F8FEE8073C9435B3ECC9C.d.58BE095EC5493337CC7275B39FD8ABEA.e.304"}]}
COMMAND: GET /session/08fad45ac65f529ba2de556ddf104458/screenshot - {}
RESULT: {}
RESULT: {"script":"<script> [8489 bytes]","args":[{"element-6066-11e4-a52e-4f735466cecf":"f.9D9AE82FA30F8FEE8073C9435B3ECC9C.d.58BE095EC5493337CC7275B39FD8ABEA.e.304","ELEMENT":"f.9D9AE82FA30F8FEE8073C9435B3ECC9C.d.58BE095EC5493337CC7275B39FD8ABEA.e.304"}]}
COMMAND: POST /session/08fad45ac65f529ba2de556ddf104458/execute/sync - {"script":"<script> [5351 bytes]","args":[{"element-6066-11e4-a52e-4f735466cecf":"f.9D9AE82FA30F8FEE8073C9435B3ECC9C.d.58BE095EC5493337CC7275B39FD8ABEA.e.304","ELEMENT":"f.9D9AE82FA30F8FEE8073C9435B3ECC9C.d.58BE095EC5493337CC7275B39FD8ABEA.e.304"}]}
COMMAND: GET /session/08fad45ac65f529ba2de556ddf104458/screenshot - {}
RESULT: {"script":"<script> [5351 bytes]","args":[{"element-6066-11e4-a52e-4f735466cecf":"f.9D9AE82FA30F8FEE8073C9435B3ECC9C.d.58BE095EC5493337CC7275B39FD8ABEA.e.304","ELEMENT":"f.9D9AE82FA30F8FEE8073C9435B3ECC9C.d.58BE095EC5493337CC7275B39FD8ABEA.e.304"}]}
COMMAND: POST /session/08fad45ac65f529ba2de556ddf104458/element/f.9D9AE82FA30F8FEE8073C9435B3ECC9C.d.58BE095EC5493337CC7275B39FD8ABEA.e.304/click - {}
COMMAND: GET /session/08fad45ac65f529ba2de556ddf104458/screenshot - {}
RESULT: {}
RESULT: {}
COMMAND: GET /session/08fad45ac65f529ba2de556ddf104458/screenshot - {}
RESULT: {}
RESULT: {}
COMMAND: POST /session/08fad45ac65f529ba2de556ddf104458/element - {"using":"xpath","value":"//input[@id=\"application-manageyards-display-component---NewYard--yardId-inner\"]"}
RESULT: {"using":"xpath","value":"//input[@id=\"application-manageyards-display-component---NewYard--yardId-inner\"]"}
COMMAND: POST /session/08fad45ac65f529ba2de556ddf104458/element - {"using":"xpath","value":"//input[@id=\"application-manageyards-display-component---NewYard--yardId-inner\"]"}
RESULT: {"using":"xpath","value":"//input[@id=\"application-manageyards-display-component---NewYard--yardId-inner\"]"}
COMMAND: POST /session/08fad45ac65f529ba2de556ddf104458/execute/async - {"script":"<script> [1562 bytes]","args":[{"selector":{"id":"application-manageyards-display-component---NewYard--addressDetailDetailsName1","interaction":{"idSuffix":"inner"}},"wdio_ui5_key":"applicationmanageyards-display-component---NewYard--addressDetailDetailsName1"}]}
RESULT: {"script":"<script> [1562 bytes]","args":[{"selector":{"id":"application-manageyards-display-component---NewYard--addressDetailDetailsName1","interaction":{"idSuffix":"inner"}},"wdio_ui5_key":"applicationmanageyards-display-component---NewYard--addressDetailDetailsName1"}]}
RESULT: undefined
COMMAND: POST /session/08fad45ac65f529ba2de556ddf104458/execute/async - {"script":"<script> [776 bytes]","args":[{"enterText":"DailyPrice WDIO","selector":{"id":"application-manageyards-display-component---NewYard--addressDetailDetailsName1","interaction":{"idSuffix":"inner"}},"clearTextFirst":true,"interactionType":"ENTER_TEXT"}]}
RESULT: {"script":"<script> [776 bytes]","args":[{"enterText":"DailyPrice WDIO","selector":{"id":"application-manageyards-display-component---NewYard--addressDetailDetailsName1","interaction":{"idSuffix":"inner"}},"clearTextFirst":true,"interactionType":"ENTER_TEXT"}]}
COMMAND: POST /session/08fad45ac65f529ba2de556ddf104458/execute/async - {"script":"<script> [1562 bytes]","args":[{"selector":{"id":"application-manageyards-display-component---NewYard--addressDetailDetailsLanguage-arrow"},"wdio_ui5_key":"applicationmanageyards-display-component---NewYard--addressDetailDetailsLanguage-arrow"}]}
RESULT: {"script":"<script> [1562 bytes]","args":[{"selector":{"id":"application-manageyards-display-component---NewYard--addressDetailDetailsLanguage-arrow"},"wdio_ui5_key":"applicationmanageyards-display-component---NewYard--addressDetailDetailsLanguage-arrow"}]}
RESULT: undefined
COMMAND: POST /session/08fad45ac65f529ba2de556ddf104458/element - {"using":"xpath","value":"//*[@id=\"application-manageyards-display-component---NewYard--addressDetailDetailsLanguage-arrow\"]"}
RESULT: {"using":"xpath","value":"//*[@id=\"application-manageyards-display-component---NewYard--addressDetailDetailsLanguage-arrow\"]"}
COMMAND: POST /session/08fad45ac65f529ba2de556ddf104458/element/f.9D9AE82FA30F8FEE8073C9435B3ECC9C.d.58BE095EC5493337CC7275B39FD8ABEA.e.745/click - {}
RESULT: {}
COMMAND: POST /session/08fad45ac65f529ba2de556ddf104458/element - {"using":"xpath","value":"//span[contains(text(), \"English\")]"}
COMMAND: GET /session/08fad45ac65f529ba2de556ddf104458/screenshot - {}
RESULT: {"using":"xpath","value":"//span[contains(text(), \"English\")]"}
COMMAND: POST /session/08fad45ac65f529ba2de556ddf104458/element/f.9D9AE82FA30F8FEE8073C9435B3ECC9C.d.58BE095EC5493337CC7275B39FD8ABEA.e.746/click - {}
RESULT: {}
RESULT: {}
COMMAND: POST /session/08fad45ac65f529ba2de556ddf104458/execute/async - {"script":"<script> [1562 bytes]","args":[{"selector":{"id":"application-manageyards-display-component---NewYard--addressDetailDetailsCity1","interaction":{"idSuffix":"inner"}},"wdio_ui5_key":"applicationmanageyards-display-component---NewYard--addressDetailDetailsCity1"}]}
COMMAND: GET /session/08fad45ac65f529ba2de556ddf104458/screenshot - {}
RESULT: {"script":"<script> [1562 bytes]","args":[{"selector":{"id":"application-manageyards-display-component---NewYard--addressDetailDetailsCity1","interaction":{"idSuffix":"inner"}},"wdio_ui5_key":"applicationmanageyards-display-component---NewYard--addressDetailDetailsCity1"}]}
RESULT: undefined
COMMAND: POST /session/08fad45ac65f529ba2de556ddf104458/execute/async - {"script":"<script> [776 bytes]","args":[{"enterText":"Rosario","selector":{"id":"application-manageyards-display-component---NewYard--addressDetailDetailsCity1","interaction":{"idSuffix":"inner"}},"clearTextFirst":true,"interactionType":"ENTER_TEXT"}]}
RESULT: {}
RESULT: {"script":"<script> [776 bytes]","args":[{"enterText":"Rosario","selector":{"id":"application-manageyards-display-component---NewYard--addressDetailDetailsCity1","interaction":{"idSuffix":"inner"}},"clearTextFirst":true,"interactionType":"ENTER_TEXT"}]}
COMMAND: POST /session/08fad45ac65f529ba2de556ddf104458/execute/async - {"script":"<script> [1562 bytes]","args":[{"selector":{"id":"application-manageyards-display-component---NewYard--addressDetailDetailsCountry-arrow"},"wdio_ui5_key":"applicationmanageyards-display-component---NewYard--addressDetailDetailsCountry-arrow"}]}
RESULT: {"script":"<script> [1562 bytes]","args":[{"selector":{"id":"application-manageyards-display-component---NewYard--addressDetailDetailsCountry-arrow"},"wdio_ui5_key":"applicationmanageyards-display-component---NewYard--addressDetailDetailsCountry-arrow"}]}
RESULT: undefined
COMMAND: POST /session/08fad45ac65f529ba2de556ddf104458/element - {"using":"xpath","value":"//*[@id=\"application-manageyards-display-component---NewYard--addressDetailDetailsCountry-arrow\"]"}
RESULT: {"using":"xpath","value":"//*[@id=\"application-manageyards-display-component---NewYard--addressDetailDetailsCountry-arrow\"]"}
COMMAND: POST /session/08fad45ac65f529ba2de556ddf104458/element/f.9D9AE82FA30F8FEE8073C9435B3ECC9C.d.58BE095EC5493337CC7275B39FD8ABEA.e.748/click - {}
RESULT: {}
COMMAND: POST /session/08fad45ac65f529ba2de556ddf104458/element - {"using":"xpath","value":"//span[contains(text(), \"Argentina\")]"}
COMMAND: GET /session/08fad45ac65f529ba2de556ddf104458/screenshot - {}
RESULT: {"using":"xpath","value":"//span[contains(text(), \"Argentina\")]"}
COMMAND: POST /session/08fad45ac65f529ba2de556ddf104458/element/f.9D9AE82FA30F8FEE8073C9435B3ECC9C.d.58BE095EC5493337CC7275B39FD8ABEA.e.749/click - {}
RESULT: {}
RESULT: {}
COMMAND: POST /session/08fad45ac65f529ba2de556ddf104458/execute/async - {"script":"<script> [1562 bytes]","args":[{"selector":{"id":"application-manageyards-display-component---NewYard--addressEditDetailsCostObjectCstType-arrow"},"wdio_ui5_key":"applicationmanageyards-display-component---NewYard--addressEditDetailsCostObjectCstType-arrow"}]}
COMMAND: GET /session/08fad45ac65f529ba2de556ddf104458/screenshot - {}
RESULT: {"script":"<script> [1562 bytes]","args":[{"selector":{"id":"application-manageyards-display-component---NewYard--addressEditDetailsCostObjectCstType-arrow"},"wdio_ui5_key":"applicationmanageyards-display-component---NewYard--addressEditDetailsCostObjectCstType-arrow"}]}
RESULT: undefined
COMMAND: POST /session/08fad45ac65f529ba2de556ddf104458/element - {"using":"xpath","value":"//*[@id=\"application-manageyards-display-component---NewYard--addressEditDetailsCostObjectCstType-arrow\"]"}
RESULT: {}
RESULT: {"using":"xpath","value":"//*[@id=\"application-manageyards-display-component---NewYard--addressEditDetailsCostObjectCstType-arrow\"]"}
COMMAND: POST /session/08fad45ac65f529ba2de556ddf104458/element/f.9D9AE82FA30F8FEE8073C9435B3ECC9C.d.58BE095EC5493337CC7275B39FD8ABEA.e.751/click - {}
RESULT: {}
COMMAND: POST /session/08fad45ac65f529ba2de556ddf104458/element - {"using":"xpath","value":"//span[contains(text(), \"Cost Center\")]"}
COMMAND: GET /session/08fad45ac65f529ba2de556ddf104458/screenshot - {}
RESULT: {"using":"xpath","value":"//span[contains(text(), \"Cost Center\")]"}
COMMAND: POST /session/08fad45ac65f529ba2de556ddf104458/element/f.9D9AE82FA30F8FEE8073C9435B3ECC9C.d.58BE095EC5493337CC7275B39FD8ABEA.e.752/click - {}
RESULT: {}
RESULT: {}
COMMAND: GET /session/08fad45ac65f529ba2de556ddf104458/screenshot - {}
RESULT: {}
COMMAND: POST /session/08fad45ac65f529ba2de556ddf104458/element - {"using":"xpath","value":"//span[@id=\"application-manageyards-display-component---NewYard--addressNewCostObjectCstID-vhi\"]"}
RESULT: {"using":"xpath","value":"//span[@id=\"application-manageyards-display-component---NewYard--addressNewCostObjectCstID-vhi\"]"}
COMMAND: POST /session/08fad45ac65f529ba2de556ddf104458/execute/sync - {"script":"<script> [8489 bytes]","args":[{"element-6066-11e4-a52e-4f735466cecf":"f.9D9AE82FA30F8FEE8073C9435B3ECC9C.d.58BE095EC5493337CC7275B39FD8ABEA.e.756","ELEMENT":"f.9D9AE82FA30F8FEE8073C9435B3ECC9C.d.58BE095EC5493337CC7275B39FD8ABEA.e.756"}]}
RESULT: {"script":"<script> [8489 bytes]","args":[{"element-6066-11e4-a52e-4f735466cecf":"f.9D9AE82FA30F8FEE8073C9435B3ECC9C.d.58BE095EC5493337CC7275B39FD8ABEA.e.756","ELEMENT":"f.9D9AE82FA30F8FEE8073C9435B3ECC9C.d.58BE095EC5493337CC7275B39FD8ABEA.e.756"}]}
COMMAND: POST /session/08fad45ac65f529ba2de556ddf104458/execute/async - {"script":"<script> [1562 bytes]","args":[{"selector":{"id":"application-manageyards-display-component---NewYard--addressNewCostObjectCstID-vhi"},"wdio_ui5_key":"applicationmanageyards-display-component---NewYard--addressNewCostObjectCstID-vhi"}]}
COMMAND: GET /session/08fad45ac65f529ba2de556ddf104458/screenshot - {}
RESULT: {"script":"<script> [1562 bytes]","args":[{"selector":{"id":"application-manageyards-display-component---NewYard--addressNewCostObjectCstID-vhi"},"wdio_ui5_key":"applicationmanageyards-display-component---NewYard--addressNewCostObjectCstID-vhi"}]}
RESULT: undefined
COMMAND: POST /session/08fad45ac65f529ba2de556ddf104458/element - {"using":"xpath","value":"//*[@id=\"application-manageyards-display-component---NewYard--addressNewCostObjectCstID-vhi\"]"}
RESULT: {}
RESULT: {"using":"xpath","value":"//*[@id=\"application-manageyards-display-component---NewYard--addressNewCostObjectCstID-vhi\"]"}
COMMAND: POST /session/08fad45ac65f529ba2de556ddf104458/element/f.9D9AE82FA30F8FEE8073C9435B3ECC9C.d.58BE095EC5493337CC7275B39FD8ABEA.e.756/click - {}
RESULT: {}
COMMAND: GET /session/08fad45ac65f529ba2de556ddf104458/screenshot - {}
RESULT: {}
COMMAND: POST /session/08fad45ac65f529ba2de556ddf104458/execute/async - {"script":"<script> [1562 bytes]","args":[{"selector":{"controlType":"sap.m.SearchField","properties":{"placeholder":"Search"},"searchOpenDialogs":true,"interaction":{"idSuffix":"I"}},"wdio_ui5_key":"sapm.SearchField{\"placeholder\":\"Search\"}"}]}
RESULT: {"script":"<script> [1562 bytes]","args":[{"selector":{"controlType":"sap.m.SearchField","properties":{"placeholder":"Search"},"searchOpenDialogs":true,"interaction":{"idSuffix":"I"}},"wdio_ui5_key":"sapm.SearchField{\"placeholder\":\"Search\"}"}]}
RESULT: undefined
COMMAND: POST /session/08fad45ac65f529ba2de556ddf104458/execute/async - {"script":"<script> [776 bytes]","args":[{"enterText":"bauh_b","selector":{"controlType":"sap.m.SearchField","properties":{"placeholder":"Search"},"searchOpenDialogs":true,"interaction":{"idSuffix":"I"}},"clearTextFirst":true,"interactionType":"ENTER_TEXT"}]}
RESULT: {"script":"<script> [776 bytes]","args":[{"enterText":"bauh_b","selector":{"controlType":"sap.m.SearchField","properties":{"placeholder":"Search"},"searchOpenDialogs":true,"interaction":{"idSuffix":"I"}},"clearTextFirst":true,"interactionType":"ENTER_TEXT"}]}
COMMAND: POST /session/08fad45ac65f529ba2de556ddf104458/actions - {"actions":[{"id":"action1","type":"key","parameters":{},"actions":[{"type":"keyDown","value":"î€‡"},{"type":"pause","duration":10},{"type":"keyUp","value":"î€‡"}]}]}
RESULT: {"actions":[{"id":"action1","type":"key","parameters":{},"actions":[{"type":"keyDown","value":"î€‡"},{"type":"pause","duration":10},{"type":"keyUp","value":"î€‡"}]}]}
COMMAND: GET /session/08fad45ac65f529ba2de556ddf104458/screenshot - {}
RESULT: {}
COMMAND: POST /session/08fad45ac65f529ba2de556ddf104458/element - {"using":"xpath","value":"//span[contains(text(), \"Demo Yard\")]"}
RESULT: {"using":"xpath","value":"//span[contains(text(), \"Demo Yard\")]"}
COMMAND: POST /session/08fad45ac65f529ba2de556ddf104458/element/f.9D9AE82FA30F8FEE8073C9435B3ECC9C.d.58BE095EC5493337CC7275B39FD8ABEA.e.796/click - {}
RESULT: {}
COMMAND: GET /session/08fad45ac65f529ba2de556ddf104458/screenshot - {}
RESULT: {}
COMMAND: POST /session/08fad45ac65f529ba2de556ddf104458/element - {"using":"xpath","value":"//bdi[contains(text(), \"OK\")]"}
RESULT: {"using":"xpath","value":"//bdi[contains(text(), \"OK\")]"}
COMMAND: POST /session/08fad45ac65f529ba2de556ddf104458/element/f.9D9AE82FA30F8FEE8073C9435B3ECC9C.d.58BE095EC5493337CC7275B39FD8ABEA.e.797/click - {}
RESULT: {}
COMMAND: GET /session/08fad45ac65f529ba2de556ddf104458/screenshot - {}
RESULT: {}
COMMAND: POST /session/08fad45ac65f529ba2de556ddf104458/execute/async - {"script":"<script> [1562 bytes]","args":[{"selector":{"id":"application-manageyards-display-component---NewYard--addressEditDetailsCurrency-arrow"},"wdio_ui5_key":"applicationmanageyards-display-component---NewYard--addressEditDetailsCurrency-arrow"}]}
RESULT: {"script":"<script> [1562 bytes]","args":[{"selector":{"id":"application-manageyards-display-component---NewYard--addressEditDetailsCurrency-arrow"},"wdio_ui5_key":"applicationmanageyards-display-component---NewYard--addressEditDetailsCurrency-arrow"}]}
RESULT: undefined
COMMAND: POST /session/08fad45ac65f529ba2de556ddf104458/element - {"using":"xpath","value":"//*[@id=\"application-manageyards-display-component---NewYard--addressEditDetailsCurrency-arrow\"]"}
RESULT: {"using":"xpath","value":"//*[@id=\"application-manageyards-display-component---NewYard--addressEditDetailsCurrency-arrow\"]"}
COMMAND: POST /session/08fad45ac65f529ba2de556ddf104458/element/f.9D9AE82FA30F8FEE8073C9435B3ECC9C.d.58BE095EC5493337CC7275B39FD8ABEA.e.800/click - {}
RESULT: {}
COMMAND: POST /session/08fad45ac65f529ba2de556ddf104458/element - {"using":"xpath","value":"//span[contains(text(), \"Euro\")]"}
COMMAND: GET /session/08fad45ac65f529ba2de556ddf104458/screenshot - {}
RESULT: {"using":"xpath","value":"//span[contains(text(), \"Euro\")]"}
COMMAND: POST /session/08fad45ac65f529ba2de556ddf104458/element/f.9D9AE82FA30F8FEE8073C9435B3ECC9C.d.58BE095EC5493337CC7275B39FD8ABEA.e.801/click - {}
RESULT: {}
RESULT: {}
COMMAND: POST /session/08fad45ac65f529ba2de556ddf104458/execute/async - {"script":"<script> [1562 bytes]","args":[{"selector":{"controlType":"sap.m.Input","viewName":"etm.portal.ui.manageyards.view.New","viewId":"application-manageyards-display-component---NewYard","bindingPath":{"path":"","propertyPath":"/CONTROLLING_AREA","modelName":"NewYardModel"},"interaction":{"idSuffix":"inner"}},"wdio_ui5_key":"etmportal.ui.manageyards.view.Newsap.m.Input{\"path\":\"\",\"propertyPath\":\"/CONTROLLING_AREA\",\"modelName\":\"NewYardModel\"}"}]}
COMMAND: GET /session/08fad45ac65f529ba2de556ddf104458/screenshot - {}
RESULT: {"script":"<script> [1562 bytes]","args":[{"selector":{"controlType":"sap.m.Input","viewName":"etm.portal.ui.manageyards.view.New","viewId":"application-manageyards-display-component---NewYard","bindingPath":{"path":"","propertyPath":"/CONTROLLING_AREA","modelName":"NewYardModel"},"interaction":{"idSuffix":"inner"}},"wdio_ui5_key":"etmportal.ui.manageyards.view.Newsap.m.Input{\"path\":\"\",\"propertyPath\":\"/CONTROLLING_AREA\",\"modelName\":\"NewYardModel\"}"}]}
RESULT: undefined
COMMAND: POST /session/08fad45ac65f529ba2de556ddf104458/execute/async - {"script":"<script> [776 bytes]","args":[{"enterText":"Z001","selector":{"controlType":"sap.m.Input","viewName":"etm.portal.ui.manageyards.view.New","viewId":"application-manageyards-display-component---NewYard","bindingPath":{"path":"","propertyPath":"/CONTROLLING_AREA","modelName":"NewYardModel"},"interaction":{"idSuffix":"inner"}},"clearTextFirst":true,"interactionType":"ENTER_TEXT"}]}
RESULT: {}
RESULT: {"script":"<script> [776 bytes]","args":[{"enterText":"Z001","selector":{"controlType":"sap.m.Input","viewName":"etm.portal.ui.manageyards.view.New","viewId":"application-manageyards-display-component---NewYard","bindingPath":{"path":"","propertyPath":"/CONTROLLING_AREA","modelName":"NewYardModel"},"interaction":{"idSuffix":"inner"}},"clearTextFirst":true,"interactionType":"ENTER_TEXT"}]}
COMMAND: POST /session/08fad45ac65f529ba2de556ddf104458/execute/async - {"script":"<script> [1562 bytes]","args":[{"selector":{"id":"application-manageyards-display-component---NewYard--companyCodeComboBox","interaction":{"idSuffix":"inner"}},"wdio_ui5_key":"applicationmanageyards-display-component---NewYard--companyCodeComboBox"}]}
RESULT: {"script":"<script> [1562 bytes]","args":[{"selector":{"id":"application-manageyards-display-component---NewYard--companyCodeComboBox","interaction":{"idSuffix":"inner"}},"wdio_ui5_key":"applicationmanageyards-display-component---NewYard--companyCodeComboBox"}]}
RESULT: undefined
COMMAND: POST /session/08fad45ac65f529ba2de556ddf104458/execute/async - {"script":"<script> [776 bytes]","args":[{"enterText":"1000","selector":{"id":"application-manageyards-display-component---NewYard--companyCodeComboBox","interaction":{"idSuffix":"inner"}},"clearTextFirst":true,"interactionType":"ENTER_TEXT"}]}
RESULT: {"script":"<script> [776 bytes]","args":[{"enterText":"1000","selector":{"id":"application-manageyards-display-component---NewYard--companyCodeComboBox","interaction":{"idSuffix":"inner"}},"clearTextFirst":true,"interactionType":"ENTER_TEXT"}]}
COMMAND: POST /session/08fad45ac65f529ba2de556ddf104458/execute/async - {"script":"<script> [1562 bytes]","args":[{"selector":{"controlType":"sap.m.Input","viewName":"etm.portal.ui.manageyards.view.New","viewId":"application-manageyards-display-component---NewYard","bindingPath":{"path":"","propertyPath":"/PLANT","modelName":"NewYardModel"},"interaction":{"idSuffix":"inner"}},"wdio_ui5_key":"etmportal.ui.manageyards.view.Newsap.m.Input{\"path\":\"\",\"propertyPath\":\"/PLANT\",\"modelName\":\"NewYardModel\"}"}]}
RESULT: {"script":"<script> [1562 bytes]","args":[{"selector":{"controlType":"sap.m.Input","viewName":"etm.portal.ui.manageyards.view.New","viewId":"application-manageyards-display-component---NewYard","bindingPath":{"path":"","propertyPath":"/PLANT","modelName":"NewYardModel"},"interaction":{"idSuffix":"inner"}},"wdio_ui5_key":"etmportal.ui.manageyards.view.Newsap.m.Input{\"path\":\"\",\"propertyPath\":\"/PLANT\",\"modelName\":\"NewYardModel\"}"}]}
RESULT: undefined
COMMAND: POST /session/08fad45ac65f529ba2de556ddf104458/execute/async - {"script":"<script> [776 bytes]","args":[{"enterText":"1001","selector":{"controlType":"sap.m.Input","viewName":"etm.portal.ui.manageyards.view.New","viewId":"application-manageyards-display-component---NewYard","bindingPath":{"path":"","propertyPath":"/PLANT","modelName":"NewYardModel"},"interaction":{"idSuffix":"inner"}},"clearTextFirst":true,"interactionType":"ENTER_TEXT"}]}
RESULT: {"script":"<script> [776 bytes]","args":[{"enterText":"1001","selector":{"controlType":"sap.m.Input","viewName":"etm.portal.ui.manageyards.view.New","viewId":"application-manageyards-display-component---NewYard","bindingPath":{"path":"","propertyPath":"/PLANT","modelName":"NewYardModel"},"interaction":{"idSuffix":"inner"}},"clearTextFirst":true,"interactionType":"ENTER_TEXT"}]}
COMMAND: POST /session/08fad45ac65f529ba2de556ddf104458/execute/async - {"script":"<script> [1562 bytes]","args":[{"selector":{"controlType":"sap.m.Input","viewName":"etm.portal.ui.manageyards.view.New","viewId":"application-manageyards-display-component---NewYard","bindingPath":{"path":"","propertyPath":"/SALES_AREA_VKORG","modelName":"NewYardModel"},"interaction":{"idSuffix":"inner"}},"wdio_ui5_key":"etmportal.ui.manageyards.view.Newsap.m.Input{\"path\":\"\",\"propertyPath\":\"/SALES_AREA_VKORG\",\"modelName\":\"NewYardModel\"}"}]}
RESULT: {"script":"<script> [1562 bytes]","args":[{"selector":{"controlType":"sap.m.Input","viewName":"etm.portal.ui.manageyards.view.New","viewId":"application-manageyards-display-component---NewYard","bindingPath":{"path":"","propertyPath":"/SALES_AREA_VKORG","modelName":"NewYardModel"},"interaction":{"idSuffix":"inner"}},"wdio_ui5_key":"etmportal.ui.manageyards.view.Newsap.m.Input{\"path\":\"\",\"propertyPath\":\"/SALES_AREA_VKORG\",\"modelName\":\"NewYardModel\"}"}]}
RESULT: undefined
COMMAND: POST /session/08fad45ac65f529ba2de556ddf104458/execute/async - {"script":"<script> [776 bytes]","args":[{"enterText":"C002","selector":{"controlType":"sap.m.Input","viewName":"etm.portal.ui.manageyards.view.New","viewId":"application-manageyards-display-component---NewYard","bindingPath":{"path":"","propertyPath":"/SALES_AREA_VKORG","modelName":"NewYardModel"},"interaction":{"idSuffix":"inner"}},"clearTextFirst":true,"interactionType":"ENTER_TEXT"}]}
RESULT: {"script":"<script> [776 bytes]","args":[{"enterText":"C002","selector":{"controlType":"sap.m.Input","viewName":"etm.portal.ui.manageyards.view.New","viewId":"application-manageyards-display-component---NewYard","bindingPath":{"path":"","propertyPath":"/SALES_AREA_VKORG","modelName":"NewYardModel"},"interaction":{"idSuffix":"inner"}},"clearTextFirst":true,"interactionType":"ENTER_TEXT"}]}
COMMAND: POST /session/08fad45ac65f529ba2de556ddf104458/execute/async - {"script":"<script> [1562 bytes]","args":[{"selector":{"controlType":"sap.m.Input","viewName":"etm.portal.ui.manageyards.view.New","viewId":"application-manageyards-display-component---NewYard","bindingPath":{"path":"","propertyPath":"/SALES_AREA_VTWEG","modelName":"NewYardModel"},"interaction":{"idSuffix":"inner"}},"wdio_ui5_key":"etmportal.ui.manageyards.view.Newsap.m.Input{\"path\":\"\",\"propertyPath\":\"/SALES_AREA_VTWEG\",\"modelName\":\"NewYardModel\"}"}]}
RESULT: {"script":"<script> [1562 bytes]","args":[{"selector":{"controlType":"sap.m.Input","viewName":"etm.portal.ui.manageyards.view.New","viewId":"application-manageyards-display-component---NewYard","bindingPath":{"path":"","propertyPath":"/SALES_AREA_VTWEG","modelName":"NewYardModel"},"interaction":{"idSuffix":"inner"}},"wdio_ui5_key":"etmportal.ui.manageyards.view.Newsap.m.Input{\"path\":\"\",\"propertyPath\":\"/SALES_AREA_VTWEG\",\"modelName\":\"NewYardModel\"}"}]}
RESULT: undefined
COMMAND: POST /session/08fad45ac65f529ba2de556ddf104458/execute/async - {"script":"<script> [776 bytes]","args":[{"enterText":"C2","selector":{"controlType":"sap.m.Input","viewName":"etm.portal.ui.manageyards.view.New","viewId":"application-manageyards-display-component---NewYard","bindingPath":{"path":"","propertyPath":"/SALES_AREA_VTWEG","modelName":"NewYardModel"},"interaction":{"idSuffix":"inner"}},"clearTextFirst":true,"interactionType":"ENTER_TEXT"}]}
RESULT: {"script":"<script> [776 bytes]","args":[{"enterText":"C2","selector":{"controlType":"sap.m.Input","viewName":"etm.portal.ui.manageyards.view.New","viewId":"application-manageyards-display-component---NewYard","bindingPath":{"path":"","propertyPath":"/SALES_AREA_VTWEG","modelName":"NewYardModel"},"interaction":{"idSuffix":"inner"}},"clearTextFirst":true,"interactionType":"ENTER_TEXT"}]}
COMMAND: POST /session/08fad45ac65f529ba2de556ddf104458/execute/async - {"script":"<script> [1562 bytes]","args":[{"selector":{"controlType":"sap.m.Input","viewName":"etm.portal.ui.manageyards.view.New","viewId":"application-manageyards-display-component---NewYard","bindingPath":{"path":"","propertyPath":"/SALES_AREA_SPART","modelName":"NewYardModel"},"interaction":{"idSuffix":"inner"}},"wdio_ui5_key":"etmportal.ui.manageyards.view.Newsap.m.Input{\"path\":\"\",\"propertyPath\":\"/SALES_AREA_SPART\",\"modelName\":\"NewYardModel\"}"}]}
RESULT: {"script":"<script> [1562 bytes]","args":[{"selector":{"controlType":"sap.m.Input","viewName":"etm.portal.ui.manageyards.view.New","viewId":"application-manageyards-display-component---NewYard","bindingPath":{"path":"","propertyPath":"/SALES_AREA_SPART","modelName":"NewYardModel"},"interaction":{"idSuffix":"inner"}},"wdio_ui5_key":"etmportal.ui.manageyards.view.Newsap.m.Input{\"path\":\"\",\"propertyPath\":\"/SALES_AREA_SPART\",\"modelName\":\"NewYardModel\"}"}]}
RESULT: undefined
COMMAND: POST /session/08fad45ac65f529ba2de556ddf104458/execute/async - {"script":"<script> [776 bytes]","args":[{"enterText":"C2","selector":{"controlType":"sap.m.Input","viewName":"etm.portal.ui.manageyards.view.New","viewId":"application-manageyards-display-component---NewYard","bindingPath":{"path":"","propertyPath":"/SALES_AREA_SPART","modelName":"NewYardModel"},"interaction":{"idSuffix":"inner"}},"clearTextFirst":true,"interactionType":"ENTER_TEXT"}]}
RESULT: {"script":"<script> [776 bytes]","args":[{"enterText":"C2","selector":{"controlType":"sap.m.Input","viewName":"etm.portal.ui.manageyards.view.New","viewId":"application-manageyards-display-component---NewYard","bindingPath":{"path":"","propertyPath":"/SALES_AREA_SPART","modelName":"NewYardModel"},"interaction":{"idSuffix":"inner"}},"clearTextFirst":true,"interactionType":"ENTER_TEXT"}]}
COMMAND: POST /session/08fad45ac65f529ba2de556ddf104458/execute/async - {"script":"<script> [1562 bytes]","args":[{"selector":{"controlType":"sap.m.Input","viewName":"etm.portal.ui.manageyards.view.New","viewId":"application-manageyards-display-component---NewYard","bindingPath":{"path":"","propertyPath":"/SHIP_POINT","modelName":"NewYardModel"},"interaction":{"idSuffix":"inner"}},"wdio_ui5_key":"etmportal.ui.manageyards.view.Newsap.m.Input{\"path\":\"\",\"propertyPath\":\"/SHIP_POINT\",\"modelName\":\"NewYardModel\"}"}]}
RESULT: {"script":"<script> [1562 bytes]","args":[{"selector":{"controlType":"sap.m.Input","viewName":"etm.portal.ui.manageyards.view.New","viewId":"application-manageyards-display-component---NewYard","bindingPath":{"path":"","propertyPath":"/SHIP_POINT","modelName":"NewYardModel"},"interaction":{"idSuffix":"inner"}},"wdio_ui5_key":"etmportal.ui.manageyards.view.Newsap.m.Input{\"path\":\"\",\"propertyPath\":\"/SHIP_POINT\",\"modelName\":\"NewYardModel\"}"}]}
RESULT: undefined
COMMAND: POST /session/08fad45ac65f529ba2de556ddf104458/execute/async - {"script":"<script> [776 bytes]","args":[{"enterText":"1710","selector":{"controlType":"sap.m.Input","viewName":"etm.portal.ui.manageyards.view.New","viewId":"application-manageyards-display-component---NewYard","bindingPath":{"path":"","propertyPath":"/SHIP_POINT","modelName":"NewYardModel"},"interaction":{"idSuffix":"inner"}},"clearTextFirst":true,"interactionType":"ENTER_TEXT"}]}
RESULT: {"script":"<script> [776 bytes]","args":[{"enterText":"1710","selector":{"controlType":"sap.m.Input","viewName":"etm.portal.ui.manageyards.view.New","viewId":"application-manageyards-display-component---NewYard","bindingPath":{"path":"","propertyPath":"/SHIP_POINT","modelName":"NewYardModel"},"interaction":{"idSuffix":"inner"}},"clearTextFirst":true,"interactionType":"ENTER_TEXT"}]}
COMMAND: POST /session/08fad45ac65f529ba2de556ddf104458/execute/async - {"script":"<script> [1562 bytes]","args":[{"selector":{"controlType":"sap.m.Input","viewName":"etm.portal.ui.manageyards.view.New","viewId":"application-manageyards-display-component---NewYard","bindingPath":{"path":"","propertyPath":"/DELIVERY_TYPE","modelName":"NewYardModel"},"interaction":{"idSuffix":"inner"}},"wdio_ui5_key":"etmportal.ui.manageyards.view.Newsap.m.Input{\"path\":\"\",\"propertyPath\":\"/DELIVERY_TYPE\",\"modelName\":\"NewYardModel\"}"}]}
RESULT: {"script":"<script> [1562 bytes]","args":[{"selector":{"controlType":"sap.m.Input","viewName":"etm.portal.ui.manageyards.view.New","viewId":"application-manageyards-display-component---NewYard","bindingPath":{"path":"","propertyPath":"/DELIVERY_TYPE","modelName":"NewYardModel"},"interaction":{"idSuffix":"inner"}},"wdio_ui5_key":"etmportal.ui.manageyards.view.Newsap.m.Input{\"path\":\"\",\"propertyPath\":\"/DELIVERY_TYPE\",\"modelName\":\"NewYardModel\"}"}]}
RESULT: undefined
COMMAND: POST /session/08fad45ac65f529ba2de556ddf104458/execute/async - {"script":"<script> [776 bytes]","args":[{"enterText":"ZL01","selector":{"controlType":"sap.m.Input","viewName":"etm.portal.ui.manageyards.view.New","viewId":"application-manageyards-display-component---NewYard","bindingPath":{"path":"","propertyPath":"/DELIVERY_TYPE","modelName":"NewYardModel"},"interaction":{"idSuffix":"inner"}},"clearTextFirst":true,"interactionType":"ENTER_TEXT"}]}
RESULT: {"script":"<script> [776 bytes]","args":[{"enterText":"ZL01","selector":{"controlType":"sap.m.Input","viewName":"etm.portal.ui.manageyards.view.New","viewId":"application-manageyards-display-component---NewYard","bindingPath":{"path":"","propertyPath":"/DELIVERY_TYPE","modelName":"NewYardModel"},"interaction":{"idSuffix":"inner"}},"clearTextFirst":true,"interactionType":"ENTER_TEXT"}]}
COMMAND: POST /session/08fad45ac65f529ba2de556ddf104458/execute/async - {"script":"<script> [1562 bytes]","args":[{"selector":{"controlType":"sap.m.Input","viewName":"etm.portal.ui.manageyards.view.New","viewId":"application-manageyards-display-component---NewYard","bindingPath":{"path":"","propertyPath":"/AUART","modelName":"NewYardModel"},"interaction":{"idSuffix":"inner"}},"wdio_ui5_key":"etmportal.ui.manageyards.view.Newsap.m.Input{\"path\":\"\",\"propertyPath\":\"/AUART\",\"modelName\":\"NewYardModel\"}"}]}
RESULT: {"script":"<script> [1562 bytes]","args":[{"selector":{"controlType":"sap.m.Input","viewName":"etm.portal.ui.manageyards.view.New","viewId":"application-manageyards-display-component---NewYard","bindingPath":{"path":"","propertyPath":"/AUART","modelName":"NewYardModel"},"interaction":{"idSuffix":"inner"}},"wdio_ui5_key":"etmportal.ui.manageyards.view.Newsap.m.Input{\"path\":\"\",\"propertyPath\":\"/AUART\",\"modelName\":\"NewYardModel\"}"}]}
RESULT: undefined
COMMAND: POST /session/08fad45ac65f529ba2de556ddf104458/execute/async - {"script":"<script> [776 bytes]","args":[{"enterText":"TA","selector":{"controlType":"sap.m.Input","viewName":"etm.portal.ui.manageyards.view.New","viewId":"application-manageyards-display-component---NewYard","bindingPath":{"path":"","propertyPath":"/AUART","modelName":"NewYardModel"},"interaction":{"idSuffix":"inner"}},"clearTextFirst":true,"interactionType":"ENTER_TEXT"}]}
RESULT: {"script":"<script> [776 bytes]","args":[{"enterText":"TA","selector":{"controlType":"sap.m.Input","viewName":"etm.portal.ui.manageyards.view.New","viewId":"application-manageyards-display-component---NewYard","bindingPath":{"path":"","propertyPath":"/AUART","modelName":"NewYardModel"},"interaction":{"idSuffix":"inner"}},"clearTextFirst":true,"interactionType":"ENTER_TEXT"}]}
COMMAND: POST /session/08fad45ac65f529ba2de556ddf104458/element - {"using":"xpath","value":"//button[@data-kt=\"newYardSaveButton\"]"}
RESULT: {"using":"xpath","value":"//button[@data-kt=\"newYardSaveButton\"]"}
COMMAND: POST /session/08fad45ac65f529ba2de556ddf104458/element/f.9D9AE82FA30F8FEE8073C9435B3ECC9C.d.58BE095EC5493337CC7275B39FD8ABEA.e.699/click - {}
RESULT: {}
COMMAND: GET /session/08fad45ac65f529ba2de556ddf104458/screenshot - {}
RESULT: {}
COMMAND: POST /session/08fad45ac65f529ba2de556ddf104458/element - {"using":"xpath","value":"//header[contains(@id, 'ObjectPageLayout-headerTitle')]/div[1]/div[2]/div[1]/span[1]"}
RESULT: {"using":"xpath","value":"//header[contains(@id, 'ObjectPageLayout-headerTitle')]/div[1]/div[2]/div[1]/span[1]"}
COMMAND: POST /session/08fad45ac65f529ba2de556ddf104458/elements - {"using":"xpath","value":"//header[contains(@id, 'ObjectPageLayout-headerTitle')]/div[1]/div[2]/div[1]/span[1]"}
RESULT: {"using":"xpath","value":"//header[contains(@id, 'ObjectPageLayout-headerTitle')]/div[1]/div[2]/div[1]/span[1]"}
COMMAND: POST /session/08fad45ac65f529ba2de556ddf104458/execute/sync - {"script":"<script> [56 bytes]","args":[{"element-6066-11e4-a52e-4f735466cecf":"f.9D9AE82FA30F8FEE8073C9435B3ECC9C.d.58BE095EC5493337CC7275B39FD8ABEA.e.1028","ELEMENT":"f.9D9AE82FA30F8FEE8073C9435B3ECC9C.d.58BE095EC5493337CC7275B39FD8ABEA.e.1028"}]}
RESULT: {"script":"<script> [56 bytes]","args":[{"element-6066-11e4-a52e-4f735466cecf":"f.9D9AE82FA30F8FEE8073C9435B3ECC9C.d.58BE095EC5493337CC7275B39FD8ABEA.e.1028","ELEMENT":"f.9D9AE82FA30F8FEE8073C9435B3ECC9C.d.58BE095EC5493337CC7275B39FD8ABEA.e.1028"}]}
COMMAND: GET /session/08fad45ac65f529ba2de556ddf104458/screenshot - {}
RESULT: {}
COMMAND: POST /session/08fad45ac65f529ba2de556ddf104458/element - {"using":"css selector","value":"#shell-header-logo"}
RESULT: {"using":"css selector","value":"#shell-header-logo"}
COMMAND: POST /session/08fad45ac65f529ba2de556ddf104458/element/f.9D9AE82FA30F8FEE8073C9435B3ECC9C.d.58BE095EC5493337CC7275B39FD8ABEA.e.273/click - {}
RESULT: {}
COMMAND: GET /session/08fad45ac65f529ba2de556ddf104458/screenshot - {}
RESULT: {}
COMMAND: POST /session/08fad45ac65f529ba2de556ddf104458/execute/sync - {"script":"<script> [299 bytes]","args":[["getModel","getResource"]]}
RESULT: {"script":"<script> [299 bytes]","args":[["getModel","getResource"]]}
COMMAND: GET /session/08fad45ac65f529ba2de556ddf104458/screenshot - {}
]]></system-out>
    </testcase>
    <testcase classname="chrome.136_0_7103_93.windows.Create_condition_pricing_US117289_US134625" name="Should create a new equipment used for all following tests" time="130.665">
      <system-out><![CDATA[
COMMAND: POST /session/08fad45ac65f529ba2de556ddf104458/execute/async - {"script":"<script> [1562 bytes]","args":[{"selector":{"controlType":"sap.m.GenericTile","properties":{"header":"Manage Resources"}},"wdio_ui5_key":"sapm.GenericTile{\"header\":\"Manage Resources\"}"}]}
RESULT: {}
RESULT: {"script":"<script> [1562 bytes]","args":[{"selector":{"controlType":"sap.m.GenericTile","properties":{"header":"Manage Resources"}},"wdio_ui5_key":"sapm.GenericTile{\"header\":\"Manage Resources\"}"}]}
RESULT: undefined
COMMAND: POST /session/08fad45ac65f529ba2de556ddf104458/element - {"using":"xpath","value":"//*[@id=\"__tile39\"]"}
RESULT: {"using":"xpath","value":"//*[@id=\"__tile39\"]"}
COMMAND: POST /session/08fad45ac65f529ba2de556ddf104458/element/f.9D9AE82FA30F8FEE8073C9435B3ECC9C.d.58BE095EC5493337CC7275B39FD8ABEA.e.160/click - {}
RESULT: {}
COMMAND: GET /session/08fad45ac65f529ba2de556ddf104458/screenshot - {}
RESULT: {}
COMMAND: POST /session/08fad45ac65f529ba2de556ddf104458/elements - {"using":"xpath","value":"//span[text()='Error']"}
RESULT: {"using":"xpath","value":"//span[text()='Error']"}
COMMAND: POST /session/08fad45ac65f529ba2de556ddf104458/element - {"using":"xpath","value":"//button[@data-kt=\"addNewRUOverflowToolbarButton\"]"}
RESULT: {"using":"xpath","value":"//button[@data-kt=\"addNewRUOverflowToolbarButton\"]"}
COMMAND: POST /session/08fad45ac65f529ba2de556ddf104458/elements - {"using":"xpath","value":"//button[@data-kt=\"addNewRUOverflowToolbarButton\"]"}
RESULT: {"using":"xpath","value":"//button[@data-kt=\"addNewRUOverflowToolbarButton\"]"}
COMMAND: POST /session/08fad45ac65f529ba2de556ddf104458/execute/sync - {"script":"<script> [8489 bytes]","args":[{"element-6066-11e4-a52e-4f735466cecf":"f.9D9AE82FA30F8FEE8073C9435B3ECC9C.d.58BE095EC5493337CC7275B39FD8ABEA.e.1072","ELEMENT":"f.9D9AE82FA30F8FEE8073C9435B3ECC9C.d.58BE095EC5493337CC7275B39FD8ABEA.e.1072"}]}
RESULT: {"script":"<script> [8489 bytes]","args":[{"element-6066-11e4-a52e-4f735466cecf":"f.9D9AE82FA30F8FEE8073C9435B3ECC9C.d.58BE095EC5493337CC7275B39FD8ABEA.e.1072","ELEMENT":"f.9D9AE82FA30F8FEE8073C9435B3ECC9C.d.58BE095EC5493337CC7275B39FD8ABEA.e.1072"}]}
COMMAND: GET /session/08fad45ac65f529ba2de556ddf104458/element/f.9D9AE82FA30F8FEE8073C9435B3ECC9C.d.58BE095EC5493337CC7275B39FD8ABEA.e.1072/enabled - {}
COMMAND: GET /session/08fad45ac65f529ba2de556ddf104458/screenshot - {}
RESULT: {}
COMMAND: POST /session/08fad45ac65f529ba2de556ddf104458/execute/sync - {"script":"<script> [8489 bytes]","args":[{"element-6066-11e4-a52e-4f735466cecf":"f.9D9AE82FA30F8FEE8073C9435B3ECC9C.d.58BE095EC5493337CC7275B39FD8ABEA.e.1072","ELEMENT":"f.9D9AE82FA30F8FEE8073C9435B3ECC9C.d.58BE095EC5493337CC7275B39FD8ABEA.e.1072"}]}
COMMAND: GET /session/08fad45ac65f529ba2de556ddf104458/screenshot - {}
RESULT: {}
RESULT: {}
RESULT: {"script":"<script> [8489 bytes]","args":[{"element-6066-11e4-a52e-4f735466cecf":"f.9D9AE82FA30F8FEE8073C9435B3ECC9C.d.58BE095EC5493337CC7275B39FD8ABEA.e.1072","ELEMENT":"f.9D9AE82FA30F8FEE8073C9435B3ECC9C.d.58BE095EC5493337CC7275B39FD8ABEA.e.1072"}]}
COMMAND: POST /session/08fad45ac65f529ba2de556ddf104458/execute/sync - {"script":"<script> [5351 bytes]","args":[{"element-6066-11e4-a52e-4f735466cecf":"f.9D9AE82FA30F8FEE8073C9435B3ECC9C.d.58BE095EC5493337CC7275B39FD8ABEA.e.1072","ELEMENT":"f.9D9AE82FA30F8FEE8073C9435B3ECC9C.d.58BE095EC5493337CC7275B39FD8ABEA.e.1072"}]}
COMMAND: GET /session/08fad45ac65f529ba2de556ddf104458/screenshot - {}
RESULT: {"script":"<script> [5351 bytes]","args":[{"element-6066-11e4-a52e-4f735466cecf":"f.9D9AE82FA30F8FEE8073C9435B3ECC9C.d.58BE095EC5493337CC7275B39FD8ABEA.e.1072","ELEMENT":"f.9D9AE82FA30F8FEE8073C9435B3ECC9C.d.58BE095EC5493337CC7275B39FD8ABEA.e.1072"}]}
COMMAND: POST /session/08fad45ac65f529ba2de556ddf104458/element/f.9D9AE82FA30F8FEE8073C9435B3ECC9C.d.58BE095EC5493337CC7275B39FD8ABEA.e.1072/click - {}
COMMAND: GET /session/08fad45ac65f529ba2de556ddf104458/screenshot - {}
RESULT: {}
RESULT: {}
COMMAND: GET /session/08fad45ac65f529ba2de556ddf104458/screenshot - {}
RESULT: {}
RESULT: {}
COMMAND: POST /session/08fad45ac65f529ba2de556ddf104458/execute/async - {"script":"<script> [1562 bytes]","args":[{"selector":{"id":"application-manageresources-display-component---newResourceUnit--TYPE-arrow"},"wdio_ui5_key":"applicationmanageresources-display-component---newResourceUnit--TYPE-arrow"}]}
RESULT: {"script":"<script> [1562 bytes]","args":[{"selector":{"id":"application-manageresources-display-component---newResourceUnit--TYPE-arrow"},"wdio_ui5_key":"applicationmanageresources-display-component---newResourceUnit--TYPE-arrow"}]}
RESULT: undefined
COMMAND: POST /session/08fad45ac65f529ba2de556ddf104458/element - {"using":"xpath","value":"//*[@id=\"application-manageresources-display-component---newResourceUnit--TYPE-arrow\"]"}
RESULT: {"using":"xpath","value":"//*[@id=\"application-manageresources-display-component---newResourceUnit--TYPE-arrow\"]"}
COMMAND: POST /session/08fad45ac65f529ba2de556ddf104458/element/f.9D9AE82FA30F8FEE8073C9435B3ECC9C.d.58BE095EC5493337CC7275B39FD8ABEA.e.1421/click - {}
RESULT: {}
COMMAND: POST /session/08fad45ac65f529ba2de556ddf104458/element - {"using":"xpath","value":"//input[@id=\"application-manageresources-display-component---newResourceUnit--TYPE-inner\"]"}
COMMAND: GET /session/08fad45ac65f529ba2de556ddf104458/screenshot - {}
RESULT: {"using":"xpath","value":"//input[@id=\"application-manageresources-display-component---newResourceUnit--TYPE-inner\"]"}
COMMAND: POST /session/08fad45ac65f529ba2de556ddf104458/element/f.9D9AE82FA30F8FEE8073C9435B3ECC9C.d.58BE095EC5493337CC7275B39FD8ABEA.e.1414/clear - {}
RESULT: {}
RESULT: {}
COMMAND: POST /session/08fad45ac65f529ba2de556ddf104458/element/f.9D9AE82FA30F8FEE8073C9435B3ECC9C.d.58BE095EC5493337CC7275B39FD8ABEA.e.1414/value - {"text":"Equipment"}
COMMAND: GET /session/08fad45ac65f529ba2de556ddf104458/screenshot - {}
RESULT: {"text":"Equipment"}
COMMAND: GET /session/08fad45ac65f529ba2de556ddf104458/screenshot - {}
RESULT: {}
RESULT: {}
COMMAND: POST /session/08fad45ac65f529ba2de556ddf104458/actions - {"actions":[{"id":"action2","type":"key","parameters":{},"actions":[{"type":"keyDown","value":"î€‡"},{"type":"pause","duration":10},{"type":"keyUp","value":"î€‡"}]}]}
RESULT: {"actions":[{"id":"action2","type":"key","parameters":{},"actions":[{"type":"keyDown","value":"î€‡"},{"type":"pause","duration":10},{"type":"keyUp","value":"î€‡"}]}]}
COMMAND: POST /session/08fad45ac65f529ba2de556ddf104458/execute/async - {"script":"<script> [1562 bytes]","args":[{"selector":{"id":"application-manageresources-display-component---newResourceUnit--resourceId","interaction":{"idSuffix":"inner"}},"wdio_ui5_key":"applicationmanageresources-display-component---newResourceUnit--resourceId"}]}
COMMAND: GET /session/08fad45ac65f529ba2de556ddf104458/screenshot - {}
RESULT: {"script":"<script> [1562 bytes]","args":[{"selector":{"id":"application-manageresources-display-component---newResourceUnit--resourceId","interaction":{"idSuffix":"inner"}},"wdio_ui5_key":"applicationmanageresources-display-component---newResourceUnit--resourceId"}]}
RESULT: undefined
COMMAND: POST /session/08fad45ac65f529ba2de556ddf104458/execute/async - {"script":"<script> [776 bytes]","args":[{"enterText":"QWOevSJ4mF","selector":{"id":"application-manageresources-display-component---newResourceUnit--resourceId","interaction":{"idSuffix":"inner"}},"clearTextFirst":true,"interactionType":"ENTER_TEXT"}]}
RESULT: {}
RESULT: {"script":"<script> [776 bytes]","args":[{"enterText":"QWOevSJ4mF","selector":{"id":"application-manageresources-display-component---newResourceUnit--resourceId","interaction":{"idSuffix":"inner"}},"clearTextFirst":true,"interactionType":"ENTER_TEXT"}]}
COMMAND: POST /session/08fad45ac65f529ba2de556ddf104458/execute/async - {"script":"<script> [1562 bytes]","args":[{"selector":{"id":"application-manageresources-display-component---newResourceUnit--SHORT_TEXT","interaction":{"idSuffix":"inner"}},"wdio_ui5_key":"applicationmanageresources-display-component---newResourceUnit--SHORT_TEXT"}]}
RESULT: {"script":"<script> [1562 bytes]","args":[{"selector":{"id":"application-manageresources-display-component---newResourceUnit--SHORT_TEXT","interaction":{"idSuffix":"inner"}},"wdio_ui5_key":"applicationmanageresources-display-component---newResourceUnit--SHORT_TEXT"}]}
RESULT: undefined
COMMAND: POST /session/08fad45ac65f529ba2de556ddf104458/execute/async - {"script":"<script> [776 bytes]","args":[{"enterText":"Intercompany Equipment WDIO","selector":{"id":"application-manageresources-display-component---newResourceUnit--SHORT_TEXT","interaction":{"idSuffix":"inner"}},"clearTextFirst":true,"interactionType":"ENTER_TEXT"}]}
RESULT: {"script":"<script> [776 bytes]","args":[{"enterText":"Intercompany Equipment WDIO","selector":{"id":"application-manageresources-display-component---newResourceUnit--SHORT_TEXT","interaction":{"idSuffix":"inner"}},"clearTextFirst":true,"interactionType":"ENTER_TEXT"}]}
COMMAND: POST /session/08fad45ac65f529ba2de556ddf104458/execute/async - {"script":"<script> [1562 bytes]","args":[{"selector":{"id":"application-manageresources-display-component---newResourceUnit--BASE_UNIT_OF_MEASURE","interaction":{"idSuffix":"inner"}},"wdio_ui5_key":"applicationmanageresources-display-component---newResourceUnit--BASE_UNIT_OF_MEASURE"}]}
RESULT: {"script":"<script> [1562 bytes]","args":[{"selector":{"id":"application-manageresources-display-component---newResourceUnit--BASE_UNIT_OF_MEASURE","interaction":{"idSuffix":"inner"}},"wdio_ui5_key":"applicationmanageresources-display-component---newResourceUnit--BASE_UNIT_OF_MEASURE"}]}
RESULT: undefined
COMMAND: POST /session/08fad45ac65f529ba2de556ddf104458/execute/async - {"script":"<script> [776 bytes]","args":[{"enterText":"Piece","selector":{"id":"application-manageresources-display-component---newResourceUnit--BASE_UNIT_OF_MEASURE","interaction":{"idSuffix":"inner"}},"clearTextFirst":true,"interactionType":"ENTER_TEXT"}]}
RESULT: {"script":"<script> [776 bytes]","args":[{"enterText":"Piece","selector":{"id":"application-manageresources-display-component---newResourceUnit--BASE_UNIT_OF_MEASURE","interaction":{"idSuffix":"inner"}},"clearTextFirst":true,"interactionType":"ENTER_TEXT"}]}
COMMAND: POST /session/08fad45ac65f529ba2de556ddf104458/execute/async - {"script":"<script> [1562 bytes]","args":[{"selector":{"id":"application-manageresources-display-component---newResourceUnit--WEIGHT_UNIT","interaction":{"idSuffix":"inner"}},"wdio_ui5_key":"applicationmanageresources-display-component---newResourceUnit--WEIGHT_UNIT"}]}
RESULT: {"script":"<script> [1562 bytes]","args":[{"selector":{"id":"application-manageresources-display-component---newResourceUnit--WEIGHT_UNIT","interaction":{"idSuffix":"inner"}},"wdio_ui5_key":"applicationmanageresources-display-component---newResourceUnit--WEIGHT_UNIT"}]}
RESULT: undefined
COMMAND: POST /session/08fad45ac65f529ba2de556ddf104458/execute/async - {"script":"<script> [776 bytes]","args":[{"enterText":"Gram","selector":{"id":"application-manageresources-display-component---newResourceUnit--WEIGHT_UNIT","interaction":{"idSuffix":"inner"}},"clearTextFirst":true,"interactionType":"ENTER_TEXT"}]}
RESULT: {"script":"<script> [776 bytes]","args":[{"enterText":"Gram","selector":{"id":"application-manageresources-display-component---newResourceUnit--WEIGHT_UNIT","interaction":{"idSuffix":"inner"}},"clearTextFirst":true,"interactionType":"ENTER_TEXT"}]}
COMMAND: POST /session/08fad45ac65f529ba2de556ddf104458/execute/async - {"script":"<script> [1562 bytes]","args":[{"selector":{"id":"application-manageresources-display-component---newResourceUnit--DIMENSION_UNIT","interaction":{"idSuffix":"inner"}},"wdio_ui5_key":"applicationmanageresources-display-component---newResourceUnit--DIMENSION_UNIT"}]}
RESULT: {"script":"<script> [1562 bytes]","args":[{"selector":{"id":"application-manageresources-display-component---newResourceUnit--DIMENSION_UNIT","interaction":{"idSuffix":"inner"}},"wdio_ui5_key":"applicationmanageresources-display-component---newResourceUnit--DIMENSION_UNIT"}]}
RESULT: undefined
COMMAND: POST /session/08fad45ac65f529ba2de556ddf104458/execute/async - {"script":"<script> [776 bytes]","args":[{"enterText":"Meter","selector":{"id":"application-manageresources-display-component---newResourceUnit--DIMENSION_UNIT","interaction":{"idSuffix":"inner"}},"clearTextFirst":true,"interactionType":"ENTER_TEXT"}]}
RESULT: {"script":"<script> [776 bytes]","args":[{"enterText":"Meter","selector":{"id":"application-manageresources-display-component---newResourceUnit--DIMENSION_UNIT","interaction":{"idSuffix":"inner"}},"clearTextFirst":true,"interactionType":"ENTER_TEXT"}]}
COMMAND: POST /session/08fad45ac65f529ba2de556ddf104458/execute/async - {"script":"<script> [1562 bytes]","args":[{"selector":{"id":"application-manageresources-display-component---newResourceUnit--newRRUPage-anchBar-application-manageresources-display-component---newResourceUnit--control-anchor","interaction":{"idSuffix":"BDI-content"}},"wdio_ui5_key":"applicationmanageresources-display-component---newResourceUnit--newRRUPage-anchBar-application-manageresources-display-component---newResourceUnit--control-anchor"}]}
RESULT: {"script":"<script> [1562 bytes]","args":[{"selector":{"id":"application-manageresources-display-component---newResourceUnit--newRRUPage-anchBar-application-manageresources-display-component---newResourceUnit--control-anchor","interaction":{"idSuffix":"BDI-content"}},"wdio_ui5_key":"applicationmanageresources-display-component---newResourceUnit--newRRUPage-anchBar-application-manageresources-display-component---newResourceUnit--control-anchor"}]}
RESULT: undefined
COMMAND: POST /session/08fad45ac65f529ba2de556ddf104458/element - {"using":"xpath","value":"//*[@id=\"application-manageresources-display-component---newResourceUnit--newRRUPage-anchBar-application-manageresources-display-component---newResourceUnit--control-anchor\"]"}
RESULT: {"using":"xpath","value":"//*[@id=\"application-manageresources-display-component---newResourceUnit--newRRUPage-anchBar-application-manageresources-display-component---newResourceUnit--control-anchor\"]"}
COMMAND: POST /session/08fad45ac65f529ba2de556ddf104458/element/f.9D9AE82FA30F8FEE8073C9435B3ECC9C.d.58BE095EC5493337CC7275B39FD8ABEA.e.1551/click - {}
RESULT: {}
COMMAND: POST /session/08fad45ac65f529ba2de556ddf104458/execute/async - {"script":"<script> [1562 bytes]","args":[{"selector":{"id":"application-manageresources-display-component---newResourceUnit--PLANNING_GROUP","interaction":{"idSuffix":"inner"}},"wdio_ui5_key":"applicationmanageresources-display-component---newResourceUnit--PLANNING_GROUP"}]}
COMMAND: GET /session/08fad45ac65f529ba2de556ddf104458/screenshot - {}
RESULT: {"script":"<script> [1562 bytes]","args":[{"selector":{"id":"application-manageresources-display-component---newResourceUnit--PLANNING_GROUP","interaction":{"idSuffix":"inner"}},"wdio_ui5_key":"applicationmanageresources-display-component---newResourceUnit--PLANNING_GROUP"}]}
RESULT: undefined
COMMAND: POST /session/08fad45ac65f529ba2de556ddf104458/execute/async - {"script":"<script> [776 bytes]","args":[{"enterText":"Heavy Equi","selector":{"id":"application-manageresources-display-component---newResourceUnit--PLANNING_GROUP","interaction":{"idSuffix":"inner"}},"clearTextFirst":true,"interactionType":"ENTER_TEXT"}]}
RESULT: {}
RESULT: {"script":"<script> [776 bytes]","args":[{"enterText":"Heavy Equi","selector":{"id":"application-manageresources-display-component---newResourceUnit--PLANNING_GROUP","interaction":{"idSuffix":"inner"}},"clearTextFirst":true,"interactionType":"ENTER_TEXT"}]}
COMMAND: POST /session/08fad45ac65f529ba2de556ddf104458/execute/async - {"script":"<script> [1562 bytes]","args":[{"selector":{"id":"application-manageresources-display-component---newResourceUnit--ITEM_TYPE-arrow"},"wdio_ui5_key":"applicationmanageresources-display-component---newResourceUnit--ITEM_TYPE-arrow"}]}
RESULT: {"script":"<script> [1562 bytes]","args":[{"selector":{"id":"application-manageresources-display-component---newResourceUnit--ITEM_TYPE-arrow"},"wdio_ui5_key":"applicationmanageresources-display-component---newResourceUnit--ITEM_TYPE-arrow"}]}
RESULT: undefined
COMMAND: POST /session/08fad45ac65f529ba2de556ddf104458/element - {"using":"xpath","value":"//*[@id=\"application-manageresources-display-component---newResourceUnit--ITEM_TYPE-arrow\"]"}
RESULT: {"using":"xpath","value":"//*[@id=\"application-manageresources-display-component---newResourceUnit--ITEM_TYPE-arrow\"]"}
COMMAND: POST /session/08fad45ac65f529ba2de556ddf104458/element/f.9D9AE82FA30F8FEE8073C9435B3ECC9C.d.58BE095EC5493337CC7275B39FD8ABEA.e.1558/click - {}
RESULT: {}
COMMAND: POST /session/08fad45ac65f529ba2de556ddf104458/element - {"using":"xpath","value":"(//span[contains(text(), \"Resource Unit\")])[2]"}
COMMAND: GET /session/08fad45ac65f529ba2de556ddf104458/screenshot - {}
RESULT: {"using":"xpath","value":"(//span[contains(text(), \"Resource Unit\")])[2]"}
COMMAND: POST /session/08fad45ac65f529ba2de556ddf104458/element/f.9D9AE82FA30F8FEE8073C9435B3ECC9C.d.58BE095EC5493337CC7275B39FD8ABEA.e.1559/click - {}
RESULT: {}
RESULT: {}
COMMAND: GET /session/08fad45ac65f529ba2de556ddf104458/screenshot - {}
RESULT: {}
COMMAND: POST /session/08fad45ac65f529ba2de556ddf104458/element - {"using":"css selector","value":"#application-manageresources-display-component---newResourceUnit--btnAddTimeSegment"}
RESULT: {"using":"css selector","value":"#application-manageresources-display-component---newResourceUnit--btnAddTimeSegment"}
COMMAND: GET /session/08fad45ac65f529ba2de556ddf104458/element/f.9D9AE82FA30F8FEE8073C9435B3ECC9C.d.58BE095EC5493337CC7275B39FD8ABEA.e.1560/rect - {}
RESULT: {}
COMMAND: GET /session/08fad45ac65f529ba2de556ddf104458/window/rect - {}
RESULT: {}
COMMAND: POST /session/08fad45ac65f529ba2de556ddf104458/execute/sync - {"script":"<script> [92 bytes]","args":[]}
RESULT: {"script":"<script> [92 bytes]","args":[]}
COMMAND: POST /session/08fad45ac65f529ba2de556ddf104458/actions - {"actions":[{"id":"action3","type":"wheel","parameters":{},"actions":[{"type":"scroll","x":-1888,"y":-32,"deltaX":0,"deltaY":0,"duration":0,"origin":{"element-6066-11e4-a52e-4f735466cecf":"f.9D9AE82FA30F8FEE8073C9435B3ECC9C.d.58BE095EC5493337CC7275B39FD8ABEA.e.1560"}}]}]}
COMMAND: GET /session/08fad45ac65f529ba2de556ddf104458/screenshot - {}
RESULT: {}
COMMAND: POST /session/08fad45ac65f529ba2de556ddf104458/execute/sync - {"script":"<script> [79 bytes]","args":[{"element-6066-11e4-a52e-4f735466cecf":"f.9D9AE82FA30F8FEE8073C9435B3ECC9C.d.58BE095EC5493337CC7275B39FD8ABEA.e.1560","ELEMENT":"f.9D9AE82FA30F8FEE8073C9435B3ECC9C.d.58BE095EC5493337CC7275B39FD8ABEA.e.1560"},{"block":"start","inline":"nearest"}]}
RESULT: {"script":"<script> [79 bytes]","args":[{"element-6066-11e4-a52e-4f735466cecf":"f.9D9AE82FA30F8FEE8073C9435B3ECC9C.d.58BE095EC5493337CC7275B39FD8ABEA.e.1560","ELEMENT":"f.9D9AE82FA30F8FEE8073C9435B3ECC9C.d.58BE095EC5493337CC7275B39FD8ABEA.e.1560"},{"block":"start","inline":"nearest"}]}
COMMAND: POST /session/08fad45ac65f529ba2de556ddf104458/execute/async - {"script":"<script> [1562 bytes]","args":[{"selector":{"id":"application-manageresources-display-component---newResourceUnit--btnAddTimeSegment","interaction":{"idSuffix":"inner"}},"wdio_ui5_key":"applicationmanageresources-display-component---newResourceUnit--btnAddTimeSegment"}]}
COMMAND: GET /session/08fad45ac65f529ba2de556ddf104458/screenshot - {}
RESULT: {"script":"<script> [1562 bytes]","args":[{"selector":{"id":"application-manageresources-display-component---newResourceUnit--btnAddTimeSegment","interaction":{"idSuffix":"inner"}},"wdio_ui5_key":"applicationmanageresources-display-component---newResourceUnit--btnAddTimeSegment"}]}
RESULT: undefined
COMMAND: POST /session/08fad45ac65f529ba2de556ddf104458/element - {"using":"xpath","value":"//*[@id=\"application-manageresources-display-component---newResourceUnit--btnAddTimeSegment\"]"}
RESULT: {}
RESULT: {"using":"xpath","value":"//*[@id=\"application-manageresources-display-component---newResourceUnit--btnAddTimeSegment\"]"}
COMMAND: POST /session/08fad45ac65f529ba2de556ddf104458/element/f.9D9AE82FA30F8FEE8073C9435B3ECC9C.d.58BE095EC5493337CC7275B39FD8ABEA.e.1560/click - {}
RESULT: {}
COMMAND: GET /session/08fad45ac65f529ba2de556ddf104458/screenshot - {}
RESULT: {}
COMMAND: POST /session/08fad45ac65f529ba2de556ddf104458/element - {"using":"xpath","value":"//input[@id=\"application-manageresources-display-component---newResourceUnit--idRuTSAdmin-application-manageresources-display-component---newResourceUnit--RUTimeSegment-0-inner\"]"}
RESULT: {"using":"xpath","value":"//input[@id=\"application-manageresources-display-component---newResourceUnit--idRuTSAdmin-application-manageresources-display-component---newResourceUnit--RUTimeSegment-0-inner\"]"}
COMMAND: POST /session/08fad45ac65f529ba2de556ddf104458/element/f.9D9AE82FA30F8FEE8073C9435B3ECC9C.d.58BE095EC5493337CC7275B39FD8ABEA.e.1566/clear - {}
RESULT: {}
COMMAND: POST /session/08fad45ac65f529ba2de556ddf104458/element/f.9D9AE82FA30F8FEE8073C9435B3ECC9C.d.58BE095EC5493337CC7275B39FD8ABEA.e.1566/value - {"text":"597"}
COMMAND: GET /session/08fad45ac65f529ba2de556ddf104458/screenshot - {}
RESULT: {"text":"597"}
COMMAND: GET /session/08fad45ac65f529ba2de556ddf104458/screenshot - {}
RESULT: {}
RESULT: {}
COMMAND: POST /session/08fad45ac65f529ba2de556ddf104458/element - {"using":"xpath","value":"//li[.//span[text()='597']]"}
RESULT: {"using":"xpath","value":"//li[.//span[text()='597']]"}
COMMAND: POST /session/08fad45ac65f529ba2de556ddf104458/element/f.9D9AE82FA30F8FEE8073C9435B3ECC9C.d.58BE095EC5493337CC7275B39FD8ABEA.e.1578/click - {}
RESULT: {}
COMMAND: GET /session/08fad45ac65f529ba2de556ddf104458/screenshot - {}
RESULT: {}
COMMAND: POST /session/08fad45ac65f529ba2de556ddf104458/element - {"using":"xpath","value":"(//span[contains(@id, \"-application-manageresources-display-component---newResourceUnit--RUTimeSegment-0-arrow\")])[6]"}
RESULT: {"using":"xpath","value":"(//span[contains(@id, \"-application-manageresources-display-component---newResourceUnit--RUTimeSegment-0-arrow\")])[6]"}
COMMAND: POST /session/08fad45ac65f529ba2de556ddf104458/element/f.9D9AE82FA30F8FEE8073C9435B3ECC9C.d.58BE095EC5493337CC7275B39FD8ABEA.e.1579/click - {}
RESULT: {}
COMMAND: GET /session/08fad45ac65f529ba2de556ddf104458/screenshot - {}
RESULT: {}
COMMAND: POST /session/08fad45ac65f529ba2de556ddf104458/element - {"using":"xpath","value":"//span[contains(text(), \"PM Order\")]"}
RESULT: {"using":"xpath","value":"//span[contains(text(), \"PM Order\")]"}
COMMAND: POST /session/08fad45ac65f529ba2de556ddf104458/element/f.9D9AE82FA30F8FEE8073C9435B3ECC9C.d.58BE095EC5493337CC7275B39FD8ABEA.e.1582/click - {}
RESULT: {}
COMMAND: GET /session/08fad45ac65f529ba2de556ddf104458/screenshot - {}
RESULT: {}
COMMAND: POST /session/08fad45ac65f529ba2de556ddf104458/element - {"using":"xpath","value":"(//span[contains(@id ,\"manageresources-display-component---newResourceUnit--RUTimeSegment-0-vhi\")])[1]"}
RESULT: {"using":"xpath","value":"(//span[contains(@id ,\"manageresources-display-component---newResourceUnit--RUTimeSegment-0-vhi\")])[1]"}
COMMAND: GET /session/08fad45ac65f529ba2de556ddf104458/element/f.9D9AE82FA30F8FEE8073C9435B3ECC9C.d.58BE095EC5493337CC7275B39FD8ABEA.e.1586/rect - {}
RESULT: {}
COMMAND: GET /session/08fad45ac65f529ba2de556ddf104458/window/rect - {}
RESULT: {}
COMMAND: POST /session/08fad45ac65f529ba2de556ddf104458/execute/sync - {"script":"<script> [92 bytes]","args":[]}
RESULT: {"script":"<script> [92 bytes]","args":[]}
COMMAND: POST /session/08fad45ac65f529ba2de556ddf104458/actions - {"actions":[{"id":"action4","type":"wheel","parameters":{},"actions":[{"type":"scroll","x":-869,"y":-24,"deltaX":0,"deltaY":0,"duration":0,"origin":{"element-6066-11e4-a52e-4f735466cecf":"f.9D9AE82FA30F8FEE8073C9435B3ECC9C.d.58BE095EC5493337CC7275B39FD8ABEA.e.1586"}}]}]}
COMMAND: GET /session/08fad45ac65f529ba2de556ddf104458/screenshot - {}
RESULT: {"actions":[{"id":"action4","type":"wheel","parameters":{},"actions":[{"type":"scroll","x":-869,"y":-24,"deltaX":0,"deltaY":0,"duration":0,"origin":{"element-6066-11e4-a52e-4f735466cecf":"f.9D9AE82FA30F8FEE8073C9435B3ECC9C.d.58BE095EC5493337CC7275B39FD8ABEA.e.1586"}}]}]}
COMMAND: DELETE /session/08fad45ac65f529ba2de556ddf104458/actions - {}
COMMAND: GET /session/08fad45ac65f529ba2de556ddf104458/screenshot - {}
RESULT: {}
RESULT: {}
COMMAND: GET /session/08fad45ac65f529ba2de556ddf104458/screenshot - {}
RESULT: {}
RESULT: {}
COMMAND: POST /session/08fad45ac65f529ba2de556ddf104458/element/f.9D9AE82FA30F8FEE8073C9435B3ECC9C.d.58BE095EC5493337CC7275B39FD8ABEA.e.1586/click - {}
RESULT: {}
COMMAND: GET /session/08fad45ac65f529ba2de556ddf104458/screenshot - {}
RESULT: {}
RESULT: undefined
COMMAND: POST /session/08fad45ac65f529ba2de556ddf104458/execute/async - {"script":"<script> [776 bytes]","args":[{"enterText":"4000360","selector":{"controlType":"sap.m.SearchField","properties":{"placeholder":"Search"},"searchOpenDialogs":true,"interaction":{"idSuffix":"I"}},"clearTextFirst":true,"interactionType":"ENTER_TEXT"}]}
RESULT: {"script":"<script> [776 bytes]","args":[{"enterText":"4000360","selector":{"controlType":"sap.m.SearchField","properties":{"placeholder":"Search"},"searchOpenDialogs":true,"interaction":{"idSuffix":"I"}},"clearTextFirst":true,"interactionType":"ENTER_TEXT"}]}
COMMAND: POST /session/08fad45ac65f529ba2de556ddf104458/actions - {"actions":[{"id":"action5","type":"key","parameters":{},"actions":[{"type":"keyDown","value":"î€‡"},{"type":"pause","duration":10},{"type":"keyUp","value":"î€‡"}]}]}
RESULT: {"actions":[{"id":"action5","type":"key","parameters":{},"actions":[{"type":"keyDown","value":"î€‡"},{"type":"pause","duration":10},{"type":"keyUp","value":"î€‡"}]}]}
COMMAND: GET /session/08fad45ac65f529ba2de556ddf104458/screenshot - {}
RESULT: {}
COMMAND: POST /session/08fad45ac65f529ba2de556ddf104458/element - {"using":"xpath","value":"//td/div/span[contains(text(), \"BGL Vehicles\")]"}
RESULT: {"using":"xpath","value":"//td/div/span[contains(text(), \"BGL Vehicles\")]"}
COMMAND: POST /session/08fad45ac65f529ba2de556ddf104458/element/f.9D9AE82FA30F8FEE8073C9435B3ECC9C.d.58BE095EC5493337CC7275B39FD8ABEA.e.1606/click - {}
RESULT: {}
COMMAND: GET /session/08fad45ac65f529ba2de556ddf104458/screenshot - {}
RESULT: {}
COMMAND: POST /session/08fad45ac65f529ba2de556ddf104458/element - {"using":"xpath","value":"//bdi[contains(text(), \"OK\")]"}
RESULT: {"using":"xpath","value":"//bdi[contains(text(), \"OK\")]"}
COMMAND: POST /session/08fad45ac65f529ba2de556ddf104458/element/f.9D9AE82FA30F8FEE8073C9435B3ECC9C.d.58BE095EC5493337CC7275B39FD8ABEA.e.1607/click - {}
RESULT: {}
COMMAND: GET /session/08fad45ac65f529ba2de556ddf104458/screenshot - {}
RESULT: {}
COMMAND: POST /session/08fad45ac65f529ba2de556ddf104458/execute/async - {"script":"<script> [1562 bytes]","args":[{"selector":{"id":"application-manageresources-display-component---newResourceUnit--newRRUPage-anchBar-application-manageresources-display-component---newResourceUnit--resource-anchor","interaction":{"idSuffix":"BDI-content"}},"wdio_ui5_key":"applicationmanageresources-display-component---newResourceUnit--newRRUPage-anchBar-application-manageresources-display-component---newResourceUnit--resource-anchor"}]}
RESULT: {"script":"<script> [1562 bytes]","args":[{"selector":{"id":"application-manageresources-display-component---newResourceUnit--newRRUPage-anchBar-application-manageresources-display-component---newResourceUnit--resource-anchor","interaction":{"idSuffix":"BDI-content"}},"wdio_ui5_key":"applicationmanageresources-display-component---newResourceUnit--newRRUPage-anchBar-application-manageresources-display-component---newResourceUnit--resource-anchor"}]}
RESULT: undefined
COMMAND: POST /session/08fad45ac65f529ba2de556ddf104458/element - {"using":"xpath","value":"//*[@id=\"application-manageresources-display-component---newResourceUnit--newRRUPage-anchBar-application-manageresources-display-component---newResourceUnit--resource-anchor\"]"}
RESULT: {"using":"xpath","value":"//*[@id=\"application-manageresources-display-component---newResourceUnit--newRRUPage-anchBar-application-manageresources-display-component---newResourceUnit--resource-anchor\"]"}
COMMAND: POST /session/08fad45ac65f529ba2de556ddf104458/element/f.9D9AE82FA30F8FEE8073C9435B3ECC9C.d.58BE095EC5493337CC7275B39FD8ABEA.e.1611/click - {}
RESULT: {}
COMMAND: POST /session/08fad45ac65f529ba2de556ddf104458/execute/async - {"script":"<script> [1562 bytes]","args":[{"selector":{"id":"application-manageresources-display-component---newResourceUnit--PLANNED_DELIVERY_DATE","interaction":{"idSuffix":"inner"}},"wdio_ui5_key":"applicationmanageresources-display-component---newResourceUnit--PLANNED_DELIVERY_DATE"}]}
COMMAND: GET /session/08fad45ac65f529ba2de556ddf104458/screenshot - {}
RESULT: {"script":"<script> [1562 bytes]","args":[{"selector":{"id":"application-manageresources-display-component---newResourceUnit--PLANNED_DELIVERY_DATE","interaction":{"idSuffix":"inner"}},"wdio_ui5_key":"applicationmanageresources-display-component---newResourceUnit--PLANNED_DELIVERY_DATE"}]}
RESULT: undefined
COMMAND: POST /session/08fad45ac65f529ba2de556ddf104458/execute/async - {"script":"<script> [6424 bytes]","args":[{"element-6066-11e4-a52e-4f735466cecf":"f.9D9AE82FA30F8FEE8073C9435B3ECC9C.d.58BE095EC5493337CC7275B39FD8ABEA.e.1476"},"setValue",["5/20/25"]]}
RESULT: {}
RESULT: {"script":"<script> [6424 bytes]","args":[{"element-6066-11e4-a52e-4f735466cecf":"f.9D9AE82FA30F8FEE8073C9435B3ECC9C.d.58BE095EC5493337CC7275B39FD8ABEA.e.1476"},"setValue",["5/20/25"]]}
COMMAND: POST /session/08fad45ac65f529ba2de556ddf104458/element - {"using":"xpath","value":"//label[contains(@class, 'sapMLabelRequired') and .//bdi[contains(text(), 'Planned Retirement')]]"}
RESULT: {"using":"xpath","value":"//label[contains(@class, 'sapMLabelRequired') and .//bdi[contains(text(), 'Planned Retirement')]]"}
COMMAND: POST /session/08fad45ac65f529ba2de556ddf104458/elements - {"using":"xpath","value":"//label[contains(@class, 'sapMLabelRequired') and .//bdi[contains(text(), 'Planned Retirement')]]"}
RESULT: {"using":"xpath","value":"//label[contains(@class, 'sapMLabelRequired') and .//bdi[contains(text(), 'Planned Retirement')]]"}
COMMAND: POST /session/08fad45ac65f529ba2de556ddf104458/element - {"using":"xpath","value":"//button[@data-kt=\"resourceUnitSaveButton\"]"}
RESULT: {"using":"xpath","value":"//button[@data-kt=\"resourceUnitSaveButton\"]"}
COMMAND: POST /session/08fad45ac65f529ba2de556ddf104458/element/f.9D9AE82FA30F8FEE8073C9435B3ECC9C.d.58BE095EC5493337CC7275B39FD8ABEA.e.1437/click - {}
RESULT: {}
COMMAND: GET /session/08fad45ac65f529ba2de556ddf104458/screenshot - {}
RESULT: {}
COMMAND: POST /session/08fad45ac65f529ba2de556ddf104458/element - {"using":"xpath","value":"//bdi[contains(text(), \"Close\")]"}
RESULT: {"using":"xpath","value":"//bdi[contains(text(), \"Close\")]"}
COMMAND: POST /session/08fad45ac65f529ba2de556ddf104458/element/f.9D9AE82FA30F8FEE8073C9435B3ECC9C.d.58BE095EC5493337CC7275B39FD8ABEA.e.1619/click - {}
RESULT: {}
COMMAND: GET /session/08fad45ac65f529ba2de556ddf104458/screenshot - {}
RESULT: {}
COMMAND: POST /session/08fad45ac65f529ba2de556ddf104458/element - {"using":"xpath","value":"(//button[contains(@id ,\"actionsToolbar-overflowButton\")])[1]"}
RESULT: {"using":"xpath","value":"(//button[contains(@id ,\"actionsToolbar-overflowButton\")])[1]"}
COMMAND: POST /session/08fad45ac65f529ba2de556ddf104458/element/f.9D9AE82FA30F8FEE8073C9435B3ECC9C.d.58BE095EC5493337CC7275B39FD8ABEA.e.1651/click - {}
RESULT: {}
COMMAND: GET /session/08fad45ac65f529ba2de556ddf104458/screenshot - {}
RESULT: {}
COMMAND: POST /session/08fad45ac65f529ba2de556ddf104458/element - {"using":"xpath","value":"//button[@data-kt=\"priceInfoButton\"]"}
RESULT: {"using":"xpath","value":"//button[@data-kt=\"priceInfoButton\"]"}
COMMAND: POST /session/08fad45ac65f529ba2de556ddf104458/element/f.9D9AE82FA30F8FEE8073C9435B3ECC9C.d.58BE095EC5493337CC7275B39FD8ABEA.e.1653/click - {}
RESULT: {}
COMMAND: GET /session/08fad45ac65f529ba2de556ddf104458/screenshot - {}
RESULT: {}
COMMAND: POST /session/08fad45ac65f529ba2de556ddf104458/element - {"using":"css selector","value":"#shell-header-logo"}
RESULT: {"using":"css selector","value":"#shell-header-logo"}
COMMAND: POST /session/08fad45ac65f529ba2de556ddf104458/element/f.9D9AE82FA30F8FEE8073C9435B3ECC9C.d.58BE095EC5493337CC7275B39FD8ABEA.e.1033/click - {}
RESULT: {}
]]></system-out>
    </testcase>
    <testcase classname="chrome.136_0_7103_93.windows.Create_condition_pricing_US117289_US134625" name="Should create new condition" time="65.217">
      <system-out><![CDATA[
COMMAND: POST /session/08fad45ac65f529ba2de556ddf104458/execute/async - {"script":"<script> [1562 bytes]","args":[{"selector":{"controlType":"sap.m.GenericTile","properties":{"header":"Manage Conditions & Prices"}},"wdio_ui5_key":"sapm.GenericTile{\"header\":\"Manage Conditions & Prices\"}"}]}
COMMAND: GET /session/08fad45ac65f529ba2de556ddf104458/screenshot - {}
RESULT: {"script":"<script> [1562 bytes]","args":[{"selector":{"controlType":"sap.m.GenericTile","properties":{"header":"Manage Conditions & Prices"}},"wdio_ui5_key":"sapm.GenericTile{\"header\":\"Manage Conditions & Prices\"}"}]}
RESULT: undefined
COMMAND: POST /session/08fad45ac65f529ba2de556ddf104458/element - {"using":"xpath","value":"//*[@id=\"__tile53\"]"}
RESULT: {}
RESULT: {"using":"xpath","value":"//*[@id=\"__tile53\"]"}
COMMAND: POST /session/08fad45ac65f529ba2de556ddf104458/element/f.9D9AE82FA30F8FEE8073C9435B3ECC9C.d.58BE095EC5493337CC7275B39FD8ABEA.e.207/click - {}
RESULT: {}
COMMAND: GET /session/08fad45ac65f529ba2de556ddf104458/screenshot - {}
RESULT: {}
COMMAND: POST /session/08fad45ac65f529ba2de556ddf104458/elements - {"using":"xpath","value":"//span[text()='Error']"}
RESULT: {"using":"xpath","value":"//span[text()='Error']"}
COMMAND: POST /session/08fad45ac65f529ba2de556ddf104458/element - {"using":"xpath","value":"//button[@aria-label=\"Create\"]"}
RESULT: {"using":"xpath","value":"//button[@aria-label=\"Create\"]"}
COMMAND: POST /session/08fad45ac65f529ba2de556ddf104458/elements - {"using":"xpath","value":"//button[@aria-label=\"Create\"]"}
RESULT: {"using":"xpath","value":"//button[@aria-label=\"Create\"]"}
COMMAND: POST /session/08fad45ac65f529ba2de556ddf104458/execute/sync - {"script":"<script> [8489 bytes]","args":[{"element-6066-11e4-a52e-4f735466cecf":"f.9D9AE82FA30F8FEE8073C9435B3ECC9C.d.58BE095EC5493337CC7275B39FD8ABEA.e.1730","ELEMENT":"f.9D9AE82FA30F8FEE8073C9435B3ECC9C.d.58BE095EC5493337CC7275B39FD8ABEA.e.1730"}]}
RESULT: {"script":"<script> [8489 bytes]","args":[{"element-6066-11e4-a52e-4f735466cecf":"f.9D9AE82FA30F8FEE8073C9435B3ECC9C.d.58BE095EC5493337CC7275B39FD8ABEA.e.1730","ELEMENT":"f.9D9AE82FA30F8FEE8073C9435B3ECC9C.d.58BE095EC5493337CC7275B39FD8ABEA.e.1730"}]}
COMMAND: GET /session/08fad45ac65f529ba2de556ddf104458/element/f.9D9AE82FA30F8FEE8073C9435B3ECC9C.d.58BE095EC5493337CC7275B39FD8ABEA.e.1730/enabled - {}
COMMAND: GET /session/08fad45ac65f529ba2de556ddf104458/screenshot - {}
RESULT: {}
COMMAND: POST /session/08fad45ac65f529ba2de556ddf104458/execute/sync - {"script":"<script> [8489 bytes]","args":[{"element-6066-11e4-a52e-4f735466cecf":"f.9D9AE82FA30F8FEE8073C9435B3ECC9C.d.58BE095EC5493337CC7275B39FD8ABEA.e.1730","ELEMENT":"f.9D9AE82FA30F8FEE8073C9435B3ECC9C.d.58BE095EC5493337CC7275B39FD8ABEA.e.1730"}]}
COMMAND: GET /session/08fad45ac65f529ba2de556ddf104458/screenshot - {}
RESULT: {}
RESULT: {"script":"<script> [8489 bytes]","args":[{"element-6066-11e4-a52e-4f735466cecf":"f.9D9AE82FA30F8FEE8073C9435B3ECC9C.d.58BE095EC5493337CC7275B39FD8ABEA.e.1730","ELEMENT":"f.9D9AE82FA30F8FEE8073C9435B3ECC9C.d.58BE095EC5493337CC7275B39FD8ABEA.e.1730"}]}
COMMAND: POST /session/08fad45ac65f529ba2de556ddf104458/execute/sync - {"script":"<script> [5351 bytes]","args":[{"element-6066-11e4-a52e-4f735466cecf":"f.9D9AE82FA30F8FEE8073C9435B3ECC9C.d.58BE095EC5493337CC7275B39FD8ABEA.e.1730","ELEMENT":"f.9D9AE82FA30F8FEE8073C9435B3ECC9C.d.58BE095EC5493337CC7275B39FD8ABEA.e.1730"}]}
COMMAND: GET /session/08fad45ac65f529ba2de556ddf104458/screenshot - {}
RESULT: {}
RESULT: {"script":"<script> [5351 bytes]","args":[{"element-6066-11e4-a52e-4f735466cecf":"f.9D9AE82FA30F8FEE8073C9435B3ECC9C.d.58BE095EC5493337CC7275B39FD8ABEA.e.1730","ELEMENT":"f.9D9AE82FA30F8FEE8073C9435B3ECC9C.d.58BE095EC5493337CC7275B39FD8ABEA.e.1730"}]}
COMMAND: POST /session/08fad45ac65f529ba2de556ddf104458/element/f.9D9AE82FA30F8FEE8073C9435B3ECC9C.d.58BE095EC5493337CC7275B39FD8ABEA.e.1730/click - {}
COMMAND: GET /session/08fad45ac65f529ba2de556ddf104458/screenshot - {}
RESULT: {}
RESULT: {}
COMMAND: GET /session/08fad45ac65f529ba2de556ddf104458/screenshot - {}
RESULT: {}
RESULT: {}
COMMAND: POST /session/08fad45ac65f529ba2de556ddf104458/actions - {"actions":[{"id":"action6","type":"key","parameters":{},"actions":[{"type":"keyDown","value":"î€‡"},{"type":"pause","duration":10},{"type":"keyUp","value":"î€‡"}]}]}
RESULT: {"actions":[{"id":"action6","type":"key","parameters":{},"actions":[{"type":"keyDown","value":"î€‡"},{"type":"pause","duration":10},{"type":"keyUp","value":"î€‡"}]}]}
COMMAND: GET /session/08fad45ac65f529ba2de556ddf104458/screenshot - {}
RESULT: {}
COMMAND: POST /session/08fad45ac65f529ba2de556ddf104458/execute/async - {"script":"<script> [1562 bytes]","args":[{"selector":{"id":"application-manageconditionprice-display-component---newCondition--condBillCond-arrow"},"wdio_ui5_key":"applicationmanageconditionprice-display-component---newCondition--condBillCond-arrow"}]}
RESULT: {"script":"<script> [1562 bytes]","args":[{"selector":{"id":"application-manageconditionprice-display-component---newCondition--condBillCond-arrow"},"wdio_ui5_key":"applicationmanageconditionprice-display-component---newCondition--condBillCond-arrow"}]}
RESULT: undefined
COMMAND: POST /session/08fad45ac65f529ba2de556ddf104458/element - {"using":"xpath","value":"//*[@id=\"application-manageconditionprice-display-component---newCondition--condBillCond-arrow\"]"}
RESULT: {"using":"xpath","value":"//*[@id=\"application-manageconditionprice-display-component---newCondition--condBillCond-arrow\"]"}
COMMAND: POST /session/08fad45ac65f529ba2de556ddf104458/element/f.9D9AE82FA30F8FEE8073C9435B3ECC9C.d.58BE095EC5493337CC7275B39FD8ABEA.e.1938/click - {}
RESULT: {}
COMMAND: GET /session/08fad45ac65f529ba2de556ddf104458/screenshot - {}
RESULT: {}
COMMAND: POST /session/08fad45ac65f529ba2de556ddf104458/element - {"using":"xpath","value":"//li[.//span[contains(text(), \"SAPR - Sales price\")]]"}
RESULT: {"using":"xpath","value":"//li[.//span[contains(text(), \"SAPR - Sales price\")]]"}
COMMAND: POST /session/08fad45ac65f529ba2de556ddf104458/element/f.9D9AE82FA30F8FEE8073C9435B3ECC9C.d.58BE095EC5493337CC7275B39FD8ABEA.e.1941/click - {}
RESULT: {}
COMMAND: GET /session/08fad45ac65f529ba2de556ddf104458/screenshot - {}
RESULT: {}
COMMAND: POST /session/08fad45ac65f529ba2de556ddf104458/execute/async - {"script":"<script> [1562 bytes]","args":[{"selector":{"id":"application-manageconditionprice-display-component---newCondition--condValidTo","interaction":{"idSuffix":"inner"}},"wdio_ui5_key":"applicationmanageconditionprice-display-component---newCondition--condValidTo"}]}
RESULT: {"script":"<script> [1562 bytes]","args":[{"selector":{"id":"application-manageconditionprice-display-component---newCondition--condValidTo","interaction":{"idSuffix":"inner"}},"wdio_ui5_key":"applicationmanageconditionprice-display-component---newCondition--condValidTo"}]}
RESULT: undefined
COMMAND: POST /session/08fad45ac65f529ba2de556ddf104458/execute/async - {"script":"<script> [776 bytes]","args":[{"enterText":"1/20/26","selector":{"id":"application-manageconditionprice-display-component---newCondition--condValidTo","interaction":{"idSuffix":"inner"}},"clearTextFirst":true,"interactionType":"ENTER_TEXT"}]}
RESULT: {"script":"<script> [776 bytes]","args":[{"enterText":"1/20/26","selector":{"id":"application-manageconditionprice-display-component---newCondition--condValidTo","interaction":{"idSuffix":"inner"}},"clearTextFirst":true,"interactionType":"ENTER_TEXT"}]}
COMMAND: POST /session/08fad45ac65f529ba2de556ddf104458/element - {"using":"xpath","value":"//input[@id=\"application-manageconditionprice-display-component---newCondition--condRU-inner\"]"}
RESULT: {"using":"xpath","value":"//input[@id=\"application-manageconditionprice-display-component---newCondition--condRU-inner\"]"}
COMMAND: POST /session/08fad45ac65f529ba2de556ddf104458/element/f.9D9AE82FA30F8FEE8073C9435B3ECC9C.d.58BE095EC5493337CC7275B39FD8ABEA.e.1802/clear - {}
RESULT: {}
COMMAND: POST /session/08fad45ac65f529ba2de556ddf104458/element/f.9D9AE82FA30F8FEE8073C9435B3ECC9C.d.58BE095EC5493337CC7275B39FD8ABEA.e.1802/value - {"text":"QWOevSJ4mF"}
COMMAND: GET /session/08fad45ac65f529ba2de556ddf104458/screenshot - {}
RESULT: {"text":"QWOevSJ4mF"}
COMMAND: GET /session/08fad45ac65f529ba2de556ddf104458/screenshot - {}
RESULT: {}
RESULT: {}
COMMAND: POST /session/08fad45ac65f529ba2de556ddf104458/actions - {"actions":[{"id":"action7","type":"key","parameters":{},"actions":[{"type":"keyDown","value":"î€‡"},{"type":"pause","duration":10},{"type":"keyUp","value":"î€‡"}]}]}
RESULT: {"actions":[{"id":"action7","type":"key","parameters":{},"actions":[{"type":"keyDown","value":"î€‡"},{"type":"pause","duration":10},{"type":"keyUp","value":"î€‡"}]}]}
COMMAND: POST /session/08fad45ac65f529ba2de556ddf104458/execute/async - {"script":"<script> [1562 bytes]","args":[{"selector":{"id":"application-manageconditionprice-display-component---newCondition--condBaseQty","interaction":{"idSuffix":"inner"}},"wdio_ui5_key":"applicationmanageconditionprice-display-component---newCondition--condBaseQty"}]}
COMMAND: GET /session/08fad45ac65f529ba2de556ddf104458/screenshot - {}
RESULT: {"script":"<script> [1562 bytes]","args":[{"selector":{"id":"application-manageconditionprice-display-component---newCondition--condBaseQty","interaction":{"idSuffix":"inner"}},"wdio_ui5_key":"applicationmanageconditionprice-display-component---newCondition--condBaseQty"}]}
RESULT: undefined
COMMAND: POST /session/08fad45ac65f529ba2de556ddf104458/execute/async - {"script":"<script> [776 bytes]","args":[{"enterText":"1","selector":{"id":"application-manageconditionprice-display-component---newCondition--condBaseQty","interaction":{"idSuffix":"inner"}},"clearTextFirst":true,"interactionType":"ENTER_TEXT"}]}
RESULT: {}
RESULT: {"script":"<script> [776 bytes]","args":[{"enterText":"1","selector":{"id":"application-manageconditionprice-display-component---newCondition--condBaseQty","interaction":{"idSuffix":"inner"}},"clearTextFirst":true,"interactionType":"ENTER_TEXT"}]}
COMMAND: POST /session/08fad45ac65f529ba2de556ddf104458/execute/async - {"script":"<script> [1562 bytes]","args":[{"selector":{"id":"application-manageconditionprice-display-component---newCondition--condValue","interaction":{"idSuffix":"inner"}},"wdio_ui5_key":"applicationmanageconditionprice-display-component---newCondition--condValue"}]}
RESULT: {"script":"<script> [1562 bytes]","args":[{"selector":{"id":"application-manageconditionprice-display-component---newCondition--condValue","interaction":{"idSuffix":"inner"}},"wdio_ui5_key":"applicationmanageconditionprice-display-component---newCondition--condValue"}]}
RESULT: undefined
COMMAND: POST /session/08fad45ac65f529ba2de556ddf104458/execute/async - {"script":"<script> [776 bytes]","args":[{"enterText":"200","selector":{"id":"application-manageconditionprice-display-component---newCondition--condValue","interaction":{"idSuffix":"inner"}},"clearTextFirst":true,"interactionType":"ENTER_TEXT"}]}
RESULT: {"script":"<script> [776 bytes]","args":[{"enterText":"200","selector":{"id":"application-manageconditionprice-display-component---newCondition--condValue","interaction":{"idSuffix":"inner"}},"clearTextFirst":true,"interactionType":"ENTER_TEXT"}]}
COMMAND: POST /session/08fad45ac65f529ba2de556ddf104458/execute/async - {"script":"<script> [1562 bytes]","args":[{"selector":{"id":"application-manageconditionprice-display-component---newCondition--condCurr-arrow"},"wdio_ui5_key":"applicationmanageconditionprice-display-component---newCondition--condCurr-arrow"}]}
RESULT: {"script":"<script> [1562 bytes]","args":[{"selector":{"id":"application-manageconditionprice-display-component---newCondition--condCurr-arrow"},"wdio_ui5_key":"applicationmanageconditionprice-display-component---newCondition--condCurr-arrow"}]}
RESULT: undefined
COMMAND: POST /session/08fad45ac65f529ba2de556ddf104458/element - {"using":"xpath","value":"//*[@id=\"application-manageconditionprice-display-component---newCondition--condCurr-arrow\"]"}
RESULT: {"using":"xpath","value":"//*[@id=\"application-manageconditionprice-display-component---newCondition--condCurr-arrow\"]"}
COMMAND: POST /session/08fad45ac65f529ba2de556ddf104458/element/f.9D9AE82FA30F8FEE8073C9435B3ECC9C.d.58BE095EC5493337CC7275B39FD8ABEA.e.1911/click - {}
RESULT: {}
COMMAND: POST /session/08fad45ac65f529ba2de556ddf104458/element - {"using":"xpath","value":"//span[contains(text(), \"Euro\")]"}
COMMAND: GET /session/08fad45ac65f529ba2de556ddf104458/screenshot - {}
RESULT: {"using":"xpath","value":"//span[contains(text(), \"Euro\")]"}
COMMAND: POST /session/08fad45ac65f529ba2de556ddf104458/element/f.9D9AE82FA30F8FEE8073C9435B3ECC9C.d.58BE095EC5493337CC7275B39FD8ABEA.e.1979/click - {}
RESULT: {}
RESULT: {}
COMMAND: POST /session/08fad45ac65f529ba2de556ddf104458/element - {"using":"xpath","value":"//button[@data-kt=\"saveButton\"]"}
COMMAND: GET /session/08fad45ac65f529ba2de556ddf104458/screenshot - {}
RESULT: {"using":"xpath","value":"//button[@data-kt=\"saveButton\"]"}
COMMAND: POST /session/08fad45ac65f529ba2de556ddf104458/element/f.9D9AE82FA30F8FEE8073C9435B3ECC9C.d.58BE095EC5493337CC7275B39FD8ABEA.e.1912/click - {}
RESULT: {}
RESULT: {}
COMMAND: GET /session/08fad45ac65f529ba2de556ddf104458/screenshot - {}
RESULT: {}
COMMAND: POST /session/08fad45ac65f529ba2de556ddf104458/execute/async - {"script":"<script> [1562 bytes]","args":[{"selector":{"id":"application-manageconditionprice-display-component---conditions--smartFilterBar-btnBasicSearch","interaction":{"idSuffix":"I"}},"wdio_ui5_key":"applicationmanageconditionprice-display-component---conditions--smartFilterBar-btnBasicSearch"}]}
RESULT: {"script":"<script> [1562 bytes]","args":[{"selector":{"id":"application-manageconditionprice-display-component---conditions--smartFilterBar-btnBasicSearch","interaction":{"idSuffix":"I"}},"wdio_ui5_key":"applicationmanageconditionprice-display-component---conditions--smartFilterBar-btnBasicSearch"}]}
RESULT: undefined
COMMAND: POST /session/08fad45ac65f529ba2de556ddf104458/execute/async - {"script":"<script> [776 bytes]","args":[{"enterText":"QWOevSJ4mF","selector":{"id":"application-manageconditionprice-display-component---conditions--smartFilterBar-btnBasicSearch","interaction":{"idSuffix":"I"}},"clearTextFirst":true,"interactionType":"ENTER_TEXT"}]}
RESULT: {"script":"<script> [776 bytes]","args":[{"enterText":"QWOevSJ4mF","selector":{"id":"application-manageconditionprice-display-component---conditions--smartFilterBar-btnBasicSearch","interaction":{"idSuffix":"I"}},"clearTextFirst":true,"interactionType":"ENTER_TEXT"}]}
COMMAND: POST /session/08fad45ac65f529ba2de556ddf104458/actions - {"actions":[{"id":"action8","type":"key","parameters":{},"actions":[{"type":"keyDown","value":"î€‡"},{"type":"pause","duration":10},{"type":"keyUp","value":"î€‡"}]}]}
RESULT: {"actions":[{"id":"action8","type":"key","parameters":{},"actions":[{"type":"keyDown","value":"î€‡"},{"type":"pause","duration":10},{"type":"keyUp","value":"î€‡"}]}]}
COMMAND: GET /session/08fad45ac65f529ba2de556ddf104458/screenshot - {}
RESULT: {}
COMMAND: POST /session/08fad45ac65f529ba2de556ddf104458/execute/async - {"script":"<script> [1562 bytes]","args":[{"selector":{"id":"application-manageconditionprice-display-component---conditions--smartFilterBar-filterItemControl_BASIC-BILL_TYPES-vhi"},"wdio_ui5_key":"applicationmanageconditionprice-display-component---conditions--smartFilterBar-filterItemControl_BASIC-BILL_TYPES-vhi"}]}
RESULT: {"script":"<script> [1562 bytes]","args":[{"selector":{"id":"application-manageconditionprice-display-component---conditions--smartFilterBar-filterItemControl_BASIC-BILL_TYPES-vhi"},"wdio_ui5_key":"applicationmanageconditionprice-display-component---conditions--smartFilterBar-filterItemControl_BASIC-BILL_TYPES-vhi"}]}
RESULT: undefined
COMMAND: POST /session/08fad45ac65f529ba2de556ddf104458/element - {"using":"xpath","value":"//*[@id=\"application-manageconditionprice-display-component---conditions--smartFilterBar-filterItemControl_BASIC-BILL_TYPES-vhi\"]"}
RESULT: {"using":"xpath","value":"//*[@id=\"application-manageconditionprice-display-component---conditions--smartFilterBar-filterItemControl_BASIC-BILL_TYPES-vhi\"]"}
COMMAND: POST /session/08fad45ac65f529ba2de556ddf104458/element/f.9D9AE82FA30F8FEE8073C9435B3ECC9C.d.58BE095EC5493337CC7275B39FD8ABEA.e.2086/click - {}
RESULT: {}
COMMAND: POST /session/08fad45ac65f529ba2de556ddf104458/execute/async - {"script":"<script> [1562 bytes]","args":[{"selector":{"id":"application-manageconditionprice-display-component---conditions--smartFilterBar-filterItemControl_BASIC-BILL_TYPES-valueHelpDialog-smartFilterBar-btnBasicSearch","searchOpenDialogs":true,"interaction":{"idSuffix":"I"}},"wdio_ui5_key":"applicationmanageconditionprice-display-component---conditions--smartFilterBar-filterItemControl_BASIC-BILL_TYPES-valueHelpDialog-smartFilterBar-btnBasicSearch"}]}
COMMAND: GET /session/08fad45ac65f529ba2de556ddf104458/screenshot - {}
RESULT: {"script":"<script> [1562 bytes]","args":[{"selector":{"id":"application-manageconditionprice-display-component---conditions--smartFilterBar-filterItemControl_BASIC-BILL_TYPES-valueHelpDialog-smartFilterBar-btnBasicSearch","searchOpenDialogs":true,"interaction":{"idSuffix":"I"}},"wdio_ui5_key":"applicationmanageconditionprice-display-component---conditions--smartFilterBar-filterItemControl_BASIC-BILL_TYPES-valueHelpDialog-smartFilterBar-btnBasicSearch"}]}
RESULT: undefined
COMMAND: POST /session/08fad45ac65f529ba2de556ddf104458/execute/async - {"script":"<script> [776 bytes]","args":[{"enterText":"one","selector":{"id":"application-manageconditionprice-display-component---conditions--smartFilterBar-filterItemControl_BASIC-BILL_TYPES-valueHelpDialog-smartFilterBar-btnBasicSearch","searchOpenDialogs":true,"interaction":{"idSuffix":"I"}},"clearTextFirst":true,"interactionType":"ENTER_TEXT"}]}
RESULT: {}
RESULT: {"script":"<script> [776 bytes]","args":[{"enterText":"one","selector":{"id":"application-manageconditionprice-display-component---conditions--smartFilterBar-filterItemControl_BASIC-BILL_TYPES-valueHelpDialog-smartFilterBar-btnBasicSearch","searchOpenDialogs":true,"interaction":{"idSuffix":"I"}},"clearTextFirst":true,"interactionType":"ENTER_TEXT"}]}
COMMAND: POST /session/08fad45ac65f529ba2de556ddf104458/actions - {"actions":[{"id":"action9","type":"key","parameters":{},"actions":[{"type":"keyDown","value":"î€‡"},{"type":"pause","duration":10},{"type":"keyUp","value":"î€‡"}]}]}
RESULT: {"actions":[{"id":"action9","type":"key","parameters":{},"actions":[{"type":"keyDown","value":"î€‡"},{"type":"pause","duration":10},{"type":"keyUp","value":"î€‡"}]}]}
COMMAND: GET /session/08fad45ac65f529ba2de556ddf104458/screenshot - {}
RESULT: {}
COMMAND: POST /session/08fad45ac65f529ba2de556ddf104458/element - {"using":"xpath","value":"//div[contains(@id, 'application-manageconditionprice-display-component---conditions--smartFilterBar-filterItemControl_BASIC-BILL_TYPES-valueHelpDialog-table-rowsel0')]"}
RESULT: {"using":"xpath","value":"//div[contains(@id, 'application-manageconditionprice-display-component---conditions--smartFilterBar-filterItemControl_BASIC-BILL_TYPES-valueHelpDialog-table-rowsel0')]"}
COMMAND: POST /session/08fad45ac65f529ba2de556ddf104458/element/f.9D9AE82FA30F8FEE8073C9435B3ECC9C.d.58BE095EC5493337CC7275B39FD8ABEA.e.2094/click - {}
RESULT: {}
COMMAND: GET /session/08fad45ac65f529ba2de556ddf104458/screenshot - {}
RESULT: {}
COMMAND: POST /session/08fad45ac65f529ba2de556ddf104458/element - {"using":"xpath","value":"//bdi[contains(text(), \"OK\")]"}
RESULT: {"using":"xpath","value":"//bdi[contains(text(), \"OK\")]"}
COMMAND: POST /session/08fad45ac65f529ba2de556ddf104458/element/f.9D9AE82FA30F8FEE8073C9435B3ECC9C.d.58BE095EC5493337CC7275B39FD8ABEA.e.2096/click - {}
RESULT: {}
COMMAND: GET /session/08fad45ac65f529ba2de556ddf104458/screenshot - {}
RESULT: {}
COMMAND: POST /session/08fad45ac65f529ba2de556ddf104458/element - {"using":"xpath","value":"//span[@id=\"application-manageconditionprice-display-component---conditions--smartTable-header-inner\"]"}
RESULT: {"using":"xpath","value":"//span[@id=\"application-manageconditionprice-display-component---conditions--smartTable-header-inner\"]"}
COMMAND: POST /session/08fad45ac65f529ba2de556ddf104458/elements - {"using":"xpath","value":"//span[@id=\"application-manageconditionprice-display-component---conditions--smartTable-header-inner\"]"}
RESULT: {"using":"xpath","value":"//span[@id=\"application-manageconditionprice-display-component---conditions--smartTable-header-inner\"]"}
COMMAND: POST /session/08fad45ac65f529ba2de556ddf104458/execute/sync - {"script":"<script> [56 bytes]","args":[{"element-6066-11e4-a52e-4f735466cecf":"f.9D9AE82FA30F8FEE8073C9435B3ECC9C.d.58BE095EC5493337CC7275B39FD8ABEA.e.2099","ELEMENT":"f.9D9AE82FA30F8FEE8073C9435B3ECC9C.d.58BE095EC5493337CC7275B39FD8ABEA.e.2099"}]}
RESULT: {"script":"<script> [56 bytes]","args":[{"element-6066-11e4-a52e-4f735466cecf":"f.9D9AE82FA30F8FEE8073C9435B3ECC9C.d.58BE095EC5493337CC7275B39FD8ABEA.e.2099","ELEMENT":"f.9D9AE82FA30F8FEE8073C9435B3ECC9C.d.58BE095EC5493337CC7275B39FD8ABEA.e.2099"}]}
COMMAND: POST /session/08fad45ac65f529ba2de556ddf104458/element - {"using":"css selector","value":"#shell-header-logo"}
COMMAND: GET /session/08fad45ac65f529ba2de556ddf104458/screenshot - {}
RESULT: {"using":"css selector","value":"#shell-header-logo"}
COMMAND: POST /session/08fad45ac65f529ba2de556ddf104458/element/f.9D9AE82FA30F8FEE8073C9435B3ECC9C.d.58BE095EC5493337CC7275B39FD8ABEA.e.1693/click - {}
RESULT: {}
RESULT: {}
COMMAND: GET /session/08fad45ac65f529ba2de556ddf104458/screenshot - {}
RESULT: {}
COMMAND: POST /session/08fad45ac65f529ba2de556ddf104458/element - {"using":"css selector","value":"#j_username"}
COMMAND: POST /session/08fad45ac65f529ba2de556ddf104458/url - {"url":"https://qa-testing-00-live-etm-ui.cfapps.eu10-004.hana.ondemand.com/"}
RESULT: {"using":"css selector","value":"#j_username"}
COMMAND: POST /session/08fad45ac65f529ba2de556ddf104458/element - {"using":"css selector","value":"#j_username"}
RESULT: {"url":"https://qa-testing-00-live-etm-ui.cfapps.eu10-004.hana.ondemand.com/"}
RESULT: undefined
COMMAND: GET /session/08fad45ac65f529ba2de556ddf104458/screenshot - {}
RESULT: {"using":"css selector","value":"#j_username"}
COMMAND: POST /session/08fad45ac65f529ba2de556ddf104458/element - {"using":"css selector","value":"#shell-header-logo"}
RESULT: {}
RESULT: {"using":"css selector","value":"#shell-header-logo"}
COMMAND: POST /session/08fad45ac65f529ba2de556ddf104458/execute/sync - {"script":"<script> [8489 bytes]","args":[{"element-6066-11e4-a52e-4f735466cecf":"f.9D9AE82FA30F8FEE8073C9435B3ECC9C.d.EF321BFDB353D7B166792E1167EEA572.e.2109","ELEMENT":"f.9D9AE82FA30F8FEE8073C9435B3ECC9C.d.EF321BFDB353D7B166792E1167EEA572.e.2109"}]}
RESULT: {"script":"<script> [8489 bytes]","args":[{"element-6066-11e4-a52e-4f735466cecf":"f.9D9AE82FA30F8FEE8073C9435B3ECC9C.d.EF321BFDB353D7B166792E1167EEA572.e.2109","ELEMENT":"f.9D9AE82FA30F8FEE8073C9435B3ECC9C.d.EF321BFDB353D7B166792E1167EEA572.e.2109"}]}
COMMAND: POST /session/08fad45ac65f529ba2de556ddf104458/element - {"using":"css selector","value":"#shell-header-logo"}
COMMAND: GET /session/08fad45ac65f529ba2de556ddf104458/screenshot - {}
RESULT: {"using":"css selector","value":"#shell-header-logo"}
COMMAND: POST /session/08fad45ac65f529ba2de556ddf104458/execute/sync - {"script":"<script> [8489 bytes]","args":[{"element-6066-11e4-a52e-4f735466cecf":"f.9D9AE82FA30F8FEE8073C9435B3ECC9C.d.EF321BFDB353D7B166792E1167EEA572.e.2109","ELEMENT":"f.9D9AE82FA30F8FEE8073C9435B3ECC9C.d.EF321BFDB353D7B166792E1167EEA572.e.2109"}]}
RESULT: {}
RESULT: {"script":"<script> [8489 bytes]","args":[{"element-6066-11e4-a52e-4f735466cecf":"f.9D9AE82FA30F8FEE8073C9435B3ECC9C.d.EF321BFDB353D7B166792E1167EEA572.e.2109","ELEMENT":"f.9D9AE82FA30F8FEE8073C9435B3ECC9C.d.EF321BFDB353D7B166792E1167EEA572.e.2109"}]}
COMMAND: POST /session/08fad45ac65f529ba2de556ddf104458/execute/sync - {"script":"<script> [5351 bytes]","args":[{"element-6066-11e4-a52e-4f735466cecf":"f.9D9AE82FA30F8FEE8073C9435B3ECC9C.d.EF321BFDB353D7B166792E1167EEA572.e.2109","ELEMENT":"f.9D9AE82FA30F8FEE8073C9435B3ECC9C.d.EF321BFDB353D7B166792E1167EEA572.e.2109"}]}
COMMAND: GET /session/08fad45ac65f529ba2de556ddf104458/screenshot - {}
RESULT: {}
RESULT: {"script":"<script> [5351 bytes]","args":[{"element-6066-11e4-a52e-4f735466cecf":"f.9D9AE82FA30F8FEE8073C9435B3ECC9C.d.EF321BFDB353D7B166792E1167EEA572.e.2109","ELEMENT":"f.9D9AE82FA30F8FEE8073C9435B3ECC9C.d.EF321BFDB353D7B166792E1167EEA572.e.2109"}]}
COMMAND: POST /session/08fad45ac65f529ba2de556ddf104458/element - {"using":"css selector","value":"#shell-header-logo"}
COMMAND: GET /session/08fad45ac65f529ba2de556ddf104458/screenshot - {}
RESULT: {"using":"css selector","value":"#shell-header-logo"}
COMMAND: POST /session/08fad45ac65f529ba2de556ddf104458/element/f.9D9AE82FA30F8FEE8073C9435B3ECC9C.d.EF321BFDB353D7B166792E1167EEA572.e.2109/click - {}
RESULT: {}
RESULT: {}
COMMAND: GET /session/08fad45ac65f529ba2de556ddf104458/screenshot - {}
RESULT: {}
COMMAND: POST /session/08fad45ac65f529ba2de556ddf104458/execute/async - {"script":"<script> [189 bytes]","args":[]}
RESULT: {"script":"<script> [189 bytes]","args":[]}
COMMAND: POST /session/08fad45ac65f529ba2de556ddf104458/execute/async - {"script":"<script> [123 bytes]","args":[]}
RESULT: {"script":"<script> [123 bytes]","args":[]}
COMMAND: POST /session/08fad45ac65f529ba2de556ddf104458/timeouts - {"script":"<number>"}
RESULT: {"script":"<number>"}
COMMAND: GET /session/08fad45ac65f529ba2de556ddf104458/timeouts - {}
RESULT: {}
RESULT: undefined
COMMAND: POST /session/08fad45ac65f529ba2de556ddf104458/execute/async - {"script":"<script> [2676 bytes]","args":[]}
RESULT: {"script":"<script> [2676 bytes]","args":[]}
COMMAND: POST /session/08fad45ac65f529ba2de556ddf104458/execute/async - {"script":"<script> [2342 bytes]","args":[{"protocol":"http","hostname":"0.0.0.0","path":"/","capabilities":{"browserName":"chrome","goog:chromeOptions":{"binary":"C:\\Program Files\\Google\\Chrome\\Application\\chrome.exe","args":["--start-maximized"]}},"logLevel":"warn","connectionRetryTimeout":120000,"connectionRetryCount":3,"logLevels":{},"enableDirectConnect":true,"strictSSL":true,"_":"65 more keys: [\"cacheDir\",\"port\",\"requestedCapabilities\",\"automationProtocol\",\"baseUrl\",\"waitforInterval\",\"waitforTimeout\",\"onReload\",\"beforeCommand\",\"afterCommand\",\"rootDir\",\"specs\",\"suites\",\"exclude\",\"groupLogsByTestSpec\",\"excludeDriverLogs\",\"bail\",\"framework\",\"reporters\",\"services\",\"maxInstances\",\"maxInstancesPerCapability\",\"injectGlobals\",\"filesToWatch\",\"execArgv\",\"runnerEnv\",\"runner\",\"shard\",\"specFileRetries\",\"specFileRetriesDelay\",\"specFileRetriesDeferred\",\"reporterSyncInterval\",\"reporterSyncTimeout\",\"cucumberFeaturesWithLineNumbers\",\"autoCompileOpts\",\"mochaOpts\",\"jasmineOpts\",\"cucumberOpts\",\"onPrepare\",\"onWorkerStart\",\"onWorkerEnd\",\"before\",\"beforeSession\",\"beforeSuite\",\"beforeHook\",\"beforeTest\",\"afterTest\",\"afterHook\",\"afterSuite\",\"afterSession\",\"after\",\"onComplete\",\"beforeAssertion\",\"afterAssertion\",\"beforeFeature\",\"beforeScenario\",\"beforeStep\",\"afterStep\",\"afterScenario\",\"afterFeature\",\"_\",\"suite\",\"$0\",\"ignoredWorkerServices\",\"wdi5\"]"}]}
RESULT: {"script":"<script> [2342 bytes]","args":[{"protocol":"http","hostname":"0.0.0.0","path":"/","capabilities":{"browserName":"chrome","goog:chromeOptions":{"binary":"C:\\Program Files\\Google\\Chrome\\Application\\chrome.exe","args":["--start-maximized"]}},"logLevel":"warn","connectionRetryTimeout":120000,"connectionRetryCount":3,"logLevels":{},"enableDirectConnect":true,"strictSSL":true,"_":"65 more keys: [\"cacheDir\",\"port\",\"requestedCapabilities\",\"automationProtocol\",\"baseUrl\",\"waitforInterval\",\"waitforTimeout\",\"onReload\",\"beforeCommand\",\"afterCommand\",\"rootDir\",\"specs\",\"suites\",\"exclude\",\"groupLogsByTestSpec\",\"excludeDriverLogs\",\"bail\",\"framework\",\"reporters\",\"services\",\"maxInstances\",\"maxInstancesPerCapability\",\"injectGlobals\",\"filesToWatch\",\"execArgv\",\"runnerEnv\",\"runner\",\"shard\",\"specFileRetries\",\"specFileRetriesDelay\",\"specFileRetriesDeferred\",\"reporterSyncInterval\",\"reporterSyncTimeout\",\"cucumberFeaturesWithLineNumbers\",\"autoCompileOpts\",\"mochaOpts\",\"jasmineOpts\",\"cucumberOpts\",\"onPrepare\",\"onWorkerStart\",\"onWorkerEnd\",\"before\",\"beforeSession\",\"beforeSuite\",\"beforeHook\",\"beforeTest\",\"afterTest\",\"afterHook\",\"afterSuite\",\"afterSession\",\"after\",\"onComplete\",\"beforeAssertion\",\"afterAssertion\",\"beforeFeature\",\"beforeScenario\",\"beforeStep\",\"afterStep\",\"afterScenario\",\"afterFeature\",\"_\",\"suite\",\"$0\",\"ignoredWorkerServices\",\"wdi5\"]"}]}
COMMAND: POST /session/08fad45ac65f529ba2de556ddf104458/execute/async - {"script":"<script> [21126 bytes]","args":[35000]}
RESULT: {"script":"<script> [21126 bytes]","args":[35000]}
COMMAND: POST /session/08fad45ac65f529ba2de556ddf104458/window/maximize - {}
RESULT: {}
COMMAND: POST /session/08fad45ac65f529ba2de556ddf104458/execute/async - {"script":"<script> [1562 bytes]","args":[{"selector":{"id":"shell-header","interaction":{"idSuffix":"icon"}},"wdio_ui5_key":"shellheader"}]}
COMMAND: GET /session/08fad45ac65f529ba2de556ddf104458/screenshot - {}
RESULT: {"script":"<script> [1562 bytes]","args":[{"selector":{"id":"shell-header","interaction":{"idSuffix":"icon"}},"wdio_ui5_key":"shellheader"}]}
RESULT: undefined
COMMAND: POST /session/08fad45ac65f529ba2de556ddf104458/refresh - {}
RESULT: {}
RESULT: {}
COMMAND: GET /session/08fad45ac65f529ba2de556ddf104458/screenshot - {}
RESULT: {}
COMMAND: POST /session/08fad45ac65f529ba2de556ddf104458/refresh - {}
RESULT: {}
COMMAND: GET /session/08fad45ac65f529ba2de556ddf104458/screenshot - {}
RESULT: {}
COMMAND: POST /session/08fad45ac65f529ba2de556ddf104458/window/fullscreen - {}
RESULT: {}
COMMAND: POST /session/08fad45ac65f529ba2de556ddf104458/execute/async - {"script":"<script> [189 bytes]","args":[]}
RESULT: {"script":"<script> [189 bytes]","args":[]}
COMMAND: POST /session/08fad45ac65f529ba2de556ddf104458/execute/async - {"script":"<script> [123 bytes]","args":[]}
RESULT: {"script":"<script> [123 bytes]","args":[]}
COMMAND: POST /session/08fad45ac65f529ba2de556ddf104458/timeouts - {"script":"<number>"}
RESULT: {"script":"<number>"}
COMMAND: GET /session/08fad45ac65f529ba2de556ddf104458/timeouts - {}
RESULT: {}
RESULT: undefined
COMMAND: POST /session/08fad45ac65f529ba2de556ddf104458/execute/async - {"script":"<script> [2676 bytes]","args":[]}
RESULT: {"script":"<script> [2676 bytes]","args":[]}
COMMAND: POST /session/08fad45ac65f529ba2de556ddf104458/execute/async - {"script":"<script> [2342 bytes]","args":[{"protocol":"http","hostname":"0.0.0.0","path":"/","capabilities":{"browserName":"chrome","goog:chromeOptions":{"binary":"C:\\Program Files\\Google\\Chrome\\Application\\chrome.exe","args":["--start-maximized"]}},"logLevel":"warn","connectionRetryTimeout":120000,"connectionRetryCount":3,"logLevels":{},"enableDirectConnect":true,"strictSSL":true,"_":"65 more keys: [\"cacheDir\",\"port\",\"requestedCapabilities\",\"automationProtocol\",\"baseUrl\",\"waitforInterval\",\"waitforTimeout\",\"onReload\",\"beforeCommand\",\"afterCommand\",\"rootDir\",\"specs\",\"suites\",\"exclude\",\"groupLogsByTestSpec\",\"excludeDriverLogs\",\"bail\",\"framework\",\"reporters\",\"services\",\"maxInstances\",\"maxInstancesPerCapability\",\"injectGlobals\",\"filesToWatch\",\"execArgv\",\"runnerEnv\",\"runner\",\"shard\",\"specFileRetries\",\"specFileRetriesDelay\",\"specFileRetriesDeferred\",\"reporterSyncInterval\",\"reporterSyncTimeout\",\"cucumberFeaturesWithLineNumbers\",\"autoCompileOpts\",\"mochaOpts\",\"jasmineOpts\",\"cucumberOpts\",\"onPrepare\",\"onWorkerStart\",\"onWorkerEnd\",\"before\",\"beforeSession\",\"beforeSuite\",\"beforeHook\",\"beforeTest\",\"afterTest\",\"afterHook\",\"afterSuite\",\"afterSession\",\"after\",\"onComplete\",\"beforeAssertion\",\"afterAssertion\",\"beforeFeature\",\"beforeScenario\",\"beforeStep\",\"afterStep\",\"afterScenario\",\"afterFeature\",\"_\",\"suite\",\"$0\",\"ignoredWorkerServices\",\"wdi5\"]"}]}
RESULT: {"script":"<script> [2342 bytes]","args":[{"protocol":"http","hostname":"0.0.0.0","path":"/","capabilities":{"browserName":"chrome","goog:chromeOptions":{"binary":"C:\\Program Files\\Google\\Chrome\\Application\\chrome.exe","args":["--start-maximized"]}},"logLevel":"warn","connectionRetryTimeout":120000,"connectionRetryCount":3,"logLevels":{},"enableDirectConnect":true,"strictSSL":true,"_":"65 more keys: [\"cacheDir\",\"port\",\"requestedCapabilities\",\"automationProtocol\",\"baseUrl\",\"waitforInterval\",\"waitforTimeout\",\"onReload\",\"beforeCommand\",\"afterCommand\",\"rootDir\",\"specs\",\"suites\",\"exclude\",\"groupLogsByTestSpec\",\"excludeDriverLogs\",\"bail\",\"framework\",\"reporters\",\"services\",\"maxInstances\",\"maxInstancesPerCapability\",\"injectGlobals\",\"filesToWatch\",\"execArgv\",\"runnerEnv\",\"runner\",\"shard\",\"specFileRetries\",\"specFileRetriesDelay\",\"specFileRetriesDeferred\",\"reporterSyncInterval\",\"reporterSyncTimeout\",\"cucumberFeaturesWithLineNumbers\",\"autoCompileOpts\",\"mochaOpts\",\"jasmineOpts\",\"cucumberOpts\",\"onPrepare\",\"onWorkerStart\",\"onWorkerEnd\",\"before\",\"beforeSession\",\"beforeSuite\",\"beforeHook\",\"beforeTest\",\"afterTest\",\"afterHook\",\"afterSuite\",\"afterSession\",\"after\",\"onComplete\",\"beforeAssertion\",\"afterAssertion\",\"beforeFeature\",\"beforeScenario\",\"beforeStep\",\"afterStep\",\"afterScenario\",\"afterFeature\",\"_\",\"suite\",\"$0\",\"ignoredWorkerServices\",\"wdi5\"]"}]}
COMMAND: POST /session/08fad45ac65f529ba2de556ddf104458/execute/async - {"script":"<script> [21126 bytes]","args":[35000]}
RESULT: {"script":"<script> [21126 bytes]","args":[35000]}
]]></system-out>
    </testcase>
  </testsuite>
  <testsuite timestamp="2025-05-20T17:05:58" time="116.279" tests="3" failures="0" errors="0" skipped="0">
    <properties>
      <property name="specId" value="0" />
      <property name="suiteName" value="Set up pricing rule(OT) 104624" />
      <property name="capabilities" value="chrome.136_0_7103_93.windows" />
      <property name="file" value="file:///D:/a/1/s/test/specs/BTS/create-pricing-rule.spec.js" />
    </properties>
    <testcase classname="chrome.136_0_7103_93.windows.Set_up_pricing_rule(OT)_104624" name="Should create a new yard used for all following tests" time="0.013">
      <system-out><![CDATA[
COMMAND: POST /session/08fad45ac65f529ba2de556ddf104458/window/fullscreen - {}
RESULT: {}
]]></system-out>
    </testcase>
    <testcase classname="chrome.136_0_7103_93.windows.Set_up_pricing_rule(OT)_104624" name="Should create a new equipment used for all following tests" time="0.003" />
    <testcase classname="chrome.136_0_7103_93.windows.Set_up_pricing_rule(OT)_104624" name="Should create new pricing rule on the created resource from earlier module or above" time="69.718">
      <system-out><![CDATA[
COMMAND: POST /session/08fad45ac65f529ba2de556ddf104458/execute/async - {"script":"<script> [1562 bytes]","args":[{"selector":{"controlType":"sap.m.GenericTile","properties":{"header":"Manage Pricing Rules"}},"wdio_ui5_key":"sapm.GenericTile{\"header\":\"Manage Pricing Rules\"}"}]}
RESULT: {"script":"<script> [1562 bytes]","args":[{"selector":{"controlType":"sap.m.GenericTile","properties":{"header":"Manage Pricing Rules"}},"wdio_ui5_key":"sapm.GenericTile{\"header\":\"Manage Pricing Rules\"}"}]}
RESULT: undefined
COMMAND: POST /session/08fad45ac65f529ba2de556ddf104458/element - {"using":"xpath","value":"//*[@id=\"__tile55\"]"}
RESULT: {"using":"xpath","value":"//*[@id=\"__tile55\"]"}
COMMAND: POST /session/08fad45ac65f529ba2de556ddf104458/element/f.9D9AE82FA30F8FEE8073C9435B3ECC9C.d.203C9248B84833CBD408B57DAD179082.e.2362/click - {}
RESULT: {}
COMMAND: GET /session/08fad45ac65f529ba2de556ddf104458/screenshot - {}
RESULT: {}
COMMAND: POST /session/08fad45ac65f529ba2de556ddf104458/elements - {"using":"xpath","value":"//span[text()='Error']"}
RESULT: {"using":"xpath","value":"//span[text()='Error']"}
COMMAND: POST /session/08fad45ac65f529ba2de556ddf104458/execute/async - {"script":"<script> [1562 bytes]","args":[{"selector":{"controlType":"sap.ui.core.Icon","viewName":"etm.portal.ui.managepricingrules.view.MasterHeader","viewId":"application-managepricingrules-display-component---priceInfoHeader","properties":{"src":{"regex":{"source":"activity\\-items"}}}},"wdio_ui5_key":"etmportal.ui.managepricingrules.view.MasterHeadersap.ui.core.Icon{\"src\":{\"regex\":{\"source\":\"activity\\\\-items\"}}}"}]}
RESULT: {"script":"<script> [1562 bytes]","args":[{"selector":{"controlType":"sap.ui.core.Icon","viewName":"etm.portal.ui.managepricingrules.view.MasterHeader","viewId":"application-managepricingrules-display-component---priceInfoHeader","properties":{"src":{"regex":{"source":"activity\\-items"}}}},"wdio_ui5_key":"etmportal.ui.managepricingrules.view.MasterHeadersap.ui.core.Icon{\"src\":{\"regex\":{\"source\":\"activity\\\\-items\"}}}"}]}
RESULT: undefined
COMMAND: POST /session/08fad45ac65f529ba2de556ddf104458/element - {"using":"xpath","value":"//*[@id=\"__filter1-icon\"]"}
RESULT: {"using":"xpath","value":"//*[@id=\"__filter1-icon\"]"}
COMMAND: POST /session/08fad45ac65f529ba2de556ddf104458/element/f.9D9AE82FA30F8FEE8073C9435B3ECC9C.d.203C9248B84833CBD408B57DAD179082.e.2416/click - {}
RESULT: {}
COMMAND: GET /session/08fad45ac65f529ba2de556ddf104458/screenshot - {}
RESULT: {}
COMMAND: POST /session/08fad45ac65f529ba2de556ddf104458/element - {"using":"xpath","value":"//button[@data-kt=\"addButton\"]"}
RESULT: {"using":"xpath","value":"//button[@data-kt=\"addButton\"]"}
COMMAND: POST /session/08fad45ac65f529ba2de556ddf104458/elements - {"using":"xpath","value":"//button[@data-kt=\"addButton\"]"}
RESULT: {"using":"xpath","value":"//button[@data-kt=\"addButton\"]"}
COMMAND: POST /session/08fad45ac65f529ba2de556ddf104458/execute/sync - {"script":"<script> [8489 bytes]","args":[{"element-6066-11e4-a52e-4f735466cecf":"f.9D9AE82FA30F8FEE8073C9435B3ECC9C.d.203C9248B84833CBD408B57DAD179082.e.2463","ELEMENT":"f.9D9AE82FA30F8FEE8073C9435B3ECC9C.d.203C9248B84833CBD408B57DAD179082.e.2463"}]}
RESULT: {"script":"<script> [8489 bytes]","args":[{"element-6066-11e4-a52e-4f735466cecf":"f.9D9AE82FA30F8FEE8073C9435B3ECC9C.d.203C9248B84833CBD408B57DAD179082.e.2463","ELEMENT":"f.9D9AE82FA30F8FEE8073C9435B3ECC9C.d.203C9248B84833CBD408B57DAD179082.e.2463"}]}
COMMAND: GET /session/08fad45ac65f529ba2de556ddf104458/element/f.9D9AE82FA30F8FEE8073C9435B3ECC9C.d.203C9248B84833CBD408B57DAD179082.e.2463/enabled - {}
COMMAND: GET /session/08fad45ac65f529ba2de556ddf104458/screenshot - {}
RESULT: {}
COMMAND: POST /session/08fad45ac65f529ba2de556ddf104458/execute/sync - {"script":"<script> [8489 bytes]","args":[{"element-6066-11e4-a52e-4f735466cecf":"f.9D9AE82FA30F8FEE8073C9435B3ECC9C.d.203C9248B84833CBD408B57DAD179082.e.2463","ELEMENT":"f.9D9AE82FA30F8FEE8073C9435B3ECC9C.d.203C9248B84833CBD408B57DAD179082.e.2463"}]}
COMMAND: GET /session/08fad45ac65f529ba2de556ddf104458/screenshot - {}
RESULT: {}
RESULT: {"script":"<script> [8489 bytes]","args":[{"element-6066-11e4-a52e-4f735466cecf":"f.9D9AE82FA30F8FEE8073C9435B3ECC9C.d.203C9248B84833CBD408B57DAD179082.e.2463","ELEMENT":"f.9D9AE82FA30F8FEE8073C9435B3ECC9C.d.203C9248B84833CBD408B57DAD179082.e.2463"}]}
COMMAND: POST /session/08fad45ac65f529ba2de556ddf104458/execute/sync - {"script":"<script> [5351 bytes]","args":[{"element-6066-11e4-a52e-4f735466cecf":"f.9D9AE82FA30F8FEE8073C9435B3ECC9C.d.203C9248B84833CBD408B57DAD179082.e.2463","ELEMENT":"f.9D9AE82FA30F8FEE8073C9435B3ECC9C.d.203C9248B84833CBD408B57DAD179082.e.2463"}]}
COMMAND: GET /session/08fad45ac65f529ba2de556ddf104458/screenshot - {}
RESULT: {}
RESULT: {"script":"<script> [5351 bytes]","args":[{"element-6066-11e4-a52e-4f735466cecf":"f.9D9AE82FA30F8FEE8073C9435B3ECC9C.d.203C9248B84833CBD408B57DAD179082.e.2463","ELEMENT":"f.9D9AE82FA30F8FEE8073C9435B3ECC9C.d.203C9248B84833CBD408B57DAD179082.e.2463"}]}
COMMAND: POST /session/08fad45ac65f529ba2de556ddf104458/element/f.9D9AE82FA30F8FEE8073C9435B3ECC9C.d.203C9248B84833CBD408B57DAD179082.e.2463/click - {}
COMMAND: GET /session/08fad45ac65f529ba2de556ddf104458/screenshot - {}
RESULT: {}
RESULT: {}
COMMAND: GET /session/08fad45ac65f529ba2de556ddf104458/screenshot - {}
RESULT: {}
RESULT: {}
COMMAND: POST /session/08fad45ac65f529ba2de556ddf104458/execute/async - {"script":"<script> [1562 bytes]","args":[{"selector":{"controlType":"sap.m.Title","viewName":"etm.portal.ui.managepricingrules.view.NewItem","viewId":"application-managepricingrules-display-component---newInfoPriceItem","properties":{"text":"New Pricing Rules - Item Level"}},"wdio_ui5_key":"etmportal.ui.managepricingrules.view.NewItemsap.m.Title{\"text\":\"New Pricing Rules - Item Level\"}"}]}
RESULT: {"script":"<script> [1562 bytes]","args":[{"selector":{"controlType":"sap.m.Title","viewName":"etm.portal.ui.managepricingrules.view.NewItem","viewId":"application-managepricingrules-display-component---newInfoPriceItem","properties":{"text":"New Pricing Rules - Item Level"}},"wdio_ui5_key":"etmportal.ui.managepricingrules.view.NewItemsap.m.Title{\"text\":\"New Pricing Rules - Item Level\"}"}]}
RESULT: undefined
COMMAND: POST /session/08fad45ac65f529ba2de556ddf104458/execute/async - {"script":"<script> [6424 bytes]","args":[{"element-6066-11e4-a52e-4f735466cecf":"f.9D9AE82FA30F8FEE8073C9435B3ECC9C.d.203C9248B84833CBD408B57DAD179082.e.2746"},"getText",[]]}
RESULT: {"script":"<script> [6424 bytes]","args":[{"element-6066-11e4-a52e-4f735466cecf":"f.9D9AE82FA30F8FEE8073C9435B3ECC9C.d.203C9248B84833CBD408B57DAD179082.e.2746"},"getText",[]]}
COMMAND: POST /session/08fad45ac65f529ba2de556ddf104458/execute/async - {"script":"<script> [1562 bytes]","args":[{"selector":{"id":"application-managepricingrules-display-component---newInfoPriceItem--condValidTo","interaction":{"idSuffix":"inner"}},"wdio_ui5_key":"applicationmanagepricingrules-display-component---newInfoPriceItem--condValidTo"}]}
RESULT: {"script":"<script> [1562 bytes]","args":[{"selector":{"id":"application-managepricingrules-display-component---newInfoPriceItem--condValidTo","interaction":{"idSuffix":"inner"}},"wdio_ui5_key":"applicationmanagepricingrules-display-component---newInfoPriceItem--condValidTo"}]}
RESULT: undefined
COMMAND: POST /session/08fad45ac65f529ba2de556ddf104458/execute/async - {"script":"<script> [776 bytes]","args":[{"enterText":"1/20/26","selector":{"id":"application-managepricingrules-display-component---newInfoPriceItem--condValidTo","interaction":{"idSuffix":"inner"}},"clearTextFirst":true,"interactionType":"ENTER_TEXT"}]}
RESULT: {"script":"<script> [776 bytes]","args":[{"enterText":"1/20/26","selector":{"id":"application-managepricingrules-display-component---newInfoPriceItem--condValidTo","interaction":{"idSuffix":"inner"}},"clearTextFirst":true,"interactionType":"ENTER_TEXT"}]}
COMMAND: POST /session/08fad45ac65f529ba2de556ddf104458/element - {"using":"xpath","value":"//input[@id=\"application-managepricingrules-display-component---newInfoPriceItem--condRU-inner\"]"}
RESULT: {"using":"xpath","value":"//input[@id=\"application-managepricingrules-display-component---newInfoPriceItem--condRU-inner\"]"}
COMMAND: POST /session/08fad45ac65f529ba2de556ddf104458/element/f.9D9AE82FA30F8FEE8073C9435B3ECC9C.d.203C9248B84833CBD408B57DAD179082.e.2716/clear - {}
RESULT: {}
COMMAND: POST /session/08fad45ac65f529ba2de556ddf104458/element/f.9D9AE82FA30F8FEE8073C9435B3ECC9C.d.203C9248B84833CBD408B57DAD179082.e.2716/value - {"text":"QWOevSJ4mF"}
COMMAND: GET /session/08fad45ac65f529ba2de556ddf104458/screenshot - {}
RESULT: {"text":"QWOevSJ4mF"}
COMMAND: GET /session/08fad45ac65f529ba2de556ddf104458/screenshot - {}
RESULT: {}
RESULT: {}
COMMAND: POST /session/08fad45ac65f529ba2de556ddf104458/execute/async - {"script":"<script> [1562 bytes]","args":[{"selector":{"id":"application-managepricingrules-display-component---newInfoPriceItem--billType-arrow"},"wdio_ui5_key":"applicationmanagepricingrules-display-component---newInfoPriceItem--billType-arrow"}]}
RESULT: {"script":"<script> [1562 bytes]","args":[{"selector":{"id":"application-managepricingrules-display-component---newInfoPriceItem--billType-arrow"},"wdio_ui5_key":"applicationmanagepricingrules-display-component---newInfoPriceItem--billType-arrow"}]}
RESULT: undefined
COMMAND: POST /session/08fad45ac65f529ba2de556ddf104458/element - {"using":"xpath","value":"//*[@id=\"application-managepricingrules-display-component---newInfoPriceItem--billType-arrow\"]"}
RESULT: {"using":"xpath","value":"//*[@id=\"application-managepricingrules-display-component---newInfoPriceItem--billType-arrow\"]"}
COMMAND: POST /session/08fad45ac65f529ba2de556ddf104458/element/f.9D9AE82FA30F8FEE8073C9435B3ECC9C.d.203C9248B84833CBD408B57DAD179082.e.2803/click - {}
RESULT: {}
COMMAND: POST /session/08fad45ac65f529ba2de556ddf104458/element - {"using":"xpath","value":"//span[contains(text(), \"OT - Sales (one-time)\")]"}
COMMAND: GET /session/08fad45ac65f529ba2de556ddf104458/screenshot - {}
RESULT: {"using":"xpath","value":"//span[contains(text(), \"OT - Sales (one-time)\")]"}
COMMAND: POST /session/08fad45ac65f529ba2de556ddf104458/element/f.9D9AE82FA30F8FEE8073C9435B3ECC9C.d.203C9248B84833CBD408B57DAD179082.e.2851/click - {}
RESULT: {}
RESULT: {}
COMMAND: POST /session/08fad45ac65f529ba2de556ddf104458/execute/async - {"script":"<script> [1562 bytes]","args":[{"selector":{"id":"application-managepricingrules-display-component---newInfoPriceItem--priceProc-arrow"},"wdio_ui5_key":"applicationmanagepricingrules-display-component---newInfoPriceItem--priceProc-arrow"}]}
COMMAND: GET /session/08fad45ac65f529ba2de556ddf104458/screenshot - {}
RESULT: {"script":"<script> [1562 bytes]","args":[{"selector":{"id":"application-managepricingrules-display-component---newInfoPriceItem--priceProc-arrow"},"wdio_ui5_key":"applicationmanagepricingrules-display-component---newInfoPriceItem--priceProc-arrow"}]}
RESULT: undefined
COMMAND: POST /session/08fad45ac65f529ba2de556ddf104458/element - {"using":"xpath","value":"//*[@id=\"application-managepricingrules-display-component---newInfoPriceItem--priceProc-arrow\"]"}
RESULT: {}
RESULT: {"using":"xpath","value":"//*[@id=\"application-managepricingrules-display-component---newInfoPriceItem--priceProc-arrow\"]"}
COMMAND: POST /session/08fad45ac65f529ba2de556ddf104458/element/f.9D9AE82FA30F8FEE8073C9435B3ECC9C.d.203C9248B84833CBD408B57DAD179082.e.2810/click - {}
RESULT: {}
COMMAND: POST /session/08fad45ac65f529ba2de556ddf104458/element - {"using":"xpath","value":"//span[contains(text(), \"MAT - Material\")]"}
COMMAND: GET /session/08fad45ac65f529ba2de556ddf104458/screenshot - {}
RESULT: {"using":"xpath","value":"//span[contains(text(), \"MAT - Material\")]"}
COMMAND: POST /session/08fad45ac65f529ba2de556ddf104458/element/f.9D9AE82FA30F8FEE8073C9435B3ECC9C.d.203C9248B84833CBD408B57DAD179082.e.2852/click - {}
RESULT: {}
RESULT: {}
COMMAND: POST /session/08fad45ac65f529ba2de556ddf104458/execute/async - {"script":"<script> [1562 bytes]","args":[{"selector":{"id":"application-managepricingrules-display-component---newInfoPriceItem--calcBase-arrow"},"wdio_ui5_key":"applicationmanagepricingrules-display-component---newInfoPriceItem--calcBase-arrow"}]}
COMMAND: GET /session/08fad45ac65f529ba2de556ddf104458/screenshot - {}
RESULT: {"script":"<script> [1562 bytes]","args":[{"selector":{"id":"application-managepricingrules-display-component---newInfoPriceItem--calcBase-arrow"},"wdio_ui5_key":"applicationmanagepricingrules-display-component---newInfoPriceItem--calcBase-arrow"}]}
RESULT: undefined
COMMAND: POST /session/08fad45ac65f529ba2de556ddf104458/element - {"using":"xpath","value":"//*[@id=\"application-managepricingrules-display-component---newInfoPriceItem--calcBase-arrow\"]"}
RESULT: {}
RESULT: {"using":"xpath","value":"//*[@id=\"application-managepricingrules-display-component---newInfoPriceItem--calcBase-arrow\"]"}
COMMAND: POST /session/08fad45ac65f529ba2de556ddf104458/element/f.9D9AE82FA30F8FEE8073C9435B3ECC9C.d.203C9248B84833CBD408B57DAD179082.e.2817/click - {}
RESULT: {}
COMMAND: GET /session/08fad45ac65f529ba2de556ddf104458/screenshot - {}
RESULT: {}
COMMAND: POST /session/08fad45ac65f529ba2de556ddf104458/element - {"using":"xpath","value":"//span[contains(text(), \"0001 - TB(exact month + cal_days)\")]"}
RESULT: {"using":"xpath","value":"//span[contains(text(), \"0001 - TB(exact month + cal_days)\")]"}
COMMAND: POST /session/08fad45ac65f529ba2de556ddf104458/element/f.9D9AE82FA30F8FEE8073C9435B3ECC9C.d.203C9248B84833CBD408B57DAD179082.e.2853/click - {}
RESULT: {}
COMMAND: GET /session/08fad45ac65f529ba2de556ddf104458/screenshot - {}
RESULT: {}
COMMAND: POST /session/08fad45ac65f529ba2de556ddf104458/element - {"using":"xpath","value":"//button[@data-kt=\"saveNewRuleButton\"]"}
RESULT: {"using":"xpath","value":"//button[@data-kt=\"saveNewRuleButton\"]"}
COMMAND: POST /session/08fad45ac65f529ba2de556ddf104458/element/f.9D9AE82FA30F8FEE8073C9435B3ECC9C.d.203C9248B84833CBD408B57DAD179082.e.2838/click - {}
RESULT: {}
COMMAND: GET /session/08fad45ac65f529ba2de556ddf104458/screenshot - {}
RESULT: {}
COMMAND: POST /session/08fad45ac65f529ba2de556ddf104458/execute/async - {"script":"<script> [1562 bytes]","args":[{"selector":{"id":"application-managepricingrules-display-component---priceInfoItem--smartFilterBar-btnBasicSearch","interaction":{"idSuffix":"I"}},"wdio_ui5_key":"applicationmanagepricingrules-display-component---priceInfoItem--smartFilterBar-btnBasicSearch"}]}
RESULT: {"script":"<script> [1562 bytes]","args":[{"selector":{"id":"application-managepricingrules-display-component---priceInfoItem--smartFilterBar-btnBasicSearch","interaction":{"idSuffix":"I"}},"wdio_ui5_key":"applicationmanagepricingrules-display-component---priceInfoItem--smartFilterBar-btnBasicSearch"}]}
RESULT: undefined
COMMAND: POST /session/08fad45ac65f529ba2de556ddf104458/execute/async - {"script":"<script> [776 bytes]","args":[{"enterText":"QWOevSJ4mF","selector":{"id":"application-managepricingrules-display-component---priceInfoItem--smartFilterBar-btnBasicSearch","interaction":{"idSuffix":"I"}},"clearTextFirst":true,"interactionType":"ENTER_TEXT"}]}
RESULT: {"script":"<script> [776 bytes]","args":[{"enterText":"QWOevSJ4mF","selector":{"id":"application-managepricingrules-display-component---priceInfoItem--smartFilterBar-btnBasicSearch","interaction":{"idSuffix":"I"}},"clearTextFirst":true,"interactionType":"ENTER_TEXT"}]}
COMMAND: POST /session/08fad45ac65f529ba2de556ddf104458/actions - {"actions":[{"id":"action10","type":"key","parameters":{},"actions":[{"type":"keyDown","value":"î€‡"},{"type":"pause","duration":10},{"type":"keyUp","value":"î€‡"}]}]}
RESULT: {"actions":[{"id":"action10","type":"key","parameters":{},"actions":[{"type":"keyDown","value":"î€‡"},{"type":"pause","duration":10},{"type":"keyUp","value":"î€‡"}]}]}
COMMAND: GET /session/08fad45ac65f529ba2de556ddf104458/screenshot - {}
RESULT: {}
COMMAND: POST /session/08fad45ac65f529ba2de556ddf104458/element - {"using":"xpath","value":"//span[@id=\"application-managepricingrules-display-component---priceInfoItem--smartTable-header-inner\"]"}
RESULT: {"using":"xpath","value":"//span[@id=\"application-managepricingrules-display-component---priceInfoItem--smartTable-header-inner\"]"}
COMMAND: POST /session/08fad45ac65f529ba2de556ddf104458/elements - {"using":"xpath","value":"//span[@id=\"application-managepricingrules-display-component---priceInfoItem--smartTable-header-inner\"]"}
RESULT: {"using":"xpath","value":"//span[@id=\"application-managepricingrules-display-component---priceInfoItem--smartTable-header-inner\"]"}
COMMAND: POST /session/08fad45ac65f529ba2de556ddf104458/execute/sync - {"script":"<script> [56 bytes]","args":[{"element-6066-11e4-a52e-4f735466cecf":"f.9D9AE82FA30F8FEE8073C9435B3ECC9C.d.203C9248B84833CBD408B57DAD179082.e.2883","ELEMENT":"f.9D9AE82FA30F8FEE8073C9435B3ECC9C.d.203C9248B84833CBD408B57DAD179082.e.2883"}]}
RESULT: {"script":"<script> [56 bytes]","args":[{"element-6066-11e4-a52e-4f735466cecf":"f.9D9AE82FA30F8FEE8073C9435B3ECC9C.d.203C9248B84833CBD408B57DAD179082.e.2883","ELEMENT":"f.9D9AE82FA30F8FEE8073C9435B3ECC9C.d.203C9248B84833CBD408B57DAD179082.e.2883"}]}
COMMAND: POST /session/08fad45ac65f529ba2de556ddf104458/element - {"using":"css selector","value":"#shell-header-logo"}
COMMAND: GET /session/08fad45ac65f529ba2de556ddf104458/screenshot - {}
RESULT: {"using":"css selector","value":"#shell-header-logo"}
COMMAND: POST /session/08fad45ac65f529ba2de556ddf104458/element/f.9D9AE82FA30F8FEE8073C9435B3ECC9C.d.203C9248B84833CBD408B57DAD179082.e.2368/click - {}
RESULT: {}
RESULT: {}
COMMAND: GET /session/08fad45ac65f529ba2de556ddf104458/screenshot - {}
RESULT: {}
COMMAND: POST /session/08fad45ac65f529ba2de556ddf104458/element - {"using":"css selector","value":"#j_username"}
COMMAND: POST /session/08fad45ac65f529ba2de556ddf104458/url - {"url":"https://qa-testing-00-live-etm-ui.cfapps.eu10-004.hana.ondemand.com/"}
RESULT: {"using":"css selector","value":"#j_username"}
COMMAND: POST /session/08fad45ac65f529ba2de556ddf104458/element - {"using":"css selector","value":"#j_username"}
RESULT: {"url":"https://qa-testing-00-live-etm-ui.cfapps.eu10-004.hana.ondemand.com/"}
RESULT: undefined
COMMAND: GET /session/08fad45ac65f529ba2de556ddf104458/screenshot - {}
RESULT: {"using":"css selector","value":"#j_username"}
COMMAND: POST /session/08fad45ac65f529ba2de556ddf104458/element - {"using":"css selector","value":"#shell-header-logo"}
RESULT: {}
RESULT: {"using":"css selector","value":"#shell-header-logo"}
COMMAND: POST /session/08fad45ac65f529ba2de556ddf104458/execute/sync - {"script":"<script> [8489 bytes]","args":[{"element-6066-11e4-a52e-4f735466cecf":"f.9D9AE82FA30F8FEE8073C9435B3ECC9C.d.99F1E8FD6BED62AD63FF854C0A1FF076.e.2897","ELEMENT":"f.9D9AE82FA30F8FEE8073C9435B3ECC9C.d.99F1E8FD6BED62AD63FF854C0A1FF076.e.2897"}]}
RESULT: {"script":"<script> [8489 bytes]","args":[{"element-6066-11e4-a52e-4f735466cecf":"f.9D9AE82FA30F8FEE8073C9435B3ECC9C.d.99F1E8FD6BED62AD63FF854C0A1FF076.e.2897","ELEMENT":"f.9D9AE82FA30F8FEE8073C9435B3ECC9C.d.99F1E8FD6BED62AD63FF854C0A1FF076.e.2897"}]}
COMMAND: POST /session/08fad45ac65f529ba2de556ddf104458/element - {"using":"css selector","value":"#shell-header-logo"}
COMMAND: GET /session/08fad45ac65f529ba2de556ddf104458/screenshot - {}
RESULT: {"using":"css selector","value":"#shell-header-logo"}
COMMAND: POST /session/08fad45ac65f529ba2de556ddf104458/execute/sync - {"script":"<script> [8489 bytes]","args":[{"element-6066-11e4-a52e-4f735466cecf":"f.9D9AE82FA30F8FEE8073C9435B3ECC9C.d.99F1E8FD6BED62AD63FF854C0A1FF076.e.2897","ELEMENT":"f.9D9AE82FA30F8FEE8073C9435B3ECC9C.d.99F1E8FD6BED62AD63FF854C0A1FF076.e.2897"}]}
RESULT: {}
RESULT: {"script":"<script> [8489 bytes]","args":[{"element-6066-11e4-a52e-4f735466cecf":"f.9D9AE82FA30F8FEE8073C9435B3ECC9C.d.99F1E8FD6BED62AD63FF854C0A1FF076.e.2897","ELEMENT":"f.9D9AE82FA30F8FEE8073C9435B3ECC9C.d.99F1E8FD6BED62AD63FF854C0A1FF076.e.2897"}]}
COMMAND: POST /session/08fad45ac65f529ba2de556ddf104458/execute/sync - {"script":"<script> [5351 bytes]","args":[{"element-6066-11e4-a52e-4f735466cecf":"f.9D9AE82FA30F8FEE8073C9435B3ECC9C.d.99F1E8FD6BED62AD63FF854C0A1FF076.e.2897","ELEMENT":"f.9D9AE82FA30F8FEE8073C9435B3ECC9C.d.99F1E8FD6BED62AD63FF854C0A1FF076.e.2897"}]}
COMMAND: GET /session/08fad45ac65f529ba2de556ddf104458/screenshot - {}
RESULT: {"script":"<script> [5351 bytes]","args":[{"element-6066-11e4-a52e-4f735466cecf":"f.9D9AE82FA30F8FEE8073C9435B3ECC9C.d.99F1E8FD6BED62AD63FF854C0A1FF076.e.2897","ELEMENT":"f.9D9AE82FA30F8FEE8073C9435B3ECC9C.d.99F1E8FD6BED62AD63FF854C0A1FF076.e.2897"}]}
COMMAND: POST /session/08fad45ac65f529ba2de556ddf104458/element - {"using":"css selector","value":"#shell-header-logo"}
COMMAND: GET /session/08fad45ac65f529ba2de556ddf104458/screenshot - {}
RESULT: {}
RESULT: {"using":"css selector","value":"#shell-header-logo"}
COMMAND: POST /session/08fad45ac65f529ba2de556ddf104458/element/f.9D9AE82FA30F8FEE8073C9435B3ECC9C.d.99F1E8FD6BED62AD63FF854C0A1FF076.e.2897/click - {}
RESULT: {}
RESULT: {}
COMMAND: GET /session/08fad45ac65f529ba2de556ddf104458/screenshot - {}
RESULT: {}
COMMAND: POST /session/08fad45ac65f529ba2de556ddf104458/execute/async - {"script":"<script> [189 bytes]","args":[]}
RESULT: {"script":"<script> [189 bytes]","args":[]}
COMMAND: POST /session/08fad45ac65f529ba2de556ddf104458/execute/async - {"script":"<script> [123 bytes]","args":[]}
RESULT: {"script":"<script> [123 bytes]","args":[]}
COMMAND: POST /session/08fad45ac65f529ba2de556ddf104458/timeouts - {"script":"<number>"}
RESULT: {"script":"<number>"}
COMMAND: GET /session/08fad45ac65f529ba2de556ddf104458/timeouts - {}
RESULT: {}
RESULT: undefined
COMMAND: POST /session/08fad45ac65f529ba2de556ddf104458/execute/async - {"script":"<script> [2676 bytes]","args":[]}
RESULT: {"script":"<script> [2676 bytes]","args":[]}
COMMAND: POST /session/08fad45ac65f529ba2de556ddf104458/execute/async - {"script":"<script> [2342 bytes]","args":[{"protocol":"http","hostname":"0.0.0.0","path":"/","capabilities":{"browserName":"chrome","goog:chromeOptions":{"binary":"C:\\Program Files\\Google\\Chrome\\Application\\chrome.exe","args":["--start-maximized"]}},"logLevel":"warn","connectionRetryTimeout":120000,"connectionRetryCount":3,"logLevels":{},"enableDirectConnect":true,"strictSSL":true,"_":"65 more keys: [\"cacheDir\",\"port\",\"requestedCapabilities\",\"automationProtocol\",\"baseUrl\",\"waitforInterval\",\"waitforTimeout\",\"onReload\",\"beforeCommand\",\"afterCommand\",\"rootDir\",\"specs\",\"suites\",\"exclude\",\"groupLogsByTestSpec\",\"excludeDriverLogs\",\"bail\",\"framework\",\"reporters\",\"services\",\"maxInstances\",\"maxInstancesPerCapability\",\"injectGlobals\",\"filesToWatch\",\"execArgv\",\"runnerEnv\",\"runner\",\"shard\",\"specFileRetries\",\"specFileRetriesDelay\",\"specFileRetriesDeferred\",\"reporterSyncInterval\",\"reporterSyncTimeout\",\"cucumberFeaturesWithLineNumbers\",\"autoCompileOpts\",\"mochaOpts\",\"jasmineOpts\",\"cucumberOpts\",\"onPrepare\",\"onWorkerStart\",\"onWorkerEnd\",\"before\",\"beforeSession\",\"beforeSuite\",\"beforeHook\",\"beforeTest\",\"afterTest\",\"afterHook\",\"afterSuite\",\"afterSession\",\"after\",\"onComplete\",\"beforeAssertion\",\"afterAssertion\",\"beforeFeature\",\"beforeScenario\",\"beforeStep\",\"afterStep\",\"afterScenario\",\"afterFeature\",\"_\",\"suite\",\"$0\",\"ignoredWorkerServices\",\"wdi5\"]"}]}
RESULT: {"script":"<script> [2342 bytes]","args":[{"protocol":"http","hostname":"0.0.0.0","path":"/","capabilities":{"browserName":"chrome","goog:chromeOptions":{"binary":"C:\\Program Files\\Google\\Chrome\\Application\\chrome.exe","args":["--start-maximized"]}},"logLevel":"warn","connectionRetryTimeout":120000,"connectionRetryCount":3,"logLevels":{},"enableDirectConnect":true,"strictSSL":true,"_":"65 more keys: [\"cacheDir\",\"port\",\"requestedCapabilities\",\"automationProtocol\",\"baseUrl\",\"waitforInterval\",\"waitforTimeout\",\"onReload\",\"beforeCommand\",\"afterCommand\",\"rootDir\",\"specs\",\"suites\",\"exclude\",\"groupLogsByTestSpec\",\"excludeDriverLogs\",\"bail\",\"framework\",\"reporters\",\"services\",\"maxInstances\",\"maxInstancesPerCapability\",\"injectGlobals\",\"filesToWatch\",\"execArgv\",\"runnerEnv\",\"runner\",\"shard\",\"specFileRetries\",\"specFileRetriesDelay\",\"specFileRetriesDeferred\",\"reporterSyncInterval\",\"reporterSyncTimeout\",\"cucumberFeaturesWithLineNumbers\",\"autoCompileOpts\",\"mochaOpts\",\"jasmineOpts\",\"cucumberOpts\",\"onPrepare\",\"onWorkerStart\",\"onWorkerEnd\",\"before\",\"beforeSession\",\"beforeSuite\",\"beforeHook\",\"beforeTest\",\"afterTest\",\"afterHook\",\"afterSuite\",\"afterSession\",\"after\",\"onComplete\",\"beforeAssertion\",\"afterAssertion\",\"beforeFeature\",\"beforeScenario\",\"beforeStep\",\"afterStep\",\"afterScenario\",\"afterFeature\",\"_\",\"suite\",\"$0\",\"ignoredWorkerServices\",\"wdi5\"]"}]}
COMMAND: POST /session/08fad45ac65f529ba2de556ddf104458/execute/async - {"script":"<script> [21126 bytes]","args":[35000]}
RESULT: {"script":"<script> [21126 bytes]","args":[35000]}
COMMAND: POST /session/08fad45ac65f529ba2de556ddf104458/window/maximize - {}
RESULT: {}
COMMAND: POST /session/08fad45ac65f529ba2de556ddf104458/execute/async - {"script":"<script> [1562 bytes]","args":[{"selector":{"id":"shell-header","interaction":{"idSuffix":"icon"}},"wdio_ui5_key":"shellheader"}]}
COMMAND: GET /session/08fad45ac65f529ba2de556ddf104458/screenshot - {}
RESULT: {"script":"<script> [1562 bytes]","args":[{"selector":{"id":"shell-header","interaction":{"idSuffix":"icon"}},"wdio_ui5_key":"shellheader"}]}
RESULT: undefined
COMMAND: POST /session/08fad45ac65f529ba2de556ddf104458/refresh - {}
RESULT: {}
RESULT: {}
COMMAND: GET /session/08fad45ac65f529ba2de556ddf104458/screenshot - {}
RESULT: {}
COMMAND: POST /session/08fad45ac65f529ba2de556ddf104458/refresh - {}
RESULT: {}
COMMAND: GET /session/08fad45ac65f529ba2de556ddf104458/screenshot - {}
RESULT: {}
COMMAND: POST /session/08fad45ac65f529ba2de556ddf104458/window/fullscreen - {}
RESULT: {}
COMMAND: POST /session/08fad45ac65f529ba2de556ddf104458/execute/async - {"script":"<script> [189 bytes]","args":[]}
RESULT: {"script":"<script> [189 bytes]","args":[]}
COMMAND: POST /session/08fad45ac65f529ba2de556ddf104458/execute/async - {"script":"<script> [123 bytes]","args":[]}
RESULT: {"script":"<script> [123 bytes]","args":[]}
COMMAND: POST /session/08fad45ac65f529ba2de556ddf104458/timeouts - {"script":"<number>"}
RESULT: {"script":"<number>"}
COMMAND: GET /session/08fad45ac65f529ba2de556ddf104458/timeouts - {}
RESULT: {}
RESULT: undefined
COMMAND: POST /session/08fad45ac65f529ba2de556ddf104458/execute/async - {"script":"<script> [2676 bytes]","args":[]}
RESULT: {"script":"<script> [2676 bytes]","args":[]}
COMMAND: POST /session/08fad45ac65f529ba2de556ddf104458/execute/async - {"script":"<script> [2342 bytes]","args":[{"protocol":"http","hostname":"0.0.0.0","path":"/","capabilities":{"browserName":"chrome","goog:chromeOptions":{"binary":"C:\\Program Files\\Google\\Chrome\\Application\\chrome.exe","args":["--start-maximized"]}},"logLevel":"warn","connectionRetryTimeout":120000,"connectionRetryCount":3,"logLevels":{},"enableDirectConnect":true,"strictSSL":true,"_":"65 more keys: [\"cacheDir\",\"port\",\"requestedCapabilities\",\"automationProtocol\",\"baseUrl\",\"waitforInterval\",\"waitforTimeout\",\"onReload\",\"beforeCommand\",\"afterCommand\",\"rootDir\",\"specs\",\"suites\",\"exclude\",\"groupLogsByTestSpec\",\"excludeDriverLogs\",\"bail\",\"framework\",\"reporters\",\"services\",\"maxInstances\",\"maxInstancesPerCapability\",\"injectGlobals\",\"filesToWatch\",\"execArgv\",\"runnerEnv\",\"runner\",\"shard\",\"specFileRetries\",\"specFileRetriesDelay\",\"specFileRetriesDeferred\",\"reporterSyncInterval\",\"reporterSyncTimeout\",\"cucumberFeaturesWithLineNumbers\",\"autoCompileOpts\",\"mochaOpts\",\"jasmineOpts\",\"cucumberOpts\",\"onPrepare\",\"onWorkerStart\",\"onWorkerEnd\",\"before\",\"beforeSession\",\"beforeSuite\",\"beforeHook\",\"beforeTest\",\"afterTest\",\"afterHook\",\"afterSuite\",\"afterSession\",\"after\",\"onComplete\",\"beforeAssertion\",\"afterAssertion\",\"beforeFeature\",\"beforeScenario\",\"beforeStep\",\"afterStep\",\"afterScenario\",\"afterFeature\",\"_\",\"suite\",\"$0\",\"ignoredWorkerServices\",\"wdi5\"]"}]}
RESULT: {"script":"<script> [2342 bytes]","args":[{"protocol":"http","hostname":"0.0.0.0","path":"/","capabilities":{"browserName":"chrome","goog:chromeOptions":{"binary":"C:\\Program Files\\Google\\Chrome\\Application\\chrome.exe","args":["--start-maximized"]}},"logLevel":"warn","connectionRetryTimeout":120000,"connectionRetryCount":3,"logLevels":{},"enableDirectConnect":true,"strictSSL":true,"_":"65 more keys: [\"cacheDir\",\"port\",\"requestedCapabilities\",\"automationProtocol\",\"baseUrl\",\"waitforInterval\",\"waitforTimeout\",\"onReload\",\"beforeCommand\",\"afterCommand\",\"rootDir\",\"specs\",\"suites\",\"exclude\",\"groupLogsByTestSpec\",\"excludeDriverLogs\",\"bail\",\"framework\",\"reporters\",\"services\",\"maxInstances\",\"maxInstancesPerCapability\",\"injectGlobals\",\"filesToWatch\",\"execArgv\",\"runnerEnv\",\"runner\",\"shard\",\"specFileRetries\",\"specFileRetriesDelay\",\"specFileRetriesDeferred\",\"reporterSyncInterval\",\"reporterSyncTimeout\",\"cucumberFeaturesWithLineNumbers\",\"autoCompileOpts\",\"mochaOpts\",\"jasmineOpts\",\"cucumberOpts\",\"onPrepare\",\"onWorkerStart\",\"onWorkerEnd\",\"before\",\"beforeSession\",\"beforeSuite\",\"beforeHook\",\"beforeTest\",\"afterTest\",\"afterHook\",\"afterSuite\",\"afterSession\",\"after\",\"onComplete\",\"beforeAssertion\",\"afterAssertion\",\"beforeFeature\",\"beforeScenario\",\"beforeStep\",\"afterStep\",\"afterScenario\",\"afterFeature\",\"_\",\"suite\",\"$0\",\"ignoredWorkerServices\",\"wdi5\"]"}]}
COMMAND: POST /session/08fad45ac65f529ba2de556ddf104458/execute/async - {"script":"<script> [21126 bytes]","args":[35000]}
RESULT: {"script":"<script> [21126 bytes]","args":[35000]}
]]></system-out>
    </testcase>
  </testsuite>
  <testsuite timestamp="2025-05-20T17:07:54" time="401.56" tests="6" failures="0" errors="0" skipped="0">
    <properties>
      <property name="specId" value="0" />
      <property name="suiteName" value="Edit and delete daily price US134629 US134627" />
      <property name="capabilities" value="chrome.136_0_7103_93.windows" />
      <property name="file" value="file:///D:/a/1/s/test/specs/BTS/conditions-prices-daily-price.spec.js" />
    </properties>
    <testcase classname="chrome.136_0_7103_93.windows.Edit_and_delete_daily_price_US134629_US134627" name="Should create a new yard used for all following tests" time="0.01">
      <system-out><![CDATA[
COMMAND: POST /session/08fad45ac65f529ba2de556ddf104458/window/fullscreen - {}
RESULT: {}
]]></system-out>
    </testcase>
    <testcase classname="chrome.136_0_7103_93.windows.Edit_and_delete_daily_price_US134629_US134627" name="Should create a new partner" time="137.511">
      <system-out><![CDATA[
COMMAND: POST /session/08fad45ac65f529ba2de556ddf104458/window/fullscreen - {}
RESULT: {}
COMMAND: POST /session/08fad45ac65f529ba2de556ddf104458/execute/async - {"script":"<script> [1562 bytes]","args":[{"selector":{"controlType":"sap.m.GenericTile","properties":{"header":"Manage Partners"}},"wdio_ui5_key":"sapm.GenericTile{\"header\":\"Manage Partners\"}"}]}
RESULT: {"script":"<script> [1562 bytes]","args":[{"selector":{"controlType":"sap.m.GenericTile","properties":{"header":"Manage Partners"}},"wdio_ui5_key":"sapm.GenericTile{\"header\":\"Manage Partners\"}"}]}
RESULT: undefined
COMMAND: POST /session/08fad45ac65f529ba2de556ddf104458/element - {"using":"xpath","value":"//*[@id=\"__tile38\"]"}
RESULT: {"using":"xpath","value":"//*[@id=\"__tile38\"]"}
COMMAND: POST /session/08fad45ac65f529ba2de556ddf104458/element/f.9D9AE82FA30F8FEE8073C9435B3ECC9C.d.9DB922B95ADFB37745635E478C570535.e.3053/click - {}
RESULT: {}
COMMAND: GET /session/08fad45ac65f529ba2de556ddf104458/screenshot - {}
RESULT: {}
COMMAND: POST /session/08fad45ac65f529ba2de556ddf104458/elements - {"using":"xpath","value":"//span[text()='Error']"}
RESULT: {"using":"xpath","value":"//span[text()='Error']"}
COMMAND: POST /session/08fad45ac65f529ba2de556ddf104458/element - {"using":"xpath","value":"//button[@data-kt=\"addButton\"]"}
RESULT: {"using":"xpath","value":"//button[@data-kt=\"addButton\"]"}
COMMAND: POST /session/08fad45ac65f529ba2de556ddf104458/elements - {"using":"xpath","value":"//button[@data-kt=\"addButton\"]"}
RESULT: {"using":"xpath","value":"//button[@data-kt=\"addButton\"]"}
COMMAND: POST /session/08fad45ac65f529ba2de556ddf104458/execute/sync - {"script":"<script> [8489 bytes]","args":[{"element-6066-11e4-a52e-4f735466cecf":"f.9D9AE82FA30F8FEE8073C9435B3ECC9C.d.9DB922B95ADFB37745635E478C570535.e.3201","ELEMENT":"f.9D9AE82FA30F8FEE8073C9435B3ECC9C.d.9DB922B95ADFB37745635E478C570535.e.3201"}]}
RESULT: {"script":"<script> [8489 bytes]","args":[{"element-6066-11e4-a52e-4f735466cecf":"f.9D9AE82FA30F8FEE8073C9435B3ECC9C.d.9DB922B95ADFB37745635E478C570535.e.3201","ELEMENT":"f.9D9AE82FA30F8FEE8073C9435B3ECC9C.d.9DB922B95ADFB37745635E478C570535.e.3201"}]}
COMMAND: GET /session/08fad45ac65f529ba2de556ddf104458/element/f.9D9AE82FA30F8FEE8073C9435B3ECC9C.d.9DB922B95ADFB37745635E478C570535.e.3201/enabled - {}
COMMAND: GET /session/08fad45ac65f529ba2de556ddf104458/screenshot - {}
RESULT: {}
COMMAND: POST /session/08fad45ac65f529ba2de556ddf104458/execute/sync - {"script":"<script> [8489 bytes]","args":[{"element-6066-11e4-a52e-4f735466cecf":"f.9D9AE82FA30F8FEE8073C9435B3ECC9C.d.9DB922B95ADFB37745635E478C570535.e.3201","ELEMENT":"f.9D9AE82FA30F8FEE8073C9435B3ECC9C.d.9DB922B95ADFB37745635E478C570535.e.3201"}]}
COMMAND: GET /session/08fad45ac65f529ba2de556ddf104458/screenshot - {}
RESULT: {}
RESULT: {"script":"<script> [8489 bytes]","args":[{"element-6066-11e4-a52e-4f735466cecf":"f.9D9AE82FA30F8FEE8073C9435B3ECC9C.d.9DB922B95ADFB37745635E478C570535.e.3201","ELEMENT":"f.9D9AE82FA30F8FEE8073C9435B3ECC9C.d.9DB922B95ADFB37745635E478C570535.e.3201"}]}
COMMAND: POST /session/08fad45ac65f529ba2de556ddf104458/execute/sync - {"script":"<script> [5351 bytes]","args":[{"element-6066-11e4-a52e-4f735466cecf":"f.9D9AE82FA30F8FEE8073C9435B3ECC9C.d.9DB922B95ADFB37745635E478C570535.e.3201","ELEMENT":"f.9D9AE82FA30F8FEE8073C9435B3ECC9C.d.9DB922B95ADFB37745635E478C570535.e.3201"}]}
COMMAND: GET /session/08fad45ac65f529ba2de556ddf104458/screenshot - {}
RESULT: {}
RESULT: {"script":"<script> [5351 bytes]","args":[{"element-6066-11e4-a52e-4f735466cecf":"f.9D9AE82FA30F8FEE8073C9435B3ECC9C.d.9DB922B95ADFB37745635E478C570535.e.3201","ELEMENT":"f.9D9AE82FA30F8FEE8073C9435B3ECC9C.d.9DB922B95ADFB37745635E478C570535.e.3201"}]}
COMMAND: POST /session/08fad45ac65f529ba2de556ddf104458/element/f.9D9AE82FA30F8FEE8073C9435B3ECC9C.d.9DB922B95ADFB37745635E478C570535.e.3201/click - {}
COMMAND: GET /session/08fad45ac65f529ba2de556ddf104458/screenshot - {}
RESULT: {}
RESULT: {}
COMMAND: GET /session/08fad45ac65f529ba2de556ddf104458/screenshot - {}
COMMAND: POST /session/08fad45ac65f529ba2de556ddf104458/execute/async - {"script":"<script> [1562 bytes]","args":[{"selector":{"id":"application-managepartners-display-component---NewPartner--addressDetailDetailsName1","interaction":{"idSuffix":"inner"}},"wdio_ui5_key":"applicationmanagepartners-display-component---NewPartner--addressDetailDetailsName1"}]}
RESULT: {}
RESULT: {}
RESULT: {"script":"<script> [1562 bytes]","args":[{"selector":{"id":"application-managepartners-display-component---NewPartner--addressDetailDetailsName1","interaction":{"idSuffix":"inner"}},"wdio_ui5_key":"applicationmanagepartners-display-component---NewPartner--addressDetailDetailsName1"}]}
RESULT: undefined
COMMAND: POST /session/08fad45ac65f529ba2de556ddf104458/execute/async - {"script":"<script> [776 bytes]","args":[{"enterText":"DailyPrice Partner WDIO","selector":{"id":"application-managepartners-display-component---NewPartner--addressDetailDetailsName1","interaction":{"idSuffix":"inner"}},"clearTextFirst":true,"interactionType":"ENTER_TEXT"}]}
RESULT: {"script":"<script> [776 bytes]","args":[{"enterText":"DailyPrice Partner WDIO","selector":{"id":"application-managepartners-display-component---NewPartner--addressDetailDetailsName1","interaction":{"idSuffix":"inner"}},"clearTextFirst":true,"interactionType":"ENTER_TEXT"}]}
COMMAND: POST /session/08fad45ac65f529ba2de556ddf104458/execute/async - {"script":"<script> [1562 bytes]","args":[{"selector":{"id":"application-managepartners-display-component---NewPartner--addressDetailDetailsLanguage-arrow"},"wdio_ui5_key":"applicationmanagepartners-display-component---NewPartner--addressDetailDetailsLanguage-arrow"}]}
RESULT: {"script":"<script> [1562 bytes]","args":[{"selector":{"id":"application-managepartners-display-component---NewPartner--addressDetailDetailsLanguage-arrow"},"wdio_ui5_key":"applicationmanagepartners-display-component---NewPartner--addressDetailDetailsLanguage-arrow"}]}
RESULT: undefined
COMMAND: POST /session/08fad45ac65f529ba2de556ddf104458/element - {"using":"xpath","value":"//*[@id=\"application-managepartners-display-component---NewPartner--addressDetailDetailsLanguage-arrow\"]"}
RESULT: {"using":"xpath","value":"//*[@id=\"application-managepartners-display-component---NewPartner--addressDetailDetailsLanguage-arrow\"]"}
COMMAND: POST /session/08fad45ac65f529ba2de556ddf104458/element/f.9D9AE82FA30F8FEE8073C9435B3ECC9C.d.9DB922B95ADFB37745635E478C570535.e.3655/click - {}
RESULT: {}
COMMAND: POST /session/08fad45ac65f529ba2de556ddf104458/element - {"using":"xpath","value":"//span[contains(text(), \"English\")]"}
COMMAND: GET /session/08fad45ac65f529ba2de556ddf104458/screenshot - {}
RESULT: {"using":"xpath","value":"//span[contains(text(), \"English\")]"}
COMMAND: POST /session/08fad45ac65f529ba2de556ddf104458/element/f.9D9AE82FA30F8FEE8073C9435B3ECC9C.d.9DB922B95ADFB37745635E478C570535.e.3656/click - {}
RESULT: {}
RESULT: {}
COMMAND: GET /session/08fad45ac65f529ba2de556ddf104458/screenshot - {}
RESULT: {}
COMMAND: POST /session/08fad45ac65f529ba2de556ddf104458/execute/async - {"script":"<script> [1562 bytes]","args":[{"selector":{"id":"application-managepartners-display-component---NewPartner--addressDetailDetailsCity1","interaction":{"idSuffix":"inner"}},"wdio_ui5_key":"applicationmanagepartners-display-component---NewPartner--addressDetailDetailsCity1"}]}
RESULT: {"script":"<script> [1562 bytes]","args":[{"selector":{"id":"application-managepartners-display-component---NewPartner--addressDetailDetailsCity1","interaction":{"idSuffix":"inner"}},"wdio_ui5_key":"applicationmanagepartners-display-component---NewPartner--addressDetailDetailsCity1"}]}
RESULT: undefined
COMMAND: POST /session/08fad45ac65f529ba2de556ddf104458/execute/async - {"script":"<script> [776 bytes]","args":[{"enterText":"Rosario","selector":{"id":"application-managepartners-display-component---NewPartner--addressDetailDetailsCity1","interaction":{"idSuffix":"inner"}},"clearTextFirst":true,"interactionType":"ENTER_TEXT"}]}
RESULT: {"script":"<script> [776 bytes]","args":[{"enterText":"Rosario","selector":{"id":"application-managepartners-display-component---NewPartner--addressDetailDetailsCity1","interaction":{"idSuffix":"inner"}},"clearTextFirst":true,"interactionType":"ENTER_TEXT"}]}
COMMAND: POST /session/08fad45ac65f529ba2de556ddf104458/execute/async - {"script":"<script> [1562 bytes]","args":[{"selector":{"id":"application-managepartners-display-component---NewPartner--addressDetailDetailsCountry-arrow"},"wdio_ui5_key":"applicationmanagepartners-display-component---NewPartner--addressDetailDetailsCountry-arrow"}]}
RESULT: {"script":"<script> [1562 bytes]","args":[{"selector":{"id":"application-managepartners-display-component---NewPartner--addressDetailDetailsCountry-arrow"},"wdio_ui5_key":"applicationmanagepartners-display-component---NewPartner--addressDetailDetailsCountry-arrow"}]}
RESULT: undefined
COMMAND: POST /session/08fad45ac65f529ba2de556ddf104458/element - {"using":"xpath","value":"//*[@id=\"application-managepartners-display-component---NewPartner--addressDetailDetailsCountry-arrow\"]"}
RESULT: {"using":"xpath","value":"//*[@id=\"application-managepartners-display-component---NewPartner--addressDetailDetailsCountry-arrow\"]"}
COMMAND: POST /session/08fad45ac65f529ba2de556ddf104458/element/f.9D9AE82FA30F8FEE8073C9435B3ECC9C.d.9DB922B95ADFB37745635E478C570535.e.3642/click - {}
RESULT: {}
COMMAND: POST /session/08fad45ac65f529ba2de556ddf104458/element - {"using":"xpath","value":"//span[contains(text(), \"Argentina\")]"}
COMMAND: GET /session/08fad45ac65f529ba2de556ddf104458/screenshot - {}
RESULT: {"using":"xpath","value":"//span[contains(text(), \"Argentina\")]"}
COMMAND: POST /session/08fad45ac65f529ba2de556ddf104458/element/f.9D9AE82FA30F8FEE8073C9435B3ECC9C.d.9DB922B95ADFB37745635E478C570535.e.3658/click - {}
RESULT: {}
RESULT: {}
COMMAND: GET /session/08fad45ac65f529ba2de556ddf104458/screenshot - {}
RESULT: {}
COMMAND: POST /session/08fad45ac65f529ba2de556ddf104458/element - {"using":"xpath","value":"//bdi[contains(text(), \"Commercial\")]"}
RESULT: {"using":"xpath","value":"//bdi[contains(text(), \"Commercial\")]"}
COMMAND: POST /session/08fad45ac65f529ba2de556ddf104458/element/f.9D9AE82FA30F8FEE8073C9435B3ECC9C.d.9DB922B95ADFB37745635E478C570535.e.3659/click - {}
RESULT: {}
COMMAND: GET /session/08fad45ac65f529ba2de556ddf104458/screenshot - {}
RESULT: {}
COMMAND: POST /session/08fad45ac65f529ba2de556ddf104458/execute/async - {"script":"<script> [1562 bytes]","args":[{"selector":{"id":"application-managepartners-display-component---NewPartner--partnerDetailInternal-arrow"},"wdio_ui5_key":"applicationmanagepartners-display-component---NewPartner--partnerDetailInternal-arrow"}]}
RESULT: {"script":"<script> [1562 bytes]","args":[{"selector":{"id":"application-managepartners-display-component---NewPartner--partnerDetailInternal-arrow"},"wdio_ui5_key":"applicationmanagepartners-display-component---NewPartner--partnerDetailInternal-arrow"}]}
RESULT: undefined
COMMAND: POST /session/08fad45ac65f529ba2de556ddf104458/element - {"using":"xpath","value":"//*[@id=\"application-managepartners-display-component---NewPartner--partnerDetailInternal-arrow\"]"}
RESULT: {"using":"xpath","value":"//*[@id=\"application-managepartners-display-component---NewPartner--partnerDetailInternal-arrow\"]"}
COMMAND: POST /session/08fad45ac65f529ba2de556ddf104458/element/f.9D9AE82FA30F8FEE8073C9435B3ECC9C.d.9DB922B95ADFB37745635E478C570535.e.3663/click - {}
RESULT: {}
COMMAND: POST /session/08fad45ac65f529ba2de556ddf104458/element - {"using":"xpath","value":"//span[contains(text(), \"Affiliated company\")]"}
COMMAND: GET /session/08fad45ac65f529ba2de556ddf104458/screenshot - {}
RESULT: {"using":"xpath","value":"//span[contains(text(), \"Affiliated company\")]"}
COMMAND: POST /session/08fad45ac65f529ba2de556ddf104458/element/f.9D9AE82FA30F8FEE8073C9435B3ECC9C.d.9DB922B95ADFB37745635E478C570535.e.3667/click - {}
RESULT: {}
RESULT: {}
COMMAND: POST /session/08fad45ac65f529ba2de556ddf104458/execute/async - {"script":"<script> [1562 bytes]","args":[{"selector":{"id":"application-managepartners-display-component---NewPartner--partnerDetailsCurrency-arrow"},"wdio_ui5_key":"applicationmanagepartners-display-component---NewPartner--partnerDetailsCurrency-arrow"}]}
COMMAND: GET /session/08fad45ac65f529ba2de556ddf104458/screenshot - {}
RESULT: {"script":"<script> [1562 bytes]","args":[{"selector":{"id":"application-managepartners-display-component---NewPartner--partnerDetailsCurrency-arrow"},"wdio_ui5_key":"applicationmanagepartners-display-component---NewPartner--partnerDetailsCurrency-arrow"}]}
RESULT: undefined
COMMAND: POST /session/08fad45ac65f529ba2de556ddf104458/element - {"using":"xpath","value":"//*[@id=\"application-managepartners-display-component---NewPartner--partnerDetailsCurrency-arrow\"]"}
RESULT: {}
RESULT: {"using":"xpath","value":"//*[@id=\"application-managepartners-display-component---NewPartner--partnerDetailsCurrency-arrow\"]"}
COMMAND: POST /session/08fad45ac65f529ba2de556ddf104458/element/f.9D9AE82FA30F8FEE8073C9435B3ECC9C.d.9DB922B95ADFB37745635E478C570535.e.3674/click - {}
RESULT: {}
COMMAND: POST /session/08fad45ac65f529ba2de556ddf104458/element - {"using":"xpath","value":"//span[contains(text(), \"Euro\")]"}
COMMAND: GET /session/08fad45ac65f529ba2de556ddf104458/screenshot - {}
RESULT: {"using":"xpath","value":"//span[contains(text(), \"Euro\")]"}
COMMAND: POST /session/08fad45ac65f529ba2de556ddf104458/element/f.9D9AE82FA30F8FEE8073C9435B3ECC9C.d.9DB922B95ADFB37745635E478C570535.e.3675/click - {}
RESULT: {}
RESULT: {}
COMMAND: POST /session/08fad45ac65f529ba2de556ddf104458/execute/async - {"script":"<script> [1562 bytes]","args":[{"selector":{"id":"application-managepartners-display-component---NewPartner--addressEditDetailsCostObjectCstType-arrow"},"wdio_ui5_key":"applicationmanagepartners-display-component---NewPartner--addressEditDetailsCostObjectCstType-arrow"}]}
COMMAND: GET /session/08fad45ac65f529ba2de556ddf104458/screenshot - {}
RESULT: {"script":"<script> [1562 bytes]","args":[{"selector":{"id":"application-managepartners-display-component---NewPartner--addressEditDetailsCostObjectCstType-arrow"},"wdio_ui5_key":"applicationmanagepartners-display-component---NewPartner--addressEditDetailsCostObjectCstType-arrow"}]}
RESULT: undefined
COMMAND: POST /session/08fad45ac65f529ba2de556ddf104458/element - {"using":"xpath","value":"//*[@id=\"application-managepartners-display-component---NewPartner--addressEditDetailsCostObjectCstType-arrow\"]"}
RESULT: {}
RESULT: {"using":"xpath","value":"//*[@id=\"application-managepartners-display-component---NewPartner--addressEditDetailsCostObjectCstType-arrow\"]"}
COMMAND: POST /session/08fad45ac65f529ba2de556ddf104458/element/f.9D9AE82FA30F8FEE8073C9435B3ECC9C.d.9DB922B95ADFB37745635E478C570535.e.3676/click - {}
RESULT: {}
COMMAND: POST /session/08fad45ac65f529ba2de556ddf104458/element - {"using":"xpath","value":"//span[contains(text(), \"Cost Center\")]"}
COMMAND: GET /session/08fad45ac65f529ba2de556ddf104458/screenshot - {}
RESULT: {"using":"xpath","value":"//span[contains(text(), \"Cost Center\")]"}
COMMAND: POST /session/08fad45ac65f529ba2de556ddf104458/element/f.9D9AE82FA30F8FEE8073C9435B3ECC9C.d.9DB922B95ADFB37745635E478C570535.e.3677/click - {}
RESULT: {}
RESULT: {}
COMMAND: GET /session/08fad45ac65f529ba2de556ddf104458/screenshot - {}
RESULT: {}
COMMAND: POST /session/08fad45ac65f529ba2de556ddf104458/element - {"using":"xpath","value":"//span[@id=\"application-managepartners-display-component---NewPartner--addressNewCostObjectCstID-vhi\"]"}
RESULT: {"using":"xpath","value":"//span[@id=\"application-managepartners-display-component---NewPartner--addressNewCostObjectCstID-vhi\"]"}
COMMAND: POST /session/08fad45ac65f529ba2de556ddf104458/execute/sync - {"script":"<script> [8489 bytes]","args":[{"element-6066-11e4-a52e-4f735466cecf":"f.9D9AE82FA30F8FEE8073C9435B3ECC9C.d.9DB922B95ADFB37745635E478C570535.e.3681","ELEMENT":"f.9D9AE82FA30F8FEE8073C9435B3ECC9C.d.9DB922B95ADFB37745635E478C570535.e.3681"}]}
RESULT: {"script":"<script> [8489 bytes]","args":[{"element-6066-11e4-a52e-4f735466cecf":"f.9D9AE82FA30F8FEE8073C9435B3ECC9C.d.9DB922B95ADFB37745635E478C570535.e.3681","ELEMENT":"f.9D9AE82FA30F8FEE8073C9435B3ECC9C.d.9DB922B95ADFB37745635E478C570535.e.3681"}]}
COMMAND: POST /session/08fad45ac65f529ba2de556ddf104458/execute/async - {"script":"<script> [1562 bytes]","args":[{"selector":{"id":"application-managepartners-display-component---NewPartner--addressNewCostObjectCstID-vhi"},"wdio_ui5_key":"applicationmanagepartners-display-component---NewPartner--addressNewCostObjectCstID-vhi"}]}
COMMAND: GET /session/08fad45ac65f529ba2de556ddf104458/screenshot - {}
RESULT: {"script":"<script> [1562 bytes]","args":[{"selector":{"id":"application-managepartners-display-component---NewPartner--addressNewCostObjectCstID-vhi"},"wdio_ui5_key":"applicationmanagepartners-display-component---NewPartner--addressNewCostObjectCstID-vhi"}]}
RESULT: undefined
COMMAND: POST /session/08fad45ac65f529ba2de556ddf104458/element - {"using":"xpath","value":"//*[@id=\"application-managepartners-display-component---NewPartner--addressNewCostObjectCstID-vhi\"]"}
RESULT: {}
RESULT: {"using":"xpath","value":"//*[@id=\"application-managepartners-display-component---NewPartner--addressNewCostObjectCstID-vhi\"]"}
COMMAND: POST /session/08fad45ac65f529ba2de556ddf104458/element/f.9D9AE82FA30F8FEE8073C9435B3ECC9C.d.9DB922B95ADFB37745635E478C570535.e.3681/click - {}
RESULT: {}
COMMAND: GET /session/08fad45ac65f529ba2de556ddf104458/screenshot - {}
RESULT: {}
COMMAND: POST /session/08fad45ac65f529ba2de556ddf104458/execute/async - {"script":"<script> [1562 bytes]","args":[{"selector":{"controlType":"sap.m.SearchField","properties":{"placeholder":"Search"},"searchOpenDialogs":true,"interaction":{"idSuffix":"I"}},"wdio_ui5_key":"sapm.SearchField{\"placeholder\":\"Search\"}"}]}
RESULT: {"script":"<script> [1562 bytes]","args":[{"selector":{"controlType":"sap.m.SearchField","properties":{"placeholder":"Search"},"searchOpenDialogs":true,"interaction":{"idSuffix":"I"}},"wdio_ui5_key":"sapm.SearchField{\"placeholder\":\"Search\"}"}]}
RESULT: undefined
COMMAND: POST /session/08fad45ac65f529ba2de556ddf104458/execute/async - {"script":"<script> [776 bytes]","args":[{"enterText":"10001013","selector":{"controlType":"sap.m.SearchField","properties":{"placeholder":"Search"},"searchOpenDialogs":true,"interaction":{"idSuffix":"I"}},"clearTextFirst":true,"interactionType":"ENTER_TEXT"}]}
RESULT: {"script":"<script> [776 bytes]","args":[{"enterText":"10001013","selector":{"controlType":"sap.m.SearchField","properties":{"placeholder":"Search"},"searchOpenDialogs":true,"interaction":{"idSuffix":"I"}},"clearTextFirst":true,"interactionType":"ENTER_TEXT"}]}
COMMAND: POST /session/08fad45ac65f529ba2de556ddf104458/actions - {"actions":[{"id":"action11","type":"key","parameters":{},"actions":[{"type":"keyDown","value":"î€‡"},{"type":"pause","duration":10},{"type":"keyUp","value":"î€‡"}]}]}
RESULT: {"actions":[{"id":"action11","type":"key","parameters":{},"actions":[{"type":"keyDown","value":"î€‡"},{"type":"pause","duration":10},{"type":"keyUp","value":"î€‡"}]}]}
COMMAND: GET /session/08fad45ac65f529ba2de556ddf104458/screenshot - {}
RESULT: {}
COMMAND: POST /session/08fad45ac65f529ba2de556ddf104458/element - {"using":"xpath","value":"//span[contains(text(), \"General Management\")]"}
RESULT: {"using":"xpath","value":"//span[contains(text(), \"General Management\")]"}
COMMAND: POST /session/08fad45ac65f529ba2de556ddf104458/element/f.9D9AE82FA30F8FEE8073C9435B3ECC9C.d.9DB922B95ADFB37745635E478C570535.e.3723/click - {}
RESULT: {}
COMMAND: GET /session/08fad45ac65f529ba2de556ddf104458/screenshot - {}
RESULT: {}
COMMAND: POST /session/08fad45ac65f529ba2de556ddf104458/element - {"using":"xpath","value":"//bdi[contains(text(), \"OK\")]"}
RESULT: {"using":"xpath","value":"//bdi[contains(text(), \"OK\")]"}
COMMAND: POST /session/08fad45ac65f529ba2de556ddf104458/element/f.9D9AE82FA30F8FEE8073C9435B3ECC9C.d.9DB922B95ADFB37745635E478C570535.e.3724/click - {}
RESULT: {}
COMMAND: GET /session/08fad45ac65f529ba2de556ddf104458/screenshot - {}
RESULT: {}
COMMAND: POST /session/08fad45ac65f529ba2de556ddf104458/element - {"using":"xpath","value":"//input[@id=\"application-managepartners-display-component---NewPartner--companyCodeComboBox-inner\"]"}
RESULT: {"using":"xpath","value":"//input[@id=\"application-managepartners-display-component---NewPartner--companyCodeComboBox-inner\"]"}
COMMAND: POST /session/08fad45ac65f529ba2de556ddf104458/element/f.9D9AE82FA30F8FEE8073C9435B3ECC9C.d.9DB922B95ADFB37745635E478C570535.e.3524/clear - {}
RESULT: {}
COMMAND: POST /session/08fad45ac65f529ba2de556ddf104458/element/f.9D9AE82FA30F8FEE8073C9435B3ECC9C.d.9DB922B95ADFB37745635E478C570535.e.3524/value - {"text":"C002"}
COMMAND: GET /session/08fad45ac65f529ba2de556ddf104458/screenshot - {}
RESULT: {"text":"C002"}
COMMAND: GET /session/08fad45ac65f529ba2de556ddf104458/screenshot - {}
RESULT: {}
RESULT: {}
COMMAND: POST /session/08fad45ac65f529ba2de556ddf104458/element - {"using":"xpath","value":"//li[.//span[text()= \"C002\"]]"}
RESULT: {"using":"xpath","value":"//li[.//span[text()= \"C002\"]]"}
COMMAND: POST /session/08fad45ac65f529ba2de556ddf104458/element/f.9D9AE82FA30F8FEE8073C9435B3ECC9C.d.9DB922B95ADFB37745635E478C570535.e.3730/click - {}
RESULT: {}
COMMAND: GET /session/08fad45ac65f529ba2de556ddf104458/screenshot - {}
RESULT: {}
COMMAND: POST /session/08fad45ac65f529ba2de556ddf104458/execute/async - {"script":"<script> [1562 bytes]","args":[{"selector":{"id":"application-managepartners-display-component---NewPartner--btnAddTableRow-img"},"wdio_ui5_key":"applicationmanagepartners-display-component---NewPartner--btnAddTableRow-img"}]}
RESULT: {"script":"<script> [1562 bytes]","args":[{"selector":{"id":"application-managepartners-display-component---NewPartner--btnAddTableRow-img"},"wdio_ui5_key":"applicationmanagepartners-display-component---NewPartner--btnAddTableRow-img"}]}
RESULT: undefined
COMMAND: POST /session/08fad45ac65f529ba2de556ddf104458/element - {"using":"xpath","value":"//*[@id=\"application-managepartners-display-component---NewPartner--btnAddTableRow-img\"]"}
RESULT: {"using":"xpath","value":"//*[@id=\"application-managepartners-display-component---NewPartner--btnAddTableRow-img\"]"}
COMMAND: POST /session/08fad45ac65f529ba2de556ddf104458/element/f.9D9AE82FA30F8FEE8073C9435B3ECC9C.d.9DB922B95ADFB37745635E478C570535.e.3731/click - {}
RESULT: {}
COMMAND: GET /session/08fad45ac65f529ba2de556ddf104458/screenshot - {}
RESULT: {}
COMMAND: POST /session/08fad45ac65f529ba2de556ddf104458/element - {"using":"xpath","value":"//input[@id=\"application-managepartners-display-component---NewPartner--assignmentYard-application-managepartners-display-component---NewPartner--assignmentsTable-0-inner\"]"}
RESULT: {"using":"xpath","value":"//input[@id=\"application-managepartners-display-component---NewPartner--assignmentYard-application-managepartners-display-component---NewPartner--assignmentsTable-0-inner\"]"}
COMMAND: POST /session/08fad45ac65f529ba2de556ddf104458/element/f.9D9AE82FA30F8FEE8073C9435B3ECC9C.d.9DB922B95ADFB37745635E478C570535.e.3734/clear - {}
RESULT: {}
COMMAND: POST /session/08fad45ac65f529ba2de556ddf104458/element/f.9D9AE82FA30F8FEE8073C9435B3ECC9C.d.9DB922B95ADFB37745635E478C570535.e.3734/value - {"text":"597"}
COMMAND: GET /session/08fad45ac65f529ba2de556ddf104458/screenshot - {}
RESULT: {"text":"597"}
COMMAND: GET /session/08fad45ac65f529ba2de556ddf104458/screenshot - {}
RESULT: {}
RESULT: {}
COMMAND: POST /session/08fad45ac65f529ba2de556ddf104458/element - {"using":"xpath","value":"//li[.//span[text()='597']]"}
RESULT: {"using":"xpath","value":"//li[.//span[text()='597']]"}
COMMAND: POST /session/08fad45ac65f529ba2de556ddf104458/element/f.9D9AE82FA30F8FEE8073C9435B3ECC9C.d.9DB922B95ADFB37745635E478C570535.e.3743/click - {}
RESULT: {}
COMMAND: GET /session/08fad45ac65f529ba2de556ddf104458/screenshot - {}
RESULT: {}
COMMAND: POST /session/08fad45ac65f529ba2de556ddf104458/actions - {"actions":[{"id":"action12","type":"key","parameters":{},"actions":[{"type":"keyDown","value":"î€‡"},{"type":"pause","duration":10},{"type":"keyUp","value":"î€‡"}]}]}
RESULT: {"actions":[{"id":"action12","type":"key","parameters":{},"actions":[{"type":"keyDown","value":"î€‡"},{"type":"pause","duration":10},{"type":"keyUp","value":"î€‡"}]}]}
COMMAND: POST /session/08fad45ac65f529ba2de556ddf104458/execute/async - {"script":"<script> [1562 bytes]","args":[{"selector":{"id":"application-managepartners-display-component---NewPartner--externalCustomerComboBox-application-managepartners-display-component---NewPartner--assignmentsTable-0-vhi"},"wdio_ui5_key":"applicationmanagepartners-display-component---NewPartner--externalCustomerComboBox-application-managepartners-display-component---NewPartner--assignmentsTable-0-vhi"}]}
COMMAND: GET /session/08fad45ac65f529ba2de556ddf104458/screenshot - {}
RESULT: {"script":"<script> [1562 bytes]","args":[{"selector":{"id":"application-managepartners-display-component---NewPartner--externalCustomerComboBox-application-managepartners-display-component---NewPartner--assignmentsTable-0-vhi"},"wdio_ui5_key":"applicationmanagepartners-display-component---NewPartner--externalCustomerComboBox-application-managepartners-display-component---NewPartner--assignmentsTable-0-vhi"}]}
RESULT: undefined
COMMAND: POST /session/08fad45ac65f529ba2de556ddf104458/element - {"using":"xpath","value":"//*[@id=\"application-managepartners-display-component---NewPartner--externalCustomerComboBox-application-managepartners-display-component---NewPartner--assignmentsTable-0-vhi\"]"}
RESULT: {}
RESULT: {"using":"xpath","value":"//*[@id=\"application-managepartners-display-component---NewPartner--externalCustomerComboBox-application-managepartners-display-component---NewPartner--assignmentsTable-0-vhi\"]"}
COMMAND: POST /session/08fad45ac65f529ba2de556ddf104458/element/f.9D9AE82FA30F8FEE8073C9435B3ECC9C.d.9DB922B95ADFB37745635E478C570535.e.3747/click - {}
RESULT: {}
RESULT: undefined
COMMAND: POST /session/08fad45ac65f529ba2de556ddf104458/execute/async - {"script":"<script> [776 bytes]","args":[{"enterText":"300003","selector":{"controlType":"sap.m.SearchField","properties":{"placeholder":"Search"},"searchOpenDialogs":true,"interaction":{"idSuffix":"I"}},"clearTextFirst":true,"interactionType":"ENTER_TEXT"}]}
COMMAND: GET /session/08fad45ac65f529ba2de556ddf104458/screenshot - {}
RESULT: {"script":"<script> [776 bytes]","args":[{"enterText":"300003","selector":{"controlType":"sap.m.SearchField","properties":{"placeholder":"Search"},"searchOpenDialogs":true,"interaction":{"idSuffix":"I"}},"clearTextFirst":true,"interactionType":"ENTER_TEXT"}]}
COMMAND: POST /session/08fad45ac65f529ba2de556ddf104458/actions - {"actions":[{"id":"action13","type":"key","parameters":{},"actions":[{"type":"keyDown","value":"î€‡"},{"type":"pause","duration":10},{"type":"keyUp","value":"î€‡"}]}]}
RESULT: {}
RESULT: {"actions":[{"id":"action13","type":"key","parameters":{},"actions":[{"type":"keyDown","value":"î€‡"},{"type":"pause","duration":10},{"type":"keyUp","value":"î€‡"}]}]}
COMMAND: GET /session/08fad45ac65f529ba2de556ddf104458/screenshot - {}
RESULT: {}
COMMAND: POST /session/08fad45ac65f529ba2de556ddf104458/element - {"using":"xpath","value":"//span[contains(text(), \"300003\")]"}
RESULT: {"using":"xpath","value":"//span[contains(text(), \"300003\")]"}
COMMAND: POST /session/08fad45ac65f529ba2de556ddf104458/element/f.9D9AE82FA30F8FEE8073C9435B3ECC9C.d.9DB922B95ADFB37745635E478C570535.e.3764/click - {}
RESULT: {}
COMMAND: GET /session/08fad45ac65f529ba2de556ddf104458/screenshot - {}
RESULT: {}
COMMAND: POST /session/08fad45ac65f529ba2de556ddf104458/element - {"using":"xpath","value":"//bdi[contains(text(), \"OK\")]"}
RESULT: {"using":"xpath","value":"//bdi[contains(text(), \"OK\")]"}
COMMAND: POST /session/08fad45ac65f529ba2de556ddf104458/element/f.9D9AE82FA30F8FEE8073C9435B3ECC9C.d.9DB922B95ADFB37745635E478C570535.e.3766/click - {}
RESULT: {}
COMMAND: GET /session/08fad45ac65f529ba2de556ddf104458/screenshot - {}
RESULT: {}
COMMAND: POST /session/08fad45ac65f529ba2de556ddf104458/execute/async - {"script":"<script> [1562 bytes]","args":[{"selector":{"id":"application-managepartners-display-component---NewPartner--intercompVendorComboBox-application-managepartners-display-component---NewPartner--assignmentsTable-0-vhi"},"wdio_ui5_key":"applicationmanagepartners-display-component---NewPartner--intercompVendorComboBox-application-managepartners-display-component---NewPartner--assignmentsTable-0-vhi"}]}
RESULT: {"script":"<script> [1562 bytes]","args":[{"selector":{"id":"application-managepartners-display-component---NewPartner--intercompVendorComboBox-application-managepartners-display-component---NewPartner--assignmentsTable-0-vhi"},"wdio_ui5_key":"applicationmanagepartners-display-component---NewPartner--intercompVendorComboBox-application-managepartners-display-component---NewPartner--assignmentsTable-0-vhi"}]}
RESULT: undefined
COMMAND: POST /session/08fad45ac65f529ba2de556ddf104458/element - {"using":"xpath","value":"//*[@id=\"application-managepartners-display-component---NewPartner--intercompVendorComboBox-application-managepartners-display-component---NewPartner--assignmentsTable-0-vhi\"]"}
RESULT: {"using":"xpath","value":"//*[@id=\"application-managepartners-display-component---NewPartner--intercompVendorComboBox-application-managepartners-display-component---NewPartner--assignmentsTable-0-vhi\"]"}
COMMAND: POST /session/08fad45ac65f529ba2de556ddf104458/element/f.9D9AE82FA30F8FEE8073C9435B3ECC9C.d.9DB922B95ADFB37745635E478C570535.e.3769/click - {}
RESULT: {}
RESULT: undefined
COMMAND: POST /session/08fad45ac65f529ba2de556ddf104458/execute/async - {"script":"<script> [776 bytes]","args":[{"enterText":"100005","selector":{"controlType":"sap.m.SearchField","properties":{"placeholder":"Search"},"searchOpenDialogs":true,"interaction":{"idSuffix":"I"}},"clearTextFirst":true,"interactionType":"ENTER_TEXT"}]}
COMMAND: GET /session/08fad45ac65f529ba2de556ddf104458/screenshot - {}
RESULT: {"script":"<script> [776 bytes]","args":[{"enterText":"100005","selector":{"controlType":"sap.m.SearchField","properties":{"placeholder":"Search"},"searchOpenDialogs":true,"interaction":{"idSuffix":"I"}},"clearTextFirst":true,"interactionType":"ENTER_TEXT"}]}
COMMAND: POST /session/08fad45ac65f529ba2de556ddf104458/actions - {"actions":[{"id":"action14","type":"key","parameters":{},"actions":[{"type":"keyDown","value":"î€‡"},{"type":"pause","duration":10},{"type":"keyUp","value":"î€‡"}]}]}
RESULT: {}
RESULT: {"actions":[{"id":"action14","type":"key","parameters":{},"actions":[{"type":"keyDown","value":"î€‡"},{"type":"pause","duration":10},{"type":"keyUp","value":"î€‡"}]}]}
COMMAND: GET /session/08fad45ac65f529ba2de556ddf104458/screenshot - {}
RESULT: {}
COMMAND: POST /session/08fad45ac65f529ba2de556ddf104458/element - {"using":"xpath","value":"//span[contains(text(), \"Penguins - Field/12345 Berlin\")]"}
RESULT: {"using":"xpath","value":"//span[contains(text(), \"Penguins - Field/12345 Berlin\")]"}
COMMAND: POST /session/08fad45ac65f529ba2de556ddf104458/element/f.9D9AE82FA30F8FEE8073C9435B3ECC9C.d.9DB922B95ADFB37745635E478C570535.e.3787/click - {}
RESULT: {}
COMMAND: GET /session/08fad45ac65f529ba2de556ddf104458/screenshot - {}
RESULT: {}
COMMAND: POST /session/08fad45ac65f529ba2de556ddf104458/element - {"using":"xpath","value":"//bdi[contains(text(), \"OK\")]"}
RESULT: {"using":"xpath","value":"//bdi[contains(text(), \"OK\")]"}
COMMAND: POST /session/08fad45ac65f529ba2de556ddf104458/element/f.9D9AE82FA30F8FEE8073C9435B3ECC9C.d.9DB922B95ADFB37745635E478C570535.e.3788/click - {}
RESULT: {}
COMMAND: GET /session/08fad45ac65f529ba2de556ddf104458/screenshot - {}
RESULT: {}
COMMAND: POST /session/08fad45ac65f529ba2de556ddf104458/element - {"using":"xpath","value":"//button[@data-kt=\"saveButton\"]"}
RESULT: {"using":"xpath","value":"//button[@data-kt=\"saveButton\"]"}
COMMAND: POST /session/08fad45ac65f529ba2de556ddf104458/element/f.9D9AE82FA30F8FEE8073C9435B3ECC9C.d.9DB922B95ADFB37745635E478C570535.e.3581/click - {}
RESULT: {}
COMMAND: GET /session/08fad45ac65f529ba2de556ddf104458/screenshot - {}
RESULT: {}
COMMAND: POST /session/08fad45ac65f529ba2de556ddf104458/element - {"using":"xpath","value":"//header[contains(@id, 'ObjectPageLayout-headerTitle')]/div[1]/div[2]/div[2]/span[1]"}
RESULT: {"using":"xpath","value":"//header[contains(@id, 'ObjectPageLayout-headerTitle')]/div[1]/div[2]/div[2]/span[1]"}
COMMAND: POST /session/08fad45ac65f529ba2de556ddf104458/elements - {"using":"xpath","value":"//header[contains(@id, 'ObjectPageLayout-headerTitle')]/div[1]/div[2]/div[2]/span[1]"}
RESULT: {"using":"xpath","value":"//header[contains(@id, 'ObjectPageLayout-headerTitle')]/div[1]/div[2]/div[2]/span[1]"}
COMMAND: POST /session/08fad45ac65f529ba2de556ddf104458/execute/sync - {"script":"<script> [56 bytes]","args":[{"element-6066-11e4-a52e-4f735466cecf":"f.9D9AE82FA30F8FEE8073C9435B3ECC9C.d.9DB922B95ADFB37745635E478C570535.e.3954","ELEMENT":"f.9D9AE82FA30F8FEE8073C9435B3ECC9C.d.9DB922B95ADFB37745635E478C570535.e.3954"}]}
RESULT: {"script":"<script> [56 bytes]","args":[{"element-6066-11e4-a52e-4f735466cecf":"f.9D9AE82FA30F8FEE8073C9435B3ECC9C.d.9DB922B95ADFB37745635E478C570535.e.3954","ELEMENT":"f.9D9AE82FA30F8FEE8073C9435B3ECC9C.d.9DB922B95ADFB37745635E478C570535.e.3954"}]}
COMMAND: POST /session/08fad45ac65f529ba2de556ddf104458/element - {"using":"css selector","value":"#shell-header-logo"}
COMMAND: GET /session/08fad45ac65f529ba2de556ddf104458/screenshot - {}
RESULT: {"using":"css selector","value":"#shell-header-logo"}
COMMAND: POST /session/08fad45ac65f529ba2de556ddf104458/element/f.9D9AE82FA30F8FEE8073C9435B3ECC9C.d.9DB922B95ADFB37745635E478C570535.e.3167/click - {}
RESULT: {}
RESULT: {}
COMMAND: GET /session/08fad45ac65f529ba2de556ddf104458/screenshot - {}
RESULT: {}
COMMAND: POST /session/08fad45ac65f529ba2de556ddf104458/execute/sync - {"script":"<script> [299 bytes]","args":[["getModel","getResource"]]}
RESULT: {"script":"<script> [299 bytes]","args":[["getModel","getResource"]]}
]]></system-out>
    </testcase>
    <testcase classname="chrome.136_0_7103_93.windows.Edit_and_delete_daily_price_US134629_US134627" name="Should create a new site used for following tests" time="91.84">
      <system-out><![CDATA[
COMMAND: POST /session/08fad45ac65f529ba2de556ddf104458/execute/async - {"script":"<script> [1562 bytes]","args":[{"selector":{"controlType":"sap.m.GenericTile","properties":{"header":"Manage Sites"}},"wdio_ui5_key":"sapm.GenericTile{\"header\":\"Manage Sites\"}"}]}
COMMAND: GET /session/08fad45ac65f529ba2de556ddf104458/screenshot - {}
RESULT: {"script":"<script> [1562 bytes]","args":[{"selector":{"controlType":"sap.m.GenericTile","properties":{"header":"Manage Sites"}},"wdio_ui5_key":"sapm.GenericTile{\"header\":\"Manage Sites\"}"}]}
RESULT: undefined
COMMAND: POST /session/08fad45ac65f529ba2de556ddf104458/element - {"using":"xpath","value":"//*[@id=\"__tile40\"]"}
RESULT: {}
RESULT: {"using":"xpath","value":"//*[@id=\"__tile40\"]"}
COMMAND: POST /session/08fad45ac65f529ba2de556ddf104458/element/f.9D9AE82FA30F8FEE8073C9435B3ECC9C.d.9DB922B95ADFB37745635E478C570535.e.3059/click - {}
RESULT: {}
COMMAND: GET /session/08fad45ac65f529ba2de556ddf104458/screenshot - {}
RESULT: {}
COMMAND: POST /session/08fad45ac65f529ba2de556ddf104458/elements - {"using":"xpath","value":"//span[text()='Error']"}
RESULT: {"using":"xpath","value":"//span[text()='Error']"}
COMMAND: POST /session/08fad45ac65f529ba2de556ddf104458/element - {"using":"xpath","value":"//button[@data-kt=\"addOverflowToolbarButton\"]"}
RESULT: {"using":"xpath","value":"//button[@data-kt=\"addOverflowToolbarButton\"]"}
COMMAND: POST /session/08fad45ac65f529ba2de556ddf104458/elements - {"using":"xpath","value":"//button[@data-kt=\"addOverflowToolbarButton\"]"}
RESULT: {"using":"xpath","value":"//button[@data-kt=\"addOverflowToolbarButton\"]"}
COMMAND: POST /session/08fad45ac65f529ba2de556ddf104458/execute/sync - {"script":"<script> [8489 bytes]","args":[{"element-6066-11e4-a52e-4f735466cecf":"f.9D9AE82FA30F8FEE8073C9435B3ECC9C.d.9DB922B95ADFB37745635E478C570535.e.4001","ELEMENT":"f.9D9AE82FA30F8FEE8073C9435B3ECC9C.d.9DB922B95ADFB37745635E478C570535.e.4001"}]}
RESULT: {"script":"<script> [8489 bytes]","args":[{"element-6066-11e4-a52e-4f735466cecf":"f.9D9AE82FA30F8FEE8073C9435B3ECC9C.d.9DB922B95ADFB37745635E478C570535.e.4001","ELEMENT":"f.9D9AE82FA30F8FEE8073C9435B3ECC9C.d.9DB922B95ADFB37745635E478C570535.e.4001"}]}
COMMAND: GET /session/08fad45ac65f529ba2de556ddf104458/element/f.9D9AE82FA30F8FEE8073C9435B3ECC9C.d.9DB922B95ADFB37745635E478C570535.e.4001/enabled - {}
COMMAND: GET /session/08fad45ac65f529ba2de556ddf104458/screenshot - {}
RESULT: {}
COMMAND: POST /session/08fad45ac65f529ba2de556ddf104458/execute/sync - {"script":"<script> [8489 bytes]","args":[{"element-6066-11e4-a52e-4f735466cecf":"f.9D9AE82FA30F8FEE8073C9435B3ECC9C.d.9DB922B95ADFB37745635E478C570535.e.4001","ELEMENT":"f.9D9AE82FA30F8FEE8073C9435B3ECC9C.d.9DB922B95ADFB37745635E478C570535.e.4001"}]}
COMMAND: GET /session/08fad45ac65f529ba2de556ddf104458/screenshot - {}
RESULT: {}
RESULT: {"script":"<script> [8489 bytes]","args":[{"element-6066-11e4-a52e-4f735466cecf":"f.9D9AE82FA30F8FEE8073C9435B3ECC9C.d.9DB922B95ADFB37745635E478C570535.e.4001","ELEMENT":"f.9D9AE82FA30F8FEE8073C9435B3ECC9C.d.9DB922B95ADFB37745635E478C570535.e.4001"}]}
COMMAND: POST /session/08fad45ac65f529ba2de556ddf104458/execute/sync - {"script":"<script> [5351 bytes]","args":[{"element-6066-11e4-a52e-4f735466cecf":"f.9D9AE82FA30F8FEE8073C9435B3ECC9C.d.9DB922B95ADFB37745635E478C570535.e.4001","ELEMENT":"f.9D9AE82FA30F8FEE8073C9435B3ECC9C.d.9DB922B95ADFB37745635E478C570535.e.4001"}]}
COMMAND: GET /session/08fad45ac65f529ba2de556ddf104458/screenshot - {}
RESULT: {}
RESULT: {"script":"<script> [5351 bytes]","args":[{"element-6066-11e4-a52e-4f735466cecf":"f.9D9AE82FA30F8FEE8073C9435B3ECC9C.d.9DB922B95ADFB37745635E478C570535.e.4001","ELEMENT":"f.9D9AE82FA30F8FEE8073C9435B3ECC9C.d.9DB922B95ADFB37745635E478C570535.e.4001"}]}
COMMAND: POST /session/08fad45ac65f529ba2de556ddf104458/element/f.9D9AE82FA30F8FEE8073C9435B3ECC9C.d.9DB922B95ADFB37745635E478C570535.e.4001/click - {}
COMMAND: GET /session/08fad45ac65f529ba2de556ddf104458/screenshot - {}
RESULT: {}
RESULT: {}
COMMAND: GET /session/08fad45ac65f529ba2de556ddf104458/screenshot - {}
RESULT: {}
RESULT: {}
COMMAND: POST /session/08fad45ac65f529ba2de556ddf104458/element - {"using":"xpath","value":"//input[@id=\"application-managesites-display-component---NewSite--siteId-inner\"]"}
RESULT: {"using":"xpath","value":"//input[@id=\"application-managesites-display-component---NewSite--siteId-inner\"]"}
COMMAND: POST /session/08fad45ac65f529ba2de556ddf104458/element - {"using":"xpath","value":"//input[@id=\"application-managesites-display-component---NewSite--siteId-inner\"]"}
RESULT: {"using":"xpath","value":"//input[@id=\"application-managesites-display-component---NewSite--siteId-inner\"]"}
COMMAND: POST /session/08fad45ac65f529ba2de556ddf104458/execute/async - {"script":"<script> [1562 bytes]","args":[{"selector":{"id":"application-managesites-display-component---NewSite--addressDetailDetailsName1","interaction":{"idSuffix":"inner"}},"wdio_ui5_key":"applicationmanagesites-display-component---NewSite--addressDetailDetailsName1"}]}
RESULT: {"script":"<script> [1562 bytes]","args":[{"selector":{"id":"application-managesites-display-component---NewSite--addressDetailDetailsName1","interaction":{"idSuffix":"inner"}},"wdio_ui5_key":"applicationmanagesites-display-component---NewSite--addressDetailDetailsName1"}]}
RESULT: undefined
COMMAND: POST /session/08fad45ac65f529ba2de556ddf104458/execute/async - {"script":"<script> [776 bytes]","args":[{"enterText":"DailyPrice WDIO","selector":{"id":"application-managesites-display-component---NewSite--addressDetailDetailsName1","interaction":{"idSuffix":"inner"}},"clearTextFirst":true,"interactionType":"ENTER_TEXT"}]}
RESULT: {"script":"<script> [776 bytes]","args":[{"enterText":"DailyPrice WDIO","selector":{"id":"application-managesites-display-component---NewSite--addressDetailDetailsName1","interaction":{"idSuffix":"inner"}},"clearTextFirst":true,"interactionType":"ENTER_TEXT"}]}
COMMAND: POST /session/08fad45ac65f529ba2de556ddf104458/execute/async - {"script":"<script> [1562 bytes]","args":[{"selector":{"id":"application-managesites-display-component---NewSite--addressDetailDetailsLanguage-arrow"},"wdio_ui5_key":"applicationmanagesites-display-component---NewSite--addressDetailDetailsLanguage-arrow"}]}
RESULT: {"script":"<script> [1562 bytes]","args":[{"selector":{"id":"application-managesites-display-component---NewSite--addressDetailDetailsLanguage-arrow"},"wdio_ui5_key":"applicationmanagesites-display-component---NewSite--addressDetailDetailsLanguage-arrow"}]}
RESULT: undefined
COMMAND: POST /session/08fad45ac65f529ba2de556ddf104458/element - {"using":"xpath","value":"//*[@id=\"application-managesites-display-component---NewSite--addressDetailDetailsLanguage-arrow\"]"}
RESULT: {"using":"xpath","value":"//*[@id=\"application-managesites-display-component---NewSite--addressDetailDetailsLanguage-arrow\"]"}
COMMAND: POST /session/08fad45ac65f529ba2de556ddf104458/element/f.9D9AE82FA30F8FEE8073C9435B3ECC9C.d.9DB922B95ADFB37745635E478C570535.e.4415/click - {}
RESULT: {}
COMMAND: POST /session/08fad45ac65f529ba2de556ddf104458/element - {"using":"xpath","value":"//span[contains(text(), \"English\")]"}
COMMAND: GET /session/08fad45ac65f529ba2de556ddf104458/screenshot - {}
RESULT: {"using":"xpath","value":"//span[contains(text(), \"English\")]"}
COMMAND: POST /session/08fad45ac65f529ba2de556ddf104458/element/f.9D9AE82FA30F8FEE8073C9435B3ECC9C.d.9DB922B95ADFB37745635E478C570535.e.4416/click - {}
RESULT: {}
RESULT: {}
COMMAND: POST /session/08fad45ac65f529ba2de556ddf104458/execute/async - {"script":"<script> [1562 bytes]","args":[{"selector":{"id":"application-managesites-display-component---NewSite--addressDetailDetailsCity1","interaction":{"idSuffix":"inner"}},"wdio_ui5_key":"applicationmanagesites-display-component---NewSite--addressDetailDetailsCity1"}]}
COMMAND: GET /session/08fad45ac65f529ba2de556ddf104458/screenshot - {}
RESULT: {"script":"<script> [1562 bytes]","args":[{"selector":{"id":"application-managesites-display-component---NewSite--addressDetailDetailsCity1","interaction":{"idSuffix":"inner"}},"wdio_ui5_key":"applicationmanagesites-display-component---NewSite--addressDetailDetailsCity1"}]}
RESULT: undefined
COMMAND: POST /session/08fad45ac65f529ba2de556ddf104458/execute/async - {"script":"<script> [776 bytes]","args":[{"enterText":"Rosario","selector":{"id":"application-managesites-display-component---NewSite--addressDetailDetailsCity1","interaction":{"idSuffix":"inner"}},"clearTextFirst":true,"interactionType":"ENTER_TEXT"}]}
RESULT: {}
RESULT: {"script":"<script> [776 bytes]","args":[{"enterText":"Rosario","selector":{"id":"application-managesites-display-component---NewSite--addressDetailDetailsCity1","interaction":{"idSuffix":"inner"}},"clearTextFirst":true,"interactionType":"ENTER_TEXT"}]}
COMMAND: POST /session/08fad45ac65f529ba2de556ddf104458/execute/async - {"script":"<script> [1562 bytes]","args":[{"selector":{"id":"application-managesites-display-component---NewSite--addressDetailDetailsCountry-arrow"},"wdio_ui5_key":"applicationmanagesites-display-component---NewSite--addressDetailDetailsCountry-arrow"}]}
RESULT: {"script":"<script> [1562 bytes]","args":[{"selector":{"id":"application-managesites-display-component---NewSite--addressDetailDetailsCountry-arrow"},"wdio_ui5_key":"applicationmanagesites-display-component---NewSite--addressDetailDetailsCountry-arrow"}]}
RESULT: undefined
COMMAND: POST /session/08fad45ac65f529ba2de556ddf104458/element - {"using":"xpath","value":"//*[@id=\"application-managesites-display-component---NewSite--addressDetailDetailsCountry-arrow\"]"}
RESULT: {"using":"xpath","value":"//*[@id=\"application-managesites-display-component---NewSite--addressDetailDetailsCountry-arrow\"]"}
COMMAND: POST /session/08fad45ac65f529ba2de556ddf104458/element/f.9D9AE82FA30F8FEE8073C9435B3ECC9C.d.9DB922B95ADFB37745635E478C570535.e.4418/click - {}
RESULT: {}
COMMAND: POST /session/08fad45ac65f529ba2de556ddf104458/element - {"using":"xpath","value":"//span[contains(text(), \"Argentina\")]"}
COMMAND: GET /session/08fad45ac65f529ba2de556ddf104458/screenshot - {}
RESULT: {"using":"xpath","value":"//span[contains(text(), \"Argentina\")]"}
COMMAND: POST /session/08fad45ac65f529ba2de556ddf104458/element/f.9D9AE82FA30F8FEE8073C9435B3ECC9C.d.9DB922B95ADFB37745635E478C570535.e.4420/click - {}
RESULT: {}
RESULT: {}
COMMAND: GET /session/08fad45ac65f529ba2de556ddf104458/screenshot - {}
RESULT: {}
COMMAND: POST /session/08fad45ac65f529ba2de556ddf104458/execute/async - {"script":"<script> [1562 bytes]","args":[{"selector":{"id":"application-managesites-display-component---NewSite--addressEditDetailsCostObjectCstType-arrow"},"wdio_ui5_key":"applicationmanagesites-display-component---NewSite--addressEditDetailsCostObjectCstType-arrow"}]}
RESULT: {"script":"<script> [1562 bytes]","args":[{"selector":{"id":"application-managesites-display-component---NewSite--addressEditDetailsCostObjectCstType-arrow"},"wdio_ui5_key":"applicationmanagesites-display-component---NewSite--addressEditDetailsCostObjectCstType-arrow"}]}
RESULT: undefined
COMMAND: POST /session/08fad45ac65f529ba2de556ddf104458/element - {"using":"xpath","value":"//*[@id=\"application-managesites-display-component---NewSite--addressEditDetailsCostObjectCstType-arrow\"]"}
RESULT: {"using":"xpath","value":"//*[@id=\"application-managesites-display-component---NewSite--addressEditDetailsCostObjectCstType-arrow\"]"}
COMMAND: POST /session/08fad45ac65f529ba2de556ddf104458/element/f.9D9AE82FA30F8FEE8073C9435B3ECC9C.d.9DB922B95ADFB37745635E478C570535.e.4421/click - {}
RESULT: {}
COMMAND: POST /session/08fad45ac65f529ba2de556ddf104458/element - {"using":"xpath","value":"//span[contains(text(), \"Cost Center\")]"}
COMMAND: GET /session/08fad45ac65f529ba2de556ddf104458/screenshot - {}
RESULT: {"using":"xpath","value":"//span[contains(text(), \"Cost Center\")]"}
COMMAND: POST /session/08fad45ac65f529ba2de556ddf104458/element/f.9D9AE82FA30F8FEE8073C9435B3ECC9C.d.9DB922B95ADFB37745635E478C570535.e.4422/click - {}
RESULT: {}
RESULT: {}
COMMAND: GET /session/08fad45ac65f529ba2de556ddf104458/screenshot - {}
RESULT: {}
COMMAND: POST /session/08fad45ac65f529ba2de556ddf104458/element - {"using":"xpath","value":"//span[@id=\"application-managesites-display-component---NewSite--addressNewCostObjectCstID-vhi\"]"}
RESULT: {"using":"xpath","value":"//span[@id=\"application-managesites-display-component---NewSite--addressNewCostObjectCstID-vhi\"]"}
COMMAND: POST /session/08fad45ac65f529ba2de556ddf104458/execute/sync - {"script":"<script> [8489 bytes]","args":[{"element-6066-11e4-a52e-4f735466cecf":"f.9D9AE82FA30F8FEE8073C9435B3ECC9C.d.9DB922B95ADFB37745635E478C570535.e.4426","ELEMENT":"f.9D9AE82FA30F8FEE8073C9435B3ECC9C.d.9DB922B95ADFB37745635E478C570535.e.4426"}]}
RESULT: {"script":"<script> [8489 bytes]","args":[{"element-6066-11e4-a52e-4f735466cecf":"f.9D9AE82FA30F8FEE8073C9435B3ECC9C.d.9DB922B95ADFB37745635E478C570535.e.4426","ELEMENT":"f.9D9AE82FA30F8FEE8073C9435B3ECC9C.d.9DB922B95ADFB37745635E478C570535.e.4426"}]}
COMMAND: POST /session/08fad45ac65f529ba2de556ddf104458/execute/async - {"script":"<script> [1562 bytes]","args":[{"selector":{"id":"application-managesites-display-component---NewSite--addressNewCostObjectCstID-vhi"},"wdio_ui5_key":"applicationmanagesites-display-component---NewSite--addressNewCostObjectCstID-vhi"}]}
COMMAND: GET /session/08fad45ac65f529ba2de556ddf104458/screenshot - {}
RESULT: {"script":"<script> [1562 bytes]","args":[{"selector":{"id":"application-managesites-display-component---NewSite--addressNewCostObjectCstID-vhi"},"wdio_ui5_key":"applicationmanagesites-display-component---NewSite--addressNewCostObjectCstID-vhi"}]}
RESULT: undefined
COMMAND: POST /session/08fad45ac65f529ba2de556ddf104458/element - {"using":"xpath","value":"//*[@id=\"application-managesites-display-component---NewSite--addressNewCostObjectCstID-vhi\"]"}
RESULT: {}
RESULT: {"using":"xpath","value":"//*[@id=\"application-managesites-display-component---NewSite--addressNewCostObjectCstID-vhi\"]"}
COMMAND: POST /session/08fad45ac65f529ba2de556ddf104458/element/f.9D9AE82FA30F8FEE8073C9435B3ECC9C.d.9DB922B95ADFB37745635E478C570535.e.4426/click - {}
RESULT: {}
COMMAND: GET /session/08fad45ac65f529ba2de556ddf104458/screenshot - {}
RESULT: {}
RESULT: undefined
COMMAND: POST /session/08fad45ac65f529ba2de556ddf104458/execute/async - {"script":"<script> [776 bytes]","args":[{"enterText":"10001013","selector":{"controlType":"sap.m.SearchField","properties":{"placeholder":"Search"},"searchOpenDialogs":true,"interaction":{"idSuffix":"I"}},"clearTextFirst":true,"interactionType":"ENTER_TEXT"}]}
RESULT: {"script":"<script> [776 bytes]","args":[{"enterText":"10001013","selector":{"controlType":"sap.m.SearchField","properties":{"placeholder":"Search"},"searchOpenDialogs":true,"interaction":{"idSuffix":"I"}},"clearTextFirst":true,"interactionType":"ENTER_TEXT"}]}
COMMAND: POST /session/08fad45ac65f529ba2de556ddf104458/actions - {"actions":[{"id":"action15","type":"key","parameters":{},"actions":[{"type":"keyDown","value":"î€‡"},{"type":"pause","duration":10},{"type":"keyUp","value":"î€‡"}]}]}
RESULT: {"actions":[{"id":"action15","type":"key","parameters":{},"actions":[{"type":"keyDown","value":"î€‡"},{"type":"pause","duration":10},{"type":"keyUp","value":"î€‡"}]}]}
COMMAND: GET /session/08fad45ac65f529ba2de556ddf104458/screenshot - {}
RESULT: {}
COMMAND: POST /session/08fad45ac65f529ba2de556ddf104458/element - {"using":"xpath","value":"//span[contains(text(), \"General Management\")]"}
RESULT: {"using":"xpath","value":"//span[contains(text(), \"General Management\")]"}
COMMAND: POST /session/08fad45ac65f529ba2de556ddf104458/element/f.9D9AE82FA30F8FEE8073C9435B3ECC9C.d.9DB922B95ADFB37745635E478C570535.e.4465/click - {}
RESULT: {}
COMMAND: GET /session/08fad45ac65f529ba2de556ddf104458/screenshot - {}
RESULT: {}
COMMAND: POST /session/08fad45ac65f529ba2de556ddf104458/element - {"using":"xpath","value":"//bdi[contains(text(), \"OK\")]"}
RESULT: {"using":"xpath","value":"//bdi[contains(text(), \"OK\")]"}
COMMAND: POST /session/08fad45ac65f529ba2de556ddf104458/element/f.9D9AE82FA30F8FEE8073C9435B3ECC9C.d.9DB922B95ADFB37745635E478C570535.e.4466/click - {}
RESULT: {}
COMMAND: GET /session/08fad45ac65f529ba2de556ddf104458/screenshot - {}
RESULT: {}
COMMAND: POST /session/08fad45ac65f529ba2de556ddf104458/element - {"using":"xpath","value":"//input[@id=\"application-managesites-display-component---NewSite--addressDetailDetailsCalendar-inner\"]"}
RESULT: {"using":"xpath","value":"//input[@id=\"application-managesites-display-component---NewSite--addressDetailDetailsCalendar-inner\"]"}
COMMAND: POST /session/08fad45ac65f529ba2de556ddf104458/element/f.9D9AE82FA30F8FEE8073C9435B3ECC9C.d.9DB922B95ADFB37745635E478C570535.e.4214/clear - {}
RESULT: {}
COMMAND: POST /session/08fad45ac65f529ba2de556ddf104458/element/f.9D9AE82FA30F8FEE8073C9435B3ECC9C.d.9DB922B95ADFB37745635E478C570535.e.4214/value - {"text":"Unit"}
COMMAND: GET /session/08fad45ac65f529ba2de556ddf104458/screenshot - {}
RESULT: {"text":"Unit"}
COMMAND: GET /session/08fad45ac65f529ba2de556ddf104458/screenshot - {}
RESULT: {}
RESULT: {}
COMMAND: POST /session/08fad45ac65f529ba2de556ddf104458/actions - {"actions":[{"id":"action16","type":"key","parameters":{},"actions":[{"type":"keyDown","value":"î€‡"},{"type":"pause","duration":10},{"type":"keyUp","value":"î€‡"}]}]}
RESULT: {"actions":[{"id":"action16","type":"key","parameters":{},"actions":[{"type":"keyDown","value":"î€‡"},{"type":"pause","duration":10},{"type":"keyUp","value":"î€‡"}]}]}
COMMAND: POST /session/08fad45ac65f529ba2de556ddf104458/element - {"using":"xpath","value":"//input[@id=\"application-managesites-display-component---NewSite--addressDetailDetailsYard-inner\"]"}
COMMAND: GET /session/08fad45ac65f529ba2de556ddf104458/screenshot - {}
RESULT: {"using":"xpath","value":"//input[@id=\"application-managesites-display-component---NewSite--addressDetailDetailsYard-inner\"]"}
COMMAND: POST /session/08fad45ac65f529ba2de556ddf104458/element/f.9D9AE82FA30F8FEE8073C9435B3ECC9C.d.9DB922B95ADFB37745635E478C570535.e.4215/clear - {}
RESULT: {}
RESULT: {}
COMMAND: POST /session/08fad45ac65f529ba2de556ddf104458/element/f.9D9AE82FA30F8FEE8073C9435B3ECC9C.d.9DB922B95ADFB37745635E478C570535.e.4215/value - {"text":"597"}
COMMAND: GET /session/08fad45ac65f529ba2de556ddf104458/screenshot - {}
RESULT: {"text":"597"}
COMMAND: GET /session/08fad45ac65f529ba2de556ddf104458/screenshot - {}
RESULT: {}
RESULT: {}
COMMAND: POST /session/08fad45ac65f529ba2de556ddf104458/element - {"using":"xpath","value":"//li[.//span[text()='597']]"}
RESULT: {"using":"xpath","value":"//li[.//span[text()='597']]"}
COMMAND: POST /session/08fad45ac65f529ba2de556ddf104458/element/f.9D9AE82FA30F8FEE8073C9435B3ECC9C.d.9DB922B95ADFB37745635E478C570535.e.4474/click - {}
RESULT: {}
COMMAND: GET /session/08fad45ac65f529ba2de556ddf104458/screenshot - {}
RESULT: {}
COMMAND: POST /session/08fad45ac65f529ba2de556ddf104458/element - {"using":"xpath","value":"//input[@id=\"application-managesites-display-component---NewSite--addressDetailDetailsPartner-inner\"]"}
RESULT: {"using":"xpath","value":"//input[@id=\"application-managesites-display-component---NewSite--addressDetailDetailsPartner-inner\"]"}
COMMAND: POST /session/08fad45ac65f529ba2de556ddf104458/element - {"using":"xpath","value":"//input[@id=\"application-managesites-display-component---NewSite--addressDetailDetailsPartner-inner\"]"}
RESULT: {"using":"xpath","value":"//input[@id=\"application-managesites-display-component---NewSite--addressDetailDetailsPartner-inner\"]"}
COMMAND: POST /session/08fad45ac65f529ba2de556ddf104458/element - {"using":"xpath","value":"//button[@data-kt=\"saveButton\"]"}
RESULT: {"using":"xpath","value":"//button[@data-kt=\"saveButton\"]"}
COMMAND: POST /session/08fad45ac65f529ba2de556ddf104458/element/f.9D9AE82FA30F8FEE8073C9435B3ECC9C.d.9DB922B95ADFB37745635E478C570535.e.4353/click - {}
RESULT: {}
COMMAND: GET /session/08fad45ac65f529ba2de556ddf104458/screenshot - {}
RESULT: {}
COMMAND: POST /session/08fad45ac65f529ba2de556ddf104458/element - {"using":"xpath","value":"//header[contains(@id, 'ObjectPageLayout-headerTitle')]/div[1]/div[2]/div[2]/span[1]"}
RESULT: {"using":"xpath","value":"//header[contains(@id, 'ObjectPageLayout-headerTitle')]/div[1]/div[2]/div[2]/span[1]"}
COMMAND: POST /session/08fad45ac65f529ba2de556ddf104458/elements - {"using":"xpath","value":"//header[contains(@id, 'ObjectPageLayout-headerTitle')]/div[1]/div[2]/div[2]/span[1]"}
RESULT: {"using":"xpath","value":"//header[contains(@id, 'ObjectPageLayout-headerTitle')]/div[1]/div[2]/div[2]/span[1]"}
COMMAND: POST /session/08fad45ac65f529ba2de556ddf104458/execute/sync - {"script":"<script> [56 bytes]","args":[{"element-6066-11e4-a52e-4f735466cecf":"f.9D9AE82FA30F8FEE8073C9435B3ECC9C.d.9DB922B95ADFB37745635E478C570535.e.4676","ELEMENT":"f.9D9AE82FA30F8FEE8073C9435B3ECC9C.d.9DB922B95ADFB37745635E478C570535.e.4676"}]}
RESULT: {"script":"<script> [56 bytes]","args":[{"element-6066-11e4-a52e-4f735466cecf":"f.9D9AE82FA30F8FEE8073C9435B3ECC9C.d.9DB922B95ADFB37745635E478C570535.e.4676","ELEMENT":"f.9D9AE82FA30F8FEE8073C9435B3ECC9C.d.9DB922B95ADFB37745635E478C570535.e.4676"}]}
COMMAND: POST /session/08fad45ac65f529ba2de556ddf104458/element - {"using":"css selector","value":"#shell-header-logo"}
COMMAND: GET /session/08fad45ac65f529ba2de556ddf104458/screenshot - {}
RESULT: {"using":"css selector","value":"#shell-header-logo"}
COMMAND: POST /session/08fad45ac65f529ba2de556ddf104458/element/f.9D9AE82FA30F8FEE8073C9435B3ECC9C.d.9DB922B95ADFB37745635E478C570535.e.3959/click - {}
RESULT: {}
RESULT: {}
COMMAND: GET /session/08fad45ac65f529ba2de556ddf104458/screenshot - {}
RESULT: {}
COMMAND: POST /session/08fad45ac65f529ba2de556ddf104458/execute/sync - {"script":"<script> [299 bytes]","args":[["getModel","getResource"]]}
RESULT: {"script":"<script> [299 bytes]","args":[["getModel","getResource"]]}
COMMAND: GET /session/08fad45ac65f529ba2de556ddf104458/screenshot - {}
]]></system-out>
    </testcase>
    <testcase classname="chrome.136_0_7103_93.windows.Edit_and_delete_daily_price_US134629_US134627" name="Should go to Manage Conditions Daily Price and add the 2 rows one with yard site and one with yard" time="78.725">
      <system-out><![CDATA[
COMMAND: POST /session/08fad45ac65f529ba2de556ddf104458/execute/async - {"script":"<script> [1562 bytes]","args":[{"selector":{"controlType":"sap.m.GenericTile","properties":{"header":"Manage Conditions & Prices"}},"wdio_ui5_key":"sapm.GenericTile{\"header\":\"Manage Conditions & Prices\"}"}]}
RESULT: {}
RESULT: {"script":"<script> [1562 bytes]","args":[{"selector":{"controlType":"sap.m.GenericTile","properties":{"header":"Manage Conditions & Prices"}},"wdio_ui5_key":"sapm.GenericTile{\"header\":\"Manage Conditions & Prices\"}"}]}
RESULT: undefined
COMMAND: POST /session/08fad45ac65f529ba2de556ddf104458/element - {"using":"xpath","value":"//*[@id=\"__tile53\"]"}
RESULT: {"using":"xpath","value":"//*[@id=\"__tile53\"]"}
COMMAND: POST /session/08fad45ac65f529ba2de556ddf104458/element/f.9D9AE82FA30F8FEE8073C9435B3ECC9C.d.9DB922B95ADFB37745635E478C570535.e.3102/click - {}
RESULT: {}
COMMAND: GET /session/08fad45ac65f529ba2de556ddf104458/screenshot - {}
RESULT: {}
COMMAND: POST /session/08fad45ac65f529ba2de556ddf104458/elements - {"using":"xpath","value":"//span[text()='Error']"}
RESULT: {"using":"xpath","value":"//span[text()='Error']"}
COMMAND: POST /session/08fad45ac65f529ba2de556ddf104458/element - {"using":"xpath","value":"//button[@aria-label=\"Create\"]"}
RESULT: {"using":"xpath","value":"//button[@aria-label=\"Create\"]"}
COMMAND: POST /session/08fad45ac65f529ba2de556ddf104458/element/f.9D9AE82FA30F8FEE8073C9435B3ECC9C.d.9DB922B95ADFB37745635E478C570535.e.4715/click - {}
RESULT: {}
COMMAND: GET /session/08fad45ac65f529ba2de556ddf104458/screenshot - {}
RESULT: {}
COMMAND: POST /session/08fad45ac65f529ba2de556ddf104458/actions - {"actions":[{"id":"action17","type":"key","parameters":{},"actions":[{"type":"keyDown","value":"î€•"},{"type":"pause","duration":10},{"type":"keyUp","value":"î€•"}]}]}
RESULT: {"actions":[{"id":"action17","type":"key","parameters":{},"actions":[{"type":"keyDown","value":"î€•"},{"type":"pause","duration":10},{"type":"keyUp","value":"î€•"}]}]}
COMMAND: POST /session/08fad45ac65f529ba2de556ddf104458/actions - {"actions":[{"id":"action18","type":"key","parameters":{},"actions":[{"type":"keyDown","value":"î€‡"},{"type":"pause","duration":10},{"type":"keyUp","value":"î€‡"}]}]}
COMMAND: GET /session/08fad45ac65f529ba2de556ddf104458/screenshot - {}
RESULT: {"actions":[{"id":"action18","type":"key","parameters":{},"actions":[{"type":"keyDown","value":"î€‡"},{"type":"pause","duration":10},{"type":"keyUp","value":"î€‡"}]}]}
COMMAND: POST /session/08fad45ac65f529ba2de556ddf104458/execute/async - {"script":"<script> [1562 bytes]","args":[{"selector":{"controlType":"sap.m.Title","viewName":"etm.portal.ui.manageconditionprice.view.DailyPrices","viewId":"application-manageconditionprice-display-component---dailyPrices","i18NText":{"propertyName":"text","key":"dailyPrices"}},"wdio_ui5_key":"etmportal.ui.manageconditionprice.view.DailyPricessap.m.Title{\"propertyName\":\"text\",\"key\":\"dailyPrices\"}"}]}
COMMAND: GET /session/08fad45ac65f529ba2de556ddf104458/screenshot - {}
RESULT: {}
RESULT: {"script":"<script> [1562 bytes]","args":[{"selector":{"controlType":"sap.m.Title","viewName":"etm.portal.ui.manageconditionprice.view.DailyPrices","viewId":"application-manageconditionprice-display-component---dailyPrices","i18NText":{"propertyName":"text","key":"dailyPrices"}},"wdio_ui5_key":"etmportal.ui.manageconditionprice.view.DailyPricessap.m.Title{\"propertyName\":\"text\",\"key\":\"dailyPrices\"}"}]}
RESULT: undefined
COMMAND: POST /session/08fad45ac65f529ba2de556ddf104458/execute/async - {"script":"<script> [6424 bytes]","args":[{"element-6066-11e4-a52e-4f735466cecf":"f.9D9AE82FA30F8FEE8073C9435B3ECC9C.d.9DB922B95ADFB37745635E478C570535.e.5085"},"getText",[]]}
RESULT: {}
RESULT: {"script":"<script> [6424 bytes]","args":[{"element-6066-11e4-a52e-4f735466cecf":"f.9D9AE82FA30F8FEE8073C9435B3ECC9C.d.9DB922B95ADFB37745635E478C570535.e.5085"},"getText",[]]}
COMMAND: POST /session/08fad45ac65f529ba2de556ddf104458/execute/async - {"script":"<script> [1562 bytes]","args":[{"selector":{"id":"application-manageconditionprice-display-component---dailyPrices--condBillCond","interaction":{"idSuffix":"inner"}},"wdio_ui5_key":"applicationmanageconditionprice-display-component---dailyPrices--condBillCond"}]}
RESULT: {"script":"<script> [1562 bytes]","args":[{"selector":{"id":"application-manageconditionprice-display-component---dailyPrices--condBillCond","interaction":{"idSuffix":"inner"}},"wdio_ui5_key":"applicationmanageconditionprice-display-component---dailyPrices--condBillCond"}]}
RESULT: undefined
COMMAND: POST /session/08fad45ac65f529ba2de556ddf104458/execute/async - {"script":"<script> [776 bytes]","args":[{"enterText":"Residual Value %","selector":{"id":"application-manageconditionprice-display-component---dailyPrices--condBillCond","interaction":{"idSuffix":"inner"}},"clearTextFirst":true,"interactionType":"ENTER_TEXT"}]}
RESULT: {"script":"<script> [776 bytes]","args":[{"enterText":"Residual Value %","selector":{"id":"application-manageconditionprice-display-component---dailyPrices--condBillCond","interaction":{"idSuffix":"inner"}},"clearTextFirst":true,"interactionType":"ENTER_TEXT"}]}
COMMAND: POST /session/08fad45ac65f529ba2de556ddf104458/execute/async - {"script":"<script> [1562 bytes]","args":[{"selector":{"controlType":"sap.m.StandardListItem","viewName":"etm.portal.ui.manageconditionprice.view.DailyPrices","viewId":"application-manageconditionprice-display-component---dailyPrices","properties":{"type":"Active"},"searchOpenDialogs":true,"interaction":{"idSuffix":"titleText"}},"wdio_ui5_key":"etmportal.ui.manageconditionprice.view.DailyPricessap.m.StandardListItem{\"type\":\"Active\"}"}]}
RESULT: {"script":"<script> [1562 bytes]","args":[{"selector":{"controlType":"sap.m.StandardListItem","viewName":"etm.portal.ui.manageconditionprice.view.DailyPrices","viewId":"application-manageconditionprice-display-component---dailyPrices","properties":{"type":"Active"},"searchOpenDialogs":true,"interaction":{"idSuffix":"titleText"}},"wdio_ui5_key":"etmportal.ui.manageconditionprice.view.DailyPricessap.m.StandardListItem{\"type\":\"Active\"}"}]}
RESULT: undefined
COMMAND: POST /session/08fad45ac65f529ba2de556ddf104458/element - {"using":"xpath","value":"//*[@id=\"__item1256\"]"}
RESULT: {"using":"xpath","value":"//*[@id=\"__item1256\"]"}
COMMAND: POST /session/08fad45ac65f529ba2de556ddf104458/element/f.9D9AE82FA30F8FEE8073C9435B3ECC9C.d.9DB922B95ADFB37745635E478C570535.e.5089/click - {}
RESULT: {}
COMMAND: POST /session/08fad45ac65f529ba2de556ddf104458/execute/async - {"script":"<script> [1562 bytes]","args":[{"selector":{"id":"application-manageconditionprice-display-component---dailyPrices--editBtn","interaction":{"idSuffix":"BDI-content"}},"wdio_ui5_key":"applicationmanageconditionprice-display-component---dailyPrices--editBtn"}]}
COMMAND: GET /session/08fad45ac65f529ba2de556ddf104458/screenshot - {}
RESULT: {"script":"<script> [1562 bytes]","args":[{"selector":{"id":"application-manageconditionprice-display-component---dailyPrices--editBtn","interaction":{"idSuffix":"BDI-content"}},"wdio_ui5_key":"applicationmanageconditionprice-display-component---dailyPrices--editBtn"}]}
RESULT: undefined
COMMAND: POST /session/08fad45ac65f529ba2de556ddf104458/element - {"using":"xpath","value":"//*[@id=\"application-manageconditionprice-display-component---dailyPrices--editBtn\"]"}
RESULT: {}
RESULT: {"using":"xpath","value":"//*[@id=\"application-manageconditionprice-display-component---dailyPrices--editBtn\"]"}
COMMAND: POST /session/08fad45ac65f529ba2de556ddf104458/element/f.9D9AE82FA30F8FEE8073C9435B3ECC9C.d.9DB922B95ADFB37745635E478C570535.e.5087/click - {}
RESULT: {}
COMMAND: POST /session/08fad45ac65f529ba2de556ddf104458/execute/async - {"script":"<script> [1562 bytes]","args":[{"selector":{"controlType":"sap.m.Button","viewName":"etm.portal.ui.manageconditionprice.view.DailyPrices","viewId":"application-manageconditionprice-display-component---dailyPrices","i18NText":{"propertyName":"text","key":"add"},"interaction":{"idSuffix":"BDI-content"}},"wdio_ui5_key":"etmportal.ui.manageconditionprice.view.DailyPricessap.m.Button{\"propertyName\":\"text\",\"key\":\"add\"}"}]}
COMMAND: GET /session/08fad45ac65f529ba2de556ddf104458/screenshot - {}
RESULT: {"script":"<script> [1562 bytes]","args":[{"selector":{"controlType":"sap.m.Button","viewName":"etm.portal.ui.manageconditionprice.view.DailyPrices","viewId":"application-manageconditionprice-display-component---dailyPrices","i18NText":{"propertyName":"text","key":"add"},"interaction":{"idSuffix":"BDI-content"}},"wdio_ui5_key":"etmportal.ui.manageconditionprice.view.DailyPricessap.m.Button{\"propertyName\":\"text\",\"key\":\"add\"}"}]}
RESULT: undefined
COMMAND: POST /session/08fad45ac65f529ba2de556ddf104458/element - {"using":"xpath","value":"//*[@id=\"__button105\"]"}
RESULT: {}
RESULT: {"using":"xpath","value":"//*[@id=\"__button105\"]"}
COMMAND: POST /session/08fad45ac65f529ba2de556ddf104458/element/f.9D9AE82FA30F8FEE8073C9435B3ECC9C.d.9DB922B95ADFB37745635E478C570535.e.5097/click - {}
RESULT: {}
COMMAND: POST /session/08fad45ac65f529ba2de556ddf104458/elements - {"using":"css selector","value":"table tr"}
COMMAND: GET /session/08fad45ac65f529ba2de556ddf104458/screenshot - {}
RESULT: {"using":"css selector","value":"table tr"}
COMMAND: POST /session/08fad45ac65f529ba2de556ddf104458/element/f.9D9AE82FA30F8FEE8073C9435B3ECC9C.d.9DB922B95ADFB37745635E478C570535.e.5295/elements - {"using":"css selector","value":"input"}
RESULT: {}
RESULT: {"using":"css selector","value":"input"}
COMMAND: POST /session/08fad45ac65f529ba2de556ddf104458/element/f.9D9AE82FA30F8FEE8073C9435B3ECC9C.d.9DB922B95ADFB37745635E478C570535.e.5298/clear - {}
COMMAND: POST /session/08fad45ac65f529ba2de556ddf104458/element/f.9D9AE82FA30F8FEE8073C9435B3ECC9C.d.9DB922B95ADFB37745635E478C570535.e.5296/clear - {}
COMMAND: POST /session/08fad45ac65f529ba2de556ddf104458/element/f.9D9AE82FA30F8FEE8073C9435B3ECC9C.d.9DB922B95ADFB37745635E478C570535.e.5299/clear - {}
COMMAND: POST /session/08fad45ac65f529ba2de556ddf104458/element/f.9D9AE82FA30F8FEE8073C9435B3ECC9C.d.9DB922B95ADFB37745635E478C570535.e.5297/clear - {}
COMMAND: POST /session/08fad45ac65f529ba2de556ddf104458/element/f.9D9AE82FA30F8FEE8073C9435B3ECC9C.d.9DB922B95ADFB37745635E478C570535.e.5295/elements - {"using":"css selector","value":"td"}
RESULT: {}
COMMAND: POST /session/08fad45ac65f529ba2de556ddf104458/element/f.9D9AE82FA30F8FEE8073C9435B3ECC9C.d.9DB922B95ADFB37745635E478C570535.e.5298/value - {"text":"705.60"}
COMMAND: GET /session/08fad45ac65f529ba2de556ddf104458/screenshot - {}
RESULT: {}
COMMAND: POST /session/08fad45ac65f529ba2de556ddf104458/element/f.9D9AE82FA30F8FEE8073C9435B3ECC9C.d.9DB922B95ADFB37745635E478C570535.e.5296/value - {"text":"05/20/25"}
COMMAND: GET /session/08fad45ac65f529ba2de556ddf104458/screenshot - {}
RESULT: {}
COMMAND: POST /session/08fad45ac65f529ba2de556ddf104458/element/f.9D9AE82FA30F8FEE8073C9435B3ECC9C.d.9DB922B95ADFB37745635E478C570535.e.5299/value - {"text":"Euro"}
COMMAND: GET /session/08fad45ac65f529ba2de556ddf104458/screenshot - {}
RESULT: {}
COMMAND: POST /session/08fad45ac65f529ba2de556ddf104458/element/f.9D9AE82FA30F8FEE8073C9435B3ECC9C.d.9DB922B95ADFB37745635E478C570535.e.5297/value - {"text":"10/20/25"}
COMMAND: GET /session/08fad45ac65f529ba2de556ddf104458/screenshot - {}
RESULT: {"using":"css selector","value":"td"}
COMMAND: POST /session/08fad45ac65f529ba2de556ddf104458/element - {"using":"xpath","value":".//li[contains(., \"2306\") and not(.//li)]"}
COMMAND: POST /session/08fad45ac65f529ba2de556ddf104458/element/f.9D9AE82FA30F8FEE8073C9435B3ECC9C.d.9DB922B95ADFB37745635E478C570535.e.5317/element - {"using":"css selector","value":"input"}
COMMAND: POST /session/08fad45ac65f529ba2de556ddf104458/element/f.9D9AE82FA30F8FEE8073C9435B3ECC9C.d.9DB922B95ADFB37745635E478C570535.e.5317/element - {"using":"css selector","value":"input"}
RESULT: {"text":"705.60"}
COMMAND: GET /session/08fad45ac65f529ba2de556ddf104458/screenshot - {}
RESULT: {}
RESULT: {"text":"05/20/25"}
COMMAND: GET /session/08fad45ac65f529ba2de556ddf104458/screenshot - {}
RESULT: {}
RESULT: {"text":"Euro"}
COMMAND: GET /session/08fad45ac65f529ba2de556ddf104458/screenshot - {}
RESULT: {}
RESULT: {"text":"10/20/25"}
COMMAND: GET /session/08fad45ac65f529ba2de556ddf104458/screenshot - {}
RESULT: {}
RESULT: {"using":"css selector","value":"input"}
COMMAND: POST /session/08fad45ac65f529ba2de556ddf104458/element/f.9D9AE82FA30F8FEE8073C9435B3ECC9C.d.9DB922B95ADFB37745635E478C570535.e.5300/click - {}
RESULT: {"using":"css selector","value":"input"}
COMMAND: POST /session/08fad45ac65f529ba2de556ddf104458/element/f.9D9AE82FA30F8FEE8073C9435B3ECC9C.d.9DB922B95ADFB37745635E478C570535.e.5300/clear - {}
RESULT: {"using":"xpath","value":".//li[contains(., \"2306\") and not(.//li)]"}
RESULT: {}
RESULT: {}
RESULT: {}
RESULT: {}
RESULT: {}
COMMAND: GET /session/08fad45ac65f529ba2de556ddf104458/screenshot - {}
COMMAND: POST /session/08fad45ac65f529ba2de556ddf104458/elements - {"using":"xpath","value":".//li[contains(., \"2306\") and not(.//li)]"}
RESULT: {}
COMMAND: POST /session/08fad45ac65f529ba2de556ddf104458/element/f.9D9AE82FA30F8FEE8073C9435B3ECC9C.d.9DB922B95ADFB37745635E478C570535.e.5300/value - {"text":"2306"}
COMMAND: GET /session/08fad45ac65f529ba2de556ddf104458/screenshot - {}
RESULT: {}
RESULT: {"using":"xpath","value":".//li[contains(., \"2306\") and not(.//li)]"}
COMMAND: POST /session/08fad45ac65f529ba2de556ddf104458/elements - {"using":"xpath","value":".//li[contains(., \"2306\") and not(.//li)]"}
RESULT: {"text":"2306"}
COMMAND: GET /session/08fad45ac65f529ba2de556ddf104458/screenshot - {}
RESULT: {}
RESULT: {"using":"xpath","value":".//li[contains(., \"2306\") and not(.//li)]"}
COMMAND: POST /session/08fad45ac65f529ba2de556ddf104458/elements - {"using":"xpath","value":".//li[contains(., \"2306\") and not(.//li)]"}
RESULT: {}
RESULT: {"using":"xpath","value":".//li[contains(., \"2306\") and not(.//li)]"}
COMMAND: POST /session/08fad45ac65f529ba2de556ddf104458/element - {"using":"xpath","value":".//li[contains(., \"2306\") and not(.//li)]"}
RESULT: {"using":"xpath","value":".//li[contains(., \"2306\") and not(.//li)]"}
COMMAND: POST /session/08fad45ac65f529ba2de556ddf104458/element/f.9D9AE82FA30F8FEE8073C9435B3ECC9C.d.9DB922B95ADFB37745635E478C570535.e.5324/click - {}
RESULT: {}
COMMAND: POST /session/08fad45ac65f529ba2de556ddf104458/element/f.9D9AE82FA30F8FEE8073C9435B3ECC9C.d.9DB922B95ADFB37745635E478C570535.e.5318/element - {"using":"css selector","value":"input"}
COMMAND: GET /session/08fad45ac65f529ba2de556ddf104458/screenshot - {}
RESULT: {"using":"css selector","value":"input"}
COMMAND: POST /session/08fad45ac65f529ba2de556ddf104458/element/f.9D9AE82FA30F8FEE8073C9435B3ECC9C.d.9DB922B95ADFB37745635E478C570535.e.5301/click - {}
RESULT: {}
RESULT: {}
COMMAND: GET /session/08fad45ac65f529ba2de556ddf104458/screenshot - {}
RESULT: {}
COMMAND: POST /session/08fad45ac65f529ba2de556ddf104458/element/f.9D9AE82FA30F8FEE8073C9435B3ECC9C.d.9DB922B95ADFB37745635E478C570535.e.5318/element - {"using":"css selector","value":"input"}
RESULT: {"using":"css selector","value":"input"}
COMMAND: POST /session/08fad45ac65f529ba2de556ddf104458/element/f.9D9AE82FA30F8FEE8073C9435B3ECC9C.d.9DB922B95ADFB37745635E478C570535.e.5301/clear - {}
RESULT: {}
COMMAND: POST /session/08fad45ac65f529ba2de556ddf104458/element/f.9D9AE82FA30F8FEE8073C9435B3ECC9C.d.9DB922B95ADFB37745635E478C570535.e.5301/value - {"text":"597"}
COMMAND: GET /session/08fad45ac65f529ba2de556ddf104458/screenshot - {}
RESULT: {"text":"597"}
COMMAND: GET /session/08fad45ac65f529ba2de556ddf104458/screenshot - {}
RESULT: {}
RESULT: {}
COMMAND: POST /session/08fad45ac65f529ba2de556ddf104458/element - {"using":"xpath","value":".//li[contains(., \"597\") and not(.//li)]"}
RESULT: {"using":"xpath","value":".//li[contains(., \"597\") and not(.//li)]"}
COMMAND: POST /session/08fad45ac65f529ba2de556ddf104458/element/f.9D9AE82FA30F8FEE8073C9435B3ECC9C.d.9DB922B95ADFB37745635E478C570535.e.5325/click - {}
RESULT: {}
RESULT: undefined
COMMAND: POST /session/08fad45ac65f529ba2de556ddf104458/element - {"using":"xpath","value":"//*[@id=\"__button105\"]"}
COMMAND: GET /session/08fad45ac65f529ba2de556ddf104458/screenshot - {}
RESULT: {"using":"xpath","value":"//*[@id=\"__button105\"]"}
COMMAND: POST /session/08fad45ac65f529ba2de556ddf104458/element/f.9D9AE82FA30F8FEE8073C9435B3ECC9C.d.9DB922B95ADFB37745635E478C570535.e.5097/click - {}
RESULT: {}
RESULT: {}
COMMAND: POST /session/08fad45ac65f529ba2de556ddf104458/elements - {"using":"css selector","value":"table tr"}
COMMAND: GET /session/08fad45ac65f529ba2de556ddf104458/screenshot - {}
RESULT: {"using":"css selector","value":"table tr"}
COMMAND: POST /session/08fad45ac65f529ba2de556ddf104458/element/f.9D9AE82FA30F8FEE8073C9435B3ECC9C.d.9DB922B95ADFB37745635E478C570535.e.5327/elements - {"using":"css selector","value":"input"}
RESULT: {}
RESULT: {"using":"css selector","value":"input"}
COMMAND: POST /session/08fad45ac65f529ba2de556ddf104458/element/f.9D9AE82FA30F8FEE8073C9435B3ECC9C.d.9DB922B95ADFB37745635E478C570535.e.5330/clear - {}
COMMAND: POST /session/08fad45ac65f529ba2de556ddf104458/element/f.9D9AE82FA30F8FEE8073C9435B3ECC9C.d.9DB922B95ADFB37745635E478C570535.e.5328/clear - {}
COMMAND: POST /session/08fad45ac65f529ba2de556ddf104458/element/f.9D9AE82FA30F8FEE8073C9435B3ECC9C.d.9DB922B95ADFB37745635E478C570535.e.5331/clear - {}
COMMAND: POST /session/08fad45ac65f529ba2de556ddf104458/element/f.9D9AE82FA30F8FEE8073C9435B3ECC9C.d.9DB922B95ADFB37745635E478C570535.e.5329/clear - {}
RESULT: {}
COMMAND: POST /session/08fad45ac65f529ba2de556ddf104458/element/f.9D9AE82FA30F8FEE8073C9435B3ECC9C.d.9DB922B95ADFB37745635E478C570535.e.5329/value - {"text":"10/20/25"}
COMMAND: GET /session/08fad45ac65f529ba2de556ddf104458/screenshot - {}
RESULT: {}
COMMAND: POST /session/08fad45ac65f529ba2de556ddf104458/element/f.9D9AE82FA30F8FEE8073C9435B3ECC9C.d.9DB922B95ADFB37745635E478C570535.e.5331/value - {"text":"US Dollar"}
COMMAND: GET /session/08fad45ac65f529ba2de556ddf104458/screenshot - {}
RESULT: {}
COMMAND: POST /session/08fad45ac65f529ba2de556ddf104458/element/f.9D9AE82FA30F8FEE8073C9435B3ECC9C.d.9DB922B95ADFB37745635E478C570535.e.5328/value - {"text":"05/20/25"}
COMMAND: GET /session/08fad45ac65f529ba2de556ddf104458/screenshot - {}
RESULT: {}
COMMAND: POST /session/08fad45ac65f529ba2de556ddf104458/element/f.9D9AE82FA30F8FEE8073C9435B3ECC9C.d.9DB922B95ADFB37745635E478C570535.e.5330/value - {"text":"99.5"}
COMMAND: GET /session/08fad45ac65f529ba2de556ddf104458/screenshot - {}
RESULT: {"text":"10/20/25"}
COMMAND: GET /session/08fad45ac65f529ba2de556ddf104458/screenshot - {}
RESULT: {}
COMMAND: POST /session/08fad45ac65f529ba2de556ddf104458/element/f.9D9AE82FA30F8FEE8073C9435B3ECC9C.d.9DB922B95ADFB37745635E478C570535.e.5327/elements - {"using":"css selector","value":"td"}
RESULT: {"text":"US Dollar"}
COMMAND: GET /session/08fad45ac65f529ba2de556ddf104458/screenshot - {}
RESULT: {}
RESULT: {"text":"05/20/25"}
COMMAND: GET /session/08fad45ac65f529ba2de556ddf104458/screenshot - {}
RESULT: {}
RESULT: {"text":"99.5"}
COMMAND: GET /session/08fad45ac65f529ba2de556ddf104458/screenshot - {}
RESULT: {}
RESULT: {}
RESULT: {"using":"css selector","value":"td"}
COMMAND: POST /session/08fad45ac65f529ba2de556ddf104458/element/f.9D9AE82FA30F8FEE8073C9435B3ECC9C.d.9DB922B95ADFB37745635E478C570535.e.5349/element - {"using":"css selector","value":"input"}
RESULT: {}
RESULT: {}
RESULT: {}
RESULT: {"using":"css selector","value":"input"}
COMMAND: POST /session/08fad45ac65f529ba2de556ddf104458/element/f.9D9AE82FA30F8FEE8073C9435B3ECC9C.d.9DB922B95ADFB37745635E478C570535.e.5332/click - {}
RESULT: {}
COMMAND: GET /session/08fad45ac65f529ba2de556ddf104458/screenshot - {}
RESULT: {}
COMMAND: POST /session/08fad45ac65f529ba2de556ddf104458/element/f.9D9AE82FA30F8FEE8073C9435B3ECC9C.d.9DB922B95ADFB37745635E478C570535.e.5349/element - {"using":"css selector","value":"input"}
RESULT: {"using":"css selector","value":"input"}
COMMAND: POST /session/08fad45ac65f529ba2de556ddf104458/element/f.9D9AE82FA30F8FEE8073C9435B3ECC9C.d.9DB922B95ADFB37745635E478C570535.e.5332/clear - {}
RESULT: {}
COMMAND: POST /session/08fad45ac65f529ba2de556ddf104458/element/f.9D9AE82FA30F8FEE8073C9435B3ECC9C.d.9DB922B95ADFB37745635E478C570535.e.5332/value - {"text":"2306"}
COMMAND: GET /session/08fad45ac65f529ba2de556ddf104458/screenshot - {}
RESULT: {"text":"2306"}
COMMAND: GET /session/08fad45ac65f529ba2de556ddf104458/screenshot - {}
RESULT: {}
RESULT: {}
COMMAND: POST /session/08fad45ac65f529ba2de556ddf104458/element - {"using":"xpath","value":"(//li[div//span[contains(text(), '2306')]])[2]"}
RESULT: {"using":"xpath","value":"(//li[div//span[contains(text(), '2306')]])[2]"}
COMMAND: POST /session/08fad45ac65f529ba2de556ddf104458/element/f.9D9AE82FA30F8FEE8073C9435B3ECC9C.d.9DB922B95ADFB37745635E478C570535.e.5355/click - {}
RESULT: {}
COMMAND: POST /session/08fad45ac65f529ba2de556ddf104458/execute/async - {"script":"<script> [1562 bytes]","args":[{"selector":{"controlType":"sap.m.Button","viewName":"etm.portal.ui.manageconditionprice.view.DailyPrices","viewId":"application-manageconditionprice-display-component---dailyPrices","i18NText":{"propertyName":"tooltip","key":"save"},"interaction":{"idSuffix":"BDI-content"}},"wdio_ui5_key":"etmportal.ui.manageconditionprice.view.DailyPricessap.m.Button{\"propertyName\":\"tooltip\",\"key\":\"save\"}"}]}
COMMAND: GET /session/08fad45ac65f529ba2de556ddf104458/screenshot - {}
RESULT: {"script":"<script> [1562 bytes]","args":[{"selector":{"controlType":"sap.m.Button","viewName":"etm.portal.ui.manageconditionprice.view.DailyPrices","viewId":"application-manageconditionprice-display-component---dailyPrices","i18NText":{"propertyName":"tooltip","key":"save"},"interaction":{"idSuffix":"BDI-content"}},"wdio_ui5_key":"etmportal.ui.manageconditionprice.view.DailyPricessap.m.Button{\"propertyName\":\"tooltip\",\"key\":\"save\"}"}]}
RESULT: undefined
COMMAND: POST /session/08fad45ac65f529ba2de556ddf104458/element - {"using":"xpath","value":"//*[@id=\"__button107\"]"}
RESULT: {}
RESULT: {"using":"xpath","value":"//*[@id=\"__button107\"]"}
COMMAND: POST /session/08fad45ac65f529ba2de556ddf104458/element/f.9D9AE82FA30F8FEE8073C9435B3ECC9C.d.9DB922B95ADFB37745635E478C570535.e.5091/click - {}
RESULT: {}
COMMAND: GET /session/08fad45ac65f529ba2de556ddf104458/screenshot - {}
RESULT: {}
]]></system-out>
    </testcase>
    <testcase classname="chrome.136_0_7103_93.windows.Edit_and_delete_daily_price_US134629_US134627" name="Should check whether the 2 rows have been added then edit one of the rows s currency and value and save and check the edited values" time="16.409">
      <system-out><![CDATA[
COMMAND: POST /session/08fad45ac65f529ba2de556ddf104458/elements - {"using":"css selector","value":"table tr"}
RESULT: {"using":"css selector","value":"table tr"}
COMMAND: POST /session/08fad45ac65f529ba2de556ddf104458/element/f.9D9AE82FA30F8FEE8073C9435B3ECC9C.d.9DB922B95ADFB37745635E478C570535.e.5327/elements - {"using":"css selector","value":"td"}
RESULT: {"using":"css selector","value":"td"}
COMMAND: POST /session/08fad45ac65f529ba2de556ddf104458/element/f.9D9AE82FA30F8FEE8073C9435B3ECC9C.d.9DB922B95ADFB37745635E478C570535.e.5295/elements - {"using":"css selector","value":"td"}
RESULT: {"using":"css selector","value":"td"}
COMMAND: POST /session/08fad45ac65f529ba2de556ddf104458/element/f.9D9AE82FA30F8FEE8073C9435B3ECC9C.d.9DB922B95ADFB37745635E478C570535.e.5358/element - {"using":"css selector","value":".sapMObjectNumberText"}
RESULT: {"using":"css selector","value":".sapMObjectNumberText"}
COMMAND: GET /session/08fad45ac65f529ba2de556ddf104458/element/f.9D9AE82FA30F8FEE8073C9435B3ECC9C.d.9DB922B95ADFB37745635E478C570535.e.5360/text - {}
RESULT: {}
COMMAND: POST /session/08fad45ac65f529ba2de556ddf104458/element/f.9D9AE82FA30F8FEE8073C9435B3ECC9C.d.9DB922B95ADFB37745635E478C570535.e.5359/element - {"using":"css selector","value":".sapMObjectNumberText"}
RESULT: {"using":"css selector","value":".sapMObjectNumberText"}
COMMAND: GET /session/08fad45ac65f529ba2de556ddf104458/element/f.9D9AE82FA30F8FEE8073C9435B3ECC9C.d.9DB922B95ADFB37745635E478C570535.e.5361/text - {}
RESULT: {}
RESULT: undefined
COMMAND: POST /session/08fad45ac65f529ba2de556ddf104458/element - {"using":"xpath","value":"//*[@id=\"application-manageconditionprice-display-component---dailyPrices--editBtn\"]"}
RESULT: {"using":"xpath","value":"//*[@id=\"application-manageconditionprice-display-component---dailyPrices--editBtn\"]"}
COMMAND: POST /session/08fad45ac65f529ba2de556ddf104458/element/f.9D9AE82FA30F8FEE8073C9435B3ECC9C.d.9DB922B95ADFB37745635E478C570535.e.5357/click - {}
RESULT: {}
COMMAND: POST /session/08fad45ac65f529ba2de556ddf104458/elements - {"using":"css selector","value":"table tr"}
COMMAND: GET /session/08fad45ac65f529ba2de556ddf104458/screenshot - {}
RESULT: {"using":"css selector","value":"table tr"}
COMMAND: POST /session/08fad45ac65f529ba2de556ddf104458/element/f.9D9AE82FA30F8FEE8073C9435B3ECC9C.d.9DB922B95ADFB37745635E478C570535.e.5327/elements - {"using":"css selector","value":"input"}
RESULT: {}
RESULT: {"using":"css selector","value":"input"}
COMMAND: POST /session/08fad45ac65f529ba2de556ddf104458/element/f.9D9AE82FA30F8FEE8073C9435B3ECC9C.d.9DB922B95ADFB37745635E478C570535.e.5376/clear - {}
COMMAND: POST /session/08fad45ac65f529ba2de556ddf104458/element/f.9D9AE82FA30F8FEE8073C9435B3ECC9C.d.9DB922B95ADFB37745635E478C570535.e.5377/clear - {}
RESULT: {}
COMMAND: POST /session/08fad45ac65f529ba2de556ddf104458/element/f.9D9AE82FA30F8FEE8073C9435B3ECC9C.d.9DB922B95ADFB37745635E478C570535.e.5376/value - {"text":"566.1"}
COMMAND: GET /session/08fad45ac65f529ba2de556ddf104458/screenshot - {}
RESULT: {}
COMMAND: POST /session/08fad45ac65f529ba2de556ddf104458/element/f.9D9AE82FA30F8FEE8073C9435B3ECC9C.d.9DB922B95ADFB37745635E478C570535.e.5377/value - {"text":"US Dollar"}
COMMAND: GET /session/08fad45ac65f529ba2de556ddf104458/screenshot - {}
RESULT: {"text":"566.1"}
COMMAND: GET /session/08fad45ac65f529ba2de556ddf104458/screenshot - {}
RESULT: {}
RESULT: {"text":"US Dollar"}
COMMAND: GET /session/08fad45ac65f529ba2de556ddf104458/screenshot - {}
RESULT: {}
RESULT: {}
RESULT: undefined
COMMAND: POST /session/08fad45ac65f529ba2de556ddf104458/element - {"using":"xpath","value":"//*[@id=\"__button107\"]"}
RESULT: {}
RESULT: {"using":"xpath","value":"//*[@id=\"__button107\"]"}
COMMAND: POST /session/08fad45ac65f529ba2de556ddf104458/element/f.9D9AE82FA30F8FEE8073C9435B3ECC9C.d.9DB922B95ADFB37745635E478C570535.e.5362/click - {}
RESULT: {}
COMMAND: GET /session/08fad45ac65f529ba2de556ddf104458/screenshot - {}
RESULT: {}
COMMAND: POST /session/08fad45ac65f529ba2de556ddf104458/elements - {"using":"css selector","value":"table tr"}
RESULT: {"using":"css selector","value":"table tr"}
COMMAND: POST /session/08fad45ac65f529ba2de556ddf104458/element/f.9D9AE82FA30F8FEE8073C9435B3ECC9C.d.9DB922B95ADFB37745635E478C570535.e.5327/elements - {"using":"css selector","value":"td"}
RESULT: {"using":"css selector","value":"td"}
COMMAND: POST /session/08fad45ac65f529ba2de556ddf104458/element/f.9D9AE82FA30F8FEE8073C9435B3ECC9C.d.9DB922B95ADFB37745635E478C570535.e.5381/element - {"using":"css selector","value":".sapMObjectNumberText"}
RESULT: {"using":"css selector","value":".sapMObjectNumberText"}
COMMAND: GET /session/08fad45ac65f529ba2de556ddf104458/element/f.9D9AE82FA30F8FEE8073C9435B3ECC9C.d.9DB922B95ADFB37745635E478C570535.e.5383/text - {}
RESULT: {}
]]></system-out>
    </testcase>
    <testcase classname="chrome.136_0_7103_93.windows.Edit_and_delete_daily_price_US134629_US134627" name="Should go into edit and delete all the rows that match the yard we have created for this scenario check if all rows deleted" time="27.773">
      <system-out><![CDATA[
RESULT: undefined
COMMAND: POST /session/08fad45ac65f529ba2de556ddf104458/element - {"using":"xpath","value":"//*[@id=\"application-manageconditionprice-display-component---dailyPrices--editBtn\"]"}
RESULT: {"using":"xpath","value":"//*[@id=\"application-manageconditionprice-display-component---dailyPrices--editBtn\"]"}
COMMAND: POST /session/08fad45ac65f529ba2de556ddf104458/element/f.9D9AE82FA30F8FEE8073C9435B3ECC9C.d.9DB922B95ADFB37745635E478C570535.e.5380/click - {}
RESULT: {}
COMMAND: GET /session/08fad45ac65f529ba2de556ddf104458/screenshot - {}
RESULT: {}
COMMAND: POST /session/08fad45ac65f529ba2de556ddf104458/elements - {"using":"css selector","value":"table tr"}
RESULT: {"using":"css selector","value":"table tr"}
COMMAND: POST /session/08fad45ac65f529ba2de556ddf104458/element/f.9D9AE82FA30F8FEE8073C9435B3ECC9C.d.9DB922B95ADFB37745635E478C570535.e.5099/elements - {"using":"css selector","value":"td"}
RESULT: {"using":"css selector","value":"td"}
COMMAND: POST /session/08fad45ac65f529ba2de556ddf104458/element/f.9D9AE82FA30F8FEE8073C9435B3ECC9C.d.9DB922B95ADFB37745635E478C570535.e.5100/elements - {"using":"css selector","value":"td"}
RESULT: {"using":"css selector","value":"td"}
COMMAND: POST /session/08fad45ac65f529ba2de556ddf104458/element/f.9D9AE82FA30F8FEE8073C9435B3ECC9C.d.9DB922B95ADFB37745635E478C570535.e.5101/elements - {"using":"css selector","value":"td"}
RESULT: {"using":"css selector","value":"td"}
COMMAND: POST /session/08fad45ac65f529ba2de556ddf104458/element/f.9D9AE82FA30F8FEE8073C9435B3ECC9C.d.9DB922B95ADFB37745635E478C570535.e.5010/elements - {"using":"css selector","value":"td"}
RESULT: {"using":"css selector","value":"td"}
COMMAND: POST /session/08fad45ac65f529ba2de556ddf104458/element/f.9D9AE82FA30F8FEE8073C9435B3ECC9C.d.9DB922B95ADFB37745635E478C570535.e.5011/elements - {"using":"css selector","value":"td"}
RESULT: {"using":"css selector","value":"td"}
COMMAND: POST /session/08fad45ac65f529ba2de556ddf104458/element/f.9D9AE82FA30F8FEE8073C9435B3ECC9C.d.9DB922B95ADFB37745635E478C570535.e.5019/elements - {"using":"css selector","value":"td"}
RESULT: {"using":"css selector","value":"td"}
COMMAND: POST /session/08fad45ac65f529ba2de556ddf104458/element/f.9D9AE82FA30F8FEE8073C9435B3ECC9C.d.9DB922B95ADFB37745635E478C570535.e.5020/elements - {"using":"css selector","value":"td"}
RESULT: {"using":"css selector","value":"td"}
COMMAND: POST /session/08fad45ac65f529ba2de556ddf104458/element/f.9D9AE82FA30F8FEE8073C9435B3ECC9C.d.9DB922B95ADFB37745635E478C570535.e.5028/elements - {"using":"css selector","value":"td"}
RESULT: {"using":"css selector","value":"td"}
COMMAND: POST /session/08fad45ac65f529ba2de556ddf104458/element/f.9D9AE82FA30F8FEE8073C9435B3ECC9C.d.9DB922B95ADFB37745635E478C570535.e.5029/elements - {"using":"css selector","value":"td"}
RESULT: {"using":"css selector","value":"td"}
COMMAND: POST /session/08fad45ac65f529ba2de556ddf104458/element/f.9D9AE82FA30F8FEE8073C9435B3ECC9C.d.9DB922B95ADFB37745635E478C570535.e.5033/elements - {"using":"css selector","value":"td"}
RESULT: {"using":"css selector","value":"td"}
COMMAND: POST /session/08fad45ac65f529ba2de556ddf104458/element/f.9D9AE82FA30F8FEE8073C9435B3ECC9C.d.9DB922B95ADFB37745635E478C570535.e.5102/elements - {"using":"css selector","value":"td"}
RESULT: {"using":"css selector","value":"td"}
COMMAND: POST /session/08fad45ac65f529ba2de556ddf104458/element/f.9D9AE82FA30F8FEE8073C9435B3ECC9C.d.9DB922B95ADFB37745635E478C570535.e.5103/elements - {"using":"css selector","value":"td"}
RESULT: {"using":"css selector","value":"td"}
COMMAND: POST /session/08fad45ac65f529ba2de556ddf104458/element/f.9D9AE82FA30F8FEE8073C9435B3ECC9C.d.9DB922B95ADFB37745635E478C570535.e.5104/elements - {"using":"css selector","value":"td"}
RESULT: {"using":"css selector","value":"td"}
COMMAND: POST /session/08fad45ac65f529ba2de556ddf104458/element/f.9D9AE82FA30F8FEE8073C9435B3ECC9C.d.9DB922B95ADFB37745635E478C570535.e.5105/elements - {"using":"css selector","value":"td"}
RESULT: {"using":"css selector","value":"td"}
COMMAND: POST /session/08fad45ac65f529ba2de556ddf104458/element/f.9D9AE82FA30F8FEE8073C9435B3ECC9C.d.9DB922B95ADFB37745635E478C570535.e.5106/elements - {"using":"css selector","value":"td"}
RESULT: {"using":"css selector","value":"td"}
COMMAND: POST /session/08fad45ac65f529ba2de556ddf104458/element/f.9D9AE82FA30F8FEE8073C9435B3ECC9C.d.9DB922B95ADFB37745635E478C570535.e.5107/elements - {"using":"css selector","value":"td"}
RESULT: {"using":"css selector","value":"td"}
COMMAND: POST /session/08fad45ac65f529ba2de556ddf104458/element/f.9D9AE82FA30F8FEE8073C9435B3ECC9C.d.9DB922B95ADFB37745635E478C570535.e.5108/elements - {"using":"css selector","value":"td"}
RESULT: {"using":"css selector","value":"td"}
COMMAND: POST /session/08fad45ac65f529ba2de556ddf104458/element/f.9D9AE82FA30F8FEE8073C9435B3ECC9C.d.9DB922B95ADFB37745635E478C570535.e.5109/elements - {"using":"css selector","value":"td"}
RESULT: {"using":"css selector","value":"td"}
COMMAND: POST /session/08fad45ac65f529ba2de556ddf104458/element/f.9D9AE82FA30F8FEE8073C9435B3ECC9C.d.9DB922B95ADFB37745635E478C570535.e.5110/elements - {"using":"css selector","value":"td"}
RESULT: {"using":"css selector","value":"td"}
COMMAND: POST /session/08fad45ac65f529ba2de556ddf104458/element/f.9D9AE82FA30F8FEE8073C9435B3ECC9C.d.9DB922B95ADFB37745635E478C570535.e.5111/elements - {"using":"css selector","value":"td"}
RESULT: {"using":"css selector","value":"td"}
COMMAND: POST /session/08fad45ac65f529ba2de556ddf104458/element/f.9D9AE82FA30F8FEE8073C9435B3ECC9C.d.9DB922B95ADFB37745635E478C570535.e.5112/elements - {"using":"css selector","value":"td"}
RESULT: {"using":"css selector","value":"td"}
COMMAND: POST /session/08fad45ac65f529ba2de556ddf104458/element/f.9D9AE82FA30F8FEE8073C9435B3ECC9C.d.9DB922B95ADFB37745635E478C570535.e.5113/elements - {"using":"css selector","value":"td"}
RESULT: {"using":"css selector","value":"td"}
COMMAND: POST /session/08fad45ac65f529ba2de556ddf104458/element/f.9D9AE82FA30F8FEE8073C9435B3ECC9C.d.9DB922B95ADFB37745635E478C570535.e.5114/elements - {"using":"css selector","value":"td"}
RESULT: {"using":"css selector","value":"td"}
COMMAND: POST /session/08fad45ac65f529ba2de556ddf104458/element/f.9D9AE82FA30F8FEE8073C9435B3ECC9C.d.9DB922B95ADFB37745635E478C570535.e.5115/elements - {"using":"css selector","value":"td"}
RESULT: {"using":"css selector","value":"td"}
COMMAND: POST /session/08fad45ac65f529ba2de556ddf104458/element/f.9D9AE82FA30F8FEE8073C9435B3ECC9C.d.9DB922B95ADFB37745635E478C570535.e.5116/elements - {"using":"css selector","value":"td"}
RESULT: {"using":"css selector","value":"td"}
COMMAND: POST /session/08fad45ac65f529ba2de556ddf104458/element/f.9D9AE82FA30F8FEE8073C9435B3ECC9C.d.9DB922B95ADFB37745635E478C570535.e.5117/elements - {"using":"css selector","value":"td"}
RESULT: {"using":"css selector","value":"td"}
COMMAND: POST /session/08fad45ac65f529ba2de556ddf104458/element/f.9D9AE82FA30F8FEE8073C9435B3ECC9C.d.9DB922B95ADFB37745635E478C570535.e.5118/elements - {"using":"css selector","value":"td"}
RESULT: {"using":"css selector","value":"td"}
COMMAND: POST /session/08fad45ac65f529ba2de556ddf104458/element/f.9D9AE82FA30F8FEE8073C9435B3ECC9C.d.9DB922B95ADFB37745635E478C570535.e.5119/elements - {"using":"css selector","value":"td"}
RESULT: {"using":"css selector","value":"td"}
COMMAND: POST /session/08fad45ac65f529ba2de556ddf104458/element/f.9D9AE82FA30F8FEE8073C9435B3ECC9C.d.9DB922B95ADFB37745635E478C570535.e.5120/elements - {"using":"css selector","value":"td"}
RESULT: {"using":"css selector","value":"td"}
COMMAND: POST /session/08fad45ac65f529ba2de556ddf104458/element/f.9D9AE82FA30F8FEE8073C9435B3ECC9C.d.9DB922B95ADFB37745635E478C570535.e.5121/elements - {"using":"css selector","value":"td"}
RESULT: {"using":"css selector","value":"td"}
COMMAND: POST /session/08fad45ac65f529ba2de556ddf104458/element/f.9D9AE82FA30F8FEE8073C9435B3ECC9C.d.9DB922B95ADFB37745635E478C570535.e.5122/elements - {"using":"css selector","value":"td"}
RESULT: {"using":"css selector","value":"td"}
COMMAND: POST /session/08fad45ac65f529ba2de556ddf104458/element/f.9D9AE82FA30F8FEE8073C9435B3ECC9C.d.9DB922B95ADFB37745635E478C570535.e.5123/elements - {"using":"css selector","value":"td"}
RESULT: {"using":"css selector","value":"td"}
COMMAND: POST /session/08fad45ac65f529ba2de556ddf104458/element/f.9D9AE82FA30F8FEE8073C9435B3ECC9C.d.9DB922B95ADFB37745635E478C570535.e.5124/elements - {"using":"css selector","value":"td"}
RESULT: {"using":"css selector","value":"td"}
COMMAND: POST /session/08fad45ac65f529ba2de556ddf104458/element/f.9D9AE82FA30F8FEE8073C9435B3ECC9C.d.9DB922B95ADFB37745635E478C570535.e.5125/elements - {"using":"css selector","value":"td"}
RESULT: {"using":"css selector","value":"td"}
COMMAND: POST /session/08fad45ac65f529ba2de556ddf104458/element/f.9D9AE82FA30F8FEE8073C9435B3ECC9C.d.9DB922B95ADFB37745635E478C570535.e.5126/elements - {"using":"css selector","value":"td"}
RESULT: {"using":"css selector","value":"td"}
COMMAND: POST /session/08fad45ac65f529ba2de556ddf104458/element/f.9D9AE82FA30F8FEE8073C9435B3ECC9C.d.9DB922B95ADFB37745635E478C570535.e.5127/elements - {"using":"css selector","value":"td"}
RESULT: {"using":"css selector","value":"td"}
COMMAND: POST /session/08fad45ac65f529ba2de556ddf104458/element/f.9D9AE82FA30F8FEE8073C9435B3ECC9C.d.9DB922B95ADFB37745635E478C570535.e.5128/elements - {"using":"css selector","value":"td"}
RESULT: {"using":"css selector","value":"td"}
COMMAND: POST /session/08fad45ac65f529ba2de556ddf104458/element/f.9D9AE82FA30F8FEE8073C9435B3ECC9C.d.9DB922B95ADFB37745635E478C570535.e.5129/elements - {"using":"css selector","value":"td"}
RESULT: {"using":"css selector","value":"td"}
COMMAND: POST /session/08fad45ac65f529ba2de556ddf104458/element/f.9D9AE82FA30F8FEE8073C9435B3ECC9C.d.9DB922B95ADFB37745635E478C570535.e.5130/elements - {"using":"css selector","value":"td"}
RESULT: {"using":"css selector","value":"td"}
COMMAND: POST /session/08fad45ac65f529ba2de556ddf104458/element/f.9D9AE82FA30F8FEE8073C9435B3ECC9C.d.9DB922B95ADFB37745635E478C570535.e.5131/elements - {"using":"css selector","value":"td"}
RESULT: {"using":"css selector","value":"td"}
COMMAND: POST /session/08fad45ac65f529ba2de556ddf104458/element/f.9D9AE82FA30F8FEE8073C9435B3ECC9C.d.9DB922B95ADFB37745635E478C570535.e.5132/elements - {"using":"css selector","value":"td"}
RESULT: {"using":"css selector","value":"td"}
COMMAND: POST /session/08fad45ac65f529ba2de556ddf104458/element/f.9D9AE82FA30F8FEE8073C9435B3ECC9C.d.9DB922B95ADFB37745635E478C570535.e.5133/elements - {"using":"css selector","value":"td"}
RESULT: {"using":"css selector","value":"td"}
COMMAND: POST /session/08fad45ac65f529ba2de556ddf104458/element/f.9D9AE82FA30F8FEE8073C9435B3ECC9C.d.9DB922B95ADFB37745635E478C570535.e.5134/elements - {"using":"css selector","value":"td"}
RESULT: {"using":"css selector","value":"td"}
COMMAND: POST /session/08fad45ac65f529ba2de556ddf104458/element/f.9D9AE82FA30F8FEE8073C9435B3ECC9C.d.9DB922B95ADFB37745635E478C570535.e.5135/elements - {"using":"css selector","value":"td"}
RESULT: {"using":"css selector","value":"td"}
COMMAND: POST /session/08fad45ac65f529ba2de556ddf104458/element/f.9D9AE82FA30F8FEE8073C9435B3ECC9C.d.9DB922B95ADFB37745635E478C570535.e.5136/elements - {"using":"css selector","value":"td"}
RESULT: {"using":"css selector","value":"td"}
COMMAND: POST /session/08fad45ac65f529ba2de556ddf104458/element/f.9D9AE82FA30F8FEE8073C9435B3ECC9C.d.9DB922B95ADFB37745635E478C570535.e.5137/elements - {"using":"css selector","value":"td"}
RESULT: {"using":"css selector","value":"td"}
COMMAND: POST /session/08fad45ac65f529ba2de556ddf104458/element/f.9D9AE82FA30F8FEE8073C9435B3ECC9C.d.9DB922B95ADFB37745635E478C570535.e.5138/elements - {"using":"css selector","value":"td"}
RESULT: {"using":"css selector","value":"td"}
COMMAND: POST /session/08fad45ac65f529ba2de556ddf104458/element/f.9D9AE82FA30F8FEE8073C9435B3ECC9C.d.9DB922B95ADFB37745635E478C570535.e.5139/elements - {"using":"css selector","value":"td"}
RESULT: {"using":"css selector","value":"td"}
COMMAND: POST /session/08fad45ac65f529ba2de556ddf104458/element/f.9D9AE82FA30F8FEE8073C9435B3ECC9C.d.9DB922B95ADFB37745635E478C570535.e.5140/elements - {"using":"css selector","value":"td"}
RESULT: {"using":"css selector","value":"td"}
COMMAND: POST /session/08fad45ac65f529ba2de556ddf104458/element/f.9D9AE82FA30F8FEE8073C9435B3ECC9C.d.9DB922B95ADFB37745635E478C570535.e.5141/elements - {"using":"css selector","value":"td"}
RESULT: {"using":"css selector","value":"td"}
COMMAND: POST /session/08fad45ac65f529ba2de556ddf104458/element/f.9D9AE82FA30F8FEE8073C9435B3ECC9C.d.9DB922B95ADFB37745635E478C570535.e.5142/elements - {"using":"css selector","value":"td"}
RESULT: {"using":"css selector","value":"td"}
COMMAND: POST /session/08fad45ac65f529ba2de556ddf104458/element/f.9D9AE82FA30F8FEE8073C9435B3ECC9C.d.9DB922B95ADFB37745635E478C570535.e.5143/elements - {"using":"css selector","value":"td"}
RESULT: {"using":"css selector","value":"td"}
COMMAND: POST /session/08fad45ac65f529ba2de556ddf104458/element/f.9D9AE82FA30F8FEE8073C9435B3ECC9C.d.9DB922B95ADFB37745635E478C570535.e.5144/elements - {"using":"css selector","value":"td"}
RESULT: {"using":"css selector","value":"td"}
COMMAND: POST /session/08fad45ac65f529ba2de556ddf104458/element/f.9D9AE82FA30F8FEE8073C9435B3ECC9C.d.9DB922B95ADFB37745635E478C570535.e.5145/elements - {"using":"css selector","value":"td"}
RESULT: {"using":"css selector","value":"td"}
COMMAND: POST /session/08fad45ac65f529ba2de556ddf104458/element/f.9D9AE82FA30F8FEE8073C9435B3ECC9C.d.9DB922B95ADFB37745635E478C570535.e.5146/elements - {"using":"css selector","value":"td"}
RESULT: {"using":"css selector","value":"td"}
COMMAND: POST /session/08fad45ac65f529ba2de556ddf104458/element/f.9D9AE82FA30F8FEE8073C9435B3ECC9C.d.9DB922B95ADFB37745635E478C570535.e.5147/elements - {"using":"css selector","value":"td"}
RESULT: {"using":"css selector","value":"td"}
COMMAND: POST /session/08fad45ac65f529ba2de556ddf104458/element/f.9D9AE82FA30F8FEE8073C9435B3ECC9C.d.9DB922B95ADFB37745635E478C570535.e.5148/elements - {"using":"css selector","value":"td"}
RESULT: {"using":"css selector","value":"td"}
COMMAND: POST /session/08fad45ac65f529ba2de556ddf104458/element/f.9D9AE82FA30F8FEE8073C9435B3ECC9C.d.9DB922B95ADFB37745635E478C570535.e.5149/elements - {"using":"css selector","value":"td"}
RESULT: {"using":"css selector","value":"td"}
COMMAND: POST /session/08fad45ac65f529ba2de556ddf104458/element/f.9D9AE82FA30F8FEE8073C9435B3ECC9C.d.9DB922B95ADFB37745635E478C570535.e.5150/elements - {"using":"css selector","value":"td"}
RESULT: {"using":"css selector","value":"td"}
COMMAND: POST /session/08fad45ac65f529ba2de556ddf104458/element/f.9D9AE82FA30F8FEE8073C9435B3ECC9C.d.9DB922B95ADFB37745635E478C570535.e.5151/elements - {"using":"css selector","value":"td"}
RESULT: {"using":"css selector","value":"td"}
COMMAND: POST /session/08fad45ac65f529ba2de556ddf104458/element/f.9D9AE82FA30F8FEE8073C9435B3ECC9C.d.9DB922B95ADFB37745635E478C570535.e.5152/elements - {"using":"css selector","value":"td"}
RESULT: {"using":"css selector","value":"td"}
COMMAND: POST /session/08fad45ac65f529ba2de556ddf104458/element/f.9D9AE82FA30F8FEE8073C9435B3ECC9C.d.9DB922B95ADFB37745635E478C570535.e.5153/elements - {"using":"css selector","value":"td"}
RESULT: {"using":"css selector","value":"td"}
COMMAND: POST /session/08fad45ac65f529ba2de556ddf104458/element/f.9D9AE82FA30F8FEE8073C9435B3ECC9C.d.9DB922B95ADFB37745635E478C570535.e.5154/elements - {"using":"css selector","value":"td"}
RESULT: {"using":"css selector","value":"td"}
COMMAND: POST /session/08fad45ac65f529ba2de556ddf104458/element/f.9D9AE82FA30F8FEE8073C9435B3ECC9C.d.9DB922B95ADFB37745635E478C570535.e.5155/elements - {"using":"css selector","value":"td"}
RESULT: {"using":"css selector","value":"td"}
COMMAND: POST /session/08fad45ac65f529ba2de556ddf104458/element/f.9D9AE82FA30F8FEE8073C9435B3ECC9C.d.9DB922B95ADFB37745635E478C570535.e.5156/elements - {"using":"css selector","value":"td"}
RESULT: {"using":"css selector","value":"td"}
COMMAND: POST /session/08fad45ac65f529ba2de556ddf104458/element/f.9D9AE82FA30F8FEE8073C9435B3ECC9C.d.9DB922B95ADFB37745635E478C570535.e.5157/elements - {"using":"css selector","value":"td"}
RESULT: {"using":"css selector","value":"td"}
COMMAND: POST /session/08fad45ac65f529ba2de556ddf104458/element/f.9D9AE82FA30F8FEE8073C9435B3ECC9C.d.9DB922B95ADFB37745635E478C570535.e.5158/elements - {"using":"css selector","value":"td"}
RESULT: {"using":"css selector","value":"td"}
COMMAND: POST /session/08fad45ac65f529ba2de556ddf104458/element/f.9D9AE82FA30F8FEE8073C9435B3ECC9C.d.9DB922B95ADFB37745635E478C570535.e.5159/elements - {"using":"css selector","value":"td"}
RESULT: {"using":"css selector","value":"td"}
COMMAND: POST /session/08fad45ac65f529ba2de556ddf104458/element/f.9D9AE82FA30F8FEE8073C9435B3ECC9C.d.9DB922B95ADFB37745635E478C570535.e.5160/elements - {"using":"css selector","value":"td"}
RESULT: {"using":"css selector","value":"td"}
COMMAND: POST /session/08fad45ac65f529ba2de556ddf104458/element/f.9D9AE82FA30F8FEE8073C9435B3ECC9C.d.9DB922B95ADFB37745635E478C570535.e.5161/elements - {"using":"css selector","value":"td"}
RESULT: {"using":"css selector","value":"td"}
COMMAND: POST /session/08fad45ac65f529ba2de556ddf104458/element/f.9D9AE82FA30F8FEE8073C9435B3ECC9C.d.9DB922B95ADFB37745635E478C570535.e.5162/elements - {"using":"css selector","value":"td"}
RESULT: {"using":"css selector","value":"td"}
COMMAND: POST /session/08fad45ac65f529ba2de556ddf104458/element/f.9D9AE82FA30F8FEE8073C9435B3ECC9C.d.9DB922B95ADFB37745635E478C570535.e.5163/elements - {"using":"css selector","value":"td"}
RESULT: {"using":"css selector","value":"td"}
COMMAND: POST /session/08fad45ac65f529ba2de556ddf104458/element/f.9D9AE82FA30F8FEE8073C9435B3ECC9C.d.9DB922B95ADFB37745635E478C570535.e.5164/elements - {"using":"css selector","value":"td"}
RESULT: {"using":"css selector","value":"td"}
COMMAND: POST /session/08fad45ac65f529ba2de556ddf104458/element/f.9D9AE82FA30F8FEE8073C9435B3ECC9C.d.9DB922B95ADFB37745635E478C570535.e.5165/elements - {"using":"css selector","value":"td"}
RESULT: {"using":"css selector","value":"td"}
COMMAND: POST /session/08fad45ac65f529ba2de556ddf104458/element/f.9D9AE82FA30F8FEE8073C9435B3ECC9C.d.9DB922B95ADFB37745635E478C570535.e.5166/elements - {"using":"css selector","value":"td"}
RESULT: {"using":"css selector","value":"td"}
COMMAND: POST /session/08fad45ac65f529ba2de556ddf104458/element/f.9D9AE82FA30F8FEE8073C9435B3ECC9C.d.9DB922B95ADFB37745635E478C570535.e.5167/elements - {"using":"css selector","value":"td"}
RESULT: {"using":"css selector","value":"td"}
COMMAND: POST /session/08fad45ac65f529ba2de556ddf104458/element/f.9D9AE82FA30F8FEE8073C9435B3ECC9C.d.9DB922B95ADFB37745635E478C570535.e.5168/elements - {"using":"css selector","value":"td"}
RESULT: {"using":"css selector","value":"td"}
COMMAND: POST /session/08fad45ac65f529ba2de556ddf104458/element/f.9D9AE82FA30F8FEE8073C9435B3ECC9C.d.9DB922B95ADFB37745635E478C570535.e.5169/elements - {"using":"css selector","value":"td"}
RESULT: {"using":"css selector","value":"td"}
COMMAND: POST /session/08fad45ac65f529ba2de556ddf104458/element/f.9D9AE82FA30F8FEE8073C9435B3ECC9C.d.9DB922B95ADFB37745635E478C570535.e.5170/elements - {"using":"css selector","value":"td"}
RESULT: {"using":"css selector","value":"td"}
COMMAND: POST /session/08fad45ac65f529ba2de556ddf104458/element/f.9D9AE82FA30F8FEE8073C9435B3ECC9C.d.9DB922B95ADFB37745635E478C570535.e.5171/elements - {"using":"css selector","value":"td"}
RESULT: {"using":"css selector","value":"td"}
COMMAND: POST /session/08fad45ac65f529ba2de556ddf104458/element/f.9D9AE82FA30F8FEE8073C9435B3ECC9C.d.9DB922B95ADFB37745635E478C570535.e.5172/elements - {"using":"css selector","value":"td"}
RESULT: {"using":"css selector","value":"td"}
COMMAND: POST /session/08fad45ac65f529ba2de556ddf104458/element/f.9D9AE82FA30F8FEE8073C9435B3ECC9C.d.9DB922B95ADFB37745635E478C570535.e.5173/elements - {"using":"css selector","value":"td"}
RESULT: {"using":"css selector","value":"td"}
COMMAND: POST /session/08fad45ac65f529ba2de556ddf104458/element/f.9D9AE82FA30F8FEE8073C9435B3ECC9C.d.9DB922B95ADFB37745635E478C570535.e.5174/elements - {"using":"css selector","value":"td"}
RESULT: {"using":"css selector","value":"td"}
COMMAND: POST /session/08fad45ac65f529ba2de556ddf104458/element/f.9D9AE82FA30F8FEE8073C9435B3ECC9C.d.9DB922B95ADFB37745635E478C570535.e.5175/elements - {"using":"css selector","value":"td"}
RESULT: {"using":"css selector","value":"td"}
COMMAND: POST /session/08fad45ac65f529ba2de556ddf104458/element/f.9D9AE82FA30F8FEE8073C9435B3ECC9C.d.9DB922B95ADFB37745635E478C570535.e.5176/elements - {"using":"css selector","value":"td"}
RESULT: {"using":"css selector","value":"td"}
COMMAND: POST /session/08fad45ac65f529ba2de556ddf104458/element/f.9D9AE82FA30F8FEE8073C9435B3ECC9C.d.9DB922B95ADFB37745635E478C570535.e.5177/elements - {"using":"css selector","value":"td"}
RESULT: {"using":"css selector","value":"td"}
COMMAND: POST /session/08fad45ac65f529ba2de556ddf104458/element/f.9D9AE82FA30F8FEE8073C9435B3ECC9C.d.9DB922B95ADFB37745635E478C570535.e.5178/elements - {"using":"css selector","value":"td"}
RESULT: {"using":"css selector","value":"td"}
COMMAND: POST /session/08fad45ac65f529ba2de556ddf104458/element/f.9D9AE82FA30F8FEE8073C9435B3ECC9C.d.9DB922B95ADFB37745635E478C570535.e.5179/elements - {"using":"css selector","value":"td"}
RESULT: {"using":"css selector","value":"td"}
COMMAND: POST /session/08fad45ac65f529ba2de556ddf104458/element/f.9D9AE82FA30F8FEE8073C9435B3ECC9C.d.9DB922B95ADFB37745635E478C570535.e.5180/elements - {"using":"css selector","value":"td"}
RESULT: {"using":"css selector","value":"td"}
COMMAND: POST /session/08fad45ac65f529ba2de556ddf104458/element/f.9D9AE82FA30F8FEE8073C9435B3ECC9C.d.9DB922B95ADFB37745635E478C570535.e.5181/elements - {"using":"css selector","value":"td"}
RESULT: {"using":"css selector","value":"td"}
COMMAND: POST /session/08fad45ac65f529ba2de556ddf104458/element/f.9D9AE82FA30F8FEE8073C9435B3ECC9C.d.9DB922B95ADFB37745635E478C570535.e.5182/elements - {"using":"css selector","value":"td"}
RESULT: {"using":"css selector","value":"td"}
COMMAND: POST /session/08fad45ac65f529ba2de556ddf104458/element/f.9D9AE82FA30F8FEE8073C9435B3ECC9C.d.9DB922B95ADFB37745635E478C570535.e.5183/elements - {"using":"css selector","value":"td"}
RESULT: {"using":"css selector","value":"td"}
COMMAND: POST /session/08fad45ac65f529ba2de556ddf104458/element/f.9D9AE82FA30F8FEE8073C9435B3ECC9C.d.9DB922B95ADFB37745635E478C570535.e.5184/elements - {"using":"css selector","value":"td"}
RESULT: {"using":"css selector","value":"td"}
COMMAND: POST /session/08fad45ac65f529ba2de556ddf104458/element/f.9D9AE82FA30F8FEE8073C9435B3ECC9C.d.9DB922B95ADFB37745635E478C570535.e.5185/elements - {"using":"css selector","value":"td"}
RESULT: {"using":"css selector","value":"td"}
COMMAND: POST /session/08fad45ac65f529ba2de556ddf104458/element/f.9D9AE82FA30F8FEE8073C9435B3ECC9C.d.9DB922B95ADFB37745635E478C570535.e.5186/elements - {"using":"css selector","value":"td"}
RESULT: {"using":"css selector","value":"td"}
COMMAND: POST /session/08fad45ac65f529ba2de556ddf104458/element/f.9D9AE82FA30F8FEE8073C9435B3ECC9C.d.9DB922B95ADFB37745635E478C570535.e.5187/elements - {"using":"css selector","value":"td"}
RESULT: {"using":"css selector","value":"td"}
COMMAND: POST /session/08fad45ac65f529ba2de556ddf104458/element/f.9D9AE82FA30F8FEE8073C9435B3ECC9C.d.9DB922B95ADFB37745635E478C570535.e.5188/elements - {"using":"css selector","value":"td"}
RESULT: {"using":"css selector","value":"td"}
COMMAND: POST /session/08fad45ac65f529ba2de556ddf104458/element/f.9D9AE82FA30F8FEE8073C9435B3ECC9C.d.9DB922B95ADFB37745635E478C570535.e.5189/elements - {"using":"css selector","value":"td"}
RESULT: {"using":"css selector","value":"td"}
COMMAND: POST /session/08fad45ac65f529ba2de556ddf104458/element/f.9D9AE82FA30F8FEE8073C9435B3ECC9C.d.9DB922B95ADFB37745635E478C570535.e.5190/elements - {"using":"css selector","value":"td"}
RESULT: {"using":"css selector","value":"td"}
COMMAND: POST /session/08fad45ac65f529ba2de556ddf104458/element/f.9D9AE82FA30F8FEE8073C9435B3ECC9C.d.9DB922B95ADFB37745635E478C570535.e.5191/elements - {"using":"css selector","value":"td"}
RESULT: {"using":"css selector","value":"td"}
COMMAND: POST /session/08fad45ac65f529ba2de556ddf104458/element/f.9D9AE82FA30F8FEE8073C9435B3ECC9C.d.9DB922B95ADFB37745635E478C570535.e.5192/elements - {"using":"css selector","value":"td"}
RESULT: {"using":"css selector","value":"td"}
COMMAND: POST /session/08fad45ac65f529ba2de556ddf104458/element/f.9D9AE82FA30F8FEE8073C9435B3ECC9C.d.9DB922B95ADFB37745635E478C570535.e.5193/elements - {"using":"css selector","value":"td"}
RESULT: {"using":"css selector","value":"td"}
COMMAND: POST /session/08fad45ac65f529ba2de556ddf104458/element/f.9D9AE82FA30F8FEE8073C9435B3ECC9C.d.9DB922B95ADFB37745635E478C570535.e.5194/elements - {"using":"css selector","value":"td"}
RESULT: {"using":"css selector","value":"td"}
COMMAND: POST /session/08fad45ac65f529ba2de556ddf104458/element/f.9D9AE82FA30F8FEE8073C9435B3ECC9C.d.9DB922B95ADFB37745635E478C570535.e.5195/elements - {"using":"css selector","value":"td"}
RESULT: {"using":"css selector","value":"td"}
COMMAND: POST /session/08fad45ac65f529ba2de556ddf104458/element/f.9D9AE82FA30F8FEE8073C9435B3ECC9C.d.9DB922B95ADFB37745635E478C570535.e.5196/elements - {"using":"css selector","value":"td"}
RESULT: {"using":"css selector","value":"td"}
COMMAND: POST /session/08fad45ac65f529ba2de556ddf104458/element/f.9D9AE82FA30F8FEE8073C9435B3ECC9C.d.9DB922B95ADFB37745635E478C570535.e.5197/elements - {"using":"css selector","value":"td"}
RESULT: {"using":"css selector","value":"td"}
COMMAND: POST /session/08fad45ac65f529ba2de556ddf104458/element/f.9D9AE82FA30F8FEE8073C9435B3ECC9C.d.9DB922B95ADFB37745635E478C570535.e.5198/elements - {"using":"css selector","value":"td"}
RESULT: {"using":"css selector","value":"td"}
COMMAND: POST /session/08fad45ac65f529ba2de556ddf104458/element/f.9D9AE82FA30F8FEE8073C9435B3ECC9C.d.9DB922B95ADFB37745635E478C570535.e.5199/elements - {"using":"css selector","value":"td"}
RESULT: {"using":"css selector","value":"td"}
COMMAND: POST /session/08fad45ac65f529ba2de556ddf104458/element/f.9D9AE82FA30F8FEE8073C9435B3ECC9C.d.9DB922B95ADFB37745635E478C570535.e.5200/elements - {"using":"css selector","value":"td"}
RESULT: {"using":"css selector","value":"td"}
COMMAND: POST /session/08fad45ac65f529ba2de556ddf104458/element/f.9D9AE82FA30F8FEE8073C9435B3ECC9C.d.9DB922B95ADFB37745635E478C570535.e.5201/elements - {"using":"css selector","value":"td"}
RESULT: {"using":"css selector","value":"td"}
COMMAND: POST /session/08fad45ac65f529ba2de556ddf104458/element/f.9D9AE82FA30F8FEE8073C9435B3ECC9C.d.9DB922B95ADFB37745635E478C570535.e.5202/elements - {"using":"css selector","value":"td"}
RESULT: {"using":"css selector","value":"td"}
COMMAND: POST /session/08fad45ac65f529ba2de556ddf104458/element/f.9D9AE82FA30F8FEE8073C9435B3ECC9C.d.9DB922B95ADFB37745635E478C570535.e.5203/elements - {"using":"css selector","value":"td"}
RESULT: {"using":"css selector","value":"td"}
COMMAND: POST /session/08fad45ac65f529ba2de556ddf104458/element/f.9D9AE82FA30F8FEE8073C9435B3ECC9C.d.9DB922B95ADFB37745635E478C570535.e.5204/elements - {"using":"css selector","value":"td"}
RESULT: {"using":"css selector","value":"td"}
COMMAND: POST /session/08fad45ac65f529ba2de556ddf104458/element/f.9D9AE82FA30F8FEE8073C9435B3ECC9C.d.9DB922B95ADFB37745635E478C570535.e.5205/elements - {"using":"css selector","value":"td"}
RESULT: {"using":"css selector","value":"td"}
COMMAND: POST /session/08fad45ac65f529ba2de556ddf104458/element/f.9D9AE82FA30F8FEE8073C9435B3ECC9C.d.9DB922B95ADFB37745635E478C570535.e.5206/elements - {"using":"css selector","value":"td"}
RESULT: {"using":"css selector","value":"td"}
COMMAND: POST /session/08fad45ac65f529ba2de556ddf104458/element/f.9D9AE82FA30F8FEE8073C9435B3ECC9C.d.9DB922B95ADFB37745635E478C570535.e.5207/elements - {"using":"css selector","value":"td"}
RESULT: {"using":"css selector","value":"td"}
COMMAND: POST /session/08fad45ac65f529ba2de556ddf104458/element/f.9D9AE82FA30F8FEE8073C9435B3ECC9C.d.9DB922B95ADFB37745635E478C570535.e.5208/elements - {"using":"css selector","value":"td"}
RESULT: {"using":"css selector","value":"td"}
COMMAND: POST /session/08fad45ac65f529ba2de556ddf104458/element/f.9D9AE82FA30F8FEE8073C9435B3ECC9C.d.9DB922B95ADFB37745635E478C570535.e.5209/elements - {"using":"css selector","value":"td"}
RESULT: {"using":"css selector","value":"td"}
COMMAND: POST /session/08fad45ac65f529ba2de556ddf104458/element/f.9D9AE82FA30F8FEE8073C9435B3ECC9C.d.9DB922B95ADFB37745635E478C570535.e.5210/elements - {"using":"css selector","value":"td"}
RESULT: {"using":"css selector","value":"td"}
COMMAND: POST /session/08fad45ac65f529ba2de556ddf104458/element/f.9D9AE82FA30F8FEE8073C9435B3ECC9C.d.9DB922B95ADFB37745635E478C570535.e.5211/elements - {"using":"css selector","value":"td"}
RESULT: {"using":"css selector","value":"td"}
COMMAND: POST /session/08fad45ac65f529ba2de556ddf104458/element/f.9D9AE82FA30F8FEE8073C9435B3ECC9C.d.9DB922B95ADFB37745635E478C570535.e.5212/elements - {"using":"css selector","value":"td"}
RESULT: {"using":"css selector","value":"td"}
COMMAND: POST /session/08fad45ac65f529ba2de556ddf104458/element/f.9D9AE82FA30F8FEE8073C9435B3ECC9C.d.9DB922B95ADFB37745635E478C570535.e.5213/elements - {"using":"css selector","value":"td"}
RESULT: {"using":"css selector","value":"td"}
COMMAND: POST /session/08fad45ac65f529ba2de556ddf104458/element/f.9D9AE82FA30F8FEE8073C9435B3ECC9C.d.9DB922B95ADFB37745635E478C570535.e.5214/elements - {"using":"css selector","value":"td"}
RESULT: {"using":"css selector","value":"td"}
COMMAND: POST /session/08fad45ac65f529ba2de556ddf104458/element/f.9D9AE82FA30F8FEE8073C9435B3ECC9C.d.9DB922B95ADFB37745635E478C570535.e.5215/elements - {"using":"css selector","value":"td"}
RESULT: {"using":"css selector","value":"td"}
COMMAND: POST /session/08fad45ac65f529ba2de556ddf104458/element/f.9D9AE82FA30F8FEE8073C9435B3ECC9C.d.9DB922B95ADFB37745635E478C570535.e.5216/elements - {"using":"css selector","value":"td"}
RESULT: {"using":"css selector","value":"td"}
COMMAND: POST /session/08fad45ac65f529ba2de556ddf104458/element/f.9D9AE82FA30F8FEE8073C9435B3ECC9C.d.9DB922B95ADFB37745635E478C570535.e.5217/elements - {"using":"css selector","value":"td"}
RESULT: {"using":"css selector","value":"td"}
COMMAND: POST /session/08fad45ac65f529ba2de556ddf104458/element/f.9D9AE82FA30F8FEE8073C9435B3ECC9C.d.9DB922B95ADFB37745635E478C570535.e.5218/elements - {"using":"css selector","value":"td"}
RESULT: {"using":"css selector","value":"td"}
COMMAND: POST /session/08fad45ac65f529ba2de556ddf104458/element/f.9D9AE82FA30F8FEE8073C9435B3ECC9C.d.9DB922B95ADFB37745635E478C570535.e.5219/elements - {"using":"css selector","value":"td"}
RESULT: {"using":"css selector","value":"td"}
COMMAND: POST /session/08fad45ac65f529ba2de556ddf104458/element/f.9D9AE82FA30F8FEE8073C9435B3ECC9C.d.9DB922B95ADFB37745635E478C570535.e.5220/elements - {"using":"css selector","value":"td"}
RESULT: {"using":"css selector","value":"td"}
COMMAND: POST /session/08fad45ac65f529ba2de556ddf104458/element/f.9D9AE82FA30F8FEE8073C9435B3ECC9C.d.9DB922B95ADFB37745635E478C570535.e.5221/elements - {"using":"css selector","value":"td"}
RESULT: {"using":"css selector","value":"td"}
COMMAND: POST /session/08fad45ac65f529ba2de556ddf104458/element/f.9D9AE82FA30F8FEE8073C9435B3ECC9C.d.9DB922B95ADFB37745635E478C570535.e.5222/elements - {"using":"css selector","value":"td"}
RESULT: {"using":"css selector","value":"td"}
COMMAND: POST /session/08fad45ac65f529ba2de556ddf104458/element/f.9D9AE82FA30F8FEE8073C9435B3ECC9C.d.9DB922B95ADFB37745635E478C570535.e.5223/elements - {"using":"css selector","value":"td"}
RESULT: {"using":"css selector","value":"td"}
COMMAND: POST /session/08fad45ac65f529ba2de556ddf104458/element/f.9D9AE82FA30F8FEE8073C9435B3ECC9C.d.9DB922B95ADFB37745635E478C570535.e.5224/elements - {"using":"css selector","value":"td"}
RESULT: {"using":"css selector","value":"td"}
COMMAND: POST /session/08fad45ac65f529ba2de556ddf104458/element/f.9D9AE82FA30F8FEE8073C9435B3ECC9C.d.9DB922B95ADFB37745635E478C570535.e.5225/elements - {"using":"css selector","value":"td"}
RESULT: {"using":"css selector","value":"td"}
COMMAND: POST /session/08fad45ac65f529ba2de556ddf104458/element/f.9D9AE82FA30F8FEE8073C9435B3ECC9C.d.9DB922B95ADFB37745635E478C570535.e.5226/elements - {"using":"css selector","value":"td"}
RESULT: {"using":"css selector","value":"td"}
COMMAND: POST /session/08fad45ac65f529ba2de556ddf104458/element/f.9D9AE82FA30F8FEE8073C9435B3ECC9C.d.9DB922B95ADFB37745635E478C570535.e.5227/elements - {"using":"css selector","value":"td"}
RESULT: {"using":"css selector","value":"td"}
COMMAND: POST /session/08fad45ac65f529ba2de556ddf104458/element/f.9D9AE82FA30F8FEE8073C9435B3ECC9C.d.9DB922B95ADFB37745635E478C570535.e.5228/elements - {"using":"css selector","value":"td"}
RESULT: {"using":"css selector","value":"td"}
COMMAND: POST /session/08fad45ac65f529ba2de556ddf104458/element/f.9D9AE82FA30F8FEE8073C9435B3ECC9C.d.9DB922B95ADFB37745635E478C570535.e.5229/elements - {"using":"css selector","value":"td"}
RESULT: {"using":"css selector","value":"td"}
COMMAND: POST /session/08fad45ac65f529ba2de556ddf104458/element/f.9D9AE82FA30F8FEE8073C9435B3ECC9C.d.9DB922B95ADFB37745635E478C570535.e.5230/elements - {"using":"css selector","value":"td"}
RESULT: {"using":"css selector","value":"td"}
COMMAND: POST /session/08fad45ac65f529ba2de556ddf104458/element/f.9D9AE82FA30F8FEE8073C9435B3ECC9C.d.9DB922B95ADFB37745635E478C570535.e.5231/elements - {"using":"css selector","value":"td"}
RESULT: {"using":"css selector","value":"td"}
COMMAND: POST /session/08fad45ac65f529ba2de556ddf104458/element/f.9D9AE82FA30F8FEE8073C9435B3ECC9C.d.9DB922B95ADFB37745635E478C570535.e.5232/elements - {"using":"css selector","value":"td"}
RESULT: {"using":"css selector","value":"td"}
COMMAND: POST /session/08fad45ac65f529ba2de556ddf104458/element/f.9D9AE82FA30F8FEE8073C9435B3ECC9C.d.9DB922B95ADFB37745635E478C570535.e.5233/elements - {"using":"css selector","value":"td"}
RESULT: {"using":"css selector","value":"td"}
COMMAND: POST /session/08fad45ac65f529ba2de556ddf104458/element/f.9D9AE82FA30F8FEE8073C9435B3ECC9C.d.9DB922B95ADFB37745635E478C570535.e.5234/elements - {"using":"css selector","value":"td"}
RESULT: {"using":"css selector","value":"td"}
COMMAND: POST /session/08fad45ac65f529ba2de556ddf104458/element/f.9D9AE82FA30F8FEE8073C9435B3ECC9C.d.9DB922B95ADFB37745635E478C570535.e.5235/elements - {"using":"css selector","value":"td"}
RESULT: {"using":"css selector","value":"td"}
COMMAND: POST /session/08fad45ac65f529ba2de556ddf104458/element/f.9D9AE82FA30F8FEE8073C9435B3ECC9C.d.9DB922B95ADFB37745635E478C570535.e.5236/elements - {"using":"css selector","value":"td"}
RESULT: {"using":"css selector","value":"td"}
COMMAND: POST /session/08fad45ac65f529ba2de556ddf104458/element/f.9D9AE82FA30F8FEE8073C9435B3ECC9C.d.9DB922B95ADFB37745635E478C570535.e.5237/elements - {"using":"css selector","value":"td"}
RESULT: {"using":"css selector","value":"td"}
COMMAND: POST /session/08fad45ac65f529ba2de556ddf104458/element/f.9D9AE82FA30F8FEE8073C9435B3ECC9C.d.9DB922B95ADFB37745635E478C570535.e.5238/elements - {"using":"css selector","value":"td"}
RESULT: {"using":"css selector","value":"td"}
COMMAND: POST /session/08fad45ac65f529ba2de556ddf104458/element/f.9D9AE82FA30F8FEE8073C9435B3ECC9C.d.9DB922B95ADFB37745635E478C570535.e.5239/elements - {"using":"css selector","value":"td"}
RESULT: {"using":"css selector","value":"td"}
COMMAND: POST /session/08fad45ac65f529ba2de556ddf104458/element/f.9D9AE82FA30F8FEE8073C9435B3ECC9C.d.9DB922B95ADFB37745635E478C570535.e.5240/elements - {"using":"css selector","value":"td"}
RESULT: {"using":"css selector","value":"td"}
COMMAND: POST /session/08fad45ac65f529ba2de556ddf104458/element/f.9D9AE82FA30F8FEE8073C9435B3ECC9C.d.9DB922B95ADFB37745635E478C570535.e.5241/elements - {"using":"css selector","value":"td"}
RESULT: {"using":"css selector","value":"td"}
COMMAND: POST /session/08fad45ac65f529ba2de556ddf104458/element/f.9D9AE82FA30F8FEE8073C9435B3ECC9C.d.9DB922B95ADFB37745635E478C570535.e.5242/elements - {"using":"css selector","value":"td"}
RESULT: {"using":"css selector","value":"td"}
COMMAND: POST /session/08fad45ac65f529ba2de556ddf104458/element/f.9D9AE82FA30F8FEE8073C9435B3ECC9C.d.9DB922B95ADFB37745635E478C570535.e.5243/elements - {"using":"css selector","value":"td"}
RESULT: {"using":"css selector","value":"td"}
COMMAND: POST /session/08fad45ac65f529ba2de556ddf104458/element/f.9D9AE82FA30F8FEE8073C9435B3ECC9C.d.9DB922B95ADFB37745635E478C570535.e.5244/elements - {"using":"css selector","value":"td"}
RESULT: {"using":"css selector","value":"td"}
COMMAND: POST /session/08fad45ac65f529ba2de556ddf104458/element/f.9D9AE82FA30F8FEE8073C9435B3ECC9C.d.9DB922B95ADFB37745635E478C570535.e.5245/elements - {"using":"css selector","value":"td"}
RESULT: {"using":"css selector","value":"td"}
COMMAND: POST /session/08fad45ac65f529ba2de556ddf104458/element/f.9D9AE82FA30F8FEE8073C9435B3ECC9C.d.9DB922B95ADFB37745635E478C570535.e.5246/elements - {"using":"css selector","value":"td"}
RESULT: {"using":"css selector","value":"td"}
COMMAND: POST /session/08fad45ac65f529ba2de556ddf104458/element/f.9D9AE82FA30F8FEE8073C9435B3ECC9C.d.9DB922B95ADFB37745635E478C570535.e.5247/elements - {"using":"css selector","value":"td"}
RESULT: {"using":"css selector","value":"td"}
COMMAND: POST /session/08fad45ac65f529ba2de556ddf104458/element/f.9D9AE82FA30F8FEE8073C9435B3ECC9C.d.9DB922B95ADFB37745635E478C570535.e.5248/elements - {"using":"css selector","value":"td"}
RESULT: {"using":"css selector","value":"td"}
COMMAND: POST /session/08fad45ac65f529ba2de556ddf104458/element/f.9D9AE82FA30F8FEE8073C9435B3ECC9C.d.9DB922B95ADFB37745635E478C570535.e.5249/elements - {"using":"css selector","value":"td"}
RESULT: {"using":"css selector","value":"td"}
COMMAND: POST /session/08fad45ac65f529ba2de556ddf104458/element/f.9D9AE82FA30F8FEE8073C9435B3ECC9C.d.9DB922B95ADFB37745635E478C570535.e.5250/elements - {"using":"css selector","value":"td"}
RESULT: {"using":"css selector","value":"td"}
COMMAND: POST /session/08fad45ac65f529ba2de556ddf104458/element/f.9D9AE82FA30F8FEE8073C9435B3ECC9C.d.9DB922B95ADFB37745635E478C570535.e.5251/elements - {"using":"css selector","value":"td"}
RESULT: {"using":"css selector","value":"td"}
COMMAND: POST /session/08fad45ac65f529ba2de556ddf104458/element/f.9D9AE82FA30F8FEE8073C9435B3ECC9C.d.9DB922B95ADFB37745635E478C570535.e.5252/elements - {"using":"css selector","value":"td"}
RESULT: {"using":"css selector","value":"td"}
COMMAND: POST /session/08fad45ac65f529ba2de556ddf104458/element/f.9D9AE82FA30F8FEE8073C9435B3ECC9C.d.9DB922B95ADFB37745635E478C570535.e.5253/elements - {"using":"css selector","value":"td"}
RESULT: {"using":"css selector","value":"td"}
COMMAND: POST /session/08fad45ac65f529ba2de556ddf104458/element/f.9D9AE82FA30F8FEE8073C9435B3ECC9C.d.9DB922B95ADFB37745635E478C570535.e.5254/elements - {"using":"css selector","value":"td"}
RESULT: {"using":"css selector","value":"td"}
COMMAND: POST /session/08fad45ac65f529ba2de556ddf104458/element/f.9D9AE82FA30F8FEE8073C9435B3ECC9C.d.9DB922B95ADFB37745635E478C570535.e.5255/elements - {"using":"css selector","value":"td"}
RESULT: {"using":"css selector","value":"td"}
COMMAND: POST /session/08fad45ac65f529ba2de556ddf104458/element/f.9D9AE82FA30F8FEE8073C9435B3ECC9C.d.9DB922B95ADFB37745635E478C570535.e.5256/elements - {"using":"css selector","value":"td"}
RESULT: {"using":"css selector","value":"td"}
COMMAND: POST /session/08fad45ac65f529ba2de556ddf104458/element/f.9D9AE82FA30F8FEE8073C9435B3ECC9C.d.9DB922B95ADFB37745635E478C570535.e.5257/elements - {"using":"css selector","value":"td"}
RESULT: {"using":"css selector","value":"td"}
COMMAND: POST /session/08fad45ac65f529ba2de556ddf104458/element/f.9D9AE82FA30F8FEE8073C9435B3ECC9C.d.9DB922B95ADFB37745635E478C570535.e.5258/elements - {"using":"css selector","value":"td"}
RESULT: {"using":"css selector","value":"td"}
COMMAND: POST /session/08fad45ac65f529ba2de556ddf104458/element/f.9D9AE82FA30F8FEE8073C9435B3ECC9C.d.9DB922B95ADFB37745635E478C570535.e.5259/elements - {"using":"css selector","value":"td"}
RESULT: {"using":"css selector","value":"td"}
COMMAND: POST /session/08fad45ac65f529ba2de556ddf104458/element/f.9D9AE82FA30F8FEE8073C9435B3ECC9C.d.9DB922B95ADFB37745635E478C570535.e.5260/elements - {"using":"css selector","value":"td"}
RESULT: {"using":"css selector","value":"td"}
COMMAND: POST /session/08fad45ac65f529ba2de556ddf104458/element/f.9D9AE82FA30F8FEE8073C9435B3ECC9C.d.9DB922B95ADFB37745635E478C570535.e.5261/elements - {"using":"css selector","value":"td"}
RESULT: {"using":"css selector","value":"td"}
COMMAND: POST /session/08fad45ac65f529ba2de556ddf104458/element/f.9D9AE82FA30F8FEE8073C9435B3ECC9C.d.9DB922B95ADFB37745635E478C570535.e.5262/elements - {"using":"css selector","value":"td"}
RESULT: {"using":"css selector","value":"td"}
COMMAND: POST /session/08fad45ac65f529ba2de556ddf104458/element/f.9D9AE82FA30F8FEE8073C9435B3ECC9C.d.9DB922B95ADFB37745635E478C570535.e.5263/elements - {"using":"css selector","value":"td"}
RESULT: {"using":"css selector","value":"td"}
COMMAND: POST /session/08fad45ac65f529ba2de556ddf104458/element/f.9D9AE82FA30F8FEE8073C9435B3ECC9C.d.9DB922B95ADFB37745635E478C570535.e.5264/elements - {"using":"css selector","value":"td"}
RESULT: {"using":"css selector","value":"td"}
COMMAND: POST /session/08fad45ac65f529ba2de556ddf104458/element/f.9D9AE82FA30F8FEE8073C9435B3ECC9C.d.9DB922B95ADFB37745635E478C570535.e.5265/elements - {"using":"css selector","value":"td"}
RESULT: {"using":"css selector","value":"td"}
COMMAND: POST /session/08fad45ac65f529ba2de556ddf104458/element/f.9D9AE82FA30F8FEE8073C9435B3ECC9C.d.9DB922B95ADFB37745635E478C570535.e.5266/elements - {"using":"css selector","value":"td"}
RESULT: {"using":"css selector","value":"td"}
COMMAND: POST /session/08fad45ac65f529ba2de556ddf104458/element/f.9D9AE82FA30F8FEE8073C9435B3ECC9C.d.9DB922B95ADFB37745635E478C570535.e.5267/elements - {"using":"css selector","value":"td"}
RESULT: {"using":"css selector","value":"td"}
COMMAND: POST /session/08fad45ac65f529ba2de556ddf104458/element/f.9D9AE82FA30F8FEE8073C9435B3ECC9C.d.9DB922B95ADFB37745635E478C570535.e.5268/elements - {"using":"css selector","value":"td"}
RESULT: {"using":"css selector","value":"td"}
COMMAND: POST /session/08fad45ac65f529ba2de556ddf104458/element/f.9D9AE82FA30F8FEE8073C9435B3ECC9C.d.9DB922B95ADFB37745635E478C570535.e.5269/elements - {"using":"css selector","value":"td"}
RESULT: {"using":"css selector","value":"td"}
COMMAND: POST /session/08fad45ac65f529ba2de556ddf104458/element/f.9D9AE82FA30F8FEE8073C9435B3ECC9C.d.9DB922B95ADFB37745635E478C570535.e.5270/elements - {"using":"css selector","value":"td"}
RESULT: {"using":"css selector","value":"td"}
COMMAND: POST /session/08fad45ac65f529ba2de556ddf104458/element/f.9D9AE82FA30F8FEE8073C9435B3ECC9C.d.9DB922B95ADFB37745635E478C570535.e.5271/elements - {"using":"css selector","value":"td"}
RESULT: {"using":"css selector","value":"td"}
COMMAND: POST /session/08fad45ac65f529ba2de556ddf104458/element/f.9D9AE82FA30F8FEE8073C9435B3ECC9C.d.9DB922B95ADFB37745635E478C570535.e.5272/elements - {"using":"css selector","value":"td"}
RESULT: {"using":"css selector","value":"td"}
COMMAND: POST /session/08fad45ac65f529ba2de556ddf104458/element/f.9D9AE82FA30F8FEE8073C9435B3ECC9C.d.9DB922B95ADFB37745635E478C570535.e.5273/elements - {"using":"css selector","value":"td"}
RESULT: {"using":"css selector","value":"td"}
COMMAND: POST /session/08fad45ac65f529ba2de556ddf104458/element/f.9D9AE82FA30F8FEE8073C9435B3ECC9C.d.9DB922B95ADFB37745635E478C570535.e.5274/elements - {"using":"css selector","value":"td"}
RESULT: {"using":"css selector","value":"td"}
COMMAND: POST /session/08fad45ac65f529ba2de556ddf104458/element/f.9D9AE82FA30F8FEE8073C9435B3ECC9C.d.9DB922B95ADFB37745635E478C570535.e.5275/elements - {"using":"css selector","value":"td"}
RESULT: {"using":"css selector","value":"td"}
COMMAND: POST /session/08fad45ac65f529ba2de556ddf104458/element/f.9D9AE82FA30F8FEE8073C9435B3ECC9C.d.9DB922B95ADFB37745635E478C570535.e.5276/elements - {"using":"css selector","value":"td"}
RESULT: {"using":"css selector","value":"td"}
COMMAND: POST /session/08fad45ac65f529ba2de556ddf104458/element/f.9D9AE82FA30F8FEE8073C9435B3ECC9C.d.9DB922B95ADFB37745635E478C570535.e.5277/elements - {"using":"css selector","value":"td"}
RESULT: {"using":"css selector","value":"td"}
COMMAND: POST /session/08fad45ac65f529ba2de556ddf104458/element/f.9D9AE82FA30F8FEE8073C9435B3ECC9C.d.9DB922B95ADFB37745635E478C570535.e.5278/elements - {"using":"css selector","value":"td"}
RESULT: {"using":"css selector","value":"td"}
COMMAND: POST /session/08fad45ac65f529ba2de556ddf104458/element/f.9D9AE82FA30F8FEE8073C9435B3ECC9C.d.9DB922B95ADFB37745635E478C570535.e.5279/elements - {"using":"css selector","value":"td"}
RESULT: {"using":"css selector","value":"td"}
COMMAND: POST /session/08fad45ac65f529ba2de556ddf104458/element/f.9D9AE82FA30F8FEE8073C9435B3ECC9C.d.9DB922B95ADFB37745635E478C570535.e.5280/elements - {"using":"css selector","value":"td"}
RESULT: {"using":"css selector","value":"td"}
COMMAND: POST /session/08fad45ac65f529ba2de556ddf104458/element/f.9D9AE82FA30F8FEE8073C9435B3ECC9C.d.9DB922B95ADFB37745635E478C570535.e.5281/elements - {"using":"css selector","value":"td"}
RESULT: {"using":"css selector","value":"td"}
COMMAND: POST /session/08fad45ac65f529ba2de556ddf104458/element/f.9D9AE82FA30F8FEE8073C9435B3ECC9C.d.9DB922B95ADFB37745635E478C570535.e.5282/elements - {"using":"css selector","value":"td"}
RESULT: {"using":"css selector","value":"td"}
COMMAND: POST /session/08fad45ac65f529ba2de556ddf104458/element/f.9D9AE82FA30F8FEE8073C9435B3ECC9C.d.9DB922B95ADFB37745635E478C570535.e.5283/elements - {"using":"css selector","value":"td"}
RESULT: {"using":"css selector","value":"td"}
COMMAND: POST /session/08fad45ac65f529ba2de556ddf104458/element/f.9D9AE82FA30F8FEE8073C9435B3ECC9C.d.9DB922B95ADFB37745635E478C570535.e.5284/elements - {"using":"css selector","value":"td"}
RESULT: {"using":"css selector","value":"td"}
COMMAND: POST /session/08fad45ac65f529ba2de556ddf104458/element/f.9D9AE82FA30F8FEE8073C9435B3ECC9C.d.9DB922B95ADFB37745635E478C570535.e.5285/elements - {"using":"css selector","value":"td"}
RESULT: {"using":"css selector","value":"td"}
COMMAND: POST /session/08fad45ac65f529ba2de556ddf104458/element/f.9D9AE82FA30F8FEE8073C9435B3ECC9C.d.9DB922B95ADFB37745635E478C570535.e.5286/elements - {"using":"css selector","value":"td"}
RESULT: {"using":"css selector","value":"td"}
COMMAND: POST /session/08fad45ac65f529ba2de556ddf104458/element/f.9D9AE82FA30F8FEE8073C9435B3ECC9C.d.9DB922B95ADFB37745635E478C570535.e.5287/elements - {"using":"css selector","value":"td"}
RESULT: {"using":"css selector","value":"td"}
COMMAND: POST /session/08fad45ac65f529ba2de556ddf104458/element/f.9D9AE82FA30F8FEE8073C9435B3ECC9C.d.9DB922B95ADFB37745635E478C570535.e.5288/elements - {"using":"css selector","value":"td"}
RESULT: {"using":"css selector","value":"td"}
COMMAND: POST /session/08fad45ac65f529ba2de556ddf104458/element/f.9D9AE82FA30F8FEE8073C9435B3ECC9C.d.9DB922B95ADFB37745635E478C570535.e.5289/elements - {"using":"css selector","value":"td"}
RESULT: {"using":"css selector","value":"td"}
COMMAND: POST /session/08fad45ac65f529ba2de556ddf104458/element/f.9D9AE82FA30F8FEE8073C9435B3ECC9C.d.9DB922B95ADFB37745635E478C570535.e.5290/elements - {"using":"css selector","value":"td"}
RESULT: {"using":"css selector","value":"td"}
COMMAND: POST /session/08fad45ac65f529ba2de556ddf104458/element/f.9D9AE82FA30F8FEE8073C9435B3ECC9C.d.9DB922B95ADFB37745635E478C570535.e.5291/elements - {"using":"css selector","value":"td"}
RESULT: {"using":"css selector","value":"td"}
COMMAND: POST /session/08fad45ac65f529ba2de556ddf104458/element/f.9D9AE82FA30F8FEE8073C9435B3ECC9C.d.9DB922B95ADFB37745635E478C570535.e.5292/elements - {"using":"css selector","value":"td"}
RESULT: {"using":"css selector","value":"td"}
COMMAND: POST /session/08fad45ac65f529ba2de556ddf104458/element/f.9D9AE82FA30F8FEE8073C9435B3ECC9C.d.9DB922B95ADFB37745635E478C570535.e.5293/elements - {"using":"css selector","value":"td"}
RESULT: {"using":"css selector","value":"td"}
COMMAND: POST /session/08fad45ac65f529ba2de556ddf104458/element/f.9D9AE82FA30F8FEE8073C9435B3ECC9C.d.9DB922B95ADFB37745635E478C570535.e.5294/elements - {"using":"css selector","value":"td"}
RESULT: {"using":"css selector","value":"td"}
COMMAND: POST /session/08fad45ac65f529ba2de556ddf104458/element/f.9D9AE82FA30F8FEE8073C9435B3ECC9C.d.9DB922B95ADFB37745635E478C570535.e.5295/elements - {"using":"css selector","value":"td"}
RESULT: {"using":"css selector","value":"td"}
COMMAND: POST /session/08fad45ac65f529ba2de556ddf104458/element/f.9D9AE82FA30F8FEE8073C9435B3ECC9C.d.9DB922B95ADFB37745635E478C570535.e.5317/element - {"using":"css selector","value":"input"}
RESULT: {"using":"css selector","value":"input"}
COMMAND: GET /session/08fad45ac65f529ba2de556ddf104458/element/f.9D9AE82FA30F8FEE8073C9435B3ECC9C.d.9DB922B95ADFB37745635E478C570535.e.5300/property/value - {}
RESULT: {}
COMMAND: POST /session/08fad45ac65f529ba2de556ddf104458/element/f.9D9AE82FA30F8FEE8073C9435B3ECC9C.d.9DB922B95ADFB37745635E478C570535.e.5295/element - {"using":"css selector","value":".sapMCbBg"}
COMMAND: GET /session/08fad45ac65f529ba2de556ddf104458/screenshot - {}
RESULT: {"using":"css selector","value":".sapMCbBg"}
COMMAND: GET /session/08fad45ac65f529ba2de556ddf104458/element/f.9D9AE82FA30F8FEE8073C9435B3ECC9C.d.9DB922B95ADFB37745635E478C570535.e.6189/selected - {}
RESULT: {}
RESULT: {}
COMMAND: POST /session/08fad45ac65f529ba2de556ddf104458/element/f.9D9AE82FA30F8FEE8073C9435B3ECC9C.d.9DB922B95ADFB37745635E478C570535.e.6189/click - {}
COMMAND: GET /session/08fad45ac65f529ba2de556ddf104458/screenshot - {}
RESULT: {}
COMMAND: POST /session/08fad45ac65f529ba2de556ddf104458/element/f.9D9AE82FA30F8FEE8073C9435B3ECC9C.d.9DB922B95ADFB37745635E478C570535.e.5327/elements - {"using":"css selector","value":"td"}
COMMAND: GET /session/08fad45ac65f529ba2de556ddf104458/screenshot - {}
RESULT: {}
RESULT: {"using":"css selector","value":"td"}
COMMAND: POST /session/08fad45ac65f529ba2de556ddf104458/element/f.9D9AE82FA30F8FEE8073C9435B3ECC9C.d.9DB922B95ADFB37745635E478C570535.e.5349/element - {"using":"css selector","value":"input"}
RESULT: {}
RESULT: {"using":"css selector","value":"input"}
COMMAND: GET /session/08fad45ac65f529ba2de556ddf104458/element/f.9D9AE82FA30F8FEE8073C9435B3ECC9C.d.9DB922B95ADFB37745635E478C570535.e.5332/property/value - {}
RESULT: {}
COMMAND: POST /session/08fad45ac65f529ba2de556ddf104458/element/f.9D9AE82FA30F8FEE8073C9435B3ECC9C.d.9DB922B95ADFB37745635E478C570535.e.5327/element - {"using":"css selector","value":".sapMCbBg"}
COMMAND: GET /session/08fad45ac65f529ba2de556ddf104458/screenshot - {}
RESULT: {}
RESULT: {"using":"css selector","value":".sapMCbBg"}
COMMAND: GET /session/08fad45ac65f529ba2de556ddf104458/element/f.9D9AE82FA30F8FEE8073C9435B3ECC9C.d.9DB922B95ADFB37745635E478C570535.e.6193/selected - {}
RESULT: {}
COMMAND: POST /session/08fad45ac65f529ba2de556ddf104458/element/f.9D9AE82FA30F8FEE8073C9435B3ECC9C.d.9DB922B95ADFB37745635E478C570535.e.6193/click - {}
COMMAND: GET /session/08fad45ac65f529ba2de556ddf104458/screenshot - {}
RESULT: {}
COMMAND: GET /session/08fad45ac65f529ba2de556ddf104458/screenshot - {}
RESULT: {}
RESULT: {}
COMMAND: POST /session/08fad45ac65f529ba2de556ddf104458/execute/async - {"script":"<script> [1562 bytes]","args":[{"selector":{"id":"application-manageconditionprice-display-component---dailyPrices--deleteBtn","interaction":{"idSuffix":"content"}},"wdio_ui5_key":"applicationmanageconditionprice-display-component---dailyPrices--deleteBtn"}]}
RESULT: {"script":"<script> [1562 bytes]","args":[{"selector":{"id":"application-manageconditionprice-display-component---dailyPrices--deleteBtn","interaction":{"idSuffix":"content"}},"wdio_ui5_key":"applicationmanageconditionprice-display-component---dailyPrices--deleteBtn"}]}
RESULT: undefined
COMMAND: POST /session/08fad45ac65f529ba2de556ddf104458/element - {"using":"xpath","value":"//*[@id=\"application-manageconditionprice-display-component---dailyPrices--deleteBtn\"]"}
RESULT: {"using":"xpath","value":"//*[@id=\"application-manageconditionprice-display-component---dailyPrices--deleteBtn\"]"}
COMMAND: POST /session/08fad45ac65f529ba2de556ddf104458/element/f.9D9AE82FA30F8FEE8073C9435B3ECC9C.d.9DB922B95ADFB37745635E478C570535.e.6195/click - {}
RESULT: {}
COMMAND: POST /session/08fad45ac65f529ba2de556ddf104458/execute/async - {"script":"<script> [1562 bytes]","args":[{"selector":{"controlType":"sap.m.Button","properties":{"text":"OK"},"searchOpenDialogs":true,"interaction":{"idSuffix":"BDI-content"}},"wdio_ui5_key":"sapm.Button{\"text\":\"OK\"}"}]}
COMMAND: GET /session/08fad45ac65f529ba2de556ddf104458/screenshot - {}
RESULT: {"script":"<script> [1562 bytes]","args":[{"selector":{"controlType":"sap.m.Button","properties":{"text":"OK"},"searchOpenDialogs":true,"interaction":{"idSuffix":"BDI-content"}},"wdio_ui5_key":"sapm.Button{\"text\":\"OK\"}"}]}
RESULT: undefined
COMMAND: POST /session/08fad45ac65f529ba2de556ddf104458/element - {"using":"xpath","value":"//*[@id=\"__mbox-btn-0\"]"}
RESULT: {}
RESULT: {"using":"xpath","value":"//*[@id=\"__mbox-btn-0\"]"}
COMMAND: POST /session/08fad45ac65f529ba2de556ddf104458/element/f.9D9AE82FA30F8FEE8073C9435B3ECC9C.d.9DB922B95ADFB37745635E478C570535.e.6196/click - {}
RESULT: {}
COMMAND: GET /session/08fad45ac65f529ba2de556ddf104458/screenshot - {}
RESULT: {}
RESULT: undefined
COMMAND: POST /session/08fad45ac65f529ba2de556ddf104458/element - {"using":"xpath","value":"//*[@id=\"__button107\"]"}
RESULT: {"using":"xpath","value":"//*[@id=\"__button107\"]"}
COMMAND: POST /session/08fad45ac65f529ba2de556ddf104458/element/f.9D9AE82FA30F8FEE8073C9435B3ECC9C.d.9DB922B95ADFB37745635E478C570535.e.5384/click - {}
RESULT: {}
COMMAND: GET /session/08fad45ac65f529ba2de556ddf104458/screenshot - {}
RESULT: {}
COMMAND: POST /session/08fad45ac65f529ba2de556ddf104458/elements - {"using":"css selector","value":"table tr"}
RESULT: {"using":"css selector","value":"table tr"}
COMMAND: POST /session/08fad45ac65f529ba2de556ddf104458/element/f.9D9AE82FA30F8FEE8073C9435B3ECC9C.d.9DB922B95ADFB37745635E478C570535.e.5099/elements - {"using":"css selector","value":"td"}
RESULT: {"using":"css selector","value":"td"}
COMMAND: POST /session/08fad45ac65f529ba2de556ddf104458/element/f.9D9AE82FA30F8FEE8073C9435B3ECC9C.d.9DB922B95ADFB37745635E478C570535.e.5100/elements - {"using":"css selector","value":"td"}
RESULT: {"using":"css selector","value":"td"}
COMMAND: POST /session/08fad45ac65f529ba2de556ddf104458/element/f.9D9AE82FA30F8FEE8073C9435B3ECC9C.d.9DB922B95ADFB37745635E478C570535.e.5101/elements - {"using":"css selector","value":"td"}
RESULT: {"using":"css selector","value":"td"}
COMMAND: POST /session/08fad45ac65f529ba2de556ddf104458/element/f.9D9AE82FA30F8FEE8073C9435B3ECC9C.d.9DB922B95ADFB37745635E478C570535.e.5010/elements - {"using":"css selector","value":"td"}
RESULT: {"using":"css selector","value":"td"}
COMMAND: POST /session/08fad45ac65f529ba2de556ddf104458/element/f.9D9AE82FA30F8FEE8073C9435B3ECC9C.d.9DB922B95ADFB37745635E478C570535.e.5011/elements - {"using":"css selector","value":"td"}
RESULT: {"using":"css selector","value":"td"}
COMMAND: POST /session/08fad45ac65f529ba2de556ddf104458/element/f.9D9AE82FA30F8FEE8073C9435B3ECC9C.d.9DB922B95ADFB37745635E478C570535.e.5019/elements - {"using":"css selector","value":"td"}
RESULT: {"using":"css selector","value":"td"}
COMMAND: POST /session/08fad45ac65f529ba2de556ddf104458/element/f.9D9AE82FA30F8FEE8073C9435B3ECC9C.d.9DB922B95ADFB37745635E478C570535.e.5020/elements - {"using":"css selector","value":"td"}
RESULT: {"using":"css selector","value":"td"}
COMMAND: POST /session/08fad45ac65f529ba2de556ddf104458/element/f.9D9AE82FA30F8FEE8073C9435B3ECC9C.d.9DB922B95ADFB37745635E478C570535.e.5028/elements - {"using":"css selector","value":"td"}
RESULT: {"using":"css selector","value":"td"}
COMMAND: POST /session/08fad45ac65f529ba2de556ddf104458/element/f.9D9AE82FA30F8FEE8073C9435B3ECC9C.d.9DB922B95ADFB37745635E478C570535.e.5029/elements - {"using":"css selector","value":"td"}
RESULT: {"using":"css selector","value":"td"}
COMMAND: POST /session/08fad45ac65f529ba2de556ddf104458/element/f.9D9AE82FA30F8FEE8073C9435B3ECC9C.d.9DB922B95ADFB37745635E478C570535.e.5033/elements - {"using":"css selector","value":"td"}
RESULT: {"using":"css selector","value":"td"}
COMMAND: POST /session/08fad45ac65f529ba2de556ddf104458/element/f.9D9AE82FA30F8FEE8073C9435B3ECC9C.d.9DB922B95ADFB37745635E478C570535.e.5102/elements - {"using":"css selector","value":"td"}
RESULT: {"using":"css selector","value":"td"}
COMMAND: POST /session/08fad45ac65f529ba2de556ddf104458/element/f.9D9AE82FA30F8FEE8073C9435B3ECC9C.d.9DB922B95ADFB37745635E478C570535.e.5103/elements - {"using":"css selector","value":"td"}
RESULT: {"using":"css selector","value":"td"}
COMMAND: POST /session/08fad45ac65f529ba2de556ddf104458/element/f.9D9AE82FA30F8FEE8073C9435B3ECC9C.d.9DB922B95ADFB37745635E478C570535.e.5104/elements - {"using":"css selector","value":"td"}
RESULT: {"using":"css selector","value":"td"}
COMMAND: POST /session/08fad45ac65f529ba2de556ddf104458/element/f.9D9AE82FA30F8FEE8073C9435B3ECC9C.d.9DB922B95ADFB37745635E478C570535.e.5105/elements - {"using":"css selector","value":"td"}
RESULT: {"using":"css selector","value":"td"}
COMMAND: POST /session/08fad45ac65f529ba2de556ddf104458/element/f.9D9AE82FA30F8FEE8073C9435B3ECC9C.d.9DB922B95ADFB37745635E478C570535.e.5106/elements - {"using":"css selector","value":"td"}
RESULT: {"using":"css selector","value":"td"}
COMMAND: POST /session/08fad45ac65f529ba2de556ddf104458/element/f.9D9AE82FA30F8FEE8073C9435B3ECC9C.d.9DB922B95ADFB37745635E478C570535.e.5107/elements - {"using":"css selector","value":"td"}
RESULT: {"using":"css selector","value":"td"}
COMMAND: POST /session/08fad45ac65f529ba2de556ddf104458/element/f.9D9AE82FA30F8FEE8073C9435B3ECC9C.d.9DB922B95ADFB37745635E478C570535.e.5108/elements - {"using":"css selector","value":"td"}
RESULT: {"using":"css selector","value":"td"}
COMMAND: POST /session/08fad45ac65f529ba2de556ddf104458/element/f.9D9AE82FA30F8FEE8073C9435B3ECC9C.d.9DB922B95ADFB37745635E478C570535.e.5109/elements - {"using":"css selector","value":"td"}
RESULT: {"using":"css selector","value":"td"}
COMMAND: POST /session/08fad45ac65f529ba2de556ddf104458/element/f.9D9AE82FA30F8FEE8073C9435B3ECC9C.d.9DB922B95ADFB37745635E478C570535.e.5110/elements - {"using":"css selector","value":"td"}
RESULT: {"using":"css selector","value":"td"}
COMMAND: POST /session/08fad45ac65f529ba2de556ddf104458/element/f.9D9AE82FA30F8FEE8073C9435B3ECC9C.d.9DB922B95ADFB37745635E478C570535.e.5111/elements - {"using":"css selector","value":"td"}
RESULT: {"using":"css selector","value":"td"}
COMMAND: POST /session/08fad45ac65f529ba2de556ddf104458/element/f.9D9AE82FA30F8FEE8073C9435B3ECC9C.d.9DB922B95ADFB37745635E478C570535.e.5112/elements - {"using":"css selector","value":"td"}
RESULT: {"using":"css selector","value":"td"}
COMMAND: POST /session/08fad45ac65f529ba2de556ddf104458/element/f.9D9AE82FA30F8FEE8073C9435B3ECC9C.d.9DB922B95ADFB37745635E478C570535.e.5113/elements - {"using":"css selector","value":"td"}
RESULT: {"using":"css selector","value":"td"}
COMMAND: POST /session/08fad45ac65f529ba2de556ddf104458/element/f.9D9AE82FA30F8FEE8073C9435B3ECC9C.d.9DB922B95ADFB37745635E478C570535.e.5114/elements - {"using":"css selector","value":"td"}
RESULT: {"using":"css selector","value":"td"}
COMMAND: POST /session/08fad45ac65f529ba2de556ddf104458/element/f.9D9AE82FA30F8FEE8073C9435B3ECC9C.d.9DB922B95ADFB37745635E478C570535.e.5115/elements - {"using":"css selector","value":"td"}
RESULT: {"using":"css selector","value":"td"}
COMMAND: POST /session/08fad45ac65f529ba2de556ddf104458/element/f.9D9AE82FA30F8FEE8073C9435B3ECC9C.d.9DB922B95ADFB37745635E478C570535.e.5116/elements - {"using":"css selector","value":"td"}
RESULT: {"using":"css selector","value":"td"}
COMMAND: POST /session/08fad45ac65f529ba2de556ddf104458/element/f.9D9AE82FA30F8FEE8073C9435B3ECC9C.d.9DB922B95ADFB37745635E478C570535.e.5117/elements - {"using":"css selector","value":"td"}
RESULT: {"using":"css selector","value":"td"}
COMMAND: POST /session/08fad45ac65f529ba2de556ddf104458/element/f.9D9AE82FA30F8FEE8073C9435B3ECC9C.d.9DB922B95ADFB37745635E478C570535.e.5118/elements - {"using":"css selector","value":"td"}
RESULT: {"using":"css selector","value":"td"}
COMMAND: POST /session/08fad45ac65f529ba2de556ddf104458/element/f.9D9AE82FA30F8FEE8073C9435B3ECC9C.d.9DB922B95ADFB37745635E478C570535.e.5119/elements - {"using":"css selector","value":"td"}
RESULT: {"using":"css selector","value":"td"}
COMMAND: POST /session/08fad45ac65f529ba2de556ddf104458/element/f.9D9AE82FA30F8FEE8073C9435B3ECC9C.d.9DB922B95ADFB37745635E478C570535.e.5120/elements - {"using":"css selector","value":"td"}
RESULT: {"using":"css selector","value":"td"}
COMMAND: POST /session/08fad45ac65f529ba2de556ddf104458/element/f.9D9AE82FA30F8FEE8073C9435B3ECC9C.d.9DB922B95ADFB37745635E478C570535.e.5121/elements - {"using":"css selector","value":"td"}
RESULT: {"using":"css selector","value":"td"}
COMMAND: POST /session/08fad45ac65f529ba2de556ddf104458/element/f.9D9AE82FA30F8FEE8073C9435B3ECC9C.d.9DB922B95ADFB37745635E478C570535.e.5122/elements - {"using":"css selector","value":"td"}
RESULT: {"using":"css selector","value":"td"}
COMMAND: POST /session/08fad45ac65f529ba2de556ddf104458/element/f.9D9AE82FA30F8FEE8073C9435B3ECC9C.d.9DB922B95ADFB37745635E478C570535.e.5123/elements - {"using":"css selector","value":"td"}
RESULT: {"using":"css selector","value":"td"}
COMMAND: POST /session/08fad45ac65f529ba2de556ddf104458/element/f.9D9AE82FA30F8FEE8073C9435B3ECC9C.d.9DB922B95ADFB37745635E478C570535.e.5124/elements - {"using":"css selector","value":"td"}
RESULT: {"using":"css selector","value":"td"}
COMMAND: POST /session/08fad45ac65f529ba2de556ddf104458/element/f.9D9AE82FA30F8FEE8073C9435B3ECC9C.d.9DB922B95ADFB37745635E478C570535.e.5125/elements - {"using":"css selector","value":"td"}
RESULT: {"using":"css selector","value":"td"}
COMMAND: POST /session/08fad45ac65f529ba2de556ddf104458/element/f.9D9AE82FA30F8FEE8073C9435B3ECC9C.d.9DB922B95ADFB37745635E478C570535.e.5126/elements - {"using":"css selector","value":"td"}
RESULT: {"using":"css selector","value":"td"}
COMMAND: POST /session/08fad45ac65f529ba2de556ddf104458/element/f.9D9AE82FA30F8FEE8073C9435B3ECC9C.d.9DB922B95ADFB37745635E478C570535.e.5127/elements - {"using":"css selector","value":"td"}
RESULT: {"using":"css selector","value":"td"}
COMMAND: POST /session/08fad45ac65f529ba2de556ddf104458/element/f.9D9AE82FA30F8FEE8073C9435B3ECC9C.d.9DB922B95ADFB37745635E478C570535.e.5128/elements - {"using":"css selector","value":"td"}
RESULT: {"using":"css selector","value":"td"}
COMMAND: POST /session/08fad45ac65f529ba2de556ddf104458/element/f.9D9AE82FA30F8FEE8073C9435B3ECC9C.d.9DB922B95ADFB37745635E478C570535.e.5129/elements - {"using":"css selector","value":"td"}
RESULT: {"using":"css selector","value":"td"}
COMMAND: POST /session/08fad45ac65f529ba2de556ddf104458/element/f.9D9AE82FA30F8FEE8073C9435B3ECC9C.d.9DB922B95ADFB37745635E478C570535.e.5130/elements - {"using":"css selector","value":"td"}
RESULT: {"using":"css selector","value":"td"}
COMMAND: POST /session/08fad45ac65f529ba2de556ddf104458/element/f.9D9AE82FA30F8FEE8073C9435B3ECC9C.d.9DB922B95ADFB37745635E478C570535.e.5131/elements - {"using":"css selector","value":"td"}
RESULT: {"using":"css selector","value":"td"}
COMMAND: POST /session/08fad45ac65f529ba2de556ddf104458/element/f.9D9AE82FA30F8FEE8073C9435B3ECC9C.d.9DB922B95ADFB37745635E478C570535.e.5132/elements - {"using":"css selector","value":"td"}
RESULT: {"using":"css selector","value":"td"}
COMMAND: POST /session/08fad45ac65f529ba2de556ddf104458/element/f.9D9AE82FA30F8FEE8073C9435B3ECC9C.d.9DB922B95ADFB37745635E478C570535.e.5133/elements - {"using":"css selector","value":"td"}
RESULT: {"using":"css selector","value":"td"}
COMMAND: POST /session/08fad45ac65f529ba2de556ddf104458/element/f.9D9AE82FA30F8FEE8073C9435B3ECC9C.d.9DB922B95ADFB37745635E478C570535.e.5134/elements - {"using":"css selector","value":"td"}
RESULT: {"using":"css selector","value":"td"}
COMMAND: POST /session/08fad45ac65f529ba2de556ddf104458/element/f.9D9AE82FA30F8FEE8073C9435B3ECC9C.d.9DB922B95ADFB37745635E478C570535.e.5135/elements - {"using":"css selector","value":"td"}
RESULT: {"using":"css selector","value":"td"}
COMMAND: POST /session/08fad45ac65f529ba2de556ddf104458/element/f.9D9AE82FA30F8FEE8073C9435B3ECC9C.d.9DB922B95ADFB37745635E478C570535.e.5136/elements - {"using":"css selector","value":"td"}
RESULT: {"using":"css selector","value":"td"}
COMMAND: POST /session/08fad45ac65f529ba2de556ddf104458/element/f.9D9AE82FA30F8FEE8073C9435B3ECC9C.d.9DB922B95ADFB37745635E478C570535.e.5137/elements - {"using":"css selector","value":"td"}
RESULT: {"using":"css selector","value":"td"}
COMMAND: POST /session/08fad45ac65f529ba2de556ddf104458/element/f.9D9AE82FA30F8FEE8073C9435B3ECC9C.d.9DB922B95ADFB37745635E478C570535.e.5138/elements - {"using":"css selector","value":"td"}
RESULT: {"using":"css selector","value":"td"}
COMMAND: POST /session/08fad45ac65f529ba2de556ddf104458/element/f.9D9AE82FA30F8FEE8073C9435B3ECC9C.d.9DB922B95ADFB37745635E478C570535.e.5139/elements - {"using":"css selector","value":"td"}
RESULT: {"using":"css selector","value":"td"}
COMMAND: POST /session/08fad45ac65f529ba2de556ddf104458/element/f.9D9AE82FA30F8FEE8073C9435B3ECC9C.d.9DB922B95ADFB37745635E478C570535.e.5140/elements - {"using":"css selector","value":"td"}
RESULT: {"using":"css selector","value":"td"}
COMMAND: POST /session/08fad45ac65f529ba2de556ddf104458/element/f.9D9AE82FA30F8FEE8073C9435B3ECC9C.d.9DB922B95ADFB37745635E478C570535.e.5141/elements - {"using":"css selector","value":"td"}
RESULT: {"using":"css selector","value":"td"}
COMMAND: POST /session/08fad45ac65f529ba2de556ddf104458/element/f.9D9AE82FA30F8FEE8073C9435B3ECC9C.d.9DB922B95ADFB37745635E478C570535.e.5142/elements - {"using":"css selector","value":"td"}
RESULT: {"using":"css selector","value":"td"}
COMMAND: POST /session/08fad45ac65f529ba2de556ddf104458/element/f.9D9AE82FA30F8FEE8073C9435B3ECC9C.d.9DB922B95ADFB37745635E478C570535.e.5143/elements - {"using":"css selector","value":"td"}
RESULT: {"using":"css selector","value":"td"}
COMMAND: POST /session/08fad45ac65f529ba2de556ddf104458/element/f.9D9AE82FA30F8FEE8073C9435B3ECC9C.d.9DB922B95ADFB37745635E478C570535.e.5144/elements - {"using":"css selector","value":"td"}
RESULT: {"using":"css selector","value":"td"}
COMMAND: POST /session/08fad45ac65f529ba2de556ddf104458/element/f.9D9AE82FA30F8FEE8073C9435B3ECC9C.d.9DB922B95ADFB37745635E478C570535.e.5145/elements - {"using":"css selector","value":"td"}
RESULT: {"using":"css selector","value":"td"}
COMMAND: POST /session/08fad45ac65f529ba2de556ddf104458/element/f.9D9AE82FA30F8FEE8073C9435B3ECC9C.d.9DB922B95ADFB37745635E478C570535.e.5146/elements - {"using":"css selector","value":"td"}
RESULT: {"using":"css selector","value":"td"}
COMMAND: POST /session/08fad45ac65f529ba2de556ddf104458/element/f.9D9AE82FA30F8FEE8073C9435B3ECC9C.d.9DB922B95ADFB37745635E478C570535.e.5147/elements - {"using":"css selector","value":"td"}
RESULT: {"using":"css selector","value":"td"}
COMMAND: POST /session/08fad45ac65f529ba2de556ddf104458/element/f.9D9AE82FA30F8FEE8073C9435B3ECC9C.d.9DB922B95ADFB37745635E478C570535.e.5148/elements - {"using":"css selector","value":"td"}
RESULT: {"using":"css selector","value":"td"}
COMMAND: POST /session/08fad45ac65f529ba2de556ddf104458/element/f.9D9AE82FA30F8FEE8073C9435B3ECC9C.d.9DB922B95ADFB37745635E478C570535.e.5149/elements - {"using":"css selector","value":"td"}
RESULT: {"using":"css selector","value":"td"}
COMMAND: POST /session/08fad45ac65f529ba2de556ddf104458/element/f.9D9AE82FA30F8FEE8073C9435B3ECC9C.d.9DB922B95ADFB37745635E478C570535.e.5150/elements - {"using":"css selector","value":"td"}
RESULT: {"using":"css selector","value":"td"}
COMMAND: POST /session/08fad45ac65f529ba2de556ddf104458/element/f.9D9AE82FA30F8FEE8073C9435B3ECC9C.d.9DB922B95ADFB37745635E478C570535.e.5151/elements - {"using":"css selector","value":"td"}
RESULT: {"using":"css selector","value":"td"}
COMMAND: POST /session/08fad45ac65f529ba2de556ddf104458/element/f.9D9AE82FA30F8FEE8073C9435B3ECC9C.d.9DB922B95ADFB37745635E478C570535.e.5152/elements - {"using":"css selector","value":"td"}
RESULT: {"using":"css selector","value":"td"}
COMMAND: POST /session/08fad45ac65f529ba2de556ddf104458/element/f.9D9AE82FA30F8FEE8073C9435B3ECC9C.d.9DB922B95ADFB37745635E478C570535.e.5153/elements - {"using":"css selector","value":"td"}
RESULT: {"using":"css selector","value":"td"}
COMMAND: POST /session/08fad45ac65f529ba2de556ddf104458/element/f.9D9AE82FA30F8FEE8073C9435B3ECC9C.d.9DB922B95ADFB37745635E478C570535.e.5154/elements - {"using":"css selector","value":"td"}
RESULT: {"using":"css selector","value":"td"}
COMMAND: POST /session/08fad45ac65f529ba2de556ddf104458/element/f.9D9AE82FA30F8FEE8073C9435B3ECC9C.d.9DB922B95ADFB37745635E478C570535.e.5155/elements - {"using":"css selector","value":"td"}
RESULT: {"using":"css selector","value":"td"}
COMMAND: POST /session/08fad45ac65f529ba2de556ddf104458/element/f.9D9AE82FA30F8FEE8073C9435B3ECC9C.d.9DB922B95ADFB37745635E478C570535.e.5156/elements - {"using":"css selector","value":"td"}
RESULT: {"using":"css selector","value":"td"}
COMMAND: POST /session/08fad45ac65f529ba2de556ddf104458/element/f.9D9AE82FA30F8FEE8073C9435B3ECC9C.d.9DB922B95ADFB37745635E478C570535.e.5157/elements - {"using":"css selector","value":"td"}
RESULT: {"using":"css selector","value":"td"}
COMMAND: POST /session/08fad45ac65f529ba2de556ddf104458/element/f.9D9AE82FA30F8FEE8073C9435B3ECC9C.d.9DB922B95ADFB37745635E478C570535.e.5158/elements - {"using":"css selector","value":"td"}
RESULT: {"using":"css selector","value":"td"}
COMMAND: POST /session/08fad45ac65f529ba2de556ddf104458/element/f.9D9AE82FA30F8FEE8073C9435B3ECC9C.d.9DB922B95ADFB37745635E478C570535.e.5159/elements - {"using":"css selector","value":"td"}
RESULT: {"using":"css selector","value":"td"}
COMMAND: POST /session/08fad45ac65f529ba2de556ddf104458/element/f.9D9AE82FA30F8FEE8073C9435B3ECC9C.d.9DB922B95ADFB37745635E478C570535.e.5160/elements - {"using":"css selector","value":"td"}
RESULT: {"using":"css selector","value":"td"}
COMMAND: POST /session/08fad45ac65f529ba2de556ddf104458/element/f.9D9AE82FA30F8FEE8073C9435B3ECC9C.d.9DB922B95ADFB37745635E478C570535.e.5161/elements - {"using":"css selector","value":"td"}
RESULT: {"using":"css selector","value":"td"}
COMMAND: POST /session/08fad45ac65f529ba2de556ddf104458/element/f.9D9AE82FA30F8FEE8073C9435B3ECC9C.d.9DB922B95ADFB37745635E478C570535.e.5162/elements - {"using":"css selector","value":"td"}
RESULT: {"using":"css selector","value":"td"}
COMMAND: POST /session/08fad45ac65f529ba2de556ddf104458/element/f.9D9AE82FA30F8FEE8073C9435B3ECC9C.d.9DB922B95ADFB37745635E478C570535.e.5163/elements - {"using":"css selector","value":"td"}
RESULT: {"using":"css selector","value":"td"}
COMMAND: POST /session/08fad45ac65f529ba2de556ddf104458/element/f.9D9AE82FA30F8FEE8073C9435B3ECC9C.d.9DB922B95ADFB37745635E478C570535.e.5164/elements - {"using":"css selector","value":"td"}
RESULT: {"using":"css selector","value":"td"}
COMMAND: POST /session/08fad45ac65f529ba2de556ddf104458/element/f.9D9AE82FA30F8FEE8073C9435B3ECC9C.d.9DB922B95ADFB37745635E478C570535.e.5165/elements - {"using":"css selector","value":"td"}
RESULT: {"using":"css selector","value":"td"}
COMMAND: POST /session/08fad45ac65f529ba2de556ddf104458/element/f.9D9AE82FA30F8FEE8073C9435B3ECC9C.d.9DB922B95ADFB37745635E478C570535.e.5166/elements - {"using":"css selector","value":"td"}
RESULT: {"using":"css selector","value":"td"}
COMMAND: POST /session/08fad45ac65f529ba2de556ddf104458/element/f.9D9AE82FA30F8FEE8073C9435B3ECC9C.d.9DB922B95ADFB37745635E478C570535.e.5167/elements - {"using":"css selector","value":"td"}
RESULT: {"using":"css selector","value":"td"}
COMMAND: POST /session/08fad45ac65f529ba2de556ddf104458/element/f.9D9AE82FA30F8FEE8073C9435B3ECC9C.d.9DB922B95ADFB37745635E478C570535.e.5168/elements - {"using":"css selector","value":"td"}
RESULT: {"using":"css selector","value":"td"}
COMMAND: POST /session/08fad45ac65f529ba2de556ddf104458/element/f.9D9AE82FA30F8FEE8073C9435B3ECC9C.d.9DB922B95ADFB37745635E478C570535.e.5169/elements - {"using":"css selector","value":"td"}
RESULT: {"using":"css selector","value":"td"}
COMMAND: POST /session/08fad45ac65f529ba2de556ddf104458/element/f.9D9AE82FA30F8FEE8073C9435B3ECC9C.d.9DB922B95ADFB37745635E478C570535.e.5170/elements - {"using":"css selector","value":"td"}
RESULT: {"using":"css selector","value":"td"}
COMMAND: POST /session/08fad45ac65f529ba2de556ddf104458/element/f.9D9AE82FA30F8FEE8073C9435B3ECC9C.d.9DB922B95ADFB37745635E478C570535.e.5171/elements - {"using":"css selector","value":"td"}
RESULT: {"using":"css selector","value":"td"}
COMMAND: POST /session/08fad45ac65f529ba2de556ddf104458/element/f.9D9AE82FA30F8FEE8073C9435B3ECC9C.d.9DB922B95ADFB37745635E478C570535.e.5172/elements - {"using":"css selector","value":"td"}
RESULT: {"using":"css selector","value":"td"}
COMMAND: POST /session/08fad45ac65f529ba2de556ddf104458/element/f.9D9AE82FA30F8FEE8073C9435B3ECC9C.d.9DB922B95ADFB37745635E478C570535.e.5173/elements - {"using":"css selector","value":"td"}
RESULT: {"using":"css selector","value":"td"}
COMMAND: POST /session/08fad45ac65f529ba2de556ddf104458/element/f.9D9AE82FA30F8FEE8073C9435B3ECC9C.d.9DB922B95ADFB37745635E478C570535.e.5174/elements - {"using":"css selector","value":"td"}
RESULT: {"using":"css selector","value":"td"}
COMMAND: POST /session/08fad45ac65f529ba2de556ddf104458/element/f.9D9AE82FA30F8FEE8073C9435B3ECC9C.d.9DB922B95ADFB37745635E478C570535.e.5175/elements - {"using":"css selector","value":"td"}
RESULT: {"using":"css selector","value":"td"}
COMMAND: POST /session/08fad45ac65f529ba2de556ddf104458/element/f.9D9AE82FA30F8FEE8073C9435B3ECC9C.d.9DB922B95ADFB37745635E478C570535.e.5176/elements - {"using":"css selector","value":"td"}
RESULT: {"using":"css selector","value":"td"}
COMMAND: POST /session/08fad45ac65f529ba2de556ddf104458/element/f.9D9AE82FA30F8FEE8073C9435B3ECC9C.d.9DB922B95ADFB37745635E478C570535.e.5177/elements - {"using":"css selector","value":"td"}
RESULT: {"using":"css selector","value":"td"}
COMMAND: POST /session/08fad45ac65f529ba2de556ddf104458/element/f.9D9AE82FA30F8FEE8073C9435B3ECC9C.d.9DB922B95ADFB37745635E478C570535.e.5178/elements - {"using":"css selector","value":"td"}
RESULT: {"using":"css selector","value":"td"}
COMMAND: POST /session/08fad45ac65f529ba2de556ddf104458/element/f.9D9AE82FA30F8FEE8073C9435B3ECC9C.d.9DB922B95ADFB37745635E478C570535.e.5179/elements - {"using":"css selector","value":"td"}
RESULT: {"using":"css selector","value":"td"}
COMMAND: POST /session/08fad45ac65f529ba2de556ddf104458/element/f.9D9AE82FA30F8FEE8073C9435B3ECC9C.d.9DB922B95ADFB37745635E478C570535.e.5180/elements - {"using":"css selector","value":"td"}
RESULT: {"using":"css selector","value":"td"}
COMMAND: POST /session/08fad45ac65f529ba2de556ddf104458/element/f.9D9AE82FA30F8FEE8073C9435B3ECC9C.d.9DB922B95ADFB37745635E478C570535.e.5181/elements - {"using":"css selector","value":"td"}
RESULT: {"using":"css selector","value":"td"}
COMMAND: POST /session/08fad45ac65f529ba2de556ddf104458/element/f.9D9AE82FA30F8FEE8073C9435B3ECC9C.d.9DB922B95ADFB37745635E478C570535.e.5182/elements - {"using":"css selector","value":"td"}
RESULT: {"using":"css selector","value":"td"}
COMMAND: POST /session/08fad45ac65f529ba2de556ddf104458/element/f.9D9AE82FA30F8FEE8073C9435B3ECC9C.d.9DB922B95ADFB37745635E478C570535.e.5183/elements - {"using":"css selector","value":"td"}
RESULT: {"using":"css selector","value":"td"}
COMMAND: POST /session/08fad45ac65f529ba2de556ddf104458/element/f.9D9AE82FA30F8FEE8073C9435B3ECC9C.d.9DB922B95ADFB37745635E478C570535.e.5184/elements - {"using":"css selector","value":"td"}
RESULT: {"using":"css selector","value":"td"}
COMMAND: POST /session/08fad45ac65f529ba2de556ddf104458/element/f.9D9AE82FA30F8FEE8073C9435B3ECC9C.d.9DB922B95ADFB37745635E478C570535.e.5185/elements - {"using":"css selector","value":"td"}
RESULT: {"using":"css selector","value":"td"}
COMMAND: POST /session/08fad45ac65f529ba2de556ddf104458/element/f.9D9AE82FA30F8FEE8073C9435B3ECC9C.d.9DB922B95ADFB37745635E478C570535.e.5186/elements - {"using":"css selector","value":"td"}
RESULT: {"using":"css selector","value":"td"}
COMMAND: POST /session/08fad45ac65f529ba2de556ddf104458/element/f.9D9AE82FA30F8FEE8073C9435B3ECC9C.d.9DB922B95ADFB37745635E478C570535.e.5187/elements - {"using":"css selector","value":"td"}
RESULT: {"using":"css selector","value":"td"}
COMMAND: POST /session/08fad45ac65f529ba2de556ddf104458/element/f.9D9AE82FA30F8FEE8073C9435B3ECC9C.d.9DB922B95ADFB37745635E478C570535.e.5188/elements - {"using":"css selector","value":"td"}
RESULT: {"using":"css selector","value":"td"}
COMMAND: POST /session/08fad45ac65f529ba2de556ddf104458/element/f.9D9AE82FA30F8FEE8073C9435B3ECC9C.d.9DB922B95ADFB37745635E478C570535.e.5189/elements - {"using":"css selector","value":"td"}
RESULT: {"using":"css selector","value":"td"}
COMMAND: POST /session/08fad45ac65f529ba2de556ddf104458/element/f.9D9AE82FA30F8FEE8073C9435B3ECC9C.d.9DB922B95ADFB37745635E478C570535.e.5190/elements - {"using":"css selector","value":"td"}
RESULT: {"using":"css selector","value":"td"}
COMMAND: POST /session/08fad45ac65f529ba2de556ddf104458/element/f.9D9AE82FA30F8FEE8073C9435B3ECC9C.d.9DB922B95ADFB37745635E478C570535.e.5191/elements - {"using":"css selector","value":"td"}
RESULT: {"using":"css selector","value":"td"}
COMMAND: POST /session/08fad45ac65f529ba2de556ddf104458/element/f.9D9AE82FA30F8FEE8073C9435B3ECC9C.d.9DB922B95ADFB37745635E478C570535.e.5192/elements - {"using":"css selector","value":"td"}
RESULT: {"using":"css selector","value":"td"}
COMMAND: POST /session/08fad45ac65f529ba2de556ddf104458/element/f.9D9AE82FA30F8FEE8073C9435B3ECC9C.d.9DB922B95ADFB37745635E478C570535.e.5193/elements - {"using":"css selector","value":"td"}
RESULT: {"using":"css selector","value":"td"}
COMMAND: POST /session/08fad45ac65f529ba2de556ddf104458/element/f.9D9AE82FA30F8FEE8073C9435B3ECC9C.d.9DB922B95ADFB37745635E478C570535.e.5194/elements - {"using":"css selector","value":"td"}
RESULT: {"using":"css selector","value":"td"}
COMMAND: POST /session/08fad45ac65f529ba2de556ddf104458/element/f.9D9AE82FA30F8FEE8073C9435B3ECC9C.d.9DB922B95ADFB37745635E478C570535.e.5195/elements - {"using":"css selector","value":"td"}
RESULT: {"using":"css selector","value":"td"}
COMMAND: POST /session/08fad45ac65f529ba2de556ddf104458/element/f.9D9AE82FA30F8FEE8073C9435B3ECC9C.d.9DB922B95ADFB37745635E478C570535.e.5196/elements - {"using":"css selector","value":"td"}
RESULT: {"using":"css selector","value":"td"}
COMMAND: POST /session/08fad45ac65f529ba2de556ddf104458/element/f.9D9AE82FA30F8FEE8073C9435B3ECC9C.d.9DB922B95ADFB37745635E478C570535.e.5197/elements - {"using":"css selector","value":"td"}
RESULT: {"using":"css selector","value":"td"}
COMMAND: POST /session/08fad45ac65f529ba2de556ddf104458/element/f.9D9AE82FA30F8FEE8073C9435B3ECC9C.d.9DB922B95ADFB37745635E478C570535.e.5198/elements - {"using":"css selector","value":"td"}
RESULT: {"using":"css selector","value":"td"}
COMMAND: POST /session/08fad45ac65f529ba2de556ddf104458/element/f.9D9AE82FA30F8FEE8073C9435B3ECC9C.d.9DB922B95ADFB37745635E478C570535.e.5199/elements - {"using":"css selector","value":"td"}
RESULT: {"using":"css selector","value":"td"}
COMMAND: POST /session/08fad45ac65f529ba2de556ddf104458/element/f.9D9AE82FA30F8FEE8073C9435B3ECC9C.d.9DB922B95ADFB37745635E478C570535.e.5200/elements - {"using":"css selector","value":"td"}
RESULT: {"using":"css selector","value":"td"}
COMMAND: POST /session/08fad45ac65f529ba2de556ddf104458/element/f.9D9AE82FA30F8FEE8073C9435B3ECC9C.d.9DB922B95ADFB37745635E478C570535.e.5201/elements - {"using":"css selector","value":"td"}
RESULT: {"using":"css selector","value":"td"}
COMMAND: POST /session/08fad45ac65f529ba2de556ddf104458/element/f.9D9AE82FA30F8FEE8073C9435B3ECC9C.d.9DB922B95ADFB37745635E478C570535.e.5202/elements - {"using":"css selector","value":"td"}
RESULT: {"using":"css selector","value":"td"}
COMMAND: POST /session/08fad45ac65f529ba2de556ddf104458/element/f.9D9AE82FA30F8FEE8073C9435B3ECC9C.d.9DB922B95ADFB37745635E478C570535.e.5203/elements - {"using":"css selector","value":"td"}
RESULT: {"using":"css selector","value":"td"}
COMMAND: POST /session/08fad45ac65f529ba2de556ddf104458/element/f.9D9AE82FA30F8FEE8073C9435B3ECC9C.d.9DB922B95ADFB37745635E478C570535.e.5204/elements - {"using":"css selector","value":"td"}
RESULT: {"using":"css selector","value":"td"}
COMMAND: POST /session/08fad45ac65f529ba2de556ddf104458/element/f.9D9AE82FA30F8FEE8073C9435B3ECC9C.d.9DB922B95ADFB37745635E478C570535.e.5205/elements - {"using":"css selector","value":"td"}
RESULT: {"using":"css selector","value":"td"}
COMMAND: POST /session/08fad45ac65f529ba2de556ddf104458/element/f.9D9AE82FA30F8FEE8073C9435B3ECC9C.d.9DB922B95ADFB37745635E478C570535.e.5206/elements - {"using":"css selector","value":"td"}
RESULT: {"using":"css selector","value":"td"}
COMMAND: POST /session/08fad45ac65f529ba2de556ddf104458/element/f.9D9AE82FA30F8FEE8073C9435B3ECC9C.d.9DB922B95ADFB37745635E478C570535.e.5207/elements - {"using":"css selector","value":"td"}
RESULT: {"using":"css selector","value":"td"}
COMMAND: POST /session/08fad45ac65f529ba2de556ddf104458/element/f.9D9AE82FA30F8FEE8073C9435B3ECC9C.d.9DB922B95ADFB37745635E478C570535.e.5208/elements - {"using":"css selector","value":"td"}
RESULT: {"using":"css selector","value":"td"}
COMMAND: POST /session/08fad45ac65f529ba2de556ddf104458/element/f.9D9AE82FA30F8FEE8073C9435B3ECC9C.d.9DB922B95ADFB37745635E478C570535.e.5209/elements - {"using":"css selector","value":"td"}
RESULT: {"using":"css selector","value":"td"}
COMMAND: POST /session/08fad45ac65f529ba2de556ddf104458/element/f.9D9AE82FA30F8FEE8073C9435B3ECC9C.d.9DB922B95ADFB37745635E478C570535.e.5210/elements - {"using":"css selector","value":"td"}
RESULT: {"using":"css selector","value":"td"}
COMMAND: POST /session/08fad45ac65f529ba2de556ddf104458/element/f.9D9AE82FA30F8FEE8073C9435B3ECC9C.d.9DB922B95ADFB37745635E478C570535.e.5211/elements - {"using":"css selector","value":"td"}
RESULT: {"using":"css selector","value":"td"}
COMMAND: POST /session/08fad45ac65f529ba2de556ddf104458/element/f.9D9AE82FA30F8FEE8073C9435B3ECC9C.d.9DB922B95ADFB37745635E478C570535.e.5212/elements - {"using":"css selector","value":"td"}
RESULT: {"using":"css selector","value":"td"}
COMMAND: POST /session/08fad45ac65f529ba2de556ddf104458/element/f.9D9AE82FA30F8FEE8073C9435B3ECC9C.d.9DB922B95ADFB37745635E478C570535.e.5213/elements - {"using":"css selector","value":"td"}
RESULT: {"using":"css selector","value":"td"}
COMMAND: POST /session/08fad45ac65f529ba2de556ddf104458/element/f.9D9AE82FA30F8FEE8073C9435B3ECC9C.d.9DB922B95ADFB37745635E478C570535.e.5214/elements - {"using":"css selector","value":"td"}
RESULT: {"using":"css selector","value":"td"}
COMMAND: POST /session/08fad45ac65f529ba2de556ddf104458/element/f.9D9AE82FA30F8FEE8073C9435B3ECC9C.d.9DB922B95ADFB37745635E478C570535.e.5215/elements - {"using":"css selector","value":"td"}
RESULT: {"using":"css selector","value":"td"}
COMMAND: POST /session/08fad45ac65f529ba2de556ddf104458/element/f.9D9AE82FA30F8FEE8073C9435B3ECC9C.d.9DB922B95ADFB37745635E478C570535.e.5216/elements - {"using":"css selector","value":"td"}
RESULT: {"using":"css selector","value":"td"}
COMMAND: POST /session/08fad45ac65f529ba2de556ddf104458/element/f.9D9AE82FA30F8FEE8073C9435B3ECC9C.d.9DB922B95ADFB37745635E478C570535.e.5217/elements - {"using":"css selector","value":"td"}
RESULT: {"using":"css selector","value":"td"}
COMMAND: POST /session/08fad45ac65f529ba2de556ddf104458/element/f.9D9AE82FA30F8FEE8073C9435B3ECC9C.d.9DB922B95ADFB37745635E478C570535.e.5218/elements - {"using":"css selector","value":"td"}
RESULT: {"using":"css selector","value":"td"}
COMMAND: POST /session/08fad45ac65f529ba2de556ddf104458/element/f.9D9AE82FA30F8FEE8073C9435B3ECC9C.d.9DB922B95ADFB37745635E478C570535.e.5219/elements - {"using":"css selector","value":"td"}
RESULT: {"using":"css selector","value":"td"}
COMMAND: POST /session/08fad45ac65f529ba2de556ddf104458/element/f.9D9AE82FA30F8FEE8073C9435B3ECC9C.d.9DB922B95ADFB37745635E478C570535.e.5220/elements - {"using":"css selector","value":"td"}
RESULT: {"using":"css selector","value":"td"}
COMMAND: POST /session/08fad45ac65f529ba2de556ddf104458/element/f.9D9AE82FA30F8FEE8073C9435B3ECC9C.d.9DB922B95ADFB37745635E478C570535.e.5221/elements - {"using":"css selector","value":"td"}
RESULT: {"using":"css selector","value":"td"}
COMMAND: POST /session/08fad45ac65f529ba2de556ddf104458/element/f.9D9AE82FA30F8FEE8073C9435B3ECC9C.d.9DB922B95ADFB37745635E478C570535.e.5222/elements - {"using":"css selector","value":"td"}
RESULT: {"using":"css selector","value":"td"}
COMMAND: POST /session/08fad45ac65f529ba2de556ddf104458/element/f.9D9AE82FA30F8FEE8073C9435B3ECC9C.d.9DB922B95ADFB37745635E478C570535.e.5223/elements - {"using":"css selector","value":"td"}
RESULT: {"using":"css selector","value":"td"}
COMMAND: POST /session/08fad45ac65f529ba2de556ddf104458/element/f.9D9AE82FA30F8FEE8073C9435B3ECC9C.d.9DB922B95ADFB37745635E478C570535.e.5224/elements - {"using":"css selector","value":"td"}
RESULT: {"using":"css selector","value":"td"}
COMMAND: POST /session/08fad45ac65f529ba2de556ddf104458/element/f.9D9AE82FA30F8FEE8073C9435B3ECC9C.d.9DB922B95ADFB37745635E478C570535.e.5225/elements - {"using":"css selector","value":"td"}
RESULT: {"using":"css selector","value":"td"}
COMMAND: POST /session/08fad45ac65f529ba2de556ddf104458/element/f.9D9AE82FA30F8FEE8073C9435B3ECC9C.d.9DB922B95ADFB37745635E478C570535.e.5226/elements - {"using":"css selector","value":"td"}
RESULT: {"using":"css selector","value":"td"}
COMMAND: POST /session/08fad45ac65f529ba2de556ddf104458/element/f.9D9AE82FA30F8FEE8073C9435B3ECC9C.d.9DB922B95ADFB37745635E478C570535.e.5227/elements - {"using":"css selector","value":"td"}
RESULT: {"using":"css selector","value":"td"}
COMMAND: POST /session/08fad45ac65f529ba2de556ddf104458/element/f.9D9AE82FA30F8FEE8073C9435B3ECC9C.d.9DB922B95ADFB37745635E478C570535.e.5228/elements - {"using":"css selector","value":"td"}
RESULT: {"using":"css selector","value":"td"}
COMMAND: POST /session/08fad45ac65f529ba2de556ddf104458/element/f.9D9AE82FA30F8FEE8073C9435B3ECC9C.d.9DB922B95ADFB37745635E478C570535.e.5229/elements - {"using":"css selector","value":"td"}
RESULT: {"using":"css selector","value":"td"}
COMMAND: POST /session/08fad45ac65f529ba2de556ddf104458/element/f.9D9AE82FA30F8FEE8073C9435B3ECC9C.d.9DB922B95ADFB37745635E478C570535.e.5230/elements - {"using":"css selector","value":"td"}
RESULT: {"using":"css selector","value":"td"}
COMMAND: POST /session/08fad45ac65f529ba2de556ddf104458/element/f.9D9AE82FA30F8FEE8073C9435B3ECC9C.d.9DB922B95ADFB37745635E478C570535.e.5231/elements - {"using":"css selector","value":"td"}
RESULT: {"using":"css selector","value":"td"}
COMMAND: POST /session/08fad45ac65f529ba2de556ddf104458/element/f.9D9AE82FA30F8FEE8073C9435B3ECC9C.d.9DB922B95ADFB37745635E478C570535.e.5232/elements - {"using":"css selector","value":"td"}
RESULT: {"using":"css selector","value":"td"}
COMMAND: POST /session/08fad45ac65f529ba2de556ddf104458/element/f.9D9AE82FA30F8FEE8073C9435B3ECC9C.d.9DB922B95ADFB37745635E478C570535.e.5233/elements - {"using":"css selector","value":"td"}
RESULT: {"using":"css selector","value":"td"}
COMMAND: POST /session/08fad45ac65f529ba2de556ddf104458/element/f.9D9AE82FA30F8FEE8073C9435B3ECC9C.d.9DB922B95ADFB37745635E478C570535.e.5234/elements - {"using":"css selector","value":"td"}
RESULT: {"using":"css selector","value":"td"}
COMMAND: POST /session/08fad45ac65f529ba2de556ddf104458/element/f.9D9AE82FA30F8FEE8073C9435B3ECC9C.d.9DB922B95ADFB37745635E478C570535.e.5235/elements - {"using":"css selector","value":"td"}
RESULT: {"using":"css selector","value":"td"}
COMMAND: POST /session/08fad45ac65f529ba2de556ddf104458/element/f.9D9AE82FA30F8FEE8073C9435B3ECC9C.d.9DB922B95ADFB37745635E478C570535.e.5236/elements - {"using":"css selector","value":"td"}
RESULT: {"using":"css selector","value":"td"}
COMMAND: POST /session/08fad45ac65f529ba2de556ddf104458/element/f.9D9AE82FA30F8FEE8073C9435B3ECC9C.d.9DB922B95ADFB37745635E478C570535.e.5237/elements - {"using":"css selector","value":"td"}
RESULT: {"using":"css selector","value":"td"}
COMMAND: POST /session/08fad45ac65f529ba2de556ddf104458/element/f.9D9AE82FA30F8FEE8073C9435B3ECC9C.d.9DB922B95ADFB37745635E478C570535.e.5238/elements - {"using":"css selector","value":"td"}
RESULT: {"using":"css selector","value":"td"}
COMMAND: POST /session/08fad45ac65f529ba2de556ddf104458/element/f.9D9AE82FA30F8FEE8073C9435B3ECC9C.d.9DB922B95ADFB37745635E478C570535.e.5239/elements - {"using":"css selector","value":"td"}
RESULT: {"using":"css selector","value":"td"}
COMMAND: POST /session/08fad45ac65f529ba2de556ddf104458/element/f.9D9AE82FA30F8FEE8073C9435B3ECC9C.d.9DB922B95ADFB37745635E478C570535.e.5240/elements - {"using":"css selector","value":"td"}
RESULT: {"using":"css selector","value":"td"}
COMMAND: POST /session/08fad45ac65f529ba2de556ddf104458/element/f.9D9AE82FA30F8FEE8073C9435B3ECC9C.d.9DB922B95ADFB37745635E478C570535.e.5241/elements - {"using":"css selector","value":"td"}
RESULT: {"using":"css selector","value":"td"}
COMMAND: POST /session/08fad45ac65f529ba2de556ddf104458/element/f.9D9AE82FA30F8FEE8073C9435B3ECC9C.d.9DB922B95ADFB37745635E478C570535.e.5242/elements - {"using":"css selector","value":"td"}
RESULT: {"using":"css selector","value":"td"}
COMMAND: POST /session/08fad45ac65f529ba2de556ddf104458/element/f.9D9AE82FA30F8FEE8073C9435B3ECC9C.d.9DB922B95ADFB37745635E478C570535.e.5243/elements - {"using":"css selector","value":"td"}
RESULT: {"using":"css selector","value":"td"}
COMMAND: POST /session/08fad45ac65f529ba2de556ddf104458/element/f.9D9AE82FA30F8FEE8073C9435B3ECC9C.d.9DB922B95ADFB37745635E478C570535.e.5244/elements - {"using":"css selector","value":"td"}
RESULT: {"using":"css selector","value":"td"}
COMMAND: POST /session/08fad45ac65f529ba2de556ddf104458/element/f.9D9AE82FA30F8FEE8073C9435B3ECC9C.d.9DB922B95ADFB37745635E478C570535.e.5245/elements - {"using":"css selector","value":"td"}
RESULT: {"using":"css selector","value":"td"}
COMMAND: POST /session/08fad45ac65f529ba2de556ddf104458/element/f.9D9AE82FA30F8FEE8073C9435B3ECC9C.d.9DB922B95ADFB37745635E478C570535.e.5246/elements - {"using":"css selector","value":"td"}
RESULT: {"using":"css selector","value":"td"}
COMMAND: POST /session/08fad45ac65f529ba2de556ddf104458/element/f.9D9AE82FA30F8FEE8073C9435B3ECC9C.d.9DB922B95ADFB37745635E478C570535.e.5247/elements - {"using":"css selector","value":"td"}
RESULT: {"using":"css selector","value":"td"}
COMMAND: POST /session/08fad45ac65f529ba2de556ddf104458/element/f.9D9AE82FA30F8FEE8073C9435B3ECC9C.d.9DB922B95ADFB37745635E478C570535.e.5248/elements - {"using":"css selector","value":"td"}
RESULT: {"using":"css selector","value":"td"}
COMMAND: POST /session/08fad45ac65f529ba2de556ddf104458/element/f.9D9AE82FA30F8FEE8073C9435B3ECC9C.d.9DB922B95ADFB37745635E478C570535.e.5249/elements - {"using":"css selector","value":"td"}
RESULT: {"using":"css selector","value":"td"}
COMMAND: POST /session/08fad45ac65f529ba2de556ddf104458/element/f.9D9AE82FA30F8FEE8073C9435B3ECC9C.d.9DB922B95ADFB37745635E478C570535.e.5250/elements - {"using":"css selector","value":"td"}
RESULT: {"using":"css selector","value":"td"}
COMMAND: POST /session/08fad45ac65f529ba2de556ddf104458/element/f.9D9AE82FA30F8FEE8073C9435B3ECC9C.d.9DB922B95ADFB37745635E478C570535.e.5251/elements - {"using":"css selector","value":"td"}
RESULT: {"using":"css selector","value":"td"}
COMMAND: POST /session/08fad45ac65f529ba2de556ddf104458/element/f.9D9AE82FA30F8FEE8073C9435B3ECC9C.d.9DB922B95ADFB37745635E478C570535.e.5252/elements - {"using":"css selector","value":"td"}
RESULT: {"using":"css selector","value":"td"}
COMMAND: POST /session/08fad45ac65f529ba2de556ddf104458/element/f.9D9AE82FA30F8FEE8073C9435B3ECC9C.d.9DB922B95ADFB37745635E478C570535.e.5253/elements - {"using":"css selector","value":"td"}
RESULT: {"using":"css selector","value":"td"}
COMMAND: POST /session/08fad45ac65f529ba2de556ddf104458/element/f.9D9AE82FA30F8FEE8073C9435B3ECC9C.d.9DB922B95ADFB37745635E478C570535.e.5254/elements - {"using":"css selector","value":"td"}
RESULT: {"using":"css selector","value":"td"}
COMMAND: POST /session/08fad45ac65f529ba2de556ddf104458/element/f.9D9AE82FA30F8FEE8073C9435B3ECC9C.d.9DB922B95ADFB37745635E478C570535.e.5255/elements - {"using":"css selector","value":"td"}
RESULT: {"using":"css selector","value":"td"}
COMMAND: POST /session/08fad45ac65f529ba2de556ddf104458/element/f.9D9AE82FA30F8FEE8073C9435B3ECC9C.d.9DB922B95ADFB37745635E478C570535.e.5256/elements - {"using":"css selector","value":"td"}
RESULT: {"using":"css selector","value":"td"}
COMMAND: POST /session/08fad45ac65f529ba2de556ddf104458/element/f.9D9AE82FA30F8FEE8073C9435B3ECC9C.d.9DB922B95ADFB37745635E478C570535.e.5257/elements - {"using":"css selector","value":"td"}
RESULT: {"using":"css selector","value":"td"}
COMMAND: POST /session/08fad45ac65f529ba2de556ddf104458/element/f.9D9AE82FA30F8FEE8073C9435B3ECC9C.d.9DB922B95ADFB37745635E478C570535.e.5258/elements - {"using":"css selector","value":"td"}
RESULT: {"using":"css selector","value":"td"}
COMMAND: POST /session/08fad45ac65f529ba2de556ddf104458/element/f.9D9AE82FA30F8FEE8073C9435B3ECC9C.d.9DB922B95ADFB37745635E478C570535.e.5259/elements - {"using":"css selector","value":"td"}
RESULT: {"using":"css selector","value":"td"}
COMMAND: POST /session/08fad45ac65f529ba2de556ddf104458/element/f.9D9AE82FA30F8FEE8073C9435B3ECC9C.d.9DB922B95ADFB37745635E478C570535.e.5260/elements - {"using":"css selector","value":"td"}
RESULT: {"using":"css selector","value":"td"}
COMMAND: POST /session/08fad45ac65f529ba2de556ddf104458/element/f.9D9AE82FA30F8FEE8073C9435B3ECC9C.d.9DB922B95ADFB37745635E478C570535.e.5261/elements - {"using":"css selector","value":"td"}
RESULT: {"using":"css selector","value":"td"}
COMMAND: POST /session/08fad45ac65f529ba2de556ddf104458/element/f.9D9AE82FA30F8FEE8073C9435B3ECC9C.d.9DB922B95ADFB37745635E478C570535.e.5262/elements - {"using":"css selector","value":"td"}
RESULT: {"using":"css selector","value":"td"}
COMMAND: POST /session/08fad45ac65f529ba2de556ddf104458/element/f.9D9AE82FA30F8FEE8073C9435B3ECC9C.d.9DB922B95ADFB37745635E478C570535.e.5263/elements - {"using":"css selector","value":"td"}
RESULT: {"using":"css selector","value":"td"}
COMMAND: POST /session/08fad45ac65f529ba2de556ddf104458/element/f.9D9AE82FA30F8FEE8073C9435B3ECC9C.d.9DB922B95ADFB37745635E478C570535.e.5264/elements - {"using":"css selector","value":"td"}
RESULT: {"using":"css selector","value":"td"}
COMMAND: POST /session/08fad45ac65f529ba2de556ddf104458/element/f.9D9AE82FA30F8FEE8073C9435B3ECC9C.d.9DB922B95ADFB37745635E478C570535.e.5265/elements - {"using":"css selector","value":"td"}
RESULT: {"using":"css selector","value":"td"}
COMMAND: POST /session/08fad45ac65f529ba2de556ddf104458/element/f.9D9AE82FA30F8FEE8073C9435B3ECC9C.d.9DB922B95ADFB37745635E478C570535.e.5266/elements - {"using":"css selector","value":"td"}
RESULT: {"using":"css selector","value":"td"}
COMMAND: POST /session/08fad45ac65f529ba2de556ddf104458/element/f.9D9AE82FA30F8FEE8073C9435B3ECC9C.d.9DB922B95ADFB37745635E478C570535.e.5267/elements - {"using":"css selector","value":"td"}
RESULT: {"using":"css selector","value":"td"}
COMMAND: POST /session/08fad45ac65f529ba2de556ddf104458/element/f.9D9AE82FA30F8FEE8073C9435B3ECC9C.d.9DB922B95ADFB37745635E478C570535.e.5268/elements - {"using":"css selector","value":"td"}
RESULT: {"using":"css selector","value":"td"}
COMMAND: POST /session/08fad45ac65f529ba2de556ddf104458/element/f.9D9AE82FA30F8FEE8073C9435B3ECC9C.d.9DB922B95ADFB37745635E478C570535.e.5269/elements - {"using":"css selector","value":"td"}
RESULT: {"using":"css selector","value":"td"}
COMMAND: POST /session/08fad45ac65f529ba2de556ddf104458/element/f.9D9AE82FA30F8FEE8073C9435B3ECC9C.d.9DB922B95ADFB37745635E478C570535.e.5270/elements - {"using":"css selector","value":"td"}
RESULT: {"using":"css selector","value":"td"}
COMMAND: POST /session/08fad45ac65f529ba2de556ddf104458/element/f.9D9AE82FA30F8FEE8073C9435B3ECC9C.d.9DB922B95ADFB37745635E478C570535.e.5271/elements - {"using":"css selector","value":"td"}
RESULT: {"using":"css selector","value":"td"}
COMMAND: POST /session/08fad45ac65f529ba2de556ddf104458/element/f.9D9AE82FA30F8FEE8073C9435B3ECC9C.d.9DB922B95ADFB37745635E478C570535.e.5272/elements - {"using":"css selector","value":"td"}
RESULT: {"using":"css selector","value":"td"}
COMMAND: POST /session/08fad45ac65f529ba2de556ddf104458/element/f.9D9AE82FA30F8FEE8073C9435B3ECC9C.d.9DB922B95ADFB37745635E478C570535.e.5273/elements - {"using":"css selector","value":"td"}
RESULT: {"using":"css selector","value":"td"}
COMMAND: POST /session/08fad45ac65f529ba2de556ddf104458/element/f.9D9AE82FA30F8FEE8073C9435B3ECC9C.d.9DB922B95ADFB37745635E478C570535.e.5274/elements - {"using":"css selector","value":"td"}
RESULT: {"using":"css selector","value":"td"}
COMMAND: POST /session/08fad45ac65f529ba2de556ddf104458/element/f.9D9AE82FA30F8FEE8073C9435B3ECC9C.d.9DB922B95ADFB37745635E478C570535.e.5275/elements - {"using":"css selector","value":"td"}
RESULT: {"using":"css selector","value":"td"}
COMMAND: POST /session/08fad45ac65f529ba2de556ddf104458/element/f.9D9AE82FA30F8FEE8073C9435B3ECC9C.d.9DB922B95ADFB37745635E478C570535.e.5276/elements - {"using":"css selector","value":"td"}
RESULT: {"using":"css selector","value":"td"}
COMMAND: POST /session/08fad45ac65f529ba2de556ddf104458/element/f.9D9AE82FA30F8FEE8073C9435B3ECC9C.d.9DB922B95ADFB37745635E478C570535.e.5277/elements - {"using":"css selector","value":"td"}
RESULT: {"using":"css selector","value":"td"}
COMMAND: POST /session/08fad45ac65f529ba2de556ddf104458/element/f.9D9AE82FA30F8FEE8073C9435B3ECC9C.d.9DB922B95ADFB37745635E478C570535.e.5278/elements - {"using":"css selector","value":"td"}
RESULT: {"using":"css selector","value":"td"}
COMMAND: POST /session/08fad45ac65f529ba2de556ddf104458/element/f.9D9AE82FA30F8FEE8073C9435B3ECC9C.d.9DB922B95ADFB37745635E478C570535.e.5279/elements - {"using":"css selector","value":"td"}
RESULT: {"using":"css selector","value":"td"}
COMMAND: POST /session/08fad45ac65f529ba2de556ddf104458/element/f.9D9AE82FA30F8FEE8073C9435B3ECC9C.d.9DB922B95ADFB37745635E478C570535.e.5280/elements - {"using":"css selector","value":"td"}
RESULT: {"using":"css selector","value":"td"}
COMMAND: POST /session/08fad45ac65f529ba2de556ddf104458/element/f.9D9AE82FA30F8FEE8073C9435B3ECC9C.d.9DB922B95ADFB37745635E478C570535.e.5281/elements - {"using":"css selector","value":"td"}
RESULT: {"using":"css selector","value":"td"}
COMMAND: POST /session/08fad45ac65f529ba2de556ddf104458/element/f.9D9AE82FA30F8FEE8073C9435B3ECC9C.d.9DB922B95ADFB37745635E478C570535.e.5282/elements - {"using":"css selector","value":"td"}
RESULT: {"using":"css selector","value":"td"}
COMMAND: POST /session/08fad45ac65f529ba2de556ddf104458/element/f.9D9AE82FA30F8FEE8073C9435B3ECC9C.d.9DB922B95ADFB37745635E478C570535.e.5283/elements - {"using":"css selector","value":"td"}
RESULT: {"using":"css selector","value":"td"}
COMMAND: POST /session/08fad45ac65f529ba2de556ddf104458/element/f.9D9AE82FA30F8FEE8073C9435B3ECC9C.d.9DB922B95ADFB37745635E478C570535.e.5284/elements - {"using":"css selector","value":"td"}
RESULT: {"using":"css selector","value":"td"}
COMMAND: POST /session/08fad45ac65f529ba2de556ddf104458/element/f.9D9AE82FA30F8FEE8073C9435B3ECC9C.d.9DB922B95ADFB37745635E478C570535.e.5285/elements - {"using":"css selector","value":"td"}
RESULT: {"using":"css selector","value":"td"}
COMMAND: POST /session/08fad45ac65f529ba2de556ddf104458/element/f.9D9AE82FA30F8FEE8073C9435B3ECC9C.d.9DB922B95ADFB37745635E478C570535.e.5286/elements - {"using":"css selector","value":"td"}
RESULT: {"using":"css selector","value":"td"}
COMMAND: POST /session/08fad45ac65f529ba2de556ddf104458/element/f.9D9AE82FA30F8FEE8073C9435B3ECC9C.d.9DB922B95ADFB37745635E478C570535.e.5287/elements - {"using":"css selector","value":"td"}
RESULT: {"using":"css selector","value":"td"}
COMMAND: POST /session/08fad45ac65f529ba2de556ddf104458/element/f.9D9AE82FA30F8FEE8073C9435B3ECC9C.d.9DB922B95ADFB37745635E478C570535.e.5288/elements - {"using":"css selector","value":"td"}
RESULT: {"using":"css selector","value":"td"}
COMMAND: POST /session/08fad45ac65f529ba2de556ddf104458/element/f.9D9AE82FA30F8FEE8073C9435B3ECC9C.d.9DB922B95ADFB37745635E478C570535.e.5289/elements - {"using":"css selector","value":"td"}
RESULT: {"using":"css selector","value":"td"}
COMMAND: POST /session/08fad45ac65f529ba2de556ddf104458/element/f.9D9AE82FA30F8FEE8073C9435B3ECC9C.d.9DB922B95ADFB37745635E478C570535.e.5290/elements - {"using":"css selector","value":"td"}
RESULT: {"using":"css selector","value":"td"}
COMMAND: POST /session/08fad45ac65f529ba2de556ddf104458/element/f.9D9AE82FA30F8FEE8073C9435B3ECC9C.d.9DB922B95ADFB37745635E478C570535.e.5291/elements - {"using":"css selector","value":"td"}
RESULT: {"using":"css selector","value":"td"}
COMMAND: POST /session/08fad45ac65f529ba2de556ddf104458/element/f.9D9AE82FA30F8FEE8073C9435B3ECC9C.d.9DB922B95ADFB37745635E478C570535.e.5292/elements - {"using":"css selector","value":"td"}
RESULT: {"using":"css selector","value":"td"}
COMMAND: POST /session/08fad45ac65f529ba2de556ddf104458/element/f.9D9AE82FA30F8FEE8073C9435B3ECC9C.d.9DB922B95ADFB37745635E478C570535.e.5293/elements - {"using":"css selector","value":"td"}
RESULT: {"using":"css selector","value":"td"}
COMMAND: POST /session/08fad45ac65f529ba2de556ddf104458/element/f.9D9AE82FA30F8FEE8073C9435B3ECC9C.d.9DB922B95ADFB37745635E478C570535.e.5294/elements - {"using":"css selector","value":"td"}
RESULT: {"using":"css selector","value":"td"}
COMMAND: POST /session/08fad45ac65f529ba2de556ddf104458/element/f.9D9AE82FA30F8FEE8073C9435B3ECC9C.d.9DB922B95ADFB37745635E478C570535.e.6201/elements - {"using":"css selector","value":"td"}
RESULT: {"using":"css selector","value":"td"}
COMMAND: POST /session/08fad45ac65f529ba2de556ddf104458/element - {"using":"css selector","value":"#j_username"}
COMMAND: POST /session/08fad45ac65f529ba2de556ddf104458/url - {"url":"https://qa-testing-00-live-etm-ui.cfapps.eu10-004.hana.ondemand.com/"}
RESULT: {"url":"https://qa-testing-00-live-etm-ui.cfapps.eu10-004.hana.ondemand.com/"}
RESULT: undefined
COMMAND: GET /session/08fad45ac65f529ba2de556ddf104458/screenshot - {}
RESULT: {"using":"css selector","value":"#j_username"}
COMMAND: POST /session/08fad45ac65f529ba2de556ddf104458/element - {"using":"css selector","value":"#j_username"}
RESULT: {}
RESULT: {"using":"css selector","value":"#j_username"}
COMMAND: POST /session/08fad45ac65f529ba2de556ddf104458/element - {"using":"css selector","value":"#shell-header-logo"}
RESULT: {"using":"css selector","value":"#shell-header-logo"}
COMMAND: POST /session/08fad45ac65f529ba2de556ddf104458/execute/sync - {"script":"<script> [8489 bytes]","args":[{"element-6066-11e4-a52e-4f735466cecf":"f.9D9AE82FA30F8FEE8073C9435B3ECC9C.d.C494D0F19383C28B71CC5E60C786F072.e.6213","ELEMENT":"f.9D9AE82FA30F8FEE8073C9435B3ECC9C.d.C494D0F19383C28B71CC5E60C786F072.e.6213"}]}
RESULT: {"script":"<script> [8489 bytes]","args":[{"element-6066-11e4-a52e-4f735466cecf":"f.9D9AE82FA30F8FEE8073C9435B3ECC9C.d.C494D0F19383C28B71CC5E60C786F072.e.6213","ELEMENT":"f.9D9AE82FA30F8FEE8073C9435B3ECC9C.d.C494D0F19383C28B71CC5E60C786F072.e.6213"}]}
COMMAND: POST /session/08fad45ac65f529ba2de556ddf104458/element - {"using":"css selector","value":"#shell-header-logo"}
COMMAND: GET /session/08fad45ac65f529ba2de556ddf104458/screenshot - {}
RESULT: {"using":"css selector","value":"#shell-header-logo"}
COMMAND: POST /session/08fad45ac65f529ba2de556ddf104458/execute/sync - {"script":"<script> [8489 bytes]","args":[{"element-6066-11e4-a52e-4f735466cecf":"f.9D9AE82FA30F8FEE8073C9435B3ECC9C.d.C494D0F19383C28B71CC5E60C786F072.e.6213","ELEMENT":"f.9D9AE82FA30F8FEE8073C9435B3ECC9C.d.C494D0F19383C28B71CC5E60C786F072.e.6213"}]}
RESULT: {}
RESULT: {"script":"<script> [8489 bytes]","args":[{"element-6066-11e4-a52e-4f735466cecf":"f.9D9AE82FA30F8FEE8073C9435B3ECC9C.d.C494D0F19383C28B71CC5E60C786F072.e.6213","ELEMENT":"f.9D9AE82FA30F8FEE8073C9435B3ECC9C.d.C494D0F19383C28B71CC5E60C786F072.e.6213"}]}
COMMAND: POST /session/08fad45ac65f529ba2de556ddf104458/execute/sync - {"script":"<script> [5351 bytes]","args":[{"element-6066-11e4-a52e-4f735466cecf":"f.9D9AE82FA30F8FEE8073C9435B3ECC9C.d.C494D0F19383C28B71CC5E60C786F072.e.6213","ELEMENT":"f.9D9AE82FA30F8FEE8073C9435B3ECC9C.d.C494D0F19383C28B71CC5E60C786F072.e.6213"}]}
COMMAND: GET /session/08fad45ac65f529ba2de556ddf104458/screenshot - {}
RESULT: {"script":"<script> [5351 bytes]","args":[{"element-6066-11e4-a52e-4f735466cecf":"f.9D9AE82FA30F8FEE8073C9435B3ECC9C.d.C494D0F19383C28B71CC5E60C786F072.e.6213","ELEMENT":"f.9D9AE82FA30F8FEE8073C9435B3ECC9C.d.C494D0F19383C28B71CC5E60C786F072.e.6213"}]}
COMMAND: POST /session/08fad45ac65f529ba2de556ddf104458/element - {"using":"css selector","value":"#shell-header-logo"}
COMMAND: GET /session/08fad45ac65f529ba2de556ddf104458/screenshot - {}
RESULT: {}
RESULT: {"using":"css selector","value":"#shell-header-logo"}
COMMAND: POST /session/08fad45ac65f529ba2de556ddf104458/element/f.9D9AE82FA30F8FEE8073C9435B3ECC9C.d.C494D0F19383C28B71CC5E60C786F072.e.6213/click - {}
RESULT: {}
RESULT: {}
COMMAND: GET /session/08fad45ac65f529ba2de556ddf104458/screenshot - {}
RESULT: {}
COMMAND: POST /session/08fad45ac65f529ba2de556ddf104458/execute/async - {"script":"<script> [189 bytes]","args":[]}
RESULT: {"script":"<script> [189 bytes]","args":[]}
COMMAND: POST /session/08fad45ac65f529ba2de556ddf104458/execute/async - {"script":"<script> [123 bytes]","args":[]}
RESULT: {"script":"<script> [123 bytes]","args":[]}
COMMAND: POST /session/08fad45ac65f529ba2de556ddf104458/timeouts - {"script":"<number>"}
RESULT: {"script":"<number>"}
COMMAND: GET /session/08fad45ac65f529ba2de556ddf104458/timeouts - {}
RESULT: {}
RESULT: undefined
COMMAND: POST /session/08fad45ac65f529ba2de556ddf104458/execute/async - {"script":"<script> [2676 bytes]","args":[]}
RESULT: {"script":"<script> [2676 bytes]","args":[]}
COMMAND: POST /session/08fad45ac65f529ba2de556ddf104458/execute/async - {"script":"<script> [2342 bytes]","args":[{"protocol":"http","hostname":"0.0.0.0","path":"/","capabilities":{"browserName":"chrome","goog:chromeOptions":{"binary":"C:\\Program Files\\Google\\Chrome\\Application\\chrome.exe","args":["--start-maximized"]}},"logLevel":"warn","connectionRetryTimeout":120000,"connectionRetryCount":3,"logLevels":{},"enableDirectConnect":true,"strictSSL":true,"_":"65 more keys: [\"cacheDir\",\"port\",\"requestedCapabilities\",\"automationProtocol\",\"baseUrl\",\"waitforInterval\",\"waitforTimeout\",\"onReload\",\"beforeCommand\",\"afterCommand\",\"rootDir\",\"specs\",\"suites\",\"exclude\",\"groupLogsByTestSpec\",\"excludeDriverLogs\",\"bail\",\"framework\",\"reporters\",\"services\",\"maxInstances\",\"maxInstancesPerCapability\",\"injectGlobals\",\"filesToWatch\",\"execArgv\",\"runnerEnv\",\"runner\",\"shard\",\"specFileRetries\",\"specFileRetriesDelay\",\"specFileRetriesDeferred\",\"reporterSyncInterval\",\"reporterSyncTimeout\",\"cucumberFeaturesWithLineNumbers\",\"autoCompileOpts\",\"mochaOpts\",\"jasmineOpts\",\"cucumberOpts\",\"onPrepare\",\"onWorkerStart\",\"onWorkerEnd\",\"before\",\"beforeSession\",\"beforeSuite\",\"beforeHook\",\"beforeTest\",\"afterTest\",\"afterHook\",\"afterSuite\",\"afterSession\",\"after\",\"onComplete\",\"beforeAssertion\",\"afterAssertion\",\"beforeFeature\",\"beforeScenario\",\"beforeStep\",\"afterStep\",\"afterScenario\",\"afterFeature\",\"_\",\"suite\",\"$0\",\"ignoredWorkerServices\",\"wdi5\"]"}]}
RESULT: {"script":"<script> [2342 bytes]","args":[{"protocol":"http","hostname":"0.0.0.0","path":"/","capabilities":{"browserName":"chrome","goog:chromeOptions":{"binary":"C:\\Program Files\\Google\\Chrome\\Application\\chrome.exe","args":["--start-maximized"]}},"logLevel":"warn","connectionRetryTimeout":120000,"connectionRetryCount":3,"logLevels":{},"enableDirectConnect":true,"strictSSL":true,"_":"65 more keys: [\"cacheDir\",\"port\",\"requestedCapabilities\",\"automationProtocol\",\"baseUrl\",\"waitforInterval\",\"waitforTimeout\",\"onReload\",\"beforeCommand\",\"afterCommand\",\"rootDir\",\"specs\",\"suites\",\"exclude\",\"groupLogsByTestSpec\",\"excludeDriverLogs\",\"bail\",\"framework\",\"reporters\",\"services\",\"maxInstances\",\"maxInstancesPerCapability\",\"injectGlobals\",\"filesToWatch\",\"execArgv\",\"runnerEnv\",\"runner\",\"shard\",\"specFileRetries\",\"specFileRetriesDelay\",\"specFileRetriesDeferred\",\"reporterSyncInterval\",\"reporterSyncTimeout\",\"cucumberFeaturesWithLineNumbers\",\"autoCompileOpts\",\"mochaOpts\",\"jasmineOpts\",\"cucumberOpts\",\"onPrepare\",\"onWorkerStart\",\"onWorkerEnd\",\"before\",\"beforeSession\",\"beforeSuite\",\"beforeHook\",\"beforeTest\",\"afterTest\",\"afterHook\",\"afterSuite\",\"afterSession\",\"after\",\"onComplete\",\"beforeAssertion\",\"afterAssertion\",\"beforeFeature\",\"beforeScenario\",\"beforeStep\",\"afterStep\",\"afterScenario\",\"afterFeature\",\"_\",\"suite\",\"$0\",\"ignoredWorkerServices\",\"wdi5\"]"}]}
COMMAND: POST /session/08fad45ac65f529ba2de556ddf104458/execute/async - {"script":"<script> [21126 bytes]","args":[35000]}
RESULT: {"script":"<script> [21126 bytes]","args":[35000]}
COMMAND: POST /session/08fad45ac65f529ba2de556ddf104458/window/maximize - {}
RESULT: {}
COMMAND: POST /session/08fad45ac65f529ba2de556ddf104458/execute/async - {"script":"<script> [1562 bytes]","args":[{"selector":{"id":"shell-header","interaction":{"idSuffix":"icon"}},"wdio_ui5_key":"shellheader"}]}
COMMAND: GET /session/08fad45ac65f529ba2de556ddf104458/screenshot - {}
RESULT: {"script":"<script> [1562 bytes]","args":[{"selector":{"id":"shell-header","interaction":{"idSuffix":"icon"}},"wdio_ui5_key":"shellheader"}]}
RESULT: undefined
COMMAND: POST /session/08fad45ac65f529ba2de556ddf104458/refresh - {}
RESULT: {}
RESULT: {}
COMMAND: GET /session/08fad45ac65f529ba2de556ddf104458/screenshot - {}
RESULT: {}
COMMAND: POST /session/08fad45ac65f529ba2de556ddf104458/refresh - {}
RESULT: {}
COMMAND: GET /session/08fad45ac65f529ba2de556ddf104458/screenshot - {}
RESULT: {}
COMMAND: POST /session/08fad45ac65f529ba2de556ddf104458/window/fullscreen - {}
RESULT: {}
COMMAND: POST /session/08fad45ac65f529ba2de556ddf104458/execute/async - {"script":"<script> [189 bytes]","args":[]}
RESULT: {"script":"<script> [189 bytes]","args":[]}
COMMAND: POST /session/08fad45ac65f529ba2de556ddf104458/execute/async - {"script":"<script> [123 bytes]","args":[]}
RESULT: {"script":"<script> [123 bytes]","args":[]}
COMMAND: POST /session/08fad45ac65f529ba2de556ddf104458/timeouts - {"script":"<number>"}
RESULT: {"script":"<number>"}
COMMAND: GET /session/08fad45ac65f529ba2de556ddf104458/timeouts - {}
RESULT: {}
RESULT: undefined
COMMAND: POST /session/08fad45ac65f529ba2de556ddf104458/execute/async - {"script":"<script> [2676 bytes]","args":[]}
RESULT: {"script":"<script> [2676 bytes]","args":[]}
COMMAND: POST /session/08fad45ac65f529ba2de556ddf104458/execute/async - {"script":"<script> [2342 bytes]","args":[{"protocol":"http","hostname":"0.0.0.0","path":"/","capabilities":{"browserName":"chrome","goog:chromeOptions":{"binary":"C:\\Program Files\\Google\\Chrome\\Application\\chrome.exe","args":["--start-maximized"]}},"logLevel":"warn","connectionRetryTimeout":120000,"connectionRetryCount":3,"logLevels":{},"enableDirectConnect":true,"strictSSL":true,"_":"65 more keys: [\"cacheDir\",\"port\",\"requestedCapabilities\",\"automationProtocol\",\"baseUrl\",\"waitforInterval\",\"waitforTimeout\",\"onReload\",\"beforeCommand\",\"afterCommand\",\"rootDir\",\"specs\",\"suites\",\"exclude\",\"groupLogsByTestSpec\",\"excludeDriverLogs\",\"bail\",\"framework\",\"reporters\",\"services\",\"maxInstances\",\"maxInstancesPerCapability\",\"injectGlobals\",\"filesToWatch\",\"execArgv\",\"runnerEnv\",\"runner\",\"shard\",\"specFileRetries\",\"specFileRetriesDelay\",\"specFileRetriesDeferred\",\"reporterSyncInterval\",\"reporterSyncTimeout\",\"cucumberFeaturesWithLineNumbers\",\"autoCompileOpts\",\"mochaOpts\",\"jasmineOpts\",\"cucumberOpts\",\"onPrepare\",\"onWorkerStart\",\"onWorkerEnd\",\"before\",\"beforeSession\",\"beforeSuite\",\"beforeHook\",\"beforeTest\",\"afterTest\",\"afterHook\",\"afterSuite\",\"afterSession\",\"after\",\"onComplete\",\"beforeAssertion\",\"afterAssertion\",\"beforeFeature\",\"beforeScenario\",\"beforeStep\",\"afterStep\",\"afterScenario\",\"afterFeature\",\"_\",\"suite\",\"$0\",\"ignoredWorkerServices\",\"wdi5\"]"}]}
RESULT: {"script":"<script> [2342 bytes]","args":[{"protocol":"http","hostname":"0.0.0.0","path":"/","capabilities":{"browserName":"chrome","goog:chromeOptions":{"binary":"C:\\Program Files\\Google\\Chrome\\Application\\chrome.exe","args":["--start-maximized"]}},"logLevel":"warn","connectionRetryTimeout":120000,"connectionRetryCount":3,"logLevels":{},"enableDirectConnect":true,"strictSSL":true,"_":"65 more keys: [\"cacheDir\",\"port\",\"requestedCapabilities\",\"automationProtocol\",\"baseUrl\",\"waitforInterval\",\"waitforTimeout\",\"onReload\",\"beforeCommand\",\"afterCommand\",\"rootDir\",\"specs\",\"suites\",\"exclude\",\"groupLogsByTestSpec\",\"excludeDriverLogs\",\"bail\",\"framework\",\"reporters\",\"services\",\"maxInstances\",\"maxInstancesPerCapability\",\"injectGlobals\",\"filesToWatch\",\"execArgv\",\"runnerEnv\",\"runner\",\"shard\",\"specFileRetries\",\"specFileRetriesDelay\",\"specFileRetriesDeferred\",\"reporterSyncInterval\",\"reporterSyncTimeout\",\"cucumberFeaturesWithLineNumbers\",\"autoCompileOpts\",\"mochaOpts\",\"jasmineOpts\",\"cucumberOpts\",\"onPrepare\",\"onWorkerStart\",\"onWorkerEnd\",\"before\",\"beforeSession\",\"beforeSuite\",\"beforeHook\",\"beforeTest\",\"afterTest\",\"afterHook\",\"afterSuite\",\"afterSession\",\"after\",\"onComplete\",\"beforeAssertion\",\"afterAssertion\",\"beforeFeature\",\"beforeScenario\",\"beforeStep\",\"afterStep\",\"afterScenario\",\"afterFeature\",\"_\",\"suite\",\"$0\",\"ignoredWorkerServices\",\"wdi5\"]"}]}
COMMAND: POST /session/08fad45ac65f529ba2de556ddf104458/execute/async - {"script":"<script> [21126 bytes]","args":[35000]}
RESULT: {"script":"<script> [21126 bytes]","args":[35000]}
]]></system-out>
    </testcase>
  </testsuite>
  <testsuite timestamp="2025-05-20T17:14:36" time="414.011" tests="9" failures="0" errors="0" skipped="0">
    <properties>
      <property name="specId" value="0" />
      <property name="suiteName" value="US134625 Set up price condition - one time" />
      <property name="capabilities" value="chrome.136_0_7103_93.windows" />
      <property name="file" value="file:///D:/a/1/s/test/specs/BTS/set-up-price-condition-one-time.spec.js" />
    </properties>
    <testcase classname="chrome.136_0_7103_93.windows.US134625_Set_up_price_condition_-_one_time" name="Should create a new yard used for all following tests" time="0.014">
      <system-out><![CDATA[
COMMAND: POST /session/08fad45ac65f529ba2de556ddf104458/window/fullscreen - {}
RESULT: {}
]]></system-out>
    </testcase>
    <testcase classname="chrome.136_0_7103_93.windows.US134625_Set_up_price_condition_-_one_time" name="Should create a new partner" time="0.003" />
    <testcase classname="chrome.136_0_7103_93.windows.US134625_Set_up_price_condition_-_one_time" name="Should create a new site used for following tests" time="0.003" />
    <testcase classname="chrome.136_0_7103_93.windows.US134625_Set_up_price_condition_-_one_time" name="Should create a new material for billing type one time" time="112.564">
      <system-out><![CDATA[
COMMAND: POST /session/08fad45ac65f529ba2de556ddf104458/execute/async - {"script":"<script> [1562 bytes]","args":[{"selector":{"controlType":"sap.m.GenericTile","properties":{"header":"Manage Resources"}},"wdio_ui5_key":"sapm.GenericTile{\"header\":\"Manage Resources\"}"}]}
RESULT: {"script":"<script> [1562 bytes]","args":[{"selector":{"controlType":"sap.m.GenericTile","properties":{"header":"Manage Resources"}},"wdio_ui5_key":"sapm.GenericTile{\"header\":\"Manage Resources\"}"}]}
RESULT: undefined
COMMAND: POST /session/08fad45ac65f529ba2de556ddf104458/element - {"using":"xpath","value":"//*[@id=\"__tile39\"]"}
RESULT: {"using":"xpath","value":"//*[@id=\"__tile39\"]"}
COMMAND: POST /session/08fad45ac65f529ba2de556ddf104458/element/f.9D9AE82FA30F8FEE8073C9435B3ECC9C.d.F63D863CC0F0000523D951E8FB5E8A85.e.6379/click - {}
RESULT: {}
COMMAND: GET /session/08fad45ac65f529ba2de556ddf104458/screenshot - {}
RESULT: {}
COMMAND: POST /session/08fad45ac65f529ba2de556ddf104458/elements - {"using":"xpath","value":"//span[text()='Error']"}
RESULT: {"using":"xpath","value":"//span[text()='Error']"}
COMMAND: POST /session/08fad45ac65f529ba2de556ddf104458/element - {"using":"xpath","value":"//button[@data-kt=\"addNewRUOverflowToolbarButton\"]"}
RESULT: {"using":"xpath","value":"//button[@data-kt=\"addNewRUOverflowToolbarButton\"]"}
COMMAND: POST /session/08fad45ac65f529ba2de556ddf104458/elements - {"using":"xpath","value":"//button[@data-kt=\"addNewRUOverflowToolbarButton\"]"}
RESULT: {"using":"xpath","value":"//button[@data-kt=\"addNewRUOverflowToolbarButton\"]"}
COMMAND: POST /session/08fad45ac65f529ba2de556ddf104458/execute/sync - {"script":"<script> [8489 bytes]","args":[{"element-6066-11e4-a52e-4f735466cecf":"f.9D9AE82FA30F8FEE8073C9435B3ECC9C.d.F63D863CC0F0000523D951E8FB5E8A85.e.6521","ELEMENT":"f.9D9AE82FA30F8FEE8073C9435B3ECC9C.d.F63D863CC0F0000523D951E8FB5E8A85.e.6521"}]}
RESULT: {"script":"<script> [8489 bytes]","args":[{"element-6066-11e4-a52e-4f735466cecf":"f.9D9AE82FA30F8FEE8073C9435B3ECC9C.d.F63D863CC0F0000523D951E8FB5E8A85.e.6521","ELEMENT":"f.9D9AE82FA30F8FEE8073C9435B3ECC9C.d.F63D863CC0F0000523D951E8FB5E8A85.e.6521"}]}
COMMAND: GET /session/08fad45ac65f529ba2de556ddf104458/element/f.9D9AE82FA30F8FEE8073C9435B3ECC9C.d.F63D863CC0F0000523D951E8FB5E8A85.e.6521/enabled - {}
COMMAND: GET /session/08fad45ac65f529ba2de556ddf104458/screenshot - {}
RESULT: {}
COMMAND: POST /session/08fad45ac65f529ba2de556ddf104458/execute/sync - {"script":"<script> [8489 bytes]","args":[{"element-6066-11e4-a52e-4f735466cecf":"f.9D9AE82FA30F8FEE8073C9435B3ECC9C.d.F63D863CC0F0000523D951E8FB5E8A85.e.6521","ELEMENT":"f.9D9AE82FA30F8FEE8073C9435B3ECC9C.d.F63D863CC0F0000523D951E8FB5E8A85.e.6521"}]}
COMMAND: GET /session/08fad45ac65f529ba2de556ddf104458/screenshot - {}
RESULT: {}
RESULT: {"script":"<script> [8489 bytes]","args":[{"element-6066-11e4-a52e-4f735466cecf":"f.9D9AE82FA30F8FEE8073C9435B3ECC9C.d.F63D863CC0F0000523D951E8FB5E8A85.e.6521","ELEMENT":"f.9D9AE82FA30F8FEE8073C9435B3ECC9C.d.F63D863CC0F0000523D951E8FB5E8A85.e.6521"}]}
COMMAND: POST /session/08fad45ac65f529ba2de556ddf104458/execute/sync - {"script":"<script> [5351 bytes]","args":[{"element-6066-11e4-a52e-4f735466cecf":"f.9D9AE82FA30F8FEE8073C9435B3ECC9C.d.F63D863CC0F0000523D951E8FB5E8A85.e.6521","ELEMENT":"f.9D9AE82FA30F8FEE8073C9435B3ECC9C.d.F63D863CC0F0000523D951E8FB5E8A85.e.6521"}]}
COMMAND: GET /session/08fad45ac65f529ba2de556ddf104458/screenshot - {}
RESULT: {}
RESULT: {"script":"<script> [5351 bytes]","args":[{"element-6066-11e4-a52e-4f735466cecf":"f.9D9AE82FA30F8FEE8073C9435B3ECC9C.d.F63D863CC0F0000523D951E8FB5E8A85.e.6521","ELEMENT":"f.9D9AE82FA30F8FEE8073C9435B3ECC9C.d.F63D863CC0F0000523D951E8FB5E8A85.e.6521"}]}
COMMAND: POST /session/08fad45ac65f529ba2de556ddf104458/element/f.9D9AE82FA30F8FEE8073C9435B3ECC9C.d.F63D863CC0F0000523D951E8FB5E8A85.e.6521/click - {}
COMMAND: GET /session/08fad45ac65f529ba2de556ddf104458/screenshot - {}
RESULT: {}
RESULT: {}
COMMAND: GET /session/08fad45ac65f529ba2de556ddf104458/screenshot - {}
RESULT: {}
COMMAND: POST /session/08fad45ac65f529ba2de556ddf104458/execute/async - {"script":"<script> [1562 bytes]","args":[{"selector":{"id":"application-manageresources-display-component---newResourceUnit--TYPE-arrow"},"wdio_ui5_key":"applicationmanageresources-display-component---newResourceUnit--TYPE-arrow"}]}
RESULT: {}
RESULT: {"script":"<script> [1562 bytes]","args":[{"selector":{"id":"application-manageresources-display-component---newResourceUnit--TYPE-arrow"},"wdio_ui5_key":"applicationmanageresources-display-component---newResourceUnit--TYPE-arrow"}]}
RESULT: undefined
COMMAND: POST /session/08fad45ac65f529ba2de556ddf104458/element - {"using":"xpath","value":"//*[@id=\"application-manageresources-display-component---newResourceUnit--TYPE-arrow\"]"}
RESULT: {"using":"xpath","value":"//*[@id=\"application-manageresources-display-component---newResourceUnit--TYPE-arrow\"]"}
COMMAND: POST /session/08fad45ac65f529ba2de556ddf104458/element/f.9D9AE82FA30F8FEE8073C9435B3ECC9C.d.F63D863CC0F0000523D951E8FB5E8A85.e.6871/click - {}
RESULT: {}
COMMAND: POST /session/08fad45ac65f529ba2de556ddf104458/element - {"using":"xpath","value":"//input[@id=\"application-manageresources-display-component---newResourceUnit--TYPE-inner\"]"}
COMMAND: GET /session/08fad45ac65f529ba2de556ddf104458/screenshot - {}
RESULT: {"using":"xpath","value":"//input[@id=\"application-manageresources-display-component---newResourceUnit--TYPE-inner\"]"}
COMMAND: POST /session/08fad45ac65f529ba2de556ddf104458/element/f.9D9AE82FA30F8FEE8073C9435B3ECC9C.d.F63D863CC0F0000523D951E8FB5E8A85.e.6861/clear - {}
RESULT: {}
RESULT: {}
COMMAND: POST /session/08fad45ac65f529ba2de556ddf104458/element/f.9D9AE82FA30F8FEE8073C9435B3ECC9C.d.F63D863CC0F0000523D951E8FB5E8A85.e.6861/value - {"text":"Material"}
COMMAND: GET /session/08fad45ac65f529ba2de556ddf104458/screenshot - {}
RESULT: {"text":"Material"}
COMMAND: GET /session/08fad45ac65f529ba2de556ddf104458/screenshot - {}
RESULT: {}
RESULT: {}
COMMAND: POST /session/08fad45ac65f529ba2de556ddf104458/actions - {"actions":[{"id":"action19","type":"key","parameters":{},"actions":[{"type":"keyDown","value":"î€‡"},{"type":"pause","duration":10},{"type":"keyUp","value":"î€‡"}]}]}
RESULT: {"actions":[{"id":"action19","type":"key","parameters":{},"actions":[{"type":"keyDown","value":"î€‡"},{"type":"pause","duration":10},{"type":"keyUp","value":"î€‡"}]}]}
COMMAND: POST /session/08fad45ac65f529ba2de556ddf104458/execute/async - {"script":"<script> [1562 bytes]","args":[{"selector":{"id":"application-manageresources-display-component---newResourceUnit--SHORT_TEXT","interaction":{"idSuffix":"inner"}},"wdio_ui5_key":"applicationmanageresources-display-component---newResourceUnit--SHORT_TEXT"}]}
COMMAND: GET /session/08fad45ac65f529ba2de556ddf104458/screenshot - {}
RESULT: {"script":"<script> [1562 bytes]","args":[{"selector":{"id":"application-manageresources-display-component---newResourceUnit--SHORT_TEXT","interaction":{"idSuffix":"inner"}},"wdio_ui5_key":"applicationmanageresources-display-component---newResourceUnit--SHORT_TEXT"}]}
RESULT: undefined
COMMAND: POST /session/08fad45ac65f529ba2de556ddf104458/execute/async - {"script":"<script> [776 bytes]","args":[{"enterText":"Cement WDIO","selector":{"id":"application-manageresources-display-component---newResourceUnit--SHORT_TEXT","interaction":{"idSuffix":"inner"}},"clearTextFirst":true,"interactionType":"ENTER_TEXT"}]}
RESULT: {}
RESULT: {"script":"<script> [776 bytes]","args":[{"enterText":"Cement WDIO","selector":{"id":"application-manageresources-display-component---newResourceUnit--SHORT_TEXT","interaction":{"idSuffix":"inner"}},"clearTextFirst":true,"interactionType":"ENTER_TEXT"}]}
COMMAND: POST /session/08fad45ac65f529ba2de556ddf104458/execute/async - {"script":"<script> [1562 bytes]","args":[{"selector":{"id":"application-manageresources-display-component---newResourceUnit--BASE_UNIT_OF_MEASURE","interaction":{"idSuffix":"inner"}},"wdio_ui5_key":"applicationmanageresources-display-component---newResourceUnit--BASE_UNIT_OF_MEASURE"}]}
RESULT: {"script":"<script> [1562 bytes]","args":[{"selector":{"id":"application-manageresources-display-component---newResourceUnit--BASE_UNIT_OF_MEASURE","interaction":{"idSuffix":"inner"}},"wdio_ui5_key":"applicationmanageresources-display-component---newResourceUnit--BASE_UNIT_OF_MEASURE"}]}
RESULT: undefined
COMMAND: POST /session/08fad45ac65f529ba2de556ddf104458/execute/async - {"script":"<script> [776 bytes]","args":[{"enterText":"Piece","selector":{"id":"application-manageresources-display-component---newResourceUnit--BASE_UNIT_OF_MEASURE","interaction":{"idSuffix":"inner"}},"clearTextFirst":true,"interactionType":"ENTER_TEXT"}]}
RESULT: {"script":"<script> [776 bytes]","args":[{"enterText":"Piece","selector":{"id":"application-manageresources-display-component---newResourceUnit--BASE_UNIT_OF_MEASURE","interaction":{"idSuffix":"inner"}},"clearTextFirst":true,"interactionType":"ENTER_TEXT"}]}
COMMAND: POST /session/08fad45ac65f529ba2de556ddf104458/execute/async - {"script":"<script> [1562 bytes]","args":[{"selector":{"id":"application-manageresources-display-component---newResourceUnit--WEIGHT_UNIT","interaction":{"idSuffix":"inner"}},"wdio_ui5_key":"applicationmanageresources-display-component---newResourceUnit--WEIGHT_UNIT"}]}
RESULT: {"script":"<script> [1562 bytes]","args":[{"selector":{"id":"application-manageresources-display-component---newResourceUnit--WEIGHT_UNIT","interaction":{"idSuffix":"inner"}},"wdio_ui5_key":"applicationmanageresources-display-component---newResourceUnit--WEIGHT_UNIT"}]}
RESULT: undefined
COMMAND: POST /session/08fad45ac65f529ba2de556ddf104458/execute/async - {"script":"<script> [776 bytes]","args":[{"enterText":"Gram","selector":{"id":"application-manageresources-display-component---newResourceUnit--WEIGHT_UNIT","interaction":{"idSuffix":"inner"}},"clearTextFirst":true,"interactionType":"ENTER_TEXT"}]}
RESULT: {"script":"<script> [776 bytes]","args":[{"enterText":"Gram","selector":{"id":"application-manageresources-display-component---newResourceUnit--WEIGHT_UNIT","interaction":{"idSuffix":"inner"}},"clearTextFirst":true,"interactionType":"ENTER_TEXT"}]}
COMMAND: POST /session/08fad45ac65f529ba2de556ddf104458/execute/async - {"script":"<script> [1562 bytes]","args":[{"selector":{"id":"application-manageresources-display-component---newResourceUnit--DIMENSION_UNIT","interaction":{"idSuffix":"inner"}},"wdio_ui5_key":"applicationmanageresources-display-component---newResourceUnit--DIMENSION_UNIT"}]}
RESULT: {"script":"<script> [1562 bytes]","args":[{"selector":{"id":"application-manageresources-display-component---newResourceUnit--DIMENSION_UNIT","interaction":{"idSuffix":"inner"}},"wdio_ui5_key":"applicationmanageresources-display-component---newResourceUnit--DIMENSION_UNIT"}]}
RESULT: undefined
COMMAND: POST /session/08fad45ac65f529ba2de556ddf104458/execute/async - {"script":"<script> [776 bytes]","args":[{"enterText":"Meter","selector":{"id":"application-manageresources-display-component---newResourceUnit--DIMENSION_UNIT","interaction":{"idSuffix":"inner"}},"clearTextFirst":true,"interactionType":"ENTER_TEXT"}]}
RESULT: {"script":"<script> [776 bytes]","args":[{"enterText":"Meter","selector":{"id":"application-manageresources-display-component---newResourceUnit--DIMENSION_UNIT","interaction":{"idSuffix":"inner"}},"clearTextFirst":true,"interactionType":"ENTER_TEXT"}]}
COMMAND: POST /session/08fad45ac65f529ba2de556ddf104458/execute/async - {"script":"<script> [1562 bytes]","args":[{"selector":{"id":"application-manageresources-display-component---newResourceUnit--newRRUPage-anchBar-application-manageresources-display-component---newResourceUnit--control-anchor","interaction":{"idSuffix":"BDI-content"}},"wdio_ui5_key":"applicationmanageresources-display-component---newResourceUnit--newRRUPage-anchBar-application-manageresources-display-component---newResourceUnit--control-anchor"}]}
RESULT: {"script":"<script> [1562 bytes]","args":[{"selector":{"id":"application-manageresources-display-component---newResourceUnit--newRRUPage-anchBar-application-manageresources-display-component---newResourceUnit--control-anchor","interaction":{"idSuffix":"BDI-content"}},"wdio_ui5_key":"applicationmanageresources-display-component---newResourceUnit--newRRUPage-anchBar-application-manageresources-display-component---newResourceUnit--control-anchor"}]}
RESULT: undefined
COMMAND: POST /session/08fad45ac65f529ba2de556ddf104458/element - {"using":"xpath","value":"//*[@id=\"application-manageresources-display-component---newResourceUnit--newRRUPage-anchBar-application-manageresources-display-component---newResourceUnit--control-anchor\"]"}
RESULT: {"using":"xpath","value":"//*[@id=\"application-manageresources-display-component---newResourceUnit--newRRUPage-anchBar-application-manageresources-display-component---newResourceUnit--control-anchor\"]"}
COMMAND: POST /session/08fad45ac65f529ba2de556ddf104458/element/f.9D9AE82FA30F8FEE8073C9435B3ECC9C.d.F63D863CC0F0000523D951E8FB5E8A85.e.6938/click - {}
RESULT: {}
COMMAND: POST /session/08fad45ac65f529ba2de556ddf104458/execute/async - {"script":"<script> [1562 bytes]","args":[{"selector":{"id":"application-manageresources-display-component---newResourceUnit--PLANNING_GROUP","interaction":{"idSuffix":"inner"}},"wdio_ui5_key":"applicationmanageresources-display-component---newResourceUnit--PLANNING_GROUP"}]}
COMMAND: GET /session/08fad45ac65f529ba2de556ddf104458/screenshot - {}
RESULT: {"script":"<script> [1562 bytes]","args":[{"selector":{"id":"application-manageresources-display-component---newResourceUnit--PLANNING_GROUP","interaction":{"idSuffix":"inner"}},"wdio_ui5_key":"applicationmanageresources-display-component---newResourceUnit--PLANNING_GROUP"}]}
RESULT: undefined
COMMAND: POST /session/08fad45ac65f529ba2de556ddf104458/execute/async - {"script":"<script> [776 bytes]","args":[{"enterText":"Material","selector":{"id":"application-manageresources-display-component---newResourceUnit--PLANNING_GROUP","interaction":{"idSuffix":"inner"}},"clearTextFirst":true,"interactionType":"ENTER_TEXT"}]}
RESULT: {}
RESULT: {"script":"<script> [776 bytes]","args":[{"enterText":"Material","selector":{"id":"application-manageresources-display-component---newResourceUnit--PLANNING_GROUP","interaction":{"idSuffix":"inner"}},"clearTextFirst":true,"interactionType":"ENTER_TEXT"}]}
COMMAND: POST /session/08fad45ac65f529ba2de556ddf104458/execute/async - {"script":"<script> [1562 bytes]","args":[{"selector":{"id":"application-manageresources-display-component---newResourceUnit--PLANNING_INDICATOR","interaction":{"idSuffix":"inner"}},"wdio_ui5_key":"applicationmanageresources-display-component---newResourceUnit--PLANNING_INDICATOR"}]}
RESULT: {"script":"<script> [1562 bytes]","args":[{"selector":{"id":"application-manageresources-display-component---newResourceUnit--PLANNING_INDICATOR","interaction":{"idSuffix":"inner"}},"wdio_ui5_key":"applicationmanageresources-display-component---newResourceUnit--PLANNING_INDICATOR"}]}
RESULT: undefined
COMMAND: POST /session/08fad45ac65f529ba2de556ddf104458/execute/async - {"script":"<script> [776 bytes]","args":[{"enterText":"10 - infinite","selector":{"id":"application-manageresources-display-component---newResourceUnit--PLANNING_INDICATOR","interaction":{"idSuffix":"inner"}},"clearTextFirst":true,"interactionType":"ENTER_TEXT"}]}
RESULT: {"script":"<script> [776 bytes]","args":[{"enterText":"10 - infinite","selector":{"id":"application-manageresources-display-component---newResourceUnit--PLANNING_INDICATOR","interaction":{"idSuffix":"inner"}},"clearTextFirst":true,"interactionType":"ENTER_TEXT"}]}
COMMAND: POST /session/08fad45ac65f529ba2de556ddf104458/element - {"using":"css selector","value":"#application-manageresources-display-component---newResourceUnit--btnAddTimeSegment"}
RESULT: {"using":"css selector","value":"#application-manageresources-display-component---newResourceUnit--btnAddTimeSegment"}
COMMAND: GET /session/08fad45ac65f529ba2de556ddf104458/element/f.9D9AE82FA30F8FEE8073C9435B3ECC9C.d.F63D863CC0F0000523D951E8FB5E8A85.e.6948/rect - {}
RESULT: {}
COMMAND: GET /session/08fad45ac65f529ba2de556ddf104458/window/rect - {}
RESULT: {}
COMMAND: POST /session/08fad45ac65f529ba2de556ddf104458/execute/sync - {"script":"<script> [92 bytes]","args":[]}
RESULT: {"script":"<script> [92 bytes]","args":[]}
COMMAND: POST /session/08fad45ac65f529ba2de556ddf104458/actions - {"actions":[{"id":"action20","type":"wheel","parameters":{},"actions":[{"type":"scroll","x":-1888,"y":-32,"deltaX":0,"deltaY":0,"duration":0,"origin":{"element-6066-11e4-a52e-4f735466cecf":"f.9D9AE82FA30F8FEE8073C9435B3ECC9C.d.F63D863CC0F0000523D951E8FB5E8A85.e.6948"}}]}]}
COMMAND: GET /session/08fad45ac65f529ba2de556ddf104458/screenshot - {}
RESULT: {}
COMMAND: POST /session/08fad45ac65f529ba2de556ddf104458/execute/sync - {"script":"<script> [79 bytes]","args":[{"element-6066-11e4-a52e-4f735466cecf":"f.9D9AE82FA30F8FEE8073C9435B3ECC9C.d.F63D863CC0F0000523D951E8FB5E8A85.e.6948","ELEMENT":"f.9D9AE82FA30F8FEE8073C9435B3ECC9C.d.F63D863CC0F0000523D951E8FB5E8A85.e.6948"},{"block":"start","inline":"nearest"}]}
RESULT: {"script":"<script> [79 bytes]","args":[{"element-6066-11e4-a52e-4f735466cecf":"f.9D9AE82FA30F8FEE8073C9435B3ECC9C.d.F63D863CC0F0000523D951E8FB5E8A85.e.6948","ELEMENT":"f.9D9AE82FA30F8FEE8073C9435B3ECC9C.d.F63D863CC0F0000523D951E8FB5E8A85.e.6948"},{"block":"start","inline":"nearest"}]}
COMMAND: POST /session/08fad45ac65f529ba2de556ddf104458/execute/async - {"script":"<script> [1562 bytes]","args":[{"selector":{"id":"application-manageresources-display-component---newResourceUnit--btnAddTimeSegment","interaction":{"idSuffix":"inner"}},"wdio_ui5_key":"applicationmanageresources-display-component---newResourceUnit--btnAddTimeSegment"}]}
COMMAND: GET /session/08fad45ac65f529ba2de556ddf104458/screenshot - {}
RESULT: {"script":"<script> [1562 bytes]","args":[{"selector":{"id":"application-manageresources-display-component---newResourceUnit--btnAddTimeSegment","interaction":{"idSuffix":"inner"}},"wdio_ui5_key":"applicationmanageresources-display-component---newResourceUnit--btnAddTimeSegment"}]}
RESULT: undefined
COMMAND: POST /session/08fad45ac65f529ba2de556ddf104458/element - {"using":"xpath","value":"//*[@id=\"application-manageresources-display-component---newResourceUnit--btnAddTimeSegment\"]"}
RESULT: {}
RESULT: {"using":"xpath","value":"//*[@id=\"application-manageresources-display-component---newResourceUnit--btnAddTimeSegment\"]"}
COMMAND: POST /session/08fad45ac65f529ba2de556ddf104458/element/f.9D9AE82FA30F8FEE8073C9435B3ECC9C.d.F63D863CC0F0000523D951E8FB5E8A85.e.6948/click - {}
RESULT: {}
COMMAND: GET /session/08fad45ac65f529ba2de556ddf104458/screenshot - {}
RESULT: {}
COMMAND: POST /session/08fad45ac65f529ba2de556ddf104458/element - {"using":"xpath","value":"//input[@id=\"application-manageresources-display-component---newResourceUnit--idRuTSAdmin-application-manageresources-display-component---newResourceUnit--RUTimeSegment-0-inner\"]"}
RESULT: {"using":"xpath","value":"//input[@id=\"application-manageresources-display-component---newResourceUnit--idRuTSAdmin-application-manageresources-display-component---newResourceUnit--RUTimeSegment-0-inner\"]"}
COMMAND: POST /session/08fad45ac65f529ba2de556ddf104458/element/f.9D9AE82FA30F8FEE8073C9435B3ECC9C.d.F63D863CC0F0000523D951E8FB5E8A85.e.6953/clear - {}
RESULT: {}
COMMAND: POST /session/08fad45ac65f529ba2de556ddf104458/element/f.9D9AE82FA30F8FEE8073C9435B3ECC9C.d.F63D863CC0F0000523D951E8FB5E8A85.e.6953/value - {"text":"597"}
COMMAND: GET /session/08fad45ac65f529ba2de556ddf104458/screenshot - {}
RESULT: {"text":"597"}
COMMAND: GET /session/08fad45ac65f529ba2de556ddf104458/screenshot - {}
RESULT: {}
RESULT: {}
COMMAND: POST /session/08fad45ac65f529ba2de556ddf104458/element - {"using":"xpath","value":"//li[.//span[text()='597']]"}
RESULT: {"using":"xpath","value":"//li[.//span[text()='597']]"}
COMMAND: POST /session/08fad45ac65f529ba2de556ddf104458/element/f.9D9AE82FA30F8FEE8073C9435B3ECC9C.d.F63D863CC0F0000523D951E8FB5E8A85.e.6963/click - {}
RESULT: {}
COMMAND: GET /session/08fad45ac65f529ba2de556ddf104458/screenshot - {}
RESULT: {}
COMMAND: POST /session/08fad45ac65f529ba2de556ddf104458/element - {"using":"xpath","value":"(//span[contains(@id, \"-application-manageresources-display-component---newResourceUnit--RUTimeSegment-0-arrow\")])[2]"}
RESULT: {"using":"xpath","value":"(//span[contains(@id, \"-application-manageresources-display-component---newResourceUnit--RUTimeSegment-0-arrow\")])[2]"}
COMMAND: POST /session/08fad45ac65f529ba2de556ddf104458/element/f.9D9AE82FA30F8FEE8073C9435B3ECC9C.d.F63D863CC0F0000523D951E8FB5E8A85.e.6964/click - {}
RESULT: {}
COMMAND: POST /session/08fad45ac65f529ba2de556ddf104458/element - {"using":"xpath","value":"//span[contains(text(), \"PM Order\")]"}
COMMAND: GET /session/08fad45ac65f529ba2de556ddf104458/screenshot - {}
RESULT: {"using":"xpath","value":"//span[contains(text(), \"PM Order\")]"}
COMMAND: POST /session/08fad45ac65f529ba2de556ddf104458/element/f.9D9AE82FA30F8FEE8073C9435B3ECC9C.d.F63D863CC0F0000523D951E8FB5E8A85.e.6965/click - {}
RESULT: {}
RESULT: {}
COMMAND: GET /session/08fad45ac65f529ba2de556ddf104458/screenshot - {}
RESULT: {}
COMMAND: POST /session/08fad45ac65f529ba2de556ddf104458/element - {"using":"xpath","value":"//td/div/div/div/span[contains(@id, \"newResourceUnit--RUTimeSegment-0-vhi\")][1]"}
RESULT: {"using":"xpath","value":"//td/div/div/div/span[contains(@id, \"newResourceUnit--RUTimeSegment-0-vhi\")][1]"}
COMMAND: GET /session/08fad45ac65f529ba2de556ddf104458/element/f.9D9AE82FA30F8FEE8073C9435B3ECC9C.d.F63D863CC0F0000523D951E8FB5E8A85.e.6969/rect - {}
RESULT: {}
COMMAND: GET /session/08fad45ac65f529ba2de556ddf104458/window/rect - {}
RESULT: {}
COMMAND: POST /session/08fad45ac65f529ba2de556ddf104458/execute/sync - {"script":"<script> [92 bytes]","args":[]}
RESULT: {"script":"<script> [92 bytes]","args":[]}
COMMAND: POST /session/08fad45ac65f529ba2de556ddf104458/actions - {"actions":[{"id":"action21","type":"wheel","parameters":{},"actions":[{"type":"scroll","x":-1888,"y":-24,"deltaX":0,"deltaY":0,"duration":0,"origin":{"element-6066-11e4-a52e-4f735466cecf":"f.9D9AE82FA30F8FEE8073C9435B3ECC9C.d.F63D863CC0F0000523D951E8FB5E8A85.e.6969"}}]}]}
COMMAND: GET /session/08fad45ac65f529ba2de556ddf104458/screenshot - {}
RESULT: {}
COMMAND: POST /session/08fad45ac65f529ba2de556ddf104458/execute/sync - {"script":"<script> [79 bytes]","args":[{"element-6066-11e4-a52e-4f735466cecf":"f.9D9AE82FA30F8FEE8073C9435B3ECC9C.d.F63D863CC0F0000523D951E8FB5E8A85.e.6969","ELEMENT":"f.9D9AE82FA30F8FEE8073C9435B3ECC9C.d.F63D863CC0F0000523D951E8FB5E8A85.e.6969"},{"block":"start","inline":"nearest"}]}
RESULT: {"script":"<script> [79 bytes]","args":[{"element-6066-11e4-a52e-4f735466cecf":"f.9D9AE82FA30F8FEE8073C9435B3ECC9C.d.F63D863CC0F0000523D951E8FB5E8A85.e.6969","ELEMENT":"f.9D9AE82FA30F8FEE8073C9435B3ECC9C.d.F63D863CC0F0000523D951E8FB5E8A85.e.6969"},{"block":"start","inline":"nearest"}]}
COMMAND: GET /session/08fad45ac65f529ba2de556ddf104458/screenshot - {}
RESULT: {}
COMMAND: POST /session/08fad45ac65f529ba2de556ddf104458/element/f.9D9AE82FA30F8FEE8073C9435B3ECC9C.d.F63D863CC0F0000523D951E8FB5E8A85.e.6969/click - {}
RESULT: {}
COMMAND: GET /session/08fad45ac65f529ba2de556ddf104458/screenshot - {}
RESULT: {}
COMMAND: POST /session/08fad45ac65f529ba2de556ddf104458/execute/async - {"script":"<script> [1562 bytes]","args":[{"selector":{"controlType":"sap.m.SearchField","properties":{"placeholder":"Search"},"searchOpenDialogs":true,"interaction":{"idSuffix":"I"}},"wdio_ui5_key":"sapm.SearchField{\"placeholder\":\"Search\"}"}]}
RESULT: {"script":"<script> [1562 bytes]","args":[{"selector":{"controlType":"sap.m.SearchField","properties":{"placeholder":"Search"},"searchOpenDialogs":true,"interaction":{"idSuffix":"I"}},"wdio_ui5_key":"sapm.SearchField{\"placeholder\":\"Search\"}"}]}
RESULT: undefined
COMMAND: POST /session/08fad45ac65f529ba2de556ddf104458/execute/async - {"script":"<script> [776 bytes]","args":[{"enterText":"4000360","selector":{"controlType":"sap.m.SearchField","properties":{"placeholder":"Search"},"searchOpenDialogs":true,"interaction":{"idSuffix":"I"}},"clearTextFirst":true,"interactionType":"ENTER_TEXT"}]}
RESULT: {"script":"<script> [776 bytes]","args":[{"enterText":"4000360","selector":{"controlType":"sap.m.SearchField","properties":{"placeholder":"Search"},"searchOpenDialogs":true,"interaction":{"idSuffix":"I"}},"clearTextFirst":true,"interactionType":"ENTER_TEXT"}]}
COMMAND: POST /session/08fad45ac65f529ba2de556ddf104458/actions - {"actions":[{"id":"action22","type":"key","parameters":{},"actions":[{"type":"keyDown","value":"î€‡"},{"type":"pause","duration":10},{"type":"keyUp","value":"î€‡"}]}]}
RESULT: {"actions":[{"id":"action22","type":"key","parameters":{},"actions":[{"type":"keyDown","value":"î€‡"},{"type":"pause","duration":10},{"type":"keyUp","value":"î€‡"}]}]}
COMMAND: GET /session/08fad45ac65f529ba2de556ddf104458/screenshot - {}
RESULT: {}
COMMAND: POST /session/08fad45ac65f529ba2de556ddf104458/element - {"using":"xpath","value":"//td/div/span[contains(text(), \"BGL Vehicles\")]"}
RESULT: {"using":"xpath","value":"//td/div/span[contains(text(), \"BGL Vehicles\")]"}
COMMAND: POST /session/08fad45ac65f529ba2de556ddf104458/element/f.9D9AE82FA30F8FEE8073C9435B3ECC9C.d.F63D863CC0F0000523D951E8FB5E8A85.e.6990/click - {}
RESULT: {}
COMMAND: GET /session/08fad45ac65f529ba2de556ddf104458/screenshot - {}
RESULT: {}
COMMAND: POST /session/08fad45ac65f529ba2de556ddf104458/element - {"using":"xpath","value":"//bdi[contains(text(), \"OK\")]"}
RESULT: {"using":"xpath","value":"//bdi[contains(text(), \"OK\")]"}
COMMAND: POST /session/08fad45ac65f529ba2de556ddf104458/element/f.9D9AE82FA30F8FEE8073C9435B3ECC9C.d.F63D863CC0F0000523D951E8FB5E8A85.e.6991/click - {}
RESULT: {}
COMMAND: GET /session/08fad45ac65f529ba2de556ddf104458/screenshot - {}
RESULT: {}
COMMAND: POST /session/08fad45ac65f529ba2de556ddf104458/element - {"using":"xpath","value":"//label[contains(@class, 'sapMLabelRequired') and .//bdi[contains(text(), 'Planned Retirement')]]"}
RESULT: {"using":"xpath","value":"//label[contains(@class, 'sapMLabelRequired') and .//bdi[contains(text(), 'Planned Retirement')]]"}
COMMAND: POST /session/08fad45ac65f529ba2de556ddf104458/elements - {"using":"xpath","value":"//label[contains(@class, 'sapMLabelRequired') and .//bdi[contains(text(), 'Planned Retirement')]]"}
RESULT: {"using":"xpath","value":"//label[contains(@class, 'sapMLabelRequired') and .//bdi[contains(text(), 'Planned Retirement')]]"}
COMMAND: POST /session/08fad45ac65f529ba2de556ddf104458/element - {"using":"xpath","value":"//button[@data-kt=\"resourceUnitSaveButton\"]"}
RESULT: {"using":"xpath","value":"//button[@data-kt=\"resourceUnitSaveButton\"]"}
COMMAND: POST /session/08fad45ac65f529ba2de556ddf104458/element/f.9D9AE82FA30F8FEE8073C9435B3ECC9C.d.F63D863CC0F0000523D951E8FB5E8A85.e.6891/click - {}
RESULT: {}
COMMAND: GET /session/08fad45ac65f529ba2de556ddf104458/screenshot - {}
RESULT: {}
COMMAND: POST /session/08fad45ac65f529ba2de556ddf104458/element - {"using":"xpath","value":"//bdi[contains(text(), \"Close\")]"}
RESULT: {"using":"xpath","value":"//bdi[contains(text(), \"Close\")]"}
COMMAND: POST /session/08fad45ac65f529ba2de556ddf104458/element/f.9D9AE82FA30F8FEE8073C9435B3ECC9C.d.F63D863CC0F0000523D951E8FB5E8A85.e.6997/click - {}
RESULT: {}
COMMAND: GET /session/08fad45ac65f529ba2de556ddf104458/screenshot - {}
RESULT: {}
COMMAND: POST /session/08fad45ac65f529ba2de556ddf104458/element - {"using":"xpath","value":"//header[contains(@id, 'detailRruPage-headerTitle')]/div[1]/div[2]/div[2]/span[1]"}
RESULT: {"using":"xpath","value":"//header[contains(@id, 'detailRruPage-headerTitle')]/div[1]/div[2]/div[2]/span[1]"}
COMMAND: POST /session/08fad45ac65f529ba2de556ddf104458/elements - {"using":"xpath","value":"//header[contains(@id, 'detailRruPage-headerTitle')]/div[1]/div[2]/div[2]/span[1]"}
RESULT: {"using":"xpath","value":"//header[contains(@id, 'detailRruPage-headerTitle')]/div[1]/div[2]/div[2]/span[1]"}
COMMAND: POST /session/08fad45ac65f529ba2de556ddf104458/execute/sync - {"script":"<script> [56 bytes]","args":[{"element-6066-11e4-a52e-4f735466cecf":"f.9D9AE82FA30F8FEE8073C9435B3ECC9C.d.F63D863CC0F0000523D951E8FB5E8A85.e.7025","ELEMENT":"f.9D9AE82FA30F8FEE8073C9435B3ECC9C.d.F63D863CC0F0000523D951E8FB5E8A85.e.7025"}]}
RESULT: {"script":"<script> [56 bytes]","args":[{"element-6066-11e4-a52e-4f735466cecf":"f.9D9AE82FA30F8FEE8073C9435B3ECC9C.d.F63D863CC0F0000523D951E8FB5E8A85.e.7025","ELEMENT":"f.9D9AE82FA30F8FEE8073C9435B3ECC9C.d.F63D863CC0F0000523D951E8FB5E8A85.e.7025"}]}
]]></system-out>
    </testcase>
    <testcase classname="chrome.136_0_7103_93.windows.US134625_Set_up_price_condition_-_one_time" name="Should create new pricing rule one time" time="61.614">
      <system-out><![CDATA[
COMMAND: GET /session/08fad45ac65f529ba2de556ddf104458/screenshot - {}
COMMAND: POST /session/08fad45ac65f529ba2de556ddf104458/element - {"using":"xpath","value":"(//button[contains(@id ,\"actionsToolbar-overflowButton\")])[1]"}
RESULT: {}
RESULT: {"using":"xpath","value":"(//button[contains(@id ,\"actionsToolbar-overflowButton\")])[1]"}
COMMAND: POST /session/08fad45ac65f529ba2de556ddf104458/element/f.9D9AE82FA30F8FEE8073C9435B3ECC9C.d.F63D863CC0F0000523D951E8FB5E8A85.e.7026/click - {}
RESULT: {}
COMMAND: GET /session/08fad45ac65f529ba2de556ddf104458/screenshot - {}
RESULT: {}
COMMAND: POST /session/08fad45ac65f529ba2de556ddf104458/element - {"using":"xpath","value":"//button[@data-kt=\"priceInfoButton\"]"}
RESULT: {"using":"xpath","value":"//button[@data-kt=\"priceInfoButton\"]"}
COMMAND: POST /session/08fad45ac65f529ba2de556ddf104458/element/f.9D9AE82FA30F8FEE8073C9435B3ECC9C.d.F63D863CC0F0000523D951E8FB5E8A85.e.7028/click - {}
RESULT: {}
COMMAND: GET /session/08fad45ac65f529ba2de556ddf104458/screenshot - {}
RESULT: {}
COMMAND: POST /session/08fad45ac65f529ba2de556ddf104458/element - {"using":"xpath","value":"//button[@data-kt=\"addButton\"]"}
RESULT: {"using":"xpath","value":"//button[@data-kt=\"addButton\"]"}
COMMAND: POST /session/08fad45ac65f529ba2de556ddf104458/elements - {"using":"xpath","value":"//button[@data-kt=\"addButton\"]"}
RESULT: {"using":"xpath","value":"//button[@data-kt=\"addButton\"]"}
COMMAND: POST /session/08fad45ac65f529ba2de556ddf104458/element - {"using":"xpath","value":"//button[@data-kt=\"addButton\"]"}
RESULT: {"using":"xpath","value":"//button[@data-kt=\"addButton\"]"}
COMMAND: POST /session/08fad45ac65f529ba2de556ddf104458/execute/sync - {"script":"<script> [8489 bytes]","args":[{"element-6066-11e4-a52e-4f735466cecf":"f.9D9AE82FA30F8FEE8073C9435B3ECC9C.d.F63D863CC0F0000523D951E8FB5E8A85.e.7067","ELEMENT":"f.9D9AE82FA30F8FEE8073C9435B3ECC9C.d.F63D863CC0F0000523D951E8FB5E8A85.e.7067"}]}
RESULT: {"script":"<script> [8489 bytes]","args":[{"element-6066-11e4-a52e-4f735466cecf":"f.9D9AE82FA30F8FEE8073C9435B3ECC9C.d.F63D863CC0F0000523D951E8FB5E8A85.e.7067","ELEMENT":"f.9D9AE82FA30F8FEE8073C9435B3ECC9C.d.F63D863CC0F0000523D951E8FB5E8A85.e.7067"}]}
COMMAND: GET /session/08fad45ac65f529ba2de556ddf104458/element/f.9D9AE82FA30F8FEE8073C9435B3ECC9C.d.F63D863CC0F0000523D951E8FB5E8A85.e.7067/enabled - {}
COMMAND: GET /session/08fad45ac65f529ba2de556ddf104458/screenshot - {}
RESULT: {}
COMMAND: POST /session/08fad45ac65f529ba2de556ddf104458/execute/sync - {"script":"<script> [8489 bytes]","args":[{"element-6066-11e4-a52e-4f735466cecf":"f.9D9AE82FA30F8FEE8073C9435B3ECC9C.d.F63D863CC0F0000523D951E8FB5E8A85.e.7067","ELEMENT":"f.9D9AE82FA30F8FEE8073C9435B3ECC9C.d.F63D863CC0F0000523D951E8FB5E8A85.e.7067"}]}
COMMAND: GET /session/08fad45ac65f529ba2de556ddf104458/screenshot - {}
RESULT: {}
RESULT: {"script":"<script> [8489 bytes]","args":[{"element-6066-11e4-a52e-4f735466cecf":"f.9D9AE82FA30F8FEE8073C9435B3ECC9C.d.F63D863CC0F0000523D951E8FB5E8A85.e.7067","ELEMENT":"f.9D9AE82FA30F8FEE8073C9435B3ECC9C.d.F63D863CC0F0000523D951E8FB5E8A85.e.7067"}]}
COMMAND: POST /session/08fad45ac65f529ba2de556ddf104458/execute/sync - {"script":"<script> [5351 bytes]","args":[{"element-6066-11e4-a52e-4f735466cecf":"f.9D9AE82FA30F8FEE8073C9435B3ECC9C.d.F63D863CC0F0000523D951E8FB5E8A85.e.7067","ELEMENT":"f.9D9AE82FA30F8FEE8073C9435B3ECC9C.d.F63D863CC0F0000523D951E8FB5E8A85.e.7067"}]}
COMMAND: GET /session/08fad45ac65f529ba2de556ddf104458/screenshot - {}
RESULT: {}
RESULT: {"script":"<script> [5351 bytes]","args":[{"element-6066-11e4-a52e-4f735466cecf":"f.9D9AE82FA30F8FEE8073C9435B3ECC9C.d.F63D863CC0F0000523D951E8FB5E8A85.e.7067","ELEMENT":"f.9D9AE82FA30F8FEE8073C9435B3ECC9C.d.F63D863CC0F0000523D951E8FB5E8A85.e.7067"}]}
COMMAND: POST /session/08fad45ac65f529ba2de556ddf104458/element/f.9D9AE82FA30F8FEE8073C9435B3ECC9C.d.F63D863CC0F0000523D951E8FB5E8A85.e.7067/click - {}
COMMAND: GET /session/08fad45ac65f529ba2de556ddf104458/screenshot - {}
RESULT: {}
RESULT: {}
COMMAND: GET /session/08fad45ac65f529ba2de556ddf104458/screenshot - {}
RESULT: {}
RESULT: {}
COMMAND: POST /session/08fad45ac65f529ba2de556ddf104458/execute/async - {"script":"<script> [1562 bytes]","args":[{"selector":{"controlType":"sap.m.Title","viewName":"etm.portal.ui.managepricingrules.view.NewItem","viewId":"application-managepricingrules-display-component---newInfoPriceItem","properties":{"text":"New Pricing Rules - Item Level"}},"wdio_ui5_key":"etmportal.ui.managepricingrules.view.NewItemsap.m.Title{\"text\":\"New Pricing Rules - Item Level\"}"}]}
RESULT: {"script":"<script> [1562 bytes]","args":[{"selector":{"controlType":"sap.m.Title","viewName":"etm.portal.ui.managepricingrules.view.NewItem","viewId":"application-managepricingrules-display-component---newInfoPriceItem","properties":{"text":"New Pricing Rules - Item Level"}},"wdio_ui5_key":"etmportal.ui.managepricingrules.view.NewItemsap.m.Title{\"text\":\"New Pricing Rules - Item Level\"}"}]}
RESULT: undefined
COMMAND: POST /session/08fad45ac65f529ba2de556ddf104458/execute/async - {"script":"<script> [6424 bytes]","args":[{"element-6066-11e4-a52e-4f735466cecf":"f.9D9AE82FA30F8FEE8073C9435B3ECC9C.d.F63D863CC0F0000523D951E8FB5E8A85.e.7237"},"getText",[]]}
RESULT: {"script":"<script> [6424 bytes]","args":[{"element-6066-11e4-a52e-4f735466cecf":"f.9D9AE82FA30F8FEE8073C9435B3ECC9C.d.F63D863CC0F0000523D951E8FB5E8A85.e.7237"},"getText",[]]}
COMMAND: POST /session/08fad45ac65f529ba2de556ddf104458/execute/async - {"script":"<script> [1562 bytes]","args":[{"selector":{"id":"application-managepricingrules-display-component---newInfoPriceItem--condValidTo","interaction":{"idSuffix":"inner"}},"wdio_ui5_key":"applicationmanagepricingrules-display-component---newInfoPriceItem--condValidTo"}]}
RESULT: {"script":"<script> [1562 bytes]","args":[{"selector":{"id":"application-managepricingrules-display-component---newInfoPriceItem--condValidTo","interaction":{"idSuffix":"inner"}},"wdio_ui5_key":"applicationmanagepricingrules-display-component---newInfoPriceItem--condValidTo"}]}
RESULT: undefined
COMMAND: POST /session/08fad45ac65f529ba2de556ddf104458/execute/async - {"script":"<script> [776 bytes]","args":[{"enterText":"1/20/26","selector":{"id":"application-managepricingrules-display-component---newInfoPriceItem--condValidTo","interaction":{"idSuffix":"inner"}},"clearTextFirst":true,"interactionType":"ENTER_TEXT"}]}
RESULT: {"script":"<script> [776 bytes]","args":[{"enterText":"1/20/26","selector":{"id":"application-managepricingrules-display-component---newInfoPriceItem--condValidTo","interaction":{"idSuffix":"inner"}},"clearTextFirst":true,"interactionType":"ENTER_TEXT"}]}
COMMAND: POST /session/08fad45ac65f529ba2de556ddf104458/execute/async - {"script":"<script> [1562 bytes]","args":[{"selector":{"id":"application-managepricingrules-display-component---newInfoPriceItem--billType-arrow"},"wdio_ui5_key":"applicationmanagepricingrules-display-component---newInfoPriceItem--billType-arrow"}]}
RESULT: {"script":"<script> [1562 bytes]","args":[{"selector":{"id":"application-managepricingrules-display-component---newInfoPriceItem--billType-arrow"},"wdio_ui5_key":"applicationmanagepricingrules-display-component---newInfoPriceItem--billType-arrow"}]}
RESULT: undefined
COMMAND: POST /session/08fad45ac65f529ba2de556ddf104458/element - {"using":"xpath","value":"//*[@id=\"application-managepricingrules-display-component---newInfoPriceItem--billType-arrow\"]"}
RESULT: {"using":"xpath","value":"//*[@id=\"application-managepricingrules-display-component---newInfoPriceItem--billType-arrow\"]"}
COMMAND: POST /session/08fad45ac65f529ba2de556ddf104458/element/f.9D9AE82FA30F8FEE8073C9435B3ECC9C.d.F63D863CC0F0000523D951E8FB5E8A85.e.7197/click - {}
RESULT: {}
COMMAND: POST /session/08fad45ac65f529ba2de556ddf104458/element - {"using":"xpath","value":"//span[contains(text(), \"OT - Sales (one-time)\")]"}
COMMAND: GET /session/08fad45ac65f529ba2de556ddf104458/screenshot - {}
RESULT: {"using":"xpath","value":"//span[contains(text(), \"OT - Sales (one-time)\")]"}
COMMAND: POST /session/08fad45ac65f529ba2de556ddf104458/element/f.9D9AE82FA30F8FEE8073C9435B3ECC9C.d.F63D863CC0F0000523D951E8FB5E8A85.e.7239/click - {}
RESULT: {}
RESULT: {}
COMMAND: POST /session/08fad45ac65f529ba2de556ddf104458/execute/async - {"script":"<script> [1562 bytes]","args":[{"selector":{"id":"application-managepricingrules-display-component---newInfoPriceItem--priceProc-arrow"},"wdio_ui5_key":"applicationmanagepricingrules-display-component---newInfoPriceItem--priceProc-arrow"}]}
COMMAND: GET /session/08fad45ac65f529ba2de556ddf104458/screenshot - {}
RESULT: {"script":"<script> [1562 bytes]","args":[{"selector":{"id":"application-managepricingrules-display-component---newInfoPriceItem--priceProc-arrow"},"wdio_ui5_key":"applicationmanagepricingrules-display-component---newInfoPriceItem--priceProc-arrow"}]}
RESULT: undefined
COMMAND: POST /session/08fad45ac65f529ba2de556ddf104458/element - {"using":"xpath","value":"//*[@id=\"application-managepricingrules-display-component---newInfoPriceItem--priceProc-arrow\"]"}
RESULT: {}
RESULT: {"using":"xpath","value":"//*[@id=\"application-managepricingrules-display-component---newInfoPriceItem--priceProc-arrow\"]"}
COMMAND: POST /session/08fad45ac65f529ba2de556ddf104458/element/f.9D9AE82FA30F8FEE8073C9435B3ECC9C.d.F63D863CC0F0000523D951E8FB5E8A85.e.7204/click - {}
RESULT: {}
COMMAND: POST /session/08fad45ac65f529ba2de556ddf104458/element - {"using":"xpath","value":"//span[contains(text(), \"MAT - Material\")]"}
COMMAND: GET /session/08fad45ac65f529ba2de556ddf104458/screenshot - {}
RESULT: {"using":"xpath","value":"//span[contains(text(), \"MAT - Material\")]"}
COMMAND: POST /session/08fad45ac65f529ba2de556ddf104458/element/f.9D9AE82FA30F8FEE8073C9435B3ECC9C.d.F63D863CC0F0000523D951E8FB5E8A85.e.7240/click - {}
RESULT: {}
RESULT: {}
COMMAND: POST /session/08fad45ac65f529ba2de556ddf104458/execute/async - {"script":"<script> [1562 bytes]","args":[{"selector":{"id":"application-managepricingrules-display-component---newInfoPriceItem--calcBase-arrow"},"wdio_ui5_key":"applicationmanagepricingrules-display-component---newInfoPriceItem--calcBase-arrow"}]}
COMMAND: GET /session/08fad45ac65f529ba2de556ddf104458/screenshot - {}
RESULT: {"script":"<script> [1562 bytes]","args":[{"selector":{"id":"application-managepricingrules-display-component---newInfoPriceItem--calcBase-arrow"},"wdio_ui5_key":"applicationmanagepricingrules-display-component---newInfoPriceItem--calcBase-arrow"}]}
RESULT: undefined
COMMAND: POST /session/08fad45ac65f529ba2de556ddf104458/element - {"using":"xpath","value":"//*[@id=\"application-managepricingrules-display-component---newInfoPriceItem--calcBase-arrow\"]"}
RESULT: {}
RESULT: {"using":"xpath","value":"//*[@id=\"application-managepricingrules-display-component---newInfoPriceItem--calcBase-arrow\"]"}
COMMAND: POST /session/08fad45ac65f529ba2de556ddf104458/element/f.9D9AE82FA30F8FEE8073C9435B3ECC9C.d.F63D863CC0F0000523D951E8FB5E8A85.e.7211/click - {}
RESULT: {}
COMMAND: GET /session/08fad45ac65f529ba2de556ddf104458/screenshot - {}
RESULT: {}
COMMAND: POST /session/08fad45ac65f529ba2de556ddf104458/element - {"using":"xpath","value":"//span[contains(text(), \"0001 - TB(exact month + cal_days)\")]"}
RESULT: {"using":"xpath","value":"//span[contains(text(), \"0001 - TB(exact month + cal_days)\")]"}
COMMAND: POST /session/08fad45ac65f529ba2de556ddf104458/element/f.9D9AE82FA30F8FEE8073C9435B3ECC9C.d.F63D863CC0F0000523D951E8FB5E8A85.e.7241/click - {}
RESULT: {}
COMMAND: GET /session/08fad45ac65f529ba2de556ddf104458/screenshot - {}
RESULT: {}
COMMAND: POST /session/08fad45ac65f529ba2de556ddf104458/element - {"using":"xpath","value":"//button[@data-kt=\"saveNewRuleButton\"]"}
RESULT: {"using":"xpath","value":"//button[@data-kt=\"saveNewRuleButton\"]"}
COMMAND: POST /session/08fad45ac65f529ba2de556ddf104458/element/f.9D9AE82FA30F8FEE8073C9435B3ECC9C.d.F63D863CC0F0000523D951E8FB5E8A85.e.7231/click - {}
RESULT: {}
COMMAND: GET /session/08fad45ac65f529ba2de556ddf104458/screenshot - {}
RESULT: {}
COMMAND: POST /session/08fad45ac65f529ba2de556ddf104458/execute/async - {"script":"<script> [1562 bytes]","args":[{"selector":{"id":"application-managepricingrules-display-component---priceInfoItem--smartFilterBar-btnBasicSearch","interaction":{"idSuffix":"I"}},"wdio_ui5_key":"applicationmanagepricingrules-display-component---priceInfoItem--smartFilterBar-btnBasicSearch"}]}
RESULT: {"script":"<script> [1562 bytes]","args":[{"selector":{"id":"application-managepricingrules-display-component---priceInfoItem--smartFilterBar-btnBasicSearch","interaction":{"idSuffix":"I"}},"wdio_ui5_key":"applicationmanagepricingrules-display-component---priceInfoItem--smartFilterBar-btnBasicSearch"}]}
RESULT: undefined
COMMAND: POST /session/08fad45ac65f529ba2de556ddf104458/execute/async - {"script":"<script> [776 bytes]","args":[{"enterText":"200342","selector":{"id":"application-managepricingrules-display-component---priceInfoItem--smartFilterBar-btnBasicSearch","interaction":{"idSuffix":"I"}},"clearTextFirst":true,"interactionType":"ENTER_TEXT"}]}
RESULT: {"script":"<script> [776 bytes]","args":[{"enterText":"200342","selector":{"id":"application-managepricingrules-display-component---priceInfoItem--smartFilterBar-btnBasicSearch","interaction":{"idSuffix":"I"}},"clearTextFirst":true,"interactionType":"ENTER_TEXT"}]}
COMMAND: POST /session/08fad45ac65f529ba2de556ddf104458/actions - {"actions":[{"id":"action23","type":"key","parameters":{},"actions":[{"type":"keyDown","value":"î€‡"},{"type":"pause","duration":10},{"type":"keyUp","value":"î€‡"}]}]}
RESULT: {"actions":[{"id":"action23","type":"key","parameters":{},"actions":[{"type":"keyDown","value":"î€‡"},{"type":"pause","duration":10},{"type":"keyUp","value":"î€‡"}]}]}
COMMAND: GET /session/08fad45ac65f529ba2de556ddf104458/screenshot - {}
RESULT: {}
COMMAND: POST /session/08fad45ac65f529ba2de556ddf104458/element - {"using":"xpath","value":"//span[@id=\"application-managepricingrules-display-component---priceInfoItem--smartTable-header-inner\"]"}
RESULT: {"using":"xpath","value":"//span[@id=\"application-managepricingrules-display-component---priceInfoItem--smartTable-header-inner\"]"}
COMMAND: POST /session/08fad45ac65f529ba2de556ddf104458/elements - {"using":"xpath","value":"//span[@id=\"application-managepricingrules-display-component---priceInfoItem--smartTable-header-inner\"]"}
RESULT: {"using":"xpath","value":"//span[@id=\"application-managepricingrules-display-component---priceInfoItem--smartTable-header-inner\"]"}
COMMAND: POST /session/08fad45ac65f529ba2de556ddf104458/execute/sync - {"script":"<script> [56 bytes]","args":[{"element-6066-11e4-a52e-4f735466cecf":"f.9D9AE82FA30F8FEE8073C9435B3ECC9C.d.F63D863CC0F0000523D951E8FB5E8A85.e.7254","ELEMENT":"f.9D9AE82FA30F8FEE8073C9435B3ECC9C.d.F63D863CC0F0000523D951E8FB5E8A85.e.7254"}]}
RESULT: {"script":"<script> [56 bytes]","args":[{"element-6066-11e4-a52e-4f735466cecf":"f.9D9AE82FA30F8FEE8073C9435B3ECC9C.d.F63D863CC0F0000523D951E8FB5E8A85.e.7254","ELEMENT":"f.9D9AE82FA30F8FEE8073C9435B3ECC9C.d.F63D863CC0F0000523D951E8FB5E8A85.e.7254"}]}
COMMAND: POST /session/08fad45ac65f529ba2de556ddf104458/element - {"using":"css selector","value":"#shell-header-logo"}
COMMAND: GET /session/08fad45ac65f529ba2de556ddf104458/screenshot - {}
RESULT: {"using":"css selector","value":"#shell-header-logo"}
COMMAND: POST /session/08fad45ac65f529ba2de556ddf104458/element/f.9D9AE82FA30F8FEE8073C9435B3ECC9C.d.F63D863CC0F0000523D951E8FB5E8A85.e.6479/click - {}
RESULT: {}
RESULT: {}
COMMAND: GET /session/08fad45ac65f529ba2de556ddf104458/screenshot - {}
RESULT: {}
]]></system-out>
    </testcase>
    <testcase classname="chrome.136_0_7103_93.windows.US134625_Set_up_price_condition_-_one_time" name="Should create new condition one time" time="66.775">
      <system-out><![CDATA[
COMMAND: POST /session/08fad45ac65f529ba2de556ddf104458/execute/async - {"script":"<script> [1562 bytes]","args":[{"selector":{"controlType":"sap.m.GenericTile","properties":{"header":"Manage Conditions & Prices"}},"wdio_ui5_key":"sapm.GenericTile{\"header\":\"Manage Conditions & Prices\"}"}]}
RESULT: {"script":"<script> [1562 bytes]","args":[{"selector":{"controlType":"sap.m.GenericTile","properties":{"header":"Manage Conditions & Prices"}},"wdio_ui5_key":"sapm.GenericTile{\"header\":\"Manage Conditions & Prices\"}"}]}
RESULT: undefined
COMMAND: POST /session/08fad45ac65f529ba2de556ddf104458/element - {"using":"xpath","value":"//*[@id=\"__tile53\"]"}
RESULT: {"using":"xpath","value":"//*[@id=\"__tile53\"]"}
COMMAND: POST /session/08fad45ac65f529ba2de556ddf104458/element/f.9D9AE82FA30F8FEE8073C9435B3ECC9C.d.F63D863CC0F0000523D951E8FB5E8A85.e.6425/click - {}
RESULT: {}
COMMAND: GET /session/08fad45ac65f529ba2de556ddf104458/screenshot - {}
RESULT: {}
COMMAND: POST /session/08fad45ac65f529ba2de556ddf104458/elements - {"using":"xpath","value":"//span[text()='Error']"}
RESULT: {"using":"xpath","value":"//span[text()='Error']"}
COMMAND: POST /session/08fad45ac65f529ba2de556ddf104458/element - {"using":"xpath","value":"//button[@aria-label=\"Create\"]"}
RESULT: {"using":"xpath","value":"//button[@aria-label=\"Create\"]"}
COMMAND: POST /session/08fad45ac65f529ba2de556ddf104458/elements - {"using":"xpath","value":"//button[@aria-label=\"Create\"]"}
RESULT: {"using":"xpath","value":"//button[@aria-label=\"Create\"]"}
COMMAND: POST /session/08fad45ac65f529ba2de556ddf104458/execute/sync - {"script":"<script> [8489 bytes]","args":[{"element-6066-11e4-a52e-4f735466cecf":"f.9D9AE82FA30F8FEE8073C9435B3ECC9C.d.F63D863CC0F0000523D951E8FB5E8A85.e.7289","ELEMENT":"f.9D9AE82FA30F8FEE8073C9435B3ECC9C.d.F63D863CC0F0000523D951E8FB5E8A85.e.7289"}]}
RESULT: {"script":"<script> [8489 bytes]","args":[{"element-6066-11e4-a52e-4f735466cecf":"f.9D9AE82FA30F8FEE8073C9435B3ECC9C.d.F63D863CC0F0000523D951E8FB5E8A85.e.7289","ELEMENT":"f.9D9AE82FA30F8FEE8073C9435B3ECC9C.d.F63D863CC0F0000523D951E8FB5E8A85.e.7289"}]}
COMMAND: GET /session/08fad45ac65f529ba2de556ddf104458/element/f.9D9AE82FA30F8FEE8073C9435B3ECC9C.d.F63D863CC0F0000523D951E8FB5E8A85.e.7289/enabled - {}
COMMAND: GET /session/08fad45ac65f529ba2de556ddf104458/screenshot - {}
RESULT: {}
COMMAND: POST /session/08fad45ac65f529ba2de556ddf104458/execute/sync - {"script":"<script> [8489 bytes]","args":[{"element-6066-11e4-a52e-4f735466cecf":"f.9D9AE82FA30F8FEE8073C9435B3ECC9C.d.F63D863CC0F0000523D951E8FB5E8A85.e.7289","ELEMENT":"f.9D9AE82FA30F8FEE8073C9435B3ECC9C.d.F63D863CC0F0000523D951E8FB5E8A85.e.7289"}]}
COMMAND: GET /session/08fad45ac65f529ba2de556ddf104458/screenshot - {}
RESULT: {}
RESULT: {"script":"<script> [8489 bytes]","args":[{"element-6066-11e4-a52e-4f735466cecf":"f.9D9AE82FA30F8FEE8073C9435B3ECC9C.d.F63D863CC0F0000523D951E8FB5E8A85.e.7289","ELEMENT":"f.9D9AE82FA30F8FEE8073C9435B3ECC9C.d.F63D863CC0F0000523D951E8FB5E8A85.e.7289"}]}
COMMAND: POST /session/08fad45ac65f529ba2de556ddf104458/execute/sync - {"script":"<script> [5351 bytes]","args":[{"element-6066-11e4-a52e-4f735466cecf":"f.9D9AE82FA30F8FEE8073C9435B3ECC9C.d.F63D863CC0F0000523D951E8FB5E8A85.e.7289","ELEMENT":"f.9D9AE82FA30F8FEE8073C9435B3ECC9C.d.F63D863CC0F0000523D951E8FB5E8A85.e.7289"}]}
COMMAND: GET /session/08fad45ac65f529ba2de556ddf104458/screenshot - {}
RESULT: {}
RESULT: {"script":"<script> [5351 bytes]","args":[{"element-6066-11e4-a52e-4f735466cecf":"f.9D9AE82FA30F8FEE8073C9435B3ECC9C.d.F63D863CC0F0000523D951E8FB5E8A85.e.7289","ELEMENT":"f.9D9AE82FA30F8FEE8073C9435B3ECC9C.d.F63D863CC0F0000523D951E8FB5E8A85.e.7289"}]}
COMMAND: POST /session/08fad45ac65f529ba2de556ddf104458/element/f.9D9AE82FA30F8FEE8073C9435B3ECC9C.d.F63D863CC0F0000523D951E8FB5E8A85.e.7289/click - {}
COMMAND: GET /session/08fad45ac65f529ba2de556ddf104458/screenshot - {}
RESULT: {}
RESULT: {}
COMMAND: GET /session/08fad45ac65f529ba2de556ddf104458/screenshot - {}
RESULT: {}
RESULT: {}
COMMAND: POST /session/08fad45ac65f529ba2de556ddf104458/actions - {"actions":[{"id":"action24","type":"key","parameters":{},"actions":[{"type":"keyDown","value":"î€‡"},{"type":"pause","duration":10},{"type":"keyUp","value":"î€‡"}]}]}
RESULT: {"actions":[{"id":"action24","type":"key","parameters":{},"actions":[{"type":"keyDown","value":"î€‡"},{"type":"pause","duration":10},{"type":"keyUp","value":"î€‡"}]}]}
COMMAND: GET /session/08fad45ac65f529ba2de556ddf104458/screenshot - {}
RESULT: {}
COMMAND: POST /session/08fad45ac65f529ba2de556ddf104458/execute/async - {"script":"<script> [1562 bytes]","args":[{"selector":{"id":"application-manageconditionprice-display-component---newCondition--condBillCond-arrow"},"wdio_ui5_key":"applicationmanageconditionprice-display-component---newCondition--condBillCond-arrow"}]}
RESULT: {"script":"<script> [1562 bytes]","args":[{"selector":{"id":"application-manageconditionprice-display-component---newCondition--condBillCond-arrow"},"wdio_ui5_key":"applicationmanageconditionprice-display-component---newCondition--condBillCond-arrow"}]}
RESULT: undefined
COMMAND: POST /session/08fad45ac65f529ba2de556ddf104458/element - {"using":"xpath","value":"//*[@id=\"application-manageconditionprice-display-component---newCondition--condBillCond-arrow\"]"}
RESULT: {"using":"xpath","value":"//*[@id=\"application-manageconditionprice-display-component---newCondition--condBillCond-arrow\"]"}
COMMAND: POST /session/08fad45ac65f529ba2de556ddf104458/element/f.9D9AE82FA30F8FEE8073C9435B3ECC9C.d.F63D863CC0F0000523D951E8FB5E8A85.e.7469/click - {}
RESULT: {}
COMMAND: GET /session/08fad45ac65f529ba2de556ddf104458/screenshot - {}
RESULT: {}
COMMAND: POST /session/08fad45ac65f529ba2de556ddf104458/element - {"using":"xpath","value":"//li[.//span[contains(text(), \"SAPR - Sales price\")]]"}
RESULT: {"using":"xpath","value":"//li[.//span[contains(text(), \"SAPR - Sales price\")]]"}
COMMAND: POST /session/08fad45ac65f529ba2de556ddf104458/element/f.9D9AE82FA30F8FEE8073C9435B3ECC9C.d.F63D863CC0F0000523D951E8FB5E8A85.e.7472/click - {}
RESULT: {}
COMMAND: GET /session/08fad45ac65f529ba2de556ddf104458/screenshot - {}
RESULT: {}
COMMAND: POST /session/08fad45ac65f529ba2de556ddf104458/execute/async - {"script":"<script> [1562 bytes]","args":[{"selector":{"id":"application-manageconditionprice-display-component---newCondition--condValidTo","interaction":{"idSuffix":"inner"}},"wdio_ui5_key":"applicationmanageconditionprice-display-component---newCondition--condValidTo"}]}
RESULT: {"script":"<script> [1562 bytes]","args":[{"selector":{"id":"application-manageconditionprice-display-component---newCondition--condValidTo","interaction":{"idSuffix":"inner"}},"wdio_ui5_key":"applicationmanageconditionprice-display-component---newCondition--condValidTo"}]}
RESULT: undefined
COMMAND: POST /session/08fad45ac65f529ba2de556ddf104458/execute/async - {"script":"<script> [776 bytes]","args":[{"enterText":"1/20/26","selector":{"id":"application-manageconditionprice-display-component---newCondition--condValidTo","interaction":{"idSuffix":"inner"}},"clearTextFirst":true,"interactionType":"ENTER_TEXT"}]}
RESULT: {"script":"<script> [776 bytes]","args":[{"enterText":"1/20/26","selector":{"id":"application-manageconditionprice-display-component---newCondition--condValidTo","interaction":{"idSuffix":"inner"}},"clearTextFirst":true,"interactionType":"ENTER_TEXT"}]}
COMMAND: POST /session/08fad45ac65f529ba2de556ddf104458/element - {"using":"xpath","value":"//input[@id=\"application-manageconditionprice-display-component---newCondition--condRU-inner\"]"}
RESULT: {"using":"xpath","value":"//input[@id=\"application-manageconditionprice-display-component---newCondition--condRU-inner\"]"}
COMMAND: POST /session/08fad45ac65f529ba2de556ddf104458/element/f.9D9AE82FA30F8FEE8073C9435B3ECC9C.d.F63D863CC0F0000523D951E8FB5E8A85.e.7335/clear - {}
RESULT: {}
COMMAND: POST /session/08fad45ac65f529ba2de556ddf104458/element/f.9D9AE82FA30F8FEE8073C9435B3ECC9C.d.F63D863CC0F0000523D951E8FB5E8A85.e.7335/value - {"text":"200342"}
COMMAND: GET /session/08fad45ac65f529ba2de556ddf104458/screenshot - {}
RESULT: {"text":"200342"}
COMMAND: GET /session/08fad45ac65f529ba2de556ddf104458/screenshot - {}
RESULT: {}
RESULT: {}
COMMAND: POST /session/08fad45ac65f529ba2de556ddf104458/actions - {"actions":[{"id":"action25","type":"key","parameters":{},"actions":[{"type":"keyDown","value":"î€‡"},{"type":"pause","duration":10},{"type":"keyUp","value":"î€‡"}]}]}
RESULT: {"actions":[{"id":"action25","type":"key","parameters":{},"actions":[{"type":"keyDown","value":"î€‡"},{"type":"pause","duration":10},{"type":"keyUp","value":"î€‡"}]}]}
COMMAND: POST /session/08fad45ac65f529ba2de556ddf104458/execute/async - {"script":"<script> [1562 bytes]","args":[{"selector":{"id":"application-manageconditionprice-display-component---newCondition--condBaseQty","interaction":{"idSuffix":"inner"}},"wdio_ui5_key":"applicationmanageconditionprice-display-component---newCondition--condBaseQty"}]}
COMMAND: GET /session/08fad45ac65f529ba2de556ddf104458/screenshot - {}
RESULT: {"script":"<script> [1562 bytes]","args":[{"selector":{"id":"application-manageconditionprice-display-component---newCondition--condBaseQty","interaction":{"idSuffix":"inner"}},"wdio_ui5_key":"applicationmanageconditionprice-display-component---newCondition--condBaseQty"}]}
RESULT: undefined
COMMAND: POST /session/08fad45ac65f529ba2de556ddf104458/execute/async - {"script":"<script> [776 bytes]","args":[{"enterText":"1","selector":{"id":"application-manageconditionprice-display-component---newCondition--condBaseQty","interaction":{"idSuffix":"inner"}},"clearTextFirst":true,"interactionType":"ENTER_TEXT"}]}
RESULT: {}
RESULT: {"script":"<script> [776 bytes]","args":[{"enterText":"1","selector":{"id":"application-manageconditionprice-display-component---newCondition--condBaseQty","interaction":{"idSuffix":"inner"}},"clearTextFirst":true,"interactionType":"ENTER_TEXT"}]}
COMMAND: POST /session/08fad45ac65f529ba2de556ddf104458/execute/async - {"script":"<script> [1562 bytes]","args":[{"selector":{"id":"application-manageconditionprice-display-component---newCondition--condValue","interaction":{"idSuffix":"inner"}},"wdio_ui5_key":"applicationmanageconditionprice-display-component---newCondition--condValue"}]}
RESULT: {"script":"<script> [1562 bytes]","args":[{"selector":{"id":"application-manageconditionprice-display-component---newCondition--condValue","interaction":{"idSuffix":"inner"}},"wdio_ui5_key":"applicationmanageconditionprice-display-component---newCondition--condValue"}]}
RESULT: undefined
COMMAND: POST /session/08fad45ac65f529ba2de556ddf104458/execute/async - {"script":"<script> [776 bytes]","args":[{"enterText":"100.00","selector":{"id":"application-manageconditionprice-display-component---newCondition--condValue","interaction":{"idSuffix":"inner"}},"clearTextFirst":true,"interactionType":"ENTER_TEXT"}]}
RESULT: {"script":"<script> [776 bytes]","args":[{"enterText":"100.00","selector":{"id":"application-manageconditionprice-display-component---newCondition--condValue","interaction":{"idSuffix":"inner"}},"clearTextFirst":true,"interactionType":"ENTER_TEXT"}]}
COMMAND: POST /session/08fad45ac65f529ba2de556ddf104458/execute/async - {"script":"<script> [1562 bytes]","args":[{"selector":{"id":"application-manageconditionprice-display-component---newCondition--condCurr-arrow"},"wdio_ui5_key":"applicationmanageconditionprice-display-component---newCondition--condCurr-arrow"}]}
RESULT: {"script":"<script> [1562 bytes]","args":[{"selector":{"id":"application-manageconditionprice-display-component---newCondition--condCurr-arrow"},"wdio_ui5_key":"applicationmanageconditionprice-display-component---newCondition--condCurr-arrow"}]}
RESULT: undefined
COMMAND: POST /session/08fad45ac65f529ba2de556ddf104458/element - {"using":"xpath","value":"//*[@id=\"application-manageconditionprice-display-component---newCondition--condCurr-arrow\"]"}
RESULT: {"using":"xpath","value":"//*[@id=\"application-manageconditionprice-display-component---newCondition--condCurr-arrow\"]"}
COMMAND: POST /session/08fad45ac65f529ba2de556ddf104458/element/f.9D9AE82FA30F8FEE8073C9435B3ECC9C.d.F63D863CC0F0000523D951E8FB5E8A85.e.7442/click - {}
RESULT: {}
COMMAND: POST /session/08fad45ac65f529ba2de556ddf104458/element - {"using":"xpath","value":"//span[contains(text(), \"Euro\")]"}
COMMAND: GET /session/08fad45ac65f529ba2de556ddf104458/screenshot - {}
RESULT: {"using":"xpath","value":"//span[contains(text(), \"Euro\")]"}
COMMAND: POST /session/08fad45ac65f529ba2de556ddf104458/element/f.9D9AE82FA30F8FEE8073C9435B3ECC9C.d.F63D863CC0F0000523D951E8FB5E8A85.e.7510/click - {}
RESULT: {}
RESULT: {}
COMMAND: POST /session/08fad45ac65f529ba2de556ddf104458/element - {"using":"xpath","value":"//button[@data-kt=\"saveButton\"]"}
COMMAND: GET /session/08fad45ac65f529ba2de556ddf104458/screenshot - {}
RESULT: {"using":"xpath","value":"//button[@data-kt=\"saveButton\"]"}
COMMAND: POST /session/08fad45ac65f529ba2de556ddf104458/element/f.9D9AE82FA30F8FEE8073C9435B3ECC9C.d.F63D863CC0F0000523D951E8FB5E8A85.e.7443/click - {}
RESULT: {}
RESULT: {}
COMMAND: GET /session/08fad45ac65f529ba2de556ddf104458/screenshot - {}
RESULT: {}
COMMAND: POST /session/08fad45ac65f529ba2de556ddf104458/execute/async - {"script":"<script> [1562 bytes]","args":[{"selector":{"id":"application-manageconditionprice-display-component---conditions--smartFilterBar-btnBasicSearch","interaction":{"idSuffix":"I"}},"wdio_ui5_key":"applicationmanageconditionprice-display-component---conditions--smartFilterBar-btnBasicSearch"}]}
RESULT: {"script":"<script> [1562 bytes]","args":[{"selector":{"id":"application-manageconditionprice-display-component---conditions--smartFilterBar-btnBasicSearch","interaction":{"idSuffix":"I"}},"wdio_ui5_key":"applicationmanageconditionprice-display-component---conditions--smartFilterBar-btnBasicSearch"}]}
RESULT: undefined
COMMAND: POST /session/08fad45ac65f529ba2de556ddf104458/execute/async - {"script":"<script> [776 bytes]","args":[{"enterText":"200342","selector":{"id":"application-manageconditionprice-display-component---conditions--smartFilterBar-btnBasicSearch","interaction":{"idSuffix":"I"}},"clearTextFirst":true,"interactionType":"ENTER_TEXT"}]}
RESULT: {"script":"<script> [776 bytes]","args":[{"enterText":"200342","selector":{"id":"application-manageconditionprice-display-component---conditions--smartFilterBar-btnBasicSearch","interaction":{"idSuffix":"I"}},"clearTextFirst":true,"interactionType":"ENTER_TEXT"}]}
COMMAND: POST /session/08fad45ac65f529ba2de556ddf104458/actions - {"actions":[{"id":"action26","type":"key","parameters":{},"actions":[{"type":"keyDown","value":"î€‡"},{"type":"pause","duration":10},{"type":"keyUp","value":"î€‡"}]}]}
RESULT: {"actions":[{"id":"action26","type":"key","parameters":{},"actions":[{"type":"keyDown","value":"î€‡"},{"type":"pause","duration":10},{"type":"keyUp","value":"î€‡"}]}]}
COMMAND: GET /session/08fad45ac65f529ba2de556ddf104458/screenshot - {}
RESULT: {}
COMMAND: POST /session/08fad45ac65f529ba2de556ddf104458/execute/async - {"script":"<script> [1562 bytes]","args":[{"selector":{"id":"application-manageconditionprice-display-component---conditions--smartFilterBar-filterItemControl_BASIC-BILL_TYPES-vhi"},"wdio_ui5_key":"applicationmanageconditionprice-display-component---conditions--smartFilterBar-filterItemControl_BASIC-BILL_TYPES-vhi"}]}
RESULT: {"script":"<script> [1562 bytes]","args":[{"selector":{"id":"application-manageconditionprice-display-component---conditions--smartFilterBar-filterItemControl_BASIC-BILL_TYPES-vhi"},"wdio_ui5_key":"applicationmanageconditionprice-display-component---conditions--smartFilterBar-filterItemControl_BASIC-BILL_TYPES-vhi"}]}
RESULT: undefined
COMMAND: POST /session/08fad45ac65f529ba2de556ddf104458/element - {"using":"xpath","value":"//*[@id=\"application-manageconditionprice-display-component---conditions--smartFilterBar-filterItemControl_BASIC-BILL_TYPES-vhi\"]"}
RESULT: {"using":"xpath","value":"//*[@id=\"application-manageconditionprice-display-component---conditions--smartFilterBar-filterItemControl_BASIC-BILL_TYPES-vhi\"]"}
COMMAND: POST /session/08fad45ac65f529ba2de556ddf104458/element/f.9D9AE82FA30F8FEE8073C9435B3ECC9C.d.F63D863CC0F0000523D951E8FB5E8A85.e.7526/click - {}
RESULT: {}
COMMAND: POST /session/08fad45ac65f529ba2de556ddf104458/execute/async - {"script":"<script> [1562 bytes]","args":[{"selector":{"id":"application-manageconditionprice-display-component---conditions--smartFilterBar-filterItemControl_BASIC-BILL_TYPES-valueHelpDialog-smartFilterBar-btnBasicSearch","searchOpenDialogs":true,"interaction":{"idSuffix":"I"}},"wdio_ui5_key":"applicationmanageconditionprice-display-component---conditions--smartFilterBar-filterItemControl_BASIC-BILL_TYPES-valueHelpDialog-smartFilterBar-btnBasicSearch"}]}
COMMAND: GET /session/08fad45ac65f529ba2de556ddf104458/screenshot - {}
RESULT: {"script":"<script> [1562 bytes]","args":[{"selector":{"id":"application-manageconditionprice-display-component---conditions--smartFilterBar-filterItemControl_BASIC-BILL_TYPES-valueHelpDialog-smartFilterBar-btnBasicSearch","searchOpenDialogs":true,"interaction":{"idSuffix":"I"}},"wdio_ui5_key":"applicationmanageconditionprice-display-component---conditions--smartFilterBar-filterItemControl_BASIC-BILL_TYPES-valueHelpDialog-smartFilterBar-btnBasicSearch"}]}
RESULT: undefined
COMMAND: POST /session/08fad45ac65f529ba2de556ddf104458/execute/async - {"script":"<script> [776 bytes]","args":[{"enterText":"one","selector":{"id":"application-manageconditionprice-display-component---conditions--smartFilterBar-filterItemControl_BASIC-BILL_TYPES-valueHelpDialog-smartFilterBar-btnBasicSearch","searchOpenDialogs":true,"interaction":{"idSuffix":"I"}},"clearTextFirst":true,"interactionType":"ENTER_TEXT"}]}
RESULT: {}
RESULT: {"script":"<script> [776 bytes]","args":[{"enterText":"one","selector":{"id":"application-manageconditionprice-display-component---conditions--smartFilterBar-filterItemControl_BASIC-BILL_TYPES-valueHelpDialog-smartFilterBar-btnBasicSearch","searchOpenDialogs":true,"interaction":{"idSuffix":"I"}},"clearTextFirst":true,"interactionType":"ENTER_TEXT"}]}
COMMAND: POST /session/08fad45ac65f529ba2de556ddf104458/actions - {"actions":[{"id":"action27","type":"key","parameters":{},"actions":[{"type":"keyDown","value":"î€‡"},{"type":"pause","duration":10},{"type":"keyUp","value":"î€‡"}]}]}
RESULT: {"actions":[{"id":"action27","type":"key","parameters":{},"actions":[{"type":"keyDown","value":"î€‡"},{"type":"pause","duration":10},{"type":"keyUp","value":"î€‡"}]}]}
COMMAND: GET /session/08fad45ac65f529ba2de556ddf104458/screenshot - {}
RESULT: {}
COMMAND: POST /session/08fad45ac65f529ba2de556ddf104458/element - {"using":"xpath","value":"//div[contains(@id, 'application-manageconditionprice-display-component---conditions--smartFilterBar-filterItemControl_BASIC-BILL_TYPES-valueHelpDialog-table-rowsel0')]"}
RESULT: {"using":"xpath","value":"//div[contains(@id, 'application-manageconditionprice-display-component---conditions--smartFilterBar-filterItemControl_BASIC-BILL_TYPES-valueHelpDialog-table-rowsel0')]"}
COMMAND: POST /session/08fad45ac65f529ba2de556ddf104458/element/f.9D9AE82FA30F8FEE8073C9435B3ECC9C.d.F63D863CC0F0000523D951E8FB5E8A85.e.7536/click - {}
RESULT: {}
COMMAND: GET /session/08fad45ac65f529ba2de556ddf104458/screenshot - {}
RESULT: {}
COMMAND: POST /session/08fad45ac65f529ba2de556ddf104458/element - {"using":"xpath","value":"//bdi[contains(text(), \"OK\")]"}
RESULT: {"using":"xpath","value":"//bdi[contains(text(), \"OK\")]"}
COMMAND: POST /session/08fad45ac65f529ba2de556ddf104458/element/f.9D9AE82FA30F8FEE8073C9435B3ECC9C.d.F63D863CC0F0000523D951E8FB5E8A85.e.7538/click - {}
RESULT: {}
COMMAND: GET /session/08fad45ac65f529ba2de556ddf104458/screenshot - {}
RESULT: {}
COMMAND: POST /session/08fad45ac65f529ba2de556ddf104458/element - {"using":"xpath","value":"//span[@id=\"application-manageconditionprice-display-component---conditions--smartTable-header-inner\"]"}
RESULT: {"using":"xpath","value":"//span[@id=\"application-manageconditionprice-display-component---conditions--smartTable-header-inner\"]"}
COMMAND: POST /session/08fad45ac65f529ba2de556ddf104458/elements - {"using":"xpath","value":"//span[@id=\"application-manageconditionprice-display-component---conditions--smartTable-header-inner\"]"}
RESULT: {"using":"xpath","value":"//span[@id=\"application-manageconditionprice-display-component---conditions--smartTable-header-inner\"]"}
COMMAND: POST /session/08fad45ac65f529ba2de556ddf104458/execute/sync - {"script":"<script> [56 bytes]","args":[{"element-6066-11e4-a52e-4f735466cecf":"f.9D9AE82FA30F8FEE8073C9435B3ECC9C.d.F63D863CC0F0000523D951E8FB5E8A85.e.7541","ELEMENT":"f.9D9AE82FA30F8FEE8073C9435B3ECC9C.d.F63D863CC0F0000523D951E8FB5E8A85.e.7541"}]}
RESULT: {"script":"<script> [56 bytes]","args":[{"element-6066-11e4-a52e-4f735466cecf":"f.9D9AE82FA30F8FEE8073C9435B3ECC9C.d.F63D863CC0F0000523D951E8FB5E8A85.e.7541","ELEMENT":"f.9D9AE82FA30F8FEE8073C9435B3ECC9C.d.F63D863CC0F0000523D951E8FB5E8A85.e.7541"}]}
COMMAND: POST /session/08fad45ac65f529ba2de556ddf104458/element - {"using":"css selector","value":"#shell-header-logo"}
COMMAND: GET /session/08fad45ac65f529ba2de556ddf104458/screenshot - {}
RESULT: {"using":"css selector","value":"#shell-header-logo"}
COMMAND: POST /session/08fad45ac65f529ba2de556ddf104458/element/f.9D9AE82FA30F8FEE8073C9435B3ECC9C.d.F63D863CC0F0000523D951E8FB5E8A85.e.7257/click - {}
RESULT: {}
RESULT: {}
COMMAND: GET /session/08fad45ac65f529ba2de556ddf104458/screenshot - {}
RESULT: {}
]]></system-out>
    </testcase>
    <testcase classname="chrome.136_0_7103_93.windows.US134625_Set_up_price_condition_-_one_time" name="Should create a new contract" time="59.152">
      <system-out><![CDATA[
COMMAND: POST /session/08fad45ac65f529ba2de556ddf104458/execute/async - {"script":"<script> [1562 bytes]","args":[{"selector":{"controlType":"sap.m.GenericTile","properties":{"header":"Manage Contracts"}},"wdio_ui5_key":"sapm.GenericTile{\"header\":\"Manage Contracts\"}"}]}
RESULT: {"script":"<script> [1562 bytes]","args":[{"selector":{"controlType":"sap.m.GenericTile","properties":{"header":"Manage Contracts"}},"wdio_ui5_key":"sapm.GenericTile{\"header\":\"Manage Contracts\"}"}]}
RESULT: undefined
COMMAND: POST /session/08fad45ac65f529ba2de556ddf104458/element - {"using":"xpath","value":"//*[@id=\"__tile131\"]"}
RESULT: {"using":"xpath","value":"//*[@id=\"__tile131\"]"}
COMMAND: POST /session/08fad45ac65f529ba2de556ddf104458/element/f.9D9AE82FA30F8FEE8073C9435B3ECC9C.d.F63D863CC0F0000523D951E8FB5E8A85.e.6394/click - {}
RESULT: {}
COMMAND: GET /session/08fad45ac65f529ba2de556ddf104458/screenshot - {}
RESULT: {}
COMMAND: POST /session/08fad45ac65f529ba2de556ddf104458/elements - {"using":"xpath","value":"//span[text()='Error']"}
RESULT: {"using":"xpath","value":"//span[text()='Error']"}
COMMAND: POST /session/08fad45ac65f529ba2de556ddf104458/element - {"using":"xpath","value":"//button[@data-kt=\"addButton\"]"}
RESULT: {"using":"xpath","value":"//button[@data-kt=\"addButton\"]"}
COMMAND: POST /session/08fad45ac65f529ba2de556ddf104458/elements - {"using":"xpath","value":"//button[@data-kt=\"addButton\"]"}
RESULT: {"using":"xpath","value":"//button[@data-kt=\"addButton\"]"}
COMMAND: POST /session/08fad45ac65f529ba2de556ddf104458/execute/sync - {"script":"<script> [8489 bytes]","args":[{"element-6066-11e4-a52e-4f735466cecf":"f.9D9AE82FA30F8FEE8073C9435B3ECC9C.d.F63D863CC0F0000523D951E8FB5E8A85.e.7596","ELEMENT":"f.9D9AE82FA30F8FEE8073C9435B3ECC9C.d.F63D863CC0F0000523D951E8FB5E8A85.e.7596"}]}
RESULT: {"script":"<script> [8489 bytes]","args":[{"element-6066-11e4-a52e-4f735466cecf":"f.9D9AE82FA30F8FEE8073C9435B3ECC9C.d.F63D863CC0F0000523D951E8FB5E8A85.e.7596","ELEMENT":"f.9D9AE82FA30F8FEE8073C9435B3ECC9C.d.F63D863CC0F0000523D951E8FB5E8A85.e.7596"}]}
COMMAND: GET /session/08fad45ac65f529ba2de556ddf104458/element/f.9D9AE82FA30F8FEE8073C9435B3ECC9C.d.F63D863CC0F0000523D951E8FB5E8A85.e.7596/enabled - {}
COMMAND: GET /session/08fad45ac65f529ba2de556ddf104458/screenshot - {}
RESULT: {}
COMMAND: POST /session/08fad45ac65f529ba2de556ddf104458/execute/sync - {"script":"<script> [8489 bytes]","args":[{"element-6066-11e4-a52e-4f735466cecf":"f.9D9AE82FA30F8FEE8073C9435B3ECC9C.d.F63D863CC0F0000523D951E8FB5E8A85.e.7596","ELEMENT":"f.9D9AE82FA30F8FEE8073C9435B3ECC9C.d.F63D863CC0F0000523D951E8FB5E8A85.e.7596"}]}
COMMAND: GET /session/08fad45ac65f529ba2de556ddf104458/screenshot - {}
RESULT: {}
RESULT: {"script":"<script> [8489 bytes]","args":[{"element-6066-11e4-a52e-4f735466cecf":"f.9D9AE82FA30F8FEE8073C9435B3ECC9C.d.F63D863CC0F0000523D951E8FB5E8A85.e.7596","ELEMENT":"f.9D9AE82FA30F8FEE8073C9435B3ECC9C.d.F63D863CC0F0000523D951E8FB5E8A85.e.7596"}]}
COMMAND: POST /session/08fad45ac65f529ba2de556ddf104458/execute/sync - {"script":"<script> [5351 bytes]","args":[{"element-6066-11e4-a52e-4f735466cecf":"f.9D9AE82FA30F8FEE8073C9435B3ECC9C.d.F63D863CC0F0000523D951E8FB5E8A85.e.7596","ELEMENT":"f.9D9AE82FA30F8FEE8073C9435B3ECC9C.d.F63D863CC0F0000523D951E8FB5E8A85.e.7596"}]}
COMMAND: GET /session/08fad45ac65f529ba2de556ddf104458/screenshot - {}
RESULT: {}
RESULT: {"script":"<script> [5351 bytes]","args":[{"element-6066-11e4-a52e-4f735466cecf":"f.9D9AE82FA30F8FEE8073C9435B3ECC9C.d.F63D863CC0F0000523D951E8FB5E8A85.e.7596","ELEMENT":"f.9D9AE82FA30F8FEE8073C9435B3ECC9C.d.F63D863CC0F0000523D951E8FB5E8A85.e.7596"}]}
COMMAND: GET /session/08fad45ac65f529ba2de556ddf104458/screenshot - {}
RESULT: {}
RESULT: {}
COMMAND: POST /session/08fad45ac65f529ba2de556ddf104458/element/f.9D9AE82FA30F8FEE8073C9435B3ECC9C.d.F63D863CC0F0000523D951E8FB5E8A85.e.7596/click - {}
RESULT: {}
COMMAND: GET /session/08fad45ac65f529ba2de556ddf104458/screenshot - {}
RESULT: {}
COMMAND: POST /session/08fad45ac65f529ba2de556ddf104458/execute/async - {"script":"<script> [1562 bytes]","args":[{"selector":{"id":"application-managecontracts-display-component---AddNewContract--projectDescription","interaction":{"idSuffix":"inner"}},"wdio_ui5_key":"applicationmanagecontracts-display-component---AddNewContract--projectDescription"}]}
RESULT: {"script":"<script> [1562 bytes]","args":[{"selector":{"id":"application-managecontracts-display-component---AddNewContract--projectDescription","interaction":{"idSuffix":"inner"}},"wdio_ui5_key":"applicationmanagecontracts-display-component---AddNewContract--projectDescription"}]}
RESULT: undefined
COMMAND: POST /session/08fad45ac65f529ba2de556ddf104458/execute/async - {"script":"<script> [776 bytes]","args":[{"enterText":"Intercompany Contract WDIO","selector":{"id":"application-managecontracts-display-component---AddNewContract--projectDescription","interaction":{"idSuffix":"inner"}},"clearTextFirst":true,"interactionType":"ENTER_TEXT"}]}
RESULT: {"script":"<script> [776 bytes]","args":[{"enterText":"Intercompany Contract WDIO","selector":{"id":"application-managecontracts-display-component---AddNewContract--projectDescription","interaction":{"idSuffix":"inner"}},"clearTextFirst":true,"interactionType":"ENTER_TEXT"}]}
COMMAND: POST /session/08fad45ac65f529ba2de556ddf104458/element - {"using":"xpath","value":"//input[@id=\"application-managecontracts-display-component---AddNewContract--site-inner\"]"}
RESULT: {"using":"xpath","value":"//input[@id=\"application-managecontracts-display-component---AddNewContract--site-inner\"]"}
COMMAND: POST /session/08fad45ac65f529ba2de556ddf104458/element/f.9D9AE82FA30F8FEE8073C9435B3ECC9C.d.F63D863CC0F0000523D951E8FB5E8A85.e.7951/clear - {}
RESULT: {}
COMMAND: POST /session/08fad45ac65f529ba2de556ddf104458/element/f.9D9AE82FA30F8FEE8073C9435B3ECC9C.d.F63D863CC0F0000523D951E8FB5E8A85.e.7951/value - {"text":"2306"}
COMMAND: GET /session/08fad45ac65f529ba2de556ddf104458/screenshot - {}
RESULT: {"text":"2306"}
COMMAND: GET /session/08fad45ac65f529ba2de556ddf104458/screenshot - {}
RESULT: {}
RESULT: {}
COMMAND: POST /session/08fad45ac65f529ba2de556ddf104458/element - {"using":"xpath","value":"//li[.//span[text()='2306']]"}
RESULT: {"using":"xpath","value":"//li[.//span[text()='2306']]"}
COMMAND: POST /session/08fad45ac65f529ba2de556ddf104458/element/f.9D9AE82FA30F8FEE8073C9435B3ECC9C.d.F63D863CC0F0000523D951E8FB5E8A85.e.7982/click - {}
RESULT: {}
COMMAND: GET /session/08fad45ac65f529ba2de556ddf104458/screenshot - {}
RESULT: {}
COMMAND: POST /session/08fad45ac65f529ba2de556ddf104458/element - {"using":"xpath","value":"//input[@id=\"application-managecontracts-display-component---AddNewContract--yardId-inner\"]"}
RESULT: {"using":"xpath","value":"//input[@id=\"application-managecontracts-display-component---AddNewContract--yardId-inner\"]"}
COMMAND: GET /session/08fad45ac65f529ba2de556ddf104458/element/f.9D9AE82FA30F8FEE8073C9435B3ECC9C.d.F63D863CC0F0000523D951E8FB5E8A85.e.7952/property/value - {}
RESULT: {}
COMMAND: POST /session/08fad45ac65f529ba2de556ddf104458/element - {"using":"xpath","value":"//input[@id=\"application-managecontracts-display-component---AddNewContract--customerSelect-inner\"]"}
COMMAND: GET /session/08fad45ac65f529ba2de556ddf104458/screenshot - {}
RESULT: {"using":"xpath","value":"//input[@id=\"application-managecontracts-display-component---AddNewContract--customerSelect-inner\"]"}
COMMAND: POST /session/08fad45ac65f529ba2de556ddf104458/element/f.9D9AE82FA30F8FEE8073C9435B3ECC9C.d.F63D863CC0F0000523D951E8FB5E8A85.e.7950/clear - {}
RESULT: {}
RESULT: {}
COMMAND: POST /session/08fad45ac65f529ba2de556ddf104458/element/f.9D9AE82FA30F8FEE8073C9435B3ECC9C.d.F63D863CC0F0000523D951E8FB5E8A85.e.7950/value - {"text":"1367"}
COMMAND: GET /session/08fad45ac65f529ba2de556ddf104458/screenshot - {}
RESULT: {"text":"1367"}
COMMAND: GET /session/08fad45ac65f529ba2de556ddf104458/screenshot - {}
RESULT: {}
RESULT: {}
COMMAND: POST /session/08fad45ac65f529ba2de556ddf104458/element - {"using":"xpath","value":"//li[.//span[text()='1367']]"}
RESULT: {"using":"xpath","value":"//li[.//span[text()='1367']]"}
COMMAND: POST /session/08fad45ac65f529ba2de556ddf104458/element/f.9D9AE82FA30F8FEE8073C9435B3ECC9C.d.F63D863CC0F0000523D951E8FB5E8A85.e.7985/click - {}
RESULT: {}
COMMAND: GET /session/08fad45ac65f529ba2de556ddf104458/screenshot - {}
RESULT: {}
COMMAND: POST /session/08fad45ac65f529ba2de556ddf104458/element - {"using":"xpath","value":"//button[@data-kt=\"saveButton\"]"}
RESULT: {"using":"xpath","value":"//button[@data-kt=\"saveButton\"]"}
COMMAND: POST /session/08fad45ac65f529ba2de556ddf104458/element/f.9D9AE82FA30F8FEE8073C9435B3ECC9C.d.F63D863CC0F0000523D951E8FB5E8A85.e.7986/click - {}
RESULT: {}
COMMAND: GET /session/08fad45ac65f529ba2de556ddf104458/screenshot - {}
RESULT: {}
COMMAND: POST /session/08fad45ac65f529ba2de556ddf104458/element - {"using":"xpath","value":"//span[contains(@id ,\"contractDetailTitleNoExpanded\")]"}
RESULT: {"using":"xpath","value":"//span[contains(@id ,\"contractDetailTitleNoExpanded\")]"}
COMMAND: POST /session/08fad45ac65f529ba2de556ddf104458/elements - {"using":"xpath","value":"//span[contains(@id ,\"contractDetailTitleNoExpanded\")]"}
RESULT: {"using":"xpath","value":"//span[contains(@id ,\"contractDetailTitleNoExpanded\")]"}
COMMAND: POST /session/08fad45ac65f529ba2de556ddf104458/execute/sync - {"script":"<script> [56 bytes]","args":[{"element-6066-11e4-a52e-4f735466cecf":"f.9D9AE82FA30F8FEE8073C9435B3ECC9C.d.F63D863CC0F0000523D951E8FB5E8A85.e.8056","ELEMENT":"f.9D9AE82FA30F8FEE8073C9435B3ECC9C.d.F63D863CC0F0000523D951E8FB5E8A85.e.8056"}]}
RESULT: {"script":"<script> [56 bytes]","args":[{"element-6066-11e4-a52e-4f735466cecf":"f.9D9AE82FA30F8FEE8073C9435B3ECC9C.d.F63D863CC0F0000523D951E8FB5E8A85.e.8056","ELEMENT":"f.9D9AE82FA30F8FEE8073C9435B3ECC9C.d.F63D863CC0F0000523D951E8FB5E8A85.e.8056"}]}
COMMAND: GET /session/08fad45ac65f529ba2de556ddf104458/screenshot - {}
RESULT: {}
]]></system-out>
    </testcase>
    <testcase classname="chrome.136_0_7103_93.windows.US134625_Set_up_price_condition_-_one_time" name="Should add the material to the contract" time="53.559">
      <system-out><![CDATA[
COMMAND: POST /session/08fad45ac65f529ba2de556ddf104458/element - {"using":"xpath","value":"//button[@data-kt=\"contractDetailEditBtnButton\"]"}
RESULT: {"using":"xpath","value":"//button[@data-kt=\"contractDetailEditBtnButton\"]"}
COMMAND: POST /session/08fad45ac65f529ba2de556ddf104458/element/f.9D9AE82FA30F8FEE8073C9435B3ECC9C.d.F63D863CC0F0000523D951E8FB5E8A85.e.8059/click - {}
RESULT: {}
COMMAND: GET /session/08fad45ac65f529ba2de556ddf104458/screenshot - {}
RESULT: {}
COMMAND: POST /session/08fad45ac65f529ba2de556ddf104458/element - {"using":"xpath","value":"(//span[contains(text(), \"Additional Addresses\")])[2]"}
RESULT: {"using":"xpath","value":"(//span[contains(text(), \"Additional Addresses\")])[2]"}
COMMAND: POST /session/08fad45ac65f529ba2de556ddf104458/element/f.9D9AE82FA30F8FEE8073C9435B3ECC9C.d.F63D863CC0F0000523D951E8FB5E8A85.e.8119/click - {}
RESULT: {}
COMMAND: GET /session/08fad45ac65f529ba2de556ddf104458/screenshot - {}
RESULT: {}
COMMAND: POST /session/08fad45ac65f529ba2de556ddf104458/element - {"using":"xpath","value":"//button[@data-kt=\"btnAddTableRowOverflowToolbarButton\"]"}
RESULT: {"using":"xpath","value":"//button[@data-kt=\"btnAddTableRowOverflowToolbarButton\"]"}
COMMAND: POST /session/08fad45ac65f529ba2de556ddf104458/element/f.9D9AE82FA30F8FEE8073C9435B3ECC9C.d.F63D863CC0F0000523D951E8FB5E8A85.e.8123/click - {}
RESULT: {}
COMMAND: GET /session/08fad45ac65f529ba2de556ddf104458/screenshot - {}
RESULT: {}
COMMAND: POST /session/08fad45ac65f529ba2de556ddf104458/element - {"using":"xpath","value":"//div[(text() = 'Standard Entry' or . = 'Standard Entry')]"}
RESULT: {"using":"xpath","value":"//div[(text() = 'Standard Entry' or . = 'Standard Entry')]"}
COMMAND: POST /session/08fad45ac65f529ba2de556ddf104458/element/f.9D9AE82FA30F8FEE8073C9435B3ECC9C.d.F63D863CC0F0000523D951E8FB5E8A85.e.8125/click - {}
RESULT: {}
COMMAND: GET /session/08fad45ac65f529ba2de556ddf104458/screenshot - {}
RESULT: {}
COMMAND: POST /session/08fad45ac65f529ba2de556ddf104458/element - {"using":"xpath","value":"//td[6]/div/div/div/span"}
RESULT: {"using":"xpath","value":"//td[6]/div/div/div/span"}
COMMAND: POST /session/08fad45ac65f529ba2de556ddf104458/element/f.9D9AE82FA30F8FEE8073C9435B3ECC9C.d.F63D863CC0F0000523D951E8FB5E8A85.e.8137/click - {}
RESULT: {}
COMMAND: GET /session/08fad45ac65f529ba2de556ddf104458/screenshot - {}
RESULT: {}
COMMAND: POST /session/08fad45ac65f529ba2de556ddf104458/element - {"using":"xpath","value":"(//span[contains(text(), \"Material\")])"}
RESULT: {"using":"xpath","value":"(//span[contains(text(), \"Material\")])"}
COMMAND: POST /session/08fad45ac65f529ba2de556ddf104458/element/f.9D9AE82FA30F8FEE8073C9435B3ECC9C.d.F63D863CC0F0000523D951E8FB5E8A85.e.8138/click - {}
RESULT: {}
COMMAND: GET /session/08fad45ac65f529ba2de556ddf104458/screenshot - {}
RESULT: {}
COMMAND: POST /session/08fad45ac65f529ba2de556ddf104458/element - {"using":"xpath","value":"//td[7]/div/div/input"}
RESULT: {"using":"xpath","value":"//td[7]/div/div/input"}
COMMAND: POST /session/08fad45ac65f529ba2de556ddf104458/element/f.9D9AE82FA30F8FEE8073C9435B3ECC9C.d.F63D863CC0F0000523D951E8FB5E8A85.e.8142/clear - {}
RESULT: {}
COMMAND: POST /session/08fad45ac65f529ba2de556ddf104458/element/f.9D9AE82FA30F8FEE8073C9435B3ECC9C.d.F63D863CC0F0000523D951E8FB5E8A85.e.8142/value - {"text":"200342"}
COMMAND: GET /session/08fad45ac65f529ba2de556ddf104458/screenshot - {}
RESULT: {"text":"200342"}
COMMAND: GET /session/08fad45ac65f529ba2de556ddf104458/screenshot - {}
RESULT: {}
RESULT: {}
COMMAND: POST /session/08fad45ac65f529ba2de556ddf104458/actions - {"actions":[{"id":"action28","type":"key","parameters":{},"actions":[{"type":"keyDown","value":"î€‡"},{"type":"pause","duration":10},{"type":"keyUp","value":"î€‡"}]}]}
RESULT: {"actions":[{"id":"action28","type":"key","parameters":{},"actions":[{"type":"keyDown","value":"î€‡"},{"type":"pause","duration":10},{"type":"keyUp","value":"î€‡"}]}]}
COMMAND: GET /session/08fad45ac65f529ba2de556ddf104458/screenshot - {}
COMMAND: POST /session/08fad45ac65f529ba2de556ddf104458/execute/sync - {"script":"<script> [276 bytes]","args":["No pricing information was found"]}
RESULT: {}
RESULT: {"script":"<script> [276 bytes]","args":["No pricing information was found"]}
COMMAND: POST /session/08fad45ac65f529ba2de556ddf104458/element - {"using":"xpath","value":"(//button[@data-kt=\"saveButton\"])[2]"}
COMMAND: GET /session/08fad45ac65f529ba2de556ddf104458/screenshot - {}
RESULT: {"using":"xpath","value":"(//button[@data-kt=\"saveButton\"])[2]"}
COMMAND: POST /session/08fad45ac65f529ba2de556ddf104458/element/f.9D9AE82FA30F8FEE8073C9435B3ECC9C.d.F63D863CC0F0000523D951E8FB5E8A85.e.8165/click - {}
RESULT: {}
RESULT: {}
COMMAND: GET /session/08fad45ac65f529ba2de556ddf104458/screenshot - {}
RESULT: {}
COMMAND: POST /session/08fad45ac65f529ba2de556ddf104458/execute/sync - {"script":"<script> [276 bytes]","args":["Some contract items are having rental validity exceeding header rental validity"]}
RESULT: {"script":"<script> [276 bytes]","args":["Some contract items are having rental validity exceeding header rental validity"]}
COMMAND: GET /session/08fad45ac65f529ba2de556ddf104458/screenshot - {}
RESULT: {}
COMMAND: POST /session/08fad45ac65f529ba2de556ddf104458/element - {"using":"xpath","value":"//span[contains(@id ,\"contractItemsSmartTable-header-inner\")]"}
RESULT: {"using":"xpath","value":"//span[contains(@id ,\"contractItemsSmartTable-header-inner\")]"}
COMMAND: POST /session/08fad45ac65f529ba2de556ddf104458/elements - {"using":"xpath","value":"//span[contains(@id ,\"contractItemsSmartTable-header-inner\")]"}
RESULT: {"using":"xpath","value":"//span[contains(@id ,\"contractItemsSmartTable-header-inner\")]"}
COMMAND: POST /session/08fad45ac65f529ba2de556ddf104458/execute/sync - {"script":"<script> [56 bytes]","args":[{"element-6066-11e4-a52e-4f735466cecf":"f.9D9AE82FA30F8FEE8073C9435B3ECC9C.d.F63D863CC0F0000523D951E8FB5E8A85.e.8171","ELEMENT":"f.9D9AE82FA30F8FEE8073C9435B3ECC9C.d.F63D863CC0F0000523D951E8FB5E8A85.e.8171"}]}
RESULT: {"script":"<script> [56 bytes]","args":[{"element-6066-11e4-a52e-4f735466cecf":"f.9D9AE82FA30F8FEE8073C9435B3ECC9C.d.F63D863CC0F0000523D951E8FB5E8A85.e.8171","ELEMENT":"f.9D9AE82FA30F8FEE8073C9435B3ECC9C.d.F63D863CC0F0000523D951E8FB5E8A85.e.8171"}]}
COMMAND: GET /session/08fad45ac65f529ba2de556ddf104458/screenshot - {}
]]></system-out>
    </testcase>
    <testcase classname="chrome.136_0_7103_93.windows.US134625_Set_up_price_condition_-_one_time" name="Should verify the bill item creation and pricing condition" time="11.264">
      <system-out><![CDATA[
COMMAND: POST /session/08fad45ac65f529ba2de556ddf104458/execute/async - {"script":"<script> [1562 bytes]","args":[{"selector":{"controlType":"sap.ui.core.Icon","viewName":"etm.portal.ui.managecontracts.view.Detail","properties":{"src":{"regex":{"source":"slim\\-arrow\\-right"}}}},"wdio_ui5_key":"etmportal.ui.managecontracts.view.Detailsap.ui.core.Icon{\"src\":{\"regex\":{\"source\":\"slim\\\\-arrow\\\\-right\"}}}"}]}
RESULT: {}
RESULT: {"script":"<script> [1562 bytes]","args":[{"selector":{"controlType":"sap.ui.core.Icon","viewName":"etm.portal.ui.managecontracts.view.Detail","properties":{"src":{"regex":{"source":"slim\\-arrow\\-right"}}}},"wdio_ui5_key":"etmportal.ui.managecontracts.view.Detailsap.ui.core.Icon{\"src\":{\"regex\":{\"source\":\"slim\\\\-arrow\\\\-right\"}}}"}]}
RESULT: undefined
COMMAND: POST /session/08fad45ac65f529ba2de556ddf104458/element - {"using":"xpath","value":"//*[@id=\"__item1769-__clone3612-imgNav\"]"}
RESULT: {"using":"xpath","value":"//*[@id=\"__item1769-__clone3612-imgNav\"]"}
COMMAND: POST /session/08fad45ac65f529ba2de556ddf104458/element/f.9D9AE82FA30F8FEE8073C9435B3ECC9C.d.F63D863CC0F0000523D951E8FB5E8A85.e.8172/click - {}
RESULT: {}
COMMAND: GET /session/08fad45ac65f529ba2de556ddf104458/screenshot - {}
RESULT: {}
COMMAND: POST /session/08fad45ac65f529ba2de556ddf104458/execute/async - {"script":"<script> [1562 bytes]","args":[{"selector":{"controlType":"sap.m.Text","viewName":"etm.portal.ui.managecontracts.view.BillingItem","viewId":"application-managecontracts-display-component---BillingItem","bindingPath":{"propertyPath":"LINK_TO_C_BILL_TYPES/DESCRIPTION"}},"wdio_ui5_key":"etmportal.ui.managecontracts.view.BillingItemsap.m.Text{\"propertyPath\":\"LINK_TO_C_BILL_TYPES/DESCRIPTION\"}"}]}
RESULT: {"script":"<script> [1562 bytes]","args":[{"selector":{"controlType":"sap.m.Text","viewName":"etm.portal.ui.managecontracts.view.BillingItem","viewId":"application-managecontracts-display-component---BillingItem","bindingPath":{"propertyPath":"LINK_TO_C_BILL_TYPES/DESCRIPTION"}},"wdio_ui5_key":"etmportal.ui.managecontracts.view.BillingItemsap.m.Text{\"propertyPath\":\"LINK_TO_C_BILL_TYPES/DESCRIPTION\"}"}]}
RESULT: undefined
COMMAND: POST /session/08fad45ac65f529ba2de556ddf104458/execute/async - {"script":"<script> [6424 bytes]","args":[{"element-6066-11e4-a52e-4f735466cecf":"f.9D9AE82FA30F8FEE8073C9435B3ECC9C.d.F63D863CC0F0000523D951E8FB5E8A85.e.8210"},"getText",[]]}
RESULT: {"script":"<script> [6424 bytes]","args":[{"element-6066-11e4-a52e-4f735466cecf":"f.9D9AE82FA30F8FEE8073C9435B3ECC9C.d.F63D863CC0F0000523D951E8FB5E8A85.e.8210"},"getText",[]]}
COMMAND: POST /session/08fad45ac65f529ba2de556ddf104458/execute/async - {"script":"<script> [1562 bytes]","args":[{"selector":{"controlType":"sap.m.ObjectNumber","viewName":"etm.portal.ui.managecontracts.view.BillingItem","viewId":"application-managecontracts-display-component---BillingItem","bindingPath":{"propertyPath":"BASE_PRICE"}},"wdio_ui5_key":"etmportal.ui.managecontracts.view.BillingItemsap.m.ObjectNumber{\"propertyPath\":\"BASE_PRICE\"}"}]}
RESULT: {"script":"<script> [1562 bytes]","args":[{"selector":{"controlType":"sap.m.ObjectNumber","viewName":"etm.portal.ui.managecontracts.view.BillingItem","viewId":"application-managecontracts-display-component---BillingItem","bindingPath":{"propertyPath":"BASE_PRICE"}},"wdio_ui5_key":"etmportal.ui.managecontracts.view.BillingItemsap.m.ObjectNumber{\"propertyPath\":\"BASE_PRICE\"}"}]}
RESULT: undefined
COMMAND: POST /session/08fad45ac65f529ba2de556ddf104458/execute/async - {"script":"<script> [6424 bytes]","args":[{"element-6066-11e4-a52e-4f735466cecf":"f.9D9AE82FA30F8FEE8073C9435B3ECC9C.d.F63D863CC0F0000523D951E8FB5E8A85.e.8211"},"getNumber",[]]}
RESULT: {"script":"<script> [6424 bytes]","args":[{"element-6066-11e4-a52e-4f735466cecf":"f.9D9AE82FA30F8FEE8073C9435B3ECC9C.d.F63D863CC0F0000523D951E8FB5E8A85.e.8211"},"getNumber",[]]}
COMMAND: POST /session/08fad45ac65f529ba2de556ddf104458/execute/async - {"script":"<script> [1562 bytes]","args":[{"selector":{"controlType":"sap.m.ObjectNumber","viewName":"etm.portal.ui.managecontracts.view.BillingItem","viewId":"application-managecontracts-display-component---BillingItem","bindingPath":{"propertyPath":"BASE_QUANTITY"}},"wdio_ui5_key":"etmportal.ui.managecontracts.view.BillingItemsap.m.ObjectNumber{\"propertyPath\":\"BASE_QUANTITY\"}"}]}
RESULT: {"script":"<script> [1562 bytes]","args":[{"selector":{"controlType":"sap.m.ObjectNumber","viewName":"etm.portal.ui.managecontracts.view.BillingItem","viewId":"application-managecontracts-display-component---BillingItem","bindingPath":{"propertyPath":"BASE_QUANTITY"}},"wdio_ui5_key":"etmportal.ui.managecontracts.view.BillingItemsap.m.ObjectNumber{\"propertyPath\":\"BASE_QUANTITY\"}"}]}
RESULT: undefined
COMMAND: POST /session/08fad45ac65f529ba2de556ddf104458/execute/async - {"script":"<script> [6424 bytes]","args":[{"element-6066-11e4-a52e-4f735466cecf":"f.9D9AE82FA30F8FEE8073C9435B3ECC9C.d.F63D863CC0F0000523D951E8FB5E8A85.e.8212"},"getNumber",[]]}
RESULT: {"script":"<script> [6424 bytes]","args":[{"element-6066-11e4-a52e-4f735466cecf":"f.9D9AE82FA30F8FEE8073C9435B3ECC9C.d.F63D863CC0F0000523D951E8FB5E8A85.e.8212"},"getNumber",[]]}
COMMAND: DELETE /session/08fad45ac65f529ba2de556ddf104458 - {}
RESULT: {}
]]></system-out>
    </testcase>
  </testsuite>
</testsuites>