<?xml version="1.0" encoding="UTF-8"?>
<testsuites tests="21" failures="0" errors="0" skipped="0">
  <testsuite timestamp="2025-05-28T15:57:54" time="75.812" tests="16" failures="0" errors="0" skipped="0">
    <properties>
      <property name="specId" value="0"/>
      <property name="suiteName" value="Configure System - Interfaces US132253"/>
      <property name="capabilities" value="chrome.136_0_7103_93.windows"/>
      <property name="file" value="file:///D:/a/1/s/test/specs/TECH/configure-system-endpoints.spec.js"/>
    </properties>
    <testcase classname="chrome.136_0_7103_93.windows.Configure_System_-_Interfaces_US132253" name="System should have default destination system setted to S4HP" time="32.714">
      <system-out><![CDATA[
COMMAND: POST /session/42884225aed85a1416fe6b9a7a194f6f/execute/async - {"script":"<script> [1562 bytes]","args":[{"selector":{"controlType":"sap.m.Text","viewName":"etm.portal.ui.configuresystem.view.Master","properties":{"text":"1 table filter active: Type"}},"wdio_ui5_key":"etmportal.ui.configuresystem.view.Mastersap.m.Text{\"text\":\"1 table filter active: Type\"}"}]}
RESULT: {"script":"<script> [1562 bytes]","args":[{"selector":{"controlType":"sap.m.Text","viewName":"etm.portal.ui.configuresystem.view.Master","properties":{"text":"1 table filter active: Type"}},"wdio_ui5_key":"etmportal.ui.configuresystem.view.Mastersap.m.Text{\"text\":\"1 table filter active: Type\"}"}]}
RESULT: undefined
COMMAND: POST /session/42884225aed85a1416fe6b9a7a194f6f/execute/async - {"script":"<script> [1562 bytes]","args":[{"selector":{"controlType":"sap.m.Text","viewName":"etm.portal.ui.configuresystem.view.Master","properties":{"text":"S12_S4HC"}},"wdio_ui5_key":"etmportal.ui.configuresystem.view.Mastersap.m.Text{\"text\":\"S12_S4HC\"}"}]}
RESULT: {"script":"<script> [1562 bytes]","args":[{"selector":{"controlType":"sap.m.Text","viewName":"etm.portal.ui.configuresystem.view.Master","properties":{"text":"S12_S4HC"}},"wdio_ui5_key":"etmportal.ui.configuresystem.view.Mastersap.m.Text{\"text\":\"S12_S4HC\"}"}]}
RESULT: undefined
COMMAND: POST /session/42884225aed85a1416fe6b9a7a194f6f/execute/async - {"script":"<script> [6424 bytes]","args":[{"element-6066-11e4-a52e-4f735466cecf":"f.9BCB9C5AC579EB569B22B9388FFD1F0B.d.F4A43EA513B47F8FD8A45AF1512D2F5C.e.133"},"getText",[]]}
RESULT: {"script":"<script> [6424 bytes]","args":[{"element-6066-11e4-a52e-4f735466cecf":"f.9BCB9C5AC579EB569B22B9388FFD1F0B.d.F4A43EA513B47F8FD8A45AF1512D2F5C.e.133"},"getText",[]]}
COMMAND: POST /session/42884225aed85a1416fe6b9a7a194f6f/execute/async - {"script":"<script> [1562 bytes]","args":[{"selector":{"controlType":"sap.m.Button","viewName":"etm.portal.ui.configuresystem.view.Master","properties":{"text":"Endpoints"},"interaction":{"idSuffix":"BDI-content"}},"wdio_ui5_key":"etmportal.ui.configuresystem.view.Mastersap.m.Button{\"text\":\"Endpoints\"}"}]}
RESULT: {"script":"<script> [1562 bytes]","args":[{"selector":{"controlType":"sap.m.Button","viewName":"etm.portal.ui.configuresystem.view.Master","properties":{"text":"Endpoints"},"interaction":{"idSuffix":"BDI-content"}},"wdio_ui5_key":"etmportal.ui.configuresystem.view.Mastersap.m.Button{\"text\":\"Endpoints\"}"}]}
RESULT: undefined
COMMAND: POST /session/42884225aed85a1416fe6b9a7a194f6f/element - {"using":"xpath","value":"//*[@id=\"__xmlview58--ObjectPageLayout-anchBar-__xmlview58--endpointsSection-anchor\"]"}
RESULT: {"using":"xpath","value":"//*[@id=\"__xmlview58--ObjectPageLayout-anchBar-__xmlview58--endpointsSection-anchor\"]"}
COMMAND: POST /session/42884225aed85a1416fe6b9a7a194f6f/element/f.9BCB9C5AC579EB569B22B9388FFD1F0B.d.F4A43EA513B47F8FD8A45AF1512D2F5C.e.135/click - {}
RESULT: {}
]]></system-out>
    </testcase>
    <testcase classname="chrome.136_0_7103_93.windows.Configure_System_-_Interfaces_US132253" name="Validate Asset endpoint connection status to Success" time="3.521">
      <system-out><![CDATA[
COMMAND: POST /session/42884225aed85a1416fe6b9a7a194f6f/execute/async - {"script":"<script> [1562 bytes]","args":[{"selector":{"controlType":"sap.m.Button","viewName":"etm.portal.ui.configuresystem.view.Master","bindingPath":{"path":"/EndpointsWithStatus('Asset')","propertyPath":"STATUS_TEXT"},"interaction":{"idSuffix":"BDI-content"}},"wdio_ui5_key":"etmportal.ui.configuresystem.view.Mastersap.m.Button{\"path\":\"/EndpointsWithStatus('Asset')\",\"propertyPath\":\"STATUS_TEXT\"}"}]}
COMMAND: GET /session/42884225aed85a1416fe6b9a7a194f6f/screenshot - {}
RESULT: {"script":"<script> [1562 bytes]","args":[{"selector":{"controlType":"sap.m.Button","viewName":"etm.portal.ui.configuresystem.view.Master","bindingPath":{"path":"/EndpointsWithStatus('Asset')","propertyPath":"STATUS_TEXT"},"interaction":{"idSuffix":"BDI-content"}},"wdio_ui5_key":"etmportal.ui.configuresystem.view.Mastersap.m.Button{\"path\":\"/EndpointsWithStatus('Asset')\",\"propertyPath\":\"STATUS_TEXT\"}"}]}
RESULT: undefined
COMMAND: POST /session/42884225aed85a1416fe6b9a7a194f6f/execute/async - {"script":"<script> [6424 bytes]","args":[{"element-6066-11e4-a52e-4f735466cecf":"f.9BCB9C5AC579EB569B22B9388FFD1F0B.d.F4A43EA513B47F8FD8A45AF1512D2F5C.e.199"},"getText",[]]}
RESULT: {}
RESULT: {"script":"<script> [6424 bytes]","args":[{"element-6066-11e4-a52e-4f735466cecf":"f.9BCB9C5AC579EB569B22B9388FFD1F0B.d.F4A43EA513B47F8FD8A45AF1512D2F5C.e.199"},"getText",[]]}
]]></system-out>
    </testcase>
    <testcase classname="chrome.136_0_7103_93.windows.Configure_System_-_Interfaces_US132253" name="Validate Equipment endpoint connection status to Success" time="1.19">
      <system-out><![CDATA[
COMMAND: POST /session/42884225aed85a1416fe6b9a7a194f6f/execute/async - {"script":"<script> [1562 bytes]","args":[{"selector":{"controlType":"sap.m.Button","viewName":"etm.portal.ui.configuresystem.view.Master","bindingPath":{"path":"/EndpointsWithStatus('Equipment')","propertyPath":"STATUS_TEXT"},"interaction":{"idSuffix":"BDI-content"}},"wdio_ui5_key":"etmportal.ui.configuresystem.view.Mastersap.m.Button{\"path\":\"/EndpointsWithStatus('Equipment')\",\"propertyPath\":\"STATUS_TEXT\"}"}]}
RESULT: {"script":"<script> [1562 bytes]","args":[{"selector":{"controlType":"sap.m.Button","viewName":"etm.portal.ui.configuresystem.view.Master","bindingPath":{"path":"/EndpointsWithStatus('Equipment')","propertyPath":"STATUS_TEXT"},"interaction":{"idSuffix":"BDI-content"}},"wdio_ui5_key":"etmportal.ui.configuresystem.view.Mastersap.m.Button{\"path\":\"/EndpointsWithStatus('Equipment')\",\"propertyPath\":\"STATUS_TEXT\"}"}]}
RESULT: undefined
COMMAND: POST /session/42884225aed85a1416fe6b9a7a194f6f/execute/async - {"script":"<script> [6424 bytes]","args":[{"element-6066-11e4-a52e-4f735466cecf":"f.9BCB9C5AC579EB569B22B9388FFD1F0B.d.F4A43EA513B47F8FD8A45AF1512D2F5C.e.200"},"getText",[]]}
RESULT: {"script":"<script> [6424 bytes]","args":[{"element-6066-11e4-a52e-4f735466cecf":"f.9BCB9C5AC579EB569B22B9388FFD1F0B.d.F4A43EA513B47F8FD8A45AF1512D2F5C.e.200"},"getText",[]]}
]]></system-out>
    </testcase>
    <testcase classname="chrome.136_0_7103_93.windows.Configure_System_-_Interfaces_US132253" name="Validate BillingAndGoodsMvmt endpoint connection status to Success" time="1.061">
      <system-out><![CDATA[
COMMAND: POST /session/42884225aed85a1416fe6b9a7a194f6f/execute/async - {"script":"<script> [1562 bytes]","args":[{"selector":{"controlType":"sap.m.Button","viewName":"etm.portal.ui.configuresystem.view.Master","bindingPath":{"path":"/EndpointsWithStatus('BillingAndGoodsMvmt')","propertyPath":"STATUS_TEXT"},"interaction":{"idSuffix":"BDI-content"}},"wdio_ui5_key":"etmportal.ui.configuresystem.view.Mastersap.m.Button{\"path\":\"/EndpointsWithStatus('BillingAndGoodsMvmt')\",\"propertyPath\":\"STATUS_TEXT\"}"}]}
RESULT: {"script":"<script> [1562 bytes]","args":[{"selector":{"controlType":"sap.m.Button","viewName":"etm.portal.ui.configuresystem.view.Master","bindingPath":{"path":"/EndpointsWithStatus('BillingAndGoodsMvmt')","propertyPath":"STATUS_TEXT"},"interaction":{"idSuffix":"BDI-content"}},"wdio_ui5_key":"etmportal.ui.configuresystem.view.Mastersap.m.Button{\"path\":\"/EndpointsWithStatus('BillingAndGoodsMvmt')\",\"propertyPath\":\"STATUS_TEXT\"}"}]}
RESULT: undefined
COMMAND: POST /session/42884225aed85a1416fe6b9a7a194f6f/execute/async - {"script":"<script> [6424 bytes]","args":[{"element-6066-11e4-a52e-4f735466cecf":"f.9BCB9C5AC579EB569B22B9388FFD1F0B.d.F4A43EA513B47F8FD8A45AF1512D2F5C.e.201"},"getText",[]]}
RESULT: {"script":"<script> [6424 bytes]","args":[{"element-6066-11e4-a52e-4f735466cecf":"f.9BCB9C5AC579EB569B22B9388FFD1F0B.d.F4A43EA513B47F8FD8A45AF1512D2F5C.e.201"},"getText",[]]}
]]></system-out>
    </testcase>
    <testcase classname="chrome.136_0_7103_93.windows.Configure_System_-_Interfaces_US132253" name="Validate CompanyCode endpoint connection status to Success" time="1.038">
      <system-out><![CDATA[
COMMAND: POST /session/42884225aed85a1416fe6b9a7a194f6f/execute/async - {"script":"<script> [1562 bytes]","args":[{"selector":{"controlType":"sap.m.Button","viewName":"etm.portal.ui.configuresystem.view.Master","bindingPath":{"path":"/EndpointsWithStatus('CompanyCode')","propertyPath":"STATUS_TEXT"},"interaction":{"idSuffix":"BDI-content"}},"wdio_ui5_key":"etmportal.ui.configuresystem.view.Mastersap.m.Button{\"path\":\"/EndpointsWithStatus('CompanyCode')\",\"propertyPath\":\"STATUS_TEXT\"}"}]}
RESULT: {"script":"<script> [1562 bytes]","args":[{"selector":{"controlType":"sap.m.Button","viewName":"etm.portal.ui.configuresystem.view.Master","bindingPath":{"path":"/EndpointsWithStatus('CompanyCode')","propertyPath":"STATUS_TEXT"},"interaction":{"idSuffix":"BDI-content"}},"wdio_ui5_key":"etmportal.ui.configuresystem.view.Mastersap.m.Button{\"path\":\"/EndpointsWithStatus('CompanyCode')\",\"propertyPath\":\"STATUS_TEXT\"}"}]}
RESULT: undefined
COMMAND: POST /session/42884225aed85a1416fe6b9a7a194f6f/execute/async - {"script":"<script> [6424 bytes]","args":[{"element-6066-11e4-a52e-4f735466cecf":"f.9BCB9C5AC579EB569B22B9388FFD1F0B.d.F4A43EA513B47F8FD8A45AF1512D2F5C.e.202"},"getText",[]]}
RESULT: {"script":"<script> [6424 bytes]","args":[{"element-6066-11e4-a52e-4f735466cecf":"f.9BCB9C5AC579EB569B22B9388FFD1F0B.d.F4A43EA513B47F8FD8A45AF1512D2F5C.e.202"},"getText",[]]}
]]></system-out>
    </testcase>
    <testcase classname="chrome.136_0_7103_93.windows.Configure_System_-_Interfaces_US132253" name="Validate CostCenter endpoint connection status to Success" time="1.065">
      <system-out><![CDATA[
COMMAND: POST /session/42884225aed85a1416fe6b9a7a194f6f/execute/async - {"script":"<script> [1562 bytes]","args":[{"selector":{"controlType":"sap.m.Button","viewName":"etm.portal.ui.configuresystem.view.Master","bindingPath":{"path":"/EndpointsWithStatus('CostCenter')","propertyPath":"STATUS_TEXT"},"interaction":{"idSuffix":"BDI-content"}},"wdio_ui5_key":"etmportal.ui.configuresystem.view.Mastersap.m.Button{\"path\":\"/EndpointsWithStatus('CostCenter')\",\"propertyPath\":\"STATUS_TEXT\"}"}]}
RESULT: {"script":"<script> [1562 bytes]","args":[{"selector":{"controlType":"sap.m.Button","viewName":"etm.portal.ui.configuresystem.view.Master","bindingPath":{"path":"/EndpointsWithStatus('CostCenter')","propertyPath":"STATUS_TEXT"},"interaction":{"idSuffix":"BDI-content"}},"wdio_ui5_key":"etmportal.ui.configuresystem.view.Mastersap.m.Button{\"path\":\"/EndpointsWithStatus('CostCenter')\",\"propertyPath\":\"STATUS_TEXT\"}"}]}
RESULT: undefined
COMMAND: POST /session/42884225aed85a1416fe6b9a7a194f6f/execute/async - {"script":"<script> [6424 bytes]","args":[{"element-6066-11e4-a52e-4f735466cecf":"f.9BCB9C5AC579EB569B22B9388FFD1F0B.d.F4A43EA513B47F8FD8A45AF1512D2F5C.e.203"},"getText",[]]}
RESULT: {"script":"<script> [6424 bytes]","args":[{"element-6066-11e4-a52e-4f735466cecf":"f.9BCB9C5AC579EB569B22B9388FFD1F0B.d.F4A43EA513B47F8FD8A45AF1512D2F5C.e.203"},"getText",[]]}
]]></system-out>
    </testcase>
    <testcase classname="chrome.136_0_7103_93.windows.Configure_System_-_Interfaces_US132253" name="Validate ExternalCustomer endpoint connection status to Success" time="1.102">
      <system-out><![CDATA[
COMMAND: POST /session/42884225aed85a1416fe6b9a7a194f6f/execute/async - {"script":"<script> [1562 bytes]","args":[{"selector":{"controlType":"sap.m.Button","viewName":"etm.portal.ui.configuresystem.view.Master","bindingPath":{"path":"/EndpointsWithStatus('ExternalCustomer')","propertyPath":"STATUS_TEXT"},"interaction":{"idSuffix":"BDI-content"}},"wdio_ui5_key":"etmportal.ui.configuresystem.view.Mastersap.m.Button{\"path\":\"/EndpointsWithStatus('ExternalCustomer')\",\"propertyPath\":\"STATUS_TEXT\"}"}]}
RESULT: {"script":"<script> [1562 bytes]","args":[{"selector":{"controlType":"sap.m.Button","viewName":"etm.portal.ui.configuresystem.view.Master","bindingPath":{"path":"/EndpointsWithStatus('ExternalCustomer')","propertyPath":"STATUS_TEXT"},"interaction":{"idSuffix":"BDI-content"}},"wdio_ui5_key":"etmportal.ui.configuresystem.view.Mastersap.m.Button{\"path\":\"/EndpointsWithStatus('ExternalCustomer')\",\"propertyPath\":\"STATUS_TEXT\"}"}]}
RESULT: undefined
COMMAND: POST /session/42884225aed85a1416fe6b9a7a194f6f/execute/async - {"script":"<script> [6424 bytes]","args":[{"element-6066-11e4-a52e-4f735466cecf":"f.9BCB9C5AC579EB569B22B9388FFD1F0B.d.F4A43EA513B47F8FD8A45AF1512D2F5C.e.204"},"getText",[]]}
RESULT: {"script":"<script> [6424 bytes]","args":[{"element-6066-11e4-a52e-4f735466cecf":"f.9BCB9C5AC579EB569B22B9388FFD1F0B.d.F4A43EA513B47F8FD8A45AF1512D2F5C.e.204"},"getText",[]]}
]]></system-out>
    </testcase>
    <testcase classname="chrome.136_0_7103_93.windows.Configure_System_-_Interfaces_US132253" name="Validate InternalOrder endpoint connection status to Success" time="1.098">
      <system-out><![CDATA[
COMMAND: POST /session/42884225aed85a1416fe6b9a7a194f6f/execute/async - {"script":"<script> [1562 bytes]","args":[{"selector":{"controlType":"sap.m.Button","viewName":"etm.portal.ui.configuresystem.view.Master","bindingPath":{"path":"/EndpointsWithStatus('InternalOrder')","propertyPath":"STATUS_TEXT"},"interaction":{"idSuffix":"BDI-content"}},"wdio_ui5_key":"etmportal.ui.configuresystem.view.Mastersap.m.Button{\"path\":\"/EndpointsWithStatus('InternalOrder')\",\"propertyPath\":\"STATUS_TEXT\"}"}]}
RESULT: {"script":"<script> [1562 bytes]","args":[{"selector":{"controlType":"sap.m.Button","viewName":"etm.portal.ui.configuresystem.view.Master","bindingPath":{"path":"/EndpointsWithStatus('InternalOrder')","propertyPath":"STATUS_TEXT"},"interaction":{"idSuffix":"BDI-content"}},"wdio_ui5_key":"etmportal.ui.configuresystem.view.Mastersap.m.Button{\"path\":\"/EndpointsWithStatus('InternalOrder')\",\"propertyPath\":\"STATUS_TEXT\"}"}]}
RESULT: undefined
COMMAND: POST /session/42884225aed85a1416fe6b9a7a194f6f/execute/async - {"script":"<script> [6424 bytes]","args":[{"element-6066-11e4-a52e-4f735466cecf":"f.9BCB9C5AC579EB569B22B9388FFD1F0B.d.F4A43EA513B47F8FD8A45AF1512D2F5C.e.205"},"getText",[]]}
RESULT: {"script":"<script> [6424 bytes]","args":[{"element-6066-11e4-a52e-4f735466cecf":"f.9BCB9C5AC579EB569B22B9388FFD1F0B.d.F4A43EA513B47F8FD8A45AF1512D2F5C.e.205"},"getText",[]]}
]]></system-out>
    </testcase>
    <testcase classname="chrome.136_0_7103_93.windows.Configure_System_-_Interfaces_US132253" name="Validate MaintenanceOrder endpoint connection status to Success" time="1.013">
      <system-out><![CDATA[
COMMAND: POST /session/42884225aed85a1416fe6b9a7a194f6f/execute/async - {"script":"<script> [1562 bytes]","args":[{"selector":{"controlType":"sap.m.Button","viewName":"etm.portal.ui.configuresystem.view.Master","bindingPath":{"path":"/EndpointsWithStatus('MaintenanceOrder')","propertyPath":"STATUS_TEXT"},"interaction":{"idSuffix":"BDI-content"}},"wdio_ui5_key":"etmportal.ui.configuresystem.view.Mastersap.m.Button{\"path\":\"/EndpointsWithStatus('MaintenanceOrder')\",\"propertyPath\":\"STATUS_TEXT\"}"}]}
RESULT: {"script":"<script> [1562 bytes]","args":[{"selector":{"controlType":"sap.m.Button","viewName":"etm.portal.ui.configuresystem.view.Master","bindingPath":{"path":"/EndpointsWithStatus('MaintenanceOrder')","propertyPath":"STATUS_TEXT"},"interaction":{"idSuffix":"BDI-content"}},"wdio_ui5_key":"etmportal.ui.configuresystem.view.Mastersap.m.Button{\"path\":\"/EndpointsWithStatus('MaintenanceOrder')\",\"propertyPath\":\"STATUS_TEXT\"}"}]}
RESULT: undefined
COMMAND: POST /session/42884225aed85a1416fe6b9a7a194f6f/execute/async - {"script":"<script> [6424 bytes]","args":[{"element-6066-11e4-a52e-4f735466cecf":"f.9BCB9C5AC579EB569B22B9388FFD1F0B.d.F4A43EA513B47F8FD8A45AF1512D2F5C.e.206"},"getText",[]]}
RESULT: {"script":"<script> [6424 bytes]","args":[{"element-6066-11e4-a52e-4f735466cecf":"f.9BCB9C5AC579EB569B22B9388FFD1F0B.d.F4A43EA513B47F8FD8A45AF1512D2F5C.e.206"},"getText",[]]}
]]></system-out>
    </testcase>
    <testcase classname="chrome.136_0_7103_93.windows.Configure_System_-_Interfaces_US132253" name="Validate Material endpoint connection status to Success" time="1.124">
      <system-out><![CDATA[
COMMAND: POST /session/42884225aed85a1416fe6b9a7a194f6f/execute/async - {"script":"<script> [1562 bytes]","args":[{"selector":{"controlType":"sap.m.Button","viewName":"etm.portal.ui.configuresystem.view.Master","bindingPath":{"path":"/EndpointsWithStatus('Material')","propertyPath":"STATUS_TEXT"},"interaction":{"idSuffix":"BDI-content"}},"wdio_ui5_key":"etmportal.ui.configuresystem.view.Mastersap.m.Button{\"path\":\"/EndpointsWithStatus('Material')\",\"propertyPath\":\"STATUS_TEXT\"}"}]}
RESULT: {"script":"<script> [1562 bytes]","args":[{"selector":{"controlType":"sap.m.Button","viewName":"etm.portal.ui.configuresystem.view.Master","bindingPath":{"path":"/EndpointsWithStatus('Material')","propertyPath":"STATUS_TEXT"},"interaction":{"idSuffix":"BDI-content"}},"wdio_ui5_key":"etmportal.ui.configuresystem.view.Mastersap.m.Button{\"path\":\"/EndpointsWithStatus('Material')\",\"propertyPath\":\"STATUS_TEXT\"}"}]}
RESULT: undefined
COMMAND: POST /session/42884225aed85a1416fe6b9a7a194f6f/execute/async - {"script":"<script> [6424 bytes]","args":[{"element-6066-11e4-a52e-4f735466cecf":"f.9BCB9C5AC579EB569B22B9388FFD1F0B.d.F4A43EA513B47F8FD8A45AF1512D2F5C.e.207"},"getText",[]]}
RESULT: {"script":"<script> [6424 bytes]","args":[{"element-6066-11e4-a52e-4f735466cecf":"f.9BCB9C5AC579EB569B22B9388FFD1F0B.d.F4A43EA513B47F8FD8A45AF1512D2F5C.e.207"},"getText",[]]}
]]></system-out>
    </testcase>
    <testcase classname="chrome.136_0_7103_93.windows.Configure_System_-_Interfaces_US132253" name="Validate MeasuringPoint endpoint connection status to Success" time="1.082">
      <system-out><![CDATA[
COMMAND: POST /session/42884225aed85a1416fe6b9a7a194f6f/execute/async - {"script":"<script> [1562 bytes]","args":[{"selector":{"controlType":"sap.m.Button","viewName":"etm.portal.ui.configuresystem.view.Master","bindingPath":{"path":"/EndpointsWithStatus('MeasuringPoint')","propertyPath":"STATUS_TEXT"},"interaction":{"idSuffix":"BDI-content"}},"wdio_ui5_key":"etmportal.ui.configuresystem.view.Mastersap.m.Button{\"path\":\"/EndpointsWithStatus('MeasuringPoint')\",\"propertyPath\":\"STATUS_TEXT\"}"}]}
RESULT: {"script":"<script> [1562 bytes]","args":[{"selector":{"controlType":"sap.m.Button","viewName":"etm.portal.ui.configuresystem.view.Master","bindingPath":{"path":"/EndpointsWithStatus('MeasuringPoint')","propertyPath":"STATUS_TEXT"},"interaction":{"idSuffix":"BDI-content"}},"wdio_ui5_key":"etmportal.ui.configuresystem.view.Mastersap.m.Button{\"path\":\"/EndpointsWithStatus('MeasuringPoint')\",\"propertyPath\":\"STATUS_TEXT\"}"}]}
RESULT: undefined
COMMAND: POST /session/42884225aed85a1416fe6b9a7a194f6f/execute/async - {"script":"<script> [6424 bytes]","args":[{"element-6066-11e4-a52e-4f735466cecf":"f.9BCB9C5AC579EB569B22B9388FFD1F0B.d.F4A43EA513B47F8FD8A45AF1512D2F5C.e.208"},"getText",[]]}
RESULT: {"script":"<script> [6424 bytes]","args":[{"element-6066-11e4-a52e-4f735466cecf":"f.9BCB9C5AC579EB569B22B9388FFD1F0B.d.F4A43EA513B47F8FD8A45AF1512D2F5C.e.208"},"getText",[]]}
]]></system-out>
    </testcase>
    <testcase classname="chrome.136_0_7103_93.windows.Configure_System_-_Interfaces_US132253" name="Validate OutboundDelivery endpoint connection status to Success" time="1.078">
      <system-out><![CDATA[
COMMAND: POST /session/42884225aed85a1416fe6b9a7a194f6f/execute/async - {"script":"<script> [1562 bytes]","args":[{"selector":{"controlType":"sap.m.Button","viewName":"etm.portal.ui.configuresystem.view.Master","bindingPath":{"path":"/EndpointsWithStatus('OutboundDelivery')","propertyPath":"STATUS_TEXT"},"interaction":{"idSuffix":"BDI-content"}},"wdio_ui5_key":"etmportal.ui.configuresystem.view.Mastersap.m.Button{\"path\":\"/EndpointsWithStatus('OutboundDelivery')\",\"propertyPath\":\"STATUS_TEXT\"}"}]}
RESULT: {"script":"<script> [1562 bytes]","args":[{"selector":{"controlType":"sap.m.Button","viewName":"etm.portal.ui.configuresystem.view.Master","bindingPath":{"path":"/EndpointsWithStatus('OutboundDelivery')","propertyPath":"STATUS_TEXT"},"interaction":{"idSuffix":"BDI-content"}},"wdio_ui5_key":"etmportal.ui.configuresystem.view.Mastersap.m.Button{\"path\":\"/EndpointsWithStatus('OutboundDelivery')\",\"propertyPath\":\"STATUS_TEXT\"}"}]}
RESULT: undefined
COMMAND: POST /session/42884225aed85a1416fe6b9a7a194f6f/execute/async - {"script":"<script> [6424 bytes]","args":[{"element-6066-11e4-a52e-4f735466cecf":"f.9BCB9C5AC579EB569B22B9388FFD1F0B.d.F4A43EA513B47F8FD8A45AF1512D2F5C.e.209"},"getText",[]]}
RESULT: {"script":"<script> [6424 bytes]","args":[{"element-6066-11e4-a52e-4f735466cecf":"f.9BCB9C5AC579EB569B22B9388FFD1F0B.d.F4A43EA513B47F8FD8A45AF1512D2F5C.e.209"},"getText",[]]}
]]></system-out>
    </testcase>
    <testcase classname="chrome.136_0_7103_93.windows.Configure_System_-_Interfaces_US132253" name="Validate PurchaseRequisition endpoint connection status to Success" time="1.062">
      <system-out><![CDATA[
COMMAND: POST /session/42884225aed85a1416fe6b9a7a194f6f/execute/async - {"script":"<script> [1562 bytes]","args":[{"selector":{"controlType":"sap.m.Button","viewName":"etm.portal.ui.configuresystem.view.Master","bindingPath":{"path":"/EndpointsWithStatus('PurchaseRequisition')","propertyPath":"STATUS_TEXT"},"interaction":{"idSuffix":"BDI-content"}},"wdio_ui5_key":"etmportal.ui.configuresystem.view.Mastersap.m.Button{\"path\":\"/EndpointsWithStatus('PurchaseRequisition')\",\"propertyPath\":\"STATUS_TEXT\"}"}]}
RESULT: {"script":"<script> [1562 bytes]","args":[{"selector":{"controlType":"sap.m.Button","viewName":"etm.portal.ui.configuresystem.view.Master","bindingPath":{"path":"/EndpointsWithStatus('PurchaseRequisition')","propertyPath":"STATUS_TEXT"},"interaction":{"idSuffix":"BDI-content"}},"wdio_ui5_key":"etmportal.ui.configuresystem.view.Mastersap.m.Button{\"path\":\"/EndpointsWithStatus('PurchaseRequisition')\",\"propertyPath\":\"STATUS_TEXT\"}"}]}
RESULT: undefined
COMMAND: POST /session/42884225aed85a1416fe6b9a7a194f6f/execute/async - {"script":"<script> [6424 bytes]","args":[{"element-6066-11e4-a52e-4f735466cecf":"f.9BCB9C5AC579EB569B22B9388FFD1F0B.d.F4A43EA513B47F8FD8A45AF1512D2F5C.e.210"},"getText",[]]}
RESULT: {"script":"<script> [6424 bytes]","args":[{"element-6066-11e4-a52e-4f735466cecf":"f.9BCB9C5AC579EB569B22B9388FFD1F0B.d.F4A43EA513B47F8FD8A45AF1512D2F5C.e.210"},"getText",[]]}
]]></system-out>
    </testcase>
    <testcase classname="chrome.136_0_7103_93.windows.Configure_System_-_Interfaces_US132253" name="Validate PurchaseRequisitionProcess endpoint connection status to Success" time="1.075">
      <system-out><![CDATA[
COMMAND: POST /session/42884225aed85a1416fe6b9a7a194f6f/execute/async - {"script":"<script> [1562 bytes]","args":[{"selector":{"controlType":"sap.m.Button","viewName":"etm.portal.ui.configuresystem.view.Master","bindingPath":{"path":"/EndpointsWithStatus('PurchaseRequisitionProcess')","propertyPath":"STATUS_TEXT"},"interaction":{"idSuffix":"BDI-content"}},"wdio_ui5_key":"etmportal.ui.configuresystem.view.Mastersap.m.Button{\"path\":\"/EndpointsWithStatus('PurchaseRequisitionProcess')\",\"propertyPath\":\"STATUS_TEXT\"}"}]}
RESULT: {"script":"<script> [1562 bytes]","args":[{"selector":{"controlType":"sap.m.Button","viewName":"etm.portal.ui.configuresystem.view.Master","bindingPath":{"path":"/EndpointsWithStatus('PurchaseRequisitionProcess')","propertyPath":"STATUS_TEXT"},"interaction":{"idSuffix":"BDI-content"}},"wdio_ui5_key":"etmportal.ui.configuresystem.view.Mastersap.m.Button{\"path\":\"/EndpointsWithStatus('PurchaseRequisitionProcess')\",\"propertyPath\":\"STATUS_TEXT\"}"}]}
RESULT: undefined
COMMAND: POST /session/42884225aed85a1416fe6b9a7a194f6f/execute/async - {"script":"<script> [6424 bytes]","args":[{"element-6066-11e4-a52e-4f735466cecf":"f.9BCB9C5AC579EB569B22B9388FFD1F0B.d.F4A43EA513B47F8FD8A45AF1512D2F5C.e.211"},"getText",[]]}
RESULT: {"script":"<script> [6424 bytes]","args":[{"element-6066-11e4-a52e-4f735466cecf":"f.9BCB9C5AC579EB569B22B9388FFD1F0B.d.F4A43EA513B47F8FD8A45AF1512D2F5C.e.211"},"getText",[]]}
]]></system-out>
    </testcase>
    <testcase classname="chrome.136_0_7103_93.windows.Configure_System_-_Interfaces_US132253" name="Validate Vendor endpoint connection status to Success" time="1.02">
      <system-out><![CDATA[
COMMAND: POST /session/42884225aed85a1416fe6b9a7a194f6f/execute/async - {"script":"<script> [1562 bytes]","args":[{"selector":{"controlType":"sap.m.Button","viewName":"etm.portal.ui.configuresystem.view.Master","bindingPath":{"path":"/EndpointsWithStatus('Vendor')","propertyPath":"STATUS_TEXT"},"interaction":{"idSuffix":"BDI-content"}},"wdio_ui5_key":"etmportal.ui.configuresystem.view.Mastersap.m.Button{\"path\":\"/EndpointsWithStatus('Vendor')\",\"propertyPath\":\"STATUS_TEXT\"}"}]}
RESULT: {"script":"<script> [1562 bytes]","args":[{"selector":{"controlType":"sap.m.Button","viewName":"etm.portal.ui.configuresystem.view.Master","bindingPath":{"path":"/EndpointsWithStatus('Vendor')","propertyPath":"STATUS_TEXT"},"interaction":{"idSuffix":"BDI-content"}},"wdio_ui5_key":"etmportal.ui.configuresystem.view.Mastersap.m.Button{\"path\":\"/EndpointsWithStatus('Vendor')\",\"propertyPath\":\"STATUS_TEXT\"}"}]}
RESULT: undefined
COMMAND: POST /session/42884225aed85a1416fe6b9a7a194f6f/execute/async - {"script":"<script> [6424 bytes]","args":[{"element-6066-11e4-a52e-4f735466cecf":"f.9BCB9C5AC579EB569B22B9388FFD1F0B.d.F4A43EA513B47F8FD8A45AF1512D2F5C.e.212"},"getText",[]]}
RESULT: {"script":"<script> [6424 bytes]","args":[{"element-6066-11e4-a52e-4f735466cecf":"f.9BCB9C5AC579EB569B22B9388FFD1F0B.d.F4A43EA513B47F8FD8A45AF1512D2F5C.e.212"},"getText",[]]}
]]></system-out>
    </testcase>
    <testcase classname="chrome.136_0_7103_93.windows.Configure_System_-_Interfaces_US132253" name="Validate WBSElement endpoint connection status to Success" time="1.238">
      <system-out><![CDATA[
COMMAND: POST /session/42884225aed85a1416fe6b9a7a194f6f/execute/async - {"script":"<script> [1562 bytes]","args":[{"selector":{"controlType":"sap.m.Button","viewName":"etm.portal.ui.configuresystem.view.Master","bindingPath":{"path":"/EndpointsWithStatus('WBSElement')","propertyPath":"STATUS_TEXT"},"interaction":{"idSuffix":"BDI-content"}},"wdio_ui5_key":"etmportal.ui.configuresystem.view.Mastersap.m.Button{\"path\":\"/EndpointsWithStatus('WBSElement')\",\"propertyPath\":\"STATUS_TEXT\"}"}]}
RESULT: {"script":"<script> [1562 bytes]","args":[{"selector":{"controlType":"sap.m.Button","viewName":"etm.portal.ui.configuresystem.view.Master","bindingPath":{"path":"/EndpointsWithStatus('WBSElement')","propertyPath":"STATUS_TEXT"},"interaction":{"idSuffix":"BDI-content"}},"wdio_ui5_key":"etmportal.ui.configuresystem.view.Mastersap.m.Button{\"path\":\"/EndpointsWithStatus('WBSElement')\",\"propertyPath\":\"STATUS_TEXT\"}"}]}
RESULT: undefined
COMMAND: POST /session/42884225aed85a1416fe6b9a7a194f6f/execute/async - {"script":"<script> [6424 bytes]","args":[{"element-6066-11e4-a52e-4f735466cecf":"f.9BCB9C5AC579EB569B22B9388FFD1F0B.d.F4A43EA513B47F8FD8A45AF1512D2F5C.e.213"},"getText",[]]}
RESULT: {"script":"<script> [6424 bytes]","args":[{"element-6066-11e4-a52e-4f735466cecf":"f.9BCB9C5AC579EB569B22B9388FFD1F0B.d.F4A43EA513B47F8FD8A45AF1512D2F5C.e.213"},"getText",[]]}
COMMAND: POST /session/42884225aed85a1416fe6b9a7a194f6f/element - {"using":"css selector","value":"#j_username"}
COMMAND: POST /session/42884225aed85a1416fe6b9a7a194f6f/url - {"url":"https://qa-testing-00-live-etm-ui.cfapps.eu10-004.hana.ondemand.com/"}
RESULT: {"url":"https://qa-testing-00-live-etm-ui.cfapps.eu10-004.hana.ondemand.com/"}
RESULT: undefined
COMMAND: GET /session/42884225aed85a1416fe6b9a7a194f6f/screenshot - {}
RESULT: {"using":"css selector","value":"#j_username"}
COMMAND: POST /session/42884225aed85a1416fe6b9a7a194f6f/element - {"using":"css selector","value":"#j_username"}
RESULT: {}
RESULT: {"using":"css selector","value":"#j_username"}
COMMAND: POST /session/42884225aed85a1416fe6b9a7a194f6f/element - {"using":"css selector","value":"#shell-header-logo"}
RESULT: {"using":"css selector","value":"#shell-header-logo"}
COMMAND: POST /session/42884225aed85a1416fe6b9a7a194f6f/execute/sync - {"script":"<script> [8489 bytes]","args":[{"element-6066-11e4-a52e-4f735466cecf":"f.9BCB9C5AC579EB569B22B9388FFD1F0B.d.43FB82937E95F8BBDD072AA5B0AB60F9.e.223","ELEMENT":"f.9BCB9C5AC579EB569B22B9388FFD1F0B.d.43FB82937E95F8BBDD072AA5B0AB60F9.e.223"}]}
RESULT: {"script":"<script> [8489 bytes]","args":[{"element-6066-11e4-a52e-4f735466cecf":"f.9BCB9C5AC579EB569B22B9388FFD1F0B.d.43FB82937E95F8BBDD072AA5B0AB60F9.e.223","ELEMENT":"f.9BCB9C5AC579EB569B22B9388FFD1F0B.d.43FB82937E95F8BBDD072AA5B0AB60F9.e.223"}]}
COMMAND: POST /session/42884225aed85a1416fe6b9a7a194f6f/element - {"using":"css selector","value":"#shell-header-logo"}
COMMAND: GET /session/42884225aed85a1416fe6b9a7a194f6f/screenshot - {}
RESULT: {"using":"css selector","value":"#shell-header-logo"}
COMMAND: POST /session/42884225aed85a1416fe6b9a7a194f6f/execute/sync - {"script":"<script> [8489 bytes]","args":[{"element-6066-11e4-a52e-4f735466cecf":"f.9BCB9C5AC579EB569B22B9388FFD1F0B.d.43FB82937E95F8BBDD072AA5B0AB60F9.e.223","ELEMENT":"f.9BCB9C5AC579EB569B22B9388FFD1F0B.d.43FB82937E95F8BBDD072AA5B0AB60F9.e.223"}]}
RESULT: {}
RESULT: {"script":"<script> [8489 bytes]","args":[{"element-6066-11e4-a52e-4f735466cecf":"f.9BCB9C5AC579EB569B22B9388FFD1F0B.d.43FB82937E95F8BBDD072AA5B0AB60F9.e.223","ELEMENT":"f.9BCB9C5AC579EB569B22B9388FFD1F0B.d.43FB82937E95F8BBDD072AA5B0AB60F9.e.223"}]}
COMMAND: POST /session/42884225aed85a1416fe6b9a7a194f6f/execute/sync - {"script":"<script> [5351 bytes]","args":[{"element-6066-11e4-a52e-4f735466cecf":"f.9BCB9C5AC579EB569B22B9388FFD1F0B.d.43FB82937E95F8BBDD072AA5B0AB60F9.e.223","ELEMENT":"f.9BCB9C5AC579EB569B22B9388FFD1F0B.d.43FB82937E95F8BBDD072AA5B0AB60F9.e.223"}]}
COMMAND: GET /session/42884225aed85a1416fe6b9a7a194f6f/screenshot - {}
RESULT: {"script":"<script> [5351 bytes]","args":[{"element-6066-11e4-a52e-4f735466cecf":"f.9BCB9C5AC579EB569B22B9388FFD1F0B.d.43FB82937E95F8BBDD072AA5B0AB60F9.e.223","ELEMENT":"f.9BCB9C5AC579EB569B22B9388FFD1F0B.d.43FB82937E95F8BBDD072AA5B0AB60F9.e.223"}]}
COMMAND: POST /session/42884225aed85a1416fe6b9a7a194f6f/element - {"using":"css selector","value":"#shell-header-logo"}
COMMAND: GET /session/42884225aed85a1416fe6b9a7a194f6f/screenshot - {}
RESULT: {}
RESULT: {"using":"css selector","value":"#shell-header-logo"}
COMMAND: POST /session/42884225aed85a1416fe6b9a7a194f6f/element/f.9BCB9C5AC579EB569B22B9388FFD1F0B.d.43FB82937E95F8BBDD072AA5B0AB60F9.e.223/click - {}
RESULT: {}
RESULT: {}
COMMAND: GET /session/42884225aed85a1416fe6b9a7a194f6f/screenshot - {}
RESULT: {}
COMMAND: POST /session/42884225aed85a1416fe6b9a7a194f6f/execute/async - {"script":"<script> [189 bytes]","args":[]}
RESULT: {"script":"<script> [189 bytes]","args":[]}
COMMAND: POST /session/42884225aed85a1416fe6b9a7a194f6f/execute/async - {"script":"<script> [123 bytes]","args":[]}
RESULT: {"script":"<script> [123 bytes]","args":[]}
COMMAND: POST /session/42884225aed85a1416fe6b9a7a194f6f/timeouts - {"script":"<number>"}
RESULT: {"script":"<number>"}
COMMAND: GET /session/42884225aed85a1416fe6b9a7a194f6f/timeouts - {}
RESULT: {}
RESULT: undefined
COMMAND: POST /session/42884225aed85a1416fe6b9a7a194f6f/execute/async - {"script":"<script> [2676 bytes]","args":[]}
RESULT: {"script":"<script> [2676 bytes]","args":[]}
COMMAND: POST /session/42884225aed85a1416fe6b9a7a194f6f/execute/async - {"script":"<script> [2342 bytes]","args":[{"protocol":"http","hostname":"0.0.0.0","path":"/","capabilities":{"browserName":"chrome","goog:chromeOptions":{"binary":"C:\\Program Files\\Google\\Chrome\\Application\\chrome.exe","args":["--start-maximized"]}},"logLevel":"warn","connectionRetryTimeout":120000,"connectionRetryCount":3,"logLevels":{},"enableDirectConnect":true,"strictSSL":true,"_":"65 more keys: [\"cacheDir\",\"port\",\"requestedCapabilities\",\"automationProtocol\",\"baseUrl\",\"waitforInterval\",\"waitforTimeout\",\"onReload\",\"beforeCommand\",\"afterCommand\",\"rootDir\",\"specs\",\"suites\",\"exclude\",\"groupLogsByTestSpec\",\"excludeDriverLogs\",\"bail\",\"framework\",\"reporters\",\"services\",\"maxInstances\",\"maxInstancesPerCapability\",\"injectGlobals\",\"filesToWatch\",\"execArgv\",\"runnerEnv\",\"runner\",\"shard\",\"specFileRetries\",\"specFileRetriesDelay\",\"specFileRetriesDeferred\",\"reporterSyncInterval\",\"reporterSyncTimeout\",\"cucumberFeaturesWithLineNumbers\",\"autoCompileOpts\",\"mochaOpts\",\"jasmineOpts\",\"cucumberOpts\",\"onPrepare\",\"onWorkerStart\",\"onWorkerEnd\",\"before\",\"beforeSession\",\"beforeSuite\",\"beforeHook\",\"beforeTest\",\"afterTest\",\"afterHook\",\"afterSuite\",\"afterSession\",\"after\",\"onComplete\",\"beforeAssertion\",\"afterAssertion\",\"beforeFeature\",\"beforeScenario\",\"beforeStep\",\"afterStep\",\"afterScenario\",\"afterFeature\",\"_\",\"suite\",\"$0\",\"ignoredWorkerServices\",\"wdi5\"]"}]}
RESULT: {"script":"<script> [2342 bytes]","args":[{"protocol":"http","hostname":"0.0.0.0","path":"/","capabilities":{"browserName":"chrome","goog:chromeOptions":{"binary":"C:\\Program Files\\Google\\Chrome\\Application\\chrome.exe","args":["--start-maximized"]}},"logLevel":"warn","connectionRetryTimeout":120000,"connectionRetryCount":3,"logLevels":{},"enableDirectConnect":true,"strictSSL":true,"_":"65 more keys: [\"cacheDir\",\"port\",\"requestedCapabilities\",\"automationProtocol\",\"baseUrl\",\"waitforInterval\",\"waitforTimeout\",\"onReload\",\"beforeCommand\",\"afterCommand\",\"rootDir\",\"specs\",\"suites\",\"exclude\",\"groupLogsByTestSpec\",\"excludeDriverLogs\",\"bail\",\"framework\",\"reporters\",\"services\",\"maxInstances\",\"maxInstancesPerCapability\",\"injectGlobals\",\"filesToWatch\",\"execArgv\",\"runnerEnv\",\"runner\",\"shard\",\"specFileRetries\",\"specFileRetriesDelay\",\"specFileRetriesDeferred\",\"reporterSyncInterval\",\"reporterSyncTimeout\",\"cucumberFeaturesWithLineNumbers\",\"autoCompileOpts\",\"mochaOpts\",\"jasmineOpts\",\"cucumberOpts\",\"onPrepare\",\"onWorkerStart\",\"onWorkerEnd\",\"before\",\"beforeSession\",\"beforeSuite\",\"beforeHook\",\"beforeTest\",\"afterTest\",\"afterHook\",\"afterSuite\",\"afterSession\",\"after\",\"onComplete\",\"beforeAssertion\",\"afterAssertion\",\"beforeFeature\",\"beforeScenario\",\"beforeStep\",\"afterStep\",\"afterScenario\",\"afterFeature\",\"_\",\"suite\",\"$0\",\"ignoredWorkerServices\",\"wdi5\"]"}]}
COMMAND: POST /session/42884225aed85a1416fe6b9a7a194f6f/execute/async - {"script":"<script> [21126 bytes]","args":[35000]}
RESULT: {"script":"<script> [21126 bytes]","args":[35000]}
COMMAND: POST /session/42884225aed85a1416fe6b9a7a194f6f/window/maximize - {}
RESULT: {}
COMMAND: POST /session/42884225aed85a1416fe6b9a7a194f6f/execute/async - {"script":"<script> [1562 bytes]","args":[{"selector":{"id":"shell-header","interaction":{"idSuffix":"icon"}},"wdio_ui5_key":"shellheader"}]}
COMMAND: GET /session/42884225aed85a1416fe6b9a7a194f6f/screenshot - {}
RESULT: {"script":"<script> [1562 bytes]","args":[{"selector":{"id":"shell-header","interaction":{"idSuffix":"icon"}},"wdio_ui5_key":"shellheader"}]}
RESULT: undefined
COMMAND: POST /session/42884225aed85a1416fe6b9a7a194f6f/window/maximize - {}
RESULT: {}
RESULT: {}
]]></system-out>
    </testcase>
  </testsuite>
  <testsuite timestamp="2025-05-28T15:59:10" time="216.032" tests="4" failures="0" errors="0" skipped="0">
    <properties>
      <property name="specId" value="0"/>
      <property name="suiteName" value="Manage RU: Interfaces Data Check for UI fields US132253"/>
      <property name="capabilities" value="chrome.136_0_7103_93.windows"/>
      <property name="file" value="file:///D:/a/1/s/test/specs/TECH/ru-interface-data-check.spec.js"/>
    </properties>
    <testcase classname="chrome.136_0_7103_93.windows.Manage_RU:_Interfaces_Data_Check_for_UI_fields_US132253" name="Should see data from Equipment interface for Equipment Value Help Field" time="64.912">
      <system-out><![CDATA[
COMMAND: GET /session/42884225aed85a1416fe6b9a7a194f6f/screenshot - {}
COMMAND: POST /session/42884225aed85a1416fe6b9a7a194f6f/execute/async - {"script":"<script> [1562 bytes]","args":[{"selector":{"controlType":"sap.m.GenericTile","properties":{"header":"Manage Resources"}},"wdio_ui5_key":"sapm.GenericTile{\"header\":\"Manage Resources\"}"}]}
RESULT: {}
RESULT: {"script":"<script> [1562 bytes]","args":[{"selector":{"controlType":"sap.m.GenericTile","properties":{"header":"Manage Resources"}},"wdio_ui5_key":"sapm.GenericTile{\"header\":\"Manage Resources\"}"}]}
RESULT: undefined
COMMAND: POST /session/42884225aed85a1416fe6b9a7a194f6f/element - {"using":"xpath","value":"//*[@id=\"__tile39\"]"}
RESULT: {"using":"xpath","value":"//*[@id=\"__tile39\"]"}
COMMAND: POST /session/42884225aed85a1416fe6b9a7a194f6f/element/f.9BCB9C5AC579EB569B22B9388FFD1F0B.d.43FB82937E95F8BBDD072AA5B0AB60F9.e.234/click - {}
RESULT: {}
COMMAND: GET /session/42884225aed85a1416fe6b9a7a194f6f/screenshot - {}
RESULT: {}
COMMAND: POST /session/42884225aed85a1416fe6b9a7a194f6f/elements - {"using":"xpath","value":"//span[text()='Error']"}
RESULT: {"using":"xpath","value":"//span[text()='Error']"}
COMMAND: POST /session/42884225aed85a1416fe6b9a7a194f6f/execute/async - {"script":"<script> [1562 bytes]","args":[{"selector":{"controlType":"sap.ui.core.Icon","viewName":"etm.portal.ui.manageresources.view.Master","viewId":"application-manageresources-display-component---masterRU","properties":{"src":{"regex":{"source":"add"}}}},"wdio_ui5_key":"etmportal.ui.manageresources.view.Mastersap.ui.core.Icon{\"src\":{\"regex\":{\"source\":\"add\"}}}"}]}
RESULT: {"script":"<script> [1562 bytes]","args":[{"selector":{"controlType":"sap.ui.core.Icon","viewName":"etm.portal.ui.manageresources.view.Master","viewId":"application-manageresources-display-component---masterRU","properties":{"src":{"regex":{"source":"add"}}}},"wdio_ui5_key":"etmportal.ui.manageresources.view.Mastersap.ui.core.Icon{\"src\":{\"regex\":{\"source\":\"add\"}}}"}]}
RESULT: undefined
COMMAND: POST /session/42884225aed85a1416fe6b9a7a194f6f/element - {"using":"xpath","value":"//*[@id=\"__button5-img\"]"}
RESULT: {"using":"xpath","value":"//*[@id=\"__button5-img\"]"}
COMMAND: POST /session/42884225aed85a1416fe6b9a7a194f6f/element/f.9BCB9C5AC579EB569B22B9388FFD1F0B.d.43FB82937E95F8BBDD072AA5B0AB60F9.e.280/click - {}
RESULT: {}
COMMAND: GET /session/42884225aed85a1416fe6b9a7a194f6f/screenshot - {}
RESULT: {}
COMMAND: POST /session/42884225aed85a1416fe6b9a7a194f6f/execute/async - {"script":"<script> [1562 bytes]","args":[{"selector":{"id":"application-manageresources-display-component---newResourceUnit--TYPE","interaction":{"idSuffix":"inner"}},"wdio_ui5_key":"applicationmanageresources-display-component---newResourceUnit--TYPE"}]}
RESULT: {"script":"<script> [1562 bytes]","args":[{"selector":{"id":"application-manageresources-display-component---newResourceUnit--TYPE","interaction":{"idSuffix":"inner"}},"wdio_ui5_key":"applicationmanageresources-display-component---newResourceUnit--TYPE"}]}
RESULT: undefined
COMMAND: POST /session/42884225aed85a1416fe6b9a7a194f6f/execute/async - {"script":"<script> [776 bytes]","args":[{"enterText":"Equipment","selector":{"id":"application-manageresources-display-component---newResourceUnit--TYPE","interaction":{"idSuffix":"inner"}},"clearTextFirst":true,"interactionType":"ENTER_TEXT"}]}
RESULT: {"script":"<script> [776 bytes]","args":[{"enterText":"Equipment","selector":{"id":"application-manageresources-display-component---newResourceUnit--TYPE","interaction":{"idSuffix":"inner"}},"clearTextFirst":true,"interactionType":"ENTER_TEXT"}]}
COMMAND: POST /session/42884225aed85a1416fe6b9a7a194f6f/actions - {"actions":[{"id":"action1","type":"key","parameters":{},"actions":[{"type":"keyDown","value":""},{"type":"pause","duration":10},{"type":"keyUp","value":""}]}]}
RESULT: {"actions":[{"id":"action1","type":"key","parameters":{},"actions":[{"type":"keyDown","value":""},{"type":"pause","duration":10},{"type":"keyUp","value":""}]}]}
COMMAND: POST /session/42884225aed85a1416fe6b9a7a194f6f/actions - {"actions":[{"id":"action2","type":"key","parameters":{},"actions":[{"type":"keyDown","value":""},{"type":"pause","duration":10},{"type":"keyUp","value":""}]}]}
COMMAND: GET /session/42884225aed85a1416fe6b9a7a194f6f/screenshot - {}
RESULT: {"actions":[{"id":"action2","type":"key","parameters":{},"actions":[{"type":"keyDown","value":""},{"type":"pause","duration":10},{"type":"keyUp","value":""}]}]}
COMMAND: GET /session/42884225aed85a1416fe6b9a7a194f6f/screenshot - {}
RESULT: {}
RESULT: {}
COMMAND: POST /session/42884225aed85a1416fe6b9a7a194f6f/execute/async - {"script":"<script> [1562 bytes]","args":[{"selector":{"id":"application-manageresources-display-component---newResourceUnit--rruEquipmentNo","interaction":{"idSuffix":"inner"}},"wdio_ui5_key":"applicationmanageresources-display-component---newResourceUnit--rruEquipmentNo"}]}
RESULT: {"script":"<script> [1562 bytes]","args":[{"selector":{"id":"application-manageresources-display-component---newResourceUnit--rruEquipmentNo","interaction":{"idSuffix":"inner"}},"wdio_ui5_key":"applicationmanageresources-display-component---newResourceUnit--rruEquipmentNo"}]}
RESULT: undefined
COMMAND: POST /session/42884225aed85a1416fe6b9a7a194f6f/execute/async - {"script":"<script> [776 bytes]","args":[{"enterText":"","selector":{"id":"application-manageresources-display-component---newResourceUnit--rruEquipmentNo","interaction":{"idSuffix":"inner"}},"clearTextFirst":true,"interactionType":"ENTER_TEXT"}]}
RESULT: {"script":"<script> [776 bytes]","args":[{"enterText":"","selector":{"id":"application-manageresources-display-component---newResourceUnit--rruEquipmentNo","interaction":{"idSuffix":"inner"}},"clearTextFirst":true,"interactionType":"ENTER_TEXT"}]}
COMMAND: POST /session/42884225aed85a1416fe6b9a7a194f6f/execute/async - {"script":"<script> [1562 bytes]","args":[{"selector":{"id":"application-manageresources-display-component---newResourceUnit--rruEquipmentNo-vhi"},"wdio_ui5_key":"applicationmanageresources-display-component---newResourceUnit--rruEquipmentNo-vhi"}]}
RESULT: {"script":"<script> [1562 bytes]","args":[{"selector":{"id":"application-manageresources-display-component---newResourceUnit--rruEquipmentNo-vhi"},"wdio_ui5_key":"applicationmanageresources-display-component---newResourceUnit--rruEquipmentNo-vhi"}]}
RESULT: undefined
COMMAND: POST /session/42884225aed85a1416fe6b9a7a194f6f/element - {"using":"xpath","value":"//*[@id=\"application-manageresources-display-component---newResourceUnit--rruEquipmentNo-vhi\"]"}
RESULT: {"using":"xpath","value":"//*[@id=\"application-manageresources-display-component---newResourceUnit--rruEquipmentNo-vhi\"]"}
COMMAND: POST /session/42884225aed85a1416fe6b9a7a194f6f/element/f.9BCB9C5AC579EB569B22B9388FFD1F0B.d.43FB82937E95F8BBDD072AA5B0AB60F9.e.753/click - {}
RESULT: {}
COMMAND: GET /session/42884225aed85a1416fe6b9a7a194f6f/screenshot - {}
RESULT: {}
COMMAND: POST /session/42884225aed85a1416fe6b9a7a194f6f/execute/async - {"script":"<script> [1562 bytes]","args":[{"selector":{"controlType":"sap.m.Text","bindingPath":{"path":"/EquipmentValueHelpSet('10000007')","propertyPath":"EQUIPMENT","modelName":"EquipmentValueHelpModel"},"searchOpenDialogs":true},"wdio_ui5_key":"sapm.Text{\"path\":\"/EquipmentValueHelpSet('10000007')\",\"propertyPath\":\"EQUIPMENT\",\"modelName\":\"EquipmentValueHelpModel\"}"}]}
RESULT: {"script":"<script> [1562 bytes]","args":[{"selector":{"controlType":"sap.m.Text","bindingPath":{"path":"/EquipmentValueHelpSet('10000007')","propertyPath":"EQUIPMENT","modelName":"EquipmentValueHelpModel"},"searchOpenDialogs":true},"wdio_ui5_key":"sapm.Text{\"path\":\"/EquipmentValueHelpSet('10000007')\",\"propertyPath\":\"EQUIPMENT\",\"modelName\":\"EquipmentValueHelpModel\"}"}]}
RESULT: undefined
COMMAND: POST /session/42884225aed85a1416fe6b9a7a194f6f/element - {"using":"xpath","value":"//*[@id=\"__text403-__clone308\"]"}
RESULT: {"using":"xpath","value":"//*[@id=\"__text403-__clone308\"]"}
COMMAND: POST /session/42884225aed85a1416fe6b9a7a194f6f/element/f.9BCB9C5AC579EB569B22B9388FFD1F0B.d.43FB82937E95F8BBDD072AA5B0AB60F9.e.760/click - {}
RESULT: {}
COMMAND: POST /session/42884225aed85a1416fe6b9a7a194f6f/execute/async - {"script":"<script> [1562 bytes]","args":[{"selector":{"controlType":"sap.m.Button","properties":{"text":"OK"},"searchOpenDialogs":true,"interaction":{"idSuffix":"content"}},"wdio_ui5_key":"sapm.Button{\"text\":\"OK\"}"}]}
COMMAND: GET /session/42884225aed85a1416fe6b9a7a194f6f/screenshot - {}
RESULT: {"script":"<script> [1562 bytes]","args":[{"selector":{"controlType":"sap.m.Button","properties":{"text":"OK"},"searchOpenDialogs":true,"interaction":{"idSuffix":"content"}},"wdio_ui5_key":"sapm.Button{\"text\":\"OK\"}"}]}
RESULT: undefined
COMMAND: POST /session/42884225aed85a1416fe6b9a7a194f6f/element - {"using":"xpath","value":"//*[@id=\"__dialog2-ok\"]"}
RESULT: {}
RESULT: {"using":"xpath","value":"//*[@id=\"__dialog2-ok\"]"}
COMMAND: POST /session/42884225aed85a1416fe6b9a7a194f6f/element/f.9BCB9C5AC579EB569B22B9388FFD1F0B.d.43FB82937E95F8BBDD072AA5B0AB60F9.e.763/click - {}
RESULT: {}
COMMAND: GET /session/42884225aed85a1416fe6b9a7a194f6f/screenshot - {}
RESULT: {}
RESULT: undefined
COMMAND: POST /session/42884225aed85a1416fe6b9a7a194f6f/execute/async - {"script":"<script> [6424 bytes]","args":[{"element-6066-11e4-a52e-4f735466cecf":"f.9BCB9C5AC579EB569B22B9388FFD1F0B.d.43FB82937E95F8BBDD072AA5B0AB60F9.e.732"},"getValue",[]]}
COMMAND: POST /session/42884225aed85a1416fe6b9a7a194f6f/execute/async - {"script":"<script> [1562 bytes]","args":[{"selector":{"id":"application-manageresources-display-component---newResourceUnit--rruEquipmentNo","interaction":{"idSuffix":"inner"}},"wdio_ui5_key":"applicationmanageresources-display-component---newResourceUnit--rruEquipmentNo"}]}
RESULT: {"script":"<script> [1562 bytes]","args":[{"selector":{"id":"application-manageresources-display-component---newResourceUnit--rruEquipmentNo","interaction":{"idSuffix":"inner"}},"wdio_ui5_key":"applicationmanageresources-display-component---newResourceUnit--rruEquipmentNo"}]}
COMMAND: POST /session/42884225aed85a1416fe6b9a7a194f6f/execute/async - {"script":"<script> [6424 bytes]","args":[{"element-6066-11e4-a52e-4f735466cecf":"f.9BCB9C5AC579EB569B22B9388FFD1F0B.d.43FB82937E95F8BBDD072AA5B0AB60F9.e.767"},"getValue",[]]}
RESULT: {"script":"<script> [6424 bytes]","args":[{"element-6066-11e4-a52e-4f735466cecf":"f.9BCB9C5AC579EB569B22B9388FFD1F0B.d.43FB82937E95F8BBDD072AA5B0AB60F9.e.767"},"getValue",[]]}
COMMAND: POST /session/42884225aed85a1416fe6b9a7a194f6f/execute/async - {"script":"<script> [1562 bytes]","args":[{"selector":{"id":"application-manageresources-display-component---newResourceUnit--SHORT_TEXT"},"wdio_ui5_key":"applicationmanageresources-display-component---newResourceUnit--SHORT_TEXT"}]}
RESULT: {"script":"<script> [1562 bytes]","args":[{"selector":{"id":"application-manageresources-display-component---newResourceUnit--SHORT_TEXT"},"wdio_ui5_key":"applicationmanageresources-display-component---newResourceUnit--SHORT_TEXT"}]}
RESULT: undefined
COMMAND: POST /session/42884225aed85a1416fe6b9a7a194f6f/execute/async - {"script":"<script> [6424 bytes]","args":[{"element-6066-11e4-a52e-4f735466cecf":"f.9BCB9C5AC579EB569B22B9388FFD1F0B.d.43FB82937E95F8BBDD072AA5B0AB60F9.e.618"},"getValue",[]]}
RESULT: {"script":"<script> [6424 bytes]","args":[{"element-6066-11e4-a52e-4f735466cecf":"f.9BCB9C5AC579EB569B22B9388FFD1F0B.d.43FB82937E95F8BBDD072AA5B0AB60F9.e.618"},"getValue",[]]}
]]></system-out>
    </testcase>
    <testcase classname="chrome.136_0_7103_93.windows.Manage_RU:_Interfaces_Data_Check_for_UI_fields_US132253" name="Should see data from Asset interface for Asset Value Help Field" time="77.604">
      <system-out><![CDATA[
COMMAND: POST /session/42884225aed85a1416fe6b9a7a194f6f/execute/async - {"script":"<script> [1562 bytes]","args":[{"selector":{"id":"application-manageresources-display-component---newResourceUnit--rruAssetNo-vhi"},"wdio_ui5_key":"applicationmanageresources-display-component---newResourceUnit--rruAssetNo-vhi"}]}
RESULT: {"script":"<script> [1562 bytes]","args":[{"selector":{"id":"application-manageresources-display-component---newResourceUnit--rruAssetNo-vhi"},"wdio_ui5_key":"applicationmanageresources-display-component---newResourceUnit--rruAssetNo-vhi"}]}
RESULT: undefined
COMMAND: POST /session/42884225aed85a1416fe6b9a7a194f6f/element - {"using":"xpath","value":"//*[@id=\"application-manageresources-display-component---newResourceUnit--rruAssetNo-vhi\"]"}
RESULT: {"using":"xpath","value":"//*[@id=\"application-manageresources-display-component---newResourceUnit--rruAssetNo-vhi\"]"}
COMMAND: POST /session/42884225aed85a1416fe6b9a7a194f6f/element/f.9BCB9C5AC579EB569B22B9388FFD1F0B.d.43FB82937E95F8BBDD072AA5B0AB60F9.e.770/click - {}
RESULT: {}
COMMAND: GET /session/42884225aed85a1416fe6b9a7a194f6f/screenshot - {}
RESULT: {}
COMMAND: POST /session/42884225aed85a1416fe6b9a7a194f6f/execute/async - {"script":"<script> [1562 bytes]","args":[{"selector":{"controlType":"sap.m.Text","bindingPath":{"path":"/I_FixedAssetValueHelp(CompanyCode='1000',MasterFixedAsset='400009',FixedAsset='0')","propertyPath":"MasterFixedAsset","modelName":"AssetValueHelpModel"},"searchOpenDialogs":true},"wdio_ui5_key":"sapm.Text{\"path\":\"/I_FixedAssetValueHelp(CompanyCode='1000',MasterFixedAsset='400009',FixedAsset='0')\",\"propertyPath\":\"MasterFixedAsset\",\"modelName\":\"AssetValueHelpModel\"}"}]}
RESULT: {"script":"<script> [1562 bytes]","args":[{"selector":{"controlType":"sap.m.Text","bindingPath":{"path":"/I_FixedAssetValueHelp(CompanyCode='1000',MasterFixedAsset='400009',FixedAsset='0')","propertyPath":"MasterFixedAsset","modelName":"AssetValueHelpModel"},"searchOpenDialogs":true},"wdio_ui5_key":"sapm.Text{\"path\":\"/I_FixedAssetValueHelp(CompanyCode='1000',MasterFixedAsset='400009',FixedAsset='0')\",\"propertyPath\":\"MasterFixedAsset\",\"modelName\":\"AssetValueHelpModel\"}"}]}
RESULT: undefined
COMMAND: POST /session/42884225aed85a1416fe6b9a7a194f6f/element - {"using":"xpath","value":"//*[@id=\"__text411-__clone332\"]"}
RESULT: {"using":"xpath","value":"//*[@id=\"__text411-__clone332\"]"}
COMMAND: POST /session/42884225aed85a1416fe6b9a7a194f6f/element/f.9BCB9C5AC579EB569B22B9388FFD1F0B.d.43FB82937E95F8BBDD072AA5B0AB60F9.e.775/click - {}
RESULT: {}
RESULT: undefined
COMMAND: POST /session/42884225aed85a1416fe6b9a7a194f6f/element - {"using":"xpath","value":"//*[@id=\"__dialog2-ok\"]"}
COMMAND: GET /session/42884225aed85a1416fe6b9a7a194f6f/screenshot - {}
RESULT: {}
RESULT: {"using":"xpath","value":"//*[@id=\"__dialog2-ok\"]"}
COMMAND: POST /session/42884225aed85a1416fe6b9a7a194f6f/elements - {"using":"xpath","value":"//*[@id=\"__dialog2-ok\"]"}
RESULT: {"using":"xpath","value":"//*[@id=\"__dialog2-ok\"]"}
COMMAND: POST /session/42884225aed85a1416fe6b9a7a194f6f/elements - {"using":"xpath","value":"//*[@id=\"__dialog2-ok\"]"}
RESULT: {"using":"xpath","value":"//*[@id=\"__dialog2-ok\"]"}
COMMAND: POST /session/42884225aed85a1416fe6b9a7a194f6f/elements - {"using":"xpath","value":"//*[@id=\"__dialog2-ok\"]"}
RESULT: {"using":"xpath","value":"//*[@id=\"__dialog2-ok\"]"}
COMMAND: POST /session/42884225aed85a1416fe6b9a7a194f6f/elements - {"using":"xpath","value":"//*[@id=\"__dialog2-ok\"]"}
RESULT: {"using":"xpath","value":"//*[@id=\"__dialog2-ok\"]"}
COMMAND: POST /session/42884225aed85a1416fe6b9a7a194f6f/elements - {"using":"xpath","value":"//*[@id=\"__dialog2-ok\"]"}
RESULT: {"using":"xpath","value":"//*[@id=\"__dialog2-ok\"]"}
COMMAND: POST /session/42884225aed85a1416fe6b9a7a194f6f/elements - {"using":"xpath","value":"//*[@id=\"__dialog2-ok\"]"}
RESULT: {"using":"xpath","value":"//*[@id=\"__dialog2-ok\"]"}
COMMAND: POST /session/42884225aed85a1416fe6b9a7a194f6f/elements - {"using":"xpath","value":"//*[@id=\"__dialog2-ok\"]"}
RESULT: {"using":"xpath","value":"//*[@id=\"__dialog2-ok\"]"}
COMMAND: POST /session/42884225aed85a1416fe6b9a7a194f6f/elements - {"using":"xpath","value":"//*[@id=\"__dialog2-ok\"]"}
RESULT: {"using":"xpath","value":"//*[@id=\"__dialog2-ok\"]"}
COMMAND: POST /session/42884225aed85a1416fe6b9a7a194f6f/elements - {"using":"xpath","value":"//*[@id=\"__dialog2-ok\"]"}
RESULT: {"using":"xpath","value":"//*[@id=\"__dialog2-ok\"]"}
COMMAND: POST /session/42884225aed85a1416fe6b9a7a194f6f/elements - {"using":"xpath","value":"//*[@id=\"__dialog2-ok\"]"}
RESULT: {"using":"xpath","value":"//*[@id=\"__dialog2-ok\"]"}
COMMAND: POST /session/42884225aed85a1416fe6b9a7a194f6f/elements - {"using":"xpath","value":"//*[@id=\"__dialog2-ok\"]"}
RESULT: {"using":"xpath","value":"//*[@id=\"__dialog2-ok\"]"}
COMMAND: POST /session/42884225aed85a1416fe6b9a7a194f6f/elements - {"using":"xpath","value":"//*[@id=\"__dialog2-ok\"]"}
RESULT: {"using":"xpath","value":"//*[@id=\"__dialog2-ok\"]"}
COMMAND: POST /session/42884225aed85a1416fe6b9a7a194f6f/elements - {"using":"xpath","value":"//*[@id=\"__dialog2-ok\"]"}
RESULT: {"using":"xpath","value":"//*[@id=\"__dialog2-ok\"]"}
COMMAND: POST /session/42884225aed85a1416fe6b9a7a194f6f/elements - {"using":"xpath","value":"//*[@id=\"__dialog2-ok\"]"}
RESULT: {"using":"xpath","value":"//*[@id=\"__dialog2-ok\"]"}
COMMAND: POST /session/42884225aed85a1416fe6b9a7a194f6f/elements - {"using":"xpath","value":"//*[@id=\"__dialog2-ok\"]"}
RESULT: {"using":"xpath","value":"//*[@id=\"__dialog2-ok\"]"}
COMMAND: POST /session/42884225aed85a1416fe6b9a7a194f6f/elements - {"using":"xpath","value":"//*[@id=\"__dialog2-ok\"]"}
RESULT: {"using":"xpath","value":"//*[@id=\"__dialog2-ok\"]"}
COMMAND: POST /session/42884225aed85a1416fe6b9a7a194f6f/elements - {"using":"xpath","value":"//*[@id=\"__dialog2-ok\"]"}
RESULT: {"using":"xpath","value":"//*[@id=\"__dialog2-ok\"]"}
COMMAND: POST /session/42884225aed85a1416fe6b9a7a194f6f/elements - {"using":"xpath","value":"//*[@id=\"__dialog2-ok\"]"}
RESULT: {"using":"xpath","value":"//*[@id=\"__dialog2-ok\"]"}
COMMAND: POST /session/42884225aed85a1416fe6b9a7a194f6f/elements - {"using":"xpath","value":"//*[@id=\"__dialog2-ok\"]"}
RESULT: {"using":"xpath","value":"//*[@id=\"__dialog2-ok\"]"}
COMMAND: POST /session/42884225aed85a1416fe6b9a7a194f6f/elements - {"using":"xpath","value":"//*[@id=\"__dialog2-ok\"]"}
RESULT: {"using":"xpath","value":"//*[@id=\"__dialog2-ok\"]"}
COMMAND: POST /session/42884225aed85a1416fe6b9a7a194f6f/elements - {"using":"xpath","value":"//*[@id=\"__dialog2-ok\"]"}
RESULT: {"using":"xpath","value":"//*[@id=\"__dialog2-ok\"]"}
COMMAND: POST /session/42884225aed85a1416fe6b9a7a194f6f/elements - {"using":"xpath","value":"//*[@id=\"__dialog2-ok\"]"}
RESULT: {"using":"xpath","value":"//*[@id=\"__dialog2-ok\"]"}
COMMAND: POST /session/42884225aed85a1416fe6b9a7a194f6f/elements - {"using":"xpath","value":"//*[@id=\"__dialog2-ok\"]"}
RESULT: {"using":"xpath","value":"//*[@id=\"__dialog2-ok\"]"}
COMMAND: POST /session/42884225aed85a1416fe6b9a7a194f6f/elements - {"using":"xpath","value":"//*[@id=\"__dialog2-ok\"]"}
RESULT: {"using":"xpath","value":"//*[@id=\"__dialog2-ok\"]"}
COMMAND: POST /session/42884225aed85a1416fe6b9a7a194f6f/elements - {"using":"xpath","value":"//*[@id=\"__dialog2-ok\"]"}
RESULT: {"using":"xpath","value":"//*[@id=\"__dialog2-ok\"]"}
COMMAND: POST /session/42884225aed85a1416fe6b9a7a194f6f/elements - {"using":"xpath","value":"//*[@id=\"__dialog2-ok\"]"}
RESULT: {"using":"xpath","value":"//*[@id=\"__dialog2-ok\"]"}
COMMAND: POST /session/42884225aed85a1416fe6b9a7a194f6f/elements - {"using":"xpath","value":"//*[@id=\"__dialog2-ok\"]"}
RESULT: {"using":"xpath","value":"//*[@id=\"__dialog2-ok\"]"}
COMMAND: POST /session/42884225aed85a1416fe6b9a7a194f6f/elements - {"using":"xpath","value":"//*[@id=\"__dialog2-ok\"]"}
RESULT: {"using":"xpath","value":"//*[@id=\"__dialog2-ok\"]"}
COMMAND: POST /session/42884225aed85a1416fe6b9a7a194f6f/elements - {"using":"xpath","value":"//*[@id=\"__dialog2-ok\"]"}
RESULT: {"using":"xpath","value":"//*[@id=\"__dialog2-ok\"]"}
COMMAND: POST /session/42884225aed85a1416fe6b9a7a194f6f/elements - {"using":"xpath","value":"//*[@id=\"__dialog2-ok\"]"}
RESULT: {"using":"xpath","value":"//*[@id=\"__dialog2-ok\"]"}
COMMAND: POST /session/42884225aed85a1416fe6b9a7a194f6f/elements - {"using":"xpath","value":"//*[@id=\"__dialog2-ok\"]"}
RESULT: {"using":"xpath","value":"//*[@id=\"__dialog2-ok\"]"}
COMMAND: POST /session/42884225aed85a1416fe6b9a7a194f6f/elements - {"using":"xpath","value":"//*[@id=\"__dialog2-ok\"]"}
RESULT: {"using":"xpath","value":"//*[@id=\"__dialog2-ok\"]"}
COMMAND: POST /session/42884225aed85a1416fe6b9a7a194f6f/elements - {"using":"xpath","value":"//*[@id=\"__dialog2-ok\"]"}
RESULT: {"using":"xpath","value":"//*[@id=\"__dialog2-ok\"]"}
COMMAND: POST /session/42884225aed85a1416fe6b9a7a194f6f/elements - {"using":"xpath","value":"//*[@id=\"__dialog2-ok\"]"}
RESULT: {"using":"xpath","value":"//*[@id=\"__dialog2-ok\"]"}
COMMAND: POST /session/42884225aed85a1416fe6b9a7a194f6f/elements - {"using":"xpath","value":"//*[@id=\"__dialog2-ok\"]"}
RESULT: {"using":"xpath","value":"//*[@id=\"__dialog2-ok\"]"}
COMMAND: POST /session/42884225aed85a1416fe6b9a7a194f6f/elements - {"using":"xpath","value":"//*[@id=\"__dialog2-ok\"]"}
RESULT: {"using":"xpath","value":"//*[@id=\"__dialog2-ok\"]"}
COMMAND: POST /session/42884225aed85a1416fe6b9a7a194f6f/elements - {"using":"xpath","value":"//*[@id=\"__dialog2-ok\"]"}
RESULT: {"using":"xpath","value":"//*[@id=\"__dialog2-ok\"]"}
COMMAND: POST /session/42884225aed85a1416fe6b9a7a194f6f/elements - {"using":"xpath","value":"//*[@id=\"__dialog2-ok\"]"}
RESULT: {"using":"xpath","value":"//*[@id=\"__dialog2-ok\"]"}
COMMAND: POST /session/42884225aed85a1416fe6b9a7a194f6f/elements - {"using":"xpath","value":"//*[@id=\"__dialog2-ok\"]"}
RESULT: {"using":"xpath","value":"//*[@id=\"__dialog2-ok\"]"}
COMMAND: POST /session/42884225aed85a1416fe6b9a7a194f6f/elements - {"using":"xpath","value":"//*[@id=\"__dialog2-ok\"]"}
RESULT: {"using":"xpath","value":"//*[@id=\"__dialog2-ok\"]"}
COMMAND: POST /session/42884225aed85a1416fe6b9a7a194f6f/elements - {"using":"xpath","value":"//*[@id=\"__dialog2-ok\"]"}
RESULT: {"using":"xpath","value":"//*[@id=\"__dialog2-ok\"]"}
COMMAND: POST /session/42884225aed85a1416fe6b9a7a194f6f/elements - {"using":"xpath","value":"//*[@id=\"__dialog2-ok\"]"}
RESULT: {"using":"xpath","value":"//*[@id=\"__dialog2-ok\"]"}
COMMAND: POST /session/42884225aed85a1416fe6b9a7a194f6f/elements - {"using":"xpath","value":"//*[@id=\"__dialog2-ok\"]"}
RESULT: {"using":"xpath","value":"//*[@id=\"__dialog2-ok\"]"}
COMMAND: POST /session/42884225aed85a1416fe6b9a7a194f6f/elements - {"using":"xpath","value":"//*[@id=\"__dialog2-ok\"]"}
RESULT: {"using":"xpath","value":"//*[@id=\"__dialog2-ok\"]"}
COMMAND: POST /session/42884225aed85a1416fe6b9a7a194f6f/elements - {"using":"xpath","value":"//*[@id=\"__dialog2-ok\"]"}
RESULT: {"using":"xpath","value":"//*[@id=\"__dialog2-ok\"]"}
COMMAND: POST /session/42884225aed85a1416fe6b9a7a194f6f/elements - {"using":"xpath","value":"//*[@id=\"__dialog2-ok\"]"}
RESULT: {"using":"xpath","value":"//*[@id=\"__dialog2-ok\"]"}
COMMAND: POST /session/42884225aed85a1416fe6b9a7a194f6f/elements - {"using":"xpath","value":"//*[@id=\"__dialog2-ok\"]"}
RESULT: {"using":"xpath","value":"//*[@id=\"__dialog2-ok\"]"}
COMMAND: POST /session/42884225aed85a1416fe6b9a7a194f6f/elements - {"using":"xpath","value":"//*[@id=\"__dialog2-ok\"]"}
RESULT: {"using":"xpath","value":"//*[@id=\"__dialog2-ok\"]"}
COMMAND: POST /session/42884225aed85a1416fe6b9a7a194f6f/elements - {"using":"xpath","value":"//*[@id=\"__dialog2-ok\"]"}
RESULT: {"using":"xpath","value":"//*[@id=\"__dialog2-ok\"]"}
COMMAND: POST /session/42884225aed85a1416fe6b9a7a194f6f/elements - {"using":"xpath","value":"//*[@id=\"__dialog2-ok\"]"}
RESULT: {"using":"xpath","value":"//*[@id=\"__dialog2-ok\"]"}
COMMAND: POST /session/42884225aed85a1416fe6b9a7a194f6f/elements - {"using":"xpath","value":"//*[@id=\"__dialog2-ok\"]"}
RESULT: {"using":"xpath","value":"//*[@id=\"__dialog2-ok\"]"}
COMMAND: POST /session/42884225aed85a1416fe6b9a7a194f6f/elements - {"using":"xpath","value":"//*[@id=\"__dialog2-ok\"]"}
RESULT: {"using":"xpath","value":"//*[@id=\"__dialog2-ok\"]"}
COMMAND: POST /session/42884225aed85a1416fe6b9a7a194f6f/elements - {"using":"xpath","value":"//*[@id=\"__dialog2-ok\"]"}
RESULT: {"using":"xpath","value":"//*[@id=\"__dialog2-ok\"]"}
COMMAND: POST /session/42884225aed85a1416fe6b9a7a194f6f/elements - {"using":"xpath","value":"//*[@id=\"__dialog2-ok\"]"}
RESULT: {"using":"xpath","value":"//*[@id=\"__dialog2-ok\"]"}
COMMAND: POST /session/42884225aed85a1416fe6b9a7a194f6f/elements - {"using":"xpath","value":"//*[@id=\"__dialog2-ok\"]"}
RESULT: {"using":"xpath","value":"//*[@id=\"__dialog2-ok\"]"}
COMMAND: POST /session/42884225aed85a1416fe6b9a7a194f6f/elements - {"using":"xpath","value":"//*[@id=\"__dialog2-ok\"]"}
RESULT: {"using":"xpath","value":"//*[@id=\"__dialog2-ok\"]"}
COMMAND: POST /session/42884225aed85a1416fe6b9a7a194f6f/elements - {"using":"xpath","value":"//*[@id=\"__dialog2-ok\"]"}
RESULT: {"using":"xpath","value":"//*[@id=\"__dialog2-ok\"]"}
COMMAND: POST /session/42884225aed85a1416fe6b9a7a194f6f/elements - {"using":"xpath","value":"//*[@id=\"__dialog2-ok\"]"}
RESULT: {"using":"xpath","value":"//*[@id=\"__dialog2-ok\"]"}
COMMAND: POST /session/42884225aed85a1416fe6b9a7a194f6f/elements - {"using":"xpath","value":"//*[@id=\"__dialog2-ok\"]"}
RESULT: {"using":"xpath","value":"//*[@id=\"__dialog2-ok\"]"}
COMMAND: POST /session/42884225aed85a1416fe6b9a7a194f6f/elements - {"using":"xpath","value":"//*[@id=\"__dialog2-ok\"]"}
RESULT: {"using":"xpath","value":"//*[@id=\"__dialog2-ok\"]"}
COMMAND: POST /session/42884225aed85a1416fe6b9a7a194f6f/elements - {"using":"xpath","value":"//*[@id=\"__dialog2-ok\"]"}
RESULT: {"using":"xpath","value":"//*[@id=\"__dialog2-ok\"]"}
COMMAND: POST /session/42884225aed85a1416fe6b9a7a194f6f/elements - {"using":"xpath","value":"//*[@id=\"__dialog2-ok\"]"}
RESULT: {"using":"xpath","value":"//*[@id=\"__dialog2-ok\"]"}
COMMAND: POST /session/42884225aed85a1416fe6b9a7a194f6f/elements - {"using":"xpath","value":"//*[@id=\"__dialog2-ok\"]"}
RESULT: {"using":"xpath","value":"//*[@id=\"__dialog2-ok\"]"}
COMMAND: POST /session/42884225aed85a1416fe6b9a7a194f6f/elements - {"using":"xpath","value":"//*[@id=\"__dialog2-ok\"]"}
RESULT: {"using":"xpath","value":"//*[@id=\"__dialog2-ok\"]"}
COMMAND: POST /session/42884225aed85a1416fe6b9a7a194f6f/elements - {"using":"xpath","value":"//*[@id=\"__dialog2-ok\"]"}
RESULT: {"using":"xpath","value":"//*[@id=\"__dialog2-ok\"]"}
COMMAND: POST /session/42884225aed85a1416fe6b9a7a194f6f/elements - {"using":"xpath","value":"//*[@id=\"__dialog2-ok\"]"}
RESULT: {"using":"xpath","value":"//*[@id=\"__dialog2-ok\"]"}
COMMAND: POST /session/42884225aed85a1416fe6b9a7a194f6f/elements - {"using":"xpath","value":"//*[@id=\"__dialog2-ok\"]"}
RESULT: {"using":"xpath","value":"//*[@id=\"__dialog2-ok\"]"}
COMMAND: POST /session/42884225aed85a1416fe6b9a7a194f6f/elements - {"using":"xpath","value":"//*[@id=\"__dialog2-ok\"]"}
RESULT: {"using":"xpath","value":"//*[@id=\"__dialog2-ok\"]"}
COMMAND: POST /session/42884225aed85a1416fe6b9a7a194f6f/elements - {"using":"xpath","value":"//*[@id=\"__dialog2-ok\"]"}
RESULT: {"using":"xpath","value":"//*[@id=\"__dialog2-ok\"]"}
COMMAND: POST /session/42884225aed85a1416fe6b9a7a194f6f/elements - {"using":"xpath","value":"//*[@id=\"__dialog2-ok\"]"}
RESULT: {"using":"xpath","value":"//*[@id=\"__dialog2-ok\"]"}
COMMAND: POST /session/42884225aed85a1416fe6b9a7a194f6f/elements - {"using":"xpath","value":"//*[@id=\"__dialog2-ok\"]"}
RESULT: {"using":"xpath","value":"//*[@id=\"__dialog2-ok\"]"}
COMMAND: POST /session/42884225aed85a1416fe6b9a7a194f6f/elements - {"using":"xpath","value":"//*[@id=\"__dialog2-ok\"]"}
RESULT: {"using":"xpath","value":"//*[@id=\"__dialog2-ok\"]"}
COMMAND: POST /session/42884225aed85a1416fe6b9a7a194f6f/elements - {"using":"xpath","value":"//*[@id=\"__dialog2-ok\"]"}
RESULT: {"using":"xpath","value":"//*[@id=\"__dialog2-ok\"]"}
COMMAND: POST /session/42884225aed85a1416fe6b9a7a194f6f/elements - {"using":"xpath","value":"//*[@id=\"__dialog2-ok\"]"}
RESULT: {"using":"xpath","value":"//*[@id=\"__dialog2-ok\"]"}
COMMAND: POST /session/42884225aed85a1416fe6b9a7a194f6f/elements - {"using":"xpath","value":"//*[@id=\"__dialog2-ok\"]"}
RESULT: {"using":"xpath","value":"//*[@id=\"__dialog2-ok\"]"}
COMMAND: POST /session/42884225aed85a1416fe6b9a7a194f6f/elements - {"using":"xpath","value":"//*[@id=\"__dialog2-ok\"]"}
RESULT: {"using":"xpath","value":"//*[@id=\"__dialog2-ok\"]"}
COMMAND: POST /session/42884225aed85a1416fe6b9a7a194f6f/elements - {"using":"xpath","value":"//*[@id=\"__dialog2-ok\"]"}
RESULT: {"using":"xpath","value":"//*[@id=\"__dialog2-ok\"]"}
COMMAND: POST /session/42884225aed85a1416fe6b9a7a194f6f/elements - {"using":"xpath","value":"//*[@id=\"__dialog2-ok\"]"}
RESULT: {"using":"xpath","value":"//*[@id=\"__dialog2-ok\"]"}
COMMAND: POST /session/42884225aed85a1416fe6b9a7a194f6f/elements - {"using":"xpath","value":"//*[@id=\"__dialog2-ok\"]"}
RESULT: {"using":"xpath","value":"//*[@id=\"__dialog2-ok\"]"}
COMMAND: POST /session/42884225aed85a1416fe6b9a7a194f6f/elements - {"using":"xpath","value":"//*[@id=\"__dialog2-ok\"]"}
RESULT: {"using":"xpath","value":"//*[@id=\"__dialog2-ok\"]"}
COMMAND: POST /session/42884225aed85a1416fe6b9a7a194f6f/elements - {"using":"xpath","value":"//*[@id=\"__dialog2-ok\"]"}
RESULT: {"using":"xpath","value":"//*[@id=\"__dialog2-ok\"]"}
COMMAND: POST /session/42884225aed85a1416fe6b9a7a194f6f/elements - {"using":"xpath","value":"//*[@id=\"__dialog2-ok\"]"}
RESULT: {"using":"xpath","value":"//*[@id=\"__dialog2-ok\"]"}
COMMAND: POST /session/42884225aed85a1416fe6b9a7a194f6f/elements - {"using":"xpath","value":"//*[@id=\"__dialog2-ok\"]"}
RESULT: {"using":"xpath","value":"//*[@id=\"__dialog2-ok\"]"}
COMMAND: POST /session/42884225aed85a1416fe6b9a7a194f6f/elements - {"using":"xpath","value":"//*[@id=\"__dialog2-ok\"]"}
RESULT: {"using":"xpath","value":"//*[@id=\"__dialog2-ok\"]"}
COMMAND: POST /session/42884225aed85a1416fe6b9a7a194f6f/elements - {"using":"xpath","value":"//*[@id=\"__dialog2-ok\"]"}
RESULT: {"using":"xpath","value":"//*[@id=\"__dialog2-ok\"]"}
COMMAND: POST /session/42884225aed85a1416fe6b9a7a194f6f/elements - {"using":"xpath","value":"//*[@id=\"__dialog2-ok\"]"}
RESULT: {"using":"xpath","value":"//*[@id=\"__dialog2-ok\"]"}
COMMAND: POST /session/42884225aed85a1416fe6b9a7a194f6f/elements - {"using":"xpath","value":"//*[@id=\"__dialog2-ok\"]"}
RESULT: {"using":"xpath","value":"//*[@id=\"__dialog2-ok\"]"}
COMMAND: POST /session/42884225aed85a1416fe6b9a7a194f6f/elements - {"using":"xpath","value":"//*[@id=\"__dialog2-ok\"]"}
RESULT: {"using":"xpath","value":"//*[@id=\"__dialog2-ok\"]"}
COMMAND: POST /session/42884225aed85a1416fe6b9a7a194f6f/elements - {"using":"xpath","value":"//*[@id=\"__dialog2-ok\"]"}
RESULT: {"using":"xpath","value":"//*[@id=\"__dialog2-ok\"]"}
COMMAND: POST /session/42884225aed85a1416fe6b9a7a194f6f/elements - {"using":"xpath","value":"//*[@id=\"__dialog2-ok\"]"}
RESULT: {"using":"xpath","value":"//*[@id=\"__dialog2-ok\"]"}
COMMAND: POST /session/42884225aed85a1416fe6b9a7a194f6f/elements - {"using":"xpath","value":"//*[@id=\"__dialog2-ok\"]"}
RESULT: {"using":"xpath","value":"//*[@id=\"__dialog2-ok\"]"}
COMMAND: POST /session/42884225aed85a1416fe6b9a7a194f6f/elements - {"using":"xpath","value":"//*[@id=\"__dialog2-ok\"]"}
RESULT: {"using":"xpath","value":"//*[@id=\"__dialog2-ok\"]"}
COMMAND: POST /session/42884225aed85a1416fe6b9a7a194f6f/elements - {"using":"xpath","value":"//*[@id=\"__dialog2-ok\"]"}
RESULT: {"using":"xpath","value":"//*[@id=\"__dialog2-ok\"]"}
COMMAND: POST /session/42884225aed85a1416fe6b9a7a194f6f/elements - {"using":"xpath","value":"//*[@id=\"__dialog2-ok\"]"}
RESULT: {"using":"xpath","value":"//*[@id=\"__dialog2-ok\"]"}
COMMAND: POST /session/42884225aed85a1416fe6b9a7a194f6f/elements - {"using":"xpath","value":"//*[@id=\"__dialog2-ok\"]"}
RESULT: {"using":"xpath","value":"//*[@id=\"__dialog2-ok\"]"}
COMMAND: POST /session/42884225aed85a1416fe6b9a7a194f6f/elements - {"using":"xpath","value":"//*[@id=\"__dialog2-ok\"]"}
RESULT: {"using":"xpath","value":"//*[@id=\"__dialog2-ok\"]"}
COMMAND: POST /session/42884225aed85a1416fe6b9a7a194f6f/elements - {"using":"xpath","value":"//*[@id=\"__dialog2-ok\"]"}
RESULT: {"using":"xpath","value":"//*[@id=\"__dialog2-ok\"]"}
COMMAND: POST /session/42884225aed85a1416fe6b9a7a194f6f/elements - {"using":"xpath","value":"//*[@id=\"__dialog2-ok\"]"}
RESULT: {"using":"xpath","value":"//*[@id=\"__dialog2-ok\"]"}
COMMAND: POST /session/42884225aed85a1416fe6b9a7a194f6f/elements - {"using":"xpath","value":"//*[@id=\"__dialog2-ok\"]"}
RESULT: {"using":"xpath","value":"//*[@id=\"__dialog2-ok\"]"}
COMMAND: POST /session/42884225aed85a1416fe6b9a7a194f6f/elements - {"using":"xpath","value":"//*[@id=\"__dialog2-ok\"]"}
RESULT: {"using":"xpath","value":"//*[@id=\"__dialog2-ok\"]"}
COMMAND: POST /session/42884225aed85a1416fe6b9a7a194f6f/elements - {"using":"xpath","value":"//*[@id=\"__dialog2-ok\"]"}
RESULT: {"using":"xpath","value":"//*[@id=\"__dialog2-ok\"]"}
COMMAND: POST /session/42884225aed85a1416fe6b9a7a194f6f/elements - {"using":"xpath","value":"//*[@id=\"__dialog2-ok\"]"}
RESULT: {"using":"xpath","value":"//*[@id=\"__dialog2-ok\"]"}
COMMAND: POST /session/42884225aed85a1416fe6b9a7a194f6f/elements - {"using":"xpath","value":"//*[@id=\"__dialog2-ok\"]"}
RESULT: {"using":"xpath","value":"//*[@id=\"__dialog2-ok\"]"}
COMMAND: POST /session/42884225aed85a1416fe6b9a7a194f6f/elements - {"using":"xpath","value":"//*[@id=\"__dialog2-ok\"]"}
RESULT: {"using":"xpath","value":"//*[@id=\"__dialog2-ok\"]"}
COMMAND: POST /session/42884225aed85a1416fe6b9a7a194f6f/elements - {"using":"xpath","value":"//*[@id=\"__dialog2-ok\"]"}
RESULT: {"using":"xpath","value":"//*[@id=\"__dialog2-ok\"]"}
COMMAND: POST /session/42884225aed85a1416fe6b9a7a194f6f/elements - {"using":"xpath","value":"//*[@id=\"__dialog2-ok\"]"}
RESULT: {"using":"xpath","value":"//*[@id=\"__dialog2-ok\"]"}
COMMAND: POST /session/42884225aed85a1416fe6b9a7a194f6f/elements - {"using":"xpath","value":"//*[@id=\"__dialog2-ok\"]"}
RESULT: {"using":"xpath","value":"//*[@id=\"__dialog2-ok\"]"}
COMMAND: POST /session/42884225aed85a1416fe6b9a7a194f6f/elements - {"using":"xpath","value":"//*[@id=\"__dialog2-ok\"]"}
RESULT: {"using":"xpath","value":"//*[@id=\"__dialog2-ok\"]"}
COMMAND: POST /session/42884225aed85a1416fe6b9a7a194f6f/elements - {"using":"xpath","value":"//*[@id=\"__dialog2-ok\"]"}
RESULT: {"using":"xpath","value":"//*[@id=\"__dialog2-ok\"]"}
COMMAND: POST /session/42884225aed85a1416fe6b9a7a194f6f/elements - {"using":"xpath","value":"//*[@id=\"__dialog2-ok\"]"}
RESULT: {"using":"xpath","value":"//*[@id=\"__dialog2-ok\"]"}
COMMAND: POST /session/42884225aed85a1416fe6b9a7a194f6f/elements - {"using":"xpath","value":"//*[@id=\"__dialog2-ok\"]"}
RESULT: {"using":"xpath","value":"//*[@id=\"__dialog2-ok\"]"}
COMMAND: POST /session/42884225aed85a1416fe6b9a7a194f6f/elements - {"using":"xpath","value":"//*[@id=\"__dialog2-ok\"]"}
RESULT: {"using":"xpath","value":"//*[@id=\"__dialog2-ok\"]"}
COMMAND: POST /session/42884225aed85a1416fe6b9a7a194f6f/elements - {"using":"xpath","value":"//*[@id=\"__dialog2-ok\"]"}
RESULT: {"using":"xpath","value":"//*[@id=\"__dialog2-ok\"]"}
COMMAND: POST /session/42884225aed85a1416fe6b9a7a194f6f/elements - {"using":"xpath","value":"//*[@id=\"__dialog2-ok\"]"}
RESULT: {"using":"xpath","value":"//*[@id=\"__dialog2-ok\"]"}
COMMAND: POST /session/42884225aed85a1416fe6b9a7a194f6f/elements - {"using":"xpath","value":"//*[@id=\"__dialog2-ok\"]"}
RESULT: {"using":"xpath","value":"//*[@id=\"__dialog2-ok\"]"}
COMMAND: POST /session/42884225aed85a1416fe6b9a7a194f6f/elements - {"using":"xpath","value":"//*[@id=\"__dialog2-ok\"]"}
RESULT: {"using":"xpath","value":"//*[@id=\"__dialog2-ok\"]"}
COMMAND: POST /session/42884225aed85a1416fe6b9a7a194f6f/elements - {"using":"xpath","value":"//*[@id=\"__dialog2-ok\"]"}
RESULT: {"using":"xpath","value":"//*[@id=\"__dialog2-ok\"]"}
COMMAND: POST /session/42884225aed85a1416fe6b9a7a194f6f/elements - {"using":"xpath","value":"//*[@id=\"__dialog2-ok\"]"}
RESULT: {"using":"xpath","value":"//*[@id=\"__dialog2-ok\"]"}
COMMAND: POST /session/42884225aed85a1416fe6b9a7a194f6f/elements - {"using":"xpath","value":"//*[@id=\"__dialog2-ok\"]"}
RESULT: {"using":"xpath","value":"//*[@id=\"__dialog2-ok\"]"}
COMMAND: POST /session/42884225aed85a1416fe6b9a7a194f6f/elements - {"using":"xpath","value":"//*[@id=\"__dialog2-ok\"]"}
RESULT: {"using":"xpath","value":"//*[@id=\"__dialog2-ok\"]"}
COMMAND: POST /session/42884225aed85a1416fe6b9a7a194f6f/element - {"using":"xpath","value":"//*[contains(text(), \"OK\")]"}
RESULT: {"using":"xpath","value":"//*[contains(text(), \"OK\")]"}
COMMAND: POST /session/42884225aed85a1416fe6b9a7a194f6f/execute/sync - {"script":"<script> [8489 bytes]","args":[{"element-6066-11e4-a52e-4f735466cecf":"f.9BCB9C5AC579EB569B22B9388FFD1F0B.d.43FB82937E95F8BBDD072AA5B0AB60F9.e.777","ELEMENT":"f.9BCB9C5AC579EB569B22B9388FFD1F0B.d.43FB82937E95F8BBDD072AA5B0AB60F9.e.777"}]}
RESULT: {"script":"<script> [8489 bytes]","args":[{"element-6066-11e4-a52e-4f735466cecf":"f.9BCB9C5AC579EB569B22B9388FFD1F0B.d.43FB82937E95F8BBDD072AA5B0AB60F9.e.777","ELEMENT":"f.9BCB9C5AC579EB569B22B9388FFD1F0B.d.43FB82937E95F8BBDD072AA5B0AB60F9.e.777"}]}
COMMAND: POST /session/42884225aed85a1416fe6b9a7a194f6f/execute/sync - {"script":"<script> [5351 bytes]","args":[{"element-6066-11e4-a52e-4f735466cecf":"f.9BCB9C5AC579EB569B22B9388FFD1F0B.d.43FB82937E95F8BBDD072AA5B0AB60F9.e.777","ELEMENT":"f.9BCB9C5AC579EB569B22B9388FFD1F0B.d.43FB82937E95F8BBDD072AA5B0AB60F9.e.777"}]}
COMMAND: GET /session/42884225aed85a1416fe6b9a7a194f6f/screenshot - {}
RESULT: {"script":"<script> [5351 bytes]","args":[{"element-6066-11e4-a52e-4f735466cecf":"f.9BCB9C5AC579EB569B22B9388FFD1F0B.d.43FB82937E95F8BBDD072AA5B0AB60F9.e.777","ELEMENT":"f.9BCB9C5AC579EB569B22B9388FFD1F0B.d.43FB82937E95F8BBDD072AA5B0AB60F9.e.777"}]}
COMMAND: POST /session/42884225aed85a1416fe6b9a7a194f6f/element/f.9BCB9C5AC579EB569B22B9388FFD1F0B.d.43FB82937E95F8BBDD072AA5B0AB60F9.e.777/click - {}
COMMAND: GET /session/42884225aed85a1416fe6b9a7a194f6f/screenshot - {}
RESULT: {}
RESULT: {}
COMMAND: GET /session/42884225aed85a1416fe6b9a7a194f6f/screenshot - {}
RESULT: {}
RESULT: {}
COMMAND: POST /session/42884225aed85a1416fe6b9a7a194f6f/execute/async - {"script":"<script> [1562 bytes]","args":[{"selector":{"id":"application-manageresources-display-component---newResourceUnit--rruAssetNo","interaction":{"idSuffix":"inner"}},"wdio_ui5_key":"applicationmanageresources-display-component---newResourceUnit--rruAssetNo"}]}
RESULT: {"script":"<script> [1562 bytes]","args":[{"selector":{"id":"application-manageresources-display-component---newResourceUnit--rruAssetNo","interaction":{"idSuffix":"inner"}},"wdio_ui5_key":"applicationmanageresources-display-component---newResourceUnit--rruAssetNo"}]}
RESULT: undefined
COMMAND: POST /session/42884225aed85a1416fe6b9a7a194f6f/execute/async - {"script":"<script> [6424 bytes]","args":[{"element-6066-11e4-a52e-4f735466cecf":"f.9BCB9C5AC579EB569B22B9388FFD1F0B.d.43FB82937E95F8BBDD072AA5B0AB60F9.e.780"},"getValue",[]]}
RESULT: {"script":"<script> [6424 bytes]","args":[{"element-6066-11e4-a52e-4f735466cecf":"f.9BCB9C5AC579EB569B22B9388FFD1F0B.d.43FB82937E95F8BBDD072AA5B0AB60F9.e.780"},"getValue",[]]}
]]></system-out>
    </testcase>
    <testcase classname="chrome.136_0_7103_93.windows.Manage_RU:_Interfaces_Data_Check_for_UI_fields_US132253" name="Should see correct data from the Cost Object interface" time="11.139">
      <system-out><![CDATA[
COMMAND: POST /session/42884225aed85a1416fe6b9a7a194f6f/execute/async - {"script":"<script> [1562 bytes]","args":[{"selector":{"id":"application-manageresources-display-component---newResourceUnit--newRRUPage-anchBar-application-manageresources-display-component---newResourceUnit--control-anchor","interaction":{"idSuffix":"BDI-content"}},"wdio_ui5_key":"applicationmanageresources-display-component---newResourceUnit--newRRUPage-anchBar-application-manageresources-display-component---newResourceUnit--control-anchor"}]}
RESULT: {"script":"<script> [1562 bytes]","args":[{"selector":{"id":"application-manageresources-display-component---newResourceUnit--newRRUPage-anchBar-application-manageresources-display-component---newResourceUnit--control-anchor","interaction":{"idSuffix":"BDI-content"}},"wdio_ui5_key":"applicationmanageresources-display-component---newResourceUnit--newRRUPage-anchBar-application-manageresources-display-component---newResourceUnit--control-anchor"}]}
RESULT: undefined
COMMAND: POST /session/42884225aed85a1416fe6b9a7a194f6f/element - {"using":"xpath","value":"//*[@id=\"application-manageresources-display-component---newResourceUnit--newRRUPage-anchBar-application-manageresources-display-component---newResourceUnit--control-anchor\"]"}
RESULT: {"using":"xpath","value":"//*[@id=\"application-manageresources-display-component---newResourceUnit--newRRUPage-anchBar-application-manageresources-display-component---newResourceUnit--control-anchor\"]"}
COMMAND: POST /session/42884225aed85a1416fe6b9a7a194f6f/element/f.9BCB9C5AC579EB569B22B9388FFD1F0B.d.43FB82937E95F8BBDD072AA5B0AB60F9.e.783/click - {}
RESULT: {}
COMMAND: POST /session/42884225aed85a1416fe6b9a7a194f6f/execute/async - {"script":"<script> [1562 bytes]","args":[{"selector":{"id":"application-manageresources-display-component---newResourceUnit--DECOMMISSIONING","interaction":{"idSuffix":"inner"}},"wdio_ui5_key":"applicationmanageresources-display-component---newResourceUnit--DECOMMISSIONING"}]}
COMMAND: GET /session/42884225aed85a1416fe6b9a7a194f6f/screenshot - {}
RESULT: {"script":"<script> [1562 bytes]","args":[{"selector":{"id":"application-manageresources-display-component---newResourceUnit--DECOMMISSIONING","interaction":{"idSuffix":"inner"}},"wdio_ui5_key":"applicationmanageresources-display-component---newResourceUnit--DECOMMISSIONING"}]}
RESULT: undefined
COMMAND: POST /session/42884225aed85a1416fe6b9a7a194f6f/execute/async - {"script":"<script> [776 bytes]","args":[{"enterText":0,"selector":{"id":"application-manageresources-display-component---newResourceUnit--DECOMMISSIONING","interaction":{"idSuffix":"inner"}},"clearTextFirst":true,"interactionType":"ENTER_TEXT"}]}
RESULT: {}
RESULT: {"script":"<script> [776 bytes]","args":[{"enterText":0,"selector":{"id":"application-manageresources-display-component---newResourceUnit--DECOMMISSIONING","interaction":{"idSuffix":"inner"}},"clearTextFirst":true,"interactionType":"ENTER_TEXT"}]}
COMMAND: POST /session/42884225aed85a1416fe6b9a7a194f6f/execute/async - {"script":"<script> [1562 bytes]","args":[{"selector":{"id":"application-manageresources-display-component---newResourceUnit--btnAddTimeSegment-img"},"wdio_ui5_key":"applicationmanageresources-display-component---newResourceUnit--btnAddTimeSegment-img"}]}
RESULT: {"script":"<script> [1562 bytes]","args":[{"selector":{"id":"application-manageresources-display-component---newResourceUnit--btnAddTimeSegment-img"},"wdio_ui5_key":"applicationmanageresources-display-component---newResourceUnit--btnAddTimeSegment-img"}]}
RESULT: undefined
COMMAND: POST /session/42884225aed85a1416fe6b9a7a194f6f/element - {"using":"xpath","value":"//*[@id=\"application-manageresources-display-component---newResourceUnit--btnAddTimeSegment-img\"]"}
COMMAND: POST /session/42884225aed85a1416fe6b9a7a194f6f/execute/async - {"script":"<script> [6424 bytes]","args":[{"element-6066-11e4-a52e-4f735466cecf":"f.9BCB9C5AC579EB569B22B9388FFD1F0B.d.43FB82937E95F8BBDD072AA5B0AB60F9.e.788"},"getVisible",[]]}
RESULT: {"using":"xpath","value":"//*[@id=\"application-manageresources-display-component---newResourceUnit--btnAddTimeSegment-img\"]"}
COMMAND: POST /session/42884225aed85a1416fe6b9a7a194f6f/element/f.9BCB9C5AC579EB569B22B9388FFD1F0B.d.43FB82937E95F8BBDD072AA5B0AB60F9.e.788/click - {}
RESULT: {"script":"<script> [6424 bytes]","args":[{"element-6066-11e4-a52e-4f735466cecf":"f.9BCB9C5AC579EB569B22B9388FFD1F0B.d.43FB82937E95F8BBDD072AA5B0AB60F9.e.788"},"getVisible",[]]}
RESULT: {}
COMMAND: POST /session/42884225aed85a1416fe6b9a7a194f6f/actions - {"actions":[{"id":"action3","type":"key","parameters":{},"actions":[{"type":"keyDown","value":""},{"type":"keyDown","value":""},{"type":"pause","duration":10},{"type":"keyUp","value":""},{"type":"keyUp","value":""}]}]}
COMMAND: GET /session/42884225aed85a1416fe6b9a7a194f6f/screenshot - {}
RESULT: {"actions":[{"id":"action3","type":"key","parameters":{},"actions":[{"type":"keyDown","value":""},{"type":"keyDown","value":""},{"type":"pause","duration":10},{"type":"keyUp","value":""},{"type":"keyUp","value":""}]}]}
COMMAND: GET /session/42884225aed85a1416fe6b9a7a194f6f/screenshot - {}
RESULT: {}
RESULT: {}
COMMAND: POST /session/42884225aed85a1416fe6b9a7a194f6f/execute/async - {"script":"<script> [1562 bytes]","args":[{"selector":{"controlType":"sap.ui.core.Icon","viewName":"reusables.view.manageresources.NewResourceUnit","viewId":"application-manageresources-display-component---newResourceUnit","properties":{"src":{"regex":{"source":"slim\\-arrow\\-down"}}},"ancestor":{"controlType":"sap.m.ComboBox","viewName":"reusables.view.manageresources.NewResourceUnit","viewId":"application-manageresources-display-component---newResourceUnit","bindingPath":{"path":"/RESOURCE_UNIT_TIME_SEQUENCES/0","propertyPath":"COST_OBJECT_OWNER_CST_TYPE","modelName":"oNewRruModel"}}},"wdio_ui5_key":"reusablesview.manageresources.NewResourceUnitsap.ui.core.Icon{\"src\":{\"regex\":{\"source\":\"slim\\\\-arrow\\\\-down\"}}}{\"controlType\":\"sap.m.ComboBox\",\"viewName\":\"reusables.view.manageresources.NewResourceUnit\",\"viewId\":\"application-manageresources-display-component---newResourceUnit\",\"bindingPath\":{\"path\":\"/RESOURCE_UNIT_TIME_SEQUENCES/0\",\"propertyPath\":\"COST_OBJECT_OWNER_CST_TYPE\",\"modelName\":\"oNewRruModel\"}}"}]}
RESULT: {"script":"<script> [1562 bytes]","args":[{"selector":{"controlType":"sap.ui.core.Icon","viewName":"reusables.view.manageresources.NewResourceUnit","viewId":"application-manageresources-display-component---newResourceUnit","properties":{"src":{"regex":{"source":"slim\\-arrow\\-down"}}},"ancestor":{"controlType":"sap.m.ComboBox","viewName":"reusables.view.manageresources.NewResourceUnit","viewId":"application-manageresources-display-component---newResourceUnit","bindingPath":{"path":"/RESOURCE_UNIT_TIME_SEQUENCES/0","propertyPath":"COST_OBJECT_OWNER_CST_TYPE","modelName":"oNewRruModel"}}},"wdio_ui5_key":"reusablesview.manageresources.NewResourceUnitsap.ui.core.Icon{\"src\":{\"regex\":{\"source\":\"slim\\\\-arrow\\\\-down\"}}}{\"controlType\":\"sap.m.ComboBox\",\"viewName\":\"reusables.view.manageresources.NewResourceUnit\",\"viewId\":\"application-manageresources-display-component---newResourceUnit\",\"bindingPath\":{\"path\":\"/RESOURCE_UNIT_TIME_SEQUENCES/0\",\"propertyPath\":\"COST_OBJECT_OWNER_CST_TYPE\",\"modelName\":\"oNewRruModel\"}}"}]}
RESULT: undefined
COMMAND: POST /session/42884225aed85a1416fe6b9a7a194f6f/element - {"using":"xpath","value":"//*[@id=\"__box4-application-manageresources-display-component---newResourceUnit--RUTimeSegment-0-arrow\"]"}
RESULT: {"using":"xpath","value":"//*[@id=\"__box4-application-manageresources-display-component---newResourceUnit--RUTimeSegment-0-arrow\"]"}
COMMAND: POST /session/42884225aed85a1416fe6b9a7a194f6f/element/f.9BCB9C5AC579EB569B22B9388FFD1F0B.d.43FB82937E95F8BBDD072AA5B0AB60F9.e.805/click - {}
RESULT: {}
COMMAND: POST /session/42884225aed85a1416fe6b9a7a194f6f/element - {"using":"xpath","value":"//span[@aria-live=\"polite\" and text()=\"Cost Center\"]"}
COMMAND: GET /session/42884225aed85a1416fe6b9a7a194f6f/screenshot - {}
RESULT: {"using":"xpath","value":"//span[@aria-live=\"polite\" and text()=\"Cost Center\"]"}
COMMAND: POST /session/42884225aed85a1416fe6b9a7a194f6f/execute/sync - {"script":"<script> [8489 bytes]","args":[{"element-6066-11e4-a52e-4f735466cecf":"f.9BCB9C5AC579EB569B22B9388FFD1F0B.d.43FB82937E95F8BBDD072AA5B0AB60F9.e.806","ELEMENT":"f.9BCB9C5AC579EB569B22B9388FFD1F0B.d.43FB82937E95F8BBDD072AA5B0AB60F9.e.806"}]}
RESULT: {}
RESULT: {"script":"<script> [8489 bytes]","args":[{"element-6066-11e4-a52e-4f735466cecf":"f.9BCB9C5AC579EB569B22B9388FFD1F0B.d.43FB82937E95F8BBDD072AA5B0AB60F9.e.806","ELEMENT":"f.9BCB9C5AC579EB569B22B9388FFD1F0B.d.43FB82937E95F8BBDD072AA5B0AB60F9.e.806"}]}
COMMAND: POST /session/42884225aed85a1416fe6b9a7a194f6f/element - {"using":"xpath","value":"//span[@aria-live=\"polite\" and text()=\"Internal Order\"]"}
COMMAND: GET /session/42884225aed85a1416fe6b9a7a194f6f/screenshot - {}
RESULT: {"using":"xpath","value":"//span[@aria-live=\"polite\" and text()=\"Internal Order\"]"}
COMMAND: POST /session/42884225aed85a1416fe6b9a7a194f6f/execute/sync - {"script":"<script> [8489 bytes]","args":[{"element-6066-11e4-a52e-4f735466cecf":"f.9BCB9C5AC579EB569B22B9388FFD1F0B.d.43FB82937E95F8BBDD072AA5B0AB60F9.e.807","ELEMENT":"f.9BCB9C5AC579EB569B22B9388FFD1F0B.d.43FB82937E95F8BBDD072AA5B0AB60F9.e.807"}]}
RESULT: {}
RESULT: {"script":"<script> [8489 bytes]","args":[{"element-6066-11e4-a52e-4f735466cecf":"f.9BCB9C5AC579EB569B22B9388FFD1F0B.d.43FB82937E95F8BBDD072AA5B0AB60F9.e.807","ELEMENT":"f.9BCB9C5AC579EB569B22B9388FFD1F0B.d.43FB82937E95F8BBDD072AA5B0AB60F9.e.807"}]}
COMMAND: POST /session/42884225aed85a1416fe6b9a7a194f6f/element - {"using":"xpath","value":"//span[@aria-live=\"polite\" and text()=\"PM Order\"]"}
COMMAND: GET /session/42884225aed85a1416fe6b9a7a194f6f/screenshot - {}
RESULT: {"using":"xpath","value":"//span[@aria-live=\"polite\" and text()=\"PM Order\"]"}
COMMAND: POST /session/42884225aed85a1416fe6b9a7a194f6f/execute/sync - {"script":"<script> [8489 bytes]","args":[{"element-6066-11e4-a52e-4f735466cecf":"f.9BCB9C5AC579EB569B22B9388FFD1F0B.d.43FB82937E95F8BBDD072AA5B0AB60F9.e.808","ELEMENT":"f.9BCB9C5AC579EB569B22B9388FFD1F0B.d.43FB82937E95F8BBDD072AA5B0AB60F9.e.808"}]}
RESULT: {}
RESULT: {"script":"<script> [8489 bytes]","args":[{"element-6066-11e4-a52e-4f735466cecf":"f.9BCB9C5AC579EB569B22B9388FFD1F0B.d.43FB82937E95F8BBDD072AA5B0AB60F9.e.808","ELEMENT":"f.9BCB9C5AC579EB569B22B9388FFD1F0B.d.43FB82937E95F8BBDD072AA5B0AB60F9.e.808"}]}
COMMAND: POST /session/42884225aed85a1416fe6b9a7a194f6f/element - {"using":"xpath","value":"//span[@aria-live=\"polite\" and text()=\"Work Breakdown Structure\"]"}
COMMAND: GET /session/42884225aed85a1416fe6b9a7a194f6f/screenshot - {}
RESULT: {"using":"xpath","value":"//span[@aria-live=\"polite\" and text()=\"Work Breakdown Structure\"]"}
COMMAND: POST /session/42884225aed85a1416fe6b9a7a194f6f/execute/sync - {"script":"<script> [8489 bytes]","args":[{"element-6066-11e4-a52e-4f735466cecf":"f.9BCB9C5AC579EB569B22B9388FFD1F0B.d.43FB82937E95F8BBDD072AA5B0AB60F9.e.809","ELEMENT":"f.9BCB9C5AC579EB569B22B9388FFD1F0B.d.43FB82937E95F8BBDD072AA5B0AB60F9.e.809"}]}
RESULT: {}
RESULT: {"script":"<script> [8489 bytes]","args":[{"element-6066-11e4-a52e-4f735466cecf":"f.9BCB9C5AC579EB569B22B9388FFD1F0B.d.43FB82937E95F8BBDD072AA5B0AB60F9.e.809","ELEMENT":"f.9BCB9C5AC579EB569B22B9388FFD1F0B.d.43FB82937E95F8BBDD072AA5B0AB60F9.e.809"}]}
]]></system-out>
    </testcase>
    <testcase classname="chrome.136_0_7103_93.windows.Manage_RU:_Interfaces_Data_Check_for_UI_fields_US132253" name="Should see data from Material interface for Material Value Help Field" time="46.468">
      <system-out><![CDATA[
COMMAND: POST /session/42884225aed85a1416fe6b9a7a194f6f/execute/async - {"script":"<script> [1562 bytes]","args":[{"selector":{"id":"application-manageresources-display-component---newResourceUnit--closeButton","interaction":{"idSuffix":"BDI-content"}},"wdio_ui5_key":"applicationmanageresources-display-component---newResourceUnit--closeButton"}]}
COMMAND: GET /session/42884225aed85a1416fe6b9a7a194f6f/screenshot - {}
RESULT: {"script":"<script> [1562 bytes]","args":[{"selector":{"id":"application-manageresources-display-component---newResourceUnit--closeButton","interaction":{"idSuffix":"BDI-content"}},"wdio_ui5_key":"applicationmanageresources-display-component---newResourceUnit--closeButton"}]}
RESULT: undefined
COMMAND: POST /session/42884225aed85a1416fe6b9a7a194f6f/element - {"using":"xpath","value":"//*[@id=\"application-manageresources-display-component---newResourceUnit--closeButton\"]"}
RESULT: {}
RESULT: {"using":"xpath","value":"//*[@id=\"application-manageresources-display-component---newResourceUnit--closeButton\"]"}
COMMAND: POST /session/42884225aed85a1416fe6b9a7a194f6f/element/f.9BCB9C5AC579EB569B22B9388FFD1F0B.d.43FB82937E95F8BBDD072AA5B0AB60F9.e.614/click - {}
RESULT: {}
COMMAND: GET /session/42884225aed85a1416fe6b9a7a194f6f/screenshot - {}
RESULT: {}
RESULT: undefined
COMMAND: POST /session/42884225aed85a1416fe6b9a7a194f6f/element - {"using":"xpath","value":"//*[@id=\"__button5-img\"]"}
RESULT: {"using":"xpath","value":"//*[@id=\"__button5-img\"]"}
COMMAND: POST /session/42884225aed85a1416fe6b9a7a194f6f/element/f.9BCB9C5AC579EB569B22B9388FFD1F0B.d.43FB82937E95F8BBDD072AA5B0AB60F9.e.280/click - {}
RESULT: {}
COMMAND: GET /session/42884225aed85a1416fe6b9a7a194f6f/screenshot - {}
RESULT: {}
RESULT: undefined
COMMAND: POST /session/42884225aed85a1416fe6b9a7a194f6f/execute/async - {"script":"<script> [776 bytes]","args":[{"enterText":"Material","selector":{"id":"application-manageresources-display-component---newResourceUnit--TYPE","interaction":{"idSuffix":"inner"}},"clearTextFirst":true,"interactionType":"ENTER_TEXT"}]}
RESULT: {"script":"<script> [776 bytes]","args":[{"enterText":"Material","selector":{"id":"application-manageresources-display-component---newResourceUnit--TYPE","interaction":{"idSuffix":"inner"}},"clearTextFirst":true,"interactionType":"ENTER_TEXT"}]}
COMMAND: POST /session/42884225aed85a1416fe6b9a7a194f6f/actions - {"actions":[{"id":"action4","type":"key","parameters":{},"actions":[{"type":"keyDown","value":""},{"type":"pause","duration":10},{"type":"keyUp","value":""}]}]}
RESULT: {"actions":[{"id":"action4","type":"key","parameters":{},"actions":[{"type":"keyDown","value":""},{"type":"pause","duration":10},{"type":"keyUp","value":""}]}]}
COMMAND: GET /session/42884225aed85a1416fe6b9a7a194f6f/screenshot - {}
RESULT: {}
COMMAND: POST /session/42884225aed85a1416fe6b9a7a194f6f/execute/async - {"script":"<script> [1562 bytes]","args":[{"selector":{"id":"application-manageresources-display-component---newResourceUnit--MATERIAL_NO","interaction":{"idSuffix":"inner"}},"wdio_ui5_key":"applicationmanageresources-display-component---newResourceUnit--MATERIAL_NO"}]}
RESULT: {"script":"<script> [1562 bytes]","args":[{"selector":{"id":"application-manageresources-display-component---newResourceUnit--MATERIAL_NO","interaction":{"idSuffix":"inner"}},"wdio_ui5_key":"applicationmanageresources-display-component---newResourceUnit--MATERIAL_NO"}]}
RESULT: undefined
COMMAND: POST /session/42884225aed85a1416fe6b9a7a194f6f/execute/async - {"script":"<script> [776 bytes]","args":[{"enterText":"","selector":{"id":"application-manageresources-display-component---newResourceUnit--MATERIAL_NO","interaction":{"idSuffix":"inner"}},"clearTextFirst":true,"interactionType":"ENTER_TEXT"}]}
RESULT: {"script":"<script> [776 bytes]","args":[{"enterText":"","selector":{"id":"application-manageresources-display-component---newResourceUnit--MATERIAL_NO","interaction":{"idSuffix":"inner"}},"clearTextFirst":true,"interactionType":"ENTER_TEXT"}]}
COMMAND: POST /session/42884225aed85a1416fe6b9a7a194f6f/execute/async - {"script":"<script> [1562 bytes]","args":[{"selector":{"id":"application-manageresources-display-component---newResourceUnit--MATERIAL_NO-vhi"},"wdio_ui5_key":"applicationmanageresources-display-component---newResourceUnit--MATERIAL_NO-vhi"}]}
RESULT: {"script":"<script> [1562 bytes]","args":[{"selector":{"id":"application-manageresources-display-component---newResourceUnit--MATERIAL_NO-vhi"},"wdio_ui5_key":"applicationmanageresources-display-component---newResourceUnit--MATERIAL_NO-vhi"}]}
RESULT: undefined
COMMAND: POST /session/42884225aed85a1416fe6b9a7a194f6f/element - {"using":"xpath","value":"//*[@id=\"application-manageresources-display-component---newResourceUnit--MATERIAL_NO-vhi\"]"}
RESULT: {"using":"xpath","value":"//*[@id=\"application-manageresources-display-component---newResourceUnit--MATERIAL_NO-vhi\"]"}
COMMAND: POST /session/42884225aed85a1416fe6b9a7a194f6f/element/f.9BCB9C5AC579EB569B22B9388FFD1F0B.d.43FB82937E95F8BBDD072AA5B0AB60F9.e.1213/click - {}
RESULT: {}
COMMAND: POST /session/42884225aed85a1416fe6b9a7a194f6f/execute/async - {"script":"<script> [1562 bytes]","args":[{"selector":{"controlType":"sap.m.SearchField","properties":{"placeholder":"Search"},"searchOpenDialogs":true,"interaction":{"idSuffix":"I"}},"wdio_ui5_key":"sapm.SearchField{\"placeholder\":\"Search\"}"}]}
COMMAND: GET /session/42884225aed85a1416fe6b9a7a194f6f/screenshot - {}
RESULT: {"script":"<script> [1562 bytes]","args":[{"selector":{"controlType":"sap.m.SearchField","properties":{"placeholder":"Search"},"searchOpenDialogs":true,"interaction":{"idSuffix":"I"}},"wdio_ui5_key":"sapm.SearchField{\"placeholder\":\"Search\"}"}]}
RESULT: undefined
COMMAND: POST /session/42884225aed85a1416fe6b9a7a194f6f/execute/async - {"script":"<script> [776 bytes]","args":[{"enterText":"SAP ME TEST","selector":{"controlType":"sap.m.SearchField","properties":{"placeholder":"Search"},"searchOpenDialogs":true,"interaction":{"idSuffix":"I"}},"clearTextFirst":true,"interactionType":"ENTER_TEXT"}]}
RESULT: {}
RESULT: {"script":"<script> [776 bytes]","args":[{"enterText":"SAP ME TEST","selector":{"controlType":"sap.m.SearchField","properties":{"placeholder":"Search"},"searchOpenDialogs":true,"interaction":{"idSuffix":"I"}},"clearTextFirst":true,"interactionType":"ENTER_TEXT"}]}
COMMAND: POST /session/42884225aed85a1416fe6b9a7a194f6f/actions - {"actions":[{"id":"action5","type":"key","parameters":{},"actions":[{"type":"keyDown","value":""},{"type":"pause","duration":10},{"type":"keyUp","value":""}]}]}
RESULT: {"actions":[{"id":"action5","type":"key","parameters":{},"actions":[{"type":"keyDown","value":""},{"type":"pause","duration":10},{"type":"keyUp","value":""}]}]}
COMMAND: GET /session/42884225aed85a1416fe6b9a7a194f6f/screenshot - {}
RESULT: {}
COMMAND: POST /session/42884225aed85a1416fe6b9a7a194f6f/element - {"using":"xpath","value":"//span[text()=\"41\"]"}
RESULT: {"using":"xpath","value":"//span[text()=\"41\"]"}
COMMAND: POST /session/42884225aed85a1416fe6b9a7a194f6f/elements - {"using":"xpath","value":"//span[text()=\"41\"]"}
RESULT: {"using":"xpath","value":"//span[text()=\"41\"]"}
COMMAND: POST /session/42884225aed85a1416fe6b9a7a194f6f/execute/sync - {"script":"<script> [8489 bytes]","args":[{"element-6066-11e4-a52e-4f735466cecf":"f.9BCB9C5AC579EB569B22B9388FFD1F0B.d.43FB82937E95F8BBDD072AA5B0AB60F9.e.1231","ELEMENT":"f.9BCB9C5AC579EB569B22B9388FFD1F0B.d.43FB82937E95F8BBDD072AA5B0AB60F9.e.1231"}]}
RESULT: {"script":"<script> [8489 bytes]","args":[{"element-6066-11e4-a52e-4f735466cecf":"f.9BCB9C5AC579EB569B22B9388FFD1F0B.d.43FB82937E95F8BBDD072AA5B0AB60F9.e.1231","ELEMENT":"f.9BCB9C5AC579EB569B22B9388FFD1F0B.d.43FB82937E95F8BBDD072AA5B0AB60F9.e.1231"}]}
COMMAND: GET /session/42884225aed85a1416fe6b9a7a194f6f/element/f.9BCB9C5AC579EB569B22B9388FFD1F0B.d.43FB82937E95F8BBDD072AA5B0AB60F9.e.1231/enabled - {}
COMMAND: GET /session/42884225aed85a1416fe6b9a7a194f6f/screenshot - {}
RESULT: {}
COMMAND: POST /session/42884225aed85a1416fe6b9a7a194f6f/execute/sync - {"script":"<script> [8489 bytes]","args":[{"element-6066-11e4-a52e-4f735466cecf":"f.9BCB9C5AC579EB569B22B9388FFD1F0B.d.43FB82937E95F8BBDD072AA5B0AB60F9.e.1231","ELEMENT":"f.9BCB9C5AC579EB569B22B9388FFD1F0B.d.43FB82937E95F8BBDD072AA5B0AB60F9.e.1231"}]}
COMMAND: GET /session/42884225aed85a1416fe6b9a7a194f6f/screenshot - {}
RESULT: {}
RESULT: {"script":"<script> [8489 bytes]","args":[{"element-6066-11e4-a52e-4f735466cecf":"f.9BCB9C5AC579EB569B22B9388FFD1F0B.d.43FB82937E95F8BBDD072AA5B0AB60F9.e.1231","ELEMENT":"f.9BCB9C5AC579EB569B22B9388FFD1F0B.d.43FB82937E95F8BBDD072AA5B0AB60F9.e.1231"}]}
COMMAND: POST /session/42884225aed85a1416fe6b9a7a194f6f/execute/sync - {"script":"<script> [5351 bytes]","args":[{"element-6066-11e4-a52e-4f735466cecf":"f.9BCB9C5AC579EB569B22B9388FFD1F0B.d.43FB82937E95F8BBDD072AA5B0AB60F9.e.1231","ELEMENT":"f.9BCB9C5AC579EB569B22B9388FFD1F0B.d.43FB82937E95F8BBDD072AA5B0AB60F9.e.1231"}]}
COMMAND: GET /session/42884225aed85a1416fe6b9a7a194f6f/screenshot - {}
RESULT: {}
RESULT: {"script":"<script> [5351 bytes]","args":[{"element-6066-11e4-a52e-4f735466cecf":"f.9BCB9C5AC579EB569B22B9388FFD1F0B.d.43FB82937E95F8BBDD072AA5B0AB60F9.e.1231","ELEMENT":"f.9BCB9C5AC579EB569B22B9388FFD1F0B.d.43FB82937E95F8BBDD072AA5B0AB60F9.e.1231"}]}
COMMAND: POST /session/42884225aed85a1416fe6b9a7a194f6f/element/f.9BCB9C5AC579EB569B22B9388FFD1F0B.d.43FB82937E95F8BBDD072AA5B0AB60F9.e.1231/click - {}
COMMAND: GET /session/42884225aed85a1416fe6b9a7a194f6f/screenshot - {}
RESULT: {}
RESULT: {}
COMMAND: POST /session/42884225aed85a1416fe6b9a7a194f6f/execute/async - {"script":"<script> [1562 bytes]","args":[{"selector":{"controlType":"sap.m.Token","properties":{"key":"MaterialValueHelpSet('41')"},"searchOpenDialogs":true},"wdio_ui5_key":"sapm.Token{\"key\":\"MaterialValueHelpSet('41')\"}"}]}
COMMAND: GET /session/42884225aed85a1416fe6b9a7a194f6f/screenshot - {}
RESULT: {}
RESULT: {"script":"<script> [1562 bytes]","args":[{"selector":{"controlType":"sap.m.Token","properties":{"key":"MaterialValueHelpSet('41')"},"searchOpenDialogs":true},"wdio_ui5_key":"sapm.Token{\"key\":\"MaterialValueHelpSet('41')\"}"}]}
RESULT: undefined
COMMAND: POST /session/42884225aed85a1416fe6b9a7a194f6f/execute/async - {"script":"<script> [6424 bytes]","args":[{"element-6066-11e4-a52e-4f735466cecf":"f.9BCB9C5AC579EB569B22B9388FFD1F0B.d.43FB82937E95F8BBDD072AA5B0AB60F9.e.1233"},"getText",[]]}
RESULT: {}
RESULT: {"script":"<script> [6424 bytes]","args":[{"element-6066-11e4-a52e-4f735466cecf":"f.9BCB9C5AC579EB569B22B9388FFD1F0B.d.43FB82937E95F8BBDD072AA5B0AB60F9.e.1233"},"getText",[]]}
COMMAND: POST /session/42884225aed85a1416fe6b9a7a194f6f/execute/async - {"script":"<script> [1562 bytes]","args":[{"selector":{"controlType":"sap.m.Button","id":"__button41","properties":{"text":"OK"},"searchOpenDialogs":true,"interaction":{"idSuffix":"BDI-content"}},"wdio_ui5_key":"button41sap.m.Button{\"text\":\"OK\"}"}]}
RESULT: {"script":"<script> [1562 bytes]","args":[{"selector":{"controlType":"sap.m.Button","id":"__button41","properties":{"text":"OK"},"searchOpenDialogs":true,"interaction":{"idSuffix":"BDI-content"}},"wdio_ui5_key":"button41sap.m.Button{\"text\":\"OK\"}"}]}
RESULT: undefined
COMMAND: POST /session/42884225aed85a1416fe6b9a7a194f6f/element - {"using":"xpath","value":"//*[contains(text(), \"OK\")]"}
RESULT: {"using":"xpath","value":"//*[contains(text(), \"OK\")]"}
COMMAND: POST /session/42884225aed85a1416fe6b9a7a194f6f/execute/sync - {"script":"<script> [8489 bytes]","args":[{"element-6066-11e4-a52e-4f735466cecf":"f.9BCB9C5AC579EB569B22B9388FFD1F0B.d.43FB82937E95F8BBDD072AA5B0AB60F9.e.1234","ELEMENT":"f.9BCB9C5AC579EB569B22B9388FFD1F0B.d.43FB82937E95F8BBDD072AA5B0AB60F9.e.1234"}]}
RESULT: {"script":"<script> [8489 bytes]","args":[{"element-6066-11e4-a52e-4f735466cecf":"f.9BCB9C5AC579EB569B22B9388FFD1F0B.d.43FB82937E95F8BBDD072AA5B0AB60F9.e.1234","ELEMENT":"f.9BCB9C5AC579EB569B22B9388FFD1F0B.d.43FB82937E95F8BBDD072AA5B0AB60F9.e.1234"}]}
COMMAND: POST /session/42884225aed85a1416fe6b9a7a194f6f/execute/sync - {"script":"<script> [5351 bytes]","args":[{"element-6066-11e4-a52e-4f735466cecf":"f.9BCB9C5AC579EB569B22B9388FFD1F0B.d.43FB82937E95F8BBDD072AA5B0AB60F9.e.1234","ELEMENT":"f.9BCB9C5AC579EB569B22B9388FFD1F0B.d.43FB82937E95F8BBDD072AA5B0AB60F9.e.1234"}]}
COMMAND: GET /session/42884225aed85a1416fe6b9a7a194f6f/screenshot - {}
RESULT: {"script":"<script> [5351 bytes]","args":[{"element-6066-11e4-a52e-4f735466cecf":"f.9BCB9C5AC579EB569B22B9388FFD1F0B.d.43FB82937E95F8BBDD072AA5B0AB60F9.e.1234","ELEMENT":"f.9BCB9C5AC579EB569B22B9388FFD1F0B.d.43FB82937E95F8BBDD072AA5B0AB60F9.e.1234"}]}
COMMAND: POST /session/42884225aed85a1416fe6b9a7a194f6f/element/f.9BCB9C5AC579EB569B22B9388FFD1F0B.d.43FB82937E95F8BBDD072AA5B0AB60F9.e.1234/click - {}
COMMAND: GET /session/42884225aed85a1416fe6b9a7a194f6f/screenshot - {}
RESULT: {}
RESULT: {}
COMMAND: GET /session/42884225aed85a1416fe6b9a7a194f6f/screenshot - {}
RESULT: {}
RESULT: {}
COMMAND: POST /session/42884225aed85a1416fe6b9a7a194f6f/element - {"using":"css selector","value":"#j_username"}
COMMAND: POST /session/42884225aed85a1416fe6b9a7a194f6f/url - {"url":"https://qa-testing-00-live-etm-ui.cfapps.eu10-004.hana.ondemand.com/"}
RESULT: {"using":"css selector","value":"#j_username"}
COMMAND: POST /session/42884225aed85a1416fe6b9a7a194f6f/element - {"using":"css selector","value":"#j_username"}
RESULT: {"url":"https://qa-testing-00-live-etm-ui.cfapps.eu10-004.hana.ondemand.com/"}
RESULT: undefined
RESULT: {"using":"css selector","value":"#j_username"}
COMMAND: POST /session/42884225aed85a1416fe6b9a7a194f6f/element - {"using":"css selector","value":"#shell-header-logo"}
COMMAND: GET /session/42884225aed85a1416fe6b9a7a194f6f/screenshot - {}
RESULT: {"using":"css selector","value":"#shell-header-logo"}
COMMAND: POST /session/42884225aed85a1416fe6b9a7a194f6f/execute/sync - {"script":"<script> [8489 bytes]","args":[{"element-6066-11e4-a52e-4f735466cecf":"f.9BCB9C5AC579EB569B22B9388FFD1F0B.d.4386AD8F7DE832A0F9F90C2EA6A9DEEC.e.1242","ELEMENT":"f.9BCB9C5AC579EB569B22B9388FFD1F0B.d.4386AD8F7DE832A0F9F90C2EA6A9DEEC.e.1242"}]}
RESULT: {}
RESULT: {"script":"<script> [8489 bytes]","args":[{"element-6066-11e4-a52e-4f735466cecf":"f.9BCB9C5AC579EB569B22B9388FFD1F0B.d.4386AD8F7DE832A0F9F90C2EA6A9DEEC.e.1242","ELEMENT":"f.9BCB9C5AC579EB569B22B9388FFD1F0B.d.4386AD8F7DE832A0F9F90C2EA6A9DEEC.e.1242"}]}
COMMAND: POST /session/42884225aed85a1416fe6b9a7a194f6f/element - {"using":"css selector","value":"#shell-header-logo"}
COMMAND: GET /session/42884225aed85a1416fe6b9a7a194f6f/screenshot - {}
RESULT: {"using":"css selector","value":"#shell-header-logo"}
COMMAND: POST /session/42884225aed85a1416fe6b9a7a194f6f/execute/sync - {"script":"<script> [8489 bytes]","args":[{"element-6066-11e4-a52e-4f735466cecf":"f.9BCB9C5AC579EB569B22B9388FFD1F0B.d.4386AD8F7DE832A0F9F90C2EA6A9DEEC.e.1242","ELEMENT":"f.9BCB9C5AC579EB569B22B9388FFD1F0B.d.4386AD8F7DE832A0F9F90C2EA6A9DEEC.e.1242"}]}
RESULT: {}
RESULT: {"script":"<script> [8489 bytes]","args":[{"element-6066-11e4-a52e-4f735466cecf":"f.9BCB9C5AC579EB569B22B9388FFD1F0B.d.4386AD8F7DE832A0F9F90C2EA6A9DEEC.e.1242","ELEMENT":"f.9BCB9C5AC579EB569B22B9388FFD1F0B.d.4386AD8F7DE832A0F9F90C2EA6A9DEEC.e.1242"}]}
COMMAND: POST /session/42884225aed85a1416fe6b9a7a194f6f/execute/sync - {"script":"<script> [5351 bytes]","args":[{"element-6066-11e4-a52e-4f735466cecf":"f.9BCB9C5AC579EB569B22B9388FFD1F0B.d.4386AD8F7DE832A0F9F90C2EA6A9DEEC.e.1242","ELEMENT":"f.9BCB9C5AC579EB569B22B9388FFD1F0B.d.4386AD8F7DE832A0F9F90C2EA6A9DEEC.e.1242"}]}
COMMAND: GET /session/42884225aed85a1416fe6b9a7a194f6f/screenshot - {}
RESULT: {"script":"<script> [5351 bytes]","args":[{"element-6066-11e4-a52e-4f735466cecf":"f.9BCB9C5AC579EB569B22B9388FFD1F0B.d.4386AD8F7DE832A0F9F90C2EA6A9DEEC.e.1242","ELEMENT":"f.9BCB9C5AC579EB569B22B9388FFD1F0B.d.4386AD8F7DE832A0F9F90C2EA6A9DEEC.e.1242"}]}
COMMAND: POST /session/42884225aed85a1416fe6b9a7a194f6f/element - {"using":"css selector","value":"#shell-header-logo"}
COMMAND: GET /session/42884225aed85a1416fe6b9a7a194f6f/screenshot - {}
RESULT: {}
RESULT: {"using":"css selector","value":"#shell-header-logo"}
COMMAND: POST /session/42884225aed85a1416fe6b9a7a194f6f/element/f.9BCB9C5AC579EB569B22B9388FFD1F0B.d.4386AD8F7DE832A0F9F90C2EA6A9DEEC.e.1242/click - {}
RESULT: {}
RESULT: {}
COMMAND: GET /session/42884225aed85a1416fe6b9a7a194f6f/screenshot - {}
RESULT: {}
COMMAND: POST /session/42884225aed85a1416fe6b9a7a194f6f/execute/async - {"script":"<script> [189 bytes]","args":[]}
RESULT: {"script":"<script> [189 bytes]","args":[]}
COMMAND: POST /session/42884225aed85a1416fe6b9a7a194f6f/execute/async - {"script":"<script> [123 bytes]","args":[]}
RESULT: {"script":"<script> [123 bytes]","args":[]}
COMMAND: POST /session/42884225aed85a1416fe6b9a7a194f6f/timeouts - {"script":"<number>"}
RESULT: {"script":"<number>"}
COMMAND: GET /session/42884225aed85a1416fe6b9a7a194f6f/timeouts - {}
RESULT: {}
RESULT: undefined
COMMAND: POST /session/42884225aed85a1416fe6b9a7a194f6f/execute/async - {"script":"<script> [2676 bytes]","args":[]}
RESULT: {"script":"<script> [2676 bytes]","args":[]}
COMMAND: POST /session/42884225aed85a1416fe6b9a7a194f6f/execute/async - {"script":"<script> [2342 bytes]","args":[{"protocol":"http","hostname":"0.0.0.0","path":"/","capabilities":{"browserName":"chrome","goog:chromeOptions":{"binary":"C:\\Program Files\\Google\\Chrome\\Application\\chrome.exe","args":["--start-maximized"]}},"logLevel":"warn","connectionRetryTimeout":120000,"connectionRetryCount":3,"logLevels":{},"enableDirectConnect":true,"strictSSL":true,"_":"65 more keys: [\"cacheDir\",\"port\",\"requestedCapabilities\",\"automationProtocol\",\"baseUrl\",\"waitforInterval\",\"waitforTimeout\",\"onReload\",\"beforeCommand\",\"afterCommand\",\"rootDir\",\"specs\",\"suites\",\"exclude\",\"groupLogsByTestSpec\",\"excludeDriverLogs\",\"bail\",\"framework\",\"reporters\",\"services\",\"maxInstances\",\"maxInstancesPerCapability\",\"injectGlobals\",\"filesToWatch\",\"execArgv\",\"runnerEnv\",\"runner\",\"shard\",\"specFileRetries\",\"specFileRetriesDelay\",\"specFileRetriesDeferred\",\"reporterSyncInterval\",\"reporterSyncTimeout\",\"cucumberFeaturesWithLineNumbers\",\"autoCompileOpts\",\"mochaOpts\",\"jasmineOpts\",\"cucumberOpts\",\"onPrepare\",\"onWorkerStart\",\"onWorkerEnd\",\"before\",\"beforeSession\",\"beforeSuite\",\"beforeHook\",\"beforeTest\",\"afterTest\",\"afterHook\",\"afterSuite\",\"afterSession\",\"after\",\"onComplete\",\"beforeAssertion\",\"afterAssertion\",\"beforeFeature\",\"beforeScenario\",\"beforeStep\",\"afterStep\",\"afterScenario\",\"afterFeature\",\"_\",\"suite\",\"$0\",\"ignoredWorkerServices\",\"wdi5\"]"}]}
RESULT: {"script":"<script> [2342 bytes]","args":[{"protocol":"http","hostname":"0.0.0.0","path":"/","capabilities":{"browserName":"chrome","goog:chromeOptions":{"binary":"C:\\Program Files\\Google\\Chrome\\Application\\chrome.exe","args":["--start-maximized"]}},"logLevel":"warn","connectionRetryTimeout":120000,"connectionRetryCount":3,"logLevels":{},"enableDirectConnect":true,"strictSSL":true,"_":"65 more keys: [\"cacheDir\",\"port\",\"requestedCapabilities\",\"automationProtocol\",\"baseUrl\",\"waitforInterval\",\"waitforTimeout\",\"onReload\",\"beforeCommand\",\"afterCommand\",\"rootDir\",\"specs\",\"suites\",\"exclude\",\"groupLogsByTestSpec\",\"excludeDriverLogs\",\"bail\",\"framework\",\"reporters\",\"services\",\"maxInstances\",\"maxInstancesPerCapability\",\"injectGlobals\",\"filesToWatch\",\"execArgv\",\"runnerEnv\",\"runner\",\"shard\",\"specFileRetries\",\"specFileRetriesDelay\",\"specFileRetriesDeferred\",\"reporterSyncInterval\",\"reporterSyncTimeout\",\"cucumberFeaturesWithLineNumbers\",\"autoCompileOpts\",\"mochaOpts\",\"jasmineOpts\",\"cucumberOpts\",\"onPrepare\",\"onWorkerStart\",\"onWorkerEnd\",\"before\",\"beforeSession\",\"beforeSuite\",\"beforeHook\",\"beforeTest\",\"afterTest\",\"afterHook\",\"afterSuite\",\"afterSession\",\"after\",\"onComplete\",\"beforeAssertion\",\"afterAssertion\",\"beforeFeature\",\"beforeScenario\",\"beforeStep\",\"afterStep\",\"afterScenario\",\"afterFeature\",\"_\",\"suite\",\"$0\",\"ignoredWorkerServices\",\"wdi5\"]"}]}
COMMAND: POST /session/42884225aed85a1416fe6b9a7a194f6f/execute/async - {"script":"<script> [21126 bytes]","args":[35000]}
RESULT: {"script":"<script> [21126 bytes]","args":[35000]}
COMMAND: POST /session/42884225aed85a1416fe6b9a7a194f6f/window/maximize - {}
RESULT: {}
COMMAND: POST /session/42884225aed85a1416fe6b9a7a194f6f/execute/async - {"script":"<script> [1562 bytes]","args":[{"selector":{"id":"shell-header","interaction":{"idSuffix":"icon"}},"wdio_ui5_key":"shellheader"}]}
COMMAND: GET /session/42884225aed85a1416fe6b9a7a194f6f/screenshot - {}
RESULT: {"script":"<script> [1562 bytes]","args":[{"selector":{"id":"shell-header","interaction":{"idSuffix":"icon"}},"wdio_ui5_key":"shellheader"}]}
RESULT: undefined
COMMAND: POST /session/42884225aed85a1416fe6b9a7a194f6f/execute/async - {"script":"<script> [1562 bytes]","args":[{"selector":{"controlType":"sap.m.GenericTile","properties":{"header":"Manage Partners"}},"wdio_ui5_key":"sapm.GenericTile{\"header\":\"Manage Partners\"}"}]}
RESULT: {}
RESULT: {"script":"<script> [1562 bytes]","args":[{"selector":{"controlType":"sap.m.GenericTile","properties":{"header":"Manage Partners"}},"wdio_ui5_key":"sapm.GenericTile{\"header\":\"Manage Partners\"}"}]}
RESULT: undefined
COMMAND: POST /session/42884225aed85a1416fe6b9a7a194f6f/element - {"using":"xpath","value":"//*[@id=\"__tile38\"]"}
RESULT: {"using":"xpath","value":"//*[@id=\"__tile38\"]"}
COMMAND: POST /session/42884225aed85a1416fe6b9a7a194f6f/element/f.9BCB9C5AC579EB569B22B9388FFD1F0B.d.4386AD8F7DE832A0F9F90C2EA6A9DEEC.e.1253/click - {}
RESULT: {}
COMMAND: GET /session/42884225aed85a1416fe6b9a7a194f6f/screenshot - {}
RESULT: {}
COMMAND: POST /session/42884225aed85a1416fe6b9a7a194f6f/elements - {"using":"xpath","value":"//span[text()='Error']"}
RESULT: {"using":"xpath","value":"//span[text()='Error']"}
]]></system-out>
    </testcase>
  </testsuite>
  <testsuite timestamp="2025-05-28T16:02:46" time="82.877" tests="1" failures="0" errors="0" skipped="0">
    <properties>
      <property name="specId" value="0"/>
      <property name="suiteName" value="Manage Partners: Interfaces Data Check for UI fields US132253"/>
      <property name="capabilities" value="chrome.136_0_7103_93.windows"/>
      <property name="file" value="file:///D:/a/1/s/test/specs/TECH/partner-interface-data-check.spec.js"/>
    </properties>
    <testcase classname="chrome.136_0_7103_93.windows.Manage_Partners:_Interfaces_Data_Check_for_UI_fields_US132253" name="Should see data from Company Code interface for Company Code Field" time="46.385">
      <system-out><![CDATA[
COMMAND: POST /session/42884225aed85a1416fe6b9a7a194f6f/execute/async - {"script":"<script> [1562 bytes]","args":[{"selector":{"controlType":"sap.m.Button","viewName":"etm.portal.ui.managepartners.view.Master","viewId":"application-managepartners-display-component---masterPtm","i18NText":{"propertyName":"tooltip","key":"add"}},"wdio_ui5_key":"etmportal.ui.managepartners.view.Mastersap.m.Button{\"propertyName\":\"tooltip\",\"key\":\"add\"}"}]}
RESULT: {"script":"<script> [1562 bytes]","args":[{"selector":{"controlType":"sap.m.Button","viewName":"etm.portal.ui.managepartners.view.Master","viewId":"application-managepartners-display-component---masterPtm","i18NText":{"propertyName":"tooltip","key":"add"}},"wdio_ui5_key":"etmportal.ui.managepartners.view.Mastersap.m.Button{\"propertyName\":\"tooltip\",\"key\":\"add\"}"}]}
RESULT: undefined
COMMAND: POST /session/42884225aed85a1416fe6b9a7a194f6f/element - {"using":"xpath","value":"//*[@id=\"__button4\"]"}
RESULT: {"using":"xpath","value":"//*[@id=\"__button4\"]"}
COMMAND: POST /session/42884225aed85a1416fe6b9a7a194f6f/element/f.9BCB9C5AC579EB569B22B9388FFD1F0B.d.4386AD8F7DE832A0F9F90C2EA6A9DEEC.e.1303/click - {}
RESULT: {}
COMMAND: GET /session/42884225aed85a1416fe6b9a7a194f6f/screenshot - {}
COMMAND: POST /session/42884225aed85a1416fe6b9a7a194f6f/execute/async - {"script":"<script> [1562 bytes]","args":[{"selector":{"id":"application-managepartners-display-component---NewPartner--partnerDetailInternal","interaction":{"idSuffix":"inner"}},"wdio_ui5_key":"applicationmanagepartners-display-component---NewPartner--partnerDetailInternal"}]}
RESULT: {}
RESULT: {"script":"<script> [1562 bytes]","args":[{"selector":{"id":"application-managepartners-display-component---NewPartner--partnerDetailInternal","interaction":{"idSuffix":"inner"}},"wdio_ui5_key":"applicationmanagepartners-display-component---NewPartner--partnerDetailInternal"}]}
RESULT: undefined
COMMAND: POST /session/42884225aed85a1416fe6b9a7a194f6f/execute/async - {"script":"<script> [776 bytes]","args":[{"enterText":"","selector":{"id":"application-managepartners-display-component---NewPartner--partnerDetailInternal","interaction":{"idSuffix":"inner"}},"clearTextFirst":true,"interactionType":"ENTER_TEXT"}]}
RESULT: {"script":"<script> [776 bytes]","args":[{"enterText":"","selector":{"id":"application-managepartners-display-component---NewPartner--partnerDetailInternal","interaction":{"idSuffix":"inner"}},"clearTextFirst":true,"interactionType":"ENTER_TEXT"}]}
COMMAND: POST /session/42884225aed85a1416fe6b9a7a194f6f/execute/async - {"script":"<script> [1562 bytes]","args":[{"selector":{"id":"application-managepartners-display-component---NewPartner--partnerDetailInternal-arrow"},"wdio_ui5_key":"applicationmanagepartners-display-component---NewPartner--partnerDetailInternal-arrow"}]}
RESULT: {"script":"<script> [1562 bytes]","args":[{"selector":{"id":"application-managepartners-display-component---NewPartner--partnerDetailInternal-arrow"},"wdio_ui5_key":"applicationmanagepartners-display-component---NewPartner--partnerDetailInternal-arrow"}]}
RESULT: undefined
COMMAND: POST /session/42884225aed85a1416fe6b9a7a194f6f/element - {"using":"xpath","value":"//*[@id=\"application-managepartners-display-component---NewPartner--partnerDetailInternal-arrow\"]"}
RESULT: {"using":"xpath","value":"//*[@id=\"application-managepartners-display-component---NewPartner--partnerDetailInternal-arrow\"]"}
COMMAND: POST /session/42884225aed85a1416fe6b9a7a194f6f/element/f.9BCB9C5AC579EB569B22B9388FFD1F0B.d.4386AD8F7DE832A0F9F90C2EA6A9DEEC.e.1724/click - {}
RESULT: {}
COMMAND: POST /session/42884225aed85a1416fe6b9a7a194f6f/execute/async - {"script":"<script> [1562 bytes]","args":[{"selector":{"controlType":"sap.m.StandardListItem","viewName":"etm.portal.ui.managepartners.view.NewPartner","viewId":"application-managepartners-display-component---NewPartner","properties":{"title":"External partner"},"searchOpenDialogs":true},"wdio_ui5_key":"etmportal.ui.managepartners.view.NewPartnersap.m.StandardListItem{\"title\":\"External partner\"}"}]}
COMMAND: GET /session/42884225aed85a1416fe6b9a7a194f6f/screenshot - {}
RESULT: {"script":"<script> [1562 bytes]","args":[{"selector":{"controlType":"sap.m.StandardListItem","viewName":"etm.portal.ui.managepartners.view.NewPartner","viewId":"application-managepartners-display-component---NewPartner","properties":{"title":"External partner"},"searchOpenDialogs":true},"wdio_ui5_key":"etmportal.ui.managepartners.view.NewPartnersap.m.StandardListItem{\"title\":\"External partner\"}"}]}
RESULT: undefined
COMMAND: POST /session/42884225aed85a1416fe6b9a7a194f6f/element - {"using":"xpath","value":"//*[@id=\"__item89\"]"}
RESULT: {}
RESULT: {"using":"xpath","value":"//*[@id=\"__item89\"]"}
COMMAND: POST /session/42884225aed85a1416fe6b9a7a194f6f/element/f.9BCB9C5AC579EB569B22B9388FFD1F0B.d.4386AD8F7DE832A0F9F90C2EA6A9DEEC.e.1726/click - {}
RESULT: {}
COMMAND: POST /session/42884225aed85a1416fe6b9a7a194f6f/execute/async - {"script":"<script> [1562 bytes]","args":[{"selector":{"controlType":"sap.m.Button","viewName":"etm.portal.ui.managepartners.view.NewPartner","viewId":"application-managepartners-display-component---NewPartner","properties":{"text":"Reference"},"interaction":{"idSuffix":"BDI-content"}},"wdio_ui5_key":"etmportal.ui.managepartners.view.NewPartnersap.m.Button{\"text\":\"Reference\"}"}]}
COMMAND: GET /session/42884225aed85a1416fe6b9a7a194f6f/screenshot - {}
RESULT: {"script":"<script> [1562 bytes]","args":[{"selector":{"controlType":"sap.m.Button","viewName":"etm.portal.ui.managepartners.view.NewPartner","viewId":"application-managepartners-display-component---NewPartner","properties":{"text":"Reference"},"interaction":{"idSuffix":"BDI-content"}},"wdio_ui5_key":"etmportal.ui.managepartners.view.NewPartnersap.m.Button{\"text\":\"Reference\"}"}]}
RESULT: undefined
COMMAND: POST /session/42884225aed85a1416fe6b9a7a194f6f/element - {"using":"xpath","value":"//*[@id=\"application-managepartners-display-component---NewPartner--ObjectPageLayout-anchBar-__section7-anchor\"]"}
RESULT: {}
RESULT: {"using":"xpath","value":"//*[@id=\"application-managepartners-display-component---NewPartner--ObjectPageLayout-anchBar-__section7-anchor\"]"}
COMMAND: POST /session/42884225aed85a1416fe6b9a7a194f6f/element/f.9BCB9C5AC579EB569B22B9388FFD1F0B.d.4386AD8F7DE832A0F9F90C2EA6A9DEEC.e.1728/click - {}
RESULT: {}
COMMAND: POST /session/42884225aed85a1416fe6b9a7a194f6f/execute/async - {"script":"<script> [1562 bytes]","args":[{"selector":{"id":"application-managepartners-display-component---NewPartner--companyCodeComboBox","interaction":{"idSuffix":"inner"}},"wdio_ui5_key":"applicationmanagepartners-display-component---NewPartner--companyCodeComboBox"}]}
COMMAND: GET /session/42884225aed85a1416fe6b9a7a194f6f/screenshot - {}
RESULT: {"script":"<script> [1562 bytes]","args":[{"selector":{"id":"application-managepartners-display-component---NewPartner--companyCodeComboBox","interaction":{"idSuffix":"inner"}},"wdio_ui5_key":"applicationmanagepartners-display-component---NewPartner--companyCodeComboBox"}]}
RESULT: undefined
COMMAND: POST /session/42884225aed85a1416fe6b9a7a194f6f/execute/async - {"script":"<script> [776 bytes]","args":[{"enterText":"1010","selector":{"id":"application-managepartners-display-component---NewPartner--companyCodeComboBox","interaction":{"idSuffix":"inner"}},"clearTextFirst":true,"interactionType":"ENTER_TEXT"}]}
RESULT: {}
RESULT: {"script":"<script> [776 bytes]","args":[{"enterText":"1010","selector":{"id":"application-managepartners-display-component---NewPartner--companyCodeComboBox","interaction":{"idSuffix":"inner"}},"clearTextFirst":true,"interactionType":"ENTER_TEXT"}]}
COMMAND: POST /session/42884225aed85a1416fe6b9a7a194f6f/actions - {"actions":[{"id":"action6","type":"key","parameters":{},"actions":[{"type":"keyDown","value":""},{"type":"pause","duration":10},{"type":"keyUp","value":""}]}]}
RESULT: {"actions":[{"id":"action6","type":"key","parameters":{},"actions":[{"type":"keyDown","value":""},{"type":"pause","duration":10},{"type":"keyUp","value":""}]}]}
COMMAND: POST /session/42884225aed85a1416fe6b9a7a194f6f/actions - {"actions":[{"id":"action7","type":"key","parameters":{},"actions":[{"type":"keyDown","value":""},{"type":"pause","duration":10},{"type":"keyUp","value":""}]}]}
COMMAND: GET /session/42884225aed85a1416fe6b9a7a194f6f/screenshot - {}
RESULT: {"actions":[{"id":"action7","type":"key","parameters":{},"actions":[{"type":"keyDown","value":""},{"type":"pause","duration":10},{"type":"keyUp","value":""}]}]}
RESULT: undefined
COMMAND: POST /session/42884225aed85a1416fe6b9a7a194f6f/execute/async - {"script":"<script> [6424 bytes]","args":[{"element-6066-11e4-a52e-4f735466cecf":"f.9BCB9C5AC579EB569B22B9388FFD1F0B.d.4386AD8F7DE832A0F9F90C2EA6A9DEEC.e.1642"},"getValue",[]]}
COMMAND: GET /session/42884225aed85a1416fe6b9a7a194f6f/screenshot - {}
RESULT: {}
RESULT: {"script":"<script> [6424 bytes]","args":[{"element-6066-11e4-a52e-4f735466cecf":"f.9BCB9C5AC579EB569B22B9388FFD1F0B.d.4386AD8F7DE832A0F9F90C2EA6A9DEEC.e.1642"},"getValue",[]]}
COMMAND: POST /session/42884225aed85a1416fe6b9a7a194f6f/execute/async - {"script":"<script> [1562 bytes]","args":[{"selector":{"id":"application-managepartners-display-component---NewPartner--btnAddTableRow-img"},"wdio_ui5_key":"applicationmanagepartners-display-component---NewPartner--btnAddTableRow-img"}]}
RESULT: {}
RESULT: {"script":"<script> [1562 bytes]","args":[{"selector":{"id":"application-managepartners-display-component---NewPartner--btnAddTableRow-img"},"wdio_ui5_key":"applicationmanagepartners-display-component---NewPartner--btnAddTableRow-img"}]}
RESULT: undefined
COMMAND: POST /session/42884225aed85a1416fe6b9a7a194f6f/element - {"using":"xpath","value":"//*[@id=\"application-managepartners-display-component---NewPartner--btnAddTableRow-img\"]"}
RESULT: {"using":"xpath","value":"//*[@id=\"application-managepartners-display-component---NewPartner--btnAddTableRow-img\"]"}
COMMAND: POST /session/42884225aed85a1416fe6b9a7a194f6f/element/f.9BCB9C5AC579EB569B22B9388FFD1F0B.d.4386AD8F7DE832A0F9F90C2EA6A9DEEC.e.1737/click - {}
RESULT: {}
COMMAND: POST /session/42884225aed85a1416fe6b9a7a194f6f/execute/async - {"script":"<script> [1562 bytes]","args":[{"selector":{"id":"application-managepartners-display-component---NewPartner--assignmentYard-application-managepartners-display-component---NewPartner--assignmentsTable-0-arrow"},"wdio_ui5_key":"applicationmanagepartners-display-component---NewPartner--assignmentYard-application-managepartners-display-component---NewPartner--assignmentsTable-0-arrow"}]}
COMMAND: GET /session/42884225aed85a1416fe6b9a7a194f6f/screenshot - {}
RESULT: {"script":"<script> [1562 bytes]","args":[{"selector":{"id":"application-managepartners-display-component---NewPartner--assignmentYard-application-managepartners-display-component---NewPartner--assignmentsTable-0-arrow"},"wdio_ui5_key":"applicationmanagepartners-display-component---NewPartner--assignmentYard-application-managepartners-display-component---NewPartner--assignmentsTable-0-arrow"}]}
RESULT: undefined
COMMAND: POST /session/42884225aed85a1416fe6b9a7a194f6f/element - {"using":"xpath","value":"//*[@id=\"application-managepartners-display-component---NewPartner--assignmentYard-application-managepartners-display-component---NewPartner--assignmentsTable-0-arrow\"]"}
RESULT: {}
RESULT: {"using":"xpath","value":"//*[@id=\"application-managepartners-display-component---NewPartner--assignmentYard-application-managepartners-display-component---NewPartner--assignmentsTable-0-arrow\"]"}
COMMAND: POST /session/42884225aed85a1416fe6b9a7a194f6f/element/f.9BCB9C5AC579EB569B22B9388FFD1F0B.d.4386AD8F7DE832A0F9F90C2EA6A9DEEC.e.1745/click - {}
RESULT: {}
COMMAND: POST /session/42884225aed85a1416fe6b9a7a194f6f/element - {"using":"xpath","value":"//input[@id=\"application-managepartners-display-component---NewPartner--assignmentYard-application-managepartners-display-component---NewPartner--assignmentsTable-0-inner\"]"}
COMMAND: GET /session/42884225aed85a1416fe6b9a7a194f6f/screenshot - {}
RESULT: {"using":"xpath","value":"//input[@id=\"application-managepartners-display-component---NewPartner--assignmentYard-application-managepartners-display-component---NewPartner--assignmentsTable-0-inner\"]"}
COMMAND: POST /session/42884225aed85a1416fe6b9a7a194f6f/elements - {"using":"xpath","value":"//input[@id=\"application-managepartners-display-component---NewPartner--assignmentYard-application-managepartners-display-component---NewPartner--assignmentsTable-0-inner\"]"}
RESULT: {}
RESULT: {"using":"xpath","value":"//input[@id=\"application-managepartners-display-component---NewPartner--assignmentYard-application-managepartners-display-component---NewPartner--assignmentsTable-0-inner\"]"}
COMMAND: POST /session/42884225aed85a1416fe6b9a7a194f6f/execute/sync - {"script":"<script> [8489 bytes]","args":[{"element-6066-11e4-a52e-4f735466cecf":"f.9BCB9C5AC579EB569B22B9388FFD1F0B.d.4386AD8F7DE832A0F9F90C2EA6A9DEEC.e.1740","ELEMENT":"f.9BCB9C5AC579EB569B22B9388FFD1F0B.d.4386AD8F7DE832A0F9F90C2EA6A9DEEC.e.1740"}]}
RESULT: {"script":"<script> [8489 bytes]","args":[{"element-6066-11e4-a52e-4f735466cecf":"f.9BCB9C5AC579EB569B22B9388FFD1F0B.d.4386AD8F7DE832A0F9F90C2EA6A9DEEC.e.1740","ELEMENT":"f.9BCB9C5AC579EB569B22B9388FFD1F0B.d.4386AD8F7DE832A0F9F90C2EA6A9DEEC.e.1740"}]}
COMMAND: POST /session/42884225aed85a1416fe6b9a7a194f6f/element/f.9BCB9C5AC579EB569B22B9388FFD1F0B.d.4386AD8F7DE832A0F9F90C2EA6A9DEEC.e.1740/clear - {}
COMMAND: GET /session/42884225aed85a1416fe6b9a7a194f6f/screenshot - {}
RESULT: {}
COMMAND: POST /session/42884225aed85a1416fe6b9a7a194f6f/element/f.9BCB9C5AC579EB569B22B9388FFD1F0B.d.4386AD8F7DE832A0F9F90C2EA6A9DEEC.e.1740/value - {"text":"176"}
COMMAND: GET /session/42884225aed85a1416fe6b9a7a194f6f/screenshot - {}
RESULT: {}
RESULT: {"text":"176"}
COMMAND: GET /session/42884225aed85a1416fe6b9a7a194f6f/screenshot - {}
RESULT: {}
RESULT: {}
COMMAND: POST /session/42884225aed85a1416fe6b9a7a194f6f/actions - {"actions":[{"id":"action8","type":"key","parameters":{},"actions":[{"type":"keyDown","value":""},{"type":"pause","duration":10},{"type":"keyUp","value":""}]}]}
RESULT: {"actions":[{"id":"action8","type":"key","parameters":{},"actions":[{"type":"keyDown","value":""},{"type":"pause","duration":10},{"type":"keyUp","value":""}]}]}
COMMAND: POST /session/42884225aed85a1416fe6b9a7a194f6f/actions - {"actions":[{"id":"action9","type":"key","parameters":{},"actions":[{"type":"keyDown","value":""},{"type":"pause","duration":10},{"type":"keyUp","value":""}]}]}
RESULT: {"actions":[{"id":"action9","type":"key","parameters":{},"actions":[{"type":"keyDown","value":""},{"type":"pause","duration":10},{"type":"keyUp","value":""}]}]}
COMMAND: POST /session/42884225aed85a1416fe6b9a7a194f6f/execute/async - {"script":"<script> [1562 bytes]","args":[{"selector":{"id":"application-managepartners-display-component---NewPartner--externalCustomerComboBox-application-managepartners-display-component---NewPartner--assignmentsTable-0-vhi"},"wdio_ui5_key":"applicationmanagepartners-display-component---NewPartner--externalCustomerComboBox-application-managepartners-display-component---NewPartner--assignmentsTable-0-vhi"}]}
COMMAND: GET /session/42884225aed85a1416fe6b9a7a194f6f/screenshot - {}
COMMAND: GET /session/42884225aed85a1416fe6b9a7a194f6f/screenshot - {}
RESULT: {"script":"<script> [1562 bytes]","args":[{"selector":{"id":"application-managepartners-display-component---NewPartner--externalCustomerComboBox-application-managepartners-display-component---NewPartner--assignmentsTable-0-vhi"},"wdio_ui5_key":"applicationmanagepartners-display-component---NewPartner--externalCustomerComboBox-application-managepartners-display-component---NewPartner--assignmentsTable-0-vhi"}]}
RESULT: undefined
RESULT: {}
RESULT: {}
COMMAND: DELETE /session/42884225aed85a1416fe6b9a7a194f6f - {}
RESULT: {}
]]></system-out>
    </testcase>
  </testsuite>
</testsuites>