<?xml version="1.0" encoding="UTF-8"?>
<testsuites tests="24" failures="0" errors="0" skipped="0">
  <testsuite timestamp="2025-05-31T15:36:25" time="639.686" tests="5" failures="0" errors="0" skipped="0">
    <properties>
      <property name="specId" value="0"/>
      <property name="suiteName" value="Manage Requests Tags Tests US120163"/>
      <property name="capabilities" value="chrome.136_0_7103_93.windows"/>
      <property name="file" value="file:///D:/a/1/s/test/specs/R2C/create-request-Tags.spec.js"/>
    </properties>
    <testcase classname="chrome.136_0_7103_93.windows.Manage_Requests_Tags_Tests_US120163" name="Should create a new yard" time="121.658">
      <system-out><![CDATA[
COMMAND: POST /session/801e128c03398a69ab1c232e24d6d46c/execute/async - {"script":"<script> [1562 bytes]","args":[{"selector":{"controlType":"sap.m.GenericTile","properties":{"header":"Manage Yards"}},"wdio_ui5_key":"sapm.GenericTile{\"header\":\"Manage Yards\"}"}]}
RESULT: {"script":"<script> [1562 bytes]","args":[{"selector":{"controlType":"sap.m.GenericTile","properties":{"header":"Manage Yards"}},"wdio_ui5_key":"sapm.GenericTile{\"header\":\"Manage Yards\"}"}]}
RESULT: undefined
COMMAND: POST /session/801e128c03398a69ab1c232e24d6d46c/element - {"using":"xpath","value":"//*[@id=\"__tile41\"]"}
RESULT: {"using":"xpath","value":"//*[@id=\"__tile41\"]"}
COMMAND: POST /session/801e128c03398a69ab1c232e24d6d46c/element/f.1FA3EEE566D6D7C9BB4DC331EA0F15D0.d.88A60A68EB4A1B0ECF2564411907DB91.e.107/click - {}
RESULT: {}
COMMAND: GET /session/801e128c03398a69ab1c232e24d6d46c/screenshot - {}
RESULT: {}
COMMAND: POST /session/801e128c03398a69ab1c232e24d6d46c/elements - {"using":"xpath","value":"//span[text()='Error']"}
RESULT: {"using":"xpath","value":"//span[text()='Error']"}
COMMAND: POST /session/801e128c03398a69ab1c232e24d6d46c/execute/async - {"script":"<script> [1562 bytes]","args":[{"selector":{"controlType":"sap.ui.core.Icon","viewName":"etm.portal.ui.manageyards.view.Master","viewId":"application-manageyards-display-component---masterYard","properties":{"src":{"regex":{"source":"add"}}}},"wdio_ui5_key":"etmportal.ui.manageyards.view.Mastersap.ui.core.Icon{\"src\":{\"regex\":{\"source\":\"add\"}}}"}]}
RESULT: {"script":"<script> [1562 bytes]","args":[{"selector":{"controlType":"sap.ui.core.Icon","viewName":"etm.portal.ui.manageyards.view.Master","viewId":"application-manageyards-display-component---masterYard","properties":{"src":{"regex":{"source":"add"}}}},"wdio_ui5_key":"etmportal.ui.manageyards.view.Mastersap.ui.core.Icon{\"src\":{\"regex\":{\"source\":\"add\"}}}"}]}
RESULT: undefined
COMMAND: POST /session/801e128c03398a69ab1c232e24d6d46c/element - {"using":"xpath","value":"//*[@id=\"__button4-img\"]"}
RESULT: {"using":"xpath","value":"//*[@id=\"__button4-img\"]"}
COMMAND: POST /session/801e128c03398a69ab1c232e24d6d46c/element/f.1FA3EEE566D6D7C9BB4DC331EA0F15D0.d.88A60A68EB4A1B0ECF2564411907DB91.e.154/click - {}
RESULT: {}
COMMAND: GET /session/801e128c03398a69ab1c232e24d6d46c/screenshot - {}
RESULT: {}
COMMAND: POST /session/801e128c03398a69ab1c232e24d6d46c/execute/async - {"script":"<script> [1562 bytes]","args":[{"selector":{"id":"application-manageyards-display-component---NewYard--yardId","interaction":{"idSuffix":"inner"}},"wdio_ui5_key":"applicationmanageyards-display-component---NewYard--yardId"}]}
RESULT: {"script":"<script> [1562 bytes]","args":[{"selector":{"id":"application-manageyards-display-component---NewYard--yardId","interaction":{"idSuffix":"inner"}},"wdio_ui5_key":"applicationmanageyards-display-component---NewYard--yardId"}]}
RESULT: undefined
COMMAND: POST /session/801e128c03398a69ab1c232e24d6d46c/element - {"using":"xpath","value":"//*[@id=\"application-manageyards-display-component---NewYard--addressDetailDetailsName1-inner\"]"}
RESULT: {"using":"xpath","value":"//*[@id=\"application-manageyards-display-component---NewYard--addressDetailDetailsName1-inner\"]"}
COMMAND: POST /session/801e128c03398a69ab1c232e24d6d46c/element/f.1FA3EEE566D6D7C9BB4DC331EA0F15D0.d.88A60A68EB4A1B0ECF2564411907DB91.e.365/clear - {}
RESULT: {}
COMMAND: POST /session/801e128c03398a69ab1c232e24d6d46c/element/f.1FA3EEE566D6D7C9BB4DC331EA0F15D0.d.88A60A68EB4A1B0ECF2564411907DB91.e.365/value - {"text":"WebdriverYard78c52"}
COMMAND: GET /session/801e128c03398a69ab1c232e24d6d46c/screenshot - {}
RESULT: {"text":"WebdriverYard78c52"}
COMMAND: POST /session/801e128c03398a69ab1c232e24d6d46c/element - {"using":"xpath","value":"//*[@id=\"application-manageyards-display-component---NewYard--addressDetailDetailsLanguage-inner\"]"}
COMMAND: GET /session/801e128c03398a69ab1c232e24d6d46c/screenshot - {}
RESULT: {}
RESULT: {"using":"xpath","value":"//*[@id=\"application-manageyards-display-component---NewYard--addressDetailDetailsLanguage-inner\"]"}
COMMAND: POST /session/801e128c03398a69ab1c232e24d6d46c/element/f.1FA3EEE566D6D7C9BB4DC331EA0F15D0.d.88A60A68EB4A1B0ECF2564411907DB91.e.366/clear - {}
RESULT: {}
RESULT: {}
COMMAND: POST /session/801e128c03398a69ab1c232e24d6d46c/element/f.1FA3EEE566D6D7C9BB4DC331EA0F15D0.d.88A60A68EB4A1B0ECF2564411907DB91.e.366/value - {"text":"Romanian"}
COMMAND: GET /session/801e128c03398a69ab1c232e24d6d46c/screenshot - {}
RESULT: {"text":"Romanian"}
COMMAND: POST /session/801e128c03398a69ab1c232e24d6d46c/element - {"using":"xpath","value":"//input[contains(@id ,\"application-manageyards-display-component---NewYard--addressDetailDetailsName1-inner\")]"}
COMMAND: GET /session/801e128c03398a69ab1c232e24d6d46c/screenshot - {}
RESULT: {}
RESULT: {"using":"xpath","value":"//input[contains(@id ,\"application-manageyards-display-component---NewYard--addressDetailDetailsName1-inner\")]"}
COMMAND: GET /session/801e128c03398a69ab1c232e24d6d46c/element/f.1FA3EEE566D6D7C9BB4DC331EA0F15D0.d.88A60A68EB4A1B0ECF2564411907DB91.e.365/property/value - {}
RESULT: {}
RESULT: {}
COMMAND: GET /session/801e128c03398a69ab1c232e24d6d46c/screenshot - {}
RESULT: {}
COMMAND: POST /session/801e128c03398a69ab1c232e24d6d46c/element - {"using":"xpath","value":"//*[@id=\"application-manageyards-display-component---NewYard--addressDetailDetailsCity1-inner\"]"}
RESULT: {"using":"xpath","value":"//*[@id=\"application-manageyards-display-component---NewYard--addressDetailDetailsCity1-inner\"]"}
COMMAND: POST /session/801e128c03398a69ab1c232e24d6d46c/element/f.1FA3EEE566D6D7C9BB4DC331EA0F15D0.d.88A60A68EB4A1B0ECF2564411907DB91.e.368/clear - {}
RESULT: {}
COMMAND: POST /session/801e128c03398a69ab1c232e24d6d46c/element/f.1FA3EEE566D6D7C9BB4DC331EA0F15D0.d.88A60A68EB4A1B0ECF2564411907DB91.e.368/value - {"text":"Bucuresti"}
COMMAND: GET /session/801e128c03398a69ab1c232e24d6d46c/screenshot - {}
RESULT: {"text":"Bucuresti"}
COMMAND: GET /session/801e128c03398a69ab1c232e24d6d46c/screenshot - {}
RESULT: {}
RESULT: {}
COMMAND: POST /session/801e128c03398a69ab1c232e24d6d46c/element - {"using":"xpath","value":"//*[@id=\"application-manageyards-display-component---NewYard--addressDetailDetailsCountry-inner\"]"}
RESULT: {"using":"xpath","value":"//*[@id=\"application-manageyards-display-component---NewYard--addressDetailDetailsCountry-inner\"]"}
COMMAND: POST /session/801e128c03398a69ab1c232e24d6d46c/element/f.1FA3EEE566D6D7C9BB4DC331EA0F15D0.d.88A60A68EB4A1B0ECF2564411907DB91.e.372/clear - {}
RESULT: {}
COMMAND: POST /session/801e128c03398a69ab1c232e24d6d46c/element/f.1FA3EEE566D6D7C9BB4DC331EA0F15D0.d.88A60A68EB4A1B0ECF2564411907DB91.e.372/value - {"text":"Romania"}
COMMAND: GET /session/801e128c03398a69ab1c232e24d6d46c/screenshot - {}
RESULT: {"text":"Romania"}
COMMAND: GET /session/801e128c03398a69ab1c232e24d6d46c/screenshot - {}
RESULT: {}
RESULT: {}
COMMAND: POST /session/801e128c03398a69ab1c232e24d6d46c/element - {"using":"xpath","value":"//div[contains(text(), \"Commercial\")]"}
RESULT: {"using":"xpath","value":"//div[contains(text(), \"Commercial\")]"}
COMMAND: GET /session/801e128c03398a69ab1c232e24d6d46c/element/f.1FA3EEE566D6D7C9BB4DC331EA0F15D0.d.88A60A68EB4A1B0ECF2564411907DB91.e.567/rect - {}
RESULT: {}
COMMAND: GET /session/801e128c03398a69ab1c232e24d6d46c/window/rect - {}
RESULT: {}
COMMAND: POST /session/801e128c03398a69ab1c232e24d6d46c/execute/sync - {"script":"<script> [92 bytes]","args":[]}
RESULT: {"script":"<script> [92 bytes]","args":[]}
COMMAND: POST /session/801e128c03398a69ab1c232e24d6d46c/actions - {"actions":[{"id":"action1","type":"wheel","parameters":{},"actions":[{"type":"scroll","x":-1841,"y":-44,"deltaX":0,"deltaY":0,"duration":0,"origin":{"element-6066-11e4-a52e-4f735466cecf":"f.1FA3EEE566D6D7C9BB4DC331EA0F15D0.d.88A60A68EB4A1B0ECF2564411907DB91.e.567"}}]}]}
COMMAND: GET /session/801e128c03398a69ab1c232e24d6d46c/screenshot - {}
RESULT: {}
COMMAND: POST /session/801e128c03398a69ab1c232e24d6d46c/execute/sync - {"script":"<script> [79 bytes]","args":[{"element-6066-11e4-a52e-4f735466cecf":"f.1FA3EEE566D6D7C9BB4DC331EA0F15D0.d.88A60A68EB4A1B0ECF2564411907DB91.e.567","ELEMENT":"f.1FA3EEE566D6D7C9BB4DC331EA0F15D0.d.88A60A68EB4A1B0ECF2564411907DB91.e.567"},{"block":"start","inline":"nearest"}]}
RESULT: {"script":"<script> [79 bytes]","args":[{"element-6066-11e4-a52e-4f735466cecf":"f.1FA3EEE566D6D7C9BB4DC331EA0F15D0.d.88A60A68EB4A1B0ECF2564411907DB91.e.567","ELEMENT":"f.1FA3EEE566D6D7C9BB4DC331EA0F15D0.d.88A60A68EB4A1B0ECF2564411907DB91.e.567"},{"block":"start","inline":"nearest"}]}
COMMAND: GET /session/801e128c03398a69ab1c232e24d6d46c/screenshot - {}
RESULT: {}
COMMAND: POST /session/801e128c03398a69ab1c232e24d6d46c/execute/async - {"script":"<script> [1562 bytes]","args":[{"selector":{"id":"application-manageyards-display-component---NewYard--addressEditDetailsCostObjectCstType-arrow"},"wdio_ui5_key":"applicationmanageyards-display-component---NewYard--addressEditDetailsCostObjectCstType-arrow"}]}
RESULT: {"script":"<script> [1562 bytes]","args":[{"selector":{"id":"application-manageyards-display-component---NewYard--addressEditDetailsCostObjectCstType-arrow"},"wdio_ui5_key":"applicationmanageyards-display-component---NewYard--addressEditDetailsCostObjectCstType-arrow"}]}
RESULT: undefined
COMMAND: POST /session/801e128c03398a69ab1c232e24d6d46c/element - {"using":"xpath","value":"//*[@id=\"application-manageyards-display-component---NewYard--addressEditDetailsCostObjectCstType-arrow\"]"}
RESULT: {"using":"xpath","value":"//*[@id=\"application-manageyards-display-component---NewYard--addressEditDetailsCostObjectCstType-arrow\"]"}
COMMAND: POST /session/801e128c03398a69ab1c232e24d6d46c/element/f.1FA3EEE566D6D7C9BB4DC331EA0F15D0.d.88A60A68EB4A1B0ECF2564411907DB91.e.575/click - {}
RESULT: {}
COMMAND: POST /session/801e128c03398a69ab1c232e24d6d46c/element - {"using":"xpath","value":"//span[contains(text(), \"Cost Center\")]"}
COMMAND: GET /session/801e128c03398a69ab1c232e24d6d46c/screenshot - {}
RESULT: {"using":"xpath","value":"//span[contains(text(), \"Cost Center\")]"}
COMMAND: POST /session/801e128c03398a69ab1c232e24d6d46c/element/f.1FA3EEE566D6D7C9BB4DC331EA0F15D0.d.88A60A68EB4A1B0ECF2564411907DB91.e.576/click - {}
RESULT: {}
RESULT: {}
COMMAND: GET /session/801e128c03398a69ab1c232e24d6d46c/screenshot - {}
RESULT: {}
COMMAND: POST /session/801e128c03398a69ab1c232e24d6d46c/execute/async - {"script":"<script> [1562 bytes]","args":[{"selector":{"id":"application-manageyards-display-component---NewYard--addressNewCostObjectCstID-vhi"},"wdio_ui5_key":"applicationmanageyards-display-component---NewYard--addressNewCostObjectCstID-vhi"}]}
RESULT: {"script":"<script> [1562 bytes]","args":[{"selector":{"id":"application-manageyards-display-component---NewYard--addressNewCostObjectCstID-vhi"},"wdio_ui5_key":"applicationmanageyards-display-component---NewYard--addressNewCostObjectCstID-vhi"}]}
RESULT: undefined
COMMAND: POST /session/801e128c03398a69ab1c232e24d6d46c/element - {"using":"xpath","value":"//*[@id=\"application-manageyards-display-component---NewYard--addressNewCostObjectCstID-vhi\"]"}
RESULT: {"using":"xpath","value":"//*[@id=\"application-manageyards-display-component---NewYard--addressNewCostObjectCstID-vhi\"]"}
COMMAND: POST /session/801e128c03398a69ab1c232e24d6d46c/element/f.1FA3EEE566D6D7C9BB4DC331EA0F15D0.d.88A60A68EB4A1B0ECF2564411907DB91.e.580/click - {}
RESULT: {}
COMMAND: GET /session/801e128c03398a69ab1c232e24d6d46c/screenshot - {}
RESULT: {}
COMMAND: POST /session/801e128c03398a69ab1c232e24d6d46c/execute/async - {"script":"<script> [1562 bytes]","args":[{"selector":{"controlType":"sap.m.SearchField","properties":{"placeholder":"Search"},"searchOpenDialogs":true,"interaction":{"idSuffix":"I"}},"wdio_ui5_key":"sapm.SearchField{\"placeholder\":\"Search\"}"}]}
RESULT: {"script":"<script> [1562 bytes]","args":[{"selector":{"controlType":"sap.m.SearchField","properties":{"placeholder":"Search"},"searchOpenDialogs":true,"interaction":{"idSuffix":"I"}},"wdio_ui5_key":"sapm.SearchField{\"placeholder\":\"Search\"}"}]}
RESULT: undefined
COMMAND: POST /session/801e128c03398a69ab1c232e24d6d46c/execute/async - {"script":"<script> [776 bytes]","args":[{"enterText":"10001013","selector":{"controlType":"sap.m.SearchField","properties":{"placeholder":"Search"},"searchOpenDialogs":true,"interaction":{"idSuffix":"I"}},"clearTextFirst":true,"interactionType":"ENTER_TEXT"}]}
RESULT: {"script":"<script> [776 bytes]","args":[{"enterText":"10001013","selector":{"controlType":"sap.m.SearchField","properties":{"placeholder":"Search"},"searchOpenDialogs":true,"interaction":{"idSuffix":"I"}},"clearTextFirst":true,"interactionType":"ENTER_TEXT"}]}
COMMAND: POST /session/801e128c03398a69ab1c232e24d6d46c/actions - {"actions":[{"id":"action2","type":"key","parameters":{},"actions":[{"type":"keyDown","value":""},{"type":"pause","duration":10},{"type":"keyUp","value":""}]}]}
RESULT: {"actions":[{"id":"action2","type":"key","parameters":{},"actions":[{"type":"keyDown","value":""},{"type":"pause","duration":10},{"type":"keyUp","value":""}]}]}
COMMAND: GET /session/801e128c03398a69ab1c232e24d6d46c/screenshot - {}
RESULT: {}
COMMAND: POST /session/801e128c03398a69ab1c232e24d6d46c/element - {"using":"xpath","value":"//span[contains(text(), \"General Management\")]"}
RESULT: {"using":"xpath","value":"//span[contains(text(), \"General Management\")]"}
COMMAND: POST /session/801e128c03398a69ab1c232e24d6d46c/element/f.1FA3EEE566D6D7C9BB4DC331EA0F15D0.d.88A60A68EB4A1B0ECF2564411907DB91.e.621/click - {}
RESULT: {}
COMMAND: GET /session/801e128c03398a69ab1c232e24d6d46c/screenshot - {}
RESULT: {}
COMMAND: POST /session/801e128c03398a69ab1c232e24d6d46c/element - {"using":"xpath","value":"//bdi[contains(text(), \"OK\")]"}
RESULT: {"using":"xpath","value":"//bdi[contains(text(), \"OK\")]"}
COMMAND: POST /session/801e128c03398a69ab1c232e24d6d46c/element/f.1FA3EEE566D6D7C9BB4DC331EA0F15D0.d.88A60A68EB4A1B0ECF2564411907DB91.e.622/click - {}
RESULT: {}
COMMAND: GET /session/801e128c03398a69ab1c232e24d6d46c/screenshot - {}
RESULT: {}
COMMAND: POST /session/801e128c03398a69ab1c232e24d6d46c/execute/async - {"script":"<script> [1562 bytes]","args":[{"selector":{"controlType":"sap.m.Button","viewName":"etm.portal.ui.manageyards.view.New","viewId":"application-manageyards-display-component---NewYard","i18NText":{"propertyName":"text","key":"save"},"interaction":{"idSuffix":"inner"}},"wdio_ui5_key":"etmportal.ui.manageyards.view.Newsap.m.Button{\"propertyName\":\"text\",\"key\":\"save\"}"}]}
RESULT: {"script":"<script> [1562 bytes]","args":[{"selector":{"controlType":"sap.m.Button","viewName":"etm.portal.ui.manageyards.view.New","viewId":"application-manageyards-display-component---NewYard","i18NText":{"propertyName":"text","key":"save"},"interaction":{"idSuffix":"inner"}},"wdio_ui5_key":"etmportal.ui.manageyards.view.Newsap.m.Button{\"propertyName\":\"text\",\"key\":\"save\"}"}]}
RESULT: undefined
COMMAND: POST /session/801e128c03398a69ab1c232e24d6d46c/element - {"using":"xpath","value":"//*[@id=\"__button18\"]"}
RESULT: {"using":"xpath","value":"//*[@id=\"__button18\"]"}
COMMAND: POST /session/801e128c03398a69ab1c232e24d6d46c/element/f.1FA3EEE566D6D7C9BB4DC331EA0F15D0.d.88A60A68EB4A1B0ECF2564411907DB91.e.546/click - {}
RESULT: {}
COMMAND: GET /session/801e128c03398a69ab1c232e24d6d46c/screenshot - {}
RESULT: {}
COMMAND: POST /session/801e128c03398a69ab1c232e24d6d46c/element - {"using":"xpath","value":"//header/div/div[2]/div[2]/span"}
RESULT: {"using":"xpath","value":"//header/div/div[2]/div[2]/span"}
COMMAND: GET /session/801e128c03398a69ab1c232e24d6d46c/element/f.1FA3EEE566D6D7C9BB4DC331EA0F15D0.d.88A60A68EB4A1B0ECF2564411907DB91.e.817/text - {}
RESULT: {}
COMMAND: POST /session/801e128c03398a69ab1c232e24d6d46c/execute/async - {"script":"<script> [1562 bytes]","args":[{"selector":{"controlType":"sap.m.OverflowToolbarButton","viewName":"etm.portal.ui.manageyards.view.Detail","viewId":"application-manageyards-display-component---detailYard","i18NText":{"propertyName":"tooltip","key":"closeColumn"},"interaction":{"idSuffix":"inner"}},"wdio_ui5_key":"etmportal.ui.manageyards.view.Detailsap.m.OverflowToolbarButton{\"propertyName\":\"tooltip\",\"key\":\"closeColumn\"}"}]}
RESULT: {"script":"<script> [1562 bytes]","args":[{"selector":{"controlType":"sap.m.OverflowToolbarButton","viewName":"etm.portal.ui.manageyards.view.Detail","viewId":"application-manageyards-display-component---detailYard","i18NText":{"propertyName":"tooltip","key":"closeColumn"},"interaction":{"idSuffix":"inner"}},"wdio_ui5_key":"etmportal.ui.manageyards.view.Detailsap.m.OverflowToolbarButton{\"propertyName\":\"tooltip\",\"key\":\"closeColumn\"}"}]}
RESULT: undefined
COMMAND: POST /session/801e128c03398a69ab1c232e24d6d46c/element - {"using":"xpath","value":"//*[@id=\"__button42\"]"}
RESULT: {"using":"xpath","value":"//*[@id=\"__button42\"]"}
COMMAND: POST /session/801e128c03398a69ab1c232e24d6d46c/element/f.1FA3EEE566D6D7C9BB4DC331EA0F15D0.d.88A60A68EB4A1B0ECF2564411907DB91.e.819/click - {}
RESULT: {}
COMMAND: GET /session/801e128c03398a69ab1c232e24d6d46c/screenshot - {}
RESULT: {}
COMMAND: POST /session/801e128c03398a69ab1c232e24d6d46c/element - {"using":"css selector","value":"#shell-header-logo"}
RESULT: {"using":"css selector","value":"#shell-header-logo"}
COMMAND: POST /session/801e128c03398a69ab1c232e24d6d46c/element/f.1FA3EEE566D6D7C9BB4DC331EA0F15D0.d.88A60A68EB4A1B0ECF2564411907DB91.e.110/click - {}
RESULT: {}
COMMAND: GET /session/801e128c03398a69ab1c232e24d6d46c/screenshot - {}
RESULT: {}
COMMAND: POST /session/801e128c03398a69ab1c232e24d6d46c/refresh - {}
RESULT: {}
COMMAND: GET /session/801e128c03398a69ab1c232e24d6d46c/screenshot - {}
RESULT: {}
COMMAND: POST /session/801e128c03398a69ab1c232e24d6d46c/execute/async - {"script":"<script> [189 bytes]","args":[]}
RESULT: {"script":"<script> [189 bytes]","args":[]}
COMMAND: POST /session/801e128c03398a69ab1c232e24d6d46c/execute/async - {"script":"<script> [123 bytes]","args":[]}
RESULT: {"script":"<script> [123 bytes]","args":[]}
COMMAND: POST /session/801e128c03398a69ab1c232e24d6d46c/timeouts - {"script":"<number>"}
RESULT: {"script":"<number>"}
COMMAND: GET /session/801e128c03398a69ab1c232e24d6d46c/timeouts - {}
RESULT: {}
RESULT: undefined
COMMAND: POST /session/801e128c03398a69ab1c232e24d6d46c/execute/async - {"script":"<script> [2676 bytes]","args":[]}
RESULT: {"script":"<script> [2676 bytes]","args":[]}
COMMAND: POST /session/801e128c03398a69ab1c232e24d6d46c/execute/async - {"script":"<script> [2342 bytes]","args":[{"protocol":"http","hostname":"0.0.0.0","path":"/","capabilities":{"browserName":"chrome","goog:chromeOptions":{"binary":"C:\\Program Files\\Google\\Chrome\\Application\\chrome.exe","args":["--start-maximized"]}},"logLevel":"warn","connectionRetryTimeout":120000,"connectionRetryCount":3,"logLevels":{},"enableDirectConnect":true,"strictSSL":true,"_":"65 more keys: [\"cacheDir\",\"port\",\"requestedCapabilities\",\"automationProtocol\",\"baseUrl\",\"waitforInterval\",\"waitforTimeout\",\"onReload\",\"beforeCommand\",\"afterCommand\",\"rootDir\",\"specs\",\"suites\",\"exclude\",\"groupLogsByTestSpec\",\"excludeDriverLogs\",\"bail\",\"framework\",\"reporters\",\"services\",\"maxInstances\",\"maxInstancesPerCapability\",\"injectGlobals\",\"filesToWatch\",\"execArgv\",\"runnerEnv\",\"runner\",\"shard\",\"specFileRetries\",\"specFileRetriesDelay\",\"specFileRetriesDeferred\",\"reporterSyncInterval\",\"reporterSyncTimeout\",\"cucumberFeaturesWithLineNumbers\",\"autoCompileOpts\",\"mochaOpts\",\"jasmineOpts\",\"cucumberOpts\",\"onPrepare\",\"onWorkerStart\",\"onWorkerEnd\",\"before\",\"beforeSession\",\"beforeSuite\",\"beforeHook\",\"beforeTest\",\"afterTest\",\"afterHook\",\"afterSuite\",\"afterSession\",\"after\",\"onComplete\",\"beforeAssertion\",\"afterAssertion\",\"beforeFeature\",\"beforeScenario\",\"beforeStep\",\"afterStep\",\"afterScenario\",\"afterFeature\",\"_\",\"suite\",\"$0\",\"ignoredWorkerServices\",\"wdi5\"]"}]}
RESULT: {"script":"<script> [2342 bytes]","args":[{"protocol":"http","hostname":"0.0.0.0","path":"/","capabilities":{"browserName":"chrome","goog:chromeOptions":{"binary":"C:\\Program Files\\Google\\Chrome\\Application\\chrome.exe","args":["--start-maximized"]}},"logLevel":"warn","connectionRetryTimeout":120000,"connectionRetryCount":3,"logLevels":{},"enableDirectConnect":true,"strictSSL":true,"_":"65 more keys: [\"cacheDir\",\"port\",\"requestedCapabilities\",\"automationProtocol\",\"baseUrl\",\"waitforInterval\",\"waitforTimeout\",\"onReload\",\"beforeCommand\",\"afterCommand\",\"rootDir\",\"specs\",\"suites\",\"exclude\",\"groupLogsByTestSpec\",\"excludeDriverLogs\",\"bail\",\"framework\",\"reporters\",\"services\",\"maxInstances\",\"maxInstancesPerCapability\",\"injectGlobals\",\"filesToWatch\",\"execArgv\",\"runnerEnv\",\"runner\",\"shard\",\"specFileRetries\",\"specFileRetriesDelay\",\"specFileRetriesDeferred\",\"reporterSyncInterval\",\"reporterSyncTimeout\",\"cucumberFeaturesWithLineNumbers\",\"autoCompileOpts\",\"mochaOpts\",\"jasmineOpts\",\"cucumberOpts\",\"onPrepare\",\"onWorkerStart\",\"onWorkerEnd\",\"before\",\"beforeSession\",\"beforeSuite\",\"beforeHook\",\"beforeTest\",\"afterTest\",\"afterHook\",\"afterSuite\",\"afterSession\",\"after\",\"onComplete\",\"beforeAssertion\",\"afterAssertion\",\"beforeFeature\",\"beforeScenario\",\"beforeStep\",\"afterStep\",\"afterScenario\",\"afterFeature\",\"_\",\"suite\",\"$0\",\"ignoredWorkerServices\",\"wdi5\"]"}]}
COMMAND: POST /session/801e128c03398a69ab1c232e24d6d46c/execute/async - {"script":"<script> [21126 bytes]","args":[35000]}
RESULT: {"script":"<script> [21126 bytes]","args":[35000]}
]]></system-out>
    </testcase>
    <testcase classname="chrome.136_0_7103_93.windows.Manage_Requests_Tags_Tests_US120163" name="Should create a new partner" time="85.761">
      <system-out><![CDATA[
COMMAND: POST /session/801e128c03398a69ab1c232e24d6d46c/execute/async - {"script":"<script> [1562 bytes]","args":[{"selector":{"controlType":"sap.m.GenericTile","properties":{"header":"Manage Partners"}},"wdio_ui5_key":"sapm.GenericTile{\"header\":\"Manage Partners\"}"}]}
RESULT: {"script":"<script> [1562 bytes]","args":[{"selector":{"controlType":"sap.m.GenericTile","properties":{"header":"Manage Partners"}},"wdio_ui5_key":"sapm.GenericTile{\"header\":\"Manage Partners\"}"}]}
RESULT: undefined
COMMAND: POST /session/801e128c03398a69ab1c232e24d6d46c/element - {"using":"xpath","value":"//*[@id=\"__tile38\"]"}
RESULT: {"using":"xpath","value":"//*[@id=\"__tile38\"]"}
COMMAND: POST /session/801e128c03398a69ab1c232e24d6d46c/element/f.1FA3EEE566D6D7C9BB4DC331EA0F15D0.d.65AC57EA5EF214BE37BFF2C307957DEF.e.1171/click - {}
RESULT: {}
COMMAND: GET /session/801e128c03398a69ab1c232e24d6d46c/screenshot - {}
RESULT: {}
COMMAND: POST /session/801e128c03398a69ab1c232e24d6d46c/elements - {"using":"xpath","value":"//span[text()='Error']"}
RESULT: {"using":"xpath","value":"//span[text()='Error']"}
COMMAND: POST /session/801e128c03398a69ab1c232e24d6d46c/execute/async - {"script":"<script> [1562 bytes]","args":[{"selector":{"controlType":"sap.ui.core.Icon","viewName":"etm.portal.ui.managepartners.view.Master","viewId":"application-managepartners-display-component---masterPtm","properties":{"src":{"regex":{"source":"add"}}}},"wdio_ui5_key":"etmportal.ui.managepartners.view.Mastersap.ui.core.Icon{\"src\":{\"regex\":{\"source\":\"add\"}}}"}]}
RESULT: {"script":"<script> [1562 bytes]","args":[{"selector":{"controlType":"sap.ui.core.Icon","viewName":"etm.portal.ui.managepartners.view.Master","viewId":"application-managepartners-display-component---masterPtm","properties":{"src":{"regex":{"source":"add"}}}},"wdio_ui5_key":"etmportal.ui.managepartners.view.Mastersap.ui.core.Icon{\"src\":{\"regex\":{\"source\":\"add\"}}}"}]}
RESULT: undefined
COMMAND: POST /session/801e128c03398a69ab1c232e24d6d46c/element - {"using":"xpath","value":"//*[@id=\"__button4-img\"]"}
RESULT: {"using":"xpath","value":"//*[@id=\"__button4-img\"]"}
COMMAND: POST /session/801e128c03398a69ab1c232e24d6d46c/element/f.1FA3EEE566D6D7C9BB4DC331EA0F15D0.d.65AC57EA5EF214BE37BFF2C307957DEF.e.1223/click - {}
RESULT: {}
COMMAND: GET /session/801e128c03398a69ab1c232e24d6d46c/screenshot - {}
RESULT: {}
COMMAND: POST /session/801e128c03398a69ab1c232e24d6d46c/execute/async - {"script":"<script> [1562 bytes]","args":[{"selector":{"id":"application-managepartners-display-component---NewPartner--partnerId","interaction":{"idSuffix":"inner"}},"wdio_ui5_key":"applicationmanagepartners-display-component---NewPartner--partnerId"}]}
RESULT: {"script":"<script> [1562 bytes]","args":[{"selector":{"id":"application-managepartners-display-component---NewPartner--partnerId","interaction":{"idSuffix":"inner"}},"wdio_ui5_key":"applicationmanagepartners-display-component---NewPartner--partnerId"}]}
RESULT: undefined
COMMAND: POST /session/801e128c03398a69ab1c232e24d6d46c/execute/async - {"script":"<script> [1562 bytes]","args":[{"selector":{"id":"application-managepartners-display-component---NewPartner--addressDetailDetailsName1","interaction":{"idSuffix":"inner"}},"wdio_ui5_key":"applicationmanagepartners-display-component---NewPartner--addressDetailDetailsName1"}]}
RESULT: {"script":"<script> [1562 bytes]","args":[{"selector":{"id":"application-managepartners-display-component---NewPartner--addressDetailDetailsName1","interaction":{"idSuffix":"inner"}},"wdio_ui5_key":"applicationmanagepartners-display-component---NewPartner--addressDetailDetailsName1"}]}
RESULT: undefined
COMMAND: POST /session/801e128c03398a69ab1c232e24d6d46c/execute/async - {"script":"<script> [776 bytes]","args":[{"enterText":"WebdriverPartneri8uzg","selector":{"id":"application-managepartners-display-component---NewPartner--addressDetailDetailsName1","interaction":{"idSuffix":"inner"}},"clearTextFirst":true,"interactionType":"ENTER_TEXT"}]}
RESULT: {"script":"<script> [776 bytes]","args":[{"enterText":"WebdriverPartneri8uzg","selector":{"id":"application-managepartners-display-component---NewPartner--addressDetailDetailsName1","interaction":{"idSuffix":"inner"}},"clearTextFirst":true,"interactionType":"ENTER_TEXT"}]}
COMMAND: POST /session/801e128c03398a69ab1c232e24d6d46c/execute/async - {"script":"<script> [1562 bytes]","args":[{"selector":{"id":"application-managepartners-display-component---NewPartner--addressDetailDetailsLanguage","interaction":{"idSuffix":"inner"}},"wdio_ui5_key":"applicationmanagepartners-display-component---NewPartner--addressDetailDetailsLanguage"}]}
RESULT: {"script":"<script> [1562 bytes]","args":[{"selector":{"id":"application-managepartners-display-component---NewPartner--addressDetailDetailsLanguage","interaction":{"idSuffix":"inner"}},"wdio_ui5_key":"applicationmanagepartners-display-component---NewPartner--addressDetailDetailsLanguage"}]}
RESULT: undefined
COMMAND: POST /session/801e128c03398a69ab1c232e24d6d46c/execute/async - {"script":"<script> [776 bytes]","args":[{"enterText":"Romanian","selector":{"id":"application-managepartners-display-component---NewPartner--addressDetailDetailsLanguage","interaction":{"idSuffix":"inner"}},"clearTextFirst":true,"interactionType":"ENTER_TEXT"}]}
RESULT: {"script":"<script> [776 bytes]","args":[{"enterText":"Romanian","selector":{"id":"application-managepartners-display-component---NewPartner--addressDetailDetailsLanguage","interaction":{"idSuffix":"inner"}},"clearTextFirst":true,"interactionType":"ENTER_TEXT"}]}
COMMAND: POST /session/801e128c03398a69ab1c232e24d6d46c/element - {"using":"xpath","value":"//input[contains(@id ,\"application-managepartners-display-component---NewPartner--addressDetailDetailsName1-inner\")]"}
RESULT: {"using":"xpath","value":"//input[contains(@id ,\"application-managepartners-display-component---NewPartner--addressDetailDetailsName1-inner\")]"}
COMMAND: GET /session/801e128c03398a69ab1c232e24d6d46c/element/f.1FA3EEE566D6D7C9BB4DC331EA0F15D0.d.65AC57EA5EF214BE37BFF2C307957DEF.e.1394/property/value - {}
RESULT: {}
COMMAND: POST /session/801e128c03398a69ab1c232e24d6d46c/execute/async - {"script":"<script> [1562 bytes]","args":[{"selector":{"id":"application-managepartners-display-component---NewPartner--addressDetailDetailsCity1","interaction":{"idSuffix":"inner"}},"wdio_ui5_key":"applicationmanagepartners-display-component---NewPartner--addressDetailDetailsCity1"}]}
COMMAND: GET /session/801e128c03398a69ab1c232e24d6d46c/screenshot - {}
RESULT: {"script":"<script> [1562 bytes]","args":[{"selector":{"id":"application-managepartners-display-component---NewPartner--addressDetailDetailsCity1","interaction":{"idSuffix":"inner"}},"wdio_ui5_key":"applicationmanagepartners-display-component---NewPartner--addressDetailDetailsCity1"}]}
RESULT: undefined
COMMAND: POST /session/801e128c03398a69ab1c232e24d6d46c/execute/async - {"script":"<script> [776 bytes]","args":[{"enterText":"Bucharest","selector":{"id":"application-managepartners-display-component---NewPartner--addressDetailDetailsCity1","interaction":{"idSuffix":"inner"}},"clearTextFirst":true,"interactionType":"ENTER_TEXT"}]}
RESULT: {}
RESULT: {"script":"<script> [776 bytes]","args":[{"enterText":"Bucharest","selector":{"id":"application-managepartners-display-component---NewPartner--addressDetailDetailsCity1","interaction":{"idSuffix":"inner"}},"clearTextFirst":true,"interactionType":"ENTER_TEXT"}]}
COMMAND: POST /session/801e128c03398a69ab1c232e24d6d46c/execute/async - {"script":"<script> [1562 bytes]","args":[{"selector":{"id":"application-managepartners-display-component---NewPartner--addressDetailDetailsCountry","interaction":{"idSuffix":"inner"}},"wdio_ui5_key":"applicationmanagepartners-display-component---NewPartner--addressDetailDetailsCountry"}]}
RESULT: {"script":"<script> [1562 bytes]","args":[{"selector":{"id":"application-managepartners-display-component---NewPartner--addressDetailDetailsCountry","interaction":{"idSuffix":"inner"}},"wdio_ui5_key":"applicationmanagepartners-display-component---NewPartner--addressDetailDetailsCountry"}]}
RESULT: undefined
COMMAND: POST /session/801e128c03398a69ab1c232e24d6d46c/execute/async - {"script":"<script> [6424 bytes]","args":[{"element-6066-11e4-a52e-4f735466cecf":"f.1FA3EEE566D6D7C9BB4DC331EA0F15D0.d.65AC57EA5EF214BE37BFF2C307957DEF.e.1401"},"setValue",["Romania"]]}
RESULT: {"script":"<script> [6424 bytes]","args":[{"element-6066-11e4-a52e-4f735466cecf":"f.1FA3EEE566D6D7C9BB4DC331EA0F15D0.d.65AC57EA5EF214BE37BFF2C307957DEF.e.1401"},"setValue",["Romania"]]}
COMMAND: POST /session/801e128c03398a69ab1c232e24d6d46c/execute/async - {"script":"<script> [1562 bytes]","args":[{"selector":{"id":"application-managepartners-display-component---NewPartner--partnerDetailInternal","interaction":{"idSuffix":"inner"}},"wdio_ui5_key":"applicationmanagepartners-display-component---NewPartner--partnerDetailInternal"}]}
RESULT: {"script":"<script> [1562 bytes]","args":[{"selector":{"id":"application-managepartners-display-component---NewPartner--partnerDetailInternal","interaction":{"idSuffix":"inner"}},"wdio_ui5_key":"applicationmanagepartners-display-component---NewPartner--partnerDetailInternal"}]}
RESULT: undefined
COMMAND: POST /session/801e128c03398a69ab1c232e24d6d46c/execute/async - {"script":"<script> [776 bytes]","args":[{"enterText":"External partner","selector":{"id":"application-managepartners-display-component---NewPartner--partnerDetailInternal","interaction":{"idSuffix":"inner"}},"clearTextFirst":true,"interactionType":"ENTER_TEXT"}]}
RESULT: {"script":"<script> [776 bytes]","args":[{"enterText":"External partner","selector":{"id":"application-managepartners-display-component---NewPartner--partnerDetailInternal","interaction":{"idSuffix":"inner"}},"clearTextFirst":true,"interactionType":"ENTER_TEXT"}]}
COMMAND: POST /session/801e128c03398a69ab1c232e24d6d46c/execute/async - {"script":"<script> [1562 bytes]","args":[{"selector":{"id":"application-managepartners-display-component---NewPartner--partnerDetailsCurrency","interaction":{"idSuffix":"inner"}},"wdio_ui5_key":"applicationmanagepartners-display-component---NewPartner--partnerDetailsCurrency"}]}
RESULT: {"script":"<script> [1562 bytes]","args":[{"selector":{"id":"application-managepartners-display-component---NewPartner--partnerDetailsCurrency","interaction":{"idSuffix":"inner"}},"wdio_ui5_key":"applicationmanagepartners-display-component---NewPartner--partnerDetailsCurrency"}]}
RESULT: undefined
COMMAND: POST /session/801e128c03398a69ab1c232e24d6d46c/execute/async - {"script":"<script> [776 bytes]","args":[{"enterText":"Euro","selector":{"id":"application-managepartners-display-component---NewPartner--partnerDetailsCurrency","interaction":{"idSuffix":"inner"}},"clearTextFirst":true,"interactionType":"ENTER_TEXT"}]}
RESULT: {"script":"<script> [776 bytes]","args":[{"enterText":"Euro","selector":{"id":"application-managepartners-display-component---NewPartner--partnerDetailsCurrency","interaction":{"idSuffix":"inner"}},"clearTextFirst":true,"interactionType":"ENTER_TEXT"}]}
COMMAND: POST /session/801e128c03398a69ab1c232e24d6d46c/execute/async - {"script":"<script> [1562 bytes]","args":[{"selector":{"controlType":"sap.m.Button","viewName":"etm.portal.ui.managepartners.view.NewPartner","viewId":"application-managepartners-display-component---NewPartner","properties":{"text":"Commercial"},"interaction":{"idSuffix":"BDI-content"}},"wdio_ui5_key":"etmportal.ui.managepartners.view.NewPartnersap.m.Button{\"text\":\"Commercial\"}"}]}
RESULT: {"script":"<script> [1562 bytes]","args":[{"selector":{"controlType":"sap.m.Button","viewName":"etm.portal.ui.managepartners.view.NewPartner","viewId":"application-managepartners-display-component---NewPartner","properties":{"text":"Commercial"},"interaction":{"idSuffix":"BDI-content"}},"wdio_ui5_key":"etmportal.ui.managepartners.view.NewPartnersap.m.Button{\"text\":\"Commercial\"}"}]}
RESULT: undefined
COMMAND: POST /session/801e128c03398a69ab1c232e24d6d46c/element - {"using":"xpath","value":"//*[@id=\"application-managepartners-display-component---NewPartner--ObjectPageLayout-anchBar-__section5-anchor\"]"}
RESULT: {"using":"xpath","value":"//*[@id=\"application-managepartners-display-component---NewPartner--ObjectPageLayout-anchBar-__section5-anchor\"]"}
COMMAND: POST /session/801e128c03398a69ab1c232e24d6d46c/element/f.1FA3EEE566D6D7C9BB4DC331EA0F15D0.d.65AC57EA5EF214BE37BFF2C307957DEF.e.1649/click - {}
RESULT: {}
COMMAND: GET /session/801e128c03398a69ab1c232e24d6d46c/screenshot - {}
RESULT: {}
COMMAND: POST /session/801e128c03398a69ab1c232e24d6d46c/execute/async - {"script":"<script> [1562 bytes]","args":[{"selector":{"id":"application-managepartners-display-component---NewPartner--btnAddTableRow-img"},"wdio_ui5_key":"applicationmanagepartners-display-component---NewPartner--btnAddTableRow-img"}]}
RESULT: {"script":"<script> [1562 bytes]","args":[{"selector":{"id":"application-managepartners-display-component---NewPartner--btnAddTableRow-img"},"wdio_ui5_key":"applicationmanagepartners-display-component---NewPartner--btnAddTableRow-img"}]}
RESULT: undefined
COMMAND: POST /session/801e128c03398a69ab1c232e24d6d46c/element - {"using":"xpath","value":"//*[@id=\"application-managepartners-display-component---NewPartner--btnAddTableRow-img\"]"}
RESULT: {"using":"xpath","value":"//*[@id=\"application-managepartners-display-component---NewPartner--btnAddTableRow-img\"]"}
COMMAND: POST /session/801e128c03398a69ab1c232e24d6d46c/element/f.1FA3EEE566D6D7C9BB4DC331EA0F15D0.d.65AC57EA5EF214BE37BFF2C307957DEF.e.1655/click - {}
RESULT: {}
COMMAND: POST /session/801e128c03398a69ab1c232e24d6d46c/element - {"using":"xpath","value":"//input[contains(@id ,\"application-managepartners-display-component---NewPartner--assignmentYard-application-managepartners-display-component---NewPartner\")]"}
COMMAND: GET /session/801e128c03398a69ab1c232e24d6d46c/screenshot - {}
RESULT: {"using":"xpath","value":"//input[contains(@id ,\"application-managepartners-display-component---NewPartner--assignmentYard-application-managepartners-display-component---NewPartner\")]"}
COMMAND: POST /session/801e128c03398a69ab1c232e24d6d46c/element/f.1FA3EEE566D6D7C9BB4DC331EA0F15D0.d.65AC57EA5EF214BE37BFF2C307957DEF.e.1660/clear - {}
RESULT: {}
RESULT: {}
COMMAND: POST /session/801e128c03398a69ab1c232e24d6d46c/element/f.1FA3EEE566D6D7C9BB4DC331EA0F15D0.d.65AC57EA5EF214BE37BFF2C307957DEF.e.1660/value - {"text":"WebdriverYard78c52"}
COMMAND: GET /session/801e128c03398a69ab1c232e24d6d46c/screenshot - {}
RESULT: {"text":"WebdriverYard78c52"}
COMMAND: GET /session/801e128c03398a69ab1c232e24d6d46c/screenshot - {}
RESULT: {}
RESULT: {}
COMMAND: POST /session/801e128c03398a69ab1c232e24d6d46c/execute/async - {"script":"<script> [1562 bytes]","args":[{"selector":{"controlType":"sap.m.Button","viewName":"etm.portal.ui.managepartners.view.NewPartner","viewId":"application-managepartners-display-component---NewPartner","i18NText":{"propertyName":"text","key":"save"},"interaction":{"idSuffix":"BDI-content"}},"wdio_ui5_key":"etmportal.ui.managepartners.view.NewPartnersap.m.Button{\"propertyName\":\"text\",\"key\":\"save\"}"}]}
RESULT: {"script":"<script> [1562 bytes]","args":[{"selector":{"controlType":"sap.m.Button","viewName":"etm.portal.ui.managepartners.view.NewPartner","viewId":"application-managepartners-display-component---NewPartner","i18NText":{"propertyName":"text","key":"save"},"interaction":{"idSuffix":"BDI-content"}},"wdio_ui5_key":"etmportal.ui.managepartners.view.NewPartnersap.m.Button{\"propertyName\":\"text\",\"key\":\"save\"}"}]}
RESULT: undefined
COMMAND: POST /session/801e128c03398a69ab1c232e24d6d46c/element - {"using":"xpath","value":"//*[@id=\"__button12\"]"}
RESULT: {"using":"xpath","value":"//*[@id=\"__button12\"]"}
COMMAND: POST /session/801e128c03398a69ab1c232e24d6d46c/element/f.1FA3EEE566D6D7C9BB4DC331EA0F15D0.d.65AC57EA5EF214BE37BFF2C307957DEF.e.1589/click - {}
RESULT: {}
COMMAND: GET /session/801e128c03398a69ab1c232e24d6d46c/screenshot - {}
RESULT: {}
COMMAND: POST /session/801e128c03398a69ab1c232e24d6d46c/element - {"using":"xpath","value":"//header/div/div[2]/div[2]/span"}
RESULT: {"using":"xpath","value":"//header/div/div[2]/div[2]/span"}
COMMAND: GET /session/801e128c03398a69ab1c232e24d6d46c/element/f.1FA3EEE566D6D7C9BB4DC331EA0F15D0.d.65AC57EA5EF214BE37BFF2C307957DEF.e.1832/text - {}
RESULT: {}
COMMAND: POST /session/801e128c03398a69ab1c232e24d6d46c/element - {"using":"xpath","value":"//header/div/div/div/div/div/div[2]/div/span"}
RESULT: {"using":"xpath","value":"//header/div/div/div/div/div/div[2]/div/span"}
COMMAND: GET /session/801e128c03398a69ab1c232e24d6d46c/element/f.1FA3EEE566D6D7C9BB4DC331EA0F15D0.d.65AC57EA5EF214BE37BFF2C307957DEF.e.1833/text - {}
RESULT: {}
COMMAND: POST /session/801e128c03398a69ab1c232e24d6d46c/execute/async - {"script":"<script> [1562 bytes]","args":[{"selector":{"id":"application-managepartners-display-component---detailPtm--partnerType"},"wdio_ui5_key":"applicationmanagepartners-display-component---detailPtm--partnerType"}]}
RESULT: {"script":"<script> [1562 bytes]","args":[{"selector":{"id":"application-managepartners-display-component---detailPtm--partnerType"},"wdio_ui5_key":"applicationmanagepartners-display-component---detailPtm--partnerType"}]}
RESULT: undefined
COMMAND: POST /session/801e128c03398a69ab1c232e24d6d46c/execute/async - {"script":"<script> [6424 bytes]","args":[{"element-6066-11e4-a52e-4f735466cecf":"f.1FA3EEE566D6D7C9BB4DC331EA0F15D0.d.65AC57EA5EF214BE37BFF2C307957DEF.e.1834"},"getText",[]]}
RESULT: {"script":"<script> [6424 bytes]","args":[{"element-6066-11e4-a52e-4f735466cecf":"f.1FA3EEE566D6D7C9BB4DC331EA0F15D0.d.65AC57EA5EF214BE37BFF2C307957DEF.e.1834"},"getText",[]]}
COMMAND: POST /session/801e128c03398a69ab1c232e24d6d46c/element - {"using":"css selector","value":"#shell-header-logo"}
RESULT: {"using":"css selector","value":"#shell-header-logo"}
COMMAND: POST /session/801e128c03398a69ab1c232e24d6d46c/element/f.1FA3EEE566D6D7C9BB4DC331EA0F15D0.d.65AC57EA5EF214BE37BFF2C307957DEF.e.1174/click - {}
RESULT: {}
COMMAND: GET /session/801e128c03398a69ab1c232e24d6d46c/screenshot - {}
RESULT: {}
]]></system-out>
    </testcase>
    <testcase classname="chrome.136_0_7103_93.windows.Manage_Requests_Tags_Tests_US120163" name="Should create a new site" time="99.595">
      <system-out><![CDATA[
COMMAND: POST /session/801e128c03398a69ab1c232e24d6d46c/execute/async - {"script":"<script> [1562 bytes]","args":[{"selector":{"controlType":"sap.m.GenericTile","properties":{"header":"Manage Sites"}},"wdio_ui5_key":"sapm.GenericTile{\"header\":\"Manage Sites\"}"}]}
RESULT: {"script":"<script> [1562 bytes]","args":[{"selector":{"controlType":"sap.m.GenericTile","properties":{"header":"Manage Sites"}},"wdio_ui5_key":"sapm.GenericTile{\"header\":\"Manage Sites\"}"}]}
RESULT: undefined
COMMAND: POST /session/801e128c03398a69ab1c232e24d6d46c/element - {"using":"xpath","value":"//*[@id=\"__tile40\"]"}
RESULT: {"using":"xpath","value":"//*[@id=\"__tile40\"]"}
COMMAND: POST /session/801e128c03398a69ab1c232e24d6d46c/element/f.1FA3EEE566D6D7C9BB4DC331EA0F15D0.d.65AC57EA5EF214BE37BFF2C307957DEF.e.1836/click - {}
RESULT: {}
COMMAND: GET /session/801e128c03398a69ab1c232e24d6d46c/screenshot - {}
RESULT: {}
COMMAND: POST /session/801e128c03398a69ab1c232e24d6d46c/elements - {"using":"xpath","value":"//span[text()='Error']"}
RESULT: {"using":"xpath","value":"//span[text()='Error']"}
COMMAND: POST /session/801e128c03398a69ab1c232e24d6d46c/execute/async - {"script":"<script> [1562 bytes]","args":[{"selector":{"controlType":"sap.ui.core.Icon","viewName":"etm.portal.ui.managesites.view.Master","viewId":"application-managesites-display-component---masterSite","properties":{"src":{"regex":{"source":"add"}}}},"wdio_ui5_key":"etmportal.ui.managesites.view.Mastersap.ui.core.Icon{\"src\":{\"regex\":{\"source\":\"add\"}}}"}]}
RESULT: {"script":"<script> [1562 bytes]","args":[{"selector":{"controlType":"sap.ui.core.Icon","viewName":"etm.portal.ui.managesites.view.Master","viewId":"application-managesites-display-component---masterSite","properties":{"src":{"regex":{"source":"add"}}}},"wdio_ui5_key":"etmportal.ui.managesites.view.Mastersap.ui.core.Icon{\"src\":{\"regex\":{\"source\":\"add\"}}}"}]}
RESULT: undefined
COMMAND: POST /session/801e128c03398a69ab1c232e24d6d46c/element - {"using":"xpath","value":"//*[@id=\"__button52-img\"]"}
RESULT: {"using":"xpath","value":"//*[@id=\"__button52-img\"]"}
COMMAND: POST /session/801e128c03398a69ab1c232e24d6d46c/element/f.1FA3EEE566D6D7C9BB4DC331EA0F15D0.d.65AC57EA5EF214BE37BFF2C307957DEF.e.1883/click - {}
RESULT: {}
COMMAND: POST /session/801e128c03398a69ab1c232e24d6d46c/execute/async - {"script":"<script> [1562 bytes]","args":[{"selector":{"id":"application-managesites-display-component---NewSite--siteId","interaction":{"idSuffix":"inner"}},"wdio_ui5_key":"applicationmanagesites-display-component---NewSite--siteId"}]}
COMMAND: GET /session/801e128c03398a69ab1c232e24d6d46c/screenshot - {}
RESULT: {"script":"<script> [1562 bytes]","args":[{"selector":{"id":"application-managesites-display-component---NewSite--siteId","interaction":{"idSuffix":"inner"}},"wdio_ui5_key":"applicationmanagesites-display-component---NewSite--siteId"}]}
RESULT: undefined
COMMAND: POST /session/801e128c03398a69ab1c232e24d6d46c/execute/async - {"script":"<script> [1562 bytes]","args":[{"selector":{"id":"application-managesites-display-component---NewSite--addressDetailDetailsName1","interaction":{"idSuffix":"inner"}},"wdio_ui5_key":"applicationmanagesites-display-component---NewSite--addressDetailDetailsName1"}]}
RESULT: {}
RESULT: {"script":"<script> [1562 bytes]","args":[{"selector":{"id":"application-managesites-display-component---NewSite--addressDetailDetailsName1","interaction":{"idSuffix":"inner"}},"wdio_ui5_key":"applicationmanagesites-display-component---NewSite--addressDetailDetailsName1"}]}
RESULT: undefined
COMMAND: POST /session/801e128c03398a69ab1c232e24d6d46c/execute/async - {"script":"<script> [776 bytes]","args":[{"enterText":"WebdriverSitejahvgl","selector":{"id":"application-managesites-display-component---NewSite--addressDetailDetailsName1","interaction":{"idSuffix":"inner"}},"clearTextFirst":true,"interactionType":"ENTER_TEXT"}]}
RESULT: {"script":"<script> [776 bytes]","args":[{"enterText":"WebdriverSitejahvgl","selector":{"id":"application-managesites-display-component---NewSite--addressDetailDetailsName1","interaction":{"idSuffix":"inner"}},"clearTextFirst":true,"interactionType":"ENTER_TEXT"}]}
COMMAND: POST /session/801e128c03398a69ab1c232e24d6d46c/execute/async - {"script":"<script> [1562 bytes]","args":[{"selector":{"id":"application-managesites-display-component---NewSite--addressDetailDetailsLanguage","interaction":{"idSuffix":"inner"}},"wdio_ui5_key":"applicationmanagesites-display-component---NewSite--addressDetailDetailsLanguage"}]}
RESULT: {"script":"<script> [1562 bytes]","args":[{"selector":{"id":"application-managesites-display-component---NewSite--addressDetailDetailsLanguage","interaction":{"idSuffix":"inner"}},"wdio_ui5_key":"applicationmanagesites-display-component---NewSite--addressDetailDetailsLanguage"}]}
RESULT: undefined
COMMAND: POST /session/801e128c03398a69ab1c232e24d6d46c/execute/async - {"script":"<script> [776 bytes]","args":[{"enterText":"Romanian","selector":{"id":"application-managesites-display-component---NewSite--addressDetailDetailsLanguage","interaction":{"idSuffix":"inner"}},"clearTextFirst":true,"interactionType":"ENTER_TEXT"}]}
RESULT: {"script":"<script> [776 bytes]","args":[{"enterText":"Romanian","selector":{"id":"application-managesites-display-component---NewSite--addressDetailDetailsLanguage","interaction":{"idSuffix":"inner"}},"clearTextFirst":true,"interactionType":"ENTER_TEXT"}]}
COMMAND: POST /session/801e128c03398a69ab1c232e24d6d46c/execute/async - {"script":"<script> [1562 bytes]","args":[{"selector":{"id":"application-managesites-display-component---NewSite--addressDetailDetailsCity1","interaction":{"idSuffix":"inner"}},"wdio_ui5_key":"applicationmanagesites-display-component---NewSite--addressDetailDetailsCity1"}]}
RESULT: {"script":"<script> [1562 bytes]","args":[{"selector":{"id":"application-managesites-display-component---NewSite--addressDetailDetailsCity1","interaction":{"idSuffix":"inner"}},"wdio_ui5_key":"applicationmanagesites-display-component---NewSite--addressDetailDetailsCity1"}]}
RESULT: undefined
COMMAND: POST /session/801e128c03398a69ab1c232e24d6d46c/execute/async - {"script":"<script> [776 bytes]","args":[{"enterText":"Bucharest","selector":{"id":"application-managesites-display-component---NewSite--addressDetailDetailsCity1","interaction":{"idSuffix":"inner"}},"clearTextFirst":true,"interactionType":"ENTER_TEXT"}]}
RESULT: {"script":"<script> [776 bytes]","args":[{"enterText":"Bucharest","selector":{"id":"application-managesites-display-component---NewSite--addressDetailDetailsCity1","interaction":{"idSuffix":"inner"}},"clearTextFirst":true,"interactionType":"ENTER_TEXT"}]}
COMMAND: POST /session/801e128c03398a69ab1c232e24d6d46c/execute/async - {"script":"<script> [1562 bytes]","args":[{"selector":{"id":"application-managesites-display-component---NewSite--addressDetailDetailsCountry","interaction":{"idSuffix":"inner"}},"wdio_ui5_key":"applicationmanagesites-display-component---NewSite--addressDetailDetailsCountry"}]}
RESULT: {"script":"<script> [1562 bytes]","args":[{"selector":{"id":"application-managesites-display-component---NewSite--addressDetailDetailsCountry","interaction":{"idSuffix":"inner"}},"wdio_ui5_key":"applicationmanagesites-display-component---NewSite--addressDetailDetailsCountry"}]}
RESULT: undefined
COMMAND: POST /session/801e128c03398a69ab1c232e24d6d46c/execute/async - {"script":"<script> [776 bytes]","args":[{"enterText":"Romania","selector":{"id":"application-managesites-display-component---NewSite--addressDetailDetailsCountry","interaction":{"idSuffix":"inner"}},"clearTextFirst":true,"interactionType":"ENTER_TEXT"}]}
RESULT: {"script":"<script> [776 bytes]","args":[{"enterText":"Romania","selector":{"id":"application-managesites-display-component---NewSite--addressDetailDetailsCountry","interaction":{"idSuffix":"inner"}},"clearTextFirst":true,"interactionType":"ENTER_TEXT"}]}
COMMAND: POST /session/801e128c03398a69ab1c232e24d6d46c/element - {"using":"css selector","value":"#application-managesites-display-component---NewSite--addressDetailDetailsCalendar-inner"}
RESULT: {"using":"css selector","value":"#application-managesites-display-component---NewSite--addressDetailDetailsCalendar-inner"}
COMMAND: POST /session/801e128c03398a69ab1c232e24d6d46c/element/f.1FA3EEE566D6D7C9BB4DC331EA0F15D0.d.65AC57EA5EF214BE37BFF2C307957DEF.e.2077/clear - {}
RESULT: {}
COMMAND: POST /session/801e128c03398a69ab1c232e24d6d46c/element/f.1FA3EEE566D6D7C9BB4DC331EA0F15D0.d.65AC57EA5EF214BE37BFF2C307957DEF.e.2077/value - {"text":"Germany"}
COMMAND: GET /session/801e128c03398a69ab1c232e24d6d46c/screenshot - {}
RESULT: {"text":"Germany"}
COMMAND: POST /session/801e128c03398a69ab1c232e24d6d46c/execute/async - {"script":"<script> [1562 bytes]","args":[{"selector":{"id":"application-managesites-display-component---NewSite--addressEditDetailsCostObjectCstType-arrow"},"wdio_ui5_key":"applicationmanagesites-display-component---NewSite--addressEditDetailsCostObjectCstType-arrow"}]}
COMMAND: GET /session/801e128c03398a69ab1c232e24d6d46c/screenshot - {}
RESULT: {}
RESULT: {"script":"<script> [1562 bytes]","args":[{"selector":{"id":"application-managesites-display-component---NewSite--addressEditDetailsCostObjectCstType-arrow"},"wdio_ui5_key":"applicationmanagesites-display-component---NewSite--addressEditDetailsCostObjectCstType-arrow"}]}
RESULT: undefined
COMMAND: POST /session/801e128c03398a69ab1c232e24d6d46c/element - {"using":"xpath","value":"//*[@id=\"application-managesites-display-component---NewSite--addressEditDetailsCostObjectCstType-arrow\"]"}
RESULT: {}
RESULT: {"using":"xpath","value":"//*[@id=\"application-managesites-display-component---NewSite--addressEditDetailsCostObjectCstType-arrow\"]"}
COMMAND: POST /session/801e128c03398a69ab1c232e24d6d46c/element/f.1FA3EEE566D6D7C9BB4DC331EA0F15D0.d.65AC57EA5EF214BE37BFF2C307957DEF.e.2276/click - {}
RESULT: {}
COMMAND: POST /session/801e128c03398a69ab1c232e24d6d46c/element - {"using":"xpath","value":"//span[contains(text(), \"Work Breakdown Structure\")]"}
COMMAND: GET /session/801e128c03398a69ab1c232e24d6d46c/screenshot - {}
RESULT: {"using":"xpath","value":"//span[contains(text(), \"Work Breakdown Structure\")]"}
COMMAND: POST /session/801e128c03398a69ab1c232e24d6d46c/element/f.1FA3EEE566D6D7C9BB4DC331EA0F15D0.d.65AC57EA5EF214BE37BFF2C307957DEF.e.2277/click - {}
RESULT: {}
RESULT: {}
COMMAND: GET /session/801e128c03398a69ab1c232e24d6d46c/screenshot - {}
RESULT: {}
COMMAND: POST /session/801e128c03398a69ab1c232e24d6d46c/execute/async - {"script":"<script> [1562 bytes]","args":[{"selector":{"id":"application-managesites-display-component---NewSite--addressNewCostObjectCstID-vhi"},"wdio_ui5_key":"applicationmanagesites-display-component---NewSite--addressNewCostObjectCstID-vhi"}]}
RESULT: {"script":"<script> [1562 bytes]","args":[{"selector":{"id":"application-managesites-display-component---NewSite--addressNewCostObjectCstID-vhi"},"wdio_ui5_key":"applicationmanagesites-display-component---NewSite--addressNewCostObjectCstID-vhi"}]}
RESULT: undefined
COMMAND: POST /session/801e128c03398a69ab1c232e24d6d46c/element - {"using":"xpath","value":"//*[@id=\"application-managesites-display-component---NewSite--addressNewCostObjectCstID-vhi\"]"}
RESULT: {"using":"xpath","value":"//*[@id=\"application-managesites-display-component---NewSite--addressNewCostObjectCstID-vhi\"]"}
COMMAND: POST /session/801e128c03398a69ab1c232e24d6d46c/element/f.1FA3EEE566D6D7C9BB4DC331EA0F15D0.d.65AC57EA5EF214BE37BFF2C307957DEF.e.2282/click - {}
RESULT: {}
COMMAND: GET /session/801e128c03398a69ab1c232e24d6d46c/screenshot - {}
RESULT: {}
COMMAND: POST /session/801e128c03398a69ab1c232e24d6d46c/execute/async - {"script":"<script> [1562 bytes]","args":[{"selector":{"controlType":"sap.m.SearchField","properties":{"placeholder":"Search"},"searchOpenDialogs":true,"interaction":{"idSuffix":"I"}},"wdio_ui5_key":"sapm.SearchField{\"placeholder\":\"Search\"}"}]}
RESULT: {"script":"<script> [1562 bytes]","args":[{"selector":{"controlType":"sap.m.SearchField","properties":{"placeholder":"Search"},"searchOpenDialogs":true,"interaction":{"idSuffix":"I"}},"wdio_ui5_key":"sapm.SearchField{\"placeholder\":\"Search\"}"}]}
RESULT: undefined
COMMAND: POST /session/801e128c03398a69ab1c232e24d6d46c/execute/async - {"script":"<script> [776 bytes]","args":[{"enterText":"A1-000100-01","selector":{"controlType":"sap.m.SearchField","properties":{"placeholder":"Search"},"searchOpenDialogs":true,"interaction":{"idSuffix":"I"}},"clearTextFirst":true,"interactionType":"ENTER_TEXT"}]}
RESULT: {"script":"<script> [776 bytes]","args":[{"enterText":"A1-000100-01","selector":{"controlType":"sap.m.SearchField","properties":{"placeholder":"Search"},"searchOpenDialogs":true,"interaction":{"idSuffix":"I"}},"clearTextFirst":true,"interactionType":"ENTER_TEXT"}]}
COMMAND: POST /session/801e128c03398a69ab1c232e24d6d46c/actions - {"actions":[{"id":"action3","type":"key","parameters":{},"actions":[{"type":"keyDown","value":""},{"type":"pause","duration":10},{"type":"keyUp","value":""}]}]}
RESULT: {"actions":[{"id":"action3","type":"key","parameters":{},"actions":[{"type":"keyDown","value":""},{"type":"pause","duration":10},{"type":"keyUp","value":""}]}]}
COMMAND: GET /session/801e128c03398a69ab1c232e24d6d46c/screenshot - {}
RESULT: {}
COMMAND: POST /session/801e128c03398a69ab1c232e24d6d46c/element - {"using":"xpath","value":"//span[contains(text(), \"Template for ETO-Process\")]"}
RESULT: {"using":"xpath","value":"//span[contains(text(), \"Template for ETO-Process\")]"}
COMMAND: POST /session/801e128c03398a69ab1c232e24d6d46c/element/f.1FA3EEE566D6D7C9BB4DC331EA0F15D0.d.65AC57EA5EF214BE37BFF2C307957DEF.e.2301/click - {}
RESULT: {}
COMMAND: GET /session/801e128c03398a69ab1c232e24d6d46c/screenshot - {}
RESULT: {}
COMMAND: POST /session/801e128c03398a69ab1c232e24d6d46c/element - {"using":"xpath","value":"//bdi[contains(text(), \"OK\")]"}
RESULT: {"using":"xpath","value":"//bdi[contains(text(), \"OK\")]"}
COMMAND: POST /session/801e128c03398a69ab1c232e24d6d46c/element/f.1FA3EEE566D6D7C9BB4DC331EA0F15D0.d.65AC57EA5EF214BE37BFF2C307957DEF.e.2302/click - {}
RESULT: {}
COMMAND: GET /session/801e128c03398a69ab1c232e24d6d46c/screenshot - {}
RESULT: {}
COMMAND: POST /session/801e128c03398a69ab1c232e24d6d46c/element - {"using":"xpath","value":"//input[@id=\"application-managesites-display-component---NewSite--addressDetailDetailsYard-inner\"]"}
RESULT: {"using":"xpath","value":"//input[@id=\"application-managesites-display-component---NewSite--addressDetailDetailsYard-inner\"]"}
COMMAND: POST /session/801e128c03398a69ab1c232e24d6d46c/element/f.1FA3EEE566D6D7C9BB4DC331EA0F15D0.d.65AC57EA5EF214BE37BFF2C307957DEF.e.2078/value - {"text":"WebdriverYard78c52"}
RESULT: {"text":"WebdriverYard78c52"}
COMMAND: GET /session/801e128c03398a69ab1c232e24d6d46c/screenshot - {}
RESULT: {}
COMMAND: POST /session/801e128c03398a69ab1c232e24d6d46c/actions - {"actions":[{"id":"action4","type":"key","parameters":{},"actions":[{"type":"keyDown","value":""},{"type":"pause","duration":10},{"type":"keyUp","value":""}]}]}
RESULT: {"actions":[{"id":"action4","type":"key","parameters":{},"actions":[{"type":"keyDown","value":""},{"type":"pause","duration":10},{"type":"keyUp","value":""}]}]}
COMMAND: GET /session/801e128c03398a69ab1c232e24d6d46c/screenshot - {}
RESULT: {}
COMMAND: POST /session/801e128c03398a69ab1c232e24d6d46c/element - {"using":"xpath","value":"//input[@id=\"application-managesites-display-component---NewSite--addressDetailDetailsPartner-inner\"]"}
RESULT: {"using":"xpath","value":"//input[@id=\"application-managesites-display-component---NewSite--addressDetailDetailsPartner-inner\"]"}
COMMAND: POST /session/801e128c03398a69ab1c232e24d6d46c/elements - {"using":"xpath","value":"//input[@id=\"application-managesites-display-component---NewSite--addressDetailDetailsPartner-inner\"]"}
RESULT: {"using":"xpath","value":"//input[@id=\"application-managesites-display-component---NewSite--addressDetailDetailsPartner-inner\"]"}
COMMAND: POST /session/801e128c03398a69ab1c232e24d6d46c/execute/async - {"script":"<script> [1562 bytes]","args":[{"selector":{"controlType":"sap.m.Button","viewName":"etm.portal.ui.managesites.view.NewSmartSite","viewId":"application-managesites-display-component---NewSite","properties":{"text":"Commercial"},"interaction":{"idSuffix":"BDI-content"}},"wdio_ui5_key":"etmportal.ui.managesites.view.NewSmartSitesap.m.Button{\"text\":\"Commercial\"}"}]}
RESULT: {"script":"<script> [1562 bytes]","args":[{"selector":{"controlType":"sap.m.Button","viewName":"etm.portal.ui.managesites.view.NewSmartSite","viewId":"application-managesites-display-component---NewSite","properties":{"text":"Commercial"},"interaction":{"idSuffix":"BDI-content"}},"wdio_ui5_key":"etmportal.ui.managesites.view.NewSmartSitesap.m.Button{\"text\":\"Commercial\"}"}]}
RESULT: undefined
COMMAND: POST /session/801e128c03398a69ab1c232e24d6d46c/element - {"using":"xpath","value":"//*[@id=\"application-managesites-display-component---NewSite--ObjectPageLayout-anchBar-__section31-anchor\"]"}
RESULT: {"using":"xpath","value":"//*[@id=\"application-managesites-display-component---NewSite--ObjectPageLayout-anchBar-__section31-anchor\"]"}
COMMAND: POST /session/801e128c03398a69ab1c232e24d6d46c/element/f.1FA3EEE566D6D7C9BB4DC331EA0F15D0.d.65AC57EA5EF214BE37BFF2C307957DEF.e.2309/click - {}
RESULT: {}
COMMAND: POST /session/801e128c03398a69ab1c232e24d6d46c/execute/async - {"script":"<script> [1562 bytes]","args":[{"selector":{"controlType":"sap.m.Button","viewName":"etm.portal.ui.managesites.view.NewSmartSite","viewId":"application-managesites-display-component---NewSite","i18NText":{"propertyName":"text","key":"save"},"interaction":{"idSuffix":"BDI-content"}},"wdio_ui5_key":"etmportal.ui.managesites.view.NewSmartSitesap.m.Button{\"propertyName\":\"text\",\"key\":\"save\"}"}]}
COMMAND: GET /session/801e128c03398a69ab1c232e24d6d46c/screenshot - {}
RESULT: {"script":"<script> [1562 bytes]","args":[{"selector":{"controlType":"sap.m.Button","viewName":"etm.portal.ui.managesites.view.NewSmartSite","viewId":"application-managesites-display-component---NewSite","i18NText":{"propertyName":"text","key":"save"},"interaction":{"idSuffix":"BDI-content"}},"wdio_ui5_key":"etmportal.ui.managesites.view.NewSmartSitesap.m.Button{\"propertyName\":\"text\",\"key\":\"save\"}"}]}
RESULT: undefined
COMMAND: POST /session/801e128c03398a69ab1c232e24d6d46c/element - {"using":"xpath","value":"//*[@id=\"__button64\"]"}
RESULT: {}
RESULT: {"using":"xpath","value":"//*[@id=\"__button64\"]"}
COMMAND: POST /session/801e128c03398a69ab1c232e24d6d46c/element/f.1FA3EEE566D6D7C9BB4DC331EA0F15D0.d.65AC57EA5EF214BE37BFF2C307957DEF.e.2255/click - {}
RESULT: {}
COMMAND: GET /session/801e128c03398a69ab1c232e24d6d46c/screenshot - {}
RESULT: {}
COMMAND: POST /session/801e128c03398a69ab1c232e24d6d46c/execute/async - {"script":"<script> [1562 bytes]","args":[{"selector":{"id":"application-managesites-display-component---detailSite--addressDetailDetailsYardText"},"wdio_ui5_key":"applicationmanagesites-display-component---detailSite--addressDetailDetailsYardText"}]}
RESULT: {"script":"<script> [1562 bytes]","args":[{"selector":{"id":"application-managesites-display-component---detailSite--addressDetailDetailsYardText"},"wdio_ui5_key":"applicationmanagesites-display-component---detailSite--addressDetailDetailsYardText"}]}
RESULT: undefined
COMMAND: POST /session/801e128c03398a69ab1c232e24d6d46c/element - {"using":"xpath","value":"//header/div/div[2]/div[2]/span"}
RESULT: {"using":"xpath","value":"//header/div/div[2]/div[2]/span"}
COMMAND: GET /session/801e128c03398a69ab1c232e24d6d46c/element/f.1FA3EEE566D6D7C9BB4DC331EA0F15D0.d.65AC57EA5EF214BE37BFF2C307957DEF.e.2513/text - {}
RESULT: {}
COMMAND: POST /session/801e128c03398a69ab1c232e24d6d46c/element - {"using":"xpath","value":"//header/div/div/div/div/div/div[2]/div/span"}
RESULT: {"using":"xpath","value":"//header/div/div/div/div/div/div[2]/div/span"}
COMMAND: GET /session/801e128c03398a69ab1c232e24d6d46c/element/f.1FA3EEE566D6D7C9BB4DC331EA0F15D0.d.65AC57EA5EF214BE37BFF2C307957DEF.e.2514/text - {}
RESULT: {}
COMMAND: POST /session/801e128c03398a69ab1c232e24d6d46c/element - {"using":"css selector","value":"#shell-header-logo"}
RESULT: {"using":"css selector","value":"#shell-header-logo"}
COMMAND: POST /session/801e128c03398a69ab1c232e24d6d46c/element/f.1FA3EEE566D6D7C9BB4DC331EA0F15D0.d.65AC57EA5EF214BE37BFF2C307957DEF.e.1839/click - {}
RESULT: {}
COMMAND: GET /session/801e128c03398a69ab1c232e24d6d46c/screenshot - {}
RESULT: {}
]]></system-out>
    </testcase>
    <testcase classname="chrome.136_0_7103_93.windows.Manage_Requests_Tags_Tests_US120163" name="Should Create New Request Tags" time="208.089">
      <system-out><![CDATA[
COMMAND: POST /session/801e128c03398a69ab1c232e24d6d46c/execute/async - {"script":"<script> [1562 bytes]","args":[{"selector":{"controlType":"sap.m.GenericTile","properties":{"header":"Manage Requests"}},"wdio_ui5_key":"sapm.GenericTile{\"header\":\"Manage Requests\"}"}]}
RESULT: {"script":"<script> [1562 bytes]","args":[{"selector":{"controlType":"sap.m.GenericTile","properties":{"header":"Manage Requests"}},"wdio_ui5_key":"sapm.GenericTile{\"header\":\"Manage Requests\"}"}]}
RESULT: undefined
COMMAND: POST /session/801e128c03398a69ab1c232e24d6d46c/element - {"using":"xpath","value":"//*[@id=\"__tile47\"]"}
RESULT: {"using":"xpath","value":"//*[@id=\"__tile47\"]"}
COMMAND: POST /session/801e128c03398a69ab1c232e24d6d46c/element/f.1FA3EEE566D6D7C9BB4DC331EA0F15D0.d.65AC57EA5EF214BE37BFF2C307957DEF.e.2516/click - {}
RESULT: {}
COMMAND: GET /session/801e128c03398a69ab1c232e24d6d46c/screenshot - {}
RESULT: {}
COMMAND: POST /session/801e128c03398a69ab1c232e24d6d46c/elements - {"using":"xpath","value":"//span[text()='Error']"}
RESULT: {"using":"xpath","value":"//span[text()='Error']"}
COMMAND: POST /session/801e128c03398a69ab1c232e24d6d46c/element - {"using":"xpath","value":"//button[contains(@data-kt ,\"btnCreateNewOverflowToolbarButton\")]"}
COMMAND: POST /session/801e128c03398a69ab1c232e24d6d46c/element - {"using":"xpath","value":"(//span[contains(@class ,\"sapMObjStatusText\")])[1]"}
RESULT: {"using":"xpath","value":"//button[contains(@data-kt ,\"btnCreateNewOverflowToolbarButton\")]"}
COMMAND: POST /session/801e128c03398a69ab1c232e24d6d46c/element/f.1FA3EEE566D6D7C9BB4DC331EA0F15D0.d.65AC57EA5EF214BE37BFF2C307957DEF.e.2572/click - {}
RESULT: {"using":"xpath","value":"(//span[contains(@class ,\"sapMObjStatusText\")])[1]"}
COMMAND: POST /session/801e128c03398a69ab1c232e24d6d46c/execute/sync - {"script":"<script> [8489 bytes]","args":[{"element-6066-11e4-a52e-4f735466cecf":"f.1FA3EEE566D6D7C9BB4DC331EA0F15D0.d.65AC57EA5EF214BE37BFF2C307957DEF.e.2612","ELEMENT":"f.1FA3EEE566D6D7C9BB4DC331EA0F15D0.d.65AC57EA5EF214BE37BFF2C307957DEF.e.2612"}]}
RESULT: {}
COMMAND: GET /session/801e128c03398a69ab1c232e24d6d46c/screenshot - {}
RESULT: {"script":"<script> [8489 bytes]","args":[{"element-6066-11e4-a52e-4f735466cecf":"f.1FA3EEE566D6D7C9BB4DC331EA0F15D0.d.65AC57EA5EF214BE37BFF2C307957DEF.e.2612","ELEMENT":"f.1FA3EEE566D6D7C9BB4DC331EA0F15D0.d.65AC57EA5EF214BE37BFF2C307957DEF.e.2612"}]}
COMMAND: GET /session/801e128c03398a69ab1c232e24d6d46c/screenshot - {}
RESULT: {}
RESULT: {}
COMMAND: POST /session/801e128c03398a69ab1c232e24d6d46c/element - {"using":"xpath","value":"//input[contains(@id ,\"yardId-inner\")]"}
RESULT: {"using":"xpath","value":"//input[contains(@id ,\"yardId-inner\")]"}
COMMAND: POST /session/801e128c03398a69ab1c232e24d6d46c/execute/sync - {"script":"<script> [8489 bytes]","args":[{"element-6066-11e4-a52e-4f735466cecf":"f.1FA3EEE566D6D7C9BB4DC331EA0F15D0.d.65AC57EA5EF214BE37BFF2C307957DEF.e.2779","ELEMENT":"f.1FA3EEE566D6D7C9BB4DC331EA0F15D0.d.65AC57EA5EF214BE37BFF2C307957DEF.e.2779"}]}
RESULT: {"script":"<script> [8489 bytes]","args":[{"element-6066-11e4-a52e-4f735466cecf":"f.1FA3EEE566D6D7C9BB4DC331EA0F15D0.d.65AC57EA5EF214BE37BFF2C307957DEF.e.2779","ELEMENT":"f.1FA3EEE566D6D7C9BB4DC331EA0F15D0.d.65AC57EA5EF214BE37BFF2C307957DEF.e.2779"}]}
COMMAND: POST /session/801e128c03398a69ab1c232e24d6d46c/element - {"using":"xpath","value":"//input[contains(@id ,\"yardId-inner\")]"}
COMMAND: GET /session/801e128c03398a69ab1c232e24d6d46c/screenshot - {}
RESULT: {"using":"xpath","value":"//input[contains(@id ,\"yardId-inner\")]"}
COMMAND: GET /session/801e128c03398a69ab1c232e24d6d46c/element/f.1FA3EEE566D6D7C9BB4DC331EA0F15D0.d.65AC57EA5EF214BE37BFF2C307957DEF.e.2779/enabled - {}
RESULT: {}
RESULT: {}
COMMAND: POST /session/801e128c03398a69ab1c232e24d6d46c/element/f.1FA3EEE566D6D7C9BB4DC331EA0F15D0.d.65AC57EA5EF214BE37BFF2C307957DEF.e.2779/clear - {}
COMMAND: GET /session/801e128c03398a69ab1c232e24d6d46c/screenshot - {}
RESULT: {}
COMMAND: POST /session/801e128c03398a69ab1c232e24d6d46c/element/f.1FA3EEE566D6D7C9BB4DC331EA0F15D0.d.65AC57EA5EF214BE37BFF2C307957DEF.e.2779/value - {"text":"WebdriverYard78c52"}
COMMAND: GET /session/801e128c03398a69ab1c232e24d6d46c/screenshot - {}
RESULT: {}
RESULT: {"text":"WebdriverYard78c52"}
COMMAND: GET /session/801e128c03398a69ab1c232e24d6d46c/screenshot - {}
RESULT: {}
RESULT: {}
COMMAND: POST /session/801e128c03398a69ab1c232e24d6d46c/element - {"using":"xpath","value":"//input[contains(@id ,\"customerNumber-inner\")]"}
RESULT: {"using":"xpath","value":"//input[contains(@id ,\"customerNumber-inner\")]"}
COMMAND: POST /session/801e128c03398a69ab1c232e24d6d46c/element/f.1FA3EEE566D6D7C9BB4DC331EA0F15D0.d.65AC57EA5EF214BE37BFF2C307957DEF.e.2773/value - {"text":"WebdriverPartneri8uzg"}
COMMAND: POST /session/801e128c03398a69ab1c232e24d6d46c/actions - {"actions":[{"id":"action5","type":"key","parameters":{},"actions":[{"type":"keyDown","value":""},{"type":"pause","duration":10},{"type":"keyUp","value":""}]}]}
RESULT: {"text":"WebdriverPartneri8uzg"}
COMMAND: GET /session/801e128c03398a69ab1c232e24d6d46c/screenshot - {}
RESULT: {"actions":[{"id":"action5","type":"key","parameters":{},"actions":[{"type":"keyDown","value":""},{"type":"pause","duration":10},{"type":"keyUp","value":""}]}]}
COMMAND: GET /session/801e128c03398a69ab1c232e24d6d46c/screenshot - {}
RESULT: {}
RESULT: {}
COMMAND: POST /session/801e128c03398a69ab1c232e24d6d46c/element/f.1FA3EEE566D6D7C9BB4DC331EA0F15D0.d.65AC57EA5EF214BE37BFF2C307957DEF.e.2779/clear - {}
RESULT: {}
COMMAND: POST /session/801e128c03398a69ab1c232e24d6d46c/element/f.1FA3EEE566D6D7C9BB4DC331EA0F15D0.d.65AC57EA5EF214BE37BFF2C307957DEF.e.2779/clear - {}
COMMAND: GET /session/801e128c03398a69ab1c232e24d6d46c/screenshot - {}
RESULT: {}
COMMAND: POST /session/801e128c03398a69ab1c232e24d6d46c/element/f.1FA3EEE566D6D7C9BB4DC331EA0F15D0.d.65AC57EA5EF214BE37BFF2C307957DEF.e.2779/value - {"text":"WebdriverYard78c52"}
COMMAND: GET /session/801e128c03398a69ab1c232e24d6d46c/screenshot - {}
RESULT: {}
RESULT: {"text":"WebdriverYard78c52"}
COMMAND: GET /session/801e128c03398a69ab1c232e24d6d46c/screenshot - {}
RESULT: {}
RESULT: {}
COMMAND: POST /session/801e128c03398a69ab1c232e24d6d46c/actions - {"actions":[{"id":"action6","type":"key","parameters":{},"actions":[{"type":"keyDown","value":""},{"type":"pause","duration":10},{"type":"keyUp","value":""}]}]}
RESULT: {"actions":[{"id":"action6","type":"key","parameters":{},"actions":[{"type":"keyDown","value":""},{"type":"pause","duration":10},{"type":"keyUp","value":""}]}]}
COMMAND: GET /session/801e128c03398a69ab1c232e24d6d46c/screenshot - {}
RESULT: {}
COMMAND: GET /session/801e128c03398a69ab1c232e24d6d46c/element/f.1FA3EEE566D6D7C9BB4DC331EA0F15D0.d.65AC57EA5EF214BE37BFF2C307957DEF.e.2773/property/value - {}
RESULT: {}
COMMAND: POST /session/801e128c03398a69ab1c232e24d6d46c/element/f.1FA3EEE566D6D7C9BB4DC331EA0F15D0.d.65AC57EA5EF214BE37BFF2C307957DEF.e.2773/clear - {}
COMMAND: GET /session/801e128c03398a69ab1c232e24d6d46c/screenshot - {}
RESULT: {}
COMMAND: GET /session/801e128c03398a69ab1c232e24d6d46c/screenshot - {}
COMMAND: POST /session/801e128c03398a69ab1c232e24d6d46c/actions - {"actions":[{"id":"action7","type":"key","parameters":{},"actions":[{"type":"keyDown","value":""},{"type":"pause","duration":10},{"type":"keyUp","value":""}]}]}
RESULT: {}
RESULT: {}
RESULT: {"actions":[{"id":"action7","type":"key","parameters":{},"actions":[{"type":"keyDown","value":""},{"type":"pause","duration":10},{"type":"keyUp","value":""}]}]}
COMMAND: GET /session/801e128c03398a69ab1c232e24d6d46c/screenshot - {}
RESULT: {}
COMMAND: POST /session/801e128c03398a69ab1c232e24d6d46c/element/f.1FA3EEE566D6D7C9BB4DC331EA0F15D0.d.65AC57EA5EF214BE37BFF2C307957DEF.e.2773/value - {"text":"WebdriverPartneri8uzg"}
RESULT: {"text":"WebdriverPartneri8uzg"}
COMMAND: GET /session/801e128c03398a69ab1c232e24d6d46c/screenshot - {}
RESULT: {}
COMMAND: POST /session/801e128c03398a69ab1c232e24d6d46c/actions - {"actions":[{"id":"action8","type":"key","parameters":{},"actions":[{"type":"keyDown","value":""},{"type":"pause","duration":10},{"type":"keyUp","value":""}]}]}
RESULT: {"actions":[{"id":"action8","type":"key","parameters":{},"actions":[{"type":"keyDown","value":""},{"type":"pause","duration":10},{"type":"keyUp","value":""}]}]}
COMMAND: GET /session/801e128c03398a69ab1c232e24d6d46c/screenshot - {}
RESULT: {}
COMMAND: POST /session/801e128c03398a69ab1c232e24d6d46c/element - {"using":"xpath","value":"//input[contains(@id ,\"requestSiteId-inner\")]"}
RESULT: {"using":"xpath","value":"//input[contains(@id ,\"requestSiteId-inner\")]"}
COMMAND: POST /session/801e128c03398a69ab1c232e24d6d46c/element/f.1FA3EEE566D6D7C9BB4DC331EA0F15D0.d.65AC57EA5EF214BE37BFF2C307957DEF.e.2772/value - {"text":"WebdriverSitejahvgl"}
RESULT: {"text":"WebdriverSitejahvgl"}
COMMAND: GET /session/801e128c03398a69ab1c232e24d6d46c/screenshot - {}
RESULT: {}
COMMAND: POST /session/801e128c03398a69ab1c232e24d6d46c/actions - {"actions":[{"id":"action9","type":"key","parameters":{},"actions":[{"type":"keyDown","value":""},{"type":"pause","duration":10},{"type":"keyUp","value":""}]}]}
RESULT: {"actions":[{"id":"action9","type":"key","parameters":{},"actions":[{"type":"keyDown","value":""},{"type":"pause","duration":10},{"type":"keyUp","value":""}]}]}
COMMAND: GET /session/801e128c03398a69ab1c232e24d6d46c/screenshot - {}
RESULT: {}
COMMAND: POST /session/801e128c03398a69ab1c232e24d6d46c/execute/async - {"script":"<script> [1562 bytes]","args":[{"selector":{"controlType":"sap.m.Input","viewName":"etm.portal.ui.managerequests.view.NewRequest","bindingPath":{"path":"","propertyPath":"/DESCRIPTION","modelName":"oNewRequestModel"},"interaction":{"idSuffix":"inner"}},"wdio_ui5_key":"etmportal.ui.managerequests.view.NewRequestsap.m.Input{\"path\":\"\",\"propertyPath\":\"/DESCRIPTION\",\"modelName\":\"oNewRequestModel\"}"}]}
RESULT: {"script":"<script> [1562 bytes]","args":[{"selector":{"controlType":"sap.m.Input","viewName":"etm.portal.ui.managerequests.view.NewRequest","bindingPath":{"path":"","propertyPath":"/DESCRIPTION","modelName":"oNewRequestModel"},"interaction":{"idSuffix":"inner"}},"wdio_ui5_key":"etmportal.ui.managerequests.view.NewRequestsap.m.Input{\"path\":\"\",\"propertyPath\":\"/DESCRIPTION\",\"modelName\":\"oNewRequestModel\"}"}]}
RESULT: undefined
COMMAND: POST /session/801e128c03398a69ab1c232e24d6d46c/execute/async - {"script":"<script> [776 bytes]","args":[{"enterText":"Wdi5 Tags Test","selector":{"controlType":"sap.m.Input","viewName":"etm.portal.ui.managerequests.view.NewRequest","bindingPath":{"path":"","propertyPath":"/DESCRIPTION","modelName":"oNewRequestModel"},"interaction":{"idSuffix":"inner"}},"clearTextFirst":true,"interactionType":"ENTER_TEXT"}]}
RESULT: {"script":"<script> [776 bytes]","args":[{"enterText":"Wdi5 Tags Test","selector":{"controlType":"sap.m.Input","viewName":"etm.portal.ui.managerequests.view.NewRequest","bindingPath":{"path":"","propertyPath":"/DESCRIPTION","modelName":"oNewRequestModel"},"interaction":{"idSuffix":"inner"}},"clearTextFirst":true,"interactionType":"ENTER_TEXT"}]}
COMMAND: POST /session/801e128c03398a69ab1c232e24d6d46c/execute/async - {"script":"<script> [1562 bytes]","args":[{"selector":{"id":"tagInputAdd","viewName":"etm.portal.ui.managerequests.view.NewRequest","interaction":{"idSuffix":"inner"}},"wdio_ui5_key":"tagInputAddetmportal.ui.managerequests.view.NewRequest"}]}
RESULT: {"script":"<script> [1562 bytes]","args":[{"selector":{"id":"tagInputAdd","viewName":"etm.portal.ui.managerequests.view.NewRequest","interaction":{"idSuffix":"inner"}},"wdio_ui5_key":"tagInputAddetmportal.ui.managerequests.view.NewRequest"}]}
RESULT: undefined
COMMAND: POST /session/801e128c03398a69ab1c232e24d6d46c/execute/async - {"script":"<script> [776 bytes]","args":[{"enterText":"RefTag","selector":{"id":"tagInputAdd","viewName":"etm.portal.ui.managerequests.view.NewRequest","interaction":{"idSuffix":"inner"}},"clearTextFirst":true,"interactionType":"ENTER_TEXT"}]}
RESULT: {"script":"<script> [776 bytes]","args":[{"enterText":"RefTag","selector":{"id":"tagInputAdd","viewName":"etm.portal.ui.managerequests.view.NewRequest","interaction":{"idSuffix":"inner"}},"clearTextFirst":true,"interactionType":"ENTER_TEXT"}]}
COMMAND: POST /session/801e128c03398a69ab1c232e24d6d46c/actions - {"actions":[{"id":"action10","type":"key","parameters":{},"actions":[{"type":"keyDown","value":""},{"type":"pause","duration":10},{"type":"keyUp","value":""}]}]}
RESULT: {"actions":[{"id":"action10","type":"key","parameters":{},"actions":[{"type":"keyDown","value":""},{"type":"pause","duration":10},{"type":"keyUp","value":""}]}]}
COMMAND: GET /session/801e128c03398a69ab1c232e24d6d46c/screenshot - {}
RESULT: {}
RESULT: undefined
COMMAND: POST /session/801e128c03398a69ab1c232e24d6d46c/execute/async - {"script":"<script> [776 bytes]","args":[{"enterText":"tag-header","selector":{"id":"tagInputAdd","viewName":"etm.portal.ui.managerequests.view.NewRequest","interaction":{"idSuffix":"inner"}},"clearTextFirst":true,"interactionType":"ENTER_TEXT"}]}
RESULT: {"script":"<script> [776 bytes]","args":[{"enterText":"tag-header","selector":{"id":"tagInputAdd","viewName":"etm.portal.ui.managerequests.view.NewRequest","interaction":{"idSuffix":"inner"}},"clearTextFirst":true,"interactionType":"ENTER_TEXT"}]}
COMMAND: POST /session/801e128c03398a69ab1c232e24d6d46c/actions - {"actions":[{"id":"action11","type":"key","parameters":{},"actions":[{"type":"keyDown","value":""},{"type":"pause","duration":10},{"type":"keyUp","value":""}]}]}
RESULT: {"actions":[{"id":"action11","type":"key","parameters":{},"actions":[{"type":"keyDown","value":""},{"type":"pause","duration":10},{"type":"keyUp","value":""}]}]}
COMMAND: GET /session/801e128c03398a69ab1c232e24d6d46c/screenshot - {}
RESULT: {}
RESULT: undefined
COMMAND: POST /session/801e128c03398a69ab1c232e24d6d46c/execute/async - {"script":"<script> [776 bytes]","args":[{"enterText":"tag-duplicate","selector":{"id":"tagInputAdd","viewName":"etm.portal.ui.managerequests.view.NewRequest","interaction":{"idSuffix":"inner"}},"clearTextFirst":true,"interactionType":"ENTER_TEXT"}]}
RESULT: {"script":"<script> [776 bytes]","args":[{"enterText":"tag-duplicate","selector":{"id":"tagInputAdd","viewName":"etm.portal.ui.managerequests.view.NewRequest","interaction":{"idSuffix":"inner"}},"clearTextFirst":true,"interactionType":"ENTER_TEXT"}]}
COMMAND: POST /session/801e128c03398a69ab1c232e24d6d46c/actions - {"actions":[{"id":"action12","type":"key","parameters":{},"actions":[{"type":"keyDown","value":""},{"type":"pause","duration":10},{"type":"keyUp","value":""}]}]}
RESULT: {"actions":[{"id":"action12","type":"key","parameters":{},"actions":[{"type":"keyDown","value":""},{"type":"pause","duration":10},{"type":"keyUp","value":""}]}]}
COMMAND: GET /session/801e128c03398a69ab1c232e24d6d46c/screenshot - {}
RESULT: {}
COMMAND: POST /session/801e128c03398a69ab1c232e24d6d46c/execute/async - {"script":"<script> [1562 bytes]","args":[{"selector":{"id":"tagsLayoutAdd","viewName":"etm.portal.ui.managerequests.view.NewRequest"},"wdio_ui5_key":"tagsLayoutAddetmportal.ui.managerequests.view.NewRequest"}]}
RESULT: {"script":"<script> [1562 bytes]","args":[{"selector":{"id":"tagsLayoutAdd","viewName":"etm.portal.ui.managerequests.view.NewRequest"},"wdio_ui5_key":"tagsLayoutAddetmportal.ui.managerequests.view.NewRequest"}]}
RESULT: undefined
COMMAND: POST /session/801e128c03398a69ab1c232e24d6d46c/execute/async - {"script":"<script> [6424 bytes]","args":[{"element-6066-11e4-a52e-4f735466cecf":"f.1FA3EEE566D6D7C9BB4DC331EA0F15D0.d.65AC57EA5EF214BE37BFF2C307957DEF.e.2850"},"getTokens",[]]}
RESULT: {"script":"<script> [6424 bytes]","args":[{"element-6066-11e4-a52e-4f735466cecf":"f.1FA3EEE566D6D7C9BB4DC331EA0F15D0.d.65AC57EA5EF214BE37BFF2C307957DEF.e.2850"},"getTokens",[]]}
COMMAND: POST /session/801e128c03398a69ab1c232e24d6d46c/execute/async - {"script":"<script> [1562 bytes]","args":[{"wdio_ui5_key":"__token9","selector":{"id":"__token9"}}]}
COMMAND: POST /session/801e128c03398a69ab1c232e24d6d46c/execute/async - {"script":"<script> [1562 bytes]","args":[{"wdio_ui5_key":"__token10","selector":{"id":"__token10"}}]}
COMMAND: POST /session/801e128c03398a69ab1c232e24d6d46c/execute/async - {"script":"<script> [1562 bytes]","args":[{"wdio_ui5_key":"__token8","selector":{"id":"__token8"}}]}
RESULT: {"script":"<script> [1562 bytes]","args":[{"wdio_ui5_key":"__token9","selector":{"id":"__token9"}}]}
RESULT: undefined
RESULT: {"script":"<script> [1562 bytes]","args":[{"wdio_ui5_key":"__token10","selector":{"id":"__token10"}}]}
RESULT: undefined
RESULT: {"script":"<script> [1562 bytes]","args":[{"wdio_ui5_key":"__token8","selector":{"id":"__token8"}}]}
RESULT: undefined
COMMAND: POST /session/801e128c03398a69ab1c232e24d6d46c/execute/async - {"script":"<script> [1562 bytes]","args":[{"selector":{"controlType":"sap.ui.core.Icon","viewName":"etm.portal.ui.managerequests.view.NewRequest","properties":{"src":{"regex":{"source":"decline"}}},"ancestor":{"controlType":"sap.m.Token","viewName":"etm.portal.ui.managerequests.view.NewRequest","properties":{"text":"tag-duplicate"}}},"wdio_ui5_key":"etmportal.ui.managerequests.view.NewRequestsap.ui.core.Icon{\"src\":{\"regex\":{\"source\":\"decline\"}}}{\"controlType\":\"sap.m.Token\",\"viewName\":\"etm.portal.ui.managerequests.view.NewRequest\",\"properties\":{\"text\":\"tag-duplicate\"}}"}]}
RESULT: {"script":"<script> [1562 bytes]","args":[{"selector":{"controlType":"sap.ui.core.Icon","viewName":"etm.portal.ui.managerequests.view.NewRequest","properties":{"src":{"regex":{"source":"decline"}}},"ancestor":{"controlType":"sap.m.Token","viewName":"etm.portal.ui.managerequests.view.NewRequest","properties":{"text":"tag-duplicate"}}},"wdio_ui5_key":"etmportal.ui.managerequests.view.NewRequestsap.ui.core.Icon{\"src\":{\"regex\":{\"source\":\"decline\"}}}{\"controlType\":\"sap.m.Token\",\"viewName\":\"etm.portal.ui.managerequests.view.NewRequest\",\"properties\":{\"text\":\"tag-duplicate\"}}"}]}
RESULT: undefined
COMMAND: POST /session/801e128c03398a69ab1c232e24d6d46c/element - {"using":"xpath","value":"//*[@id=\"__token10-icon\"]"}
RESULT: {"using":"xpath","value":"//*[@id=\"__token10-icon\"]"}
COMMAND: POST /session/801e128c03398a69ab1c232e24d6d46c/element/f.1FA3EEE566D6D7C9BB4DC331EA0F15D0.d.65AC57EA5EF214BE37BFF2C307957DEF.e.2882/click - {}
RESULT: {}
COMMAND: POST /session/801e128c03398a69ab1c232e24d6d46c/execute/async - {"script":"<script> [1562 bytes]","args":[{"selector":{"controlType":"sap.ui.core.Icon","viewName":"etm.portal.ui.managerequests.view.NewRequest","properties":{"src":{"regex":{"source":"decline"}}},"ancestor":{"controlType":"sap.m.Token","viewName":"etm.portal.ui.managerequests.view.NewRequest","properties":{"text":"tag1"}}},"wdio_ui5_key":"etmportal.ui.managerequests.view.NewRequestsap.ui.core.Icon{\"src\":{\"regex\":{\"source\":\"decline\"}}}{\"controlType\":\"sap.m.Token\",\"viewName\":\"etm.portal.ui.managerequests.view.NewRequest\",\"properties\":{\"text\":\"tag1\"}}"}]}
COMMAND: GET /session/801e128c03398a69ab1c232e24d6d46c/screenshot - {}
RESULT: {"script":"<script> [1562 bytes]","args":[{"selector":{"controlType":"sap.ui.core.Icon","viewName":"etm.portal.ui.managerequests.view.NewRequest","properties":{"src":{"regex":{"source":"decline"}}},"ancestor":{"controlType":"sap.m.Token","viewName":"etm.portal.ui.managerequests.view.NewRequest","properties":{"text":"tag1"}}},"wdio_ui5_key":"etmportal.ui.managerequests.view.NewRequestsap.ui.core.Icon{\"src\":{\"regex\":{\"source\":\"decline\"}}}{\"controlType\":\"sap.m.Token\",\"viewName\":\"etm.portal.ui.managerequests.view.NewRequest\",\"properties\":{\"text\":\"tag1\"}}"}]}
RESULT: undefined
RESULT: {}
COMMAND: POST /session/801e128c03398a69ab1c232e24d6d46c/actions - {"actions":[{"id":"action13","type":"key","parameters":{},"actions":[{"type":"keyDown","value":""},{"type":"pause","duration":10},{"type":"keyUp","value":""}]}]}
RESULT: {"actions":[{"id":"action13","type":"key","parameters":{},"actions":[{"type":"keyDown","value":""},{"type":"pause","duration":10},{"type":"keyUp","value":""}]}]}
COMMAND: GET /session/801e128c03398a69ab1c232e24d6d46c/screenshot - {}
RESULT: {}
RESULT: undefined
COMMAND: POST /session/801e128c03398a69ab1c232e24d6d46c/execute/async - {"script":"<script> [6424 bytes]","args":[{"element-6066-11e4-a52e-4f735466cecf":"f.1FA3EEE566D6D7C9BB4DC331EA0F15D0.d.65AC57EA5EF214BE37BFF2C307957DEF.e.2850"},"getTokens",[]]}
RESULT: {"script":"<script> [6424 bytes]","args":[{"element-6066-11e4-a52e-4f735466cecf":"f.1FA3EEE566D6D7C9BB4DC331EA0F15D0.d.65AC57EA5EF214BE37BFF2C307957DEF.e.2850"},"getTokens",[]]}
RESULT: undefined
RESULT: undefined
COMMAND: POST /session/801e128c03398a69ab1c232e24d6d46c/execute/async - {"script":"<script> [1562 bytes]","args":[{"selector":{"controlType":"sap.m.Button","viewName":"etm.portal.ui.managerequests.view.NewRequest","properties":{"text":"Items"},"interaction":{"idSuffix":"BDI-content"}},"wdio_ui5_key":"etmportal.ui.managerequests.view.NewRequestsap.m.Button{\"text\":\"Items\"}"}]}
RESULT: {"script":"<script> [1562 bytes]","args":[{"selector":{"controlType":"sap.m.Button","viewName":"etm.portal.ui.managerequests.view.NewRequest","properties":{"text":"Items"},"interaction":{"idSuffix":"BDI-content"}},"wdio_ui5_key":"etmportal.ui.managerequests.view.NewRequestsap.m.Button{\"text\":\"Items\"}"}]}
RESULT: undefined
COMMAND: POST /session/801e128c03398a69ab1c232e24d6d46c/element - {"using":"xpath","value":"//*[@id=\"__xmlview59--newRequestPage-anchBar-__xmlview59--requestItemsSection-anchor\"]"}
RESULT: {"using":"xpath","value":"//*[@id=\"__xmlview59--newRequestPage-anchBar-__xmlview59--requestItemsSection-anchor\"]"}
COMMAND: POST /session/801e128c03398a69ab1c232e24d6d46c/element/f.1FA3EEE566D6D7C9BB4DC331EA0F15D0.d.65AC57EA5EF214BE37BFF2C307957DEF.e.2890/click - {}
RESULT: {}
COMMAND: GET /session/801e128c03398a69ab1c232e24d6d46c/screenshot - {}
RESULT: {}
COMMAND: POST /session/801e128c03398a69ab1c232e24d6d46c/execute/async - {"script":"<script> [1562 bytes]","args":[{"selector":{"controlType":"sap.ui.core.Icon","viewName":"etm.portal.ui.managerequests.view.NewRequest","properties":{"src":{"regex":{"source":"inspect"}}}},"wdio_ui5_key":"etmportal.ui.managerequests.view.NewRequestsap.ui.core.Icon{\"src\":{\"regex\":{\"source\":\"inspect\"}}}"}]}
RESULT: {"script":"<script> [1562 bytes]","args":[{"selector":{"controlType":"sap.ui.core.Icon","viewName":"etm.portal.ui.managerequests.view.NewRequest","properties":{"src":{"regex":{"source":"inspect"}}}},"wdio_ui5_key":"etmportal.ui.managerequests.view.NewRequestsap.ui.core.Icon{\"src\":{\"regex\":{\"source\":\"inspect\"}}}"}]}
RESULT: undefined
COMMAND: POST /session/801e128c03398a69ab1c232e24d6d46c/element - {"using":"xpath","value":"//*[@id=\"__button114-img\"]"}
RESULT: {"using":"xpath","value":"//*[@id=\"__button114-img\"]"}
COMMAND: POST /session/801e128c03398a69ab1c232e24d6d46c/element/f.1FA3EEE566D6D7C9BB4DC331EA0F15D0.d.65AC57EA5EF214BE37BFF2C307957DEF.e.2895/click - {}
RESULT: {}
COMMAND: GET /session/801e128c03398a69ab1c232e24d6d46c/screenshot - {}
RESULT: {}
COMMAND: POST /session/801e128c03398a69ab1c232e24d6d46c/execute/async - {"script":"<script> [1562 bytes]","args":[{"selector":{"controlType":"sap.ui.core.Icon","viewName":"etm.portal.ui.managerequests.view.NewRequest","properties":{"src":{"regex":{"source":"add"}}}},"wdio_ui5_key":"etmportal.ui.managerequests.view.NewRequestsap.ui.core.Icon{\"src\":{\"regex\":{\"source\":\"add\"}}}"}]}
RESULT: {"script":"<script> [1562 bytes]","args":[{"selector":{"controlType":"sap.ui.core.Icon","viewName":"etm.portal.ui.managerequests.view.NewRequest","properties":{"src":{"regex":{"source":"add"}}}},"wdio_ui5_key":"etmportal.ui.managerequests.view.NewRequestsap.ui.core.Icon{\"src\":{\"regex\":{\"source\":\"add\"}}}"}]}
RESULT: undefined
COMMAND: POST /session/801e128c03398a69ab1c232e24d6d46c/element - {"using":"xpath","value":"//*[@id=\"__xmlview59--btnAddTableRow-img\"]"}
RESULT: {"using":"xpath","value":"//*[@id=\"__xmlview59--btnAddTableRow-img\"]"}
COMMAND: POST /session/801e128c03398a69ab1c232e24d6d46c/element/f.1FA3EEE566D6D7C9BB4DC331EA0F15D0.d.65AC57EA5EF214BE37BFF2C307957DEF.e.2903/click - {}
RESULT: {}
COMMAND: GET /session/801e128c03398a69ab1c232e24d6d46c/screenshot - {}
RESULT: {}
COMMAND: POST /session/801e128c03398a69ab1c232e24d6d46c/execute/async - {"script":"<script> [1562 bytes]","args":[{"selector":{"controlType":"sap.ui.unified.MenuItem","viewName":"etm.portal.ui.managerequests.view.NewRequest","i18NText":{"propertyName":"text","key":"standardEntry"},"searchOpenDialogs":true,"interaction":{"idSuffix":"txt"}},"wdio_ui5_key":"etmportal.ui.managerequests.view.NewRequestsap.ui.unified.MenuItem{\"propertyName\":\"text\",\"key\":\"standardEntry\"}"}]}
RESULT: {"script":"<script> [1562 bytes]","args":[{"selector":{"controlType":"sap.ui.unified.MenuItem","viewName":"etm.portal.ui.managerequests.view.NewRequest","i18NText":{"propertyName":"text","key":"standardEntry"},"searchOpenDialogs":true,"interaction":{"idSuffix":"txt"}},"wdio_ui5_key":"etmportal.ui.managerequests.view.NewRequestsap.ui.unified.MenuItem{\"propertyName\":\"text\",\"key\":\"standardEntry\"}"}]}
RESULT: undefined
COMMAND: POST /session/801e128c03398a69ab1c232e24d6d46c/element - {"using":"xpath","value":"//*[@id=\"__item1591\"]"}
RESULT: {"using":"xpath","value":"//*[@id=\"__item1591\"]"}
COMMAND: POST /session/801e128c03398a69ab1c232e24d6d46c/element/f.1FA3EEE566D6D7C9BB4DC331EA0F15D0.d.65AC57EA5EF214BE37BFF2C307957DEF.e.2906/click - {}
RESULT: {}
COMMAND: GET /session/801e128c03398a69ab1c232e24d6d46c/screenshot - {}
RESULT: {}
RESULT: undefined
COMMAND: POST /session/801e128c03398a69ab1c232e24d6d46c/element - {"using":"xpath","value":"//*[@id=\"__xmlview59--btnAddTableRow-img\"]"}
RESULT: {"using":"xpath","value":"//*[@id=\"__xmlview59--btnAddTableRow-img\"]"}
COMMAND: POST /session/801e128c03398a69ab1c232e24d6d46c/element/f.1FA3EEE566D6D7C9BB4DC331EA0F15D0.d.65AC57EA5EF214BE37BFF2C307957DEF.e.2903/click - {}
RESULT: {}
COMMAND: GET /session/801e128c03398a69ab1c232e24d6d46c/screenshot - {}
RESULT: {}
RESULT: undefined
COMMAND: POST /session/801e128c03398a69ab1c232e24d6d46c/element - {"using":"xpath","value":"//*[@id=\"__item1591\"]"}
RESULT: {"using":"xpath","value":"//*[@id=\"__item1591\"]"}
COMMAND: POST /session/801e128c03398a69ab1c232e24d6d46c/element/f.1FA3EEE566D6D7C9BB4DC331EA0F15D0.d.65AC57EA5EF214BE37BFF2C307957DEF.e.2927/click - {}
RESULT: {}
COMMAND: GET /session/801e128c03398a69ab1c232e24d6d46c/screenshot - {}
RESULT: {}
COMMAND: POST /session/801e128c03398a69ab1c232e24d6d46c/element - {"using":"xpath","value":"(//input[contains(@id ,\"requestItemsTable-0-inner\")])[5]"}
RESULT: {"using":"xpath","value":"(//input[contains(@id ,\"requestItemsTable-0-inner\")])[5]"}
COMMAND: POST /session/801e128c03398a69ab1c232e24d6d46c/element/f.1FA3EEE566D6D7C9BB4DC331EA0F15D0.d.65AC57EA5EF214BE37BFF2C307957DEF.e.2918/clear - {}
RESULT: {}
COMMAND: POST /session/801e128c03398a69ab1c232e24d6d46c/element/f.1FA3EEE566D6D7C9BB4DC331EA0F15D0.d.65AC57EA5EF214BE37BFF2C307957DEF.e.2918/value - {"text":"1000001"}
COMMAND: GET /session/801e128c03398a69ab1c232e24d6d46c/screenshot - {}
RESULT: {"text":"1000001"}
COMMAND: GET /session/801e128c03398a69ab1c232e24d6d46c/screenshot - {}
RESULT: {}
RESULT: {}
COMMAND: POST /session/801e128c03398a69ab1c232e24d6d46c/actions - {"actions":[{"id":"action14","type":"key","parameters":{},"actions":[{"type":"keyDown","value":""},{"type":"pause","duration":10},{"type":"keyUp","value":""}]}]}
RESULT: {"actions":[{"id":"action14","type":"key","parameters":{},"actions":[{"type":"keyDown","value":""},{"type":"pause","duration":10},{"type":"keyUp","value":""}]}]}
COMMAND: POST /session/801e128c03398a69ab1c232e24d6d46c/element - {"using":"xpath","value":"(//input[contains(@id ,\"requestItemsTable-1-inner\")])[5]"}
COMMAND: GET /session/801e128c03398a69ab1c232e24d6d46c/screenshot - {}
RESULT: {"using":"xpath","value":"(//input[contains(@id ,\"requestItemsTable-1-inner\")])[5]"}
COMMAND: POST /session/801e128c03398a69ab1c232e24d6d46c/element/f.1FA3EEE566D6D7C9BB4DC331EA0F15D0.d.65AC57EA5EF214BE37BFF2C307957DEF.e.2933/clear - {}
RESULT: {}
RESULT: {}
COMMAND: POST /session/801e128c03398a69ab1c232e24d6d46c/element/f.1FA3EEE566D6D7C9BB4DC331EA0F15D0.d.65AC57EA5EF214BE37BFF2C307957DEF.e.2933/value - {"text":"1000002"}
COMMAND: GET /session/801e128c03398a69ab1c232e24d6d46c/screenshot - {}
RESULT: {"text":"1000002"}
COMMAND: GET /session/801e128c03398a69ab1c232e24d6d46c/screenshot - {}
RESULT: {}
RESULT: {}
COMMAND: POST /session/801e128c03398a69ab1c232e24d6d46c/actions - {"actions":[{"id":"action15","type":"key","parameters":{},"actions":[{"type":"keyDown","value":""},{"type":"pause","duration":10},{"type":"keyUp","value":""}]}]}
RESULT: {"actions":[{"id":"action15","type":"key","parameters":{},"actions":[{"type":"keyDown","value":""},{"type":"pause","duration":10},{"type":"keyUp","value":""}]}]}
COMMAND: POST /session/801e128c03398a69ab1c232e24d6d46c/execute/async - {"script":"<script> [1562 bytes]","args":[{"selector":{"controlType":"sap.m.Input","viewName":"etm.portal.ui.managerequests.view.NewRequest","bindingPath":{"path":"","propertyPath":"/Tags","modelName":"catalogModel"},"ancestor":{"controlType":"sap.m.ColumnListItem","viewName":"etm.portal.ui.managerequests.view.NewRequest","bindingPath":{"modelName":"newRequestItems","path":"/RequestItems/0"},"ancestor":{"id":"requestItemsTable","viewName":"etm.portal.ui.managerequests.view.NewRequest"}},"interaction":{"idSuffix":"inner"}},"wdio_ui5_key":"etmportal.ui.managerequests.view.NewRequestsap.m.Input{\"path\":\"\",\"propertyPath\":\"/Tags\",\"modelName\":\"catalogModel\"}{\"controlType\":\"sap.m.ColumnListItem\",\"viewName\":\"etm.portal.ui.managerequests.view.NewRequest\",\"bindingPath\":{\"modelName\":\"newRequestItems\",\"path\":\"/RequestItems/0\"},\"ancestor\":{\"id\":\"requestItemsTable\",\"viewName\":\"etm.portal.ui.managerequests.view.NewRequest\"}}"}]}
COMMAND: GET /session/801e128c03398a69ab1c232e24d6d46c/screenshot - {}
RESULT: {"script":"<script> [1562 bytes]","args":[{"selector":{"controlType":"sap.m.Input","viewName":"etm.portal.ui.managerequests.view.NewRequest","bindingPath":{"path":"","propertyPath":"/Tags","modelName":"catalogModel"},"ancestor":{"controlType":"sap.m.ColumnListItem","viewName":"etm.portal.ui.managerequests.view.NewRequest","bindingPath":{"modelName":"newRequestItems","path":"/RequestItems/0"},"ancestor":{"id":"requestItemsTable","viewName":"etm.portal.ui.managerequests.view.NewRequest"}},"interaction":{"idSuffix":"inner"}},"wdio_ui5_key":"etmportal.ui.managerequests.view.NewRequestsap.m.Input{\"path\":\"\",\"propertyPath\":\"/Tags\",\"modelName\":\"catalogModel\"}{\"controlType\":\"sap.m.ColumnListItem\",\"viewName\":\"etm.portal.ui.managerequests.view.NewRequest\",\"bindingPath\":{\"modelName\":\"newRequestItems\",\"path\":\"/RequestItems/0\"},\"ancestor\":{\"id\":\"requestItemsTable\",\"viewName\":\"etm.portal.ui.managerequests.view.NewRequest\"}}"}]}
RESULT: undefined
COMMAND: POST /session/801e128c03398a69ab1c232e24d6d46c/execute/async - {"script":"<script> [776 bytes]","args":[{"enterText":"tag1","selector":{"controlType":"sap.m.Input","viewName":"etm.portal.ui.managerequests.view.NewRequest","bindingPath":{"path":"","propertyPath":"/Tags","modelName":"catalogModel"},"ancestor":{"controlType":"sap.m.ColumnListItem","viewName":"etm.portal.ui.managerequests.view.NewRequest","bindingPath":{"modelName":"newRequestItems","path":"/RequestItems/0"},"ancestor":{"id":"requestItemsTable","viewName":"etm.portal.ui.managerequests.view.NewRequest"}},"interaction":{"idSuffix":"inner"}},"clearTextFirst":true,"interactionType":"ENTER_TEXT"}]}
RESULT: {}
RESULT: {"script":"<script> [776 bytes]","args":[{"enterText":"tag1","selector":{"controlType":"sap.m.Input","viewName":"etm.portal.ui.managerequests.view.NewRequest","bindingPath":{"path":"","propertyPath":"/Tags","modelName":"catalogModel"},"ancestor":{"controlType":"sap.m.ColumnListItem","viewName":"etm.portal.ui.managerequests.view.NewRequest","bindingPath":{"modelName":"newRequestItems","path":"/RequestItems/0"},"ancestor":{"id":"requestItemsTable","viewName":"etm.portal.ui.managerequests.view.NewRequest"}},"interaction":{"idSuffix":"inner"}},"clearTextFirst":true,"interactionType":"ENTER_TEXT"}]}
COMMAND: POST /session/801e128c03398a69ab1c232e24d6d46c/actions - {"actions":[{"id":"action16","type":"key","parameters":{},"actions":[{"type":"keyDown","value":""},{"type":"pause","duration":10},{"type":"keyUp","value":""}]}]}
RESULT: {"actions":[{"id":"action16","type":"key","parameters":{},"actions":[{"type":"keyDown","value":""},{"type":"pause","duration":10},{"type":"keyUp","value":""}]}]}
RESULT: undefined
COMMAND: POST /session/801e128c03398a69ab1c232e24d6d46c/execute/async - {"script":"<script> [776 bytes]","args":[{"enterText":"tag-duplicate","selector":{"controlType":"sap.m.Input","viewName":"etm.portal.ui.managerequests.view.NewRequest","bindingPath":{"path":"","propertyPath":"/Tags","modelName":"catalogModel"},"ancestor":{"controlType":"sap.m.ColumnListItem","viewName":"etm.portal.ui.managerequests.view.NewRequest","bindingPath":{"modelName":"newRequestItems","path":"/RequestItems/0"},"ancestor":{"id":"requestItemsTable","viewName":"etm.portal.ui.managerequests.view.NewRequest"}},"interaction":{"idSuffix":"inner"}},"clearTextFirst":true,"interactionType":"ENTER_TEXT"}]}
COMMAND: GET /session/801e128c03398a69ab1c232e24d6d46c/screenshot - {}
RESULT: {"script":"<script> [776 bytes]","args":[{"enterText":"tag-duplicate","selector":{"controlType":"sap.m.Input","viewName":"etm.portal.ui.managerequests.view.NewRequest","bindingPath":{"path":"","propertyPath":"/Tags","modelName":"catalogModel"},"ancestor":{"controlType":"sap.m.ColumnListItem","viewName":"etm.portal.ui.managerequests.view.NewRequest","bindingPath":{"modelName":"newRequestItems","path":"/RequestItems/0"},"ancestor":{"id":"requestItemsTable","viewName":"etm.portal.ui.managerequests.view.NewRequest"}},"interaction":{"idSuffix":"inner"}},"clearTextFirst":true,"interactionType":"ENTER_TEXT"}]}
RESULT: {}
COMMAND: POST /session/801e128c03398a69ab1c232e24d6d46c/actions - {"actions":[{"id":"action17","type":"key","parameters":{},"actions":[{"type":"keyDown","value":""},{"type":"pause","duration":10},{"type":"keyUp","value":""}]}]}
RESULT: {"actions":[{"id":"action17","type":"key","parameters":{},"actions":[{"type":"keyDown","value":""},{"type":"pause","duration":10},{"type":"keyUp","value":""}]}]}
COMMAND: GET /session/801e128c03398a69ab1c232e24d6d46c/screenshot - {}
RESULT: {}
COMMAND: POST /session/801e128c03398a69ab1c232e24d6d46c/execute/async - {"script":"<script> [1562 bytes]","args":[{"selector":{"controlType":"sap.m.Input","viewName":"etm.portal.ui.managerequests.view.NewRequest","bindingPath":{"path":"","propertyPath":"/Tags","modelName":"catalogModel"},"ancestor":{"controlType":"sap.m.ColumnListItem","viewName":"etm.portal.ui.managerequests.view.NewRequest","bindingPath":{"modelName":"newRequestItems","path":"/RequestItems/1"},"ancestor":{"id":"requestItemsTable","viewName":"etm.portal.ui.managerequests.view.NewRequest"}},"interaction":{"idSuffix":"inner"}},"wdio_ui5_key":"etmportal.ui.managerequests.view.NewRequestsap.m.Input{\"path\":\"\",\"propertyPath\":\"/Tags\",\"modelName\":\"catalogModel\"}{\"controlType\":\"sap.m.ColumnListItem\",\"viewName\":\"etm.portal.ui.managerequests.view.NewRequest\",\"bindingPath\":{\"modelName\":\"newRequestItems\",\"path\":\"/RequestItems/1\"},\"ancestor\":{\"id\":\"requestItemsTable\",\"viewName\":\"etm.portal.ui.managerequests.view.NewRequest\"}}"}]}
RESULT: {"script":"<script> [1562 bytes]","args":[{"selector":{"controlType":"sap.m.Input","viewName":"etm.portal.ui.managerequests.view.NewRequest","bindingPath":{"path":"","propertyPath":"/Tags","modelName":"catalogModel"},"ancestor":{"controlType":"sap.m.ColumnListItem","viewName":"etm.portal.ui.managerequests.view.NewRequest","bindingPath":{"modelName":"newRequestItems","path":"/RequestItems/1"},"ancestor":{"id":"requestItemsTable","viewName":"etm.portal.ui.managerequests.view.NewRequest"}},"interaction":{"idSuffix":"inner"}},"wdio_ui5_key":"etmportal.ui.managerequests.view.NewRequestsap.m.Input{\"path\":\"\",\"propertyPath\":\"/Tags\",\"modelName\":\"catalogModel\"}{\"controlType\":\"sap.m.ColumnListItem\",\"viewName\":\"etm.portal.ui.managerequests.view.NewRequest\",\"bindingPath\":{\"modelName\":\"newRequestItems\",\"path\":\"/RequestItems/1\"},\"ancestor\":{\"id\":\"requestItemsTable\",\"viewName\":\"etm.portal.ui.managerequests.view.NewRequest\"}}"}]}
RESULT: undefined
COMMAND: POST /session/801e128c03398a69ab1c232e24d6d46c/execute/async - {"script":"<script> [776 bytes]","args":[{"enterText":"tag1","selector":{"controlType":"sap.m.Input","viewName":"etm.portal.ui.managerequests.view.NewRequest","bindingPath":{"path":"","propertyPath":"/Tags","modelName":"catalogModel"},"ancestor":{"controlType":"sap.m.ColumnListItem","viewName":"etm.portal.ui.managerequests.view.NewRequest","bindingPath":{"modelName":"newRequestItems","path":"/RequestItems/1"},"ancestor":{"id":"requestItemsTable","viewName":"etm.portal.ui.managerequests.view.NewRequest"}},"interaction":{"idSuffix":"inner"}},"clearTextFirst":true,"interactionType":"ENTER_TEXT"}]}
RESULT: {"script":"<script> [776 bytes]","args":[{"enterText":"tag1","selector":{"controlType":"sap.m.Input","viewName":"etm.portal.ui.managerequests.view.NewRequest","bindingPath":{"path":"","propertyPath":"/Tags","modelName":"catalogModel"},"ancestor":{"controlType":"sap.m.ColumnListItem","viewName":"etm.portal.ui.managerequests.view.NewRequest","bindingPath":{"modelName":"newRequestItems","path":"/RequestItems/1"},"ancestor":{"id":"requestItemsTable","viewName":"etm.portal.ui.managerequests.view.NewRequest"}},"interaction":{"idSuffix":"inner"}},"clearTextFirst":true,"interactionType":"ENTER_TEXT"}]}
COMMAND: POST /session/801e128c03398a69ab1c232e24d6d46c/actions - {"actions":[{"id":"action18","type":"key","parameters":{},"actions":[{"type":"keyDown","value":""},{"type":"pause","duration":10},{"type":"keyUp","value":""}]}]}
RESULT: {"actions":[{"id":"action18","type":"key","parameters":{},"actions":[{"type":"keyDown","value":""},{"type":"pause","duration":10},{"type":"keyUp","value":""}]}]}
RESULT: undefined
COMMAND: POST /session/801e128c03398a69ab1c232e24d6d46c/execute/async - {"script":"<script> [776 bytes]","args":[{"enterText":"tag-duplicate","selector":{"controlType":"sap.m.Input","viewName":"etm.portal.ui.managerequests.view.NewRequest","bindingPath":{"path":"","propertyPath":"/Tags","modelName":"catalogModel"},"ancestor":{"controlType":"sap.m.ColumnListItem","viewName":"etm.portal.ui.managerequests.view.NewRequest","bindingPath":{"modelName":"newRequestItems","path":"/RequestItems/1"},"ancestor":{"id":"requestItemsTable","viewName":"etm.portal.ui.managerequests.view.NewRequest"}},"interaction":{"idSuffix":"inner"}},"clearTextFirst":true,"interactionType":"ENTER_TEXT"}]}
COMMAND: GET /session/801e128c03398a69ab1c232e24d6d46c/screenshot - {}
RESULT: {"script":"<script> [776 bytes]","args":[{"enterText":"tag-duplicate","selector":{"controlType":"sap.m.Input","viewName":"etm.portal.ui.managerequests.view.NewRequest","bindingPath":{"path":"","propertyPath":"/Tags","modelName":"catalogModel"},"ancestor":{"controlType":"sap.m.ColumnListItem","viewName":"etm.portal.ui.managerequests.view.NewRequest","bindingPath":{"modelName":"newRequestItems","path":"/RequestItems/1"},"ancestor":{"id":"requestItemsTable","viewName":"etm.portal.ui.managerequests.view.NewRequest"}},"interaction":{"idSuffix":"inner"}},"clearTextFirst":true,"interactionType":"ENTER_TEXT"}]}
RESULT: {}
COMMAND: POST /session/801e128c03398a69ab1c232e24d6d46c/actions - {"actions":[{"id":"action19","type":"key","parameters":{},"actions":[{"type":"keyDown","value":""},{"type":"pause","duration":10},{"type":"keyUp","value":""}]}]}
RESULT: {"actions":[{"id":"action19","type":"key","parameters":{},"actions":[{"type":"keyDown","value":""},{"type":"pause","duration":10},{"type":"keyUp","value":""}]}]}
COMMAND: GET /session/801e128c03398a69ab1c232e24d6d46c/screenshot - {}
RESULT: {}
COMMAND: POST /session/801e128c03398a69ab1c232e24d6d46c/execute/async - {"script":"<script> [1562 bytes]","args":[{"selector":{"controlType":"sap.ui.core.Icon","viewName":"etm.portal.ui.managerequests.view.NewRequest","properties":{"src":{"regex":{"source":"slim\\-arrow\\-down"}}},"ancestor":{"controlType":"sap.m.Button","viewName":"etm.portal.ui.managerequests.view.NewRequest","properties":{"icon":"sap-icon://slim-arrow-down"}}},"wdio_ui5_key":"etmportal.ui.managerequests.view.NewRequestsap.ui.core.Icon{\"src\":{\"regex\":{\"source\":\"slim\\\\-arrow\\\\-down\"}}}{\"controlType\":\"sap.m.Button\",\"viewName\":\"etm.portal.ui.managerequests.view.NewRequest\",\"properties\":{\"icon\":\"sap-icon://slim-arrow-down\"}}"}]}
RESULT: {"script":"<script> [1562 bytes]","args":[{"selector":{"controlType":"sap.ui.core.Icon","viewName":"etm.portal.ui.managerequests.view.NewRequest","properties":{"src":{"regex":{"source":"slim\\-arrow\\-down"}}},"ancestor":{"controlType":"sap.m.Button","viewName":"etm.portal.ui.managerequests.view.NewRequest","properties":{"icon":"sap-icon://slim-arrow-down"}}},"wdio_ui5_key":"etmportal.ui.managerequests.view.NewRequestsap.ui.core.Icon{\"src\":{\"regex\":{\"source\":\"slim\\\\-arrow\\\\-down\"}}}{\"controlType\":\"sap.m.Button\",\"viewName\":\"etm.portal.ui.managerequests.view.NewRequest\",\"properties\":{\"icon\":\"sap-icon://slim-arrow-down\"}}"}]}
RESULT: undefined
COMMAND: POST /session/801e128c03398a69ab1c232e24d6d46c/element - {"using":"xpath","value":"//*[@id=\"__title25-expandBtn-img\"]"}
RESULT: {"using":"xpath","value":"//*[@id=\"__title25-expandBtn-img\"]"}
COMMAND: POST /session/801e128c03398a69ab1c232e24d6d46c/element/f.1FA3EEE566D6D7C9BB4DC331EA0F15D0.d.65AC57EA5EF214BE37BFF2C307957DEF.e.2979/click - {}
RESULT: {}
COMMAND: GET /session/801e128c03398a69ab1c232e24d6d46c/screenshot - {}
RESULT: {}
COMMAND: POST /session/801e128c03398a69ab1c232e24d6d46c/element - {"using":"xpath","value":"//div[contains(@data-kt ,\"splitAllocationObjectStatus\")]"}
RESULT: {"using":"xpath","value":"//div[contains(@data-kt ,\"splitAllocationObjectStatus\")]"}
COMMAND: POST /session/801e128c03398a69ab1c232e24d6d46c/elements - {"using":"xpath","value":"//div[contains(@data-kt ,\"splitAllocationObjectStatus\")]"}
RESULT: {"using":"xpath","value":"//div[contains(@data-kt ,\"splitAllocationObjectStatus\")]"}
COMMAND: POST /session/801e128c03398a69ab1c232e24d6d46c/execute/async - {"script":"<script> [1562 bytes]","args":[{"selector":{"controlType":"sap.ui.core.Icon","viewName":"etm.portal.ui.managerequests.view.NewRequest","properties":{"src":{"regex":{"source":"message\\-error"}}},"ancestor":{"controlType":"sap.m.ColumnListItem","viewName":"etm.portal.ui.managerequests.view.NewRequest","bindingPath":{"modelName":"newRequestItems","path":"/RequestItems/0"},"ancestor":{"id":"requestItemsTable","viewName":"etm.portal.ui.managerequests.view.NewRequest"}}},"wdio_ui5_key":"etmportal.ui.managerequests.view.NewRequestsap.ui.core.Icon{\"src\":{\"regex\":{\"source\":\"message\\\\-error\"}}}{\"controlType\":\"sap.m.ColumnListItem\",\"viewName\":\"etm.portal.ui.managerequests.view.NewRequest\",\"bindingPath\":{\"modelName\":\"newRequestItems\",\"path\":\"/RequestItems/0\"},\"ancestor\":{\"id\":\"requestItemsTable\",\"viewName\":\"etm.portal.ui.managerequests.view.NewRequest\"}}"}]}
RESULT: {"script":"<script> [1562 bytes]","args":[{"selector":{"controlType":"sap.ui.core.Icon","viewName":"etm.portal.ui.managerequests.view.NewRequest","properties":{"src":{"regex":{"source":"message\\-error"}}},"ancestor":{"controlType":"sap.m.ColumnListItem","viewName":"etm.portal.ui.managerequests.view.NewRequest","bindingPath":{"modelName":"newRequestItems","path":"/RequestItems/0"},"ancestor":{"id":"requestItemsTable","viewName":"etm.portal.ui.managerequests.view.NewRequest"}}},"wdio_ui5_key":"etmportal.ui.managerequests.view.NewRequestsap.ui.core.Icon{\"src\":{\"regex\":{\"source\":\"message\\\\-error\"}}}{\"controlType\":\"sap.m.ColumnListItem\",\"viewName\":\"etm.portal.ui.managerequests.view.NewRequest\",\"bindingPath\":{\"modelName\":\"newRequestItems\",\"path\":\"/RequestItems/0\"},\"ancestor\":{\"id\":\"requestItemsTable\",\"viewName\":\"etm.portal.ui.managerequests.view.NewRequest\"}}"}]}
RESULT: undefined
COMMAND: POST /session/801e128c03398a69ab1c232e24d6d46c/element - {"using":"xpath","value":"//*[@id=\"__status6-__xmlview59--requestItemsTable-0-icon\"]"}
RESULT: {"using":"xpath","value":"//*[@id=\"__status6-__xmlview59--requestItemsTable-0-icon\"]"}
COMMAND: POST /session/801e128c03398a69ab1c232e24d6d46c/element/f.1FA3EEE566D6D7C9BB4DC331EA0F15D0.d.65AC57EA5EF214BE37BFF2C307957DEF.e.2960/click - {}
RESULT: {}
COMMAND: GET /session/801e128c03398a69ab1c232e24d6d46c/screenshot - {}
RESULT: {}
COMMAND: POST /session/801e128c03398a69ab1c232e24d6d46c/execute/async - {"script":"<script> [1562 bytes]","args":[{"selector":{"id":"costObjectAdminTypeComboBox","viewName":"etm.portal.ui.managerequests.view.NewRequest","searchOpenDialogs":true,"interaction":{"idSuffix":"inner"}},"wdio_ui5_key":"costObjectAdminTypeComboBoxetmportal.ui.managerequests.view.NewRequest"}]}
RESULT: {"script":"<script> [1562 bytes]","args":[{"selector":{"id":"costObjectAdminTypeComboBox","viewName":"etm.portal.ui.managerequests.view.NewRequest","searchOpenDialogs":true,"interaction":{"idSuffix":"inner"}},"wdio_ui5_key":"costObjectAdminTypeComboBoxetmportal.ui.managerequests.view.NewRequest"}]}
RESULT: undefined
COMMAND: POST /session/801e128c03398a69ab1c232e24d6d46c/execute/async - {"script":"<script> [776 bytes]","args":[{"enterText":"Cost Center","selector":{"id":"costObjectAdminTypeComboBox","viewName":"etm.portal.ui.managerequests.view.NewRequest","searchOpenDialogs":true,"interaction":{"idSuffix":"inner"}},"clearTextFirst":true,"interactionType":"ENTER_TEXT"}]}
RESULT: {"script":"<script> [776 bytes]","args":[{"enterText":"Cost Center","selector":{"id":"costObjectAdminTypeComboBox","viewName":"etm.portal.ui.managerequests.view.NewRequest","searchOpenDialogs":true,"interaction":{"idSuffix":"inner"}},"clearTextFirst":true,"interactionType":"ENTER_TEXT"}]}
COMMAND: POST /session/801e128c03398a69ab1c232e24d6d46c/actions - {"actions":[{"id":"action20","type":"key","parameters":{},"actions":[{"type":"keyDown","value":""},{"type":"pause","duration":10},{"type":"keyUp","value":""}]}]}
RESULT: {"actions":[{"id":"action20","type":"key","parameters":{},"actions":[{"type":"keyDown","value":""},{"type":"pause","duration":10},{"type":"keyUp","value":""}]}]}
COMMAND: GET /session/801e128c03398a69ab1c232e24d6d46c/screenshot - {}
RESULT: {}
COMMAND: POST /session/801e128c03398a69ab1c232e24d6d46c/execute/async - {"script":"<script> [1562 bytes]","args":[{"selector":{"id":"costObjectIdComboBox","viewName":"etm.portal.ui.managerequests.view.NewRequest","searchOpenDialogs":true,"interaction":{"idSuffix":"inner"}},"wdio_ui5_key":"costObjectIdComboBoxetmportal.ui.managerequests.view.NewRequest"}]}
RESULT: {"script":"<script> [1562 bytes]","args":[{"selector":{"id":"costObjectIdComboBox","viewName":"etm.portal.ui.managerequests.view.NewRequest","searchOpenDialogs":true,"interaction":{"idSuffix":"inner"}},"wdio_ui5_key":"costObjectIdComboBoxetmportal.ui.managerequests.view.NewRequest"}]}
RESULT: undefined
COMMAND: POST /session/801e128c03398a69ab1c232e24d6d46c/execute/async - {"script":"<script> [776 bytes]","args":[{"enterText":"1001 - 1001","selector":{"id":"costObjectIdComboBox","viewName":"etm.portal.ui.managerequests.view.NewRequest","searchOpenDialogs":true,"interaction":{"idSuffix":"inner"}},"clearTextFirst":true,"interactionType":"ENTER_TEXT"}]}
RESULT: {"script":"<script> [776 bytes]","args":[{"enterText":"1001 - 1001","selector":{"id":"costObjectIdComboBox","viewName":"etm.portal.ui.managerequests.view.NewRequest","searchOpenDialogs":true,"interaction":{"idSuffix":"inner"}},"clearTextFirst":true,"interactionType":"ENTER_TEXT"}]}
COMMAND: POST /session/801e128c03398a69ab1c232e24d6d46c/actions - {"actions":[{"id":"action21","type":"key","parameters":{},"actions":[{"type":"keyDown","value":""},{"type":"pause","duration":10},{"type":"keyUp","value":""}]}]}
RESULT: {"actions":[{"id":"action21","type":"key","parameters":{},"actions":[{"type":"keyDown","value":""},{"type":"pause","duration":10},{"type":"keyUp","value":""}]}]}
COMMAND: GET /session/801e128c03398a69ab1c232e24d6d46c/screenshot - {}
RESULT: {}
COMMAND: POST /session/801e128c03398a69ab1c232e24d6d46c/element - {"using":"xpath","value":"(//bdi[(text() = 'Save' or . = 'Save')])[1]"}
RESULT: {"using":"xpath","value":"(//bdi[(text() = 'Save' or . = 'Save')])[1]"}
COMMAND: POST /session/801e128c03398a69ab1c232e24d6d46c/element/f.1FA3EEE566D6D7C9BB4DC331EA0F15D0.d.65AC57EA5EF214BE37BFF2C307957DEF.e.2999/click - {}
RESULT: {}
COMMAND: POST /session/801e128c03398a69ab1c232e24d6d46c/execute/async - {"script":"<script> [1562 bytes]","args":[{"selector":{"controlType":"sap.ui.core.Icon","viewName":"etm.portal.ui.managerequests.view.NewRequest","properties":{"src":{"regex":{"source":"message\\-error"}}},"ancestor":{"controlType":"sap.m.ColumnListItem","viewName":"etm.portal.ui.managerequests.view.NewRequest","bindingPath":{"modelName":"newRequestItems","path":"/RequestItems/1"},"ancestor":{"id":"requestItemsTable","viewName":"etm.portal.ui.managerequests.view.NewRequest"}}},"wdio_ui5_key":"etmportal.ui.managerequests.view.NewRequestsap.ui.core.Icon{\"src\":{\"regex\":{\"source\":\"message\\\\-error\"}}}{\"controlType\":\"sap.m.ColumnListItem\",\"viewName\":\"etm.portal.ui.managerequests.view.NewRequest\",\"bindingPath\":{\"modelName\":\"newRequestItems\",\"path\":\"/RequestItems/1\"},\"ancestor\":{\"id\":\"requestItemsTable\",\"viewName\":\"etm.portal.ui.managerequests.view.NewRequest\"}}"}]}
COMMAND: GET /session/801e128c03398a69ab1c232e24d6d46c/screenshot - {}
RESULT: {"script":"<script> [1562 bytes]","args":[{"selector":{"controlType":"sap.ui.core.Icon","viewName":"etm.portal.ui.managerequests.view.NewRequest","properties":{"src":{"regex":{"source":"message\\-error"}}},"ancestor":{"controlType":"sap.m.ColumnListItem","viewName":"etm.portal.ui.managerequests.view.NewRequest","bindingPath":{"modelName":"newRequestItems","path":"/RequestItems/1"},"ancestor":{"id":"requestItemsTable","viewName":"etm.portal.ui.managerequests.view.NewRequest"}}},"wdio_ui5_key":"etmportal.ui.managerequests.view.NewRequestsap.ui.core.Icon{\"src\":{\"regex\":{\"source\":\"message\\\\-error\"}}}{\"controlType\":\"sap.m.ColumnListItem\",\"viewName\":\"etm.portal.ui.managerequests.view.NewRequest\",\"bindingPath\":{\"modelName\":\"newRequestItems\",\"path\":\"/RequestItems/1\"},\"ancestor\":{\"id\":\"requestItemsTable\",\"viewName\":\"etm.portal.ui.managerequests.view.NewRequest\"}}"}]}
RESULT: undefined
COMMAND: POST /session/801e128c03398a69ab1c232e24d6d46c/element - {"using":"xpath","value":"//*[@id=\"__status6-__xmlview59--requestItemsTable-1-icon\"]"}
RESULT: {}
RESULT: {"using":"xpath","value":"//*[@id=\"__status6-__xmlview59--requestItemsTable-1-icon\"]"}
COMMAND: POST /session/801e128c03398a69ab1c232e24d6d46c/element/f.1FA3EEE566D6D7C9BB4DC331EA0F15D0.d.65AC57EA5EF214BE37BFF2C307957DEF.e.2977/click - {}
RESULT: {}
COMMAND: GET /session/801e128c03398a69ab1c232e24d6d46c/screenshot - {}
RESULT: {}
RESULT: undefined
COMMAND: POST /session/801e128c03398a69ab1c232e24d6d46c/execute/async - {"script":"<script> [776 bytes]","args":[{"enterText":"Cost Center","selector":{"id":"costObjectAdminTypeComboBox","viewName":"etm.portal.ui.managerequests.view.NewRequest","searchOpenDialogs":true,"interaction":{"idSuffix":"inner"}},"clearTextFirst":true,"interactionType":"ENTER_TEXT"}]}
RESULT: {"script":"<script> [776 bytes]","args":[{"enterText":"Cost Center","selector":{"id":"costObjectAdminTypeComboBox","viewName":"etm.portal.ui.managerequests.view.NewRequest","searchOpenDialogs":true,"interaction":{"idSuffix":"inner"}},"clearTextFirst":true,"interactionType":"ENTER_TEXT"}]}
COMMAND: POST /session/801e128c03398a69ab1c232e24d6d46c/actions - {"actions":[{"id":"action22","type":"key","parameters":{},"actions":[{"type":"keyDown","value":""},{"type":"pause","duration":10},{"type":"keyUp","value":""}]}]}
RESULT: {"actions":[{"id":"action22","type":"key","parameters":{},"actions":[{"type":"keyDown","value":""},{"type":"pause","duration":10},{"type":"keyUp","value":""}]}]}
COMMAND: GET /session/801e128c03398a69ab1c232e24d6d46c/screenshot - {}
RESULT: {}
RESULT: undefined
COMMAND: POST /session/801e128c03398a69ab1c232e24d6d46c/execute/async - {"script":"<script> [776 bytes]","args":[{"enterText":"1001 - 1001","selector":{"id":"costObjectIdComboBox","viewName":"etm.portal.ui.managerequests.view.NewRequest","searchOpenDialogs":true,"interaction":{"idSuffix":"inner"}},"clearTextFirst":true,"interactionType":"ENTER_TEXT"}]}
RESULT: {"script":"<script> [776 bytes]","args":[{"enterText":"1001 - 1001","selector":{"id":"costObjectIdComboBox","viewName":"etm.portal.ui.managerequests.view.NewRequest","searchOpenDialogs":true,"interaction":{"idSuffix":"inner"}},"clearTextFirst":true,"interactionType":"ENTER_TEXT"}]}
COMMAND: POST /session/801e128c03398a69ab1c232e24d6d46c/actions - {"actions":[{"id":"action23","type":"key","parameters":{},"actions":[{"type":"keyDown","value":""},{"type":"pause","duration":10},{"type":"keyUp","value":""}]}]}
RESULT: {"actions":[{"id":"action23","type":"key","parameters":{},"actions":[{"type":"keyDown","value":""},{"type":"pause","duration":10},{"type":"keyUp","value":""}]}]}
COMMAND: GET /session/801e128c03398a69ab1c232e24d6d46c/screenshot - {}
RESULT: {}
COMMAND: POST /session/801e128c03398a69ab1c232e24d6d46c/element - {"using":"xpath","value":"(//bdi[(text() = 'Save' or . = 'Save')])[1]"}
RESULT: {"using":"xpath","value":"(//bdi[(text() = 'Save' or . = 'Save')])[1]"}
COMMAND: POST /session/801e128c03398a69ab1c232e24d6d46c/element/f.1FA3EEE566D6D7C9BB4DC331EA0F15D0.d.65AC57EA5EF214BE37BFF2C307957DEF.e.3013/click - {}
RESULT: {}
COMMAND: POST /session/801e128c03398a69ab1c232e24d6d46c/execute/async - {"script":"<script> [1562 bytes]","args":[{"selector":{"controlType":"sap.ui.core.Icon","viewName":"etm.portal.ui.managerequests.view.NewRequest","properties":{"src":{"regex":{"source":"decline"}}},"ancestor":{"controlType":"sap.m.Token","viewName":"etm.portal.ui.managerequests.view.NewRequest","bindingPath":{"path":"/RequestItems/0/TOKENS/0","propertyPath":"TAG","modelName":"newRequestItems"}}},"wdio_ui5_key":"etmportal.ui.managerequests.view.NewRequestsap.ui.core.Icon{\"src\":{\"regex\":{\"source\":\"decline\"}}}{\"controlType\":\"sap.m.Token\",\"viewName\":\"etm.portal.ui.managerequests.view.NewRequest\",\"bindingPath\":{\"path\":\"/RequestItems/0/TOKENS/0\",\"propertyPath\":\"TAG\",\"modelName\":\"newRequestItems\"}}"}]}
COMMAND: GET /session/801e128c03398a69ab1c232e24d6d46c/screenshot - {}
RESULT: {"script":"<script> [1562 bytes]","args":[{"selector":{"controlType":"sap.ui.core.Icon","viewName":"etm.portal.ui.managerequests.view.NewRequest","properties":{"src":{"regex":{"source":"decline"}}},"ancestor":{"controlType":"sap.m.Token","viewName":"etm.portal.ui.managerequests.view.NewRequest","bindingPath":{"path":"/RequestItems/0/TOKENS/0","propertyPath":"TAG","modelName":"newRequestItems"}}},"wdio_ui5_key":"etmportal.ui.managerequests.view.NewRequestsap.ui.core.Icon{\"src\":{\"regex\":{\"source\":\"decline\"}}}{\"controlType\":\"sap.m.Token\",\"viewName\":\"etm.portal.ui.managerequests.view.NewRequest\",\"bindingPath\":{\"path\":\"/RequestItems/0/TOKENS/0\",\"propertyPath\":\"TAG\",\"modelName\":\"newRequestItems\"}}"}]}
RESULT: undefined
COMMAND: POST /session/801e128c03398a69ab1c232e24d6d46c/element - {"using":"xpath","value":"//*[@id=\"__token7-__tokenizer62-__xmlview59--requestItemsTable-0-0-icon\"]"}
RESULT: {}
RESULT: {"using":"xpath","value":"//*[@id=\"__token7-__tokenizer62-__xmlview59--requestItemsTable-0-0-icon\"]"}
COMMAND: POST /session/801e128c03398a69ab1c232e24d6d46c/element/f.1FA3EEE566D6D7C9BB4DC331EA0F15D0.d.65AC57EA5EF214BE37BFF2C307957DEF.e.3015/click - {}
RESULT: {}
COMMAND: GET /session/801e128c03398a69ab1c232e24d6d46c/screenshot - {}
RESULT: {}
COMMAND: POST /session/801e128c03398a69ab1c232e24d6d46c/actions - {"actions":[{"id":"action24","type":"key","parameters":{},"actions":[{"type":"keyDown","value":""},{"type":"pause","duration":10},{"type":"keyUp","value":""}]}]}
RESULT: {"actions":[{"id":"action24","type":"key","parameters":{},"actions":[{"type":"keyDown","value":""},{"type":"pause","duration":10},{"type":"keyUp","value":""}]}]}
COMMAND: GET /session/801e128c03398a69ab1c232e24d6d46c/screenshot - {}
RESULT: {}
COMMAND: POST /session/801e128c03398a69ab1c232e24d6d46c/execute/async - {"script":"<script> [1562 bytes]","args":[{"selector":{"controlType":"sap.m.Tokenizer","viewName":"etm.portal.ui.managerequests.view.NewRequest","bindingPath":{"path":"/RequestItems/0","propertyPath":"TOKENS","modelName":"newRequestItems"}},"wdio_ui5_key":"etmportal.ui.managerequests.view.NewRequestsap.m.Tokenizer{\"path\":\"/RequestItems/0\",\"propertyPath\":\"TOKENS\",\"modelName\":\"newRequestItems\"}"}]}
RESULT: {"script":"<script> [1562 bytes]","args":[{"selector":{"controlType":"sap.m.Tokenizer","viewName":"etm.portal.ui.managerequests.view.NewRequest","bindingPath":{"path":"/RequestItems/0","propertyPath":"TOKENS","modelName":"newRequestItems"}},"wdio_ui5_key":"etmportal.ui.managerequests.view.NewRequestsap.m.Tokenizer{\"path\":\"/RequestItems/0\",\"propertyPath\":\"TOKENS\",\"modelName\":\"newRequestItems\"}"}]}
RESULT: undefined
COMMAND: POST /session/801e128c03398a69ab1c232e24d6d46c/execute/async - {"script":"<script> [6424 bytes]","args":[{"element-6066-11e4-a52e-4f735466cecf":"f.1FA3EEE566D6D7C9BB4DC331EA0F15D0.d.65AC57EA5EF214BE37BFF2C307957DEF.e.3021"},"getTokens",[]]}
RESULT: {"script":"<script> [6424 bytes]","args":[{"element-6066-11e4-a52e-4f735466cecf":"f.1FA3EEE566D6D7C9BB4DC331EA0F15D0.d.65AC57EA5EF214BE37BFF2C307957DEF.e.3021"},"getTokens",[]]}
COMMAND: POST /session/801e128c03398a69ab1c232e24d6d46c/execute/async - {"script":"<script> [1562 bytes]","args":[{"wdio_ui5_key":"__token7-__tokenizer62-__xmlview59--requestItemsTable-0-0","selector":{"id":"__token7-__tokenizer62-__xmlview59--requestItemsTable-0-0"}}]}
RESULT: {"script":"<script> [1562 bytes]","args":[{"wdio_ui5_key":"__token7-__tokenizer62-__xmlview59--requestItemsTable-0-0","selector":{"id":"__token7-__tokenizer62-__xmlview59--requestItemsTable-0-0"}}]}
RESULT: undefined
RESULT: undefined
COMMAND: POST /session/801e128c03398a69ab1c232e24d6d46c/execute/async - {"script":"<script> [776 bytes]","args":[{"enterText":"tagRequest1","selector":{"controlType":"sap.m.Input","viewName":"etm.portal.ui.managerequests.view.NewRequest","bindingPath":{"path":"","propertyPath":"/Tags","modelName":"catalogModel"},"ancestor":{"controlType":"sap.m.ColumnListItem","viewName":"etm.portal.ui.managerequests.view.NewRequest","bindingPath":{"modelName":"newRequestItems","path":"/RequestItems/0"},"ancestor":{"id":"requestItemsTable","viewName":"etm.portal.ui.managerequests.view.NewRequest"}},"interaction":{"idSuffix":"inner"}},"clearTextFirst":true,"interactionType":"ENTER_TEXT"}]}
RESULT: {"script":"<script> [776 bytes]","args":[{"enterText":"tagRequest1","selector":{"controlType":"sap.m.Input","viewName":"etm.portal.ui.managerequests.view.NewRequest","bindingPath":{"path":"","propertyPath":"/Tags","modelName":"catalogModel"},"ancestor":{"controlType":"sap.m.ColumnListItem","viewName":"etm.portal.ui.managerequests.view.NewRequest","bindingPath":{"modelName":"newRequestItems","path":"/RequestItems/0"},"ancestor":{"id":"requestItemsTable","viewName":"etm.portal.ui.managerequests.view.NewRequest"}},"interaction":{"idSuffix":"inner"}},"clearTextFirst":true,"interactionType":"ENTER_TEXT"}]}
COMMAND: POST /session/801e128c03398a69ab1c232e24d6d46c/actions - {"actions":[{"id":"action25","type":"key","parameters":{},"actions":[{"type":"keyDown","value":""},{"type":"pause","duration":10},{"type":"keyUp","value":""}]}]}
RESULT: {"actions":[{"id":"action25","type":"key","parameters":{},"actions":[{"type":"keyDown","value":""},{"type":"pause","duration":10},{"type":"keyUp","value":""}]}]}
COMMAND: GET /session/801e128c03398a69ab1c232e24d6d46c/screenshot - {}
RESULT: {}
RESULT: undefined
COMMAND: POST /session/801e128c03398a69ab1c232e24d6d46c/execute/async - {"script":"<script> [6424 bytes]","args":[{"element-6066-11e4-a52e-4f735466cecf":"f.1FA3EEE566D6D7C9BB4DC331EA0F15D0.d.65AC57EA5EF214BE37BFF2C307957DEF.e.3021"},"getTokens",[]]}
RESULT: {"script":"<script> [6424 bytes]","args":[{"element-6066-11e4-a52e-4f735466cecf":"f.1FA3EEE566D6D7C9BB4DC331EA0F15D0.d.65AC57EA5EF214BE37BFF2C307957DEF.e.3021"},"getTokens",[]]}
COMMAND: POST /session/801e128c03398a69ab1c232e24d6d46c/execute/async - {"script":"<script> [1562 bytes]","args":[{"wdio_ui5_key":"__token7-__tokenizer62-__xmlview59--requestItemsTable-0-1","selector":{"id":"__token7-__tokenizer62-__xmlview59--requestItemsTable-0-1"}}]}
RESULT: undefined
RESULT: {"script":"<script> [1562 bytes]","args":[{"wdio_ui5_key":"__token7-__tokenizer62-__xmlview59--requestItemsTable-0-1","selector":{"id":"__token7-__tokenizer62-__xmlview59--requestItemsTable-0-1"}}]}
RESULT: undefined
COMMAND: POST /session/801e128c03398a69ab1c232e24d6d46c/execute/async - {"script":"<script> [1562 bytes]","args":[{"selector":{"controlType":"sap.ui.core.Icon","viewName":"etm.portal.ui.managerequests.view.NewRequest","properties":{"src":{"regex":{"source":"decline"}}},"ancestor":{"controlType":"sap.m.Token","viewName":"etm.portal.ui.managerequests.view.NewRequest","bindingPath":{"path":"/RequestItems/1/TOKENS/0","propertyPath":"TAG","modelName":"newRequestItems"}}},"wdio_ui5_key":"etmportal.ui.managerequests.view.NewRequestsap.ui.core.Icon{\"src\":{\"regex\":{\"source\":\"decline\"}}}{\"controlType\":\"sap.m.Token\",\"viewName\":\"etm.portal.ui.managerequests.view.NewRequest\",\"bindingPath\":{\"path\":\"/RequestItems/1/TOKENS/0\",\"propertyPath\":\"TAG\",\"modelName\":\"newRequestItems\"}}"}]}
RESULT: {"script":"<script> [1562 bytes]","args":[{"selector":{"controlType":"sap.ui.core.Icon","viewName":"etm.portal.ui.managerequests.view.NewRequest","properties":{"src":{"regex":{"source":"decline"}}},"ancestor":{"controlType":"sap.m.Token","viewName":"etm.portal.ui.managerequests.view.NewRequest","bindingPath":{"path":"/RequestItems/1/TOKENS/0","propertyPath":"TAG","modelName":"newRequestItems"}}},"wdio_ui5_key":"etmportal.ui.managerequests.view.NewRequestsap.ui.core.Icon{\"src\":{\"regex\":{\"source\":\"decline\"}}}{\"controlType\":\"sap.m.Token\",\"viewName\":\"etm.portal.ui.managerequests.view.NewRequest\",\"bindingPath\":{\"path\":\"/RequestItems/1/TOKENS/0\",\"propertyPath\":\"TAG\",\"modelName\":\"newRequestItems\"}}"}]}
RESULT: undefined
COMMAND: POST /session/801e128c03398a69ab1c232e24d6d46c/element - {"using":"xpath","value":"//*[@id=\"__token7-__tokenizer62-__xmlview59--requestItemsTable-1-0-icon\"]"}
RESULT: {"using":"xpath","value":"//*[@id=\"__token7-__tokenizer62-__xmlview59--requestItemsTable-1-0-icon\"]"}
COMMAND: POST /session/801e128c03398a69ab1c232e24d6d46c/element/f.1FA3EEE566D6D7C9BB4DC331EA0F15D0.d.65AC57EA5EF214BE37BFF2C307957DEF.e.3023/click - {}
RESULT: {}
COMMAND: GET /session/801e128c03398a69ab1c232e24d6d46c/screenshot - {}
RESULT: {}
COMMAND: POST /session/801e128c03398a69ab1c232e24d6d46c/actions - {"actions":[{"id":"action26","type":"key","parameters":{},"actions":[{"type":"keyDown","value":""},{"type":"pause","duration":10},{"type":"keyUp","value":""}]}]}
RESULT: {"actions":[{"id":"action26","type":"key","parameters":{},"actions":[{"type":"keyDown","value":""},{"type":"pause","duration":10},{"type":"keyUp","value":""}]}]}
COMMAND: GET /session/801e128c03398a69ab1c232e24d6d46c/screenshot - {}
RESULT: {}
COMMAND: POST /session/801e128c03398a69ab1c232e24d6d46c/execute/async - {"script":"<script> [1562 bytes]","args":[{"selector":{"controlType":"sap.m.Tokenizer","viewName":"etm.portal.ui.managerequests.view.NewRequest","bindingPath":{"path":"/RequestItems/1","propertyPath":"TOKENS","modelName":"newRequestItems"}},"wdio_ui5_key":"etmportal.ui.managerequests.view.NewRequestsap.m.Tokenizer{\"path\":\"/RequestItems/1\",\"propertyPath\":\"TOKENS\",\"modelName\":\"newRequestItems\"}"}]}
RESULT: {"script":"<script> [1562 bytes]","args":[{"selector":{"controlType":"sap.m.Tokenizer","viewName":"etm.portal.ui.managerequests.view.NewRequest","bindingPath":{"path":"/RequestItems/1","propertyPath":"TOKENS","modelName":"newRequestItems"}},"wdio_ui5_key":"etmportal.ui.managerequests.view.NewRequestsap.m.Tokenizer{\"path\":\"/RequestItems/1\",\"propertyPath\":\"TOKENS\",\"modelName\":\"newRequestItems\"}"}]}
RESULT: undefined
COMMAND: POST /session/801e128c03398a69ab1c232e24d6d46c/execute/async - {"script":"<script> [6424 bytes]","args":[{"element-6066-11e4-a52e-4f735466cecf":"f.1FA3EEE566D6D7C9BB4DC331EA0F15D0.d.65AC57EA5EF214BE37BFF2C307957DEF.e.3029"},"getTokens",[]]}
RESULT: {"script":"<script> [6424 bytes]","args":[{"element-6066-11e4-a52e-4f735466cecf":"f.1FA3EEE566D6D7C9BB4DC331EA0F15D0.d.65AC57EA5EF214BE37BFF2C307957DEF.e.3029"},"getTokens",[]]}
COMMAND: POST /session/801e128c03398a69ab1c232e24d6d46c/execute/async - {"script":"<script> [1562 bytes]","args":[{"wdio_ui5_key":"__token7-__tokenizer62-__xmlview59--requestItemsTable-1-0","selector":{"id":"__token7-__tokenizer62-__xmlview59--requestItemsTable-1-0"}}]}
RESULT: {"script":"<script> [1562 bytes]","args":[{"wdio_ui5_key":"__token7-__tokenizer62-__xmlview59--requestItemsTable-1-0","selector":{"id":"__token7-__tokenizer62-__xmlview59--requestItemsTable-1-0"}}]}
RESULT: undefined
RESULT: undefined
COMMAND: POST /session/801e128c03398a69ab1c232e24d6d46c/execute/async - {"script":"<script> [776 bytes]","args":[{"enterText":"tagRequest1","selector":{"controlType":"sap.m.Input","viewName":"etm.portal.ui.managerequests.view.NewRequest","bindingPath":{"path":"","propertyPath":"/Tags","modelName":"catalogModel"},"ancestor":{"controlType":"sap.m.ColumnListItem","viewName":"etm.portal.ui.managerequests.view.NewRequest","bindingPath":{"modelName":"newRequestItems","path":"/RequestItems/1"},"ancestor":{"id":"requestItemsTable","viewName":"etm.portal.ui.managerequests.view.NewRequest"}},"interaction":{"idSuffix":"inner"}},"clearTextFirst":true,"interactionType":"ENTER_TEXT"}]}
RESULT: {"script":"<script> [776 bytes]","args":[{"enterText":"tagRequest1","selector":{"controlType":"sap.m.Input","viewName":"etm.portal.ui.managerequests.view.NewRequest","bindingPath":{"path":"","propertyPath":"/Tags","modelName":"catalogModel"},"ancestor":{"controlType":"sap.m.ColumnListItem","viewName":"etm.portal.ui.managerequests.view.NewRequest","bindingPath":{"modelName":"newRequestItems","path":"/RequestItems/1"},"ancestor":{"id":"requestItemsTable","viewName":"etm.portal.ui.managerequests.view.NewRequest"}},"interaction":{"idSuffix":"inner"}},"clearTextFirst":true,"interactionType":"ENTER_TEXT"}]}
COMMAND: POST /session/801e128c03398a69ab1c232e24d6d46c/actions - {"actions":[{"id":"action27","type":"key","parameters":{},"actions":[{"type":"keyDown","value":""},{"type":"pause","duration":10},{"type":"keyUp","value":""}]}]}
RESULT: {"actions":[{"id":"action27","type":"key","parameters":{},"actions":[{"type":"keyDown","value":""},{"type":"pause","duration":10},{"type":"keyUp","value":""}]}]}
COMMAND: GET /session/801e128c03398a69ab1c232e24d6d46c/screenshot - {}
RESULT: {}
RESULT: undefined
COMMAND: POST /session/801e128c03398a69ab1c232e24d6d46c/execute/async - {"script":"<script> [6424 bytes]","args":[{"element-6066-11e4-a52e-4f735466cecf":"f.1FA3EEE566D6D7C9BB4DC331EA0F15D0.d.65AC57EA5EF214BE37BFF2C307957DEF.e.3029"},"getTokens",[]]}
RESULT: {"script":"<script> [6424 bytes]","args":[{"element-6066-11e4-a52e-4f735466cecf":"f.1FA3EEE566D6D7C9BB4DC331EA0F15D0.d.65AC57EA5EF214BE37BFF2C307957DEF.e.3029"},"getTokens",[]]}
COMMAND: POST /session/801e128c03398a69ab1c232e24d6d46c/execute/async - {"script":"<script> [1562 bytes]","args":[{"wdio_ui5_key":"__token7-__tokenizer62-__xmlview59--requestItemsTable-1-1","selector":{"id":"__token7-__tokenizer62-__xmlview59--requestItemsTable-1-1"}}]}
RESULT: undefined
RESULT: {"script":"<script> [1562 bytes]","args":[{"wdio_ui5_key":"__token7-__tokenizer62-__xmlview59--requestItemsTable-1-1","selector":{"id":"__token7-__tokenizer62-__xmlview59--requestItemsTable-1-1"}}]}
RESULT: undefined
COMMAND: POST /session/801e128c03398a69ab1c232e24d6d46c/execute/async - {"script":"<script> [1562 bytes]","args":[{"selector":{"controlType":"sap.m.Button","viewName":"etm.portal.ui.managerequests.view.NewRequest","properties":{"text":"Save"},"i18NText":{"propertyName":"tooltip","key":"save"},"interaction":{"idSuffix":"BDI-content"}},"wdio_ui5_key":"etmportal.ui.managerequests.view.NewRequestsap.m.Button{\"propertyName\":\"tooltip\",\"key\":\"save\"}{\"text\":\"Save\"}"}]}
RESULT: {"script":"<script> [1562 bytes]","args":[{"selector":{"controlType":"sap.m.Button","viewName":"etm.portal.ui.managerequests.view.NewRequest","properties":{"text":"Save"},"i18NText":{"propertyName":"tooltip","key":"save"},"interaction":{"idSuffix":"BDI-content"}},"wdio_ui5_key":"etmportal.ui.managerequests.view.NewRequestsap.m.Button{\"propertyName\":\"tooltip\",\"key\":\"save\"}{\"text\":\"Save\"}"}]}
RESULT: undefined
COMMAND: POST /session/801e128c03398a69ab1c232e24d6d46c/element - {"using":"xpath","value":"//*[@id=\"__button117\"]"}
RESULT: {"using":"xpath","value":"//*[@id=\"__button117\"]"}
COMMAND: POST /session/801e128c03398a69ab1c232e24d6d46c/element/f.1FA3EEE566D6D7C9BB4DC331EA0F15D0.d.65AC57EA5EF214BE37BFF2C307957DEF.e.2806/click - {}
RESULT: {}
COMMAND: GET /session/801e128c03398a69ab1c232e24d6d46c/screenshot - {}
RESULT: {}
COMMAND: POST /session/801e128c03398a69ab1c232e24d6d46c/element - {"using":"xpath","value":"//bdi[contains(@id ,\"BDI-content\")][contains(text(), \"Close\")]"}
RESULT: {"using":"xpath","value":"//bdi[contains(@id ,\"BDI-content\")][contains(text(), \"Close\")]"}
COMMAND: POST /session/801e128c03398a69ab1c232e24d6d46c/element/f.1FA3EEE566D6D7C9BB4DC331EA0F15D0.d.65AC57EA5EF214BE37BFF2C307957DEF.e.3037/click - {}
RESULT: {}
COMMAND: GET /session/801e128c03398a69ab1c232e24d6d46c/screenshot - {}
RESULT: {}
]]></system-out>
    </testcase>
    <testcase classname="chrome.136_0_7103_93.windows.Manage_Requests_Tags_Tests_US120163" name="Should Edit Request Tags" time="93.224">
      <system-out><![CDATA[
COMMAND: POST /session/801e128c03398a69ab1c232e24d6d46c/execute/async - {"script":"<script> [1562 bytes]","args":[{"selector":{"controlType":"sap.ui.core.Icon","viewName":"etm.portal.ui.managerequests.view.Detail","properties":{"src":{"regex":{"source":"overflow"}}}},"wdio_ui5_key":"etmportal.ui.managerequests.view.Detailsap.ui.core.Icon{\"src\":{\"regex\":{\"source\":\"overflow\"}}}"}]}
RESULT: {"script":"<script> [1562 bytes]","args":[{"selector":{"controlType":"sap.ui.core.Icon","viewName":"etm.portal.ui.managerequests.view.Detail","properties":{"src":{"regex":{"source":"overflow"}}}},"wdio_ui5_key":"etmportal.ui.managerequests.view.Detailsap.ui.core.Icon{\"src\":{\"regex\":{\"source\":\"overflow\"}}}"}]}
RESULT: undefined
COMMAND: POST /session/801e128c03398a69ab1c232e24d6d46c/element - {"using":"xpath","value":"//*[@id=\"__xmlview60--detailHeaderTitle-_actionsToolbar-overflowButton-img\"]"}
RESULT: {"using":"xpath","value":"//*[@id=\"__xmlview60--detailHeaderTitle-_actionsToolbar-overflowButton-img\"]"}
COMMAND: POST /session/801e128c03398a69ab1c232e24d6d46c/element/f.1FA3EEE566D6D7C9BB4DC331EA0F15D0.d.65AC57EA5EF214BE37BFF2C307957DEF.e.3160/click - {}
RESULT: {}
COMMAND: GET /session/801e128c03398a69ab1c232e24d6d46c/screenshot - {}
RESULT: {}
COMMAND: POST /session/801e128c03398a69ab1c232e24d6d46c/execute/async - {"script":"<script> [1562 bytes]","args":[{"selector":{"controlType":"sap.uxap.ObjectPageHeaderActionButton","viewName":"etm.portal.ui.managerequests.view.Detail","i18NText":{"propertyName":"text","key":"edit"},"searchOpenDialogs":true,"interaction":{"idSuffix":"inner"}},"wdio_ui5_key":"etmportal.ui.managerequests.view.Detailsap.uxap.ObjectPageHeaderActionButton{\"propertyName\":\"text\",\"key\":\"edit\"}"}]}
RESULT: {"script":"<script> [1562 bytes]","args":[{"selector":{"controlType":"sap.uxap.ObjectPageHeaderActionButton","viewName":"etm.portal.ui.managerequests.view.Detail","i18NText":{"propertyName":"text","key":"edit"},"searchOpenDialogs":true,"interaction":{"idSuffix":"inner"}},"wdio_ui5_key":"etmportal.ui.managerequests.view.Detailsap.uxap.ObjectPageHeaderActionButton{\"propertyName\":\"text\",\"key\":\"edit\"}"}]}
RESULT: undefined
COMMAND: POST /session/801e128c03398a69ab1c232e24d6d46c/element - {"using":"xpath","value":"//*[@id=\"__button138\"]"}
RESULT: {"using":"xpath","value":"//*[@id=\"__button138\"]"}
COMMAND: POST /session/801e128c03398a69ab1c232e24d6d46c/element/f.1FA3EEE566D6D7C9BB4DC331EA0F15D0.d.65AC57EA5EF214BE37BFF2C307957DEF.e.3164/click - {}
RESULT: {}
COMMAND: GET /session/801e128c03398a69ab1c232e24d6d46c/screenshot - {}
RESULT: {}
COMMAND: POST /session/801e128c03398a69ab1c232e24d6d46c/execute/async - {"script":"<script> [1562 bytes]","args":[{"selector":{"controlType":"sap.ui.core.Icon","viewName":"etm.portal.ui.managerequests.view.Edit","properties":{"src":{"regex":{"source":"decline"}}},"ancestor":{"controlType":"sap.m.Token","viewName":"etm.portal.ui.managerequests.view.Edit","bindingPath":{"propertyPath":"TAG","modelName":"catalogModel"},"properties":{"text":"RefTag"}}},"wdio_ui5_key":"etmportal.ui.managerequests.view.Editsap.ui.core.Icon{\"src\":{\"regex\":{\"source\":\"decline\"}}}{\"controlType\":\"sap.m.Token\",\"viewName\":\"etm.portal.ui.managerequests.view.Edit\",\"bindingPath\":{\"propertyPath\":\"TAG\",\"modelName\":\"catalogModel\"},\"properties\":{\"text\":\"RefTag\"}}"}]}
RESULT: {"script":"<script> [1562 bytes]","args":[{"selector":{"controlType":"sap.ui.core.Icon","viewName":"etm.portal.ui.managerequests.view.Edit","properties":{"src":{"regex":{"source":"decline"}}},"ancestor":{"controlType":"sap.m.Token","viewName":"etm.portal.ui.managerequests.view.Edit","bindingPath":{"propertyPath":"TAG","modelName":"catalogModel"},"properties":{"text":"RefTag"}}},"wdio_ui5_key":"etmportal.ui.managerequests.view.Editsap.ui.core.Icon{\"src\":{\"regex\":{\"source\":\"decline\"}}}{\"controlType\":\"sap.m.Token\",\"viewName\":\"etm.portal.ui.managerequests.view.Edit\",\"bindingPath\":{\"propertyPath\":\"TAG\",\"modelName\":\"catalogModel\"},\"properties\":{\"text\":\"RefTag\"}}"}]}
RESULT: undefined
COMMAND: POST /session/801e128c03398a69ab1c232e24d6d46c/element - {"using":"xpath","value":"//*[@id=\"__token13-__tokenizer64-0-icon\"]"}
RESULT: {"using":"xpath","value":"//*[@id=\"__token13-__tokenizer64-0-icon\"]"}
COMMAND: POST /session/801e128c03398a69ab1c232e24d6d46c/element/f.1FA3EEE566D6D7C9BB4DC331EA0F15D0.d.65AC57EA5EF214BE37BFF2C307957DEF.e.3272/click - {}
RESULT: {}
COMMAND: POST /session/801e128c03398a69ab1c232e24d6d46c/execute/async - {"script":"<script> [1562 bytes]","args":[{"selector":{"id":"tagMultiInputRequests","viewName":"etm.portal.ui.managerequests.view.Edit","interaction":{"idSuffix":"inner"}},"wdio_ui5_key":"tagMultiInputRequestsetmportal.ui.managerequests.view.Edit"}]}
COMMAND: GET /session/801e128c03398a69ab1c232e24d6d46c/screenshot - {}
RESULT: {"script":"<script> [1562 bytes]","args":[{"selector":{"id":"tagMultiInputRequests","viewName":"etm.portal.ui.managerequests.view.Edit","interaction":{"idSuffix":"inner"}},"wdio_ui5_key":"tagMultiInputRequestsetmportal.ui.managerequests.view.Edit"}]}
RESULT: undefined
COMMAND: POST /session/801e128c03398a69ab1c232e24d6d46c/execute/async - {"script":"<script> [6424 bytes]","args":[{"element-6066-11e4-a52e-4f735466cecf":"f.1FA3EEE566D6D7C9BB4DC331EA0F15D0.d.65AC57EA5EF214BE37BFF2C307957DEF.e.3198"},"getTokens",[]]}
RESULT: {}
RESULT: {"script":"<script> [6424 bytes]","args":[{"element-6066-11e4-a52e-4f735466cecf":"f.1FA3EEE566D6D7C9BB4DC331EA0F15D0.d.65AC57EA5EF214BE37BFF2C307957DEF.e.3198"},"getTokens",[]]}
COMMAND: POST /session/801e128c03398a69ab1c232e24d6d46c/execute/async - {"script":"<script> [1562 bytes]","args":[{"wdio_ui5_key":"__token13-__tokenizer64-1","selector":{"id":"__token13-__tokenizer64-1"}}]}
RESULT: {"script":"<script> [1562 bytes]","args":[{"wdio_ui5_key":"__token13-__tokenizer64-1","selector":{"id":"__token13-__tokenizer64-1"}}]}
RESULT: undefined
RESULT: undefined
COMMAND: POST /session/801e128c03398a69ab1c232e24d6d46c/execute/async - {"script":"<script> [776 bytes]","args":[{"enterText":"RefTag","selector":{"id":"tagMultiInputRequests","viewName":"etm.portal.ui.managerequests.view.Edit","interaction":{"idSuffix":"inner"}},"clearTextFirst":true,"interactionType":"ENTER_TEXT"}]}
RESULT: {"script":"<script> [776 bytes]","args":[{"enterText":"RefTag","selector":{"id":"tagMultiInputRequests","viewName":"etm.portal.ui.managerequests.view.Edit","interaction":{"idSuffix":"inner"}},"clearTextFirst":true,"interactionType":"ENTER_TEXT"}]}
COMMAND: POST /session/801e128c03398a69ab1c232e24d6d46c/actions - {"actions":[{"id":"action28","type":"key","parameters":{},"actions":[{"type":"keyDown","value":""},{"type":"pause","duration":10},{"type":"keyUp","value":""}]}]}
RESULT: {"actions":[{"id":"action28","type":"key","parameters":{},"actions":[{"type":"keyDown","value":""},{"type":"pause","duration":10},{"type":"keyUp","value":""}]}]}
COMMAND: GET /session/801e128c03398a69ab1c232e24d6d46c/screenshot - {}
RESULT: {}
RESULT: undefined
COMMAND: POST /session/801e128c03398a69ab1c232e24d6d46c/execute/async - {"script":"<script> [6424 bytes]","args":[{"element-6066-11e4-a52e-4f735466cecf":"f.1FA3EEE566D6D7C9BB4DC331EA0F15D0.d.65AC57EA5EF214BE37BFF2C307957DEF.e.3198"},"getTokens",[]]}
RESULT: {"script":"<script> [6424 bytes]","args":[{"element-6066-11e4-a52e-4f735466cecf":"f.1FA3EEE566D6D7C9BB4DC331EA0F15D0.d.65AC57EA5EF214BE37BFF2C307957DEF.e.3198"},"getTokens",[]]}
COMMAND: POST /session/801e128c03398a69ab1c232e24d6d46c/execute/async - {"script":"<script> [1562 bytes]","args":[{"wdio_ui5_key":"__token16","selector":{"id":"__token16"}}]}
RESULT: undefined
RESULT: {"script":"<script> [1562 bytes]","args":[{"wdio_ui5_key":"__token16","selector":{"id":"__token16"}}]}
RESULT: undefined
COMMAND: POST /session/801e128c03398a69ab1c232e24d6d46c/execute/async - {"script":"<script> [1562 bytes]","args":[{"selector":{"controlType":"sap.m.Button","viewName":"etm.portal.ui.managerequests.view.Edit","properties":{"text":"Items (2)"},"interaction":{"idSuffix":"BDI-content"}},"wdio_ui5_key":"etmportal.ui.managerequests.view.Editsap.m.Button{\"text\":\"Items (2)\"}"}]}
RESULT: {"script":"<script> [1562 bytes]","args":[{"selector":{"controlType":"sap.m.Button","viewName":"etm.portal.ui.managerequests.view.Edit","properties":{"text":"Items (2)"},"interaction":{"idSuffix":"BDI-content"}},"wdio_ui5_key":"etmportal.ui.managerequests.view.Editsap.m.Button{\"text\":\"Items (2)\"}"}]}
RESULT: undefined
COMMAND: POST /session/801e128c03398a69ab1c232e24d6d46c/element - {"using":"xpath","value":"//*[@id=\"__xmlview61--editRequestPage-anchBar-__xmlview61--requestItemsSection-anchor\"]"}
RESULT: {"using":"xpath","value":"//*[@id=\"__xmlview61--editRequestPage-anchBar-__xmlview61--requestItemsSection-anchor\"]"}
COMMAND: POST /session/801e128c03398a69ab1c232e24d6d46c/element/f.1FA3EEE566D6D7C9BB4DC331EA0F15D0.d.65AC57EA5EF214BE37BFF2C307957DEF.e.3277/click - {}
RESULT: {}
COMMAND: GET /session/801e128c03398a69ab1c232e24d6d46c/screenshot - {}
RESULT: {}
COMMAND: POST /session/801e128c03398a69ab1c232e24d6d46c/execute/async - {"script":"<script> [1562 bytes]","args":[{"selector":{"controlType":"sap.ui.core.Icon","viewName":"etm.portal.ui.managerequests.view.Edit","properties":{"src":{"regex":{"source":"inspect"}}}},"wdio_ui5_key":"etmportal.ui.managerequests.view.Editsap.ui.core.Icon{\"src\":{\"regex\":{\"source\":\"inspect\"}}}"}]}
RESULT: {"script":"<script> [1562 bytes]","args":[{"selector":{"controlType":"sap.ui.core.Icon","viewName":"etm.portal.ui.managerequests.view.Edit","properties":{"src":{"regex":{"source":"inspect"}}}},"wdio_ui5_key":"etmportal.ui.managerequests.view.Editsap.ui.core.Icon{\"src\":{\"regex\":{\"source\":\"inspect\"}}}"}]}
RESULT: undefined
COMMAND: POST /session/801e128c03398a69ab1c232e24d6d46c/element - {"using":"xpath","value":"//*[@id=\"__button165-img\"]"}
RESULT: {"using":"xpath","value":"//*[@id=\"__button165-img\"]"}
COMMAND: POST /session/801e128c03398a69ab1c232e24d6d46c/element/f.1FA3EEE566D6D7C9BB4DC331EA0F15D0.d.65AC57EA5EF214BE37BFF2C307957DEF.e.3283/click - {}
RESULT: {}
COMMAND: GET /session/801e128c03398a69ab1c232e24d6d46c/screenshot - {}
RESULT: {}
COMMAND: POST /session/801e128c03398a69ab1c232e24d6d46c/execute/async - {"script":"<script> [1562 bytes]","args":[{"selector":{"controlType":"sap.m.Tokenizer","viewName":"etm.portal.ui.managerequests.view.Edit","bindingPath":{"path":"/RequestItems/0","propertyPath":"LINK_TO_TAGS","modelName":"RequestItemsModel"}},"wdio_ui5_key":"etmportal.ui.managerequests.view.Editsap.m.Tokenizer{\"path\":\"/RequestItems/0\",\"propertyPath\":\"LINK_TO_TAGS\",\"modelName\":\"RequestItemsModel\"}"}]}
RESULT: {"script":"<script> [1562 bytes]","args":[{"selector":{"controlType":"sap.m.Tokenizer","viewName":"etm.portal.ui.managerequests.view.Edit","bindingPath":{"path":"/RequestItems/0","propertyPath":"LINK_TO_TAGS","modelName":"RequestItemsModel"}},"wdio_ui5_key":"etmportal.ui.managerequests.view.Editsap.m.Tokenizer{\"path\":\"/RequestItems/0\",\"propertyPath\":\"LINK_TO_TAGS\",\"modelName\":\"RequestItemsModel\"}"}]}
RESULT: undefined
COMMAND: POST /session/801e128c03398a69ab1c232e24d6d46c/element - {"using":"xpath","value":"//*[@id=\"__tokenizer66\"]"}
RESULT: {"using":"xpath","value":"//*[@id=\"__tokenizer66\"]"}
COMMAND: POST /session/801e128c03398a69ab1c232e24d6d46c/element/f.1FA3EEE566D6D7C9BB4DC331EA0F15D0.d.65AC57EA5EF214BE37BFF2C307957DEF.e.3286/click - {}
RESULT: {}
COMMAND: GET /session/801e128c03398a69ab1c232e24d6d46c/screenshot - {}
RESULT: {}
COMMAND: POST /session/801e128c03398a69ab1c232e24d6d46c/execute/async - {"script":"<script> [1562 bytes]","args":[{"selector":{"controlType":"sap.ui.core.Icon","viewName":"etm.portal.ui.managerequests.view.Edit","properties":{"src":{"regex":{"source":"decline"}}},"searchOpenDialogs":true,"ancestor":{"controlType":"sap.m.StandardListItem","viewName":"etm.portal.ui.managerequests.view.Edit","properties":{"title":"tag-duplicate"},"searchOpenDialogs":true}},"wdio_ui5_key":"etmportal.ui.managerequests.view.Editsap.ui.core.Icon{\"src\":{\"regex\":{\"source\":\"decline\"}}}{\"controlType\":\"sap.m.StandardListItem\",\"viewName\":\"etm.portal.ui.managerequests.view.Edit\",\"properties\":{\"title\":\"tag-duplicate\"},\"searchOpenDialogs\":true}"}]}
RESULT: {"script":"<script> [1562 bytes]","args":[{"selector":{"controlType":"sap.ui.core.Icon","viewName":"etm.portal.ui.managerequests.view.Edit","properties":{"src":{"regex":{"source":"decline"}}},"searchOpenDialogs":true,"ancestor":{"controlType":"sap.m.StandardListItem","viewName":"etm.portal.ui.managerequests.view.Edit","properties":{"title":"tag-duplicate"},"searchOpenDialogs":true}},"wdio_ui5_key":"etmportal.ui.managerequests.view.Editsap.ui.core.Icon{\"src\":{\"regex\":{\"source\":\"decline\"}}}{\"controlType\":\"sap.m.StandardListItem\",\"viewName\":\"etm.portal.ui.managerequests.view.Edit\",\"properties\":{\"title\":\"tag-duplicate\"},\"searchOpenDialogs\":true}"}]}
RESULT: undefined
COMMAND: POST /session/801e128c03398a69ab1c232e24d6d46c/element - {"using":"xpath","value":"//*[@id=\"__item1930-imgDel-img\"]"}
RESULT: {"using":"xpath","value":"//*[@id=\"__item1930-imgDel-img\"]"}
COMMAND: POST /session/801e128c03398a69ab1c232e24d6d46c/element/f.1FA3EEE566D6D7C9BB4DC331EA0F15D0.d.65AC57EA5EF214BE37BFF2C307957DEF.e.3289/click - {}
RESULT: {}
COMMAND: GET /session/801e128c03398a69ab1c232e24d6d46c/screenshot - {}
RESULT: {}
COMMAND: POST /session/801e128c03398a69ab1c232e24d6d46c/actions - {"actions":[{"id":"action29","type":"key","parameters":{},"actions":[{"type":"keyDown","value":""},{"type":"pause","duration":10},{"type":"keyUp","value":""}]}]}
RESULT: {"actions":[{"id":"action29","type":"key","parameters":{},"actions":[{"type":"keyDown","value":""},{"type":"pause","duration":10},{"type":"keyUp","value":""}]}]}
COMMAND: POST /session/801e128c03398a69ab1c232e24d6d46c/execute/async - {"script":"<script> [1562 bytes]","args":[{"selector":{"controlType":"sap.m.Tokenizer","viewName":"etm.portal.ui.managerequests.view.Edit","bindingPath":{"path":"/RequestItems/1","propertyPath":"LINK_TO_TAGS","modelName":"RequestItemsModel"}},"wdio_ui5_key":"etmportal.ui.managerequests.view.Editsap.m.Tokenizer{\"path\":\"/RequestItems/1\",\"propertyPath\":\"LINK_TO_TAGS\",\"modelName\":\"RequestItemsModel\"}"}]}
COMMAND: GET /session/801e128c03398a69ab1c232e24d6d46c/screenshot - {}
RESULT: {"script":"<script> [1562 bytes]","args":[{"selector":{"controlType":"sap.m.Tokenizer","viewName":"etm.portal.ui.managerequests.view.Edit","bindingPath":{"path":"/RequestItems/1","propertyPath":"LINK_TO_TAGS","modelName":"RequestItemsModel"}},"wdio_ui5_key":"etmportal.ui.managerequests.view.Editsap.m.Tokenizer{\"path\":\"/RequestItems/1\",\"propertyPath\":\"LINK_TO_TAGS\",\"modelName\":\"RequestItemsModel\"}"}]}
RESULT: undefined
COMMAND: POST /session/801e128c03398a69ab1c232e24d6d46c/element - {"using":"xpath","value":"//*[@id=\"__tokenizer67\"]"}
RESULT: {}
RESULT: {"using":"xpath","value":"//*[@id=\"__tokenizer67\"]"}
COMMAND: POST /session/801e128c03398a69ab1c232e24d6d46c/element/f.1FA3EEE566D6D7C9BB4DC331EA0F15D0.d.65AC57EA5EF214BE37BFF2C307957DEF.e.3292/click - {}
RESULT: {}
COMMAND: GET /session/801e128c03398a69ab1c232e24d6d46c/screenshot - {}
RESULT: {}
COMMAND: POST /session/801e128c03398a69ab1c232e24d6d46c/execute/async - {"script":"<script> [1562 bytes]","args":[{"selector":{"controlType":"sap.ui.core.Icon","viewName":"etm.portal.ui.managerequests.view.Edit","properties":{"src":{"regex":{"source":"decline"}}},"searchOpenDialogs":true,"ancestor":{"controlType":"sap.m.StandardListItem","viewName":"etm.portal.ui.managerequests.view.Edit","properties":{"title":"tagRequest1"},"searchOpenDialogs":true}},"wdio_ui5_key":"etmportal.ui.managerequests.view.Editsap.ui.core.Icon{\"src\":{\"regex\":{\"source\":\"decline\"}}}{\"controlType\":\"sap.m.StandardListItem\",\"viewName\":\"etm.portal.ui.managerequests.view.Edit\",\"properties\":{\"title\":\"tagRequest1\"},\"searchOpenDialogs\":true}"}]}
RESULT: {"script":"<script> [1562 bytes]","args":[{"selector":{"controlType":"sap.ui.core.Icon","viewName":"etm.portal.ui.managerequests.view.Edit","properties":{"src":{"regex":{"source":"decline"}}},"searchOpenDialogs":true,"ancestor":{"controlType":"sap.m.StandardListItem","viewName":"etm.portal.ui.managerequests.view.Edit","properties":{"title":"tagRequest1"},"searchOpenDialogs":true}},"wdio_ui5_key":"etmportal.ui.managerequests.view.Editsap.ui.core.Icon{\"src\":{\"regex\":{\"source\":\"decline\"}}}{\"controlType\":\"sap.m.StandardListItem\",\"viewName\":\"etm.portal.ui.managerequests.view.Edit\",\"properties\":{\"title\":\"tagRequest1\"},\"searchOpenDialogs\":true}"}]}
RESULT: undefined
COMMAND: POST /session/801e128c03398a69ab1c232e24d6d46c/element - {"using":"xpath","value":"//*[@id=\"__item1938-imgDel-img\"]"}
RESULT: {"using":"xpath","value":"//*[@id=\"__item1938-imgDel-img\"]"}
COMMAND: POST /session/801e128c03398a69ab1c232e24d6d46c/element/f.1FA3EEE566D6D7C9BB4DC331EA0F15D0.d.65AC57EA5EF214BE37BFF2C307957DEF.e.3295/click - {}
RESULT: {}
COMMAND: GET /session/801e128c03398a69ab1c232e24d6d46c/screenshot - {}
RESULT: {}
COMMAND: POST /session/801e128c03398a69ab1c232e24d6d46c/execute/async - {"script":"<script> [1562 bytes]","args":[{"selector":{"controlType":"sap.ui.core.Icon","viewName":"etm.portal.ui.managerequests.view.Edit","properties":{"src":{"regex":{"source":"decline"}}},"searchOpenDialogs":true,"ancestor":{"controlType":"sap.m.StandardListItem","viewName":"etm.portal.ui.managerequests.view.Edit","properties":{"title":"RefTag"},"searchOpenDialogs":true}},"wdio_ui5_key":"etmportal.ui.managerequests.view.Editsap.ui.core.Icon{\"src\":{\"regex\":{\"source\":\"decline\"}}}{\"controlType\":\"sap.m.StandardListItem\",\"viewName\":\"etm.portal.ui.managerequests.view.Edit\",\"properties\":{\"title\":\"RefTag\"},\"searchOpenDialogs\":true}"}]}
RESULT: {"script":"<script> [1562 bytes]","args":[{"selector":{"controlType":"sap.ui.core.Icon","viewName":"etm.portal.ui.managerequests.view.Edit","properties":{"src":{"regex":{"source":"decline"}}},"searchOpenDialogs":true,"ancestor":{"controlType":"sap.m.StandardListItem","viewName":"etm.portal.ui.managerequests.view.Edit","properties":{"title":"RefTag"},"searchOpenDialogs":true}},"wdio_ui5_key":"etmportal.ui.managerequests.view.Editsap.ui.core.Icon{\"src\":{\"regex\":{\"source\":\"decline\"}}}{\"controlType\":\"sap.m.StandardListItem\",\"viewName\":\"etm.portal.ui.managerequests.view.Edit\",\"properties\":{\"title\":\"RefTag\"},\"searchOpenDialogs\":true}"}]}
RESULT: undefined
COMMAND: POST /session/801e128c03398a69ab1c232e24d6d46c/element - {"using":"xpath","value":"//*[@id=\"__item1942-imgDel-img\"]"}
RESULT: {"using":"xpath","value":"//*[@id=\"__item1942-imgDel-img\"]"}
COMMAND: POST /session/801e128c03398a69ab1c232e24d6d46c/element/f.1FA3EEE566D6D7C9BB4DC331EA0F15D0.d.65AC57EA5EF214BE37BFF2C307957DEF.e.3298/click - {}
RESULT: {}
COMMAND: GET /session/801e128c03398a69ab1c232e24d6d46c/screenshot - {}
RESULT: {}
COMMAND: POST /session/801e128c03398a69ab1c232e24d6d46c/execute/async - {"script":"<script> [1562 bytes]","args":[{"selector":{"controlType":"sap.ui.core.Icon","viewName":"etm.portal.ui.managerequests.view.Edit","properties":{"src":{"regex":{"source":"decline"}}},"searchOpenDialogs":true,"ancestor":{"controlType":"sap.m.StandardListItem","viewName":"etm.portal.ui.managerequests.view.Edit","properties":{"title":"tag-header"},"searchOpenDialogs":true}},"wdio_ui5_key":"etmportal.ui.managerequests.view.Editsap.ui.core.Icon{\"src\":{\"regex\":{\"source\":\"decline\"}}}{\"controlType\":\"sap.m.StandardListItem\",\"viewName\":\"etm.portal.ui.managerequests.view.Edit\",\"properties\":{\"title\":\"tag-header\"},\"searchOpenDialogs\":true}"}]}
RESULT: {"script":"<script> [1562 bytes]","args":[{"selector":{"controlType":"sap.ui.core.Icon","viewName":"etm.portal.ui.managerequests.view.Edit","properties":{"src":{"regex":{"source":"decline"}}},"searchOpenDialogs":true,"ancestor":{"controlType":"sap.m.StandardListItem","viewName":"etm.portal.ui.managerequests.view.Edit","properties":{"title":"tag-header"},"searchOpenDialogs":true}},"wdio_ui5_key":"etmportal.ui.managerequests.view.Editsap.ui.core.Icon{\"src\":{\"regex\":{\"source\":\"decline\"}}}{\"controlType\":\"sap.m.StandardListItem\",\"viewName\":\"etm.portal.ui.managerequests.view.Edit\",\"properties\":{\"title\":\"tag-header\"},\"searchOpenDialogs\":true}"}]}
RESULT: undefined
COMMAND: POST /session/801e128c03398a69ab1c232e24d6d46c/element - {"using":"xpath","value":"//*[@id=\"__item1945-imgDel-img\"]"}
RESULT: {"using":"xpath","value":"//*[@id=\"__item1945-imgDel-img\"]"}
COMMAND: POST /session/801e128c03398a69ab1c232e24d6d46c/element/f.1FA3EEE566D6D7C9BB4DC331EA0F15D0.d.65AC57EA5EF214BE37BFF2C307957DEF.e.3301/click - {}
RESULT: {}
COMMAND: GET /session/801e128c03398a69ab1c232e24d6d46c/screenshot - {}
RESULT: {}
COMMAND: POST /session/801e128c03398a69ab1c232e24d6d46c/actions - {"actions":[{"id":"action30","type":"key","parameters":{},"actions":[{"type":"keyDown","value":""},{"type":"pause","duration":10},{"type":"keyUp","value":""}]}]}
RESULT: {"actions":[{"id":"action30","type":"key","parameters":{},"actions":[{"type":"keyDown","value":""},{"type":"pause","duration":10},{"type":"keyUp","value":""}]}]}
COMMAND: POST /session/801e128c03398a69ab1c232e24d6d46c/actions - {"actions":[{"id":"action31","type":"key","parameters":{},"actions":[{"type":"keyDown","value":""},{"type":"pause","duration":10},{"type":"keyUp","value":""}]}]}
COMMAND: GET /session/801e128c03398a69ab1c232e24d6d46c/screenshot - {}
RESULT: {"actions":[{"id":"action31","type":"key","parameters":{},"actions":[{"type":"keyDown","value":""},{"type":"pause","duration":10},{"type":"keyUp","value":""}]}]}
COMMAND: GET /session/801e128c03398a69ab1c232e24d6d46c/screenshot - {}
RESULT: {}
RESULT: {}
COMMAND: POST /session/801e128c03398a69ab1c232e24d6d46c/execute/async - {"script":"<script> [1562 bytes]","args":[{"selector":{"controlType":"sap.m.Button","viewName":"etm.portal.ui.managerequests.view.Edit","i18NText":{"propertyName":"tooltip","key":"save"},"interaction":{"idSuffix":"BDI-content"}},"wdio_ui5_key":"etmportal.ui.managerequests.view.Editsap.m.Button{\"propertyName\":\"tooltip\",\"key\":\"save\"}"}]}
RESULT: {"script":"<script> [1562 bytes]","args":[{"selector":{"controlType":"sap.m.Button","viewName":"etm.portal.ui.managerequests.view.Edit","i18NText":{"propertyName":"tooltip","key":"save"},"interaction":{"idSuffix":"BDI-content"}},"wdio_ui5_key":"etmportal.ui.managerequests.view.Editsap.m.Button{\"propertyName\":\"tooltip\",\"key\":\"save\"}"}]}
RESULT: undefined
COMMAND: POST /session/801e128c03398a69ab1c232e24d6d46c/element - {"using":"xpath","value":"//*[@id=\"__xmlview61--saveButtonId\"]"}
RESULT: {"using":"xpath","value":"//*[@id=\"__xmlview61--saveButtonId\"]"}
COMMAND: POST /session/801e128c03398a69ab1c232e24d6d46c/element/f.1FA3EEE566D6D7C9BB4DC331EA0F15D0.d.65AC57EA5EF214BE37BFF2C307957DEF.e.3207/click - {}
RESULT: {}
COMMAND: GET /session/801e128c03398a69ab1c232e24d6d46c/screenshot - {}
RESULT: {}
COMMAND: POST /session/801e128c03398a69ab1c232e24d6d46c/execute/async - {"script":"<script> [1562 bytes]","args":[{"selector":{"id":"tagsLayoutViewMode","viewName":"etm.portal.ui.managerequests.view.Detail"},"wdio_ui5_key":"tagsLayoutViewModeetmportal.ui.managerequests.view.Detail"}]}
RESULT: {"script":"<script> [1562 bytes]","args":[{"selector":{"id":"tagsLayoutViewMode","viewName":"etm.portal.ui.managerequests.view.Detail"},"wdio_ui5_key":"tagsLayoutViewModeetmportal.ui.managerequests.view.Detail"}]}
RESULT: undefined
COMMAND: POST /session/801e128c03398a69ab1c232e24d6d46c/execute/async - {"script":"<script> [6424 bytes]","args":[{"element-6066-11e4-a52e-4f735466cecf":"f.1FA3EEE566D6D7C9BB4DC331EA0F15D0.d.65AC57EA5EF214BE37BFF2C307957DEF.e.3432"},"getTokens",[]]}
RESULT: {"script":"<script> [6424 bytes]","args":[{"element-6066-11e4-a52e-4f735466cecf":"f.1FA3EEE566D6D7C9BB4DC331EA0F15D0.d.65AC57EA5EF214BE37BFF2C307957DEF.e.3432"},"getTokens",[]]}
COMMAND: POST /session/801e128c03398a69ab1c232e24d6d46c/execute/async - {"script":"<script> [1562 bytes]","args":[{"wdio_ui5_key":"__token11-__xmlview60--tagsLayoutViewMode-1","selector":{"id":"__token11-__xmlview60--tagsLayoutViewMode-1"}}]}
COMMAND: POST /session/801e128c03398a69ab1c232e24d6d46c/execute/async - {"script":"<script> [1562 bytes]","args":[{"wdio_ui5_key":"__token11-__xmlview60--tagsLayoutViewMode-0","selector":{"id":"__token11-__xmlview60--tagsLayoutViewMode-0"}}]}
RESULT: {"script":"<script> [1562 bytes]","args":[{"wdio_ui5_key":"__token11-__xmlview60--tagsLayoutViewMode-1","selector":{"id":"__token11-__xmlview60--tagsLayoutViewMode-1"}}]}
RESULT: undefined
RESULT: {"script":"<script> [1562 bytes]","args":[{"wdio_ui5_key":"__token11-__xmlview60--tagsLayoutViewMode-0","selector":{"id":"__token11-__xmlview60--tagsLayoutViewMode-0"}}]}
RESULT: undefined
COMMAND: POST /session/801e128c03398a69ab1c232e24d6d46c/execute/async - {"script":"<script> [1562 bytes]","args":[{"selector":{"controlType":"sap.m.OverflowToolbarButton","viewName":"etm.portal.ui.managerequests.view.Detail","properties":{"text":"Settings"},"interaction":{"idSuffix":"inner"}},"wdio_ui5_key":"etmportal.ui.managerequests.view.Detailsap.m.OverflowToolbarButton{\"text\":\"Settings\"}"}]}
RESULT: {"script":"<script> [1562 bytes]","args":[{"selector":{"controlType":"sap.m.OverflowToolbarButton","viewName":"etm.portal.ui.managerequests.view.Detail","properties":{"text":"Settings"},"interaction":{"idSuffix":"inner"}},"wdio_ui5_key":"etmportal.ui.managerequests.view.Detailsap.m.OverflowToolbarButton{\"text\":\"Settings\"}"}]}
RESULT: undefined
COMMAND: POST /session/801e128c03398a69ab1c232e24d6d46c/element - {"using":"xpath","value":"//*[@id=\"__xmlview60--smartTableRequestItems-btnPersonalisation\"]"}
RESULT: {"using":"xpath","value":"//*[@id=\"__xmlview60--smartTableRequestItems-btnPersonalisation\"]"}
COMMAND: POST /session/801e128c03398a69ab1c232e24d6d46c/element/f.1FA3EEE566D6D7C9BB4DC331EA0F15D0.d.65AC57EA5EF214BE37BFF2C307957DEF.e.3436/click - {}
RESULT: {}
COMMAND: POST /session/801e128c03398a69ab1c232e24d6d46c/execute/async - {"script":"<script> [1562 bytes]","args":[{"selector":{"controlType":"sap.m.SearchField","viewName":"etm.portal.ui.managerequests.view.Detail","searchOpenDialogs":true,"interaction":{"idSuffix":"I"}},"wdio_ui5_key":"etmportal.ui.managerequests.view.Detailsap.m.SearchField"}]}
COMMAND: GET /session/801e128c03398a69ab1c232e24d6d46c/screenshot - {}
RESULT: {"script":"<script> [1562 bytes]","args":[{"selector":{"controlType":"sap.m.SearchField","viewName":"etm.portal.ui.managerequests.view.Detail","searchOpenDialogs":true,"interaction":{"idSuffix":"I"}},"wdio_ui5_key":"etmportal.ui.managerequests.view.Detailsap.m.SearchField"}]}
RESULT: undefined
COMMAND: POST /session/801e128c03398a69ab1c232e24d6d46c/execute/async - {"script":"<script> [776 bytes]","args":[{"enterText":"tag","selector":{"controlType":"sap.m.SearchField","viewName":"etm.portal.ui.managerequests.view.Detail","searchOpenDialogs":true,"interaction":{"idSuffix":"I"}},"clearTextFirst":true,"interactionType":"ENTER_TEXT"}]}
RESULT: {}
RESULT: {"script":"<script> [776 bytes]","args":[{"enterText":"tag","selector":{"controlType":"sap.m.SearchField","viewName":"etm.portal.ui.managerequests.view.Detail","searchOpenDialogs":true,"interaction":{"idSuffix":"I"}},"clearTextFirst":true,"interactionType":"ENTER_TEXT"}]}
COMMAND: POST /session/801e128c03398a69ab1c232e24d6d46c/element - {"using":"xpath","value":"//div[contains(@id ,\"innerSelectionPanelTable-0-selectMulti-CbBg\")]"}
RESULT: {"using":"xpath","value":"//div[contains(@id ,\"innerSelectionPanelTable-0-selectMulti-CbBg\")]"}
COMMAND: POST /session/801e128c03398a69ab1c232e24d6d46c/element/f.1FA3EEE566D6D7C9BB4DC331EA0F15D0.d.65AC57EA5EF214BE37BFF2C307957DEF.e.3471/click - {}
RESULT: {}
COMMAND: POST /session/801e128c03398a69ab1c232e24d6d46c/execute/async - {"script":"<script> [1562 bytes]","args":[{"selector":{"controlType":"sap.m.Button","viewName":"etm.portal.ui.managerequests.view.Detail","properties":{"text":"OK"},"searchOpenDialogs":true,"interaction":{"idSuffix":"BDI-content"}},"wdio_ui5_key":"etmportal.ui.managerequests.view.Detailsap.m.Button{\"text\":\"OK\"}"}]}
COMMAND: GET /session/801e128c03398a69ab1c232e24d6d46c/screenshot - {}
RESULT: {"script":"<script> [1562 bytes]","args":[{"selector":{"controlType":"sap.m.Button","viewName":"etm.portal.ui.managerequests.view.Detail","properties":{"text":"OK"},"searchOpenDialogs":true,"interaction":{"idSuffix":"BDI-content"}},"wdio_ui5_key":"etmportal.ui.managerequests.view.Detailsap.m.Button{\"text\":\"OK\"}"}]}
RESULT: undefined
COMMAND: POST /session/801e128c03398a69ab1c232e24d6d46c/element - {"using":"xpath","value":"//*[@id=\"__popup378-confirmBtn\"]"}
RESULT: {}
RESULT: {"using":"xpath","value":"//*[@id=\"__popup378-confirmBtn\"]"}
COMMAND: POST /session/801e128c03398a69ab1c232e24d6d46c/element/f.1FA3EEE566D6D7C9BB4DC331EA0F15D0.d.65AC57EA5EF214BE37BFF2C307957DEF.e.3476/click - {}
RESULT: {}
COMMAND: GET /session/801e128c03398a69ab1c232e24d6d46c/screenshot - {}
RESULT: {}
COMMAND: POST /session/801e128c03398a69ab1c232e24d6d46c/execute/async - {"script":"<script> [1562 bytes]","args":[{"selector":{"controlType":"sap.m.Text","viewName":"etm.portal.ui.managerequests.view.Detail","bindingPath":{"propertyPath":"NO","modelName":"catalogModel"}},"wdio_ui5_key":"etmportal.ui.managerequests.view.Detailsap.m.Text{\"propertyPath\":\"NO\",\"modelName\":\"catalogModel\"}"}]}
RESULT: {"script":"<script> [1562 bytes]","args":[{"selector":{"controlType":"sap.m.Text","viewName":"etm.portal.ui.managerequests.view.Detail","bindingPath":{"propertyPath":"NO","modelName":"catalogModel"}},"wdio_ui5_key":"etmportal.ui.managerequests.view.Detailsap.m.Text{\"propertyPath\":\"NO\",\"modelName\":\"catalogModel\"}"}]}
RESULT: undefined
COMMAND: POST /session/801e128c03398a69ab1c232e24d6d46c/execute/async - {"script":"<script> [6424 bytes]","args":[{"element-6066-11e4-a52e-4f735466cecf":"f.1FA3EEE566D6D7C9BB4DC331EA0F15D0.d.65AC57EA5EF214BE37BFF2C307957DEF.e.3498"},"getText",[]]}
RESULT: {"script":"<script> [6424 bytes]","args":[{"element-6066-11e4-a52e-4f735466cecf":"f.1FA3EEE566D6D7C9BB4DC331EA0F15D0.d.65AC57EA5EF214BE37BFF2C307957DEF.e.3498"},"getText",[]]}
COMMAND: POST /session/801e128c03398a69ab1c232e24d6d46c/execute/async - {"script":"<script> [1562 bytes]","args":[{"selector":{"controlType":"sap.m.Tokenizer","viewName":"etm.portal.ui.managerequests.view.Detail","bindingPath":{"path":"/SmartRequestItemsPlanningBoard(ITEM=10m,REQUEST='20186')","propertyPath":"LINK_TO_TAGS"}},"wdio_ui5_key":"etmportal.ui.managerequests.view.Detailsap.m.Tokenizer{\"path\":\"/SmartRequestItemsPlanningBoard(ITEM=10m,REQUEST='20186')\",\"propertyPath\":\"LINK_TO_TAGS\"}"}]}
RESULT: {"script":"<script> [1562 bytes]","args":[{"selector":{"controlType":"sap.m.Tokenizer","viewName":"etm.portal.ui.managerequests.view.Detail","bindingPath":{"path":"/SmartRequestItemsPlanningBoard(ITEM=10m,REQUEST='20186')","propertyPath":"LINK_TO_TAGS"}},"wdio_ui5_key":"etmportal.ui.managerequests.view.Detailsap.m.Tokenizer{\"path\":\"/SmartRequestItemsPlanningBoard(ITEM=10m,REQUEST='20186')\",\"propertyPath\":\"LINK_TO_TAGS\"}"}]}
RESULT: undefined
COMMAND: POST /session/801e128c03398a69ab1c232e24d6d46c/execute/async - {"script":"<script> [6424 bytes]","args":[{"element-6066-11e4-a52e-4f735466cecf":"f.1FA3EEE566D6D7C9BB4DC331EA0F15D0.d.65AC57EA5EF214BE37BFF2C307957DEF.e.3499"},"getTokens",[]]}
RESULT: {"script":"<script> [6424 bytes]","args":[{"element-6066-11e4-a52e-4f735466cecf":"f.1FA3EEE566D6D7C9BB4DC331EA0F15D0.d.65AC57EA5EF214BE37BFF2C307957DEF.e.3499"},"getTokens",[]]}
COMMAND: POST /session/801e128c03398a69ab1c232e24d6d46c/execute/async - {"script":"<script> [1562 bytes]","args":[{"wdio_ui5_key":"__token12-__tokenizer63-__clone4886-1","selector":{"id":"__token12-__tokenizer63-__clone4886-1"}}]}
COMMAND: POST /session/801e128c03398a69ab1c232e24d6d46c/execute/async - {"script":"<script> [1562 bytes]","args":[{"wdio_ui5_key":"__token12-__tokenizer63-__clone4886-2","selector":{"id":"__token12-__tokenizer63-__clone4886-2"}}]}
COMMAND: POST /session/801e128c03398a69ab1c232e24d6d46c/execute/async - {"script":"<script> [1562 bytes]","args":[{"wdio_ui5_key":"__token12-__tokenizer63-__clone4886-0","selector":{"id":"__token12-__tokenizer63-__clone4886-0"}}]}
RESULT: {"script":"<script> [1562 bytes]","args":[{"wdio_ui5_key":"__token12-__tokenizer63-__clone4886-1","selector":{"id":"__token12-__tokenizer63-__clone4886-1"}}]}
RESULT: undefined
RESULT: {"script":"<script> [1562 bytes]","args":[{"wdio_ui5_key":"__token12-__tokenizer63-__clone4886-2","selector":{"id":"__token12-__tokenizer63-__clone4886-2"}}]}
RESULT: undefined
RESULT: {"script":"<script> [1562 bytes]","args":[{"wdio_ui5_key":"__token12-__tokenizer63-__clone4886-0","selector":{"id":"__token12-__tokenizer63-__clone4886-0"}}]}
RESULT: undefined
COMMAND: POST /session/801e128c03398a69ab1c232e24d6d46c/element - {"using":"xpath","value":"(//span[contains(text(), \"tag-header\")])[2]"}
RESULT: {"using":"xpath","value":"(//span[contains(text(), \"tag-header\")])[2]"}
COMMAND: POST /session/801e128c03398a69ab1c232e24d6d46c/elements - {"using":"xpath","value":"(//span[contains(text(), \"tag-header\")])[2]"}
RESULT: {"using":"xpath","value":"(//span[contains(text(), \"tag-header\")])[2]"}
COMMAND: POST /session/801e128c03398a69ab1c232e24d6d46c/execute/async - {"script":"<script> [1562 bytes]","args":[{"selector":{"controlType":"sap.m.Tokenizer","viewName":"etm.portal.ui.managerequests.view.Detail","bindingPath":{"path":"/SmartRequestItemsPlanningBoard(ITEM=20m,REQUEST='20186')","propertyPath":"LINK_TO_TAGS"}},"wdio_ui5_key":"etmportal.ui.managerequests.view.Detailsap.m.Tokenizer{\"path\":\"/SmartRequestItemsPlanningBoard(ITEM=20m,REQUEST='20186')\",\"propertyPath\":\"LINK_TO_TAGS\"}"}]}
RESULT: {"script":"<script> [1562 bytes]","args":[{"selector":{"controlType":"sap.m.Tokenizer","viewName":"etm.portal.ui.managerequests.view.Detail","bindingPath":{"path":"/SmartRequestItemsPlanningBoard(ITEM=20m,REQUEST='20186')","propertyPath":"LINK_TO_TAGS"}},"wdio_ui5_key":"etmportal.ui.managerequests.view.Detailsap.m.Tokenizer{\"path\":\"/SmartRequestItemsPlanningBoard(ITEM=20m,REQUEST='20186')\",\"propertyPath\":\"LINK_TO_TAGS\"}"}]}
RESULT: undefined
COMMAND: POST /session/801e128c03398a69ab1c232e24d6d46c/execute/async - {"script":"<script> [6424 bytes]","args":[{"element-6066-11e4-a52e-4f735466cecf":"f.1FA3EEE566D6D7C9BB4DC331EA0F15D0.d.65AC57EA5EF214BE37BFF2C307957DEF.e.3504"},"getTokens",[]]}
RESULT: {"script":"<script> [6424 bytes]","args":[{"element-6066-11e4-a52e-4f735466cecf":"f.1FA3EEE566D6D7C9BB4DC331EA0F15D0.d.65AC57EA5EF214BE37BFF2C307957DEF.e.3504"},"getTokens",[]]}
COMMAND: POST /session/801e128c03398a69ab1c232e24d6d46c/element - {"using":"css selector","value":"#shell-header-logo"}
RESULT: {"using":"css selector","value":"#shell-header-logo"}
COMMAND: POST /session/801e128c03398a69ab1c232e24d6d46c/element/f.1FA3EEE566D6D7C9BB4DC331EA0F15D0.d.65AC57EA5EF214BE37BFF2C307957DEF.e.2519/click - {}
RESULT: {}
COMMAND: GET /session/801e128c03398a69ab1c232e24d6d46c/screenshot - {}
RESULT: {}
]]></system-out>
    </testcase>
  </testsuite>
  <testsuite timestamp="2025-05-31T15:47:04" time="519.288" tests="4" failures="0" errors="0" skipped="0">
    <properties>
      <property name="specId" value="0"/>
      <property name="suiteName" value="Manage request + Contract processing pick up option US120163 "/>
      <property name="capabilities" value="chrome.136_0_7103_93.windows"/>
      <property name="file" value="file:///D:/a/1/s/test/specs/R2C/create-request-Pickup.spec.js"/>
    </properties>
    <testcase classname="chrome.136_0_7103_93.windows.Manage_request_+_Contract_processing_pick_up_option_US120163_" name="Should create a new contract" time="65.199">
      <system-out><![CDATA[
COMMAND: POST /session/801e128c03398a69ab1c232e24d6d46c/execute/async - {"script":"<script> [1562 bytes]","args":[{"selector":{"controlType":"sap.m.Text","viewName":"etm.portal.ui.managecontractstile.view.Master","properties":{"text":"Manage Contracts"},"interaction":{"idSuffix":"inner"}},"wdio_ui5_key":"etmportal.ui.managecontractstile.view.Mastersap.m.Text{\"text\":\"Manage Contracts\"}"}]}
RESULT: {"script":"<script> [1562 bytes]","args":[{"selector":{"controlType":"sap.m.Text","viewName":"etm.portal.ui.managecontractstile.view.Master","properties":{"text":"Manage Contracts"},"interaction":{"idSuffix":"inner"}},"wdio_ui5_key":"etmportal.ui.managecontractstile.view.Mastersap.m.Text{\"text\":\"Manage Contracts\"}"}]}
RESULT: undefined
COMMAND: POST /session/801e128c03398a69ab1c232e24d6d46c/element - {"using":"xpath","value":"//*[@id=\"__tile130-title\"]"}
RESULT: {"using":"xpath","value":"//*[@id=\"__tile130-title\"]"}
COMMAND: POST /session/801e128c03398a69ab1c232e24d6d46c/element/f.1FA3EEE566D6D7C9BB4DC331EA0F15D0.d.65AC57EA5EF214BE37BFF2C307957DEF.e.3508/click - {}
RESULT: {}
COMMAND: GET /session/801e128c03398a69ab1c232e24d6d46c/screenshot - {}
RESULT: {}
COMMAND: POST /session/801e128c03398a69ab1c232e24d6d46c/execute/async - {"script":"<script> [1562 bytes]","args":[{"selector":{"controlType":"sap.ui.core.Icon","viewName":"etm.portal.ui.managecontracts.view.Master","properties":{"src":{"regex":{"source":"add"}}}},"wdio_ui5_key":"etmportal.ui.managecontracts.view.Mastersap.ui.core.Icon{\"src\":{\"regex\":{\"source\":\"add\"}}}"}]}
RESULT: {"script":"<script> [1562 bytes]","args":[{"selector":{"controlType":"sap.ui.core.Icon","viewName":"etm.portal.ui.managecontracts.view.Master","properties":{"src":{"regex":{"source":"add"}}}},"wdio_ui5_key":"etmportal.ui.managecontracts.view.Mastersap.ui.core.Icon{\"src\":{\"regex\":{\"source\":\"add\"}}}"}]}
RESULT: undefined
COMMAND: POST /session/801e128c03398a69ab1c232e24d6d46c/element - {"using":"xpath","value":"//*[@id=\"__button187-img\"]"}
RESULT: {"using":"xpath","value":"//*[@id=\"__button187-img\"]"}
COMMAND: POST /session/801e128c03398a69ab1c232e24d6d46c/element/f.1FA3EEE566D6D7C9BB4DC331EA0F15D0.d.65AC57EA5EF214BE37BFF2C307957DEF.e.3556/click - {}
RESULT: {}
COMMAND: POST /session/801e128c03398a69ab1c232e24d6d46c/execute/async - {"script":"<script> [1562 bytes]","args":[{"selector":{"id":"application-managecontracts-display-component---AddNewContract--projectDescription","interaction":{"idSuffix":"inner"}},"wdio_ui5_key":"applicationmanagecontracts-display-component---AddNewContract--projectDescription"}]}
COMMAND: GET /session/801e128c03398a69ab1c232e24d6d46c/screenshot - {}
RESULT: {"script":"<script> [1562 bytes]","args":[{"selector":{"id":"application-managecontracts-display-component---AddNewContract--projectDescription","interaction":{"idSuffix":"inner"}},"wdio_ui5_key":"applicationmanagecontracts-display-component---AddNewContract--projectDescription"}]}
RESULT: undefined
COMMAND: POST /session/801e128c03398a69ab1c232e24d6d46c/execute/async - {"script":"<script> [776 bytes]","args":[{"enterText":"PickupContractrm63u","selector":{"id":"application-managecontracts-display-component---AddNewContract--projectDescription","interaction":{"idSuffix":"inner"}},"clearTextFirst":true,"interactionType":"ENTER_TEXT"}]}
RESULT: {}
RESULT: {"script":"<script> [776 bytes]","args":[{"enterText":"PickupContractrm63u","selector":{"id":"application-managecontracts-display-component---AddNewContract--projectDescription","interaction":{"idSuffix":"inner"}},"clearTextFirst":true,"interactionType":"ENTER_TEXT"}]}
COMMAND: POST /session/801e128c03398a69ab1c232e24d6d46c/element - {"using":"xpath","value":"//input[contains(@id ,\"application-managecontracts-display-component---AddNewContract--yardId-inner\")]"}
RESULT: {"using":"xpath","value":"//input[contains(@id ,\"application-managecontracts-display-component---AddNewContract--yardId-inner\")]"}
COMMAND: POST /session/801e128c03398a69ab1c232e24d6d46c/element/f.1FA3EEE566D6D7C9BB4DC331EA0F15D0.d.65AC57EA5EF214BE37BFF2C307957DEF.e.3827/value - {"text":"WebdriverYard78c52"}
RESULT: {"text":"WebdriverYard78c52"}
COMMAND: GET /session/801e128c03398a69ab1c232e24d6d46c/screenshot - {}
RESULT: {}
COMMAND: POST /session/801e128c03398a69ab1c232e24d6d46c/actions - {"actions":[{"id":"action32","type":"key","parameters":{},"actions":[{"type":"keyDown","value":""},{"type":"pause","duration":10},{"type":"keyUp","value":""}]}]}
RESULT: {"actions":[{"id":"action32","type":"key","parameters":{},"actions":[{"type":"keyDown","value":""},{"type":"pause","duration":10},{"type":"keyUp","value":""}]}]}
COMMAND: GET /session/801e128c03398a69ab1c232e24d6d46c/screenshot - {}
RESULT: {}
COMMAND: POST /session/801e128c03398a69ab1c232e24d6d46c/element - {"using":"xpath","value":"//input[contains(@id ,\"application-managecontracts-display-component---AddNewContract--customerSelect-inner\")]"}
RESULT: {"using":"xpath","value":"//input[contains(@id ,\"application-managecontracts-display-component---AddNewContract--customerSelect-inner\")]"}
COMMAND: POST /session/801e128c03398a69ab1c232e24d6d46c/element/f.1FA3EEE566D6D7C9BB4DC331EA0F15D0.d.65AC57EA5EF214BE37BFF2C307957DEF.e.3825/value - {"text":"WebdriverPartneri8uzg"}
RESULT: {"text":"WebdriverPartneri8uzg"}
COMMAND: GET /session/801e128c03398a69ab1c232e24d6d46c/screenshot - {}
RESULT: {}
COMMAND: POST /session/801e128c03398a69ab1c232e24d6d46c/actions - {"actions":[{"id":"action33","type":"key","parameters":{},"actions":[{"type":"keyDown","value":""},{"type":"pause","duration":10},{"type":"keyUp","value":""}]}]}
RESULT: {"actions":[{"id":"action33","type":"key","parameters":{},"actions":[{"type":"keyDown","value":""},{"type":"pause","duration":10},{"type":"keyUp","value":""}]}]}
COMMAND: GET /session/801e128c03398a69ab1c232e24d6d46c/screenshot - {}
RESULT: {}
COMMAND: POST /session/801e128c03398a69ab1c232e24d6d46c/element - {"using":"xpath","value":"//input[contains(@id ,\"application-managecontracts-display-component---AddNewContract--site-inner\")]"}
RESULT: {"using":"xpath","value":"//input[contains(@id ,\"application-managecontracts-display-component---AddNewContract--site-inner\")]"}
COMMAND: POST /session/801e128c03398a69ab1c232e24d6d46c/element/f.1FA3EEE566D6D7C9BB4DC331EA0F15D0.d.65AC57EA5EF214BE37BFF2C307957DEF.e.3826/value - {"text":"WebdriverSitejahvgl"}
RESULT: {"text":"WebdriverSitejahvgl"}
COMMAND: GET /session/801e128c03398a69ab1c232e24d6d46c/screenshot - {}
RESULT: {}
COMMAND: POST /session/801e128c03398a69ab1c232e24d6d46c/actions - {"actions":[{"id":"action34","type":"key","parameters":{},"actions":[{"type":"keyDown","value":""},{"type":"pause","duration":10},{"type":"keyUp","value":""}]}]}
RESULT: {"actions":[{"id":"action34","type":"key","parameters":{},"actions":[{"type":"keyDown","value":""},{"type":"pause","duration":10},{"type":"keyUp","value":""}]}]}
COMMAND: GET /session/801e128c03398a69ab1c232e24d6d46c/screenshot - {}
RESULT: {}
COMMAND: POST /session/801e128c03398a69ab1c232e24d6d46c/execute/async - {"script":"<script> [1562 bytes]","args":[{"selector":{"id":"application-managecontracts-display-component---AddNewContract--saveBtn","interaction":{"idSuffix":"BDI-content"}},"wdio_ui5_key":"applicationmanagecontracts-display-component---AddNewContract--saveBtn"}]}
RESULT: {"script":"<script> [1562 bytes]","args":[{"selector":{"id":"application-managecontracts-display-component---AddNewContract--saveBtn","interaction":{"idSuffix":"BDI-content"}},"wdio_ui5_key":"applicationmanagecontracts-display-component---AddNewContract--saveBtn"}]}
RESULT: undefined
COMMAND: POST /session/801e128c03398a69ab1c232e24d6d46c/element - {"using":"xpath","value":"//*[@id=\"application-managecontracts-display-component---AddNewContract--saveBtn\"]"}
RESULT: {"using":"xpath","value":"//*[@id=\"application-managecontracts-display-component---AddNewContract--saveBtn\"]"}
COMMAND: POST /session/801e128c03398a69ab1c232e24d6d46c/element/f.1FA3EEE566D6D7C9BB4DC331EA0F15D0.d.65AC57EA5EF214BE37BFF2C307957DEF.e.3908/click - {}
RESULT: {}
COMMAND: GET /session/801e128c03398a69ab1c232e24d6d46c/screenshot - {}
RESULT: {}
COMMAND: POST /session/801e128c03398a69ab1c232e24d6d46c/element - {"using":"xpath","value":"//span[contains(@id ,\"contractDetailTitleNoExpanded\")]"}
RESULT: {"using":"xpath","value":"//span[contains(@id ,\"contractDetailTitleNoExpanded\")]"}
COMMAND: GET /session/801e128c03398a69ab1c232e24d6d46c/element/f.1FA3EEE566D6D7C9BB4DC331EA0F15D0.d.65AC57EA5EF214BE37BFF2C307957DEF.e.3989/text - {}
RESULT: {}
COMMAND: POST /session/801e128c03398a69ab1c232e24d6d46c/element - {"using":"css selector","value":"#shell-header-logo"}
RESULT: {"using":"css selector","value":"#shell-header-logo"}
COMMAND: POST /session/801e128c03398a69ab1c232e24d6d46c/element/f.1FA3EEE566D6D7C9BB4DC331EA0F15D0.d.65AC57EA5EF214BE37BFF2C307957DEF.e.3511/click - {}
RESULT: {}
COMMAND: GET /session/801e128c03398a69ab1c232e24d6d46c/screenshot - {}
RESULT: {}
]]></system-out>
    </testcase>
    <testcase classname="chrome.136_0_7103_93.windows.Manage_request_+_Contract_processing_pick_up_option_US120163_" name="Should create a new material" time="134.35">
      <system-out><![CDATA[
COMMAND: POST /session/801e128c03398a69ab1c232e24d6d46c/execute/async - {"script":"<script> [1562 bytes]","args":[{"selector":{"controlType":"sap.m.GenericTile","properties":{"header":"Manage Resources"}},"wdio_ui5_key":"sapm.GenericTile{\"header\":\"Manage Resources\"}"}]}
RESULT: {"script":"<script> [1562 bytes]","args":[{"selector":{"controlType":"sap.m.GenericTile","properties":{"header":"Manage Resources"}},"wdio_ui5_key":"sapm.GenericTile{\"header\":\"Manage Resources\"}"}]}
RESULT: undefined
COMMAND: POST /session/801e128c03398a69ab1c232e24d6d46c/element - {"using":"xpath","value":"//*[@id=\"__tile39\"]"}
RESULT: {"using":"xpath","value":"//*[@id=\"__tile39\"]"}
COMMAND: POST /session/801e128c03398a69ab1c232e24d6d46c/element/f.1FA3EEE566D6D7C9BB4DC331EA0F15D0.d.65AC57EA5EF214BE37BFF2C307957DEF.e.3991/click - {}
RESULT: {}
COMMAND: GET /session/801e128c03398a69ab1c232e24d6d46c/screenshot - {}
RESULT: {}
COMMAND: POST /session/801e128c03398a69ab1c232e24d6d46c/elements - {"using":"xpath","value":"//span[text()='Error']"}
RESULT: {"using":"xpath","value":"//span[text()='Error']"}
COMMAND: POST /session/801e128c03398a69ab1c232e24d6d46c/element - {"using":"xpath","value":"//button[@data-kt=\"addNewRUOverflowToolbarButton\"]"}
RESULT: {"using":"xpath","value":"//button[@data-kt=\"addNewRUOverflowToolbarButton\"]"}
COMMAND: POST /session/801e128c03398a69ab1c232e24d6d46c/execute/sync - {"script":"<script> [8489 bytes]","args":[{"element-6066-11e4-a52e-4f735466cecf":"f.1FA3EEE566D6D7C9BB4DC331EA0F15D0.d.65AC57EA5EF214BE37BFF2C307957DEF.e.4034","ELEMENT":"f.1FA3EEE566D6D7C9BB4DC331EA0F15D0.d.65AC57EA5EF214BE37BFF2C307957DEF.e.4034"}]}
RESULT: {"script":"<script> [8489 bytes]","args":[{"element-6066-11e4-a52e-4f735466cecf":"f.1FA3EEE566D6D7C9BB4DC331EA0F15D0.d.65AC57EA5EF214BE37BFF2C307957DEF.e.4034","ELEMENT":"f.1FA3EEE566D6D7C9BB4DC331EA0F15D0.d.65AC57EA5EF214BE37BFF2C307957DEF.e.4034"}]}
COMMAND: POST /session/801e128c03398a69ab1c232e24d6d46c/element/f.1FA3EEE566D6D7C9BB4DC331EA0F15D0.d.65AC57EA5EF214BE37BFF2C307957DEF.e.4034/click - {}
COMMAND: GET /session/801e128c03398a69ab1c232e24d6d46c/screenshot - {}
RESULT: {}
COMMAND: POST /session/801e128c03398a69ab1c232e24d6d46c/execute/async - {"script":"<script> [1562 bytes]","args":[{"selector":{"id":"application-manageresources-display-component---newResourceUnit--TYPE-arrow"},"wdio_ui5_key":"applicationmanageresources-display-component---newResourceUnit--TYPE-arrow"}]}
COMMAND: GET /session/801e128c03398a69ab1c232e24d6d46c/screenshot - {}
RESULT: {}
RESULT: {"script":"<script> [1562 bytes]","args":[{"selector":{"id":"application-manageresources-display-component---newResourceUnit--TYPE-arrow"},"wdio_ui5_key":"applicationmanageresources-display-component---newResourceUnit--TYPE-arrow"}]}
RESULT: undefined
COMMAND: POST /session/801e128c03398a69ab1c232e24d6d46c/element - {"using":"xpath","value":"//*[@id=\"application-manageresources-display-component---newResourceUnit--TYPE-arrow\"]"}
RESULT: {}
RESULT: {"using":"xpath","value":"//*[@id=\"application-manageresources-display-component---newResourceUnit--TYPE-arrow\"]"}
COMMAND: POST /session/801e128c03398a69ab1c232e24d6d46c/element/f.1FA3EEE566D6D7C9BB4DC331EA0F15D0.d.65AC57EA5EF214BE37BFF2C307957DEF.e.4358/click - {}
RESULT: {}
COMMAND: POST /session/801e128c03398a69ab1c232e24d6d46c/execute/async - {"script":"<script> [1562 bytes]","args":[{"selector":{"controlType":"sap.m.StandardListItem","viewName":"reusables.view.manageresources.NewResourceUnit","viewId":"application-manageresources-display-component---newResourceUnit","properties":{"title":"Material"},"searchOpenDialogs":true,"interaction":{"idSuffix":"titleText"}},"wdio_ui5_key":"reusablesview.manageresources.NewResourceUnitsap.m.StandardListItem{\"title\":\"Material\"}"}]}
COMMAND: GET /session/801e128c03398a69ab1c232e24d6d46c/screenshot - {}
RESULT: {"script":"<script> [1562 bytes]","args":[{"selector":{"controlType":"sap.m.StandardListItem","viewName":"reusables.view.manageresources.NewResourceUnit","viewId":"application-manageresources-display-component---newResourceUnit","properties":{"title":"Material"},"searchOpenDialogs":true,"interaction":{"idSuffix":"titleText"}},"wdio_ui5_key":"reusablesview.manageresources.NewResourceUnitsap.m.StandardListItem{\"title\":\"Material\"}"}]}
RESULT: undefined
COMMAND: POST /session/801e128c03398a69ab1c232e24d6d46c/element - {"using":"xpath","value":"//*[@id=\"__item3681\"]"}
RESULT: {}
RESULT: {"using":"xpath","value":"//*[@id=\"__item3681\"]"}
COMMAND: POST /session/801e128c03398a69ab1c232e24d6d46c/element/f.1FA3EEE566D6D7C9BB4DC331EA0F15D0.d.65AC57EA5EF214BE37BFF2C307957DEF.e.4361/click - {}
RESULT: {}
COMMAND: POST /session/801e128c03398a69ab1c232e24d6d46c/execute/async - {"script":"<script> [1562 bytes]","args":[{"selector":{"id":"application-manageresources-display-component---newResourceUnit--SHORT_TEXT","interaction":{"idSuffix":"inner"}},"wdio_ui5_key":"applicationmanageresources-display-component---newResourceUnit--SHORT_TEXT"}]}
COMMAND: GET /session/801e128c03398a69ab1c232e24d6d46c/screenshot - {}
RESULT: {"script":"<script> [1562 bytes]","args":[{"selector":{"id":"application-manageresources-display-component---newResourceUnit--SHORT_TEXT","interaction":{"idSuffix":"inner"}},"wdio_ui5_key":"applicationmanageresources-display-component---newResourceUnit--SHORT_TEXT"}]}
RESULT: undefined
COMMAND: POST /session/801e128c03398a69ab1c232e24d6d46c/execute/async - {"script":"<script> [776 bytes]","args":[{"enterText":"WebdriverMatTest2d4ail","selector":{"id":"application-manageresources-display-component---newResourceUnit--SHORT_TEXT","interaction":{"idSuffix":"inner"}},"clearTextFirst":true,"interactionType":"ENTER_TEXT"}]}
RESULT: {}
RESULT: {"script":"<script> [776 bytes]","args":[{"enterText":"WebdriverMatTest2d4ail","selector":{"id":"application-manageresources-display-component---newResourceUnit--SHORT_TEXT","interaction":{"idSuffix":"inner"}},"clearTextFirst":true,"interactionType":"ENTER_TEXT"}]}
COMMAND: POST /session/801e128c03398a69ab1c232e24d6d46c/execute/async - {"script":"<script> [1562 bytes]","args":[{"selector":{"id":"application-manageresources-display-component---newResourceUnit--BASE_UNIT_OF_MEASURE-arrow"},"wdio_ui5_key":"applicationmanageresources-display-component---newResourceUnit--BASE_UNIT_OF_MEASURE-arrow"}]}
RESULT: {"script":"<script> [1562 bytes]","args":[{"selector":{"id":"application-manageresources-display-component---newResourceUnit--BASE_UNIT_OF_MEASURE-arrow"},"wdio_ui5_key":"applicationmanageresources-display-component---newResourceUnit--BASE_UNIT_OF_MEASURE-arrow"}]}
RESULT: undefined
COMMAND: POST /session/801e128c03398a69ab1c232e24d6d46c/element - {"using":"xpath","value":"//*[@id=\"application-manageresources-display-component---newResourceUnit--BASE_UNIT_OF_MEASURE-arrow\"]"}
RESULT: {"using":"xpath","value":"//*[@id=\"application-manageresources-display-component---newResourceUnit--BASE_UNIT_OF_MEASURE-arrow\"]"}
COMMAND: POST /session/801e128c03398a69ab1c232e24d6d46c/element/f.1FA3EEE566D6D7C9BB4DC331EA0F15D0.d.65AC57EA5EF214BE37BFF2C307957DEF.e.4481/click - {}
RESULT: {}
COMMAND: POST /session/801e128c03398a69ab1c232e24d6d46c/execute/async - {"script":"<script> [1562 bytes]","args":[{"selector":{"controlType":"sap.m.StandardListItem","viewName":"reusables.view.manageresources.NewResourceUnit","viewId":"application-manageresources-display-component---newResourceUnit","properties":{"title":"Piece"},"searchOpenDialogs":true,"interaction":{"idSuffix":"titleText"}},"wdio_ui5_key":"reusablesview.manageresources.NewResourceUnitsap.m.StandardListItem{\"title\":\"Piece\"}"}]}
COMMAND: GET /session/801e128c03398a69ab1c232e24d6d46c/screenshot - {}
RESULT: {"script":"<script> [1562 bytes]","args":[{"selector":{"controlType":"sap.m.StandardListItem","viewName":"reusables.view.manageresources.NewResourceUnit","viewId":"application-manageresources-display-component---newResourceUnit","properties":{"title":"Piece"},"searchOpenDialogs":true,"interaction":{"idSuffix":"titleText"}},"wdio_ui5_key":"reusablesview.manageresources.NewResourceUnitsap.m.StandardListItem{\"title\":\"Piece\"}"}]}
RESULT: undefined
COMMAND: POST /session/801e128c03398a69ab1c232e24d6d46c/element - {"using":"xpath","value":"//*[@id=\"__item3734\"]"}
RESULT: {}
RESULT: {"using":"xpath","value":"//*[@id=\"__item3734\"]"}
COMMAND: POST /session/801e128c03398a69ab1c232e24d6d46c/element/f.1FA3EEE566D6D7C9BB4DC331EA0F15D0.d.65AC57EA5EF214BE37BFF2C307957DEF.e.4483/click - {}
RESULT: {}
COMMAND: POST /session/801e128c03398a69ab1c232e24d6d46c/element - {"using":"xpath","value":"//input[contains(@id ,\"application-manageresources-display-component---newResourceUnit--SHORT_TEXT-inner\")]"}
COMMAND: GET /session/801e128c03398a69ab1c232e24d6d46c/screenshot - {}
RESULT: {"using":"xpath","value":"//input[contains(@id ,\"application-manageresources-display-component---newResourceUnit--SHORT_TEXT-inner\")]"}
COMMAND: GET /session/801e128c03398a69ab1c232e24d6d46c/element/f.1FA3EEE566D6D7C9BB4DC331EA0F15D0.d.65AC57EA5EF214BE37BFF2C307957DEF.e.4378/property/value - {}
RESULT: {}
RESULT: {}
COMMAND: POST /session/801e128c03398a69ab1c232e24d6d46c/execute/async - {"script":"<script> [1562 bytes]","args":[{"selector":{"id":"application-manageresources-display-component---newResourceUnit--WEIGHT_UNIT-arrow"},"wdio_ui5_key":"applicationmanageresources-display-component---newResourceUnit--WEIGHT_UNIT-arrow"}]}
COMMAND: GET /session/801e128c03398a69ab1c232e24d6d46c/screenshot - {}
RESULT: {"script":"<script> [1562 bytes]","args":[{"selector":{"id":"application-manageresources-display-component---newResourceUnit--WEIGHT_UNIT-arrow"},"wdio_ui5_key":"applicationmanageresources-display-component---newResourceUnit--WEIGHT_UNIT-arrow"}]}
RESULT: undefined
COMMAND: POST /session/801e128c03398a69ab1c232e24d6d46c/element - {"using":"xpath","value":"//*[@id=\"application-manageresources-display-component---newResourceUnit--WEIGHT_UNIT-arrow\"]"}
RESULT: {}
RESULT: {"using":"xpath","value":"//*[@id=\"application-manageresources-display-component---newResourceUnit--WEIGHT_UNIT-arrow\"]"}
COMMAND: POST /session/801e128c03398a69ab1c232e24d6d46c/element/f.1FA3EEE566D6D7C9BB4DC331EA0F15D0.d.65AC57EA5EF214BE37BFF2C307957DEF.e.4484/click - {}
RESULT: {}
COMMAND: POST /session/801e128c03398a69ab1c232e24d6d46c/execute/async - {"script":"<script> [1562 bytes]","args":[{"selector":{"controlType":"sap.m.StandardListItem","viewName":"reusables.view.manageresources.NewResourceUnit","viewId":"application-manageresources-display-component---newResourceUnit","properties":{"title":"Gram"},"searchOpenDialogs":true,"interaction":{"idSuffix":"content"}},"wdio_ui5_key":"reusablesview.manageresources.NewResourceUnitsap.m.StandardListItem{\"title\":\"Gram\"}"}]}
COMMAND: GET /session/801e128c03398a69ab1c232e24d6d46c/screenshot - {}
RESULT: {"script":"<script> [1562 bytes]","args":[{"selector":{"controlType":"sap.m.StandardListItem","viewName":"reusables.view.manageresources.NewResourceUnit","viewId":"application-manageresources-display-component---newResourceUnit","properties":{"title":"Gram"},"searchOpenDialogs":true,"interaction":{"idSuffix":"content"}},"wdio_ui5_key":"reusablesview.manageresources.NewResourceUnitsap.m.StandardListItem{\"title\":\"Gram\"}"}]}
RESULT: undefined
COMMAND: POST /session/801e128c03398a69ab1c232e24d6d46c/element - {"using":"xpath","value":"//*[@id=\"__item3799\"]"}
RESULT: {}
RESULT: {"using":"xpath","value":"//*[@id=\"__item3799\"]"}
COMMAND: POST /session/801e128c03398a69ab1c232e24d6d46c/element/f.1FA3EEE566D6D7C9BB4DC331EA0F15D0.d.65AC57EA5EF214BE37BFF2C307957DEF.e.4486/click - {}
RESULT: {}
COMMAND: POST /session/801e128c03398a69ab1c232e24d6d46c/execute/async - {"script":"<script> [1562 bytes]","args":[{"selector":{"id":"application-manageresources-display-component---newResourceUnit--newRRUPage-OPHeaderContent-collapseBtn-img"},"wdio_ui5_key":"applicationmanageresources-display-component---newResourceUnit--newRRUPage-OPHeaderContent-collapseBtn-img"}]}
COMMAND: GET /session/801e128c03398a69ab1c232e24d6d46c/screenshot - {}
RESULT: {"script":"<script> [1562 bytes]","args":[{"selector":{"id":"application-manageresources-display-component---newResourceUnit--newRRUPage-OPHeaderContent-collapseBtn-img"},"wdio_ui5_key":"applicationmanageresources-display-component---newResourceUnit--newRRUPage-OPHeaderContent-collapseBtn-img"}]}
RESULT: undefined
COMMAND: POST /session/801e128c03398a69ab1c232e24d6d46c/element - {"using":"xpath","value":"//*[@id=\"application-manageresources-display-component---newResourceUnit--newRRUPage-OPHeaderContent-collapseBtn-img\"]"}
RESULT: {}
RESULT: {"using":"xpath","value":"//*[@id=\"application-manageresources-display-component---newResourceUnit--newRRUPage-OPHeaderContent-collapseBtn-img\"]"}
COMMAND: POST /session/801e128c03398a69ab1c232e24d6d46c/element/f.1FA3EEE566D6D7C9BB4DC331EA0F15D0.d.65AC57EA5EF214BE37BFF2C307957DEF.e.4368/click - {}
RESULT: {}
COMMAND: GET /session/801e128c03398a69ab1c232e24d6d46c/screenshot - {}
RESULT: {}
COMMAND: POST /session/801e128c03398a69ab1c232e24d6d46c/element - {"using":"xpath","value":"(//span[contains(@id ,\"application-manageresources-display-component---newResourceUnit--DIMENSION_UNIT-arrow\")])[1]"}
RESULT: {"using":"xpath","value":"(//span[contains(@id ,\"application-manageresources-display-component---newResourceUnit--DIMENSION_UNIT-arrow\")])[1]"}
COMMAND: POST /session/801e128c03398a69ab1c232e24d6d46c/element/f.1FA3EEE566D6D7C9BB4DC331EA0F15D0.d.65AC57EA5EF214BE37BFF2C307957DEF.e.4490/click - {}
RESULT: {}
COMMAND: GET /session/801e128c03398a69ab1c232e24d6d46c/screenshot - {}
RESULT: {}
COMMAND: POST /session/801e128c03398a69ab1c232e24d6d46c/execute/async - {"script":"<script> [1562 bytes]","args":[{"selector":{"controlType":"sap.m.StandardListItem","viewName":"reusables.view.manageresources.NewResourceUnit","viewId":"application-manageresources-display-component---newResourceUnit","properties":{"title":"Centimeter"},"searchOpenDialogs":true,"interaction":{"idSuffix":"titleText"}},"wdio_ui5_key":"reusablesview.manageresources.NewResourceUnitsap.m.StandardListItem{\"title\":\"Centimeter\"}"}]}
RESULT: {"script":"<script> [1562 bytes]","args":[{"selector":{"controlType":"sap.m.StandardListItem","viewName":"reusables.view.manageresources.NewResourceUnit","viewId":"application-manageresources-display-component---newResourceUnit","properties":{"title":"Centimeter"},"searchOpenDialogs":true,"interaction":{"idSuffix":"titleText"}},"wdio_ui5_key":"reusablesview.manageresources.NewResourceUnitsap.m.StandardListItem{\"title\":\"Centimeter\"}"}]}
RESULT: undefined
COMMAND: POST /session/801e128c03398a69ab1c232e24d6d46c/element - {"using":"xpath","value":"//*[@id=\"__item3802\"]"}
RESULT: {"using":"xpath","value":"//*[@id=\"__item3802\"]"}
COMMAND: POST /session/801e128c03398a69ab1c232e24d6d46c/element/f.1FA3EEE566D6D7C9BB4DC331EA0F15D0.d.65AC57EA5EF214BE37BFF2C307957DEF.e.4494/click - {}
RESULT: {}
COMMAND: POST /session/801e128c03398a69ab1c232e24d6d46c/execute/async - {"script":"<script> [1562 bytes]","args":[{"selector":{"id":"application-manageresources-display-component---newResourceUnit--newRRUPage-anchBar-application-manageresources-display-component---newResourceUnit--reference-anchor","interaction":{"idSuffix":"BDI-content"}},"wdio_ui5_key":"applicationmanageresources-display-component---newResourceUnit--newRRUPage-anchBar-application-manageresources-display-component---newResourceUnit--reference-anchor"}]}
COMMAND: GET /session/801e128c03398a69ab1c232e24d6d46c/screenshot - {}
RESULT: {"script":"<script> [1562 bytes]","args":[{"selector":{"id":"application-manageresources-display-component---newResourceUnit--newRRUPage-anchBar-application-manageresources-display-component---newResourceUnit--reference-anchor","interaction":{"idSuffix":"BDI-content"}},"wdio_ui5_key":"applicationmanageresources-display-component---newResourceUnit--newRRUPage-anchBar-application-manageresources-display-component---newResourceUnit--reference-anchor"}]}
RESULT: undefined
COMMAND: POST /session/801e128c03398a69ab1c232e24d6d46c/element - {"using":"xpath","value":"//*[@id=\"application-manageresources-display-component---newResourceUnit--newRRUPage-anchBar-application-manageresources-display-component---newResourceUnit--reference-anchor\"]"}
RESULT: {}
RESULT: {"using":"xpath","value":"//*[@id=\"application-manageresources-display-component---newResourceUnit--newRRUPage-anchBar-application-manageresources-display-component---newResourceUnit--reference-anchor\"]"}
COMMAND: POST /session/801e128c03398a69ab1c232e24d6d46c/element/f.1FA3EEE566D6D7C9BB4DC331EA0F15D0.d.65AC57EA5EF214BE37BFF2C307957DEF.e.4496/click - {}
RESULT: {}
COMMAND: POST /session/801e128c03398a69ab1c232e24d6d46c/execute/async - {"script":"<script> [1562 bytes]","args":[{"selector":{"id":"application-manageresources-display-component---newResourceUnit--PLANNING_GROUP-arrow"},"wdio_ui5_key":"applicationmanageresources-display-component---newResourceUnit--PLANNING_GROUP-arrow"}]}
COMMAND: GET /session/801e128c03398a69ab1c232e24d6d46c/screenshot - {}
RESULT: {"script":"<script> [1562 bytes]","args":[{"selector":{"id":"application-manageresources-display-component---newResourceUnit--PLANNING_GROUP-arrow"},"wdio_ui5_key":"applicationmanageresources-display-component---newResourceUnit--PLANNING_GROUP-arrow"}]}
RESULT: undefined
COMMAND: POST /session/801e128c03398a69ab1c232e24d6d46c/element - {"using":"xpath","value":"//*[@id=\"application-manageresources-display-component---newResourceUnit--PLANNING_GROUP-arrow\"]"}
RESULT: {}
RESULT: {"using":"xpath","value":"//*[@id=\"application-manageresources-display-component---newResourceUnit--PLANNING_GROUP-arrow\"]"}
COMMAND: POST /session/801e128c03398a69ab1c232e24d6d46c/element/f.1FA3EEE566D6D7C9BB4DC331EA0F15D0.d.65AC57EA5EF214BE37BFF2C307957DEF.e.4500/click - {}
RESULT: {}
COMMAND: POST /session/801e128c03398a69ab1c232e24d6d46c/execute/async - {"script":"<script> [1562 bytes]","args":[{"selector":{"controlType":"sap.m.StandardListItem","viewName":"reusables.view.manageresources.NewResourceUnit","viewId":"application-manageresources-display-component---newResourceUnit","properties":{"title":"Heavy Equi"},"searchOpenDialogs":true,"interaction":{"idSuffix":"content"}},"wdio_ui5_key":"reusablesview.manageresources.NewResourceUnitsap.m.StandardListItem{\"title\":\"Heavy Equi\"}"}]}
COMMAND: GET /session/801e128c03398a69ab1c232e24d6d46c/screenshot - {}
RESULT: {"script":"<script> [1562 bytes]","args":[{"selector":{"controlType":"sap.m.StandardListItem","viewName":"reusables.view.manageresources.NewResourceUnit","viewId":"application-manageresources-display-component---newResourceUnit","properties":{"title":"Heavy Equi"},"searchOpenDialogs":true,"interaction":{"idSuffix":"content"}},"wdio_ui5_key":"reusablesview.manageresources.NewResourceUnitsap.m.StandardListItem{\"title\":\"Heavy Equi\"}"}]}
RESULT: undefined
COMMAND: POST /session/801e128c03398a69ab1c232e24d6d46c/element - {"using":"xpath","value":"//*[@id=\"__item3810\"]"}
RESULT: {}
RESULT: {"using":"xpath","value":"//*[@id=\"__item3810\"]"}
COMMAND: POST /session/801e128c03398a69ab1c232e24d6d46c/element/f.1FA3EEE566D6D7C9BB4DC331EA0F15D0.d.65AC57EA5EF214BE37BFF2C307957DEF.e.4504/click - {}
RESULT: {}
COMMAND: GET /session/801e128c03398a69ab1c232e24d6d46c/screenshot - {}
RESULT: {}
COMMAND: POST /session/801e128c03398a69ab1c232e24d6d46c/execute/async - {"script":"<script> [1562 bytes]","args":[{"selector":{"id":"application-manageresources-display-component---newResourceUnit--PLANNING_INDICATOR-arrow"},"wdio_ui5_key":"applicationmanageresources-display-component---newResourceUnit--PLANNING_INDICATOR-arrow"}]}
RESULT: {"script":"<script> [1562 bytes]","args":[{"selector":{"id":"application-manageresources-display-component---newResourceUnit--PLANNING_INDICATOR-arrow"},"wdio_ui5_key":"applicationmanageresources-display-component---newResourceUnit--PLANNING_INDICATOR-arrow"}]}
RESULT: undefined
COMMAND: POST /session/801e128c03398a69ab1c232e24d6d46c/element - {"using":"xpath","value":"//*[@id=\"application-manageresources-display-component---newResourceUnit--PLANNING_INDICATOR-arrow\"]"}
RESULT: {"using":"xpath","value":"//*[@id=\"application-manageresources-display-component---newResourceUnit--PLANNING_INDICATOR-arrow\"]"}
COMMAND: POST /session/801e128c03398a69ab1c232e24d6d46c/element/f.1FA3EEE566D6D7C9BB4DC331EA0F15D0.d.65AC57EA5EF214BE37BFF2C307957DEF.e.4505/click - {}
RESULT: {}
COMMAND: POST /session/801e128c03398a69ab1c232e24d6d46c/execute/async - {"script":"<script> [1562 bytes]","args":[{"selector":{"controlType":"sap.m.StandardListItem","viewName":"reusables.view.manageresources.NewResourceUnit","viewId":"application-manageresources-display-component---newResourceUnit","properties":{"title":"10 - infinite"},"searchOpenDialogs":true,"interaction":{"idSuffix":"content"}},"wdio_ui5_key":"reusablesview.manageresources.NewResourceUnitsap.m.StandardListItem{\"title\":\"10 - infinite\"}"}]}
COMMAND: GET /session/801e128c03398a69ab1c232e24d6d46c/screenshot - {}
RESULT: {"script":"<script> [1562 bytes]","args":[{"selector":{"controlType":"sap.m.StandardListItem","viewName":"reusables.view.manageresources.NewResourceUnit","viewId":"application-manageresources-display-component---newResourceUnit","properties":{"title":"10 - infinite"},"searchOpenDialogs":true,"interaction":{"idSuffix":"content"}},"wdio_ui5_key":"reusablesview.manageresources.NewResourceUnitsap.m.StandardListItem{\"title\":\"10 - infinite\"}"}]}
RESULT: undefined
COMMAND: POST /session/801e128c03398a69ab1c232e24d6d46c/element - {"using":"xpath","value":"//*[@id=\"__item3820\"]"}
RESULT: {}
RESULT: {"using":"xpath","value":"//*[@id=\"__item3820\"]"}
COMMAND: POST /session/801e128c03398a69ab1c232e24d6d46c/element/f.1FA3EEE566D6D7C9BB4DC331EA0F15D0.d.65AC57EA5EF214BE37BFF2C307957DEF.e.4507/click - {}
RESULT: {}
COMMAND: GET /session/801e128c03398a69ab1c232e24d6d46c/screenshot - {}
RESULT: {}
COMMAND: POST /session/801e128c03398a69ab1c232e24d6d46c/element - {"using":"xpath","value":"//bdi[contains(text(), \"Time Segment\")]"}
RESULT: {"using":"xpath","value":"//bdi[contains(text(), \"Time Segment\")]"}
COMMAND: GET /session/801e128c03398a69ab1c232e24d6d46c/element/f.1FA3EEE566D6D7C9BB4DC331EA0F15D0.d.65AC57EA5EF214BE37BFF2C307957DEF.e.4508/rect - {}
RESULT: {}
COMMAND: GET /session/801e128c03398a69ab1c232e24d6d46c/window/rect - {}
RESULT: {}
COMMAND: POST /session/801e128c03398a69ab1c232e24d6d46c/execute/sync - {"script":"<script> [92 bytes]","args":[]}
RESULT: {"script":"<script> [92 bytes]","args":[]}
COMMAND: POST /session/801e128c03398a69ab1c232e24d6d46c/actions - {"actions":[{"id":"action35","type":"wheel","parameters":{},"actions":[{"type":"scroll","x":-1820,"y":-21,"deltaX":0,"deltaY":0,"duration":0,"origin":{"element-6066-11e4-a52e-4f735466cecf":"f.1FA3EEE566D6D7C9BB4DC331EA0F15D0.d.65AC57EA5EF214BE37BFF2C307957DEF.e.4508"}}]}]}
COMMAND: GET /session/801e128c03398a69ab1c232e24d6d46c/screenshot - {}
RESULT: {}
COMMAND: POST /session/801e128c03398a69ab1c232e24d6d46c/execute/sync - {"script":"<script> [79 bytes]","args":[{"element-6066-11e4-a52e-4f735466cecf":"f.1FA3EEE566D6D7C9BB4DC331EA0F15D0.d.65AC57EA5EF214BE37BFF2C307957DEF.e.4508","ELEMENT":"f.1FA3EEE566D6D7C9BB4DC331EA0F15D0.d.65AC57EA5EF214BE37BFF2C307957DEF.e.4508"},{"block":"start","inline":"nearest"}]}
RESULT: {"script":"<script> [79 bytes]","args":[{"element-6066-11e4-a52e-4f735466cecf":"f.1FA3EEE566D6D7C9BB4DC331EA0F15D0.d.65AC57EA5EF214BE37BFF2C307957DEF.e.4508","ELEMENT":"f.1FA3EEE566D6D7C9BB4DC331EA0F15D0.d.65AC57EA5EF214BE37BFF2C307957DEF.e.4508"},{"block":"start","inline":"nearest"}]}
COMMAND: GET /session/801e128c03398a69ab1c232e24d6d46c/screenshot - {}
RESULT: {}
COMMAND: POST /session/801e128c03398a69ab1c232e24d6d46c/element - {"using":"xpath","value":"//span[@id=\"application-manageresources-display-component---newResourceUnit--btnAddTimeSegment-img\"]"}
RESULT: {"using":"xpath","value":"//span[@id=\"application-manageresources-display-component---newResourceUnit--btnAddTimeSegment-img\"]"}
COMMAND: POST /session/801e128c03398a69ab1c232e24d6d46c/execute/sync - {"script":"<script> [8489 bytes]","args":[{"element-6066-11e4-a52e-4f735466cecf":"f.1FA3EEE566D6D7C9BB4DC331EA0F15D0.d.65AC57EA5EF214BE37BFF2C307957DEF.e.4511","ELEMENT":"f.1FA3EEE566D6D7C9BB4DC331EA0F15D0.d.65AC57EA5EF214BE37BFF2C307957DEF.e.4511"}]}
RESULT: {"script":"<script> [8489 bytes]","args":[{"element-6066-11e4-a52e-4f735466cecf":"f.1FA3EEE566D6D7C9BB4DC331EA0F15D0.d.65AC57EA5EF214BE37BFF2C307957DEF.e.4511","ELEMENT":"f.1FA3EEE566D6D7C9BB4DC331EA0F15D0.d.65AC57EA5EF214BE37BFF2C307957DEF.e.4511"}]}
COMMAND: POST /session/801e128c03398a69ab1c232e24d6d46c/element/f.1FA3EEE566D6D7C9BB4DC331EA0F15D0.d.65AC57EA5EF214BE37BFF2C307957DEF.e.4511/click - {}
COMMAND: GET /session/801e128c03398a69ab1c232e24d6d46c/screenshot - {}
RESULT: {}
COMMAND: GET /session/801e128c03398a69ab1c232e24d6d46c/screenshot - {}
COMMAND: POST /session/801e128c03398a69ab1c232e24d6d46c/element - {"using":"xpath","value":"//input[@id=\"application-manageresources-display-component---newResourceUnit--idRuTSAdmin-application-manageresources-display-component---newResourceUnit--RUTimeSegment-0-inner\"]"}
RESULT: {}
RESULT: {}
RESULT: {"using":"xpath","value":"//input[@id=\"application-manageresources-display-component---newResourceUnit--idRuTSAdmin-application-manageresources-display-component---newResourceUnit--RUTimeSegment-0-inner\"]"}
COMMAND: POST /session/801e128c03398a69ab1c232e24d6d46c/element/f.1FA3EEE566D6D7C9BB4DC331EA0F15D0.d.65AC57EA5EF214BE37BFF2C307957DEF.e.4514/clear - {}
RESULT: {}
COMMAND: POST /session/801e128c03398a69ab1c232e24d6d46c/element/f.1FA3EEE566D6D7C9BB4DC331EA0F15D0.d.65AC57EA5EF214BE37BFF2C307957DEF.e.4514/value - {"text":"WebdriverYard78c52"}
COMMAND: GET /session/801e128c03398a69ab1c232e24d6d46c/screenshot - {}
RESULT: {"text":"WebdriverYard78c52"}
COMMAND: GET /session/801e128c03398a69ab1c232e24d6d46c/screenshot - {}
RESULT: {}
RESULT: {}
COMMAND: POST /session/801e128c03398a69ab1c232e24d6d46c/actions - {"actions":[{"id":"action36","type":"key","parameters":{},"actions":[{"type":"keyDown","value":""},{"type":"pause","duration":10},{"type":"keyUp","value":""}]}]}
RESULT: {"actions":[{"id":"action36","type":"key","parameters":{},"actions":[{"type":"keyDown","value":""},{"type":"pause","duration":10},{"type":"keyUp","value":""}]}]}
COMMAND: GET /session/801e128c03398a69ab1c232e24d6d46c/screenshot - {}
RESULT: {}
COMMAND: POST /session/801e128c03398a69ab1c232e24d6d46c/execute/async - {"script":"<script> [1562 bytes]","args":[{"selector":{"controlType":"sap.m.Button","viewName":"reusables.view.manageresources.NewResourceUnit","viewId":"application-manageresources-display-component---newResourceUnit","i18NText":{"propertyName":"tooltip","key":"save"},"interaction":{"idSuffix":"BDI-content"}},"wdio_ui5_key":"reusablesview.manageresources.NewResourceUnitsap.m.Button{\"propertyName\":\"tooltip\",\"key\":\"save\"}"}]}
RESULT: {"script":"<script> [1562 bytes]","args":[{"selector":{"controlType":"sap.m.Button","viewName":"reusables.view.manageresources.NewResourceUnit","viewId":"application-manageresources-display-component---newResourceUnit","i18NText":{"propertyName":"tooltip","key":"save"},"interaction":{"idSuffix":"BDI-content"}},"wdio_ui5_key":"reusablesview.manageresources.NewResourceUnitsap.m.Button{\"propertyName\":\"tooltip\",\"key\":\"save\"}"}]}
RESULT: undefined
COMMAND: POST /session/801e128c03398a69ab1c232e24d6d46c/element - {"using":"xpath","value":"//*[@id=\"application-manageresources-display-component---newResourceUnit--createRuButton\"]"}
RESULT: {"using":"xpath","value":"//*[@id=\"application-manageresources-display-component---newResourceUnit--createRuButton\"]"}
COMMAND: POST /session/801e128c03398a69ab1c232e24d6d46c/element/f.1FA3EEE566D6D7C9BB4DC331EA0F15D0.d.65AC57EA5EF214BE37BFF2C307957DEF.e.4374/click - {}
RESULT: {}
COMMAND: GET /session/801e128c03398a69ab1c232e24d6d46c/screenshot - {}
RESULT: {}
COMMAND: POST /session/801e128c03398a69ab1c232e24d6d46c/execute/async - {"script":"<script> [1562 bytes]","args":[{"selector":{"controlType":"sap.m.Title","properties":{"text":"Success"},"searchOpenDialogs":true},"wdio_ui5_key":"sapm.Title{\"text\":\"Success\"}"}]}
RESULT: {"script":"<script> [1562 bytes]","args":[{"selector":{"controlType":"sap.m.Title","properties":{"text":"Success"},"searchOpenDialogs":true},"wdio_ui5_key":"sapm.Title{\"text\":\"Success\"}"}]}
RESULT: undefined
COMMAND: POST /session/801e128c03398a69ab1c232e24d6d46c/execute/async - {"script":"<script> [6424 bytes]","args":[{"element-6066-11e4-a52e-4f735466cecf":"f.1FA3EEE566D6D7C9BB4DC331EA0F15D0.d.65AC57EA5EF214BE37BFF2C307957DEF.e.4528"},"getText",[]]}
RESULT: {"script":"<script> [6424 bytes]","args":[{"element-6066-11e4-a52e-4f735466cecf":"f.1FA3EEE566D6D7C9BB4DC331EA0F15D0.d.65AC57EA5EF214BE37BFF2C307957DEF.e.4528"},"getText",[]]}
COMMAND: POST /session/801e128c03398a69ab1c232e24d6d46c/element - {"using":"xpath","value":"//*[contains(@id, '__text') and (contains(text(), 'successfully created') or contains(., 'successfully created'))]"}
RESULT: {"using":"xpath","value":"//*[contains(@id, '__text') and (contains(text(), 'successfully created') or contains(., 'successfully created'))]"}
COMMAND: GET /session/801e128c03398a69ab1c232e24d6d46c/element/f.1FA3EEE566D6D7C9BB4DC331EA0F15D0.d.65AC57EA5EF214BE37BFF2C307957DEF.e.4526/text - {}
RESULT: {}
COMMAND: POST /session/801e128c03398a69ab1c232e24d6d46c/execute/async - {"script":"<script> [1562 bytes]","args":[{"selector":{"controlType":"sap.m.Button","properties":{"text":"Close"},"searchOpenDialogs":true,"interaction":{"idSuffix":"BDI-content"}},"wdio_ui5_key":"sapm.Button{\"text\":\"Close\"}"}]}
RESULT: {"script":"<script> [1562 bytes]","args":[{"selector":{"controlType":"sap.m.Button","properties":{"text":"Close"},"searchOpenDialogs":true,"interaction":{"idSuffix":"BDI-content"}},"wdio_ui5_key":"sapm.Button{\"text\":\"Close\"}"}]}
RESULT: undefined
COMMAND: POST /session/801e128c03398a69ab1c232e24d6d46c/element - {"using":"xpath","value":"//*[@id=\"__mbox-btn-1\"]"}
RESULT: {"using":"xpath","value":"//*[@id=\"__mbox-btn-1\"]"}
COMMAND: POST /session/801e128c03398a69ab1c232e24d6d46c/element/f.1FA3EEE566D6D7C9BB4DC331EA0F15D0.d.65AC57EA5EF214BE37BFF2C307957DEF.e.4525/click - {}
RESULT: {}
COMMAND: GET /session/801e128c03398a69ab1c232e24d6d46c/screenshot - {}
RESULT: {}
COMMAND: POST /session/801e128c03398a69ab1c232e24d6d46c/execute/async - {"script":"<script> [1562 bytes]","args":[{"selector":{"controlType":"sap.ui.core.Icon","viewName":"etm.portal.ui.manageresources.view.Detail","viewId":"application-manageresources-display-component---detailRU","properties":{"src":{"regex":{"source":"overflow"}}}},"wdio_ui5_key":"etmportal.ui.manageresources.view.Detailsap.ui.core.Icon{\"src\":{\"regex\":{\"source\":\"overflow\"}}}"}]}
RESULT: {"script":"<script> [1562 bytes]","args":[{"selector":{"controlType":"sap.ui.core.Icon","viewName":"etm.portal.ui.manageresources.view.Detail","viewId":"application-manageresources-display-component---detailRU","properties":{"src":{"regex":{"source":"overflow"}}}},"wdio_ui5_key":"etmportal.ui.manageresources.view.Detailsap.ui.core.Icon{\"src\":{\"regex\":{\"source\":\"overflow\"}}}"}]}
RESULT: undefined
COMMAND: POST /session/801e128c03398a69ab1c232e24d6d46c/element - {"using":"xpath","value":"//*[@id=\"__title81-_actionsToolbar-overflowButton-img\"]"}
RESULT: {"using":"xpath","value":"//*[@id=\"__title81-_actionsToolbar-overflowButton-img\"]"}
COMMAND: POST /session/801e128c03398a69ab1c232e24d6d46c/element/f.1FA3EEE566D6D7C9BB4DC331EA0F15D0.d.65AC57EA5EF214BE37BFF2C307957DEF.e.4567/click - {}
RESULT: {}
COMMAND: POST /session/801e128c03398a69ab1c232e24d6d46c/execute/async - {"script":"<script> [1562 bytes]","args":[{"selector":{"controlType":"sap.m.Button","viewName":"etm.portal.ui.manageresources.view.Detail","viewId":"application-manageresources-display-component---detailRU","i18NText":{"propertyName":"tooltip","key":"closeColumn"},"searchOpenDialogs":true,"interaction":{"idSuffix":"inner"}},"wdio_ui5_key":"etmportal.ui.manageresources.view.Detailsap.m.Button{\"propertyName\":\"tooltip\",\"key\":\"closeColumn\"}"}]}
COMMAND: GET /session/801e128c03398a69ab1c232e24d6d46c/screenshot - {}
RESULT: {"script":"<script> [1562 bytes]","args":[{"selector":{"controlType":"sap.m.Button","viewName":"etm.portal.ui.manageresources.view.Detail","viewId":"application-manageresources-display-component---detailRU","i18NText":{"propertyName":"tooltip","key":"closeColumn"},"searchOpenDialogs":true,"interaction":{"idSuffix":"inner"}},"wdio_ui5_key":"etmportal.ui.manageresources.view.Detailsap.m.Button{\"propertyName\":\"tooltip\",\"key\":\"closeColumn\"}"}]}
RESULT: undefined
COMMAND: POST /session/801e128c03398a69ab1c232e24d6d46c/element - {"using":"xpath","value":"//*[@id=\"__button257\"]"}
RESULT: {}
RESULT: {"using":"xpath","value":"//*[@id=\"__button257\"]"}
COMMAND: POST /session/801e128c03398a69ab1c232e24d6d46c/element/f.1FA3EEE566D6D7C9BB4DC331EA0F15D0.d.65AC57EA5EF214BE37BFF2C307957DEF.e.4569/click - {}
RESULT: {}
COMMAND: GET /session/801e128c03398a69ab1c232e24d6d46c/screenshot - {}
RESULT: {}
COMMAND: POST /session/801e128c03398a69ab1c232e24d6d46c/refresh - {}
RESULT: {}
COMMAND: GET /session/801e128c03398a69ab1c232e24d6d46c/screenshot - {}
RESULT: {}
COMMAND: POST /session/801e128c03398a69ab1c232e24d6d46c/execute/async - {"script":"<script> [189 bytes]","args":[]}
RESULT: {"script":"<script> [189 bytes]","args":[]}
COMMAND: POST /session/801e128c03398a69ab1c232e24d6d46c/execute/async - {"script":"<script> [123 bytes]","args":[]}
RESULT: {"script":"<script> [123 bytes]","args":[]}
COMMAND: POST /session/801e128c03398a69ab1c232e24d6d46c/timeouts - {"script":"<number>"}
RESULT: {"script":"<number>"}
COMMAND: GET /session/801e128c03398a69ab1c232e24d6d46c/timeouts - {}
RESULT: {}
RESULT: undefined
COMMAND: POST /session/801e128c03398a69ab1c232e24d6d46c/execute/async - {"script":"<script> [2676 bytes]","args":[]}
RESULT: {"script":"<script> [2676 bytes]","args":[]}
COMMAND: POST /session/801e128c03398a69ab1c232e24d6d46c/execute/async - {"script":"<script> [2342 bytes]","args":[{"protocol":"http","hostname":"0.0.0.0","path":"/","capabilities":{"browserName":"chrome","goog:chromeOptions":{"binary":"C:\\Program Files\\Google\\Chrome\\Application\\chrome.exe","args":["--start-maximized"]}},"logLevel":"warn","connectionRetryTimeout":120000,"connectionRetryCount":3,"logLevels":{},"enableDirectConnect":true,"strictSSL":true,"_":"65 more keys: [\"cacheDir\",\"port\",\"requestedCapabilities\",\"automationProtocol\",\"baseUrl\",\"waitforInterval\",\"waitforTimeout\",\"onReload\",\"beforeCommand\",\"afterCommand\",\"rootDir\",\"specs\",\"suites\",\"exclude\",\"groupLogsByTestSpec\",\"excludeDriverLogs\",\"bail\",\"framework\",\"reporters\",\"services\",\"maxInstances\",\"maxInstancesPerCapability\",\"injectGlobals\",\"filesToWatch\",\"execArgv\",\"runnerEnv\",\"runner\",\"shard\",\"specFileRetries\",\"specFileRetriesDelay\",\"specFileRetriesDeferred\",\"reporterSyncInterval\",\"reporterSyncTimeout\",\"cucumberFeaturesWithLineNumbers\",\"autoCompileOpts\",\"mochaOpts\",\"jasmineOpts\",\"cucumberOpts\",\"onPrepare\",\"onWorkerStart\",\"onWorkerEnd\",\"before\",\"beforeSession\",\"beforeSuite\",\"beforeHook\",\"beforeTest\",\"afterTest\",\"afterHook\",\"afterSuite\",\"afterSession\",\"after\",\"onComplete\",\"beforeAssertion\",\"afterAssertion\",\"beforeFeature\",\"beforeScenario\",\"beforeStep\",\"afterStep\",\"afterScenario\",\"afterFeature\",\"_\",\"suite\",\"$0\",\"ignoredWorkerServices\",\"wdi5\"]"}]}
RESULT: {"script":"<script> [2342 bytes]","args":[{"protocol":"http","hostname":"0.0.0.0","path":"/","capabilities":{"browserName":"chrome","goog:chromeOptions":{"binary":"C:\\Program Files\\Google\\Chrome\\Application\\chrome.exe","args":["--start-maximized"]}},"logLevel":"warn","connectionRetryTimeout":120000,"connectionRetryCount":3,"logLevels":{},"enableDirectConnect":true,"strictSSL":true,"_":"65 more keys: [\"cacheDir\",\"port\",\"requestedCapabilities\",\"automationProtocol\",\"baseUrl\",\"waitforInterval\",\"waitforTimeout\",\"onReload\",\"beforeCommand\",\"afterCommand\",\"rootDir\",\"specs\",\"suites\",\"exclude\",\"groupLogsByTestSpec\",\"excludeDriverLogs\",\"bail\",\"framework\",\"reporters\",\"services\",\"maxInstances\",\"maxInstancesPerCapability\",\"injectGlobals\",\"filesToWatch\",\"execArgv\",\"runnerEnv\",\"runner\",\"shard\",\"specFileRetries\",\"specFileRetriesDelay\",\"specFileRetriesDeferred\",\"reporterSyncInterval\",\"reporterSyncTimeout\",\"cucumberFeaturesWithLineNumbers\",\"autoCompileOpts\",\"mochaOpts\",\"jasmineOpts\",\"cucumberOpts\",\"onPrepare\",\"onWorkerStart\",\"onWorkerEnd\",\"before\",\"beforeSession\",\"beforeSuite\",\"beforeHook\",\"beforeTest\",\"afterTest\",\"afterHook\",\"afterSuite\",\"afterSession\",\"after\",\"onComplete\",\"beforeAssertion\",\"afterAssertion\",\"beforeFeature\",\"beforeScenario\",\"beforeStep\",\"afterStep\",\"afterScenario\",\"afterFeature\",\"_\",\"suite\",\"$0\",\"ignoredWorkerServices\",\"wdi5\"]"}]}
COMMAND: POST /session/801e128c03398a69ab1c232e24d6d46c/execute/async - {"script":"<script> [21126 bytes]","args":[35000]}
RESULT: {"script":"<script> [21126 bytes]","args":[35000]}
COMMAND: POST /session/801e128c03398a69ab1c232e24d6d46c/element - {"using":"css selector","value":"#shell-header-logo"}
RESULT: {"using":"css selector","value":"#shell-header-logo"}
COMMAND: POST /session/801e128c03398a69ab1c232e24d6d46c/element/f.1FA3EEE566D6D7C9BB4DC331EA0F15D0.d.3DBE2F57381B1060AEBD9810C5A0FB1F.e.4666/click - {}
RESULT: {}
COMMAND: GET /session/801e128c03398a69ab1c232e24d6d46c/screenshot - {}
RESULT: {}
COMMAND: POST /session/801e128c03398a69ab1c232e24d6d46c/element - {"using":"css selector","value":"#shell-header-logo"}
RESULT: {"using":"css selector","value":"#shell-header-logo"}
COMMAND: POST /session/801e128c03398a69ab1c232e24d6d46c/element/f.1FA3EEE566D6D7C9BB4DC331EA0F15D0.d.3DBE2F57381B1060AEBD9810C5A0FB1F.e.4847/click - {}
RESULT: {}
COMMAND: GET /session/801e128c03398a69ab1c232e24d6d46c/screenshot - {}
RESULT: {}
]]></system-out>
    </testcase>
    <testcase classname="chrome.136_0_7103_93.windows.Manage_request_+_Contract_processing_pick_up_option_US120163_" name="Should Create New Request pick up option" time="174.002">
      <system-out><![CDATA[
COMMAND: POST /session/801e128c03398a69ab1c232e24d6d46c/element - {"using":"css selector","value":"#shell-header-logo"}
RESULT: {"using":"css selector","value":"#shell-header-logo"}
COMMAND: POST /session/801e128c03398a69ab1c232e24d6d46c/element/f.1FA3EEE566D6D7C9BB4DC331EA0F15D0.d.3DBE2F57381B1060AEBD9810C5A0FB1F.e.4847/click - {}
RESULT: {}
COMMAND: GET /session/801e128c03398a69ab1c232e24d6d46c/screenshot - {}
RESULT: {}
COMMAND: POST /session/801e128c03398a69ab1c232e24d6d46c/execute/async - {"script":"<script> [1562 bytes]","args":[{"selector":{"controlType":"sap.m.GenericTile","properties":{"header":"Manage Requests"}},"wdio_ui5_key":"sapm.GenericTile{\"header\":\"Manage Requests\"}"}]}
RESULT: {"script":"<script> [1562 bytes]","args":[{"selector":{"controlType":"sap.m.GenericTile","properties":{"header":"Manage Requests"}},"wdio_ui5_key":"sapm.GenericTile{\"header\":\"Manage Requests\"}"}]}
RESULT: undefined
COMMAND: POST /session/801e128c03398a69ab1c232e24d6d46c/element - {"using":"xpath","value":"//*[@id=\"__tile47\"]"}
RESULT: {"using":"xpath","value":"//*[@id=\"__tile47\"]"}
COMMAND: POST /session/801e128c03398a69ab1c232e24d6d46c/element/f.1FA3EEE566D6D7C9BB4DC331EA0F15D0.d.3DBE2F57381B1060AEBD9810C5A0FB1F.e.4850/click - {}
RESULT: {}
COMMAND: GET /session/801e128c03398a69ab1c232e24d6d46c/screenshot - {}
RESULT: {}
COMMAND: POST /session/801e128c03398a69ab1c232e24d6d46c/elements - {"using":"xpath","value":"//span[text()='Error']"}
RESULT: {"using":"xpath","value":"//span[text()='Error']"}
COMMAND: POST /session/801e128c03398a69ab1c232e24d6d46c/refresh - {}
RESULT: {}
COMMAND: GET /session/801e128c03398a69ab1c232e24d6d46c/screenshot - {}
RESULT: {}
COMMAND: POST /session/801e128c03398a69ab1c232e24d6d46c/execute/async - {"script":"<script> [189 bytes]","args":[]}
RESULT: {"script":"<script> [189 bytes]","args":[]}
COMMAND: POST /session/801e128c03398a69ab1c232e24d6d46c/execute/async - {"script":"<script> [123 bytes]","args":[]}
RESULT: {"script":"<script> [123 bytes]","args":[]}
COMMAND: POST /session/801e128c03398a69ab1c232e24d6d46c/timeouts - {"script":"<number>"}
RESULT: {"script":"<number>"}
COMMAND: GET /session/801e128c03398a69ab1c232e24d6d46c/timeouts - {}
RESULT: {}
RESULT: undefined
COMMAND: POST /session/801e128c03398a69ab1c232e24d6d46c/execute/async - {"script":"<script> [2676 bytes]","args":[]}
RESULT: {"script":"<script> [2676 bytes]","args":[]}
COMMAND: POST /session/801e128c03398a69ab1c232e24d6d46c/execute/async - {"script":"<script> [2342 bytes]","args":[{"protocol":"http","hostname":"0.0.0.0","path":"/","capabilities":{"browserName":"chrome","goog:chromeOptions":{"binary":"C:\\Program Files\\Google\\Chrome\\Application\\chrome.exe","args":["--start-maximized"]}},"logLevel":"warn","connectionRetryTimeout":120000,"connectionRetryCount":3,"logLevels":{},"enableDirectConnect":true,"strictSSL":true,"_":"65 more keys: [\"cacheDir\",\"port\",\"requestedCapabilities\",\"automationProtocol\",\"baseUrl\",\"waitforInterval\",\"waitforTimeout\",\"onReload\",\"beforeCommand\",\"afterCommand\",\"rootDir\",\"specs\",\"suites\",\"exclude\",\"groupLogsByTestSpec\",\"excludeDriverLogs\",\"bail\",\"framework\",\"reporters\",\"services\",\"maxInstances\",\"maxInstancesPerCapability\",\"injectGlobals\",\"filesToWatch\",\"execArgv\",\"runnerEnv\",\"runner\",\"shard\",\"specFileRetries\",\"specFileRetriesDelay\",\"specFileRetriesDeferred\",\"reporterSyncInterval\",\"reporterSyncTimeout\",\"cucumberFeaturesWithLineNumbers\",\"autoCompileOpts\",\"mochaOpts\",\"jasmineOpts\",\"cucumberOpts\",\"onPrepare\",\"onWorkerStart\",\"onWorkerEnd\",\"before\",\"beforeSession\",\"beforeSuite\",\"beforeHook\",\"beforeTest\",\"afterTest\",\"afterHook\",\"afterSuite\",\"afterSession\",\"after\",\"onComplete\",\"beforeAssertion\",\"afterAssertion\",\"beforeFeature\",\"beforeScenario\",\"beforeStep\",\"afterStep\",\"afterScenario\",\"afterFeature\",\"_\",\"suite\",\"$0\",\"ignoredWorkerServices\",\"wdi5\"]"}]}
RESULT: {"script":"<script> [2342 bytes]","args":[{"protocol":"http","hostname":"0.0.0.0","path":"/","capabilities":{"browserName":"chrome","goog:chromeOptions":{"binary":"C:\\Program Files\\Google\\Chrome\\Application\\chrome.exe","args":["--start-maximized"]}},"logLevel":"warn","connectionRetryTimeout":120000,"connectionRetryCount":3,"logLevels":{},"enableDirectConnect":true,"strictSSL":true,"_":"65 more keys: [\"cacheDir\",\"port\",\"requestedCapabilities\",\"automationProtocol\",\"baseUrl\",\"waitforInterval\",\"waitforTimeout\",\"onReload\",\"beforeCommand\",\"afterCommand\",\"rootDir\",\"specs\",\"suites\",\"exclude\",\"groupLogsByTestSpec\",\"excludeDriverLogs\",\"bail\",\"framework\",\"reporters\",\"services\",\"maxInstances\",\"maxInstancesPerCapability\",\"injectGlobals\",\"filesToWatch\",\"execArgv\",\"runnerEnv\",\"runner\",\"shard\",\"specFileRetries\",\"specFileRetriesDelay\",\"specFileRetriesDeferred\",\"reporterSyncInterval\",\"reporterSyncTimeout\",\"cucumberFeaturesWithLineNumbers\",\"autoCompileOpts\",\"mochaOpts\",\"jasmineOpts\",\"cucumberOpts\",\"onPrepare\",\"onWorkerStart\",\"onWorkerEnd\",\"before\",\"beforeSession\",\"beforeSuite\",\"beforeHook\",\"beforeTest\",\"afterTest\",\"afterHook\",\"afterSuite\",\"afterSession\",\"after\",\"onComplete\",\"beforeAssertion\",\"afterAssertion\",\"beforeFeature\",\"beforeScenario\",\"beforeStep\",\"afterStep\",\"afterScenario\",\"afterFeature\",\"_\",\"suite\",\"$0\",\"ignoredWorkerServices\",\"wdi5\"]"}]}
COMMAND: POST /session/801e128c03398a69ab1c232e24d6d46c/execute/async - {"script":"<script> [21126 bytes]","args":[35000]}
RESULT: {"script":"<script> [21126 bytes]","args":[35000]}
COMMAND: POST /session/801e128c03398a69ab1c232e24d6d46c/element - {"using":"xpath","value":"//button[contains(@data-kt ,\"btnCreateNewOverflowToolbarButton\")]"}
COMMAND: POST /session/801e128c03398a69ab1c232e24d6d46c/element - {"using":"xpath","value":"(//span[contains(@class ,\"sapMObjStatusText\")])[1]"}
RESULT: {"using":"xpath","value":"//button[contains(@data-kt ,\"btnCreateNewOverflowToolbarButton\")]"}
COMMAND: POST /session/801e128c03398a69ab1c232e24d6d46c/element/f.1FA3EEE566D6D7C9BB4DC331EA0F15D0.d.C2548B6AAED17FEA273C85B8873CFAE7.e.4986/click - {}
RESULT: {"using":"xpath","value":"(//span[contains(@class ,\"sapMObjStatusText\")])[1]"}
COMMAND: POST /session/801e128c03398a69ab1c232e24d6d46c/execute/sync - {"script":"<script> [8489 bytes]","args":[{"element-6066-11e4-a52e-4f735466cecf":"f.1FA3EEE566D6D7C9BB4DC331EA0F15D0.d.C2548B6AAED17FEA273C85B8873CFAE7.e.5043","ELEMENT":"f.1FA3EEE566D6D7C9BB4DC331EA0F15D0.d.C2548B6AAED17FEA273C85B8873CFAE7.e.5043"}]}
RESULT: {}
COMMAND: GET /session/801e128c03398a69ab1c232e24d6d46c/screenshot - {}
RESULT: {"script":"<script> [8489 bytes]","args":[{"element-6066-11e4-a52e-4f735466cecf":"f.1FA3EEE566D6D7C9BB4DC331EA0F15D0.d.C2548B6AAED17FEA273C85B8873CFAE7.e.5043","ELEMENT":"f.1FA3EEE566D6D7C9BB4DC331EA0F15D0.d.C2548B6AAED17FEA273C85B8873CFAE7.e.5043"}]}
COMMAND: GET /session/801e128c03398a69ab1c232e24d6d46c/screenshot - {}
RESULT: {}
RESULT: {}
COMMAND: POST /session/801e128c03398a69ab1c232e24d6d46c/element - {"using":"xpath","value":"//input[contains(@id ,\"yardId-inner\")]"}
RESULT: {"using":"xpath","value":"//input[contains(@id ,\"yardId-inner\")]"}
COMMAND: POST /session/801e128c03398a69ab1c232e24d6d46c/execute/sync - {"script":"<script> [8489 bytes]","args":[{"element-6066-11e4-a52e-4f735466cecf":"f.1FA3EEE566D6D7C9BB4DC331EA0F15D0.d.C2548B6AAED17FEA273C85B8873CFAE7.e.5126","ELEMENT":"f.1FA3EEE566D6D7C9BB4DC331EA0F15D0.d.C2548B6AAED17FEA273C85B8873CFAE7.e.5126"}]}
RESULT: {"script":"<script> [8489 bytes]","args":[{"element-6066-11e4-a52e-4f735466cecf":"f.1FA3EEE566D6D7C9BB4DC331EA0F15D0.d.C2548B6AAED17FEA273C85B8873CFAE7.e.5126","ELEMENT":"f.1FA3EEE566D6D7C9BB4DC331EA0F15D0.d.C2548B6AAED17FEA273C85B8873CFAE7.e.5126"}]}
COMMAND: POST /session/801e128c03398a69ab1c232e24d6d46c/element - {"using":"xpath","value":"//input[contains(@id ,\"requestContractNo-inner\")]"}
COMMAND: POST /session/801e128c03398a69ab1c232e24d6d46c/element - {"using":"xpath","value":"//input[contains(@id ,\"yardId-inner\")]"}
COMMAND: GET /session/801e128c03398a69ab1c232e24d6d46c/screenshot - {}
RESULT: {"using":"xpath","value":"//input[contains(@id ,\"yardId-inner\")]"}
COMMAND: GET /session/801e128c03398a69ab1c232e24d6d46c/element/f.1FA3EEE566D6D7C9BB4DC331EA0F15D0.d.C2548B6AAED17FEA273C85B8873CFAE7.e.5126/enabled - {}
RESULT: {"using":"xpath","value":"//input[contains(@id ,\"requestContractNo-inner\")]"}
COMMAND: POST /session/801e128c03398a69ab1c232e24d6d46c/element/f.1FA3EEE566D6D7C9BB4DC331EA0F15D0.d.C2548B6AAED17FEA273C85B8873CFAE7.e.5121/value - {"text":"10413"}
RESULT: {}
RESULT: {}
COMMAND: GET /session/801e128c03398a69ab1c232e24d6d46c/screenshot - {}
RESULT: {"text":"10413"}
COMMAND: GET /session/801e128c03398a69ab1c232e24d6d46c/screenshot - {}
RESULT: {}
RESULT: {}
COMMAND: POST /session/801e128c03398a69ab1c232e24d6d46c/actions - {"actions":[{"id":"action37","type":"key","parameters":{},"actions":[{"type":"keyDown","value":""},{"type":"pause","duration":10},{"type":"keyUp","value":""}]}]}
RESULT: {"actions":[{"id":"action37","type":"key","parameters":{},"actions":[{"type":"keyDown","value":""},{"type":"pause","duration":10},{"type":"keyUp","value":""}]}]}
COMMAND: GET /session/801e128c03398a69ab1c232e24d6d46c/screenshot - {}
RESULT: {}
COMMAND: POST /session/801e128c03398a69ab1c232e24d6d46c/execute/async - {"script":"<script> [1562 bytes]","args":[{"selector":{"controlType":"sap.m.Button","viewName":"etm.portal.ui.managerequests.view.NewRequest","properties":{"text":"Items"},"interaction":{"idSuffix":"BDI-content"}},"wdio_ui5_key":"etmportal.ui.managerequests.view.NewRequestsap.m.Button{\"text\":\"Items\"}"}]}
RESULT: {"script":"<script> [1562 bytes]","args":[{"selector":{"controlType":"sap.m.Button","viewName":"etm.portal.ui.managerequests.view.NewRequest","properties":{"text":"Items"},"interaction":{"idSuffix":"BDI-content"}},"wdio_ui5_key":"etmportal.ui.managerequests.view.NewRequestsap.m.Button{\"text\":\"Items\"}"}]}
RESULT: undefined
COMMAND: POST /session/801e128c03398a69ab1c232e24d6d46c/element - {"using":"xpath","value":"//*[@id=\"__xmlview1--newRequestPage-anchBar-__xmlview1--requestItemsSection-anchor\"]"}
RESULT: {"using":"xpath","value":"//*[@id=\"__xmlview1--newRequestPage-anchBar-__xmlview1--requestItemsSection-anchor\"]"}
COMMAND: POST /session/801e128c03398a69ab1c232e24d6d46c/element/f.1FA3EEE566D6D7C9BB4DC331EA0F15D0.d.C2548B6AAED17FEA273C85B8873CFAE7.e.5302/click - {}
RESULT: {}
COMMAND: GET /session/801e128c03398a69ab1c232e24d6d46c/screenshot - {}
RESULT: {}
COMMAND: POST /session/801e128c03398a69ab1c232e24d6d46c/execute/async - {"script":"<script> [1562 bytes]","args":[{"selector":{"controlType":"sap.ui.core.Icon","viewName":"etm.portal.ui.managerequests.view.NewRequest","properties":{"src":{"regex":{"source":"inspect"}}}},"wdio_ui5_key":"etmportal.ui.managerequests.view.NewRequestsap.ui.core.Icon{\"src\":{\"regex\":{\"source\":\"inspect\"}}}"}]}
RESULT: {"script":"<script> [1562 bytes]","args":[{"selector":{"controlType":"sap.ui.core.Icon","viewName":"etm.portal.ui.managerequests.view.NewRequest","properties":{"src":{"regex":{"source":"inspect"}}}},"wdio_ui5_key":"etmportal.ui.managerequests.view.NewRequestsap.ui.core.Icon{\"src\":{\"regex\":{\"source\":\"inspect\"}}}"}]}
RESULT: undefined
COMMAND: POST /session/801e128c03398a69ab1c232e24d6d46c/element - {"using":"xpath","value":"//*[@id=\"__button8-img\"]"}
RESULT: {"using":"xpath","value":"//*[@id=\"__button8-img\"]"}
COMMAND: POST /session/801e128c03398a69ab1c232e24d6d46c/element/f.1FA3EEE566D6D7C9BB4DC331EA0F15D0.d.C2548B6AAED17FEA273C85B8873CFAE7.e.5307/click - {}
RESULT: {}
COMMAND: GET /session/801e128c03398a69ab1c232e24d6d46c/screenshot - {}
RESULT: {}
COMMAND: POST /session/801e128c03398a69ab1c232e24d6d46c/execute/async - {"script":"<script> [1562 bytes]","args":[{"selector":{"controlType":"sap.ui.core.Icon","viewName":"etm.portal.ui.managerequests.view.NewRequest","properties":{"src":{"regex":{"source":"add"}}}},"wdio_ui5_key":"etmportal.ui.managerequests.view.NewRequestsap.ui.core.Icon{\"src\":{\"regex\":{\"source\":\"add\"}}}"}]}
RESULT: {"script":"<script> [1562 bytes]","args":[{"selector":{"controlType":"sap.ui.core.Icon","viewName":"etm.portal.ui.managerequests.view.NewRequest","properties":{"src":{"regex":{"source":"add"}}}},"wdio_ui5_key":"etmportal.ui.managerequests.view.NewRequestsap.ui.core.Icon{\"src\":{\"regex\":{\"source\":\"add\"}}}"}]}
RESULT: undefined
COMMAND: POST /session/801e128c03398a69ab1c232e24d6d46c/element - {"using":"xpath","value":"//*[@id=\"__xmlview1--btnAddTableRow-img\"]"}
RESULT: {"using":"xpath","value":"//*[@id=\"__xmlview1--btnAddTableRow-img\"]"}
COMMAND: POST /session/801e128c03398a69ab1c232e24d6d46c/element/f.1FA3EEE566D6D7C9BB4DC331EA0F15D0.d.C2548B6AAED17FEA273C85B8873CFAE7.e.5316/click - {}
RESULT: {}
COMMAND: GET /session/801e128c03398a69ab1c232e24d6d46c/screenshot - {}
RESULT: {}
COMMAND: POST /session/801e128c03398a69ab1c232e24d6d46c/execute/async - {"script":"<script> [1562 bytes]","args":[{"selector":{"controlType":"sap.ui.unified.MenuItem","viewName":"etm.portal.ui.managerequests.view.NewRequest","i18NText":{"propertyName":"text","key":"standardEntry"},"searchOpenDialogs":true,"interaction":{"idSuffix":"txt"}},"wdio_ui5_key":"etmportal.ui.managerequests.view.NewRequestsap.ui.unified.MenuItem{\"propertyName\":\"text\",\"key\":\"standardEntry\"}"}]}
RESULT: {"script":"<script> [1562 bytes]","args":[{"selector":{"controlType":"sap.ui.unified.MenuItem","viewName":"etm.portal.ui.managerequests.view.NewRequest","i18NText":{"propertyName":"text","key":"standardEntry"},"searchOpenDialogs":true,"interaction":{"idSuffix":"txt"}},"wdio_ui5_key":"etmportal.ui.managerequests.view.NewRequestsap.ui.unified.MenuItem{\"propertyName\":\"text\",\"key\":\"standardEntry\"}"}]}
RESULT: undefined
COMMAND: POST /session/801e128c03398a69ab1c232e24d6d46c/element - {"using":"xpath","value":"//*[@id=\"__item178\"]"}
RESULT: {"using":"xpath","value":"//*[@id=\"__item178\"]"}
COMMAND: POST /session/801e128c03398a69ab1c232e24d6d46c/element/f.1FA3EEE566D6D7C9BB4DC331EA0F15D0.d.C2548B6AAED17FEA273C85B8873CFAE7.e.5320/click - {}
RESULT: {}
COMMAND: GET /session/801e128c03398a69ab1c232e24d6d46c/screenshot - {}
RESULT: {}
RESULT: undefined
COMMAND: POST /session/801e128c03398a69ab1c232e24d6d46c/element - {"using":"xpath","value":"//*[@id=\"__xmlview1--btnAddTableRow-img\"]"}
RESULT: {"using":"xpath","value":"//*[@id=\"__xmlview1--btnAddTableRow-img\"]"}
COMMAND: POST /session/801e128c03398a69ab1c232e24d6d46c/element/f.1FA3EEE566D6D7C9BB4DC331EA0F15D0.d.C2548B6AAED17FEA273C85B8873CFAE7.e.5316/click - {}
RESULT: {}
COMMAND: GET /session/801e128c03398a69ab1c232e24d6d46c/screenshot - {}
RESULT: {}
RESULT: undefined
COMMAND: POST /session/801e128c03398a69ab1c232e24d6d46c/element - {"using":"xpath","value":"//*[@id=\"__item178\"]"}
RESULT: {"using":"xpath","value":"//*[@id=\"__item178\"]"}
COMMAND: POST /session/801e128c03398a69ab1c232e24d6d46c/element/f.1FA3EEE566D6D7C9BB4DC331EA0F15D0.d.C2548B6AAED17FEA273C85B8873CFAE7.e.5341/click - {}
RESULT: {}
COMMAND: GET /session/801e128c03398a69ab1c232e24d6d46c/screenshot - {}
RESULT: {}
COMMAND: POST /session/801e128c03398a69ab1c232e24d6d46c/element - {"using":"xpath","value":"(//input[contains(@id ,\"requestItemsTable-0-inner\")])[5]"}
RESULT: {"using":"xpath","value":"(//input[contains(@id ,\"requestItemsTable-0-inner\")])[5]"}
COMMAND: POST /session/801e128c03398a69ab1c232e24d6d46c/element/f.1FA3EEE566D6D7C9BB4DC331EA0F15D0.d.C2548B6AAED17FEA273C85B8873CFAE7.e.5332/clear - {}
RESULT: {}
COMMAND: POST /session/801e128c03398a69ab1c232e24d6d46c/element/f.1FA3EEE566D6D7C9BB4DC331EA0F15D0.d.C2548B6AAED17FEA273C85B8873CFAE7.e.5332/value - {"text":"1000001"}
COMMAND: GET /session/801e128c03398a69ab1c232e24d6d46c/screenshot - {}
RESULT: {"text":"1000001"}
COMMAND: GET /session/801e128c03398a69ab1c232e24d6d46c/screenshot - {}
RESULT: {}
RESULT: {}
COMMAND: POST /session/801e128c03398a69ab1c232e24d6d46c/actions - {"actions":[{"id":"action38","type":"key","parameters":{},"actions":[{"type":"keyDown","value":""},{"type":"pause","duration":10},{"type":"keyUp","value":""}]}]}
RESULT: {"actions":[{"id":"action38","type":"key","parameters":{},"actions":[{"type":"keyDown","value":""},{"type":"pause","duration":10},{"type":"keyUp","value":""}]}]}
COMMAND: POST /session/801e128c03398a69ab1c232e24d6d46c/element - {"using":"xpath","value":"(//input[contains(@id ,\"requestItemsTable-1-inner\")])[5]"}
COMMAND: GET /session/801e128c03398a69ab1c232e24d6d46c/screenshot - {}
RESULT: {"using":"xpath","value":"(//input[contains(@id ,\"requestItemsTable-1-inner\")])[5]"}
COMMAND: POST /session/801e128c03398a69ab1c232e24d6d46c/element/f.1FA3EEE566D6D7C9BB4DC331EA0F15D0.d.C2548B6AAED17FEA273C85B8873CFAE7.e.5347/clear - {}
RESULT: {}
RESULT: {}
COMMAND: POST /session/801e128c03398a69ab1c232e24d6d46c/element/f.1FA3EEE566D6D7C9BB4DC331EA0F15D0.d.C2548B6AAED17FEA273C85B8873CFAE7.e.5347/value - {"text":"200288"}
COMMAND: GET /session/801e128c03398a69ab1c232e24d6d46c/screenshot - {}
RESULT: {"text":"200288"}
COMMAND: GET /session/801e128c03398a69ab1c232e24d6d46c/screenshot - {}
RESULT: {}
RESULT: {}
COMMAND: POST /session/801e128c03398a69ab1c232e24d6d46c/actions - {"actions":[{"id":"action39","type":"key","parameters":{},"actions":[{"type":"keyDown","value":""},{"type":"pause","duration":10},{"type":"keyUp","value":""}]}]}
RESULT: {"actions":[{"id":"action39","type":"key","parameters":{},"actions":[{"type":"keyDown","value":""},{"type":"pause","duration":10},{"type":"keyUp","value":""}]}]}
COMMAND: POST /session/801e128c03398a69ab1c232e24d6d46c/element - {"using":"xpath","value":"//div[contains(@data-kt ,\"splitAllocationObjectStatus\")]"}
COMMAND: GET /session/801e128c03398a69ab1c232e24d6d46c/screenshot - {}
RESULT: {"using":"xpath","value":"//div[contains(@data-kt ,\"splitAllocationObjectStatus\")]"}
COMMAND: POST /session/801e128c03398a69ab1c232e24d6d46c/elements - {"using":"xpath","value":"//div[contains(@data-kt ,\"splitAllocationObjectStatus\")]"}
RESULT: {}
RESULT: {"using":"xpath","value":"//div[contains(@data-kt ,\"splitAllocationObjectStatus\")]"}
COMMAND: POST /session/801e128c03398a69ab1c232e24d6d46c/execute/async - {"script":"<script> [1562 bytes]","args":[{"selector":{"controlType":"sap.ui.core.Icon","viewName":"etm.portal.ui.managerequests.view.NewRequest","properties":{"src":{"regex":{"source":"message\\-error"}}},"ancestor":{"controlType":"sap.m.ColumnListItem","viewName":"etm.portal.ui.managerequests.view.NewRequest","bindingPath":{"modelName":"newRequestItems","path":"/RequestItems/0"},"ancestor":{"id":"requestItemsTable","viewName":"etm.portal.ui.managerequests.view.NewRequest"}}},"wdio_ui5_key":"etmportal.ui.managerequests.view.NewRequestsap.ui.core.Icon{\"src\":{\"regex\":{\"source\":\"message\\\\-error\"}}}{\"controlType\":\"sap.m.ColumnListItem\",\"viewName\":\"etm.portal.ui.managerequests.view.NewRequest\",\"bindingPath\":{\"modelName\":\"newRequestItems\",\"path\":\"/RequestItems/0\"},\"ancestor\":{\"id\":\"requestItemsTable\",\"viewName\":\"etm.portal.ui.managerequests.view.NewRequest\"}}"}]}
RESULT: {"script":"<script> [1562 bytes]","args":[{"selector":{"controlType":"sap.ui.core.Icon","viewName":"etm.portal.ui.managerequests.view.NewRequest","properties":{"src":{"regex":{"source":"message\\-error"}}},"ancestor":{"controlType":"sap.m.ColumnListItem","viewName":"etm.portal.ui.managerequests.view.NewRequest","bindingPath":{"modelName":"newRequestItems","path":"/RequestItems/0"},"ancestor":{"id":"requestItemsTable","viewName":"etm.portal.ui.managerequests.view.NewRequest"}}},"wdio_ui5_key":"etmportal.ui.managerequests.view.NewRequestsap.ui.core.Icon{\"src\":{\"regex\":{\"source\":\"message\\\\-error\"}}}{\"controlType\":\"sap.m.ColumnListItem\",\"viewName\":\"etm.portal.ui.managerequests.view.NewRequest\",\"bindingPath\":{\"modelName\":\"newRequestItems\",\"path\":\"/RequestItems/0\"},\"ancestor\":{\"id\":\"requestItemsTable\",\"viewName\":\"etm.portal.ui.managerequests.view.NewRequest\"}}"}]}
RESULT: undefined
COMMAND: POST /session/801e128c03398a69ab1c232e24d6d46c/element - {"using":"xpath","value":"//*[@id=\"__status4-__xmlview1--requestItemsTable-0-icon\"]"}
RESULT: {"using":"xpath","value":"//*[@id=\"__status4-__xmlview1--requestItemsTable-0-icon\"]"}
COMMAND: POST /session/801e128c03398a69ab1c232e24d6d46c/element/f.1FA3EEE566D6D7C9BB4DC331EA0F15D0.d.C2548B6AAED17FEA273C85B8873CFAE7.e.5359/click - {}
RESULT: {}
COMMAND: GET /session/801e128c03398a69ab1c232e24d6d46c/screenshot - {}
RESULT: {}
COMMAND: POST /session/801e128c03398a69ab1c232e24d6d46c/execute/async - {"script":"<script> [1562 bytes]","args":[{"selector":{"id":"costObjectAdminTypeComboBox","viewName":"etm.portal.ui.managerequests.view.NewRequest","searchOpenDialogs":true,"interaction":{"idSuffix":"inner"}},"wdio_ui5_key":"costObjectAdminTypeComboBoxetmportal.ui.managerequests.view.NewRequest"}]}
RESULT: {"script":"<script> [1562 bytes]","args":[{"selector":{"id":"costObjectAdminTypeComboBox","viewName":"etm.portal.ui.managerequests.view.NewRequest","searchOpenDialogs":true,"interaction":{"idSuffix":"inner"}},"wdio_ui5_key":"costObjectAdminTypeComboBoxetmportal.ui.managerequests.view.NewRequest"}]}
RESULT: undefined
COMMAND: POST /session/801e128c03398a69ab1c232e24d6d46c/execute/async - {"script":"<script> [776 bytes]","args":[{"enterText":"Cost Center","selector":{"id":"costObjectAdminTypeComboBox","viewName":"etm.portal.ui.managerequests.view.NewRequest","searchOpenDialogs":true,"interaction":{"idSuffix":"inner"}},"clearTextFirst":true,"interactionType":"ENTER_TEXT"}]}
RESULT: {"script":"<script> [776 bytes]","args":[{"enterText":"Cost Center","selector":{"id":"costObjectAdminTypeComboBox","viewName":"etm.portal.ui.managerequests.view.NewRequest","searchOpenDialogs":true,"interaction":{"idSuffix":"inner"}},"clearTextFirst":true,"interactionType":"ENTER_TEXT"}]}
COMMAND: POST /session/801e128c03398a69ab1c232e24d6d46c/actions - {"actions":[{"id":"action40","type":"key","parameters":{},"actions":[{"type":"keyDown","value":""},{"type":"pause","duration":10},{"type":"keyUp","value":""}]}]}
RESULT: {"actions":[{"id":"action40","type":"key","parameters":{},"actions":[{"type":"keyDown","value":""},{"type":"pause","duration":10},{"type":"keyUp","value":""}]}]}
COMMAND: GET /session/801e128c03398a69ab1c232e24d6d46c/screenshot - {}
RESULT: {}
COMMAND: POST /session/801e128c03398a69ab1c232e24d6d46c/execute/async - {"script":"<script> [1562 bytes]","args":[{"selector":{"id":"costObjectIdComboBox","viewName":"etm.portal.ui.managerequests.view.NewRequest","searchOpenDialogs":true,"interaction":{"idSuffix":"inner"}},"wdio_ui5_key":"costObjectIdComboBoxetmportal.ui.managerequests.view.NewRequest"}]}
RESULT: {"script":"<script> [1562 bytes]","args":[{"selector":{"id":"costObjectIdComboBox","viewName":"etm.portal.ui.managerequests.view.NewRequest","searchOpenDialogs":true,"interaction":{"idSuffix":"inner"}},"wdio_ui5_key":"costObjectIdComboBoxetmportal.ui.managerequests.view.NewRequest"}]}
RESULT: undefined
COMMAND: POST /session/801e128c03398a69ab1c232e24d6d46c/execute/async - {"script":"<script> [776 bytes]","args":[{"enterText":"1001 - 1001","selector":{"id":"costObjectIdComboBox","viewName":"etm.portal.ui.managerequests.view.NewRequest","searchOpenDialogs":true,"interaction":{"idSuffix":"inner"}},"clearTextFirst":true,"interactionType":"ENTER_TEXT"}]}
RESULT: {"script":"<script> [776 bytes]","args":[{"enterText":"1001 - 1001","selector":{"id":"costObjectIdComboBox","viewName":"etm.portal.ui.managerequests.view.NewRequest","searchOpenDialogs":true,"interaction":{"idSuffix":"inner"}},"clearTextFirst":true,"interactionType":"ENTER_TEXT"}]}
COMMAND: POST /session/801e128c03398a69ab1c232e24d6d46c/actions - {"actions":[{"id":"action41","type":"key","parameters":{},"actions":[{"type":"keyDown","value":""},{"type":"pause","duration":10},{"type":"keyUp","value":""}]}]}
RESULT: {"actions":[{"id":"action41","type":"key","parameters":{},"actions":[{"type":"keyDown","value":""},{"type":"pause","duration":10},{"type":"keyUp","value":""}]}]}
COMMAND: GET /session/801e128c03398a69ab1c232e24d6d46c/screenshot - {}
RESULT: {}
COMMAND: POST /session/801e128c03398a69ab1c232e24d6d46c/element - {"using":"xpath","value":"(//bdi[(text() = 'Save' or . = 'Save')])[1]"}
RESULT: {"using":"xpath","value":"(//bdi[(text() = 'Save' or . = 'Save')])[1]"}
COMMAND: POST /session/801e128c03398a69ab1c232e24d6d46c/element/f.1FA3EEE566D6D7C9BB4DC331EA0F15D0.d.C2548B6AAED17FEA273C85B8873CFAE7.e.5373/click - {}
RESULT: {}
COMMAND: POST /session/801e128c03398a69ab1c232e24d6d46c/execute/async - {"script":"<script> [1562 bytes]","args":[{"selector":{"controlType":"sap.ui.core.Icon","viewName":"etm.portal.ui.managerequests.view.NewRequest","properties":{"src":{"regex":{"source":"message\\-error"}}},"ancestor":{"controlType":"sap.m.ColumnListItem","viewName":"etm.portal.ui.managerequests.view.NewRequest","bindingPath":{"modelName":"newRequestItems","path":"/RequestItems/1"},"ancestor":{"id":"requestItemsTable","viewName":"etm.portal.ui.managerequests.view.NewRequest"}}},"wdio_ui5_key":"etmportal.ui.managerequests.view.NewRequestsap.ui.core.Icon{\"src\":{\"regex\":{\"source\":\"message\\\\-error\"}}}{\"controlType\":\"sap.m.ColumnListItem\",\"viewName\":\"etm.portal.ui.managerequests.view.NewRequest\",\"bindingPath\":{\"modelName\":\"newRequestItems\",\"path\":\"/RequestItems/1\"},\"ancestor\":{\"id\":\"requestItemsTable\",\"viewName\":\"etm.portal.ui.managerequests.view.NewRequest\"}}"}]}
COMMAND: GET /session/801e128c03398a69ab1c232e24d6d46c/screenshot - {}
RESULT: {"script":"<script> [1562 bytes]","args":[{"selector":{"controlType":"sap.ui.core.Icon","viewName":"etm.portal.ui.managerequests.view.NewRequest","properties":{"src":{"regex":{"source":"message\\-error"}}},"ancestor":{"controlType":"sap.m.ColumnListItem","viewName":"etm.portal.ui.managerequests.view.NewRequest","bindingPath":{"modelName":"newRequestItems","path":"/RequestItems/1"},"ancestor":{"id":"requestItemsTable","viewName":"etm.portal.ui.managerequests.view.NewRequest"}}},"wdio_ui5_key":"etmportal.ui.managerequests.view.NewRequestsap.ui.core.Icon{\"src\":{\"regex\":{\"source\":\"message\\\\-error\"}}}{\"controlType\":\"sap.m.ColumnListItem\",\"viewName\":\"etm.portal.ui.managerequests.view.NewRequest\",\"bindingPath\":{\"modelName\":\"newRequestItems\",\"path\":\"/RequestItems/1\"},\"ancestor\":{\"id\":\"requestItemsTable\",\"viewName\":\"etm.portal.ui.managerequests.view.NewRequest\"}}"}]}
RESULT: undefined
COMMAND: POST /session/801e128c03398a69ab1c232e24d6d46c/element - {"using":"xpath","value":"//*[@id=\"__status4-__xmlview1--requestItemsTable-1-icon\"]"}
RESULT: {}
RESULT: {"using":"xpath","value":"//*[@id=\"__status4-__xmlview1--requestItemsTable-1-icon\"]"}
COMMAND: POST /session/801e128c03398a69ab1c232e24d6d46c/element/f.1FA3EEE566D6D7C9BB4DC331EA0F15D0.d.C2548B6AAED17FEA273C85B8873CFAE7.e.5376/click - {}
RESULT: {}
COMMAND: GET /session/801e128c03398a69ab1c232e24d6d46c/screenshot - {}
RESULT: {}
RESULT: undefined
COMMAND: POST /session/801e128c03398a69ab1c232e24d6d46c/execute/async - {"script":"<script> [776 bytes]","args":[{"enterText":"Cost Center","selector":{"id":"costObjectAdminTypeComboBox","viewName":"etm.portal.ui.managerequests.view.NewRequest","searchOpenDialogs":true,"interaction":{"idSuffix":"inner"}},"clearTextFirst":true,"interactionType":"ENTER_TEXT"}]}
RESULT: {"script":"<script> [776 bytes]","args":[{"enterText":"Cost Center","selector":{"id":"costObjectAdminTypeComboBox","viewName":"etm.portal.ui.managerequests.view.NewRequest","searchOpenDialogs":true,"interaction":{"idSuffix":"inner"}},"clearTextFirst":true,"interactionType":"ENTER_TEXT"}]}
COMMAND: POST /session/801e128c03398a69ab1c232e24d6d46c/actions - {"actions":[{"id":"action42","type":"key","parameters":{},"actions":[{"type":"keyDown","value":""},{"type":"pause","duration":10},{"type":"keyUp","value":""}]}]}
RESULT: {"actions":[{"id":"action42","type":"key","parameters":{},"actions":[{"type":"keyDown","value":""},{"type":"pause","duration":10},{"type":"keyUp","value":""}]}]}
COMMAND: GET /session/801e128c03398a69ab1c232e24d6d46c/screenshot - {}
RESULT: {}
RESULT: undefined
COMMAND: POST /session/801e128c03398a69ab1c232e24d6d46c/execute/async - {"script":"<script> [776 bytes]","args":[{"enterText":"1001 - 1001","selector":{"id":"costObjectIdComboBox","viewName":"etm.portal.ui.managerequests.view.NewRequest","searchOpenDialogs":true,"interaction":{"idSuffix":"inner"}},"clearTextFirst":true,"interactionType":"ENTER_TEXT"}]}
RESULT: {"script":"<script> [776 bytes]","args":[{"enterText":"1001 - 1001","selector":{"id":"costObjectIdComboBox","viewName":"etm.portal.ui.managerequests.view.NewRequest","searchOpenDialogs":true,"interaction":{"idSuffix":"inner"}},"clearTextFirst":true,"interactionType":"ENTER_TEXT"}]}
COMMAND: POST /session/801e128c03398a69ab1c232e24d6d46c/actions - {"actions":[{"id":"action43","type":"key","parameters":{},"actions":[{"type":"keyDown","value":""},{"type":"pause","duration":10},{"type":"keyUp","value":""}]}]}
RESULT: {"actions":[{"id":"action43","type":"key","parameters":{},"actions":[{"type":"keyDown","value":""},{"type":"pause","duration":10},{"type":"keyUp","value":""}]}]}
COMMAND: GET /session/801e128c03398a69ab1c232e24d6d46c/screenshot - {}
RESULT: {}
COMMAND: POST /session/801e128c03398a69ab1c232e24d6d46c/element - {"using":"xpath","value":"(//bdi[(text() = 'Save' or . = 'Save')])[1]"}
RESULT: {"using":"xpath","value":"(//bdi[(text() = 'Save' or . = 'Save')])[1]"}
COMMAND: POST /session/801e128c03398a69ab1c232e24d6d46c/element/f.1FA3EEE566D6D7C9BB4DC331EA0F15D0.d.C2548B6AAED17FEA273C85B8873CFAE7.e.5388/click - {}
RESULT: {}
COMMAND: GET /session/801e128c03398a69ab1c232e24d6d46c/screenshot - {}
RESULT: {}
COMMAND: POST /session/801e128c03398a69ab1c232e24d6d46c/execute/async - {"script":"<script> [1562 bytes]","args":[{"selector":{"controlType":"sap.m.Button","viewName":"etm.portal.ui.managerequests.view.NewRequest","bindingPath":{"path":"/RequestItems/0","propertyPath":"PICK_UP","modelName":"newRequestItems"},"interaction":{"idSuffix":"BDI-content"}},"wdio_ui5_key":"etmportal.ui.managerequests.view.NewRequestsap.m.Button{\"path\":\"/RequestItems/0\",\"propertyPath\":\"PICK_UP\",\"modelName\":\"newRequestItems\"}"}]}
RESULT: {"script":"<script> [1562 bytes]","args":[{"selector":{"controlType":"sap.m.Button","viewName":"etm.portal.ui.managerequests.view.NewRequest","bindingPath":{"path":"/RequestItems/0","propertyPath":"PICK_UP","modelName":"newRequestItems"},"interaction":{"idSuffix":"BDI-content"}},"wdio_ui5_key":"etmportal.ui.managerequests.view.NewRequestsap.m.Button{\"path\":\"/RequestItems/0\",\"propertyPath\":\"PICK_UP\",\"modelName\":\"newRequestItems\"}"}]}
RESULT: undefined
COMMAND: POST /session/801e128c03398a69ab1c232e24d6d46c/element - {"using":"xpath","value":"//*[@id=\"__xmlview1--pickUpItemButton-__xmlview1--requestItemsTable-0\"]"}
RESULT: {"using":"xpath","value":"//*[@id=\"__xmlview1--pickUpItemButton-__xmlview1--requestItemsTable-0\"]"}
COMMAND: POST /session/801e128c03398a69ab1c232e24d6d46c/element/f.1FA3EEE566D6D7C9BB4DC331EA0F15D0.d.C2548B6AAED17FEA273C85B8873CFAE7.e.5392/click - {}
RESULT: {}
COMMAND: GET /session/801e128c03398a69ab1c232e24d6d46c/screenshot - {}
RESULT: {}
COMMAND: POST /session/801e128c03398a69ab1c232e24d6d46c/execute/async - {"script":"<script> [1562 bytes]","args":[{"selector":{"controlType":"sap.m.Button","viewName":"etm.portal.ui.managerequests.view.NewRequest","properties":{"text":"Save"},"i18NText":{"propertyName":"tooltip","key":"save"},"interaction":{"idSuffix":"BDI-content"}},"wdio_ui5_key":"etmportal.ui.managerequests.view.NewRequestsap.m.Button{\"propertyName\":\"tooltip\",\"key\":\"save\"}{\"text\":\"Save\"}"}]}
RESULT: {"script":"<script> [1562 bytes]","args":[{"selector":{"controlType":"sap.m.Button","viewName":"etm.portal.ui.managerequests.view.NewRequest","properties":{"text":"Save"},"i18NText":{"propertyName":"tooltip","key":"save"},"interaction":{"idSuffix":"BDI-content"}},"wdio_ui5_key":"etmportal.ui.managerequests.view.NewRequestsap.m.Button{\"propertyName\":\"tooltip\",\"key\":\"save\"}{\"text\":\"Save\"}"}]}
RESULT: undefined
COMMAND: POST /session/801e128c03398a69ab1c232e24d6d46c/element - {"using":"xpath","value":"//*[@id=\"__button11\"]"}
RESULT: {"using":"xpath","value":"//*[@id=\"__button11\"]"}
COMMAND: POST /session/801e128c03398a69ab1c232e24d6d46c/element/f.1FA3EEE566D6D7C9BB4DC331EA0F15D0.d.C2548B6AAED17FEA273C85B8873CFAE7.e.5228/click - {}
RESULT: {}
COMMAND: GET /session/801e128c03398a69ab1c232e24d6d46c/screenshot - {}
RESULT: {}
COMMAND: POST /session/801e128c03398a69ab1c232e24d6d46c/execute/async - {"script":"<script> [1562 bytes]","args":[{"selector":{"controlType":"sap.m.Text","searchOpenDialogs":true},"wdio_ui5_key":"sapm.Text"}]}
RESULT: {"script":"<script> [1562 bytes]","args":[{"selector":{"controlType":"sap.m.Text","searchOpenDialogs":true},"wdio_ui5_key":"sapm.Text"}]}
RESULT: undefined
COMMAND: POST /session/801e128c03398a69ab1c232e24d6d46c/execute/async - {"script":"<script> [6424 bytes]","args":[{"element-6066-11e4-a52e-4f735466cecf":"f.1FA3EEE566D6D7C9BB4DC331EA0F15D0.d.C2548B6AAED17FEA273C85B8873CFAE7.e.5395"},"getText",[]]}
RESULT: {"script":"<script> [6424 bytes]","args":[{"element-6066-11e4-a52e-4f735466cecf":"f.1FA3EEE566D6D7C9BB4DC331EA0F15D0.d.C2548B6AAED17FEA273C85B8873CFAE7.e.5395"},"getText",[]]}
COMMAND: POST /session/801e128c03398a69ab1c232e24d6d46c/execute/async - {"script":"<script> [1562 bytes]","args":[{"selector":{"controlType":"sap.m.Button","properties":{"text":"Close"},"searchOpenDialogs":true,"interaction":{"idSuffix":"BDI-content"}},"wdio_ui5_key":"sapm.Button{\"text\":\"Close\"}"}]}
RESULT: {"script":"<script> [1562 bytes]","args":[{"selector":{"controlType":"sap.m.Button","properties":{"text":"Close"},"searchOpenDialogs":true,"interaction":{"idSuffix":"BDI-content"}},"wdio_ui5_key":"sapm.Button{\"text\":\"Close\"}"}]}
RESULT: undefined
COMMAND: POST /session/801e128c03398a69ab1c232e24d6d46c/element - {"using":"xpath","value":"//*[@id=\"__mbox-btn-0\"]"}
RESULT: {"using":"xpath","value":"//*[@id=\"__mbox-btn-0\"]"}
COMMAND: POST /session/801e128c03398a69ab1c232e24d6d46c/element/f.1FA3EEE566D6D7C9BB4DC331EA0F15D0.d.C2548B6AAED17FEA273C85B8873CFAE7.e.5394/click - {}
RESULT: {}
COMMAND: GET /session/801e128c03398a69ab1c232e24d6d46c/screenshot - {}
RESULT: {}
COMMAND: POST /session/801e128c03398a69ab1c232e24d6d46c/execute/async - {"script":"<script> [1562 bytes]","args":[{"selector":{"controlType":"sap.m.Button","viewName":"etm.portal.ui.managerequests.view.Detail","bindingPath":{"path":"/SmartRequestItemsPlanningBoard(ITEM=10m,REQUEST='20187')","propertyPath":"PICK_UP"}},"wdio_ui5_key":"etmportal.ui.managerequests.view.Detailsap.m.Button{\"path\":\"/SmartRequestItemsPlanningBoard(ITEM=10m,REQUEST='20187')\",\"propertyPath\":\"PICK_UP\"}"}]}
RESULT: {"script":"<script> [1562 bytes]","args":[{"selector":{"controlType":"sap.m.Button","viewName":"etm.portal.ui.managerequests.view.Detail","bindingPath":{"path":"/SmartRequestItemsPlanningBoard(ITEM=10m,REQUEST='20187')","propertyPath":"PICK_UP"}},"wdio_ui5_key":"etmportal.ui.managerequests.view.Detailsap.m.Button{\"path\":\"/SmartRequestItemsPlanningBoard(ITEM=10m,REQUEST='20187')\",\"propertyPath\":\"PICK_UP\"}"}]}
RESULT: undefined
COMMAND: POST /session/801e128c03398a69ab1c232e24d6d46c/execute/async - {"script":"<script> [6424 bytes]","args":[{"element-6066-11e4-a52e-4f735466cecf":"f.1FA3EEE566D6D7C9BB4DC331EA0F15D0.d.C2548B6AAED17FEA273C85B8873CFAE7.e.5503"},"getType",[]]}
RESULT: {"script":"<script> [6424 bytes]","args":[{"element-6066-11e4-a52e-4f735466cecf":"f.1FA3EEE566D6D7C9BB4DC331EA0F15D0.d.C2548B6AAED17FEA273C85B8873CFAE7.e.5503"},"getType",[]]}
COMMAND: POST /session/801e128c03398a69ab1c232e24d6d46c/execute/async - {"script":"<script> [1562 bytes]","args":[{"selector":{"controlType":"sap.m.Button","viewName":"etm.portal.ui.managerequests.view.Detail","bindingPath":{"path":"/SmartRequestItemsPlanningBoard(ITEM=20m,REQUEST='20187')","propertyPath":"PICK_UP"}},"wdio_ui5_key":"etmportal.ui.managerequests.view.Detailsap.m.Button{\"path\":\"/SmartRequestItemsPlanningBoard(ITEM=20m,REQUEST='20187')\",\"propertyPath\":\"PICK_UP\"}"}]}
RESULT: {"script":"<script> [1562 bytes]","args":[{"selector":{"controlType":"sap.m.Button","viewName":"etm.portal.ui.managerequests.view.Detail","bindingPath":{"path":"/SmartRequestItemsPlanningBoard(ITEM=20m,REQUEST='20187')","propertyPath":"PICK_UP"}},"wdio_ui5_key":"etmportal.ui.managerequests.view.Detailsap.m.Button{\"path\":\"/SmartRequestItemsPlanningBoard(ITEM=20m,REQUEST='20187')\",\"propertyPath\":\"PICK_UP\"}"}]}
RESULT: undefined
COMMAND: POST /session/801e128c03398a69ab1c232e24d6d46c/execute/async - {"script":"<script> [6424 bytes]","args":[{"element-6066-11e4-a52e-4f735466cecf":"f.1FA3EEE566D6D7C9BB4DC331EA0F15D0.d.C2548B6AAED17FEA273C85B8873CFAE7.e.5525"},"getType",[]]}
RESULT: {"script":"<script> [6424 bytes]","args":[{"element-6066-11e4-a52e-4f735466cecf":"f.1FA3EEE566D6D7C9BB4DC331EA0F15D0.d.C2548B6AAED17FEA273C85B8873CFAE7.e.5525"},"getType",[]]}
COMMAND: POST /session/801e128c03398a69ab1c232e24d6d46c/execute/async - {"script":"<script> [1562 bytes]","args":[{"selector":{"id":"pickUpSwitchHeader","viewName":"etm.portal.ui.managerequests.view.Detail","interaction":{"idSuffix":"handle"}},"wdio_ui5_key":"pickUpSwitchHeaderetmportal.ui.managerequests.view.Detail"}]}
RESULT: {"script":"<script> [1562 bytes]","args":[{"selector":{"id":"pickUpSwitchHeader","viewName":"etm.portal.ui.managerequests.view.Detail","interaction":{"idSuffix":"handle"}},"wdio_ui5_key":"pickUpSwitchHeaderetmportal.ui.managerequests.view.Detail"}]}
RESULT: undefined
COMMAND: POST /session/801e128c03398a69ab1c232e24d6d46c/element - {"using":"xpath","value":"//*[@id=\"__xmlview2--pickUpSwitchHeader\"]"}
RESULT: {"using":"xpath","value":"//*[@id=\"__xmlview2--pickUpSwitchHeader\"]"}
COMMAND: POST /session/801e128c03398a69ab1c232e24d6d46c/element/f.1FA3EEE566D6D7C9BB4DC331EA0F15D0.d.C2548B6AAED17FEA273C85B8873CFAE7.e.5474/click - {}
RESULT: {}
COMMAND: POST /session/801e128c03398a69ab1c232e24d6d46c/execute/async - {"script":"<script> [1562 bytes]","args":[{"selector":{"controlType":"sap.ui.core.Icon","viewName":"etm.portal.ui.managerequests.view.Detail","properties":{"src":{"regex":{"source":"pushpin\\-off"}}}},"wdio_ui5_key":"etmportal.ui.managerequests.view.Detailsap.ui.core.Icon{\"src\":{\"regex\":{\"source\":\"pushpin\\\\-off\"}}}"}]}
COMMAND: GET /session/801e128c03398a69ab1c232e24d6d46c/screenshot - {}
RESULT: {"script":"<script> [1562 bytes]","args":[{"selector":{"controlType":"sap.ui.core.Icon","viewName":"etm.portal.ui.managerequests.view.Detail","properties":{"src":{"regex":{"source":"pushpin\\-off"}}}},"wdio_ui5_key":"etmportal.ui.managerequests.view.Detailsap.ui.core.Icon{\"src\":{\"regex\":{\"source\":\"pushpin\\\\-off\"}}}"}]}
RESULT: undefined
COMMAND: POST /session/801e128c03398a69ab1c232e24d6d46c/element - {"using":"xpath","value":"//*[@id=\"__xmlview2--detailRequestPage-OPHeaderContent-pinBtn-img\"]"}
RESULT: {}
RESULT: {"using":"xpath","value":"//*[@id=\"__xmlview2--detailRequestPage-OPHeaderContent-pinBtn-img\"]"}
COMMAND: POST /session/801e128c03398a69ab1c232e24d6d46c/element/f.1FA3EEE566D6D7C9BB4DC331EA0F15D0.d.C2548B6AAED17FEA273C85B8873CFAE7.e.5482/click - {}
RESULT: {}
RESULT: undefined
COMMAND: POST /session/801e128c03398a69ab1c232e24d6d46c/execute/async - {"script":"<script> [6424 bytes]","args":[{"element-6066-11e4-a52e-4f735466cecf":"f.1FA3EEE566D6D7C9BB4DC331EA0F15D0.d.C2548B6AAED17FEA273C85B8873CFAE7.e.5503"},"getType",[]]}
COMMAND: GET /session/801e128c03398a69ab1c232e24d6d46c/screenshot - {}
RESULT: {}
RESULT: {"script":"<script> [6424 bytes]","args":[{"element-6066-11e4-a52e-4f735466cecf":"f.1FA3EEE566D6D7C9BB4DC331EA0F15D0.d.C2548B6AAED17FEA273C85B8873CFAE7.e.5503"},"getType",[]]}
RESULT: undefined
COMMAND: POST /session/801e128c03398a69ab1c232e24d6d46c/execute/async - {"script":"<script> [6424 bytes]","args":[{"element-6066-11e4-a52e-4f735466cecf":"f.1FA3EEE566D6D7C9BB4DC331EA0F15D0.d.C2548B6AAED17FEA273C85B8873CFAE7.e.5525"},"getType",[]]}
RESULT: {"script":"<script> [6424 bytes]","args":[{"element-6066-11e4-a52e-4f735466cecf":"f.1FA3EEE566D6D7C9BB4DC331EA0F15D0.d.C2548B6AAED17FEA273C85B8873CFAE7.e.5525"},"getType",[]]}
COMMAND: POST /session/801e128c03398a69ab1c232e24d6d46c/execute/async - {"script":"<script> [1562 bytes]","args":[{"selector":{"controlType":"sap.ui.core.Icon","viewName":"etm.portal.ui.managerequests.view.Detail","properties":{"src":{"regex":{"source":"date\\-time"}}},"ancestor":{"controlType":"sap.m.ColumnListItem","viewName":"etm.portal.ui.managerequests.view.Detail","bindingPath":{"path":"/SmartRequestItemsPlanningBoard(ITEM=10m,REQUEST='20187')"},"ancestor":{"id":"requestItemsTable","viewName":"etm.portal.ui.managerequests.view.Detail"}}},"wdio_ui5_key":"etmportal.ui.managerequests.view.Detailsap.ui.core.Icon{\"src\":{\"regex\":{\"source\":\"date\\\\-time\"}}}{\"controlType\":\"sap.m.ColumnListItem\",\"viewName\":\"etm.portal.ui.managerequests.view.Detail\",\"bindingPath\":{\"path\":\"/SmartRequestItemsPlanningBoard(ITEM=10m,REQUEST='20187')\"},\"ancestor\":{\"id\":\"requestItemsTable\",\"viewName\":\"etm.portal.ui.managerequests.view.Detail\"}}"}]}
RESULT: {"script":"<script> [1562 bytes]","args":[{"selector":{"controlType":"sap.ui.core.Icon","viewName":"etm.portal.ui.managerequests.view.Detail","properties":{"src":{"regex":{"source":"date\\-time"}}},"ancestor":{"controlType":"sap.m.ColumnListItem","viewName":"etm.portal.ui.managerequests.view.Detail","bindingPath":{"path":"/SmartRequestItemsPlanningBoard(ITEM=10m,REQUEST='20187')"},"ancestor":{"id":"requestItemsTable","viewName":"etm.portal.ui.managerequests.view.Detail"}}},"wdio_ui5_key":"etmportal.ui.managerequests.view.Detailsap.ui.core.Icon{\"src\":{\"regex\":{\"source\":\"date\\\\-time\"}}}{\"controlType\":\"sap.m.ColumnListItem\",\"viewName\":\"etm.portal.ui.managerequests.view.Detail\",\"bindingPath\":{\"path\":\"/SmartRequestItemsPlanningBoard(ITEM=10m,REQUEST='20187')\"},\"ancestor\":{\"id\":\"requestItemsTable\",\"viewName\":\"etm.portal.ui.managerequests.view.Detail\"}}"}]}
RESULT: undefined
COMMAND: POST /session/801e128c03398a69ab1c232e24d6d46c/element - {"using":"xpath","value":"//*[@id=\"__button39-__clone1825-img\"]"}
RESULT: {"using":"xpath","value":"//*[@id=\"__button39-__clone1825-img\"]"}
COMMAND: POST /session/801e128c03398a69ab1c232e24d6d46c/element/f.1FA3EEE566D6D7C9BB4DC331EA0F15D0.d.C2548B6AAED17FEA273C85B8873CFAE7.e.5534/click - {}
RESULT: {}
COMMAND: POST /session/801e128c03398a69ab1c232e24d6d46c/execute/async - {"script":"<script> [1562 bytes]","args":[{"selector":{"controlType":"sap.m.Button","viewName":"etm.portal.ui.managerequests.view.Detail","properties":{"text":"Close"},"searchOpenDialogs":true,"interaction":{"idSuffix":"inner"}},"wdio_ui5_key":"etmportal.ui.managerequests.view.Detailsap.m.Button{\"text\":\"Close\"}"}]}
COMMAND: GET /session/801e128c03398a69ab1c232e24d6d46c/screenshot - {}
RESULT: {"script":"<script> [1562 bytes]","args":[{"selector":{"controlType":"sap.m.Button","viewName":"etm.portal.ui.managerequests.view.Detail","properties":{"text":"Close"},"searchOpenDialogs":true,"interaction":{"idSuffix":"inner"}},"wdio_ui5_key":"etmportal.ui.managerequests.view.Detailsap.m.Button{\"text\":\"Close\"}"}]}
RESULT: undefined
COMMAND: POST /session/801e128c03398a69ab1c232e24d6d46c/element - {"using":"xpath","value":"//*[@id=\"__button49\"]"}
RESULT: {}
RESULT: {"using":"xpath","value":"//*[@id=\"__button49\"]"}
COMMAND: POST /session/801e128c03398a69ab1c232e24d6d46c/element/f.1FA3EEE566D6D7C9BB4DC331EA0F15D0.d.C2548B6AAED17FEA273C85B8873CFAE7.e.5536/click - {}
RESULT: {}
COMMAND: POST /session/801e128c03398a69ab1c232e24d6d46c/execute/async - {"script":"<script> [1562 bytes]","args":[{"selector":{"controlType":"sap.ui.core.Icon","viewName":"etm.portal.ui.managerequests.view.Detail","properties":{"src":{"regex":{"source":"date\\-time"}}},"ancestor":{"controlType":"sap.m.ColumnListItem","viewName":"etm.portal.ui.managerequests.view.Detail","bindingPath":{"path":"/SmartRequestItemsPlanningBoard(ITEM=20m,REQUEST='20187')"},"ancestor":{"id":"requestItemsTable","viewName":"etm.portal.ui.managerequests.view.Detail"}}},"wdio_ui5_key":"etmportal.ui.managerequests.view.Detailsap.ui.core.Icon{\"src\":{\"regex\":{\"source\":\"date\\\\-time\"}}}{\"controlType\":\"sap.m.ColumnListItem\",\"viewName\":\"etm.portal.ui.managerequests.view.Detail\",\"bindingPath\":{\"path\":\"/SmartRequestItemsPlanningBoard(ITEM=20m,REQUEST='20187')\"},\"ancestor\":{\"id\":\"requestItemsTable\",\"viewName\":\"etm.portal.ui.managerequests.view.Detail\"}}"}]}
COMMAND: GET /session/801e128c03398a69ab1c232e24d6d46c/screenshot - {}
RESULT: {"script":"<script> [1562 bytes]","args":[{"selector":{"controlType":"sap.ui.core.Icon","viewName":"etm.portal.ui.managerequests.view.Detail","properties":{"src":{"regex":{"source":"date\\-time"}}},"ancestor":{"controlType":"sap.m.ColumnListItem","viewName":"etm.portal.ui.managerequests.view.Detail","bindingPath":{"path":"/SmartRequestItemsPlanningBoard(ITEM=20m,REQUEST='20187')"},"ancestor":{"id":"requestItemsTable","viewName":"etm.portal.ui.managerequests.view.Detail"}}},"wdio_ui5_key":"etmportal.ui.managerequests.view.Detailsap.ui.core.Icon{\"src\":{\"regex\":{\"source\":\"date\\\\-time\"}}}{\"controlType\":\"sap.m.ColumnListItem\",\"viewName\":\"etm.portal.ui.managerequests.view.Detail\",\"bindingPath\":{\"path\":\"/SmartRequestItemsPlanningBoard(ITEM=20m,REQUEST='20187')\"},\"ancestor\":{\"id\":\"requestItemsTable\",\"viewName\":\"etm.portal.ui.managerequests.view.Detail\"}}"}]}
RESULT: undefined
COMMAND: POST /session/801e128c03398a69ab1c232e24d6d46c/element - {"using":"xpath","value":"//*[@id=\"__button39-__clone1826-img\"]"}
RESULT: {}
RESULT: {"using":"xpath","value":"//*[@id=\"__button39-__clone1826-img\"]"}
COMMAND: POST /session/801e128c03398a69ab1c232e24d6d46c/element/f.1FA3EEE566D6D7C9BB4DC331EA0F15D0.d.C2548B6AAED17FEA273C85B8873CFAE7.e.5543/click - {}
RESULT: {}
RESULT: undefined
COMMAND: POST /session/801e128c03398a69ab1c232e24d6d46c/element - {"using":"xpath","value":"//*[@id=\"__button49\"]"}
COMMAND: GET /session/801e128c03398a69ab1c232e24d6d46c/screenshot - {}
RESULT: {"using":"xpath","value":"//*[@id=\"__button49\"]"}
COMMAND: POST /session/801e128c03398a69ab1c232e24d6d46c/elements - {"using":"xpath","value":"//*[@id=\"__button49\"]"}
RESULT: {}
RESULT: {"using":"xpath","value":"//*[@id=\"__button49\"]"}
COMMAND: POST /session/801e128c03398a69ab1c232e24d6d46c/element - {"using":"xpath","value":"//*[@id=\"__button49\"]"}
RESULT: {"using":"xpath","value":"//*[@id=\"__button49\"]"}
COMMAND: POST /session/801e128c03398a69ab1c232e24d6d46c/element/f.1FA3EEE566D6D7C9BB4DC331EA0F15D0.d.C2548B6AAED17FEA273C85B8873CFAE7.e.5547/click - {}
RESULT: {}
COMMAND: POST /session/801e128c03398a69ab1c232e24d6d46c/execute/async - {"script":"<script> [189 bytes]","args":[]}
COMMAND: GET /session/801e128c03398a69ab1c232e24d6d46c/screenshot - {}
RESULT: {"script":"<script> [189 bytes]","args":[]}
COMMAND: POST /session/801e128c03398a69ab1c232e24d6d46c/execute/async - {"script":"<script> [123 bytes]","args":[]}
RESULT: {}
RESULT: {"script":"<script> [123 bytes]","args":[]}
COMMAND: POST /session/801e128c03398a69ab1c232e24d6d46c/timeouts - {"script":"<number>"}
RESULT: {"script":"<number>"}
COMMAND: GET /session/801e128c03398a69ab1c232e24d6d46c/timeouts - {}
RESULT: {}
RESULT: undefined
COMMAND: POST /session/801e128c03398a69ab1c232e24d6d46c/execute/async - {"script":"<script> [2676 bytes]","args":[]}
RESULT: {"script":"<script> [2676 bytes]","args":[]}
COMMAND: POST /session/801e128c03398a69ab1c232e24d6d46c/execute/async - {"script":"<script> [2342 bytes]","args":[{"protocol":"http","hostname":"0.0.0.0","path":"/","capabilities":{"browserName":"chrome","goog:chromeOptions":{"binary":"C:\\Program Files\\Google\\Chrome\\Application\\chrome.exe","args":["--start-maximized"]}},"logLevel":"warn","connectionRetryTimeout":120000,"connectionRetryCount":3,"logLevels":{},"enableDirectConnect":true,"strictSSL":true,"_":"65 more keys: [\"cacheDir\",\"port\",\"requestedCapabilities\",\"automationProtocol\",\"baseUrl\",\"waitforInterval\",\"waitforTimeout\",\"onReload\",\"beforeCommand\",\"afterCommand\",\"rootDir\",\"specs\",\"suites\",\"exclude\",\"groupLogsByTestSpec\",\"excludeDriverLogs\",\"bail\",\"framework\",\"reporters\",\"services\",\"maxInstances\",\"maxInstancesPerCapability\",\"injectGlobals\",\"filesToWatch\",\"execArgv\",\"runnerEnv\",\"runner\",\"shard\",\"specFileRetries\",\"specFileRetriesDelay\",\"specFileRetriesDeferred\",\"reporterSyncInterval\",\"reporterSyncTimeout\",\"cucumberFeaturesWithLineNumbers\",\"autoCompileOpts\",\"mochaOpts\",\"jasmineOpts\",\"cucumberOpts\",\"onPrepare\",\"onWorkerStart\",\"onWorkerEnd\",\"before\",\"beforeSession\",\"beforeSuite\",\"beforeHook\",\"beforeTest\",\"afterTest\",\"afterHook\",\"afterSuite\",\"afterSession\",\"after\",\"onComplete\",\"beforeAssertion\",\"afterAssertion\",\"beforeFeature\",\"beforeScenario\",\"beforeStep\",\"afterStep\",\"afterScenario\",\"afterFeature\",\"_\",\"suite\",\"$0\",\"ignoredWorkerServices\",\"wdi5\"]"}]}
RESULT: {"script":"<script> [2342 bytes]","args":[{"protocol":"http","hostname":"0.0.0.0","path":"/","capabilities":{"browserName":"chrome","goog:chromeOptions":{"binary":"C:\\Program Files\\Google\\Chrome\\Application\\chrome.exe","args":["--start-maximized"]}},"logLevel":"warn","connectionRetryTimeout":120000,"connectionRetryCount":3,"logLevels":{},"enableDirectConnect":true,"strictSSL":true,"_":"65 more keys: [\"cacheDir\",\"port\",\"requestedCapabilities\",\"automationProtocol\",\"baseUrl\",\"waitforInterval\",\"waitforTimeout\",\"onReload\",\"beforeCommand\",\"afterCommand\",\"rootDir\",\"specs\",\"suites\",\"exclude\",\"groupLogsByTestSpec\",\"excludeDriverLogs\",\"bail\",\"framework\",\"reporters\",\"services\",\"maxInstances\",\"maxInstancesPerCapability\",\"injectGlobals\",\"filesToWatch\",\"execArgv\",\"runnerEnv\",\"runner\",\"shard\",\"specFileRetries\",\"specFileRetriesDelay\",\"specFileRetriesDeferred\",\"reporterSyncInterval\",\"reporterSyncTimeout\",\"cucumberFeaturesWithLineNumbers\",\"autoCompileOpts\",\"mochaOpts\",\"jasmineOpts\",\"cucumberOpts\",\"onPrepare\",\"onWorkerStart\",\"onWorkerEnd\",\"before\",\"beforeSession\",\"beforeSuite\",\"beforeHook\",\"beforeTest\",\"afterTest\",\"afterHook\",\"afterSuite\",\"afterSession\",\"after\",\"onComplete\",\"beforeAssertion\",\"afterAssertion\",\"beforeFeature\",\"beforeScenario\",\"beforeStep\",\"afterStep\",\"afterScenario\",\"afterFeature\",\"_\",\"suite\",\"$0\",\"ignoredWorkerServices\",\"wdi5\"]"}]}
COMMAND: POST /session/801e128c03398a69ab1c232e24d6d46c/execute/async - {"script":"<script> [21126 bytes]","args":[35000]}
RESULT: {"script":"<script> [21126 bytes]","args":[35000]}
COMMAND: POST /session/801e128c03398a69ab1c232e24d6d46c/execute/async - {"script":"<script> [1562 bytes]","args":[{"selector":{"controlType":"sap.m.Button","viewName":"etm.portal.ui.managerequests.view.Detail","bindingPath":{"path":"/SmartRequestItemsPlanningBoard(ITEM=10m,REQUEST='20187')","propertyPath":"PICK_UP"}},"wdio_ui5_key":"etmportal.ui.managerequests.view.Detailsap.m.Button{\"path\":\"/SmartRequestItemsPlanningBoard(ITEM=10m,REQUEST='20187')\",\"propertyPath\":\"PICK_UP\"}"}]}
RESULT: {"script":"<script> [1562 bytes]","args":[{"selector":{"controlType":"sap.m.Button","viewName":"etm.portal.ui.managerequests.view.Detail","bindingPath":{"path":"/SmartRequestItemsPlanningBoard(ITEM=10m,REQUEST='20187')","propertyPath":"PICK_UP"}},"wdio_ui5_key":"etmportal.ui.managerequests.view.Detailsap.m.Button{\"path\":\"/SmartRequestItemsPlanningBoard(ITEM=10m,REQUEST='20187')\",\"propertyPath\":\"PICK_UP\"}"}]}
RESULT: undefined
COMMAND: POST /session/801e128c03398a69ab1c232e24d6d46c/execute/async - {"script":"<script> [6424 bytes]","args":[{"element-6066-11e4-a52e-4f735466cecf":"f.1FA3EEE566D6D7C9BB4DC331EA0F15D0.d.C2548B6AAED17FEA273C85B8873CFAE7.e.5503"},"getType",[]]}
RESULT: {"script":"<script> [6424 bytes]","args":[{"element-6066-11e4-a52e-4f735466cecf":"f.1FA3EEE566D6D7C9BB4DC331EA0F15D0.d.C2548B6AAED17FEA273C85B8873CFAE7.e.5503"},"getType",[]]}
COMMAND: POST /session/801e128c03398a69ab1c232e24d6d46c/execute/async - {"script":"<script> [1562 bytes]","args":[{"selector":{"controlType":"sap.m.Button","viewName":"etm.portal.ui.managerequests.view.Detail","bindingPath":{"path":"/SmartRequestItemsPlanningBoard(ITEM=20m,REQUEST='20187')","propertyPath":"PICK_UP"}},"wdio_ui5_key":"etmportal.ui.managerequests.view.Detailsap.m.Button{\"path\":\"/SmartRequestItemsPlanningBoard(ITEM=20m,REQUEST='20187')\",\"propertyPath\":\"PICK_UP\"}"}]}
RESULT: {"script":"<script> [1562 bytes]","args":[{"selector":{"controlType":"sap.m.Button","viewName":"etm.portal.ui.managerequests.view.Detail","bindingPath":{"path":"/SmartRequestItemsPlanningBoard(ITEM=20m,REQUEST='20187')","propertyPath":"PICK_UP"}},"wdio_ui5_key":"etmportal.ui.managerequests.view.Detailsap.m.Button{\"path\":\"/SmartRequestItemsPlanningBoard(ITEM=20m,REQUEST='20187')\",\"propertyPath\":\"PICK_UP\"}"}]}
RESULT: undefined
COMMAND: POST /session/801e128c03398a69ab1c232e24d6d46c/execute/async - {"script":"<script> [6424 bytes]","args":[{"element-6066-11e4-a52e-4f735466cecf":"f.1FA3EEE566D6D7C9BB4DC331EA0F15D0.d.C2548B6AAED17FEA273C85B8873CFAE7.e.5525"},"getType",[]]}
RESULT: {"script":"<script> [6424 bytes]","args":[{"element-6066-11e4-a52e-4f735466cecf":"f.1FA3EEE566D6D7C9BB4DC331EA0F15D0.d.C2548B6AAED17FEA273C85B8873CFAE7.e.5525"},"getType",[]]}
]]></system-out>
    </testcase>
    <testcase classname="chrome.136_0_7103_93.windows.Manage_request_+_Contract_processing_pick_up_option_US120163_" name="Should Contract processing pick up option" time="138.437">
      <system-out><![CDATA[
COMMAND: POST /session/801e128c03398a69ab1c232e24d6d46c/execute/async - {"script":"<script> [1562 bytes]","args":[{"selector":{"id":"requestContractNo","viewName":"etm.portal.ui.managerequests.view.Detail"},"wdio_ui5_key":"requestContractNoetmportal.ui.managerequests.view.Detail"}]}
RESULT: {"script":"<script> [1562 bytes]","args":[{"selector":{"id":"requestContractNo","viewName":"etm.portal.ui.managerequests.view.Detail"},"wdio_ui5_key":"requestContractNoetmportal.ui.managerequests.view.Detail"}]}
RESULT: undefined
COMMAND: POST /session/801e128c03398a69ab1c232e24d6d46c/element - {"using":"xpath","value":"//*[@id=\"__xmlview2--requestContractNo\"]"}
RESULT: {"using":"xpath","value":"//*[@id=\"__xmlview2--requestContractNo\"]"}
COMMAND: POST /session/801e128c03398a69ab1c232e24d6d46c/element/f.1FA3EEE566D6D7C9BB4DC331EA0F15D0.d.C2548B6AAED17FEA273C85B8873CFAE7.e.5552/click - {}
RESULT: {}
COMMAND: POST /session/801e128c03398a69ab1c232e24d6d46c/execute/async - {"script":"<script> [1562 bytes]","args":[{"selector":{"controlType":"sap.m.Link","viewName":"etm.portal.ui.managerequests.view.Detail","properties":{"text":"Contract Overview"},"searchOpenDialogs":true},"wdio_ui5_key":"etmportal.ui.managerequests.view.Detailsap.m.Link{\"text\":\"Contract Overview\"}"}]}
COMMAND: GET /session/801e128c03398a69ab1c232e24d6d46c/screenshot - {}
RESULT: {"script":"<script> [1562 bytes]","args":[{"selector":{"controlType":"sap.m.Link","viewName":"etm.portal.ui.managerequests.view.Detail","properties":{"text":"Contract Overview"},"searchOpenDialogs":true},"wdio_ui5_key":"etmportal.ui.managerequests.view.Detailsap.m.Link{\"text\":\"Contract Overview\"}"}]}
RESULT: undefined
COMMAND: POST /session/801e128c03398a69ab1c232e24d6d46c/element - {"using":"xpath","value":"//*[@id=\"__link8\"]"}
RESULT: {}
RESULT: {"using":"xpath","value":"//*[@id=\"__link8\"]"}
COMMAND: POST /session/801e128c03398a69ab1c232e24d6d46c/element/f.1FA3EEE566D6D7C9BB4DC331EA0F15D0.d.C2548B6AAED17FEA273C85B8873CFAE7.e.5554/click - {}
RESULT: {}
COMMAND: GET /session/801e128c03398a69ab1c232e24d6d46c/screenshot - {}
RESULT: {}
COMMAND: POST /session/801e128c03398a69ab1c232e24d6d46c/element - {"using":"xpath","value":"//div[contains(@id ,\"headerBillingItemsTabFilter-text\")]"}
RESULT: {"using":"xpath","value":"//div[contains(@id ,\"headerBillingItemsTabFilter-text\")]"}
COMMAND: POST /session/801e128c03398a69ab1c232e24d6d46c/element/f.1FA3EEE566D6D7C9BB4DC331EA0F15D0.d.C2548B6AAED17FEA273C85B8873CFAE7.e.5754/click - {}
RESULT: {}
COMMAND: GET /session/801e128c03398a69ab1c232e24d6d46c/screenshot - {}
RESULT: {}
COMMAND: POST /session/801e128c03398a69ab1c232e24d6d46c/execute/async - {"script":"<script> [1562 bytes]","args":[{"selector":{"id":"addRequestItemBtn","viewName":"etm.portal.ui.managecontracts.view.Detail","interaction":{"idSuffix":"BDI-content"}},"wdio_ui5_key":"addRequestItemBtnetmportal.ui.managecontracts.view.Detail"}]}
RESULT: {"script":"<script> [1562 bytes]","args":[{"selector":{"id":"addRequestItemBtn","viewName":"etm.portal.ui.managecontracts.view.Detail","interaction":{"idSuffix":"BDI-content"}},"wdio_ui5_key":"addRequestItemBtnetmportal.ui.managecontracts.view.Detail"}]}
RESULT: undefined
COMMAND: POST /session/801e128c03398a69ab1c232e24d6d46c/element - {"using":"xpath","value":"//*[@id=\"__xmlview4--addRequestItemBtn\"]"}
RESULT: {"using":"xpath","value":"//*[@id=\"__xmlview4--addRequestItemBtn\"]"}
COMMAND: POST /session/801e128c03398a69ab1c232e24d6d46c/element/f.1FA3EEE566D6D7C9BB4DC331EA0F15D0.d.C2548B6AAED17FEA273C85B8873CFAE7.e.5663/click - {}
RESULT: {}
COMMAND: GET /session/801e128c03398a69ab1c232e24d6d46c/screenshot - {}
RESULT: {}
COMMAND: POST /session/801e128c03398a69ab1c232e24d6d46c/element - {"using":"xpath","value":"//div[contains(@id ,\"popupRequestTable-sa-CbBg\")]"}
RESULT: {"using":"xpath","value":"//div[contains(@id ,\"popupRequestTable-sa-CbBg\")]"}
COMMAND: POST /session/801e128c03398a69ab1c232e24d6d46c/element/f.1FA3EEE566D6D7C9BB4DC331EA0F15D0.d.C2548B6AAED17FEA273C85B8873CFAE7.e.5781/click - {}
RESULT: {}
COMMAND: GET /session/801e128c03398a69ab1c232e24d6d46c/screenshot - {}
RESULT: {}
COMMAND: POST /session/801e128c03398a69ab1c232e24d6d46c/execute/async - {"script":"<script> [1562 bytes]","args":[{"selector":{"controlType":"sap.m.Button","viewName":"etm.portal.ui.managecontracts.view.Detail","i18NText":{"propertyName":"text","key":"selectionDone"},"searchOpenDialogs":true,"interaction":{"idSuffix":"content"}},"wdio_ui5_key":"etmportal.ui.managecontracts.view.Detailsap.m.Button{\"propertyName\":\"text\",\"key\":\"selectionDone\"}"}]}
RESULT: {"script":"<script> [1562 bytes]","args":[{"selector":{"controlType":"sap.m.Button","viewName":"etm.portal.ui.managecontracts.view.Detail","i18NText":{"propertyName":"text","key":"selectionDone"},"searchOpenDialogs":true,"interaction":{"idSuffix":"content"}},"wdio_ui5_key":"etmportal.ui.managecontracts.view.Detailsap.m.Button{\"propertyName\":\"text\",\"key\":\"selectionDone\"}"}]}
RESULT: undefined
COMMAND: POST /session/801e128c03398a69ab1c232e24d6d46c/element - {"using":"xpath","value":"//*[@id=\"__button64\"]"}
RESULT: {"using":"xpath","value":"//*[@id=\"__button64\"]"}
COMMAND: POST /session/801e128c03398a69ab1c232e24d6d46c/element/f.1FA3EEE566D6D7C9BB4DC331EA0F15D0.d.C2548B6AAED17FEA273C85B8873CFAE7.e.5784/click - {}
RESULT: {}
COMMAND: POST /session/801e128c03398a69ab1c232e24d6d46c/execute/async - {"script":"<script> [1562 bytes]","args":[{"selector":{"controlType":"sap.m.Button","properties":{"text":"OK"},"searchOpenDialogs":true,"interaction":{"idSuffix":"inner"}},"wdio_ui5_key":"sapm.Button{\"text\":\"OK\"}"}]}
COMMAND: GET /session/801e128c03398a69ab1c232e24d6d46c/screenshot - {}
RESULT: {"script":"<script> [1562 bytes]","args":[{"selector":{"controlType":"sap.m.Button","properties":{"text":"OK"},"searchOpenDialogs":true,"interaction":{"idSuffix":"inner"}},"wdio_ui5_key":"sapm.Button{\"text\":\"OK\"}"}]}
RESULT: undefined
COMMAND: POST /session/801e128c03398a69ab1c232e24d6d46c/element - {"using":"xpath","value":"//*[@id=\"__mbox-btn-1\"]"}
RESULT: {}
RESULT: {"using":"xpath","value":"//*[@id=\"__mbox-btn-1\"]"}
COMMAND: POST /session/801e128c03398a69ab1c232e24d6d46c/element/f.1FA3EEE566D6D7C9BB4DC331EA0F15D0.d.C2548B6AAED17FEA273C85B8873CFAE7.e.5785/click - {}
RESULT: {}
COMMAND: GET /session/801e128c03398a69ab1c232e24d6d46c/screenshot - {}
RESULT: {}
COMMAND: POST /session/801e128c03398a69ab1c232e24d6d46c/element - {"using":"xpath","value":"//div[contains(@id ,\"headerBillingItemsTabFilter-text\")]"}
RESULT: {"using":"xpath","value":"//div[contains(@id ,\"headerBillingItemsTabFilter-text\")]"}
COMMAND: POST /session/801e128c03398a69ab1c232e24d6d46c/element/f.1FA3EEE566D6D7C9BB4DC331EA0F15D0.d.C2548B6AAED17FEA273C85B8873CFAE7.e.5754/click - {}
RESULT: {}
COMMAND: GET /session/801e128c03398a69ab1c232e24d6d46c/screenshot - {}
RESULT: {}
COMMAND: POST /session/801e128c03398a69ab1c232e24d6d46c/element - {"using":"xpath","value":"//button[contains(@data-kt ,\"refreshButton\")]"}
RESULT: {"using":"xpath","value":"//button[contains(@data-kt ,\"refreshButton\")]"}
COMMAND: POST /session/801e128c03398a69ab1c232e24d6d46c/element/f.1FA3EEE566D6D7C9BB4DC331EA0F15D0.d.C2548B6AAED17FEA273C85B8873CFAE7.e.5660/click - {}
RESULT: {}
COMMAND: GET /session/801e128c03398a69ab1c232e24d6d46c/screenshot - {}
RESULT: {}
COMMAND: POST /session/801e128c03398a69ab1c232e24d6d46c/element - {"using":"xpath","value":"//div[contains(@id ,\"headerBillingItemsTabFilter-text\")]"}
RESULT: {"using":"xpath","value":"//div[contains(@id ,\"headerBillingItemsTabFilter-text\")]"}
COMMAND: POST /session/801e128c03398a69ab1c232e24d6d46c/element/f.1FA3EEE566D6D7C9BB4DC331EA0F15D0.d.C2548B6AAED17FEA273C85B8873CFAE7.e.5754/click - {}
RESULT: {}
COMMAND: GET /session/801e128c03398a69ab1c232e24d6d46c/screenshot - {}
RESULT: {}
COMMAND: POST /session/801e128c03398a69ab1c232e24d6d46c/execute/async - {"script":"<script> [1562 bytes]","args":[{"selector":{"id":"contractDetailProvideButton","viewName":"etm.portal.ui.managecontracts.view.Detail","interaction":{"idSuffix":"BDI-content"}},"wdio_ui5_key":"contractDetailProvideButtonetmportal.ui.managecontracts.view.Detail"}]}
RESULT: {"script":"<script> [1562 bytes]","args":[{"selector":{"id":"contractDetailProvideButton","viewName":"etm.portal.ui.managecontracts.view.Detail","interaction":{"idSuffix":"BDI-content"}},"wdio_ui5_key":"contractDetailProvideButtonetmportal.ui.managecontracts.view.Detail"}]}
RESULT: undefined
COMMAND: POST /session/801e128c03398a69ab1c232e24d6d46c/element - {"using":"xpath","value":"//*[@id=\"__xmlview4--contractDetailProvideButton\"]"}
RESULT: {"using":"xpath","value":"//*[@id=\"__xmlview4--contractDetailProvideButton\"]"}
COMMAND: POST /session/801e128c03398a69ab1c232e24d6d46c/element/f.1FA3EEE566D6D7C9BB4DC331EA0F15D0.d.C2548B6AAED17FEA273C85B8873CFAE7.e.5669/click - {}
RESULT: {}
COMMAND: GET /session/801e128c03398a69ab1c232e24d6d46c/screenshot - {}
RESULT: {}
COMMAND: POST /session/801e128c03398a69ab1c232e24d6d46c/execute/async - {"script":"<script> [1562 bytes]","args":[{"selector":{"id":"application-managehandovers-display-component---AddNewHO--pickUpCheckbox","interaction":{"idSuffix":"CbBg"}},"wdio_ui5_key":"applicationmanagehandovers-display-component---AddNewHO--pickUpCheckbox"}]}
RESULT: {"script":"<script> [1562 bytes]","args":[{"selector":{"id":"application-managehandovers-display-component---AddNewHO--pickUpCheckbox","interaction":{"idSuffix":"CbBg"}},"wdio_ui5_key":"applicationmanagehandovers-display-component---AddNewHO--pickUpCheckbox"}]}
RESULT: undefined
COMMAND: POST /session/801e128c03398a69ab1c232e24d6d46c/element - {"using":"xpath","value":"//*[@id=\"application-managehandovers-display-component---AddNewHO--pickUpCheckbox\"]"}
RESULT: {"using":"xpath","value":"//*[@id=\"application-managehandovers-display-component---AddNewHO--pickUpCheckbox\"]"}
COMMAND: POST /session/801e128c03398a69ab1c232e24d6d46c/element/f.1FA3EEE566D6D7C9BB4DC331EA0F15D0.d.C2548B6AAED17FEA273C85B8873CFAE7.e.5975/click - {}
RESULT: {}
COMMAND: POST /session/801e128c03398a69ab1c232e24d6d46c/execute/async - {"script":"<script> [1562 bytes]","args":[{"selector":{"id":"application-managehandovers-display-component---AddNewHO--ObjectPageLayout-anchBar-application-managehandovers-display-component---AddNewHO--section4-anchor","interaction":{"idSuffix":"content"}},"wdio_ui5_key":"applicationmanagehandovers-display-component---AddNewHO--ObjectPageLayout-anchBar-application-managehandovers-display-component---AddNewHO--section4-anchor"}]}
COMMAND: GET /session/801e128c03398a69ab1c232e24d6d46c/screenshot - {}
RESULT: {"script":"<script> [1562 bytes]","args":[{"selector":{"id":"application-managehandovers-display-component---AddNewHO--ObjectPageLayout-anchBar-application-managehandovers-display-component---AddNewHO--section4-anchor","interaction":{"idSuffix":"content"}},"wdio_ui5_key":"applicationmanagehandovers-display-component---AddNewHO--ObjectPageLayout-anchBar-application-managehandovers-display-component---AddNewHO--section4-anchor"}]}
RESULT: undefined
COMMAND: POST /session/801e128c03398a69ab1c232e24d6d46c/element - {"using":"xpath","value":"//*[@id=\"application-managehandovers-display-component---AddNewHO--ObjectPageLayout-anchBar-application-managehandovers-display-component---AddNewHO--section4-anchor\"]"}
RESULT: {}
RESULT: {"using":"xpath","value":"//*[@id=\"application-managehandovers-display-component---AddNewHO--ObjectPageLayout-anchBar-application-managehandovers-display-component---AddNewHO--section4-anchor\"]"}
COMMAND: POST /session/801e128c03398a69ab1c232e24d6d46c/element/f.1FA3EEE566D6D7C9BB4DC331EA0F15D0.d.C2548B6AAED17FEA273C85B8873CFAE7.e.5979/click - {}
RESULT: {}
COMMAND: POST /session/801e128c03398a69ab1c232e24d6d46c/execute/async - {"script":"<script> [1562 bytes]","args":[{"selector":{"controlType":"sap.m.Button","viewName":"etm.portal.ui.managehandovers.view.AddNewHO","viewId":"application-managehandovers-display-component---AddNewHO","i18NText":{"propertyName":"tooltip","key":"addItems"},"interaction":{"idSuffix":"inner"}},"wdio_ui5_key":"etmportal.ui.managehandovers.view.AddNewHOsap.m.Button{\"propertyName\":\"tooltip\",\"key\":\"addItems\"}"}]}
COMMAND: GET /session/801e128c03398a69ab1c232e24d6d46c/screenshot - {}
RESULT: {"script":"<script> [1562 bytes]","args":[{"selector":{"controlType":"sap.m.Button","viewName":"etm.portal.ui.managehandovers.view.AddNewHO","viewId":"application-managehandovers-display-component---AddNewHO","i18NText":{"propertyName":"tooltip","key":"addItems"},"interaction":{"idSuffix":"inner"}},"wdio_ui5_key":"etmportal.ui.managehandovers.view.AddNewHOsap.m.Button{\"propertyName\":\"tooltip\",\"key\":\"addItems\"}"}]}
RESULT: undefined
COMMAND: POST /session/801e128c03398a69ab1c232e24d6d46c/element - {"using":"xpath","value":"//*[@id=\"__button81\"]"}
RESULT: {}
RESULT: {"using":"xpath","value":"//*[@id=\"__button81\"]"}
COMMAND: POST /session/801e128c03398a69ab1c232e24d6d46c/element/f.1FA3EEE566D6D7C9BB4DC331EA0F15D0.d.C2548B6AAED17FEA273C85B8873CFAE7.e.5983/click - {}
RESULT: {}
COMMAND: POST /session/801e128c03398a69ab1c232e24d6d46c/execute/async - {"script":"<script> [1562 bytes]","args":[{"selector":{"id":"application-managehandovers-display-component---AddNewHO--smartTableHOPopup-header","searchOpenDialogs":true},"wdio_ui5_key":"applicationmanagehandovers-display-component---AddNewHO--smartTableHOPopup-header"}]}
COMMAND: GET /session/801e128c03398a69ab1c232e24d6d46c/screenshot - {}
RESULT: {"script":"<script> [1562 bytes]","args":[{"selector":{"id":"application-managehandovers-display-component---AddNewHO--smartTableHOPopup-header","searchOpenDialogs":true},"wdio_ui5_key":"applicationmanagehandovers-display-component---AddNewHO--smartTableHOPopup-header"}]}
RESULT: undefined
COMMAND: POST /session/801e128c03398a69ab1c232e24d6d46c/execute/async - {"script":"<script> [6424 bytes]","args":[{"element-6066-11e4-a52e-4f735466cecf":"f.1FA3EEE566D6D7C9BB4DC331EA0F15D0.d.C2548B6AAED17FEA273C85B8873CFAE7.e.5998"},"getText",[]]}
RESULT: {}
RESULT: {"script":"<script> [6424 bytes]","args":[{"element-6066-11e4-a52e-4f735466cecf":"f.1FA3EEE566D6D7C9BB4DC331EA0F15D0.d.C2548B6AAED17FEA273C85B8873CFAE7.e.5998"},"getText",[]]}
COMMAND: POST /session/801e128c03398a69ab1c232e24d6d46c/actions - {"actions":[{"id":"action44","type":"key","parameters":{},"actions":[{"type":"keyDown","value":""},{"type":"pause","duration":10},{"type":"keyUp","value":""}]}]}
RESULT: {"actions":[{"id":"action44","type":"key","parameters":{},"actions":[{"type":"keyDown","value":""},{"type":"pause","duration":10},{"type":"keyUp","value":""}]}]}
COMMAND: GET /session/801e128c03398a69ab1c232e24d6d46c/screenshot - {}
RESULT: {}
COMMAND: POST /session/801e128c03398a69ab1c232e24d6d46c/execute/async - {"script":"<script> [1562 bytes]","args":[{"selector":{"id":"backBtn"},"wdio_ui5_key":"backBtn"}]}
RESULT: {"script":"<script> [1562 bytes]","args":[{"selector":{"id":"backBtn"},"wdio_ui5_key":"backBtn"}]}
RESULT: undefined
COMMAND: POST /session/801e128c03398a69ab1c232e24d6d46c/element - {"using":"xpath","value":"//*[@id=\"backBtn\"]"}
RESULT: {"using":"xpath","value":"//*[@id=\"backBtn\"]"}
COMMAND: POST /session/801e128c03398a69ab1c232e24d6d46c/element/f.1FA3EEE566D6D7C9BB4DC331EA0F15D0.d.C2548B6AAED17FEA273C85B8873CFAE7.e.6000/click - {}
RESULT: {}
COMMAND: GET /session/801e128c03398a69ab1c232e24d6d46c/screenshot - {}
COMMAND: POST /session/801e128c03398a69ab1c232e24d6d46c/refresh - {}
RESULT: {}
RESULT: {}
COMMAND: GET /session/801e128c03398a69ab1c232e24d6d46c/screenshot - {}
RESULT: {}
COMMAND: POST /session/801e128c03398a69ab1c232e24d6d46c/execute/async - {"script":"<script> [189 bytes]","args":[]}
RESULT: {"script":"<script> [189 bytes]","args":[]}
COMMAND: POST /session/801e128c03398a69ab1c232e24d6d46c/execute/async - {"script":"<script> [123 bytes]","args":[]}
RESULT: {"script":"<script> [123 bytes]","args":[]}
COMMAND: POST /session/801e128c03398a69ab1c232e24d6d46c/timeouts - {"script":"<number>"}
RESULT: {"script":"<number>"}
COMMAND: GET /session/801e128c03398a69ab1c232e24d6d46c/timeouts - {}
RESULT: {}
RESULT: undefined
COMMAND: POST /session/801e128c03398a69ab1c232e24d6d46c/execute/async - {"script":"<script> [2676 bytes]","args":[]}
RESULT: {"script":"<script> [2676 bytes]","args":[]}
COMMAND: POST /session/801e128c03398a69ab1c232e24d6d46c/execute/async - {"script":"<script> [2342 bytes]","args":[{"protocol":"http","hostname":"0.0.0.0","path":"/","capabilities":{"browserName":"chrome","goog:chromeOptions":{"binary":"C:\\Program Files\\Google\\Chrome\\Application\\chrome.exe","args":["--start-maximized"]}},"logLevel":"warn","connectionRetryTimeout":120000,"connectionRetryCount":3,"logLevels":{},"enableDirectConnect":true,"strictSSL":true,"_":"65 more keys: [\"cacheDir\",\"port\",\"requestedCapabilities\",\"automationProtocol\",\"baseUrl\",\"waitforInterval\",\"waitforTimeout\",\"onReload\",\"beforeCommand\",\"afterCommand\",\"rootDir\",\"specs\",\"suites\",\"exclude\",\"groupLogsByTestSpec\",\"excludeDriverLogs\",\"bail\",\"framework\",\"reporters\",\"services\",\"maxInstances\",\"maxInstancesPerCapability\",\"injectGlobals\",\"filesToWatch\",\"execArgv\",\"runnerEnv\",\"runner\",\"shard\",\"specFileRetries\",\"specFileRetriesDelay\",\"specFileRetriesDeferred\",\"reporterSyncInterval\",\"reporterSyncTimeout\",\"cucumberFeaturesWithLineNumbers\",\"autoCompileOpts\",\"mochaOpts\",\"jasmineOpts\",\"cucumberOpts\",\"onPrepare\",\"onWorkerStart\",\"onWorkerEnd\",\"before\",\"beforeSession\",\"beforeSuite\",\"beforeHook\",\"beforeTest\",\"afterTest\",\"afterHook\",\"afterSuite\",\"afterSession\",\"after\",\"onComplete\",\"beforeAssertion\",\"afterAssertion\",\"beforeFeature\",\"beforeScenario\",\"beforeStep\",\"afterStep\",\"afterScenario\",\"afterFeature\",\"_\",\"suite\",\"$0\",\"ignoredWorkerServices\",\"wdi5\"]"}]}
RESULT: {"script":"<script> [2342 bytes]","args":[{"protocol":"http","hostname":"0.0.0.0","path":"/","capabilities":{"browserName":"chrome","goog:chromeOptions":{"binary":"C:\\Program Files\\Google\\Chrome\\Application\\chrome.exe","args":["--start-maximized"]}},"logLevel":"warn","connectionRetryTimeout":120000,"connectionRetryCount":3,"logLevels":{},"enableDirectConnect":true,"strictSSL":true,"_":"65 more keys: [\"cacheDir\",\"port\",\"requestedCapabilities\",\"automationProtocol\",\"baseUrl\",\"waitforInterval\",\"waitforTimeout\",\"onReload\",\"beforeCommand\",\"afterCommand\",\"rootDir\",\"specs\",\"suites\",\"exclude\",\"groupLogsByTestSpec\",\"excludeDriverLogs\",\"bail\",\"framework\",\"reporters\",\"services\",\"maxInstances\",\"maxInstancesPerCapability\",\"injectGlobals\",\"filesToWatch\",\"execArgv\",\"runnerEnv\",\"runner\",\"shard\",\"specFileRetries\",\"specFileRetriesDelay\",\"specFileRetriesDeferred\",\"reporterSyncInterval\",\"reporterSyncTimeout\",\"cucumberFeaturesWithLineNumbers\",\"autoCompileOpts\",\"mochaOpts\",\"jasmineOpts\",\"cucumberOpts\",\"onPrepare\",\"onWorkerStart\",\"onWorkerEnd\",\"before\",\"beforeSession\",\"beforeSuite\",\"beforeHook\",\"beforeTest\",\"afterTest\",\"afterHook\",\"afterSuite\",\"afterSession\",\"after\",\"onComplete\",\"beforeAssertion\",\"afterAssertion\",\"beforeFeature\",\"beforeScenario\",\"beforeStep\",\"afterStep\",\"afterScenario\",\"afterFeature\",\"_\",\"suite\",\"$0\",\"ignoredWorkerServices\",\"wdi5\"]"}]}
COMMAND: POST /session/801e128c03398a69ab1c232e24d6d46c/execute/async - {"script":"<script> [21126 bytes]","args":[35000]}
RESULT: {"script":"<script> [21126 bytes]","args":[35000]}
COMMAND: POST /session/801e128c03398a69ab1c232e24d6d46c/element - {"using":"xpath","value":"//div[contains(@id ,\"headerBillingItemsTabFilter-text\")]"}
RESULT: {"using":"xpath","value":"//div[contains(@id ,\"headerBillingItemsTabFilter-text\")]"}
COMMAND: POST /session/801e128c03398a69ab1c232e24d6d46c/element/f.1FA3EEE566D6D7C9BB4DC331EA0F15D0.d.EF10DDA5089299F06FE31447CBF02650.e.6229/click - {}
RESULT: {}
COMMAND: GET /session/801e128c03398a69ab1c232e24d6d46c/screenshot - {}
RESULT: {}
COMMAND: POST /session/801e128c03398a69ab1c232e24d6d46c/execute/async - {"script":"<script> [1562 bytes]","args":[{"selector":{"id":"revertPlanningBtn","viewName":"etm.portal.ui.managecontracts.view.Detail","interaction":{"idSuffix":"BDI-content"}},"wdio_ui5_key":"revertPlanningBtnetmportal.ui.managecontracts.view.Detail"}]}
RESULT: {"script":"<script> [1562 bytes]","args":[{"selector":{"id":"revertPlanningBtn","viewName":"etm.portal.ui.managecontracts.view.Detail","interaction":{"idSuffix":"BDI-content"}},"wdio_ui5_key":"revertPlanningBtnetmportal.ui.managecontracts.view.Detail"}]}
RESULT: undefined
COMMAND: POST /session/801e128c03398a69ab1c232e24d6d46c/element - {"using":"xpath","value":"//*[@id=\"__xmlview1--revertPlanningBtn\"]"}
RESULT: {"using":"xpath","value":"//*[@id=\"__xmlview1--revertPlanningBtn\"]"}
COMMAND: POST /session/801e128c03398a69ab1c232e24d6d46c/element/f.1FA3EEE566D6D7C9BB4DC331EA0F15D0.d.EF10DDA5089299F06FE31447CBF02650.e.6125/click - {}
RESULT: {}
COMMAND: GET /session/801e128c03398a69ab1c232e24d6d46c/screenshot - {}
RESULT: {}
COMMAND: POST /session/801e128c03398a69ab1c232e24d6d46c/actions - {"actions":[{"id":"action45","type":"key","parameters":{},"actions":[{"type":"keyDown","value":""},{"type":"pause","duration":10},{"type":"keyUp","value":""}]}]}
RESULT: {"actions":[{"id":"action45","type":"key","parameters":{},"actions":[{"type":"keyDown","value":""},{"type":"pause","duration":10},{"type":"keyUp","value":""}]}]}
COMMAND: GET /session/801e128c03398a69ab1c232e24d6d46c/screenshot - {}
RESULT: {}
COMMAND: POST /session/801e128c03398a69ab1c232e24d6d46c/element - {"using":"xpath","value":"//div[contains(@id ,\"ProductsTable-sa-CbBg\")]"}
RESULT: {"using":"xpath","value":"//div[contains(@id ,\"ProductsTable-sa-CbBg\")]"}
COMMAND: POST /session/801e128c03398a69ab1c232e24d6d46c/element/f.1FA3EEE566D6D7C9BB4DC331EA0F15D0.d.EF10DDA5089299F06FE31447CBF02650.e.6279/click - {}
RESULT: {}
COMMAND: GET /session/801e128c03398a69ab1c232e24d6d46c/screenshot - {}
RESULT: {}
COMMAND: POST /session/801e128c03398a69ab1c232e24d6d46c/execute/async - {"script":"<script> [1562 bytes]","args":[{"selector":{"id":"executeRevertPlanningBtn","viewName":"etm.portal.ui.managecontracts.view.Detail","interaction":{"idSuffix":"BDI-content"}},"wdio_ui5_key":"executeRevertPlanningBtnetmportal.ui.managecontracts.view.Detail"}]}
RESULT: {"script":"<script> [1562 bytes]","args":[{"selector":{"id":"executeRevertPlanningBtn","viewName":"etm.portal.ui.managecontracts.view.Detail","interaction":{"idSuffix":"BDI-content"}},"wdio_ui5_key":"executeRevertPlanningBtnetmportal.ui.managecontracts.view.Detail"}]}
RESULT: undefined
COMMAND: POST /session/801e128c03398a69ab1c232e24d6d46c/element - {"using":"xpath","value":"//*[@id=\"__xmlview1--executeRevertPlanningBtn\"]"}
RESULT: {"using":"xpath","value":"//*[@id=\"__xmlview1--executeRevertPlanningBtn\"]"}
COMMAND: POST /session/801e128c03398a69ab1c232e24d6d46c/element/f.1FA3EEE566D6D7C9BB4DC331EA0F15D0.d.EF10DDA5089299F06FE31447CBF02650.e.6278/click - {}
RESULT: {}
COMMAND: GET /session/801e128c03398a69ab1c232e24d6d46c/screenshot - {}
RESULT: {}
COMMAND: POST /session/801e128c03398a69ab1c232e24d6d46c/actions - {"actions":[{"id":"action46","type":"key","parameters":{},"actions":[{"type":"keyDown","value":""},{"type":"pause","duration":10},{"type":"keyUp","value":""}]}]}
RESULT: {"actions":[{"id":"action46","type":"key","parameters":{},"actions":[{"type":"keyDown","value":""},{"type":"pause","duration":10},{"type":"keyUp","value":""}]}]}
COMMAND: POST /session/801e128c03398a69ab1c232e24d6d46c/execute/async - {"script":"<script> [1562 bytes]","args":[{"selector":{"id":"backBtn"},"wdio_ui5_key":"backBtn"}]}
COMMAND: GET /session/801e128c03398a69ab1c232e24d6d46c/screenshot - {}
RESULT: {"script":"<script> [1562 bytes]","args":[{"selector":{"id":"backBtn"},"wdio_ui5_key":"backBtn"}]}
RESULT: undefined
COMMAND: POST /session/801e128c03398a69ab1c232e24d6d46c/element - {"using":"xpath","value":"//*[@id=\"backBtn\"]"}
RESULT: {}
RESULT: {"using":"xpath","value":"//*[@id=\"backBtn\"]"}
COMMAND: POST /session/801e128c03398a69ab1c232e24d6d46c/element/f.1FA3EEE566D6D7C9BB4DC331EA0F15D0.d.EF10DDA5089299F06FE31447CBF02650.e.6288/click - {}
RESULT: {}
COMMAND: GET /session/801e128c03398a69ab1c232e24d6d46c/screenshot - {}
RESULT: {}
COMMAND: POST /session/801e128c03398a69ab1c232e24d6d46c/refresh - {}
RESULT: {}
COMMAND: GET /session/801e128c03398a69ab1c232e24d6d46c/screenshot - {}
RESULT: {}
COMMAND: POST /session/801e128c03398a69ab1c232e24d6d46c/execute/async - {"script":"<script> [189 bytes]","args":[]}
RESULT: {"script":"<script> [189 bytes]","args":[]}
COMMAND: POST /session/801e128c03398a69ab1c232e24d6d46c/execute/async - {"script":"<script> [123 bytes]","args":[]}
RESULT: {"script":"<script> [123 bytes]","args":[]}
COMMAND: POST /session/801e128c03398a69ab1c232e24d6d46c/timeouts - {"script":"<number>"}
RESULT: {"script":"<number>"}
COMMAND: GET /session/801e128c03398a69ab1c232e24d6d46c/timeouts - {}
RESULT: {}
RESULT: undefined
COMMAND: POST /session/801e128c03398a69ab1c232e24d6d46c/execute/async - {"script":"<script> [2676 bytes]","args":[]}
RESULT: {"script":"<script> [2676 bytes]","args":[]}
COMMAND: POST /session/801e128c03398a69ab1c232e24d6d46c/execute/async - {"script":"<script> [2342 bytes]","args":[{"protocol":"http","hostname":"0.0.0.0","path":"/","capabilities":{"browserName":"chrome","goog:chromeOptions":{"binary":"C:\\Program Files\\Google\\Chrome\\Application\\chrome.exe","args":["--start-maximized"]}},"logLevel":"warn","connectionRetryTimeout":120000,"connectionRetryCount":3,"logLevels":{},"enableDirectConnect":true,"strictSSL":true,"_":"65 more keys: [\"cacheDir\",\"port\",\"requestedCapabilities\",\"automationProtocol\",\"baseUrl\",\"waitforInterval\",\"waitforTimeout\",\"onReload\",\"beforeCommand\",\"afterCommand\",\"rootDir\",\"specs\",\"suites\",\"exclude\",\"groupLogsByTestSpec\",\"excludeDriverLogs\",\"bail\",\"framework\",\"reporters\",\"services\",\"maxInstances\",\"maxInstancesPerCapability\",\"injectGlobals\",\"filesToWatch\",\"execArgv\",\"runnerEnv\",\"runner\",\"shard\",\"specFileRetries\",\"specFileRetriesDelay\",\"specFileRetriesDeferred\",\"reporterSyncInterval\",\"reporterSyncTimeout\",\"cucumberFeaturesWithLineNumbers\",\"autoCompileOpts\",\"mochaOpts\",\"jasmineOpts\",\"cucumberOpts\",\"onPrepare\",\"onWorkerStart\",\"onWorkerEnd\",\"before\",\"beforeSession\",\"beforeSuite\",\"beforeHook\",\"beforeTest\",\"afterTest\",\"afterHook\",\"afterSuite\",\"afterSession\",\"after\",\"onComplete\",\"beforeAssertion\",\"afterAssertion\",\"beforeFeature\",\"beforeScenario\",\"beforeStep\",\"afterStep\",\"afterScenario\",\"afterFeature\",\"_\",\"suite\",\"$0\",\"ignoredWorkerServices\",\"wdi5\"]"}]}
RESULT: {"script":"<script> [2342 bytes]","args":[{"protocol":"http","hostname":"0.0.0.0","path":"/","capabilities":{"browserName":"chrome","goog:chromeOptions":{"binary":"C:\\Program Files\\Google\\Chrome\\Application\\chrome.exe","args":["--start-maximized"]}},"logLevel":"warn","connectionRetryTimeout":120000,"connectionRetryCount":3,"logLevels":{},"enableDirectConnect":true,"strictSSL":true,"_":"65 more keys: [\"cacheDir\",\"port\",\"requestedCapabilities\",\"automationProtocol\",\"baseUrl\",\"waitforInterval\",\"waitforTimeout\",\"onReload\",\"beforeCommand\",\"afterCommand\",\"rootDir\",\"specs\",\"suites\",\"exclude\",\"groupLogsByTestSpec\",\"excludeDriverLogs\",\"bail\",\"framework\",\"reporters\",\"services\",\"maxInstances\",\"maxInstancesPerCapability\",\"injectGlobals\",\"filesToWatch\",\"execArgv\",\"runnerEnv\",\"runner\",\"shard\",\"specFileRetries\",\"specFileRetriesDelay\",\"specFileRetriesDeferred\",\"reporterSyncInterval\",\"reporterSyncTimeout\",\"cucumberFeaturesWithLineNumbers\",\"autoCompileOpts\",\"mochaOpts\",\"jasmineOpts\",\"cucumberOpts\",\"onPrepare\",\"onWorkerStart\",\"onWorkerEnd\",\"before\",\"beforeSession\",\"beforeSuite\",\"beforeHook\",\"beforeTest\",\"afterTest\",\"afterHook\",\"afterSuite\",\"afterSession\",\"after\",\"onComplete\",\"beforeAssertion\",\"afterAssertion\",\"beforeFeature\",\"beforeScenario\",\"beforeStep\",\"afterStep\",\"afterScenario\",\"afterFeature\",\"_\",\"suite\",\"$0\",\"ignoredWorkerServices\",\"wdi5\"]"}]}
COMMAND: POST /session/801e128c03398a69ab1c232e24d6d46c/execute/async - {"script":"<script> [21126 bytes]","args":[35000]}
RESULT: {"script":"<script> [21126 bytes]","args":[35000]}
COMMAND: POST /session/801e128c03398a69ab1c232e24d6d46c/execute/async - {"script":"<script> [1562 bytes]","args":[{"selector":{"controlType":"sap.m.ObjectStatus","viewName":"etm.portal.ui.managerequests.view.Detail","bindingPath":{"path":"/RequestHeaders('20187')","propertyPath":"LINK_TO_STATUS/DESCRIPTION","modelName":"catalogModel"}},"wdio_ui5_key":"etmportal.ui.managerequests.view.Detailsap.m.ObjectStatus{\"path\":\"/RequestHeaders('20187')\",\"propertyPath\":\"LINK_TO_STATUS/DESCRIPTION\",\"modelName\":\"catalogModel\"}"}]}
RESULT: {"script":"<script> [1562 bytes]","args":[{"selector":{"controlType":"sap.m.ObjectStatus","viewName":"etm.portal.ui.managerequests.view.Detail","bindingPath":{"path":"/RequestHeaders('20187')","propertyPath":"LINK_TO_STATUS/DESCRIPTION","modelName":"catalogModel"}},"wdio_ui5_key":"etmportal.ui.managerequests.view.Detailsap.m.ObjectStatus{\"path\":\"/RequestHeaders('20187')\",\"propertyPath\":\"LINK_TO_STATUS/DESCRIPTION\",\"modelName\":\"catalogModel\"}"}]}
RESULT: undefined
COMMAND: POST /session/801e128c03398a69ab1c232e24d6d46c/execute/async - {"script":"<script> [6424 bytes]","args":[{"element-6066-11e4-a52e-4f735466cecf":"f.1FA3EEE566D6D7C9BB4DC331EA0F15D0.d.F3381CBE51C8D7EE5CBEE8DDEC342407.e.6593"},"getText",[]]}
RESULT: {"script":"<script> [6424 bytes]","args":[{"element-6066-11e4-a52e-4f735466cecf":"f.1FA3EEE566D6D7C9BB4DC331EA0F15D0.d.F3381CBE51C8D7EE5CBEE8DDEC342407.e.6593"},"getText",[]]}
COMMAND: POST /session/801e128c03398a69ab1c232e24d6d46c/execute/async - {"script":"<script> [1562 bytes]","args":[{"selector":{"controlType":"sap.m.Button","viewName":"etm.portal.ui.managerequests.view.Detail","bindingPath":{"path":"/SmartRequestItemsPlanningBoard(ITEM=10m,REQUEST='20187')","propertyPath":"PICK_UP"}},"wdio_ui5_key":"etmportal.ui.managerequests.view.Detailsap.m.Button{\"path\":\"/SmartRequestItemsPlanningBoard(ITEM=10m,REQUEST='20187')\",\"propertyPath\":\"PICK_UP\"}"}]}
RESULT: {"script":"<script> [1562 bytes]","args":[{"selector":{"controlType":"sap.m.Button","viewName":"etm.portal.ui.managerequests.view.Detail","bindingPath":{"path":"/SmartRequestItemsPlanningBoard(ITEM=10m,REQUEST='20187')","propertyPath":"PICK_UP"}},"wdio_ui5_key":"etmportal.ui.managerequests.view.Detailsap.m.Button{\"path\":\"/SmartRequestItemsPlanningBoard(ITEM=10m,REQUEST='20187')\",\"propertyPath\":\"PICK_UP\"}"}]}
RESULT: undefined
COMMAND: POST /session/801e128c03398a69ab1c232e24d6d46c/execute/async - {"script":"<script> [6424 bytes]","args":[{"element-6066-11e4-a52e-4f735466cecf":"f.1FA3EEE566D6D7C9BB4DC331EA0F15D0.d.F3381CBE51C8D7EE5CBEE8DDEC342407.e.6579"},"getType",[]]}
RESULT: {"script":"<script> [6424 bytes]","args":[{"element-6066-11e4-a52e-4f735466cecf":"f.1FA3EEE566D6D7C9BB4DC331EA0F15D0.d.F3381CBE51C8D7EE5CBEE8DDEC342407.e.6579"},"getType",[]]}
COMMAND: POST /session/801e128c03398a69ab1c232e24d6d46c/execute/async - {"script":"<script> [1562 bytes]","args":[{"selector":{"controlType":"sap.m.Button","viewName":"etm.portal.ui.managerequests.view.Detail","bindingPath":{"path":"/SmartRequestItemsPlanningBoard(ITEM=20m,REQUEST='20187')","propertyPath":"PICK_UP"}},"wdio_ui5_key":"etmportal.ui.managerequests.view.Detailsap.m.Button{\"path\":\"/SmartRequestItemsPlanningBoard(ITEM=20m,REQUEST='20187')\",\"propertyPath\":\"PICK_UP\"}"}]}
RESULT: {"script":"<script> [1562 bytes]","args":[{"selector":{"controlType":"sap.m.Button","viewName":"etm.portal.ui.managerequests.view.Detail","bindingPath":{"path":"/SmartRequestItemsPlanningBoard(ITEM=20m,REQUEST='20187')","propertyPath":"PICK_UP"}},"wdio_ui5_key":"etmportal.ui.managerequests.view.Detailsap.m.Button{\"path\":\"/SmartRequestItemsPlanningBoard(ITEM=20m,REQUEST='20187')\",\"propertyPath\":\"PICK_UP\"}"}]}
RESULT: undefined
COMMAND: POST /session/801e128c03398a69ab1c232e24d6d46c/execute/async - {"script":"<script> [6424 bytes]","args":[{"element-6066-11e4-a52e-4f735466cecf":"f.1FA3EEE566D6D7C9BB4DC331EA0F15D0.d.F3381CBE51C8D7EE5CBEE8DDEC342407.e.6594"},"getType",[]]}
RESULT: {"script":"<script> [6424 bytes]","args":[{"element-6066-11e4-a52e-4f735466cecf":"f.1FA3EEE566D6D7C9BB4DC331EA0F15D0.d.F3381CBE51C8D7EE5CBEE8DDEC342407.e.6594"},"getType",[]]}
COMMAND: POST /session/801e128c03398a69ab1c232e24d6d46c/element - {"using":"css selector","value":"#shell-header-logo"}
RESULT: {"using":"css selector","value":"#shell-header-logo"}
COMMAND: POST /session/801e128c03398a69ab1c232e24d6d46c/element/f.1FA3EEE566D6D7C9BB4DC331EA0F15D0.d.F3381CBE51C8D7EE5CBEE8DDEC342407.e.6383/click - {}
RESULT: {}
COMMAND: GET /session/801e128c03398a69ab1c232e24d6d46c/screenshot - {}
RESULT: {}
COMMAND: POST /session/801e128c03398a69ab1c232e24d6d46c/execute/async - {"script":"<script> [1562 bytes]","args":[{"selector":{"controlType":"sap.m.GenericTile","properties":{"header":"Manage Classifications"}},"wdio_ui5_key":"sapm.GenericTile{\"header\":\"Manage Classifications\"}"}]}
RESULT: {"script":"<script> [1562 bytes]","args":[{"selector":{"controlType":"sap.m.GenericTile","properties":{"header":"Manage Classifications"}},"wdio_ui5_key":"sapm.GenericTile{\"header\":\"Manage Classifications\"}"}]}
RESULT: undefined
COMMAND: POST /session/801e128c03398a69ab1c232e24d6d46c/element - {"using":"xpath","value":"//*[@id=\"__tile115\"]"}
RESULT: {"using":"xpath","value":"//*[@id=\"__tile115\"]"}
COMMAND: POST /session/801e128c03398a69ab1c232e24d6d46c/element/f.1FA3EEE566D6D7C9BB4DC331EA0F15D0.d.F3381CBE51C8D7EE5CBEE8DDEC342407.e.6609/click - {}
RESULT: {}
COMMAND: GET /session/801e128c03398a69ab1c232e24d6d46c/screenshot - {}
RESULT: {}
COMMAND: POST /session/801e128c03398a69ab1c232e24d6d46c/elements - {"using":"xpath","value":"//span[text()='Error']"}
RESULT: {"using":"xpath","value":"//span[text()='Error']"}
]]></system-out>
    </testcase>
  </testsuite>
  <testsuite timestamp="2025-05-31T15:55:44" time="382.489" tests="4" failures="0" errors="0" skipped="0">
    <properties>
      <property name="specId" value="0"/>
      <property name="suiteName" value="Manage requests - requests specifications US141095"/>
      <property name="capabilities" value="chrome.136_0_7103_93.windows"/>
      <property name="file" value="file:///D:/a/1/s/test/specs/R2C/manage-requests-request-specifications.spec.js"/>
    </properties>
    <testcase classname="chrome.136_0_7103_93.windows.Manage_requests_-_requests_specifications_US141095" name="Should create a new classification of type request item" time="40.461">
      <system-out><![CDATA[
COMMAND: POST /session/801e128c03398a69ab1c232e24d6d46c/execute/async - {"script":"<script> [1562 bytes]","args":[{"selector":{"controlType":"sap.ui.core.Icon","viewName":"etm.portal.ui.manageclassifications.view.Master","viewId":"application-manageclassifications-display-component---classificationMaster","properties":{"src":{"regex":{"source":"add"}}}},"wdio_ui5_key":"etmportal.ui.manageclassifications.view.Mastersap.ui.core.Icon{\"src\":{\"regex\":{\"source\":\"add\"}}}"}]}
RESULT: {"script":"<script> [1562 bytes]","args":[{"selector":{"controlType":"sap.ui.core.Icon","viewName":"etm.portal.ui.manageclassifications.view.Master","viewId":"application-manageclassifications-display-component---classificationMaster","properties":{"src":{"regex":{"source":"add"}}}},"wdio_ui5_key":"etmportal.ui.manageclassifications.view.Mastersap.ui.core.Icon{\"src\":{\"regex\":{\"source\":\"add\"}}}"}]}
RESULT: undefined
COMMAND: POST /session/801e128c03398a69ab1c232e24d6d46c/element - {"using":"xpath","value":"//*[@id=\"__button27-img\"]"}
RESULT: {"using":"xpath","value":"//*[@id=\"__button27-img\"]"}
COMMAND: POST /session/801e128c03398a69ab1c232e24d6d46c/element/f.1FA3EEE566D6D7C9BB4DC331EA0F15D0.d.F3381CBE51C8D7EE5CBEE8DDEC342407.e.6647/click - {}
RESULT: {}
COMMAND: POST /session/801e128c03398a69ab1c232e24d6d46c/execute/async - {"script":"<script> [1562 bytes]","args":[{"selector":{"id":"application-manageclassifications-display-component---classificationCreate--classHeaderName","interaction":{"idSuffix":"inner"}},"wdio_ui5_key":"applicationmanageclassifications-display-component---classificationCreate--classHeaderName"}]}
COMMAND: GET /session/801e128c03398a69ab1c232e24d6d46c/screenshot - {}
RESULT: {"script":"<script> [1562 bytes]","args":[{"selector":{"id":"application-manageclassifications-display-component---classificationCreate--classHeaderName","interaction":{"idSuffix":"inner"}},"wdio_ui5_key":"applicationmanageclassifications-display-component---classificationCreate--classHeaderName"}]}
RESULT: undefined
COMMAND: POST /session/801e128c03398a69ab1c232e24d6d46c/execute/async - {"script":"<script> [776 bytes]","args":[{"enterText":"WebdriverItemClassg55m3f","selector":{"id":"application-manageclassifications-display-component---classificationCreate--classHeaderName","interaction":{"idSuffix":"inner"}},"clearTextFirst":true,"interactionType":"ENTER_TEXT"}]}
RESULT: {}
RESULT: {"script":"<script> [776 bytes]","args":[{"enterText":"WebdriverItemClassg55m3f","selector":{"id":"application-manageclassifications-display-component---classificationCreate--classHeaderName","interaction":{"idSuffix":"inner"}},"clearTextFirst":true,"interactionType":"ENTER_TEXT"}]}
COMMAND: POST /session/801e128c03398a69ab1c232e24d6d46c/execute/async - {"script":"<script> [1562 bytes]","args":[{"selector":{"controlType":"sap.ui.core.Icon","viewName":"etm.portal.ui.manageclassifications.view.Create","viewId":"application-manageclassifications-display-component---classificationCreate","properties":{"src":{"regex":{"source":"slim\\-arrow\\-down"}}}},"wdio_ui5_key":"etmportal.ui.manageclassifications.view.Createsap.ui.core.Icon{\"src\":{\"regex\":{\"source\":\"slim\\\\-arrow\\\\-down\"}}}"}]}
RESULT: {"script":"<script> [1562 bytes]","args":[{"selector":{"controlType":"sap.ui.core.Icon","viewName":"etm.portal.ui.manageclassifications.view.Create","viewId":"application-manageclassifications-display-component---classificationCreate","properties":{"src":{"regex":{"source":"slim\\-arrow\\-down"}}}},"wdio_ui5_key":"etmportal.ui.manageclassifications.view.Createsap.ui.core.Icon{\"src\":{\"regex\":{\"source\":\"slim\\\\-arrow\\\\-down\"}}}"}]}
RESULT: undefined
COMMAND: POST /session/801e128c03398a69ab1c232e24d6d46c/element - {"using":"xpath","value":"//*[@id=\"__box12-arrow\"]"}
RESULT: {"using":"xpath","value":"//*[@id=\"__box12-arrow\"]"}
COMMAND: POST /session/801e128c03398a69ab1c232e24d6d46c/element/f.1FA3EEE566D6D7C9BB4DC331EA0F15D0.d.F3381CBE51C8D7EE5CBEE8DDEC342407.e.7087/click - {}
RESULT: {}
COMMAND: POST /session/801e128c03398a69ab1c232e24d6d46c/execute/async - {"script":"<script> [1562 bytes]","args":[{"selector":{"controlType":"sap.m.StandardListItem","viewName":"etm.portal.ui.manageclassifications.view.Create","viewId":"application-manageclassifications-display-component---classificationCreate","properties":{"title":"Request Item Specifications"},"searchOpenDialogs":true,"interaction":{"idSuffix":"titleText"}},"wdio_ui5_key":"etmportal.ui.manageclassifications.view.Createsap.m.StandardListItem{\"title\":\"Request Item Specifications\"}"}]}
COMMAND: GET /session/801e128c03398a69ab1c232e24d6d46c/screenshot - {}
RESULT: {"script":"<script> [1562 bytes]","args":[{"selector":{"controlType":"sap.m.StandardListItem","viewName":"etm.portal.ui.manageclassifications.view.Create","viewId":"application-manageclassifications-display-component---classificationCreate","properties":{"title":"Request Item Specifications"},"searchOpenDialogs":true,"interaction":{"idSuffix":"titleText"}},"wdio_ui5_key":"etmportal.ui.manageclassifications.view.Createsap.m.StandardListItem{\"title\":\"Request Item Specifications\"}"}]}
RESULT: undefined
COMMAND: POST /session/801e128c03398a69ab1c232e24d6d46c/element - {"using":"xpath","value":"//*[@id=\"__item85\"]"}
RESULT: {}
RESULT: {"using":"xpath","value":"//*[@id=\"__item85\"]"}
COMMAND: POST /session/801e128c03398a69ab1c232e24d6d46c/element/f.1FA3EEE566D6D7C9BB4DC331EA0F15D0.d.F3381CBE51C8D7EE5CBEE8DDEC342407.e.7139/click - {}
RESULT: {}
COMMAND: POST /session/801e128c03398a69ab1c232e24d6d46c/execute/async - {"script":"<script> [1562 bytes]","args":[{"selector":{"controlType":"sap.ui.core.Icon","viewName":"etm.portal.ui.manageclassifications.view.Create","viewId":"application-manageclassifications-display-component---classificationCreate","properties":{"src":{"regex":{"source":"add"}}}},"wdio_ui5_key":"etmportal.ui.manageclassifications.view.Createsap.ui.core.Icon{\"src\":{\"regex\":{\"source\":\"add\"}}}"}]}
COMMAND: GET /session/801e128c03398a69ab1c232e24d6d46c/screenshot - {}
RESULT: {"script":"<script> [1562 bytes]","args":[{"selector":{"controlType":"sap.ui.core.Icon","viewName":"etm.portal.ui.manageclassifications.view.Create","viewId":"application-manageclassifications-display-component---classificationCreate","properties":{"src":{"regex":{"source":"add"}}}},"wdio_ui5_key":"etmportal.ui.manageclassifications.view.Createsap.ui.core.Icon{\"src\":{\"regex\":{\"source\":\"add\"}}}"}]}
RESULT: undefined
COMMAND: POST /session/801e128c03398a69ab1c232e24d6d46c/element - {"using":"xpath","value":"//*[@id=\"__button32-img\"]"}
RESULT: {}
RESULT: {"using":"xpath","value":"//*[@id=\"__button32-img\"]"}
COMMAND: POST /session/801e128c03398a69ab1c232e24d6d46c/element/f.1FA3EEE566D6D7C9BB4DC331EA0F15D0.d.F3381CBE51C8D7EE5CBEE8DDEC342407.e.7090/click - {}
RESULT: {}
COMMAND: POST /session/801e128c03398a69ab1c232e24d6d46c/execute/async - {"script":"<script> [1562 bytes]","args":[{"selector":{"controlType":"sap.m.Input","viewName":"etm.portal.ui.manageclassifications.view.Create","viewId":"application-manageclassifications-display-component---classificationCreate","bindingPath":{"path":"/0","propertyPath":"PROPERTY","modelName":"newConfigModel"},"interaction":{"idSuffix":"inner"}},"wdio_ui5_key":"etmportal.ui.manageclassifications.view.Createsap.m.Input{\"path\":\"/0\",\"propertyPath\":\"PROPERTY\",\"modelName\":\"newConfigModel\"}"}]}
COMMAND: GET /session/801e128c03398a69ab1c232e24d6d46c/screenshot - {}
RESULT: {"script":"<script> [1562 bytes]","args":[{"selector":{"controlType":"sap.m.Input","viewName":"etm.portal.ui.manageclassifications.view.Create","viewId":"application-manageclassifications-display-component---classificationCreate","bindingPath":{"path":"/0","propertyPath":"PROPERTY","modelName":"newConfigModel"},"interaction":{"idSuffix":"inner"}},"wdio_ui5_key":"etmportal.ui.manageclassifications.view.Createsap.m.Input{\"path\":\"/0\",\"propertyPath\":\"PROPERTY\",\"modelName\":\"newConfigModel\"}"}]}
RESULT: undefined
COMMAND: POST /session/801e128c03398a69ab1c232e24d6d46c/execute/async - {"script":"<script> [776 bytes]","args":[{"enterText":"Color","selector":{"controlType":"sap.m.Input","viewName":"etm.portal.ui.manageclassifications.view.Create","viewId":"application-manageclassifications-display-component---classificationCreate","bindingPath":{"path":"/0","propertyPath":"PROPERTY","modelName":"newConfigModel"},"interaction":{"idSuffix":"inner"}},"clearTextFirst":true,"interactionType":"ENTER_TEXT"}]}
RESULT: {}
RESULT: {"script":"<script> [776 bytes]","args":[{"enterText":"Color","selector":{"controlType":"sap.m.Input","viewName":"etm.portal.ui.manageclassifications.view.Create","viewId":"application-manageclassifications-display-component---classificationCreate","bindingPath":{"path":"/0","propertyPath":"PROPERTY","modelName":"newConfigModel"},"interaction":{"idSuffix":"inner"}},"clearTextFirst":true,"interactionType":"ENTER_TEXT"}]}
COMMAND: POST /session/801e128c03398a69ab1c232e24d6d46c/execute/async - {"script":"<script> [1562 bytes]","args":[{"selector":{"controlType":"sap.m.Input","viewName":"etm.portal.ui.manageclassifications.view.Create","viewId":"application-manageclassifications-display-component---classificationCreate","bindingPath":{"path":"/0","propertyPath":"DESCRIPTION","modelName":"newConfigModel"},"interaction":{"idSuffix":"inner"}},"wdio_ui5_key":"etmportal.ui.manageclassifications.view.Createsap.m.Input{\"path\":\"/0\",\"propertyPath\":\"DESCRIPTION\",\"modelName\":\"newConfigModel\"}"}]}
RESULT: {"script":"<script> [1562 bytes]","args":[{"selector":{"controlType":"sap.m.Input","viewName":"etm.portal.ui.manageclassifications.view.Create","viewId":"application-manageclassifications-display-component---classificationCreate","bindingPath":{"path":"/0","propertyPath":"DESCRIPTION","modelName":"newConfigModel"},"interaction":{"idSuffix":"inner"}},"wdio_ui5_key":"etmportal.ui.manageclassifications.view.Createsap.m.Input{\"path\":\"/0\",\"propertyPath\":\"DESCRIPTION\",\"modelName\":\"newConfigModel\"}"}]}
RESULT: undefined
COMMAND: POST /session/801e128c03398a69ab1c232e24d6d46c/execute/async - {"script":"<script> [776 bytes]","args":[{"enterText":"Color","selector":{"controlType":"sap.m.Input","viewName":"etm.portal.ui.manageclassifications.view.Create","viewId":"application-manageclassifications-display-component---classificationCreate","bindingPath":{"path":"/0","propertyPath":"DESCRIPTION","modelName":"newConfigModel"},"interaction":{"idSuffix":"inner"}},"clearTextFirst":true,"interactionType":"ENTER_TEXT"}]}
RESULT: {"script":"<script> [776 bytes]","args":[{"enterText":"Color","selector":{"controlType":"sap.m.Input","viewName":"etm.portal.ui.manageclassifications.view.Create","viewId":"application-manageclassifications-display-component---classificationCreate","bindingPath":{"path":"/0","propertyPath":"DESCRIPTION","modelName":"newConfigModel"},"interaction":{"idSuffix":"inner"}},"clearTextFirst":true,"interactionType":"ENTER_TEXT"}]}
COMMAND: POST /session/801e128c03398a69ab1c232e24d6d46c/execute/async - {"script":"<script> [1562 bytes]","args":[{"selector":{"controlType":"sap.ui.core.Icon","viewName":"etm.portal.ui.manageclassifications.view.Create","viewId":"application-manageclassifications-display-component---classificationCreate","properties":{"src":{"regex":{"source":"slim\\-arrow\\-down"}}},"ancestor":{"controlType":"sap.m.ComboBox","viewName":"etm.portal.ui.manageclassifications.view.Create","viewId":"application-manageclassifications-display-component---classificationCreate","bindingPath":{"path":"/0","propertyPath":"VALUE_TYPE","modelName":"newConfigModel"}}},"wdio_ui5_key":"etmportal.ui.manageclassifications.view.Createsap.ui.core.Icon{\"src\":{\"regex\":{\"source\":\"slim\\\\-arrow\\\\-down\"}}}{\"controlType\":\"sap.m.ComboBox\",\"viewName\":\"etm.portal.ui.manageclassifications.view.Create\",\"viewId\":\"application-manageclassifications-display-component---classificationCreate\",\"bindingPath\":{\"path\":\"/0\",\"propertyPath\":\"VALUE_TYPE\",\"modelName\":\"newConfigModel\"}}"}]}
RESULT: {"script":"<script> [1562 bytes]","args":[{"selector":{"controlType":"sap.ui.core.Icon","viewName":"etm.portal.ui.manageclassifications.view.Create","viewId":"application-manageclassifications-display-component---classificationCreate","properties":{"src":{"regex":{"source":"slim\\-arrow\\-down"}}},"ancestor":{"controlType":"sap.m.ComboBox","viewName":"etm.portal.ui.manageclassifications.view.Create","viewId":"application-manageclassifications-display-component---classificationCreate","bindingPath":{"path":"/0","propertyPath":"VALUE_TYPE","modelName":"newConfigModel"}}},"wdio_ui5_key":"etmportal.ui.manageclassifications.view.Createsap.ui.core.Icon{\"src\":{\"regex\":{\"source\":\"slim\\\\-arrow\\\\-down\"}}}{\"controlType\":\"sap.m.ComboBox\",\"viewName\":\"etm.portal.ui.manageclassifications.view.Create\",\"viewId\":\"application-manageclassifications-display-component---classificationCreate\",\"bindingPath\":{\"path\":\"/0\",\"propertyPath\":\"VALUE_TYPE\",\"modelName\":\"newConfigModel\"}}"}]}
RESULT: undefined
COMMAND: POST /session/801e128c03398a69ab1c232e24d6d46c/element - {"using":"xpath","value":"//*[@id=\"__box13-application-manageclassifications-display-component---classificationCreate--configurationList-0-arrow\"]"}
RESULT: {"using":"xpath","value":"//*[@id=\"__box13-application-manageclassifications-display-component---classificationCreate--configurationList-0-arrow\"]"}
COMMAND: POST /session/801e128c03398a69ab1c232e24d6d46c/element/f.1FA3EEE566D6D7C9BB4DC331EA0F15D0.d.F3381CBE51C8D7EE5CBEE8DDEC342407.e.7148/click - {}
RESULT: {}
COMMAND: POST /session/801e128c03398a69ab1c232e24d6d46c/execute/async - {"script":"<script> [1562 bytes]","args":[{"selector":{"controlType":"sap.m.StandardListItem","viewName":"etm.portal.ui.manageclassifications.view.Create","viewId":"application-manageclassifications-display-component---classificationCreate","properties":{"title":"Dropdown"},"searchOpenDialogs":true,"interaction":{"idSuffix":"titleText"}},"wdio_ui5_key":"etmportal.ui.manageclassifications.view.Createsap.m.StandardListItem{\"title\":\"Dropdown\"}"}]}
COMMAND: GET /session/801e128c03398a69ab1c232e24d6d46c/screenshot - {}
RESULT: {"script":"<script> [1562 bytes]","args":[{"selector":{"controlType":"sap.m.StandardListItem","viewName":"etm.portal.ui.manageclassifications.view.Create","viewId":"application-manageclassifications-display-component---classificationCreate","properties":{"title":"Dropdown"},"searchOpenDialogs":true,"interaction":{"idSuffix":"titleText"}},"wdio_ui5_key":"etmportal.ui.manageclassifications.view.Createsap.m.StandardListItem{\"title\":\"Dropdown\"}"}]}
RESULT: undefined
COMMAND: POST /session/801e128c03398a69ab1c232e24d6d46c/element - {"using":"xpath","value":"//*[@id=\"__item93\"]"}
RESULT: {}
RESULT: {"using":"xpath","value":"//*[@id=\"__item93\"]"}
COMMAND: POST /session/801e128c03398a69ab1c232e24d6d46c/element/f.1FA3EEE566D6D7C9BB4DC331EA0F15D0.d.F3381CBE51C8D7EE5CBEE8DDEC342407.e.7150/click - {}
RESULT: {}
COMMAND: POST /session/801e128c03398a69ab1c232e24d6d46c/execute/async - {"script":"<script> [1562 bytes]","args":[{"selector":{"controlType":"sap.ui.core.Icon","viewName":"etm.portal.ui.manageclassifications.view.Create","viewId":"application-manageclassifications-display-component---classificationCreate","properties":{"src":{"regex":{"source":"crm\\-service\\-manager"}}}},"wdio_ui5_key":"etmportal.ui.manageclassifications.view.Createsap.ui.core.Icon{\"src\":{\"regex\":{\"source\":\"crm\\\\-service\\\\-manager\"}}}"}]}
COMMAND: GET /session/801e128c03398a69ab1c232e24d6d46c/screenshot - {}
RESULT: {"script":"<script> [1562 bytes]","args":[{"selector":{"controlType":"sap.ui.core.Icon","viewName":"etm.portal.ui.manageclassifications.view.Create","viewId":"application-manageclassifications-display-component---classificationCreate","properties":{"src":{"regex":{"source":"crm\\-service\\-manager"}}}},"wdio_ui5_key":"etmportal.ui.manageclassifications.view.Createsap.ui.core.Icon{\"src\":{\"regex\":{\"source\":\"crm\\\\-service\\\\-manager\"}}}"}]}
RESULT: undefined
COMMAND: POST /session/801e128c03398a69ab1c232e24d6d46c/element - {"using":"xpath","value":"//*[@id=\"__button34-application-manageclassifications-display-component---classificationCreate--configurationList-0-img\"]"}
RESULT: {}
RESULT: {"using":"xpath","value":"//*[@id=\"__button34-application-manageclassifications-display-component---classificationCreate--configurationList-0-img\"]"}
COMMAND: POST /session/801e128c03398a69ab1c232e24d6d46c/element/f.1FA3EEE566D6D7C9BB4DC331EA0F15D0.d.F3381CBE51C8D7EE5CBEE8DDEC342407.e.7152/click - {}
RESULT: {}
COMMAND: POST /session/801e128c03398a69ab1c232e24d6d46c/element - {"using":"xpath","value":"//button[@title=\"Add additional value\"]"}
COMMAND: GET /session/801e128c03398a69ab1c232e24d6d46c/screenshot - {}
RESULT: {"using":"xpath","value":"//button[@title=\"Add additional value\"]"}
COMMAND: POST /session/801e128c03398a69ab1c232e24d6d46c/element/f.1FA3EEE566D6D7C9BB4DC331EA0F15D0.d.F3381CBE51C8D7EE5CBEE8DDEC342407.e.7153/click - {}
RESULT: {}
RESULT: {}
COMMAND: POST /session/801e128c03398a69ab1c232e24d6d46c/execute/async - {"script":"<script> [1562 bytes]","args":[{"selector":{"controlType":"sap.m.Input","viewName":"etm.portal.ui.manageclassifications.view.Create","viewId":"application-manageclassifications-display-component---classificationCreate","bindingPath":{"path":"/VALUES/0","propertyPath":"VALUE","modelName":"dropdownValuesModel"},"searchOpenDialogs":true,"interaction":{"idSuffix":"inner"}},"wdio_ui5_key":"etmportal.ui.manageclassifications.view.Createsap.m.Input{\"path\":\"/VALUES/0\",\"propertyPath\":\"VALUE\",\"modelName\":\"dropdownValuesModel\"}"}]}
COMMAND: GET /session/801e128c03398a69ab1c232e24d6d46c/screenshot - {}
RESULT: {"script":"<script> [1562 bytes]","args":[{"selector":{"controlType":"sap.m.Input","viewName":"etm.portal.ui.manageclassifications.view.Create","viewId":"application-manageclassifications-display-component---classificationCreate","bindingPath":{"path":"/VALUES/0","propertyPath":"VALUE","modelName":"dropdownValuesModel"},"searchOpenDialogs":true,"interaction":{"idSuffix":"inner"}},"wdio_ui5_key":"etmportal.ui.manageclassifications.view.Createsap.m.Input{\"path\":\"/VALUES/0\",\"propertyPath\":\"VALUE\",\"modelName\":\"dropdownValuesModel\"}"}]}
RESULT: undefined
COMMAND: POST /session/801e128c03398a69ab1c232e24d6d46c/execute/async - {"script":"<script> [776 bytes]","args":[{"enterText":"1","selector":{"controlType":"sap.m.Input","viewName":"etm.portal.ui.manageclassifications.view.Create","viewId":"application-manageclassifications-display-component---classificationCreate","bindingPath":{"path":"/VALUES/0","propertyPath":"VALUE","modelName":"dropdownValuesModel"},"searchOpenDialogs":true,"interaction":{"idSuffix":"inner"}},"clearTextFirst":true,"interactionType":"ENTER_TEXT"}]}
RESULT: {}
RESULT: {"script":"<script> [776 bytes]","args":[{"enterText":"1","selector":{"controlType":"sap.m.Input","viewName":"etm.portal.ui.manageclassifications.view.Create","viewId":"application-manageclassifications-display-component---classificationCreate","bindingPath":{"path":"/VALUES/0","propertyPath":"VALUE","modelName":"dropdownValuesModel"},"searchOpenDialogs":true,"interaction":{"idSuffix":"inner"}},"clearTextFirst":true,"interactionType":"ENTER_TEXT"}]}
COMMAND: POST /session/801e128c03398a69ab1c232e24d6d46c/execute/async - {"script":"<script> [1562 bytes]","args":[{"selector":{"controlType":"sap.m.Input","viewName":"etm.portal.ui.manageclassifications.view.Create","viewId":"application-manageclassifications-display-component---classificationCreate","bindingPath":{"path":"/VALUES/0","propertyPath":"TEXT","modelName":"dropdownValuesModel"},"searchOpenDialogs":true,"interaction":{"idSuffix":"inner"}},"wdio_ui5_key":"etmportal.ui.manageclassifications.view.Createsap.m.Input{\"path\":\"/VALUES/0\",\"propertyPath\":\"TEXT\",\"modelName\":\"dropdownValuesModel\"}"}]}
RESULT: {"script":"<script> [1562 bytes]","args":[{"selector":{"controlType":"sap.m.Input","viewName":"etm.portal.ui.manageclassifications.view.Create","viewId":"application-manageclassifications-display-component---classificationCreate","bindingPath":{"path":"/VALUES/0","propertyPath":"TEXT","modelName":"dropdownValuesModel"},"searchOpenDialogs":true,"interaction":{"idSuffix":"inner"}},"wdio_ui5_key":"etmportal.ui.manageclassifications.view.Createsap.m.Input{\"path\":\"/VALUES/0\",\"propertyPath\":\"TEXT\",\"modelName\":\"dropdownValuesModel\"}"}]}
RESULT: undefined
COMMAND: POST /session/801e128c03398a69ab1c232e24d6d46c/execute/async - {"script":"<script> [776 bytes]","args":[{"enterText":"blue","selector":{"controlType":"sap.m.Input","viewName":"etm.portal.ui.manageclassifications.view.Create","viewId":"application-manageclassifications-display-component---classificationCreate","bindingPath":{"path":"/VALUES/0","propertyPath":"TEXT","modelName":"dropdownValuesModel"},"searchOpenDialogs":true,"interaction":{"idSuffix":"inner"}},"clearTextFirst":true,"interactionType":"ENTER_TEXT"}]}
RESULT: {"script":"<script> [776 bytes]","args":[{"enterText":"blue","selector":{"controlType":"sap.m.Input","viewName":"etm.portal.ui.manageclassifications.view.Create","viewId":"application-manageclassifications-display-component---classificationCreate","bindingPath":{"path":"/VALUES/0","propertyPath":"TEXT","modelName":"dropdownValuesModel"},"searchOpenDialogs":true,"interaction":{"idSuffix":"inner"}},"clearTextFirst":true,"interactionType":"ENTER_TEXT"}]}
COMMAND: POST /session/801e128c03398a69ab1c232e24d6d46c/element - {"using":"xpath","value":"//button[@title=\"Add additional value\"]"}
RESULT: {"using":"xpath","value":"//button[@title=\"Add additional value\"]"}
COMMAND: POST /session/801e128c03398a69ab1c232e24d6d46c/element/f.1FA3EEE566D6D7C9BB4DC331EA0F15D0.d.F3381CBE51C8D7EE5CBEE8DDEC342407.e.7153/click - {}
RESULT: {}
COMMAND: POST /session/801e128c03398a69ab1c232e24d6d46c/execute/async - {"script":"<script> [1562 bytes]","args":[{"selector":{"controlType":"sap.m.Input","viewName":"etm.portal.ui.manageclassifications.view.Create","viewId":"application-manageclassifications-display-component---classificationCreate","bindingPath":{"path":"/VALUES/1","propertyPath":"VALUE","modelName":"dropdownValuesModel"},"searchOpenDialogs":true,"interaction":{"idSuffix":"inner"}},"wdio_ui5_key":"etmportal.ui.manageclassifications.view.Createsap.m.Input{\"path\":\"/VALUES/1\",\"propertyPath\":\"VALUE\",\"modelName\":\"dropdownValuesModel\"}"}]}
COMMAND: GET /session/801e128c03398a69ab1c232e24d6d46c/screenshot - {}
RESULT: {"script":"<script> [1562 bytes]","args":[{"selector":{"controlType":"sap.m.Input","viewName":"etm.portal.ui.manageclassifications.view.Create","viewId":"application-manageclassifications-display-component---classificationCreate","bindingPath":{"path":"/VALUES/1","propertyPath":"VALUE","modelName":"dropdownValuesModel"},"searchOpenDialogs":true,"interaction":{"idSuffix":"inner"}},"wdio_ui5_key":"etmportal.ui.manageclassifications.view.Createsap.m.Input{\"path\":\"/VALUES/1\",\"propertyPath\":\"VALUE\",\"modelName\":\"dropdownValuesModel\"}"}]}
RESULT: undefined
COMMAND: POST /session/801e128c03398a69ab1c232e24d6d46c/execute/async - {"script":"<script> [776 bytes]","args":[{"enterText":"2","selector":{"controlType":"sap.m.Input","viewName":"etm.portal.ui.manageclassifications.view.Create","viewId":"application-manageclassifications-display-component---classificationCreate","bindingPath":{"path":"/VALUES/1","propertyPath":"VALUE","modelName":"dropdownValuesModel"},"searchOpenDialogs":true,"interaction":{"idSuffix":"inner"}},"clearTextFirst":true,"interactionType":"ENTER_TEXT"}]}
RESULT: {}
RESULT: {"script":"<script> [776 bytes]","args":[{"enterText":"2","selector":{"controlType":"sap.m.Input","viewName":"etm.portal.ui.manageclassifications.view.Create","viewId":"application-manageclassifications-display-component---classificationCreate","bindingPath":{"path":"/VALUES/1","propertyPath":"VALUE","modelName":"dropdownValuesModel"},"searchOpenDialogs":true,"interaction":{"idSuffix":"inner"}},"clearTextFirst":true,"interactionType":"ENTER_TEXT"}]}
COMMAND: POST /session/801e128c03398a69ab1c232e24d6d46c/execute/async - {"script":"<script> [1562 bytes]","args":[{"selector":{"controlType":"sap.m.Input","viewName":"etm.portal.ui.manageclassifications.view.Create","viewId":"application-manageclassifications-display-component---classificationCreate","bindingPath":{"path":"/VALUES/1","propertyPath":"TEXT","modelName":"dropdownValuesModel"},"searchOpenDialogs":true,"interaction":{"idSuffix":"inner"}},"wdio_ui5_key":"etmportal.ui.manageclassifications.view.Createsap.m.Input{\"path\":\"/VALUES/1\",\"propertyPath\":\"TEXT\",\"modelName\":\"dropdownValuesModel\"}"}]}
RESULT: {"script":"<script> [1562 bytes]","args":[{"selector":{"controlType":"sap.m.Input","viewName":"etm.portal.ui.manageclassifications.view.Create","viewId":"application-manageclassifications-display-component---classificationCreate","bindingPath":{"path":"/VALUES/1","propertyPath":"TEXT","modelName":"dropdownValuesModel"},"searchOpenDialogs":true,"interaction":{"idSuffix":"inner"}},"wdio_ui5_key":"etmportal.ui.manageclassifications.view.Createsap.m.Input{\"path\":\"/VALUES/1\",\"propertyPath\":\"TEXT\",\"modelName\":\"dropdownValuesModel\"}"}]}
RESULT: undefined
COMMAND: POST /session/801e128c03398a69ab1c232e24d6d46c/execute/async - {"script":"<script> [776 bytes]","args":[{"enterText":"red","selector":{"controlType":"sap.m.Input","viewName":"etm.portal.ui.manageclassifications.view.Create","viewId":"application-manageclassifications-display-component---classificationCreate","bindingPath":{"path":"/VALUES/1","propertyPath":"TEXT","modelName":"dropdownValuesModel"},"searchOpenDialogs":true,"interaction":{"idSuffix":"inner"}},"clearTextFirst":true,"interactionType":"ENTER_TEXT"}]}
RESULT: {"script":"<script> [776 bytes]","args":[{"enterText":"red","selector":{"controlType":"sap.m.Input","viewName":"etm.portal.ui.manageclassifications.view.Create","viewId":"application-manageclassifications-display-component---classificationCreate","bindingPath":{"path":"/VALUES/1","propertyPath":"TEXT","modelName":"dropdownValuesModel"},"searchOpenDialogs":true,"interaction":{"idSuffix":"inner"}},"clearTextFirst":true,"interactionType":"ENTER_TEXT"}]}
COMMAND: POST /session/801e128c03398a69ab1c232e24d6d46c/execute/async - {"script":"<script> [1562 bytes]","args":[{"selector":{"controlType":"sap.m.Button","viewName":"etm.portal.ui.manageclassifications.view.Create","viewId":"application-manageclassifications-display-component---classificationCreate","i18NText":{"propertyName":"text","key":"save"},"searchOpenDialogs":true,"interaction":{"idSuffix":"BDI-content"}},"wdio_ui5_key":"etmportal.ui.manageclassifications.view.Createsap.m.Button{\"propertyName\":\"text\",\"key\":\"save\"}"}]}
RESULT: {"script":"<script> [1562 bytes]","args":[{"selector":{"controlType":"sap.m.Button","viewName":"etm.portal.ui.manageclassifications.view.Create","viewId":"application-manageclassifications-display-component---classificationCreate","i18NText":{"propertyName":"text","key":"save"},"searchOpenDialogs":true,"interaction":{"idSuffix":"BDI-content"}},"wdio_ui5_key":"etmportal.ui.manageclassifications.view.Createsap.m.Button{\"propertyName\":\"text\",\"key\":\"save\"}"}]}
RESULT: undefined
COMMAND: POST /session/801e128c03398a69ab1c232e24d6d46c/element - {"using":"xpath","value":"//*[@id=\"__button44\"]"}
RESULT: {"using":"xpath","value":"//*[@id=\"__button44\"]"}
COMMAND: POST /session/801e128c03398a69ab1c232e24d6d46c/element/f.1FA3EEE566D6D7C9BB4DC331EA0F15D0.d.F3381CBE51C8D7EE5CBEE8DDEC342407.e.7174/click - {}
RESULT: {}
COMMAND: GET /session/801e128c03398a69ab1c232e24d6d46c/screenshot - {}
RESULT: {}
COMMAND: POST /session/801e128c03398a69ab1c232e24d6d46c/element - {"using":"xpath","value":"//button[@title=\"Save\"]"}
RESULT: {"using":"xpath","value":"//button[@title=\"Save\"]"}
COMMAND: POST /session/801e128c03398a69ab1c232e24d6d46c/element/f.1FA3EEE566D6D7C9BB4DC331EA0F15D0.d.F3381CBE51C8D7EE5CBEE8DDEC342407.e.7098/click - {}
RESULT: {}
COMMAND: GET /session/801e128c03398a69ab1c232e24d6d46c/screenshot - {}
RESULT: {}
COMMAND: POST /session/801e128c03398a69ab1c232e24d6d46c/execute/async - {"script":"<script> [1562 bytes]","args":[{"selector":{"id":"application-manageclassifications-display-component---classificationMaster--smartFilterBar-btnBasicSearch","interaction":{"idSuffix":"I"}},"wdio_ui5_key":"applicationmanageclassifications-display-component---classificationMaster--smartFilterBar-btnBasicSearch"}]}
RESULT: {"script":"<script> [1562 bytes]","args":[{"selector":{"id":"application-manageclassifications-display-component---classificationMaster--smartFilterBar-btnBasicSearch","interaction":{"idSuffix":"I"}},"wdio_ui5_key":"applicationmanageclassifications-display-component---classificationMaster--smartFilterBar-btnBasicSearch"}]}
RESULT: undefined
COMMAND: POST /session/801e128c03398a69ab1c232e24d6d46c/execute/async - {"script":"<script> [776 bytes]","args":[{"enterText":"WebdriverItemClassg55m3f","selector":{"id":"application-manageclassifications-display-component---classificationMaster--smartFilterBar-btnBasicSearch","interaction":{"idSuffix":"I"}},"clearTextFirst":true,"interactionType":"ENTER_TEXT"}]}
RESULT: {"script":"<script> [776 bytes]","args":[{"enterText":"WebdriverItemClassg55m3f","selector":{"id":"application-manageclassifications-display-component---classificationMaster--smartFilterBar-btnBasicSearch","interaction":{"idSuffix":"I"}},"clearTextFirst":true,"interactionType":"ENTER_TEXT"}]}
COMMAND: POST /session/801e128c03398a69ab1c232e24d6d46c/actions - {"actions":[{"id":"action47","type":"key","parameters":{},"actions":[{"type":"keyDown","value":""},{"type":"pause","duration":10},{"type":"keyUp","value":""}]}]}
RESULT: {"actions":[{"id":"action47","type":"key","parameters":{},"actions":[{"type":"keyDown","value":""},{"type":"pause","duration":10},{"type":"keyUp","value":""}]}]}
COMMAND: POST /session/801e128c03398a69ab1c232e24d6d46c/execute/async - {"script":"<script> [1562 bytes]","args":[{"selector":{"id":"application-manageclassifications-display-component---classificationMaster--smartTable-header"},"wdio_ui5_key":"applicationmanageclassifications-display-component---classificationMaster--smartTable-header"}]}
COMMAND: GET /session/801e128c03398a69ab1c232e24d6d46c/screenshot - {}
RESULT: {"script":"<script> [1562 bytes]","args":[{"selector":{"id":"application-manageclassifications-display-component---classificationMaster--smartTable-header"},"wdio_ui5_key":"applicationmanageclassifications-display-component---classificationMaster--smartTable-header"}]}
RESULT: undefined
COMMAND: POST /session/801e128c03398a69ab1c232e24d6d46c/execute/async - {"script":"<script> [6424 bytes]","args":[{"element-6066-11e4-a52e-4f735466cecf":"f.1FA3EEE566D6D7C9BB4DC331EA0F15D0.d.F3381CBE51C8D7EE5CBEE8DDEC342407.e.7342"},"getText",[]]}
RESULT: {}
RESULT: {"script":"<script> [6424 bytes]","args":[{"element-6066-11e4-a52e-4f735466cecf":"f.1FA3EEE566D6D7C9BB4DC331EA0F15D0.d.F3381CBE51C8D7EE5CBEE8DDEC342407.e.7342"},"getText",[]]}
COMMAND: POST /session/801e128c03398a69ab1c232e24d6d46c/element - {"using":"css selector","value":"#shell-header-logo"}
RESULT: {"using":"css selector","value":"#shell-header-logo"}
COMMAND: POST /session/801e128c03398a69ab1c232e24d6d46c/element/f.1FA3EEE566D6D7C9BB4DC331EA0F15D0.d.F3381CBE51C8D7EE5CBEE8DDEC342407.e.6612/click - {}
RESULT: {}
COMMAND: GET /session/801e128c03398a69ab1c232e24d6d46c/screenshot - {}
RESULT: {}
]]></system-out>
    </testcase>
    <testcase classname="chrome.136_0_7103_93.windows.Manage_requests_-_requests_specifications_US141095" name="Should create a new section and a catalog item" time="128.489">
      <system-out><![CDATA[
COMMAND: POST /session/801e128c03398a69ab1c232e24d6d46c/execute/async - {"script":"<script> [1562 bytes]","args":[{"selector":{"controlType":"sap.m.GenericTile","properties":{"header":"Manage Catalogs"}},"wdio_ui5_key":"sapm.GenericTile{\"header\":\"Manage Catalogs\"}"}]}
RESULT: {"script":"<script> [1562 bytes]","args":[{"selector":{"controlType":"sap.m.GenericTile","properties":{"header":"Manage Catalogs"}},"wdio_ui5_key":"sapm.GenericTile{\"header\":\"Manage Catalogs\"}"}]}
RESULT: undefined
COMMAND: POST /session/801e128c03398a69ab1c232e24d6d46c/element - {"using":"xpath","value":"//*[@id=\"__tile37\"]"}
RESULT: {"using":"xpath","value":"//*[@id=\"__tile37\"]"}
COMMAND: POST /session/801e128c03398a69ab1c232e24d6d46c/element/f.1FA3EEE566D6D7C9BB4DC331EA0F15D0.d.F3381CBE51C8D7EE5CBEE8DDEC342407.e.7346/click - {}
RESULT: {}
COMMAND: GET /session/801e128c03398a69ab1c232e24d6d46c/screenshot - {}
RESULT: {}
COMMAND: POST /session/801e128c03398a69ab1c232e24d6d46c/elements - {"using":"xpath","value":"//span[text()='Error']"}
RESULT: {"using":"xpath","value":"//span[text()='Error']"}
COMMAND: POST /session/801e128c03398a69ab1c232e24d6d46c/execute/async - {"script":"<script> [1562 bytes]","args":[{"selector":{"controlType":"sap.m.Text","viewName":"etm.portal.ui.managecatalogs.view.MasterCatalogs","viewId":"application-managecatalogs-display-component---masterCatalogs","bindingPath":{"path":"/Catalogs('0D7502D073D53A0F1700BE067B89AFF9')","propertyPath":"DESCRIPTION","modelName":"catalogModel"}},"wdio_ui5_key":"etmportal.ui.managecatalogs.view.MasterCatalogssap.m.Text{\"path\":\"/Catalogs('0D7502D073D53A0F1700BE067B89AFF9')\",\"propertyPath\":\"DESCRIPTION\",\"modelName\":\"catalogModel\"}"}]}
RESULT: {"script":"<script> [1562 bytes]","args":[{"selector":{"controlType":"sap.m.Text","viewName":"etm.portal.ui.managecatalogs.view.MasterCatalogs","viewId":"application-managecatalogs-display-component---masterCatalogs","bindingPath":{"path":"/Catalogs('0D7502D073D53A0F1700BE067B89AFF9')","propertyPath":"DESCRIPTION","modelName":"catalogModel"}},"wdio_ui5_key":"etmportal.ui.managecatalogs.view.MasterCatalogssap.m.Text{\"path\":\"/Catalogs('0D7502D073D53A0F1700BE067B89AFF9')\",\"propertyPath\":\"DESCRIPTION\",\"modelName\":\"catalogModel\"}"}]}
RESULT: undefined
COMMAND: POST /session/801e128c03398a69ab1c232e24d6d46c/element - {"using":"xpath","value":"//*[@id=\"__text434-application-managecatalogs-display-component---masterCatalogs--CatalogsTable-11\"]"}
RESULT: {"using":"xpath","value":"//*[@id=\"__text434-application-managecatalogs-display-component---masterCatalogs--CatalogsTable-11\"]"}
COMMAND: POST /session/801e128c03398a69ab1c232e24d6d46c/element/f.1FA3EEE566D6D7C9BB4DC331EA0F15D0.d.F3381CBE51C8D7EE5CBEE8DDEC342407.e.7415/click - {}
RESULT: {}
COMMAND: POST /session/801e128c03398a69ab1c232e24d6d46c/execute/async - {"script":"<script> [1562 bytes]","args":[{"selector":{"controlType":"sap.ui.layout.HorizontalLayout","viewName":"etm.portal.ui.managecatalogs.view.MasterItems","viewId":"application-managecatalogs-display-component---masterCatalogItems","ancestor":{"id":"application-managecatalogs-display-component---masterCatalogItems--idCatalogItemsTree-rows-row0"}},"wdio_ui5_key":"etmportal.ui.managecatalogs.view.MasterItemssap.ui.layout.HorizontalLayout{\"id\":\"application-managecatalogs-display-component---masterCatalogItems--idCatalogItemsTree-rows-row0\"}"}]}
COMMAND: GET /session/801e128c03398a69ab1c232e24d6d46c/screenshot - {}
RESULT: {"script":"<script> [1562 bytes]","args":[{"selector":{"controlType":"sap.ui.layout.HorizontalLayout","viewName":"etm.portal.ui.managecatalogs.view.MasterItems","viewId":"application-managecatalogs-display-component---masterCatalogItems","ancestor":{"id":"application-managecatalogs-display-component---masterCatalogItems--idCatalogItemsTree-rows-row0"}},"wdio_ui5_key":"etmportal.ui.managecatalogs.view.MasterItemssap.ui.layout.HorizontalLayout{\"id\":\"application-managecatalogs-display-component---masterCatalogItems--idCatalogItemsTree-rows-row0\"}"}]}
RESULT: undefined
COMMAND: POST /session/801e128c03398a69ab1c232e24d6d46c/element - {"using":"xpath","value":"//*[@id=\"__layout40-__clone422\"]"}
RESULT: {}
RESULT: {"using":"xpath","value":"//*[@id=\"__layout40-__clone422\"]"}
COMMAND: POST /session/801e128c03398a69ab1c232e24d6d46c/element/f.1FA3EEE566D6D7C9BB4DC331EA0F15D0.d.F3381CBE51C8D7EE5CBEE8DDEC342407.e.7450/click - {}
RESULT: {}
COMMAND: GET /session/801e128c03398a69ab1c232e24d6d46c/screenshot - {}
COMMAND: POST /session/801e128c03398a69ab1c232e24d6d46c/execute/async - {"script":"<script> [1562 bytes]","args":[{"selector":{"controlType":"sap.m.Button","viewName":"etm.portal.ui.managecatalogs.view.Detail","viewId":"application-managecatalogs-display-component---detailCatalog","i18NText":{"propertyName":"text","key":"edit"},"interaction":{"idSuffix":"BDI-content"}},"wdio_ui5_key":"etmportal.ui.managecatalogs.view.Detailsap.m.Button{\"propertyName\":\"text\",\"key\":\"edit\"}"}]}
RESULT: {}
RESULT: {"script":"<script> [1562 bytes]","args":[{"selector":{"controlType":"sap.m.Button","viewName":"etm.portal.ui.managecatalogs.view.Detail","viewId":"application-managecatalogs-display-component---detailCatalog","i18NText":{"propertyName":"text","key":"edit"},"interaction":{"idSuffix":"BDI-content"}},"wdio_ui5_key":"etmportal.ui.managecatalogs.view.Detailsap.m.Button{\"propertyName\":\"text\",\"key\":\"edit\"}"}]}
RESULT: undefined
COMMAND: POST /session/801e128c03398a69ab1c232e24d6d46c/element - {"using":"xpath","value":"//*[@id=\"__button88\"]"}
RESULT: {"using":"xpath","value":"//*[@id=\"__button88\"]"}
COMMAND: POST /session/801e128c03398a69ab1c232e24d6d46c/element/f.1FA3EEE566D6D7C9BB4DC331EA0F15D0.d.F3381CBE51C8D7EE5CBEE8DDEC342407.e.7563/click - {}
RESULT: {}
COMMAND: GET /session/801e128c03398a69ab1c232e24d6d46c/screenshot - {}
RESULT: {}
COMMAND: POST /session/801e128c03398a69ab1c232e24d6d46c/element - {"using":"xpath","value":"//bdi[contains(text(), \"Unlock\")]"}
RESULT: {"using":"xpath","value":"//bdi[contains(text(), \"Unlock\")]"}
COMMAND: POST /session/801e128c03398a69ab1c232e24d6d46c/elements - {"using":"xpath","value":"//bdi[contains(text(), \"Unlock\")]"}
RESULT: {"using":"xpath","value":"//bdi[contains(text(), \"Unlock\")]"}
COMMAND: POST /session/801e128c03398a69ab1c232e24d6d46c/execute/async - {"script":"<script> [1562 bytes]","args":[{"selector":{"controlType":"sap.ui.core.Icon","viewName":"etm.portal.ui.managecatalogs.view.Detail","viewId":"application-managecatalogs-display-component---detailCatalog","properties":{"src":{"regex":{"source":"add\\-folder"}}}},"wdio_ui5_key":"etmportal.ui.managecatalogs.view.Detailsap.ui.core.Icon{\"src\":{\"regex\":{\"source\":\"add\\\\-folder\"}}}"}]}
RESULT: {"script":"<script> [1562 bytes]","args":[{"selector":{"controlType":"sap.ui.core.Icon","viewName":"etm.portal.ui.managecatalogs.view.Detail","viewId":"application-managecatalogs-display-component---detailCatalog","properties":{"src":{"regex":{"source":"add\\-folder"}}}},"wdio_ui5_key":"etmportal.ui.managecatalogs.view.Detailsap.ui.core.Icon{\"src\":{\"regex\":{\"source\":\"add\\\\-folder\"}}}"}]}
RESULT: undefined
COMMAND: POST /session/801e128c03398a69ab1c232e24d6d46c/element - {"using":"xpath","value":"//*[@id=\"__button96-img\"]"}
RESULT: {"using":"xpath","value":"//*[@id=\"__button96-img\"]"}
COMMAND: POST /session/801e128c03398a69ab1c232e24d6d46c/element/f.1FA3EEE566D6D7C9BB4DC331EA0F15D0.d.F3381CBE51C8D7EE5CBEE8DDEC342407.e.7573/click - {}
RESULT: {}
COMMAND: GET /session/801e128c03398a69ab1c232e24d6d46c/screenshot - {}
RESULT: {}
COMMAND: POST /session/801e128c03398a69ab1c232e24d6d46c/execute/async - {"script":"<script> [1562 bytes]","args":[{"selector":{"id":"application-managecatalogs-display-component---detailCatalog--numberInput","searchOpenDialogs":true,"interaction":{"idSuffix":"inner"}},"wdio_ui5_key":"applicationmanagecatalogs-display-component---detailCatalog--numberInput"}]}
RESULT: {"script":"<script> [1562 bytes]","args":[{"selector":{"id":"application-managecatalogs-display-component---detailCatalog--numberInput","searchOpenDialogs":true,"interaction":{"idSuffix":"inner"}},"wdio_ui5_key":"applicationmanagecatalogs-display-component---detailCatalog--numberInput"}]}
RESULT: undefined
COMMAND: POST /session/801e128c03398a69ab1c232e24d6d46c/execute/async - {"script":"<script> [776 bytes]","args":[{"enterText":"Section2tl2s","selector":{"id":"application-managecatalogs-display-component---detailCatalog--numberInput","searchOpenDialogs":true,"interaction":{"idSuffix":"inner"}},"clearTextFirst":true,"interactionType":"ENTER_TEXT"}]}
RESULT: {"script":"<script> [776 bytes]","args":[{"enterText":"Section2tl2s","selector":{"id":"application-managecatalogs-display-component---detailCatalog--numberInput","searchOpenDialogs":true,"interaction":{"idSuffix":"inner"}},"clearTextFirst":true,"interactionType":"ENTER_TEXT"}]}
COMMAND: POST /session/801e128c03398a69ab1c232e24d6d46c/element - {"using":"css selector","value":"#application-managecatalogs-display-component---detailCatalog--nameInput-inner"}
RESULT: {"using":"css selector","value":"#application-managecatalogs-display-component---detailCatalog--nameInput-inner"}
COMMAND: POST /session/801e128c03398a69ab1c232e24d6d46c/elements - {"using":"css selector","value":"#application-managecatalogs-display-component---detailCatalog--nameInput-inner"}
RESULT: {"using":"css selector","value":"#application-managecatalogs-display-component---detailCatalog--nameInput-inner"}
COMMAND: POST /session/801e128c03398a69ab1c232e24d6d46c/element/f.1FA3EEE566D6D7C9BB4DC331EA0F15D0.d.F3381CBE51C8D7EE5CBEE8DDEC342407.e.7576/clear - {}
RESULT: {}
COMMAND: POST /session/801e128c03398a69ab1c232e24d6d46c/element/f.1FA3EEE566D6D7C9BB4DC331EA0F15D0.d.F3381CBE51C8D7EE5CBEE8DDEC342407.e.7576/value - {"text":"Webdrivercmwyy"}
COMMAND: GET /session/801e128c03398a69ab1c232e24d6d46c/screenshot - {}
RESULT: {"text":"Webdrivercmwyy"}
COMMAND: POST /session/801e128c03398a69ab1c232e24d6d46c/execute/async - {"script":"<script> [1562 bytes]","args":[{"selector":{"controlType":"sap.m.Button","viewName":"etm.portal.ui.managecatalogs.view.Detail","viewId":"application-managecatalogs-display-component---detailCatalog","i18NText":{"propertyName":"text","key":"create"},"searchOpenDialogs":true,"interaction":{"idSuffix":"BDI-content"}},"wdio_ui5_key":"etmportal.ui.managecatalogs.view.Detailsap.m.Button{\"propertyName\":\"text\",\"key\":\"create\"}"}]}
COMMAND: GET /session/801e128c03398a69ab1c232e24d6d46c/screenshot - {}
RESULT: {}
RESULT: {"script":"<script> [1562 bytes]","args":[{"selector":{"controlType":"sap.m.Button","viewName":"etm.portal.ui.managecatalogs.view.Detail","viewId":"application-managecatalogs-display-component---detailCatalog","i18NText":{"propertyName":"text","key":"create"},"searchOpenDialogs":true,"interaction":{"idSuffix":"BDI-content"}},"wdio_ui5_key":"etmportal.ui.managecatalogs.view.Detailsap.m.Button{\"propertyName\":\"text\",\"key\":\"create\"}"}]}
RESULT: undefined
COMMAND: POST /session/801e128c03398a69ab1c232e24d6d46c/element - {"using":"xpath","value":"//*[@id=\"__button66\"]"}
RESULT: {}
RESULT: {"using":"xpath","value":"//*[@id=\"__button66\"]"}
COMMAND: POST /session/801e128c03398a69ab1c232e24d6d46c/element/f.1FA3EEE566D6D7C9BB4DC331EA0F15D0.d.F3381CBE51C8D7EE5CBEE8DDEC342407.e.7581/click - {}
RESULT: {}
COMMAND: GET /session/801e128c03398a69ab1c232e24d6d46c/screenshot - {}
RESULT: {}
COMMAND: POST /session/801e128c03398a69ab1c232e24d6d46c/element - {"using":"xpath","value":"//button[@title=\"Save\"]"}
RESULT: {"using":"xpath","value":"//button[@title=\"Save\"]"}
COMMAND: POST /session/801e128c03398a69ab1c232e24d6d46c/element/f.1FA3EEE566D6D7C9BB4DC331EA0F15D0.d.F3381CBE51C8D7EE5CBEE8DDEC342407.e.7582/click - {}
RESULT: {}
COMMAND: POST /session/801e128c03398a69ab1c232e24d6d46c/execute/async - {"script":"<script> [1562 bytes]","args":[{"selector":{"controlType":"sap.ui.core.Icon","viewName":"etm.portal.ui.managecatalogs.view.Detail","viewId":"application-managecatalogs-display-component---detailCatalog","properties":{"src":{"regex":{"source":"decline"}}}},"wdio_ui5_key":"etmportal.ui.managecatalogs.view.Detailsap.ui.core.Icon{\"src\":{\"regex\":{\"source\":\"decline\"}}}"}]}
COMMAND: GET /session/801e128c03398a69ab1c232e24d6d46c/screenshot - {}
RESULT: {"script":"<script> [1562 bytes]","args":[{"selector":{"controlType":"sap.ui.core.Icon","viewName":"etm.portal.ui.managecatalogs.view.Detail","viewId":"application-managecatalogs-display-component---detailCatalog","properties":{"src":{"regex":{"source":"decline"}}}},"wdio_ui5_key":"etmportal.ui.managecatalogs.view.Detailsap.ui.core.Icon{\"src\":{\"regex\":{\"source\":\"decline\"}}}"}]}
RESULT: undefined
COMMAND: POST /session/801e128c03398a69ab1c232e24d6d46c/element - {"using":"xpath","value":"//*[@id=\"__button91-img\"]"}
RESULT: {}
RESULT: {"using":"xpath","value":"//*[@id=\"__button91-img\"]"}
COMMAND: POST /session/801e128c03398a69ab1c232e24d6d46c/element/f.1FA3EEE566D6D7C9BB4DC331EA0F15D0.d.F3381CBE51C8D7EE5CBEE8DDEC342407.e.7588/click - {}
RESULT: {}
COMMAND: GET /session/801e128c03398a69ab1c232e24d6d46c/screenshot - {}
RESULT: {}
COMMAND: POST /session/801e128c03398a69ab1c232e24d6d46c/execute/async - {"script":"<script> [1562 bytes]","args":[{"selector":{"controlType":"sap.ui.core.Icon","viewName":"etm.portal.ui.managecatalogs.view.MasterItems","viewId":"application-managecatalogs-display-component---masterCatalogItems","properties":{"src":{"regex":{"source":"refresh"}}}},"wdio_ui5_key":"etmportal.ui.managecatalogs.view.MasterItemssap.ui.core.Icon{\"src\":{\"regex\":{\"source\":\"refresh\"}}}"}]}
RESULT: {"script":"<script> [1562 bytes]","args":[{"selector":{"controlType":"sap.ui.core.Icon","viewName":"etm.portal.ui.managecatalogs.view.MasterItems","viewId":"application-managecatalogs-display-component---masterCatalogItems","properties":{"src":{"regex":{"source":"refresh"}}}},"wdio_ui5_key":"etmportal.ui.managecatalogs.view.MasterItemssap.ui.core.Icon{\"src\":{\"regex\":{\"source\":\"refresh\"}}}"}]}
RESULT: undefined
COMMAND: POST /session/801e128c03398a69ab1c232e24d6d46c/element - {"using":"xpath","value":"//*[@id=\"__button64-img\"]"}
RESULT: {"using":"xpath","value":"//*[@id=\"__button64-img\"]"}
COMMAND: POST /session/801e128c03398a69ab1c232e24d6d46c/element/f.1FA3EEE566D6D7C9BB4DC331EA0F15D0.d.F3381CBE51C8D7EE5CBEE8DDEC342407.e.7624/click - {}
RESULT: {}
COMMAND: POST /session/801e128c03398a69ab1c232e24d6d46c/execute/async - {"script":"<script> [1562 bytes]","args":[{"selector":{"id":"application-managecatalogs-display-component---masterCatalogItems--searchItemsField","interaction":{"idSuffix":"I"}},"wdio_ui5_key":"applicationmanagecatalogs-display-component---masterCatalogItems--searchItemsField"}]}
COMMAND: GET /session/801e128c03398a69ab1c232e24d6d46c/screenshot - {}
RESULT: {"script":"<script> [1562 bytes]","args":[{"selector":{"id":"application-managecatalogs-display-component---masterCatalogItems--searchItemsField","interaction":{"idSuffix":"I"}},"wdio_ui5_key":"applicationmanagecatalogs-display-component---masterCatalogItems--searchItemsField"}]}
RESULT: undefined
COMMAND: POST /session/801e128c03398a69ab1c232e24d6d46c/execute/async - {"script":"<script> [776 bytes]","args":[{"enterText":"Webdrivercmwyy","selector":{"id":"application-managecatalogs-display-component---masterCatalogItems--searchItemsField","interaction":{"idSuffix":"I"}},"clearTextFirst":true,"interactionType":"ENTER_TEXT"}]}
RESULT: {}
RESULT: {"script":"<script> [776 bytes]","args":[{"enterText":"Webdrivercmwyy","selector":{"id":"application-managecatalogs-display-component---masterCatalogItems--searchItemsField","interaction":{"idSuffix":"I"}},"clearTextFirst":true,"interactionType":"ENTER_TEXT"}]}
COMMAND: POST /session/801e128c03398a69ab1c232e24d6d46c/actions - {"actions":[{"id":"action48","type":"key","parameters":{},"actions":[{"type":"keyDown","value":""},{"type":"pause","duration":10},{"type":"keyUp","value":""}]}]}
RESULT: {"actions":[{"id":"action48","type":"key","parameters":{},"actions":[{"type":"keyDown","value":""},{"type":"pause","duration":10},{"type":"keyUp","value":""}]}]}
COMMAND: POST /session/801e128c03398a69ab1c232e24d6d46c/element - {"using":"xpath","value":"(//span[contains(text(), \"Webdrivercmwyy\")])[1]"}
COMMAND: GET /session/801e128c03398a69ab1c232e24d6d46c/screenshot - {}
RESULT: {"using":"xpath","value":"(//span[contains(text(), \"Webdrivercmwyy\")])[1]"}
COMMAND: POST /session/801e128c03398a69ab1c232e24d6d46c/element/f.1FA3EEE566D6D7C9BB4DC331EA0F15D0.d.F3381CBE51C8D7EE5CBEE8DDEC342407.e.7627/click - {}
RESULT: {}
RESULT: {}
COMMAND: GET /session/801e128c03398a69ab1c232e24d6d46c/screenshot - {}
RESULT: {}
RESULT: undefined
COMMAND: POST /session/801e128c03398a69ab1c232e24d6d46c/element - {"using":"xpath","value":"//*[@id=\"__button88\"]"}
RESULT: {"using":"xpath","value":"//*[@id=\"__button88\"]"}
COMMAND: POST /session/801e128c03398a69ab1c232e24d6d46c/element/f.1FA3EEE566D6D7C9BB4DC331EA0F15D0.d.F3381CBE51C8D7EE5CBEE8DDEC342407.e.7664/click - {}
RESULT: {}
COMMAND: GET /session/801e128c03398a69ab1c232e24d6d46c/screenshot - {}
RESULT: {}
RESULT: undefined
COMMAND: POST /session/801e128c03398a69ab1c232e24d6d46c/element - {"using":"xpath","value":"//*[@id=\"__button96-img\"]"}
RESULT: {"using":"xpath","value":"//*[@id=\"__button96-img\"]"}
COMMAND: POST /session/801e128c03398a69ab1c232e24d6d46c/element/f.1FA3EEE566D6D7C9BB4DC331EA0F15D0.d.F3381CBE51C8D7EE5CBEE8DDEC342407.e.7712/click - {}
RESULT: {}
COMMAND: GET /session/801e128c03398a69ab1c232e24d6d46c/screenshot - {}
RESULT: {}
RESULT: undefined
COMMAND: POST /session/801e128c03398a69ab1c232e24d6d46c/execute/async - {"script":"<script> [776 bytes]","args":[{"enterText":"SecondSection28wte","selector":{"id":"application-managecatalogs-display-component---detailCatalog--numberInput","searchOpenDialogs":true,"interaction":{"idSuffix":"inner"}},"clearTextFirst":true,"interactionType":"ENTER_TEXT"}]}
RESULT: {"script":"<script> [776 bytes]","args":[{"enterText":"SecondSection28wte","selector":{"id":"application-managecatalogs-display-component---detailCatalog--numberInput","searchOpenDialogs":true,"interaction":{"idSuffix":"inner"}},"clearTextFirst":true,"interactionType":"ENTER_TEXT"}]}
COMMAND: POST /session/801e128c03398a69ab1c232e24d6d46c/element - {"using":"xpath","value":"//input[contains(@id ,\"application-managecatalogs-display-component---detailCatalog--nameInput-inner\")]"}
RESULT: {"using":"xpath","value":"//input[contains(@id ,\"application-managecatalogs-display-component---detailCatalog--nameInput-inner\")]"}
COMMAND: POST /session/801e128c03398a69ab1c232e24d6d46c/elements - {"using":"xpath","value":"//input[contains(@id ,\"application-managecatalogs-display-component---detailCatalog--nameInput-inner\")]"}
RESULT: {"using":"xpath","value":"//input[contains(@id ,\"application-managecatalogs-display-component---detailCatalog--nameInput-inner\")]"}
COMMAND: POST /session/801e128c03398a69ab1c232e24d6d46c/element/f.1FA3EEE566D6D7C9BB4DC331EA0F15D0.d.F3381CBE51C8D7EE5CBEE8DDEC342407.e.7715/clear - {}
RESULT: {}
COMMAND: POST /session/801e128c03398a69ab1c232e24d6d46c/element/f.1FA3EEE566D6D7C9BB4DC331EA0F15D0.d.F3381CBE51C8D7EE5CBEE8DDEC342407.e.7715/value - {"text":"webdriversecondtb4ful"}
COMMAND: GET /session/801e128c03398a69ab1c232e24d6d46c/screenshot - {}
RESULT: {"text":"webdriversecondtb4ful"}
RESULT: undefined
COMMAND: POST /session/801e128c03398a69ab1c232e24d6d46c/element - {"using":"xpath","value":"//*[@id=\"__button66\"]"}
COMMAND: GET /session/801e128c03398a69ab1c232e24d6d46c/screenshot - {}
RESULT: {}
RESULT: {"using":"xpath","value":"//*[@id=\"__button66\"]"}
COMMAND: POST /session/801e128c03398a69ab1c232e24d6d46c/element/f.1FA3EEE566D6D7C9BB4DC331EA0F15D0.d.F3381CBE51C8D7EE5CBEE8DDEC342407.e.7719/click - {}
RESULT: {}
RESULT: {}
COMMAND: GET /session/801e128c03398a69ab1c232e24d6d46c/screenshot - {}
RESULT: {}
COMMAND: POST /session/801e128c03398a69ab1c232e24d6d46c/element - {"using":"xpath","value":"//button[@title=\"Save\"]"}
RESULT: {"using":"xpath","value":"//button[@title=\"Save\"]"}
COMMAND: POST /session/801e128c03398a69ab1c232e24d6d46c/element/f.1FA3EEE566D6D7C9BB4DC331EA0F15D0.d.F3381CBE51C8D7EE5CBEE8DDEC342407.e.7697/click - {}
RESULT: {}
COMMAND: GET /session/801e128c03398a69ab1c232e24d6d46c/screenshot - {}
RESULT: {}
RESULT: undefined
COMMAND: POST /session/801e128c03398a69ab1c232e24d6d46c/element - {"using":"xpath","value":"//*[@id=\"__button91-img\"]"}
RESULT: {"using":"xpath","value":"//*[@id=\"__button91-img\"]"}
COMMAND: POST /session/801e128c03398a69ab1c232e24d6d46c/element/f.1FA3EEE566D6D7C9BB4DC331EA0F15D0.d.F3381CBE51C8D7EE5CBEE8DDEC342407.e.7671/click - {}
RESULT: {}
COMMAND: GET /session/801e128c03398a69ab1c232e24d6d46c/screenshot - {}
RESULT: {}
RESULT: undefined
COMMAND: POST /session/801e128c03398a69ab1c232e24d6d46c/element - {"using":"xpath","value":"//*[@id=\"__button64-img\"]"}
RESULT: {"using":"xpath","value":"//*[@id=\"__button64-img\"]"}
COMMAND: POST /session/801e128c03398a69ab1c232e24d6d46c/element/f.1FA3EEE566D6D7C9BB4DC331EA0F15D0.d.F3381CBE51C8D7EE5CBEE8DDEC342407.e.7757/click - {}
RESULT: {}
COMMAND: GET /session/801e128c03398a69ab1c232e24d6d46c/screenshot - {}
RESULT: {}
RESULT: undefined
COMMAND: POST /session/801e128c03398a69ab1c232e24d6d46c/execute/async - {"script":"<script> [776 bytes]","args":[{"enterText":"SecondSection28wte","selector":{"id":"application-managecatalogs-display-component---masterCatalogItems--searchItemsField","interaction":{"idSuffix":"I"}},"clearTextFirst":true,"interactionType":"ENTER_TEXT"}]}
RESULT: {"script":"<script> [776 bytes]","args":[{"enterText":"SecondSection28wte","selector":{"id":"application-managecatalogs-display-component---masterCatalogItems--searchItemsField","interaction":{"idSuffix":"I"}},"clearTextFirst":true,"interactionType":"ENTER_TEXT"}]}
COMMAND: POST /session/801e128c03398a69ab1c232e24d6d46c/actions - {"actions":[{"id":"action49","type":"key","parameters":{},"actions":[{"type":"keyDown","value":""},{"type":"pause","duration":10},{"type":"keyUp","value":""}]}]}
RESULT: {"actions":[{"id":"action49","type":"key","parameters":{},"actions":[{"type":"keyDown","value":""},{"type":"pause","duration":10},{"type":"keyUp","value":""}]}]}
COMMAND: POST /session/801e128c03398a69ab1c232e24d6d46c/element - {"using":"xpath","value":"(//span[contains(text(), \"SecondSection28wte\")])[1]"}
COMMAND: GET /session/801e128c03398a69ab1c232e24d6d46c/screenshot - {}
RESULT: {"using":"xpath","value":"(//span[contains(text(), \"SecondSection28wte\")])[1]"}
COMMAND: POST /session/801e128c03398a69ab1c232e24d6d46c/element/f.1FA3EEE566D6D7C9BB4DC331EA0F15D0.d.F3381CBE51C8D7EE5CBEE8DDEC342407.e.7760/click - {}
RESULT: {}
RESULT: {}
COMMAND: POST /session/801e128c03398a69ab1c232e24d6d46c/element - {"using":"xpath","value":"(//span[contains(text(), \"SecondSection28wte\")])[1]"}
COMMAND: GET /session/801e128c03398a69ab1c232e24d6d46c/screenshot - {}
RESULT: {"using":"xpath","value":"(//span[contains(text(), \"SecondSection28wte\")])[1]"}
COMMAND: GET /session/801e128c03398a69ab1c232e24d6d46c/element/f.1FA3EEE566D6D7C9BB4DC331EA0F15D0.d.F3381CBE51C8D7EE5CBEE8DDEC342407.e.7760/text - {}
RESULT: {}
COMMAND: POST /session/801e128c03398a69ab1c232e24d6d46c/element - {"using":"xpath","value":"(//span[contains(text(), \"SecondSection28wte\")])[1]"}
RESULT: {"using":"xpath","value":"(//span[contains(text(), \"SecondSection28wte\")])[1]"}
COMMAND: GET /session/801e128c03398a69ab1c232e24d6d46c/element/f.1FA3EEE566D6D7C9BB4DC331EA0F15D0.d.F3381CBE51C8D7EE5CBEE8DDEC342407.e.7760/text - {}
COMMAND: POST /session/801e128c03398a69ab1c232e24d6d46c/element - {"using":"xpath","value":"(//span[contains(text(), \"SecondSection28wte\")])[1]"}
RESULT: {"using":"xpath","value":"(//span[contains(text(), \"SecondSection28wte\")])[1]"}
COMMAND: GET /session/801e128c03398a69ab1c232e24d6d46c/element/f.1FA3EEE566D6D7C9BB4DC331EA0F15D0.d.F3381CBE51C8D7EE5CBEE8DDEC342407.e.7812/text - {}
RESULT: {}
COMMAND: POST /session/801e128c03398a69ab1c232e24d6d46c/refresh - {}
RESULT: {}
COMMAND: GET /session/801e128c03398a69ab1c232e24d6d46c/screenshot - {}
RESULT: {}
COMMAND: POST /session/801e128c03398a69ab1c232e24d6d46c/execute/async - {"script":"<script> [189 bytes]","args":[]}
RESULT: {"script":"<script> [189 bytes]","args":[]}
COMMAND: POST /session/801e128c03398a69ab1c232e24d6d46c/execute/async - {"script":"<script> [123 bytes]","args":[]}
RESULT: {"script":"<script> [123 bytes]","args":[]}
COMMAND: POST /session/801e128c03398a69ab1c232e24d6d46c/timeouts - {"script":"<number>"}
RESULT: {"script":"<number>"}
COMMAND: GET /session/801e128c03398a69ab1c232e24d6d46c/timeouts - {}
RESULT: {}
RESULT: undefined
COMMAND: POST /session/801e128c03398a69ab1c232e24d6d46c/execute/async - {"script":"<script> [2676 bytes]","args":[]}
RESULT: {"script":"<script> [2676 bytes]","args":[]}
COMMAND: POST /session/801e128c03398a69ab1c232e24d6d46c/execute/async - {"script":"<script> [2342 bytes]","args":[{"protocol":"http","hostname":"0.0.0.0","path":"/","capabilities":{"browserName":"chrome","goog:chromeOptions":{"binary":"C:\\Program Files\\Google\\Chrome\\Application\\chrome.exe","args":["--start-maximized"]}},"logLevel":"warn","connectionRetryTimeout":120000,"connectionRetryCount":3,"logLevels":{},"enableDirectConnect":true,"strictSSL":true,"_":"65 more keys: [\"cacheDir\",\"port\",\"requestedCapabilities\",\"automationProtocol\",\"baseUrl\",\"waitforInterval\",\"waitforTimeout\",\"onReload\",\"beforeCommand\",\"afterCommand\",\"rootDir\",\"specs\",\"suites\",\"exclude\",\"groupLogsByTestSpec\",\"excludeDriverLogs\",\"bail\",\"framework\",\"reporters\",\"services\",\"maxInstances\",\"maxInstancesPerCapability\",\"injectGlobals\",\"filesToWatch\",\"execArgv\",\"runnerEnv\",\"runner\",\"shard\",\"specFileRetries\",\"specFileRetriesDelay\",\"specFileRetriesDeferred\",\"reporterSyncInterval\",\"reporterSyncTimeout\",\"cucumberFeaturesWithLineNumbers\",\"autoCompileOpts\",\"mochaOpts\",\"jasmineOpts\",\"cucumberOpts\",\"onPrepare\",\"onWorkerStart\",\"onWorkerEnd\",\"before\",\"beforeSession\",\"beforeSuite\",\"beforeHook\",\"beforeTest\",\"afterTest\",\"afterHook\",\"afterSuite\",\"afterSession\",\"after\",\"onComplete\",\"beforeAssertion\",\"afterAssertion\",\"beforeFeature\",\"beforeScenario\",\"beforeStep\",\"afterStep\",\"afterScenario\",\"afterFeature\",\"_\",\"suite\",\"$0\",\"ignoredWorkerServices\",\"wdi5\"]"}]}
RESULT: {"script":"<script> [2342 bytes]","args":[{"protocol":"http","hostname":"0.0.0.0","path":"/","capabilities":{"browserName":"chrome","goog:chromeOptions":{"binary":"C:\\Program Files\\Google\\Chrome\\Application\\chrome.exe","args":["--start-maximized"]}},"logLevel":"warn","connectionRetryTimeout":120000,"connectionRetryCount":3,"logLevels":{},"enableDirectConnect":true,"strictSSL":true,"_":"65 more keys: [\"cacheDir\",\"port\",\"requestedCapabilities\",\"automationProtocol\",\"baseUrl\",\"waitforInterval\",\"waitforTimeout\",\"onReload\",\"beforeCommand\",\"afterCommand\",\"rootDir\",\"specs\",\"suites\",\"exclude\",\"groupLogsByTestSpec\",\"excludeDriverLogs\",\"bail\",\"framework\",\"reporters\",\"services\",\"maxInstances\",\"maxInstancesPerCapability\",\"injectGlobals\",\"filesToWatch\",\"execArgv\",\"runnerEnv\",\"runner\",\"shard\",\"specFileRetries\",\"specFileRetriesDelay\",\"specFileRetriesDeferred\",\"reporterSyncInterval\",\"reporterSyncTimeout\",\"cucumberFeaturesWithLineNumbers\",\"autoCompileOpts\",\"mochaOpts\",\"jasmineOpts\",\"cucumberOpts\",\"onPrepare\",\"onWorkerStart\",\"onWorkerEnd\",\"before\",\"beforeSession\",\"beforeSuite\",\"beforeHook\",\"beforeTest\",\"afterTest\",\"afterHook\",\"afterSuite\",\"afterSession\",\"after\",\"onComplete\",\"beforeAssertion\",\"afterAssertion\",\"beforeFeature\",\"beforeScenario\",\"beforeStep\",\"afterStep\",\"afterScenario\",\"afterFeature\",\"_\",\"suite\",\"$0\",\"ignoredWorkerServices\",\"wdi5\"]"}]}
COMMAND: POST /session/801e128c03398a69ab1c232e24d6d46c/execute/async - {"script":"<script> [21126 bytes]","args":[35000]}
RESULT: {"script":"<script> [21126 bytes]","args":[35000]}
COMMAND: POST /session/801e128c03398a69ab1c232e24d6d46c/execute/async - {"script":"<script> [1562 bytes]","args":[{"selector":{"controlType":"sap.m.Button","viewName":"etm.portal.ui.managecatalogs.view.Detail","viewId":"application-managecatalogs-display-component---detailCatalog","i18NText":{"propertyName":"text","key":"edit"},"interaction":{"idSuffix":"BDI-content"}},"wdio_ui5_key":"etmportal.ui.managecatalogs.view.Detailsap.m.Button{\"propertyName\":\"text\",\"key\":\"edit\"}"}]}
RESULT: {"script":"<script> [1562 bytes]","args":[{"selector":{"controlType":"sap.m.Button","viewName":"etm.portal.ui.managecatalogs.view.Detail","viewId":"application-managecatalogs-display-component---detailCatalog","i18NText":{"propertyName":"text","key":"edit"},"interaction":{"idSuffix":"BDI-content"}},"wdio_ui5_key":"etmportal.ui.managecatalogs.view.Detailsap.m.Button{\"propertyName\":\"text\",\"key\":\"edit\"}"}]}
RESULT: undefined
COMMAND: POST /session/801e128c03398a69ab1c232e24d6d46c/element - {"using":"xpath","value":"//*[@id=\"__button25\"]"}
RESULT: {"using":"xpath","value":"//*[@id=\"__button25\"]"}
COMMAND: POST /session/801e128c03398a69ab1c232e24d6d46c/element/f.1FA3EEE566D6D7C9BB4DC331EA0F15D0.d.B2FB77B46FF7B7CA6454A9C839F9CFF1.e.7869/click - {}
RESULT: {}
COMMAND: POST /session/801e128c03398a69ab1c232e24d6d46c/execute/async - {"script":"<script> [1562 bytes]","args":[{"selector":{"controlType":"sap.ui.core.Icon","viewName":"etm.portal.ui.managecatalogs.view.Detail","viewId":"application-managecatalogs-display-component---detailCatalog","properties":{"src":{"regex":{"source":"add\\-document"}}}},"wdio_ui5_key":"etmportal.ui.managecatalogs.view.Detailsap.ui.core.Icon{\"src\":{\"regex\":{\"source\":\"add\\\\-document\"}}}"}]}
COMMAND: GET /session/801e128c03398a69ab1c232e24d6d46c/screenshot - {}
RESULT: {"script":"<script> [1562 bytes]","args":[{"selector":{"controlType":"sap.ui.core.Icon","viewName":"etm.portal.ui.managecatalogs.view.Detail","viewId":"application-managecatalogs-display-component---detailCatalog","properties":{"src":{"regex":{"source":"add\\-document"}}}},"wdio_ui5_key":"etmportal.ui.managecatalogs.view.Detailsap.ui.core.Icon{\"src\":{\"regex\":{\"source\":\"add\\\\-document\"}}}"}]}
RESULT: undefined
COMMAND: POST /session/801e128c03398a69ab1c232e24d6d46c/element - {"using":"xpath","value":"//*[@id=\"__button34-img\"]"}
RESULT: {}
RESULT: {"using":"xpath","value":"//*[@id=\"__button34-img\"]"}
COMMAND: POST /session/801e128c03398a69ab1c232e24d6d46c/element/f.1FA3EEE566D6D7C9BB4DC331EA0F15D0.d.B2FB77B46FF7B7CA6454A9C839F9CFF1.e.7876/click - {}
RESULT: {}
COMMAND: POST /session/801e128c03398a69ab1c232e24d6d46c/execute/async - {"script":"<script> [1562 bytes]","args":[{"selector":{"id":"application-managecatalogs-display-component---detailCatalog--newItemNumberInput","searchOpenDialogs":true,"interaction":{"idSuffix":"inner"}},"wdio_ui5_key":"applicationmanagecatalogs-display-component---detailCatalog--newItemNumberInput"}]}
COMMAND: GET /session/801e128c03398a69ab1c232e24d6d46c/screenshot - {}
RESULT: {"script":"<script> [1562 bytes]","args":[{"selector":{"id":"application-managecatalogs-display-component---detailCatalog--newItemNumberInput","searchOpenDialogs":true,"interaction":{"idSuffix":"inner"}},"wdio_ui5_key":"applicationmanagecatalogs-display-component---detailCatalog--newItemNumberInput"}]}
RESULT: undefined
COMMAND: POST /session/801e128c03398a69ab1c232e24d6d46c/execute/async - {"script":"<script> [776 bytes]","args":[{"enterText":"catalogItems1l5","selector":{"id":"application-managecatalogs-display-component---detailCatalog--newItemNumberInput","searchOpenDialogs":true,"interaction":{"idSuffix":"inner"}},"clearTextFirst":true,"interactionType":"ENTER_TEXT"}]}
RESULT: {}
RESULT: {"script":"<script> [776 bytes]","args":[{"enterText":"catalogItems1l5","selector":{"id":"application-managecatalogs-display-component---detailCatalog--newItemNumberInput","searchOpenDialogs":true,"interaction":{"idSuffix":"inner"}},"clearTextFirst":true,"interactionType":"ENTER_TEXT"}]}
COMMAND: POST /session/801e128c03398a69ab1c232e24d6d46c/execute/async - {"script":"<script> [1562 bytes]","args":[{"selector":{"controlType":"sap.m.Input","viewName":"etm.portal.ui.managecatalogs.view.Detail","viewId":"application-managecatalogs-display-component---detailCatalog","bindingPath":{"path":"","propertyPath":"/DESCRIPTION"},"searchOpenDialogs":true,"interaction":{"idSuffix":"inner"}},"wdio_ui5_key":"etmportal.ui.managecatalogs.view.Detailsap.m.Input{\"path\":\"\",\"propertyPath\":\"/DESCRIPTION\"}"}]}
RESULT: {"script":"<script> [1562 bytes]","args":[{"selector":{"controlType":"sap.m.Input","viewName":"etm.portal.ui.managecatalogs.view.Detail","viewId":"application-managecatalogs-display-component---detailCatalog","bindingPath":{"path":"","propertyPath":"/DESCRIPTION"},"searchOpenDialogs":true,"interaction":{"idSuffix":"inner"}},"wdio_ui5_key":"etmportal.ui.managecatalogs.view.Detailsap.m.Input{\"path\":\"\",\"propertyPath\":\"/DESCRIPTION\"}"}]}
RESULT: undefined
COMMAND: POST /session/801e128c03398a69ab1c232e24d6d46c/execute/async - {"script":"<script> [776 bytes]","args":[{"enterText":"catalogItemNamej0xlg","selector":{"controlType":"sap.m.Input","viewName":"etm.portal.ui.managecatalogs.view.Detail","viewId":"application-managecatalogs-display-component---detailCatalog","bindingPath":{"path":"","propertyPath":"/DESCRIPTION"},"searchOpenDialogs":true,"interaction":{"idSuffix":"inner"}},"clearTextFirst":true,"interactionType":"ENTER_TEXT"}]}
RESULT: {"script":"<script> [776 bytes]","args":[{"enterText":"catalogItemNamej0xlg","selector":{"controlType":"sap.m.Input","viewName":"etm.portal.ui.managecatalogs.view.Detail","viewId":"application-managecatalogs-display-component---detailCatalog","bindingPath":{"path":"","propertyPath":"/DESCRIPTION"},"searchOpenDialogs":true,"interaction":{"idSuffix":"inner"}},"clearTextFirst":true,"interactionType":"ENTER_TEXT"}]}
COMMAND: POST /session/801e128c03398a69ab1c232e24d6d46c/execute/async - {"script":"<script> [1562 bytes]","args":[{"selector":{"controlType":"sap.m.Button","viewName":"etm.portal.ui.managecatalogs.view.Detail","viewId":"application-managecatalogs-display-component---detailCatalog","i18NText":{"propertyName":"text","key":"create"},"searchOpenDialogs":true,"interaction":{"idSuffix":"BDI-content"}},"wdio_ui5_key":"etmportal.ui.managecatalogs.view.Detailsap.m.Button{\"propertyName\":\"text\",\"key\":\"create\"}"}]}
RESULT: {"script":"<script> [1562 bytes]","args":[{"selector":{"controlType":"sap.m.Button","viewName":"etm.portal.ui.managecatalogs.view.Detail","viewId":"application-managecatalogs-display-component---detailCatalog","i18NText":{"propertyName":"text","key":"create"},"searchOpenDialogs":true,"interaction":{"idSuffix":"BDI-content"}},"wdio_ui5_key":"etmportal.ui.managecatalogs.view.Detailsap.m.Button{\"propertyName\":\"text\",\"key\":\"create\"}"}]}
RESULT: undefined
COMMAND: POST /session/801e128c03398a69ab1c232e24d6d46c/element - {"using":"xpath","value":"//*[@id=\"__button9\"]"}
RESULT: {"using":"xpath","value":"//*[@id=\"__button9\"]"}
COMMAND: POST /session/801e128c03398a69ab1c232e24d6d46c/element/f.1FA3EEE566D6D7C9BB4DC331EA0F15D0.d.B2FB77B46FF7B7CA6454A9C839F9CFF1.e.7885/click - {}
RESULT: {}
COMMAND: GET /session/801e128c03398a69ab1c232e24d6d46c/screenshot - {}
RESULT: {}
COMMAND: POST /session/801e128c03398a69ab1c232e24d6d46c/element - {"using":"xpath","value":"//button[@title=\"Save\"]"}
RESULT: {"using":"xpath","value":"//button[@title=\"Save\"]"}
COMMAND: POST /session/801e128c03398a69ab1c232e24d6d46c/element/f.1FA3EEE566D6D7C9BB4DC331EA0F15D0.d.B2FB77B46FF7B7CA6454A9C839F9CFF1.e.7886/click - {}
RESULT: {}
COMMAND: GET /session/801e128c03398a69ab1c232e24d6d46c/screenshot - {}
RESULT: {}
COMMAND: POST /session/801e128c03398a69ab1c232e24d6d46c/execute/async - {"script":"<script> [1562 bytes]","args":[{"selector":{"controlType":"sap.ui.core.Icon","viewName":"etm.portal.ui.managecatalogs.view.Detail","viewId":"application-managecatalogs-display-component---detailCatalog","properties":{"src":{"regex":{"source":"decline"}}}},"wdio_ui5_key":"etmportal.ui.managecatalogs.view.Detailsap.ui.core.Icon{\"src\":{\"regex\":{\"source\":\"decline\"}}}"}]}
RESULT: {"script":"<script> [1562 bytes]","args":[{"selector":{"controlType":"sap.ui.core.Icon","viewName":"etm.portal.ui.managecatalogs.view.Detail","viewId":"application-managecatalogs-display-component---detailCatalog","properties":{"src":{"regex":{"source":"decline"}}}},"wdio_ui5_key":"etmportal.ui.managecatalogs.view.Detailsap.ui.core.Icon{\"src\":{\"regex\":{\"source\":\"decline\"}}}"}]}
RESULT: undefined
COMMAND: POST /session/801e128c03398a69ab1c232e24d6d46c/element - {"using":"xpath","value":"//*[@id=\"__button28-img\"]"}
RESULT: {"using":"xpath","value":"//*[@id=\"__button28-img\"]"}
COMMAND: POST /session/801e128c03398a69ab1c232e24d6d46c/element/f.1FA3EEE566D6D7C9BB4DC331EA0F15D0.d.B2FB77B46FF7B7CA6454A9C839F9CFF1.e.7891/click - {}
RESULT: {}
COMMAND: GET /session/801e128c03398a69ab1c232e24d6d46c/screenshot - {}
RESULT: {}
COMMAND: POST /session/801e128c03398a69ab1c232e24d6d46c/execute/async - {"script":"<script> [1562 bytes]","args":[{"selector":{"controlType":"sap.ui.core.Icon","viewName":"etm.portal.ui.managecatalogs.view.MasterItems","viewId":"application-managecatalogs-display-component---masterCatalogItems","properties":{"src":{"regex":{"source":"refresh"}}}},"wdio_ui5_key":"etmportal.ui.managecatalogs.view.MasterItemssap.ui.core.Icon{\"src\":{\"regex\":{\"source\":\"refresh\"}}}"}]}
RESULT: {"script":"<script> [1562 bytes]","args":[{"selector":{"controlType":"sap.ui.core.Icon","viewName":"etm.portal.ui.managecatalogs.view.MasterItems","viewId":"application-managecatalogs-display-component---masterCatalogItems","properties":{"src":{"regex":{"source":"refresh"}}}},"wdio_ui5_key":"etmportal.ui.managecatalogs.view.MasterItemssap.ui.core.Icon{\"src\":{\"regex\":{\"source\":\"refresh\"}}}"}]}
RESULT: undefined
COMMAND: POST /session/801e128c03398a69ab1c232e24d6d46c/element - {"using":"xpath","value":"//*[@id=\"__button1-img\"]"}
RESULT: {"using":"xpath","value":"//*[@id=\"__button1-img\"]"}
COMMAND: POST /session/801e128c03398a69ab1c232e24d6d46c/element/f.1FA3EEE566D6D7C9BB4DC331EA0F15D0.d.B2FB77B46FF7B7CA6454A9C839F9CFF1.e.7900/click - {}
RESULT: {}
COMMAND: GET /session/801e128c03398a69ab1c232e24d6d46c/screenshot - {}
RESULT: {}
COMMAND: POST /session/801e128c03398a69ab1c232e24d6d46c/execute/async - {"script":"<script> [1562 bytes]","args":[{"selector":{"id":"application-managecatalogs-display-component---masterCatalogItems--searchItemsField","interaction":{"idSuffix":"I"}},"wdio_ui5_key":"applicationmanagecatalogs-display-component---masterCatalogItems--searchItemsField"}]}
RESULT: {"script":"<script> [1562 bytes]","args":[{"selector":{"id":"application-managecatalogs-display-component---masterCatalogItems--searchItemsField","interaction":{"idSuffix":"I"}},"wdio_ui5_key":"applicationmanagecatalogs-display-component---masterCatalogItems--searchItemsField"}]}
RESULT: undefined
COMMAND: POST /session/801e128c03398a69ab1c232e24d6d46c/execute/async - {"script":"<script> [776 bytes]","args":[{"enterText":"catalogItemNamej0xlg","selector":{"id":"application-managecatalogs-display-component---masterCatalogItems--searchItemsField","interaction":{"idSuffix":"I"}},"clearTextFirst":true,"interactionType":"ENTER_TEXT"}]}
RESULT: {"script":"<script> [776 bytes]","args":[{"enterText":"catalogItemNamej0xlg","selector":{"id":"application-managecatalogs-display-component---masterCatalogItems--searchItemsField","interaction":{"idSuffix":"I"}},"clearTextFirst":true,"interactionType":"ENTER_TEXT"}]}
COMMAND: POST /session/801e128c03398a69ab1c232e24d6d46c/actions - {"actions":[{"id":"action50","type":"key","parameters":{},"actions":[{"type":"keyDown","value":""},{"type":"pause","duration":10},{"type":"keyUp","value":""}]}]}
RESULT: {"actions":[{"id":"action50","type":"key","parameters":{},"actions":[{"type":"keyDown","value":""},{"type":"pause","duration":10},{"type":"keyUp","value":""}]}]}
COMMAND: POST /session/801e128c03398a69ab1c232e24d6d46c/element - {"using":"xpath","value":"(//span[contains(text(), \"catalogItemNamej0xlg\")])[1]"}
COMMAND: GET /session/801e128c03398a69ab1c232e24d6d46c/screenshot - {}
RESULT: {"using":"xpath","value":"(//span[contains(text(), \"catalogItemNamej0xlg\")])[1]"}
COMMAND: POST /session/801e128c03398a69ab1c232e24d6d46c/element/f.1FA3EEE566D6D7C9BB4DC331EA0F15D0.d.B2FB77B46FF7B7CA6454A9C839F9CFF1.e.7937/click - {}
RESULT: {}
RESULT: {}
COMMAND: GET /session/801e128c03398a69ab1c232e24d6d46c/screenshot - {}
RESULT: {}
COMMAND: POST /session/801e128c03398a69ab1c232e24d6d46c/element - {"using":"xpath","value":"//span[contains(text(), \"catalogItems1l5\")]"}
RESULT: {"using":"xpath","value":"//span[contains(text(), \"catalogItems1l5\")]"}
COMMAND: GET /session/801e128c03398a69ab1c232e24d6d46c/element/f.1FA3EEE566D6D7C9BB4DC331EA0F15D0.d.B2FB77B46FF7B7CA6454A9C839F9CFF1.e.7998/text - {}
RESULT: {}
]]></system-out>
    </testcase>
    <testcase classname="chrome.136_0_7103_93.windows.Manage_requests_-_requests_specifications_US141095" name="Should add the classification to the catalog item" time="35.268">
      <system-out><![CDATA[
RESULT: undefined
COMMAND: POST /session/801e128c03398a69ab1c232e24d6d46c/element - {"using":"xpath","value":"//*[@id=\"__button25\"]"}
RESULT: {"using":"xpath","value":"//*[@id=\"__button25\"]"}
COMMAND: POST /session/801e128c03398a69ab1c232e24d6d46c/element/f.1FA3EEE566D6D7C9BB4DC331EA0F15D0.d.B2FB77B46FF7B7CA6454A9C839F9CFF1.e.7999/click - {}
RESULT: {}
COMMAND: GET /session/801e128c03398a69ab1c232e24d6d46c/screenshot - {}
RESULT: {}
COMMAND: POST /session/801e128c03398a69ab1c232e24d6d46c/execute/async - {"script":"<script> [1562 bytes]","args":[{"selector":{"id":"application-managecatalogs-display-component---detailCatalog--BASE_UNIT_OF_MEASURE-arrow"},"wdio_ui5_key":"applicationmanagecatalogs-display-component---detailCatalog--BASE_UNIT_OF_MEASURE-arrow"}]}
RESULT: {"script":"<script> [1562 bytes]","args":[{"selector":{"id":"application-managecatalogs-display-component---detailCatalog--BASE_UNIT_OF_MEASURE-arrow"},"wdio_ui5_key":"applicationmanagecatalogs-display-component---detailCatalog--BASE_UNIT_OF_MEASURE-arrow"}]}
RESULT: undefined
COMMAND: POST /session/801e128c03398a69ab1c232e24d6d46c/element - {"using":"xpath","value":"//*[@id=\"application-managecatalogs-display-component---detailCatalog--BASE_UNIT_OF_MEASURE-arrow\"]"}
RESULT: {"using":"xpath","value":"//*[@id=\"application-managecatalogs-display-component---detailCatalog--BASE_UNIT_OF_MEASURE-arrow\"]"}
COMMAND: POST /session/801e128c03398a69ab1c232e24d6d46c/element/f.1FA3EEE566D6D7C9BB4DC331EA0F15D0.d.B2FB77B46FF7B7CA6454A9C839F9CFF1.e.8029/click - {}
RESULT: {}
COMMAND: POST /session/801e128c03398a69ab1c232e24d6d46c/execute/async - {"script":"<script> [1562 bytes]","args":[{"selector":{"controlType":"sap.m.StandardListItem","viewName":"etm.portal.ui.managecatalogs.view.Detail","viewId":"application-managecatalogs-display-component---detailCatalog","properties":{"title":"Piece"},"searchOpenDialogs":true,"interaction":{"idSuffix":"titleText"}},"wdio_ui5_key":"etmportal.ui.managecatalogs.view.Detailsap.m.StandardListItem{\"title\":\"Piece\"}"}]}
COMMAND: GET /session/801e128c03398a69ab1c232e24d6d46c/screenshot - {}
RESULT: {"script":"<script> [1562 bytes]","args":[{"selector":{"controlType":"sap.m.StandardListItem","viewName":"etm.portal.ui.managecatalogs.view.Detail","viewId":"application-managecatalogs-display-component---detailCatalog","properties":{"title":"Piece"},"searchOpenDialogs":true,"interaction":{"idSuffix":"titleText"}},"wdio_ui5_key":"etmportal.ui.managecatalogs.view.Detailsap.m.StandardListItem{\"title\":\"Piece\"}"}]}
RESULT: undefined
COMMAND: POST /session/801e128c03398a69ab1c232e24d6d46c/element - {"using":"xpath","value":"//*[@id=\"__item224\"]"}
RESULT: {}
RESULT: {"using":"xpath","value":"//*[@id=\"__item224\"]"}
COMMAND: POST /session/801e128c03398a69ab1c232e24d6d46c/element/f.1FA3EEE566D6D7C9BB4DC331EA0F15D0.d.B2FB77B46FF7B7CA6454A9C839F9CFF1.e.8031/click - {}
RESULT: {}
COMMAND: POST /session/801e128c03398a69ab1c232e24d6d46c/element - {"using":"xpath","value":"//button[contains(@data-kt ,\"ClassificationAddClassButton\")]"}
COMMAND: GET /session/801e128c03398a69ab1c232e24d6d46c/screenshot - {}
RESULT: {"using":"xpath","value":"//button[contains(@data-kt ,\"ClassificationAddClassButton\")]"}
COMMAND: POST /session/801e128c03398a69ab1c232e24d6d46c/element/f.1FA3EEE566D6D7C9BB4DC331EA0F15D0.d.B2FB77B46FF7B7CA6454A9C839F9CFF1.e.8032/click - {}
RESULT: {}
RESULT: {}
COMMAND: GET /session/801e128c03398a69ab1c232e24d6d46c/screenshot - {}
RESULT: {}
COMMAND: POST /session/801e128c03398a69ab1c232e24d6d46c/element - {"using":"xpath","value":"//input[contains(@id ,\"searchField-I\")]"}
RESULT: {"using":"xpath","value":"//input[contains(@id ,\"searchField-I\")]"}
COMMAND: POST /session/801e128c03398a69ab1c232e24d6d46c/element/f.1FA3EEE566D6D7C9BB4DC331EA0F15D0.d.B2FB77B46FF7B7CA6454A9C839F9CFF1.e.8035/value - {"text":"WebdriverItemClassg55m3f"}
RESULT: {"text":"WebdriverItemClassg55m3f"}
COMMAND: POST /session/801e128c03398a69ab1c232e24d6d46c/actions - {"actions":[{"id":"action51","type":"key","parameters":{},"actions":[{"type":"keyDown","value":""},{"type":"pause","duration":10},{"type":"keyUp","value":""}]}]}
COMMAND: GET /session/801e128c03398a69ab1c232e24d6d46c/screenshot - {}
RESULT: {"actions":[{"id":"action51","type":"key","parameters":{},"actions":[{"type":"keyDown","value":""},{"type":"pause","duration":10},{"type":"keyUp","value":""}]}]}
COMMAND: GET /session/801e128c03398a69ab1c232e24d6d46c/screenshot - {}
RESULT: {}
RESULT: {}
COMMAND: POST /session/801e128c03398a69ab1c232e24d6d46c/element - {"using":"xpath","value":"//span[contains(text(), \"WebdriverItemClassg55m3f\")]"}
RESULT: {"using":"xpath","value":"//span[contains(text(), \"WebdriverItemClassg55m3f\")]"}
COMMAND: POST /session/801e128c03398a69ab1c232e24d6d46c/element/f.1FA3EEE566D6D7C9BB4DC331EA0F15D0.d.B2FB77B46FF7B7CA6454A9C839F9CFF1.e.8068/click - {}
RESULT: {}
COMMAND: GET /session/801e128c03398a69ab1c232e24d6d46c/screenshot - {}
RESULT: {}
COMMAND: POST /session/801e128c03398a69ab1c232e24d6d46c/execute/async - {"script":"<script> [1562 bytes]","args":[{"selector":{"controlType":"sap.m.Button","viewName":"etm.portal.ui.managecatalogs.view.Detail","viewId":"application-managecatalogs-display-component---detailCatalog","properties":{"text":"Classification"},"interaction":{"idSuffix":"BDI-content"}},"wdio_ui5_key":"etmportal.ui.managecatalogs.view.Detailsap.m.Button{\"text\":\"Classification\"}"}]}
RESULT: {"script":"<script> [1562 bytes]","args":[{"selector":{"controlType":"sap.m.Button","viewName":"etm.portal.ui.managecatalogs.view.Detail","viewId":"application-managecatalogs-display-component---detailCatalog","properties":{"text":"Classification"},"interaction":{"idSuffix":"BDI-content"}},"wdio_ui5_key":"etmportal.ui.managecatalogs.view.Detailsap.m.Button{\"text\":\"Classification\"}"}]}
RESULT: undefined
COMMAND: POST /session/801e128c03398a69ab1c232e24d6d46c/element - {"using":"xpath","value":"//*[@id=\"application-managecatalogs-display-component---detailCatalog--ObjectPageLayout-anchBar-__section3-anchor\"]"}
RESULT: {"using":"xpath","value":"//*[@id=\"application-managecatalogs-display-component---detailCatalog--ObjectPageLayout-anchBar-__section3-anchor\"]"}
COMMAND: POST /session/801e128c03398a69ab1c232e24d6d46c/element/f.1FA3EEE566D6D7C9BB4DC331EA0F15D0.d.B2FB77B46FF7B7CA6454A9C839F9CFF1.e.8074/click - {}
RESULT: {}
COMMAND: POST /session/801e128c03398a69ab1c232e24d6d46c/execute/async - {"script":"<script> [1562 bytes]","args":[{"selector":{"controlType":"sap.ui.core.Icon","viewName":"etm.portal.ui.managecatalogs.view.Detail","viewId":"application-managecatalogs-display-component---detailCatalog","properties":{"src":{"regex":{"source":"slim\\-arrow\\-right"}}},"ancestor":{"controlType":"sap.m.Panel","viewName":"etm.portal.ui.managecatalogs.view.Detail","viewId":"application-managecatalogs-display-component---detailCatalog"}},"wdio_ui5_key":"etmportal.ui.managecatalogs.view.Detailsap.ui.core.Icon{\"src\":{\"regex\":{\"source\":\"slim\\\\-arrow\\\\-right\"}}}{\"controlType\":\"sap.m.Panel\",\"viewName\":\"etm.portal.ui.managecatalogs.view.Detail\",\"viewId\":\"application-managecatalogs-display-component---detailCatalog\"}"}]}
COMMAND: GET /session/801e128c03398a69ab1c232e24d6d46c/screenshot - {}
RESULT: {"script":"<script> [1562 bytes]","args":[{"selector":{"controlType":"sap.ui.core.Icon","viewName":"etm.portal.ui.managecatalogs.view.Detail","viewId":"application-managecatalogs-display-component---detailCatalog","properties":{"src":{"regex":{"source":"slim\\-arrow\\-right"}}},"ancestor":{"controlType":"sap.m.Panel","viewName":"etm.portal.ui.managecatalogs.view.Detail","viewId":"application-managecatalogs-display-component---detailCatalog"}},"wdio_ui5_key":"etmportal.ui.managecatalogs.view.Detailsap.ui.core.Icon{\"src\":{\"regex\":{\"source\":\"slim\\\\-arrow\\\\-right\"}}}{\"controlType\":\"sap.m.Panel\",\"viewName\":\"etm.portal.ui.managecatalogs.view.Detail\",\"viewId\":\"application-managecatalogs-display-component---detailCatalog\"}"}]}
RESULT: undefined
COMMAND: POST /session/801e128c03398a69ab1c232e24d6d46c/element - {"using":"xpath","value":"//*[@id=\"__panel0-__layout17-0-expandButton-img\"]"}
RESULT: {}
RESULT: {"using":"xpath","value":"//*[@id=\"__panel0-__layout17-0-expandButton-img\"]"}
COMMAND: POST /session/801e128c03398a69ab1c232e24d6d46c/element/f.1FA3EEE566D6D7C9BB4DC331EA0F15D0.d.B2FB77B46FF7B7CA6454A9C839F9CFF1.e.8079/click - {}
RESULT: {}
COMMAND: POST /session/801e128c03398a69ab1c232e24d6d46c/execute/async - {"script":"<script> [1562 bytes]","args":[{"selector":{"controlType":"sap.ui.core.Icon","viewName":"etm.portal.ui.managecatalogs.view.Detail","viewId":"application-managecatalogs-display-component---detailCatalog","properties":{"src":{"regex":{"source":"slim\\-arrow\\-down"}}},"ancestor":{"controlType":"sap.m.ColumnListItem","viewName":"etm.portal.ui.managecatalogs.view.Detail","viewId":"application-managecatalogs-display-component---detailCatalog","bindingPath":{"modelName":"classModel","path":"/data/0/PROPERTIES/0"},"ancestor":{"controlType":"sap.m.Table","viewName":"etm.portal.ui.managecatalogs.view.Detail","viewId":"application-managecatalogs-display-component---detailCatalog","bindingPath":{"path":"/data/0","propertyPath":"PROPERTIES","modelName":"classModel"}}}},"wdio_ui5_key":"etmportal.ui.managecatalogs.view.Detailsap.ui.core.Icon{\"src\":{\"regex\":{\"source\":\"slim\\\\-arrow\\\\-down\"}}}{\"controlType\":\"sap.m.ColumnListItem\",\"viewName\":\"etm.portal.ui.managecatalogs.view.Detail\",\"viewId\":\"application-managecatalogs-display-component---detailCatalog\",\"bindingPath\":{\"modelName\":\"classModel\",\"path\":\"/data/0/PROPERTIES/0\"},\"ancestor\":{\"controlType\":\"sap.m.Table\",\"viewName\":\"etm.portal.ui.managecatalogs.view.Detail\",\"viewId\":\"application-managecatalogs-display-component---detailCatalog\",\"bindingPath\":{\"path\":\"/data/0\",\"propertyPath\":\"PROPERTIES\",\"modelName\":\"classModel\"}}}"}]}
COMMAND: GET /session/801e128c03398a69ab1c232e24d6d46c/screenshot - {}
RESULT: {"script":"<script> [1562 bytes]","args":[{"selector":{"controlType":"sap.ui.core.Icon","viewName":"etm.portal.ui.managecatalogs.view.Detail","viewId":"application-managecatalogs-display-component---detailCatalog","properties":{"src":{"regex":{"source":"slim\\-arrow\\-down"}}},"ancestor":{"controlType":"sap.m.ColumnListItem","viewName":"etm.portal.ui.managecatalogs.view.Detail","viewId":"application-managecatalogs-display-component---detailCatalog","bindingPath":{"modelName":"classModel","path":"/data/0/PROPERTIES/0"},"ancestor":{"controlType":"sap.m.Table","viewName":"etm.portal.ui.managecatalogs.view.Detail","viewId":"application-managecatalogs-display-component---detailCatalog","bindingPath":{"path":"/data/0","propertyPath":"PROPERTIES","modelName":"classModel"}}}},"wdio_ui5_key":"etmportal.ui.managecatalogs.view.Detailsap.ui.core.Icon{\"src\":{\"regex\":{\"source\":\"slim\\\\-arrow\\\\-down\"}}}{\"controlType\":\"sap.m.ColumnListItem\",\"viewName\":\"etm.portal.ui.managecatalogs.view.Detail\",\"viewId\":\"application-managecatalogs-display-component---detailCatalog\",\"bindingPath\":{\"modelName\":\"classModel\",\"path\":\"/data/0/PROPERTIES/0\"},\"ancestor\":{\"controlType\":\"sap.m.Table\",\"viewName\":\"etm.portal.ui.managecatalogs.view.Detail\",\"viewId\":\"application-managecatalogs-display-component---detailCatalog\",\"bindingPath\":{\"path\":\"/data/0\",\"propertyPath\":\"PROPERTIES\",\"modelName\":\"classModel\"}}}"}]}
RESULT: undefined
COMMAND: POST /session/801e128c03398a69ab1c232e24d6d46c/element - {"using":"xpath","value":"//*[@id=\"__box31-arrow\"]"}
RESULT: {}
RESULT: {"using":"xpath","value":"//*[@id=\"__box31-arrow\"]"}
COMMAND: POST /session/801e128c03398a69ab1c232e24d6d46c/element/f.1FA3EEE566D6D7C9BB4DC331EA0F15D0.d.B2FB77B46FF7B7CA6454A9C839F9CFF1.e.8094/click - {}
RESULT: {}
COMMAND: POST /session/801e128c03398a69ab1c232e24d6d46c/execute/async - {"script":"<script> [1562 bytes]","args":[{"selector":{"controlType":"sap.m.StandardListItem","viewName":"etm.portal.ui.managecatalogs.view.Detail","viewId":"application-managecatalogs-display-component---detailCatalog","properties":{"title":"red"},"searchOpenDialogs":true,"interaction":{"idSuffix":"content"}},"wdio_ui5_key":"etmportal.ui.managecatalogs.view.Detailsap.m.StandardListItem{\"title\":\"red\"}"}]}
COMMAND: GET /session/801e128c03398a69ab1c232e24d6d46c/screenshot - {}
RESULT: {"script":"<script> [1562 bytes]","args":[{"selector":{"controlType":"sap.m.StandardListItem","viewName":"etm.portal.ui.managecatalogs.view.Detail","viewId":"application-managecatalogs-display-component---detailCatalog","properties":{"title":"red"},"searchOpenDialogs":true,"interaction":{"idSuffix":"content"}},"wdio_ui5_key":"etmportal.ui.managecatalogs.view.Detailsap.m.StandardListItem{\"title\":\"red\"}"}]}
RESULT: undefined
COMMAND: POST /session/801e128c03398a69ab1c232e24d6d46c/element - {"using":"xpath","value":"//*[@id=\"__item232\"]"}
RESULT: {}
RESULT: {"using":"xpath","value":"//*[@id=\"__item232\"]"}
COMMAND: POST /session/801e128c03398a69ab1c232e24d6d46c/element/f.1FA3EEE566D6D7C9BB4DC331EA0F15D0.d.B2FB77B46FF7B7CA6454A9C839F9CFF1.e.8097/click - {}
RESULT: {}
COMMAND: GET /session/801e128c03398a69ab1c232e24d6d46c/screenshot - {}
RESULT: {}
COMMAND: POST /session/801e128c03398a69ab1c232e24d6d46c/execute/async - {"script":"<script> [1562 bytes]","args":[{"selector":{"controlType":"sap.m.Button","viewName":"etm.portal.ui.managecatalogs.view.Detail","viewId":"application-managecatalogs-display-component---detailCatalog","i18NText":{"propertyName":"text","key":"save"},"interaction":{"idSuffix":"BDI-content"}},"wdio_ui5_key":"etmportal.ui.managecatalogs.view.Detailsap.m.Button{\"propertyName\":\"text\",\"key\":\"save\"}"}]}
RESULT: {"script":"<script> [1562 bytes]","args":[{"selector":{"controlType":"sap.m.Button","viewName":"etm.portal.ui.managecatalogs.view.Detail","viewId":"application-managecatalogs-display-component---detailCatalog","i18NText":{"propertyName":"text","key":"save"},"interaction":{"idSuffix":"BDI-content"}},"wdio_ui5_key":"etmportal.ui.managecatalogs.view.Detailsap.m.Button{\"propertyName\":\"text\",\"key\":\"save\"}"}]}
RESULT: undefined
COMMAND: POST /session/801e128c03398a69ab1c232e24d6d46c/element - {"using":"xpath","value":"//*[@id=\"__button43\"]"}
RESULT: {"using":"xpath","value":"//*[@id=\"__button43\"]"}
COMMAND: POST /session/801e128c03398a69ab1c232e24d6d46c/element/f.1FA3EEE566D6D7C9BB4DC331EA0F15D0.d.B2FB77B46FF7B7CA6454A9C839F9CFF1.e.8002/click - {}
RESULT: {}
COMMAND: GET /session/801e128c03398a69ab1c232e24d6d46c/screenshot - {}
RESULT: {}
COMMAND: POST /session/801e128c03398a69ab1c232e24d6d46c/element - {"using":"css selector","value":"#shell-header-logo"}
RESULT: {"using":"css selector","value":"#shell-header-logo"}
COMMAND: POST /session/801e128c03398a69ab1c232e24d6d46c/element/f.1FA3EEE566D6D7C9BB4DC331EA0F15D0.d.B2FB77B46FF7B7CA6454A9C839F9CFF1.e.7834/click - {}
RESULT: {}
COMMAND: GET /session/801e128c03398a69ab1c232e24d6d46c/screenshot - {}
RESULT: {}
]]></system-out>
    </testcase>
    <testcase classname="chrome.136_0_7103_93.windows.Manage_requests_-_requests_specifications_US141095" name="Should create a new request and add the catalog item with the specifications" time="150.682">
      <system-out><![CDATA[
COMMAND: POST /session/801e128c03398a69ab1c232e24d6d46c/execute/async - {"script":"<script> [1562 bytes]","args":[{"selector":{"controlType":"sap.m.GenericTile","properties":{"header":"Manage Requests"}},"wdio_ui5_key":"sapm.GenericTile{\"header\":\"Manage Requests\"}"}]}
RESULT: {"script":"<script> [1562 bytes]","args":[{"selector":{"controlType":"sap.m.GenericTile","properties":{"header":"Manage Requests"}},"wdio_ui5_key":"sapm.GenericTile{\"header\":\"Manage Requests\"}"}]}
RESULT: undefined
COMMAND: POST /session/801e128c03398a69ab1c232e24d6d46c/element - {"using":"xpath","value":"//*[@id=\"__tile47\"]"}
RESULT: {"using":"xpath","value":"//*[@id=\"__tile47\"]"}
COMMAND: POST /session/801e128c03398a69ab1c232e24d6d46c/element/f.1FA3EEE566D6D7C9BB4DC331EA0F15D0.d.B2FB77B46FF7B7CA6454A9C839F9CFF1.e.8125/click - {}
RESULT: {}
COMMAND: GET /session/801e128c03398a69ab1c232e24d6d46c/screenshot - {}
RESULT: {}
COMMAND: POST /session/801e128c03398a69ab1c232e24d6d46c/elements - {"using":"xpath","value":"//span[text()='Error']"}
RESULT: {"using":"xpath","value":"//span[text()='Error']"}
COMMAND: POST /session/801e128c03398a69ab1c232e24d6d46c/element - {"using":"xpath","value":"//button[contains(@data-kt ,\"btnCreateNewOverflowToolbarButton\")]"}
COMMAND: POST /session/801e128c03398a69ab1c232e24d6d46c/element - {"using":"xpath","value":"(//span[contains(@class ,\"sapMObjStatusText\")])[1]"}
RESULT: {"using":"xpath","value":"//button[contains(@data-kt ,\"btnCreateNewOverflowToolbarButton\")]"}
COMMAND: POST /session/801e128c03398a69ab1c232e24d6d46c/element/f.1FA3EEE566D6D7C9BB4DC331EA0F15D0.d.B2FB77B46FF7B7CA6454A9C839F9CFF1.e.8183/click - {}
RESULT: {"using":"xpath","value":"(//span[contains(@class ,\"sapMObjStatusText\")])[1]"}
COMMAND: POST /session/801e128c03398a69ab1c232e24d6d46c/execute/sync - {"script":"<script> [8489 bytes]","args":[{"element-6066-11e4-a52e-4f735466cecf":"f.1FA3EEE566D6D7C9BB4DC331EA0F15D0.d.B2FB77B46FF7B7CA6454A9C839F9CFF1.e.8221","ELEMENT":"f.1FA3EEE566D6D7C9BB4DC331EA0F15D0.d.B2FB77B46FF7B7CA6454A9C839F9CFF1.e.8221"}]}
RESULT: {}
COMMAND: GET /session/801e128c03398a69ab1c232e24d6d46c/screenshot - {}
RESULT: {"script":"<script> [8489 bytes]","args":[{"element-6066-11e4-a52e-4f735466cecf":"f.1FA3EEE566D6D7C9BB4DC331EA0F15D0.d.B2FB77B46FF7B7CA6454A9C839F9CFF1.e.8221","ELEMENT":"f.1FA3EEE566D6D7C9BB4DC331EA0F15D0.d.B2FB77B46FF7B7CA6454A9C839F9CFF1.e.8221"}]}
COMMAND: GET /session/801e128c03398a69ab1c232e24d6d46c/screenshot - {}
RESULT: {}
RESULT: {}
COMMAND: POST /session/801e128c03398a69ab1c232e24d6d46c/element - {"using":"xpath","value":"//input[contains(@id ,\"yardId-inner\")]"}
RESULT: {"using":"xpath","value":"//input[contains(@id ,\"yardId-inner\")]"}
COMMAND: POST /session/801e128c03398a69ab1c232e24d6d46c/execute/sync - {"script":"<script> [8489 bytes]","args":[{"element-6066-11e4-a52e-4f735466cecf":"f.1FA3EEE566D6D7C9BB4DC331EA0F15D0.d.B2FB77B46FF7B7CA6454A9C839F9CFF1.e.8302","ELEMENT":"f.1FA3EEE566D6D7C9BB4DC331EA0F15D0.d.B2FB77B46FF7B7CA6454A9C839F9CFF1.e.8302"}]}
RESULT: {"script":"<script> [8489 bytes]","args":[{"element-6066-11e4-a52e-4f735466cecf":"f.1FA3EEE566D6D7C9BB4DC331EA0F15D0.d.B2FB77B46FF7B7CA6454A9C839F9CFF1.e.8302","ELEMENT":"f.1FA3EEE566D6D7C9BB4DC331EA0F15D0.d.B2FB77B46FF7B7CA6454A9C839F9CFF1.e.8302"}]}
COMMAND: POST /session/801e128c03398a69ab1c232e24d6d46c/element - {"using":"xpath","value":"//input[contains(@id ,\"yardId-inner\")]"}
COMMAND: GET /session/801e128c03398a69ab1c232e24d6d46c/screenshot - {}
RESULT: {"using":"xpath","value":"//input[contains(@id ,\"yardId-inner\")]"}
COMMAND: GET /session/801e128c03398a69ab1c232e24d6d46c/element/f.1FA3EEE566D6D7C9BB4DC331EA0F15D0.d.B2FB77B46FF7B7CA6454A9C839F9CFF1.e.8302/enabled - {}
RESULT: {}
RESULT: {}
COMMAND: POST /session/801e128c03398a69ab1c232e24d6d46c/element/f.1FA3EEE566D6D7C9BB4DC331EA0F15D0.d.B2FB77B46FF7B7CA6454A9C839F9CFF1.e.8302/clear - {}
COMMAND: GET /session/801e128c03398a69ab1c232e24d6d46c/screenshot - {}
RESULT: {}
COMMAND: POST /session/801e128c03398a69ab1c232e24d6d46c/element/f.1FA3EEE566D6D7C9BB4DC331EA0F15D0.d.B2FB77B46FF7B7CA6454A9C839F9CFF1.e.8302/value - {"text":"WebdriverYard78c52"}
COMMAND: GET /session/801e128c03398a69ab1c232e24d6d46c/screenshot - {}
RESULT: {}
RESULT: {"text":"WebdriverYard78c52"}
COMMAND: GET /session/801e128c03398a69ab1c232e24d6d46c/screenshot - {}
RESULT: {}
RESULT: {}
COMMAND: POST /session/801e128c03398a69ab1c232e24d6d46c/actions - {"actions":[{"id":"action52","type":"key","parameters":{},"actions":[{"type":"keyDown","value":""},{"type":"pause","duration":10},{"type":"keyUp","value":""}]}]}
COMMAND: POST /session/801e128c03398a69ab1c232e24d6d46c/element - {"using":"xpath","value":"//input[contains(@id ,\"customerNumber-inner\")]"}
RESULT: {"actions":[{"id":"action52","type":"key","parameters":{},"actions":[{"type":"keyDown","value":""},{"type":"pause","duration":10},{"type":"keyUp","value":""}]}]}
COMMAND: GET /session/801e128c03398a69ab1c232e24d6d46c/screenshot - {}
RESULT: {"using":"xpath","value":"//input[contains(@id ,\"customerNumber-inner\")]"}
COMMAND: POST /session/801e128c03398a69ab1c232e24d6d46c/element/f.1FA3EEE566D6D7C9BB4DC331EA0F15D0.d.B2FB77B46FF7B7CA6454A9C839F9CFF1.e.8296/value - {"text":"WebdriverPartneri8uzg"}
RESULT: {}
RESULT: {"text":"WebdriverPartneri8uzg"}
COMMAND: GET /session/801e128c03398a69ab1c232e24d6d46c/screenshot - {}
RESULT: {}
COMMAND: POST /session/801e128c03398a69ab1c232e24d6d46c/actions - {"actions":[{"id":"action53","type":"key","parameters":{},"actions":[{"type":"keyDown","value":""},{"type":"pause","duration":10},{"type":"keyUp","value":""}]}]}
RESULT: {"actions":[{"id":"action53","type":"key","parameters":{},"actions":[{"type":"keyDown","value":""},{"type":"pause","duration":10},{"type":"keyUp","value":""}]}]}
COMMAND: GET /session/801e128c03398a69ab1c232e24d6d46c/screenshot - {}
RESULT: {}
COMMAND: POST /session/801e128c03398a69ab1c232e24d6d46c/element - {"using":"xpath","value":"//input[contains(@id ,\"requestSiteId-inner\")]"}
RESULT: {"using":"xpath","value":"//input[contains(@id ,\"requestSiteId-inner\")]"}
COMMAND: POST /session/801e128c03398a69ab1c232e24d6d46c/element/f.1FA3EEE566D6D7C9BB4DC331EA0F15D0.d.B2FB77B46FF7B7CA6454A9C839F9CFF1.e.8295/value - {"text":"WebdriverSitejahvgl"}
RESULT: {"text":"WebdriverSitejahvgl"}
COMMAND: GET /session/801e128c03398a69ab1c232e24d6d46c/screenshot - {}
RESULT: {}
COMMAND: POST /session/801e128c03398a69ab1c232e24d6d46c/actions - {"actions":[{"id":"action54","type":"key","parameters":{},"actions":[{"type":"keyDown","value":""},{"type":"pause","duration":10},{"type":"keyUp","value":""}]}]}
RESULT: {"actions":[{"id":"action54","type":"key","parameters":{},"actions":[{"type":"keyDown","value":""},{"type":"pause","duration":10},{"type":"keyUp","value":""}]}]}
COMMAND: POST /session/801e128c03398a69ab1c232e24d6d46c/execute/async - {"script":"<script> [1562 bytes]","args":[{"selector":{"controlType":"sap.ui.core.Icon","viewName":"etm.portal.ui.managerequests.view.NewRequest","properties":{"src":{"regex":{"source":"add"}}}},"wdio_ui5_key":"etmportal.ui.managerequests.view.NewRequestsap.ui.core.Icon{\"src\":{\"regex\":{\"source\":\"add\"}}}"}]}
COMMAND: GET /session/801e128c03398a69ab1c232e24d6d46c/screenshot - {}
RESULT: {"script":"<script> [1562 bytes]","args":[{"selector":{"controlType":"sap.ui.core.Icon","viewName":"etm.portal.ui.managerequests.view.NewRequest","properties":{"src":{"regex":{"source":"add"}}}},"wdio_ui5_key":"etmportal.ui.managerequests.view.NewRequestsap.ui.core.Icon{\"src\":{\"regex\":{\"source\":\"add\"}}}"}]}
RESULT: undefined
COMMAND: POST /session/801e128c03398a69ab1c232e24d6d46c/element - {"using":"xpath","value":"//*[@id=\"__xmlview59--btnAddTableRow-img\"]"}
RESULT: {}
RESULT: {"using":"xpath","value":"//*[@id=\"__xmlview59--btnAddTableRow-img\"]"}
COMMAND: POST /session/801e128c03398a69ab1c232e24d6d46c/element/f.1FA3EEE566D6D7C9BB4DC331EA0F15D0.d.B2FB77B46FF7B7CA6454A9C839F9CFF1.e.8478/click - {}
RESULT: {}
COMMAND: GET /session/801e128c03398a69ab1c232e24d6d46c/screenshot - {}
RESULT: {}
COMMAND: POST /session/801e128c03398a69ab1c232e24d6d46c/actions - {"actions":[{"id":"action55","type":"key","parameters":{},"actions":[{"type":"keyDown","value":""},{"type":"pause","duration":10},{"type":"keyUp","value":""}]}]}
RESULT: {"actions":[{"id":"action55","type":"key","parameters":{},"actions":[{"type":"keyDown","value":""},{"type":"pause","duration":10},{"type":"keyUp","value":""}]}]}
COMMAND: POST /session/801e128c03398a69ab1c232e24d6d46c/actions - {"actions":[{"id":"action56","type":"key","parameters":{},"actions":[{"type":"keyDown","value":""},{"type":"pause","duration":10},{"type":"keyUp","value":""}]}]}
COMMAND: GET /session/801e128c03398a69ab1c232e24d6d46c/screenshot - {}
RESULT: {"actions":[{"id":"action56","type":"key","parameters":{},"actions":[{"type":"keyDown","value":""},{"type":"pause","duration":10},{"type":"keyUp","value":""}]}]}
COMMAND: POST /session/801e128c03398a69ab1c232e24d6d46c/element - {"using":"xpath","value":"(//input[contains(@id ,\"requestItemsTable-0-inner\")])[1]"}
COMMAND: GET /session/801e128c03398a69ab1c232e24d6d46c/screenshot - {}
RESULT: {}
RESULT: {"using":"xpath","value":"(//input[contains(@id ,\"requestItemsTable-0-inner\")])[1]"}
COMMAND: POST /session/801e128c03398a69ab1c232e24d6d46c/element/f.1FA3EEE566D6D7C9BB4DC331EA0F15D0.d.B2FB77B46FF7B7CA6454A9C839F9CFF1.e.8483/clear - {}
RESULT: {}
RESULT: {}
COMMAND: POST /session/801e128c03398a69ab1c232e24d6d46c/element/f.1FA3EEE566D6D7C9BB4DC331EA0F15D0.d.B2FB77B46FF7B7CA6454A9C839F9CFF1.e.8483/value - {"text":"catalogItemNamej0xlg"}
COMMAND: GET /session/801e128c03398a69ab1c232e24d6d46c/screenshot - {}
RESULT: {"text":"catalogItemNamej0xlg"}
COMMAND: GET /session/801e128c03398a69ab1c232e24d6d46c/screenshot - {}
RESULT: {}
RESULT: {}
COMMAND: POST /session/801e128c03398a69ab1c232e24d6d46c/actions - {"actions":[{"id":"action57","type":"key","parameters":{},"actions":[{"type":"keyDown","value":""},{"type":"pause","duration":10},{"type":"keyUp","value":""}]}]}
RESULT: {"actions":[{"id":"action57","type":"key","parameters":{},"actions":[{"type":"keyDown","value":""},{"type":"pause","duration":10},{"type":"keyUp","value":""}]}]}
COMMAND: GET /session/801e128c03398a69ab1c232e24d6d46c/screenshot - {}
RESULT: {}
COMMAND: POST /session/801e128c03398a69ab1c232e24d6d46c/execute/async - {"script":"<script> [1562 bytes]","args":[{"selector":{"controlType":"sap.m.Button","viewName":"etm.portal.ui.managerequests.view.NewRequest","i18NText":{"propertyName":"text","key":"requestSpecifications"},"interaction":{"idSuffix":"BDI-content"}},"wdio_ui5_key":"etmportal.ui.managerequests.view.NewRequestsap.m.Button{\"propertyName\":\"text\",\"key\":\"requestSpecifications\"}"}]}
RESULT: {"script":"<script> [1562 bytes]","args":[{"selector":{"controlType":"sap.m.Button","viewName":"etm.portal.ui.managerequests.view.NewRequest","i18NText":{"propertyName":"text","key":"requestSpecifications"},"interaction":{"idSuffix":"BDI-content"}},"wdio_ui5_key":"etmportal.ui.managerequests.view.NewRequestsap.m.Button{\"propertyName\":\"text\",\"key\":\"requestSpecifications\"}"}]}
RESULT: undefined
COMMAND: POST /session/801e128c03398a69ab1c232e24d6d46c/element - {"using":"xpath","value":"//*[@id=\"__button78-__xmlview59--requestItemsTable-0\"]"}
RESULT: {"using":"xpath","value":"//*[@id=\"__button78-__xmlview59--requestItemsTable-0\"]"}
COMMAND: POST /session/801e128c03398a69ab1c232e24d6d46c/element/f.1FA3EEE566D6D7C9BB4DC331EA0F15D0.d.B2FB77B46FF7B7CA6454A9C839F9CFF1.e.8497/click - {}
RESULT: {}
COMMAND: GET /session/801e128c03398a69ab1c232e24d6d46c/screenshot - {}
RESULT: {}
COMMAND: POST /session/801e128c03398a69ab1c232e24d6d46c/element - {"using":"xpath","value":"//input[@value=\"red\"]"}
RESULT: {"using":"xpath","value":"//input[@value=\"red\"]"}
COMMAND: POST /session/801e128c03398a69ab1c232e24d6d46c/elements - {"using":"xpath","value":"//input[@value=\"red\"]"}
RESULT: {"using":"xpath","value":"//input[@value=\"red\"]"}
COMMAND: POST /session/801e128c03398a69ab1c232e24d6d46c/execute/async - {"script":"<script> [1562 bytes]","args":[{"selector":{"controlType":"sap.m.Text","viewName":"etm.portal.ui.managerequests.view.NewRequest","bindingPath":{"path":"/currentEntries/0/PROPERTIES/0","propertyPath":"DESCRIPTION","modelName":"techSpecsClassificationModel"},"searchOpenDialogs":true},"wdio_ui5_key":"etmportal.ui.managerequests.view.NewRequestsap.m.Text{\"path\":\"/currentEntries/0/PROPERTIES/0\",\"propertyPath\":\"DESCRIPTION\",\"modelName\":\"techSpecsClassificationModel\"}"}]}
RESULT: {"script":"<script> [1562 bytes]","args":[{"selector":{"controlType":"sap.m.Text","viewName":"etm.portal.ui.managerequests.view.NewRequest","bindingPath":{"path":"/currentEntries/0/PROPERTIES/0","propertyPath":"DESCRIPTION","modelName":"techSpecsClassificationModel"},"searchOpenDialogs":true},"wdio_ui5_key":"etmportal.ui.managerequests.view.NewRequestsap.m.Text{\"path\":\"/currentEntries/0/PROPERTIES/0\",\"propertyPath\":\"DESCRIPTION\",\"modelName\":\"techSpecsClassificationModel\"}"}]}
RESULT: undefined
COMMAND: POST /session/801e128c03398a69ab1c232e24d6d46c/execute/async - {"script":"<script> [6424 bytes]","args":[{"element-6066-11e4-a52e-4f735466cecf":"f.1FA3EEE566D6D7C9BB4DC331EA0F15D0.d.B2FB77B46FF7B7CA6454A9C839F9CFF1.e.8505"},"getText",[]]}
RESULT: {"script":"<script> [6424 bytes]","args":[{"element-6066-11e4-a52e-4f735466cecf":"f.1FA3EEE566D6D7C9BB4DC331EA0F15D0.d.B2FB77B46FF7B7CA6454A9C839F9CFF1.e.8505"},"getText",[]]}
COMMAND: POST /session/801e128c03398a69ab1c232e24d6d46c/execute/async - {"script":"<script> [1562 bytes]","args":[{"selector":{"controlType":"sap.ui.core.Icon","viewName":"etm.portal.ui.managerequests.view.NewRequest","properties":{"src":{"regex":{"source":"slim\\-arrow\\-down"}}},"searchOpenDialogs":true},"wdio_ui5_key":"etmportal.ui.managerequests.view.NewRequestsap.ui.core.Icon{\"src\":{\"regex\":{\"source\":\"slim\\\\-arrow\\\\-down\"}}}"}]}
RESULT: {"script":"<script> [1562 bytes]","args":[{"selector":{"controlType":"sap.ui.core.Icon","viewName":"etm.portal.ui.managerequests.view.NewRequest","properties":{"src":{"regex":{"source":"slim\\-arrow\\-down"}}},"searchOpenDialogs":true},"wdio_ui5_key":"etmportal.ui.managerequests.view.NewRequestsap.ui.core.Icon{\"src\":{\"regex\":{\"source\":\"slim\\\\-arrow\\\\-down\"}}}"}]}
RESULT: undefined
COMMAND: POST /session/801e128c03398a69ab1c232e24d6d46c/element - {"using":"xpath","value":"//*[@id=\"__box58-arrow\"]"}
RESULT: {"using":"xpath","value":"//*[@id=\"__box58-arrow\"]"}
COMMAND: POST /session/801e128c03398a69ab1c232e24d6d46c/element/f.1FA3EEE566D6D7C9BB4DC331EA0F15D0.d.B2FB77B46FF7B7CA6454A9C839F9CFF1.e.8506/click - {}
RESULT: {}
COMMAND: POST /session/801e128c03398a69ab1c232e24d6d46c/execute/async - {"script":"<script> [1562 bytes]","args":[{"selector":{"controlType":"sap.m.StandardListItem","viewName":"etm.portal.ui.managerequests.view.NewRequest","properties":{"title":"blue"},"searchOpenDialogs":true,"interaction":{"idSuffix":"content"}},"wdio_ui5_key":"etmportal.ui.managerequests.view.NewRequestsap.m.StandardListItem{\"title\":\"blue\"}"}]}
COMMAND: GET /session/801e128c03398a69ab1c232e24d6d46c/screenshot - {}
RESULT: {"script":"<script> [1562 bytes]","args":[{"selector":{"controlType":"sap.m.StandardListItem","viewName":"etm.portal.ui.managerequests.view.NewRequest","properties":{"title":"blue"},"searchOpenDialogs":true,"interaction":{"idSuffix":"content"}},"wdio_ui5_key":"etmportal.ui.managerequests.view.NewRequestsap.m.StandardListItem{\"title\":\"blue\"}"}]}
RESULT: undefined
COMMAND: POST /session/801e128c03398a69ab1c232e24d6d46c/element - {"using":"xpath","value":"//*[@id=\"__item1016\"]"}
RESULT: {}
RESULT: {"using":"xpath","value":"//*[@id=\"__item1016\"]"}
COMMAND: POST /session/801e128c03398a69ab1c232e24d6d46c/element/f.1FA3EEE566D6D7C9BB4DC331EA0F15D0.d.B2FB77B46FF7B7CA6454A9C839F9CFF1.e.8509/click - {}
RESULT: {}
COMMAND: GET /session/801e128c03398a69ab1c232e24d6d46c/screenshot - {}
RESULT: {}
COMMAND: POST /session/801e128c03398a69ab1c232e24d6d46c/execute/async - {"script":"<script> [1562 bytes]","args":[{"selector":{"id":"saveButton","viewName":"etm.portal.ui.managerequests.view.NewRequest","searchOpenDialogs":true,"interaction":{"idSuffix":"BDI-content"}},"wdio_ui5_key":"saveButtonetmportal.ui.managerequests.view.NewRequest"}]}
RESULT: {"script":"<script> [1562 bytes]","args":[{"selector":{"id":"saveButton","viewName":"etm.portal.ui.managerequests.view.NewRequest","searchOpenDialogs":true,"interaction":{"idSuffix":"BDI-content"}},"wdio_ui5_key":"saveButtonetmportal.ui.managerequests.view.NewRequest"}]}
RESULT: undefined
COMMAND: POST /session/801e128c03398a69ab1c232e24d6d46c/element - {"using":"xpath","value":"//*[@id=\"__xmlview59--saveButton\"]"}
RESULT: {"using":"xpath","value":"//*[@id=\"__xmlview59--saveButton\"]"}
COMMAND: POST /session/801e128c03398a69ab1c232e24d6d46c/element/f.1FA3EEE566D6D7C9BB4DC331EA0F15D0.d.B2FB77B46FF7B7CA6454A9C839F9CFF1.e.8503/click - {}
RESULT: {}
COMMAND: POST /session/801e128c03398a69ab1c232e24d6d46c/execute/async - {"script":"<script> [1562 bytes]","args":[{"selector":{"controlType":"sap.ui.core.Icon","viewName":"etm.portal.ui.managerequests.view.NewRequest","properties":{"src":{"regex":{"source":"slim\\-arrow\\-down"}}},"ancestor":{"controlType":"sap.m.Button","viewName":"etm.portal.ui.managerequests.view.NewRequest","properties":{"icon":"sap-icon://slim-arrow-down"}}},"wdio_ui5_key":"etmportal.ui.managerequests.view.NewRequestsap.ui.core.Icon{\"src\":{\"regex\":{\"source\":\"slim\\\\-arrow\\\\-down\"}}}{\"controlType\":\"sap.m.Button\",\"viewName\":\"etm.portal.ui.managerequests.view.NewRequest\",\"properties\":{\"icon\":\"sap-icon://slim-arrow-down\"}}"}]}
COMMAND: GET /session/801e128c03398a69ab1c232e24d6d46c/screenshot - {}
RESULT: {"script":"<script> [1562 bytes]","args":[{"selector":{"controlType":"sap.ui.core.Icon","viewName":"etm.portal.ui.managerequests.view.NewRequest","properties":{"src":{"regex":{"source":"slim\\-arrow\\-down"}}},"ancestor":{"controlType":"sap.m.Button","viewName":"etm.portal.ui.managerequests.view.NewRequest","properties":{"icon":"sap-icon://slim-arrow-down"}}},"wdio_ui5_key":"etmportal.ui.managerequests.view.NewRequestsap.ui.core.Icon{\"src\":{\"regex\":{\"source\":\"slim\\\\-arrow\\\\-down\"}}}{\"controlType\":\"sap.m.Button\",\"viewName\":\"etm.portal.ui.managerequests.view.NewRequest\",\"properties\":{\"icon\":\"sap-icon://slim-arrow-down\"}}"}]}
RESULT: undefined
RESULT: {}
COMMAND: POST /session/801e128c03398a69ab1c232e24d6d46c/element - {"using":"xpath","value":"//div[contains(@data-kt ,\"splitAllocationObjectStatus\")]"}
RESULT: {"using":"xpath","value":"//div[contains(@data-kt ,\"splitAllocationObjectStatus\")]"}
COMMAND: POST /session/801e128c03398a69ab1c232e24d6d46c/elements - {"using":"xpath","value":"//div[contains(@data-kt ,\"splitAllocationObjectStatus\")]"}
RESULT: {"using":"xpath","value":"//div[contains(@data-kt ,\"splitAllocationObjectStatus\")]"}
COMMAND: POST /session/801e128c03398a69ab1c232e24d6d46c/execute/async - {"script":"<script> [1562 bytes]","args":[{"selector":{"controlType":"sap.ui.core.Icon","viewName":"etm.portal.ui.managerequests.view.NewRequest","properties":{"src":{"regex":{"source":"message\\-error"}}}},"wdio_ui5_key":"etmportal.ui.managerequests.view.NewRequestsap.ui.core.Icon{\"src\":{\"regex\":{\"source\":\"message\\\\-error\"}}}"}]}
RESULT: {"script":"<script> [1562 bytes]","args":[{"selector":{"controlType":"sap.ui.core.Icon","viewName":"etm.portal.ui.managerequests.view.NewRequest","properties":{"src":{"regex":{"source":"message\\-error"}}}},"wdio_ui5_key":"etmportal.ui.managerequests.view.NewRequestsap.ui.core.Icon{\"src\":{\"regex\":{\"source\":\"message\\\\-error\"}}}"}]}
RESULT: undefined
COMMAND: POST /session/801e128c03398a69ab1c232e24d6d46c/element - {"using":"xpath","value":"//*[@id=\"__status4-__xmlview59--requestItemsTable-0-icon\"]"}
RESULT: {"using":"xpath","value":"//*[@id=\"__status4-__xmlview59--requestItemsTable-0-icon\"]"}
COMMAND: POST /session/801e128c03398a69ab1c232e24d6d46c/element/f.1FA3EEE566D6D7C9BB4DC331EA0F15D0.d.B2FB77B46FF7B7CA6454A9C839F9CFF1.e.8512/click - {}
RESULT: {}
COMMAND: POST /session/801e128c03398a69ab1c232e24d6d46c/execute/async - {"script":"<script> [1562 bytes]","args":[{"selector":{"controlType":"sap.ui.core.Icon","viewName":"etm.portal.ui.managerequests.view.NewRequest","properties":{"src":{"regex":{"source":"slim\\-arrow\\-down"}}},"searchOpenDialogs":true,"ancestor":{"id":"costObjectAdminTypeComboBox","viewName":"etm.portal.ui.managerequests.view.NewRequest","searchOpenDialogs":true}},"wdio_ui5_key":"etmportal.ui.managerequests.view.NewRequestsap.ui.core.Icon{\"src\":{\"regex\":{\"source\":\"slim\\\\-arrow\\\\-down\"}}}{\"id\":\"costObjectAdminTypeComboBox\",\"viewName\":\"etm.portal.ui.managerequests.view.NewRequest\",\"searchOpenDialogs\":true}"}]}
COMMAND: GET /session/801e128c03398a69ab1c232e24d6d46c/screenshot - {}
RESULT: {"script":"<script> [1562 bytes]","args":[{"selector":{"controlType":"sap.ui.core.Icon","viewName":"etm.portal.ui.managerequests.view.NewRequest","properties":{"src":{"regex":{"source":"slim\\-arrow\\-down"}}},"searchOpenDialogs":true,"ancestor":{"id":"costObjectAdminTypeComboBox","viewName":"etm.portal.ui.managerequests.view.NewRequest","searchOpenDialogs":true}},"wdio_ui5_key":"etmportal.ui.managerequests.view.NewRequestsap.ui.core.Icon{\"src\":{\"regex\":{\"source\":\"slim\\\\-arrow\\\\-down\"}}}{\"id\":\"costObjectAdminTypeComboBox\",\"viewName\":\"etm.portal.ui.managerequests.view.NewRequest\",\"searchOpenDialogs\":true}"}]}
RESULT: undefined
COMMAND: POST /session/801e128c03398a69ab1c232e24d6d46c/element - {"using":"xpath","value":"//*[@id=\"__xmlview59--costObjectAdminTypeComboBox-arrow\"]"}
RESULT: {}
RESULT: {"using":"xpath","value":"//*[@id=\"__xmlview59--costObjectAdminTypeComboBox-arrow\"]"}
COMMAND: POST /session/801e128c03398a69ab1c232e24d6d46c/element/f.1FA3EEE566D6D7C9BB4DC331EA0F15D0.d.B2FB77B46FF7B7CA6454A9C839F9CFF1.e.8516/click - {}
RESULT: {}
COMMAND: POST /session/801e128c03398a69ab1c232e24d6d46c/execute/async - {"script":"<script> [1562 bytes]","args":[{"selector":{"controlType":"sap.m.StandardListItem","viewName":"etm.portal.ui.managerequests.view.NewRequest","properties":{"title":"Cost Center"},"searchOpenDialogs":true,"interaction":{"idSuffix":"titleText"}},"wdio_ui5_key":"etmportal.ui.managerequests.view.NewRequestsap.m.StandardListItem{\"title\":\"Cost Center\"}"}]}
COMMAND: GET /session/801e128c03398a69ab1c232e24d6d46c/screenshot - {}
RESULT: {"script":"<script> [1562 bytes]","args":[{"selector":{"controlType":"sap.m.StandardListItem","viewName":"etm.portal.ui.managerequests.view.NewRequest","properties":{"title":"Cost Center"},"searchOpenDialogs":true,"interaction":{"idSuffix":"titleText"}},"wdio_ui5_key":"etmportal.ui.managerequests.view.NewRequestsap.m.StandardListItem{\"title\":\"Cost Center\"}"}]}
RESULT: undefined
COMMAND: POST /session/801e128c03398a69ab1c232e24d6d46c/element - {"using":"xpath","value":"//*[@id=\"__item1019\"]"}
RESULT: {}
RESULT: {"using":"xpath","value":"//*[@id=\"__item1019\"]"}
COMMAND: POST /session/801e128c03398a69ab1c232e24d6d46c/element/f.1FA3EEE566D6D7C9BB4DC331EA0F15D0.d.B2FB77B46FF7B7CA6454A9C839F9CFF1.e.8519/click - {}
RESULT: {}
COMMAND: GET /session/801e128c03398a69ab1c232e24d6d46c/screenshot - {}
RESULT: {}
COMMAND: POST /session/801e128c03398a69ab1c232e24d6d46c/execute/async - {"script":"<script> [1562 bytes]","args":[{"selector":{"controlType":"sap.ui.core.Icon","viewName":"etm.portal.ui.managerequests.view.NewRequest","properties":{"src":{"regex":{"source":"value\\-help"}}},"searchOpenDialogs":true},"wdio_ui5_key":"etmportal.ui.managerequests.view.NewRequestsap.ui.core.Icon{\"src\":{\"regex\":{\"source\":\"value\\\\-help\"}}}"}]}
RESULT: {"script":"<script> [1562 bytes]","args":[{"selector":{"controlType":"sap.ui.core.Icon","viewName":"etm.portal.ui.managerequests.view.NewRequest","properties":{"src":{"regex":{"source":"value\\-help"}}},"searchOpenDialogs":true},"wdio_ui5_key":"etmportal.ui.managerequests.view.NewRequestsap.ui.core.Icon{\"src\":{\"regex\":{\"source\":\"value\\\\-help\"}}}"}]}
RESULT: undefined
COMMAND: POST /session/801e128c03398a69ab1c232e24d6d46c/element - {"using":"xpath","value":"//*[@id=\"__xmlview59--costObjectIdComboBox-vhi\"]"}
RESULT: {"using":"xpath","value":"//*[@id=\"__xmlview59--costObjectIdComboBox-vhi\"]"}
COMMAND: POST /session/801e128c03398a69ab1c232e24d6d46c/element/f.1FA3EEE566D6D7C9BB4DC331EA0F15D0.d.B2FB77B46FF7B7CA6454A9C839F9CFF1.e.8527/click - {}
RESULT: {}
COMMAND: POST /session/801e128c03398a69ab1c232e24d6d46c/execute/async - {"script":"<script> [1562 bytes]","args":[{"selector":{"controlType":"sap.m.SearchField","properties":{"placeholder":"Search"},"searchOpenDialogs":true,"interaction":{"idSuffix":"I"}},"wdio_ui5_key":"sapm.SearchField{\"placeholder\":\"Search\"}"}]}
COMMAND: GET /session/801e128c03398a69ab1c232e24d6d46c/screenshot - {}
RESULT: {"script":"<script> [1562 bytes]","args":[{"selector":{"controlType":"sap.m.SearchField","properties":{"placeholder":"Search"},"searchOpenDialogs":true,"interaction":{"idSuffix":"I"}},"wdio_ui5_key":"sapm.SearchField{\"placeholder\":\"Search\"}"}]}
RESULT: undefined
COMMAND: POST /session/801e128c03398a69ab1c232e24d6d46c/execute/async - {"script":"<script> [776 bytes]","args":[{"enterText":"10001010","selector":{"controlType":"sap.m.SearchField","properties":{"placeholder":"Search"},"searchOpenDialogs":true,"interaction":{"idSuffix":"I"}},"clearTextFirst":true,"interactionType":"ENTER_TEXT"}]}
RESULT: {}
RESULT: {"script":"<script> [776 bytes]","args":[{"enterText":"10001010","selector":{"controlType":"sap.m.SearchField","properties":{"placeholder":"Search"},"searchOpenDialogs":true,"interaction":{"idSuffix":"I"}},"clearTextFirst":true,"interactionType":"ENTER_TEXT"}]}
COMMAND: POST /session/801e128c03398a69ab1c232e24d6d46c/actions - {"actions":[{"id":"action58","type":"key","parameters":{},"actions":[{"type":"keyDown","value":""},{"type":"pause","duration":10},{"type":"keyUp","value":""}]}]}
RESULT: {"actions":[{"id":"action58","type":"key","parameters":{},"actions":[{"type":"keyDown","value":""},{"type":"pause","duration":10},{"type":"keyUp","value":""}]}]}
COMMAND: GET /session/801e128c03398a69ab1c232e24d6d46c/screenshot - {}
RESULT: {}
COMMAND: POST /session/801e128c03398a69ab1c232e24d6d46c/execute/async - {"script":"<script> [1562 bytes]","args":[{"selector":{"controlType":"sap.m.Text","bindingPath":{"path":"/C_CostCtrValueHelp(CostCenter='10001010',ControllingArea='Z001')","propertyPath":"CostCenterName","modelName":"CostCenterModel"},"searchOpenDialogs":true},"wdio_ui5_key":"sapm.Text{\"path\":\"/C_CostCtrValueHelp(CostCenter='10001010',ControllingArea='Z001')\",\"propertyPath\":\"CostCenterName\",\"modelName\":\"CostCenterModel\"}"}]}
RESULT: {"script":"<script> [1562 bytes]","args":[{"selector":{"controlType":"sap.m.Text","bindingPath":{"path":"/C_CostCtrValueHelp(CostCenter='10001010',ControllingArea='Z001')","propertyPath":"CostCenterName","modelName":"CostCenterModel"},"searchOpenDialogs":true},"wdio_ui5_key":"sapm.Text{\"path\":\"/C_CostCtrValueHelp(CostCenter='10001010',ControllingArea='Z001')\",\"propertyPath\":\"CostCenterName\",\"modelName\":\"CostCenterModel\"}"}]}
RESULT: undefined
COMMAND: POST /session/801e128c03398a69ab1c232e24d6d46c/element - {"using":"xpath","value":"//*[@id=\"__text550-__clone1271\"]"}
RESULT: {"using":"xpath","value":"//*[@id=\"__text550-__clone1271\"]"}
COMMAND: POST /session/801e128c03398a69ab1c232e24d6d46c/element/f.1FA3EEE566D6D7C9BB4DC331EA0F15D0.d.B2FB77B46FF7B7CA6454A9C839F9CFF1.e.8566/click - {}
RESULT: {}
COMMAND: POST /session/801e128c03398a69ab1c232e24d6d46c/execute/async - {"script":"<script> [1562 bytes]","args":[{"selector":{"controlType":"sap.m.Button","properties":{"text":"OK"},"searchOpenDialogs":true,"interaction":{"idSuffix":"BDI-content"}},"wdio_ui5_key":"sapm.Button{\"text\":\"OK\"}"}]}
COMMAND: GET /session/801e128c03398a69ab1c232e24d6d46c/screenshot - {}
RESULT: {"script":"<script> [1562 bytes]","args":[{"selector":{"controlType":"sap.m.Button","properties":{"text":"OK"},"searchOpenDialogs":true,"interaction":{"idSuffix":"BDI-content"}},"wdio_ui5_key":"sapm.Button{\"text\":\"OK\"}"}]}
RESULT: undefined
COMMAND: POST /session/801e128c03398a69ab1c232e24d6d46c/element - {"using":"xpath","value":"//*[@id=\"__dialog2-ok\"]"}
RESULT: {}
RESULT: {"using":"xpath","value":"//*[@id=\"__dialog2-ok\"]"}
COMMAND: POST /session/801e128c03398a69ab1c232e24d6d46c/element/f.1FA3EEE566D6D7C9BB4DC331EA0F15D0.d.B2FB77B46FF7B7CA6454A9C839F9CFF1.e.8568/click - {}
RESULT: {}
COMMAND: GET /session/801e128c03398a69ab1c232e24d6d46c/screenshot - {}
RESULT: {}
COMMAND: POST /session/801e128c03398a69ab1c232e24d6d46c/execute/async - {"script":"<script> [1562 bytes]","args":[{"selector":{"controlType":"sap.m.Button","viewName":"etm.portal.ui.managerequests.view.NewRequest","i18NText":{"propertyName":"text","key":"save"},"searchOpenDialogs":true,"interaction":{"idSuffix":"BDI-content"}},"wdio_ui5_key":"etmportal.ui.managerequests.view.NewRequestsap.m.Button{\"propertyName\":\"text\",\"key\":\"save\"}"}]}
RESULT: {"script":"<script> [1562 bytes]","args":[{"selector":{"controlType":"sap.m.Button","viewName":"etm.portal.ui.managerequests.view.NewRequest","i18NText":{"propertyName":"text","key":"save"},"searchOpenDialogs":true,"interaction":{"idSuffix":"BDI-content"}},"wdio_ui5_key":"etmportal.ui.managerequests.view.NewRequestsap.m.Button{\"propertyName\":\"text\",\"key\":\"save\"}"}]}
RESULT: undefined
COMMAND: POST /session/801e128c03398a69ab1c232e24d6d46c/element - {"using":"xpath","value":"//*[@id=\"__button91\"]"}
RESULT: {"using":"xpath","value":"//*[@id=\"__button91\"]"}
COMMAND: POST /session/801e128c03398a69ab1c232e24d6d46c/element/f.1FA3EEE566D6D7C9BB4DC331EA0F15D0.d.B2FB77B46FF7B7CA6454A9C839F9CFF1.e.8572/click - {}
RESULT: {}
COMMAND: GET /session/801e128c03398a69ab1c232e24d6d46c/screenshot - {}
RESULT: {}
COMMAND: POST /session/801e128c03398a69ab1c232e24d6d46c/execute/async - {"script":"<script> [1562 bytes]","args":[{"selector":{"controlType":"sap.m.Button","viewName":"etm.portal.ui.managerequests.view.NewRequest","i18NText":{"propertyName":"tooltip","key":"save"},"interaction":{"idSuffix":"content"}},"wdio_ui5_key":"etmportal.ui.managerequests.view.NewRequestsap.m.Button{\"propertyName\":\"tooltip\",\"key\":\"save\"}"}]}
RESULT: {"script":"<script> [1562 bytes]","args":[{"selector":{"controlType":"sap.m.Button","viewName":"etm.portal.ui.managerequests.view.NewRequest","i18NText":{"propertyName":"tooltip","key":"save"},"interaction":{"idSuffix":"content"}},"wdio_ui5_key":"etmportal.ui.managerequests.view.NewRequestsap.m.Button{\"propertyName\":\"tooltip\",\"key\":\"save\"}"}]}
RESULT: undefined
COMMAND: POST /session/801e128c03398a69ab1c232e24d6d46c/element - {"using":"xpath","value":"//*[@id=\"__button80\"]"}
RESULT: {"using":"xpath","value":"//*[@id=\"__button80\"]"}
COMMAND: POST /session/801e128c03398a69ab1c232e24d6d46c/element/f.1FA3EEE566D6D7C9BB4DC331EA0F15D0.d.B2FB77B46FF7B7CA6454A9C839F9CFF1.e.8409/click - {}
RESULT: {}
COMMAND: GET /session/801e128c03398a69ab1c232e24d6d46c/screenshot - {}
RESULT: {}
COMMAND: POST /session/801e128c03398a69ab1c232e24d6d46c/execute/async - {"script":"<script> [1562 bytes]","args":[{"selector":{"controlType":"sap.m.Title","properties":{"text":"Success"},"searchOpenDialogs":true},"wdio_ui5_key":"sapm.Title{\"text\":\"Success\"}"}]}
RESULT: {"script":"<script> [1562 bytes]","args":[{"selector":{"controlType":"sap.m.Title","properties":{"text":"Success"},"searchOpenDialogs":true},"wdio_ui5_key":"sapm.Title{\"text\":\"Success\"}"}]}
RESULT: undefined
COMMAND: POST /session/801e128c03398a69ab1c232e24d6d46c/execute/async - {"script":"<script> [6424 bytes]","args":[{"element-6066-11e4-a52e-4f735466cecf":"f.1FA3EEE566D6D7C9BB4DC331EA0F15D0.d.B2FB77B46FF7B7CA6454A9C839F9CFF1.e.8577"},"getText",[]]}
RESULT: {"script":"<script> [6424 bytes]","args":[{"element-6066-11e4-a52e-4f735466cecf":"f.1FA3EEE566D6D7C9BB4DC331EA0F15D0.d.B2FB77B46FF7B7CA6454A9C839F9CFF1.e.8577"},"getText",[]]}
COMMAND: POST /session/801e128c03398a69ab1c232e24d6d46c/execute/async - {"script":"<script> [1562 bytes]","args":[{"selector":{"controlType":"sap.m.Button","properties":{"text":"Close"},"searchOpenDialogs":true,"interaction":{"idSuffix":"BDI-content"}},"wdio_ui5_key":"sapm.Button{\"text\":\"Close\"}"}]}
RESULT: {"script":"<script> [1562 bytes]","args":[{"selector":{"controlType":"sap.m.Button","properties":{"text":"Close"},"searchOpenDialogs":true,"interaction":{"idSuffix":"BDI-content"}},"wdio_ui5_key":"sapm.Button{\"text\":\"Close\"}"}]}
RESULT: undefined
COMMAND: POST /session/801e128c03398a69ab1c232e24d6d46c/element - {"using":"xpath","value":"//*[@id=\"__mbox-btn-0\"]"}
RESULT: {"using":"xpath","value":"//*[@id=\"__mbox-btn-0\"]"}
COMMAND: POST /session/801e128c03398a69ab1c232e24d6d46c/element/f.1FA3EEE566D6D7C9BB4DC331EA0F15D0.d.B2FB77B46FF7B7CA6454A9C839F9CFF1.e.8576/click - {}
RESULT: {}
COMMAND: GET /session/801e128c03398a69ab1c232e24d6d46c/screenshot - {}
RESULT: {}
COMMAND: POST /session/801e128c03398a69ab1c232e24d6d46c/execute/async - {"script":"<script> [1562 bytes]","args":[{"selector":{"controlType":"sap.m.Button","viewName":"etm.portal.ui.managerequests.view.Detail","i18NText":{"propertyName":"text","key":"requestSpecifications"},"interaction":{"idSuffix":"BDI-content"}},"wdio_ui5_key":"etmportal.ui.managerequests.view.Detailsap.m.Button{\"propertyName\":\"text\",\"key\":\"requestSpecifications\"}"}]}
RESULT: {"script":"<script> [1562 bytes]","args":[{"selector":{"controlType":"sap.m.Button","viewName":"etm.portal.ui.managerequests.view.Detail","i18NText":{"propertyName":"text","key":"requestSpecifications"},"interaction":{"idSuffix":"BDI-content"}},"wdio_ui5_key":"etmportal.ui.managerequests.view.Detailsap.m.Button{\"propertyName\":\"text\",\"key\":\"requestSpecifications\"}"}]}
RESULT: undefined
COMMAND: POST /session/801e128c03398a69ab1c232e24d6d46c/element - {"using":"xpath","value":"//*[@id=\"__button107-__clone1310\"]"}
RESULT: {"using":"xpath","value":"//*[@id=\"__button107-__clone1310\"]"}
COMMAND: POST /session/801e128c03398a69ab1c232e24d6d46c/element/f.1FA3EEE566D6D7C9BB4DC331EA0F15D0.d.B2FB77B46FF7B7CA6454A9C839F9CFF1.e.8699/click - {}
RESULT: {}
COMMAND: GET /session/801e128c03398a69ab1c232e24d6d46c/screenshot - {}
RESULT: {}
COMMAND: POST /session/801e128c03398a69ab1c232e24d6d46c/element - {"using":"xpath","value":"//input[@value=\"blue\"]"}
RESULT: {"using":"xpath","value":"//input[@value=\"blue\"]"}
COMMAND: POST /session/801e128c03398a69ab1c232e24d6d46c/elements - {"using":"xpath","value":"//input[@value=\"blue\"]"}
RESULT: {"using":"xpath","value":"//input[@value=\"blue\"]"}
COMMAND: POST /session/801e128c03398a69ab1c232e24d6d46c/execute/async - {"script":"<script> [1562 bytes]","args":[{"selector":{"id":"cancelRequestSpecificationsButton","viewName":"etm.portal.ui.managerequests.view.Detail","searchOpenDialogs":true,"interaction":{"idSuffix":"BDI-content"}},"wdio_ui5_key":"cancelRequestSpecificationsButtonetmportal.ui.managerequests.view.Detail"}]}
RESULT: {"script":"<script> [1562 bytes]","args":[{"selector":{"id":"cancelRequestSpecificationsButton","viewName":"etm.portal.ui.managerequests.view.Detail","searchOpenDialogs":true,"interaction":{"idSuffix":"BDI-content"}},"wdio_ui5_key":"cancelRequestSpecificationsButtonetmportal.ui.managerequests.view.Detail"}]}
RESULT: undefined
COMMAND: POST /session/801e128c03398a69ab1c232e24d6d46c/element - {"using":"xpath","value":"//*[@id=\"__xmlview60--cancelRequestSpecificationsButton\"]"}
RESULT: {"using":"xpath","value":"//*[@id=\"__xmlview60--cancelRequestSpecificationsButton\"]"}
COMMAND: POST /session/801e128c03398a69ab1c232e24d6d46c/element/f.1FA3EEE566D6D7C9BB4DC331EA0F15D0.d.B2FB77B46FF7B7CA6454A9C839F9CFF1.e.8703/click - {}
RESULT: {}
COMMAND: GET /session/801e128c03398a69ab1c232e24d6d46c/screenshot - {}
COMMAND: POST /session/801e128c03398a69ab1c232e24d6d46c/element - {"using":"css selector","value":"#shell-header-logo"}
RESULT: {}
RESULT: {"using":"css selector","value":"#shell-header-logo"}
COMMAND: POST /session/801e128c03398a69ab1c232e24d6d46c/element/f.1FA3EEE566D6D7C9BB4DC331EA0F15D0.d.B2FB77B46FF7B7CA6454A9C839F9CFF1.e.8128/click - {}
RESULT: {}
COMMAND: GET /session/801e128c03398a69ab1c232e24d6d46c/screenshot - {}
RESULT: {}
]]></system-out>
    </testcase>
  </testsuite>
  <testsuite timestamp="2025-05-31T16:02:06" time="339.295" tests="3" failures="0" errors="0" skipped="0">
    <properties>
      <property name="specId" value="0"/>
      <property name="suiteName" value="Reserve/Unreserve request item via reserve option US139161"/>
      <property name="capabilities" value="chrome.136_0_7103_93.windows"/>
      <property name="file" value="file:///D:/a/1/s/test/specs/R2C/reserve-unreserve-request-item-via-reserve-option.spec.js"/>
    </properties>
    <testcase classname="chrome.136_0_7103_93.windows.Reserve/Unreserve_request_item_via_reserve_option_US139161" name="Should add the material to the catalog item" time="81.267">
      <system-out><![CDATA[
COMMAND: POST /session/801e128c03398a69ab1c232e24d6d46c/execute/async - {"script":"<script> [1562 bytes]","args":[{"selector":{"controlType":"sap.m.GenericTile","properties":{"header":"Manage Catalogs"}},"wdio_ui5_key":"sapm.GenericTile{\"header\":\"Manage Catalogs\"}"}]}
RESULT: {"script":"<script> [1562 bytes]","args":[{"selector":{"controlType":"sap.m.GenericTile","properties":{"header":"Manage Catalogs"}},"wdio_ui5_key":"sapm.GenericTile{\"header\":\"Manage Catalogs\"}"}]}
RESULT: undefined
COMMAND: POST /session/801e128c03398a69ab1c232e24d6d46c/element - {"using":"xpath","value":"//*[@id=\"__tile37\"]"}
RESULT: {"using":"xpath","value":"//*[@id=\"__tile37\"]"}
COMMAND: POST /session/801e128c03398a69ab1c232e24d6d46c/element/f.1FA3EEE566D6D7C9BB4DC331EA0F15D0.d.B2FB77B46FF7B7CA6454A9C839F9CFF1.e.8710/click - {}
RESULT: {}
COMMAND: GET /session/801e128c03398a69ab1c232e24d6d46c/screenshot - {}
RESULT: {}
COMMAND: POST /session/801e128c03398a69ab1c232e24d6d46c/elements - {"using":"xpath","value":"//span[text()='Error']"}
RESULT: {"using":"xpath","value":"//span[text()='Error']"}
COMMAND: POST /session/801e128c03398a69ab1c232e24d6d46c/execute/async - {"script":"<script> [1562 bytes]","args":[{"selector":{"controlType":"sap.m.Text","viewName":"etm.portal.ui.managecatalogs.view.MasterCatalogs","viewId":"application-managecatalogs-display-component---masterCatalogs","bindingPath":{"path":"/Catalogs('0D7502D073D53A0F1700BE067B89AFF9')","propertyPath":"DESCRIPTION","modelName":"catalogModel"}},"wdio_ui5_key":"etmportal.ui.managecatalogs.view.MasterCatalogssap.m.Text{\"path\":\"/Catalogs('0D7502D073D53A0F1700BE067B89AFF9')\",\"propertyPath\":\"DESCRIPTION\",\"modelName\":\"catalogModel\"}"}]}
RESULT: {"script":"<script> [1562 bytes]","args":[{"selector":{"controlType":"sap.m.Text","viewName":"etm.portal.ui.managecatalogs.view.MasterCatalogs","viewId":"application-managecatalogs-display-component---masterCatalogs","bindingPath":{"path":"/Catalogs('0D7502D073D53A0F1700BE067B89AFF9')","propertyPath":"DESCRIPTION","modelName":"catalogModel"}},"wdio_ui5_key":"etmportal.ui.managecatalogs.view.MasterCatalogssap.m.Text{\"path\":\"/Catalogs('0D7502D073D53A0F1700BE067B89AFF9')\",\"propertyPath\":\"DESCRIPTION\",\"modelName\":\"catalogModel\"}"}]}
RESULT: undefined
COMMAND: POST /session/801e128c03398a69ab1c232e24d6d46c/element - {"using":"xpath","value":"//*[@id=\"__text685-application-managecatalogs-display-component---masterCatalogs--CatalogsTable-11\"]"}
RESULT: {"using":"xpath","value":"//*[@id=\"__text685-application-managecatalogs-display-component---masterCatalogs--CatalogsTable-11\"]"}
COMMAND: POST /session/801e128c03398a69ab1c232e24d6d46c/element/f.1FA3EEE566D6D7C9BB4DC331EA0F15D0.d.B2FB77B46FF7B7CA6454A9C839F9CFF1.e.8781/click - {}
RESULT: {}
RESULT: undefined
COMMAND: POST /session/801e128c03398a69ab1c232e24d6d46c/execute/async - {"script":"<script> [776 bytes]","args":[{"enterText":"catalogItems1l5","selector":{"id":"application-managecatalogs-display-component---masterCatalogItems--searchItemsField","interaction":{"idSuffix":"I"}},"clearTextFirst":true,"interactionType":"ENTER_TEXT"}]}
COMMAND: GET /session/801e128c03398a69ab1c232e24d6d46c/screenshot - {}
RESULT: {"script":"<script> [776 bytes]","args":[{"enterText":"catalogItems1l5","selector":{"id":"application-managecatalogs-display-component---masterCatalogItems--searchItemsField","interaction":{"idSuffix":"I"}},"clearTextFirst":true,"interactionType":"ENTER_TEXT"}]}
COMMAND: POST /session/801e128c03398a69ab1c232e24d6d46c/actions - {"actions":[{"id":"action59","type":"key","parameters":{},"actions":[{"type":"keyDown","value":""},{"type":"pause","duration":10},{"type":"keyUp","value":""}]}]}
RESULT: {}
RESULT: {"actions":[{"id":"action59","type":"key","parameters":{},"actions":[{"type":"keyDown","value":""},{"type":"pause","duration":10},{"type":"keyUp","value":""}]}]}
COMMAND: POST /session/801e128c03398a69ab1c232e24d6d46c/element - {"using":"xpath","value":"(//span[contains(text(), \"catalogItems1l5\")])[1]"}
COMMAND: GET /session/801e128c03398a69ab1c232e24d6d46c/screenshot - {}
RESULT: {"using":"xpath","value":"(//span[contains(text(), \"catalogItems1l5\")])[1]"}
COMMAND: POST /session/801e128c03398a69ab1c232e24d6d46c/element/f.1FA3EEE566D6D7C9BB4DC331EA0F15D0.d.B2FB77B46FF7B7CA6454A9C839F9CFF1.e.8819/click - {}
RESULT: {}
RESULT: {}
COMMAND: GET /session/801e128c03398a69ab1c232e24d6d46c/screenshot - {}
RESULT: {}
COMMAND: POST /session/801e128c03398a69ab1c232e24d6d46c/element - {"using":"xpath","value":"//*[contains(@id ,\"BDI-content\")][contains(text(), \"Edit\")]"}
RESULT: {"using":"xpath","value":"//*[contains(@id ,\"BDI-content\")][contains(text(), \"Edit\")]"}
COMMAND: POST /session/801e128c03398a69ab1c232e24d6d46c/element/f.1FA3EEE566D6D7C9BB4DC331EA0F15D0.d.B2FB77B46FF7B7CA6454A9C839F9CFF1.e.8901/click - {}
RESULT: {}
COMMAND: GET /session/801e128c03398a69ab1c232e24d6d46c/screenshot - {}
RESULT: {}
COMMAND: POST /session/801e128c03398a69ab1c232e24d6d46c/element - {"using":"xpath","value":"//bdi[contains(text(), \"Assigned Resources\")]"}
RESULT: {"using":"xpath","value":"//bdi[contains(text(), \"Assigned Resources\")]"}
COMMAND: POST /session/801e128c03398a69ab1c232e24d6d46c/element/f.1FA3EEE566D6D7C9BB4DC331EA0F15D0.d.B2FB77B46FF7B7CA6454A9C839F9CFF1.e.8925/click - {}
RESULT: {}
COMMAND: GET /session/801e128c03398a69ab1c232e24d6d46c/screenshot - {}
RESULT: {}
COMMAND: POST /session/801e128c03398a69ab1c232e24d6d46c/element - {"using":"xpath","value":"//button[contains(@data-kt ,\"catalogItemAssignRuButton\")]"}
RESULT: {"using":"xpath","value":"//button[contains(@data-kt ,\"catalogItemAssignRuButton\")]"}
COMMAND: POST /session/801e128c03398a69ab1c232e24d6d46c/element/f.1FA3EEE566D6D7C9BB4DC331EA0F15D0.d.B2FB77B46FF7B7CA6454A9C839F9CFF1.e.8931/click - {}
RESULT: {}
COMMAND: GET /session/801e128c03398a69ab1c232e24d6d46c/screenshot - {}
RESULT: {}
COMMAND: POST /session/801e128c03398a69ab1c232e24d6d46c/actions - {"actions":[{"id":"action60","type":"key","parameters":{},"actions":[{"type":"keyDown","value":""},{"type":"pause","duration":10},{"type":"keyUp","value":""}]}]}
RESULT: {"actions":[{"id":"action60","type":"key","parameters":{},"actions":[{"type":"keyDown","value":""},{"type":"pause","duration":10},{"type":"keyUp","value":""}]}]}
COMMAND: GET /session/801e128c03398a69ab1c232e24d6d46c/screenshot - {}
RESULT: {}
COMMAND: POST /session/801e128c03398a69ab1c232e24d6d46c/execute/async - {"script":"<script> [1562 bytes]","args":[{"selector":{"id":"application-managecatalogs-display-component---detailCatalog--assignRUSearchField-vhi","searchOpenDialogs":true},"wdio_ui5_key":"applicationmanagecatalogs-display-component---detailCatalog--assignRUSearchField-vhi"}]}
RESULT: {"script":"<script> [1562 bytes]","args":[{"selector":{"id":"application-managecatalogs-display-component---detailCatalog--assignRUSearchField-vhi","searchOpenDialogs":true},"wdio_ui5_key":"applicationmanagecatalogs-display-component---detailCatalog--assignRUSearchField-vhi"}]}
RESULT: undefined
COMMAND: POST /session/801e128c03398a69ab1c232e24d6d46c/element - {"using":"xpath","value":"//*[@id=\"application-managecatalogs-display-component---detailCatalog--assignRUSearchField-vhi\"]"}
RESULT: {"using":"xpath","value":"//*[@id=\"application-managecatalogs-display-component---detailCatalog--assignRUSearchField-vhi\"]"}
COMMAND: POST /session/801e128c03398a69ab1c232e24d6d46c/element/f.1FA3EEE566D6D7C9BB4DC331EA0F15D0.d.B2FB77B46FF7B7CA6454A9C839F9CFF1.e.8949/click - {}
RESULT: {}
COMMAND: GET /session/801e128c03398a69ab1c232e24d6d46c/screenshot - {}
RESULT: {}
COMMAND: POST /session/801e128c03398a69ab1c232e24d6d46c/element - {"using":"xpath","value":"//input[contains(@id ,\"searchField-I\")]"}
RESULT: {"using":"xpath","value":"//input[contains(@id ,\"searchField-I\")]"}
COMMAND: POST /session/801e128c03398a69ab1c232e24d6d46c/element/f.1FA3EEE566D6D7C9BB4DC331EA0F15D0.d.B2FB77B46FF7B7CA6454A9C839F9CFF1.e.8951/clear - {}
RESULT: {}
COMMAND: POST /session/801e128c03398a69ab1c232e24d6d46c/element/f.1FA3EEE566D6D7C9BB4DC331EA0F15D0.d.B2FB77B46FF7B7CA6454A9C839F9CFF1.e.8951/value - {"text":"WebdriverMatTest2d4ail"}
COMMAND: GET /session/801e128c03398a69ab1c232e24d6d46c/screenshot - {}
RESULT: {"text":"WebdriverMatTest2d4ail"}
COMMAND: GET /session/801e128c03398a69ab1c232e24d6d46c/screenshot - {}
RESULT: {}
RESULT: {}
COMMAND: POST /session/801e128c03398a69ab1c232e24d6d46c/actions - {"actions":[{"id":"action61","type":"key","parameters":{},"actions":[{"type":"keyDown","value":""},{"type":"pause","duration":10},{"type":"keyUp","value":""}]}]}
RESULT: {"actions":[{"id":"action61","type":"key","parameters":{},"actions":[{"type":"keyDown","value":""},{"type":"pause","duration":10},{"type":"keyUp","value":""}]}]}
COMMAND: GET /session/801e128c03398a69ab1c232e24d6d46c/screenshot - {}
RESULT: {}
COMMAND: POST /session/801e128c03398a69ab1c232e24d6d46c/actions - {"actions":[{"id":"action62","type":"key","parameters":{},"actions":[{"type":"keyDown","value":""},{"type":"pause","duration":10},{"type":"keyUp","value":""}]}]}
RESULT: {"actions":[{"id":"action62","type":"key","parameters":{},"actions":[{"type":"keyDown","value":""},{"type":"pause","duration":10},{"type":"keyUp","value":""}]}]}
COMMAND: GET /session/801e128c03398a69ab1c232e24d6d46c/screenshot - {}
RESULT: {}
COMMAND: POST /session/801e128c03398a69ab1c232e24d6d46c/actions - {"actions":[{"id":"action63","type":"key","parameters":{},"actions":[{"type":"keyDown","value":""},{"type":"pause","duration":10},{"type":"keyUp","value":""}]}]}
RESULT: {"actions":[{"id":"action63","type":"key","parameters":{},"actions":[{"type":"keyDown","value":""},{"type":"pause","duration":10},{"type":"keyUp","value":""}]}]}
COMMAND: GET /session/801e128c03398a69ab1c232e24d6d46c/screenshot - {}
RESULT: {}
COMMAND: POST /session/801e128c03398a69ab1c232e24d6d46c/element - {"using":"xpath","value":"//bdi[contains(@id ,\"application-managecatalogs-display-component---detailCatalog--RUAssignmentSaveButton-BDI-content\")]"}
RESULT: {"using":"xpath","value":"//bdi[contains(@id ,\"application-managecatalogs-display-component---detailCatalog--RUAssignmentSaveButton-BDI-content\")]"}
COMMAND: POST /session/801e128c03398a69ab1c232e24d6d46c/element/f.1FA3EEE566D6D7C9BB4DC331EA0F15D0.d.B2FB77B46FF7B7CA6454A9C839F9CFF1.e.8966/click - {}
RESULT: {}
COMMAND: GET /session/801e128c03398a69ab1c232e24d6d46c/screenshot - {}
RESULT: {}
COMMAND: POST /session/801e128c03398a69ab1c232e24d6d46c/element - {"using":"xpath","value":"//bdi[contains(text(), \"Save\")]"}
RESULT: {"using":"xpath","value":"//bdi[contains(text(), \"Save\")]"}
COMMAND: POST /session/801e128c03398a69ab1c232e24d6d46c/element/f.1FA3EEE566D6D7C9BB4DC331EA0F15D0.d.B2FB77B46FF7B7CA6454A9C839F9CFF1.e.8989/click - {}
RESULT: {}
COMMAND: GET /session/801e128c03398a69ab1c232e24d6d46c/screenshot - {}
RESULT: {}
COMMAND: POST /session/801e128c03398a69ab1c232e24d6d46c/element - {"using":"css selector","value":"#shell-header-logo"}
RESULT: {"using":"css selector","value":"#shell-header-logo"}
COMMAND: POST /session/801e128c03398a69ab1c232e24d6d46c/element/f.1FA3EEE566D6D7C9BB4DC331EA0F15D0.d.B2FB77B46FF7B7CA6454A9C839F9CFF1.e.8714/click - {}
RESULT: {}
COMMAND: GET /session/801e128c03398a69ab1c232e24d6d46c/screenshot - {}
RESULT: {}
COMMAND: POST /session/801e128c03398a69ab1c232e24d6d46c/refresh - {}
RESULT: {}
COMMAND: GET /session/801e128c03398a69ab1c232e24d6d46c/screenshot - {}
RESULT: {}
COMMAND: POST /session/801e128c03398a69ab1c232e24d6d46c/execute/async - {"script":"<script> [189 bytes]","args":[]}
RESULT: {"script":"<script> [189 bytes]","args":[]}
COMMAND: POST /session/801e128c03398a69ab1c232e24d6d46c/execute/async - {"script":"<script> [123 bytes]","args":[]}
RESULT: {"script":"<script> [123 bytes]","args":[]}
COMMAND: POST /session/801e128c03398a69ab1c232e24d6d46c/timeouts - {"script":"<number>"}
RESULT: {"script":"<number>"}
COMMAND: GET /session/801e128c03398a69ab1c232e24d6d46c/timeouts - {}
RESULT: {}
RESULT: undefined
COMMAND: POST /session/801e128c03398a69ab1c232e24d6d46c/execute/async - {"script":"<script> [2676 bytes]","args":[]}
RESULT: {"script":"<script> [2676 bytes]","args":[]}
COMMAND: POST /session/801e128c03398a69ab1c232e24d6d46c/execute/async - {"script":"<script> [2342 bytes]","args":[{"protocol":"http","hostname":"0.0.0.0","path":"/","capabilities":{"browserName":"chrome","goog:chromeOptions":{"binary":"C:\\Program Files\\Google\\Chrome\\Application\\chrome.exe","args":["--start-maximized"]}},"logLevel":"warn","connectionRetryTimeout":120000,"connectionRetryCount":3,"logLevels":{},"enableDirectConnect":true,"strictSSL":true,"_":"65 more keys: [\"cacheDir\",\"port\",\"requestedCapabilities\",\"automationProtocol\",\"baseUrl\",\"waitforInterval\",\"waitforTimeout\",\"onReload\",\"beforeCommand\",\"afterCommand\",\"rootDir\",\"specs\",\"suites\",\"exclude\",\"groupLogsByTestSpec\",\"excludeDriverLogs\",\"bail\",\"framework\",\"reporters\",\"services\",\"maxInstances\",\"maxInstancesPerCapability\",\"injectGlobals\",\"filesToWatch\",\"execArgv\",\"runnerEnv\",\"runner\",\"shard\",\"specFileRetries\",\"specFileRetriesDelay\",\"specFileRetriesDeferred\",\"reporterSyncInterval\",\"reporterSyncTimeout\",\"cucumberFeaturesWithLineNumbers\",\"autoCompileOpts\",\"mochaOpts\",\"jasmineOpts\",\"cucumberOpts\",\"onPrepare\",\"onWorkerStart\",\"onWorkerEnd\",\"before\",\"beforeSession\",\"beforeSuite\",\"beforeHook\",\"beforeTest\",\"afterTest\",\"afterHook\",\"afterSuite\",\"afterSession\",\"after\",\"onComplete\",\"beforeAssertion\",\"afterAssertion\",\"beforeFeature\",\"beforeScenario\",\"beforeStep\",\"afterStep\",\"afterScenario\",\"afterFeature\",\"_\",\"suite\",\"$0\",\"ignoredWorkerServices\",\"wdi5\"]"}]}
RESULT: {"script":"<script> [2342 bytes]","args":[{"protocol":"http","hostname":"0.0.0.0","path":"/","capabilities":{"browserName":"chrome","goog:chromeOptions":{"binary":"C:\\Program Files\\Google\\Chrome\\Application\\chrome.exe","args":["--start-maximized"]}},"logLevel":"warn","connectionRetryTimeout":120000,"connectionRetryCount":3,"logLevels":{},"enableDirectConnect":true,"strictSSL":true,"_":"65 more keys: [\"cacheDir\",\"port\",\"requestedCapabilities\",\"automationProtocol\",\"baseUrl\",\"waitforInterval\",\"waitforTimeout\",\"onReload\",\"beforeCommand\",\"afterCommand\",\"rootDir\",\"specs\",\"suites\",\"exclude\",\"groupLogsByTestSpec\",\"excludeDriverLogs\",\"bail\",\"framework\",\"reporters\",\"services\",\"maxInstances\",\"maxInstancesPerCapability\",\"injectGlobals\",\"filesToWatch\",\"execArgv\",\"runnerEnv\",\"runner\",\"shard\",\"specFileRetries\",\"specFileRetriesDelay\",\"specFileRetriesDeferred\",\"reporterSyncInterval\",\"reporterSyncTimeout\",\"cucumberFeaturesWithLineNumbers\",\"autoCompileOpts\",\"mochaOpts\",\"jasmineOpts\",\"cucumberOpts\",\"onPrepare\",\"onWorkerStart\",\"onWorkerEnd\",\"before\",\"beforeSession\",\"beforeSuite\",\"beforeHook\",\"beforeTest\",\"afterTest\",\"afterHook\",\"afterSuite\",\"afterSession\",\"after\",\"onComplete\",\"beforeAssertion\",\"afterAssertion\",\"beforeFeature\",\"beforeScenario\",\"beforeStep\",\"afterStep\",\"afterScenario\",\"afterFeature\",\"_\",\"suite\",\"$0\",\"ignoredWorkerServices\",\"wdi5\"]"}]}
COMMAND: POST /session/801e128c03398a69ab1c232e24d6d46c/execute/async - {"script":"<script> [21126 bytes]","args":[35000]}
RESULT: {"script":"<script> [21126 bytes]","args":[35000]}
]]></system-out>
    </testcase>
    <testcase classname="chrome.136_0_7103_93.windows.Reserve/Unreserve_request_item_via_reserve_option_US139161" name="Should create a new request with a catalog item that can be planned" time="163.983">
      <system-out><![CDATA[
COMMAND: POST /session/801e128c03398a69ab1c232e24d6d46c/execute/async - {"script":"<script> [1562 bytes]","args":[{"selector":{"controlType":"sap.m.GenericTile","properties":{"header":"Manage Requests"}},"wdio_ui5_key":"sapm.GenericTile{\"header\":\"Manage Requests\"}"}]}
RESULT: {"script":"<script> [1562 bytes]","args":[{"selector":{"controlType":"sap.m.GenericTile","properties":{"header":"Manage Requests"}},"wdio_ui5_key":"sapm.GenericTile{\"header\":\"Manage Requests\"}"}]}
RESULT: undefined
COMMAND: POST /session/801e128c03398a69ab1c232e24d6d46c/element - {"using":"xpath","value":"//*[@id=\"__tile47\"]"}
RESULT: {"using":"xpath","value":"//*[@id=\"__tile47\"]"}
COMMAND: POST /session/801e128c03398a69ab1c232e24d6d46c/element/f.1FA3EEE566D6D7C9BB4DC331EA0F15D0.d.049B06F3FED85C600DE0B53E32FCD105.e.9032/click - {}
RESULT: {}
COMMAND: GET /session/801e128c03398a69ab1c232e24d6d46c/screenshot - {}
RESULT: {}
COMMAND: POST /session/801e128c03398a69ab1c232e24d6d46c/elements - {"using":"xpath","value":"//span[text()='Error']"}
RESULT: {"using":"xpath","value":"//span[text()='Error']"}
COMMAND: POST /session/801e128c03398a69ab1c232e24d6d46c/element - {"using":"xpath","value":"//button[contains(@data-kt ,\"btnCreateNewOverflowToolbarButton\")]"}
COMMAND: POST /session/801e128c03398a69ab1c232e24d6d46c/element - {"using":"xpath","value":"(//span[contains(@class ,\"sapMObjStatusText\")])[1]"}
RESULT: {"using":"xpath","value":"//button[contains(@data-kt ,\"btnCreateNewOverflowToolbarButton\")]"}
COMMAND: POST /session/801e128c03398a69ab1c232e24d6d46c/element/f.1FA3EEE566D6D7C9BB4DC331EA0F15D0.d.049B06F3FED85C600DE0B53E32FCD105.e.9088/click - {}
RESULT: {"using":"xpath","value":"(//span[contains(@class ,\"sapMObjStatusText\")])[1]"}
COMMAND: POST /session/801e128c03398a69ab1c232e24d6d46c/execute/sync - {"script":"<script> [8489 bytes]","args":[{"element-6066-11e4-a52e-4f735466cecf":"f.1FA3EEE566D6D7C9BB4DC331EA0F15D0.d.049B06F3FED85C600DE0B53E32FCD105.e.9128","ELEMENT":"f.1FA3EEE566D6D7C9BB4DC331EA0F15D0.d.049B06F3FED85C600DE0B53E32FCD105.e.9128"}]}
RESULT: {}
RESULT: {"script":"<script> [8489 bytes]","args":[{"element-6066-11e4-a52e-4f735466cecf":"f.1FA3EEE566D6D7C9BB4DC331EA0F15D0.d.049B06F3FED85C600DE0B53E32FCD105.e.9128","ELEMENT":"f.1FA3EEE566D6D7C9BB4DC331EA0F15D0.d.049B06F3FED85C600DE0B53E32FCD105.e.9128"}]}
COMMAND: GET /session/801e128c03398a69ab1c232e24d6d46c/screenshot - {}
COMMAND: GET /session/801e128c03398a69ab1c232e24d6d46c/screenshot - {}
RESULT: {}
RESULT: {}
COMMAND: POST /session/801e128c03398a69ab1c232e24d6d46c/element - {"using":"xpath","value":"//input[contains(@id ,\"yardId-inner\")]"}
RESULT: {"using":"xpath","value":"//input[contains(@id ,\"yardId-inner\")]"}
COMMAND: POST /session/801e128c03398a69ab1c232e24d6d46c/execute/sync - {"script":"<script> [8489 bytes]","args":[{"element-6066-11e4-a52e-4f735466cecf":"f.1FA3EEE566D6D7C9BB4DC331EA0F15D0.d.049B06F3FED85C600DE0B53E32FCD105.e.9209","ELEMENT":"f.1FA3EEE566D6D7C9BB4DC331EA0F15D0.d.049B06F3FED85C600DE0B53E32FCD105.e.9209"}]}
RESULT: {"script":"<script> [8489 bytes]","args":[{"element-6066-11e4-a52e-4f735466cecf":"f.1FA3EEE566D6D7C9BB4DC331EA0F15D0.d.049B06F3FED85C600DE0B53E32FCD105.e.9209","ELEMENT":"f.1FA3EEE566D6D7C9BB4DC331EA0F15D0.d.049B06F3FED85C600DE0B53E32FCD105.e.9209"}]}
COMMAND: POST /session/801e128c03398a69ab1c232e24d6d46c/element - {"using":"xpath","value":"//input[contains(@id ,\"yardId-inner\")]"}
COMMAND: GET /session/801e128c03398a69ab1c232e24d6d46c/screenshot - {}
RESULT: {"using":"xpath","value":"//input[contains(@id ,\"yardId-inner\")]"}
COMMAND: GET /session/801e128c03398a69ab1c232e24d6d46c/element/f.1FA3EEE566D6D7C9BB4DC331EA0F15D0.d.049B06F3FED85C600DE0B53E32FCD105.e.9209/enabled - {}
RESULT: {}
RESULT: {}
COMMAND: POST /session/801e128c03398a69ab1c232e24d6d46c/element/f.1FA3EEE566D6D7C9BB4DC331EA0F15D0.d.049B06F3FED85C600DE0B53E32FCD105.e.9209/clear - {}
COMMAND: GET /session/801e128c03398a69ab1c232e24d6d46c/screenshot - {}
RESULT: {}
COMMAND: POST /session/801e128c03398a69ab1c232e24d6d46c/element/f.1FA3EEE566D6D7C9BB4DC331EA0F15D0.d.049B06F3FED85C600DE0B53E32FCD105.e.9209/value - {"text":"WebdriverYard78c52"}
COMMAND: GET /session/801e128c03398a69ab1c232e24d6d46c/screenshot - {}
RESULT: {}
RESULT: {"text":"WebdriverYard78c52"}
COMMAND: GET /session/801e128c03398a69ab1c232e24d6d46c/screenshot - {}
RESULT: {}
RESULT: {}
COMMAND: POST /session/801e128c03398a69ab1c232e24d6d46c/actions - {"actions":[{"id":"action64","type":"key","parameters":{},"actions":[{"type":"keyDown","value":""},{"type":"pause","duration":10},{"type":"keyUp","value":""}]}]}
COMMAND: POST /session/801e128c03398a69ab1c232e24d6d46c/element - {"using":"xpath","value":"//input[contains(@id ,\"customerNumber-inner\")]"}
RESULT: {"actions":[{"id":"action64","type":"key","parameters":{},"actions":[{"type":"keyDown","value":""},{"type":"pause","duration":10},{"type":"keyUp","value":""}]}]}
RESULT: {"using":"xpath","value":"//input[contains(@id ,\"customerNumber-inner\")]"}
COMMAND: POST /session/801e128c03398a69ab1c232e24d6d46c/element/f.1FA3EEE566D6D7C9BB4DC331EA0F15D0.d.049B06F3FED85C600DE0B53E32FCD105.e.9203/value - {"text":"WebdriverPartneri8uzg"}
COMMAND: GET /session/801e128c03398a69ab1c232e24d6d46c/screenshot - {}
RESULT: {"text":"WebdriverPartneri8uzg"}
COMMAND: GET /session/801e128c03398a69ab1c232e24d6d46c/screenshot - {}
RESULT: {}
RESULT: {}
COMMAND: POST /session/801e128c03398a69ab1c232e24d6d46c/actions - {"actions":[{"id":"action65","type":"key","parameters":{},"actions":[{"type":"keyDown","value":""},{"type":"pause","duration":10},{"type":"keyUp","value":""}]}]}
RESULT: {"actions":[{"id":"action65","type":"key","parameters":{},"actions":[{"type":"keyDown","value":""},{"type":"pause","duration":10},{"type":"keyUp","value":""}]}]}
COMMAND: GET /session/801e128c03398a69ab1c232e24d6d46c/screenshot - {}
RESULT: {}
COMMAND: GET /session/801e128c03398a69ab1c232e24d6d46c/element/f.1FA3EEE566D6D7C9BB4DC331EA0F15D0.d.049B06F3FED85C600DE0B53E32FCD105.e.9203/property/value - {}
RESULT: {}
COMMAND: GET /session/801e128c03398a69ab1c232e24d6d46c/screenshot - {}
RESULT: {}
COMMAND: POST /session/801e128c03398a69ab1c232e24d6d46c/element - {"using":"xpath","value":"//input[contains(@id ,\"requestSiteId-inner\")]"}
RESULT: {"using":"xpath","value":"//input[contains(@id ,\"requestSiteId-inner\")]"}
COMMAND: POST /session/801e128c03398a69ab1c232e24d6d46c/element/f.1FA3EEE566D6D7C9BB4DC331EA0F15D0.d.049B06F3FED85C600DE0B53E32FCD105.e.9202/value - {"text":"WebdriverSitejahvgl"}
RESULT: {"text":"WebdriverSitejahvgl"}
COMMAND: GET /session/801e128c03398a69ab1c232e24d6d46c/screenshot - {}
RESULT: {}
COMMAND: POST /session/801e128c03398a69ab1c232e24d6d46c/actions - {"actions":[{"id":"action66","type":"key","parameters":{},"actions":[{"type":"keyDown","value":""},{"type":"pause","duration":10},{"type":"keyUp","value":""}]}]}
RESULT: {"actions":[{"id":"action66","type":"key","parameters":{},"actions":[{"type":"keyDown","value":""},{"type":"pause","duration":10},{"type":"keyUp","value":""}]}]}
COMMAND: GET /session/801e128c03398a69ab1c232e24d6d46c/screenshot - {}
RESULT: {}
COMMAND: POST /session/801e128c03398a69ab1c232e24d6d46c/element - {"using":"xpath","value":"//button[contains(@data-kt ,\"requestItemAddOverflowToolbarButton\")]"}
RESULT: {"using":"xpath","value":"//button[contains(@data-kt ,\"requestItemAddOverflowToolbarButton\")]"}
COMMAND: POST /session/801e128c03398a69ab1c232e24d6d46c/element/f.1FA3EEE566D6D7C9BB4DC331EA0F15D0.d.049B06F3FED85C600DE0B53E32FCD105.e.9378/click - {}
RESULT: {}
COMMAND: GET /session/801e128c03398a69ab1c232e24d6d46c/screenshot - {}
RESULT: {}
COMMAND: POST /session/801e128c03398a69ab1c232e24d6d46c/actions - {"actions":[{"id":"action67","type":"key","parameters":{},"actions":[{"type":"keyDown","value":""},{"type":"pause","duration":10},{"type":"keyUp","value":""}]}]}
RESULT: {"actions":[{"id":"action67","type":"key","parameters":{},"actions":[{"type":"keyDown","value":""},{"type":"pause","duration":10},{"type":"keyUp","value":""}]}]}
COMMAND: POST /session/801e128c03398a69ab1c232e24d6d46c/actions - {"actions":[{"id":"action68","type":"key","parameters":{},"actions":[{"type":"keyDown","value":""},{"type":"pause","duration":10},{"type":"keyUp","value":""}]}]}
COMMAND: GET /session/801e128c03398a69ab1c232e24d6d46c/screenshot - {}
RESULT: {"actions":[{"id":"action68","type":"key","parameters":{},"actions":[{"type":"keyDown","value":""},{"type":"pause","duration":10},{"type":"keyUp","value":""}]}]}
COMMAND: POST /session/801e128c03398a69ab1c232e24d6d46c/element - {"using":"xpath","value":"(//input[contains(@id ,\"requestItemsTable-0-inner\")])[1]"}
COMMAND: GET /session/801e128c03398a69ab1c232e24d6d46c/screenshot - {}
RESULT: {}
RESULT: {"using":"xpath","value":"(//input[contains(@id ,\"requestItemsTable-0-inner\")])[1]"}
COMMAND: POST /session/801e128c03398a69ab1c232e24d6d46c/element/f.1FA3EEE566D6D7C9BB4DC331EA0F15D0.d.049B06F3FED85C600DE0B53E32FCD105.e.9382/clear - {}
RESULT: {}
RESULT: {}
COMMAND: POST /session/801e128c03398a69ab1c232e24d6d46c/element/f.1FA3EEE566D6D7C9BB4DC331EA0F15D0.d.049B06F3FED85C600DE0B53E32FCD105.e.9382/value - {"text":"catalogItems1l5"}
COMMAND: GET /session/801e128c03398a69ab1c232e24d6d46c/screenshot - {}
RESULT: {"text":"catalogItems1l5"}
COMMAND: GET /session/801e128c03398a69ab1c232e24d6d46c/screenshot - {}
RESULT: {}
RESULT: {}
COMMAND: POST /session/801e128c03398a69ab1c232e24d6d46c/actions - {"actions":[{"id":"action69","type":"key","parameters":{},"actions":[{"type":"keyDown","value":""},{"type":"pause","duration":10},{"type":"keyUp","value":""}]}]}
RESULT: {"actions":[{"id":"action69","type":"key","parameters":{},"actions":[{"type":"keyDown","value":""},{"type":"pause","duration":10},{"type":"keyUp","value":""}]}]}
COMMAND: GET /session/801e128c03398a69ab1c232e24d6d46c/screenshot - {}
RESULT: {}
COMMAND: POST /session/801e128c03398a69ab1c232e24d6d46c/execute/async - {"script":"<script> [1562 bytes]","args":[{"selector":{"controlType":"sap.ui.core.Icon","viewName":"etm.portal.ui.managerequests.view.NewRequest","properties":{"src":{"regex":{"source":"slim\\-arrow\\-down"}}},"ancestor":{"controlType":"sap.m.Button","viewName":"etm.portal.ui.managerequests.view.NewRequest","properties":{"icon":"sap-icon://slim-arrow-down"}}},"wdio_ui5_key":"etmportal.ui.managerequests.view.NewRequestsap.ui.core.Icon{\"src\":{\"regex\":{\"source\":\"slim\\\\-arrow\\\\-down\"}}}{\"controlType\":\"sap.m.Button\",\"viewName\":\"etm.portal.ui.managerequests.view.NewRequest\",\"properties\":{\"icon\":\"sap-icon://slim-arrow-down\"}}"}]}
RESULT: {"script":"<script> [1562 bytes]","args":[{"selector":{"controlType":"sap.ui.core.Icon","viewName":"etm.portal.ui.managerequests.view.NewRequest","properties":{"src":{"regex":{"source":"slim\\-arrow\\-down"}}},"ancestor":{"controlType":"sap.m.Button","viewName":"etm.portal.ui.managerequests.view.NewRequest","properties":{"icon":"sap-icon://slim-arrow-down"}}},"wdio_ui5_key":"etmportal.ui.managerequests.view.NewRequestsap.ui.core.Icon{\"src\":{\"regex\":{\"source\":\"slim\\\\-arrow\\\\-down\"}}}{\"controlType\":\"sap.m.Button\",\"viewName\":\"etm.portal.ui.managerequests.view.NewRequest\",\"properties\":{\"icon\":\"sap-icon://slim-arrow-down\"}}"}]}
RESULT: undefined
COMMAND: POST /session/801e128c03398a69ab1c232e24d6d46c/element - {"using":"xpath","value":"//div[contains(@data-kt ,\"splitAllocationObjectStatus\")]"}
RESULT: {"using":"xpath","value":"//div[contains(@data-kt ,\"splitAllocationObjectStatus\")]"}
COMMAND: POST /session/801e128c03398a69ab1c232e24d6d46c/elements - {"using":"xpath","value":"//div[contains(@data-kt ,\"splitAllocationObjectStatus\")]"}
RESULT: {"using":"xpath","value":"//div[contains(@data-kt ,\"splitAllocationObjectStatus\")]"}
COMMAND: POST /session/801e128c03398a69ab1c232e24d6d46c/execute/async - {"script":"<script> [1562 bytes]","args":[{"selector":{"controlType":"sap.ui.core.Icon","viewName":"etm.portal.ui.managerequests.view.NewRequest","properties":{"src":{"regex":{"source":"message\\-error"}}}},"wdio_ui5_key":"etmportal.ui.managerequests.view.NewRequestsap.ui.core.Icon{\"src\":{\"regex\":{\"source\":\"message\\\\-error\"}}}"}]}
RESULT: {"script":"<script> [1562 bytes]","args":[{"selector":{"controlType":"sap.ui.core.Icon","viewName":"etm.portal.ui.managerequests.view.NewRequest","properties":{"src":{"regex":{"source":"message\\-error"}}}},"wdio_ui5_key":"etmportal.ui.managerequests.view.NewRequestsap.ui.core.Icon{\"src\":{\"regex\":{\"source\":\"message\\\\-error\"}}}"}]}
RESULT: undefined
COMMAND: POST /session/801e128c03398a69ab1c232e24d6d46c/element - {"using":"xpath","value":"//*[@id=\"__status4-__xmlview59--requestItemsTable-0-icon\"]"}
RESULT: {"using":"xpath","value":"//*[@id=\"__status4-__xmlview59--requestItemsTable-0-icon\"]"}
COMMAND: POST /session/801e128c03398a69ab1c232e24d6d46c/element/f.1FA3EEE566D6D7C9BB4DC331EA0F15D0.d.049B06F3FED85C600DE0B53E32FCD105.e.9397/click - {}
RESULT: {}
COMMAND: POST /session/801e128c03398a69ab1c232e24d6d46c/execute/async - {"script":"<script> [1562 bytes]","args":[{"selector":{"controlType":"sap.ui.core.Icon","viewName":"etm.portal.ui.managerequests.view.NewRequest","properties":{"src":{"regex":{"source":"slim\\-arrow\\-down"}}},"searchOpenDialogs":true,"ancestor":{"id":"costObjectAdminTypeComboBox","viewName":"etm.portal.ui.managerequests.view.NewRequest","searchOpenDialogs":true}},"wdio_ui5_key":"etmportal.ui.managerequests.view.NewRequestsap.ui.core.Icon{\"src\":{\"regex\":{\"source\":\"slim\\\\-arrow\\\\-down\"}}}{\"id\":\"costObjectAdminTypeComboBox\",\"viewName\":\"etm.portal.ui.managerequests.view.NewRequest\",\"searchOpenDialogs\":true}"}]}
COMMAND: GET /session/801e128c03398a69ab1c232e24d6d46c/screenshot - {}
RESULT: {"script":"<script> [1562 bytes]","args":[{"selector":{"controlType":"sap.ui.core.Icon","viewName":"etm.portal.ui.managerequests.view.NewRequest","properties":{"src":{"regex":{"source":"slim\\-arrow\\-down"}}},"searchOpenDialogs":true,"ancestor":{"id":"costObjectAdminTypeComboBox","viewName":"etm.portal.ui.managerequests.view.NewRequest","searchOpenDialogs":true}},"wdio_ui5_key":"etmportal.ui.managerequests.view.NewRequestsap.ui.core.Icon{\"src\":{\"regex\":{\"source\":\"slim\\\\-arrow\\\\-down\"}}}{\"id\":\"costObjectAdminTypeComboBox\",\"viewName\":\"etm.portal.ui.managerequests.view.NewRequest\",\"searchOpenDialogs\":true}"}]}
RESULT: undefined
COMMAND: POST /session/801e128c03398a69ab1c232e24d6d46c/element - {"using":"xpath","value":"//*[@id=\"__xmlview59--costObjectAdminTypeComboBox-arrow\"]"}
RESULT: {}
RESULT: {"using":"xpath","value":"//*[@id=\"__xmlview59--costObjectAdminTypeComboBox-arrow\"]"}
COMMAND: POST /session/801e128c03398a69ab1c232e24d6d46c/element/f.1FA3EEE566D6D7C9BB4DC331EA0F15D0.d.049B06F3FED85C600DE0B53E32FCD105.e.9401/click - {}
RESULT: {}
COMMAND: POST /session/801e128c03398a69ab1c232e24d6d46c/execute/async - {"script":"<script> [1562 bytes]","args":[{"selector":{"controlType":"sap.m.StandardListItem","viewName":"etm.portal.ui.managerequests.view.NewRequest","properties":{"title":"Cost Center"},"searchOpenDialogs":true,"interaction":{"idSuffix":"titleText"}},"wdio_ui5_key":"etmportal.ui.managerequests.view.NewRequestsap.m.StandardListItem{\"title\":\"Cost Center\"}"}]}
COMMAND: GET /session/801e128c03398a69ab1c232e24d6d46c/screenshot - {}
RESULT: {"script":"<script> [1562 bytes]","args":[{"selector":{"controlType":"sap.m.StandardListItem","viewName":"etm.portal.ui.managerequests.view.NewRequest","properties":{"title":"Cost Center"},"searchOpenDialogs":true,"interaction":{"idSuffix":"titleText"}},"wdio_ui5_key":"etmportal.ui.managerequests.view.NewRequestsap.m.StandardListItem{\"title\":\"Cost Center\"}"}]}
RESULT: undefined
COMMAND: POST /session/801e128c03398a69ab1c232e24d6d46c/element - {"using":"xpath","value":"//*[@id=\"__item713\"]"}
RESULT: {}
RESULT: {"using":"xpath","value":"//*[@id=\"__item713\"]"}
COMMAND: POST /session/801e128c03398a69ab1c232e24d6d46c/element/f.1FA3EEE566D6D7C9BB4DC331EA0F15D0.d.049B06F3FED85C600DE0B53E32FCD105.e.9404/click - {}
RESULT: {}
COMMAND: GET /session/801e128c03398a69ab1c232e24d6d46c/screenshot - {}
RESULT: {}
COMMAND: POST /session/801e128c03398a69ab1c232e24d6d46c/execute/async - {"script":"<script> [1562 bytes]","args":[{"selector":{"controlType":"sap.ui.core.Icon","viewName":"etm.portal.ui.managerequests.view.NewRequest","properties":{"src":{"regex":{"source":"value\\-help"}}},"searchOpenDialogs":true},"wdio_ui5_key":"etmportal.ui.managerequests.view.NewRequestsap.ui.core.Icon{\"src\":{\"regex\":{\"source\":\"value\\\\-help\"}}}"}]}
RESULT: {"script":"<script> [1562 bytes]","args":[{"selector":{"controlType":"sap.ui.core.Icon","viewName":"etm.portal.ui.managerequests.view.NewRequest","properties":{"src":{"regex":{"source":"value\\-help"}}},"searchOpenDialogs":true},"wdio_ui5_key":"etmportal.ui.managerequests.view.NewRequestsap.ui.core.Icon{\"src\":{\"regex\":{\"source\":\"value\\\\-help\"}}}"}]}
RESULT: undefined
COMMAND: POST /session/801e128c03398a69ab1c232e24d6d46c/element - {"using":"xpath","value":"//*[@id=\"__xmlview59--costObjectIdComboBox-vhi\"]"}
RESULT: {"using":"xpath","value":"//*[@id=\"__xmlview59--costObjectIdComboBox-vhi\"]"}
COMMAND: POST /session/801e128c03398a69ab1c232e24d6d46c/element/f.1FA3EEE566D6D7C9BB4DC331EA0F15D0.d.049B06F3FED85C600DE0B53E32FCD105.e.9411/click - {}
RESULT: {}
COMMAND: POST /session/801e128c03398a69ab1c232e24d6d46c/execute/async - {"script":"<script> [1562 bytes]","args":[{"selector":{"controlType":"sap.m.SearchField","properties":{"placeholder":"Search"},"searchOpenDialogs":true,"interaction":{"idSuffix":"I"}},"wdio_ui5_key":"sapm.SearchField{\"placeholder\":\"Search\"}"}]}
COMMAND: GET /session/801e128c03398a69ab1c232e24d6d46c/screenshot - {}
RESULT: {"script":"<script> [1562 bytes]","args":[{"selector":{"controlType":"sap.m.SearchField","properties":{"placeholder":"Search"},"searchOpenDialogs":true,"interaction":{"idSuffix":"I"}},"wdio_ui5_key":"sapm.SearchField{\"placeholder\":\"Search\"}"}]}
RESULT: undefined
COMMAND: POST /session/801e128c03398a69ab1c232e24d6d46c/execute/async - {"script":"<script> [776 bytes]","args":[{"enterText":"10001010","selector":{"controlType":"sap.m.SearchField","properties":{"placeholder":"Search"},"searchOpenDialogs":true,"interaction":{"idSuffix":"I"}},"clearTextFirst":true,"interactionType":"ENTER_TEXT"}]}
RESULT: {}
RESULT: {"script":"<script> [776 bytes]","args":[{"enterText":"10001010","selector":{"controlType":"sap.m.SearchField","properties":{"placeholder":"Search"},"searchOpenDialogs":true,"interaction":{"idSuffix":"I"}},"clearTextFirst":true,"interactionType":"ENTER_TEXT"}]}
COMMAND: POST /session/801e128c03398a69ab1c232e24d6d46c/actions - {"actions":[{"id":"action70","type":"key","parameters":{},"actions":[{"type":"keyDown","value":""},{"type":"pause","duration":10},{"type":"keyUp","value":""}]}]}
RESULT: {"actions":[{"id":"action70","type":"key","parameters":{},"actions":[{"type":"keyDown","value":""},{"type":"pause","duration":10},{"type":"keyUp","value":""}]}]}
COMMAND: GET /session/801e128c03398a69ab1c232e24d6d46c/screenshot - {}
RESULT: {}
COMMAND: POST /session/801e128c03398a69ab1c232e24d6d46c/execute/async - {"script":"<script> [1562 bytes]","args":[{"selector":{"controlType":"sap.m.Text","bindingPath":{"path":"/C_CostCtrValueHelp(CostCenter='10001010',ControllingArea='Z001')","propertyPath":"CostCenterName","modelName":"CostCenterModel"},"searchOpenDialogs":true},"wdio_ui5_key":"sapm.Text{\"path\":\"/C_CostCtrValueHelp(CostCenter='10001010',ControllingArea='Z001')\",\"propertyPath\":\"CostCenterName\",\"modelName\":\"CostCenterModel\"}"}]}
RESULT: {"script":"<script> [1562 bytes]","args":[{"selector":{"controlType":"sap.m.Text","bindingPath":{"path":"/C_CostCtrValueHelp(CostCenter='10001010',ControllingArea='Z001')","propertyPath":"CostCenterName","modelName":"CostCenterModel"},"searchOpenDialogs":true},"wdio_ui5_key":"sapm.Text{\"path\":\"/C_CostCtrValueHelp(CostCenter='10001010',ControllingArea='Z001')\",\"propertyPath\":\"CostCenterName\",\"modelName\":\"CostCenterModel\"}"}]}
RESULT: undefined
COMMAND: POST /session/801e128c03398a69ab1c232e24d6d46c/element - {"using":"xpath","value":"//*[@id=\"__text291-__clone851\"]"}
RESULT: {"using":"xpath","value":"//*[@id=\"__text291-__clone851\"]"}
COMMAND: POST /session/801e128c03398a69ab1c232e24d6d46c/element/f.1FA3EEE566D6D7C9BB4DC331EA0F15D0.d.049B06F3FED85C600DE0B53E32FCD105.e.9451/click - {}
RESULT: {}
COMMAND: POST /session/801e128c03398a69ab1c232e24d6d46c/execute/async - {"script":"<script> [1562 bytes]","args":[{"selector":{"controlType":"sap.m.Button","properties":{"text":"OK"},"searchOpenDialogs":true,"interaction":{"idSuffix":"BDI-content"}},"wdio_ui5_key":"sapm.Button{\"text\":\"OK\"}"}]}
COMMAND: GET /session/801e128c03398a69ab1c232e24d6d46c/screenshot - {}
RESULT: {"script":"<script> [1562 bytes]","args":[{"selector":{"controlType":"sap.m.Button","properties":{"text":"OK"},"searchOpenDialogs":true,"interaction":{"idSuffix":"BDI-content"}},"wdio_ui5_key":"sapm.Button{\"text\":\"OK\"}"}]}
RESULT: undefined
COMMAND: POST /session/801e128c03398a69ab1c232e24d6d46c/element - {"using":"xpath","value":"//*[@id=\"__dialog1-ok\"]"}
RESULT: {}
RESULT: {"using":"xpath","value":"//*[@id=\"__dialog1-ok\"]"}
COMMAND: POST /session/801e128c03398a69ab1c232e24d6d46c/element/f.1FA3EEE566D6D7C9BB4DC331EA0F15D0.d.049B06F3FED85C600DE0B53E32FCD105.e.9453/click - {}
RESULT: {}
COMMAND: GET /session/801e128c03398a69ab1c232e24d6d46c/screenshot - {}
RESULT: {}
COMMAND: POST /session/801e128c03398a69ab1c232e24d6d46c/execute/async - {"script":"<script> [1562 bytes]","args":[{"selector":{"controlType":"sap.m.Button","viewName":"etm.portal.ui.managerequests.view.NewRequest","i18NText":{"propertyName":"text","key":"save"},"searchOpenDialogs":true,"interaction":{"idSuffix":"BDI-content"}},"wdio_ui5_key":"etmportal.ui.managerequests.view.NewRequestsap.m.Button{\"propertyName\":\"text\",\"key\":\"save\"}"}]}
RESULT: {"script":"<script> [1562 bytes]","args":[{"selector":{"controlType":"sap.m.Button","viewName":"etm.portal.ui.managerequests.view.NewRequest","i18NText":{"propertyName":"text","key":"save"},"searchOpenDialogs":true,"interaction":{"idSuffix":"BDI-content"}},"wdio_ui5_key":"etmportal.ui.managerequests.view.NewRequestsap.m.Button{\"propertyName\":\"text\",\"key\":\"save\"}"}]}
RESULT: undefined
COMMAND: POST /session/801e128c03398a69ab1c232e24d6d46c/element - {"using":"xpath","value":"//*[@id=\"__button24\"]"}
RESULT: {"using":"xpath","value":"//*[@id=\"__button24\"]"}
COMMAND: POST /session/801e128c03398a69ab1c232e24d6d46c/element/f.1FA3EEE566D6D7C9BB4DC331EA0F15D0.d.049B06F3FED85C600DE0B53E32FCD105.e.9457/click - {}
RESULT: {}
COMMAND: GET /session/801e128c03398a69ab1c232e24d6d46c/screenshot - {}
RESULT: {}
COMMAND: POST /session/801e128c03398a69ab1c232e24d6d46c/element - {"using":"xpath","value":"(//bdi[contains(text() ,\"Save\")])[1]"}
RESULT: {"using":"xpath","value":"(//bdi[contains(text() ,\"Save\")])[1]"}
COMMAND: POST /session/801e128c03398a69ab1c232e24d6d46c/element/f.1FA3EEE566D6D7C9BB4DC331EA0F15D0.d.049B06F3FED85C600DE0B53E32FCD105.e.9459/click - {}
RESULT: {}
COMMAND: GET /session/801e128c03398a69ab1c232e24d6d46c/screenshot - {}
RESULT: {}
COMMAND: POST /session/801e128c03398a69ab1c232e24d6d46c/execute/async - {"script":"<script> [1562 bytes]","args":[{"selector":{"controlType":"sap.m.Title","properties":{"text":"Success"},"searchOpenDialogs":true},"wdio_ui5_key":"sapm.Title{\"text\":\"Success\"}"}]}
RESULT: {"script":"<script> [1562 bytes]","args":[{"selector":{"controlType":"sap.m.Title","properties":{"text":"Success"},"searchOpenDialogs":true},"wdio_ui5_key":"sapm.Title{\"text\":\"Success\"}"}]}
RESULT: undefined
COMMAND: POST /session/801e128c03398a69ab1c232e24d6d46c/execute/async - {"script":"<script> [6424 bytes]","args":[{"element-6066-11e4-a52e-4f735466cecf":"f.1FA3EEE566D6D7C9BB4DC331EA0F15D0.d.049B06F3FED85C600DE0B53E32FCD105.e.9463"},"getText",[]]}
RESULT: {"script":"<script> [6424 bytes]","args":[{"element-6066-11e4-a52e-4f735466cecf":"f.1FA3EEE566D6D7C9BB4DC331EA0F15D0.d.049B06F3FED85C600DE0B53E32FCD105.e.9463"},"getText",[]]}
COMMAND: POST /session/801e128c03398a69ab1c232e24d6d46c/execute/async - {"script":"<script> [1562 bytes]","args":[{"selector":{"controlType":"sap.m.Button","properties":{"text":"Close"},"searchOpenDialogs":true,"interaction":{"idSuffix":"BDI-content"}},"wdio_ui5_key":"sapm.Button{\"text\":\"Close\"}"}]}
RESULT: {"script":"<script> [1562 bytes]","args":[{"selector":{"controlType":"sap.m.Button","properties":{"text":"Close"},"searchOpenDialogs":true,"interaction":{"idSuffix":"BDI-content"}},"wdio_ui5_key":"sapm.Button{\"text\":\"Close\"}"}]}
RESULT: undefined
COMMAND: POST /session/801e128c03398a69ab1c232e24d6d46c/element - {"using":"xpath","value":"//*[@id=\"__mbox-btn-0\"]"}
RESULT: {"using":"xpath","value":"//*[@id=\"__mbox-btn-0\"]"}
COMMAND: POST /session/801e128c03398a69ab1c232e24d6d46c/element/f.1FA3EEE566D6D7C9BB4DC331EA0F15D0.d.049B06F3FED85C600DE0B53E32FCD105.e.9462/click - {}
RESULT: {}
COMMAND: GET /session/801e128c03398a69ab1c232e24d6d46c/screenshot - {}
RESULT: {}
]]></system-out>
    </testcase>
    <testcase classname="chrome.136_0_7103_93.windows.Reserve/Unreserve_request_item_via_reserve_option_US139161" name="Should navigate to planning board and reserve the resource" time="89.542">
      <system-out><![CDATA[
COMMAND: POST /session/801e128c03398a69ab1c232e24d6d46c/execute/async - {"script":"<script> [1562 bytes]","args":[{"selector":{"controlType":"sap.m.Button","viewName":"etm.portal.ui.managerequests.view.Detail","i18NText":{"propertyName":"text","key":"planningSituation"},"interaction":{"idSuffix":"BDI-content"}},"wdio_ui5_key":"etmportal.ui.managerequests.view.Detailsap.m.Button{\"propertyName\":\"text\",\"key\":\"planningSituation\"}"}]}
RESULT: {"script":"<script> [1562 bytes]","args":[{"selector":{"controlType":"sap.m.Button","viewName":"etm.portal.ui.managerequests.view.Detail","i18NText":{"propertyName":"text","key":"planningSituation"},"interaction":{"idSuffix":"BDI-content"}},"wdio_ui5_key":"etmportal.ui.managerequests.view.Detailsap.m.Button{\"propertyName\":\"text\",\"key\":\"planningSituation\"}"}]}
RESULT: undefined
COMMAND: POST /session/801e128c03398a69ab1c232e24d6d46c/element - {"using":"xpath","value":"//*[@id=\"__button27\"]"}
RESULT: {"using":"xpath","value":"//*[@id=\"__button27\"]"}
COMMAND: POST /session/801e128c03398a69ab1c232e24d6d46c/element/f.1FA3EEE566D6D7C9BB4DC331EA0F15D0.d.049B06F3FED85C600DE0B53E32FCD105.e.9482/click - {}
RESULT: {}
COMMAND: GET /session/801e128c03398a69ab1c232e24d6d46c/screenshot - {}
RESULT: {}
COMMAND: POST /session/801e128c03398a69ab1c232e24d6d46c/element - {"using":"xpath","value":"(//span[contains(@title ,\"WebdriverYard78c52\")])[1]"}
RESULT: {"using":"xpath","value":"(//span[contains(@title ,\"WebdriverYard78c52\")])[1]"}
COMMAND: POST /session/801e128c03398a69ab1c232e24d6d46c/elements - {"using":"xpath","value":"(//span[contains(@title ,\"WebdriverYard78c52\")])[1]"}
RESULT: {"using":"xpath","value":"(//span[contains(@title ,\"WebdriverYard78c52\")])[1]"}
COMMAND: POST /session/801e128c03398a69ab1c232e24d6d46c/elements - {"using":"xpath","value":"(//span[contains(@title ,\"WebdriverYard78c52\")])[1]"}
RESULT: {"using":"xpath","value":"(//span[contains(@title ,\"WebdriverYard78c52\")])[1]"}
COMMAND: POST /session/801e128c03398a69ab1c232e24d6d46c/elements - {"using":"xpath","value":"(//span[contains(@title ,\"WebdriverYard78c52\")])[1]"}
RESULT: {"using":"xpath","value":"(//span[contains(@title ,\"WebdriverYard78c52\")])[1]"}
COMMAND: POST /session/801e128c03398a69ab1c232e24d6d46c/elements - {"using":"xpath","value":"(//span[contains(@title ,\"WebdriverYard78c52\")])[1]"}
RESULT: {"using":"xpath","value":"(//span[contains(@title ,\"WebdriverYard78c52\")])[1]"}
COMMAND: POST /session/801e128c03398a69ab1c232e24d6d46c/elements - {"using":"xpath","value":"(//span[contains(@title ,\"WebdriverYard78c52\")])[1]"}
RESULT: {"using":"xpath","value":"(//span[contains(@title ,\"WebdriverYard78c52\")])[1]"}
COMMAND: POST /session/801e128c03398a69ab1c232e24d6d46c/elements - {"using":"xpath","value":"(//span[contains(@title ,\"WebdriverYard78c52\")])[1]"}
RESULT: {"using":"xpath","value":"(//span[contains(@title ,\"WebdriverYard78c52\")])[1]"}
COMMAND: POST /session/801e128c03398a69ab1c232e24d6d46c/elements - {"using":"xpath","value":"(//span[contains(@title ,\"WebdriverYard78c52\")])[1]"}
RESULT: {"using":"xpath","value":"(//span[contains(@title ,\"WebdriverYard78c52\")])[1]"}
COMMAND: POST /session/801e128c03398a69ab1c232e24d6d46c/elements - {"using":"xpath","value":"(//span[contains(@title ,\"WebdriverYard78c52\")])[1]"}
RESULT: {"using":"xpath","value":"(//span[contains(@title ,\"WebdriverYard78c52\")])[1]"}
COMMAND: POST /session/801e128c03398a69ab1c232e24d6d46c/elements - {"using":"xpath","value":"(//span[contains(@title ,\"WebdriverYard78c52\")])[1]"}
RESULT: {"using":"xpath","value":"(//span[contains(@title ,\"WebdriverYard78c52\")])[1]"}
COMMAND: POST /session/801e128c03398a69ab1c232e24d6d46c/elements - {"using":"xpath","value":"(//span[contains(@title ,\"WebdriverYard78c52\")])[1]"}
RESULT: {"using":"xpath","value":"(//span[contains(@title ,\"WebdriverYard78c52\")])[1]"}
COMMAND: POST /session/801e128c03398a69ab1c232e24d6d46c/elements - {"using":"xpath","value":"(//span[contains(@title ,\"WebdriverYard78c52\")])[1]"}
RESULT: {"using":"xpath","value":"(//span[contains(@title ,\"WebdriverYard78c52\")])[1]"}
COMMAND: POST /session/801e128c03398a69ab1c232e24d6d46c/elements - {"using":"xpath","value":"(//span[contains(@title ,\"WebdriverYard78c52\")])[1]"}
RESULT: {"using":"xpath","value":"(//span[contains(@title ,\"WebdriverYard78c52\")])[1]"}
COMMAND: POST /session/801e128c03398a69ab1c232e24d6d46c/elements - {"using":"xpath","value":"(//span[contains(@title ,\"WebdriverYard78c52\")])[1]"}
RESULT: {"using":"xpath","value":"(//span[contains(@title ,\"WebdriverYard78c52\")])[1]"}
COMMAND: POST /session/801e128c03398a69ab1c232e24d6d46c/element - {"using":"xpath","value":"(//span[contains(@title ,\"WebdriverYard78c52\")])[1]"}
RESULT: {"using":"xpath","value":"(//span[contains(@title ,\"WebdriverYard78c52\")])[1]"}
COMMAND: POST /session/801e128c03398a69ab1c232e24d6d46c/execute/sync - {"script":"<script> [8489 bytes]","args":[{"element-6066-11e4-a52e-4f735466cecf":"f.1FA3EEE566D6D7C9BB4DC331EA0F15D0.d.049B06F3FED85C600DE0B53E32FCD105.e.9935","ELEMENT":"f.1FA3EEE566D6D7C9BB4DC331EA0F15D0.d.049B06F3FED85C600DE0B53E32FCD105.e.9935"}]}
RESULT: {"script":"<script> [8489 bytes]","args":[{"element-6066-11e4-a52e-4f735466cecf":"f.1FA3EEE566D6D7C9BB4DC331EA0F15D0.d.049B06F3FED85C600DE0B53E32FCD105.e.9935","ELEMENT":"f.1FA3EEE566D6D7C9BB4DC331EA0F15D0.d.049B06F3FED85C600DE0B53E32FCD105.e.9935"}]}
COMMAND: POST /session/801e128c03398a69ab1c232e24d6d46c/element - {"using":"xpath","value":"(//span[contains(@title ,\"WebdriverYard78c52\")])[1]"}
COMMAND: GET /session/801e128c03398a69ab1c232e24d6d46c/screenshot - {}
RESULT: {"using":"xpath","value":"(//span[contains(@title ,\"WebdriverYard78c52\")])[1]"}
COMMAND: POST /session/801e128c03398a69ab1c232e24d6d46c/actions - {"actions":[{"id":"action71","type":"pointer","parameters":{"pointerType":"mouse"},"actions":[{"type":"pointerMove","button":0,"width":0,"height":0,"pressure":0,"tangentialPressure":0,"tiltX":0,"tiltY":0,"twist":0,"altitudeAngle":0,"_":"5 more keys: [\"azimuthAngle\",\"x\",\"y\",\"duration\",\"origin\"]"},{"type":"pointerDown","button":2,"width":0,"height":0,"pressure":0,"tangentialPressure":0,"tiltX":0,"tiltY":0,"twist":0,"altitudeAngle":0,"_":"1 more keys: [\"azimuthAngle\"]"},{"type":"pointerUp","button":2}]}]}
RESULT: {}
RESULT: {"actions":[{"id":"action71","type":"pointer","parameters":{"pointerType":"mouse"},"actions":[{"type":"pointerMove","button":0,"width":0,"height":0,"pressure":0,"tangentialPressure":0,"tiltX":0,"tiltY":0,"twist":0,"altitudeAngle":0,"_":"5 more keys: [\"azimuthAngle\",\"x\",\"y\",\"duration\",\"origin\"]"},{"type":"pointerDown","button":2,"width":0,"height":0,"pressure":0,"tangentialPressure":0,"tiltX":0,"tiltY":0,"twist":0,"altitudeAngle":0,"_":"1 more keys: [\"azimuthAngle\"]"},{"type":"pointerUp","button":2}]}]}
COMMAND: DELETE /session/801e128c03398a69ab1c232e24d6d46c/actions - {}
COMMAND: GET /session/801e128c03398a69ab1c232e24d6d46c/screenshot - {}
RESULT: {}
COMMAND: GET /session/801e128c03398a69ab1c232e24d6d46c/screenshot - {}
RESULT: {}
RESULT: {}
COMMAND: POST /session/801e128c03398a69ab1c232e24d6d46c/actions - {"actions":[{"id":"action72","type":"key","parameters":{},"actions":[{"type":"keyDown","value":""},{"type":"pause","duration":10},{"type":"keyUp","value":""}]}]}
RESULT: {"actions":[{"id":"action72","type":"key","parameters":{},"actions":[{"type":"keyDown","value":""},{"type":"pause","duration":10},{"type":"keyUp","value":""}]}]}
COMMAND: GET /session/801e128c03398a69ab1c232e24d6d46c/screenshot - {}
RESULT: {}
COMMAND: POST /session/801e128c03398a69ab1c232e24d6d46c/actions - {"actions":[{"id":"action73","type":"key","parameters":{},"actions":[{"type":"keyDown","value":""},{"type":"pause","duration":10},{"type":"keyUp","value":""}]}]}
RESULT: {"actions":[{"id":"action73","type":"key","parameters":{},"actions":[{"type":"keyDown","value":""},{"type":"pause","duration":10},{"type":"keyUp","value":""}]}]}
COMMAND: GET /session/801e128c03398a69ab1c232e24d6d46c/screenshot - {}
RESULT: {}
COMMAND: POST /session/801e128c03398a69ab1c232e24d6d46c/execute/async - {"script":"<script> [1562 bytes]","args":[{"selector":{"id":"application-planningboard-display-component---pB_RequestHeader--RUreservationComment","searchOpenDialogs":true,"interaction":{"idSuffix":"inner"}},"wdio_ui5_key":"applicationplanningboard-display-component---pB_RequestHeader--RUreservationComment"}]}
RESULT: {"script":"<script> [1562 bytes]","args":[{"selector":{"id":"application-planningboard-display-component---pB_RequestHeader--RUreservationComment","searchOpenDialogs":true,"interaction":{"idSuffix":"inner"}},"wdio_ui5_key":"applicationplanningboard-display-component---pB_RequestHeader--RUreservationComment"}]}
RESULT: undefined
COMMAND: POST /session/801e128c03398a69ab1c232e24d6d46c/execute/async - {"script":"<script> [776 bytes]","args":[{"enterText":"WdIORes1adr8v","selector":{"id":"application-planningboard-display-component---pB_RequestHeader--RUreservationComment","searchOpenDialogs":true,"interaction":{"idSuffix":"inner"}},"clearTextFirst":true,"interactionType":"ENTER_TEXT"}]}
RESULT: {"script":"<script> [776 bytes]","args":[{"enterText":"WdIORes1adr8v","selector":{"id":"application-planningboard-display-component---pB_RequestHeader--RUreservationComment","searchOpenDialogs":true,"interaction":{"idSuffix":"inner"}},"clearTextFirst":true,"interactionType":"ENTER_TEXT"}]}
COMMAND: POST /session/801e128c03398a69ab1c232e24d6d46c/execute/async - {"script":"<script> [1562 bytes]","args":[{"selector":{"controlType":"sap.m.Button","viewName":"etm.portal.ui.planningboard.view.detail.RequestHeader","viewId":"application-planningboard-display-component---pB_RequestHeader","properties":{"text":"Ok"},"searchOpenDialogs":true,"interaction":{"idSuffix":"BDI-content"}},"wdio_ui5_key":"etmportal.ui.planningboard.view.detail.RequestHeadersap.m.Button{\"text\":\"Ok\"}"}]}
RESULT: {"script":"<script> [1562 bytes]","args":[{"selector":{"controlType":"sap.m.Button","viewName":"etm.portal.ui.planningboard.view.detail.RequestHeader","viewId":"application-planningboard-display-component---pB_RequestHeader","properties":{"text":"Ok"},"searchOpenDialogs":true,"interaction":{"idSuffix":"BDI-content"}},"wdio_ui5_key":"etmportal.ui.planningboard.view.detail.RequestHeadersap.m.Button{\"text\":\"Ok\"}"}]}
RESULT: undefined
COMMAND: POST /session/801e128c03398a69ab1c232e24d6d46c/element - {"using":"xpath","value":"//*[@id=\"__button192\"]"}
RESULT: {"using":"xpath","value":"//*[@id=\"__button192\"]"}
COMMAND: POST /session/801e128c03398a69ab1c232e24d6d46c/element/f.1FA3EEE566D6D7C9BB4DC331EA0F15D0.d.049B06F3FED85C600DE0B53E32FCD105.e.9952/click - {}
RESULT: {}
COMMAND: GET /session/801e128c03398a69ab1c232e24d6d46c/screenshot - {}
RESULT: {}
COMMAND: POST /session/801e128c03398a69ab1c232e24d6d46c/element - {"using":"xpath","value":"//span[contains(@title ,\"WebdriverYard78c52\")]"}
RESULT: {"using":"xpath","value":"//span[contains(@title ,\"WebdriverYard78c52\")]"}
COMMAND: POST /session/801e128c03398a69ab1c232e24d6d46c/actions - {"actions":[{"id":"action74","type":"pointer","parameters":{"pointerType":"mouse"},"actions":[{"type":"pointerMove","button":0,"width":0,"height":0,"pressure":0,"tangentialPressure":0,"tiltX":0,"tiltY":0,"twist":0,"altitudeAngle":0,"_":"5 more keys: [\"azimuthAngle\",\"x\",\"y\",\"duration\",\"origin\"]"},{"type":"pointerDown","button":2,"width":0,"height":0,"pressure":0,"tangentialPressure":0,"tiltX":0,"tiltY":0,"twist":0,"altitudeAngle":0,"_":"1 more keys: [\"azimuthAngle\"]"},{"type":"pointerUp","button":2}]}]}
RESULT: {"actions":[{"id":"action74","type":"pointer","parameters":{"pointerType":"mouse"},"actions":[{"type":"pointerMove","button":0,"width":0,"height":0,"pressure":0,"tangentialPressure":0,"tiltX":0,"tiltY":0,"twist":0,"altitudeAngle":0,"_":"5 more keys: [\"azimuthAngle\",\"x\",\"y\",\"duration\",\"origin\"]"},{"type":"pointerDown","button":2,"width":0,"height":0,"pressure":0,"tangentialPressure":0,"tiltX":0,"tiltY":0,"twist":0,"altitudeAngle":0,"_":"1 more keys: [\"azimuthAngle\"]"},{"type":"pointerUp","button":2}]}]}
COMMAND: DELETE /session/801e128c03398a69ab1c232e24d6d46c/actions - {}
COMMAND: GET /session/801e128c03398a69ab1c232e24d6d46c/screenshot - {}
RESULT: {}
COMMAND: GET /session/801e128c03398a69ab1c232e24d6d46c/screenshot - {}
RESULT: {}
RESULT: {}
COMMAND: POST /session/801e128c03398a69ab1c232e24d6d46c/actions - {"actions":[{"id":"action75","type":"key","parameters":{},"actions":[{"type":"keyDown","value":""},{"type":"pause","duration":10},{"type":"keyUp","value":""}]}]}
RESULT: {"actions":[{"id":"action75","type":"key","parameters":{},"actions":[{"type":"keyDown","value":""},{"type":"pause","duration":10},{"type":"keyUp","value":""}]}]}
COMMAND: GET /session/801e128c03398a69ab1c232e24d6d46c/screenshot - {}
RESULT: {}
COMMAND: POST /session/801e128c03398a69ab1c232e24d6d46c/actions - {"actions":[{"id":"action76","type":"key","parameters":{},"actions":[{"type":"keyDown","value":""},{"type":"pause","duration":10},{"type":"keyUp","value":""}]}]}
RESULT: {"actions":[{"id":"action76","type":"key","parameters":{},"actions":[{"type":"keyDown","value":""},{"type":"pause","duration":10},{"type":"keyUp","value":""}]}]}
COMMAND: GET /session/801e128c03398a69ab1c232e24d6d46c/screenshot - {}
RESULT: {}
RESULT: undefined
COMMAND: POST /session/801e128c03398a69ab1c232e24d6d46c/execute/async - {"script":"<script> [776 bytes]","args":[{"enterText":"WdIORes21zaos","selector":{"id":"application-planningboard-display-component---pB_RequestHeader--RUreservationComment","searchOpenDialogs":true,"interaction":{"idSuffix":"inner"}},"clearTextFirst":true,"interactionType":"ENTER_TEXT"}]}
RESULT: {"script":"<script> [776 bytes]","args":[{"enterText":"WdIORes21zaos","selector":{"id":"application-planningboard-display-component---pB_RequestHeader--RUreservationComment","searchOpenDialogs":true,"interaction":{"idSuffix":"inner"}},"clearTextFirst":true,"interactionType":"ENTER_TEXT"}]}
RESULT: undefined
COMMAND: POST /session/801e128c03398a69ab1c232e24d6d46c/element - {"using":"xpath","value":"//*[@id=\"__button192\"]"}
RESULT: {"using":"xpath","value":"//*[@id=\"__button192\"]"}
COMMAND: POST /session/801e128c03398a69ab1c232e24d6d46c/element/f.1FA3EEE566D6D7C9BB4DC331EA0F15D0.d.049B06F3FED85C600DE0B53E32FCD105.e.10032/click - {}
RESULT: {}
COMMAND: GET /session/801e128c03398a69ab1c232e24d6d46c/screenshot - {}
RESULT: {}
COMMAND: POST /session/801e128c03398a69ab1c232e24d6d46c/execute/async - {"script":"<script> [1562 bytes]","args":[{"selector":{"controlType":"sap.m.Button","viewName":"etm.portal.ui.planningboard.view.detail.RequestHeader","viewId":"application-planningboard-display-component---pB_RequestHeader","i18NText":{"propertyName":"text","key":"close"},"ancestor":{"id":"application-planningboard-display-component---pB_RequestHeader--requestItemDetails"},"interaction":{"idSuffix":"BDI-content"}},"wdio_ui5_key":"etmportal.ui.planningboard.view.detail.RequestHeadersap.m.Button{\"propertyName\":\"text\",\"key\":\"close\"}{\"id\":\"application-planningboard-display-component---pB_RequestHeader--requestItemDetails\"}"}]}
RESULT: {"script":"<script> [1562 bytes]","args":[{"selector":{"controlType":"sap.m.Button","viewName":"etm.portal.ui.planningboard.view.detail.RequestHeader","viewId":"application-planningboard-display-component---pB_RequestHeader","i18NText":{"propertyName":"text","key":"close"},"ancestor":{"id":"application-planningboard-display-component---pB_RequestHeader--requestItemDetails"},"interaction":{"idSuffix":"BDI-content"}},"wdio_ui5_key":"etmportal.ui.planningboard.view.detail.RequestHeadersap.m.Button{\"propertyName\":\"text\",\"key\":\"close\"}{\"id\":\"application-planningboard-display-component---pB_RequestHeader--requestItemDetails\"}"}]}
RESULT: undefined
COMMAND: POST /session/801e128c03398a69ab1c232e24d6d46c/element - {"using":"xpath","value":"//*[@id=\"__button68\"]"}
RESULT: {"using":"xpath","value":"//*[@id=\"__button68\"]"}
COMMAND: POST /session/801e128c03398a69ab1c232e24d6d46c/element/f.1FA3EEE566D6D7C9BB4DC331EA0F15D0.d.049B06F3FED85C600DE0B53E32FCD105.e.9820/click - {}
RESULT: {}
COMMAND: GET /session/801e128c03398a69ab1c232e24d6d46c/screenshot - {}
RESULT: {}
COMMAND: POST /session/801e128c03398a69ab1c232e24d6d46c/execute/async - {"script":"<script> [1562 bytes]","args":[{"selector":{"id":"application-planningboard-display-component---pB_Master--selectView","interaction":{"idSuffix":"arrow"}},"wdio_ui5_key":"applicationplanningboard-display-component---pB_Master--selectView"}]}
RESULT: {"script":"<script> [1562 bytes]","args":[{"selector":{"id":"application-planningboard-display-component---pB_Master--selectView","interaction":{"idSuffix":"arrow"}},"wdio_ui5_key":"applicationplanningboard-display-component---pB_Master--selectView"}]}
RESULT: undefined
COMMAND: POST /session/801e128c03398a69ab1c232e24d6d46c/element - {"using":"xpath","value":"//*[@id=\"application-planningboard-display-component---pB_Master--selectView\"]"}
RESULT: {"using":"xpath","value":"//*[@id=\"application-planningboard-display-component---pB_Master--selectView\"]"}
COMMAND: POST /session/801e128c03398a69ab1c232e24d6d46c/element/f.1FA3EEE566D6D7C9BB4DC331EA0F15D0.d.049B06F3FED85C600DE0B53E32FCD105.e.10252/click - {}
RESULT: {}
COMMAND: GET /session/801e128c03398a69ab1c232e24d6d46c/screenshot - {}
RESULT: {}
COMMAND: POST /session/801e128c03398a69ab1c232e24d6d46c/execute/async - {"script":"<script> [1562 bytes]","args":[{"selector":{"controlType":"sap.ui.core.Item","viewName":"etm.portal.ui.planningboard.view.Master","viewId":"application-planningboard-display-component---pB_Master","i18NText":{"propertyName":"text","key":"manageReservations"},"searchOpenDialogs":true},"wdio_ui5_key":"etmportal.ui.planningboard.view.Mastersap.ui.core.Item{\"propertyName\":\"text\",\"key\":\"manageReservations\"}"}]}
RESULT: {"script":"<script> [1562 bytes]","args":[{"selector":{"controlType":"sap.ui.core.Item","viewName":"etm.portal.ui.planningboard.view.Master","viewId":"application-planningboard-display-component---pB_Master","i18NText":{"propertyName":"text","key":"manageReservations"},"searchOpenDialogs":true},"wdio_ui5_key":"etmportal.ui.planningboard.view.Mastersap.ui.core.Item{\"propertyName\":\"text\",\"key\":\"manageReservations\"}"}]}
RESULT: undefined
COMMAND: POST /session/801e128c03398a69ab1c232e24d6d46c/element - {"using":"xpath","value":"//*[@id=\"__item760\"]"}
RESULT: {"using":"xpath","value":"//*[@id=\"__item760\"]"}
COMMAND: POST /session/801e128c03398a69ab1c232e24d6d46c/element/f.1FA3EEE566D6D7C9BB4DC331EA0F15D0.d.049B06F3FED85C600DE0B53E32FCD105.e.10253/click - {}
RESULT: {}
COMMAND: GET /session/801e128c03398a69ab1c232e24d6d46c/screenshot - {}
RESULT: {}
COMMAND: POST /session/801e128c03398a69ab1c232e24d6d46c/element - {"using":"xpath","value":"//span[contains(@id ,\"clone\")][contains(text(), \"WdIORes1adr8v\")]"}
RESULT: {"using":"xpath","value":"//span[contains(@id ,\"clone\")][contains(text(), \"WdIORes1adr8v\")]"}
COMMAND: GET /session/801e128c03398a69ab1c232e24d6d46c/element/f.1FA3EEE566D6D7C9BB4DC331EA0F15D0.d.049B06F3FED85C600DE0B53E32FCD105.e.10269/text - {}
RESULT: {}
COMMAND: POST /session/801e128c03398a69ab1c232e24d6d46c/element - {"using":"xpath","value":"//span[contains(@id ,\"clone\")][contains(text(), \"WdIORes21zaos\")]"}
RESULT: {"using":"xpath","value":"//span[contains(@id ,\"clone\")][contains(text(), \"WdIORes21zaos\")]"}
COMMAND: POST /session/801e128c03398a69ab1c232e24d6d46c/element/f.1FA3EEE566D6D7C9BB4DC331EA0F15D0.d.049B06F3FED85C600DE0B53E32FCD105.e.10270/click - {}
RESULT: {}
COMMAND: GET /session/801e128c03398a69ab1c232e24d6d46c/screenshot - {}
RESULT: {}
COMMAND: POST /session/801e128c03398a69ab1c232e24d6d46c/actions - {"actions":[{"id":"action77","type":"key","parameters":{},"actions":[{"type":"keyDown","value":""},{"type":"pause","duration":10},{"type":"keyUp","value":""}]}]}
RESULT: {"actions":[{"id":"action77","type":"key","parameters":{},"actions":[{"type":"keyDown","value":""},{"type":"pause","duration":10},{"type":"keyUp","value":""}]}]}
COMMAND: GET /session/801e128c03398a69ab1c232e24d6d46c/screenshot - {}
RESULT: {}
COMMAND: POST /session/801e128c03398a69ab1c232e24d6d46c/execute/async - {"script":"<script> [1562 bytes]","args":[{"selector":{"controlType":"sap.m.Button","viewName":"etm.portal.ui.planningboard.view.detail.Planning","viewId":"application-planningboard-display-component---pB_Planning","i18NText":{"propertyName":"text","key":"unplan"},"interaction":{"idSuffix":"BDI-content"}},"wdio_ui5_key":"etmportal.ui.planningboard.view.detail.Planningsap.m.Button{\"propertyName\":\"text\",\"key\":\"unplan\"}"}]}
RESULT: {"script":"<script> [1562 bytes]","args":[{"selector":{"controlType":"sap.m.Button","viewName":"etm.portal.ui.planningboard.view.detail.Planning","viewId":"application-planningboard-display-component---pB_Planning","i18NText":{"propertyName":"text","key":"unplan"},"interaction":{"idSuffix":"BDI-content"}},"wdio_ui5_key":"etmportal.ui.planningboard.view.detail.Planningsap.m.Button{\"propertyName\":\"text\",\"key\":\"unplan\"}"}]}
RESULT: undefined
COMMAND: POST /session/801e128c03398a69ab1c232e24d6d46c/element - {"using":"xpath","value":"//*[@id=\"__button258\"]"}
RESULT: {"using":"xpath","value":"//*[@id=\"__button258\"]"}
COMMAND: POST /session/801e128c03398a69ab1c232e24d6d46c/element/f.1FA3EEE566D6D7C9BB4DC331EA0F15D0.d.049B06F3FED85C600DE0B53E32FCD105.e.10331/click - {}
RESULT: {}
COMMAND: GET /session/801e128c03398a69ab1c232e24d6d46c/screenshot - {}
RESULT: {}
COMMAND: POST /session/801e128c03398a69ab1c232e24d6d46c/element - {"using":"xpath","value":"//span[contains(@id ,\"clone\")][contains(text(), \"WdIORes21zaos\")]"}
RESULT: {"using":"xpath","value":"//span[contains(@id ,\"clone\")][contains(text(), \"WdIORes21zaos\")]"}
COMMAND: POST /session/801e128c03398a69ab1c232e24d6d46c/element - {"using":"xpath","value":"//span[contains(@id ,\"clone\")][contains(text(), \"WdIORes21zaos\")]"}
RESULT: {"using":"xpath","value":"//span[contains(@id ,\"clone\")][contains(text(), \"WdIORes21zaos\")]"}
COMMAND: POST /session/801e128c03398a69ab1c232e24d6d46c/element - {"using":"xpath","value":"//span[contains(@id ,\"clone\")][contains(text(), \"WdIORes1adr8v\")]"}
RESULT: {"using":"xpath","value":"//span[contains(@id ,\"clone\")][contains(text(), \"WdIORes1adr8v\")]"}
COMMAND: POST /session/801e128c03398a69ab1c232e24d6d46c/element/f.1FA3EEE566D6D7C9BB4DC331EA0F15D0.d.049B06F3FED85C600DE0B53E32FCD105.e.10396/click - {}
RESULT: {}
COMMAND: GET /session/801e128c03398a69ab1c232e24d6d46c/screenshot - {}
RESULT: {}
COMMAND: POST /session/801e128c03398a69ab1c232e24d6d46c/actions - {"actions":[{"id":"action78","type":"key","parameters":{},"actions":[{"type":"keyDown","value":""},{"type":"pause","duration":10},{"type":"keyUp","value":""}]}]}
RESULT: {"actions":[{"id":"action78","type":"key","parameters":{},"actions":[{"type":"keyDown","value":""},{"type":"pause","duration":10},{"type":"keyUp","value":""}]}]}
COMMAND: GET /session/801e128c03398a69ab1c232e24d6d46c/screenshot - {}
RESULT: {}
]]></system-out>
    </testcase>
  </testsuite>
  <testsuite timestamp="2025-05-31T16:07:45" time="30.488" tests="1" failures="0" errors="0" skipped="0">
    <properties>
      <property name="specId" value="0"/>
      <property name="suiteName" value="Reserve/Unreserve request item via reserve option US139161"/>
      <property name="capabilities" value="chrome.136_0_7103_93.windows"/>
      <property name="file" value="file:///D:/a/1/s/test/specs/R2C/manage-reservations-view-planning-board.spec.js"/>
    </properties>
    <testcase classname="chrome.136_0_7103_93.windows.Reserve/Unreserve_request_item_via_reserve_option_US139161" name="Should open a reservation to verify and edit the details" time="30.487">
      <system-out><![CDATA[
COMMAND: POST /session/801e128c03398a69ab1c232e24d6d46c/element - {"using":"xpath","value":"//button[contains(@data-kt, \"editButton\")]"}
RESULT: {"using":"xpath","value":"//button[contains(@data-kt, \"editButton\")]"}
COMMAND: POST /session/801e128c03398a69ab1c232e24d6d46c/execute/sync - {"script":"<script> [8489 bytes]","args":[{"element-6066-11e4-a52e-4f735466cecf":"f.1FA3EEE566D6D7C9BB4DC331EA0F15D0.d.049B06F3FED85C600DE0B53E32FCD105.e.10438","ELEMENT":"f.1FA3EEE566D6D7C9BB4DC331EA0F15D0.d.049B06F3FED85C600DE0B53E32FCD105.e.10438"}]}
RESULT: {"script":"<script> [8489 bytes]","args":[{"element-6066-11e4-a52e-4f735466cecf":"f.1FA3EEE566D6D7C9BB4DC331EA0F15D0.d.049B06F3FED85C600DE0B53E32FCD105.e.10438","ELEMENT":"f.1FA3EEE566D6D7C9BB4DC331EA0F15D0.d.049B06F3FED85C600DE0B53E32FCD105.e.10438"}]}
COMMAND: POST /session/801e128c03398a69ab1c232e24d6d46c/element - {"using":"xpath","value":"//button[contains(@data-kt, \"unplanButton\")]"}
COMMAND: GET /session/801e128c03398a69ab1c232e24d6d46c/screenshot - {}
RESULT: {"using":"xpath","value":"//button[contains(@data-kt, \"unplanButton\")]"}
COMMAND: POST /session/801e128c03398a69ab1c232e24d6d46c/execute/sync - {"script":"<script> [8489 bytes]","args":[{"element-6066-11e4-a52e-4f735466cecf":"f.1FA3EEE566D6D7C9BB4DC331EA0F15D0.d.049B06F3FED85C600DE0B53E32FCD105.e.10449","ELEMENT":"f.1FA3EEE566D6D7C9BB4DC331EA0F15D0.d.049B06F3FED85C600DE0B53E32FCD105.e.10449"}]}
RESULT: {}
RESULT: {"script":"<script> [8489 bytes]","args":[{"element-6066-11e4-a52e-4f735466cecf":"f.1FA3EEE566D6D7C9BB4DC331EA0F15D0.d.049B06F3FED85C600DE0B53E32FCD105.e.10449","ELEMENT":"f.1FA3EEE566D6D7C9BB4DC331EA0F15D0.d.049B06F3FED85C600DE0B53E32FCD105.e.10449"}]}
COMMAND: POST /session/801e128c03398a69ab1c232e24d6d46c/element - {"using":"xpath","value":"//button[contains(@data-kt, \"editButton\")]"}
COMMAND: GET /session/801e128c03398a69ab1c232e24d6d46c/screenshot - {}
RESULT: {"using":"xpath","value":"//button[contains(@data-kt, \"editButton\")]"}
COMMAND: POST /session/801e128c03398a69ab1c232e24d6d46c/element/f.1FA3EEE566D6D7C9BB4DC331EA0F15D0.d.049B06F3FED85C600DE0B53E32FCD105.e.10438/click - {}
RESULT: {}
RESULT: {}
COMMAND: POST /session/801e128c03398a69ab1c232e24d6d46c/element - {"using":"xpath","value":"(//input[contains(@id ,\"picker\")][contains(@aria-roledescription ,\"Date Input\")])[4]"}
COMMAND: GET /session/801e128c03398a69ab1c232e24d6d46c/screenshot - {}
RESULT: {}
RESULT: {"using":"xpath","value":"(//input[contains(@id ,\"picker\")][contains(@aria-roledescription ,\"Date Input\")])[4]"}
COMMAND: POST /session/801e128c03398a69ab1c232e24d6d46c/element/f.1FA3EEE566D6D7C9BB4DC331EA0F15D0.d.049B06F3FED85C600DE0B53E32FCD105.e.10416/clear - {}
RESULT: {}
COMMAND: POST /session/801e128c03398a69ab1c232e24d6d46c/element/f.1FA3EEE566D6D7C9BB4DC331EA0F15D0.d.049B06F3FED85C600DE0B53E32FCD105.e.10416/value - {"text":"6/2/25"}
COMMAND: GET /session/801e128c03398a69ab1c232e24d6d46c/screenshot - {}
RESULT: {"text":"6/2/25"}
COMMAND: GET /session/801e128c03398a69ab1c232e24d6d46c/screenshot - {}
RESULT: {}
RESULT: {}
COMMAND: POST /session/801e128c03398a69ab1c232e24d6d46c/element - {"using":"xpath","value":"//bdi[contains(text(), \"Save\")]"}
RESULT: {"using":"xpath","value":"//bdi[contains(text(), \"Save\")]"}
COMMAND: POST /session/801e128c03398a69ab1c232e24d6d46c/element/f.1FA3EEE566D6D7C9BB4DC331EA0F15D0.d.049B06F3FED85C600DE0B53E32FCD105.e.10472/click - {}
RESULT: {}
COMMAND: GET /session/801e128c03398a69ab1c232e24d6d46c/screenshot - {}
RESULT: {}
COMMAND: POST /session/801e128c03398a69ab1c232e24d6d46c/element - {"using":"xpath","value":"(//input[contains(@id ,\"picker\")][contains(@aria-roledescription ,\"Date Input\")])[4]"}
RESULT: {"using":"xpath","value":"(//input[contains(@id ,\"picker\")][contains(@aria-roledescription ,\"Date Input\")])[4]"}
COMMAND: GET /session/801e128c03398a69ab1c232e24d6d46c/element/f.1FA3EEE566D6D7C9BB4DC331EA0F15D0.d.049B06F3FED85C600DE0B53E32FCD105.e.10416/property/value - {}
RESULT: {}
COMMAND: GET /session/801e128c03398a69ab1c232e24d6d46c/screenshot - {}
RESULT: {}
COMMAND: POST /session/801e128c03398a69ab1c232e24d6d46c/element - {"using":"xpath","value":"//bdi[contains(text(), \"Unplan\")]"}
RESULT: {"using":"xpath","value":"//bdi[contains(text(), \"Unplan\")]"}
COMMAND: POST /session/801e128c03398a69ab1c232e24d6d46c/element/f.1FA3EEE566D6D7C9BB4DC331EA0F15D0.d.049B06F3FED85C600DE0B53E32FCD105.e.10484/click - {}
RESULT: {}
COMMAND: GET /session/801e128c03398a69ab1c232e24d6d46c/screenshot - {}
RESULT: {}
COMMAND: POST /session/801e128c03398a69ab1c232e24d6d46c/element - {"using":"css selector","value":"#shell-header-logo"}
RESULT: {"using":"css selector","value":"#shell-header-logo"}
COMMAND: POST /session/801e128c03398a69ab1c232e24d6d46c/element/f.1FA3EEE566D6D7C9BB4DC331EA0F15D0.d.049B06F3FED85C600DE0B53E32FCD105.e.9033/click - {}
RESULT: {}
COMMAND: GET /session/801e128c03398a69ab1c232e24d6d46c/screenshot - {}
RESULT: {}
]]></system-out>
    </testcase>
  </testsuite>
  <testsuite timestamp="2025-05-31T16:08:16" time="435.601" tests="4" failures="0" errors="0" skipped="0">
    <properties>
      <property name="specId" value="0"/>
      <property name="suiteName" value="Process request items into an existing quotation US120163"/>
      <property name="capabilities" value="chrome.136_0_7103_93.windows"/>
      <property name="file" value="file:///D:/a/1/s/test/specs/R2C/process-request-items-into-existing-quotation.spec.js"/>
    </properties>
    <testcase classname="chrome.136_0_7103_93.windows.Process_request_items_into_an_existing_quotation_US120163" name="Should create a new quotation" time="94.79">
      <system-out><![CDATA[
COMMAND: POST /session/801e128c03398a69ab1c232e24d6d46c/execute/async - {"script":"<script> [1562 bytes]","args":[{"selector":{"controlType":"sap.m.GenericTile","properties":{"header":"Manage Quotations"}},"wdio_ui5_key":"sapm.GenericTile{\"header\":\"Manage Quotations\"}"}]}
RESULT: {"script":"<script> [1562 bytes]","args":[{"selector":{"controlType":"sap.m.GenericTile","properties":{"header":"Manage Quotations"}},"wdio_ui5_key":"sapm.GenericTile{\"header\":\"Manage Quotations\"}"}]}
RESULT: undefined
COMMAND: POST /session/801e128c03398a69ab1c232e24d6d46c/element - {"using":"xpath","value":"//*[@id=\"__tile131\"]"}
RESULT: {"using":"xpath","value":"//*[@id=\"__tile131\"]"}
COMMAND: POST /session/801e128c03398a69ab1c232e24d6d46c/element/f.1FA3EEE566D6D7C9BB4DC331EA0F15D0.d.049B06F3FED85C600DE0B53E32FCD105.e.10539/click - {}
RESULT: {}
COMMAND: GET /session/801e128c03398a69ab1c232e24d6d46c/screenshot - {}
RESULT: {}
COMMAND: POST /session/801e128c03398a69ab1c232e24d6d46c/elements - {"using":"xpath","value":"//span[text()='Error']"}
RESULT: {"using":"xpath","value":"//span[text()='Error']"}
COMMAND: POST /session/801e128c03398a69ab1c232e24d6d46c/element - {"using":"xpath","value":"//button[contains(@title ,\"Add New Contract\")]"}
RESULT: {"using":"xpath","value":"//button[contains(@title ,\"Add New Contract\")]"}
COMMAND: POST /session/801e128c03398a69ab1c232e24d6d46c/element/f.1FA3EEE566D6D7C9BB4DC331EA0F15D0.d.049B06F3FED85C600DE0B53E32FCD105.e.10579/click - {}
RESULT: {}
COMMAND: GET /session/801e128c03398a69ab1c232e24d6d46c/screenshot - {}
RESULT: {}
COMMAND: POST /session/801e128c03398a69ab1c232e24d6d46c/element - {"using":"xpath","value":"//input[contains(@id ,\"application-managequotations-display-component---AddNewContract--projectDescription-inner\")]"}
RESULT: {"using":"xpath","value":"//input[contains(@id ,\"application-managequotations-display-component---AddNewContract--projectDescription-inner\")]"}
COMMAND: POST /session/801e128c03398a69ab1c232e24d6d46c/element/f.1FA3EEE566D6D7C9BB4DC331EA0F15D0.d.049B06F3FED85C600DE0B53E32FCD105.e.10838/value - {"text":"WdIOQuotationquug5"}
RESULT: {"text":"WdIOQuotationquug5"}
COMMAND: GET /session/801e128c03398a69ab1c232e24d6d46c/screenshot - {}
RESULT: {}
COMMAND: POST /session/801e128c03398a69ab1c232e24d6d46c/element - {"using":"xpath","value":"//input[contains(@id ,\"application-managequotations-display-component---AddNewContract--yardId-inner\")]"}
RESULT: {"using":"xpath","value":"//input[contains(@id ,\"application-managequotations-display-component---AddNewContract--yardId-inner\")]"}
COMMAND: POST /session/801e128c03398a69ab1c232e24d6d46c/element/f.1FA3EEE566D6D7C9BB4DC331EA0F15D0.d.049B06F3FED85C600DE0B53E32FCD105.e.10841/value - {"text":"WebdriverYard78c52"}
RESULT: {"text":"WebdriverYard78c52"}
COMMAND: GET /session/801e128c03398a69ab1c232e24d6d46c/screenshot - {}
COMMAND: POST /session/801e128c03398a69ab1c232e24d6d46c/actions - {"actions":[{"id":"action79","type":"key","parameters":{},"actions":[{"type":"keyDown","value":""},{"type":"pause","duration":10},{"type":"keyUp","value":""}]}]}
RESULT: {}
RESULT: {"actions":[{"id":"action79","type":"key","parameters":{},"actions":[{"type":"keyDown","value":""},{"type":"pause","duration":10},{"type":"keyUp","value":""}]}]}
COMMAND: GET /session/801e128c03398a69ab1c232e24d6d46c/screenshot - {}
RESULT: {}
COMMAND: POST /session/801e128c03398a69ab1c232e24d6d46c/element - {"using":"xpath","value":"//input[contains(@id ,\"application-managequotations-display-component---AddNewContract--customerSelect-inner\")]"}
RESULT: {"using":"xpath","value":"//input[contains(@id ,\"application-managequotations-display-component---AddNewContract--customerSelect-inner\")]"}
COMMAND: POST /session/801e128c03398a69ab1c232e24d6d46c/element/f.1FA3EEE566D6D7C9BB4DC331EA0F15D0.d.049B06F3FED85C600DE0B53E32FCD105.e.10839/value - {"text":"WebdriverPartneri8uzg"}
RESULT: {"text":"WebdriverPartneri8uzg"}
COMMAND: GET /session/801e128c03398a69ab1c232e24d6d46c/screenshot - {}
RESULT: {}
COMMAND: POST /session/801e128c03398a69ab1c232e24d6d46c/actions - {"actions":[{"id":"action80","type":"key","parameters":{},"actions":[{"type":"keyDown","value":""},{"type":"pause","duration":10},{"type":"keyUp","value":""}]}]}
RESULT: {"actions":[{"id":"action80","type":"key","parameters":{},"actions":[{"type":"keyDown","value":""},{"type":"pause","duration":10},{"type":"keyUp","value":""}]}]}
COMMAND: GET /session/801e128c03398a69ab1c232e24d6d46c/screenshot - {}
RESULT: {}
COMMAND: POST /session/801e128c03398a69ab1c232e24d6d46c/element - {"using":"xpath","value":"//input[contains(@id ,\"application-managequotations-display-component---AddNewContract--site-inner\")]"}
RESULT: {"using":"xpath","value":"//input[contains(@id ,\"application-managequotations-display-component---AddNewContract--site-inner\")]"}
COMMAND: POST /session/801e128c03398a69ab1c232e24d6d46c/element/f.1FA3EEE566D6D7C9BB4DC331EA0F15D0.d.049B06F3FED85C600DE0B53E32FCD105.e.10840/value - {"text":"WebdriverSitejahvgl"}
RESULT: {"text":"WebdriverSitejahvgl"}
COMMAND: GET /session/801e128c03398a69ab1c232e24d6d46c/screenshot - {}
RESULT: {}
COMMAND: POST /session/801e128c03398a69ab1c232e24d6d46c/actions - {"actions":[{"id":"action81","type":"key","parameters":{},"actions":[{"type":"keyDown","value":""},{"type":"pause","duration":10},{"type":"keyUp","value":""}]}]}
RESULT: {"actions":[{"id":"action81","type":"key","parameters":{},"actions":[{"type":"keyDown","value":""},{"type":"pause","duration":10},{"type":"keyUp","value":""}]}]}
COMMAND: GET /session/801e128c03398a69ab1c232e24d6d46c/screenshot - {}
RESULT: {}
COMMAND: POST /session/801e128c03398a69ab1c232e24d6d46c/element - {"using":"xpath","value":"//bdi[contains(text(), \"Save\")]"}
RESULT: {"using":"xpath","value":"//bdi[contains(text(), \"Save\")]"}
COMMAND: POST /session/801e128c03398a69ab1c232e24d6d46c/element/f.1FA3EEE566D6D7C9BB4DC331EA0F15D0.d.049B06F3FED85C600DE0B53E32FCD105.e.10924/click - {}
RESULT: {}
COMMAND: GET /session/801e128c03398a69ab1c232e24d6d46c/screenshot - {}
RESULT: {}
COMMAND: POST /session/801e128c03398a69ab1c232e24d6d46c/element - {"using":"css selector","value":"#shell-header-logo"}
RESULT: {"using":"css selector","value":"#shell-header-logo"}
COMMAND: POST /session/801e128c03398a69ab1c232e24d6d46c/element/f.1FA3EEE566D6D7C9BB4DC331EA0F15D0.d.049B06F3FED85C600DE0B53E32FCD105.e.10541/click - {}
RESULT: {}
COMMAND: GET /session/801e128c03398a69ab1c232e24d6d46c/screenshot - {}
RESULT: {}
COMMAND: POST /session/801e128c03398a69ab1c232e24d6d46c/refresh - {}
RESULT: {}
COMMAND: GET /session/801e128c03398a69ab1c232e24d6d46c/screenshot - {}
RESULT: {}
COMMAND: POST /session/801e128c03398a69ab1c232e24d6d46c/execute/async - {"script":"<script> [189 bytes]","args":[]}
RESULT: {"script":"<script> [189 bytes]","args":[]}
COMMAND: POST /session/801e128c03398a69ab1c232e24d6d46c/execute/async - {"script":"<script> [123 bytes]","args":[]}
RESULT: {"script":"<script> [123 bytes]","args":[]}
COMMAND: POST /session/801e128c03398a69ab1c232e24d6d46c/timeouts - {"script":"<number>"}
RESULT: {"script":"<number>"}
COMMAND: GET /session/801e128c03398a69ab1c232e24d6d46c/timeouts - {}
RESULT: {}
RESULT: undefined
COMMAND: POST /session/801e128c03398a69ab1c232e24d6d46c/execute/async - {"script":"<script> [2676 bytes]","args":[]}
RESULT: {"script":"<script> [2676 bytes]","args":[]}
COMMAND: POST /session/801e128c03398a69ab1c232e24d6d46c/execute/async - {"script":"<script> [2342 bytes]","args":[{"protocol":"http","hostname":"0.0.0.0","path":"/","capabilities":{"browserName":"chrome","goog:chromeOptions":{"binary":"C:\\Program Files\\Google\\Chrome\\Application\\chrome.exe","args":["--start-maximized"]}},"logLevel":"warn","connectionRetryTimeout":120000,"connectionRetryCount":3,"logLevels":{},"enableDirectConnect":true,"strictSSL":true,"_":"65 more keys: [\"cacheDir\",\"port\",\"requestedCapabilities\",\"automationProtocol\",\"baseUrl\",\"waitforInterval\",\"waitforTimeout\",\"onReload\",\"beforeCommand\",\"afterCommand\",\"rootDir\",\"specs\",\"suites\",\"exclude\",\"groupLogsByTestSpec\",\"excludeDriverLogs\",\"bail\",\"framework\",\"reporters\",\"services\",\"maxInstances\",\"maxInstancesPerCapability\",\"injectGlobals\",\"filesToWatch\",\"execArgv\",\"runnerEnv\",\"runner\",\"shard\",\"specFileRetries\",\"specFileRetriesDelay\",\"specFileRetriesDeferred\",\"reporterSyncInterval\",\"reporterSyncTimeout\",\"cucumberFeaturesWithLineNumbers\",\"autoCompileOpts\",\"mochaOpts\",\"jasmineOpts\",\"cucumberOpts\",\"onPrepare\",\"onWorkerStart\",\"onWorkerEnd\",\"before\",\"beforeSession\",\"beforeSuite\",\"beforeHook\",\"beforeTest\",\"afterTest\",\"afterHook\",\"afterSuite\",\"afterSession\",\"after\",\"onComplete\",\"beforeAssertion\",\"afterAssertion\",\"beforeFeature\",\"beforeScenario\",\"beforeStep\",\"afterStep\",\"afterScenario\",\"afterFeature\",\"_\",\"suite\",\"$0\",\"ignoredWorkerServices\",\"wdi5\"]"}]}
RESULT: {"script":"<script> [2342 bytes]","args":[{"protocol":"http","hostname":"0.0.0.0","path":"/","capabilities":{"browserName":"chrome","goog:chromeOptions":{"binary":"C:\\Program Files\\Google\\Chrome\\Application\\chrome.exe","args":["--start-maximized"]}},"logLevel":"warn","connectionRetryTimeout":120000,"connectionRetryCount":3,"logLevels":{},"enableDirectConnect":true,"strictSSL":true,"_":"65 more keys: [\"cacheDir\",\"port\",\"requestedCapabilities\",\"automationProtocol\",\"baseUrl\",\"waitforInterval\",\"waitforTimeout\",\"onReload\",\"beforeCommand\",\"afterCommand\",\"rootDir\",\"specs\",\"suites\",\"exclude\",\"groupLogsByTestSpec\",\"excludeDriverLogs\",\"bail\",\"framework\",\"reporters\",\"services\",\"maxInstances\",\"maxInstancesPerCapability\",\"injectGlobals\",\"filesToWatch\",\"execArgv\",\"runnerEnv\",\"runner\",\"shard\",\"specFileRetries\",\"specFileRetriesDelay\",\"specFileRetriesDeferred\",\"reporterSyncInterval\",\"reporterSyncTimeout\",\"cucumberFeaturesWithLineNumbers\",\"autoCompileOpts\",\"mochaOpts\",\"jasmineOpts\",\"cucumberOpts\",\"onPrepare\",\"onWorkerStart\",\"onWorkerEnd\",\"before\",\"beforeSession\",\"beforeSuite\",\"beforeHook\",\"beforeTest\",\"afterTest\",\"afterHook\",\"afterSuite\",\"afterSession\",\"after\",\"onComplete\",\"beforeAssertion\",\"afterAssertion\",\"beforeFeature\",\"beforeScenario\",\"beforeStep\",\"afterStep\",\"afterScenario\",\"afterFeature\",\"_\",\"suite\",\"$0\",\"ignoredWorkerServices\",\"wdi5\"]"}]}
COMMAND: POST /session/801e128c03398a69ab1c232e24d6d46c/execute/async - {"script":"<script> [21126 bytes]","args":[35000]}
RESULT: {"script":"<script> [21126 bytes]","args":[35000]}
]]></system-out>
    </testcase>
    <testcase classname="chrome.136_0_7103_93.windows.Process_request_items_into_an_existing_quotation_US120163" name="Should create a new request with catalog items and plan it" time="230.435">
      <system-out><![CDATA[
COMMAND: POST /session/801e128c03398a69ab1c232e24d6d46c/execute/async - {"script":"<script> [1562 bytes]","args":[{"selector":{"controlType":"sap.m.GenericTile","properties":{"header":"Manage Requests"}},"wdio_ui5_key":"sapm.GenericTile{\"header\":\"Manage Requests\"}"}]}
RESULT: {"script":"<script> [1562 bytes]","args":[{"selector":{"controlType":"sap.m.GenericTile","properties":{"header":"Manage Requests"}},"wdio_ui5_key":"sapm.GenericTile{\"header\":\"Manage Requests\"}"}]}
RESULT: undefined
COMMAND: POST /session/801e128c03398a69ab1c232e24d6d46c/element - {"using":"xpath","value":"//*[@id=\"__tile47\"]"}
RESULT: {"using":"xpath","value":"//*[@id=\"__tile47\"]"}
COMMAND: POST /session/801e128c03398a69ab1c232e24d6d46c/element/f.1FA3EEE566D6D7C9BB4DC331EA0F15D0.d.F6770A97003779426D4FD39FE3990876.e.11011/click - {}
RESULT: {}
COMMAND: GET /session/801e128c03398a69ab1c232e24d6d46c/screenshot - {}
RESULT: {}
COMMAND: POST /session/801e128c03398a69ab1c232e24d6d46c/elements - {"using":"xpath","value":"//span[text()='Error']"}
RESULT: {"using":"xpath","value":"//span[text()='Error']"}
COMMAND: POST /session/801e128c03398a69ab1c232e24d6d46c/element - {"using":"xpath","value":"(//span[contains(@class ,\"sapMObjStatusText\")])[1]"}
RESULT: {"using":"xpath","value":"(//span[contains(@class ,\"sapMObjStatusText\")])[1]"}
COMMAND: POST /session/801e128c03398a69ab1c232e24d6d46c/execute/sync - {"script":"<script> [8489 bytes]","args":[{"element-6066-11e4-a52e-4f735466cecf":"f.1FA3EEE566D6D7C9BB4DC331EA0F15D0.d.F6770A97003779426D4FD39FE3990876.e.11107","ELEMENT":"f.1FA3EEE566D6D7C9BB4DC331EA0F15D0.d.F6770A97003779426D4FD39FE3990876.e.11107"}]}
RESULT: {"script":"<script> [8489 bytes]","args":[{"element-6066-11e4-a52e-4f735466cecf":"f.1FA3EEE566D6D7C9BB4DC331EA0F15D0.d.F6770A97003779426D4FD39FE3990876.e.11107","ELEMENT":"f.1FA3EEE566D6D7C9BB4DC331EA0F15D0.d.F6770A97003779426D4FD39FE3990876.e.11107"}]}
COMMAND: POST /session/801e128c03398a69ab1c232e24d6d46c/element - {"using":"xpath","value":"//button[contains(@data-kt ,\"btnCreateNewOverflowToolbarButton\")]"}
COMMAND: GET /session/801e128c03398a69ab1c232e24d6d46c/screenshot - {}
RESULT: {"using":"xpath","value":"//button[contains(@data-kt ,\"btnCreateNewOverflowToolbarButton\")]"}
COMMAND: POST /session/801e128c03398a69ab1c232e24d6d46c/element/f.1FA3EEE566D6D7C9BB4DC331EA0F15D0.d.F6770A97003779426D4FD39FE3990876.e.11069/click - {}
RESULT: {}
RESULT: {}
COMMAND: GET /session/801e128c03398a69ab1c232e24d6d46c/screenshot - {}
RESULT: {}
COMMAND: POST /session/801e128c03398a69ab1c232e24d6d46c/element - {"using":"xpath","value":"//input[contains(@id ,\"yardId-inner\")]"}
RESULT: {"using":"xpath","value":"//input[contains(@id ,\"yardId-inner\")]"}
COMMAND: POST /session/801e128c03398a69ab1c232e24d6d46c/execute/sync - {"script":"<script> [8489 bytes]","args":[{"element-6066-11e4-a52e-4f735466cecf":"f.1FA3EEE566D6D7C9BB4DC331EA0F15D0.d.F6770A97003779426D4FD39FE3990876.e.11188","ELEMENT":"f.1FA3EEE566D6D7C9BB4DC331EA0F15D0.d.F6770A97003779426D4FD39FE3990876.e.11188"}]}
RESULT: {"script":"<script> [8489 bytes]","args":[{"element-6066-11e4-a52e-4f735466cecf":"f.1FA3EEE566D6D7C9BB4DC331EA0F15D0.d.F6770A97003779426D4FD39FE3990876.e.11188","ELEMENT":"f.1FA3EEE566D6D7C9BB4DC331EA0F15D0.d.F6770A97003779426D4FD39FE3990876.e.11188"}]}
COMMAND: POST /session/801e128c03398a69ab1c232e24d6d46c/element - {"using":"xpath","value":"//input[contains(@id ,\"yardId-inner\")]"}
COMMAND: GET /session/801e128c03398a69ab1c232e24d6d46c/screenshot - {}
RESULT: {}
RESULT: {"using":"xpath","value":"//input[contains(@id ,\"yardId-inner\")]"}
COMMAND: GET /session/801e128c03398a69ab1c232e24d6d46c/element/f.1FA3EEE566D6D7C9BB4DC331EA0F15D0.d.F6770A97003779426D4FD39FE3990876.e.11188/enabled - {}
RESULT: {}
COMMAND: POST /session/801e128c03398a69ab1c232e24d6d46c/element/f.1FA3EEE566D6D7C9BB4DC331EA0F15D0.d.F6770A97003779426D4FD39FE3990876.e.11188/clear - {}
COMMAND: GET /session/801e128c03398a69ab1c232e24d6d46c/screenshot - {}
RESULT: {}
COMMAND: POST /session/801e128c03398a69ab1c232e24d6d46c/element/f.1FA3EEE566D6D7C9BB4DC331EA0F15D0.d.F6770A97003779426D4FD39FE3990876.e.11188/value - {"text":"WebdriverYard78c52"}
COMMAND: GET /session/801e128c03398a69ab1c232e24d6d46c/screenshot - {}
RESULT: {}
RESULT: {"text":"WebdriverYard78c52"}
COMMAND: GET /session/801e128c03398a69ab1c232e24d6d46c/screenshot - {}
RESULT: {}
RESULT: {}
COMMAND: POST /session/801e128c03398a69ab1c232e24d6d46c/actions - {"actions":[{"id":"action82","type":"key","parameters":{},"actions":[{"type":"keyDown","value":""},{"type":"pause","duration":10},{"type":"keyUp","value":""}]}]}
RESULT: {"actions":[{"id":"action82","type":"key","parameters":{},"actions":[{"type":"keyDown","value":""},{"type":"pause","duration":10},{"type":"keyUp","value":""}]}]}
COMMAND: GET /session/801e128c03398a69ab1c232e24d6d46c/screenshot - {}
RESULT: {}
COMMAND: POST /session/801e128c03398a69ab1c232e24d6d46c/element - {"using":"xpath","value":"//input[contains(@id ,\"customerNumber-inner\")]"}
RESULT: {"using":"xpath","value":"//input[contains(@id ,\"customerNumber-inner\")]"}
COMMAND: POST /session/801e128c03398a69ab1c232e24d6d46c/element/f.1FA3EEE566D6D7C9BB4DC331EA0F15D0.d.F6770A97003779426D4FD39FE3990876.e.11182/value - {"text":"WebdriverPartneri8uzg"}
RESULT: {"text":"WebdriverPartneri8uzg"}
COMMAND: GET /session/801e128c03398a69ab1c232e24d6d46c/screenshot - {}
RESULT: {}
COMMAND: POST /session/801e128c03398a69ab1c232e24d6d46c/actions - {"actions":[{"id":"action83","type":"key","parameters":{},"actions":[{"type":"keyDown","value":""},{"type":"pause","duration":10},{"type":"keyUp","value":""}]}]}
RESULT: {"actions":[{"id":"action83","type":"key","parameters":{},"actions":[{"type":"keyDown","value":""},{"type":"pause","duration":10},{"type":"keyUp","value":""}]}]}
COMMAND: GET /session/801e128c03398a69ab1c232e24d6d46c/screenshot - {}
RESULT: {}
COMMAND: GET /session/801e128c03398a69ab1c232e24d6d46c/element/f.1FA3EEE566D6D7C9BB4DC331EA0F15D0.d.F6770A97003779426D4FD39FE3990876.e.11182/property/value - {}
RESULT: {}
COMMAND: POST /session/801e128c03398a69ab1c232e24d6d46c/element/f.1FA3EEE566D6D7C9BB4DC331EA0F15D0.d.F6770A97003779426D4FD39FE3990876.e.11182/value - {"text":"WebdriverPartneri8uzg"}
COMMAND: GET /session/801e128c03398a69ab1c232e24d6d46c/screenshot - {}
RESULT: {"text":"WebdriverPartneri8uzg"}
COMMAND: GET /session/801e128c03398a69ab1c232e24d6d46c/screenshot - {}
RESULT: {}
RESULT: {}
COMMAND: POST /session/801e128c03398a69ab1c232e24d6d46c/actions - {"actions":[{"id":"action84","type":"key","parameters":{},"actions":[{"type":"keyDown","value":""},{"type":"pause","duration":10},{"type":"keyUp","value":""}]}]}
RESULT: {"actions":[{"id":"action84","type":"key","parameters":{},"actions":[{"type":"keyDown","value":""},{"type":"pause","duration":10},{"type":"keyUp","value":""}]}]}
COMMAND: GET /session/801e128c03398a69ab1c232e24d6d46c/screenshot - {}
RESULT: {}
COMMAND: POST /session/801e128c03398a69ab1c232e24d6d46c/element - {"using":"xpath","value":"//input[contains(@id ,\"requestSiteId-inner\")]"}
RESULT: {"using":"xpath","value":"//input[contains(@id ,\"requestSiteId-inner\")]"}
COMMAND: POST /session/801e128c03398a69ab1c232e24d6d46c/element/f.1FA3EEE566D6D7C9BB4DC331EA0F15D0.d.F6770A97003779426D4FD39FE3990876.e.11181/value - {"text":"WebdriverSitejahvgl"}
RESULT: {"text":"WebdriverSitejahvgl"}
COMMAND: GET /session/801e128c03398a69ab1c232e24d6d46c/screenshot - {}
RESULT: {}
COMMAND: POST /session/801e128c03398a69ab1c232e24d6d46c/actions - {"actions":[{"id":"action85","type":"key","parameters":{},"actions":[{"type":"keyDown","value":""},{"type":"pause","duration":10},{"type":"keyUp","value":""}]}]}
RESULT: {"actions":[{"id":"action85","type":"key","parameters":{},"actions":[{"type":"keyDown","value":""},{"type":"pause","duration":10},{"type":"keyUp","value":""}]}]}
COMMAND: GET /session/801e128c03398a69ab1c232e24d6d46c/screenshot - {}
RESULT: {}
COMMAND: POST /session/801e128c03398a69ab1c232e24d6d46c/element - {"using":"xpath","value":"//button[contains(@data-kt ,\"requestItemAddOverflowToolbarButton\")]"}
RESULT: {"using":"xpath","value":"//button[contains(@data-kt ,\"requestItemAddOverflowToolbarButton\")]"}
COMMAND: POST /session/801e128c03398a69ab1c232e24d6d46c/element/f.1FA3EEE566D6D7C9BB4DC331EA0F15D0.d.F6770A97003779426D4FD39FE3990876.e.11365/click - {}
RESULT: {}
COMMAND: GET /session/801e128c03398a69ab1c232e24d6d46c/screenshot - {}
RESULT: {}
COMMAND: POST /session/801e128c03398a69ab1c232e24d6d46c/actions - {"actions":[{"id":"action86","type":"key","parameters":{},"actions":[{"type":"keyDown","value":""},{"type":"pause","duration":10},{"type":"keyUp","value":""}]}]}
RESULT: {"actions":[{"id":"action86","type":"key","parameters":{},"actions":[{"type":"keyDown","value":""},{"type":"pause","duration":10},{"type":"keyUp","value":""}]}]}
COMMAND: POST /session/801e128c03398a69ab1c232e24d6d46c/actions - {"actions":[{"id":"action87","type":"key","parameters":{},"actions":[{"type":"keyDown","value":""},{"type":"pause","duration":10},{"type":"keyUp","value":""}]}]}
COMMAND: GET /session/801e128c03398a69ab1c232e24d6d46c/screenshot - {}
RESULT: {"actions":[{"id":"action87","type":"key","parameters":{},"actions":[{"type":"keyDown","value":""},{"type":"pause","duration":10},{"type":"keyUp","value":""}]}]}
COMMAND: GET /session/801e128c03398a69ab1c232e24d6d46c/screenshot - {}
RESULT: {}
RESULT: {}
COMMAND: POST /session/801e128c03398a69ab1c232e24d6d46c/element - {"using":"xpath","value":"(//input[contains(@id ,\"requestItemsTable-0-inner\")])[1]"}
RESULT: {"using":"xpath","value":"(//input[contains(@id ,\"requestItemsTable-0-inner\")])[1]"}
COMMAND: POST /session/801e128c03398a69ab1c232e24d6d46c/element/f.1FA3EEE566D6D7C9BB4DC331EA0F15D0.d.F6770A97003779426D4FD39FE3990876.e.11369/clear - {}
RESULT: {}
COMMAND: POST /session/801e128c03398a69ab1c232e24d6d46c/element/f.1FA3EEE566D6D7C9BB4DC331EA0F15D0.d.F6770A97003779426D4FD39FE3990876.e.11369/value - {"text":"catalogItems1l5"}
COMMAND: GET /session/801e128c03398a69ab1c232e24d6d46c/screenshot - {}
RESULT: {"text":"catalogItems1l5"}
COMMAND: GET /session/801e128c03398a69ab1c232e24d6d46c/screenshot - {}
RESULT: {}
RESULT: {}
COMMAND: POST /session/801e128c03398a69ab1c232e24d6d46c/actions - {"actions":[{"id":"action88","type":"key","parameters":{},"actions":[{"type":"keyDown","value":""},{"type":"pause","duration":10},{"type":"keyUp","value":""}]}]}
RESULT: {"actions":[{"id":"action88","type":"key","parameters":{},"actions":[{"type":"keyDown","value":""},{"type":"pause","duration":10},{"type":"keyUp","value":""}]}]}
COMMAND: GET /session/801e128c03398a69ab1c232e24d6d46c/screenshot - {}
RESULT: {}
COMMAND: POST /session/801e128c03398a69ab1c232e24d6d46c/execute/async - {"script":"<script> [1562 bytes]","args":[{"selector":{"controlType":"sap.ui.core.Icon","viewName":"etm.portal.ui.managerequests.view.NewRequest","properties":{"src":{"regex":{"source":"slim\\-arrow\\-down"}}},"ancestor":{"controlType":"sap.m.Button","viewName":"etm.portal.ui.managerequests.view.NewRequest","properties":{"icon":"sap-icon://slim-arrow-down"}}},"wdio_ui5_key":"etmportal.ui.managerequests.view.NewRequestsap.ui.core.Icon{\"src\":{\"regex\":{\"source\":\"slim\\\\-arrow\\\\-down\"}}}{\"controlType\":\"sap.m.Button\",\"viewName\":\"etm.portal.ui.managerequests.view.NewRequest\",\"properties\":{\"icon\":\"sap-icon://slim-arrow-down\"}}"}]}
RESULT: {"script":"<script> [1562 bytes]","args":[{"selector":{"controlType":"sap.ui.core.Icon","viewName":"etm.portal.ui.managerequests.view.NewRequest","properties":{"src":{"regex":{"source":"slim\\-arrow\\-down"}}},"ancestor":{"controlType":"sap.m.Button","viewName":"etm.portal.ui.managerequests.view.NewRequest","properties":{"icon":"sap-icon://slim-arrow-down"}}},"wdio_ui5_key":"etmportal.ui.managerequests.view.NewRequestsap.ui.core.Icon{\"src\":{\"regex\":{\"source\":\"slim\\\\-arrow\\\\-down\"}}}{\"controlType\":\"sap.m.Button\",\"viewName\":\"etm.portal.ui.managerequests.view.NewRequest\",\"properties\":{\"icon\":\"sap-icon://slim-arrow-down\"}}"}]}
RESULT: undefined
COMMAND: POST /session/801e128c03398a69ab1c232e24d6d46c/element - {"using":"xpath","value":"//div[contains(@data-kt ,\"splitAllocationObjectStatus\")]"}
RESULT: {"using":"xpath","value":"//div[contains(@data-kt ,\"splitAllocationObjectStatus\")]"}
COMMAND: POST /session/801e128c03398a69ab1c232e24d6d46c/elements - {"using":"xpath","value":"//div[contains(@data-kt ,\"splitAllocationObjectStatus\")]"}
RESULT: {"using":"xpath","value":"//div[contains(@data-kt ,\"splitAllocationObjectStatus\")]"}
COMMAND: POST /session/801e128c03398a69ab1c232e24d6d46c/execute/async - {"script":"<script> [1562 bytes]","args":[{"selector":{"controlType":"sap.ui.core.Icon","viewName":"etm.portal.ui.managerequests.view.NewRequest","properties":{"src":{"regex":{"source":"message\\-error"}}}},"wdio_ui5_key":"etmportal.ui.managerequests.view.NewRequestsap.ui.core.Icon{\"src\":{\"regex\":{\"source\":\"message\\\\-error\"}}}"}]}
RESULT: {"script":"<script> [1562 bytes]","args":[{"selector":{"controlType":"sap.ui.core.Icon","viewName":"etm.portal.ui.managerequests.view.NewRequest","properties":{"src":{"regex":{"source":"message\\-error"}}}},"wdio_ui5_key":"etmportal.ui.managerequests.view.NewRequestsap.ui.core.Icon{\"src\":{\"regex\":{\"source\":\"message\\\\-error\"}}}"}]}
RESULT: undefined
COMMAND: POST /session/801e128c03398a69ab1c232e24d6d46c/element - {"using":"xpath","value":"//*[@id=\"__status4-__xmlview59--requestItemsTable-0-icon\"]"}
RESULT: {"using":"xpath","value":"//*[@id=\"__status4-__xmlview59--requestItemsTable-0-icon\"]"}
COMMAND: POST /session/801e128c03398a69ab1c232e24d6d46c/element/f.1FA3EEE566D6D7C9BB4DC331EA0F15D0.d.F6770A97003779426D4FD39FE3990876.e.11384/click - {}
RESULT: {}
COMMAND: POST /session/801e128c03398a69ab1c232e24d6d46c/execute/async - {"script":"<script> [1562 bytes]","args":[{"selector":{"controlType":"sap.ui.core.Icon","viewName":"etm.portal.ui.managerequests.view.NewRequest","properties":{"src":{"regex":{"source":"slim\\-arrow\\-down"}}},"searchOpenDialogs":true,"ancestor":{"id":"costObjectAdminTypeComboBox","viewName":"etm.portal.ui.managerequests.view.NewRequest","searchOpenDialogs":true}},"wdio_ui5_key":"etmportal.ui.managerequests.view.NewRequestsap.ui.core.Icon{\"src\":{\"regex\":{\"source\":\"slim\\\\-arrow\\\\-down\"}}}{\"id\":\"costObjectAdminTypeComboBox\",\"viewName\":\"etm.portal.ui.managerequests.view.NewRequest\",\"searchOpenDialogs\":true}"}]}
COMMAND: GET /session/801e128c03398a69ab1c232e24d6d46c/screenshot - {}
RESULT: {"script":"<script> [1562 bytes]","args":[{"selector":{"controlType":"sap.ui.core.Icon","viewName":"etm.portal.ui.managerequests.view.NewRequest","properties":{"src":{"regex":{"source":"slim\\-arrow\\-down"}}},"searchOpenDialogs":true,"ancestor":{"id":"costObjectAdminTypeComboBox","viewName":"etm.portal.ui.managerequests.view.NewRequest","searchOpenDialogs":true}},"wdio_ui5_key":"etmportal.ui.managerequests.view.NewRequestsap.ui.core.Icon{\"src\":{\"regex\":{\"source\":\"slim\\\\-arrow\\\\-down\"}}}{\"id\":\"costObjectAdminTypeComboBox\",\"viewName\":\"etm.portal.ui.managerequests.view.NewRequest\",\"searchOpenDialogs\":true}"}]}
RESULT: undefined
COMMAND: POST /session/801e128c03398a69ab1c232e24d6d46c/element - {"using":"xpath","value":"//*[@id=\"__xmlview59--costObjectAdminTypeComboBox-arrow\"]"}
RESULT: {}
RESULT: {"using":"xpath","value":"//*[@id=\"__xmlview59--costObjectAdminTypeComboBox-arrow\"]"}
COMMAND: POST /session/801e128c03398a69ab1c232e24d6d46c/element/f.1FA3EEE566D6D7C9BB4DC331EA0F15D0.d.F6770A97003779426D4FD39FE3990876.e.11388/click - {}
RESULT: {}
COMMAND: POST /session/801e128c03398a69ab1c232e24d6d46c/execute/async - {"script":"<script> [1562 bytes]","args":[{"selector":{"controlType":"sap.m.StandardListItem","viewName":"etm.portal.ui.managerequests.view.NewRequest","properties":{"title":"Cost Center"},"searchOpenDialogs":true,"interaction":{"idSuffix":"titleText"}},"wdio_ui5_key":"etmportal.ui.managerequests.view.NewRequestsap.m.StandardListItem{\"title\":\"Cost Center\"}"}]}
COMMAND: GET /session/801e128c03398a69ab1c232e24d6d46c/screenshot - {}
RESULT: {"script":"<script> [1562 bytes]","args":[{"selector":{"controlType":"sap.m.StandardListItem","viewName":"etm.portal.ui.managerequests.view.NewRequest","properties":{"title":"Cost Center"},"searchOpenDialogs":true,"interaction":{"idSuffix":"titleText"}},"wdio_ui5_key":"etmportal.ui.managerequests.view.NewRequestsap.m.StandardListItem{\"title\":\"Cost Center\"}"}]}
RESULT: undefined
COMMAND: POST /session/801e128c03398a69ab1c232e24d6d46c/element - {"using":"xpath","value":"//*[@id=\"__item715\"]"}
RESULT: {}
RESULT: {"using":"xpath","value":"//*[@id=\"__item715\"]"}
COMMAND: POST /session/801e128c03398a69ab1c232e24d6d46c/element/f.1FA3EEE566D6D7C9BB4DC331EA0F15D0.d.F6770A97003779426D4FD39FE3990876.e.11391/click - {}
RESULT: {}
COMMAND: GET /session/801e128c03398a69ab1c232e24d6d46c/screenshot - {}
RESULT: {}
COMMAND: POST /session/801e128c03398a69ab1c232e24d6d46c/execute/async - {"script":"<script> [1562 bytes]","args":[{"selector":{"controlType":"sap.ui.core.Icon","viewName":"etm.portal.ui.managerequests.view.NewRequest","properties":{"src":{"regex":{"source":"value\\-help"}}},"searchOpenDialogs":true},"wdio_ui5_key":"etmportal.ui.managerequests.view.NewRequestsap.ui.core.Icon{\"src\":{\"regex\":{\"source\":\"value\\\\-help\"}}}"}]}
RESULT: {"script":"<script> [1562 bytes]","args":[{"selector":{"controlType":"sap.ui.core.Icon","viewName":"etm.portal.ui.managerequests.view.NewRequest","properties":{"src":{"regex":{"source":"value\\-help"}}},"searchOpenDialogs":true},"wdio_ui5_key":"etmportal.ui.managerequests.view.NewRequestsap.ui.core.Icon{\"src\":{\"regex\":{\"source\":\"value\\\\-help\"}}}"}]}
RESULT: undefined
COMMAND: POST /session/801e128c03398a69ab1c232e24d6d46c/element - {"using":"xpath","value":"//*[@id=\"__xmlview59--costObjectIdComboBox-vhi\"]"}
RESULT: {"using":"xpath","value":"//*[@id=\"__xmlview59--costObjectIdComboBox-vhi\"]"}
COMMAND: POST /session/801e128c03398a69ab1c232e24d6d46c/element/f.1FA3EEE566D6D7C9BB4DC331EA0F15D0.d.F6770A97003779426D4FD39FE3990876.e.11399/click - {}
RESULT: {}
COMMAND: POST /session/801e128c03398a69ab1c232e24d6d46c/execute/async - {"script":"<script> [1562 bytes]","args":[{"selector":{"controlType":"sap.m.SearchField","properties":{"placeholder":"Search"},"searchOpenDialogs":true,"interaction":{"idSuffix":"I"}},"wdio_ui5_key":"sapm.SearchField{\"placeholder\":\"Search\"}"}]}
COMMAND: GET /session/801e128c03398a69ab1c232e24d6d46c/screenshot - {}
RESULT: {"script":"<script> [1562 bytes]","args":[{"selector":{"controlType":"sap.m.SearchField","properties":{"placeholder":"Search"},"searchOpenDialogs":true,"interaction":{"idSuffix":"I"}},"wdio_ui5_key":"sapm.SearchField{\"placeholder\":\"Search\"}"}]}
RESULT: undefined
COMMAND: POST /session/801e128c03398a69ab1c232e24d6d46c/execute/async - {"script":"<script> [776 bytes]","args":[{"enterText":"10001010","selector":{"controlType":"sap.m.SearchField","properties":{"placeholder":"Search"},"searchOpenDialogs":true,"interaction":{"idSuffix":"I"}},"clearTextFirst":true,"interactionType":"ENTER_TEXT"}]}
RESULT: {}
RESULT: {"script":"<script> [776 bytes]","args":[{"enterText":"10001010","selector":{"controlType":"sap.m.SearchField","properties":{"placeholder":"Search"},"searchOpenDialogs":true,"interaction":{"idSuffix":"I"}},"clearTextFirst":true,"interactionType":"ENTER_TEXT"}]}
COMMAND: POST /session/801e128c03398a69ab1c232e24d6d46c/actions - {"actions":[{"id":"action89","type":"key","parameters":{},"actions":[{"type":"keyDown","value":""},{"type":"pause","duration":10},{"type":"keyUp","value":""}]}]}
RESULT: {"actions":[{"id":"action89","type":"key","parameters":{},"actions":[{"type":"keyDown","value":""},{"type":"pause","duration":10},{"type":"keyUp","value":""}]}]}
COMMAND: GET /session/801e128c03398a69ab1c232e24d6d46c/screenshot - {}
RESULT: {}
COMMAND: POST /session/801e128c03398a69ab1c232e24d6d46c/execute/async - {"script":"<script> [1562 bytes]","args":[{"selector":{"controlType":"sap.m.Text","bindingPath":{"path":"/C_CostCtrValueHelp(CostCenter='10001010',ControllingArea='Z001')","propertyPath":"CostCenterName","modelName":"CostCenterModel"},"searchOpenDialogs":true},"wdio_ui5_key":"sapm.Text{\"path\":\"/C_CostCtrValueHelp(CostCenter='10001010',ControllingArea='Z001')\",\"propertyPath\":\"CostCenterName\",\"modelName\":\"CostCenterModel\"}"}]}
RESULT: {"script":"<script> [1562 bytes]","args":[{"selector":{"controlType":"sap.m.Text","bindingPath":{"path":"/C_CostCtrValueHelp(CostCenter='10001010',ControllingArea='Z001')","propertyPath":"CostCenterName","modelName":"CostCenterModel"},"searchOpenDialogs":true},"wdio_ui5_key":"sapm.Text{\"path\":\"/C_CostCtrValueHelp(CostCenter='10001010',ControllingArea='Z001')\",\"propertyPath\":\"CostCenterName\",\"modelName\":\"CostCenterModel\"}"}]}
RESULT: undefined
COMMAND: POST /session/801e128c03398a69ab1c232e24d6d46c/element - {"using":"xpath","value":"//*[@id=\"__text291-__clone854\"]"}
RESULT: {"using":"xpath","value":"//*[@id=\"__text291-__clone854\"]"}
COMMAND: POST /session/801e128c03398a69ab1c232e24d6d46c/element/f.1FA3EEE566D6D7C9BB4DC331EA0F15D0.d.F6770A97003779426D4FD39FE3990876.e.11440/click - {}
RESULT: {}
COMMAND: POST /session/801e128c03398a69ab1c232e24d6d46c/execute/async - {"script":"<script> [1562 bytes]","args":[{"selector":{"controlType":"sap.m.Button","properties":{"text":"OK"},"searchOpenDialogs":true,"interaction":{"idSuffix":"BDI-content"}},"wdio_ui5_key":"sapm.Button{\"text\":\"OK\"}"}]}
COMMAND: GET /session/801e128c03398a69ab1c232e24d6d46c/screenshot - {}
RESULT: {"script":"<script> [1562 bytes]","args":[{"selector":{"controlType":"sap.m.Button","properties":{"text":"OK"},"searchOpenDialogs":true,"interaction":{"idSuffix":"BDI-content"}},"wdio_ui5_key":"sapm.Button{\"text\":\"OK\"}"}]}
RESULT: undefined
COMMAND: POST /session/801e128c03398a69ab1c232e24d6d46c/element - {"using":"xpath","value":"//*[@id=\"__dialog1-ok\"]"}
RESULT: {}
RESULT: {"using":"xpath","value":"//*[@id=\"__dialog1-ok\"]"}
COMMAND: POST /session/801e128c03398a69ab1c232e24d6d46c/element/f.1FA3EEE566D6D7C9BB4DC331EA0F15D0.d.F6770A97003779426D4FD39FE3990876.e.11442/click - {}
RESULT: {}
COMMAND: GET /session/801e128c03398a69ab1c232e24d6d46c/screenshot - {}
RESULT: {}
COMMAND: POST /session/801e128c03398a69ab1c232e24d6d46c/execute/async - {"script":"<script> [1562 bytes]","args":[{"selector":{"controlType":"sap.m.Button","viewName":"etm.portal.ui.managerequests.view.NewRequest","i18NText":{"propertyName":"text","key":"save"},"searchOpenDialogs":true,"interaction":{"idSuffix":"BDI-content"}},"wdio_ui5_key":"etmportal.ui.managerequests.view.NewRequestsap.m.Button{\"propertyName\":\"text\",\"key\":\"save\"}"}]}
RESULT: {"script":"<script> [1562 bytes]","args":[{"selector":{"controlType":"sap.m.Button","viewName":"etm.portal.ui.managerequests.view.NewRequest","i18NText":{"propertyName":"text","key":"save"},"searchOpenDialogs":true,"interaction":{"idSuffix":"BDI-content"}},"wdio_ui5_key":"etmportal.ui.managerequests.view.NewRequestsap.m.Button{\"propertyName\":\"text\",\"key\":\"save\"}"}]}
RESULT: undefined
COMMAND: POST /session/801e128c03398a69ab1c232e24d6d46c/element - {"using":"xpath","value":"//*[@id=\"__button24\"]"}
RESULT: {"using":"xpath","value":"//*[@id=\"__button24\"]"}
COMMAND: POST /session/801e128c03398a69ab1c232e24d6d46c/element/f.1FA3EEE566D6D7C9BB4DC331EA0F15D0.d.F6770A97003779426D4FD39FE3990876.e.11446/click - {}
RESULT: {}
COMMAND: GET /session/801e128c03398a69ab1c232e24d6d46c/screenshot - {}
RESULT: {}
COMMAND: POST /session/801e128c03398a69ab1c232e24d6d46c/element - {"using":"xpath","value":"(//bdi[contains(text() ,\"Save\")])[1]"}
RESULT: {"using":"xpath","value":"(//bdi[contains(text() ,\"Save\")])[1]"}
COMMAND: POST /session/801e128c03398a69ab1c232e24d6d46c/element/f.1FA3EEE566D6D7C9BB4DC331EA0F15D0.d.F6770A97003779426D4FD39FE3990876.e.11449/click - {}
RESULT: {}
COMMAND: GET /session/801e128c03398a69ab1c232e24d6d46c/screenshot - {}
RESULT: {}
COMMAND: POST /session/801e128c03398a69ab1c232e24d6d46c/execute/async - {"script":"<script> [1562 bytes]","args":[{"selector":{"controlType":"sap.m.Title","properties":{"text":"Success"},"searchOpenDialogs":true},"wdio_ui5_key":"sapm.Title{\"text\":\"Success\"}"}]}
RESULT: {"script":"<script> [1562 bytes]","args":[{"selector":{"controlType":"sap.m.Title","properties":{"text":"Success"},"searchOpenDialogs":true},"wdio_ui5_key":"sapm.Title{\"text\":\"Success\"}"}]}
RESULT: undefined
COMMAND: POST /session/801e128c03398a69ab1c232e24d6d46c/execute/async - {"script":"<script> [6424 bytes]","args":[{"element-6066-11e4-a52e-4f735466cecf":"f.1FA3EEE566D6D7C9BB4DC331EA0F15D0.d.F6770A97003779426D4FD39FE3990876.e.11452"},"getText",[]]}
RESULT: {"script":"<script> [6424 bytes]","args":[{"element-6066-11e4-a52e-4f735466cecf":"f.1FA3EEE566D6D7C9BB4DC331EA0F15D0.d.F6770A97003779426D4FD39FE3990876.e.11452"},"getText",[]]}
COMMAND: POST /session/801e128c03398a69ab1c232e24d6d46c/execute/async - {"script":"<script> [1562 bytes]","args":[{"selector":{"controlType":"sap.m.Button","properties":{"text":"Close"},"searchOpenDialogs":true,"interaction":{"idSuffix":"BDI-content"}},"wdio_ui5_key":"sapm.Button{\"text\":\"Close\"}"}]}
RESULT: {"script":"<script> [1562 bytes]","args":[{"selector":{"controlType":"sap.m.Button","properties":{"text":"Close"},"searchOpenDialogs":true,"interaction":{"idSuffix":"BDI-content"}},"wdio_ui5_key":"sapm.Button{\"text\":\"Close\"}"}]}
RESULT: undefined
COMMAND: POST /session/801e128c03398a69ab1c232e24d6d46c/element - {"using":"xpath","value":"//*[@id=\"__mbox-btn-0\"]"}
RESULT: {"using":"xpath","value":"//*[@id=\"__mbox-btn-0\"]"}
COMMAND: POST /session/801e128c03398a69ab1c232e24d6d46c/element/f.1FA3EEE566D6D7C9BB4DC331EA0F15D0.d.F6770A97003779426D4FD39FE3990876.e.11451/click - {}
RESULT: {}
COMMAND: GET /session/801e128c03398a69ab1c232e24d6d46c/screenshot - {}
RESULT: {}
COMMAND: POST /session/801e128c03398a69ab1c232e24d6d46c/execute/async - {"script":"<script> [1562 bytes]","args":[{"selector":{"controlType":"sap.m.Text","viewName":"etm.portal.ui.managerequests.view.Detail","bindingPath":{"propertyPath":"NO","modelName":"catalogModel"}},"wdio_ui5_key":"etmportal.ui.managerequests.view.Detailsap.m.Text{\"propertyPath\":\"NO\",\"modelName\":\"catalogModel\"}"}]}
RESULT: {"script":"<script> [1562 bytes]","args":[{"selector":{"controlType":"sap.m.Text","viewName":"etm.portal.ui.managerequests.view.Detail","bindingPath":{"propertyPath":"NO","modelName":"catalogModel"}},"wdio_ui5_key":"etmportal.ui.managerequests.view.Detailsap.m.Text{\"propertyPath\":\"NO\",\"modelName\":\"catalogModel\"}"}]}
RESULT: undefined
COMMAND: POST /session/801e128c03398a69ab1c232e24d6d46c/execute/async - {"script":"<script> [6424 bytes]","args":[{"element-6066-11e4-a52e-4f735466cecf":"f.1FA3EEE566D6D7C9BB4DC331EA0F15D0.d.F6770A97003779426D4FD39FE3990876.e.11578"},"getText",[]]}
RESULT: {"script":"<script> [6424 bytes]","args":[{"element-6066-11e4-a52e-4f735466cecf":"f.1FA3EEE566D6D7C9BB4DC331EA0F15D0.d.F6770A97003779426D4FD39FE3990876.e.11578"},"getText",[]]}
COMMAND: POST /session/801e128c03398a69ab1c232e24d6d46c/execute/async - {"script":"<script> [1562 bytes]","args":[{"selector":{"controlType":"sap.ui.core.Icon","viewName":"etm.portal.ui.managerequests.view.Detail","properties":{"src":{"regex":{"source":"date\\-time"}}},"ancestor":{"controlType":"sap.m.ColumnListItem","viewName":"etm.portal.ui.managerequests.view.Detail","bindingPath":{"path":"/SmartRequestItemsPlanningBoard(ITEM=10m,REQUEST='20191')"},"ancestor":{"id":"requestItemsTable","viewName":"etm.portal.ui.managerequests.view.Detail"}}},"wdio_ui5_key":"etmportal.ui.managerequests.view.Detailsap.ui.core.Icon{\"src\":{\"regex\":{\"source\":\"date\\\\-time\"}}}{\"controlType\":\"sap.m.ColumnListItem\",\"viewName\":\"etm.portal.ui.managerequests.view.Detail\",\"bindingPath\":{\"path\":\"/SmartRequestItemsPlanningBoard(ITEM=10m,REQUEST='20191')\"},\"ancestor\":{\"id\":\"requestItemsTable\",\"viewName\":\"etm.portal.ui.managerequests.view.Detail\"}}"}]}
RESULT: {"script":"<script> [1562 bytes]","args":[{"selector":{"controlType":"sap.ui.core.Icon","viewName":"etm.portal.ui.managerequests.view.Detail","properties":{"src":{"regex":{"source":"date\\-time"}}},"ancestor":{"controlType":"sap.m.ColumnListItem","viewName":"etm.portal.ui.managerequests.view.Detail","bindingPath":{"path":"/SmartRequestItemsPlanningBoard(ITEM=10m,REQUEST='20191')"},"ancestor":{"id":"requestItemsTable","viewName":"etm.portal.ui.managerequests.view.Detail"}}},"wdio_ui5_key":"etmportal.ui.managerequests.view.Detailsap.ui.core.Icon{\"src\":{\"regex\":{\"source\":\"date\\\\-time\"}}}{\"controlType\":\"sap.m.ColumnListItem\",\"viewName\":\"etm.portal.ui.managerequests.view.Detail\",\"bindingPath\":{\"path\":\"/SmartRequestItemsPlanningBoard(ITEM=10m,REQUEST='20191')\"},\"ancestor\":{\"id\":\"requestItemsTable\",\"viewName\":\"etm.portal.ui.managerequests.view.Detail\"}}"}]}
RESULT: undefined
COMMAND: POST /session/801e128c03398a69ab1c232e24d6d46c/element - {"using":"xpath","value":"//*[@id=\"__button39-__clone893-img\"]"}
RESULT: {"using":"xpath","value":"//*[@id=\"__button39-__clone893-img\"]"}
COMMAND: POST /session/801e128c03398a69ab1c232e24d6d46c/element/f.1FA3EEE566D6D7C9BB4DC331EA0F15D0.d.F6770A97003779426D4FD39FE3990876.e.11579/click - {}
RESULT: {}
COMMAND: POST /session/801e128c03398a69ab1c232e24d6d46c/execute/async - {"script":"<script> [1562 bytes]","args":[{"selector":{"controlType":"sap.m.Button","viewName":"etm.portal.ui.managerequests.view.Detail","properties":{"text":"Close"},"searchOpenDialogs":true,"interaction":{"idSuffix":"BDI-content"}},"wdio_ui5_key":"etmportal.ui.managerequests.view.Detailsap.m.Button{\"text\":\"Close\"}"}]}
COMMAND: GET /session/801e128c03398a69ab1c232e24d6d46c/screenshot - {}
RESULT: {"script":"<script> [1562 bytes]","args":[{"selector":{"controlType":"sap.m.Button","viewName":"etm.portal.ui.managerequests.view.Detail","properties":{"text":"Close"},"searchOpenDialogs":true,"interaction":{"idSuffix":"BDI-content"}},"wdio_ui5_key":"etmportal.ui.managerequests.view.Detailsap.m.Button{\"text\":\"Close\"}"}]}
RESULT: undefined
COMMAND: POST /session/801e128c03398a69ab1c232e24d6d46c/element - {"using":"xpath","value":"//*[@id=\"__button49\"]"}
RESULT: {}
RESULT: {"using":"xpath","value":"//*[@id=\"__button49\"]"}
COMMAND: POST /session/801e128c03398a69ab1c232e24d6d46c/element/f.1FA3EEE566D6D7C9BB4DC331EA0F15D0.d.F6770A97003779426D4FD39FE3990876.e.11581/click - {}
RESULT: {}
COMMAND: GET /session/801e128c03398a69ab1c232e24d6d46c/screenshot - {}
RESULT: {}
COMMAND: POST /session/801e128c03398a69ab1c232e24d6d46c/refresh - {}
RESULT: {}
COMMAND: GET /session/801e128c03398a69ab1c232e24d6d46c/screenshot - {}
RESULT: {}
COMMAND: POST /session/801e128c03398a69ab1c232e24d6d46c/execute/async - {"script":"<script> [189 bytes]","args":[]}
RESULT: {"script":"<script> [189 bytes]","args":[]}
COMMAND: POST /session/801e128c03398a69ab1c232e24d6d46c/execute/async - {"script":"<script> [123 bytes]","args":[]}
RESULT: {"script":"<script> [123 bytes]","args":[]}
COMMAND: POST /session/801e128c03398a69ab1c232e24d6d46c/timeouts - {"script":"<number>"}
RESULT: {"script":"<number>"}
COMMAND: GET /session/801e128c03398a69ab1c232e24d6d46c/timeouts - {}
RESULT: {}
RESULT: undefined
COMMAND: POST /session/801e128c03398a69ab1c232e24d6d46c/execute/async - {"script":"<script> [2676 bytes]","args":[]}
RESULT: {"script":"<script> [2676 bytes]","args":[]}
COMMAND: POST /session/801e128c03398a69ab1c232e24d6d46c/execute/async - {"script":"<script> [2342 bytes]","args":[{"protocol":"http","hostname":"0.0.0.0","path":"/","capabilities":{"browserName":"chrome","goog:chromeOptions":{"binary":"C:\\Program Files\\Google\\Chrome\\Application\\chrome.exe","args":["--start-maximized"]}},"logLevel":"warn","connectionRetryTimeout":120000,"connectionRetryCount":3,"logLevels":{},"enableDirectConnect":true,"strictSSL":true,"_":"65 more keys: [\"cacheDir\",\"port\",\"requestedCapabilities\",\"automationProtocol\",\"baseUrl\",\"waitforInterval\",\"waitforTimeout\",\"onReload\",\"beforeCommand\",\"afterCommand\",\"rootDir\",\"specs\",\"suites\",\"exclude\",\"groupLogsByTestSpec\",\"excludeDriverLogs\",\"bail\",\"framework\",\"reporters\",\"services\",\"maxInstances\",\"maxInstancesPerCapability\",\"injectGlobals\",\"filesToWatch\",\"execArgv\",\"runnerEnv\",\"runner\",\"shard\",\"specFileRetries\",\"specFileRetriesDelay\",\"specFileRetriesDeferred\",\"reporterSyncInterval\",\"reporterSyncTimeout\",\"cucumberFeaturesWithLineNumbers\",\"autoCompileOpts\",\"mochaOpts\",\"jasmineOpts\",\"cucumberOpts\",\"onPrepare\",\"onWorkerStart\",\"onWorkerEnd\",\"before\",\"beforeSession\",\"beforeSuite\",\"beforeHook\",\"beforeTest\",\"afterTest\",\"afterHook\",\"afterSuite\",\"afterSession\",\"after\",\"onComplete\",\"beforeAssertion\",\"afterAssertion\",\"beforeFeature\",\"beforeScenario\",\"beforeStep\",\"afterStep\",\"afterScenario\",\"afterFeature\",\"_\",\"suite\",\"$0\",\"ignoredWorkerServices\",\"wdi5\"]"}]}
RESULT: {"script":"<script> [2342 bytes]","args":[{"protocol":"http","hostname":"0.0.0.0","path":"/","capabilities":{"browserName":"chrome","goog:chromeOptions":{"binary":"C:\\Program Files\\Google\\Chrome\\Application\\chrome.exe","args":["--start-maximized"]}},"logLevel":"warn","connectionRetryTimeout":120000,"connectionRetryCount":3,"logLevels":{},"enableDirectConnect":true,"strictSSL":true,"_":"65 more keys: [\"cacheDir\",\"port\",\"requestedCapabilities\",\"automationProtocol\",\"baseUrl\",\"waitforInterval\",\"waitforTimeout\",\"onReload\",\"beforeCommand\",\"afterCommand\",\"rootDir\",\"specs\",\"suites\",\"exclude\",\"groupLogsByTestSpec\",\"excludeDriverLogs\",\"bail\",\"framework\",\"reporters\",\"services\",\"maxInstances\",\"maxInstancesPerCapability\",\"injectGlobals\",\"filesToWatch\",\"execArgv\",\"runnerEnv\",\"runner\",\"shard\",\"specFileRetries\",\"specFileRetriesDelay\",\"specFileRetriesDeferred\",\"reporterSyncInterval\",\"reporterSyncTimeout\",\"cucumberFeaturesWithLineNumbers\",\"autoCompileOpts\",\"mochaOpts\",\"jasmineOpts\",\"cucumberOpts\",\"onPrepare\",\"onWorkerStart\",\"onWorkerEnd\",\"before\",\"beforeSession\",\"beforeSuite\",\"beforeHook\",\"beforeTest\",\"afterTest\",\"afterHook\",\"afterSuite\",\"afterSession\",\"after\",\"onComplete\",\"beforeAssertion\",\"afterAssertion\",\"beforeFeature\",\"beforeScenario\",\"beforeStep\",\"afterStep\",\"afterScenario\",\"afterFeature\",\"_\",\"suite\",\"$0\",\"ignoredWorkerServices\",\"wdi5\"]"}]}
COMMAND: POST /session/801e128c03398a69ab1c232e24d6d46c/execute/async - {"script":"<script> [21126 bytes]","args":[35000]}
RESULT: {"script":"<script> [21126 bytes]","args":[35000]}
]]></system-out>
    </testcase>
    <testcase classname="chrome.136_0_7103_93.windows.Process_request_items_into_an_existing_quotation_US120163" name="Should process the request into an existing quotation" time="77.151">
      <system-out><![CDATA[
COMMAND: GET /session/801e128c03398a69ab1c232e24d6d46c/window - {}
RESULT: {}
COMMAND: POST /session/801e128c03398a69ab1c232e24d6d46c/element - {"using":"xpath","value":"//span[contains(@id ,\"detailHeaderTitle-_actionsToolbar-overflowButton-img\")]"}
RESULT: {"using":"xpath","value":"//span[contains(@id ,\"detailHeaderTitle-_actionsToolbar-overflowButton-img\")]"}
COMMAND: POST /session/801e128c03398a69ab1c232e24d6d46c/element/f.1FA3EEE566D6D7C9BB4DC331EA0F15D0.d.78AA68137CC505FCBDB813D93D858923.e.11805/click - {}
RESULT: {}
COMMAND: GET /session/801e128c03398a69ab1c232e24d6d46c/screenshot - {}
RESULT: {}
COMMAND: POST /session/801e128c03398a69ab1c232e24d6d46c/element - {"using":"xpath","value":"//span[contains(@id ,\"actionsMenuButton-internalSplitBtn-arrowButton-img\")]"}
RESULT: {"using":"xpath","value":"//span[contains(@id ,\"actionsMenuButton-internalSplitBtn-arrowButton-img\")]"}
COMMAND: POST /session/801e128c03398a69ab1c232e24d6d46c/element/f.1FA3EEE566D6D7C9BB4DC331EA0F15D0.d.78AA68137CC505FCBDB813D93D858923.e.11808/click - {}
RESULT: {}
COMMAND: GET /session/801e128c03398a69ab1c232e24d6d46c/screenshot - {}
RESULT: {}
COMMAND: POST /session/801e128c03398a69ab1c232e24d6d46c/actions - {"actions":[{"id":"action90","type":"key","parameters":{},"actions":[{"type":"keyDown","value":""},{"type":"pause","duration":10},{"type":"keyUp","value":""}]}]}
RESULT: {"actions":[{"id":"action90","type":"key","parameters":{},"actions":[{"type":"keyDown","value":""},{"type":"pause","duration":10},{"type":"keyUp","value":""}]}]}
COMMAND: GET /session/801e128c03398a69ab1c232e24d6d46c/screenshot - {}
RESULT: {}
COMMAND: POST /session/801e128c03398a69ab1c232e24d6d46c/actions - {"actions":[{"id":"action91","type":"key","parameters":{},"actions":[{"type":"keyDown","value":""},{"type":"pause","duration":10},{"type":"keyUp","value":""}]}]}
RESULT: {"actions":[{"id":"action91","type":"key","parameters":{},"actions":[{"type":"keyDown","value":""},{"type":"pause","duration":10},{"type":"keyUp","value":""}]}]}
COMMAND: GET /session/801e128c03398a69ab1c232e24d6d46c/screenshot - {}
RESULT: {}
COMMAND: POST /session/801e128c03398a69ab1c232e24d6d46c/actions - {"actions":[{"id":"action92","type":"key","parameters":{},"actions":[{"type":"keyDown","value":""},{"type":"pause","duration":10},{"type":"keyUp","value":""}]}]}
RESULT: {"actions":[{"id":"action92","type":"key","parameters":{},"actions":[{"type":"keyDown","value":""},{"type":"pause","duration":10},{"type":"keyUp","value":""}]}]}
COMMAND: GET /session/801e128c03398a69ab1c232e24d6d46c/screenshot - {}
RESULT: {}
COMMAND: POST /session/801e128c03398a69ab1c232e24d6d46c/actions - {"actions":[{"id":"action93","type":"key","parameters":{},"actions":[{"type":"keyDown","value":""},{"type":"pause","duration":10},{"type":"keyUp","value":""}]}]}
RESULT: {"actions":[{"id":"action93","type":"key","parameters":{},"actions":[{"type":"keyDown","value":""},{"type":"pause","duration":10},{"type":"keyUp","value":""}]}]}
COMMAND: GET /session/801e128c03398a69ab1c232e24d6d46c/screenshot - {}
RESULT: {}
COMMAND: POST /session/801e128c03398a69ab1c232e24d6d46c/element - {"using":"xpath","value":"//input[contains(@id ,\"quotationsSearchField-I\")]"}
RESULT: {"using":"xpath","value":"//input[contains(@id ,\"quotationsSearchField-I\")]"}
COMMAND: POST /session/801e128c03398a69ab1c232e24d6d46c/element/f.1FA3EEE566D6D7C9BB4DC331EA0F15D0.d.78AA68137CC505FCBDB813D93D858923.e.11811/clear - {}
RESULT: {}
COMMAND: POST /session/801e128c03398a69ab1c232e24d6d46c/element/f.1FA3EEE566D6D7C9BB4DC331EA0F15D0.d.78AA68137CC505FCBDB813D93D858923.e.11811/value - {"text":"WdIOQuotationquug5"}
COMMAND: GET /session/801e128c03398a69ab1c232e24d6d46c/screenshot - {}
RESULT: {"text":"WdIOQuotationquug5"}
COMMAND: GET /session/801e128c03398a69ab1c232e24d6d46c/screenshot - {}
RESULT: {}
RESULT: {}
COMMAND: POST /session/801e128c03398a69ab1c232e24d6d46c/actions - {"actions":[{"id":"action94","type":"key","parameters":{},"actions":[{"type":"keyDown","value":""},{"type":"pause","duration":10},{"type":"keyUp","value":""}]}]}
RESULT: {"actions":[{"id":"action94","type":"key","parameters":{},"actions":[{"type":"keyDown","value":""},{"type":"pause","duration":10},{"type":"keyUp","value":""}]}]}
COMMAND: GET /session/801e128c03398a69ab1c232e24d6d46c/screenshot - {}
RESULT: {}
COMMAND: POST /session/801e128c03398a69ab1c232e24d6d46c/element - {"using":"xpath","value":"//div[contains(@id ,\"selectSingle\")]"}
RESULT: {"using":"xpath","value":"//div[contains(@id ,\"selectSingle\")]"}
COMMAND: POST /session/801e128c03398a69ab1c232e24d6d46c/element/f.1FA3EEE566D6D7C9BB4DC331EA0F15D0.d.78AA68137CC505FCBDB813D93D858923.e.11823/click - {}
RESULT: {}
COMMAND: GET /session/801e128c03398a69ab1c232e24d6d46c/screenshot - {}
RESULT: {}
COMMAND: POST /session/801e128c03398a69ab1c232e24d6d46c/element - {"using":"xpath","value":"//bdi[contains(text() ,\"Selection Done\")]"}
RESULT: {"using":"xpath","value":"//bdi[contains(text() ,\"Selection Done\")]"}
COMMAND: POST /session/801e128c03398a69ab1c232e24d6d46c/element/f.1FA3EEE566D6D7C9BB4DC331EA0F15D0.d.78AA68137CC505FCBDB813D93D858923.e.11824/click - {}
RESULT: {}
COMMAND: GET /session/801e128c03398a69ab1c232e24d6d46c/screenshot - {}
RESULT: {}
COMMAND: POST /session/801e128c03398a69ab1c232e24d6d46c/actions - {"actions":[{"id":"action95","type":"key","parameters":{},"actions":[{"type":"keyDown","value":""},{"type":"pause","duration":10},{"type":"keyUp","value":""}]}]}
RESULT: {"actions":[{"id":"action95","type":"key","parameters":{},"actions":[{"type":"keyDown","value":""},{"type":"pause","duration":10},{"type":"keyUp","value":""}]}]}
COMMAND: GET /session/801e128c03398a69ab1c232e24d6d46c/screenshot - {}
RESULT: {}
COMMAND: POST /session/801e128c03398a69ab1c232e24d6d46c/actions - {"actions":[{"id":"action96","type":"key","parameters":{},"actions":[{"type":"keyDown","value":""},{"type":"pause","duration":10},{"type":"keyUp","value":""}]}]}
RESULT: {"actions":[{"id":"action96","type":"key","parameters":{},"actions":[{"type":"keyDown","value":""},{"type":"pause","duration":10},{"type":"keyUp","value":""}]}]}
COMMAND: GET /session/801e128c03398a69ab1c232e24d6d46c/screenshot - {}
RESULT: {}
COMMAND: GET /session/801e128c03398a69ab1c232e24d6d46c/window/handles - {}
RESULT: {}
COMMAND: GET /session/801e128c03398a69ab1c232e24d6d46c/window/handles - {}
RESULT: {}
COMMAND: POST /session/801e128c03398a69ab1c232e24d6d46c/window - {"handle":"49163F2E8ECE6CE661DED86ACA1773D4"}
RESULT: {"handle":"49163F2E8ECE6CE661DED86ACA1773D4"}
COMMAND: GET /session/801e128c03398a69ab1c232e24d6d46c/url - {}
RESULT: {}
COMMAND: GET /session/801e128c03398a69ab1c232e24d6d46c/screenshot - {}
RESULT: {}
COMMAND: POST /session/801e128c03398a69ab1c232e24d6d46c/element - {"using":"xpath","value":"//span[contains(text(), \"Header Billing Items\")]"}
RESULT: {"using":"xpath","value":"//span[contains(text(), \"Header Billing Items\")]"}
COMMAND: POST /session/801e128c03398a69ab1c232e24d6d46c/element/f.49163F2E8ECE6CE661DED86ACA1773D4.d.4DB6AF5F5BE0276B52709136B311D97D.e.12051/click - {}
RESULT: {}
COMMAND: GET /session/801e128c03398a69ab1c232e24d6d46c/screenshot - {}
RESULT: {}
COMMAND: POST /session/801e128c03398a69ab1c232e24d6d46c/element - {"using":"xpath","value":"//span[contains(@id ,\"contractItemsSmartTable-header-inner\")]"}
RESULT: {"using":"xpath","value":"//span[contains(@id ,\"contractItemsSmartTable-header-inner\")]"}
COMMAND: GET /session/801e128c03398a69ab1c232e24d6d46c/element/f.49163F2E8ECE6CE661DED86ACA1773D4.d.4DB6AF5F5BE0276B52709136B311D97D.e.12053/text - {}
RESULT: {}
COMMAND: POST /session/801e128c03398a69ab1c232e24d6d46c/element - {"using":"xpath","value":"//span[@class=\"sapMObjStatusText\"][contains(text(), \"proposed\")]"}
RESULT: {"using":"xpath","value":"//span[@class=\"sapMObjStatusText\"][contains(text(), \"proposed\")]"}
COMMAND: GET /session/801e128c03398a69ab1c232e24d6d46c/element/f.49163F2E8ECE6CE661DED86ACA1773D4.d.4DB6AF5F5BE0276B52709136B311D97D.e.12054/text - {}
RESULT: {}
COMMAND: DELETE /session/801e128c03398a69ab1c232e24d6d46c/window - {}
RESULT: {}
COMMAND: POST /session/801e128c03398a69ab1c232e24d6d46c/window - {"handle":"1FA3EEE566D6D7C9BB4DC331EA0F15D0"}
RESULT: {"handle":"1FA3EEE566D6D7C9BB4DC331EA0F15D0"}
COMMAND: GET /session/801e128c03398a69ab1c232e24d6d46c/url - {}
RESULT: {}
COMMAND: GET /session/801e128c03398a69ab1c232e24d6d46c/screenshot - {}
RESULT: {}
]]></system-out>
    </testcase>
    <testcase classname="chrome.136_0_7103_93.windows.Process_request_items_into_an_existing_quotation_US120163" name="Should navigate back to the request and check the request and item statuses" time="28.956">
      <system-out><![CDATA[
COMMAND: POST /session/801e128c03398a69ab1c232e24d6d46c/refresh - {}
RESULT: {}
COMMAND: GET /session/801e128c03398a69ab1c232e24d6d46c/screenshot - {}
RESULT: {}
COMMAND: POST /session/801e128c03398a69ab1c232e24d6d46c/execute/async - {"script":"<script> [189 bytes]","args":[]}
RESULT: {"script":"<script> [189 bytes]","args":[]}
COMMAND: POST /session/801e128c03398a69ab1c232e24d6d46c/execute/async - {"script":"<script> [123 bytes]","args":[]}
RESULT: {"script":"<script> [123 bytes]","args":[]}
COMMAND: POST /session/801e128c03398a69ab1c232e24d6d46c/timeouts - {"script":"<number>"}
RESULT: {"script":"<number>"}
COMMAND: GET /session/801e128c03398a69ab1c232e24d6d46c/timeouts - {}
RESULT: {}
RESULT: undefined
COMMAND: POST /session/801e128c03398a69ab1c232e24d6d46c/execute/async - {"script":"<script> [2676 bytes]","args":[]}
RESULT: {"script":"<script> [2676 bytes]","args":[]}
COMMAND: POST /session/801e128c03398a69ab1c232e24d6d46c/execute/async - {"script":"<script> [2342 bytes]","args":[{"protocol":"http","hostname":"0.0.0.0","path":"/","capabilities":{"browserName":"chrome","goog:chromeOptions":{"binary":"C:\\Program Files\\Google\\Chrome\\Application\\chrome.exe","args":["--start-maximized"]}},"logLevel":"warn","connectionRetryTimeout":120000,"connectionRetryCount":3,"logLevels":{},"enableDirectConnect":true,"strictSSL":true,"_":"65 more keys: [\"cacheDir\",\"port\",\"requestedCapabilities\",\"automationProtocol\",\"baseUrl\",\"waitforInterval\",\"waitforTimeout\",\"onReload\",\"beforeCommand\",\"afterCommand\",\"rootDir\",\"specs\",\"suites\",\"exclude\",\"groupLogsByTestSpec\",\"excludeDriverLogs\",\"bail\",\"framework\",\"reporters\",\"services\",\"maxInstances\",\"maxInstancesPerCapability\",\"injectGlobals\",\"filesToWatch\",\"execArgv\",\"runnerEnv\",\"runner\",\"shard\",\"specFileRetries\",\"specFileRetriesDelay\",\"specFileRetriesDeferred\",\"reporterSyncInterval\",\"reporterSyncTimeout\",\"cucumberFeaturesWithLineNumbers\",\"autoCompileOpts\",\"mochaOpts\",\"jasmineOpts\",\"cucumberOpts\",\"onPrepare\",\"onWorkerStart\",\"onWorkerEnd\",\"before\",\"beforeSession\",\"beforeSuite\",\"beforeHook\",\"beforeTest\",\"afterTest\",\"afterHook\",\"afterSuite\",\"afterSession\",\"after\",\"onComplete\",\"beforeAssertion\",\"afterAssertion\",\"beforeFeature\",\"beforeScenario\",\"beforeStep\",\"afterStep\",\"afterScenario\",\"afterFeature\",\"_\",\"suite\",\"$0\",\"ignoredWorkerServices\",\"wdi5\"]"}]}
RESULT: {"script":"<script> [2342 bytes]","args":[{"protocol":"http","hostname":"0.0.0.0","path":"/","capabilities":{"browserName":"chrome","goog:chromeOptions":{"binary":"C:\\Program Files\\Google\\Chrome\\Application\\chrome.exe","args":["--start-maximized"]}},"logLevel":"warn","connectionRetryTimeout":120000,"connectionRetryCount":3,"logLevels":{},"enableDirectConnect":true,"strictSSL":true,"_":"65 more keys: [\"cacheDir\",\"port\",\"requestedCapabilities\",\"automationProtocol\",\"baseUrl\",\"waitforInterval\",\"waitforTimeout\",\"onReload\",\"beforeCommand\",\"afterCommand\",\"rootDir\",\"specs\",\"suites\",\"exclude\",\"groupLogsByTestSpec\",\"excludeDriverLogs\",\"bail\",\"framework\",\"reporters\",\"services\",\"maxInstances\",\"maxInstancesPerCapability\",\"injectGlobals\",\"filesToWatch\",\"execArgv\",\"runnerEnv\",\"runner\",\"shard\",\"specFileRetries\",\"specFileRetriesDelay\",\"specFileRetriesDeferred\",\"reporterSyncInterval\",\"reporterSyncTimeout\",\"cucumberFeaturesWithLineNumbers\",\"autoCompileOpts\",\"mochaOpts\",\"jasmineOpts\",\"cucumberOpts\",\"onPrepare\",\"onWorkerStart\",\"onWorkerEnd\",\"before\",\"beforeSession\",\"beforeSuite\",\"beforeHook\",\"beforeTest\",\"afterTest\",\"afterHook\",\"afterSuite\",\"afterSession\",\"after\",\"onComplete\",\"beforeAssertion\",\"afterAssertion\",\"beforeFeature\",\"beforeScenario\",\"beforeStep\",\"afterStep\",\"afterScenario\",\"afterFeature\",\"_\",\"suite\",\"$0\",\"ignoredWorkerServices\",\"wdi5\"]"}]}
COMMAND: POST /session/801e128c03398a69ab1c232e24d6d46c/execute/async - {"script":"<script> [21126 bytes]","args":[35000]}
RESULT: {"script":"<script> [21126 bytes]","args":[35000]}
COMMAND: POST /session/801e128c03398a69ab1c232e24d6d46c/execute/async - {"script":"<script> [1562 bytes]","args":[{"selector":{"controlType":"sap.m.Text","viewName":"etm.portal.ui.managerequests.view.Detail","bindingPath":{"path":"/SmartRequestItemsPlanningBoard(ITEM=10m,REQUEST='20191')","propertyPath":"STATUS_DESC"}},"wdio_ui5_key":"etmportal.ui.managerequests.view.Detailsap.m.Text{\"path\":\"/SmartRequestItemsPlanningBoard(ITEM=10m,REQUEST='20191')\",\"propertyPath\":\"STATUS_DESC\"}"}]}
RESULT: {"script":"<script> [1562 bytes]","args":[{"selector":{"controlType":"sap.m.Text","viewName":"etm.portal.ui.managerequests.view.Detail","bindingPath":{"path":"/SmartRequestItemsPlanningBoard(ITEM=10m,REQUEST='20191')","propertyPath":"STATUS_DESC"}},"wdio_ui5_key":"etmportal.ui.managerequests.view.Detailsap.m.Text{\"path\":\"/SmartRequestItemsPlanningBoard(ITEM=10m,REQUEST='20191')\",\"propertyPath\":\"STATUS_DESC\"}"}]}
RESULT: undefined
COMMAND: POST /session/801e128c03398a69ab1c232e24d6d46c/execute/async - {"script":"<script> [6424 bytes]","args":[{"element-6066-11e4-a52e-4f735466cecf":"f.1FA3EEE566D6D7C9BB4DC331EA0F15D0.d.165BA8A4EB8E9FE0DED9936BFD44CEE4.e.12274"},"getText",[]]}
RESULT: {"script":"<script> [6424 bytes]","args":[{"element-6066-11e4-a52e-4f735466cecf":"f.1FA3EEE566D6D7C9BB4DC331EA0F15D0.d.165BA8A4EB8E9FE0DED9936BFD44CEE4.e.12274"},"getText",[]]}
COMMAND: POST /session/801e128c03398a69ab1c232e24d6d46c/execute/async - {"script":"<script> [1562 bytes]","args":[{"selector":{"controlType":"sap.m.ObjectStatus","viewName":"etm.portal.ui.managerequests.view.Detail","bindingPath":{"path":"/RequestHeaders('20191')","propertyPath":"LINK_TO_STATUS/DESCRIPTION","modelName":"catalogModel"}},"wdio_ui5_key":"etmportal.ui.managerequests.view.Detailsap.m.ObjectStatus{\"path\":\"/RequestHeaders('20191')\",\"propertyPath\":\"LINK_TO_STATUS/DESCRIPTION\",\"modelName\":\"catalogModel\"}"}]}
RESULT: {"script":"<script> [1562 bytes]","args":[{"selector":{"controlType":"sap.m.ObjectStatus","viewName":"etm.portal.ui.managerequests.view.Detail","bindingPath":{"path":"/RequestHeaders('20191')","propertyPath":"LINK_TO_STATUS/DESCRIPTION","modelName":"catalogModel"}},"wdio_ui5_key":"etmportal.ui.managerequests.view.Detailsap.m.ObjectStatus{\"path\":\"/RequestHeaders('20191')\",\"propertyPath\":\"LINK_TO_STATUS/DESCRIPTION\",\"modelName\":\"catalogModel\"}"}]}
RESULT: undefined
COMMAND: POST /session/801e128c03398a69ab1c232e24d6d46c/execute/async - {"script":"<script> [6424 bytes]","args":[{"element-6066-11e4-a52e-4f735466cecf":"f.1FA3EEE566D6D7C9BB4DC331EA0F15D0.d.165BA8A4EB8E9FE0DED9936BFD44CEE4.e.12275"},"getText",[]]}
RESULT: {"script":"<script> [6424 bytes]","args":[{"element-6066-11e4-a52e-4f735466cecf":"f.1FA3EEE566D6D7C9BB4DC331EA0F15D0.d.165BA8A4EB8E9FE0DED9936BFD44CEE4.e.12275"},"getText",[]]}
COMMAND: POST /session/801e128c03398a69ab1c232e24d6d46c/element - {"using":"css selector","value":"#shell-header-logo"}
RESULT: {"using":"css selector","value":"#shell-header-logo"}
COMMAND: POST /session/801e128c03398a69ab1c232e24d6d46c/element/f.1FA3EEE566D6D7C9BB4DC331EA0F15D0.d.165BA8A4EB8E9FE0DED9936BFD44CEE4.e.12062/click - {}
RESULT: {}
COMMAND: GET /session/801e128c03398a69ab1c232e24d6d46c/screenshot - {}
RESULT: {}
COMMAND: POST /session/801e128c03398a69ab1c232e24d6d46c/refresh - {}
RESULT: {}
COMMAND: GET /session/801e128c03398a69ab1c232e24d6d46c/screenshot - {}
RESULT: {}
COMMAND: POST /session/801e128c03398a69ab1c232e24d6d46c/execute/async - {"script":"<script> [189 bytes]","args":[]}
RESULT: {"script":"<script> [189 bytes]","args":[]}
COMMAND: POST /session/801e128c03398a69ab1c232e24d6d46c/execute/async - {"script":"<script> [123 bytes]","args":[]}
RESULT: {"script":"<script> [123 bytes]","args":[]}
COMMAND: POST /session/801e128c03398a69ab1c232e24d6d46c/timeouts - {"script":"<number>"}
RESULT: {"script":"<number>"}
COMMAND: GET /session/801e128c03398a69ab1c232e24d6d46c/timeouts - {}
RESULT: {}
RESULT: undefined
COMMAND: POST /session/801e128c03398a69ab1c232e24d6d46c/execute/async - {"script":"<script> [2676 bytes]","args":[]}
RESULT: {"script":"<script> [2676 bytes]","args":[]}
COMMAND: POST /session/801e128c03398a69ab1c232e24d6d46c/execute/async - {"script":"<script> [2342 bytes]","args":[{"protocol":"http","hostname":"0.0.0.0","path":"/","capabilities":{"browserName":"chrome","goog:chromeOptions":{"binary":"C:\\Program Files\\Google\\Chrome\\Application\\chrome.exe","args":["--start-maximized"]}},"logLevel":"warn","connectionRetryTimeout":120000,"connectionRetryCount":3,"logLevels":{},"enableDirectConnect":true,"strictSSL":true,"_":"65 more keys: [\"cacheDir\",\"port\",\"requestedCapabilities\",\"automationProtocol\",\"baseUrl\",\"waitforInterval\",\"waitforTimeout\",\"onReload\",\"beforeCommand\",\"afterCommand\",\"rootDir\",\"specs\",\"suites\",\"exclude\",\"groupLogsByTestSpec\",\"excludeDriverLogs\",\"bail\",\"framework\",\"reporters\",\"services\",\"maxInstances\",\"maxInstancesPerCapability\",\"injectGlobals\",\"filesToWatch\",\"execArgv\",\"runnerEnv\",\"runner\",\"shard\",\"specFileRetries\",\"specFileRetriesDelay\",\"specFileRetriesDeferred\",\"reporterSyncInterval\",\"reporterSyncTimeout\",\"cucumberFeaturesWithLineNumbers\",\"autoCompileOpts\",\"mochaOpts\",\"jasmineOpts\",\"cucumberOpts\",\"onPrepare\",\"onWorkerStart\",\"onWorkerEnd\",\"before\",\"beforeSession\",\"beforeSuite\",\"beforeHook\",\"beforeTest\",\"afterTest\",\"afterHook\",\"afterSuite\",\"afterSession\",\"after\",\"onComplete\",\"beforeAssertion\",\"afterAssertion\",\"beforeFeature\",\"beforeScenario\",\"beforeStep\",\"afterStep\",\"afterScenario\",\"afterFeature\",\"_\",\"suite\",\"$0\",\"ignoredWorkerServices\",\"wdi5\"]"}]}
RESULT: {"script":"<script> [2342 bytes]","args":[{"protocol":"http","hostname":"0.0.0.0","path":"/","capabilities":{"browserName":"chrome","goog:chromeOptions":{"binary":"C:\\Program Files\\Google\\Chrome\\Application\\chrome.exe","args":["--start-maximized"]}},"logLevel":"warn","connectionRetryTimeout":120000,"connectionRetryCount":3,"logLevels":{},"enableDirectConnect":true,"strictSSL":true,"_":"65 more keys: [\"cacheDir\",\"port\",\"requestedCapabilities\",\"automationProtocol\",\"baseUrl\",\"waitforInterval\",\"waitforTimeout\",\"onReload\",\"beforeCommand\",\"afterCommand\",\"rootDir\",\"specs\",\"suites\",\"exclude\",\"groupLogsByTestSpec\",\"excludeDriverLogs\",\"bail\",\"framework\",\"reporters\",\"services\",\"maxInstances\",\"maxInstancesPerCapability\",\"injectGlobals\",\"filesToWatch\",\"execArgv\",\"runnerEnv\",\"runner\",\"shard\",\"specFileRetries\",\"specFileRetriesDelay\",\"specFileRetriesDeferred\",\"reporterSyncInterval\",\"reporterSyncTimeout\",\"cucumberFeaturesWithLineNumbers\",\"autoCompileOpts\",\"mochaOpts\",\"jasmineOpts\",\"cucumberOpts\",\"onPrepare\",\"onWorkerStart\",\"onWorkerEnd\",\"before\",\"beforeSession\",\"beforeSuite\",\"beforeHook\",\"beforeTest\",\"afterTest\",\"afterHook\",\"afterSuite\",\"afterSession\",\"after\",\"onComplete\",\"beforeAssertion\",\"afterAssertion\",\"beforeFeature\",\"beforeScenario\",\"beforeStep\",\"afterStep\",\"afterScenario\",\"afterFeature\",\"_\",\"suite\",\"$0\",\"ignoredWorkerServices\",\"wdi5\"]"}]}
COMMAND: POST /session/801e128c03398a69ab1c232e24d6d46c/execute/async - {"script":"<script> [21126 bytes]","args":[35000]}
RESULT: {"script":"<script> [21126 bytes]","args":[35000]}
]]></system-out>
    </testcase>
  </testsuite>
  <testsuite timestamp="2025-05-31T16:15:32" time="297.594" tests="3" failures="0" errors="0" skipped="0">
    <properties>
      <property name="specId" value="0"/>
      <property name="suiteName" value="Process request items into new quotation US120163"/>
      <property name="capabilities" value="chrome.136_0_7103_93.windows"/>
      <property name="file" value="file:///D:/a/1/s/test/specs/R2C/process-request-items-into-new-quotation.spec.js"/>
    </properties>
    <testcase classname="chrome.136_0_7103_93.windows.Process_request_items_into_new_quotation_US120163" name="Should create a new request with catalog items and plan it" time="188.189">
      <system-out><![CDATA[
COMMAND: POST /session/801e128c03398a69ab1c232e24d6d46c/execute/async - {"script":"<script> [1562 bytes]","args":[{"selector":{"controlType":"sap.m.GenericTile","properties":{"header":"Manage Requests"}},"wdio_ui5_key":"sapm.GenericTile{\"header\":\"Manage Requests\"}"}]}
RESULT: {"script":"<script> [1562 bytes]","args":[{"selector":{"controlType":"sap.m.GenericTile","properties":{"header":"Manage Requests"}},"wdio_ui5_key":"sapm.GenericTile{\"header\":\"Manage Requests\"}"}]}
RESULT: undefined
COMMAND: POST /session/801e128c03398a69ab1c232e24d6d46c/element - {"using":"xpath","value":"//*[@id=\"__tile47\"]"}
RESULT: {"using":"xpath","value":"//*[@id=\"__tile47\"]"}
COMMAND: POST /session/801e128c03398a69ab1c232e24d6d46c/element/f.1FA3EEE566D6D7C9BB4DC331EA0F15D0.d.8A5AF5BA59EEDD99AF06088974019BB5.e.12306/click - {}
RESULT: {}
COMMAND: GET /session/801e128c03398a69ab1c232e24d6d46c/screenshot - {}
RESULT: {}
COMMAND: POST /session/801e128c03398a69ab1c232e24d6d46c/elements - {"using":"xpath","value":"//span[text()='Error']"}
RESULT: {"using":"xpath","value":"//span[text()='Error']"}
COMMAND: POST /session/801e128c03398a69ab1c232e24d6d46c/element - {"using":"xpath","value":"//button[contains(@data-kt ,\"btnCreateNewOverflowToolbarButton\")]"}
COMMAND: POST /session/801e128c03398a69ab1c232e24d6d46c/element - {"using":"xpath","value":"(//span[contains(@class ,\"sapMObjStatusText\")])[1]"}
RESULT: {"using":"xpath","value":"//button[contains(@data-kt ,\"btnCreateNewOverflowToolbarButton\")]"}
COMMAND: POST /session/801e128c03398a69ab1c232e24d6d46c/element/f.1FA3EEE566D6D7C9BB4DC331EA0F15D0.d.8A5AF5BA59EEDD99AF06088974019BB5.e.12362/click - {}
RESULT: {"using":"xpath","value":"(//span[contains(@class ,\"sapMObjStatusText\")])[1]"}
COMMAND: POST /session/801e128c03398a69ab1c232e24d6d46c/execute/sync - {"script":"<script> [8489 bytes]","args":[{"element-6066-11e4-a52e-4f735466cecf":"f.1FA3EEE566D6D7C9BB4DC331EA0F15D0.d.8A5AF5BA59EEDD99AF06088974019BB5.e.12399","ELEMENT":"f.1FA3EEE566D6D7C9BB4DC331EA0F15D0.d.8A5AF5BA59EEDD99AF06088974019BB5.e.12399"}]}
RESULT: {}
COMMAND: GET /session/801e128c03398a69ab1c232e24d6d46c/screenshot - {}
RESULT: {"script":"<script> [8489 bytes]","args":[{"element-6066-11e4-a52e-4f735466cecf":"f.1FA3EEE566D6D7C9BB4DC331EA0F15D0.d.8A5AF5BA59EEDD99AF06088974019BB5.e.12399","ELEMENT":"f.1FA3EEE566D6D7C9BB4DC331EA0F15D0.d.8A5AF5BA59EEDD99AF06088974019BB5.e.12399"}]}
COMMAND: GET /session/801e128c03398a69ab1c232e24d6d46c/screenshot - {}
RESULT: {}
RESULT: {}
COMMAND: POST /session/801e128c03398a69ab1c232e24d6d46c/element - {"using":"xpath","value":"//input[contains(@id ,\"yardId-inner\")]"}
RESULT: {"using":"xpath","value":"//input[contains(@id ,\"yardId-inner\")]"}
COMMAND: POST /session/801e128c03398a69ab1c232e24d6d46c/execute/sync - {"script":"<script> [8489 bytes]","args":[{"element-6066-11e4-a52e-4f735466cecf":"f.1FA3EEE566D6D7C9BB4DC331EA0F15D0.d.8A5AF5BA59EEDD99AF06088974019BB5.e.12480","ELEMENT":"f.1FA3EEE566D6D7C9BB4DC331EA0F15D0.d.8A5AF5BA59EEDD99AF06088974019BB5.e.12480"}]}
RESULT: {"script":"<script> [8489 bytes]","args":[{"element-6066-11e4-a52e-4f735466cecf":"f.1FA3EEE566D6D7C9BB4DC331EA0F15D0.d.8A5AF5BA59EEDD99AF06088974019BB5.e.12480","ELEMENT":"f.1FA3EEE566D6D7C9BB4DC331EA0F15D0.d.8A5AF5BA59EEDD99AF06088974019BB5.e.12480"}]}
COMMAND: POST /session/801e128c03398a69ab1c232e24d6d46c/element - {"using":"xpath","value":"//input[contains(@id ,\"yardId-inner\")]"}
COMMAND: GET /session/801e128c03398a69ab1c232e24d6d46c/screenshot - {}
RESULT: {"using":"xpath","value":"//input[contains(@id ,\"yardId-inner\")]"}
COMMAND: GET /session/801e128c03398a69ab1c232e24d6d46c/element/f.1FA3EEE566D6D7C9BB4DC331EA0F15D0.d.8A5AF5BA59EEDD99AF06088974019BB5.e.12480/enabled - {}
RESULT: {}
RESULT: {}
COMMAND: POST /session/801e128c03398a69ab1c232e24d6d46c/element/f.1FA3EEE566D6D7C9BB4DC331EA0F15D0.d.8A5AF5BA59EEDD99AF06088974019BB5.e.12480/clear - {}
COMMAND: GET /session/801e128c03398a69ab1c232e24d6d46c/screenshot - {}
RESULT: {}
COMMAND: POST /session/801e128c03398a69ab1c232e24d6d46c/element/f.1FA3EEE566D6D7C9BB4DC331EA0F15D0.d.8A5AF5BA59EEDD99AF06088974019BB5.e.12480/value - {"text":"WebdriverYard78c52"}
COMMAND: GET /session/801e128c03398a69ab1c232e24d6d46c/screenshot - {}
RESULT: {}
RESULT: {"text":"WebdriverYard78c52"}
COMMAND: GET /session/801e128c03398a69ab1c232e24d6d46c/screenshot - {}
RESULT: {}
RESULT: {}
COMMAND: POST /session/801e128c03398a69ab1c232e24d6d46c/element - {"using":"xpath","value":"//input[contains(@id ,\"customerNumber-inner\")]"}
RESULT: {"using":"xpath","value":"//input[contains(@id ,\"customerNumber-inner\")]"}
COMMAND: POST /session/801e128c03398a69ab1c232e24d6d46c/element/f.1FA3EEE566D6D7C9BB4DC331EA0F15D0.d.8A5AF5BA59EEDD99AF06088974019BB5.e.12474/value - {"text":"WebdriverPartneri8uzg"}
COMMAND: POST /session/801e128c03398a69ab1c232e24d6d46c/actions - {"actions":[{"id":"action97","type":"key","parameters":{},"actions":[{"type":"keyDown","value":""},{"type":"pause","duration":10},{"type":"keyUp","value":""}]}]}
RESULT: {"actions":[{"id":"action97","type":"key","parameters":{},"actions":[{"type":"keyDown","value":""},{"type":"pause","duration":10},{"type":"keyUp","value":""}]}]}
COMMAND: GET /session/801e128c03398a69ab1c232e24d6d46c/screenshot - {}
RESULT: {"text":"WebdriverPartneri8uzg"}
COMMAND: GET /session/801e128c03398a69ab1c232e24d6d46c/screenshot - {}
RESULT: {}
COMMAND: POST /session/801e128c03398a69ab1c232e24d6d46c/element/f.1FA3EEE566D6D7C9BB4DC331EA0F15D0.d.8A5AF5BA59EEDD99AF06088974019BB5.e.12480/clear - {}
RESULT: {}
RESULT: {}
COMMAND: POST /session/801e128c03398a69ab1c232e24d6d46c/element/f.1FA3EEE566D6D7C9BB4DC331EA0F15D0.d.8A5AF5BA59EEDD99AF06088974019BB5.e.12480/clear - {}
COMMAND: GET /session/801e128c03398a69ab1c232e24d6d46c/screenshot - {}
RESULT: {}
COMMAND: POST /session/801e128c03398a69ab1c232e24d6d46c/element/f.1FA3EEE566D6D7C9BB4DC331EA0F15D0.d.8A5AF5BA59EEDD99AF06088974019BB5.e.12480/value - {"text":"WebdriverYard78c52"}
COMMAND: GET /session/801e128c03398a69ab1c232e24d6d46c/screenshot - {}
RESULT: {}
RESULT: {"text":"WebdriverYard78c52"}
COMMAND: GET /session/801e128c03398a69ab1c232e24d6d46c/screenshot - {}
RESULT: {}
RESULT: {}
COMMAND: POST /session/801e128c03398a69ab1c232e24d6d46c/actions - {"actions":[{"id":"action98","type":"key","parameters":{},"actions":[{"type":"keyDown","value":""},{"type":"pause","duration":10},{"type":"keyUp","value":""}]}]}
RESULT: {"actions":[{"id":"action98","type":"key","parameters":{},"actions":[{"type":"keyDown","value":""},{"type":"pause","duration":10},{"type":"keyUp","value":""}]}]}
COMMAND: GET /session/801e128c03398a69ab1c232e24d6d46c/screenshot - {}
RESULT: {}
COMMAND: POST /session/801e128c03398a69ab1c232e24d6d46c/actions - {"actions":[{"id":"action99","type":"key","parameters":{},"actions":[{"type":"keyDown","value":""},{"type":"pause","duration":10},{"type":"keyUp","value":""}]}]}
RESULT: {"actions":[{"id":"action99","type":"key","parameters":{},"actions":[{"type":"keyDown","value":""},{"type":"pause","duration":10},{"type":"keyUp","value":""}]}]}
COMMAND: GET /session/801e128c03398a69ab1c232e24d6d46c/screenshot - {}
RESULT: {}
COMMAND: GET /session/801e128c03398a69ab1c232e24d6d46c/element/f.1FA3EEE566D6D7C9BB4DC331EA0F15D0.d.8A5AF5BA59EEDD99AF06088974019BB5.e.12474/property/value - {}
RESULT: {}
COMMAND: POST /session/801e128c03398a69ab1c232e24d6d46c/element - {"using":"xpath","value":"//input[contains(@id ,\"requestSiteId-inner\")]"}
COMMAND: GET /session/801e128c03398a69ab1c232e24d6d46c/screenshot - {}
RESULT: {"using":"xpath","value":"//input[contains(@id ,\"requestSiteId-inner\")]"}
COMMAND: POST /session/801e128c03398a69ab1c232e24d6d46c/element/f.1FA3EEE566D6D7C9BB4DC331EA0F15D0.d.8A5AF5BA59EEDD99AF06088974019BB5.e.12473/value - {"text":"WebdriverSitejahvgl"}
RESULT: {}
RESULT: {"text":"WebdriverSitejahvgl"}
COMMAND: GET /session/801e128c03398a69ab1c232e24d6d46c/screenshot - {}
RESULT: {}
COMMAND: POST /session/801e128c03398a69ab1c232e24d6d46c/actions - {"actions":[{"id":"action100","type":"key","parameters":{},"actions":[{"type":"keyDown","value":""},{"type":"pause","duration":10},{"type":"keyUp","value":""}]}]}
RESULT: {"actions":[{"id":"action100","type":"key","parameters":{},"actions":[{"type":"keyDown","value":""},{"type":"pause","duration":10},{"type":"keyUp","value":""}]}]}
COMMAND: GET /session/801e128c03398a69ab1c232e24d6d46c/screenshot - {}
RESULT: {}
COMMAND: POST /session/801e128c03398a69ab1c232e24d6d46c/element - {"using":"xpath","value":"//button[contains(@data-kt ,\"requestItemAddOverflowToolbarButton\")]"}
RESULT: {"using":"xpath","value":"//button[contains(@data-kt ,\"requestItemAddOverflowToolbarButton\")]"}
COMMAND: POST /session/801e128c03398a69ab1c232e24d6d46c/element/f.1FA3EEE566D6D7C9BB4DC331EA0F15D0.d.8A5AF5BA59EEDD99AF06088974019BB5.e.12649/click - {}
RESULT: {}
COMMAND: GET /session/801e128c03398a69ab1c232e24d6d46c/screenshot - {}
RESULT: {}
COMMAND: POST /session/801e128c03398a69ab1c232e24d6d46c/actions - {"actions":[{"id":"action101","type":"key","parameters":{},"actions":[{"type":"keyDown","value":""},{"type":"pause","duration":10},{"type":"keyUp","value":""}]}]}
RESULT: {"actions":[{"id":"action101","type":"key","parameters":{},"actions":[{"type":"keyDown","value":""},{"type":"pause","duration":10},{"type":"keyUp","value":""}]}]}
COMMAND: POST /session/801e128c03398a69ab1c232e24d6d46c/actions - {"actions":[{"id":"action102","type":"key","parameters":{},"actions":[{"type":"keyDown","value":""},{"type":"pause","duration":10},{"type":"keyUp","value":""}]}]}
COMMAND: GET /session/801e128c03398a69ab1c232e24d6d46c/screenshot - {}
RESULT: {"actions":[{"id":"action102","type":"key","parameters":{},"actions":[{"type":"keyDown","value":""},{"type":"pause","duration":10},{"type":"keyUp","value":""}]}]}
COMMAND: GET /session/801e128c03398a69ab1c232e24d6d46c/screenshot - {}
RESULT: {}
RESULT: {}
COMMAND: POST /session/801e128c03398a69ab1c232e24d6d46c/element - {"using":"xpath","value":"(//input[contains(@id ,\"requestItemsTable-0-inner\")])[1]"}
RESULT: {"using":"xpath","value":"(//input[contains(@id ,\"requestItemsTable-0-inner\")])[1]"}
COMMAND: POST /session/801e128c03398a69ab1c232e24d6d46c/element/f.1FA3EEE566D6D7C9BB4DC331EA0F15D0.d.8A5AF5BA59EEDD99AF06088974019BB5.e.12653/clear - {}
RESULT: {}
COMMAND: POST /session/801e128c03398a69ab1c232e24d6d46c/element/f.1FA3EEE566D6D7C9BB4DC331EA0F15D0.d.8A5AF5BA59EEDD99AF06088974019BB5.e.12653/value - {"text":"catalogItems1l5"}
COMMAND: GET /session/801e128c03398a69ab1c232e24d6d46c/screenshot - {}
RESULT: {"text":"catalogItems1l5"}
COMMAND: GET /session/801e128c03398a69ab1c232e24d6d46c/screenshot - {}
RESULT: {}
RESULT: {}
COMMAND: POST /session/801e128c03398a69ab1c232e24d6d46c/actions - {"actions":[{"id":"action103","type":"key","parameters":{},"actions":[{"type":"keyDown","value":""},{"type":"pause","duration":10},{"type":"keyUp","value":""}]}]}
RESULT: {"actions":[{"id":"action103","type":"key","parameters":{},"actions":[{"type":"keyDown","value":""},{"type":"pause","duration":10},{"type":"keyUp","value":""}]}]}
COMMAND: GET /session/801e128c03398a69ab1c232e24d6d46c/screenshot - {}
RESULT: {}
COMMAND: POST /session/801e128c03398a69ab1c232e24d6d46c/execute/async - {"script":"<script> [1562 bytes]","args":[{"selector":{"controlType":"sap.ui.core.Icon","viewName":"etm.portal.ui.managerequests.view.NewRequest","properties":{"src":{"regex":{"source":"slim\\-arrow\\-down"}}},"ancestor":{"controlType":"sap.m.Button","viewName":"etm.portal.ui.managerequests.view.NewRequest","properties":{"icon":"sap-icon://slim-arrow-down"}}},"wdio_ui5_key":"etmportal.ui.managerequests.view.NewRequestsap.ui.core.Icon{\"src\":{\"regex\":{\"source\":\"slim\\\\-arrow\\\\-down\"}}}{\"controlType\":\"sap.m.Button\",\"viewName\":\"etm.portal.ui.managerequests.view.NewRequest\",\"properties\":{\"icon\":\"sap-icon://slim-arrow-down\"}}"}]}
RESULT: {"script":"<script> [1562 bytes]","args":[{"selector":{"controlType":"sap.ui.core.Icon","viewName":"etm.portal.ui.managerequests.view.NewRequest","properties":{"src":{"regex":{"source":"slim\\-arrow\\-down"}}},"ancestor":{"controlType":"sap.m.Button","viewName":"etm.portal.ui.managerequests.view.NewRequest","properties":{"icon":"sap-icon://slim-arrow-down"}}},"wdio_ui5_key":"etmportal.ui.managerequests.view.NewRequestsap.ui.core.Icon{\"src\":{\"regex\":{\"source\":\"slim\\\\-arrow\\\\-down\"}}}{\"controlType\":\"sap.m.Button\",\"viewName\":\"etm.portal.ui.managerequests.view.NewRequest\",\"properties\":{\"icon\":\"sap-icon://slim-arrow-down\"}}"}]}
RESULT: undefined
COMMAND: POST /session/801e128c03398a69ab1c232e24d6d46c/element - {"using":"xpath","value":"//div[contains(@data-kt ,\"splitAllocationObjectStatus\")]"}
RESULT: {"using":"xpath","value":"//div[contains(@data-kt ,\"splitAllocationObjectStatus\")]"}
COMMAND: POST /session/801e128c03398a69ab1c232e24d6d46c/elements - {"using":"xpath","value":"//div[contains(@data-kt ,\"splitAllocationObjectStatus\")]"}
RESULT: {"using":"xpath","value":"//div[contains(@data-kt ,\"splitAllocationObjectStatus\")]"}
COMMAND: POST /session/801e128c03398a69ab1c232e24d6d46c/execute/async - {"script":"<script> [1562 bytes]","args":[{"selector":{"controlType":"sap.ui.core.Icon","viewName":"etm.portal.ui.managerequests.view.NewRequest","properties":{"src":{"regex":{"source":"message\\-error"}}}},"wdio_ui5_key":"etmportal.ui.managerequests.view.NewRequestsap.ui.core.Icon{\"src\":{\"regex\":{\"source\":\"message\\\\-error\"}}}"}]}
RESULT: {"script":"<script> [1562 bytes]","args":[{"selector":{"controlType":"sap.ui.core.Icon","viewName":"etm.portal.ui.managerequests.view.NewRequest","properties":{"src":{"regex":{"source":"message\\-error"}}}},"wdio_ui5_key":"etmportal.ui.managerequests.view.NewRequestsap.ui.core.Icon{\"src\":{\"regex\":{\"source\":\"message\\\\-error\"}}}"}]}
RESULT: undefined
COMMAND: POST /session/801e128c03398a69ab1c232e24d6d46c/element - {"using":"xpath","value":"//*[@id=\"__status4-__xmlview59--requestItemsTable-0-icon\"]"}
RESULT: {"using":"xpath","value":"//*[@id=\"__status4-__xmlview59--requestItemsTable-0-icon\"]"}
COMMAND: POST /session/801e128c03398a69ab1c232e24d6d46c/element/f.1FA3EEE566D6D7C9BB4DC331EA0F15D0.d.8A5AF5BA59EEDD99AF06088974019BB5.e.12668/click - {}
RESULT: {}
COMMAND: POST /session/801e128c03398a69ab1c232e24d6d46c/execute/async - {"script":"<script> [1562 bytes]","args":[{"selector":{"controlType":"sap.ui.core.Icon","viewName":"etm.portal.ui.managerequests.view.NewRequest","properties":{"src":{"regex":{"source":"slim\\-arrow\\-down"}}},"searchOpenDialogs":true,"ancestor":{"id":"costObjectAdminTypeComboBox","viewName":"etm.portal.ui.managerequests.view.NewRequest","searchOpenDialogs":true}},"wdio_ui5_key":"etmportal.ui.managerequests.view.NewRequestsap.ui.core.Icon{\"src\":{\"regex\":{\"source\":\"slim\\\\-arrow\\\\-down\"}}}{\"id\":\"costObjectAdminTypeComboBox\",\"viewName\":\"etm.portal.ui.managerequests.view.NewRequest\",\"searchOpenDialogs\":true}"}]}
COMMAND: GET /session/801e128c03398a69ab1c232e24d6d46c/screenshot - {}
RESULT: {"script":"<script> [1562 bytes]","args":[{"selector":{"controlType":"sap.ui.core.Icon","viewName":"etm.portal.ui.managerequests.view.NewRequest","properties":{"src":{"regex":{"source":"slim\\-arrow\\-down"}}},"searchOpenDialogs":true,"ancestor":{"id":"costObjectAdminTypeComboBox","viewName":"etm.portal.ui.managerequests.view.NewRequest","searchOpenDialogs":true}},"wdio_ui5_key":"etmportal.ui.managerequests.view.NewRequestsap.ui.core.Icon{\"src\":{\"regex\":{\"source\":\"slim\\\\-arrow\\\\-down\"}}}{\"id\":\"costObjectAdminTypeComboBox\",\"viewName\":\"etm.portal.ui.managerequests.view.NewRequest\",\"searchOpenDialogs\":true}"}]}
RESULT: undefined
COMMAND: POST /session/801e128c03398a69ab1c232e24d6d46c/element - {"using":"xpath","value":"//*[@id=\"__xmlview59--costObjectAdminTypeComboBox-arrow\"]"}
RESULT: {}
RESULT: {"using":"xpath","value":"//*[@id=\"__xmlview59--costObjectAdminTypeComboBox-arrow\"]"}
COMMAND: POST /session/801e128c03398a69ab1c232e24d6d46c/element/f.1FA3EEE566D6D7C9BB4DC331EA0F15D0.d.8A5AF5BA59EEDD99AF06088974019BB5.e.12673/click - {}
RESULT: {}
COMMAND: POST /session/801e128c03398a69ab1c232e24d6d46c/execute/async - {"script":"<script> [1562 bytes]","args":[{"selector":{"controlType":"sap.m.StandardListItem","viewName":"etm.portal.ui.managerequests.view.NewRequest","properties":{"title":"Cost Center"},"searchOpenDialogs":true,"interaction":{"idSuffix":"titleText"}},"wdio_ui5_key":"etmportal.ui.managerequests.view.NewRequestsap.m.StandardListItem{\"title\":\"Cost Center\"}"}]}
COMMAND: GET /session/801e128c03398a69ab1c232e24d6d46c/screenshot - {}
RESULT: {"script":"<script> [1562 bytes]","args":[{"selector":{"controlType":"sap.m.StandardListItem","viewName":"etm.portal.ui.managerequests.view.NewRequest","properties":{"title":"Cost Center"},"searchOpenDialogs":true,"interaction":{"idSuffix":"titleText"}},"wdio_ui5_key":"etmportal.ui.managerequests.view.NewRequestsap.m.StandardListItem{\"title\":\"Cost Center\"}"}]}
RESULT: undefined
COMMAND: POST /session/801e128c03398a69ab1c232e24d6d46c/element - {"using":"xpath","value":"//*[@id=\"__item714\"]"}
RESULT: {}
RESULT: {"using":"xpath","value":"//*[@id=\"__item714\"]"}
COMMAND: POST /session/801e128c03398a69ab1c232e24d6d46c/element/f.1FA3EEE566D6D7C9BB4DC331EA0F15D0.d.8A5AF5BA59EEDD99AF06088974019BB5.e.12675/click - {}
RESULT: {}
COMMAND: GET /session/801e128c03398a69ab1c232e24d6d46c/screenshot - {}
RESULT: {}
COMMAND: POST /session/801e128c03398a69ab1c232e24d6d46c/execute/async - {"script":"<script> [1562 bytes]","args":[{"selector":{"controlType":"sap.ui.core.Icon","viewName":"etm.portal.ui.managerequests.view.NewRequest","properties":{"src":{"regex":{"source":"value\\-help"}}},"searchOpenDialogs":true},"wdio_ui5_key":"etmportal.ui.managerequests.view.NewRequestsap.ui.core.Icon{\"src\":{\"regex\":{\"source\":\"value\\\\-help\"}}}"}]}
RESULT: {"script":"<script> [1562 bytes]","args":[{"selector":{"controlType":"sap.ui.core.Icon","viewName":"etm.portal.ui.managerequests.view.NewRequest","properties":{"src":{"regex":{"source":"value\\-help"}}},"searchOpenDialogs":true},"wdio_ui5_key":"etmportal.ui.managerequests.view.NewRequestsap.ui.core.Icon{\"src\":{\"regex\":{\"source\":\"value\\\\-help\"}}}"}]}
RESULT: undefined
COMMAND: POST /session/801e128c03398a69ab1c232e24d6d46c/element - {"using":"xpath","value":"//*[@id=\"__xmlview59--costObjectIdComboBox-vhi\"]"}
RESULT: {"using":"xpath","value":"//*[@id=\"__xmlview59--costObjectIdComboBox-vhi\"]"}
COMMAND: POST /session/801e128c03398a69ab1c232e24d6d46c/element/f.1FA3EEE566D6D7C9BB4DC331EA0F15D0.d.8A5AF5BA59EEDD99AF06088974019BB5.e.12683/click - {}
RESULT: {}
COMMAND: POST /session/801e128c03398a69ab1c232e24d6d46c/execute/async - {"script":"<script> [1562 bytes]","args":[{"selector":{"controlType":"sap.m.SearchField","properties":{"placeholder":"Search"},"searchOpenDialogs":true,"interaction":{"idSuffix":"I"}},"wdio_ui5_key":"sapm.SearchField{\"placeholder\":\"Search\"}"}]}
COMMAND: GET /session/801e128c03398a69ab1c232e24d6d46c/screenshot - {}
RESULT: {"script":"<script> [1562 bytes]","args":[{"selector":{"controlType":"sap.m.SearchField","properties":{"placeholder":"Search"},"searchOpenDialogs":true,"interaction":{"idSuffix":"I"}},"wdio_ui5_key":"sapm.SearchField{\"placeholder\":\"Search\"}"}]}
RESULT: undefined
COMMAND: POST /session/801e128c03398a69ab1c232e24d6d46c/execute/async - {"script":"<script> [776 bytes]","args":[{"enterText":"10001010","selector":{"controlType":"sap.m.SearchField","properties":{"placeholder":"Search"},"searchOpenDialogs":true,"interaction":{"idSuffix":"I"}},"clearTextFirst":true,"interactionType":"ENTER_TEXT"}]}
RESULT: {}
RESULT: {"script":"<script> [776 bytes]","args":[{"enterText":"10001010","selector":{"controlType":"sap.m.SearchField","properties":{"placeholder":"Search"},"searchOpenDialogs":true,"interaction":{"idSuffix":"I"}},"clearTextFirst":true,"interactionType":"ENTER_TEXT"}]}
COMMAND: POST /session/801e128c03398a69ab1c232e24d6d46c/actions - {"actions":[{"id":"action104","type":"key","parameters":{},"actions":[{"type":"keyDown","value":""},{"type":"pause","duration":10},{"type":"keyUp","value":""}]}]}
RESULT: {"actions":[{"id":"action104","type":"key","parameters":{},"actions":[{"type":"keyDown","value":""},{"type":"pause","duration":10},{"type":"keyUp","value":""}]}]}
COMMAND: GET /session/801e128c03398a69ab1c232e24d6d46c/screenshot - {}
RESULT: {}
COMMAND: POST /session/801e128c03398a69ab1c232e24d6d46c/execute/async - {"script":"<script> [1562 bytes]","args":[{"selector":{"controlType":"sap.m.Text","bindingPath":{"path":"/C_CostCtrValueHelp(CostCenter='10001010',ControllingArea='Z001')","propertyPath":"CostCenterName","modelName":"CostCenterModel"},"searchOpenDialogs":true},"wdio_ui5_key":"sapm.Text{\"path\":\"/C_CostCtrValueHelp(CostCenter='10001010',ControllingArea='Z001')\",\"propertyPath\":\"CostCenterName\",\"modelName\":\"CostCenterModel\"}"}]}
RESULT: {"script":"<script> [1562 bytes]","args":[{"selector":{"controlType":"sap.m.Text","bindingPath":{"path":"/C_CostCtrValueHelp(CostCenter='10001010',ControllingArea='Z001')","propertyPath":"CostCenterName","modelName":"CostCenterModel"},"searchOpenDialogs":true},"wdio_ui5_key":"sapm.Text{\"path\":\"/C_CostCtrValueHelp(CostCenter='10001010',ControllingArea='Z001')\",\"propertyPath\":\"CostCenterName\",\"modelName\":\"CostCenterModel\"}"}]}
RESULT: undefined
COMMAND: POST /session/801e128c03398a69ab1c232e24d6d46c/element - {"using":"xpath","value":"//*[@id=\"__text291-__clone852\"]"}
RESULT: {"using":"xpath","value":"//*[@id=\"__text291-__clone852\"]"}
COMMAND: POST /session/801e128c03398a69ab1c232e24d6d46c/element/f.1FA3EEE566D6D7C9BB4DC331EA0F15D0.d.8A5AF5BA59EEDD99AF06088974019BB5.e.12724/click - {}
RESULT: {}
COMMAND: POST /session/801e128c03398a69ab1c232e24d6d46c/execute/async - {"script":"<script> [1562 bytes]","args":[{"selector":{"controlType":"sap.m.Button","properties":{"text":"OK"},"searchOpenDialogs":true,"interaction":{"idSuffix":"BDI-content"}},"wdio_ui5_key":"sapm.Button{\"text\":\"OK\"}"}]}
COMMAND: GET /session/801e128c03398a69ab1c232e24d6d46c/screenshot - {}
RESULT: {"script":"<script> [1562 bytes]","args":[{"selector":{"controlType":"sap.m.Button","properties":{"text":"OK"},"searchOpenDialogs":true,"interaction":{"idSuffix":"BDI-content"}},"wdio_ui5_key":"sapm.Button{\"text\":\"OK\"}"}]}
RESULT: undefined
COMMAND: POST /session/801e128c03398a69ab1c232e24d6d46c/element - {"using":"xpath","value":"//*[@id=\"__dialog1-ok\"]"}
RESULT: {}
RESULT: {"using":"xpath","value":"//*[@id=\"__dialog1-ok\"]"}
COMMAND: POST /session/801e128c03398a69ab1c232e24d6d46c/element/f.1FA3EEE566D6D7C9BB4DC331EA0F15D0.d.8A5AF5BA59EEDD99AF06088974019BB5.e.12726/click - {}
RESULT: {}
COMMAND: GET /session/801e128c03398a69ab1c232e24d6d46c/screenshot - {}
RESULT: {}
COMMAND: POST /session/801e128c03398a69ab1c232e24d6d46c/execute/async - {"script":"<script> [1562 bytes]","args":[{"selector":{"controlType":"sap.m.Button","viewName":"etm.portal.ui.managerequests.view.NewRequest","i18NText":{"propertyName":"text","key":"save"},"searchOpenDialogs":true,"interaction":{"idSuffix":"BDI-content"}},"wdio_ui5_key":"etmportal.ui.managerequests.view.NewRequestsap.m.Button{\"propertyName\":\"text\",\"key\":\"save\"}"}]}
RESULT: {"script":"<script> [1562 bytes]","args":[{"selector":{"controlType":"sap.m.Button","viewName":"etm.portal.ui.managerequests.view.NewRequest","i18NText":{"propertyName":"text","key":"save"},"searchOpenDialogs":true,"interaction":{"idSuffix":"BDI-content"}},"wdio_ui5_key":"etmportal.ui.managerequests.view.NewRequestsap.m.Button{\"propertyName\":\"text\",\"key\":\"save\"}"}]}
RESULT: undefined
COMMAND: POST /session/801e128c03398a69ab1c232e24d6d46c/element - {"using":"xpath","value":"//*[@id=\"__button24\"]"}
RESULT: {"using":"xpath","value":"//*[@id=\"__button24\"]"}
COMMAND: POST /session/801e128c03398a69ab1c232e24d6d46c/element/f.1FA3EEE566D6D7C9BB4DC331EA0F15D0.d.8A5AF5BA59EEDD99AF06088974019BB5.e.12730/click - {}
RESULT: {}
COMMAND: GET /session/801e128c03398a69ab1c232e24d6d46c/screenshot - {}
RESULT: {}
COMMAND: POST /session/801e128c03398a69ab1c232e24d6d46c/element - {"using":"xpath","value":"(//bdi[contains(text() ,\"Save\")])[1]"}
RESULT: {"using":"xpath","value":"(//bdi[contains(text() ,\"Save\")])[1]"}
COMMAND: POST /session/801e128c03398a69ab1c232e24d6d46c/element/f.1FA3EEE566D6D7C9BB4DC331EA0F15D0.d.8A5AF5BA59EEDD99AF06088974019BB5.e.12733/click - {}
RESULT: {}
COMMAND: GET /session/801e128c03398a69ab1c232e24d6d46c/screenshot - {}
RESULT: {}
COMMAND: POST /session/801e128c03398a69ab1c232e24d6d46c/execute/async - {"script":"<script> [1562 bytes]","args":[{"selector":{"controlType":"sap.m.Title","properties":{"text":"Success"},"searchOpenDialogs":true},"wdio_ui5_key":"sapm.Title{\"text\":\"Success\"}"}]}
RESULT: {"script":"<script> [1562 bytes]","args":[{"selector":{"controlType":"sap.m.Title","properties":{"text":"Success"},"searchOpenDialogs":true},"wdio_ui5_key":"sapm.Title{\"text\":\"Success\"}"}]}
RESULT: undefined
COMMAND: POST /session/801e128c03398a69ab1c232e24d6d46c/execute/async - {"script":"<script> [6424 bytes]","args":[{"element-6066-11e4-a52e-4f735466cecf":"f.1FA3EEE566D6D7C9BB4DC331EA0F15D0.d.8A5AF5BA59EEDD99AF06088974019BB5.e.12736"},"getText",[]]}
RESULT: {"script":"<script> [6424 bytes]","args":[{"element-6066-11e4-a52e-4f735466cecf":"f.1FA3EEE566D6D7C9BB4DC331EA0F15D0.d.8A5AF5BA59EEDD99AF06088974019BB5.e.12736"},"getText",[]]}
COMMAND: POST /session/801e128c03398a69ab1c232e24d6d46c/execute/async - {"script":"<script> [1562 bytes]","args":[{"selector":{"controlType":"sap.m.Button","properties":{"text":"Close"},"searchOpenDialogs":true,"interaction":{"idSuffix":"BDI-content"}},"wdio_ui5_key":"sapm.Button{\"text\":\"Close\"}"}]}
RESULT: {"script":"<script> [1562 bytes]","args":[{"selector":{"controlType":"sap.m.Button","properties":{"text":"Close"},"searchOpenDialogs":true,"interaction":{"idSuffix":"BDI-content"}},"wdio_ui5_key":"sapm.Button{\"text\":\"Close\"}"}]}
RESULT: undefined
COMMAND: POST /session/801e128c03398a69ab1c232e24d6d46c/element - {"using":"xpath","value":"//*[@id=\"__mbox-btn-0\"]"}
RESULT: {"using":"xpath","value":"//*[@id=\"__mbox-btn-0\"]"}
COMMAND: POST /session/801e128c03398a69ab1c232e24d6d46c/element/f.1FA3EEE566D6D7C9BB4DC331EA0F15D0.d.8A5AF5BA59EEDD99AF06088974019BB5.e.12735/click - {}
RESULT: {}
COMMAND: GET /session/801e128c03398a69ab1c232e24d6d46c/screenshot - {}
RESULT: {}
COMMAND: POST /session/801e128c03398a69ab1c232e24d6d46c/execute/async - {"script":"<script> [1562 bytes]","args":[{"selector":{"controlType":"sap.m.Text","viewName":"etm.portal.ui.managerequests.view.Detail","bindingPath":{"propertyPath":"NO","modelName":"catalogModel"}},"wdio_ui5_key":"etmportal.ui.managerequests.view.Detailsap.m.Text{\"propertyPath\":\"NO\",\"modelName\":\"catalogModel\"}"}]}
RESULT: {"script":"<script> [1562 bytes]","args":[{"selector":{"controlType":"sap.m.Text","viewName":"etm.portal.ui.managerequests.view.Detail","bindingPath":{"propertyPath":"NO","modelName":"catalogModel"}},"wdio_ui5_key":"etmportal.ui.managerequests.view.Detailsap.m.Text{\"propertyPath\":\"NO\",\"modelName\":\"catalogModel\"}"}]}
RESULT: undefined
COMMAND: POST /session/801e128c03398a69ab1c232e24d6d46c/execute/async - {"script":"<script> [6424 bytes]","args":[{"element-6066-11e4-a52e-4f735466cecf":"f.1FA3EEE566D6D7C9BB4DC331EA0F15D0.d.8A5AF5BA59EEDD99AF06088974019BB5.e.12861"},"getText",[]]}
RESULT: {"script":"<script> [6424 bytes]","args":[{"element-6066-11e4-a52e-4f735466cecf":"f.1FA3EEE566D6D7C9BB4DC331EA0F15D0.d.8A5AF5BA59EEDD99AF06088974019BB5.e.12861"},"getText",[]]}
COMMAND: POST /session/801e128c03398a69ab1c232e24d6d46c/execute/async - {"script":"<script> [1562 bytes]","args":[{"selector":{"controlType":"sap.ui.core.Icon","viewName":"etm.portal.ui.managerequests.view.Detail","properties":{"src":{"regex":{"source":"date\\-time"}}},"ancestor":{"controlType":"sap.m.ColumnListItem","viewName":"etm.portal.ui.managerequests.view.Detail","bindingPath":{"path":"/SmartRequestItemsPlanningBoard(ITEM=10m,REQUEST='20193')"},"ancestor":{"id":"requestItemsTable","viewName":"etm.portal.ui.managerequests.view.Detail"}}},"wdio_ui5_key":"etmportal.ui.managerequests.view.Detailsap.ui.core.Icon{\"src\":{\"regex\":{\"source\":\"date\\\\-time\"}}}{\"controlType\":\"sap.m.ColumnListItem\",\"viewName\":\"etm.portal.ui.managerequests.view.Detail\",\"bindingPath\":{\"path\":\"/SmartRequestItemsPlanningBoard(ITEM=10m,REQUEST='20193')\"},\"ancestor\":{\"id\":\"requestItemsTable\",\"viewName\":\"etm.portal.ui.managerequests.view.Detail\"}}"}]}
RESULT: {"script":"<script> [1562 bytes]","args":[{"selector":{"controlType":"sap.ui.core.Icon","viewName":"etm.portal.ui.managerequests.view.Detail","properties":{"src":{"regex":{"source":"date\\-time"}}},"ancestor":{"controlType":"sap.m.ColumnListItem","viewName":"etm.portal.ui.managerequests.view.Detail","bindingPath":{"path":"/SmartRequestItemsPlanningBoard(ITEM=10m,REQUEST='20193')"},"ancestor":{"id":"requestItemsTable","viewName":"etm.portal.ui.managerequests.view.Detail"}}},"wdio_ui5_key":"etmportal.ui.managerequests.view.Detailsap.ui.core.Icon{\"src\":{\"regex\":{\"source\":\"date\\\\-time\"}}}{\"controlType\":\"sap.m.ColumnListItem\",\"viewName\":\"etm.portal.ui.managerequests.view.Detail\",\"bindingPath\":{\"path\":\"/SmartRequestItemsPlanningBoard(ITEM=10m,REQUEST='20193')\"},\"ancestor\":{\"id\":\"requestItemsTable\",\"viewName\":\"etm.portal.ui.managerequests.view.Detail\"}}"}]}
RESULT: undefined
COMMAND: POST /session/801e128c03398a69ab1c232e24d6d46c/element - {"using":"xpath","value":"//*[@id=\"__button39-__clone891-img\"]"}
RESULT: {"using":"xpath","value":"//*[@id=\"__button39-__clone891-img\"]"}
COMMAND: POST /session/801e128c03398a69ab1c232e24d6d46c/element/f.1FA3EEE566D6D7C9BB4DC331EA0F15D0.d.8A5AF5BA59EEDD99AF06088974019BB5.e.12862/click - {}
RESULT: {}
COMMAND: POST /session/801e128c03398a69ab1c232e24d6d46c/execute/async - {"script":"<script> [1562 bytes]","args":[{"selector":{"controlType":"sap.m.Button","viewName":"etm.portal.ui.managerequests.view.Detail","properties":{"text":"Close"},"searchOpenDialogs":true,"interaction":{"idSuffix":"BDI-content"}},"wdio_ui5_key":"etmportal.ui.managerequests.view.Detailsap.m.Button{\"text\":\"Close\"}"}]}
COMMAND: GET /session/801e128c03398a69ab1c232e24d6d46c/screenshot - {}
RESULT: {"script":"<script> [1562 bytes]","args":[{"selector":{"controlType":"sap.m.Button","viewName":"etm.portal.ui.managerequests.view.Detail","properties":{"text":"Close"},"searchOpenDialogs":true,"interaction":{"idSuffix":"BDI-content"}},"wdio_ui5_key":"etmportal.ui.managerequests.view.Detailsap.m.Button{\"text\":\"Close\"}"}]}
RESULT: undefined
COMMAND: POST /session/801e128c03398a69ab1c232e24d6d46c/element - {"using":"xpath","value":"//*[@id=\"__button49\"]"}
RESULT: {}
RESULT: {"using":"xpath","value":"//*[@id=\"__button49\"]"}
COMMAND: POST /session/801e128c03398a69ab1c232e24d6d46c/element/f.1FA3EEE566D6D7C9BB4DC331EA0F15D0.d.8A5AF5BA59EEDD99AF06088974019BB5.e.12864/click - {}
RESULT: {}
COMMAND: POST /session/801e128c03398a69ab1c232e24d6d46c/refresh - {}
COMMAND: GET /session/801e128c03398a69ab1c232e24d6d46c/screenshot - {}
RESULT: {}
COMMAND: GET /session/801e128c03398a69ab1c232e24d6d46c/screenshot - {}
RESULT: {}
RESULT: {}
COMMAND: POST /session/801e128c03398a69ab1c232e24d6d46c/execute/async - {"script":"<script> [189 bytes]","args":[]}
RESULT: {"script":"<script> [189 bytes]","args":[]}
COMMAND: POST /session/801e128c03398a69ab1c232e24d6d46c/execute/async - {"script":"<script> [123 bytes]","args":[]}
RESULT: {"script":"<script> [123 bytes]","args":[]}
COMMAND: POST /session/801e128c03398a69ab1c232e24d6d46c/timeouts - {"script":"<number>"}
RESULT: {"script":"<number>"}
COMMAND: GET /session/801e128c03398a69ab1c232e24d6d46c/timeouts - {}
RESULT: {}
RESULT: undefined
COMMAND: POST /session/801e128c03398a69ab1c232e24d6d46c/execute/async - {"script":"<script> [2676 bytes]","args":[]}
RESULT: {"script":"<script> [2676 bytes]","args":[]}
COMMAND: POST /session/801e128c03398a69ab1c232e24d6d46c/execute/async - {"script":"<script> [2342 bytes]","args":[{"protocol":"http","hostname":"0.0.0.0","path":"/","capabilities":{"browserName":"chrome","goog:chromeOptions":{"binary":"C:\\Program Files\\Google\\Chrome\\Application\\chrome.exe","args":["--start-maximized"]}},"logLevel":"warn","connectionRetryTimeout":120000,"connectionRetryCount":3,"logLevels":{},"enableDirectConnect":true,"strictSSL":true,"_":"65 more keys: [\"cacheDir\",\"port\",\"requestedCapabilities\",\"automationProtocol\",\"baseUrl\",\"waitforInterval\",\"waitforTimeout\",\"onReload\",\"beforeCommand\",\"afterCommand\",\"rootDir\",\"specs\",\"suites\",\"exclude\",\"groupLogsByTestSpec\",\"excludeDriverLogs\",\"bail\",\"framework\",\"reporters\",\"services\",\"maxInstances\",\"maxInstancesPerCapability\",\"injectGlobals\",\"filesToWatch\",\"execArgv\",\"runnerEnv\",\"runner\",\"shard\",\"specFileRetries\",\"specFileRetriesDelay\",\"specFileRetriesDeferred\",\"reporterSyncInterval\",\"reporterSyncTimeout\",\"cucumberFeaturesWithLineNumbers\",\"autoCompileOpts\",\"mochaOpts\",\"jasmineOpts\",\"cucumberOpts\",\"onPrepare\",\"onWorkerStart\",\"onWorkerEnd\",\"before\",\"beforeSession\",\"beforeSuite\",\"beforeHook\",\"beforeTest\",\"afterTest\",\"afterHook\",\"afterSuite\",\"afterSession\",\"after\",\"onComplete\",\"beforeAssertion\",\"afterAssertion\",\"beforeFeature\",\"beforeScenario\",\"beforeStep\",\"afterStep\",\"afterScenario\",\"afterFeature\",\"_\",\"suite\",\"$0\",\"ignoredWorkerServices\",\"wdi5\"]"}]}
RESULT: {"script":"<script> [2342 bytes]","args":[{"protocol":"http","hostname":"0.0.0.0","path":"/","capabilities":{"browserName":"chrome","goog:chromeOptions":{"binary":"C:\\Program Files\\Google\\Chrome\\Application\\chrome.exe","args":["--start-maximized"]}},"logLevel":"warn","connectionRetryTimeout":120000,"connectionRetryCount":3,"logLevels":{},"enableDirectConnect":true,"strictSSL":true,"_":"65 more keys: [\"cacheDir\",\"port\",\"requestedCapabilities\",\"automationProtocol\",\"baseUrl\",\"waitforInterval\",\"waitforTimeout\",\"onReload\",\"beforeCommand\",\"afterCommand\",\"rootDir\",\"specs\",\"suites\",\"exclude\",\"groupLogsByTestSpec\",\"excludeDriverLogs\",\"bail\",\"framework\",\"reporters\",\"services\",\"maxInstances\",\"maxInstancesPerCapability\",\"injectGlobals\",\"filesToWatch\",\"execArgv\",\"runnerEnv\",\"runner\",\"shard\",\"specFileRetries\",\"specFileRetriesDelay\",\"specFileRetriesDeferred\",\"reporterSyncInterval\",\"reporterSyncTimeout\",\"cucumberFeaturesWithLineNumbers\",\"autoCompileOpts\",\"mochaOpts\",\"jasmineOpts\",\"cucumberOpts\",\"onPrepare\",\"onWorkerStart\",\"onWorkerEnd\",\"before\",\"beforeSession\",\"beforeSuite\",\"beforeHook\",\"beforeTest\",\"afterTest\",\"afterHook\",\"afterSuite\",\"afterSession\",\"after\",\"onComplete\",\"beforeAssertion\",\"afterAssertion\",\"beforeFeature\",\"beforeScenario\",\"beforeStep\",\"afterStep\",\"afterScenario\",\"afterFeature\",\"_\",\"suite\",\"$0\",\"ignoredWorkerServices\",\"wdi5\"]"}]}
COMMAND: POST /session/801e128c03398a69ab1c232e24d6d46c/execute/async - {"script":"<script> [21126 bytes]","args":[35000]}
RESULT: {"script":"<script> [21126 bytes]","args":[35000]}
]]></system-out>
    </testcase>
    <testcase classname="chrome.136_0_7103_93.windows.Process_request_items_into_new_quotation_US120163" name="Should process the request into a new quotation" time="57.37">
      <system-out><![CDATA[
COMMAND: GET /session/801e128c03398a69ab1c232e24d6d46c/window - {}
RESULT: {}
COMMAND: POST /session/801e128c03398a69ab1c232e24d6d46c/element - {"using":"xpath","value":"//span[contains(@id ,\"detailHeaderTitle-_actionsToolbar-overflowButton-img\")]"}
RESULT: {"using":"xpath","value":"//span[contains(@id ,\"detailHeaderTitle-_actionsToolbar-overflowButton-img\")]"}
COMMAND: POST /session/801e128c03398a69ab1c232e24d6d46c/element/f.1FA3EEE566D6D7C9BB4DC331EA0F15D0.d.EFD5F9B4A7FCDC7120E0481E1DC4B3B3.e.13086/click - {}
RESULT: {}
COMMAND: GET /session/801e128c03398a69ab1c232e24d6d46c/screenshot - {}
RESULT: {}
COMMAND: POST /session/801e128c03398a69ab1c232e24d6d46c/element - {"using":"xpath","value":"//span[contains(@id ,\"actionsMenuButton-internalSplitBtn-arrowButton-img\")]"}
RESULT: {"using":"xpath","value":"//span[contains(@id ,\"actionsMenuButton-internalSplitBtn-arrowButton-img\")]"}
COMMAND: POST /session/801e128c03398a69ab1c232e24d6d46c/element/f.1FA3EEE566D6D7C9BB4DC331EA0F15D0.d.EFD5F9B4A7FCDC7120E0481E1DC4B3B3.e.13090/click - {}
RESULT: {}
COMMAND: GET /session/801e128c03398a69ab1c232e24d6d46c/screenshot - {}
RESULT: {}
COMMAND: POST /session/801e128c03398a69ab1c232e24d6d46c/actions - {"actions":[{"id":"action105","type":"key","parameters":{},"actions":[{"type":"keyDown","value":""},{"type":"pause","duration":10},{"type":"keyUp","value":""}]}]}
RESULT: {"actions":[{"id":"action105","type":"key","parameters":{},"actions":[{"type":"keyDown","value":""},{"type":"pause","duration":10},{"type":"keyUp","value":""}]}]}
COMMAND: GET /session/801e128c03398a69ab1c232e24d6d46c/screenshot - {}
RESULT: {}
COMMAND: POST /session/801e128c03398a69ab1c232e24d6d46c/actions - {"actions":[{"id":"action106","type":"key","parameters":{},"actions":[{"type":"keyDown","value":""},{"type":"pause","duration":10},{"type":"keyUp","value":""}]}]}
RESULT: {"actions":[{"id":"action106","type":"key","parameters":{},"actions":[{"type":"keyDown","value":""},{"type":"pause","duration":10},{"type":"keyUp","value":""}]}]}
COMMAND: GET /session/801e128c03398a69ab1c232e24d6d46c/screenshot - {}
RESULT: {}
COMMAND: POST /session/801e128c03398a69ab1c232e24d6d46c/actions - {"actions":[{"id":"action107","type":"key","parameters":{},"actions":[{"type":"keyDown","value":""},{"type":"pause","duration":10},{"type":"keyUp","value":""}]}]}
RESULT: {"actions":[{"id":"action107","type":"key","parameters":{},"actions":[{"type":"keyDown","value":""},{"type":"pause","duration":10},{"type":"keyUp","value":""}]}]}
COMMAND: GET /session/801e128c03398a69ab1c232e24d6d46c/screenshot - {}
RESULT: {}
COMMAND: POST /session/801e128c03398a69ab1c232e24d6d46c/actions - {"actions":[{"id":"action108","type":"key","parameters":{},"actions":[{"type":"keyDown","value":""},{"type":"pause","duration":10},{"type":"keyUp","value":""}]}]}
RESULT: {"actions":[{"id":"action108","type":"key","parameters":{},"actions":[{"type":"keyDown","value":""},{"type":"pause","duration":10},{"type":"keyUp","value":""}]}]}
COMMAND: GET /session/801e128c03398a69ab1c232e24d6d46c/screenshot - {}
RESULT: {}
COMMAND: POST /session/801e128c03398a69ab1c232e24d6d46c/actions - {"actions":[{"id":"action109","type":"key","parameters":{},"actions":[{"type":"keyDown","value":""},{"type":"pause","duration":10},{"type":"keyUp","value":""}]}]}
RESULT: {"actions":[{"id":"action109","type":"key","parameters":{},"actions":[{"type":"keyDown","value":""},{"type":"pause","duration":10},{"type":"keyUp","value":""}]}]}
COMMAND: GET /session/801e128c03398a69ab1c232e24d6d46c/screenshot - {}
RESULT: {}
COMMAND: GET /session/801e128c03398a69ab1c232e24d6d46c/window/handles - {}
RESULT: {}
COMMAND: GET /session/801e128c03398a69ab1c232e24d6d46c/window/handles - {}
RESULT: {}
COMMAND: POST /session/801e128c03398a69ab1c232e24d6d46c/window - {"handle":"5E355326AA10E06171DB16A5EC3EA5AE"}
RESULT: {"handle":"5E355326AA10E06171DB16A5EC3EA5AE"}
COMMAND: GET /session/801e128c03398a69ab1c232e24d6d46c/url - {}
RESULT: {}
COMMAND: GET /session/801e128c03398a69ab1c232e24d6d46c/screenshot - {}
RESULT: {}
COMMAND: POST /session/801e128c03398a69ab1c232e24d6d46c/element - {"using":"xpath","value":"//span[contains(text(), \"Header Billing Items\")]"}
RESULT: {"using":"xpath","value":"//span[contains(text(), \"Header Billing Items\")]"}
COMMAND: POST /session/801e128c03398a69ab1c232e24d6d46c/element/f.5E355326AA10E06171DB16A5EC3EA5AE.d.C653293F81CCD3DAE8752079CD04E261.e.13315/click - {}
RESULT: {}
COMMAND: GET /session/801e128c03398a69ab1c232e24d6d46c/screenshot - {}
RESULT: {}
COMMAND: POST /session/801e128c03398a69ab1c232e24d6d46c/element - {"using":"xpath","value":"//span[contains(@id ,\"contractItemsSmartTable-header-inner\")]"}
RESULT: {"using":"xpath","value":"//span[contains(@id ,\"contractItemsSmartTable-header-inner\")]"}
COMMAND: GET /session/801e128c03398a69ab1c232e24d6d46c/element/f.5E355326AA10E06171DB16A5EC3EA5AE.d.C653293F81CCD3DAE8752079CD04E261.e.13317/text - {}
RESULT: {}
COMMAND: POST /session/801e128c03398a69ab1c232e24d6d46c/element - {"using":"xpath","value":"//span[@class=\"sapMObjStatusText\"][contains(text(), \"proposed\")]"}
RESULT: {"using":"xpath","value":"//span[@class=\"sapMObjStatusText\"][contains(text(), \"proposed\")]"}
COMMAND: GET /session/801e128c03398a69ab1c232e24d6d46c/element/f.5E355326AA10E06171DB16A5EC3EA5AE.d.C653293F81CCD3DAE8752079CD04E261.e.13318/text - {}
RESULT: {}
COMMAND: DELETE /session/801e128c03398a69ab1c232e24d6d46c/window - {}
RESULT: {}
COMMAND: POST /session/801e128c03398a69ab1c232e24d6d46c/window - {"handle":"1FA3EEE566D6D7C9BB4DC331EA0F15D0"}
RESULT: {"handle":"1FA3EEE566D6D7C9BB4DC331EA0F15D0"}
COMMAND: GET /session/801e128c03398a69ab1c232e24d6d46c/url - {}
RESULT: {}
COMMAND: GET /session/801e128c03398a69ab1c232e24d6d46c/screenshot - {}
RESULT: {}
]]></system-out>
    </testcase>
    <testcase classname="chrome.136_0_7103_93.windows.Process_request_items_into_new_quotation_US120163" name="Should navigate back to the request and check the request and item statuses" time="24.169">
      <system-out><![CDATA[
COMMAND: POST /session/801e128c03398a69ab1c232e24d6d46c/refresh - {}
RESULT: {}
COMMAND: GET /session/801e128c03398a69ab1c232e24d6d46c/screenshot - {}
RESULT: {}
COMMAND: POST /session/801e128c03398a69ab1c232e24d6d46c/execute/async - {"script":"<script> [189 bytes]","args":[]}
RESULT: {"script":"<script> [189 bytes]","args":[]}
COMMAND: POST /session/801e128c03398a69ab1c232e24d6d46c/execute/async - {"script":"<script> [123 bytes]","args":[]}
RESULT: {"script":"<script> [123 bytes]","args":[]}
COMMAND: POST /session/801e128c03398a69ab1c232e24d6d46c/timeouts - {"script":"<number>"}
RESULT: {"script":"<number>"}
COMMAND: GET /session/801e128c03398a69ab1c232e24d6d46c/timeouts - {}
RESULT: {}
RESULT: undefined
COMMAND: POST /session/801e128c03398a69ab1c232e24d6d46c/execute/async - {"script":"<script> [2676 bytes]","args":[]}
RESULT: {"script":"<script> [2676 bytes]","args":[]}
COMMAND: POST /session/801e128c03398a69ab1c232e24d6d46c/execute/async - {"script":"<script> [2342 bytes]","args":[{"protocol":"http","hostname":"0.0.0.0","path":"/","capabilities":{"browserName":"chrome","goog:chromeOptions":{"binary":"C:\\Program Files\\Google\\Chrome\\Application\\chrome.exe","args":["--start-maximized"]}},"logLevel":"warn","connectionRetryTimeout":120000,"connectionRetryCount":3,"logLevels":{},"enableDirectConnect":true,"strictSSL":true,"_":"65 more keys: [\"cacheDir\",\"port\",\"requestedCapabilities\",\"automationProtocol\",\"baseUrl\",\"waitforInterval\",\"waitforTimeout\",\"onReload\",\"beforeCommand\",\"afterCommand\",\"rootDir\",\"specs\",\"suites\",\"exclude\",\"groupLogsByTestSpec\",\"excludeDriverLogs\",\"bail\",\"framework\",\"reporters\",\"services\",\"maxInstances\",\"maxInstancesPerCapability\",\"injectGlobals\",\"filesToWatch\",\"execArgv\",\"runnerEnv\",\"runner\",\"shard\",\"specFileRetries\",\"specFileRetriesDelay\",\"specFileRetriesDeferred\",\"reporterSyncInterval\",\"reporterSyncTimeout\",\"cucumberFeaturesWithLineNumbers\",\"autoCompileOpts\",\"mochaOpts\",\"jasmineOpts\",\"cucumberOpts\",\"onPrepare\",\"onWorkerStart\",\"onWorkerEnd\",\"before\",\"beforeSession\",\"beforeSuite\",\"beforeHook\",\"beforeTest\",\"afterTest\",\"afterHook\",\"afterSuite\",\"afterSession\",\"after\",\"onComplete\",\"beforeAssertion\",\"afterAssertion\",\"beforeFeature\",\"beforeScenario\",\"beforeStep\",\"afterStep\",\"afterScenario\",\"afterFeature\",\"_\",\"suite\",\"$0\",\"ignoredWorkerServices\",\"wdi5\"]"}]}
RESULT: {"script":"<script> [2342 bytes]","args":[{"protocol":"http","hostname":"0.0.0.0","path":"/","capabilities":{"browserName":"chrome","goog:chromeOptions":{"binary":"C:\\Program Files\\Google\\Chrome\\Application\\chrome.exe","args":["--start-maximized"]}},"logLevel":"warn","connectionRetryTimeout":120000,"connectionRetryCount":3,"logLevels":{},"enableDirectConnect":true,"strictSSL":true,"_":"65 more keys: [\"cacheDir\",\"port\",\"requestedCapabilities\",\"automationProtocol\",\"baseUrl\",\"waitforInterval\",\"waitforTimeout\",\"onReload\",\"beforeCommand\",\"afterCommand\",\"rootDir\",\"specs\",\"suites\",\"exclude\",\"groupLogsByTestSpec\",\"excludeDriverLogs\",\"bail\",\"framework\",\"reporters\",\"services\",\"maxInstances\",\"maxInstancesPerCapability\",\"injectGlobals\",\"filesToWatch\",\"execArgv\",\"runnerEnv\",\"runner\",\"shard\",\"specFileRetries\",\"specFileRetriesDelay\",\"specFileRetriesDeferred\",\"reporterSyncInterval\",\"reporterSyncTimeout\",\"cucumberFeaturesWithLineNumbers\",\"autoCompileOpts\",\"mochaOpts\",\"jasmineOpts\",\"cucumberOpts\",\"onPrepare\",\"onWorkerStart\",\"onWorkerEnd\",\"before\",\"beforeSession\",\"beforeSuite\",\"beforeHook\",\"beforeTest\",\"afterTest\",\"afterHook\",\"afterSuite\",\"afterSession\",\"after\",\"onComplete\",\"beforeAssertion\",\"afterAssertion\",\"beforeFeature\",\"beforeScenario\",\"beforeStep\",\"afterStep\",\"afterScenario\",\"afterFeature\",\"_\",\"suite\",\"$0\",\"ignoredWorkerServices\",\"wdi5\"]"}]}
COMMAND: POST /session/801e128c03398a69ab1c232e24d6d46c/execute/async - {"script":"<script> [21126 bytes]","args":[35000]}
RESULT: {"script":"<script> [21126 bytes]","args":[35000]}
COMMAND: POST /session/801e128c03398a69ab1c232e24d6d46c/execute/async - {"script":"<script> [1562 bytes]","args":[{"selector":{"controlType":"sap.m.Text","viewName":"etm.portal.ui.managerequests.view.Detail","bindingPath":{"path":"/SmartRequestItemsPlanningBoard(ITEM=10m,REQUEST='20193')","propertyPath":"STATUS_DESC"}},"wdio_ui5_key":"etmportal.ui.managerequests.view.Detailsap.m.Text{\"path\":\"/SmartRequestItemsPlanningBoard(ITEM=10m,REQUEST='20193')\",\"propertyPath\":\"STATUS_DESC\"}"}]}
RESULT: {"script":"<script> [1562 bytes]","args":[{"selector":{"controlType":"sap.m.Text","viewName":"etm.portal.ui.managerequests.view.Detail","bindingPath":{"path":"/SmartRequestItemsPlanningBoard(ITEM=10m,REQUEST='20193')","propertyPath":"STATUS_DESC"}},"wdio_ui5_key":"etmportal.ui.managerequests.view.Detailsap.m.Text{\"path\":\"/SmartRequestItemsPlanningBoard(ITEM=10m,REQUEST='20193')\",\"propertyPath\":\"STATUS_DESC\"}"}]}
RESULT: undefined
COMMAND: POST /session/801e128c03398a69ab1c232e24d6d46c/execute/async - {"script":"<script> [6424 bytes]","args":[{"element-6066-11e4-a52e-4f735466cecf":"f.1FA3EEE566D6D7C9BB4DC331EA0F15D0.d.89C6B55BEFB8D4B851798D01AD176620.e.13533"},"getText",[]]}
RESULT: {"script":"<script> [6424 bytes]","args":[{"element-6066-11e4-a52e-4f735466cecf":"f.1FA3EEE566D6D7C9BB4DC331EA0F15D0.d.89C6B55BEFB8D4B851798D01AD176620.e.13533"},"getText",[]]}
COMMAND: POST /session/801e128c03398a69ab1c232e24d6d46c/execute/async - {"script":"<script> [1562 bytes]","args":[{"selector":{"controlType":"sap.m.ObjectStatus","viewName":"etm.portal.ui.managerequests.view.Detail","bindingPath":{"path":"/RequestHeaders('20193')","propertyPath":"LINK_TO_STATUS/DESCRIPTION","modelName":"catalogModel"}},"wdio_ui5_key":"etmportal.ui.managerequests.view.Detailsap.m.ObjectStatus{\"path\":\"/RequestHeaders('20193')\",\"propertyPath\":\"LINK_TO_STATUS/DESCRIPTION\",\"modelName\":\"catalogModel\"}"}]}
RESULT: {"script":"<script> [1562 bytes]","args":[{"selector":{"controlType":"sap.m.ObjectStatus","viewName":"etm.portal.ui.managerequests.view.Detail","bindingPath":{"path":"/RequestHeaders('20193')","propertyPath":"LINK_TO_STATUS/DESCRIPTION","modelName":"catalogModel"}},"wdio_ui5_key":"etmportal.ui.managerequests.view.Detailsap.m.ObjectStatus{\"path\":\"/RequestHeaders('20193')\",\"propertyPath\":\"LINK_TO_STATUS/DESCRIPTION\",\"modelName\":\"catalogModel\"}"}]}
RESULT: undefined
COMMAND: POST /session/801e128c03398a69ab1c232e24d6d46c/execute/async - {"script":"<script> [6424 bytes]","args":[{"element-6066-11e4-a52e-4f735466cecf":"f.1FA3EEE566D6D7C9BB4DC331EA0F15D0.d.89C6B55BEFB8D4B851798D01AD176620.e.13534"},"getText",[]]}
RESULT: {"script":"<script> [6424 bytes]","args":[{"element-6066-11e4-a52e-4f735466cecf":"f.1FA3EEE566D6D7C9BB4DC331EA0F15D0.d.89C6B55BEFB8D4B851798D01AD176620.e.13534"},"getText",[]]}
COMMAND: DELETE /session/801e128c03398a69ab1c232e24d6d46c - {}
RESULT: {}
]]></system-out>
    </testcase>
  </testsuite>
</testsuites>