<?xml version="1.0" encoding="UTF-8"?>
<testsuites tests="6" failures="1" errors="1" skipped="0">
  <testsuite timestamp="2025-05-15T16:27:46" time="461.443" tests="5" failures="0" errors="0" skipped="0">
    <properties>
      <property name="specId" value="0" />
      <property name="suiteName" value="Bill of Resources tests for bundle creation &amp; replenishment US131067 US131070" />
      <property name="capabilities" value="chrome.136_0_7103_93.windows" />
      <property name="file" value="file:///D:/a/1/s/test/specs/HTR/create-bundle-replenishment.spec.js" />
    </properties>
    <testcase classname="chrome.136_0_7103_93.windows.Bill_of_Resources_tests_for_bundle_creation_&amp;_replenishment_US131067_US131070" name="Prereq Should create a new yard used for all following tests in the module" time="124.577">
      <system-out><![CDATA[
COMMAND: POST /session/47333eeb8e9c9c97bb3c409b6d4d8cf2/window/fullscreen - {}
RESULT: {}
COMMAND: POST /session/47333eeb8e9c9c97bb3c409b6d4d8cf2/execute/async - {"script":"<script> [1562 bytes]","args":[{"selector":{"controlType":"sap.m.GenericTile","properties":{"header":"Manage Yards"}},"wdio_ui5_key":"sapm.GenericTile{\"header\":\"Manage Yards\"}"}]}
RESULT: {"script":"<script> [1562 bytes]","args":[{"selector":{"controlType":"sap.m.GenericTile","properties":{"header":"Manage Yards"}},"wdio_ui5_key":"sapm.GenericTile{\"header\":\"Manage Yards\"}"}]}
RESULT: undefined
COMMAND: POST /session/47333eeb8e9c9c97bb3c409b6d4d8cf2/element - {"using":"xpath","value":"//*[@id=\"__tile41\"]"}
RESULT: {"using":"xpath","value":"//*[@id=\"__tile41\"]"}
COMMAND: POST /session/47333eeb8e9c9c97bb3c409b6d4d8cf2/element/f.F56EAC2838342C7C2B9CEE5C299FD93C.d.1FFF0710CAEA26E7565B2A94897DBA5B.e.133/click - {}
RESULT: {}
COMMAND: GET /session/47333eeb8e9c9c97bb3c409b6d4d8cf2/screenshot - {}
RESULT: {}
COMMAND: POST /session/47333eeb8e9c9c97bb3c409b6d4d8cf2/elements - {"using":"xpath","value":"//span[text()='Error']"}
RESULT: {"using":"xpath","value":"//span[text()='Error']"}
COMMAND: POST /session/47333eeb8e9c9c97bb3c409b6d4d8cf2/element - {"using":"xpath","value":"//button[@data-kt=\"addNewYardOverflowToolbarButton\"]"}
RESULT: {"using":"xpath","value":"//button[@data-kt=\"addNewYardOverflowToolbarButton\"]"}
COMMAND: POST /session/47333eeb8e9c9c97bb3c409b6d4d8cf2/elements - {"using":"xpath","value":"//button[@data-kt=\"addNewYardOverflowToolbarButton\"]"}
RESULT: {"using":"xpath","value":"//button[@data-kt=\"addNewYardOverflowToolbarButton\"]"}
COMMAND: POST /session/47333eeb8e9c9c97bb3c409b6d4d8cf2/execute/sync - {"script":"<script> [8489 bytes]","args":[{"element-6066-11e4-a52e-4f735466cecf":"f.F56EAC2838342C7C2B9CEE5C299FD93C.d.1FFF0710CAEA26E7565B2A94897DBA5B.e.267","ELEMENT":"f.F56EAC2838342C7C2B9CEE5C299FD93C.d.1FFF0710CAEA26E7565B2A94897DBA5B.e.267"}]}
RESULT: {"script":"<script> [8489 bytes]","args":[{"element-6066-11e4-a52e-4f735466cecf":"f.F56EAC2838342C7C2B9CEE5C299FD93C.d.1FFF0710CAEA26E7565B2A94897DBA5B.e.267","ELEMENT":"f.F56EAC2838342C7C2B9CEE5C299FD93C.d.1FFF0710CAEA26E7565B2A94897DBA5B.e.267"}]}
COMMAND: GET /session/47333eeb8e9c9c97bb3c409b6d4d8cf2/element/f.F56EAC2838342C7C2B9CEE5C299FD93C.d.1FFF0710CAEA26E7565B2A94897DBA5B.e.267/enabled - {}
COMMAND: GET /session/47333eeb8e9c9c97bb3c409b6d4d8cf2/screenshot - {}
RESULT: {}
COMMAND: POST /session/47333eeb8e9c9c97bb3c409b6d4d8cf2/execute/sync - {"script":"<script> [8489 bytes]","args":[{"element-6066-11e4-a52e-4f735466cecf":"f.F56EAC2838342C7C2B9CEE5C299FD93C.d.1FFF0710CAEA26E7565B2A94897DBA5B.e.267","ELEMENT":"f.F56EAC2838342C7C2B9CEE5C299FD93C.d.1FFF0710CAEA26E7565B2A94897DBA5B.e.267"}]}
COMMAND: GET /session/47333eeb8e9c9c97bb3c409b6d4d8cf2/screenshot - {}
RESULT: {}
RESULT: {"script":"<script> [8489 bytes]","args":[{"element-6066-11e4-a52e-4f735466cecf":"f.F56EAC2838342C7C2B9CEE5C299FD93C.d.1FFF0710CAEA26E7565B2A94897DBA5B.e.267","ELEMENT":"f.F56EAC2838342C7C2B9CEE5C299FD93C.d.1FFF0710CAEA26E7565B2A94897DBA5B.e.267"}]}
COMMAND: POST /session/47333eeb8e9c9c97bb3c409b6d4d8cf2/execute/sync - {"script":"<script> [5351 bytes]","args":[{"element-6066-11e4-a52e-4f735466cecf":"f.F56EAC2838342C7C2B9CEE5C299FD93C.d.1FFF0710CAEA26E7565B2A94897DBA5B.e.267","ELEMENT":"f.F56EAC2838342C7C2B9CEE5C299FD93C.d.1FFF0710CAEA26E7565B2A94897DBA5B.e.267"}]}
COMMAND: GET /session/47333eeb8e9c9c97bb3c409b6d4d8cf2/screenshot - {}
RESULT: {}
RESULT: {"script":"<script> [5351 bytes]","args":[{"element-6066-11e4-a52e-4f735466cecf":"f.F56EAC2838342C7C2B9CEE5C299FD93C.d.1FFF0710CAEA26E7565B2A94897DBA5B.e.267","ELEMENT":"f.F56EAC2838342C7C2B9CEE5C299FD93C.d.1FFF0710CAEA26E7565B2A94897DBA5B.e.267"}]}
COMMAND: POST /session/47333eeb8e9c9c97bb3c409b6d4d8cf2/element/f.F56EAC2838342C7C2B9CEE5C299FD93C.d.1FFF0710CAEA26E7565B2A94897DBA5B.e.267/click - {}
COMMAND: GET /session/47333eeb8e9c9c97bb3c409b6d4d8cf2/screenshot - {}
RESULT: {}
RESULT: {}
COMMAND: GET /session/47333eeb8e9c9c97bb3c409b6d4d8cf2/screenshot - {}
RESULT: {}
RESULT: {}
COMMAND: POST /session/47333eeb8e9c9c97bb3c409b6d4d8cf2/element - {"using":"xpath","value":"//input[@id=\"application-manageyards-display-component---NewYard--yardId-inner\"]"}
RESULT: {"using":"xpath","value":"//input[@id=\"application-manageyards-display-component---NewYard--yardId-inner\"]"}
COMMAND: POST /session/47333eeb8e9c9c97bb3c409b6d4d8cf2/element - {"using":"xpath","value":"//input[@id=\"application-manageyards-display-component---NewYard--yardId-inner\"]"}
RESULT: {"using":"xpath","value":"//input[@id=\"application-manageyards-display-component---NewYard--yardId-inner\"]"}
COMMAND: POST /session/47333eeb8e9c9c97bb3c409b6d4d8cf2/execute/async - {"script":"<script> [1562 bytes]","args":[{"selector":{"id":"application-manageyards-display-component---NewYard--addressDetailDetailsName1","interaction":{"idSuffix":"inner"}},"wdio_ui5_key":"applicationmanageyards-display-component---NewYard--addressDetailDetailsName1"}]}
RESULT: {"script":"<script> [1562 bytes]","args":[{"selector":{"id":"application-manageyards-display-component---NewYard--addressDetailDetailsName1","interaction":{"idSuffix":"inner"}},"wdio_ui5_key":"applicationmanageyards-display-component---NewYard--addressDetailDetailsName1"}]}
RESULT: undefined
COMMAND: POST /session/47333eeb8e9c9c97bb3c409b6d4d8cf2/execute/async - {"script":"<script> [776 bytes]","args":[{"enterText":"Other Yard WDIO","selector":{"id":"application-manageyards-display-component---NewYard--addressDetailDetailsName1","interaction":{"idSuffix":"inner"}},"clearTextFirst":true,"interactionType":"ENTER_TEXT"}]}
RESULT: {"script":"<script> [776 bytes]","args":[{"enterText":"Other Yard WDIO","selector":{"id":"application-manageyards-display-component---NewYard--addressDetailDetailsName1","interaction":{"idSuffix":"inner"}},"clearTextFirst":true,"interactionType":"ENTER_TEXT"}]}
COMMAND: POST /session/47333eeb8e9c9c97bb3c409b6d4d8cf2/execute/async - {"script":"<script> [1562 bytes]","args":[{"selector":{"id":"application-manageyards-display-component---NewYard--addressDetailDetailsLanguage-arrow"},"wdio_ui5_key":"applicationmanageyards-display-component---NewYard--addressDetailDetailsLanguage-arrow"}]}
RESULT: {"script":"<script> [1562 bytes]","args":[{"selector":{"id":"application-manageyards-display-component---NewYard--addressDetailDetailsLanguage-arrow"},"wdio_ui5_key":"applicationmanageyards-display-component---NewYard--addressDetailDetailsLanguage-arrow"}]}
RESULT: undefined
COMMAND: POST /session/47333eeb8e9c9c97bb3c409b6d4d8cf2/element - {"using":"xpath","value":"//*[@id=\"application-manageyards-display-component---NewYard--addressDetailDetailsLanguage-arrow\"]"}
RESULT: {"using":"xpath","value":"//*[@id=\"application-manageyards-display-component---NewYard--addressDetailDetailsLanguage-arrow\"]"}
COMMAND: POST /session/47333eeb8e9c9c97bb3c409b6d4d8cf2/element/f.F56EAC2838342C7C2B9CEE5C299FD93C.d.1FFF0710CAEA26E7565B2A94897DBA5B.e.708/click - {}
RESULT: {}
COMMAND: POST /session/47333eeb8e9c9c97bb3c409b6d4d8cf2/element - {"using":"xpath","value":"//span[contains(text(), \"English\")]"}
COMMAND: GET /session/47333eeb8e9c9c97bb3c409b6d4d8cf2/screenshot - {}
RESULT: {"using":"xpath","value":"//span[contains(text(), \"English\")]"}
COMMAND: POST /session/47333eeb8e9c9c97bb3c409b6d4d8cf2/element/f.F56EAC2838342C7C2B9CEE5C299FD93C.d.1FFF0710CAEA26E7565B2A94897DBA5B.e.709/click - {}
RESULT: {}
RESULT: {}
COMMAND: POST /session/47333eeb8e9c9c97bb3c409b6d4d8cf2/execute/async - {"script":"<script> [1562 bytes]","args":[{"selector":{"id":"application-manageyards-display-component---NewYard--addressDetailDetailsCity1","interaction":{"idSuffix":"inner"}},"wdio_ui5_key":"applicationmanageyards-display-component---NewYard--addressDetailDetailsCity1"}]}
COMMAND: GET /session/47333eeb8e9c9c97bb3c409b6d4d8cf2/screenshot - {}
RESULT: {"script":"<script> [1562 bytes]","args":[{"selector":{"id":"application-manageyards-display-component---NewYard--addressDetailDetailsCity1","interaction":{"idSuffix":"inner"}},"wdio_ui5_key":"applicationmanageyards-display-component---NewYard--addressDetailDetailsCity1"}]}
RESULT: undefined
COMMAND: POST /session/47333eeb8e9c9c97bb3c409b6d4d8cf2/execute/async - {"script":"<script> [776 bytes]","args":[{"enterText":"Rosario","selector":{"id":"application-manageyards-display-component---NewYard--addressDetailDetailsCity1","interaction":{"idSuffix":"inner"}},"clearTextFirst":true,"interactionType":"ENTER_TEXT"}]}
RESULT: {}
RESULT: {"script":"<script> [776 bytes]","args":[{"enterText":"Rosario","selector":{"id":"application-manageyards-display-component---NewYard--addressDetailDetailsCity1","interaction":{"idSuffix":"inner"}},"clearTextFirst":true,"interactionType":"ENTER_TEXT"}]}
COMMAND: POST /session/47333eeb8e9c9c97bb3c409b6d4d8cf2/execute/async - {"script":"<script> [1562 bytes]","args":[{"selector":{"id":"application-manageyards-display-component---NewYard--addressDetailDetailsCountry-arrow"},"wdio_ui5_key":"applicationmanageyards-display-component---NewYard--addressDetailDetailsCountry-arrow"}]}
RESULT: {"script":"<script> [1562 bytes]","args":[{"selector":{"id":"application-manageyards-display-component---NewYard--addressDetailDetailsCountry-arrow"},"wdio_ui5_key":"applicationmanageyards-display-component---NewYard--addressDetailDetailsCountry-arrow"}]}
RESULT: undefined
COMMAND: POST /session/47333eeb8e9c9c97bb3c409b6d4d8cf2/element - {"using":"xpath","value":"//*[@id=\"application-manageyards-display-component---NewYard--addressDetailDetailsCountry-arrow\"]"}
RESULT: {"using":"xpath","value":"//*[@id=\"application-manageyards-display-component---NewYard--addressDetailDetailsCountry-arrow\"]"}
COMMAND: POST /session/47333eeb8e9c9c97bb3c409b6d4d8cf2/element/f.F56EAC2838342C7C2B9CEE5C299FD93C.d.1FFF0710CAEA26E7565B2A94897DBA5B.e.711/click - {}
RESULT: {}
COMMAND: POST /session/47333eeb8e9c9c97bb3c409b6d4d8cf2/element - {"using":"xpath","value":"//span[contains(text(), \"Argentina\")]"}
COMMAND: GET /session/47333eeb8e9c9c97bb3c409b6d4d8cf2/screenshot - {}
RESULT: {"using":"xpath","value":"//span[contains(text(), \"Argentina\")]"}
COMMAND: POST /session/47333eeb8e9c9c97bb3c409b6d4d8cf2/element/f.F56EAC2838342C7C2B9CEE5C299FD93C.d.1FFF0710CAEA26E7565B2A94897DBA5B.e.713/click - {}
RESULT: {}
RESULT: {}
COMMAND: POST /session/47333eeb8e9c9c97bb3c409b6d4d8cf2/execute/async - {"script":"<script> [1562 bytes]","args":[{"selector":{"id":"application-manageyards-display-component---NewYard--addressEditDetailsCostObjectCstType-arrow"},"wdio_ui5_key":"applicationmanageyards-display-component---NewYard--addressEditDetailsCostObjectCstType-arrow"}]}
COMMAND: GET /session/47333eeb8e9c9c97bb3c409b6d4d8cf2/screenshot - {}
RESULT: {"script":"<script> [1562 bytes]","args":[{"selector":{"id":"application-manageyards-display-component---NewYard--addressEditDetailsCostObjectCstType-arrow"},"wdio_ui5_key":"applicationmanageyards-display-component---NewYard--addressEditDetailsCostObjectCstType-arrow"}]}
RESULT: undefined
COMMAND: POST /session/47333eeb8e9c9c97bb3c409b6d4d8cf2/element - {"using":"xpath","value":"//*[@id=\"application-manageyards-display-component---NewYard--addressEditDetailsCostObjectCstType-arrow\"]"}
RESULT: {}
RESULT: {"using":"xpath","value":"//*[@id=\"application-manageyards-display-component---NewYard--addressEditDetailsCostObjectCstType-arrow\"]"}
COMMAND: POST /session/47333eeb8e9c9c97bb3c409b6d4d8cf2/element/f.F56EAC2838342C7C2B9CEE5C299FD93C.d.1FFF0710CAEA26E7565B2A94897DBA5B.e.714/click - {}
RESULT: {}
COMMAND: POST /session/47333eeb8e9c9c97bb3c409b6d4d8cf2/element - {"using":"xpath","value":"//span[contains(text(), \"Cost Center\")]"}
COMMAND: GET /session/47333eeb8e9c9c97bb3c409b6d4d8cf2/screenshot - {}
RESULT: {"using":"xpath","value":"//span[contains(text(), \"Cost Center\")]"}
COMMAND: POST /session/47333eeb8e9c9c97bb3c409b6d4d8cf2/element/f.F56EAC2838342C7C2B9CEE5C299FD93C.d.1FFF0710CAEA26E7565B2A94897DBA5B.e.715/click - {}
RESULT: {}
RESULT: {}
COMMAND: GET /session/47333eeb8e9c9c97bb3c409b6d4d8cf2/screenshot - {}
RESULT: {}
COMMAND: POST /session/47333eeb8e9c9c97bb3c409b6d4d8cf2/element - {"using":"xpath","value":"//span[@id=\"application-manageyards-display-component---NewYard--addressNewCostObjectCstID-vhi\"]"}
RESULT: {"using":"xpath","value":"//span[@id=\"application-manageyards-display-component---NewYard--addressNewCostObjectCstID-vhi\"]"}
COMMAND: POST /session/47333eeb8e9c9c97bb3c409b6d4d8cf2/execute/sync - {"script":"<script> [8489 bytes]","args":[{"element-6066-11e4-a52e-4f735466cecf":"f.F56EAC2838342C7C2B9CEE5C299FD93C.d.1FFF0710CAEA26E7565B2A94897DBA5B.e.719","ELEMENT":"f.F56EAC2838342C7C2B9CEE5C299FD93C.d.1FFF0710CAEA26E7565B2A94897DBA5B.e.719"}]}
RESULT: {"script":"<script> [8489 bytes]","args":[{"element-6066-11e4-a52e-4f735466cecf":"f.F56EAC2838342C7C2B9CEE5C299FD93C.d.1FFF0710CAEA26E7565B2A94897DBA5B.e.719","ELEMENT":"f.F56EAC2838342C7C2B9CEE5C299FD93C.d.1FFF0710CAEA26E7565B2A94897DBA5B.e.719"}]}
COMMAND: POST /session/47333eeb8e9c9c97bb3c409b6d4d8cf2/execute/async - {"script":"<script> [1562 bytes]","args":[{"selector":{"id":"application-manageyards-display-component---NewYard--addressNewCostObjectCstID-vhi"},"wdio_ui5_key":"applicationmanageyards-display-component---NewYard--addressNewCostObjectCstID-vhi"}]}
COMMAND: GET /session/47333eeb8e9c9c97bb3c409b6d4d8cf2/screenshot - {}
RESULT: {"script":"<script> [1562 bytes]","args":[{"selector":{"id":"application-manageyards-display-component---NewYard--addressNewCostObjectCstID-vhi"},"wdio_ui5_key":"applicationmanageyards-display-component---NewYard--addressNewCostObjectCstID-vhi"}]}
RESULT: undefined
COMMAND: POST /session/47333eeb8e9c9c97bb3c409b6d4d8cf2/element - {"using":"xpath","value":"//*[@id=\"application-manageyards-display-component---NewYard--addressNewCostObjectCstID-vhi\"]"}
RESULT: {}
RESULT: {"using":"xpath","value":"//*[@id=\"application-manageyards-display-component---NewYard--addressNewCostObjectCstID-vhi\"]"}
COMMAND: POST /session/47333eeb8e9c9c97bb3c409b6d4d8cf2/element/f.F56EAC2838342C7C2B9CEE5C299FD93C.d.1FFF0710CAEA26E7565B2A94897DBA5B.e.719/click - {}
RESULT: {}
COMMAND: GET /session/47333eeb8e9c9c97bb3c409b6d4d8cf2/screenshot - {}
RESULT: {}
COMMAND: POST /session/47333eeb8e9c9c97bb3c409b6d4d8cf2/execute/async - {"script":"<script> [1562 bytes]","args":[{"selector":{"controlType":"sap.m.SearchField","properties":{"placeholder":"Search"},"searchOpenDialogs":true,"interaction":{"idSuffix":"I"}},"wdio_ui5_key":"sapm.SearchField{\"placeholder\":\"Search\"}"}]}
RESULT: {"script":"<script> [1562 bytes]","args":[{"selector":{"controlType":"sap.m.SearchField","properties":{"placeholder":"Search"},"searchOpenDialogs":true,"interaction":{"idSuffix":"I"}},"wdio_ui5_key":"sapm.SearchField{\"placeholder\":\"Search\"}"}]}
RESULT: undefined
COMMAND: POST /session/47333eeb8e9c9c97bb3c409b6d4d8cf2/execute/async - {"script":"<script> [776 bytes]","args":[{"enterText":"bauh_b","selector":{"controlType":"sap.m.SearchField","properties":{"placeholder":"Search"},"searchOpenDialogs":true,"interaction":{"idSuffix":"I"}},"clearTextFirst":true,"interactionType":"ENTER_TEXT"}]}
RESULT: {"script":"<script> [776 bytes]","args":[{"enterText":"bauh_b","selector":{"controlType":"sap.m.SearchField","properties":{"placeholder":"Search"},"searchOpenDialogs":true,"interaction":{"idSuffix":"I"}},"clearTextFirst":true,"interactionType":"ENTER_TEXT"}]}
COMMAND: POST /session/47333eeb8e9c9c97bb3c409b6d4d8cf2/actions - {"actions":[{"id":"action1","type":"key","parameters":{},"actions":[{"type":"keyDown","value":"î€‡"},{"type":"pause","duration":10},{"type":"keyUp","value":"î€‡"}]}]}
RESULT: {"actions":[{"id":"action1","type":"key","parameters":{},"actions":[{"type":"keyDown","value":"î€‡"},{"type":"pause","duration":10},{"type":"keyUp","value":"î€‡"}]}]}
COMMAND: GET /session/47333eeb8e9c9c97bb3c409b6d4d8cf2/screenshot - {}
RESULT: {}
COMMAND: POST /session/47333eeb8e9c9c97bb3c409b6d4d8cf2/element - {"using":"xpath","value":"//span[contains(text(), \"Demo Yard\")]"}
RESULT: {"using":"xpath","value":"//span[contains(text(), \"Demo Yard\")]"}
COMMAND: POST /session/47333eeb8e9c9c97bb3c409b6d4d8cf2/element/f.F56EAC2838342C7C2B9CEE5C299FD93C.d.1FFF0710CAEA26E7565B2A94897DBA5B.e.759/click - {}
RESULT: {}
COMMAND: GET /session/47333eeb8e9c9c97bb3c409b6d4d8cf2/screenshot - {}
RESULT: {}
COMMAND: POST /session/47333eeb8e9c9c97bb3c409b6d4d8cf2/element - {"using":"xpath","value":"//bdi[contains(text(), \"OK\")]"}
RESULT: {"using":"xpath","value":"//bdi[contains(text(), \"OK\")]"}
COMMAND: POST /session/47333eeb8e9c9c97bb3c409b6d4d8cf2/element/f.F56EAC2838342C7C2B9CEE5C299FD93C.d.1FFF0710CAEA26E7565B2A94897DBA5B.e.760/click - {}
RESULT: {}
COMMAND: GET /session/47333eeb8e9c9c97bb3c409b6d4d8cf2/screenshot - {}
RESULT: {}
COMMAND: POST /session/47333eeb8e9c9c97bb3c409b6d4d8cf2/execute/async - {"script":"<script> [1562 bytes]","args":[{"selector":{"id":"application-manageyards-display-component---NewYard--addressEditDetailsCurrency-arrow"},"wdio_ui5_key":"applicationmanageyards-display-component---NewYard--addressEditDetailsCurrency-arrow"}]}
RESULT: {"script":"<script> [1562 bytes]","args":[{"selector":{"id":"application-manageyards-display-component---NewYard--addressEditDetailsCurrency-arrow"},"wdio_ui5_key":"applicationmanageyards-display-component---NewYard--addressEditDetailsCurrency-arrow"}]}
RESULT: undefined
COMMAND: POST /session/47333eeb8e9c9c97bb3c409b6d4d8cf2/element - {"using":"xpath","value":"//*[@id=\"application-manageyards-display-component---NewYard--addressEditDetailsCurrency-arrow\"]"}
RESULT: {"using":"xpath","value":"//*[@id=\"application-manageyards-display-component---NewYard--addressEditDetailsCurrency-arrow\"]"}
COMMAND: POST /session/47333eeb8e9c9c97bb3c409b6d4d8cf2/element/f.F56EAC2838342C7C2B9CEE5C299FD93C.d.1FFF0710CAEA26E7565B2A94897DBA5B.e.763/click - {}
RESULT: {}
COMMAND: POST /session/47333eeb8e9c9c97bb3c409b6d4d8cf2/element - {"using":"xpath","value":"//span[contains(text(), \"Euro\")]"}
COMMAND: GET /session/47333eeb8e9c9c97bb3c409b6d4d8cf2/screenshot - {}
RESULT: {"using":"xpath","value":"//span[contains(text(), \"Euro\")]"}
COMMAND: POST /session/47333eeb8e9c9c97bb3c409b6d4d8cf2/element/f.F56EAC2838342C7C2B9CEE5C299FD93C.d.1FFF0710CAEA26E7565B2A94897DBA5B.e.764/click - {}
RESULT: {}
RESULT: {}
COMMAND: POST /session/47333eeb8e9c9c97bb3c409b6d4d8cf2/execute/async - {"script":"<script> [1562 bytes]","args":[{"selector":{"controlType":"sap.m.Input","viewName":"etm.portal.ui.manageyards.view.New","viewId":"application-manageyards-display-component---NewYard","bindingPath":{"path":"","propertyPath":"/CONTROLLING_AREA","modelName":"NewYardModel"},"interaction":{"idSuffix":"inner"}},"wdio_ui5_key":"etmportal.ui.manageyards.view.Newsap.m.Input{\"path\":\"\",\"propertyPath\":\"/CONTROLLING_AREA\",\"modelName\":\"NewYardModel\"}"}]}
COMMAND: GET /session/47333eeb8e9c9c97bb3c409b6d4d8cf2/screenshot - {}
RESULT: {"script":"<script> [1562 bytes]","args":[{"selector":{"controlType":"sap.m.Input","viewName":"etm.portal.ui.manageyards.view.New","viewId":"application-manageyards-display-component---NewYard","bindingPath":{"path":"","propertyPath":"/CONTROLLING_AREA","modelName":"NewYardModel"},"interaction":{"idSuffix":"inner"}},"wdio_ui5_key":"etmportal.ui.manageyards.view.Newsap.m.Input{\"path\":\"\",\"propertyPath\":\"/CONTROLLING_AREA\",\"modelName\":\"NewYardModel\"}"}]}
RESULT: undefined
COMMAND: POST /session/47333eeb8e9c9c97bb3c409b6d4d8cf2/execute/async - {"script":"<script> [776 bytes]","args":[{"enterText":"Z001","selector":{"controlType":"sap.m.Input","viewName":"etm.portal.ui.manageyards.view.New","viewId":"application-manageyards-display-component---NewYard","bindingPath":{"path":"","propertyPath":"/CONTROLLING_AREA","modelName":"NewYardModel"},"interaction":{"idSuffix":"inner"}},"clearTextFirst":true,"interactionType":"ENTER_TEXT"}]}
RESULT: {}
RESULT: {"script":"<script> [776 bytes]","args":[{"enterText":"Z001","selector":{"controlType":"sap.m.Input","viewName":"etm.portal.ui.manageyards.view.New","viewId":"application-manageyards-display-component---NewYard","bindingPath":{"path":"","propertyPath":"/CONTROLLING_AREA","modelName":"NewYardModel"},"interaction":{"idSuffix":"inner"}},"clearTextFirst":true,"interactionType":"ENTER_TEXT"}]}
COMMAND: POST /session/47333eeb8e9c9c97bb3c409b6d4d8cf2/execute/async - {"script":"<script> [1562 bytes]","args":[{"selector":{"id":"application-manageyards-display-component---NewYard--companyCodeComboBox","interaction":{"idSuffix":"inner"}},"wdio_ui5_key":"applicationmanageyards-display-component---NewYard--companyCodeComboBox"}]}
RESULT: {"script":"<script> [1562 bytes]","args":[{"selector":{"id":"application-manageyards-display-component---NewYard--companyCodeComboBox","interaction":{"idSuffix":"inner"}},"wdio_ui5_key":"applicationmanageyards-display-component---NewYard--companyCodeComboBox"}]}
RESULT: undefined
COMMAND: POST /session/47333eeb8e9c9c97bb3c409b6d4d8cf2/execute/async - {"script":"<script> [776 bytes]","args":[{"enterText":"1000","selector":{"id":"application-manageyards-display-component---NewYard--companyCodeComboBox","interaction":{"idSuffix":"inner"}},"clearTextFirst":true,"interactionType":"ENTER_TEXT"}]}
RESULT: {"script":"<script> [776 bytes]","args":[{"enterText":"1000","selector":{"id":"application-manageyards-display-component---NewYard--companyCodeComboBox","interaction":{"idSuffix":"inner"}},"clearTextFirst":true,"interactionType":"ENTER_TEXT"}]}
COMMAND: POST /session/47333eeb8e9c9c97bb3c409b6d4d8cf2/execute/async - {"script":"<script> [1562 bytes]","args":[{"selector":{"controlType":"sap.m.Input","viewName":"etm.portal.ui.manageyards.view.New","viewId":"application-manageyards-display-component---NewYard","bindingPath":{"path":"","propertyPath":"/PLANT","modelName":"NewYardModel"},"interaction":{"idSuffix":"inner"}},"wdio_ui5_key":"etmportal.ui.manageyards.view.Newsap.m.Input{\"path\":\"\",\"propertyPath\":\"/PLANT\",\"modelName\":\"NewYardModel\"}"}]}
RESULT: {"script":"<script> [1562 bytes]","args":[{"selector":{"controlType":"sap.m.Input","viewName":"etm.portal.ui.manageyards.view.New","viewId":"application-manageyards-display-component---NewYard","bindingPath":{"path":"","propertyPath":"/PLANT","modelName":"NewYardModel"},"interaction":{"idSuffix":"inner"}},"wdio_ui5_key":"etmportal.ui.manageyards.view.Newsap.m.Input{\"path\":\"\",\"propertyPath\":\"/PLANT\",\"modelName\":\"NewYardModel\"}"}]}
RESULT: undefined
COMMAND: POST /session/47333eeb8e9c9c97bb3c409b6d4d8cf2/execute/async - {"script":"<script> [776 bytes]","args":[{"enterText":"1001","selector":{"controlType":"sap.m.Input","viewName":"etm.portal.ui.manageyards.view.New","viewId":"application-manageyards-display-component---NewYard","bindingPath":{"path":"","propertyPath":"/PLANT","modelName":"NewYardModel"},"interaction":{"idSuffix":"inner"}},"clearTextFirst":true,"interactionType":"ENTER_TEXT"}]}
RESULT: {"script":"<script> [776 bytes]","args":[{"enterText":"1001","selector":{"controlType":"sap.m.Input","viewName":"etm.portal.ui.manageyards.view.New","viewId":"application-manageyards-display-component---NewYard","bindingPath":{"path":"","propertyPath":"/PLANT","modelName":"NewYardModel"},"interaction":{"idSuffix":"inner"}},"clearTextFirst":true,"interactionType":"ENTER_TEXT"}]}
COMMAND: POST /session/47333eeb8e9c9c97bb3c409b6d4d8cf2/execute/async - {"script":"<script> [1562 bytes]","args":[{"selector":{"controlType":"sap.m.Input","viewName":"etm.portal.ui.manageyards.view.New","viewId":"application-manageyards-display-component---NewYard","bindingPath":{"path":"","propertyPath":"/SALES_AREA_VKORG","modelName":"NewYardModel"},"interaction":{"idSuffix":"inner"}},"wdio_ui5_key":"etmportal.ui.manageyards.view.Newsap.m.Input{\"path\":\"\",\"propertyPath\":\"/SALES_AREA_VKORG\",\"modelName\":\"NewYardModel\"}"}]}
RESULT: {"script":"<script> [1562 bytes]","args":[{"selector":{"controlType":"sap.m.Input","viewName":"etm.portal.ui.manageyards.view.New","viewId":"application-manageyards-display-component---NewYard","bindingPath":{"path":"","propertyPath":"/SALES_AREA_VKORG","modelName":"NewYardModel"},"interaction":{"idSuffix":"inner"}},"wdio_ui5_key":"etmportal.ui.manageyards.view.Newsap.m.Input{\"path\":\"\",\"propertyPath\":\"/SALES_AREA_VKORG\",\"modelName\":\"NewYardModel\"}"}]}
RESULT: undefined
COMMAND: POST /session/47333eeb8e9c9c97bb3c409b6d4d8cf2/execute/async - {"script":"<script> [776 bytes]","args":[{"enterText":"C002","selector":{"controlType":"sap.m.Input","viewName":"etm.portal.ui.manageyards.view.New","viewId":"application-manageyards-display-component---NewYard","bindingPath":{"path":"","propertyPath":"/SALES_AREA_VKORG","modelName":"NewYardModel"},"interaction":{"idSuffix":"inner"}},"clearTextFirst":true,"interactionType":"ENTER_TEXT"}]}
RESULT: {"script":"<script> [776 bytes]","args":[{"enterText":"C002","selector":{"controlType":"sap.m.Input","viewName":"etm.portal.ui.manageyards.view.New","viewId":"application-manageyards-display-component---NewYard","bindingPath":{"path":"","propertyPath":"/SALES_AREA_VKORG","modelName":"NewYardModel"},"interaction":{"idSuffix":"inner"}},"clearTextFirst":true,"interactionType":"ENTER_TEXT"}]}
COMMAND: POST /session/47333eeb8e9c9c97bb3c409b6d4d8cf2/execute/async - {"script":"<script> [1562 bytes]","args":[{"selector":{"controlType":"sap.m.Input","viewName":"etm.portal.ui.manageyards.view.New","viewId":"application-manageyards-display-component---NewYard","bindingPath":{"path":"","propertyPath":"/SALES_AREA_VTWEG","modelName":"NewYardModel"},"interaction":{"idSuffix":"inner"}},"wdio_ui5_key":"etmportal.ui.manageyards.view.Newsap.m.Input{\"path\":\"\",\"propertyPath\":\"/SALES_AREA_VTWEG\",\"modelName\":\"NewYardModel\"}"}]}
RESULT: {"script":"<script> [1562 bytes]","args":[{"selector":{"controlType":"sap.m.Input","viewName":"etm.portal.ui.manageyards.view.New","viewId":"application-manageyards-display-component---NewYard","bindingPath":{"path":"","propertyPath":"/SALES_AREA_VTWEG","modelName":"NewYardModel"},"interaction":{"idSuffix":"inner"}},"wdio_ui5_key":"etmportal.ui.manageyards.view.Newsap.m.Input{\"path\":\"\",\"propertyPath\":\"/SALES_AREA_VTWEG\",\"modelName\":\"NewYardModel\"}"}]}
RESULT: undefined
COMMAND: POST /session/47333eeb8e9c9c97bb3c409b6d4d8cf2/execute/async - {"script":"<script> [776 bytes]","args":[{"enterText":"C2","selector":{"controlType":"sap.m.Input","viewName":"etm.portal.ui.manageyards.view.New","viewId":"application-manageyards-display-component---NewYard","bindingPath":{"path":"","propertyPath":"/SALES_AREA_VTWEG","modelName":"NewYardModel"},"interaction":{"idSuffix":"inner"}},"clearTextFirst":true,"interactionType":"ENTER_TEXT"}]}
RESULT: {"script":"<script> [776 bytes]","args":[{"enterText":"C2","selector":{"controlType":"sap.m.Input","viewName":"etm.portal.ui.manageyards.view.New","viewId":"application-manageyards-display-component---NewYard","bindingPath":{"path":"","propertyPath":"/SALES_AREA_VTWEG","modelName":"NewYardModel"},"interaction":{"idSuffix":"inner"}},"clearTextFirst":true,"interactionType":"ENTER_TEXT"}]}
COMMAND: POST /session/47333eeb8e9c9c97bb3c409b6d4d8cf2/execute/async - {"script":"<script> [1562 bytes]","args":[{"selector":{"controlType":"sap.m.Input","viewName":"etm.portal.ui.manageyards.view.New","viewId":"application-manageyards-display-component---NewYard","bindingPath":{"path":"","propertyPath":"/SALES_AREA_SPART","modelName":"NewYardModel"},"interaction":{"idSuffix":"inner"}},"wdio_ui5_key":"etmportal.ui.manageyards.view.Newsap.m.Input{\"path\":\"\",\"propertyPath\":\"/SALES_AREA_SPART\",\"modelName\":\"NewYardModel\"}"}]}
RESULT: {"script":"<script> [1562 bytes]","args":[{"selector":{"controlType":"sap.m.Input","viewName":"etm.portal.ui.manageyards.view.New","viewId":"application-manageyards-display-component---NewYard","bindingPath":{"path":"","propertyPath":"/SALES_AREA_SPART","modelName":"NewYardModel"},"interaction":{"idSuffix":"inner"}},"wdio_ui5_key":"etmportal.ui.manageyards.view.Newsap.m.Input{\"path\":\"\",\"propertyPath\":\"/SALES_AREA_SPART\",\"modelName\":\"NewYardModel\"}"}]}
RESULT: undefined
COMMAND: POST /session/47333eeb8e9c9c97bb3c409b6d4d8cf2/execute/async - {"script":"<script> [776 bytes]","args":[{"enterText":"C2","selector":{"controlType":"sap.m.Input","viewName":"etm.portal.ui.manageyards.view.New","viewId":"application-manageyards-display-component---NewYard","bindingPath":{"path":"","propertyPath":"/SALES_AREA_SPART","modelName":"NewYardModel"},"interaction":{"idSuffix":"inner"}},"clearTextFirst":true,"interactionType":"ENTER_TEXT"}]}
RESULT: {"script":"<script> [776 bytes]","args":[{"enterText":"C2","selector":{"controlType":"sap.m.Input","viewName":"etm.portal.ui.manageyards.view.New","viewId":"application-manageyards-display-component---NewYard","bindingPath":{"path":"","propertyPath":"/SALES_AREA_SPART","modelName":"NewYardModel"},"interaction":{"idSuffix":"inner"}},"clearTextFirst":true,"interactionType":"ENTER_TEXT"}]}
COMMAND: POST /session/47333eeb8e9c9c97bb3c409b6d4d8cf2/execute/async - {"script":"<script> [1562 bytes]","args":[{"selector":{"controlType":"sap.m.Input","viewName":"etm.portal.ui.manageyards.view.New","viewId":"application-manageyards-display-component---NewYard","bindingPath":{"path":"","propertyPath":"/SHIP_POINT","modelName":"NewYardModel"},"interaction":{"idSuffix":"inner"}},"wdio_ui5_key":"etmportal.ui.manageyards.view.Newsap.m.Input{\"path\":\"\",\"propertyPath\":\"/SHIP_POINT\",\"modelName\":\"NewYardModel\"}"}]}
RESULT: {"script":"<script> [1562 bytes]","args":[{"selector":{"controlType":"sap.m.Input","viewName":"etm.portal.ui.manageyards.view.New","viewId":"application-manageyards-display-component---NewYard","bindingPath":{"path":"","propertyPath":"/SHIP_POINT","modelName":"NewYardModel"},"interaction":{"idSuffix":"inner"}},"wdio_ui5_key":"etmportal.ui.manageyards.view.Newsap.m.Input{\"path\":\"\",\"propertyPath\":\"/SHIP_POINT\",\"modelName\":\"NewYardModel\"}"}]}
RESULT: undefined
COMMAND: POST /session/47333eeb8e9c9c97bb3c409b6d4d8cf2/execute/async - {"script":"<script> [776 bytes]","args":[{"enterText":"1710","selector":{"controlType":"sap.m.Input","viewName":"etm.portal.ui.manageyards.view.New","viewId":"application-manageyards-display-component---NewYard","bindingPath":{"path":"","propertyPath":"/SHIP_POINT","modelName":"NewYardModel"},"interaction":{"idSuffix":"inner"}},"clearTextFirst":true,"interactionType":"ENTER_TEXT"}]}
RESULT: {"script":"<script> [776 bytes]","args":[{"enterText":"1710","selector":{"controlType":"sap.m.Input","viewName":"etm.portal.ui.manageyards.view.New","viewId":"application-manageyards-display-component---NewYard","bindingPath":{"path":"","propertyPath":"/SHIP_POINT","modelName":"NewYardModel"},"interaction":{"idSuffix":"inner"}},"clearTextFirst":true,"interactionType":"ENTER_TEXT"}]}
COMMAND: POST /session/47333eeb8e9c9c97bb3c409b6d4d8cf2/execute/async - {"script":"<script> [1562 bytes]","args":[{"selector":{"controlType":"sap.m.Input","viewName":"etm.portal.ui.manageyards.view.New","viewId":"application-manageyards-display-component---NewYard","bindingPath":{"path":"","propertyPath":"/DELIVERY_TYPE","modelName":"NewYardModel"},"interaction":{"idSuffix":"inner"}},"wdio_ui5_key":"etmportal.ui.manageyards.view.Newsap.m.Input{\"path\":\"\",\"propertyPath\":\"/DELIVERY_TYPE\",\"modelName\":\"NewYardModel\"}"}]}
RESULT: {"script":"<script> [1562 bytes]","args":[{"selector":{"controlType":"sap.m.Input","viewName":"etm.portal.ui.manageyards.view.New","viewId":"application-manageyards-display-component---NewYard","bindingPath":{"path":"","propertyPath":"/DELIVERY_TYPE","modelName":"NewYardModel"},"interaction":{"idSuffix":"inner"}},"wdio_ui5_key":"etmportal.ui.manageyards.view.Newsap.m.Input{\"path\":\"\",\"propertyPath\":\"/DELIVERY_TYPE\",\"modelName\":\"NewYardModel\"}"}]}
RESULT: undefined
COMMAND: POST /session/47333eeb8e9c9c97bb3c409b6d4d8cf2/execute/async - {"script":"<script> [776 bytes]","args":[{"enterText":"ZL01","selector":{"controlType":"sap.m.Input","viewName":"etm.portal.ui.manageyards.view.New","viewId":"application-manageyards-display-component---NewYard","bindingPath":{"path":"","propertyPath":"/DELIVERY_TYPE","modelName":"NewYardModel"},"interaction":{"idSuffix":"inner"}},"clearTextFirst":true,"interactionType":"ENTER_TEXT"}]}
RESULT: {"script":"<script> [776 bytes]","args":[{"enterText":"ZL01","selector":{"controlType":"sap.m.Input","viewName":"etm.portal.ui.manageyards.view.New","viewId":"application-manageyards-display-component---NewYard","bindingPath":{"path":"","propertyPath":"/DELIVERY_TYPE","modelName":"NewYardModel"},"interaction":{"idSuffix":"inner"}},"clearTextFirst":true,"interactionType":"ENTER_TEXT"}]}
COMMAND: POST /session/47333eeb8e9c9c97bb3c409b6d4d8cf2/execute/async - {"script":"<script> [1562 bytes]","args":[{"selector":{"controlType":"sap.m.Input","viewName":"etm.portal.ui.manageyards.view.New","viewId":"application-manageyards-display-component---NewYard","bindingPath":{"path":"","propertyPath":"/AUART","modelName":"NewYardModel"},"interaction":{"idSuffix":"inner"}},"wdio_ui5_key":"etmportal.ui.manageyards.view.Newsap.m.Input{\"path\":\"\",\"propertyPath\":\"/AUART\",\"modelName\":\"NewYardModel\"}"}]}
RESULT: {"script":"<script> [1562 bytes]","args":[{"selector":{"controlType":"sap.m.Input","viewName":"etm.portal.ui.manageyards.view.New","viewId":"application-manageyards-display-component---NewYard","bindingPath":{"path":"","propertyPath":"/AUART","modelName":"NewYardModel"},"interaction":{"idSuffix":"inner"}},"wdio_ui5_key":"etmportal.ui.manageyards.view.Newsap.m.Input{\"path\":\"\",\"propertyPath\":\"/AUART\",\"modelName\":\"NewYardModel\"}"}]}
RESULT: undefined
COMMAND: POST /session/47333eeb8e9c9c97bb3c409b6d4d8cf2/execute/async - {"script":"<script> [776 bytes]","args":[{"enterText":"TA","selector":{"controlType":"sap.m.Input","viewName":"etm.portal.ui.manageyards.view.New","viewId":"application-manageyards-display-component---NewYard","bindingPath":{"path":"","propertyPath":"/AUART","modelName":"NewYardModel"},"interaction":{"idSuffix":"inner"}},"clearTextFirst":true,"interactionType":"ENTER_TEXT"}]}
RESULT: {"script":"<script> [776 bytes]","args":[{"enterText":"TA","selector":{"controlType":"sap.m.Input","viewName":"etm.portal.ui.manageyards.view.New","viewId":"application-manageyards-display-component---NewYard","bindingPath":{"path":"","propertyPath":"/AUART","modelName":"NewYardModel"},"interaction":{"idSuffix":"inner"}},"clearTextFirst":true,"interactionType":"ENTER_TEXT"}]}
COMMAND: POST /session/47333eeb8e9c9c97bb3c409b6d4d8cf2/element - {"using":"xpath","value":"//button[@data-kt=\"newYardSaveButton\"]"}
RESULT: {"using":"xpath","value":"//button[@data-kt=\"newYardSaveButton\"]"}
COMMAND: POST /session/47333eeb8e9c9c97bb3c409b6d4d8cf2/element/f.F56EAC2838342C7C2B9CEE5C299FD93C.d.1FFF0710CAEA26E7565B2A94897DBA5B.e.670/click - {}
RESULT: {}
COMMAND: GET /session/47333eeb8e9c9c97bb3c409b6d4d8cf2/screenshot - {}
RESULT: {}
COMMAND: POST /session/47333eeb8e9c9c97bb3c409b6d4d8cf2/element - {"using":"xpath","value":"//header[contains(@id, 'ObjectPageLayout-headerTitle')]/div[1]/div[2]/div[1]/span[1]"}
RESULT: {"using":"xpath","value":"//header[contains(@id, 'ObjectPageLayout-headerTitle')]/div[1]/div[2]/div[1]/span[1]"}
COMMAND: POST /session/47333eeb8e9c9c97bb3c409b6d4d8cf2/elements - {"using":"xpath","value":"//header[contains(@id, 'ObjectPageLayout-headerTitle')]/div[1]/div[2]/div[1]/span[1]"}
RESULT: {"using":"xpath","value":"//header[contains(@id, 'ObjectPageLayout-headerTitle')]/div[1]/div[2]/div[1]/span[1]"}
COMMAND: POST /session/47333eeb8e9c9c97bb3c409b6d4d8cf2/execute/sync - {"script":"<script> [56 bytes]","args":[{"element-6066-11e4-a52e-4f735466cecf":"f.F56EAC2838342C7C2B9CEE5C299FD93C.d.1FFF0710CAEA26E7565B2A94897DBA5B.e.999","ELEMENT":"f.F56EAC2838342C7C2B9CEE5C299FD93C.d.1FFF0710CAEA26E7565B2A94897DBA5B.e.999"}]}
RESULT: {"script":"<script> [56 bytes]","args":[{"element-6066-11e4-a52e-4f735466cecf":"f.F56EAC2838342C7C2B9CEE5C299FD93C.d.1FFF0710CAEA26E7565B2A94897DBA5B.e.999","ELEMENT":"f.F56EAC2838342C7C2B9CEE5C299FD93C.d.1FFF0710CAEA26E7565B2A94897DBA5B.e.999"}]}
COMMAND: GET /session/47333eeb8e9c9c97bb3c409b6d4d8cf2/screenshot - {}
RESULT: {}
COMMAND: POST /session/47333eeb8e9c9c97bb3c409b6d4d8cf2/element - {"using":"css selector","value":"#shell-header-logo"}
RESULT: {"using":"css selector","value":"#shell-header-logo"}
COMMAND: POST /session/47333eeb8e9c9c97bb3c409b6d4d8cf2/element/f.F56EAC2838342C7C2B9CEE5C299FD93C.d.1FFF0710CAEA26E7565B2A94897DBA5B.e.235/click - {}
RESULT: {}
COMMAND: GET /session/47333eeb8e9c9c97bb3c409b6d4d8cf2/screenshot - {}
RESULT: {}
COMMAND: POST /session/47333eeb8e9c9c97bb3c409b6d4d8cf2/execute/sync - {"script":"<script> [299 bytes]","args":[["getModel","getResource"]]}
RESULT: {"script":"<script> [299 bytes]","args":[["getModel","getResource"]]}
COMMAND: GET /session/47333eeb8e9c9c97bb3c409b6d4d8cf2/screenshot - {}
]]></system-out>
    </testcase>
    <testcase classname="chrome.136_0_7103_93.windows.Bill_of_Resources_tests_for_bundle_creation_&amp;_replenishment_US131067_US131070" name="Should create two equipments one being a copy of the other" time="120.818">
      <system-out><![CDATA[
COMMAND: POST /session/47333eeb8e9c9c97bb3c409b6d4d8cf2/execute/async - {"script":"<script> [1562 bytes]","args":[{"selector":{"controlType":"sap.m.GenericTile","properties":{"header":"Manage Resources"}},"wdio_ui5_key":"sapm.GenericTile{\"header\":\"Manage Resources\"}"}]}
RESULT: {}
RESULT: {"script":"<script> [1562 bytes]","args":[{"selector":{"controlType":"sap.m.GenericTile","properties":{"header":"Manage Resources"}},"wdio_ui5_key":"sapm.GenericTile{\"header\":\"Manage Resources\"}"}]}
RESULT: undefined
COMMAND: POST /session/47333eeb8e9c9c97bb3c409b6d4d8cf2/element - {"using":"xpath","value":"//*[@id=\"__tile39\"]"}
RESULT: {"using":"xpath","value":"//*[@id=\"__tile39\"]"}
COMMAND: POST /session/47333eeb8e9c9c97bb3c409b6d4d8cf2/element/f.F56EAC2838342C7C2B9CEE5C299FD93C.d.1FFF0710CAEA26E7565B2A94897DBA5B.e.127/click - {}
RESULT: {}
COMMAND: GET /session/47333eeb8e9c9c97bb3c409b6d4d8cf2/screenshot - {}
RESULT: {}
COMMAND: POST /session/47333eeb8e9c9c97bb3c409b6d4d8cf2/elements - {"using":"xpath","value":"//span[text()='Error']"}
RESULT: {"using":"xpath","value":"//span[text()='Error']"}
COMMAND: POST /session/47333eeb8e9c9c97bb3c409b6d4d8cf2/element - {"using":"xpath","value":"//button[@data-kt=\"addNewRUOverflowToolbarButton\"]"}
RESULT: {"using":"xpath","value":"//button[@data-kt=\"addNewRUOverflowToolbarButton\"]"}
COMMAND: POST /session/47333eeb8e9c9c97bb3c409b6d4d8cf2/elements - {"using":"xpath","value":"//button[@data-kt=\"addNewRUOverflowToolbarButton\"]"}
RESULT: {"using":"xpath","value":"//button[@data-kt=\"addNewRUOverflowToolbarButton\"]"}
COMMAND: POST /session/47333eeb8e9c9c97bb3c409b6d4d8cf2/execute/sync - {"script":"<script> [8489 bytes]","args":[{"element-6066-11e4-a52e-4f735466cecf":"f.F56EAC2838342C7C2B9CEE5C299FD93C.d.1FFF0710CAEA26E7565B2A94897DBA5B.e.1032","ELEMENT":"f.F56EAC2838342C7C2B9CEE5C299FD93C.d.1FFF0710CAEA26E7565B2A94897DBA5B.e.1032"}]}
RESULT: {"script":"<script> [8489 bytes]","args":[{"element-6066-11e4-a52e-4f735466cecf":"f.F56EAC2838342C7C2B9CEE5C299FD93C.d.1FFF0710CAEA26E7565B2A94897DBA5B.e.1032","ELEMENT":"f.F56EAC2838342C7C2B9CEE5C299FD93C.d.1FFF0710CAEA26E7565B2A94897DBA5B.e.1032"}]}
COMMAND: GET /session/47333eeb8e9c9c97bb3c409b6d4d8cf2/element/f.F56EAC2838342C7C2B9CEE5C299FD93C.d.1FFF0710CAEA26E7565B2A94897DBA5B.e.1032/enabled - {}
COMMAND: GET /session/47333eeb8e9c9c97bb3c409b6d4d8cf2/screenshot - {}
RESULT: {}
COMMAND: POST /session/47333eeb8e9c9c97bb3c409b6d4d8cf2/execute/sync - {"script":"<script> [8489 bytes]","args":[{"element-6066-11e4-a52e-4f735466cecf":"f.F56EAC2838342C7C2B9CEE5C299FD93C.d.1FFF0710CAEA26E7565B2A94897DBA5B.e.1032","ELEMENT":"f.F56EAC2838342C7C2B9CEE5C299FD93C.d.1FFF0710CAEA26E7565B2A94897DBA5B.e.1032"}]}
COMMAND: GET /session/47333eeb8e9c9c97bb3c409b6d4d8cf2/screenshot - {}
RESULT: {}
RESULT: {"script":"<script> [8489 bytes]","args":[{"element-6066-11e4-a52e-4f735466cecf":"f.F56EAC2838342C7C2B9CEE5C299FD93C.d.1FFF0710CAEA26E7565B2A94897DBA5B.e.1032","ELEMENT":"f.F56EAC2838342C7C2B9CEE5C299FD93C.d.1FFF0710CAEA26E7565B2A94897DBA5B.e.1032"}]}
COMMAND: POST /session/47333eeb8e9c9c97bb3c409b6d4d8cf2/execute/sync - {"script":"<script> [5351 bytes]","args":[{"element-6066-11e4-a52e-4f735466cecf":"f.F56EAC2838342C7C2B9CEE5C299FD93C.d.1FFF0710CAEA26E7565B2A94897DBA5B.e.1032","ELEMENT":"f.F56EAC2838342C7C2B9CEE5C299FD93C.d.1FFF0710CAEA26E7565B2A94897DBA5B.e.1032"}]}
COMMAND: GET /session/47333eeb8e9c9c97bb3c409b6d4d8cf2/screenshot - {}
RESULT: {}
RESULT: {"script":"<script> [5351 bytes]","args":[{"element-6066-11e4-a52e-4f735466cecf":"f.F56EAC2838342C7C2B9CEE5C299FD93C.d.1FFF0710CAEA26E7565B2A94897DBA5B.e.1032","ELEMENT":"f.F56EAC2838342C7C2B9CEE5C299FD93C.d.1FFF0710CAEA26E7565B2A94897DBA5B.e.1032"}]}
COMMAND: POST /session/47333eeb8e9c9c97bb3c409b6d4d8cf2/element/f.F56EAC2838342C7C2B9CEE5C299FD93C.d.1FFF0710CAEA26E7565B2A94897DBA5B.e.1032/click - {}
COMMAND: GET /session/47333eeb8e9c9c97bb3c409b6d4d8cf2/screenshot - {}
RESULT: {}
RESULT: {}
COMMAND: GET /session/47333eeb8e9c9c97bb3c409b6d4d8cf2/screenshot - {}
RESULT: {}
COMMAND: POST /session/47333eeb8e9c9c97bb3c409b6d4d8cf2/execute/async - {"script":"<script> [1562 bytes]","args":[{"selector":{"id":"application-manageresources-display-component---newResourceUnit--TYPE-arrow"},"wdio_ui5_key":"applicationmanageresources-display-component---newResourceUnit--TYPE-arrow"}]}
RESULT: {}
RESULT: {"script":"<script> [1562 bytes]","args":[{"selector":{"id":"application-manageresources-display-component---newResourceUnit--TYPE-arrow"},"wdio_ui5_key":"applicationmanageresources-display-component---newResourceUnit--TYPE-arrow"}]}
RESULT: undefined
COMMAND: POST /session/47333eeb8e9c9c97bb3c409b6d4d8cf2/element - {"using":"xpath","value":"//*[@id=\"application-manageresources-display-component---newResourceUnit--TYPE-arrow\"]"}
RESULT: {"using":"xpath","value":"//*[@id=\"application-manageresources-display-component---newResourceUnit--TYPE-arrow\"]"}
COMMAND: POST /session/47333eeb8e9c9c97bb3c409b6d4d8cf2/element/f.F56EAC2838342C7C2B9CEE5C299FD93C.d.1FFF0710CAEA26E7565B2A94897DBA5B.e.1393/click - {}
RESULT: {}
COMMAND: POST /session/47333eeb8e9c9c97bb3c409b6d4d8cf2/execute/async - {"script":"<script> [1562 bytes]","args":[{"selector":{"controlType":"sap.m.StandardListItem","viewName":"reusables.view.manageresources.NewResourceUnit","viewId":"application-manageresources-display-component---newResourceUnit","properties":{"title":"Equipment"},"searchOpenDialogs":true,"interaction":{"idSuffix":"content"}},"wdio_ui5_key":"reusablesview.manageresources.NewResourceUnitsap.m.StandardListItem{\"title\":\"Equipment\"}"}]}
COMMAND: GET /session/47333eeb8e9c9c97bb3c409b6d4d8cf2/screenshot - {}
RESULT: {"script":"<script> [1562 bytes]","args":[{"selector":{"controlType":"sap.m.StandardListItem","viewName":"reusables.view.manageresources.NewResourceUnit","viewId":"application-manageresources-display-component---newResourceUnit","properties":{"title":"Equipment"},"searchOpenDialogs":true,"interaction":{"idSuffix":"content"}},"wdio_ui5_key":"reusablesview.manageresources.NewResourceUnitsap.m.StandardListItem{\"title\":\"Equipment\"}"}]}
RESULT: undefined
COMMAND: POST /session/47333eeb8e9c9c97bb3c409b6d4d8cf2/element - {"using":"xpath","value":"//*[@id=\"__item476\"]"}
RESULT: {}
RESULT: {"using":"xpath","value":"//*[@id=\"__item476\"]"}
COMMAND: POST /session/47333eeb8e9c9c97bb3c409b6d4d8cf2/element/f.F56EAC2838342C7C2B9CEE5C299FD93C.d.1FFF0710CAEA26E7565B2A94897DBA5B.e.1396/click - {}
RESULT: {}
COMMAND: POST /session/47333eeb8e9c9c97bb3c409b6d4d8cf2/execute/async - {"script":"<script> [1562 bytes]","args":[{"selector":{"id":"application-manageresources-display-component---newResourceUnit--resourceId","interaction":{"idSuffix":"inner"}},"wdio_ui5_key":"applicationmanageresources-display-component---newResourceUnit--resourceId"}]}
COMMAND: GET /session/47333eeb8e9c9c97bb3c409b6d4d8cf2/screenshot - {}
RESULT: {"script":"<script> [1562 bytes]","args":[{"selector":{"id":"application-manageresources-display-component---newResourceUnit--resourceId","interaction":{"idSuffix":"inner"}},"wdio_ui5_key":"applicationmanageresources-display-component---newResourceUnit--resourceId"}]}
RESULT: undefined
COMMAND: POST /session/47333eeb8e9c9c97bb3c409b6d4d8cf2/execute/async - {"script":"<script> [776 bytes]","args":[{"enterText":"Y24jsenB6_1","selector":{"id":"application-manageresources-display-component---newResourceUnit--resourceId","interaction":{"idSuffix":"inner"}},"clearTextFirst":true,"interactionType":"ENTER_TEXT"}]}
RESULT: {}
RESULT: {"script":"<script> [776 bytes]","args":[{"enterText":"Y24jsenB6_1","selector":{"id":"application-manageresources-display-component---newResourceUnit--resourceId","interaction":{"idSuffix":"inner"}},"clearTextFirst":true,"interactionType":"ENTER_TEXT"}]}
COMMAND: POST /session/47333eeb8e9c9c97bb3c409b6d4d8cf2/execute/async - {"script":"<script> [1562 bytes]","args":[{"selector":{"id":"application-manageresources-display-component---newResourceUnit--SHORT_TEXT","interaction":{"idSuffix":"inner"}},"wdio_ui5_key":"applicationmanageresources-display-component---newResourceUnit--SHORT_TEXT"}]}
RESULT: {"script":"<script> [1562 bytes]","args":[{"selector":{"id":"application-manageresources-display-component---newResourceUnit--SHORT_TEXT","interaction":{"idSuffix":"inner"}},"wdio_ui5_key":"applicationmanageresources-display-component---newResourceUnit--SHORT_TEXT"}]}
RESULT: undefined
COMMAND: POST /session/47333eeb8e9c9c97bb3c409b6d4d8cf2/execute/async - {"script":"<script> [776 bytes]","args":[{"enterText":"Y24jsenB6_1","selector":{"id":"application-manageresources-display-component---newResourceUnit--SHORT_TEXT","interaction":{"idSuffix":"inner"}},"clearTextFirst":true,"interactionType":"ENTER_TEXT"}]}
RESULT: {"script":"<script> [776 bytes]","args":[{"enterText":"Y24jsenB6_1","selector":{"id":"application-manageresources-display-component---newResourceUnit--SHORT_TEXT","interaction":{"idSuffix":"inner"}},"clearTextFirst":true,"interactionType":"ENTER_TEXT"}]}
COMMAND: POST /session/47333eeb8e9c9c97bb3c409b6d4d8cf2/execute/async - {"script":"<script> [1562 bytes]","args":[{"selector":{"id":"application-manageresources-display-component---newResourceUnit--BASE_UNIT_OF_MEASURE","interaction":{"idSuffix":"inner"}},"wdio_ui5_key":"applicationmanageresources-display-component---newResourceUnit--BASE_UNIT_OF_MEASURE"}]}
RESULT: {"script":"<script> [1562 bytes]","args":[{"selector":{"id":"application-manageresources-display-component---newResourceUnit--BASE_UNIT_OF_MEASURE","interaction":{"idSuffix":"inner"}},"wdio_ui5_key":"applicationmanageresources-display-component---newResourceUnit--BASE_UNIT_OF_MEASURE"}]}
RESULT: undefined
COMMAND: POST /session/47333eeb8e9c9c97bb3c409b6d4d8cf2/execute/async - {"script":"<script> [776 bytes]","args":[{"enterText":"Piece","selector":{"id":"application-manageresources-display-component---newResourceUnit--BASE_UNIT_OF_MEASURE","interaction":{"idSuffix":"inner"}},"clearTextFirst":true,"interactionType":"ENTER_TEXT"}]}
RESULT: {"script":"<script> [776 bytes]","args":[{"enterText":"Piece","selector":{"id":"application-manageresources-display-component---newResourceUnit--BASE_UNIT_OF_MEASURE","interaction":{"idSuffix":"inner"}},"clearTextFirst":true,"interactionType":"ENTER_TEXT"}]}
COMMAND: POST /session/47333eeb8e9c9c97bb3c409b6d4d8cf2/execute/async - {"script":"<script> [1562 bytes]","args":[{"selector":{"id":"application-manageresources-display-component---newResourceUnit--WEIGHT_UNIT","interaction":{"idSuffix":"inner"}},"wdio_ui5_key":"applicationmanageresources-display-component---newResourceUnit--WEIGHT_UNIT"}]}
RESULT: {"script":"<script> [1562 bytes]","args":[{"selector":{"id":"application-manageresources-display-component---newResourceUnit--WEIGHT_UNIT","interaction":{"idSuffix":"inner"}},"wdio_ui5_key":"applicationmanageresources-display-component---newResourceUnit--WEIGHT_UNIT"}]}
RESULT: undefined
COMMAND: POST /session/47333eeb8e9c9c97bb3c409b6d4d8cf2/execute/async - {"script":"<script> [776 bytes]","args":[{"enterText":"Gram","selector":{"id":"application-manageresources-display-component---newResourceUnit--WEIGHT_UNIT","interaction":{"idSuffix":"inner"}},"clearTextFirst":true,"interactionType":"ENTER_TEXT"}]}
RESULT: {"script":"<script> [776 bytes]","args":[{"enterText":"Gram","selector":{"id":"application-manageresources-display-component---newResourceUnit--WEIGHT_UNIT","interaction":{"idSuffix":"inner"}},"clearTextFirst":true,"interactionType":"ENTER_TEXT"}]}
COMMAND: POST /session/47333eeb8e9c9c97bb3c409b6d4d8cf2/execute/async - {"script":"<script> [1562 bytes]","args":[{"selector":{"id":"application-manageresources-display-component---newResourceUnit--DIMENSION_UNIT","interaction":{"idSuffix":"inner"}},"wdio_ui5_key":"applicationmanageresources-display-component---newResourceUnit--DIMENSION_UNIT"}]}
RESULT: {"script":"<script> [1562 bytes]","args":[{"selector":{"id":"application-manageresources-display-component---newResourceUnit--DIMENSION_UNIT","interaction":{"idSuffix":"inner"}},"wdio_ui5_key":"applicationmanageresources-display-component---newResourceUnit--DIMENSION_UNIT"}]}
RESULT: undefined
COMMAND: POST /session/47333eeb8e9c9c97bb3c409b6d4d8cf2/execute/async - {"script":"<script> [776 bytes]","args":[{"enterText":"Meter","selector":{"id":"application-manageresources-display-component---newResourceUnit--DIMENSION_UNIT","interaction":{"idSuffix":"inner"}},"clearTextFirst":true,"interactionType":"ENTER_TEXT"}]}
RESULT: {"script":"<script> [776 bytes]","args":[{"enterText":"Meter","selector":{"id":"application-manageresources-display-component---newResourceUnit--DIMENSION_UNIT","interaction":{"idSuffix":"inner"}},"clearTextFirst":true,"interactionType":"ENTER_TEXT"}]}
COMMAND: POST /session/47333eeb8e9c9c97bb3c409b6d4d8cf2/execute/async - {"script":"<script> [1562 bytes]","args":[{"selector":{"id":"application-manageresources-display-component---newResourceUnit--newRRUPage-anchBar-application-manageresources-display-component---newResourceUnit--control-anchor","interaction":{"idSuffix":"BDI-content"}},"wdio_ui5_key":"applicationmanageresources-display-component---newResourceUnit--newRRUPage-anchBar-application-manageresources-display-component---newResourceUnit--control-anchor"}]}
RESULT: {"script":"<script> [1562 bytes]","args":[{"selector":{"id":"application-manageresources-display-component---newResourceUnit--newRRUPage-anchBar-application-manageresources-display-component---newResourceUnit--control-anchor","interaction":{"idSuffix":"BDI-content"}},"wdio_ui5_key":"applicationmanageresources-display-component---newResourceUnit--newRRUPage-anchBar-application-manageresources-display-component---newResourceUnit--control-anchor"}]}
RESULT: undefined
COMMAND: POST /session/47333eeb8e9c9c97bb3c409b6d4d8cf2/element - {"using":"xpath","value":"//*[@id=\"application-manageresources-display-component---newResourceUnit--newRRUPage-anchBar-application-manageresources-display-component---newResourceUnit--control-anchor\"]"}
RESULT: {"using":"xpath","value":"//*[@id=\"application-manageresources-display-component---newResourceUnit--newRRUPage-anchBar-application-manageresources-display-component---newResourceUnit--control-anchor\"]"}
COMMAND: POST /session/47333eeb8e9c9c97bb3c409b6d4d8cf2/element/f.F56EAC2838342C7C2B9CEE5C299FD93C.d.1FFF0710CAEA26E7565B2A94897DBA5B.e.1524/click - {}
RESULT: {}
COMMAND: POST /session/47333eeb8e9c9c97bb3c409b6d4d8cf2/execute/async - {"script":"<script> [1562 bytes]","args":[{"selector":{"id":"application-manageresources-display-component---newResourceUnit--PLANNING_GROUP","interaction":{"idSuffix":"inner"}},"wdio_ui5_key":"applicationmanageresources-display-component---newResourceUnit--PLANNING_GROUP"}]}
COMMAND: GET /session/47333eeb8e9c9c97bb3c409b6d4d8cf2/screenshot - {}
RESULT: {"script":"<script> [1562 bytes]","args":[{"selector":{"id":"application-manageresources-display-component---newResourceUnit--PLANNING_GROUP","interaction":{"idSuffix":"inner"}},"wdio_ui5_key":"applicationmanageresources-display-component---newResourceUnit--PLANNING_GROUP"}]}
RESULT: undefined
COMMAND: POST /session/47333eeb8e9c9c97bb3c409b6d4d8cf2/execute/async - {"script":"<script> [776 bytes]","args":[{"enterText":"Heavy Equi","selector":{"id":"application-manageresources-display-component---newResourceUnit--PLANNING_GROUP","interaction":{"idSuffix":"inner"}},"clearTextFirst":true,"interactionType":"ENTER_TEXT"}]}
RESULT: {}
RESULT: {"script":"<script> [776 bytes]","args":[{"enterText":"Heavy Equi","selector":{"id":"application-manageresources-display-component---newResourceUnit--PLANNING_GROUP","interaction":{"idSuffix":"inner"}},"clearTextFirst":true,"interactionType":"ENTER_TEXT"}]}
COMMAND: POST /session/47333eeb8e9c9c97bb3c409b6d4d8cf2/execute/async - {"script":"<script> [1562 bytes]","args":[{"selector":{"id":"application-manageresources-display-component---newResourceUnit--ITEM_TYPE-arrow"},"wdio_ui5_key":"applicationmanageresources-display-component---newResourceUnit--ITEM_TYPE-arrow"}]}
RESULT: {"script":"<script> [1562 bytes]","args":[{"selector":{"id":"application-manageresources-display-component---newResourceUnit--ITEM_TYPE-arrow"},"wdio_ui5_key":"applicationmanageresources-display-component---newResourceUnit--ITEM_TYPE-arrow"}]}
RESULT: undefined
COMMAND: POST /session/47333eeb8e9c9c97bb3c409b6d4d8cf2/element - {"using":"xpath","value":"//*[@id=\"application-manageresources-display-component---newResourceUnit--ITEM_TYPE-arrow\"]"}
RESULT: {"using":"xpath","value":"//*[@id=\"application-manageresources-display-component---newResourceUnit--ITEM_TYPE-arrow\"]"}
COMMAND: POST /session/47333eeb8e9c9c97bb3c409b6d4d8cf2/element/f.F56EAC2838342C7C2B9CEE5C299FD93C.d.1FFF0710CAEA26E7565B2A94897DBA5B.e.1533/click - {}
RESULT: {}
COMMAND: POST /session/47333eeb8e9c9c97bb3c409b6d4d8cf2/execute/async - {"script":"<script> [1562 bytes]","args":[{"selector":{"controlType":"sap.m.StandardListItem","viewName":"reusables.view.manageresources.NewResourceUnit","viewId":"application-manageresources-display-component---newResourceUnit","properties":{"title":"Resource Unit"},"searchOpenDialogs":true,"interaction":{"idSuffix":"titleText"}},"wdio_ui5_key":"reusablesview.manageresources.NewResourceUnitsap.m.StandardListItem{\"title\":\"Resource Unit\"}"}]}
COMMAND: GET /session/47333eeb8e9c9c97bb3c409b6d4d8cf2/screenshot - {}
RESULT: {"script":"<script> [1562 bytes]","args":[{"selector":{"controlType":"sap.m.StandardListItem","viewName":"reusables.view.manageresources.NewResourceUnit","viewId":"application-manageresources-display-component---newResourceUnit","properties":{"title":"Resource Unit"},"searchOpenDialogs":true,"interaction":{"idSuffix":"titleText"}},"wdio_ui5_key":"reusablesview.manageresources.NewResourceUnitsap.m.StandardListItem{\"title\":\"Resource Unit\"}"}]}
RESULT: undefined
COMMAND: POST /session/47333eeb8e9c9c97bb3c409b6d4d8cf2/element - {"using":"xpath","value":"//*[@id=\"__item543\"]"}
RESULT: {}
RESULT: {"using":"xpath","value":"//*[@id=\"__item543\"]"}
COMMAND: POST /session/47333eeb8e9c9c97bb3c409b6d4d8cf2/element/f.F56EAC2838342C7C2B9CEE5C299FD93C.d.1FFF0710CAEA26E7565B2A94897DBA5B.e.1535/click - {}
RESULT: {}
COMMAND: POST /session/47333eeb8e9c9c97bb3c409b6d4d8cf2/execute/async - {"script":"<script> [1562 bytes]","args":[{"selector":{"id":"application-manageresources-display-component---newResourceUnit--btnAddTimeSegment-img"},"wdio_ui5_key":"applicationmanageresources-display-component---newResourceUnit--btnAddTimeSegment-img"}]}
COMMAND: GET /session/47333eeb8e9c9c97bb3c409b6d4d8cf2/screenshot - {}
RESULT: {"script":"<script> [1562 bytes]","args":[{"selector":{"id":"application-manageresources-display-component---newResourceUnit--btnAddTimeSegment-img"},"wdio_ui5_key":"applicationmanageresources-display-component---newResourceUnit--btnAddTimeSegment-img"}]}
RESULT: undefined
COMMAND: POST /session/47333eeb8e9c9c97bb3c409b6d4d8cf2/element - {"using":"xpath","value":"//*[@id=\"application-manageresources-display-component---newResourceUnit--btnAddTimeSegment-img\"]"}
RESULT: {}
RESULT: {"using":"xpath","value":"//*[@id=\"application-manageresources-display-component---newResourceUnit--btnAddTimeSegment-img\"]"}
COMMAND: POST /session/47333eeb8e9c9c97bb3c409b6d4d8cf2/element/f.F56EAC2838342C7C2B9CEE5C299FD93C.d.1FFF0710CAEA26E7565B2A94897DBA5B.e.1536/click - {}
RESULT: {}
COMMAND: GET /session/47333eeb8e9c9c97bb3c409b6d4d8cf2/screenshot - {}
RESULT: {}
COMMAND: POST /session/47333eeb8e9c9c97bb3c409b6d4d8cf2/element - {"using":"xpath","value":"//input[@id=\"application-manageresources-display-component---newResourceUnit--idRuTSAdmin-application-manageresources-display-component---newResourceUnit--RUTimeSegment-0-inner\"]"}
RESULT: {"using":"xpath","value":"//input[@id=\"application-manageresources-display-component---newResourceUnit--idRuTSAdmin-application-manageresources-display-component---newResourceUnit--RUTimeSegment-0-inner\"]"}
COMMAND: POST /session/47333eeb8e9c9c97bb3c409b6d4d8cf2/element/f.F56EAC2838342C7C2B9CEE5C299FD93C.d.1FFF0710CAEA26E7565B2A94897DBA5B.e.1540/clear - {}
RESULT: {}
COMMAND: POST /session/47333eeb8e9c9c97bb3c409b6d4d8cf2/element/f.F56EAC2838342C7C2B9CEE5C299FD93C.d.1FFF0710CAEA26E7565B2A94897DBA5B.e.1540/value - {"text":"404"}
COMMAND: GET /session/47333eeb8e9c9c97bb3c409b6d4d8cf2/screenshot - {}
RESULT: {"text":"404"}
COMMAND: GET /session/47333eeb8e9c9c97bb3c409b6d4d8cf2/screenshot - {}
RESULT: {}
RESULT: {}
COMMAND: POST /session/47333eeb8e9c9c97bb3c409b6d4d8cf2/element - {"using":"xpath","value":"//li[.//span[text()='404']]"}
RESULT: {"using":"xpath","value":"//li[.//span[text()='404']]"}
COMMAND: POST /session/47333eeb8e9c9c97bb3c409b6d4d8cf2/element/f.F56EAC2838342C7C2B9CEE5C299FD93C.d.1FFF0710CAEA26E7565B2A94897DBA5B.e.1553/click - {}
RESULT: {}
COMMAND: GET /session/47333eeb8e9c9c97bb3c409b6d4d8cf2/screenshot - {}
RESULT: {}
COMMAND: POST /session/47333eeb8e9c9c97bb3c409b6d4d8cf2/execute/async - {"script":"<script> [1562 bytes]","args":[{"selector":{"controlType":"sap.ui.core.Icon","viewName":"reusables.view.manageresources.NewResourceUnit","viewId":"application-manageresources-display-component---newResourceUnit","properties":{"src":{"regex":{"source":"slim\\-arrow\\-down"}}},"ancestor":{"controlType":"sap.m.ComboBox","viewName":"reusables.view.manageresources.NewResourceUnit","viewId":"application-manageresources-display-component---newResourceUnit","bindingPath":{"path":"/RESOURCE_UNIT_TIME_SEQUENCES/0","propertyPath":"COST_OBJECT_ADMIN_CST_TYPE","modelName":"oNewRruModel"}}},"wdio_ui5_key":"reusablesview.manageresources.NewResourceUnitsap.ui.core.Icon{\"src\":{\"regex\":{\"source\":\"slim\\\\-arrow\\\\-down\"}}}{\"controlType\":\"sap.m.ComboBox\",\"viewName\":\"reusables.view.manageresources.NewResourceUnit\",\"viewId\":\"application-manageresources-display-component---newResourceUnit\",\"bindingPath\":{\"path\":\"/RESOURCE_UNIT_TIME_SEQUENCES/0\",\"propertyPath\":\"COST_OBJECT_ADMIN_CST_TYPE\",\"modelName\":\"oNewRruModel\"}}"}]}
RESULT: {"script":"<script> [1562 bytes]","args":[{"selector":{"controlType":"sap.ui.core.Icon","viewName":"reusables.view.manageresources.NewResourceUnit","viewId":"application-manageresources-display-component---newResourceUnit","properties":{"src":{"regex":{"source":"slim\\-arrow\\-down"}}},"ancestor":{"controlType":"sap.m.ComboBox","viewName":"reusables.view.manageresources.NewResourceUnit","viewId":"application-manageresources-display-component---newResourceUnit","bindingPath":{"path":"/RESOURCE_UNIT_TIME_SEQUENCES/0","propertyPath":"COST_OBJECT_ADMIN_CST_TYPE","modelName":"oNewRruModel"}}},"wdio_ui5_key":"reusablesview.manageresources.NewResourceUnitsap.ui.core.Icon{\"src\":{\"regex\":{\"source\":\"slim\\\\-arrow\\\\-down\"}}}{\"controlType\":\"sap.m.ComboBox\",\"viewName\":\"reusables.view.manageresources.NewResourceUnit\",\"viewId\":\"application-manageresources-display-component---newResourceUnit\",\"bindingPath\":{\"path\":\"/RESOURCE_UNIT_TIME_SEQUENCES/0\",\"propertyPath\":\"COST_OBJECT_ADMIN_CST_TYPE\",\"modelName\":\"oNewRruModel\"}}"}]}
RESULT: undefined
COMMAND: POST /session/47333eeb8e9c9c97bb3c409b6d4d8cf2/element - {"using":"xpath","value":"//*[@id=\"__box20-application-manageresources-display-component---newResourceUnit--RUTimeSegment-0-arrow\"]"}
RESULT: {"using":"xpath","value":"//*[@id=\"__box20-application-manageresources-display-component---newResourceUnit--RUTimeSegment-0-arrow\"]"}
COMMAND: POST /session/47333eeb8e9c9c97bb3c409b6d4d8cf2/element/f.F56EAC2838342C7C2B9CEE5C299FD93C.d.1FFF0710CAEA26E7565B2A94897DBA5B.e.1554/click - {}
RESULT: {}
COMMAND: POST /session/47333eeb8e9c9c97bb3c409b6d4d8cf2/execute/async - {"script":"<script> [1562 bytes]","args":[{"selector":{"controlType":"sap.m.StandardListItem","viewName":"reusables.view.manageresources.NewResourceUnit","viewId":"application-manageresources-display-component---newResourceUnit","properties":{"title":"PM Order"},"searchOpenDialogs":true,"interaction":{"idSuffix":"titleText"}},"wdio_ui5_key":"reusablesview.manageresources.NewResourceUnitsap.m.StandardListItem{\"title\":\"PM Order\"}"}]}
COMMAND: GET /session/47333eeb8e9c9c97bb3c409b6d4d8cf2/screenshot - {}
RESULT: {"script":"<script> [1562 bytes]","args":[{"selector":{"controlType":"sap.m.StandardListItem","viewName":"reusables.view.manageresources.NewResourceUnit","viewId":"application-manageresources-display-component---newResourceUnit","properties":{"title":"PM Order"},"searchOpenDialogs":true,"interaction":{"idSuffix":"titleText"}},"wdio_ui5_key":"reusablesview.manageresources.NewResourceUnitsap.m.StandardListItem{\"title\":\"PM Order\"}"}]}
RESULT: undefined
COMMAND: POST /session/47333eeb8e9c9c97bb3c409b6d4d8cf2/element - {"using":"xpath","value":"//*[@id=\"__item848\"]"}
RESULT: {}
RESULT: {"using":"xpath","value":"//*[@id=\"__item848\"]"}
COMMAND: POST /session/47333eeb8e9c9c97bb3c409b6d4d8cf2/element/f.F56EAC2838342C7C2B9CEE5C299FD93C.d.1FFF0710CAEA26E7565B2A94897DBA5B.e.1558/click - {}
RESULT: {}
COMMAND: GET /session/47333eeb8e9c9c97bb3c409b6d4d8cf2/screenshot - {}
RESULT: {}
COMMAND: POST /session/47333eeb8e9c9c97bb3c409b6d4d8cf2/element - {"using":"xpath","value":"(//input[contains(@id ,\"-application-manageresources-display-component---newResourceUnit--RUTimeSegment-0-inner\")])[8]"}
RESULT: {"using":"xpath","value":"(//input[contains(@id ,\"-application-manageresources-display-component---newResourceUnit--RUTimeSegment-0-inner\")])[8]"}
COMMAND: POST /session/47333eeb8e9c9c97bb3c409b6d4d8cf2/element/f.F56EAC2838342C7C2B9CEE5C299FD93C.d.1FFF0710CAEA26E7565B2A94897DBA5B.e.1561/clear - {}
RESULT: {}
COMMAND: POST /session/47333eeb8e9c9c97bb3c409b6d4d8cf2/element/f.F56EAC2838342C7C2B9CEE5C299FD93C.d.1FFF0710CAEA26E7565B2A94897DBA5B.e.1561/value - {"text":"4000360"}
COMMAND: GET /session/47333eeb8e9c9c97bb3c409b6d4d8cf2/screenshot - {}
RESULT: {"text":"4000360"}
COMMAND: GET /session/47333eeb8e9c9c97bb3c409b6d4d8cf2/screenshot - {}
RESULT: {}
RESULT: {}
COMMAND: POST /session/47333eeb8e9c9c97bb3c409b6d4d8cf2/actions - {"actions":[{"id":"action2","type":"key","parameters":{},"actions":[{"type":"keyDown","value":"î€‡"},{"type":"pause","duration":10},{"type":"keyUp","value":"î€‡"}]}]}
RESULT: {"actions":[{"id":"action2","type":"key","parameters":{},"actions":[{"type":"keyDown","value":"î€‡"},{"type":"pause","duration":10},{"type":"keyUp","value":"î€‡"}]}]}
COMMAND: GET /session/47333eeb8e9c9c97bb3c409b6d4d8cf2/screenshot - {}
RESULT: {}
COMMAND: POST /session/47333eeb8e9c9c97bb3c409b6d4d8cf2/execute/async - {"script":"<script> [1562 bytes]","args":[{"selector":{"id":"application-manageresources-display-component---newResourceUnit--newRRUPage-anchBar-application-manageresources-display-component---newResourceUnit--resource-anchor","interaction":{"idSuffix":"BDI-content"}},"wdio_ui5_key":"applicationmanageresources-display-component---newResourceUnit--newRRUPage-anchBar-application-manageresources-display-component---newResourceUnit--resource-anchor"}]}
RESULT: {"script":"<script> [1562 bytes]","args":[{"selector":{"id":"application-manageresources-display-component---newResourceUnit--newRRUPage-anchBar-application-manageresources-display-component---newResourceUnit--resource-anchor","interaction":{"idSuffix":"BDI-content"}},"wdio_ui5_key":"applicationmanageresources-display-component---newResourceUnit--newRRUPage-anchBar-application-manageresources-display-component---newResourceUnit--resource-anchor"}]}
RESULT: undefined
COMMAND: POST /session/47333eeb8e9c9c97bb3c409b6d4d8cf2/element - {"using":"xpath","value":"//*[@id=\"application-manageresources-display-component---newResourceUnit--newRRUPage-anchBar-application-manageresources-display-component---newResourceUnit--resource-anchor\"]"}
RESULT: {"using":"xpath","value":"//*[@id=\"application-manageresources-display-component---newResourceUnit--newRRUPage-anchBar-application-manageresources-display-component---newResourceUnit--resource-anchor\"]"}
COMMAND: POST /session/47333eeb8e9c9c97bb3c409b6d4d8cf2/element/f.F56EAC2838342C7C2B9CEE5C299FD93C.d.1FFF0710CAEA26E7565B2A94897DBA5B.e.1592/click - {}
RESULT: {}
COMMAND: POST /session/47333eeb8e9c9c97bb3c409b6d4d8cf2/execute/async - {"script":"<script> [1562 bytes]","args":[{"selector":{"id":"application-manageresources-display-component---newResourceUnit--PLANNED_DELIVERY_DATE","interaction":{"idSuffix":"inner"}},"wdio_ui5_key":"applicationmanageresources-display-component---newResourceUnit--PLANNED_DELIVERY_DATE"}]}
COMMAND: GET /session/47333eeb8e9c9c97bb3c409b6d4d8cf2/screenshot - {}
RESULT: {"script":"<script> [1562 bytes]","args":[{"selector":{"id":"application-manageresources-display-component---newResourceUnit--PLANNED_DELIVERY_DATE","interaction":{"idSuffix":"inner"}},"wdio_ui5_key":"applicationmanageresources-display-component---newResourceUnit--PLANNED_DELIVERY_DATE"}]}
RESULT: undefined
COMMAND: POST /session/47333eeb8e9c9c97bb3c409b6d4d8cf2/execute/async - {"script":"<script> [6424 bytes]","args":[{"element-6066-11e4-a52e-4f735466cecf":"f.F56EAC2838342C7C2B9CEE5C299FD93C.d.1FFF0710CAEA26E7565B2A94897DBA5B.e.1449"},"setValue",["5/15/25"]]}
RESULT: {}
RESULT: {"script":"<script> [6424 bytes]","args":[{"element-6066-11e4-a52e-4f735466cecf":"f.F56EAC2838342C7C2B9CEE5C299FD93C.d.1FFF0710CAEA26E7565B2A94897DBA5B.e.1449"},"setValue",["5/15/25"]]}
COMMAND: POST /session/47333eeb8e9c9c97bb3c409b6d4d8cf2/execute/async - {"script":"<script> [1562 bytes]","args":[{"selector":{"controlType":"sap.m.Button","viewName":"reusables.view.manageresources.NewResourceUnit","viewId":"application-manageresources-display-component---newResourceUnit","i18NText":{"propertyName":"tooltip","key":"save"},"interaction":{"idSuffix":"BDI-content"}},"wdio_ui5_key":"reusablesview.manageresources.NewResourceUnitsap.m.Button{\"propertyName\":\"tooltip\",\"key\":\"save\"}"}]}
RESULT: {"script":"<script> [1562 bytes]","args":[{"selector":{"controlType":"sap.m.Button","viewName":"reusables.view.manageresources.NewResourceUnit","viewId":"application-manageresources-display-component---newResourceUnit","i18NText":{"propertyName":"tooltip","key":"save"},"interaction":{"idSuffix":"BDI-content"}},"wdio_ui5_key":"reusablesview.manageresources.NewResourceUnitsap.m.Button{\"propertyName\":\"tooltip\",\"key\":\"save\"}"}]}
RESULT: undefined
COMMAND: POST /session/47333eeb8e9c9c97bb3c409b6d4d8cf2/element - {"using":"xpath","value":"//*[@id=\"application-manageresources-display-component---newResourceUnit--createRuButton\"]"}
RESULT: {"using":"xpath","value":"//*[@id=\"application-manageresources-display-component---newResourceUnit--createRuButton\"]"}
COMMAND: POST /session/47333eeb8e9c9c97bb3c409b6d4d8cf2/element/f.F56EAC2838342C7C2B9CEE5C299FD93C.d.1FFF0710CAEA26E7565B2A94897DBA5B.e.1410/click - {}
RESULT: {}
COMMAND: GET /session/47333eeb8e9c9c97bb3c409b6d4d8cf2/screenshot - {}
RESULT: {}
COMMAND: POST /session/47333eeb8e9c9c97bb3c409b6d4d8cf2/execute/async - {"script":"<script> [1562 bytes]","args":[{"selector":{"controlType":"sap.m.Button","properties":{"text":"Close"},"searchOpenDialogs":true,"interaction":{"idSuffix":"inner"}},"wdio_ui5_key":"sapm.Button{\"text\":\"Close\"}"}]}
RESULT: {"script":"<script> [1562 bytes]","args":[{"selector":{"controlType":"sap.m.Button","properties":{"text":"Close"},"searchOpenDialogs":true,"interaction":{"idSuffix":"inner"}},"wdio_ui5_key":"sapm.Button{\"text\":\"Close\"}"}]}
RESULT: undefined
COMMAND: POST /session/47333eeb8e9c9c97bb3c409b6d4d8cf2/element - {"using":"xpath","value":"//*[@id=\"__mbox-btn-0\"]"}
RESULT: {"using":"xpath","value":"//*[@id=\"__mbox-btn-0\"]"}
COMMAND: POST /session/47333eeb8e9c9c97bb3c409b6d4d8cf2/element/f.F56EAC2838342C7C2B9CEE5C299FD93C.d.1FFF0710CAEA26E7565B2A94897DBA5B.e.1600/click - {}
RESULT: {}
COMMAND: GET /session/47333eeb8e9c9c97bb3c409b6d4d8cf2/screenshot - {}
RESULT: {}
COMMAND: POST /session/47333eeb8e9c9c97bb3c409b6d4d8cf2/element - {"using":"xpath","value":"(//button[contains(@id ,\"actionsToolbar-overflowButton\")])[1]"}
RESULT: {"using":"xpath","value":"(//button[contains(@id ,\"actionsToolbar-overflowButton\")])[1]"}
COMMAND: POST /session/47333eeb8e9c9c97bb3c409b6d4d8cf2/element/f.F56EAC2838342C7C2B9CEE5C299FD93C.d.1FFF0710CAEA26E7565B2A94897DBA5B.e.1660/click - {}
RESULT: {}
COMMAND: GET /session/47333eeb8e9c9c97bb3c409b6d4d8cf2/screenshot - {}
RESULT: {}
COMMAND: POST /session/47333eeb8e9c9c97bb3c409b6d4d8cf2/execute/async - {"script":"<script> [1562 bytes]","args":[{"selector":{"controlType":"sap.m.Button","viewName":"etm.portal.ui.manageresources.view.Detail","viewId":"application-manageresources-display-component---detailRU","i18NText":{"propertyName":"text","key":"copy"},"searchOpenDialogs":true,"interaction":{"idSuffix":"BDI-content"}},"wdio_ui5_key":"etmportal.ui.manageresources.view.Detailsap.m.Button{\"propertyName\":\"text\",\"key\":\"copy\"}"}]}
RESULT: {"script":"<script> [1562 bytes]","args":[{"selector":{"controlType":"sap.m.Button","viewName":"etm.portal.ui.manageresources.view.Detail","viewId":"application-manageresources-display-component---detailRU","i18NText":{"propertyName":"text","key":"copy"},"searchOpenDialogs":true,"interaction":{"idSuffix":"BDI-content"}},"wdio_ui5_key":"etmportal.ui.manageresources.view.Detailsap.m.Button{\"propertyName\":\"text\",\"key\":\"copy\"}"}]}
RESULT: undefined
COMMAND: POST /session/47333eeb8e9c9c97bb3c409b6d4d8cf2/element - {"using":"xpath","value":"//*[@id=\"__button92\"]"}
RESULT: {"using":"xpath","value":"//*[@id=\"__button92\"]"}
COMMAND: POST /session/47333eeb8e9c9c97bb3c409b6d4d8cf2/element/f.F56EAC2838342C7C2B9CEE5C299FD93C.d.1FFF0710CAEA26E7565B2A94897DBA5B.e.1663/click - {}
RESULT: {}
COMMAND: POST /session/47333eeb8e9c9c97bb3c409b6d4d8cf2/execute/async - {"script":"<script> [1562 bytes]","args":[{"selector":{"controlType":"sap.m.Button","viewName":"etm.portal.ui.manageresources.view.Detail","viewId":"application-manageresources-display-component---detailRU","i18NText":{"propertyName":"text","key":"selectAll"},"searchOpenDialogs":true,"interaction":{"idSuffix":"BDI-content"}},"wdio_ui5_key":"etmportal.ui.manageresources.view.Detailsap.m.Button{\"propertyName\":\"text\",\"key\":\"selectAll\"}"}]}
COMMAND: GET /session/47333eeb8e9c9c97bb3c409b6d4d8cf2/screenshot - {}
RESULT: {"script":"<script> [1562 bytes]","args":[{"selector":{"controlType":"sap.m.Button","viewName":"etm.portal.ui.manageresources.view.Detail","viewId":"application-manageresources-display-component---detailRU","i18NText":{"propertyName":"text","key":"selectAll"},"searchOpenDialogs":true,"interaction":{"idSuffix":"BDI-content"}},"wdio_ui5_key":"etmportal.ui.manageresources.view.Detailsap.m.Button{\"propertyName\":\"text\",\"key\":\"selectAll\"}"}]}
RESULT: undefined
COMMAND: POST /session/47333eeb8e9c9c97bb3c409b6d4d8cf2/element - {"using":"xpath","value":"//*[@id=\"__button136\"]"}
RESULT: {}
RESULT: {"using":"xpath","value":"//*[@id=\"__button136\"]"}
COMMAND: POST /session/47333eeb8e9c9c97bb3c409b6d4d8cf2/element/f.F56EAC2838342C7C2B9CEE5C299FD93C.d.1FFF0710CAEA26E7565B2A94897DBA5B.e.1664/click - {}
RESULT: {}
COMMAND: POST /session/47333eeb8e9c9c97bb3c409b6d4d8cf2/execute/async - {"script":"<script> [1562 bytes]","args":[{"selector":{"controlType":"sap.m.Button","viewName":"etm.portal.ui.manageresources.view.Detail","viewId":"application-manageresources-display-component---detailRU","i18NText":{"propertyName":"text","key":"confirm"},"searchOpenDialogs":true,"interaction":{"idSuffix":"BDI-content"}},"wdio_ui5_key":"etmportal.ui.manageresources.view.Detailsap.m.Button{\"propertyName\":\"text\",\"key\":\"confirm\"}"}]}
COMMAND: GET /session/47333eeb8e9c9c97bb3c409b6d4d8cf2/screenshot - {}
RESULT: {"script":"<script> [1562 bytes]","args":[{"selector":{"controlType":"sap.m.Button","viewName":"etm.portal.ui.manageresources.view.Detail","viewId":"application-manageresources-display-component---detailRU","i18NText":{"propertyName":"text","key":"confirm"},"searchOpenDialogs":true,"interaction":{"idSuffix":"BDI-content"}},"wdio_ui5_key":"etmportal.ui.manageresources.view.Detailsap.m.Button{\"propertyName\":\"text\",\"key\":\"confirm\"}"}]}
RESULT: undefined
COMMAND: POST /session/47333eeb8e9c9c97bb3c409b6d4d8cf2/element - {"using":"xpath","value":"//*[@id=\"__button137\"]"}
RESULT: {}
RESULT: {"using":"xpath","value":"//*[@id=\"__button137\"]"}
COMMAND: POST /session/47333eeb8e9c9c97bb3c409b6d4d8cf2/element/f.F56EAC2838342C7C2B9CEE5C299FD93C.d.1FFF0710CAEA26E7565B2A94897DBA5B.e.1690/click - {}
RESULT: {}
COMMAND: GET /session/47333eeb8e9c9c97bb3c409b6d4d8cf2/screenshot - {}
RESULT: {}
COMMAND: POST /session/47333eeb8e9c9c97bb3c409b6d4d8cf2/execute/async - {"script":"<script> [1562 bytes]","args":[{"selector":{"id":"application-manageresources-display-component---newResourceUnit--newRRUPage-anchBar-application-manageresources-display-component---newResourceUnit--general-anchor","interaction":{"idSuffix":"BDI-content"}},"wdio_ui5_key":"applicationmanageresources-display-component---newResourceUnit--newRRUPage-anchBar-application-manageresources-display-component---newResourceUnit--general-anchor"}]}
RESULT: {"script":"<script> [1562 bytes]","args":[{"selector":{"id":"application-manageresources-display-component---newResourceUnit--newRRUPage-anchBar-application-manageresources-display-component---newResourceUnit--general-anchor","interaction":{"idSuffix":"BDI-content"}},"wdio_ui5_key":"applicationmanageresources-display-component---newResourceUnit--newRRUPage-anchBar-application-manageresources-display-component---newResourceUnit--general-anchor"}]}
RESULT: undefined
COMMAND: POST /session/47333eeb8e9c9c97bb3c409b6d4d8cf2/element - {"using":"xpath","value":"//*[@id=\"application-manageresources-display-component---newResourceUnit--newRRUPage-anchBar-application-manageresources-display-component---newResourceUnit--general-anchor\"]"}
RESULT: {"using":"xpath","value":"//*[@id=\"application-manageresources-display-component---newResourceUnit--newRRUPage-anchBar-application-manageresources-display-component---newResourceUnit--general-anchor\"]"}
COMMAND: POST /session/47333eeb8e9c9c97bb3c409b6d4d8cf2/element/f.F56EAC2838342C7C2B9CEE5C299FD93C.d.1FFF0710CAEA26E7565B2A94897DBA5B.e.1696/click - {}
RESULT: {}
COMMAND: GET /session/47333eeb8e9c9c97bb3c409b6d4d8cf2/screenshot - {}
RESULT: {}
COMMAND: POST /session/47333eeb8e9c9c97bb3c409b6d4d8cf2/actions - {"actions":[{"type":"key","id":"keyboard","actions":[{"type":"keyDown","value":"î™"}]}]}
RESULT: {"actions":[{"type":"key","id":"keyboard","actions":[{"type":"keyDown","value":"î™"}]}]}
COMMAND: GET /session/47333eeb8e9c9c97bb3c409b6d4d8cf2/screenshot - {}
RESULT: {}
RESULT: undefined
COMMAND: POST /session/47333eeb8e9c9c97bb3c409b6d4d8cf2/execute/async - {"script":"<script> [776 bytes]","args":[{"enterText":"Y24jsenB6_2","selector":{"id":"application-manageresources-display-component---newResourceUnit--resourceId","interaction":{"idSuffix":"inner"}},"clearTextFirst":true,"interactionType":"ENTER_TEXT"}]}
RESULT: {"script":"<script> [776 bytes]","args":[{"enterText":"Y24jsenB6_2","selector":{"id":"application-manageresources-display-component---newResourceUnit--resourceId","interaction":{"idSuffix":"inner"}},"clearTextFirst":true,"interactionType":"ENTER_TEXT"}]}
RESULT: undefined
RESULT: undefined
COMMAND: POST /session/47333eeb8e9c9c97bb3c409b6d4d8cf2/execute/async - {"script":"<script> [776 bytes]","args":[{"enterText":"Y24jsenB6_2","selector":{"id":"application-manageresources-display-component---newResourceUnit--SHORT_TEXT","interaction":{"idSuffix":"inner"}},"clearTextFirst":true,"interactionType":"ENTER_TEXT"}]}
RESULT: {"script":"<script> [776 bytes]","args":[{"enterText":"Y24jsenB6_2","selector":{"id":"application-manageresources-display-component---newResourceUnit--SHORT_TEXT","interaction":{"idSuffix":"inner"}},"clearTextFirst":true,"interactionType":"ENTER_TEXT"}]}
RESULT: undefined
COMMAND: POST /session/47333eeb8e9c9c97bb3c409b6d4d8cf2/element - {"using":"xpath","value":"//*[@id=\"application-manageresources-display-component---newResourceUnit--createRuButton\"]"}
RESULT: {"using":"xpath","value":"//*[@id=\"application-manageresources-display-component---newResourceUnit--createRuButton\"]"}
COMMAND: POST /session/47333eeb8e9c9c97bb3c409b6d4d8cf2/element/f.F56EAC2838342C7C2B9CEE5C299FD93C.d.1FFF0710CAEA26E7565B2A94897DBA5B.e.1410/click - {}
RESULT: {}
COMMAND: GET /session/47333eeb8e9c9c97bb3c409b6d4d8cf2/screenshot - {}
RESULT: {}
COMMAND: POST /session/47333eeb8e9c9c97bb3c409b6d4d8cf2/element - {"using":"xpath","value":"//bdi[contains(text(), \"Close\")]"}
RESULT: {"using":"xpath","value":"//bdi[contains(text(), \"Close\")]"}
COMMAND: POST /session/47333eeb8e9c9c97bb3c409b6d4d8cf2/element/f.F56EAC2838342C7C2B9CEE5C299FD93C.d.1FFF0710CAEA26E7565B2A94897DBA5B.e.1709/click - {}
RESULT: {}
COMMAND: GET /session/47333eeb8e9c9c97bb3c409b6d4d8cf2/screenshot - {}
RESULT: {}
COMMAND: POST /session/47333eeb8e9c9c97bb3c409b6d4d8cf2/element - {"using":"css selector","value":"#shell-header-logo"}
RESULT: {"using":"css selector","value":"#shell-header-logo"}
COMMAND: POST /session/47333eeb8e9c9c97bb3c409b6d4d8cf2/element/f.F56EAC2838342C7C2B9CEE5C299FD93C.d.1FFF0710CAEA26E7565B2A94897DBA5B.e.1004/click - {}
RESULT: {}
COMMAND: GET /session/47333eeb8e9c9c97bb3c409b6d4d8cf2/screenshot - {}
RESULT: {}
]]></system-out>
    </testcase>
    <testcase classname="chrome.136_0_7103_93.windows.Bill_of_Resources_tests_for_bundle_creation_&amp;_replenishment_US131067_US131070" name="Should do a stock increase for the equipments" time="71.988">
      <system-out><![CDATA[
COMMAND: POST /session/47333eeb8e9c9c97bb3c409b6d4d8cf2/execute/async - {"script":"<script> [1562 bytes]","args":[{"selector":{"controlType":"sap.m.GenericTile","properties":{"header":"Manage Handovers"}},"wdio_ui5_key":"sapm.GenericTile{\"header\":\"Manage Handovers\"}"}]}
RESULT: {"script":"<script> [1562 bytes]","args":[{"selector":{"controlType":"sap.m.GenericTile","properties":{"header":"Manage Handovers"}},"wdio_ui5_key":"sapm.GenericTile{\"header\":\"Manage Handovers\"}"}]}
RESULT: undefined
COMMAND: POST /session/47333eeb8e9c9c97bb3c409b6d4d8cf2/element - {"using":"xpath","value":"//*[@id=\"__tile133\"]"}
RESULT: {"using":"xpath","value":"//*[@id=\"__tile133\"]"}
COMMAND: POST /session/47333eeb8e9c9c97bb3c409b6d4d8cf2/element/f.F56EAC2838342C7C2B9CEE5C299FD93C.d.1FFF0710CAEA26E7565B2A94897DBA5B.e.209/click - {}
RESULT: {}
COMMAND: GET /session/47333eeb8e9c9c97bb3c409b6d4d8cf2/screenshot - {}
RESULT: {}
COMMAND: POST /session/47333eeb8e9c9c97bb3c409b6d4d8cf2/elements - {"using":"xpath","value":"//span[text()='Error']"}
RESULT: {"using":"xpath","value":"//span[text()='Error']"}
COMMAND: POST /session/47333eeb8e9c9c97bb3c409b6d4d8cf2/element - {"using":"xpath","value":"//button[@data-kt=\"masterHOAddButton\"]"}
RESULT: {"using":"xpath","value":"//button[@data-kt=\"masterHOAddButton\"]"}
COMMAND: POST /session/47333eeb8e9c9c97bb3c409b6d4d8cf2/elements - {"using":"xpath","value":"//button[@data-kt=\"masterHOAddButton\"]"}
RESULT: {"using":"xpath","value":"//button[@data-kt=\"masterHOAddButton\"]"}
COMMAND: POST /session/47333eeb8e9c9c97bb3c409b6d4d8cf2/execute/sync - {"script":"<script> [8489 bytes]","args":[{"element-6066-11e4-a52e-4f735466cecf":"f.F56EAC2838342C7C2B9CEE5C299FD93C.d.1FFF0710CAEA26E7565B2A94897DBA5B.e.1750","ELEMENT":"f.F56EAC2838342C7C2B9CEE5C299FD93C.d.1FFF0710CAEA26E7565B2A94897DBA5B.e.1750"}]}
RESULT: {"script":"<script> [8489 bytes]","args":[{"element-6066-11e4-a52e-4f735466cecf":"f.F56EAC2838342C7C2B9CEE5C299FD93C.d.1FFF0710CAEA26E7565B2A94897DBA5B.e.1750","ELEMENT":"f.F56EAC2838342C7C2B9CEE5C299FD93C.d.1FFF0710CAEA26E7565B2A94897DBA5B.e.1750"}]}
COMMAND: GET /session/47333eeb8e9c9c97bb3c409b6d4d8cf2/element/f.F56EAC2838342C7C2B9CEE5C299FD93C.d.1FFF0710CAEA26E7565B2A94897DBA5B.e.1750/enabled - {}
COMMAND: GET /session/47333eeb8e9c9c97bb3c409b6d4d8cf2/screenshot - {}
RESULT: {}
COMMAND: POST /session/47333eeb8e9c9c97bb3c409b6d4d8cf2/execute/sync - {"script":"<script> [8489 bytes]","args":[{"element-6066-11e4-a52e-4f735466cecf":"f.F56EAC2838342C7C2B9CEE5C299FD93C.d.1FFF0710CAEA26E7565B2A94897DBA5B.e.1750","ELEMENT":"f.F56EAC2838342C7C2B9CEE5C299FD93C.d.1FFF0710CAEA26E7565B2A94897DBA5B.e.1750"}]}
COMMAND: GET /session/47333eeb8e9c9c97bb3c409b6d4d8cf2/screenshot - {}
RESULT: {}
RESULT: {"script":"<script> [8489 bytes]","args":[{"element-6066-11e4-a52e-4f735466cecf":"f.F56EAC2838342C7C2B9CEE5C299FD93C.d.1FFF0710CAEA26E7565B2A94897DBA5B.e.1750","ELEMENT":"f.F56EAC2838342C7C2B9CEE5C299FD93C.d.1FFF0710CAEA26E7565B2A94897DBA5B.e.1750"}]}
COMMAND: POST /session/47333eeb8e9c9c97bb3c409b6d4d8cf2/execute/sync - {"script":"<script> [5351 bytes]","args":[{"element-6066-11e4-a52e-4f735466cecf":"f.F56EAC2838342C7C2B9CEE5C299FD93C.d.1FFF0710CAEA26E7565B2A94897DBA5B.e.1750","ELEMENT":"f.F56EAC2838342C7C2B9CEE5C299FD93C.d.1FFF0710CAEA26E7565B2A94897DBA5B.e.1750"}]}
COMMAND: GET /session/47333eeb8e9c9c97bb3c409b6d4d8cf2/screenshot - {}
RESULT: {}
RESULT: {"script":"<script> [5351 bytes]","args":[{"element-6066-11e4-a52e-4f735466cecf":"f.F56EAC2838342C7C2B9CEE5C299FD93C.d.1FFF0710CAEA26E7565B2A94897DBA5B.e.1750","ELEMENT":"f.F56EAC2838342C7C2B9CEE5C299FD93C.d.1FFF0710CAEA26E7565B2A94897DBA5B.e.1750"}]}
COMMAND: POST /session/47333eeb8e9c9c97bb3c409b6d4d8cf2/element/f.F56EAC2838342C7C2B9CEE5C299FD93C.d.1FFF0710CAEA26E7565B2A94897DBA5B.e.1750/click - {}
COMMAND: GET /session/47333eeb8e9c9c97bb3c409b6d4d8cf2/screenshot - {}
RESULT: {}
RESULT: {}
COMMAND: GET /session/47333eeb8e9c9c97bb3c409b6d4d8cf2/screenshot - {}
RESULT: {}
RESULT: {}
COMMAND: POST /session/47333eeb8e9c9c97bb3c409b6d4d8cf2/element - {"using":"xpath","value":"//span[contains(@id ,\"AddNewHO--typeSelect-arrow\")]"}
RESULT: {"using":"xpath","value":"//span[contains(@id ,\"AddNewHO--typeSelect-arrow\")]"}
COMMAND: POST /session/47333eeb8e9c9c97bb3c409b6d4d8cf2/element/f.F56EAC2838342C7C2B9CEE5C299FD93C.d.1FFF0710CAEA26E7565B2A94897DBA5B.e.2104/click - {}
RESULT: {}
COMMAND: GET /session/47333eeb8e9c9c97bb3c409b6d4d8cf2/screenshot - {}
RESULT: {}
COMMAND: POST /session/47333eeb8e9c9c97bb3c409b6d4d8cf2/element - {"using":"xpath","value":"(//li[contains(text(), \"stock increase yard\")])[1]"}
RESULT: {"using":"xpath","value":"(//li[contains(text(), \"stock increase yard\")])[1]"}
COMMAND: POST /session/47333eeb8e9c9c97bb3c409b6d4d8cf2/element/f.F56EAC2838342C7C2B9CEE5C299FD93C.d.1FFF0710CAEA26E7565B2A94897DBA5B.e.2105/click - {}
RESULT: {}
COMMAND: GET /session/47333eeb8e9c9c97bb3c409b6d4d8cf2/screenshot - {}
RESULT: {}
COMMAND: POST /session/47333eeb8e9c9c97bb3c409b6d4d8cf2/execute/async - {"script":"<script> [1562 bytes]","args":[{"selector":{"id":"application-managehandovers-display-component---AddNewHO--dueDate","interaction":{"idSuffix":"inner"}},"wdio_ui5_key":"applicationmanagehandovers-display-component---AddNewHO--dueDate"}]}
RESULT: {"script":"<script> [1562 bytes]","args":[{"selector":{"id":"application-managehandovers-display-component---AddNewHO--dueDate","interaction":{"idSuffix":"inner"}},"wdio_ui5_key":"applicationmanagehandovers-display-component---AddNewHO--dueDate"}]}
RESULT: undefined
COMMAND: POST /session/47333eeb8e9c9c97bb3c409b6d4d8cf2/execute/async - {"script":"<script> [6424 bytes]","args":[{"element-6066-11e4-a52e-4f735466cecf":"f.F56EAC2838342C7C2B9CEE5C299FD93C.d.1FFF0710CAEA26E7565B2A94897DBA5B.e.2107"},"setValue",["05/15/25"]]}
RESULT: {"script":"<script> [6424 bytes]","args":[{"element-6066-11e4-a52e-4f735466cecf":"f.F56EAC2838342C7C2B9CEE5C299FD93C.d.1FFF0710CAEA26E7565B2A94897DBA5B.e.2107"},"setValue",["05/15/25"]]}
COMMAND: POST /session/47333eeb8e9c9c97bb3c409b6d4d8cf2/element - {"using":"xpath","value":"//input[@id=\"generalSectionFrg--receiveYard-inner\"]"}
RESULT: {"using":"xpath","value":"//input[@id=\"generalSectionFrg--receiveYard-inner\"]"}
COMMAND: POST /session/47333eeb8e9c9c97bb3c409b6d4d8cf2/element/f.F56EAC2838342C7C2B9CEE5C299FD93C.d.1FFF0710CAEA26E7565B2A94897DBA5B.e.2111/clear - {}
RESULT: {}
COMMAND: POST /session/47333eeb8e9c9c97bb3c409b6d4d8cf2/element/f.F56EAC2838342C7C2B9CEE5C299FD93C.d.1FFF0710CAEA26E7565B2A94897DBA5B.e.2111/value - {"text":"404"}
COMMAND: GET /session/47333eeb8e9c9c97bb3c409b6d4d8cf2/screenshot - {}
RESULT: {"text":"404"}
COMMAND: GET /session/47333eeb8e9c9c97bb3c409b6d4d8cf2/screenshot - {}
RESULT: {}
RESULT: {}
COMMAND: POST /session/47333eeb8e9c9c97bb3c409b6d4d8cf2/element - {"using":"xpath","value":"//li[.//span[text()='404']]"}
RESULT: {"using":"xpath","value":"//li[.//span[text()='404']]"}
COMMAND: POST /session/47333eeb8e9c9c97bb3c409b6d4d8cf2/element/f.F56EAC2838342C7C2B9CEE5C299FD93C.d.1FFF0710CAEA26E7565B2A94897DBA5B.e.2129/click - {}
RESULT: {}
COMMAND: GET /session/47333eeb8e9c9c97bb3c409b6d4d8cf2/screenshot - {}
RESULT: {}
COMMAND: POST /session/47333eeb8e9c9c97bb3c409b6d4d8cf2/execute/async - {"script":"<script> [1562 bytes]","args":[{"selector":{"id":"application-managehandovers-display-component---AddNewHO--ObjectPageLayout-anchBar-application-managehandovers-display-component---AddNewHO--section4-anchor","interaction":{"idSuffix":"BDI-content"}},"wdio_ui5_key":"applicationmanagehandovers-display-component---AddNewHO--ObjectPageLayout-anchBar-application-managehandovers-display-component---AddNewHO--section4-anchor"}]}
RESULT: {"script":"<script> [1562 bytes]","args":[{"selector":{"id":"application-managehandovers-display-component---AddNewHO--ObjectPageLayout-anchBar-application-managehandovers-display-component---AddNewHO--section4-anchor","interaction":{"idSuffix":"BDI-content"}},"wdio_ui5_key":"applicationmanagehandovers-display-component---AddNewHO--ObjectPageLayout-anchBar-application-managehandovers-display-component---AddNewHO--section4-anchor"}]}
RESULT: undefined
COMMAND: POST /session/47333eeb8e9c9c97bb3c409b6d4d8cf2/element - {"using":"xpath","value":"//*[@id=\"application-managehandovers-display-component---AddNewHO--ObjectPageLayout-anchBar-application-managehandovers-display-component---AddNewHO--section4-anchor\"]"}
RESULT: {"using":"xpath","value":"//*[@id=\"application-managehandovers-display-component---AddNewHO--ObjectPageLayout-anchBar-application-managehandovers-display-component---AddNewHO--section4-anchor\"]"}
COMMAND: POST /session/47333eeb8e9c9c97bb3c409b6d4d8cf2/element/f.F56EAC2838342C7C2B9CEE5C299FD93C.d.1FFF0710CAEA26E7565B2A94897DBA5B.e.2131/click - {}
RESULT: {}
COMMAND: POST /session/47333eeb8e9c9c97bb3c409b6d4d8cf2/execute/async - {"script":"<script> [1562 bytes]","args":[{"selector":{"controlType":"sap.ui.core.Icon","viewName":"etm.portal.ui.managehandovers.view.AddNewHO","viewId":"application-managehandovers-display-component---AddNewHO","properties":{"src":{"regex":{"source":"add"}}}},"wdio_ui5_key":"etmportal.ui.managehandovers.view.AddNewHOsap.ui.core.Icon{\"src\":{\"regex\":{\"source\":\"add\"}}}"}]}
COMMAND: GET /session/47333eeb8e9c9c97bb3c409b6d4d8cf2/screenshot - {}
RESULT: {"script":"<script> [1562 bytes]","args":[{"selector":{"controlType":"sap.ui.core.Icon","viewName":"etm.portal.ui.managehandovers.view.AddNewHO","viewId":"application-managehandovers-display-component---AddNewHO","properties":{"src":{"regex":{"source":"add"}}}},"wdio_ui5_key":"etmportal.ui.managehandovers.view.AddNewHOsap.ui.core.Icon{\"src\":{\"regex\":{\"source\":\"add\"}}}"}]}
RESULT: undefined
COMMAND: POST /session/47333eeb8e9c9c97bb3c409b6d4d8cf2/element - {"using":"xpath","value":"//*[@id=\"__button158-img\"]"}
RESULT: {}
RESULT: {"using":"xpath","value":"//*[@id=\"__button158-img\"]"}
COMMAND: POST /session/47333eeb8e9c9c97bb3c409b6d4d8cf2/element/f.F56EAC2838342C7C2B9CEE5C299FD93C.d.1FFF0710CAEA26E7565B2A94897DBA5B.e.2134/click - {}
RESULT: {}
COMMAND: POST /session/47333eeb8e9c9c97bb3c409b6d4d8cf2/execute/async - {"script":"<script> [1562 bytes]","args":[{"selector":{"id":"application-managehandovers-display-component---AddNewHO--smartFilterBar-btnBasicSearch","searchOpenDialogs":true,"interaction":{"idSuffix":"I"}},"wdio_ui5_key":"applicationmanagehandovers-display-component---AddNewHO--smartFilterBar-btnBasicSearch"}]}
COMMAND: GET /session/47333eeb8e9c9c97bb3c409b6d4d8cf2/screenshot - {}
RESULT: {"script":"<script> [1562 bytes]","args":[{"selector":{"id":"application-managehandovers-display-component---AddNewHO--smartFilterBar-btnBasicSearch","searchOpenDialogs":true,"interaction":{"idSuffix":"I"}},"wdio_ui5_key":"applicationmanagehandovers-display-component---AddNewHO--smartFilterBar-btnBasicSearch"}]}
RESULT: undefined
COMMAND: POST /session/47333eeb8e9c9c97bb3c409b6d4d8cf2/execute/async - {"script":"<script> [776 bytes]","args":[{"enterText":"Y24jsenB6_","selector":{"id":"application-managehandovers-display-component---AddNewHO--smartFilterBar-btnBasicSearch","searchOpenDialogs":true,"interaction":{"idSuffix":"I"}},"clearTextFirst":true,"interactionType":"ENTER_TEXT"}]}
RESULT: {}
RESULT: {"script":"<script> [776 bytes]","args":[{"enterText":"Y24jsenB6_","selector":{"id":"application-managehandovers-display-component---AddNewHO--smartFilterBar-btnBasicSearch","searchOpenDialogs":true,"interaction":{"idSuffix":"I"}},"clearTextFirst":true,"interactionType":"ENTER_TEXT"}]}
COMMAND: POST /session/47333eeb8e9c9c97bb3c409b6d4d8cf2/actions - {"actions":[{"id":"action3","type":"key","parameters":{},"actions":[{"type":"keyDown","value":"î€‡"},{"type":"pause","duration":10},{"type":"keyUp","value":"î€‡"}]}]}
RESULT: {"actions":[{"id":"action3","type":"key","parameters":{},"actions":[{"type":"keyDown","value":"î€‡"},{"type":"pause","duration":10},{"type":"keyUp","value":"î€‡"}]}]}
COMMAND: POST /session/47333eeb8e9c9c97bb3c409b6d4d8cf2/execute/async - {"script":"<script> [1562 bytes]","args":[{"selector":{"id":"application-managehandovers-display-component---AddNewHO--popup-sa","searchOpenDialogs":true,"interaction":{"idSuffix":"CbBg"}},"wdio_ui5_key":"applicationmanagehandovers-display-component---AddNewHO--popup-sa"}]}
COMMAND: GET /session/47333eeb8e9c9c97bb3c409b6d4d8cf2/screenshot - {}
RESULT: {"script":"<script> [1562 bytes]","args":[{"selector":{"id":"application-managehandovers-display-component---AddNewHO--popup-sa","searchOpenDialogs":true,"interaction":{"idSuffix":"CbBg"}},"wdio_ui5_key":"applicationmanagehandovers-display-component---AddNewHO--popup-sa"}]}
RESULT: undefined
COMMAND: POST /session/47333eeb8e9c9c97bb3c409b6d4d8cf2/element - {"using":"xpath","value":"//*[@id=\"application-managehandovers-display-component---AddNewHO--popup-sa\"]"}
RESULT: {}
RESULT: {"using":"xpath","value":"//*[@id=\"application-managehandovers-display-component---AddNewHO--popup-sa\"]"}
COMMAND: POST /session/47333eeb8e9c9c97bb3c409b6d4d8cf2/element/f.F56EAC2838342C7C2B9CEE5C299FD93C.d.1FFF0710CAEA26E7565B2A94897DBA5B.e.2289/click - {}
RESULT: {}
COMMAND: POST /session/47333eeb8e9c9c97bb3c409b6d4d8cf2/execute/async - {"script":"<script> [1562 bytes]","args":[{"selector":{"controlType":"sap.m.Button","viewName":"etm.portal.ui.managehandovers.view.AddNewHO","viewId":"application-managehandovers-display-component---AddNewHO","i18NText":{"propertyName":"text","key":"select"},"searchOpenDialogs":true,"interaction":{"idSuffix":"BDI-content"}},"wdio_ui5_key":"etmportal.ui.managehandovers.view.AddNewHOsap.m.Button{\"propertyName\":\"text\",\"key\":\"select\"}"}]}
COMMAND: GET /session/47333eeb8e9c9c97bb3c409b6d4d8cf2/screenshot - {}
RESULT: {"script":"<script> [1562 bytes]","args":[{"selector":{"controlType":"sap.m.Button","viewName":"etm.portal.ui.managehandovers.view.AddNewHO","viewId":"application-managehandovers-display-component---AddNewHO","i18NText":{"propertyName":"text","key":"select"},"searchOpenDialogs":true,"interaction":{"idSuffix":"BDI-content"}},"wdio_ui5_key":"etmportal.ui.managehandovers.view.AddNewHOsap.m.Button{\"propertyName\":\"text\",\"key\":\"select\"}"}]}
RESULT: undefined
COMMAND: POST /session/47333eeb8e9c9c97bb3c409b6d4d8cf2/element - {"using":"xpath","value":"//*[@id=\"__button161\"]"}
RESULT: {}
RESULT: {"using":"xpath","value":"//*[@id=\"__button161\"]"}
COMMAND: POST /session/47333eeb8e9c9c97bb3c409b6d4d8cf2/element/f.F56EAC2838342C7C2B9CEE5C299FD93C.d.1FFF0710CAEA26E7565B2A94897DBA5B.e.2291/click - {}
RESULT: {}
COMMAND: POST /session/47333eeb8e9c9c97bb3c409b6d4d8cf2/execute/async - {"script":"<script> [1562 bytes]","args":[{"selector":{"id":"application-managehandovers-display-component---AddNewHO--confirmCreationButton","interaction":{"idSuffix":"BDI-content"}},"wdio_ui5_key":"applicationmanagehandovers-display-component---AddNewHO--confirmCreationButton"}]}
COMMAND: GET /session/47333eeb8e9c9c97bb3c409b6d4d8cf2/screenshot - {}
RESULT: {"script":"<script> [1562 bytes]","args":[{"selector":{"id":"application-managehandovers-display-component---AddNewHO--confirmCreationButton","interaction":{"idSuffix":"BDI-content"}},"wdio_ui5_key":"applicationmanagehandovers-display-component---AddNewHO--confirmCreationButton"}]}
RESULT: undefined
COMMAND: POST /session/47333eeb8e9c9c97bb3c409b6d4d8cf2/element - {"using":"xpath","value":"//*[@id=\"application-managehandovers-display-component---AddNewHO--confirmCreationButton\"]"}
RESULT: {}
RESULT: {"using":"xpath","value":"//*[@id=\"application-managehandovers-display-component---AddNewHO--confirmCreationButton\"]"}
COMMAND: POST /session/47333eeb8e9c9c97bb3c409b6d4d8cf2/element/f.F56EAC2838342C7C2B9CEE5C299FD93C.d.1FFF0710CAEA26E7565B2A94897DBA5B.e.2297/click - {}
RESULT: {}
COMMAND: GET /session/47333eeb8e9c9c97bb3c409b6d4d8cf2/screenshot - {}
RESULT: {}
COMMAND: POST /session/47333eeb8e9c9c97bb3c409b6d4d8cf2/execute/async - {"script":"<script> [1562 bytes]","args":[{"selector":{"id":"receiptDatePicker","viewName":"etm.portal.ui.managehandovers.view.DetailExecuteHO","interaction":{"idSuffix":"inner"}},"wdio_ui5_key":"receiptDatePickeretmportal.ui.managehandovers.view.DetailExecuteHO"}]}
RESULT: {"script":"<script> [1562 bytes]","args":[{"selector":{"id":"receiptDatePicker","viewName":"etm.portal.ui.managehandovers.view.DetailExecuteHO","interaction":{"idSuffix":"inner"}},"wdio_ui5_key":"receiptDatePickeretmportal.ui.managehandovers.view.DetailExecuteHO"}]}
RESULT: undefined
COMMAND: POST /session/47333eeb8e9c9c97bb3c409b6d4d8cf2/execute/async - {"script":"<script> [6424 bytes]","args":[{"element-6066-11e4-a52e-4f735466cecf":"f.F56EAC2838342C7C2B9CEE5C299FD93C.d.1FFF0710CAEA26E7565B2A94897DBA5B.e.2308"},"setValue",["05/15/25"]]}
RESULT: {"script":"<script> [6424 bytes]","args":[{"element-6066-11e4-a52e-4f735466cecf":"f.F56EAC2838342C7C2B9CEE5C299FD93C.d.1FFF0710CAEA26E7565B2A94897DBA5B.e.2308"},"setValue",["05/15/25"]]}
COMMAND: POST /session/47333eeb8e9c9c97bb3c409b6d4d8cf2/execute/async - {"script":"<script> [1562 bytes]","args":[{"selector":{"controlType":"sap.m.Button","viewName":"etm.portal.ui.managehandovers.view.DetailExecuteHO","i18NText":{"propertyName":"text","key":"confirmAll"},"interaction":{"idSuffix":"BDI-content"}},"wdio_ui5_key":"etmportal.ui.managehandovers.view.DetailExecuteHOsap.m.Button{\"propertyName\":\"text\",\"key\":\"confirmAll\"}"}]}
RESULT: {"script":"<script> [1562 bytes]","args":[{"selector":{"controlType":"sap.m.Button","viewName":"etm.portal.ui.managehandovers.view.DetailExecuteHO","i18NText":{"propertyName":"text","key":"confirmAll"},"interaction":{"idSuffix":"BDI-content"}},"wdio_ui5_key":"etmportal.ui.managehandovers.view.DetailExecuteHOsap.m.Button{\"propertyName\":\"text\",\"key\":\"confirmAll\"}"}]}
RESULT: undefined
COMMAND: POST /session/47333eeb8e9c9c97bb3c409b6d4d8cf2/element - {"using":"xpath","value":"//*[@id=\"__button189\"]"}
RESULT: {"using":"xpath","value":"//*[@id=\"__button189\"]"}
COMMAND: POST /session/47333eeb8e9c9c97bb3c409b6d4d8cf2/element/f.F56EAC2838342C7C2B9CEE5C299FD93C.d.1FFF0710CAEA26E7565B2A94897DBA5B.e.2354/click - {}
RESULT: {}
COMMAND: POST /session/47333eeb8e9c9c97bb3c409b6d4d8cf2/execute/async - {"script":"<script> [1562 bytes]","args":[{"selector":{"controlType":"sap.m.Button","properties":{"text":"OK"},"searchOpenDialogs":true,"interaction":{"idSuffix":"BDI-content"}},"wdio_ui5_key":"sapm.Button{\"text\":\"OK\"}"}]}
COMMAND: GET /session/47333eeb8e9c9c97bb3c409b6d4d8cf2/screenshot - {}
RESULT: {"script":"<script> [1562 bytes]","args":[{"selector":{"controlType":"sap.m.Button","properties":{"text":"OK"},"searchOpenDialogs":true,"interaction":{"idSuffix":"BDI-content"}},"wdio_ui5_key":"sapm.Button{\"text\":\"OK\"}"}]}
RESULT: undefined
COMMAND: POST /session/47333eeb8e9c9c97bb3c409b6d4d8cf2/element - {"using":"xpath","value":"//*[@id=\"__mbox-btn-2\"]"}
RESULT: {}
RESULT: {"using":"xpath","value":"//*[@id=\"__mbox-btn-2\"]"}
COMMAND: POST /session/47333eeb8e9c9c97bb3c409b6d4d8cf2/element/f.F56EAC2838342C7C2B9CEE5C299FD93C.d.1FFF0710CAEA26E7565B2A94897DBA5B.e.2355/click - {}
RESULT: {}
COMMAND: GET /session/47333eeb8e9c9c97bb3c409b6d4d8cf2/screenshot - {}
RESULT: {}
COMMAND: POST /session/47333eeb8e9c9c97bb3c409b6d4d8cf2/execute/async - {"script":"<script> [1562 bytes]","args":[{"selector":{"id":"confirmationButton","viewName":"etm.portal.ui.managehandovers.view.DetailExecuteHO","interaction":{"idSuffix":"BDI-content"}},"wdio_ui5_key":"confirmationButtonetmportal.ui.managehandovers.view.DetailExecuteHO"}]}
RESULT: {"script":"<script> [1562 bytes]","args":[{"selector":{"id":"confirmationButton","viewName":"etm.portal.ui.managehandovers.view.DetailExecuteHO","interaction":{"idSuffix":"BDI-content"}},"wdio_ui5_key":"confirmationButtonetmportal.ui.managehandovers.view.DetailExecuteHO"}]}
RESULT: undefined
COMMAND: POST /session/47333eeb8e9c9c97bb3c409b6d4d8cf2/element - {"using":"xpath","value":"(//bdi[contains(text(), \"Receive\")])[2]"}
RESULT: {"using":"xpath","value":"(//bdi[contains(text(), \"Receive\")])[2]"}
COMMAND: POST /session/47333eeb8e9c9c97bb3c409b6d4d8cf2/element/f.F56EAC2838342C7C2B9CEE5C299FD93C.d.1FFF0710CAEA26E7565B2A94897DBA5B.e.2358/click - {}
RESULT: {}
COMMAND: GET /session/47333eeb8e9c9c97bb3c409b6d4d8cf2/screenshot - {}
RESULT: {}
COMMAND: POST /session/47333eeb8e9c9c97bb3c409b6d4d8cf2/element - {"using":"css selector","value":"#shell-header-logo"}
RESULT: {"using":"css selector","value":"#shell-header-logo"}
COMMAND: POST /session/47333eeb8e9c9c97bb3c409b6d4d8cf2/element/f.F56EAC2838342C7C2B9CEE5C299FD93C.d.1FFF0710CAEA26E7565B2A94897DBA5B.e.1715/click - {}
RESULT: {}
COMMAND: GET /session/47333eeb8e9c9c97bb3c409b6d4d8cf2/screenshot - {}
RESULT: {}
]]></system-out>
    </testcase>
    <testcase classname="chrome.136_0_7103_93.windows.Bill_of_Resources_tests_for_bundle_creation_&amp;_replenishment_US131067_US131070" name="Should create a new bundle with the 2 RUs using onto first one US131067" time="59.382">
      <system-out><![CDATA[
COMMAND: POST /session/47333eeb8e9c9c97bb3c409b6d4d8cf2/execute/async - {"script":"<script> [1562 bytes]","args":[{"selector":{"controlType":"sap.m.GenericTile","properties":{"header":"Bill Of Resources"}},"wdio_ui5_key":"sapm.GenericTile{\"header\":\"Bill Of Resources\"}"}]}
RESULT: {"script":"<script> [1562 bytes]","args":[{"selector":{"controlType":"sap.m.GenericTile","properties":{"header":"Bill Of Resources"}},"wdio_ui5_key":"sapm.GenericTile{\"header\":\"Bill Of Resources\"}"}]}
RESULT: undefined
COMMAND: POST /session/47333eeb8e9c9c97bb3c409b6d4d8cf2/element - {"using":"xpath","value":"//*[@id=\"__tile34\"]"}
RESULT: {"using":"xpath","value":"//*[@id=\"__tile34\"]"}
COMMAND: POST /session/47333eeb8e9c9c97bb3c409b6d4d8cf2/element/f.F56EAC2838342C7C2B9CEE5C299FD93C.d.1FFF0710CAEA26E7565B2A94897DBA5B.e.190/click - {}
RESULT: {}
COMMAND: GET /session/47333eeb8e9c9c97bb3c409b6d4d8cf2/screenshot - {}
RESULT: {}
COMMAND: POST /session/47333eeb8e9c9c97bb3c409b6d4d8cf2/elements - {"using":"xpath","value":"//span[text()='Error']"}
RESULT: {"using":"xpath","value":"//span[text()='Error']"}
COMMAND: POST /session/47333eeb8e9c9c97bb3c409b6d4d8cf2/element - {"using":"xpath","value":"//button[@data-kt=\"addBorMasterButton\"]"}
RESULT: {"using":"xpath","value":"//button[@data-kt=\"addBorMasterButton\"]"}
COMMAND: POST /session/47333eeb8e9c9c97bb3c409b6d4d8cf2/elements - {"using":"xpath","value":"//button[@data-kt=\"addBorMasterButton\"]"}
RESULT: {"using":"xpath","value":"//button[@data-kt=\"addBorMasterButton\"]"}
COMMAND: POST /session/47333eeb8e9c9c97bb3c409b6d4d8cf2/execute/sync - {"script":"<script> [8489 bytes]","args":[{"element-6066-11e4-a52e-4f735466cecf":"f.F56EAC2838342C7C2B9CEE5C299FD93C.d.1FFF0710CAEA26E7565B2A94897DBA5B.e.2585","ELEMENT":"f.F56EAC2838342C7C2B9CEE5C299FD93C.d.1FFF0710CAEA26E7565B2A94897DBA5B.e.2585"}]}
RESULT: {"script":"<script> [8489 bytes]","args":[{"element-6066-11e4-a52e-4f735466cecf":"f.F56EAC2838342C7C2B9CEE5C299FD93C.d.1FFF0710CAEA26E7565B2A94897DBA5B.e.2585","ELEMENT":"f.F56EAC2838342C7C2B9CEE5C299FD93C.d.1FFF0710CAEA26E7565B2A94897DBA5B.e.2585"}]}
COMMAND: GET /session/47333eeb8e9c9c97bb3c409b6d4d8cf2/element/f.F56EAC2838342C7C2B9CEE5C299FD93C.d.1FFF0710CAEA26E7565B2A94897DBA5B.e.2585/enabled - {}
COMMAND: GET /session/47333eeb8e9c9c97bb3c409b6d4d8cf2/screenshot - {}
RESULT: {}
COMMAND: POST /session/47333eeb8e9c9c97bb3c409b6d4d8cf2/execute/sync - {"script":"<script> [8489 bytes]","args":[{"element-6066-11e4-a52e-4f735466cecf":"f.F56EAC2838342C7C2B9CEE5C299FD93C.d.1FFF0710CAEA26E7565B2A94897DBA5B.e.2585","ELEMENT":"f.F56EAC2838342C7C2B9CEE5C299FD93C.d.1FFF0710CAEA26E7565B2A94897DBA5B.e.2585"}]}
COMMAND: GET /session/47333eeb8e9c9c97bb3c409b6d4d8cf2/screenshot - {}
RESULT: {}
RESULT: {"script":"<script> [8489 bytes]","args":[{"element-6066-11e4-a52e-4f735466cecf":"f.F56EAC2838342C7C2B9CEE5C299FD93C.d.1FFF0710CAEA26E7565B2A94897DBA5B.e.2585","ELEMENT":"f.F56EAC2838342C7C2B9CEE5C299FD93C.d.1FFF0710CAEA26E7565B2A94897DBA5B.e.2585"}]}
COMMAND: POST /session/47333eeb8e9c9c97bb3c409b6d4d8cf2/execute/sync - {"script":"<script> [5351 bytes]","args":[{"element-6066-11e4-a52e-4f735466cecf":"f.F56EAC2838342C7C2B9CEE5C299FD93C.d.1FFF0710CAEA26E7565B2A94897DBA5B.e.2585","ELEMENT":"f.F56EAC2838342C7C2B9CEE5C299FD93C.d.1FFF0710CAEA26E7565B2A94897DBA5B.e.2585"}]}
COMMAND: GET /session/47333eeb8e9c9c97bb3c409b6d4d8cf2/screenshot - {}
RESULT: {}
RESULT: {}
RESULT: {"script":"<script> [5351 bytes]","args":[{"element-6066-11e4-a52e-4f735466cecf":"f.F56EAC2838342C7C2B9CEE5C299FD93C.d.1FFF0710CAEA26E7565B2A94897DBA5B.e.2585","ELEMENT":"f.F56EAC2838342C7C2B9CEE5C299FD93C.d.1FFF0710CAEA26E7565B2A94897DBA5B.e.2585"}]}
COMMAND: POST /session/47333eeb8e9c9c97bb3c409b6d4d8cf2/element/f.F56EAC2838342C7C2B9CEE5C299FD93C.d.1FFF0710CAEA26E7565B2A94897DBA5B.e.2585/click - {}
COMMAND: GET /session/47333eeb8e9c9c97bb3c409b6d4d8cf2/screenshot - {}
RESULT: {}
COMMAND: GET /session/47333eeb8e9c9c97bb3c409b6d4d8cf2/screenshot - {}
RESULT: {}
RESULT: {}
COMMAND: POST /session/47333eeb8e9c9c97bb3c409b6d4d8cf2/execute/async - {"script":"<script> [1562 bytes]","args":[{"selector":{"id":"application-billofresources-display-component---newBoR--typeSelect","interaction":{"idSuffix":"arrow"}},"wdio_ui5_key":"applicationbillofresources-display-component---newBoR--typeSelect"}]}
RESULT: {"script":"<script> [1562 bytes]","args":[{"selector":{"id":"application-billofresources-display-component---newBoR--typeSelect","interaction":{"idSuffix":"arrow"}},"wdio_ui5_key":"applicationbillofresources-display-component---newBoR--typeSelect"}]}
RESULT: undefined
COMMAND: POST /session/47333eeb8e9c9c97bb3c409b6d4d8cf2/element - {"using":"xpath","value":"//*[@id=\"application-billofresources-display-component---newBoR--typeSelect\"]"}
RESULT: {"using":"xpath","value":"//*[@id=\"application-billofresources-display-component---newBoR--typeSelect\"]"}
COMMAND: POST /session/47333eeb8e9c9c97bb3c409b6d4d8cf2/element/f.F56EAC2838342C7C2B9CEE5C299FD93C.d.1FFF0710CAEA26E7565B2A94897DBA5B.e.2858/click - {}
RESULT: {}
COMMAND: POST /session/47333eeb8e9c9c97bb3c409b6d4d8cf2/execute/async - {"script":"<script> [1562 bytes]","args":[{"selector":{"controlType":"sap.ui.core.Item","viewName":"etm.portal.ui.billofresources.view.NewBoR","viewId":"application-billofresources-display-component---newBoR","bindingPath":{"path":"/BoRHeaderTypes('50')","propertyPath":"TYPE","modelName":"catalogModel"},"searchOpenDialogs":true},"wdio_ui5_key":"etmportal.ui.billofresources.view.NewBoRsap.ui.core.Item{\"path\":\"/BoRHeaderTypes('50')\",\"propertyPath\":\"TYPE\",\"modelName\":\"catalogModel\"}"}]}
COMMAND: GET /session/47333eeb8e9c9c97bb3c409b6d4d8cf2/screenshot - {}
RESULT: {"script":"<script> [1562 bytes]","args":[{"selector":{"controlType":"sap.ui.core.Item","viewName":"etm.portal.ui.billofresources.view.NewBoR","viewId":"application-billofresources-display-component---newBoR","bindingPath":{"path":"/BoRHeaderTypes('50')","propertyPath":"TYPE","modelName":"catalogModel"},"searchOpenDialogs":true},"wdio_ui5_key":"etmportal.ui.billofresources.view.NewBoRsap.ui.core.Item{\"path\":\"/BoRHeaderTypes('50')\",\"propertyPath\":\"TYPE\",\"modelName\":\"catalogModel\"}"}]}
RESULT: undefined
COMMAND: POST /session/47333eeb8e9c9c97bb3c409b6d4d8cf2/element - {"using":"xpath","value":"//*[@id=\"__item1300-application-billofresources-display-component---newBoR--typeSelect-4\"]"}
RESULT: {}
RESULT: {"using":"xpath","value":"//*[@id=\"__item1300-application-billofresources-display-component---newBoR--typeSelect-4\"]"}
COMMAND: POST /session/47333eeb8e9c9c97bb3c409b6d4d8cf2/element/f.F56EAC2838342C7C2B9CEE5C299FD93C.d.1FFF0710CAEA26E7565B2A94897DBA5B.e.2859/click - {}
RESULT: {}
COMMAND: POST /session/47333eeb8e9c9c97bb3c409b6d4d8cf2/execute/async - {"script":"<script> [1562 bytes]","args":[{"selector":{"id":"application-billofresources-display-component---newBoR--headerRUInput-vhi"},"wdio_ui5_key":"applicationbillofresources-display-component---newBoR--headerRUInput-vhi"}]}
COMMAND: GET /session/47333eeb8e9c9c97bb3c409b6d4d8cf2/screenshot - {}
RESULT: {"script":"<script> [1562 bytes]","args":[{"selector":{"id":"application-billofresources-display-component---newBoR--headerRUInput-vhi"},"wdio_ui5_key":"applicationbillofresources-display-component---newBoR--headerRUInput-vhi"}]}
RESULT: undefined
COMMAND: POST /session/47333eeb8e9c9c97bb3c409b6d4d8cf2/element - {"using":"xpath","value":"//*[@id=\"application-billofresources-display-component---newBoR--headerRUInput-vhi\"]"}
RESULT: {}
RESULT: {"using":"xpath","value":"//*[@id=\"application-billofresources-display-component---newBoR--headerRUInput-vhi\"]"}
COMMAND: POST /session/47333eeb8e9c9c97bb3c409b6d4d8cf2/element/f.F56EAC2838342C7C2B9CEE5C299FD93C.d.1FFF0710CAEA26E7565B2A94897DBA5B.e.2926/click - {}
RESULT: {}
COMMAND: POST /session/47333eeb8e9c9c97bb3c409b6d4d8cf2/execute/async - {"script":"<script> [1562 bytes]","args":[{"selector":{"id":"application-billofresources-display-component---newBoR--ruDialogSearchField","searchOpenDialogs":true,"interaction":{"idSuffix":"I"}},"wdio_ui5_key":"applicationbillofresources-display-component---newBoR--ruDialogSearchField"}]}
COMMAND: GET /session/47333eeb8e9c9c97bb3c409b6d4d8cf2/screenshot - {}
RESULT: {"script":"<script> [1562 bytes]","args":[{"selector":{"id":"application-billofresources-display-component---newBoR--ruDialogSearchField","searchOpenDialogs":true,"interaction":{"idSuffix":"I"}},"wdio_ui5_key":"applicationbillofresources-display-component---newBoR--ruDialogSearchField"}]}
RESULT: undefined
COMMAND: POST /session/47333eeb8e9c9c97bb3c409b6d4d8cf2/execute/async - {"script":"<script> [6424 bytes]","args":[{"element-6066-11e4-a52e-4f735466cecf":"f.F56EAC2838342C7C2B9CEE5C299FD93C.d.1FFF0710CAEA26E7565B2A94897DBA5B.e.2930"},"setValue",["Y24jsenB6_1"]]}
RESULT: {}
RESULT: {"script":"<script> [6424 bytes]","args":[{"element-6066-11e4-a52e-4f735466cecf":"f.F56EAC2838342C7C2B9CEE5C299FD93C.d.1FFF0710CAEA26E7565B2A94897DBA5B.e.2930"},"setValue",["Y24jsenB6_1"]]}
COMMAND: POST /session/47333eeb8e9c9c97bb3c409b6d4d8cf2/element - {"using":"xpath","value":"//div[@id=\"application-billofresources-display-component---newBoR--ruDialogSearchField-search\"]"}
RESULT: {"using":"xpath","value":"//div[@id=\"application-billofresources-display-component---newBoR--ruDialogSearchField-search\"]"}
COMMAND: POST /session/47333eeb8e9c9c97bb3c409b6d4d8cf2/element/f.F56EAC2838342C7C2B9CEE5C299FD93C.d.1FFF0710CAEA26E7565B2A94897DBA5B.e.2947/click - {}
RESULT: {}
COMMAND: GET /session/47333eeb8e9c9c97bb3c409b6d4d8cf2/screenshot - {}
RESULT: {}
COMMAND: POST /session/47333eeb8e9c9c97bb3c409b6d4d8cf2/execute/async - {"script":"<script> [1562 bytes]","args":[{"selector":{"controlType":"sap.m.Text","viewName":"etm.portal.ui.billofresources.view.NewBoR","viewId":"application-billofresources-display-component---newBoR","bindingPath":{"propertyPath":"YARD_ADMIN_ID","modelName":"catalogModel"},"searchOpenDialogs":true},"wdio_ui5_key":"etmportal.ui.billofresources.view.NewBoRsap.m.Text{\"propertyPath\":\"YARD_ADMIN_ID\",\"modelName\":\"catalogModel\"}"}]}
RESULT: {"script":"<script> [1562 bytes]","args":[{"selector":{"controlType":"sap.m.Text","viewName":"etm.portal.ui.billofresources.view.NewBoR","viewId":"application-billofresources-display-component---newBoR","bindingPath":{"propertyPath":"YARD_ADMIN_ID","modelName":"catalogModel"},"searchOpenDialogs":true},"wdio_ui5_key":"etmportal.ui.billofresources.view.NewBoRsap.m.Text{\"propertyPath\":\"YARD_ADMIN_ID\",\"modelName\":\"catalogModel\"}"}]}
RESULT: undefined
COMMAND: POST /session/47333eeb8e9c9c97bb3c409b6d4d8cf2/element - {"using":"xpath","value":"//*[@id=\"__text1868\"]"}
RESULT: {"using":"xpath","value":"//*[@id=\"__text1868\"]"}
COMMAND: POST /session/47333eeb8e9c9c97bb3c409b6d4d8cf2/element/f.F56EAC2838342C7C2B9CEE5C299FD93C.d.1FFF0710CAEA26E7565B2A94897DBA5B.e.2951/click - {}
RESULT: {}
COMMAND: POST /session/47333eeb8e9c9c97bb3c409b6d4d8cf2/execute/async - {"script":"<script> [1562 bytes]","args":[{"selector":{"controlType":"sap.m.Button","viewName":"etm.portal.ui.billofresources.view.NewBoR","viewId":"application-billofresources-display-component---newBoR","i18NText":{"propertyName":"text","key":"ok"},"searchOpenDialogs":true,"interaction":{"idSuffix":"BDI-content"}},"wdio_ui5_key":"etmportal.ui.billofresources.view.NewBoRsap.m.Button{\"propertyName\":\"text\",\"key\":\"ok\"}"}]}
COMMAND: GET /session/47333eeb8e9c9c97bb3c409b6d4d8cf2/screenshot - {}
RESULT: {"script":"<script> [1562 bytes]","args":[{"selector":{"controlType":"sap.m.Button","viewName":"etm.portal.ui.billofresources.view.NewBoR","viewId":"application-billofresources-display-component---newBoR","i18NText":{"propertyName":"text","key":"ok"},"searchOpenDialogs":true,"interaction":{"idSuffix":"BDI-content"}},"wdio_ui5_key":"etmportal.ui.billofresources.view.NewBoRsap.m.Button{\"propertyName\":\"text\",\"key\":\"ok\"}"}]}
RESULT: undefined
COMMAND: POST /session/47333eeb8e9c9c97bb3c409b6d4d8cf2/element - {"using":"xpath","value":"//*[@id=\"__button227\"]"}
RESULT: {}
RESULT: {"using":"xpath","value":"//*[@id=\"__button227\"]"}
COMMAND: POST /session/47333eeb8e9c9c97bb3c409b6d4d8cf2/element/f.F56EAC2838342C7C2B9CEE5C299FD93C.d.1FFF0710CAEA26E7565B2A94897DBA5B.e.2954/click - {}
RESULT: {}
COMMAND: GET /session/47333eeb8e9c9c97bb3c409b6d4d8cf2/screenshot - {}
RESULT: {}
COMMAND: POST /session/47333eeb8e9c9c97bb3c409b6d4d8cf2/execute/async - {"script":"<script> [1562 bytes]","args":[{"selector":{"id":"application-billofresources-display-component---newBoR--borDescInput","interaction":{"idSuffix":"inner"}},"wdio_ui5_key":"applicationbillofresources-display-component---newBoR--borDescInput"}]}
RESULT: {"script":"<script> [1562 bytes]","args":[{"selector":{"id":"application-billofresources-display-component---newBoR--borDescInput","interaction":{"idSuffix":"inner"}},"wdio_ui5_key":"applicationbillofresources-display-component---newBoR--borDescInput"}]}
RESULT: undefined
COMMAND: POST /session/47333eeb8e9c9c97bb3c409b6d4d8cf2/execute/async - {"script":"<script> [776 bytes]","args":[{"enterText":"Y24jsenB6_1","selector":{"id":"application-billofresources-display-component---newBoR--borDescInput","interaction":{"idSuffix":"inner"}},"clearTextFirst":true,"interactionType":"ENTER_TEXT"}]}
RESULT: {"script":"<script> [776 bytes]","args":[{"enterText":"Y24jsenB6_1","selector":{"id":"application-billofresources-display-component---newBoR--borDescInput","interaction":{"idSuffix":"inner"}},"clearTextFirst":true,"interactionType":"ENTER_TEXT"}]}
COMMAND: POST /session/47333eeb8e9c9c97bb3c409b6d4d8cf2/execute/async - {"script":"<script> [1562 bytes]","args":[{"selector":{"controlType":"sap.ui.core.Icon","viewName":"etm.portal.ui.billofresources.view.NewBoR","viewId":"application-billofresources-display-component---newBoR","properties":{"src":{"regex":{"source":"add"}}},"ancestor":{"controlType":"sap.m.Button","viewName":"etm.portal.ui.billofresources.view.NewBoR","viewId":"application-billofresources-display-component---newBoR","bindingPath":{"path":"","propertyPath":"/isSelectionGroup","modelName":"tableConfig"}}},"wdio_ui5_key":"etmportal.ui.billofresources.view.NewBoRsap.ui.core.Icon{\"src\":{\"regex\":{\"source\":\"add\"}}}{\"controlType\":\"sap.m.Button\",\"viewName\":\"etm.portal.ui.billofresources.view.NewBoR\",\"viewId\":\"application-billofresources-display-component---newBoR\",\"bindingPath\":{\"path\":\"\",\"propertyPath\":\"/isSelectionGroup\",\"modelName\":\"tableConfig\"}}"}]}
RESULT: {"script":"<script> [1562 bytes]","args":[{"selector":{"controlType":"sap.ui.core.Icon","viewName":"etm.portal.ui.billofresources.view.NewBoR","viewId":"application-billofresources-display-component---newBoR","properties":{"src":{"regex":{"source":"add"}}},"ancestor":{"controlType":"sap.m.Button","viewName":"etm.portal.ui.billofresources.view.NewBoR","viewId":"application-billofresources-display-component---newBoR","bindingPath":{"path":"","propertyPath":"/isSelectionGroup","modelName":"tableConfig"}}},"wdio_ui5_key":"etmportal.ui.billofresources.view.NewBoRsap.ui.core.Icon{\"src\":{\"regex\":{\"source\":\"add\"}}}{\"controlType\":\"sap.m.Button\",\"viewName\":\"etm.portal.ui.billofresources.view.NewBoR\",\"viewId\":\"application-billofresources-display-component---newBoR\",\"bindingPath\":{\"path\":\"\",\"propertyPath\":\"/isSelectionGroup\",\"modelName\":\"tableConfig\"}}"}]}
RESULT: undefined
COMMAND: POST /session/47333eeb8e9c9c97bb3c409b6d4d8cf2/element - {"using":"xpath","value":"//*[@id=\"__button213-img\"]"}
RESULT: {"using":"xpath","value":"//*[@id=\"__button213-img\"]"}
COMMAND: POST /session/47333eeb8e9c9c97bb3c409b6d4d8cf2/element/f.F56EAC2838342C7C2B9CEE5C299FD93C.d.1FFF0710CAEA26E7565B2A94897DBA5B.e.2966/click - {}
RESULT: {}
COMMAND: POST /session/47333eeb8e9c9c97bb3c409b6d4d8cf2/execute/async - {"script":"<script> [1562 bytes]","args":[{"selector":{"controlType":"sap.m.Input","viewName":"etm.portal.ui.billofresources.view.NewBoR","viewId":"application-billofresources-display-component---newBoR","bindingPath":{"path":"/ITEMS/0","propertyPath":"ITEM","modelName":"BoRModel"},"interaction":{"idSuffix":"inner"}},"wdio_ui5_key":"etmportal.ui.billofresources.view.NewBoRsap.m.Input{\"path\":\"/ITEMS/0\",\"propertyPath\":\"ITEM\",\"modelName\":\"BoRModel\"}"}]}
COMMAND: GET /session/47333eeb8e9c9c97bb3c409b6d4d8cf2/screenshot - {}
RESULT: {"script":"<script> [1562 bytes]","args":[{"selector":{"controlType":"sap.m.Input","viewName":"etm.portal.ui.billofresources.view.NewBoR","viewId":"application-billofresources-display-component---newBoR","bindingPath":{"path":"/ITEMS/0","propertyPath":"ITEM","modelName":"BoRModel"},"interaction":{"idSuffix":"inner"}},"wdio_ui5_key":"etmportal.ui.billofresources.view.NewBoRsap.m.Input{\"path\":\"/ITEMS/0\",\"propertyPath\":\"ITEM\",\"modelName\":\"BoRModel\"}"}]}
RESULT: undefined
COMMAND: POST /session/47333eeb8e9c9c97bb3c409b6d4d8cf2/execute/async - {"script":"<script> [776 bytes]","args":[{"enterText":"10","selector":{"controlType":"sap.m.Input","viewName":"etm.portal.ui.billofresources.view.NewBoR","viewId":"application-billofresources-display-component---newBoR","bindingPath":{"path":"/ITEMS/0","propertyPath":"ITEM","modelName":"BoRModel"},"interaction":{"idSuffix":"inner"}},"clearTextFirst":true,"interactionType":"ENTER_TEXT"}]}
RESULT: {}
RESULT: {"script":"<script> [776 bytes]","args":[{"enterText":"10","selector":{"controlType":"sap.m.Input","viewName":"etm.portal.ui.billofresources.view.NewBoR","viewId":"application-billofresources-display-component---newBoR","bindingPath":{"path":"/ITEMS/0","propertyPath":"ITEM","modelName":"BoRModel"},"interaction":{"idSuffix":"inner"}},"clearTextFirst":true,"interactionType":"ENTER_TEXT"}]}
COMMAND: POST /session/47333eeb8e9c9c97bb3c409b6d4d8cf2/element - {"using":"xpath","value":"//input[@aria-labelledby=\"application-billofresources-display-component---newBoR--itemRUComboBoxCol\"][1]"}
RESULT: {"using":"xpath","value":"//input[@aria-labelledby=\"application-billofresources-display-component---newBoR--itemRUComboBoxCol\"][1]"}
COMMAND: POST /session/47333eeb8e9c9c97bb3c409b6d4d8cf2/element/f.F56EAC2838342C7C2B9CEE5C299FD93C.d.1FFF0710CAEA26E7565B2A94897DBA5B.e.2955/clear - {}
RESULT: {}
COMMAND: POST /session/47333eeb8e9c9c97bb3c409b6d4d8cf2/element/f.F56EAC2838342C7C2B9CEE5C299FD93C.d.1FFF0710CAEA26E7565B2A94897DBA5B.e.2955/value - {"text":"Y24jsenB6_2"}
COMMAND: GET /session/47333eeb8e9c9c97bb3c409b6d4d8cf2/screenshot - {}
RESULT: {"text":"Y24jsenB6_2"}
COMMAND: GET /session/47333eeb8e9c9c97bb3c409b6d4d8cf2/screenshot - {}
RESULT: {}
RESULT: {}
COMMAND: POST /session/47333eeb8e9c9c97bb3c409b6d4d8cf2/actions - {"actions":[{"id":"action4","type":"key","parameters":{},"actions":[{"type":"keyDown","value":"î€‡"},{"type":"pause","duration":10},{"type":"keyUp","value":"î€‡"}]}]}
RESULT: {"actions":[{"id":"action4","type":"key","parameters":{},"actions":[{"type":"keyDown","value":"î€‡"},{"type":"pause","duration":10},{"type":"keyUp","value":"î€‡"}]}]}
COMMAND: POST /session/47333eeb8e9c9c97bb3c409b6d4d8cf2/execute/async - {"script":"<script> [1562 bytes]","args":[{"selector":{"controlType":"sap.m.Button","viewName":"etm.portal.ui.billofresources.view.NewBoR","viewId":"application-billofresources-display-component---newBoR","i18NText":{"propertyName":"text","key":"save"},"interaction":{"idSuffix":"BDI-content"}},"wdio_ui5_key":"etmportal.ui.billofresources.view.NewBoRsap.m.Button{\"propertyName\":\"text\",\"key\":\"save\"}"}]}
COMMAND: GET /session/47333eeb8e9c9c97bb3c409b6d4d8cf2/screenshot - {}
RESULT: {"script":"<script> [1562 bytes]","args":[{"selector":{"controlType":"sap.m.Button","viewName":"etm.portal.ui.billofresources.view.NewBoR","viewId":"application-billofresources-display-component---newBoR","i18NText":{"propertyName":"text","key":"save"},"interaction":{"idSuffix":"BDI-content"}},"wdio_ui5_key":"etmportal.ui.billofresources.view.NewBoRsap.m.Button{\"propertyName\":\"text\",\"key\":\"save\"}"}]}
RESULT: undefined
COMMAND: POST /session/47333eeb8e9c9c97bb3c409b6d4d8cf2/element - {"using":"xpath","value":"//*[@id=\"__button219\"]"}
RESULT: {}
RESULT: {"using":"xpath","value":"//*[@id=\"__button219\"]"}
COMMAND: POST /session/47333eeb8e9c9c97bb3c409b6d4d8cf2/element/f.F56EAC2838342C7C2B9CEE5C299FD93C.d.1FFF0710CAEA26E7565B2A94897DBA5B.e.2803/click - {}
RESULT: {}
COMMAND: GET /session/47333eeb8e9c9c97bb3c409b6d4d8cf2/screenshot - {}
RESULT: {}
COMMAND: POST /session/47333eeb8e9c9c97bb3c409b6d4d8cf2/execute/async - {"script":"<script> [1562 bytes]","args":[{"selector":{"controlType":"sap.m.Text","viewName":"etm.portal.ui.billofresources.view.DetailBoR","viewId":"application-billofresources-display-component---detailBoR","bindingPath":{"propertyPath":"LINK_TO_RESOURCE_UNITS/LINK_TO_RU_STATE/STATE_DESCR","modelName":"catalogModel"}},"wdio_ui5_key":"etmportal.ui.billofresources.view.DetailBoRsap.m.Text{\"propertyPath\":\"LINK_TO_RESOURCE_UNITS/LINK_TO_RU_STATE/STATE_DESCR\",\"modelName\":\"catalogModel\"}"}]}
RESULT: {"script":"<script> [1562 bytes]","args":[{"selector":{"controlType":"sap.m.Text","viewName":"etm.portal.ui.billofresources.view.DetailBoR","viewId":"application-billofresources-display-component---detailBoR","bindingPath":{"propertyPath":"LINK_TO_RESOURCE_UNITS/LINK_TO_RU_STATE/STATE_DESCR","modelName":"catalogModel"}},"wdio_ui5_key":"etmportal.ui.billofresources.view.DetailBoRsap.m.Text{\"propertyPath\":\"LINK_TO_RESOURCE_UNITS/LINK_TO_RU_STATE/STATE_DESCR\",\"modelName\":\"catalogModel\"}"}]}
RESULT: undefined
COMMAND: POST /session/47333eeb8e9c9c97bb3c409b6d4d8cf2/execute/async - {"script":"<script> [6424 bytes]","args":[{"element-6066-11e4-a52e-4f735466cecf":"f.F56EAC2838342C7C2B9CEE5C299FD93C.d.1FFF0710CAEA26E7565B2A94897DBA5B.e.3229"},"getText",[]]}
RESULT: {"script":"<script> [6424 bytes]","args":[{"element-6066-11e4-a52e-4f735466cecf":"f.F56EAC2838342C7C2B9CEE5C299FD93C.d.1FFF0710CAEA26E7565B2A94897DBA5B.e.3229"},"getText",[]]}
]]></system-out>
    </testcase>
    <testcase classname="chrome.136_0_7103_93.windows.Bill_of_Resources_tests_for_bundle_creation_&amp;_replenishment_US131067_US131070" name="Should create replenishment handover from BOR US131070" time="68.851">
      <system-out><![CDATA[
COMMAND: POST /session/47333eeb8e9c9c97bb3c409b6d4d8cf2/execute/async - {"script":"<script> [1562 bytes]","args":[{"selector":{"controlType":"sap.m.Button","viewName":"etm.portal.ui.billofresources.view.DetailBoR","viewId":"application-billofresources-display-component---detailBoR","i18NText":{"propertyName":"text","key":"replenish"},"interaction":{"idSuffix":"BDI-content"}},"wdio_ui5_key":"etmportal.ui.billofresources.view.DetailBoRsap.m.Button{\"propertyName\":\"text\",\"key\":\"replenish\"}"}]}
RESULT: {"script":"<script> [1562 bytes]","args":[{"selector":{"controlType":"sap.m.Button","viewName":"etm.portal.ui.billofresources.view.DetailBoR","viewId":"application-billofresources-display-component---detailBoR","i18NText":{"propertyName":"text","key":"replenish"},"interaction":{"idSuffix":"BDI-content"}},"wdio_ui5_key":"etmportal.ui.billofresources.view.DetailBoRsap.m.Button{\"propertyName\":\"text\",\"key\":\"replenish\"}"}]}
RESULT: undefined
COMMAND: POST /session/47333eeb8e9c9c97bb3c409b6d4d8cf2/element - {"using":"xpath","value":"//*[@id=\"__button231\"]"}
RESULT: {"using":"xpath","value":"//*[@id=\"__button231\"]"}
COMMAND: POST /session/47333eeb8e9c9c97bb3c409b6d4d8cf2/element/f.F56EAC2838342C7C2B9CEE5C299FD93C.d.1FFF0710CAEA26E7565B2A94897DBA5B.e.3231/click - {}
RESULT: {}
COMMAND: GET /session/47333eeb8e9c9c97bb3c409b6d4d8cf2/screenshot - {}
RESULT: {}
COMMAND: POST /session/47333eeb8e9c9c97bb3c409b6d4d8cf2/execute/async - {"script":"<script> [1562 bytes]","args":[{"selector":{"controlType":"sap.m.Button","viewName":"etm.portal.ui.billofresources.view.DetailBoR","viewId":"application-billofresources-display-component---detailBoR","i18NText":{"propertyName":"text","key":"execute"},"interaction":{"idSuffix":"BDI-content"}},"wdio_ui5_key":"etmportal.ui.billofresources.view.DetailBoRsap.m.Button{\"propertyName\":\"text\",\"key\":\"execute\"}"}]}
RESULT: {"script":"<script> [1562 bytes]","args":[{"selector":{"controlType":"sap.m.Button","viewName":"etm.portal.ui.billofresources.view.DetailBoR","viewId":"application-billofresources-display-component---detailBoR","i18NText":{"propertyName":"text","key":"execute"},"interaction":{"idSuffix":"BDI-content"}},"wdio_ui5_key":"etmportal.ui.billofresources.view.DetailBoRsap.m.Button{\"propertyName\":\"text\",\"key\":\"execute\"}"}]}
RESULT: undefined
COMMAND: POST /session/47333eeb8e9c9c97bb3c409b6d4d8cf2/element - {"using":"xpath","value":"//*[@id=\"__button247\"]"}
RESULT: {"using":"xpath","value":"//*[@id=\"__button247\"]"}
COMMAND: POST /session/47333eeb8e9c9c97bb3c409b6d4d8cf2/element/f.F56EAC2838342C7C2B9CEE5C299FD93C.d.1FFF0710CAEA26E7565B2A94897DBA5B.e.3250/click - {}
RESULT: {}
COMMAND: GET /session/47333eeb8e9c9c97bb3c409b6d4d8cf2/screenshot - {}
RESULT: {}
COMMAND: POST /session/47333eeb8e9c9c97bb3c409b6d4d8cf2/execute/async - {"script":"<script> [1562 bytes]","args":[{"selector":{"controlType":"sap.m.Text","viewName":"etm.portal.ui.managehandovers.view.DetailExecuteHO","bindingPath":{"path":"","propertyPath":"NO","modelName":"catalogModel"}},"wdio_ui5_key":"etmportal.ui.managehandovers.view.DetailExecuteHOsap.m.Text{\"path\":\"\",\"propertyPath\":\"NO\",\"modelName\":\"catalogModel\"}"}]}
RESULT: {"script":"<script> [1562 bytes]","args":[{"selector":{"controlType":"sap.m.Text","viewName":"etm.portal.ui.managehandovers.view.DetailExecuteHO","bindingPath":{"path":"","propertyPath":"NO","modelName":"catalogModel"}},"wdio_ui5_key":"etmportal.ui.managehandovers.view.DetailExecuteHOsap.m.Text{\"path\":\"\",\"propertyPath\":\"NO\",\"modelName\":\"catalogModel\"}"}]}
RESULT: undefined
COMMAND: POST /session/47333eeb8e9c9c97bb3c409b6d4d8cf2/execute/async - {"script":"<script> [6424 bytes]","args":[{"element-6066-11e4-a52e-4f735466cecf":"f.F56EAC2838342C7C2B9CEE5C299FD93C.d.1FFF0710CAEA26E7565B2A94897DBA5B.e.3553"},"getText",[]]}
RESULT: {"script":"<script> [6424 bytes]","args":[{"element-6066-11e4-a52e-4f735466cecf":"f.F56EAC2838342C7C2B9CEE5C299FD93C.d.1FFF0710CAEA26E7565B2A94897DBA5B.e.3553"},"getText",[]]}
COMMAND: POST /session/47333eeb8e9c9c97bb3c409b6d4d8cf2/element - {"using":"xpath","value":"//button[@data-kt=\"PickingTableConfirmAllButton\"]"}
RESULT: {"using":"xpath","value":"//button[@data-kt=\"PickingTableConfirmAllButton\"]"}
COMMAND: POST /session/47333eeb8e9c9c97bb3c409b6d4d8cf2/element/f.F56EAC2838342C7C2B9CEE5C299FD93C.d.1FFF0710CAEA26E7565B2A94897DBA5B.e.3554/click - {}
RESULT: {}
COMMAND: GET /session/47333eeb8e9c9c97bb3c409b6d4d8cf2/screenshot - {}
RESULT: {}
COMMAND: POST /session/47333eeb8e9c9c97bb3c409b6d4d8cf2/element - {"using":"xpath","value":"//bdi[contains(text(), \"OK\")]"}
RESULT: {"using":"xpath","value":"//bdi[contains(text(), \"OK\")]"}
COMMAND: POST /session/47333eeb8e9c9c97bb3c409b6d4d8cf2/element/f.F56EAC2838342C7C2B9CEE5C299FD93C.d.1FFF0710CAEA26E7565B2A94897DBA5B.e.3557/click - {}
RESULT: {}
COMMAND: GET /session/47333eeb8e9c9c97bb3c409b6d4d8cf2/screenshot - {}
RESULT: {}
COMMAND: POST /session/47333eeb8e9c9c97bb3c409b6d4d8cf2/element - {"using":"xpath","value":"(//bdi[contains(text(), \"Pick\")])[1]"}
RESULT: {"using":"xpath","value":"(//bdi[contains(text(), \"Pick\")])[1]"}
COMMAND: POST /session/47333eeb8e9c9c97bb3c409b6d4d8cf2/element/f.F56EAC2838342C7C2B9CEE5C299FD93C.d.1FFF0710CAEA26E7565B2A94897DBA5B.e.3559/click - {}
RESULT: {}
COMMAND: GET /session/47333eeb8e9c9c97bb3c409b6d4d8cf2/screenshot - {}
RESULT: {}
COMMAND: POST /session/47333eeb8e9c9c97bb3c409b6d4d8cf2/execute/async - {"script":"<script> [1562 bytes]","args":[{"selector":{"controlType":"sap.m.SearchField","viewName":"etm.portal.ui.managehandovers.view.MasterHO","bindingPath":{"propertyPath":"/_BASIC_SEARCH_FIELD","modelName":"fi1t3rM0d31"},"interaction":{"idSuffix":"I"}},"wdio_ui5_key":"etmportal.ui.managehandovers.view.MasterHOsap.m.SearchField{\"propertyPath\":\"/_BASIC_SEARCH_FIELD\",\"modelName\":\"fi1t3rM0d31\"}"}]}
RESULT: {"script":"<script> [1562 bytes]","args":[{"selector":{"controlType":"sap.m.SearchField","viewName":"etm.portal.ui.managehandovers.view.MasterHO","bindingPath":{"propertyPath":"/_BASIC_SEARCH_FIELD","modelName":"fi1t3rM0d31"},"interaction":{"idSuffix":"I"}},"wdio_ui5_key":"etmportal.ui.managehandovers.view.MasterHOsap.m.SearchField{\"propertyPath\":\"/_BASIC_SEARCH_FIELD\",\"modelName\":\"fi1t3rM0d31\"}"}]}
RESULT: undefined
COMMAND: POST /session/47333eeb8e9c9c97bb3c409b6d4d8cf2/execute/async - {"script":"<script> [776 bytes]","args":[{"enterText":"30457","selector":{"controlType":"sap.m.SearchField","viewName":"etm.portal.ui.managehandovers.view.MasterHO","bindingPath":{"propertyPath":"/_BASIC_SEARCH_FIELD","modelName":"fi1t3rM0d31"},"interaction":{"idSuffix":"I"}},"clearTextFirst":true,"interactionType":"ENTER_TEXT"}]}
RESULT: {"script":"<script> [776 bytes]","args":[{"enterText":"30457","selector":{"controlType":"sap.m.SearchField","viewName":"etm.portal.ui.managehandovers.view.MasterHO","bindingPath":{"propertyPath":"/_BASIC_SEARCH_FIELD","modelName":"fi1t3rM0d31"},"interaction":{"idSuffix":"I"}},"clearTextFirst":true,"interactionType":"ENTER_TEXT"}]}
COMMAND: POST /session/47333eeb8e9c9c97bb3c409b6d4d8cf2/actions - {"actions":[{"id":"action5","type":"key","parameters":{},"actions":[{"type":"keyDown","value":"î€‡"},{"type":"pause","duration":10},{"type":"keyUp","value":"î€‡"}]}]}
RESULT: {"actions":[{"id":"action5","type":"key","parameters":{},"actions":[{"type":"keyDown","value":"î€‡"},{"type":"pause","duration":10},{"type":"keyUp","value":"î€‡"}]}]}
COMMAND: GET /session/47333eeb8e9c9c97bb3c409b6d4d8cf2/screenshot - {}
RESULT: {}
COMMAND: POST /session/47333eeb8e9c9c97bb3c409b6d4d8cf2/execute/async - {"script":"<script> [1562 bytes]","args":[{"selector":{"controlType":"sap.ui.core.Icon","viewName":"etm.portal.ui.managehandovers.view.MasterHO","properties":{"src":{"regex":{"source":"slim\\-arrow\\-right"}}}},"wdio_ui5_key":"etmportal.ui.managehandovers.view.MasterHOsap.ui.core.Icon{\"src\":{\"regex\":{\"source\":\"slim\\\\-arrow\\\\-right\"}}}"}]}
RESULT: {"script":"<script> [1562 bytes]","args":[{"selector":{"controlType":"sap.ui.core.Icon","viewName":"etm.portal.ui.managehandovers.view.MasterHO","properties":{"src":{"regex":{"source":"slim\\-arrow\\-right"}}}},"wdio_ui5_key":"etmportal.ui.managehandovers.view.MasterHOsap.ui.core.Icon{\"src\":{\"regex\":{\"source\":\"slim\\\\-arrow\\\\-right\"}}}"}]}
RESULT: undefined
COMMAND: POST /session/47333eeb8e9c9c97bb3c409b6d4d8cf2/element - {"using":"xpath","value":"//*[@id=\"__item1553-__clone4105-imgNav\"]"}
RESULT: {"using":"xpath","value":"//*[@id=\"__item1553-__clone4105-imgNav\"]"}
COMMAND: POST /session/47333eeb8e9c9c97bb3c409b6d4d8cf2/element/f.F56EAC2838342C7C2B9CEE5C299FD93C.d.1FFF0710CAEA26E7565B2A94897DBA5B.e.3796/click - {}
RESULT: {}
COMMAND: POST /session/47333eeb8e9c9c97bb3c409b6d4d8cf2/execute/async - {"script":"<script> [1562 bytes]","args":[{"selector":{"controlType":"sap.m.ObjectStatus","viewName":"etm.portal.ui.managehandovers.view.DetailExecuteHO","bindingPath":{"path":"","propertyPath":"LINK_TO_STATUS/DESCRIPTION","modelName":"catalogModel"}},"wdio_ui5_key":"etmportal.ui.managehandovers.view.DetailExecuteHOsap.m.ObjectStatus{\"path\":\"\",\"propertyPath\":\"LINK_TO_STATUS/DESCRIPTION\",\"modelName\":\"catalogModel\"}"}]}
COMMAND: GET /session/47333eeb8e9c9c97bb3c409b6d4d8cf2/screenshot - {}
RESULT: {"script":"<script> [1562 bytes]","args":[{"selector":{"controlType":"sap.m.ObjectStatus","viewName":"etm.portal.ui.managehandovers.view.DetailExecuteHO","bindingPath":{"path":"","propertyPath":"LINK_TO_STATUS/DESCRIPTION","modelName":"catalogModel"}},"wdio_ui5_key":"etmportal.ui.managehandovers.view.DetailExecuteHOsap.m.ObjectStatus{\"path\":\"\",\"propertyPath\":\"LINK_TO_STATUS/DESCRIPTION\",\"modelName\":\"catalogModel\"}"}]}
RESULT: undefined
COMMAND: POST /session/47333eeb8e9c9c97bb3c409b6d4d8cf2/execute/async - {"script":"<script> [6424 bytes]","args":[{"element-6066-11e4-a52e-4f735466cecf":"f.F56EAC2838342C7C2B9CEE5C299FD93C.d.1FFF0710CAEA26E7565B2A94897DBA5B.e.3830"},"getText",[]]}
RESULT: {}
RESULT: {"script":"<script> [6424 bytes]","args":[{"element-6066-11e4-a52e-4f735466cecf":"f.F56EAC2838342C7C2B9CEE5C299FD93C.d.1FFF0710CAEA26E7565B2A94897DBA5B.e.3830"},"getText",[]]}
COMMAND: POST /session/47333eeb8e9c9c97bb3c409b6d4d8cf2/element - {"using":"xpath","value":"//button[@data-kt=\"PickingTableConfirmAllButton\"]"}
RESULT: {"using":"xpath","value":"//button[@data-kt=\"PickingTableConfirmAllButton\"]"}
COMMAND: POST /session/47333eeb8e9c9c97bb3c409b6d4d8cf2/element/f.F56EAC2838342C7C2B9CEE5C299FD93C.d.1FFF0710CAEA26E7565B2A94897DBA5B.e.3816/click - {}
RESULT: {}
COMMAND: GET /session/47333eeb8e9c9c97bb3c409b6d4d8cf2/screenshot - {}
RESULT: {}
COMMAND: POST /session/47333eeb8e9c9c97bb3c409b6d4d8cf2/element - {"using":"xpath","value":"//bdi[contains(text(), \"OK\")]"}
RESULT: {"using":"xpath","value":"//bdi[contains(text(), \"OK\")]"}
COMMAND: POST /session/47333eeb8e9c9c97bb3c409b6d4d8cf2/element/f.F56EAC2838342C7C2B9CEE5C299FD93C.d.1FFF0710CAEA26E7565B2A94897DBA5B.e.3834/click - {}
RESULT: {}
COMMAND: GET /session/47333eeb8e9c9c97bb3c409b6d4d8cf2/screenshot - {}
RESULT: {}
COMMAND: POST /session/47333eeb8e9c9c97bb3c409b6d4d8cf2/element - {"using":"xpath","value":"(//bdi[contains(text(), \"Issue\")])[1]"}
RESULT: {"using":"xpath","value":"(//bdi[contains(text(), \"Issue\")])[1]"}
COMMAND: POST /session/47333eeb8e9c9c97bb3c409b6d4d8cf2/element/f.F56EAC2838342C7C2B9CEE5C299FD93C.d.1FFF0710CAEA26E7565B2A94897DBA5B.e.3835/click - {}
RESULT: {}
COMMAND: GET /session/47333eeb8e9c9c97bb3c409b6d4d8cf2/screenshot - {}
RESULT: {}
COMMAND: POST /session/47333eeb8e9c9c97bb3c409b6d4d8cf2/element - {"using":"xpath","value":"//span[contains(@id, \"smartTable-header-inner\")]"}
RESULT: {"using":"xpath","value":"//span[contains(@id, \"smartTable-header-inner\")]"}
COMMAND: POST /session/47333eeb8e9c9c97bb3c409b6d4d8cf2/elements - {"using":"xpath","value":"//span[contains(@id, \"smartTable-header-inner\")]"}
RESULT: {"using":"xpath","value":"//span[contains(@id, \"smartTable-header-inner\")]"}
COMMAND: POST /session/47333eeb8e9c9c97bb3c409b6d4d8cf2/execute/sync - {"script":"<script> [56 bytes]","args":[{"element-6066-11e4-a52e-4f735466cecf":"f.F56EAC2838342C7C2B9CEE5C299FD93C.d.1FFF0710CAEA26E7565B2A94897DBA5B.e.3888","ELEMENT":"f.F56EAC2838342C7C2B9CEE5C299FD93C.d.1FFF0710CAEA26E7565B2A94897DBA5B.e.3888"}]}
RESULT: {"script":"<script> [56 bytes]","args":[{"element-6066-11e4-a52e-4f735466cecf":"f.F56EAC2838342C7C2B9CEE5C299FD93C.d.1FFF0710CAEA26E7565B2A94897DBA5B.e.3888","ELEMENT":"f.F56EAC2838342C7C2B9CEE5C299FD93C.d.1FFF0710CAEA26E7565B2A94897DBA5B.e.3888"}]}
COMMAND: POST /session/47333eeb8e9c9c97bb3c409b6d4d8cf2/elements - {"using":"xpath","value":"//thead[contains(@class, \"sapMTableTH\")]/tr/th"}
COMMAND: GET /session/47333eeb8e9c9c97bb3c409b6d4d8cf2/screenshot - {}
RESULT: {"using":"xpath","value":"//thead[contains(@class, \"sapMTableTH\")]/tr/th"}
COMMAND: GET /session/47333eeb8e9c9c97bb3c409b6d4d8cf2/element/f.F56EAC2838342C7C2B9CEE5C299FD93C.d.1FFF0710CAEA26E7565B2A94897DBA5B.e.3889/text - {}
RESULT: {}
RESULT: {}
COMMAND: GET /session/47333eeb8e9c9c97bb3c409b6d4d8cf2/element/f.F56EAC2838342C7C2B9CEE5C299FD93C.d.1FFF0710CAEA26E7565B2A94897DBA5B.e.3890/text - {}
RESULT: {}
COMMAND: GET /session/47333eeb8e9c9c97bb3c409b6d4d8cf2/element/f.F56EAC2838342C7C2B9CEE5C299FD93C.d.1FFF0710CAEA26E7565B2A94897DBA5B.e.3355/text - {}
RESULT: {}
COMMAND: GET /session/47333eeb8e9c9c97bb3c409b6d4d8cf2/element/f.F56EAC2838342C7C2B9CEE5C299FD93C.d.1FFF0710CAEA26E7565B2A94897DBA5B.e.3357/text - {}
RESULT: {}
COMMAND: GET /session/47333eeb8e9c9c97bb3c409b6d4d8cf2/element/f.F56EAC2838342C7C2B9CEE5C299FD93C.d.1FFF0710CAEA26E7565B2A94897DBA5B.e.3840/text - {}
RESULT: {}
COMMAND: GET /session/47333eeb8e9c9c97bb3c409b6d4d8cf2/element/f.F56EAC2838342C7C2B9CEE5C299FD93C.d.1FFF0710CAEA26E7565B2A94897DBA5B.e.3841/text - {}
RESULT: {}
COMMAND: GET /session/47333eeb8e9c9c97bb3c409b6d4d8cf2/element/f.F56EAC2838342C7C2B9CEE5C299FD93C.d.1FFF0710CAEA26E7565B2A94897DBA5B.e.3842/text - {}
RESULT: {}
COMMAND: GET /session/47333eeb8e9c9c97bb3c409b6d4d8cf2/element/f.F56EAC2838342C7C2B9CEE5C299FD93C.d.1FFF0710CAEA26E7565B2A94897DBA5B.e.3843/text - {}
RESULT: {}
COMMAND: GET /session/47333eeb8e9c9c97bb3c409b6d4d8cf2/element/f.F56EAC2838342C7C2B9CEE5C299FD93C.d.1FFF0710CAEA26E7565B2A94897DBA5B.e.3844/text - {}
RESULT: {}
COMMAND: GET /session/47333eeb8e9c9c97bb3c409b6d4d8cf2/element/f.F56EAC2838342C7C2B9CEE5C299FD93C.d.1FFF0710CAEA26E7565B2A94897DBA5B.e.3845/text - {}
RESULT: {}
COMMAND: GET /session/47333eeb8e9c9c97bb3c409b6d4d8cf2/element/f.F56EAC2838342C7C2B9CEE5C299FD93C.d.1FFF0710CAEA26E7565B2A94897DBA5B.e.3846/text - {}
RESULT: {}
COMMAND: GET /session/47333eeb8e9c9c97bb3c409b6d4d8cf2/element/f.F56EAC2838342C7C2B9CEE5C299FD93C.d.1FFF0710CAEA26E7565B2A94897DBA5B.e.3847/text - {}
RESULT: {}
COMMAND: GET /session/47333eeb8e9c9c97bb3c409b6d4d8cf2/element/f.F56EAC2838342C7C2B9CEE5C299FD93C.d.1FFF0710CAEA26E7565B2A94897DBA5B.e.3848/text - {}
RESULT: {}
COMMAND: GET /session/47333eeb8e9c9c97bb3c409b6d4d8cf2/element/f.F56EAC2838342C7C2B9CEE5C299FD93C.d.1FFF0710CAEA26E7565B2A94897DBA5B.e.3358/text - {}
RESULT: {}
COMMAND: POST /session/47333eeb8e9c9c97bb3c409b6d4d8cf2/element - {"using":"xpath","value":"//tbody[contains(@id, \"customHandoversTable-tblBody\")]/tr[1]/td[14]/div/span"}
RESULT: {"using":"xpath","value":"//tbody[contains(@id, \"customHandoversTable-tblBody\")]/tr[1]/td[14]/div/span"}
COMMAND: POST /session/47333eeb8e9c9c97bb3c409b6d4d8cf2/execute/sync - {"script":"<script> [56 bytes]","args":[{"element-6066-11e4-a52e-4f735466cecf":"f.F56EAC2838342C7C2B9CEE5C299FD93C.d.1FFF0710CAEA26E7565B2A94897DBA5B.e.3927","ELEMENT":"f.F56EAC2838342C7C2B9CEE5C299FD93C.d.1FFF0710CAEA26E7565B2A94897DBA5B.e.3927"}]}
RESULT: {"script":"<script> [56 bytes]","args":[{"element-6066-11e4-a52e-4f735466cecf":"f.F56EAC2838342C7C2B9CEE5C299FD93C.d.1FFF0710CAEA26E7565B2A94897DBA5B.e.3927","ELEMENT":"f.F56EAC2838342C7C2B9CEE5C299FD93C.d.1FFF0710CAEA26E7565B2A94897DBA5B.e.3927"}]}
COMMAND: POST /session/47333eeb8e9c9c97bb3c409b6d4d8cf2/element - {"using":"css selector","value":"#shell-header-logo"}
COMMAND: GET /session/47333eeb8e9c9c97bb3c409b6d4d8cf2/screenshot - {}
RESULT: {"using":"css selector","value":"#shell-header-logo"}
COMMAND: POST /session/47333eeb8e9c9c97bb3c409b6d4d8cf2/element/f.F56EAC2838342C7C2B9CEE5C299FD93C.d.1FFF0710CAEA26E7565B2A94897DBA5B.e.2534/click - {}
RESULT: {}
RESULT: {}
COMMAND: GET /session/47333eeb8e9c9c97bb3c409b6d4d8cf2/screenshot - {}
RESULT: {}
COMMAND: POST /session/47333eeb8e9c9c97bb3c409b6d4d8cf2/element - {"using":"css selector","value":"#j_username"}
COMMAND: POST /session/47333eeb8e9c9c97bb3c409b6d4d8cf2/url - {"url":"https://qa-testing-00-live-etm-ui.cfapps.eu10-004.hana.ondemand.com/"}
RESULT: {"using":"css selector","value":"#j_username"}
COMMAND: POST /session/47333eeb8e9c9c97bb3c409b6d4d8cf2/element - {"using":"css selector","value":"#j_username"}
RESULT: {"url":"https://qa-testing-00-live-etm-ui.cfapps.eu10-004.hana.ondemand.com/"}
RESULT: undefined
COMMAND: GET /session/47333eeb8e9c9c97bb3c409b6d4d8cf2/screenshot - {}
RESULT: {"using":"css selector","value":"#j_username"}
COMMAND: POST /session/47333eeb8e9c9c97bb3c409b6d4d8cf2/element - {"using":"css selector","value":"#shell-header-logo"}
RESULT: {}
RESULT: {"using":"css selector","value":"#shell-header-logo"}
COMMAND: POST /session/47333eeb8e9c9c97bb3c409b6d4d8cf2/execute/sync - {"script":"<script> [8489 bytes]","args":[{"element-6066-11e4-a52e-4f735466cecf":"f.F56EAC2838342C7C2B9CEE5C299FD93C.d.B1F6C61284FFFB3B665D947BBD3A820F.e.3935","ELEMENT":"f.F56EAC2838342C7C2B9CEE5C299FD93C.d.B1F6C61284FFFB3B665D947BBD3A820F.e.3935"}]}
RESULT: {"script":"<script> [8489 bytes]","args":[{"element-6066-11e4-a52e-4f735466cecf":"f.F56EAC2838342C7C2B9CEE5C299FD93C.d.B1F6C61284FFFB3B665D947BBD3A820F.e.3935","ELEMENT":"f.F56EAC2838342C7C2B9CEE5C299FD93C.d.B1F6C61284FFFB3B665D947BBD3A820F.e.3935"}]}
COMMAND: POST /session/47333eeb8e9c9c97bb3c409b6d4d8cf2/element - {"using":"css selector","value":"#shell-header-logo"}
COMMAND: GET /session/47333eeb8e9c9c97bb3c409b6d4d8cf2/screenshot - {}
RESULT: {"using":"css selector","value":"#shell-header-logo"}
COMMAND: POST /session/47333eeb8e9c9c97bb3c409b6d4d8cf2/execute/sync - {"script":"<script> [8489 bytes]","args":[{"element-6066-11e4-a52e-4f735466cecf":"f.F56EAC2838342C7C2B9CEE5C299FD93C.d.B1F6C61284FFFB3B665D947BBD3A820F.e.3935","ELEMENT":"f.F56EAC2838342C7C2B9CEE5C299FD93C.d.B1F6C61284FFFB3B665D947BBD3A820F.e.3935"}]}
RESULT: {}
RESULT: {"script":"<script> [8489 bytes]","args":[{"element-6066-11e4-a52e-4f735466cecf":"f.F56EAC2838342C7C2B9CEE5C299FD93C.d.B1F6C61284FFFB3B665D947BBD3A820F.e.3935","ELEMENT":"f.F56EAC2838342C7C2B9CEE5C299FD93C.d.B1F6C61284FFFB3B665D947BBD3A820F.e.3935"}]}
COMMAND: POST /session/47333eeb8e9c9c97bb3c409b6d4d8cf2/execute/sync - {"script":"<script> [5351 bytes]","args":[{"element-6066-11e4-a52e-4f735466cecf":"f.F56EAC2838342C7C2B9CEE5C299FD93C.d.B1F6C61284FFFB3B665D947BBD3A820F.e.3935","ELEMENT":"f.F56EAC2838342C7C2B9CEE5C299FD93C.d.B1F6C61284FFFB3B665D947BBD3A820F.e.3935"}]}
COMMAND: GET /session/47333eeb8e9c9c97bb3c409b6d4d8cf2/screenshot - {}
RESULT: {"script":"<script> [5351 bytes]","args":[{"element-6066-11e4-a52e-4f735466cecf":"f.F56EAC2838342C7C2B9CEE5C299FD93C.d.B1F6C61284FFFB3B665D947BBD3A820F.e.3935","ELEMENT":"f.F56EAC2838342C7C2B9CEE5C299FD93C.d.B1F6C61284FFFB3B665D947BBD3A820F.e.3935"}]}
COMMAND: POST /session/47333eeb8e9c9c97bb3c409b6d4d8cf2/element - {"using":"css selector","value":"#shell-header-logo"}
COMMAND: GET /session/47333eeb8e9c9c97bb3c409b6d4d8cf2/screenshot - {}
RESULT: {}
RESULT: {"using":"css selector","value":"#shell-header-logo"}
COMMAND: POST /session/47333eeb8e9c9c97bb3c409b6d4d8cf2/element/f.F56EAC2838342C7C2B9CEE5C299FD93C.d.B1F6C61284FFFB3B665D947BBD3A820F.e.3935/click - {}
RESULT: {}
RESULT: {}
COMMAND: GET /session/47333eeb8e9c9c97bb3c409b6d4d8cf2/screenshot - {}
RESULT: {}
COMMAND: POST /session/47333eeb8e9c9c97bb3c409b6d4d8cf2/execute/async - {"script":"<script> [189 bytes]","args":[]}
RESULT: {"script":"<script> [189 bytes]","args":[]}
COMMAND: POST /session/47333eeb8e9c9c97bb3c409b6d4d8cf2/execute/async - {"script":"<script> [123 bytes]","args":[]}
RESULT: {"script":"<script> [123 bytes]","args":[]}
COMMAND: POST /session/47333eeb8e9c9c97bb3c409b6d4d8cf2/timeouts - {"script":"<number>"}
RESULT: {"script":"<number>"}
COMMAND: GET /session/47333eeb8e9c9c97bb3c409b6d4d8cf2/timeouts - {}
RESULT: {}
RESULT: undefined
COMMAND: POST /session/47333eeb8e9c9c97bb3c409b6d4d8cf2/execute/async - {"script":"<script> [2676 bytes]","args":[]}
RESULT: {"script":"<script> [2676 bytes]","args":[]}
COMMAND: POST /session/47333eeb8e9c9c97bb3c409b6d4d8cf2/execute/async - {"script":"<script> [2342 bytes]","args":[{"protocol":"http","hostname":"0.0.0.0","path":"/","capabilities":{"browserName":"chrome","goog:chromeOptions":{"binary":"C:\\Program Files\\Google\\Chrome\\Application\\chrome.exe","args":["--start-maximized"]}},"logLevel":"warn","connectionRetryTimeout":120000,"connectionRetryCount":3,"logLevels":{},"enableDirectConnect":true,"strictSSL":true,"_":"65 more keys: [\"cacheDir\",\"port\",\"requestedCapabilities\",\"automationProtocol\",\"baseUrl\",\"waitforInterval\",\"waitforTimeout\",\"onReload\",\"beforeCommand\",\"afterCommand\",\"rootDir\",\"specs\",\"suites\",\"exclude\",\"groupLogsByTestSpec\",\"excludeDriverLogs\",\"bail\",\"framework\",\"reporters\",\"services\",\"maxInstances\",\"maxInstancesPerCapability\",\"injectGlobals\",\"filesToWatch\",\"execArgv\",\"runnerEnv\",\"runner\",\"shard\",\"specFileRetries\",\"specFileRetriesDelay\",\"specFileRetriesDeferred\",\"reporterSyncInterval\",\"reporterSyncTimeout\",\"cucumberFeaturesWithLineNumbers\",\"autoCompileOpts\",\"mochaOpts\",\"jasmineOpts\",\"cucumberOpts\",\"onPrepare\",\"onWorkerStart\",\"onWorkerEnd\",\"before\",\"beforeSession\",\"beforeSuite\",\"beforeHook\",\"beforeTest\",\"afterTest\",\"afterHook\",\"afterSuite\",\"afterSession\",\"after\",\"onComplete\",\"beforeAssertion\",\"afterAssertion\",\"beforeFeature\",\"beforeScenario\",\"beforeStep\",\"afterStep\",\"afterScenario\",\"afterFeature\",\"_\",\"suite\",\"$0\",\"ignoredWorkerServices\",\"wdi5\"]"}]}
RESULT: {"script":"<script> [2342 bytes]","args":[{"protocol":"http","hostname":"0.0.0.0","path":"/","capabilities":{"browserName":"chrome","goog:chromeOptions":{"binary":"C:\\Program Files\\Google\\Chrome\\Application\\chrome.exe","args":["--start-maximized"]}},"logLevel":"warn","connectionRetryTimeout":120000,"connectionRetryCount":3,"logLevels":{},"enableDirectConnect":true,"strictSSL":true,"_":"65 more keys: [\"cacheDir\",\"port\",\"requestedCapabilities\",\"automationProtocol\",\"baseUrl\",\"waitforInterval\",\"waitforTimeout\",\"onReload\",\"beforeCommand\",\"afterCommand\",\"rootDir\",\"specs\",\"suites\",\"exclude\",\"groupLogsByTestSpec\",\"excludeDriverLogs\",\"bail\",\"framework\",\"reporters\",\"services\",\"maxInstances\",\"maxInstancesPerCapability\",\"injectGlobals\",\"filesToWatch\",\"execArgv\",\"runnerEnv\",\"runner\",\"shard\",\"specFileRetries\",\"specFileRetriesDelay\",\"specFileRetriesDeferred\",\"reporterSyncInterval\",\"reporterSyncTimeout\",\"cucumberFeaturesWithLineNumbers\",\"autoCompileOpts\",\"mochaOpts\",\"jasmineOpts\",\"cucumberOpts\",\"onPrepare\",\"onWorkerStart\",\"onWorkerEnd\",\"before\",\"beforeSession\",\"beforeSuite\",\"beforeHook\",\"beforeTest\",\"afterTest\",\"afterHook\",\"afterSuite\",\"afterSession\",\"after\",\"onComplete\",\"beforeAssertion\",\"afterAssertion\",\"beforeFeature\",\"beforeScenario\",\"beforeStep\",\"afterStep\",\"afterScenario\",\"afterFeature\",\"_\",\"suite\",\"$0\",\"ignoredWorkerServices\",\"wdi5\"]"}]}
COMMAND: POST /session/47333eeb8e9c9c97bb3c409b6d4d8cf2/execute/async - {"script":"<script> [21126 bytes]","args":[35000]}
RESULT: {"script":"<script> [21126 bytes]","args":[35000]}
COMMAND: POST /session/47333eeb8e9c9c97bb3c409b6d4d8cf2/window/maximize - {}
RESULT: {}
COMMAND: POST /session/47333eeb8e9c9c97bb3c409b6d4d8cf2/execute/async - {"script":"<script> [1562 bytes]","args":[{"selector":{"id":"shell-header","interaction":{"idSuffix":"icon"}},"wdio_ui5_key":"shellheader"}]}
COMMAND: GET /session/47333eeb8e9c9c97bb3c409b6d4d8cf2/screenshot - {}
RESULT: {"script":"<script> [1562 bytes]","args":[{"selector":{"id":"shell-header","interaction":{"idSuffix":"icon"}},"wdio_ui5_key":"shellheader"}]}
RESULT: undefined
COMMAND: POST /session/47333eeb8e9c9c97bb3c409b6d4d8cf2/window/fullscreen - {}
RESULT: {}
RESULT: {}
]]></system-out>
    </testcase>
  </testsuite>
  <testsuite timestamp="2025-05-15T16:35:28" time="107.565" tests="1" failures="1" errors="1" skipped="0">
    <properties>
      <property name="specId" value="0" />
      <property name="suiteName" value="Bill of Resources Completeness check of created bundle US131059" />
      <property name="capabilities" value="chrome.136_0_7103_93.windows" />
      <property name="file" value="file:///D:/a/1/s/test/specs/HTR/bor-completeness-check.spec.js" />
    </properties>
  </testsuite>
</testsuites>