<?xml version="1.0" encoding="UTF-8"?>
<testsuites tests="37" failures="15" errors="15" skipped="22">
  <testsuite timestamp="2025-05-12T17:28:12" time="2114.05" tests="33" failures="11" errors="11" skipped="22">
    <properties>
      <property name="specId" value="0" />
      <property name="suiteName" value="Partner specific tests US150819 US151080 US151654 US151176 US103444 US151078 US151079 US151109 US151174 US151175 US151189" />
      <property name="capabilities" value="chrome.136_0_7103_49.windows" />
      <property name="file" value="file:///D:/a/1/s/test/specs/BTS/manage-partners.spec.js" />
    </properties>
    <testcase classname="chrome.136_0_7103_49.windows.Partner_specific_tests_US150819_US151080_US151654_US151176_US103444_US151078_US151079_US151109_US151174_US151175_US151189" name="Should create a new yard prerequisite" time="80.857">
      <skipped />
      <system-out><![CDATA[
COMMAND: POST /session/6cb315df952d16724b4cad26491b612d/window/fullscreen - {}
RESULT: {}
COMMAND: POST /session/6cb315df952d16724b4cad26491b612d/element - {"using":"xpath","value":"//li[.//span[text()=\"Manage Partners\"]]"}
RESULT: {"using":"xpath","value":"//li[.//span[text()=\"Manage Partners\"]]"}
COMMAND: POST /session/6cb315df952d16724b4cad26491b612d/element - {"using":"xpath","value":"//li[.//span[text()=\"Manage Partners\"]]"}
RESULT: {"using":"xpath","value":"//li[.//span[text()=\"Manage Partners\"]]"}
COMMAND: POST /session/6cb315df952d16724b4cad26491b612d/element - {"using":"css selector","value":"#shell-header-logo"}
RESULT: {"using":"css selector","value":"#shell-header-logo"}
COMMAND: POST /session/6cb315df952d16724b4cad26491b612d/element/f.C6BEDD6D30A87F60F18BB833061355F6.d.B63A8565BA0891E570F49914F47CD14F.e.270/click - {}
COMMAND: POST /session/6cb315df952d16724b4cad26491b612d/execute/sync - {"script":"<script> [8489 bytes]","args":[{"element-6066-11e4-a52e-4f735466cecf":"f.C6BEDD6D30A87F60F18BB833061355F6.d.B63A8565BA0891E570F49914F47CD14F.e.270","ELEMENT":"f.C6BEDD6D30A87F60F18BB833061355F6.d.B63A8565BA0891E570F49914F47CD14F.e.270"}]}
RESULT: {}
COMMAND: GET /session/6cb315df952d16724b4cad26491b612d/screenshot - {}
RESULT: {"script":"<script> [8489 bytes]","args":[{"element-6066-11e4-a52e-4f735466cecf":"f.C6BEDD6D30A87F60F18BB833061355F6.d.B63A8565BA0891E570F49914F47CD14F.e.270","ELEMENT":"f.C6BEDD6D30A87F60F18BB833061355F6.d.B63A8565BA0891E570F49914F47CD14F.e.270"}]}
COMMAND: POST /session/6cb315df952d16724b4cad26491b612d/execute/sync - {"script":"<script> [5351 bytes]","args":[{"element-6066-11e4-a52e-4f735466cecf":"f.C6BEDD6D30A87F60F18BB833061355F6.d.B63A8565BA0891E570F49914F47CD14F.e.270","ELEMENT":"f.C6BEDD6D30A87F60F18BB833061355F6.d.B63A8565BA0891E570F49914F47CD14F.e.270"}]}
COMMAND: GET /session/6cb315df952d16724b4cad26491b612d/screenshot - {}
RESULT: {}
RESULT: {"script":"<script> [5351 bytes]","args":[{"element-6066-11e4-a52e-4f735466cecf":"f.C6BEDD6D30A87F60F18BB833061355F6.d.B63A8565BA0891E570F49914F47CD14F.e.270","ELEMENT":"f.C6BEDD6D30A87F60F18BB833061355F6.d.B63A8565BA0891E570F49914F47CD14F.e.270"}]}
COMMAND: GET /session/6cb315df952d16724b4cad26491b612d/screenshot - {}
RESULT: {}
RESULT: {}
COMMAND: POST /session/6cb315df952d16724b4cad26491b612d/execute/async - {"script":"<script> [1562 bytes]","args":[{"selector":{"controlType":"sap.m.GenericTile","properties":{"header":"Manage Yards"}},"wdio_ui5_key":"sapm.GenericTile{\"header\":\"Manage Yards\"}"}]}
RESULT: {"script":"<script> [1562 bytes]","args":[{"selector":{"controlType":"sap.m.GenericTile","properties":{"header":"Manage Yards"}},"wdio_ui5_key":"sapm.GenericTile{\"header\":\"Manage Yards\"}"}]}
RESULT: undefined
COMMAND: POST /session/6cb315df952d16724b4cad26491b612d/element - {"using":"xpath","value":"//*[@id=\"__tile41\"]"}
RESULT: {"using":"xpath","value":"//*[@id=\"__tile41\"]"}
COMMAND: POST /session/6cb315df952d16724b4cad26491b612d/element/f.C6BEDD6D30A87F60F18BB833061355F6.d.B63A8565BA0891E570F49914F47CD14F.e.167/click - {}
RESULT: {}
COMMAND: POST /session/6cb315df952d16724b4cad26491b612d/element - {"using":"xpath","value":"//button[@data-kt=\"addNewYardOverflowToolbarButton\"]"}
COMMAND: GET /session/6cb315df952d16724b4cad26491b612d/screenshot - {}
RESULT: {"using":"xpath","value":"//button[@data-kt=\"addNewYardOverflowToolbarButton\"]"}
COMMAND: POST /session/6cb315df952d16724b4cad26491b612d/elements - {"using":"xpath","value":"//button[@data-kt=\"addNewYardOverflowToolbarButton\"]"}
RESULT: {}
RESULT: {"using":"xpath","value":"//button[@data-kt=\"addNewYardOverflowToolbarButton\"]"}
COMMAND: POST /session/6cb315df952d16724b4cad26491b612d/elements - {"using":"xpath","value":"//button[@data-kt=\"addNewYardOverflowToolbarButton\"]"}
RESULT: {"using":"xpath","value":"//button[@data-kt=\"addNewYardOverflowToolbarButton\"]"}
COMMAND: POST /session/6cb315df952d16724b4cad26491b612d/elements - {"using":"xpath","value":"//button[@data-kt=\"addNewYardOverflowToolbarButton\"]"}
RESULT: {"using":"xpath","value":"//button[@data-kt=\"addNewYardOverflowToolbarButton\"]"}
COMMAND: POST /session/6cb315df952d16724b4cad26491b612d/elements - {"using":"xpath","value":"//button[@data-kt=\"addNewYardOverflowToolbarButton\"]"}
RESULT: {"using":"xpath","value":"//button[@data-kt=\"addNewYardOverflowToolbarButton\"]"}
COMMAND: POST /session/6cb315df952d16724b4cad26491b612d/elements - {"using":"xpath","value":"//button[@data-kt=\"addNewYardOverflowToolbarButton\"]"}
RESULT: {"using":"xpath","value":"//button[@data-kt=\"addNewYardOverflowToolbarButton\"]"}
COMMAND: POST /session/6cb315df952d16724b4cad26491b612d/elements - {"using":"xpath","value":"//button[@data-kt=\"addNewYardOverflowToolbarButton\"]"}
RESULT: {"using":"xpath","value":"//button[@data-kt=\"addNewYardOverflowToolbarButton\"]"}
COMMAND: POST /session/6cb315df952d16724b4cad26491b612d/elements - {"using":"xpath","value":"//button[@data-kt=\"addNewYardOverflowToolbarButton\"]"}
RESULT: {"using":"xpath","value":"//button[@data-kt=\"addNewYardOverflowToolbarButton\"]"}
COMMAND: POST /session/6cb315df952d16724b4cad26491b612d/elements - {"using":"xpath","value":"//button[@data-kt=\"addNewYardOverflowToolbarButton\"]"}
RESULT: {"using":"xpath","value":"//button[@data-kt=\"addNewYardOverflowToolbarButton\"]"}
COMMAND: POST /session/6cb315df952d16724b4cad26491b612d/elements - {"using":"xpath","value":"//button[@data-kt=\"addNewYardOverflowToolbarButton\"]"}
RESULT: {"using":"xpath","value":"//button[@data-kt=\"addNewYardOverflowToolbarButton\"]"}
COMMAND: POST /session/6cb315df952d16724b4cad26491b612d/elements - {"using":"xpath","value":"//button[@data-kt=\"addNewYardOverflowToolbarButton\"]"}
RESULT: {"using":"xpath","value":"//button[@data-kt=\"addNewYardOverflowToolbarButton\"]"}
COMMAND: POST /session/6cb315df952d16724b4cad26491b612d/elements - {"using":"xpath","value":"//button[@data-kt=\"addNewYardOverflowToolbarButton\"]"}
RESULT: {"using":"xpath","value":"//button[@data-kt=\"addNewYardOverflowToolbarButton\"]"}
COMMAND: POST /session/6cb315df952d16724b4cad26491b612d/elements - {"using":"xpath","value":"//button[@data-kt=\"addNewYardOverflowToolbarButton\"]"}
RESULT: {"using":"xpath","value":"//button[@data-kt=\"addNewYardOverflowToolbarButton\"]"}
COMMAND: POST /session/6cb315df952d16724b4cad26491b612d/elements - {"using":"xpath","value":"//button[@data-kt=\"addNewYardOverflowToolbarButton\"]"}
RESULT: {"using":"xpath","value":"//button[@data-kt=\"addNewYardOverflowToolbarButton\"]"}
COMMAND: POST /session/6cb315df952d16724b4cad26491b612d/elements - {"using":"xpath","value":"//button[@data-kt=\"addNewYardOverflowToolbarButton\"]"}
RESULT: {"using":"xpath","value":"//button[@data-kt=\"addNewYardOverflowToolbarButton\"]"}
COMMAND: POST /session/6cb315df952d16724b4cad26491b612d/elements - {"using":"xpath","value":"//button[@data-kt=\"addNewYardOverflowToolbarButton\"]"}
RESULT: {"using":"xpath","value":"//button[@data-kt=\"addNewYardOverflowToolbarButton\"]"}
COMMAND: POST /session/6cb315df952d16724b4cad26491b612d/elements - {"using":"xpath","value":"//button[@data-kt=\"addNewYardOverflowToolbarButton\"]"}
RESULT: {"using":"xpath","value":"//button[@data-kt=\"addNewYardOverflowToolbarButton\"]"}
COMMAND: POST /session/6cb315df952d16724b4cad26491b612d/elements - {"using":"xpath","value":"//button[@data-kt=\"addNewYardOverflowToolbarButton\"]"}
RESULT: {"using":"xpath","value":"//button[@data-kt=\"addNewYardOverflowToolbarButton\"]"}
COMMAND: POST /session/6cb315df952d16724b4cad26491b612d/elements - {"using":"xpath","value":"//button[@data-kt=\"addNewYardOverflowToolbarButton\"]"}
RESULT: {"using":"xpath","value":"//button[@data-kt=\"addNewYardOverflowToolbarButton\"]"}
COMMAND: POST /session/6cb315df952d16724b4cad26491b612d/elements - {"using":"xpath","value":"//button[@data-kt=\"addNewYardOverflowToolbarButton\"]"}
RESULT: {"using":"xpath","value":"//button[@data-kt=\"addNewYardOverflowToolbarButton\"]"}
COMMAND: POST /session/6cb315df952d16724b4cad26491b612d/elements - {"using":"xpath","value":"//button[@data-kt=\"addNewYardOverflowToolbarButton\"]"}
RESULT: {"using":"xpath","value":"//button[@data-kt=\"addNewYardOverflowToolbarButton\"]"}
COMMAND: POST /session/6cb315df952d16724b4cad26491b612d/elements - {"using":"xpath","value":"//button[@data-kt=\"addNewYardOverflowToolbarButton\"]"}
RESULT: {"using":"xpath","value":"//button[@data-kt=\"addNewYardOverflowToolbarButton\"]"}
COMMAND: POST /session/6cb315df952d16724b4cad26491b612d/elements - {"using":"xpath","value":"//button[@data-kt=\"addNewYardOverflowToolbarButton\"]"}
RESULT: {"using":"xpath","value":"//button[@data-kt=\"addNewYardOverflowToolbarButton\"]"}
COMMAND: POST /session/6cb315df952d16724b4cad26491b612d/elements - {"using":"xpath","value":"//button[@data-kt=\"addNewYardOverflowToolbarButton\"]"}
RESULT: {"using":"xpath","value":"//button[@data-kt=\"addNewYardOverflowToolbarButton\"]"}
COMMAND: POST /session/6cb315df952d16724b4cad26491b612d/elements - {"using":"xpath","value":"//button[@data-kt=\"addNewYardOverflowToolbarButton\"]"}
RESULT: {"using":"xpath","value":"//button[@data-kt=\"addNewYardOverflowToolbarButton\"]"}
COMMAND: POST /session/6cb315df952d16724b4cad26491b612d/elements - {"using":"xpath","value":"//button[@data-kt=\"addNewYardOverflowToolbarButton\"]"}
RESULT: {"using":"xpath","value":"//button[@data-kt=\"addNewYardOverflowToolbarButton\"]"}
COMMAND: POST /session/6cb315df952d16724b4cad26491b612d/elements - {"using":"xpath","value":"//button[@data-kt=\"addNewYardOverflowToolbarButton\"]"}
RESULT: {"using":"xpath","value":"//button[@data-kt=\"addNewYardOverflowToolbarButton\"]"}
COMMAND: POST /session/6cb315df952d16724b4cad26491b612d/elements - {"using":"xpath","value":"//button[@data-kt=\"addNewYardOverflowToolbarButton\"]"}
RESULT: {"using":"xpath","value":"//button[@data-kt=\"addNewYardOverflowToolbarButton\"]"}
COMMAND: POST /session/6cb315df952d16724b4cad26491b612d/elements - {"using":"xpath","value":"//button[@data-kt=\"addNewYardOverflowToolbarButton\"]"}
RESULT: {"using":"xpath","value":"//button[@data-kt=\"addNewYardOverflowToolbarButton\"]"}
COMMAND: POST /session/6cb315df952d16724b4cad26491b612d/elements - {"using":"xpath","value":"//button[@data-kt=\"addNewYardOverflowToolbarButton\"]"}
RESULT: {"using":"xpath","value":"//button[@data-kt=\"addNewYardOverflowToolbarButton\"]"}
COMMAND: POST /session/6cb315df952d16724b4cad26491b612d/elements - {"using":"xpath","value":"//button[@data-kt=\"addNewYardOverflowToolbarButton\"]"}
RESULT: {"using":"xpath","value":"//button[@data-kt=\"addNewYardOverflowToolbarButton\"]"}
COMMAND: POST /session/6cb315df952d16724b4cad26491b612d/elements - {"using":"xpath","value":"//button[@data-kt=\"addNewYardOverflowToolbarButton\"]"}
RESULT: {"using":"xpath","value":"//button[@data-kt=\"addNewYardOverflowToolbarButton\"]"}
COMMAND: POST /session/6cb315df952d16724b4cad26491b612d/elements - {"using":"xpath","value":"//button[@data-kt=\"addNewYardOverflowToolbarButton\"]"}
RESULT: {"using":"xpath","value":"//button[@data-kt=\"addNewYardOverflowToolbarButton\"]"}
COMMAND: POST /session/6cb315df952d16724b4cad26491b612d/elements - {"using":"xpath","value":"//button[@data-kt=\"addNewYardOverflowToolbarButton\"]"}
RESULT: {"using":"xpath","value":"//button[@data-kt=\"addNewYardOverflowToolbarButton\"]"}
COMMAND: POST /session/6cb315df952d16724b4cad26491b612d/elements - {"using":"xpath","value":"//button[@data-kt=\"addNewYardOverflowToolbarButton\"]"}
RESULT: {"using":"xpath","value":"//button[@data-kt=\"addNewYardOverflowToolbarButton\"]"}
COMMAND: POST /session/6cb315df952d16724b4cad26491b612d/elements - {"using":"xpath","value":"//button[@data-kt=\"addNewYardOverflowToolbarButton\"]"}
RESULT: {"using":"xpath","value":"//button[@data-kt=\"addNewYardOverflowToolbarButton\"]"}
COMMAND: POST /session/6cb315df952d16724b4cad26491b612d/elements - {"using":"xpath","value":"//button[@data-kt=\"addNewYardOverflowToolbarButton\"]"}
RESULT: {"using":"xpath","value":"//button[@data-kt=\"addNewYardOverflowToolbarButton\"]"}
COMMAND: POST /session/6cb315df952d16724b4cad26491b612d/elements - {"using":"xpath","value":"//button[@data-kt=\"addNewYardOverflowToolbarButton\"]"}
RESULT: {"using":"xpath","value":"//button[@data-kt=\"addNewYardOverflowToolbarButton\"]"}
COMMAND: POST /session/6cb315df952d16724b4cad26491b612d/elements - {"using":"xpath","value":"//button[@data-kt=\"addNewYardOverflowToolbarButton\"]"}
RESULT: {"using":"xpath","value":"//button[@data-kt=\"addNewYardOverflowToolbarButton\"]"}
COMMAND: POST /session/6cb315df952d16724b4cad26491b612d/elements - {"using":"xpath","value":"//button[@data-kt=\"addNewYardOverflowToolbarButton\"]"}
RESULT: {"using":"xpath","value":"//button[@data-kt=\"addNewYardOverflowToolbarButton\"]"}
COMMAND: POST /session/6cb315df952d16724b4cad26491b612d/elements - {"using":"xpath","value":"//button[@data-kt=\"addNewYardOverflowToolbarButton\"]"}
RESULT: {"using":"xpath","value":"//button[@data-kt=\"addNewYardOverflowToolbarButton\"]"}
COMMAND: POST /session/6cb315df952d16724b4cad26491b612d/element - {"using":"xpath","value":"//button[@data-kt=\"addNewYardOverflowToolbarButton\"]"}
RESULT: {"using":"xpath","value":"//button[@data-kt=\"addNewYardOverflowToolbarButton\"]"}
COMMAND: POST /session/6cb315df952d16724b4cad26491b612d/execute/sync - {"script":"<script> [8489 bytes]","args":[{"element-6066-11e4-a52e-4f735466cecf":"f.C6BEDD6D30A87F60F18BB833061355F6.d.B63A8565BA0891E570F49914F47CD14F.e.304","ELEMENT":"f.C6BEDD6D30A87F60F18BB833061355F6.d.B63A8565BA0891E570F49914F47CD14F.e.304"}]}
RESULT: {"script":"<script> [8489 bytes]","args":[{"element-6066-11e4-a52e-4f735466cecf":"f.C6BEDD6D30A87F60F18BB833061355F6.d.B63A8565BA0891E570F49914F47CD14F.e.304","ELEMENT":"f.C6BEDD6D30A87F60F18BB833061355F6.d.B63A8565BA0891E570F49914F47CD14F.e.304"}]}
COMMAND: GET /session/6cb315df952d16724b4cad26491b612d/element/f.C6BEDD6D30A87F60F18BB833061355F6.d.B63A8565BA0891E570F49914F47CD14F.e.304/enabled - {}
COMMAND: GET /session/6cb315df952d16724b4cad26491b612d/screenshot - {}
RESULT: {}
COMMAND: POST /session/6cb315df952d16724b4cad26491b612d/execute/sync - {"script":"<script> [8489 bytes]","args":[{"element-6066-11e4-a52e-4f735466cecf":"f.C6BEDD6D30A87F60F18BB833061355F6.d.B63A8565BA0891E570F49914F47CD14F.e.304","ELEMENT":"f.C6BEDD6D30A87F60F18BB833061355F6.d.B63A8565BA0891E570F49914F47CD14F.e.304"}]}
COMMAND: GET /session/6cb315df952d16724b4cad26491b612d/screenshot - {}
RESULT: {}
RESULT: {"script":"<script> [8489 bytes]","args":[{"element-6066-11e4-a52e-4f735466cecf":"f.C6BEDD6D30A87F60F18BB833061355F6.d.B63A8565BA0891E570F49914F47CD14F.e.304","ELEMENT":"f.C6BEDD6D30A87F60F18BB833061355F6.d.B63A8565BA0891E570F49914F47CD14F.e.304"}]}
COMMAND: POST /session/6cb315df952d16724b4cad26491b612d/execute/sync - {"script":"<script> [5351 bytes]","args":[{"element-6066-11e4-a52e-4f735466cecf":"f.C6BEDD6D30A87F60F18BB833061355F6.d.B63A8565BA0891E570F49914F47CD14F.e.304","ELEMENT":"f.C6BEDD6D30A87F60F18BB833061355F6.d.B63A8565BA0891E570F49914F47CD14F.e.304"}]}
COMMAND: GET /session/6cb315df952d16724b4cad26491b612d/screenshot - {}
RESULT: {}
RESULT: {"script":"<script> [5351 bytes]","args":[{"element-6066-11e4-a52e-4f735466cecf":"f.C6BEDD6D30A87F60F18BB833061355F6.d.B63A8565BA0891E570F49914F47CD14F.e.304","ELEMENT":"f.C6BEDD6D30A87F60F18BB833061355F6.d.B63A8565BA0891E570F49914F47CD14F.e.304"}]}
COMMAND: POST /session/6cb315df952d16724b4cad26491b612d/execute/sync - {"script":"<script> [8489 bytes]","args":[{"element-6066-11e4-a52e-4f735466cecf":"f.C6BEDD6D30A87F60F18BB833061355F6.d.B63A8565BA0891E570F49914F47CD14F.e.304","ELEMENT":"f.C6BEDD6D30A87F60F18BB833061355F6.d.B63A8565BA0891E570F49914F47CD14F.e.304"}]}
COMMAND: GET /session/6cb315df952d16724b4cad26491b612d/screenshot - {}
RESULT: {}
RESULT: {"script":"<script> [8489 bytes]","args":[{"element-6066-11e4-a52e-4f735466cecf":"f.C6BEDD6D30A87F60F18BB833061355F6.d.B63A8565BA0891E570F49914F47CD14F.e.304","ELEMENT":"f.C6BEDD6D30A87F60F18BB833061355F6.d.B63A8565BA0891E570F49914F47CD14F.e.304"}]}
COMMAND: POST /session/6cb315df952d16724b4cad26491b612d/execute/sync - {"script":"<script> [5351 bytes]","args":[{"element-6066-11e4-a52e-4f735466cecf":"f.C6BEDD6D30A87F60F18BB833061355F6.d.B63A8565BA0891E570F49914F47CD14F.e.304","ELEMENT":"f.C6BEDD6D30A87F60F18BB833061355F6.d.B63A8565BA0891E570F49914F47CD14F.e.304"}]}
COMMAND: GET /session/6cb315df952d16724b4cad26491b612d/screenshot - {}
RESULT: {}
RESULT: {"script":"<script> [5351 bytes]","args":[{"element-6066-11e4-a52e-4f735466cecf":"f.C6BEDD6D30A87F60F18BB833061355F6.d.B63A8565BA0891E570F49914F47CD14F.e.304","ELEMENT":"f.C6BEDD6D30A87F60F18BB833061355F6.d.B63A8565BA0891E570F49914F47CD14F.e.304"}]}
COMMAND: GET /session/6cb315df952d16724b4cad26491b612d/screenshot - {}
COMMAND: POST /session/6cb315df952d16724b4cad26491b612d/execute/sync - {"script":"<script> [8489 bytes]","args":[{"element-6066-11e4-a52e-4f735466cecf":"f.C6BEDD6D30A87F60F18BB833061355F6.d.B63A8565BA0891E570F49914F47CD14F.e.304","ELEMENT":"f.C6BEDD6D30A87F60F18BB833061355F6.d.B63A8565BA0891E570F49914F47CD14F.e.304"}]}
RESULT: {}
RESULT: {}
RESULT: {"script":"<script> [8489 bytes]","args":[{"element-6066-11e4-a52e-4f735466cecf":"f.C6BEDD6D30A87F60F18BB833061355F6.d.B63A8565BA0891E570F49914F47CD14F.e.304","ELEMENT":"f.C6BEDD6D30A87F60F18BB833061355F6.d.B63A8565BA0891E570F49914F47CD14F.e.304"}]}
COMMAND: POST /session/6cb315df952d16724b4cad26491b612d/execute/sync - {"script":"<script> [5351 bytes]","args":[{"element-6066-11e4-a52e-4f735466cecf":"f.C6BEDD6D30A87F60F18BB833061355F6.d.B63A8565BA0891E570F49914F47CD14F.e.304","ELEMENT":"f.C6BEDD6D30A87F60F18BB833061355F6.d.B63A8565BA0891E570F49914F47CD14F.e.304"}]}
COMMAND: GET /session/6cb315df952d16724b4cad26491b612d/screenshot - {}
RESULT: {"script":"<script> [5351 bytes]","args":[{"element-6066-11e4-a52e-4f735466cecf":"f.C6BEDD6D30A87F60F18BB833061355F6.d.B63A8565BA0891E570F49914F47CD14F.e.304","ELEMENT":"f.C6BEDD6D30A87F60F18BB833061355F6.d.B63A8565BA0891E570F49914F47CD14F.e.304"}]}
COMMAND: GET /session/6cb315df952d16724b4cad26491b612d/screenshot - {}
COMMAND: POST /session/6cb315df952d16724b4cad26491b612d/execute/sync - {"script":"<script> [8489 bytes]","args":[{"element-6066-11e4-a52e-4f735466cecf":"f.C6BEDD6D30A87F60F18BB833061355F6.d.B63A8565BA0891E570F49914F47CD14F.e.304","ELEMENT":"f.C6BEDD6D30A87F60F18BB833061355F6.d.B63A8565BA0891E570F49914F47CD14F.e.304"}]}
RESULT: {}
RESULT: {}
RESULT: {"script":"<script> [8489 bytes]","args":[{"element-6066-11e4-a52e-4f735466cecf":"f.C6BEDD6D30A87F60F18BB833061355F6.d.B63A8565BA0891E570F49914F47CD14F.e.304","ELEMENT":"f.C6BEDD6D30A87F60F18BB833061355F6.d.B63A8565BA0891E570F49914F47CD14F.e.304"}]}
COMMAND: POST /session/6cb315df952d16724b4cad26491b612d/execute/sync - {"script":"<script> [5351 bytes]","args":[{"element-6066-11e4-a52e-4f735466cecf":"f.C6BEDD6D30A87F60F18BB833061355F6.d.B63A8565BA0891E570F49914F47CD14F.e.304","ELEMENT":"f.C6BEDD6D30A87F60F18BB833061355F6.d.B63A8565BA0891E570F49914F47CD14F.e.304"}]}
COMMAND: GET /session/6cb315df952d16724b4cad26491b612d/screenshot - {}
RESULT: {"script":"<script> [5351 bytes]","args":[{"element-6066-11e4-a52e-4f735466cecf":"f.C6BEDD6D30A87F60F18BB833061355F6.d.B63A8565BA0891E570F49914F47CD14F.e.304","ELEMENT":"f.C6BEDD6D30A87F60F18BB833061355F6.d.B63A8565BA0891E570F49914F47CD14F.e.304"}]}
COMMAND: GET /session/6cb315df952d16724b4cad26491b612d/screenshot - {}
COMMAND: POST /session/6cb315df952d16724b4cad26491b612d/execute/sync - {"script":"<script> [8489 bytes]","args":[{"element-6066-11e4-a52e-4f735466cecf":"f.C6BEDD6D30A87F60F18BB833061355F6.d.B63A8565BA0891E570F49914F47CD14F.e.304","ELEMENT":"f.C6BEDD6D30A87F60F18BB833061355F6.d.B63A8565BA0891E570F49914F47CD14F.e.304"}]}
RESULT: {}
RESULT: {}
RESULT: {"script":"<script> [8489 bytes]","args":[{"element-6066-11e4-a52e-4f735466cecf":"f.C6BEDD6D30A87F60F18BB833061355F6.d.B63A8565BA0891E570F49914F47CD14F.e.304","ELEMENT":"f.C6BEDD6D30A87F60F18BB833061355F6.d.B63A8565BA0891E570F49914F47CD14F.e.304"}]}
COMMAND: POST /session/6cb315df952d16724b4cad26491b612d/execute/sync - {"script":"<script> [5351 bytes]","args":[{"element-6066-11e4-a52e-4f735466cecf":"f.C6BEDD6D30A87F60F18BB833061355F6.d.B63A8565BA0891E570F49914F47CD14F.e.304","ELEMENT":"f.C6BEDD6D30A87F60F18BB833061355F6.d.B63A8565BA0891E570F49914F47CD14F.e.304"}]}
COMMAND: GET /session/6cb315df952d16724b4cad26491b612d/screenshot - {}
RESULT: {"script":"<script> [5351 bytes]","args":[{"element-6066-11e4-a52e-4f735466cecf":"f.C6BEDD6D30A87F60F18BB833061355F6.d.B63A8565BA0891E570F49914F47CD14F.e.304","ELEMENT":"f.C6BEDD6D30A87F60F18BB833061355F6.d.B63A8565BA0891E570F49914F47CD14F.e.304"}]}
COMMAND: GET /session/6cb315df952d16724b4cad26491b612d/screenshot - {}
COMMAND: POST /session/6cb315df952d16724b4cad26491b612d/execute/sync - {"script":"<script> [8489 bytes]","args":[{"element-6066-11e4-a52e-4f735466cecf":"f.C6BEDD6D30A87F60F18BB833061355F6.d.B63A8565BA0891E570F49914F47CD14F.e.304","ELEMENT":"f.C6BEDD6D30A87F60F18BB833061355F6.d.B63A8565BA0891E570F49914F47CD14F.e.304"}]}
RESULT: {}
RESULT: {}
RESULT: {"script":"<script> [8489 bytes]","args":[{"element-6066-11e4-a52e-4f735466cecf":"f.C6BEDD6D30A87F60F18BB833061355F6.d.B63A8565BA0891E570F49914F47CD14F.e.304","ELEMENT":"f.C6BEDD6D30A87F60F18BB833061355F6.d.B63A8565BA0891E570F49914F47CD14F.e.304"}]}
COMMAND: POST /session/6cb315df952d16724b4cad26491b612d/execute/sync - {"script":"<script> [5351 bytes]","args":[{"element-6066-11e4-a52e-4f735466cecf":"f.C6BEDD6D30A87F60F18BB833061355F6.d.B63A8565BA0891E570F49914F47CD14F.e.304","ELEMENT":"f.C6BEDD6D30A87F60F18BB833061355F6.d.B63A8565BA0891E570F49914F47CD14F.e.304"}]}
COMMAND: GET /session/6cb315df952d16724b4cad26491b612d/screenshot - {}
RESULT: {"script":"<script> [5351 bytes]","args":[{"element-6066-11e4-a52e-4f735466cecf":"f.C6BEDD6D30A87F60F18BB833061355F6.d.B63A8565BA0891E570F49914F47CD14F.e.304","ELEMENT":"f.C6BEDD6D30A87F60F18BB833061355F6.d.B63A8565BA0891E570F49914F47CD14F.e.304"}]}
COMMAND: GET /session/6cb315df952d16724b4cad26491b612d/screenshot - {}
COMMAND: POST /session/6cb315df952d16724b4cad26491b612d/execute/sync - {"script":"<script> [8489 bytes]","args":[{"element-6066-11e4-a52e-4f735466cecf":"f.C6BEDD6D30A87F60F18BB833061355F6.d.B63A8565BA0891E570F49914F47CD14F.e.304","ELEMENT":"f.C6BEDD6D30A87F60F18BB833061355F6.d.B63A8565BA0891E570F49914F47CD14F.e.304"}]}
RESULT: {}
RESULT: {"script":"<script> [8489 bytes]","args":[{"element-6066-11e4-a52e-4f735466cecf":"f.C6BEDD6D30A87F60F18BB833061355F6.d.B63A8565BA0891E570F49914F47CD14F.e.304","ELEMENT":"f.C6BEDD6D30A87F60F18BB833061355F6.d.B63A8565BA0891E570F49914F47CD14F.e.304"}]}
COMMAND: POST /session/6cb315df952d16724b4cad26491b612d/execute/sync - {"script":"<script> [5351 bytes]","args":[{"element-6066-11e4-a52e-4f735466cecf":"f.C6BEDD6D30A87F60F18BB833061355F6.d.B63A8565BA0891E570F49914F47CD14F.e.304","ELEMENT":"f.C6BEDD6D30A87F60F18BB833061355F6.d.B63A8565BA0891E570F49914F47CD14F.e.304"}]}
COMMAND: GET /session/6cb315df952d16724b4cad26491b612d/screenshot - {}
RESULT: {}
RESULT: {"script":"<script> [5351 bytes]","args":[{"element-6066-11e4-a52e-4f735466cecf":"f.C6BEDD6D30A87F60F18BB833061355F6.d.B63A8565BA0891E570F49914F47CD14F.e.304","ELEMENT":"f.C6BEDD6D30A87F60F18BB833061355F6.d.B63A8565BA0891E570F49914F47CD14F.e.304"}]}
COMMAND: GET /session/6cb315df952d16724b4cad26491b612d/screenshot - {}
COMMAND: POST /session/6cb315df952d16724b4cad26491b612d/execute/sync - {"script":"<script> [8489 bytes]","args":[{"element-6066-11e4-a52e-4f735466cecf":"f.C6BEDD6D30A87F60F18BB833061355F6.d.B63A8565BA0891E570F49914F47CD14F.e.304","ELEMENT":"f.C6BEDD6D30A87F60F18BB833061355F6.d.B63A8565BA0891E570F49914F47CD14F.e.304"}]}
RESULT: {}
RESULT: {"script":"<script> [8489 bytes]","args":[{"element-6066-11e4-a52e-4f735466cecf":"f.C6BEDD6D30A87F60F18BB833061355F6.d.B63A8565BA0891E570F49914F47CD14F.e.304","ELEMENT":"f.C6BEDD6D30A87F60F18BB833061355F6.d.B63A8565BA0891E570F49914F47CD14F.e.304"}]}
COMMAND: POST /session/6cb315df952d16724b4cad26491b612d/execute/sync - {"script":"<script> [5351 bytes]","args":[{"element-6066-11e4-a52e-4f735466cecf":"f.C6BEDD6D30A87F60F18BB833061355F6.d.B63A8565BA0891E570F49914F47CD14F.e.304","ELEMENT":"f.C6BEDD6D30A87F60F18BB833061355F6.d.B63A8565BA0891E570F49914F47CD14F.e.304"}]}
COMMAND: GET /session/6cb315df952d16724b4cad26491b612d/screenshot - {}
RESULT: {}
RESULT: {"script":"<script> [5351 bytes]","args":[{"element-6066-11e4-a52e-4f735466cecf":"f.C6BEDD6D30A87F60F18BB833061355F6.d.B63A8565BA0891E570F49914F47CD14F.e.304","ELEMENT":"f.C6BEDD6D30A87F60F18BB833061355F6.d.B63A8565BA0891E570F49914F47CD14F.e.304"}]}
COMMAND: GET /session/6cb315df952d16724b4cad26491b612d/screenshot - {}
COMMAND: POST /session/6cb315df952d16724b4cad26491b612d/execute/sync - {"script":"<script> [8489 bytes]","args":[{"element-6066-11e4-a52e-4f735466cecf":"f.C6BEDD6D30A87F60F18BB833061355F6.d.B63A8565BA0891E570F49914F47CD14F.e.304","ELEMENT":"f.C6BEDD6D30A87F60F18BB833061355F6.d.B63A8565BA0891E570F49914F47CD14F.e.304"}]}
RESULT: {}
RESULT: {"script":"<script> [8489 bytes]","args":[{"element-6066-11e4-a52e-4f735466cecf":"f.C6BEDD6D30A87F60F18BB833061355F6.d.B63A8565BA0891E570F49914F47CD14F.e.304","ELEMENT":"f.C6BEDD6D30A87F60F18BB833061355F6.d.B63A8565BA0891E570F49914F47CD14F.e.304"}]}
COMMAND: POST /session/6cb315df952d16724b4cad26491b612d/execute/sync - {"script":"<script> [5351 bytes]","args":[{"element-6066-11e4-a52e-4f735466cecf":"f.C6BEDD6D30A87F60F18BB833061355F6.d.B63A8565BA0891E570F49914F47CD14F.e.304","ELEMENT":"f.C6BEDD6D30A87F60F18BB833061355F6.d.B63A8565BA0891E570F49914F47CD14F.e.304"}]}
COMMAND: GET /session/6cb315df952d16724b4cad26491b612d/screenshot - {}
RESULT: {}
RESULT: {"script":"<script> [5351 bytes]","args":[{"element-6066-11e4-a52e-4f735466cecf":"f.C6BEDD6D30A87F60F18BB833061355F6.d.B63A8565BA0891E570F49914F47CD14F.e.304","ELEMENT":"f.C6BEDD6D30A87F60F18BB833061355F6.d.B63A8565BA0891E570F49914F47CD14F.e.304"}]}
COMMAND: GET /session/6cb315df952d16724b4cad26491b612d/screenshot - {}
COMMAND: POST /session/6cb315df952d16724b4cad26491b612d/execute/sync - {"script":"<script> [8489 bytes]","args":[{"element-6066-11e4-a52e-4f735466cecf":"f.C6BEDD6D30A87F60F18BB833061355F6.d.B63A8565BA0891E570F49914F47CD14F.e.304","ELEMENT":"f.C6BEDD6D30A87F60F18BB833061355F6.d.B63A8565BA0891E570F49914F47CD14F.e.304"}]}
RESULT: {}
RESULT: {}
RESULT: {"script":"<script> [8489 bytes]","args":[{"element-6066-11e4-a52e-4f735466cecf":"f.C6BEDD6D30A87F60F18BB833061355F6.d.B63A8565BA0891E570F49914F47CD14F.e.304","ELEMENT":"f.C6BEDD6D30A87F60F18BB833061355F6.d.B63A8565BA0891E570F49914F47CD14F.e.304"}]}
COMMAND: POST /session/6cb315df952d16724b4cad26491b612d/execute/sync - {"script":"<script> [5351 bytes]","args":[{"element-6066-11e4-a52e-4f735466cecf":"f.C6BEDD6D30A87F60F18BB833061355F6.d.B63A8565BA0891E570F49914F47CD14F.e.304","ELEMENT":"f.C6BEDD6D30A87F60F18BB833061355F6.d.B63A8565BA0891E570F49914F47CD14F.e.304"}]}
COMMAND: GET /session/6cb315df952d16724b4cad26491b612d/screenshot - {}
RESULT: {"script":"<script> [5351 bytes]","args":[{"element-6066-11e4-a52e-4f735466cecf":"f.C6BEDD6D30A87F60F18BB833061355F6.d.B63A8565BA0891E570F49914F47CD14F.e.304","ELEMENT":"f.C6BEDD6D30A87F60F18BB833061355F6.d.B63A8565BA0891E570F49914F47CD14F.e.304"}]}
COMMAND: GET /session/6cb315df952d16724b4cad26491b612d/screenshot - {}
COMMAND: POST /session/6cb315df952d16724b4cad26491b612d/execute/sync - {"script":"<script> [8489 bytes]","args":[{"element-6066-11e4-a52e-4f735466cecf":"f.C6BEDD6D30A87F60F18BB833061355F6.d.B63A8565BA0891E570F49914F47CD14F.e.304","ELEMENT":"f.C6BEDD6D30A87F60F18BB833061355F6.d.B63A8565BA0891E570F49914F47CD14F.e.304"}]}
RESULT: {}
RESULT: {}
RESULT: {"script":"<script> [8489 bytes]","args":[{"element-6066-11e4-a52e-4f735466cecf":"f.C6BEDD6D30A87F60F18BB833061355F6.d.B63A8565BA0891E570F49914F47CD14F.e.304","ELEMENT":"f.C6BEDD6D30A87F60F18BB833061355F6.d.B63A8565BA0891E570F49914F47CD14F.e.304"}]}
COMMAND: POST /session/6cb315df952d16724b4cad26491b612d/execute/sync - {"script":"<script> [5351 bytes]","args":[{"element-6066-11e4-a52e-4f735466cecf":"f.C6BEDD6D30A87F60F18BB833061355F6.d.B63A8565BA0891E570F49914F47CD14F.e.304","ELEMENT":"f.C6BEDD6D30A87F60F18BB833061355F6.d.B63A8565BA0891E570F49914F47CD14F.e.304"}]}
COMMAND: GET /session/6cb315df952d16724b4cad26491b612d/screenshot - {}
RESULT: {"script":"<script> [5351 bytes]","args":[{"element-6066-11e4-a52e-4f735466cecf":"f.C6BEDD6D30A87F60F18BB833061355F6.d.B63A8565BA0891E570F49914F47CD14F.e.304","ELEMENT":"f.C6BEDD6D30A87F60F18BB833061355F6.d.B63A8565BA0891E570F49914F47CD14F.e.304"}]}
COMMAND: GET /session/6cb315df952d16724b4cad26491b612d/screenshot - {}
COMMAND: POST /session/6cb315df952d16724b4cad26491b612d/execute/sync - {"script":"<script> [8489 bytes]","args":[{"element-6066-11e4-a52e-4f735466cecf":"f.C6BEDD6D30A87F60F18BB833061355F6.d.B63A8565BA0891E570F49914F47CD14F.e.304","ELEMENT":"f.C6BEDD6D30A87F60F18BB833061355F6.d.B63A8565BA0891E570F49914F47CD14F.e.304"}]}
RESULT: {}
RESULT: {}
RESULT: {"script":"<script> [8489 bytes]","args":[{"element-6066-11e4-a52e-4f735466cecf":"f.C6BEDD6D30A87F60F18BB833061355F6.d.B63A8565BA0891E570F49914F47CD14F.e.304","ELEMENT":"f.C6BEDD6D30A87F60F18BB833061355F6.d.B63A8565BA0891E570F49914F47CD14F.e.304"}]}
COMMAND: POST /session/6cb315df952d16724b4cad26491b612d/execute/sync - {"script":"<script> [5351 bytes]","args":[{"element-6066-11e4-a52e-4f735466cecf":"f.C6BEDD6D30A87F60F18BB833061355F6.d.B63A8565BA0891E570F49914F47CD14F.e.304","ELEMENT":"f.C6BEDD6D30A87F60F18BB833061355F6.d.B63A8565BA0891E570F49914F47CD14F.e.304"}]}
COMMAND: GET /session/6cb315df952d16724b4cad26491b612d/screenshot - {}
RESULT: {"script":"<script> [5351 bytes]","args":[{"element-6066-11e4-a52e-4f735466cecf":"f.C6BEDD6D30A87F60F18BB833061355F6.d.B63A8565BA0891E570F49914F47CD14F.e.304","ELEMENT":"f.C6BEDD6D30A87F60F18BB833061355F6.d.B63A8565BA0891E570F49914F47CD14F.e.304"}]}
COMMAND: GET /session/6cb315df952d16724b4cad26491b612d/screenshot - {}
COMMAND: POST /session/6cb315df952d16724b4cad26491b612d/execute/sync - {"script":"<script> [8489 bytes]","args":[{"element-6066-11e4-a52e-4f735466cecf":"f.C6BEDD6D30A87F60F18BB833061355F6.d.B63A8565BA0891E570F49914F47CD14F.e.304","ELEMENT":"f.C6BEDD6D30A87F60F18BB833061355F6.d.B63A8565BA0891E570F49914F47CD14F.e.304"}]}
RESULT: {}
RESULT: {}
RESULT: {"script":"<script> [8489 bytes]","args":[{"element-6066-11e4-a52e-4f735466cecf":"f.C6BEDD6D30A87F60F18BB833061355F6.d.B63A8565BA0891E570F49914F47CD14F.e.304","ELEMENT":"f.C6BEDD6D30A87F60F18BB833061355F6.d.B63A8565BA0891E570F49914F47CD14F.e.304"}]}
COMMAND: POST /session/6cb315df952d16724b4cad26491b612d/execute/sync - {"script":"<script> [5351 bytes]","args":[{"element-6066-11e4-a52e-4f735466cecf":"f.C6BEDD6D30A87F60F18BB833061355F6.d.B63A8565BA0891E570F49914F47CD14F.e.304","ELEMENT":"f.C6BEDD6D30A87F60F18BB833061355F6.d.B63A8565BA0891E570F49914F47CD14F.e.304"}]}
COMMAND: GET /session/6cb315df952d16724b4cad26491b612d/screenshot - {}
RESULT: {"script":"<script> [5351 bytes]","args":[{"element-6066-11e4-a52e-4f735466cecf":"f.C6BEDD6D30A87F60F18BB833061355F6.d.B63A8565BA0891E570F49914F47CD14F.e.304","ELEMENT":"f.C6BEDD6D30A87F60F18BB833061355F6.d.B63A8565BA0891E570F49914F47CD14F.e.304"}]}
COMMAND: GET /session/6cb315df952d16724b4cad26491b612d/screenshot - {}
COMMAND: POST /session/6cb315df952d16724b4cad26491b612d/execute/sync - {"script":"<script> [8489 bytes]","args":[{"element-6066-11e4-a52e-4f735466cecf":"f.C6BEDD6D30A87F60F18BB833061355F6.d.B63A8565BA0891E570F49914F47CD14F.e.304","ELEMENT":"f.C6BEDD6D30A87F60F18BB833061355F6.d.B63A8565BA0891E570F49914F47CD14F.e.304"}]}
RESULT: {}
RESULT: {}
RESULT: {"script":"<script> [8489 bytes]","args":[{"element-6066-11e4-a52e-4f735466cecf":"f.C6BEDD6D30A87F60F18BB833061355F6.d.B63A8565BA0891E570F49914F47CD14F.e.304","ELEMENT":"f.C6BEDD6D30A87F60F18BB833061355F6.d.B63A8565BA0891E570F49914F47CD14F.e.304"}]}
COMMAND: POST /session/6cb315df952d16724b4cad26491b612d/execute/sync - {"script":"<script> [5351 bytes]","args":[{"element-6066-11e4-a52e-4f735466cecf":"f.C6BEDD6D30A87F60F18BB833061355F6.d.B63A8565BA0891E570F49914F47CD14F.e.304","ELEMENT":"f.C6BEDD6D30A87F60F18BB833061355F6.d.B63A8565BA0891E570F49914F47CD14F.e.304"}]}
COMMAND: GET /session/6cb315df952d16724b4cad26491b612d/screenshot - {}
RESULT: {"script":"<script> [5351 bytes]","args":[{"element-6066-11e4-a52e-4f735466cecf":"f.C6BEDD6D30A87F60F18BB833061355F6.d.B63A8565BA0891E570F49914F47CD14F.e.304","ELEMENT":"f.C6BEDD6D30A87F60F18BB833061355F6.d.B63A8565BA0891E570F49914F47CD14F.e.304"}]}
COMMAND: GET /session/6cb315df952d16724b4cad26491b612d/screenshot - {}
COMMAND: POST /session/6cb315df952d16724b4cad26491b612d/execute/sync - {"script":"<script> [8489 bytes]","args":[{"element-6066-11e4-a52e-4f735466cecf":"f.C6BEDD6D30A87F60F18BB833061355F6.d.B63A8565BA0891E570F49914F47CD14F.e.304","ELEMENT":"f.C6BEDD6D30A87F60F18BB833061355F6.d.B63A8565BA0891E570F49914F47CD14F.e.304"}]}
RESULT: {}
RESULT: {}
RESULT: {"script":"<script> [8489 bytes]","args":[{"element-6066-11e4-a52e-4f735466cecf":"f.C6BEDD6D30A87F60F18BB833061355F6.d.B63A8565BA0891E570F49914F47CD14F.e.304","ELEMENT":"f.C6BEDD6D30A87F60F18BB833061355F6.d.B63A8565BA0891E570F49914F47CD14F.e.304"}]}
COMMAND: POST /session/6cb315df952d16724b4cad26491b612d/execute/sync - {"script":"<script> [5351 bytes]","args":[{"element-6066-11e4-a52e-4f735466cecf":"f.C6BEDD6D30A87F60F18BB833061355F6.d.B63A8565BA0891E570F49914F47CD14F.e.304","ELEMENT":"f.C6BEDD6D30A87F60F18BB833061355F6.d.B63A8565BA0891E570F49914F47CD14F.e.304"}]}
COMMAND: GET /session/6cb315df952d16724b4cad26491b612d/screenshot - {}
RESULT: {"script":"<script> [5351 bytes]","args":[{"element-6066-11e4-a52e-4f735466cecf":"f.C6BEDD6D30A87F60F18BB833061355F6.d.B63A8565BA0891E570F49914F47CD14F.e.304","ELEMENT":"f.C6BEDD6D30A87F60F18BB833061355F6.d.B63A8565BA0891E570F49914F47CD14F.e.304"}]}
COMMAND: GET /session/6cb315df952d16724b4cad26491b612d/screenshot - {}
COMMAND: POST /session/6cb315df952d16724b4cad26491b612d/execute/sync - {"script":"<script> [8489 bytes]","args":[{"element-6066-11e4-a52e-4f735466cecf":"f.C6BEDD6D30A87F60F18BB833061355F6.d.B63A8565BA0891E570F49914F47CD14F.e.304","ELEMENT":"f.C6BEDD6D30A87F60F18BB833061355F6.d.B63A8565BA0891E570F49914F47CD14F.e.304"}]}
RESULT: {}
RESULT: {}
RESULT: {"script":"<script> [8489 bytes]","args":[{"element-6066-11e4-a52e-4f735466cecf":"f.C6BEDD6D30A87F60F18BB833061355F6.d.B63A8565BA0891E570F49914F47CD14F.e.304","ELEMENT":"f.C6BEDD6D30A87F60F18BB833061355F6.d.B63A8565BA0891E570F49914F47CD14F.e.304"}]}
COMMAND: POST /session/6cb315df952d16724b4cad26491b612d/execute/sync - {"script":"<script> [5351 bytes]","args":[{"element-6066-11e4-a52e-4f735466cecf":"f.C6BEDD6D30A87F60F18BB833061355F6.d.B63A8565BA0891E570F49914F47CD14F.e.304","ELEMENT":"f.C6BEDD6D30A87F60F18BB833061355F6.d.B63A8565BA0891E570F49914F47CD14F.e.304"}]}
COMMAND: GET /session/6cb315df952d16724b4cad26491b612d/screenshot - {}
RESULT: {"script":"<script> [5351 bytes]","args":[{"element-6066-11e4-a52e-4f735466cecf":"f.C6BEDD6D30A87F60F18BB833061355F6.d.B63A8565BA0891E570F49914F47CD14F.e.304","ELEMENT":"f.C6BEDD6D30A87F60F18BB833061355F6.d.B63A8565BA0891E570F49914F47CD14F.e.304"}]}
COMMAND: GET /session/6cb315df952d16724b4cad26491b612d/screenshot - {}
COMMAND: POST /session/6cb315df952d16724b4cad26491b612d/execute/sync - {"script":"<script> [8489 bytes]","args":[{"element-6066-11e4-a52e-4f735466cecf":"f.C6BEDD6D30A87F60F18BB833061355F6.d.B63A8565BA0891E570F49914F47CD14F.e.304","ELEMENT":"f.C6BEDD6D30A87F60F18BB833061355F6.d.B63A8565BA0891E570F49914F47CD14F.e.304"}]}
RESULT: {}
RESULT: {}
RESULT: {"script":"<script> [8489 bytes]","args":[{"element-6066-11e4-a52e-4f735466cecf":"f.C6BEDD6D30A87F60F18BB833061355F6.d.B63A8565BA0891E570F49914F47CD14F.e.304","ELEMENT":"f.C6BEDD6D30A87F60F18BB833061355F6.d.B63A8565BA0891E570F49914F47CD14F.e.304"}]}
COMMAND: POST /session/6cb315df952d16724b4cad26491b612d/execute/sync - {"script":"<script> [5351 bytes]","args":[{"element-6066-11e4-a52e-4f735466cecf":"f.C6BEDD6D30A87F60F18BB833061355F6.d.B63A8565BA0891E570F49914F47CD14F.e.304","ELEMENT":"f.C6BEDD6D30A87F60F18BB833061355F6.d.B63A8565BA0891E570F49914F47CD14F.e.304"}]}
COMMAND: GET /session/6cb315df952d16724b4cad26491b612d/screenshot - {}
RESULT: {"script":"<script> [5351 bytes]","args":[{"element-6066-11e4-a52e-4f735466cecf":"f.C6BEDD6D30A87F60F18BB833061355F6.d.B63A8565BA0891E570F49914F47CD14F.e.304","ELEMENT":"f.C6BEDD6D30A87F60F18BB833061355F6.d.B63A8565BA0891E570F49914F47CD14F.e.304"}]}
COMMAND: GET /session/6cb315df952d16724b4cad26491b612d/screenshot - {}
COMMAND: POST /session/6cb315df952d16724b4cad26491b612d/execute/sync - {"script":"<script> [8489 bytes]","args":[{"element-6066-11e4-a52e-4f735466cecf":"f.C6BEDD6D30A87F60F18BB833061355F6.d.B63A8565BA0891E570F49914F47CD14F.e.304","ELEMENT":"f.C6BEDD6D30A87F60F18BB833061355F6.d.B63A8565BA0891E570F49914F47CD14F.e.304"}]}
RESULT: {}
RESULT: {}
RESULT: {"script":"<script> [8489 bytes]","args":[{"element-6066-11e4-a52e-4f735466cecf":"f.C6BEDD6D30A87F60F18BB833061355F6.d.B63A8565BA0891E570F49914F47CD14F.e.304","ELEMENT":"f.C6BEDD6D30A87F60F18BB833061355F6.d.B63A8565BA0891E570F49914F47CD14F.e.304"}]}
COMMAND: POST /session/6cb315df952d16724b4cad26491b612d/execute/sync - {"script":"<script> [5351 bytes]","args":[{"element-6066-11e4-a52e-4f735466cecf":"f.C6BEDD6D30A87F60F18BB833061355F6.d.B63A8565BA0891E570F49914F47CD14F.e.304","ELEMENT":"f.C6BEDD6D30A87F60F18BB833061355F6.d.B63A8565BA0891E570F49914F47CD14F.e.304"}]}
COMMAND: GET /session/6cb315df952d16724b4cad26491b612d/screenshot - {}
RESULT: {"script":"<script> [5351 bytes]","args":[{"element-6066-11e4-a52e-4f735466cecf":"f.C6BEDD6D30A87F60F18BB833061355F6.d.B63A8565BA0891E570F49914F47CD14F.e.304","ELEMENT":"f.C6BEDD6D30A87F60F18BB833061355F6.d.B63A8565BA0891E570F49914F47CD14F.e.304"}]}
COMMAND: GET /session/6cb315df952d16724b4cad26491b612d/screenshot - {}
COMMAND: POST /session/6cb315df952d16724b4cad26491b612d/execute/sync - {"script":"<script> [8489 bytes]","args":[{"element-6066-11e4-a52e-4f735466cecf":"f.C6BEDD6D30A87F60F18BB833061355F6.d.B63A8565BA0891E570F49914F47CD14F.e.304","ELEMENT":"f.C6BEDD6D30A87F60F18BB833061355F6.d.B63A8565BA0891E570F49914F47CD14F.e.304"}]}
RESULT: {}
RESULT: {}
RESULT: {"script":"<script> [8489 bytes]","args":[{"element-6066-11e4-a52e-4f735466cecf":"f.C6BEDD6D30A87F60F18BB833061355F6.d.B63A8565BA0891E570F49914F47CD14F.e.304","ELEMENT":"f.C6BEDD6D30A87F60F18BB833061355F6.d.B63A8565BA0891E570F49914F47CD14F.e.304"}]}
COMMAND: POST /session/6cb315df952d16724b4cad26491b612d/execute/sync - {"script":"<script> [5351 bytes]","args":[{"element-6066-11e4-a52e-4f735466cecf":"f.C6BEDD6D30A87F60F18BB833061355F6.d.B63A8565BA0891E570F49914F47CD14F.e.304","ELEMENT":"f.C6BEDD6D30A87F60F18BB833061355F6.d.B63A8565BA0891E570F49914F47CD14F.e.304"}]}
COMMAND: GET /session/6cb315df952d16724b4cad26491b612d/screenshot - {}
RESULT: {"script":"<script> [5351 bytes]","args":[{"element-6066-11e4-a52e-4f735466cecf":"f.C6BEDD6D30A87F60F18BB833061355F6.d.B63A8565BA0891E570F49914F47CD14F.e.304","ELEMENT":"f.C6BEDD6D30A87F60F18BB833061355F6.d.B63A8565BA0891E570F49914F47CD14F.e.304"}]}
COMMAND: GET /session/6cb315df952d16724b4cad26491b612d/screenshot - {}
COMMAND: POST /session/6cb315df952d16724b4cad26491b612d/execute/sync - {"script":"<script> [8489 bytes]","args":[{"element-6066-11e4-a52e-4f735466cecf":"f.C6BEDD6D30A87F60F18BB833061355F6.d.B63A8565BA0891E570F49914F47CD14F.e.304","ELEMENT":"f.C6BEDD6D30A87F60F18BB833061355F6.d.B63A8565BA0891E570F49914F47CD14F.e.304"}]}
RESULT: {}
RESULT: {}
RESULT: {"script":"<script> [8489 bytes]","args":[{"element-6066-11e4-a52e-4f735466cecf":"f.C6BEDD6D30A87F60F18BB833061355F6.d.B63A8565BA0891E570F49914F47CD14F.e.304","ELEMENT":"f.C6BEDD6D30A87F60F18BB833061355F6.d.B63A8565BA0891E570F49914F47CD14F.e.304"}]}
COMMAND: POST /session/6cb315df952d16724b4cad26491b612d/execute/sync - {"script":"<script> [5351 bytes]","args":[{"element-6066-11e4-a52e-4f735466cecf":"f.C6BEDD6D30A87F60F18BB833061355F6.d.B63A8565BA0891E570F49914F47CD14F.e.304","ELEMENT":"f.C6BEDD6D30A87F60F18BB833061355F6.d.B63A8565BA0891E570F49914F47CD14F.e.304"}]}
COMMAND: GET /session/6cb315df952d16724b4cad26491b612d/screenshot - {}
RESULT: {"script":"<script> [5351 bytes]","args":[{"element-6066-11e4-a52e-4f735466cecf":"f.C6BEDD6D30A87F60F18BB833061355F6.d.B63A8565BA0891E570F49914F47CD14F.e.304","ELEMENT":"f.C6BEDD6D30A87F60F18BB833061355F6.d.B63A8565BA0891E570F49914F47CD14F.e.304"}]}
COMMAND: GET /session/6cb315df952d16724b4cad26491b612d/screenshot - {}
COMMAND: POST /session/6cb315df952d16724b4cad26491b612d/execute/sync - {"script":"<script> [8489 bytes]","args":[{"element-6066-11e4-a52e-4f735466cecf":"f.C6BEDD6D30A87F60F18BB833061355F6.d.B63A8565BA0891E570F49914F47CD14F.e.304","ELEMENT":"f.C6BEDD6D30A87F60F18BB833061355F6.d.B63A8565BA0891E570F49914F47CD14F.e.304"}]}
RESULT: {}
RESULT: {}
RESULT: {"script":"<script> [8489 bytes]","args":[{"element-6066-11e4-a52e-4f735466cecf":"f.C6BEDD6D30A87F60F18BB833061355F6.d.B63A8565BA0891E570F49914F47CD14F.e.304","ELEMENT":"f.C6BEDD6D30A87F60F18BB833061355F6.d.B63A8565BA0891E570F49914F47CD14F.e.304"}]}
COMMAND: POST /session/6cb315df952d16724b4cad26491b612d/execute/sync - {"script":"<script> [5351 bytes]","args":[{"element-6066-11e4-a52e-4f735466cecf":"f.C6BEDD6D30A87F60F18BB833061355F6.d.B63A8565BA0891E570F49914F47CD14F.e.304","ELEMENT":"f.C6BEDD6D30A87F60F18BB833061355F6.d.B63A8565BA0891E570F49914F47CD14F.e.304"}]}
COMMAND: GET /session/6cb315df952d16724b4cad26491b612d/screenshot - {}
RESULT: {"script":"<script> [5351 bytes]","args":[{"element-6066-11e4-a52e-4f735466cecf":"f.C6BEDD6D30A87F60F18BB833061355F6.d.B63A8565BA0891E570F49914F47CD14F.e.304","ELEMENT":"f.C6BEDD6D30A87F60F18BB833061355F6.d.B63A8565BA0891E570F49914F47CD14F.e.304"}]}
COMMAND: GET /session/6cb315df952d16724b4cad26491b612d/screenshot - {}
COMMAND: POST /session/6cb315df952d16724b4cad26491b612d/execute/sync - {"script":"<script> [8489 bytes]","args":[{"element-6066-11e4-a52e-4f735466cecf":"f.C6BEDD6D30A87F60F18BB833061355F6.d.B63A8565BA0891E570F49914F47CD14F.e.304","ELEMENT":"f.C6BEDD6D30A87F60F18BB833061355F6.d.B63A8565BA0891E570F49914F47CD14F.e.304"}]}
RESULT: {}
RESULT: {"script":"<script> [8489 bytes]","args":[{"element-6066-11e4-a52e-4f735466cecf":"f.C6BEDD6D30A87F60F18BB833061355F6.d.B63A8565BA0891E570F49914F47CD14F.e.304","ELEMENT":"f.C6BEDD6D30A87F60F18BB833061355F6.d.B63A8565BA0891E570F49914F47CD14F.e.304"}]}
COMMAND: POST /session/6cb315df952d16724b4cad26491b612d/execute/sync - {"script":"<script> [5351 bytes]","args":[{"element-6066-11e4-a52e-4f735466cecf":"f.C6BEDD6D30A87F60F18BB833061355F6.d.B63A8565BA0891E570F49914F47CD14F.e.304","ELEMENT":"f.C6BEDD6D30A87F60F18BB833061355F6.d.B63A8565BA0891E570F49914F47CD14F.e.304"}]}
COMMAND: GET /session/6cb315df952d16724b4cad26491b612d/screenshot - {}
RESULT: {}
RESULT: {"script":"<script> [5351 bytes]","args":[{"element-6066-11e4-a52e-4f735466cecf":"f.C6BEDD6D30A87F60F18BB833061355F6.d.B63A8565BA0891E570F49914F47CD14F.e.304","ELEMENT":"f.C6BEDD6D30A87F60F18BB833061355F6.d.B63A8565BA0891E570F49914F47CD14F.e.304"}]}
COMMAND: GET /session/6cb315df952d16724b4cad26491b612d/screenshot - {}
COMMAND: POST /session/6cb315df952d16724b4cad26491b612d/execute/sync - {"script":"<script> [8489 bytes]","args":[{"element-6066-11e4-a52e-4f735466cecf":"f.C6BEDD6D30A87F60F18BB833061355F6.d.B63A8565BA0891E570F49914F47CD14F.e.304","ELEMENT":"f.C6BEDD6D30A87F60F18BB833061355F6.d.B63A8565BA0891E570F49914F47CD14F.e.304"}]}
RESULT: {}
RESULT: {}
RESULT: {"script":"<script> [8489 bytes]","args":[{"element-6066-11e4-a52e-4f735466cecf":"f.C6BEDD6D30A87F60F18BB833061355F6.d.B63A8565BA0891E570F49914F47CD14F.e.304","ELEMENT":"f.C6BEDD6D30A87F60F18BB833061355F6.d.B63A8565BA0891E570F49914F47CD14F.e.304"}]}
COMMAND: POST /session/6cb315df952d16724b4cad26491b612d/execute/sync - {"script":"<script> [5351 bytes]","args":[{"element-6066-11e4-a52e-4f735466cecf":"f.C6BEDD6D30A87F60F18BB833061355F6.d.B63A8565BA0891E570F49914F47CD14F.e.304","ELEMENT":"f.C6BEDD6D30A87F60F18BB833061355F6.d.B63A8565BA0891E570F49914F47CD14F.e.304"}]}
COMMAND: GET /session/6cb315df952d16724b4cad26491b612d/screenshot - {}
RESULT: {"script":"<script> [5351 bytes]","args":[{"element-6066-11e4-a52e-4f735466cecf":"f.C6BEDD6D30A87F60F18BB833061355F6.d.B63A8565BA0891E570F49914F47CD14F.e.304","ELEMENT":"f.C6BEDD6D30A87F60F18BB833061355F6.d.B63A8565BA0891E570F49914F47CD14F.e.304"}]}
COMMAND: POST /session/6cb315df952d16724b4cad26491b612d/execute/sync - {"script":"<script> [8489 bytes]","args":[{"element-6066-11e4-a52e-4f735466cecf":"f.C6BEDD6D30A87F60F18BB833061355F6.d.B63A8565BA0891E570F49914F47CD14F.e.304","ELEMENT":"f.C6BEDD6D30A87F60F18BB833061355F6.d.B63A8565BA0891E570F49914F47CD14F.e.304"}]}
COMMAND: GET /session/6cb315df952d16724b4cad26491b612d/screenshot - {}
RESULT: {}
RESULT: {"script":"<script> [8489 bytes]","args":[{"element-6066-11e4-a52e-4f735466cecf":"f.C6BEDD6D30A87F60F18BB833061355F6.d.B63A8565BA0891E570F49914F47CD14F.e.304","ELEMENT":"f.C6BEDD6D30A87F60F18BB833061355F6.d.B63A8565BA0891E570F49914F47CD14F.e.304"}]}
COMMAND: POST /session/6cb315df952d16724b4cad26491b612d/execute/sync - {"script":"<script> [5351 bytes]","args":[{"element-6066-11e4-a52e-4f735466cecf":"f.C6BEDD6D30A87F60F18BB833061355F6.d.B63A8565BA0891E570F49914F47CD14F.e.304","ELEMENT":"f.C6BEDD6D30A87F60F18BB833061355F6.d.B63A8565BA0891E570F49914F47CD14F.e.304"}]}
COMMAND: GET /session/6cb315df952d16724b4cad26491b612d/screenshot - {}
RESULT: {}
RESULT: {"script":"<script> [5351 bytes]","args":[{"element-6066-11e4-a52e-4f735466cecf":"f.C6BEDD6D30A87F60F18BB833061355F6.d.B63A8565BA0891E570F49914F47CD14F.e.304","ELEMENT":"f.C6BEDD6D30A87F60F18BB833061355F6.d.B63A8565BA0891E570F49914F47CD14F.e.304"}]}
COMMAND: GET /session/6cb315df952d16724b4cad26491b612d/screenshot - {}
COMMAND: POST /session/6cb315df952d16724b4cad26491b612d/execute/sync - {"script":"<script> [8489 bytes]","args":[{"element-6066-11e4-a52e-4f735466cecf":"f.C6BEDD6D30A87F60F18BB833061355F6.d.B63A8565BA0891E570F49914F47CD14F.e.304","ELEMENT":"f.C6BEDD6D30A87F60F18BB833061355F6.d.B63A8565BA0891E570F49914F47CD14F.e.304"}]}
RESULT: {}
RESULT: {}
RESULT: {"script":"<script> [8489 bytes]","args":[{"element-6066-11e4-a52e-4f735466cecf":"f.C6BEDD6D30A87F60F18BB833061355F6.d.B63A8565BA0891E570F49914F47CD14F.e.304","ELEMENT":"f.C6BEDD6D30A87F60F18BB833061355F6.d.B63A8565BA0891E570F49914F47CD14F.e.304"}]}
COMMAND: POST /session/6cb315df952d16724b4cad26491b612d/execute/sync - {"script":"<script> [5351 bytes]","args":[{"element-6066-11e4-a52e-4f735466cecf":"f.C6BEDD6D30A87F60F18BB833061355F6.d.B63A8565BA0891E570F49914F47CD14F.e.304","ELEMENT":"f.C6BEDD6D30A87F60F18BB833061355F6.d.B63A8565BA0891E570F49914F47CD14F.e.304"}]}
COMMAND: GET /session/6cb315df952d16724b4cad26491b612d/screenshot - {}
RESULT: {"script":"<script> [5351 bytes]","args":[{"element-6066-11e4-a52e-4f735466cecf":"f.C6BEDD6D30A87F60F18BB833061355F6.d.B63A8565BA0891E570F49914F47CD14F.e.304","ELEMENT":"f.C6BEDD6D30A87F60F18BB833061355F6.d.B63A8565BA0891E570F49914F47CD14F.e.304"}]}
COMMAND: POST /session/6cb315df952d16724b4cad26491b612d/execute/sync - {"script":"<script> [8489 bytes]","args":[{"element-6066-11e4-a52e-4f735466cecf":"f.C6BEDD6D30A87F60F18BB833061355F6.d.B63A8565BA0891E570F49914F47CD14F.e.304","ELEMENT":"f.C6BEDD6D30A87F60F18BB833061355F6.d.B63A8565BA0891E570F49914F47CD14F.e.304"}]}
COMMAND: GET /session/6cb315df952d16724b4cad26491b612d/screenshot - {}
RESULT: {}
RESULT: {}
RESULT: {"script":"<script> [8489 bytes]","args":[{"element-6066-11e4-a52e-4f735466cecf":"f.C6BEDD6D30A87F60F18BB833061355F6.d.B63A8565BA0891E570F49914F47CD14F.e.304","ELEMENT":"f.C6BEDD6D30A87F60F18BB833061355F6.d.B63A8565BA0891E570F49914F47CD14F.e.304"}]}
COMMAND: POST /session/6cb315df952d16724b4cad26491b612d/execute/sync - {"script":"<script> [5351 bytes]","args":[{"element-6066-11e4-a52e-4f735466cecf":"f.C6BEDD6D30A87F60F18BB833061355F6.d.B63A8565BA0891E570F49914F47CD14F.e.304","ELEMENT":"f.C6BEDD6D30A87F60F18BB833061355F6.d.B63A8565BA0891E570F49914F47CD14F.e.304"}]}
COMMAND: GET /session/6cb315df952d16724b4cad26491b612d/screenshot - {}
RESULT: {"script":"<script> [5351 bytes]","args":[{"element-6066-11e4-a52e-4f735466cecf":"f.C6BEDD6D30A87F60F18BB833061355F6.d.B63A8565BA0891E570F49914F47CD14F.e.304","ELEMENT":"f.C6BEDD6D30A87F60F18BB833061355F6.d.B63A8565BA0891E570F49914F47CD14F.e.304"}]}
COMMAND: POST /session/6cb315df952d16724b4cad26491b612d/execute/sync - {"script":"<script> [8489 bytes]","args":[{"element-6066-11e4-a52e-4f735466cecf":"f.C6BEDD6D30A87F60F18BB833061355F6.d.B63A8565BA0891E570F49914F47CD14F.e.304","ELEMENT":"f.C6BEDD6D30A87F60F18BB833061355F6.d.B63A8565BA0891E570F49914F47CD14F.e.304"}]}
COMMAND: GET /session/6cb315df952d16724b4cad26491b612d/screenshot - {}
RESULT: {}
RESULT: {"script":"<script> [8489 bytes]","args":[{"element-6066-11e4-a52e-4f735466cecf":"f.C6BEDD6D30A87F60F18BB833061355F6.d.B63A8565BA0891E570F49914F47CD14F.e.304","ELEMENT":"f.C6BEDD6D30A87F60F18BB833061355F6.d.B63A8565BA0891E570F49914F47CD14F.e.304"}]}
COMMAND: POST /session/6cb315df952d16724b4cad26491b612d/execute/sync - {"script":"<script> [5351 bytes]","args":[{"element-6066-11e4-a52e-4f735466cecf":"f.C6BEDD6D30A87F60F18BB833061355F6.d.B63A8565BA0891E570F49914F47CD14F.e.304","ELEMENT":"f.C6BEDD6D30A87F60F18BB833061355F6.d.B63A8565BA0891E570F49914F47CD14F.e.304"}]}
COMMAND: GET /session/6cb315df952d16724b4cad26491b612d/screenshot - {}
RESULT: {}
RESULT: {"script":"<script> [5351 bytes]","args":[{"element-6066-11e4-a52e-4f735466cecf":"f.C6BEDD6D30A87F60F18BB833061355F6.d.B63A8565BA0891E570F49914F47CD14F.e.304","ELEMENT":"f.C6BEDD6D30A87F60F18BB833061355F6.d.B63A8565BA0891E570F49914F47CD14F.e.304"}]}
COMMAND: GET /session/6cb315df952d16724b4cad26491b612d/screenshot - {}
COMMAND: POST /session/6cb315df952d16724b4cad26491b612d/execute/sync - {"script":"<script> [8489 bytes]","args":[{"element-6066-11e4-a52e-4f735466cecf":"f.C6BEDD6D30A87F60F18BB833061355F6.d.B63A8565BA0891E570F49914F47CD14F.e.304","ELEMENT":"f.C6BEDD6D30A87F60F18BB833061355F6.d.B63A8565BA0891E570F49914F47CD14F.e.304"}]}
RESULT: {}
RESULT: {"script":"<script> [8489 bytes]","args":[{"element-6066-11e4-a52e-4f735466cecf":"f.C6BEDD6D30A87F60F18BB833061355F6.d.B63A8565BA0891E570F49914F47CD14F.e.304","ELEMENT":"f.C6BEDD6D30A87F60F18BB833061355F6.d.B63A8565BA0891E570F49914F47CD14F.e.304"}]}
COMMAND: POST /session/6cb315df952d16724b4cad26491b612d/execute/sync - {"script":"<script> [5351 bytes]","args":[{"element-6066-11e4-a52e-4f735466cecf":"f.C6BEDD6D30A87F60F18BB833061355F6.d.B63A8565BA0891E570F49914F47CD14F.e.304","ELEMENT":"f.C6BEDD6D30A87F60F18BB833061355F6.d.B63A8565BA0891E570F49914F47CD14F.e.304"}]}
COMMAND: GET /session/6cb315df952d16724b4cad26491b612d/screenshot - {}
RESULT: {}
RESULT: {"script":"<script> [5351 bytes]","args":[{"element-6066-11e4-a52e-4f735466cecf":"f.C6BEDD6D30A87F60F18BB833061355F6.d.B63A8565BA0891E570F49914F47CD14F.e.304","ELEMENT":"f.C6BEDD6D30A87F60F18BB833061355F6.d.B63A8565BA0891E570F49914F47CD14F.e.304"}]}
COMMAND: POST /session/6cb315df952d16724b4cad26491b612d/execute/sync - {"script":"<script> [8489 bytes]","args":[{"element-6066-11e4-a52e-4f735466cecf":"f.C6BEDD6D30A87F60F18BB833061355F6.d.B63A8565BA0891E570F49914F47CD14F.e.304","ELEMENT":"f.C6BEDD6D30A87F60F18BB833061355F6.d.B63A8565BA0891E570F49914F47CD14F.e.304"}]}
COMMAND: GET /session/6cb315df952d16724b4cad26491b612d/screenshot - {}
RESULT: {}
RESULT: {"script":"<script> [8489 bytes]","args":[{"element-6066-11e4-a52e-4f735466cecf":"f.C6BEDD6D30A87F60F18BB833061355F6.d.B63A8565BA0891E570F49914F47CD14F.e.304","ELEMENT":"f.C6BEDD6D30A87F60F18BB833061355F6.d.B63A8565BA0891E570F49914F47CD14F.e.304"}]}
COMMAND: POST /session/6cb315df952d16724b4cad26491b612d/execute/sync - {"script":"<script> [5351 bytes]","args":[{"element-6066-11e4-a52e-4f735466cecf":"f.C6BEDD6D30A87F60F18BB833061355F6.d.B63A8565BA0891E570F49914F47CD14F.e.304","ELEMENT":"f.C6BEDD6D30A87F60F18BB833061355F6.d.B63A8565BA0891E570F49914F47CD14F.e.304"}]}
COMMAND: GET /session/6cb315df952d16724b4cad26491b612d/screenshot - {}
RESULT: {}
RESULT: {"script":"<script> [5351 bytes]","args":[{"element-6066-11e4-a52e-4f735466cecf":"f.C6BEDD6D30A87F60F18BB833061355F6.d.B63A8565BA0891E570F49914F47CD14F.e.304","ELEMENT":"f.C6BEDD6D30A87F60F18BB833061355F6.d.B63A8565BA0891E570F49914F47CD14F.e.304"}]}
COMMAND: GET /session/6cb315df952d16724b4cad26491b612d/screenshot - {}
COMMAND: POST /session/6cb315df952d16724b4cad26491b612d/execute/sync - {"script":"<script> [8489 bytes]","args":[{"element-6066-11e4-a52e-4f735466cecf":"f.C6BEDD6D30A87F60F18BB833061355F6.d.B63A8565BA0891E570F49914F47CD14F.e.304","ELEMENT":"f.C6BEDD6D30A87F60F18BB833061355F6.d.B63A8565BA0891E570F49914F47CD14F.e.304"}]}
RESULT: {}
RESULT: {}
RESULT: {"script":"<script> [8489 bytes]","args":[{"element-6066-11e4-a52e-4f735466cecf":"f.C6BEDD6D30A87F60F18BB833061355F6.d.B63A8565BA0891E570F49914F47CD14F.e.304","ELEMENT":"f.C6BEDD6D30A87F60F18BB833061355F6.d.B63A8565BA0891E570F49914F47CD14F.e.304"}]}
COMMAND: POST /session/6cb315df952d16724b4cad26491b612d/execute/sync - {"script":"<script> [5351 bytes]","args":[{"element-6066-11e4-a52e-4f735466cecf":"f.C6BEDD6D30A87F60F18BB833061355F6.d.B63A8565BA0891E570F49914F47CD14F.e.304","ELEMENT":"f.C6BEDD6D30A87F60F18BB833061355F6.d.B63A8565BA0891E570F49914F47CD14F.e.304"}]}
COMMAND: GET /session/6cb315df952d16724b4cad26491b612d/screenshot - {}
RESULT: {"script":"<script> [5351 bytes]","args":[{"element-6066-11e4-a52e-4f735466cecf":"f.C6BEDD6D30A87F60F18BB833061355F6.d.B63A8565BA0891E570F49914F47CD14F.e.304","ELEMENT":"f.C6BEDD6D30A87F60F18BB833061355F6.d.B63A8565BA0891E570F49914F47CD14F.e.304"}]}
COMMAND: POST /session/6cb315df952d16724b4cad26491b612d/execute/sync - {"script":"<script> [8489 bytes]","args":[{"element-6066-11e4-a52e-4f735466cecf":"f.C6BEDD6D30A87F60F18BB833061355F6.d.B63A8565BA0891E570F49914F47CD14F.e.304","ELEMENT":"f.C6BEDD6D30A87F60F18BB833061355F6.d.B63A8565BA0891E570F49914F47CD14F.e.304"}]}
COMMAND: GET /session/6cb315df952d16724b4cad26491b612d/screenshot - {}
RESULT: {}
RESULT: {"script":"<script> [8489 bytes]","args":[{"element-6066-11e4-a52e-4f735466cecf":"f.C6BEDD6D30A87F60F18BB833061355F6.d.B63A8565BA0891E570F49914F47CD14F.e.304","ELEMENT":"f.C6BEDD6D30A87F60F18BB833061355F6.d.B63A8565BA0891E570F49914F47CD14F.e.304"}]}
COMMAND: POST /session/6cb315df952d16724b4cad26491b612d/execute/sync - {"script":"<script> [5351 bytes]","args":[{"element-6066-11e4-a52e-4f735466cecf":"f.C6BEDD6D30A87F60F18BB833061355F6.d.B63A8565BA0891E570F49914F47CD14F.e.304","ELEMENT":"f.C6BEDD6D30A87F60F18BB833061355F6.d.B63A8565BA0891E570F49914F47CD14F.e.304"}]}
COMMAND: GET /session/6cb315df952d16724b4cad26491b612d/screenshot - {}
RESULT: {}
RESULT: {"script":"<script> [5351 bytes]","args":[{"element-6066-11e4-a52e-4f735466cecf":"f.C6BEDD6D30A87F60F18BB833061355F6.d.B63A8565BA0891E570F49914F47CD14F.e.304","ELEMENT":"f.C6BEDD6D30A87F60F18BB833061355F6.d.B63A8565BA0891E570F49914F47CD14F.e.304"}]}
COMMAND: GET /session/6cb315df952d16724b4cad26491b612d/screenshot - {}
COMMAND: POST /session/6cb315df952d16724b4cad26491b612d/execute/sync - {"script":"<script> [8489 bytes]","args":[{"element-6066-11e4-a52e-4f735466cecf":"f.C6BEDD6D30A87F60F18BB833061355F6.d.B63A8565BA0891E570F49914F47CD14F.e.304","ELEMENT":"f.C6BEDD6D30A87F60F18BB833061355F6.d.B63A8565BA0891E570F49914F47CD14F.e.304"}]}
RESULT: {}
RESULT: {}
RESULT: {"script":"<script> [8489 bytes]","args":[{"element-6066-11e4-a52e-4f735466cecf":"f.C6BEDD6D30A87F60F18BB833061355F6.d.B63A8565BA0891E570F49914F47CD14F.e.304","ELEMENT":"f.C6BEDD6D30A87F60F18BB833061355F6.d.B63A8565BA0891E570F49914F47CD14F.e.304"}]}
COMMAND: POST /session/6cb315df952d16724b4cad26491b612d/execute/sync - {"script":"<script> [5351 bytes]","args":[{"element-6066-11e4-a52e-4f735466cecf":"f.C6BEDD6D30A87F60F18BB833061355F6.d.B63A8565BA0891E570F49914F47CD14F.e.304","ELEMENT":"f.C6BEDD6D30A87F60F18BB833061355F6.d.B63A8565BA0891E570F49914F47CD14F.e.304"}]}
COMMAND: GET /session/6cb315df952d16724b4cad26491b612d/screenshot - {}
RESULT: {"script":"<script> [5351 bytes]","args":[{"element-6066-11e4-a52e-4f735466cecf":"f.C6BEDD6D30A87F60F18BB833061355F6.d.B63A8565BA0891E570F49914F47CD14F.e.304","ELEMENT":"f.C6BEDD6D30A87F60F18BB833061355F6.d.B63A8565BA0891E570F49914F47CD14F.e.304"}]}
COMMAND: GET /session/6cb315df952d16724b4cad26491b612d/screenshot - {}
COMMAND: POST /session/6cb315df952d16724b4cad26491b612d/execute/sync - {"script":"<script> [8489 bytes]","args":[{"element-6066-11e4-a52e-4f735466cecf":"f.C6BEDD6D30A87F60F18BB833061355F6.d.B63A8565BA0891E570F49914F47CD14F.e.304","ELEMENT":"f.C6BEDD6D30A87F60F18BB833061355F6.d.B63A8565BA0891E570F49914F47CD14F.e.304"}]}
RESULT: {}
RESULT: {}
RESULT: {"script":"<script> [8489 bytes]","args":[{"element-6066-11e4-a52e-4f735466cecf":"f.C6BEDD6D30A87F60F18BB833061355F6.d.B63A8565BA0891E570F49914F47CD14F.e.304","ELEMENT":"f.C6BEDD6D30A87F60F18BB833061355F6.d.B63A8565BA0891E570F49914F47CD14F.e.304"}]}
COMMAND: POST /session/6cb315df952d16724b4cad26491b612d/execute/sync - {"script":"<script> [5351 bytes]","args":[{"element-6066-11e4-a52e-4f735466cecf":"f.C6BEDD6D30A87F60F18BB833061355F6.d.B63A8565BA0891E570F49914F47CD14F.e.304","ELEMENT":"f.C6BEDD6D30A87F60F18BB833061355F6.d.B63A8565BA0891E570F49914F47CD14F.e.304"}]}
COMMAND: GET /session/6cb315df952d16724b4cad26491b612d/screenshot - {}
RESULT: {"script":"<script> [5351 bytes]","args":[{"element-6066-11e4-a52e-4f735466cecf":"f.C6BEDD6D30A87F60F18BB833061355F6.d.B63A8565BA0891E570F49914F47CD14F.e.304","ELEMENT":"f.C6BEDD6D30A87F60F18BB833061355F6.d.B63A8565BA0891E570F49914F47CD14F.e.304"}]}
COMMAND: GET /session/6cb315df952d16724b4cad26491b612d/screenshot - {}
COMMAND: POST /session/6cb315df952d16724b4cad26491b612d/execute/sync - {"script":"<script> [8489 bytes]","args":[{"element-6066-11e4-a52e-4f735466cecf":"f.C6BEDD6D30A87F60F18BB833061355F6.d.B63A8565BA0891E570F49914F47CD14F.e.304","ELEMENT":"f.C6BEDD6D30A87F60F18BB833061355F6.d.B63A8565BA0891E570F49914F47CD14F.e.304"}]}
RESULT: {}
RESULT: {}
RESULT: {"script":"<script> [8489 bytes]","args":[{"element-6066-11e4-a52e-4f735466cecf":"f.C6BEDD6D30A87F60F18BB833061355F6.d.B63A8565BA0891E570F49914F47CD14F.e.304","ELEMENT":"f.C6BEDD6D30A87F60F18BB833061355F6.d.B63A8565BA0891E570F49914F47CD14F.e.304"}]}
COMMAND: POST /session/6cb315df952d16724b4cad26491b612d/execute/sync - {"script":"<script> [5351 bytes]","args":[{"element-6066-11e4-a52e-4f735466cecf":"f.C6BEDD6D30A87F60F18BB833061355F6.d.B63A8565BA0891E570F49914F47CD14F.e.304","ELEMENT":"f.C6BEDD6D30A87F60F18BB833061355F6.d.B63A8565BA0891E570F49914F47CD14F.e.304"}]}
COMMAND: GET /session/6cb315df952d16724b4cad26491b612d/screenshot - {}
RESULT: {"script":"<script> [5351 bytes]","args":[{"element-6066-11e4-a52e-4f735466cecf":"f.C6BEDD6D30A87F60F18BB833061355F6.d.B63A8565BA0891E570F49914F47CD14F.e.304","ELEMENT":"f.C6BEDD6D30A87F60F18BB833061355F6.d.B63A8565BA0891E570F49914F47CD14F.e.304"}]}
COMMAND: GET /session/6cb315df952d16724b4cad26491b612d/screenshot - {}
COMMAND: POST /session/6cb315df952d16724b4cad26491b612d/execute/sync - {"script":"<script> [8489 bytes]","args":[{"element-6066-11e4-a52e-4f735466cecf":"f.C6BEDD6D30A87F60F18BB833061355F6.d.B63A8565BA0891E570F49914F47CD14F.e.304","ELEMENT":"f.C6BEDD6D30A87F60F18BB833061355F6.d.B63A8565BA0891E570F49914F47CD14F.e.304"}]}
RESULT: {}
RESULT: {}
RESULT: {"script":"<script> [8489 bytes]","args":[{"element-6066-11e4-a52e-4f735466cecf":"f.C6BEDD6D30A87F60F18BB833061355F6.d.B63A8565BA0891E570F49914F47CD14F.e.304","ELEMENT":"f.C6BEDD6D30A87F60F18BB833061355F6.d.B63A8565BA0891E570F49914F47CD14F.e.304"}]}
COMMAND: POST /session/6cb315df952d16724b4cad26491b612d/execute/sync - {"script":"<script> [5351 bytes]","args":[{"element-6066-11e4-a52e-4f735466cecf":"f.C6BEDD6D30A87F60F18BB833061355F6.d.B63A8565BA0891E570F49914F47CD14F.e.304","ELEMENT":"f.C6BEDD6D30A87F60F18BB833061355F6.d.B63A8565BA0891E570F49914F47CD14F.e.304"}]}
COMMAND: GET /session/6cb315df952d16724b4cad26491b612d/screenshot - {}
RESULT: {"script":"<script> [5351 bytes]","args":[{"element-6066-11e4-a52e-4f735466cecf":"f.C6BEDD6D30A87F60F18BB833061355F6.d.B63A8565BA0891E570F49914F47CD14F.e.304","ELEMENT":"f.C6BEDD6D30A87F60F18BB833061355F6.d.B63A8565BA0891E570F49914F47CD14F.e.304"}]}
COMMAND: GET /session/6cb315df952d16724b4cad26491b612d/screenshot - {}
COMMAND: POST /session/6cb315df952d16724b4cad26491b612d/execute/sync - {"script":"<script> [8489 bytes]","args":[{"element-6066-11e4-a52e-4f735466cecf":"f.C6BEDD6D30A87F60F18BB833061355F6.d.B63A8565BA0891E570F49914F47CD14F.e.304","ELEMENT":"f.C6BEDD6D30A87F60F18BB833061355F6.d.B63A8565BA0891E570F49914F47CD14F.e.304"}]}
RESULT: {}
RESULT: {}
RESULT: {"script":"<script> [8489 bytes]","args":[{"element-6066-11e4-a52e-4f735466cecf":"f.C6BEDD6D30A87F60F18BB833061355F6.d.B63A8565BA0891E570F49914F47CD14F.e.304","ELEMENT":"f.C6BEDD6D30A87F60F18BB833061355F6.d.B63A8565BA0891E570F49914F47CD14F.e.304"}]}
COMMAND: POST /session/6cb315df952d16724b4cad26491b612d/execute/sync - {"script":"<script> [5351 bytes]","args":[{"element-6066-11e4-a52e-4f735466cecf":"f.C6BEDD6D30A87F60F18BB833061355F6.d.B63A8565BA0891E570F49914F47CD14F.e.304","ELEMENT":"f.C6BEDD6D30A87F60F18BB833061355F6.d.B63A8565BA0891E570F49914F47CD14F.e.304"}]}
COMMAND: GET /session/6cb315df952d16724b4cad26491b612d/screenshot - {}
RESULT: {"script":"<script> [5351 bytes]","args":[{"element-6066-11e4-a52e-4f735466cecf":"f.C6BEDD6D30A87F60F18BB833061355F6.d.B63A8565BA0891E570F49914F47CD14F.e.304","ELEMENT":"f.C6BEDD6D30A87F60F18BB833061355F6.d.B63A8565BA0891E570F49914F47CD14F.e.304"}]}
COMMAND: GET /session/6cb315df952d16724b4cad26491b612d/screenshot - {}
COMMAND: POST /session/6cb315df952d16724b4cad26491b612d/execute/sync - {"script":"<script> [8489 bytes]","args":[{"element-6066-11e4-a52e-4f735466cecf":"f.C6BEDD6D30A87F60F18BB833061355F6.d.B63A8565BA0891E570F49914F47CD14F.e.304","ELEMENT":"f.C6BEDD6D30A87F60F18BB833061355F6.d.B63A8565BA0891E570F49914F47CD14F.e.304"}]}
RESULT: {}
RESULT: {"script":"<script> [8489 bytes]","args":[{"element-6066-11e4-a52e-4f735466cecf":"f.C6BEDD6D30A87F60F18BB833061355F6.d.B63A8565BA0891E570F49914F47CD14F.e.304","ELEMENT":"f.C6BEDD6D30A87F60F18BB833061355F6.d.B63A8565BA0891E570F49914F47CD14F.e.304"}]}
COMMAND: POST /session/6cb315df952d16724b4cad26491b612d/execute/sync - {"script":"<script> [5351 bytes]","args":[{"element-6066-11e4-a52e-4f735466cecf":"f.C6BEDD6D30A87F60F18BB833061355F6.d.B63A8565BA0891E570F49914F47CD14F.e.304","ELEMENT":"f.C6BEDD6D30A87F60F18BB833061355F6.d.B63A8565BA0891E570F49914F47CD14F.e.304"}]}
COMMAND: GET /session/6cb315df952d16724b4cad26491b612d/screenshot - {}
RESULT: {}
RESULT: {"script":"<script> [5351 bytes]","args":[{"element-6066-11e4-a52e-4f735466cecf":"f.C6BEDD6D30A87F60F18BB833061355F6.d.B63A8565BA0891E570F49914F47CD14F.e.304","ELEMENT":"f.C6BEDD6D30A87F60F18BB833061355F6.d.B63A8565BA0891E570F49914F47CD14F.e.304"}]}
COMMAND: GET /session/6cb315df952d16724b4cad26491b612d/screenshot - {}
COMMAND: POST /session/6cb315df952d16724b4cad26491b612d/execute/sync - {"script":"<script> [8489 bytes]","args":[{"element-6066-11e4-a52e-4f735466cecf":"f.C6BEDD6D30A87F60F18BB833061355F6.d.B63A8565BA0891E570F49914F47CD14F.e.304","ELEMENT":"f.C6BEDD6D30A87F60F18BB833061355F6.d.B63A8565BA0891E570F49914F47CD14F.e.304"}]}
RESULT: {}
RESULT: {"script":"<script> [8489 bytes]","args":[{"element-6066-11e4-a52e-4f735466cecf":"f.C6BEDD6D30A87F60F18BB833061355F6.d.B63A8565BA0891E570F49914F47CD14F.e.304","ELEMENT":"f.C6BEDD6D30A87F60F18BB833061355F6.d.B63A8565BA0891E570F49914F47CD14F.e.304"}]}
COMMAND: POST /session/6cb315df952d16724b4cad26491b612d/execute/sync - {"script":"<script> [5351 bytes]","args":[{"element-6066-11e4-a52e-4f735466cecf":"f.C6BEDD6D30A87F60F18BB833061355F6.d.B63A8565BA0891E570F49914F47CD14F.e.304","ELEMENT":"f.C6BEDD6D30A87F60F18BB833061355F6.d.B63A8565BA0891E570F49914F47CD14F.e.304"}]}
COMMAND: GET /session/6cb315df952d16724b4cad26491b612d/screenshot - {}
RESULT: {}
RESULT: {"script":"<script> [5351 bytes]","args":[{"element-6066-11e4-a52e-4f735466cecf":"f.C6BEDD6D30A87F60F18BB833061355F6.d.B63A8565BA0891E570F49914F47CD14F.e.304","ELEMENT":"f.C6BEDD6D30A87F60F18BB833061355F6.d.B63A8565BA0891E570F49914F47CD14F.e.304"}]}
COMMAND: GET /session/6cb315df952d16724b4cad26491b612d/screenshot - {}
COMMAND: POST /session/6cb315df952d16724b4cad26491b612d/execute/sync - {"script":"<script> [8489 bytes]","args":[{"element-6066-11e4-a52e-4f735466cecf":"f.C6BEDD6D30A87F60F18BB833061355F6.d.B63A8565BA0891E570F49914F47CD14F.e.304","ELEMENT":"f.C6BEDD6D30A87F60F18BB833061355F6.d.B63A8565BA0891E570F49914F47CD14F.e.304"}]}
RESULT: {}
RESULT: {"script":"<script> [8489 bytes]","args":[{"element-6066-11e4-a52e-4f735466cecf":"f.C6BEDD6D30A87F60F18BB833061355F6.d.B63A8565BA0891E570F49914F47CD14F.e.304","ELEMENT":"f.C6BEDD6D30A87F60F18BB833061355F6.d.B63A8565BA0891E570F49914F47CD14F.e.304"}]}
COMMAND: POST /session/6cb315df952d16724b4cad26491b612d/execute/sync - {"script":"<script> [5351 bytes]","args":[{"element-6066-11e4-a52e-4f735466cecf":"f.C6BEDD6D30A87F60F18BB833061355F6.d.B63A8565BA0891E570F49914F47CD14F.e.304","ELEMENT":"f.C6BEDD6D30A87F60F18BB833061355F6.d.B63A8565BA0891E570F49914F47CD14F.e.304"}]}
COMMAND: GET /session/6cb315df952d16724b4cad26491b612d/screenshot - {}
RESULT: {}
RESULT: {"script":"<script> [5351 bytes]","args":[{"element-6066-11e4-a52e-4f735466cecf":"f.C6BEDD6D30A87F60F18BB833061355F6.d.B63A8565BA0891E570F49914F47CD14F.e.304","ELEMENT":"f.C6BEDD6D30A87F60F18BB833061355F6.d.B63A8565BA0891E570F49914F47CD14F.e.304"}]}
COMMAND: POST /session/6cb315df952d16724b4cad26491b612d/execute/sync - {"script":"<script> [8489 bytes]","args":[{"element-6066-11e4-a52e-4f735466cecf":"f.C6BEDD6D30A87F60F18BB833061355F6.d.B63A8565BA0891E570F49914F47CD14F.e.304","ELEMENT":"f.C6BEDD6D30A87F60F18BB833061355F6.d.B63A8565BA0891E570F49914F47CD14F.e.304"}]}
COMMAND: GET /session/6cb315df952d16724b4cad26491b612d/screenshot - {}
RESULT: {}
RESULT: {"script":"<script> [8489 bytes]","args":[{"element-6066-11e4-a52e-4f735466cecf":"f.C6BEDD6D30A87F60F18BB833061355F6.d.B63A8565BA0891E570F49914F47CD14F.e.304","ELEMENT":"f.C6BEDD6D30A87F60F18BB833061355F6.d.B63A8565BA0891E570F49914F47CD14F.e.304"}]}
COMMAND: POST /session/6cb315df952d16724b4cad26491b612d/execute/sync - {"script":"<script> [5351 bytes]","args":[{"element-6066-11e4-a52e-4f735466cecf":"f.C6BEDD6D30A87F60F18BB833061355F6.d.B63A8565BA0891E570F49914F47CD14F.e.304","ELEMENT":"f.C6BEDD6D30A87F60F18BB833061355F6.d.B63A8565BA0891E570F49914F47CD14F.e.304"}]}
COMMAND: GET /session/6cb315df952d16724b4cad26491b612d/screenshot - {}
RESULT: {}
RESULT: {"script":"<script> [5351 bytes]","args":[{"element-6066-11e4-a52e-4f735466cecf":"f.C6BEDD6D30A87F60F18BB833061355F6.d.B63A8565BA0891E570F49914F47CD14F.e.304","ELEMENT":"f.C6BEDD6D30A87F60F18BB833061355F6.d.B63A8565BA0891E570F49914F47CD14F.e.304"}]}
COMMAND: GET /session/6cb315df952d16724b4cad26491b612d/screenshot - {}
COMMAND: POST /session/6cb315df952d16724b4cad26491b612d/execute/sync - {"script":"<script> [8489 bytes]","args":[{"element-6066-11e4-a52e-4f735466cecf":"f.C6BEDD6D30A87F60F18BB833061355F6.d.B63A8565BA0891E570F49914F47CD14F.e.304","ELEMENT":"f.C6BEDD6D30A87F60F18BB833061355F6.d.B63A8565BA0891E570F49914F47CD14F.e.304"}]}
RESULT: {}
RESULT: {"script":"<script> [8489 bytes]","args":[{"element-6066-11e4-a52e-4f735466cecf":"f.C6BEDD6D30A87F60F18BB833061355F6.d.B63A8565BA0891E570F49914F47CD14F.e.304","ELEMENT":"f.C6BEDD6D30A87F60F18BB833061355F6.d.B63A8565BA0891E570F49914F47CD14F.e.304"}]}
COMMAND: POST /session/6cb315df952d16724b4cad26491b612d/execute/sync - {"script":"<script> [5351 bytes]","args":[{"element-6066-11e4-a52e-4f735466cecf":"f.C6BEDD6D30A87F60F18BB833061355F6.d.B63A8565BA0891E570F49914F47CD14F.e.304","ELEMENT":"f.C6BEDD6D30A87F60F18BB833061355F6.d.B63A8565BA0891E570F49914F47CD14F.e.304"}]}
COMMAND: GET /session/6cb315df952d16724b4cad26491b612d/screenshot - {}
RESULT: {}
RESULT: {"script":"<script> [5351 bytes]","args":[{"element-6066-11e4-a52e-4f735466cecf":"f.C6BEDD6D30A87F60F18BB833061355F6.d.B63A8565BA0891E570F49914F47CD14F.e.304","ELEMENT":"f.C6BEDD6D30A87F60F18BB833061355F6.d.B63A8565BA0891E570F49914F47CD14F.e.304"}]}
COMMAND: POST /session/6cb315df952d16724b4cad26491b612d/execute/sync - {"script":"<script> [8489 bytes]","args":[{"element-6066-11e4-a52e-4f735466cecf":"f.C6BEDD6D30A87F60F18BB833061355F6.d.B63A8565BA0891E570F49914F47CD14F.e.304","ELEMENT":"f.C6BEDD6D30A87F60F18BB833061355F6.d.B63A8565BA0891E570F49914F47CD14F.e.304"}]}
COMMAND: GET /session/6cb315df952d16724b4cad26491b612d/screenshot - {}
RESULT: {}
RESULT: {"script":"<script> [8489 bytes]","args":[{"element-6066-11e4-a52e-4f735466cecf":"f.C6BEDD6D30A87F60F18BB833061355F6.d.B63A8565BA0891E570F49914F47CD14F.e.304","ELEMENT":"f.C6BEDD6D30A87F60F18BB833061355F6.d.B63A8565BA0891E570F49914F47CD14F.e.304"}]}
COMMAND: POST /session/6cb315df952d16724b4cad26491b612d/execute/sync - {"script":"<script> [5351 bytes]","args":[{"element-6066-11e4-a52e-4f735466cecf":"f.C6BEDD6D30A87F60F18BB833061355F6.d.B63A8565BA0891E570F49914F47CD14F.e.304","ELEMENT":"f.C6BEDD6D30A87F60F18BB833061355F6.d.B63A8565BA0891E570F49914F47CD14F.e.304"}]}
COMMAND: GET /session/6cb315df952d16724b4cad26491b612d/screenshot - {}
RESULT: {}
RESULT: {}
RESULT: {"script":"<script> [5351 bytes]","args":[{"element-6066-11e4-a52e-4f735466cecf":"f.C6BEDD6D30A87F60F18BB833061355F6.d.B63A8565BA0891E570F49914F47CD14F.e.304","ELEMENT":"f.C6BEDD6D30A87F60F18BB833061355F6.d.B63A8565BA0891E570F49914F47CD14F.e.304"}]}
COMMAND: GET /session/6cb315df952d16724b4cad26491b612d/screenshot - {}
COMMAND: POST /session/6cb315df952d16724b4cad26491b612d/execute/sync - {"script":"<script> [8489 bytes]","args":[{"element-6066-11e4-a52e-4f735466cecf":"f.C6BEDD6D30A87F60F18BB833061355F6.d.B63A8565BA0891E570F49914F47CD14F.e.304","ELEMENT":"f.C6BEDD6D30A87F60F18BB833061355F6.d.B63A8565BA0891E570F49914F47CD14F.e.304"}]}
RESULT: {"script":"<script> [8489 bytes]","args":[{"element-6066-11e4-a52e-4f735466cecf":"f.C6BEDD6D30A87F60F18BB833061355F6.d.B63A8565BA0891E570F49914F47CD14F.e.304","ELEMENT":"f.C6BEDD6D30A87F60F18BB833061355F6.d.B63A8565BA0891E570F49914F47CD14F.e.304"}]}
COMMAND: POST /session/6cb315df952d16724b4cad26491b612d/execute/sync - {"script":"<script> [5351 bytes]","args":[{"element-6066-11e4-a52e-4f735466cecf":"f.C6BEDD6D30A87F60F18BB833061355F6.d.B63A8565BA0891E570F49914F47CD14F.e.304","ELEMENT":"f.C6BEDD6D30A87F60F18BB833061355F6.d.B63A8565BA0891E570F49914F47CD14F.e.304"}]}
COMMAND: GET /session/6cb315df952d16724b4cad26491b612d/screenshot - {}
RESULT: {}
RESULT: {"script":"<script> [5351 bytes]","args":[{"element-6066-11e4-a52e-4f735466cecf":"f.C6BEDD6D30A87F60F18BB833061355F6.d.B63A8565BA0891E570F49914F47CD14F.e.304","ELEMENT":"f.C6BEDD6D30A87F60F18BB833061355F6.d.B63A8565BA0891E570F49914F47CD14F.e.304"}]}
COMMAND: GET /session/6cb315df952d16724b4cad26491b612d/screenshot - {}
COMMAND: POST /session/6cb315df952d16724b4cad26491b612d/execute/sync - {"script":"<script> [8489 bytes]","args":[{"element-6066-11e4-a52e-4f735466cecf":"f.C6BEDD6D30A87F60F18BB833061355F6.d.B63A8565BA0891E570F49914F47CD14F.e.304","ELEMENT":"f.C6BEDD6D30A87F60F18BB833061355F6.d.B63A8565BA0891E570F49914F47CD14F.e.304"}]}
RESULT: {}
RESULT: {"script":"<script> [8489 bytes]","args":[{"element-6066-11e4-a52e-4f735466cecf":"f.C6BEDD6D30A87F60F18BB833061355F6.d.B63A8565BA0891E570F49914F47CD14F.e.304","ELEMENT":"f.C6BEDD6D30A87F60F18BB833061355F6.d.B63A8565BA0891E570F49914F47CD14F.e.304"}]}
COMMAND: POST /session/6cb315df952d16724b4cad26491b612d/execute/sync - {"script":"<script> [5351 bytes]","args":[{"element-6066-11e4-a52e-4f735466cecf":"f.C6BEDD6D30A87F60F18BB833061355F6.d.B63A8565BA0891E570F49914F47CD14F.e.304","ELEMENT":"f.C6BEDD6D30A87F60F18BB833061355F6.d.B63A8565BA0891E570F49914F47CD14F.e.304"}]}
COMMAND: GET /session/6cb315df952d16724b4cad26491b612d/screenshot - {}
RESULT: {}
RESULT: {"script":"<script> [5351 bytes]","args":[{"element-6066-11e4-a52e-4f735466cecf":"f.C6BEDD6D30A87F60F18BB833061355F6.d.B63A8565BA0891E570F49914F47CD14F.e.304","ELEMENT":"f.C6BEDD6D30A87F60F18BB833061355F6.d.B63A8565BA0891E570F49914F47CD14F.e.304"}]}
COMMAND: GET /session/6cb315df952d16724b4cad26491b612d/screenshot - {}
COMMAND: POST /session/6cb315df952d16724b4cad26491b612d/execute/sync - {"script":"<script> [8489 bytes]","args":[{"element-6066-11e4-a52e-4f735466cecf":"f.C6BEDD6D30A87F60F18BB833061355F6.d.B63A8565BA0891E570F49914F47CD14F.e.304","ELEMENT":"f.C6BEDD6D30A87F60F18BB833061355F6.d.B63A8565BA0891E570F49914F47CD14F.e.304"}]}
RESULT: {}
RESULT: {}
RESULT: {"script":"<script> [8489 bytes]","args":[{"element-6066-11e4-a52e-4f735466cecf":"f.C6BEDD6D30A87F60F18BB833061355F6.d.B63A8565BA0891E570F49914F47CD14F.e.304","ELEMENT":"f.C6BEDD6D30A87F60F18BB833061355F6.d.B63A8565BA0891E570F49914F47CD14F.e.304"}]}
COMMAND: POST /session/6cb315df952d16724b4cad26491b612d/execute/sync - {"script":"<script> [5351 bytes]","args":[{"element-6066-11e4-a52e-4f735466cecf":"f.C6BEDD6D30A87F60F18BB833061355F6.d.B63A8565BA0891E570F49914F47CD14F.e.304","ELEMENT":"f.C6BEDD6D30A87F60F18BB833061355F6.d.B63A8565BA0891E570F49914F47CD14F.e.304"}]}
COMMAND: GET /session/6cb315df952d16724b4cad26491b612d/screenshot - {}
RESULT: {"script":"<script> [5351 bytes]","args":[{"element-6066-11e4-a52e-4f735466cecf":"f.C6BEDD6D30A87F60F18BB833061355F6.d.B63A8565BA0891E570F49914F47CD14F.e.304","ELEMENT":"f.C6BEDD6D30A87F60F18BB833061355F6.d.B63A8565BA0891E570F49914F47CD14F.e.304"}]}
COMMAND: GET /session/6cb315df952d16724b4cad26491b612d/screenshot - {}
COMMAND: POST /session/6cb315df952d16724b4cad26491b612d/execute/sync - {"script":"<script> [8489 bytes]","args":[{"element-6066-11e4-a52e-4f735466cecf":"f.C6BEDD6D30A87F60F18BB833061355F6.d.B63A8565BA0891E570F49914F47CD14F.e.304","ELEMENT":"f.C6BEDD6D30A87F60F18BB833061355F6.d.B63A8565BA0891E570F49914F47CD14F.e.304"}]}
RESULT: {}
RESULT: {}
RESULT: {"script":"<script> [8489 bytes]","args":[{"element-6066-11e4-a52e-4f735466cecf":"f.C6BEDD6D30A87F60F18BB833061355F6.d.B63A8565BA0891E570F49914F47CD14F.e.304","ELEMENT":"f.C6BEDD6D30A87F60F18BB833061355F6.d.B63A8565BA0891E570F49914F47CD14F.e.304"}]}
COMMAND: POST /session/6cb315df952d16724b4cad26491b612d/execute/sync - {"script":"<script> [5351 bytes]","args":[{"element-6066-11e4-a52e-4f735466cecf":"f.C6BEDD6D30A87F60F18BB833061355F6.d.B63A8565BA0891E570F49914F47CD14F.e.304","ELEMENT":"f.C6BEDD6D30A87F60F18BB833061355F6.d.B63A8565BA0891E570F49914F47CD14F.e.304"}]}
COMMAND: GET /session/6cb315df952d16724b4cad26491b612d/screenshot - {}
RESULT: {"script":"<script> [5351 bytes]","args":[{"element-6066-11e4-a52e-4f735466cecf":"f.C6BEDD6D30A87F60F18BB833061355F6.d.B63A8565BA0891E570F49914F47CD14F.e.304","ELEMENT":"f.C6BEDD6D30A87F60F18BB833061355F6.d.B63A8565BA0891E570F49914F47CD14F.e.304"}]}
COMMAND: POST /session/6cb315df952d16724b4cad26491b612d/execute/sync - {"script":"<script> [8489 bytes]","args":[{"element-6066-11e4-a52e-4f735466cecf":"f.C6BEDD6D30A87F60F18BB833061355F6.d.B63A8565BA0891E570F49914F47CD14F.e.304","ELEMENT":"f.C6BEDD6D30A87F60F18BB833061355F6.d.B63A8565BA0891E570F49914F47CD14F.e.304"}]}
COMMAND: GET /session/6cb315df952d16724b4cad26491b612d/screenshot - {}
RESULT: {}
RESULT: {"script":"<script> [8489 bytes]","args":[{"element-6066-11e4-a52e-4f735466cecf":"f.C6BEDD6D30A87F60F18BB833061355F6.d.B63A8565BA0891E570F49914F47CD14F.e.304","ELEMENT":"f.C6BEDD6D30A87F60F18BB833061355F6.d.B63A8565BA0891E570F49914F47CD14F.e.304"}]}
COMMAND: POST /session/6cb315df952d16724b4cad26491b612d/execute/sync - {"script":"<script> [5351 bytes]","args":[{"element-6066-11e4-a52e-4f735466cecf":"f.C6BEDD6D30A87F60F18BB833061355F6.d.B63A8565BA0891E570F49914F47CD14F.e.304","ELEMENT":"f.C6BEDD6D30A87F60F18BB833061355F6.d.B63A8565BA0891E570F49914F47CD14F.e.304"}]}
COMMAND: GET /session/6cb315df952d16724b4cad26491b612d/screenshot - {}
RESULT: {}
RESULT: {"script":"<script> [5351 bytes]","args":[{"element-6066-11e4-a52e-4f735466cecf":"f.C6BEDD6D30A87F60F18BB833061355F6.d.B63A8565BA0891E570F49914F47CD14F.e.304","ELEMENT":"f.C6BEDD6D30A87F60F18BB833061355F6.d.B63A8565BA0891E570F49914F47CD14F.e.304"}]}
COMMAND: GET /session/6cb315df952d16724b4cad26491b612d/screenshot - {}
COMMAND: POST /session/6cb315df952d16724b4cad26491b612d/execute/sync - {"script":"<script> [8489 bytes]","args":[{"element-6066-11e4-a52e-4f735466cecf":"f.C6BEDD6D30A87F60F18BB833061355F6.d.B63A8565BA0891E570F49914F47CD14F.e.304","ELEMENT":"f.C6BEDD6D30A87F60F18BB833061355F6.d.B63A8565BA0891E570F49914F47CD14F.e.304"}]}
RESULT: {}
RESULT: {"script":"<script> [8489 bytes]","args":[{"element-6066-11e4-a52e-4f735466cecf":"f.C6BEDD6D30A87F60F18BB833061355F6.d.B63A8565BA0891E570F49914F47CD14F.e.304","ELEMENT":"f.C6BEDD6D30A87F60F18BB833061355F6.d.B63A8565BA0891E570F49914F47CD14F.e.304"}]}
COMMAND: POST /session/6cb315df952d16724b4cad26491b612d/execute/sync - {"script":"<script> [5351 bytes]","args":[{"element-6066-11e4-a52e-4f735466cecf":"f.C6BEDD6D30A87F60F18BB833061355F6.d.B63A8565BA0891E570F49914F47CD14F.e.304","ELEMENT":"f.C6BEDD6D30A87F60F18BB833061355F6.d.B63A8565BA0891E570F49914F47CD14F.e.304"}]}
COMMAND: GET /session/6cb315df952d16724b4cad26491b612d/screenshot - {}
RESULT: {}
RESULT: {"script":"<script> [5351 bytes]","args":[{"element-6066-11e4-a52e-4f735466cecf":"f.C6BEDD6D30A87F60F18BB833061355F6.d.B63A8565BA0891E570F49914F47CD14F.e.304","ELEMENT":"f.C6BEDD6D30A87F60F18BB833061355F6.d.B63A8565BA0891E570F49914F47CD14F.e.304"}]}
COMMAND: GET /session/6cb315df952d16724b4cad26491b612d/screenshot - {}
COMMAND: POST /session/6cb315df952d16724b4cad26491b612d/execute/sync - {"script":"<script> [8489 bytes]","args":[{"element-6066-11e4-a52e-4f735466cecf":"f.C6BEDD6D30A87F60F18BB833061355F6.d.B63A8565BA0891E570F49914F47CD14F.e.304","ELEMENT":"f.C6BEDD6D30A87F60F18BB833061355F6.d.B63A8565BA0891E570F49914F47CD14F.e.304"}]}
RESULT: {}
RESULT: {}
RESULT: {"script":"<script> [8489 bytes]","args":[{"element-6066-11e4-a52e-4f735466cecf":"f.C6BEDD6D30A87F60F18BB833061355F6.d.B63A8565BA0891E570F49914F47CD14F.e.304","ELEMENT":"f.C6BEDD6D30A87F60F18BB833061355F6.d.B63A8565BA0891E570F49914F47CD14F.e.304"}]}
COMMAND: POST /session/6cb315df952d16724b4cad26491b612d/execute/sync - {"script":"<script> [5351 bytes]","args":[{"element-6066-11e4-a52e-4f735466cecf":"f.C6BEDD6D30A87F60F18BB833061355F6.d.B63A8565BA0891E570F49914F47CD14F.e.304","ELEMENT":"f.C6BEDD6D30A87F60F18BB833061355F6.d.B63A8565BA0891E570F49914F47CD14F.e.304"}]}
COMMAND: GET /session/6cb315df952d16724b4cad26491b612d/screenshot - {}
RESULT: {"script":"<script> [5351 bytes]","args":[{"element-6066-11e4-a52e-4f735466cecf":"f.C6BEDD6D30A87F60F18BB833061355F6.d.B63A8565BA0891E570F49914F47CD14F.e.304","ELEMENT":"f.C6BEDD6D30A87F60F18BB833061355F6.d.B63A8565BA0891E570F49914F47CD14F.e.304"}]}
COMMAND: GET /session/6cb315df952d16724b4cad26491b612d/screenshot - {}
COMMAND: POST /session/6cb315df952d16724b4cad26491b612d/execute/sync - {"script":"<script> [8489 bytes]","args":[{"element-6066-11e4-a52e-4f735466cecf":"f.C6BEDD6D30A87F60F18BB833061355F6.d.B63A8565BA0891E570F49914F47CD14F.e.304","ELEMENT":"f.C6BEDD6D30A87F60F18BB833061355F6.d.B63A8565BA0891E570F49914F47CD14F.e.304"}]}
RESULT: {}
RESULT: {}
RESULT: {"script":"<script> [8489 bytes]","args":[{"element-6066-11e4-a52e-4f735466cecf":"f.C6BEDD6D30A87F60F18BB833061355F6.d.B63A8565BA0891E570F49914F47CD14F.e.304","ELEMENT":"f.C6BEDD6D30A87F60F18BB833061355F6.d.B63A8565BA0891E570F49914F47CD14F.e.304"}]}
COMMAND: POST /session/6cb315df952d16724b4cad26491b612d/execute/sync - {"script":"<script> [5351 bytes]","args":[{"element-6066-11e4-a52e-4f735466cecf":"f.C6BEDD6D30A87F60F18BB833061355F6.d.B63A8565BA0891E570F49914F47CD14F.e.304","ELEMENT":"f.C6BEDD6D30A87F60F18BB833061355F6.d.B63A8565BA0891E570F49914F47CD14F.e.304"}]}
COMMAND: GET /session/6cb315df952d16724b4cad26491b612d/screenshot - {}
RESULT: {"script":"<script> [5351 bytes]","args":[{"element-6066-11e4-a52e-4f735466cecf":"f.C6BEDD6D30A87F60F18BB833061355F6.d.B63A8565BA0891E570F49914F47CD14F.e.304","ELEMENT":"f.C6BEDD6D30A87F60F18BB833061355F6.d.B63A8565BA0891E570F49914F47CD14F.e.304"}]}
COMMAND: GET /session/6cb315df952d16724b4cad26491b612d/screenshot - {}
COMMAND: POST /session/6cb315df952d16724b4cad26491b612d/execute/sync - {"script":"<script> [8489 bytes]","args":[{"element-6066-11e4-a52e-4f735466cecf":"f.C6BEDD6D30A87F60F18BB833061355F6.d.B63A8565BA0891E570F49914F47CD14F.e.304","ELEMENT":"f.C6BEDD6D30A87F60F18BB833061355F6.d.B63A8565BA0891E570F49914F47CD14F.e.304"}]}
RESULT: {}
RESULT: {}
RESULT: {"script":"<script> [8489 bytes]","args":[{"element-6066-11e4-a52e-4f735466cecf":"f.C6BEDD6D30A87F60F18BB833061355F6.d.B63A8565BA0891E570F49914F47CD14F.e.304","ELEMENT":"f.C6BEDD6D30A87F60F18BB833061355F6.d.B63A8565BA0891E570F49914F47CD14F.e.304"}]}
COMMAND: POST /session/6cb315df952d16724b4cad26491b612d/execute/sync - {"script":"<script> [5351 bytes]","args":[{"element-6066-11e4-a52e-4f735466cecf":"f.C6BEDD6D30A87F60F18BB833061355F6.d.B63A8565BA0891E570F49914F47CD14F.e.304","ELEMENT":"f.C6BEDD6D30A87F60F18BB833061355F6.d.B63A8565BA0891E570F49914F47CD14F.e.304"}]}
COMMAND: GET /session/6cb315df952d16724b4cad26491b612d/screenshot - {}
RESULT: {"script":"<script> [5351 bytes]","args":[{"element-6066-11e4-a52e-4f735466cecf":"f.C6BEDD6D30A87F60F18BB833061355F6.d.B63A8565BA0891E570F49914F47CD14F.e.304","ELEMENT":"f.C6BEDD6D30A87F60F18BB833061355F6.d.B63A8565BA0891E570F49914F47CD14F.e.304"}]}
COMMAND: POST /session/6cb315df952d16724b4cad26491b612d/execute/sync - {"script":"<script> [8489 bytes]","args":[{"element-6066-11e4-a52e-4f735466cecf":"f.C6BEDD6D30A87F60F18BB833061355F6.d.B63A8565BA0891E570F49914F47CD14F.e.304","ELEMENT":"f.C6BEDD6D30A87F60F18BB833061355F6.d.B63A8565BA0891E570F49914F47CD14F.e.304"}]}
COMMAND: GET /session/6cb315df952d16724b4cad26491b612d/screenshot - {}
RESULT: {}
RESULT: {"script":"<script> [8489 bytes]","args":[{"element-6066-11e4-a52e-4f735466cecf":"f.C6BEDD6D30A87F60F18BB833061355F6.d.B63A8565BA0891E570F49914F47CD14F.e.304","ELEMENT":"f.C6BEDD6D30A87F60F18BB833061355F6.d.B63A8565BA0891E570F49914F47CD14F.e.304"}]}
COMMAND: POST /session/6cb315df952d16724b4cad26491b612d/execute/sync - {"script":"<script> [5351 bytes]","args":[{"element-6066-11e4-a52e-4f735466cecf":"f.C6BEDD6D30A87F60F18BB833061355F6.d.B63A8565BA0891E570F49914F47CD14F.e.304","ELEMENT":"f.C6BEDD6D30A87F60F18BB833061355F6.d.B63A8565BA0891E570F49914F47CD14F.e.304"}]}
COMMAND: GET /session/6cb315df952d16724b4cad26491b612d/screenshot - {}
RESULT: {}
RESULT: {"script":"<script> [5351 bytes]","args":[{"element-6066-11e4-a52e-4f735466cecf":"f.C6BEDD6D30A87F60F18BB833061355F6.d.B63A8565BA0891E570F49914F47CD14F.e.304","ELEMENT":"f.C6BEDD6D30A87F60F18BB833061355F6.d.B63A8565BA0891E570F49914F47CD14F.e.304"}]}
COMMAND: GET /session/6cb315df952d16724b4cad26491b612d/screenshot - {}
COMMAND: POST /session/6cb315df952d16724b4cad26491b612d/execute/sync - {"script":"<script> [8489 bytes]","args":[{"element-6066-11e4-a52e-4f735466cecf":"f.C6BEDD6D30A87F60F18BB833061355F6.d.B63A8565BA0891E570F49914F47CD14F.e.304","ELEMENT":"f.C6BEDD6D30A87F60F18BB833061355F6.d.B63A8565BA0891E570F49914F47CD14F.e.304"}]}
RESULT: {}
RESULT: {}
RESULT: {"script":"<script> [8489 bytes]","args":[{"element-6066-11e4-a52e-4f735466cecf":"f.C6BEDD6D30A87F60F18BB833061355F6.d.B63A8565BA0891E570F49914F47CD14F.e.304","ELEMENT":"f.C6BEDD6D30A87F60F18BB833061355F6.d.B63A8565BA0891E570F49914F47CD14F.e.304"}]}
COMMAND: POST /session/6cb315df952d16724b4cad26491b612d/execute/sync - {"script":"<script> [5351 bytes]","args":[{"element-6066-11e4-a52e-4f735466cecf":"f.C6BEDD6D30A87F60F18BB833061355F6.d.B63A8565BA0891E570F49914F47CD14F.e.304","ELEMENT":"f.C6BEDD6D30A87F60F18BB833061355F6.d.B63A8565BA0891E570F49914F47CD14F.e.304"}]}
COMMAND: GET /session/6cb315df952d16724b4cad26491b612d/screenshot - {}
RESULT: {}
RESULT: {"script":"<script> [5351 bytes]","args":[{"element-6066-11e4-a52e-4f735466cecf":"f.C6BEDD6D30A87F60F18BB833061355F6.d.B63A8565BA0891E570F49914F47CD14F.e.304","ELEMENT":"f.C6BEDD6D30A87F60F18BB833061355F6.d.B63A8565BA0891E570F49914F47CD14F.e.304"}]}
COMMAND: POST /session/6cb315df952d16724b4cad26491b612d/execute/sync - {"script":"<script> [8489 bytes]","args":[{"element-6066-11e4-a52e-4f735466cecf":"f.C6BEDD6D30A87F60F18BB833061355F6.d.B63A8565BA0891E570F49914F47CD14F.e.304","ELEMENT":"f.C6BEDD6D30A87F60F18BB833061355F6.d.B63A8565BA0891E570F49914F47CD14F.e.304"}]}
COMMAND: GET /session/6cb315df952d16724b4cad26491b612d/screenshot - {}
RESULT: {"script":"<script> [8489 bytes]","args":[{"element-6066-11e4-a52e-4f735466cecf":"f.C6BEDD6D30A87F60F18BB833061355F6.d.B63A8565BA0891E570F49914F47CD14F.e.304","ELEMENT":"f.C6BEDD6D30A87F60F18BB833061355F6.d.B63A8565BA0891E570F49914F47CD14F.e.304"}]}
COMMAND: POST /session/6cb315df952d16724b4cad26491b612d/execute/sync - {"script":"<script> [5351 bytes]","args":[{"element-6066-11e4-a52e-4f735466cecf":"f.C6BEDD6D30A87F60F18BB833061355F6.d.B63A8565BA0891E570F49914F47CD14F.e.304","ELEMENT":"f.C6BEDD6D30A87F60F18BB833061355F6.d.B63A8565BA0891E570F49914F47CD14F.e.304"}]}
COMMAND: GET /session/6cb315df952d16724b4cad26491b612d/screenshot - {}
RESULT: {}
RESULT: {"script":"<script> [5351 bytes]","args":[{"element-6066-11e4-a52e-4f735466cecf":"f.C6BEDD6D30A87F60F18BB833061355F6.d.B63A8565BA0891E570F49914F47CD14F.e.304","ELEMENT":"f.C6BEDD6D30A87F60F18BB833061355F6.d.B63A8565BA0891E570F49914F47CD14F.e.304"}]}
COMMAND: GET /session/6cb315df952d16724b4cad26491b612d/screenshot - {}
COMMAND: POST /session/6cb315df952d16724b4cad26491b612d/execute/sync - {"script":"<script> [8489 bytes]","args":[{"element-6066-11e4-a52e-4f735466cecf":"f.C6BEDD6D30A87F60F18BB833061355F6.d.B63A8565BA0891E570F49914F47CD14F.e.304","ELEMENT":"f.C6BEDD6D30A87F60F18BB833061355F6.d.B63A8565BA0891E570F49914F47CD14F.e.304"}]}
RESULT: {}
RESULT: {}
RESULT: {"script":"<script> [8489 bytes]","args":[{"element-6066-11e4-a52e-4f735466cecf":"f.C6BEDD6D30A87F60F18BB833061355F6.d.B63A8565BA0891E570F49914F47CD14F.e.304","ELEMENT":"f.C6BEDD6D30A87F60F18BB833061355F6.d.B63A8565BA0891E570F49914F47CD14F.e.304"}]}
COMMAND: POST /session/6cb315df952d16724b4cad26491b612d/execute/sync - {"script":"<script> [5351 bytes]","args":[{"element-6066-11e4-a52e-4f735466cecf":"f.C6BEDD6D30A87F60F18BB833061355F6.d.B63A8565BA0891E570F49914F47CD14F.e.304","ELEMENT":"f.C6BEDD6D30A87F60F18BB833061355F6.d.B63A8565BA0891E570F49914F47CD14F.e.304"}]}
COMMAND: GET /session/6cb315df952d16724b4cad26491b612d/screenshot - {}
RESULT: {"script":"<script> [5351 bytes]","args":[{"element-6066-11e4-a52e-4f735466cecf":"f.C6BEDD6D30A87F60F18BB833061355F6.d.B63A8565BA0891E570F49914F47CD14F.e.304","ELEMENT":"f.C6BEDD6D30A87F60F18BB833061355F6.d.B63A8565BA0891E570F49914F47CD14F.e.304"}]}
COMMAND: GET /session/6cb315df952d16724b4cad26491b612d/screenshot - {}
COMMAND: POST /session/6cb315df952d16724b4cad26491b612d/execute/sync - {"script":"<script> [8489 bytes]","args":[{"element-6066-11e4-a52e-4f735466cecf":"f.C6BEDD6D30A87F60F18BB833061355F6.d.B63A8565BA0891E570F49914F47CD14F.e.304","ELEMENT":"f.C6BEDD6D30A87F60F18BB833061355F6.d.B63A8565BA0891E570F49914F47CD14F.e.304"}]}
RESULT: {}
COMMAND: GET /session/6cb315df952d16724b4cad26491b612d/screenshot - {}
RESULT: {}
RESULT: {"script":"<script> [8489 bytes]","args":[{"element-6066-11e4-a52e-4f735466cecf":"f.C6BEDD6D30A87F60F18BB833061355F6.d.B63A8565BA0891E570F49914F47CD14F.e.304","ELEMENT":"f.C6BEDD6D30A87F60F18BB833061355F6.d.B63A8565BA0891E570F49914F47CD14F.e.304"}]}
COMMAND: POST /session/6cb315df952d16724b4cad26491b612d/execute/sync - {"script":"<script> [5351 bytes]","args":[{"element-6066-11e4-a52e-4f735466cecf":"f.C6BEDD6D30A87F60F18BB833061355F6.d.B63A8565BA0891E570F49914F47CD14F.e.304","ELEMENT":"f.C6BEDD6D30A87F60F18BB833061355F6.d.B63A8565BA0891E570F49914F47CD14F.e.304"}]}
COMMAND: GET /session/6cb315df952d16724b4cad26491b612d/screenshot - {}
RESULT: {}
]]></system-out>
      <system-err><![CDATA[
Error: element ("//button[@data-kt="addNewYardOverflowToolbarButton"]") still not clickable after 45000ms
    at async UtilsPrerequisites.yardCreation (D:\a\1\s\test\specs\BTS\prerequisites-and-utils-functions.js:54:9)
    at async Context.<anonymous> (D:\a\1\s\test\specs\BTS\manage-partners.spec.js:18:41)
]]></system-err>
    </testcase>
    <testcase classname="chrome.136_0_7103_49.windows.Partner_specific_tests_US150819_US151080_US151654_US151176_US103444_US151078_US151079_US151109_US151174_US151175_US151189" name="Should create a new yard prerequisite" time="57.437">
      <skipped />
      <system-out><![CDATA[
COMMAND: POST /session/6cb315df952d16724b4cad26491b612d/window/fullscreen - {}
RESULT: {"script":"<script> [5351 bytes]","args":[{"element-6066-11e4-a52e-4f735466cecf":"f.C6BEDD6D30A87F60F18BB833061355F6.d.B63A8565BA0891E570F49914F47CD14F.e.304","ELEMENT":"f.C6BEDD6D30A87F60F18BB833061355F6.d.B63A8565BA0891E570F49914F47CD14F.e.304"}]}
COMMAND: GET /session/6cb315df952d16724b4cad26491b612d/screenshot - {}
RESULT: {}
RESULT: {}
COMMAND: POST /session/6cb315df952d16724b4cad26491b612d/element - {"using":"xpath","value":"//li[.//span[text()=\"Manage Partners\"]]"}
RESULT: {}
RESULT: {"using":"xpath","value":"//li[.//span[text()=\"Manage Partners\"]]"}
COMMAND: POST /session/6cb315df952d16724b4cad26491b612d/element - {"using":"xpath","value":"//li[.//span[text()=\"Manage Partners\"]]"}
RESULT: {"using":"xpath","value":"//li[.//span[text()=\"Manage Partners\"]]"}
COMMAND: POST /session/6cb315df952d16724b4cad26491b612d/element - {"using":"css selector","value":"#shell-header-logo"}
RESULT: {"using":"css selector","value":"#shell-header-logo"}
COMMAND: POST /session/6cb315df952d16724b4cad26491b612d/element/f.C6BEDD6D30A87F60F18BB833061355F6.d.B63A8565BA0891E570F49914F47CD14F.e.270/click - {}
COMMAND: POST /session/6cb315df952d16724b4cad26491b612d/execute/sync - {"script":"<script> [8489 bytes]","args":[{"element-6066-11e4-a52e-4f735466cecf":"f.C6BEDD6D30A87F60F18BB833061355F6.d.B63A8565BA0891E570F49914F47CD14F.e.270","ELEMENT":"f.C6BEDD6D30A87F60F18BB833061355F6.d.B63A8565BA0891E570F49914F47CD14F.e.270"}]}
RESULT: {"script":"<script> [8489 bytes]","args":[{"element-6066-11e4-a52e-4f735466cecf":"f.C6BEDD6D30A87F60F18BB833061355F6.d.B63A8565BA0891E570F49914F47CD14F.e.270","ELEMENT":"f.C6BEDD6D30A87F60F18BB833061355F6.d.B63A8565BA0891E570F49914F47CD14F.e.270"}]}
COMMAND: POST /session/6cb315df952d16724b4cad26491b612d/execute/sync - {"script":"<script> [5351 bytes]","args":[{"element-6066-11e4-a52e-4f735466cecf":"f.C6BEDD6D30A87F60F18BB833061355F6.d.B63A8565BA0891E570F49914F47CD14F.e.270","ELEMENT":"f.C6BEDD6D30A87F60F18BB833061355F6.d.B63A8565BA0891E570F49914F47CD14F.e.270"}]}
COMMAND: GET /session/6cb315df952d16724b4cad26491b612d/screenshot - {}
RESULT: {"script":"<script> [5351 bytes]","args":[{"element-6066-11e4-a52e-4f735466cecf":"f.C6BEDD6D30A87F60F18BB833061355F6.d.B63A8565BA0891E570F49914F47CD14F.e.270","ELEMENT":"f.C6BEDD6D30A87F60F18BB833061355F6.d.B63A8565BA0891E570F49914F47CD14F.e.270"}]}
COMMAND: GET /session/6cb315df952d16724b4cad26491b612d/screenshot - {}
RESULT: {}
RESULT: {}
RESULT: undefined
COMMAND: POST /session/6cb315df952d16724b4cad26491b612d/element - {"using":"xpath","value":"//*[@id=\"__tile41\"]"}
RESULT: {"using":"xpath","value":"//*[@id=\"__tile41\"]"}
COMMAND: POST /session/6cb315df952d16724b4cad26491b612d/element/f.C6BEDD6D30A87F60F18BB833061355F6.d.B63A8565BA0891E570F49914F47CD14F.e.167/click - {}
COMMAND: POST /session/6cb315df952d16724b4cad26491b612d/element - {"using":"xpath","value":"//button[@data-kt=\"addNewYardOverflowToolbarButton\"]"}
RESULT: {"using":"xpath","value":"//button[@data-kt=\"addNewYardOverflowToolbarButton\"]"}
COMMAND: POST /session/6cb315df952d16724b4cad26491b612d/elements - {"using":"xpath","value":"//button[@data-kt=\"addNewYardOverflowToolbarButton\"]"}
RESULT: {"using":"xpath","value":"//button[@data-kt=\"addNewYardOverflowToolbarButton\"]"}
COMMAND: POST /session/6cb315df952d16724b4cad26491b612d/execute/sync - {"script":"<script> [8489 bytes]","args":[{"element-6066-11e4-a52e-4f735466cecf":"f.C6BEDD6D30A87F60F18BB833061355F6.d.B63A8565BA0891E570F49914F47CD14F.e.304","ELEMENT":"f.C6BEDD6D30A87F60F18BB833061355F6.d.B63A8565BA0891E570F49914F47CD14F.e.304"}]}
RESULT: {"script":"<script> [8489 bytes]","args":[{"element-6066-11e4-a52e-4f735466cecf":"f.C6BEDD6D30A87F60F18BB833061355F6.d.B63A8565BA0891E570F49914F47CD14F.e.304","ELEMENT":"f.C6BEDD6D30A87F60F18BB833061355F6.d.B63A8565BA0891E570F49914F47CD14F.e.304"}]}
COMMAND: GET /session/6cb315df952d16724b4cad26491b612d/element/f.C6BEDD6D30A87F60F18BB833061355F6.d.B63A8565BA0891E570F49914F47CD14F.e.304/enabled - {}
COMMAND: GET /session/6cb315df952d16724b4cad26491b612d/screenshot - {}
RESULT: {}
COMMAND: POST /session/6cb315df952d16724b4cad26491b612d/execute/sync - {"script":"<script> [8489 bytes]","args":[{"element-6066-11e4-a52e-4f735466cecf":"f.C6BEDD6D30A87F60F18BB833061355F6.d.B63A8565BA0891E570F49914F47CD14F.e.304","ELEMENT":"f.C6BEDD6D30A87F60F18BB833061355F6.d.B63A8565BA0891E570F49914F47CD14F.e.304"}]}
COMMAND: GET /session/6cb315df952d16724b4cad26491b612d/screenshot - {}
RESULT: {}
RESULT: {"script":"<script> [8489 bytes]","args":[{"element-6066-11e4-a52e-4f735466cecf":"f.C6BEDD6D30A87F60F18BB833061355F6.d.B63A8565BA0891E570F49914F47CD14F.e.304","ELEMENT":"f.C6BEDD6D30A87F60F18BB833061355F6.d.B63A8565BA0891E570F49914F47CD14F.e.304"}]}
COMMAND: POST /session/6cb315df952d16724b4cad26491b612d/execute/sync - {"script":"<script> [5351 bytes]","args":[{"element-6066-11e4-a52e-4f735466cecf":"f.C6BEDD6D30A87F60F18BB833061355F6.d.B63A8565BA0891E570F49914F47CD14F.e.304","ELEMENT":"f.C6BEDD6D30A87F60F18BB833061355F6.d.B63A8565BA0891E570F49914F47CD14F.e.304"}]}
COMMAND: GET /session/6cb315df952d16724b4cad26491b612d/screenshot - {}
RESULT: {}
RESULT: {"script":"<script> [5351 bytes]","args":[{"element-6066-11e4-a52e-4f735466cecf":"f.C6BEDD6D30A87F60F18BB833061355F6.d.B63A8565BA0891E570F49914F47CD14F.e.304","ELEMENT":"f.C6BEDD6D30A87F60F18BB833061355F6.d.B63A8565BA0891E570F49914F47CD14F.e.304"}]}
COMMAND: GET /session/6cb315df952d16724b4cad26491b612d/screenshot - {}
COMMAND: POST /session/6cb315df952d16724b4cad26491b612d/execute/sync - {"script":"<script> [8489 bytes]","args":[{"element-6066-11e4-a52e-4f735466cecf":"f.C6BEDD6D30A87F60F18BB833061355F6.d.B63A8565BA0891E570F49914F47CD14F.e.304","ELEMENT":"f.C6BEDD6D30A87F60F18BB833061355F6.d.B63A8565BA0891E570F49914F47CD14F.e.304"}]}
RESULT: {}
RESULT: {}
RESULT: {"script":"<script> [8489 bytes]","args":[{"element-6066-11e4-a52e-4f735466cecf":"f.C6BEDD6D30A87F60F18BB833061355F6.d.B63A8565BA0891E570F49914F47CD14F.e.304","ELEMENT":"f.C6BEDD6D30A87F60F18BB833061355F6.d.B63A8565BA0891E570F49914F47CD14F.e.304"}]}
COMMAND: POST /session/6cb315df952d16724b4cad26491b612d/execute/sync - {"script":"<script> [5351 bytes]","args":[{"element-6066-11e4-a52e-4f735466cecf":"f.C6BEDD6D30A87F60F18BB833061355F6.d.B63A8565BA0891E570F49914F47CD14F.e.304","ELEMENT":"f.C6BEDD6D30A87F60F18BB833061355F6.d.B63A8565BA0891E570F49914F47CD14F.e.304"}]}
COMMAND: GET /session/6cb315df952d16724b4cad26491b612d/screenshot - {}
RESULT: {"script":"<script> [5351 bytes]","args":[{"element-6066-11e4-a52e-4f735466cecf":"f.C6BEDD6D30A87F60F18BB833061355F6.d.B63A8565BA0891E570F49914F47CD14F.e.304","ELEMENT":"f.C6BEDD6D30A87F60F18BB833061355F6.d.B63A8565BA0891E570F49914F47CD14F.e.304"}]}
COMMAND: GET /session/6cb315df952d16724b4cad26491b612d/screenshot - {}
COMMAND: POST /session/6cb315df952d16724b4cad26491b612d/execute/sync - {"script":"<script> [8489 bytes]","args":[{"element-6066-11e4-a52e-4f735466cecf":"f.C6BEDD6D30A87F60F18BB833061355F6.d.B63A8565BA0891E570F49914F47CD14F.e.304","ELEMENT":"f.C6BEDD6D30A87F60F18BB833061355F6.d.B63A8565BA0891E570F49914F47CD14F.e.304"}]}
RESULT: {}
RESULT: {}
RESULT: {"script":"<script> [8489 bytes]","args":[{"element-6066-11e4-a52e-4f735466cecf":"f.C6BEDD6D30A87F60F18BB833061355F6.d.B63A8565BA0891E570F49914F47CD14F.e.304","ELEMENT":"f.C6BEDD6D30A87F60F18BB833061355F6.d.B63A8565BA0891E570F49914F47CD14F.e.304"}]}
COMMAND: POST /session/6cb315df952d16724b4cad26491b612d/execute/sync - {"script":"<script> [5351 bytes]","args":[{"element-6066-11e4-a52e-4f735466cecf":"f.C6BEDD6D30A87F60F18BB833061355F6.d.B63A8565BA0891E570F49914F47CD14F.e.304","ELEMENT":"f.C6BEDD6D30A87F60F18BB833061355F6.d.B63A8565BA0891E570F49914F47CD14F.e.304"}]}
COMMAND: GET /session/6cb315df952d16724b4cad26491b612d/screenshot - {}
RESULT: {"script":"<script> [5351 bytes]","args":[{"element-6066-11e4-a52e-4f735466cecf":"f.C6BEDD6D30A87F60F18BB833061355F6.d.B63A8565BA0891E570F49914F47CD14F.e.304","ELEMENT":"f.C6BEDD6D30A87F60F18BB833061355F6.d.B63A8565BA0891E570F49914F47CD14F.e.304"}]}
COMMAND: POST /session/6cb315df952d16724b4cad26491b612d/execute/sync - {"script":"<script> [8489 bytes]","args":[{"element-6066-11e4-a52e-4f735466cecf":"f.C6BEDD6D30A87F60F18BB833061355F6.d.B63A8565BA0891E570F49914F47CD14F.e.304","ELEMENT":"f.C6BEDD6D30A87F60F18BB833061355F6.d.B63A8565BA0891E570F49914F47CD14F.e.304"}]}
COMMAND: GET /session/6cb315df952d16724b4cad26491b612d/screenshot - {}
RESULT: {}
RESULT: {"script":"<script> [8489 bytes]","args":[{"element-6066-11e4-a52e-4f735466cecf":"f.C6BEDD6D30A87F60F18BB833061355F6.d.B63A8565BA0891E570F49914F47CD14F.e.304","ELEMENT":"f.C6BEDD6D30A87F60F18BB833061355F6.d.B63A8565BA0891E570F49914F47CD14F.e.304"}]}
COMMAND: POST /session/6cb315df952d16724b4cad26491b612d/execute/sync - {"script":"<script> [5351 bytes]","args":[{"element-6066-11e4-a52e-4f735466cecf":"f.C6BEDD6D30A87F60F18BB833061355F6.d.B63A8565BA0891E570F49914F47CD14F.e.304","ELEMENT":"f.C6BEDD6D30A87F60F18BB833061355F6.d.B63A8565BA0891E570F49914F47CD14F.e.304"}]}
COMMAND: GET /session/6cb315df952d16724b4cad26491b612d/screenshot - {}
RESULT: {}
RESULT: {"script":"<script> [5351 bytes]","args":[{"element-6066-11e4-a52e-4f735466cecf":"f.C6BEDD6D30A87F60F18BB833061355F6.d.B63A8565BA0891E570F49914F47CD14F.e.304","ELEMENT":"f.C6BEDD6D30A87F60F18BB833061355F6.d.B63A8565BA0891E570F49914F47CD14F.e.304"}]}
COMMAND: POST /session/6cb315df952d16724b4cad26491b612d/execute/sync - {"script":"<script> [8489 bytes]","args":[{"element-6066-11e4-a52e-4f735466cecf":"f.C6BEDD6D30A87F60F18BB833061355F6.d.B63A8565BA0891E570F49914F47CD14F.e.304","ELEMENT":"f.C6BEDD6D30A87F60F18BB833061355F6.d.B63A8565BA0891E570F49914F47CD14F.e.304"}]}
COMMAND: GET /session/6cb315df952d16724b4cad26491b612d/screenshot - {}
RESULT: {}
RESULT: {"script":"<script> [8489 bytes]","args":[{"element-6066-11e4-a52e-4f735466cecf":"f.C6BEDD6D30A87F60F18BB833061355F6.d.B63A8565BA0891E570F49914F47CD14F.e.304","ELEMENT":"f.C6BEDD6D30A87F60F18BB833061355F6.d.B63A8565BA0891E570F49914F47CD14F.e.304"}]}
COMMAND: POST /session/6cb315df952d16724b4cad26491b612d/execute/sync - {"script":"<script> [5351 bytes]","args":[{"element-6066-11e4-a52e-4f735466cecf":"f.C6BEDD6D30A87F60F18BB833061355F6.d.B63A8565BA0891E570F49914F47CD14F.e.304","ELEMENT":"f.C6BEDD6D30A87F60F18BB833061355F6.d.B63A8565BA0891E570F49914F47CD14F.e.304"}]}
COMMAND: GET /session/6cb315df952d16724b4cad26491b612d/screenshot - {}
RESULT: {}
RESULT: {"script":"<script> [5351 bytes]","args":[{"element-6066-11e4-a52e-4f735466cecf":"f.C6BEDD6D30A87F60F18BB833061355F6.d.B63A8565BA0891E570F49914F47CD14F.e.304","ELEMENT":"f.C6BEDD6D30A87F60F18BB833061355F6.d.B63A8565BA0891E570F49914F47CD14F.e.304"}]}
COMMAND: POST /session/6cb315df952d16724b4cad26491b612d/execute/sync - {"script":"<script> [8489 bytes]","args":[{"element-6066-11e4-a52e-4f735466cecf":"f.C6BEDD6D30A87F60F18BB833061355F6.d.B63A8565BA0891E570F49914F47CD14F.e.304","ELEMENT":"f.C6BEDD6D30A87F60F18BB833061355F6.d.B63A8565BA0891E570F49914F47CD14F.e.304"}]}
COMMAND: GET /session/6cb315df952d16724b4cad26491b612d/screenshot - {}
RESULT: {}
RESULT: {"script":"<script> [8489 bytes]","args":[{"element-6066-11e4-a52e-4f735466cecf":"f.C6BEDD6D30A87F60F18BB833061355F6.d.B63A8565BA0891E570F49914F47CD14F.e.304","ELEMENT":"f.C6BEDD6D30A87F60F18BB833061355F6.d.B63A8565BA0891E570F49914F47CD14F.e.304"}]}
COMMAND: POST /session/6cb315df952d16724b4cad26491b612d/execute/sync - {"script":"<script> [5351 bytes]","args":[{"element-6066-11e4-a52e-4f735466cecf":"f.C6BEDD6D30A87F60F18BB833061355F6.d.B63A8565BA0891E570F49914F47CD14F.e.304","ELEMENT":"f.C6BEDD6D30A87F60F18BB833061355F6.d.B63A8565BA0891E570F49914F47CD14F.e.304"}]}
COMMAND: GET /session/6cb315df952d16724b4cad26491b612d/screenshot - {}
RESULT: {}
RESULT: {"script":"<script> [5351 bytes]","args":[{"element-6066-11e4-a52e-4f735466cecf":"f.C6BEDD6D30A87F60F18BB833061355F6.d.B63A8565BA0891E570F49914F47CD14F.e.304","ELEMENT":"f.C6BEDD6D30A87F60F18BB833061355F6.d.B63A8565BA0891E570F49914F47CD14F.e.304"}]}
COMMAND: POST /session/6cb315df952d16724b4cad26491b612d/execute/sync - {"script":"<script> [8489 bytes]","args":[{"element-6066-11e4-a52e-4f735466cecf":"f.C6BEDD6D30A87F60F18BB833061355F6.d.B63A8565BA0891E570F49914F47CD14F.e.304","ELEMENT":"f.C6BEDD6D30A87F60F18BB833061355F6.d.B63A8565BA0891E570F49914F47CD14F.e.304"}]}
COMMAND: GET /session/6cb315df952d16724b4cad26491b612d/screenshot - {}
RESULT: {}
RESULT: {"script":"<script> [8489 bytes]","args":[{"element-6066-11e4-a52e-4f735466cecf":"f.C6BEDD6D30A87F60F18BB833061355F6.d.B63A8565BA0891E570F49914F47CD14F.e.304","ELEMENT":"f.C6BEDD6D30A87F60F18BB833061355F6.d.B63A8565BA0891E570F49914F47CD14F.e.304"}]}
COMMAND: POST /session/6cb315df952d16724b4cad26491b612d/execute/sync - {"script":"<script> [5351 bytes]","args":[{"element-6066-11e4-a52e-4f735466cecf":"f.C6BEDD6D30A87F60F18BB833061355F6.d.B63A8565BA0891E570F49914F47CD14F.e.304","ELEMENT":"f.C6BEDD6D30A87F60F18BB833061355F6.d.B63A8565BA0891E570F49914F47CD14F.e.304"}]}
COMMAND: GET /session/6cb315df952d16724b4cad26491b612d/screenshot - {}
RESULT: {}
RESULT: {"script":"<script> [5351 bytes]","args":[{"element-6066-11e4-a52e-4f735466cecf":"f.C6BEDD6D30A87F60F18BB833061355F6.d.B63A8565BA0891E570F49914F47CD14F.e.304","ELEMENT":"f.C6BEDD6D30A87F60F18BB833061355F6.d.B63A8565BA0891E570F49914F47CD14F.e.304"}]}
COMMAND: GET /session/6cb315df952d16724b4cad26491b612d/screenshot - {}
COMMAND: POST /session/6cb315df952d16724b4cad26491b612d/execute/sync - {"script":"<script> [8489 bytes]","args":[{"element-6066-11e4-a52e-4f735466cecf":"f.C6BEDD6D30A87F60F18BB833061355F6.d.B63A8565BA0891E570F49914F47CD14F.e.304","ELEMENT":"f.C6BEDD6D30A87F60F18BB833061355F6.d.B63A8565BA0891E570F49914F47CD14F.e.304"}]}
RESULT: {}
RESULT: {}
RESULT: {"script":"<script> [8489 bytes]","args":[{"element-6066-11e4-a52e-4f735466cecf":"f.C6BEDD6D30A87F60F18BB833061355F6.d.B63A8565BA0891E570F49914F47CD14F.e.304","ELEMENT":"f.C6BEDD6D30A87F60F18BB833061355F6.d.B63A8565BA0891E570F49914F47CD14F.e.304"}]}
COMMAND: POST /session/6cb315df952d16724b4cad26491b612d/execute/sync - {"script":"<script> [5351 bytes]","args":[{"element-6066-11e4-a52e-4f735466cecf":"f.C6BEDD6D30A87F60F18BB833061355F6.d.B63A8565BA0891E570F49914F47CD14F.e.304","ELEMENT":"f.C6BEDD6D30A87F60F18BB833061355F6.d.B63A8565BA0891E570F49914F47CD14F.e.304"}]}
COMMAND: GET /session/6cb315df952d16724b4cad26491b612d/screenshot - {}
RESULT: {"script":"<script> [5351 bytes]","args":[{"element-6066-11e4-a52e-4f735466cecf":"f.C6BEDD6D30A87F60F18BB833061355F6.d.B63A8565BA0891E570F49914F47CD14F.e.304","ELEMENT":"f.C6BEDD6D30A87F60F18BB833061355F6.d.B63A8565BA0891E570F49914F47CD14F.e.304"}]}
COMMAND: GET /session/6cb315df952d16724b4cad26491b612d/screenshot - {}
COMMAND: POST /session/6cb315df952d16724b4cad26491b612d/execute/sync - {"script":"<script> [8489 bytes]","args":[{"element-6066-11e4-a52e-4f735466cecf":"f.C6BEDD6D30A87F60F18BB833061355F6.d.B63A8565BA0891E570F49914F47CD14F.e.304","ELEMENT":"f.C6BEDD6D30A87F60F18BB833061355F6.d.B63A8565BA0891E570F49914F47CD14F.e.304"}]}
RESULT: {}
RESULT: {}
RESULT: {"script":"<script> [8489 bytes]","args":[{"element-6066-11e4-a52e-4f735466cecf":"f.C6BEDD6D30A87F60F18BB833061355F6.d.B63A8565BA0891E570F49914F47CD14F.e.304","ELEMENT":"f.C6BEDD6D30A87F60F18BB833061355F6.d.B63A8565BA0891E570F49914F47CD14F.e.304"}]}
COMMAND: POST /session/6cb315df952d16724b4cad26491b612d/execute/sync - {"script":"<script> [5351 bytes]","args":[{"element-6066-11e4-a52e-4f735466cecf":"f.C6BEDD6D30A87F60F18BB833061355F6.d.B63A8565BA0891E570F49914F47CD14F.e.304","ELEMENT":"f.C6BEDD6D30A87F60F18BB833061355F6.d.B63A8565BA0891E570F49914F47CD14F.e.304"}]}
COMMAND: GET /session/6cb315df952d16724b4cad26491b612d/screenshot - {}
RESULT: {"script":"<script> [5351 bytes]","args":[{"element-6066-11e4-a52e-4f735466cecf":"f.C6BEDD6D30A87F60F18BB833061355F6.d.B63A8565BA0891E570F49914F47CD14F.e.304","ELEMENT":"f.C6BEDD6D30A87F60F18BB833061355F6.d.B63A8565BA0891E570F49914F47CD14F.e.304"}]}
COMMAND: GET /session/6cb315df952d16724b4cad26491b612d/screenshot - {}
COMMAND: POST /session/6cb315df952d16724b4cad26491b612d/execute/sync - {"script":"<script> [8489 bytes]","args":[{"element-6066-11e4-a52e-4f735466cecf":"f.C6BEDD6D30A87F60F18BB833061355F6.d.B63A8565BA0891E570F49914F47CD14F.e.304","ELEMENT":"f.C6BEDD6D30A87F60F18BB833061355F6.d.B63A8565BA0891E570F49914F47CD14F.e.304"}]}
RESULT: {}
RESULT: {}
RESULT: {"script":"<script> [8489 bytes]","args":[{"element-6066-11e4-a52e-4f735466cecf":"f.C6BEDD6D30A87F60F18BB833061355F6.d.B63A8565BA0891E570F49914F47CD14F.e.304","ELEMENT":"f.C6BEDD6D30A87F60F18BB833061355F6.d.B63A8565BA0891E570F49914F47CD14F.e.304"}]}
COMMAND: POST /session/6cb315df952d16724b4cad26491b612d/execute/sync - {"script":"<script> [5351 bytes]","args":[{"element-6066-11e4-a52e-4f735466cecf":"f.C6BEDD6D30A87F60F18BB833061355F6.d.B63A8565BA0891E570F49914F47CD14F.e.304","ELEMENT":"f.C6BEDD6D30A87F60F18BB833061355F6.d.B63A8565BA0891E570F49914F47CD14F.e.304"}]}
COMMAND: GET /session/6cb315df952d16724b4cad26491b612d/screenshot - {}
RESULT: {"script":"<script> [5351 bytes]","args":[{"element-6066-11e4-a52e-4f735466cecf":"f.C6BEDD6D30A87F60F18BB833061355F6.d.B63A8565BA0891E570F49914F47CD14F.e.304","ELEMENT":"f.C6BEDD6D30A87F60F18BB833061355F6.d.B63A8565BA0891E570F49914F47CD14F.e.304"}]}
COMMAND: POST /session/6cb315df952d16724b4cad26491b612d/execute/sync - {"script":"<script> [8489 bytes]","args":[{"element-6066-11e4-a52e-4f735466cecf":"f.C6BEDD6D30A87F60F18BB833061355F6.d.B63A8565BA0891E570F49914F47CD14F.e.304","ELEMENT":"f.C6BEDD6D30A87F60F18BB833061355F6.d.B63A8565BA0891E570F49914F47CD14F.e.304"}]}
COMMAND: GET /session/6cb315df952d16724b4cad26491b612d/screenshot - {}
RESULT: {}
RESULT: {"script":"<script> [8489 bytes]","args":[{"element-6066-11e4-a52e-4f735466cecf":"f.C6BEDD6D30A87F60F18BB833061355F6.d.B63A8565BA0891E570F49914F47CD14F.e.304","ELEMENT":"f.C6BEDD6D30A87F60F18BB833061355F6.d.B63A8565BA0891E570F49914F47CD14F.e.304"}]}
COMMAND: POST /session/6cb315df952d16724b4cad26491b612d/execute/sync - {"script":"<script> [5351 bytes]","args":[{"element-6066-11e4-a52e-4f735466cecf":"f.C6BEDD6D30A87F60F18BB833061355F6.d.B63A8565BA0891E570F49914F47CD14F.e.304","ELEMENT":"f.C6BEDD6D30A87F60F18BB833061355F6.d.B63A8565BA0891E570F49914F47CD14F.e.304"}]}
COMMAND: GET /session/6cb315df952d16724b4cad26491b612d/screenshot - {}
RESULT: {}
RESULT: {"script":"<script> [5351 bytes]","args":[{"element-6066-11e4-a52e-4f735466cecf":"f.C6BEDD6D30A87F60F18BB833061355F6.d.B63A8565BA0891E570F49914F47CD14F.e.304","ELEMENT":"f.C6BEDD6D30A87F60F18BB833061355F6.d.B63A8565BA0891E570F49914F47CD14F.e.304"}]}
COMMAND: POST /session/6cb315df952d16724b4cad26491b612d/execute/sync - {"script":"<script> [8489 bytes]","args":[{"element-6066-11e4-a52e-4f735466cecf":"f.C6BEDD6D30A87F60F18BB833061355F6.d.B63A8565BA0891E570F49914F47CD14F.e.304","ELEMENT":"f.C6BEDD6D30A87F60F18BB833061355F6.d.B63A8565BA0891E570F49914F47CD14F.e.304"}]}
COMMAND: GET /session/6cb315df952d16724b4cad26491b612d/screenshot - {}
RESULT: {}
RESULT: {"script":"<script> [8489 bytes]","args":[{"element-6066-11e4-a52e-4f735466cecf":"f.C6BEDD6D30A87F60F18BB833061355F6.d.B63A8565BA0891E570F49914F47CD14F.e.304","ELEMENT":"f.C6BEDD6D30A87F60F18BB833061355F6.d.B63A8565BA0891E570F49914F47CD14F.e.304"}]}
COMMAND: POST /session/6cb315df952d16724b4cad26491b612d/execute/sync - {"script":"<script> [5351 bytes]","args":[{"element-6066-11e4-a52e-4f735466cecf":"f.C6BEDD6D30A87F60F18BB833061355F6.d.B63A8565BA0891E570F49914F47CD14F.e.304","ELEMENT":"f.C6BEDD6D30A87F60F18BB833061355F6.d.B63A8565BA0891E570F49914F47CD14F.e.304"}]}
COMMAND: GET /session/6cb315df952d16724b4cad26491b612d/screenshot - {}
RESULT: {}
RESULT: {"script":"<script> [5351 bytes]","args":[{"element-6066-11e4-a52e-4f735466cecf":"f.C6BEDD6D30A87F60F18BB833061355F6.d.B63A8565BA0891E570F49914F47CD14F.e.304","ELEMENT":"f.C6BEDD6D30A87F60F18BB833061355F6.d.B63A8565BA0891E570F49914F47CD14F.e.304"}]}
COMMAND: POST /session/6cb315df952d16724b4cad26491b612d/execute/sync - {"script":"<script> [8489 bytes]","args":[{"element-6066-11e4-a52e-4f735466cecf":"f.C6BEDD6D30A87F60F18BB833061355F6.d.B63A8565BA0891E570F49914F47CD14F.e.304","ELEMENT":"f.C6BEDD6D30A87F60F18BB833061355F6.d.B63A8565BA0891E570F49914F47CD14F.e.304"}]}
COMMAND: GET /session/6cb315df952d16724b4cad26491b612d/screenshot - {}
RESULT: {}
RESULT: {"script":"<script> [8489 bytes]","args":[{"element-6066-11e4-a52e-4f735466cecf":"f.C6BEDD6D30A87F60F18BB833061355F6.d.B63A8565BA0891E570F49914F47CD14F.e.304","ELEMENT":"f.C6BEDD6D30A87F60F18BB833061355F6.d.B63A8565BA0891E570F49914F47CD14F.e.304"}]}
COMMAND: POST /session/6cb315df952d16724b4cad26491b612d/execute/sync - {"script":"<script> [5351 bytes]","args":[{"element-6066-11e4-a52e-4f735466cecf":"f.C6BEDD6D30A87F60F18BB833061355F6.d.B63A8565BA0891E570F49914F47CD14F.e.304","ELEMENT":"f.C6BEDD6D30A87F60F18BB833061355F6.d.B63A8565BA0891E570F49914F47CD14F.e.304"}]}
COMMAND: GET /session/6cb315df952d16724b4cad26491b612d/screenshot - {}
RESULT: {}
RESULT: {"script":"<script> [5351 bytes]","args":[{"element-6066-11e4-a52e-4f735466cecf":"f.C6BEDD6D30A87F60F18BB833061355F6.d.B63A8565BA0891E570F49914F47CD14F.e.304","ELEMENT":"f.C6BEDD6D30A87F60F18BB833061355F6.d.B63A8565BA0891E570F49914F47CD14F.e.304"}]}
COMMAND: GET /session/6cb315df952d16724b4cad26491b612d/screenshot - {}
COMMAND: POST /session/6cb315df952d16724b4cad26491b612d/execute/sync - {"script":"<script> [8489 bytes]","args":[{"element-6066-11e4-a52e-4f735466cecf":"f.C6BEDD6D30A87F60F18BB833061355F6.d.B63A8565BA0891E570F49914F47CD14F.e.304","ELEMENT":"f.C6BEDD6D30A87F60F18BB833061355F6.d.B63A8565BA0891E570F49914F47CD14F.e.304"}]}
RESULT: {}
RESULT: {}
RESULT: {"script":"<script> [8489 bytes]","args":[{"element-6066-11e4-a52e-4f735466cecf":"f.C6BEDD6D30A87F60F18BB833061355F6.d.B63A8565BA0891E570F49914F47CD14F.e.304","ELEMENT":"f.C6BEDD6D30A87F60F18BB833061355F6.d.B63A8565BA0891E570F49914F47CD14F.e.304"}]}
COMMAND: POST /session/6cb315df952d16724b4cad26491b612d/execute/sync - {"script":"<script> [5351 bytes]","args":[{"element-6066-11e4-a52e-4f735466cecf":"f.C6BEDD6D30A87F60F18BB833061355F6.d.B63A8565BA0891E570F49914F47CD14F.e.304","ELEMENT":"f.C6BEDD6D30A87F60F18BB833061355F6.d.B63A8565BA0891E570F49914F47CD14F.e.304"}]}
COMMAND: GET /session/6cb315df952d16724b4cad26491b612d/screenshot - {}
RESULT: {"script":"<script> [5351 bytes]","args":[{"element-6066-11e4-a52e-4f735466cecf":"f.C6BEDD6D30A87F60F18BB833061355F6.d.B63A8565BA0891E570F49914F47CD14F.e.304","ELEMENT":"f.C6BEDD6D30A87F60F18BB833061355F6.d.B63A8565BA0891E570F49914F47CD14F.e.304"}]}
COMMAND: GET /session/6cb315df952d16724b4cad26491b612d/screenshot - {}
COMMAND: POST /session/6cb315df952d16724b4cad26491b612d/execute/sync - {"script":"<script> [8489 bytes]","args":[{"element-6066-11e4-a52e-4f735466cecf":"f.C6BEDD6D30A87F60F18BB833061355F6.d.B63A8565BA0891E570F49914F47CD14F.e.304","ELEMENT":"f.C6BEDD6D30A87F60F18BB833061355F6.d.B63A8565BA0891E570F49914F47CD14F.e.304"}]}
RESULT: {}
RESULT: {}
RESULT: {"script":"<script> [8489 bytes]","args":[{"element-6066-11e4-a52e-4f735466cecf":"f.C6BEDD6D30A87F60F18BB833061355F6.d.B63A8565BA0891E570F49914F47CD14F.e.304","ELEMENT":"f.C6BEDD6D30A87F60F18BB833061355F6.d.B63A8565BA0891E570F49914F47CD14F.e.304"}]}
COMMAND: POST /session/6cb315df952d16724b4cad26491b612d/execute/sync - {"script":"<script> [5351 bytes]","args":[{"element-6066-11e4-a52e-4f735466cecf":"f.C6BEDD6D30A87F60F18BB833061355F6.d.B63A8565BA0891E570F49914F47CD14F.e.304","ELEMENT":"f.C6BEDD6D30A87F60F18BB833061355F6.d.B63A8565BA0891E570F49914F47CD14F.e.304"}]}
COMMAND: GET /session/6cb315df952d16724b4cad26491b612d/screenshot - {}
RESULT: {"script":"<script> [5351 bytes]","args":[{"element-6066-11e4-a52e-4f735466cecf":"f.C6BEDD6D30A87F60F18BB833061355F6.d.B63A8565BA0891E570F49914F47CD14F.e.304","ELEMENT":"f.C6BEDD6D30A87F60F18BB833061355F6.d.B63A8565BA0891E570F49914F47CD14F.e.304"}]}
COMMAND: GET /session/6cb315df952d16724b4cad26491b612d/screenshot - {}
COMMAND: POST /session/6cb315df952d16724b4cad26491b612d/execute/sync - {"script":"<script> [8489 bytes]","args":[{"element-6066-11e4-a52e-4f735466cecf":"f.C6BEDD6D30A87F60F18BB833061355F6.d.B63A8565BA0891E570F49914F47CD14F.e.304","ELEMENT":"f.C6BEDD6D30A87F60F18BB833061355F6.d.B63A8565BA0891E570F49914F47CD14F.e.304"}]}
RESULT: {}
RESULT: {}
RESULT: {"script":"<script> [8489 bytes]","args":[{"element-6066-11e4-a52e-4f735466cecf":"f.C6BEDD6D30A87F60F18BB833061355F6.d.B63A8565BA0891E570F49914F47CD14F.e.304","ELEMENT":"f.C6BEDD6D30A87F60F18BB833061355F6.d.B63A8565BA0891E570F49914F47CD14F.e.304"}]}
COMMAND: POST /session/6cb315df952d16724b4cad26491b612d/execute/sync - {"script":"<script> [5351 bytes]","args":[{"element-6066-11e4-a52e-4f735466cecf":"f.C6BEDD6D30A87F60F18BB833061355F6.d.B63A8565BA0891E570F49914F47CD14F.e.304","ELEMENT":"f.C6BEDD6D30A87F60F18BB833061355F6.d.B63A8565BA0891E570F49914F47CD14F.e.304"}]}
COMMAND: GET /session/6cb315df952d16724b4cad26491b612d/screenshot - {}
RESULT: {"script":"<script> [5351 bytes]","args":[{"element-6066-11e4-a52e-4f735466cecf":"f.C6BEDD6D30A87F60F18BB833061355F6.d.B63A8565BA0891E570F49914F47CD14F.e.304","ELEMENT":"f.C6BEDD6D30A87F60F18BB833061355F6.d.B63A8565BA0891E570F49914F47CD14F.e.304"}]}
COMMAND: GET /session/6cb315df952d16724b4cad26491b612d/screenshot - {}
COMMAND: POST /session/6cb315df952d16724b4cad26491b612d/execute/sync - {"script":"<script> [8489 bytes]","args":[{"element-6066-11e4-a52e-4f735466cecf":"f.C6BEDD6D30A87F60F18BB833061355F6.d.B63A8565BA0891E570F49914F47CD14F.e.304","ELEMENT":"f.C6BEDD6D30A87F60F18BB833061355F6.d.B63A8565BA0891E570F49914F47CD14F.e.304"}]}
RESULT: {}
RESULT: {}
RESULT: {"script":"<script> [8489 bytes]","args":[{"element-6066-11e4-a52e-4f735466cecf":"f.C6BEDD6D30A87F60F18BB833061355F6.d.B63A8565BA0891E570F49914F47CD14F.e.304","ELEMENT":"f.C6BEDD6D30A87F60F18BB833061355F6.d.B63A8565BA0891E570F49914F47CD14F.e.304"}]}
COMMAND: POST /session/6cb315df952d16724b4cad26491b612d/execute/sync - {"script":"<script> [5351 bytes]","args":[{"element-6066-11e4-a52e-4f735466cecf":"f.C6BEDD6D30A87F60F18BB833061355F6.d.B63A8565BA0891E570F49914F47CD14F.e.304","ELEMENT":"f.C6BEDD6D30A87F60F18BB833061355F6.d.B63A8565BA0891E570F49914F47CD14F.e.304"}]}
COMMAND: GET /session/6cb315df952d16724b4cad26491b612d/screenshot - {}
RESULT: {"script":"<script> [5351 bytes]","args":[{"element-6066-11e4-a52e-4f735466cecf":"f.C6BEDD6D30A87F60F18BB833061355F6.d.B63A8565BA0891E570F49914F47CD14F.e.304","ELEMENT":"f.C6BEDD6D30A87F60F18BB833061355F6.d.B63A8565BA0891E570F49914F47CD14F.e.304"}]}
COMMAND: GET /session/6cb315df952d16724b4cad26491b612d/screenshot - {}
COMMAND: POST /session/6cb315df952d16724b4cad26491b612d/execute/sync - {"script":"<script> [8489 bytes]","args":[{"element-6066-11e4-a52e-4f735466cecf":"f.C6BEDD6D30A87F60F18BB833061355F6.d.B63A8565BA0891E570F49914F47CD14F.e.304","ELEMENT":"f.C6BEDD6D30A87F60F18BB833061355F6.d.B63A8565BA0891E570F49914F47CD14F.e.304"}]}
RESULT: {}
RESULT: {}
RESULT: {"script":"<script> [8489 bytes]","args":[{"element-6066-11e4-a52e-4f735466cecf":"f.C6BEDD6D30A87F60F18BB833061355F6.d.B63A8565BA0891E570F49914F47CD14F.e.304","ELEMENT":"f.C6BEDD6D30A87F60F18BB833061355F6.d.B63A8565BA0891E570F49914F47CD14F.e.304"}]}
COMMAND: POST /session/6cb315df952d16724b4cad26491b612d/execute/sync - {"script":"<script> [5351 bytes]","args":[{"element-6066-11e4-a52e-4f735466cecf":"f.C6BEDD6D30A87F60F18BB833061355F6.d.B63A8565BA0891E570F49914F47CD14F.e.304","ELEMENT":"f.C6BEDD6D30A87F60F18BB833061355F6.d.B63A8565BA0891E570F49914F47CD14F.e.304"}]}
COMMAND: GET /session/6cb315df952d16724b4cad26491b612d/screenshot - {}
RESULT: {"script":"<script> [5351 bytes]","args":[{"element-6066-11e4-a52e-4f735466cecf":"f.C6BEDD6D30A87F60F18BB833061355F6.d.B63A8565BA0891E570F49914F47CD14F.e.304","ELEMENT":"f.C6BEDD6D30A87F60F18BB833061355F6.d.B63A8565BA0891E570F49914F47CD14F.e.304"}]}
COMMAND: GET /session/6cb315df952d16724b4cad26491b612d/screenshot - {}
COMMAND: POST /session/6cb315df952d16724b4cad26491b612d/execute/sync - {"script":"<script> [8489 bytes]","args":[{"element-6066-11e4-a52e-4f735466cecf":"f.C6BEDD6D30A87F60F18BB833061355F6.d.B63A8565BA0891E570F49914F47CD14F.e.304","ELEMENT":"f.C6BEDD6D30A87F60F18BB833061355F6.d.B63A8565BA0891E570F49914F47CD14F.e.304"}]}
RESULT: {}
RESULT: {"script":"<script> [8489 bytes]","args":[{"element-6066-11e4-a52e-4f735466cecf":"f.C6BEDD6D30A87F60F18BB833061355F6.d.B63A8565BA0891E570F49914F47CD14F.e.304","ELEMENT":"f.C6BEDD6D30A87F60F18BB833061355F6.d.B63A8565BA0891E570F49914F47CD14F.e.304"}]}
COMMAND: POST /session/6cb315df952d16724b4cad26491b612d/execute/sync - {"script":"<script> [5351 bytes]","args":[{"element-6066-11e4-a52e-4f735466cecf":"f.C6BEDD6D30A87F60F18BB833061355F6.d.B63A8565BA0891E570F49914F47CD14F.e.304","ELEMENT":"f.C6BEDD6D30A87F60F18BB833061355F6.d.B63A8565BA0891E570F49914F47CD14F.e.304"}]}
COMMAND: GET /session/6cb315df952d16724b4cad26491b612d/screenshot - {}
RESULT: {}
RESULT: {"script":"<script> [5351 bytes]","args":[{"element-6066-11e4-a52e-4f735466cecf":"f.C6BEDD6D30A87F60F18BB833061355F6.d.B63A8565BA0891E570F49914F47CD14F.e.304","ELEMENT":"f.C6BEDD6D30A87F60F18BB833061355F6.d.B63A8565BA0891E570F49914F47CD14F.e.304"}]}
COMMAND: GET /session/6cb315df952d16724b4cad26491b612d/screenshot - {}
COMMAND: POST /session/6cb315df952d16724b4cad26491b612d/execute/sync - {"script":"<script> [8489 bytes]","args":[{"element-6066-11e4-a52e-4f735466cecf":"f.C6BEDD6D30A87F60F18BB833061355F6.d.B63A8565BA0891E570F49914F47CD14F.e.304","ELEMENT":"f.C6BEDD6D30A87F60F18BB833061355F6.d.B63A8565BA0891E570F49914F47CD14F.e.304"}]}
RESULT: {}
RESULT: {"script":"<script> [8489 bytes]","args":[{"element-6066-11e4-a52e-4f735466cecf":"f.C6BEDD6D30A87F60F18BB833061355F6.d.B63A8565BA0891E570F49914F47CD14F.e.304","ELEMENT":"f.C6BEDD6D30A87F60F18BB833061355F6.d.B63A8565BA0891E570F49914F47CD14F.e.304"}]}
COMMAND: POST /session/6cb315df952d16724b4cad26491b612d/execute/sync - {"script":"<script> [5351 bytes]","args":[{"element-6066-11e4-a52e-4f735466cecf":"f.C6BEDD6D30A87F60F18BB833061355F6.d.B63A8565BA0891E570F49914F47CD14F.e.304","ELEMENT":"f.C6BEDD6D30A87F60F18BB833061355F6.d.B63A8565BA0891E570F49914F47CD14F.e.304"}]}
COMMAND: GET /session/6cb315df952d16724b4cad26491b612d/screenshot - {}
RESULT: {}
RESULT: {"script":"<script> [5351 bytes]","args":[{"element-6066-11e4-a52e-4f735466cecf":"f.C6BEDD6D30A87F60F18BB833061355F6.d.B63A8565BA0891E570F49914F47CD14F.e.304","ELEMENT":"f.C6BEDD6D30A87F60F18BB833061355F6.d.B63A8565BA0891E570F49914F47CD14F.e.304"}]}
COMMAND: GET /session/6cb315df952d16724b4cad26491b612d/screenshot - {}
COMMAND: POST /session/6cb315df952d16724b4cad26491b612d/execute/sync - {"script":"<script> [8489 bytes]","args":[{"element-6066-11e4-a52e-4f735466cecf":"f.C6BEDD6D30A87F60F18BB833061355F6.d.B63A8565BA0891E570F49914F47CD14F.e.304","ELEMENT":"f.C6BEDD6D30A87F60F18BB833061355F6.d.B63A8565BA0891E570F49914F47CD14F.e.304"}]}
RESULT: {}
RESULT: {}
RESULT: {"script":"<script> [8489 bytes]","args":[{"element-6066-11e4-a52e-4f735466cecf":"f.C6BEDD6D30A87F60F18BB833061355F6.d.B63A8565BA0891E570F49914F47CD14F.e.304","ELEMENT":"f.C6BEDD6D30A87F60F18BB833061355F6.d.B63A8565BA0891E570F49914F47CD14F.e.304"}]}
COMMAND: POST /session/6cb315df952d16724b4cad26491b612d/execute/sync - {"script":"<script> [5351 bytes]","args":[{"element-6066-11e4-a52e-4f735466cecf":"f.C6BEDD6D30A87F60F18BB833061355F6.d.B63A8565BA0891E570F49914F47CD14F.e.304","ELEMENT":"f.C6BEDD6D30A87F60F18BB833061355F6.d.B63A8565BA0891E570F49914F47CD14F.e.304"}]}
COMMAND: GET /session/6cb315df952d16724b4cad26491b612d/screenshot - {}
RESULT: {"script":"<script> [5351 bytes]","args":[{"element-6066-11e4-a52e-4f735466cecf":"f.C6BEDD6D30A87F60F18BB833061355F6.d.B63A8565BA0891E570F49914F47CD14F.e.304","ELEMENT":"f.C6BEDD6D30A87F60F18BB833061355F6.d.B63A8565BA0891E570F49914F47CD14F.e.304"}]}
COMMAND: GET /session/6cb315df952d16724b4cad26491b612d/screenshot - {}
COMMAND: POST /session/6cb315df952d16724b4cad26491b612d/execute/sync - {"script":"<script> [8489 bytes]","args":[{"element-6066-11e4-a52e-4f735466cecf":"f.C6BEDD6D30A87F60F18BB833061355F6.d.B63A8565BA0891E570F49914F47CD14F.e.304","ELEMENT":"f.C6BEDD6D30A87F60F18BB833061355F6.d.B63A8565BA0891E570F49914F47CD14F.e.304"}]}
RESULT: {}
RESULT: {}
RESULT: {"script":"<script> [8489 bytes]","args":[{"element-6066-11e4-a52e-4f735466cecf":"f.C6BEDD6D30A87F60F18BB833061355F6.d.B63A8565BA0891E570F49914F47CD14F.e.304","ELEMENT":"f.C6BEDD6D30A87F60F18BB833061355F6.d.B63A8565BA0891E570F49914F47CD14F.e.304"}]}
COMMAND: POST /session/6cb315df952d16724b4cad26491b612d/execute/sync - {"script":"<script> [5351 bytes]","args":[{"element-6066-11e4-a52e-4f735466cecf":"f.C6BEDD6D30A87F60F18BB833061355F6.d.B63A8565BA0891E570F49914F47CD14F.e.304","ELEMENT":"f.C6BEDD6D30A87F60F18BB833061355F6.d.B63A8565BA0891E570F49914F47CD14F.e.304"}]}
COMMAND: GET /session/6cb315df952d16724b4cad26491b612d/screenshot - {}
RESULT: {"script":"<script> [5351 bytes]","args":[{"element-6066-11e4-a52e-4f735466cecf":"f.C6BEDD6D30A87F60F18BB833061355F6.d.B63A8565BA0891E570F49914F47CD14F.e.304","ELEMENT":"f.C6BEDD6D30A87F60F18BB833061355F6.d.B63A8565BA0891E570F49914F47CD14F.e.304"}]}
COMMAND: GET /session/6cb315df952d16724b4cad26491b612d/screenshot - {}
COMMAND: POST /session/6cb315df952d16724b4cad26491b612d/execute/sync - {"script":"<script> [8489 bytes]","args":[{"element-6066-11e4-a52e-4f735466cecf":"f.C6BEDD6D30A87F60F18BB833061355F6.d.B63A8565BA0891E570F49914F47CD14F.e.304","ELEMENT":"f.C6BEDD6D30A87F60F18BB833061355F6.d.B63A8565BA0891E570F49914F47CD14F.e.304"}]}
RESULT: {}
RESULT: {}
RESULT: {"script":"<script> [8489 bytes]","args":[{"element-6066-11e4-a52e-4f735466cecf":"f.C6BEDD6D30A87F60F18BB833061355F6.d.B63A8565BA0891E570F49914F47CD14F.e.304","ELEMENT":"f.C6BEDD6D30A87F60F18BB833061355F6.d.B63A8565BA0891E570F49914F47CD14F.e.304"}]}
COMMAND: POST /session/6cb315df952d16724b4cad26491b612d/execute/sync - {"script":"<script> [5351 bytes]","args":[{"element-6066-11e4-a52e-4f735466cecf":"f.C6BEDD6D30A87F60F18BB833061355F6.d.B63A8565BA0891E570F49914F47CD14F.e.304","ELEMENT":"f.C6BEDD6D30A87F60F18BB833061355F6.d.B63A8565BA0891E570F49914F47CD14F.e.304"}]}
COMMAND: GET /session/6cb315df952d16724b4cad26491b612d/screenshot - {}
RESULT: {"script":"<script> [5351 bytes]","args":[{"element-6066-11e4-a52e-4f735466cecf":"f.C6BEDD6D30A87F60F18BB833061355F6.d.B63A8565BA0891E570F49914F47CD14F.e.304","ELEMENT":"f.C6BEDD6D30A87F60F18BB833061355F6.d.B63A8565BA0891E570F49914F47CD14F.e.304"}]}
COMMAND: GET /session/6cb315df952d16724b4cad26491b612d/screenshot - {}
COMMAND: POST /session/6cb315df952d16724b4cad26491b612d/execute/sync - {"script":"<script> [8489 bytes]","args":[{"element-6066-11e4-a52e-4f735466cecf":"f.C6BEDD6D30A87F60F18BB833061355F6.d.B63A8565BA0891E570F49914F47CD14F.e.304","ELEMENT":"f.C6BEDD6D30A87F60F18BB833061355F6.d.B63A8565BA0891E570F49914F47CD14F.e.304"}]}
RESULT: {}
RESULT: {}
RESULT: {"script":"<script> [8489 bytes]","args":[{"element-6066-11e4-a52e-4f735466cecf":"f.C6BEDD6D30A87F60F18BB833061355F6.d.B63A8565BA0891E570F49914F47CD14F.e.304","ELEMENT":"f.C6BEDD6D30A87F60F18BB833061355F6.d.B63A8565BA0891E570F49914F47CD14F.e.304"}]}
COMMAND: POST /session/6cb315df952d16724b4cad26491b612d/execute/sync - {"script":"<script> [5351 bytes]","args":[{"element-6066-11e4-a52e-4f735466cecf":"f.C6BEDD6D30A87F60F18BB833061355F6.d.B63A8565BA0891E570F49914F47CD14F.e.304","ELEMENT":"f.C6BEDD6D30A87F60F18BB833061355F6.d.B63A8565BA0891E570F49914F47CD14F.e.304"}]}
COMMAND: GET /session/6cb315df952d16724b4cad26491b612d/screenshot - {}
RESULT: {"script":"<script> [5351 bytes]","args":[{"element-6066-11e4-a52e-4f735466cecf":"f.C6BEDD6D30A87F60F18BB833061355F6.d.B63A8565BA0891E570F49914F47CD14F.e.304","ELEMENT":"f.C6BEDD6D30A87F60F18BB833061355F6.d.B63A8565BA0891E570F49914F47CD14F.e.304"}]}
COMMAND: GET /session/6cb315df952d16724b4cad26491b612d/screenshot - {}
COMMAND: POST /session/6cb315df952d16724b4cad26491b612d/execute/sync - {"script":"<script> [8489 bytes]","args":[{"element-6066-11e4-a52e-4f735466cecf":"f.C6BEDD6D30A87F60F18BB833061355F6.d.B63A8565BA0891E570F49914F47CD14F.e.304","ELEMENT":"f.C6BEDD6D30A87F60F18BB833061355F6.d.B63A8565BA0891E570F49914F47CD14F.e.304"}]}
RESULT: {}
RESULT: {}
RESULT: {"script":"<script> [8489 bytes]","args":[{"element-6066-11e4-a52e-4f735466cecf":"f.C6BEDD6D30A87F60F18BB833061355F6.d.B63A8565BA0891E570F49914F47CD14F.e.304","ELEMENT":"f.C6BEDD6D30A87F60F18BB833061355F6.d.B63A8565BA0891E570F49914F47CD14F.e.304"}]}
COMMAND: POST /session/6cb315df952d16724b4cad26491b612d/execute/sync - {"script":"<script> [5351 bytes]","args":[{"element-6066-11e4-a52e-4f735466cecf":"f.C6BEDD6D30A87F60F18BB833061355F6.d.B63A8565BA0891E570F49914F47CD14F.e.304","ELEMENT":"f.C6BEDD6D30A87F60F18BB833061355F6.d.B63A8565BA0891E570F49914F47CD14F.e.304"}]}
COMMAND: GET /session/6cb315df952d16724b4cad26491b612d/screenshot - {}
RESULT: {"script":"<script> [5351 bytes]","args":[{"element-6066-11e4-a52e-4f735466cecf":"f.C6BEDD6D30A87F60F18BB833061355F6.d.B63A8565BA0891E570F49914F47CD14F.e.304","ELEMENT":"f.C6BEDD6D30A87F60F18BB833061355F6.d.B63A8565BA0891E570F49914F47CD14F.e.304"}]}
COMMAND: GET /session/6cb315df952d16724b4cad26491b612d/screenshot - {}
COMMAND: POST /session/6cb315df952d16724b4cad26491b612d/execute/sync - {"script":"<script> [8489 bytes]","args":[{"element-6066-11e4-a52e-4f735466cecf":"f.C6BEDD6D30A87F60F18BB833061355F6.d.B63A8565BA0891E570F49914F47CD14F.e.304","ELEMENT":"f.C6BEDD6D30A87F60F18BB833061355F6.d.B63A8565BA0891E570F49914F47CD14F.e.304"}]}
RESULT: {}
RESULT: {}
RESULT: {"script":"<script> [8489 bytes]","args":[{"element-6066-11e4-a52e-4f735466cecf":"f.C6BEDD6D30A87F60F18BB833061355F6.d.B63A8565BA0891E570F49914F47CD14F.e.304","ELEMENT":"f.C6BEDD6D30A87F60F18BB833061355F6.d.B63A8565BA0891E570F49914F47CD14F.e.304"}]}
COMMAND: POST /session/6cb315df952d16724b4cad26491b612d/execute/sync - {"script":"<script> [5351 bytes]","args":[{"element-6066-11e4-a52e-4f735466cecf":"f.C6BEDD6D30A87F60F18BB833061355F6.d.B63A8565BA0891E570F49914F47CD14F.e.304","ELEMENT":"f.C6BEDD6D30A87F60F18BB833061355F6.d.B63A8565BA0891E570F49914F47CD14F.e.304"}]}
COMMAND: GET /session/6cb315df952d16724b4cad26491b612d/screenshot - {}
RESULT: {"script":"<script> [5351 bytes]","args":[{"element-6066-11e4-a52e-4f735466cecf":"f.C6BEDD6D30A87F60F18BB833061355F6.d.B63A8565BA0891E570F49914F47CD14F.e.304","ELEMENT":"f.C6BEDD6D30A87F60F18BB833061355F6.d.B63A8565BA0891E570F49914F47CD14F.e.304"}]}
COMMAND: POST /session/6cb315df952d16724b4cad26491b612d/execute/sync - {"script":"<script> [8489 bytes]","args":[{"element-6066-11e4-a52e-4f735466cecf":"f.C6BEDD6D30A87F60F18BB833061355F6.d.B63A8565BA0891E570F49914F47CD14F.e.304","ELEMENT":"f.C6BEDD6D30A87F60F18BB833061355F6.d.B63A8565BA0891E570F49914F47CD14F.e.304"}]}
COMMAND: GET /session/6cb315df952d16724b4cad26491b612d/screenshot - {}
RESULT: {}
RESULT: {"script":"<script> [8489 bytes]","args":[{"element-6066-11e4-a52e-4f735466cecf":"f.C6BEDD6D30A87F60F18BB833061355F6.d.B63A8565BA0891E570F49914F47CD14F.e.304","ELEMENT":"f.C6BEDD6D30A87F60F18BB833061355F6.d.B63A8565BA0891E570F49914F47CD14F.e.304"}]}
COMMAND: POST /session/6cb315df952d16724b4cad26491b612d/execute/sync - {"script":"<script> [5351 bytes]","args":[{"element-6066-11e4-a52e-4f735466cecf":"f.C6BEDD6D30A87F60F18BB833061355F6.d.B63A8565BA0891E570F49914F47CD14F.e.304","ELEMENT":"f.C6BEDD6D30A87F60F18BB833061355F6.d.B63A8565BA0891E570F49914F47CD14F.e.304"}]}
COMMAND: GET /session/6cb315df952d16724b4cad26491b612d/screenshot - {}
RESULT: {}
RESULT: {"script":"<script> [5351 bytes]","args":[{"element-6066-11e4-a52e-4f735466cecf":"f.C6BEDD6D30A87F60F18BB833061355F6.d.B63A8565BA0891E570F49914F47CD14F.e.304","ELEMENT":"f.C6BEDD6D30A87F60F18BB833061355F6.d.B63A8565BA0891E570F49914F47CD14F.e.304"}]}
COMMAND: GET /session/6cb315df952d16724b4cad26491b612d/screenshot - {}
COMMAND: POST /session/6cb315df952d16724b4cad26491b612d/execute/sync - {"script":"<script> [8489 bytes]","args":[{"element-6066-11e4-a52e-4f735466cecf":"f.C6BEDD6D30A87F60F18BB833061355F6.d.B63A8565BA0891E570F49914F47CD14F.e.304","ELEMENT":"f.C6BEDD6D30A87F60F18BB833061355F6.d.B63A8565BA0891E570F49914F47CD14F.e.304"}]}
RESULT: {}
RESULT: {}
RESULT: {"script":"<script> [8489 bytes]","args":[{"element-6066-11e4-a52e-4f735466cecf":"f.C6BEDD6D30A87F60F18BB833061355F6.d.B63A8565BA0891E570F49914F47CD14F.e.304","ELEMENT":"f.C6BEDD6D30A87F60F18BB833061355F6.d.B63A8565BA0891E570F49914F47CD14F.e.304"}]}
COMMAND: POST /session/6cb315df952d16724b4cad26491b612d/execute/sync - {"script":"<script> [5351 bytes]","args":[{"element-6066-11e4-a52e-4f735466cecf":"f.C6BEDD6D30A87F60F18BB833061355F6.d.B63A8565BA0891E570F49914F47CD14F.e.304","ELEMENT":"f.C6BEDD6D30A87F60F18BB833061355F6.d.B63A8565BA0891E570F49914F47CD14F.e.304"}]}
COMMAND: GET /session/6cb315df952d16724b4cad26491b612d/screenshot - {}
RESULT: {"script":"<script> [5351 bytes]","args":[{"element-6066-11e4-a52e-4f735466cecf":"f.C6BEDD6D30A87F60F18BB833061355F6.d.B63A8565BA0891E570F49914F47CD14F.e.304","ELEMENT":"f.C6BEDD6D30A87F60F18BB833061355F6.d.B63A8565BA0891E570F49914F47CD14F.e.304"}]}
COMMAND: POST /session/6cb315df952d16724b4cad26491b612d/execute/sync - {"script":"<script> [8489 bytes]","args":[{"element-6066-11e4-a52e-4f735466cecf":"f.C6BEDD6D30A87F60F18BB833061355F6.d.B63A8565BA0891E570F49914F47CD14F.e.304","ELEMENT":"f.C6BEDD6D30A87F60F18BB833061355F6.d.B63A8565BA0891E570F49914F47CD14F.e.304"}]}
COMMAND: GET /session/6cb315df952d16724b4cad26491b612d/screenshot - {}
RESULT: {}
RESULT: {"script":"<script> [8489 bytes]","args":[{"element-6066-11e4-a52e-4f735466cecf":"f.C6BEDD6D30A87F60F18BB833061355F6.d.B63A8565BA0891E570F49914F47CD14F.e.304","ELEMENT":"f.C6BEDD6D30A87F60F18BB833061355F6.d.B63A8565BA0891E570F49914F47CD14F.e.304"}]}
COMMAND: POST /session/6cb315df952d16724b4cad26491b612d/execute/sync - {"script":"<script> [5351 bytes]","args":[{"element-6066-11e4-a52e-4f735466cecf":"f.C6BEDD6D30A87F60F18BB833061355F6.d.B63A8565BA0891E570F49914F47CD14F.e.304","ELEMENT":"f.C6BEDD6D30A87F60F18BB833061355F6.d.B63A8565BA0891E570F49914F47CD14F.e.304"}]}
COMMAND: GET /session/6cb315df952d16724b4cad26491b612d/screenshot - {}
RESULT: {}
RESULT: {"script":"<script> [5351 bytes]","args":[{"element-6066-11e4-a52e-4f735466cecf":"f.C6BEDD6D30A87F60F18BB833061355F6.d.B63A8565BA0891E570F49914F47CD14F.e.304","ELEMENT":"f.C6BEDD6D30A87F60F18BB833061355F6.d.B63A8565BA0891E570F49914F47CD14F.e.304"}]}
COMMAND: POST /session/6cb315df952d16724b4cad26491b612d/execute/sync - {"script":"<script> [8489 bytes]","args":[{"element-6066-11e4-a52e-4f735466cecf":"f.C6BEDD6D30A87F60F18BB833061355F6.d.B63A8565BA0891E570F49914F47CD14F.e.304","ELEMENT":"f.C6BEDD6D30A87F60F18BB833061355F6.d.B63A8565BA0891E570F49914F47CD14F.e.304"}]}
COMMAND: GET /session/6cb315df952d16724b4cad26491b612d/screenshot - {}
RESULT: {}
RESULT: {"script":"<script> [8489 bytes]","args":[{"element-6066-11e4-a52e-4f735466cecf":"f.C6BEDD6D30A87F60F18BB833061355F6.d.B63A8565BA0891E570F49914F47CD14F.e.304","ELEMENT":"f.C6BEDD6D30A87F60F18BB833061355F6.d.B63A8565BA0891E570F49914F47CD14F.e.304"}]}
COMMAND: POST /session/6cb315df952d16724b4cad26491b612d/execute/sync - {"script":"<script> [5351 bytes]","args":[{"element-6066-11e4-a52e-4f735466cecf":"f.C6BEDD6D30A87F60F18BB833061355F6.d.B63A8565BA0891E570F49914F47CD14F.e.304","ELEMENT":"f.C6BEDD6D30A87F60F18BB833061355F6.d.B63A8565BA0891E570F49914F47CD14F.e.304"}]}
COMMAND: GET /session/6cb315df952d16724b4cad26491b612d/screenshot - {}
RESULT: {}
RESULT: {"script":"<script> [5351 bytes]","args":[{"element-6066-11e4-a52e-4f735466cecf":"f.C6BEDD6D30A87F60F18BB833061355F6.d.B63A8565BA0891E570F49914F47CD14F.e.304","ELEMENT":"f.C6BEDD6D30A87F60F18BB833061355F6.d.B63A8565BA0891E570F49914F47CD14F.e.304"}]}
COMMAND: GET /session/6cb315df952d16724b4cad26491b612d/screenshot - {}
COMMAND: POST /session/6cb315df952d16724b4cad26491b612d/execute/sync - {"script":"<script> [8489 bytes]","args":[{"element-6066-11e4-a52e-4f735466cecf":"f.C6BEDD6D30A87F60F18BB833061355F6.d.B63A8565BA0891E570F49914F47CD14F.e.304","ELEMENT":"f.C6BEDD6D30A87F60F18BB833061355F6.d.B63A8565BA0891E570F49914F47CD14F.e.304"}]}
RESULT: {}
RESULT: {}
RESULT: {"script":"<script> [8489 bytes]","args":[{"element-6066-11e4-a52e-4f735466cecf":"f.C6BEDD6D30A87F60F18BB833061355F6.d.B63A8565BA0891E570F49914F47CD14F.e.304","ELEMENT":"f.C6BEDD6D30A87F60F18BB833061355F6.d.B63A8565BA0891E570F49914F47CD14F.e.304"}]}
COMMAND: POST /session/6cb315df952d16724b4cad26491b612d/execute/sync - {"script":"<script> [5351 bytes]","args":[{"element-6066-11e4-a52e-4f735466cecf":"f.C6BEDD6D30A87F60F18BB833061355F6.d.B63A8565BA0891E570F49914F47CD14F.e.304","ELEMENT":"f.C6BEDD6D30A87F60F18BB833061355F6.d.B63A8565BA0891E570F49914F47CD14F.e.304"}]}
COMMAND: GET /session/6cb315df952d16724b4cad26491b612d/screenshot - {}
RESULT: {"script":"<script> [5351 bytes]","args":[{"element-6066-11e4-a52e-4f735466cecf":"f.C6BEDD6D30A87F60F18BB833061355F6.d.B63A8565BA0891E570F49914F47CD14F.e.304","ELEMENT":"f.C6BEDD6D30A87F60F18BB833061355F6.d.B63A8565BA0891E570F49914F47CD14F.e.304"}]}
COMMAND: POST /session/6cb315df952d16724b4cad26491b612d/execute/sync - {"script":"<script> [8489 bytes]","args":[{"element-6066-11e4-a52e-4f735466cecf":"f.C6BEDD6D30A87F60F18BB833061355F6.d.B63A8565BA0891E570F49914F47CD14F.e.304","ELEMENT":"f.C6BEDD6D30A87F60F18BB833061355F6.d.B63A8565BA0891E570F49914F47CD14F.e.304"}]}
COMMAND: GET /session/6cb315df952d16724b4cad26491b612d/screenshot - {}
RESULT: {}
RESULT: {"script":"<script> [8489 bytes]","args":[{"element-6066-11e4-a52e-4f735466cecf":"f.C6BEDD6D30A87F60F18BB833061355F6.d.B63A8565BA0891E570F49914F47CD14F.e.304","ELEMENT":"f.C6BEDD6D30A87F60F18BB833061355F6.d.B63A8565BA0891E570F49914F47CD14F.e.304"}]}
COMMAND: POST /session/6cb315df952d16724b4cad26491b612d/execute/sync - {"script":"<script> [5351 bytes]","args":[{"element-6066-11e4-a52e-4f735466cecf":"f.C6BEDD6D30A87F60F18BB833061355F6.d.B63A8565BA0891E570F49914F47CD14F.e.304","ELEMENT":"f.C6BEDD6D30A87F60F18BB833061355F6.d.B63A8565BA0891E570F49914F47CD14F.e.304"}]}
COMMAND: GET /session/6cb315df952d16724b4cad26491b612d/screenshot - {}
RESULT: {}
RESULT: {"script":"<script> [5351 bytes]","args":[{"element-6066-11e4-a52e-4f735466cecf":"f.C6BEDD6D30A87F60F18BB833061355F6.d.B63A8565BA0891E570F49914F47CD14F.e.304","ELEMENT":"f.C6BEDD6D30A87F60F18BB833061355F6.d.B63A8565BA0891E570F49914F47CD14F.e.304"}]}
COMMAND: GET /session/6cb315df952d16724b4cad26491b612d/screenshot - {}
COMMAND: POST /session/6cb315df952d16724b4cad26491b612d/execute/sync - {"script":"<script> [8489 bytes]","args":[{"element-6066-11e4-a52e-4f735466cecf":"f.C6BEDD6D30A87F60F18BB833061355F6.d.B63A8565BA0891E570F49914F47CD14F.e.304","ELEMENT":"f.C6BEDD6D30A87F60F18BB833061355F6.d.B63A8565BA0891E570F49914F47CD14F.e.304"}]}
RESULT: {}
RESULT: {}
RESULT: {"script":"<script> [8489 bytes]","args":[{"element-6066-11e4-a52e-4f735466cecf":"f.C6BEDD6D30A87F60F18BB833061355F6.d.B63A8565BA0891E570F49914F47CD14F.e.304","ELEMENT":"f.C6BEDD6D30A87F60F18BB833061355F6.d.B63A8565BA0891E570F49914F47CD14F.e.304"}]}
COMMAND: POST /session/6cb315df952d16724b4cad26491b612d/execute/sync - {"script":"<script> [5351 bytes]","args":[{"element-6066-11e4-a52e-4f735466cecf":"f.C6BEDD6D30A87F60F18BB833061355F6.d.B63A8565BA0891E570F49914F47CD14F.e.304","ELEMENT":"f.C6BEDD6D30A87F60F18BB833061355F6.d.B63A8565BA0891E570F49914F47CD14F.e.304"}]}
COMMAND: GET /session/6cb315df952d16724b4cad26491b612d/screenshot - {}
RESULT: {"script":"<script> [5351 bytes]","args":[{"element-6066-11e4-a52e-4f735466cecf":"f.C6BEDD6D30A87F60F18BB833061355F6.d.B63A8565BA0891E570F49914F47CD14F.e.304","ELEMENT":"f.C6BEDD6D30A87F60F18BB833061355F6.d.B63A8565BA0891E570F49914F47CD14F.e.304"}]}
COMMAND: GET /session/6cb315df952d16724b4cad26491b612d/screenshot - {}
COMMAND: POST /session/6cb315df952d16724b4cad26491b612d/execute/sync - {"script":"<script> [8489 bytes]","args":[{"element-6066-11e4-a52e-4f735466cecf":"f.C6BEDD6D30A87F60F18BB833061355F6.d.B63A8565BA0891E570F49914F47CD14F.e.304","ELEMENT":"f.C6BEDD6D30A87F60F18BB833061355F6.d.B63A8565BA0891E570F49914F47CD14F.e.304"}]}
RESULT: {}
RESULT: {}
RESULT: {"script":"<script> [8489 bytes]","args":[{"element-6066-11e4-a52e-4f735466cecf":"f.C6BEDD6D30A87F60F18BB833061355F6.d.B63A8565BA0891E570F49914F47CD14F.e.304","ELEMENT":"f.C6BEDD6D30A87F60F18BB833061355F6.d.B63A8565BA0891E570F49914F47CD14F.e.304"}]}
COMMAND: POST /session/6cb315df952d16724b4cad26491b612d/execute/sync - {"script":"<script> [5351 bytes]","args":[{"element-6066-11e4-a52e-4f735466cecf":"f.C6BEDD6D30A87F60F18BB833061355F6.d.B63A8565BA0891E570F49914F47CD14F.e.304","ELEMENT":"f.C6BEDD6D30A87F60F18BB833061355F6.d.B63A8565BA0891E570F49914F47CD14F.e.304"}]}
COMMAND: GET /session/6cb315df952d16724b4cad26491b612d/screenshot - {}
RESULT: {"script":"<script> [5351 bytes]","args":[{"element-6066-11e4-a52e-4f735466cecf":"f.C6BEDD6D30A87F60F18BB833061355F6.d.B63A8565BA0891E570F49914F47CD14F.e.304","ELEMENT":"f.C6BEDD6D30A87F60F18BB833061355F6.d.B63A8565BA0891E570F49914F47CD14F.e.304"}]}
COMMAND: GET /session/6cb315df952d16724b4cad26491b612d/screenshot - {}
COMMAND: POST /session/6cb315df952d16724b4cad26491b612d/execute/sync - {"script":"<script> [8489 bytes]","args":[{"element-6066-11e4-a52e-4f735466cecf":"f.C6BEDD6D30A87F60F18BB833061355F6.d.B63A8565BA0891E570F49914F47CD14F.e.304","ELEMENT":"f.C6BEDD6D30A87F60F18BB833061355F6.d.B63A8565BA0891E570F49914F47CD14F.e.304"}]}
RESULT: {}
RESULT: {}
RESULT: {"script":"<script> [8489 bytes]","args":[{"element-6066-11e4-a52e-4f735466cecf":"f.C6BEDD6D30A87F60F18BB833061355F6.d.B63A8565BA0891E570F49914F47CD14F.e.304","ELEMENT":"f.C6BEDD6D30A87F60F18BB833061355F6.d.B63A8565BA0891E570F49914F47CD14F.e.304"}]}
COMMAND: POST /session/6cb315df952d16724b4cad26491b612d/execute/sync - {"script":"<script> [5351 bytes]","args":[{"element-6066-11e4-a52e-4f735466cecf":"f.C6BEDD6D30A87F60F18BB833061355F6.d.B63A8565BA0891E570F49914F47CD14F.e.304","ELEMENT":"f.C6BEDD6D30A87F60F18BB833061355F6.d.B63A8565BA0891E570F49914F47CD14F.e.304"}]}
COMMAND: GET /session/6cb315df952d16724b4cad26491b612d/screenshot - {}
RESULT: {"script":"<script> [5351 bytes]","args":[{"element-6066-11e4-a52e-4f735466cecf":"f.C6BEDD6D30A87F60F18BB833061355F6.d.B63A8565BA0891E570F49914F47CD14F.e.304","ELEMENT":"f.C6BEDD6D30A87F60F18BB833061355F6.d.B63A8565BA0891E570F49914F47CD14F.e.304"}]}
COMMAND: GET /session/6cb315df952d16724b4cad26491b612d/screenshot - {}
COMMAND: POST /session/6cb315df952d16724b4cad26491b612d/execute/sync - {"script":"<script> [8489 bytes]","args":[{"element-6066-11e4-a52e-4f735466cecf":"f.C6BEDD6D30A87F60F18BB833061355F6.d.B63A8565BA0891E570F49914F47CD14F.e.304","ELEMENT":"f.C6BEDD6D30A87F60F18BB833061355F6.d.B63A8565BA0891E570F49914F47CD14F.e.304"}]}
RESULT: {}
RESULT: {}
RESULT: {"script":"<script> [8489 bytes]","args":[{"element-6066-11e4-a52e-4f735466cecf":"f.C6BEDD6D30A87F60F18BB833061355F6.d.B63A8565BA0891E570F49914F47CD14F.e.304","ELEMENT":"f.C6BEDD6D30A87F60F18BB833061355F6.d.B63A8565BA0891E570F49914F47CD14F.e.304"}]}
COMMAND: POST /session/6cb315df952d16724b4cad26491b612d/execute/sync - {"script":"<script> [5351 bytes]","args":[{"element-6066-11e4-a52e-4f735466cecf":"f.C6BEDD6D30A87F60F18BB833061355F6.d.B63A8565BA0891E570F49914F47CD14F.e.304","ELEMENT":"f.C6BEDD6D30A87F60F18BB833061355F6.d.B63A8565BA0891E570F49914F47CD14F.e.304"}]}
COMMAND: GET /session/6cb315df952d16724b4cad26491b612d/screenshot - {}
RESULT: {"script":"<script> [5351 bytes]","args":[{"element-6066-11e4-a52e-4f735466cecf":"f.C6BEDD6D30A87F60F18BB833061355F6.d.B63A8565BA0891E570F49914F47CD14F.e.304","ELEMENT":"f.C6BEDD6D30A87F60F18BB833061355F6.d.B63A8565BA0891E570F49914F47CD14F.e.304"}]}
COMMAND: GET /session/6cb315df952d16724b4cad26491b612d/screenshot - {}
COMMAND: POST /session/6cb315df952d16724b4cad26491b612d/execute/sync - {"script":"<script> [8489 bytes]","args":[{"element-6066-11e4-a52e-4f735466cecf":"f.C6BEDD6D30A87F60F18BB833061355F6.d.B63A8565BA0891E570F49914F47CD14F.e.304","ELEMENT":"f.C6BEDD6D30A87F60F18BB833061355F6.d.B63A8565BA0891E570F49914F47CD14F.e.304"}]}
RESULT: {}
RESULT: {}
RESULT: {"script":"<script> [8489 bytes]","args":[{"element-6066-11e4-a52e-4f735466cecf":"f.C6BEDD6D30A87F60F18BB833061355F6.d.B63A8565BA0891E570F49914F47CD14F.e.304","ELEMENT":"f.C6BEDD6D30A87F60F18BB833061355F6.d.B63A8565BA0891E570F49914F47CD14F.e.304"}]}
COMMAND: POST /session/6cb315df952d16724b4cad26491b612d/execute/sync - {"script":"<script> [5351 bytes]","args":[{"element-6066-11e4-a52e-4f735466cecf":"f.C6BEDD6D30A87F60F18BB833061355F6.d.B63A8565BA0891E570F49914F47CD14F.e.304","ELEMENT":"f.C6BEDD6D30A87F60F18BB833061355F6.d.B63A8565BA0891E570F49914F47CD14F.e.304"}]}
COMMAND: GET /session/6cb315df952d16724b4cad26491b612d/screenshot - {}
RESULT: {"script":"<script> [5351 bytes]","args":[{"element-6066-11e4-a52e-4f735466cecf":"f.C6BEDD6D30A87F60F18BB833061355F6.d.B63A8565BA0891E570F49914F47CD14F.e.304","ELEMENT":"f.C6BEDD6D30A87F60F18BB833061355F6.d.B63A8565BA0891E570F49914F47CD14F.e.304"}]}
COMMAND: GET /session/6cb315df952d16724b4cad26491b612d/screenshot - {}
COMMAND: POST /session/6cb315df952d16724b4cad26491b612d/execute/sync - {"script":"<script> [8489 bytes]","args":[{"element-6066-11e4-a52e-4f735466cecf":"f.C6BEDD6D30A87F60F18BB833061355F6.d.B63A8565BA0891E570F49914F47CD14F.e.304","ELEMENT":"f.C6BEDD6D30A87F60F18BB833061355F6.d.B63A8565BA0891E570F49914F47CD14F.e.304"}]}
RESULT: {}
RESULT: {}
RESULT: {"script":"<script> [8489 bytes]","args":[{"element-6066-11e4-a52e-4f735466cecf":"f.C6BEDD6D30A87F60F18BB833061355F6.d.B63A8565BA0891E570F49914F47CD14F.e.304","ELEMENT":"f.C6BEDD6D30A87F60F18BB833061355F6.d.B63A8565BA0891E570F49914F47CD14F.e.304"}]}
COMMAND: POST /session/6cb315df952d16724b4cad26491b612d/execute/sync - {"script":"<script> [5351 bytes]","args":[{"element-6066-11e4-a52e-4f735466cecf":"f.C6BEDD6D30A87F60F18BB833061355F6.d.B63A8565BA0891E570F49914F47CD14F.e.304","ELEMENT":"f.C6BEDD6D30A87F60F18BB833061355F6.d.B63A8565BA0891E570F49914F47CD14F.e.304"}]}
COMMAND: GET /session/6cb315df952d16724b4cad26491b612d/screenshot - {}
RESULT: {"script":"<script> [5351 bytes]","args":[{"element-6066-11e4-a52e-4f735466cecf":"f.C6BEDD6D30A87F60F18BB833061355F6.d.B63A8565BA0891E570F49914F47CD14F.e.304","ELEMENT":"f.C6BEDD6D30A87F60F18BB833061355F6.d.B63A8565BA0891E570F49914F47CD14F.e.304"}]}
COMMAND: POST /session/6cb315df952d16724b4cad26491b612d/execute/sync - {"script":"<script> [8489 bytes]","args":[{"element-6066-11e4-a52e-4f735466cecf":"f.C6BEDD6D30A87F60F18BB833061355F6.d.B63A8565BA0891E570F49914F47CD14F.e.304","ELEMENT":"f.C6BEDD6D30A87F60F18BB833061355F6.d.B63A8565BA0891E570F49914F47CD14F.e.304"}]}
COMMAND: GET /session/6cb315df952d16724b4cad26491b612d/screenshot - {}
RESULT: {}
RESULT: {"script":"<script> [8489 bytes]","args":[{"element-6066-11e4-a52e-4f735466cecf":"f.C6BEDD6D30A87F60F18BB833061355F6.d.B63A8565BA0891E570F49914F47CD14F.e.304","ELEMENT":"f.C6BEDD6D30A87F60F18BB833061355F6.d.B63A8565BA0891E570F49914F47CD14F.e.304"}]}
COMMAND: POST /session/6cb315df952d16724b4cad26491b612d/execute/sync - {"script":"<script> [5351 bytes]","args":[{"element-6066-11e4-a52e-4f735466cecf":"f.C6BEDD6D30A87F60F18BB833061355F6.d.B63A8565BA0891E570F49914F47CD14F.e.304","ELEMENT":"f.C6BEDD6D30A87F60F18BB833061355F6.d.B63A8565BA0891E570F49914F47CD14F.e.304"}]}
COMMAND: GET /session/6cb315df952d16724b4cad26491b612d/screenshot - {}
RESULT: {}
RESULT: {"script":"<script> [5351 bytes]","args":[{"element-6066-11e4-a52e-4f735466cecf":"f.C6BEDD6D30A87F60F18BB833061355F6.d.B63A8565BA0891E570F49914F47CD14F.e.304","ELEMENT":"f.C6BEDD6D30A87F60F18BB833061355F6.d.B63A8565BA0891E570F49914F47CD14F.e.304"}]}
COMMAND: GET /session/6cb315df952d16724b4cad26491b612d/screenshot - {}
COMMAND: POST /session/6cb315df952d16724b4cad26491b612d/execute/sync - {"script":"<script> [8489 bytes]","args":[{"element-6066-11e4-a52e-4f735466cecf":"f.C6BEDD6D30A87F60F18BB833061355F6.d.B63A8565BA0891E570F49914F47CD14F.e.304","ELEMENT":"f.C6BEDD6D30A87F60F18BB833061355F6.d.B63A8565BA0891E570F49914F47CD14F.e.304"}]}
RESULT: {}
RESULT: {}
RESULT: {"script":"<script> [8489 bytes]","args":[{"element-6066-11e4-a52e-4f735466cecf":"f.C6BEDD6D30A87F60F18BB833061355F6.d.B63A8565BA0891E570F49914F47CD14F.e.304","ELEMENT":"f.C6BEDD6D30A87F60F18BB833061355F6.d.B63A8565BA0891E570F49914F47CD14F.e.304"}]}
COMMAND: POST /session/6cb315df952d16724b4cad26491b612d/execute/sync - {"script":"<script> [5351 bytes]","args":[{"element-6066-11e4-a52e-4f735466cecf":"f.C6BEDD6D30A87F60F18BB833061355F6.d.B63A8565BA0891E570F49914F47CD14F.e.304","ELEMENT":"f.C6BEDD6D30A87F60F18BB833061355F6.d.B63A8565BA0891E570F49914F47CD14F.e.304"}]}
COMMAND: GET /session/6cb315df952d16724b4cad26491b612d/screenshot - {}
RESULT: {"script":"<script> [5351 bytes]","args":[{"element-6066-11e4-a52e-4f735466cecf":"f.C6BEDD6D30A87F60F18BB833061355F6.d.B63A8565BA0891E570F49914F47CD14F.e.304","ELEMENT":"f.C6BEDD6D30A87F60F18BB833061355F6.d.B63A8565BA0891E570F49914F47CD14F.e.304"}]}
COMMAND: GET /session/6cb315df952d16724b4cad26491b612d/screenshot - {}
COMMAND: POST /session/6cb315df952d16724b4cad26491b612d/execute/sync - {"script":"<script> [8489 bytes]","args":[{"element-6066-11e4-a52e-4f735466cecf":"f.C6BEDD6D30A87F60F18BB833061355F6.d.B63A8565BA0891E570F49914F47CD14F.e.304","ELEMENT":"f.C6BEDD6D30A87F60F18BB833061355F6.d.B63A8565BA0891E570F49914F47CD14F.e.304"}]}
RESULT: {}
RESULT: {"script":"<script> [8489 bytes]","args":[{"element-6066-11e4-a52e-4f735466cecf":"f.C6BEDD6D30A87F60F18BB833061355F6.d.B63A8565BA0891E570F49914F47CD14F.e.304","ELEMENT":"f.C6BEDD6D30A87F60F18BB833061355F6.d.B63A8565BA0891E570F49914F47CD14F.e.304"}]}
COMMAND: POST /session/6cb315df952d16724b4cad26491b612d/execute/sync - {"script":"<script> [5351 bytes]","args":[{"element-6066-11e4-a52e-4f735466cecf":"f.C6BEDD6D30A87F60F18BB833061355F6.d.B63A8565BA0891E570F49914F47CD14F.e.304","ELEMENT":"f.C6BEDD6D30A87F60F18BB833061355F6.d.B63A8565BA0891E570F49914F47CD14F.e.304"}]}
COMMAND: GET /session/6cb315df952d16724b4cad26491b612d/screenshot - {}
RESULT: {}
RESULT: {"script":"<script> [5351 bytes]","args":[{"element-6066-11e4-a52e-4f735466cecf":"f.C6BEDD6D30A87F60F18BB833061355F6.d.B63A8565BA0891E570F49914F47CD14F.e.304","ELEMENT":"f.C6BEDD6D30A87F60F18BB833061355F6.d.B63A8565BA0891E570F49914F47CD14F.e.304"}]}
COMMAND: GET /session/6cb315df952d16724b4cad26491b612d/screenshot - {}
COMMAND: POST /session/6cb315df952d16724b4cad26491b612d/execute/sync - {"script":"<script> [8489 bytes]","args":[{"element-6066-11e4-a52e-4f735466cecf":"f.C6BEDD6D30A87F60F18BB833061355F6.d.B63A8565BA0891E570F49914F47CD14F.e.304","ELEMENT":"f.C6BEDD6D30A87F60F18BB833061355F6.d.B63A8565BA0891E570F49914F47CD14F.e.304"}]}
RESULT: {}
RESULT: {}
RESULT: {"script":"<script> [8489 bytes]","args":[{"element-6066-11e4-a52e-4f735466cecf":"f.C6BEDD6D30A87F60F18BB833061355F6.d.B63A8565BA0891E570F49914F47CD14F.e.304","ELEMENT":"f.C6BEDD6D30A87F60F18BB833061355F6.d.B63A8565BA0891E570F49914F47CD14F.e.304"}]}
COMMAND: POST /session/6cb315df952d16724b4cad26491b612d/execute/sync - {"script":"<script> [5351 bytes]","args":[{"element-6066-11e4-a52e-4f735466cecf":"f.C6BEDD6D30A87F60F18BB833061355F6.d.B63A8565BA0891E570F49914F47CD14F.e.304","ELEMENT":"f.C6BEDD6D30A87F60F18BB833061355F6.d.B63A8565BA0891E570F49914F47CD14F.e.304"}]}
COMMAND: GET /session/6cb315df952d16724b4cad26491b612d/screenshot - {}
RESULT: {"script":"<script> [5351 bytes]","args":[{"element-6066-11e4-a52e-4f735466cecf":"f.C6BEDD6D30A87F60F18BB833061355F6.d.B63A8565BA0891E570F49914F47CD14F.e.304","ELEMENT":"f.C6BEDD6D30A87F60F18BB833061355F6.d.B63A8565BA0891E570F49914F47CD14F.e.304"}]}
COMMAND: POST /session/6cb315df952d16724b4cad26491b612d/execute/sync - {"script":"<script> [8489 bytes]","args":[{"element-6066-11e4-a52e-4f735466cecf":"f.C6BEDD6D30A87F60F18BB833061355F6.d.B63A8565BA0891E570F49914F47CD14F.e.304","ELEMENT":"f.C6BEDD6D30A87F60F18BB833061355F6.d.B63A8565BA0891E570F49914F47CD14F.e.304"}]}
COMMAND: GET /session/6cb315df952d16724b4cad26491b612d/screenshot - {}
RESULT: {}
RESULT: {"script":"<script> [8489 bytes]","args":[{"element-6066-11e4-a52e-4f735466cecf":"f.C6BEDD6D30A87F60F18BB833061355F6.d.B63A8565BA0891E570F49914F47CD14F.e.304","ELEMENT":"f.C6BEDD6D30A87F60F18BB833061355F6.d.B63A8565BA0891E570F49914F47CD14F.e.304"}]}
COMMAND: POST /session/6cb315df952d16724b4cad26491b612d/execute/sync - {"script":"<script> [5351 bytes]","args":[{"element-6066-11e4-a52e-4f735466cecf":"f.C6BEDD6D30A87F60F18BB833061355F6.d.B63A8565BA0891E570F49914F47CD14F.e.304","ELEMENT":"f.C6BEDD6D30A87F60F18BB833061355F6.d.B63A8565BA0891E570F49914F47CD14F.e.304"}]}
COMMAND: GET /session/6cb315df952d16724b4cad26491b612d/screenshot - {}
RESULT: {}
RESULT: {"script":"<script> [5351 bytes]","args":[{"element-6066-11e4-a52e-4f735466cecf":"f.C6BEDD6D30A87F60F18BB833061355F6.d.B63A8565BA0891E570F49914F47CD14F.e.304","ELEMENT":"f.C6BEDD6D30A87F60F18BB833061355F6.d.B63A8565BA0891E570F49914F47CD14F.e.304"}]}
COMMAND: GET /session/6cb315df952d16724b4cad26491b612d/screenshot - {}
COMMAND: POST /session/6cb315df952d16724b4cad26491b612d/execute/sync - {"script":"<script> [8489 bytes]","args":[{"element-6066-11e4-a52e-4f735466cecf":"f.C6BEDD6D30A87F60F18BB833061355F6.d.B63A8565BA0891E570F49914F47CD14F.e.304","ELEMENT":"f.C6BEDD6D30A87F60F18BB833061355F6.d.B63A8565BA0891E570F49914F47CD14F.e.304"}]}
RESULT: {}
RESULT: {"script":"<script> [8489 bytes]","args":[{"element-6066-11e4-a52e-4f735466cecf":"f.C6BEDD6D30A87F60F18BB833061355F6.d.B63A8565BA0891E570F49914F47CD14F.e.304","ELEMENT":"f.C6BEDD6D30A87F60F18BB833061355F6.d.B63A8565BA0891E570F49914F47CD14F.e.304"}]}
COMMAND: POST /session/6cb315df952d16724b4cad26491b612d/execute/sync - {"script":"<script> [5351 bytes]","args":[{"element-6066-11e4-a52e-4f735466cecf":"f.C6BEDD6D30A87F60F18BB833061355F6.d.B63A8565BA0891E570F49914F47CD14F.e.304","ELEMENT":"f.C6BEDD6D30A87F60F18BB833061355F6.d.B63A8565BA0891E570F49914F47CD14F.e.304"}]}
COMMAND: GET /session/6cb315df952d16724b4cad26491b612d/screenshot - {}
RESULT: {}
RESULT: {"script":"<script> [5351 bytes]","args":[{"element-6066-11e4-a52e-4f735466cecf":"f.C6BEDD6D30A87F60F18BB833061355F6.d.B63A8565BA0891E570F49914F47CD14F.e.304","ELEMENT":"f.C6BEDD6D30A87F60F18BB833061355F6.d.B63A8565BA0891E570F49914F47CD14F.e.304"}]}
COMMAND: GET /session/6cb315df952d16724b4cad26491b612d/screenshot - {}
COMMAND: POST /session/6cb315df952d16724b4cad26491b612d/execute/sync - {"script":"<script> [8489 bytes]","args":[{"element-6066-11e4-a52e-4f735466cecf":"f.C6BEDD6D30A87F60F18BB833061355F6.d.B63A8565BA0891E570F49914F47CD14F.e.304","ELEMENT":"f.C6BEDD6D30A87F60F18BB833061355F6.d.B63A8565BA0891E570F49914F47CD14F.e.304"}]}
RESULT: {}
RESULT: {}
RESULT: {"script":"<script> [8489 bytes]","args":[{"element-6066-11e4-a52e-4f735466cecf":"f.C6BEDD6D30A87F60F18BB833061355F6.d.B63A8565BA0891E570F49914F47CD14F.e.304","ELEMENT":"f.C6BEDD6D30A87F60F18BB833061355F6.d.B63A8565BA0891E570F49914F47CD14F.e.304"}]}
COMMAND: POST /session/6cb315df952d16724b4cad26491b612d/execute/sync - {"script":"<script> [5351 bytes]","args":[{"element-6066-11e4-a52e-4f735466cecf":"f.C6BEDD6D30A87F60F18BB833061355F6.d.B63A8565BA0891E570F49914F47CD14F.e.304","ELEMENT":"f.C6BEDD6D30A87F60F18BB833061355F6.d.B63A8565BA0891E570F49914F47CD14F.e.304"}]}
COMMAND: GET /session/6cb315df952d16724b4cad26491b612d/screenshot - {}
RESULT: {"script":"<script> [5351 bytes]","args":[{"element-6066-11e4-a52e-4f735466cecf":"f.C6BEDD6D30A87F60F18BB833061355F6.d.B63A8565BA0891E570F49914F47CD14F.e.304","ELEMENT":"f.C6BEDD6D30A87F60F18BB833061355F6.d.B63A8565BA0891E570F49914F47CD14F.e.304"}]}
COMMAND: GET /session/6cb315df952d16724b4cad26491b612d/screenshot - {}
COMMAND: POST /session/6cb315df952d16724b4cad26491b612d/execute/sync - {"script":"<script> [8489 bytes]","args":[{"element-6066-11e4-a52e-4f735466cecf":"f.C6BEDD6D30A87F60F18BB833061355F6.d.B63A8565BA0891E570F49914F47CD14F.e.304","ELEMENT":"f.C6BEDD6D30A87F60F18BB833061355F6.d.B63A8565BA0891E570F49914F47CD14F.e.304"}]}
RESULT: {}
RESULT: {}
RESULT: {"script":"<script> [8489 bytes]","args":[{"element-6066-11e4-a52e-4f735466cecf":"f.C6BEDD6D30A87F60F18BB833061355F6.d.B63A8565BA0891E570F49914F47CD14F.e.304","ELEMENT":"f.C6BEDD6D30A87F60F18BB833061355F6.d.B63A8565BA0891E570F49914F47CD14F.e.304"}]}
COMMAND: POST /session/6cb315df952d16724b4cad26491b612d/execute/sync - {"script":"<script> [5351 bytes]","args":[{"element-6066-11e4-a52e-4f735466cecf":"f.C6BEDD6D30A87F60F18BB833061355F6.d.B63A8565BA0891E570F49914F47CD14F.e.304","ELEMENT":"f.C6BEDD6D30A87F60F18BB833061355F6.d.B63A8565BA0891E570F49914F47CD14F.e.304"}]}
COMMAND: GET /session/6cb315df952d16724b4cad26491b612d/screenshot - {}
RESULT: {"script":"<script> [5351 bytes]","args":[{"element-6066-11e4-a52e-4f735466cecf":"f.C6BEDD6D30A87F60F18BB833061355F6.d.B63A8565BA0891E570F49914F47CD14F.e.304","ELEMENT":"f.C6BEDD6D30A87F60F18BB833061355F6.d.B63A8565BA0891E570F49914F47CD14F.e.304"}]}
COMMAND: GET /session/6cb315df952d16724b4cad26491b612d/screenshot - {}
COMMAND: POST /session/6cb315df952d16724b4cad26491b612d/execute/sync - {"script":"<script> [8489 bytes]","args":[{"element-6066-11e4-a52e-4f735466cecf":"f.C6BEDD6D30A87F60F18BB833061355F6.d.B63A8565BA0891E570F49914F47CD14F.e.304","ELEMENT":"f.C6BEDD6D30A87F60F18BB833061355F6.d.B63A8565BA0891E570F49914F47CD14F.e.304"}]}
RESULT: {}
RESULT: {}
RESULT: {"script":"<script> [8489 bytes]","args":[{"element-6066-11e4-a52e-4f735466cecf":"f.C6BEDD6D30A87F60F18BB833061355F6.d.B63A8565BA0891E570F49914F47CD14F.e.304","ELEMENT":"f.C6BEDD6D30A87F60F18BB833061355F6.d.B63A8565BA0891E570F49914F47CD14F.e.304"}]}
COMMAND: POST /session/6cb315df952d16724b4cad26491b612d/execute/sync - {"script":"<script> [5351 bytes]","args":[{"element-6066-11e4-a52e-4f735466cecf":"f.C6BEDD6D30A87F60F18BB833061355F6.d.B63A8565BA0891E570F49914F47CD14F.e.304","ELEMENT":"f.C6BEDD6D30A87F60F18BB833061355F6.d.B63A8565BA0891E570F49914F47CD14F.e.304"}]}
COMMAND: GET /session/6cb315df952d16724b4cad26491b612d/screenshot - {}
RESULT: {"script":"<script> [5351 bytes]","args":[{"element-6066-11e4-a52e-4f735466cecf":"f.C6BEDD6D30A87F60F18BB833061355F6.d.B63A8565BA0891E570F49914F47CD14F.e.304","ELEMENT":"f.C6BEDD6D30A87F60F18BB833061355F6.d.B63A8565BA0891E570F49914F47CD14F.e.304"}]}
COMMAND: GET /session/6cb315df952d16724b4cad26491b612d/screenshot - {}
COMMAND: POST /session/6cb315df952d16724b4cad26491b612d/execute/sync - {"script":"<script> [8489 bytes]","args":[{"element-6066-11e4-a52e-4f735466cecf":"f.C6BEDD6D30A87F60F18BB833061355F6.d.B63A8565BA0891E570F49914F47CD14F.e.304","ELEMENT":"f.C6BEDD6D30A87F60F18BB833061355F6.d.B63A8565BA0891E570F49914F47CD14F.e.304"}]}
RESULT: {}
RESULT: {"script":"<script> [8489 bytes]","args":[{"element-6066-11e4-a52e-4f735466cecf":"f.C6BEDD6D30A87F60F18BB833061355F6.d.B63A8565BA0891E570F49914F47CD14F.e.304","ELEMENT":"f.C6BEDD6D30A87F60F18BB833061355F6.d.B63A8565BA0891E570F49914F47CD14F.e.304"}]}
COMMAND: POST /session/6cb315df952d16724b4cad26491b612d/execute/sync - {"script":"<script> [5351 bytes]","args":[{"element-6066-11e4-a52e-4f735466cecf":"f.C6BEDD6D30A87F60F18BB833061355F6.d.B63A8565BA0891E570F49914F47CD14F.e.304","ELEMENT":"f.C6BEDD6D30A87F60F18BB833061355F6.d.B63A8565BA0891E570F49914F47CD14F.e.304"}]}
COMMAND: GET /session/6cb315df952d16724b4cad26491b612d/screenshot - {}
RESULT: {}
RESULT: {"script":"<script> [5351 bytes]","args":[{"element-6066-11e4-a52e-4f735466cecf":"f.C6BEDD6D30A87F60F18BB833061355F6.d.B63A8565BA0891E570F49914F47CD14F.e.304","ELEMENT":"f.C6BEDD6D30A87F60F18BB833061355F6.d.B63A8565BA0891E570F49914F47CD14F.e.304"}]}
COMMAND: GET /session/6cb315df952d16724b4cad26491b612d/screenshot - {}
COMMAND: POST /session/6cb315df952d16724b4cad26491b612d/execute/sync - {"script":"<script> [8489 bytes]","args":[{"element-6066-11e4-a52e-4f735466cecf":"f.C6BEDD6D30A87F60F18BB833061355F6.d.B63A8565BA0891E570F49914F47CD14F.e.304","ELEMENT":"f.C6BEDD6D30A87F60F18BB833061355F6.d.B63A8565BA0891E570F49914F47CD14F.e.304"}]}
RESULT: {}
RESULT: {"script":"<script> [8489 bytes]","args":[{"element-6066-11e4-a52e-4f735466cecf":"f.C6BEDD6D30A87F60F18BB833061355F6.d.B63A8565BA0891E570F49914F47CD14F.e.304","ELEMENT":"f.C6BEDD6D30A87F60F18BB833061355F6.d.B63A8565BA0891E570F49914F47CD14F.e.304"}]}
COMMAND: POST /session/6cb315df952d16724b4cad26491b612d/execute/sync - {"script":"<script> [5351 bytes]","args":[{"element-6066-11e4-a52e-4f735466cecf":"f.C6BEDD6D30A87F60F18BB833061355F6.d.B63A8565BA0891E570F49914F47CD14F.e.304","ELEMENT":"f.C6BEDD6D30A87F60F18BB833061355F6.d.B63A8565BA0891E570F49914F47CD14F.e.304"}]}
COMMAND: GET /session/6cb315df952d16724b4cad26491b612d/screenshot - {}
RESULT: {}
RESULT: {"script":"<script> [5351 bytes]","args":[{"element-6066-11e4-a52e-4f735466cecf":"f.C6BEDD6D30A87F60F18BB833061355F6.d.B63A8565BA0891E570F49914F47CD14F.e.304","ELEMENT":"f.C6BEDD6D30A87F60F18BB833061355F6.d.B63A8565BA0891E570F49914F47CD14F.e.304"}]}
COMMAND: POST /session/6cb315df952d16724b4cad26491b612d/execute/sync - {"script":"<script> [8489 bytes]","args":[{"element-6066-11e4-a52e-4f735466cecf":"f.C6BEDD6D30A87F60F18BB833061355F6.d.B63A8565BA0891E570F49914F47CD14F.e.304","ELEMENT":"f.C6BEDD6D30A87F60F18BB833061355F6.d.B63A8565BA0891E570F49914F47CD14F.e.304"}]}
COMMAND: GET /session/6cb315df952d16724b4cad26491b612d/screenshot - {}
RESULT: {}
RESULT: {"script":"<script> [8489 bytes]","args":[{"element-6066-11e4-a52e-4f735466cecf":"f.C6BEDD6D30A87F60F18BB833061355F6.d.B63A8565BA0891E570F49914F47CD14F.e.304","ELEMENT":"f.C6BEDD6D30A87F60F18BB833061355F6.d.B63A8565BA0891E570F49914F47CD14F.e.304"}]}
COMMAND: POST /session/6cb315df952d16724b4cad26491b612d/execute/sync - {"script":"<script> [5351 bytes]","args":[{"element-6066-11e4-a52e-4f735466cecf":"f.C6BEDD6D30A87F60F18BB833061355F6.d.B63A8565BA0891E570F49914F47CD14F.e.304","ELEMENT":"f.C6BEDD6D30A87F60F18BB833061355F6.d.B63A8565BA0891E570F49914F47CD14F.e.304"}]}
COMMAND: GET /session/6cb315df952d16724b4cad26491b612d/screenshot - {}
RESULT: {}
RESULT: {"script":"<script> [5351 bytes]","args":[{"element-6066-11e4-a52e-4f735466cecf":"f.C6BEDD6D30A87F60F18BB833061355F6.d.B63A8565BA0891E570F49914F47CD14F.e.304","ELEMENT":"f.C6BEDD6D30A87F60F18BB833061355F6.d.B63A8565BA0891E570F49914F47CD14F.e.304"}]}
COMMAND: GET /session/6cb315df952d16724b4cad26491b612d/screenshot - {}
COMMAND: POST /session/6cb315df952d16724b4cad26491b612d/execute/sync - {"script":"<script> [8489 bytes]","args":[{"element-6066-11e4-a52e-4f735466cecf":"f.C6BEDD6D30A87F60F18BB833061355F6.d.B63A8565BA0891E570F49914F47CD14F.e.304","ELEMENT":"f.C6BEDD6D30A87F60F18BB833061355F6.d.B63A8565BA0891E570F49914F47CD14F.e.304"}]}
RESULT: {}
RESULT: {}
RESULT: {"script":"<script> [8489 bytes]","args":[{"element-6066-11e4-a52e-4f735466cecf":"f.C6BEDD6D30A87F60F18BB833061355F6.d.B63A8565BA0891E570F49914F47CD14F.e.304","ELEMENT":"f.C6BEDD6D30A87F60F18BB833061355F6.d.B63A8565BA0891E570F49914F47CD14F.e.304"}]}
COMMAND: POST /session/6cb315df952d16724b4cad26491b612d/execute/sync - {"script":"<script> [5351 bytes]","args":[{"element-6066-11e4-a52e-4f735466cecf":"f.C6BEDD6D30A87F60F18BB833061355F6.d.B63A8565BA0891E570F49914F47CD14F.e.304","ELEMENT":"f.C6BEDD6D30A87F60F18BB833061355F6.d.B63A8565BA0891E570F49914F47CD14F.e.304"}]}
COMMAND: GET /session/6cb315df952d16724b4cad26491b612d/screenshot - {}
RESULT: {"script":"<script> [5351 bytes]","args":[{"element-6066-11e4-a52e-4f735466cecf":"f.C6BEDD6D30A87F60F18BB833061355F6.d.B63A8565BA0891E570F49914F47CD14F.e.304","ELEMENT":"f.C6BEDD6D30A87F60F18BB833061355F6.d.B63A8565BA0891E570F49914F47CD14F.e.304"}]}
COMMAND: GET /session/6cb315df952d16724b4cad26491b612d/screenshot - {}
COMMAND: POST /session/6cb315df952d16724b4cad26491b612d/execute/sync - {"script":"<script> [8489 bytes]","args":[{"element-6066-11e4-a52e-4f735466cecf":"f.C6BEDD6D30A87F60F18BB833061355F6.d.B63A8565BA0891E570F49914F47CD14F.e.304","ELEMENT":"f.C6BEDD6D30A87F60F18BB833061355F6.d.B63A8565BA0891E570F49914F47CD14F.e.304"}]}
RESULT: {}
RESULT: {}
RESULT: {"script":"<script> [8489 bytes]","args":[{"element-6066-11e4-a52e-4f735466cecf":"f.C6BEDD6D30A87F60F18BB833061355F6.d.B63A8565BA0891E570F49914F47CD14F.e.304","ELEMENT":"f.C6BEDD6D30A87F60F18BB833061355F6.d.B63A8565BA0891E570F49914F47CD14F.e.304"}]}
COMMAND: POST /session/6cb315df952d16724b4cad26491b612d/execute/sync - {"script":"<script> [5351 bytes]","args":[{"element-6066-11e4-a52e-4f735466cecf":"f.C6BEDD6D30A87F60F18BB833061355F6.d.B63A8565BA0891E570F49914F47CD14F.e.304","ELEMENT":"f.C6BEDD6D30A87F60F18BB833061355F6.d.B63A8565BA0891E570F49914F47CD14F.e.304"}]}
COMMAND: GET /session/6cb315df952d16724b4cad26491b612d/screenshot - {}
RESULT: {"script":"<script> [5351 bytes]","args":[{"element-6066-11e4-a52e-4f735466cecf":"f.C6BEDD6D30A87F60F18BB833061355F6.d.B63A8565BA0891E570F49914F47CD14F.e.304","ELEMENT":"f.C6BEDD6D30A87F60F18BB833061355F6.d.B63A8565BA0891E570F49914F47CD14F.e.304"}]}
COMMAND: GET /session/6cb315df952d16724b4cad26491b612d/screenshot - {}
COMMAND: POST /session/6cb315df952d16724b4cad26491b612d/execute/sync - {"script":"<script> [8489 bytes]","args":[{"element-6066-11e4-a52e-4f735466cecf":"f.C6BEDD6D30A87F60F18BB833061355F6.d.B63A8565BA0891E570F49914F47CD14F.e.304","ELEMENT":"f.C6BEDD6D30A87F60F18BB833061355F6.d.B63A8565BA0891E570F49914F47CD14F.e.304"}]}
RESULT: {}
RESULT: {}
RESULT: {"script":"<script> [8489 bytes]","args":[{"element-6066-11e4-a52e-4f735466cecf":"f.C6BEDD6D30A87F60F18BB833061355F6.d.B63A8565BA0891E570F49914F47CD14F.e.304","ELEMENT":"f.C6BEDD6D30A87F60F18BB833061355F6.d.B63A8565BA0891E570F49914F47CD14F.e.304"}]}
COMMAND: POST /session/6cb315df952d16724b4cad26491b612d/execute/sync - {"script":"<script> [5351 bytes]","args":[{"element-6066-11e4-a52e-4f735466cecf":"f.C6BEDD6D30A87F60F18BB833061355F6.d.B63A8565BA0891E570F49914F47CD14F.e.304","ELEMENT":"f.C6BEDD6D30A87F60F18BB833061355F6.d.B63A8565BA0891E570F49914F47CD14F.e.304"}]}
COMMAND: GET /session/6cb315df952d16724b4cad26491b612d/screenshot - {}
RESULT: {"script":"<script> [5351 bytes]","args":[{"element-6066-11e4-a52e-4f735466cecf":"f.C6BEDD6D30A87F60F18BB833061355F6.d.B63A8565BA0891E570F49914F47CD14F.e.304","ELEMENT":"f.C6BEDD6D30A87F60F18BB833061355F6.d.B63A8565BA0891E570F49914F47CD14F.e.304"}]}
COMMAND: POST /session/6cb315df952d16724b4cad26491b612d/execute/sync - {"script":"<script> [8489 bytes]","args":[{"element-6066-11e4-a52e-4f735466cecf":"f.C6BEDD6D30A87F60F18BB833061355F6.d.B63A8565BA0891E570F49914F47CD14F.e.304","ELEMENT":"f.C6BEDD6D30A87F60F18BB833061355F6.d.B63A8565BA0891E570F49914F47CD14F.e.304"}]}
COMMAND: GET /session/6cb315df952d16724b4cad26491b612d/screenshot - {}
RESULT: {}
RESULT: {"script":"<script> [8489 bytes]","args":[{"element-6066-11e4-a52e-4f735466cecf":"f.C6BEDD6D30A87F60F18BB833061355F6.d.B63A8565BA0891E570F49914F47CD14F.e.304","ELEMENT":"f.C6BEDD6D30A87F60F18BB833061355F6.d.B63A8565BA0891E570F49914F47CD14F.e.304"}]}
COMMAND: POST /session/6cb315df952d16724b4cad26491b612d/execute/sync - {"script":"<script> [5351 bytes]","args":[{"element-6066-11e4-a52e-4f735466cecf":"f.C6BEDD6D30A87F60F18BB833061355F6.d.B63A8565BA0891E570F49914F47CD14F.e.304","ELEMENT":"f.C6BEDD6D30A87F60F18BB833061355F6.d.B63A8565BA0891E570F49914F47CD14F.e.304"}]}
COMMAND: GET /session/6cb315df952d16724b4cad26491b612d/screenshot - {}
RESULT: {}
RESULT: {"script":"<script> [5351 bytes]","args":[{"element-6066-11e4-a52e-4f735466cecf":"f.C6BEDD6D30A87F60F18BB833061355F6.d.B63A8565BA0891E570F49914F47CD14F.e.304","ELEMENT":"f.C6BEDD6D30A87F60F18BB833061355F6.d.B63A8565BA0891E570F49914F47CD14F.e.304"}]}
COMMAND: GET /session/6cb315df952d16724b4cad26491b612d/screenshot - {}
COMMAND: POST /session/6cb315df952d16724b4cad26491b612d/execute/sync - {"script":"<script> [8489 bytes]","args":[{"element-6066-11e4-a52e-4f735466cecf":"f.C6BEDD6D30A87F60F18BB833061355F6.d.B63A8565BA0891E570F49914F47CD14F.e.304","ELEMENT":"f.C6BEDD6D30A87F60F18BB833061355F6.d.B63A8565BA0891E570F49914F47CD14F.e.304"}]}
RESULT: {}
RESULT: {}
RESULT: {"script":"<script> [8489 bytes]","args":[{"element-6066-11e4-a52e-4f735466cecf":"f.C6BEDD6D30A87F60F18BB833061355F6.d.B63A8565BA0891E570F49914F47CD14F.e.304","ELEMENT":"f.C6BEDD6D30A87F60F18BB833061355F6.d.B63A8565BA0891E570F49914F47CD14F.e.304"}]}
COMMAND: POST /session/6cb315df952d16724b4cad26491b612d/execute/sync - {"script":"<script> [5351 bytes]","args":[{"element-6066-11e4-a52e-4f735466cecf":"f.C6BEDD6D30A87F60F18BB833061355F6.d.B63A8565BA0891E570F49914F47CD14F.e.304","ELEMENT":"f.C6BEDD6D30A87F60F18BB833061355F6.d.B63A8565BA0891E570F49914F47CD14F.e.304"}]}
COMMAND: GET /session/6cb315df952d16724b4cad26491b612d/screenshot - {}
RESULT: {"script":"<script> [5351 bytes]","args":[{"element-6066-11e4-a52e-4f735466cecf":"f.C6BEDD6D30A87F60F18BB833061355F6.d.B63A8565BA0891E570F49914F47CD14F.e.304","ELEMENT":"f.C6BEDD6D30A87F60F18BB833061355F6.d.B63A8565BA0891E570F49914F47CD14F.e.304"}]}
COMMAND: POST /session/6cb315df952d16724b4cad26491b612d/execute/sync - {"script":"<script> [8489 bytes]","args":[{"element-6066-11e4-a52e-4f735466cecf":"f.C6BEDD6D30A87F60F18BB833061355F6.d.B63A8565BA0891E570F49914F47CD14F.e.304","ELEMENT":"f.C6BEDD6D30A87F60F18BB833061355F6.d.B63A8565BA0891E570F49914F47CD14F.e.304"}]}
COMMAND: GET /session/6cb315df952d16724b4cad26491b612d/screenshot - {}
RESULT: {}
RESULT: {"script":"<script> [8489 bytes]","args":[{"element-6066-11e4-a52e-4f735466cecf":"f.C6BEDD6D30A87F60F18BB833061355F6.d.B63A8565BA0891E570F49914F47CD14F.e.304","ELEMENT":"f.C6BEDD6D30A87F60F18BB833061355F6.d.B63A8565BA0891E570F49914F47CD14F.e.304"}]}
COMMAND: POST /session/6cb315df952d16724b4cad26491b612d/execute/sync - {"script":"<script> [5351 bytes]","args":[{"element-6066-11e4-a52e-4f735466cecf":"f.C6BEDD6D30A87F60F18BB833061355F6.d.B63A8565BA0891E570F49914F47CD14F.e.304","ELEMENT":"f.C6BEDD6D30A87F60F18BB833061355F6.d.B63A8565BA0891E570F49914F47CD14F.e.304"}]}
COMMAND: GET /session/6cb315df952d16724b4cad26491b612d/screenshot - {}
RESULT: {}
RESULT: {"script":"<script> [5351 bytes]","args":[{"element-6066-11e4-a52e-4f735466cecf":"f.C6BEDD6D30A87F60F18BB833061355F6.d.B63A8565BA0891E570F49914F47CD14F.e.304","ELEMENT":"f.C6BEDD6D30A87F60F18BB833061355F6.d.B63A8565BA0891E570F49914F47CD14F.e.304"}]}
COMMAND: GET /session/6cb315df952d16724b4cad26491b612d/screenshot - {}
COMMAND: POST /session/6cb315df952d16724b4cad26491b612d/execute/sync - {"script":"<script> [8489 bytes]","args":[{"element-6066-11e4-a52e-4f735466cecf":"f.C6BEDD6D30A87F60F18BB833061355F6.d.B63A8565BA0891E570F49914F47CD14F.e.304","ELEMENT":"f.C6BEDD6D30A87F60F18BB833061355F6.d.B63A8565BA0891E570F49914F47CD14F.e.304"}]}
RESULT: {}
RESULT: {}
RESULT: {"script":"<script> [8489 bytes]","args":[{"element-6066-11e4-a52e-4f735466cecf":"f.C6BEDD6D30A87F60F18BB833061355F6.d.B63A8565BA0891E570F49914F47CD14F.e.304","ELEMENT":"f.C6BEDD6D30A87F60F18BB833061355F6.d.B63A8565BA0891E570F49914F47CD14F.e.304"}]}
COMMAND: POST /session/6cb315df952d16724b4cad26491b612d/execute/sync - {"script":"<script> [5351 bytes]","args":[{"element-6066-11e4-a52e-4f735466cecf":"f.C6BEDD6D30A87F60F18BB833061355F6.d.B63A8565BA0891E570F49914F47CD14F.e.304","ELEMENT":"f.C6BEDD6D30A87F60F18BB833061355F6.d.B63A8565BA0891E570F49914F47CD14F.e.304"}]}
COMMAND: GET /session/6cb315df952d16724b4cad26491b612d/screenshot - {}
RESULT: {"script":"<script> [5351 bytes]","args":[{"element-6066-11e4-a52e-4f735466cecf":"f.C6BEDD6D30A87F60F18BB833061355F6.d.B63A8565BA0891E570F49914F47CD14F.e.304","ELEMENT":"f.C6BEDD6D30A87F60F18BB833061355F6.d.B63A8565BA0891E570F49914F47CD14F.e.304"}]}
COMMAND: GET /session/6cb315df952d16724b4cad26491b612d/screenshot - {}
COMMAND: POST /session/6cb315df952d16724b4cad26491b612d/execute/sync - {"script":"<script> [8489 bytes]","args":[{"element-6066-11e4-a52e-4f735466cecf":"f.C6BEDD6D30A87F60F18BB833061355F6.d.B63A8565BA0891E570F49914F47CD14F.e.304","ELEMENT":"f.C6BEDD6D30A87F60F18BB833061355F6.d.B63A8565BA0891E570F49914F47CD14F.e.304"}]}
RESULT: {}
RESULT: {}
RESULT: {"script":"<script> [8489 bytes]","args":[{"element-6066-11e4-a52e-4f735466cecf":"f.C6BEDD6D30A87F60F18BB833061355F6.d.B63A8565BA0891E570F49914F47CD14F.e.304","ELEMENT":"f.C6BEDD6D30A87F60F18BB833061355F6.d.B63A8565BA0891E570F49914F47CD14F.e.304"}]}
COMMAND: POST /session/6cb315df952d16724b4cad26491b612d/execute/sync - {"script":"<script> [5351 bytes]","args":[{"element-6066-11e4-a52e-4f735466cecf":"f.C6BEDD6D30A87F60F18BB833061355F6.d.B63A8565BA0891E570F49914F47CD14F.e.304","ELEMENT":"f.C6BEDD6D30A87F60F18BB833061355F6.d.B63A8565BA0891E570F49914F47CD14F.e.304"}]}
COMMAND: GET /session/6cb315df952d16724b4cad26491b612d/screenshot - {}
RESULT: {"script":"<script> [5351 bytes]","args":[{"element-6066-11e4-a52e-4f735466cecf":"f.C6BEDD6D30A87F60F18BB833061355F6.d.B63A8565BA0891E570F49914F47CD14F.e.304","ELEMENT":"f.C6BEDD6D30A87F60F18BB833061355F6.d.B63A8565BA0891E570F49914F47CD14F.e.304"}]}
COMMAND: POST /session/6cb315df952d16724b4cad26491b612d/execute/sync - {"script":"<script> [8489 bytes]","args":[{"element-6066-11e4-a52e-4f735466cecf":"f.C6BEDD6D30A87F60F18BB833061355F6.d.B63A8565BA0891E570F49914F47CD14F.e.304","ELEMENT":"f.C6BEDD6D30A87F60F18BB833061355F6.d.B63A8565BA0891E570F49914F47CD14F.e.304"}]}
COMMAND: GET /session/6cb315df952d16724b4cad26491b612d/screenshot - {}
RESULT: {}
RESULT: {"script":"<script> [8489 bytes]","args":[{"element-6066-11e4-a52e-4f735466cecf":"f.C6BEDD6D30A87F60F18BB833061355F6.d.B63A8565BA0891E570F49914F47CD14F.e.304","ELEMENT":"f.C6BEDD6D30A87F60F18BB833061355F6.d.B63A8565BA0891E570F49914F47CD14F.e.304"}]}
COMMAND: POST /session/6cb315df952d16724b4cad26491b612d/execute/sync - {"script":"<script> [5351 bytes]","args":[{"element-6066-11e4-a52e-4f735466cecf":"f.C6BEDD6D30A87F60F18BB833061355F6.d.B63A8565BA0891E570F49914F47CD14F.e.304","ELEMENT":"f.C6BEDD6D30A87F60F18BB833061355F6.d.B63A8565BA0891E570F49914F47CD14F.e.304"}]}
COMMAND: GET /session/6cb315df952d16724b4cad26491b612d/screenshot - {}
RESULT: {}
RESULT: {"script":"<script> [5351 bytes]","args":[{"element-6066-11e4-a52e-4f735466cecf":"f.C6BEDD6D30A87F60F18BB833061355F6.d.B63A8565BA0891E570F49914F47CD14F.e.304","ELEMENT":"f.C6BEDD6D30A87F60F18BB833061355F6.d.B63A8565BA0891E570F49914F47CD14F.e.304"}]}
COMMAND: GET /session/6cb315df952d16724b4cad26491b612d/screenshot - {}
COMMAND: POST /session/6cb315df952d16724b4cad26491b612d/execute/sync - {"script":"<script> [8489 bytes]","args":[{"element-6066-11e4-a52e-4f735466cecf":"f.C6BEDD6D30A87F60F18BB833061355F6.d.B63A8565BA0891E570F49914F47CD14F.e.304","ELEMENT":"f.C6BEDD6D30A87F60F18BB833061355F6.d.B63A8565BA0891E570F49914F47CD14F.e.304"}]}
RESULT: {}
RESULT: {}
RESULT: {"script":"<script> [8489 bytes]","args":[{"element-6066-11e4-a52e-4f735466cecf":"f.C6BEDD6D30A87F60F18BB833061355F6.d.B63A8565BA0891E570F49914F47CD14F.e.304","ELEMENT":"f.C6BEDD6D30A87F60F18BB833061355F6.d.B63A8565BA0891E570F49914F47CD14F.e.304"}]}
COMMAND: POST /session/6cb315df952d16724b4cad26491b612d/execute/sync - {"script":"<script> [5351 bytes]","args":[{"element-6066-11e4-a52e-4f735466cecf":"f.C6BEDD6D30A87F60F18BB833061355F6.d.B63A8565BA0891E570F49914F47CD14F.e.304","ELEMENT":"f.C6BEDD6D30A87F60F18BB833061355F6.d.B63A8565BA0891E570F49914F47CD14F.e.304"}]}
COMMAND: GET /session/6cb315df952d16724b4cad26491b612d/screenshot - {}
RESULT: {"script":"<script> [5351 bytes]","args":[{"element-6066-11e4-a52e-4f735466cecf":"f.C6BEDD6D30A87F60F18BB833061355F6.d.B63A8565BA0891E570F49914F47CD14F.e.304","ELEMENT":"f.C6BEDD6D30A87F60F18BB833061355F6.d.B63A8565BA0891E570F49914F47CD14F.e.304"}]}
COMMAND: GET /session/6cb315df952d16724b4cad26491b612d/screenshot - {}
COMMAND: POST /session/6cb315df952d16724b4cad26491b612d/execute/sync - {"script":"<script> [8489 bytes]","args":[{"element-6066-11e4-a52e-4f735466cecf":"f.C6BEDD6D30A87F60F18BB833061355F6.d.B63A8565BA0891E570F49914F47CD14F.e.304","ELEMENT":"f.C6BEDD6D30A87F60F18BB833061355F6.d.B63A8565BA0891E570F49914F47CD14F.e.304"}]}
RESULT: {}
RESULT: {"script":"<script> [8489 bytes]","args":[{"element-6066-11e4-a52e-4f735466cecf":"f.C6BEDD6D30A87F60F18BB833061355F6.d.B63A8565BA0891E570F49914F47CD14F.e.304","ELEMENT":"f.C6BEDD6D30A87F60F18BB833061355F6.d.B63A8565BA0891E570F49914F47CD14F.e.304"}]}
COMMAND: POST /session/6cb315df952d16724b4cad26491b612d/execute/sync - {"script":"<script> [5351 bytes]","args":[{"element-6066-11e4-a52e-4f735466cecf":"f.C6BEDD6D30A87F60F18BB833061355F6.d.B63A8565BA0891E570F49914F47CD14F.e.304","ELEMENT":"f.C6BEDD6D30A87F60F18BB833061355F6.d.B63A8565BA0891E570F49914F47CD14F.e.304"}]}
COMMAND: GET /session/6cb315df952d16724b4cad26491b612d/screenshot - {}
RESULT: {}
RESULT: {"script":"<script> [5351 bytes]","args":[{"element-6066-11e4-a52e-4f735466cecf":"f.C6BEDD6D30A87F60F18BB833061355F6.d.B63A8565BA0891E570F49914F47CD14F.e.304","ELEMENT":"f.C6BEDD6D30A87F60F18BB833061355F6.d.B63A8565BA0891E570F49914F47CD14F.e.304"}]}
COMMAND: GET /session/6cb315df952d16724b4cad26491b612d/screenshot - {}
COMMAND: POST /session/6cb315df952d16724b4cad26491b612d/execute/sync - {"script":"<script> [8489 bytes]","args":[{"element-6066-11e4-a52e-4f735466cecf":"f.C6BEDD6D30A87F60F18BB833061355F6.d.B63A8565BA0891E570F49914F47CD14F.e.304","ELEMENT":"f.C6BEDD6D30A87F60F18BB833061355F6.d.B63A8565BA0891E570F49914F47CD14F.e.304"}]}
COMMAND: GET /session/6cb315df952d16724b4cad26491b612d/screenshot - {}
RESULT: {}
RESULT: {}
RESULT: {"script":"<script> [8489 bytes]","args":[{"element-6066-11e4-a52e-4f735466cecf":"f.C6BEDD6D30A87F60F18BB833061355F6.d.B63A8565BA0891E570F49914F47CD14F.e.304","ELEMENT":"f.C6BEDD6D30A87F60F18BB833061355F6.d.B63A8565BA0891E570F49914F47CD14F.e.304"}]}
COMMAND: POST /session/6cb315df952d16724b4cad26491b612d/execute/sync - {"script":"<script> [5351 bytes]","args":[{"element-6066-11e4-a52e-4f735466cecf":"f.C6BEDD6D30A87F60F18BB833061355F6.d.B63A8565BA0891E570F49914F47CD14F.e.304","ELEMENT":"f.C6BEDD6D30A87F60F18BB833061355F6.d.B63A8565BA0891E570F49914F47CD14F.e.304"}]}
COMMAND: GET /session/6cb315df952d16724b4cad26491b612d/screenshot - {}
RESULT: {}
]]></system-out>
      <system-err><![CDATA[
Error: element ("//button[@data-kt="addNewYardOverflowToolbarButton"]") still not clickable after 45000ms
    at async UtilsPrerequisites.yardCreation (D:\a\1\s\test\specs\BTS\prerequisites-and-utils-functions.js:54:9)
    at async Context.<anonymous> (D:\a\1\s\test\specs\BTS\manage-partners.spec.js:18:41)
]]></system-err>
    </testcase>
    <testcase classname="chrome.136_0_7103_49.windows.Partner_specific_tests_US150819_US151080_US151654_US151176_US103444_US151078_US151079_US151109_US151174_US151175_US151189" name="Should create new external partner US150819" time="57.218">
      <skipped />
      <system-out><![CDATA[
COMMAND: POST /session/6cb315df952d16724b4cad26491b612d/element - {"using":"xpath","value":"//li[.//span[text()=\"Manage Partners\"]]"}
COMMAND: GET /session/6cb315df952d16724b4cad26491b612d/screenshot - {}
RESULT: {}
RESULT: {"using":"xpath","value":"//li[.//span[text()=\"Manage Partners\"]]"}
COMMAND: POST /session/6cb315df952d16724b4cad26491b612d/element - {"using":"xpath","value":"//li[.//span[text()=\"Manage Partners\"]]"}
RESULT: {}
RESULT: {"using":"xpath","value":"//li[.//span[text()=\"Manage Partners\"]]"}
COMMAND: POST /session/6cb315df952d16724b4cad26491b612d/element - {"using":"css selector","value":"#shell-header-logo"}
RESULT: {"using":"css selector","value":"#shell-header-logo"}
COMMAND: POST /session/6cb315df952d16724b4cad26491b612d/element/f.C6BEDD6D30A87F60F18BB833061355F6.d.B63A8565BA0891E570F49914F47CD14F.e.270/click - {}
COMMAND: POST /session/6cb315df952d16724b4cad26491b612d/execute/sync - {"script":"<script> [8489 bytes]","args":[{"element-6066-11e4-a52e-4f735466cecf":"f.C6BEDD6D30A87F60F18BB833061355F6.d.B63A8565BA0891E570F49914F47CD14F.e.270","ELEMENT":"f.C6BEDD6D30A87F60F18BB833061355F6.d.B63A8565BA0891E570F49914F47CD14F.e.270"}]}
RESULT: {"script":"<script> [8489 bytes]","args":[{"element-6066-11e4-a52e-4f735466cecf":"f.C6BEDD6D30A87F60F18BB833061355F6.d.B63A8565BA0891E570F49914F47CD14F.e.270","ELEMENT":"f.C6BEDD6D30A87F60F18BB833061355F6.d.B63A8565BA0891E570F49914F47CD14F.e.270"}]}
COMMAND: POST /session/6cb315df952d16724b4cad26491b612d/execute/sync - {"script":"<script> [5351 bytes]","args":[{"element-6066-11e4-a52e-4f735466cecf":"f.C6BEDD6D30A87F60F18BB833061355F6.d.B63A8565BA0891E570F49914F47CD14F.e.270","ELEMENT":"f.C6BEDD6D30A87F60F18BB833061355F6.d.B63A8565BA0891E570F49914F47CD14F.e.270"}]}
COMMAND: GET /session/6cb315df952d16724b4cad26491b612d/screenshot - {}
RESULT: {"script":"<script> [5351 bytes]","args":[{"element-6066-11e4-a52e-4f735466cecf":"f.C6BEDD6D30A87F60F18BB833061355F6.d.B63A8565BA0891E570F49914F47CD14F.e.270","ELEMENT":"f.C6BEDD6D30A87F60F18BB833061355F6.d.B63A8565BA0891E570F49914F47CD14F.e.270"}]}
COMMAND: GET /session/6cb315df952d16724b4cad26491b612d/screenshot - {}
RESULT: {}
RESULT: {}
COMMAND: POST /session/6cb315df952d16724b4cad26491b612d/window/fullscreen - {}
RESULT: {}
COMMAND: POST /session/6cb315df952d16724b4cad26491b612d/execute/async - {"script":"<script> [1562 bytes]","args":[{"selector":{"controlType":"sap.m.GenericTile","properties":{"header":"Manage Partners"}},"wdio_ui5_key":"sapm.GenericTile{\"header\":\"Manage Partners\"}"}]}
RESULT: {"script":"<script> [1562 bytes]","args":[{"selector":{"controlType":"sap.m.GenericTile","properties":{"header":"Manage Partners"}},"wdio_ui5_key":"sapm.GenericTile{\"header\":\"Manage Partners\"}"}]}
RESULT: undefined
COMMAND: POST /session/6cb315df952d16724b4cad26491b612d/element - {"using":"xpath","value":"//button[@data-kt=\"addButton\"]"}
RESULT: {"using":"xpath","value":"//button[@data-kt=\"addButton\"]"}
COMMAND: POST /session/6cb315df952d16724b4cad26491b612d/elements - {"using":"xpath","value":"//button[@data-kt=\"addButton\"]"}
RESULT: {"using":"xpath","value":"//button[@data-kt=\"addButton\"]"}
COMMAND: POST /session/6cb315df952d16724b4cad26491b612d/elements - {"using":"xpath","value":"//button[@data-kt=\"addButton\"]"}
RESULT: {"using":"xpath","value":"//button[@data-kt=\"addButton\"]"}
COMMAND: POST /session/6cb315df952d16724b4cad26491b612d/elements - {"using":"xpath","value":"//button[@data-kt=\"addButton\"]"}
RESULT: {"using":"xpath","value":"//button[@data-kt=\"addButton\"]"}
COMMAND: POST /session/6cb315df952d16724b4cad26491b612d/elements - {"using":"xpath","value":"//button[@data-kt=\"addButton\"]"}
RESULT: {"using":"xpath","value":"//button[@data-kt=\"addButton\"]"}
COMMAND: POST /session/6cb315df952d16724b4cad26491b612d/elements - {"using":"xpath","value":"//button[@data-kt=\"addButton\"]"}
RESULT: {"using":"xpath","value":"//button[@data-kt=\"addButton\"]"}
COMMAND: POST /session/6cb315df952d16724b4cad26491b612d/elements - {"using":"xpath","value":"//button[@data-kt=\"addButton\"]"}
RESULT: {"using":"xpath","value":"//button[@data-kt=\"addButton\"]"}
COMMAND: POST /session/6cb315df952d16724b4cad26491b612d/elements - {"using":"xpath","value":"//button[@data-kt=\"addButton\"]"}
RESULT: {"using":"xpath","value":"//button[@data-kt=\"addButton\"]"}
COMMAND: POST /session/6cb315df952d16724b4cad26491b612d/elements - {"using":"xpath","value":"//button[@data-kt=\"addButton\"]"}
RESULT: {"using":"xpath","value":"//button[@data-kt=\"addButton\"]"}
COMMAND: POST /session/6cb315df952d16724b4cad26491b612d/elements - {"using":"xpath","value":"//button[@data-kt=\"addButton\"]"}
RESULT: {"using":"xpath","value":"//button[@data-kt=\"addButton\"]"}
COMMAND: POST /session/6cb315df952d16724b4cad26491b612d/elements - {"using":"xpath","value":"//button[@data-kt=\"addButton\"]"}
RESULT: {"using":"xpath","value":"//button[@data-kt=\"addButton\"]"}
COMMAND: POST /session/6cb315df952d16724b4cad26491b612d/elements - {"using":"xpath","value":"//button[@data-kt=\"addButton\"]"}
RESULT: {"using":"xpath","value":"//button[@data-kt=\"addButton\"]"}
COMMAND: POST /session/6cb315df952d16724b4cad26491b612d/elements - {"using":"xpath","value":"//button[@data-kt=\"addButton\"]"}
RESULT: {"using":"xpath","value":"//button[@data-kt=\"addButton\"]"}
COMMAND: POST /session/6cb315df952d16724b4cad26491b612d/elements - {"using":"xpath","value":"//button[@data-kt=\"addButton\"]"}
RESULT: {"using":"xpath","value":"//button[@data-kt=\"addButton\"]"}
COMMAND: POST /session/6cb315df952d16724b4cad26491b612d/elements - {"using":"xpath","value":"//button[@data-kt=\"addButton\"]"}
RESULT: {"using":"xpath","value":"//button[@data-kt=\"addButton\"]"}
COMMAND: POST /session/6cb315df952d16724b4cad26491b612d/elements - {"using":"xpath","value":"//button[@data-kt=\"addButton\"]"}
RESULT: {"using":"xpath","value":"//button[@data-kt=\"addButton\"]"}
COMMAND: POST /session/6cb315df952d16724b4cad26491b612d/elements - {"using":"xpath","value":"//button[@data-kt=\"addButton\"]"}
RESULT: {"using":"xpath","value":"//button[@data-kt=\"addButton\"]"}
COMMAND: POST /session/6cb315df952d16724b4cad26491b612d/elements - {"using":"xpath","value":"//button[@data-kt=\"addButton\"]"}
RESULT: {"using":"xpath","value":"//button[@data-kt=\"addButton\"]"}
COMMAND: POST /session/6cb315df952d16724b4cad26491b612d/elements - {"using":"xpath","value":"//button[@data-kt=\"addButton\"]"}
RESULT: {"using":"xpath","value":"//button[@data-kt=\"addButton\"]"}
COMMAND: POST /session/6cb315df952d16724b4cad26491b612d/elements - {"using":"xpath","value":"//button[@data-kt=\"addButton\"]"}
RESULT: {"using":"xpath","value":"//button[@data-kt=\"addButton\"]"}
COMMAND: POST /session/6cb315df952d16724b4cad26491b612d/elements - {"using":"xpath","value":"//button[@data-kt=\"addButton\"]"}
RESULT: {"using":"xpath","value":"//button[@data-kt=\"addButton\"]"}
COMMAND: POST /session/6cb315df952d16724b4cad26491b612d/elements - {"using":"xpath","value":"//button[@data-kt=\"addButton\"]"}
RESULT: {"using":"xpath","value":"//button[@data-kt=\"addButton\"]"}
COMMAND: POST /session/6cb315df952d16724b4cad26491b612d/elements - {"using":"xpath","value":"//button[@data-kt=\"addButton\"]"}
RESULT: {"using":"xpath","value":"//button[@data-kt=\"addButton\"]"}
COMMAND: POST /session/6cb315df952d16724b4cad26491b612d/elements - {"using":"xpath","value":"//button[@data-kt=\"addButton\"]"}
RESULT: {"using":"xpath","value":"//button[@data-kt=\"addButton\"]"}
COMMAND: POST /session/6cb315df952d16724b4cad26491b612d/elements - {"using":"xpath","value":"//button[@data-kt=\"addButton\"]"}
RESULT: {"using":"xpath","value":"//button[@data-kt=\"addButton\"]"}
COMMAND: POST /session/6cb315df952d16724b4cad26491b612d/elements - {"using":"xpath","value":"//button[@data-kt=\"addButton\"]"}
RESULT: {"using":"xpath","value":"//button[@data-kt=\"addButton\"]"}
COMMAND: POST /session/6cb315df952d16724b4cad26491b612d/elements - {"using":"xpath","value":"//button[@data-kt=\"addButton\"]"}
RESULT: {"using":"xpath","value":"//button[@data-kt=\"addButton\"]"}
COMMAND: POST /session/6cb315df952d16724b4cad26491b612d/elements - {"using":"xpath","value":"//button[@data-kt=\"addButton\"]"}
RESULT: {"using":"xpath","value":"//button[@data-kt=\"addButton\"]"}
COMMAND: POST /session/6cb315df952d16724b4cad26491b612d/elements - {"using":"xpath","value":"//button[@data-kt=\"addButton\"]"}
RESULT: {"using":"xpath","value":"//button[@data-kt=\"addButton\"]"}
COMMAND: POST /session/6cb315df952d16724b4cad26491b612d/elements - {"using":"xpath","value":"//button[@data-kt=\"addButton\"]"}
RESULT: {"using":"xpath","value":"//button[@data-kt=\"addButton\"]"}
COMMAND: POST /session/6cb315df952d16724b4cad26491b612d/elements - {"using":"xpath","value":"//button[@data-kt=\"addButton\"]"}
RESULT: {"using":"xpath","value":"//button[@data-kt=\"addButton\"]"}
COMMAND: POST /session/6cb315df952d16724b4cad26491b612d/elements - {"using":"xpath","value":"//button[@data-kt=\"addButton\"]"}
RESULT: {"using":"xpath","value":"//button[@data-kt=\"addButton\"]"}
COMMAND: POST /session/6cb315df952d16724b4cad26491b612d/elements - {"using":"xpath","value":"//button[@data-kt=\"addButton\"]"}
RESULT: {"using":"xpath","value":"//button[@data-kt=\"addButton\"]"}
COMMAND: POST /session/6cb315df952d16724b4cad26491b612d/elements - {"using":"xpath","value":"//button[@data-kt=\"addButton\"]"}
RESULT: {"using":"xpath","value":"//button[@data-kt=\"addButton\"]"}
COMMAND: POST /session/6cb315df952d16724b4cad26491b612d/elements - {"using":"xpath","value":"//button[@data-kt=\"addButton\"]"}
RESULT: {"using":"xpath","value":"//button[@data-kt=\"addButton\"]"}
COMMAND: POST /session/6cb315df952d16724b4cad26491b612d/elements - {"using":"xpath","value":"//button[@data-kt=\"addButton\"]"}
RESULT: {"using":"xpath","value":"//button[@data-kt=\"addButton\"]"}
COMMAND: POST /session/6cb315df952d16724b4cad26491b612d/elements - {"using":"xpath","value":"//button[@data-kt=\"addButton\"]"}
RESULT: {"using":"xpath","value":"//button[@data-kt=\"addButton\"]"}
COMMAND: POST /session/6cb315df952d16724b4cad26491b612d/elements - {"using":"xpath","value":"//button[@data-kt=\"addButton\"]"}
RESULT: {"using":"xpath","value":"//button[@data-kt=\"addButton\"]"}
COMMAND: POST /session/6cb315df952d16724b4cad26491b612d/elements - {"using":"xpath","value":"//button[@data-kt=\"addButton\"]"}
RESULT: {"using":"xpath","value":"//button[@data-kt=\"addButton\"]"}
COMMAND: POST /session/6cb315df952d16724b4cad26491b612d/elements - {"using":"xpath","value":"//button[@data-kt=\"addButton\"]"}
RESULT: {"using":"xpath","value":"//button[@data-kt=\"addButton\"]"}
COMMAND: POST /session/6cb315df952d16724b4cad26491b612d/elements - {"using":"xpath","value":"//button[@data-kt=\"addButton\"]"}
RESULT: {"using":"xpath","value":"//button[@data-kt=\"addButton\"]"}
COMMAND: POST /session/6cb315df952d16724b4cad26491b612d/elements - {"using":"xpath","value":"//button[@data-kt=\"addButton\"]"}
RESULT: {"using":"xpath","value":"//button[@data-kt=\"addButton\"]"}
COMMAND: POST /session/6cb315df952d16724b4cad26491b612d/elements - {"using":"xpath","value":"//button[@data-kt=\"addButton\"]"}
RESULT: {"using":"xpath","value":"//button[@data-kt=\"addButton\"]"}
COMMAND: POST /session/6cb315df952d16724b4cad26491b612d/elements - {"using":"xpath","value":"//button[@data-kt=\"addButton\"]"}
RESULT: {"using":"xpath","value":"//button[@data-kt=\"addButton\"]"}
COMMAND: POST /session/6cb315df952d16724b4cad26491b612d/elements - {"using":"xpath","value":"//button[@data-kt=\"addButton\"]"}
RESULT: {"using":"xpath","value":"//button[@data-kt=\"addButton\"]"}
COMMAND: POST /session/6cb315df952d16724b4cad26491b612d/elements - {"using":"xpath","value":"//button[@data-kt=\"addButton\"]"}
RESULT: {"using":"xpath","value":"//button[@data-kt=\"addButton\"]"}
COMMAND: POST /session/6cb315df952d16724b4cad26491b612d/elements - {"using":"xpath","value":"//button[@data-kt=\"addButton\"]"}
RESULT: {"using":"xpath","value":"//button[@data-kt=\"addButton\"]"}
COMMAND: POST /session/6cb315df952d16724b4cad26491b612d/elements - {"using":"xpath","value":"//button[@data-kt=\"addButton\"]"}
RESULT: {"using":"xpath","value":"//button[@data-kt=\"addButton\"]"}
COMMAND: POST /session/6cb315df952d16724b4cad26491b612d/elements - {"using":"xpath","value":"//button[@data-kt=\"addButton\"]"}
RESULT: {"using":"xpath","value":"//button[@data-kt=\"addButton\"]"}
COMMAND: POST /session/6cb315df952d16724b4cad26491b612d/elements - {"using":"xpath","value":"//button[@data-kt=\"addButton\"]"}
RESULT: {"using":"xpath","value":"//button[@data-kt=\"addButton\"]"}
COMMAND: POST /session/6cb315df952d16724b4cad26491b612d/elements - {"using":"xpath","value":"//button[@data-kt=\"addButton\"]"}
RESULT: {"using":"xpath","value":"//button[@data-kt=\"addButton\"]"}
COMMAND: POST /session/6cb315df952d16724b4cad26491b612d/elements - {"using":"xpath","value":"//button[@data-kt=\"addButton\"]"}
RESULT: {"using":"xpath","value":"//button[@data-kt=\"addButton\"]"}
COMMAND: POST /session/6cb315df952d16724b4cad26491b612d/elements - {"using":"xpath","value":"//button[@data-kt=\"addButton\"]"}
RESULT: {"using":"xpath","value":"//button[@data-kt=\"addButton\"]"}
COMMAND: POST /session/6cb315df952d16724b4cad26491b612d/elements - {"using":"xpath","value":"//button[@data-kt=\"addButton\"]"}
RESULT: {"using":"xpath","value":"//button[@data-kt=\"addButton\"]"}
COMMAND: POST /session/6cb315df952d16724b4cad26491b612d/elements - {"using":"xpath","value":"//button[@data-kt=\"addButton\"]"}
RESULT: {"using":"xpath","value":"//button[@data-kt=\"addButton\"]"}
COMMAND: POST /session/6cb315df952d16724b4cad26491b612d/elements - {"using":"xpath","value":"//button[@data-kt=\"addButton\"]"}
RESULT: {"using":"xpath","value":"//button[@data-kt=\"addButton\"]"}
COMMAND: POST /session/6cb315df952d16724b4cad26491b612d/elements - {"using":"xpath","value":"//button[@data-kt=\"addButton\"]"}
RESULT: {"using":"xpath","value":"//button[@data-kt=\"addButton\"]"}
COMMAND: POST /session/6cb315df952d16724b4cad26491b612d/elements - {"using":"xpath","value":"//button[@data-kt=\"addButton\"]"}
RESULT: {"using":"xpath","value":"//button[@data-kt=\"addButton\"]"}
COMMAND: POST /session/6cb315df952d16724b4cad26491b612d/elements - {"using":"xpath","value":"//button[@data-kt=\"addButton\"]"}
RESULT: {"using":"xpath","value":"//button[@data-kt=\"addButton\"]"}
COMMAND: POST /session/6cb315df952d16724b4cad26491b612d/elements - {"using":"xpath","value":"//button[@data-kt=\"addButton\"]"}
RESULT: {"using":"xpath","value":"//button[@data-kt=\"addButton\"]"}
COMMAND: POST /session/6cb315df952d16724b4cad26491b612d/elements - {"using":"xpath","value":"//button[@data-kt=\"addButton\"]"}
RESULT: {"using":"xpath","value":"//button[@data-kt=\"addButton\"]"}
COMMAND: POST /session/6cb315df952d16724b4cad26491b612d/elements - {"using":"xpath","value":"//button[@data-kt=\"addButton\"]"}
RESULT: {"using":"xpath","value":"//button[@data-kt=\"addButton\"]"}
COMMAND: POST /session/6cb315df952d16724b4cad26491b612d/elements - {"using":"xpath","value":"//button[@data-kt=\"addButton\"]"}
RESULT: {"using":"xpath","value":"//button[@data-kt=\"addButton\"]"}
COMMAND: POST /session/6cb315df952d16724b4cad26491b612d/elements - {"using":"xpath","value":"//button[@data-kt=\"addButton\"]"}
RESULT: {"using":"xpath","value":"//button[@data-kt=\"addButton\"]"}
COMMAND: POST /session/6cb315df952d16724b4cad26491b612d/elements - {"using":"xpath","value":"//button[@data-kt=\"addButton\"]"}
RESULT: {"using":"xpath","value":"//button[@data-kt=\"addButton\"]"}
COMMAND: POST /session/6cb315df952d16724b4cad26491b612d/elements - {"using":"xpath","value":"//button[@data-kt=\"addButton\"]"}
RESULT: {"using":"xpath","value":"//button[@data-kt=\"addButton\"]"}
COMMAND: POST /session/6cb315df952d16724b4cad26491b612d/elements - {"using":"xpath","value":"//button[@data-kt=\"addButton\"]"}
RESULT: {"using":"xpath","value":"//button[@data-kt=\"addButton\"]"}
COMMAND: POST /session/6cb315df952d16724b4cad26491b612d/elements - {"using":"xpath","value":"//button[@data-kt=\"addButton\"]"}
RESULT: {"using":"xpath","value":"//button[@data-kt=\"addButton\"]"}
COMMAND: POST /session/6cb315df952d16724b4cad26491b612d/elements - {"using":"xpath","value":"//button[@data-kt=\"addButton\"]"}
RESULT: {"using":"xpath","value":"//button[@data-kt=\"addButton\"]"}
COMMAND: POST /session/6cb315df952d16724b4cad26491b612d/elements - {"using":"xpath","value":"//button[@data-kt=\"addButton\"]"}
RESULT: {"using":"xpath","value":"//button[@data-kt=\"addButton\"]"}
COMMAND: POST /session/6cb315df952d16724b4cad26491b612d/elements - {"using":"xpath","value":"//button[@data-kt=\"addButton\"]"}
RESULT: {"using":"xpath","value":"//button[@data-kt=\"addButton\"]"}
COMMAND: POST /session/6cb315df952d16724b4cad26491b612d/elements - {"using":"xpath","value":"//button[@data-kt=\"addButton\"]"}
RESULT: {"using":"xpath","value":"//button[@data-kt=\"addButton\"]"}
COMMAND: POST /session/6cb315df952d16724b4cad26491b612d/elements - {"using":"xpath","value":"//button[@data-kt=\"addButton\"]"}
RESULT: {"using":"xpath","value":"//button[@data-kt=\"addButton\"]"}
COMMAND: POST /session/6cb315df952d16724b4cad26491b612d/elements - {"using":"xpath","value":"//button[@data-kt=\"addButton\"]"}
RESULT: {"using":"xpath","value":"//button[@data-kt=\"addButton\"]"}
COMMAND: POST /session/6cb315df952d16724b4cad26491b612d/elements - {"using":"xpath","value":"//button[@data-kt=\"addButton\"]"}
RESULT: {"using":"xpath","value":"//button[@data-kt=\"addButton\"]"}
COMMAND: POST /session/6cb315df952d16724b4cad26491b612d/elements - {"using":"xpath","value":"//button[@data-kt=\"addButton\"]"}
RESULT: {"using":"xpath","value":"//button[@data-kt=\"addButton\"]"}
COMMAND: POST /session/6cb315df952d16724b4cad26491b612d/elements - {"using":"xpath","value":"//button[@data-kt=\"addButton\"]"}
RESULT: {"using":"xpath","value":"//button[@data-kt=\"addButton\"]"}
COMMAND: POST /session/6cb315df952d16724b4cad26491b612d/elements - {"using":"xpath","value":"//button[@data-kt=\"addButton\"]"}
RESULT: {"using":"xpath","value":"//button[@data-kt=\"addButton\"]"}
COMMAND: POST /session/6cb315df952d16724b4cad26491b612d/elements - {"using":"xpath","value":"//button[@data-kt=\"addButton\"]"}
RESULT: {"using":"xpath","value":"//button[@data-kt=\"addButton\"]"}
COMMAND: POST /session/6cb315df952d16724b4cad26491b612d/elements - {"using":"xpath","value":"//button[@data-kt=\"addButton\"]"}
RESULT: {"using":"xpath","value":"//button[@data-kt=\"addButton\"]"}
COMMAND: POST /session/6cb315df952d16724b4cad26491b612d/elements - {"using":"xpath","value":"//button[@data-kt=\"addButton\"]"}
RESULT: {"using":"xpath","value":"//button[@data-kt=\"addButton\"]"}
COMMAND: POST /session/6cb315df952d16724b4cad26491b612d/elements - {"using":"xpath","value":"//button[@data-kt=\"addButton\"]"}
RESULT: {"using":"xpath","value":"//button[@data-kt=\"addButton\"]"}
COMMAND: POST /session/6cb315df952d16724b4cad26491b612d/elements - {"using":"xpath","value":"//button[@data-kt=\"addButton\"]"}
RESULT: {"using":"xpath","value":"//button[@data-kt=\"addButton\"]"}
COMMAND: POST /session/6cb315df952d16724b4cad26491b612d/elements - {"using":"xpath","value":"//button[@data-kt=\"addButton\"]"}
RESULT: {"using":"xpath","value":"//button[@data-kt=\"addButton\"]"}
COMMAND: POST /session/6cb315df952d16724b4cad26491b612d/elements - {"using":"xpath","value":"//button[@data-kt=\"addButton\"]"}
RESULT: {"using":"xpath","value":"//button[@data-kt=\"addButton\"]"}
COMMAND: POST /session/6cb315df952d16724b4cad26491b612d/elements - {"using":"xpath","value":"//button[@data-kt=\"addButton\"]"}
RESULT: {"using":"xpath","value":"//button[@data-kt=\"addButton\"]"}
COMMAND: POST /session/6cb315df952d16724b4cad26491b612d/elements - {"using":"xpath","value":"//button[@data-kt=\"addButton\"]"}
RESULT: {"using":"xpath","value":"//button[@data-kt=\"addButton\"]"}
COMMAND: POST /session/6cb315df952d16724b4cad26491b612d/elements - {"using":"xpath","value":"//button[@data-kt=\"addButton\"]"}
RESULT: {"using":"xpath","value":"//button[@data-kt=\"addButton\"]"}
COMMAND: POST /session/6cb315df952d16724b4cad26491b612d/elements - {"using":"xpath","value":"//button[@data-kt=\"addButton\"]"}
RESULT: {"using":"xpath","value":"//button[@data-kt=\"addButton\"]"}
COMMAND: POST /session/6cb315df952d16724b4cad26491b612d/elements - {"using":"xpath","value":"//button[@data-kt=\"addButton\"]"}
RESULT: {"using":"xpath","value":"//button[@data-kt=\"addButton\"]"}
COMMAND: POST /session/6cb315df952d16724b4cad26491b612d/elements - {"using":"xpath","value":"//button[@data-kt=\"addButton\"]"}
RESULT: {"using":"xpath","value":"//button[@data-kt=\"addButton\"]"}
COMMAND: POST /session/6cb315df952d16724b4cad26491b612d/elements - {"using":"xpath","value":"//button[@data-kt=\"addButton\"]"}
COMMAND: GET /session/6cb315df952d16724b4cad26491b612d/screenshot - {}
RESULT: {"using":"xpath","value":"//button[@data-kt=\"addButton\"]"}
RESULT: {}
]]></system-out>
      <system-err><![CDATA[
Error: element ("//button[@data-kt="addButton"]") still not existing after 45000ms
    at async UtilsPrerequisites.partnerCreation (D:\a\1\s\test\specs\BTS\prerequisites-and-utils-functions.js:387:9)
    at async Context.<anonymous> (D:\a\1\s\test\specs\BTS\manage-partners.spec.js:23:47)
]]></system-err>
    </testcase>
    <testcase classname="chrome.136_0_7103_49.windows.Partner_specific_tests_US150819_US151080_US151654_US151176_US103444_US151078_US151079_US151109_US151174_US151175_US151189" name="Should create new external partner US150819" time="55.462">
      <skipped />
      <system-out><![CDATA[
COMMAND: POST /session/6cb315df952d16724b4cad26491b612d/element - {"using":"xpath","value":"//li[.//span[text()=\"Manage Partners\"]]"}
RESULT: {"using":"xpath","value":"//li[.//span[text()=\"Manage Partners\"]]"}
COMMAND: POST /session/6cb315df952d16724b4cad26491b612d/element - {"using":"xpath","value":"//li[.//span[text()=\"Manage Partners\"]]"}
RESULT: {"using":"xpath","value":"//li[.//span[text()=\"Manage Partners\"]]"}
COMMAND: POST /session/6cb315df952d16724b4cad26491b612d/element - {"using":"css selector","value":"#shell-header-logo"}
RESULT: {"using":"css selector","value":"#shell-header-logo"}
COMMAND: POST /session/6cb315df952d16724b4cad26491b612d/element/f.C6BEDD6D30A87F60F18BB833061355F6.d.B63A8565BA0891E570F49914F47CD14F.e.270/click - {}
COMMAND: POST /session/6cb315df952d16724b4cad26491b612d/execute/sync - {"script":"<script> [8489 bytes]","args":[{"element-6066-11e4-a52e-4f735466cecf":"f.C6BEDD6D30A87F60F18BB833061355F6.d.B63A8565BA0891E570F49914F47CD14F.e.270","ELEMENT":"f.C6BEDD6D30A87F60F18BB833061355F6.d.B63A8565BA0891E570F49914F47CD14F.e.270"}]}
RESULT: {"script":"<script> [8489 bytes]","args":[{"element-6066-11e4-a52e-4f735466cecf":"f.C6BEDD6D30A87F60F18BB833061355F6.d.B63A8565BA0891E570F49914F47CD14F.e.270","ELEMENT":"f.C6BEDD6D30A87F60F18BB833061355F6.d.B63A8565BA0891E570F49914F47CD14F.e.270"}]}
COMMAND: POST /session/6cb315df952d16724b4cad26491b612d/execute/sync - {"script":"<script> [5351 bytes]","args":[{"element-6066-11e4-a52e-4f735466cecf":"f.C6BEDD6D30A87F60F18BB833061355F6.d.B63A8565BA0891E570F49914F47CD14F.e.270","ELEMENT":"f.C6BEDD6D30A87F60F18BB833061355F6.d.B63A8565BA0891E570F49914F47CD14F.e.270"}]}
COMMAND: GET /session/6cb315df952d16724b4cad26491b612d/screenshot - {}
RESULT: {"script":"<script> [5351 bytes]","args":[{"element-6066-11e4-a52e-4f735466cecf":"f.C6BEDD6D30A87F60F18BB833061355F6.d.B63A8565BA0891E570F49914F47CD14F.e.270","ELEMENT":"f.C6BEDD6D30A87F60F18BB833061355F6.d.B63A8565BA0891E570F49914F47CD14F.e.270"}]}
COMMAND: GET /session/6cb315df952d16724b4cad26491b612d/screenshot - {}
RESULT: {}
RESULT: {}
COMMAND: POST /session/6cb315df952d16724b4cad26491b612d/window/fullscreen - {}
RESULT: {}
RESULT: undefined
COMMAND: POST /session/6cb315df952d16724b4cad26491b612d/element - {"using":"xpath","value":"//button[@data-kt=\"addButton\"]"}
RESULT: {"using":"xpath","value":"//button[@data-kt=\"addButton\"]"}
COMMAND: POST /session/6cb315df952d16724b4cad26491b612d/elements - {"using":"xpath","value":"//button[@data-kt=\"addButton\"]"}
RESULT: {"using":"xpath","value":"//button[@data-kt=\"addButton\"]"}
COMMAND: POST /session/6cb315df952d16724b4cad26491b612d/elements - {"using":"xpath","value":"//button[@data-kt=\"addButton\"]"}
RESULT: {"using":"xpath","value":"//button[@data-kt=\"addButton\"]"}
COMMAND: POST /session/6cb315df952d16724b4cad26491b612d/elements - {"using":"xpath","value":"//button[@data-kt=\"addButton\"]"}
RESULT: {"using":"xpath","value":"//button[@data-kt=\"addButton\"]"}
COMMAND: POST /session/6cb315df952d16724b4cad26491b612d/elements - {"using":"xpath","value":"//button[@data-kt=\"addButton\"]"}
RESULT: {"using":"xpath","value":"//button[@data-kt=\"addButton\"]"}
COMMAND: POST /session/6cb315df952d16724b4cad26491b612d/elements - {"using":"xpath","value":"//button[@data-kt=\"addButton\"]"}
RESULT: {"using":"xpath","value":"//button[@data-kt=\"addButton\"]"}
COMMAND: POST /session/6cb315df952d16724b4cad26491b612d/elements - {"using":"xpath","value":"//button[@data-kt=\"addButton\"]"}
RESULT: {"using":"xpath","value":"//button[@data-kt=\"addButton\"]"}
COMMAND: POST /session/6cb315df952d16724b4cad26491b612d/elements - {"using":"xpath","value":"//button[@data-kt=\"addButton\"]"}
RESULT: {"using":"xpath","value":"//button[@data-kt=\"addButton\"]"}
COMMAND: POST /session/6cb315df952d16724b4cad26491b612d/elements - {"using":"xpath","value":"//button[@data-kt=\"addButton\"]"}
RESULT: {"using":"xpath","value":"//button[@data-kt=\"addButton\"]"}
COMMAND: POST /session/6cb315df952d16724b4cad26491b612d/elements - {"using":"xpath","value":"//button[@data-kt=\"addButton\"]"}
RESULT: {"using":"xpath","value":"//button[@data-kt=\"addButton\"]"}
COMMAND: POST /session/6cb315df952d16724b4cad26491b612d/elements - {"using":"xpath","value":"//button[@data-kt=\"addButton\"]"}
RESULT: {"using":"xpath","value":"//button[@data-kt=\"addButton\"]"}
COMMAND: POST /session/6cb315df952d16724b4cad26491b612d/elements - {"using":"xpath","value":"//button[@data-kt=\"addButton\"]"}
RESULT: {"using":"xpath","value":"//button[@data-kt=\"addButton\"]"}
COMMAND: POST /session/6cb315df952d16724b4cad26491b612d/elements - {"using":"xpath","value":"//button[@data-kt=\"addButton\"]"}
RESULT: {"using":"xpath","value":"//button[@data-kt=\"addButton\"]"}
COMMAND: POST /session/6cb315df952d16724b4cad26491b612d/elements - {"using":"xpath","value":"//button[@data-kt=\"addButton\"]"}
RESULT: {"using":"xpath","value":"//button[@data-kt=\"addButton\"]"}
COMMAND: POST /session/6cb315df952d16724b4cad26491b612d/elements - {"using":"xpath","value":"//button[@data-kt=\"addButton\"]"}
RESULT: {"using":"xpath","value":"//button[@data-kt=\"addButton\"]"}
COMMAND: POST /session/6cb315df952d16724b4cad26491b612d/elements - {"using":"xpath","value":"//button[@data-kt=\"addButton\"]"}
RESULT: {"using":"xpath","value":"//button[@data-kt=\"addButton\"]"}
COMMAND: POST /session/6cb315df952d16724b4cad26491b612d/elements - {"using":"xpath","value":"//button[@data-kt=\"addButton\"]"}
RESULT: {"using":"xpath","value":"//button[@data-kt=\"addButton\"]"}
COMMAND: POST /session/6cb315df952d16724b4cad26491b612d/elements - {"using":"xpath","value":"//button[@data-kt=\"addButton\"]"}
RESULT: {"using":"xpath","value":"//button[@data-kt=\"addButton\"]"}
COMMAND: POST /session/6cb315df952d16724b4cad26491b612d/elements - {"using":"xpath","value":"//button[@data-kt=\"addButton\"]"}
RESULT: {"using":"xpath","value":"//button[@data-kt=\"addButton\"]"}
COMMAND: POST /session/6cb315df952d16724b4cad26491b612d/elements - {"using":"xpath","value":"//button[@data-kt=\"addButton\"]"}
RESULT: {"using":"xpath","value":"//button[@data-kt=\"addButton\"]"}
COMMAND: POST /session/6cb315df952d16724b4cad26491b612d/elements - {"using":"xpath","value":"//button[@data-kt=\"addButton\"]"}
RESULT: {"using":"xpath","value":"//button[@data-kt=\"addButton\"]"}
COMMAND: POST /session/6cb315df952d16724b4cad26491b612d/elements - {"using":"xpath","value":"//button[@data-kt=\"addButton\"]"}
RESULT: {"using":"xpath","value":"//button[@data-kt=\"addButton\"]"}
COMMAND: POST /session/6cb315df952d16724b4cad26491b612d/elements - {"using":"xpath","value":"//button[@data-kt=\"addButton\"]"}
RESULT: {"using":"xpath","value":"//button[@data-kt=\"addButton\"]"}
COMMAND: POST /session/6cb315df952d16724b4cad26491b612d/elements - {"using":"xpath","value":"//button[@data-kt=\"addButton\"]"}
RESULT: {"using":"xpath","value":"//button[@data-kt=\"addButton\"]"}
COMMAND: POST /session/6cb315df952d16724b4cad26491b612d/elements - {"using":"xpath","value":"//button[@data-kt=\"addButton\"]"}
RESULT: {"using":"xpath","value":"//button[@data-kt=\"addButton\"]"}
COMMAND: POST /session/6cb315df952d16724b4cad26491b612d/elements - {"using":"xpath","value":"//button[@data-kt=\"addButton\"]"}
RESULT: {"using":"xpath","value":"//button[@data-kt=\"addButton\"]"}
COMMAND: POST /session/6cb315df952d16724b4cad26491b612d/elements - {"using":"xpath","value":"//button[@data-kt=\"addButton\"]"}
RESULT: {"using":"xpath","value":"//button[@data-kt=\"addButton\"]"}
COMMAND: POST /session/6cb315df952d16724b4cad26491b612d/elements - {"using":"xpath","value":"//button[@data-kt=\"addButton\"]"}
RESULT: {"using":"xpath","value":"//button[@data-kt=\"addButton\"]"}
COMMAND: POST /session/6cb315df952d16724b4cad26491b612d/elements - {"using":"xpath","value":"//button[@data-kt=\"addButton\"]"}
RESULT: {"using":"xpath","value":"//button[@data-kt=\"addButton\"]"}
COMMAND: POST /session/6cb315df952d16724b4cad26491b612d/elements - {"using":"xpath","value":"//button[@data-kt=\"addButton\"]"}
RESULT: {"using":"xpath","value":"//button[@data-kt=\"addButton\"]"}
COMMAND: POST /session/6cb315df952d16724b4cad26491b612d/elements - {"using":"xpath","value":"//button[@data-kt=\"addButton\"]"}
RESULT: {"using":"xpath","value":"//button[@data-kt=\"addButton\"]"}
COMMAND: POST /session/6cb315df952d16724b4cad26491b612d/elements - {"using":"xpath","value":"//button[@data-kt=\"addButton\"]"}
RESULT: {"using":"xpath","value":"//button[@data-kt=\"addButton\"]"}
COMMAND: POST /session/6cb315df952d16724b4cad26491b612d/elements - {"using":"xpath","value":"//button[@data-kt=\"addButton\"]"}
RESULT: {"using":"xpath","value":"//button[@data-kt=\"addButton\"]"}
COMMAND: POST /session/6cb315df952d16724b4cad26491b612d/elements - {"using":"xpath","value":"//button[@data-kt=\"addButton\"]"}
RESULT: {"using":"xpath","value":"//button[@data-kt=\"addButton\"]"}
COMMAND: POST /session/6cb315df952d16724b4cad26491b612d/elements - {"using":"xpath","value":"//button[@data-kt=\"addButton\"]"}
RESULT: {"using":"xpath","value":"//button[@data-kt=\"addButton\"]"}
COMMAND: POST /session/6cb315df952d16724b4cad26491b612d/elements - {"using":"xpath","value":"//button[@data-kt=\"addButton\"]"}
RESULT: {"using":"xpath","value":"//button[@data-kt=\"addButton\"]"}
COMMAND: POST /session/6cb315df952d16724b4cad26491b612d/elements - {"using":"xpath","value":"//button[@data-kt=\"addButton\"]"}
RESULT: {"using":"xpath","value":"//button[@data-kt=\"addButton\"]"}
COMMAND: POST /session/6cb315df952d16724b4cad26491b612d/elements - {"using":"xpath","value":"//button[@data-kt=\"addButton\"]"}
RESULT: {"using":"xpath","value":"//button[@data-kt=\"addButton\"]"}
COMMAND: POST /session/6cb315df952d16724b4cad26491b612d/elements - {"using":"xpath","value":"//button[@data-kt=\"addButton\"]"}
RESULT: {"using":"xpath","value":"//button[@data-kt=\"addButton\"]"}
COMMAND: POST /session/6cb315df952d16724b4cad26491b612d/elements - {"using":"xpath","value":"//button[@data-kt=\"addButton\"]"}
RESULT: {"using":"xpath","value":"//button[@data-kt=\"addButton\"]"}
COMMAND: POST /session/6cb315df952d16724b4cad26491b612d/elements - {"using":"xpath","value":"//button[@data-kt=\"addButton\"]"}
RESULT: {"using":"xpath","value":"//button[@data-kt=\"addButton\"]"}
COMMAND: POST /session/6cb315df952d16724b4cad26491b612d/elements - {"using":"xpath","value":"//button[@data-kt=\"addButton\"]"}
RESULT: {"using":"xpath","value":"//button[@data-kt=\"addButton\"]"}
COMMAND: POST /session/6cb315df952d16724b4cad26491b612d/elements - {"using":"xpath","value":"//button[@data-kt=\"addButton\"]"}
RESULT: {"using":"xpath","value":"//button[@data-kt=\"addButton\"]"}
COMMAND: POST /session/6cb315df952d16724b4cad26491b612d/elements - {"using":"xpath","value":"//button[@data-kt=\"addButton\"]"}
RESULT: {"using":"xpath","value":"//button[@data-kt=\"addButton\"]"}
COMMAND: POST /session/6cb315df952d16724b4cad26491b612d/elements - {"using":"xpath","value":"//button[@data-kt=\"addButton\"]"}
RESULT: {"using":"xpath","value":"//button[@data-kt=\"addButton\"]"}
COMMAND: POST /session/6cb315df952d16724b4cad26491b612d/elements - {"using":"xpath","value":"//button[@data-kt=\"addButton\"]"}
RESULT: {"using":"xpath","value":"//button[@data-kt=\"addButton\"]"}
COMMAND: POST /session/6cb315df952d16724b4cad26491b612d/elements - {"using":"xpath","value":"//button[@data-kt=\"addButton\"]"}
RESULT: {"using":"xpath","value":"//button[@data-kt=\"addButton\"]"}
COMMAND: POST /session/6cb315df952d16724b4cad26491b612d/elements - {"using":"xpath","value":"//button[@data-kt=\"addButton\"]"}
RESULT: {"using":"xpath","value":"//button[@data-kt=\"addButton\"]"}
COMMAND: POST /session/6cb315df952d16724b4cad26491b612d/elements - {"using":"xpath","value":"//button[@data-kt=\"addButton\"]"}
RESULT: {"using":"xpath","value":"//button[@data-kt=\"addButton\"]"}
COMMAND: POST /session/6cb315df952d16724b4cad26491b612d/elements - {"using":"xpath","value":"//button[@data-kt=\"addButton\"]"}
RESULT: {"using":"xpath","value":"//button[@data-kt=\"addButton\"]"}
COMMAND: POST /session/6cb315df952d16724b4cad26491b612d/elements - {"using":"xpath","value":"//button[@data-kt=\"addButton\"]"}
RESULT: {"using":"xpath","value":"//button[@data-kt=\"addButton\"]"}
COMMAND: POST /session/6cb315df952d16724b4cad26491b612d/elements - {"using":"xpath","value":"//button[@data-kt=\"addButton\"]"}
RESULT: {"using":"xpath","value":"//button[@data-kt=\"addButton\"]"}
COMMAND: POST /session/6cb315df952d16724b4cad26491b612d/elements - {"using":"xpath","value":"//button[@data-kt=\"addButton\"]"}
RESULT: {"using":"xpath","value":"//button[@data-kt=\"addButton\"]"}
COMMAND: POST /session/6cb315df952d16724b4cad26491b612d/elements - {"using":"xpath","value":"//button[@data-kt=\"addButton\"]"}
RESULT: {"using":"xpath","value":"//button[@data-kt=\"addButton\"]"}
COMMAND: POST /session/6cb315df952d16724b4cad26491b612d/elements - {"using":"xpath","value":"//button[@data-kt=\"addButton\"]"}
RESULT: {"using":"xpath","value":"//button[@data-kt=\"addButton\"]"}
COMMAND: POST /session/6cb315df952d16724b4cad26491b612d/elements - {"using":"xpath","value":"//button[@data-kt=\"addButton\"]"}
RESULT: {"using":"xpath","value":"//button[@data-kt=\"addButton\"]"}
COMMAND: POST /session/6cb315df952d16724b4cad26491b612d/elements - {"using":"xpath","value":"//button[@data-kt=\"addButton\"]"}
RESULT: {"using":"xpath","value":"//button[@data-kt=\"addButton\"]"}
COMMAND: POST /session/6cb315df952d16724b4cad26491b612d/elements - {"using":"xpath","value":"//button[@data-kt=\"addButton\"]"}
RESULT: {"using":"xpath","value":"//button[@data-kt=\"addButton\"]"}
COMMAND: POST /session/6cb315df952d16724b4cad26491b612d/elements - {"using":"xpath","value":"//button[@data-kt=\"addButton\"]"}
RESULT: {"using":"xpath","value":"//button[@data-kt=\"addButton\"]"}
COMMAND: POST /session/6cb315df952d16724b4cad26491b612d/elements - {"using":"xpath","value":"//button[@data-kt=\"addButton\"]"}
RESULT: {"using":"xpath","value":"//button[@data-kt=\"addButton\"]"}
COMMAND: POST /session/6cb315df952d16724b4cad26491b612d/elements - {"using":"xpath","value":"//button[@data-kt=\"addButton\"]"}
RESULT: {"using":"xpath","value":"//button[@data-kt=\"addButton\"]"}
COMMAND: POST /session/6cb315df952d16724b4cad26491b612d/elements - {"using":"xpath","value":"//button[@data-kt=\"addButton\"]"}
RESULT: {"using":"xpath","value":"//button[@data-kt=\"addButton\"]"}
COMMAND: POST /session/6cb315df952d16724b4cad26491b612d/elements - {"using":"xpath","value":"//button[@data-kt=\"addButton\"]"}
RESULT: {"using":"xpath","value":"//button[@data-kt=\"addButton\"]"}
COMMAND: POST /session/6cb315df952d16724b4cad26491b612d/elements - {"using":"xpath","value":"//button[@data-kt=\"addButton\"]"}
RESULT: {"using":"xpath","value":"//button[@data-kt=\"addButton\"]"}
COMMAND: POST /session/6cb315df952d16724b4cad26491b612d/elements - {"using":"xpath","value":"//button[@data-kt=\"addButton\"]"}
RESULT: {"using":"xpath","value":"//button[@data-kt=\"addButton\"]"}
COMMAND: POST /session/6cb315df952d16724b4cad26491b612d/elements - {"using":"xpath","value":"//button[@data-kt=\"addButton\"]"}
RESULT: {"using":"xpath","value":"//button[@data-kt=\"addButton\"]"}
COMMAND: POST /session/6cb315df952d16724b4cad26491b612d/elements - {"using":"xpath","value":"//button[@data-kt=\"addButton\"]"}
RESULT: {"using":"xpath","value":"//button[@data-kt=\"addButton\"]"}
COMMAND: POST /session/6cb315df952d16724b4cad26491b612d/elements - {"using":"xpath","value":"//button[@data-kt=\"addButton\"]"}
RESULT: {"using":"xpath","value":"//button[@data-kt=\"addButton\"]"}
COMMAND: POST /session/6cb315df952d16724b4cad26491b612d/elements - {"using":"xpath","value":"//button[@data-kt=\"addButton\"]"}
RESULT: {"using":"xpath","value":"//button[@data-kt=\"addButton\"]"}
COMMAND: POST /session/6cb315df952d16724b4cad26491b612d/elements - {"using":"xpath","value":"//button[@data-kt=\"addButton\"]"}
RESULT: {"using":"xpath","value":"//button[@data-kt=\"addButton\"]"}
COMMAND: POST /session/6cb315df952d16724b4cad26491b612d/elements - {"using":"xpath","value":"//button[@data-kt=\"addButton\"]"}
RESULT: {"using":"xpath","value":"//button[@data-kt=\"addButton\"]"}
COMMAND: POST /session/6cb315df952d16724b4cad26491b612d/elements - {"using":"xpath","value":"//button[@data-kt=\"addButton\"]"}
RESULT: {"using":"xpath","value":"//button[@data-kt=\"addButton\"]"}
COMMAND: POST /session/6cb315df952d16724b4cad26491b612d/elements - {"using":"xpath","value":"//button[@data-kt=\"addButton\"]"}
RESULT: {"using":"xpath","value":"//button[@data-kt=\"addButton\"]"}
COMMAND: POST /session/6cb315df952d16724b4cad26491b612d/elements - {"using":"xpath","value":"//button[@data-kt=\"addButton\"]"}
RESULT: {"using":"xpath","value":"//button[@data-kt=\"addButton\"]"}
COMMAND: POST /session/6cb315df952d16724b4cad26491b612d/elements - {"using":"xpath","value":"//button[@data-kt=\"addButton\"]"}
RESULT: {"using":"xpath","value":"//button[@data-kt=\"addButton\"]"}
COMMAND: POST /session/6cb315df952d16724b4cad26491b612d/elements - {"using":"xpath","value":"//button[@data-kt=\"addButton\"]"}
RESULT: {"using":"xpath","value":"//button[@data-kt=\"addButton\"]"}
COMMAND: POST /session/6cb315df952d16724b4cad26491b612d/elements - {"using":"xpath","value":"//button[@data-kt=\"addButton\"]"}
RESULT: {"using":"xpath","value":"//button[@data-kt=\"addButton\"]"}
COMMAND: POST /session/6cb315df952d16724b4cad26491b612d/elements - {"using":"xpath","value":"//button[@data-kt=\"addButton\"]"}
RESULT: {"using":"xpath","value":"//button[@data-kt=\"addButton\"]"}
COMMAND: POST /session/6cb315df952d16724b4cad26491b612d/elements - {"using":"xpath","value":"//button[@data-kt=\"addButton\"]"}
RESULT: {"using":"xpath","value":"//button[@data-kt=\"addButton\"]"}
COMMAND: POST /session/6cb315df952d16724b4cad26491b612d/elements - {"using":"xpath","value":"//button[@data-kt=\"addButton\"]"}
RESULT: {"using":"xpath","value":"//button[@data-kt=\"addButton\"]"}
COMMAND: POST /session/6cb315df952d16724b4cad26491b612d/elements - {"using":"xpath","value":"//button[@data-kt=\"addButton\"]"}
RESULT: {"using":"xpath","value":"//button[@data-kt=\"addButton\"]"}
COMMAND: POST /session/6cb315df952d16724b4cad26491b612d/elements - {"using":"xpath","value":"//button[@data-kt=\"addButton\"]"}
RESULT: {"using":"xpath","value":"//button[@data-kt=\"addButton\"]"}
COMMAND: POST /session/6cb315df952d16724b4cad26491b612d/elements - {"using":"xpath","value":"//button[@data-kt=\"addButton\"]"}
RESULT: {"using":"xpath","value":"//button[@data-kt=\"addButton\"]"}
COMMAND: POST /session/6cb315df952d16724b4cad26491b612d/elements - {"using":"xpath","value":"//button[@data-kt=\"addButton\"]"}
RESULT: {"using":"xpath","value":"//button[@data-kt=\"addButton\"]"}
COMMAND: POST /session/6cb315df952d16724b4cad26491b612d/elements - {"using":"xpath","value":"//button[@data-kt=\"addButton\"]"}
RESULT: {"using":"xpath","value":"//button[@data-kt=\"addButton\"]"}
COMMAND: POST /session/6cb315df952d16724b4cad26491b612d/elements - {"using":"xpath","value":"//button[@data-kt=\"addButton\"]"}
RESULT: {"using":"xpath","value":"//button[@data-kt=\"addButton\"]"}
COMMAND: POST /session/6cb315df952d16724b4cad26491b612d/elements - {"using":"xpath","value":"//button[@data-kt=\"addButton\"]"}
RESULT: {"using":"xpath","value":"//button[@data-kt=\"addButton\"]"}
COMMAND: POST /session/6cb315df952d16724b4cad26491b612d/elements - {"using":"xpath","value":"//button[@data-kt=\"addButton\"]"}
RESULT: {"using":"xpath","value":"//button[@data-kt=\"addButton\"]"}
COMMAND: POST /session/6cb315df952d16724b4cad26491b612d/elements - {"using":"xpath","value":"//button[@data-kt=\"addButton\"]"}
RESULT: {"using":"xpath","value":"//button[@data-kt=\"addButton\"]"}
COMMAND: POST /session/6cb315df952d16724b4cad26491b612d/elements - {"using":"xpath","value":"//button[@data-kt=\"addButton\"]"}
RESULT: {"using":"xpath","value":"//button[@data-kt=\"addButton\"]"}
COMMAND: POST /session/6cb315df952d16724b4cad26491b612d/elements - {"using":"xpath","value":"//button[@data-kt=\"addButton\"]"}
RESULT: {"using":"xpath","value":"//button[@data-kt=\"addButton\"]"}
COMMAND: GET /session/6cb315df952d16724b4cad26491b612d/screenshot - {}
RESULT: {}
]]></system-out>
      <system-err><![CDATA[
Error: element ("//button[@data-kt="addButton"]") still not existing after 45000ms
    at async UtilsPrerequisites.partnerCreation (D:\a\1\s\test\specs\BTS\prerequisites-and-utils-functions.js:387:9)
    at async Context.<anonymous> (D:\a\1\s\test\specs\BTS\manage-partners.spec.js:23:47)
]]></system-err>
    </testcase>
    <testcase classname="chrome.136_0_7103_49.windows.Partner_specific_tests_US150819_US151080_US151654_US151176_US103444_US151078_US151079_US151109_US151174_US151175_US151189" name="Should filter and search partners US151080" time="55.849">
      <skipped />
      <system-out><![CDATA[
COMMAND: POST /session/6cb315df952d16724b4cad26491b612d/element - {"using":"xpath","value":"//li[.//span[text()=\"Manage Partners\"]]"}
COMMAND: GET /session/6cb315df952d16724b4cad26491b612d/screenshot - {}
RESULT: {"using":"xpath","value":"//li[.//span[text()=\"Manage Partners\"]]"}
COMMAND: POST /session/6cb315df952d16724b4cad26491b612d/element - {"using":"xpath","value":"//li[.//span[text()=\"Manage Partners\"]]"}
RESULT: {}
RESULT: {"using":"xpath","value":"//li[.//span[text()=\"Manage Partners\"]]"}
COMMAND: POST /session/6cb315df952d16724b4cad26491b612d/element - {"using":"css selector","value":"#shell-header-logo"}
RESULT: {"using":"css selector","value":"#shell-header-logo"}
COMMAND: POST /session/6cb315df952d16724b4cad26491b612d/element/f.C6BEDD6D30A87F60F18BB833061355F6.d.B63A8565BA0891E570F49914F47CD14F.e.270/click - {}
COMMAND: POST /session/6cb315df952d16724b4cad26491b612d/execute/sync - {"script":"<script> [8489 bytes]","args":[{"element-6066-11e4-a52e-4f735466cecf":"f.C6BEDD6D30A87F60F18BB833061355F6.d.B63A8565BA0891E570F49914F47CD14F.e.270","ELEMENT":"f.C6BEDD6D30A87F60F18BB833061355F6.d.B63A8565BA0891E570F49914F47CD14F.e.270"}]}
RESULT: {"script":"<script> [8489 bytes]","args":[{"element-6066-11e4-a52e-4f735466cecf":"f.C6BEDD6D30A87F60F18BB833061355F6.d.B63A8565BA0891E570F49914F47CD14F.e.270","ELEMENT":"f.C6BEDD6D30A87F60F18BB833061355F6.d.B63A8565BA0891E570F49914F47CD14F.e.270"}]}
COMMAND: POST /session/6cb315df952d16724b4cad26491b612d/execute/sync - {"script":"<script> [5351 bytes]","args":[{"element-6066-11e4-a52e-4f735466cecf":"f.C6BEDD6D30A87F60F18BB833061355F6.d.B63A8565BA0891E570F49914F47CD14F.e.270","ELEMENT":"f.C6BEDD6D30A87F60F18BB833061355F6.d.B63A8565BA0891E570F49914F47CD14F.e.270"}]}
COMMAND: GET /session/6cb315df952d16724b4cad26491b612d/screenshot - {}
RESULT: {"script":"<script> [5351 bytes]","args":[{"element-6066-11e4-a52e-4f735466cecf":"f.C6BEDD6D30A87F60F18BB833061355F6.d.B63A8565BA0891E570F49914F47CD14F.e.270","ELEMENT":"f.C6BEDD6D30A87F60F18BB833061355F6.d.B63A8565BA0891E570F49914F47CD14F.e.270"}]}
COMMAND: GET /session/6cb315df952d16724b4cad26491b612d/screenshot - {}
RESULT: {}
RESULT: {}
RESULT: undefined
COMMAND: POST /session/6cb315df952d16724b4cad26491b612d/element - {"using":"xpath","value":"//button[@data-kt=\"addButton\"]"}
RESULT: {"using":"xpath","value":"//button[@data-kt=\"addButton\"]"}
COMMAND: POST /session/6cb315df952d16724b4cad26491b612d/elements - {"using":"xpath","value":"//button[@data-kt=\"addButton\"]"}
RESULT: {"using":"xpath","value":"//button[@data-kt=\"addButton\"]"}
COMMAND: POST /session/6cb315df952d16724b4cad26491b612d/elements - {"using":"xpath","value":"//button[@data-kt=\"addButton\"]"}
RESULT: {"using":"xpath","value":"//button[@data-kt=\"addButton\"]"}
COMMAND: POST /session/6cb315df952d16724b4cad26491b612d/elements - {"using":"xpath","value":"//button[@data-kt=\"addButton\"]"}
RESULT: {"using":"xpath","value":"//button[@data-kt=\"addButton\"]"}
COMMAND: POST /session/6cb315df952d16724b4cad26491b612d/elements - {"using":"xpath","value":"//button[@data-kt=\"addButton\"]"}
RESULT: {"using":"xpath","value":"//button[@data-kt=\"addButton\"]"}
COMMAND: POST /session/6cb315df952d16724b4cad26491b612d/elements - {"using":"xpath","value":"//button[@data-kt=\"addButton\"]"}
RESULT: {"using":"xpath","value":"//button[@data-kt=\"addButton\"]"}
COMMAND: POST /session/6cb315df952d16724b4cad26491b612d/elements - {"using":"xpath","value":"//button[@data-kt=\"addButton\"]"}
RESULT: {"using":"xpath","value":"//button[@data-kt=\"addButton\"]"}
COMMAND: POST /session/6cb315df952d16724b4cad26491b612d/elements - {"using":"xpath","value":"//button[@data-kt=\"addButton\"]"}
RESULT: {"using":"xpath","value":"//button[@data-kt=\"addButton\"]"}
COMMAND: POST /session/6cb315df952d16724b4cad26491b612d/elements - {"using":"xpath","value":"//button[@data-kt=\"addButton\"]"}
RESULT: {"using":"xpath","value":"//button[@data-kt=\"addButton\"]"}
COMMAND: POST /session/6cb315df952d16724b4cad26491b612d/elements - {"using":"xpath","value":"//button[@data-kt=\"addButton\"]"}
RESULT: {"using":"xpath","value":"//button[@data-kt=\"addButton\"]"}
COMMAND: POST /session/6cb315df952d16724b4cad26491b612d/elements - {"using":"xpath","value":"//button[@data-kt=\"addButton\"]"}
RESULT: {"using":"xpath","value":"//button[@data-kt=\"addButton\"]"}
COMMAND: POST /session/6cb315df952d16724b4cad26491b612d/elements - {"using":"xpath","value":"//button[@data-kt=\"addButton\"]"}
RESULT: {"using":"xpath","value":"//button[@data-kt=\"addButton\"]"}
COMMAND: POST /session/6cb315df952d16724b4cad26491b612d/elements - {"using":"xpath","value":"//button[@data-kt=\"addButton\"]"}
RESULT: {"using":"xpath","value":"//button[@data-kt=\"addButton\"]"}
COMMAND: POST /session/6cb315df952d16724b4cad26491b612d/elements - {"using":"xpath","value":"//button[@data-kt=\"addButton\"]"}
RESULT: {"using":"xpath","value":"//button[@data-kt=\"addButton\"]"}
COMMAND: POST /session/6cb315df952d16724b4cad26491b612d/elements - {"using":"xpath","value":"//button[@data-kt=\"addButton\"]"}
RESULT: {"using":"xpath","value":"//button[@data-kt=\"addButton\"]"}
COMMAND: POST /session/6cb315df952d16724b4cad26491b612d/elements - {"using":"xpath","value":"//button[@data-kt=\"addButton\"]"}
RESULT: {"using":"xpath","value":"//button[@data-kt=\"addButton\"]"}
COMMAND: POST /session/6cb315df952d16724b4cad26491b612d/elements - {"using":"xpath","value":"//button[@data-kt=\"addButton\"]"}
RESULT: {"using":"xpath","value":"//button[@data-kt=\"addButton\"]"}
COMMAND: POST /session/6cb315df952d16724b4cad26491b612d/elements - {"using":"xpath","value":"//button[@data-kt=\"addButton\"]"}
RESULT: {"using":"xpath","value":"//button[@data-kt=\"addButton\"]"}
COMMAND: POST /session/6cb315df952d16724b4cad26491b612d/elements - {"using":"xpath","value":"//button[@data-kt=\"addButton\"]"}
RESULT: {"using":"xpath","value":"//button[@data-kt=\"addButton\"]"}
COMMAND: POST /session/6cb315df952d16724b4cad26491b612d/elements - {"using":"xpath","value":"//button[@data-kt=\"addButton\"]"}
RESULT: {"using":"xpath","value":"//button[@data-kt=\"addButton\"]"}
COMMAND: POST /session/6cb315df952d16724b4cad26491b612d/elements - {"using":"xpath","value":"//button[@data-kt=\"addButton\"]"}
RESULT: {"using":"xpath","value":"//button[@data-kt=\"addButton\"]"}
COMMAND: POST /session/6cb315df952d16724b4cad26491b612d/elements - {"using":"xpath","value":"//button[@data-kt=\"addButton\"]"}
RESULT: {"using":"xpath","value":"//button[@data-kt=\"addButton\"]"}
COMMAND: POST /session/6cb315df952d16724b4cad26491b612d/elements - {"using":"xpath","value":"//button[@data-kt=\"addButton\"]"}
RESULT: {"using":"xpath","value":"//button[@data-kt=\"addButton\"]"}
COMMAND: POST /session/6cb315df952d16724b4cad26491b612d/elements - {"using":"xpath","value":"//button[@data-kt=\"addButton\"]"}
RESULT: {"using":"xpath","value":"//button[@data-kt=\"addButton\"]"}
COMMAND: POST /session/6cb315df952d16724b4cad26491b612d/elements - {"using":"xpath","value":"//button[@data-kt=\"addButton\"]"}
RESULT: {"using":"xpath","value":"//button[@data-kt=\"addButton\"]"}
COMMAND: POST /session/6cb315df952d16724b4cad26491b612d/elements - {"using":"xpath","value":"//button[@data-kt=\"addButton\"]"}
RESULT: {"using":"xpath","value":"//button[@data-kt=\"addButton\"]"}
COMMAND: POST /session/6cb315df952d16724b4cad26491b612d/elements - {"using":"xpath","value":"//button[@data-kt=\"addButton\"]"}
RESULT: {"using":"xpath","value":"//button[@data-kt=\"addButton\"]"}
COMMAND: POST /session/6cb315df952d16724b4cad26491b612d/elements - {"using":"xpath","value":"//button[@data-kt=\"addButton\"]"}
RESULT: {"using":"xpath","value":"//button[@data-kt=\"addButton\"]"}
COMMAND: POST /session/6cb315df952d16724b4cad26491b612d/elements - {"using":"xpath","value":"//button[@data-kt=\"addButton\"]"}
RESULT: {"using":"xpath","value":"//button[@data-kt=\"addButton\"]"}
COMMAND: POST /session/6cb315df952d16724b4cad26491b612d/elements - {"using":"xpath","value":"//button[@data-kt=\"addButton\"]"}
RESULT: {"using":"xpath","value":"//button[@data-kt=\"addButton\"]"}
COMMAND: POST /session/6cb315df952d16724b4cad26491b612d/elements - {"using":"xpath","value":"//button[@data-kt=\"addButton\"]"}
RESULT: {"using":"xpath","value":"//button[@data-kt=\"addButton\"]"}
COMMAND: POST /session/6cb315df952d16724b4cad26491b612d/elements - {"using":"xpath","value":"//button[@data-kt=\"addButton\"]"}
RESULT: {"using":"xpath","value":"//button[@data-kt=\"addButton\"]"}
COMMAND: POST /session/6cb315df952d16724b4cad26491b612d/elements - {"using":"xpath","value":"//button[@data-kt=\"addButton\"]"}
RESULT: {"using":"xpath","value":"//button[@data-kt=\"addButton\"]"}
COMMAND: POST /session/6cb315df952d16724b4cad26491b612d/elements - {"using":"xpath","value":"//button[@data-kt=\"addButton\"]"}
RESULT: {"using":"xpath","value":"//button[@data-kt=\"addButton\"]"}
COMMAND: POST /session/6cb315df952d16724b4cad26491b612d/elements - {"using":"xpath","value":"//button[@data-kt=\"addButton\"]"}
RESULT: {"using":"xpath","value":"//button[@data-kt=\"addButton\"]"}
COMMAND: POST /session/6cb315df952d16724b4cad26491b612d/elements - {"using":"xpath","value":"//button[@data-kt=\"addButton\"]"}
RESULT: {"using":"xpath","value":"//button[@data-kt=\"addButton\"]"}
COMMAND: POST /session/6cb315df952d16724b4cad26491b612d/elements - {"using":"xpath","value":"//button[@data-kt=\"addButton\"]"}
RESULT: {"using":"xpath","value":"//button[@data-kt=\"addButton\"]"}
COMMAND: POST /session/6cb315df952d16724b4cad26491b612d/elements - {"using":"xpath","value":"//button[@data-kt=\"addButton\"]"}
RESULT: {"using":"xpath","value":"//button[@data-kt=\"addButton\"]"}
COMMAND: POST /session/6cb315df952d16724b4cad26491b612d/elements - {"using":"xpath","value":"//button[@data-kt=\"addButton\"]"}
RESULT: {"using":"xpath","value":"//button[@data-kt=\"addButton\"]"}
COMMAND: POST /session/6cb315df952d16724b4cad26491b612d/elements - {"using":"xpath","value":"//button[@data-kt=\"addButton\"]"}
RESULT: {"using":"xpath","value":"//button[@data-kt=\"addButton\"]"}
COMMAND: POST /session/6cb315df952d16724b4cad26491b612d/elements - {"using":"xpath","value":"//button[@data-kt=\"addButton\"]"}
RESULT: {"using":"xpath","value":"//button[@data-kt=\"addButton\"]"}
COMMAND: POST /session/6cb315df952d16724b4cad26491b612d/elements - {"using":"xpath","value":"//button[@data-kt=\"addButton\"]"}
RESULT: {"using":"xpath","value":"//button[@data-kt=\"addButton\"]"}
COMMAND: POST /session/6cb315df952d16724b4cad26491b612d/elements - {"using":"xpath","value":"//button[@data-kt=\"addButton\"]"}
RESULT: {"using":"xpath","value":"//button[@data-kt=\"addButton\"]"}
COMMAND: POST /session/6cb315df952d16724b4cad26491b612d/elements - {"using":"xpath","value":"//button[@data-kt=\"addButton\"]"}
RESULT: {"using":"xpath","value":"//button[@data-kt=\"addButton\"]"}
COMMAND: POST /session/6cb315df952d16724b4cad26491b612d/elements - {"using":"xpath","value":"//button[@data-kt=\"addButton\"]"}
RESULT: {"using":"xpath","value":"//button[@data-kt=\"addButton\"]"}
COMMAND: POST /session/6cb315df952d16724b4cad26491b612d/elements - {"using":"xpath","value":"//button[@data-kt=\"addButton\"]"}
RESULT: {"using":"xpath","value":"//button[@data-kt=\"addButton\"]"}
COMMAND: POST /session/6cb315df952d16724b4cad26491b612d/elements - {"using":"xpath","value":"//button[@data-kt=\"addButton\"]"}
RESULT: {"using":"xpath","value":"//button[@data-kt=\"addButton\"]"}
COMMAND: POST /session/6cb315df952d16724b4cad26491b612d/elements - {"using":"xpath","value":"//button[@data-kt=\"addButton\"]"}
RESULT: {"using":"xpath","value":"//button[@data-kt=\"addButton\"]"}
COMMAND: POST /session/6cb315df952d16724b4cad26491b612d/elements - {"using":"xpath","value":"//button[@data-kt=\"addButton\"]"}
RESULT: {"using":"xpath","value":"//button[@data-kt=\"addButton\"]"}
COMMAND: POST /session/6cb315df952d16724b4cad26491b612d/elements - {"using":"xpath","value":"//button[@data-kt=\"addButton\"]"}
RESULT: {"using":"xpath","value":"//button[@data-kt=\"addButton\"]"}
COMMAND: POST /session/6cb315df952d16724b4cad26491b612d/elements - {"using":"xpath","value":"//button[@data-kt=\"addButton\"]"}
RESULT: {"using":"xpath","value":"//button[@data-kt=\"addButton\"]"}
COMMAND: POST /session/6cb315df952d16724b4cad26491b612d/elements - {"using":"xpath","value":"//button[@data-kt=\"addButton\"]"}
RESULT: {"using":"xpath","value":"//button[@data-kt=\"addButton\"]"}
COMMAND: POST /session/6cb315df952d16724b4cad26491b612d/elements - {"using":"xpath","value":"//button[@data-kt=\"addButton\"]"}
RESULT: {"using":"xpath","value":"//button[@data-kt=\"addButton\"]"}
COMMAND: POST /session/6cb315df952d16724b4cad26491b612d/elements - {"using":"xpath","value":"//button[@data-kt=\"addButton\"]"}
RESULT: {"using":"xpath","value":"//button[@data-kt=\"addButton\"]"}
COMMAND: POST /session/6cb315df952d16724b4cad26491b612d/elements - {"using":"xpath","value":"//button[@data-kt=\"addButton\"]"}
RESULT: {"using":"xpath","value":"//button[@data-kt=\"addButton\"]"}
COMMAND: POST /session/6cb315df952d16724b4cad26491b612d/elements - {"using":"xpath","value":"//button[@data-kt=\"addButton\"]"}
RESULT: {"using":"xpath","value":"//button[@data-kt=\"addButton\"]"}
COMMAND: POST /session/6cb315df952d16724b4cad26491b612d/elements - {"using":"xpath","value":"//button[@data-kt=\"addButton\"]"}
RESULT: {"using":"xpath","value":"//button[@data-kt=\"addButton\"]"}
COMMAND: POST /session/6cb315df952d16724b4cad26491b612d/elements - {"using":"xpath","value":"//button[@data-kt=\"addButton\"]"}
RESULT: {"using":"xpath","value":"//button[@data-kt=\"addButton\"]"}
COMMAND: POST /session/6cb315df952d16724b4cad26491b612d/elements - {"using":"xpath","value":"//button[@data-kt=\"addButton\"]"}
RESULT: {"using":"xpath","value":"//button[@data-kt=\"addButton\"]"}
COMMAND: POST /session/6cb315df952d16724b4cad26491b612d/elements - {"using":"xpath","value":"//button[@data-kt=\"addButton\"]"}
RESULT: {"using":"xpath","value":"//button[@data-kt=\"addButton\"]"}
COMMAND: POST /session/6cb315df952d16724b4cad26491b612d/elements - {"using":"xpath","value":"//button[@data-kt=\"addButton\"]"}
RESULT: {"using":"xpath","value":"//button[@data-kt=\"addButton\"]"}
COMMAND: POST /session/6cb315df952d16724b4cad26491b612d/elements - {"using":"xpath","value":"//button[@data-kt=\"addButton\"]"}
RESULT: {"using":"xpath","value":"//button[@data-kt=\"addButton\"]"}
COMMAND: POST /session/6cb315df952d16724b4cad26491b612d/elements - {"using":"xpath","value":"//button[@data-kt=\"addButton\"]"}
RESULT: {"using":"xpath","value":"//button[@data-kt=\"addButton\"]"}
COMMAND: POST /session/6cb315df952d16724b4cad26491b612d/elements - {"using":"xpath","value":"//button[@data-kt=\"addButton\"]"}
RESULT: {"using":"xpath","value":"//button[@data-kt=\"addButton\"]"}
COMMAND: POST /session/6cb315df952d16724b4cad26491b612d/elements - {"using":"xpath","value":"//button[@data-kt=\"addButton\"]"}
RESULT: {"using":"xpath","value":"//button[@data-kt=\"addButton\"]"}
COMMAND: POST /session/6cb315df952d16724b4cad26491b612d/elements - {"using":"xpath","value":"//button[@data-kt=\"addButton\"]"}
RESULT: {"using":"xpath","value":"//button[@data-kt=\"addButton\"]"}
COMMAND: POST /session/6cb315df952d16724b4cad26491b612d/elements - {"using":"xpath","value":"//button[@data-kt=\"addButton\"]"}
RESULT: {"using":"xpath","value":"//button[@data-kt=\"addButton\"]"}
COMMAND: POST /session/6cb315df952d16724b4cad26491b612d/elements - {"using":"xpath","value":"//button[@data-kt=\"addButton\"]"}
RESULT: {"using":"xpath","value":"//button[@data-kt=\"addButton\"]"}
COMMAND: POST /session/6cb315df952d16724b4cad26491b612d/elements - {"using":"xpath","value":"//button[@data-kt=\"addButton\"]"}
RESULT: {"using":"xpath","value":"//button[@data-kt=\"addButton\"]"}
COMMAND: POST /session/6cb315df952d16724b4cad26491b612d/elements - {"using":"xpath","value":"//button[@data-kt=\"addButton\"]"}
RESULT: {"using":"xpath","value":"//button[@data-kt=\"addButton\"]"}
COMMAND: POST /session/6cb315df952d16724b4cad26491b612d/elements - {"using":"xpath","value":"//button[@data-kt=\"addButton\"]"}
RESULT: {"using":"xpath","value":"//button[@data-kt=\"addButton\"]"}
COMMAND: POST /session/6cb315df952d16724b4cad26491b612d/elements - {"using":"xpath","value":"//button[@data-kt=\"addButton\"]"}
RESULT: {"using":"xpath","value":"//button[@data-kt=\"addButton\"]"}
COMMAND: POST /session/6cb315df952d16724b4cad26491b612d/elements - {"using":"xpath","value":"//button[@data-kt=\"addButton\"]"}
RESULT: {"using":"xpath","value":"//button[@data-kt=\"addButton\"]"}
COMMAND: POST /session/6cb315df952d16724b4cad26491b612d/elements - {"using":"xpath","value":"//button[@data-kt=\"addButton\"]"}
RESULT: {"using":"xpath","value":"//button[@data-kt=\"addButton\"]"}
COMMAND: POST /session/6cb315df952d16724b4cad26491b612d/elements - {"using":"xpath","value":"//button[@data-kt=\"addButton\"]"}
RESULT: {"using":"xpath","value":"//button[@data-kt=\"addButton\"]"}
COMMAND: POST /session/6cb315df952d16724b4cad26491b612d/elements - {"using":"xpath","value":"//button[@data-kt=\"addButton\"]"}
RESULT: {"using":"xpath","value":"//button[@data-kt=\"addButton\"]"}
COMMAND: POST /session/6cb315df952d16724b4cad26491b612d/elements - {"using":"xpath","value":"//button[@data-kt=\"addButton\"]"}
RESULT: {"using":"xpath","value":"//button[@data-kt=\"addButton\"]"}
COMMAND: POST /session/6cb315df952d16724b4cad26491b612d/elements - {"using":"xpath","value":"//button[@data-kt=\"addButton\"]"}
RESULT: {"using":"xpath","value":"//button[@data-kt=\"addButton\"]"}
COMMAND: POST /session/6cb315df952d16724b4cad26491b612d/elements - {"using":"xpath","value":"//button[@data-kt=\"addButton\"]"}
RESULT: {"using":"xpath","value":"//button[@data-kt=\"addButton\"]"}
COMMAND: POST /session/6cb315df952d16724b4cad26491b612d/elements - {"using":"xpath","value":"//button[@data-kt=\"addButton\"]"}
RESULT: {"using":"xpath","value":"//button[@data-kt=\"addButton\"]"}
COMMAND: POST /session/6cb315df952d16724b4cad26491b612d/elements - {"using":"xpath","value":"//button[@data-kt=\"addButton\"]"}
RESULT: {"using":"xpath","value":"//button[@data-kt=\"addButton\"]"}
COMMAND: POST /session/6cb315df952d16724b4cad26491b612d/elements - {"using":"xpath","value":"//button[@data-kt=\"addButton\"]"}
RESULT: {"using":"xpath","value":"//button[@data-kt=\"addButton\"]"}
COMMAND: POST /session/6cb315df952d16724b4cad26491b612d/elements - {"using":"xpath","value":"//button[@data-kt=\"addButton\"]"}
RESULT: {"using":"xpath","value":"//button[@data-kt=\"addButton\"]"}
COMMAND: POST /session/6cb315df952d16724b4cad26491b612d/elements - {"using":"xpath","value":"//button[@data-kt=\"addButton\"]"}
RESULT: {"using":"xpath","value":"//button[@data-kt=\"addButton\"]"}
COMMAND: POST /session/6cb315df952d16724b4cad26491b612d/elements - {"using":"xpath","value":"//button[@data-kt=\"addButton\"]"}
RESULT: {"using":"xpath","value":"//button[@data-kt=\"addButton\"]"}
COMMAND: POST /session/6cb315df952d16724b4cad26491b612d/elements - {"using":"xpath","value":"//button[@data-kt=\"addButton\"]"}
RESULT: {"using":"xpath","value":"//button[@data-kt=\"addButton\"]"}
COMMAND: POST /session/6cb315df952d16724b4cad26491b612d/elements - {"using":"xpath","value":"//button[@data-kt=\"addButton\"]"}
RESULT: {"using":"xpath","value":"//button[@data-kt=\"addButton\"]"}
COMMAND: POST /session/6cb315df952d16724b4cad26491b612d/elements - {"using":"xpath","value":"//button[@data-kt=\"addButton\"]"}
RESULT: {"using":"xpath","value":"//button[@data-kt=\"addButton\"]"}
COMMAND: POST /session/6cb315df952d16724b4cad26491b612d/elements - {"using":"xpath","value":"//button[@data-kt=\"addButton\"]"}
RESULT: {"using":"xpath","value":"//button[@data-kt=\"addButton\"]"}
COMMAND: POST /session/6cb315df952d16724b4cad26491b612d/elements - {"using":"xpath","value":"//button[@data-kt=\"addButton\"]"}
RESULT: {"using":"xpath","value":"//button[@data-kt=\"addButton\"]"}
COMMAND: POST /session/6cb315df952d16724b4cad26491b612d/elements - {"using":"xpath","value":"//button[@data-kt=\"addButton\"]"}
RESULT: {"using":"xpath","value":"//button[@data-kt=\"addButton\"]"}
COMMAND: GET /session/6cb315df952d16724b4cad26491b612d/screenshot - {}
RESULT: {}
]]></system-out>
      <system-err><![CDATA[
Error: element ("//button[@data-kt="addButton"]") still not existing after 45000ms
    at async Context.<anonymous> (D:\a\1\s\test\specs\BTS\manage-partners.spec.js:41:9)
]]></system-err>
    </testcase>
    <testcase classname="chrome.136_0_7103_49.windows.Partner_specific_tests_US150819_US151080_US151654_US151176_US103444_US151078_US151079_US151109_US151174_US151175_US151189" name="Should filter and search partners US151080" time="55.655">
      <skipped />
      <system-out><![CDATA[
COMMAND: POST /session/6cb315df952d16724b4cad26491b612d/element - {"using":"xpath","value":"//li[.//span[text()=\"Manage Partners\"]]"}
RESULT: {"using":"xpath","value":"//li[.//span[text()=\"Manage Partners\"]]"}
COMMAND: POST /session/6cb315df952d16724b4cad26491b612d/element - {"using":"xpath","value":"//li[.//span[text()=\"Manage Partners\"]]"}
RESULT: {"using":"xpath","value":"//li[.//span[text()=\"Manage Partners\"]]"}
COMMAND: POST /session/6cb315df952d16724b4cad26491b612d/element - {"using":"css selector","value":"#shell-header-logo"}
RESULT: {"using":"css selector","value":"#shell-header-logo"}
COMMAND: POST /session/6cb315df952d16724b4cad26491b612d/element/f.C6BEDD6D30A87F60F18BB833061355F6.d.B63A8565BA0891E570F49914F47CD14F.e.270/click - {}
COMMAND: POST /session/6cb315df952d16724b4cad26491b612d/execute/sync - {"script":"<script> [8489 bytes]","args":[{"element-6066-11e4-a52e-4f735466cecf":"f.C6BEDD6D30A87F60F18BB833061355F6.d.B63A8565BA0891E570F49914F47CD14F.e.270","ELEMENT":"f.C6BEDD6D30A87F60F18BB833061355F6.d.B63A8565BA0891E570F49914F47CD14F.e.270"}]}
RESULT: {"script":"<script> [8489 bytes]","args":[{"element-6066-11e4-a52e-4f735466cecf":"f.C6BEDD6D30A87F60F18BB833061355F6.d.B63A8565BA0891E570F49914F47CD14F.e.270","ELEMENT":"f.C6BEDD6D30A87F60F18BB833061355F6.d.B63A8565BA0891E570F49914F47CD14F.e.270"}]}
COMMAND: POST /session/6cb315df952d16724b4cad26491b612d/execute/sync - {"script":"<script> [5351 bytes]","args":[{"element-6066-11e4-a52e-4f735466cecf":"f.C6BEDD6D30A87F60F18BB833061355F6.d.B63A8565BA0891E570F49914F47CD14F.e.270","ELEMENT":"f.C6BEDD6D30A87F60F18BB833061355F6.d.B63A8565BA0891E570F49914F47CD14F.e.270"}]}
COMMAND: GET /session/6cb315df952d16724b4cad26491b612d/screenshot - {}
RESULT: {"script":"<script> [5351 bytes]","args":[{"element-6066-11e4-a52e-4f735466cecf":"f.C6BEDD6D30A87F60F18BB833061355F6.d.B63A8565BA0891E570F49914F47CD14F.e.270","ELEMENT":"f.C6BEDD6D30A87F60F18BB833061355F6.d.B63A8565BA0891E570F49914F47CD14F.e.270"}]}
COMMAND: GET /session/6cb315df952d16724b4cad26491b612d/screenshot - {}
RESULT: {}
RESULT: {}
RESULT: undefined
COMMAND: POST /session/6cb315df952d16724b4cad26491b612d/element - {"using":"xpath","value":"//button[@data-kt=\"addButton\"]"}
RESULT: {"using":"xpath","value":"//button[@data-kt=\"addButton\"]"}
COMMAND: POST /session/6cb315df952d16724b4cad26491b612d/elements - {"using":"xpath","value":"//button[@data-kt=\"addButton\"]"}
RESULT: {"using":"xpath","value":"//button[@data-kt=\"addButton\"]"}
COMMAND: POST /session/6cb315df952d16724b4cad26491b612d/elements - {"using":"xpath","value":"//button[@data-kt=\"addButton\"]"}
RESULT: {"using":"xpath","value":"//button[@data-kt=\"addButton\"]"}
COMMAND: POST /session/6cb315df952d16724b4cad26491b612d/elements - {"using":"xpath","value":"//button[@data-kt=\"addButton\"]"}
RESULT: {"using":"xpath","value":"//button[@data-kt=\"addButton\"]"}
COMMAND: POST /session/6cb315df952d16724b4cad26491b612d/elements - {"using":"xpath","value":"//button[@data-kt=\"addButton\"]"}
RESULT: {"using":"xpath","value":"//button[@data-kt=\"addButton\"]"}
COMMAND: POST /session/6cb315df952d16724b4cad26491b612d/elements - {"using":"xpath","value":"//button[@data-kt=\"addButton\"]"}
RESULT: {"using":"xpath","value":"//button[@data-kt=\"addButton\"]"}
COMMAND: POST /session/6cb315df952d16724b4cad26491b612d/elements - {"using":"xpath","value":"//button[@data-kt=\"addButton\"]"}
RESULT: {"using":"xpath","value":"//button[@data-kt=\"addButton\"]"}
COMMAND: POST /session/6cb315df952d16724b4cad26491b612d/elements - {"using":"xpath","value":"//button[@data-kt=\"addButton\"]"}
RESULT: {"using":"xpath","value":"//button[@data-kt=\"addButton\"]"}
COMMAND: POST /session/6cb315df952d16724b4cad26491b612d/elements - {"using":"xpath","value":"//button[@data-kt=\"addButton\"]"}
RESULT: {"using":"xpath","value":"//button[@data-kt=\"addButton\"]"}
COMMAND: POST /session/6cb315df952d16724b4cad26491b612d/elements - {"using":"xpath","value":"//button[@data-kt=\"addButton\"]"}
RESULT: {"using":"xpath","value":"//button[@data-kt=\"addButton\"]"}
COMMAND: POST /session/6cb315df952d16724b4cad26491b612d/elements - {"using":"xpath","value":"//button[@data-kt=\"addButton\"]"}
RESULT: {"using":"xpath","value":"//button[@data-kt=\"addButton\"]"}
COMMAND: POST /session/6cb315df952d16724b4cad26491b612d/elements - {"using":"xpath","value":"//button[@data-kt=\"addButton\"]"}
RESULT: {"using":"xpath","value":"//button[@data-kt=\"addButton\"]"}
COMMAND: POST /session/6cb315df952d16724b4cad26491b612d/elements - {"using":"xpath","value":"//button[@data-kt=\"addButton\"]"}
RESULT: {"using":"xpath","value":"//button[@data-kt=\"addButton\"]"}
COMMAND: POST /session/6cb315df952d16724b4cad26491b612d/elements - {"using":"xpath","value":"//button[@data-kt=\"addButton\"]"}
RESULT: {"using":"xpath","value":"//button[@data-kt=\"addButton\"]"}
COMMAND: POST /session/6cb315df952d16724b4cad26491b612d/elements - {"using":"xpath","value":"//button[@data-kt=\"addButton\"]"}
RESULT: {"using":"xpath","value":"//button[@data-kt=\"addButton\"]"}
COMMAND: POST /session/6cb315df952d16724b4cad26491b612d/elements - {"using":"xpath","value":"//button[@data-kt=\"addButton\"]"}
RESULT: {"using":"xpath","value":"//button[@data-kt=\"addButton\"]"}
COMMAND: POST /session/6cb315df952d16724b4cad26491b612d/elements - {"using":"xpath","value":"//button[@data-kt=\"addButton\"]"}
RESULT: {"using":"xpath","value":"//button[@data-kt=\"addButton\"]"}
COMMAND: POST /session/6cb315df952d16724b4cad26491b612d/elements - {"using":"xpath","value":"//button[@data-kt=\"addButton\"]"}
RESULT: {"using":"xpath","value":"//button[@data-kt=\"addButton\"]"}
COMMAND: POST /session/6cb315df952d16724b4cad26491b612d/elements - {"using":"xpath","value":"//button[@data-kt=\"addButton\"]"}
RESULT: {"using":"xpath","value":"//button[@data-kt=\"addButton\"]"}
COMMAND: POST /session/6cb315df952d16724b4cad26491b612d/elements - {"using":"xpath","value":"//button[@data-kt=\"addButton\"]"}
RESULT: {"using":"xpath","value":"//button[@data-kt=\"addButton\"]"}
COMMAND: POST /session/6cb315df952d16724b4cad26491b612d/elements - {"using":"xpath","value":"//button[@data-kt=\"addButton\"]"}
RESULT: {"using":"xpath","value":"//button[@data-kt=\"addButton\"]"}
COMMAND: POST /session/6cb315df952d16724b4cad26491b612d/elements - {"using":"xpath","value":"//button[@data-kt=\"addButton\"]"}
RESULT: {"using":"xpath","value":"//button[@data-kt=\"addButton\"]"}
COMMAND: POST /session/6cb315df952d16724b4cad26491b612d/elements - {"using":"xpath","value":"//button[@data-kt=\"addButton\"]"}
RESULT: {"using":"xpath","value":"//button[@data-kt=\"addButton\"]"}
COMMAND: POST /session/6cb315df952d16724b4cad26491b612d/elements - {"using":"xpath","value":"//button[@data-kt=\"addButton\"]"}
RESULT: {"using":"xpath","value":"//button[@data-kt=\"addButton\"]"}
COMMAND: POST /session/6cb315df952d16724b4cad26491b612d/elements - {"using":"xpath","value":"//button[@data-kt=\"addButton\"]"}
RESULT: {"using":"xpath","value":"//button[@data-kt=\"addButton\"]"}
COMMAND: POST /session/6cb315df952d16724b4cad26491b612d/elements - {"using":"xpath","value":"//button[@data-kt=\"addButton\"]"}
RESULT: {"using":"xpath","value":"//button[@data-kt=\"addButton\"]"}
COMMAND: POST /session/6cb315df952d16724b4cad26491b612d/elements - {"using":"xpath","value":"//button[@data-kt=\"addButton\"]"}
RESULT: {"using":"xpath","value":"//button[@data-kt=\"addButton\"]"}
COMMAND: POST /session/6cb315df952d16724b4cad26491b612d/elements - {"using":"xpath","value":"//button[@data-kt=\"addButton\"]"}
RESULT: {"using":"xpath","value":"//button[@data-kt=\"addButton\"]"}
COMMAND: POST /session/6cb315df952d16724b4cad26491b612d/elements - {"using":"xpath","value":"//button[@data-kt=\"addButton\"]"}
RESULT: {"using":"xpath","value":"//button[@data-kt=\"addButton\"]"}
COMMAND: POST /session/6cb315df952d16724b4cad26491b612d/elements - {"using":"xpath","value":"//button[@data-kt=\"addButton\"]"}
RESULT: {"using":"xpath","value":"//button[@data-kt=\"addButton\"]"}
COMMAND: POST /session/6cb315df952d16724b4cad26491b612d/elements - {"using":"xpath","value":"//button[@data-kt=\"addButton\"]"}
RESULT: {"using":"xpath","value":"//button[@data-kt=\"addButton\"]"}
COMMAND: POST /session/6cb315df952d16724b4cad26491b612d/elements - {"using":"xpath","value":"//button[@data-kt=\"addButton\"]"}
RESULT: {"using":"xpath","value":"//button[@data-kt=\"addButton\"]"}
COMMAND: POST /session/6cb315df952d16724b4cad26491b612d/elements - {"using":"xpath","value":"//button[@data-kt=\"addButton\"]"}
RESULT: {"using":"xpath","value":"//button[@data-kt=\"addButton\"]"}
COMMAND: POST /session/6cb315df952d16724b4cad26491b612d/elements - {"using":"xpath","value":"//button[@data-kt=\"addButton\"]"}
RESULT: {"using":"xpath","value":"//button[@data-kt=\"addButton\"]"}
COMMAND: POST /session/6cb315df952d16724b4cad26491b612d/elements - {"using":"xpath","value":"//button[@data-kt=\"addButton\"]"}
RESULT: {"using":"xpath","value":"//button[@data-kt=\"addButton\"]"}
COMMAND: POST /session/6cb315df952d16724b4cad26491b612d/elements - {"using":"xpath","value":"//button[@data-kt=\"addButton\"]"}
RESULT: {"using":"xpath","value":"//button[@data-kt=\"addButton\"]"}
COMMAND: POST /session/6cb315df952d16724b4cad26491b612d/elements - {"using":"xpath","value":"//button[@data-kt=\"addButton\"]"}
RESULT: {"using":"xpath","value":"//button[@data-kt=\"addButton\"]"}
COMMAND: POST /session/6cb315df952d16724b4cad26491b612d/elements - {"using":"xpath","value":"//button[@data-kt=\"addButton\"]"}
RESULT: {"using":"xpath","value":"//button[@data-kt=\"addButton\"]"}
COMMAND: POST /session/6cb315df952d16724b4cad26491b612d/elements - {"using":"xpath","value":"//button[@data-kt=\"addButton\"]"}
RESULT: {"using":"xpath","value":"//button[@data-kt=\"addButton\"]"}
COMMAND: POST /session/6cb315df952d16724b4cad26491b612d/elements - {"using":"xpath","value":"//button[@data-kt=\"addButton\"]"}
RESULT: {"using":"xpath","value":"//button[@data-kt=\"addButton\"]"}
COMMAND: POST /session/6cb315df952d16724b4cad26491b612d/elements - {"using":"xpath","value":"//button[@data-kt=\"addButton\"]"}
RESULT: {"using":"xpath","value":"//button[@data-kt=\"addButton\"]"}
COMMAND: POST /session/6cb315df952d16724b4cad26491b612d/elements - {"using":"xpath","value":"//button[@data-kt=\"addButton\"]"}
RESULT: {"using":"xpath","value":"//button[@data-kt=\"addButton\"]"}
COMMAND: POST /session/6cb315df952d16724b4cad26491b612d/elements - {"using":"xpath","value":"//button[@data-kt=\"addButton\"]"}
RESULT: {"using":"xpath","value":"//button[@data-kt=\"addButton\"]"}
COMMAND: POST /session/6cb315df952d16724b4cad26491b612d/elements - {"using":"xpath","value":"//button[@data-kt=\"addButton\"]"}
RESULT: {"using":"xpath","value":"//button[@data-kt=\"addButton\"]"}
COMMAND: POST /session/6cb315df952d16724b4cad26491b612d/elements - {"using":"xpath","value":"//button[@data-kt=\"addButton\"]"}
RESULT: {"using":"xpath","value":"//button[@data-kt=\"addButton\"]"}
COMMAND: POST /session/6cb315df952d16724b4cad26491b612d/elements - {"using":"xpath","value":"//button[@data-kt=\"addButton\"]"}
RESULT: {"using":"xpath","value":"//button[@data-kt=\"addButton\"]"}
COMMAND: POST /session/6cb315df952d16724b4cad26491b612d/elements - {"using":"xpath","value":"//button[@data-kt=\"addButton\"]"}
RESULT: {"using":"xpath","value":"//button[@data-kt=\"addButton\"]"}
COMMAND: POST /session/6cb315df952d16724b4cad26491b612d/elements - {"using":"xpath","value":"//button[@data-kt=\"addButton\"]"}
RESULT: {"using":"xpath","value":"//button[@data-kt=\"addButton\"]"}
COMMAND: POST /session/6cb315df952d16724b4cad26491b612d/elements - {"using":"xpath","value":"//button[@data-kt=\"addButton\"]"}
RESULT: {"using":"xpath","value":"//button[@data-kt=\"addButton\"]"}
COMMAND: POST /session/6cb315df952d16724b4cad26491b612d/elements - {"using":"xpath","value":"//button[@data-kt=\"addButton\"]"}
RESULT: {"using":"xpath","value":"//button[@data-kt=\"addButton\"]"}
COMMAND: POST /session/6cb315df952d16724b4cad26491b612d/elements - {"using":"xpath","value":"//button[@data-kt=\"addButton\"]"}
RESULT: {"using":"xpath","value":"//button[@data-kt=\"addButton\"]"}
COMMAND: POST /session/6cb315df952d16724b4cad26491b612d/elements - {"using":"xpath","value":"//button[@data-kt=\"addButton\"]"}
RESULT: {"using":"xpath","value":"//button[@data-kt=\"addButton\"]"}
COMMAND: POST /session/6cb315df952d16724b4cad26491b612d/elements - {"using":"xpath","value":"//button[@data-kt=\"addButton\"]"}
RESULT: {"using":"xpath","value":"//button[@data-kt=\"addButton\"]"}
COMMAND: POST /session/6cb315df952d16724b4cad26491b612d/elements - {"using":"xpath","value":"//button[@data-kt=\"addButton\"]"}
RESULT: {"using":"xpath","value":"//button[@data-kt=\"addButton\"]"}
COMMAND: POST /session/6cb315df952d16724b4cad26491b612d/elements - {"using":"xpath","value":"//button[@data-kt=\"addButton\"]"}
RESULT: {"using":"xpath","value":"//button[@data-kt=\"addButton\"]"}
COMMAND: POST /session/6cb315df952d16724b4cad26491b612d/elements - {"using":"xpath","value":"//button[@data-kt=\"addButton\"]"}
RESULT: {"using":"xpath","value":"//button[@data-kt=\"addButton\"]"}
COMMAND: POST /session/6cb315df952d16724b4cad26491b612d/elements - {"using":"xpath","value":"//button[@data-kt=\"addButton\"]"}
RESULT: {"using":"xpath","value":"//button[@data-kt=\"addButton\"]"}
COMMAND: POST /session/6cb315df952d16724b4cad26491b612d/elements - {"using":"xpath","value":"//button[@data-kt=\"addButton\"]"}
RESULT: {"using":"xpath","value":"//button[@data-kt=\"addButton\"]"}
COMMAND: POST /session/6cb315df952d16724b4cad26491b612d/elements - {"using":"xpath","value":"//button[@data-kt=\"addButton\"]"}
RESULT: {"using":"xpath","value":"//button[@data-kt=\"addButton\"]"}
COMMAND: POST /session/6cb315df952d16724b4cad26491b612d/elements - {"using":"xpath","value":"//button[@data-kt=\"addButton\"]"}
RESULT: {"using":"xpath","value":"//button[@data-kt=\"addButton\"]"}
COMMAND: POST /session/6cb315df952d16724b4cad26491b612d/elements - {"using":"xpath","value":"//button[@data-kt=\"addButton\"]"}
RESULT: {"using":"xpath","value":"//button[@data-kt=\"addButton\"]"}
COMMAND: POST /session/6cb315df952d16724b4cad26491b612d/elements - {"using":"xpath","value":"//button[@data-kt=\"addButton\"]"}
RESULT: {"using":"xpath","value":"//button[@data-kt=\"addButton\"]"}
COMMAND: POST /session/6cb315df952d16724b4cad26491b612d/elements - {"using":"xpath","value":"//button[@data-kt=\"addButton\"]"}
RESULT: {"using":"xpath","value":"//button[@data-kt=\"addButton\"]"}
COMMAND: POST /session/6cb315df952d16724b4cad26491b612d/elements - {"using":"xpath","value":"//button[@data-kt=\"addButton\"]"}
RESULT: {"using":"xpath","value":"//button[@data-kt=\"addButton\"]"}
COMMAND: POST /session/6cb315df952d16724b4cad26491b612d/elements - {"using":"xpath","value":"//button[@data-kt=\"addButton\"]"}
RESULT: {"using":"xpath","value":"//button[@data-kt=\"addButton\"]"}
COMMAND: POST /session/6cb315df952d16724b4cad26491b612d/elements - {"using":"xpath","value":"//button[@data-kt=\"addButton\"]"}
RESULT: {"using":"xpath","value":"//button[@data-kt=\"addButton\"]"}
COMMAND: POST /session/6cb315df952d16724b4cad26491b612d/elements - {"using":"xpath","value":"//button[@data-kt=\"addButton\"]"}
RESULT: {"using":"xpath","value":"//button[@data-kt=\"addButton\"]"}
COMMAND: POST /session/6cb315df952d16724b4cad26491b612d/elements - {"using":"xpath","value":"//button[@data-kt=\"addButton\"]"}
RESULT: {"using":"xpath","value":"//button[@data-kt=\"addButton\"]"}
COMMAND: POST /session/6cb315df952d16724b4cad26491b612d/elements - {"using":"xpath","value":"//button[@data-kt=\"addButton\"]"}
RESULT: {"using":"xpath","value":"//button[@data-kt=\"addButton\"]"}
COMMAND: POST /session/6cb315df952d16724b4cad26491b612d/elements - {"using":"xpath","value":"//button[@data-kt=\"addButton\"]"}
RESULT: {"using":"xpath","value":"//button[@data-kt=\"addButton\"]"}
COMMAND: POST /session/6cb315df952d16724b4cad26491b612d/elements - {"using":"xpath","value":"//button[@data-kt=\"addButton\"]"}
RESULT: {"using":"xpath","value":"//button[@data-kt=\"addButton\"]"}
COMMAND: POST /session/6cb315df952d16724b4cad26491b612d/elements - {"using":"xpath","value":"//button[@data-kt=\"addButton\"]"}
RESULT: {"using":"xpath","value":"//button[@data-kt=\"addButton\"]"}
COMMAND: POST /session/6cb315df952d16724b4cad26491b612d/elements - {"using":"xpath","value":"//button[@data-kt=\"addButton\"]"}
RESULT: {"using":"xpath","value":"//button[@data-kt=\"addButton\"]"}
COMMAND: POST /session/6cb315df952d16724b4cad26491b612d/elements - {"using":"xpath","value":"//button[@data-kt=\"addButton\"]"}
RESULT: {"using":"xpath","value":"//button[@data-kt=\"addButton\"]"}
COMMAND: POST /session/6cb315df952d16724b4cad26491b612d/elements - {"using":"xpath","value":"//button[@data-kt=\"addButton\"]"}
RESULT: {"using":"xpath","value":"//button[@data-kt=\"addButton\"]"}
COMMAND: POST /session/6cb315df952d16724b4cad26491b612d/elements - {"using":"xpath","value":"//button[@data-kt=\"addButton\"]"}
RESULT: {"using":"xpath","value":"//button[@data-kt=\"addButton\"]"}
COMMAND: POST /session/6cb315df952d16724b4cad26491b612d/elements - {"using":"xpath","value":"//button[@data-kt=\"addButton\"]"}
RESULT: {"using":"xpath","value":"//button[@data-kt=\"addButton\"]"}
COMMAND: POST /session/6cb315df952d16724b4cad26491b612d/elements - {"using":"xpath","value":"//button[@data-kt=\"addButton\"]"}
RESULT: {"using":"xpath","value":"//button[@data-kt=\"addButton\"]"}
COMMAND: POST /session/6cb315df952d16724b4cad26491b612d/elements - {"using":"xpath","value":"//button[@data-kt=\"addButton\"]"}
RESULT: {"using":"xpath","value":"//button[@data-kt=\"addButton\"]"}
COMMAND: POST /session/6cb315df952d16724b4cad26491b612d/elements - {"using":"xpath","value":"//button[@data-kt=\"addButton\"]"}
RESULT: {"using":"xpath","value":"//button[@data-kt=\"addButton\"]"}
COMMAND: POST /session/6cb315df952d16724b4cad26491b612d/elements - {"using":"xpath","value":"//button[@data-kt=\"addButton\"]"}
RESULT: {"using":"xpath","value":"//button[@data-kt=\"addButton\"]"}
COMMAND: POST /session/6cb315df952d16724b4cad26491b612d/elements - {"using":"xpath","value":"//button[@data-kt=\"addButton\"]"}
RESULT: {"using":"xpath","value":"//button[@data-kt=\"addButton\"]"}
COMMAND: POST /session/6cb315df952d16724b4cad26491b612d/elements - {"using":"xpath","value":"//button[@data-kt=\"addButton\"]"}
RESULT: {"using":"xpath","value":"//button[@data-kt=\"addButton\"]"}
COMMAND: POST /session/6cb315df952d16724b4cad26491b612d/elements - {"using":"xpath","value":"//button[@data-kt=\"addButton\"]"}
RESULT: {"using":"xpath","value":"//button[@data-kt=\"addButton\"]"}
COMMAND: POST /session/6cb315df952d16724b4cad26491b612d/elements - {"using":"xpath","value":"//button[@data-kt=\"addButton\"]"}
RESULT: {"using":"xpath","value":"//button[@data-kt=\"addButton\"]"}
COMMAND: POST /session/6cb315df952d16724b4cad26491b612d/elements - {"using":"xpath","value":"//button[@data-kt=\"addButton\"]"}
RESULT: {"using":"xpath","value":"//button[@data-kt=\"addButton\"]"}
COMMAND: POST /session/6cb315df952d16724b4cad26491b612d/elements - {"using":"xpath","value":"//button[@data-kt=\"addButton\"]"}
RESULT: {"using":"xpath","value":"//button[@data-kt=\"addButton\"]"}
COMMAND: POST /session/6cb315df952d16724b4cad26491b612d/elements - {"using":"xpath","value":"//button[@data-kt=\"addButton\"]"}
RESULT: {"using":"xpath","value":"//button[@data-kt=\"addButton\"]"}
COMMAND: POST /session/6cb315df952d16724b4cad26491b612d/elements - {"using":"xpath","value":"//button[@data-kt=\"addButton\"]"}
RESULT: {"using":"xpath","value":"//button[@data-kt=\"addButton\"]"}
COMMAND: POST /session/6cb315df952d16724b4cad26491b612d/elements - {"using":"xpath","value":"//button[@data-kt=\"addButton\"]"}
RESULT: {"using":"xpath","value":"//button[@data-kt=\"addButton\"]"}
COMMAND: POST /session/6cb315df952d16724b4cad26491b612d/elements - {"using":"xpath","value":"//button[@data-kt=\"addButton\"]"}
RESULT: {"using":"xpath","value":"//button[@data-kt=\"addButton\"]"}
COMMAND: POST /session/6cb315df952d16724b4cad26491b612d/elements - {"using":"xpath","value":"//button[@data-kt=\"addButton\"]"}
COMMAND: GET /session/6cb315df952d16724b4cad26491b612d/screenshot - {}
RESULT: {"using":"xpath","value":"//button[@data-kt=\"addButton\"]"}
RESULT: {}
]]></system-out>
      <system-err><![CDATA[
Error: element ("//button[@data-kt="addButton"]") still not existing after 45000ms
    at async Context.<anonymous> (D:\a\1\s\test\specs\BTS\manage-partners.spec.js:41:9)
]]></system-err>
    </testcase>
    <testcase classname="chrome.136_0_7103_49.windows.Partner_specific_tests_US150819_US151080_US151654_US151176_US103444_US151078_US151079_US151109_US151174_US151175_US151189" name="Should deactivate the created partner in earlier step US151654" time="55.821">
      <skipped />
      <system-out><![CDATA[
COMMAND: POST /session/6cb315df952d16724b4cad26491b612d/element - {"using":"xpath","value":"//li[.//span[text()=\"Manage Partners\"]]"}
COMMAND: GET /session/6cb315df952d16724b4cad26491b612d/screenshot - {}
RESULT: {"using":"xpath","value":"//li[.//span[text()=\"Manage Partners\"]]"}
COMMAND: POST /session/6cb315df952d16724b4cad26491b612d/element - {"using":"xpath","value":"//li[.//span[text()=\"Manage Partners\"]]"}
RESULT: {}
RESULT: {"using":"xpath","value":"//li[.//span[text()=\"Manage Partners\"]]"}
COMMAND: POST /session/6cb315df952d16724b4cad26491b612d/element - {"using":"css selector","value":"#shell-header-logo"}
RESULT: {"using":"css selector","value":"#shell-header-logo"}
COMMAND: POST /session/6cb315df952d16724b4cad26491b612d/element/f.C6BEDD6D30A87F60F18BB833061355F6.d.B63A8565BA0891E570F49914F47CD14F.e.270/click - {}
COMMAND: POST /session/6cb315df952d16724b4cad26491b612d/execute/sync - {"script":"<script> [8489 bytes]","args":[{"element-6066-11e4-a52e-4f735466cecf":"f.C6BEDD6D30A87F60F18BB833061355F6.d.B63A8565BA0891E570F49914F47CD14F.e.270","ELEMENT":"f.C6BEDD6D30A87F60F18BB833061355F6.d.B63A8565BA0891E570F49914F47CD14F.e.270"}]}
RESULT: {"script":"<script> [8489 bytes]","args":[{"element-6066-11e4-a52e-4f735466cecf":"f.C6BEDD6D30A87F60F18BB833061355F6.d.B63A8565BA0891E570F49914F47CD14F.e.270","ELEMENT":"f.C6BEDD6D30A87F60F18BB833061355F6.d.B63A8565BA0891E570F49914F47CD14F.e.270"}]}
COMMAND: POST /session/6cb315df952d16724b4cad26491b612d/execute/sync - {"script":"<script> [5351 bytes]","args":[{"element-6066-11e4-a52e-4f735466cecf":"f.C6BEDD6D30A87F60F18BB833061355F6.d.B63A8565BA0891E570F49914F47CD14F.e.270","ELEMENT":"f.C6BEDD6D30A87F60F18BB833061355F6.d.B63A8565BA0891E570F49914F47CD14F.e.270"}]}
COMMAND: GET /session/6cb315df952d16724b4cad26491b612d/screenshot - {}
RESULT: {"script":"<script> [5351 bytes]","args":[{"element-6066-11e4-a52e-4f735466cecf":"f.C6BEDD6D30A87F60F18BB833061355F6.d.B63A8565BA0891E570F49914F47CD14F.e.270","ELEMENT":"f.C6BEDD6D30A87F60F18BB833061355F6.d.B63A8565BA0891E570F49914F47CD14F.e.270"}]}
COMMAND: GET /session/6cb315df952d16724b4cad26491b612d/screenshot - {}
RESULT: {}
RESULT: {}
RESULT: undefined
COMMAND: POST /session/6cb315df952d16724b4cad26491b612d/element - {"using":"xpath","value":"//button[@data-kt=\"addButton\"]"}
RESULT: {"using":"xpath","value":"//button[@data-kt=\"addButton\"]"}
COMMAND: POST /session/6cb315df952d16724b4cad26491b612d/elements - {"using":"xpath","value":"//button[@data-kt=\"addButton\"]"}
RESULT: {"using":"xpath","value":"//button[@data-kt=\"addButton\"]"}
COMMAND: POST /session/6cb315df952d16724b4cad26491b612d/elements - {"using":"xpath","value":"//button[@data-kt=\"addButton\"]"}
RESULT: {"using":"xpath","value":"//button[@data-kt=\"addButton\"]"}
COMMAND: POST /session/6cb315df952d16724b4cad26491b612d/elements - {"using":"xpath","value":"//button[@data-kt=\"addButton\"]"}
RESULT: {"using":"xpath","value":"//button[@data-kt=\"addButton\"]"}
COMMAND: POST /session/6cb315df952d16724b4cad26491b612d/elements - {"using":"xpath","value":"//button[@data-kt=\"addButton\"]"}
RESULT: {"using":"xpath","value":"//button[@data-kt=\"addButton\"]"}
COMMAND: POST /session/6cb315df952d16724b4cad26491b612d/elements - {"using":"xpath","value":"//button[@data-kt=\"addButton\"]"}
RESULT: {"using":"xpath","value":"//button[@data-kt=\"addButton\"]"}
COMMAND: POST /session/6cb315df952d16724b4cad26491b612d/elements - {"using":"xpath","value":"//button[@data-kt=\"addButton\"]"}
RESULT: {"using":"xpath","value":"//button[@data-kt=\"addButton\"]"}
COMMAND: POST /session/6cb315df952d16724b4cad26491b612d/elements - {"using":"xpath","value":"//button[@data-kt=\"addButton\"]"}
RESULT: {"using":"xpath","value":"//button[@data-kt=\"addButton\"]"}
COMMAND: POST /session/6cb315df952d16724b4cad26491b612d/elements - {"using":"xpath","value":"//button[@data-kt=\"addButton\"]"}
RESULT: {"using":"xpath","value":"//button[@data-kt=\"addButton\"]"}
COMMAND: POST /session/6cb315df952d16724b4cad26491b612d/elements - {"using":"xpath","value":"//button[@data-kt=\"addButton\"]"}
RESULT: {"using":"xpath","value":"//button[@data-kt=\"addButton\"]"}
COMMAND: POST /session/6cb315df952d16724b4cad26491b612d/elements - {"using":"xpath","value":"//button[@data-kt=\"addButton\"]"}
RESULT: {"using":"xpath","value":"//button[@data-kt=\"addButton\"]"}
COMMAND: POST /session/6cb315df952d16724b4cad26491b612d/elements - {"using":"xpath","value":"//button[@data-kt=\"addButton\"]"}
RESULT: {"using":"xpath","value":"//button[@data-kt=\"addButton\"]"}
COMMAND: POST /session/6cb315df952d16724b4cad26491b612d/elements - {"using":"xpath","value":"//button[@data-kt=\"addButton\"]"}
RESULT: {"using":"xpath","value":"//button[@data-kt=\"addButton\"]"}
COMMAND: POST /session/6cb315df952d16724b4cad26491b612d/elements - {"using":"xpath","value":"//button[@data-kt=\"addButton\"]"}
RESULT: {"using":"xpath","value":"//button[@data-kt=\"addButton\"]"}
COMMAND: POST /session/6cb315df952d16724b4cad26491b612d/elements - {"using":"xpath","value":"//button[@data-kt=\"addButton\"]"}
RESULT: {"using":"xpath","value":"//button[@data-kt=\"addButton\"]"}
COMMAND: POST /session/6cb315df952d16724b4cad26491b612d/elements - {"using":"xpath","value":"//button[@data-kt=\"addButton\"]"}
RESULT: {"using":"xpath","value":"//button[@data-kt=\"addButton\"]"}
COMMAND: POST /session/6cb315df952d16724b4cad26491b612d/elements - {"using":"xpath","value":"//button[@data-kt=\"addButton\"]"}
RESULT: {"using":"xpath","value":"//button[@data-kt=\"addButton\"]"}
COMMAND: POST /session/6cb315df952d16724b4cad26491b612d/elements - {"using":"xpath","value":"//button[@data-kt=\"addButton\"]"}
RESULT: {"using":"xpath","value":"//button[@data-kt=\"addButton\"]"}
COMMAND: POST /session/6cb315df952d16724b4cad26491b612d/elements - {"using":"xpath","value":"//button[@data-kt=\"addButton\"]"}
RESULT: {"using":"xpath","value":"//button[@data-kt=\"addButton\"]"}
COMMAND: POST /session/6cb315df952d16724b4cad26491b612d/elements - {"using":"xpath","value":"//button[@data-kt=\"addButton\"]"}
RESULT: {"using":"xpath","value":"//button[@data-kt=\"addButton\"]"}
COMMAND: POST /session/6cb315df952d16724b4cad26491b612d/elements - {"using":"xpath","value":"//button[@data-kt=\"addButton\"]"}
RESULT: {"using":"xpath","value":"//button[@data-kt=\"addButton\"]"}
COMMAND: POST /session/6cb315df952d16724b4cad26491b612d/elements - {"using":"xpath","value":"//button[@data-kt=\"addButton\"]"}
RESULT: {"using":"xpath","value":"//button[@data-kt=\"addButton\"]"}
COMMAND: POST /session/6cb315df952d16724b4cad26491b612d/elements - {"using":"xpath","value":"//button[@data-kt=\"addButton\"]"}
RESULT: {"using":"xpath","value":"//button[@data-kt=\"addButton\"]"}
COMMAND: POST /session/6cb315df952d16724b4cad26491b612d/elements - {"using":"xpath","value":"//button[@data-kt=\"addButton\"]"}
RESULT: {"using":"xpath","value":"//button[@data-kt=\"addButton\"]"}
COMMAND: POST /session/6cb315df952d16724b4cad26491b612d/elements - {"using":"xpath","value":"//button[@data-kt=\"addButton\"]"}
RESULT: {"using":"xpath","value":"//button[@data-kt=\"addButton\"]"}
COMMAND: POST /session/6cb315df952d16724b4cad26491b612d/elements - {"using":"xpath","value":"//button[@data-kt=\"addButton\"]"}
RESULT: {"using":"xpath","value":"//button[@data-kt=\"addButton\"]"}
COMMAND: POST /session/6cb315df952d16724b4cad26491b612d/elements - {"using":"xpath","value":"//button[@data-kt=\"addButton\"]"}
RESULT: {"using":"xpath","value":"//button[@data-kt=\"addButton\"]"}
COMMAND: POST /session/6cb315df952d16724b4cad26491b612d/elements - {"using":"xpath","value":"//button[@data-kt=\"addButton\"]"}
RESULT: {"using":"xpath","value":"//button[@data-kt=\"addButton\"]"}
COMMAND: POST /session/6cb315df952d16724b4cad26491b612d/elements - {"using":"xpath","value":"//button[@data-kt=\"addButton\"]"}
RESULT: {"using":"xpath","value":"//button[@data-kt=\"addButton\"]"}
COMMAND: POST /session/6cb315df952d16724b4cad26491b612d/elements - {"using":"xpath","value":"//button[@data-kt=\"addButton\"]"}
RESULT: {"using":"xpath","value":"//button[@data-kt=\"addButton\"]"}
COMMAND: POST /session/6cb315df952d16724b4cad26491b612d/elements - {"using":"xpath","value":"//button[@data-kt=\"addButton\"]"}
RESULT: {"using":"xpath","value":"//button[@data-kt=\"addButton\"]"}
COMMAND: POST /session/6cb315df952d16724b4cad26491b612d/elements - {"using":"xpath","value":"//button[@data-kt=\"addButton\"]"}
RESULT: {"using":"xpath","value":"//button[@data-kt=\"addButton\"]"}
COMMAND: POST /session/6cb315df952d16724b4cad26491b612d/elements - {"using":"xpath","value":"//button[@data-kt=\"addButton\"]"}
RESULT: {"using":"xpath","value":"//button[@data-kt=\"addButton\"]"}
COMMAND: POST /session/6cb315df952d16724b4cad26491b612d/elements - {"using":"xpath","value":"//button[@data-kt=\"addButton\"]"}
RESULT: {"using":"xpath","value":"//button[@data-kt=\"addButton\"]"}
COMMAND: POST /session/6cb315df952d16724b4cad26491b612d/elements - {"using":"xpath","value":"//button[@data-kt=\"addButton\"]"}
RESULT: {"using":"xpath","value":"//button[@data-kt=\"addButton\"]"}
COMMAND: POST /session/6cb315df952d16724b4cad26491b612d/elements - {"using":"xpath","value":"//button[@data-kt=\"addButton\"]"}
RESULT: {"using":"xpath","value":"//button[@data-kt=\"addButton\"]"}
COMMAND: POST /session/6cb315df952d16724b4cad26491b612d/elements - {"using":"xpath","value":"//button[@data-kt=\"addButton\"]"}
RESULT: {"using":"xpath","value":"//button[@data-kt=\"addButton\"]"}
COMMAND: POST /session/6cb315df952d16724b4cad26491b612d/elements - {"using":"xpath","value":"//button[@data-kt=\"addButton\"]"}
RESULT: {"using":"xpath","value":"//button[@data-kt=\"addButton\"]"}
COMMAND: POST /session/6cb315df952d16724b4cad26491b612d/elements - {"using":"xpath","value":"//button[@data-kt=\"addButton\"]"}
RESULT: {"using":"xpath","value":"//button[@data-kt=\"addButton\"]"}
COMMAND: POST /session/6cb315df952d16724b4cad26491b612d/elements - {"using":"xpath","value":"//button[@data-kt=\"addButton\"]"}
RESULT: {"using":"xpath","value":"//button[@data-kt=\"addButton\"]"}
COMMAND: POST /session/6cb315df952d16724b4cad26491b612d/elements - {"using":"xpath","value":"//button[@data-kt=\"addButton\"]"}
RESULT: {"using":"xpath","value":"//button[@data-kt=\"addButton\"]"}
COMMAND: POST /session/6cb315df952d16724b4cad26491b612d/elements - {"using":"xpath","value":"//button[@data-kt=\"addButton\"]"}
RESULT: {"using":"xpath","value":"//button[@data-kt=\"addButton\"]"}
COMMAND: POST /session/6cb315df952d16724b4cad26491b612d/elements - {"using":"xpath","value":"//button[@data-kt=\"addButton\"]"}
RESULT: {"using":"xpath","value":"//button[@data-kt=\"addButton\"]"}
COMMAND: POST /session/6cb315df952d16724b4cad26491b612d/elements - {"using":"xpath","value":"//button[@data-kt=\"addButton\"]"}
RESULT: {"using":"xpath","value":"//button[@data-kt=\"addButton\"]"}
COMMAND: POST /session/6cb315df952d16724b4cad26491b612d/elements - {"using":"xpath","value":"//button[@data-kt=\"addButton\"]"}
RESULT: {"using":"xpath","value":"//button[@data-kt=\"addButton\"]"}
COMMAND: POST /session/6cb315df952d16724b4cad26491b612d/elements - {"using":"xpath","value":"//button[@data-kt=\"addButton\"]"}
RESULT: {"using":"xpath","value":"//button[@data-kt=\"addButton\"]"}
COMMAND: POST /session/6cb315df952d16724b4cad26491b612d/elements - {"using":"xpath","value":"//button[@data-kt=\"addButton\"]"}
RESULT: {"using":"xpath","value":"//button[@data-kt=\"addButton\"]"}
COMMAND: POST /session/6cb315df952d16724b4cad26491b612d/elements - {"using":"xpath","value":"//button[@data-kt=\"addButton\"]"}
RESULT: {"using":"xpath","value":"//button[@data-kt=\"addButton\"]"}
COMMAND: POST /session/6cb315df952d16724b4cad26491b612d/elements - {"using":"xpath","value":"//button[@data-kt=\"addButton\"]"}
RESULT: {"using":"xpath","value":"//button[@data-kt=\"addButton\"]"}
COMMAND: POST /session/6cb315df952d16724b4cad26491b612d/elements - {"using":"xpath","value":"//button[@data-kt=\"addButton\"]"}
RESULT: {"using":"xpath","value":"//button[@data-kt=\"addButton\"]"}
COMMAND: POST /session/6cb315df952d16724b4cad26491b612d/elements - {"using":"xpath","value":"//button[@data-kt=\"addButton\"]"}
RESULT: {"using":"xpath","value":"//button[@data-kt=\"addButton\"]"}
COMMAND: POST /session/6cb315df952d16724b4cad26491b612d/elements - {"using":"xpath","value":"//button[@data-kt=\"addButton\"]"}
RESULT: {"using":"xpath","value":"//button[@data-kt=\"addButton\"]"}
COMMAND: POST /session/6cb315df952d16724b4cad26491b612d/elements - {"using":"xpath","value":"//button[@data-kt=\"addButton\"]"}
RESULT: {"using":"xpath","value":"//button[@data-kt=\"addButton\"]"}
COMMAND: POST /session/6cb315df952d16724b4cad26491b612d/elements - {"using":"xpath","value":"//button[@data-kt=\"addButton\"]"}
RESULT: {"using":"xpath","value":"//button[@data-kt=\"addButton\"]"}
COMMAND: POST /session/6cb315df952d16724b4cad26491b612d/elements - {"using":"xpath","value":"//button[@data-kt=\"addButton\"]"}
RESULT: {"using":"xpath","value":"//button[@data-kt=\"addButton\"]"}
COMMAND: POST /session/6cb315df952d16724b4cad26491b612d/elements - {"using":"xpath","value":"//button[@data-kt=\"addButton\"]"}
RESULT: {"using":"xpath","value":"//button[@data-kt=\"addButton\"]"}
COMMAND: POST /session/6cb315df952d16724b4cad26491b612d/elements - {"using":"xpath","value":"//button[@data-kt=\"addButton\"]"}
RESULT: {"using":"xpath","value":"//button[@data-kt=\"addButton\"]"}
COMMAND: POST /session/6cb315df952d16724b4cad26491b612d/elements - {"using":"xpath","value":"//button[@data-kt=\"addButton\"]"}
RESULT: {"using":"xpath","value":"//button[@data-kt=\"addButton\"]"}
COMMAND: POST /session/6cb315df952d16724b4cad26491b612d/elements - {"using":"xpath","value":"//button[@data-kt=\"addButton\"]"}
RESULT: {"using":"xpath","value":"//button[@data-kt=\"addButton\"]"}
COMMAND: POST /session/6cb315df952d16724b4cad26491b612d/elements - {"using":"xpath","value":"//button[@data-kt=\"addButton\"]"}
RESULT: {"using":"xpath","value":"//button[@data-kt=\"addButton\"]"}
COMMAND: POST /session/6cb315df952d16724b4cad26491b612d/elements - {"using":"xpath","value":"//button[@data-kt=\"addButton\"]"}
RESULT: {"using":"xpath","value":"//button[@data-kt=\"addButton\"]"}
COMMAND: POST /session/6cb315df952d16724b4cad26491b612d/elements - {"using":"xpath","value":"//button[@data-kt=\"addButton\"]"}
RESULT: {"using":"xpath","value":"//button[@data-kt=\"addButton\"]"}
COMMAND: POST /session/6cb315df952d16724b4cad26491b612d/elements - {"using":"xpath","value":"//button[@data-kt=\"addButton\"]"}
RESULT: {"using":"xpath","value":"//button[@data-kt=\"addButton\"]"}
COMMAND: POST /session/6cb315df952d16724b4cad26491b612d/elements - {"using":"xpath","value":"//button[@data-kt=\"addButton\"]"}
RESULT: {"using":"xpath","value":"//button[@data-kt=\"addButton\"]"}
COMMAND: POST /session/6cb315df952d16724b4cad26491b612d/elements - {"using":"xpath","value":"//button[@data-kt=\"addButton\"]"}
RESULT: {"using":"xpath","value":"//button[@data-kt=\"addButton\"]"}
COMMAND: POST /session/6cb315df952d16724b4cad26491b612d/elements - {"using":"xpath","value":"//button[@data-kt=\"addButton\"]"}
RESULT: {"using":"xpath","value":"//button[@data-kt=\"addButton\"]"}
COMMAND: POST /session/6cb315df952d16724b4cad26491b612d/elements - {"using":"xpath","value":"//button[@data-kt=\"addButton\"]"}
RESULT: {"using":"xpath","value":"//button[@data-kt=\"addButton\"]"}
COMMAND: POST /session/6cb315df952d16724b4cad26491b612d/elements - {"using":"xpath","value":"//button[@data-kt=\"addButton\"]"}
RESULT: {"using":"xpath","value":"//button[@data-kt=\"addButton\"]"}
COMMAND: POST /session/6cb315df952d16724b4cad26491b612d/elements - {"using":"xpath","value":"//button[@data-kt=\"addButton\"]"}
RESULT: {"using":"xpath","value":"//button[@data-kt=\"addButton\"]"}
COMMAND: POST /session/6cb315df952d16724b4cad26491b612d/elements - {"using":"xpath","value":"//button[@data-kt=\"addButton\"]"}
RESULT: {"using":"xpath","value":"//button[@data-kt=\"addButton\"]"}
COMMAND: POST /session/6cb315df952d16724b4cad26491b612d/elements - {"using":"xpath","value":"//button[@data-kt=\"addButton\"]"}
RESULT: {"using":"xpath","value":"//button[@data-kt=\"addButton\"]"}
COMMAND: POST /session/6cb315df952d16724b4cad26491b612d/elements - {"using":"xpath","value":"//button[@data-kt=\"addButton\"]"}
RESULT: {"using":"xpath","value":"//button[@data-kt=\"addButton\"]"}
COMMAND: POST /session/6cb315df952d16724b4cad26491b612d/elements - {"using":"xpath","value":"//button[@data-kt=\"addButton\"]"}
RESULT: {"using":"xpath","value":"//button[@data-kt=\"addButton\"]"}
COMMAND: POST /session/6cb315df952d16724b4cad26491b612d/elements - {"using":"xpath","value":"//button[@data-kt=\"addButton\"]"}
RESULT: {"using":"xpath","value":"//button[@data-kt=\"addButton\"]"}
COMMAND: POST /session/6cb315df952d16724b4cad26491b612d/elements - {"using":"xpath","value":"//button[@data-kt=\"addButton\"]"}
RESULT: {"using":"xpath","value":"//button[@data-kt=\"addButton\"]"}
COMMAND: POST /session/6cb315df952d16724b4cad26491b612d/elements - {"using":"xpath","value":"//button[@data-kt=\"addButton\"]"}
RESULT: {"using":"xpath","value":"//button[@data-kt=\"addButton\"]"}
COMMAND: POST /session/6cb315df952d16724b4cad26491b612d/elements - {"using":"xpath","value":"//button[@data-kt=\"addButton\"]"}
RESULT: {"using":"xpath","value":"//button[@data-kt=\"addButton\"]"}
COMMAND: POST /session/6cb315df952d16724b4cad26491b612d/elements - {"using":"xpath","value":"//button[@data-kt=\"addButton\"]"}
RESULT: {"using":"xpath","value":"//button[@data-kt=\"addButton\"]"}
COMMAND: POST /session/6cb315df952d16724b4cad26491b612d/elements - {"using":"xpath","value":"//button[@data-kt=\"addButton\"]"}
RESULT: {"using":"xpath","value":"//button[@data-kt=\"addButton\"]"}
COMMAND: POST /session/6cb315df952d16724b4cad26491b612d/elements - {"using":"xpath","value":"//button[@data-kt=\"addButton\"]"}
RESULT: {"using":"xpath","value":"//button[@data-kt=\"addButton\"]"}
COMMAND: POST /session/6cb315df952d16724b4cad26491b612d/elements - {"using":"xpath","value":"//button[@data-kt=\"addButton\"]"}
RESULT: {"using":"xpath","value":"//button[@data-kt=\"addButton\"]"}
COMMAND: POST /session/6cb315df952d16724b4cad26491b612d/elements - {"using":"xpath","value":"//button[@data-kt=\"addButton\"]"}
RESULT: {"using":"xpath","value":"//button[@data-kt=\"addButton\"]"}
COMMAND: POST /session/6cb315df952d16724b4cad26491b612d/elements - {"using":"xpath","value":"//button[@data-kt=\"addButton\"]"}
RESULT: {"using":"xpath","value":"//button[@data-kt=\"addButton\"]"}
COMMAND: POST /session/6cb315df952d16724b4cad26491b612d/elements - {"using":"xpath","value":"//button[@data-kt=\"addButton\"]"}
RESULT: {"using":"xpath","value":"//button[@data-kt=\"addButton\"]"}
COMMAND: POST /session/6cb315df952d16724b4cad26491b612d/elements - {"using":"xpath","value":"//button[@data-kt=\"addButton\"]"}
RESULT: {"using":"xpath","value":"//button[@data-kt=\"addButton\"]"}
COMMAND: POST /session/6cb315df952d16724b4cad26491b612d/elements - {"using":"xpath","value":"//button[@data-kt=\"addButton\"]"}
RESULT: {"using":"xpath","value":"//button[@data-kt=\"addButton\"]"}
COMMAND: POST /session/6cb315df952d16724b4cad26491b612d/elements - {"using":"xpath","value":"//button[@data-kt=\"addButton\"]"}
RESULT: {"using":"xpath","value":"//button[@data-kt=\"addButton\"]"}
COMMAND: POST /session/6cb315df952d16724b4cad26491b612d/elements - {"using":"xpath","value":"//button[@data-kt=\"addButton\"]"}
RESULT: {"using":"xpath","value":"//button[@data-kt=\"addButton\"]"}
COMMAND: POST /session/6cb315df952d16724b4cad26491b612d/elements - {"using":"xpath","value":"//button[@data-kt=\"addButton\"]"}
RESULT: {"using":"xpath","value":"//button[@data-kt=\"addButton\"]"}
COMMAND: POST /session/6cb315df952d16724b4cad26491b612d/elements - {"using":"xpath","value":"//button[@data-kt=\"addButton\"]"}
RESULT: {"using":"xpath","value":"//button[@data-kt=\"addButton\"]"}
COMMAND: POST /session/6cb315df952d16724b4cad26491b612d/elements - {"using":"xpath","value":"//button[@data-kt=\"addButton\"]"}
RESULT: {"using":"xpath","value":"//button[@data-kt=\"addButton\"]"}
COMMAND: POST /session/6cb315df952d16724b4cad26491b612d/elements - {"using":"xpath","value":"//button[@data-kt=\"addButton\"]"}
COMMAND: GET /session/6cb315df952d16724b4cad26491b612d/screenshot - {}
RESULT: {"using":"xpath","value":"//button[@data-kt=\"addButton\"]"}
RESULT: {}
]]></system-out>
      <system-err><![CDATA[
Error: element ("//button[@data-kt="addButton"]") still not existing after 45000ms
    at async Context.<anonymous> (D:\a\1\s\test\specs\BTS\manage-partners.spec.js:211:9)
]]></system-err>
    </testcase>
    <testcase classname="chrome.136_0_7103_49.windows.Partner_specific_tests_US150819_US151080_US151654_US151176_US103444_US151078_US151079_US151109_US151174_US151175_US151189" name="Should deactivate the created partner in earlier step US151654" time="55.427">
      <skipped />
      <system-out><![CDATA[
COMMAND: POST /session/6cb315df952d16724b4cad26491b612d/element - {"using":"xpath","value":"//li[.//span[text()=\"Manage Partners\"]]"}
RESULT: {"using":"xpath","value":"//li[.//span[text()=\"Manage Partners\"]]"}
COMMAND: POST /session/6cb315df952d16724b4cad26491b612d/element - {"using":"xpath","value":"//li[.//span[text()=\"Manage Partners\"]]"}
RESULT: {"using":"xpath","value":"//li[.//span[text()=\"Manage Partners\"]]"}
COMMAND: POST /session/6cb315df952d16724b4cad26491b612d/element - {"using":"css selector","value":"#shell-header-logo"}
RESULT: {"using":"css selector","value":"#shell-header-logo"}
COMMAND: POST /session/6cb315df952d16724b4cad26491b612d/element/f.C6BEDD6D30A87F60F18BB833061355F6.d.B63A8565BA0891E570F49914F47CD14F.e.270/click - {}
COMMAND: POST /session/6cb315df952d16724b4cad26491b612d/execute/sync - {"script":"<script> [8489 bytes]","args":[{"element-6066-11e4-a52e-4f735466cecf":"f.C6BEDD6D30A87F60F18BB833061355F6.d.B63A8565BA0891E570F49914F47CD14F.e.270","ELEMENT":"f.C6BEDD6D30A87F60F18BB833061355F6.d.B63A8565BA0891E570F49914F47CD14F.e.270"}]}
RESULT: {"script":"<script> [8489 bytes]","args":[{"element-6066-11e4-a52e-4f735466cecf":"f.C6BEDD6D30A87F60F18BB833061355F6.d.B63A8565BA0891E570F49914F47CD14F.e.270","ELEMENT":"f.C6BEDD6D30A87F60F18BB833061355F6.d.B63A8565BA0891E570F49914F47CD14F.e.270"}]}
COMMAND: POST /session/6cb315df952d16724b4cad26491b612d/execute/sync - {"script":"<script> [5351 bytes]","args":[{"element-6066-11e4-a52e-4f735466cecf":"f.C6BEDD6D30A87F60F18BB833061355F6.d.B63A8565BA0891E570F49914F47CD14F.e.270","ELEMENT":"f.C6BEDD6D30A87F60F18BB833061355F6.d.B63A8565BA0891E570F49914F47CD14F.e.270"}]}
COMMAND: GET /session/6cb315df952d16724b4cad26491b612d/screenshot - {}
RESULT: {"script":"<script> [5351 bytes]","args":[{"element-6066-11e4-a52e-4f735466cecf":"f.C6BEDD6D30A87F60F18BB833061355F6.d.B63A8565BA0891E570F49914F47CD14F.e.270","ELEMENT":"f.C6BEDD6D30A87F60F18BB833061355F6.d.B63A8565BA0891E570F49914F47CD14F.e.270"}]}
COMMAND: GET /session/6cb315df952d16724b4cad26491b612d/screenshot - {}
RESULT: {}
RESULT: {}
RESULT: undefined
COMMAND: POST /session/6cb315df952d16724b4cad26491b612d/element - {"using":"xpath","value":"//button[@data-kt=\"addButton\"]"}
RESULT: {"using":"xpath","value":"//button[@data-kt=\"addButton\"]"}
COMMAND: POST /session/6cb315df952d16724b4cad26491b612d/elements - {"using":"xpath","value":"//button[@data-kt=\"addButton\"]"}
RESULT: {"using":"xpath","value":"//button[@data-kt=\"addButton\"]"}
COMMAND: POST /session/6cb315df952d16724b4cad26491b612d/elements - {"using":"xpath","value":"//button[@data-kt=\"addButton\"]"}
RESULT: {"using":"xpath","value":"//button[@data-kt=\"addButton\"]"}
COMMAND: POST /session/6cb315df952d16724b4cad26491b612d/elements - {"using":"xpath","value":"//button[@data-kt=\"addButton\"]"}
RESULT: {"using":"xpath","value":"//button[@data-kt=\"addButton\"]"}
COMMAND: POST /session/6cb315df952d16724b4cad26491b612d/elements - {"using":"xpath","value":"//button[@data-kt=\"addButton\"]"}
RESULT: {"using":"xpath","value":"//button[@data-kt=\"addButton\"]"}
COMMAND: POST /session/6cb315df952d16724b4cad26491b612d/elements - {"using":"xpath","value":"//button[@data-kt=\"addButton\"]"}
RESULT: {"using":"xpath","value":"//button[@data-kt=\"addButton\"]"}
COMMAND: POST /session/6cb315df952d16724b4cad26491b612d/elements - {"using":"xpath","value":"//button[@data-kt=\"addButton\"]"}
RESULT: {"using":"xpath","value":"//button[@data-kt=\"addButton\"]"}
COMMAND: POST /session/6cb315df952d16724b4cad26491b612d/elements - {"using":"xpath","value":"//button[@data-kt=\"addButton\"]"}
RESULT: {"using":"xpath","value":"//button[@data-kt=\"addButton\"]"}
COMMAND: POST /session/6cb315df952d16724b4cad26491b612d/elements - {"using":"xpath","value":"//button[@data-kt=\"addButton\"]"}
RESULT: {"using":"xpath","value":"//button[@data-kt=\"addButton\"]"}
COMMAND: POST /session/6cb315df952d16724b4cad26491b612d/elements - {"using":"xpath","value":"//button[@data-kt=\"addButton\"]"}
RESULT: {"using":"xpath","value":"//button[@data-kt=\"addButton\"]"}
COMMAND: POST /session/6cb315df952d16724b4cad26491b612d/elements - {"using":"xpath","value":"//button[@data-kt=\"addButton\"]"}
RESULT: {"using":"xpath","value":"//button[@data-kt=\"addButton\"]"}
COMMAND: POST /session/6cb315df952d16724b4cad26491b612d/elements - {"using":"xpath","value":"//button[@data-kt=\"addButton\"]"}
RESULT: {"using":"xpath","value":"//button[@data-kt=\"addButton\"]"}
COMMAND: POST /session/6cb315df952d16724b4cad26491b612d/elements - {"using":"xpath","value":"//button[@data-kt=\"addButton\"]"}
RESULT: {"using":"xpath","value":"//button[@data-kt=\"addButton\"]"}
COMMAND: POST /session/6cb315df952d16724b4cad26491b612d/elements - {"using":"xpath","value":"//button[@data-kt=\"addButton\"]"}
RESULT: {"using":"xpath","value":"//button[@data-kt=\"addButton\"]"}
COMMAND: POST /session/6cb315df952d16724b4cad26491b612d/elements - {"using":"xpath","value":"//button[@data-kt=\"addButton\"]"}
RESULT: {"using":"xpath","value":"//button[@data-kt=\"addButton\"]"}
COMMAND: POST /session/6cb315df952d16724b4cad26491b612d/elements - {"using":"xpath","value":"//button[@data-kt=\"addButton\"]"}
RESULT: {"using":"xpath","value":"//button[@data-kt=\"addButton\"]"}
COMMAND: POST /session/6cb315df952d16724b4cad26491b612d/elements - {"using":"xpath","value":"//button[@data-kt=\"addButton\"]"}
RESULT: {"using":"xpath","value":"//button[@data-kt=\"addButton\"]"}
COMMAND: POST /session/6cb315df952d16724b4cad26491b612d/elements - {"using":"xpath","value":"//button[@data-kt=\"addButton\"]"}
RESULT: {"using":"xpath","value":"//button[@data-kt=\"addButton\"]"}
COMMAND: POST /session/6cb315df952d16724b4cad26491b612d/elements - {"using":"xpath","value":"//button[@data-kt=\"addButton\"]"}
RESULT: {"using":"xpath","value":"//button[@data-kt=\"addButton\"]"}
COMMAND: POST /session/6cb315df952d16724b4cad26491b612d/elements - {"using":"xpath","value":"//button[@data-kt=\"addButton\"]"}
RESULT: {"using":"xpath","value":"//button[@data-kt=\"addButton\"]"}
COMMAND: POST /session/6cb315df952d16724b4cad26491b612d/elements - {"using":"xpath","value":"//button[@data-kt=\"addButton\"]"}
RESULT: {"using":"xpath","value":"//button[@data-kt=\"addButton\"]"}
COMMAND: POST /session/6cb315df952d16724b4cad26491b612d/elements - {"using":"xpath","value":"//button[@data-kt=\"addButton\"]"}
RESULT: {"using":"xpath","value":"//button[@data-kt=\"addButton\"]"}
COMMAND: POST /session/6cb315df952d16724b4cad26491b612d/elements - {"using":"xpath","value":"//button[@data-kt=\"addButton\"]"}
RESULT: {"using":"xpath","value":"//button[@data-kt=\"addButton\"]"}
COMMAND: POST /session/6cb315df952d16724b4cad26491b612d/elements - {"using":"xpath","value":"//button[@data-kt=\"addButton\"]"}
RESULT: {"using":"xpath","value":"//button[@data-kt=\"addButton\"]"}
COMMAND: POST /session/6cb315df952d16724b4cad26491b612d/elements - {"using":"xpath","value":"//button[@data-kt=\"addButton\"]"}
RESULT: {"using":"xpath","value":"//button[@data-kt=\"addButton\"]"}
COMMAND: POST /session/6cb315df952d16724b4cad26491b612d/elements - {"using":"xpath","value":"//button[@data-kt=\"addButton\"]"}
RESULT: {"using":"xpath","value":"//button[@data-kt=\"addButton\"]"}
COMMAND: POST /session/6cb315df952d16724b4cad26491b612d/elements - {"using":"xpath","value":"//button[@data-kt=\"addButton\"]"}
RESULT: {"using":"xpath","value":"//button[@data-kt=\"addButton\"]"}
COMMAND: POST /session/6cb315df952d16724b4cad26491b612d/elements - {"using":"xpath","value":"//button[@data-kt=\"addButton\"]"}
RESULT: {"using":"xpath","value":"//button[@data-kt=\"addButton\"]"}
COMMAND: POST /session/6cb315df952d16724b4cad26491b612d/elements - {"using":"xpath","value":"//button[@data-kt=\"addButton\"]"}
RESULT: {"using":"xpath","value":"//button[@data-kt=\"addButton\"]"}
COMMAND: POST /session/6cb315df952d16724b4cad26491b612d/elements - {"using":"xpath","value":"//button[@data-kt=\"addButton\"]"}
RESULT: {"using":"xpath","value":"//button[@data-kt=\"addButton\"]"}
COMMAND: POST /session/6cb315df952d16724b4cad26491b612d/elements - {"using":"xpath","value":"//button[@data-kt=\"addButton\"]"}
RESULT: {"using":"xpath","value":"//button[@data-kt=\"addButton\"]"}
COMMAND: POST /session/6cb315df952d16724b4cad26491b612d/elements - {"using":"xpath","value":"//button[@data-kt=\"addButton\"]"}
RESULT: {"using":"xpath","value":"//button[@data-kt=\"addButton\"]"}
COMMAND: POST /session/6cb315df952d16724b4cad26491b612d/elements - {"using":"xpath","value":"//button[@data-kt=\"addButton\"]"}
RESULT: {"using":"xpath","value":"//button[@data-kt=\"addButton\"]"}
COMMAND: POST /session/6cb315df952d16724b4cad26491b612d/elements - {"using":"xpath","value":"//button[@data-kt=\"addButton\"]"}
RESULT: {"using":"xpath","value":"//button[@data-kt=\"addButton\"]"}
COMMAND: POST /session/6cb315df952d16724b4cad26491b612d/elements - {"using":"xpath","value":"//button[@data-kt=\"addButton\"]"}
RESULT: {"using":"xpath","value":"//button[@data-kt=\"addButton\"]"}
COMMAND: POST /session/6cb315df952d16724b4cad26491b612d/elements - {"using":"xpath","value":"//button[@data-kt=\"addButton\"]"}
RESULT: {"using":"xpath","value":"//button[@data-kt=\"addButton\"]"}
COMMAND: POST /session/6cb315df952d16724b4cad26491b612d/elements - {"using":"xpath","value":"//button[@data-kt=\"addButton\"]"}
RESULT: {"using":"xpath","value":"//button[@data-kt=\"addButton\"]"}
COMMAND: POST /session/6cb315df952d16724b4cad26491b612d/elements - {"using":"xpath","value":"//button[@data-kt=\"addButton\"]"}
RESULT: {"using":"xpath","value":"//button[@data-kt=\"addButton\"]"}
COMMAND: POST /session/6cb315df952d16724b4cad26491b612d/elements - {"using":"xpath","value":"//button[@data-kt=\"addButton\"]"}
RESULT: {"using":"xpath","value":"//button[@data-kt=\"addButton\"]"}
COMMAND: POST /session/6cb315df952d16724b4cad26491b612d/elements - {"using":"xpath","value":"//button[@data-kt=\"addButton\"]"}
RESULT: {"using":"xpath","value":"//button[@data-kt=\"addButton\"]"}
COMMAND: POST /session/6cb315df952d16724b4cad26491b612d/elements - {"using":"xpath","value":"//button[@data-kt=\"addButton\"]"}
RESULT: {"using":"xpath","value":"//button[@data-kt=\"addButton\"]"}
COMMAND: POST /session/6cb315df952d16724b4cad26491b612d/elements - {"using":"xpath","value":"//button[@data-kt=\"addButton\"]"}
RESULT: {"using":"xpath","value":"//button[@data-kt=\"addButton\"]"}
COMMAND: POST /session/6cb315df952d16724b4cad26491b612d/elements - {"using":"xpath","value":"//button[@data-kt=\"addButton\"]"}
RESULT: {"using":"xpath","value":"//button[@data-kt=\"addButton\"]"}
COMMAND: POST /session/6cb315df952d16724b4cad26491b612d/elements - {"using":"xpath","value":"//button[@data-kt=\"addButton\"]"}
RESULT: {"using":"xpath","value":"//button[@data-kt=\"addButton\"]"}
COMMAND: POST /session/6cb315df952d16724b4cad26491b612d/elements - {"using":"xpath","value":"//button[@data-kt=\"addButton\"]"}
RESULT: {"using":"xpath","value":"//button[@data-kt=\"addButton\"]"}
COMMAND: POST /session/6cb315df952d16724b4cad26491b612d/elements - {"using":"xpath","value":"//button[@data-kt=\"addButton\"]"}
RESULT: {"using":"xpath","value":"//button[@data-kt=\"addButton\"]"}
COMMAND: POST /session/6cb315df952d16724b4cad26491b612d/elements - {"using":"xpath","value":"//button[@data-kt=\"addButton\"]"}
RESULT: {"using":"xpath","value":"//button[@data-kt=\"addButton\"]"}
COMMAND: POST /session/6cb315df952d16724b4cad26491b612d/elements - {"using":"xpath","value":"//button[@data-kt=\"addButton\"]"}
RESULT: {"using":"xpath","value":"//button[@data-kt=\"addButton\"]"}
COMMAND: POST /session/6cb315df952d16724b4cad26491b612d/elements - {"using":"xpath","value":"//button[@data-kt=\"addButton\"]"}
RESULT: {"using":"xpath","value":"//button[@data-kt=\"addButton\"]"}
COMMAND: POST /session/6cb315df952d16724b4cad26491b612d/elements - {"using":"xpath","value":"//button[@data-kt=\"addButton\"]"}
RESULT: {"using":"xpath","value":"//button[@data-kt=\"addButton\"]"}
COMMAND: POST /session/6cb315df952d16724b4cad26491b612d/elements - {"using":"xpath","value":"//button[@data-kt=\"addButton\"]"}
RESULT: {"using":"xpath","value":"//button[@data-kt=\"addButton\"]"}
COMMAND: POST /session/6cb315df952d16724b4cad26491b612d/elements - {"using":"xpath","value":"//button[@data-kt=\"addButton\"]"}
RESULT: {"using":"xpath","value":"//button[@data-kt=\"addButton\"]"}
COMMAND: POST /session/6cb315df952d16724b4cad26491b612d/elements - {"using":"xpath","value":"//button[@data-kt=\"addButton\"]"}
RESULT: {"using":"xpath","value":"//button[@data-kt=\"addButton\"]"}
COMMAND: POST /session/6cb315df952d16724b4cad26491b612d/elements - {"using":"xpath","value":"//button[@data-kt=\"addButton\"]"}
RESULT: {"using":"xpath","value":"//button[@data-kt=\"addButton\"]"}
COMMAND: POST /session/6cb315df952d16724b4cad26491b612d/elements - {"using":"xpath","value":"//button[@data-kt=\"addButton\"]"}
RESULT: {"using":"xpath","value":"//button[@data-kt=\"addButton\"]"}
COMMAND: POST /session/6cb315df952d16724b4cad26491b612d/elements - {"using":"xpath","value":"//button[@data-kt=\"addButton\"]"}
RESULT: {"using":"xpath","value":"//button[@data-kt=\"addButton\"]"}
COMMAND: POST /session/6cb315df952d16724b4cad26491b612d/elements - {"using":"xpath","value":"//button[@data-kt=\"addButton\"]"}
RESULT: {"using":"xpath","value":"//button[@data-kt=\"addButton\"]"}
COMMAND: POST /session/6cb315df952d16724b4cad26491b612d/elements - {"using":"xpath","value":"//button[@data-kt=\"addButton\"]"}
RESULT: {"using":"xpath","value":"//button[@data-kt=\"addButton\"]"}
COMMAND: POST /session/6cb315df952d16724b4cad26491b612d/elements - {"using":"xpath","value":"//button[@data-kt=\"addButton\"]"}
RESULT: {"using":"xpath","value":"//button[@data-kt=\"addButton\"]"}
COMMAND: POST /session/6cb315df952d16724b4cad26491b612d/elements - {"using":"xpath","value":"//button[@data-kt=\"addButton\"]"}
RESULT: {"using":"xpath","value":"//button[@data-kt=\"addButton\"]"}
COMMAND: POST /session/6cb315df952d16724b4cad26491b612d/elements - {"using":"xpath","value":"//button[@data-kt=\"addButton\"]"}
RESULT: {"using":"xpath","value":"//button[@data-kt=\"addButton\"]"}
COMMAND: POST /session/6cb315df952d16724b4cad26491b612d/elements - {"using":"xpath","value":"//button[@data-kt=\"addButton\"]"}
RESULT: {"using":"xpath","value":"//button[@data-kt=\"addButton\"]"}
COMMAND: POST /session/6cb315df952d16724b4cad26491b612d/elements - {"using":"xpath","value":"//button[@data-kt=\"addButton\"]"}
RESULT: {"using":"xpath","value":"//button[@data-kt=\"addButton\"]"}
COMMAND: POST /session/6cb315df952d16724b4cad26491b612d/elements - {"using":"xpath","value":"//button[@data-kt=\"addButton\"]"}
RESULT: {"using":"xpath","value":"//button[@data-kt=\"addButton\"]"}
COMMAND: POST /session/6cb315df952d16724b4cad26491b612d/elements - {"using":"xpath","value":"//button[@data-kt=\"addButton\"]"}
RESULT: {"using":"xpath","value":"//button[@data-kt=\"addButton\"]"}
COMMAND: POST /session/6cb315df952d16724b4cad26491b612d/elements - {"using":"xpath","value":"//button[@data-kt=\"addButton\"]"}
RESULT: {"using":"xpath","value":"//button[@data-kt=\"addButton\"]"}
COMMAND: POST /session/6cb315df952d16724b4cad26491b612d/elements - {"using":"xpath","value":"//button[@data-kt=\"addButton\"]"}
RESULT: {"using":"xpath","value":"//button[@data-kt=\"addButton\"]"}
COMMAND: POST /session/6cb315df952d16724b4cad26491b612d/elements - {"using":"xpath","value":"//button[@data-kt=\"addButton\"]"}
RESULT: {"using":"xpath","value":"//button[@data-kt=\"addButton\"]"}
COMMAND: POST /session/6cb315df952d16724b4cad26491b612d/elements - {"using":"xpath","value":"//button[@data-kt=\"addButton\"]"}
RESULT: {"using":"xpath","value":"//button[@data-kt=\"addButton\"]"}
COMMAND: POST /session/6cb315df952d16724b4cad26491b612d/elements - {"using":"xpath","value":"//button[@data-kt=\"addButton\"]"}
RESULT: {"using":"xpath","value":"//button[@data-kt=\"addButton\"]"}
COMMAND: POST /session/6cb315df952d16724b4cad26491b612d/elements - {"using":"xpath","value":"//button[@data-kt=\"addButton\"]"}
RESULT: {"using":"xpath","value":"//button[@data-kt=\"addButton\"]"}
COMMAND: POST /session/6cb315df952d16724b4cad26491b612d/elements - {"using":"xpath","value":"//button[@data-kt=\"addButton\"]"}
RESULT: {"using":"xpath","value":"//button[@data-kt=\"addButton\"]"}
COMMAND: POST /session/6cb315df952d16724b4cad26491b612d/elements - {"using":"xpath","value":"//button[@data-kt=\"addButton\"]"}
RESULT: {"using":"xpath","value":"//button[@data-kt=\"addButton\"]"}
COMMAND: POST /session/6cb315df952d16724b4cad26491b612d/elements - {"using":"xpath","value":"//button[@data-kt=\"addButton\"]"}
RESULT: {"using":"xpath","value":"//button[@data-kt=\"addButton\"]"}
COMMAND: POST /session/6cb315df952d16724b4cad26491b612d/elements - {"using":"xpath","value":"//button[@data-kt=\"addButton\"]"}
RESULT: {"using":"xpath","value":"//button[@data-kt=\"addButton\"]"}
COMMAND: POST /session/6cb315df952d16724b4cad26491b612d/elements - {"using":"xpath","value":"//button[@data-kt=\"addButton\"]"}
RESULT: {"using":"xpath","value":"//button[@data-kt=\"addButton\"]"}
COMMAND: POST /session/6cb315df952d16724b4cad26491b612d/elements - {"using":"xpath","value":"//button[@data-kt=\"addButton\"]"}
RESULT: {"using":"xpath","value":"//button[@data-kt=\"addButton\"]"}
COMMAND: POST /session/6cb315df952d16724b4cad26491b612d/elements - {"using":"xpath","value":"//button[@data-kt=\"addButton\"]"}
RESULT: {"using":"xpath","value":"//button[@data-kt=\"addButton\"]"}
COMMAND: POST /session/6cb315df952d16724b4cad26491b612d/elements - {"using":"xpath","value":"//button[@data-kt=\"addButton\"]"}
RESULT: {"using":"xpath","value":"//button[@data-kt=\"addButton\"]"}
COMMAND: POST /session/6cb315df952d16724b4cad26491b612d/elements - {"using":"xpath","value":"//button[@data-kt=\"addButton\"]"}
RESULT: {"using":"xpath","value":"//button[@data-kt=\"addButton\"]"}
COMMAND: POST /session/6cb315df952d16724b4cad26491b612d/elements - {"using":"xpath","value":"//button[@data-kt=\"addButton\"]"}
RESULT: {"using":"xpath","value":"//button[@data-kt=\"addButton\"]"}
COMMAND: POST /session/6cb315df952d16724b4cad26491b612d/elements - {"using":"xpath","value":"//button[@data-kt=\"addButton\"]"}
RESULT: {"using":"xpath","value":"//button[@data-kt=\"addButton\"]"}
COMMAND: POST /session/6cb315df952d16724b4cad26491b612d/elements - {"using":"xpath","value":"//button[@data-kt=\"addButton\"]"}
RESULT: {"using":"xpath","value":"//button[@data-kt=\"addButton\"]"}
COMMAND: POST /session/6cb315df952d16724b4cad26491b612d/elements - {"using":"xpath","value":"//button[@data-kt=\"addButton\"]"}
RESULT: {"using":"xpath","value":"//button[@data-kt=\"addButton\"]"}
COMMAND: POST /session/6cb315df952d16724b4cad26491b612d/elements - {"using":"xpath","value":"//button[@data-kt=\"addButton\"]"}
RESULT: {"using":"xpath","value":"//button[@data-kt=\"addButton\"]"}
COMMAND: POST /session/6cb315df952d16724b4cad26491b612d/elements - {"using":"xpath","value":"//button[@data-kt=\"addButton\"]"}
RESULT: {"using":"xpath","value":"//button[@data-kt=\"addButton\"]"}
COMMAND: POST /session/6cb315df952d16724b4cad26491b612d/elements - {"using":"xpath","value":"//button[@data-kt=\"addButton\"]"}
RESULT: {"using":"xpath","value":"//button[@data-kt=\"addButton\"]"}
COMMAND: POST /session/6cb315df952d16724b4cad26491b612d/elements - {"using":"xpath","value":"//button[@data-kt=\"addButton\"]"}
RESULT: {"using":"xpath","value":"//button[@data-kt=\"addButton\"]"}
COMMAND: POST /session/6cb315df952d16724b4cad26491b612d/elements - {"using":"xpath","value":"//button[@data-kt=\"addButton\"]"}
RESULT: {"using":"xpath","value":"//button[@data-kt=\"addButton\"]"}
COMMAND: POST /session/6cb315df952d16724b4cad26491b612d/elements - {"using":"xpath","value":"//button[@data-kt=\"addButton\"]"}
RESULT: {"using":"xpath","value":"//button[@data-kt=\"addButton\"]"}
COMMAND: POST /session/6cb315df952d16724b4cad26491b612d/elements - {"using":"xpath","value":"//button[@data-kt=\"addButton\"]"}
RESULT: {"using":"xpath","value":"//button[@data-kt=\"addButton\"]"}
COMMAND: GET /session/6cb315df952d16724b4cad26491b612d/screenshot - {}
RESULT: {}
]]></system-out>
      <system-err><![CDATA[
Error: element ("//button[@data-kt="addButton"]") still not existing after 45000ms
    at async Context.<anonymous> (D:\a\1\s\test\specs\BTS\manage-partners.spec.js:211:9)
]]></system-err>
    </testcase>
    <testcase classname="chrome.136_0_7103_49.windows.Partner_specific_tests_US150819_US151080_US151654_US151176_US103444_US151078_US151079_US151109_US151174_US151175_US151189" name="Should activate the created partner again US151176" time="56.041">
      <skipped />
      <system-out><![CDATA[
COMMAND: POST /session/6cb315df952d16724b4cad26491b612d/element - {"using":"xpath","value":"//li[.//span[text()=\"Manage Partners\"]]"}
COMMAND: GET /session/6cb315df952d16724b4cad26491b612d/screenshot - {}
RESULT: {"using":"xpath","value":"//li[.//span[text()=\"Manage Partners\"]]"}
COMMAND: POST /session/6cb315df952d16724b4cad26491b612d/element - {"using":"xpath","value":"//li[.//span[text()=\"Manage Partners\"]]"}
RESULT: {}
RESULT: {"using":"xpath","value":"//li[.//span[text()=\"Manage Partners\"]]"}
COMMAND: POST /session/6cb315df952d16724b4cad26491b612d/element - {"using":"css selector","value":"#shell-header-logo"}
RESULT: {"using":"css selector","value":"#shell-header-logo"}
COMMAND: POST /session/6cb315df952d16724b4cad26491b612d/element/f.C6BEDD6D30A87F60F18BB833061355F6.d.B63A8565BA0891E570F49914F47CD14F.e.270/click - {}
COMMAND: POST /session/6cb315df952d16724b4cad26491b612d/execute/sync - {"script":"<script> [8489 bytes]","args":[{"element-6066-11e4-a52e-4f735466cecf":"f.C6BEDD6D30A87F60F18BB833061355F6.d.B63A8565BA0891E570F49914F47CD14F.e.270","ELEMENT":"f.C6BEDD6D30A87F60F18BB833061355F6.d.B63A8565BA0891E570F49914F47CD14F.e.270"}]}
RESULT: {"script":"<script> [8489 bytes]","args":[{"element-6066-11e4-a52e-4f735466cecf":"f.C6BEDD6D30A87F60F18BB833061355F6.d.B63A8565BA0891E570F49914F47CD14F.e.270","ELEMENT":"f.C6BEDD6D30A87F60F18BB833061355F6.d.B63A8565BA0891E570F49914F47CD14F.e.270"}]}
COMMAND: POST /session/6cb315df952d16724b4cad26491b612d/execute/sync - {"script":"<script> [5351 bytes]","args":[{"element-6066-11e4-a52e-4f735466cecf":"f.C6BEDD6D30A87F60F18BB833061355F6.d.B63A8565BA0891E570F49914F47CD14F.e.270","ELEMENT":"f.C6BEDD6D30A87F60F18BB833061355F6.d.B63A8565BA0891E570F49914F47CD14F.e.270"}]}
COMMAND: GET /session/6cb315df952d16724b4cad26491b612d/screenshot - {}
RESULT: {"script":"<script> [5351 bytes]","args":[{"element-6066-11e4-a52e-4f735466cecf":"f.C6BEDD6D30A87F60F18BB833061355F6.d.B63A8565BA0891E570F49914F47CD14F.e.270","ELEMENT":"f.C6BEDD6D30A87F60F18BB833061355F6.d.B63A8565BA0891E570F49914F47CD14F.e.270"}]}
COMMAND: GET /session/6cb315df952d16724b4cad26491b612d/screenshot - {}
RESULT: {}
RESULT: {}
RESULT: undefined
COMMAND: POST /session/6cb315df952d16724b4cad26491b612d/element - {"using":"xpath","value":"//button[@data-kt=\"addButton\"]"}
RESULT: {"using":"xpath","value":"//button[@data-kt=\"addButton\"]"}
COMMAND: POST /session/6cb315df952d16724b4cad26491b612d/elements - {"using":"xpath","value":"//button[@data-kt=\"addButton\"]"}
RESULT: {"using":"xpath","value":"//button[@data-kt=\"addButton\"]"}
COMMAND: POST /session/6cb315df952d16724b4cad26491b612d/elements - {"using":"xpath","value":"//button[@data-kt=\"addButton\"]"}
RESULT: {"using":"xpath","value":"//button[@data-kt=\"addButton\"]"}
COMMAND: POST /session/6cb315df952d16724b4cad26491b612d/elements - {"using":"xpath","value":"//button[@data-kt=\"addButton\"]"}
RESULT: {"using":"xpath","value":"//button[@data-kt=\"addButton\"]"}
COMMAND: POST /session/6cb315df952d16724b4cad26491b612d/elements - {"using":"xpath","value":"//button[@data-kt=\"addButton\"]"}
RESULT: {"using":"xpath","value":"//button[@data-kt=\"addButton\"]"}
COMMAND: POST /session/6cb315df952d16724b4cad26491b612d/elements - {"using":"xpath","value":"//button[@data-kt=\"addButton\"]"}
RESULT: {"using":"xpath","value":"//button[@data-kt=\"addButton\"]"}
COMMAND: POST /session/6cb315df952d16724b4cad26491b612d/elements - {"using":"xpath","value":"//button[@data-kt=\"addButton\"]"}
RESULT: {"using":"xpath","value":"//button[@data-kt=\"addButton\"]"}
COMMAND: POST /session/6cb315df952d16724b4cad26491b612d/elements - {"using":"xpath","value":"//button[@data-kt=\"addButton\"]"}
RESULT: {"using":"xpath","value":"//button[@data-kt=\"addButton\"]"}
COMMAND: POST /session/6cb315df952d16724b4cad26491b612d/elements - {"using":"xpath","value":"//button[@data-kt=\"addButton\"]"}
RESULT: {"using":"xpath","value":"//button[@data-kt=\"addButton\"]"}
COMMAND: POST /session/6cb315df952d16724b4cad26491b612d/elements - {"using":"xpath","value":"//button[@data-kt=\"addButton\"]"}
RESULT: {"using":"xpath","value":"//button[@data-kt=\"addButton\"]"}
COMMAND: POST /session/6cb315df952d16724b4cad26491b612d/elements - {"using":"xpath","value":"//button[@data-kt=\"addButton\"]"}
RESULT: {"using":"xpath","value":"//button[@data-kt=\"addButton\"]"}
COMMAND: POST /session/6cb315df952d16724b4cad26491b612d/elements - {"using":"xpath","value":"//button[@data-kt=\"addButton\"]"}
RESULT: {"using":"xpath","value":"//button[@data-kt=\"addButton\"]"}
COMMAND: POST /session/6cb315df952d16724b4cad26491b612d/elements - {"using":"xpath","value":"//button[@data-kt=\"addButton\"]"}
RESULT: {"using":"xpath","value":"//button[@data-kt=\"addButton\"]"}
COMMAND: POST /session/6cb315df952d16724b4cad26491b612d/elements - {"using":"xpath","value":"//button[@data-kt=\"addButton\"]"}
RESULT: {"using":"xpath","value":"//button[@data-kt=\"addButton\"]"}
COMMAND: POST /session/6cb315df952d16724b4cad26491b612d/elements - {"using":"xpath","value":"//button[@data-kt=\"addButton\"]"}
RESULT: {"using":"xpath","value":"//button[@data-kt=\"addButton\"]"}
COMMAND: POST /session/6cb315df952d16724b4cad26491b612d/elements - {"using":"xpath","value":"//button[@data-kt=\"addButton\"]"}
RESULT: {"using":"xpath","value":"//button[@data-kt=\"addButton\"]"}
COMMAND: POST /session/6cb315df952d16724b4cad26491b612d/elements - {"using":"xpath","value":"//button[@data-kt=\"addButton\"]"}
RESULT: {"using":"xpath","value":"//button[@data-kt=\"addButton\"]"}
COMMAND: POST /session/6cb315df952d16724b4cad26491b612d/elements - {"using":"xpath","value":"//button[@data-kt=\"addButton\"]"}
RESULT: {"using":"xpath","value":"//button[@data-kt=\"addButton\"]"}
COMMAND: POST /session/6cb315df952d16724b4cad26491b612d/elements - {"using":"xpath","value":"//button[@data-kt=\"addButton\"]"}
RESULT: {"using":"xpath","value":"//button[@data-kt=\"addButton\"]"}
COMMAND: POST /session/6cb315df952d16724b4cad26491b612d/elements - {"using":"xpath","value":"//button[@data-kt=\"addButton\"]"}
RESULT: {"using":"xpath","value":"//button[@data-kt=\"addButton\"]"}
COMMAND: POST /session/6cb315df952d16724b4cad26491b612d/elements - {"using":"xpath","value":"//button[@data-kt=\"addButton\"]"}
RESULT: {"using":"xpath","value":"//button[@data-kt=\"addButton\"]"}
COMMAND: POST /session/6cb315df952d16724b4cad26491b612d/elements - {"using":"xpath","value":"//button[@data-kt=\"addButton\"]"}
RESULT: {"using":"xpath","value":"//button[@data-kt=\"addButton\"]"}
COMMAND: POST /session/6cb315df952d16724b4cad26491b612d/elements - {"using":"xpath","value":"//button[@data-kt=\"addButton\"]"}
RESULT: {"using":"xpath","value":"//button[@data-kt=\"addButton\"]"}
COMMAND: POST /session/6cb315df952d16724b4cad26491b612d/elements - {"using":"xpath","value":"//button[@data-kt=\"addButton\"]"}
RESULT: {"using":"xpath","value":"//button[@data-kt=\"addButton\"]"}
COMMAND: POST /session/6cb315df952d16724b4cad26491b612d/elements - {"using":"xpath","value":"//button[@data-kt=\"addButton\"]"}
RESULT: {"using":"xpath","value":"//button[@data-kt=\"addButton\"]"}
COMMAND: POST /session/6cb315df952d16724b4cad26491b612d/elements - {"using":"xpath","value":"//button[@data-kt=\"addButton\"]"}
RESULT: {"using":"xpath","value":"//button[@data-kt=\"addButton\"]"}
COMMAND: POST /session/6cb315df952d16724b4cad26491b612d/elements - {"using":"xpath","value":"//button[@data-kt=\"addButton\"]"}
RESULT: {"using":"xpath","value":"//button[@data-kt=\"addButton\"]"}
COMMAND: POST /session/6cb315df952d16724b4cad26491b612d/elements - {"using":"xpath","value":"//button[@data-kt=\"addButton\"]"}
RESULT: {"using":"xpath","value":"//button[@data-kt=\"addButton\"]"}
COMMAND: POST /session/6cb315df952d16724b4cad26491b612d/elements - {"using":"xpath","value":"//button[@data-kt=\"addButton\"]"}
RESULT: {"using":"xpath","value":"//button[@data-kt=\"addButton\"]"}
COMMAND: POST /session/6cb315df952d16724b4cad26491b612d/elements - {"using":"xpath","value":"//button[@data-kt=\"addButton\"]"}
RESULT: {"using":"xpath","value":"//button[@data-kt=\"addButton\"]"}
COMMAND: POST /session/6cb315df952d16724b4cad26491b612d/elements - {"using":"xpath","value":"//button[@data-kt=\"addButton\"]"}
RESULT: {"using":"xpath","value":"//button[@data-kt=\"addButton\"]"}
COMMAND: POST /session/6cb315df952d16724b4cad26491b612d/elements - {"using":"xpath","value":"//button[@data-kt=\"addButton\"]"}
RESULT: {"using":"xpath","value":"//button[@data-kt=\"addButton\"]"}
COMMAND: POST /session/6cb315df952d16724b4cad26491b612d/elements - {"using":"xpath","value":"//button[@data-kt=\"addButton\"]"}
RESULT: {"using":"xpath","value":"//button[@data-kt=\"addButton\"]"}
COMMAND: POST /session/6cb315df952d16724b4cad26491b612d/elements - {"using":"xpath","value":"//button[@data-kt=\"addButton\"]"}
RESULT: {"using":"xpath","value":"//button[@data-kt=\"addButton\"]"}
COMMAND: POST /session/6cb315df952d16724b4cad26491b612d/elements - {"using":"xpath","value":"//button[@data-kt=\"addButton\"]"}
RESULT: {"using":"xpath","value":"//button[@data-kt=\"addButton\"]"}
COMMAND: POST /session/6cb315df952d16724b4cad26491b612d/elements - {"using":"xpath","value":"//button[@data-kt=\"addButton\"]"}
RESULT: {"using":"xpath","value":"//button[@data-kt=\"addButton\"]"}
COMMAND: POST /session/6cb315df952d16724b4cad26491b612d/elements - {"using":"xpath","value":"//button[@data-kt=\"addButton\"]"}
RESULT: {"using":"xpath","value":"//button[@data-kt=\"addButton\"]"}
COMMAND: POST /session/6cb315df952d16724b4cad26491b612d/elements - {"using":"xpath","value":"//button[@data-kt=\"addButton\"]"}
RESULT: {"using":"xpath","value":"//button[@data-kt=\"addButton\"]"}
COMMAND: POST /session/6cb315df952d16724b4cad26491b612d/elements - {"using":"xpath","value":"//button[@data-kt=\"addButton\"]"}
RESULT: {"using":"xpath","value":"//button[@data-kt=\"addButton\"]"}
COMMAND: POST /session/6cb315df952d16724b4cad26491b612d/elements - {"using":"xpath","value":"//button[@data-kt=\"addButton\"]"}
RESULT: {"using":"xpath","value":"//button[@data-kt=\"addButton\"]"}
COMMAND: POST /session/6cb315df952d16724b4cad26491b612d/elements - {"using":"xpath","value":"//button[@data-kt=\"addButton\"]"}
RESULT: {"using":"xpath","value":"//button[@data-kt=\"addButton\"]"}
COMMAND: POST /session/6cb315df952d16724b4cad26491b612d/elements - {"using":"xpath","value":"//button[@data-kt=\"addButton\"]"}
RESULT: {"using":"xpath","value":"//button[@data-kt=\"addButton\"]"}
COMMAND: POST /session/6cb315df952d16724b4cad26491b612d/elements - {"using":"xpath","value":"//button[@data-kt=\"addButton\"]"}
RESULT: {"using":"xpath","value":"//button[@data-kt=\"addButton\"]"}
COMMAND: POST /session/6cb315df952d16724b4cad26491b612d/elements - {"using":"xpath","value":"//button[@data-kt=\"addButton\"]"}
RESULT: {"using":"xpath","value":"//button[@data-kt=\"addButton\"]"}
COMMAND: POST /session/6cb315df952d16724b4cad26491b612d/elements - {"using":"xpath","value":"//button[@data-kt=\"addButton\"]"}
RESULT: {"using":"xpath","value":"//button[@data-kt=\"addButton\"]"}
COMMAND: POST /session/6cb315df952d16724b4cad26491b612d/elements - {"using":"xpath","value":"//button[@data-kt=\"addButton\"]"}
RESULT: {"using":"xpath","value":"//button[@data-kt=\"addButton\"]"}
COMMAND: POST /session/6cb315df952d16724b4cad26491b612d/elements - {"using":"xpath","value":"//button[@data-kt=\"addButton\"]"}
RESULT: {"using":"xpath","value":"//button[@data-kt=\"addButton\"]"}
COMMAND: POST /session/6cb315df952d16724b4cad26491b612d/elements - {"using":"xpath","value":"//button[@data-kt=\"addButton\"]"}
RESULT: {"using":"xpath","value":"//button[@data-kt=\"addButton\"]"}
COMMAND: POST /session/6cb315df952d16724b4cad26491b612d/elements - {"using":"xpath","value":"//button[@data-kt=\"addButton\"]"}
RESULT: {"using":"xpath","value":"//button[@data-kt=\"addButton\"]"}
COMMAND: POST /session/6cb315df952d16724b4cad26491b612d/elements - {"using":"xpath","value":"//button[@data-kt=\"addButton\"]"}
RESULT: {"using":"xpath","value":"//button[@data-kt=\"addButton\"]"}
COMMAND: POST /session/6cb315df952d16724b4cad26491b612d/elements - {"using":"xpath","value":"//button[@data-kt=\"addButton\"]"}
RESULT: {"using":"xpath","value":"//button[@data-kt=\"addButton\"]"}
COMMAND: POST /session/6cb315df952d16724b4cad26491b612d/elements - {"using":"xpath","value":"//button[@data-kt=\"addButton\"]"}
RESULT: {"using":"xpath","value":"//button[@data-kt=\"addButton\"]"}
COMMAND: POST /session/6cb315df952d16724b4cad26491b612d/elements - {"using":"xpath","value":"//button[@data-kt=\"addButton\"]"}
RESULT: {"using":"xpath","value":"//button[@data-kt=\"addButton\"]"}
COMMAND: POST /session/6cb315df952d16724b4cad26491b612d/elements - {"using":"xpath","value":"//button[@data-kt=\"addButton\"]"}
RESULT: {"using":"xpath","value":"//button[@data-kt=\"addButton\"]"}
COMMAND: POST /session/6cb315df952d16724b4cad26491b612d/elements - {"using":"xpath","value":"//button[@data-kt=\"addButton\"]"}
RESULT: {"using":"xpath","value":"//button[@data-kt=\"addButton\"]"}
COMMAND: POST /session/6cb315df952d16724b4cad26491b612d/elements - {"using":"xpath","value":"//button[@data-kt=\"addButton\"]"}
RESULT: {"using":"xpath","value":"//button[@data-kt=\"addButton\"]"}
COMMAND: POST /session/6cb315df952d16724b4cad26491b612d/elements - {"using":"xpath","value":"//button[@data-kt=\"addButton\"]"}
RESULT: {"using":"xpath","value":"//button[@data-kt=\"addButton\"]"}
COMMAND: POST /session/6cb315df952d16724b4cad26491b612d/elements - {"using":"xpath","value":"//button[@data-kt=\"addButton\"]"}
RESULT: {"using":"xpath","value":"//button[@data-kt=\"addButton\"]"}
COMMAND: POST /session/6cb315df952d16724b4cad26491b612d/elements - {"using":"xpath","value":"//button[@data-kt=\"addButton\"]"}
RESULT: {"using":"xpath","value":"//button[@data-kt=\"addButton\"]"}
COMMAND: POST /session/6cb315df952d16724b4cad26491b612d/elements - {"using":"xpath","value":"//button[@data-kt=\"addButton\"]"}
RESULT: {"using":"xpath","value":"//button[@data-kt=\"addButton\"]"}
COMMAND: POST /session/6cb315df952d16724b4cad26491b612d/elements - {"using":"xpath","value":"//button[@data-kt=\"addButton\"]"}
RESULT: {"using":"xpath","value":"//button[@data-kt=\"addButton\"]"}
COMMAND: POST /session/6cb315df952d16724b4cad26491b612d/elements - {"using":"xpath","value":"//button[@data-kt=\"addButton\"]"}
RESULT: {"using":"xpath","value":"//button[@data-kt=\"addButton\"]"}
COMMAND: POST /session/6cb315df952d16724b4cad26491b612d/elements - {"using":"xpath","value":"//button[@data-kt=\"addButton\"]"}
RESULT: {"using":"xpath","value":"//button[@data-kt=\"addButton\"]"}
COMMAND: POST /session/6cb315df952d16724b4cad26491b612d/elements - {"using":"xpath","value":"//button[@data-kt=\"addButton\"]"}
RESULT: {"using":"xpath","value":"//button[@data-kt=\"addButton\"]"}
COMMAND: POST /session/6cb315df952d16724b4cad26491b612d/elements - {"using":"xpath","value":"//button[@data-kt=\"addButton\"]"}
RESULT: {"using":"xpath","value":"//button[@data-kt=\"addButton\"]"}
COMMAND: POST /session/6cb315df952d16724b4cad26491b612d/elements - {"using":"xpath","value":"//button[@data-kt=\"addButton\"]"}
RESULT: {"using":"xpath","value":"//button[@data-kt=\"addButton\"]"}
COMMAND: POST /session/6cb315df952d16724b4cad26491b612d/elements - {"using":"xpath","value":"//button[@data-kt=\"addButton\"]"}
RESULT: {"using":"xpath","value":"//button[@data-kt=\"addButton\"]"}
COMMAND: POST /session/6cb315df952d16724b4cad26491b612d/elements - {"using":"xpath","value":"//button[@data-kt=\"addButton\"]"}
RESULT: {"using":"xpath","value":"//button[@data-kt=\"addButton\"]"}
COMMAND: POST /session/6cb315df952d16724b4cad26491b612d/elements - {"using":"xpath","value":"//button[@data-kt=\"addButton\"]"}
RESULT: {"using":"xpath","value":"//button[@data-kt=\"addButton\"]"}
COMMAND: POST /session/6cb315df952d16724b4cad26491b612d/elements - {"using":"xpath","value":"//button[@data-kt=\"addButton\"]"}
RESULT: {"using":"xpath","value":"//button[@data-kt=\"addButton\"]"}
COMMAND: POST /session/6cb315df952d16724b4cad26491b612d/elements - {"using":"xpath","value":"//button[@data-kt=\"addButton\"]"}
RESULT: {"using":"xpath","value":"//button[@data-kt=\"addButton\"]"}
COMMAND: POST /session/6cb315df952d16724b4cad26491b612d/elements - {"using":"xpath","value":"//button[@data-kt=\"addButton\"]"}
RESULT: {"using":"xpath","value":"//button[@data-kt=\"addButton\"]"}
COMMAND: POST /session/6cb315df952d16724b4cad26491b612d/elements - {"using":"xpath","value":"//button[@data-kt=\"addButton\"]"}
RESULT: {"using":"xpath","value":"//button[@data-kt=\"addButton\"]"}
COMMAND: POST /session/6cb315df952d16724b4cad26491b612d/elements - {"using":"xpath","value":"//button[@data-kt=\"addButton\"]"}
RESULT: {"using":"xpath","value":"//button[@data-kt=\"addButton\"]"}
COMMAND: POST /session/6cb315df952d16724b4cad26491b612d/elements - {"using":"xpath","value":"//button[@data-kt=\"addButton\"]"}
RESULT: {"using":"xpath","value":"//button[@data-kt=\"addButton\"]"}
COMMAND: POST /session/6cb315df952d16724b4cad26491b612d/elements - {"using":"xpath","value":"//button[@data-kt=\"addButton\"]"}
RESULT: {"using":"xpath","value":"//button[@data-kt=\"addButton\"]"}
COMMAND: POST /session/6cb315df952d16724b4cad26491b612d/elements - {"using":"xpath","value":"//button[@data-kt=\"addButton\"]"}
RESULT: {"using":"xpath","value":"//button[@data-kt=\"addButton\"]"}
COMMAND: POST /session/6cb315df952d16724b4cad26491b612d/elements - {"using":"xpath","value":"//button[@data-kt=\"addButton\"]"}
RESULT: {"using":"xpath","value":"//button[@data-kt=\"addButton\"]"}
COMMAND: POST /session/6cb315df952d16724b4cad26491b612d/elements - {"using":"xpath","value":"//button[@data-kt=\"addButton\"]"}
RESULT: {"using":"xpath","value":"//button[@data-kt=\"addButton\"]"}
COMMAND: POST /session/6cb315df952d16724b4cad26491b612d/elements - {"using":"xpath","value":"//button[@data-kt=\"addButton\"]"}
RESULT: {"using":"xpath","value":"//button[@data-kt=\"addButton\"]"}
COMMAND: POST /session/6cb315df952d16724b4cad26491b612d/elements - {"using":"xpath","value":"//button[@data-kt=\"addButton\"]"}
RESULT: {"using":"xpath","value":"//button[@data-kt=\"addButton\"]"}
COMMAND: POST /session/6cb315df952d16724b4cad26491b612d/elements - {"using":"xpath","value":"//button[@data-kt=\"addButton\"]"}
RESULT: {"using":"xpath","value":"//button[@data-kt=\"addButton\"]"}
COMMAND: POST /session/6cb315df952d16724b4cad26491b612d/elements - {"using":"xpath","value":"//button[@data-kt=\"addButton\"]"}
RESULT: {"using":"xpath","value":"//button[@data-kt=\"addButton\"]"}
COMMAND: POST /session/6cb315df952d16724b4cad26491b612d/elements - {"using":"xpath","value":"//button[@data-kt=\"addButton\"]"}
RESULT: {"using":"xpath","value":"//button[@data-kt=\"addButton\"]"}
COMMAND: POST /session/6cb315df952d16724b4cad26491b612d/elements - {"using":"xpath","value":"//button[@data-kt=\"addButton\"]"}
RESULT: {"using":"xpath","value":"//button[@data-kt=\"addButton\"]"}
COMMAND: POST /session/6cb315df952d16724b4cad26491b612d/elements - {"using":"xpath","value":"//button[@data-kt=\"addButton\"]"}
RESULT: {"using":"xpath","value":"//button[@data-kt=\"addButton\"]"}
COMMAND: POST /session/6cb315df952d16724b4cad26491b612d/elements - {"using":"xpath","value":"//button[@data-kt=\"addButton\"]"}
RESULT: {"using":"xpath","value":"//button[@data-kt=\"addButton\"]"}
COMMAND: POST /session/6cb315df952d16724b4cad26491b612d/elements - {"using":"xpath","value":"//button[@data-kt=\"addButton\"]"}
RESULT: {"using":"xpath","value":"//button[@data-kt=\"addButton\"]"}
COMMAND: POST /session/6cb315df952d16724b4cad26491b612d/elements - {"using":"xpath","value":"//button[@data-kt=\"addButton\"]"}
RESULT: {"using":"xpath","value":"//button[@data-kt=\"addButton\"]"}
COMMAND: POST /session/6cb315df952d16724b4cad26491b612d/elements - {"using":"xpath","value":"//button[@data-kt=\"addButton\"]"}
RESULT: {"using":"xpath","value":"//button[@data-kt=\"addButton\"]"}
COMMAND: POST /session/6cb315df952d16724b4cad26491b612d/elements - {"using":"xpath","value":"//button[@data-kt=\"addButton\"]"}
RESULT: {"using":"xpath","value":"//button[@data-kt=\"addButton\"]"}
COMMAND: GET /session/6cb315df952d16724b4cad26491b612d/screenshot - {}
RESULT: {}
]]></system-out>
      <system-err><![CDATA[
Error: element ("//button[@data-kt="addButton"]") still not existing after 45000ms
    at async Context.<anonymous> (D:\a\1\s\test\specs\BTS\manage-partners.spec.js:286:9)
]]></system-err>
    </testcase>
    <testcase classname="chrome.136_0_7103_49.windows.Partner_specific_tests_US150819_US151080_US151654_US151176_US103444_US151078_US151079_US151109_US151174_US151175_US151189" name="Should activate the created partner again US151176" time="55.442">
      <skipped />
      <system-out><![CDATA[
COMMAND: POST /session/6cb315df952d16724b4cad26491b612d/element - {"using":"xpath","value":"//li[.//span[text()=\"Manage Partners\"]]"}
RESULT: {"using":"xpath","value":"//li[.//span[text()=\"Manage Partners\"]]"}
COMMAND: POST /session/6cb315df952d16724b4cad26491b612d/element - {"using":"xpath","value":"//li[.//span[text()=\"Manage Partners\"]]"}
RESULT: {"using":"xpath","value":"//li[.//span[text()=\"Manage Partners\"]]"}
COMMAND: POST /session/6cb315df952d16724b4cad26491b612d/element - {"using":"css selector","value":"#shell-header-logo"}
RESULT: {"using":"css selector","value":"#shell-header-logo"}
COMMAND: POST /session/6cb315df952d16724b4cad26491b612d/element/f.C6BEDD6D30A87F60F18BB833061355F6.d.B63A8565BA0891E570F49914F47CD14F.e.270/click - {}
COMMAND: POST /session/6cb315df952d16724b4cad26491b612d/execute/sync - {"script":"<script> [8489 bytes]","args":[{"element-6066-11e4-a52e-4f735466cecf":"f.C6BEDD6D30A87F60F18BB833061355F6.d.B63A8565BA0891E570F49914F47CD14F.e.270","ELEMENT":"f.C6BEDD6D30A87F60F18BB833061355F6.d.B63A8565BA0891E570F49914F47CD14F.e.270"}]}
RESULT: {"script":"<script> [8489 bytes]","args":[{"element-6066-11e4-a52e-4f735466cecf":"f.C6BEDD6D30A87F60F18BB833061355F6.d.B63A8565BA0891E570F49914F47CD14F.e.270","ELEMENT":"f.C6BEDD6D30A87F60F18BB833061355F6.d.B63A8565BA0891E570F49914F47CD14F.e.270"}]}
COMMAND: POST /session/6cb315df952d16724b4cad26491b612d/execute/sync - {"script":"<script> [5351 bytes]","args":[{"element-6066-11e4-a52e-4f735466cecf":"f.C6BEDD6D30A87F60F18BB833061355F6.d.B63A8565BA0891E570F49914F47CD14F.e.270","ELEMENT":"f.C6BEDD6D30A87F60F18BB833061355F6.d.B63A8565BA0891E570F49914F47CD14F.e.270"}]}
COMMAND: GET /session/6cb315df952d16724b4cad26491b612d/screenshot - {}
RESULT: {"script":"<script> [5351 bytes]","args":[{"element-6066-11e4-a52e-4f735466cecf":"f.C6BEDD6D30A87F60F18BB833061355F6.d.B63A8565BA0891E570F49914F47CD14F.e.270","ELEMENT":"f.C6BEDD6D30A87F60F18BB833061355F6.d.B63A8565BA0891E570F49914F47CD14F.e.270"}]}
COMMAND: GET /session/6cb315df952d16724b4cad26491b612d/screenshot - {}
RESULT: {}
RESULT: {}
RESULT: undefined
COMMAND: POST /session/6cb315df952d16724b4cad26491b612d/element - {"using":"xpath","value":"//button[@data-kt=\"addButton\"]"}
RESULT: {"using":"xpath","value":"//button[@data-kt=\"addButton\"]"}
COMMAND: POST /session/6cb315df952d16724b4cad26491b612d/elements - {"using":"xpath","value":"//button[@data-kt=\"addButton\"]"}
RESULT: {"using":"xpath","value":"//button[@data-kt=\"addButton\"]"}
COMMAND: POST /session/6cb315df952d16724b4cad26491b612d/elements - {"using":"xpath","value":"//button[@data-kt=\"addButton\"]"}
RESULT: {"using":"xpath","value":"//button[@data-kt=\"addButton\"]"}
COMMAND: POST /session/6cb315df952d16724b4cad26491b612d/elements - {"using":"xpath","value":"//button[@data-kt=\"addButton\"]"}
RESULT: {"using":"xpath","value":"//button[@data-kt=\"addButton\"]"}
COMMAND: POST /session/6cb315df952d16724b4cad26491b612d/elements - {"using":"xpath","value":"//button[@data-kt=\"addButton\"]"}
RESULT: {"using":"xpath","value":"//button[@data-kt=\"addButton\"]"}
COMMAND: POST /session/6cb315df952d16724b4cad26491b612d/elements - {"using":"xpath","value":"//button[@data-kt=\"addButton\"]"}
RESULT: {"using":"xpath","value":"//button[@data-kt=\"addButton\"]"}
COMMAND: POST /session/6cb315df952d16724b4cad26491b612d/elements - {"using":"xpath","value":"//button[@data-kt=\"addButton\"]"}
RESULT: {"using":"xpath","value":"//button[@data-kt=\"addButton\"]"}
COMMAND: POST /session/6cb315df952d16724b4cad26491b612d/elements - {"using":"xpath","value":"//button[@data-kt=\"addButton\"]"}
RESULT: {"using":"xpath","value":"//button[@data-kt=\"addButton\"]"}
COMMAND: POST /session/6cb315df952d16724b4cad26491b612d/elements - {"using":"xpath","value":"//button[@data-kt=\"addButton\"]"}
RESULT: {"using":"xpath","value":"//button[@data-kt=\"addButton\"]"}
COMMAND: POST /session/6cb315df952d16724b4cad26491b612d/elements - {"using":"xpath","value":"//button[@data-kt=\"addButton\"]"}
RESULT: {"using":"xpath","value":"//button[@data-kt=\"addButton\"]"}
COMMAND: POST /session/6cb315df952d16724b4cad26491b612d/elements - {"using":"xpath","value":"//button[@data-kt=\"addButton\"]"}
RESULT: {"using":"xpath","value":"//button[@data-kt=\"addButton\"]"}
COMMAND: POST /session/6cb315df952d16724b4cad26491b612d/elements - {"using":"xpath","value":"//button[@data-kt=\"addButton\"]"}
RESULT: {"using":"xpath","value":"//button[@data-kt=\"addButton\"]"}
COMMAND: POST /session/6cb315df952d16724b4cad26491b612d/elements - {"using":"xpath","value":"//button[@data-kt=\"addButton\"]"}
RESULT: {"using":"xpath","value":"//button[@data-kt=\"addButton\"]"}
COMMAND: POST /session/6cb315df952d16724b4cad26491b612d/elements - {"using":"xpath","value":"//button[@data-kt=\"addButton\"]"}
RESULT: {"using":"xpath","value":"//button[@data-kt=\"addButton\"]"}
COMMAND: POST /session/6cb315df952d16724b4cad26491b612d/elements - {"using":"xpath","value":"//button[@data-kt=\"addButton\"]"}
RESULT: {"using":"xpath","value":"//button[@data-kt=\"addButton\"]"}
COMMAND: POST /session/6cb315df952d16724b4cad26491b612d/elements - {"using":"xpath","value":"//button[@data-kt=\"addButton\"]"}
RESULT: {"using":"xpath","value":"//button[@data-kt=\"addButton\"]"}
COMMAND: POST /session/6cb315df952d16724b4cad26491b612d/elements - {"using":"xpath","value":"//button[@data-kt=\"addButton\"]"}
RESULT: {"using":"xpath","value":"//button[@data-kt=\"addButton\"]"}
COMMAND: POST /session/6cb315df952d16724b4cad26491b612d/elements - {"using":"xpath","value":"//button[@data-kt=\"addButton\"]"}
RESULT: {"using":"xpath","value":"//button[@data-kt=\"addButton\"]"}
COMMAND: POST /session/6cb315df952d16724b4cad26491b612d/elements - {"using":"xpath","value":"//button[@data-kt=\"addButton\"]"}
RESULT: {"using":"xpath","value":"//button[@data-kt=\"addButton\"]"}
COMMAND: POST /session/6cb315df952d16724b4cad26491b612d/elements - {"using":"xpath","value":"//button[@data-kt=\"addButton\"]"}
RESULT: {"using":"xpath","value":"//button[@data-kt=\"addButton\"]"}
COMMAND: POST /session/6cb315df952d16724b4cad26491b612d/elements - {"using":"xpath","value":"//button[@data-kt=\"addButton\"]"}
RESULT: {"using":"xpath","value":"//button[@data-kt=\"addButton\"]"}
COMMAND: POST /session/6cb315df952d16724b4cad26491b612d/elements - {"using":"xpath","value":"//button[@data-kt=\"addButton\"]"}
RESULT: {"using":"xpath","value":"//button[@data-kt=\"addButton\"]"}
COMMAND: POST /session/6cb315df952d16724b4cad26491b612d/elements - {"using":"xpath","value":"//button[@data-kt=\"addButton\"]"}
RESULT: {"using":"xpath","value":"//button[@data-kt=\"addButton\"]"}
COMMAND: POST /session/6cb315df952d16724b4cad26491b612d/elements - {"using":"xpath","value":"//button[@data-kt=\"addButton\"]"}
RESULT: {"using":"xpath","value":"//button[@data-kt=\"addButton\"]"}
COMMAND: POST /session/6cb315df952d16724b4cad26491b612d/elements - {"using":"xpath","value":"//button[@data-kt=\"addButton\"]"}
RESULT: {"using":"xpath","value":"//button[@data-kt=\"addButton\"]"}
COMMAND: POST /session/6cb315df952d16724b4cad26491b612d/elements - {"using":"xpath","value":"//button[@data-kt=\"addButton\"]"}
RESULT: {"using":"xpath","value":"//button[@data-kt=\"addButton\"]"}
COMMAND: POST /session/6cb315df952d16724b4cad26491b612d/elements - {"using":"xpath","value":"//button[@data-kt=\"addButton\"]"}
RESULT: {"using":"xpath","value":"//button[@data-kt=\"addButton\"]"}
COMMAND: POST /session/6cb315df952d16724b4cad26491b612d/elements - {"using":"xpath","value":"//button[@data-kt=\"addButton\"]"}
RESULT: {"using":"xpath","value":"//button[@data-kt=\"addButton\"]"}
COMMAND: POST /session/6cb315df952d16724b4cad26491b612d/elements - {"using":"xpath","value":"//button[@data-kt=\"addButton\"]"}
RESULT: {"using":"xpath","value":"//button[@data-kt=\"addButton\"]"}
COMMAND: POST /session/6cb315df952d16724b4cad26491b612d/elements - {"using":"xpath","value":"//button[@data-kt=\"addButton\"]"}
RESULT: {"using":"xpath","value":"//button[@data-kt=\"addButton\"]"}
COMMAND: POST /session/6cb315df952d16724b4cad26491b612d/elements - {"using":"xpath","value":"//button[@data-kt=\"addButton\"]"}
RESULT: {"using":"xpath","value":"//button[@data-kt=\"addButton\"]"}
COMMAND: POST /session/6cb315df952d16724b4cad26491b612d/elements - {"using":"xpath","value":"//button[@data-kt=\"addButton\"]"}
RESULT: {"using":"xpath","value":"//button[@data-kt=\"addButton\"]"}
COMMAND: POST /session/6cb315df952d16724b4cad26491b612d/elements - {"using":"xpath","value":"//button[@data-kt=\"addButton\"]"}
RESULT: {"using":"xpath","value":"//button[@data-kt=\"addButton\"]"}
COMMAND: POST /session/6cb315df952d16724b4cad26491b612d/elements - {"using":"xpath","value":"//button[@data-kt=\"addButton\"]"}
RESULT: {"using":"xpath","value":"//button[@data-kt=\"addButton\"]"}
COMMAND: POST /session/6cb315df952d16724b4cad26491b612d/elements - {"using":"xpath","value":"//button[@data-kt=\"addButton\"]"}
RESULT: {"using":"xpath","value":"//button[@data-kt=\"addButton\"]"}
COMMAND: POST /session/6cb315df952d16724b4cad26491b612d/elements - {"using":"xpath","value":"//button[@data-kt=\"addButton\"]"}
RESULT: {"using":"xpath","value":"//button[@data-kt=\"addButton\"]"}
COMMAND: POST /session/6cb315df952d16724b4cad26491b612d/elements - {"using":"xpath","value":"//button[@data-kt=\"addButton\"]"}
RESULT: {"using":"xpath","value":"//button[@data-kt=\"addButton\"]"}
COMMAND: POST /session/6cb315df952d16724b4cad26491b612d/elements - {"using":"xpath","value":"//button[@data-kt=\"addButton\"]"}
RESULT: {"using":"xpath","value":"//button[@data-kt=\"addButton\"]"}
COMMAND: POST /session/6cb315df952d16724b4cad26491b612d/elements - {"using":"xpath","value":"//button[@data-kt=\"addButton\"]"}
RESULT: {"using":"xpath","value":"//button[@data-kt=\"addButton\"]"}
COMMAND: POST /session/6cb315df952d16724b4cad26491b612d/elements - {"using":"xpath","value":"//button[@data-kt=\"addButton\"]"}
RESULT: {"using":"xpath","value":"//button[@data-kt=\"addButton\"]"}
COMMAND: POST /session/6cb315df952d16724b4cad26491b612d/elements - {"using":"xpath","value":"//button[@data-kt=\"addButton\"]"}
RESULT: {"using":"xpath","value":"//button[@data-kt=\"addButton\"]"}
COMMAND: POST /session/6cb315df952d16724b4cad26491b612d/elements - {"using":"xpath","value":"//button[@data-kt=\"addButton\"]"}
RESULT: {"using":"xpath","value":"//button[@data-kt=\"addButton\"]"}
COMMAND: POST /session/6cb315df952d16724b4cad26491b612d/elements - {"using":"xpath","value":"//button[@data-kt=\"addButton\"]"}
RESULT: {"using":"xpath","value":"//button[@data-kt=\"addButton\"]"}
COMMAND: POST /session/6cb315df952d16724b4cad26491b612d/elements - {"using":"xpath","value":"//button[@data-kt=\"addButton\"]"}
RESULT: {"using":"xpath","value":"//button[@data-kt=\"addButton\"]"}
COMMAND: POST /session/6cb315df952d16724b4cad26491b612d/elements - {"using":"xpath","value":"//button[@data-kt=\"addButton\"]"}
RESULT: {"using":"xpath","value":"//button[@data-kt=\"addButton\"]"}
COMMAND: POST /session/6cb315df952d16724b4cad26491b612d/elements - {"using":"xpath","value":"//button[@data-kt=\"addButton\"]"}
RESULT: {"using":"xpath","value":"//button[@data-kt=\"addButton\"]"}
COMMAND: POST /session/6cb315df952d16724b4cad26491b612d/elements - {"using":"xpath","value":"//button[@data-kt=\"addButton\"]"}
RESULT: {"using":"xpath","value":"//button[@data-kt=\"addButton\"]"}
COMMAND: POST /session/6cb315df952d16724b4cad26491b612d/elements - {"using":"xpath","value":"//button[@data-kt=\"addButton\"]"}
RESULT: {"using":"xpath","value":"//button[@data-kt=\"addButton\"]"}
COMMAND: POST /session/6cb315df952d16724b4cad26491b612d/elements - {"using":"xpath","value":"//button[@data-kt=\"addButton\"]"}
RESULT: {"using":"xpath","value":"//button[@data-kt=\"addButton\"]"}
COMMAND: POST /session/6cb315df952d16724b4cad26491b612d/elements - {"using":"xpath","value":"//button[@data-kt=\"addButton\"]"}
RESULT: {"using":"xpath","value":"//button[@data-kt=\"addButton\"]"}
COMMAND: POST /session/6cb315df952d16724b4cad26491b612d/elements - {"using":"xpath","value":"//button[@data-kt=\"addButton\"]"}
RESULT: {"using":"xpath","value":"//button[@data-kt=\"addButton\"]"}
COMMAND: POST /session/6cb315df952d16724b4cad26491b612d/elements - {"using":"xpath","value":"//button[@data-kt=\"addButton\"]"}
RESULT: {"using":"xpath","value":"//button[@data-kt=\"addButton\"]"}
COMMAND: POST /session/6cb315df952d16724b4cad26491b612d/elements - {"using":"xpath","value":"//button[@data-kt=\"addButton\"]"}
RESULT: {"using":"xpath","value":"//button[@data-kt=\"addButton\"]"}
COMMAND: POST /session/6cb315df952d16724b4cad26491b612d/elements - {"using":"xpath","value":"//button[@data-kt=\"addButton\"]"}
RESULT: {"using":"xpath","value":"//button[@data-kt=\"addButton\"]"}
COMMAND: POST /session/6cb315df952d16724b4cad26491b612d/elements - {"using":"xpath","value":"//button[@data-kt=\"addButton\"]"}
RESULT: {"using":"xpath","value":"//button[@data-kt=\"addButton\"]"}
COMMAND: POST /session/6cb315df952d16724b4cad26491b612d/elements - {"using":"xpath","value":"//button[@data-kt=\"addButton\"]"}
RESULT: {"using":"xpath","value":"//button[@data-kt=\"addButton\"]"}
COMMAND: POST /session/6cb315df952d16724b4cad26491b612d/elements - {"using":"xpath","value":"//button[@data-kt=\"addButton\"]"}
RESULT: {"using":"xpath","value":"//button[@data-kt=\"addButton\"]"}
COMMAND: POST /session/6cb315df952d16724b4cad26491b612d/elements - {"using":"xpath","value":"//button[@data-kt=\"addButton\"]"}
RESULT: {"using":"xpath","value":"//button[@data-kt=\"addButton\"]"}
COMMAND: POST /session/6cb315df952d16724b4cad26491b612d/elements - {"using":"xpath","value":"//button[@data-kt=\"addButton\"]"}
RESULT: {"using":"xpath","value":"//button[@data-kt=\"addButton\"]"}
COMMAND: POST /session/6cb315df952d16724b4cad26491b612d/elements - {"using":"xpath","value":"//button[@data-kt=\"addButton\"]"}
RESULT: {"using":"xpath","value":"//button[@data-kt=\"addButton\"]"}
COMMAND: POST /session/6cb315df952d16724b4cad26491b612d/elements - {"using":"xpath","value":"//button[@data-kt=\"addButton\"]"}
RESULT: {"using":"xpath","value":"//button[@data-kt=\"addButton\"]"}
COMMAND: POST /session/6cb315df952d16724b4cad26491b612d/elements - {"using":"xpath","value":"//button[@data-kt=\"addButton\"]"}
RESULT: {"using":"xpath","value":"//button[@data-kt=\"addButton\"]"}
COMMAND: POST /session/6cb315df952d16724b4cad26491b612d/elements - {"using":"xpath","value":"//button[@data-kt=\"addButton\"]"}
RESULT: {"using":"xpath","value":"//button[@data-kt=\"addButton\"]"}
COMMAND: POST /session/6cb315df952d16724b4cad26491b612d/elements - {"using":"xpath","value":"//button[@data-kt=\"addButton\"]"}
RESULT: {"using":"xpath","value":"//button[@data-kt=\"addButton\"]"}
COMMAND: POST /session/6cb315df952d16724b4cad26491b612d/elements - {"using":"xpath","value":"//button[@data-kt=\"addButton\"]"}
RESULT: {"using":"xpath","value":"//button[@data-kt=\"addButton\"]"}
COMMAND: POST /session/6cb315df952d16724b4cad26491b612d/elements - {"using":"xpath","value":"//button[@data-kt=\"addButton\"]"}
RESULT: {"using":"xpath","value":"//button[@data-kt=\"addButton\"]"}
COMMAND: POST /session/6cb315df952d16724b4cad26491b612d/elements - {"using":"xpath","value":"//button[@data-kt=\"addButton\"]"}
RESULT: {"using":"xpath","value":"//button[@data-kt=\"addButton\"]"}
COMMAND: POST /session/6cb315df952d16724b4cad26491b612d/elements - {"using":"xpath","value":"//button[@data-kt=\"addButton\"]"}
RESULT: {"using":"xpath","value":"//button[@data-kt=\"addButton\"]"}
COMMAND: POST /session/6cb315df952d16724b4cad26491b612d/elements - {"using":"xpath","value":"//button[@data-kt=\"addButton\"]"}
RESULT: {"using":"xpath","value":"//button[@data-kt=\"addButton\"]"}
COMMAND: POST /session/6cb315df952d16724b4cad26491b612d/elements - {"using":"xpath","value":"//button[@data-kt=\"addButton\"]"}
RESULT: {"using":"xpath","value":"//button[@data-kt=\"addButton\"]"}
COMMAND: POST /session/6cb315df952d16724b4cad26491b612d/elements - {"using":"xpath","value":"//button[@data-kt=\"addButton\"]"}
RESULT: {"using":"xpath","value":"//button[@data-kt=\"addButton\"]"}
COMMAND: POST /session/6cb315df952d16724b4cad26491b612d/elements - {"using":"xpath","value":"//button[@data-kt=\"addButton\"]"}
RESULT: {"using":"xpath","value":"//button[@data-kt=\"addButton\"]"}
COMMAND: POST /session/6cb315df952d16724b4cad26491b612d/elements - {"using":"xpath","value":"//button[@data-kt=\"addButton\"]"}
RESULT: {"using":"xpath","value":"//button[@data-kt=\"addButton\"]"}
COMMAND: POST /session/6cb315df952d16724b4cad26491b612d/elements - {"using":"xpath","value":"//button[@data-kt=\"addButton\"]"}
RESULT: {"using":"xpath","value":"//button[@data-kt=\"addButton\"]"}
COMMAND: POST /session/6cb315df952d16724b4cad26491b612d/elements - {"using":"xpath","value":"//button[@data-kt=\"addButton\"]"}
RESULT: {"using":"xpath","value":"//button[@data-kt=\"addButton\"]"}
COMMAND: POST /session/6cb315df952d16724b4cad26491b612d/elements - {"using":"xpath","value":"//button[@data-kt=\"addButton\"]"}
RESULT: {"using":"xpath","value":"//button[@data-kt=\"addButton\"]"}
COMMAND: POST /session/6cb315df952d16724b4cad26491b612d/elements - {"using":"xpath","value":"//button[@data-kt=\"addButton\"]"}
RESULT: {"using":"xpath","value":"//button[@data-kt=\"addButton\"]"}
COMMAND: POST /session/6cb315df952d16724b4cad26491b612d/elements - {"using":"xpath","value":"//button[@data-kt=\"addButton\"]"}
RESULT: {"using":"xpath","value":"//button[@data-kt=\"addButton\"]"}
COMMAND: POST /session/6cb315df952d16724b4cad26491b612d/elements - {"using":"xpath","value":"//button[@data-kt=\"addButton\"]"}
RESULT: {"using":"xpath","value":"//button[@data-kt=\"addButton\"]"}
COMMAND: POST /session/6cb315df952d16724b4cad26491b612d/elements - {"using":"xpath","value":"//button[@data-kt=\"addButton\"]"}
RESULT: {"using":"xpath","value":"//button[@data-kt=\"addButton\"]"}
COMMAND: POST /session/6cb315df952d16724b4cad26491b612d/elements - {"using":"xpath","value":"//button[@data-kt=\"addButton\"]"}
RESULT: {"using":"xpath","value":"//button[@data-kt=\"addButton\"]"}
COMMAND: POST /session/6cb315df952d16724b4cad26491b612d/elements - {"using":"xpath","value":"//button[@data-kt=\"addButton\"]"}
RESULT: {"using":"xpath","value":"//button[@data-kt=\"addButton\"]"}
COMMAND: POST /session/6cb315df952d16724b4cad26491b612d/elements - {"using":"xpath","value":"//button[@data-kt=\"addButton\"]"}
RESULT: {"using":"xpath","value":"//button[@data-kt=\"addButton\"]"}
COMMAND: POST /session/6cb315df952d16724b4cad26491b612d/elements - {"using":"xpath","value":"//button[@data-kt=\"addButton\"]"}
RESULT: {"using":"xpath","value":"//button[@data-kt=\"addButton\"]"}
COMMAND: POST /session/6cb315df952d16724b4cad26491b612d/elements - {"using":"xpath","value":"//button[@data-kt=\"addButton\"]"}
RESULT: {"using":"xpath","value":"//button[@data-kt=\"addButton\"]"}
COMMAND: POST /session/6cb315df952d16724b4cad26491b612d/elements - {"using":"xpath","value":"//button[@data-kt=\"addButton\"]"}
RESULT: {"using":"xpath","value":"//button[@data-kt=\"addButton\"]"}
COMMAND: POST /session/6cb315df952d16724b4cad26491b612d/elements - {"using":"xpath","value":"//button[@data-kt=\"addButton\"]"}
RESULT: {"using":"xpath","value":"//button[@data-kt=\"addButton\"]"}
COMMAND: POST /session/6cb315df952d16724b4cad26491b612d/elements - {"using":"xpath","value":"//button[@data-kt=\"addButton\"]"}
RESULT: {"using":"xpath","value":"//button[@data-kt=\"addButton\"]"}
COMMAND: POST /session/6cb315df952d16724b4cad26491b612d/elements - {"using":"xpath","value":"//button[@data-kt=\"addButton\"]"}
RESULT: {"using":"xpath","value":"//button[@data-kt=\"addButton\"]"}
COMMAND: POST /session/6cb315df952d16724b4cad26491b612d/elements - {"using":"xpath","value":"//button[@data-kt=\"addButton\"]"}
RESULT: {"using":"xpath","value":"//button[@data-kt=\"addButton\"]"}
COMMAND: POST /session/6cb315df952d16724b4cad26491b612d/elements - {"using":"xpath","value":"//button[@data-kt=\"addButton\"]"}
RESULT: {"using":"xpath","value":"//button[@data-kt=\"addButton\"]"}
COMMAND: GET /session/6cb315df952d16724b4cad26491b612d/screenshot - {}
RESULT: {}
]]></system-out>
      <system-err><![CDATA[
Error: element ("//button[@data-kt="addButton"]") still not existing after 45000ms
    at async Context.<anonymous> (D:\a\1\s\test\specs\BTS\manage-partners.spec.js:286:9)
]]></system-err>
    </testcase>
    <testcase classname="chrome.136_0_7103_49.windows.Partner_specific_tests_US150819_US151080_US151654_US151176_US103444_US151078_US151079_US151109_US151174_US151175_US151189" name="Should edit the created external partner and save it and check its content US103444" time="56.033">
      <skipped />
      <system-out><![CDATA[
COMMAND: POST /session/6cb315df952d16724b4cad26491b612d/element - {"using":"xpath","value":"//li[.//span[text()=\"Manage Partners\"]]"}
COMMAND: GET /session/6cb315df952d16724b4cad26491b612d/screenshot - {}
RESULT: {"using":"xpath","value":"//li[.//span[text()=\"Manage Partners\"]]"}
COMMAND: POST /session/6cb315df952d16724b4cad26491b612d/element - {"using":"xpath","value":"//li[.//span[text()=\"Manage Partners\"]]"}
RESULT: {}
RESULT: {"using":"xpath","value":"//li[.//span[text()=\"Manage Partners\"]]"}
COMMAND: POST /session/6cb315df952d16724b4cad26491b612d/element - {"using":"css selector","value":"#shell-header-logo"}
RESULT: {"using":"css selector","value":"#shell-header-logo"}
COMMAND: POST /session/6cb315df952d16724b4cad26491b612d/element/f.C6BEDD6D30A87F60F18BB833061355F6.d.B63A8565BA0891E570F49914F47CD14F.e.270/click - {}
COMMAND: POST /session/6cb315df952d16724b4cad26491b612d/execute/sync - {"script":"<script> [8489 bytes]","args":[{"element-6066-11e4-a52e-4f735466cecf":"f.C6BEDD6D30A87F60F18BB833061355F6.d.B63A8565BA0891E570F49914F47CD14F.e.270","ELEMENT":"f.C6BEDD6D30A87F60F18BB833061355F6.d.B63A8565BA0891E570F49914F47CD14F.e.270"}]}
RESULT: {"script":"<script> [8489 bytes]","args":[{"element-6066-11e4-a52e-4f735466cecf":"f.C6BEDD6D30A87F60F18BB833061355F6.d.B63A8565BA0891E570F49914F47CD14F.e.270","ELEMENT":"f.C6BEDD6D30A87F60F18BB833061355F6.d.B63A8565BA0891E570F49914F47CD14F.e.270"}]}
COMMAND: POST /session/6cb315df952d16724b4cad26491b612d/execute/sync - {"script":"<script> [5351 bytes]","args":[{"element-6066-11e4-a52e-4f735466cecf":"f.C6BEDD6D30A87F60F18BB833061355F6.d.B63A8565BA0891E570F49914F47CD14F.e.270","ELEMENT":"f.C6BEDD6D30A87F60F18BB833061355F6.d.B63A8565BA0891E570F49914F47CD14F.e.270"}]}
COMMAND: GET /session/6cb315df952d16724b4cad26491b612d/screenshot - {}
RESULT: {"script":"<script> [5351 bytes]","args":[{"element-6066-11e4-a52e-4f735466cecf":"f.C6BEDD6D30A87F60F18BB833061355F6.d.B63A8565BA0891E570F49914F47CD14F.e.270","ELEMENT":"f.C6BEDD6D30A87F60F18BB833061355F6.d.B63A8565BA0891E570F49914F47CD14F.e.270"}]}
COMMAND: GET /session/6cb315df952d16724b4cad26491b612d/screenshot - {}
RESULT: {}
RESULT: {}
RESULT: undefined
COMMAND: POST /session/6cb315df952d16724b4cad26491b612d/element - {"using":"xpath","value":"//button[@data-kt=\"addButton\"]"}
RESULT: {"using":"xpath","value":"//button[@data-kt=\"addButton\"]"}
COMMAND: POST /session/6cb315df952d16724b4cad26491b612d/elements - {"using":"xpath","value":"//button[@data-kt=\"addButton\"]"}
RESULT: {"using":"xpath","value":"//button[@data-kt=\"addButton\"]"}
COMMAND: POST /session/6cb315df952d16724b4cad26491b612d/elements - {"using":"xpath","value":"//button[@data-kt=\"addButton\"]"}
RESULT: {"using":"xpath","value":"//button[@data-kt=\"addButton\"]"}
COMMAND: POST /session/6cb315df952d16724b4cad26491b612d/elements - {"using":"xpath","value":"//button[@data-kt=\"addButton\"]"}
RESULT: {"using":"xpath","value":"//button[@data-kt=\"addButton\"]"}
COMMAND: POST /session/6cb315df952d16724b4cad26491b612d/elements - {"using":"xpath","value":"//button[@data-kt=\"addButton\"]"}
RESULT: {"using":"xpath","value":"//button[@data-kt=\"addButton\"]"}
COMMAND: POST /session/6cb315df952d16724b4cad26491b612d/elements - {"using":"xpath","value":"//button[@data-kt=\"addButton\"]"}
RESULT: {"using":"xpath","value":"//button[@data-kt=\"addButton\"]"}
COMMAND: POST /session/6cb315df952d16724b4cad26491b612d/elements - {"using":"xpath","value":"//button[@data-kt=\"addButton\"]"}
RESULT: {"using":"xpath","value":"//button[@data-kt=\"addButton\"]"}
COMMAND: POST /session/6cb315df952d16724b4cad26491b612d/elements - {"using":"xpath","value":"//button[@data-kt=\"addButton\"]"}
RESULT: {"using":"xpath","value":"//button[@data-kt=\"addButton\"]"}
COMMAND: POST /session/6cb315df952d16724b4cad26491b612d/elements - {"using":"xpath","value":"//button[@data-kt=\"addButton\"]"}
RESULT: {"using":"xpath","value":"//button[@data-kt=\"addButton\"]"}
COMMAND: POST /session/6cb315df952d16724b4cad26491b612d/elements - {"using":"xpath","value":"//button[@data-kt=\"addButton\"]"}
RESULT: {"using":"xpath","value":"//button[@data-kt=\"addButton\"]"}
COMMAND: POST /session/6cb315df952d16724b4cad26491b612d/elements - {"using":"xpath","value":"//button[@data-kt=\"addButton\"]"}
RESULT: {"using":"xpath","value":"//button[@data-kt=\"addButton\"]"}
COMMAND: POST /session/6cb315df952d16724b4cad26491b612d/elements - {"using":"xpath","value":"//button[@data-kt=\"addButton\"]"}
RESULT: {"using":"xpath","value":"//button[@data-kt=\"addButton\"]"}
COMMAND: POST /session/6cb315df952d16724b4cad26491b612d/elements - {"using":"xpath","value":"//button[@data-kt=\"addButton\"]"}
RESULT: {"using":"xpath","value":"//button[@data-kt=\"addButton\"]"}
COMMAND: POST /session/6cb315df952d16724b4cad26491b612d/elements - {"using":"xpath","value":"//button[@data-kt=\"addButton\"]"}
RESULT: {"using":"xpath","value":"//button[@data-kt=\"addButton\"]"}
COMMAND: POST /session/6cb315df952d16724b4cad26491b612d/elements - {"using":"xpath","value":"//button[@data-kt=\"addButton\"]"}
RESULT: {"using":"xpath","value":"//button[@data-kt=\"addButton\"]"}
COMMAND: POST /session/6cb315df952d16724b4cad26491b612d/elements - {"using":"xpath","value":"//button[@data-kt=\"addButton\"]"}
RESULT: {"using":"xpath","value":"//button[@data-kt=\"addButton\"]"}
COMMAND: POST /session/6cb315df952d16724b4cad26491b612d/elements - {"using":"xpath","value":"//button[@data-kt=\"addButton\"]"}
RESULT: {"using":"xpath","value":"//button[@data-kt=\"addButton\"]"}
COMMAND: POST /session/6cb315df952d16724b4cad26491b612d/elements - {"using":"xpath","value":"//button[@data-kt=\"addButton\"]"}
RESULT: {"using":"xpath","value":"//button[@data-kt=\"addButton\"]"}
COMMAND: POST /session/6cb315df952d16724b4cad26491b612d/elements - {"using":"xpath","value":"//button[@data-kt=\"addButton\"]"}
RESULT: {"using":"xpath","value":"//button[@data-kt=\"addButton\"]"}
COMMAND: POST /session/6cb315df952d16724b4cad26491b612d/elements - {"using":"xpath","value":"//button[@data-kt=\"addButton\"]"}
RESULT: {"using":"xpath","value":"//button[@data-kt=\"addButton\"]"}
COMMAND: POST /session/6cb315df952d16724b4cad26491b612d/elements - {"using":"xpath","value":"//button[@data-kt=\"addButton\"]"}
RESULT: {"using":"xpath","value":"//button[@data-kt=\"addButton\"]"}
COMMAND: POST /session/6cb315df952d16724b4cad26491b612d/elements - {"using":"xpath","value":"//button[@data-kt=\"addButton\"]"}
RESULT: {"using":"xpath","value":"//button[@data-kt=\"addButton\"]"}
COMMAND: POST /session/6cb315df952d16724b4cad26491b612d/elements - {"using":"xpath","value":"//button[@data-kt=\"addButton\"]"}
RESULT: {"using":"xpath","value":"//button[@data-kt=\"addButton\"]"}
COMMAND: POST /session/6cb315df952d16724b4cad26491b612d/elements - {"using":"xpath","value":"//button[@data-kt=\"addButton\"]"}
RESULT: {"using":"xpath","value":"//button[@data-kt=\"addButton\"]"}
COMMAND: POST /session/6cb315df952d16724b4cad26491b612d/elements - {"using":"xpath","value":"//button[@data-kt=\"addButton\"]"}
RESULT: {"using":"xpath","value":"//button[@data-kt=\"addButton\"]"}
COMMAND: POST /session/6cb315df952d16724b4cad26491b612d/elements - {"using":"xpath","value":"//button[@data-kt=\"addButton\"]"}
RESULT: {"using":"xpath","value":"//button[@data-kt=\"addButton\"]"}
COMMAND: POST /session/6cb315df952d16724b4cad26491b612d/elements - {"using":"xpath","value":"//button[@data-kt=\"addButton\"]"}
RESULT: {"using":"xpath","value":"//button[@data-kt=\"addButton\"]"}
COMMAND: POST /session/6cb315df952d16724b4cad26491b612d/elements - {"using":"xpath","value":"//button[@data-kt=\"addButton\"]"}
RESULT: {"using":"xpath","value":"//button[@data-kt=\"addButton\"]"}
COMMAND: POST /session/6cb315df952d16724b4cad26491b612d/elements - {"using":"xpath","value":"//button[@data-kt=\"addButton\"]"}
RESULT: {"using":"xpath","value":"//button[@data-kt=\"addButton\"]"}
COMMAND: POST /session/6cb315df952d16724b4cad26491b612d/elements - {"using":"xpath","value":"//button[@data-kt=\"addButton\"]"}
RESULT: {"using":"xpath","value":"//button[@data-kt=\"addButton\"]"}
COMMAND: POST /session/6cb315df952d16724b4cad26491b612d/elements - {"using":"xpath","value":"//button[@data-kt=\"addButton\"]"}
RESULT: {"using":"xpath","value":"//button[@data-kt=\"addButton\"]"}
COMMAND: POST /session/6cb315df952d16724b4cad26491b612d/elements - {"using":"xpath","value":"//button[@data-kt=\"addButton\"]"}
RESULT: {"using":"xpath","value":"//button[@data-kt=\"addButton\"]"}
COMMAND: POST /session/6cb315df952d16724b4cad26491b612d/elements - {"using":"xpath","value":"//button[@data-kt=\"addButton\"]"}
RESULT: {"using":"xpath","value":"//button[@data-kt=\"addButton\"]"}
COMMAND: POST /session/6cb315df952d16724b4cad26491b612d/elements - {"using":"xpath","value":"//button[@data-kt=\"addButton\"]"}
RESULT: {"using":"xpath","value":"//button[@data-kt=\"addButton\"]"}
COMMAND: POST /session/6cb315df952d16724b4cad26491b612d/elements - {"using":"xpath","value":"//button[@data-kt=\"addButton\"]"}
RESULT: {"using":"xpath","value":"//button[@data-kt=\"addButton\"]"}
COMMAND: POST /session/6cb315df952d16724b4cad26491b612d/elements - {"using":"xpath","value":"//button[@data-kt=\"addButton\"]"}
RESULT: {"using":"xpath","value":"//button[@data-kt=\"addButton\"]"}
COMMAND: POST /session/6cb315df952d16724b4cad26491b612d/elements - {"using":"xpath","value":"//button[@data-kt=\"addButton\"]"}
RESULT: {"using":"xpath","value":"//button[@data-kt=\"addButton\"]"}
COMMAND: POST /session/6cb315df952d16724b4cad26491b612d/elements - {"using":"xpath","value":"//button[@data-kt=\"addButton\"]"}
RESULT: {"using":"xpath","value":"//button[@data-kt=\"addButton\"]"}
COMMAND: POST /session/6cb315df952d16724b4cad26491b612d/elements - {"using":"xpath","value":"//button[@data-kt=\"addButton\"]"}
RESULT: {"using":"xpath","value":"//button[@data-kt=\"addButton\"]"}
COMMAND: POST /session/6cb315df952d16724b4cad26491b612d/elements - {"using":"xpath","value":"//button[@data-kt=\"addButton\"]"}
RESULT: {"using":"xpath","value":"//button[@data-kt=\"addButton\"]"}
COMMAND: POST /session/6cb315df952d16724b4cad26491b612d/elements - {"using":"xpath","value":"//button[@data-kt=\"addButton\"]"}
RESULT: {"using":"xpath","value":"//button[@data-kt=\"addButton\"]"}
COMMAND: POST /session/6cb315df952d16724b4cad26491b612d/elements - {"using":"xpath","value":"//button[@data-kt=\"addButton\"]"}
RESULT: {"using":"xpath","value":"//button[@data-kt=\"addButton\"]"}
COMMAND: POST /session/6cb315df952d16724b4cad26491b612d/elements - {"using":"xpath","value":"//button[@data-kt=\"addButton\"]"}
RESULT: {"using":"xpath","value":"//button[@data-kt=\"addButton\"]"}
COMMAND: POST /session/6cb315df952d16724b4cad26491b612d/elements - {"using":"xpath","value":"//button[@data-kt=\"addButton\"]"}
RESULT: {"using":"xpath","value":"//button[@data-kt=\"addButton\"]"}
COMMAND: POST /session/6cb315df952d16724b4cad26491b612d/elements - {"using":"xpath","value":"//button[@data-kt=\"addButton\"]"}
RESULT: {"using":"xpath","value":"//button[@data-kt=\"addButton\"]"}
COMMAND: POST /session/6cb315df952d16724b4cad26491b612d/elements - {"using":"xpath","value":"//button[@data-kt=\"addButton\"]"}
RESULT: {"using":"xpath","value":"//button[@data-kt=\"addButton\"]"}
COMMAND: POST /session/6cb315df952d16724b4cad26491b612d/elements - {"using":"xpath","value":"//button[@data-kt=\"addButton\"]"}
RESULT: {"using":"xpath","value":"//button[@data-kt=\"addButton\"]"}
COMMAND: POST /session/6cb315df952d16724b4cad26491b612d/elements - {"using":"xpath","value":"//button[@data-kt=\"addButton\"]"}
RESULT: {"using":"xpath","value":"//button[@data-kt=\"addButton\"]"}
COMMAND: POST /session/6cb315df952d16724b4cad26491b612d/elements - {"using":"xpath","value":"//button[@data-kt=\"addButton\"]"}
RESULT: {"using":"xpath","value":"//button[@data-kt=\"addButton\"]"}
COMMAND: POST /session/6cb315df952d16724b4cad26491b612d/elements - {"using":"xpath","value":"//button[@data-kt=\"addButton\"]"}
RESULT: {"using":"xpath","value":"//button[@data-kt=\"addButton\"]"}
COMMAND: POST /session/6cb315df952d16724b4cad26491b612d/elements - {"using":"xpath","value":"//button[@data-kt=\"addButton\"]"}
RESULT: {"using":"xpath","value":"//button[@data-kt=\"addButton\"]"}
COMMAND: POST /session/6cb315df952d16724b4cad26491b612d/elements - {"using":"xpath","value":"//button[@data-kt=\"addButton\"]"}
RESULT: {"using":"xpath","value":"//button[@data-kt=\"addButton\"]"}
COMMAND: POST /session/6cb315df952d16724b4cad26491b612d/elements - {"using":"xpath","value":"//button[@data-kt=\"addButton\"]"}
RESULT: {"using":"xpath","value":"//button[@data-kt=\"addButton\"]"}
COMMAND: POST /session/6cb315df952d16724b4cad26491b612d/elements - {"using":"xpath","value":"//button[@data-kt=\"addButton\"]"}
RESULT: {"using":"xpath","value":"//button[@data-kt=\"addButton\"]"}
COMMAND: POST /session/6cb315df952d16724b4cad26491b612d/elements - {"using":"xpath","value":"//button[@data-kt=\"addButton\"]"}
RESULT: {"using":"xpath","value":"//button[@data-kt=\"addButton\"]"}
COMMAND: POST /session/6cb315df952d16724b4cad26491b612d/elements - {"using":"xpath","value":"//button[@data-kt=\"addButton\"]"}
RESULT: {"using":"xpath","value":"//button[@data-kt=\"addButton\"]"}
COMMAND: POST /session/6cb315df952d16724b4cad26491b612d/elements - {"using":"xpath","value":"//button[@data-kt=\"addButton\"]"}
RESULT: {"using":"xpath","value":"//button[@data-kt=\"addButton\"]"}
COMMAND: POST /session/6cb315df952d16724b4cad26491b612d/elements - {"using":"xpath","value":"//button[@data-kt=\"addButton\"]"}
RESULT: {"using":"xpath","value":"//button[@data-kt=\"addButton\"]"}
COMMAND: POST /session/6cb315df952d16724b4cad26491b612d/elements - {"using":"xpath","value":"//button[@data-kt=\"addButton\"]"}
RESULT: {"using":"xpath","value":"//button[@data-kt=\"addButton\"]"}
COMMAND: POST /session/6cb315df952d16724b4cad26491b612d/elements - {"using":"xpath","value":"//button[@data-kt=\"addButton\"]"}
RESULT: {"using":"xpath","value":"//button[@data-kt=\"addButton\"]"}
COMMAND: POST /session/6cb315df952d16724b4cad26491b612d/elements - {"using":"xpath","value":"//button[@data-kt=\"addButton\"]"}
RESULT: {"using":"xpath","value":"//button[@data-kt=\"addButton\"]"}
COMMAND: POST /session/6cb315df952d16724b4cad26491b612d/elements - {"using":"xpath","value":"//button[@data-kt=\"addButton\"]"}
RESULT: {"using":"xpath","value":"//button[@data-kt=\"addButton\"]"}
COMMAND: POST /session/6cb315df952d16724b4cad26491b612d/elements - {"using":"xpath","value":"//button[@data-kt=\"addButton\"]"}
RESULT: {"using":"xpath","value":"//button[@data-kt=\"addButton\"]"}
COMMAND: POST /session/6cb315df952d16724b4cad26491b612d/elements - {"using":"xpath","value":"//button[@data-kt=\"addButton\"]"}
RESULT: {"using":"xpath","value":"//button[@data-kt=\"addButton\"]"}
COMMAND: POST /session/6cb315df952d16724b4cad26491b612d/elements - {"using":"xpath","value":"//button[@data-kt=\"addButton\"]"}
RESULT: {"using":"xpath","value":"//button[@data-kt=\"addButton\"]"}
COMMAND: POST /session/6cb315df952d16724b4cad26491b612d/elements - {"using":"xpath","value":"//button[@data-kt=\"addButton\"]"}
RESULT: {"using":"xpath","value":"//button[@data-kt=\"addButton\"]"}
COMMAND: POST /session/6cb315df952d16724b4cad26491b612d/elements - {"using":"xpath","value":"//button[@data-kt=\"addButton\"]"}
RESULT: {"using":"xpath","value":"//button[@data-kt=\"addButton\"]"}
COMMAND: POST /session/6cb315df952d16724b4cad26491b612d/elements - {"using":"xpath","value":"//button[@data-kt=\"addButton\"]"}
RESULT: {"using":"xpath","value":"//button[@data-kt=\"addButton\"]"}
COMMAND: POST /session/6cb315df952d16724b4cad26491b612d/elements - {"using":"xpath","value":"//button[@data-kt=\"addButton\"]"}
RESULT: {"using":"xpath","value":"//button[@data-kt=\"addButton\"]"}
COMMAND: POST /session/6cb315df952d16724b4cad26491b612d/elements - {"using":"xpath","value":"//button[@data-kt=\"addButton\"]"}
RESULT: {"using":"xpath","value":"//button[@data-kt=\"addButton\"]"}
COMMAND: POST /session/6cb315df952d16724b4cad26491b612d/elements - {"using":"xpath","value":"//button[@data-kt=\"addButton\"]"}
RESULT: {"using":"xpath","value":"//button[@data-kt=\"addButton\"]"}
COMMAND: POST /session/6cb315df952d16724b4cad26491b612d/elements - {"using":"xpath","value":"//button[@data-kt=\"addButton\"]"}
RESULT: {"using":"xpath","value":"//button[@data-kt=\"addButton\"]"}
COMMAND: POST /session/6cb315df952d16724b4cad26491b612d/elements - {"using":"xpath","value":"//button[@data-kt=\"addButton\"]"}
RESULT: {"using":"xpath","value":"//button[@data-kt=\"addButton\"]"}
COMMAND: POST /session/6cb315df952d16724b4cad26491b612d/elements - {"using":"xpath","value":"//button[@data-kt=\"addButton\"]"}
RESULT: {"using":"xpath","value":"//button[@data-kt=\"addButton\"]"}
COMMAND: POST /session/6cb315df952d16724b4cad26491b612d/elements - {"using":"xpath","value":"//button[@data-kt=\"addButton\"]"}
RESULT: {"using":"xpath","value":"//button[@data-kt=\"addButton\"]"}
COMMAND: POST /session/6cb315df952d16724b4cad26491b612d/elements - {"using":"xpath","value":"//button[@data-kt=\"addButton\"]"}
RESULT: {"using":"xpath","value":"//button[@data-kt=\"addButton\"]"}
COMMAND: POST /session/6cb315df952d16724b4cad26491b612d/elements - {"using":"xpath","value":"//button[@data-kt=\"addButton\"]"}
RESULT: {"using":"xpath","value":"//button[@data-kt=\"addButton\"]"}
COMMAND: POST /session/6cb315df952d16724b4cad26491b612d/elements - {"using":"xpath","value":"//button[@data-kt=\"addButton\"]"}
RESULT: {"using":"xpath","value":"//button[@data-kt=\"addButton\"]"}
COMMAND: POST /session/6cb315df952d16724b4cad26491b612d/elements - {"using":"xpath","value":"//button[@data-kt=\"addButton\"]"}
RESULT: {"using":"xpath","value":"//button[@data-kt=\"addButton\"]"}
COMMAND: POST /session/6cb315df952d16724b4cad26491b612d/elements - {"using":"xpath","value":"//button[@data-kt=\"addButton\"]"}
RESULT: {"using":"xpath","value":"//button[@data-kt=\"addButton\"]"}
COMMAND: POST /session/6cb315df952d16724b4cad26491b612d/elements - {"using":"xpath","value":"//button[@data-kt=\"addButton\"]"}
RESULT: {"using":"xpath","value":"//button[@data-kt=\"addButton\"]"}
COMMAND: POST /session/6cb315df952d16724b4cad26491b612d/elements - {"using":"xpath","value":"//button[@data-kt=\"addButton\"]"}
RESULT: {"using":"xpath","value":"//button[@data-kt=\"addButton\"]"}
COMMAND: POST /session/6cb315df952d16724b4cad26491b612d/elements - {"using":"xpath","value":"//button[@data-kt=\"addButton\"]"}
RESULT: {"using":"xpath","value":"//button[@data-kt=\"addButton\"]"}
COMMAND: POST /session/6cb315df952d16724b4cad26491b612d/elements - {"using":"xpath","value":"//button[@data-kt=\"addButton\"]"}
RESULT: {"using":"xpath","value":"//button[@data-kt=\"addButton\"]"}
COMMAND: POST /session/6cb315df952d16724b4cad26491b612d/elements - {"using":"xpath","value":"//button[@data-kt=\"addButton\"]"}
RESULT: {"using":"xpath","value":"//button[@data-kt=\"addButton\"]"}
COMMAND: POST /session/6cb315df952d16724b4cad26491b612d/elements - {"using":"xpath","value":"//button[@data-kt=\"addButton\"]"}
RESULT: {"using":"xpath","value":"//button[@data-kt=\"addButton\"]"}
COMMAND: POST /session/6cb315df952d16724b4cad26491b612d/elements - {"using":"xpath","value":"//button[@data-kt=\"addButton\"]"}
RESULT: {"using":"xpath","value":"//button[@data-kt=\"addButton\"]"}
COMMAND: POST /session/6cb315df952d16724b4cad26491b612d/elements - {"using":"xpath","value":"//button[@data-kt=\"addButton\"]"}
RESULT: {"using":"xpath","value":"//button[@data-kt=\"addButton\"]"}
COMMAND: POST /session/6cb315df952d16724b4cad26491b612d/elements - {"using":"xpath","value":"//button[@data-kt=\"addButton\"]"}
RESULT: {"using":"xpath","value":"//button[@data-kt=\"addButton\"]"}
COMMAND: POST /session/6cb315df952d16724b4cad26491b612d/elements - {"using":"xpath","value":"//button[@data-kt=\"addButton\"]"}
RESULT: {"using":"xpath","value":"//button[@data-kt=\"addButton\"]"}
COMMAND: POST /session/6cb315df952d16724b4cad26491b612d/elements - {"using":"xpath","value":"//button[@data-kt=\"addButton\"]"}
RESULT: {"using":"xpath","value":"//button[@data-kt=\"addButton\"]"}
COMMAND: GET /session/6cb315df952d16724b4cad26491b612d/screenshot - {}
RESULT: {}
]]></system-out>
      <system-err><![CDATA[
Error: element ("//button[@data-kt="addButton"]") still not existing after 45000ms
    at async UtilsPrerequisites.partnerEdit (D:\a\1\s\test\specs\BTS\prerequisites-and-utils-functions.js:3043:9)
    at async Context.<anonymous> (D:\a\1\s\test\specs\BTS\manage-partners.spec.js:348:9)
]]></system-err>
    </testcase>
    <testcase classname="chrome.136_0_7103_49.windows.Partner_specific_tests_US150819_US151080_US151654_US151176_US103444_US151078_US151079_US151109_US151174_US151175_US151189" name="Should edit the created external partner and save it and check its content US103444" time="54.69">
      <skipped />
      <system-out><![CDATA[
COMMAND: POST /session/6cb315df952d16724b4cad26491b612d/element - {"using":"xpath","value":"//li[.//span[text()=\"Manage Partners\"]]"}
RESULT: {"using":"xpath","value":"//li[.//span[text()=\"Manage Partners\"]]"}
COMMAND: POST /session/6cb315df952d16724b4cad26491b612d/element - {"using":"xpath","value":"//li[.//span[text()=\"Manage Partners\"]]"}
RESULT: {"using":"xpath","value":"//li[.//span[text()=\"Manage Partners\"]]"}
COMMAND: POST /session/6cb315df952d16724b4cad26491b612d/element - {"using":"css selector","value":"#shell-header-logo"}
RESULT: {"using":"css selector","value":"#shell-header-logo"}
COMMAND: POST /session/6cb315df952d16724b4cad26491b612d/element/f.C6BEDD6D30A87F60F18BB833061355F6.d.B63A8565BA0891E570F49914F47CD14F.e.270/click - {}
COMMAND: POST /session/6cb315df952d16724b4cad26491b612d/execute/sync - {"script":"<script> [8489 bytes]","args":[{"element-6066-11e4-a52e-4f735466cecf":"f.C6BEDD6D30A87F60F18BB833061355F6.d.B63A8565BA0891E570F49914F47CD14F.e.270","ELEMENT":"f.C6BEDD6D30A87F60F18BB833061355F6.d.B63A8565BA0891E570F49914F47CD14F.e.270"}]}
RESULT: {"script":"<script> [8489 bytes]","args":[{"element-6066-11e4-a52e-4f735466cecf":"f.C6BEDD6D30A87F60F18BB833061355F6.d.B63A8565BA0891E570F49914F47CD14F.e.270","ELEMENT":"f.C6BEDD6D30A87F60F18BB833061355F6.d.B63A8565BA0891E570F49914F47CD14F.e.270"}]}
COMMAND: POST /session/6cb315df952d16724b4cad26491b612d/execute/sync - {"script":"<script> [5351 bytes]","args":[{"element-6066-11e4-a52e-4f735466cecf":"f.C6BEDD6D30A87F60F18BB833061355F6.d.B63A8565BA0891E570F49914F47CD14F.e.270","ELEMENT":"f.C6BEDD6D30A87F60F18BB833061355F6.d.B63A8565BA0891E570F49914F47CD14F.e.270"}]}
COMMAND: GET /session/6cb315df952d16724b4cad26491b612d/screenshot - {}
RESULT: {"script":"<script> [5351 bytes]","args":[{"element-6066-11e4-a52e-4f735466cecf":"f.C6BEDD6D30A87F60F18BB833061355F6.d.B63A8565BA0891E570F49914F47CD14F.e.270","ELEMENT":"f.C6BEDD6D30A87F60F18BB833061355F6.d.B63A8565BA0891E570F49914F47CD14F.e.270"}]}
COMMAND: GET /session/6cb315df952d16724b4cad26491b612d/screenshot - {}
RESULT: {}
RESULT: {}
COMMAND: POST /session/6cb315df952d16724b4cad26491b612d/element - {"using":"css selector","value":"#shell-header-logo"}
RESULT: {"using":"css selector","value":"#shell-header-logo"}
COMMAND: POST /session/6cb315df952d16724b4cad26491b612d/elements - {"using":"css selector","value":"#shell-header-logo"}
RESULT: {"using":"css selector","value":"#shell-header-logo"}
COMMAND: POST /session/6cb315df952d16724b4cad26491b612d/elements - {"using":"css selector","value":"#shell-header-logo"}
RESULT: {"using":"css selector","value":"#shell-header-logo"}
COMMAND: POST /session/6cb315df952d16724b4cad26491b612d/elements - {"using":"css selector","value":"#shell-header-logo"}
RESULT: {"using":"css selector","value":"#shell-header-logo"}
RESULT: undefined
COMMAND: POST /session/6cb315df952d16724b4cad26491b612d/element - {"using":"xpath","value":"//button[@data-kt=\"addButton\"]"}
RESULT: {"using":"xpath","value":"//button[@data-kt=\"addButton\"]"}
COMMAND: POST /session/6cb315df952d16724b4cad26491b612d/elements - {"using":"xpath","value":"//button[@data-kt=\"addButton\"]"}
RESULT: {"using":"xpath","value":"//button[@data-kt=\"addButton\"]"}
COMMAND: POST /session/6cb315df952d16724b4cad26491b612d/elements - {"using":"css selector","value":"#shell-header-logo"}
RESULT: {"using":"css selector","value":"#shell-header-logo"}
COMMAND: POST /session/6cb315df952d16724b4cad26491b612d/elements - {"using":"xpath","value":"//button[@data-kt=\"addButton\"]"}
RESULT: {"using":"xpath","value":"//button[@data-kt=\"addButton\"]"}
COMMAND: POST /session/6cb315df952d16724b4cad26491b612d/elements - {"using":"css selector","value":"#shell-header-logo"}
RESULT: {"using":"css selector","value":"#shell-header-logo"}
COMMAND: POST /session/6cb315df952d16724b4cad26491b612d/elements - {"using":"xpath","value":"//button[@data-kt=\"addButton\"]"}
RESULT: {"using":"xpath","value":"//button[@data-kt=\"addButton\"]"}
COMMAND: POST /session/6cb315df952d16724b4cad26491b612d/elements - {"using":"css selector","value":"#shell-header-logo"}
RESULT: {"using":"css selector","value":"#shell-header-logo"}
COMMAND: POST /session/6cb315df952d16724b4cad26491b612d/elements - {"using":"xpath","value":"//button[@data-kt=\"addButton\"]"}
RESULT: {"using":"xpath","value":"//button[@data-kt=\"addButton\"]"}
COMMAND: POST /session/6cb315df952d16724b4cad26491b612d/elements - {"using":"css selector","value":"#shell-header-logo"}
RESULT: {"using":"css selector","value":"#shell-header-logo"}
COMMAND: POST /session/6cb315df952d16724b4cad26491b612d/elements - {"using":"xpath","value":"//button[@data-kt=\"addButton\"]"}
RESULT: {"using":"xpath","value":"//button[@data-kt=\"addButton\"]"}
COMMAND: POST /session/6cb315df952d16724b4cad26491b612d/elements - {"using":"css selector","value":"#shell-header-logo"}
RESULT: {"using":"css selector","value":"#shell-header-logo"}
COMMAND: POST /session/6cb315df952d16724b4cad26491b612d/elements - {"using":"xpath","value":"//button[@data-kt=\"addButton\"]"}
RESULT: {"using":"xpath","value":"//button[@data-kt=\"addButton\"]"}
COMMAND: POST /session/6cb315df952d16724b4cad26491b612d/elements - {"using":"css selector","value":"#shell-header-logo"}
RESULT: {"using":"css selector","value":"#shell-header-logo"}
COMMAND: POST /session/6cb315df952d16724b4cad26491b612d/elements - {"using":"xpath","value":"//button[@data-kt=\"addButton\"]"}
RESULT: {"using":"xpath","value":"//button[@data-kt=\"addButton\"]"}
COMMAND: POST /session/6cb315df952d16724b4cad26491b612d/elements - {"using":"css selector","value":"#shell-header-logo"}
RESULT: {"using":"css selector","value":"#shell-header-logo"}
COMMAND: POST /session/6cb315df952d16724b4cad26491b612d/elements - {"using":"xpath","value":"//button[@data-kt=\"addButton\"]"}
RESULT: {"using":"xpath","value":"//button[@data-kt=\"addButton\"]"}
COMMAND: POST /session/6cb315df952d16724b4cad26491b612d/elements - {"using":"css selector","value":"#shell-header-logo"}
RESULT: {"using":"css selector","value":"#shell-header-logo"}
COMMAND: POST /session/6cb315df952d16724b4cad26491b612d/elements - {"using":"xpath","value":"//button[@data-kt=\"addButton\"]"}
RESULT: {"using":"xpath","value":"//button[@data-kt=\"addButton\"]"}
COMMAND: POST /session/6cb315df952d16724b4cad26491b612d/elements - {"using":"css selector","value":"#shell-header-logo"}
RESULT: {"using":"css selector","value":"#shell-header-logo"}
COMMAND: POST /session/6cb315df952d16724b4cad26491b612d/elements - {"using":"xpath","value":"//button[@data-kt=\"addButton\"]"}
RESULT: {"using":"xpath","value":"//button[@data-kt=\"addButton\"]"}
COMMAND: POST /session/6cb315df952d16724b4cad26491b612d/elements - {"using":"css selector","value":"#shell-header-logo"}
RESULT: {"using":"css selector","value":"#shell-header-logo"}
COMMAND: POST /session/6cb315df952d16724b4cad26491b612d/elements - {"using":"xpath","value":"//button[@data-kt=\"addButton\"]"}
RESULT: {"using":"xpath","value":"//button[@data-kt=\"addButton\"]"}
COMMAND: POST /session/6cb315df952d16724b4cad26491b612d/elements - {"using":"css selector","value":"#shell-header-logo"}
RESULT: {"using":"css selector","value":"#shell-header-logo"}
COMMAND: POST /session/6cb315df952d16724b4cad26491b612d/elements - {"using":"xpath","value":"//button[@data-kt=\"addButton\"]"}
RESULT: {"using":"xpath","value":"//button[@data-kt=\"addButton\"]"}
COMMAND: POST /session/6cb315df952d16724b4cad26491b612d/elements - {"using":"css selector","value":"#shell-header-logo"}
RESULT: {"using":"css selector","value":"#shell-header-logo"}
COMMAND: POST /session/6cb315df952d16724b4cad26491b612d/elements - {"using":"xpath","value":"//button[@data-kt=\"addButton\"]"}
RESULT: {"using":"xpath","value":"//button[@data-kt=\"addButton\"]"}
COMMAND: POST /session/6cb315df952d16724b4cad26491b612d/elements - {"using":"css selector","value":"#shell-header-logo"}
RESULT: {"using":"css selector","value":"#shell-header-logo"}
COMMAND: POST /session/6cb315df952d16724b4cad26491b612d/elements - {"using":"xpath","value":"//button[@data-kt=\"addButton\"]"}
RESULT: {"using":"xpath","value":"//button[@data-kt=\"addButton\"]"}
COMMAND: POST /session/6cb315df952d16724b4cad26491b612d/elements - {"using":"css selector","value":"#shell-header-logo"}
RESULT: {"using":"css selector","value":"#shell-header-logo"}
COMMAND: POST /session/6cb315df952d16724b4cad26491b612d/elements - {"using":"xpath","value":"//button[@data-kt=\"addButton\"]"}
RESULT: {"using":"xpath","value":"//button[@data-kt=\"addButton\"]"}
COMMAND: POST /session/6cb315df952d16724b4cad26491b612d/elements - {"using":"css selector","value":"#shell-header-logo"}
RESULT: {"using":"css selector","value":"#shell-header-logo"}
COMMAND: POST /session/6cb315df952d16724b4cad26491b612d/elements - {"using":"xpath","value":"//button[@data-kt=\"addButton\"]"}
RESULT: {"using":"xpath","value":"//button[@data-kt=\"addButton\"]"}
COMMAND: POST /session/6cb315df952d16724b4cad26491b612d/elements - {"using":"css selector","value":"#shell-header-logo"}
RESULT: {"using":"css selector","value":"#shell-header-logo"}
COMMAND: POST /session/6cb315df952d16724b4cad26491b612d/elements - {"using":"xpath","value":"//button[@data-kt=\"addButton\"]"}
RESULT: {"using":"xpath","value":"//button[@data-kt=\"addButton\"]"}
COMMAND: POST /session/6cb315df952d16724b4cad26491b612d/elements - {"using":"css selector","value":"#shell-header-logo"}
RESULT: {"using":"css selector","value":"#shell-header-logo"}
COMMAND: POST /session/6cb315df952d16724b4cad26491b612d/elements - {"using":"xpath","value":"//button[@data-kt=\"addButton\"]"}
RESULT: {"using":"xpath","value":"//button[@data-kt=\"addButton\"]"}
COMMAND: POST /session/6cb315df952d16724b4cad26491b612d/elements - {"using":"css selector","value":"#shell-header-logo"}
RESULT: {"using":"css selector","value":"#shell-header-logo"}
COMMAND: POST /session/6cb315df952d16724b4cad26491b612d/elements - {"using":"xpath","value":"//button[@data-kt=\"addButton\"]"}
RESULT: {"using":"xpath","value":"//button[@data-kt=\"addButton\"]"}
COMMAND: POST /session/6cb315df952d16724b4cad26491b612d/elements - {"using":"css selector","value":"#shell-header-logo"}
RESULT: {"using":"css selector","value":"#shell-header-logo"}
COMMAND: POST /session/6cb315df952d16724b4cad26491b612d/elements - {"using":"xpath","value":"//button[@data-kt=\"addButton\"]"}
RESULT: {"using":"xpath","value":"//button[@data-kt=\"addButton\"]"}
COMMAND: POST /session/6cb315df952d16724b4cad26491b612d/elements - {"using":"css selector","value":"#shell-header-logo"}
RESULT: {"using":"css selector","value":"#shell-header-logo"}
COMMAND: POST /session/6cb315df952d16724b4cad26491b612d/elements - {"using":"xpath","value":"//button[@data-kt=\"addButton\"]"}
RESULT: {"using":"xpath","value":"//button[@data-kt=\"addButton\"]"}
COMMAND: POST /session/6cb315df952d16724b4cad26491b612d/elements - {"using":"css selector","value":"#shell-header-logo"}
RESULT: {"using":"css selector","value":"#shell-header-logo"}
COMMAND: POST /session/6cb315df952d16724b4cad26491b612d/elements - {"using":"xpath","value":"//button[@data-kt=\"addButton\"]"}
RESULT: {"using":"xpath","value":"//button[@data-kt=\"addButton\"]"}
COMMAND: POST /session/6cb315df952d16724b4cad26491b612d/elements - {"using":"css selector","value":"#shell-header-logo"}
RESULT: {"using":"css selector","value":"#shell-header-logo"}
COMMAND: POST /session/6cb315df952d16724b4cad26491b612d/elements - {"using":"xpath","value":"//button[@data-kt=\"addButton\"]"}
RESULT: {"using":"xpath","value":"//button[@data-kt=\"addButton\"]"}
COMMAND: POST /session/6cb315df952d16724b4cad26491b612d/elements - {"using":"css selector","value":"#shell-header-logo"}
RESULT: {"using":"css selector","value":"#shell-header-logo"}
COMMAND: POST /session/6cb315df952d16724b4cad26491b612d/elements - {"using":"xpath","value":"//button[@data-kt=\"addButton\"]"}
RESULT: {"using":"xpath","value":"//button[@data-kt=\"addButton\"]"}
COMMAND: POST /session/6cb315df952d16724b4cad26491b612d/elements - {"using":"css selector","value":"#shell-header-logo"}
RESULT: {"using":"css selector","value":"#shell-header-logo"}
COMMAND: POST /session/6cb315df952d16724b4cad26491b612d/elements - {"using":"xpath","value":"//button[@data-kt=\"addButton\"]"}
RESULT: {"using":"xpath","value":"//button[@data-kt=\"addButton\"]"}
COMMAND: POST /session/6cb315df952d16724b4cad26491b612d/elements - {"using":"css selector","value":"#shell-header-logo"}
RESULT: {"using":"css selector","value":"#shell-header-logo"}
COMMAND: POST /session/6cb315df952d16724b4cad26491b612d/elements - {"using":"xpath","value":"//button[@data-kt=\"addButton\"]"}
RESULT: {"using":"xpath","value":"//button[@data-kt=\"addButton\"]"}
COMMAND: POST /session/6cb315df952d16724b4cad26491b612d/elements - {"using":"css selector","value":"#shell-header-logo"}
RESULT: {"using":"css selector","value":"#shell-header-logo"}
COMMAND: POST /session/6cb315df952d16724b4cad26491b612d/elements - {"using":"xpath","value":"//button[@data-kt=\"addButton\"]"}
RESULT: {"using":"xpath","value":"//button[@data-kt=\"addButton\"]"}
COMMAND: POST /session/6cb315df952d16724b4cad26491b612d/elements - {"using":"css selector","value":"#shell-header-logo"}
RESULT: {"using":"css selector","value":"#shell-header-logo"}
COMMAND: POST /session/6cb315df952d16724b4cad26491b612d/elements - {"using":"xpath","value":"//button[@data-kt=\"addButton\"]"}
RESULT: {"using":"xpath","value":"//button[@data-kt=\"addButton\"]"}
COMMAND: POST /session/6cb315df952d16724b4cad26491b612d/elements - {"using":"css selector","value":"#shell-header-logo"}
RESULT: {"using":"css selector","value":"#shell-header-logo"}
COMMAND: POST /session/6cb315df952d16724b4cad26491b612d/elements - {"using":"xpath","value":"//button[@data-kt=\"addButton\"]"}
RESULT: {"using":"xpath","value":"//button[@data-kt=\"addButton\"]"}
COMMAND: POST /session/6cb315df952d16724b4cad26491b612d/elements - {"using":"css selector","value":"#shell-header-logo"}
RESULT: {"using":"css selector","value":"#shell-header-logo"}
COMMAND: POST /session/6cb315df952d16724b4cad26491b612d/elements - {"using":"xpath","value":"//button[@data-kt=\"addButton\"]"}
RESULT: {"using":"xpath","value":"//button[@data-kt=\"addButton\"]"}
COMMAND: POST /session/6cb315df952d16724b4cad26491b612d/elements - {"using":"css selector","value":"#shell-header-logo"}
RESULT: {"using":"css selector","value":"#shell-header-logo"}
COMMAND: POST /session/6cb315df952d16724b4cad26491b612d/elements - {"using":"xpath","value":"//button[@data-kt=\"addButton\"]"}
RESULT: {"using":"xpath","value":"//button[@data-kt=\"addButton\"]"}
COMMAND: POST /session/6cb315df952d16724b4cad26491b612d/elements - {"using":"css selector","value":"#shell-header-logo"}
RESULT: {"using":"css selector","value":"#shell-header-logo"}
COMMAND: POST /session/6cb315df952d16724b4cad26491b612d/elements - {"using":"xpath","value":"//button[@data-kt=\"addButton\"]"}
RESULT: {"using":"xpath","value":"//button[@data-kt=\"addButton\"]"}
COMMAND: POST /session/6cb315df952d16724b4cad26491b612d/elements - {"using":"css selector","value":"#shell-header-logo"}
RESULT: {"using":"css selector","value":"#shell-header-logo"}
COMMAND: POST /session/6cb315df952d16724b4cad26491b612d/elements - {"using":"xpath","value":"//button[@data-kt=\"addButton\"]"}
RESULT: {"using":"xpath","value":"//button[@data-kt=\"addButton\"]"}
COMMAND: POST /session/6cb315df952d16724b4cad26491b612d/elements - {"using":"css selector","value":"#shell-header-logo"}
RESULT: {"using":"css selector","value":"#shell-header-logo"}
COMMAND: POST /session/6cb315df952d16724b4cad26491b612d/elements - {"using":"xpath","value":"//button[@data-kt=\"addButton\"]"}
RESULT: {"using":"xpath","value":"//button[@data-kt=\"addButton\"]"}
COMMAND: POST /session/6cb315df952d16724b4cad26491b612d/elements - {"using":"css selector","value":"#shell-header-logo"}
RESULT: {"using":"css selector","value":"#shell-header-logo"}
COMMAND: POST /session/6cb315df952d16724b4cad26491b612d/elements - {"using":"xpath","value":"//button[@data-kt=\"addButton\"]"}
RESULT: {"using":"xpath","value":"//button[@data-kt=\"addButton\"]"}
COMMAND: POST /session/6cb315df952d16724b4cad26491b612d/elements - {"using":"css selector","value":"#shell-header-logo"}
RESULT: {"using":"css selector","value":"#shell-header-logo"}
COMMAND: POST /session/6cb315df952d16724b4cad26491b612d/elements - {"using":"xpath","value":"//button[@data-kt=\"addButton\"]"}
RESULT: {"using":"xpath","value":"//button[@data-kt=\"addButton\"]"}
COMMAND: POST /session/6cb315df952d16724b4cad26491b612d/elements - {"using":"css selector","value":"#shell-header-logo"}
RESULT: {"using":"css selector","value":"#shell-header-logo"}
COMMAND: POST /session/6cb315df952d16724b4cad26491b612d/elements - {"using":"xpath","value":"//button[@data-kt=\"addButton\"]"}
RESULT: {"using":"xpath","value":"//button[@data-kt=\"addButton\"]"}
COMMAND: POST /session/6cb315df952d16724b4cad26491b612d/elements - {"using":"css selector","value":"#shell-header-logo"}
RESULT: {"using":"css selector","value":"#shell-header-logo"}
COMMAND: POST /session/6cb315df952d16724b4cad26491b612d/elements - {"using":"xpath","value":"//button[@data-kt=\"addButton\"]"}
RESULT: {"using":"xpath","value":"//button[@data-kt=\"addButton\"]"}
COMMAND: POST /session/6cb315df952d16724b4cad26491b612d/elements - {"using":"css selector","value":"#shell-header-logo"}
RESULT: {"using":"css selector","value":"#shell-header-logo"}
COMMAND: POST /session/6cb315df952d16724b4cad26491b612d/elements - {"using":"xpath","value":"//button[@data-kt=\"addButton\"]"}
RESULT: {"using":"xpath","value":"//button[@data-kt=\"addButton\"]"}
COMMAND: POST /session/6cb315df952d16724b4cad26491b612d/elements - {"using":"css selector","value":"#shell-header-logo"}
RESULT: {"using":"css selector","value":"#shell-header-logo"}
COMMAND: POST /session/6cb315df952d16724b4cad26491b612d/elements - {"using":"xpath","value":"//button[@data-kt=\"addButton\"]"}
RESULT: {"using":"xpath","value":"//button[@data-kt=\"addButton\"]"}
COMMAND: POST /session/6cb315df952d16724b4cad26491b612d/elements - {"using":"css selector","value":"#shell-header-logo"}
RESULT: {"using":"css selector","value":"#shell-header-logo"}
COMMAND: POST /session/6cb315df952d16724b4cad26491b612d/elements - {"using":"xpath","value":"//button[@data-kt=\"addButton\"]"}
RESULT: {"using":"xpath","value":"//button[@data-kt=\"addButton\"]"}
COMMAND: POST /session/6cb315df952d16724b4cad26491b612d/elements - {"using":"css selector","value":"#shell-header-logo"}
RESULT: {"using":"css selector","value":"#shell-header-logo"}
COMMAND: POST /session/6cb315df952d16724b4cad26491b612d/elements - {"using":"xpath","value":"//button[@data-kt=\"addButton\"]"}
RESULT: {"using":"xpath","value":"//button[@data-kt=\"addButton\"]"}
COMMAND: POST /session/6cb315df952d16724b4cad26491b612d/elements - {"using":"css selector","value":"#shell-header-logo"}
RESULT: {"using":"css selector","value":"#shell-header-logo"}
COMMAND: POST /session/6cb315df952d16724b4cad26491b612d/elements - {"using":"xpath","value":"//button[@data-kt=\"addButton\"]"}
RESULT: {"using":"xpath","value":"//button[@data-kt=\"addButton\"]"}
COMMAND: POST /session/6cb315df952d16724b4cad26491b612d/elements - {"using":"css selector","value":"#shell-header-logo"}
RESULT: {"using":"css selector","value":"#shell-header-logo"}
COMMAND: POST /session/6cb315df952d16724b4cad26491b612d/elements - {"using":"xpath","value":"//button[@data-kt=\"addButton\"]"}
RESULT: {"using":"xpath","value":"//button[@data-kt=\"addButton\"]"}
COMMAND: POST /session/6cb315df952d16724b4cad26491b612d/elements - {"using":"css selector","value":"#shell-header-logo"}
RESULT: {"using":"css selector","value":"#shell-header-logo"}
COMMAND: POST /session/6cb315df952d16724b4cad26491b612d/elements - {"using":"xpath","value":"//button[@data-kt=\"addButton\"]"}
RESULT: {"using":"xpath","value":"//button[@data-kt=\"addButton\"]"}
COMMAND: POST /session/6cb315df952d16724b4cad26491b612d/elements - {"using":"css selector","value":"#shell-header-logo"}
RESULT: {"using":"css selector","value":"#shell-header-logo"}
COMMAND: POST /session/6cb315df952d16724b4cad26491b612d/elements - {"using":"xpath","value":"//button[@data-kt=\"addButton\"]"}
RESULT: {"using":"xpath","value":"//button[@data-kt=\"addButton\"]"}
COMMAND: POST /session/6cb315df952d16724b4cad26491b612d/elements - {"using":"css selector","value":"#shell-header-logo"}
RESULT: {"using":"css selector","value":"#shell-header-logo"}
COMMAND: POST /session/6cb315df952d16724b4cad26491b612d/elements - {"using":"xpath","value":"//button[@data-kt=\"addButton\"]"}
RESULT: {"using":"xpath","value":"//button[@data-kt=\"addButton\"]"}
COMMAND: POST /session/6cb315df952d16724b4cad26491b612d/elements - {"using":"css selector","value":"#shell-header-logo"}
RESULT: {"using":"css selector","value":"#shell-header-logo"}
COMMAND: POST /session/6cb315df952d16724b4cad26491b612d/elements - {"using":"xpath","value":"//button[@data-kt=\"addButton\"]"}
RESULT: {"using":"xpath","value":"//button[@data-kt=\"addButton\"]"}
COMMAND: POST /session/6cb315df952d16724b4cad26491b612d/elements - {"using":"css selector","value":"#shell-header-logo"}
RESULT: {"using":"css selector","value":"#shell-header-logo"}
COMMAND: POST /session/6cb315df952d16724b4cad26491b612d/elements - {"using":"xpath","value":"//button[@data-kt=\"addButton\"]"}
RESULT: {"using":"xpath","value":"//button[@data-kt=\"addButton\"]"}
COMMAND: POST /session/6cb315df952d16724b4cad26491b612d/elements - {"using":"css selector","value":"#shell-header-logo"}
RESULT: {"using":"css selector","value":"#shell-header-logo"}
COMMAND: POST /session/6cb315df952d16724b4cad26491b612d/elements - {"using":"xpath","value":"//button[@data-kt=\"addButton\"]"}
RESULT: {"using":"xpath","value":"//button[@data-kt=\"addButton\"]"}
COMMAND: POST /session/6cb315df952d16724b4cad26491b612d/elements - {"using":"css selector","value":"#shell-header-logo"}
RESULT: {"using":"css selector","value":"#shell-header-logo"}
COMMAND: POST /session/6cb315df952d16724b4cad26491b612d/elements - {"using":"xpath","value":"//button[@data-kt=\"addButton\"]"}
RESULT: {"using":"xpath","value":"//button[@data-kt=\"addButton\"]"}
COMMAND: POST /session/6cb315df952d16724b4cad26491b612d/elements - {"using":"css selector","value":"#shell-header-logo"}
RESULT: {"using":"css selector","value":"#shell-header-logo"}
COMMAND: POST /session/6cb315df952d16724b4cad26491b612d/elements - {"using":"xpath","value":"//button[@data-kt=\"addButton\"]"}
RESULT: {"using":"xpath","value":"//button[@data-kt=\"addButton\"]"}
COMMAND: POST /session/6cb315df952d16724b4cad26491b612d/elements - {"using":"css selector","value":"#shell-header-logo"}
RESULT: {"using":"css selector","value":"#shell-header-logo"}
COMMAND: POST /session/6cb315df952d16724b4cad26491b612d/elements - {"using":"xpath","value":"//button[@data-kt=\"addButton\"]"}
RESULT: {"using":"xpath","value":"//button[@data-kt=\"addButton\"]"}
COMMAND: POST /session/6cb315df952d16724b4cad26491b612d/elements - {"using":"css selector","value":"#shell-header-logo"}
RESULT: {"using":"css selector","value":"#shell-header-logo"}
COMMAND: POST /session/6cb315df952d16724b4cad26491b612d/elements - {"using":"xpath","value":"//button[@data-kt=\"addButton\"]"}
RESULT: {"using":"xpath","value":"//button[@data-kt=\"addButton\"]"}
COMMAND: POST /session/6cb315df952d16724b4cad26491b612d/elements - {"using":"css selector","value":"#shell-header-logo"}
RESULT: {"using":"css selector","value":"#shell-header-logo"}
COMMAND: POST /session/6cb315df952d16724b4cad26491b612d/elements - {"using":"xpath","value":"//button[@data-kt=\"addButton\"]"}
RESULT: {"using":"xpath","value":"//button[@data-kt=\"addButton\"]"}
COMMAND: POST /session/6cb315df952d16724b4cad26491b612d/elements - {"using":"css selector","value":"#shell-header-logo"}
RESULT: {"using":"css selector","value":"#shell-header-logo"}
COMMAND: POST /session/6cb315df952d16724b4cad26491b612d/elements - {"using":"xpath","value":"//button[@data-kt=\"addButton\"]"}
RESULT: {"using":"xpath","value":"//button[@data-kt=\"addButton\"]"}
COMMAND: POST /session/6cb315df952d16724b4cad26491b612d/elements - {"using":"css selector","value":"#shell-header-logo"}
RESULT: {"using":"css selector","value":"#shell-header-logo"}
COMMAND: POST /session/6cb315df952d16724b4cad26491b612d/elements - {"using":"xpath","value":"//button[@data-kt=\"addButton\"]"}
RESULT: {"using":"xpath","value":"//button[@data-kt=\"addButton\"]"}
COMMAND: POST /session/6cb315df952d16724b4cad26491b612d/elements - {"using":"css selector","value":"#shell-header-logo"}
RESULT: {"using":"css selector","value":"#shell-header-logo"}
COMMAND: POST /session/6cb315df952d16724b4cad26491b612d/elements - {"using":"xpath","value":"//button[@data-kt=\"addButton\"]"}
RESULT: {"using":"xpath","value":"//button[@data-kt=\"addButton\"]"}
COMMAND: POST /session/6cb315df952d16724b4cad26491b612d/elements - {"using":"css selector","value":"#shell-header-logo"}
RESULT: {"using":"css selector","value":"#shell-header-logo"}
COMMAND: POST /session/6cb315df952d16724b4cad26491b612d/elements - {"using":"xpath","value":"//button[@data-kt=\"addButton\"]"}
RESULT: {"using":"xpath","value":"//button[@data-kt=\"addButton\"]"}
COMMAND: POST /session/6cb315df952d16724b4cad26491b612d/elements - {"using":"css selector","value":"#shell-header-logo"}
RESULT: {"using":"css selector","value":"#shell-header-logo"}
COMMAND: POST /session/6cb315df952d16724b4cad26491b612d/elements - {"using":"xpath","value":"//button[@data-kt=\"addButton\"]"}
RESULT: {"using":"xpath","value":"//button[@data-kt=\"addButton\"]"}
COMMAND: POST /session/6cb315df952d16724b4cad26491b612d/elements - {"using":"css selector","value":"#shell-header-logo"}
RESULT: {"using":"css selector","value":"#shell-header-logo"}
COMMAND: POST /session/6cb315df952d16724b4cad26491b612d/elements - {"using":"xpath","value":"//button[@data-kt=\"addButton\"]"}
RESULT: {"using":"xpath","value":"//button[@data-kt=\"addButton\"]"}
COMMAND: POST /session/6cb315df952d16724b4cad26491b612d/elements - {"using":"css selector","value":"#shell-header-logo"}
RESULT: {"using":"css selector","value":"#shell-header-logo"}
COMMAND: POST /session/6cb315df952d16724b4cad26491b612d/elements - {"using":"xpath","value":"//button[@data-kt=\"addButton\"]"}
RESULT: {"using":"xpath","value":"//button[@data-kt=\"addButton\"]"}
COMMAND: POST /session/6cb315df952d16724b4cad26491b612d/elements - {"using":"css selector","value":"#shell-header-logo"}
RESULT: {"using":"css selector","value":"#shell-header-logo"}
COMMAND: POST /session/6cb315df952d16724b4cad26491b612d/elements - {"using":"xpath","value":"//button[@data-kt=\"addButton\"]"}
RESULT: {"using":"xpath","value":"//button[@data-kt=\"addButton\"]"}
COMMAND: POST /session/6cb315df952d16724b4cad26491b612d/elements - {"using":"css selector","value":"#shell-header-logo"}
RESULT: {"using":"css selector","value":"#shell-header-logo"}
COMMAND: POST /session/6cb315df952d16724b4cad26491b612d/elements - {"using":"xpath","value":"//button[@data-kt=\"addButton\"]"}
RESULT: {"using":"xpath","value":"//button[@data-kt=\"addButton\"]"}
COMMAND: POST /session/6cb315df952d16724b4cad26491b612d/elements - {"using":"css selector","value":"#shell-header-logo"}
RESULT: {"using":"css selector","value":"#shell-header-logo"}
COMMAND: POST /session/6cb315df952d16724b4cad26491b612d/elements - {"using":"xpath","value":"//button[@data-kt=\"addButton\"]"}
RESULT: {"using":"xpath","value":"//button[@data-kt=\"addButton\"]"}
COMMAND: POST /session/6cb315df952d16724b4cad26491b612d/elements - {"using":"css selector","value":"#shell-header-logo"}
RESULT: {"using":"css selector","value":"#shell-header-logo"}
COMMAND: POST /session/6cb315df952d16724b4cad26491b612d/elements - {"using":"xpath","value":"//button[@data-kt=\"addButton\"]"}
RESULT: {"using":"xpath","value":"//button[@data-kt=\"addButton\"]"}
COMMAND: POST /session/6cb315df952d16724b4cad26491b612d/elements - {"using":"css selector","value":"#shell-header-logo"}
RESULT: {"using":"css selector","value":"#shell-header-logo"}
COMMAND: POST /session/6cb315df952d16724b4cad26491b612d/elements - {"using":"xpath","value":"//button[@data-kt=\"addButton\"]"}
RESULT: {"using":"xpath","value":"//button[@data-kt=\"addButton\"]"}
COMMAND: POST /session/6cb315df952d16724b4cad26491b612d/elements - {"using":"css selector","value":"#shell-header-logo"}
RESULT: {"using":"css selector","value":"#shell-header-logo"}
COMMAND: POST /session/6cb315df952d16724b4cad26491b612d/elements - {"using":"xpath","value":"//button[@data-kt=\"addButton\"]"}
RESULT: {"using":"xpath","value":"//button[@data-kt=\"addButton\"]"}
COMMAND: POST /session/6cb315df952d16724b4cad26491b612d/elements - {"using":"css selector","value":"#shell-header-logo"}
RESULT: {"using":"css selector","value":"#shell-header-logo"}
COMMAND: POST /session/6cb315df952d16724b4cad26491b612d/elements - {"using":"xpath","value":"//button[@data-kt=\"addButton\"]"}
RESULT: {"using":"xpath","value":"//button[@data-kt=\"addButton\"]"}
COMMAND: POST /session/6cb315df952d16724b4cad26491b612d/elements - {"using":"css selector","value":"#shell-header-logo"}
RESULT: {"using":"css selector","value":"#shell-header-logo"}
COMMAND: POST /session/6cb315df952d16724b4cad26491b612d/elements - {"using":"xpath","value":"//button[@data-kt=\"addButton\"]"}
RESULT: {"using":"xpath","value":"//button[@data-kt=\"addButton\"]"}
COMMAND: POST /session/6cb315df952d16724b4cad26491b612d/elements - {"using":"css selector","value":"#shell-header-logo"}
RESULT: {"using":"css selector","value":"#shell-header-logo"}
COMMAND: POST /session/6cb315df952d16724b4cad26491b612d/elements - {"using":"xpath","value":"//button[@data-kt=\"addButton\"]"}
RESULT: {"using":"xpath","value":"//button[@data-kt=\"addButton\"]"}
COMMAND: POST /session/6cb315df952d16724b4cad26491b612d/elements - {"using":"css selector","value":"#shell-header-logo"}
RESULT: {"using":"css selector","value":"#shell-header-logo"}
COMMAND: POST /session/6cb315df952d16724b4cad26491b612d/elements - {"using":"xpath","value":"//button[@data-kt=\"addButton\"]"}
RESULT: {"using":"xpath","value":"//button[@data-kt=\"addButton\"]"}
COMMAND: POST /session/6cb315df952d16724b4cad26491b612d/elements - {"using":"css selector","value":"#shell-header-logo"}
RESULT: {"using":"css selector","value":"#shell-header-logo"}
COMMAND: POST /session/6cb315df952d16724b4cad26491b612d/elements - {"using":"xpath","value":"//button[@data-kt=\"addButton\"]"}
RESULT: {"using":"xpath","value":"//button[@data-kt=\"addButton\"]"}
COMMAND: POST /session/6cb315df952d16724b4cad26491b612d/elements - {"using":"css selector","value":"#shell-header-logo"}
RESULT: {"using":"css selector","value":"#shell-header-logo"}
COMMAND: POST /session/6cb315df952d16724b4cad26491b612d/elements - {"using":"xpath","value":"//button[@data-kt=\"addButton\"]"}
RESULT: {"using":"xpath","value":"//button[@data-kt=\"addButton\"]"}
COMMAND: POST /session/6cb315df952d16724b4cad26491b612d/elements - {"using":"css selector","value":"#shell-header-logo"}
RESULT: {"using":"css selector","value":"#shell-header-logo"}
COMMAND: POST /session/6cb315df952d16724b4cad26491b612d/elements - {"using":"xpath","value":"//button[@data-kt=\"addButton\"]"}
RESULT: {"using":"xpath","value":"//button[@data-kt=\"addButton\"]"}
COMMAND: POST /session/6cb315df952d16724b4cad26491b612d/elements - {"using":"css selector","value":"#shell-header-logo"}
RESULT: {"using":"css selector","value":"#shell-header-logo"}
COMMAND: POST /session/6cb315df952d16724b4cad26491b612d/elements - {"using":"xpath","value":"//button[@data-kt=\"addButton\"]"}
RESULT: {"using":"xpath","value":"//button[@data-kt=\"addButton\"]"}
COMMAND: POST /session/6cb315df952d16724b4cad26491b612d/elements - {"using":"css selector","value":"#shell-header-logo"}
RESULT: {"using":"css selector","value":"#shell-header-logo"}
COMMAND: POST /session/6cb315df952d16724b4cad26491b612d/elements - {"using":"xpath","value":"//button[@data-kt=\"addButton\"]"}
RESULT: {"using":"xpath","value":"//button[@data-kt=\"addButton\"]"}
COMMAND: POST /session/6cb315df952d16724b4cad26491b612d/elements - {"using":"css selector","value":"#shell-header-logo"}
RESULT: {"using":"css selector","value":"#shell-header-logo"}
COMMAND: POST /session/6cb315df952d16724b4cad26491b612d/elements - {"using":"xpath","value":"//button[@data-kt=\"addButton\"]"}
RESULT: {"using":"xpath","value":"//button[@data-kt=\"addButton\"]"}
COMMAND: POST /session/6cb315df952d16724b4cad26491b612d/elements - {"using":"css selector","value":"#shell-header-logo"}
RESULT: {"using":"css selector","value":"#shell-header-logo"}
COMMAND: POST /session/6cb315df952d16724b4cad26491b612d/elements - {"using":"xpath","value":"//button[@data-kt=\"addButton\"]"}
RESULT: {"using":"xpath","value":"//button[@data-kt=\"addButton\"]"}
COMMAND: POST /session/6cb315df952d16724b4cad26491b612d/elements - {"using":"css selector","value":"#shell-header-logo"}
RESULT: {"using":"css selector","value":"#shell-header-logo"}
COMMAND: POST /session/6cb315df952d16724b4cad26491b612d/elements - {"using":"xpath","value":"//button[@data-kt=\"addButton\"]"}
RESULT: {"using":"xpath","value":"//button[@data-kt=\"addButton\"]"}
COMMAND: POST /session/6cb315df952d16724b4cad26491b612d/elements - {"using":"css selector","value":"#shell-header-logo"}
RESULT: {"using":"css selector","value":"#shell-header-logo"}
COMMAND: POST /session/6cb315df952d16724b4cad26491b612d/elements - {"using":"xpath","value":"//button[@data-kt=\"addButton\"]"}
RESULT: {"using":"xpath","value":"//button[@data-kt=\"addButton\"]"}
COMMAND: POST /session/6cb315df952d16724b4cad26491b612d/elements - {"using":"css selector","value":"#shell-header-logo"}
RESULT: {"using":"css selector","value":"#shell-header-logo"}
COMMAND: POST /session/6cb315df952d16724b4cad26491b612d/elements - {"using":"xpath","value":"//button[@data-kt=\"addButton\"]"}
RESULT: {"using":"xpath","value":"//button[@data-kt=\"addButton\"]"}
COMMAND: POST /session/6cb315df952d16724b4cad26491b612d/elements - {"using":"css selector","value":"#shell-header-logo"}
RESULT: {"using":"css selector","value":"#shell-header-logo"}
COMMAND: POST /session/6cb315df952d16724b4cad26491b612d/elements - {"using":"xpath","value":"//button[@data-kt=\"addButton\"]"}
RESULT: {"using":"xpath","value":"//button[@data-kt=\"addButton\"]"}
COMMAND: POST /session/6cb315df952d16724b4cad26491b612d/elements - {"using":"css selector","value":"#shell-header-logo"}
RESULT: {"using":"css selector","value":"#shell-header-logo"}
COMMAND: POST /session/6cb315df952d16724b4cad26491b612d/elements - {"using":"xpath","value":"//button[@data-kt=\"addButton\"]"}
RESULT: {"using":"xpath","value":"//button[@data-kt=\"addButton\"]"}
COMMAND: POST /session/6cb315df952d16724b4cad26491b612d/elements - {"using":"css selector","value":"#shell-header-logo"}
RESULT: {"using":"css selector","value":"#shell-header-logo"}
COMMAND: POST /session/6cb315df952d16724b4cad26491b612d/elements - {"using":"xpath","value":"//button[@data-kt=\"addButton\"]"}
RESULT: {"using":"xpath","value":"//button[@data-kt=\"addButton\"]"}
COMMAND: POST /session/6cb315df952d16724b4cad26491b612d/elements - {"using":"css selector","value":"#shell-header-logo"}
RESULT: {"using":"css selector","value":"#shell-header-logo"}
COMMAND: POST /session/6cb315df952d16724b4cad26491b612d/elements - {"using":"xpath","value":"//button[@data-kt=\"addButton\"]"}
RESULT: {"using":"xpath","value":"//button[@data-kt=\"addButton\"]"}
COMMAND: POST /session/6cb315df952d16724b4cad26491b612d/elements - {"using":"css selector","value":"#shell-header-logo"}
RESULT: {"using":"css selector","value":"#shell-header-logo"}
COMMAND: POST /session/6cb315df952d16724b4cad26491b612d/elements - {"using":"xpath","value":"//button[@data-kt=\"addButton\"]"}
RESULT: {"using":"xpath","value":"//button[@data-kt=\"addButton\"]"}
COMMAND: POST /session/6cb315df952d16724b4cad26491b612d/elements - {"using":"css selector","value":"#shell-header-logo"}
RESULT: {"using":"css selector","value":"#shell-header-logo"}
COMMAND: POST /session/6cb315df952d16724b4cad26491b612d/elements - {"using":"xpath","value":"//button[@data-kt=\"addButton\"]"}
RESULT: {"using":"xpath","value":"//button[@data-kt=\"addButton\"]"}
COMMAND: POST /session/6cb315df952d16724b4cad26491b612d/elements - {"using":"css selector","value":"#shell-header-logo"}
RESULT: {"using":"css selector","value":"#shell-header-logo"}
COMMAND: POST /session/6cb315df952d16724b4cad26491b612d/elements - {"using":"xpath","value":"//button[@data-kt=\"addButton\"]"}
RESULT: {"using":"xpath","value":"//button[@data-kt=\"addButton\"]"}
COMMAND: POST /session/6cb315df952d16724b4cad26491b612d/elements - {"using":"css selector","value":"#shell-header-logo"}
RESULT: {"using":"css selector","value":"#shell-header-logo"}
COMMAND: POST /session/6cb315df952d16724b4cad26491b612d/elements - {"using":"xpath","value":"//button[@data-kt=\"addButton\"]"}
RESULT: {"using":"xpath","value":"//button[@data-kt=\"addButton\"]"}
COMMAND: GET /session/6cb315df952d16724b4cad26491b612d/screenshot - {}
RESULT: {}
]]></system-out>
      <system-err><![CDATA[
Error: element ("//button[@data-kt="addButton"]") still not existing after 45000ms
    at async UtilsPrerequisites.partnerEdit (D:\a\1\s\test\specs\BTS\prerequisites-and-utils-functions.js:3043:9)
    at async Context.<anonymous> (D:\a\1\s\test\specs\BTS\manage-partners.spec.js:348:9)
]]></system-err>
    </testcase>
    <testcase classname="chrome.136_0_7103_49.windows.Partner_specific_tests_US150819_US151080_US151654_US151176_US103444_US151078_US151079_US151109_US151174_US151175_US151189" name="Should create a new intercompany partner edit some of its fields US151078" time="88.526">
      <skipped />
      <system-out><![CDATA[
COMMAND: POST /session/6cb315df952d16724b4cad26491b612d/element - {"using":"xpath","value":"//li[.//span[text()=\"Manage Partners\"]]"}
COMMAND: GET /session/6cb315df952d16724b4cad26491b612d/screenshot - {}
RESULT: {"using":"xpath","value":"//li[.//span[text()=\"Manage Partners\"]]"}
COMMAND: POST /session/6cb315df952d16724b4cad26491b612d/element - {"using":"xpath","value":"//li[.//span[text()=\"Manage Partners\"]]"}
RESULT: {}
RESULT: {"using":"xpath","value":"//li[.//span[text()=\"Manage Partners\"]]"}
COMMAND: POST /session/6cb315df952d16724b4cad26491b612d/element - {"using":"css selector","value":"#shell-header-logo"}
RESULT: {"using":"css selector","value":"#shell-header-logo"}
COMMAND: POST /session/6cb315df952d16724b4cad26491b612d/elements - {"using":"css selector","value":"#shell-header-logo"}
COMMAND: POST /session/6cb315df952d16724b4cad26491b612d/element - {"using":"css selector","value":"#shell-header-logo"}
RESULT: {"using":"css selector","value":"#shell-header-logo"}
RESULT: {"using":"css selector","value":"#shell-header-logo"}
COMMAND: POST /session/6cb315df952d16724b4cad26491b612d/elements - {"using":"css selector","value":"#shell-header-logo"}
RESULT: {"using":"css selector","value":"#shell-header-logo"}
COMMAND: POST /session/6cb315df952d16724b4cad26491b612d/elements - {"using":"css selector","value":"#shell-header-logo"}
RESULT: {"using":"css selector","value":"#shell-header-logo"}
COMMAND: POST /session/6cb315df952d16724b4cad26491b612d/elements - {"using":"css selector","value":"#shell-header-logo"}
RESULT: {"using":"css selector","value":"#shell-header-logo"}
COMMAND: POST /session/6cb315df952d16724b4cad26491b612d/elements - {"using":"css selector","value":"#shell-header-logo"}
RESULT: {"using":"css selector","value":"#shell-header-logo"}
COMMAND: POST /session/6cb315df952d16724b4cad26491b612d/elements - {"using":"css selector","value":"#shell-header-logo"}
RESULT: {"using":"css selector","value":"#shell-header-logo"}
COMMAND: POST /session/6cb315df952d16724b4cad26491b612d/elements - {"using":"css selector","value":"#shell-header-logo"}
RESULT: {"using":"css selector","value":"#shell-header-logo"}
COMMAND: POST /session/6cb315df952d16724b4cad26491b612d/elements - {"using":"css selector","value":"#shell-header-logo"}
RESULT: {"using":"css selector","value":"#shell-header-logo"}
COMMAND: POST /session/6cb315df952d16724b4cad26491b612d/elements - {"using":"css selector","value":"#shell-header-logo"}
RESULT: {"using":"css selector","value":"#shell-header-logo"}
COMMAND: POST /session/6cb315df952d16724b4cad26491b612d/elements - {"using":"css selector","value":"#shell-header-logo"}
RESULT: {"using":"css selector","value":"#shell-header-logo"}
COMMAND: POST /session/6cb315df952d16724b4cad26491b612d/elements - {"using":"css selector","value":"#shell-header-logo"}
RESULT: {"using":"css selector","value":"#shell-header-logo"}
COMMAND: POST /session/6cb315df952d16724b4cad26491b612d/elements - {"using":"css selector","value":"#shell-header-logo"}
RESULT: {"using":"css selector","value":"#shell-header-logo"}
COMMAND: POST /session/6cb315df952d16724b4cad26491b612d/elements - {"using":"css selector","value":"#shell-header-logo"}
RESULT: {"using":"css selector","value":"#shell-header-logo"}
COMMAND: POST /session/6cb315df952d16724b4cad26491b612d/elements - {"using":"css selector","value":"#shell-header-logo"}
RESULT: {"using":"css selector","value":"#shell-header-logo"}
COMMAND: POST /session/6cb315df952d16724b4cad26491b612d/elements - {"using":"css selector","value":"#shell-header-logo"}
RESULT: {"using":"css selector","value":"#shell-header-logo"}
COMMAND: POST /session/6cb315df952d16724b4cad26491b612d/elements - {"using":"css selector","value":"#shell-header-logo"}
RESULT: {"using":"css selector","value":"#shell-header-logo"}
COMMAND: POST /session/6cb315df952d16724b4cad26491b612d/elements - {"using":"css selector","value":"#shell-header-logo"}
RESULT: {"using":"css selector","value":"#shell-header-logo"}
COMMAND: POST /session/6cb315df952d16724b4cad26491b612d/elements - {"using":"css selector","value":"#shell-header-logo"}
RESULT: {"using":"css selector","value":"#shell-header-logo"}
COMMAND: POST /session/6cb315df952d16724b4cad26491b612d/elements - {"using":"css selector","value":"#shell-header-logo"}
RESULT: {"using":"css selector","value":"#shell-header-logo"}
COMMAND: POST /session/6cb315df952d16724b4cad26491b612d/elements - {"using":"css selector","value":"#shell-header-logo"}
RESULT: {"using":"css selector","value":"#shell-header-logo"}
COMMAND: POST /session/6cb315df952d16724b4cad26491b612d/elements - {"using":"css selector","value":"#shell-header-logo"}
RESULT: {"using":"css selector","value":"#shell-header-logo"}
COMMAND: POST /session/6cb315df952d16724b4cad26491b612d/elements - {"using":"css selector","value":"#shell-header-logo"}
RESULT: {"using":"css selector","value":"#shell-header-logo"}
COMMAND: POST /session/6cb315df952d16724b4cad26491b612d/elements - {"using":"css selector","value":"#shell-header-logo"}
RESULT: {"using":"css selector","value":"#shell-header-logo"}
COMMAND: POST /session/6cb315df952d16724b4cad26491b612d/elements - {"using":"css selector","value":"#shell-header-logo"}
RESULT: {"using":"css selector","value":"#shell-header-logo"}
COMMAND: POST /session/6cb315df952d16724b4cad26491b612d/elements - {"using":"css selector","value":"#shell-header-logo"}
RESULT: {"using":"css selector","value":"#shell-header-logo"}
COMMAND: POST /session/6cb315df952d16724b4cad26491b612d/elements - {"using":"css selector","value":"#shell-header-logo"}
RESULT: {"using":"css selector","value":"#shell-header-logo"}
COMMAND: POST /session/6cb315df952d16724b4cad26491b612d/elements - {"using":"css selector","value":"#shell-header-logo"}
RESULT: {"using":"css selector","value":"#shell-header-logo"}
COMMAND: POST /session/6cb315df952d16724b4cad26491b612d/elements - {"using":"css selector","value":"#shell-header-logo"}
RESULT: {"using":"css selector","value":"#shell-header-logo"}
COMMAND: POST /session/6cb315df952d16724b4cad26491b612d/elements - {"using":"css selector","value":"#shell-header-logo"}
RESULT: {"using":"css selector","value":"#shell-header-logo"}
COMMAND: POST /session/6cb315df952d16724b4cad26491b612d/elements - {"using":"css selector","value":"#shell-header-logo"}
RESULT: {"using":"css selector","value":"#shell-header-logo"}
COMMAND: POST /session/6cb315df952d16724b4cad26491b612d/elements - {"using":"css selector","value":"#shell-header-logo"}
COMMAND: POST /session/6cb315df952d16724b4cad26491b612d/refresh - {}
RESULT: {"using":"css selector","value":"#shell-header-logo"}
COMMAND: POST /session/6cb315df952d16724b4cad26491b612d/elements - {"using":"css selector","value":"#shell-header-logo"}
RESULT: {}
COMMAND: GET /session/6cb315df952d16724b4cad26491b612d/screenshot - {}
RESULT: {"using":"css selector","value":"#shell-header-logo"}
COMMAND: POST /session/6cb315df952d16724b4cad26491b612d/elements - {"using":"css selector","value":"#shell-header-logo"}
RESULT: {}
RESULT: {"using":"css selector","value":"#shell-header-logo"}
COMMAND: POST /session/6cb315df952d16724b4cad26491b612d/elements - {"using":"css selector","value":"#shell-header-logo"}
RESULT: {"using":"css selector","value":"#shell-header-logo"}
COMMAND: POST /session/6cb315df952d16724b4cad26491b612d/elements - {"using":"css selector","value":"#shell-header-logo"}
RESULT: {"using":"css selector","value":"#shell-header-logo"}
COMMAND: POST /session/6cb315df952d16724b4cad26491b612d/elements - {"using":"css selector","value":"#shell-header-logo"}
RESULT: {"using":"css selector","value":"#shell-header-logo"}
COMMAND: POST /session/6cb315df952d16724b4cad26491b612d/elements - {"using":"css selector","value":"#shell-header-logo"}
RESULT: {"using":"css selector","value":"#shell-header-logo"}
COMMAND: POST /session/6cb315df952d16724b4cad26491b612d/elements - {"using":"css selector","value":"#shell-header-logo"}
RESULT: {"using":"css selector","value":"#shell-header-logo"}
COMMAND: POST /session/6cb315df952d16724b4cad26491b612d/elements - {"using":"css selector","value":"#shell-header-logo"}
RESULT: {"using":"css selector","value":"#shell-header-logo"}
COMMAND: POST /session/6cb315df952d16724b4cad26491b612d/elements - {"using":"css selector","value":"#shell-header-logo"}
RESULT: {"using":"css selector","value":"#shell-header-logo"}
COMMAND: POST /session/6cb315df952d16724b4cad26491b612d/elements - {"using":"css selector","value":"#shell-header-logo"}
RESULT: {"using":"css selector","value":"#shell-header-logo"}
COMMAND: POST /session/6cb315df952d16724b4cad26491b612d/elements - {"using":"css selector","value":"#shell-header-logo"}
RESULT: {"using":"css selector","value":"#shell-header-logo"}
COMMAND: POST /session/6cb315df952d16724b4cad26491b612d/elements - {"using":"css selector","value":"#shell-header-logo"}
RESULT: {"using":"css selector","value":"#shell-header-logo"}
COMMAND: POST /session/6cb315df952d16724b4cad26491b612d/elements - {"using":"css selector","value":"#shell-header-logo"}
RESULT: {"using":"css selector","value":"#shell-header-logo"}
COMMAND: POST /session/6cb315df952d16724b4cad26491b612d/elements - {"using":"css selector","value":"#shell-header-logo"}
RESULT: {"using":"css selector","value":"#shell-header-logo"}
COMMAND: POST /session/6cb315df952d16724b4cad26491b612d/elements - {"using":"css selector","value":"#shell-header-logo"}
RESULT: {"using":"css selector","value":"#shell-header-logo"}
COMMAND: POST /session/6cb315df952d16724b4cad26491b612d/elements - {"using":"css selector","value":"#shell-header-logo"}
RESULT: {"using":"css selector","value":"#shell-header-logo"}
COMMAND: POST /session/6cb315df952d16724b4cad26491b612d/elements - {"using":"css selector","value":"#shell-header-logo"}
RESULT: {"using":"css selector","value":"#shell-header-logo"}
COMMAND: POST /session/6cb315df952d16724b4cad26491b612d/elements - {"using":"css selector","value":"#shell-header-logo"}
RESULT: {"using":"css selector","value":"#shell-header-logo"}
COMMAND: POST /session/6cb315df952d16724b4cad26491b612d/elements - {"using":"css selector","value":"#shell-header-logo"}
RESULT: {"using":"css selector","value":"#shell-header-logo"}
COMMAND: POST /session/6cb315df952d16724b4cad26491b612d/elements - {"using":"css selector","value":"#shell-header-logo"}
RESULT: {"using":"css selector","value":"#shell-header-logo"}
COMMAND: POST /session/6cb315df952d16724b4cad26491b612d/elements - {"using":"css selector","value":"#shell-header-logo"}
RESULT: {"using":"css selector","value":"#shell-header-logo"}
COMMAND: POST /session/6cb315df952d16724b4cad26491b612d/refresh - {}
COMMAND: POST /session/6cb315df952d16724b4cad26491b612d/elements - {"using":"css selector","value":"#shell-header-logo"}
RESULT: {}
COMMAND: GET /session/6cb315df952d16724b4cad26491b612d/screenshot - {}
RESULT: {"using":"css selector","value":"#shell-header-logo"}
COMMAND: POST /session/6cb315df952d16724b4cad26491b612d/elements - {"using":"css selector","value":"#shell-header-logo"}
RESULT: {}
RESULT: {"using":"css selector","value":"#shell-header-logo"}
COMMAND: POST /session/6cb315df952d16724b4cad26491b612d/elements - {"using":"css selector","value":"#shell-header-logo"}
RESULT: {"using":"css selector","value":"#shell-header-logo"}
COMMAND: POST /session/6cb315df952d16724b4cad26491b612d/elements - {"using":"css selector","value":"#shell-header-logo"}
RESULT: {"using":"css selector","value":"#shell-header-logo"}
COMMAND: POST /session/6cb315df952d16724b4cad26491b612d/elements - {"using":"css selector","value":"#shell-header-logo"}
RESULT: {"using":"css selector","value":"#shell-header-logo"}
COMMAND: POST /session/6cb315df952d16724b4cad26491b612d/elements - {"using":"css selector","value":"#shell-header-logo"}
RESULT: {"using":"css selector","value":"#shell-header-logo"}
COMMAND: POST /session/6cb315df952d16724b4cad26491b612d/elements - {"using":"css selector","value":"#shell-header-logo"}
RESULT: {"using":"css selector","value":"#shell-header-logo"}
COMMAND: POST /session/6cb315df952d16724b4cad26491b612d/elements - {"using":"css selector","value":"#shell-header-logo"}
RESULT: {"using":"css selector","value":"#shell-header-logo"}
COMMAND: POST /session/6cb315df952d16724b4cad26491b612d/elements - {"using":"css selector","value":"#shell-header-logo"}
RESULT: {"using":"css selector","value":"#shell-header-logo"}
COMMAND: POST /session/6cb315df952d16724b4cad26491b612d/elements - {"using":"css selector","value":"#shell-header-logo"}
RESULT: {"using":"css selector","value":"#shell-header-logo"}
COMMAND: POST /session/6cb315df952d16724b4cad26491b612d/elements - {"using":"css selector","value":"#shell-header-logo"}
RESULT: {"using":"css selector","value":"#shell-header-logo"}
COMMAND: POST /session/6cb315df952d16724b4cad26491b612d/elements - {"using":"css selector","value":"#shell-header-logo"}
RESULT: {"using":"css selector","value":"#shell-header-logo"}
COMMAND: POST /session/6cb315df952d16724b4cad26491b612d/elements - {"using":"css selector","value":"#shell-header-logo"}
RESULT: {"using":"css selector","value":"#shell-header-logo"}
COMMAND: POST /session/6cb315df952d16724b4cad26491b612d/elements - {"using":"css selector","value":"#shell-header-logo"}
RESULT: {"using":"css selector","value":"#shell-header-logo"}
COMMAND: POST /session/6cb315df952d16724b4cad26491b612d/elements - {"using":"css selector","value":"#shell-header-logo"}
RESULT: {"using":"css selector","value":"#shell-header-logo"}
COMMAND: POST /session/6cb315df952d16724b4cad26491b612d/elements - {"using":"css selector","value":"#shell-header-logo"}
RESULT: {"using":"css selector","value":"#shell-header-logo"}
COMMAND: POST /session/6cb315df952d16724b4cad26491b612d/elements - {"using":"css selector","value":"#shell-header-logo"}
RESULT: {"using":"css selector","value":"#shell-header-logo"}
COMMAND: POST /session/6cb315df952d16724b4cad26491b612d/elements - {"using":"css selector","value":"#shell-header-logo"}
RESULT: {"using":"css selector","value":"#shell-header-logo"}
COMMAND: POST /session/6cb315df952d16724b4cad26491b612d/elements - {"using":"css selector","value":"#shell-header-logo"}
RESULT: {"using":"css selector","value":"#shell-header-logo"}
COMMAND: POST /session/6cb315df952d16724b4cad26491b612d/elements - {"using":"css selector","value":"#shell-header-logo"}
RESULT: {"using":"css selector","value":"#shell-header-logo"}
COMMAND: POST /session/6cb315df952d16724b4cad26491b612d/elements - {"using":"css selector","value":"#shell-header-logo"}
RESULT: {"using":"css selector","value":"#shell-header-logo"}
COMMAND: POST /session/6cb315df952d16724b4cad26491b612d/elements - {"using":"css selector","value":"#shell-header-logo"}
RESULT: {"using":"css selector","value":"#shell-header-logo"}
COMMAND: POST /session/6cb315df952d16724b4cad26491b612d/window/fullscreen - {}
RESULT: {}
COMMAND: POST /session/6cb315df952d16724b4cad26491b612d/elements - {"using":"css selector","value":"#shell-header-logo"}
RESULT: {"using":"css selector","value":"#shell-header-logo"}
COMMAND: POST /session/6cb315df952d16724b4cad26491b612d/elements - {"using":"css selector","value":"#shell-header-logo"}
RESULT: {"using":"css selector","value":"#shell-header-logo"}
COMMAND: POST /session/6cb315df952d16724b4cad26491b612d/elements - {"using":"css selector","value":"#shell-header-logo"}
RESULT: {"using":"css selector","value":"#shell-header-logo"}
COMMAND: POST /session/6cb315df952d16724b4cad26491b612d/elements - {"using":"css selector","value":"#shell-header-logo"}
RESULT: {"using":"css selector","value":"#shell-header-logo"}
COMMAND: POST /session/6cb315df952d16724b4cad26491b612d/elements - {"using":"css selector","value":"#shell-header-logo"}
RESULT: {"using":"css selector","value":"#shell-header-logo"}
COMMAND: POST /session/6cb315df952d16724b4cad26491b612d/elements - {"using":"css selector","value":"#shell-header-logo"}
RESULT: {"using":"css selector","value":"#shell-header-logo"}
COMMAND: POST /session/6cb315df952d16724b4cad26491b612d/elements - {"using":"css selector","value":"#shell-header-logo"}
RESULT: {"using":"css selector","value":"#shell-header-logo"}
COMMAND: POST /session/6cb315df952d16724b4cad26491b612d/elements - {"using":"css selector","value":"#shell-header-logo"}
RESULT: {"using":"css selector","value":"#shell-header-logo"}
COMMAND: POST /session/6cb315df952d16724b4cad26491b612d/elements - {"using":"css selector","value":"#shell-header-logo"}
RESULT: {"using":"css selector","value":"#shell-header-logo"}
COMMAND: POST /session/6cb315df952d16724b4cad26491b612d/elements - {"using":"css selector","value":"#shell-header-logo"}
RESULT: {"using":"css selector","value":"#shell-header-logo"}
COMMAND: POST /session/6cb315df952d16724b4cad26491b612d/execute/async - {"script":"<script> [189 bytes]","args":[]}
RESULT: {"script":"<script> [189 bytes]","args":[]}
COMMAND: POST /session/6cb315df952d16724b4cad26491b612d/execute/async - {"script":"<script> [123 bytes]","args":[]}
RESULT: {"script":"<script> [123 bytes]","args":[]}
COMMAND: POST /session/6cb315df952d16724b4cad26491b612d/timeouts - {"script":"<number>"}
RESULT: {"script":"<number>"}
COMMAND: GET /session/6cb315df952d16724b4cad26491b612d/timeouts - {}
RESULT: {}
RESULT: undefined
COMMAND: POST /session/6cb315df952d16724b4cad26491b612d/execute/async - {"script":"<script> [2676 bytes]","args":[]}
RESULT: {"script":"<script> [2676 bytes]","args":[]}
COMMAND: POST /session/6cb315df952d16724b4cad26491b612d/execute/async - {"script":"<script> [2342 bytes]","args":[{"protocol":"http","hostname":"0.0.0.0","path":"/","capabilities":{"browserName":"chrome","goog:chromeOptions":{"binary":"C:\\Program Files\\Google\\Chrome\\Application\\chrome.exe","args":["--start-maximized"]}},"logLevel":"warn","connectionRetryTimeout":120000,"connectionRetryCount":3,"logLevels":{},"enableDirectConnect":true,"strictSSL":true,"_":"65 more keys: [\"cacheDir\",\"port\",\"requestedCapabilities\",\"automationProtocol\",\"baseUrl\",\"waitforInterval\",\"waitforTimeout\",\"onReload\",\"beforeCommand\",\"afterCommand\",\"rootDir\",\"specs\",\"suites\",\"exclude\",\"groupLogsByTestSpec\",\"excludeDriverLogs\",\"bail\",\"framework\",\"reporters\",\"services\",\"maxInstances\",\"maxInstancesPerCapability\",\"injectGlobals\",\"filesToWatch\",\"execArgv\",\"runnerEnv\",\"runner\",\"shard\",\"specFileRetries\",\"specFileRetriesDelay\",\"specFileRetriesDeferred\",\"reporterSyncInterval\",\"reporterSyncTimeout\",\"cucumberFeaturesWithLineNumbers\",\"autoCompileOpts\",\"mochaOpts\",\"jasmineOpts\",\"cucumberOpts\",\"onPrepare\",\"onWorkerStart\",\"onWorkerEnd\",\"before\",\"beforeSession\",\"beforeSuite\",\"beforeHook\",\"beforeTest\",\"afterTest\",\"afterHook\",\"afterSuite\",\"afterSession\",\"after\",\"onComplete\",\"beforeAssertion\",\"afterAssertion\",\"beforeFeature\",\"beforeScenario\",\"beforeStep\",\"afterStep\",\"afterScenario\",\"afterFeature\",\"_\",\"suite\",\"$0\",\"ignoredWorkerServices\",\"wdi5\"]"}]}
RESULT: {"script":"<script> [2342 bytes]","args":[{"protocol":"http","hostname":"0.0.0.0","path":"/","capabilities":{"browserName":"chrome","goog:chromeOptions":{"binary":"C:\\Program Files\\Google\\Chrome\\Application\\chrome.exe","args":["--start-maximized"]}},"logLevel":"warn","connectionRetryTimeout":120000,"connectionRetryCount":3,"logLevels":{},"enableDirectConnect":true,"strictSSL":true,"_":"65 more keys: [\"cacheDir\",\"port\",\"requestedCapabilities\",\"automationProtocol\",\"baseUrl\",\"waitforInterval\",\"waitforTimeout\",\"onReload\",\"beforeCommand\",\"afterCommand\",\"rootDir\",\"specs\",\"suites\",\"exclude\",\"groupLogsByTestSpec\",\"excludeDriverLogs\",\"bail\",\"framework\",\"reporters\",\"services\",\"maxInstances\",\"maxInstancesPerCapability\",\"injectGlobals\",\"filesToWatch\",\"execArgv\",\"runnerEnv\",\"runner\",\"shard\",\"specFileRetries\",\"specFileRetriesDelay\",\"specFileRetriesDeferred\",\"reporterSyncInterval\",\"reporterSyncTimeout\",\"cucumberFeaturesWithLineNumbers\",\"autoCompileOpts\",\"mochaOpts\",\"jasmineOpts\",\"cucumberOpts\",\"onPrepare\",\"onWorkerStart\",\"onWorkerEnd\",\"before\",\"beforeSession\",\"beforeSuite\",\"beforeHook\",\"beforeTest\",\"afterTest\",\"afterHook\",\"afterSuite\",\"afterSession\",\"after\",\"onComplete\",\"beforeAssertion\",\"afterAssertion\",\"beforeFeature\",\"beforeScenario\",\"beforeStep\",\"afterStep\",\"afterScenario\",\"afterFeature\",\"_\",\"suite\",\"$0\",\"ignoredWorkerServices\",\"wdi5\"]"}]}
COMMAND: POST /session/6cb315df952d16724b4cad26491b612d/execute/async - {"script":"<script> [21126 bytes]","args":[35000]}
COMMAND: POST /session/6cb315df952d16724b4cad26491b612d/elements - {"using":"css selector","value":"#shell-header-logo"}
RESULT: {"script":"<script> [21126 bytes]","args":[35000]}
RESULT: {"using":"css selector","value":"#shell-header-logo"}
COMMAND: POST /session/6cb315df952d16724b4cad26491b612d/elements - {"using":"css selector","value":"#shell-header-logo"}
RESULT: {"using":"css selector","value":"#shell-header-logo"}
COMMAND: POST /session/6cb315df952d16724b4cad26491b612d/elements - {"using":"css selector","value":"#shell-header-logo"}
RESULT: {"using":"css selector","value":"#shell-header-logo"}
COMMAND: POST /session/6cb315df952d16724b4cad26491b612d/elements - {"using":"css selector","value":"#shell-header-logo"}
RESULT: {"using":"css selector","value":"#shell-header-logo"}
COMMAND: POST /session/6cb315df952d16724b4cad26491b612d/elements - {"using":"css selector","value":"#shell-header-logo"}
RESULT: {"using":"css selector","value":"#shell-header-logo"}
COMMAND: POST /session/6cb315df952d16724b4cad26491b612d/elements - {"using":"css selector","value":"#shell-header-logo"}
RESULT: {"using":"css selector","value":"#shell-header-logo"}
COMMAND: POST /session/6cb315df952d16724b4cad26491b612d/elements - {"using":"css selector","value":"#shell-header-logo"}
RESULT: {"using":"css selector","value":"#shell-header-logo"}
COMMAND: POST /session/6cb315df952d16724b4cad26491b612d/elements - {"using":"css selector","value":"#shell-header-logo"}
RESULT: {"using":"css selector","value":"#shell-header-logo"}
COMMAND: POST /session/6cb315df952d16724b4cad26491b612d/elements - {"using":"css selector","value":"#shell-header-logo"}
RESULT: {"using":"css selector","value":"#shell-header-logo"}
COMMAND: POST /session/6cb315df952d16724b4cad26491b612d/elements - {"using":"css selector","value":"#shell-header-logo"}
RESULT: {"using":"css selector","value":"#shell-header-logo"}
COMMAND: POST /session/6cb315df952d16724b4cad26491b612d/elements - {"using":"css selector","value":"#shell-header-logo"}
RESULT: {"using":"css selector","value":"#shell-header-logo"}
COMMAND: POST /session/6cb315df952d16724b4cad26491b612d/window/fullscreen - {}
COMMAND: POST /session/6cb315df952d16724b4cad26491b612d/elements - {"using":"css selector","value":"#shell-header-logo"}
RESULT: {}
COMMAND: POST /session/6cb315df952d16724b4cad26491b612d/window/fullscreen - {}
RESULT: {"using":"css selector","value":"#shell-header-logo"}
RESULT: {}
COMMAND: POST /session/6cb315df952d16724b4cad26491b612d/execute/async - {"script":"<script> [1562 bytes]","args":[{"selector":{"controlType":"sap.m.GenericTile","properties":{"header":"Manage Partners"}},"wdio_ui5_key":"sapm.GenericTile{\"header\":\"Manage Partners\"}"}]}
COMMAND: POST /session/6cb315df952d16724b4cad26491b612d/elements - {"using":"css selector","value":"#shell-header-logo"}
RESULT: {"script":"<script> [1562 bytes]","args":[{"selector":{"controlType":"sap.m.GenericTile","properties":{"header":"Manage Partners"}},"wdio_ui5_key":"sapm.GenericTile{\"header\":\"Manage Partners\"}"}]}
RESULT: undefined
COMMAND: POST /session/6cb315df952d16724b4cad26491b612d/element - {"using":"xpath","value":"//button[@data-kt=\"addButton\"]"}
RESULT: {"using":"css selector","value":"#shell-header-logo"}
RESULT: {"using":"xpath","value":"//button[@data-kt=\"addButton\"]"}
COMMAND: POST /session/6cb315df952d16724b4cad26491b612d/elements - {"using":"xpath","value":"//button[@data-kt=\"addButton\"]"}
RESULT: {"using":"xpath","value":"//button[@data-kt=\"addButton\"]"}
COMMAND: POST /session/6cb315df952d16724b4cad26491b612d/elements - {"using":"css selector","value":"#shell-header-logo"}
RESULT: {"using":"css selector","value":"#shell-header-logo"}
COMMAND: POST /session/6cb315df952d16724b4cad26491b612d/elements - {"using":"xpath","value":"//button[@data-kt=\"addButton\"]"}
RESULT: {"using":"xpath","value":"//button[@data-kt=\"addButton\"]"}
COMMAND: POST /session/6cb315df952d16724b4cad26491b612d/elements - {"using":"css selector","value":"#shell-header-logo"}
RESULT: {"using":"css selector","value":"#shell-header-logo"}
COMMAND: POST /session/6cb315df952d16724b4cad26491b612d/elements - {"using":"xpath","value":"//button[@data-kt=\"addButton\"]"}
RESULT: {"using":"xpath","value":"//button[@data-kt=\"addButton\"]"}
COMMAND: POST /session/6cb315df952d16724b4cad26491b612d/elements - {"using":"css selector","value":"#shell-header-logo"}
RESULT: {"using":"css selector","value":"#shell-header-logo"}
COMMAND: POST /session/6cb315df952d16724b4cad26491b612d/elements - {"using":"xpath","value":"//button[@data-kt=\"addButton\"]"}
RESULT: {"using":"xpath","value":"//button[@data-kt=\"addButton\"]"}
COMMAND: POST /session/6cb315df952d16724b4cad26491b612d/elements - {"using":"css selector","value":"#shell-header-logo"}
RESULT: {"using":"css selector","value":"#shell-header-logo"}
COMMAND: POST /session/6cb315df952d16724b4cad26491b612d/elements - {"using":"xpath","value":"//button[@data-kt=\"addButton\"]"}
RESULT: {"using":"xpath","value":"//button[@data-kt=\"addButton\"]"}
COMMAND: POST /session/6cb315df952d16724b4cad26491b612d/elements - {"using":"css selector","value":"#shell-header-logo"}
RESULT: {"using":"css selector","value":"#shell-header-logo"}
COMMAND: POST /session/6cb315df952d16724b4cad26491b612d/elements - {"using":"xpath","value":"//button[@data-kt=\"addButton\"]"}
RESULT: {"using":"xpath","value":"//button[@data-kt=\"addButton\"]"}
COMMAND: POST /session/6cb315df952d16724b4cad26491b612d/elements - {"using":"css selector","value":"#shell-header-logo"}
RESULT: {"using":"css selector","value":"#shell-header-logo"}
COMMAND: POST /session/6cb315df952d16724b4cad26491b612d/elements - {"using":"xpath","value":"//button[@data-kt=\"addButton\"]"}
RESULT: {"using":"xpath","value":"//button[@data-kt=\"addButton\"]"}
COMMAND: POST /session/6cb315df952d16724b4cad26491b612d/elements - {"using":"css selector","value":"#shell-header-logo"}
RESULT: {"using":"css selector","value":"#shell-header-logo"}
COMMAND: POST /session/6cb315df952d16724b4cad26491b612d/elements - {"using":"xpath","value":"//button[@data-kt=\"addButton\"]"}
RESULT: {"using":"xpath","value":"//button[@data-kt=\"addButton\"]"}
COMMAND: POST /session/6cb315df952d16724b4cad26491b612d/elements - {"using":"css selector","value":"#shell-header-logo"}
RESULT: {"using":"css selector","value":"#shell-header-logo"}
COMMAND: POST /session/6cb315df952d16724b4cad26491b612d/elements - {"using":"xpath","value":"//button[@data-kt=\"addButton\"]"}
RESULT: {"using":"xpath","value":"//button[@data-kt=\"addButton\"]"}
COMMAND: POST /session/6cb315df952d16724b4cad26491b612d/elements - {"using":"css selector","value":"#shell-header-logo"}
RESULT: {"using":"css selector","value":"#shell-header-logo"}
COMMAND: POST /session/6cb315df952d16724b4cad26491b612d/elements - {"using":"xpath","value":"//button[@data-kt=\"addButton\"]"}
RESULT: {"using":"xpath","value":"//button[@data-kt=\"addButton\"]"}
COMMAND: POST /session/6cb315df952d16724b4cad26491b612d/elements - {"using":"css selector","value":"#shell-header-logo"}
RESULT: {"using":"css selector","value":"#shell-header-logo"}
COMMAND: POST /session/6cb315df952d16724b4cad26491b612d/elements - {"using":"xpath","value":"//button[@data-kt=\"addButton\"]"}
RESULT: {"using":"xpath","value":"//button[@data-kt=\"addButton\"]"}
COMMAND: POST /session/6cb315df952d16724b4cad26491b612d/elements - {"using":"css selector","value":"#shell-header-logo"}
RESULT: {"using":"css selector","value":"#shell-header-logo"}
COMMAND: POST /session/6cb315df952d16724b4cad26491b612d/elements - {"using":"xpath","value":"//button[@data-kt=\"addButton\"]"}
RESULT: {"using":"xpath","value":"//button[@data-kt=\"addButton\"]"}
COMMAND: POST /session/6cb315df952d16724b4cad26491b612d/elements - {"using":"css selector","value":"#shell-header-logo"}
RESULT: {"using":"css selector","value":"#shell-header-logo"}
COMMAND: POST /session/6cb315df952d16724b4cad26491b612d/elements - {"using":"xpath","value":"//button[@data-kt=\"addButton\"]"}
RESULT: {"using":"xpath","value":"//button[@data-kt=\"addButton\"]"}
COMMAND: POST /session/6cb315df952d16724b4cad26491b612d/elements - {"using":"css selector","value":"#shell-header-logo"}
RESULT: {"using":"css selector","value":"#shell-header-logo"}
COMMAND: POST /session/6cb315df952d16724b4cad26491b612d/elements - {"using":"xpath","value":"//button[@data-kt=\"addButton\"]"}
RESULT: {"using":"xpath","value":"//button[@data-kt=\"addButton\"]"}
COMMAND: POST /session/6cb315df952d16724b4cad26491b612d/elements - {"using":"css selector","value":"#shell-header-logo"}
RESULT: {"using":"css selector","value":"#shell-header-logo"}
COMMAND: POST /session/6cb315df952d16724b4cad26491b612d/elements - {"using":"xpath","value":"//button[@data-kt=\"addButton\"]"}
RESULT: {"using":"xpath","value":"//button[@data-kt=\"addButton\"]"}
COMMAND: POST /session/6cb315df952d16724b4cad26491b612d/elements - {"using":"css selector","value":"#shell-header-logo"}
RESULT: {"using":"css selector","value":"#shell-header-logo"}
COMMAND: POST /session/6cb315df952d16724b4cad26491b612d/elements - {"using":"xpath","value":"//button[@data-kt=\"addButton\"]"}
RESULT: {"using":"xpath","value":"//button[@data-kt=\"addButton\"]"}
COMMAND: POST /session/6cb315df952d16724b4cad26491b612d/elements - {"using":"css selector","value":"#shell-header-logo"}
RESULT: {"using":"css selector","value":"#shell-header-logo"}
COMMAND: POST /session/6cb315df952d16724b4cad26491b612d/elements - {"using":"xpath","value":"//button[@data-kt=\"addButton\"]"}
RESULT: {"using":"xpath","value":"//button[@data-kt=\"addButton\"]"}
COMMAND: POST /session/6cb315df952d16724b4cad26491b612d/elements - {"using":"css selector","value":"#shell-header-logo"}
RESULT: {"using":"css selector","value":"#shell-header-logo"}
COMMAND: POST /session/6cb315df952d16724b4cad26491b612d/elements - {"using":"xpath","value":"//button[@data-kt=\"addButton\"]"}
RESULT: {"using":"xpath","value":"//button[@data-kt=\"addButton\"]"}
COMMAND: POST /session/6cb315df952d16724b4cad26491b612d/elements - {"using":"css selector","value":"#shell-header-logo"}
RESULT: {"using":"css selector","value":"#shell-header-logo"}
COMMAND: POST /session/6cb315df952d16724b4cad26491b612d/elements - {"using":"xpath","value":"//button[@data-kt=\"addButton\"]"}
RESULT: {"using":"xpath","value":"//button[@data-kt=\"addButton\"]"}
COMMAND: POST /session/6cb315df952d16724b4cad26491b612d/elements - {"using":"css selector","value":"#shell-header-logo"}
RESULT: {"using":"css selector","value":"#shell-header-logo"}
COMMAND: POST /session/6cb315df952d16724b4cad26491b612d/elements - {"using":"xpath","value":"//button[@data-kt=\"addButton\"]"}
RESULT: {"using":"xpath","value":"//button[@data-kt=\"addButton\"]"}
COMMAND: POST /session/6cb315df952d16724b4cad26491b612d/elements - {"using":"css selector","value":"#shell-header-logo"}
RESULT: {"using":"css selector","value":"#shell-header-logo"}
COMMAND: POST /session/6cb315df952d16724b4cad26491b612d/elements - {"using":"xpath","value":"//button[@data-kt=\"addButton\"]"}
RESULT: {"using":"xpath","value":"//button[@data-kt=\"addButton\"]"}
COMMAND: POST /session/6cb315df952d16724b4cad26491b612d/elements - {"using":"css selector","value":"#shell-header-logo"}
RESULT: {"using":"css selector","value":"#shell-header-logo"}
COMMAND: POST /session/6cb315df952d16724b4cad26491b612d/elements - {"using":"xpath","value":"//button[@data-kt=\"addButton\"]"}
RESULT: {"using":"xpath","value":"//button[@data-kt=\"addButton\"]"}
COMMAND: POST /session/6cb315df952d16724b4cad26491b612d/elements - {"using":"css selector","value":"#shell-header-logo"}
RESULT: {"using":"css selector","value":"#shell-header-logo"}
COMMAND: POST /session/6cb315df952d16724b4cad26491b612d/elements - {"using":"xpath","value":"//button[@data-kt=\"addButton\"]"}
RESULT: {"using":"xpath","value":"//button[@data-kt=\"addButton\"]"}
COMMAND: POST /session/6cb315df952d16724b4cad26491b612d/elements - {"using":"css selector","value":"#shell-header-logo"}
RESULT: {"using":"css selector","value":"#shell-header-logo"}
COMMAND: POST /session/6cb315df952d16724b4cad26491b612d/elements - {"using":"xpath","value":"//button[@data-kt=\"addButton\"]"}
RESULT: {"using":"xpath","value":"//button[@data-kt=\"addButton\"]"}
COMMAND: POST /session/6cb315df952d16724b4cad26491b612d/elements - {"using":"css selector","value":"#shell-header-logo"}
RESULT: {"using":"css selector","value":"#shell-header-logo"}
COMMAND: POST /session/6cb315df952d16724b4cad26491b612d/elements - {"using":"xpath","value":"//button[@data-kt=\"addButton\"]"}
RESULT: {"using":"xpath","value":"//button[@data-kt=\"addButton\"]"}
COMMAND: POST /session/6cb315df952d16724b4cad26491b612d/elements - {"using":"css selector","value":"#shell-header-logo"}
RESULT: {"using":"css selector","value":"#shell-header-logo"}
COMMAND: POST /session/6cb315df952d16724b4cad26491b612d/elements - {"using":"xpath","value":"//button[@data-kt=\"addButton\"]"}
RESULT: {"using":"xpath","value":"//button[@data-kt=\"addButton\"]"}
COMMAND: POST /session/6cb315df952d16724b4cad26491b612d/elements - {"using":"css selector","value":"#shell-header-logo"}
RESULT: {"using":"css selector","value":"#shell-header-logo"}
COMMAND: POST /session/6cb315df952d16724b4cad26491b612d/elements - {"using":"xpath","value":"//button[@data-kt=\"addButton\"]"}
RESULT: {"using":"xpath","value":"//button[@data-kt=\"addButton\"]"}
COMMAND: POST /session/6cb315df952d16724b4cad26491b612d/elements - {"using":"css selector","value":"#shell-header-logo"}
RESULT: {"using":"css selector","value":"#shell-header-logo"}
COMMAND: POST /session/6cb315df952d16724b4cad26491b612d/elements - {"using":"xpath","value":"//button[@data-kt=\"addButton\"]"}
RESULT: {"using":"xpath","value":"//button[@data-kt=\"addButton\"]"}
COMMAND: POST /session/6cb315df952d16724b4cad26491b612d/elements - {"using":"css selector","value":"#shell-header-logo"}
RESULT: {"using":"css selector","value":"#shell-header-logo"}
COMMAND: POST /session/6cb315df952d16724b4cad26491b612d/elements - {"using":"xpath","value":"//button[@data-kt=\"addButton\"]"}
RESULT: {"using":"xpath","value":"//button[@data-kt=\"addButton\"]"}
COMMAND: POST /session/6cb315df952d16724b4cad26491b612d/elements - {"using":"css selector","value":"#shell-header-logo"}
RESULT: {"using":"css selector","value":"#shell-header-logo"}
COMMAND: POST /session/6cb315df952d16724b4cad26491b612d/elements - {"using":"xpath","value":"//button[@data-kt=\"addButton\"]"}
RESULT: {"using":"xpath","value":"//button[@data-kt=\"addButton\"]"}
COMMAND: POST /session/6cb315df952d16724b4cad26491b612d/elements - {"using":"css selector","value":"#shell-header-logo"}
RESULT: {"using":"css selector","value":"#shell-header-logo"}
COMMAND: POST /session/6cb315df952d16724b4cad26491b612d/elements - {"using":"xpath","value":"//button[@data-kt=\"addButton\"]"}
RESULT: {"using":"xpath","value":"//button[@data-kt=\"addButton\"]"}
COMMAND: POST /session/6cb315df952d16724b4cad26491b612d/elements - {"using":"css selector","value":"#shell-header-logo"}
RESULT: {"using":"css selector","value":"#shell-header-logo"}
COMMAND: POST /session/6cb315df952d16724b4cad26491b612d/elements - {"using":"xpath","value":"//button[@data-kt=\"addButton\"]"}
RESULT: {"using":"xpath","value":"//button[@data-kt=\"addButton\"]"}
COMMAND: POST /session/6cb315df952d16724b4cad26491b612d/elements - {"using":"css selector","value":"#shell-header-logo"}
RESULT: {"using":"css selector","value":"#shell-header-logo"}
COMMAND: POST /session/6cb315df952d16724b4cad26491b612d/elements - {"using":"xpath","value":"//button[@data-kt=\"addButton\"]"}
RESULT: {"using":"xpath","value":"//button[@data-kt=\"addButton\"]"}
COMMAND: POST /session/6cb315df952d16724b4cad26491b612d/elements - {"using":"css selector","value":"#shell-header-logo"}
RESULT: {"using":"css selector","value":"#shell-header-logo"}
COMMAND: POST /session/6cb315df952d16724b4cad26491b612d/elements - {"using":"xpath","value":"//button[@data-kt=\"addButton\"]"}
RESULT: {"using":"xpath","value":"//button[@data-kt=\"addButton\"]"}
COMMAND: POST /session/6cb315df952d16724b4cad26491b612d/elements - {"using":"css selector","value":"#shell-header-logo"}
RESULT: {"using":"css selector","value":"#shell-header-logo"}
COMMAND: POST /session/6cb315df952d16724b4cad26491b612d/elements - {"using":"xpath","value":"//button[@data-kt=\"addButton\"]"}
RESULT: {"using":"xpath","value":"//button[@data-kt=\"addButton\"]"}
COMMAND: POST /session/6cb315df952d16724b4cad26491b612d/elements - {"using":"xpath","value":"//button[@data-kt=\"addButton\"]"}
RESULT: {"using":"xpath","value":"//button[@data-kt=\"addButton\"]"}
COMMAND: POST /session/6cb315df952d16724b4cad26491b612d/elements - {"using":"xpath","value":"//button[@data-kt=\"addButton\"]"}
RESULT: {"using":"xpath","value":"//button[@data-kt=\"addButton\"]"}
COMMAND: POST /session/6cb315df952d16724b4cad26491b612d/elements - {"using":"xpath","value":"//button[@data-kt=\"addButton\"]"}
RESULT: {"using":"xpath","value":"//button[@data-kt=\"addButton\"]"}
COMMAND: POST /session/6cb315df952d16724b4cad26491b612d/elements - {"using":"xpath","value":"//button[@data-kt=\"addButton\"]"}
RESULT: {"using":"xpath","value":"//button[@data-kt=\"addButton\"]"}
COMMAND: POST /session/6cb315df952d16724b4cad26491b612d/elements - {"using":"xpath","value":"//button[@data-kt=\"addButton\"]"}
RESULT: {"using":"xpath","value":"//button[@data-kt=\"addButton\"]"}
COMMAND: POST /session/6cb315df952d16724b4cad26491b612d/elements - {"using":"xpath","value":"//button[@data-kt=\"addButton\"]"}
RESULT: {"using":"xpath","value":"//button[@data-kt=\"addButton\"]"}
COMMAND: POST /session/6cb315df952d16724b4cad26491b612d/elements - {"using":"xpath","value":"//button[@data-kt=\"addButton\"]"}
RESULT: {"using":"xpath","value":"//button[@data-kt=\"addButton\"]"}
COMMAND: POST /session/6cb315df952d16724b4cad26491b612d/elements - {"using":"xpath","value":"//button[@data-kt=\"addButton\"]"}
RESULT: {"using":"xpath","value":"//button[@data-kt=\"addButton\"]"}
COMMAND: POST /session/6cb315df952d16724b4cad26491b612d/elements - {"using":"xpath","value":"//button[@data-kt=\"addButton\"]"}
RESULT: {"using":"xpath","value":"//button[@data-kt=\"addButton\"]"}
COMMAND: POST /session/6cb315df952d16724b4cad26491b612d/elements - {"using":"xpath","value":"//button[@data-kt=\"addButton\"]"}
RESULT: {"using":"xpath","value":"//button[@data-kt=\"addButton\"]"}
COMMAND: POST /session/6cb315df952d16724b4cad26491b612d/elements - {"using":"xpath","value":"//button[@data-kt=\"addButton\"]"}
RESULT: {"using":"xpath","value":"//button[@data-kt=\"addButton\"]"}
COMMAND: POST /session/6cb315df952d16724b4cad26491b612d/elements - {"using":"xpath","value":"//button[@data-kt=\"addButton\"]"}
RESULT: {"using":"xpath","value":"//button[@data-kt=\"addButton\"]"}
COMMAND: POST /session/6cb315df952d16724b4cad26491b612d/elements - {"using":"xpath","value":"//button[@data-kt=\"addButton\"]"}
RESULT: {"using":"xpath","value":"//button[@data-kt=\"addButton\"]"}
COMMAND: POST /session/6cb315df952d16724b4cad26491b612d/elements - {"using":"xpath","value":"//button[@data-kt=\"addButton\"]"}
RESULT: {"using":"xpath","value":"//button[@data-kt=\"addButton\"]"}
COMMAND: POST /session/6cb315df952d16724b4cad26491b612d/elements - {"using":"xpath","value":"//button[@data-kt=\"addButton\"]"}
RESULT: {"using":"xpath","value":"//button[@data-kt=\"addButton\"]"}
COMMAND: POST /session/6cb315df952d16724b4cad26491b612d/elements - {"using":"xpath","value":"//button[@data-kt=\"addButton\"]"}
RESULT: {"using":"xpath","value":"//button[@data-kt=\"addButton\"]"}
COMMAND: POST /session/6cb315df952d16724b4cad26491b612d/elements - {"using":"xpath","value":"//button[@data-kt=\"addButton\"]"}
RESULT: {"using":"xpath","value":"//button[@data-kt=\"addButton\"]"}
COMMAND: POST /session/6cb315df952d16724b4cad26491b612d/elements - {"using":"xpath","value":"//button[@data-kt=\"addButton\"]"}
RESULT: {"using":"xpath","value":"//button[@data-kt=\"addButton\"]"}
COMMAND: POST /session/6cb315df952d16724b4cad26491b612d/elements - {"using":"xpath","value":"//button[@data-kt=\"addButton\"]"}
RESULT: {"using":"xpath","value":"//button[@data-kt=\"addButton\"]"}
COMMAND: POST /session/6cb315df952d16724b4cad26491b612d/elements - {"using":"xpath","value":"//button[@data-kt=\"addButton\"]"}
RESULT: {"using":"xpath","value":"//button[@data-kt=\"addButton\"]"}
COMMAND: POST /session/6cb315df952d16724b4cad26491b612d/elements - {"using":"xpath","value":"//button[@data-kt=\"addButton\"]"}
RESULT: {"using":"xpath","value":"//button[@data-kt=\"addButton\"]"}
COMMAND: POST /session/6cb315df952d16724b4cad26491b612d/elements - {"using":"xpath","value":"//button[@data-kt=\"addButton\"]"}
RESULT: {"using":"xpath","value":"//button[@data-kt=\"addButton\"]"}
COMMAND: POST /session/6cb315df952d16724b4cad26491b612d/elements - {"using":"xpath","value":"//button[@data-kt=\"addButton\"]"}
RESULT: {"using":"xpath","value":"//button[@data-kt=\"addButton\"]"}
COMMAND: POST /session/6cb315df952d16724b4cad26491b612d/elements - {"using":"xpath","value":"//button[@data-kt=\"addButton\"]"}
RESULT: {"using":"xpath","value":"//button[@data-kt=\"addButton\"]"}
COMMAND: POST /session/6cb315df952d16724b4cad26491b612d/elements - {"using":"xpath","value":"//button[@data-kt=\"addButton\"]"}
RESULT: {"using":"xpath","value":"//button[@data-kt=\"addButton\"]"}
COMMAND: POST /session/6cb315df952d16724b4cad26491b612d/elements - {"using":"xpath","value":"//button[@data-kt=\"addButton\"]"}
RESULT: {"using":"xpath","value":"//button[@data-kt=\"addButton\"]"}
COMMAND: POST /session/6cb315df952d16724b4cad26491b612d/elements - {"using":"xpath","value":"//button[@data-kt=\"addButton\"]"}
RESULT: {"using":"xpath","value":"//button[@data-kt=\"addButton\"]"}
COMMAND: POST /session/6cb315df952d16724b4cad26491b612d/elements - {"using":"xpath","value":"//button[@data-kt=\"addButton\"]"}
RESULT: {"using":"xpath","value":"//button[@data-kt=\"addButton\"]"}
COMMAND: POST /session/6cb315df952d16724b4cad26491b612d/elements - {"using":"xpath","value":"//button[@data-kt=\"addButton\"]"}
RESULT: {"using":"xpath","value":"//button[@data-kt=\"addButton\"]"}
COMMAND: POST /session/6cb315df952d16724b4cad26491b612d/elements - {"using":"xpath","value":"//button[@data-kt=\"addButton\"]"}
RESULT: {"using":"xpath","value":"//button[@data-kt=\"addButton\"]"}
COMMAND: POST /session/6cb315df952d16724b4cad26491b612d/elements - {"using":"xpath","value":"//button[@data-kt=\"addButton\"]"}
RESULT: {"using":"xpath","value":"//button[@data-kt=\"addButton\"]"}
COMMAND: POST /session/6cb315df952d16724b4cad26491b612d/elements - {"using":"xpath","value":"//button[@data-kt=\"addButton\"]"}
RESULT: {"using":"xpath","value":"//button[@data-kt=\"addButton\"]"}
COMMAND: POST /session/6cb315df952d16724b4cad26491b612d/elements - {"using":"xpath","value":"//button[@data-kt=\"addButton\"]"}
RESULT: {"using":"xpath","value":"//button[@data-kt=\"addButton\"]"}
COMMAND: POST /session/6cb315df952d16724b4cad26491b612d/elements - {"using":"xpath","value":"//button[@data-kt=\"addButton\"]"}
RESULT: {"using":"xpath","value":"//button[@data-kt=\"addButton\"]"}
COMMAND: POST /session/6cb315df952d16724b4cad26491b612d/elements - {"using":"xpath","value":"//button[@data-kt=\"addButton\"]"}
RESULT: {"using":"xpath","value":"//button[@data-kt=\"addButton\"]"}
COMMAND: POST /session/6cb315df952d16724b4cad26491b612d/elements - {"using":"xpath","value":"//button[@data-kt=\"addButton\"]"}
RESULT: {"using":"xpath","value":"//button[@data-kt=\"addButton\"]"}
COMMAND: POST /session/6cb315df952d16724b4cad26491b612d/elements - {"using":"xpath","value":"//button[@data-kt=\"addButton\"]"}
RESULT: {"using":"xpath","value":"//button[@data-kt=\"addButton\"]"}
COMMAND: POST /session/6cb315df952d16724b4cad26491b612d/elements - {"using":"xpath","value":"//button[@data-kt=\"addButton\"]"}
RESULT: {"using":"xpath","value":"//button[@data-kt=\"addButton\"]"}
COMMAND: POST /session/6cb315df952d16724b4cad26491b612d/elements - {"using":"xpath","value":"//button[@data-kt=\"addButton\"]"}
RESULT: {"using":"xpath","value":"//button[@data-kt=\"addButton\"]"}
COMMAND: POST /session/6cb315df952d16724b4cad26491b612d/elements - {"using":"xpath","value":"//button[@data-kt=\"addButton\"]"}
RESULT: {"using":"xpath","value":"//button[@data-kt=\"addButton\"]"}
COMMAND: POST /session/6cb315df952d16724b4cad26491b612d/elements - {"using":"xpath","value":"//button[@data-kt=\"addButton\"]"}
RESULT: {"using":"xpath","value":"//button[@data-kt=\"addButton\"]"}
COMMAND: POST /session/6cb315df952d16724b4cad26491b612d/elements - {"using":"xpath","value":"//button[@data-kt=\"addButton\"]"}
RESULT: {"using":"xpath","value":"//button[@data-kt=\"addButton\"]"}
COMMAND: POST /session/6cb315df952d16724b4cad26491b612d/elements - {"using":"xpath","value":"//button[@data-kt=\"addButton\"]"}
RESULT: {"using":"xpath","value":"//button[@data-kt=\"addButton\"]"}
COMMAND: POST /session/6cb315df952d16724b4cad26491b612d/elements - {"using":"xpath","value":"//button[@data-kt=\"addButton\"]"}
RESULT: {"using":"xpath","value":"//button[@data-kt=\"addButton\"]"}
COMMAND: POST /session/6cb315df952d16724b4cad26491b612d/elements - {"using":"xpath","value":"//button[@data-kt=\"addButton\"]"}
RESULT: {"using":"xpath","value":"//button[@data-kt=\"addButton\"]"}
COMMAND: POST /session/6cb315df952d16724b4cad26491b612d/elements - {"using":"xpath","value":"//button[@data-kt=\"addButton\"]"}
RESULT: {"using":"xpath","value":"//button[@data-kt=\"addButton\"]"}
COMMAND: POST /session/6cb315df952d16724b4cad26491b612d/elements - {"using":"xpath","value":"//button[@data-kt=\"addButton\"]"}
RESULT: {"using":"xpath","value":"//button[@data-kt=\"addButton\"]"}
COMMAND: POST /session/6cb315df952d16724b4cad26491b612d/elements - {"using":"xpath","value":"//button[@data-kt=\"addButton\"]"}
RESULT: {"using":"xpath","value":"//button[@data-kt=\"addButton\"]"}
COMMAND: POST /session/6cb315df952d16724b4cad26491b612d/elements - {"using":"xpath","value":"//button[@data-kt=\"addButton\"]"}
RESULT: {"using":"xpath","value":"//button[@data-kt=\"addButton\"]"}
COMMAND: POST /session/6cb315df952d16724b4cad26491b612d/elements - {"using":"xpath","value":"//button[@data-kt=\"addButton\"]"}
RESULT: {"using":"xpath","value":"//button[@data-kt=\"addButton\"]"}
COMMAND: POST /session/6cb315df952d16724b4cad26491b612d/elements - {"using":"xpath","value":"//button[@data-kt=\"addButton\"]"}
RESULT: {"using":"xpath","value":"//button[@data-kt=\"addButton\"]"}
COMMAND: POST /session/6cb315df952d16724b4cad26491b612d/elements - {"using":"xpath","value":"//button[@data-kt=\"addButton\"]"}
RESULT: {"using":"xpath","value":"//button[@data-kt=\"addButton\"]"}
COMMAND: POST /session/6cb315df952d16724b4cad26491b612d/elements - {"using":"xpath","value":"//button[@data-kt=\"addButton\"]"}
RESULT: {"using":"xpath","value":"//button[@data-kt=\"addButton\"]"}
COMMAND: POST /session/6cb315df952d16724b4cad26491b612d/elements - {"using":"xpath","value":"//button[@data-kt=\"addButton\"]"}
RESULT: {"using":"xpath","value":"//button[@data-kt=\"addButton\"]"}
COMMAND: POST /session/6cb315df952d16724b4cad26491b612d/elements - {"using":"xpath","value":"//button[@data-kt=\"addButton\"]"}
RESULT: {"using":"xpath","value":"//button[@data-kt=\"addButton\"]"}
COMMAND: POST /session/6cb315df952d16724b4cad26491b612d/elements - {"using":"xpath","value":"//button[@data-kt=\"addButton\"]"}
COMMAND: GET /session/6cb315df952d16724b4cad26491b612d/screenshot - {}
RESULT: {"using":"xpath","value":"//button[@data-kt=\"addButton\"]"}
RESULT: {}
]]></system-out>
      <system-err><![CDATA[
Error: element ("//button[@data-kt="addButton"]") still not existing after 45000ms
    at async UtilsPrerequisites.partnerCreation (D:\a\1\s\test\specs\BTS\prerequisites-and-utils-functions.js:387:9)
    at async Context.<anonymous> (D:\a\1\s\test\specs\BTS\manage-partners.spec.js:355:44)
]]></system-err>
    </testcase>
    <testcase classname="chrome.136_0_7103_49.windows.Partner_specific_tests_US150819_US151080_US151654_US151176_US103444_US151078_US151079_US151109_US151174_US151175_US151189" name="Should create a new intercompany partner edit some of its fields US151078" time="87.439">
      <skipped />
      <system-out><![CDATA[
COMMAND: POST /session/6cb315df952d16724b4cad26491b612d/element - {"using":"xpath","value":"//li[.//span[text()=\"Manage Partners\"]]"}
RESULT: {"using":"xpath","value":"//li[.//span[text()=\"Manage Partners\"]]"}
COMMAND: POST /session/6cb315df952d16724b4cad26491b612d/element - {"using":"xpath","value":"//li[.//span[text()=\"Manage Partners\"]]"}
RESULT: {"using":"xpath","value":"//li[.//span[text()=\"Manage Partners\"]]"}
COMMAND: POST /session/6cb315df952d16724b4cad26491b612d/element - {"using":"css selector","value":"#shell-header-logo"}
RESULT: {"using":"css selector","value":"#shell-header-logo"}
COMMAND: POST /session/6cb315df952d16724b4cad26491b612d/elements - {"using":"css selector","value":"#shell-header-logo"}
COMMAND: POST /session/6cb315df952d16724b4cad26491b612d/element - {"using":"css selector","value":"#shell-header-logo"}
RESULT: {"using":"css selector","value":"#shell-header-logo"}
RESULT: {"using":"css selector","value":"#shell-header-logo"}
COMMAND: POST /session/6cb315df952d16724b4cad26491b612d/elements - {"using":"css selector","value":"#shell-header-logo"}
RESULT: {"using":"css selector","value":"#shell-header-logo"}
COMMAND: POST /session/6cb315df952d16724b4cad26491b612d/elements - {"using":"css selector","value":"#shell-header-logo"}
RESULT: {"using":"css selector","value":"#shell-header-logo"}
COMMAND: POST /session/6cb315df952d16724b4cad26491b612d/elements - {"using":"css selector","value":"#shell-header-logo"}
RESULT: {"using":"css selector","value":"#shell-header-logo"}
COMMAND: POST /session/6cb315df952d16724b4cad26491b612d/elements - {"using":"css selector","value":"#shell-header-logo"}
RESULT: {"using":"css selector","value":"#shell-header-logo"}
COMMAND: POST /session/6cb315df952d16724b4cad26491b612d/elements - {"using":"css selector","value":"#shell-header-logo"}
RESULT: {"using":"css selector","value":"#shell-header-logo"}
COMMAND: POST /session/6cb315df952d16724b4cad26491b612d/elements - {"using":"css selector","value":"#shell-header-logo"}
RESULT: {"using":"css selector","value":"#shell-header-logo"}
COMMAND: POST /session/6cb315df952d16724b4cad26491b612d/elements - {"using":"css selector","value":"#shell-header-logo"}
RESULT: {"using":"css selector","value":"#shell-header-logo"}
COMMAND: POST /session/6cb315df952d16724b4cad26491b612d/elements - {"using":"css selector","value":"#shell-header-logo"}
RESULT: {"using":"css selector","value":"#shell-header-logo"}
COMMAND: POST /session/6cb315df952d16724b4cad26491b612d/elements - {"using":"css selector","value":"#shell-header-logo"}
RESULT: {"using":"css selector","value":"#shell-header-logo"}
COMMAND: POST /session/6cb315df952d16724b4cad26491b612d/elements - {"using":"css selector","value":"#shell-header-logo"}
RESULT: {"using":"css selector","value":"#shell-header-logo"}
COMMAND: POST /session/6cb315df952d16724b4cad26491b612d/elements - {"using":"css selector","value":"#shell-header-logo"}
RESULT: {"using":"css selector","value":"#shell-header-logo"}
COMMAND: POST /session/6cb315df952d16724b4cad26491b612d/elements - {"using":"css selector","value":"#shell-header-logo"}
RESULT: {"using":"css selector","value":"#shell-header-logo"}
COMMAND: POST /session/6cb315df952d16724b4cad26491b612d/elements - {"using":"css selector","value":"#shell-header-logo"}
RESULT: {"using":"css selector","value":"#shell-header-logo"}
COMMAND: POST /session/6cb315df952d16724b4cad26491b612d/elements - {"using":"css selector","value":"#shell-header-logo"}
RESULT: {"using":"css selector","value":"#shell-header-logo"}
COMMAND: POST /session/6cb315df952d16724b4cad26491b612d/elements - {"using":"css selector","value":"#shell-header-logo"}
RESULT: {"using":"css selector","value":"#shell-header-logo"}
COMMAND: POST /session/6cb315df952d16724b4cad26491b612d/elements - {"using":"css selector","value":"#shell-header-logo"}
RESULT: {"using":"css selector","value":"#shell-header-logo"}
COMMAND: POST /session/6cb315df952d16724b4cad26491b612d/elements - {"using":"css selector","value":"#shell-header-logo"}
RESULT: {"using":"css selector","value":"#shell-header-logo"}
COMMAND: POST /session/6cb315df952d16724b4cad26491b612d/elements - {"using":"css selector","value":"#shell-header-logo"}
RESULT: {"using":"css selector","value":"#shell-header-logo"}
COMMAND: POST /session/6cb315df952d16724b4cad26491b612d/elements - {"using":"css selector","value":"#shell-header-logo"}
RESULT: {"using":"css selector","value":"#shell-header-logo"}
COMMAND: POST /session/6cb315df952d16724b4cad26491b612d/elements - {"using":"css selector","value":"#shell-header-logo"}
COMMAND: POST /session/6cb315df952d16724b4cad26491b612d/refresh - {}
RESULT: {"using":"css selector","value":"#shell-header-logo"}
COMMAND: POST /session/6cb315df952d16724b4cad26491b612d/elements - {"using":"css selector","value":"#shell-header-logo"}
RESULT: {}
COMMAND: GET /session/6cb315df952d16724b4cad26491b612d/screenshot - {}
RESULT: {"using":"css selector","value":"#shell-header-logo"}
RESULT: {}
COMMAND: POST /session/6cb315df952d16724b4cad26491b612d/elements - {"using":"css selector","value":"#shell-header-logo"}
RESULT: {"using":"css selector","value":"#shell-header-logo"}
COMMAND: POST /session/6cb315df952d16724b4cad26491b612d/elements - {"using":"css selector","value":"#shell-header-logo"}
RESULT: {"using":"css selector","value":"#shell-header-logo"}
COMMAND: POST /session/6cb315df952d16724b4cad26491b612d/elements - {"using":"css selector","value":"#shell-header-logo"}
RESULT: {"using":"css selector","value":"#shell-header-logo"}
COMMAND: POST /session/6cb315df952d16724b4cad26491b612d/elements - {"using":"css selector","value":"#shell-header-logo"}
RESULT: {"using":"css selector","value":"#shell-header-logo"}
COMMAND: POST /session/6cb315df952d16724b4cad26491b612d/elements - {"using":"css selector","value":"#shell-header-logo"}
RESULT: {"using":"css selector","value":"#shell-header-logo"}
COMMAND: POST /session/6cb315df952d16724b4cad26491b612d/elements - {"using":"css selector","value":"#shell-header-logo"}
RESULT: {"using":"css selector","value":"#shell-header-logo"}
COMMAND: POST /session/6cb315df952d16724b4cad26491b612d/elements - {"using":"css selector","value":"#shell-header-logo"}
RESULT: {"using":"css selector","value":"#shell-header-logo"}
COMMAND: POST /session/6cb315df952d16724b4cad26491b612d/elements - {"using":"css selector","value":"#shell-header-logo"}
RESULT: {"using":"css selector","value":"#shell-header-logo"}
COMMAND: POST /session/6cb315df952d16724b4cad26491b612d/elements - {"using":"css selector","value":"#shell-header-logo"}
RESULT: {"using":"css selector","value":"#shell-header-logo"}
COMMAND: POST /session/6cb315df952d16724b4cad26491b612d/elements - {"using":"css selector","value":"#shell-header-logo"}
RESULT: {"using":"css selector","value":"#shell-header-logo"}
COMMAND: POST /session/6cb315df952d16724b4cad26491b612d/elements - {"using":"css selector","value":"#shell-header-logo"}
RESULT: {"using":"css selector","value":"#shell-header-logo"}
COMMAND: POST /session/6cb315df952d16724b4cad26491b612d/elements - {"using":"css selector","value":"#shell-header-logo"}
RESULT: {"using":"css selector","value":"#shell-header-logo"}
COMMAND: POST /session/6cb315df952d16724b4cad26491b612d/elements - {"using":"css selector","value":"#shell-header-logo"}
RESULT: {"using":"css selector","value":"#shell-header-logo"}
COMMAND: POST /session/6cb315df952d16724b4cad26491b612d/elements - {"using":"css selector","value":"#shell-header-logo"}
RESULT: {"using":"css selector","value":"#shell-header-logo"}
COMMAND: POST /session/6cb315df952d16724b4cad26491b612d/elements - {"using":"css selector","value":"#shell-header-logo"}
RESULT: {"using":"css selector","value":"#shell-header-logo"}
COMMAND: POST /session/6cb315df952d16724b4cad26491b612d/elements - {"using":"css selector","value":"#shell-header-logo"}
RESULT: {"using":"css selector","value":"#shell-header-logo"}
COMMAND: POST /session/6cb315df952d16724b4cad26491b612d/elements - {"using":"css selector","value":"#shell-header-logo"}
RESULT: {"using":"css selector","value":"#shell-header-logo"}
COMMAND: POST /session/6cb315df952d16724b4cad26491b612d/elements - {"using":"css selector","value":"#shell-header-logo"}
RESULT: {"using":"css selector","value":"#shell-header-logo"}
COMMAND: POST /session/6cb315df952d16724b4cad26491b612d/elements - {"using":"css selector","value":"#shell-header-logo"}
RESULT: {"using":"css selector","value":"#shell-header-logo"}
COMMAND: POST /session/6cb315df952d16724b4cad26491b612d/elements - {"using":"css selector","value":"#shell-header-logo"}
RESULT: {"using":"css selector","value":"#shell-header-logo"}
COMMAND: POST /session/6cb315df952d16724b4cad26491b612d/refresh - {}
COMMAND: POST /session/6cb315df952d16724b4cad26491b612d/elements - {"using":"css selector","value":"#shell-header-logo"}
RESULT: {}
COMMAND: GET /session/6cb315df952d16724b4cad26491b612d/screenshot - {}
RESULT: {"using":"css selector","value":"#shell-header-logo"}
RESULT: {}
COMMAND: POST /session/6cb315df952d16724b4cad26491b612d/elements - {"using":"css selector","value":"#shell-header-logo"}
RESULT: {"using":"css selector","value":"#shell-header-logo"}
COMMAND: POST /session/6cb315df952d16724b4cad26491b612d/elements - {"using":"css selector","value":"#shell-header-logo"}
RESULT: {"using":"css selector","value":"#shell-header-logo"}
COMMAND: POST /session/6cb315df952d16724b4cad26491b612d/elements - {"using":"css selector","value":"#shell-header-logo"}
RESULT: {"using":"css selector","value":"#shell-header-logo"}
COMMAND: POST /session/6cb315df952d16724b4cad26491b612d/elements - {"using":"css selector","value":"#shell-header-logo"}
RESULT: {"using":"css selector","value":"#shell-header-logo"}
COMMAND: POST /session/6cb315df952d16724b4cad26491b612d/elements - {"using":"css selector","value":"#shell-header-logo"}
RESULT: {"using":"css selector","value":"#shell-header-logo"}
COMMAND: POST /session/6cb315df952d16724b4cad26491b612d/elements - {"using":"css selector","value":"#shell-header-logo"}
RESULT: {"using":"css selector","value":"#shell-header-logo"}
COMMAND: POST /session/6cb315df952d16724b4cad26491b612d/elements - {"using":"css selector","value":"#shell-header-logo"}
RESULT: {"using":"css selector","value":"#shell-header-logo"}
COMMAND: POST /session/6cb315df952d16724b4cad26491b612d/elements - {"using":"css selector","value":"#shell-header-logo"}
RESULT: {"using":"css selector","value":"#shell-header-logo"}
COMMAND: POST /session/6cb315df952d16724b4cad26491b612d/elements - {"using":"css selector","value":"#shell-header-logo"}
RESULT: {"using":"css selector","value":"#shell-header-logo"}
COMMAND: POST /session/6cb315df952d16724b4cad26491b612d/elements - {"using":"css selector","value":"#shell-header-logo"}
RESULT: {"using":"css selector","value":"#shell-header-logo"}
COMMAND: POST /session/6cb315df952d16724b4cad26491b612d/elements - {"using":"css selector","value":"#shell-header-logo"}
RESULT: {"using":"css selector","value":"#shell-header-logo"}
COMMAND: POST /session/6cb315df952d16724b4cad26491b612d/elements - {"using":"css selector","value":"#shell-header-logo"}
RESULT: {"using":"css selector","value":"#shell-header-logo"}
COMMAND: POST /session/6cb315df952d16724b4cad26491b612d/elements - {"using":"css selector","value":"#shell-header-logo"}
RESULT: {"using":"css selector","value":"#shell-header-logo"}
COMMAND: POST /session/6cb315df952d16724b4cad26491b612d/elements - {"using":"css selector","value":"#shell-header-logo"}
RESULT: {"using":"css selector","value":"#shell-header-logo"}
COMMAND: POST /session/6cb315df952d16724b4cad26491b612d/elements - {"using":"css selector","value":"#shell-header-logo"}
RESULT: {"using":"css selector","value":"#shell-header-logo"}
COMMAND: POST /session/6cb315df952d16724b4cad26491b612d/elements - {"using":"css selector","value":"#shell-header-logo"}
RESULT: {"using":"css selector","value":"#shell-header-logo"}
COMMAND: POST /session/6cb315df952d16724b4cad26491b612d/elements - {"using":"css selector","value":"#shell-header-logo"}
RESULT: {"using":"css selector","value":"#shell-header-logo"}
COMMAND: POST /session/6cb315df952d16724b4cad26491b612d/elements - {"using":"css selector","value":"#shell-header-logo"}
RESULT: {"using":"css selector","value":"#shell-header-logo"}
COMMAND: POST /session/6cb315df952d16724b4cad26491b612d/elements - {"using":"css selector","value":"#shell-header-logo"}
RESULT: {"using":"css selector","value":"#shell-header-logo"}
COMMAND: POST /session/6cb315df952d16724b4cad26491b612d/elements - {"using":"css selector","value":"#shell-header-logo"}
RESULT: {"using":"css selector","value":"#shell-header-logo"}
COMMAND: POST /session/6cb315df952d16724b4cad26491b612d/window/fullscreen - {}
RESULT: {}
COMMAND: POST /session/6cb315df952d16724b4cad26491b612d/elements - {"using":"css selector","value":"#shell-header-logo"}
RESULT: {"using":"css selector","value":"#shell-header-logo"}
COMMAND: POST /session/6cb315df952d16724b4cad26491b612d/elements - {"using":"css selector","value":"#shell-header-logo"}
RESULT: {"using":"css selector","value":"#shell-header-logo"}
COMMAND: POST /session/6cb315df952d16724b4cad26491b612d/elements - {"using":"css selector","value":"#shell-header-logo"}
RESULT: {"using":"css selector","value":"#shell-header-logo"}
COMMAND: POST /session/6cb315df952d16724b4cad26491b612d/elements - {"using":"css selector","value":"#shell-header-logo"}
RESULT: {"using":"css selector","value":"#shell-header-logo"}
COMMAND: POST /session/6cb315df952d16724b4cad26491b612d/elements - {"using":"css selector","value":"#shell-header-logo"}
RESULT: {"using":"css selector","value":"#shell-header-logo"}
COMMAND: POST /session/6cb315df952d16724b4cad26491b612d/elements - {"using":"css selector","value":"#shell-header-logo"}
RESULT: {"using":"css selector","value":"#shell-header-logo"}
COMMAND: POST /session/6cb315df952d16724b4cad26491b612d/elements - {"using":"css selector","value":"#shell-header-logo"}
RESULT: {"using":"css selector","value":"#shell-header-logo"}
COMMAND: POST /session/6cb315df952d16724b4cad26491b612d/elements - {"using":"css selector","value":"#shell-header-logo"}
RESULT: {"using":"css selector","value":"#shell-header-logo"}
COMMAND: POST /session/6cb315df952d16724b4cad26491b612d/elements - {"using":"css selector","value":"#shell-header-logo"}
RESULT: {"using":"css selector","value":"#shell-header-logo"}
COMMAND: POST /session/6cb315df952d16724b4cad26491b612d/elements - {"using":"css selector","value":"#shell-header-logo"}
RESULT: {"using":"css selector","value":"#shell-header-logo"}
COMMAND: POST /session/6cb315df952d16724b4cad26491b612d/execute/async - {"script":"<script> [189 bytes]","args":[]}
RESULT: {"script":"<script> [189 bytes]","args":[]}
COMMAND: POST /session/6cb315df952d16724b4cad26491b612d/execute/async - {"script":"<script> [123 bytes]","args":[]}
RESULT: {"script":"<script> [123 bytes]","args":[]}
COMMAND: POST /session/6cb315df952d16724b4cad26491b612d/timeouts - {"script":"<number>"}
RESULT: {"script":"<number>"}
COMMAND: GET /session/6cb315df952d16724b4cad26491b612d/timeouts - {}
RESULT: {}
RESULT: undefined
COMMAND: POST /session/6cb315df952d16724b4cad26491b612d/execute/async - {"script":"<script> [2676 bytes]","args":[]}
COMMAND: POST /session/6cb315df952d16724b4cad26491b612d/elements - {"using":"css selector","value":"#shell-header-logo"}
RESULT: {"script":"<script> [2676 bytes]","args":[]}
COMMAND: POST /session/6cb315df952d16724b4cad26491b612d/execute/async - {"script":"<script> [2342 bytes]","args":[{"protocol":"http","hostname":"0.0.0.0","path":"/","capabilities":{"browserName":"chrome","goog:chromeOptions":{"binary":"C:\\Program Files\\Google\\Chrome\\Application\\chrome.exe","args":["--start-maximized"]}},"logLevel":"warn","connectionRetryTimeout":120000,"connectionRetryCount":3,"logLevels":{},"enableDirectConnect":true,"strictSSL":true,"_":"65 more keys: [\"cacheDir\",\"port\",\"requestedCapabilities\",\"automationProtocol\",\"baseUrl\",\"waitforInterval\",\"waitforTimeout\",\"onReload\",\"beforeCommand\",\"afterCommand\",\"rootDir\",\"specs\",\"suites\",\"exclude\",\"groupLogsByTestSpec\",\"excludeDriverLogs\",\"bail\",\"framework\",\"reporters\",\"services\",\"maxInstances\",\"maxInstancesPerCapability\",\"injectGlobals\",\"filesToWatch\",\"execArgv\",\"runnerEnv\",\"runner\",\"shard\",\"specFileRetries\",\"specFileRetriesDelay\",\"specFileRetriesDeferred\",\"reporterSyncInterval\",\"reporterSyncTimeout\",\"cucumberFeaturesWithLineNumbers\",\"autoCompileOpts\",\"mochaOpts\",\"jasmineOpts\",\"cucumberOpts\",\"onPrepare\",\"onWorkerStart\",\"onWorkerEnd\",\"before\",\"beforeSession\",\"beforeSuite\",\"beforeHook\",\"beforeTest\",\"afterTest\",\"afterHook\",\"afterSuite\",\"afterSession\",\"after\",\"onComplete\",\"beforeAssertion\",\"afterAssertion\",\"beforeFeature\",\"beforeScenario\",\"beforeStep\",\"afterStep\",\"afterScenario\",\"afterFeature\",\"_\",\"suite\",\"$0\",\"ignoredWorkerServices\",\"wdi5\"]"}]}
RESULT: {"using":"css selector","value":"#shell-header-logo"}
RESULT: {"script":"<script> [2342 bytes]","args":[{"protocol":"http","hostname":"0.0.0.0","path":"/","capabilities":{"browserName":"chrome","goog:chromeOptions":{"binary":"C:\\Program Files\\Google\\Chrome\\Application\\chrome.exe","args":["--start-maximized"]}},"logLevel":"warn","connectionRetryTimeout":120000,"connectionRetryCount":3,"logLevels":{},"enableDirectConnect":true,"strictSSL":true,"_":"65 more keys: [\"cacheDir\",\"port\",\"requestedCapabilities\",\"automationProtocol\",\"baseUrl\",\"waitforInterval\",\"waitforTimeout\",\"onReload\",\"beforeCommand\",\"afterCommand\",\"rootDir\",\"specs\",\"suites\",\"exclude\",\"groupLogsByTestSpec\",\"excludeDriverLogs\",\"bail\",\"framework\",\"reporters\",\"services\",\"maxInstances\",\"maxInstancesPerCapability\",\"injectGlobals\",\"filesToWatch\",\"execArgv\",\"runnerEnv\",\"runner\",\"shard\",\"specFileRetries\",\"specFileRetriesDelay\",\"specFileRetriesDeferred\",\"reporterSyncInterval\",\"reporterSyncTimeout\",\"cucumberFeaturesWithLineNumbers\",\"autoCompileOpts\",\"mochaOpts\",\"jasmineOpts\",\"cucumberOpts\",\"onPrepare\",\"onWorkerStart\",\"onWorkerEnd\",\"before\",\"beforeSession\",\"beforeSuite\",\"beforeHook\",\"beforeTest\",\"afterTest\",\"afterHook\",\"afterSuite\",\"afterSession\",\"after\",\"onComplete\",\"beforeAssertion\",\"afterAssertion\",\"beforeFeature\",\"beforeScenario\",\"beforeStep\",\"afterStep\",\"afterScenario\",\"afterFeature\",\"_\",\"suite\",\"$0\",\"ignoredWorkerServices\",\"wdi5\"]"}]}
COMMAND: POST /session/6cb315df952d16724b4cad26491b612d/execute/async - {"script":"<script> [21126 bytes]","args":[35000]}
RESULT: {"script":"<script> [21126 bytes]","args":[35000]}
COMMAND: POST /session/6cb315df952d16724b4cad26491b612d/elements - {"using":"css selector","value":"#shell-header-logo"}
RESULT: {"using":"css selector","value":"#shell-header-logo"}
COMMAND: POST /session/6cb315df952d16724b4cad26491b612d/elements - {"using":"css selector","value":"#shell-header-logo"}
RESULT: {"using":"css selector","value":"#shell-header-logo"}
COMMAND: POST /session/6cb315df952d16724b4cad26491b612d/elements - {"using":"css selector","value":"#shell-header-logo"}
RESULT: {"using":"css selector","value":"#shell-header-logo"}
COMMAND: POST /session/6cb315df952d16724b4cad26491b612d/elements - {"using":"css selector","value":"#shell-header-logo"}
RESULT: {"using":"css selector","value":"#shell-header-logo"}
COMMAND: POST /session/6cb315df952d16724b4cad26491b612d/elements - {"using":"css selector","value":"#shell-header-logo"}
RESULT: {"using":"css selector","value":"#shell-header-logo"}
COMMAND: POST /session/6cb315df952d16724b4cad26491b612d/elements - {"using":"css selector","value":"#shell-header-logo"}
RESULT: {"using":"css selector","value":"#shell-header-logo"}
COMMAND: POST /session/6cb315df952d16724b4cad26491b612d/elements - {"using":"css selector","value":"#shell-header-logo"}
RESULT: {"using":"css selector","value":"#shell-header-logo"}
COMMAND: POST /session/6cb315df952d16724b4cad26491b612d/elements - {"using":"css selector","value":"#shell-header-logo"}
RESULT: {"using":"css selector","value":"#shell-header-logo"}
COMMAND: POST /session/6cb315df952d16724b4cad26491b612d/elements - {"using":"css selector","value":"#shell-header-logo"}
RESULT: {"using":"css selector","value":"#shell-header-logo"}
COMMAND: POST /session/6cb315df952d16724b4cad26491b612d/elements - {"using":"css selector","value":"#shell-header-logo"}
RESULT: {"using":"css selector","value":"#shell-header-logo"}
COMMAND: POST /session/6cb315df952d16724b4cad26491b612d/window/fullscreen - {}
RESULT: {}
COMMAND: POST /session/6cb315df952d16724b4cad26491b612d/window/fullscreen - {}
RESULT: {}
COMMAND: POST /session/6cb315df952d16724b4cad26491b612d/execute/async - {"script":"<script> [1562 bytes]","args":[{"selector":{"controlType":"sap.m.GenericTile","properties":{"header":"Manage Partners"}},"wdio_ui5_key":"sapm.GenericTile{\"header\":\"Manage Partners\"}"}]}
COMMAND: POST /session/6cb315df952d16724b4cad26491b612d/elements - {"using":"css selector","value":"#shell-header-logo"}
RESULT: {"script":"<script> [1562 bytes]","args":[{"selector":{"controlType":"sap.m.GenericTile","properties":{"header":"Manage Partners"}},"wdio_ui5_key":"sapm.GenericTile{\"header\":\"Manage Partners\"}"}]}
RESULT: undefined
COMMAND: POST /session/6cb315df952d16724b4cad26491b612d/element - {"using":"xpath","value":"//button[@data-kt=\"addButton\"]"}
RESULT: {"using":"css selector","value":"#shell-header-logo"}
RESULT: {"using":"xpath","value":"//button[@data-kt=\"addButton\"]"}
COMMAND: POST /session/6cb315df952d16724b4cad26491b612d/elements - {"using":"xpath","value":"//button[@data-kt=\"addButton\"]"}
RESULT: {"using":"xpath","value":"//button[@data-kt=\"addButton\"]"}
COMMAND: POST /session/6cb315df952d16724b4cad26491b612d/elements - {"using":"css selector","value":"#shell-header-logo"}
RESULT: {"using":"css selector","value":"#shell-header-logo"}
COMMAND: POST /session/6cb315df952d16724b4cad26491b612d/elements - {"using":"xpath","value":"//button[@data-kt=\"addButton\"]"}
RESULT: {"using":"xpath","value":"//button[@data-kt=\"addButton\"]"}
COMMAND: POST /session/6cb315df952d16724b4cad26491b612d/elements - {"using":"css selector","value":"#shell-header-logo"}
RESULT: {"using":"css selector","value":"#shell-header-logo"}
COMMAND: POST /session/6cb315df952d16724b4cad26491b612d/elements - {"using":"xpath","value":"//button[@data-kt=\"addButton\"]"}
RESULT: {"using":"xpath","value":"//button[@data-kt=\"addButton\"]"}
COMMAND: POST /session/6cb315df952d16724b4cad26491b612d/elements - {"using":"css selector","value":"#shell-header-logo"}
RESULT: {"using":"css selector","value":"#shell-header-logo"}
COMMAND: POST /session/6cb315df952d16724b4cad26491b612d/elements - {"using":"xpath","value":"//button[@data-kt=\"addButton\"]"}
RESULT: {"using":"xpath","value":"//button[@data-kt=\"addButton\"]"}
COMMAND: POST /session/6cb315df952d16724b4cad26491b612d/elements - {"using":"css selector","value":"#shell-header-logo"}
RESULT: {"using":"css selector","value":"#shell-header-logo"}
COMMAND: POST /session/6cb315df952d16724b4cad26491b612d/elements - {"using":"xpath","value":"//button[@data-kt=\"addButton\"]"}
RESULT: {"using":"xpath","value":"//button[@data-kt=\"addButton\"]"}
COMMAND: POST /session/6cb315df952d16724b4cad26491b612d/elements - {"using":"css selector","value":"#shell-header-logo"}
RESULT: {"using":"css selector","value":"#shell-header-logo"}
COMMAND: POST /session/6cb315df952d16724b4cad26491b612d/elements - {"using":"xpath","value":"//button[@data-kt=\"addButton\"]"}
RESULT: {"using":"xpath","value":"//button[@data-kt=\"addButton\"]"}
COMMAND: POST /session/6cb315df952d16724b4cad26491b612d/elements - {"using":"css selector","value":"#shell-header-logo"}
RESULT: {"using":"css selector","value":"#shell-header-logo"}
COMMAND: POST /session/6cb315df952d16724b4cad26491b612d/elements - {"using":"xpath","value":"//button[@data-kt=\"addButton\"]"}
RESULT: {"using":"xpath","value":"//button[@data-kt=\"addButton\"]"}
COMMAND: POST /session/6cb315df952d16724b4cad26491b612d/elements - {"using":"css selector","value":"#shell-header-logo"}
RESULT: {"using":"css selector","value":"#shell-header-logo"}
COMMAND: POST /session/6cb315df952d16724b4cad26491b612d/elements - {"using":"xpath","value":"//button[@data-kt=\"addButton\"]"}
RESULT: {"using":"xpath","value":"//button[@data-kt=\"addButton\"]"}
COMMAND: POST /session/6cb315df952d16724b4cad26491b612d/elements - {"using":"css selector","value":"#shell-header-logo"}
RESULT: {"using":"css selector","value":"#shell-header-logo"}
COMMAND: POST /session/6cb315df952d16724b4cad26491b612d/elements - {"using":"xpath","value":"//button[@data-kt=\"addButton\"]"}
RESULT: {"using":"xpath","value":"//button[@data-kt=\"addButton\"]"}
COMMAND: POST /session/6cb315df952d16724b4cad26491b612d/elements - {"using":"css selector","value":"#shell-header-logo"}
RESULT: {"using":"css selector","value":"#shell-header-logo"}
COMMAND: POST /session/6cb315df952d16724b4cad26491b612d/elements - {"using":"xpath","value":"//button[@data-kt=\"addButton\"]"}
RESULT: {"using":"xpath","value":"//button[@data-kt=\"addButton\"]"}
COMMAND: POST /session/6cb315df952d16724b4cad26491b612d/elements - {"using":"css selector","value":"#shell-header-logo"}
RESULT: {"using":"css selector","value":"#shell-header-logo"}
COMMAND: POST /session/6cb315df952d16724b4cad26491b612d/elements - {"using":"xpath","value":"//button[@data-kt=\"addButton\"]"}
RESULT: {"using":"xpath","value":"//button[@data-kt=\"addButton\"]"}
COMMAND: POST /session/6cb315df952d16724b4cad26491b612d/elements - {"using":"css selector","value":"#shell-header-logo"}
RESULT: {"using":"css selector","value":"#shell-header-logo"}
COMMAND: POST /session/6cb315df952d16724b4cad26491b612d/elements - {"using":"xpath","value":"//button[@data-kt=\"addButton\"]"}
RESULT: {"using":"xpath","value":"//button[@data-kt=\"addButton\"]"}
COMMAND: POST /session/6cb315df952d16724b4cad26491b612d/elements - {"using":"css selector","value":"#shell-header-logo"}
RESULT: {"using":"css selector","value":"#shell-header-logo"}
COMMAND: POST /session/6cb315df952d16724b4cad26491b612d/elements - {"using":"xpath","value":"//button[@data-kt=\"addButton\"]"}
RESULT: {"using":"xpath","value":"//button[@data-kt=\"addButton\"]"}
COMMAND: POST /session/6cb315df952d16724b4cad26491b612d/elements - {"using":"css selector","value":"#shell-header-logo"}
RESULT: {"using":"css selector","value":"#shell-header-logo"}
COMMAND: POST /session/6cb315df952d16724b4cad26491b612d/elements - {"using":"xpath","value":"//button[@data-kt=\"addButton\"]"}
RESULT: {"using":"xpath","value":"//button[@data-kt=\"addButton\"]"}
COMMAND: POST /session/6cb315df952d16724b4cad26491b612d/elements - {"using":"css selector","value":"#shell-header-logo"}
RESULT: {"using":"css selector","value":"#shell-header-logo"}
COMMAND: POST /session/6cb315df952d16724b4cad26491b612d/elements - {"using":"xpath","value":"//button[@data-kt=\"addButton\"]"}
RESULT: {"using":"xpath","value":"//button[@data-kt=\"addButton\"]"}
COMMAND: POST /session/6cb315df952d16724b4cad26491b612d/elements - {"using":"css selector","value":"#shell-header-logo"}
RESULT: {"using":"css selector","value":"#shell-header-logo"}
COMMAND: POST /session/6cb315df952d16724b4cad26491b612d/elements - {"using":"xpath","value":"//button[@data-kt=\"addButton\"]"}
RESULT: {"using":"xpath","value":"//button[@data-kt=\"addButton\"]"}
COMMAND: POST /session/6cb315df952d16724b4cad26491b612d/elements - {"using":"css selector","value":"#shell-header-logo"}
RESULT: {"using":"css selector","value":"#shell-header-logo"}
COMMAND: POST /session/6cb315df952d16724b4cad26491b612d/elements - {"using":"xpath","value":"//button[@data-kt=\"addButton\"]"}
RESULT: {"using":"xpath","value":"//button[@data-kt=\"addButton\"]"}
COMMAND: POST /session/6cb315df952d16724b4cad26491b612d/elements - {"using":"css selector","value":"#shell-header-logo"}
RESULT: {"using":"css selector","value":"#shell-header-logo"}
COMMAND: POST /session/6cb315df952d16724b4cad26491b612d/elements - {"using":"xpath","value":"//button[@data-kt=\"addButton\"]"}
RESULT: {"using":"xpath","value":"//button[@data-kt=\"addButton\"]"}
COMMAND: POST /session/6cb315df952d16724b4cad26491b612d/elements - {"using":"css selector","value":"#shell-header-logo"}
RESULT: {"using":"css selector","value":"#shell-header-logo"}
COMMAND: POST /session/6cb315df952d16724b4cad26491b612d/elements - {"using":"xpath","value":"//button[@data-kt=\"addButton\"]"}
RESULT: {"using":"xpath","value":"//button[@data-kt=\"addButton\"]"}
COMMAND: POST /session/6cb315df952d16724b4cad26491b612d/elements - {"using":"css selector","value":"#shell-header-logo"}
RESULT: {"using":"css selector","value":"#shell-header-logo"}
COMMAND: POST /session/6cb315df952d16724b4cad26491b612d/elements - {"using":"xpath","value":"//button[@data-kt=\"addButton\"]"}
RESULT: {"using":"xpath","value":"//button[@data-kt=\"addButton\"]"}
COMMAND: POST /session/6cb315df952d16724b4cad26491b612d/elements - {"using":"css selector","value":"#shell-header-logo"}
RESULT: {"using":"css selector","value":"#shell-header-logo"}
COMMAND: POST /session/6cb315df952d16724b4cad26491b612d/elements - {"using":"xpath","value":"//button[@data-kt=\"addButton\"]"}
RESULT: {"using":"xpath","value":"//button[@data-kt=\"addButton\"]"}
COMMAND: POST /session/6cb315df952d16724b4cad26491b612d/elements - {"using":"css selector","value":"#shell-header-logo"}
RESULT: {"using":"css selector","value":"#shell-header-logo"}
COMMAND: POST /session/6cb315df952d16724b4cad26491b612d/elements - {"using":"xpath","value":"//button[@data-kt=\"addButton\"]"}
RESULT: {"using":"xpath","value":"//button[@data-kt=\"addButton\"]"}
COMMAND: POST /session/6cb315df952d16724b4cad26491b612d/elements - {"using":"css selector","value":"#shell-header-logo"}
RESULT: {"using":"css selector","value":"#shell-header-logo"}
COMMAND: POST /session/6cb315df952d16724b4cad26491b612d/elements - {"using":"xpath","value":"//button[@data-kt=\"addButton\"]"}
RESULT: {"using":"xpath","value":"//button[@data-kt=\"addButton\"]"}
COMMAND: POST /session/6cb315df952d16724b4cad26491b612d/elements - {"using":"css selector","value":"#shell-header-logo"}
RESULT: {"using":"css selector","value":"#shell-header-logo"}
COMMAND: POST /session/6cb315df952d16724b4cad26491b612d/elements - {"using":"xpath","value":"//button[@data-kt=\"addButton\"]"}
RESULT: {"using":"xpath","value":"//button[@data-kt=\"addButton\"]"}
COMMAND: POST /session/6cb315df952d16724b4cad26491b612d/elements - {"using":"css selector","value":"#shell-header-logo"}
RESULT: {"using":"css selector","value":"#shell-header-logo"}
COMMAND: POST /session/6cb315df952d16724b4cad26491b612d/elements - {"using":"xpath","value":"//button[@data-kt=\"addButton\"]"}
RESULT: {"using":"xpath","value":"//button[@data-kt=\"addButton\"]"}
COMMAND: POST /session/6cb315df952d16724b4cad26491b612d/elements - {"using":"css selector","value":"#shell-header-logo"}
RESULT: {"using":"css selector","value":"#shell-header-logo"}
COMMAND: POST /session/6cb315df952d16724b4cad26491b612d/elements - {"using":"xpath","value":"//button[@data-kt=\"addButton\"]"}
RESULT: {"using":"xpath","value":"//button[@data-kt=\"addButton\"]"}
COMMAND: POST /session/6cb315df952d16724b4cad26491b612d/elements - {"using":"css selector","value":"#shell-header-logo"}
RESULT: {"using":"css selector","value":"#shell-header-logo"}
COMMAND: POST /session/6cb315df952d16724b4cad26491b612d/elements - {"using":"xpath","value":"//button[@data-kt=\"addButton\"]"}
RESULT: {"using":"xpath","value":"//button[@data-kt=\"addButton\"]"}
COMMAND: POST /session/6cb315df952d16724b4cad26491b612d/elements - {"using":"css selector","value":"#shell-header-logo"}
RESULT: {"using":"css selector","value":"#shell-header-logo"}
COMMAND: POST /session/6cb315df952d16724b4cad26491b612d/elements - {"using":"xpath","value":"//button[@data-kt=\"addButton\"]"}
RESULT: {"using":"xpath","value":"//button[@data-kt=\"addButton\"]"}
COMMAND: POST /session/6cb315df952d16724b4cad26491b612d/elements - {"using":"css selector","value":"#shell-header-logo"}
RESULT: {"using":"css selector","value":"#shell-header-logo"}
COMMAND: POST /session/6cb315df952d16724b4cad26491b612d/elements - {"using":"xpath","value":"//button[@data-kt=\"addButton\"]"}
RESULT: {"using":"xpath","value":"//button[@data-kt=\"addButton\"]"}
COMMAND: POST /session/6cb315df952d16724b4cad26491b612d/elements - {"using":"css selector","value":"#shell-header-logo"}
RESULT: {"using":"css selector","value":"#shell-header-logo"}
COMMAND: POST /session/6cb315df952d16724b4cad26491b612d/elements - {"using":"xpath","value":"//button[@data-kt=\"addButton\"]"}
RESULT: {"using":"xpath","value":"//button[@data-kt=\"addButton\"]"}
COMMAND: POST /session/6cb315df952d16724b4cad26491b612d/elements - {"using":"css selector","value":"#shell-header-logo"}
RESULT: {"using":"css selector","value":"#shell-header-logo"}
COMMAND: POST /session/6cb315df952d16724b4cad26491b612d/elements - {"using":"xpath","value":"//button[@data-kt=\"addButton\"]"}
RESULT: {"using":"xpath","value":"//button[@data-kt=\"addButton\"]"}
COMMAND: POST /session/6cb315df952d16724b4cad26491b612d/elements - {"using":"css selector","value":"#shell-header-logo"}
RESULT: {"using":"css selector","value":"#shell-header-logo"}
COMMAND: POST /session/6cb315df952d16724b4cad26491b612d/elements - {"using":"xpath","value":"//button[@data-kt=\"addButton\"]"}
RESULT: {"using":"xpath","value":"//button[@data-kt=\"addButton\"]"}
COMMAND: POST /session/6cb315df952d16724b4cad26491b612d/elements - {"using":"css selector","value":"#shell-header-logo"}
RESULT: {"using":"css selector","value":"#shell-header-logo"}
COMMAND: POST /session/6cb315df952d16724b4cad26491b612d/elements - {"using":"xpath","value":"//button[@data-kt=\"addButton\"]"}
RESULT: {"using":"xpath","value":"//button[@data-kt=\"addButton\"]"}
COMMAND: POST /session/6cb315df952d16724b4cad26491b612d/elements - {"using":"css selector","value":"#shell-header-logo"}
RESULT: {"using":"css selector","value":"#shell-header-logo"}
COMMAND: POST /session/6cb315df952d16724b4cad26491b612d/elements - {"using":"xpath","value":"//button[@data-kt=\"addButton\"]"}
RESULT: {"using":"xpath","value":"//button[@data-kt=\"addButton\"]"}
COMMAND: POST /session/6cb315df952d16724b4cad26491b612d/elements - {"using":"css selector","value":"#shell-header-logo"}
RESULT: {"using":"css selector","value":"#shell-header-logo"}
COMMAND: POST /session/6cb315df952d16724b4cad26491b612d/elements - {"using":"xpath","value":"//button[@data-kt=\"addButton\"]"}
RESULT: {"using":"xpath","value":"//button[@data-kt=\"addButton\"]"}
COMMAND: POST /session/6cb315df952d16724b4cad26491b612d/elements - {"using":"css selector","value":"#shell-header-logo"}
RESULT: {"using":"css selector","value":"#shell-header-logo"}
COMMAND: POST /session/6cb315df952d16724b4cad26491b612d/elements - {"using":"xpath","value":"//button[@data-kt=\"addButton\"]"}
RESULT: {"using":"xpath","value":"//button[@data-kt=\"addButton\"]"}
COMMAND: POST /session/6cb315df952d16724b4cad26491b612d/elements - {"using":"xpath","value":"//button[@data-kt=\"addButton\"]"}
RESULT: {"using":"xpath","value":"//button[@data-kt=\"addButton\"]"}
COMMAND: POST /session/6cb315df952d16724b4cad26491b612d/elements - {"using":"xpath","value":"//button[@data-kt=\"addButton\"]"}
RESULT: {"using":"xpath","value":"//button[@data-kt=\"addButton\"]"}
COMMAND: POST /session/6cb315df952d16724b4cad26491b612d/elements - {"using":"xpath","value":"//button[@data-kt=\"addButton\"]"}
RESULT: {"using":"xpath","value":"//button[@data-kt=\"addButton\"]"}
COMMAND: POST /session/6cb315df952d16724b4cad26491b612d/elements - {"using":"xpath","value":"//button[@data-kt=\"addButton\"]"}
RESULT: {"using":"xpath","value":"//button[@data-kt=\"addButton\"]"}
COMMAND: POST /session/6cb315df952d16724b4cad26491b612d/elements - {"using":"xpath","value":"//button[@data-kt=\"addButton\"]"}
RESULT: {"using":"xpath","value":"//button[@data-kt=\"addButton\"]"}
COMMAND: POST /session/6cb315df952d16724b4cad26491b612d/elements - {"using":"xpath","value":"//button[@data-kt=\"addButton\"]"}
RESULT: {"using":"xpath","value":"//button[@data-kt=\"addButton\"]"}
COMMAND: POST /session/6cb315df952d16724b4cad26491b612d/elements - {"using":"xpath","value":"//button[@data-kt=\"addButton\"]"}
RESULT: {"using":"xpath","value":"//button[@data-kt=\"addButton\"]"}
COMMAND: POST /session/6cb315df952d16724b4cad26491b612d/elements - {"using":"xpath","value":"//button[@data-kt=\"addButton\"]"}
RESULT: {"using":"xpath","value":"//button[@data-kt=\"addButton\"]"}
COMMAND: POST /session/6cb315df952d16724b4cad26491b612d/elements - {"using":"xpath","value":"//button[@data-kt=\"addButton\"]"}
RESULT: {"using":"xpath","value":"//button[@data-kt=\"addButton\"]"}
COMMAND: POST /session/6cb315df952d16724b4cad26491b612d/elements - {"using":"xpath","value":"//button[@data-kt=\"addButton\"]"}
RESULT: {"using":"xpath","value":"//button[@data-kt=\"addButton\"]"}
COMMAND: POST /session/6cb315df952d16724b4cad26491b612d/elements - {"using":"xpath","value":"//button[@data-kt=\"addButton\"]"}
RESULT: {"using":"xpath","value":"//button[@data-kt=\"addButton\"]"}
COMMAND: POST /session/6cb315df952d16724b4cad26491b612d/elements - {"using":"xpath","value":"//button[@data-kt=\"addButton\"]"}
RESULT: {"using":"xpath","value":"//button[@data-kt=\"addButton\"]"}
COMMAND: POST /session/6cb315df952d16724b4cad26491b612d/elements - {"using":"xpath","value":"//button[@data-kt=\"addButton\"]"}
RESULT: {"using":"xpath","value":"//button[@data-kt=\"addButton\"]"}
COMMAND: POST /session/6cb315df952d16724b4cad26491b612d/elements - {"using":"xpath","value":"//button[@data-kt=\"addButton\"]"}
RESULT: {"using":"xpath","value":"//button[@data-kt=\"addButton\"]"}
COMMAND: POST /session/6cb315df952d16724b4cad26491b612d/elements - {"using":"xpath","value":"//button[@data-kt=\"addButton\"]"}
RESULT: {"using":"xpath","value":"//button[@data-kt=\"addButton\"]"}
COMMAND: POST /session/6cb315df952d16724b4cad26491b612d/elements - {"using":"xpath","value":"//button[@data-kt=\"addButton\"]"}
RESULT: {"using":"xpath","value":"//button[@data-kt=\"addButton\"]"}
COMMAND: POST /session/6cb315df952d16724b4cad26491b612d/elements - {"using":"xpath","value":"//button[@data-kt=\"addButton\"]"}
RESULT: {"using":"xpath","value":"//button[@data-kt=\"addButton\"]"}
COMMAND: POST /session/6cb315df952d16724b4cad26491b612d/elements - {"using":"xpath","value":"//button[@data-kt=\"addButton\"]"}
RESULT: {"using":"xpath","value":"//button[@data-kt=\"addButton\"]"}
COMMAND: POST /session/6cb315df952d16724b4cad26491b612d/elements - {"using":"xpath","value":"//button[@data-kt=\"addButton\"]"}
RESULT: {"using":"xpath","value":"//button[@data-kt=\"addButton\"]"}
COMMAND: POST /session/6cb315df952d16724b4cad26491b612d/elements - {"using":"xpath","value":"//button[@data-kt=\"addButton\"]"}
RESULT: {"using":"xpath","value":"//button[@data-kt=\"addButton\"]"}
COMMAND: POST /session/6cb315df952d16724b4cad26491b612d/elements - {"using":"xpath","value":"//button[@data-kt=\"addButton\"]"}
RESULT: {"using":"xpath","value":"//button[@data-kt=\"addButton\"]"}
COMMAND: POST /session/6cb315df952d16724b4cad26491b612d/elements - {"using":"xpath","value":"//button[@data-kt=\"addButton\"]"}
RESULT: {"using":"xpath","value":"//button[@data-kt=\"addButton\"]"}
COMMAND: POST /session/6cb315df952d16724b4cad26491b612d/elements - {"using":"xpath","value":"//button[@data-kt=\"addButton\"]"}
RESULT: {"using":"xpath","value":"//button[@data-kt=\"addButton\"]"}
COMMAND: POST /session/6cb315df952d16724b4cad26491b612d/elements - {"using":"xpath","value":"//button[@data-kt=\"addButton\"]"}
RESULT: {"using":"xpath","value":"//button[@data-kt=\"addButton\"]"}
COMMAND: POST /session/6cb315df952d16724b4cad26491b612d/elements - {"using":"xpath","value":"//button[@data-kt=\"addButton\"]"}
RESULT: {"using":"xpath","value":"//button[@data-kt=\"addButton\"]"}
COMMAND: POST /session/6cb315df952d16724b4cad26491b612d/elements - {"using":"xpath","value":"//button[@data-kt=\"addButton\"]"}
RESULT: {"using":"xpath","value":"//button[@data-kt=\"addButton\"]"}
COMMAND: POST /session/6cb315df952d16724b4cad26491b612d/elements - {"using":"xpath","value":"//button[@data-kt=\"addButton\"]"}
RESULT: {"using":"xpath","value":"//button[@data-kt=\"addButton\"]"}
COMMAND: POST /session/6cb315df952d16724b4cad26491b612d/elements - {"using":"xpath","value":"//button[@data-kt=\"addButton\"]"}
RESULT: {"using":"xpath","value":"//button[@data-kt=\"addButton\"]"}
COMMAND: POST /session/6cb315df952d16724b4cad26491b612d/elements - {"using":"xpath","value":"//button[@data-kt=\"addButton\"]"}
RESULT: {"using":"xpath","value":"//button[@data-kt=\"addButton\"]"}
COMMAND: POST /session/6cb315df952d16724b4cad26491b612d/elements - {"using":"xpath","value":"//button[@data-kt=\"addButton\"]"}
RESULT: {"using":"xpath","value":"//button[@data-kt=\"addButton\"]"}
COMMAND: POST /session/6cb315df952d16724b4cad26491b612d/elements - {"using":"xpath","value":"//button[@data-kt=\"addButton\"]"}
RESULT: {"using":"xpath","value":"//button[@data-kt=\"addButton\"]"}
COMMAND: POST /session/6cb315df952d16724b4cad26491b612d/elements - {"using":"xpath","value":"//button[@data-kt=\"addButton\"]"}
RESULT: {"using":"xpath","value":"//button[@data-kt=\"addButton\"]"}
COMMAND: POST /session/6cb315df952d16724b4cad26491b612d/elements - {"using":"xpath","value":"//button[@data-kt=\"addButton\"]"}
RESULT: {"using":"xpath","value":"//button[@data-kt=\"addButton\"]"}
COMMAND: POST /session/6cb315df952d16724b4cad26491b612d/elements - {"using":"xpath","value":"//button[@data-kt=\"addButton\"]"}
RESULT: {"using":"xpath","value":"//button[@data-kt=\"addButton\"]"}
COMMAND: POST /session/6cb315df952d16724b4cad26491b612d/elements - {"using":"xpath","value":"//button[@data-kt=\"addButton\"]"}
RESULT: {"using":"xpath","value":"//button[@data-kt=\"addButton\"]"}
COMMAND: POST /session/6cb315df952d16724b4cad26491b612d/elements - {"using":"xpath","value":"//button[@data-kt=\"addButton\"]"}
RESULT: {"using":"xpath","value":"//button[@data-kt=\"addButton\"]"}
COMMAND: POST /session/6cb315df952d16724b4cad26491b612d/elements - {"using":"xpath","value":"//button[@data-kt=\"addButton\"]"}
RESULT: {"using":"xpath","value":"//button[@data-kt=\"addButton\"]"}
COMMAND: POST /session/6cb315df952d16724b4cad26491b612d/elements - {"using":"xpath","value":"//button[@data-kt=\"addButton\"]"}
RESULT: {"using":"xpath","value":"//button[@data-kt=\"addButton\"]"}
COMMAND: POST /session/6cb315df952d16724b4cad26491b612d/elements - {"using":"xpath","value":"//button[@data-kt=\"addButton\"]"}
RESULT: {"using":"xpath","value":"//button[@data-kt=\"addButton\"]"}
COMMAND: POST /session/6cb315df952d16724b4cad26491b612d/elements - {"using":"xpath","value":"//button[@data-kt=\"addButton\"]"}
RESULT: {"using":"xpath","value":"//button[@data-kt=\"addButton\"]"}
COMMAND: POST /session/6cb315df952d16724b4cad26491b612d/elements - {"using":"xpath","value":"//button[@data-kt=\"addButton\"]"}
RESULT: {"using":"xpath","value":"//button[@data-kt=\"addButton\"]"}
COMMAND: POST /session/6cb315df952d16724b4cad26491b612d/elements - {"using":"xpath","value":"//button[@data-kt=\"addButton\"]"}
RESULT: {"using":"xpath","value":"//button[@data-kt=\"addButton\"]"}
COMMAND: POST /session/6cb315df952d16724b4cad26491b612d/elements - {"using":"xpath","value":"//button[@data-kt=\"addButton\"]"}
RESULT: {"using":"xpath","value":"//button[@data-kt=\"addButton\"]"}
COMMAND: POST /session/6cb315df952d16724b4cad26491b612d/elements - {"using":"xpath","value":"//button[@data-kt=\"addButton\"]"}
RESULT: {"using":"xpath","value":"//button[@data-kt=\"addButton\"]"}
COMMAND: POST /session/6cb315df952d16724b4cad26491b612d/elements - {"using":"xpath","value":"//button[@data-kt=\"addButton\"]"}
RESULT: {"using":"xpath","value":"//button[@data-kt=\"addButton\"]"}
COMMAND: POST /session/6cb315df952d16724b4cad26491b612d/elements - {"using":"xpath","value":"//button[@data-kt=\"addButton\"]"}
RESULT: {"using":"xpath","value":"//button[@data-kt=\"addButton\"]"}
COMMAND: POST /session/6cb315df952d16724b4cad26491b612d/elements - {"using":"xpath","value":"//button[@data-kt=\"addButton\"]"}
RESULT: {"using":"xpath","value":"//button[@data-kt=\"addButton\"]"}
COMMAND: POST /session/6cb315df952d16724b4cad26491b612d/elements - {"using":"xpath","value":"//button[@data-kt=\"addButton\"]"}
RESULT: {"using":"xpath","value":"//button[@data-kt=\"addButton\"]"}
COMMAND: POST /session/6cb315df952d16724b4cad26491b612d/elements - {"using":"xpath","value":"//button[@data-kt=\"addButton\"]"}
RESULT: {"using":"xpath","value":"//button[@data-kt=\"addButton\"]"}
COMMAND: POST /session/6cb315df952d16724b4cad26491b612d/elements - {"using":"xpath","value":"//button[@data-kt=\"addButton\"]"}
RESULT: {"using":"xpath","value":"//button[@data-kt=\"addButton\"]"}
COMMAND: POST /session/6cb315df952d16724b4cad26491b612d/elements - {"using":"xpath","value":"//button[@data-kt=\"addButton\"]"}
RESULT: {"using":"xpath","value":"//button[@data-kt=\"addButton\"]"}
COMMAND: POST /session/6cb315df952d16724b4cad26491b612d/elements - {"using":"xpath","value":"//button[@data-kt=\"addButton\"]"}
RESULT: {"using":"xpath","value":"//button[@data-kt=\"addButton\"]"}
COMMAND: POST /session/6cb315df952d16724b4cad26491b612d/elements - {"using":"xpath","value":"//button[@data-kt=\"addButton\"]"}
RESULT: {"using":"xpath","value":"//button[@data-kt=\"addButton\"]"}
COMMAND: POST /session/6cb315df952d16724b4cad26491b612d/elements - {"using":"xpath","value":"//button[@data-kt=\"addButton\"]"}
RESULT: {"using":"xpath","value":"//button[@data-kt=\"addButton\"]"}
COMMAND: GET /session/6cb315df952d16724b4cad26491b612d/screenshot - {}
RESULT: {}
]]></system-out>
      <system-err><![CDATA[
Error: element ("//button[@data-kt="addButton"]") still not existing after 45000ms
    at async UtilsPrerequisites.partnerCreation (D:\a\1\s\test\specs\BTS\prerequisites-and-utils-functions.js:387:9)
    at async Context.<anonymous> (D:\a\1\s\test\specs\BTS\manage-partners.spec.js:355:44)
]]></system-err>
    </testcase>
    <testcase classname="chrome.136_0_7103_49.windows.Partner_specific_tests_US150819_US151080_US151654_US151176_US103444_US151078_US151079_US151109_US151174_US151175_US151189" name="Should create a new intracompany partner edit some of its fields US151079" time="87.643">
      <skipped />
      <system-out><![CDATA[
COMMAND: GET /session/6cb315df952d16724b4cad26491b612d/screenshot - {}
COMMAND: POST /session/6cb315df952d16724b4cad26491b612d/element - {"using":"xpath","value":"//li[.//span[text()=\"Manage Partners\"]]"}
RESULT: {"using":"xpath","value":"//li[.//span[text()=\"Manage Partners\"]]"}
COMMAND: POST /session/6cb315df952d16724b4cad26491b612d/element - {"using":"xpath","value":"//li[.//span[text()=\"Manage Partners\"]]"}
RESULT: {}
RESULT: {"using":"xpath","value":"//li[.//span[text()=\"Manage Partners\"]]"}
COMMAND: POST /session/6cb315df952d16724b4cad26491b612d/element - {"using":"css selector","value":"#shell-header-logo"}
RESULT: {"using":"css selector","value":"#shell-header-logo"}
COMMAND: POST /session/6cb315df952d16724b4cad26491b612d/elements - {"using":"css selector","value":"#shell-header-logo"}
COMMAND: POST /session/6cb315df952d16724b4cad26491b612d/element - {"using":"css selector","value":"#shell-header-logo"}
RESULT: {"using":"css selector","value":"#shell-header-logo"}
RESULT: {"using":"css selector","value":"#shell-header-logo"}
COMMAND: POST /session/6cb315df952d16724b4cad26491b612d/elements - {"using":"css selector","value":"#shell-header-logo"}
RESULT: {"using":"css selector","value":"#shell-header-logo"}
COMMAND: POST /session/6cb315df952d16724b4cad26491b612d/elements - {"using":"css selector","value":"#shell-header-logo"}
RESULT: {"using":"css selector","value":"#shell-header-logo"}
COMMAND: POST /session/6cb315df952d16724b4cad26491b612d/elements - {"using":"css selector","value":"#shell-header-logo"}
RESULT: {"using":"css selector","value":"#shell-header-logo"}
COMMAND: POST /session/6cb315df952d16724b4cad26491b612d/elements - {"using":"css selector","value":"#shell-header-logo"}
RESULT: {"using":"css selector","value":"#shell-header-logo"}
COMMAND: POST /session/6cb315df952d16724b4cad26491b612d/elements - {"using":"css selector","value":"#shell-header-logo"}
RESULT: {"using":"css selector","value":"#shell-header-logo"}
COMMAND: POST /session/6cb315df952d16724b4cad26491b612d/elements - {"using":"css selector","value":"#shell-header-logo"}
RESULT: {"using":"css selector","value":"#shell-header-logo"}
COMMAND: POST /session/6cb315df952d16724b4cad26491b612d/elements - {"using":"css selector","value":"#shell-header-logo"}
RESULT: {"using":"css selector","value":"#shell-header-logo"}
COMMAND: POST /session/6cb315df952d16724b4cad26491b612d/elements - {"using":"css selector","value":"#shell-header-logo"}
RESULT: {"using":"css selector","value":"#shell-header-logo"}
COMMAND: POST /session/6cb315df952d16724b4cad26491b612d/elements - {"using":"css selector","value":"#shell-header-logo"}
RESULT: {"using":"css selector","value":"#shell-header-logo"}
COMMAND: POST /session/6cb315df952d16724b4cad26491b612d/elements - {"using":"css selector","value":"#shell-header-logo"}
RESULT: {"using":"css selector","value":"#shell-header-logo"}
COMMAND: POST /session/6cb315df952d16724b4cad26491b612d/elements - {"using":"css selector","value":"#shell-header-logo"}
RESULT: {"using":"css selector","value":"#shell-header-logo"}
COMMAND: POST /session/6cb315df952d16724b4cad26491b612d/elements - {"using":"css selector","value":"#shell-header-logo"}
RESULT: {"using":"css selector","value":"#shell-header-logo"}
COMMAND: POST /session/6cb315df952d16724b4cad26491b612d/elements - {"using":"css selector","value":"#shell-header-logo"}
RESULT: {"using":"css selector","value":"#shell-header-logo"}
COMMAND: POST /session/6cb315df952d16724b4cad26491b612d/elements - {"using":"css selector","value":"#shell-header-logo"}
RESULT: {"using":"css selector","value":"#shell-header-logo"}
COMMAND: POST /session/6cb315df952d16724b4cad26491b612d/elements - {"using":"css selector","value":"#shell-header-logo"}
RESULT: {"using":"css selector","value":"#shell-header-logo"}
COMMAND: POST /session/6cb315df952d16724b4cad26491b612d/elements - {"using":"css selector","value":"#shell-header-logo"}
RESULT: {"using":"css selector","value":"#shell-header-logo"}
COMMAND: POST /session/6cb315df952d16724b4cad26491b612d/elements - {"using":"css selector","value":"#shell-header-logo"}
RESULT: {"using":"css selector","value":"#shell-header-logo"}
COMMAND: POST /session/6cb315df952d16724b4cad26491b612d/elements - {"using":"css selector","value":"#shell-header-logo"}
RESULT: {"using":"css selector","value":"#shell-header-logo"}
COMMAND: POST /session/6cb315df952d16724b4cad26491b612d/elements - {"using":"css selector","value":"#shell-header-logo"}
RESULT: {"using":"css selector","value":"#shell-header-logo"}
COMMAND: POST /session/6cb315df952d16724b4cad26491b612d/elements - {"using":"css selector","value":"#shell-header-logo"}
COMMAND: POST /session/6cb315df952d16724b4cad26491b612d/refresh - {}
RESULT: {"using":"css selector","value":"#shell-header-logo"}
COMMAND: POST /session/6cb315df952d16724b4cad26491b612d/elements - {"using":"css selector","value":"#shell-header-logo"}
RESULT: {}
COMMAND: GET /session/6cb315df952d16724b4cad26491b612d/screenshot - {}
RESULT: {"using":"css selector","value":"#shell-header-logo"}
RESULT: {}
COMMAND: POST /session/6cb315df952d16724b4cad26491b612d/elements - {"using":"css selector","value":"#shell-header-logo"}
RESULT: {"using":"css selector","value":"#shell-header-logo"}
COMMAND: POST /session/6cb315df952d16724b4cad26491b612d/elements - {"using":"css selector","value":"#shell-header-logo"}
RESULT: {"using":"css selector","value":"#shell-header-logo"}
COMMAND: POST /session/6cb315df952d16724b4cad26491b612d/elements - {"using":"css selector","value":"#shell-header-logo"}
RESULT: {"using":"css selector","value":"#shell-header-logo"}
COMMAND: POST /session/6cb315df952d16724b4cad26491b612d/elements - {"using":"css selector","value":"#shell-header-logo"}
RESULT: {"using":"css selector","value":"#shell-header-logo"}
COMMAND: POST /session/6cb315df952d16724b4cad26491b612d/elements - {"using":"css selector","value":"#shell-header-logo"}
RESULT: {"using":"css selector","value":"#shell-header-logo"}
COMMAND: POST /session/6cb315df952d16724b4cad26491b612d/elements - {"using":"css selector","value":"#shell-header-logo"}
RESULT: {"using":"css selector","value":"#shell-header-logo"}
COMMAND: POST /session/6cb315df952d16724b4cad26491b612d/elements - {"using":"css selector","value":"#shell-header-logo"}
RESULT: {"using":"css selector","value":"#shell-header-logo"}
COMMAND: POST /session/6cb315df952d16724b4cad26491b612d/elements - {"using":"css selector","value":"#shell-header-logo"}
RESULT: {"using":"css selector","value":"#shell-header-logo"}
COMMAND: POST /session/6cb315df952d16724b4cad26491b612d/elements - {"using":"css selector","value":"#shell-header-logo"}
RESULT: {"using":"css selector","value":"#shell-header-logo"}
COMMAND: POST /session/6cb315df952d16724b4cad26491b612d/elements - {"using":"css selector","value":"#shell-header-logo"}
RESULT: {"using":"css selector","value":"#shell-header-logo"}
COMMAND: POST /session/6cb315df952d16724b4cad26491b612d/elements - {"using":"css selector","value":"#shell-header-logo"}
RESULT: {"using":"css selector","value":"#shell-header-logo"}
COMMAND: POST /session/6cb315df952d16724b4cad26491b612d/elements - {"using":"css selector","value":"#shell-header-logo"}
RESULT: {"using":"css selector","value":"#shell-header-logo"}
COMMAND: POST /session/6cb315df952d16724b4cad26491b612d/elements - {"using":"css selector","value":"#shell-header-logo"}
RESULT: {"using":"css selector","value":"#shell-header-logo"}
COMMAND: POST /session/6cb315df952d16724b4cad26491b612d/elements - {"using":"css selector","value":"#shell-header-logo"}
RESULT: {"using":"css selector","value":"#shell-header-logo"}
COMMAND: POST /session/6cb315df952d16724b4cad26491b612d/elements - {"using":"css selector","value":"#shell-header-logo"}
RESULT: {"using":"css selector","value":"#shell-header-logo"}
COMMAND: POST /session/6cb315df952d16724b4cad26491b612d/elements - {"using":"css selector","value":"#shell-header-logo"}
RESULT: {"using":"css selector","value":"#shell-header-logo"}
COMMAND: POST /session/6cb315df952d16724b4cad26491b612d/elements - {"using":"css selector","value":"#shell-header-logo"}
RESULT: {"using":"css selector","value":"#shell-header-logo"}
COMMAND: POST /session/6cb315df952d16724b4cad26491b612d/elements - {"using":"css selector","value":"#shell-header-logo"}
RESULT: {"using":"css selector","value":"#shell-header-logo"}
COMMAND: POST /session/6cb315df952d16724b4cad26491b612d/elements - {"using":"css selector","value":"#shell-header-logo"}
RESULT: {"using":"css selector","value":"#shell-header-logo"}
COMMAND: POST /session/6cb315df952d16724b4cad26491b612d/elements - {"using":"css selector","value":"#shell-header-logo"}
RESULT: {"using":"css selector","value":"#shell-header-logo"}
COMMAND: POST /session/6cb315df952d16724b4cad26491b612d/refresh - {}
COMMAND: POST /session/6cb315df952d16724b4cad26491b612d/elements - {"using":"css selector","value":"#shell-header-logo"}
RESULT: {}
COMMAND: GET /session/6cb315df952d16724b4cad26491b612d/screenshot - {}
RESULT: {"using":"css selector","value":"#shell-header-logo"}
COMMAND: POST /session/6cb315df952d16724b4cad26491b612d/elements - {"using":"css selector","value":"#shell-header-logo"}
RESULT: {}
RESULT: {"using":"css selector","value":"#shell-header-logo"}
COMMAND: POST /session/6cb315df952d16724b4cad26491b612d/elements - {"using":"css selector","value":"#shell-header-logo"}
RESULT: {"using":"css selector","value":"#shell-header-logo"}
COMMAND: POST /session/6cb315df952d16724b4cad26491b612d/elements - {"using":"css selector","value":"#shell-header-logo"}
RESULT: {"using":"css selector","value":"#shell-header-logo"}
COMMAND: POST /session/6cb315df952d16724b4cad26491b612d/elements - {"using":"css selector","value":"#shell-header-logo"}
RESULT: {"using":"css selector","value":"#shell-header-logo"}
COMMAND: POST /session/6cb315df952d16724b4cad26491b612d/elements - {"using":"css selector","value":"#shell-header-logo"}
RESULT: {"using":"css selector","value":"#shell-header-logo"}
COMMAND: POST /session/6cb315df952d16724b4cad26491b612d/elements - {"using":"css selector","value":"#shell-header-logo"}
RESULT: {"using":"css selector","value":"#shell-header-logo"}
COMMAND: POST /session/6cb315df952d16724b4cad26491b612d/elements - {"using":"css selector","value":"#shell-header-logo"}
RESULT: {"using":"css selector","value":"#shell-header-logo"}
COMMAND: POST /session/6cb315df952d16724b4cad26491b612d/elements - {"using":"css selector","value":"#shell-header-logo"}
RESULT: {"using":"css selector","value":"#shell-header-logo"}
COMMAND: POST /session/6cb315df952d16724b4cad26491b612d/elements - {"using":"css selector","value":"#shell-header-logo"}
RESULT: {"using":"css selector","value":"#shell-header-logo"}
COMMAND: POST /session/6cb315df952d16724b4cad26491b612d/elements - {"using":"css selector","value":"#shell-header-logo"}
RESULT: {"using":"css selector","value":"#shell-header-logo"}
COMMAND: POST /session/6cb315df952d16724b4cad26491b612d/elements - {"using":"css selector","value":"#shell-header-logo"}
RESULT: {"using":"css selector","value":"#shell-header-logo"}
COMMAND: POST /session/6cb315df952d16724b4cad26491b612d/elements - {"using":"css selector","value":"#shell-header-logo"}
RESULT: {"using":"css selector","value":"#shell-header-logo"}
COMMAND: POST /session/6cb315df952d16724b4cad26491b612d/elements - {"using":"css selector","value":"#shell-header-logo"}
RESULT: {"using":"css selector","value":"#shell-header-logo"}
COMMAND: POST /session/6cb315df952d16724b4cad26491b612d/elements - {"using":"css selector","value":"#shell-header-logo"}
RESULT: {"using":"css selector","value":"#shell-header-logo"}
COMMAND: POST /session/6cb315df952d16724b4cad26491b612d/elements - {"using":"css selector","value":"#shell-header-logo"}
RESULT: {"using":"css selector","value":"#shell-header-logo"}
COMMAND: POST /session/6cb315df952d16724b4cad26491b612d/elements - {"using":"css selector","value":"#shell-header-logo"}
RESULT: {"using":"css selector","value":"#shell-header-logo"}
COMMAND: POST /session/6cb315df952d16724b4cad26491b612d/elements - {"using":"css selector","value":"#shell-header-logo"}
RESULT: {"using":"css selector","value":"#shell-header-logo"}
COMMAND: POST /session/6cb315df952d16724b4cad26491b612d/elements - {"using":"css selector","value":"#shell-header-logo"}
RESULT: {"using":"css selector","value":"#shell-header-logo"}
COMMAND: POST /session/6cb315df952d16724b4cad26491b612d/elements - {"using":"css selector","value":"#shell-header-logo"}
RESULT: {"using":"css selector","value":"#shell-header-logo"}
COMMAND: POST /session/6cb315df952d16724b4cad26491b612d/elements - {"using":"css selector","value":"#shell-header-logo"}
RESULT: {"using":"css selector","value":"#shell-header-logo"}
COMMAND: POST /session/6cb315df952d16724b4cad26491b612d/window/fullscreen - {}
COMMAND: POST /session/6cb315df952d16724b4cad26491b612d/elements - {"using":"css selector","value":"#shell-header-logo"}
RESULT: {}
RESULT: {"using":"css selector","value":"#shell-header-logo"}
COMMAND: POST /session/6cb315df952d16724b4cad26491b612d/elements - {"using":"css selector","value":"#shell-header-logo"}
RESULT: {"using":"css selector","value":"#shell-header-logo"}
COMMAND: POST /session/6cb315df952d16724b4cad26491b612d/elements - {"using":"css selector","value":"#shell-header-logo"}
RESULT: {"using":"css selector","value":"#shell-header-logo"}
COMMAND: POST /session/6cb315df952d16724b4cad26491b612d/elements - {"using":"css selector","value":"#shell-header-logo"}
RESULT: {"using":"css selector","value":"#shell-header-logo"}
COMMAND: POST /session/6cb315df952d16724b4cad26491b612d/elements - {"using":"css selector","value":"#shell-header-logo"}
RESULT: {"using":"css selector","value":"#shell-header-logo"}
COMMAND: POST /session/6cb315df952d16724b4cad26491b612d/elements - {"using":"css selector","value":"#shell-header-logo"}
RESULT: {"using":"css selector","value":"#shell-header-logo"}
COMMAND: POST /session/6cb315df952d16724b4cad26491b612d/elements - {"using":"css selector","value":"#shell-header-logo"}
RESULT: {"using":"css selector","value":"#shell-header-logo"}
COMMAND: POST /session/6cb315df952d16724b4cad26491b612d/elements - {"using":"css selector","value":"#shell-header-logo"}
RESULT: {"using":"css selector","value":"#shell-header-logo"}
COMMAND: POST /session/6cb315df952d16724b4cad26491b612d/elements - {"using":"css selector","value":"#shell-header-logo"}
RESULT: {"using":"css selector","value":"#shell-header-logo"}
COMMAND: POST /session/6cb315df952d16724b4cad26491b612d/elements - {"using":"css selector","value":"#shell-header-logo"}
RESULT: {"using":"css selector","value":"#shell-header-logo"}
COMMAND: POST /session/6cb315df952d16724b4cad26491b612d/elements - {"using":"css selector","value":"#shell-header-logo"}
COMMAND: POST /session/6cb315df952d16724b4cad26491b612d/execute/async - {"script":"<script> [189 bytes]","args":[]}
RESULT: {"using":"css selector","value":"#shell-header-logo"}
RESULT: {"script":"<script> [189 bytes]","args":[]}
COMMAND: POST /session/6cb315df952d16724b4cad26491b612d/execute/async - {"script":"<script> [123 bytes]","args":[]}
RESULT: {"script":"<script> [123 bytes]","args":[]}
COMMAND: POST /session/6cb315df952d16724b4cad26491b612d/timeouts - {"script":"<number>"}
RESULT: {"script":"<number>"}
COMMAND: GET /session/6cb315df952d16724b4cad26491b612d/timeouts - {}
RESULT: {}
RESULT: undefined
COMMAND: POST /session/6cb315df952d16724b4cad26491b612d/execute/async - {"script":"<script> [2676 bytes]","args":[]}
RESULT: {"script":"<script> [2676 bytes]","args":[]}
COMMAND: POST /session/6cb315df952d16724b4cad26491b612d/execute/async - {"script":"<script> [2342 bytes]","args":[{"protocol":"http","hostname":"0.0.0.0","path":"/","capabilities":{"browserName":"chrome","goog:chromeOptions":{"binary":"C:\\Program Files\\Google\\Chrome\\Application\\chrome.exe","args":["--start-maximized"]}},"logLevel":"warn","connectionRetryTimeout":120000,"connectionRetryCount":3,"logLevels":{},"enableDirectConnect":true,"strictSSL":true,"_":"65 more keys: [\"cacheDir\",\"port\",\"requestedCapabilities\",\"automationProtocol\",\"baseUrl\",\"waitforInterval\",\"waitforTimeout\",\"onReload\",\"beforeCommand\",\"afterCommand\",\"rootDir\",\"specs\",\"suites\",\"exclude\",\"groupLogsByTestSpec\",\"excludeDriverLogs\",\"bail\",\"framework\",\"reporters\",\"services\",\"maxInstances\",\"maxInstancesPerCapability\",\"injectGlobals\",\"filesToWatch\",\"execArgv\",\"runnerEnv\",\"runner\",\"shard\",\"specFileRetries\",\"specFileRetriesDelay\",\"specFileRetriesDeferred\",\"reporterSyncInterval\",\"reporterSyncTimeout\",\"cucumberFeaturesWithLineNumbers\",\"autoCompileOpts\",\"mochaOpts\",\"jasmineOpts\",\"cucumberOpts\",\"onPrepare\",\"onWorkerStart\",\"onWorkerEnd\",\"before\",\"beforeSession\",\"beforeSuite\",\"beforeHook\",\"beforeTest\",\"afterTest\",\"afterHook\",\"afterSuite\",\"afterSession\",\"after\",\"onComplete\",\"beforeAssertion\",\"afterAssertion\",\"beforeFeature\",\"beforeScenario\",\"beforeStep\",\"afterStep\",\"afterScenario\",\"afterFeature\",\"_\",\"suite\",\"$0\",\"ignoredWorkerServices\",\"wdi5\"]"}]}
RESULT: {"script":"<script> [2342 bytes]","args":[{"protocol":"http","hostname":"0.0.0.0","path":"/","capabilities":{"browserName":"chrome","goog:chromeOptions":{"binary":"C:\\Program Files\\Google\\Chrome\\Application\\chrome.exe","args":["--start-maximized"]}},"logLevel":"warn","connectionRetryTimeout":120000,"connectionRetryCount":3,"logLevels":{},"enableDirectConnect":true,"strictSSL":true,"_":"65 more keys: [\"cacheDir\",\"port\",\"requestedCapabilities\",\"automationProtocol\",\"baseUrl\",\"waitforInterval\",\"waitforTimeout\",\"onReload\",\"beforeCommand\",\"afterCommand\",\"rootDir\",\"specs\",\"suites\",\"exclude\",\"groupLogsByTestSpec\",\"excludeDriverLogs\",\"bail\",\"framework\",\"reporters\",\"services\",\"maxInstances\",\"maxInstancesPerCapability\",\"injectGlobals\",\"filesToWatch\",\"execArgv\",\"runnerEnv\",\"runner\",\"shard\",\"specFileRetries\",\"specFileRetriesDelay\",\"specFileRetriesDeferred\",\"reporterSyncInterval\",\"reporterSyncTimeout\",\"cucumberFeaturesWithLineNumbers\",\"autoCompileOpts\",\"mochaOpts\",\"jasmineOpts\",\"cucumberOpts\",\"onPrepare\",\"onWorkerStart\",\"onWorkerEnd\",\"before\",\"beforeSession\",\"beforeSuite\",\"beforeHook\",\"beforeTest\",\"afterTest\",\"afterHook\",\"afterSuite\",\"afterSession\",\"after\",\"onComplete\",\"beforeAssertion\",\"afterAssertion\",\"beforeFeature\",\"beforeScenario\",\"beforeStep\",\"afterStep\",\"afterScenario\",\"afterFeature\",\"_\",\"suite\",\"$0\",\"ignoredWorkerServices\",\"wdi5\"]"}]}
COMMAND: POST /session/6cb315df952d16724b4cad26491b612d/execute/async - {"script":"<script> [21126 bytes]","args":[35000]}
RESULT: {"script":"<script> [21126 bytes]","args":[35000]}
COMMAND: POST /session/6cb315df952d16724b4cad26491b612d/elements - {"using":"css selector","value":"#shell-header-logo"}
RESULT: {"using":"css selector","value":"#shell-header-logo"}
COMMAND: POST /session/6cb315df952d16724b4cad26491b612d/elements - {"using":"css selector","value":"#shell-header-logo"}
RESULT: {"using":"css selector","value":"#shell-header-logo"}
COMMAND: POST /session/6cb315df952d16724b4cad26491b612d/elements - {"using":"css selector","value":"#shell-header-logo"}
RESULT: {"using":"css selector","value":"#shell-header-logo"}
COMMAND: POST /session/6cb315df952d16724b4cad26491b612d/elements - {"using":"css selector","value":"#shell-header-logo"}
RESULT: {"using":"css selector","value":"#shell-header-logo"}
COMMAND: POST /session/6cb315df952d16724b4cad26491b612d/elements - {"using":"css selector","value":"#shell-header-logo"}
RESULT: {"using":"css selector","value":"#shell-header-logo"}
COMMAND: POST /session/6cb315df952d16724b4cad26491b612d/elements - {"using":"css selector","value":"#shell-header-logo"}
RESULT: {"using":"css selector","value":"#shell-header-logo"}
COMMAND: POST /session/6cb315df952d16724b4cad26491b612d/elements - {"using":"css selector","value":"#shell-header-logo"}
RESULT: {"using":"css selector","value":"#shell-header-logo"}
COMMAND: POST /session/6cb315df952d16724b4cad26491b612d/elements - {"using":"css selector","value":"#shell-header-logo"}
RESULT: {"using":"css selector","value":"#shell-header-logo"}
COMMAND: POST /session/6cb315df952d16724b4cad26491b612d/elements - {"using":"css selector","value":"#shell-header-logo"}
RESULT: {"using":"css selector","value":"#shell-header-logo"}
COMMAND: POST /session/6cb315df952d16724b4cad26491b612d/elements - {"using":"css selector","value":"#shell-header-logo"}
RESULT: {"using":"css selector","value":"#shell-header-logo"}
COMMAND: POST /session/6cb315df952d16724b4cad26491b612d/window/fullscreen - {}
RESULT: {}
COMMAND: POST /session/6cb315df952d16724b4cad26491b612d/window/fullscreen - {}
RESULT: {}
COMMAND: POST /session/6cb315df952d16724b4cad26491b612d/execute/async - {"script":"<script> [1562 bytes]","args":[{"selector":{"controlType":"sap.m.GenericTile","properties":{"header":"Manage Partners"}},"wdio_ui5_key":"sapm.GenericTile{\"header\":\"Manage Partners\"}"}]}
COMMAND: POST /session/6cb315df952d16724b4cad26491b612d/elements - {"using":"css selector","value":"#shell-header-logo"}
RESULT: {"script":"<script> [1562 bytes]","args":[{"selector":{"controlType":"sap.m.GenericTile","properties":{"header":"Manage Partners"}},"wdio_ui5_key":"sapm.GenericTile{\"header\":\"Manage Partners\"}"}]}
RESULT: undefined
COMMAND: POST /session/6cb315df952d16724b4cad26491b612d/element - {"using":"xpath","value":"//button[@data-kt=\"addButton\"]"}
RESULT: {"using":"css selector","value":"#shell-header-logo"}
RESULT: {"using":"xpath","value":"//button[@data-kt=\"addButton\"]"}
COMMAND: POST /session/6cb315df952d16724b4cad26491b612d/elements - {"using":"xpath","value":"//button[@data-kt=\"addButton\"]"}
RESULT: {"using":"xpath","value":"//button[@data-kt=\"addButton\"]"}
COMMAND: POST /session/6cb315df952d16724b4cad26491b612d/elements - {"using":"css selector","value":"#shell-header-logo"}
RESULT: {"using":"css selector","value":"#shell-header-logo"}
COMMAND: POST /session/6cb315df952d16724b4cad26491b612d/elements - {"using":"xpath","value":"//button[@data-kt=\"addButton\"]"}
RESULT: {"using":"xpath","value":"//button[@data-kt=\"addButton\"]"}
COMMAND: POST /session/6cb315df952d16724b4cad26491b612d/elements - {"using":"css selector","value":"#shell-header-logo"}
RESULT: {"using":"css selector","value":"#shell-header-logo"}
COMMAND: POST /session/6cb315df952d16724b4cad26491b612d/elements - {"using":"xpath","value":"//button[@data-kt=\"addButton\"]"}
RESULT: {"using":"xpath","value":"//button[@data-kt=\"addButton\"]"}
COMMAND: POST /session/6cb315df952d16724b4cad26491b612d/elements - {"using":"css selector","value":"#shell-header-logo"}
RESULT: {"using":"css selector","value":"#shell-header-logo"}
COMMAND: POST /session/6cb315df952d16724b4cad26491b612d/elements - {"using":"xpath","value":"//button[@data-kt=\"addButton\"]"}
RESULT: {"using":"xpath","value":"//button[@data-kt=\"addButton\"]"}
COMMAND: POST /session/6cb315df952d16724b4cad26491b612d/elements - {"using":"css selector","value":"#shell-header-logo"}
RESULT: {"using":"css selector","value":"#shell-header-logo"}
COMMAND: POST /session/6cb315df952d16724b4cad26491b612d/elements - {"using":"xpath","value":"//button[@data-kt=\"addButton\"]"}
RESULT: {"using":"xpath","value":"//button[@data-kt=\"addButton\"]"}
COMMAND: POST /session/6cb315df952d16724b4cad26491b612d/elements - {"using":"css selector","value":"#shell-header-logo"}
RESULT: {"using":"css selector","value":"#shell-header-logo"}
COMMAND: POST /session/6cb315df952d16724b4cad26491b612d/elements - {"using":"xpath","value":"//button[@data-kt=\"addButton\"]"}
RESULT: {"using":"xpath","value":"//button[@data-kt=\"addButton\"]"}
COMMAND: POST /session/6cb315df952d16724b4cad26491b612d/elements - {"using":"css selector","value":"#shell-header-logo"}
RESULT: {"using":"css selector","value":"#shell-header-logo"}
COMMAND: POST /session/6cb315df952d16724b4cad26491b612d/elements - {"using":"xpath","value":"//button[@data-kt=\"addButton\"]"}
RESULT: {"using":"xpath","value":"//button[@data-kt=\"addButton\"]"}
COMMAND: POST /session/6cb315df952d16724b4cad26491b612d/elements - {"using":"css selector","value":"#shell-header-logo"}
RESULT: {"using":"css selector","value":"#shell-header-logo"}
COMMAND: POST /session/6cb315df952d16724b4cad26491b612d/elements - {"using":"xpath","value":"//button[@data-kt=\"addButton\"]"}
RESULT: {"using":"xpath","value":"//button[@data-kt=\"addButton\"]"}
COMMAND: POST /session/6cb315df952d16724b4cad26491b612d/elements - {"using":"css selector","value":"#shell-header-logo"}
RESULT: {"using":"css selector","value":"#shell-header-logo"}
COMMAND: POST /session/6cb315df952d16724b4cad26491b612d/elements - {"using":"xpath","value":"//button[@data-kt=\"addButton\"]"}
RESULT: {"using":"xpath","value":"//button[@data-kt=\"addButton\"]"}
COMMAND: POST /session/6cb315df952d16724b4cad26491b612d/elements - {"using":"css selector","value":"#shell-header-logo"}
RESULT: {"using":"css selector","value":"#shell-header-logo"}
COMMAND: POST /session/6cb315df952d16724b4cad26491b612d/elements - {"using":"xpath","value":"//button[@data-kt=\"addButton\"]"}
RESULT: {"using":"xpath","value":"//button[@data-kt=\"addButton\"]"}
COMMAND: POST /session/6cb315df952d16724b4cad26491b612d/elements - {"using":"css selector","value":"#shell-header-logo"}
RESULT: {"using":"css selector","value":"#shell-header-logo"}
COMMAND: POST /session/6cb315df952d16724b4cad26491b612d/elements - {"using":"xpath","value":"//button[@data-kt=\"addButton\"]"}
RESULT: {"using":"xpath","value":"//button[@data-kt=\"addButton\"]"}
COMMAND: POST /session/6cb315df952d16724b4cad26491b612d/elements - {"using":"css selector","value":"#shell-header-logo"}
RESULT: {"using":"css selector","value":"#shell-header-logo"}
COMMAND: POST /session/6cb315df952d16724b4cad26491b612d/elements - {"using":"xpath","value":"//button[@data-kt=\"addButton\"]"}
RESULT: {"using":"xpath","value":"//button[@data-kt=\"addButton\"]"}
COMMAND: POST /session/6cb315df952d16724b4cad26491b612d/elements - {"using":"css selector","value":"#shell-header-logo"}
RESULT: {"using":"css selector","value":"#shell-header-logo"}
COMMAND: POST /session/6cb315df952d16724b4cad26491b612d/elements - {"using":"xpath","value":"//button[@data-kt=\"addButton\"]"}
RESULT: {"using":"xpath","value":"//button[@data-kt=\"addButton\"]"}
COMMAND: POST /session/6cb315df952d16724b4cad26491b612d/elements - {"using":"css selector","value":"#shell-header-logo"}
RESULT: {"using":"css selector","value":"#shell-header-logo"}
COMMAND: POST /session/6cb315df952d16724b4cad26491b612d/elements - {"using":"xpath","value":"//button[@data-kt=\"addButton\"]"}
RESULT: {"using":"xpath","value":"//button[@data-kt=\"addButton\"]"}
COMMAND: POST /session/6cb315df952d16724b4cad26491b612d/elements - {"using":"css selector","value":"#shell-header-logo"}
RESULT: {"using":"css selector","value":"#shell-header-logo"}
COMMAND: POST /session/6cb315df952d16724b4cad26491b612d/elements - {"using":"xpath","value":"//button[@data-kt=\"addButton\"]"}
RESULT: {"using":"xpath","value":"//button[@data-kt=\"addButton\"]"}
COMMAND: POST /session/6cb315df952d16724b4cad26491b612d/elements - {"using":"css selector","value":"#shell-header-logo"}
RESULT: {"using":"css selector","value":"#shell-header-logo"}
COMMAND: POST /session/6cb315df952d16724b4cad26491b612d/elements - {"using":"xpath","value":"//button[@data-kt=\"addButton\"]"}
RESULT: {"using":"xpath","value":"//button[@data-kt=\"addButton\"]"}
COMMAND: POST /session/6cb315df952d16724b4cad26491b612d/elements - {"using":"css selector","value":"#shell-header-logo"}
RESULT: {"using":"css selector","value":"#shell-header-logo"}
COMMAND: POST /session/6cb315df952d16724b4cad26491b612d/elements - {"using":"xpath","value":"//button[@data-kt=\"addButton\"]"}
RESULT: {"using":"xpath","value":"//button[@data-kt=\"addButton\"]"}
COMMAND: POST /session/6cb315df952d16724b4cad26491b612d/elements - {"using":"css selector","value":"#shell-header-logo"}
RESULT: {"using":"css selector","value":"#shell-header-logo"}
COMMAND: POST /session/6cb315df952d16724b4cad26491b612d/elements - {"using":"xpath","value":"//button[@data-kt=\"addButton\"]"}
RESULT: {"using":"xpath","value":"//button[@data-kt=\"addButton\"]"}
COMMAND: POST /session/6cb315df952d16724b4cad26491b612d/elements - {"using":"css selector","value":"#shell-header-logo"}
RESULT: {"using":"css selector","value":"#shell-header-logo"}
COMMAND: POST /session/6cb315df952d16724b4cad26491b612d/elements - {"using":"xpath","value":"//button[@data-kt=\"addButton\"]"}
RESULT: {"using":"xpath","value":"//button[@data-kt=\"addButton\"]"}
COMMAND: POST /session/6cb315df952d16724b4cad26491b612d/elements - {"using":"css selector","value":"#shell-header-logo"}
RESULT: {"using":"css selector","value":"#shell-header-logo"}
COMMAND: POST /session/6cb315df952d16724b4cad26491b612d/elements - {"using":"xpath","value":"//button[@data-kt=\"addButton\"]"}
RESULT: {"using":"xpath","value":"//button[@data-kt=\"addButton\"]"}
COMMAND: POST /session/6cb315df952d16724b4cad26491b612d/elements - {"using":"css selector","value":"#shell-header-logo"}
RESULT: {"using":"css selector","value":"#shell-header-logo"}
COMMAND: POST /session/6cb315df952d16724b4cad26491b612d/elements - {"using":"xpath","value":"//button[@data-kt=\"addButton\"]"}
RESULT: {"using":"xpath","value":"//button[@data-kt=\"addButton\"]"}
COMMAND: POST /session/6cb315df952d16724b4cad26491b612d/elements - {"using":"css selector","value":"#shell-header-logo"}
RESULT: {"using":"css selector","value":"#shell-header-logo"}
COMMAND: POST /session/6cb315df952d16724b4cad26491b612d/elements - {"using":"xpath","value":"//button[@data-kt=\"addButton\"]"}
RESULT: {"using":"xpath","value":"//button[@data-kt=\"addButton\"]"}
COMMAND: POST /session/6cb315df952d16724b4cad26491b612d/elements - {"using":"css selector","value":"#shell-header-logo"}
RESULT: {"using":"css selector","value":"#shell-header-logo"}
COMMAND: POST /session/6cb315df952d16724b4cad26491b612d/elements - {"using":"xpath","value":"//button[@data-kt=\"addButton\"]"}
RESULT: {"using":"xpath","value":"//button[@data-kt=\"addButton\"]"}
COMMAND: POST /session/6cb315df952d16724b4cad26491b612d/elements - {"using":"css selector","value":"#shell-header-logo"}
RESULT: {"using":"css selector","value":"#shell-header-logo"}
COMMAND: POST /session/6cb315df952d16724b4cad26491b612d/elements - {"using":"xpath","value":"//button[@data-kt=\"addButton\"]"}
RESULT: {"using":"xpath","value":"//button[@data-kt=\"addButton\"]"}
COMMAND: POST /session/6cb315df952d16724b4cad26491b612d/elements - {"using":"css selector","value":"#shell-header-logo"}
RESULT: {"using":"css selector","value":"#shell-header-logo"}
COMMAND: POST /session/6cb315df952d16724b4cad26491b612d/elements - {"using":"xpath","value":"//button[@data-kt=\"addButton\"]"}
RESULT: {"using":"xpath","value":"//button[@data-kt=\"addButton\"]"}
COMMAND: POST /session/6cb315df952d16724b4cad26491b612d/elements - {"using":"css selector","value":"#shell-header-logo"}
RESULT: {"using":"css selector","value":"#shell-header-logo"}
COMMAND: POST /session/6cb315df952d16724b4cad26491b612d/elements - {"using":"xpath","value":"//button[@data-kt=\"addButton\"]"}
RESULT: {"using":"xpath","value":"//button[@data-kt=\"addButton\"]"}
COMMAND: POST /session/6cb315df952d16724b4cad26491b612d/elements - {"using":"css selector","value":"#shell-header-logo"}
RESULT: {"using":"css selector","value":"#shell-header-logo"}
COMMAND: POST /session/6cb315df952d16724b4cad26491b612d/elements - {"using":"xpath","value":"//button[@data-kt=\"addButton\"]"}
RESULT: {"using":"xpath","value":"//button[@data-kt=\"addButton\"]"}
COMMAND: POST /session/6cb315df952d16724b4cad26491b612d/elements - {"using":"css selector","value":"#shell-header-logo"}
RESULT: {"using":"css selector","value":"#shell-header-logo"}
COMMAND: POST /session/6cb315df952d16724b4cad26491b612d/elements - {"using":"xpath","value":"//button[@data-kt=\"addButton\"]"}
RESULT: {"using":"xpath","value":"//button[@data-kt=\"addButton\"]"}
COMMAND: POST /session/6cb315df952d16724b4cad26491b612d/elements - {"using":"css selector","value":"#shell-header-logo"}
RESULT: {"using":"css selector","value":"#shell-header-logo"}
COMMAND: POST /session/6cb315df952d16724b4cad26491b612d/elements - {"using":"xpath","value":"//button[@data-kt=\"addButton\"]"}
RESULT: {"using":"xpath","value":"//button[@data-kt=\"addButton\"]"}
COMMAND: POST /session/6cb315df952d16724b4cad26491b612d/elements - {"using":"css selector","value":"#shell-header-logo"}
RESULT: {"using":"css selector","value":"#shell-header-logo"}
COMMAND: POST /session/6cb315df952d16724b4cad26491b612d/elements - {"using":"xpath","value":"//button[@data-kt=\"addButton\"]"}
RESULT: {"using":"xpath","value":"//button[@data-kt=\"addButton\"]"}
COMMAND: POST /session/6cb315df952d16724b4cad26491b612d/elements - {"using":"css selector","value":"#shell-header-logo"}
RESULT: {"using":"css selector","value":"#shell-header-logo"}
COMMAND: POST /session/6cb315df952d16724b4cad26491b612d/elements - {"using":"xpath","value":"//button[@data-kt=\"addButton\"]"}
RESULT: {"using":"xpath","value":"//button[@data-kt=\"addButton\"]"}
COMMAND: POST /session/6cb315df952d16724b4cad26491b612d/elements - {"using":"css selector","value":"#shell-header-logo"}
RESULT: {"using":"css selector","value":"#shell-header-logo"}
COMMAND: POST /session/6cb315df952d16724b4cad26491b612d/elements - {"using":"xpath","value":"//button[@data-kt=\"addButton\"]"}
RESULT: {"using":"xpath","value":"//button[@data-kt=\"addButton\"]"}
COMMAND: POST /session/6cb315df952d16724b4cad26491b612d/elements - {"using":"css selector","value":"#shell-header-logo"}
RESULT: {"using":"css selector","value":"#shell-header-logo"}
COMMAND: POST /session/6cb315df952d16724b4cad26491b612d/elements - {"using":"xpath","value":"//button[@data-kt=\"addButton\"]"}
RESULT: {"using":"xpath","value":"//button[@data-kt=\"addButton\"]"}
COMMAND: POST /session/6cb315df952d16724b4cad26491b612d/elements - {"using":"css selector","value":"#shell-header-logo"}
RESULT: {"using":"css selector","value":"#shell-header-logo"}
COMMAND: POST /session/6cb315df952d16724b4cad26491b612d/elements - {"using":"xpath","value":"//button[@data-kt=\"addButton\"]"}
RESULT: {"using":"xpath","value":"//button[@data-kt=\"addButton\"]"}
COMMAND: POST /session/6cb315df952d16724b4cad26491b612d/elements - {"using":"css selector","value":"#shell-header-logo"}
RESULT: {"using":"css selector","value":"#shell-header-logo"}
COMMAND: POST /session/6cb315df952d16724b4cad26491b612d/elements - {"using":"xpath","value":"//button[@data-kt=\"addButton\"]"}
RESULT: {"using":"xpath","value":"//button[@data-kt=\"addButton\"]"}
COMMAND: POST /session/6cb315df952d16724b4cad26491b612d/elements - {"using":"css selector","value":"#shell-header-logo"}
RESULT: {"using":"css selector","value":"#shell-header-logo"}
COMMAND: POST /session/6cb315df952d16724b4cad26491b612d/elements - {"using":"xpath","value":"//button[@data-kt=\"addButton\"]"}
RESULT: {"using":"xpath","value":"//button[@data-kt=\"addButton\"]"}
COMMAND: POST /session/6cb315df952d16724b4cad26491b612d/elements - {"using":"css selector","value":"#shell-header-logo"}
RESULT: {"using":"css selector","value":"#shell-header-logo"}
COMMAND: POST /session/6cb315df952d16724b4cad26491b612d/elements - {"using":"xpath","value":"//button[@data-kt=\"addButton\"]"}
RESULT: {"using":"xpath","value":"//button[@data-kt=\"addButton\"]"}
COMMAND: POST /session/6cb315df952d16724b4cad26491b612d/elements - {"using":"xpath","value":"//button[@data-kt=\"addButton\"]"}
RESULT: {"using":"xpath","value":"//button[@data-kt=\"addButton\"]"}
COMMAND: POST /session/6cb315df952d16724b4cad26491b612d/elements - {"using":"xpath","value":"//button[@data-kt=\"addButton\"]"}
RESULT: {"using":"xpath","value":"//button[@data-kt=\"addButton\"]"}
COMMAND: POST /session/6cb315df952d16724b4cad26491b612d/elements - {"using":"xpath","value":"//button[@data-kt=\"addButton\"]"}
RESULT: {"using":"xpath","value":"//button[@data-kt=\"addButton\"]"}
COMMAND: POST /session/6cb315df952d16724b4cad26491b612d/elements - {"using":"xpath","value":"//button[@data-kt=\"addButton\"]"}
RESULT: {"using":"xpath","value":"//button[@data-kt=\"addButton\"]"}
COMMAND: POST /session/6cb315df952d16724b4cad26491b612d/elements - {"using":"xpath","value":"//button[@data-kt=\"addButton\"]"}
RESULT: {"using":"xpath","value":"//button[@data-kt=\"addButton\"]"}
COMMAND: POST /session/6cb315df952d16724b4cad26491b612d/elements - {"using":"xpath","value":"//button[@data-kt=\"addButton\"]"}
RESULT: {"using":"xpath","value":"//button[@data-kt=\"addButton\"]"}
COMMAND: POST /session/6cb315df952d16724b4cad26491b612d/elements - {"using":"xpath","value":"//button[@data-kt=\"addButton\"]"}
RESULT: {"using":"xpath","value":"//button[@data-kt=\"addButton\"]"}
COMMAND: POST /session/6cb315df952d16724b4cad26491b612d/elements - {"using":"xpath","value":"//button[@data-kt=\"addButton\"]"}
RESULT: {"using":"xpath","value":"//button[@data-kt=\"addButton\"]"}
COMMAND: POST /session/6cb315df952d16724b4cad26491b612d/elements - {"using":"xpath","value":"//button[@data-kt=\"addButton\"]"}
RESULT: {"using":"xpath","value":"//button[@data-kt=\"addButton\"]"}
COMMAND: POST /session/6cb315df952d16724b4cad26491b612d/elements - {"using":"xpath","value":"//button[@data-kt=\"addButton\"]"}
RESULT: {"using":"xpath","value":"//button[@data-kt=\"addButton\"]"}
COMMAND: POST /session/6cb315df952d16724b4cad26491b612d/elements - {"using":"xpath","value":"//button[@data-kt=\"addButton\"]"}
RESULT: {"using":"xpath","value":"//button[@data-kt=\"addButton\"]"}
COMMAND: POST /session/6cb315df952d16724b4cad26491b612d/elements - {"using":"xpath","value":"//button[@data-kt=\"addButton\"]"}
RESULT: {"using":"xpath","value":"//button[@data-kt=\"addButton\"]"}
COMMAND: POST /session/6cb315df952d16724b4cad26491b612d/elements - {"using":"xpath","value":"//button[@data-kt=\"addButton\"]"}
RESULT: {"using":"xpath","value":"//button[@data-kt=\"addButton\"]"}
COMMAND: POST /session/6cb315df952d16724b4cad26491b612d/elements - {"using":"xpath","value":"//button[@data-kt=\"addButton\"]"}
RESULT: {"using":"xpath","value":"//button[@data-kt=\"addButton\"]"}
COMMAND: POST /session/6cb315df952d16724b4cad26491b612d/elements - {"using":"xpath","value":"//button[@data-kt=\"addButton\"]"}
RESULT: {"using":"xpath","value":"//button[@data-kt=\"addButton\"]"}
COMMAND: POST /session/6cb315df952d16724b4cad26491b612d/elements - {"using":"xpath","value":"//button[@data-kt=\"addButton\"]"}
RESULT: {"using":"xpath","value":"//button[@data-kt=\"addButton\"]"}
COMMAND: POST /session/6cb315df952d16724b4cad26491b612d/elements - {"using":"xpath","value":"//button[@data-kt=\"addButton\"]"}
RESULT: {"using":"xpath","value":"//button[@data-kt=\"addButton\"]"}
COMMAND: POST /session/6cb315df952d16724b4cad26491b612d/elements - {"using":"xpath","value":"//button[@data-kt=\"addButton\"]"}
RESULT: {"using":"xpath","value":"//button[@data-kt=\"addButton\"]"}
COMMAND: POST /session/6cb315df952d16724b4cad26491b612d/elements - {"using":"xpath","value":"//button[@data-kt=\"addButton\"]"}
RESULT: {"using":"xpath","value":"//button[@data-kt=\"addButton\"]"}
COMMAND: POST /session/6cb315df952d16724b4cad26491b612d/elements - {"using":"xpath","value":"//button[@data-kt=\"addButton\"]"}
RESULT: {"using":"xpath","value":"//button[@data-kt=\"addButton\"]"}
COMMAND: POST /session/6cb315df952d16724b4cad26491b612d/elements - {"using":"xpath","value":"//button[@data-kt=\"addButton\"]"}
RESULT: {"using":"xpath","value":"//button[@data-kt=\"addButton\"]"}
COMMAND: POST /session/6cb315df952d16724b4cad26491b612d/elements - {"using":"xpath","value":"//button[@data-kt=\"addButton\"]"}
RESULT: {"using":"xpath","value":"//button[@data-kt=\"addButton\"]"}
COMMAND: POST /session/6cb315df952d16724b4cad26491b612d/elements - {"using":"xpath","value":"//button[@data-kt=\"addButton\"]"}
RESULT: {"using":"xpath","value":"//button[@data-kt=\"addButton\"]"}
COMMAND: POST /session/6cb315df952d16724b4cad26491b612d/elements - {"using":"xpath","value":"//button[@data-kt=\"addButton\"]"}
RESULT: {"using":"xpath","value":"//button[@data-kt=\"addButton\"]"}
COMMAND: POST /session/6cb315df952d16724b4cad26491b612d/elements - {"using":"xpath","value":"//button[@data-kt=\"addButton\"]"}
RESULT: {"using":"xpath","value":"//button[@data-kt=\"addButton\"]"}
COMMAND: POST /session/6cb315df952d16724b4cad26491b612d/elements - {"using":"xpath","value":"//button[@data-kt=\"addButton\"]"}
RESULT: {"using":"xpath","value":"//button[@data-kt=\"addButton\"]"}
COMMAND: POST /session/6cb315df952d16724b4cad26491b612d/elements - {"using":"xpath","value":"//button[@data-kt=\"addButton\"]"}
RESULT: {"using":"xpath","value":"//button[@data-kt=\"addButton\"]"}
COMMAND: POST /session/6cb315df952d16724b4cad26491b612d/elements - {"using":"xpath","value":"//button[@data-kt=\"addButton\"]"}
RESULT: {"using":"xpath","value":"//button[@data-kt=\"addButton\"]"}
COMMAND: POST /session/6cb315df952d16724b4cad26491b612d/elements - {"using":"xpath","value":"//button[@data-kt=\"addButton\"]"}
RESULT: {"using":"xpath","value":"//button[@data-kt=\"addButton\"]"}
COMMAND: POST /session/6cb315df952d16724b4cad26491b612d/elements - {"using":"xpath","value":"//button[@data-kt=\"addButton\"]"}
RESULT: {"using":"xpath","value":"//button[@data-kt=\"addButton\"]"}
COMMAND: POST /session/6cb315df952d16724b4cad26491b612d/elements - {"using":"xpath","value":"//button[@data-kt=\"addButton\"]"}
RESULT: {"using":"xpath","value":"//button[@data-kt=\"addButton\"]"}
COMMAND: POST /session/6cb315df952d16724b4cad26491b612d/elements - {"using":"xpath","value":"//button[@data-kt=\"addButton\"]"}
RESULT: {"using":"xpath","value":"//button[@data-kt=\"addButton\"]"}
COMMAND: POST /session/6cb315df952d16724b4cad26491b612d/elements - {"using":"xpath","value":"//button[@data-kt=\"addButton\"]"}
RESULT: {"using":"xpath","value":"//button[@data-kt=\"addButton\"]"}
COMMAND: POST /session/6cb315df952d16724b4cad26491b612d/elements - {"using":"xpath","value":"//button[@data-kt=\"addButton\"]"}
RESULT: {"using":"xpath","value":"//button[@data-kt=\"addButton\"]"}
COMMAND: POST /session/6cb315df952d16724b4cad26491b612d/elements - {"using":"xpath","value":"//button[@data-kt=\"addButton\"]"}
RESULT: {"using":"xpath","value":"//button[@data-kt=\"addButton\"]"}
COMMAND: POST /session/6cb315df952d16724b4cad26491b612d/elements - {"using":"xpath","value":"//button[@data-kt=\"addButton\"]"}
RESULT: {"using":"xpath","value":"//button[@data-kt=\"addButton\"]"}
COMMAND: POST /session/6cb315df952d16724b4cad26491b612d/elements - {"using":"xpath","value":"//button[@data-kt=\"addButton\"]"}
RESULT: {"using":"xpath","value":"//button[@data-kt=\"addButton\"]"}
COMMAND: POST /session/6cb315df952d16724b4cad26491b612d/elements - {"using":"xpath","value":"//button[@data-kt=\"addButton\"]"}
RESULT: {"using":"xpath","value":"//button[@data-kt=\"addButton\"]"}
COMMAND: POST /session/6cb315df952d16724b4cad26491b612d/elements - {"using":"xpath","value":"//button[@data-kt=\"addButton\"]"}
RESULT: {"using":"xpath","value":"//button[@data-kt=\"addButton\"]"}
COMMAND: POST /session/6cb315df952d16724b4cad26491b612d/elements - {"using":"xpath","value":"//button[@data-kt=\"addButton\"]"}
RESULT: {"using":"xpath","value":"//button[@data-kt=\"addButton\"]"}
COMMAND: POST /session/6cb315df952d16724b4cad26491b612d/elements - {"using":"xpath","value":"//button[@data-kt=\"addButton\"]"}
RESULT: {"using":"xpath","value":"//button[@data-kt=\"addButton\"]"}
COMMAND: POST /session/6cb315df952d16724b4cad26491b612d/elements - {"using":"xpath","value":"//button[@data-kt=\"addButton\"]"}
RESULT: {"using":"xpath","value":"//button[@data-kt=\"addButton\"]"}
COMMAND: POST /session/6cb315df952d16724b4cad26491b612d/elements - {"using":"xpath","value":"//button[@data-kt=\"addButton\"]"}
RESULT: {"using":"xpath","value":"//button[@data-kt=\"addButton\"]"}
COMMAND: POST /session/6cb315df952d16724b4cad26491b612d/elements - {"using":"xpath","value":"//button[@data-kt=\"addButton\"]"}
RESULT: {"using":"xpath","value":"//button[@data-kt=\"addButton\"]"}
COMMAND: POST /session/6cb315df952d16724b4cad26491b612d/elements - {"using":"xpath","value":"//button[@data-kt=\"addButton\"]"}
RESULT: {"using":"xpath","value":"//button[@data-kt=\"addButton\"]"}
COMMAND: POST /session/6cb315df952d16724b4cad26491b612d/elements - {"using":"xpath","value":"//button[@data-kt=\"addButton\"]"}
RESULT: {"using":"xpath","value":"//button[@data-kt=\"addButton\"]"}
COMMAND: POST /session/6cb315df952d16724b4cad26491b612d/elements - {"using":"xpath","value":"//button[@data-kt=\"addButton\"]"}
RESULT: {"using":"xpath","value":"//button[@data-kt=\"addButton\"]"}
COMMAND: POST /session/6cb315df952d16724b4cad26491b612d/elements - {"using":"xpath","value":"//button[@data-kt=\"addButton\"]"}
RESULT: {"using":"xpath","value":"//button[@data-kt=\"addButton\"]"}
COMMAND: POST /session/6cb315df952d16724b4cad26491b612d/elements - {"using":"xpath","value":"//button[@data-kt=\"addButton\"]"}
RESULT: {"using":"xpath","value":"//button[@data-kt=\"addButton\"]"}
COMMAND: POST /session/6cb315df952d16724b4cad26491b612d/elements - {"using":"xpath","value":"//button[@data-kt=\"addButton\"]"}
RESULT: {"using":"xpath","value":"//button[@data-kt=\"addButton\"]"}
COMMAND: POST /session/6cb315df952d16724b4cad26491b612d/elements - {"using":"xpath","value":"//button[@data-kt=\"addButton\"]"}
RESULT: {"using":"xpath","value":"//button[@data-kt=\"addButton\"]"}
COMMAND: POST /session/6cb315df952d16724b4cad26491b612d/elements - {"using":"xpath","value":"//button[@data-kt=\"addButton\"]"}
RESULT: {"using":"xpath","value":"//button[@data-kt=\"addButton\"]"}
COMMAND: POST /session/6cb315df952d16724b4cad26491b612d/elements - {"using":"xpath","value":"//button[@data-kt=\"addButton\"]"}
RESULT: {"using":"xpath","value":"//button[@data-kt=\"addButton\"]"}
COMMAND: POST /session/6cb315df952d16724b4cad26491b612d/elements - {"using":"xpath","value":"//button[@data-kt=\"addButton\"]"}
COMMAND: GET /session/6cb315df952d16724b4cad26491b612d/screenshot - {}
RESULT: {"using":"xpath","value":"//button[@data-kt=\"addButton\"]"}
RESULT: {}
]]></system-out>
      <system-err><![CDATA[
Error: element ("//button[@data-kt="addButton"]") still not existing after 45000ms
    at async UtilsPrerequisites.partnerCreation (D:\a\1\s\test\specs\BTS\prerequisites-and-utils-functions.js:387:9)
    at async Context.<anonymous> (D:\a\1\s\test\specs\BTS\manage-partners.spec.js:363:44)
]]></system-err>
    </testcase>
    <testcase classname="chrome.136_0_7103_49.windows.Partner_specific_tests_US150819_US151080_US151654_US151176_US103444_US151078_US151079_US151109_US151174_US151175_US151189" name="Should create a new intracompany partner edit some of its fields US151079" time="87.598">
      <skipped />
      <system-out><![CDATA[
COMMAND: POST /session/6cb315df952d16724b4cad26491b612d/element - {"using":"xpath","value":"//li[.//span[text()=\"Manage Partners\"]]"}
RESULT: {"using":"xpath","value":"//li[.//span[text()=\"Manage Partners\"]]"}
COMMAND: POST /session/6cb315df952d16724b4cad26491b612d/element - {"using":"xpath","value":"//li[.//span[text()=\"Manage Partners\"]]"}
RESULT: {"using":"xpath","value":"//li[.//span[text()=\"Manage Partners\"]]"}
COMMAND: POST /session/6cb315df952d16724b4cad26491b612d/element - {"using":"css selector","value":"#shell-header-logo"}
RESULT: {"using":"css selector","value":"#shell-header-logo"}
COMMAND: POST /session/6cb315df952d16724b4cad26491b612d/elements - {"using":"css selector","value":"#shell-header-logo"}
COMMAND: POST /session/6cb315df952d16724b4cad26491b612d/element - {"using":"css selector","value":"#shell-header-logo"}
RESULT: {"using":"css selector","value":"#shell-header-logo"}
RESULT: {"using":"css selector","value":"#shell-header-logo"}
COMMAND: POST /session/6cb315df952d16724b4cad26491b612d/elements - {"using":"css selector","value":"#shell-header-logo"}
RESULT: {"using":"css selector","value":"#shell-header-logo"}
COMMAND: POST /session/6cb315df952d16724b4cad26491b612d/elements - {"using":"css selector","value":"#shell-header-logo"}
RESULT: {"using":"css selector","value":"#shell-header-logo"}
COMMAND: POST /session/6cb315df952d16724b4cad26491b612d/elements - {"using":"css selector","value":"#shell-header-logo"}
RESULT: {"using":"css selector","value":"#shell-header-logo"}
COMMAND: POST /session/6cb315df952d16724b4cad26491b612d/elements - {"using":"css selector","value":"#shell-header-logo"}
RESULT: {"using":"css selector","value":"#shell-header-logo"}
COMMAND: POST /session/6cb315df952d16724b4cad26491b612d/elements - {"using":"css selector","value":"#shell-header-logo"}
RESULT: {"using":"css selector","value":"#shell-header-logo"}
COMMAND: POST /session/6cb315df952d16724b4cad26491b612d/elements - {"using":"css selector","value":"#shell-header-logo"}
RESULT: {"using":"css selector","value":"#shell-header-logo"}
COMMAND: POST /session/6cb315df952d16724b4cad26491b612d/elements - {"using":"css selector","value":"#shell-header-logo"}
RESULT: {"using":"css selector","value":"#shell-header-logo"}
COMMAND: POST /session/6cb315df952d16724b4cad26491b612d/elements - {"using":"css selector","value":"#shell-header-logo"}
RESULT: {"using":"css selector","value":"#shell-header-logo"}
COMMAND: POST /session/6cb315df952d16724b4cad26491b612d/elements - {"using":"css selector","value":"#shell-header-logo"}
RESULT: {"using":"css selector","value":"#shell-header-logo"}
COMMAND: POST /session/6cb315df952d16724b4cad26491b612d/elements - {"using":"css selector","value":"#shell-header-logo"}
RESULT: {"using":"css selector","value":"#shell-header-logo"}
COMMAND: POST /session/6cb315df952d16724b4cad26491b612d/elements - {"using":"css selector","value":"#shell-header-logo"}
RESULT: {"using":"css selector","value":"#shell-header-logo"}
COMMAND: POST /session/6cb315df952d16724b4cad26491b612d/elements - {"using":"css selector","value":"#shell-header-logo"}
RESULT: {"using":"css selector","value":"#shell-header-logo"}
COMMAND: POST /session/6cb315df952d16724b4cad26491b612d/elements - {"using":"css selector","value":"#shell-header-logo"}
RESULT: {"using":"css selector","value":"#shell-header-logo"}
COMMAND: POST /session/6cb315df952d16724b4cad26491b612d/elements - {"using":"css selector","value":"#shell-header-logo"}
RESULT: {"using":"css selector","value":"#shell-header-logo"}
COMMAND: POST /session/6cb315df952d16724b4cad26491b612d/elements - {"using":"css selector","value":"#shell-header-logo"}
RESULT: {"using":"css selector","value":"#shell-header-logo"}
COMMAND: POST /session/6cb315df952d16724b4cad26491b612d/elements - {"using":"css selector","value":"#shell-header-logo"}
RESULT: {"using":"css selector","value":"#shell-header-logo"}
COMMAND: POST /session/6cb315df952d16724b4cad26491b612d/elements - {"using":"css selector","value":"#shell-header-logo"}
RESULT: {"using":"css selector","value":"#shell-header-logo"}
COMMAND: POST /session/6cb315df952d16724b4cad26491b612d/elements - {"using":"css selector","value":"#shell-header-logo"}
RESULT: {"using":"css selector","value":"#shell-header-logo"}
COMMAND: POST /session/6cb315df952d16724b4cad26491b612d/elements - {"using":"css selector","value":"#shell-header-logo"}
RESULT: {"using":"css selector","value":"#shell-header-logo"}
COMMAND: POST /session/6cb315df952d16724b4cad26491b612d/elements - {"using":"css selector","value":"#shell-header-logo"}
COMMAND: POST /session/6cb315df952d16724b4cad26491b612d/refresh - {}
RESULT: {"using":"css selector","value":"#shell-header-logo"}
COMMAND: POST /session/6cb315df952d16724b4cad26491b612d/elements - {"using":"css selector","value":"#shell-header-logo"}
RESULT: {}
COMMAND: GET /session/6cb315df952d16724b4cad26491b612d/screenshot - {}
RESULT: {"using":"css selector","value":"#shell-header-logo"}
RESULT: {}
COMMAND: POST /session/6cb315df952d16724b4cad26491b612d/elements - {"using":"css selector","value":"#shell-header-logo"}
RESULT: {"using":"css selector","value":"#shell-header-logo"}
COMMAND: POST /session/6cb315df952d16724b4cad26491b612d/elements - {"using":"css selector","value":"#shell-header-logo"}
RESULT: {"using":"css selector","value":"#shell-header-logo"}
COMMAND: POST /session/6cb315df952d16724b4cad26491b612d/elements - {"using":"css selector","value":"#shell-header-logo"}
RESULT: {"using":"css selector","value":"#shell-header-logo"}
COMMAND: POST /session/6cb315df952d16724b4cad26491b612d/elements - {"using":"css selector","value":"#shell-header-logo"}
RESULT: {"using":"css selector","value":"#shell-header-logo"}
COMMAND: POST /session/6cb315df952d16724b4cad26491b612d/elements - {"using":"css selector","value":"#shell-header-logo"}
RESULT: {"using":"css selector","value":"#shell-header-logo"}
COMMAND: POST /session/6cb315df952d16724b4cad26491b612d/elements - {"using":"css selector","value":"#shell-header-logo"}
RESULT: {"using":"css selector","value":"#shell-header-logo"}
COMMAND: POST /session/6cb315df952d16724b4cad26491b612d/elements - {"using":"css selector","value":"#shell-header-logo"}
RESULT: {"using":"css selector","value":"#shell-header-logo"}
COMMAND: POST /session/6cb315df952d16724b4cad26491b612d/elements - {"using":"css selector","value":"#shell-header-logo"}
RESULT: {"using":"css selector","value":"#shell-header-logo"}
COMMAND: POST /session/6cb315df952d16724b4cad26491b612d/elements - {"using":"css selector","value":"#shell-header-logo"}
RESULT: {"using":"css selector","value":"#shell-header-logo"}
COMMAND: POST /session/6cb315df952d16724b4cad26491b612d/elements - {"using":"css selector","value":"#shell-header-logo"}
RESULT: {"using":"css selector","value":"#shell-header-logo"}
COMMAND: POST /session/6cb315df952d16724b4cad26491b612d/elements - {"using":"css selector","value":"#shell-header-logo"}
RESULT: {"using":"css selector","value":"#shell-header-logo"}
COMMAND: POST /session/6cb315df952d16724b4cad26491b612d/elements - {"using":"css selector","value":"#shell-header-logo"}
RESULT: {"using":"css selector","value":"#shell-header-logo"}
COMMAND: POST /session/6cb315df952d16724b4cad26491b612d/elements - {"using":"css selector","value":"#shell-header-logo"}
RESULT: {"using":"css selector","value":"#shell-header-logo"}
COMMAND: POST /session/6cb315df952d16724b4cad26491b612d/elements - {"using":"css selector","value":"#shell-header-logo"}
RESULT: {"using":"css selector","value":"#shell-header-logo"}
COMMAND: POST /session/6cb315df952d16724b4cad26491b612d/elements - {"using":"css selector","value":"#shell-header-logo"}
RESULT: {"using":"css selector","value":"#shell-header-logo"}
COMMAND: POST /session/6cb315df952d16724b4cad26491b612d/elements - {"using":"css selector","value":"#shell-header-logo"}
RESULT: {"using":"css selector","value":"#shell-header-logo"}
COMMAND: POST /session/6cb315df952d16724b4cad26491b612d/elements - {"using":"css selector","value":"#shell-header-logo"}
RESULT: {"using":"css selector","value":"#shell-header-logo"}
COMMAND: POST /session/6cb315df952d16724b4cad26491b612d/elements - {"using":"css selector","value":"#shell-header-logo"}
RESULT: {"using":"css selector","value":"#shell-header-logo"}
COMMAND: POST /session/6cb315df952d16724b4cad26491b612d/elements - {"using":"css selector","value":"#shell-header-logo"}
RESULT: {"using":"css selector","value":"#shell-header-logo"}
COMMAND: POST /session/6cb315df952d16724b4cad26491b612d/elements - {"using":"css selector","value":"#shell-header-logo"}
RESULT: {"using":"css selector","value":"#shell-header-logo"}
COMMAND: POST /session/6cb315df952d16724b4cad26491b612d/refresh - {}
COMMAND: POST /session/6cb315df952d16724b4cad26491b612d/elements - {"using":"css selector","value":"#shell-header-logo"}
RESULT: {}
COMMAND: GET /session/6cb315df952d16724b4cad26491b612d/screenshot - {}
RESULT: {"using":"css selector","value":"#shell-header-logo"}
COMMAND: POST /session/6cb315df952d16724b4cad26491b612d/elements - {"using":"css selector","value":"#shell-header-logo"}
RESULT: {}
RESULT: {"using":"css selector","value":"#shell-header-logo"}
COMMAND: POST /session/6cb315df952d16724b4cad26491b612d/elements - {"using":"css selector","value":"#shell-header-logo"}
RESULT: {"using":"css selector","value":"#shell-header-logo"}
COMMAND: POST /session/6cb315df952d16724b4cad26491b612d/elements - {"using":"css selector","value":"#shell-header-logo"}
RESULT: {"using":"css selector","value":"#shell-header-logo"}
COMMAND: POST /session/6cb315df952d16724b4cad26491b612d/elements - {"using":"css selector","value":"#shell-header-logo"}
RESULT: {"using":"css selector","value":"#shell-header-logo"}
COMMAND: POST /session/6cb315df952d16724b4cad26491b612d/elements - {"using":"css selector","value":"#shell-header-logo"}
RESULT: {"using":"css selector","value":"#shell-header-logo"}
COMMAND: POST /session/6cb315df952d16724b4cad26491b612d/elements - {"using":"css selector","value":"#shell-header-logo"}
RESULT: {"using":"css selector","value":"#shell-header-logo"}
COMMAND: POST /session/6cb315df952d16724b4cad26491b612d/elements - {"using":"css selector","value":"#shell-header-logo"}
RESULT: {"using":"css selector","value":"#shell-header-logo"}
COMMAND: POST /session/6cb315df952d16724b4cad26491b612d/elements - {"using":"css selector","value":"#shell-header-logo"}
RESULT: {"using":"css selector","value":"#shell-header-logo"}
COMMAND: POST /session/6cb315df952d16724b4cad26491b612d/elements - {"using":"css selector","value":"#shell-header-logo"}
RESULT: {"using":"css selector","value":"#shell-header-logo"}
COMMAND: POST /session/6cb315df952d16724b4cad26491b612d/elements - {"using":"css selector","value":"#shell-header-logo"}
RESULT: {"using":"css selector","value":"#shell-header-logo"}
COMMAND: POST /session/6cb315df952d16724b4cad26491b612d/elements - {"using":"css selector","value":"#shell-header-logo"}
RESULT: {"using":"css selector","value":"#shell-header-logo"}
COMMAND: POST /session/6cb315df952d16724b4cad26491b612d/elements - {"using":"css selector","value":"#shell-header-logo"}
RESULT: {"using":"css selector","value":"#shell-header-logo"}
COMMAND: POST /session/6cb315df952d16724b4cad26491b612d/elements - {"using":"css selector","value":"#shell-header-logo"}
RESULT: {"using":"css selector","value":"#shell-header-logo"}
COMMAND: POST /session/6cb315df952d16724b4cad26491b612d/elements - {"using":"css selector","value":"#shell-header-logo"}
RESULT: {"using":"css selector","value":"#shell-header-logo"}
COMMAND: POST /session/6cb315df952d16724b4cad26491b612d/elements - {"using":"css selector","value":"#shell-header-logo"}
RESULT: {"using":"css selector","value":"#shell-header-logo"}
COMMAND: POST /session/6cb315df952d16724b4cad26491b612d/elements - {"using":"css selector","value":"#shell-header-logo"}
RESULT: {"using":"css selector","value":"#shell-header-logo"}
COMMAND: POST /session/6cb315df952d16724b4cad26491b612d/elements - {"using":"css selector","value":"#shell-header-logo"}
RESULT: {"using":"css selector","value":"#shell-header-logo"}
COMMAND: POST /session/6cb315df952d16724b4cad26491b612d/elements - {"using":"css selector","value":"#shell-header-logo"}
RESULT: {"using":"css selector","value":"#shell-header-logo"}
COMMAND: POST /session/6cb315df952d16724b4cad26491b612d/elements - {"using":"css selector","value":"#shell-header-logo"}
RESULT: {"using":"css selector","value":"#shell-header-logo"}
COMMAND: POST /session/6cb315df952d16724b4cad26491b612d/elements - {"using":"css selector","value":"#shell-header-logo"}
RESULT: {"using":"css selector","value":"#shell-header-logo"}
COMMAND: POST /session/6cb315df952d16724b4cad26491b612d/elements - {"using":"css selector","value":"#shell-header-logo"}
RESULT: {"using":"css selector","value":"#shell-header-logo"}
COMMAND: POST /session/6cb315df952d16724b4cad26491b612d/window/fullscreen - {}
RESULT: {}
COMMAND: POST /session/6cb315df952d16724b4cad26491b612d/elements - {"using":"css selector","value":"#shell-header-logo"}
RESULT: {"using":"css selector","value":"#shell-header-logo"}
COMMAND: POST /session/6cb315df952d16724b4cad26491b612d/elements - {"using":"css selector","value":"#shell-header-logo"}
RESULT: {"using":"css selector","value":"#shell-header-logo"}
COMMAND: POST /session/6cb315df952d16724b4cad26491b612d/elements - {"using":"css selector","value":"#shell-header-logo"}
RESULT: {"using":"css selector","value":"#shell-header-logo"}
COMMAND: POST /session/6cb315df952d16724b4cad26491b612d/elements - {"using":"css selector","value":"#shell-header-logo"}
RESULT: {"using":"css selector","value":"#shell-header-logo"}
COMMAND: POST /session/6cb315df952d16724b4cad26491b612d/elements - {"using":"css selector","value":"#shell-header-logo"}
RESULT: {"using":"css selector","value":"#shell-header-logo"}
COMMAND: POST /session/6cb315df952d16724b4cad26491b612d/elements - {"using":"css selector","value":"#shell-header-logo"}
RESULT: {"using":"css selector","value":"#shell-header-logo"}
COMMAND: POST /session/6cb315df952d16724b4cad26491b612d/elements - {"using":"css selector","value":"#shell-header-logo"}
RESULT: {"using":"css selector","value":"#shell-header-logo"}
COMMAND: POST /session/6cb315df952d16724b4cad26491b612d/elements - {"using":"css selector","value":"#shell-header-logo"}
RESULT: {"using":"css selector","value":"#shell-header-logo"}
COMMAND: POST /session/6cb315df952d16724b4cad26491b612d/elements - {"using":"css selector","value":"#shell-header-logo"}
RESULT: {"using":"css selector","value":"#shell-header-logo"}
COMMAND: POST /session/6cb315df952d16724b4cad26491b612d/elements - {"using":"css selector","value":"#shell-header-logo"}
RESULT: {"using":"css selector","value":"#shell-header-logo"}
COMMAND: POST /session/6cb315df952d16724b4cad26491b612d/execute/async - {"script":"<script> [189 bytes]","args":[]}
RESULT: {"script":"<script> [189 bytes]","args":[]}
COMMAND: POST /session/6cb315df952d16724b4cad26491b612d/execute/async - {"script":"<script> [123 bytes]","args":[]}
RESULT: {"script":"<script> [123 bytes]","args":[]}
COMMAND: POST /session/6cb315df952d16724b4cad26491b612d/timeouts - {"script":"<number>"}
RESULT: {"script":"<number>"}
COMMAND: GET /session/6cb315df952d16724b4cad26491b612d/timeouts - {}
RESULT: {}
RESULT: undefined
COMMAND: POST /session/6cb315df952d16724b4cad26491b612d/execute/async - {"script":"<script> [2676 bytes]","args":[]}
RESULT: {"script":"<script> [2676 bytes]","args":[]}
COMMAND: POST /session/6cb315df952d16724b4cad26491b612d/execute/async - {"script":"<script> [2342 bytes]","args":[{"protocol":"http","hostname":"0.0.0.0","path":"/","capabilities":{"browserName":"chrome","goog:chromeOptions":{"binary":"C:\\Program Files\\Google\\Chrome\\Application\\chrome.exe","args":["--start-maximized"]}},"logLevel":"warn","connectionRetryTimeout":120000,"connectionRetryCount":3,"logLevels":{},"enableDirectConnect":true,"strictSSL":true,"_":"65 more keys: [\"cacheDir\",\"port\",\"requestedCapabilities\",\"automationProtocol\",\"baseUrl\",\"waitforInterval\",\"waitforTimeout\",\"onReload\",\"beforeCommand\",\"afterCommand\",\"rootDir\",\"specs\",\"suites\",\"exclude\",\"groupLogsByTestSpec\",\"excludeDriverLogs\",\"bail\",\"framework\",\"reporters\",\"services\",\"maxInstances\",\"maxInstancesPerCapability\",\"injectGlobals\",\"filesToWatch\",\"execArgv\",\"runnerEnv\",\"runner\",\"shard\",\"specFileRetries\",\"specFileRetriesDelay\",\"specFileRetriesDeferred\",\"reporterSyncInterval\",\"reporterSyncTimeout\",\"cucumberFeaturesWithLineNumbers\",\"autoCompileOpts\",\"mochaOpts\",\"jasmineOpts\",\"cucumberOpts\",\"onPrepare\",\"onWorkerStart\",\"onWorkerEnd\",\"before\",\"beforeSession\",\"beforeSuite\",\"beforeHook\",\"beforeTest\",\"afterTest\",\"afterHook\",\"afterSuite\",\"afterSession\",\"after\",\"onComplete\",\"beforeAssertion\",\"afterAssertion\",\"beforeFeature\",\"beforeScenario\",\"beforeStep\",\"afterStep\",\"afterScenario\",\"afterFeature\",\"_\",\"suite\",\"$0\",\"ignoredWorkerServices\",\"wdi5\"]"}]}
RESULT: {"script":"<script> [2342 bytes]","args":[{"protocol":"http","hostname":"0.0.0.0","path":"/","capabilities":{"browserName":"chrome","goog:chromeOptions":{"binary":"C:\\Program Files\\Google\\Chrome\\Application\\chrome.exe","args":["--start-maximized"]}},"logLevel":"warn","connectionRetryTimeout":120000,"connectionRetryCount":3,"logLevels":{},"enableDirectConnect":true,"strictSSL":true,"_":"65 more keys: [\"cacheDir\",\"port\",\"requestedCapabilities\",\"automationProtocol\",\"baseUrl\",\"waitforInterval\",\"waitforTimeout\",\"onReload\",\"beforeCommand\",\"afterCommand\",\"rootDir\",\"specs\",\"suites\",\"exclude\",\"groupLogsByTestSpec\",\"excludeDriverLogs\",\"bail\",\"framework\",\"reporters\",\"services\",\"maxInstances\",\"maxInstancesPerCapability\",\"injectGlobals\",\"filesToWatch\",\"execArgv\",\"runnerEnv\",\"runner\",\"shard\",\"specFileRetries\",\"specFileRetriesDelay\",\"specFileRetriesDeferred\",\"reporterSyncInterval\",\"reporterSyncTimeout\",\"cucumberFeaturesWithLineNumbers\",\"autoCompileOpts\",\"mochaOpts\",\"jasmineOpts\",\"cucumberOpts\",\"onPrepare\",\"onWorkerStart\",\"onWorkerEnd\",\"before\",\"beforeSession\",\"beforeSuite\",\"beforeHook\",\"beforeTest\",\"afterTest\",\"afterHook\",\"afterSuite\",\"afterSession\",\"after\",\"onComplete\",\"beforeAssertion\",\"afterAssertion\",\"beforeFeature\",\"beforeScenario\",\"beforeStep\",\"afterStep\",\"afterScenario\",\"afterFeature\",\"_\",\"suite\",\"$0\",\"ignoredWorkerServices\",\"wdi5\"]"}]}
COMMAND: POST /session/6cb315df952d16724b4cad26491b612d/execute/async - {"script":"<script> [21126 bytes]","args":[35000]}
RESULT: {"script":"<script> [21126 bytes]","args":[35000]}
COMMAND: POST /session/6cb315df952d16724b4cad26491b612d/elements - {"using":"css selector","value":"#shell-header-logo"}
RESULT: {"using":"css selector","value":"#shell-header-logo"}
COMMAND: POST /session/6cb315df952d16724b4cad26491b612d/elements - {"using":"css selector","value":"#shell-header-logo"}
RESULT: {"using":"css selector","value":"#shell-header-logo"}
COMMAND: POST /session/6cb315df952d16724b4cad26491b612d/elements - {"using":"css selector","value":"#shell-header-logo"}
RESULT: {"using":"css selector","value":"#shell-header-logo"}
COMMAND: POST /session/6cb315df952d16724b4cad26491b612d/elements - {"using":"css selector","value":"#shell-header-logo"}
RESULT: {"using":"css selector","value":"#shell-header-logo"}
COMMAND: POST /session/6cb315df952d16724b4cad26491b612d/elements - {"using":"css selector","value":"#shell-header-logo"}
RESULT: {"using":"css selector","value":"#shell-header-logo"}
COMMAND: POST /session/6cb315df952d16724b4cad26491b612d/elements - {"using":"css selector","value":"#shell-header-logo"}
RESULT: {"using":"css selector","value":"#shell-header-logo"}
COMMAND: POST /session/6cb315df952d16724b4cad26491b612d/elements - {"using":"css selector","value":"#shell-header-logo"}
RESULT: {"using":"css selector","value":"#shell-header-logo"}
COMMAND: POST /session/6cb315df952d16724b4cad26491b612d/elements - {"using":"css selector","value":"#shell-header-logo"}
RESULT: {"using":"css selector","value":"#shell-header-logo"}
COMMAND: POST /session/6cb315df952d16724b4cad26491b612d/elements - {"using":"css selector","value":"#shell-header-logo"}
RESULT: {"using":"css selector","value":"#shell-header-logo"}
COMMAND: POST /session/6cb315df952d16724b4cad26491b612d/elements - {"using":"css selector","value":"#shell-header-logo"}
RESULT: {"using":"css selector","value":"#shell-header-logo"}
COMMAND: POST /session/6cb315df952d16724b4cad26491b612d/window/fullscreen - {}
RESULT: {}
COMMAND: POST /session/6cb315df952d16724b4cad26491b612d/window/fullscreen - {}
RESULT: {}
COMMAND: POST /session/6cb315df952d16724b4cad26491b612d/execute/async - {"script":"<script> [1562 bytes]","args":[{"selector":{"controlType":"sap.m.GenericTile","properties":{"header":"Manage Partners"}},"wdio_ui5_key":"sapm.GenericTile{\"header\":\"Manage Partners\"}"}]}
COMMAND: POST /session/6cb315df952d16724b4cad26491b612d/elements - {"using":"css selector","value":"#shell-header-logo"}
RESULT: {"script":"<script> [1562 bytes]","args":[{"selector":{"controlType":"sap.m.GenericTile","properties":{"header":"Manage Partners"}},"wdio_ui5_key":"sapm.GenericTile{\"header\":\"Manage Partners\"}"}]}
RESULT: undefined
COMMAND: POST /session/6cb315df952d16724b4cad26491b612d/element - {"using":"xpath","value":"//button[@data-kt=\"addButton\"]"}
RESULT: {"using":"css selector","value":"#shell-header-logo"}
RESULT: {"using":"xpath","value":"//button[@data-kt=\"addButton\"]"}
COMMAND: POST /session/6cb315df952d16724b4cad26491b612d/elements - {"using":"xpath","value":"//button[@data-kt=\"addButton\"]"}
RESULT: {"using":"xpath","value":"//button[@data-kt=\"addButton\"]"}
COMMAND: POST /session/6cb315df952d16724b4cad26491b612d/elements - {"using":"css selector","value":"#shell-header-logo"}
RESULT: {"using":"css selector","value":"#shell-header-logo"}
COMMAND: POST /session/6cb315df952d16724b4cad26491b612d/elements - {"using":"xpath","value":"//button[@data-kt=\"addButton\"]"}
RESULT: {"using":"xpath","value":"//button[@data-kt=\"addButton\"]"}
COMMAND: POST /session/6cb315df952d16724b4cad26491b612d/elements - {"using":"css selector","value":"#shell-header-logo"}
RESULT: {"using":"css selector","value":"#shell-header-logo"}
COMMAND: POST /session/6cb315df952d16724b4cad26491b612d/elements - {"using":"xpath","value":"//button[@data-kt=\"addButton\"]"}
RESULT: {"using":"xpath","value":"//button[@data-kt=\"addButton\"]"}
COMMAND: POST /session/6cb315df952d16724b4cad26491b612d/elements - {"using":"css selector","value":"#shell-header-logo"}
RESULT: {"using":"css selector","value":"#shell-header-logo"}
COMMAND: POST /session/6cb315df952d16724b4cad26491b612d/elements - {"using":"xpath","value":"//button[@data-kt=\"addButton\"]"}
RESULT: {"using":"xpath","value":"//button[@data-kt=\"addButton\"]"}
COMMAND: POST /session/6cb315df952d16724b4cad26491b612d/elements - {"using":"css selector","value":"#shell-header-logo"}
RESULT: {"using":"css selector","value":"#shell-header-logo"}
COMMAND: POST /session/6cb315df952d16724b4cad26491b612d/elements - {"using":"xpath","value":"//button[@data-kt=\"addButton\"]"}
RESULT: {"using":"xpath","value":"//button[@data-kt=\"addButton\"]"}
COMMAND: POST /session/6cb315df952d16724b4cad26491b612d/elements - {"using":"css selector","value":"#shell-header-logo"}
RESULT: {"using":"css selector","value":"#shell-header-logo"}
COMMAND: POST /session/6cb315df952d16724b4cad26491b612d/elements - {"using":"xpath","value":"//button[@data-kt=\"addButton\"]"}
RESULT: {"using":"xpath","value":"//button[@data-kt=\"addButton\"]"}
COMMAND: POST /session/6cb315df952d16724b4cad26491b612d/elements - {"using":"css selector","value":"#shell-header-logo"}
RESULT: {"using":"css selector","value":"#shell-header-logo"}
COMMAND: POST /session/6cb315df952d16724b4cad26491b612d/elements - {"using":"xpath","value":"//button[@data-kt=\"addButton\"]"}
RESULT: {"using":"xpath","value":"//button[@data-kt=\"addButton\"]"}
COMMAND: POST /session/6cb315df952d16724b4cad26491b612d/elements - {"using":"css selector","value":"#shell-header-logo"}
RESULT: {"using":"css selector","value":"#shell-header-logo"}
COMMAND: POST /session/6cb315df952d16724b4cad26491b612d/elements - {"using":"xpath","value":"//button[@data-kt=\"addButton\"]"}
RESULT: {"using":"xpath","value":"//button[@data-kt=\"addButton\"]"}
COMMAND: POST /session/6cb315df952d16724b4cad26491b612d/elements - {"using":"css selector","value":"#shell-header-logo"}
RESULT: {"using":"css selector","value":"#shell-header-logo"}
COMMAND: POST /session/6cb315df952d16724b4cad26491b612d/elements - {"using":"xpath","value":"//button[@data-kt=\"addButton\"]"}
RESULT: {"using":"xpath","value":"//button[@data-kt=\"addButton\"]"}
COMMAND: POST /session/6cb315df952d16724b4cad26491b612d/elements - {"using":"css selector","value":"#shell-header-logo"}
RESULT: {"using":"css selector","value":"#shell-header-logo"}
COMMAND: POST /session/6cb315df952d16724b4cad26491b612d/elements - {"using":"xpath","value":"//button[@data-kt=\"addButton\"]"}
RESULT: {"using":"xpath","value":"//button[@data-kt=\"addButton\"]"}
COMMAND: POST /session/6cb315df952d16724b4cad26491b612d/elements - {"using":"css selector","value":"#shell-header-logo"}
RESULT: {"using":"css selector","value":"#shell-header-logo"}
COMMAND: POST /session/6cb315df952d16724b4cad26491b612d/elements - {"using":"xpath","value":"//button[@data-kt=\"addButton\"]"}
RESULT: {"using":"xpath","value":"//button[@data-kt=\"addButton\"]"}
COMMAND: POST /session/6cb315df952d16724b4cad26491b612d/elements - {"using":"css selector","value":"#shell-header-logo"}
RESULT: {"using":"css selector","value":"#shell-header-logo"}
COMMAND: POST /session/6cb315df952d16724b4cad26491b612d/elements - {"using":"xpath","value":"//button[@data-kt=\"addButton\"]"}
RESULT: {"using":"xpath","value":"//button[@data-kt=\"addButton\"]"}
COMMAND: POST /session/6cb315df952d16724b4cad26491b612d/elements - {"using":"css selector","value":"#shell-header-logo"}
RESULT: {"using":"css selector","value":"#shell-header-logo"}
COMMAND: POST /session/6cb315df952d16724b4cad26491b612d/elements - {"using":"xpath","value":"//button[@data-kt=\"addButton\"]"}
RESULT: {"using":"xpath","value":"//button[@data-kt=\"addButton\"]"}
COMMAND: POST /session/6cb315df952d16724b4cad26491b612d/elements - {"using":"css selector","value":"#shell-header-logo"}
RESULT: {"using":"css selector","value":"#shell-header-logo"}
COMMAND: POST /session/6cb315df952d16724b4cad26491b612d/elements - {"using":"xpath","value":"//button[@data-kt=\"addButton\"]"}
RESULT: {"using":"xpath","value":"//button[@data-kt=\"addButton\"]"}
COMMAND: POST /session/6cb315df952d16724b4cad26491b612d/elements - {"using":"css selector","value":"#shell-header-logo"}
RESULT: {"using":"css selector","value":"#shell-header-logo"}
COMMAND: POST /session/6cb315df952d16724b4cad26491b612d/elements - {"using":"xpath","value":"//button[@data-kt=\"addButton\"]"}
RESULT: {"using":"xpath","value":"//button[@data-kt=\"addButton\"]"}
COMMAND: POST /session/6cb315df952d16724b4cad26491b612d/elements - {"using":"css selector","value":"#shell-header-logo"}
RESULT: {"using":"css selector","value":"#shell-header-logo"}
COMMAND: POST /session/6cb315df952d16724b4cad26491b612d/elements - {"using":"xpath","value":"//button[@data-kt=\"addButton\"]"}
RESULT: {"using":"xpath","value":"//button[@data-kt=\"addButton\"]"}
COMMAND: POST /session/6cb315df952d16724b4cad26491b612d/elements - {"using":"css selector","value":"#shell-header-logo"}
RESULT: {"using":"css selector","value":"#shell-header-logo"}
COMMAND: POST /session/6cb315df952d16724b4cad26491b612d/elements - {"using":"xpath","value":"//button[@data-kt=\"addButton\"]"}
RESULT: {"using":"xpath","value":"//button[@data-kt=\"addButton\"]"}
COMMAND: POST /session/6cb315df952d16724b4cad26491b612d/elements - {"using":"css selector","value":"#shell-header-logo"}
RESULT: {"using":"css selector","value":"#shell-header-logo"}
COMMAND: POST /session/6cb315df952d16724b4cad26491b612d/elements - {"using":"xpath","value":"//button[@data-kt=\"addButton\"]"}
RESULT: {"using":"xpath","value":"//button[@data-kt=\"addButton\"]"}
COMMAND: POST /session/6cb315df952d16724b4cad26491b612d/elements - {"using":"css selector","value":"#shell-header-logo"}
RESULT: {"using":"css selector","value":"#shell-header-logo"}
COMMAND: POST /session/6cb315df952d16724b4cad26491b612d/elements - {"using":"xpath","value":"//button[@data-kt=\"addButton\"]"}
RESULT: {"using":"xpath","value":"//button[@data-kt=\"addButton\"]"}
COMMAND: POST /session/6cb315df952d16724b4cad26491b612d/elements - {"using":"css selector","value":"#shell-header-logo"}
RESULT: {"using":"css selector","value":"#shell-header-logo"}
COMMAND: POST /session/6cb315df952d16724b4cad26491b612d/elements - {"using":"xpath","value":"//button[@data-kt=\"addButton\"]"}
RESULT: {"using":"xpath","value":"//button[@data-kt=\"addButton\"]"}
COMMAND: POST /session/6cb315df952d16724b4cad26491b612d/elements - {"using":"css selector","value":"#shell-header-logo"}
RESULT: {"using":"css selector","value":"#shell-header-logo"}
COMMAND: POST /session/6cb315df952d16724b4cad26491b612d/elements - {"using":"xpath","value":"//button[@data-kt=\"addButton\"]"}
RESULT: {"using":"xpath","value":"//button[@data-kt=\"addButton\"]"}
COMMAND: POST /session/6cb315df952d16724b4cad26491b612d/elements - {"using":"css selector","value":"#shell-header-logo"}
RESULT: {"using":"css selector","value":"#shell-header-logo"}
COMMAND: POST /session/6cb315df952d16724b4cad26491b612d/elements - {"using":"xpath","value":"//button[@data-kt=\"addButton\"]"}
RESULT: {"using":"xpath","value":"//button[@data-kt=\"addButton\"]"}
COMMAND: POST /session/6cb315df952d16724b4cad26491b612d/elements - {"using":"css selector","value":"#shell-header-logo"}
RESULT: {"using":"css selector","value":"#shell-header-logo"}
COMMAND: POST /session/6cb315df952d16724b4cad26491b612d/elements - {"using":"xpath","value":"//button[@data-kt=\"addButton\"]"}
RESULT: {"using":"xpath","value":"//button[@data-kt=\"addButton\"]"}
COMMAND: POST /session/6cb315df952d16724b4cad26491b612d/elements - {"using":"css selector","value":"#shell-header-logo"}
RESULT: {"using":"css selector","value":"#shell-header-logo"}
COMMAND: POST /session/6cb315df952d16724b4cad26491b612d/elements - {"using":"xpath","value":"//button[@data-kt=\"addButton\"]"}
RESULT: {"using":"xpath","value":"//button[@data-kt=\"addButton\"]"}
COMMAND: POST /session/6cb315df952d16724b4cad26491b612d/elements - {"using":"css selector","value":"#shell-header-logo"}
RESULT: {"using":"css selector","value":"#shell-header-logo"}
COMMAND: POST /session/6cb315df952d16724b4cad26491b612d/elements - {"using":"xpath","value":"//button[@data-kt=\"addButton\"]"}
RESULT: {"using":"xpath","value":"//button[@data-kt=\"addButton\"]"}
COMMAND: POST /session/6cb315df952d16724b4cad26491b612d/elements - {"using":"css selector","value":"#shell-header-logo"}
RESULT: {"using":"css selector","value":"#shell-header-logo"}
COMMAND: POST /session/6cb315df952d16724b4cad26491b612d/elements - {"using":"xpath","value":"//button[@data-kt=\"addButton\"]"}
RESULT: {"using":"xpath","value":"//button[@data-kt=\"addButton\"]"}
COMMAND: POST /session/6cb315df952d16724b4cad26491b612d/elements - {"using":"css selector","value":"#shell-header-logo"}
RESULT: {"using":"css selector","value":"#shell-header-logo"}
COMMAND: POST /session/6cb315df952d16724b4cad26491b612d/elements - {"using":"xpath","value":"//button[@data-kt=\"addButton\"]"}
RESULT: {"using":"xpath","value":"//button[@data-kt=\"addButton\"]"}
COMMAND: POST /session/6cb315df952d16724b4cad26491b612d/elements - {"using":"css selector","value":"#shell-header-logo"}
RESULT: {"using":"css selector","value":"#shell-header-logo"}
COMMAND: POST /session/6cb315df952d16724b4cad26491b612d/elements - {"using":"xpath","value":"//button[@data-kt=\"addButton\"]"}
RESULT: {"using":"xpath","value":"//button[@data-kt=\"addButton\"]"}
COMMAND: POST /session/6cb315df952d16724b4cad26491b612d/elements - {"using":"css selector","value":"#shell-header-logo"}
RESULT: {"using":"css selector","value":"#shell-header-logo"}
COMMAND: POST /session/6cb315df952d16724b4cad26491b612d/elements - {"using":"xpath","value":"//button[@data-kt=\"addButton\"]"}
RESULT: {"using":"xpath","value":"//button[@data-kt=\"addButton\"]"}
COMMAND: POST /session/6cb315df952d16724b4cad26491b612d/elements - {"using":"css selector","value":"#shell-header-logo"}
RESULT: {"using":"css selector","value":"#shell-header-logo"}
COMMAND: POST /session/6cb315df952d16724b4cad26491b612d/elements - {"using":"xpath","value":"//button[@data-kt=\"addButton\"]"}
RESULT: {"using":"xpath","value":"//button[@data-kt=\"addButton\"]"}
COMMAND: POST /session/6cb315df952d16724b4cad26491b612d/elements - {"using":"css selector","value":"#shell-header-logo"}
RESULT: {"using":"css selector","value":"#shell-header-logo"}
COMMAND: POST /session/6cb315df952d16724b4cad26491b612d/elements - {"using":"xpath","value":"//button[@data-kt=\"addButton\"]"}
RESULT: {"using":"xpath","value":"//button[@data-kt=\"addButton\"]"}
COMMAND: POST /session/6cb315df952d16724b4cad26491b612d/elements - {"using":"css selector","value":"#shell-header-logo"}
RESULT: {"using":"css selector","value":"#shell-header-logo"}
COMMAND: POST /session/6cb315df952d16724b4cad26491b612d/elements - {"using":"xpath","value":"//button[@data-kt=\"addButton\"]"}
RESULT: {"using":"xpath","value":"//button[@data-kt=\"addButton\"]"}
COMMAND: POST /session/6cb315df952d16724b4cad26491b612d/elements - {"using":"css selector","value":"#shell-header-logo"}
RESULT: {"using":"css selector","value":"#shell-header-logo"}
COMMAND: POST /session/6cb315df952d16724b4cad26491b612d/elements - {"using":"xpath","value":"//button[@data-kt=\"addButton\"]"}
RESULT: {"using":"xpath","value":"//button[@data-kt=\"addButton\"]"}
COMMAND: POST /session/6cb315df952d16724b4cad26491b612d/elements - {"using":"css selector","value":"#shell-header-logo"}
RESULT: {"using":"css selector","value":"#shell-header-logo"}
COMMAND: POST /session/6cb315df952d16724b4cad26491b612d/elements - {"using":"xpath","value":"//button[@data-kt=\"addButton\"]"}
RESULT: {"using":"xpath","value":"//button[@data-kt=\"addButton\"]"}
COMMAND: POST /session/6cb315df952d16724b4cad26491b612d/elements - {"using":"css selector","value":"#shell-header-logo"}
RESULT: {"using":"css selector","value":"#shell-header-logo"}
COMMAND: POST /session/6cb315df952d16724b4cad26491b612d/elements - {"using":"xpath","value":"//button[@data-kt=\"addButton\"]"}
RESULT: {"using":"xpath","value":"//button[@data-kt=\"addButton\"]"}
COMMAND: POST /session/6cb315df952d16724b4cad26491b612d/elements - {"using":"css selector","value":"#shell-header-logo"}
RESULT: {"using":"css selector","value":"#shell-header-logo"}
COMMAND: POST /session/6cb315df952d16724b4cad26491b612d/elements - {"using":"xpath","value":"//button[@data-kt=\"addButton\"]"}
RESULT: {"using":"xpath","value":"//button[@data-kt=\"addButton\"]"}
COMMAND: POST /session/6cb315df952d16724b4cad26491b612d/elements - {"using":"xpath","value":"//button[@data-kt=\"addButton\"]"}
RESULT: {"using":"xpath","value":"//button[@data-kt=\"addButton\"]"}
COMMAND: POST /session/6cb315df952d16724b4cad26491b612d/elements - {"using":"xpath","value":"//button[@data-kt=\"addButton\"]"}
RESULT: {"using":"xpath","value":"//button[@data-kt=\"addButton\"]"}
COMMAND: POST /session/6cb315df952d16724b4cad26491b612d/elements - {"using":"xpath","value":"//button[@data-kt=\"addButton\"]"}
RESULT: {"using":"xpath","value":"//button[@data-kt=\"addButton\"]"}
COMMAND: POST /session/6cb315df952d16724b4cad26491b612d/elements - {"using":"xpath","value":"//button[@data-kt=\"addButton\"]"}
RESULT: {"using":"xpath","value":"//button[@data-kt=\"addButton\"]"}
COMMAND: POST /session/6cb315df952d16724b4cad26491b612d/elements - {"using":"xpath","value":"//button[@data-kt=\"addButton\"]"}
RESULT: {"using":"xpath","value":"//button[@data-kt=\"addButton\"]"}
COMMAND: POST /session/6cb315df952d16724b4cad26491b612d/elements - {"using":"xpath","value":"//button[@data-kt=\"addButton\"]"}
RESULT: {"using":"xpath","value":"//button[@data-kt=\"addButton\"]"}
COMMAND: POST /session/6cb315df952d16724b4cad26491b612d/elements - {"using":"xpath","value":"//button[@data-kt=\"addButton\"]"}
RESULT: {"using":"xpath","value":"//button[@data-kt=\"addButton\"]"}
COMMAND: POST /session/6cb315df952d16724b4cad26491b612d/elements - {"using":"xpath","value":"//button[@data-kt=\"addButton\"]"}
RESULT: {"using":"xpath","value":"//button[@data-kt=\"addButton\"]"}
COMMAND: POST /session/6cb315df952d16724b4cad26491b612d/elements - {"using":"xpath","value":"//button[@data-kt=\"addButton\"]"}
RESULT: {"using":"xpath","value":"//button[@data-kt=\"addButton\"]"}
COMMAND: POST /session/6cb315df952d16724b4cad26491b612d/elements - {"using":"xpath","value":"//button[@data-kt=\"addButton\"]"}
RESULT: {"using":"xpath","value":"//button[@data-kt=\"addButton\"]"}
COMMAND: POST /session/6cb315df952d16724b4cad26491b612d/elements - {"using":"xpath","value":"//button[@data-kt=\"addButton\"]"}
RESULT: {"using":"xpath","value":"//button[@data-kt=\"addButton\"]"}
COMMAND: POST /session/6cb315df952d16724b4cad26491b612d/elements - {"using":"xpath","value":"//button[@data-kt=\"addButton\"]"}
RESULT: {"using":"xpath","value":"//button[@data-kt=\"addButton\"]"}
COMMAND: POST /session/6cb315df952d16724b4cad26491b612d/elements - {"using":"xpath","value":"//button[@data-kt=\"addButton\"]"}
RESULT: {"using":"xpath","value":"//button[@data-kt=\"addButton\"]"}
COMMAND: POST /session/6cb315df952d16724b4cad26491b612d/elements - {"using":"xpath","value":"//button[@data-kt=\"addButton\"]"}
RESULT: {"using":"xpath","value":"//button[@data-kt=\"addButton\"]"}
COMMAND: POST /session/6cb315df952d16724b4cad26491b612d/elements - {"using":"xpath","value":"//button[@data-kt=\"addButton\"]"}
RESULT: {"using":"xpath","value":"//button[@data-kt=\"addButton\"]"}
COMMAND: POST /session/6cb315df952d16724b4cad26491b612d/elements - {"using":"xpath","value":"//button[@data-kt=\"addButton\"]"}
RESULT: {"using":"xpath","value":"//button[@data-kt=\"addButton\"]"}
COMMAND: POST /session/6cb315df952d16724b4cad26491b612d/elements - {"using":"xpath","value":"//button[@data-kt=\"addButton\"]"}
RESULT: {"using":"xpath","value":"//button[@data-kt=\"addButton\"]"}
COMMAND: POST /session/6cb315df952d16724b4cad26491b612d/elements - {"using":"xpath","value":"//button[@data-kt=\"addButton\"]"}
RESULT: {"using":"xpath","value":"//button[@data-kt=\"addButton\"]"}
COMMAND: POST /session/6cb315df952d16724b4cad26491b612d/elements - {"using":"xpath","value":"//button[@data-kt=\"addButton\"]"}
RESULT: {"using":"xpath","value":"//button[@data-kt=\"addButton\"]"}
COMMAND: POST /session/6cb315df952d16724b4cad26491b612d/elements - {"using":"xpath","value":"//button[@data-kt=\"addButton\"]"}
RESULT: {"using":"xpath","value":"//button[@data-kt=\"addButton\"]"}
COMMAND: POST /session/6cb315df952d16724b4cad26491b612d/elements - {"using":"xpath","value":"//button[@data-kt=\"addButton\"]"}
RESULT: {"using":"xpath","value":"//button[@data-kt=\"addButton\"]"}
COMMAND: POST /session/6cb315df952d16724b4cad26491b612d/elements - {"using":"xpath","value":"//button[@data-kt=\"addButton\"]"}
RESULT: {"using":"xpath","value":"//button[@data-kt=\"addButton\"]"}
COMMAND: POST /session/6cb315df952d16724b4cad26491b612d/elements - {"using":"xpath","value":"//button[@data-kt=\"addButton\"]"}
RESULT: {"using":"xpath","value":"//button[@data-kt=\"addButton\"]"}
COMMAND: POST /session/6cb315df952d16724b4cad26491b612d/elements - {"using":"xpath","value":"//button[@data-kt=\"addButton\"]"}
RESULT: {"using":"xpath","value":"//button[@data-kt=\"addButton\"]"}
COMMAND: POST /session/6cb315df952d16724b4cad26491b612d/elements - {"using":"xpath","value":"//button[@data-kt=\"addButton\"]"}
RESULT: {"using":"xpath","value":"//button[@data-kt=\"addButton\"]"}
COMMAND: POST /session/6cb315df952d16724b4cad26491b612d/elements - {"using":"xpath","value":"//button[@data-kt=\"addButton\"]"}
RESULT: {"using":"xpath","value":"//button[@data-kt=\"addButton\"]"}
COMMAND: POST /session/6cb315df952d16724b4cad26491b612d/elements - {"using":"xpath","value":"//button[@data-kt=\"addButton\"]"}
RESULT: {"using":"xpath","value":"//button[@data-kt=\"addButton\"]"}
COMMAND: POST /session/6cb315df952d16724b4cad26491b612d/elements - {"using":"xpath","value":"//button[@data-kt=\"addButton\"]"}
RESULT: {"using":"xpath","value":"//button[@data-kt=\"addButton\"]"}
COMMAND: POST /session/6cb315df952d16724b4cad26491b612d/elements - {"using":"xpath","value":"//button[@data-kt=\"addButton\"]"}
RESULT: {"using":"xpath","value":"//button[@data-kt=\"addButton\"]"}
COMMAND: POST /session/6cb315df952d16724b4cad26491b612d/elements - {"using":"xpath","value":"//button[@data-kt=\"addButton\"]"}
RESULT: {"using":"xpath","value":"//button[@data-kt=\"addButton\"]"}
COMMAND: POST /session/6cb315df952d16724b4cad26491b612d/elements - {"using":"xpath","value":"//button[@data-kt=\"addButton\"]"}
RESULT: {"using":"xpath","value":"//button[@data-kt=\"addButton\"]"}
COMMAND: POST /session/6cb315df952d16724b4cad26491b612d/elements - {"using":"xpath","value":"//button[@data-kt=\"addButton\"]"}
RESULT: {"using":"xpath","value":"//button[@data-kt=\"addButton\"]"}
COMMAND: POST /session/6cb315df952d16724b4cad26491b612d/elements - {"using":"xpath","value":"//button[@data-kt=\"addButton\"]"}
RESULT: {"using":"xpath","value":"//button[@data-kt=\"addButton\"]"}
COMMAND: POST /session/6cb315df952d16724b4cad26491b612d/elements - {"using":"xpath","value":"//button[@data-kt=\"addButton\"]"}
RESULT: {"using":"xpath","value":"//button[@data-kt=\"addButton\"]"}
COMMAND: POST /session/6cb315df952d16724b4cad26491b612d/elements - {"using":"xpath","value":"//button[@data-kt=\"addButton\"]"}
RESULT: {"using":"xpath","value":"//button[@data-kt=\"addButton\"]"}
COMMAND: POST /session/6cb315df952d16724b4cad26491b612d/elements - {"using":"xpath","value":"//button[@data-kt=\"addButton\"]"}
RESULT: {"using":"xpath","value":"//button[@data-kt=\"addButton\"]"}
COMMAND: POST /session/6cb315df952d16724b4cad26491b612d/elements - {"using":"xpath","value":"//button[@data-kt=\"addButton\"]"}
RESULT: {"using":"xpath","value":"//button[@data-kt=\"addButton\"]"}
COMMAND: POST /session/6cb315df952d16724b4cad26491b612d/elements - {"using":"xpath","value":"//button[@data-kt=\"addButton\"]"}
RESULT: {"using":"xpath","value":"//button[@data-kt=\"addButton\"]"}
COMMAND: POST /session/6cb315df952d16724b4cad26491b612d/elements - {"using":"xpath","value":"//button[@data-kt=\"addButton\"]"}
RESULT: {"using":"xpath","value":"//button[@data-kt=\"addButton\"]"}
COMMAND: POST /session/6cb315df952d16724b4cad26491b612d/elements - {"using":"xpath","value":"//button[@data-kt=\"addButton\"]"}
RESULT: {"using":"xpath","value":"//button[@data-kt=\"addButton\"]"}
COMMAND: POST /session/6cb315df952d16724b4cad26491b612d/elements - {"using":"xpath","value":"//button[@data-kt=\"addButton\"]"}
RESULT: {"using":"xpath","value":"//button[@data-kt=\"addButton\"]"}
COMMAND: POST /session/6cb315df952d16724b4cad26491b612d/elements - {"using":"xpath","value":"//button[@data-kt=\"addButton\"]"}
RESULT: {"using":"xpath","value":"//button[@data-kt=\"addButton\"]"}
COMMAND: POST /session/6cb315df952d16724b4cad26491b612d/elements - {"using":"xpath","value":"//button[@data-kt=\"addButton\"]"}
RESULT: {"using":"xpath","value":"//button[@data-kt=\"addButton\"]"}
COMMAND: POST /session/6cb315df952d16724b4cad26491b612d/elements - {"using":"xpath","value":"//button[@data-kt=\"addButton\"]"}
RESULT: {"using":"xpath","value":"//button[@data-kt=\"addButton\"]"}
COMMAND: POST /session/6cb315df952d16724b4cad26491b612d/elements - {"using":"xpath","value":"//button[@data-kt=\"addButton\"]"}
RESULT: {"using":"xpath","value":"//button[@data-kt=\"addButton\"]"}
COMMAND: POST /session/6cb315df952d16724b4cad26491b612d/elements - {"using":"xpath","value":"//button[@data-kt=\"addButton\"]"}
RESULT: {"using":"xpath","value":"//button[@data-kt=\"addButton\"]"}
COMMAND: POST /session/6cb315df952d16724b4cad26491b612d/elements - {"using":"xpath","value":"//button[@data-kt=\"addButton\"]"}
RESULT: {"using":"xpath","value":"//button[@data-kt=\"addButton\"]"}
COMMAND: POST /session/6cb315df952d16724b4cad26491b612d/elements - {"using":"xpath","value":"//button[@data-kt=\"addButton\"]"}
RESULT: {"using":"xpath","value":"//button[@data-kt=\"addButton\"]"}
COMMAND: POST /session/6cb315df952d16724b4cad26491b612d/elements - {"using":"xpath","value":"//button[@data-kt=\"addButton\"]"}
RESULT: {"using":"xpath","value":"//button[@data-kt=\"addButton\"]"}
COMMAND: POST /session/6cb315df952d16724b4cad26491b612d/elements - {"using":"xpath","value":"//button[@data-kt=\"addButton\"]"}
RESULT: {"using":"xpath","value":"//button[@data-kt=\"addButton\"]"}
COMMAND: POST /session/6cb315df952d16724b4cad26491b612d/elements - {"using":"xpath","value":"//button[@data-kt=\"addButton\"]"}
RESULT: {"using":"xpath","value":"//button[@data-kt=\"addButton\"]"}
COMMAND: POST /session/6cb315df952d16724b4cad26491b612d/elements - {"using":"xpath","value":"//button[@data-kt=\"addButton\"]"}
RESULT: {"using":"xpath","value":"//button[@data-kt=\"addButton\"]"}
COMMAND: POST /session/6cb315df952d16724b4cad26491b612d/elements - {"using":"xpath","value":"//button[@data-kt=\"addButton\"]"}
RESULT: {"using":"xpath","value":"//button[@data-kt=\"addButton\"]"}
COMMAND: POST /session/6cb315df952d16724b4cad26491b612d/elements - {"using":"xpath","value":"//button[@data-kt=\"addButton\"]"}
RESULT: {"using":"xpath","value":"//button[@data-kt=\"addButton\"]"}
COMMAND: GET /session/6cb315df952d16724b4cad26491b612d/screenshot - {}
RESULT: {}
]]></system-out>
      <system-err><![CDATA[
Error: element ("//button[@data-kt="addButton"]") still not existing after 45000ms
    at async UtilsPrerequisites.partnerCreation (D:\a\1\s\test\specs\BTS\prerequisites-and-utils-functions.js:387:9)
    at async Context.<anonymous> (D:\a\1\s\test\specs\BTS\manage-partners.spec.js:363:44)
]]></system-err>
    </testcase>
    <testcase classname="chrome.136_0_7103_49.windows.Partner_specific_tests_US150819_US151080_US151654_US151176_US103444_US151078_US151079_US151109_US151174_US151175_US151189" name="Should do filtering and navigation tests US151109" time="55.435">
      <skipped />
      <system-out><![CDATA[
COMMAND: POST /session/6cb315df952d16724b4cad26491b612d/element - {"using":"xpath","value":"//li[.//span[text()=\"Manage Partners\"]]"}
COMMAND: GET /session/6cb315df952d16724b4cad26491b612d/screenshot - {}
RESULT: {"using":"xpath","value":"//li[.//span[text()=\"Manage Partners\"]]"}
COMMAND: POST /session/6cb315df952d16724b4cad26491b612d/element - {"using":"xpath","value":"//li[.//span[text()=\"Manage Partners\"]]"}
RESULT: {}
RESULT: {"using":"xpath","value":"//li[.//span[text()=\"Manage Partners\"]]"}
COMMAND: POST /session/6cb315df952d16724b4cad26491b612d/element - {"using":"css selector","value":"#shell-header-logo"}
RESULT: {"using":"css selector","value":"#shell-header-logo"}
COMMAND: POST /session/6cb315df952d16724b4cad26491b612d/elements - {"using":"css selector","value":"#shell-header-logo"}
COMMAND: POST /session/6cb315df952d16724b4cad26491b612d/element - {"using":"css selector","value":"#shell-header-logo"}
RESULT: {"using":"css selector","value":"#shell-header-logo"}
RESULT: {"using":"css selector","value":"#shell-header-logo"}
COMMAND: POST /session/6cb315df952d16724b4cad26491b612d/elements - {"using":"css selector","value":"#shell-header-logo"}
RESULT: {"using":"css selector","value":"#shell-header-logo"}
COMMAND: POST /session/6cb315df952d16724b4cad26491b612d/elements - {"using":"css selector","value":"#shell-header-logo"}
RESULT: {"using":"css selector","value":"#shell-header-logo"}
COMMAND: POST /session/6cb315df952d16724b4cad26491b612d/elements - {"using":"css selector","value":"#shell-header-logo"}
RESULT: {"using":"css selector","value":"#shell-header-logo"}
COMMAND: POST /session/6cb315df952d16724b4cad26491b612d/elements - {"using":"css selector","value":"#shell-header-logo"}
RESULT: {"using":"css selector","value":"#shell-header-logo"}
COMMAND: POST /session/6cb315df952d16724b4cad26491b612d/elements - {"using":"css selector","value":"#shell-header-logo"}
RESULT: {"using":"css selector","value":"#shell-header-logo"}
COMMAND: POST /session/6cb315df952d16724b4cad26491b612d/elements - {"using":"css selector","value":"#shell-header-logo"}
RESULT: {"using":"css selector","value":"#shell-header-logo"}
COMMAND: POST /session/6cb315df952d16724b4cad26491b612d/elements - {"using":"css selector","value":"#shell-header-logo"}
RESULT: {"using":"css selector","value":"#shell-header-logo"}
COMMAND: POST /session/6cb315df952d16724b4cad26491b612d/elements - {"using":"css selector","value":"#shell-header-logo"}
RESULT: {"using":"css selector","value":"#shell-header-logo"}
COMMAND: POST /session/6cb315df952d16724b4cad26491b612d/elements - {"using":"css selector","value":"#shell-header-logo"}
RESULT: {"using":"css selector","value":"#shell-header-logo"}
COMMAND: POST /session/6cb315df952d16724b4cad26491b612d/elements - {"using":"css selector","value":"#shell-header-logo"}
RESULT: {"using":"css selector","value":"#shell-header-logo"}
COMMAND: POST /session/6cb315df952d16724b4cad26491b612d/elements - {"using":"css selector","value":"#shell-header-logo"}
RESULT: {"using":"css selector","value":"#shell-header-logo"}
COMMAND: POST /session/6cb315df952d16724b4cad26491b612d/elements - {"using":"css selector","value":"#shell-header-logo"}
RESULT: {"using":"css selector","value":"#shell-header-logo"}
COMMAND: POST /session/6cb315df952d16724b4cad26491b612d/elements - {"using":"css selector","value":"#shell-header-logo"}
RESULT: {"using":"css selector","value":"#shell-header-logo"}
COMMAND: POST /session/6cb315df952d16724b4cad26491b612d/elements - {"using":"css selector","value":"#shell-header-logo"}
RESULT: {"using":"css selector","value":"#shell-header-logo"}
COMMAND: POST /session/6cb315df952d16724b4cad26491b612d/elements - {"using":"css selector","value":"#shell-header-logo"}
RESULT: {"using":"css selector","value":"#shell-header-logo"}
COMMAND: POST /session/6cb315df952d16724b4cad26491b612d/elements - {"using":"css selector","value":"#shell-header-logo"}
RESULT: {"using":"css selector","value":"#shell-header-logo"}
COMMAND: POST /session/6cb315df952d16724b4cad26491b612d/elements - {"using":"css selector","value":"#shell-header-logo"}
RESULT: {"using":"css selector","value":"#shell-header-logo"}
COMMAND: POST /session/6cb315df952d16724b4cad26491b612d/elements - {"using":"css selector","value":"#shell-header-logo"}
RESULT: {"using":"css selector","value":"#shell-header-logo"}
COMMAND: POST /session/6cb315df952d16724b4cad26491b612d/elements - {"using":"css selector","value":"#shell-header-logo"}
RESULT: {"using":"css selector","value":"#shell-header-logo"}
RESULT: undefined
COMMAND: POST /session/6cb315df952d16724b4cad26491b612d/element - {"using":"xpath","value":"//button[@data-kt=\"addButton\"]"}
COMMAND: POST /session/6cb315df952d16724b4cad26491b612d/elements - {"using":"css selector","value":"#shell-header-logo"}
RESULT: {"using":"xpath","value":"//button[@data-kt=\"addButton\"]"}
COMMAND: POST /session/6cb315df952d16724b4cad26491b612d/elements - {"using":"xpath","value":"//button[@data-kt=\"addButton\"]"}
RESULT: {"using":"css selector","value":"#shell-header-logo"}
RESULT: {"using":"xpath","value":"//button[@data-kt=\"addButton\"]"}
COMMAND: POST /session/6cb315df952d16724b4cad26491b612d/elements - {"using":"css selector","value":"#shell-header-logo"}
RESULT: {"using":"css selector","value":"#shell-header-logo"}
COMMAND: POST /session/6cb315df952d16724b4cad26491b612d/elements - {"using":"xpath","value":"//button[@data-kt=\"addButton\"]"}
RESULT: {"using":"xpath","value":"//button[@data-kt=\"addButton\"]"}
COMMAND: POST /session/6cb315df952d16724b4cad26491b612d/elements - {"using":"css selector","value":"#shell-header-logo"}
RESULT: {"using":"css selector","value":"#shell-header-logo"}
COMMAND: POST /session/6cb315df952d16724b4cad26491b612d/elements - {"using":"xpath","value":"//button[@data-kt=\"addButton\"]"}
RESULT: {"using":"xpath","value":"//button[@data-kt=\"addButton\"]"}
COMMAND: POST /session/6cb315df952d16724b4cad26491b612d/elements - {"using":"css selector","value":"#shell-header-logo"}
RESULT: {"using":"css selector","value":"#shell-header-logo"}
COMMAND: POST /session/6cb315df952d16724b4cad26491b612d/elements - {"using":"xpath","value":"//button[@data-kt=\"addButton\"]"}
RESULT: {"using":"xpath","value":"//button[@data-kt=\"addButton\"]"}
COMMAND: POST /session/6cb315df952d16724b4cad26491b612d/elements - {"using":"css selector","value":"#shell-header-logo"}
COMMAND: POST /session/6cb315df952d16724b4cad26491b612d/elements - {"using":"xpath","value":"//button[@data-kt=\"addButton\"]"}
RESULT: {"using":"css selector","value":"#shell-header-logo"}
RESULT: {"using":"xpath","value":"//button[@data-kt=\"addButton\"]"}
COMMAND: POST /session/6cb315df952d16724b4cad26491b612d/elements - {"using":"css selector","value":"#shell-header-logo"}
RESULT: {"using":"css selector","value":"#shell-header-logo"}
COMMAND: POST /session/6cb315df952d16724b4cad26491b612d/elements - {"using":"xpath","value":"//button[@data-kt=\"addButton\"]"}
RESULT: {"using":"xpath","value":"//button[@data-kt=\"addButton\"]"}
COMMAND: POST /session/6cb315df952d16724b4cad26491b612d/elements - {"using":"css selector","value":"#shell-header-logo"}
RESULT: {"using":"css selector","value":"#shell-header-logo"}
COMMAND: POST /session/6cb315df952d16724b4cad26491b612d/elements - {"using":"xpath","value":"//button[@data-kt=\"addButton\"]"}
RESULT: {"using":"xpath","value":"//button[@data-kt=\"addButton\"]"}
COMMAND: POST /session/6cb315df952d16724b4cad26491b612d/elements - {"using":"css selector","value":"#shell-header-logo"}
RESULT: {"using":"css selector","value":"#shell-header-logo"}
COMMAND: POST /session/6cb315df952d16724b4cad26491b612d/elements - {"using":"xpath","value":"//button[@data-kt=\"addButton\"]"}
RESULT: {"using":"xpath","value":"//button[@data-kt=\"addButton\"]"}
COMMAND: POST /session/6cb315df952d16724b4cad26491b612d/elements - {"using":"css selector","value":"#shell-header-logo"}
RESULT: {"using":"css selector","value":"#shell-header-logo"}
COMMAND: POST /session/6cb315df952d16724b4cad26491b612d/elements - {"using":"xpath","value":"//button[@data-kt=\"addButton\"]"}
RESULT: {"using":"xpath","value":"//button[@data-kt=\"addButton\"]"}
COMMAND: POST /session/6cb315df952d16724b4cad26491b612d/elements - {"using":"css selector","value":"#shell-header-logo"}
RESULT: {"using":"css selector","value":"#shell-header-logo"}
COMMAND: POST /session/6cb315df952d16724b4cad26491b612d/elements - {"using":"xpath","value":"//button[@data-kt=\"addButton\"]"}
RESULT: {"using":"xpath","value":"//button[@data-kt=\"addButton\"]"}
COMMAND: POST /session/6cb315df952d16724b4cad26491b612d/elements - {"using":"css selector","value":"#shell-header-logo"}
RESULT: {"using":"css selector","value":"#shell-header-logo"}
COMMAND: POST /session/6cb315df952d16724b4cad26491b612d/elements - {"using":"xpath","value":"//button[@data-kt=\"addButton\"]"}
RESULT: {"using":"xpath","value":"//button[@data-kt=\"addButton\"]"}
COMMAND: POST /session/6cb315df952d16724b4cad26491b612d/elements - {"using":"css selector","value":"#shell-header-logo"}
COMMAND: POST /session/6cb315df952d16724b4cad26491b612d/elements - {"using":"xpath","value":"//button[@data-kt=\"addButton\"]"}
RESULT: {"using":"css selector","value":"#shell-header-logo"}
RESULT: {"using":"xpath","value":"//button[@data-kt=\"addButton\"]"}
COMMAND: POST /session/6cb315df952d16724b4cad26491b612d/elements - {"using":"css selector","value":"#shell-header-logo"}
COMMAND: POST /session/6cb315df952d16724b4cad26491b612d/elements - {"using":"xpath","value":"//button[@data-kt=\"addButton\"]"}
RESULT: {"using":"css selector","value":"#shell-header-logo"}
RESULT: {"using":"xpath","value":"//button[@data-kt=\"addButton\"]"}
COMMAND: POST /session/6cb315df952d16724b4cad26491b612d/elements - {"using":"css selector","value":"#shell-header-logo"}
RESULT: {"using":"css selector","value":"#shell-header-logo"}
COMMAND: POST /session/6cb315df952d16724b4cad26491b612d/elements - {"using":"xpath","value":"//button[@data-kt=\"addButton\"]"}
RESULT: {"using":"xpath","value":"//button[@data-kt=\"addButton\"]"}
COMMAND: POST /session/6cb315df952d16724b4cad26491b612d/elements - {"using":"css selector","value":"#shell-header-logo"}
RESULT: {"using":"css selector","value":"#shell-header-logo"}
COMMAND: POST /session/6cb315df952d16724b4cad26491b612d/elements - {"using":"xpath","value":"//button[@data-kt=\"addButton\"]"}
RESULT: {"using":"xpath","value":"//button[@data-kt=\"addButton\"]"}
COMMAND: POST /session/6cb315df952d16724b4cad26491b612d/elements - {"using":"css selector","value":"#shell-header-logo"}
RESULT: {"using":"css selector","value":"#shell-header-logo"}
COMMAND: POST /session/6cb315df952d16724b4cad26491b612d/elements - {"using":"xpath","value":"//button[@data-kt=\"addButton\"]"}
RESULT: {"using":"xpath","value":"//button[@data-kt=\"addButton\"]"}
COMMAND: POST /session/6cb315df952d16724b4cad26491b612d/elements - {"using":"css selector","value":"#shell-header-logo"}
COMMAND: POST /session/6cb315df952d16724b4cad26491b612d/elements - {"using":"xpath","value":"//button[@data-kt=\"addButton\"]"}
RESULT: {"using":"css selector","value":"#shell-header-logo"}
RESULT: {"using":"xpath","value":"//button[@data-kt=\"addButton\"]"}
COMMAND: POST /session/6cb315df952d16724b4cad26491b612d/elements - {"using":"css selector","value":"#shell-header-logo"}
RESULT: {"using":"css selector","value":"#shell-header-logo"}
COMMAND: POST /session/6cb315df952d16724b4cad26491b612d/elements - {"using":"xpath","value":"//button[@data-kt=\"addButton\"]"}
RESULT: {"using":"xpath","value":"//button[@data-kt=\"addButton\"]"}
COMMAND: POST /session/6cb315df952d16724b4cad26491b612d/elements - {"using":"css selector","value":"#shell-header-logo"}
RESULT: {"using":"css selector","value":"#shell-header-logo"}
COMMAND: POST /session/6cb315df952d16724b4cad26491b612d/elements - {"using":"xpath","value":"//button[@data-kt=\"addButton\"]"}
RESULT: {"using":"xpath","value":"//button[@data-kt=\"addButton\"]"}
COMMAND: POST /session/6cb315df952d16724b4cad26491b612d/elements - {"using":"css selector","value":"#shell-header-logo"}
RESULT: {"using":"css selector","value":"#shell-header-logo"}
COMMAND: POST /session/6cb315df952d16724b4cad26491b612d/elements - {"using":"xpath","value":"//button[@data-kt=\"addButton\"]"}
RESULT: {"using":"xpath","value":"//button[@data-kt=\"addButton\"]"}
COMMAND: POST /session/6cb315df952d16724b4cad26491b612d/elements - {"using":"css selector","value":"#shell-header-logo"}
RESULT: {"using":"css selector","value":"#shell-header-logo"}
COMMAND: POST /session/6cb315df952d16724b4cad26491b612d/elements - {"using":"xpath","value":"//button[@data-kt=\"addButton\"]"}
RESULT: {"using":"xpath","value":"//button[@data-kt=\"addButton\"]"}
COMMAND: POST /session/6cb315df952d16724b4cad26491b612d/elements - {"using":"css selector","value":"#shell-header-logo"}
RESULT: {"using":"css selector","value":"#shell-header-logo"}
COMMAND: POST /session/6cb315df952d16724b4cad26491b612d/elements - {"using":"xpath","value":"//button[@data-kt=\"addButton\"]"}
RESULT: {"using":"xpath","value":"//button[@data-kt=\"addButton\"]"}
COMMAND: POST /session/6cb315df952d16724b4cad26491b612d/elements - {"using":"css selector","value":"#shell-header-logo"}
RESULT: {"using":"css selector","value":"#shell-header-logo"}
COMMAND: POST /session/6cb315df952d16724b4cad26491b612d/elements - {"using":"xpath","value":"//button[@data-kt=\"addButton\"]"}
RESULT: {"using":"xpath","value":"//button[@data-kt=\"addButton\"]"}
COMMAND: POST /session/6cb315df952d16724b4cad26491b612d/elements - {"using":"css selector","value":"#shell-header-logo"}
COMMAND: POST /session/6cb315df952d16724b4cad26491b612d/elements - {"using":"xpath","value":"//button[@data-kt=\"addButton\"]"}
RESULT: {"using":"css selector","value":"#shell-header-logo"}
RESULT: {"using":"xpath","value":"//button[@data-kt=\"addButton\"]"}
COMMAND: POST /session/6cb315df952d16724b4cad26491b612d/elements - {"using":"css selector","value":"#shell-header-logo"}
COMMAND: POST /session/6cb315df952d16724b4cad26491b612d/elements - {"using":"xpath","value":"//button[@data-kt=\"addButton\"]"}
RESULT: {"using":"css selector","value":"#shell-header-logo"}
RESULT: {"using":"xpath","value":"//button[@data-kt=\"addButton\"]"}
COMMAND: POST /session/6cb315df952d16724b4cad26491b612d/elements - {"using":"css selector","value":"#shell-header-logo"}
RESULT: {"using":"css selector","value":"#shell-header-logo"}
COMMAND: POST /session/6cb315df952d16724b4cad26491b612d/elements - {"using":"xpath","value":"//button[@data-kt=\"addButton\"]"}
RESULT: {"using":"xpath","value":"//button[@data-kt=\"addButton\"]"}
COMMAND: POST /session/6cb315df952d16724b4cad26491b612d/elements - {"using":"css selector","value":"#shell-header-logo"}
RESULT: {"using":"css selector","value":"#shell-header-logo"}
COMMAND: POST /session/6cb315df952d16724b4cad26491b612d/elements - {"using":"xpath","value":"//button[@data-kt=\"addButton\"]"}
RESULT: {"using":"xpath","value":"//button[@data-kt=\"addButton\"]"}
COMMAND: POST /session/6cb315df952d16724b4cad26491b612d/elements - {"using":"css selector","value":"#shell-header-logo"}
RESULT: {"using":"css selector","value":"#shell-header-logo"}
COMMAND: POST /session/6cb315df952d16724b4cad26491b612d/elements - {"using":"xpath","value":"//button[@data-kt=\"addButton\"]"}
RESULT: {"using":"xpath","value":"//button[@data-kt=\"addButton\"]"}
COMMAND: POST /session/6cb315df952d16724b4cad26491b612d/elements - {"using":"css selector","value":"#shell-header-logo"}
RESULT: {"using":"css selector","value":"#shell-header-logo"}
COMMAND: POST /session/6cb315df952d16724b4cad26491b612d/elements - {"using":"xpath","value":"//button[@data-kt=\"addButton\"]"}
RESULT: {"using":"xpath","value":"//button[@data-kt=\"addButton\"]"}
COMMAND: POST /session/6cb315df952d16724b4cad26491b612d/elements - {"using":"css selector","value":"#shell-header-logo"}
RESULT: {"using":"css selector","value":"#shell-header-logo"}
COMMAND: POST /session/6cb315df952d16724b4cad26491b612d/elements - {"using":"xpath","value":"//button[@data-kt=\"addButton\"]"}
RESULT: {"using":"xpath","value":"//button[@data-kt=\"addButton\"]"}
COMMAND: POST /session/6cb315df952d16724b4cad26491b612d/elements - {"using":"css selector","value":"#shell-header-logo"}
RESULT: {"using":"css selector","value":"#shell-header-logo"}
COMMAND: POST /session/6cb315df952d16724b4cad26491b612d/elements - {"using":"xpath","value":"//button[@data-kt=\"addButton\"]"}
RESULT: {"using":"xpath","value":"//button[@data-kt=\"addButton\"]"}
COMMAND: POST /session/6cb315df952d16724b4cad26491b612d/elements - {"using":"css selector","value":"#shell-header-logo"}
RESULT: {"using":"css selector","value":"#shell-header-logo"}
COMMAND: POST /session/6cb315df952d16724b4cad26491b612d/elements - {"using":"xpath","value":"//button[@data-kt=\"addButton\"]"}
RESULT: {"using":"xpath","value":"//button[@data-kt=\"addButton\"]"}
COMMAND: POST /session/6cb315df952d16724b4cad26491b612d/elements - {"using":"css selector","value":"#shell-header-logo"}
COMMAND: POST /session/6cb315df952d16724b4cad26491b612d/elements - {"using":"xpath","value":"//button[@data-kt=\"addButton\"]"}
RESULT: {"using":"css selector","value":"#shell-header-logo"}
RESULT: {"using":"xpath","value":"//button[@data-kt=\"addButton\"]"}
COMMAND: POST /session/6cb315df952d16724b4cad26491b612d/elements - {"using":"css selector","value":"#shell-header-logo"}
COMMAND: POST /session/6cb315df952d16724b4cad26491b612d/elements - {"using":"xpath","value":"//button[@data-kt=\"addButton\"]"}
RESULT: {"using":"css selector","value":"#shell-header-logo"}
RESULT: {"using":"xpath","value":"//button[@data-kt=\"addButton\"]"}
COMMAND: POST /session/6cb315df952d16724b4cad26491b612d/elements - {"using":"css selector","value":"#shell-header-logo"}
COMMAND: POST /session/6cb315df952d16724b4cad26491b612d/elements - {"using":"xpath","value":"//button[@data-kt=\"addButton\"]"}
RESULT: {"using":"css selector","value":"#shell-header-logo"}
RESULT: {"using":"xpath","value":"//button[@data-kt=\"addButton\"]"}
COMMAND: POST /session/6cb315df952d16724b4cad26491b612d/elements - {"using":"css selector","value":"#shell-header-logo"}
RESULT: {"using":"css selector","value":"#shell-header-logo"}
COMMAND: POST /session/6cb315df952d16724b4cad26491b612d/elements - {"using":"xpath","value":"//button[@data-kt=\"addButton\"]"}
RESULT: {"using":"xpath","value":"//button[@data-kt=\"addButton\"]"}
COMMAND: POST /session/6cb315df952d16724b4cad26491b612d/elements - {"using":"css selector","value":"#shell-header-logo"}
RESULT: {"using":"css selector","value":"#shell-header-logo"}
COMMAND: POST /session/6cb315df952d16724b4cad26491b612d/elements - {"using":"xpath","value":"//button[@data-kt=\"addButton\"]"}
RESULT: {"using":"xpath","value":"//button[@data-kt=\"addButton\"]"}
COMMAND: POST /session/6cb315df952d16724b4cad26491b612d/elements - {"using":"css selector","value":"#shell-header-logo"}
COMMAND: POST /session/6cb315df952d16724b4cad26491b612d/elements - {"using":"xpath","value":"//button[@data-kt=\"addButton\"]"}
RESULT: {"using":"css selector","value":"#shell-header-logo"}
RESULT: {"using":"xpath","value":"//button[@data-kt=\"addButton\"]"}
COMMAND: POST /session/6cb315df952d16724b4cad26491b612d/elements - {"using":"css selector","value":"#shell-header-logo"}
RESULT: {"using":"css selector","value":"#shell-header-logo"}
COMMAND: POST /session/6cb315df952d16724b4cad26491b612d/elements - {"using":"xpath","value":"//button[@data-kt=\"addButton\"]"}
RESULT: {"using":"xpath","value":"//button[@data-kt=\"addButton\"]"}
COMMAND: POST /session/6cb315df952d16724b4cad26491b612d/elements - {"using":"css selector","value":"#shell-header-logo"}
RESULT: {"using":"css selector","value":"#shell-header-logo"}
COMMAND: POST /session/6cb315df952d16724b4cad26491b612d/elements - {"using":"xpath","value":"//button[@data-kt=\"addButton\"]"}
RESULT: {"using":"xpath","value":"//button[@data-kt=\"addButton\"]"}
COMMAND: POST /session/6cb315df952d16724b4cad26491b612d/elements - {"using":"css selector","value":"#shell-header-logo"}
RESULT: {"using":"css selector","value":"#shell-header-logo"}
COMMAND: POST /session/6cb315df952d16724b4cad26491b612d/elements - {"using":"xpath","value":"//button[@data-kt=\"addButton\"]"}
RESULT: {"using":"xpath","value":"//button[@data-kt=\"addButton\"]"}
COMMAND: POST /session/6cb315df952d16724b4cad26491b612d/elements - {"using":"css selector","value":"#shell-header-logo"}
COMMAND: POST /session/6cb315df952d16724b4cad26491b612d/elements - {"using":"xpath","value":"//button[@data-kt=\"addButton\"]"}
RESULT: {"using":"css selector","value":"#shell-header-logo"}
RESULT: {"using":"xpath","value":"//button[@data-kt=\"addButton\"]"}
COMMAND: POST /session/6cb315df952d16724b4cad26491b612d/elements - {"using":"css selector","value":"#shell-header-logo"}
RESULT: {"using":"css selector","value":"#shell-header-logo"}
COMMAND: POST /session/6cb315df952d16724b4cad26491b612d/elements - {"using":"xpath","value":"//button[@data-kt=\"addButton\"]"}
RESULT: {"using":"xpath","value":"//button[@data-kt=\"addButton\"]"}
COMMAND: POST /session/6cb315df952d16724b4cad26491b612d/elements - {"using":"css selector","value":"#shell-header-logo"}
RESULT: {"using":"css selector","value":"#shell-header-logo"}
COMMAND: POST /session/6cb315df952d16724b4cad26491b612d/elements - {"using":"xpath","value":"//button[@data-kt=\"addButton\"]"}
RESULT: {"using":"xpath","value":"//button[@data-kt=\"addButton\"]"}
COMMAND: POST /session/6cb315df952d16724b4cad26491b612d/elements - {"using":"css selector","value":"#shell-header-logo"}
RESULT: {"using":"css selector","value":"#shell-header-logo"}
COMMAND: POST /session/6cb315df952d16724b4cad26491b612d/elements - {"using":"xpath","value":"//button[@data-kt=\"addButton\"]"}
RESULT: {"using":"xpath","value":"//button[@data-kt=\"addButton\"]"}
COMMAND: POST /session/6cb315df952d16724b4cad26491b612d/elements - {"using":"css selector","value":"#shell-header-logo"}
RESULT: {"using":"css selector","value":"#shell-header-logo"}
COMMAND: POST /session/6cb315df952d16724b4cad26491b612d/elements - {"using":"xpath","value":"//button[@data-kt=\"addButton\"]"}
RESULT: {"using":"xpath","value":"//button[@data-kt=\"addButton\"]"}
COMMAND: POST /session/6cb315df952d16724b4cad26491b612d/elements - {"using":"css selector","value":"#shell-header-logo"}
COMMAND: POST /session/6cb315df952d16724b4cad26491b612d/elements - {"using":"xpath","value":"//button[@data-kt=\"addButton\"]"}
RESULT: {"using":"css selector","value":"#shell-header-logo"}
RESULT: {"using":"xpath","value":"//button[@data-kt=\"addButton\"]"}
COMMAND: POST /session/6cb315df952d16724b4cad26491b612d/elements - {"using":"css selector","value":"#shell-header-logo"}
RESULT: {"using":"css selector","value":"#shell-header-logo"}
COMMAND: POST /session/6cb315df952d16724b4cad26491b612d/elements - {"using":"xpath","value":"//button[@data-kt=\"addButton\"]"}
RESULT: {"using":"xpath","value":"//button[@data-kt=\"addButton\"]"}
COMMAND: POST /session/6cb315df952d16724b4cad26491b612d/elements - {"using":"css selector","value":"#shell-header-logo"}
RESULT: {"using":"css selector","value":"#shell-header-logo"}
COMMAND: POST /session/6cb315df952d16724b4cad26491b612d/elements - {"using":"xpath","value":"//button[@data-kt=\"addButton\"]"}
RESULT: {"using":"xpath","value":"//button[@data-kt=\"addButton\"]"}
COMMAND: POST /session/6cb315df952d16724b4cad26491b612d/elements - {"using":"css selector","value":"#shell-header-logo"}
RESULT: {"using":"css selector","value":"#shell-header-logo"}
COMMAND: POST /session/6cb315df952d16724b4cad26491b612d/elements - {"using":"xpath","value":"//button[@data-kt=\"addButton\"]"}
RESULT: {"using":"xpath","value":"//button[@data-kt=\"addButton\"]"}
COMMAND: POST /session/6cb315df952d16724b4cad26491b612d/elements - {"using":"css selector","value":"#shell-header-logo"}
RESULT: {"using":"css selector","value":"#shell-header-logo"}
COMMAND: POST /session/6cb315df952d16724b4cad26491b612d/elements - {"using":"xpath","value":"//button[@data-kt=\"addButton\"]"}
RESULT: {"using":"xpath","value":"//button[@data-kt=\"addButton\"]"}
COMMAND: POST /session/6cb315df952d16724b4cad26491b612d/elements - {"using":"css selector","value":"#shell-header-logo"}
COMMAND: POST /session/6cb315df952d16724b4cad26491b612d/elements - {"using":"xpath","value":"//button[@data-kt=\"addButton\"]"}
RESULT: {"using":"css selector","value":"#shell-header-logo"}
RESULT: {"using":"xpath","value":"//button[@data-kt=\"addButton\"]"}
COMMAND: POST /session/6cb315df952d16724b4cad26491b612d/elements - {"using":"css selector","value":"#shell-header-logo"}
RESULT: {"using":"css selector","value":"#shell-header-logo"}
COMMAND: POST /session/6cb315df952d16724b4cad26491b612d/elements - {"using":"xpath","value":"//button[@data-kt=\"addButton\"]"}
RESULT: {"using":"xpath","value":"//button[@data-kt=\"addButton\"]"}
COMMAND: POST /session/6cb315df952d16724b4cad26491b612d/elements - {"using":"css selector","value":"#shell-header-logo"}
RESULT: {"using":"css selector","value":"#shell-header-logo"}
COMMAND: POST /session/6cb315df952d16724b4cad26491b612d/elements - {"using":"xpath","value":"//button[@data-kt=\"addButton\"]"}
RESULT: {"using":"xpath","value":"//button[@data-kt=\"addButton\"]"}
COMMAND: POST /session/6cb315df952d16724b4cad26491b612d/elements - {"using":"css selector","value":"#shell-header-logo"}
RESULT: {"using":"css selector","value":"#shell-header-logo"}
COMMAND: POST /session/6cb315df952d16724b4cad26491b612d/elements - {"using":"xpath","value":"//button[@data-kt=\"addButton\"]"}
RESULT: {"using":"xpath","value":"//button[@data-kt=\"addButton\"]"}
COMMAND: POST /session/6cb315df952d16724b4cad26491b612d/elements - {"using":"css selector","value":"#shell-header-logo"}
RESULT: {"using":"css selector","value":"#shell-header-logo"}
COMMAND: POST /session/6cb315df952d16724b4cad26491b612d/elements - {"using":"xpath","value":"//button[@data-kt=\"addButton\"]"}
RESULT: {"using":"xpath","value":"//button[@data-kt=\"addButton\"]"}
COMMAND: POST /session/6cb315df952d16724b4cad26491b612d/elements - {"using":"css selector","value":"#shell-header-logo"}
RESULT: {"using":"css selector","value":"#shell-header-logo"}
COMMAND: POST /session/6cb315df952d16724b4cad26491b612d/elements - {"using":"xpath","value":"//button[@data-kt=\"addButton\"]"}
RESULT: {"using":"xpath","value":"//button[@data-kt=\"addButton\"]"}
COMMAND: POST /session/6cb315df952d16724b4cad26491b612d/elements - {"using":"css selector","value":"#shell-header-logo"}
RESULT: {"using":"css selector","value":"#shell-header-logo"}
COMMAND: POST /session/6cb315df952d16724b4cad26491b612d/elements - {"using":"xpath","value":"//button[@data-kt=\"addButton\"]"}
RESULT: {"using":"xpath","value":"//button[@data-kt=\"addButton\"]"}
COMMAND: POST /session/6cb315df952d16724b4cad26491b612d/elements - {"using":"css selector","value":"#shell-header-logo"}
RESULT: {"using":"css selector","value":"#shell-header-logo"}
COMMAND: POST /session/6cb315df952d16724b4cad26491b612d/elements - {"using":"xpath","value":"//button[@data-kt=\"addButton\"]"}
RESULT: {"using":"xpath","value":"//button[@data-kt=\"addButton\"]"}
COMMAND: POST /session/6cb315df952d16724b4cad26491b612d/elements - {"using":"css selector","value":"#shell-header-logo"}
RESULT: {"using":"css selector","value":"#shell-header-logo"}
COMMAND: POST /session/6cb315df952d16724b4cad26491b612d/elements - {"using":"xpath","value":"//button[@data-kt=\"addButton\"]"}
RESULT: {"using":"xpath","value":"//button[@data-kt=\"addButton\"]"}
COMMAND: POST /session/6cb315df952d16724b4cad26491b612d/elements - {"using":"css selector","value":"#shell-header-logo"}
COMMAND: POST /session/6cb315df952d16724b4cad26491b612d/elements - {"using":"xpath","value":"//button[@data-kt=\"addButton\"]"}
RESULT: {"using":"css selector","value":"#shell-header-logo"}
RESULT: {"using":"xpath","value":"//button[@data-kt=\"addButton\"]"}
COMMAND: POST /session/6cb315df952d16724b4cad26491b612d/elements - {"using":"css selector","value":"#shell-header-logo"}
RESULT: {"using":"css selector","value":"#shell-header-logo"}
COMMAND: POST /session/6cb315df952d16724b4cad26491b612d/elements - {"using":"xpath","value":"//button[@data-kt=\"addButton\"]"}
RESULT: {"using":"xpath","value":"//button[@data-kt=\"addButton\"]"}
COMMAND: POST /session/6cb315df952d16724b4cad26491b612d/elements - {"using":"css selector","value":"#shell-header-logo"}
COMMAND: POST /session/6cb315df952d16724b4cad26491b612d/elements - {"using":"xpath","value":"//button[@data-kt=\"addButton\"]"}
RESULT: {"using":"css selector","value":"#shell-header-logo"}
RESULT: {"using":"xpath","value":"//button[@data-kt=\"addButton\"]"}
COMMAND: POST /session/6cb315df952d16724b4cad26491b612d/elements - {"using":"css selector","value":"#shell-header-logo"}
RESULT: {"using":"css selector","value":"#shell-header-logo"}
COMMAND: POST /session/6cb315df952d16724b4cad26491b612d/elements - {"using":"xpath","value":"//button[@data-kt=\"addButton\"]"}
RESULT: {"using":"xpath","value":"//button[@data-kt=\"addButton\"]"}
COMMAND: POST /session/6cb315df952d16724b4cad26491b612d/elements - {"using":"css selector","value":"#shell-header-logo"}
RESULT: {"using":"css selector","value":"#shell-header-logo"}
COMMAND: POST /session/6cb315df952d16724b4cad26491b612d/elements - {"using":"xpath","value":"//button[@data-kt=\"addButton\"]"}
RESULT: {"using":"xpath","value":"//button[@data-kt=\"addButton\"]"}
COMMAND: POST /session/6cb315df952d16724b4cad26491b612d/elements - {"using":"css selector","value":"#shell-header-logo"}
RESULT: {"using":"css selector","value":"#shell-header-logo"}
COMMAND: POST /session/6cb315df952d16724b4cad26491b612d/elements - {"using":"xpath","value":"//button[@data-kt=\"addButton\"]"}
RESULT: {"using":"xpath","value":"//button[@data-kt=\"addButton\"]"}
COMMAND: POST /session/6cb315df952d16724b4cad26491b612d/elements - {"using":"css selector","value":"#shell-header-logo"}
RESULT: {"using":"css selector","value":"#shell-header-logo"}
COMMAND: POST /session/6cb315df952d16724b4cad26491b612d/elements - {"using":"xpath","value":"//button[@data-kt=\"addButton\"]"}
RESULT: {"using":"xpath","value":"//button[@data-kt=\"addButton\"]"}
COMMAND: POST /session/6cb315df952d16724b4cad26491b612d/elements - {"using":"css selector","value":"#shell-header-logo"}
RESULT: {"using":"css selector","value":"#shell-header-logo"}
COMMAND: POST /session/6cb315df952d16724b4cad26491b612d/elements - {"using":"xpath","value":"//button[@data-kt=\"addButton\"]"}
RESULT: {"using":"xpath","value":"//button[@data-kt=\"addButton\"]"}
COMMAND: POST /session/6cb315df952d16724b4cad26491b612d/elements - {"using":"css selector","value":"#shell-header-logo"}
RESULT: {"using":"css selector","value":"#shell-header-logo"}
COMMAND: POST /session/6cb315df952d16724b4cad26491b612d/elements - {"using":"xpath","value":"//button[@data-kt=\"addButton\"]"}
RESULT: {"using":"xpath","value":"//button[@data-kt=\"addButton\"]"}
COMMAND: POST /session/6cb315df952d16724b4cad26491b612d/elements - {"using":"css selector","value":"#shell-header-logo"}
RESULT: {"using":"css selector","value":"#shell-header-logo"}
COMMAND: POST /session/6cb315df952d16724b4cad26491b612d/elements - {"using":"xpath","value":"//button[@data-kt=\"addButton\"]"}
RESULT: {"using":"xpath","value":"//button[@data-kt=\"addButton\"]"}
COMMAND: POST /session/6cb315df952d16724b4cad26491b612d/elements - {"using":"css selector","value":"#shell-header-logo"}
RESULT: {"using":"css selector","value":"#shell-header-logo"}
COMMAND: POST /session/6cb315df952d16724b4cad26491b612d/elements - {"using":"xpath","value":"//button[@data-kt=\"addButton\"]"}
RESULT: {"using":"xpath","value":"//button[@data-kt=\"addButton\"]"}
COMMAND: POST /session/6cb315df952d16724b4cad26491b612d/elements - {"using":"css selector","value":"#shell-header-logo"}
RESULT: {"using":"css selector","value":"#shell-header-logo"}
COMMAND: POST /session/6cb315df952d16724b4cad26491b612d/elements - {"using":"xpath","value":"//button[@data-kt=\"addButton\"]"}
RESULT: {"using":"xpath","value":"//button[@data-kt=\"addButton\"]"}
COMMAND: POST /session/6cb315df952d16724b4cad26491b612d/elements - {"using":"css selector","value":"#shell-header-logo"}
RESULT: {"using":"css selector","value":"#shell-header-logo"}
COMMAND: POST /session/6cb315df952d16724b4cad26491b612d/elements - {"using":"xpath","value":"//button[@data-kt=\"addButton\"]"}
RESULT: {"using":"xpath","value":"//button[@data-kt=\"addButton\"]"}
COMMAND: POST /session/6cb315df952d16724b4cad26491b612d/elements - {"using":"css selector","value":"#shell-header-logo"}
RESULT: {"using":"css selector","value":"#shell-header-logo"}
COMMAND: POST /session/6cb315df952d16724b4cad26491b612d/elements - {"using":"xpath","value":"//button[@data-kt=\"addButton\"]"}
RESULT: {"using":"xpath","value":"//button[@data-kt=\"addButton\"]"}
COMMAND: POST /session/6cb315df952d16724b4cad26491b612d/elements - {"using":"css selector","value":"#shell-header-logo"}
COMMAND: POST /session/6cb315df952d16724b4cad26491b612d/elements - {"using":"xpath","value":"//button[@data-kt=\"addButton\"]"}
RESULT: {"using":"css selector","value":"#shell-header-logo"}
RESULT: {"using":"xpath","value":"//button[@data-kt=\"addButton\"]"}
COMMAND: POST /session/6cb315df952d16724b4cad26491b612d/elements - {"using":"css selector","value":"#shell-header-logo"}
RESULT: {"using":"css selector","value":"#shell-header-logo"}
COMMAND: POST /session/6cb315df952d16724b4cad26491b612d/elements - {"using":"xpath","value":"//button[@data-kt=\"addButton\"]"}
RESULT: {"using":"xpath","value":"//button[@data-kt=\"addButton\"]"}
COMMAND: POST /session/6cb315df952d16724b4cad26491b612d/elements - {"using":"css selector","value":"#shell-header-logo"}
RESULT: {"using":"css selector","value":"#shell-header-logo"}
COMMAND: POST /session/6cb315df952d16724b4cad26491b612d/elements - {"using":"xpath","value":"//button[@data-kt=\"addButton\"]"}
RESULT: {"using":"xpath","value":"//button[@data-kt=\"addButton\"]"}
COMMAND: POST /session/6cb315df952d16724b4cad26491b612d/elements - {"using":"css selector","value":"#shell-header-logo"}
RESULT: {"using":"css selector","value":"#shell-header-logo"}
COMMAND: POST /session/6cb315df952d16724b4cad26491b612d/elements - {"using":"xpath","value":"//button[@data-kt=\"addButton\"]"}
RESULT: {"using":"xpath","value":"//button[@data-kt=\"addButton\"]"}
COMMAND: POST /session/6cb315df952d16724b4cad26491b612d/elements - {"using":"css selector","value":"#shell-header-logo"}
RESULT: {"using":"css selector","value":"#shell-header-logo"}
COMMAND: POST /session/6cb315df952d16724b4cad26491b612d/elements - {"using":"xpath","value":"//button[@data-kt=\"addButton\"]"}
RESULT: {"using":"xpath","value":"//button[@data-kt=\"addButton\"]"}
COMMAND: POST /session/6cb315df952d16724b4cad26491b612d/elements - {"using":"css selector","value":"#shell-header-logo"}
RESULT: {"using":"css selector","value":"#shell-header-logo"}
COMMAND: POST /session/6cb315df952d16724b4cad26491b612d/elements - {"using":"xpath","value":"//button[@data-kt=\"addButton\"]"}
RESULT: {"using":"xpath","value":"//button[@data-kt=\"addButton\"]"}
COMMAND: POST /session/6cb315df952d16724b4cad26491b612d/elements - {"using":"css selector","value":"#shell-header-logo"}
RESULT: {"using":"css selector","value":"#shell-header-logo"}
COMMAND: POST /session/6cb315df952d16724b4cad26491b612d/elements - {"using":"xpath","value":"//button[@data-kt=\"addButton\"]"}
RESULT: {"using":"xpath","value":"//button[@data-kt=\"addButton\"]"}
COMMAND: POST /session/6cb315df952d16724b4cad26491b612d/elements - {"using":"css selector","value":"#shell-header-logo"}
RESULT: {"using":"css selector","value":"#shell-header-logo"}
COMMAND: POST /session/6cb315df952d16724b4cad26491b612d/elements - {"using":"xpath","value":"//button[@data-kt=\"addButton\"]"}
RESULT: {"using":"xpath","value":"//button[@data-kt=\"addButton\"]"}
COMMAND: POST /session/6cb315df952d16724b4cad26491b612d/elements - {"using":"css selector","value":"#shell-header-logo"}
RESULT: {"using":"css selector","value":"#shell-header-logo"}
COMMAND: POST /session/6cb315df952d16724b4cad26491b612d/elements - {"using":"xpath","value":"//button[@data-kt=\"addButton\"]"}
RESULT: {"using":"xpath","value":"//button[@data-kt=\"addButton\"]"}
COMMAND: POST /session/6cb315df952d16724b4cad26491b612d/elements - {"using":"css selector","value":"#shell-header-logo"}
RESULT: {"using":"css selector","value":"#shell-header-logo"}
COMMAND: POST /session/6cb315df952d16724b4cad26491b612d/elements - {"using":"xpath","value":"//button[@data-kt=\"addButton\"]"}
RESULT: {"using":"xpath","value":"//button[@data-kt=\"addButton\"]"}
COMMAND: POST /session/6cb315df952d16724b4cad26491b612d/elements - {"using":"css selector","value":"#shell-header-logo"}
RESULT: {"using":"css selector","value":"#shell-header-logo"}
COMMAND: POST /session/6cb315df952d16724b4cad26491b612d/elements - {"using":"xpath","value":"//button[@data-kt=\"addButton\"]"}
RESULT: {"using":"xpath","value":"//button[@data-kt=\"addButton\"]"}
COMMAND: POST /session/6cb315df952d16724b4cad26491b612d/elements - {"using":"css selector","value":"#shell-header-logo"}
RESULT: {"using":"css selector","value":"#shell-header-logo"}
COMMAND: POST /session/6cb315df952d16724b4cad26491b612d/elements - {"using":"xpath","value":"//button[@data-kt=\"addButton\"]"}
RESULT: {"using":"xpath","value":"//button[@data-kt=\"addButton\"]"}
COMMAND: POST /session/6cb315df952d16724b4cad26491b612d/elements - {"using":"css selector","value":"#shell-header-logo"}
RESULT: {"using":"css selector","value":"#shell-header-logo"}
COMMAND: POST /session/6cb315df952d16724b4cad26491b612d/elements - {"using":"xpath","value":"//button[@data-kt=\"addButton\"]"}
RESULT: {"using":"xpath","value":"//button[@data-kt=\"addButton\"]"}
COMMAND: POST /session/6cb315df952d16724b4cad26491b612d/elements - {"using":"css selector","value":"#shell-header-logo"}
COMMAND: POST /session/6cb315df952d16724b4cad26491b612d/elements - {"using":"xpath","value":"//button[@data-kt=\"addButton\"]"}
RESULT: {"using":"css selector","value":"#shell-header-logo"}
RESULT: {"using":"xpath","value":"//button[@data-kt=\"addButton\"]"}
COMMAND: POST /session/6cb315df952d16724b4cad26491b612d/elements - {"using":"css selector","value":"#shell-header-logo"}
COMMAND: POST /session/6cb315df952d16724b4cad26491b612d/elements - {"using":"xpath","value":"//button[@data-kt=\"addButton\"]"}
RESULT: {"using":"css selector","value":"#shell-header-logo"}
RESULT: {"using":"xpath","value":"//button[@data-kt=\"addButton\"]"}
COMMAND: POST /session/6cb315df952d16724b4cad26491b612d/elements - {"using":"css selector","value":"#shell-header-logo"}
RESULT: {"using":"css selector","value":"#shell-header-logo"}
COMMAND: POST /session/6cb315df952d16724b4cad26491b612d/elements - {"using":"xpath","value":"//button[@data-kt=\"addButton\"]"}
RESULT: {"using":"xpath","value":"//button[@data-kt=\"addButton\"]"}
COMMAND: POST /session/6cb315df952d16724b4cad26491b612d/elements - {"using":"css selector","value":"#shell-header-logo"}
RESULT: {"using":"css selector","value":"#shell-header-logo"}
COMMAND: GET /session/6cb315df952d16724b4cad26491b612d/screenshot - {}
RESULT: {}
]]></system-out>
      <system-err><![CDATA[
Error: element ("//button[@data-kt="addButton"]") still not existing after 45000ms
    at async Context.<anonymous> (D:\a\1\s\test\specs\BTS\manage-partners.spec.js:382:9)
]]></system-err>
    </testcase>
    <testcase classname="chrome.136_0_7103_49.windows.Partner_specific_tests_US150819_US151080_US151654_US151176_US103444_US151078_US151079_US151109_US151174_US151175_US151189" name="Should do filtering and navigation tests US151109" time="55.215">
      <skipped />
      <system-out><![CDATA[
COMMAND: POST /session/6cb315df952d16724b4cad26491b612d/element - {"using":"xpath","value":"//li[.//span[text()=\"Manage Partners\"]]"}
RESULT: {"using":"xpath","value":"//li[.//span[text()=\"Manage Partners\"]]"}
COMMAND: POST /session/6cb315df952d16724b4cad26491b612d/element - {"using":"xpath","value":"//li[.//span[text()=\"Manage Partners\"]]"}
RESULT: {"using":"xpath","value":"//li[.//span[text()=\"Manage Partners\"]]"}
COMMAND: POST /session/6cb315df952d16724b4cad26491b612d/element - {"using":"css selector","value":"#shell-header-logo"}
RESULT: {"using":"css selector","value":"#shell-header-logo"}
COMMAND: POST /session/6cb315df952d16724b4cad26491b612d/elements - {"using":"css selector","value":"#shell-header-logo"}
COMMAND: POST /session/6cb315df952d16724b4cad26491b612d/element - {"using":"css selector","value":"#shell-header-logo"}
RESULT: {"using":"css selector","value":"#shell-header-logo"}
RESULT: {"using":"css selector","value":"#shell-header-logo"}
COMMAND: POST /session/6cb315df952d16724b4cad26491b612d/elements - {"using":"css selector","value":"#shell-header-logo"}
RESULT: {"using":"css selector","value":"#shell-header-logo"}
COMMAND: POST /session/6cb315df952d16724b4cad26491b612d/elements - {"using":"css selector","value":"#shell-header-logo"}
RESULT: {"using":"css selector","value":"#shell-header-logo"}
COMMAND: POST /session/6cb315df952d16724b4cad26491b612d/elements - {"using":"css selector","value":"#shell-header-logo"}
RESULT: {"using":"css selector","value":"#shell-header-logo"}
COMMAND: POST /session/6cb315df952d16724b4cad26491b612d/elements - {"using":"css selector","value":"#shell-header-logo"}
RESULT: {"using":"css selector","value":"#shell-header-logo"}
COMMAND: POST /session/6cb315df952d16724b4cad26491b612d/elements - {"using":"css selector","value":"#shell-header-logo"}
RESULT: {"using":"css selector","value":"#shell-header-logo"}
COMMAND: POST /session/6cb315df952d16724b4cad26491b612d/elements - {"using":"css selector","value":"#shell-header-logo"}
RESULT: {"using":"css selector","value":"#shell-header-logo"}
COMMAND: POST /session/6cb315df952d16724b4cad26491b612d/elements - {"using":"css selector","value":"#shell-header-logo"}
RESULT: {"using":"css selector","value":"#shell-header-logo"}
COMMAND: POST /session/6cb315df952d16724b4cad26491b612d/elements - {"using":"css selector","value":"#shell-header-logo"}
RESULT: {"using":"css selector","value":"#shell-header-logo"}
COMMAND: POST /session/6cb315df952d16724b4cad26491b612d/elements - {"using":"css selector","value":"#shell-header-logo"}
RESULT: {"using":"css selector","value":"#shell-header-logo"}
COMMAND: POST /session/6cb315df952d16724b4cad26491b612d/elements - {"using":"css selector","value":"#shell-header-logo"}
RESULT: {"using":"css selector","value":"#shell-header-logo"}
COMMAND: POST /session/6cb315df952d16724b4cad26491b612d/elements - {"using":"css selector","value":"#shell-header-logo"}
RESULT: {"using":"css selector","value":"#shell-header-logo"}
COMMAND: POST /session/6cb315df952d16724b4cad26491b612d/elements - {"using":"css selector","value":"#shell-header-logo"}
RESULT: {"using":"css selector","value":"#shell-header-logo"}
COMMAND: POST /session/6cb315df952d16724b4cad26491b612d/elements - {"using":"css selector","value":"#shell-header-logo"}
RESULT: {"using":"css selector","value":"#shell-header-logo"}
COMMAND: POST /session/6cb315df952d16724b4cad26491b612d/elements - {"using":"css selector","value":"#shell-header-logo"}
RESULT: {"using":"css selector","value":"#shell-header-logo"}
COMMAND: POST /session/6cb315df952d16724b4cad26491b612d/elements - {"using":"css selector","value":"#shell-header-logo"}
RESULT: {"using":"css selector","value":"#shell-header-logo"}
COMMAND: POST /session/6cb315df952d16724b4cad26491b612d/elements - {"using":"css selector","value":"#shell-header-logo"}
RESULT: {"using":"css selector","value":"#shell-header-logo"}
COMMAND: POST /session/6cb315df952d16724b4cad26491b612d/elements - {"using":"css selector","value":"#shell-header-logo"}
RESULT: {"using":"css selector","value":"#shell-header-logo"}
COMMAND: POST /session/6cb315df952d16724b4cad26491b612d/elements - {"using":"css selector","value":"#shell-header-logo"}
RESULT: {"using":"css selector","value":"#shell-header-logo"}
COMMAND: POST /session/6cb315df952d16724b4cad26491b612d/elements - {"using":"css selector","value":"#shell-header-logo"}
RESULT: {"using":"css selector","value":"#shell-header-logo"}
COMMAND: POST /session/6cb315df952d16724b4cad26491b612d/elements - {"using":"css selector","value":"#shell-header-logo"}
RESULT: {"using":"css selector","value":"#shell-header-logo"}
COMMAND: POST /session/6cb315df952d16724b4cad26491b612d/elements - {"using":"css selector","value":"#shell-header-logo"}
RESULT: {"using":"css selector","value":"#shell-header-logo"}
COMMAND: POST /session/6cb315df952d16724b4cad26491b612d/elements - {"using":"css selector","value":"#shell-header-logo"}
RESULT: {"using":"css selector","value":"#shell-header-logo"}
COMMAND: POST /session/6cb315df952d16724b4cad26491b612d/elements - {"using":"css selector","value":"#shell-header-logo"}
RESULT: {"using":"css selector","value":"#shell-header-logo"}
COMMAND: POST /session/6cb315df952d16724b4cad26491b612d/elements - {"using":"css selector","value":"#shell-header-logo"}
RESULT: {"using":"css selector","value":"#shell-header-logo"}
COMMAND: POST /session/6cb315df952d16724b4cad26491b612d/elements - {"using":"css selector","value":"#shell-header-logo"}
RESULT: {"using":"css selector","value":"#shell-header-logo"}
COMMAND: POST /session/6cb315df952d16724b4cad26491b612d/elements - {"using":"css selector","value":"#shell-header-logo"}
RESULT: {"using":"css selector","value":"#shell-header-logo"}
COMMAND: POST /session/6cb315df952d16724b4cad26491b612d/elements - {"using":"css selector","value":"#shell-header-logo"}
RESULT: {"using":"css selector","value":"#shell-header-logo"}
COMMAND: POST /session/6cb315df952d16724b4cad26491b612d/elements - {"using":"css selector","value":"#shell-header-logo"}
RESULT: {"using":"css selector","value":"#shell-header-logo"}
RESULT: undefined
COMMAND: POST /session/6cb315df952d16724b4cad26491b612d/element - {"using":"xpath","value":"//button[@data-kt=\"addButton\"]"}
COMMAND: POST /session/6cb315df952d16724b4cad26491b612d/elements - {"using":"css selector","value":"#shell-header-logo"}
RESULT: {"using":"xpath","value":"//button[@data-kt=\"addButton\"]"}
COMMAND: POST /session/6cb315df952d16724b4cad26491b612d/elements - {"using":"xpath","value":"//button[@data-kt=\"addButton\"]"}
RESULT: {"using":"css selector","value":"#shell-header-logo"}
RESULT: {"using":"xpath","value":"//button[@data-kt=\"addButton\"]"}
COMMAND: POST /session/6cb315df952d16724b4cad26491b612d/elements - {"using":"css selector","value":"#shell-header-logo"}
RESULT: {"using":"css selector","value":"#shell-header-logo"}
COMMAND: POST /session/6cb315df952d16724b4cad26491b612d/elements - {"using":"xpath","value":"//button[@data-kt=\"addButton\"]"}
RESULT: {"using":"xpath","value":"//button[@data-kt=\"addButton\"]"}
COMMAND: POST /session/6cb315df952d16724b4cad26491b612d/elements - {"using":"css selector","value":"#shell-header-logo"}
RESULT: {"using":"css selector","value":"#shell-header-logo"}
COMMAND: POST /session/6cb315df952d16724b4cad26491b612d/elements - {"using":"xpath","value":"//button[@data-kt=\"addButton\"]"}
RESULT: {"using":"xpath","value":"//button[@data-kt=\"addButton\"]"}
COMMAND: POST /session/6cb315df952d16724b4cad26491b612d/elements - {"using":"css selector","value":"#shell-header-logo"}
RESULT: {"using":"css selector","value":"#shell-header-logo"}
COMMAND: POST /session/6cb315df952d16724b4cad26491b612d/elements - {"using":"xpath","value":"//button[@data-kt=\"addButton\"]"}
RESULT: {"using":"xpath","value":"//button[@data-kt=\"addButton\"]"}
COMMAND: POST /session/6cb315df952d16724b4cad26491b612d/elements - {"using":"css selector","value":"#shell-header-logo"}
RESULT: {"using":"css selector","value":"#shell-header-logo"}
COMMAND: POST /session/6cb315df952d16724b4cad26491b612d/elements - {"using":"xpath","value":"//button[@data-kt=\"addButton\"]"}
RESULT: {"using":"xpath","value":"//button[@data-kt=\"addButton\"]"}
COMMAND: POST /session/6cb315df952d16724b4cad26491b612d/elements - {"using":"css selector","value":"#shell-header-logo"}
RESULT: {"using":"css selector","value":"#shell-header-logo"}
COMMAND: POST /session/6cb315df952d16724b4cad26491b612d/elements - {"using":"xpath","value":"//button[@data-kt=\"addButton\"]"}
RESULT: {"using":"xpath","value":"//button[@data-kt=\"addButton\"]"}
COMMAND: POST /session/6cb315df952d16724b4cad26491b612d/elements - {"using":"css selector","value":"#shell-header-logo"}
RESULT: {"using":"css selector","value":"#shell-header-logo"}
COMMAND: POST /session/6cb315df952d16724b4cad26491b612d/elements - {"using":"xpath","value":"//button[@data-kt=\"addButton\"]"}
RESULT: {"using":"xpath","value":"//button[@data-kt=\"addButton\"]"}
COMMAND: POST /session/6cb315df952d16724b4cad26491b612d/elements - {"using":"css selector","value":"#shell-header-logo"}
RESULT: {"using":"css selector","value":"#shell-header-logo"}
COMMAND: POST /session/6cb315df952d16724b4cad26491b612d/elements - {"using":"xpath","value":"//button[@data-kt=\"addButton\"]"}
RESULT: {"using":"xpath","value":"//button[@data-kt=\"addButton\"]"}
COMMAND: POST /session/6cb315df952d16724b4cad26491b612d/elements - {"using":"css selector","value":"#shell-header-logo"}
RESULT: {"using":"css selector","value":"#shell-header-logo"}
COMMAND: POST /session/6cb315df952d16724b4cad26491b612d/elements - {"using":"xpath","value":"//button[@data-kt=\"addButton\"]"}
RESULT: {"using":"xpath","value":"//button[@data-kt=\"addButton\"]"}
COMMAND: POST /session/6cb315df952d16724b4cad26491b612d/elements - {"using":"css selector","value":"#shell-header-logo"}
RESULT: {"using":"css selector","value":"#shell-header-logo"}
COMMAND: POST /session/6cb315df952d16724b4cad26491b612d/elements - {"using":"xpath","value":"//button[@data-kt=\"addButton\"]"}
RESULT: {"using":"xpath","value":"//button[@data-kt=\"addButton\"]"}
COMMAND: POST /session/6cb315df952d16724b4cad26491b612d/elements - {"using":"css selector","value":"#shell-header-logo"}
RESULT: {"using":"css selector","value":"#shell-header-logo"}
COMMAND: POST /session/6cb315df952d16724b4cad26491b612d/elements - {"using":"xpath","value":"//button[@data-kt=\"addButton\"]"}
RESULT: {"using":"xpath","value":"//button[@data-kt=\"addButton\"]"}
COMMAND: POST /session/6cb315df952d16724b4cad26491b612d/elements - {"using":"css selector","value":"#shell-header-logo"}
RESULT: {"using":"css selector","value":"#shell-header-logo"}
COMMAND: POST /session/6cb315df952d16724b4cad26491b612d/elements - {"using":"xpath","value":"//button[@data-kt=\"addButton\"]"}
RESULT: {"using":"xpath","value":"//button[@data-kt=\"addButton\"]"}
COMMAND: POST /session/6cb315df952d16724b4cad26491b612d/elements - {"using":"css selector","value":"#shell-header-logo"}
COMMAND: POST /session/6cb315df952d16724b4cad26491b612d/elements - {"using":"xpath","value":"//button[@data-kt=\"addButton\"]"}
RESULT: {"using":"css selector","value":"#shell-header-logo"}
RESULT: {"using":"xpath","value":"//button[@data-kt=\"addButton\"]"}
COMMAND: POST /session/6cb315df952d16724b4cad26491b612d/elements - {"using":"css selector","value":"#shell-header-logo"}
RESULT: {"using":"css selector","value":"#shell-header-logo"}
COMMAND: POST /session/6cb315df952d16724b4cad26491b612d/elements - {"using":"xpath","value":"//button[@data-kt=\"addButton\"]"}
RESULT: {"using":"xpath","value":"//button[@data-kt=\"addButton\"]"}
COMMAND: POST /session/6cb315df952d16724b4cad26491b612d/elements - {"using":"css selector","value":"#shell-header-logo"}
RESULT: {"using":"css selector","value":"#shell-header-logo"}
COMMAND: POST /session/6cb315df952d16724b4cad26491b612d/elements - {"using":"xpath","value":"//button[@data-kt=\"addButton\"]"}
RESULT: {"using":"xpath","value":"//button[@data-kt=\"addButton\"]"}
COMMAND: POST /session/6cb315df952d16724b4cad26491b612d/elements - {"using":"css selector","value":"#shell-header-logo"}
RESULT: {"using":"css selector","value":"#shell-header-logo"}
COMMAND: POST /session/6cb315df952d16724b4cad26491b612d/elements - {"using":"xpath","value":"//button[@data-kt=\"addButton\"]"}
RESULT: {"using":"xpath","value":"//button[@data-kt=\"addButton\"]"}
COMMAND: POST /session/6cb315df952d16724b4cad26491b612d/elements - {"using":"css selector","value":"#shell-header-logo"}
RESULT: {"using":"css selector","value":"#shell-header-logo"}
COMMAND: POST /session/6cb315df952d16724b4cad26491b612d/elements - {"using":"xpath","value":"//button[@data-kt=\"addButton\"]"}
RESULT: {"using":"xpath","value":"//button[@data-kt=\"addButton\"]"}
COMMAND: POST /session/6cb315df952d16724b4cad26491b612d/elements - {"using":"css selector","value":"#shell-header-logo"}
RESULT: {"using":"css selector","value":"#shell-header-logo"}
COMMAND: POST /session/6cb315df952d16724b4cad26491b612d/elements - {"using":"xpath","value":"//button[@data-kt=\"addButton\"]"}
RESULT: {"using":"xpath","value":"//button[@data-kt=\"addButton\"]"}
COMMAND: POST /session/6cb315df952d16724b4cad26491b612d/elements - {"using":"css selector","value":"#shell-header-logo"}
RESULT: {"using":"css selector","value":"#shell-header-logo"}
COMMAND: POST /session/6cb315df952d16724b4cad26491b612d/elements - {"using":"xpath","value":"//button[@data-kt=\"addButton\"]"}
RESULT: {"using":"xpath","value":"//button[@data-kt=\"addButton\"]"}
COMMAND: POST /session/6cb315df952d16724b4cad26491b612d/elements - {"using":"css selector","value":"#shell-header-logo"}
RESULT: {"using":"css selector","value":"#shell-header-logo"}
COMMAND: POST /session/6cb315df952d16724b4cad26491b612d/elements - {"using":"xpath","value":"//button[@data-kt=\"addButton\"]"}
RESULT: {"using":"xpath","value":"//button[@data-kt=\"addButton\"]"}
COMMAND: POST /session/6cb315df952d16724b4cad26491b612d/elements - {"using":"css selector","value":"#shell-header-logo"}
RESULT: {"using":"css selector","value":"#shell-header-logo"}
COMMAND: POST /session/6cb315df952d16724b4cad26491b612d/elements - {"using":"xpath","value":"//button[@data-kt=\"addButton\"]"}
RESULT: {"using":"xpath","value":"//button[@data-kt=\"addButton\"]"}
COMMAND: POST /session/6cb315df952d16724b4cad26491b612d/elements - {"using":"css selector","value":"#shell-header-logo"}
RESULT: {"using":"css selector","value":"#shell-header-logo"}
COMMAND: POST /session/6cb315df952d16724b4cad26491b612d/elements - {"using":"xpath","value":"//button[@data-kt=\"addButton\"]"}
RESULT: {"using":"xpath","value":"//button[@data-kt=\"addButton\"]"}
COMMAND: POST /session/6cb315df952d16724b4cad26491b612d/elements - {"using":"css selector","value":"#shell-header-logo"}
RESULT: {"using":"css selector","value":"#shell-header-logo"}
COMMAND: POST /session/6cb315df952d16724b4cad26491b612d/elements - {"using":"xpath","value":"//button[@data-kt=\"addButton\"]"}
RESULT: {"using":"xpath","value":"//button[@data-kt=\"addButton\"]"}
COMMAND: POST /session/6cb315df952d16724b4cad26491b612d/elements - {"using":"css selector","value":"#shell-header-logo"}
RESULT: {"using":"css selector","value":"#shell-header-logo"}
COMMAND: POST /session/6cb315df952d16724b4cad26491b612d/elements - {"using":"xpath","value":"//button[@data-kt=\"addButton\"]"}
RESULT: {"using":"xpath","value":"//button[@data-kt=\"addButton\"]"}
COMMAND: POST /session/6cb315df952d16724b4cad26491b612d/elements - {"using":"css selector","value":"#shell-header-logo"}
RESULT: {"using":"css selector","value":"#shell-header-logo"}
COMMAND: POST /session/6cb315df952d16724b4cad26491b612d/elements - {"using":"xpath","value":"//button[@data-kt=\"addButton\"]"}
RESULT: {"using":"xpath","value":"//button[@data-kt=\"addButton\"]"}
COMMAND: POST /session/6cb315df952d16724b4cad26491b612d/elements - {"using":"css selector","value":"#shell-header-logo"}
RESULT: {"using":"css selector","value":"#shell-header-logo"}
COMMAND: POST /session/6cb315df952d16724b4cad26491b612d/elements - {"using":"xpath","value":"//button[@data-kt=\"addButton\"]"}
RESULT: {"using":"xpath","value":"//button[@data-kt=\"addButton\"]"}
COMMAND: POST /session/6cb315df952d16724b4cad26491b612d/elements - {"using":"css selector","value":"#shell-header-logo"}
RESULT: {"using":"css selector","value":"#shell-header-logo"}
COMMAND: POST /session/6cb315df952d16724b4cad26491b612d/elements - {"using":"xpath","value":"//button[@data-kt=\"addButton\"]"}
RESULT: {"using":"xpath","value":"//button[@data-kt=\"addButton\"]"}
COMMAND: POST /session/6cb315df952d16724b4cad26491b612d/elements - {"using":"css selector","value":"#shell-header-logo"}
COMMAND: POST /session/6cb315df952d16724b4cad26491b612d/elements - {"using":"xpath","value":"//button[@data-kt=\"addButton\"]"}
RESULT: {"using":"css selector","value":"#shell-header-logo"}
RESULT: {"using":"xpath","value":"//button[@data-kt=\"addButton\"]"}
COMMAND: POST /session/6cb315df952d16724b4cad26491b612d/elements - {"using":"css selector","value":"#shell-header-logo"}
RESULT: {"using":"css selector","value":"#shell-header-logo"}
COMMAND: POST /session/6cb315df952d16724b4cad26491b612d/elements - {"using":"xpath","value":"//button[@data-kt=\"addButton\"]"}
RESULT: {"using":"xpath","value":"//button[@data-kt=\"addButton\"]"}
COMMAND: POST /session/6cb315df952d16724b4cad26491b612d/elements - {"using":"css selector","value":"#shell-header-logo"}
RESULT: {"using":"css selector","value":"#shell-header-logo"}
COMMAND: POST /session/6cb315df952d16724b4cad26491b612d/elements - {"using":"xpath","value":"//button[@data-kt=\"addButton\"]"}
RESULT: {"using":"xpath","value":"//button[@data-kt=\"addButton\"]"}
COMMAND: POST /session/6cb315df952d16724b4cad26491b612d/elements - {"using":"css selector","value":"#shell-header-logo"}
RESULT: {"using":"css selector","value":"#shell-header-logo"}
COMMAND: POST /session/6cb315df952d16724b4cad26491b612d/elements - {"using":"xpath","value":"//button[@data-kt=\"addButton\"]"}
RESULT: {"using":"xpath","value":"//button[@data-kt=\"addButton\"]"}
COMMAND: POST /session/6cb315df952d16724b4cad26491b612d/elements - {"using":"css selector","value":"#shell-header-logo"}
RESULT: {"using":"css selector","value":"#shell-header-logo"}
COMMAND: POST /session/6cb315df952d16724b4cad26491b612d/elements - {"using":"xpath","value":"//button[@data-kt=\"addButton\"]"}
RESULT: {"using":"xpath","value":"//button[@data-kt=\"addButton\"]"}
COMMAND: POST /session/6cb315df952d16724b4cad26491b612d/elements - {"using":"css selector","value":"#shell-header-logo"}
RESULT: {"using":"css selector","value":"#shell-header-logo"}
COMMAND: POST /session/6cb315df952d16724b4cad26491b612d/elements - {"using":"xpath","value":"//button[@data-kt=\"addButton\"]"}
RESULT: {"using":"xpath","value":"//button[@data-kt=\"addButton\"]"}
COMMAND: POST /session/6cb315df952d16724b4cad26491b612d/elements - {"using":"css selector","value":"#shell-header-logo"}
RESULT: {"using":"css selector","value":"#shell-header-logo"}
COMMAND: POST /session/6cb315df952d16724b4cad26491b612d/elements - {"using":"xpath","value":"//button[@data-kt=\"addButton\"]"}
RESULT: {"using":"xpath","value":"//button[@data-kt=\"addButton\"]"}
COMMAND: POST /session/6cb315df952d16724b4cad26491b612d/elements - {"using":"css selector","value":"#shell-header-logo"}
RESULT: {"using":"css selector","value":"#shell-header-logo"}
COMMAND: POST /session/6cb315df952d16724b4cad26491b612d/elements - {"using":"xpath","value":"//button[@data-kt=\"addButton\"]"}
RESULT: {"using":"xpath","value":"//button[@data-kt=\"addButton\"]"}
COMMAND: POST /session/6cb315df952d16724b4cad26491b612d/elements - {"using":"css selector","value":"#shell-header-logo"}
RESULT: {"using":"css selector","value":"#shell-header-logo"}
COMMAND: POST /session/6cb315df952d16724b4cad26491b612d/elements - {"using":"xpath","value":"//button[@data-kt=\"addButton\"]"}
RESULT: {"using":"xpath","value":"//button[@data-kt=\"addButton\"]"}
COMMAND: POST /session/6cb315df952d16724b4cad26491b612d/elements - {"using":"css selector","value":"#shell-header-logo"}
RESULT: {"using":"css selector","value":"#shell-header-logo"}
COMMAND: POST /session/6cb315df952d16724b4cad26491b612d/elements - {"using":"xpath","value":"//button[@data-kt=\"addButton\"]"}
RESULT: {"using":"xpath","value":"//button[@data-kt=\"addButton\"]"}
COMMAND: POST /session/6cb315df952d16724b4cad26491b612d/elements - {"using":"css selector","value":"#shell-header-logo"}
RESULT: {"using":"css selector","value":"#shell-header-logo"}
COMMAND: POST /session/6cb315df952d16724b4cad26491b612d/elements - {"using":"xpath","value":"//button[@data-kt=\"addButton\"]"}
RESULT: {"using":"xpath","value":"//button[@data-kt=\"addButton\"]"}
COMMAND: POST /session/6cb315df952d16724b4cad26491b612d/elements - {"using":"css selector","value":"#shell-header-logo"}
RESULT: {"using":"css selector","value":"#shell-header-logo"}
COMMAND: POST /session/6cb315df952d16724b4cad26491b612d/elements - {"using":"xpath","value":"//button[@data-kt=\"addButton\"]"}
RESULT: {"using":"xpath","value":"//button[@data-kt=\"addButton\"]"}
COMMAND: POST /session/6cb315df952d16724b4cad26491b612d/elements - {"using":"css selector","value":"#shell-header-logo"}
RESULT: {"using":"css selector","value":"#shell-header-logo"}
COMMAND: POST /session/6cb315df952d16724b4cad26491b612d/elements - {"using":"xpath","value":"//button[@data-kt=\"addButton\"]"}
RESULT: {"using":"xpath","value":"//button[@data-kt=\"addButton\"]"}
COMMAND: POST /session/6cb315df952d16724b4cad26491b612d/elements - {"using":"css selector","value":"#shell-header-logo"}
RESULT: {"using":"css selector","value":"#shell-header-logo"}
COMMAND: POST /session/6cb315df952d16724b4cad26491b612d/elements - {"using":"xpath","value":"//button[@data-kt=\"addButton\"]"}
RESULT: {"using":"xpath","value":"//button[@data-kt=\"addButton\"]"}
COMMAND: POST /session/6cb315df952d16724b4cad26491b612d/elements - {"using":"css selector","value":"#shell-header-logo"}
RESULT: {"using":"css selector","value":"#shell-header-logo"}
COMMAND: POST /session/6cb315df952d16724b4cad26491b612d/elements - {"using":"xpath","value":"//button[@data-kt=\"addButton\"]"}
RESULT: {"using":"xpath","value":"//button[@data-kt=\"addButton\"]"}
COMMAND: POST /session/6cb315df952d16724b4cad26491b612d/elements - {"using":"css selector","value":"#shell-header-logo"}
RESULT: {"using":"css selector","value":"#shell-header-logo"}
COMMAND: POST /session/6cb315df952d16724b4cad26491b612d/elements - {"using":"xpath","value":"//button[@data-kt=\"addButton\"]"}
RESULT: {"using":"xpath","value":"//button[@data-kt=\"addButton\"]"}
COMMAND: POST /session/6cb315df952d16724b4cad26491b612d/elements - {"using":"css selector","value":"#shell-header-logo"}
RESULT: {"using":"css selector","value":"#shell-header-logo"}
COMMAND: POST /session/6cb315df952d16724b4cad26491b612d/elements - {"using":"xpath","value":"//button[@data-kt=\"addButton\"]"}
RESULT: {"using":"xpath","value":"//button[@data-kt=\"addButton\"]"}
COMMAND: POST /session/6cb315df952d16724b4cad26491b612d/elements - {"using":"css selector","value":"#shell-header-logo"}
RESULT: {"using":"css selector","value":"#shell-header-logo"}
COMMAND: POST /session/6cb315df952d16724b4cad26491b612d/elements - {"using":"xpath","value":"//button[@data-kt=\"addButton\"]"}
RESULT: {"using":"xpath","value":"//button[@data-kt=\"addButton\"]"}
COMMAND: POST /session/6cb315df952d16724b4cad26491b612d/elements - {"using":"css selector","value":"#shell-header-logo"}
RESULT: {"using":"css selector","value":"#shell-header-logo"}
COMMAND: POST /session/6cb315df952d16724b4cad26491b612d/elements - {"using":"xpath","value":"//button[@data-kt=\"addButton\"]"}
RESULT: {"using":"xpath","value":"//button[@data-kt=\"addButton\"]"}
COMMAND: POST /session/6cb315df952d16724b4cad26491b612d/elements - {"using":"css selector","value":"#shell-header-logo"}
RESULT: {"using":"css selector","value":"#shell-header-logo"}
COMMAND: POST /session/6cb315df952d16724b4cad26491b612d/elements - {"using":"xpath","value":"//button[@data-kt=\"addButton\"]"}
RESULT: {"using":"xpath","value":"//button[@data-kt=\"addButton\"]"}
COMMAND: POST /session/6cb315df952d16724b4cad26491b612d/elements - {"using":"css selector","value":"#shell-header-logo"}
RESULT: {"using":"css selector","value":"#shell-header-logo"}
COMMAND: POST /session/6cb315df952d16724b4cad26491b612d/elements - {"using":"xpath","value":"//button[@data-kt=\"addButton\"]"}
RESULT: {"using":"xpath","value":"//button[@data-kt=\"addButton\"]"}
COMMAND: POST /session/6cb315df952d16724b4cad26491b612d/elements - {"using":"css selector","value":"#shell-header-logo"}
RESULT: {"using":"css selector","value":"#shell-header-logo"}
COMMAND: POST /session/6cb315df952d16724b4cad26491b612d/elements - {"using":"xpath","value":"//button[@data-kt=\"addButton\"]"}
RESULT: {"using":"xpath","value":"//button[@data-kt=\"addButton\"]"}
COMMAND: POST /session/6cb315df952d16724b4cad26491b612d/elements - {"using":"css selector","value":"#shell-header-logo"}
COMMAND: POST /session/6cb315df952d16724b4cad26491b612d/elements - {"using":"xpath","value":"//button[@data-kt=\"addButton\"]"}
RESULT: {"using":"css selector","value":"#shell-header-logo"}
RESULT: {"using":"xpath","value":"//button[@data-kt=\"addButton\"]"}
COMMAND: POST /session/6cb315df952d16724b4cad26491b612d/elements - {"using":"css selector","value":"#shell-header-logo"}
RESULT: {"using":"css selector","value":"#shell-header-logo"}
COMMAND: POST /session/6cb315df952d16724b4cad26491b612d/elements - {"using":"xpath","value":"//button[@data-kt=\"addButton\"]"}
RESULT: {"using":"xpath","value":"//button[@data-kt=\"addButton\"]"}
COMMAND: POST /session/6cb315df952d16724b4cad26491b612d/elements - {"using":"css selector","value":"#shell-header-logo"}
RESULT: {"using":"css selector","value":"#shell-header-logo"}
COMMAND: POST /session/6cb315df952d16724b4cad26491b612d/elements - {"using":"xpath","value":"//button[@data-kt=\"addButton\"]"}
RESULT: {"using":"xpath","value":"//button[@data-kt=\"addButton\"]"}
COMMAND: POST /session/6cb315df952d16724b4cad26491b612d/elements - {"using":"css selector","value":"#shell-header-logo"}
RESULT: {"using":"css selector","value":"#shell-header-logo"}
COMMAND: POST /session/6cb315df952d16724b4cad26491b612d/elements - {"using":"xpath","value":"//button[@data-kt=\"addButton\"]"}
RESULT: {"using":"xpath","value":"//button[@data-kt=\"addButton\"]"}
COMMAND: POST /session/6cb315df952d16724b4cad26491b612d/elements - {"using":"css selector","value":"#shell-header-logo"}
RESULT: {"using":"css selector","value":"#shell-header-logo"}
COMMAND: POST /session/6cb315df952d16724b4cad26491b612d/elements - {"using":"xpath","value":"//button[@data-kt=\"addButton\"]"}
RESULT: {"using":"xpath","value":"//button[@data-kt=\"addButton\"]"}
COMMAND: POST /session/6cb315df952d16724b4cad26491b612d/elements - {"using":"css selector","value":"#shell-header-logo"}
COMMAND: POST /session/6cb315df952d16724b4cad26491b612d/elements - {"using":"xpath","value":"//button[@data-kt=\"addButton\"]"}
RESULT: {"using":"css selector","value":"#shell-header-logo"}
RESULT: {"using":"xpath","value":"//button[@data-kt=\"addButton\"]"}
COMMAND: POST /session/6cb315df952d16724b4cad26491b612d/elements - {"using":"css selector","value":"#shell-header-logo"}
RESULT: {"using":"css selector","value":"#shell-header-logo"}
COMMAND: POST /session/6cb315df952d16724b4cad26491b612d/elements - {"using":"xpath","value":"//button[@data-kt=\"addButton\"]"}
RESULT: {"using":"xpath","value":"//button[@data-kt=\"addButton\"]"}
COMMAND: POST /session/6cb315df952d16724b4cad26491b612d/elements - {"using":"css selector","value":"#shell-header-logo"}
RESULT: {"using":"css selector","value":"#shell-header-logo"}
COMMAND: POST /session/6cb315df952d16724b4cad26491b612d/elements - {"using":"xpath","value":"//button[@data-kt=\"addButton\"]"}
RESULT: {"using":"xpath","value":"//button[@data-kt=\"addButton\"]"}
COMMAND: POST /session/6cb315df952d16724b4cad26491b612d/elements - {"using":"css selector","value":"#shell-header-logo"}
RESULT: {"using":"css selector","value":"#shell-header-logo"}
COMMAND: POST /session/6cb315df952d16724b4cad26491b612d/elements - {"using":"xpath","value":"//button[@data-kt=\"addButton\"]"}
RESULT: {"using":"xpath","value":"//button[@data-kt=\"addButton\"]"}
COMMAND: POST /session/6cb315df952d16724b4cad26491b612d/elements - {"using":"css selector","value":"#shell-header-logo"}
RESULT: {"using":"css selector","value":"#shell-header-logo"}
COMMAND: POST /session/6cb315df952d16724b4cad26491b612d/elements - {"using":"xpath","value":"//button[@data-kt=\"addButton\"]"}
RESULT: {"using":"xpath","value":"//button[@data-kt=\"addButton\"]"}
COMMAND: POST /session/6cb315df952d16724b4cad26491b612d/elements - {"using":"css selector","value":"#shell-header-logo"}
COMMAND: POST /session/6cb315df952d16724b4cad26491b612d/elements - {"using":"xpath","value":"//button[@data-kt=\"addButton\"]"}
RESULT: {"using":"css selector","value":"#shell-header-logo"}
RESULT: {"using":"xpath","value":"//button[@data-kt=\"addButton\"]"}
COMMAND: POST /session/6cb315df952d16724b4cad26491b612d/elements - {"using":"css selector","value":"#shell-header-logo"}
RESULT: {"using":"css selector","value":"#shell-header-logo"}
COMMAND: POST /session/6cb315df952d16724b4cad26491b612d/elements - {"using":"xpath","value":"//button[@data-kt=\"addButton\"]"}
RESULT: {"using":"xpath","value":"//button[@data-kt=\"addButton\"]"}
COMMAND: POST /session/6cb315df952d16724b4cad26491b612d/elements - {"using":"css selector","value":"#shell-header-logo"}
RESULT: {"using":"css selector","value":"#shell-header-logo"}
COMMAND: POST /session/6cb315df952d16724b4cad26491b612d/elements - {"using":"xpath","value":"//button[@data-kt=\"addButton\"]"}
RESULT: {"using":"xpath","value":"//button[@data-kt=\"addButton\"]"}
COMMAND: POST /session/6cb315df952d16724b4cad26491b612d/elements - {"using":"css selector","value":"#shell-header-logo"}
RESULT: {"using":"css selector","value":"#shell-header-logo"}
COMMAND: POST /session/6cb315df952d16724b4cad26491b612d/elements - {"using":"xpath","value":"//button[@data-kt=\"addButton\"]"}
RESULT: {"using":"xpath","value":"//button[@data-kt=\"addButton\"]"}
COMMAND: POST /session/6cb315df952d16724b4cad26491b612d/elements - {"using":"css selector","value":"#shell-header-logo"}
RESULT: {"using":"css selector","value":"#shell-header-logo"}
COMMAND: POST /session/6cb315df952d16724b4cad26491b612d/elements - {"using":"xpath","value":"//button[@data-kt=\"addButton\"]"}
RESULT: {"using":"xpath","value":"//button[@data-kt=\"addButton\"]"}
COMMAND: POST /session/6cb315df952d16724b4cad26491b612d/elements - {"using":"css selector","value":"#shell-header-logo"}
RESULT: {"using":"css selector","value":"#shell-header-logo"}
COMMAND: POST /session/6cb315df952d16724b4cad26491b612d/elements - {"using":"xpath","value":"//button[@data-kt=\"addButton\"]"}
RESULT: {"using":"xpath","value":"//button[@data-kt=\"addButton\"]"}
COMMAND: POST /session/6cb315df952d16724b4cad26491b612d/elements - {"using":"css selector","value":"#shell-header-logo"}
RESULT: {"using":"css selector","value":"#shell-header-logo"}
COMMAND: POST /session/6cb315df952d16724b4cad26491b612d/elements - {"using":"xpath","value":"//button[@data-kt=\"addButton\"]"}
RESULT: {"using":"xpath","value":"//button[@data-kt=\"addButton\"]"}
COMMAND: POST /session/6cb315df952d16724b4cad26491b612d/elements - {"using":"css selector","value":"#shell-header-logo"}
COMMAND: POST /session/6cb315df952d16724b4cad26491b612d/elements - {"using":"xpath","value":"//button[@data-kt=\"addButton\"]"}
RESULT: {"using":"css selector","value":"#shell-header-logo"}
RESULT: {"using":"xpath","value":"//button[@data-kt=\"addButton\"]"}
COMMAND: POST /session/6cb315df952d16724b4cad26491b612d/elements - {"using":"css selector","value":"#shell-header-logo"}
RESULT: {"using":"css selector","value":"#shell-header-logo"}
COMMAND: POST /session/6cb315df952d16724b4cad26491b612d/elements - {"using":"xpath","value":"//button[@data-kt=\"addButton\"]"}
RESULT: {"using":"xpath","value":"//button[@data-kt=\"addButton\"]"}
COMMAND: POST /session/6cb315df952d16724b4cad26491b612d/elements - {"using":"css selector","value":"#shell-header-logo"}
RESULT: {"using":"css selector","value":"#shell-header-logo"}
COMMAND: POST /session/6cb315df952d16724b4cad26491b612d/elements - {"using":"xpath","value":"//button[@data-kt=\"addButton\"]"}
RESULT: {"using":"xpath","value":"//button[@data-kt=\"addButton\"]"}
COMMAND: POST /session/6cb315df952d16724b4cad26491b612d/elements - {"using":"css selector","value":"#shell-header-logo"}
RESULT: {"using":"css selector","value":"#shell-header-logo"}
COMMAND: POST /session/6cb315df952d16724b4cad26491b612d/elements - {"using":"xpath","value":"//button[@data-kt=\"addButton\"]"}
RESULT: {"using":"xpath","value":"//button[@data-kt=\"addButton\"]"}
COMMAND: POST /session/6cb315df952d16724b4cad26491b612d/elements - {"using":"css selector","value":"#shell-header-logo"}
RESULT: {"using":"css selector","value":"#shell-header-logo"}
COMMAND: POST /session/6cb315df952d16724b4cad26491b612d/elements - {"using":"xpath","value":"//button[@data-kt=\"addButton\"]"}
RESULT: {"using":"xpath","value":"//button[@data-kt=\"addButton\"]"}
COMMAND: POST /session/6cb315df952d16724b4cad26491b612d/elements - {"using":"css selector","value":"#shell-header-logo"}
RESULT: {"using":"css selector","value":"#shell-header-logo"}
COMMAND: POST /session/6cb315df952d16724b4cad26491b612d/elements - {"using":"xpath","value":"//button[@data-kt=\"addButton\"]"}
RESULT: {"using":"xpath","value":"//button[@data-kt=\"addButton\"]"}
COMMAND: POST /session/6cb315df952d16724b4cad26491b612d/elements - {"using":"css selector","value":"#shell-header-logo"}
RESULT: {"using":"css selector","value":"#shell-header-logo"}
COMMAND: POST /session/6cb315df952d16724b4cad26491b612d/elements - {"using":"xpath","value":"//button[@data-kt=\"addButton\"]"}
RESULT: {"using":"xpath","value":"//button[@data-kt=\"addButton\"]"}
COMMAND: POST /session/6cb315df952d16724b4cad26491b612d/elements - {"using":"css selector","value":"#shell-header-logo"}
RESULT: {"using":"css selector","value":"#shell-header-logo"}
COMMAND: POST /session/6cb315df952d16724b4cad26491b612d/elements - {"using":"xpath","value":"//button[@data-kt=\"addButton\"]"}
RESULT: {"using":"xpath","value":"//button[@data-kt=\"addButton\"]"}
COMMAND: POST /session/6cb315df952d16724b4cad26491b612d/elements - {"using":"css selector","value":"#shell-header-logo"}
RESULT: {"using":"css selector","value":"#shell-header-logo"}
COMMAND: POST /session/6cb315df952d16724b4cad26491b612d/elements - {"using":"xpath","value":"//button[@data-kt=\"addButton\"]"}
RESULT: {"using":"xpath","value":"//button[@data-kt=\"addButton\"]"}
COMMAND: POST /session/6cb315df952d16724b4cad26491b612d/elements - {"using":"css selector","value":"#shell-header-logo"}
RESULT: {"using":"css selector","value":"#shell-header-logo"}
COMMAND: POST /session/6cb315df952d16724b4cad26491b612d/elements - {"using":"xpath","value":"//button[@data-kt=\"addButton\"]"}
RESULT: {"using":"xpath","value":"//button[@data-kt=\"addButton\"]"}
COMMAND: POST /session/6cb315df952d16724b4cad26491b612d/elements - {"using":"css selector","value":"#shell-header-logo"}
RESULT: {"using":"css selector","value":"#shell-header-logo"}
COMMAND: POST /session/6cb315df952d16724b4cad26491b612d/elements - {"using":"xpath","value":"//button[@data-kt=\"addButton\"]"}
RESULT: {"using":"xpath","value":"//button[@data-kt=\"addButton\"]"}
COMMAND: POST /session/6cb315df952d16724b4cad26491b612d/elements - {"using":"css selector","value":"#shell-header-logo"}
RESULT: {"using":"css selector","value":"#shell-header-logo"}
COMMAND: POST /session/6cb315df952d16724b4cad26491b612d/elements - {"using":"xpath","value":"//button[@data-kt=\"addButton\"]"}
RESULT: {"using":"xpath","value":"//button[@data-kt=\"addButton\"]"}
COMMAND: POST /session/6cb315df952d16724b4cad26491b612d/elements - {"using":"css selector","value":"#shell-header-logo"}
RESULT: {"using":"css selector","value":"#shell-header-logo"}
COMMAND: POST /session/6cb315df952d16724b4cad26491b612d/elements - {"using":"xpath","value":"//button[@data-kt=\"addButton\"]"}
RESULT: {"using":"xpath","value":"//button[@data-kt=\"addButton\"]"}
COMMAND: POST /session/6cb315df952d16724b4cad26491b612d/elements - {"using":"css selector","value":"#shell-header-logo"}
RESULT: {"using":"css selector","value":"#shell-header-logo"}
COMMAND: POST /session/6cb315df952d16724b4cad26491b612d/elements - {"using":"xpath","value":"//button[@data-kt=\"addButton\"]"}
RESULT: {"using":"xpath","value":"//button[@data-kt=\"addButton\"]"}
COMMAND: POST /session/6cb315df952d16724b4cad26491b612d/elements - {"using":"css selector","value":"#shell-header-logo"}
COMMAND: POST /session/6cb315df952d16724b4cad26491b612d/elements - {"using":"xpath","value":"//button[@data-kt=\"addButton\"]"}
RESULT: {"using":"css selector","value":"#shell-header-logo"}
RESULT: {"using":"xpath","value":"//button[@data-kt=\"addButton\"]"}
COMMAND: POST /session/6cb315df952d16724b4cad26491b612d/elements - {"using":"css selector","value":"#shell-header-logo"}
RESULT: {"using":"css selector","value":"#shell-header-logo"}
COMMAND: POST /session/6cb315df952d16724b4cad26491b612d/elements - {"using":"xpath","value":"//button[@data-kt=\"addButton\"]"}
RESULT: {"using":"xpath","value":"//button[@data-kt=\"addButton\"]"}
COMMAND: POST /session/6cb315df952d16724b4cad26491b612d/elements - {"using":"css selector","value":"#shell-header-logo"}
RESULT: {"using":"css selector","value":"#shell-header-logo"}
COMMAND: POST /session/6cb315df952d16724b4cad26491b612d/elements - {"using":"xpath","value":"//button[@data-kt=\"addButton\"]"}
RESULT: {"using":"xpath","value":"//button[@data-kt=\"addButton\"]"}
COMMAND: POST /session/6cb315df952d16724b4cad26491b612d/elements - {"using":"css selector","value":"#shell-header-logo"}
RESULT: {"using":"css selector","value":"#shell-header-logo"}
COMMAND: POST /session/6cb315df952d16724b4cad26491b612d/elements - {"using":"xpath","value":"//button[@data-kt=\"addButton\"]"}
RESULT: {"using":"xpath","value":"//button[@data-kt=\"addButton\"]"}
COMMAND: POST /session/6cb315df952d16724b4cad26491b612d/elements - {"using":"css selector","value":"#shell-header-logo"}
RESULT: {"using":"css selector","value":"#shell-header-logo"}
COMMAND: POST /session/6cb315df952d16724b4cad26491b612d/elements - {"using":"xpath","value":"//button[@data-kt=\"addButton\"]"}
RESULT: {"using":"xpath","value":"//button[@data-kt=\"addButton\"]"}
COMMAND: POST /session/6cb315df952d16724b4cad26491b612d/elements - {"using":"css selector","value":"#shell-header-logo"}
RESULT: {"using":"css selector","value":"#shell-header-logo"}
COMMAND: POST /session/6cb315df952d16724b4cad26491b612d/elements - {"using":"xpath","value":"//button[@data-kt=\"addButton\"]"}
RESULT: {"using":"xpath","value":"//button[@data-kt=\"addButton\"]"}
COMMAND: POST /session/6cb315df952d16724b4cad26491b612d/elements - {"using":"css selector","value":"#shell-header-logo"}
RESULT: {"using":"css selector","value":"#shell-header-logo"}
COMMAND: POST /session/6cb315df952d16724b4cad26491b612d/elements - {"using":"xpath","value":"//button[@data-kt=\"addButton\"]"}
RESULT: {"using":"xpath","value":"//button[@data-kt=\"addButton\"]"}
COMMAND: POST /session/6cb315df952d16724b4cad26491b612d/elements - {"using":"css selector","value":"#shell-header-logo"}
RESULT: {"using":"css selector","value":"#shell-header-logo"}
COMMAND: POST /session/6cb315df952d16724b4cad26491b612d/elements - {"using":"xpath","value":"//button[@data-kt=\"addButton\"]"}
RESULT: {"using":"xpath","value":"//button[@data-kt=\"addButton\"]"}
COMMAND: POST /session/6cb315df952d16724b4cad26491b612d/elements - {"using":"css selector","value":"#shell-header-logo"}
RESULT: {"using":"css selector","value":"#shell-header-logo"}
COMMAND: POST /session/6cb315df952d16724b4cad26491b612d/elements - {"using":"xpath","value":"//button[@data-kt=\"addButton\"]"}
RESULT: {"using":"xpath","value":"//button[@data-kt=\"addButton\"]"}
COMMAND: POST /session/6cb315df952d16724b4cad26491b612d/elements - {"using":"css selector","value":"#shell-header-logo"}
RESULT: {"using":"css selector","value":"#shell-header-logo"}
COMMAND: POST /session/6cb315df952d16724b4cad26491b612d/elements - {"using":"xpath","value":"//button[@data-kt=\"addButton\"]"}
RESULT: {"using":"xpath","value":"//button[@data-kt=\"addButton\"]"}
COMMAND: POST /session/6cb315df952d16724b4cad26491b612d/elements - {"using":"css selector","value":"#shell-header-logo"}
RESULT: {"using":"css selector","value":"#shell-header-logo"}
COMMAND: GET /session/6cb315df952d16724b4cad26491b612d/screenshot - {}
RESULT: {}
]]></system-out>
      <system-err><![CDATA[
Error: element ("//button[@data-kt="addButton"]") still not existing after 45000ms
    at async Context.<anonymous> (D:\a\1\s\test\specs\BTS\manage-partners.spec.js:382:9)
]]></system-err>
    </testcase>
    <testcase classname="chrome.136_0_7103_49.windows.Partner_specific_tests_US150819_US151080_US151654_US151176_US103444_US151078_US151079_US151109_US151174_US151175_US151189" name="Should try to save empty partner US151174" time="55.451">
      <skipped />
      <system-out><![CDATA[
COMMAND: GET /session/6cb315df952d16724b4cad26491b612d/screenshot - {}
COMMAND: POST /session/6cb315df952d16724b4cad26491b612d/element - {"using":"xpath","value":"//li[.//span[text()=\"Manage Partners\"]]"}
RESULT: {"using":"xpath","value":"//button[@data-kt=\"addButton\"]"}
RESULT: {}
RESULT: {"using":"xpath","value":"//li[.//span[text()=\"Manage Partners\"]]"}
COMMAND: POST /session/6cb315df952d16724b4cad26491b612d/element - {"using":"xpath","value":"//li[.//span[text()=\"Manage Partners\"]]"}
RESULT: {"using":"xpath","value":"//li[.//span[text()=\"Manage Partners\"]]"}
COMMAND: POST /session/6cb315df952d16724b4cad26491b612d/element - {"using":"css selector","value":"#shell-header-logo"}
RESULT: {"using":"css selector","value":"#shell-header-logo"}
COMMAND: POST /session/6cb315df952d16724b4cad26491b612d/elements - {"using":"css selector","value":"#shell-header-logo"}
COMMAND: POST /session/6cb315df952d16724b4cad26491b612d/element - {"using":"css selector","value":"#shell-header-logo"}
RESULT: {"using":"css selector","value":"#shell-header-logo"}
RESULT: {"using":"css selector","value":"#shell-header-logo"}
COMMAND: POST /session/6cb315df952d16724b4cad26491b612d/elements - {"using":"css selector","value":"#shell-header-logo"}
RESULT: {"using":"css selector","value":"#shell-header-logo"}
COMMAND: POST /session/6cb315df952d16724b4cad26491b612d/elements - {"using":"css selector","value":"#shell-header-logo"}
RESULT: {"using":"css selector","value":"#shell-header-logo"}
COMMAND: POST /session/6cb315df952d16724b4cad26491b612d/elements - {"using":"css selector","value":"#shell-header-logo"}
RESULT: {"using":"css selector","value":"#shell-header-logo"}
COMMAND: POST /session/6cb315df952d16724b4cad26491b612d/elements - {"using":"css selector","value":"#shell-header-logo"}
RESULT: {"using":"css selector","value":"#shell-header-logo"}
COMMAND: POST /session/6cb315df952d16724b4cad26491b612d/elements - {"using":"css selector","value":"#shell-header-logo"}
RESULT: {"using":"css selector","value":"#shell-header-logo"}
COMMAND: POST /session/6cb315df952d16724b4cad26491b612d/elements - {"using":"css selector","value":"#shell-header-logo"}
RESULT: {"using":"css selector","value":"#shell-header-logo"}
COMMAND: POST /session/6cb315df952d16724b4cad26491b612d/elements - {"using":"css selector","value":"#shell-header-logo"}
RESULT: {"using":"css selector","value":"#shell-header-logo"}
COMMAND: POST /session/6cb315df952d16724b4cad26491b612d/elements - {"using":"css selector","value":"#shell-header-logo"}
RESULT: {"using":"css selector","value":"#shell-header-logo"}
COMMAND: POST /session/6cb315df952d16724b4cad26491b612d/elements - {"using":"css selector","value":"#shell-header-logo"}
RESULT: {"using":"css selector","value":"#shell-header-logo"}
COMMAND: POST /session/6cb315df952d16724b4cad26491b612d/elements - {"using":"css selector","value":"#shell-header-logo"}
RESULT: {"using":"css selector","value":"#shell-header-logo"}
COMMAND: POST /session/6cb315df952d16724b4cad26491b612d/elements - {"using":"css selector","value":"#shell-header-logo"}
RESULT: {"using":"css selector","value":"#shell-header-logo"}
COMMAND: POST /session/6cb315df952d16724b4cad26491b612d/elements - {"using":"css selector","value":"#shell-header-logo"}
RESULT: {"using":"css selector","value":"#shell-header-logo"}
COMMAND: POST /session/6cb315df952d16724b4cad26491b612d/elements - {"using":"css selector","value":"#shell-header-logo"}
RESULT: {"using":"css selector","value":"#shell-header-logo"}
COMMAND: POST /session/6cb315df952d16724b4cad26491b612d/elements - {"using":"css selector","value":"#shell-header-logo"}
RESULT: {"using":"css selector","value":"#shell-header-logo"}
COMMAND: POST /session/6cb315df952d16724b4cad26491b612d/elements - {"using":"css selector","value":"#shell-header-logo"}
RESULT: {"using":"css selector","value":"#shell-header-logo"}
COMMAND: POST /session/6cb315df952d16724b4cad26491b612d/elements - {"using":"css selector","value":"#shell-header-logo"}
RESULT: {"using":"css selector","value":"#shell-header-logo"}
COMMAND: POST /session/6cb315df952d16724b4cad26491b612d/elements - {"using":"css selector","value":"#shell-header-logo"}
RESULT: {"using":"css selector","value":"#shell-header-logo"}
COMMAND: POST /session/6cb315df952d16724b4cad26491b612d/elements - {"using":"css selector","value":"#shell-header-logo"}
RESULT: {"using":"css selector","value":"#shell-header-logo"}
COMMAND: POST /session/6cb315df952d16724b4cad26491b612d/elements - {"using":"css selector","value":"#shell-header-logo"}
RESULT: {"using":"css selector","value":"#shell-header-logo"}
COMMAND: POST /session/6cb315df952d16724b4cad26491b612d/elements - {"using":"css selector","value":"#shell-header-logo"}
RESULT: {"using":"css selector","value":"#shell-header-logo"}
COMMAND: POST /session/6cb315df952d16724b4cad26491b612d/elements - {"using":"css selector","value":"#shell-header-logo"}
RESULT: {"using":"css selector","value":"#shell-header-logo"}
COMMAND: POST /session/6cb315df952d16724b4cad26491b612d/elements - {"using":"css selector","value":"#shell-header-logo"}
RESULT: {"using":"css selector","value":"#shell-header-logo"}
COMMAND: POST /session/6cb315df952d16724b4cad26491b612d/elements - {"using":"css selector","value":"#shell-header-logo"}
RESULT: {"using":"css selector","value":"#shell-header-logo"}
COMMAND: POST /session/6cb315df952d16724b4cad26491b612d/elements - {"using":"css selector","value":"#shell-header-logo"}
RESULT: {"using":"css selector","value":"#shell-header-logo"}
COMMAND: POST /session/6cb315df952d16724b4cad26491b612d/elements - {"using":"css selector","value":"#shell-header-logo"}
RESULT: {"using":"css selector","value":"#shell-header-logo"}
COMMAND: POST /session/6cb315df952d16724b4cad26491b612d/elements - {"using":"css selector","value":"#shell-header-logo"}
RESULT: {"using":"css selector","value":"#shell-header-logo"}
COMMAND: POST /session/6cb315df952d16724b4cad26491b612d/elements - {"using":"css selector","value":"#shell-header-logo"}
RESULT: {"using":"css selector","value":"#shell-header-logo"}
COMMAND: POST /session/6cb315df952d16724b4cad26491b612d/elements - {"using":"css selector","value":"#shell-header-logo"}
RESULT: {"using":"css selector","value":"#shell-header-logo"}
COMMAND: POST /session/6cb315df952d16724b4cad26491b612d/elements - {"using":"css selector","value":"#shell-header-logo"}
RESULT: {"using":"css selector","value":"#shell-header-logo"}
RESULT: undefined
COMMAND: POST /session/6cb315df952d16724b4cad26491b612d/element - {"using":"xpath","value":"//button[@data-kt=\"addButton\"]"}
COMMAND: POST /session/6cb315df952d16724b4cad26491b612d/elements - {"using":"css selector","value":"#shell-header-logo"}
RESULT: {"using":"xpath","value":"//button[@data-kt=\"addButton\"]"}
COMMAND: POST /session/6cb315df952d16724b4cad26491b612d/elements - {"using":"xpath","value":"//button[@data-kt=\"addButton\"]"}
RESULT: {"using":"css selector","value":"#shell-header-logo"}
RESULT: {"using":"xpath","value":"//button[@data-kt=\"addButton\"]"}
COMMAND: POST /session/6cb315df952d16724b4cad26491b612d/elements - {"using":"css selector","value":"#shell-header-logo"}
RESULT: {"using":"css selector","value":"#shell-header-logo"}
COMMAND: POST /session/6cb315df952d16724b4cad26491b612d/elements - {"using":"xpath","value":"//button[@data-kt=\"addButton\"]"}
RESULT: {"using":"xpath","value":"//button[@data-kt=\"addButton\"]"}
COMMAND: POST /session/6cb315df952d16724b4cad26491b612d/elements - {"using":"css selector","value":"#shell-header-logo"}
RESULT: {"using":"css selector","value":"#shell-header-logo"}
COMMAND: POST /session/6cb315df952d16724b4cad26491b612d/elements - {"using":"xpath","value":"//button[@data-kt=\"addButton\"]"}
RESULT: {"using":"xpath","value":"//button[@data-kt=\"addButton\"]"}
COMMAND: POST /session/6cb315df952d16724b4cad26491b612d/elements - {"using":"css selector","value":"#shell-header-logo"}
RESULT: {"using":"css selector","value":"#shell-header-logo"}
COMMAND: POST /session/6cb315df952d16724b4cad26491b612d/elements - {"using":"xpath","value":"//button[@data-kt=\"addButton\"]"}
RESULT: {"using":"xpath","value":"//button[@data-kt=\"addButton\"]"}
COMMAND: POST /session/6cb315df952d16724b4cad26491b612d/elements - {"using":"css selector","value":"#shell-header-logo"}
RESULT: {"using":"css selector","value":"#shell-header-logo"}
COMMAND: POST /session/6cb315df952d16724b4cad26491b612d/elements - {"using":"xpath","value":"//button[@data-kt=\"addButton\"]"}
RESULT: {"using":"xpath","value":"//button[@data-kt=\"addButton\"]"}
COMMAND: POST /session/6cb315df952d16724b4cad26491b612d/elements - {"using":"css selector","value":"#shell-header-logo"}
RESULT: {"using":"css selector","value":"#shell-header-logo"}
COMMAND: POST /session/6cb315df952d16724b4cad26491b612d/elements - {"using":"xpath","value":"//button[@data-kt=\"addButton\"]"}
RESULT: {"using":"xpath","value":"//button[@data-kt=\"addButton\"]"}
COMMAND: POST /session/6cb315df952d16724b4cad26491b612d/elements - {"using":"css selector","value":"#shell-header-logo"}
RESULT: {"using":"css selector","value":"#shell-header-logo"}
COMMAND: POST /session/6cb315df952d16724b4cad26491b612d/elements - {"using":"xpath","value":"//button[@data-kt=\"addButton\"]"}
RESULT: {"using":"xpath","value":"//button[@data-kt=\"addButton\"]"}
COMMAND: POST /session/6cb315df952d16724b4cad26491b612d/elements - {"using":"css selector","value":"#shell-header-logo"}
RESULT: {"using":"css selector","value":"#shell-header-logo"}
COMMAND: POST /session/6cb315df952d16724b4cad26491b612d/elements - {"using":"xpath","value":"//button[@data-kt=\"addButton\"]"}
RESULT: {"using":"xpath","value":"//button[@data-kt=\"addButton\"]"}
COMMAND: POST /session/6cb315df952d16724b4cad26491b612d/elements - {"using":"css selector","value":"#shell-header-logo"}
RESULT: {"using":"css selector","value":"#shell-header-logo"}
COMMAND: POST /session/6cb315df952d16724b4cad26491b612d/elements - {"using":"xpath","value":"//button[@data-kt=\"addButton\"]"}
RESULT: {"using":"xpath","value":"//button[@data-kt=\"addButton\"]"}
COMMAND: POST /session/6cb315df952d16724b4cad26491b612d/elements - {"using":"css selector","value":"#shell-header-logo"}
RESULT: {"using":"css selector","value":"#shell-header-logo"}
COMMAND: POST /session/6cb315df952d16724b4cad26491b612d/elements - {"using":"xpath","value":"//button[@data-kt=\"addButton\"]"}
RESULT: {"using":"xpath","value":"//button[@data-kt=\"addButton\"]"}
COMMAND: POST /session/6cb315df952d16724b4cad26491b612d/elements - {"using":"css selector","value":"#shell-header-logo"}
RESULT: {"using":"css selector","value":"#shell-header-logo"}
COMMAND: POST /session/6cb315df952d16724b4cad26491b612d/elements - {"using":"xpath","value":"//button[@data-kt=\"addButton\"]"}
RESULT: {"using":"xpath","value":"//button[@data-kt=\"addButton\"]"}
COMMAND: POST /session/6cb315df952d16724b4cad26491b612d/elements - {"using":"css selector","value":"#shell-header-logo"}
RESULT: {"using":"css selector","value":"#shell-header-logo"}
COMMAND: POST /session/6cb315df952d16724b4cad26491b612d/elements - {"using":"xpath","value":"//button[@data-kt=\"addButton\"]"}
RESULT: {"using":"xpath","value":"//button[@data-kt=\"addButton\"]"}
COMMAND: POST /session/6cb315df952d16724b4cad26491b612d/elements - {"using":"css selector","value":"#shell-header-logo"}
RESULT: {"using":"css selector","value":"#shell-header-logo"}
COMMAND: POST /session/6cb315df952d16724b4cad26491b612d/elements - {"using":"xpath","value":"//button[@data-kt=\"addButton\"]"}
RESULT: {"using":"xpath","value":"//button[@data-kt=\"addButton\"]"}
COMMAND: POST /session/6cb315df952d16724b4cad26491b612d/elements - {"using":"css selector","value":"#shell-header-logo"}
RESULT: {"using":"css selector","value":"#shell-header-logo"}
COMMAND: POST /session/6cb315df952d16724b4cad26491b612d/elements - {"using":"xpath","value":"//button[@data-kt=\"addButton\"]"}
RESULT: {"using":"xpath","value":"//button[@data-kt=\"addButton\"]"}
COMMAND: POST /session/6cb315df952d16724b4cad26491b612d/elements - {"using":"css selector","value":"#shell-header-logo"}
RESULT: {"using":"css selector","value":"#shell-header-logo"}
COMMAND: POST /session/6cb315df952d16724b4cad26491b612d/elements - {"using":"xpath","value":"//button[@data-kt=\"addButton\"]"}
RESULT: {"using":"xpath","value":"//button[@data-kt=\"addButton\"]"}
COMMAND: POST /session/6cb315df952d16724b4cad26491b612d/elements - {"using":"css selector","value":"#shell-header-logo"}
RESULT: {"using":"css selector","value":"#shell-header-logo"}
COMMAND: POST /session/6cb315df952d16724b4cad26491b612d/elements - {"using":"xpath","value":"//button[@data-kt=\"addButton\"]"}
RESULT: {"using":"xpath","value":"//button[@data-kt=\"addButton\"]"}
COMMAND: POST /session/6cb315df952d16724b4cad26491b612d/elements - {"using":"css selector","value":"#shell-header-logo"}
RESULT: {"using":"css selector","value":"#shell-header-logo"}
COMMAND: POST /session/6cb315df952d16724b4cad26491b612d/elements - {"using":"xpath","value":"//button[@data-kt=\"addButton\"]"}
RESULT: {"using":"xpath","value":"//button[@data-kt=\"addButton\"]"}
COMMAND: POST /session/6cb315df952d16724b4cad26491b612d/elements - {"using":"css selector","value":"#shell-header-logo"}
RESULT: {"using":"css selector","value":"#shell-header-logo"}
COMMAND: POST /session/6cb315df952d16724b4cad26491b612d/elements - {"using":"xpath","value":"//button[@data-kt=\"addButton\"]"}
RESULT: {"using":"xpath","value":"//button[@data-kt=\"addButton\"]"}
COMMAND: POST /session/6cb315df952d16724b4cad26491b612d/elements - {"using":"css selector","value":"#shell-header-logo"}
RESULT: {"using":"css selector","value":"#shell-header-logo"}
COMMAND: POST /session/6cb315df952d16724b4cad26491b612d/elements - {"using":"xpath","value":"//button[@data-kt=\"addButton\"]"}
RESULT: {"using":"xpath","value":"//button[@data-kt=\"addButton\"]"}
COMMAND: POST /session/6cb315df952d16724b4cad26491b612d/elements - {"using":"css selector","value":"#shell-header-logo"}
RESULT: {"using":"css selector","value":"#shell-header-logo"}
COMMAND: POST /session/6cb315df952d16724b4cad26491b612d/elements - {"using":"xpath","value":"//button[@data-kt=\"addButton\"]"}
RESULT: {"using":"xpath","value":"//button[@data-kt=\"addButton\"]"}
COMMAND: POST /session/6cb315df952d16724b4cad26491b612d/elements - {"using":"css selector","value":"#shell-header-logo"}
RESULT: {"using":"css selector","value":"#shell-header-logo"}
COMMAND: POST /session/6cb315df952d16724b4cad26491b612d/elements - {"using":"xpath","value":"//button[@data-kt=\"addButton\"]"}
RESULT: {"using":"xpath","value":"//button[@data-kt=\"addButton\"]"}
COMMAND: POST /session/6cb315df952d16724b4cad26491b612d/elements - {"using":"css selector","value":"#shell-header-logo"}
RESULT: {"using":"css selector","value":"#shell-header-logo"}
COMMAND: POST /session/6cb315df952d16724b4cad26491b612d/elements - {"using":"xpath","value":"//button[@data-kt=\"addButton\"]"}
RESULT: {"using":"xpath","value":"//button[@data-kt=\"addButton\"]"}
COMMAND: POST /session/6cb315df952d16724b4cad26491b612d/elements - {"using":"css selector","value":"#shell-header-logo"}
RESULT: {"using":"css selector","value":"#shell-header-logo"}
COMMAND: POST /session/6cb315df952d16724b4cad26491b612d/elements - {"using":"xpath","value":"//button[@data-kt=\"addButton\"]"}
RESULT: {"using":"xpath","value":"//button[@data-kt=\"addButton\"]"}
COMMAND: POST /session/6cb315df952d16724b4cad26491b612d/elements - {"using":"css selector","value":"#shell-header-logo"}
RESULT: {"using":"css selector","value":"#shell-header-logo"}
COMMAND: POST /session/6cb315df952d16724b4cad26491b612d/elements - {"using":"xpath","value":"//button[@data-kt=\"addButton\"]"}
RESULT: {"using":"xpath","value":"//button[@data-kt=\"addButton\"]"}
COMMAND: POST /session/6cb315df952d16724b4cad26491b612d/elements - {"using":"css selector","value":"#shell-header-logo"}
RESULT: {"using":"css selector","value":"#shell-header-logo"}
COMMAND: POST /session/6cb315df952d16724b4cad26491b612d/elements - {"using":"xpath","value":"//button[@data-kt=\"addButton\"]"}
RESULT: {"using":"xpath","value":"//button[@data-kt=\"addButton\"]"}
COMMAND: POST /session/6cb315df952d16724b4cad26491b612d/elements - {"using":"css selector","value":"#shell-header-logo"}
RESULT: {"using":"css selector","value":"#shell-header-logo"}
COMMAND: POST /session/6cb315df952d16724b4cad26491b612d/elements - {"using":"xpath","value":"//button[@data-kt=\"addButton\"]"}
RESULT: {"using":"xpath","value":"//button[@data-kt=\"addButton\"]"}
COMMAND: POST /session/6cb315df952d16724b4cad26491b612d/elements - {"using":"css selector","value":"#shell-header-logo"}
RESULT: {"using":"css selector","value":"#shell-header-logo"}
COMMAND: POST /session/6cb315df952d16724b4cad26491b612d/elements - {"using":"xpath","value":"//button[@data-kt=\"addButton\"]"}
RESULT: {"using":"xpath","value":"//button[@data-kt=\"addButton\"]"}
COMMAND: POST /session/6cb315df952d16724b4cad26491b612d/elements - {"using":"css selector","value":"#shell-header-logo"}
RESULT: {"using":"css selector","value":"#shell-header-logo"}
COMMAND: POST /session/6cb315df952d16724b4cad26491b612d/elements - {"using":"xpath","value":"//button[@data-kt=\"addButton\"]"}
RESULT: {"using":"xpath","value":"//button[@data-kt=\"addButton\"]"}
COMMAND: POST /session/6cb315df952d16724b4cad26491b612d/elements - {"using":"css selector","value":"#shell-header-logo"}
RESULT: {"using":"css selector","value":"#shell-header-logo"}
COMMAND: POST /session/6cb315df952d16724b4cad26491b612d/elements - {"using":"xpath","value":"//button[@data-kt=\"addButton\"]"}
RESULT: {"using":"xpath","value":"//button[@data-kt=\"addButton\"]"}
COMMAND: POST /session/6cb315df952d16724b4cad26491b612d/elements - {"using":"css selector","value":"#shell-header-logo"}
RESULT: {"using":"css selector","value":"#shell-header-logo"}
COMMAND: POST /session/6cb315df952d16724b4cad26491b612d/elements - {"using":"xpath","value":"//button[@data-kt=\"addButton\"]"}
RESULT: {"using":"xpath","value":"//button[@data-kt=\"addButton\"]"}
COMMAND: POST /session/6cb315df952d16724b4cad26491b612d/elements - {"using":"css selector","value":"#shell-header-logo"}
RESULT: {"using":"css selector","value":"#shell-header-logo"}
COMMAND: POST /session/6cb315df952d16724b4cad26491b612d/elements - {"using":"xpath","value":"//button[@data-kt=\"addButton\"]"}
RESULT: {"using":"xpath","value":"//button[@data-kt=\"addButton\"]"}
COMMAND: POST /session/6cb315df952d16724b4cad26491b612d/elements - {"using":"css selector","value":"#shell-header-logo"}
RESULT: {"using":"css selector","value":"#shell-header-logo"}
COMMAND: POST /session/6cb315df952d16724b4cad26491b612d/elements - {"using":"xpath","value":"//button[@data-kt=\"addButton\"]"}
RESULT: {"using":"xpath","value":"//button[@data-kt=\"addButton\"]"}
COMMAND: POST /session/6cb315df952d16724b4cad26491b612d/elements - {"using":"css selector","value":"#shell-header-logo"}
RESULT: {"using":"css selector","value":"#shell-header-logo"}
COMMAND: POST /session/6cb315df952d16724b4cad26491b612d/elements - {"using":"xpath","value":"//button[@data-kt=\"addButton\"]"}
RESULT: {"using":"xpath","value":"//button[@data-kt=\"addButton\"]"}
COMMAND: POST /session/6cb315df952d16724b4cad26491b612d/elements - {"using":"css selector","value":"#shell-header-logo"}
RESULT: {"using":"css selector","value":"#shell-header-logo"}
COMMAND: POST /session/6cb315df952d16724b4cad26491b612d/elements - {"using":"xpath","value":"//button[@data-kt=\"addButton\"]"}
RESULT: {"using":"xpath","value":"//button[@data-kt=\"addButton\"]"}
COMMAND: POST /session/6cb315df952d16724b4cad26491b612d/elements - {"using":"css selector","value":"#shell-header-logo"}
RESULT: {"using":"css selector","value":"#shell-header-logo"}
COMMAND: POST /session/6cb315df952d16724b4cad26491b612d/elements - {"using":"xpath","value":"//button[@data-kt=\"addButton\"]"}
RESULT: {"using":"xpath","value":"//button[@data-kt=\"addButton\"]"}
COMMAND: POST /session/6cb315df952d16724b4cad26491b612d/elements - {"using":"css selector","value":"#shell-header-logo"}
RESULT: {"using":"css selector","value":"#shell-header-logo"}
COMMAND: POST /session/6cb315df952d16724b4cad26491b612d/elements - {"using":"xpath","value":"//button[@data-kt=\"addButton\"]"}
RESULT: {"using":"xpath","value":"//button[@data-kt=\"addButton\"]"}
COMMAND: POST /session/6cb315df952d16724b4cad26491b612d/elements - {"using":"css selector","value":"#shell-header-logo"}
RESULT: {"using":"css selector","value":"#shell-header-logo"}
COMMAND: POST /session/6cb315df952d16724b4cad26491b612d/elements - {"using":"xpath","value":"//button[@data-kt=\"addButton\"]"}
RESULT: {"using":"xpath","value":"//button[@data-kt=\"addButton\"]"}
COMMAND: POST /session/6cb315df952d16724b4cad26491b612d/elements - {"using":"css selector","value":"#shell-header-logo"}
RESULT: {"using":"css selector","value":"#shell-header-logo"}
COMMAND: POST /session/6cb315df952d16724b4cad26491b612d/elements - {"using":"xpath","value":"//button[@data-kt=\"addButton\"]"}
RESULT: {"using":"xpath","value":"//button[@data-kt=\"addButton\"]"}
COMMAND: POST /session/6cb315df952d16724b4cad26491b612d/elements - {"using":"css selector","value":"#shell-header-logo"}
RESULT: {"using":"css selector","value":"#shell-header-logo"}
COMMAND: POST /session/6cb315df952d16724b4cad26491b612d/elements - {"using":"xpath","value":"//button[@data-kt=\"addButton\"]"}
RESULT: {"using":"xpath","value":"//button[@data-kt=\"addButton\"]"}
COMMAND: POST /session/6cb315df952d16724b4cad26491b612d/elements - {"using":"css selector","value":"#shell-header-logo"}
RESULT: {"using":"css selector","value":"#shell-header-logo"}
COMMAND: POST /session/6cb315df952d16724b4cad26491b612d/elements - {"using":"xpath","value":"//button[@data-kt=\"addButton\"]"}
RESULT: {"using":"xpath","value":"//button[@data-kt=\"addButton\"]"}
COMMAND: POST /session/6cb315df952d16724b4cad26491b612d/elements - {"using":"css selector","value":"#shell-header-logo"}
RESULT: {"using":"css selector","value":"#shell-header-logo"}
COMMAND: POST /session/6cb315df952d16724b4cad26491b612d/elements - {"using":"xpath","value":"//button[@data-kt=\"addButton\"]"}
RESULT: {"using":"xpath","value":"//button[@data-kt=\"addButton\"]"}
COMMAND: POST /session/6cb315df952d16724b4cad26491b612d/elements - {"using":"css selector","value":"#shell-header-logo"}
RESULT: {"using":"css selector","value":"#shell-header-logo"}
COMMAND: POST /session/6cb315df952d16724b4cad26491b612d/elements - {"using":"xpath","value":"//button[@data-kt=\"addButton\"]"}
RESULT: {"using":"xpath","value":"//button[@data-kt=\"addButton\"]"}
COMMAND: POST /session/6cb315df952d16724b4cad26491b612d/elements - {"using":"css selector","value":"#shell-header-logo"}
RESULT: {"using":"css selector","value":"#shell-header-logo"}
COMMAND: POST /session/6cb315df952d16724b4cad26491b612d/elements - {"using":"xpath","value":"//button[@data-kt=\"addButton\"]"}
RESULT: {"using":"xpath","value":"//button[@data-kt=\"addButton\"]"}
COMMAND: POST /session/6cb315df952d16724b4cad26491b612d/elements - {"using":"css selector","value":"#shell-header-logo"}
RESULT: {"using":"css selector","value":"#shell-header-logo"}
COMMAND: POST /session/6cb315df952d16724b4cad26491b612d/elements - {"using":"xpath","value":"//button[@data-kt=\"addButton\"]"}
RESULT: {"using":"xpath","value":"//button[@data-kt=\"addButton\"]"}
COMMAND: POST /session/6cb315df952d16724b4cad26491b612d/elements - {"using":"css selector","value":"#shell-header-logo"}
RESULT: {"using":"css selector","value":"#shell-header-logo"}
COMMAND: POST /session/6cb315df952d16724b4cad26491b612d/elements - {"using":"xpath","value":"//button[@data-kt=\"addButton\"]"}
RESULT: {"using":"xpath","value":"//button[@data-kt=\"addButton\"]"}
COMMAND: POST /session/6cb315df952d16724b4cad26491b612d/elements - {"using":"css selector","value":"#shell-header-logo"}
RESULT: {"using":"css selector","value":"#shell-header-logo"}
COMMAND: POST /session/6cb315df952d16724b4cad26491b612d/elements - {"using":"xpath","value":"//button[@data-kt=\"addButton\"]"}
RESULT: {"using":"xpath","value":"//button[@data-kt=\"addButton\"]"}
COMMAND: POST /session/6cb315df952d16724b4cad26491b612d/elements - {"using":"css selector","value":"#shell-header-logo"}
RESULT: {"using":"css selector","value":"#shell-header-logo"}
COMMAND: POST /session/6cb315df952d16724b4cad26491b612d/elements - {"using":"xpath","value":"//button[@data-kt=\"addButton\"]"}
RESULT: {"using":"xpath","value":"//button[@data-kt=\"addButton\"]"}
COMMAND: POST /session/6cb315df952d16724b4cad26491b612d/elements - {"using":"css selector","value":"#shell-header-logo"}
RESULT: {"using":"css selector","value":"#shell-header-logo"}
COMMAND: POST /session/6cb315df952d16724b4cad26491b612d/elements - {"using":"xpath","value":"//button[@data-kt=\"addButton\"]"}
RESULT: {"using":"xpath","value":"//button[@data-kt=\"addButton\"]"}
COMMAND: POST /session/6cb315df952d16724b4cad26491b612d/elements - {"using":"css selector","value":"#shell-header-logo"}
COMMAND: POST /session/6cb315df952d16724b4cad26491b612d/elements - {"using":"xpath","value":"//button[@data-kt=\"addButton\"]"}
RESULT: {"using":"css selector","value":"#shell-header-logo"}
RESULT: {"using":"xpath","value":"//button[@data-kt=\"addButton\"]"}
COMMAND: POST /session/6cb315df952d16724b4cad26491b612d/elements - {"using":"css selector","value":"#shell-header-logo"}
COMMAND: POST /session/6cb315df952d16724b4cad26491b612d/elements - {"using":"xpath","value":"//button[@data-kt=\"addButton\"]"}
RESULT: {"using":"css selector","value":"#shell-header-logo"}
RESULT: {"using":"xpath","value":"//button[@data-kt=\"addButton\"]"}
COMMAND: POST /session/6cb315df952d16724b4cad26491b612d/elements - {"using":"css selector","value":"#shell-header-logo"}
RESULT: {"using":"css selector","value":"#shell-header-logo"}
COMMAND: POST /session/6cb315df952d16724b4cad26491b612d/elements - {"using":"xpath","value":"//button[@data-kt=\"addButton\"]"}
RESULT: {"using":"xpath","value":"//button[@data-kt=\"addButton\"]"}
COMMAND: POST /session/6cb315df952d16724b4cad26491b612d/elements - {"using":"css selector","value":"#shell-header-logo"}
RESULT: {"using":"css selector","value":"#shell-header-logo"}
COMMAND: POST /session/6cb315df952d16724b4cad26491b612d/elements - {"using":"xpath","value":"//button[@data-kt=\"addButton\"]"}
RESULT: {"using":"xpath","value":"//button[@data-kt=\"addButton\"]"}
COMMAND: POST /session/6cb315df952d16724b4cad26491b612d/elements - {"using":"css selector","value":"#shell-header-logo"}
RESULT: {"using":"css selector","value":"#shell-header-logo"}
COMMAND: POST /session/6cb315df952d16724b4cad26491b612d/elements - {"using":"xpath","value":"//button[@data-kt=\"addButton\"]"}
RESULT: {"using":"xpath","value":"//button[@data-kt=\"addButton\"]"}
COMMAND: POST /session/6cb315df952d16724b4cad26491b612d/elements - {"using":"css selector","value":"#shell-header-logo"}
RESULT: {"using":"css selector","value":"#shell-header-logo"}
COMMAND: POST /session/6cb315df952d16724b4cad26491b612d/elements - {"using":"xpath","value":"//button[@data-kt=\"addButton\"]"}
RESULT: {"using":"xpath","value":"//button[@data-kt=\"addButton\"]"}
COMMAND: POST /session/6cb315df952d16724b4cad26491b612d/elements - {"using":"css selector","value":"#shell-header-logo"}
RESULT: {"using":"css selector","value":"#shell-header-logo"}
COMMAND: POST /session/6cb315df952d16724b4cad26491b612d/elements - {"using":"xpath","value":"//button[@data-kt=\"addButton\"]"}
RESULT: {"using":"xpath","value":"//button[@data-kt=\"addButton\"]"}
COMMAND: POST /session/6cb315df952d16724b4cad26491b612d/elements - {"using":"css selector","value":"#shell-header-logo"}
RESULT: {"using":"css selector","value":"#shell-header-logo"}
COMMAND: POST /session/6cb315df952d16724b4cad26491b612d/elements - {"using":"xpath","value":"//button[@data-kt=\"addButton\"]"}
RESULT: {"using":"xpath","value":"//button[@data-kt=\"addButton\"]"}
COMMAND: POST /session/6cb315df952d16724b4cad26491b612d/elements - {"using":"css selector","value":"#shell-header-logo"}
RESULT: {"using":"css selector","value":"#shell-header-logo"}
COMMAND: POST /session/6cb315df952d16724b4cad26491b612d/elements - {"using":"xpath","value":"//button[@data-kt=\"addButton\"]"}
RESULT: {"using":"xpath","value":"//button[@data-kt=\"addButton\"]"}
COMMAND: POST /session/6cb315df952d16724b4cad26491b612d/elements - {"using":"css selector","value":"#shell-header-logo"}
RESULT: {"using":"css selector","value":"#shell-header-logo"}
COMMAND: POST /session/6cb315df952d16724b4cad26491b612d/elements - {"using":"xpath","value":"//button[@data-kt=\"addButton\"]"}
RESULT: {"using":"xpath","value":"//button[@data-kt=\"addButton\"]"}
COMMAND: POST /session/6cb315df952d16724b4cad26491b612d/elements - {"using":"css selector","value":"#shell-header-logo"}
RESULT: {"using":"css selector","value":"#shell-header-logo"}
COMMAND: POST /session/6cb315df952d16724b4cad26491b612d/elements - {"using":"xpath","value":"//button[@data-kt=\"addButton\"]"}
RESULT: {"using":"xpath","value":"//button[@data-kt=\"addButton\"]"}
COMMAND: POST /session/6cb315df952d16724b4cad26491b612d/elements - {"using":"css selector","value":"#shell-header-logo"}
RESULT: {"using":"css selector","value":"#shell-header-logo"}
COMMAND: POST /session/6cb315df952d16724b4cad26491b612d/elements - {"using":"xpath","value":"//button[@data-kt=\"addButton\"]"}
RESULT: {"using":"xpath","value":"//button[@data-kt=\"addButton\"]"}
COMMAND: POST /session/6cb315df952d16724b4cad26491b612d/elements - {"using":"css selector","value":"#shell-header-logo"}
RESULT: {"using":"css selector","value":"#shell-header-logo"}
COMMAND: POST /session/6cb315df952d16724b4cad26491b612d/elements - {"using":"xpath","value":"//button[@data-kt=\"addButton\"]"}
RESULT: {"using":"xpath","value":"//button[@data-kt=\"addButton\"]"}
COMMAND: POST /session/6cb315df952d16724b4cad26491b612d/elements - {"using":"css selector","value":"#shell-header-logo"}
RESULT: {"using":"css selector","value":"#shell-header-logo"}
COMMAND: POST /session/6cb315df952d16724b4cad26491b612d/elements - {"using":"xpath","value":"//button[@data-kt=\"addButton\"]"}
RESULT: {"using":"xpath","value":"//button[@data-kt=\"addButton\"]"}
COMMAND: POST /session/6cb315df952d16724b4cad26491b612d/elements - {"using":"css selector","value":"#shell-header-logo"}
RESULT: {"using":"css selector","value":"#shell-header-logo"}
COMMAND: POST /session/6cb315df952d16724b4cad26491b612d/elements - {"using":"xpath","value":"//button[@data-kt=\"addButton\"]"}
RESULT: {"using":"xpath","value":"//button[@data-kt=\"addButton\"]"}
COMMAND: POST /session/6cb315df952d16724b4cad26491b612d/elements - {"using":"css selector","value":"#shell-header-logo"}
RESULT: {"using":"css selector","value":"#shell-header-logo"}
COMMAND: POST /session/6cb315df952d16724b4cad26491b612d/elements - {"using":"xpath","value":"//button[@data-kt=\"addButton\"]"}
RESULT: {"using":"xpath","value":"//button[@data-kt=\"addButton\"]"}
COMMAND: POST /session/6cb315df952d16724b4cad26491b612d/elements - {"using":"css selector","value":"#shell-header-logo"}
RESULT: {"using":"css selector","value":"#shell-header-logo"}
COMMAND: POST /session/6cb315df952d16724b4cad26491b612d/elements - {"using":"xpath","value":"//button[@data-kt=\"addButton\"]"}
RESULT: {"using":"xpath","value":"//button[@data-kt=\"addButton\"]"}
COMMAND: POST /session/6cb315df952d16724b4cad26491b612d/elements - {"using":"css selector","value":"#shell-header-logo"}
RESULT: {"using":"css selector","value":"#shell-header-logo"}
COMMAND: POST /session/6cb315df952d16724b4cad26491b612d/elements - {"using":"xpath","value":"//button[@data-kt=\"addButton\"]"}
RESULT: {"using":"xpath","value":"//button[@data-kt=\"addButton\"]"}
COMMAND: POST /session/6cb315df952d16724b4cad26491b612d/elements - {"using":"css selector","value":"#shell-header-logo"}
RESULT: {"using":"css selector","value":"#shell-header-logo"}
COMMAND: POST /session/6cb315df952d16724b4cad26491b612d/elements - {"using":"xpath","value":"//button[@data-kt=\"addButton\"]"}
RESULT: {"using":"xpath","value":"//button[@data-kt=\"addButton\"]"}
COMMAND: POST /session/6cb315df952d16724b4cad26491b612d/elements - {"using":"css selector","value":"#shell-header-logo"}
RESULT: {"using":"css selector","value":"#shell-header-logo"}
COMMAND: POST /session/6cb315df952d16724b4cad26491b612d/elements - {"using":"xpath","value":"//button[@data-kt=\"addButton\"]"}
RESULT: {"using":"xpath","value":"//button[@data-kt=\"addButton\"]"}
COMMAND: POST /session/6cb315df952d16724b4cad26491b612d/elements - {"using":"css selector","value":"#shell-header-logo"}
RESULT: {"using":"css selector","value":"#shell-header-logo"}
COMMAND: POST /session/6cb315df952d16724b4cad26491b612d/elements - {"using":"xpath","value":"//button[@data-kt=\"addButton\"]"}
RESULT: {"using":"xpath","value":"//button[@data-kt=\"addButton\"]"}
COMMAND: POST /session/6cb315df952d16724b4cad26491b612d/elements - {"using":"css selector","value":"#shell-header-logo"}
RESULT: {"using":"css selector","value":"#shell-header-logo"}
COMMAND: POST /session/6cb315df952d16724b4cad26491b612d/elements - {"using":"xpath","value":"//button[@data-kt=\"addButton\"]"}
RESULT: {"using":"xpath","value":"//button[@data-kt=\"addButton\"]"}
COMMAND: POST /session/6cb315df952d16724b4cad26491b612d/elements - {"using":"css selector","value":"#shell-header-logo"}
RESULT: {"using":"css selector","value":"#shell-header-logo"}
COMMAND: POST /session/6cb315df952d16724b4cad26491b612d/elements - {"using":"xpath","value":"//button[@data-kt=\"addButton\"]"}
RESULT: {"using":"xpath","value":"//button[@data-kt=\"addButton\"]"}
COMMAND: POST /session/6cb315df952d16724b4cad26491b612d/elements - {"using":"css selector","value":"#shell-header-logo"}
RESULT: {"using":"css selector","value":"#shell-header-logo"}
COMMAND: POST /session/6cb315df952d16724b4cad26491b612d/elements - {"using":"xpath","value":"//button[@data-kt=\"addButton\"]"}
RESULT: {"using":"xpath","value":"//button[@data-kt=\"addButton\"]"}
COMMAND: POST /session/6cb315df952d16724b4cad26491b612d/elements - {"using":"css selector","value":"#shell-header-logo"}
RESULT: {"using":"css selector","value":"#shell-header-logo"}
COMMAND: POST /session/6cb315df952d16724b4cad26491b612d/elements - {"using":"xpath","value":"//button[@data-kt=\"addButton\"]"}
RESULT: {"using":"xpath","value":"//button[@data-kt=\"addButton\"]"}
COMMAND: POST /session/6cb315df952d16724b4cad26491b612d/elements - {"using":"css selector","value":"#shell-header-logo"}
RESULT: {"using":"css selector","value":"#shell-header-logo"}
COMMAND: POST /session/6cb315df952d16724b4cad26491b612d/elements - {"using":"xpath","value":"//button[@data-kt=\"addButton\"]"}
RESULT: {"using":"xpath","value":"//button[@data-kt=\"addButton\"]"}
COMMAND: POST /session/6cb315df952d16724b4cad26491b612d/elements - {"using":"css selector","value":"#shell-header-logo"}
RESULT: {"using":"css selector","value":"#shell-header-logo"}
COMMAND: POST /session/6cb315df952d16724b4cad26491b612d/elements - {"using":"xpath","value":"//button[@data-kt=\"addButton\"]"}
RESULT: {"using":"xpath","value":"//button[@data-kt=\"addButton\"]"}
COMMAND: POST /session/6cb315df952d16724b4cad26491b612d/elements - {"using":"css selector","value":"#shell-header-logo"}
RESULT: {"using":"css selector","value":"#shell-header-logo"}
COMMAND: POST /session/6cb315df952d16724b4cad26491b612d/elements - {"using":"xpath","value":"//button[@data-kt=\"addButton\"]"}
RESULT: {"using":"xpath","value":"//button[@data-kt=\"addButton\"]"}
COMMAND: POST /session/6cb315df952d16724b4cad26491b612d/elements - {"using":"css selector","value":"#shell-header-logo"}
RESULT: {"using":"css selector","value":"#shell-header-logo"}
COMMAND: POST /session/6cb315df952d16724b4cad26491b612d/elements - {"using":"xpath","value":"//button[@data-kt=\"addButton\"]"}
RESULT: {"using":"xpath","value":"//button[@data-kt=\"addButton\"]"}
COMMAND: POST /session/6cb315df952d16724b4cad26491b612d/elements - {"using":"css selector","value":"#shell-header-logo"}
RESULT: {"using":"css selector","value":"#shell-header-logo"}
COMMAND: POST /session/6cb315df952d16724b4cad26491b612d/elements - {"using":"xpath","value":"//button[@data-kt=\"addButton\"]"}
RESULT: {"using":"xpath","value":"//button[@data-kt=\"addButton\"]"}
COMMAND: POST /session/6cb315df952d16724b4cad26491b612d/elements - {"using":"css selector","value":"#shell-header-logo"}
RESULT: {"using":"css selector","value":"#shell-header-logo"}
COMMAND: POST /session/6cb315df952d16724b4cad26491b612d/elements - {"using":"xpath","value":"//button[@data-kt=\"addButton\"]"}
RESULT: {"using":"xpath","value":"//button[@data-kt=\"addButton\"]"}
COMMAND: POST /session/6cb315df952d16724b4cad26491b612d/elements - {"using":"css selector","value":"#shell-header-logo"}
RESULT: {"using":"css selector","value":"#shell-header-logo"}
COMMAND: POST /session/6cb315df952d16724b4cad26491b612d/elements - {"using":"xpath","value":"//button[@data-kt=\"addButton\"]"}
RESULT: {"using":"xpath","value":"//button[@data-kt=\"addButton\"]"}
COMMAND: POST /session/6cb315df952d16724b4cad26491b612d/elements - {"using":"css selector","value":"#shell-header-logo"}
RESULT: {"using":"css selector","value":"#shell-header-logo"}
COMMAND: POST /session/6cb315df952d16724b4cad26491b612d/elements - {"using":"xpath","value":"//button[@data-kt=\"addButton\"]"}
RESULT: {"using":"xpath","value":"//button[@data-kt=\"addButton\"]"}
COMMAND: POST /session/6cb315df952d16724b4cad26491b612d/elements - {"using":"css selector","value":"#shell-header-logo"}
RESULT: {"using":"css selector","value":"#shell-header-logo"}
COMMAND: POST /session/6cb315df952d16724b4cad26491b612d/elements - {"using":"xpath","value":"//button[@data-kt=\"addButton\"]"}
RESULT: {"using":"xpath","value":"//button[@data-kt=\"addButton\"]"}
COMMAND: POST /session/6cb315df952d16724b4cad26491b612d/elements - {"using":"css selector","value":"#shell-header-logo"}
RESULT: {"using":"css selector","value":"#shell-header-logo"}
COMMAND: POST /session/6cb315df952d16724b4cad26491b612d/elements - {"using":"xpath","value":"//button[@data-kt=\"addButton\"]"}
RESULT: {"using":"xpath","value":"//button[@data-kt=\"addButton\"]"}
COMMAND: POST /session/6cb315df952d16724b4cad26491b612d/elements - {"using":"css selector","value":"#shell-header-logo"}
RESULT: {"using":"css selector","value":"#shell-header-logo"}
COMMAND: POST /session/6cb315df952d16724b4cad26491b612d/elements - {"using":"xpath","value":"//button[@data-kt=\"addButton\"]"}
RESULT: {"using":"xpath","value":"//button[@data-kt=\"addButton\"]"}
COMMAND: POST /session/6cb315df952d16724b4cad26491b612d/elements - {"using":"css selector","value":"#shell-header-logo"}
RESULT: {"using":"css selector","value":"#shell-header-logo"}
COMMAND: POST /session/6cb315df952d16724b4cad26491b612d/elements - {"using":"xpath","value":"//button[@data-kt=\"addButton\"]"}
RESULT: {"using":"xpath","value":"//button[@data-kt=\"addButton\"]"}
COMMAND: POST /session/6cb315df952d16724b4cad26491b612d/elements - {"using":"css selector","value":"#shell-header-logo"}
RESULT: {"using":"css selector","value":"#shell-header-logo"}
COMMAND: POST /session/6cb315df952d16724b4cad26491b612d/elements - {"using":"xpath","value":"//button[@data-kt=\"addButton\"]"}
RESULT: {"using":"xpath","value":"//button[@data-kt=\"addButton\"]"}
COMMAND: POST /session/6cb315df952d16724b4cad26491b612d/elements - {"using":"css selector","value":"#shell-header-logo"}
RESULT: {"using":"css selector","value":"#shell-header-logo"}
COMMAND: POST /session/6cb315df952d16724b4cad26491b612d/elements - {"using":"xpath","value":"//button[@data-kt=\"addButton\"]"}
RESULT: {"using":"xpath","value":"//button[@data-kt=\"addButton\"]"}
COMMAND: POST /session/6cb315df952d16724b4cad26491b612d/elements - {"using":"css selector","value":"#shell-header-logo"}
RESULT: {"using":"css selector","value":"#shell-header-logo"}
COMMAND: POST /session/6cb315df952d16724b4cad26491b612d/elements - {"using":"xpath","value":"//button[@data-kt=\"addButton\"]"}
RESULT: {"using":"xpath","value":"//button[@data-kt=\"addButton\"]"}
COMMAND: POST /session/6cb315df952d16724b4cad26491b612d/elements - {"using":"css selector","value":"#shell-header-logo"}
RESULT: {"using":"css selector","value":"#shell-header-logo"}
COMMAND: POST /session/6cb315df952d16724b4cad26491b612d/elements - {"using":"xpath","value":"//button[@data-kt=\"addButton\"]"}
RESULT: {"using":"xpath","value":"//button[@data-kt=\"addButton\"]"}
COMMAND: POST /session/6cb315df952d16724b4cad26491b612d/elements - {"using":"css selector","value":"#shell-header-logo"}
RESULT: {"using":"css selector","value":"#shell-header-logo"}
COMMAND: POST /session/6cb315df952d16724b4cad26491b612d/elements - {"using":"xpath","value":"//button[@data-kt=\"addButton\"]"}
RESULT: {"using":"xpath","value":"//button[@data-kt=\"addButton\"]"}
COMMAND: POST /session/6cb315df952d16724b4cad26491b612d/elements - {"using":"css selector","value":"#shell-header-logo"}
RESULT: {"using":"css selector","value":"#shell-header-logo"}
COMMAND: GET /session/6cb315df952d16724b4cad26491b612d/screenshot - {}
RESULT: {}
]]></system-out>
      <system-err><![CDATA[
Error: element ("//button[@data-kt="addButton"]") still not existing after 45000ms
    at async Context.<anonymous> (D:\a\1\s\test\specs\BTS\manage-partners.spec.js:701:9)
]]></system-err>
    </testcase>
    <testcase classname="chrome.136_0_7103_49.windows.Partner_specific_tests_US150819_US151080_US151654_US151176_US103444_US151078_US151079_US151109_US151174_US151175_US151189" name="Should try to save empty partner US151174" time="55.235">
      <skipped />
      <system-out><![CDATA[
COMMAND: POST /session/6cb315df952d16724b4cad26491b612d/element - {"using":"xpath","value":"//li[.//span[text()=\"Manage Partners\"]]"}
RESULT: {"using":"xpath","value":"//li[.//span[text()=\"Manage Partners\"]]"}
COMMAND: POST /session/6cb315df952d16724b4cad26491b612d/element - {"using":"xpath","value":"//li[.//span[text()=\"Manage Partners\"]]"}
RESULT: {"using":"xpath","value":"//li[.//span[text()=\"Manage Partners\"]]"}
COMMAND: POST /session/6cb315df952d16724b4cad26491b612d/element - {"using":"css selector","value":"#shell-header-logo"}
RESULT: {"using":"css selector","value":"#shell-header-logo"}
COMMAND: POST /session/6cb315df952d16724b4cad26491b612d/elements - {"using":"css selector","value":"#shell-header-logo"}
COMMAND: POST /session/6cb315df952d16724b4cad26491b612d/element - {"using":"css selector","value":"#shell-header-logo"}
RESULT: {"using":"css selector","value":"#shell-header-logo"}
RESULT: {"using":"css selector","value":"#shell-header-logo"}
COMMAND: POST /session/6cb315df952d16724b4cad26491b612d/elements - {"using":"css selector","value":"#shell-header-logo"}
RESULT: {"using":"css selector","value":"#shell-header-logo"}
COMMAND: POST /session/6cb315df952d16724b4cad26491b612d/elements - {"using":"css selector","value":"#shell-header-logo"}
RESULT: {"using":"css selector","value":"#shell-header-logo"}
COMMAND: POST /session/6cb315df952d16724b4cad26491b612d/elements - {"using":"css selector","value":"#shell-header-logo"}
RESULT: {"using":"css selector","value":"#shell-header-logo"}
COMMAND: POST /session/6cb315df952d16724b4cad26491b612d/elements - {"using":"css selector","value":"#shell-header-logo"}
RESULT: {"using":"css selector","value":"#shell-header-logo"}
COMMAND: POST /session/6cb315df952d16724b4cad26491b612d/elements - {"using":"css selector","value":"#shell-header-logo"}
RESULT: {"using":"css selector","value":"#shell-header-logo"}
COMMAND: POST /session/6cb315df952d16724b4cad26491b612d/elements - {"using":"css selector","value":"#shell-header-logo"}
RESULT: {"using":"css selector","value":"#shell-header-logo"}
COMMAND: POST /session/6cb315df952d16724b4cad26491b612d/elements - {"using":"css selector","value":"#shell-header-logo"}
RESULT: {"using":"css selector","value":"#shell-header-logo"}
COMMAND: POST /session/6cb315df952d16724b4cad26491b612d/elements - {"using":"css selector","value":"#shell-header-logo"}
RESULT: {"using":"css selector","value":"#shell-header-logo"}
COMMAND: POST /session/6cb315df952d16724b4cad26491b612d/elements - {"using":"css selector","value":"#shell-header-logo"}
RESULT: {"using":"css selector","value":"#shell-header-logo"}
COMMAND: POST /session/6cb315df952d16724b4cad26491b612d/elements - {"using":"css selector","value":"#shell-header-logo"}
RESULT: {"using":"css selector","value":"#shell-header-logo"}
COMMAND: POST /session/6cb315df952d16724b4cad26491b612d/elements - {"using":"css selector","value":"#shell-header-logo"}
RESULT: {"using":"css selector","value":"#shell-header-logo"}
COMMAND: POST /session/6cb315df952d16724b4cad26491b612d/elements - {"using":"css selector","value":"#shell-header-logo"}
RESULT: {"using":"css selector","value":"#shell-header-logo"}
COMMAND: POST /session/6cb315df952d16724b4cad26491b612d/elements - {"using":"css selector","value":"#shell-header-logo"}
RESULT: {"using":"css selector","value":"#shell-header-logo"}
COMMAND: POST /session/6cb315df952d16724b4cad26491b612d/elements - {"using":"css selector","value":"#shell-header-logo"}
RESULT: {"using":"css selector","value":"#shell-header-logo"}
COMMAND: POST /session/6cb315df952d16724b4cad26491b612d/elements - {"using":"css selector","value":"#shell-header-logo"}
RESULT: {"using":"css selector","value":"#shell-header-logo"}
COMMAND: POST /session/6cb315df952d16724b4cad26491b612d/elements - {"using":"css selector","value":"#shell-header-logo"}
RESULT: {"using":"css selector","value":"#shell-header-logo"}
COMMAND: POST /session/6cb315df952d16724b4cad26491b612d/elements - {"using":"css selector","value":"#shell-header-logo"}
RESULT: {"using":"css selector","value":"#shell-header-logo"}
COMMAND: POST /session/6cb315df952d16724b4cad26491b612d/elements - {"using":"css selector","value":"#shell-header-logo"}
RESULT: {"using":"css selector","value":"#shell-header-logo"}
COMMAND: POST /session/6cb315df952d16724b4cad26491b612d/elements - {"using":"css selector","value":"#shell-header-logo"}
RESULT: {"using":"css selector","value":"#shell-header-logo"}
COMMAND: POST /session/6cb315df952d16724b4cad26491b612d/elements - {"using":"css selector","value":"#shell-header-logo"}
RESULT: {"using":"css selector","value":"#shell-header-logo"}
COMMAND: POST /session/6cb315df952d16724b4cad26491b612d/elements - {"using":"css selector","value":"#shell-header-logo"}
RESULT: {"using":"css selector","value":"#shell-header-logo"}
COMMAND: POST /session/6cb315df952d16724b4cad26491b612d/elements - {"using":"css selector","value":"#shell-header-logo"}
RESULT: {"using":"css selector","value":"#shell-header-logo"}
COMMAND: POST /session/6cb315df952d16724b4cad26491b612d/elements - {"using":"css selector","value":"#shell-header-logo"}
RESULT: {"using":"css selector","value":"#shell-header-logo"}
COMMAND: POST /session/6cb315df952d16724b4cad26491b612d/elements - {"using":"css selector","value":"#shell-header-logo"}
RESULT: {"using":"css selector","value":"#shell-header-logo"}
COMMAND: POST /session/6cb315df952d16724b4cad26491b612d/elements - {"using":"css selector","value":"#shell-header-logo"}
RESULT: {"using":"css selector","value":"#shell-header-logo"}
COMMAND: POST /session/6cb315df952d16724b4cad26491b612d/elements - {"using":"css selector","value":"#shell-header-logo"}
RESULT: {"using":"css selector","value":"#shell-header-logo"}
COMMAND: POST /session/6cb315df952d16724b4cad26491b612d/elements - {"using":"css selector","value":"#shell-header-logo"}
RESULT: {"using":"css selector","value":"#shell-header-logo"}
COMMAND: POST /session/6cb315df952d16724b4cad26491b612d/elements - {"using":"css selector","value":"#shell-header-logo"}
RESULT: {"using":"css selector","value":"#shell-header-logo"}
RESULT: undefined
COMMAND: POST /session/6cb315df952d16724b4cad26491b612d/element - {"using":"xpath","value":"//button[@data-kt=\"addButton\"]"}
COMMAND: POST /session/6cb315df952d16724b4cad26491b612d/elements - {"using":"css selector","value":"#shell-header-logo"}
RESULT: {"using":"xpath","value":"//button[@data-kt=\"addButton\"]"}
COMMAND: POST /session/6cb315df952d16724b4cad26491b612d/elements - {"using":"xpath","value":"//button[@data-kt=\"addButton\"]"}
RESULT: {"using":"css selector","value":"#shell-header-logo"}
RESULT: {"using":"xpath","value":"//button[@data-kt=\"addButton\"]"}
COMMAND: POST /session/6cb315df952d16724b4cad26491b612d/elements - {"using":"css selector","value":"#shell-header-logo"}
RESULT: {"using":"css selector","value":"#shell-header-logo"}
COMMAND: POST /session/6cb315df952d16724b4cad26491b612d/elements - {"using":"xpath","value":"//button[@data-kt=\"addButton\"]"}
RESULT: {"using":"xpath","value":"//button[@data-kt=\"addButton\"]"}
COMMAND: POST /session/6cb315df952d16724b4cad26491b612d/elements - {"using":"css selector","value":"#shell-header-logo"}
COMMAND: POST /session/6cb315df952d16724b4cad26491b612d/elements - {"using":"xpath","value":"//button[@data-kt=\"addButton\"]"}
RESULT: {"using":"css selector","value":"#shell-header-logo"}
RESULT: {"using":"xpath","value":"//button[@data-kt=\"addButton\"]"}
COMMAND: POST /session/6cb315df952d16724b4cad26491b612d/elements - {"using":"css selector","value":"#shell-header-logo"}
RESULT: {"using":"css selector","value":"#shell-header-logo"}
COMMAND: POST /session/6cb315df952d16724b4cad26491b612d/elements - {"using":"xpath","value":"//button[@data-kt=\"addButton\"]"}
RESULT: {"using":"xpath","value":"//button[@data-kt=\"addButton\"]"}
COMMAND: POST /session/6cb315df952d16724b4cad26491b612d/elements - {"using":"css selector","value":"#shell-header-logo"}
RESULT: {"using":"css selector","value":"#shell-header-logo"}
COMMAND: POST /session/6cb315df952d16724b4cad26491b612d/elements - {"using":"xpath","value":"//button[@data-kt=\"addButton\"]"}
RESULT: {"using":"xpath","value":"//button[@data-kt=\"addButton\"]"}
COMMAND: POST /session/6cb315df952d16724b4cad26491b612d/elements - {"using":"css selector","value":"#shell-header-logo"}
RESULT: {"using":"css selector","value":"#shell-header-logo"}
COMMAND: POST /session/6cb315df952d16724b4cad26491b612d/elements - {"using":"xpath","value":"//button[@data-kt=\"addButton\"]"}
RESULT: {"using":"xpath","value":"//button[@data-kt=\"addButton\"]"}
COMMAND: POST /session/6cb315df952d16724b4cad26491b612d/elements - {"using":"css selector","value":"#shell-header-logo"}
RESULT: {"using":"css selector","value":"#shell-header-logo"}
COMMAND: POST /session/6cb315df952d16724b4cad26491b612d/elements - {"using":"xpath","value":"//button[@data-kt=\"addButton\"]"}
RESULT: {"using":"xpath","value":"//button[@data-kt=\"addButton\"]"}
COMMAND: POST /session/6cb315df952d16724b4cad26491b612d/elements - {"using":"css selector","value":"#shell-header-logo"}
RESULT: {"using":"css selector","value":"#shell-header-logo"}
COMMAND: POST /session/6cb315df952d16724b4cad26491b612d/elements - {"using":"xpath","value":"//button[@data-kt=\"addButton\"]"}
RESULT: {"using":"xpath","value":"//button[@data-kt=\"addButton\"]"}
COMMAND: POST /session/6cb315df952d16724b4cad26491b612d/elements - {"using":"css selector","value":"#shell-header-logo"}
RESULT: {"using":"css selector","value":"#shell-header-logo"}
COMMAND: POST /session/6cb315df952d16724b4cad26491b612d/elements - {"using":"xpath","value":"//button[@data-kt=\"addButton\"]"}
RESULT: {"using":"xpath","value":"//button[@data-kt=\"addButton\"]"}
COMMAND: POST /session/6cb315df952d16724b4cad26491b612d/elements - {"using":"css selector","value":"#shell-header-logo"}
RESULT: {"using":"css selector","value":"#shell-header-logo"}
COMMAND: POST /session/6cb315df952d16724b4cad26491b612d/elements - {"using":"xpath","value":"//button[@data-kt=\"addButton\"]"}
RESULT: {"using":"xpath","value":"//button[@data-kt=\"addButton\"]"}
COMMAND: POST /session/6cb315df952d16724b4cad26491b612d/elements - {"using":"css selector","value":"#shell-header-logo"}
RESULT: {"using":"css selector","value":"#shell-header-logo"}
COMMAND: POST /session/6cb315df952d16724b4cad26491b612d/elements - {"using":"xpath","value":"//button[@data-kt=\"addButton\"]"}
RESULT: {"using":"xpath","value":"//button[@data-kt=\"addButton\"]"}
COMMAND: POST /session/6cb315df952d16724b4cad26491b612d/elements - {"using":"css selector","value":"#shell-header-logo"}
RESULT: {"using":"css selector","value":"#shell-header-logo"}
COMMAND: POST /session/6cb315df952d16724b4cad26491b612d/elements - {"using":"xpath","value":"//button[@data-kt=\"addButton\"]"}
RESULT: {"using":"xpath","value":"//button[@data-kt=\"addButton\"]"}
COMMAND: POST /session/6cb315df952d16724b4cad26491b612d/elements - {"using":"css selector","value":"#shell-header-logo"}
RESULT: {"using":"css selector","value":"#shell-header-logo"}
COMMAND: POST /session/6cb315df952d16724b4cad26491b612d/elements - {"using":"xpath","value":"//button[@data-kt=\"addButton\"]"}
RESULT: {"using":"xpath","value":"//button[@data-kt=\"addButton\"]"}
COMMAND: POST /session/6cb315df952d16724b4cad26491b612d/elements - {"using":"css selector","value":"#shell-header-logo"}
RESULT: {"using":"css selector","value":"#shell-header-logo"}
COMMAND: POST /session/6cb315df952d16724b4cad26491b612d/elements - {"using":"xpath","value":"//button[@data-kt=\"addButton\"]"}
RESULT: {"using":"xpath","value":"//button[@data-kt=\"addButton\"]"}
COMMAND: POST /session/6cb315df952d16724b4cad26491b612d/elements - {"using":"css selector","value":"#shell-header-logo"}
RESULT: {"using":"css selector","value":"#shell-header-logo"}
COMMAND: POST /session/6cb315df952d16724b4cad26491b612d/elements - {"using":"xpath","value":"//button[@data-kt=\"addButton\"]"}
RESULT: {"using":"xpath","value":"//button[@data-kt=\"addButton\"]"}
COMMAND: POST /session/6cb315df952d16724b4cad26491b612d/elements - {"using":"css selector","value":"#shell-header-logo"}
RESULT: {"using":"css selector","value":"#shell-header-logo"}
COMMAND: POST /session/6cb315df952d16724b4cad26491b612d/elements - {"using":"xpath","value":"//button[@data-kt=\"addButton\"]"}
RESULT: {"using":"xpath","value":"//button[@data-kt=\"addButton\"]"}
COMMAND: POST /session/6cb315df952d16724b4cad26491b612d/elements - {"using":"css selector","value":"#shell-header-logo"}
RESULT: {"using":"css selector","value":"#shell-header-logo"}
COMMAND: POST /session/6cb315df952d16724b4cad26491b612d/elements - {"using":"xpath","value":"//button[@data-kt=\"addButton\"]"}
RESULT: {"using":"xpath","value":"//button[@data-kt=\"addButton\"]"}
COMMAND: POST /session/6cb315df952d16724b4cad26491b612d/elements - {"using":"css selector","value":"#shell-header-logo"}
RESULT: {"using":"css selector","value":"#shell-header-logo"}
COMMAND: POST /session/6cb315df952d16724b4cad26491b612d/elements - {"using":"xpath","value":"//button[@data-kt=\"addButton\"]"}
RESULT: {"using":"xpath","value":"//button[@data-kt=\"addButton\"]"}
COMMAND: POST /session/6cb315df952d16724b4cad26491b612d/elements - {"using":"css selector","value":"#shell-header-logo"}
RESULT: {"using":"css selector","value":"#shell-header-logo"}
COMMAND: POST /session/6cb315df952d16724b4cad26491b612d/elements - {"using":"xpath","value":"//button[@data-kt=\"addButton\"]"}
RESULT: {"using":"xpath","value":"//button[@data-kt=\"addButton\"]"}
COMMAND: POST /session/6cb315df952d16724b4cad26491b612d/elements - {"using":"css selector","value":"#shell-header-logo"}
RESULT: {"using":"css selector","value":"#shell-header-logo"}
COMMAND: POST /session/6cb315df952d16724b4cad26491b612d/elements - {"using":"xpath","value":"//button[@data-kt=\"addButton\"]"}
RESULT: {"using":"xpath","value":"//button[@data-kt=\"addButton\"]"}
COMMAND: POST /session/6cb315df952d16724b4cad26491b612d/elements - {"using":"css selector","value":"#shell-header-logo"}
RESULT: {"using":"css selector","value":"#shell-header-logo"}
COMMAND: POST /session/6cb315df952d16724b4cad26491b612d/elements - {"using":"xpath","value":"//button[@data-kt=\"addButton\"]"}
RESULT: {"using":"xpath","value":"//button[@data-kt=\"addButton\"]"}
COMMAND: POST /session/6cb315df952d16724b4cad26491b612d/elements - {"using":"css selector","value":"#shell-header-logo"}
COMMAND: POST /session/6cb315df952d16724b4cad26491b612d/elements - {"using":"xpath","value":"//button[@data-kt=\"addButton\"]"}
RESULT: {"using":"css selector","value":"#shell-header-logo"}
RESULT: {"using":"xpath","value":"//button[@data-kt=\"addButton\"]"}
COMMAND: POST /session/6cb315df952d16724b4cad26491b612d/elements - {"using":"css selector","value":"#shell-header-logo"}
RESULT: {"using":"css selector","value":"#shell-header-logo"}
COMMAND: POST /session/6cb315df952d16724b4cad26491b612d/elements - {"using":"xpath","value":"//button[@data-kt=\"addButton\"]"}
RESULT: {"using":"xpath","value":"//button[@data-kt=\"addButton\"]"}
COMMAND: POST /session/6cb315df952d16724b4cad26491b612d/elements - {"using":"css selector","value":"#shell-header-logo"}
RESULT: {"using":"css selector","value":"#shell-header-logo"}
COMMAND: POST /session/6cb315df952d16724b4cad26491b612d/elements - {"using":"xpath","value":"//button[@data-kt=\"addButton\"]"}
RESULT: {"using":"xpath","value":"//button[@data-kt=\"addButton\"]"}
COMMAND: POST /session/6cb315df952d16724b4cad26491b612d/elements - {"using":"css selector","value":"#shell-header-logo"}
RESULT: {"using":"css selector","value":"#shell-header-logo"}
COMMAND: POST /session/6cb315df952d16724b4cad26491b612d/elements - {"using":"xpath","value":"//button[@data-kt=\"addButton\"]"}
RESULT: {"using":"xpath","value":"//button[@data-kt=\"addButton\"]"}
COMMAND: POST /session/6cb315df952d16724b4cad26491b612d/elements - {"using":"css selector","value":"#shell-header-logo"}
COMMAND: POST /session/6cb315df952d16724b4cad26491b612d/elements - {"using":"xpath","value":"//button[@data-kt=\"addButton\"]"}
RESULT: {"using":"css selector","value":"#shell-header-logo"}
RESULT: {"using":"xpath","value":"//button[@data-kt=\"addButton\"]"}
COMMAND: POST /session/6cb315df952d16724b4cad26491b612d/elements - {"using":"css selector","value":"#shell-header-logo"}
COMMAND: POST /session/6cb315df952d16724b4cad26491b612d/elements - {"using":"xpath","value":"//button[@data-kt=\"addButton\"]"}
RESULT: {"using":"css selector","value":"#shell-header-logo"}
RESULT: {"using":"xpath","value":"//button[@data-kt=\"addButton\"]"}
COMMAND: POST /session/6cb315df952d16724b4cad26491b612d/elements - {"using":"css selector","value":"#shell-header-logo"}
RESULT: {"using":"css selector","value":"#shell-header-logo"}
COMMAND: POST /session/6cb315df952d16724b4cad26491b612d/elements - {"using":"xpath","value":"//button[@data-kt=\"addButton\"]"}
RESULT: {"using":"xpath","value":"//button[@data-kt=\"addButton\"]"}
COMMAND: POST /session/6cb315df952d16724b4cad26491b612d/elements - {"using":"css selector","value":"#shell-header-logo"}
RESULT: {"using":"css selector","value":"#shell-header-logo"}
COMMAND: POST /session/6cb315df952d16724b4cad26491b612d/elements - {"using":"xpath","value":"//button[@data-kt=\"addButton\"]"}
RESULT: {"using":"xpath","value":"//button[@data-kt=\"addButton\"]"}
COMMAND: POST /session/6cb315df952d16724b4cad26491b612d/elements - {"using":"css selector","value":"#shell-header-logo"}
RESULT: {"using":"css selector","value":"#shell-header-logo"}
COMMAND: POST /session/6cb315df952d16724b4cad26491b612d/elements - {"using":"xpath","value":"//button[@data-kt=\"addButton\"]"}
RESULT: {"using":"xpath","value":"//button[@data-kt=\"addButton\"]"}
COMMAND: POST /session/6cb315df952d16724b4cad26491b612d/elements - {"using":"css selector","value":"#shell-header-logo"}
COMMAND: POST /session/6cb315df952d16724b4cad26491b612d/elements - {"using":"xpath","value":"//button[@data-kt=\"addButton\"]"}
RESULT: {"using":"css selector","value":"#shell-header-logo"}
RESULT: {"using":"xpath","value":"//button[@data-kt=\"addButton\"]"}
COMMAND: POST /session/6cb315df952d16724b4cad26491b612d/elements - {"using":"css selector","value":"#shell-header-logo"}
RESULT: {"using":"css selector","value":"#shell-header-logo"}
COMMAND: POST /session/6cb315df952d16724b4cad26491b612d/elements - {"using":"xpath","value":"//button[@data-kt=\"addButton\"]"}
RESULT: {"using":"xpath","value":"//button[@data-kt=\"addButton\"]"}
COMMAND: POST /session/6cb315df952d16724b4cad26491b612d/elements - {"using":"css selector","value":"#shell-header-logo"}
RESULT: {"using":"css selector","value":"#shell-header-logo"}
COMMAND: POST /session/6cb315df952d16724b4cad26491b612d/elements - {"using":"xpath","value":"//button[@data-kt=\"addButton\"]"}
RESULT: {"using":"xpath","value":"//button[@data-kt=\"addButton\"]"}
COMMAND: POST /session/6cb315df952d16724b4cad26491b612d/elements - {"using":"css selector","value":"#shell-header-logo"}
RESULT: {"using":"css selector","value":"#shell-header-logo"}
COMMAND: POST /session/6cb315df952d16724b4cad26491b612d/elements - {"using":"xpath","value":"//button[@data-kt=\"addButton\"]"}
RESULT: {"using":"xpath","value":"//button[@data-kt=\"addButton\"]"}
COMMAND: POST /session/6cb315df952d16724b4cad26491b612d/elements - {"using":"css selector","value":"#shell-header-logo"}
RESULT: {"using":"css selector","value":"#shell-header-logo"}
COMMAND: POST /session/6cb315df952d16724b4cad26491b612d/elements - {"using":"xpath","value":"//button[@data-kt=\"addButton\"]"}
RESULT: {"using":"xpath","value":"//button[@data-kt=\"addButton\"]"}
COMMAND: POST /session/6cb315df952d16724b4cad26491b612d/elements - {"using":"css selector","value":"#shell-header-logo"}
RESULT: {"using":"css selector","value":"#shell-header-logo"}
COMMAND: POST /session/6cb315df952d16724b4cad26491b612d/elements - {"using":"xpath","value":"//button[@data-kt=\"addButton\"]"}
RESULT: {"using":"xpath","value":"//button[@data-kt=\"addButton\"]"}
COMMAND: POST /session/6cb315df952d16724b4cad26491b612d/elements - {"using":"css selector","value":"#shell-header-logo"}
RESULT: {"using":"css selector","value":"#shell-header-logo"}
COMMAND: POST /session/6cb315df952d16724b4cad26491b612d/elements - {"using":"xpath","value":"//button[@data-kt=\"addButton\"]"}
RESULT: {"using":"xpath","value":"//button[@data-kt=\"addButton\"]"}
COMMAND: POST /session/6cb315df952d16724b4cad26491b612d/elements - {"using":"css selector","value":"#shell-header-logo"}
RESULT: {"using":"css selector","value":"#shell-header-logo"}
COMMAND: POST /session/6cb315df952d16724b4cad26491b612d/elements - {"using":"xpath","value":"//button[@data-kt=\"addButton\"]"}
RESULT: {"using":"xpath","value":"//button[@data-kt=\"addButton\"]"}
COMMAND: POST /session/6cb315df952d16724b4cad26491b612d/elements - {"using":"css selector","value":"#shell-header-logo"}
COMMAND: POST /session/6cb315df952d16724b4cad26491b612d/elements - {"using":"xpath","value":"//button[@data-kt=\"addButton\"]"}
RESULT: {"using":"css selector","value":"#shell-header-logo"}
RESULT: {"using":"xpath","value":"//button[@data-kt=\"addButton\"]"}
COMMAND: POST /session/6cb315df952d16724b4cad26491b612d/elements - {"using":"css selector","value":"#shell-header-logo"}
COMMAND: POST /session/6cb315df952d16724b4cad26491b612d/elements - {"using":"xpath","value":"//button[@data-kt=\"addButton\"]"}
RESULT: {"using":"css selector","value":"#shell-header-logo"}
RESULT: {"using":"xpath","value":"//button[@data-kt=\"addButton\"]"}
COMMAND: POST /session/6cb315df952d16724b4cad26491b612d/elements - {"using":"css selector","value":"#shell-header-logo"}
RESULT: {"using":"css selector","value":"#shell-header-logo"}
COMMAND: POST /session/6cb315df952d16724b4cad26491b612d/elements - {"using":"xpath","value":"//button[@data-kt=\"addButton\"]"}
RESULT: {"using":"xpath","value":"//button[@data-kt=\"addButton\"]"}
COMMAND: POST /session/6cb315df952d16724b4cad26491b612d/elements - {"using":"css selector","value":"#shell-header-logo"}
COMMAND: POST /session/6cb315df952d16724b4cad26491b612d/elements - {"using":"xpath","value":"//button[@data-kt=\"addButton\"]"}
RESULT: {"using":"css selector","value":"#shell-header-logo"}
RESULT: {"using":"xpath","value":"//button[@data-kt=\"addButton\"]"}
COMMAND: POST /session/6cb315df952d16724b4cad26491b612d/elements - {"using":"css selector","value":"#shell-header-logo"}
COMMAND: POST /session/6cb315df952d16724b4cad26491b612d/elements - {"using":"xpath","value":"//button[@data-kt=\"addButton\"]"}
RESULT: {"using":"css selector","value":"#shell-header-logo"}
RESULT: {"using":"xpath","value":"//button[@data-kt=\"addButton\"]"}
COMMAND: POST /session/6cb315df952d16724b4cad26491b612d/elements - {"using":"css selector","value":"#shell-header-logo"}
RESULT: {"using":"css selector","value":"#shell-header-logo"}
COMMAND: POST /session/6cb315df952d16724b4cad26491b612d/elements - {"using":"xpath","value":"//button[@data-kt=\"addButton\"]"}
RESULT: {"using":"xpath","value":"//button[@data-kt=\"addButton\"]"}
COMMAND: POST /session/6cb315df952d16724b4cad26491b612d/elements - {"using":"css selector","value":"#shell-header-logo"}
RESULT: {"using":"css selector","value":"#shell-header-logo"}
COMMAND: POST /session/6cb315df952d16724b4cad26491b612d/elements - {"using":"xpath","value":"//button[@data-kt=\"addButton\"]"}
RESULT: {"using":"xpath","value":"//button[@data-kt=\"addButton\"]"}
COMMAND: POST /session/6cb315df952d16724b4cad26491b612d/elements - {"using":"css selector","value":"#shell-header-logo"}
RESULT: {"using":"css selector","value":"#shell-header-logo"}
COMMAND: POST /session/6cb315df952d16724b4cad26491b612d/elements - {"using":"xpath","value":"//button[@data-kt=\"addButton\"]"}
RESULT: {"using":"xpath","value":"//button[@data-kt=\"addButton\"]"}
COMMAND: POST /session/6cb315df952d16724b4cad26491b612d/elements - {"using":"css selector","value":"#shell-header-logo"}
COMMAND: POST /session/6cb315df952d16724b4cad26491b612d/elements - {"using":"xpath","value":"//button[@data-kt=\"addButton\"]"}
RESULT: {"using":"css selector","value":"#shell-header-logo"}
RESULT: {"using":"xpath","value":"//button[@data-kt=\"addButton\"]"}
COMMAND: POST /session/6cb315df952d16724b4cad26491b612d/elements - {"using":"css selector","value":"#shell-header-logo"}
RESULT: {"using":"css selector","value":"#shell-header-logo"}
COMMAND: POST /session/6cb315df952d16724b4cad26491b612d/elements - {"using":"xpath","value":"//button[@data-kt=\"addButton\"]"}
RESULT: {"using":"xpath","value":"//button[@data-kt=\"addButton\"]"}
COMMAND: POST /session/6cb315df952d16724b4cad26491b612d/elements - {"using":"css selector","value":"#shell-header-logo"}
RESULT: {"using":"css selector","value":"#shell-header-logo"}
COMMAND: POST /session/6cb315df952d16724b4cad26491b612d/elements - {"using":"xpath","value":"//button[@data-kt=\"addButton\"]"}
RESULT: {"using":"xpath","value":"//button[@data-kt=\"addButton\"]"}
COMMAND: POST /session/6cb315df952d16724b4cad26491b612d/elements - {"using":"css selector","value":"#shell-header-logo"}
COMMAND: POST /session/6cb315df952d16724b4cad26491b612d/elements - {"using":"xpath","value":"//button[@data-kt=\"addButton\"]"}
RESULT: {"using":"css selector","value":"#shell-header-logo"}
RESULT: {"using":"xpath","value":"//button[@data-kt=\"addButton\"]"}
COMMAND: POST /session/6cb315df952d16724b4cad26491b612d/elements - {"using":"css selector","value":"#shell-header-logo"}
RESULT: {"using":"css selector","value":"#shell-header-logo"}
COMMAND: POST /session/6cb315df952d16724b4cad26491b612d/elements - {"using":"xpath","value":"//button[@data-kt=\"addButton\"]"}
RESULT: {"using":"xpath","value":"//button[@data-kt=\"addButton\"]"}
COMMAND: POST /session/6cb315df952d16724b4cad26491b612d/elements - {"using":"css selector","value":"#shell-header-logo"}
RESULT: {"using":"css selector","value":"#shell-header-logo"}
COMMAND: POST /session/6cb315df952d16724b4cad26491b612d/elements - {"using":"xpath","value":"//button[@data-kt=\"addButton\"]"}
RESULT: {"using":"xpath","value":"//button[@data-kt=\"addButton\"]"}
COMMAND: POST /session/6cb315df952d16724b4cad26491b612d/elements - {"using":"css selector","value":"#shell-header-logo"}
RESULT: {"using":"css selector","value":"#shell-header-logo"}
COMMAND: POST /session/6cb315df952d16724b4cad26491b612d/elements - {"using":"xpath","value":"//button[@data-kt=\"addButton\"]"}
RESULT: {"using":"xpath","value":"//button[@data-kt=\"addButton\"]"}
COMMAND: POST /session/6cb315df952d16724b4cad26491b612d/elements - {"using":"css selector","value":"#shell-header-logo"}
RESULT: {"using":"css selector","value":"#shell-header-logo"}
COMMAND: POST /session/6cb315df952d16724b4cad26491b612d/elements - {"using":"xpath","value":"//button[@data-kt=\"addButton\"]"}
RESULT: {"using":"xpath","value":"//button[@data-kt=\"addButton\"]"}
COMMAND: POST /session/6cb315df952d16724b4cad26491b612d/elements - {"using":"css selector","value":"#shell-header-logo"}
RESULT: {"using":"css selector","value":"#shell-header-logo"}
COMMAND: POST /session/6cb315df952d16724b4cad26491b612d/elements - {"using":"xpath","value":"//button[@data-kt=\"addButton\"]"}
RESULT: {"using":"xpath","value":"//button[@data-kt=\"addButton\"]"}
COMMAND: POST /session/6cb315df952d16724b4cad26491b612d/elements - {"using":"css selector","value":"#shell-header-logo"}
RESULT: {"using":"css selector","value":"#shell-header-logo"}
COMMAND: POST /session/6cb315df952d16724b4cad26491b612d/elements - {"using":"xpath","value":"//button[@data-kt=\"addButton\"]"}
RESULT: {"using":"xpath","value":"//button[@data-kt=\"addButton\"]"}
COMMAND: POST /session/6cb315df952d16724b4cad26491b612d/elements - {"using":"css selector","value":"#shell-header-logo"}
COMMAND: POST /session/6cb315df952d16724b4cad26491b612d/elements - {"using":"xpath","value":"//button[@data-kt=\"addButton\"]"}
RESULT: {"using":"css selector","value":"#shell-header-logo"}
RESULT: {"using":"xpath","value":"//button[@data-kt=\"addButton\"]"}
COMMAND: POST /session/6cb315df952d16724b4cad26491b612d/elements - {"using":"css selector","value":"#shell-header-logo"}
COMMAND: POST /session/6cb315df952d16724b4cad26491b612d/elements - {"using":"xpath","value":"//button[@data-kt=\"addButton\"]"}
RESULT: {"using":"css selector","value":"#shell-header-logo"}
RESULT: {"using":"xpath","value":"//button[@data-kt=\"addButton\"]"}
COMMAND: POST /session/6cb315df952d16724b4cad26491b612d/elements - {"using":"css selector","value":"#shell-header-logo"}
COMMAND: POST /session/6cb315df952d16724b4cad26491b612d/elements - {"using":"xpath","value":"//button[@data-kt=\"addButton\"]"}
RESULT: {"using":"css selector","value":"#shell-header-logo"}
RESULT: {"using":"xpath","value":"//button[@data-kt=\"addButton\"]"}
COMMAND: POST /session/6cb315df952d16724b4cad26491b612d/elements - {"using":"css selector","value":"#shell-header-logo"}
RESULT: {"using":"css selector","value":"#shell-header-logo"}
COMMAND: POST /session/6cb315df952d16724b4cad26491b612d/elements - {"using":"xpath","value":"//button[@data-kt=\"addButton\"]"}
RESULT: {"using":"xpath","value":"//button[@data-kt=\"addButton\"]"}
COMMAND: POST /session/6cb315df952d16724b4cad26491b612d/elements - {"using":"css selector","value":"#shell-header-logo"}
COMMAND: POST /session/6cb315df952d16724b4cad26491b612d/elements - {"using":"xpath","value":"//button[@data-kt=\"addButton\"]"}
RESULT: {"using":"css selector","value":"#shell-header-logo"}
RESULT: {"using":"xpath","value":"//button[@data-kt=\"addButton\"]"}
COMMAND: POST /session/6cb315df952d16724b4cad26491b612d/elements - {"using":"css selector","value":"#shell-header-logo"}
RESULT: {"using":"css selector","value":"#shell-header-logo"}
COMMAND: POST /session/6cb315df952d16724b4cad26491b612d/elements - {"using":"xpath","value":"//button[@data-kt=\"addButton\"]"}
RESULT: {"using":"xpath","value":"//button[@data-kt=\"addButton\"]"}
COMMAND: POST /session/6cb315df952d16724b4cad26491b612d/elements - {"using":"css selector","value":"#shell-header-logo"}
RESULT: {"using":"css selector","value":"#shell-header-logo"}
COMMAND: POST /session/6cb315df952d16724b4cad26491b612d/elements - {"using":"xpath","value":"//button[@data-kt=\"addButton\"]"}
RESULT: {"using":"xpath","value":"//button[@data-kt=\"addButton\"]"}
COMMAND: POST /session/6cb315df952d16724b4cad26491b612d/elements - {"using":"css selector","value":"#shell-header-logo"}
RESULT: {"using":"css selector","value":"#shell-header-logo"}
COMMAND: POST /session/6cb315df952d16724b4cad26491b612d/elements - {"using":"xpath","value":"//button[@data-kt=\"addButton\"]"}
RESULT: {"using":"xpath","value":"//button[@data-kt=\"addButton\"]"}
COMMAND: POST /session/6cb315df952d16724b4cad26491b612d/elements - {"using":"css selector","value":"#shell-header-logo"}
COMMAND: POST /session/6cb315df952d16724b4cad26491b612d/elements - {"using":"xpath","value":"//button[@data-kt=\"addButton\"]"}
RESULT: {"using":"css selector","value":"#shell-header-logo"}
RESULT: {"using":"xpath","value":"//button[@data-kt=\"addButton\"]"}
COMMAND: POST /session/6cb315df952d16724b4cad26491b612d/elements - {"using":"css selector","value":"#shell-header-logo"}
RESULT: {"using":"css selector","value":"#shell-header-logo"}
COMMAND: POST /session/6cb315df952d16724b4cad26491b612d/elements - {"using":"xpath","value":"//button[@data-kt=\"addButton\"]"}
RESULT: {"using":"xpath","value":"//button[@data-kt=\"addButton\"]"}
COMMAND: POST /session/6cb315df952d16724b4cad26491b612d/elements - {"using":"css selector","value":"#shell-header-logo"}
RESULT: {"using":"css selector","value":"#shell-header-logo"}
COMMAND: POST /session/6cb315df952d16724b4cad26491b612d/elements - {"using":"xpath","value":"//button[@data-kt=\"addButton\"]"}
RESULT: {"using":"xpath","value":"//button[@data-kt=\"addButton\"]"}
COMMAND: POST /session/6cb315df952d16724b4cad26491b612d/elements - {"using":"css selector","value":"#shell-header-logo"}
COMMAND: POST /session/6cb315df952d16724b4cad26491b612d/elements - {"using":"xpath","value":"//button[@data-kt=\"addButton\"]"}
RESULT: {"using":"css selector","value":"#shell-header-logo"}
RESULT: {"using":"xpath","value":"//button[@data-kt=\"addButton\"]"}
COMMAND: POST /session/6cb315df952d16724b4cad26491b612d/elements - {"using":"css selector","value":"#shell-header-logo"}
RESULT: {"using":"css selector","value":"#shell-header-logo"}
COMMAND: POST /session/6cb315df952d16724b4cad26491b612d/elements - {"using":"xpath","value":"//button[@data-kt=\"addButton\"]"}
RESULT: {"using":"xpath","value":"//button[@data-kt=\"addButton\"]"}
COMMAND: POST /session/6cb315df952d16724b4cad26491b612d/elements - {"using":"css selector","value":"#shell-header-logo"}
RESULT: {"using":"css selector","value":"#shell-header-logo"}
COMMAND: POST /session/6cb315df952d16724b4cad26491b612d/elements - {"using":"xpath","value":"//button[@data-kt=\"addButton\"]"}
RESULT: {"using":"xpath","value":"//button[@data-kt=\"addButton\"]"}
COMMAND: POST /session/6cb315df952d16724b4cad26491b612d/elements - {"using":"css selector","value":"#shell-header-logo"}
RESULT: {"using":"css selector","value":"#shell-header-logo"}
COMMAND: POST /session/6cb315df952d16724b4cad26491b612d/elements - {"using":"xpath","value":"//button[@data-kt=\"addButton\"]"}
RESULT: {"using":"xpath","value":"//button[@data-kt=\"addButton\"]"}
COMMAND: POST /session/6cb315df952d16724b4cad26491b612d/elements - {"using":"css selector","value":"#shell-header-logo"}
RESULT: {"using":"css selector","value":"#shell-header-logo"}
COMMAND: POST /session/6cb315df952d16724b4cad26491b612d/elements - {"using":"xpath","value":"//button[@data-kt=\"addButton\"]"}
RESULT: {"using":"xpath","value":"//button[@data-kt=\"addButton\"]"}
COMMAND: POST /session/6cb315df952d16724b4cad26491b612d/elements - {"using":"css selector","value":"#shell-header-logo"}
COMMAND: POST /session/6cb315df952d16724b4cad26491b612d/elements - {"using":"xpath","value":"//button[@data-kt=\"addButton\"]"}
RESULT: {"using":"css selector","value":"#shell-header-logo"}
RESULT: {"using":"xpath","value":"//button[@data-kt=\"addButton\"]"}
COMMAND: POST /session/6cb315df952d16724b4cad26491b612d/elements - {"using":"css selector","value":"#shell-header-logo"}
RESULT: {"using":"css selector","value":"#shell-header-logo"}
COMMAND: POST /session/6cb315df952d16724b4cad26491b612d/elements - {"using":"xpath","value":"//button[@data-kt=\"addButton\"]"}
RESULT: {"using":"xpath","value":"//button[@data-kt=\"addButton\"]"}
COMMAND: POST /session/6cb315df952d16724b4cad26491b612d/elements - {"using":"css selector","value":"#shell-header-logo"}
RESULT: {"using":"css selector","value":"#shell-header-logo"}
COMMAND: POST /session/6cb315df952d16724b4cad26491b612d/elements - {"using":"xpath","value":"//button[@data-kt=\"addButton\"]"}
RESULT: {"using":"xpath","value":"//button[@data-kt=\"addButton\"]"}
COMMAND: POST /session/6cb315df952d16724b4cad26491b612d/elements - {"using":"css selector","value":"#shell-header-logo"}
RESULT: {"using":"css selector","value":"#shell-header-logo"}
COMMAND: POST /session/6cb315df952d16724b4cad26491b612d/elements - {"using":"xpath","value":"//button[@data-kt=\"addButton\"]"}
RESULT: {"using":"xpath","value":"//button[@data-kt=\"addButton\"]"}
COMMAND: POST /session/6cb315df952d16724b4cad26491b612d/elements - {"using":"css selector","value":"#shell-header-logo"}
RESULT: {"using":"css selector","value":"#shell-header-logo"}
COMMAND: POST /session/6cb315df952d16724b4cad26491b612d/elements - {"using":"xpath","value":"//button[@data-kt=\"addButton\"]"}
RESULT: {"using":"xpath","value":"//button[@data-kt=\"addButton\"]"}
COMMAND: POST /session/6cb315df952d16724b4cad26491b612d/elements - {"using":"css selector","value":"#shell-header-logo"}
RESULT: {"using":"css selector","value":"#shell-header-logo"}
COMMAND: POST /session/6cb315df952d16724b4cad26491b612d/elements - {"using":"xpath","value":"//button[@data-kt=\"addButton\"]"}
RESULT: {"using":"xpath","value":"//button[@data-kt=\"addButton\"]"}
COMMAND: POST /session/6cb315df952d16724b4cad26491b612d/elements - {"using":"css selector","value":"#shell-header-logo"}
RESULT: {"using":"css selector","value":"#shell-header-logo"}
COMMAND: POST /session/6cb315df952d16724b4cad26491b612d/elements - {"using":"xpath","value":"//button[@data-kt=\"addButton\"]"}
RESULT: {"using":"xpath","value":"//button[@data-kt=\"addButton\"]"}
COMMAND: POST /session/6cb315df952d16724b4cad26491b612d/elements - {"using":"css selector","value":"#shell-header-logo"}
RESULT: {"using":"css selector","value":"#shell-header-logo"}
COMMAND: POST /session/6cb315df952d16724b4cad26491b612d/elements - {"using":"xpath","value":"//button[@data-kt=\"addButton\"]"}
RESULT: {"using":"xpath","value":"//button[@data-kt=\"addButton\"]"}
COMMAND: POST /session/6cb315df952d16724b4cad26491b612d/elements - {"using":"css selector","value":"#shell-header-logo"}
RESULT: {"using":"css selector","value":"#shell-header-logo"}
COMMAND: POST /session/6cb315df952d16724b4cad26491b612d/elements - {"using":"xpath","value":"//button[@data-kt=\"addButton\"]"}
RESULT: {"using":"xpath","value":"//button[@data-kt=\"addButton\"]"}
COMMAND: POST /session/6cb315df952d16724b4cad26491b612d/elements - {"using":"css selector","value":"#shell-header-logo"}
COMMAND: POST /session/6cb315df952d16724b4cad26491b612d/elements - {"using":"xpath","value":"//button[@data-kt=\"addButton\"]"}
RESULT: {"using":"css selector","value":"#shell-header-logo"}
RESULT: {"using":"xpath","value":"//button[@data-kt=\"addButton\"]"}
COMMAND: POST /session/6cb315df952d16724b4cad26491b612d/elements - {"using":"css selector","value":"#shell-header-logo"}
RESULT: {"using":"css selector","value":"#shell-header-logo"}
COMMAND: POST /session/6cb315df952d16724b4cad26491b612d/elements - {"using":"xpath","value":"//button[@data-kt=\"addButton\"]"}
RESULT: {"using":"xpath","value":"//button[@data-kt=\"addButton\"]"}
COMMAND: POST /session/6cb315df952d16724b4cad26491b612d/elements - {"using":"css selector","value":"#shell-header-logo"}
RESULT: {"using":"css selector","value":"#shell-header-logo"}
COMMAND: POST /session/6cb315df952d16724b4cad26491b612d/elements - {"using":"xpath","value":"//button[@data-kt=\"addButton\"]"}
RESULT: {"using":"xpath","value":"//button[@data-kt=\"addButton\"]"}
COMMAND: POST /session/6cb315df952d16724b4cad26491b612d/elements - {"using":"css selector","value":"#shell-header-logo"}
RESULT: {"using":"css selector","value":"#shell-header-logo"}
COMMAND: POST /session/6cb315df952d16724b4cad26491b612d/elements - {"using":"xpath","value":"//button[@data-kt=\"addButton\"]"}
RESULT: {"using":"xpath","value":"//button[@data-kt=\"addButton\"]"}
COMMAND: POST /session/6cb315df952d16724b4cad26491b612d/elements - {"using":"css selector","value":"#shell-header-logo"}
COMMAND: POST /session/6cb315df952d16724b4cad26491b612d/elements - {"using":"xpath","value":"//button[@data-kt=\"addButton\"]"}
RESULT: {"using":"css selector","value":"#shell-header-logo"}
RESULT: {"using":"xpath","value":"//button[@data-kt=\"addButton\"]"}
COMMAND: POST /session/6cb315df952d16724b4cad26491b612d/elements - {"using":"css selector","value":"#shell-header-logo"}
RESULT: {"using":"css selector","value":"#shell-header-logo"}
COMMAND: POST /session/6cb315df952d16724b4cad26491b612d/elements - {"using":"xpath","value":"//button[@data-kt=\"addButton\"]"}
RESULT: {"using":"xpath","value":"//button[@data-kt=\"addButton\"]"}
COMMAND: POST /session/6cb315df952d16724b4cad26491b612d/elements - {"using":"css selector","value":"#shell-header-logo"}
COMMAND: POST /session/6cb315df952d16724b4cad26491b612d/elements - {"using":"xpath","value":"//button[@data-kt=\"addButton\"]"}
RESULT: {"using":"css selector","value":"#shell-header-logo"}
RESULT: {"using":"xpath","value":"//button[@data-kt=\"addButton\"]"}
COMMAND: POST /session/6cb315df952d16724b4cad26491b612d/elements - {"using":"css selector","value":"#shell-header-logo"}
RESULT: {"using":"css selector","value":"#shell-header-logo"}
COMMAND: POST /session/6cb315df952d16724b4cad26491b612d/elements - {"using":"xpath","value":"//button[@data-kt=\"addButton\"]"}
RESULT: {"using":"xpath","value":"//button[@data-kt=\"addButton\"]"}
COMMAND: POST /session/6cb315df952d16724b4cad26491b612d/elements - {"using":"css selector","value":"#shell-header-logo"}
RESULT: {"using":"css selector","value":"#shell-header-logo"}
COMMAND: POST /session/6cb315df952d16724b4cad26491b612d/elements - {"using":"xpath","value":"//button[@data-kt=\"addButton\"]"}
RESULT: {"using":"xpath","value":"//button[@data-kt=\"addButton\"]"}
COMMAND: POST /session/6cb315df952d16724b4cad26491b612d/elements - {"using":"css selector","value":"#shell-header-logo"}
RESULT: {"using":"css selector","value":"#shell-header-logo"}
COMMAND: GET /session/6cb315df952d16724b4cad26491b612d/screenshot - {}
RESULT: {}
]]></system-out>
      <system-err><![CDATA[
Error: element ("//button[@data-kt="addButton"]") still not existing after 45000ms
    at async Context.<anonymous> (D:\a\1\s\test\specs\BTS\manage-partners.spec.js:701:9)
]]></system-err>
    </testcase>
    <testcase classname="chrome.136_0_7103_49.windows.Partner_specific_tests_US150819_US151080_US151654_US151176_US103444_US151078_US151079_US151109_US151174_US151175_US151189" name="Should do various searches US151175" time="55.637">
      <skipped />
      <system-out><![CDATA[
COMMAND: POST /session/6cb315df952d16724b4cad26491b612d/element - {"using":"xpath","value":"//li[.//span[text()=\"Manage Partners\"]]"}
COMMAND: GET /session/6cb315df952d16724b4cad26491b612d/screenshot - {}
RESULT: {"using":"xpath","value":"//li[.//span[text()=\"Manage Partners\"]]"}
COMMAND: POST /session/6cb315df952d16724b4cad26491b612d/element - {"using":"xpath","value":"//li[.//span[text()=\"Manage Partners\"]]"}
RESULT: {}
COMMAND: POST /session/6cb315df952d16724b4cad26491b612d/elements - {"using":"css selector","value":"#shell-header-logo"}
RESULT: {"using":"xpath","value":"//li[.//span[text()=\"Manage Partners\"]]"}
COMMAND: POST /session/6cb315df952d16724b4cad26491b612d/element - {"using":"css selector","value":"#shell-header-logo"}
RESULT: {"using":"css selector","value":"#shell-header-logo"}
RESULT: {"using":"css selector","value":"#shell-header-logo"}
COMMAND: POST /session/6cb315df952d16724b4cad26491b612d/elements - {"using":"css selector","value":"#shell-header-logo"}
COMMAND: POST /session/6cb315df952d16724b4cad26491b612d/element - {"using":"css selector","value":"#shell-header-logo"}
RESULT: {"using":"css selector","value":"#shell-header-logo"}
RESULT: {"using":"css selector","value":"#shell-header-logo"}
COMMAND: POST /session/6cb315df952d16724b4cad26491b612d/elements - {"using":"css selector","value":"#shell-header-logo"}
RESULT: {"using":"css selector","value":"#shell-header-logo"}
COMMAND: POST /session/6cb315df952d16724b4cad26491b612d/elements - {"using":"css selector","value":"#shell-header-logo"}
RESULT: {"using":"css selector","value":"#shell-header-logo"}
COMMAND: POST /session/6cb315df952d16724b4cad26491b612d/elements - {"using":"css selector","value":"#shell-header-logo"}
RESULT: {"using":"css selector","value":"#shell-header-logo"}
COMMAND: POST /session/6cb315df952d16724b4cad26491b612d/elements - {"using":"css selector","value":"#shell-header-logo"}
RESULT: {"using":"css selector","value":"#shell-header-logo"}
COMMAND: POST /session/6cb315df952d16724b4cad26491b612d/elements - {"using":"css selector","value":"#shell-header-logo"}
RESULT: {"using":"css selector","value":"#shell-header-logo"}
COMMAND: POST /session/6cb315df952d16724b4cad26491b612d/elements - {"using":"css selector","value":"#shell-header-logo"}
RESULT: {"using":"css selector","value":"#shell-header-logo"}
COMMAND: POST /session/6cb315df952d16724b4cad26491b612d/elements - {"using":"css selector","value":"#shell-header-logo"}
RESULT: {"using":"css selector","value":"#shell-header-logo"}
COMMAND: POST /session/6cb315df952d16724b4cad26491b612d/elements - {"using":"css selector","value":"#shell-header-logo"}
RESULT: {"using":"css selector","value":"#shell-header-logo"}
COMMAND: POST /session/6cb315df952d16724b4cad26491b612d/elements - {"using":"css selector","value":"#shell-header-logo"}
RESULT: {"using":"css selector","value":"#shell-header-logo"}
COMMAND: POST /session/6cb315df952d16724b4cad26491b612d/elements - {"using":"css selector","value":"#shell-header-logo"}
RESULT: {"using":"css selector","value":"#shell-header-logo"}
COMMAND: POST /session/6cb315df952d16724b4cad26491b612d/elements - {"using":"css selector","value":"#shell-header-logo"}
RESULT: {"using":"css selector","value":"#shell-header-logo"}
COMMAND: POST /session/6cb315df952d16724b4cad26491b612d/elements - {"using":"css selector","value":"#shell-header-logo"}
RESULT: {"using":"css selector","value":"#shell-header-logo"}
COMMAND: POST /session/6cb315df952d16724b4cad26491b612d/elements - {"using":"css selector","value":"#shell-header-logo"}
RESULT: {"using":"css selector","value":"#shell-header-logo"}
COMMAND: POST /session/6cb315df952d16724b4cad26491b612d/elements - {"using":"css selector","value":"#shell-header-logo"}
RESULT: {"using":"css selector","value":"#shell-header-logo"}
COMMAND: POST /session/6cb315df952d16724b4cad26491b612d/elements - {"using":"css selector","value":"#shell-header-logo"}
RESULT: {"using":"css selector","value":"#shell-header-logo"}
COMMAND: POST /session/6cb315df952d16724b4cad26491b612d/elements - {"using":"css selector","value":"#shell-header-logo"}
RESULT: {"using":"css selector","value":"#shell-header-logo"}
COMMAND: POST /session/6cb315df952d16724b4cad26491b612d/elements - {"using":"css selector","value":"#shell-header-logo"}
RESULT: {"using":"css selector","value":"#shell-header-logo"}
COMMAND: POST /session/6cb315df952d16724b4cad26491b612d/elements - {"using":"css selector","value":"#shell-header-logo"}
RESULT: {"using":"css selector","value":"#shell-header-logo"}
COMMAND: POST /session/6cb315df952d16724b4cad26491b612d/elements - {"using":"css selector","value":"#shell-header-logo"}
RESULT: {"using":"css selector","value":"#shell-header-logo"}
COMMAND: POST /session/6cb315df952d16724b4cad26491b612d/elements - {"using":"css selector","value":"#shell-header-logo"}
RESULT: {"using":"css selector","value":"#shell-header-logo"}
COMMAND: POST /session/6cb315df952d16724b4cad26491b612d/elements - {"using":"css selector","value":"#shell-header-logo"}
RESULT: {"using":"css selector","value":"#shell-header-logo"}
COMMAND: POST /session/6cb315df952d16724b4cad26491b612d/elements - {"using":"css selector","value":"#shell-header-logo"}
RESULT: {"using":"css selector","value":"#shell-header-logo"}
COMMAND: POST /session/6cb315df952d16724b4cad26491b612d/elements - {"using":"css selector","value":"#shell-header-logo"}
RESULT: {"using":"css selector","value":"#shell-header-logo"}
COMMAND: POST /session/6cb315df952d16724b4cad26491b612d/elements - {"using":"css selector","value":"#shell-header-logo"}
RESULT: {"using":"css selector","value":"#shell-header-logo"}
COMMAND: POST /session/6cb315df952d16724b4cad26491b612d/elements - {"using":"css selector","value":"#shell-header-logo"}
RESULT: {"using":"css selector","value":"#shell-header-logo"}
COMMAND: POST /session/6cb315df952d16724b4cad26491b612d/elements - {"using":"css selector","value":"#shell-header-logo"}
RESULT: {"using":"css selector","value":"#shell-header-logo"}
COMMAND: POST /session/6cb315df952d16724b4cad26491b612d/elements - {"using":"css selector","value":"#shell-header-logo"}
RESULT: {"using":"css selector","value":"#shell-header-logo"}
COMMAND: POST /session/6cb315df952d16724b4cad26491b612d/elements - {"using":"css selector","value":"#shell-header-logo"}
RESULT: {"using":"css selector","value":"#shell-header-logo"}
RESULT: undefined
COMMAND: POST /session/6cb315df952d16724b4cad26491b612d/element - {"using":"xpath","value":"//button[@data-kt=\"addButton\"]"}
COMMAND: POST /session/6cb315df952d16724b4cad26491b612d/elements - {"using":"css selector","value":"#shell-header-logo"}
RESULT: {"using":"xpath","value":"//button[@data-kt=\"addButton\"]"}
COMMAND: POST /session/6cb315df952d16724b4cad26491b612d/elements - {"using":"xpath","value":"//button[@data-kt=\"addButton\"]"}
RESULT: {"using":"css selector","value":"#shell-header-logo"}
RESULT: {"using":"xpath","value":"//button[@data-kt=\"addButton\"]"}
COMMAND: POST /session/6cb315df952d16724b4cad26491b612d/elements - {"using":"css selector","value":"#shell-header-logo"}
RESULT: {"using":"css selector","value":"#shell-header-logo"}
COMMAND: POST /session/6cb315df952d16724b4cad26491b612d/elements - {"using":"xpath","value":"//button[@data-kt=\"addButton\"]"}
RESULT: {"using":"xpath","value":"//button[@data-kt=\"addButton\"]"}
COMMAND: POST /session/6cb315df952d16724b4cad26491b612d/elements - {"using":"css selector","value":"#shell-header-logo"}
RESULT: {"using":"css selector","value":"#shell-header-logo"}
COMMAND: POST /session/6cb315df952d16724b4cad26491b612d/elements - {"using":"xpath","value":"//button[@data-kt=\"addButton\"]"}
RESULT: {"using":"xpath","value":"//button[@data-kt=\"addButton\"]"}
COMMAND: POST /session/6cb315df952d16724b4cad26491b612d/elements - {"using":"css selector","value":"#shell-header-logo"}
RESULT: {"using":"css selector","value":"#shell-header-logo"}
COMMAND: POST /session/6cb315df952d16724b4cad26491b612d/elements - {"using":"xpath","value":"//button[@data-kt=\"addButton\"]"}
RESULT: {"using":"xpath","value":"//button[@data-kt=\"addButton\"]"}
COMMAND: POST /session/6cb315df952d16724b4cad26491b612d/elements - {"using":"css selector","value":"#shell-header-logo"}
RESULT: {"using":"css selector","value":"#shell-header-logo"}
COMMAND: POST /session/6cb315df952d16724b4cad26491b612d/elements - {"using":"xpath","value":"//button[@data-kt=\"addButton\"]"}
RESULT: {"using":"xpath","value":"//button[@data-kt=\"addButton\"]"}
COMMAND: POST /session/6cb315df952d16724b4cad26491b612d/elements - {"using":"css selector","value":"#shell-header-logo"}
RESULT: {"using":"css selector","value":"#shell-header-logo"}
COMMAND: POST /session/6cb315df952d16724b4cad26491b612d/elements - {"using":"xpath","value":"//button[@data-kt=\"addButton\"]"}
RESULT: {"using":"xpath","value":"//button[@data-kt=\"addButton\"]"}
COMMAND: POST /session/6cb315df952d16724b4cad26491b612d/elements - {"using":"css selector","value":"#shell-header-logo"}
RESULT: {"using":"css selector","value":"#shell-header-logo"}
COMMAND: POST /session/6cb315df952d16724b4cad26491b612d/elements - {"using":"xpath","value":"//button[@data-kt=\"addButton\"]"}
RESULT: {"using":"xpath","value":"//button[@data-kt=\"addButton\"]"}
COMMAND: POST /session/6cb315df952d16724b4cad26491b612d/elements - {"using":"css selector","value":"#shell-header-logo"}
RESULT: {"using":"css selector","value":"#shell-header-logo"}
COMMAND: POST /session/6cb315df952d16724b4cad26491b612d/elements - {"using":"xpath","value":"//button[@data-kt=\"addButton\"]"}
RESULT: {"using":"xpath","value":"//button[@data-kt=\"addButton\"]"}
COMMAND: POST /session/6cb315df952d16724b4cad26491b612d/elements - {"using":"css selector","value":"#shell-header-logo"}
RESULT: {"using":"css selector","value":"#shell-header-logo"}
COMMAND: POST /session/6cb315df952d16724b4cad26491b612d/elements - {"using":"xpath","value":"//button[@data-kt=\"addButton\"]"}
RESULT: {"using":"xpath","value":"//button[@data-kt=\"addButton\"]"}
COMMAND: POST /session/6cb315df952d16724b4cad26491b612d/elements - {"using":"css selector","value":"#shell-header-logo"}
RESULT: {"using":"css selector","value":"#shell-header-logo"}
COMMAND: POST /session/6cb315df952d16724b4cad26491b612d/elements - {"using":"xpath","value":"//button[@data-kt=\"addButton\"]"}
RESULT: {"using":"xpath","value":"//button[@data-kt=\"addButton\"]"}
COMMAND: POST /session/6cb315df952d16724b4cad26491b612d/elements - {"using":"css selector","value":"#shell-header-logo"}
RESULT: {"using":"css selector","value":"#shell-header-logo"}
COMMAND: POST /session/6cb315df952d16724b4cad26491b612d/elements - {"using":"xpath","value":"//button[@data-kt=\"addButton\"]"}
RESULT: {"using":"xpath","value":"//button[@data-kt=\"addButton\"]"}
COMMAND: POST /session/6cb315df952d16724b4cad26491b612d/elements - {"using":"css selector","value":"#shell-header-logo"}
RESULT: {"using":"css selector","value":"#shell-header-logo"}
COMMAND: POST /session/6cb315df952d16724b4cad26491b612d/elements - {"using":"xpath","value":"//button[@data-kt=\"addButton\"]"}
RESULT: {"using":"xpath","value":"//button[@data-kt=\"addButton\"]"}
COMMAND: POST /session/6cb315df952d16724b4cad26491b612d/elements - {"using":"css selector","value":"#shell-header-logo"}
RESULT: {"using":"css selector","value":"#shell-header-logo"}
COMMAND: POST /session/6cb315df952d16724b4cad26491b612d/elements - {"using":"xpath","value":"//button[@data-kt=\"addButton\"]"}
RESULT: {"using":"xpath","value":"//button[@data-kt=\"addButton\"]"}
COMMAND: POST /session/6cb315df952d16724b4cad26491b612d/elements - {"using":"css selector","value":"#shell-header-logo"}
RESULT: {"using":"css selector","value":"#shell-header-logo"}
COMMAND: POST /session/6cb315df952d16724b4cad26491b612d/elements - {"using":"xpath","value":"//button[@data-kt=\"addButton\"]"}
RESULT: {"using":"xpath","value":"//button[@data-kt=\"addButton\"]"}
COMMAND: POST /session/6cb315df952d16724b4cad26491b612d/elements - {"using":"css selector","value":"#shell-header-logo"}
RESULT: {"using":"css selector","value":"#shell-header-logo"}
COMMAND: POST /session/6cb315df952d16724b4cad26491b612d/elements - {"using":"xpath","value":"//button[@data-kt=\"addButton\"]"}
RESULT: {"using":"xpath","value":"//button[@data-kt=\"addButton\"]"}
COMMAND: POST /session/6cb315df952d16724b4cad26491b612d/elements - {"using":"css selector","value":"#shell-header-logo"}
RESULT: {"using":"css selector","value":"#shell-header-logo"}
COMMAND: POST /session/6cb315df952d16724b4cad26491b612d/elements - {"using":"xpath","value":"//button[@data-kt=\"addButton\"]"}
RESULT: {"using":"xpath","value":"//button[@data-kt=\"addButton\"]"}
COMMAND: POST /session/6cb315df952d16724b4cad26491b612d/elements - {"using":"css selector","value":"#shell-header-logo"}
RESULT: {"using":"css selector","value":"#shell-header-logo"}
COMMAND: POST /session/6cb315df952d16724b4cad26491b612d/elements - {"using":"xpath","value":"//button[@data-kt=\"addButton\"]"}
RESULT: {"using":"xpath","value":"//button[@data-kt=\"addButton\"]"}
COMMAND: POST /session/6cb315df952d16724b4cad26491b612d/elements - {"using":"css selector","value":"#shell-header-logo"}
RESULT: {"using":"css selector","value":"#shell-header-logo"}
COMMAND: POST /session/6cb315df952d16724b4cad26491b612d/elements - {"using":"xpath","value":"//button[@data-kt=\"addButton\"]"}
RESULT: {"using":"xpath","value":"//button[@data-kt=\"addButton\"]"}
COMMAND: POST /session/6cb315df952d16724b4cad26491b612d/elements - {"using":"css selector","value":"#shell-header-logo"}
RESULT: {"using":"css selector","value":"#shell-header-logo"}
COMMAND: POST /session/6cb315df952d16724b4cad26491b612d/elements - {"using":"xpath","value":"//button[@data-kt=\"addButton\"]"}
RESULT: {"using":"xpath","value":"//button[@data-kt=\"addButton\"]"}
COMMAND: POST /session/6cb315df952d16724b4cad26491b612d/elements - {"using":"css selector","value":"#shell-header-logo"}
RESULT: {"using":"css selector","value":"#shell-header-logo"}
COMMAND: POST /session/6cb315df952d16724b4cad26491b612d/elements - {"using":"xpath","value":"//button[@data-kt=\"addButton\"]"}
RESULT: {"using":"xpath","value":"//button[@data-kt=\"addButton\"]"}
COMMAND: POST /session/6cb315df952d16724b4cad26491b612d/elements - {"using":"css selector","value":"#shell-header-logo"}
RESULT: {"using":"css selector","value":"#shell-header-logo"}
COMMAND: POST /session/6cb315df952d16724b4cad26491b612d/elements - {"using":"xpath","value":"//button[@data-kt=\"addButton\"]"}
RESULT: {"using":"xpath","value":"//button[@data-kt=\"addButton\"]"}
COMMAND: POST /session/6cb315df952d16724b4cad26491b612d/elements - {"using":"css selector","value":"#shell-header-logo"}
RESULT: {"using":"css selector","value":"#shell-header-logo"}
COMMAND: POST /session/6cb315df952d16724b4cad26491b612d/elements - {"using":"xpath","value":"//button[@data-kt=\"addButton\"]"}
RESULT: {"using":"xpath","value":"//button[@data-kt=\"addButton\"]"}
COMMAND: POST /session/6cb315df952d16724b4cad26491b612d/elements - {"using":"css selector","value":"#shell-header-logo"}
COMMAND: POST /session/6cb315df952d16724b4cad26491b612d/elements - {"using":"xpath","value":"//button[@data-kt=\"addButton\"]"}
RESULT: {"using":"css selector","value":"#shell-header-logo"}
RESULT: {"using":"xpath","value":"//button[@data-kt=\"addButton\"]"}
COMMAND: POST /session/6cb315df952d16724b4cad26491b612d/elements - {"using":"css selector","value":"#shell-header-logo"}
RESULT: {"using":"css selector","value":"#shell-header-logo"}
COMMAND: POST /session/6cb315df952d16724b4cad26491b612d/elements - {"using":"xpath","value":"//button[@data-kt=\"addButton\"]"}
RESULT: {"using":"xpath","value":"//button[@data-kt=\"addButton\"]"}
COMMAND: POST /session/6cb315df952d16724b4cad26491b612d/elements - {"using":"css selector","value":"#shell-header-logo"}
RESULT: {"using":"css selector","value":"#shell-header-logo"}
COMMAND: POST /session/6cb315df952d16724b4cad26491b612d/elements - {"using":"xpath","value":"//button[@data-kt=\"addButton\"]"}
RESULT: {"using":"xpath","value":"//button[@data-kt=\"addButton\"]"}
COMMAND: POST /session/6cb315df952d16724b4cad26491b612d/elements - {"using":"css selector","value":"#shell-header-logo"}
RESULT: {"using":"css selector","value":"#shell-header-logo"}
COMMAND: POST /session/6cb315df952d16724b4cad26491b612d/elements - {"using":"xpath","value":"//button[@data-kt=\"addButton\"]"}
RESULT: {"using":"xpath","value":"//button[@data-kt=\"addButton\"]"}
COMMAND: POST /session/6cb315df952d16724b4cad26491b612d/elements - {"using":"css selector","value":"#shell-header-logo"}
RESULT: {"using":"css selector","value":"#shell-header-logo"}
COMMAND: POST /session/6cb315df952d16724b4cad26491b612d/elements - {"using":"xpath","value":"//button[@data-kt=\"addButton\"]"}
RESULT: {"using":"xpath","value":"//button[@data-kt=\"addButton\"]"}
COMMAND: POST /session/6cb315df952d16724b4cad26491b612d/elements - {"using":"css selector","value":"#shell-header-logo"}
RESULT: {"using":"css selector","value":"#shell-header-logo"}
COMMAND: POST /session/6cb315df952d16724b4cad26491b612d/elements - {"using":"xpath","value":"//button[@data-kt=\"addButton\"]"}
RESULT: {"using":"xpath","value":"//button[@data-kt=\"addButton\"]"}
COMMAND: POST /session/6cb315df952d16724b4cad26491b612d/elements - {"using":"css selector","value":"#shell-header-logo"}
RESULT: {"using":"css selector","value":"#shell-header-logo"}
COMMAND: POST /session/6cb315df952d16724b4cad26491b612d/elements - {"using":"xpath","value":"//button[@data-kt=\"addButton\"]"}
RESULT: {"using":"xpath","value":"//button[@data-kt=\"addButton\"]"}
COMMAND: POST /session/6cb315df952d16724b4cad26491b612d/elements - {"using":"css selector","value":"#shell-header-logo"}
RESULT: {"using":"css selector","value":"#shell-header-logo"}
COMMAND: POST /session/6cb315df952d16724b4cad26491b612d/elements - {"using":"xpath","value":"//button[@data-kt=\"addButton\"]"}
RESULT: {"using":"xpath","value":"//button[@data-kt=\"addButton\"]"}
COMMAND: POST /session/6cb315df952d16724b4cad26491b612d/elements - {"using":"css selector","value":"#shell-header-logo"}
RESULT: {"using":"css selector","value":"#shell-header-logo"}
COMMAND: POST /session/6cb315df952d16724b4cad26491b612d/elements - {"using":"xpath","value":"//button[@data-kt=\"addButton\"]"}
RESULT: {"using":"xpath","value":"//button[@data-kt=\"addButton\"]"}
COMMAND: POST /session/6cb315df952d16724b4cad26491b612d/elements - {"using":"css selector","value":"#shell-header-logo"}
RESULT: {"using":"css selector","value":"#shell-header-logo"}
COMMAND: POST /session/6cb315df952d16724b4cad26491b612d/elements - {"using":"xpath","value":"//button[@data-kt=\"addButton\"]"}
RESULT: {"using":"xpath","value":"//button[@data-kt=\"addButton\"]"}
COMMAND: POST /session/6cb315df952d16724b4cad26491b612d/elements - {"using":"css selector","value":"#shell-header-logo"}
RESULT: {"using":"css selector","value":"#shell-header-logo"}
COMMAND: POST /session/6cb315df952d16724b4cad26491b612d/elements - {"using":"xpath","value":"//button[@data-kt=\"addButton\"]"}
RESULT: {"using":"xpath","value":"//button[@data-kt=\"addButton\"]"}
COMMAND: POST /session/6cb315df952d16724b4cad26491b612d/elements - {"using":"css selector","value":"#shell-header-logo"}
RESULT: {"using":"css selector","value":"#shell-header-logo"}
COMMAND: POST /session/6cb315df952d16724b4cad26491b612d/elements - {"using":"xpath","value":"//button[@data-kt=\"addButton\"]"}
RESULT: {"using":"xpath","value":"//button[@data-kt=\"addButton\"]"}
COMMAND: POST /session/6cb315df952d16724b4cad26491b612d/elements - {"using":"css selector","value":"#shell-header-logo"}
RESULT: {"using":"css selector","value":"#shell-header-logo"}
COMMAND: POST /session/6cb315df952d16724b4cad26491b612d/elements - {"using":"xpath","value":"//button[@data-kt=\"addButton\"]"}
RESULT: {"using":"xpath","value":"//button[@data-kt=\"addButton\"]"}
COMMAND: POST /session/6cb315df952d16724b4cad26491b612d/elements - {"using":"css selector","value":"#shell-header-logo"}
RESULT: {"using":"css selector","value":"#shell-header-logo"}
COMMAND: POST /session/6cb315df952d16724b4cad26491b612d/elements - {"using":"xpath","value":"//button[@data-kt=\"addButton\"]"}
RESULT: {"using":"xpath","value":"//button[@data-kt=\"addButton\"]"}
COMMAND: POST /session/6cb315df952d16724b4cad26491b612d/elements - {"using":"css selector","value":"#shell-header-logo"}
RESULT: {"using":"css selector","value":"#shell-header-logo"}
COMMAND: POST /session/6cb315df952d16724b4cad26491b612d/elements - {"using":"xpath","value":"//button[@data-kt=\"addButton\"]"}
RESULT: {"using":"xpath","value":"//button[@data-kt=\"addButton\"]"}
COMMAND: POST /session/6cb315df952d16724b4cad26491b612d/elements - {"using":"css selector","value":"#shell-header-logo"}
RESULT: {"using":"css selector","value":"#shell-header-logo"}
COMMAND: POST /session/6cb315df952d16724b4cad26491b612d/elements - {"using":"xpath","value":"//button[@data-kt=\"addButton\"]"}
RESULT: {"using":"xpath","value":"//button[@data-kt=\"addButton\"]"}
COMMAND: POST /session/6cb315df952d16724b4cad26491b612d/elements - {"using":"css selector","value":"#shell-header-logo"}
RESULT: {"using":"css selector","value":"#shell-header-logo"}
COMMAND: POST /session/6cb315df952d16724b4cad26491b612d/elements - {"using":"xpath","value":"//button[@data-kt=\"addButton\"]"}
RESULT: {"using":"xpath","value":"//button[@data-kt=\"addButton\"]"}
COMMAND: POST /session/6cb315df952d16724b4cad26491b612d/elements - {"using":"css selector","value":"#shell-header-logo"}
RESULT: {"using":"css selector","value":"#shell-header-logo"}
COMMAND: POST /session/6cb315df952d16724b4cad26491b612d/elements - {"using":"xpath","value":"//button[@data-kt=\"addButton\"]"}
RESULT: {"using":"xpath","value":"//button[@data-kt=\"addButton\"]"}
COMMAND: POST /session/6cb315df952d16724b4cad26491b612d/elements - {"using":"css selector","value":"#shell-header-logo"}
RESULT: {"using":"css selector","value":"#shell-header-logo"}
COMMAND: POST /session/6cb315df952d16724b4cad26491b612d/elements - {"using":"xpath","value":"//button[@data-kt=\"addButton\"]"}
RESULT: {"using":"xpath","value":"//button[@data-kt=\"addButton\"]"}
COMMAND: POST /session/6cb315df952d16724b4cad26491b612d/elements - {"using":"css selector","value":"#shell-header-logo"}
RESULT: {"using":"css selector","value":"#shell-header-logo"}
COMMAND: POST /session/6cb315df952d16724b4cad26491b612d/elements - {"using":"xpath","value":"//button[@data-kt=\"addButton\"]"}
RESULT: {"using":"xpath","value":"//button[@data-kt=\"addButton\"]"}
COMMAND: POST /session/6cb315df952d16724b4cad26491b612d/elements - {"using":"css selector","value":"#shell-header-logo"}
RESULT: {"using":"css selector","value":"#shell-header-logo"}
COMMAND: POST /session/6cb315df952d16724b4cad26491b612d/elements - {"using":"xpath","value":"//button[@data-kt=\"addButton\"]"}
RESULT: {"using":"xpath","value":"//button[@data-kt=\"addButton\"]"}
COMMAND: POST /session/6cb315df952d16724b4cad26491b612d/elements - {"using":"css selector","value":"#shell-header-logo"}
RESULT: {"using":"css selector","value":"#shell-header-logo"}
COMMAND: POST /session/6cb315df952d16724b4cad26491b612d/elements - {"using":"xpath","value":"//button[@data-kt=\"addButton\"]"}
RESULT: {"using":"xpath","value":"//button[@data-kt=\"addButton\"]"}
COMMAND: POST /session/6cb315df952d16724b4cad26491b612d/elements - {"using":"css selector","value":"#shell-header-logo"}
RESULT: {"using":"css selector","value":"#shell-header-logo"}
COMMAND: POST /session/6cb315df952d16724b4cad26491b612d/elements - {"using":"xpath","value":"//button[@data-kt=\"addButton\"]"}
RESULT: {"using":"xpath","value":"//button[@data-kt=\"addButton\"]"}
COMMAND: POST /session/6cb315df952d16724b4cad26491b612d/elements - {"using":"css selector","value":"#shell-header-logo"}
RESULT: {"using":"css selector","value":"#shell-header-logo"}
COMMAND: POST /session/6cb315df952d16724b4cad26491b612d/elements - {"using":"xpath","value":"//button[@data-kt=\"addButton\"]"}
RESULT: {"using":"xpath","value":"//button[@data-kt=\"addButton\"]"}
COMMAND: POST /session/6cb315df952d16724b4cad26491b612d/elements - {"using":"css selector","value":"#shell-header-logo"}
RESULT: {"using":"css selector","value":"#shell-header-logo"}
COMMAND: POST /session/6cb315df952d16724b4cad26491b612d/elements - {"using":"xpath","value":"//button[@data-kt=\"addButton\"]"}
RESULT: {"using":"xpath","value":"//button[@data-kt=\"addButton\"]"}
COMMAND: POST /session/6cb315df952d16724b4cad26491b612d/elements - {"using":"css selector","value":"#shell-header-logo"}
RESULT: {"using":"css selector","value":"#shell-header-logo"}
COMMAND: POST /session/6cb315df952d16724b4cad26491b612d/elements - {"using":"xpath","value":"//button[@data-kt=\"addButton\"]"}
RESULT: {"using":"xpath","value":"//button[@data-kt=\"addButton\"]"}
COMMAND: POST /session/6cb315df952d16724b4cad26491b612d/elements - {"using":"css selector","value":"#shell-header-logo"}
RESULT: {"using":"css selector","value":"#shell-header-logo"}
COMMAND: POST /session/6cb315df952d16724b4cad26491b612d/elements - {"using":"xpath","value":"//button[@data-kt=\"addButton\"]"}
RESULT: {"using":"xpath","value":"//button[@data-kt=\"addButton\"]"}
COMMAND: POST /session/6cb315df952d16724b4cad26491b612d/elements - {"using":"css selector","value":"#shell-header-logo"}
RESULT: {"using":"css selector","value":"#shell-header-logo"}
COMMAND: POST /session/6cb315df952d16724b4cad26491b612d/elements - {"using":"xpath","value":"//button[@data-kt=\"addButton\"]"}
RESULT: {"using":"xpath","value":"//button[@data-kt=\"addButton\"]"}
COMMAND: POST /session/6cb315df952d16724b4cad26491b612d/elements - {"using":"css selector","value":"#shell-header-logo"}
RESULT: {"using":"css selector","value":"#shell-header-logo"}
COMMAND: POST /session/6cb315df952d16724b4cad26491b612d/elements - {"using":"xpath","value":"//button[@data-kt=\"addButton\"]"}
RESULT: {"using":"xpath","value":"//button[@data-kt=\"addButton\"]"}
COMMAND: POST /session/6cb315df952d16724b4cad26491b612d/elements - {"using":"css selector","value":"#shell-header-logo"}
RESULT: {"using":"css selector","value":"#shell-header-logo"}
COMMAND: POST /session/6cb315df952d16724b4cad26491b612d/elements - {"using":"xpath","value":"//button[@data-kt=\"addButton\"]"}
RESULT: {"using":"xpath","value":"//button[@data-kt=\"addButton\"]"}
COMMAND: POST /session/6cb315df952d16724b4cad26491b612d/elements - {"using":"css selector","value":"#shell-header-logo"}
RESULT: {"using":"css selector","value":"#shell-header-logo"}
COMMAND: POST /session/6cb315df952d16724b4cad26491b612d/elements - {"using":"xpath","value":"//button[@data-kt=\"addButton\"]"}
RESULT: {"using":"xpath","value":"//button[@data-kt=\"addButton\"]"}
COMMAND: POST /session/6cb315df952d16724b4cad26491b612d/elements - {"using":"css selector","value":"#shell-header-logo"}
RESULT: {"using":"css selector","value":"#shell-header-logo"}
COMMAND: POST /session/6cb315df952d16724b4cad26491b612d/elements - {"using":"xpath","value":"//button[@data-kt=\"addButton\"]"}
RESULT: {"using":"xpath","value":"//button[@data-kt=\"addButton\"]"}
COMMAND: POST /session/6cb315df952d16724b4cad26491b612d/elements - {"using":"css selector","value":"#shell-header-logo"}
RESULT: {"using":"css selector","value":"#shell-header-logo"}
COMMAND: POST /session/6cb315df952d16724b4cad26491b612d/elements - {"using":"xpath","value":"//button[@data-kt=\"addButton\"]"}
RESULT: {"using":"xpath","value":"//button[@data-kt=\"addButton\"]"}
COMMAND: POST /session/6cb315df952d16724b4cad26491b612d/elements - {"using":"css selector","value":"#shell-header-logo"}
RESULT: {"using":"css selector","value":"#shell-header-logo"}
COMMAND: POST /session/6cb315df952d16724b4cad26491b612d/elements - {"using":"xpath","value":"//button[@data-kt=\"addButton\"]"}
RESULT: {"using":"xpath","value":"//button[@data-kt=\"addButton\"]"}
COMMAND: POST /session/6cb315df952d16724b4cad26491b612d/elements - {"using":"css selector","value":"#shell-header-logo"}
RESULT: {"using":"css selector","value":"#shell-header-logo"}
COMMAND: POST /session/6cb315df952d16724b4cad26491b612d/elements - {"using":"xpath","value":"//button[@data-kt=\"addButton\"]"}
RESULT: {"using":"xpath","value":"//button[@data-kt=\"addButton\"]"}
COMMAND: POST /session/6cb315df952d16724b4cad26491b612d/elements - {"using":"css selector","value":"#shell-header-logo"}
RESULT: {"using":"css selector","value":"#shell-header-logo"}
COMMAND: POST /session/6cb315df952d16724b4cad26491b612d/elements - {"using":"xpath","value":"//button[@data-kt=\"addButton\"]"}
RESULT: {"using":"xpath","value":"//button[@data-kt=\"addButton\"]"}
COMMAND: POST /session/6cb315df952d16724b4cad26491b612d/elements - {"using":"css selector","value":"#shell-header-logo"}
RESULT: {"using":"css selector","value":"#shell-header-logo"}
COMMAND: POST /session/6cb315df952d16724b4cad26491b612d/elements - {"using":"xpath","value":"//button[@data-kt=\"addButton\"]"}
RESULT: {"using":"xpath","value":"//button[@data-kt=\"addButton\"]"}
COMMAND: POST /session/6cb315df952d16724b4cad26491b612d/elements - {"using":"css selector","value":"#shell-header-logo"}
RESULT: {"using":"css selector","value":"#shell-header-logo"}
COMMAND: POST /session/6cb315df952d16724b4cad26491b612d/elements - {"using":"xpath","value":"//button[@data-kt=\"addButton\"]"}
RESULT: {"using":"xpath","value":"//button[@data-kt=\"addButton\"]"}
COMMAND: POST /session/6cb315df952d16724b4cad26491b612d/elements - {"using":"css selector","value":"#shell-header-logo"}
RESULT: {"using":"css selector","value":"#shell-header-logo"}
COMMAND: POST /session/6cb315df952d16724b4cad26491b612d/elements - {"using":"xpath","value":"//button[@data-kt=\"addButton\"]"}
RESULT: {"using":"xpath","value":"//button[@data-kt=\"addButton\"]"}
COMMAND: POST /session/6cb315df952d16724b4cad26491b612d/elements - {"using":"css selector","value":"#shell-header-logo"}
RESULT: {"using":"css selector","value":"#shell-header-logo"}
COMMAND: POST /session/6cb315df952d16724b4cad26491b612d/elements - {"using":"xpath","value":"//button[@data-kt=\"addButton\"]"}
RESULT: {"using":"xpath","value":"//button[@data-kt=\"addButton\"]"}
COMMAND: POST /session/6cb315df952d16724b4cad26491b612d/elements - {"using":"css selector","value":"#shell-header-logo"}
RESULT: {"using":"css selector","value":"#shell-header-logo"}
COMMAND: POST /session/6cb315df952d16724b4cad26491b612d/elements - {"using":"xpath","value":"//button[@data-kt=\"addButton\"]"}
RESULT: {"using":"xpath","value":"//button[@data-kt=\"addButton\"]"}
COMMAND: POST /session/6cb315df952d16724b4cad26491b612d/elements - {"using":"css selector","value":"#shell-header-logo"}
RESULT: {"using":"css selector","value":"#shell-header-logo"}
COMMAND: POST /session/6cb315df952d16724b4cad26491b612d/elements - {"using":"xpath","value":"//button[@data-kt=\"addButton\"]"}
RESULT: {"using":"xpath","value":"//button[@data-kt=\"addButton\"]"}
COMMAND: POST /session/6cb315df952d16724b4cad26491b612d/elements - {"using":"css selector","value":"#shell-header-logo"}
RESULT: {"using":"css selector","value":"#shell-header-logo"}
COMMAND: POST /session/6cb315df952d16724b4cad26491b612d/elements - {"using":"xpath","value":"//button[@data-kt=\"addButton\"]"}
RESULT: {"using":"xpath","value":"//button[@data-kt=\"addButton\"]"}
COMMAND: POST /session/6cb315df952d16724b4cad26491b612d/elements - {"using":"css selector","value":"#shell-header-logo"}
RESULT: {"using":"css selector","value":"#shell-header-logo"}
COMMAND: POST /session/6cb315df952d16724b4cad26491b612d/elements - {"using":"xpath","value":"//button[@data-kt=\"addButton\"]"}
RESULT: {"using":"xpath","value":"//button[@data-kt=\"addButton\"]"}
COMMAND: POST /session/6cb315df952d16724b4cad26491b612d/elements - {"using":"css selector","value":"#shell-header-logo"}
COMMAND: POST /session/6cb315df952d16724b4cad26491b612d/elements - {"using":"xpath","value":"//button[@data-kt=\"addButton\"]"}
RESULT: {"using":"css selector","value":"#shell-header-logo"}
RESULT: {"using":"xpath","value":"//button[@data-kt=\"addButton\"]"}
COMMAND: POST /session/6cb315df952d16724b4cad26491b612d/elements - {"using":"css selector","value":"#shell-header-logo"}
RESULT: {"using":"css selector","value":"#shell-header-logo"}
COMMAND: POST /session/6cb315df952d16724b4cad26491b612d/elements - {"using":"xpath","value":"//button[@data-kt=\"addButton\"]"}
RESULT: {"using":"xpath","value":"//button[@data-kt=\"addButton\"]"}
COMMAND: POST /session/6cb315df952d16724b4cad26491b612d/elements - {"using":"css selector","value":"#shell-header-logo"}
RESULT: {"using":"css selector","value":"#shell-header-logo"}
COMMAND: POST /session/6cb315df952d16724b4cad26491b612d/elements - {"using":"xpath","value":"//button[@data-kt=\"addButton\"]"}
RESULT: {"using":"xpath","value":"//button[@data-kt=\"addButton\"]"}
COMMAND: POST /session/6cb315df952d16724b4cad26491b612d/elements - {"using":"css selector","value":"#shell-header-logo"}
RESULT: {"using":"css selector","value":"#shell-header-logo"}
COMMAND: POST /session/6cb315df952d16724b4cad26491b612d/elements - {"using":"xpath","value":"//button[@data-kt=\"addButton\"]"}
RESULT: {"using":"xpath","value":"//button[@data-kt=\"addButton\"]"}
COMMAND: POST /session/6cb315df952d16724b4cad26491b612d/elements - {"using":"css selector","value":"#shell-header-logo"}
RESULT: {"using":"css selector","value":"#shell-header-logo"}
COMMAND: POST /session/6cb315df952d16724b4cad26491b612d/elements - {"using":"xpath","value":"//button[@data-kt=\"addButton\"]"}
RESULT: {"using":"xpath","value":"//button[@data-kt=\"addButton\"]"}
COMMAND: POST /session/6cb315df952d16724b4cad26491b612d/elements - {"using":"css selector","value":"#shell-header-logo"}
RESULT: {"using":"css selector","value":"#shell-header-logo"}
COMMAND: POST /session/6cb315df952d16724b4cad26491b612d/elements - {"using":"xpath","value":"//button[@data-kt=\"addButton\"]"}
RESULT: {"using":"xpath","value":"//button[@data-kt=\"addButton\"]"}
COMMAND: POST /session/6cb315df952d16724b4cad26491b612d/elements - {"using":"css selector","value":"#shell-header-logo"}
RESULT: {"using":"css selector","value":"#shell-header-logo"}
COMMAND: POST /session/6cb315df952d16724b4cad26491b612d/elements - {"using":"xpath","value":"//button[@data-kt=\"addButton\"]"}
RESULT: {"using":"xpath","value":"//button[@data-kt=\"addButton\"]"}
COMMAND: POST /session/6cb315df952d16724b4cad26491b612d/elements - {"using":"css selector","value":"#shell-header-logo"}
RESULT: {"using":"css selector","value":"#shell-header-logo"}
COMMAND: POST /session/6cb315df952d16724b4cad26491b612d/elements - {"using":"xpath","value":"//button[@data-kt=\"addButton\"]"}
RESULT: {"using":"xpath","value":"//button[@data-kt=\"addButton\"]"}
COMMAND: POST /session/6cb315df952d16724b4cad26491b612d/elements - {"using":"css selector","value":"#shell-header-logo"}
RESULT: {"using":"css selector","value":"#shell-header-logo"}
COMMAND: POST /session/6cb315df952d16724b4cad26491b612d/elements - {"using":"xpath","value":"//button[@data-kt=\"addButton\"]"}
RESULT: {"using":"xpath","value":"//button[@data-kt=\"addButton\"]"}
COMMAND: POST /session/6cb315df952d16724b4cad26491b612d/elements - {"using":"css selector","value":"#shell-header-logo"}
RESULT: {"using":"css selector","value":"#shell-header-logo"}
COMMAND: POST /session/6cb315df952d16724b4cad26491b612d/elements - {"using":"xpath","value":"//button[@data-kt=\"addButton\"]"}
RESULT: {"using":"xpath","value":"//button[@data-kt=\"addButton\"]"}
COMMAND: POST /session/6cb315df952d16724b4cad26491b612d/elements - {"using":"css selector","value":"#shell-header-logo"}
RESULT: {"using":"css selector","value":"#shell-header-logo"}
COMMAND: POST /session/6cb315df952d16724b4cad26491b612d/elements - {"using":"xpath","value":"//button[@data-kt=\"addButton\"]"}
RESULT: {"using":"xpath","value":"//button[@data-kt=\"addButton\"]"}
COMMAND: POST /session/6cb315df952d16724b4cad26491b612d/elements - {"using":"css selector","value":"#shell-header-logo"}
RESULT: {"using":"css selector","value":"#shell-header-logo"}
COMMAND: POST /session/6cb315df952d16724b4cad26491b612d/elements - {"using":"xpath","value":"//button[@data-kt=\"addButton\"]"}
RESULT: {"using":"xpath","value":"//button[@data-kt=\"addButton\"]"}
COMMAND: POST /session/6cb315df952d16724b4cad26491b612d/elements - {"using":"css selector","value":"#shell-header-logo"}
RESULT: {"using":"css selector","value":"#shell-header-logo"}
COMMAND: POST /session/6cb315df952d16724b4cad26491b612d/elements - {"using":"xpath","value":"//button[@data-kt=\"addButton\"]"}
RESULT: {"using":"xpath","value":"//button[@data-kt=\"addButton\"]"}
COMMAND: POST /session/6cb315df952d16724b4cad26491b612d/elements - {"using":"css selector","value":"#shell-header-logo"}
RESULT: {"using":"css selector","value":"#shell-header-logo"}
COMMAND: POST /session/6cb315df952d16724b4cad26491b612d/elements - {"using":"xpath","value":"//button[@data-kt=\"addButton\"]"}
RESULT: {"using":"xpath","value":"//button[@data-kt=\"addButton\"]"}
COMMAND: POST /session/6cb315df952d16724b4cad26491b612d/elements - {"using":"css selector","value":"#shell-header-logo"}
COMMAND: POST /session/6cb315df952d16724b4cad26491b612d/elements - {"using":"xpath","value":"//button[@data-kt=\"addButton\"]"}
RESULT: {"using":"css selector","value":"#shell-header-logo"}
RESULT: {"using":"xpath","value":"//button[@data-kt=\"addButton\"]"}
COMMAND: POST /session/6cb315df952d16724b4cad26491b612d/elements - {"using":"css selector","value":"#shell-header-logo"}
RESULT: {"using":"css selector","value":"#shell-header-logo"}
COMMAND: POST /session/6cb315df952d16724b4cad26491b612d/elements - {"using":"xpath","value":"//button[@data-kt=\"addButton\"]"}
RESULT: {"using":"xpath","value":"//button[@data-kt=\"addButton\"]"}
COMMAND: POST /session/6cb315df952d16724b4cad26491b612d/elements - {"using":"css selector","value":"#shell-header-logo"}
RESULT: {"using":"css selector","value":"#shell-header-logo"}
COMMAND: POST /session/6cb315df952d16724b4cad26491b612d/elements - {"using":"xpath","value":"//button[@data-kt=\"addButton\"]"}
RESULT: {"using":"xpath","value":"//button[@data-kt=\"addButton\"]"}
COMMAND: POST /session/6cb315df952d16724b4cad26491b612d/elements - {"using":"css selector","value":"#shell-header-logo"}
RESULT: {"using":"css selector","value":"#shell-header-logo"}
COMMAND: POST /session/6cb315df952d16724b4cad26491b612d/elements - {"using":"xpath","value":"//button[@data-kt=\"addButton\"]"}
RESULT: {"using":"xpath","value":"//button[@data-kt=\"addButton\"]"}
COMMAND: POST /session/6cb315df952d16724b4cad26491b612d/elements - {"using":"css selector","value":"#shell-header-logo"}
RESULT: {"using":"css selector","value":"#shell-header-logo"}
COMMAND: POST /session/6cb315df952d16724b4cad26491b612d/elements - {"using":"xpath","value":"//button[@data-kt=\"addButton\"]"}
RESULT: {"using":"xpath","value":"//button[@data-kt=\"addButton\"]"}
COMMAND: POST /session/6cb315df952d16724b4cad26491b612d/elements - {"using":"css selector","value":"#shell-header-logo"}
RESULT: {"using":"css selector","value":"#shell-header-logo"}
COMMAND: POST /session/6cb315df952d16724b4cad26491b612d/elements - {"using":"xpath","value":"//button[@data-kt=\"addButton\"]"}
RESULT: {"using":"xpath","value":"//button[@data-kt=\"addButton\"]"}
COMMAND: POST /session/6cb315df952d16724b4cad26491b612d/elements - {"using":"css selector","value":"#shell-header-logo"}
RESULT: {"using":"css selector","value":"#shell-header-logo"}
COMMAND: POST /session/6cb315df952d16724b4cad26491b612d/elements - {"using":"xpath","value":"//button[@data-kt=\"addButton\"]"}
RESULT: {"using":"xpath","value":"//button[@data-kt=\"addButton\"]"}
COMMAND: POST /session/6cb315df952d16724b4cad26491b612d/elements - {"using":"css selector","value":"#shell-header-logo"}
RESULT: {"using":"css selector","value":"#shell-header-logo"}
COMMAND: POST /session/6cb315df952d16724b4cad26491b612d/elements - {"using":"xpath","value":"//button[@data-kt=\"addButton\"]"}
RESULT: {"using":"xpath","value":"//button[@data-kt=\"addButton\"]"}
COMMAND: POST /session/6cb315df952d16724b4cad26491b612d/elements - {"using":"css selector","value":"#shell-header-logo"}
RESULT: {"using":"css selector","value":"#shell-header-logo"}
COMMAND: POST /session/6cb315df952d16724b4cad26491b612d/elements - {"using":"xpath","value":"//button[@data-kt=\"addButton\"]"}
RESULT: {"using":"xpath","value":"//button[@data-kt=\"addButton\"]"}
COMMAND: POST /session/6cb315df952d16724b4cad26491b612d/elements - {"using":"css selector","value":"#shell-header-logo"}
RESULT: {"using":"css selector","value":"#shell-header-logo"}
COMMAND: POST /session/6cb315df952d16724b4cad26491b612d/elements - {"using":"xpath","value":"//button[@data-kt=\"addButton\"]"}
RESULT: {"using":"xpath","value":"//button[@data-kt=\"addButton\"]"}
COMMAND: POST /session/6cb315df952d16724b4cad26491b612d/elements - {"using":"css selector","value":"#shell-header-logo"}
COMMAND: GET /session/6cb315df952d16724b4cad26491b612d/screenshot - {}
RESULT: {"using":"css selector","value":"#shell-header-logo"}
RESULT: {}
]]></system-out>
      <system-err><![CDATA[
Error: element ("//button[@data-kt="addButton"]") still not existing after 45000ms
    at async Context.<anonymous> (D:\a\1\s\test\specs\BTS\manage-partners.spec.js:743:9)
]]></system-err>
    </testcase>
    <testcase classname="chrome.136_0_7103_49.windows.Partner_specific_tests_US150819_US151080_US151654_US151176_US103444_US151078_US151079_US151109_US151174_US151175_US151189" name="Should do various searches US151175" time="55.268">
      <skipped />
      <system-out><![CDATA[
COMMAND: POST /session/6cb315df952d16724b4cad26491b612d/element - {"using":"xpath","value":"//li[.//span[text()=\"Manage Partners\"]]"}
RESULT: {"using":"xpath","value":"//li[.//span[text()=\"Manage Partners\"]]"}
COMMAND: POST /session/6cb315df952d16724b4cad26491b612d/element - {"using":"xpath","value":"//li[.//span[text()=\"Manage Partners\"]]"}
RESULT: {"using":"xpath","value":"//li[.//span[text()=\"Manage Partners\"]]"}
COMMAND: POST /session/6cb315df952d16724b4cad26491b612d/element - {"using":"css selector","value":"#shell-header-logo"}
RESULT: {"using":"css selector","value":"#shell-header-logo"}
COMMAND: POST /session/6cb315df952d16724b4cad26491b612d/elements - {"using":"css selector","value":"#shell-header-logo"}
COMMAND: POST /session/6cb315df952d16724b4cad26491b612d/element - {"using":"css selector","value":"#shell-header-logo"}
RESULT: {"using":"css selector","value":"#shell-header-logo"}
RESULT: {"using":"css selector","value":"#shell-header-logo"}
COMMAND: POST /session/6cb315df952d16724b4cad26491b612d/elements - {"using":"css selector","value":"#shell-header-logo"}
RESULT: {"using":"css selector","value":"#shell-header-logo"}
COMMAND: POST /session/6cb315df952d16724b4cad26491b612d/elements - {"using":"css selector","value":"#shell-header-logo"}
RESULT: {"using":"css selector","value":"#shell-header-logo"}
COMMAND: POST /session/6cb315df952d16724b4cad26491b612d/elements - {"using":"css selector","value":"#shell-header-logo"}
RESULT: {"using":"css selector","value":"#shell-header-logo"}
COMMAND: POST /session/6cb315df952d16724b4cad26491b612d/elements - {"using":"css selector","value":"#shell-header-logo"}
RESULT: {"using":"css selector","value":"#shell-header-logo"}
COMMAND: POST /session/6cb315df952d16724b4cad26491b612d/elements - {"using":"css selector","value":"#shell-header-logo"}
RESULT: {"using":"css selector","value":"#shell-header-logo"}
COMMAND: POST /session/6cb315df952d16724b4cad26491b612d/elements - {"using":"css selector","value":"#shell-header-logo"}
RESULT: {"using":"css selector","value":"#shell-header-logo"}
COMMAND: POST /session/6cb315df952d16724b4cad26491b612d/elements - {"using":"css selector","value":"#shell-header-logo"}
RESULT: {"using":"css selector","value":"#shell-header-logo"}
COMMAND: POST /session/6cb315df952d16724b4cad26491b612d/elements - {"using":"css selector","value":"#shell-header-logo"}
RESULT: {"using":"css selector","value":"#shell-header-logo"}
COMMAND: POST /session/6cb315df952d16724b4cad26491b612d/elements - {"using":"css selector","value":"#shell-header-logo"}
RESULT: {"using":"css selector","value":"#shell-header-logo"}
COMMAND: POST /session/6cb315df952d16724b4cad26491b612d/elements - {"using":"css selector","value":"#shell-header-logo"}
RESULT: {"using":"css selector","value":"#shell-header-logo"}
COMMAND: POST /session/6cb315df952d16724b4cad26491b612d/elements - {"using":"css selector","value":"#shell-header-logo"}
RESULT: {"using":"css selector","value":"#shell-header-logo"}
COMMAND: POST /session/6cb315df952d16724b4cad26491b612d/elements - {"using":"css selector","value":"#shell-header-logo"}
RESULT: {"using":"css selector","value":"#shell-header-logo"}
COMMAND: POST /session/6cb315df952d16724b4cad26491b612d/elements - {"using":"css selector","value":"#shell-header-logo"}
RESULT: {"using":"css selector","value":"#shell-header-logo"}
COMMAND: POST /session/6cb315df952d16724b4cad26491b612d/elements - {"using":"css selector","value":"#shell-header-logo"}
RESULT: {"using":"css selector","value":"#shell-header-logo"}
COMMAND: POST /session/6cb315df952d16724b4cad26491b612d/elements - {"using":"css selector","value":"#shell-header-logo"}
RESULT: {"using":"css selector","value":"#shell-header-logo"}
COMMAND: POST /session/6cb315df952d16724b4cad26491b612d/elements - {"using":"css selector","value":"#shell-header-logo"}
RESULT: {"using":"css selector","value":"#shell-header-logo"}
COMMAND: POST /session/6cb315df952d16724b4cad26491b612d/elements - {"using":"css selector","value":"#shell-header-logo"}
RESULT: {"using":"css selector","value":"#shell-header-logo"}
COMMAND: POST /session/6cb315df952d16724b4cad26491b612d/elements - {"using":"css selector","value":"#shell-header-logo"}
RESULT: {"using":"css selector","value":"#shell-header-logo"}
COMMAND: POST /session/6cb315df952d16724b4cad26491b612d/elements - {"using":"css selector","value":"#shell-header-logo"}
RESULT: {"using":"css selector","value":"#shell-header-logo"}
COMMAND: POST /session/6cb315df952d16724b4cad26491b612d/elements - {"using":"css selector","value":"#shell-header-logo"}
RESULT: {"using":"css selector","value":"#shell-header-logo"}
COMMAND: POST /session/6cb315df952d16724b4cad26491b612d/elements - {"using":"css selector","value":"#shell-header-logo"}
RESULT: {"using":"css selector","value":"#shell-header-logo"}
COMMAND: POST /session/6cb315df952d16724b4cad26491b612d/elements - {"using":"css selector","value":"#shell-header-logo"}
RESULT: {"using":"css selector","value":"#shell-header-logo"}
COMMAND: POST /session/6cb315df952d16724b4cad26491b612d/elements - {"using":"css selector","value":"#shell-header-logo"}
RESULT: {"using":"css selector","value":"#shell-header-logo"}
COMMAND: POST /session/6cb315df952d16724b4cad26491b612d/elements - {"using":"css selector","value":"#shell-header-logo"}
RESULT: {"using":"css selector","value":"#shell-header-logo"}
COMMAND: POST /session/6cb315df952d16724b4cad26491b612d/elements - {"using":"css selector","value":"#shell-header-logo"}
RESULT: {"using":"css selector","value":"#shell-header-logo"}
COMMAND: POST /session/6cb315df952d16724b4cad26491b612d/elements - {"using":"css selector","value":"#shell-header-logo"}
RESULT: {"using":"css selector","value":"#shell-header-logo"}
COMMAND: POST /session/6cb315df952d16724b4cad26491b612d/elements - {"using":"css selector","value":"#shell-header-logo"}
RESULT: {"using":"css selector","value":"#shell-header-logo"}
COMMAND: POST /session/6cb315df952d16724b4cad26491b612d/elements - {"using":"css selector","value":"#shell-header-logo"}
RESULT: {"using":"css selector","value":"#shell-header-logo"}
RESULT: undefined
COMMAND: POST /session/6cb315df952d16724b4cad26491b612d/element - {"using":"xpath","value":"//button[@data-kt=\"addButton\"]"}
COMMAND: POST /session/6cb315df952d16724b4cad26491b612d/elements - {"using":"css selector","value":"#shell-header-logo"}
RESULT: {"using":"xpath","value":"//button[@data-kt=\"addButton\"]"}
COMMAND: POST /session/6cb315df952d16724b4cad26491b612d/elements - {"using":"xpath","value":"//button[@data-kt=\"addButton\"]"}
RESULT: {"using":"css selector","value":"#shell-header-logo"}
RESULT: {"using":"xpath","value":"//button[@data-kt=\"addButton\"]"}
COMMAND: POST /session/6cb315df952d16724b4cad26491b612d/elements - {"using":"css selector","value":"#shell-header-logo"}
RESULT: {"using":"css selector","value":"#shell-header-logo"}
COMMAND: POST /session/6cb315df952d16724b4cad26491b612d/elements - {"using":"xpath","value":"//button[@data-kt=\"addButton\"]"}
RESULT: {"using":"xpath","value":"//button[@data-kt=\"addButton\"]"}
COMMAND: POST /session/6cb315df952d16724b4cad26491b612d/elements - {"using":"css selector","value":"#shell-header-logo"}
RESULT: {"using":"css selector","value":"#shell-header-logo"}
COMMAND: POST /session/6cb315df952d16724b4cad26491b612d/elements - {"using":"xpath","value":"//button[@data-kt=\"addButton\"]"}
RESULT: {"using":"xpath","value":"//button[@data-kt=\"addButton\"]"}
COMMAND: POST /session/6cb315df952d16724b4cad26491b612d/elements - {"using":"css selector","value":"#shell-header-logo"}
RESULT: {"using":"css selector","value":"#shell-header-logo"}
COMMAND: POST /session/6cb315df952d16724b4cad26491b612d/elements - {"using":"xpath","value":"//button[@data-kt=\"addButton\"]"}
RESULT: {"using":"xpath","value":"//button[@data-kt=\"addButton\"]"}
COMMAND: POST /session/6cb315df952d16724b4cad26491b612d/elements - {"using":"css selector","value":"#shell-header-logo"}
RESULT: {"using":"css selector","value":"#shell-header-logo"}
COMMAND: POST /session/6cb315df952d16724b4cad26491b612d/elements - {"using":"xpath","value":"//button[@data-kt=\"addButton\"]"}
RESULT: {"using":"xpath","value":"//button[@data-kt=\"addButton\"]"}
COMMAND: POST /session/6cb315df952d16724b4cad26491b612d/elements - {"using":"css selector","value":"#shell-header-logo"}
RESULT: {"using":"css selector","value":"#shell-header-logo"}
COMMAND: POST /session/6cb315df952d16724b4cad26491b612d/elements - {"using":"xpath","value":"//button[@data-kt=\"addButton\"]"}
RESULT: {"using":"xpath","value":"//button[@data-kt=\"addButton\"]"}
COMMAND: POST /session/6cb315df952d16724b4cad26491b612d/elements - {"using":"css selector","value":"#shell-header-logo"}
RESULT: {"using":"css selector","value":"#shell-header-logo"}
COMMAND: POST /session/6cb315df952d16724b4cad26491b612d/elements - {"using":"xpath","value":"//button[@data-kt=\"addButton\"]"}
RESULT: {"using":"xpath","value":"//button[@data-kt=\"addButton\"]"}
COMMAND: POST /session/6cb315df952d16724b4cad26491b612d/elements - {"using":"css selector","value":"#shell-header-logo"}
RESULT: {"using":"css selector","value":"#shell-header-logo"}
COMMAND: POST /session/6cb315df952d16724b4cad26491b612d/elements - {"using":"xpath","value":"//button[@data-kt=\"addButton\"]"}
RESULT: {"using":"xpath","value":"//button[@data-kt=\"addButton\"]"}
COMMAND: POST /session/6cb315df952d16724b4cad26491b612d/elements - {"using":"css selector","value":"#shell-header-logo"}
RESULT: {"using":"css selector","value":"#shell-header-logo"}
COMMAND: POST /session/6cb315df952d16724b4cad26491b612d/elements - {"using":"xpath","value":"//button[@data-kt=\"addButton\"]"}
RESULT: {"using":"xpath","value":"//button[@data-kt=\"addButton\"]"}
COMMAND: POST /session/6cb315df952d16724b4cad26491b612d/elements - {"using":"css selector","value":"#shell-header-logo"}
RESULT: {"using":"css selector","value":"#shell-header-logo"}
COMMAND: POST /session/6cb315df952d16724b4cad26491b612d/elements - {"using":"xpath","value":"//button[@data-kt=\"addButton\"]"}
RESULT: {"using":"xpath","value":"//button[@data-kt=\"addButton\"]"}
COMMAND: POST /session/6cb315df952d16724b4cad26491b612d/elements - {"using":"css selector","value":"#shell-header-logo"}
COMMAND: POST /session/6cb315df952d16724b4cad26491b612d/elements - {"using":"xpath","value":"//button[@data-kt=\"addButton\"]"}
RESULT: {"using":"css selector","value":"#shell-header-logo"}
RESULT: {"using":"xpath","value":"//button[@data-kt=\"addButton\"]"}
COMMAND: POST /session/6cb315df952d16724b4cad26491b612d/elements - {"using":"css selector","value":"#shell-header-logo"}
RESULT: {"using":"css selector","value":"#shell-header-logo"}
COMMAND: POST /session/6cb315df952d16724b4cad26491b612d/elements - {"using":"xpath","value":"//button[@data-kt=\"addButton\"]"}
RESULT: {"using":"xpath","value":"//button[@data-kt=\"addButton\"]"}
COMMAND: POST /session/6cb315df952d16724b4cad26491b612d/elements - {"using":"css selector","value":"#shell-header-logo"}
RESULT: {"using":"css selector","value":"#shell-header-logo"}
COMMAND: POST /session/6cb315df952d16724b4cad26491b612d/elements - {"using":"xpath","value":"//button[@data-kt=\"addButton\"]"}
RESULT: {"using":"xpath","value":"//button[@data-kt=\"addButton\"]"}
COMMAND: POST /session/6cb315df952d16724b4cad26491b612d/elements - {"using":"css selector","value":"#shell-header-logo"}
RESULT: {"using":"css selector","value":"#shell-header-logo"}
COMMAND: POST /session/6cb315df952d16724b4cad26491b612d/elements - {"using":"xpath","value":"//button[@data-kt=\"addButton\"]"}
RESULT: {"using":"xpath","value":"//button[@data-kt=\"addButton\"]"}
COMMAND: POST /session/6cb315df952d16724b4cad26491b612d/elements - {"using":"css selector","value":"#shell-header-logo"}
COMMAND: POST /session/6cb315df952d16724b4cad26491b612d/elements - {"using":"xpath","value":"//button[@data-kt=\"addButton\"]"}
RESULT: {"using":"css selector","value":"#shell-header-logo"}
RESULT: {"using":"xpath","value":"//button[@data-kt=\"addButton\"]"}
COMMAND: POST /session/6cb315df952d16724b4cad26491b612d/elements - {"using":"css selector","value":"#shell-header-logo"}
RESULT: {"using":"css selector","value":"#shell-header-logo"}
COMMAND: POST /session/6cb315df952d16724b4cad26491b612d/elements - {"using":"xpath","value":"//button[@data-kt=\"addButton\"]"}
RESULT: {"using":"xpath","value":"//button[@data-kt=\"addButton\"]"}
COMMAND: POST /session/6cb315df952d16724b4cad26491b612d/elements - {"using":"css selector","value":"#shell-header-logo"}
RESULT: {"using":"css selector","value":"#shell-header-logo"}
COMMAND: POST /session/6cb315df952d16724b4cad26491b612d/elements - {"using":"xpath","value":"//button[@data-kt=\"addButton\"]"}
RESULT: {"using":"xpath","value":"//button[@data-kt=\"addButton\"]"}
COMMAND: POST /session/6cb315df952d16724b4cad26491b612d/elements - {"using":"css selector","value":"#shell-header-logo"}
RESULT: {"using":"css selector","value":"#shell-header-logo"}
COMMAND: POST /session/6cb315df952d16724b4cad26491b612d/elements - {"using":"xpath","value":"//button[@data-kt=\"addButton\"]"}
RESULT: {"using":"xpath","value":"//button[@data-kt=\"addButton\"]"}
COMMAND: POST /session/6cb315df952d16724b4cad26491b612d/elements - {"using":"css selector","value":"#shell-header-logo"}
RESULT: {"using":"css selector","value":"#shell-header-logo"}
COMMAND: POST /session/6cb315df952d16724b4cad26491b612d/elements - {"using":"xpath","value":"//button[@data-kt=\"addButton\"]"}
RESULT: {"using":"xpath","value":"//button[@data-kt=\"addButton\"]"}
COMMAND: POST /session/6cb315df952d16724b4cad26491b612d/elements - {"using":"css selector","value":"#shell-header-logo"}
COMMAND: POST /session/6cb315df952d16724b4cad26491b612d/elements - {"using":"xpath","value":"//button[@data-kt=\"addButton\"]"}
RESULT: {"using":"css selector","value":"#shell-header-logo"}
RESULT: {"using":"xpath","value":"//button[@data-kt=\"addButton\"]"}
COMMAND: POST /session/6cb315df952d16724b4cad26491b612d/elements - {"using":"css selector","value":"#shell-header-logo"}
RESULT: {"using":"css selector","value":"#shell-header-logo"}
COMMAND: POST /session/6cb315df952d16724b4cad26491b612d/elements - {"using":"xpath","value":"//button[@data-kt=\"addButton\"]"}
RESULT: {"using":"xpath","value":"//button[@data-kt=\"addButton\"]"}
COMMAND: POST /session/6cb315df952d16724b4cad26491b612d/elements - {"using":"css selector","value":"#shell-header-logo"}
RESULT: {"using":"css selector","value":"#shell-header-logo"}
COMMAND: POST /session/6cb315df952d16724b4cad26491b612d/elements - {"using":"xpath","value":"//button[@data-kt=\"addButton\"]"}
RESULT: {"using":"xpath","value":"//button[@data-kt=\"addButton\"]"}
COMMAND: POST /session/6cb315df952d16724b4cad26491b612d/elements - {"using":"css selector","value":"#shell-header-logo"}
RESULT: {"using":"css selector","value":"#shell-header-logo"}
COMMAND: POST /session/6cb315df952d16724b4cad26491b612d/elements - {"using":"xpath","value":"//button[@data-kt=\"addButton\"]"}
RESULT: {"using":"xpath","value":"//button[@data-kt=\"addButton\"]"}
COMMAND: POST /session/6cb315df952d16724b4cad26491b612d/elements - {"using":"css selector","value":"#shell-header-logo"}
RESULT: {"using":"css selector","value":"#shell-header-logo"}
COMMAND: POST /session/6cb315df952d16724b4cad26491b612d/elements - {"using":"xpath","value":"//button[@data-kt=\"addButton\"]"}
RESULT: {"using":"xpath","value":"//button[@data-kt=\"addButton\"]"}
COMMAND: POST /session/6cb315df952d16724b4cad26491b612d/elements - {"using":"css selector","value":"#shell-header-logo"}
RESULT: {"using":"css selector","value":"#shell-header-logo"}
COMMAND: POST /session/6cb315df952d16724b4cad26491b612d/elements - {"using":"xpath","value":"//button[@data-kt=\"addButton\"]"}
RESULT: {"using":"xpath","value":"//button[@data-kt=\"addButton\"]"}
COMMAND: POST /session/6cb315df952d16724b4cad26491b612d/elements - {"using":"css selector","value":"#shell-header-logo"}
RESULT: {"using":"css selector","value":"#shell-header-logo"}
COMMAND: POST /session/6cb315df952d16724b4cad26491b612d/elements - {"using":"xpath","value":"//button[@data-kt=\"addButton\"]"}
RESULT: {"using":"xpath","value":"//button[@data-kt=\"addButton\"]"}
COMMAND: POST /session/6cb315df952d16724b4cad26491b612d/elements - {"using":"css selector","value":"#shell-header-logo"}
RESULT: {"using":"css selector","value":"#shell-header-logo"}
COMMAND: POST /session/6cb315df952d16724b4cad26491b612d/elements - {"using":"xpath","value":"//button[@data-kt=\"addButton\"]"}
RESULT: {"using":"xpath","value":"//button[@data-kt=\"addButton\"]"}
COMMAND: POST /session/6cb315df952d16724b4cad26491b612d/elements - {"using":"css selector","value":"#shell-header-logo"}
RESULT: {"using":"css selector","value":"#shell-header-logo"}
COMMAND: POST /session/6cb315df952d16724b4cad26491b612d/elements - {"using":"xpath","value":"//button[@data-kt=\"addButton\"]"}
RESULT: {"using":"xpath","value":"//button[@data-kt=\"addButton\"]"}
COMMAND: POST /session/6cb315df952d16724b4cad26491b612d/elements - {"using":"css selector","value":"#shell-header-logo"}
COMMAND: POST /session/6cb315df952d16724b4cad26491b612d/elements - {"using":"xpath","value":"//button[@data-kt=\"addButton\"]"}
RESULT: {"using":"css selector","value":"#shell-header-logo"}
RESULT: {"using":"xpath","value":"//button[@data-kt=\"addButton\"]"}
COMMAND: POST /session/6cb315df952d16724b4cad26491b612d/elements - {"using":"css selector","value":"#shell-header-logo"}
RESULT: {"using":"css selector","value":"#shell-header-logo"}
COMMAND: POST /session/6cb315df952d16724b4cad26491b612d/elements - {"using":"xpath","value":"//button[@data-kt=\"addButton\"]"}
RESULT: {"using":"xpath","value":"//button[@data-kt=\"addButton\"]"}
COMMAND: POST /session/6cb315df952d16724b4cad26491b612d/elements - {"using":"css selector","value":"#shell-header-logo"}
RESULT: {"using":"css selector","value":"#shell-header-logo"}
COMMAND: POST /session/6cb315df952d16724b4cad26491b612d/elements - {"using":"xpath","value":"//button[@data-kt=\"addButton\"]"}
RESULT: {"using":"xpath","value":"//button[@data-kt=\"addButton\"]"}
COMMAND: POST /session/6cb315df952d16724b4cad26491b612d/elements - {"using":"css selector","value":"#shell-header-logo"}
RESULT: {"using":"css selector","value":"#shell-header-logo"}
COMMAND: POST /session/6cb315df952d16724b4cad26491b612d/elements - {"using":"xpath","value":"//button[@data-kt=\"addButton\"]"}
RESULT: {"using":"xpath","value":"//button[@data-kt=\"addButton\"]"}
COMMAND: POST /session/6cb315df952d16724b4cad26491b612d/elements - {"using":"css selector","value":"#shell-header-logo"}
RESULT: {"using":"css selector","value":"#shell-header-logo"}
COMMAND: POST /session/6cb315df952d16724b4cad26491b612d/elements - {"using":"xpath","value":"//button[@data-kt=\"addButton\"]"}
RESULT: {"using":"xpath","value":"//button[@data-kt=\"addButton\"]"}
COMMAND: POST /session/6cb315df952d16724b4cad26491b612d/elements - {"using":"css selector","value":"#shell-header-logo"}
RESULT: {"using":"css selector","value":"#shell-header-logo"}
COMMAND: POST /session/6cb315df952d16724b4cad26491b612d/elements - {"using":"xpath","value":"//button[@data-kt=\"addButton\"]"}
RESULT: {"using":"xpath","value":"//button[@data-kt=\"addButton\"]"}
COMMAND: POST /session/6cb315df952d16724b4cad26491b612d/elements - {"using":"css selector","value":"#shell-header-logo"}
RESULT: {"using":"css selector","value":"#shell-header-logo"}
COMMAND: POST /session/6cb315df952d16724b4cad26491b612d/elements - {"using":"xpath","value":"//button[@data-kt=\"addButton\"]"}
RESULT: {"using":"xpath","value":"//button[@data-kt=\"addButton\"]"}
COMMAND: POST /session/6cb315df952d16724b4cad26491b612d/elements - {"using":"css selector","value":"#shell-header-logo"}
RESULT: {"using":"css selector","value":"#shell-header-logo"}
COMMAND: POST /session/6cb315df952d16724b4cad26491b612d/elements - {"using":"xpath","value":"//button[@data-kt=\"addButton\"]"}
RESULT: {"using":"xpath","value":"//button[@data-kt=\"addButton\"]"}
COMMAND: POST /session/6cb315df952d16724b4cad26491b612d/elements - {"using":"css selector","value":"#shell-header-logo"}
RESULT: {"using":"css selector","value":"#shell-header-logo"}
COMMAND: POST /session/6cb315df952d16724b4cad26491b612d/elements - {"using":"xpath","value":"//button[@data-kt=\"addButton\"]"}
RESULT: {"using":"xpath","value":"//button[@data-kt=\"addButton\"]"}
COMMAND: POST /session/6cb315df952d16724b4cad26491b612d/elements - {"using":"css selector","value":"#shell-header-logo"}
RESULT: {"using":"css selector","value":"#shell-header-logo"}
COMMAND: POST /session/6cb315df952d16724b4cad26491b612d/elements - {"using":"xpath","value":"//button[@data-kt=\"addButton\"]"}
RESULT: {"using":"xpath","value":"//button[@data-kt=\"addButton\"]"}
COMMAND: POST /session/6cb315df952d16724b4cad26491b612d/elements - {"using":"css selector","value":"#shell-header-logo"}
RESULT: {"using":"css selector","value":"#shell-header-logo"}
COMMAND: POST /session/6cb315df952d16724b4cad26491b612d/elements - {"using":"xpath","value":"//button[@data-kt=\"addButton\"]"}
RESULT: {"using":"xpath","value":"//button[@data-kt=\"addButton\"]"}
COMMAND: POST /session/6cb315df952d16724b4cad26491b612d/elements - {"using":"css selector","value":"#shell-header-logo"}
RESULT: {"using":"css selector","value":"#shell-header-logo"}
COMMAND: POST /session/6cb315df952d16724b4cad26491b612d/elements - {"using":"xpath","value":"//button[@data-kt=\"addButton\"]"}
RESULT: {"using":"xpath","value":"//button[@data-kt=\"addButton\"]"}
COMMAND: POST /session/6cb315df952d16724b4cad26491b612d/elements - {"using":"css selector","value":"#shell-header-logo"}
RESULT: {"using":"css selector","value":"#shell-header-logo"}
COMMAND: POST /session/6cb315df952d16724b4cad26491b612d/elements - {"using":"xpath","value":"//button[@data-kt=\"addButton\"]"}
RESULT: {"using":"xpath","value":"//button[@data-kt=\"addButton\"]"}
COMMAND: POST /session/6cb315df952d16724b4cad26491b612d/elements - {"using":"css selector","value":"#shell-header-logo"}
RESULT: {"using":"css selector","value":"#shell-header-logo"}
COMMAND: POST /session/6cb315df952d16724b4cad26491b612d/elements - {"using":"xpath","value":"//button[@data-kt=\"addButton\"]"}
RESULT: {"using":"xpath","value":"//button[@data-kt=\"addButton\"]"}
COMMAND: POST /session/6cb315df952d16724b4cad26491b612d/elements - {"using":"css selector","value":"#shell-header-logo"}
COMMAND: POST /session/6cb315df952d16724b4cad26491b612d/elements - {"using":"xpath","value":"//button[@data-kt=\"addButton\"]"}
RESULT: {"using":"css selector","value":"#shell-header-logo"}
RESULT: {"using":"xpath","value":"//button[@data-kt=\"addButton\"]"}
COMMAND: POST /session/6cb315df952d16724b4cad26491b612d/elements - {"using":"css selector","value":"#shell-header-logo"}
RESULT: {"using":"css selector","value":"#shell-header-logo"}
COMMAND: POST /session/6cb315df952d16724b4cad26491b612d/elements - {"using":"xpath","value":"//button[@data-kt=\"addButton\"]"}
RESULT: {"using":"xpath","value":"//button[@data-kt=\"addButton\"]"}
COMMAND: POST /session/6cb315df952d16724b4cad26491b612d/elements - {"using":"css selector","value":"#shell-header-logo"}
RESULT: {"using":"css selector","value":"#shell-header-logo"}
COMMAND: POST /session/6cb315df952d16724b4cad26491b612d/elements - {"using":"xpath","value":"//button[@data-kt=\"addButton\"]"}
RESULT: {"using":"xpath","value":"//button[@data-kt=\"addButton\"]"}
COMMAND: POST /session/6cb315df952d16724b4cad26491b612d/elements - {"using":"css selector","value":"#shell-header-logo"}
RESULT: {"using":"css selector","value":"#shell-header-logo"}
COMMAND: POST /session/6cb315df952d16724b4cad26491b612d/elements - {"using":"xpath","value":"//button[@data-kt=\"addButton\"]"}
RESULT: {"using":"xpath","value":"//button[@data-kt=\"addButton\"]"}
COMMAND: POST /session/6cb315df952d16724b4cad26491b612d/elements - {"using":"css selector","value":"#shell-header-logo"}
RESULT: {"using":"css selector","value":"#shell-header-logo"}
COMMAND: POST /session/6cb315df952d16724b4cad26491b612d/elements - {"using":"xpath","value":"//button[@data-kt=\"addButton\"]"}
RESULT: {"using":"xpath","value":"//button[@data-kt=\"addButton\"]"}
COMMAND: POST /session/6cb315df952d16724b4cad26491b612d/elements - {"using":"css selector","value":"#shell-header-logo"}
RESULT: {"using":"css selector","value":"#shell-header-logo"}
COMMAND: POST /session/6cb315df952d16724b4cad26491b612d/elements - {"using":"xpath","value":"//button[@data-kt=\"addButton\"]"}
RESULT: {"using":"xpath","value":"//button[@data-kt=\"addButton\"]"}
COMMAND: POST /session/6cb315df952d16724b4cad26491b612d/elements - {"using":"css selector","value":"#shell-header-logo"}
RESULT: {"using":"css selector","value":"#shell-header-logo"}
COMMAND: POST /session/6cb315df952d16724b4cad26491b612d/elements - {"using":"xpath","value":"//button[@data-kt=\"addButton\"]"}
RESULT: {"using":"xpath","value":"//button[@data-kt=\"addButton\"]"}
COMMAND: POST /session/6cb315df952d16724b4cad26491b612d/elements - {"using":"css selector","value":"#shell-header-logo"}
RESULT: {"using":"css selector","value":"#shell-header-logo"}
COMMAND: POST /session/6cb315df952d16724b4cad26491b612d/elements - {"using":"xpath","value":"//button[@data-kt=\"addButton\"]"}
RESULT: {"using":"xpath","value":"//button[@data-kt=\"addButton\"]"}
COMMAND: POST /session/6cb315df952d16724b4cad26491b612d/elements - {"using":"css selector","value":"#shell-header-logo"}
RESULT: {"using":"css selector","value":"#shell-header-logo"}
COMMAND: POST /session/6cb315df952d16724b4cad26491b612d/elements - {"using":"xpath","value":"//button[@data-kt=\"addButton\"]"}
RESULT: {"using":"xpath","value":"//button[@data-kt=\"addButton\"]"}
COMMAND: POST /session/6cb315df952d16724b4cad26491b612d/elements - {"using":"css selector","value":"#shell-header-logo"}
RESULT: {"using":"css selector","value":"#shell-header-logo"}
COMMAND: POST /session/6cb315df952d16724b4cad26491b612d/elements - {"using":"xpath","value":"//button[@data-kt=\"addButton\"]"}
RESULT: {"using":"xpath","value":"//button[@data-kt=\"addButton\"]"}
COMMAND: POST /session/6cb315df952d16724b4cad26491b612d/elements - {"using":"css selector","value":"#shell-header-logo"}
RESULT: {"using":"css selector","value":"#shell-header-logo"}
COMMAND: POST /session/6cb315df952d16724b4cad26491b612d/elements - {"using":"xpath","value":"//button[@data-kt=\"addButton\"]"}
RESULT: {"using":"xpath","value":"//button[@data-kt=\"addButton\"]"}
COMMAND: POST /session/6cb315df952d16724b4cad26491b612d/elements - {"using":"css selector","value":"#shell-header-logo"}
RESULT: {"using":"css selector","value":"#shell-header-logo"}
COMMAND: POST /session/6cb315df952d16724b4cad26491b612d/elements - {"using":"xpath","value":"//button[@data-kt=\"addButton\"]"}
RESULT: {"using":"xpath","value":"//button[@data-kt=\"addButton\"]"}
COMMAND: POST /session/6cb315df952d16724b4cad26491b612d/elements - {"using":"css selector","value":"#shell-header-logo"}
RESULT: {"using":"css selector","value":"#shell-header-logo"}
COMMAND: POST /session/6cb315df952d16724b4cad26491b612d/elements - {"using":"xpath","value":"//button[@data-kt=\"addButton\"]"}
RESULT: {"using":"xpath","value":"//button[@data-kt=\"addButton\"]"}
COMMAND: POST /session/6cb315df952d16724b4cad26491b612d/elements - {"using":"css selector","value":"#shell-header-logo"}
RESULT: {"using":"css selector","value":"#shell-header-logo"}
COMMAND: POST /session/6cb315df952d16724b4cad26491b612d/elements - {"using":"xpath","value":"//button[@data-kt=\"addButton\"]"}
RESULT: {"using":"xpath","value":"//button[@data-kt=\"addButton\"]"}
COMMAND: POST /session/6cb315df952d16724b4cad26491b612d/elements - {"using":"css selector","value":"#shell-header-logo"}
RESULT: {"using":"css selector","value":"#shell-header-logo"}
COMMAND: POST /session/6cb315df952d16724b4cad26491b612d/elements - {"using":"xpath","value":"//button[@data-kt=\"addButton\"]"}
RESULT: {"using":"xpath","value":"//button[@data-kt=\"addButton\"]"}
COMMAND: POST /session/6cb315df952d16724b4cad26491b612d/elements - {"using":"css selector","value":"#shell-header-logo"}
RESULT: {"using":"css selector","value":"#shell-header-logo"}
COMMAND: POST /session/6cb315df952d16724b4cad26491b612d/elements - {"using":"xpath","value":"//button[@data-kt=\"addButton\"]"}
RESULT: {"using":"xpath","value":"//button[@data-kt=\"addButton\"]"}
COMMAND: POST /session/6cb315df952d16724b4cad26491b612d/elements - {"using":"css selector","value":"#shell-header-logo"}
RESULT: {"using":"css selector","value":"#shell-header-logo"}
COMMAND: POST /session/6cb315df952d16724b4cad26491b612d/elements - {"using":"xpath","value":"//button[@data-kt=\"addButton\"]"}
RESULT: {"using":"xpath","value":"//button[@data-kt=\"addButton\"]"}
COMMAND: POST /session/6cb315df952d16724b4cad26491b612d/elements - {"using":"css selector","value":"#shell-header-logo"}
RESULT: {"using":"css selector","value":"#shell-header-logo"}
COMMAND: POST /session/6cb315df952d16724b4cad26491b612d/elements - {"using":"xpath","value":"//button[@data-kt=\"addButton\"]"}
RESULT: {"using":"xpath","value":"//button[@data-kt=\"addButton\"]"}
COMMAND: POST /session/6cb315df952d16724b4cad26491b612d/elements - {"using":"css selector","value":"#shell-header-logo"}
RESULT: {"using":"css selector","value":"#shell-header-logo"}
COMMAND: POST /session/6cb315df952d16724b4cad26491b612d/elements - {"using":"xpath","value":"//button[@data-kt=\"addButton\"]"}
RESULT: {"using":"xpath","value":"//button[@data-kt=\"addButton\"]"}
COMMAND: POST /session/6cb315df952d16724b4cad26491b612d/elements - {"using":"css selector","value":"#shell-header-logo"}
RESULT: {"using":"css selector","value":"#shell-header-logo"}
COMMAND: POST /session/6cb315df952d16724b4cad26491b612d/elements - {"using":"xpath","value":"//button[@data-kt=\"addButton\"]"}
RESULT: {"using":"xpath","value":"//button[@data-kt=\"addButton\"]"}
COMMAND: POST /session/6cb315df952d16724b4cad26491b612d/elements - {"using":"css selector","value":"#shell-header-logo"}
RESULT: {"using":"css selector","value":"#shell-header-logo"}
COMMAND: POST /session/6cb315df952d16724b4cad26491b612d/elements - {"using":"xpath","value":"//button[@data-kt=\"addButton\"]"}
RESULT: {"using":"xpath","value":"//button[@data-kt=\"addButton\"]"}
COMMAND: POST /session/6cb315df952d16724b4cad26491b612d/elements - {"using":"css selector","value":"#shell-header-logo"}
RESULT: {"using":"css selector","value":"#shell-header-logo"}
COMMAND: POST /session/6cb315df952d16724b4cad26491b612d/elements - {"using":"xpath","value":"//button[@data-kt=\"addButton\"]"}
RESULT: {"using":"xpath","value":"//button[@data-kt=\"addButton\"]"}
COMMAND: POST /session/6cb315df952d16724b4cad26491b612d/elements - {"using":"css selector","value":"#shell-header-logo"}
RESULT: {"using":"css selector","value":"#shell-header-logo"}
COMMAND: POST /session/6cb315df952d16724b4cad26491b612d/elements - {"using":"xpath","value":"//button[@data-kt=\"addButton\"]"}
RESULT: {"using":"xpath","value":"//button[@data-kt=\"addButton\"]"}
COMMAND: POST /session/6cb315df952d16724b4cad26491b612d/elements - {"using":"css selector","value":"#shell-header-logo"}
RESULT: {"using":"css selector","value":"#shell-header-logo"}
COMMAND: POST /session/6cb315df952d16724b4cad26491b612d/elements - {"using":"xpath","value":"//button[@data-kt=\"addButton\"]"}
RESULT: {"using":"xpath","value":"//button[@data-kt=\"addButton\"]"}
COMMAND: POST /session/6cb315df952d16724b4cad26491b612d/elements - {"using":"css selector","value":"#shell-header-logo"}
RESULT: {"using":"css selector","value":"#shell-header-logo"}
COMMAND: POST /session/6cb315df952d16724b4cad26491b612d/elements - {"using":"xpath","value":"//button[@data-kt=\"addButton\"]"}
RESULT: {"using":"xpath","value":"//button[@data-kt=\"addButton\"]"}
COMMAND: POST /session/6cb315df952d16724b4cad26491b612d/elements - {"using":"css selector","value":"#shell-header-logo"}
RESULT: {"using":"css selector","value":"#shell-header-logo"}
COMMAND: POST /session/6cb315df952d16724b4cad26491b612d/elements - {"using":"xpath","value":"//button[@data-kt=\"addButton\"]"}
RESULT: {"using":"xpath","value":"//button[@data-kt=\"addButton\"]"}
COMMAND: POST /session/6cb315df952d16724b4cad26491b612d/elements - {"using":"css selector","value":"#shell-header-logo"}
RESULT: {"using":"css selector","value":"#shell-header-logo"}
COMMAND: POST /session/6cb315df952d16724b4cad26491b612d/elements - {"using":"xpath","value":"//button[@data-kt=\"addButton\"]"}
RESULT: {"using":"xpath","value":"//button[@data-kt=\"addButton\"]"}
COMMAND: POST /session/6cb315df952d16724b4cad26491b612d/elements - {"using":"css selector","value":"#shell-header-logo"}
RESULT: {"using":"css selector","value":"#shell-header-logo"}
COMMAND: POST /session/6cb315df952d16724b4cad26491b612d/elements - {"using":"xpath","value":"//button[@data-kt=\"addButton\"]"}
RESULT: {"using":"xpath","value":"//button[@data-kt=\"addButton\"]"}
COMMAND: POST /session/6cb315df952d16724b4cad26491b612d/elements - {"using":"css selector","value":"#shell-header-logo"}
RESULT: {"using":"css selector","value":"#shell-header-logo"}
COMMAND: POST /session/6cb315df952d16724b4cad26491b612d/elements - {"using":"xpath","value":"//button[@data-kt=\"addButton\"]"}
RESULT: {"using":"xpath","value":"//button[@data-kt=\"addButton\"]"}
COMMAND: POST /session/6cb315df952d16724b4cad26491b612d/elements - {"using":"css selector","value":"#shell-header-logo"}
RESULT: {"using":"css selector","value":"#shell-header-logo"}
COMMAND: POST /session/6cb315df952d16724b4cad26491b612d/elements - {"using":"xpath","value":"//button[@data-kt=\"addButton\"]"}
RESULT: {"using":"xpath","value":"//button[@data-kt=\"addButton\"]"}
COMMAND: POST /session/6cb315df952d16724b4cad26491b612d/elements - {"using":"css selector","value":"#shell-header-logo"}
RESULT: {"using":"css selector","value":"#shell-header-logo"}
COMMAND: POST /session/6cb315df952d16724b4cad26491b612d/elements - {"using":"xpath","value":"//button[@data-kt=\"addButton\"]"}
RESULT: {"using":"xpath","value":"//button[@data-kt=\"addButton\"]"}
COMMAND: POST /session/6cb315df952d16724b4cad26491b612d/elements - {"using":"css selector","value":"#shell-header-logo"}
RESULT: {"using":"css selector","value":"#shell-header-logo"}
COMMAND: POST /session/6cb315df952d16724b4cad26491b612d/elements - {"using":"xpath","value":"//button[@data-kt=\"addButton\"]"}
RESULT: {"using":"xpath","value":"//button[@data-kt=\"addButton\"]"}
COMMAND: POST /session/6cb315df952d16724b4cad26491b612d/elements - {"using":"css selector","value":"#shell-header-logo"}
RESULT: {"using":"css selector","value":"#shell-header-logo"}
COMMAND: POST /session/6cb315df952d16724b4cad26491b612d/elements - {"using":"xpath","value":"//button[@data-kt=\"addButton\"]"}
RESULT: {"using":"xpath","value":"//button[@data-kt=\"addButton\"]"}
COMMAND: POST /session/6cb315df952d16724b4cad26491b612d/elements - {"using":"css selector","value":"#shell-header-logo"}
RESULT: {"using":"css selector","value":"#shell-header-logo"}
COMMAND: POST /session/6cb315df952d16724b4cad26491b612d/elements - {"using":"xpath","value":"//button[@data-kt=\"addButton\"]"}
RESULT: {"using":"xpath","value":"//button[@data-kt=\"addButton\"]"}
COMMAND: POST /session/6cb315df952d16724b4cad26491b612d/elements - {"using":"css selector","value":"#shell-header-logo"}
RESULT: {"using":"css selector","value":"#shell-header-logo"}
COMMAND: POST /session/6cb315df952d16724b4cad26491b612d/elements - {"using":"xpath","value":"//button[@data-kt=\"addButton\"]"}
RESULT: {"using":"xpath","value":"//button[@data-kt=\"addButton\"]"}
COMMAND: POST /session/6cb315df952d16724b4cad26491b612d/elements - {"using":"css selector","value":"#shell-header-logo"}
RESULT: {"using":"css selector","value":"#shell-header-logo"}
COMMAND: POST /session/6cb315df952d16724b4cad26491b612d/elements - {"using":"xpath","value":"//button[@data-kt=\"addButton\"]"}
RESULT: {"using":"xpath","value":"//button[@data-kt=\"addButton\"]"}
COMMAND: POST /session/6cb315df952d16724b4cad26491b612d/elements - {"using":"css selector","value":"#shell-header-logo"}
RESULT: {"using":"css selector","value":"#shell-header-logo"}
COMMAND: POST /session/6cb315df952d16724b4cad26491b612d/elements - {"using":"xpath","value":"//button[@data-kt=\"addButton\"]"}
RESULT: {"using":"xpath","value":"//button[@data-kt=\"addButton\"]"}
COMMAND: POST /session/6cb315df952d16724b4cad26491b612d/elements - {"using":"css selector","value":"#shell-header-logo"}
RESULT: {"using":"css selector","value":"#shell-header-logo"}
COMMAND: POST /session/6cb315df952d16724b4cad26491b612d/elements - {"using":"xpath","value":"//button[@data-kt=\"addButton\"]"}
RESULT: {"using":"xpath","value":"//button[@data-kt=\"addButton\"]"}
COMMAND: POST /session/6cb315df952d16724b4cad26491b612d/elements - {"using":"css selector","value":"#shell-header-logo"}
RESULT: {"using":"css selector","value":"#shell-header-logo"}
COMMAND: POST /session/6cb315df952d16724b4cad26491b612d/elements - {"using":"xpath","value":"//button[@data-kt=\"addButton\"]"}
RESULT: {"using":"xpath","value":"//button[@data-kt=\"addButton\"]"}
COMMAND: POST /session/6cb315df952d16724b4cad26491b612d/elements - {"using":"css selector","value":"#shell-header-logo"}
RESULT: {"using":"css selector","value":"#shell-header-logo"}
COMMAND: POST /session/6cb315df952d16724b4cad26491b612d/elements - {"using":"xpath","value":"//button[@data-kt=\"addButton\"]"}
RESULT: {"using":"xpath","value":"//button[@data-kt=\"addButton\"]"}
COMMAND: POST /session/6cb315df952d16724b4cad26491b612d/elements - {"using":"css selector","value":"#shell-header-logo"}
RESULT: {"using":"css selector","value":"#shell-header-logo"}
COMMAND: POST /session/6cb315df952d16724b4cad26491b612d/elements - {"using":"xpath","value":"//button[@data-kt=\"addButton\"]"}
RESULT: {"using":"xpath","value":"//button[@data-kt=\"addButton\"]"}
COMMAND: POST /session/6cb315df952d16724b4cad26491b612d/elements - {"using":"css selector","value":"#shell-header-logo"}
RESULT: {"using":"css selector","value":"#shell-header-logo"}
COMMAND: POST /session/6cb315df952d16724b4cad26491b612d/elements - {"using":"xpath","value":"//button[@data-kt=\"addButton\"]"}
RESULT: {"using":"xpath","value":"//button[@data-kt=\"addButton\"]"}
COMMAND: POST /session/6cb315df952d16724b4cad26491b612d/elements - {"using":"css selector","value":"#shell-header-logo"}
RESULT: {"using":"css selector","value":"#shell-header-logo"}
COMMAND: POST /session/6cb315df952d16724b4cad26491b612d/elements - {"using":"xpath","value":"//button[@data-kt=\"addButton\"]"}
RESULT: {"using":"xpath","value":"//button[@data-kt=\"addButton\"]"}
COMMAND: POST /session/6cb315df952d16724b4cad26491b612d/elements - {"using":"css selector","value":"#shell-header-logo"}
RESULT: {"using":"css selector","value":"#shell-header-logo"}
COMMAND: POST /session/6cb315df952d16724b4cad26491b612d/elements - {"using":"xpath","value":"//button[@data-kt=\"addButton\"]"}
RESULT: {"using":"xpath","value":"//button[@data-kt=\"addButton\"]"}
COMMAND: POST /session/6cb315df952d16724b4cad26491b612d/elements - {"using":"css selector","value":"#shell-header-logo"}
RESULT: {"using":"css selector","value":"#shell-header-logo"}
COMMAND: POST /session/6cb315df952d16724b4cad26491b612d/elements - {"using":"xpath","value":"//button[@data-kt=\"addButton\"]"}
RESULT: {"using":"xpath","value":"//button[@data-kt=\"addButton\"]"}
COMMAND: POST /session/6cb315df952d16724b4cad26491b612d/elements - {"using":"css selector","value":"#shell-header-logo"}
RESULT: {"using":"css selector","value":"#shell-header-logo"}
COMMAND: POST /session/6cb315df952d16724b4cad26491b612d/elements - {"using":"xpath","value":"//button[@data-kt=\"addButton\"]"}
RESULT: {"using":"xpath","value":"//button[@data-kt=\"addButton\"]"}
COMMAND: POST /session/6cb315df952d16724b4cad26491b612d/elements - {"using":"css selector","value":"#shell-header-logo"}
RESULT: {"using":"css selector","value":"#shell-header-logo"}
COMMAND: POST /session/6cb315df952d16724b4cad26491b612d/elements - {"using":"xpath","value":"//button[@data-kt=\"addButton\"]"}
RESULT: {"using":"xpath","value":"//button[@data-kt=\"addButton\"]"}
COMMAND: POST /session/6cb315df952d16724b4cad26491b612d/elements - {"using":"css selector","value":"#shell-header-logo"}
RESULT: {"using":"css selector","value":"#shell-header-logo"}
COMMAND: POST /session/6cb315df952d16724b4cad26491b612d/elements - {"using":"xpath","value":"//button[@data-kt=\"addButton\"]"}
RESULT: {"using":"xpath","value":"//button[@data-kt=\"addButton\"]"}
COMMAND: POST /session/6cb315df952d16724b4cad26491b612d/elements - {"using":"css selector","value":"#shell-header-logo"}
RESULT: {"using":"css selector","value":"#shell-header-logo"}
COMMAND: POST /session/6cb315df952d16724b4cad26491b612d/elements - {"using":"xpath","value":"//button[@data-kt=\"addButton\"]"}
COMMAND: GET /session/6cb315df952d16724b4cad26491b612d/screenshot - {}
RESULT: {"using":"xpath","value":"//button[@data-kt=\"addButton\"]"}
RESULT: {}
]]></system-out>
      <system-err><![CDATA[
Error: element ("//button[@data-kt="addButton"]") still not existing after 45000ms
    at async Context.<anonymous> (D:\a\1\s\test\specs\BTS\manage-partners.spec.js:743:9)
]]></system-err>
    </testcase>
  </testsuite>
  <testsuite timestamp="2025-05-12T18:03:26" time="249.528" tests="4" failures="4" errors="4" skipped="0">
    <properties>
      <property name="specId" value="0" />
      <property name="suiteName" value="Create partner US118246" />
      <property name="capabilities" value="chrome.136_0_7103_49.windows" />
      <property name="file" value="file:///D:/a/1/s/test/specs/BTS/create-partner.spec.js" />
    </properties>
  </testsuite>
</testsuites>