<?xml version="1.0" encoding="UTF-8"?>
<testsuites tests="15" failures="8" errors="8" skipped="0">
  <testsuite timestamp="2025-05-13T16:35:58" time="721.244" tests="9" failures="8" errors="8" skipped="0">
    <properties>
      <property name="specId" value="0" />
      <property name="suiteName" value="Prerequisites &amp; test for yard mass return on Yard Overview US131057" />
      <property name="capabilities" value="chrome.136_0_7103_49.windows" />
      <property name="file" value="file:///D:/a/1/s/test/specs/HTR/yard-mass-return.spec.js" />
    </properties>
    <testcase classname="chrome.136_0_7103_49.windows.Prerequisites_&amp;_test_for_yard_mass_return_on_Yard_Overview_US131057" name="Prereq Should create a new yard used for all following tests" time="130.939">
      <system-out><![CDATA[
COMMAND: POST /session/d153e98b3c471435a5098620da501db7/window/fullscreen - {}
RESULT: {}
COMMAND: POST /session/d153e98b3c471435a5098620da501db7/execute/async - {"script":"<script> [1562 bytes]","args":[{"selector":{"controlType":"sap.m.GenericTile","properties":{"header":"Manage Yards"}},"wdio_ui5_key":"sapm.GenericTile{\"header\":\"Manage Yards\"}"}]}
RESULT: {"script":"<script> [1562 bytes]","args":[{"selector":{"controlType":"sap.m.GenericTile","properties":{"header":"Manage Yards"}},"wdio_ui5_key":"sapm.GenericTile{\"header\":\"Manage Yards\"}"}]}
RESULT: undefined
COMMAND: POST /session/d153e98b3c471435a5098620da501db7/element - {"using":"xpath","value":"//*[@id=\"__tile41\"]"}
RESULT: {"using":"xpath","value":"//*[@id=\"__tile41\"]"}
COMMAND: POST /session/d153e98b3c471435a5098620da501db7/element/f.CF47462C8DE8152CFB397AB847E6AB59.d.59BFFA464C6237B98F0672DD2408CA6A.e.186/click - {}
RESULT: {}
COMMAND: POST /session/d153e98b3c471435a5098620da501db7/element - {"using":"xpath","value":"//button[@data-kt=\"addNewYardOverflowToolbarButton\"]"}
COMMAND: GET /session/d153e98b3c471435a5098620da501db7/screenshot - {}
RESULT: {"using":"xpath","value":"//button[@data-kt=\"addNewYardOverflowToolbarButton\"]"}
COMMAND: POST /session/d153e98b3c471435a5098620da501db7/elements - {"using":"xpath","value":"//button[@data-kt=\"addNewYardOverflowToolbarButton\"]"}
RESULT: {}
RESULT: {"using":"xpath","value":"//button[@data-kt=\"addNewYardOverflowToolbarButton\"]"}
COMMAND: POST /session/d153e98b3c471435a5098620da501db7/elements - {"using":"xpath","value":"//button[@data-kt=\"addNewYardOverflowToolbarButton\"]"}
RESULT: {"using":"xpath","value":"//button[@data-kt=\"addNewYardOverflowToolbarButton\"]"}
COMMAND: POST /session/d153e98b3c471435a5098620da501db7/elements - {"using":"xpath","value":"//button[@data-kt=\"addNewYardOverflowToolbarButton\"]"}
RESULT: {"using":"xpath","value":"//button[@data-kt=\"addNewYardOverflowToolbarButton\"]"}
COMMAND: POST /session/d153e98b3c471435a5098620da501db7/elements - {"using":"xpath","value":"//button[@data-kt=\"addNewYardOverflowToolbarButton\"]"}
RESULT: {"using":"xpath","value":"//button[@data-kt=\"addNewYardOverflowToolbarButton\"]"}
COMMAND: POST /session/d153e98b3c471435a5098620da501db7/elements - {"using":"xpath","value":"//button[@data-kt=\"addNewYardOverflowToolbarButton\"]"}
RESULT: {"using":"xpath","value":"//button[@data-kt=\"addNewYardOverflowToolbarButton\"]"}
COMMAND: POST /session/d153e98b3c471435a5098620da501db7/elements - {"using":"xpath","value":"//button[@data-kt=\"addNewYardOverflowToolbarButton\"]"}
RESULT: {"using":"xpath","value":"//button[@data-kt=\"addNewYardOverflowToolbarButton\"]"}
COMMAND: POST /session/d153e98b3c471435a5098620da501db7/elements - {"using":"xpath","value":"//button[@data-kt=\"addNewYardOverflowToolbarButton\"]"}
RESULT: {"using":"xpath","value":"//button[@data-kt=\"addNewYardOverflowToolbarButton\"]"}
COMMAND: POST /session/d153e98b3c471435a5098620da501db7/elements - {"using":"xpath","value":"//button[@data-kt=\"addNewYardOverflowToolbarButton\"]"}
RESULT: {"using":"xpath","value":"//button[@data-kt=\"addNewYardOverflowToolbarButton\"]"}
COMMAND: POST /session/d153e98b3c471435a5098620da501db7/elements - {"using":"xpath","value":"//button[@data-kt=\"addNewYardOverflowToolbarButton\"]"}
RESULT: {"using":"xpath","value":"//button[@data-kt=\"addNewYardOverflowToolbarButton\"]"}
COMMAND: POST /session/d153e98b3c471435a5098620da501db7/elements - {"using":"xpath","value":"//button[@data-kt=\"addNewYardOverflowToolbarButton\"]"}
RESULT: {"using":"xpath","value":"//button[@data-kt=\"addNewYardOverflowToolbarButton\"]"}
COMMAND: POST /session/d153e98b3c471435a5098620da501db7/elements - {"using":"xpath","value":"//button[@data-kt=\"addNewYardOverflowToolbarButton\"]"}
RESULT: {"using":"xpath","value":"//button[@data-kt=\"addNewYardOverflowToolbarButton\"]"}
COMMAND: POST /session/d153e98b3c471435a5098620da501db7/elements - {"using":"xpath","value":"//button[@data-kt=\"addNewYardOverflowToolbarButton\"]"}
RESULT: {"using":"xpath","value":"//button[@data-kt=\"addNewYardOverflowToolbarButton\"]"}
COMMAND: POST /session/d153e98b3c471435a5098620da501db7/elements - {"using":"xpath","value":"//button[@data-kt=\"addNewYardOverflowToolbarButton\"]"}
RESULT: {"using":"xpath","value":"//button[@data-kt=\"addNewYardOverflowToolbarButton\"]"}
COMMAND: POST /session/d153e98b3c471435a5098620da501db7/elements - {"using":"xpath","value":"//button[@data-kt=\"addNewYardOverflowToolbarButton\"]"}
RESULT: {"using":"xpath","value":"//button[@data-kt=\"addNewYardOverflowToolbarButton\"]"}
COMMAND: POST /session/d153e98b3c471435a5098620da501db7/elements - {"using":"xpath","value":"//button[@data-kt=\"addNewYardOverflowToolbarButton\"]"}
RESULT: {"using":"xpath","value":"//button[@data-kt=\"addNewYardOverflowToolbarButton\"]"}
COMMAND: POST /session/d153e98b3c471435a5098620da501db7/elements - {"using":"xpath","value":"//button[@data-kt=\"addNewYardOverflowToolbarButton\"]"}
RESULT: {"using":"xpath","value":"//button[@data-kt=\"addNewYardOverflowToolbarButton\"]"}
COMMAND: POST /session/d153e98b3c471435a5098620da501db7/elements - {"using":"xpath","value":"//button[@data-kt=\"addNewYardOverflowToolbarButton\"]"}
RESULT: {"using":"xpath","value":"//button[@data-kt=\"addNewYardOverflowToolbarButton\"]"}
COMMAND: POST /session/d153e98b3c471435a5098620da501db7/elements - {"using":"xpath","value":"//button[@data-kt=\"addNewYardOverflowToolbarButton\"]"}
RESULT: {"using":"xpath","value":"//button[@data-kt=\"addNewYardOverflowToolbarButton\"]"}
COMMAND: POST /session/d153e98b3c471435a5098620da501db7/elements - {"using":"xpath","value":"//button[@data-kt=\"addNewYardOverflowToolbarButton\"]"}
RESULT: {"using":"xpath","value":"//button[@data-kt=\"addNewYardOverflowToolbarButton\"]"}
COMMAND: POST /session/d153e98b3c471435a5098620da501db7/elements - {"using":"xpath","value":"//button[@data-kt=\"addNewYardOverflowToolbarButton\"]"}
RESULT: {"using":"xpath","value":"//button[@data-kt=\"addNewYardOverflowToolbarButton\"]"}
COMMAND: POST /session/d153e98b3c471435a5098620da501db7/elements - {"using":"xpath","value":"//button[@data-kt=\"addNewYardOverflowToolbarButton\"]"}
RESULT: {"using":"xpath","value":"//button[@data-kt=\"addNewYardOverflowToolbarButton\"]"}
COMMAND: POST /session/d153e98b3c471435a5098620da501db7/elements - {"using":"xpath","value":"//button[@data-kt=\"addNewYardOverflowToolbarButton\"]"}
RESULT: {"using":"xpath","value":"//button[@data-kt=\"addNewYardOverflowToolbarButton\"]"}
COMMAND: POST /session/d153e98b3c471435a5098620da501db7/elements - {"using":"xpath","value":"//button[@data-kt=\"addNewYardOverflowToolbarButton\"]"}
RESULT: {"using":"xpath","value":"//button[@data-kt=\"addNewYardOverflowToolbarButton\"]"}
COMMAND: POST /session/d153e98b3c471435a5098620da501db7/elements - {"using":"xpath","value":"//button[@data-kt=\"addNewYardOverflowToolbarButton\"]"}
RESULT: {"using":"xpath","value":"//button[@data-kt=\"addNewYardOverflowToolbarButton\"]"}
COMMAND: POST /session/d153e98b3c471435a5098620da501db7/elements - {"using":"xpath","value":"//button[@data-kt=\"addNewYardOverflowToolbarButton\"]"}
RESULT: {"using":"xpath","value":"//button[@data-kt=\"addNewYardOverflowToolbarButton\"]"}
COMMAND: POST /session/d153e98b3c471435a5098620da501db7/elements - {"using":"xpath","value":"//button[@data-kt=\"addNewYardOverflowToolbarButton\"]"}
RESULT: {"using":"xpath","value":"//button[@data-kt=\"addNewYardOverflowToolbarButton\"]"}
COMMAND: POST /session/d153e98b3c471435a5098620da501db7/elements - {"using":"xpath","value":"//button[@data-kt=\"addNewYardOverflowToolbarButton\"]"}
RESULT: {"using":"xpath","value":"//button[@data-kt=\"addNewYardOverflowToolbarButton\"]"}
COMMAND: POST /session/d153e98b3c471435a5098620da501db7/elements - {"using":"xpath","value":"//button[@data-kt=\"addNewYardOverflowToolbarButton\"]"}
RESULT: {"using":"xpath","value":"//button[@data-kt=\"addNewYardOverflowToolbarButton\"]"}
COMMAND: POST /session/d153e98b3c471435a5098620da501db7/elements - {"using":"xpath","value":"//button[@data-kt=\"addNewYardOverflowToolbarButton\"]"}
RESULT: {"using":"xpath","value":"//button[@data-kt=\"addNewYardOverflowToolbarButton\"]"}
COMMAND: POST /session/d153e98b3c471435a5098620da501db7/elements - {"using":"xpath","value":"//button[@data-kt=\"addNewYardOverflowToolbarButton\"]"}
RESULT: {"using":"xpath","value":"//button[@data-kt=\"addNewYardOverflowToolbarButton\"]"}
COMMAND: POST /session/d153e98b3c471435a5098620da501db7/elements - {"using":"xpath","value":"//button[@data-kt=\"addNewYardOverflowToolbarButton\"]"}
RESULT: {"using":"xpath","value":"//button[@data-kt=\"addNewYardOverflowToolbarButton\"]"}
COMMAND: POST /session/d153e98b3c471435a5098620da501db7/elements - {"using":"xpath","value":"//button[@data-kt=\"addNewYardOverflowToolbarButton\"]"}
RESULT: {"using":"xpath","value":"//button[@data-kt=\"addNewYardOverflowToolbarButton\"]"}
COMMAND: POST /session/d153e98b3c471435a5098620da501db7/elements - {"using":"xpath","value":"//button[@data-kt=\"addNewYardOverflowToolbarButton\"]"}
RESULT: {"using":"xpath","value":"//button[@data-kt=\"addNewYardOverflowToolbarButton\"]"}
COMMAND: POST /session/d153e98b3c471435a5098620da501db7/elements - {"using":"xpath","value":"//button[@data-kt=\"addNewYardOverflowToolbarButton\"]"}
RESULT: {"using":"xpath","value":"//button[@data-kt=\"addNewYardOverflowToolbarButton\"]"}
COMMAND: POST /session/d153e98b3c471435a5098620da501db7/elements - {"using":"xpath","value":"//button[@data-kt=\"addNewYardOverflowToolbarButton\"]"}
RESULT: {"using":"xpath","value":"//button[@data-kt=\"addNewYardOverflowToolbarButton\"]"}
COMMAND: POST /session/d153e98b3c471435a5098620da501db7/elements - {"using":"xpath","value":"//button[@data-kt=\"addNewYardOverflowToolbarButton\"]"}
RESULT: {"using":"xpath","value":"//button[@data-kt=\"addNewYardOverflowToolbarButton\"]"}
COMMAND: POST /session/d153e98b3c471435a5098620da501db7/elements - {"using":"xpath","value":"//button[@data-kt=\"addNewYardOverflowToolbarButton\"]"}
RESULT: {"using":"xpath","value":"//button[@data-kt=\"addNewYardOverflowToolbarButton\"]"}
COMMAND: POST /session/d153e98b3c471435a5098620da501db7/elements - {"using":"xpath","value":"//button[@data-kt=\"addNewYardOverflowToolbarButton\"]"}
RESULT: {"using":"xpath","value":"//button[@data-kt=\"addNewYardOverflowToolbarButton\"]"}
COMMAND: POST /session/d153e98b3c471435a5098620da501db7/elements - {"using":"xpath","value":"//button[@data-kt=\"addNewYardOverflowToolbarButton\"]"}
RESULT: {"using":"xpath","value":"//button[@data-kt=\"addNewYardOverflowToolbarButton\"]"}
COMMAND: POST /session/d153e98b3c471435a5098620da501db7/elements - {"using":"xpath","value":"//button[@data-kt=\"addNewYardOverflowToolbarButton\"]"}
RESULT: {"using":"xpath","value":"//button[@data-kt=\"addNewYardOverflowToolbarButton\"]"}
COMMAND: POST /session/d153e98b3c471435a5098620da501db7/elements - {"using":"xpath","value":"//button[@data-kt=\"addNewYardOverflowToolbarButton\"]"}
RESULT: {"using":"xpath","value":"//button[@data-kt=\"addNewYardOverflowToolbarButton\"]"}
COMMAND: POST /session/d153e98b3c471435a5098620da501db7/elements - {"using":"xpath","value":"//button[@data-kt=\"addNewYardOverflowToolbarButton\"]"}
RESULT: {"using":"xpath","value":"//button[@data-kt=\"addNewYardOverflowToolbarButton\"]"}
COMMAND: POST /session/d153e98b3c471435a5098620da501db7/elements - {"using":"xpath","value":"//button[@data-kt=\"addNewYardOverflowToolbarButton\"]"}
RESULT: {"using":"xpath","value":"//button[@data-kt=\"addNewYardOverflowToolbarButton\"]"}
COMMAND: POST /session/d153e98b3c471435a5098620da501db7/elements - {"using":"xpath","value":"//button[@data-kt=\"addNewYardOverflowToolbarButton\"]"}
RESULT: {"using":"xpath","value":"//button[@data-kt=\"addNewYardOverflowToolbarButton\"]"}
COMMAND: POST /session/d153e98b3c471435a5098620da501db7/elements - {"using":"xpath","value":"//button[@data-kt=\"addNewYardOverflowToolbarButton\"]"}
RESULT: {"using":"xpath","value":"//button[@data-kt=\"addNewYardOverflowToolbarButton\"]"}
COMMAND: POST /session/d153e98b3c471435a5098620da501db7/elements - {"using":"xpath","value":"//button[@data-kt=\"addNewYardOverflowToolbarButton\"]"}
RESULT: {"using":"xpath","value":"//button[@data-kt=\"addNewYardOverflowToolbarButton\"]"}
COMMAND: POST /session/d153e98b3c471435a5098620da501db7/elements - {"using":"xpath","value":"//button[@data-kt=\"addNewYardOverflowToolbarButton\"]"}
RESULT: {"using":"xpath","value":"//button[@data-kt=\"addNewYardOverflowToolbarButton\"]"}
COMMAND: POST /session/d153e98b3c471435a5098620da501db7/elements - {"using":"xpath","value":"//button[@data-kt=\"addNewYardOverflowToolbarButton\"]"}
RESULT: {"using":"xpath","value":"//button[@data-kt=\"addNewYardOverflowToolbarButton\"]"}
COMMAND: POST /session/d153e98b3c471435a5098620da501db7/elements - {"using":"xpath","value":"//button[@data-kt=\"addNewYardOverflowToolbarButton\"]"}
RESULT: {"using":"xpath","value":"//button[@data-kt=\"addNewYardOverflowToolbarButton\"]"}
COMMAND: POST /session/d153e98b3c471435a5098620da501db7/elements - {"using":"xpath","value":"//button[@data-kt=\"addNewYardOverflowToolbarButton\"]"}
RESULT: {"using":"xpath","value":"//button[@data-kt=\"addNewYardOverflowToolbarButton\"]"}
COMMAND: POST /session/d153e98b3c471435a5098620da501db7/elements - {"using":"xpath","value":"//button[@data-kt=\"addNewYardOverflowToolbarButton\"]"}
RESULT: {"using":"xpath","value":"//button[@data-kt=\"addNewYardOverflowToolbarButton\"]"}
COMMAND: POST /session/d153e98b3c471435a5098620da501db7/elements - {"using":"xpath","value":"//button[@data-kt=\"addNewYardOverflowToolbarButton\"]"}
RESULT: {"using":"xpath","value":"//button[@data-kt=\"addNewYardOverflowToolbarButton\"]"}
COMMAND: POST /session/d153e98b3c471435a5098620da501db7/elements - {"using":"xpath","value":"//button[@data-kt=\"addNewYardOverflowToolbarButton\"]"}
RESULT: {"using":"xpath","value":"//button[@data-kt=\"addNewYardOverflowToolbarButton\"]"}
COMMAND: POST /session/d153e98b3c471435a5098620da501db7/element - {"using":"xpath","value":"//button[@data-kt=\"addNewYardOverflowToolbarButton\"]"}
RESULT: {"using":"xpath","value":"//button[@data-kt=\"addNewYardOverflowToolbarButton\"]"}
COMMAND: POST /session/d153e98b3c471435a5098620da501db7/execute/sync - {"script":"<script> [8489 bytes]","args":[{"element-6066-11e4-a52e-4f735466cecf":"f.CF47462C8DE8152CFB397AB847E6AB59.d.59BFFA464C6237B98F0672DD2408CA6A.e.321","ELEMENT":"f.CF47462C8DE8152CFB397AB847E6AB59.d.59BFFA464C6237B98F0672DD2408CA6A.e.321"}]}
RESULT: {"script":"<script> [8489 bytes]","args":[{"element-6066-11e4-a52e-4f735466cecf":"f.CF47462C8DE8152CFB397AB847E6AB59.d.59BFFA464C6237B98F0672DD2408CA6A.e.321","ELEMENT":"f.CF47462C8DE8152CFB397AB847E6AB59.d.59BFFA464C6237B98F0672DD2408CA6A.e.321"}]}
COMMAND: GET /session/d153e98b3c471435a5098620da501db7/element/f.CF47462C8DE8152CFB397AB847E6AB59.d.59BFFA464C6237B98F0672DD2408CA6A.e.321/enabled - {}
COMMAND: GET /session/d153e98b3c471435a5098620da501db7/screenshot - {}
RESULT: {}
COMMAND: POST /session/d153e98b3c471435a5098620da501db7/execute/sync - {"script":"<script> [8489 bytes]","args":[{"element-6066-11e4-a52e-4f735466cecf":"f.CF47462C8DE8152CFB397AB847E6AB59.d.59BFFA464C6237B98F0672DD2408CA6A.e.321","ELEMENT":"f.CF47462C8DE8152CFB397AB847E6AB59.d.59BFFA464C6237B98F0672DD2408CA6A.e.321"}]}
COMMAND: GET /session/d153e98b3c471435a5098620da501db7/screenshot - {}
RESULT: {}
RESULT: {"script":"<script> [8489 bytes]","args":[{"element-6066-11e4-a52e-4f735466cecf":"f.CF47462C8DE8152CFB397AB847E6AB59.d.59BFFA464C6237B98F0672DD2408CA6A.e.321","ELEMENT":"f.CF47462C8DE8152CFB397AB847E6AB59.d.59BFFA464C6237B98F0672DD2408CA6A.e.321"}]}
COMMAND: POST /session/d153e98b3c471435a5098620da501db7/execute/sync - {"script":"<script> [5351 bytes]","args":[{"element-6066-11e4-a52e-4f735466cecf":"f.CF47462C8DE8152CFB397AB847E6AB59.d.59BFFA464C6237B98F0672DD2408CA6A.e.321","ELEMENT":"f.CF47462C8DE8152CFB397AB847E6AB59.d.59BFFA464C6237B98F0672DD2408CA6A.e.321"}]}
COMMAND: GET /session/d153e98b3c471435a5098620da501db7/screenshot - {}
RESULT: {}
RESULT: {"script":"<script> [5351 bytes]","args":[{"element-6066-11e4-a52e-4f735466cecf":"f.CF47462C8DE8152CFB397AB847E6AB59.d.59BFFA464C6237B98F0672DD2408CA6A.e.321","ELEMENT":"f.CF47462C8DE8152CFB397AB847E6AB59.d.59BFFA464C6237B98F0672DD2408CA6A.e.321"}]}
COMMAND: POST /session/d153e98b3c471435a5098620da501db7/element/f.CF47462C8DE8152CFB397AB847E6AB59.d.59BFFA464C6237B98F0672DD2408CA6A.e.321/click - {}
COMMAND: GET /session/d153e98b3c471435a5098620da501db7/screenshot - {}
RESULT: {}
RESULT: {}
COMMAND: GET /session/d153e98b3c471435a5098620da501db7/screenshot - {}
COMMAND: POST /session/d153e98b3c471435a5098620da501db7/element - {"using":"xpath","value":"//input[@id=\"application-manageyards-display-component---NewYard--yardId-inner\"]"}
RESULT: {}
RESULT: {}
RESULT: {"using":"xpath","value":"//input[@id=\"application-manageyards-display-component---NewYard--yardId-inner\"]"}
COMMAND: POST /session/d153e98b3c471435a5098620da501db7/element - {"using":"xpath","value":"//input[@id=\"application-manageyards-display-component---NewYard--yardId-inner\"]"}
RESULT: {"using":"xpath","value":"//input[@id=\"application-manageyards-display-component---NewYard--yardId-inner\"]"}
COMMAND: POST /session/d153e98b3c471435a5098620da501db7/execute/async - {"script":"<script> [1562 bytes]","args":[{"selector":{"id":"application-manageyards-display-component---NewYard--addressDetailDetailsName1","interaction":{"idSuffix":"inner"}},"wdio_ui5_key":"applicationmanageyards-display-component---NewYard--addressDetailDetailsName1"}]}
RESULT: {"script":"<script> [1562 bytes]","args":[{"selector":{"id":"application-manageyards-display-component---NewYard--addressDetailDetailsName1","interaction":{"idSuffix":"inner"}},"wdio_ui5_key":"applicationmanageyards-display-component---NewYard--addressDetailDetailsName1"}]}
RESULT: undefined
COMMAND: POST /session/d153e98b3c471435a5098620da501db7/execute/async - {"script":"<script> [776 bytes]","args":[{"enterText":"Other Yard WDIO","selector":{"id":"application-manageyards-display-component---NewYard--addressDetailDetailsName1","interaction":{"idSuffix":"inner"}},"clearTextFirst":true,"interactionType":"ENTER_TEXT"}]}
RESULT: {"script":"<script> [776 bytes]","args":[{"enterText":"Other Yard WDIO","selector":{"id":"application-manageyards-display-component---NewYard--addressDetailDetailsName1","interaction":{"idSuffix":"inner"}},"clearTextFirst":true,"interactionType":"ENTER_TEXT"}]}
COMMAND: POST /session/d153e98b3c471435a5098620da501db7/execute/async - {"script":"<script> [1562 bytes]","args":[{"selector":{"id":"application-manageyards-display-component---NewYard--addressDetailDetailsLanguage-arrow"},"wdio_ui5_key":"applicationmanageyards-display-component---NewYard--addressDetailDetailsLanguage-arrow"}]}
RESULT: {"script":"<script> [1562 bytes]","args":[{"selector":{"id":"application-manageyards-display-component---NewYard--addressDetailDetailsLanguage-arrow"},"wdio_ui5_key":"applicationmanageyards-display-component---NewYard--addressDetailDetailsLanguage-arrow"}]}
RESULT: undefined
COMMAND: POST /session/d153e98b3c471435a5098620da501db7/element - {"using":"xpath","value":"//*[@id=\"application-manageyards-display-component---NewYard--addressDetailDetailsLanguage-arrow\"]"}
RESULT: {"using":"xpath","value":"//*[@id=\"application-manageyards-display-component---NewYard--addressDetailDetailsLanguage-arrow\"]"}
COMMAND: POST /session/d153e98b3c471435a5098620da501db7/element/f.CF47462C8DE8152CFB397AB847E6AB59.d.59BFFA464C6237B98F0672DD2408CA6A.e.757/click - {}
RESULT: {}
COMMAND: POST /session/d153e98b3c471435a5098620da501db7/element - {"using":"xpath","value":"//span[contains(text(), \"English\")]"}
COMMAND: GET /session/d153e98b3c471435a5098620da501db7/screenshot - {}
RESULT: {"using":"xpath","value":"//span[contains(text(), \"English\")]"}
COMMAND: POST /session/d153e98b3c471435a5098620da501db7/element/f.CF47462C8DE8152CFB397AB847E6AB59.d.59BFFA464C6237B98F0672DD2408CA6A.e.758/click - {}
RESULT: {}
RESULT: {}
COMMAND: POST /session/d153e98b3c471435a5098620da501db7/execute/async - {"script":"<script> [1562 bytes]","args":[{"selector":{"id":"application-manageyards-display-component---NewYard--addressDetailDetailsCity1","interaction":{"idSuffix":"inner"}},"wdio_ui5_key":"applicationmanageyards-display-component---NewYard--addressDetailDetailsCity1"}]}
COMMAND: GET /session/d153e98b3c471435a5098620da501db7/screenshot - {}
RESULT: {"script":"<script> [1562 bytes]","args":[{"selector":{"id":"application-manageyards-display-component---NewYard--addressDetailDetailsCity1","interaction":{"idSuffix":"inner"}},"wdio_ui5_key":"applicationmanageyards-display-component---NewYard--addressDetailDetailsCity1"}]}
RESULT: undefined
COMMAND: POST /session/d153e98b3c471435a5098620da501db7/execute/async - {"script":"<script> [776 bytes]","args":[{"enterText":"Rosario","selector":{"id":"application-manageyards-display-component---NewYard--addressDetailDetailsCity1","interaction":{"idSuffix":"inner"}},"clearTextFirst":true,"interactionType":"ENTER_TEXT"}]}
RESULT: {}
RESULT: {"script":"<script> [776 bytes]","args":[{"enterText":"Rosario","selector":{"id":"application-manageyards-display-component---NewYard--addressDetailDetailsCity1","interaction":{"idSuffix":"inner"}},"clearTextFirst":true,"interactionType":"ENTER_TEXT"}]}
COMMAND: POST /session/d153e98b3c471435a5098620da501db7/execute/async - {"script":"<script> [1562 bytes]","args":[{"selector":{"id":"application-manageyards-display-component---NewYard--addressDetailDetailsCountry-arrow"},"wdio_ui5_key":"applicationmanageyards-display-component---NewYard--addressDetailDetailsCountry-arrow"}]}
RESULT: {"script":"<script> [1562 bytes]","args":[{"selector":{"id":"application-manageyards-display-component---NewYard--addressDetailDetailsCountry-arrow"},"wdio_ui5_key":"applicationmanageyards-display-component---NewYard--addressDetailDetailsCountry-arrow"}]}
RESULT: undefined
COMMAND: POST /session/d153e98b3c471435a5098620da501db7/element - {"using":"xpath","value":"//*[@id=\"application-manageyards-display-component---NewYard--addressDetailDetailsCountry-arrow\"]"}
RESULT: {"using":"xpath","value":"//*[@id=\"application-manageyards-display-component---NewYard--addressDetailDetailsCountry-arrow\"]"}
COMMAND: POST /session/d153e98b3c471435a5098620da501db7/element/f.CF47462C8DE8152CFB397AB847E6AB59.d.59BFFA464C6237B98F0672DD2408CA6A.e.760/click - {}
RESULT: {}
COMMAND: POST /session/d153e98b3c471435a5098620da501db7/element - {"using":"xpath","value":"//span[contains(text(), \"Argentina\")]"}
COMMAND: GET /session/d153e98b3c471435a5098620da501db7/screenshot - {}
RESULT: {"using":"xpath","value":"//span[contains(text(), \"Argentina\")]"}
COMMAND: POST /session/d153e98b3c471435a5098620da501db7/element/f.CF47462C8DE8152CFB397AB847E6AB59.d.59BFFA464C6237B98F0672DD2408CA6A.e.761/click - {}
RESULT: {}
RESULT: {}
COMMAND: POST /session/d153e98b3c471435a5098620da501db7/execute/async - {"script":"<script> [1562 bytes]","args":[{"selector":{"id":"application-manageyards-display-component---NewYard--addressEditDetailsCostObjectCstType-arrow"},"wdio_ui5_key":"applicationmanageyards-display-component---NewYard--addressEditDetailsCostObjectCstType-arrow"}]}
COMMAND: GET /session/d153e98b3c471435a5098620da501db7/screenshot - {}
RESULT: {"script":"<script> [1562 bytes]","args":[{"selector":{"id":"application-manageyards-display-component---NewYard--addressEditDetailsCostObjectCstType-arrow"},"wdio_ui5_key":"applicationmanageyards-display-component---NewYard--addressEditDetailsCostObjectCstType-arrow"}]}
RESULT: undefined
COMMAND: POST /session/d153e98b3c471435a5098620da501db7/element - {"using":"xpath","value":"//*[@id=\"application-manageyards-display-component---NewYard--addressEditDetailsCostObjectCstType-arrow\"]"}
RESULT: {}
RESULT: {"using":"xpath","value":"//*[@id=\"application-manageyards-display-component---NewYard--addressEditDetailsCostObjectCstType-arrow\"]"}
COMMAND: POST /session/d153e98b3c471435a5098620da501db7/element/f.CF47462C8DE8152CFB397AB847E6AB59.d.59BFFA464C6237B98F0672DD2408CA6A.e.763/click - {}
RESULT: {}
COMMAND: POST /session/d153e98b3c471435a5098620da501db7/element - {"using":"xpath","value":"//span[contains(text(), \"Cost Center\")]"}
COMMAND: GET /session/d153e98b3c471435a5098620da501db7/screenshot - {}
RESULT: {"using":"xpath","value":"//span[contains(text(), \"Cost Center\")]"}
COMMAND: POST /session/d153e98b3c471435a5098620da501db7/element/f.CF47462C8DE8152CFB397AB847E6AB59.d.59BFFA464C6237B98F0672DD2408CA6A.e.764/click - {}
RESULT: {}
RESULT: {}
COMMAND: GET /session/d153e98b3c471435a5098620da501db7/screenshot - {}
RESULT: {}
COMMAND: POST /session/d153e98b3c471435a5098620da501db7/element - {"using":"xpath","value":"//span[@id=\"application-manageyards-display-component---NewYard--addressNewCostObjectCstID-vhi\"]"}
RESULT: {"using":"xpath","value":"//span[@id=\"application-manageyards-display-component---NewYard--addressNewCostObjectCstID-vhi\"]"}
COMMAND: POST /session/d153e98b3c471435a5098620da501db7/execute/sync - {"script":"<script> [8489 bytes]","args":[{"element-6066-11e4-a52e-4f735466cecf":"f.CF47462C8DE8152CFB397AB847E6AB59.d.59BFFA464C6237B98F0672DD2408CA6A.e.768","ELEMENT":"f.CF47462C8DE8152CFB397AB847E6AB59.d.59BFFA464C6237B98F0672DD2408CA6A.e.768"}]}
RESULT: {"script":"<script> [8489 bytes]","args":[{"element-6066-11e4-a52e-4f735466cecf":"f.CF47462C8DE8152CFB397AB847E6AB59.d.59BFFA464C6237B98F0672DD2408CA6A.e.768","ELEMENT":"f.CF47462C8DE8152CFB397AB847E6AB59.d.59BFFA464C6237B98F0672DD2408CA6A.e.768"}]}
COMMAND: POST /session/d153e98b3c471435a5098620da501db7/execute/async - {"script":"<script> [1562 bytes]","args":[{"selector":{"id":"application-manageyards-display-component---NewYard--addressNewCostObjectCstID-vhi"},"wdio_ui5_key":"applicationmanageyards-display-component---NewYard--addressNewCostObjectCstID-vhi"}]}
COMMAND: GET /session/d153e98b3c471435a5098620da501db7/screenshot - {}
RESULT: {"script":"<script> [1562 bytes]","args":[{"selector":{"id":"application-manageyards-display-component---NewYard--addressNewCostObjectCstID-vhi"},"wdio_ui5_key":"applicationmanageyards-display-component---NewYard--addressNewCostObjectCstID-vhi"}]}
RESULT: undefined
COMMAND: POST /session/d153e98b3c471435a5098620da501db7/element - {"using":"xpath","value":"//*[@id=\"application-manageyards-display-component---NewYard--addressNewCostObjectCstID-vhi\"]"}
RESULT: {}
RESULT: {"using":"xpath","value":"//*[@id=\"application-manageyards-display-component---NewYard--addressNewCostObjectCstID-vhi\"]"}
COMMAND: POST /session/d153e98b3c471435a5098620da501db7/element/f.CF47462C8DE8152CFB397AB847E6AB59.d.59BFFA464C6237B98F0672DD2408CA6A.e.768/click - {}
RESULT: {}
COMMAND: GET /session/d153e98b3c471435a5098620da501db7/screenshot - {}
RESULT: {}
COMMAND: POST /session/d153e98b3c471435a5098620da501db7/execute/async - {"script":"<script> [1562 bytes]","args":[{"selector":{"controlType":"sap.m.SearchField","properties":{"placeholder":"Search"},"searchOpenDialogs":true,"interaction":{"idSuffix":"I"}},"wdio_ui5_key":"sapm.SearchField{\"placeholder\":\"Search\"}"}]}
RESULT: {"script":"<script> [1562 bytes]","args":[{"selector":{"controlType":"sap.m.SearchField","properties":{"placeholder":"Search"},"searchOpenDialogs":true,"interaction":{"idSuffix":"I"}},"wdio_ui5_key":"sapm.SearchField{\"placeholder\":\"Search\"}"}]}
RESULT: undefined
COMMAND: POST /session/d153e98b3c471435a5098620da501db7/execute/async - {"script":"<script> [776 bytes]","args":[{"enterText":"10001013","selector":{"controlType":"sap.m.SearchField","properties":{"placeholder":"Search"},"searchOpenDialogs":true,"interaction":{"idSuffix":"I"}},"clearTextFirst":true,"interactionType":"ENTER_TEXT"}]}
RESULT: {"script":"<script> [776 bytes]","args":[{"enterText":"10001013","selector":{"controlType":"sap.m.SearchField","properties":{"placeholder":"Search"},"searchOpenDialogs":true,"interaction":{"idSuffix":"I"}},"clearTextFirst":true,"interactionType":"ENTER_TEXT"}]}
COMMAND: POST /session/d153e98b3c471435a5098620da501db7/actions - {"actions":[{"id":"action1","type":"key","parameters":{},"actions":[{"type":"keyDown","value":"î€‡"},{"type":"pause","duration":10},{"type":"keyUp","value":"î€‡"}]}]}
RESULT: {"actions":[{"id":"action1","type":"key","parameters":{},"actions":[{"type":"keyDown","value":"î€‡"},{"type":"pause","duration":10},{"type":"keyUp","value":"î€‡"}]}]}
COMMAND: GET /session/d153e98b3c471435a5098620da501db7/screenshot - {}
RESULT: {}
COMMAND: POST /session/d153e98b3c471435a5098620da501db7/element - {"using":"xpath","value":"//span[contains(text(), \"General Management\")]"}
RESULT: {"using":"xpath","value":"//span[contains(text(), \"General Management\")]"}
COMMAND: POST /session/d153e98b3c471435a5098620da501db7/element/f.CF47462C8DE8152CFB397AB847E6AB59.d.59BFFA464C6237B98F0672DD2408CA6A.e.808/click - {}
RESULT: {}
COMMAND: GET /session/d153e98b3c471435a5098620da501db7/screenshot - {}
RESULT: {}
COMMAND: POST /session/d153e98b3c471435a5098620da501db7/element - {"using":"xpath","value":"//bdi[contains(text(), \"OK\")]"}
RESULT: {"using":"xpath","value":"//bdi[contains(text(), \"OK\")]"}
COMMAND: POST /session/d153e98b3c471435a5098620da501db7/element/f.CF47462C8DE8152CFB397AB847E6AB59.d.59BFFA464C6237B98F0672DD2408CA6A.e.809/click - {}
RESULT: {}
COMMAND: GET /session/d153e98b3c471435a5098620da501db7/screenshot - {}
RESULT: {}
COMMAND: POST /session/d153e98b3c471435a5098620da501db7/execute/async - {"script":"<script> [1562 bytes]","args":[{"selector":{"id":"application-manageyards-display-component---NewYard--addressEditDetailsCurrency-arrow"},"wdio_ui5_key":"applicationmanageyards-display-component---NewYard--addressEditDetailsCurrency-arrow"}]}
RESULT: {"script":"<script> [1562 bytes]","args":[{"selector":{"id":"application-manageyards-display-component---NewYard--addressEditDetailsCurrency-arrow"},"wdio_ui5_key":"applicationmanageyards-display-component---NewYard--addressEditDetailsCurrency-arrow"}]}
RESULT: undefined
COMMAND: POST /session/d153e98b3c471435a5098620da501db7/element - {"using":"xpath","value":"//*[@id=\"application-manageyards-display-component---NewYard--addressEditDetailsCurrency-arrow\"]"}
RESULT: {"using":"xpath","value":"//*[@id=\"application-manageyards-display-component---NewYard--addressEditDetailsCurrency-arrow\"]"}
COMMAND: POST /session/d153e98b3c471435a5098620da501db7/element/f.CF47462C8DE8152CFB397AB847E6AB59.d.59BFFA464C6237B98F0672DD2408CA6A.e.812/click - {}
RESULT: {}
COMMAND: POST /session/d153e98b3c471435a5098620da501db7/element - {"using":"xpath","value":"//span[contains(text(), \"Euro\")]"}
COMMAND: GET /session/d153e98b3c471435a5098620da501db7/screenshot - {}
RESULT: {"using":"xpath","value":"//span[contains(text(), \"Euro\")]"}
COMMAND: POST /session/d153e98b3c471435a5098620da501db7/element/f.CF47462C8DE8152CFB397AB847E6AB59.d.59BFFA464C6237B98F0672DD2408CA6A.e.813/click - {}
RESULT: {}
RESULT: {}
COMMAND: POST /session/d153e98b3c471435a5098620da501db7/execute/async - {"script":"<script> [1562 bytes]","args":[{"selector":{"controlType":"sap.m.Input","viewName":"etm.portal.ui.manageyards.view.New","viewId":"application-manageyards-display-component---NewYard","bindingPath":{"path":"","propertyPath":"/CONTROLLING_AREA","modelName":"NewYardModel"},"interaction":{"idSuffix":"inner"}},"wdio_ui5_key":"etmportal.ui.manageyards.view.Newsap.m.Input{\"path\":\"\",\"propertyPath\":\"/CONTROLLING_AREA\",\"modelName\":\"NewYardModel\"}"}]}
COMMAND: GET /session/d153e98b3c471435a5098620da501db7/screenshot - {}
RESULT: {"script":"<script> [1562 bytes]","args":[{"selector":{"controlType":"sap.m.Input","viewName":"etm.portal.ui.manageyards.view.New","viewId":"application-manageyards-display-component---NewYard","bindingPath":{"path":"","propertyPath":"/CONTROLLING_AREA","modelName":"NewYardModel"},"interaction":{"idSuffix":"inner"}},"wdio_ui5_key":"etmportal.ui.manageyards.view.Newsap.m.Input{\"path\":\"\",\"propertyPath\":\"/CONTROLLING_AREA\",\"modelName\":\"NewYardModel\"}"}]}
RESULT: undefined
COMMAND: POST /session/d153e98b3c471435a5098620da501db7/execute/async - {"script":"<script> [776 bytes]","args":[{"enterText":"Z001","selector":{"controlType":"sap.m.Input","viewName":"etm.portal.ui.manageyards.view.New","viewId":"application-manageyards-display-component---NewYard","bindingPath":{"path":"","propertyPath":"/CONTROLLING_AREA","modelName":"NewYardModel"},"interaction":{"idSuffix":"inner"}},"clearTextFirst":true,"interactionType":"ENTER_TEXT"}]}
RESULT: {}
RESULT: {"script":"<script> [776 bytes]","args":[{"enterText":"Z001","selector":{"controlType":"sap.m.Input","viewName":"etm.portal.ui.manageyards.view.New","viewId":"application-manageyards-display-component---NewYard","bindingPath":{"path":"","propertyPath":"/CONTROLLING_AREA","modelName":"NewYardModel"},"interaction":{"idSuffix":"inner"}},"clearTextFirst":true,"interactionType":"ENTER_TEXT"}]}
COMMAND: POST /session/d153e98b3c471435a5098620da501db7/execute/async - {"script":"<script> [1562 bytes]","args":[{"selector":{"id":"application-manageyards-display-component---NewYard--companyCodeComboBox","interaction":{"idSuffix":"inner"}},"wdio_ui5_key":"applicationmanageyards-display-component---NewYard--companyCodeComboBox"}]}
RESULT: {"script":"<script> [1562 bytes]","args":[{"selector":{"id":"application-manageyards-display-component---NewYard--companyCodeComboBox","interaction":{"idSuffix":"inner"}},"wdio_ui5_key":"applicationmanageyards-display-component---NewYard--companyCodeComboBox"}]}
RESULT: undefined
COMMAND: POST /session/d153e98b3c471435a5098620da501db7/execute/async - {"script":"<script> [776 bytes]","args":[{"enterText":"1000","selector":{"id":"application-manageyards-display-component---NewYard--companyCodeComboBox","interaction":{"idSuffix":"inner"}},"clearTextFirst":true,"interactionType":"ENTER_TEXT"}]}
RESULT: {"script":"<script> [776 bytes]","args":[{"enterText":"1000","selector":{"id":"application-manageyards-display-component---NewYard--companyCodeComboBox","interaction":{"idSuffix":"inner"}},"clearTextFirst":true,"interactionType":"ENTER_TEXT"}]}
COMMAND: POST /session/d153e98b3c471435a5098620da501db7/execute/async - {"script":"<script> [1562 bytes]","args":[{"selector":{"controlType":"sap.m.Input","viewName":"etm.portal.ui.manageyards.view.New","viewId":"application-manageyards-display-component---NewYard","bindingPath":{"path":"","propertyPath":"/PLANT","modelName":"NewYardModel"},"interaction":{"idSuffix":"inner"}},"wdio_ui5_key":"etmportal.ui.manageyards.view.Newsap.m.Input{\"path\":\"\",\"propertyPath\":\"/PLANT\",\"modelName\":\"NewYardModel\"}"}]}
RESULT: {"script":"<script> [1562 bytes]","args":[{"selector":{"controlType":"sap.m.Input","viewName":"etm.portal.ui.manageyards.view.New","viewId":"application-manageyards-display-component---NewYard","bindingPath":{"path":"","propertyPath":"/PLANT","modelName":"NewYardModel"},"interaction":{"idSuffix":"inner"}},"wdio_ui5_key":"etmportal.ui.manageyards.view.Newsap.m.Input{\"path\":\"\",\"propertyPath\":\"/PLANT\",\"modelName\":\"NewYardModel\"}"}]}
RESULT: undefined
COMMAND: POST /session/d153e98b3c471435a5098620da501db7/execute/async - {"script":"<script> [776 bytes]","args":[{"enterText":"1001","selector":{"controlType":"sap.m.Input","viewName":"etm.portal.ui.manageyards.view.New","viewId":"application-manageyards-display-component---NewYard","bindingPath":{"path":"","propertyPath":"/PLANT","modelName":"NewYardModel"},"interaction":{"idSuffix":"inner"}},"clearTextFirst":true,"interactionType":"ENTER_TEXT"}]}
RESULT: {"script":"<script> [776 bytes]","args":[{"enterText":"1001","selector":{"controlType":"sap.m.Input","viewName":"etm.portal.ui.manageyards.view.New","viewId":"application-manageyards-display-component---NewYard","bindingPath":{"path":"","propertyPath":"/PLANT","modelName":"NewYardModel"},"interaction":{"idSuffix":"inner"}},"clearTextFirst":true,"interactionType":"ENTER_TEXT"}]}
COMMAND: POST /session/d153e98b3c471435a5098620da501db7/execute/async - {"script":"<script> [1562 bytes]","args":[{"selector":{"controlType":"sap.m.Input","viewName":"etm.portal.ui.manageyards.view.New","viewId":"application-manageyards-display-component---NewYard","bindingPath":{"path":"","propertyPath":"/SALES_AREA_VKORG","modelName":"NewYardModel"},"interaction":{"idSuffix":"inner"}},"wdio_ui5_key":"etmportal.ui.manageyards.view.Newsap.m.Input{\"path\":\"\",\"propertyPath\":\"/SALES_AREA_VKORG\",\"modelName\":\"NewYardModel\"}"}]}
RESULT: {"script":"<script> [1562 bytes]","args":[{"selector":{"controlType":"sap.m.Input","viewName":"etm.portal.ui.manageyards.view.New","viewId":"application-manageyards-display-component---NewYard","bindingPath":{"path":"","propertyPath":"/SALES_AREA_VKORG","modelName":"NewYardModel"},"interaction":{"idSuffix":"inner"}},"wdio_ui5_key":"etmportal.ui.manageyards.view.Newsap.m.Input{\"path\":\"\",\"propertyPath\":\"/SALES_AREA_VKORG\",\"modelName\":\"NewYardModel\"}"}]}
RESULT: undefined
COMMAND: POST /session/d153e98b3c471435a5098620da501db7/execute/async - {"script":"<script> [776 bytes]","args":[{"enterText":"C002","selector":{"controlType":"sap.m.Input","viewName":"etm.portal.ui.manageyards.view.New","viewId":"application-manageyards-display-component---NewYard","bindingPath":{"path":"","propertyPath":"/SALES_AREA_VKORG","modelName":"NewYardModel"},"interaction":{"idSuffix":"inner"}},"clearTextFirst":true,"interactionType":"ENTER_TEXT"}]}
RESULT: {"script":"<script> [776 bytes]","args":[{"enterText":"C002","selector":{"controlType":"sap.m.Input","viewName":"etm.portal.ui.manageyards.view.New","viewId":"application-manageyards-display-component---NewYard","bindingPath":{"path":"","propertyPath":"/SALES_AREA_VKORG","modelName":"NewYardModel"},"interaction":{"idSuffix":"inner"}},"clearTextFirst":true,"interactionType":"ENTER_TEXT"}]}
COMMAND: POST /session/d153e98b3c471435a5098620da501db7/execute/async - {"script":"<script> [1562 bytes]","args":[{"selector":{"controlType":"sap.m.Input","viewName":"etm.portal.ui.manageyards.view.New","viewId":"application-manageyards-display-component---NewYard","bindingPath":{"path":"","propertyPath":"/SALES_AREA_VTWEG","modelName":"NewYardModel"},"interaction":{"idSuffix":"inner"}},"wdio_ui5_key":"etmportal.ui.manageyards.view.Newsap.m.Input{\"path\":\"\",\"propertyPath\":\"/SALES_AREA_VTWEG\",\"modelName\":\"NewYardModel\"}"}]}
RESULT: {"script":"<script> [1562 bytes]","args":[{"selector":{"controlType":"sap.m.Input","viewName":"etm.portal.ui.manageyards.view.New","viewId":"application-manageyards-display-component---NewYard","bindingPath":{"path":"","propertyPath":"/SALES_AREA_VTWEG","modelName":"NewYardModel"},"interaction":{"idSuffix":"inner"}},"wdio_ui5_key":"etmportal.ui.manageyards.view.Newsap.m.Input{\"path\":\"\",\"propertyPath\":\"/SALES_AREA_VTWEG\",\"modelName\":\"NewYardModel\"}"}]}
RESULT: undefined
COMMAND: POST /session/d153e98b3c471435a5098620da501db7/execute/async - {"script":"<script> [776 bytes]","args":[{"enterText":"C2","selector":{"controlType":"sap.m.Input","viewName":"etm.portal.ui.manageyards.view.New","viewId":"application-manageyards-display-component---NewYard","bindingPath":{"path":"","propertyPath":"/SALES_AREA_VTWEG","modelName":"NewYardModel"},"interaction":{"idSuffix":"inner"}},"clearTextFirst":true,"interactionType":"ENTER_TEXT"}]}
RESULT: {"script":"<script> [776 bytes]","args":[{"enterText":"C2","selector":{"controlType":"sap.m.Input","viewName":"etm.portal.ui.manageyards.view.New","viewId":"application-manageyards-display-component---NewYard","bindingPath":{"path":"","propertyPath":"/SALES_AREA_VTWEG","modelName":"NewYardModel"},"interaction":{"idSuffix":"inner"}},"clearTextFirst":true,"interactionType":"ENTER_TEXT"}]}
COMMAND: POST /session/d153e98b3c471435a5098620da501db7/execute/async - {"script":"<script> [1562 bytes]","args":[{"selector":{"controlType":"sap.m.Input","viewName":"etm.portal.ui.manageyards.view.New","viewId":"application-manageyards-display-component---NewYard","bindingPath":{"path":"","propertyPath":"/SALES_AREA_SPART","modelName":"NewYardModel"},"interaction":{"idSuffix":"inner"}},"wdio_ui5_key":"etmportal.ui.manageyards.view.Newsap.m.Input{\"path\":\"\",\"propertyPath\":\"/SALES_AREA_SPART\",\"modelName\":\"NewYardModel\"}"}]}
RESULT: {"script":"<script> [1562 bytes]","args":[{"selector":{"controlType":"sap.m.Input","viewName":"etm.portal.ui.manageyards.view.New","viewId":"application-manageyards-display-component---NewYard","bindingPath":{"path":"","propertyPath":"/SALES_AREA_SPART","modelName":"NewYardModel"},"interaction":{"idSuffix":"inner"}},"wdio_ui5_key":"etmportal.ui.manageyards.view.Newsap.m.Input{\"path\":\"\",\"propertyPath\":\"/SALES_AREA_SPART\",\"modelName\":\"NewYardModel\"}"}]}
RESULT: undefined
COMMAND: POST /session/d153e98b3c471435a5098620da501db7/execute/async - {"script":"<script> [776 bytes]","args":[{"enterText":"C2","selector":{"controlType":"sap.m.Input","viewName":"etm.portal.ui.manageyards.view.New","viewId":"application-manageyards-display-component---NewYard","bindingPath":{"path":"","propertyPath":"/SALES_AREA_SPART","modelName":"NewYardModel"},"interaction":{"idSuffix":"inner"}},"clearTextFirst":true,"interactionType":"ENTER_TEXT"}]}
RESULT: {"script":"<script> [776 bytes]","args":[{"enterText":"C2","selector":{"controlType":"sap.m.Input","viewName":"etm.portal.ui.manageyards.view.New","viewId":"application-manageyards-display-component---NewYard","bindingPath":{"path":"","propertyPath":"/SALES_AREA_SPART","modelName":"NewYardModel"},"interaction":{"idSuffix":"inner"}},"clearTextFirst":true,"interactionType":"ENTER_TEXT"}]}
COMMAND: POST /session/d153e98b3c471435a5098620da501db7/execute/async - {"script":"<script> [1562 bytes]","args":[{"selector":{"controlType":"sap.m.Input","viewName":"etm.portal.ui.manageyards.view.New","viewId":"application-manageyards-display-component---NewYard","bindingPath":{"path":"","propertyPath":"/SHIP_POINT","modelName":"NewYardModel"},"interaction":{"idSuffix":"inner"}},"wdio_ui5_key":"etmportal.ui.manageyards.view.Newsap.m.Input{\"path\":\"\",\"propertyPath\":\"/SHIP_POINT\",\"modelName\":\"NewYardModel\"}"}]}
RESULT: {"script":"<script> [1562 bytes]","args":[{"selector":{"controlType":"sap.m.Input","viewName":"etm.portal.ui.manageyards.view.New","viewId":"application-manageyards-display-component---NewYard","bindingPath":{"path":"","propertyPath":"/SHIP_POINT","modelName":"NewYardModel"},"interaction":{"idSuffix":"inner"}},"wdio_ui5_key":"etmportal.ui.manageyards.view.Newsap.m.Input{\"path\":\"\",\"propertyPath\":\"/SHIP_POINT\",\"modelName\":\"NewYardModel\"}"}]}
RESULT: undefined
COMMAND: POST /session/d153e98b3c471435a5098620da501db7/execute/async - {"script":"<script> [776 bytes]","args":[{"enterText":"1710","selector":{"controlType":"sap.m.Input","viewName":"etm.portal.ui.manageyards.view.New","viewId":"application-manageyards-display-component---NewYard","bindingPath":{"path":"","propertyPath":"/SHIP_POINT","modelName":"NewYardModel"},"interaction":{"idSuffix":"inner"}},"clearTextFirst":true,"interactionType":"ENTER_TEXT"}]}
RESULT: {"script":"<script> [776 bytes]","args":[{"enterText":"1710","selector":{"controlType":"sap.m.Input","viewName":"etm.portal.ui.manageyards.view.New","viewId":"application-manageyards-display-component---NewYard","bindingPath":{"path":"","propertyPath":"/SHIP_POINT","modelName":"NewYardModel"},"interaction":{"idSuffix":"inner"}},"clearTextFirst":true,"interactionType":"ENTER_TEXT"}]}
COMMAND: POST /session/d153e98b3c471435a5098620da501db7/execute/async - {"script":"<script> [1562 bytes]","args":[{"selector":{"controlType":"sap.m.Input","viewName":"etm.portal.ui.manageyards.view.New","viewId":"application-manageyards-display-component---NewYard","bindingPath":{"path":"","propertyPath":"/DELIVERY_TYPE","modelName":"NewYardModel"},"interaction":{"idSuffix":"inner"}},"wdio_ui5_key":"etmportal.ui.manageyards.view.Newsap.m.Input{\"path\":\"\",\"propertyPath\":\"/DELIVERY_TYPE\",\"modelName\":\"NewYardModel\"}"}]}
RESULT: {"script":"<script> [1562 bytes]","args":[{"selector":{"controlType":"sap.m.Input","viewName":"etm.portal.ui.manageyards.view.New","viewId":"application-manageyards-display-component---NewYard","bindingPath":{"path":"","propertyPath":"/DELIVERY_TYPE","modelName":"NewYardModel"},"interaction":{"idSuffix":"inner"}},"wdio_ui5_key":"etmportal.ui.manageyards.view.Newsap.m.Input{\"path\":\"\",\"propertyPath\":\"/DELIVERY_TYPE\",\"modelName\":\"NewYardModel\"}"}]}
RESULT: undefined
COMMAND: POST /session/d153e98b3c471435a5098620da501db7/execute/async - {"script":"<script> [776 bytes]","args":[{"enterText":"ZL01","selector":{"controlType":"sap.m.Input","viewName":"etm.portal.ui.manageyards.view.New","viewId":"application-manageyards-display-component---NewYard","bindingPath":{"path":"","propertyPath":"/DELIVERY_TYPE","modelName":"NewYardModel"},"interaction":{"idSuffix":"inner"}},"clearTextFirst":true,"interactionType":"ENTER_TEXT"}]}
RESULT: {"script":"<script> [776 bytes]","args":[{"enterText":"ZL01","selector":{"controlType":"sap.m.Input","viewName":"etm.portal.ui.manageyards.view.New","viewId":"application-manageyards-display-component---NewYard","bindingPath":{"path":"","propertyPath":"/DELIVERY_TYPE","modelName":"NewYardModel"},"interaction":{"idSuffix":"inner"}},"clearTextFirst":true,"interactionType":"ENTER_TEXT"}]}
COMMAND: POST /session/d153e98b3c471435a5098620da501db7/execute/async - {"script":"<script> [1562 bytes]","args":[{"selector":{"controlType":"sap.m.Input","viewName":"etm.portal.ui.manageyards.view.New","viewId":"application-manageyards-display-component---NewYard","bindingPath":{"path":"","propertyPath":"/AUART","modelName":"NewYardModel"},"interaction":{"idSuffix":"inner"}},"wdio_ui5_key":"etmportal.ui.manageyards.view.Newsap.m.Input{\"path\":\"\",\"propertyPath\":\"/AUART\",\"modelName\":\"NewYardModel\"}"}]}
RESULT: {"script":"<script> [1562 bytes]","args":[{"selector":{"controlType":"sap.m.Input","viewName":"etm.portal.ui.manageyards.view.New","viewId":"application-manageyards-display-component---NewYard","bindingPath":{"path":"","propertyPath":"/AUART","modelName":"NewYardModel"},"interaction":{"idSuffix":"inner"}},"wdio_ui5_key":"etmportal.ui.manageyards.view.Newsap.m.Input{\"path\":\"\",\"propertyPath\":\"/AUART\",\"modelName\":\"NewYardModel\"}"}]}
RESULT: undefined
COMMAND: POST /session/d153e98b3c471435a5098620da501db7/execute/async - {"script":"<script> [776 bytes]","args":[{"enterText":"TA","selector":{"controlType":"sap.m.Input","viewName":"etm.portal.ui.manageyards.view.New","viewId":"application-manageyards-display-component---NewYard","bindingPath":{"path":"","propertyPath":"/AUART","modelName":"NewYardModel"},"interaction":{"idSuffix":"inner"}},"clearTextFirst":true,"interactionType":"ENTER_TEXT"}]}
RESULT: {"script":"<script> [776 bytes]","args":[{"enterText":"TA","selector":{"controlType":"sap.m.Input","viewName":"etm.portal.ui.manageyards.view.New","viewId":"application-manageyards-display-component---NewYard","bindingPath":{"path":"","propertyPath":"/AUART","modelName":"NewYardModel"},"interaction":{"idSuffix":"inner"}},"clearTextFirst":true,"interactionType":"ENTER_TEXT"}]}
COMMAND: POST /session/d153e98b3c471435a5098620da501db7/element - {"using":"xpath","value":"//button[@data-kt=\"newYardSaveButton\"]"}
RESULT: {"using":"xpath","value":"//button[@data-kt=\"newYardSaveButton\"]"}
COMMAND: POST /session/d153e98b3c471435a5098620da501db7/element/f.CF47462C8DE8152CFB397AB847E6AB59.d.59BFFA464C6237B98F0672DD2408CA6A.e.723/click - {}
RESULT: {}
COMMAND: GET /session/d153e98b3c471435a5098620da501db7/screenshot - {}
RESULT: {}
COMMAND: POST /session/d153e98b3c471435a5098620da501db7/element - {"using":"xpath","value":"//header[contains(@id, 'ObjectPageLayout-headerTitle')]/div[1]/div[2]/div[1]/span[1]"}
RESULT: {"using":"xpath","value":"//header[contains(@id, 'ObjectPageLayout-headerTitle')]/div[1]/div[2]/div[1]/span[1]"}
COMMAND: POST /session/d153e98b3c471435a5098620da501db7/elements - {"using":"xpath","value":"//header[contains(@id, 'ObjectPageLayout-headerTitle')]/div[1]/div[2]/div[1]/span[1]"}
RESULT: {"using":"xpath","value":"//header[contains(@id, 'ObjectPageLayout-headerTitle')]/div[1]/div[2]/div[1]/span[1]"}
COMMAND: POST /session/d153e98b3c471435a5098620da501db7/execute/sync - {"script":"<script> [56 bytes]","args":[{"element-6066-11e4-a52e-4f735466cecf":"f.CF47462C8DE8152CFB397AB847E6AB59.d.59BFFA464C6237B98F0672DD2408CA6A.e.1034","ELEMENT":"f.CF47462C8DE8152CFB397AB847E6AB59.d.59BFFA464C6237B98F0672DD2408CA6A.e.1034"}]}
RESULT: {"script":"<script> [56 bytes]","args":[{"element-6066-11e4-a52e-4f735466cecf":"f.CF47462C8DE8152CFB397AB847E6AB59.d.59BFFA464C6237B98F0672DD2408CA6A.e.1034","ELEMENT":"f.CF47462C8DE8152CFB397AB847E6AB59.d.59BFFA464C6237B98F0672DD2408CA6A.e.1034"}]}
COMMAND: GET /session/d153e98b3c471435a5098620da501db7/screenshot - {}
RESULT: {}
COMMAND: POST /session/d153e98b3c471435a5098620da501db7/element - {"using":"css selector","value":"#shell-header-logo"}
RESULT: {"using":"css selector","value":"#shell-header-logo"}
COMMAND: POST /session/d153e98b3c471435a5098620da501db7/element/f.CF47462C8DE8152CFB397AB847E6AB59.d.59BFFA464C6237B98F0672DD2408CA6A.e.290/click - {}
RESULT: {}
COMMAND: GET /session/d153e98b3c471435a5098620da501db7/screenshot - {}
RESULT: {}
COMMAND: POST /session/d153e98b3c471435a5098620da501db7/execute/sync - {"script":"<script> [299 bytes]","args":[["getModel","getResource"]]}
RESULT: {"script":"<script> [299 bytes]","args":[["getModel","getResource"]]}
COMMAND: GET /session/d153e98b3c471435a5098620da501db7/screenshot - {}
]]></system-out>
    </testcase>
  </testsuite>
  <testsuite timestamp="2025-05-13T16:47:59" time="726.113" tests="6" failures="0" errors="0" skipped="0">
    <properties>
      <property name="specId" value="0" />
      <property name="suiteName" value="Yard Overview Autoplanning US130989" />
      <property name="capabilities" value="chrome.136_0_7103_49.windows" />
      <property name="file" value="file:///D:/a/1/s/test/specs/HTR/yard-overview-autoplanning.spec.js" />
    </properties>
    <testcase classname="chrome.136_0_7103_49.windows.Yard_Overview_Autoplanning_US130989" name="Prereq Should create a new yard used for all following tests" time="0.023">
      <system-out><![CDATA[
COMMAND: POST /session/d153e98b3c471435a5098620da501db7/window/fullscreen - {}
RESULT: {}
]]></system-out>
    </testcase>
    <testcase classname="chrome.136_0_7103_49.windows.Yard_Overview_Autoplanning_US130989" name="Prereq Should create a new partner" time="141.005">
      <system-out><![CDATA[
COMMAND: POST /session/d153e98b3c471435a5098620da501db7/window/fullscreen - {}
RESULT: {}
COMMAND: POST /session/d153e98b3c471435a5098620da501db7/execute/async - {"script":"<script> [1562 bytes]","args":[{"selector":{"controlType":"sap.m.GenericTile","properties":{"header":"Manage Partners"}},"wdio_ui5_key":"sapm.GenericTile{\"header\":\"Manage Partners\"}"}]}
RESULT: {"script":"<script> [1562 bytes]","args":[{"selector":{"controlType":"sap.m.GenericTile","properties":{"header":"Manage Partners"}},"wdio_ui5_key":"sapm.GenericTile{\"header\":\"Manage Partners\"}"}]}
RESULT: undefined
COMMAND: POST /session/d153e98b3c471435a5098620da501db7/element - {"using":"xpath","value":"//*[@id=\"__tile38\"]"}
RESULT: {"using":"xpath","value":"//*[@id=\"__tile38\"]"}
COMMAND: POST /session/d153e98b3c471435a5098620da501db7/element/f.CF47462C8DE8152CFB397AB847E6AB59.d.6D70C58FBB3668F958392F8F78FAC0B2.e.1821/click - {}
RESULT: {}
COMMAND: POST /session/d153e98b3c471435a5098620da501db7/element - {"using":"xpath","value":"//button[@data-kt=\"addButton\"]"}
COMMAND: GET /session/d153e98b3c471435a5098620da501db7/screenshot - {}
RESULT: {"using":"xpath","value":"//button[@data-kt=\"addButton\"]"}
COMMAND: POST /session/d153e98b3c471435a5098620da501db7/elements - {"using":"xpath","value":"//button[@data-kt=\"addButton\"]"}
RESULT: {}
RESULT: {"using":"xpath","value":"//button[@data-kt=\"addButton\"]"}
COMMAND: POST /session/d153e98b3c471435a5098620da501db7/elements - {"using":"xpath","value":"//button[@data-kt=\"addButton\"]"}
RESULT: {"using":"xpath","value":"//button[@data-kt=\"addButton\"]"}
COMMAND: POST /session/d153e98b3c471435a5098620da501db7/elements - {"using":"xpath","value":"//button[@data-kt=\"addButton\"]"}
RESULT: {"using":"xpath","value":"//button[@data-kt=\"addButton\"]"}
COMMAND: POST /session/d153e98b3c471435a5098620da501db7/elements - {"using":"xpath","value":"//button[@data-kt=\"addButton\"]"}
RESULT: {"using":"xpath","value":"//button[@data-kt=\"addButton\"]"}
COMMAND: POST /session/d153e98b3c471435a5098620da501db7/elements - {"using":"xpath","value":"//button[@data-kt=\"addButton\"]"}
RESULT: {"using":"xpath","value":"//button[@data-kt=\"addButton\"]"}
COMMAND: POST /session/d153e98b3c471435a5098620da501db7/elements - {"using":"xpath","value":"//button[@data-kt=\"addButton\"]"}
RESULT: {"using":"xpath","value":"//button[@data-kt=\"addButton\"]"}
COMMAND: POST /session/d153e98b3c471435a5098620da501db7/elements - {"using":"xpath","value":"//button[@data-kt=\"addButton\"]"}
RESULT: {"using":"xpath","value":"//button[@data-kt=\"addButton\"]"}
COMMAND: POST /session/d153e98b3c471435a5098620da501db7/elements - {"using":"xpath","value":"//button[@data-kt=\"addButton\"]"}
RESULT: {"using":"xpath","value":"//button[@data-kt=\"addButton\"]"}
COMMAND: POST /session/d153e98b3c471435a5098620da501db7/elements - {"using":"xpath","value":"//button[@data-kt=\"addButton\"]"}
RESULT: {"using":"xpath","value":"//button[@data-kt=\"addButton\"]"}
COMMAND: POST /session/d153e98b3c471435a5098620da501db7/elements - {"using":"xpath","value":"//button[@data-kt=\"addButton\"]"}
RESULT: {"using":"xpath","value":"//button[@data-kt=\"addButton\"]"}
COMMAND: POST /session/d153e98b3c471435a5098620da501db7/elements - {"using":"xpath","value":"//button[@data-kt=\"addButton\"]"}
RESULT: {"using":"xpath","value":"//button[@data-kt=\"addButton\"]"}
COMMAND: POST /session/d153e98b3c471435a5098620da501db7/elements - {"using":"xpath","value":"//button[@data-kt=\"addButton\"]"}
RESULT: {"using":"xpath","value":"//button[@data-kt=\"addButton\"]"}
COMMAND: POST /session/d153e98b3c471435a5098620da501db7/elements - {"using":"xpath","value":"//button[@data-kt=\"addButton\"]"}
RESULT: {"using":"xpath","value":"//button[@data-kt=\"addButton\"]"}
COMMAND: POST /session/d153e98b3c471435a5098620da501db7/elements - {"using":"xpath","value":"//button[@data-kt=\"addButton\"]"}
RESULT: {"using":"xpath","value":"//button[@data-kt=\"addButton\"]"}
COMMAND: POST /session/d153e98b3c471435a5098620da501db7/elements - {"using":"xpath","value":"//button[@data-kt=\"addButton\"]"}
RESULT: {"using":"xpath","value":"//button[@data-kt=\"addButton\"]"}
COMMAND: POST /session/d153e98b3c471435a5098620da501db7/elements - {"using":"xpath","value":"//button[@data-kt=\"addButton\"]"}
RESULT: {"using":"xpath","value":"//button[@data-kt=\"addButton\"]"}
COMMAND: POST /session/d153e98b3c471435a5098620da501db7/elements - {"using":"xpath","value":"//button[@data-kt=\"addButton\"]"}
RESULT: {"using":"xpath","value":"//button[@data-kt=\"addButton\"]"}
COMMAND: POST /session/d153e98b3c471435a5098620da501db7/elements - {"using":"xpath","value":"//button[@data-kt=\"addButton\"]"}
RESULT: {"using":"xpath","value":"//button[@data-kt=\"addButton\"]"}
COMMAND: POST /session/d153e98b3c471435a5098620da501db7/elements - {"using":"xpath","value":"//button[@data-kt=\"addButton\"]"}
RESULT: {"using":"xpath","value":"//button[@data-kt=\"addButton\"]"}
COMMAND: POST /session/d153e98b3c471435a5098620da501db7/elements - {"using":"xpath","value":"//button[@data-kt=\"addButton\"]"}
RESULT: {"using":"xpath","value":"//button[@data-kt=\"addButton\"]"}
COMMAND: POST /session/d153e98b3c471435a5098620da501db7/elements - {"using":"xpath","value":"//button[@data-kt=\"addButton\"]"}
RESULT: {"using":"xpath","value":"//button[@data-kt=\"addButton\"]"}
COMMAND: POST /session/d153e98b3c471435a5098620da501db7/elements - {"using":"xpath","value":"//button[@data-kt=\"addButton\"]"}
RESULT: {"using":"xpath","value":"//button[@data-kt=\"addButton\"]"}
COMMAND: POST /session/d153e98b3c471435a5098620da501db7/elements - {"using":"xpath","value":"//button[@data-kt=\"addButton\"]"}
RESULT: {"using":"xpath","value":"//button[@data-kt=\"addButton\"]"}
COMMAND: POST /session/d153e98b3c471435a5098620da501db7/elements - {"using":"xpath","value":"//button[@data-kt=\"addButton\"]"}
RESULT: {"using":"xpath","value":"//button[@data-kt=\"addButton\"]"}
COMMAND: POST /session/d153e98b3c471435a5098620da501db7/elements - {"using":"xpath","value":"//button[@data-kt=\"addButton\"]"}
RESULT: {"using":"xpath","value":"//button[@data-kt=\"addButton\"]"}
COMMAND: POST /session/d153e98b3c471435a5098620da501db7/elements - {"using":"xpath","value":"//button[@data-kt=\"addButton\"]"}
RESULT: {"using":"xpath","value":"//button[@data-kt=\"addButton\"]"}
COMMAND: POST /session/d153e98b3c471435a5098620da501db7/elements - {"using":"xpath","value":"//button[@data-kt=\"addButton\"]"}
RESULT: {"using":"xpath","value":"//button[@data-kt=\"addButton\"]"}
COMMAND: POST /session/d153e98b3c471435a5098620da501db7/elements - {"using":"xpath","value":"//button[@data-kt=\"addButton\"]"}
RESULT: {"using":"xpath","value":"//button[@data-kt=\"addButton\"]"}
COMMAND: POST /session/d153e98b3c471435a5098620da501db7/elements - {"using":"xpath","value":"//button[@data-kt=\"addButton\"]"}
RESULT: {"using":"xpath","value":"//button[@data-kt=\"addButton\"]"}
COMMAND: POST /session/d153e98b3c471435a5098620da501db7/elements - {"using":"xpath","value":"//button[@data-kt=\"addButton\"]"}
RESULT: {"using":"xpath","value":"//button[@data-kt=\"addButton\"]"}
COMMAND: POST /session/d153e98b3c471435a5098620da501db7/elements - {"using":"xpath","value":"//button[@data-kt=\"addButton\"]"}
RESULT: {"using":"xpath","value":"//button[@data-kt=\"addButton\"]"}
COMMAND: POST /session/d153e98b3c471435a5098620da501db7/elements - {"using":"xpath","value":"//button[@data-kt=\"addButton\"]"}
RESULT: {"using":"xpath","value":"//button[@data-kt=\"addButton\"]"}
COMMAND: POST /session/d153e98b3c471435a5098620da501db7/elements - {"using":"xpath","value":"//button[@data-kt=\"addButton\"]"}
RESULT: {"using":"xpath","value":"//button[@data-kt=\"addButton\"]"}
COMMAND: POST /session/d153e98b3c471435a5098620da501db7/element - {"using":"xpath","value":"//button[@data-kt=\"addButton\"]"}
RESULT: {"using":"xpath","value":"//button[@data-kt=\"addButton\"]"}
COMMAND: POST /session/d153e98b3c471435a5098620da501db7/execute/sync - {"script":"<script> [8489 bytes]","args":[{"element-6066-11e4-a52e-4f735466cecf":"f.CF47462C8DE8152CFB397AB847E6AB59.d.6D70C58FBB3668F958392F8F78FAC0B2.e.1967","ELEMENT":"f.CF47462C8DE8152CFB397AB847E6AB59.d.6D70C58FBB3668F958392F8F78FAC0B2.e.1967"}]}
RESULT: {"script":"<script> [8489 bytes]","args":[{"element-6066-11e4-a52e-4f735466cecf":"f.CF47462C8DE8152CFB397AB847E6AB59.d.6D70C58FBB3668F958392F8F78FAC0B2.e.1967","ELEMENT":"f.CF47462C8DE8152CFB397AB847E6AB59.d.6D70C58FBB3668F958392F8F78FAC0B2.e.1967"}]}
COMMAND: GET /session/d153e98b3c471435a5098620da501db7/element/f.CF47462C8DE8152CFB397AB847E6AB59.d.6D70C58FBB3668F958392F8F78FAC0B2.e.1967/enabled - {}
COMMAND: GET /session/d153e98b3c471435a5098620da501db7/screenshot - {}
RESULT: {}
COMMAND: POST /session/d153e98b3c471435a5098620da501db7/execute/sync - {"script":"<script> [8489 bytes]","args":[{"element-6066-11e4-a52e-4f735466cecf":"f.CF47462C8DE8152CFB397AB847E6AB59.d.6D70C58FBB3668F958392F8F78FAC0B2.e.1967","ELEMENT":"f.CF47462C8DE8152CFB397AB847E6AB59.d.6D70C58FBB3668F958392F8F78FAC0B2.e.1967"}]}
COMMAND: GET /session/d153e98b3c471435a5098620da501db7/screenshot - {}
RESULT: {}
RESULT: {"script":"<script> [8489 bytes]","args":[{"element-6066-11e4-a52e-4f735466cecf":"f.CF47462C8DE8152CFB397AB847E6AB59.d.6D70C58FBB3668F958392F8F78FAC0B2.e.1967","ELEMENT":"f.CF47462C8DE8152CFB397AB847E6AB59.d.6D70C58FBB3668F958392F8F78FAC0B2.e.1967"}]}
COMMAND: POST /session/d153e98b3c471435a5098620da501db7/execute/sync - {"script":"<script> [5351 bytes]","args":[{"element-6066-11e4-a52e-4f735466cecf":"f.CF47462C8DE8152CFB397AB847E6AB59.d.6D70C58FBB3668F958392F8F78FAC0B2.e.1967","ELEMENT":"f.CF47462C8DE8152CFB397AB847E6AB59.d.6D70C58FBB3668F958392F8F78FAC0B2.e.1967"}]}
COMMAND: GET /session/d153e98b3c471435a5098620da501db7/screenshot - {}
RESULT: {}
RESULT: {"script":"<script> [5351 bytes]","args":[{"element-6066-11e4-a52e-4f735466cecf":"f.CF47462C8DE8152CFB397AB847E6AB59.d.6D70C58FBB3668F958392F8F78FAC0B2.e.1967","ELEMENT":"f.CF47462C8DE8152CFB397AB847E6AB59.d.6D70C58FBB3668F958392F8F78FAC0B2.e.1967"}]}
COMMAND: POST /session/d153e98b3c471435a5098620da501db7/element/f.CF47462C8DE8152CFB397AB847E6AB59.d.6D70C58FBB3668F958392F8F78FAC0B2.e.1967/click - {}
COMMAND: GET /session/d153e98b3c471435a5098620da501db7/screenshot - {}
RESULT: {}
RESULT: {}
COMMAND: GET /session/d153e98b3c471435a5098620da501db7/screenshot - {}
RESULT: {}
RESULT: {}
COMMAND: POST /session/d153e98b3c471435a5098620da501db7/execute/async - {"script":"<script> [1562 bytes]","args":[{"selector":{"id":"application-managepartners-display-component---NewPartner--addressDetailDetailsName1","interaction":{"idSuffix":"inner"}},"wdio_ui5_key":"applicationmanagepartners-display-component---NewPartner--addressDetailDetailsName1"}]}
RESULT: {"script":"<script> [1562 bytes]","args":[{"selector":{"id":"application-managepartners-display-component---NewPartner--addressDetailDetailsName1","interaction":{"idSuffix":"inner"}},"wdio_ui5_key":"applicationmanagepartners-display-component---NewPartner--addressDetailDetailsName1"}]}
RESULT: undefined
COMMAND: POST /session/d153e98b3c471435a5098620da501db7/execute/async - {"script":"<script> [776 bytes]","args":[{"enterText":"Intracompany Partner WDIO","selector":{"id":"application-managepartners-display-component---NewPartner--addressDetailDetailsName1","interaction":{"idSuffix":"inner"}},"clearTextFirst":true,"interactionType":"ENTER_TEXT"}]}
RESULT: {"script":"<script> [776 bytes]","args":[{"enterText":"Intracompany Partner WDIO","selector":{"id":"application-managepartners-display-component---NewPartner--addressDetailDetailsName1","interaction":{"idSuffix":"inner"}},"clearTextFirst":true,"interactionType":"ENTER_TEXT"}]}
COMMAND: POST /session/d153e98b3c471435a5098620da501db7/execute/async - {"script":"<script> [1562 bytes]","args":[{"selector":{"id":"application-managepartners-display-component---NewPartner--addressDetailDetailsLanguage-arrow"},"wdio_ui5_key":"applicationmanagepartners-display-component---NewPartner--addressDetailDetailsLanguage-arrow"}]}
RESULT: {"script":"<script> [1562 bytes]","args":[{"selector":{"id":"application-managepartners-display-component---NewPartner--addressDetailDetailsLanguage-arrow"},"wdio_ui5_key":"applicationmanagepartners-display-component---NewPartner--addressDetailDetailsLanguage-arrow"}]}
RESULT: undefined
COMMAND: POST /session/d153e98b3c471435a5098620da501db7/element - {"using":"xpath","value":"//*[@id=\"application-managepartners-display-component---NewPartner--addressDetailDetailsLanguage-arrow\"]"}
RESULT: {"using":"xpath","value":"//*[@id=\"application-managepartners-display-component---NewPartner--addressDetailDetailsLanguage-arrow\"]"}
COMMAND: POST /session/d153e98b3c471435a5098620da501db7/element/f.CF47462C8DE8152CFB397AB847E6AB59.d.6D70C58FBB3668F958392F8F78FAC0B2.e.2407/click - {}
RESULT: {}
COMMAND: POST /session/d153e98b3c471435a5098620da501db7/element - {"using":"xpath","value":"//span[contains(text(), \"English\")]"}
COMMAND: GET /session/d153e98b3c471435a5098620da501db7/screenshot - {}
RESULT: {"using":"xpath","value":"//span[contains(text(), \"English\")]"}
COMMAND: POST /session/d153e98b3c471435a5098620da501db7/element/f.CF47462C8DE8152CFB397AB847E6AB59.d.6D70C58FBB3668F958392F8F78FAC0B2.e.2408/click - {}
RESULT: {}
RESULT: {}
COMMAND: GET /session/d153e98b3c471435a5098620da501db7/screenshot - {}
RESULT: {}
COMMAND: POST /session/d153e98b3c471435a5098620da501db7/execute/async - {"script":"<script> [1562 bytes]","args":[{"selector":{"id":"application-managepartners-display-component---NewPartner--addressDetailDetailsCity1","interaction":{"idSuffix":"inner"}},"wdio_ui5_key":"applicationmanagepartners-display-component---NewPartner--addressDetailDetailsCity1"}]}
RESULT: {"script":"<script> [1562 bytes]","args":[{"selector":{"id":"application-managepartners-display-component---NewPartner--addressDetailDetailsCity1","interaction":{"idSuffix":"inner"}},"wdio_ui5_key":"applicationmanagepartners-display-component---NewPartner--addressDetailDetailsCity1"}]}
RESULT: undefined
COMMAND: POST /session/d153e98b3c471435a5098620da501db7/execute/async - {"script":"<script> [776 bytes]","args":[{"enterText":"Rosario","selector":{"id":"application-managepartners-display-component---NewPartner--addressDetailDetailsCity1","interaction":{"idSuffix":"inner"}},"clearTextFirst":true,"interactionType":"ENTER_TEXT"}]}
RESULT: {"script":"<script> [776 bytes]","args":[{"enterText":"Rosario","selector":{"id":"application-managepartners-display-component---NewPartner--addressDetailDetailsCity1","interaction":{"idSuffix":"inner"}},"clearTextFirst":true,"interactionType":"ENTER_TEXT"}]}
COMMAND: POST /session/d153e98b3c471435a5098620da501db7/execute/async - {"script":"<script> [1562 bytes]","args":[{"selector":{"id":"application-managepartners-display-component---NewPartner--addressDetailDetailsCountry-arrow"},"wdio_ui5_key":"applicationmanagepartners-display-component---NewPartner--addressDetailDetailsCountry-arrow"}]}
RESULT: {"script":"<script> [1562 bytes]","args":[{"selector":{"id":"application-managepartners-display-component---NewPartner--addressDetailDetailsCountry-arrow"},"wdio_ui5_key":"applicationmanagepartners-display-component---NewPartner--addressDetailDetailsCountry-arrow"}]}
RESULT: undefined
COMMAND: POST /session/d153e98b3c471435a5098620da501db7/element - {"using":"xpath","value":"//*[@id=\"application-managepartners-display-component---NewPartner--addressDetailDetailsCountry-arrow\"]"}
RESULT: {"using":"xpath","value":"//*[@id=\"application-managepartners-display-component---NewPartner--addressDetailDetailsCountry-arrow\"]"}
COMMAND: POST /session/d153e98b3c471435a5098620da501db7/element/f.CF47462C8DE8152CFB397AB847E6AB59.d.6D70C58FBB3668F958392F8F78FAC0B2.e.2394/click - {}
RESULT: {}
COMMAND: POST /session/d153e98b3c471435a5098620da501db7/element - {"using":"xpath","value":"//span[contains(text(), \"Argentina\")]"}
COMMAND: GET /session/d153e98b3c471435a5098620da501db7/screenshot - {}
RESULT: {"using":"xpath","value":"//span[contains(text(), \"Argentina\")]"}
COMMAND: POST /session/d153e98b3c471435a5098620da501db7/element/f.CF47462C8DE8152CFB397AB847E6AB59.d.6D70C58FBB3668F958392F8F78FAC0B2.e.2410/click - {}
RESULT: {}
RESULT: {}
COMMAND: GET /session/d153e98b3c471435a5098620da501db7/screenshot - {}
RESULT: {}
COMMAND: POST /session/d153e98b3c471435a5098620da501db7/element - {"using":"xpath","value":"//bdi[contains(text(), \"Commercial\")]"}
RESULT: {"using":"xpath","value":"//bdi[contains(text(), \"Commercial\")]"}
COMMAND: POST /session/d153e98b3c471435a5098620da501db7/element/f.CF47462C8DE8152CFB397AB847E6AB59.d.6D70C58FBB3668F958392F8F78FAC0B2.e.2411/click - {}
RESULT: {}
COMMAND: GET /session/d153e98b3c471435a5098620da501db7/screenshot - {}
RESULT: {}
COMMAND: POST /session/d153e98b3c471435a5098620da501db7/execute/async - {"script":"<script> [1562 bytes]","args":[{"selector":{"id":"application-managepartners-display-component---NewPartner--partnerDetailInternal-arrow"},"wdio_ui5_key":"applicationmanagepartners-display-component---NewPartner--partnerDetailInternal-arrow"}]}
RESULT: {"script":"<script> [1562 bytes]","args":[{"selector":{"id":"application-managepartners-display-component---NewPartner--partnerDetailInternal-arrow"},"wdio_ui5_key":"applicationmanagepartners-display-component---NewPartner--partnerDetailInternal-arrow"}]}
RESULT: undefined
COMMAND: POST /session/d153e98b3c471435a5098620da501db7/element - {"using":"xpath","value":"//*[@id=\"application-managepartners-display-component---NewPartner--partnerDetailInternal-arrow\"]"}
RESULT: {"using":"xpath","value":"//*[@id=\"application-managepartners-display-component---NewPartner--partnerDetailInternal-arrow\"]"}
COMMAND: POST /session/d153e98b3c471435a5098620da501db7/element/f.CF47462C8DE8152CFB397AB847E6AB59.d.6D70C58FBB3668F958392F8F78FAC0B2.e.2417/click - {}
RESULT: {}
COMMAND: POST /session/d153e98b3c471435a5098620da501db7/element - {"using":"xpath","value":"//span[contains(text(), \"Affiliated company\")]"}
COMMAND: GET /session/d153e98b3c471435a5098620da501db7/screenshot - {}
RESULT: {"using":"xpath","value":"//span[contains(text(), \"Affiliated company\")]"}
COMMAND: POST /session/d153e98b3c471435a5098620da501db7/element/f.CF47462C8DE8152CFB397AB847E6AB59.d.6D70C58FBB3668F958392F8F78FAC0B2.e.2418/click - {}
RESULT: {}
RESULT: {}
COMMAND: POST /session/d153e98b3c471435a5098620da501db7/execute/async - {"script":"<script> [1562 bytes]","args":[{"selector":{"id":"application-managepartners-display-component---NewPartner--partnerDetailsCurrency-arrow"},"wdio_ui5_key":"applicationmanagepartners-display-component---NewPartner--partnerDetailsCurrency-arrow"}]}
COMMAND: GET /session/d153e98b3c471435a5098620da501db7/screenshot - {}
RESULT: {"script":"<script> [1562 bytes]","args":[{"selector":{"id":"application-managepartners-display-component---NewPartner--partnerDetailsCurrency-arrow"},"wdio_ui5_key":"applicationmanagepartners-display-component---NewPartner--partnerDetailsCurrency-arrow"}]}
RESULT: undefined
COMMAND: POST /session/d153e98b3c471435a5098620da501db7/element - {"using":"xpath","value":"//*[@id=\"application-managepartners-display-component---NewPartner--partnerDetailsCurrency-arrow\"]"}
RESULT: {}
RESULT: {"using":"xpath","value":"//*[@id=\"application-managepartners-display-component---NewPartner--partnerDetailsCurrency-arrow\"]"}
COMMAND: POST /session/d153e98b3c471435a5098620da501db7/element/f.CF47462C8DE8152CFB397AB847E6AB59.d.6D70C58FBB3668F958392F8F78FAC0B2.e.2425/click - {}
RESULT: {}
COMMAND: POST /session/d153e98b3c471435a5098620da501db7/element - {"using":"xpath","value":"//span[contains(text(), \"Euro\")]"}
COMMAND: GET /session/d153e98b3c471435a5098620da501db7/screenshot - {}
RESULT: {"using":"xpath","value":"//span[contains(text(), \"Euro\")]"}
COMMAND: POST /session/d153e98b3c471435a5098620da501db7/element/f.CF47462C8DE8152CFB397AB847E6AB59.d.6D70C58FBB3668F958392F8F78FAC0B2.e.2426/click - {}
RESULT: {}
RESULT: {}
COMMAND: POST /session/d153e98b3c471435a5098620da501db7/execute/async - {"script":"<script> [1562 bytes]","args":[{"selector":{"id":"application-managepartners-display-component---NewPartner--addressEditDetailsCostObjectCstType-arrow"},"wdio_ui5_key":"applicationmanagepartners-display-component---NewPartner--addressEditDetailsCostObjectCstType-arrow"}]}
COMMAND: GET /session/d153e98b3c471435a5098620da501db7/screenshot - {}
RESULT: {"script":"<script> [1562 bytes]","args":[{"selector":{"id":"application-managepartners-display-component---NewPartner--addressEditDetailsCostObjectCstType-arrow"},"wdio_ui5_key":"applicationmanagepartners-display-component---NewPartner--addressEditDetailsCostObjectCstType-arrow"}]}
RESULT: undefined
COMMAND: POST /session/d153e98b3c471435a5098620da501db7/element - {"using":"xpath","value":"//*[@id=\"application-managepartners-display-component---NewPartner--addressEditDetailsCostObjectCstType-arrow\"]"}
RESULT: {}
RESULT: {"using":"xpath","value":"//*[@id=\"application-managepartners-display-component---NewPartner--addressEditDetailsCostObjectCstType-arrow\"]"}
COMMAND: POST /session/d153e98b3c471435a5098620da501db7/element/f.CF47462C8DE8152CFB397AB847E6AB59.d.6D70C58FBB3668F958392F8F78FAC0B2.e.2427/click - {}
RESULT: {}
COMMAND: POST /session/d153e98b3c471435a5098620da501db7/element - {"using":"xpath","value":"//span[contains(text(), \"Cost Center\")]"}
COMMAND: GET /session/d153e98b3c471435a5098620da501db7/screenshot - {}
RESULT: {"using":"xpath","value":"//span[contains(text(), \"Cost Center\")]"}
COMMAND: POST /session/d153e98b3c471435a5098620da501db7/element/f.CF47462C8DE8152CFB397AB847E6AB59.d.6D70C58FBB3668F958392F8F78FAC0B2.e.2428/click - {}
RESULT: {}
RESULT: {}
COMMAND: GET /session/d153e98b3c471435a5098620da501db7/screenshot - {}
RESULT: {}
COMMAND: POST /session/d153e98b3c471435a5098620da501db7/element - {"using":"xpath","value":"//span[@id=\"application-managepartners-display-component---NewPartner--addressNewCostObjectCstID-vhi\"]"}
RESULT: {"using":"xpath","value":"//span[@id=\"application-managepartners-display-component---NewPartner--addressNewCostObjectCstID-vhi\"]"}
COMMAND: POST /session/d153e98b3c471435a5098620da501db7/execute/sync - {"script":"<script> [8489 bytes]","args":[{"element-6066-11e4-a52e-4f735466cecf":"f.CF47462C8DE8152CFB397AB847E6AB59.d.6D70C58FBB3668F958392F8F78FAC0B2.e.2432","ELEMENT":"f.CF47462C8DE8152CFB397AB847E6AB59.d.6D70C58FBB3668F958392F8F78FAC0B2.e.2432"}]}
RESULT: {"script":"<script> [8489 bytes]","args":[{"element-6066-11e4-a52e-4f735466cecf":"f.CF47462C8DE8152CFB397AB847E6AB59.d.6D70C58FBB3668F958392F8F78FAC0B2.e.2432","ELEMENT":"f.CF47462C8DE8152CFB397AB847E6AB59.d.6D70C58FBB3668F958392F8F78FAC0B2.e.2432"}]}
COMMAND: POST /session/d153e98b3c471435a5098620da501db7/execute/async - {"script":"<script> [1562 bytes]","args":[{"selector":{"id":"application-managepartners-display-component---NewPartner--addressNewCostObjectCstID-vhi"},"wdio_ui5_key":"applicationmanagepartners-display-component---NewPartner--addressNewCostObjectCstID-vhi"}]}
COMMAND: GET /session/d153e98b3c471435a5098620da501db7/screenshot - {}
RESULT: {"script":"<script> [1562 bytes]","args":[{"selector":{"id":"application-managepartners-display-component---NewPartner--addressNewCostObjectCstID-vhi"},"wdio_ui5_key":"applicationmanagepartners-display-component---NewPartner--addressNewCostObjectCstID-vhi"}]}
RESULT: undefined
COMMAND: POST /session/d153e98b3c471435a5098620da501db7/element - {"using":"xpath","value":"//*[@id=\"application-managepartners-display-component---NewPartner--addressNewCostObjectCstID-vhi\"]"}
RESULT: {}
RESULT: {"using":"xpath","value":"//*[@id=\"application-managepartners-display-component---NewPartner--addressNewCostObjectCstID-vhi\"]"}
COMMAND: POST /session/d153e98b3c471435a5098620da501db7/element/f.CF47462C8DE8152CFB397AB847E6AB59.d.6D70C58FBB3668F958392F8F78FAC0B2.e.2432/click - {}
RESULT: {}
COMMAND: GET /session/d153e98b3c471435a5098620da501db7/screenshot - {}
RESULT: {}
COMMAND: POST /session/d153e98b3c471435a5098620da501db7/execute/async - {"script":"<script> [1562 bytes]","args":[{"selector":{"controlType":"sap.m.SearchField","properties":{"placeholder":"Search"},"searchOpenDialogs":true,"interaction":{"idSuffix":"I"}},"wdio_ui5_key":"sapm.SearchField{\"placeholder\":\"Search\"}"}]}
RESULT: {"script":"<script> [1562 bytes]","args":[{"selector":{"controlType":"sap.m.SearchField","properties":{"placeholder":"Search"},"searchOpenDialogs":true,"interaction":{"idSuffix":"I"}},"wdio_ui5_key":"sapm.SearchField{\"placeholder\":\"Search\"}"}]}
RESULT: undefined
COMMAND: POST /session/d153e98b3c471435a5098620da501db7/execute/async - {"script":"<script> [776 bytes]","args":[{"enterText":"10001013","selector":{"controlType":"sap.m.SearchField","properties":{"placeholder":"Search"},"searchOpenDialogs":true,"interaction":{"idSuffix":"I"}},"clearTextFirst":true,"interactionType":"ENTER_TEXT"}]}
RESULT: {"script":"<script> [776 bytes]","args":[{"enterText":"10001013","selector":{"controlType":"sap.m.SearchField","properties":{"placeholder":"Search"},"searchOpenDialogs":true,"interaction":{"idSuffix":"I"}},"clearTextFirst":true,"interactionType":"ENTER_TEXT"}]}
COMMAND: POST /session/d153e98b3c471435a5098620da501db7/actions - {"actions":[{"id":"action6","type":"key","parameters":{},"actions":[{"type":"keyDown","value":"î€‡"},{"type":"pause","duration":10},{"type":"keyUp","value":"î€‡"}]}]}
RESULT: {"actions":[{"id":"action6","type":"key","parameters":{},"actions":[{"type":"keyDown","value":"î€‡"},{"type":"pause","duration":10},{"type":"keyUp","value":"î€‡"}]}]}
COMMAND: GET /session/d153e98b3c471435a5098620da501db7/screenshot - {}
RESULT: {}
COMMAND: POST /session/d153e98b3c471435a5098620da501db7/element - {"using":"xpath","value":"//span[contains(text(), \"General Management\")]"}
RESULT: {"using":"xpath","value":"//span[contains(text(), \"General Management\")]"}
COMMAND: POST /session/d153e98b3c471435a5098620da501db7/element/f.CF47462C8DE8152CFB397AB847E6AB59.d.6D70C58FBB3668F958392F8F78FAC0B2.e.2475/click - {}
RESULT: {}
COMMAND: GET /session/d153e98b3c471435a5098620da501db7/screenshot - {}
RESULT: {}
COMMAND: POST /session/d153e98b3c471435a5098620da501db7/element - {"using":"xpath","value":"//bdi[contains(text(), \"OK\")]"}
RESULT: {"using":"xpath","value":"//bdi[contains(text(), \"OK\")]"}
COMMAND: POST /session/d153e98b3c471435a5098620da501db7/element/f.CF47462C8DE8152CFB397AB847E6AB59.d.6D70C58FBB3668F958392F8F78FAC0B2.e.2476/click - {}
RESULT: {}
COMMAND: GET /session/d153e98b3c471435a5098620da501db7/screenshot - {}
RESULT: {}
COMMAND: POST /session/d153e98b3c471435a5098620da501db7/element - {"using":"xpath","value":"//input[@id=\"application-managepartners-display-component---NewPartner--companyCodeComboBox-inner\"]"}
RESULT: {"using":"xpath","value":"//input[@id=\"application-managepartners-display-component---NewPartner--companyCodeComboBox-inner\"]"}
COMMAND: POST /session/d153e98b3c471435a5098620da501db7/element/f.CF47462C8DE8152CFB397AB847E6AB59.d.6D70C58FBB3668F958392F8F78FAC0B2.e.2275/clear - {}
RESULT: {}
COMMAND: POST /session/d153e98b3c471435a5098620da501db7/element/f.CF47462C8DE8152CFB397AB847E6AB59.d.6D70C58FBB3668F958392F8F78FAC0B2.e.2275/value - {"text":"1000"}
COMMAND: GET /session/d153e98b3c471435a5098620da501db7/screenshot - {}
RESULT: {"text":"1000"}
COMMAND: GET /session/d153e98b3c471435a5098620da501db7/screenshot - {}
RESULT: {}
RESULT: {}
COMMAND: POST /session/d153e98b3c471435a5098620da501db7/element - {"using":"xpath","value":"//li[.//span[text()= \"1000\"]]"}
RESULT: {"using":"xpath","value":"//li[.//span[text()= \"1000\"]]"}
COMMAND: POST /session/d153e98b3c471435a5098620da501db7/element/f.CF47462C8DE8152CFB397AB847E6AB59.d.6D70C58FBB3668F958392F8F78FAC0B2.e.2482/click - {}
RESULT: {}
COMMAND: GET /session/d153e98b3c471435a5098620da501db7/screenshot - {}
RESULT: {}
COMMAND: POST /session/d153e98b3c471435a5098620da501db7/execute/async - {"script":"<script> [1562 bytes]","args":[{"selector":{"id":"application-managepartners-display-component---NewPartner--btnAddTableRow-img"},"wdio_ui5_key":"applicationmanagepartners-display-component---NewPartner--btnAddTableRow-img"}]}
RESULT: {"script":"<script> [1562 bytes]","args":[{"selector":{"id":"application-managepartners-display-component---NewPartner--btnAddTableRow-img"},"wdio_ui5_key":"applicationmanagepartners-display-component---NewPartner--btnAddTableRow-img"}]}
RESULT: undefined
COMMAND: POST /session/d153e98b3c471435a5098620da501db7/element - {"using":"xpath","value":"//*[@id=\"application-managepartners-display-component---NewPartner--btnAddTableRow-img\"]"}
RESULT: {"using":"xpath","value":"//*[@id=\"application-managepartners-display-component---NewPartner--btnAddTableRow-img\"]"}
COMMAND: POST /session/d153e98b3c471435a5098620da501db7/element/f.CF47462C8DE8152CFB397AB847E6AB59.d.6D70C58FBB3668F958392F8F78FAC0B2.e.2483/click - {}
RESULT: {}
COMMAND: GET /session/d153e98b3c471435a5098620da501db7/screenshot - {}
RESULT: {}
COMMAND: POST /session/d153e98b3c471435a5098620da501db7/element - {"using":"xpath","value":"//input[@id=\"application-managepartners-display-component---NewPartner--assignmentYard-application-managepartners-display-component---NewPartner--assignmentsTable-0-inner\"]"}
RESULT: {"using":"xpath","value":"//input[@id=\"application-managepartners-display-component---NewPartner--assignmentYard-application-managepartners-display-component---NewPartner--assignmentsTable-0-inner\"]"}
COMMAND: POST /session/d153e98b3c471435a5098620da501db7/element/f.CF47462C8DE8152CFB397AB847E6AB59.d.6D70C58FBB3668F958392F8F78FAC0B2.e.2486/clear - {}
RESULT: {}
COMMAND: POST /session/d153e98b3c471435a5098620da501db7/element/f.CF47462C8DE8152CFB397AB847E6AB59.d.6D70C58FBB3668F958392F8F78FAC0B2.e.2486/value - {"text":"268"}
COMMAND: GET /session/d153e98b3c471435a5098620da501db7/screenshot - {}
RESULT: {"text":"268"}
COMMAND: GET /session/d153e98b3c471435a5098620da501db7/screenshot - {}
RESULT: {}
RESULT: {}
COMMAND: POST /session/d153e98b3c471435a5098620da501db7/element - {"using":"xpath","value":"//li[.//span[text()='268']]"}
RESULT: {"using":"xpath","value":"//li[.//span[text()='268']]"}
COMMAND: POST /session/d153e98b3c471435a5098620da501db7/element/f.CF47462C8DE8152CFB397AB847E6AB59.d.6D70C58FBB3668F958392F8F78FAC0B2.e.2495/click - {}
RESULT: {}
COMMAND: GET /session/d153e98b3c471435a5098620da501db7/screenshot - {}
RESULT: {}
COMMAND: POST /session/d153e98b3c471435a5098620da501db7/actions - {"actions":[{"id":"action7","type":"key","parameters":{},"actions":[{"type":"keyDown","value":"î€‡"},{"type":"pause","duration":10},{"type":"keyUp","value":"î€‡"}]}]}
RESULT: {"actions":[{"id":"action7","type":"key","parameters":{},"actions":[{"type":"keyDown","value":"î€‡"},{"type":"pause","duration":10},{"type":"keyUp","value":"î€‡"}]}]}
COMMAND: POST /session/d153e98b3c471435a5098620da501db7/execute/async - {"script":"<script> [1562 bytes]","args":[{"selector":{"id":"application-managepartners-display-component---NewPartner--externalCustomerComboBox-application-managepartners-display-component---NewPartner--assignmentsTable-0-vhi"},"wdio_ui5_key":"applicationmanagepartners-display-component---NewPartner--externalCustomerComboBox-application-managepartners-display-component---NewPartner--assignmentsTable-0-vhi"}]}
COMMAND: GET /session/d153e98b3c471435a5098620da501db7/screenshot - {}
RESULT: {"script":"<script> [1562 bytes]","args":[{"selector":{"id":"application-managepartners-display-component---NewPartner--externalCustomerComboBox-application-managepartners-display-component---NewPartner--assignmentsTable-0-vhi"},"wdio_ui5_key":"applicationmanagepartners-display-component---NewPartner--externalCustomerComboBox-application-managepartners-display-component---NewPartner--assignmentsTable-0-vhi"}]}
RESULT: undefined
COMMAND: POST /session/d153e98b3c471435a5098620da501db7/element - {"using":"xpath","value":"//*[@id=\"application-managepartners-display-component---NewPartner--externalCustomerComboBox-application-managepartners-display-component---NewPartner--assignmentsTable-0-vhi\"]"}
RESULT: {}
RESULT: {"using":"xpath","value":"//*[@id=\"application-managepartners-display-component---NewPartner--externalCustomerComboBox-application-managepartners-display-component---NewPartner--assignmentsTable-0-vhi\"]"}
COMMAND: POST /session/d153e98b3c471435a5098620da501db7/element/f.CF47462C8DE8152CFB397AB847E6AB59.d.6D70C58FBB3668F958392F8F78FAC0B2.e.2499/click - {}
RESULT: {}
RESULT: undefined
COMMAND: POST /session/d153e98b3c471435a5098620da501db7/execute/async - {"script":"<script> [776 bytes]","args":[{"enterText":"300003","selector":{"controlType":"sap.m.SearchField","properties":{"placeholder":"Search"},"searchOpenDialogs":true,"interaction":{"idSuffix":"I"}},"clearTextFirst":true,"interactionType":"ENTER_TEXT"}]}
COMMAND: GET /session/d153e98b3c471435a5098620da501db7/screenshot - {}
RESULT: {"script":"<script> [776 bytes]","args":[{"enterText":"300003","selector":{"controlType":"sap.m.SearchField","properties":{"placeholder":"Search"},"searchOpenDialogs":true,"interaction":{"idSuffix":"I"}},"clearTextFirst":true,"interactionType":"ENTER_TEXT"}]}
COMMAND: POST /session/d153e98b3c471435a5098620da501db7/actions - {"actions":[{"id":"action8","type":"key","parameters":{},"actions":[{"type":"keyDown","value":"î€‡"},{"type":"pause","duration":10},{"type":"keyUp","value":"î€‡"}]}]}
RESULT: {}
RESULT: {"actions":[{"id":"action8","type":"key","parameters":{},"actions":[{"type":"keyDown","value":"î€‡"},{"type":"pause","duration":10},{"type":"keyUp","value":"î€‡"}]}]}
COMMAND: GET /session/d153e98b3c471435a5098620da501db7/screenshot - {}
RESULT: {}
COMMAND: POST /session/d153e98b3c471435a5098620da501db7/element - {"using":"xpath","value":"//span[contains(text(), \"300003\")]"}
RESULT: {"using":"xpath","value":"//span[contains(text(), \"300003\")]"}
COMMAND: POST /session/d153e98b3c471435a5098620da501db7/element/f.CF47462C8DE8152CFB397AB847E6AB59.d.6D70C58FBB3668F958392F8F78FAC0B2.e.2518/click - {}
RESULT: {}
COMMAND: GET /session/d153e98b3c471435a5098620da501db7/screenshot - {}
RESULT: {}
COMMAND: POST /session/d153e98b3c471435a5098620da501db7/element - {"using":"xpath","value":"//bdi[contains(text(), \"OK\")]"}
RESULT: {"using":"xpath","value":"//bdi[contains(text(), \"OK\")]"}
COMMAND: POST /session/d153e98b3c471435a5098620da501db7/element/f.CF47462C8DE8152CFB397AB847E6AB59.d.6D70C58FBB3668F958392F8F78FAC0B2.e.2520/click - {}
RESULT: {}
COMMAND: GET /session/d153e98b3c471435a5098620da501db7/screenshot - {}
COMMAND: POST /session/d153e98b3c471435a5098620da501db7/execute/async - {"script":"<script> [1562 bytes]","args":[{"selector":{"id":"application-managepartners-display-component---NewPartner--intercompVendorComboBox-application-managepartners-display-component---NewPartner--assignmentsTable-0-vhi"},"wdio_ui5_key":"applicationmanagepartners-display-component---NewPartner--intercompVendorComboBox-application-managepartners-display-component---NewPartner--assignmentsTable-0-vhi"}]}
RESULT: {}
RESULT: {"script":"<script> [1562 bytes]","args":[{"selector":{"id":"application-managepartners-display-component---NewPartner--intercompVendorComboBox-application-managepartners-display-component---NewPartner--assignmentsTable-0-vhi"},"wdio_ui5_key":"applicationmanagepartners-display-component---NewPartner--intercompVendorComboBox-application-managepartners-display-component---NewPartner--assignmentsTable-0-vhi"}]}
RESULT: undefined
COMMAND: POST /session/d153e98b3c471435a5098620da501db7/element - {"using":"xpath","value":"//*[@id=\"application-managepartners-display-component---NewPartner--intercompVendorComboBox-application-managepartners-display-component---NewPartner--assignmentsTable-0-vhi\"]"}
RESULT: {"using":"xpath","value":"//*[@id=\"application-managepartners-display-component---NewPartner--intercompVendorComboBox-application-managepartners-display-component---NewPartner--assignmentsTable-0-vhi\"]"}
COMMAND: POST /session/d153e98b3c471435a5098620da501db7/element/f.CF47462C8DE8152CFB397AB847E6AB59.d.6D70C58FBB3668F958392F8F78FAC0B2.e.2524/click - {}
RESULT: {}
RESULT: undefined
COMMAND: POST /session/d153e98b3c471435a5098620da501db7/execute/async - {"script":"<script> [776 bytes]","args":[{"enterText":"100005","selector":{"controlType":"sap.m.SearchField","properties":{"placeholder":"Search"},"searchOpenDialogs":true,"interaction":{"idSuffix":"I"}},"clearTextFirst":true,"interactionType":"ENTER_TEXT"}]}
COMMAND: GET /session/d153e98b3c471435a5098620da501db7/screenshot - {}
RESULT: {"script":"<script> [776 bytes]","args":[{"enterText":"100005","selector":{"controlType":"sap.m.SearchField","properties":{"placeholder":"Search"},"searchOpenDialogs":true,"interaction":{"idSuffix":"I"}},"clearTextFirst":true,"interactionType":"ENTER_TEXT"}]}
COMMAND: POST /session/d153e98b3c471435a5098620da501db7/actions - {"actions":[{"id":"action9","type":"key","parameters":{},"actions":[{"type":"keyDown","value":"î€‡"},{"type":"pause","duration":10},{"type":"keyUp","value":"î€‡"}]}]}
RESULT: {}
RESULT: {"actions":[{"id":"action9","type":"key","parameters":{},"actions":[{"type":"keyDown","value":"î€‡"},{"type":"pause","duration":10},{"type":"keyUp","value":"î€‡"}]}]}
COMMAND: GET /session/d153e98b3c471435a5098620da501db7/screenshot - {}
RESULT: {}
COMMAND: POST /session/d153e98b3c471435a5098620da501db7/element - {"using":"xpath","value":"//span[contains(text(), \"Penguins - Field/12345 Berlin\")]"}
RESULT: {"using":"xpath","value":"//span[contains(text(), \"Penguins - Field/12345 Berlin\")]"}
COMMAND: POST /session/d153e98b3c471435a5098620da501db7/element/f.CF47462C8DE8152CFB397AB847E6AB59.d.6D70C58FBB3668F958392F8F78FAC0B2.e.2541/click - {}
RESULT: {}
COMMAND: GET /session/d153e98b3c471435a5098620da501db7/screenshot - {}
RESULT: {}
COMMAND: POST /session/d153e98b3c471435a5098620da501db7/element - {"using":"xpath","value":"//bdi[contains(text(), \"OK\")]"}
RESULT: {"using":"xpath","value":"//bdi[contains(text(), \"OK\")]"}
COMMAND: POST /session/d153e98b3c471435a5098620da501db7/element/f.CF47462C8DE8152CFB397AB847E6AB59.d.6D70C58FBB3668F958392F8F78FAC0B2.e.2542/click - {}
RESULT: {}
COMMAND: GET /session/d153e98b3c471435a5098620da501db7/screenshot - {}
RESULT: {}
COMMAND: POST /session/d153e98b3c471435a5098620da501db7/element - {"using":"xpath","value":"//button[@data-kt=\"saveButton\"]"}
RESULT: {"using":"xpath","value":"//button[@data-kt=\"saveButton\"]"}
COMMAND: POST /session/d153e98b3c471435a5098620da501db7/element/f.CF47462C8DE8152CFB397AB847E6AB59.d.6D70C58FBB3668F958392F8F78FAC0B2.e.2311/click - {}
RESULT: {}
COMMAND: GET /session/d153e98b3c471435a5098620da501db7/screenshot - {}
RESULT: {}
COMMAND: POST /session/d153e98b3c471435a5098620da501db7/element - {"using":"xpath","value":"//header[contains(@id, 'ObjectPageLayout-headerTitle')]/div[1]/div[2]/div[2]/span[1]"}
RESULT: {"using":"xpath","value":"//header[contains(@id, 'ObjectPageLayout-headerTitle')]/div[1]/div[2]/div[2]/span[1]"}
COMMAND: POST /session/d153e98b3c471435a5098620da501db7/elements - {"using":"xpath","value":"//header[contains(@id, 'ObjectPageLayout-headerTitle')]/div[1]/div[2]/div[2]/span[1]"}
RESULT: {"using":"xpath","value":"//header[contains(@id, 'ObjectPageLayout-headerTitle')]/div[1]/div[2]/div[2]/span[1]"}
COMMAND: POST /session/d153e98b3c471435a5098620da501db7/execute/sync - {"script":"<script> [56 bytes]","args":[{"element-6066-11e4-a52e-4f735466cecf":"f.CF47462C8DE8152CFB397AB847E6AB59.d.6D70C58FBB3668F958392F8F78FAC0B2.e.2695","ELEMENT":"f.CF47462C8DE8152CFB397AB847E6AB59.d.6D70C58FBB3668F958392F8F78FAC0B2.e.2695"}]}
RESULT: {"script":"<script> [56 bytes]","args":[{"element-6066-11e4-a52e-4f735466cecf":"f.CF47462C8DE8152CFB397AB847E6AB59.d.6D70C58FBB3668F958392F8F78FAC0B2.e.2695","ELEMENT":"f.CF47462C8DE8152CFB397AB847E6AB59.d.6D70C58FBB3668F958392F8F78FAC0B2.e.2695"}]}
COMMAND: POST /session/d153e98b3c471435a5098620da501db7/element - {"using":"css selector","value":"#shell-header-logo"}
COMMAND: GET /session/d153e98b3c471435a5098620da501db7/screenshot - {}
RESULT: {"using":"css selector","value":"#shell-header-logo"}
COMMAND: POST /session/d153e98b3c471435a5098620da501db7/element/f.CF47462C8DE8152CFB397AB847E6AB59.d.6D70C58FBB3668F958392F8F78FAC0B2.e.1800/click - {}
RESULT: {}
RESULT: {}
COMMAND: GET /session/d153e98b3c471435a5098620da501db7/screenshot - {}
RESULT: {}
COMMAND: POST /session/d153e98b3c471435a5098620da501db7/execute/sync - {"script":"<script> [299 bytes]","args":[["getModel","getResource"]]}
RESULT: {"script":"<script> [299 bytes]","args":[["getModel","getResource"]]}
]]></system-out>
    </testcase>
    <testcase classname="chrome.136_0_7103_49.windows.Yard_Overview_Autoplanning_US130989" name="Prereq Should create a new site" time="157.606">
      <system-out><![CDATA[
COMMAND: POST /session/d153e98b3c471435a5098620da501db7/execute/async - {"script":"<script> [1562 bytes]","args":[{"selector":{"controlType":"sap.m.TileContent","bindingPath":{"path":"","propertyPath":"/properties/info"},"ancestor":{"controlType":"sap.m.GenericTile","properties":{"header":"Manage Sites"}}},"wdio_ui5_key":"sapm.TileContent{\"path\":\"\",\"propertyPath\":\"/properties/info\"}{\"controlType\":\"sap.m.GenericTile\",\"properties\":{\"header\":\"Manage Sites\"}}"}]}
COMMAND: GET /session/d153e98b3c471435a5098620da501db7/screenshot - {}
RESULT: {"script":"<script> [1562 bytes]","args":[{"selector":{"controlType":"sap.m.TileContent","bindingPath":{"path":"","propertyPath":"/properties/info"},"ancestor":{"controlType":"sap.m.GenericTile","properties":{"header":"Manage Sites"}}},"wdio_ui5_key":"sapm.TileContent{\"path\":\"\",\"propertyPath\":\"/properties/info\"}{\"controlType\":\"sap.m.GenericTile\",\"properties\":{\"header\":\"Manage Sites\"}}"}]}
RESULT: undefined
COMMAND: POST /session/d153e98b3c471435a5098620da501db7/element - {"using":"xpath","value":"//*[@id=\"__xmlview7--numericTileContent\"]"}
RESULT: {}
RESULT: {"using":"xpath","value":"//*[@id=\"__xmlview7--numericTileContent\"]"}
COMMAND: POST /session/d153e98b3c471435a5098620da501db7/element/f.CF47462C8DE8152CFB397AB847E6AB59.d.6D70C58FBB3668F958392F8F78FAC0B2.e.2697/click - {}
RESULT: {}
COMMAND: POST /session/d153e98b3c471435a5098620da501db7/element - {"using":"xpath","value":"//button[@data-kt=\"addOverflowToolbarButton\"]"}
COMMAND: GET /session/d153e98b3c471435a5098620da501db7/screenshot - {}
RESULT: {"using":"xpath","value":"//button[@data-kt=\"addOverflowToolbarButton\"]"}
COMMAND: POST /session/d153e98b3c471435a5098620da501db7/elements - {"using":"xpath","value":"//button[@data-kt=\"addOverflowToolbarButton\"]"}
RESULT: {}
RESULT: {"using":"xpath","value":"//button[@data-kt=\"addOverflowToolbarButton\"]"}
COMMAND: POST /session/d153e98b3c471435a5098620da501db7/elements - {"using":"xpath","value":"//button[@data-kt=\"addOverflowToolbarButton\"]"}
RESULT: {"using":"xpath","value":"//button[@data-kt=\"addOverflowToolbarButton\"]"}
COMMAND: POST /session/d153e98b3c471435a5098620da501db7/elements - {"using":"xpath","value":"//button[@data-kt=\"addOverflowToolbarButton\"]"}
RESULT: {"using":"xpath","value":"//button[@data-kt=\"addOverflowToolbarButton\"]"}
COMMAND: POST /session/d153e98b3c471435a5098620da501db7/elements - {"using":"xpath","value":"//button[@data-kt=\"addOverflowToolbarButton\"]"}
RESULT: {"using":"xpath","value":"//button[@data-kt=\"addOverflowToolbarButton\"]"}
COMMAND: POST /session/d153e98b3c471435a5098620da501db7/element - {"using":"xpath","value":"//button[@data-kt=\"addOverflowToolbarButton\"]"}
RESULT: {"using":"xpath","value":"//button[@data-kt=\"addOverflowToolbarButton\"]"}
COMMAND: POST /session/d153e98b3c471435a5098620da501db7/execute/sync - {"script":"<script> [8489 bytes]","args":[{"element-6066-11e4-a52e-4f735466cecf":"f.CF47462C8DE8152CFB397AB847E6AB59.d.6D70C58FBB3668F958392F8F78FAC0B2.e.2743","ELEMENT":"f.CF47462C8DE8152CFB397AB847E6AB59.d.6D70C58FBB3668F958392F8F78FAC0B2.e.2743"}]}
RESULT: {"script":"<script> [8489 bytes]","args":[{"element-6066-11e4-a52e-4f735466cecf":"f.CF47462C8DE8152CFB397AB847E6AB59.d.6D70C58FBB3668F958392F8F78FAC0B2.e.2743","ELEMENT":"f.CF47462C8DE8152CFB397AB847E6AB59.d.6D70C58FBB3668F958392F8F78FAC0B2.e.2743"}]}
COMMAND: GET /session/d153e98b3c471435a5098620da501db7/element/f.CF47462C8DE8152CFB397AB847E6AB59.d.6D70C58FBB3668F958392F8F78FAC0B2.e.2743/enabled - {}
COMMAND: GET /session/d153e98b3c471435a5098620da501db7/screenshot - {}
RESULT: {}
COMMAND: POST /session/d153e98b3c471435a5098620da501db7/execute/sync - {"script":"<script> [8489 bytes]","args":[{"element-6066-11e4-a52e-4f735466cecf":"f.CF47462C8DE8152CFB397AB847E6AB59.d.6D70C58FBB3668F958392F8F78FAC0B2.e.2743","ELEMENT":"f.CF47462C8DE8152CFB397AB847E6AB59.d.6D70C58FBB3668F958392F8F78FAC0B2.e.2743"}]}
COMMAND: GET /session/d153e98b3c471435a5098620da501db7/screenshot - {}
RESULT: {}
RESULT: {"script":"<script> [8489 bytes]","args":[{"element-6066-11e4-a52e-4f735466cecf":"f.CF47462C8DE8152CFB397AB847E6AB59.d.6D70C58FBB3668F958392F8F78FAC0B2.e.2743","ELEMENT":"f.CF47462C8DE8152CFB397AB847E6AB59.d.6D70C58FBB3668F958392F8F78FAC0B2.e.2743"}]}
COMMAND: POST /session/d153e98b3c471435a5098620da501db7/execute/sync - {"script":"<script> [5351 bytes]","args":[{"element-6066-11e4-a52e-4f735466cecf":"f.CF47462C8DE8152CFB397AB847E6AB59.d.6D70C58FBB3668F958392F8F78FAC0B2.e.2743","ELEMENT":"f.CF47462C8DE8152CFB397AB847E6AB59.d.6D70C58FBB3668F958392F8F78FAC0B2.e.2743"}]}
COMMAND: GET /session/d153e98b3c471435a5098620da501db7/screenshot - {}
RESULT: {}
RESULT: {"script":"<script> [5351 bytes]","args":[{"element-6066-11e4-a52e-4f735466cecf":"f.CF47462C8DE8152CFB397AB847E6AB59.d.6D70C58FBB3668F958392F8F78FAC0B2.e.2743","ELEMENT":"f.CF47462C8DE8152CFB397AB847E6AB59.d.6D70C58FBB3668F958392F8F78FAC0B2.e.2743"}]}
COMMAND: POST /session/d153e98b3c471435a5098620da501db7/element/f.CF47462C8DE8152CFB397AB847E6AB59.d.6D70C58FBB3668F958392F8F78FAC0B2.e.2743/click - {}
COMMAND: GET /session/d153e98b3c471435a5098620da501db7/screenshot - {}
RESULT: {}
RESULT: {}
COMMAND: GET /session/d153e98b3c471435a5098620da501db7/screenshot - {}
COMMAND: POST /session/d153e98b3c471435a5098620da501db7/element - {"using":"xpath","value":"//input[@id=\"application-managesites-display-component---NewSite--siteId-inner\"]"}
RESULT: {}
RESULT: {}
RESULT: {"using":"xpath","value":"//input[@id=\"application-managesites-display-component---NewSite--siteId-inner\"]"}
COMMAND: POST /session/d153e98b3c471435a5098620da501db7/element - {"using":"xpath","value":"//input[@id=\"application-managesites-display-component---NewSite--siteId-inner\"]"}
RESULT: {"using":"xpath","value":"//input[@id=\"application-managesites-display-component---NewSite--siteId-inner\"]"}
COMMAND: POST /session/d153e98b3c471435a5098620da501db7/execute/async - {"script":"<script> [1562 bytes]","args":[{"selector":{"id":"application-managesites-display-component---NewSite--addressDetailDetailsName1","interaction":{"idSuffix":"inner"}},"wdio_ui5_key":"applicationmanagesites-display-component---NewSite--addressDetailDetailsName1"}]}
RESULT: {"script":"<script> [1562 bytes]","args":[{"selector":{"id":"application-managesites-display-component---NewSite--addressDetailDetailsName1","interaction":{"idSuffix":"inner"}},"wdio_ui5_key":"applicationmanagesites-display-component---NewSite--addressDetailDetailsName1"}]}
RESULT: undefined
COMMAND: POST /session/d153e98b3c471435a5098620da501db7/execute/async - {"script":"<script> [776 bytes]","args":[{"enterText":"Intracompany Site wdIO","selector":{"id":"application-managesites-display-component---NewSite--addressDetailDetailsName1","interaction":{"idSuffix":"inner"}},"clearTextFirst":true,"interactionType":"ENTER_TEXT"}]}
RESULT: {"script":"<script> [776 bytes]","args":[{"enterText":"Intracompany Site wdIO","selector":{"id":"application-managesites-display-component---NewSite--addressDetailDetailsName1","interaction":{"idSuffix":"inner"}},"clearTextFirst":true,"interactionType":"ENTER_TEXT"}]}
COMMAND: POST /session/d153e98b3c471435a5098620da501db7/execute/async - {"script":"<script> [1562 bytes]","args":[{"selector":{"id":"application-managesites-display-component---NewSite--addressDetailDetailsLanguage-arrow"},"wdio_ui5_key":"applicationmanagesites-display-component---NewSite--addressDetailDetailsLanguage-arrow"}]}
RESULT: {"script":"<script> [1562 bytes]","args":[{"selector":{"id":"application-managesites-display-component---NewSite--addressDetailDetailsLanguage-arrow"},"wdio_ui5_key":"applicationmanagesites-display-component---NewSite--addressDetailDetailsLanguage-arrow"}]}
RESULT: undefined
COMMAND: POST /session/d153e98b3c471435a5098620da501db7/element - {"using":"xpath","value":"//*[@id=\"application-managesites-display-component---NewSite--addressDetailDetailsLanguage-arrow\"]"}
RESULT: {"using":"xpath","value":"//*[@id=\"application-managesites-display-component---NewSite--addressDetailDetailsLanguage-arrow\"]"}
COMMAND: POST /session/d153e98b3c471435a5098620da501db7/element/f.CF47462C8DE8152CFB397AB847E6AB59.d.6D70C58FBB3668F958392F8F78FAC0B2.e.3102/click - {}
RESULT: {}
COMMAND: POST /session/d153e98b3c471435a5098620da501db7/element - {"using":"xpath","value":"//span[contains(text(), \"English\")]"}
COMMAND: GET /session/d153e98b3c471435a5098620da501db7/screenshot - {}
RESULT: {"using":"xpath","value":"//span[contains(text(), \"English\")]"}
COMMAND: POST /session/d153e98b3c471435a5098620da501db7/element/f.CF47462C8DE8152CFB397AB847E6AB59.d.6D70C58FBB3668F958392F8F78FAC0B2.e.3103/click - {}
RESULT: {}
RESULT: {}
COMMAND: POST /session/d153e98b3c471435a5098620da501db7/execute/async - {"script":"<script> [1562 bytes]","args":[{"selector":{"id":"application-managesites-display-component---NewSite--addressDetailDetailsCity1","interaction":{"idSuffix":"inner"}},"wdio_ui5_key":"applicationmanagesites-display-component---NewSite--addressDetailDetailsCity1"}]}
COMMAND: GET /session/d153e98b3c471435a5098620da501db7/screenshot - {}
RESULT: {"script":"<script> [1562 bytes]","args":[{"selector":{"id":"application-managesites-display-component---NewSite--addressDetailDetailsCity1","interaction":{"idSuffix":"inner"}},"wdio_ui5_key":"applicationmanagesites-display-component---NewSite--addressDetailDetailsCity1"}]}
RESULT: undefined
COMMAND: POST /session/d153e98b3c471435a5098620da501db7/execute/async - {"script":"<script> [776 bytes]","args":[{"enterText":"Rosario","selector":{"id":"application-managesites-display-component---NewSite--addressDetailDetailsCity1","interaction":{"idSuffix":"inner"}},"clearTextFirst":true,"interactionType":"ENTER_TEXT"}]}
RESULT: {}
RESULT: {"script":"<script> [776 bytes]","args":[{"enterText":"Rosario","selector":{"id":"application-managesites-display-component---NewSite--addressDetailDetailsCity1","interaction":{"idSuffix":"inner"}},"clearTextFirst":true,"interactionType":"ENTER_TEXT"}]}
COMMAND: POST /session/d153e98b3c471435a5098620da501db7/execute/async - {"script":"<script> [1562 bytes]","args":[{"selector":{"id":"application-managesites-display-component---NewSite--addressDetailDetailsCountry-arrow"},"wdio_ui5_key":"applicationmanagesites-display-component---NewSite--addressDetailDetailsCountry-arrow"}]}
RESULT: {"script":"<script> [1562 bytes]","args":[{"selector":{"id":"application-managesites-display-component---NewSite--addressDetailDetailsCountry-arrow"},"wdio_ui5_key":"applicationmanagesites-display-component---NewSite--addressDetailDetailsCountry-arrow"}]}
RESULT: undefined
COMMAND: POST /session/d153e98b3c471435a5098620da501db7/element - {"using":"xpath","value":"//*[@id=\"application-managesites-display-component---NewSite--addressDetailDetailsCountry-arrow\"]"}
RESULT: {"using":"xpath","value":"//*[@id=\"application-managesites-display-component---NewSite--addressDetailDetailsCountry-arrow\"]"}
COMMAND: POST /session/d153e98b3c471435a5098620da501db7/element/f.CF47462C8DE8152CFB397AB847E6AB59.d.6D70C58FBB3668F958392F8F78FAC0B2.e.3105/click - {}
RESULT: {}
COMMAND: POST /session/d153e98b3c471435a5098620da501db7/element - {"using":"xpath","value":"//span[contains(text(), \"Argentina\")]"}
COMMAND: GET /session/d153e98b3c471435a5098620da501db7/screenshot - {}
RESULT: {"using":"xpath","value":"//span[contains(text(), \"Argentina\")]"}
COMMAND: POST /session/d153e98b3c471435a5098620da501db7/element/f.CF47462C8DE8152CFB397AB847E6AB59.d.6D70C58FBB3668F958392F8F78FAC0B2.e.3106/click - {}
RESULT: {}
RESULT: {}
COMMAND: GET /session/d153e98b3c471435a5098620da501db7/screenshot - {}
RESULT: {}
COMMAND: POST /session/d153e98b3c471435a5098620da501db7/execute/async - {"script":"<script> [1562 bytes]","args":[{"selector":{"id":"application-managesites-display-component---NewSite--addressEditDetailsCostObjectCstType-arrow"},"wdio_ui5_key":"applicationmanagesites-display-component---NewSite--addressEditDetailsCostObjectCstType-arrow"}]}
RESULT: {"script":"<script> [1562 bytes]","args":[{"selector":{"id":"application-managesites-display-component---NewSite--addressEditDetailsCostObjectCstType-arrow"},"wdio_ui5_key":"applicationmanagesites-display-component---NewSite--addressEditDetailsCostObjectCstType-arrow"}]}
RESULT: undefined
COMMAND: POST /session/d153e98b3c471435a5098620da501db7/element - {"using":"xpath","value":"//*[@id=\"application-managesites-display-component---NewSite--addressEditDetailsCostObjectCstType-arrow\"]"}
RESULT: {"using":"xpath","value":"//*[@id=\"application-managesites-display-component---NewSite--addressEditDetailsCostObjectCstType-arrow\"]"}
COMMAND: POST /session/d153e98b3c471435a5098620da501db7/element/f.CF47462C8DE8152CFB397AB847E6AB59.d.6D70C58FBB3668F958392F8F78FAC0B2.e.3108/click - {}
RESULT: {}
COMMAND: POST /session/d153e98b3c471435a5098620da501db7/element - {"using":"xpath","value":"//span[contains(text(), \"Cost Center\")]"}
COMMAND: GET /session/d153e98b3c471435a5098620da501db7/screenshot - {}
RESULT: {"using":"xpath","value":"//span[contains(text(), \"Cost Center\")]"}
COMMAND: POST /session/d153e98b3c471435a5098620da501db7/element/f.CF47462C8DE8152CFB397AB847E6AB59.d.6D70C58FBB3668F958392F8F78FAC0B2.e.3109/click - {}
RESULT: {}
RESULT: {}
COMMAND: GET /session/d153e98b3c471435a5098620da501db7/screenshot - {}
RESULT: {}
COMMAND: POST /session/d153e98b3c471435a5098620da501db7/element - {"using":"xpath","value":"//span[@id=\"application-managesites-display-component---NewSite--addressNewCostObjectCstID-vhi\"]"}
RESULT: {"using":"xpath","value":"//span[@id=\"application-managesites-display-component---NewSite--addressNewCostObjectCstID-vhi\"]"}
COMMAND: POST /session/d153e98b3c471435a5098620da501db7/execute/sync - {"script":"<script> [8489 bytes]","args":[{"element-6066-11e4-a52e-4f735466cecf":"f.CF47462C8DE8152CFB397AB847E6AB59.d.6D70C58FBB3668F958392F8F78FAC0B2.e.3114","ELEMENT":"f.CF47462C8DE8152CFB397AB847E6AB59.d.6D70C58FBB3668F958392F8F78FAC0B2.e.3114"}]}
RESULT: {"script":"<script> [8489 bytes]","args":[{"element-6066-11e4-a52e-4f735466cecf":"f.CF47462C8DE8152CFB397AB847E6AB59.d.6D70C58FBB3668F958392F8F78FAC0B2.e.3114","ELEMENT":"f.CF47462C8DE8152CFB397AB847E6AB59.d.6D70C58FBB3668F958392F8F78FAC0B2.e.3114"}]}
COMMAND: POST /session/d153e98b3c471435a5098620da501db7/execute/async - {"script":"<script> [1562 bytes]","args":[{"selector":{"id":"application-managesites-display-component---NewSite--addressNewCostObjectCstID-vhi"},"wdio_ui5_key":"applicationmanagesites-display-component---NewSite--addressNewCostObjectCstID-vhi"}]}
COMMAND: GET /session/d153e98b3c471435a5098620da501db7/screenshot - {}
RESULT: {"script":"<script> [1562 bytes]","args":[{"selector":{"id":"application-managesites-display-component---NewSite--addressNewCostObjectCstID-vhi"},"wdio_ui5_key":"applicationmanagesites-display-component---NewSite--addressNewCostObjectCstID-vhi"}]}
RESULT: undefined
COMMAND: POST /session/d153e98b3c471435a5098620da501db7/element - {"using":"xpath","value":"//*[@id=\"application-managesites-display-component---NewSite--addressNewCostObjectCstID-vhi\"]"}
RESULT: {}
RESULT: {"using":"xpath","value":"//*[@id=\"application-managesites-display-component---NewSite--addressNewCostObjectCstID-vhi\"]"}
COMMAND: POST /session/d153e98b3c471435a5098620da501db7/element/f.CF47462C8DE8152CFB397AB847E6AB59.d.6D70C58FBB3668F958392F8F78FAC0B2.e.3114/click - {}
RESULT: {}
COMMAND: GET /session/d153e98b3c471435a5098620da501db7/screenshot - {}
RESULT: {}
RESULT: undefined
COMMAND: POST /session/d153e98b3c471435a5098620da501db7/execute/async - {"script":"<script> [776 bytes]","args":[{"enterText":"10001013","selector":{"controlType":"sap.m.SearchField","properties":{"placeholder":"Search"},"searchOpenDialogs":true,"interaction":{"idSuffix":"I"}},"clearTextFirst":true,"interactionType":"ENTER_TEXT"}]}
RESULT: {"script":"<script> [776 bytes]","args":[{"enterText":"10001013","selector":{"controlType":"sap.m.SearchField","properties":{"placeholder":"Search"},"searchOpenDialogs":true,"interaction":{"idSuffix":"I"}},"clearTextFirst":true,"interactionType":"ENTER_TEXT"}]}
COMMAND: POST /session/d153e98b3c471435a5098620da501db7/actions - {"actions":[{"id":"action10","type":"key","parameters":{},"actions":[{"type":"keyDown","value":"î€‡"},{"type":"pause","duration":10},{"type":"keyUp","value":"î€‡"}]}]}
RESULT: {"actions":[{"id":"action10","type":"key","parameters":{},"actions":[{"type":"keyDown","value":"î€‡"},{"type":"pause","duration":10},{"type":"keyUp","value":"î€‡"}]}]}
COMMAND: GET /session/d153e98b3c471435a5098620da501db7/screenshot - {}
RESULT: {}
COMMAND: POST /session/d153e98b3c471435a5098620da501db7/element - {"using":"xpath","value":"//span[contains(text(), \"General Management\")]"}
RESULT: {"using":"xpath","value":"//span[contains(text(), \"General Management\")]"}
COMMAND: POST /session/d153e98b3c471435a5098620da501db7/element/f.CF47462C8DE8152CFB397AB847E6AB59.d.6D70C58FBB3668F958392F8F78FAC0B2.e.3153/click - {}
RESULT: {}
COMMAND: GET /session/d153e98b3c471435a5098620da501db7/screenshot - {}
RESULT: {}
COMMAND: POST /session/d153e98b3c471435a5098620da501db7/element - {"using":"xpath","value":"//bdi[contains(text(), \"OK\")]"}
RESULT: {"using":"xpath","value":"//bdi[contains(text(), \"OK\")]"}
COMMAND: POST /session/d153e98b3c471435a5098620da501db7/element/f.CF47462C8DE8152CFB397AB847E6AB59.d.6D70C58FBB3668F958392F8F78FAC0B2.e.3154/click - {}
RESULT: {}
COMMAND: GET /session/d153e98b3c471435a5098620da501db7/screenshot - {}
RESULT: {}
COMMAND: POST /session/d153e98b3c471435a5098620da501db7/element - {"using":"xpath","value":"//input[@id=\"application-managesites-display-component---NewSite--addressDetailDetailsCalendar-inner\"]"}
RESULT: {"using":"xpath","value":"//input[@id=\"application-managesites-display-component---NewSite--addressDetailDetailsCalendar-inner\"]"}
COMMAND: POST /session/d153e98b3c471435a5098620da501db7/element/f.CF47462C8DE8152CFB397AB847E6AB59.d.6D70C58FBB3668F958392F8F78FAC0B2.e.2921/clear - {}
RESULT: {}
COMMAND: POST /session/d153e98b3c471435a5098620da501db7/element/f.CF47462C8DE8152CFB397AB847E6AB59.d.6D70C58FBB3668F958392F8F78FAC0B2.e.2921/value - {"text":"Unit"}
COMMAND: GET /session/d153e98b3c471435a5098620da501db7/screenshot - {}
RESULT: {"text":"Unit"}
COMMAND: GET /session/d153e98b3c471435a5098620da501db7/screenshot - {}
RESULT: {}
RESULT: {}
COMMAND: POST /session/d153e98b3c471435a5098620da501db7/actions - {"actions":[{"id":"action11","type":"key","parameters":{},"actions":[{"type":"keyDown","value":"î€‡"},{"type":"pause","duration":10},{"type":"keyUp","value":"î€‡"}]}]}
RESULT: {"actions":[{"id":"action11","type":"key","parameters":{},"actions":[{"type":"keyDown","value":"î€‡"},{"type":"pause","duration":10},{"type":"keyUp","value":"î€‡"}]}]}
COMMAND: POST /session/d153e98b3c471435a5098620da501db7/element - {"using":"xpath","value":"//input[@id=\"application-managesites-display-component---NewSite--addressDetailDetailsYard-inner\"]"}
COMMAND: GET /session/d153e98b3c471435a5098620da501db7/screenshot - {}
RESULT: {"using":"xpath","value":"//input[@id=\"application-managesites-display-component---NewSite--addressDetailDetailsYard-inner\"]"}
COMMAND: POST /session/d153e98b3c471435a5098620da501db7/element/f.CF47462C8DE8152CFB397AB847E6AB59.d.6D70C58FBB3668F958392F8F78FAC0B2.e.2922/clear - {}
RESULT: {}
RESULT: {}
COMMAND: POST /session/d153e98b3c471435a5098620da501db7/element/f.CF47462C8DE8152CFB397AB847E6AB59.d.6D70C58FBB3668F958392F8F78FAC0B2.e.2922/value - {"text":"268"}
COMMAND: GET /session/d153e98b3c471435a5098620da501db7/screenshot - {}
RESULT: {"text":"268"}
COMMAND: GET /session/d153e98b3c471435a5098620da501db7/screenshot - {}
RESULT: {}
RESULT: {}
COMMAND: POST /session/d153e98b3c471435a5098620da501db7/element - {"using":"xpath","value":"//li[.//span[text()='268']]"}
RESULT: {"using":"xpath","value":"//li[.//span[text()='268']]"}
COMMAND: POST /session/d153e98b3c471435a5098620da501db7/element/f.CF47462C8DE8152CFB397AB847E6AB59.d.6D70C58FBB3668F958392F8F78FAC0B2.e.3172/click - {}
RESULT: {}
COMMAND: GET /session/d153e98b3c471435a5098620da501db7/screenshot - {}
RESULT: {}
COMMAND: POST /session/d153e98b3c471435a5098620da501db7/element - {"using":"xpath","value":"//input[@id=\"application-managesites-display-component---NewSite--addressDetailDetailsPartner-inner\"]"}
RESULT: {"using":"xpath","value":"//input[@id=\"application-managesites-display-component---NewSite--addressDetailDetailsPartner-inner\"]"}
COMMAND: POST /session/d153e98b3c471435a5098620da501db7/element - {"using":"xpath","value":"//input[@id=\"application-managesites-display-component---NewSite--addressDetailDetailsPartner-inner\"]"}
RESULT: {"using":"xpath","value":"//input[@id=\"application-managesites-display-component---NewSite--addressDetailDetailsPartner-inner\"]"}
COMMAND: POST /session/d153e98b3c471435a5098620da501db7/element - {"using":"xpath","value":"//button[@data-kt=\"saveButton\"]"}
RESULT: {"using":"xpath","value":"//button[@data-kt=\"saveButton\"]"}
COMMAND: POST /session/d153e98b3c471435a5098620da501db7/element/f.CF47462C8DE8152CFB397AB847E6AB59.d.6D70C58FBB3668F958392F8F78FAC0B2.e.3029/click - {}
RESULT: {}
COMMAND: GET /session/d153e98b3c471435a5098620da501db7/screenshot - {}
RESULT: {}
COMMAND: POST /session/d153e98b3c471435a5098620da501db7/element - {"using":"xpath","value":"//header[contains(@id, 'ObjectPageLayout-headerTitle')]/div[1]/div[2]/div[2]/span[1]"}
RESULT: {"using":"xpath","value":"//header[contains(@id, 'ObjectPageLayout-headerTitle')]/div[1]/div[2]/div[2]/span[1]"}
COMMAND: POST /session/d153e98b3c471435a5098620da501db7/elements - {"using":"xpath","value":"//header[contains(@id, 'ObjectPageLayout-headerTitle')]/div[1]/div[2]/div[2]/span[1]"}
RESULT: {"using":"xpath","value":"//header[contains(@id, 'ObjectPageLayout-headerTitle')]/div[1]/div[2]/div[2]/span[1]"}
COMMAND: POST /session/d153e98b3c471435a5098620da501db7/execute/sync - {"script":"<script> [56 bytes]","args":[{"element-6066-11e4-a52e-4f735466cecf":"f.CF47462C8DE8152CFB397AB847E6AB59.d.6D70C58FBB3668F958392F8F78FAC0B2.e.3355","ELEMENT":"f.CF47462C8DE8152CFB397AB847E6AB59.d.6D70C58FBB3668F958392F8F78FAC0B2.e.3355"}]}
RESULT: {"script":"<script> [56 bytes]","args":[{"element-6066-11e4-a52e-4f735466cecf":"f.CF47462C8DE8152CFB397AB847E6AB59.d.6D70C58FBB3668F958392F8F78FAC0B2.e.3355","ELEMENT":"f.CF47462C8DE8152CFB397AB847E6AB59.d.6D70C58FBB3668F958392F8F78FAC0B2.e.3355"}]}
COMMAND: POST /session/d153e98b3c471435a5098620da501db7/element - {"using":"css selector","value":"#shell-header-logo"}
COMMAND: GET /session/d153e98b3c471435a5098620da501db7/screenshot - {}
RESULT: {"using":"css selector","value":"#shell-header-logo"}
COMMAND: POST /session/d153e98b3c471435a5098620da501db7/element/f.CF47462C8DE8152CFB397AB847E6AB59.d.6D70C58FBB3668F958392F8F78FAC0B2.e.2701/click - {}
RESULT: {}
RESULT: {}
COMMAND: GET /session/d153e98b3c471435a5098620da501db7/screenshot - {}
RESULT: {}
COMMAND: POST /session/d153e98b3c471435a5098620da501db7/execute/sync - {"script":"<script> [299 bytes]","args":[["getModel","getResource"]]}
RESULT: {"script":"<script> [299 bytes]","args":[["getModel","getResource"]]}
COMMAND: POST /session/d153e98b3c471435a5098620da501db7/actions - {"actions":[{"id":"action12","type":"key","parameters":{},"actions":[{"type":"keyDown","value":"î€‡"},{"type":"pause","duration":10},{"type":"keyUp","value":"î€‡"}]}]}
COMMAND: GET /session/d153e98b3c471435a5098620da501db7/screenshot - {}
RESULT: {"actions":[{"id":"action12","type":"key","parameters":{},"actions":[{"type":"keyDown","value":"î€‡"},{"type":"pause","duration":10},{"type":"keyUp","value":"î€‡"}]}]}
COMMAND: GET /session/d153e98b3c471435a5098620da501db7/screenshot - {}
RESULT: {}
RESULT: {}
COMMAND: POST /session/d153e98b3c471435a5098620da501db7/refresh - {}
RESULT: {}
COMMAND: GET /session/d153e98b3c471435a5098620da501db7/screenshot - {}
RESULT: {}
COMMAND: POST /session/d153e98b3c471435a5098620da501db7/refresh - {}
RESULT: {}
COMMAND: GET /session/d153e98b3c471435a5098620da501db7/screenshot - {}
RESULT: {}
COMMAND: POST /session/d153e98b3c471435a5098620da501db7/window/fullscreen - {}
RESULT: {}
COMMAND: POST /session/d153e98b3c471435a5098620da501db7/execute/async - {"script":"<script> [189 bytes]","args":[]}
RESULT: {"script":"<script> [189 bytes]","args":[]}
COMMAND: POST /session/d153e98b3c471435a5098620da501db7/execute/async - {"script":"<script> [123 bytes]","args":[]}
RESULT: {"script":"<script> [123 bytes]","args":[]}
COMMAND: POST /session/d153e98b3c471435a5098620da501db7/timeouts - {"script":"<number>"}
RESULT: {"script":"<number>"}
COMMAND: GET /session/d153e98b3c471435a5098620da501db7/timeouts - {}
RESULT: {}
RESULT: undefined
COMMAND: POST /session/d153e98b3c471435a5098620da501db7/execute/async - {"script":"<script> [2676 bytes]","args":[]}
RESULT: {"script":"<script> [2676 bytes]","args":[]}
COMMAND: POST /session/d153e98b3c471435a5098620da501db7/execute/async - {"script":"<script> [2342 bytes]","args":[{"protocol":"http","hostname":"0.0.0.0","path":"/","capabilities":{"browserName":"chrome","goog:chromeOptions":{"binary":"C:\\Program Files\\Google\\Chrome\\Application\\chrome.exe","args":["--start-maximized"]}},"logLevel":"warn","connectionRetryTimeout":120000,"connectionRetryCount":3,"logLevels":{},"enableDirectConnect":true,"strictSSL":true,"_":"65 more keys: [\"cacheDir\",\"port\",\"requestedCapabilities\",\"automationProtocol\",\"baseUrl\",\"waitforInterval\",\"waitforTimeout\",\"onReload\",\"beforeCommand\",\"afterCommand\",\"rootDir\",\"specs\",\"suites\",\"exclude\",\"groupLogsByTestSpec\",\"excludeDriverLogs\",\"bail\",\"framework\",\"reporters\",\"services\",\"maxInstances\",\"maxInstancesPerCapability\",\"injectGlobals\",\"filesToWatch\",\"execArgv\",\"runnerEnv\",\"runner\",\"shard\",\"specFileRetries\",\"specFileRetriesDelay\",\"specFileRetriesDeferred\",\"reporterSyncInterval\",\"reporterSyncTimeout\",\"cucumberFeaturesWithLineNumbers\",\"autoCompileOpts\",\"mochaOpts\",\"jasmineOpts\",\"cucumberOpts\",\"onPrepare\",\"onWorkerStart\",\"onWorkerEnd\",\"before\",\"beforeSession\",\"beforeSuite\",\"beforeHook\",\"beforeTest\",\"afterTest\",\"afterHook\",\"afterSuite\",\"afterSession\",\"after\",\"onComplete\",\"beforeAssertion\",\"afterAssertion\",\"beforeFeature\",\"beforeScenario\",\"beforeStep\",\"afterStep\",\"afterScenario\",\"afterFeature\",\"_\",\"suite\",\"$0\",\"ignoredWorkerServices\",\"wdi5\"]"}]}
RESULT: {"script":"<script> [2342 bytes]","args":[{"protocol":"http","hostname":"0.0.0.0","path":"/","capabilities":{"browserName":"chrome","goog:chromeOptions":{"binary":"C:\\Program Files\\Google\\Chrome\\Application\\chrome.exe","args":["--start-maximized"]}},"logLevel":"warn","connectionRetryTimeout":120000,"connectionRetryCount":3,"logLevels":{},"enableDirectConnect":true,"strictSSL":true,"_":"65 more keys: [\"cacheDir\",\"port\",\"requestedCapabilities\",\"automationProtocol\",\"baseUrl\",\"waitforInterval\",\"waitforTimeout\",\"onReload\",\"beforeCommand\",\"afterCommand\",\"rootDir\",\"specs\",\"suites\",\"exclude\",\"groupLogsByTestSpec\",\"excludeDriverLogs\",\"bail\",\"framework\",\"reporters\",\"services\",\"maxInstances\",\"maxInstancesPerCapability\",\"injectGlobals\",\"filesToWatch\",\"execArgv\",\"runnerEnv\",\"runner\",\"shard\",\"specFileRetries\",\"specFileRetriesDelay\",\"specFileRetriesDeferred\",\"reporterSyncInterval\",\"reporterSyncTimeout\",\"cucumberFeaturesWithLineNumbers\",\"autoCompileOpts\",\"mochaOpts\",\"jasmineOpts\",\"cucumberOpts\",\"onPrepare\",\"onWorkerStart\",\"onWorkerEnd\",\"before\",\"beforeSession\",\"beforeSuite\",\"beforeHook\",\"beforeTest\",\"afterTest\",\"afterHook\",\"afterSuite\",\"afterSession\",\"after\",\"onComplete\",\"beforeAssertion\",\"afterAssertion\",\"beforeFeature\",\"beforeScenario\",\"beforeStep\",\"afterStep\",\"afterScenario\",\"afterFeature\",\"_\",\"suite\",\"$0\",\"ignoredWorkerServices\",\"wdi5\"]"}]}
COMMAND: POST /session/d153e98b3c471435a5098620da501db7/execute/async - {"script":"<script> [21126 bytes]","args":[35000]}
RESULT: {"script":"<script> [21126 bytes]","args":[35000]}
COMMAND: POST /session/d153e98b3c471435a5098620da501db7/window/fullscreen - {}
RESULT: {}
]]></system-out>
    </testcase>
    <testcase classname="chrome.136_0_7103_49.windows.Yard_Overview_Autoplanning_US130989" name="Prereq Should create a new material with catalog selection" time="125.733">
      <system-out><![CDATA[
COMMAND: POST /session/d153e98b3c471435a5098620da501db7/execute/async - {"script":"<script> [1562 bytes]","args":[{"selector":{"controlType":"sap.m.GenericTile","properties":{"header":"Manage Resources"}},"wdio_ui5_key":"sapm.GenericTile{\"header\":\"Manage Resources\"}"}]}
RESULT: {"script":"<script> [1562 bytes]","args":[{"selector":{"controlType":"sap.m.GenericTile","properties":{"header":"Manage Resources"}},"wdio_ui5_key":"sapm.GenericTile{\"header\":\"Manage Resources\"}"}]}
RESULT: undefined
COMMAND: POST /session/d153e98b3c471435a5098620da501db7/element - {"using":"xpath","value":"//*[@id=\"__tile31\"]"}
RESULT: {"using":"xpath","value":"//*[@id=\"__tile31\"]"}
COMMAND: POST /session/d153e98b3c471435a5098620da501db7/element/f.CF47462C8DE8152CFB397AB847E6AB59.d.3DB292B98768DEE8B4FA1BD665916178.e.3427/click - {}
RESULT: {}
COMMAND: POST /session/d153e98b3c471435a5098620da501db7/element - {"using":"xpath","value":"//button[@data-kt=\"addNewRUOverflowToolbarButton\"]"}
COMMAND: GET /session/d153e98b3c471435a5098620da501db7/screenshot - {}
RESULT: {"using":"xpath","value":"//button[@data-kt=\"addNewRUOverflowToolbarButton\"]"}
COMMAND: POST /session/d153e98b3c471435a5098620da501db7/elements - {"using":"xpath","value":"//button[@data-kt=\"addNewRUOverflowToolbarButton\"]"}
RESULT: {}
RESULT: {"using":"xpath","value":"//button[@data-kt=\"addNewRUOverflowToolbarButton\"]"}
COMMAND: POST /session/d153e98b3c471435a5098620da501db7/elements - {"using":"xpath","value":"//button[@data-kt=\"addNewRUOverflowToolbarButton\"]"}
RESULT: {"using":"xpath","value":"//button[@data-kt=\"addNewRUOverflowToolbarButton\"]"}
COMMAND: POST /session/d153e98b3c471435a5098620da501db7/elements - {"using":"xpath","value":"//button[@data-kt=\"addNewRUOverflowToolbarButton\"]"}
RESULT: {"using":"xpath","value":"//button[@data-kt=\"addNewRUOverflowToolbarButton\"]"}
COMMAND: POST /session/d153e98b3c471435a5098620da501db7/elements - {"using":"xpath","value":"//button[@data-kt=\"addNewRUOverflowToolbarButton\"]"}
RESULT: {"using":"xpath","value":"//button[@data-kt=\"addNewRUOverflowToolbarButton\"]"}
COMMAND: POST /session/d153e98b3c471435a5098620da501db7/elements - {"using":"xpath","value":"//button[@data-kt=\"addNewRUOverflowToolbarButton\"]"}
RESULT: {"using":"xpath","value":"//button[@data-kt=\"addNewRUOverflowToolbarButton\"]"}
COMMAND: POST /session/d153e98b3c471435a5098620da501db7/elements - {"using":"xpath","value":"//button[@data-kt=\"addNewRUOverflowToolbarButton\"]"}
RESULT: {"using":"xpath","value":"//button[@data-kt=\"addNewRUOverflowToolbarButton\"]"}
COMMAND: POST /session/d153e98b3c471435a5098620da501db7/elements - {"using":"xpath","value":"//button[@data-kt=\"addNewRUOverflowToolbarButton\"]"}
RESULT: {"using":"xpath","value":"//button[@data-kt=\"addNewRUOverflowToolbarButton\"]"}
COMMAND: POST /session/d153e98b3c471435a5098620da501db7/elements - {"using":"xpath","value":"//button[@data-kt=\"addNewRUOverflowToolbarButton\"]"}
RESULT: {"using":"xpath","value":"//button[@data-kt=\"addNewRUOverflowToolbarButton\"]"}
COMMAND: POST /session/d153e98b3c471435a5098620da501db7/elements - {"using":"xpath","value":"//button[@data-kt=\"addNewRUOverflowToolbarButton\"]"}
RESULT: {"using":"xpath","value":"//button[@data-kt=\"addNewRUOverflowToolbarButton\"]"}
COMMAND: POST /session/d153e98b3c471435a5098620da501db7/elements - {"using":"xpath","value":"//button[@data-kt=\"addNewRUOverflowToolbarButton\"]"}
RESULT: {"using":"xpath","value":"//button[@data-kt=\"addNewRUOverflowToolbarButton\"]"}
COMMAND: POST /session/d153e98b3c471435a5098620da501db7/elements - {"using":"xpath","value":"//button[@data-kt=\"addNewRUOverflowToolbarButton\"]"}
RESULT: {"using":"xpath","value":"//button[@data-kt=\"addNewRUOverflowToolbarButton\"]"}
COMMAND: POST /session/d153e98b3c471435a5098620da501db7/elements - {"using":"xpath","value":"//button[@data-kt=\"addNewRUOverflowToolbarButton\"]"}
RESULT: {"using":"xpath","value":"//button[@data-kt=\"addNewRUOverflowToolbarButton\"]"}
COMMAND: POST /session/d153e98b3c471435a5098620da501db7/elements - {"using":"xpath","value":"//button[@data-kt=\"addNewRUOverflowToolbarButton\"]"}
RESULT: {"using":"xpath","value":"//button[@data-kt=\"addNewRUOverflowToolbarButton\"]"}
COMMAND: POST /session/d153e98b3c471435a5098620da501db7/elements - {"using":"xpath","value":"//button[@data-kt=\"addNewRUOverflowToolbarButton\"]"}
RESULT: {"using":"xpath","value":"//button[@data-kt=\"addNewRUOverflowToolbarButton\"]"}
COMMAND: POST /session/d153e98b3c471435a5098620da501db7/elements - {"using":"xpath","value":"//button[@data-kt=\"addNewRUOverflowToolbarButton\"]"}
RESULT: {"using":"xpath","value":"//button[@data-kt=\"addNewRUOverflowToolbarButton\"]"}
COMMAND: POST /session/d153e98b3c471435a5098620da501db7/elements - {"using":"xpath","value":"//button[@data-kt=\"addNewRUOverflowToolbarButton\"]"}
RESULT: {"using":"xpath","value":"//button[@data-kt=\"addNewRUOverflowToolbarButton\"]"}
COMMAND: POST /session/d153e98b3c471435a5098620da501db7/elements - {"using":"xpath","value":"//button[@data-kt=\"addNewRUOverflowToolbarButton\"]"}
RESULT: {"using":"xpath","value":"//button[@data-kt=\"addNewRUOverflowToolbarButton\"]"}
COMMAND: POST /session/d153e98b3c471435a5098620da501db7/elements - {"using":"xpath","value":"//button[@data-kt=\"addNewRUOverflowToolbarButton\"]"}
RESULT: {"using":"xpath","value":"//button[@data-kt=\"addNewRUOverflowToolbarButton\"]"}
COMMAND: POST /session/d153e98b3c471435a5098620da501db7/elements - {"using":"xpath","value":"//button[@data-kt=\"addNewRUOverflowToolbarButton\"]"}
RESULT: {"using":"xpath","value":"//button[@data-kt=\"addNewRUOverflowToolbarButton\"]"}
COMMAND: POST /session/d153e98b3c471435a5098620da501db7/elements - {"using":"xpath","value":"//button[@data-kt=\"addNewRUOverflowToolbarButton\"]"}
RESULT: {"using":"xpath","value":"//button[@data-kt=\"addNewRUOverflowToolbarButton\"]"}
COMMAND: POST /session/d153e98b3c471435a5098620da501db7/elements - {"using":"xpath","value":"//button[@data-kt=\"addNewRUOverflowToolbarButton\"]"}
RESULT: {"using":"xpath","value":"//button[@data-kt=\"addNewRUOverflowToolbarButton\"]"}
COMMAND: POST /session/d153e98b3c471435a5098620da501db7/elements - {"using":"xpath","value":"//button[@data-kt=\"addNewRUOverflowToolbarButton\"]"}
RESULT: {"using":"xpath","value":"//button[@data-kt=\"addNewRUOverflowToolbarButton\"]"}
COMMAND: POST /session/d153e98b3c471435a5098620da501db7/elements - {"using":"xpath","value":"//button[@data-kt=\"addNewRUOverflowToolbarButton\"]"}
RESULT: {"using":"xpath","value":"//button[@data-kt=\"addNewRUOverflowToolbarButton\"]"}
COMMAND: POST /session/d153e98b3c471435a5098620da501db7/elements - {"using":"xpath","value":"//button[@data-kt=\"addNewRUOverflowToolbarButton\"]"}
RESULT: {"using":"xpath","value":"//button[@data-kt=\"addNewRUOverflowToolbarButton\"]"}
COMMAND: POST /session/d153e98b3c471435a5098620da501db7/elements - {"using":"xpath","value":"//button[@data-kt=\"addNewRUOverflowToolbarButton\"]"}
RESULT: {"using":"xpath","value":"//button[@data-kt=\"addNewRUOverflowToolbarButton\"]"}
COMMAND: POST /session/d153e98b3c471435a5098620da501db7/elements - {"using":"xpath","value":"//button[@data-kt=\"addNewRUOverflowToolbarButton\"]"}
RESULT: {"using":"xpath","value":"//button[@data-kt=\"addNewRUOverflowToolbarButton\"]"}
COMMAND: POST /session/d153e98b3c471435a5098620da501db7/elements - {"using":"xpath","value":"//button[@data-kt=\"addNewRUOverflowToolbarButton\"]"}
RESULT: {"using":"xpath","value":"//button[@data-kt=\"addNewRUOverflowToolbarButton\"]"}
COMMAND: POST /session/d153e98b3c471435a5098620da501db7/elements - {"using":"xpath","value":"//button[@data-kt=\"addNewRUOverflowToolbarButton\"]"}
RESULT: {"using":"xpath","value":"//button[@data-kt=\"addNewRUOverflowToolbarButton\"]"}
COMMAND: POST /session/d153e98b3c471435a5098620da501db7/elements - {"using":"xpath","value":"//button[@data-kt=\"addNewRUOverflowToolbarButton\"]"}
RESULT: {"using":"xpath","value":"//button[@data-kt=\"addNewRUOverflowToolbarButton\"]"}
COMMAND: POST /session/d153e98b3c471435a5098620da501db7/elements - {"using":"xpath","value":"//button[@data-kt=\"addNewRUOverflowToolbarButton\"]"}
RESULT: {"using":"xpath","value":"//button[@data-kt=\"addNewRUOverflowToolbarButton\"]"}
COMMAND: POST /session/d153e98b3c471435a5098620da501db7/elements - {"using":"xpath","value":"//button[@data-kt=\"addNewRUOverflowToolbarButton\"]"}
RESULT: {"using":"xpath","value":"//button[@data-kt=\"addNewRUOverflowToolbarButton\"]"}
COMMAND: POST /session/d153e98b3c471435a5098620da501db7/elements - {"using":"xpath","value":"//button[@data-kt=\"addNewRUOverflowToolbarButton\"]"}
RESULT: {"using":"xpath","value":"//button[@data-kt=\"addNewRUOverflowToolbarButton\"]"}
COMMAND: POST /session/d153e98b3c471435a5098620da501db7/elements - {"using":"xpath","value":"//button[@data-kt=\"addNewRUOverflowToolbarButton\"]"}
RESULT: {"using":"xpath","value":"//button[@data-kt=\"addNewRUOverflowToolbarButton\"]"}
COMMAND: POST /session/d153e98b3c471435a5098620da501db7/elements - {"using":"xpath","value":"//button[@data-kt=\"addNewRUOverflowToolbarButton\"]"}
RESULT: {"using":"xpath","value":"//button[@data-kt=\"addNewRUOverflowToolbarButton\"]"}
COMMAND: POST /session/d153e98b3c471435a5098620da501db7/elements - {"using":"xpath","value":"//button[@data-kt=\"addNewRUOverflowToolbarButton\"]"}
RESULT: {"using":"xpath","value":"//button[@data-kt=\"addNewRUOverflowToolbarButton\"]"}
COMMAND: POST /session/d153e98b3c471435a5098620da501db7/elements - {"using":"xpath","value":"//button[@data-kt=\"addNewRUOverflowToolbarButton\"]"}
RESULT: {"using":"xpath","value":"//button[@data-kt=\"addNewRUOverflowToolbarButton\"]"}
COMMAND: POST /session/d153e98b3c471435a5098620da501db7/elements - {"using":"xpath","value":"//button[@data-kt=\"addNewRUOverflowToolbarButton\"]"}
RESULT: {"using":"xpath","value":"//button[@data-kt=\"addNewRUOverflowToolbarButton\"]"}
COMMAND: POST /session/d153e98b3c471435a5098620da501db7/elements - {"using":"xpath","value":"//button[@data-kt=\"addNewRUOverflowToolbarButton\"]"}
RESULT: {"using":"xpath","value":"//button[@data-kt=\"addNewRUOverflowToolbarButton\"]"}
COMMAND: POST /session/d153e98b3c471435a5098620da501db7/elements - {"using":"xpath","value":"//button[@data-kt=\"addNewRUOverflowToolbarButton\"]"}
RESULT: {"using":"xpath","value":"//button[@data-kt=\"addNewRUOverflowToolbarButton\"]"}
COMMAND: POST /session/d153e98b3c471435a5098620da501db7/elements - {"using":"xpath","value":"//button[@data-kt=\"addNewRUOverflowToolbarButton\"]"}
RESULT: {"using":"xpath","value":"//button[@data-kt=\"addNewRUOverflowToolbarButton\"]"}
COMMAND: POST /session/d153e98b3c471435a5098620da501db7/elements - {"using":"xpath","value":"//button[@data-kt=\"addNewRUOverflowToolbarButton\"]"}
RESULT: {"using":"xpath","value":"//button[@data-kt=\"addNewRUOverflowToolbarButton\"]"}
COMMAND: POST /session/d153e98b3c471435a5098620da501db7/element - {"using":"xpath","value":"//button[@data-kt=\"addNewRUOverflowToolbarButton\"]"}
RESULT: {"using":"xpath","value":"//button[@data-kt=\"addNewRUOverflowToolbarButton\"]"}
COMMAND: POST /session/d153e98b3c471435a5098620da501db7/execute/sync - {"script":"<script> [8489 bytes]","args":[{"element-6066-11e4-a52e-4f735466cecf":"f.CF47462C8DE8152CFB397AB847E6AB59.d.3DB292B98768DEE8B4FA1BD665916178.e.3536","ELEMENT":"f.CF47462C8DE8152CFB397AB847E6AB59.d.3DB292B98768DEE8B4FA1BD665916178.e.3536"}]}
RESULT: {"script":"<script> [8489 bytes]","args":[{"element-6066-11e4-a52e-4f735466cecf":"f.CF47462C8DE8152CFB397AB847E6AB59.d.3DB292B98768DEE8B4FA1BD665916178.e.3536","ELEMENT":"f.CF47462C8DE8152CFB397AB847E6AB59.d.3DB292B98768DEE8B4FA1BD665916178.e.3536"}]}
COMMAND: GET /session/d153e98b3c471435a5098620da501db7/element/f.CF47462C8DE8152CFB397AB847E6AB59.d.3DB292B98768DEE8B4FA1BD665916178.e.3536/enabled - {}
COMMAND: GET /session/d153e98b3c471435a5098620da501db7/screenshot - {}
RESULT: {}
COMMAND: POST /session/d153e98b3c471435a5098620da501db7/execute/sync - {"script":"<script> [8489 bytes]","args":[{"element-6066-11e4-a52e-4f735466cecf":"f.CF47462C8DE8152CFB397AB847E6AB59.d.3DB292B98768DEE8B4FA1BD665916178.e.3536","ELEMENT":"f.CF47462C8DE8152CFB397AB847E6AB59.d.3DB292B98768DEE8B4FA1BD665916178.e.3536"}]}
COMMAND: GET /session/d153e98b3c471435a5098620da501db7/screenshot - {}
RESULT: {}
RESULT: {"script":"<script> [8489 bytes]","args":[{"element-6066-11e4-a52e-4f735466cecf":"f.CF47462C8DE8152CFB397AB847E6AB59.d.3DB292B98768DEE8B4FA1BD665916178.e.3536","ELEMENT":"f.CF47462C8DE8152CFB397AB847E6AB59.d.3DB292B98768DEE8B4FA1BD665916178.e.3536"}]}
COMMAND: POST /session/d153e98b3c471435a5098620da501db7/execute/sync - {"script":"<script> [5351 bytes]","args":[{"element-6066-11e4-a52e-4f735466cecf":"f.CF47462C8DE8152CFB397AB847E6AB59.d.3DB292B98768DEE8B4FA1BD665916178.e.3536","ELEMENT":"f.CF47462C8DE8152CFB397AB847E6AB59.d.3DB292B98768DEE8B4FA1BD665916178.e.3536"}]}
COMMAND: GET /session/d153e98b3c471435a5098620da501db7/screenshot - {}
RESULT: {}
RESULT: {"script":"<script> [5351 bytes]","args":[{"element-6066-11e4-a52e-4f735466cecf":"f.CF47462C8DE8152CFB397AB847E6AB59.d.3DB292B98768DEE8B4FA1BD665916178.e.3536","ELEMENT":"f.CF47462C8DE8152CFB397AB847E6AB59.d.3DB292B98768DEE8B4FA1BD665916178.e.3536"}]}
COMMAND: POST /session/d153e98b3c471435a5098620da501db7/element/f.CF47462C8DE8152CFB397AB847E6AB59.d.3DB292B98768DEE8B4FA1BD665916178.e.3536/click - {}
COMMAND: GET /session/d153e98b3c471435a5098620da501db7/screenshot - {}
RESULT: {}
RESULT: {}
COMMAND: GET /session/d153e98b3c471435a5098620da501db7/screenshot - {}
RESULT: {}
RESULT: {}
COMMAND: POST /session/d153e98b3c471435a5098620da501db7/execute/async - {"script":"<script> [1562 bytes]","args":[{"selector":{"id":"application-manageresources-display-component---newResourceUnit--TYPE-arrow"},"wdio_ui5_key":"applicationmanageresources-display-component---newResourceUnit--TYPE-arrow"}]}
RESULT: {"script":"<script> [1562 bytes]","args":[{"selector":{"id":"application-manageresources-display-component---newResourceUnit--TYPE-arrow"},"wdio_ui5_key":"applicationmanageresources-display-component---newResourceUnit--TYPE-arrow"}]}
RESULT: undefined
COMMAND: POST /session/d153e98b3c471435a5098620da501db7/element - {"using":"xpath","value":"//*[@id=\"application-manageresources-display-component---newResourceUnit--TYPE-arrow\"]"}
RESULT: {"using":"xpath","value":"//*[@id=\"application-manageresources-display-component---newResourceUnit--TYPE-arrow\"]"}
COMMAND: POST /session/d153e98b3c471435a5098620da501db7/element/f.CF47462C8DE8152CFB397AB847E6AB59.d.3DB292B98768DEE8B4FA1BD665916178.e.3894/click - {}
RESULT: {}
COMMAND: POST /session/d153e98b3c471435a5098620da501db7/element - {"using":"xpath","value":"//input[@id=\"application-manageresources-display-component---newResourceUnit--TYPE-inner\"]"}
COMMAND: GET /session/d153e98b3c471435a5098620da501db7/screenshot - {}
RESULT: {"using":"xpath","value":"//input[@id=\"application-manageresources-display-component---newResourceUnit--TYPE-inner\"]"}
COMMAND: POST /session/d153e98b3c471435a5098620da501db7/element/f.CF47462C8DE8152CFB397AB847E6AB59.d.3DB292B98768DEE8B4FA1BD665916178.e.3890/clear - {}
RESULT: {}
RESULT: {}
COMMAND: POST /session/d153e98b3c471435a5098620da501db7/element/f.CF47462C8DE8152CFB397AB847E6AB59.d.3DB292B98768DEE8B4FA1BD665916178.e.3890/value - {"text":"Material"}
COMMAND: GET /session/d153e98b3c471435a5098620da501db7/screenshot - {}
RESULT: {"text":"Material"}
COMMAND: GET /session/d153e98b3c471435a5098620da501db7/screenshot - {}
RESULT: {}
RESULT: {}
COMMAND: POST /session/d153e98b3c471435a5098620da501db7/actions - {"actions":[{"id":"action13","type":"key","parameters":{},"actions":[{"type":"keyDown","value":"î€‡"},{"type":"pause","duration":10},{"type":"keyUp","value":"î€‡"}]}]}
RESULT: {"actions":[{"id":"action13","type":"key","parameters":{},"actions":[{"type":"keyDown","value":"î€‡"},{"type":"pause","duration":10},{"type":"keyUp","value":"î€‡"}]}]}
COMMAND: POST /session/d153e98b3c471435a5098620da501db7/execute/async - {"script":"<script> [1562 bytes]","args":[{"selector":{"id":"application-manageresources-display-component---newResourceUnit--SHORT_TEXT","interaction":{"idSuffix":"inner"}},"wdio_ui5_key":"applicationmanageresources-display-component---newResourceUnit--SHORT_TEXT"}]}
COMMAND: GET /session/d153e98b3c471435a5098620da501db7/screenshot - {}
RESULT: {"script":"<script> [1562 bytes]","args":[{"selector":{"id":"application-manageresources-display-component---newResourceUnit--SHORT_TEXT","interaction":{"idSuffix":"inner"}},"wdio_ui5_key":"applicationmanageresources-display-component---newResourceUnit--SHORT_TEXT"}]}
RESULT: undefined
COMMAND: POST /session/d153e98b3c471435a5098620da501db7/execute/async - {"script":"<script> [776 bytes]","args":[{"enterText":"Cement WDIO","selector":{"id":"application-manageresources-display-component---newResourceUnit--SHORT_TEXT","interaction":{"idSuffix":"inner"}},"clearTextFirst":true,"interactionType":"ENTER_TEXT"}]}
RESULT: {}
RESULT: {"script":"<script> [776 bytes]","args":[{"enterText":"Cement WDIO","selector":{"id":"application-manageresources-display-component---newResourceUnit--SHORT_TEXT","interaction":{"idSuffix":"inner"}},"clearTextFirst":true,"interactionType":"ENTER_TEXT"}]}
COMMAND: POST /session/d153e98b3c471435a5098620da501db7/execute/async - {"script":"<script> [1562 bytes]","args":[{"selector":{"id":"application-manageresources-display-component---newResourceUnit--BASE_UNIT_OF_MEASURE","interaction":{"idSuffix":"inner"}},"wdio_ui5_key":"applicationmanageresources-display-component---newResourceUnit--BASE_UNIT_OF_MEASURE"}]}
RESULT: {"script":"<script> [1562 bytes]","args":[{"selector":{"id":"application-manageresources-display-component---newResourceUnit--BASE_UNIT_OF_MEASURE","interaction":{"idSuffix":"inner"}},"wdio_ui5_key":"applicationmanageresources-display-component---newResourceUnit--BASE_UNIT_OF_MEASURE"}]}
RESULT: undefined
COMMAND: POST /session/d153e98b3c471435a5098620da501db7/execute/async - {"script":"<script> [776 bytes]","args":[{"enterText":"Piece","selector":{"id":"application-manageresources-display-component---newResourceUnit--BASE_UNIT_OF_MEASURE","interaction":{"idSuffix":"inner"}},"clearTextFirst":true,"interactionType":"ENTER_TEXT"}]}
RESULT: {"script":"<script> [776 bytes]","args":[{"enterText":"Piece","selector":{"id":"application-manageresources-display-component---newResourceUnit--BASE_UNIT_OF_MEASURE","interaction":{"idSuffix":"inner"}},"clearTextFirst":true,"interactionType":"ENTER_TEXT"}]}
COMMAND: POST /session/d153e98b3c471435a5098620da501db7/execute/async - {"script":"<script> [1562 bytes]","args":[{"selector":{"id":"application-manageresources-display-component---newResourceUnit--WEIGHT_UNIT","interaction":{"idSuffix":"inner"}},"wdio_ui5_key":"applicationmanageresources-display-component---newResourceUnit--WEIGHT_UNIT"}]}
RESULT: {"script":"<script> [1562 bytes]","args":[{"selector":{"id":"application-manageresources-display-component---newResourceUnit--WEIGHT_UNIT","interaction":{"idSuffix":"inner"}},"wdio_ui5_key":"applicationmanageresources-display-component---newResourceUnit--WEIGHT_UNIT"}]}
RESULT: undefined
COMMAND: POST /session/d153e98b3c471435a5098620da501db7/execute/async - {"script":"<script> [776 bytes]","args":[{"enterText":"Gram","selector":{"id":"application-manageresources-display-component---newResourceUnit--WEIGHT_UNIT","interaction":{"idSuffix":"inner"}},"clearTextFirst":true,"interactionType":"ENTER_TEXT"}]}
RESULT: {"script":"<script> [776 bytes]","args":[{"enterText":"Gram","selector":{"id":"application-manageresources-display-component---newResourceUnit--WEIGHT_UNIT","interaction":{"idSuffix":"inner"}},"clearTextFirst":true,"interactionType":"ENTER_TEXT"}]}
COMMAND: POST /session/d153e98b3c471435a5098620da501db7/execute/async - {"script":"<script> [1562 bytes]","args":[{"selector":{"id":"application-manageresources-display-component---newResourceUnit--DIMENSION_UNIT","interaction":{"idSuffix":"inner"}},"wdio_ui5_key":"applicationmanageresources-display-component---newResourceUnit--DIMENSION_UNIT"}]}
RESULT: {"script":"<script> [1562 bytes]","args":[{"selector":{"id":"application-manageresources-display-component---newResourceUnit--DIMENSION_UNIT","interaction":{"idSuffix":"inner"}},"wdio_ui5_key":"applicationmanageresources-display-component---newResourceUnit--DIMENSION_UNIT"}]}
RESULT: undefined
COMMAND: POST /session/d153e98b3c471435a5098620da501db7/execute/async - {"script":"<script> [776 bytes]","args":[{"enterText":"Meter","selector":{"id":"application-manageresources-display-component---newResourceUnit--DIMENSION_UNIT","interaction":{"idSuffix":"inner"}},"clearTextFirst":true,"interactionType":"ENTER_TEXT"}]}
RESULT: {"script":"<script> [776 bytes]","args":[{"enterText":"Meter","selector":{"id":"application-manageresources-display-component---newResourceUnit--DIMENSION_UNIT","interaction":{"idSuffix":"inner"}},"clearTextFirst":true,"interactionType":"ENTER_TEXT"}]}
COMMAND: POST /session/d153e98b3c471435a5098620da501db7/execute/async - {"script":"<script> [1562 bytes]","args":[{"selector":{"id":"application-manageresources-display-component---newResourceUnit--newRRUPage-anchBar-application-manageresources-display-component---newResourceUnit--control-anchor","interaction":{"idSuffix":"BDI-content"}},"wdio_ui5_key":"applicationmanageresources-display-component---newResourceUnit--newRRUPage-anchBar-application-manageresources-display-component---newResourceUnit--control-anchor"}]}
RESULT: {"script":"<script> [1562 bytes]","args":[{"selector":{"id":"application-manageresources-display-component---newResourceUnit--newRRUPage-anchBar-application-manageresources-display-component---newResourceUnit--control-anchor","interaction":{"idSuffix":"BDI-content"}},"wdio_ui5_key":"applicationmanageresources-display-component---newResourceUnit--newRRUPage-anchBar-application-manageresources-display-component---newResourceUnit--control-anchor"}]}
RESULT: undefined
COMMAND: POST /session/d153e98b3c471435a5098620da501db7/element - {"using":"xpath","value":"//*[@id=\"application-manageresources-display-component---newResourceUnit--newRRUPage-anchBar-application-manageresources-display-component---newResourceUnit--control-anchor\"]"}
RESULT: {"using":"xpath","value":"//*[@id=\"application-manageresources-display-component---newResourceUnit--newRRUPage-anchBar-application-manageresources-display-component---newResourceUnit--control-anchor\"]"}
COMMAND: POST /session/d153e98b3c471435a5098620da501db7/element/f.CF47462C8DE8152CFB397AB847E6AB59.d.3DB292B98768DEE8B4FA1BD665916178.e.3959/click - {}
RESULT: {}
COMMAND: POST /session/d153e98b3c471435a5098620da501db7/execute/async - {"script":"<script> [1562 bytes]","args":[{"selector":{"id":"application-manageresources-display-component---newResourceUnit--PLANNING_GROUP","interaction":{"idSuffix":"inner"}},"wdio_ui5_key":"applicationmanageresources-display-component---newResourceUnit--PLANNING_GROUP"}]}
COMMAND: GET /session/d153e98b3c471435a5098620da501db7/screenshot - {}
RESULT: {"script":"<script> [1562 bytes]","args":[{"selector":{"id":"application-manageresources-display-component---newResourceUnit--PLANNING_GROUP","interaction":{"idSuffix":"inner"}},"wdio_ui5_key":"applicationmanageresources-display-component---newResourceUnit--PLANNING_GROUP"}]}
RESULT: undefined
COMMAND: POST /session/d153e98b3c471435a5098620da501db7/execute/async - {"script":"<script> [776 bytes]","args":[{"enterText":"Material","selector":{"id":"application-manageresources-display-component---newResourceUnit--PLANNING_GROUP","interaction":{"idSuffix":"inner"}},"clearTextFirst":true,"interactionType":"ENTER_TEXT"}]}
RESULT: {}
RESULT: {"script":"<script> [776 bytes]","args":[{"enterText":"Material","selector":{"id":"application-manageresources-display-component---newResourceUnit--PLANNING_GROUP","interaction":{"idSuffix":"inner"}},"clearTextFirst":true,"interactionType":"ENTER_TEXT"}]}
COMMAND: POST /session/d153e98b3c471435a5098620da501db7/execute/async - {"script":"<script> [1562 bytes]","args":[{"selector":{"id":"application-manageresources-display-component---newResourceUnit--PLANNING_INDICATOR","interaction":{"idSuffix":"inner"}},"wdio_ui5_key":"applicationmanageresources-display-component---newResourceUnit--PLANNING_INDICATOR"}]}
RESULT: {"script":"<script> [1562 bytes]","args":[{"selector":{"id":"application-manageresources-display-component---newResourceUnit--PLANNING_INDICATOR","interaction":{"idSuffix":"inner"}},"wdio_ui5_key":"applicationmanageresources-display-component---newResourceUnit--PLANNING_INDICATOR"}]}
RESULT: undefined
COMMAND: POST /session/d153e98b3c471435a5098620da501db7/execute/async - {"script":"<script> [776 bytes]","args":[{"enterText":"10 - infinite","selector":{"id":"application-manageresources-display-component---newResourceUnit--PLANNING_INDICATOR","interaction":{"idSuffix":"inner"}},"clearTextFirst":true,"interactionType":"ENTER_TEXT"}]}
RESULT: {"script":"<script> [776 bytes]","args":[{"enterText":"10 - infinite","selector":{"id":"application-manageresources-display-component---newResourceUnit--PLANNING_INDICATOR","interaction":{"idSuffix":"inner"}},"clearTextFirst":true,"interactionType":"ENTER_TEXT"}]}
COMMAND: POST /session/d153e98b3c471435a5098620da501db7/element - {"using":"css selector","value":"#application-manageresources-display-component---newResourceUnit--btnAddTimeSegment"}
RESULT: {"using":"css selector","value":"#application-manageresources-display-component---newResourceUnit--btnAddTimeSegment"}
COMMAND: GET /session/d153e98b3c471435a5098620da501db7/element/f.CF47462C8DE8152CFB397AB847E6AB59.d.3DB292B98768DEE8B4FA1BD665916178.e.3967/rect - {}
RESULT: {}
COMMAND: GET /session/d153e98b3c471435a5098620da501db7/window/rect - {}
RESULT: {}
COMMAND: POST /session/d153e98b3c471435a5098620da501db7/execute/sync - {"script":"<script> [92 bytes]","args":[]}
RESULT: {"script":"<script> [92 bytes]","args":[]}
COMMAND: POST /session/d153e98b3c471435a5098620da501db7/actions - {"actions":[{"id":"action14","type":"wheel","parameters":{},"actions":[{"type":"scroll","x":-1888,"y":-32,"deltaX":0,"deltaY":0,"duration":0,"origin":{"element-6066-11e4-a52e-4f735466cecf":"f.CF47462C8DE8152CFB397AB847E6AB59.d.3DB292B98768DEE8B4FA1BD665916178.e.3967"}}]}]}
COMMAND: GET /session/d153e98b3c471435a5098620da501db7/screenshot - {}
RESULT: {}
COMMAND: POST /session/d153e98b3c471435a5098620da501db7/execute/sync - {"script":"<script> [79 bytes]","args":[{"element-6066-11e4-a52e-4f735466cecf":"f.CF47462C8DE8152CFB397AB847E6AB59.d.3DB292B98768DEE8B4FA1BD665916178.e.3967","ELEMENT":"f.CF47462C8DE8152CFB397AB847E6AB59.d.3DB292B98768DEE8B4FA1BD665916178.e.3967"},{"block":"start","inline":"nearest"}]}
RESULT: {"script":"<script> [79 bytes]","args":[{"element-6066-11e4-a52e-4f735466cecf":"f.CF47462C8DE8152CFB397AB847E6AB59.d.3DB292B98768DEE8B4FA1BD665916178.e.3967","ELEMENT":"f.CF47462C8DE8152CFB397AB847E6AB59.d.3DB292B98768DEE8B4FA1BD665916178.e.3967"},{"block":"start","inline":"nearest"}]}
COMMAND: POST /session/d153e98b3c471435a5098620da501db7/execute/async - {"script":"<script> [1562 bytes]","args":[{"selector":{"id":"application-manageresources-display-component---newResourceUnit--btnAddTimeSegment","interaction":{"idSuffix":"inner"}},"wdio_ui5_key":"applicationmanageresources-display-component---newResourceUnit--btnAddTimeSegment"}]}
COMMAND: GET /session/d153e98b3c471435a5098620da501db7/screenshot - {}
RESULT: {"script":"<script> [1562 bytes]","args":[{"selector":{"id":"application-manageresources-display-component---newResourceUnit--btnAddTimeSegment","interaction":{"idSuffix":"inner"}},"wdio_ui5_key":"applicationmanageresources-display-component---newResourceUnit--btnAddTimeSegment"}]}
RESULT: undefined
COMMAND: POST /session/d153e98b3c471435a5098620da501db7/element - {"using":"xpath","value":"//*[@id=\"application-manageresources-display-component---newResourceUnit--btnAddTimeSegment\"]"}
RESULT: {}
RESULT: {"using":"xpath","value":"//*[@id=\"application-manageresources-display-component---newResourceUnit--btnAddTimeSegment\"]"}
COMMAND: POST /session/d153e98b3c471435a5098620da501db7/element/f.CF47462C8DE8152CFB397AB847E6AB59.d.3DB292B98768DEE8B4FA1BD665916178.e.3967/click - {}
RESULT: {}
COMMAND: GET /session/d153e98b3c471435a5098620da501db7/screenshot - {}
RESULT: {}
COMMAND: POST /session/d153e98b3c471435a5098620da501db7/element - {"using":"xpath","value":"//input[@id=\"application-manageresources-display-component---newResourceUnit--idRuTSAdmin-application-manageresources-display-component---newResourceUnit--RUTimeSegment-0-inner\"]"}
RESULT: {"using":"xpath","value":"//input[@id=\"application-manageresources-display-component---newResourceUnit--idRuTSAdmin-application-manageresources-display-component---newResourceUnit--RUTimeSegment-0-inner\"]"}
COMMAND: POST /session/d153e98b3c471435a5098620da501db7/element/f.CF47462C8DE8152CFB397AB847E6AB59.d.3DB292B98768DEE8B4FA1BD665916178.e.3972/clear - {}
RESULT: {}
COMMAND: POST /session/d153e98b3c471435a5098620da501db7/element/f.CF47462C8DE8152CFB397AB847E6AB59.d.3DB292B98768DEE8B4FA1BD665916178.e.3972/value - {"text":"268"}
COMMAND: GET /session/d153e98b3c471435a5098620da501db7/screenshot - {}
RESULT: {"text":"268"}
COMMAND: GET /session/d153e98b3c471435a5098620da501db7/screenshot - {}
RESULT: {}
RESULT: {}
COMMAND: POST /session/d153e98b3c471435a5098620da501db7/element - {"using":"xpath","value":"//li[.//span[text()='268']]"}
RESULT: {"using":"xpath","value":"//li[.//span[text()='268']]"}
COMMAND: POST /session/d153e98b3c471435a5098620da501db7/element/f.CF47462C8DE8152CFB397AB847E6AB59.d.3DB292B98768DEE8B4FA1BD665916178.e.3981/click - {}
RESULT: {}
COMMAND: GET /session/d153e98b3c471435a5098620da501db7/screenshot - {}
RESULT: {}
COMMAND: POST /session/d153e98b3c471435a5098620da501db7/element - {"using":"xpath","value":"//*[contains(text(), \"Catalogs\")][contains(@id ,\"application-manageresources-display-component---newResourceUnit--newRRUPage-anchBar\")]"}
RESULT: {"using":"xpath","value":"//*[contains(text(), \"Catalogs\")][contains(@id ,\"application-manageresources-display-component---newResourceUnit--newRRUPage-anchBar\")]"}
COMMAND: POST /session/d153e98b3c471435a5098620da501db7/element/f.CF47462C8DE8152CFB397AB847E6AB59.d.3DB292B98768DEE8B4FA1BD665916178.e.3982/click - {}
RESULT: {}
COMMAND: GET /session/d153e98b3c471435a5098620da501db7/screenshot - {}
RESULT: {}
COMMAND: POST /session/d153e98b3c471435a5098620da501db7/element - {"using":"xpath","value":"//*[contains(text(), \"Assign\")][contains(@id ,\"button\")]"}
RESULT: {"using":"xpath","value":"//*[contains(text(), \"Assign\")][contains(@id ,\"button\")]"}
COMMAND: POST /session/d153e98b3c471435a5098620da501db7/element/f.CF47462C8DE8152CFB397AB847E6AB59.d.3DB292B98768DEE8B4FA1BD665916178.e.3986/click - {}
RESULT: {}
COMMAND: GET /session/d153e98b3c471435a5098620da501db7/screenshot - {}
RESULT: {}
COMMAND: POST /session/d153e98b3c471435a5098620da501db7/element - {"using":"xpath","value":"//span[@id = \"application-manageresources-display-component---newResourceUnit--catalogSelect-arrow\"]"}
RESULT: {"using":"xpath","value":"//span[@id = \"application-manageresources-display-component---newResourceUnit--catalogSelect-arrow\"]"}
COMMAND: POST /session/d153e98b3c471435a5098620da501db7/element/f.CF47462C8DE8152CFB397AB847E6AB59.d.3DB292B98768DEE8B4FA1BD665916178.e.3994/click - {}
RESULT: {}
COMMAND: GET /session/d153e98b3c471435a5098620da501db7/screenshot - {}
RESULT: {}
COMMAND: POST /session/d153e98b3c471435a5098620da501db7/element - {"using":"xpath","value":"//li[.//span[text()=\"Webshop Catalog\"]]"}
RESULT: {"using":"xpath","value":"//li[.//span[text()=\"Webshop Catalog\"]]"}
COMMAND: POST /session/d153e98b3c471435a5098620da501db7/element/f.CF47462C8DE8152CFB397AB847E6AB59.d.3DB292B98768DEE8B4FA1BD665916178.e.3995/click - {}
RESULT: {}
COMMAND: GET /session/d153e98b3c471435a5098620da501db7/screenshot - {}
RESULT: {}
COMMAND: POST /session/d153e98b3c471435a5098620da501db7/element - {"using":"xpath","value":"//span[@id = \"application-manageresources-display-component---newResourceUnit--catalogItemSelect-arrow\"]"}
RESULT: {"using":"xpath","value":"//span[@id = \"application-manageresources-display-component---newResourceUnit--catalogItemSelect-arrow\"]"}
COMMAND: POST /session/d153e98b3c471435a5098620da501db7/element/f.CF47462C8DE8152CFB397AB847E6AB59.d.3DB292B98768DEE8B4FA1BD665916178.e.3996/click - {}
RESULT: {}
COMMAND: GET /session/d153e98b3c471435a5098620da501db7/screenshot - {}
RESULT: {}
COMMAND: POST /session/d153e98b3c471435a5098620da501db7/element - {"using":"xpath","value":"//li[.//span[text()=\"Concert - Concert \"]]"}
RESULT: {"using":"xpath","value":"//li[.//span[text()=\"Concert - Concert \"]]"}
COMMAND: POST /session/d153e98b3c471435a5098620da501db7/element/f.CF47462C8DE8152CFB397AB847E6AB59.d.3DB292B98768DEE8B4FA1BD665916178.e.3997/click - {}
RESULT: {}
COMMAND: GET /session/d153e98b3c471435a5098620da501db7/screenshot - {}
RESULT: {}
COMMAND: POST /session/d153e98b3c471435a5098620da501db7/execute/async - {"script":"<script> [1562 bytes]","args":[{"selector":{"id":"application-manageresources-display-component---newResourceUnit--RUAssignmentSaveButton","searchOpenDialogs":true,"interaction":{"idSuffix":"BDI-content"}},"wdio_ui5_key":"applicationmanageresources-display-component---newResourceUnit--RUAssignmentSaveButton"}]}
RESULT: {"script":"<script> [1562 bytes]","args":[{"selector":{"id":"application-manageresources-display-component---newResourceUnit--RUAssignmentSaveButton","searchOpenDialogs":true,"interaction":{"idSuffix":"BDI-content"}},"wdio_ui5_key":"applicationmanageresources-display-component---newResourceUnit--RUAssignmentSaveButton"}]}
RESULT: undefined
COMMAND: POST /session/d153e98b3c471435a5098620da501db7/element - {"using":"xpath","value":"//*[@id=\"application-manageresources-display-component---newResourceUnit--RUAssignmentSaveButton\"]"}
RESULT: {"using":"xpath","value":"//*[@id=\"application-manageresources-display-component---newResourceUnit--RUAssignmentSaveButton\"]"}
COMMAND: POST /session/d153e98b3c471435a5098620da501db7/element/f.CF47462C8DE8152CFB397AB847E6AB59.d.3DB292B98768DEE8B4FA1BD665916178.e.4013/click - {}
RESULT: {}
COMMAND: GET /session/d153e98b3c471435a5098620da501db7/screenshot - {}
RESULT: {}
COMMAND: POST /session/d153e98b3c471435a5098620da501db7/element - {"using":"xpath","value":"//button[@data-kt=\"resourceUnitSaveButton\"]"}
RESULT: {"using":"xpath","value":"//button[@data-kt=\"resourceUnitSaveButton\"]"}
COMMAND: POST /session/d153e98b3c471435a5098620da501db7/element/f.CF47462C8DE8152CFB397AB847E6AB59.d.3DB292B98768DEE8B4FA1BD665916178.e.3911/click - {}
RESULT: {}
COMMAND: GET /session/d153e98b3c471435a5098620da501db7/screenshot - {}
RESULT: {}
COMMAND: POST /session/d153e98b3c471435a5098620da501db7/element - {"using":"xpath","value":"//bdi[contains(text(), \"Close\")]"}
RESULT: {"using":"xpath","value":"//bdi[contains(text(), \"Close\")]"}
COMMAND: POST /session/d153e98b3c471435a5098620da501db7/element/f.CF47462C8DE8152CFB397AB847E6AB59.d.3DB292B98768DEE8B4FA1BD665916178.e.4017/click - {}
RESULT: {}
COMMAND: GET /session/d153e98b3c471435a5098620da501db7/screenshot - {}
RESULT: {}
COMMAND: POST /session/d153e98b3c471435a5098620da501db7/element - {"using":"xpath","value":"//header[contains(@id, 'detailRruPage-headerTitle')]/div[1]/div[2]/div[2]/span[1]"}
RESULT: {"using":"xpath","value":"//header[contains(@id, 'detailRruPage-headerTitle')]/div[1]/div[2]/div[2]/span[1]"}
COMMAND: POST /session/d153e98b3c471435a5098620da501db7/elements - {"using":"xpath","value":"//header[contains(@id, 'detailRruPage-headerTitle')]/div[1]/div[2]/div[2]/span[1]"}
RESULT: {"using":"xpath","value":"//header[contains(@id, 'detailRruPage-headerTitle')]/div[1]/div[2]/div[2]/span[1]"}
COMMAND: POST /session/d153e98b3c471435a5098620da501db7/execute/sync - {"script":"<script> [56 bytes]","args":[{"element-6066-11e4-a52e-4f735466cecf":"f.CF47462C8DE8152CFB397AB847E6AB59.d.3DB292B98768DEE8B4FA1BD665916178.e.4051","ELEMENT":"f.CF47462C8DE8152CFB397AB847E6AB59.d.3DB292B98768DEE8B4FA1BD665916178.e.4051"}]}
RESULT: {"script":"<script> [56 bytes]","args":[{"element-6066-11e4-a52e-4f735466cecf":"f.CF47462C8DE8152CFB397AB847E6AB59.d.3DB292B98768DEE8B4FA1BD665916178.e.4051","ELEMENT":"f.CF47462C8DE8152CFB397AB847E6AB59.d.3DB292B98768DEE8B4FA1BD665916178.e.4051"}]}
COMMAND: POST /session/d153e98b3c471435a5098620da501db7/element - {"using":"css selector","value":"#shell-header-logo"}
COMMAND: GET /session/d153e98b3c471435a5098620da501db7/screenshot - {}
RESULT: {"using":"css selector","value":"#shell-header-logo"}
COMMAND: POST /session/d153e98b3c471435a5098620da501db7/element/f.CF47462C8DE8152CFB397AB847E6AB59.d.3DB292B98768DEE8B4FA1BD665916178.e.3506/click - {}
RESULT: {}
RESULT: {}
COMMAND: GET /session/d153e98b3c471435a5098620da501db7/screenshot - {}
RESULT: {}
]]></system-out>
    </testcase>
    <testcase classname="chrome.136_0_7103_49.windows.Yard_Overview_Autoplanning_US130989" name="Should create a new request and add the material" time="92.854">
      <system-out><![CDATA[
COMMAND: POST /session/d153e98b3c471435a5098620da501db7/execute/async - {"script":"<script> [1562 bytes]","args":[{"selector":{"controlType":"sap.m.Text","properties":{"text":"Manage Requests"},"interaction":{"idSuffix":"inner"}},"wdio_ui5_key":"sapm.Text{\"text\":\"Manage Requests\"}"}]}
RESULT: {"script":"<script> [1562 bytes]","args":[{"selector":{"controlType":"sap.m.Text","properties":{"text":"Manage Requests"},"interaction":{"idSuffix":"inner"}},"wdio_ui5_key":"sapm.Text{\"text\":\"Manage Requests\"}"}]}
RESULT: undefined
COMMAND: POST /session/d153e98b3c471435a5098620da501db7/element - {"using":"xpath","value":"//*[@id=\"__tile39-title\"]"}
RESULT: {"using":"xpath","value":"//*[@id=\"__tile39-title\"]"}
COMMAND: POST /session/d153e98b3c471435a5098620da501db7/element/f.CF47462C8DE8152CFB397AB847E6AB59.d.3DB292B98768DEE8B4FA1BD665916178.e.4056/click - {}
RESULT: {}
COMMAND: GET /session/d153e98b3c471435a5098620da501db7/screenshot - {}
RESULT: {}
COMMAND: POST /session/d153e98b3c471435a5098620da501db7/execute/async - {"script":"<script> [1562 bytes]","args":[{"selector":{"id":"btnCreateNew","viewName":"etm.portal.ui.managerequests.view.Master","interaction":{"idSuffix":"inner"}},"wdio_ui5_key":"btnCreateNewetmportal.ui.managerequests.view.Master"}]}
RESULT: {"script":"<script> [1562 bytes]","args":[{"selector":{"id":"btnCreateNew","viewName":"etm.portal.ui.managerequests.view.Master","interaction":{"idSuffix":"inner"}},"wdio_ui5_key":"btnCreateNewetmportal.ui.managerequests.view.Master"}]}
RESULT: undefined
COMMAND: POST /session/d153e98b3c471435a5098620da501db7/element - {"using":"xpath","value":"//*[@id=\"__xmlview58--btnCreateNew\"]"}
RESULT: {"using":"xpath","value":"//*[@id=\"__xmlview58--btnCreateNew\"]"}
COMMAND: POST /session/d153e98b3c471435a5098620da501db7/element/f.CF47462C8DE8152CFB397AB847E6AB59.d.3DB292B98768DEE8B4FA1BD665916178.e.4113/click - {}
RESULT: {}
COMMAND: GET /session/d153e98b3c471435a5098620da501db7/screenshot - {}
RESULT: {}
COMMAND: POST /session/d153e98b3c471435a5098620da501db7/execute/async - {"script":"<script> [1562 bytes]","args":[{"selector":{"controlType":"sap.ui.core.Icon","viewName":"etm.portal.ui.managerequests.view.NewRequest","properties":{"src":{"regex":{"source":"full\\-screen"}}}},"wdio_ui5_key":"etmportal.ui.managerequests.view.NewRequestsap.ui.core.Icon{\"src\":{\"regex\":{\"source\":\"full\\\\-screen\"}}}"}]}
RESULT: {"script":"<script> [1562 bytes]","args":[{"selector":{"controlType":"sap.ui.core.Icon","viewName":"etm.portal.ui.managerequests.view.NewRequest","properties":{"src":{"regex":{"source":"full\\-screen"}}}},"wdio_ui5_key":"etmportal.ui.managerequests.view.NewRequestsap.ui.core.Icon{\"src\":{\"regex\":{\"source\":\"full\\\\-screen\"}}}"}]}
RESULT: undefined
COMMAND: POST /session/d153e98b3c471435a5098620da501db7/element - {"using":"xpath","value":"//*[@id=\"__button71-img\"]"}
RESULT: {"using":"xpath","value":"//*[@id=\"__button71-img\"]"}
COMMAND: POST /session/d153e98b3c471435a5098620da501db7/element/f.CF47462C8DE8152CFB397AB847E6AB59.d.3DB292B98768DEE8B4FA1BD665916178.e.4220/click - {}
RESULT: {}
COMMAND: GET /session/d153e98b3c471435a5098620da501db7/screenshot - {}
RESULT: {}
COMMAND: POST /session/d153e98b3c471435a5098620da501db7/element - {"using":"xpath","value":"//input[contains(@id ,\"yardId-inner\")]"}
RESULT: {"using":"xpath","value":"//input[contains(@id ,\"yardId-inner\")]"}
COMMAND: POST /session/d153e98b3c471435a5098620da501db7/element/f.CF47462C8DE8152CFB397AB847E6AB59.d.3DB292B98768DEE8B4FA1BD665916178.e.4244/value - {"text":"268"}
RESULT: {"text":"268"}
COMMAND: GET /session/d153e98b3c471435a5098620da501db7/screenshot - {}
RESULT: {}
COMMAND: POST /session/d153e98b3c471435a5098620da501db7/element - {"using":"xpath","value":"//li[.//span[text()='268']]"}
RESULT: {"using":"xpath","value":"//li[.//span[text()='268']]"}
COMMAND: POST /session/d153e98b3c471435a5098620da501db7/element/f.CF47462C8DE8152CFB397AB847E6AB59.d.3DB292B98768DEE8B4FA1BD665916178.e.4571/click - {}
RESULT: {}
COMMAND: GET /session/d153e98b3c471435a5098620da501db7/screenshot - {}
RESULT: {}
COMMAND: POST /session/d153e98b3c471435a5098620da501db7/element - {"using":"xpath","value":"//input[contains(@id ,\"customerNumber-inner\")]"}
RESULT: {"using":"xpath","value":"//input[contains(@id ,\"customerNumber-inner\")]"}
COMMAND: POST /session/d153e98b3c471435a5098620da501db7/element/f.CF47462C8DE8152CFB397AB847E6AB59.d.3DB292B98768DEE8B4FA1BD665916178.e.4240/clear - {}
RESULT: {}
COMMAND: POST /session/d153e98b3c471435a5098620da501db7/element/f.CF47462C8DE8152CFB397AB847E6AB59.d.3DB292B98768DEE8B4FA1BD665916178.e.4240/value - {"text":"1097"}
COMMAND: GET /session/d153e98b3c471435a5098620da501db7/screenshot - {}
RESULT: {"text":"1097"}
COMMAND: GET /session/d153e98b3c471435a5098620da501db7/screenshot - {}
RESULT: {}
RESULT: {}
COMMAND: POST /session/d153e98b3c471435a5098620da501db7/element - {"using":"xpath","value":"//li[.//span[text()='1097']]"}
RESULT: {"using":"xpath","value":"//li[.//span[text()='1097']]"}
COMMAND: POST /session/d153e98b3c471435a5098620da501db7/element/f.CF47462C8DE8152CFB397AB847E6AB59.d.3DB292B98768DEE8B4FA1BD665916178.e.4573/click - {}
RESULT: {}
COMMAND: GET /session/d153e98b3c471435a5098620da501db7/screenshot - {}
RESULT: {}
COMMAND: POST /session/d153e98b3c471435a5098620da501db7/element - {"using":"xpath","value":"//button[contains(@id ,\"btnAddTableRow\")]"}
RESULT: {"using":"xpath","value":"//button[contains(@id ,\"btnAddTableRow\")]"}
COMMAND: POST /session/d153e98b3c471435a5098620da501db7/element/f.CF47462C8DE8152CFB397AB847E6AB59.d.3DB292B98768DEE8B4FA1BD665916178.e.4452/click - {}
RESULT: {}
COMMAND: GET /session/d153e98b3c471435a5098620da501db7/screenshot - {}
RESULT: {}
COMMAND: POST /session/d153e98b3c471435a5098620da501db7/actions - {"actions":[{"id":"action15","type":"key","parameters":{},"actions":[{"type":"keyDown","value":"î€•"},{"type":"pause","duration":10},{"type":"keyUp","value":"î€•"}]}]}
RESULT: {"actions":[{"id":"action15","type":"key","parameters":{},"actions":[{"type":"keyDown","value":"î€•"},{"type":"pause","duration":10},{"type":"keyUp","value":"î€•"}]}]}
COMMAND: POST /session/d153e98b3c471435a5098620da501db7/actions - {"actions":[{"id":"action16","type":"key","parameters":{},"actions":[{"type":"keyDown","value":"î€‡"},{"type":"pause","duration":10},{"type":"keyUp","value":"î€‡"}]}]}
COMMAND: GET /session/d153e98b3c471435a5098620da501db7/screenshot - {}
RESULT: {"actions":[{"id":"action16","type":"key","parameters":{},"actions":[{"type":"keyDown","value":"î€‡"},{"type":"pause","duration":10},{"type":"keyUp","value":"î€‡"}]}]}
COMMAND: GET /session/d153e98b3c471435a5098620da501db7/screenshot - {}
RESULT: {}
RESULT: {}
COMMAND: POST /session/d153e98b3c471435a5098620da501db7/element - {"using":"xpath","value":"//table[contains(@id, \"requestItemsTable-listUl\")]//tbody/tr[1]/td[3]/div/div/input"}
RESULT: {"using":"xpath","value":"//table[contains(@id, \"requestItemsTable-listUl\")]//tbody/tr[1]/td[3]/div/div/input"}
COMMAND: POST /session/d153e98b3c471435a5098620da501db7/element/f.CF47462C8DE8152CFB397AB847E6AB59.d.3DB292B98768DEE8B4FA1BD665916178.e.4577/clear - {}
RESULT: {}
COMMAND: POST /session/d153e98b3c471435a5098620da501db7/element/f.CF47462C8DE8152CFB397AB847E6AB59.d.3DB292B98768DEE8B4FA1BD665916178.e.4577/value - {"text":"Concert"}
COMMAND: GET /session/d153e98b3c471435a5098620da501db7/screenshot - {}
RESULT: {"text":"Concert"}
COMMAND: GET /session/d153e98b3c471435a5098620da501db7/screenshot - {}
RESULT: {}
RESULT: {}
COMMAND: POST /session/d153e98b3c471435a5098620da501db7/element - {"using":"xpath","value":"//li[.//span[contains(text(), \"Concert\")]]"}
RESULT: {"using":"xpath","value":"//li[.//span[contains(text(), \"Concert\")]]"}
COMMAND: POST /session/d153e98b3c471435a5098620da501db7/element/f.CF47462C8DE8152CFB397AB847E6AB59.d.3DB292B98768DEE8B4FA1BD665916178.e.4588/click - {}
RESULT: {}
COMMAND: GET /session/d153e98b3c471435a5098620da501db7/screenshot - {}
RESULT: {}
COMMAND: POST /session/d153e98b3c471435a5098620da501db7/execute/async - {"script":"<script> [1562 bytes]","args":[{"selector":{"controlType":"sap.ui.core.Icon","viewName":"etm.portal.ui.managerequests.view.NewRequest","properties":{"src":{"regex":{"source":"message\\-error"}}},"ancestor":{"controlType":"sap.m.ColumnListItem","viewName":"etm.portal.ui.managerequests.view.NewRequest","bindingPath":{"modelName":"newRequestItems","path":"/RequestItems/0"},"ancestor":{"id":"requestItemsTable","viewName":"etm.portal.ui.managerequests.view.NewRequest"}}},"wdio_ui5_key":"etmportal.ui.managerequests.view.NewRequestsap.ui.core.Icon{\"src\":{\"regex\":{\"source\":\"message\\\\-error\"}}}{\"controlType\":\"sap.m.ColumnListItem\",\"viewName\":\"etm.portal.ui.managerequests.view.NewRequest\",\"bindingPath\":{\"modelName\":\"newRequestItems\",\"path\":\"/RequestItems/0\"},\"ancestor\":{\"id\":\"requestItemsTable\",\"viewName\":\"etm.portal.ui.managerequests.view.NewRequest\"}}"}]}
RESULT: {"script":"<script> [1562 bytes]","args":[{"selector":{"controlType":"sap.ui.core.Icon","viewName":"etm.portal.ui.managerequests.view.NewRequest","properties":{"src":{"regex":{"source":"message\\-error"}}},"ancestor":{"controlType":"sap.m.ColumnListItem","viewName":"etm.portal.ui.managerequests.view.NewRequest","bindingPath":{"modelName":"newRequestItems","path":"/RequestItems/0"},"ancestor":{"id":"requestItemsTable","viewName":"etm.portal.ui.managerequests.view.NewRequest"}}},"wdio_ui5_key":"etmportal.ui.managerequests.view.NewRequestsap.ui.core.Icon{\"src\":{\"regex\":{\"source\":\"message\\\\-error\"}}}{\"controlType\":\"sap.m.ColumnListItem\",\"viewName\":\"etm.portal.ui.managerequests.view.NewRequest\",\"bindingPath\":{\"modelName\":\"newRequestItems\",\"path\":\"/RequestItems/0\"},\"ancestor\":{\"id\":\"requestItemsTable\",\"viewName\":\"etm.portal.ui.managerequests.view.NewRequest\"}}"}]}
RESULT: undefined
COMMAND: POST /session/d153e98b3c471435a5098620da501db7/element - {"using":"xpath","value":"//*[@id=\"__status10-__xmlview59--requestItemsTable-0-icon\"]"}
RESULT: {"using":"xpath","value":"//*[@id=\"__status10-__xmlview59--requestItemsTable-0-icon\"]"}
COMMAND: POST /session/d153e98b3c471435a5098620da501db7/element/f.CF47462C8DE8152CFB397AB847E6AB59.d.3DB292B98768DEE8B4FA1BD665916178.e.4589/click - {}
RESULT: {}
COMMAND: POST /session/d153e98b3c471435a5098620da501db7/execute/async - {"script":"<script> [1562 bytes]","args":[{"selector":{"controlType":"sap.ui.core.Icon","viewName":"etm.portal.ui.managerequests.view.NewRequest","properties":{"src":{"regex":{"source":"slim\\-arrow\\-down"}}},"searchOpenDialogs":true,"ancestor":{"id":"costObjectAdminTypeComboBox","viewName":"etm.portal.ui.managerequests.view.NewRequest","searchOpenDialogs":true}},"wdio_ui5_key":"etmportal.ui.managerequests.view.NewRequestsap.ui.core.Icon{\"src\":{\"regex\":{\"source\":\"slim\\\\-arrow\\\\-down\"}}}{\"id\":\"costObjectAdminTypeComboBox\",\"viewName\":\"etm.portal.ui.managerequests.view.NewRequest\",\"searchOpenDialogs\":true}"}]}
COMMAND: GET /session/d153e98b3c471435a5098620da501db7/screenshot - {}
RESULT: {"script":"<script> [1562 bytes]","args":[{"selector":{"controlType":"sap.ui.core.Icon","viewName":"etm.portal.ui.managerequests.view.NewRequest","properties":{"src":{"regex":{"source":"slim\\-arrow\\-down"}}},"searchOpenDialogs":true,"ancestor":{"id":"costObjectAdminTypeComboBox","viewName":"etm.portal.ui.managerequests.view.NewRequest","searchOpenDialogs":true}},"wdio_ui5_key":"etmportal.ui.managerequests.view.NewRequestsap.ui.core.Icon{\"src\":{\"regex\":{\"source\":\"slim\\\\-arrow\\\\-down\"}}}{\"id\":\"costObjectAdminTypeComboBox\",\"viewName\":\"etm.portal.ui.managerequests.view.NewRequest\",\"searchOpenDialogs\":true}"}]}
RESULT: undefined
COMMAND: POST /session/d153e98b3c471435a5098620da501db7/element - {"using":"xpath","value":"//*[@id=\"__xmlview59--costObjectAdminTypeComboBox-arrow\"]"}
RESULT: {}
RESULT: {"using":"xpath","value":"//*[@id=\"__xmlview59--costObjectAdminTypeComboBox-arrow\"]"}
COMMAND: POST /session/d153e98b3c471435a5098620da501db7/element/f.CF47462C8DE8152CFB397AB847E6AB59.d.3DB292B98768DEE8B4FA1BD665916178.e.4593/click - {}
RESULT: {}
COMMAND: GET /session/d153e98b3c471435a5098620da501db7/screenshot - {}
RESULT: {}
COMMAND: POST /session/d153e98b3c471435a5098620da501db7/execute/async - {"script":"<script> [1562 bytes]","args":[{"selector":{"controlType":"sap.m.StandardListItem","viewName":"etm.portal.ui.managerequests.view.NewRequest","properties":{"title":"Cost Center"},"searchOpenDialogs":true,"interaction":{"idSuffix":"content"}},"wdio_ui5_key":"etmportal.ui.managerequests.view.NewRequestsap.m.StandardListItem{\"title\":\"Cost Center\"}"}]}
RESULT: {"script":"<script> [1562 bytes]","args":[{"selector":{"controlType":"sap.m.StandardListItem","viewName":"etm.portal.ui.managerequests.view.NewRequest","properties":{"title":"Cost Center"},"searchOpenDialogs":true,"interaction":{"idSuffix":"content"}},"wdio_ui5_key":"etmportal.ui.managerequests.view.NewRequestsap.m.StandardListItem{\"title\":\"Cost Center\"}"}]}
RESULT: undefined
COMMAND: POST /session/d153e98b3c471435a5098620da501db7/element - {"using":"xpath","value":"//*[@id=\"__item993\"]"}
RESULT: {"using":"xpath","value":"//*[@id=\"__item993\"]"}
COMMAND: POST /session/d153e98b3c471435a5098620da501db7/element/f.CF47462C8DE8152CFB397AB847E6AB59.d.3DB292B98768DEE8B4FA1BD665916178.e.4597/click - {}
RESULT: {}
COMMAND: GET /session/d153e98b3c471435a5098620da501db7/screenshot - {}
RESULT: {}
COMMAND: POST /session/d153e98b3c471435a5098620da501db7/execute/async - {"script":"<script> [1562 bytes]","args":[{"selector":{"controlType":"sap.m.Button","viewName":"etm.portal.ui.managerequests.view.NewRequest","i18NText":{"propertyName":"text","key":"save"},"searchOpenDialogs":true,"interaction":{"idSuffix":"inner"}},"wdio_ui5_key":"etmportal.ui.managerequests.view.NewRequestsap.m.Button{\"propertyName\":\"text\",\"key\":\"save\"}"}]}
RESULT: {"script":"<script> [1562 bytes]","args":[{"selector":{"controlType":"sap.m.Button","viewName":"etm.portal.ui.managerequests.view.NewRequest","i18NText":{"propertyName":"text","key":"save"},"searchOpenDialogs":true,"interaction":{"idSuffix":"inner"}},"wdio_ui5_key":"etmportal.ui.managerequests.view.NewRequestsap.m.Button{\"propertyName\":\"text\",\"key\":\"save\"}"}]}
RESULT: undefined
COMMAND: POST /session/d153e98b3c471435a5098620da501db7/element - {"using":"xpath","value":"//*[@id=\"__button87\"]"}
RESULT: {"using":"xpath","value":"//*[@id=\"__button87\"]"}
COMMAND: POST /session/d153e98b3c471435a5098620da501db7/element/f.CF47462C8DE8152CFB397AB847E6AB59.d.3DB292B98768DEE8B4FA1BD665916178.e.4605/click - {}
RESULT: {}
COMMAND: GET /session/d153e98b3c471435a5098620da501db7/screenshot - {}
RESULT: {}
COMMAND: POST /session/d153e98b3c471435a5098620da501db7/execute/async - {"script":"<script> [1562 bytes]","args":[{"selector":{"controlType":"sap.m.Button","viewName":"etm.portal.ui.managerequests.view.NewRequest","i18NText":{"propertyName":"tooltip","key":"save"},"interaction":{"idSuffix":"BDI-content"}},"wdio_ui5_key":"etmportal.ui.managerequests.view.NewRequestsap.m.Button{\"propertyName\":\"tooltip\",\"key\":\"save\"}"}]}
RESULT: {"script":"<script> [1562 bytes]","args":[{"selector":{"controlType":"sap.m.Button","viewName":"etm.portal.ui.managerequests.view.NewRequest","i18NText":{"propertyName":"tooltip","key":"save"},"interaction":{"idSuffix":"BDI-content"}},"wdio_ui5_key":"etmportal.ui.managerequests.view.NewRequestsap.m.Button{\"propertyName\":\"tooltip\",\"key\":\"save\"}"}]}
RESULT: undefined
COMMAND: POST /session/d153e98b3c471435a5098620da501db7/element - {"using":"xpath","value":"//*[@id=\"__button78\"]"}
RESULT: {"using":"xpath","value":"//*[@id=\"__button78\"]"}
COMMAND: POST /session/d153e98b3c471435a5098620da501db7/element/f.CF47462C8DE8152CFB397AB847E6AB59.d.3DB292B98768DEE8B4FA1BD665916178.e.4458/click - {}
RESULT: {}
COMMAND: POST /session/d153e98b3c471435a5098620da501db7/execute/async - {"script":"<script> [1562 bytes]","args":[{"selector":{"controlType":"sap.m.Button","properties":{"text":"Close"},"searchOpenDialogs":true,"interaction":{"idSuffix":"inner"}},"wdio_ui5_key":"sapm.Button{\"text\":\"Close\"}"}]}
COMMAND: GET /session/d153e98b3c471435a5098620da501db7/screenshot - {}
RESULT: {"script":"<script> [1562 bytes]","args":[{"selector":{"controlType":"sap.m.Button","properties":{"text":"Close"},"searchOpenDialogs":true,"interaction":{"idSuffix":"inner"}},"wdio_ui5_key":"sapm.Button{\"text\":\"Close\"}"}]}
RESULT: undefined
COMMAND: POST /session/d153e98b3c471435a5098620da501db7/element - {"using":"xpath","value":"//*[@id=\"__mbox-btn-1\"]"}
RESULT: {}
RESULT: {"using":"xpath","value":"//*[@id=\"__mbox-btn-1\"]"}
COMMAND: POST /session/d153e98b3c471435a5098620da501db7/element/f.CF47462C8DE8152CFB397AB847E6AB59.d.3DB292B98768DEE8B4FA1BD665916178.e.4608/click - {}
RESULT: {}
COMMAND: GET /session/d153e98b3c471435a5098620da501db7/screenshot - {}
RESULT: {}
COMMAND: POST /session/d153e98b3c471435a5098620da501db7/execute/async - {"script":"<script> [1562 bytes]","args":[{"selector":{"controlType":"sap.m.Text","viewName":"etm.portal.ui.managerequests.view.Detail","bindingPath":{"propertyPath":"NO","modelName":"catalogModel"}},"wdio_ui5_key":"etmportal.ui.managerequests.view.Detailsap.m.Text{\"propertyPath\":\"NO\",\"modelName\":\"catalogModel\"}"}]}
RESULT: {"script":"<script> [1562 bytes]","args":[{"selector":{"controlType":"sap.m.Text","viewName":"etm.portal.ui.managerequests.view.Detail","bindingPath":{"propertyPath":"NO","modelName":"catalogModel"}},"wdio_ui5_key":"etmportal.ui.managerequests.view.Detailsap.m.Text{\"propertyPath\":\"NO\",\"modelName\":\"catalogModel\"}"}]}
RESULT: undefined
COMMAND: POST /session/d153e98b3c471435a5098620da501db7/execute/async - {"script":"<script> [6424 bytes]","args":[{"element-6066-11e4-a52e-4f735466cecf":"f.CF47462C8DE8152CFB397AB847E6AB59.d.3DB292B98768DEE8B4FA1BD665916178.e.4879"},"getText",[]]}
RESULT: {"script":"<script> [6424 bytes]","args":[{"element-6066-11e4-a52e-4f735466cecf":"f.CF47462C8DE8152CFB397AB847E6AB59.d.3DB292B98768DEE8B4FA1BD665916178.e.4879"},"getText",[]]}
COMMAND: POST /session/d153e98b3c471435a5098620da501db7/element - {"using":"css selector","value":"#shell-header-logo"}
RESULT: {"using":"css selector","value":"#shell-header-logo"}
COMMAND: POST /session/d153e98b3c471435a5098620da501db7/element/f.CF47462C8DE8152CFB397AB847E6AB59.d.3DB292B98768DEE8B4FA1BD665916178.e.4059/click - {}
RESULT: {}
COMMAND: GET /session/d153e98b3c471435a5098620da501db7/screenshot - {}
RESULT: {}
]]></system-out>
    </testcase>
    <testcase classname="chrome.136_0_7103_49.windows.Yard_Overview_Autoplanning_US130989" name="Should navigate to Yard overview and plan the request" time="126.247">
      <system-out><![CDATA[
COMMAND: POST /session/d153e98b3c471435a5098620da501db7/execute/async - {"script":"<script> [1562 bytes]","args":[{"selector":{"controlType":"sap.m.GenericTile","properties":{"header":"Yard Overview"}},"wdio_ui5_key":"sapm.GenericTile{\"header\":\"Yard Overview\"}"}]}
RESULT: {"script":"<script> [1562 bytes]","args":[{"selector":{"controlType":"sap.m.GenericTile","properties":{"header":"Yard Overview"}},"wdio_ui5_key":"sapm.GenericTile{\"header\":\"Yard Overview\"}"}]}
RESULT: undefined
COMMAND: POST /session/d153e98b3c471435a5098620da501db7/element - {"using":"xpath","value":"//*[@id=\"__tile102\"]"}
RESULT: {"using":"xpath","value":"//*[@id=\"__tile102\"]"}
COMMAND: POST /session/d153e98b3c471435a5098620da501db7/element/f.CF47462C8DE8152CFB397AB847E6AB59.d.3DB292B98768DEE8B4FA1BD665916178.e.4883/click - {}
RESULT: {}
COMMAND: GET /session/d153e98b3c471435a5098620da501db7/screenshot - {}
RESULT: {}
COMMAND: POST /session/d153e98b3c471435a5098620da501db7/execute/async - {"script":"<script> [1562 bytes]","args":[{"selector":{"id":"application-yardoverview-display-component---masterYardInventory--smartFilterBar-btnBasicSearch","interaction":{"idSuffix":"I"}},"wdio_ui5_key":"applicationyardoverview-display-component---masterYardInventory--smartFilterBar-btnBasicSearch"}]}
RESULT: {"script":"<script> [1562 bytes]","args":[{"selector":{"id":"application-yardoverview-display-component---masterYardInventory--smartFilterBar-btnBasicSearch","interaction":{"idSuffix":"I"}},"wdio_ui5_key":"applicationyardoverview-display-component---masterYardInventory--smartFilterBar-btnBasicSearch"}]}
RESULT: undefined
COMMAND: POST /session/d153e98b3c471435a5098620da501db7/execute/async - {"script":"<script> [776 bytes]","args":[{"enterText":"268","selector":{"id":"application-yardoverview-display-component---masterYardInventory--smartFilterBar-btnBasicSearch","interaction":{"idSuffix":"I"}},"clearTextFirst":true,"interactionType":"ENTER_TEXT"}]}
RESULT: {"script":"<script> [776 bytes]","args":[{"enterText":"268","selector":{"id":"application-yardoverview-display-component---masterYardInventory--smartFilterBar-btnBasicSearch","interaction":{"idSuffix":"I"}},"clearTextFirst":true,"interactionType":"ENTER_TEXT"}]}
COMMAND: POST /session/d153e98b3c471435a5098620da501db7/actions - {"actions":[{"id":"action17","type":"key","parameters":{},"actions":[{"type":"keyDown","value":"î€‡"},{"type":"pause","duration":10},{"type":"keyUp","value":"î€‡"}]}]}
RESULT: {"actions":[{"id":"action17","type":"key","parameters":{},"actions":[{"type":"keyDown","value":"î€‡"},{"type":"pause","duration":10},{"type":"keyUp","value":"î€‡"}]}]}
COMMAND: GET /session/d153e98b3c471435a5098620da501db7/screenshot - {}
RESULT: {}
COMMAND: POST /session/d153e98b3c471435a5098620da501db7/execute/async - {"script":"<script> [1562 bytes]","args":[{"selector":{"controlType":"sap.m.Text","viewName":"etm.portal.ui.yardoverview.view.Master","viewId":"application-yardoverview-display-component---masterYardInventory","bindingPath":{"propertyPath":"ID"}},"wdio_ui5_key":"etmportal.ui.yardoverview.view.Mastersap.m.Text{\"propertyPath\":\"ID\"}"}]}
RESULT: {"script":"<script> [1562 bytes]","args":[{"selector":{"controlType":"sap.m.Text","viewName":"etm.portal.ui.yardoverview.view.Master","viewId":"application-yardoverview-display-component---masterYardInventory","bindingPath":{"propertyPath":"ID"}},"wdio_ui5_key":"etmportal.ui.yardoverview.view.Mastersap.m.Text{\"propertyPath\":\"ID\"}"}]}
RESULT: undefined
COMMAND: POST /session/d153e98b3c471435a5098620da501db7/element - {"using":"xpath","value":"//*[@id=\"__text880-__clone1697\"]"}
RESULT: {"using":"xpath","value":"//*[@id=\"__text880-__clone1697\"]"}
COMMAND: POST /session/d153e98b3c471435a5098620da501db7/element/f.CF47462C8DE8152CFB397AB847E6AB59.d.3DB292B98768DEE8B4FA1BD665916178.e.4954/click - {}
RESULT: {}
COMMAND: GET /session/d153e98b3c471435a5098620da501db7/screenshot - {}
RESULT: {}
COMMAND: POST /session/d153e98b3c471435a5098620da501db7/execute/async - {"script":"<script> [1562 bytes]","args":[{"selector":{"id":"application-yardoverview-display-component---detailYardInventory--ObjectPageLayout-anchBar-application-yardoverview-display-component---detailYardInventory--openRequestsSection-anchor","interaction":{"idSuffix":"BDI-content"}},"wdio_ui5_key":"applicationyardoverview-display-component---detailYardInventory--ObjectPageLayout-anchBar-application-yardoverview-display-component---detailYardInventory--openRequestsSection-anchor"}]}
RESULT: {"script":"<script> [1562 bytes]","args":[{"selector":{"id":"application-yardoverview-display-component---detailYardInventory--ObjectPageLayout-anchBar-application-yardoverview-display-component---detailYardInventory--openRequestsSection-anchor","interaction":{"idSuffix":"BDI-content"}},"wdio_ui5_key":"applicationyardoverview-display-component---detailYardInventory--ObjectPageLayout-anchBar-application-yardoverview-display-component---detailYardInventory--openRequestsSection-anchor"}]}
RESULT: undefined
COMMAND: POST /session/d153e98b3c471435a5098620da501db7/element - {"using":"xpath","value":"//*[@id=\"application-yardoverview-display-component---detailYardInventory--ObjectPageLayout-anchBar-application-yardoverview-display-component---detailYardInventory--openRequestsSection-anchor\"]"}
RESULT: {"using":"xpath","value":"//*[@id=\"application-yardoverview-display-component---detailYardInventory--ObjectPageLayout-anchBar-application-yardoverview-display-component---detailYardInventory--openRequestsSection-anchor\"]"}
COMMAND: POST /session/d153e98b3c471435a5098620da501db7/element/f.CF47462C8DE8152CFB397AB847E6AB59.d.3DB292B98768DEE8B4FA1BD665916178.e.5044/click - {}
RESULT: {}
COMMAND: GET /session/d153e98b3c471435a5098620da501db7/screenshot - {}
RESULT: {}
COMMAND: POST /session/d153e98b3c471435a5098620da501db7/element - {"using":"xpath","value":"//input[contains(@aria-labelledby ,\"INTERNAL_GROUP-request\")]"}
RESULT: {"using":"xpath","value":"//input[contains(@aria-labelledby ,\"INTERNAL_GROUP-request\")]"}
COMMAND: POST /session/d153e98b3c471435a5098620da501db7/element/f.CF47462C8DE8152CFB397AB847E6AB59.d.3DB292B98768DEE8B4FA1BD665916178.e.5055/clear - {}
RESULT: {}
COMMAND: POST /session/d153e98b3c471435a5098620da501db7/element/f.CF47462C8DE8152CFB397AB847E6AB59.d.3DB292B98768DEE8B4FA1BD665916178.e.5055/value - {"text":"20077"}
COMMAND: GET /session/d153e98b3c471435a5098620da501db7/screenshot - {}
RESULT: {"text":"20077"}
COMMAND: GET /session/d153e98b3c471435a5098620da501db7/screenshot - {}
RESULT: {}
RESULT: {}
COMMAND: POST /session/d153e98b3c471435a5098620da501db7/actions - {"actions":[{"id":"action18","type":"key","parameters":{},"actions":[{"type":"keyDown","value":"î€‡"},{"type":"pause","duration":10},{"type":"keyUp","value":"î€‡"}]}]}
RESULT: {"actions":[{"id":"action18","type":"key","parameters":{},"actions":[{"type":"keyDown","value":"î€‡"},{"type":"pause","duration":10},{"type":"keyUp","value":"î€‡"}]}]}
COMMAND: POST /session/d153e98b3c471435a5098620da501db7/element - {"using":"xpath","value":"//button[contains(@id,\"openRequests-triggerAction-autoplanBtn\")]"}
COMMAND: GET /session/d153e98b3c471435a5098620da501db7/screenshot - {}
RESULT: {"using":"xpath","value":"//button[contains(@id,\"openRequests-triggerAction-autoplanBtn\")]"}
COMMAND: POST /session/d153e98b3c471435a5098620da501db7/element/f.CF47462C8DE8152CFB397AB847E6AB59.d.3DB292B98768DEE8B4FA1BD665916178.e.5076/click - {}
RESULT: {}
RESULT: {}
COMMAND: GET /session/d153e98b3c471435a5098620da501db7/screenshot - {}
RESULT: {}
COMMAND: POST /session/d153e98b3c471435a5098620da501db7/execute/async - {"script":"<script> [1562 bytes]","args":[{"selector":{"id":"application-yardoverview-display-component---detailYardInventory--customRequestsTable-sa","interaction":{"idSuffix":"CbBg"}},"wdio_ui5_key":"applicationyardoverview-display-component---detailYardInventory--customRequestsTable-sa"}]}
RESULT: {"script":"<script> [1562 bytes]","args":[{"selector":{"id":"application-yardoverview-display-component---detailYardInventory--customRequestsTable-sa","interaction":{"idSuffix":"CbBg"}},"wdio_ui5_key":"applicationyardoverview-display-component---detailYardInventory--customRequestsTable-sa"}]}
RESULT: undefined
COMMAND: POST /session/d153e98b3c471435a5098620da501db7/element - {"using":"xpath","value":"//*[@id=\"application-yardoverview-display-component---detailYardInventory--customRequestsTable-sa\"]"}
RESULT: {"using":"xpath","value":"//*[@id=\"application-yardoverview-display-component---detailYardInventory--customRequestsTable-sa\"]"}
COMMAND: POST /session/d153e98b3c471435a5098620da501db7/element/f.CF47462C8DE8152CFB397AB847E6AB59.d.3DB292B98768DEE8B4FA1BD665916178.e.5099/click - {}
RESULT: {}
COMMAND: GET /session/d153e98b3c471435a5098620da501db7/screenshot - {}
RESULT: {}
COMMAND: POST /session/d153e98b3c471435a5098620da501db7/element - {"using":"xpath","value":"//button[contains(@id,\"openRequests-triggerAction-autoplanBtn\")]"}
RESULT: {"using":"xpath","value":"//button[contains(@id,\"openRequests-triggerAction-autoplanBtn\")]"}
COMMAND: POST /session/d153e98b3c471435a5098620da501db7/element/f.CF47462C8DE8152CFB397AB847E6AB59.d.3DB292B98768DEE8B4FA1BD665916178.e.5076/click - {}
RESULT: {}
COMMAND: GET /session/d153e98b3c471435a5098620da501db7/screenshot - {}
RESULT: {}
COMMAND: POST /session/d153e98b3c471435a5098620da501db7/element - {"using":"xpath","value":"//button[.//bdi[contains(text(),\"OK\")]]"}
RESULT: {"using":"xpath","value":"//button[.//bdi[contains(text(),\"OK\")]]"}
COMMAND: POST /session/d153e98b3c471435a5098620da501db7/element/f.CF47462C8DE8152CFB397AB847E6AB59.d.3DB292B98768DEE8B4FA1BD665916178.e.5100/click - {}
RESULT: {}
COMMAND: GET /session/d153e98b3c471435a5098620da501db7/screenshot - {}
RESULT: {}
COMMAND: POST /session/d153e98b3c471435a5098620da501db7/execute/async - {"script":"<script> [1562 bytes]","args":[{"selector":{"id":"application-yardoverview-display-component---detailYardInventory--refreshOpenRequests-img"},"wdio_ui5_key":"applicationyardoverview-display-component---detailYardInventory--refreshOpenRequests-img"}]}
RESULT: {"script":"<script> [1562 bytes]","args":[{"selector":{"id":"application-yardoverview-display-component---detailYardInventory--refreshOpenRequests-img"},"wdio_ui5_key":"applicationyardoverview-display-component---detailYardInventory--refreshOpenRequests-img"}]}
RESULT: undefined
COMMAND: POST /session/d153e98b3c471435a5098620da501db7/element - {"using":"xpath","value":"//*[@id=\"application-yardoverview-display-component---detailYardInventory--refreshOpenRequests-img\"]"}
RESULT: {"using":"xpath","value":"//*[@id=\"application-yardoverview-display-component---detailYardInventory--refreshOpenRequests-img\"]"}
COMMAND: POST /session/d153e98b3c471435a5098620da501db7/element/f.CF47462C8DE8152CFB397AB847E6AB59.d.3DB292B98768DEE8B4FA1BD665916178.e.5102/click - {}
RESULT: {}
COMMAND: GET /session/d153e98b3c471435a5098620da501db7/screenshot - {}
RESULT: {}
COMMAND: POST /session/d153e98b3c471435a5098620da501db7/execute/async - {"script":"<script> [1562 bytes]","args":[{"selector":{"id":"application-yardoverview-display-component---detailYardInventory--ObjectPageLayout-anchBar-application-yardoverview-display-component---detailYardInventory--openProvidesSection-anchor","interaction":{"idSuffix":"BDI-content"}},"wdio_ui5_key":"applicationyardoverview-display-component---detailYardInventory--ObjectPageLayout-anchBar-application-yardoverview-display-component---detailYardInventory--openProvidesSection-anchor"}]}
RESULT: {"script":"<script> [1562 bytes]","args":[{"selector":{"id":"application-yardoverview-display-component---detailYardInventory--ObjectPageLayout-anchBar-application-yardoverview-display-component---detailYardInventory--openProvidesSection-anchor","interaction":{"idSuffix":"BDI-content"}},"wdio_ui5_key":"applicationyardoverview-display-component---detailYardInventory--ObjectPageLayout-anchBar-application-yardoverview-display-component---detailYardInventory--openProvidesSection-anchor"}]}
RESULT: undefined
COMMAND: POST /session/d153e98b3c471435a5098620da501db7/element - {"using":"xpath","value":"//*[@id=\"application-yardoverview-display-component---detailYardInventory--ObjectPageLayout-anchBar-application-yardoverview-display-component---detailYardInventory--openProvidesSection-anchor\"]"}
RESULT: {"using":"xpath","value":"//*[@id=\"application-yardoverview-display-component---detailYardInventory--ObjectPageLayout-anchBar-application-yardoverview-display-component---detailYardInventory--openProvidesSection-anchor\"]"}
COMMAND: POST /session/d153e98b3c471435a5098620da501db7/element/f.CF47462C8DE8152CFB397AB847E6AB59.d.3DB292B98768DEE8B4FA1BD665916178.e.5106/click - {}
RESULT: {}
COMMAND: GET /session/d153e98b3c471435a5098620da501db7/screenshot - {}
RESULT: {}
COMMAND: POST /session/d153e98b3c471435a5098620da501db7/element - {"using":"css selector","value":"#shell-header-logo"}
RESULT: {"using":"css selector","value":"#shell-header-logo"}
COMMAND: POST /session/d153e98b3c471435a5098620da501db7/element/f.CF47462C8DE8152CFB397AB847E6AB59.d.3DB292B98768DEE8B4FA1BD665916178.e.4886/click - {}
RESULT: {}
COMMAND: GET /session/d153e98b3c471435a5098620da501db7/screenshot - {}
RESULT: {}
RESULT: undefined
COMMAND: POST /session/d153e98b3c471435a5098620da501db7/element - {"using":"xpath","value":"//*[@id=\"__tile39-title\"]"}
RESULT: {"using":"xpath","value":"//*[@id=\"__tile39-title\"]"}
COMMAND: POST /session/d153e98b3c471435a5098620da501db7/element/f.CF47462C8DE8152CFB397AB847E6AB59.d.3DB292B98768DEE8B4FA1BD665916178.e.4056/click - {}
RESULT: {}
COMMAND: GET /session/d153e98b3c471435a5098620da501db7/screenshot - {}
RESULT: {}
COMMAND: POST /session/d153e98b3c471435a5098620da501db7/execute/async - {"script":"<script> [1562 bytes]","args":[{"selector":{"controlType":"sap.m.SearchField","viewName":"etm.portal.ui.managerequests.view.Master","bindingPath":{"path":"","propertyPath":"/_BASIC_SEARCH_FIELD","modelName":"fi1t3rM0d31"},"interaction":{"idSuffix":"I"}},"wdio_ui5_key":"etmportal.ui.managerequests.view.Mastersap.m.SearchField{\"path\":\"\",\"propertyPath\":\"/_BASIC_SEARCH_FIELD\",\"modelName\":\"fi1t3rM0d31\"}"}]}
RESULT: {"script":"<script> [1562 bytes]","args":[{"selector":{"controlType":"sap.m.SearchField","viewName":"etm.portal.ui.managerequests.view.Master","bindingPath":{"path":"","propertyPath":"/_BASIC_SEARCH_FIELD","modelName":"fi1t3rM0d31"},"interaction":{"idSuffix":"I"}},"wdio_ui5_key":"etmportal.ui.managerequests.view.Mastersap.m.SearchField{\"path\":\"\",\"propertyPath\":\"/_BASIC_SEARCH_FIELD\",\"modelName\":\"fi1t3rM0d31\"}"}]}
RESULT: undefined
COMMAND: POST /session/d153e98b3c471435a5098620da501db7/execute/async - {"script":"<script> [776 bytes]","args":[{"enterText":"20077","selector":{"controlType":"sap.m.SearchField","viewName":"etm.portal.ui.managerequests.view.Master","bindingPath":{"path":"","propertyPath":"/_BASIC_SEARCH_FIELD","modelName":"fi1t3rM0d31"},"interaction":{"idSuffix":"I"}},"clearTextFirst":true,"interactionType":"ENTER_TEXT"}]}
RESULT: {"script":"<script> [776 bytes]","args":[{"enterText":"20077","selector":{"controlType":"sap.m.SearchField","viewName":"etm.portal.ui.managerequests.view.Master","bindingPath":{"path":"","propertyPath":"/_BASIC_SEARCH_FIELD","modelName":"fi1t3rM0d31"},"interaction":{"idSuffix":"I"}},"clearTextFirst":true,"interactionType":"ENTER_TEXT"}]}
COMMAND: POST /session/d153e98b3c471435a5098620da501db7/actions - {"actions":[{"id":"action19","type":"key","parameters":{},"actions":[{"type":"keyDown","value":"î€‡"},{"type":"pause","duration":10},{"type":"keyUp","value":"î€‡"}]}]}
RESULT: {"actions":[{"id":"action19","type":"key","parameters":{},"actions":[{"type":"keyDown","value":"î€‡"},{"type":"pause","duration":10},{"type":"keyUp","value":"î€‡"}]}]}
COMMAND: GET /session/d153e98b3c471435a5098620da501db7/screenshot - {}
RESULT: {}
COMMAND: POST /session/d153e98b3c471435a5098620da501db7/execute/async - {"script":"<script> [1562 bytes]","args":[{"selector":{"controlType":"sap.m.ObjectNumber","viewName":"etm.portal.ui.managerequests.view.Master","bindingPath":{"propertyPath":"IN_USE_FOR"},"interaction":{"idSuffix":"number"}},"wdio_ui5_key":"etmportal.ui.managerequests.view.Mastersap.m.ObjectNumber{\"propertyPath\":\"IN_USE_FOR\"}"}]}
RESULT: {"script":"<script> [1562 bytes]","args":[{"selector":{"controlType":"sap.m.ObjectNumber","viewName":"etm.portal.ui.managerequests.view.Master","bindingPath":{"propertyPath":"IN_USE_FOR"},"interaction":{"idSuffix":"number"}},"wdio_ui5_key":"etmportal.ui.managerequests.view.Mastersap.m.ObjectNumber{\"propertyPath\":\"IN_USE_FOR\"}"}]}
RESULT: undefined
COMMAND: POST /session/d153e98b3c471435a5098620da501db7/element - {"using":"xpath","value":"//*[@id=\"__number8-__clone1895\"]"}
RESULT: {"using":"xpath","value":"//*[@id=\"__number8-__clone1895\"]"}
COMMAND: POST /session/d153e98b3c471435a5098620da501db7/element/f.CF47462C8DE8152CFB397AB847E6AB59.d.3DB292B98768DEE8B4FA1BD665916178.e.5232/click - {}
RESULT: {}
COMMAND: POST /session/d153e98b3c471435a5098620da501db7/execute/async - {"script":"<script> [1562 bytes]","args":[{"selector":{"controlType":"sap.m.ObjectStatus","viewName":"etm.portal.ui.managerequests.view.Detail","bindingPath":{"propertyPath":"LINK_TO_STATUS/DESCRIPTION","modelName":"catalogModel"}},"wdio_ui5_key":"etmportal.ui.managerequests.view.Detailsap.m.ObjectStatus{\"propertyPath\":\"LINK_TO_STATUS/DESCRIPTION\",\"modelName\":\"catalogModel\"}"}]}
COMMAND: GET /session/d153e98b3c471435a5098620da501db7/screenshot - {}
RESULT: {"script":"<script> [1562 bytes]","args":[{"selector":{"controlType":"sap.m.ObjectStatus","viewName":"etm.portal.ui.managerequests.view.Detail","bindingPath":{"propertyPath":"LINK_TO_STATUS/DESCRIPTION","modelName":"catalogModel"}},"wdio_ui5_key":"etmportal.ui.managerequests.view.Detailsap.m.ObjectStatus{\"propertyPath\":\"LINK_TO_STATUS/DESCRIPTION\",\"modelName\":\"catalogModel\"}"}]}
RESULT: undefined
COMMAND: POST /session/d153e98b3c471435a5098620da501db7/execute/async - {"script":"<script> [6424 bytes]","args":[{"element-6066-11e4-a52e-4f735466cecf":"f.CF47462C8DE8152CFB397AB847E6AB59.d.3DB292B98768DEE8B4FA1BD665916178.e.5450"},"getText",[]]}
RESULT: {}
RESULT: {"script":"<script> [6424 bytes]","args":[{"element-6066-11e4-a52e-4f735466cecf":"f.CF47462C8DE8152CFB397AB847E6AB59.d.3DB292B98768DEE8B4FA1BD665916178.e.5450"},"getText",[]]}
COMMAND: POST /session/d153e98b3c471435a5098620da501db7/element - {"using":"css selector","value":"#shell-header-logo"}
RESULT: {"using":"css selector","value":"#shell-header-logo"}
COMMAND: POST /session/d153e98b3c471435a5098620da501db7/element/f.CF47462C8DE8152CFB397AB847E6AB59.d.3DB292B98768DEE8B4FA1BD665916178.e.5123/click - {}
RESULT: {}
COMMAND: GET /session/d153e98b3c471435a5098620da501db7/screenshot - {}
RESULT: {}
COMMAND: DELETE /session/d153e98b3c471435a5098620da501db7 - {}
RESULT: {}
]]></system-out>
    </testcase>
  </testsuite>
</testsuites>