<?xml version="1.0" encoding="UTF-8"?>
<testsuites tests="49" failures="0" errors="0" skipped="0">
  <testsuite timestamp="2025-05-14T06:01:25" time="1927.344" tests="49" failures="0" errors="0" skipped="0">
    <properties>
      <property name="specId" value="0" />
      <property name="suiteName" value="Sanity Tests US104253" />
      <property name="capabilities" value="chrome.136_0_7103_49.windows" />
      <property name="file" value="file:///D:/a/1/s/test/specs/General/sanity.spec.js" />
    </properties>
    <testcase classname="chrome.136_0_7103_49.windows.Sanity_Tests_US104253" name="Should open Manage Partners page" time="41.537">
      <system-out><![CDATA[
COMMAND: POST /session/02a28b6fca6bf180b8c985fd282d7655/execute/async - {"script":"<script> [1562 bytes]","args":[{"selector":{"controlType":"sap.m.GenericTile","properties":{"header":"Manage Partners"}},"wdio_ui5_key":"sapm.GenericTile{\"header\":\"Manage Partners\"}"}]}
RESULT: {"script":"<script> [1562 bytes]","args":[{"selector":{"controlType":"sap.m.GenericTile","properties":{"header":"Manage Partners"}},"wdio_ui5_key":"sapm.GenericTile{\"header\":\"Manage Partners\"}"}]}
RESULT: undefined
COMMAND: POST /session/02a28b6fca6bf180b8c985fd282d7655/element - {"using":"xpath","value":"//*[@id=\"__tile38\"]"}
RESULT: {"using":"xpath","value":"//*[@id=\"__tile38\"]"}
COMMAND: POST /session/02a28b6fca6bf180b8c985fd282d7655/element/f.AD43E610194EA814EB045517701BD92D.d.FB4FE0D768A75B0029BF5DE7BDAB7B3B.e.115/click - {}
RESULT: {}
COMMAND: GET /session/02a28b6fca6bf180b8c985fd282d7655/screenshot - {}
RESULT: {}
COMMAND: POST /session/02a28b6fca6bf180b8c985fd282d7655/elements - {"using":"xpath","value":"//span[text()='Error']"}
RESULT: {"using":"xpath","value":"//span[text()='Error']"}
RESULT: undefined
COMMAND: POST /session/02a28b6fca6bf180b8c985fd282d7655/element - {"using":"xpath","value":"//*[@id=\"__tile38\"]"}
RESULT: {"using":"xpath","value":"//*[@id=\"__tile38\"]"}
COMMAND: POST /session/02a28b6fca6bf180b8c985fd282d7655/element/f.AD43E610194EA814EB045517701BD92D.d.FB4FE0D768A75B0029BF5DE7BDAB7B3B.e.115/click - {}
RESULT: undefined
COMMAND: POST /session/02a28b6fca6bf180b8c985fd282d7655/element - {"using":"xpath","value":"//*[@id=\"__tile38\"]"}
RESULT: {"using":"xpath","value":"//*[@id=\"__tile38\"]"}
COMMAND: POST /session/02a28b6fca6bf180b8c985fd282d7655/element/f.AD43E610194EA814EB045517701BD92D.d.FB4FE0D768A75B0029BF5DE7BDAB7B3B.e.115/click - {}
COMMAND: POST /session/02a28b6fca6bf180b8c985fd282d7655/execute/async - {"script":"<script> [1562 bytes]","args":[{"selector":{"id":"shellAppTitle"},"wdio_ui5_key":"shellAppTitle"}]}
RESULT: {"script":"<script> [1562 bytes]","args":[{"selector":{"id":"shellAppTitle"},"wdio_ui5_key":"shellAppTitle"}]}
RESULT: undefined
COMMAND: POST /session/02a28b6fca6bf180b8c985fd282d7655/execute/async - {"script":"<script> [6424 bytes]","args":[{"element-6066-11e4-a52e-4f735466cecf":"f.AD43E610194EA814EB045517701BD92D.d.FB4FE0D768A75B0029BF5DE7BDAB7B3B.e.289"},"getTitle",[]]}
RESULT: {"script":"<script> [6424 bytes]","args":[{"element-6066-11e4-a52e-4f735466cecf":"f.AD43E610194EA814EB045517701BD92D.d.FB4FE0D768A75B0029BF5DE7BDAB7B3B.e.289"},"getTitle",[]]}
COMMAND: POST /session/02a28b6fca6bf180b8c985fd282d7655/execute/async - {"script":"<script> [1562 bytes]","args":[{"selector":{"id":"backBtn"},"wdio_ui5_key":"backBtn"}]}
RESULT: {"script":"<script> [1562 bytes]","args":[{"selector":{"id":"backBtn"},"wdio_ui5_key":"backBtn"}]}
RESULT: undefined
COMMAND: POST /session/02a28b6fca6bf180b8c985fd282d7655/element - {"using":"xpath","value":"//*[@id=\"backBtn\"]"}
RESULT: {"using":"xpath","value":"//*[@id=\"backBtn\"]"}
COMMAND: POST /session/02a28b6fca6bf180b8c985fd282d7655/element/f.AD43E610194EA814EB045517701BD92D.d.FB4FE0D768A75B0029BF5DE7BDAB7B3B.e.290/click - {}
RESULT: {}
COMMAND: GET /session/02a28b6fca6bf180b8c985fd282d7655/screenshot - {}
RESULT: {}
]]></system-out>
    </testcase>
    <testcase classname="chrome.136_0_7103_49.windows.Sanity_Tests_US104253" name="Should open Manage Sites page" time="37.274">
      <system-out><![CDATA[
COMMAND: POST /session/02a28b6fca6bf180b8c985fd282d7655/execute/async - {"script":"<script> [1562 bytes]","args":[{"selector":{"controlType":"sap.m.GenericTile","properties":{"header":"Manage Sites"}},"wdio_ui5_key":"sapm.GenericTile{\"header\":\"Manage Sites\"}"}]}
RESULT: {"script":"<script> [1562 bytes]","args":[{"selector":{"controlType":"sap.m.GenericTile","properties":{"header":"Manage Sites"}},"wdio_ui5_key":"sapm.GenericTile{\"header\":\"Manage Sites\"}"}]}
RESULT: undefined
COMMAND: POST /session/02a28b6fca6bf180b8c985fd282d7655/element - {"using":"xpath","value":"//*[@id=\"__tile40\"]"}
RESULT: {"using":"xpath","value":"//*[@id=\"__tile40\"]"}
COMMAND: POST /session/02a28b6fca6bf180b8c985fd282d7655/element/f.AD43E610194EA814EB045517701BD92D.d.FB4FE0D768A75B0029BF5DE7BDAB7B3B.e.292/click - {}
RESULT: {}
COMMAND: GET /session/02a28b6fca6bf180b8c985fd282d7655/screenshot - {}
RESULT: {}
COMMAND: POST /session/02a28b6fca6bf180b8c985fd282d7655/elements - {"using":"xpath","value":"//span[text()='Error']"}
RESULT: {"using":"xpath","value":"//span[text()='Error']"}
RESULT: undefined
COMMAND: POST /session/02a28b6fca6bf180b8c985fd282d7655/element - {"using":"xpath","value":"//*[@id=\"__tile40\"]"}
RESULT: {"using":"xpath","value":"//*[@id=\"__tile40\"]"}
COMMAND: POST /session/02a28b6fca6bf180b8c985fd282d7655/element/f.AD43E610194EA814EB045517701BD92D.d.FB4FE0D768A75B0029BF5DE7BDAB7B3B.e.292/click - {}
RESULT: undefined
COMMAND: POST /session/02a28b6fca6bf180b8c985fd282d7655/element - {"using":"xpath","value":"//*[@id=\"__tile40\"]"}
RESULT: {"using":"xpath","value":"//*[@id=\"__tile40\"]"}
COMMAND: POST /session/02a28b6fca6bf180b8c985fd282d7655/element/f.AD43E610194EA814EB045517701BD92D.d.FB4FE0D768A75B0029BF5DE7BDAB7B3B.e.292/click - {}
RESULT: undefined
COMMAND: POST /session/02a28b6fca6bf180b8c985fd282d7655/execute/async - {"script":"<script> [6424 bytes]","args":[{"element-6066-11e4-a52e-4f735466cecf":"f.AD43E610194EA814EB045517701BD92D.d.FB4FE0D768A75B0029BF5DE7BDAB7B3B.e.289"},"getTitle",[]]}
COMMAND: POST /session/02a28b6fca6bf180b8c985fd282d7655/execute/async - {"script":"<script> [1562 bytes]","args":[{"selector":{"id":"shellAppTitle"},"wdio_ui5_key":"shellAppTitle"}]}
RESULT: {"script":"<script> [1562 bytes]","args":[{"selector":{"id":"shellAppTitle"},"wdio_ui5_key":"shellAppTitle"}]}
COMMAND: POST /session/02a28b6fca6bf180b8c985fd282d7655/execute/async - {"script":"<script> [6424 bytes]","args":[{"element-6066-11e4-a52e-4f735466cecf":"f.AD43E610194EA814EB045517701BD92D.d.FB4FE0D768A75B0029BF5DE7BDAB7B3B.e.478"},"getTitle",[]]}
RESULT: {"script":"<script> [6424 bytes]","args":[{"element-6066-11e4-a52e-4f735466cecf":"f.AD43E610194EA814EB045517701BD92D.d.FB4FE0D768A75B0029BF5DE7BDAB7B3B.e.478"},"getTitle",[]]}
RESULT: undefined
COMMAND: POST /session/02a28b6fca6bf180b8c985fd282d7655/element/f.AD43E610194EA814EB045517701BD92D.d.FB4FE0D768A75B0029BF5DE7BDAB7B3B.e.290/click - {}
RESULT: {}
COMMAND: GET /session/02a28b6fca6bf180b8c985fd282d7655/screenshot - {}
RESULT: {}
]]></system-out>
    </testcase>
    <testcase classname="chrome.136_0_7103_49.windows.Sanity_Tests_US104253" name="Should open Manage Resources page" time="42.011">
      <system-out><![CDATA[
COMMAND: POST /session/02a28b6fca6bf180b8c985fd282d7655/execute/async - {"script":"<script> [1562 bytes]","args":[{"selector":{"controlType":"sap.m.GenericTile","properties":{"header":"Manage Resources"}},"wdio_ui5_key":"sapm.GenericTile{\"header\":\"Manage Resources\"}"}]}
RESULT: {"script":"<script> [1562 bytes]","args":[{"selector":{"controlType":"sap.m.GenericTile","properties":{"header":"Manage Resources"}},"wdio_ui5_key":"sapm.GenericTile{\"header\":\"Manage Resources\"}"}]}
RESULT: undefined
COMMAND: POST /session/02a28b6fca6bf180b8c985fd282d7655/element - {"using":"xpath","value":"//*[@id=\"__tile39\"]"}
RESULT: {"using":"xpath","value":"//*[@id=\"__tile39\"]"}
COMMAND: POST /session/02a28b6fca6bf180b8c985fd282d7655/element/f.AD43E610194EA814EB045517701BD92D.d.FB4FE0D768A75B0029BF5DE7BDAB7B3B.e.480/click - {}
RESULT: {}
COMMAND: GET /session/02a28b6fca6bf180b8c985fd282d7655/screenshot - {}
RESULT: {}
COMMAND: POST /session/02a28b6fca6bf180b8c985fd282d7655/elements - {"using":"xpath","value":"//span[text()='Error']"}
RESULT: {"using":"xpath","value":"//span[text()='Error']"}
RESULT: undefined
COMMAND: POST /session/02a28b6fca6bf180b8c985fd282d7655/element - {"using":"xpath","value":"//*[@id=\"__tile39\"]"}
RESULT: {"using":"xpath","value":"//*[@id=\"__tile39\"]"}
COMMAND: POST /session/02a28b6fca6bf180b8c985fd282d7655/element/f.AD43E610194EA814EB045517701BD92D.d.FB4FE0D768A75B0029BF5DE7BDAB7B3B.e.480/click - {}
RESULT: undefined
COMMAND: POST /session/02a28b6fca6bf180b8c985fd282d7655/element - {"using":"xpath","value":"//*[@id=\"__tile39\"]"}
RESULT: {"using":"xpath","value":"//*[@id=\"__tile39\"]"}
COMMAND: POST /session/02a28b6fca6bf180b8c985fd282d7655/element/f.AD43E610194EA814EB045517701BD92D.d.FB4FE0D768A75B0029BF5DE7BDAB7B3B.e.480/click - {}
RESULT: undefined
COMMAND: POST /session/02a28b6fca6bf180b8c985fd282d7655/execute/async - {"script":"<script> [6424 bytes]","args":[{"element-6066-11e4-a52e-4f735466cecf":"f.AD43E610194EA814EB045517701BD92D.d.FB4FE0D768A75B0029BF5DE7BDAB7B3B.e.289"},"getTitle",[]]}
COMMAND: POST /session/02a28b6fca6bf180b8c985fd282d7655/execute/async - {"script":"<script> [1562 bytes]","args":[{"selector":{"id":"shellAppTitle"},"wdio_ui5_key":"shellAppTitle"}]}
RESULT: {"script":"<script> [1562 bytes]","args":[{"selector":{"id":"shellAppTitle"},"wdio_ui5_key":"shellAppTitle"}]}
COMMAND: POST /session/02a28b6fca6bf180b8c985fd282d7655/execute/async - {"script":"<script> [6424 bytes]","args":[{"element-6066-11e4-a52e-4f735466cecf":"f.AD43E610194EA814EB045517701BD92D.d.FB4FE0D768A75B0029BF5DE7BDAB7B3B.e.659"},"getTitle",[]]}
RESULT: {"script":"<script> [6424 bytes]","args":[{"element-6066-11e4-a52e-4f735466cecf":"f.AD43E610194EA814EB045517701BD92D.d.FB4FE0D768A75B0029BF5DE7BDAB7B3B.e.659"},"getTitle",[]]}
RESULT: undefined
COMMAND: POST /session/02a28b6fca6bf180b8c985fd282d7655/element/f.AD43E610194EA814EB045517701BD92D.d.FB4FE0D768A75B0029BF5DE7BDAB7B3B.e.290/click - {}
COMMAND: POST /session/02a28b6fca6bf180b8c985fd282d7655/element - {"using":"xpath","value":"//*[@id=\"backBtn\"]"}
RESULT: {"using":"xpath","value":"//*[@id=\"backBtn\"]"}
COMMAND: POST /session/02a28b6fca6bf180b8c985fd282d7655/element/f.AD43E610194EA814EB045517701BD92D.d.FB4FE0D768A75B0029BF5DE7BDAB7B3B.e.290/click - {}
COMMAND: POST /session/02a28b6fca6bf180b8c985fd282d7655/element - {"using":"xpath","value":"//*[@id=\"backBtn\"]"}
RESULT: {"using":"xpath","value":"//*[@id=\"backBtn\"]"}
COMMAND: POST /session/02a28b6fca6bf180b8c985fd282d7655/element/f.AD43E610194EA814EB045517701BD92D.d.FB4FE0D768A75B0029BF5DE7BDAB7B3B.e.660/click - {}
RESULT: {}
COMMAND: GET /session/02a28b6fca6bf180b8c985fd282d7655/screenshot - {}
RESULT: {}
]]></system-out>
    </testcase>
    <testcase classname="chrome.136_0_7103_49.windows.Sanity_Tests_US104253" name="Should open Manage Catalogs page" time="38.194">
      <system-out><![CDATA[
COMMAND: POST /session/02a28b6fca6bf180b8c985fd282d7655/execute/async - {"script":"<script> [1562 bytes]","args":[{"selector":{"controlType":"sap.m.GenericTile","properties":{"header":"Manage Catalogs"}},"wdio_ui5_key":"sapm.GenericTile{\"header\":\"Manage Catalogs\"}"}]}
RESULT: {"script":"<script> [1562 bytes]","args":[{"selector":{"controlType":"sap.m.GenericTile","properties":{"header":"Manage Catalogs"}},"wdio_ui5_key":"sapm.GenericTile{\"header\":\"Manage Catalogs\"}"}]}
RESULT: undefined
COMMAND: POST /session/02a28b6fca6bf180b8c985fd282d7655/element - {"using":"xpath","value":"//*[@id=\"__tile37\"]"}
RESULT: {"using":"xpath","value":"//*[@id=\"__tile37\"]"}
COMMAND: POST /session/02a28b6fca6bf180b8c985fd282d7655/element/f.AD43E610194EA814EB045517701BD92D.d.FB4FE0D768A75B0029BF5DE7BDAB7B3B.e.662/click - {}
RESULT: {}
COMMAND: GET /session/02a28b6fca6bf180b8c985fd282d7655/screenshot - {}
RESULT: {}
COMMAND: POST /session/02a28b6fca6bf180b8c985fd282d7655/elements - {"using":"xpath","value":"//span[text()='Error']"}
RESULT: {"using":"xpath","value":"//span[text()='Error']"}
RESULT: undefined
COMMAND: POST /session/02a28b6fca6bf180b8c985fd282d7655/element - {"using":"xpath","value":"//*[@id=\"__tile37\"]"}
RESULT: {"using":"xpath","value":"//*[@id=\"__tile37\"]"}
COMMAND: POST /session/02a28b6fca6bf180b8c985fd282d7655/element/f.AD43E610194EA814EB045517701BD92D.d.FB4FE0D768A75B0029BF5DE7BDAB7B3B.e.662/click - {}
RESULT: undefined
COMMAND: POST /session/02a28b6fca6bf180b8c985fd282d7655/element - {"using":"xpath","value":"//*[@id=\"__tile37\"]"}
RESULT: {"using":"xpath","value":"//*[@id=\"__tile37\"]"}
COMMAND: POST /session/02a28b6fca6bf180b8c985fd282d7655/element/f.AD43E610194EA814EB045517701BD92D.d.FB4FE0D768A75B0029BF5DE7BDAB7B3B.e.662/click - {}
RESULT: undefined
COMMAND: POST /session/02a28b6fca6bf180b8c985fd282d7655/execute/async - {"script":"<script> [6424 bytes]","args":[{"element-6066-11e4-a52e-4f735466cecf":"f.AD43E610194EA814EB045517701BD92D.d.FB4FE0D768A75B0029BF5DE7BDAB7B3B.e.289"},"getTitle",[]]}
COMMAND: POST /session/02a28b6fca6bf180b8c985fd282d7655/execute/async - {"script":"<script> [1562 bytes]","args":[{"selector":{"id":"shellAppTitle"},"wdio_ui5_key":"shellAppTitle"}]}
RESULT: {"script":"<script> [1562 bytes]","args":[{"selector":{"id":"shellAppTitle"},"wdio_ui5_key":"shellAppTitle"}]}
COMMAND: POST /session/02a28b6fca6bf180b8c985fd282d7655/execute/async - {"script":"<script> [6424 bytes]","args":[{"element-6066-11e4-a52e-4f735466cecf":"f.AD43E610194EA814EB045517701BD92D.d.FB4FE0D768A75B0029BF5DE7BDAB7B3B.e.776"},"getTitle",[]]}
RESULT: {"script":"<script> [6424 bytes]","args":[{"element-6066-11e4-a52e-4f735466cecf":"f.AD43E610194EA814EB045517701BD92D.d.FB4FE0D768A75B0029BF5DE7BDAB7B3B.e.776"},"getTitle",[]]}
RESULT: undefined
COMMAND: POST /session/02a28b6fca6bf180b8c985fd282d7655/element/f.AD43E610194EA814EB045517701BD92D.d.FB4FE0D768A75B0029BF5DE7BDAB7B3B.e.660/click - {}
RESULT: {}
COMMAND: GET /session/02a28b6fca6bf180b8c985fd282d7655/screenshot - {}
RESULT: {}
]]></system-out>
    </testcase>
    <testcase classname="chrome.136_0_7103_49.windows.Sanity_Tests_US104253" name="Should open Manage Calendars page" time="41">
      <system-out><![CDATA[
COMMAND: POST /session/02a28b6fca6bf180b8c985fd282d7655/execute/async - {"script":"<script> [1562 bytes]","args":[{"selector":{"controlType":"sap.m.GenericTile","properties":{"header":"Manage Calendars"}},"wdio_ui5_key":"sapm.GenericTile{\"header\":\"Manage Calendars\"}"}]}
RESULT: {"script":"<script> [1562 bytes]","args":[{"selector":{"controlType":"sap.m.GenericTile","properties":{"header":"Manage Calendars"}},"wdio_ui5_key":"sapm.GenericTile{\"header\":\"Manage Calendars\"}"}]}
RESULT: undefined
COMMAND: POST /session/02a28b6fca6bf180b8c985fd282d7655/element - {"using":"xpath","value":"//*[@id=\"__tile36\"]"}
RESULT: {"using":"xpath","value":"//*[@id=\"__tile36\"]"}
COMMAND: POST /session/02a28b6fca6bf180b8c985fd282d7655/element/f.AD43E610194EA814EB045517701BD92D.d.FB4FE0D768A75B0029BF5DE7BDAB7B3B.e.778/click - {}
RESULT: {}
COMMAND: GET /session/02a28b6fca6bf180b8c985fd282d7655/screenshot - {}
RESULT: {}
COMMAND: POST /session/02a28b6fca6bf180b8c985fd282d7655/elements - {"using":"xpath","value":"//span[text()='Error']"}
RESULT: {"using":"xpath","value":"//span[text()='Error']"}
RESULT: undefined
COMMAND: POST /session/02a28b6fca6bf180b8c985fd282d7655/element - {"using":"xpath","value":"//*[@id=\"__tile36\"]"}
RESULT: {"using":"xpath","value":"//*[@id=\"__tile36\"]"}
COMMAND: POST /session/02a28b6fca6bf180b8c985fd282d7655/element/f.AD43E610194EA814EB045517701BD92D.d.FB4FE0D768A75B0029BF5DE7BDAB7B3B.e.778/click - {}
RESULT: undefined
COMMAND: POST /session/02a28b6fca6bf180b8c985fd282d7655/element - {"using":"xpath","value":"//*[@id=\"__tile36\"]"}
RESULT: {"using":"xpath","value":"//*[@id=\"__tile36\"]"}
COMMAND: POST /session/02a28b6fca6bf180b8c985fd282d7655/element/f.AD43E610194EA814EB045517701BD92D.d.FB4FE0D768A75B0029BF5DE7BDAB7B3B.e.778/click - {}
RESULT: undefined
COMMAND: POST /session/02a28b6fca6bf180b8c985fd282d7655/execute/async - {"script":"<script> [6424 bytes]","args":[{"element-6066-11e4-a52e-4f735466cecf":"f.AD43E610194EA814EB045517701BD92D.d.FB4FE0D768A75B0029BF5DE7BDAB7B3B.e.289"},"getTitle",[]]}
COMMAND: POST /session/02a28b6fca6bf180b8c985fd282d7655/execute/async - {"script":"<script> [1562 bytes]","args":[{"selector":{"id":"shellAppTitle"},"wdio_ui5_key":"shellAppTitle"}]}
RESULT: {"script":"<script> [1562 bytes]","args":[{"selector":{"id":"shellAppTitle"},"wdio_ui5_key":"shellAppTitle"}]}
COMMAND: POST /session/02a28b6fca6bf180b8c985fd282d7655/execute/async - {"script":"<script> [6424 bytes]","args":[{"element-6066-11e4-a52e-4f735466cecf":"f.AD43E610194EA814EB045517701BD92D.d.FB4FE0D768A75B0029BF5DE7BDAB7B3B.e.851"},"getTitle",[]]}
RESULT: {"script":"<script> [6424 bytes]","args":[{"element-6066-11e4-a52e-4f735466cecf":"f.AD43E610194EA814EB045517701BD92D.d.FB4FE0D768A75B0029BF5DE7BDAB7B3B.e.851"},"getTitle",[]]}
RESULT: undefined
COMMAND: POST /session/02a28b6fca6bf180b8c985fd282d7655/element/f.AD43E610194EA814EB045517701BD92D.d.FB4FE0D768A75B0029BF5DE7BDAB7B3B.e.660/click - {}
COMMAND: POST /session/02a28b6fca6bf180b8c985fd282d7655/element - {"using":"xpath","value":"//*[@id=\"backBtn\"]"}
RESULT: {"using":"xpath","value":"//*[@id=\"backBtn\"]"}
COMMAND: POST /session/02a28b6fca6bf180b8c985fd282d7655/element/f.AD43E610194EA814EB045517701BD92D.d.FB4FE0D768A75B0029BF5DE7BDAB7B3B.e.660/click - {}
COMMAND: POST /session/02a28b6fca6bf180b8c985fd282d7655/element - {"using":"xpath","value":"//*[@id=\"backBtn\"]"}
RESULT: {"using":"xpath","value":"//*[@id=\"backBtn\"]"}
COMMAND: POST /session/02a28b6fca6bf180b8c985fd282d7655/element/f.AD43E610194EA814EB045517701BD92D.d.FB4FE0D768A75B0029BF5DE7BDAB7B3B.e.852/click - {}
RESULT: {}
COMMAND: GET /session/02a28b6fca6bf180b8c985fd282d7655/screenshot - {}
RESULT: {}
]]></system-out>
    </testcase>
    <testcase classname="chrome.136_0_7103_49.windows.Sanity_Tests_US104253" name="Should open Address Management page" time="36.812">
      <system-out><![CDATA[
COMMAND: POST /session/02a28b6fca6bf180b8c985fd282d7655/execute/async - {"script":"<script> [1562 bytes]","args":[{"selector":{"controlType":"sap.m.GenericTile","properties":{"header":"Address Management"}},"wdio_ui5_key":"sapm.GenericTile{\"header\":\"Address Management\"}"}]}
RESULT: {"script":"<script> [1562 bytes]","args":[{"selector":{"controlType":"sap.m.GenericTile","properties":{"header":"Address Management"}},"wdio_ui5_key":"sapm.GenericTile{\"header\":\"Address Management\"}"}]}
RESULT: undefined
COMMAND: POST /session/02a28b6fca6bf180b8c985fd282d7655/element - {"using":"xpath","value":"//*[@id=\"__tile33\"]"}
RESULT: {"using":"xpath","value":"//*[@id=\"__tile33\"]"}
COMMAND: POST /session/02a28b6fca6bf180b8c985fd282d7655/element/f.AD43E610194EA814EB045517701BD92D.d.FB4FE0D768A75B0029BF5DE7BDAB7B3B.e.854/click - {}
RESULT: {}
COMMAND: GET /session/02a28b6fca6bf180b8c985fd282d7655/screenshot - {}
RESULT: {}
COMMAND: POST /session/02a28b6fca6bf180b8c985fd282d7655/elements - {"using":"xpath","value":"//span[text()='Error']"}
RESULT: {"using":"xpath","value":"//span[text()='Error']"}
RESULT: undefined
COMMAND: POST /session/02a28b6fca6bf180b8c985fd282d7655/element - {"using":"xpath","value":"//*[@id=\"__tile33\"]"}
RESULT: {"using":"xpath","value":"//*[@id=\"__tile33\"]"}
COMMAND: POST /session/02a28b6fca6bf180b8c985fd282d7655/element/f.AD43E610194EA814EB045517701BD92D.d.FB4FE0D768A75B0029BF5DE7BDAB7B3B.e.854/click - {}
RESULT: undefined
COMMAND: POST /session/02a28b6fca6bf180b8c985fd282d7655/element - {"using":"xpath","value":"//*[@id=\"__tile33\"]"}
RESULT: {"using":"xpath","value":"//*[@id=\"__tile33\"]"}
COMMAND: POST /session/02a28b6fca6bf180b8c985fd282d7655/element/f.AD43E610194EA814EB045517701BD92D.d.FB4FE0D768A75B0029BF5DE7BDAB7B3B.e.854/click - {}
RESULT: undefined
COMMAND: POST /session/02a28b6fca6bf180b8c985fd282d7655/execute/async - {"script":"<script> [6424 bytes]","args":[{"element-6066-11e4-a52e-4f735466cecf":"f.AD43E610194EA814EB045517701BD92D.d.FB4FE0D768A75B0029BF5DE7BDAB7B3B.e.289"},"getTitle",[]]}
COMMAND: POST /session/02a28b6fca6bf180b8c985fd282d7655/execute/async - {"script":"<script> [1562 bytes]","args":[{"selector":{"id":"shellAppTitle"},"wdio_ui5_key":"shellAppTitle"}]}
RESULT: {"script":"<script> [1562 bytes]","args":[{"selector":{"id":"shellAppTitle"},"wdio_ui5_key":"shellAppTitle"}]}
COMMAND: POST /session/02a28b6fca6bf180b8c985fd282d7655/execute/async - {"script":"<script> [6424 bytes]","args":[{"element-6066-11e4-a52e-4f735466cecf":"f.AD43E610194EA814EB045517701BD92D.d.FB4FE0D768A75B0029BF5DE7BDAB7B3B.e.1048"},"getTitle",[]]}
RESULT: {"script":"<script> [6424 bytes]","args":[{"element-6066-11e4-a52e-4f735466cecf":"f.AD43E610194EA814EB045517701BD92D.d.FB4FE0D768A75B0029BF5DE7BDAB7B3B.e.1048"},"getTitle",[]]}
RESULT: undefined
COMMAND: POST /session/02a28b6fca6bf180b8c985fd282d7655/element/f.AD43E610194EA814EB045517701BD92D.d.FB4FE0D768A75B0029BF5DE7BDAB7B3B.e.852/click - {}
RESULT: {}
COMMAND: GET /session/02a28b6fca6bf180b8c985fd282d7655/screenshot - {}
RESULT: {}
]]></system-out>
    </testcase>
    <testcase classname="chrome.136_0_7103_49.windows.Sanity_Tests_US104253" name="Should open Bill Of Resources page" time="36.32">
      <system-out><![CDATA[
COMMAND: POST /session/02a28b6fca6bf180b8c985fd282d7655/execute/async - {"script":"<script> [1562 bytes]","args":[{"selector":{"controlType":"sap.m.GenericTile","properties":{"header":"Bill Of Resources"}},"wdio_ui5_key":"sapm.GenericTile{\"header\":\"Bill Of Resources\"}"}]}
RESULT: {"script":"<script> [1562 bytes]","args":[{"selector":{"controlType":"sap.m.GenericTile","properties":{"header":"Bill Of Resources"}},"wdio_ui5_key":"sapm.GenericTile{\"header\":\"Bill Of Resources\"}"}]}
RESULT: undefined
COMMAND: POST /session/02a28b6fca6bf180b8c985fd282d7655/element - {"using":"xpath","value":"//*[@id=\"__tile34\"]"}
RESULT: {"using":"xpath","value":"//*[@id=\"__tile34\"]"}
COMMAND: POST /session/02a28b6fca6bf180b8c985fd282d7655/element/f.AD43E610194EA814EB045517701BD92D.d.FB4FE0D768A75B0029BF5DE7BDAB7B3B.e.1050/click - {}
RESULT: {}
COMMAND: GET /session/02a28b6fca6bf180b8c985fd282d7655/screenshot - {}
RESULT: {}
COMMAND: POST /session/02a28b6fca6bf180b8c985fd282d7655/elements - {"using":"xpath","value":"//span[text()='Error']"}
RESULT: {"using":"xpath","value":"//span[text()='Error']"}
RESULT: undefined
COMMAND: POST /session/02a28b6fca6bf180b8c985fd282d7655/element - {"using":"xpath","value":"//*[@id=\"__tile34\"]"}
RESULT: {"using":"xpath","value":"//*[@id=\"__tile34\"]"}
COMMAND: POST /session/02a28b6fca6bf180b8c985fd282d7655/element/f.AD43E610194EA814EB045517701BD92D.d.FB4FE0D768A75B0029BF5DE7BDAB7B3B.e.1050/click - {}
RESULT: undefined
COMMAND: POST /session/02a28b6fca6bf180b8c985fd282d7655/element - {"using":"xpath","value":"//*[@id=\"__tile34\"]"}
RESULT: {"using":"xpath","value":"//*[@id=\"__tile34\"]"}
COMMAND: POST /session/02a28b6fca6bf180b8c985fd282d7655/element/f.AD43E610194EA814EB045517701BD92D.d.FB4FE0D768A75B0029BF5DE7BDAB7B3B.e.1050/click - {}
RESULT: undefined
COMMAND: POST /session/02a28b6fca6bf180b8c985fd282d7655/execute/async - {"script":"<script> [6424 bytes]","args":[{"element-6066-11e4-a52e-4f735466cecf":"f.AD43E610194EA814EB045517701BD92D.d.FB4FE0D768A75B0029BF5DE7BDAB7B3B.e.289"},"getTitle",[]]}
COMMAND: POST /session/02a28b6fca6bf180b8c985fd282d7655/execute/async - {"script":"<script> [1562 bytes]","args":[{"selector":{"id":"shellAppTitle"},"wdio_ui5_key":"shellAppTitle"}]}
RESULT: {"script":"<script> [1562 bytes]","args":[{"selector":{"id":"shellAppTitle"},"wdio_ui5_key":"shellAppTitle"}]}
COMMAND: POST /session/02a28b6fca6bf180b8c985fd282d7655/execute/async - {"script":"<script> [6424 bytes]","args":[{"element-6066-11e4-a52e-4f735466cecf":"f.AD43E610194EA814EB045517701BD92D.d.FB4FE0D768A75B0029BF5DE7BDAB7B3B.e.1142"},"getTitle",[]]}
RESULT: {"script":"<script> [6424 bytes]","args":[{"element-6066-11e4-a52e-4f735466cecf":"f.AD43E610194EA814EB045517701BD92D.d.FB4FE0D768A75B0029BF5DE7BDAB7B3B.e.1142"},"getTitle",[]]}
RESULT: undefined
COMMAND: POST /session/02a28b6fca6bf180b8c985fd282d7655/element/f.AD43E610194EA814EB045517701BD92D.d.FB4FE0D768A75B0029BF5DE7BDAB7B3B.e.852/click - {}
COMMAND: POST /session/02a28b6fca6bf180b8c985fd282d7655/element - {"using":"xpath","value":"//*[@id=\"backBtn\"]"}
RESULT: {"using":"xpath","value":"//*[@id=\"backBtn\"]"}
COMMAND: POST /session/02a28b6fca6bf180b8c985fd282d7655/element/f.AD43E610194EA814EB045517701BD92D.d.FB4FE0D768A75B0029BF5DE7BDAB7B3B.e.852/click - {}
COMMAND: POST /session/02a28b6fca6bf180b8c985fd282d7655/element - {"using":"xpath","value":"//*[@id=\"backBtn\"]"}
RESULT: {"using":"xpath","value":"//*[@id=\"backBtn\"]"}
COMMAND: POST /session/02a28b6fca6bf180b8c985fd282d7655/element/f.AD43E610194EA814EB045517701BD92D.d.FB4FE0D768A75B0029BF5DE7BDAB7B3B.e.1143/click - {}
RESULT: {}
COMMAND: GET /session/02a28b6fca6bf180b8c985fd282d7655/screenshot - {}
RESULT: {}
]]></system-out>
    </testcase>
    <testcase classname="chrome.136_0_7103_49.windows.Sanity_Tests_US104253" name="Should open Manage Yards page" time="35.984">
      <system-out><![CDATA[
COMMAND: POST /session/02a28b6fca6bf180b8c985fd282d7655/execute/async - {"script":"<script> [1562 bytes]","args":[{"selector":{"controlType":"sap.m.GenericTile","properties":{"header":"Manage Yards"}},"wdio_ui5_key":"sapm.GenericTile{\"header\":\"Manage Yards\"}"}]}
RESULT: {"script":"<script> [1562 bytes]","args":[{"selector":{"controlType":"sap.m.GenericTile","properties":{"header":"Manage Yards"}},"wdio_ui5_key":"sapm.GenericTile{\"header\":\"Manage Yards\"}"}]}
RESULT: undefined
COMMAND: POST /session/02a28b6fca6bf180b8c985fd282d7655/element - {"using":"xpath","value":"//*[@id=\"__tile41\"]"}
RESULT: {"using":"xpath","value":"//*[@id=\"__tile41\"]"}
COMMAND: POST /session/02a28b6fca6bf180b8c985fd282d7655/element/f.AD43E610194EA814EB045517701BD92D.d.FB4FE0D768A75B0029BF5DE7BDAB7B3B.e.1145/click - {}
RESULT: {}
COMMAND: GET /session/02a28b6fca6bf180b8c985fd282d7655/screenshot - {}
RESULT: {}
COMMAND: POST /session/02a28b6fca6bf180b8c985fd282d7655/elements - {"using":"xpath","value":"//span[text()='Error']"}
RESULT: {"using":"xpath","value":"//span[text()='Error']"}
RESULT: undefined
COMMAND: POST /session/02a28b6fca6bf180b8c985fd282d7655/element - {"using":"xpath","value":"//*[@id=\"__tile41\"]"}
RESULT: {"using":"xpath","value":"//*[@id=\"__tile41\"]"}
COMMAND: POST /session/02a28b6fca6bf180b8c985fd282d7655/element/f.AD43E610194EA814EB045517701BD92D.d.FB4FE0D768A75B0029BF5DE7BDAB7B3B.e.1145/click - {}
RESULT: undefined
COMMAND: POST /session/02a28b6fca6bf180b8c985fd282d7655/element - {"using":"xpath","value":"//*[@id=\"__tile41\"]"}
RESULT: {"using":"xpath","value":"//*[@id=\"__tile41\"]"}
COMMAND: POST /session/02a28b6fca6bf180b8c985fd282d7655/element/f.AD43E610194EA814EB045517701BD92D.d.FB4FE0D768A75B0029BF5DE7BDAB7B3B.e.1145/click - {}
RESULT: undefined
COMMAND: POST /session/02a28b6fca6bf180b8c985fd282d7655/execute/async - {"script":"<script> [6424 bytes]","args":[{"element-6066-11e4-a52e-4f735466cecf":"f.AD43E610194EA814EB045517701BD92D.d.FB4FE0D768A75B0029BF5DE7BDAB7B3B.e.289"},"getTitle",[]]}
COMMAND: POST /session/02a28b6fca6bf180b8c985fd282d7655/execute/async - {"script":"<script> [1562 bytes]","args":[{"selector":{"id":"shellAppTitle"},"wdio_ui5_key":"shellAppTitle"}]}
RESULT: {"script":"<script> [1562 bytes]","args":[{"selector":{"id":"shellAppTitle"},"wdio_ui5_key":"shellAppTitle"}]}
COMMAND: POST /session/02a28b6fca6bf180b8c985fd282d7655/execute/async - {"script":"<script> [6424 bytes]","args":[{"element-6066-11e4-a52e-4f735466cecf":"f.AD43E610194EA814EB045517701BD92D.d.FB4FE0D768A75B0029BF5DE7BDAB7B3B.e.1324"},"getTitle",[]]}
RESULT: {"script":"<script> [6424 bytes]","args":[{"element-6066-11e4-a52e-4f735466cecf":"f.AD43E610194EA814EB045517701BD92D.d.FB4FE0D768A75B0029BF5DE7BDAB7B3B.e.1324"},"getTitle",[]]}
RESULT: undefined
COMMAND: POST /session/02a28b6fca6bf180b8c985fd282d7655/element/f.AD43E610194EA814EB045517701BD92D.d.FB4FE0D768A75B0029BF5DE7BDAB7B3B.e.1143/click - {}
RESULT: {}
COMMAND: GET /session/02a28b6fca6bf180b8c985fd282d7655/screenshot - {}
RESULT: {}
]]></system-out>
    </testcase>
    <testcase classname="chrome.136_0_7103_49.windows.Sanity_Tests_US104253" name="Should open Manage Requests page" time="49.228">
      <system-out><![CDATA[
COMMAND: POST /session/02a28b6fca6bf180b8c985fd282d7655/execute/async - {"script":"<script> [1562 bytes]","args":[{"selector":{"controlType":"sap.m.GenericTile","properties":{"header":"Manage Requests"}},"wdio_ui5_key":"sapm.GenericTile{\"header\":\"Manage Requests\"}"}]}
RESULT: {"script":"<script> [1562 bytes]","args":[{"selector":{"controlType":"sap.m.GenericTile","properties":{"header":"Manage Requests"}},"wdio_ui5_key":"sapm.GenericTile{\"header\":\"Manage Requests\"}"}]}
RESULT: undefined
COMMAND: POST /session/02a28b6fca6bf180b8c985fd282d7655/element - {"using":"xpath","value":"//*[@id=\"__tile47\"]"}
RESULT: {"using":"xpath","value":"//*[@id=\"__tile47\"]"}
COMMAND: POST /session/02a28b6fca6bf180b8c985fd282d7655/element/f.AD43E610194EA814EB045517701BD92D.d.FB4FE0D768A75B0029BF5DE7BDAB7B3B.e.1326/click - {}
RESULT: {}
COMMAND: GET /session/02a28b6fca6bf180b8c985fd282d7655/screenshot - {}
RESULT: {}
COMMAND: POST /session/02a28b6fca6bf180b8c985fd282d7655/elements - {"using":"xpath","value":"//span[text()='Error']"}
RESULT: {"using":"xpath","value":"//span[text()='Error']"}
RESULT: undefined
COMMAND: POST /session/02a28b6fca6bf180b8c985fd282d7655/element - {"using":"xpath","value":"//*[@id=\"__tile47\"]"}
RESULT: {"using":"xpath","value":"//*[@id=\"__tile47\"]"}
COMMAND: POST /session/02a28b6fca6bf180b8c985fd282d7655/element/f.AD43E610194EA814EB045517701BD92D.d.FB4FE0D768A75B0029BF5DE7BDAB7B3B.e.1326/click - {}
RESULT: undefined
COMMAND: POST /session/02a28b6fca6bf180b8c985fd282d7655/element - {"using":"xpath","value":"//*[@id=\"__tile47\"]"}
RESULT: {"using":"xpath","value":"//*[@id=\"__tile47\"]"}
COMMAND: POST /session/02a28b6fca6bf180b8c985fd282d7655/element/f.AD43E610194EA814EB045517701BD92D.d.FB4FE0D768A75B0029BF5DE7BDAB7B3B.e.1326/click - {}
RESULT: undefined
COMMAND: POST /session/02a28b6fca6bf180b8c985fd282d7655/execute/async - {"script":"<script> [6424 bytes]","args":[{"element-6066-11e4-a52e-4f735466cecf":"f.AD43E610194EA814EB045517701BD92D.d.FB4FE0D768A75B0029BF5DE7BDAB7B3B.e.289"},"getTitle",[]]}
COMMAND: POST /session/02a28b6fca6bf180b8c985fd282d7655/execute/async - {"script":"<script> [1562 bytes]","args":[{"selector":{"id":"shellAppTitle"},"wdio_ui5_key":"shellAppTitle"}]}
RESULT: {"script":"<script> [1562 bytes]","args":[{"selector":{"id":"shellAppTitle"},"wdio_ui5_key":"shellAppTitle"}]}
COMMAND: POST /session/02a28b6fca6bf180b8c985fd282d7655/execute/async - {"script":"<script> [6424 bytes]","args":[{"element-6066-11e4-a52e-4f735466cecf":"f.AD43E610194EA814EB045517701BD92D.d.FB4FE0D768A75B0029BF5DE7BDAB7B3B.e.1417"},"getTitle",[]]}
RESULT: {"script":"<script> [6424 bytes]","args":[{"element-6066-11e4-a52e-4f735466cecf":"f.AD43E610194EA814EB045517701BD92D.d.FB4FE0D768A75B0029BF5DE7BDAB7B3B.e.1417"},"getTitle",[]]}
RESULT: undefined
COMMAND: POST /session/02a28b6fca6bf180b8c985fd282d7655/element/f.AD43E610194EA814EB045517701BD92D.d.FB4FE0D768A75B0029BF5DE7BDAB7B3B.e.1143/click - {}
COMMAND: POST /session/02a28b6fca6bf180b8c985fd282d7655/element - {"using":"xpath","value":"//*[@id=\"backBtn\"]"}
RESULT: {"using":"xpath","value":"//*[@id=\"backBtn\"]"}
COMMAND: POST /session/02a28b6fca6bf180b8c985fd282d7655/element/f.AD43E610194EA814EB045517701BD92D.d.FB4FE0D768A75B0029BF5DE7BDAB7B3B.e.1143/click - {}
COMMAND: POST /session/02a28b6fca6bf180b8c985fd282d7655/element - {"using":"xpath","value":"//*[@id=\"backBtn\"]"}
RESULT: {"using":"xpath","value":"//*[@id=\"backBtn\"]"}
COMMAND: POST /session/02a28b6fca6bf180b8c985fd282d7655/element/f.AD43E610194EA814EB045517701BD92D.d.FB4FE0D768A75B0029BF5DE7BDAB7B3B.e.1418/click - {}
RESULT: {}
COMMAND: GET /session/02a28b6fca6bf180b8c985fd282d7655/screenshot - {}
RESULT: {}
]]></system-out>
    </testcase>
    <testcase classname="chrome.136_0_7103_49.windows.Sanity_Tests_US104253" name="Should open Manage Purchasing page" time="38.369">
      <system-out><![CDATA[
COMMAND: POST /session/02a28b6fca6bf180b8c985fd282d7655/execute/async - {"script":"<script> [1562 bytes]","args":[{"selector":{"controlType":"sap.m.GenericTile","properties":{"header":"Manage Purchasing"}},"wdio_ui5_key":"sapm.GenericTile{\"header\":\"Manage Purchasing\"}"}]}
RESULT: {"script":"<script> [1562 bytes]","args":[{"selector":{"controlType":"sap.m.GenericTile","properties":{"header":"Manage Purchasing"}},"wdio_ui5_key":"sapm.GenericTile{\"header\":\"Manage Purchasing\"}"}]}
RESULT: undefined
COMMAND: POST /session/02a28b6fca6bf180b8c985fd282d7655/element - {"using":"xpath","value":"//*[@id=\"__tile46\"]"}
RESULT: {"using":"xpath","value":"//*[@id=\"__tile46\"]"}
COMMAND: POST /session/02a28b6fca6bf180b8c985fd282d7655/element/f.AD43E610194EA814EB045517701BD92D.d.FB4FE0D768A75B0029BF5DE7BDAB7B3B.e.1421/click - {}
RESULT: {}
COMMAND: GET /session/02a28b6fca6bf180b8c985fd282d7655/screenshot - {}
RESULT: {}
COMMAND: POST /session/02a28b6fca6bf180b8c985fd282d7655/elements - {"using":"xpath","value":"//span[text()='Error']"}
RESULT: {"using":"xpath","value":"//span[text()='Error']"}
RESULT: undefined
COMMAND: POST /session/02a28b6fca6bf180b8c985fd282d7655/element - {"using":"xpath","value":"//*[@id=\"__tile46\"]"}
RESULT: {"using":"xpath","value":"//*[@id=\"__tile46\"]"}
COMMAND: POST /session/02a28b6fca6bf180b8c985fd282d7655/element/f.AD43E610194EA814EB045517701BD92D.d.FB4FE0D768A75B0029BF5DE7BDAB7B3B.e.1421/click - {}
RESULT: undefined
COMMAND: POST /session/02a28b6fca6bf180b8c985fd282d7655/element - {"using":"xpath","value":"//*[@id=\"__tile46\"]"}
RESULT: {"using":"xpath","value":"//*[@id=\"__tile46\"]"}
COMMAND: POST /session/02a28b6fca6bf180b8c985fd282d7655/element/f.AD43E610194EA814EB045517701BD92D.d.FB4FE0D768A75B0029BF5DE7BDAB7B3B.e.1421/click - {}
RESULT: undefined
COMMAND: POST /session/02a28b6fca6bf180b8c985fd282d7655/execute/async - {"script":"<script> [6424 bytes]","args":[{"element-6066-11e4-a52e-4f735466cecf":"f.AD43E610194EA814EB045517701BD92D.d.FB4FE0D768A75B0029BF5DE7BDAB7B3B.e.289"},"getTitle",[]]}
COMMAND: POST /session/02a28b6fca6bf180b8c985fd282d7655/execute/async - {"script":"<script> [1562 bytes]","args":[{"selector":{"id":"shellAppTitle"},"wdio_ui5_key":"shellAppTitle"}]}
RESULT: {"script":"<script> [1562 bytes]","args":[{"selector":{"id":"shellAppTitle"},"wdio_ui5_key":"shellAppTitle"}]}
COMMAND: POST /session/02a28b6fca6bf180b8c985fd282d7655/execute/async - {"script":"<script> [6424 bytes]","args":[{"element-6066-11e4-a52e-4f735466cecf":"f.AD43E610194EA814EB045517701BD92D.d.FB4FE0D768A75B0029BF5DE7BDAB7B3B.e.1498"},"getTitle",[]]}
RESULT: {"script":"<script> [6424 bytes]","args":[{"element-6066-11e4-a52e-4f735466cecf":"f.AD43E610194EA814EB045517701BD92D.d.FB4FE0D768A75B0029BF5DE7BDAB7B3B.e.1498"},"getTitle",[]]}
RESULT: undefined
COMMAND: POST /session/02a28b6fca6bf180b8c985fd282d7655/element/f.AD43E610194EA814EB045517701BD92D.d.FB4FE0D768A75B0029BF5DE7BDAB7B3B.e.1418/click - {}
RESULT: {}
COMMAND: GET /session/02a28b6fca6bf180b8c985fd282d7655/screenshot - {}
RESULT: {}
]]></system-out>
    </testcase>
    <testcase classname="chrome.136_0_7103_49.windows.Sanity_Tests_US104253" name="Should open Planning Board page" time="36.395">
      <system-out><![CDATA[
COMMAND: POST /session/02a28b6fca6bf180b8c985fd282d7655/execute/async - {"script":"<script> [1562 bytes]","args":[{"selector":{"controlType":"sap.m.GenericTile","properties":{"header":"Planning Board"}},"wdio_ui5_key":"sapm.GenericTile{\"header\":\"Planning Board\"}"}]}
RESULT: {"script":"<script> [1562 bytes]","args":[{"selector":{"controlType":"sap.m.GenericTile","properties":{"header":"Planning Board"}},"wdio_ui5_key":"sapm.GenericTile{\"header\":\"Planning Board\"}"}]}
RESULT: undefined
COMMAND: POST /session/02a28b6fca6bf180b8c985fd282d7655/element - {"using":"xpath","value":"//*[@id=\"__tile131\"]"}
RESULT: {"using":"xpath","value":"//*[@id=\"__tile131\"]"}
COMMAND: POST /session/02a28b6fca6bf180b8c985fd282d7655/element/f.AD43E610194EA814EB045517701BD92D.d.FB4FE0D768A75B0029BF5DE7BDAB7B3B.e.1500/click - {}
RESULT: {}
COMMAND: GET /session/02a28b6fca6bf180b8c985fd282d7655/screenshot - {}
RESULT: {}
COMMAND: POST /session/02a28b6fca6bf180b8c985fd282d7655/elements - {"using":"xpath","value":"//span[text()='Error']"}
RESULT: {"using":"xpath","value":"//span[text()='Error']"}
RESULT: undefined
COMMAND: POST /session/02a28b6fca6bf180b8c985fd282d7655/element - {"using":"xpath","value":"//*[@id=\"__tile131\"]"}
RESULT: {"using":"xpath","value":"//*[@id=\"__tile131\"]"}
COMMAND: POST /session/02a28b6fca6bf180b8c985fd282d7655/element/f.AD43E610194EA814EB045517701BD92D.d.FB4FE0D768A75B0029BF5DE7BDAB7B3B.e.1500/click - {}
RESULT: undefined
COMMAND: POST /session/02a28b6fca6bf180b8c985fd282d7655/element - {"using":"xpath","value":"//*[@id=\"__tile131\"]"}
RESULT: {"using":"xpath","value":"//*[@id=\"__tile131\"]"}
COMMAND: POST /session/02a28b6fca6bf180b8c985fd282d7655/element/f.AD43E610194EA814EB045517701BD92D.d.FB4FE0D768A75B0029BF5DE7BDAB7B3B.e.1500/click - {}
RESULT: undefined
COMMAND: POST /session/02a28b6fca6bf180b8c985fd282d7655/execute/async - {"script":"<script> [6424 bytes]","args":[{"element-6066-11e4-a52e-4f735466cecf":"f.AD43E610194EA814EB045517701BD92D.d.FB4FE0D768A75B0029BF5DE7BDAB7B3B.e.289"},"getTitle",[]]}
COMMAND: POST /session/02a28b6fca6bf180b8c985fd282d7655/execute/async - {"script":"<script> [1562 bytes]","args":[{"selector":{"id":"shellAppTitle"},"wdio_ui5_key":"shellAppTitle"}]}
RESULT: {"script":"<script> [1562 bytes]","args":[{"selector":{"id":"shellAppTitle"},"wdio_ui5_key":"shellAppTitle"}]}
COMMAND: POST /session/02a28b6fca6bf180b8c985fd282d7655/execute/async - {"script":"<script> [6424 bytes]","args":[{"element-6066-11e4-a52e-4f735466cecf":"f.AD43E610194EA814EB045517701BD92D.d.FB4FE0D768A75B0029BF5DE7BDAB7B3B.e.1548"},"getTitle",[]]}
RESULT: {"script":"<script> [6424 bytes]","args":[{"element-6066-11e4-a52e-4f735466cecf":"f.AD43E610194EA814EB045517701BD92D.d.FB4FE0D768A75B0029BF5DE7BDAB7B3B.e.1548"},"getTitle",[]]}
RESULT: undefined
COMMAND: POST /session/02a28b6fca6bf180b8c985fd282d7655/element/f.AD43E610194EA814EB045517701BD92D.d.FB4FE0D768A75B0029BF5DE7BDAB7B3B.e.1418/click - {}
COMMAND: POST /session/02a28b6fca6bf180b8c985fd282d7655/element/f.AD43E610194EA814EB045517701BD92D.d.FB4FE0D768A75B0029BF5DE7BDAB7B3B.e.1418/click - {}
COMMAND: POST /session/02a28b6fca6bf180b8c985fd282d7655/element - {"using":"xpath","value":"//*[@id=\"backBtn\"]"}
COMMAND: POST /session/02a28b6fca6bf180b8c985fd282d7655/element - {"using":"xpath","value":"//*[@id=\"backBtn\"]"}
RESULT: {"using":"xpath","value":"//*[@id=\"backBtn\"]"}
COMMAND: POST /session/02a28b6fca6bf180b8c985fd282d7655/element/f.AD43E610194EA814EB045517701BD92D.d.FB4FE0D768A75B0029BF5DE7BDAB7B3B.e.1418/click - {}
RESULT: {"using":"xpath","value":"//*[@id=\"backBtn\"]"}
COMMAND: POST /session/02a28b6fca6bf180b8c985fd282d7655/element/f.AD43E610194EA814EB045517701BD92D.d.FB4FE0D768A75B0029BF5DE7BDAB7B3B.e.1418/click - {}
COMMAND: POST /session/02a28b6fca6bf180b8c985fd282d7655/element - {"using":"xpath","value":"//*[@id=\"backBtn\"]"}
COMMAND: POST /session/02a28b6fca6bf180b8c985fd282d7655/element - {"using":"xpath","value":"//*[@id=\"backBtn\"]"}
RESULT: {"using":"xpath","value":"//*[@id=\"backBtn\"]"}
COMMAND: POST /session/02a28b6fca6bf180b8c985fd282d7655/element/f.AD43E610194EA814EB045517701BD92D.d.FB4FE0D768A75B0029BF5DE7BDAB7B3B.e.1549/click - {}
RESULT: {"using":"xpath","value":"//*[@id=\"backBtn\"]"}
COMMAND: POST /session/02a28b6fca6bf180b8c985fd282d7655/element/f.AD43E610194EA814EB045517701BD92D.d.FB4FE0D768A75B0029BF5DE7BDAB7B3B.e.1549/click - {}
RESULT: {}
COMMAND: GET /session/02a28b6fca6bf180b8c985fd282d7655/screenshot - {}
RESULT: {}
COMMAND: GET /session/02a28b6fca6bf180b8c985fd282d7655/screenshot - {}
RESULT: {}
RESULT: {}
]]></system-out>
    </testcase>
    <testcase classname="chrome.136_0_7103_49.windows.Sanity_Tests_US104253" name="Should open Manage Contracts page" time="36.786">
      <system-out><![CDATA[
COMMAND: POST /session/02a28b6fca6bf180b8c985fd282d7655/execute/async - {"script":"<script> [1562 bytes]","args":[{"selector":{"controlType":"sap.m.GenericTile","properties":{"header":"Manage Contracts"}},"wdio_ui5_key":"sapm.GenericTile{\"header\":\"Manage Contracts\"}"}]}
RESULT: {"script":"<script> [1562 bytes]","args":[{"selector":{"controlType":"sap.m.GenericTile","properties":{"header":"Manage Contracts"}},"wdio_ui5_key":"sapm.GenericTile{\"header\":\"Manage Contracts\"}"}]}
RESULT: undefined
COMMAND: POST /session/02a28b6fca6bf180b8c985fd282d7655/element - {"using":"xpath","value":"//*[@id=\"__tile130\"]"}
RESULT: {"using":"xpath","value":"//*[@id=\"__tile130\"]"}
COMMAND: POST /session/02a28b6fca6bf180b8c985fd282d7655/element/f.AD43E610194EA814EB045517701BD92D.d.FB4FE0D768A75B0029BF5DE7BDAB7B3B.e.1551/click - {}
RESULT: {}
COMMAND: GET /session/02a28b6fca6bf180b8c985fd282d7655/screenshot - {}
RESULT: {}
COMMAND: POST /session/02a28b6fca6bf180b8c985fd282d7655/elements - {"using":"xpath","value":"//span[text()='Error']"}
RESULT: {"using":"xpath","value":"//span[text()='Error']"}
RESULT: undefined
COMMAND: POST /session/02a28b6fca6bf180b8c985fd282d7655/element - {"using":"xpath","value":"//*[@id=\"__tile130\"]"}
RESULT: {"using":"xpath","value":"//*[@id=\"__tile130\"]"}
COMMAND: POST /session/02a28b6fca6bf180b8c985fd282d7655/element/f.AD43E610194EA814EB045517701BD92D.d.FB4FE0D768A75B0029BF5DE7BDAB7B3B.e.1551/click - {}
RESULT: undefined
COMMAND: POST /session/02a28b6fca6bf180b8c985fd282d7655/element - {"using":"xpath","value":"//*[@id=\"__tile130\"]"}
RESULT: {"using":"xpath","value":"//*[@id=\"__tile130\"]"}
COMMAND: POST /session/02a28b6fca6bf180b8c985fd282d7655/element/f.AD43E610194EA814EB045517701BD92D.d.FB4FE0D768A75B0029BF5DE7BDAB7B3B.e.1551/click - {}
RESULT: undefined
COMMAND: POST /session/02a28b6fca6bf180b8c985fd282d7655/execute/async - {"script":"<script> [6424 bytes]","args":[{"element-6066-11e4-a52e-4f735466cecf":"f.AD43E610194EA814EB045517701BD92D.d.FB4FE0D768A75B0029BF5DE7BDAB7B3B.e.289"},"getTitle",[]]}
COMMAND: POST /session/02a28b6fca6bf180b8c985fd282d7655/execute/async - {"script":"<script> [1562 bytes]","args":[{"selector":{"id":"shellAppTitle"},"wdio_ui5_key":"shellAppTitle"}]}
RESULT: {"script":"<script> [1562 bytes]","args":[{"selector":{"id":"shellAppTitle"},"wdio_ui5_key":"shellAppTitle"}]}
COMMAND: POST /session/02a28b6fca6bf180b8c985fd282d7655/execute/async - {"script":"<script> [6424 bytes]","args":[{"element-6066-11e4-a52e-4f735466cecf":"f.AD43E610194EA814EB045517701BD92D.d.FB4FE0D768A75B0029BF5DE7BDAB7B3B.e.1611"},"getTitle",[]]}
RESULT: {"script":"<script> [6424 bytes]","args":[{"element-6066-11e4-a52e-4f735466cecf":"f.AD43E610194EA814EB045517701BD92D.d.FB4FE0D768A75B0029BF5DE7BDAB7B3B.e.1611"},"getTitle",[]]}
RESULT: undefined
COMMAND: POST /session/02a28b6fca6bf180b8c985fd282d7655/element/f.AD43E610194EA814EB045517701BD92D.d.FB4FE0D768A75B0029BF5DE7BDAB7B3B.e.1549/click - {}
RESULT: {}
COMMAND: GET /session/02a28b6fca6bf180b8c985fd282d7655/screenshot - {}
RESULT: {}
]]></system-out>
    </testcase>
    <testcase classname="chrome.136_0_7103_49.windows.Sanity_Tests_US104253" name="Should open Manage Quotations page" time="36.028">
      <system-out><![CDATA[
COMMAND: POST /session/02a28b6fca6bf180b8c985fd282d7655/execute/async - {"script":"<script> [1562 bytes]","args":[{"selector":{"controlType":"sap.m.GenericTile","properties":{"header":"Manage Quotations"}},"wdio_ui5_key":"sapm.GenericTile{\"header\":\"Manage Quotations\"}"}]}
RESULT: {"script":"<script> [1562 bytes]","args":[{"selector":{"controlType":"sap.m.GenericTile","properties":{"header":"Manage Quotations"}},"wdio_ui5_key":"sapm.GenericTile{\"header\":\"Manage Quotations\"}"}]}
RESULT: undefined
COMMAND: POST /session/02a28b6fca6bf180b8c985fd282d7655/element - {"using":"xpath","value":"//*[@id=\"__tile133\"]"}
RESULT: {"using":"xpath","value":"//*[@id=\"__tile133\"]"}
COMMAND: POST /session/02a28b6fca6bf180b8c985fd282d7655/element/f.AD43E610194EA814EB045517701BD92D.d.FB4FE0D768A75B0029BF5DE7BDAB7B3B.e.1613/click - {}
RESULT: {}
COMMAND: GET /session/02a28b6fca6bf180b8c985fd282d7655/screenshot - {}
RESULT: {}
COMMAND: POST /session/02a28b6fca6bf180b8c985fd282d7655/elements - {"using":"xpath","value":"//span[text()='Error']"}
RESULT: {"using":"xpath","value":"//span[text()='Error']"}
RESULT: undefined
COMMAND: POST /session/02a28b6fca6bf180b8c985fd282d7655/element - {"using":"xpath","value":"//*[@id=\"__tile133\"]"}
RESULT: {"using":"xpath","value":"//*[@id=\"__tile133\"]"}
COMMAND: POST /session/02a28b6fca6bf180b8c985fd282d7655/element/f.AD43E610194EA814EB045517701BD92D.d.FB4FE0D768A75B0029BF5DE7BDAB7B3B.e.1613/click - {}
RESULT: undefined
COMMAND: POST /session/02a28b6fca6bf180b8c985fd282d7655/element - {"using":"xpath","value":"//*[@id=\"__tile133\"]"}
RESULT: {"using":"xpath","value":"//*[@id=\"__tile133\"]"}
COMMAND: POST /session/02a28b6fca6bf180b8c985fd282d7655/element/f.AD43E610194EA814EB045517701BD92D.d.FB4FE0D768A75B0029BF5DE7BDAB7B3B.e.1613/click - {}
RESULT: undefined
COMMAND: POST /session/02a28b6fca6bf180b8c985fd282d7655/execute/async - {"script":"<script> [6424 bytes]","args":[{"element-6066-11e4-a52e-4f735466cecf":"f.AD43E610194EA814EB045517701BD92D.d.FB4FE0D768A75B0029BF5DE7BDAB7B3B.e.289"},"getTitle",[]]}
COMMAND: POST /session/02a28b6fca6bf180b8c985fd282d7655/execute/async - {"script":"<script> [1562 bytes]","args":[{"selector":{"id":"shellAppTitle"},"wdio_ui5_key":"shellAppTitle"}]}
RESULT: {"script":"<script> [1562 bytes]","args":[{"selector":{"id":"shellAppTitle"},"wdio_ui5_key":"shellAppTitle"}]}
COMMAND: POST /session/02a28b6fca6bf180b8c985fd282d7655/execute/async - {"script":"<script> [6424 bytes]","args":[{"element-6066-11e4-a52e-4f735466cecf":"f.AD43E610194EA814EB045517701BD92D.d.FB4FE0D768A75B0029BF5DE7BDAB7B3B.e.1686"},"getTitle",[]]}
RESULT: {"script":"<script> [6424 bytes]","args":[{"element-6066-11e4-a52e-4f735466cecf":"f.AD43E610194EA814EB045517701BD92D.d.FB4FE0D768A75B0029BF5DE7BDAB7B3B.e.1686"},"getTitle",[]]}
RESULT: undefined
COMMAND: POST /session/02a28b6fca6bf180b8c985fd282d7655/element/f.AD43E610194EA814EB045517701BD92D.d.FB4FE0D768A75B0029BF5DE7BDAB7B3B.e.1549/click - {}
COMMAND: POST /session/02a28b6fca6bf180b8c985fd282d7655/element - {"using":"xpath","value":"//*[@id=\"backBtn\"]"}
RESULT: {"using":"xpath","value":"//*[@id=\"backBtn\"]"}
COMMAND: POST /session/02a28b6fca6bf180b8c985fd282d7655/element/f.AD43E610194EA814EB045517701BD92D.d.FB4FE0D768A75B0029BF5DE7BDAB7B3B.e.1549/click - {}
COMMAND: POST /session/02a28b6fca6bf180b8c985fd282d7655/element - {"using":"xpath","value":"//*[@id=\"backBtn\"]"}
RESULT: {"using":"xpath","value":"//*[@id=\"backBtn\"]"}
COMMAND: POST /session/02a28b6fca6bf180b8c985fd282d7655/element/f.AD43E610194EA814EB045517701BD92D.d.FB4FE0D768A75B0029BF5DE7BDAB7B3B.e.1687/click - {}
RESULT: {}
COMMAND: GET /session/02a28b6fca6bf180b8c985fd282d7655/screenshot - {}
RESULT: {}
]]></system-out>
    </testcase>
    <testcase classname="chrome.136_0_7103_49.windows.Sanity_Tests_US104253" name="Should open Manage Handovers page" time="38.266">
      <system-out><![CDATA[
COMMAND: POST /session/02a28b6fca6bf180b8c985fd282d7655/execute/async - {"script":"<script> [1562 bytes]","args":[{"selector":{"controlType":"sap.m.GenericTile","properties":{"header":"Manage Handovers"}},"wdio_ui5_key":"sapm.GenericTile{\"header\":\"Manage Handovers\"}"}]}
RESULT: {"script":"<script> [1562 bytes]","args":[{"selector":{"controlType":"sap.m.GenericTile","properties":{"header":"Manage Handovers"}},"wdio_ui5_key":"sapm.GenericTile{\"header\":\"Manage Handovers\"}"}]}
RESULT: undefined
COMMAND: POST /session/02a28b6fca6bf180b8c985fd282d7655/element - {"using":"xpath","value":"//*[@id=\"__tile132\"]"}
RESULT: {"using":"xpath","value":"//*[@id=\"__tile132\"]"}
COMMAND: POST /session/02a28b6fca6bf180b8c985fd282d7655/element/f.AD43E610194EA814EB045517701BD92D.d.FB4FE0D768A75B0029BF5DE7BDAB7B3B.e.1689/click - {}
RESULT: {}
COMMAND: GET /session/02a28b6fca6bf180b8c985fd282d7655/screenshot - {}
RESULT: {}
COMMAND: POST /session/02a28b6fca6bf180b8c985fd282d7655/elements - {"using":"xpath","value":"//span[text()='Error']"}
RESULT: {"using":"xpath","value":"//span[text()='Error']"}
RESULT: undefined
COMMAND: POST /session/02a28b6fca6bf180b8c985fd282d7655/element - {"using":"xpath","value":"//*[@id=\"__tile132\"]"}
RESULT: {"using":"xpath","value":"//*[@id=\"__tile132\"]"}
COMMAND: POST /session/02a28b6fca6bf180b8c985fd282d7655/element/f.AD43E610194EA814EB045517701BD92D.d.FB4FE0D768A75B0029BF5DE7BDAB7B3B.e.1689/click - {}
RESULT: undefined
COMMAND: POST /session/02a28b6fca6bf180b8c985fd282d7655/element - {"using":"xpath","value":"//*[@id=\"__tile132\"]"}
RESULT: {"using":"xpath","value":"//*[@id=\"__tile132\"]"}
COMMAND: POST /session/02a28b6fca6bf180b8c985fd282d7655/element/f.AD43E610194EA814EB045517701BD92D.d.FB4FE0D768A75B0029BF5DE7BDAB7B3B.e.1689/click - {}
RESULT: undefined
COMMAND: POST /session/02a28b6fca6bf180b8c985fd282d7655/execute/async - {"script":"<script> [6424 bytes]","args":[{"element-6066-11e4-a52e-4f735466cecf":"f.AD43E610194EA814EB045517701BD92D.d.FB4FE0D768A75B0029BF5DE7BDAB7B3B.e.289"},"getTitle",[]]}
COMMAND: POST /session/02a28b6fca6bf180b8c985fd282d7655/execute/async - {"script":"<script> [1562 bytes]","args":[{"selector":{"id":"shellAppTitle"},"wdio_ui5_key":"shellAppTitle"}]}
RESULT: {"script":"<script> [1562 bytes]","args":[{"selector":{"id":"shellAppTitle"},"wdio_ui5_key":"shellAppTitle"}]}
COMMAND: POST /session/02a28b6fca6bf180b8c985fd282d7655/execute/async - {"script":"<script> [6424 bytes]","args":[{"element-6066-11e4-a52e-4f735466cecf":"f.AD43E610194EA814EB045517701BD92D.d.FB4FE0D768A75B0029BF5DE7BDAB7B3B.e.1893"},"getTitle",[]]}
RESULT: {"script":"<script> [6424 bytes]","args":[{"element-6066-11e4-a52e-4f735466cecf":"f.AD43E610194EA814EB045517701BD92D.d.FB4FE0D768A75B0029BF5DE7BDAB7B3B.e.1893"},"getTitle",[]]}
RESULT: undefined
COMMAND: POST /session/02a28b6fca6bf180b8c985fd282d7655/element/f.AD43E610194EA814EB045517701BD92D.d.FB4FE0D768A75B0029BF5DE7BDAB7B3B.e.1687/click - {}
RESULT: {}
COMMAND: GET /session/02a28b6fca6bf180b8c985fd282d7655/screenshot - {}
RESULT: {}
]]></system-out>
    </testcase>
    <testcase classname="chrome.136_0_7103_49.windows.Sanity_Tests_US104253" name="Should open Delivery Monitor page" time="38.093">
      <system-out><![CDATA[
COMMAND: POST /session/02a28b6fca6bf180b8c985fd282d7655/execute/async - {"script":"<script> [1562 bytes]","args":[{"selector":{"controlType":"sap.m.GenericTile","properties":{"header":"Delivery Monitor"}},"wdio_ui5_key":"sapm.GenericTile{\"header\":\"Delivery Monitor\"}"}]}
RESULT: {"script":"<script> [1562 bytes]","args":[{"selector":{"controlType":"sap.m.GenericTile","properties":{"header":"Delivery Monitor"}},"wdio_ui5_key":"sapm.GenericTile{\"header\":\"Delivery Monitor\"}"}]}
RESULT: undefined
COMMAND: POST /session/02a28b6fca6bf180b8c985fd282d7655/element - {"using":"xpath","value":"//*[@id=\"__tile43\"]"}
RESULT: {"using":"xpath","value":"//*[@id=\"__tile43\"]"}
COMMAND: POST /session/02a28b6fca6bf180b8c985fd282d7655/element/f.AD43E610194EA814EB045517701BD92D.d.FB4FE0D768A75B0029BF5DE7BDAB7B3B.e.1895/click - {}
RESULT: {}
COMMAND: GET /session/02a28b6fca6bf180b8c985fd282d7655/screenshot - {}
RESULT: {}
COMMAND: POST /session/02a28b6fca6bf180b8c985fd282d7655/elements - {"using":"xpath","value":"//span[text()='Error']"}
RESULT: {"using":"xpath","value":"//span[text()='Error']"}
RESULT: undefined
COMMAND: POST /session/02a28b6fca6bf180b8c985fd282d7655/element - {"using":"xpath","value":"//*[@id=\"__tile43\"]"}
RESULT: {"using":"xpath","value":"//*[@id=\"__tile43\"]"}
COMMAND: POST /session/02a28b6fca6bf180b8c985fd282d7655/element/f.AD43E610194EA814EB045517701BD92D.d.FB4FE0D768A75B0029BF5DE7BDAB7B3B.e.1895/click - {}
RESULT: undefined
COMMAND: POST /session/02a28b6fca6bf180b8c985fd282d7655/element - {"using":"xpath","value":"//*[@id=\"__tile43\"]"}
RESULT: {"using":"xpath","value":"//*[@id=\"__tile43\"]"}
COMMAND: POST /session/02a28b6fca6bf180b8c985fd282d7655/element/f.AD43E610194EA814EB045517701BD92D.d.FB4FE0D768A75B0029BF5DE7BDAB7B3B.e.1895/click - {}
RESULT: undefined
COMMAND: POST /session/02a28b6fca6bf180b8c985fd282d7655/execute/async - {"script":"<script> [6424 bytes]","args":[{"element-6066-11e4-a52e-4f735466cecf":"f.AD43E610194EA814EB045517701BD92D.d.FB4FE0D768A75B0029BF5DE7BDAB7B3B.e.289"},"getTitle",[]]}
COMMAND: POST /session/02a28b6fca6bf180b8c985fd282d7655/execute/async - {"script":"<script> [1562 bytes]","args":[{"selector":{"id":"shellAppTitle"},"wdio_ui5_key":"shellAppTitle"}]}
RESULT: {"script":"<script> [1562 bytes]","args":[{"selector":{"id":"shellAppTitle"},"wdio_ui5_key":"shellAppTitle"}]}
COMMAND: POST /session/02a28b6fca6bf180b8c985fd282d7655/execute/async - {"script":"<script> [6424 bytes]","args":[{"element-6066-11e4-a52e-4f735466cecf":"f.AD43E610194EA814EB045517701BD92D.d.FB4FE0D768A75B0029BF5DE7BDAB7B3B.e.2005"},"getTitle",[]]}
RESULT: {"script":"<script> [6424 bytes]","args":[{"element-6066-11e4-a52e-4f735466cecf":"f.AD43E610194EA814EB045517701BD92D.d.FB4FE0D768A75B0029BF5DE7BDAB7B3B.e.2005"},"getTitle",[]]}
RESULT: undefined
COMMAND: POST /session/02a28b6fca6bf180b8c985fd282d7655/element/f.AD43E610194EA814EB045517701BD92D.d.FB4FE0D768A75B0029BF5DE7BDAB7B3B.e.1687/click - {}
COMMAND: POST /session/02a28b6fca6bf180b8c985fd282d7655/element - {"using":"xpath","value":"//*[@id=\"backBtn\"]"}
RESULT: {"using":"xpath","value":"//*[@id=\"backBtn\"]"}
COMMAND: POST /session/02a28b6fca6bf180b8c985fd282d7655/element/f.AD43E610194EA814EB045517701BD92D.d.FB4FE0D768A75B0029BF5DE7BDAB7B3B.e.1687/click - {}
COMMAND: POST /session/02a28b6fca6bf180b8c985fd282d7655/element - {"using":"xpath","value":"//*[@id=\"backBtn\"]"}
RESULT: {"using":"xpath","value":"//*[@id=\"backBtn\"]"}
COMMAND: POST /session/02a28b6fca6bf180b8c985fd282d7655/element/f.AD43E610194EA814EB045517701BD92D.d.FB4FE0D768A75B0029BF5DE7BDAB7B3B.e.2006/click - {}
RESULT: {}
COMMAND: GET /session/02a28b6fca6bf180b8c985fd282d7655/screenshot - {}
RESULT: {}
]]></system-out>
    </testcase>
    <testcase classname="chrome.136_0_7103_49.windows.Sanity_Tests_US104253" name="Should open Manage Calendar Exceptions page" time="36.811">
      <system-out><![CDATA[
COMMAND: POST /session/02a28b6fca6bf180b8c985fd282d7655/execute/async - {"script":"<script> [1562 bytes]","args":[{"selector":{"controlType":"sap.m.GenericTile","properties":{"header":"Manage Calendar Exceptions"}},"wdio_ui5_key":"sapm.GenericTile{\"header\":\"Manage Calendar Exceptions\"}"}]}
RESULT: {"script":"<script> [1562 bytes]","args":[{"selector":{"controlType":"sap.m.GenericTile","properties":{"header":"Manage Calendar Exceptions"}},"wdio_ui5_key":"sapm.GenericTile{\"header\":\"Manage Calendar Exceptions\"}"}]}
RESULT: undefined
COMMAND: POST /session/02a28b6fca6bf180b8c985fd282d7655/element - {"using":"xpath","value":"//*[@id=\"__tile52\"]"}
RESULT: {"using":"xpath","value":"//*[@id=\"__tile52\"]"}
COMMAND: POST /session/02a28b6fca6bf180b8c985fd282d7655/element/f.AD43E610194EA814EB045517701BD92D.d.FB4FE0D768A75B0029BF5DE7BDAB7B3B.e.2008/click - {}
RESULT: {}
COMMAND: GET /session/02a28b6fca6bf180b8c985fd282d7655/screenshot - {}
RESULT: {}
COMMAND: POST /session/02a28b6fca6bf180b8c985fd282d7655/elements - {"using":"xpath","value":"//span[text()='Error']"}
RESULT: {"using":"xpath","value":"//span[text()='Error']"}
RESULT: undefined
COMMAND: POST /session/02a28b6fca6bf180b8c985fd282d7655/element - {"using":"xpath","value":"//*[@id=\"__tile52\"]"}
RESULT: {"using":"xpath","value":"//*[@id=\"__tile52\"]"}
COMMAND: POST /session/02a28b6fca6bf180b8c985fd282d7655/element/f.AD43E610194EA814EB045517701BD92D.d.FB4FE0D768A75B0029BF5DE7BDAB7B3B.e.2008/click - {}
RESULT: undefined
COMMAND: POST /session/02a28b6fca6bf180b8c985fd282d7655/element - {"using":"xpath","value":"//*[@id=\"__tile52\"]"}
RESULT: {"using":"xpath","value":"//*[@id=\"__tile52\"]"}
COMMAND: POST /session/02a28b6fca6bf180b8c985fd282d7655/element/f.AD43E610194EA814EB045517701BD92D.d.FB4FE0D768A75B0029BF5DE7BDAB7B3B.e.2008/click - {}
RESULT: undefined
COMMAND: POST /session/02a28b6fca6bf180b8c985fd282d7655/execute/async - {"script":"<script> [6424 bytes]","args":[{"element-6066-11e4-a52e-4f735466cecf":"f.AD43E610194EA814EB045517701BD92D.d.FB4FE0D768A75B0029BF5DE7BDAB7B3B.e.289"},"getTitle",[]]}
COMMAND: POST /session/02a28b6fca6bf180b8c985fd282d7655/execute/async - {"script":"<script> [1562 bytes]","args":[{"selector":{"id":"shellAppTitle"},"wdio_ui5_key":"shellAppTitle"}]}
RESULT: {"script":"<script> [1562 bytes]","args":[{"selector":{"id":"shellAppTitle"},"wdio_ui5_key":"shellAppTitle"}]}
COMMAND: POST /session/02a28b6fca6bf180b8c985fd282d7655/execute/async - {"script":"<script> [6424 bytes]","args":[{"element-6066-11e4-a52e-4f735466cecf":"f.AD43E610194EA814EB045517701BD92D.d.FB4FE0D768A75B0029BF5DE7BDAB7B3B.e.2073"},"getTitle",[]]}
RESULT: {"script":"<script> [6424 bytes]","args":[{"element-6066-11e4-a52e-4f735466cecf":"f.AD43E610194EA814EB045517701BD92D.d.FB4FE0D768A75B0029BF5DE7BDAB7B3B.e.2073"},"getTitle",[]]}
RESULT: undefined
COMMAND: POST /session/02a28b6fca6bf180b8c985fd282d7655/element/f.AD43E610194EA814EB045517701BD92D.d.FB4FE0D768A75B0029BF5DE7BDAB7B3B.e.2006/click - {}
RESULT: {}
COMMAND: GET /session/02a28b6fca6bf180b8c985fd282d7655/screenshot - {}
RESULT: {}
]]></system-out>
    </testcase>
    <testcase classname="chrome.136_0_7103_49.windows.Sanity_Tests_US104253" name="Should open Manage States Performance page" time="37.149">
      <system-out><![CDATA[
COMMAND: POST /session/02a28b6fca6bf180b8c985fd282d7655/execute/async - {"script":"<script> [1562 bytes]","args":[{"selector":{"controlType":"sap.m.GenericTile","properties":{"header":"Manage States & Performance"}},"wdio_ui5_key":"sapm.GenericTile{\"header\":\"Manage States & Performance\"}"}]}
RESULT: {"script":"<script> [1562 bytes]","args":[{"selector":{"controlType":"sap.m.GenericTile","properties":{"header":"Manage States & Performance"}},"wdio_ui5_key":"sapm.GenericTile{\"header\":\"Manage States & Performance\"}"}]}
RESULT: undefined
COMMAND: POST /session/02a28b6fca6bf180b8c985fd282d7655/element - {"using":"xpath","value":"//*[@id=\"__tile56\"]"}
RESULT: {"using":"xpath","value":"//*[@id=\"__tile56\"]"}
COMMAND: POST /session/02a28b6fca6bf180b8c985fd282d7655/element/f.AD43E610194EA814EB045517701BD92D.d.FB4FE0D768A75B0029BF5DE7BDAB7B3B.e.2077/click - {}
RESULT: {}
COMMAND: GET /session/02a28b6fca6bf180b8c985fd282d7655/screenshot - {}
RESULT: {}
COMMAND: POST /session/02a28b6fca6bf180b8c985fd282d7655/elements - {"using":"xpath","value":"//span[text()='Error']"}
RESULT: {"using":"xpath","value":"//span[text()='Error']"}
RESULT: undefined
COMMAND: POST /session/02a28b6fca6bf180b8c985fd282d7655/element - {"using":"xpath","value":"//*[@id=\"__tile56\"]"}
RESULT: {"using":"xpath","value":"//*[@id=\"__tile56\"]"}
COMMAND: POST /session/02a28b6fca6bf180b8c985fd282d7655/element/f.AD43E610194EA814EB045517701BD92D.d.FB4FE0D768A75B0029BF5DE7BDAB7B3B.e.2077/click - {}
RESULT: undefined
COMMAND: POST /session/02a28b6fca6bf180b8c985fd282d7655/element - {"using":"xpath","value":"//*[@id=\"__tile56\"]"}
RESULT: {"using":"xpath","value":"//*[@id=\"__tile56\"]"}
COMMAND: POST /session/02a28b6fca6bf180b8c985fd282d7655/element/f.AD43E610194EA814EB045517701BD92D.d.FB4FE0D768A75B0029BF5DE7BDAB7B3B.e.2077/click - {}
RESULT: undefined
COMMAND: POST /session/02a28b6fca6bf180b8c985fd282d7655/execute/async - {"script":"<script> [6424 bytes]","args":[{"element-6066-11e4-a52e-4f735466cecf":"f.AD43E610194EA814EB045517701BD92D.d.FB4FE0D768A75B0029BF5DE7BDAB7B3B.e.289"},"getTitle",[]]}
COMMAND: POST /session/02a28b6fca6bf180b8c985fd282d7655/execute/async - {"script":"<script> [1562 bytes]","args":[{"selector":{"id":"shellAppTitle"},"wdio_ui5_key":"shellAppTitle"}]}
RESULT: {"script":"<script> [1562 bytes]","args":[{"selector":{"id":"shellAppTitle"},"wdio_ui5_key":"shellAppTitle"}]}
COMMAND: POST /session/02a28b6fca6bf180b8c985fd282d7655/execute/async - {"script":"<script> [6424 bytes]","args":[{"element-6066-11e4-a52e-4f735466cecf":"f.AD43E610194EA814EB045517701BD92D.d.FB4FE0D768A75B0029BF5DE7BDAB7B3B.e.2168"},"getTitle",[]]}
RESULT: {"script":"<script> [6424 bytes]","args":[{"element-6066-11e4-a52e-4f735466cecf":"f.AD43E610194EA814EB045517701BD92D.d.FB4FE0D768A75B0029BF5DE7BDAB7B3B.e.2168"},"getTitle",[]]}
RESULT: undefined
COMMAND: POST /session/02a28b6fca6bf180b8c985fd282d7655/element/f.AD43E610194EA814EB045517701BD92D.d.FB4FE0D768A75B0029BF5DE7BDAB7B3B.e.2006/click - {}
COMMAND: POST /session/02a28b6fca6bf180b8c985fd282d7655/element - {"using":"xpath","value":"//*[@id=\"backBtn\"]"}
RESULT: {"using":"xpath","value":"//*[@id=\"backBtn\"]"}
COMMAND: POST /session/02a28b6fca6bf180b8c985fd282d7655/element/f.AD43E610194EA814EB045517701BD92D.d.FB4FE0D768A75B0029BF5DE7BDAB7B3B.e.2006/click - {}
COMMAND: POST /session/02a28b6fca6bf180b8c985fd282d7655/element - {"using":"xpath","value":"//*[@id=\"backBtn\"]"}
RESULT: {"using":"xpath","value":"//*[@id=\"backBtn\"]"}
COMMAND: POST /session/02a28b6fca6bf180b8c985fd282d7655/element/f.AD43E610194EA814EB045517701BD92D.d.FB4FE0D768A75B0029BF5DE7BDAB7B3B.e.2169/click - {}
RESULT: {}
COMMAND: GET /session/02a28b6fca6bf180b8c985fd282d7655/screenshot - {}
RESULT: {}
]]></system-out>
    </testcase>
    <testcase classname="chrome.136_0_7103_49.windows.Sanity_Tests_US104253" name="Should open Manage Billings page" time="38.889">
      <system-out><![CDATA[
COMMAND: POST /session/02a28b6fca6bf180b8c985fd282d7655/execute/async - {"script":"<script> [1562 bytes]","args":[{"selector":{"controlType":"sap.m.GenericTile","properties":{"header":"Manage Billings"}},"wdio_ui5_key":"sapm.GenericTile{\"header\":\"Manage Billings\"}"}]}
RESULT: {"script":"<script> [1562 bytes]","args":[{"selector":{"controlType":"sap.m.GenericTile","properties":{"header":"Manage Billings"}},"wdio_ui5_key":"sapm.GenericTile{\"header\":\"Manage Billings\"}"}]}
RESULT: undefined
COMMAND: POST /session/02a28b6fca6bf180b8c985fd282d7655/element - {"using":"xpath","value":"//*[@id=\"__tile51\"]"}
RESULT: {"using":"xpath","value":"//*[@id=\"__tile51\"]"}
COMMAND: POST /session/02a28b6fca6bf180b8c985fd282d7655/element/f.AD43E610194EA814EB045517701BD92D.d.FB4FE0D768A75B0029BF5DE7BDAB7B3B.e.2171/click - {}
RESULT: {}
COMMAND: GET /session/02a28b6fca6bf180b8c985fd282d7655/screenshot - {}
RESULT: {}
COMMAND: POST /session/02a28b6fca6bf180b8c985fd282d7655/elements - {"using":"xpath","value":"//span[text()='Error']"}
RESULT: {"using":"xpath","value":"//span[text()='Error']"}
RESULT: undefined
COMMAND: POST /session/02a28b6fca6bf180b8c985fd282d7655/element - {"using":"xpath","value":"//*[@id=\"__tile51\"]"}
RESULT: {"using":"xpath","value":"//*[@id=\"__tile51\"]"}
COMMAND: POST /session/02a28b6fca6bf180b8c985fd282d7655/element/f.AD43E610194EA814EB045517701BD92D.d.FB4FE0D768A75B0029BF5DE7BDAB7B3B.e.2171/click - {}
RESULT: undefined
COMMAND: POST /session/02a28b6fca6bf180b8c985fd282d7655/element - {"using":"xpath","value":"//*[@id=\"__tile51\"]"}
RESULT: {"using":"xpath","value":"//*[@id=\"__tile51\"]"}
COMMAND: POST /session/02a28b6fca6bf180b8c985fd282d7655/element/f.AD43E610194EA814EB045517701BD92D.d.FB4FE0D768A75B0029BF5DE7BDAB7B3B.e.2171/click - {}
RESULT: undefined
COMMAND: POST /session/02a28b6fca6bf180b8c985fd282d7655/execute/async - {"script":"<script> [6424 bytes]","args":[{"element-6066-11e4-a52e-4f735466cecf":"f.AD43E610194EA814EB045517701BD92D.d.FB4FE0D768A75B0029BF5DE7BDAB7B3B.e.289"},"getTitle",[]]}
COMMAND: POST /session/02a28b6fca6bf180b8c985fd282d7655/execute/async - {"script":"<script> [1562 bytes]","args":[{"selector":{"id":"shellAppTitle"},"wdio_ui5_key":"shellAppTitle"}]}
RESULT: {"script":"<script> [1562 bytes]","args":[{"selector":{"id":"shellAppTitle"},"wdio_ui5_key":"shellAppTitle"}]}
COMMAND: POST /session/02a28b6fca6bf180b8c985fd282d7655/execute/async - {"script":"<script> [6424 bytes]","args":[{"element-6066-11e4-a52e-4f735466cecf":"f.AD43E610194EA814EB045517701BD92D.d.FB4FE0D768A75B0029BF5DE7BDAB7B3B.e.2312"},"getTitle",[]]}
RESULT: {"script":"<script> [6424 bytes]","args":[{"element-6066-11e4-a52e-4f735466cecf":"f.AD43E610194EA814EB045517701BD92D.d.FB4FE0D768A75B0029BF5DE7BDAB7B3B.e.2312"},"getTitle",[]]}
RESULT: undefined
COMMAND: POST /session/02a28b6fca6bf180b8c985fd282d7655/element/f.AD43E610194EA814EB045517701BD92D.d.FB4FE0D768A75B0029BF5DE7BDAB7B3B.e.2169/click - {}
COMMAND: POST /session/02a28b6fca6bf180b8c985fd282d7655/element/f.AD43E610194EA814EB045517701BD92D.d.FB4FE0D768A75B0029BF5DE7BDAB7B3B.e.2169/click - {}
RESULT: {}
COMMAND: GET /session/02a28b6fca6bf180b8c985fd282d7655/screenshot - {}
COMMAND: POST /session/02a28b6fca6bf180b8c985fd282d7655/element - {"using":"xpath","value":"//*[@id=\"backBtn\"]"}
RESULT: {}
RESULT: {"using":"xpath","value":"//*[@id=\"backBtn\"]"}
COMMAND: POST /session/02a28b6fca6bf180b8c985fd282d7655/elements - {"using":"xpath","value":"//*[@id=\"backBtn\"]"}
RESULT: {"using":"xpath","value":"//*[@id=\"backBtn\"]"}
COMMAND: POST /session/02a28b6fca6bf180b8c985fd282d7655/elements - {"using":"xpath","value":"//*[@id=\"backBtn\"]"}
RESULT: {"using":"xpath","value":"//*[@id=\"backBtn\"]"}
COMMAND: POST /session/02a28b6fca6bf180b8c985fd282d7655/elements - {"using":"xpath","value":"//*[@id=\"backBtn\"]"}
RESULT: {"using":"xpath","value":"//*[@id=\"backBtn\"]"}
COMMAND: POST /session/02a28b6fca6bf180b8c985fd282d7655/elements - {"using":"xpath","value":"//*[@id=\"backBtn\"]"}
RESULT: {"using":"xpath","value":"//*[@id=\"backBtn\"]"}
COMMAND: POST /session/02a28b6fca6bf180b8c985fd282d7655/elements - {"using":"xpath","value":"//*[@id=\"backBtn\"]"}
RESULT: {"using":"xpath","value":"//*[@id=\"backBtn\"]"}
COMMAND: POST /session/02a28b6fca6bf180b8c985fd282d7655/elements - {"using":"xpath","value":"//*[@id=\"backBtn\"]"}
RESULT: {"using":"xpath","value":"//*[@id=\"backBtn\"]"}
COMMAND: POST /session/02a28b6fca6bf180b8c985fd282d7655/elements - {"using":"xpath","value":"//*[@id=\"backBtn\"]"}
RESULT: {"using":"xpath","value":"//*[@id=\"backBtn\"]"}
COMMAND: POST /session/02a28b6fca6bf180b8c985fd282d7655/elements - {"using":"xpath","value":"//*[@id=\"backBtn\"]"}
RESULT: {"using":"xpath","value":"//*[@id=\"backBtn\"]"}
COMMAND: POST /session/02a28b6fca6bf180b8c985fd282d7655/elements - {"using":"xpath","value":"//*[@id=\"backBtn\"]"}
RESULT: {"using":"xpath","value":"//*[@id=\"backBtn\"]"}
COMMAND: POST /session/02a28b6fca6bf180b8c985fd282d7655/elements - {"using":"xpath","value":"//*[@id=\"backBtn\"]"}
RESULT: {"using":"xpath","value":"//*[@id=\"backBtn\"]"}
COMMAND: POST /session/02a28b6fca6bf180b8c985fd282d7655/elements - {"using":"xpath","value":"//*[@id=\"backBtn\"]"}
RESULT: {"using":"xpath","value":"//*[@id=\"backBtn\"]"}
COMMAND: POST /session/02a28b6fca6bf180b8c985fd282d7655/elements - {"using":"xpath","value":"//*[@id=\"backBtn\"]"}
RESULT: {"using":"xpath","value":"//*[@id=\"backBtn\"]"}
COMMAND: POST /session/02a28b6fca6bf180b8c985fd282d7655/elements - {"using":"xpath","value":"//*[@id=\"backBtn\"]"}
RESULT: {"using":"xpath","value":"//*[@id=\"backBtn\"]"}
COMMAND: POST /session/02a28b6fca6bf180b8c985fd282d7655/elements - {"using":"xpath","value":"//*[@id=\"backBtn\"]"}
RESULT: {"using":"xpath","value":"//*[@id=\"backBtn\"]"}
COMMAND: POST /session/02a28b6fca6bf180b8c985fd282d7655/elements - {"using":"xpath","value":"//*[@id=\"backBtn\"]"}
RESULT: {"using":"xpath","value":"//*[@id=\"backBtn\"]"}
COMMAND: POST /session/02a28b6fca6bf180b8c985fd282d7655/elements - {"using":"xpath","value":"//*[@id=\"backBtn\"]"}
RESULT: {"using":"xpath","value":"//*[@id=\"backBtn\"]"}
COMMAND: POST /session/02a28b6fca6bf180b8c985fd282d7655/elements - {"using":"xpath","value":"//*[@id=\"backBtn\"]"}
RESULT: {"using":"xpath","value":"//*[@id=\"backBtn\"]"}
]]></system-out>
    </testcase>
    <testcase classname="chrome.136_0_7103_49.windows.Sanity_Tests_US104253" name="Should open Manage Conditions Prices page" time="47.181">
      <system-out><![CDATA[
COMMAND: POST /session/02a28b6fca6bf180b8c985fd282d7655/execute/async - {"script":"<script> [1562 bytes]","args":[{"selector":{"controlType":"sap.m.GenericTile","properties":{"header":"Manage Conditions & Prices"}},"wdio_ui5_key":"sapm.GenericTile{\"header\":\"Manage Conditions & Prices\"}"}]}
COMMAND: POST /session/02a28b6fca6bf180b8c985fd282d7655/elements - {"using":"xpath","value":"//*[@id=\"backBtn\"]"}
RESULT: {"script":"<script> [1562 bytes]","args":[{"selector":{"controlType":"sap.m.GenericTile","properties":{"header":"Manage Conditions & Prices"}},"wdio_ui5_key":"sapm.GenericTile{\"header\":\"Manage Conditions & Prices\"}"}]}
RESULT: undefined
COMMAND: POST /session/02a28b6fca6bf180b8c985fd282d7655/element - {"using":"xpath","value":"//*[@id=\"__tile53\"]"}
RESULT: {"using":"xpath","value":"//*[@id=\"backBtn\"]"}
RESULT: {"using":"xpath","value":"//*[@id=\"__tile53\"]"}
COMMAND: POST /session/02a28b6fca6bf180b8c985fd282d7655/element/f.AD43E610194EA814EB045517701BD92D.d.FB4FE0D768A75B0029BF5DE7BDAB7B3B.e.2314/click - {}
COMMAND: POST /session/02a28b6fca6bf180b8c985fd282d7655/elements - {"using":"xpath","value":"//*[@id=\"backBtn\"]"}
RESULT: {}
COMMAND: GET /session/02a28b6fca6bf180b8c985fd282d7655/screenshot - {}
RESULT: {"using":"xpath","value":"//*[@id=\"backBtn\"]"}
RESULT: {}
COMMAND: POST /session/02a28b6fca6bf180b8c985fd282d7655/elements - {"using":"xpath","value":"//*[@id=\"backBtn\"]"}
RESULT: {"using":"xpath","value":"//*[@id=\"backBtn\"]"}
COMMAND: POST /session/02a28b6fca6bf180b8c985fd282d7655/elements - {"using":"xpath","value":"//*[@id=\"backBtn\"]"}
RESULT: {"using":"xpath","value":"//*[@id=\"backBtn\"]"}
COMMAND: POST /session/02a28b6fca6bf180b8c985fd282d7655/elements - {"using":"xpath","value":"//*[@id=\"backBtn\"]"}
RESULT: {"using":"xpath","value":"//*[@id=\"backBtn\"]"}
COMMAND: POST /session/02a28b6fca6bf180b8c985fd282d7655/element - {"using":"xpath","value":"//*[@id=\"backBtn\"]"}
RESULT: {"using":"xpath","value":"//*[@id=\"backBtn\"]"}
COMMAND: POST /session/02a28b6fca6bf180b8c985fd282d7655/element/f.AD43E610194EA814EB045517701BD92D.d.FB4FE0D768A75B0029BF5DE7BDAB7B3B.e.2169/click - {}
COMMAND: POST /session/02a28b6fca6bf180b8c985fd282d7655/element - {"using":"xpath","value":"//*[@id=\"backBtn\"]"}
RESULT: {"using":"xpath","value":"//*[@id=\"backBtn\"]"}
COMMAND: POST /session/02a28b6fca6bf180b8c985fd282d7655/element/f.AD43E610194EA814EB045517701BD92D.d.FB4FE0D768A75B0029BF5DE7BDAB7B3B.e.2318/click - {}
COMMAND: POST /session/02a28b6fca6bf180b8c985fd282d7655/elements - {"using":"xpath","value":"//span[text()='Error']"}
RESULT: {}
COMMAND: GET /session/02a28b6fca6bf180b8c985fd282d7655/screenshot - {}
RESULT: {"using":"xpath","value":"//span[text()='Error']"}
RESULT: {}
RESULT: undefined
COMMAND: POST /session/02a28b6fca6bf180b8c985fd282d7655/element - {"using":"xpath","value":"//*[@id=\"__tile53\"]"}
RESULT: {"using":"xpath","value":"//*[@id=\"__tile53\"]"}
COMMAND: POST /session/02a28b6fca6bf180b8c985fd282d7655/element/f.AD43E610194EA814EB045517701BD92D.d.FB4FE0D768A75B0029BF5DE7BDAB7B3B.e.2314/click - {}
RESULT: {}
RESULT: undefined
COMMAND: POST /session/02a28b6fca6bf180b8c985fd282d7655/element - {"using":"xpath","value":"//*[@id=\"__tile53\"]"}
COMMAND: GET /session/02a28b6fca6bf180b8c985fd282d7655/screenshot - {}
RESULT: {"using":"xpath","value":"//*[@id=\"__tile53\"]"}
COMMAND: POST /session/02a28b6fca6bf180b8c985fd282d7655/element/f.AD43E610194EA814EB045517701BD92D.d.FB4FE0D768A75B0029BF5DE7BDAB7B3B.e.2314/click - {}
RESULT: {}
RESULT: undefined
COMMAND: POST /session/02a28b6fca6bf180b8c985fd282d7655/execute/async - {"script":"<script> [6424 bytes]","args":[{"element-6066-11e4-a52e-4f735466cecf":"f.AD43E610194EA814EB045517701BD92D.d.FB4FE0D768A75B0029BF5DE7BDAB7B3B.e.289"},"getTitle",[]]}
COMMAND: POST /session/02a28b6fca6bf180b8c985fd282d7655/execute/async - {"script":"<script> [1562 bytes]","args":[{"selector":{"id":"shellAppTitle"},"wdio_ui5_key":"shellAppTitle"}]}
RESULT: {"script":"<script> [1562 bytes]","args":[{"selector":{"id":"shellAppTitle"},"wdio_ui5_key":"shellAppTitle"}]}
COMMAND: POST /session/02a28b6fca6bf180b8c985fd282d7655/execute/async - {"script":"<script> [6424 bytes]","args":[{"element-6066-11e4-a52e-4f735466cecf":"f.AD43E610194EA814EB045517701BD92D.d.FB4FE0D768A75B0029BF5DE7BDAB7B3B.e.2469"},"getTitle",[]]}
RESULT: {"script":"<script> [6424 bytes]","args":[{"element-6066-11e4-a52e-4f735466cecf":"f.AD43E610194EA814EB045517701BD92D.d.FB4FE0D768A75B0029BF5DE7BDAB7B3B.e.2469"},"getTitle",[]]}
RESULT: undefined
COMMAND: POST /session/02a28b6fca6bf180b8c985fd282d7655/element/f.AD43E610194EA814EB045517701BD92D.d.FB4FE0D768A75B0029BF5DE7BDAB7B3B.e.2318/click - {}
RESULT: {}
COMMAND: GET /session/02a28b6fca6bf180b8c985fd282d7655/screenshot - {}
RESULT: {}
]]></system-out>
    </testcase>
    <testcase classname="chrome.136_0_7103_49.windows.Sanity_Tests_US104253" name="Should open Billing Transfer page" time="43.694">
      <system-out><![CDATA[
COMMAND: POST /session/02a28b6fca6bf180b8c985fd282d7655/execute/async - {"script":"<script> [1562 bytes]","args":[{"selector":{"controlType":"sap.m.GenericTile","properties":{"header":"Billing Transfer"}},"wdio_ui5_key":"sapm.GenericTile{\"header\":\"Billing Transfer\"}"}]}
RESULT: {"script":"<script> [1562 bytes]","args":[{"selector":{"controlType":"sap.m.GenericTile","properties":{"header":"Billing Transfer"}},"wdio_ui5_key":"sapm.GenericTile{\"header\":\"Billing Transfer\"}"}]}
RESULT: undefined
COMMAND: POST /session/02a28b6fca6bf180b8c985fd282d7655/element - {"using":"xpath","value":"//*[@id=\"__tile50\"]"}
RESULT: {"using":"xpath","value":"//*[@id=\"__tile50\"]"}
COMMAND: POST /session/02a28b6fca6bf180b8c985fd282d7655/element/f.AD43E610194EA814EB045517701BD92D.d.FB4FE0D768A75B0029BF5DE7BDAB7B3B.e.2471/click - {}
RESULT: {}
COMMAND: GET /session/02a28b6fca6bf180b8c985fd282d7655/screenshot - {}
RESULT: {}
COMMAND: POST /session/02a28b6fca6bf180b8c985fd282d7655/elements - {"using":"xpath","value":"//span[text()='Error']"}
RESULT: {"using":"xpath","value":"//span[text()='Error']"}
RESULT: undefined
COMMAND: POST /session/02a28b6fca6bf180b8c985fd282d7655/element - {"using":"xpath","value":"//*[@id=\"__tile50\"]"}
RESULT: {"using":"xpath","value":"//*[@id=\"__tile50\"]"}
COMMAND: POST /session/02a28b6fca6bf180b8c985fd282d7655/element/f.AD43E610194EA814EB045517701BD92D.d.FB4FE0D768A75B0029BF5DE7BDAB7B3B.e.2471/click - {}
RESULT: undefined
COMMAND: POST /session/02a28b6fca6bf180b8c985fd282d7655/element - {"using":"xpath","value":"//*[@id=\"__tile50\"]"}
RESULT: {"using":"xpath","value":"//*[@id=\"__tile50\"]"}
COMMAND: POST /session/02a28b6fca6bf180b8c985fd282d7655/element/f.AD43E610194EA814EB045517701BD92D.d.FB4FE0D768A75B0029BF5DE7BDAB7B3B.e.2471/click - {}
RESULT: undefined
COMMAND: POST /session/02a28b6fca6bf180b8c985fd282d7655/execute/async - {"script":"<script> [6424 bytes]","args":[{"element-6066-11e4-a52e-4f735466cecf":"f.AD43E610194EA814EB045517701BD92D.d.FB4FE0D768A75B0029BF5DE7BDAB7B3B.e.289"},"getTitle",[]]}
COMMAND: POST /session/02a28b6fca6bf180b8c985fd282d7655/execute/async - {"script":"<script> [1562 bytes]","args":[{"selector":{"id":"shellAppTitle"},"wdio_ui5_key":"shellAppTitle"}]}
RESULT: {"script":"<script> [1562 bytes]","args":[{"selector":{"id":"shellAppTitle"},"wdio_ui5_key":"shellAppTitle"}]}
COMMAND: POST /session/02a28b6fca6bf180b8c985fd282d7655/execute/async - {"script":"<script> [6424 bytes]","args":[{"element-6066-11e4-a52e-4f735466cecf":"f.AD43E610194EA814EB045517701BD92D.d.FB4FE0D768A75B0029BF5DE7BDAB7B3B.e.2555"},"getTitle",[]]}
RESULT: {"script":"<script> [6424 bytes]","args":[{"element-6066-11e4-a52e-4f735466cecf":"f.AD43E610194EA814EB045517701BD92D.d.FB4FE0D768A75B0029BF5DE7BDAB7B3B.e.2555"},"getTitle",[]]}
RESULT: undefined
COMMAND: POST /session/02a28b6fca6bf180b8c985fd282d7655/element/f.AD43E610194EA814EB045517701BD92D.d.FB4FE0D768A75B0029BF5DE7BDAB7B3B.e.2318/click - {}
COMMAND: POST /session/02a28b6fca6bf180b8c985fd282d7655/element - {"using":"xpath","value":"//*[@id=\"backBtn\"]"}
RESULT: {"using":"xpath","value":"//*[@id=\"backBtn\"]"}
COMMAND: POST /session/02a28b6fca6bf180b8c985fd282d7655/element/f.AD43E610194EA814EB045517701BD92D.d.FB4FE0D768A75B0029BF5DE7BDAB7B3B.e.2318/click - {}
COMMAND: POST /session/02a28b6fca6bf180b8c985fd282d7655/element - {"using":"xpath","value":"//*[@id=\"backBtn\"]"}
RESULT: {"using":"xpath","value":"//*[@id=\"backBtn\"]"}
COMMAND: POST /session/02a28b6fca6bf180b8c985fd282d7655/element/f.AD43E610194EA814EB045517701BD92D.d.FB4FE0D768A75B0029BF5DE7BDAB7B3B.e.2556/click - {}
RESULT: {}
COMMAND: GET /session/02a28b6fca6bf180b8c985fd282d7655/screenshot - {}
RESULT: {}
]]></system-out>
    </testcase>
    <testcase classname="chrome.136_0_7103_49.windows.Sanity_Tests_US104253" name="Should open Manage Pricing Rules page" time="36.905">
      <system-out><![CDATA[
COMMAND: POST /session/02a28b6fca6bf180b8c985fd282d7655/execute/async - {"script":"<script> [1562 bytes]","args":[{"selector":{"controlType":"sap.m.GenericTile","properties":{"header":"Manage Pricing Rules"}},"wdio_ui5_key":"sapm.GenericTile{\"header\":\"Manage Pricing Rules\"}"}]}
RESULT: {"script":"<script> [1562 bytes]","args":[{"selector":{"controlType":"sap.m.GenericTile","properties":{"header":"Manage Pricing Rules"}},"wdio_ui5_key":"sapm.GenericTile{\"header\":\"Manage Pricing Rules\"}"}]}
RESULT: undefined
COMMAND: POST /session/02a28b6fca6bf180b8c985fd282d7655/element - {"using":"xpath","value":"//*[@id=\"__tile55\"]"}
RESULT: {"using":"xpath","value":"//*[@id=\"__tile55\"]"}
COMMAND: POST /session/02a28b6fca6bf180b8c985fd282d7655/element/f.AD43E610194EA814EB045517701BD92D.d.FB4FE0D768A75B0029BF5DE7BDAB7B3B.e.2558/click - {}
RESULT: {}
COMMAND: GET /session/02a28b6fca6bf180b8c985fd282d7655/screenshot - {}
RESULT: {}
COMMAND: POST /session/02a28b6fca6bf180b8c985fd282d7655/elements - {"using":"xpath","value":"//span[text()='Error']"}
RESULT: {"using":"xpath","value":"//span[text()='Error']"}
RESULT: undefined
COMMAND: POST /session/02a28b6fca6bf180b8c985fd282d7655/element - {"using":"xpath","value":"//*[@id=\"__tile55\"]"}
RESULT: {"using":"xpath","value":"//*[@id=\"__tile55\"]"}
COMMAND: POST /session/02a28b6fca6bf180b8c985fd282d7655/element/f.AD43E610194EA814EB045517701BD92D.d.FB4FE0D768A75B0029BF5DE7BDAB7B3B.e.2558/click - {}
RESULT: undefined
COMMAND: POST /session/02a28b6fca6bf180b8c985fd282d7655/element - {"using":"xpath","value":"//*[@id=\"__tile55\"]"}
RESULT: {"using":"xpath","value":"//*[@id=\"__tile55\"]"}
COMMAND: POST /session/02a28b6fca6bf180b8c985fd282d7655/element/f.AD43E610194EA814EB045517701BD92D.d.FB4FE0D768A75B0029BF5DE7BDAB7B3B.e.2558/click - {}
RESULT: undefined
COMMAND: POST /session/02a28b6fca6bf180b8c985fd282d7655/execute/async - {"script":"<script> [6424 bytes]","args":[{"element-6066-11e4-a52e-4f735466cecf":"f.AD43E610194EA814EB045517701BD92D.d.FB4FE0D768A75B0029BF5DE7BDAB7B3B.e.289"},"getTitle",[]]}
COMMAND: POST /session/02a28b6fca6bf180b8c985fd282d7655/execute/async - {"script":"<script> [1562 bytes]","args":[{"selector":{"id":"shellAppTitle"},"wdio_ui5_key":"shellAppTitle"}]}
RESULT: {"script":"<script> [1562 bytes]","args":[{"selector":{"id":"shellAppTitle"},"wdio_ui5_key":"shellAppTitle"}]}
COMMAND: POST /session/02a28b6fca6bf180b8c985fd282d7655/execute/async - {"script":"<script> [6424 bytes]","args":[{"element-6066-11e4-a52e-4f735466cecf":"f.AD43E610194EA814EB045517701BD92D.d.FB4FE0D768A75B0029BF5DE7BDAB7B3B.e.2606"},"getTitle",[]]}
RESULT: {"script":"<script> [6424 bytes]","args":[{"element-6066-11e4-a52e-4f735466cecf":"f.AD43E610194EA814EB045517701BD92D.d.FB4FE0D768A75B0029BF5DE7BDAB7B3B.e.2606"},"getTitle",[]]}
RESULT: undefined
COMMAND: POST /session/02a28b6fca6bf180b8c985fd282d7655/element/f.AD43E610194EA814EB045517701BD92D.d.FB4FE0D768A75B0029BF5DE7BDAB7B3B.e.2556/click - {}
RESULT: {}
COMMAND: GET /session/02a28b6fca6bf180b8c985fd282d7655/screenshot - {}
RESULT: {}
]]></system-out>
    </testcase>
    <testcase classname="chrome.136_0_7103_49.windows.Sanity_Tests_US104253" name="Should open Manage Price Determination Matrices page" time="36.468">
      <system-out><![CDATA[
COMMAND: POST /session/02a28b6fca6bf180b8c985fd282d7655/execute/async - {"script":"<script> [1562 bytes]","args":[{"selector":{"controlType":"sap.m.GenericTile","properties":{"header":"Manage Price Determination Matrices"}},"wdio_ui5_key":"sapm.GenericTile{\"header\":\"Manage Price Determination Matrices\"}"}]}
RESULT: {"script":"<script> [1562 bytes]","args":[{"selector":{"controlType":"sap.m.GenericTile","properties":{"header":"Manage Price Determination Matrices"}},"wdio_ui5_key":"sapm.GenericTile{\"header\":\"Manage Price Determination Matrices\"}"}]}
RESULT: undefined
COMMAND: POST /session/02a28b6fca6bf180b8c985fd282d7655/element - {"using":"xpath","value":"//*[@id=\"__tile54\"]"}
RESULT: {"using":"xpath","value":"//*[@id=\"__tile54\"]"}
COMMAND: POST /session/02a28b6fca6bf180b8c985fd282d7655/element/f.AD43E610194EA814EB045517701BD92D.d.FB4FE0D768A75B0029BF5DE7BDAB7B3B.e.2608/click - {}
RESULT: {}
COMMAND: GET /session/02a28b6fca6bf180b8c985fd282d7655/screenshot - {}
RESULT: {}
COMMAND: POST /session/02a28b6fca6bf180b8c985fd282d7655/elements - {"using":"xpath","value":"//span[text()='Error']"}
RESULT: {"using":"xpath","value":"//span[text()='Error']"}
RESULT: undefined
COMMAND: POST /session/02a28b6fca6bf180b8c985fd282d7655/element - {"using":"xpath","value":"//*[@id=\"__tile54\"]"}
RESULT: {"using":"xpath","value":"//*[@id=\"__tile54\"]"}
COMMAND: POST /session/02a28b6fca6bf180b8c985fd282d7655/element/f.AD43E610194EA814EB045517701BD92D.d.FB4FE0D768A75B0029BF5DE7BDAB7B3B.e.2608/click - {}
RESULT: undefined
COMMAND: POST /session/02a28b6fca6bf180b8c985fd282d7655/element - {"using":"xpath","value":"//*[@id=\"__tile54\"]"}
RESULT: {"using":"xpath","value":"//*[@id=\"__tile54\"]"}
COMMAND: POST /session/02a28b6fca6bf180b8c985fd282d7655/element/f.AD43E610194EA814EB045517701BD92D.d.FB4FE0D768A75B0029BF5DE7BDAB7B3B.e.2608/click - {}
RESULT: undefined
COMMAND: POST /session/02a28b6fca6bf180b8c985fd282d7655/execute/async - {"script":"<script> [6424 bytes]","args":[{"element-6066-11e4-a52e-4f735466cecf":"f.AD43E610194EA814EB045517701BD92D.d.FB4FE0D768A75B0029BF5DE7BDAB7B3B.e.289"},"getTitle",[]]}
COMMAND: POST /session/02a28b6fca6bf180b8c985fd282d7655/execute/async - {"script":"<script> [1562 bytes]","args":[{"selector":{"id":"shellAppTitle"},"wdio_ui5_key":"shellAppTitle"}]}
RESULT: {"script":"<script> [1562 bytes]","args":[{"selector":{"id":"shellAppTitle"},"wdio_ui5_key":"shellAppTitle"}]}
COMMAND: POST /session/02a28b6fca6bf180b8c985fd282d7655/execute/async - {"script":"<script> [6424 bytes]","args":[{"element-6066-11e4-a52e-4f735466cecf":"f.AD43E610194EA814EB045517701BD92D.d.FB4FE0D768A75B0029BF5DE7BDAB7B3B.e.2709"},"getTitle",[]]}
RESULT: {"script":"<script> [6424 bytes]","args":[{"element-6066-11e4-a52e-4f735466cecf":"f.AD43E610194EA814EB045517701BD92D.d.FB4FE0D768A75B0029BF5DE7BDAB7B3B.e.2709"},"getTitle",[]]}
RESULT: undefined
COMMAND: POST /session/02a28b6fca6bf180b8c985fd282d7655/element/f.AD43E610194EA814EB045517701BD92D.d.FB4FE0D768A75B0029BF5DE7BDAB7B3B.e.2556/click - {}
COMMAND: POST /session/02a28b6fca6bf180b8c985fd282d7655/element - {"using":"xpath","value":"//*[@id=\"backBtn\"]"}
RESULT: {"using":"xpath","value":"//*[@id=\"backBtn\"]"}
COMMAND: POST /session/02a28b6fca6bf180b8c985fd282d7655/element/f.AD43E610194EA814EB045517701BD92D.d.FB4FE0D768A75B0029BF5DE7BDAB7B3B.e.2556/click - {}
COMMAND: POST /session/02a28b6fca6bf180b8c985fd282d7655/element - {"using":"xpath","value":"//*[@id=\"backBtn\"]"}
RESULT: {"using":"xpath","value":"//*[@id=\"backBtn\"]"}
COMMAND: POST /session/02a28b6fca6bf180b8c985fd282d7655/element/f.AD43E610194EA814EB045517701BD92D.d.FB4FE0D768A75B0029BF5DE7BDAB7B3B.e.2710/click - {}
RESULT: {}
COMMAND: GET /session/02a28b6fca6bf180b8c985fd282d7655/screenshot - {}
RESULT: {}
]]></system-out>
    </testcase>
    <testcase classname="chrome.136_0_7103_49.windows.Sanity_Tests_US104253" name="Should open Yard Overview page" time="37.002">
      <system-out><![CDATA[
COMMAND: POST /session/02a28b6fca6bf180b8c985fd282d7655/execute/async - {"script":"<script> [1562 bytes]","args":[{"selector":{"controlType":"sap.m.GenericTile","properties":{"header":"Yard Overview"}},"wdio_ui5_key":"sapm.GenericTile{\"header\":\"Yard Overview\"}"}]}
RESULT: {"script":"<script> [1562 bytes]","args":[{"selector":{"controlType":"sap.m.GenericTile","properties":{"header":"Yard Overview"}},"wdio_ui5_key":"sapm.GenericTile{\"header\":\"Yard Overview\"}"}]}
RESULT: undefined
COMMAND: POST /session/02a28b6fca6bf180b8c985fd282d7655/element - {"using":"xpath","value":"//*[@id=\"__tile102\"]"}
RESULT: {"using":"xpath","value":"//*[@id=\"__tile102\"]"}
COMMAND: POST /session/02a28b6fca6bf180b8c985fd282d7655/element/f.AD43E610194EA814EB045517701BD92D.d.FB4FE0D768A75B0029BF5DE7BDAB7B3B.e.2712/click - {}
RESULT: {}
COMMAND: GET /session/02a28b6fca6bf180b8c985fd282d7655/screenshot - {}
RESULT: {}
COMMAND: POST /session/02a28b6fca6bf180b8c985fd282d7655/elements - {"using":"xpath","value":"//span[text()='Error']"}
RESULT: {"using":"xpath","value":"//span[text()='Error']"}
RESULT: undefined
COMMAND: POST /session/02a28b6fca6bf180b8c985fd282d7655/element - {"using":"xpath","value":"//*[@id=\"__tile102\"]"}
RESULT: {"using":"xpath","value":"//*[@id=\"__tile102\"]"}
COMMAND: POST /session/02a28b6fca6bf180b8c985fd282d7655/element/f.AD43E610194EA814EB045517701BD92D.d.FB4FE0D768A75B0029BF5DE7BDAB7B3B.e.2712/click - {}
RESULT: undefined
COMMAND: POST /session/02a28b6fca6bf180b8c985fd282d7655/element - {"using":"xpath","value":"//*[@id=\"__tile102\"]"}
RESULT: {"using":"xpath","value":"//*[@id=\"__tile102\"]"}
COMMAND: POST /session/02a28b6fca6bf180b8c985fd282d7655/element/f.AD43E610194EA814EB045517701BD92D.d.FB4FE0D768A75B0029BF5DE7BDAB7B3B.e.2712/click - {}
RESULT: undefined
COMMAND: POST /session/02a28b6fca6bf180b8c985fd282d7655/execute/async - {"script":"<script> [6424 bytes]","args":[{"element-6066-11e4-a52e-4f735466cecf":"f.AD43E610194EA814EB045517701BD92D.d.FB4FE0D768A75B0029BF5DE7BDAB7B3B.e.289"},"getTitle",[]]}
COMMAND: POST /session/02a28b6fca6bf180b8c985fd282d7655/execute/async - {"script":"<script> [1562 bytes]","args":[{"selector":{"id":"shellAppTitle"},"wdio_ui5_key":"shellAppTitle"}]}
RESULT: {"script":"<script> [1562 bytes]","args":[{"selector":{"id":"shellAppTitle"},"wdio_ui5_key":"shellAppTitle"}]}
COMMAND: POST /session/02a28b6fca6bf180b8c985fd282d7655/execute/async - {"script":"<script> [6424 bytes]","args":[{"element-6066-11e4-a52e-4f735466cecf":"f.AD43E610194EA814EB045517701BD92D.d.FB4FE0D768A75B0029BF5DE7BDAB7B3B.e.2773"},"getTitle",[]]}
RESULT: {"script":"<script> [6424 bytes]","args":[{"element-6066-11e4-a52e-4f735466cecf":"f.AD43E610194EA814EB045517701BD92D.d.FB4FE0D768A75B0029BF5DE7BDAB7B3B.e.2773"},"getTitle",[]]}
RESULT: undefined
COMMAND: POST /session/02a28b6fca6bf180b8c985fd282d7655/element/f.AD43E610194EA814EB045517701BD92D.d.FB4FE0D768A75B0029BF5DE7BDAB7B3B.e.2710/click - {}
RESULT: {}
COMMAND: GET /session/02a28b6fca6bf180b8c985fd282d7655/screenshot - {}
RESULT: {}
]]></system-out>
    </testcase>
    <testcase classname="chrome.136_0_7103_49.windows.Sanity_Tests_US104253" name="Should open Site Overview page" time="37.319">
      <system-out><![CDATA[
COMMAND: POST /session/02a28b6fca6bf180b8c985fd282d7655/execute/async - {"script":"<script> [1562 bytes]","args":[{"selector":{"controlType":"sap.m.GenericTile","properties":{"header":"Site Overview"}},"wdio_ui5_key":"sapm.GenericTile{\"header\":\"Site Overview\"}"}]}
RESULT: {"script":"<script> [1562 bytes]","args":[{"selector":{"controlType":"sap.m.GenericTile","properties":{"header":"Site Overview"}},"wdio_ui5_key":"sapm.GenericTile{\"header\":\"Site Overview\"}"}]}
RESULT: undefined
COMMAND: POST /session/02a28b6fca6bf180b8c985fd282d7655/element - {"using":"xpath","value":"//*[@id=\"__tile100\"]"}
RESULT: {"using":"xpath","value":"//*[@id=\"__tile100\"]"}
COMMAND: POST /session/02a28b6fca6bf180b8c985fd282d7655/element/f.AD43E610194EA814EB045517701BD92D.d.FB4FE0D768A75B0029BF5DE7BDAB7B3B.e.2776/click - {}
RESULT: {}
COMMAND: GET /session/02a28b6fca6bf180b8c985fd282d7655/screenshot - {}
RESULT: {}
COMMAND: POST /session/02a28b6fca6bf180b8c985fd282d7655/elements - {"using":"xpath","value":"//span[text()='Error']"}
RESULT: {"using":"xpath","value":"//span[text()='Error']"}
RESULT: undefined
COMMAND: POST /session/02a28b6fca6bf180b8c985fd282d7655/element - {"using":"xpath","value":"//*[@id=\"__tile100\"]"}
RESULT: {"using":"xpath","value":"//*[@id=\"__tile100\"]"}
COMMAND: POST /session/02a28b6fca6bf180b8c985fd282d7655/element/f.AD43E610194EA814EB045517701BD92D.d.FB4FE0D768A75B0029BF5DE7BDAB7B3B.e.2776/click - {}
RESULT: undefined
COMMAND: POST /session/02a28b6fca6bf180b8c985fd282d7655/element - {"using":"xpath","value":"//*[@id=\"__tile100\"]"}
RESULT: {"using":"xpath","value":"//*[@id=\"__tile100\"]"}
COMMAND: POST /session/02a28b6fca6bf180b8c985fd282d7655/element/f.AD43E610194EA814EB045517701BD92D.d.FB4FE0D768A75B0029BF5DE7BDAB7B3B.e.2776/click - {}
RESULT: undefined
COMMAND: POST /session/02a28b6fca6bf180b8c985fd282d7655/execute/async - {"script":"<script> [6424 bytes]","args":[{"element-6066-11e4-a52e-4f735466cecf":"f.AD43E610194EA814EB045517701BD92D.d.FB4FE0D768A75B0029BF5DE7BDAB7B3B.e.289"},"getTitle",[]]}
COMMAND: POST /session/02a28b6fca6bf180b8c985fd282d7655/execute/async - {"script":"<script> [1562 bytes]","args":[{"selector":{"id":"shellAppTitle"},"wdio_ui5_key":"shellAppTitle"}]}
RESULT: {"script":"<script> [1562 bytes]","args":[{"selector":{"id":"shellAppTitle"},"wdio_ui5_key":"shellAppTitle"}]}
COMMAND: POST /session/02a28b6fca6bf180b8c985fd282d7655/execute/async - {"script":"<script> [6424 bytes]","args":[{"element-6066-11e4-a52e-4f735466cecf":"f.AD43E610194EA814EB045517701BD92D.d.FB4FE0D768A75B0029BF5DE7BDAB7B3B.e.2903"},"getTitle",[]]}
RESULT: {"script":"<script> [6424 bytes]","args":[{"element-6066-11e4-a52e-4f735466cecf":"f.AD43E610194EA814EB045517701BD92D.d.FB4FE0D768A75B0029BF5DE7BDAB7B3B.e.2903"},"getTitle",[]]}
RESULT: undefined
COMMAND: POST /session/02a28b6fca6bf180b8c985fd282d7655/element/f.AD43E610194EA814EB045517701BD92D.d.FB4FE0D768A75B0029BF5DE7BDAB7B3B.e.2710/click - {}
COMMAND: POST /session/02a28b6fca6bf180b8c985fd282d7655/element - {"using":"xpath","value":"//*[@id=\"backBtn\"]"}
RESULT: {"using":"xpath","value":"//*[@id=\"backBtn\"]"}
COMMAND: POST /session/02a28b6fca6bf180b8c985fd282d7655/element/f.AD43E610194EA814EB045517701BD92D.d.FB4FE0D768A75B0029BF5DE7BDAB7B3B.e.2710/click - {}
COMMAND: POST /session/02a28b6fca6bf180b8c985fd282d7655/element - {"using":"xpath","value":"//*[@id=\"backBtn\"]"}
RESULT: {"using":"xpath","value":"//*[@id=\"backBtn\"]"}
COMMAND: POST /session/02a28b6fca6bf180b8c985fd282d7655/element/f.AD43E610194EA814EB045517701BD92D.d.FB4FE0D768A75B0029BF5DE7BDAB7B3B.e.2904/click - {}
RESULT: {}
COMMAND: GET /session/02a28b6fca6bf180b8c985fd282d7655/screenshot - {}
RESULT: {}
]]></system-out>
    </testcase>
    <testcase classname="chrome.136_0_7103_49.windows.Sanity_Tests_US104253" name="Should open Trace Track Resources page" time="37.607">
      <system-out><![CDATA[
COMMAND: POST /session/02a28b6fca6bf180b8c985fd282d7655/execute/async - {"script":"<script> [1562 bytes]","args":[{"selector":{"controlType":"sap.m.GenericTile","properties":{"header":"Trace & Track Resources"}},"wdio_ui5_key":"sapm.GenericTile{\"header\":\"Trace & Track Resources\"}"}]}
RESULT: {"script":"<script> [1562 bytes]","args":[{"selector":{"controlType":"sap.m.GenericTile","properties":{"header":"Trace & Track Resources"}},"wdio_ui5_key":"sapm.GenericTile{\"header\":\"Trace & Track Resources\"}"}]}
RESULT: undefined
COMMAND: POST /session/02a28b6fca6bf180b8c985fd282d7655/element - {"using":"xpath","value":"//*[@id=\"__tile101\"]"}
RESULT: {"using":"xpath","value":"//*[@id=\"__tile101\"]"}
COMMAND: POST /session/02a28b6fca6bf180b8c985fd282d7655/element/f.AD43E610194EA814EB045517701BD92D.d.FB4FE0D768A75B0029BF5DE7BDAB7B3B.e.2906/click - {}
RESULT: {}
COMMAND: GET /session/02a28b6fca6bf180b8c985fd282d7655/screenshot - {}
RESULT: {}
COMMAND: POST /session/02a28b6fca6bf180b8c985fd282d7655/elements - {"using":"xpath","value":"//span[text()='Error']"}
RESULT: {"using":"xpath","value":"//span[text()='Error']"}
RESULT: undefined
COMMAND: POST /session/02a28b6fca6bf180b8c985fd282d7655/element - {"using":"xpath","value":"//*[@id=\"__tile101\"]"}
RESULT: {"using":"xpath","value":"//*[@id=\"__tile101\"]"}
COMMAND: POST /session/02a28b6fca6bf180b8c985fd282d7655/element/f.AD43E610194EA814EB045517701BD92D.d.FB4FE0D768A75B0029BF5DE7BDAB7B3B.e.2906/click - {}
RESULT: undefined
COMMAND: POST /session/02a28b6fca6bf180b8c985fd282d7655/element - {"using":"xpath","value":"//*[@id=\"__tile101\"]"}
RESULT: {"using":"xpath","value":"//*[@id=\"__tile101\"]"}
COMMAND: POST /session/02a28b6fca6bf180b8c985fd282d7655/element/f.AD43E610194EA814EB045517701BD92D.d.FB4FE0D768A75B0029BF5DE7BDAB7B3B.e.2906/click - {}
RESULT: undefined
COMMAND: POST /session/02a28b6fca6bf180b8c985fd282d7655/execute/async - {"script":"<script> [6424 bytes]","args":[{"element-6066-11e4-a52e-4f735466cecf":"f.AD43E610194EA814EB045517701BD92D.d.FB4FE0D768A75B0029BF5DE7BDAB7B3B.e.289"},"getTitle",[]]}
COMMAND: POST /session/02a28b6fca6bf180b8c985fd282d7655/execute/async - {"script":"<script> [1562 bytes]","args":[{"selector":{"id":"shellAppTitle"},"wdio_ui5_key":"shellAppTitle"}]}
RESULT: {"script":"<script> [1562 bytes]","args":[{"selector":{"id":"shellAppTitle"},"wdio_ui5_key":"shellAppTitle"}]}
COMMAND: POST /session/02a28b6fca6bf180b8c985fd282d7655/execute/async - {"script":"<script> [6424 bytes]","args":[{"element-6066-11e4-a52e-4f735466cecf":"f.AD43E610194EA814EB045517701BD92D.d.FB4FE0D768A75B0029BF5DE7BDAB7B3B.e.2941"},"getTitle",[]]}
RESULT: {"script":"<script> [6424 bytes]","args":[{"element-6066-11e4-a52e-4f735466cecf":"f.AD43E610194EA814EB045517701BD92D.d.FB4FE0D768A75B0029BF5DE7BDAB7B3B.e.2941"},"getTitle",[]]}
RESULT: undefined
COMMAND: POST /session/02a28b6fca6bf180b8c985fd282d7655/element/f.AD43E610194EA814EB045517701BD92D.d.FB4FE0D768A75B0029BF5DE7BDAB7B3B.e.2904/click - {}
RESULT: {}
COMMAND: GET /session/02a28b6fca6bf180b8c985fd282d7655/screenshot - {}
RESULT: {}
]]></system-out>
    </testcase>
    <testcase classname="chrome.136_0_7103_49.windows.Sanity_Tests_US104253" name="Should open RU Inventory List page" time="39.642">
      <system-out><![CDATA[
COMMAND: POST /session/02a28b6fca6bf180b8c985fd282d7655/execute/async - {"script":"<script> [1562 bytes]","args":[{"selector":{"controlType":"sap.m.GenericTile","properties":{"header":"RU Inventory List"}},"wdio_ui5_key":"sapm.GenericTile{\"header\":\"RU Inventory List\"}"}]}
RESULT: {"script":"<script> [1562 bytes]","args":[{"selector":{"controlType":"sap.m.GenericTile","properties":{"header":"RU Inventory List"}},"wdio_ui5_key":"sapm.GenericTile{\"header\":\"RU Inventory List\"}"}]}
RESULT: undefined
COMMAND: POST /session/02a28b6fca6bf180b8c985fd282d7655/element - {"using":"xpath","value":"//*[@id=\"__tile99\"]"}
RESULT: {"using":"xpath","value":"//*[@id=\"__tile99\"]"}
COMMAND: POST /session/02a28b6fca6bf180b8c985fd282d7655/element/f.AD43E610194EA814EB045517701BD92D.d.FB4FE0D768A75B0029BF5DE7BDAB7B3B.e.2943/click - {}
RESULT: {}
COMMAND: GET /session/02a28b6fca6bf180b8c985fd282d7655/screenshot - {}
RESULT: {}
COMMAND: POST /session/02a28b6fca6bf180b8c985fd282d7655/elements - {"using":"xpath","value":"//span[text()='Error']"}
RESULT: {"using":"xpath","value":"//span[text()='Error']"}
RESULT: undefined
COMMAND: POST /session/02a28b6fca6bf180b8c985fd282d7655/element - {"using":"xpath","value":"//*[@id=\"__tile99\"]"}
RESULT: {"using":"xpath","value":"//*[@id=\"__tile99\"]"}
COMMAND: POST /session/02a28b6fca6bf180b8c985fd282d7655/element/f.AD43E610194EA814EB045517701BD92D.d.FB4FE0D768A75B0029BF5DE7BDAB7B3B.e.2943/click - {}
RESULT: undefined
COMMAND: POST /session/02a28b6fca6bf180b8c985fd282d7655/element - {"using":"xpath","value":"//*[@id=\"__tile99\"]"}
RESULT: {"using":"xpath","value":"//*[@id=\"__tile99\"]"}
COMMAND: POST /session/02a28b6fca6bf180b8c985fd282d7655/element/f.AD43E610194EA814EB045517701BD92D.d.FB4FE0D768A75B0029BF5DE7BDAB7B3B.e.2943/click - {}
RESULT: undefined
COMMAND: POST /session/02a28b6fca6bf180b8c985fd282d7655/execute/async - {"script":"<script> [6424 bytes]","args":[{"element-6066-11e4-a52e-4f735466cecf":"f.AD43E610194EA814EB045517701BD92D.d.FB4FE0D768A75B0029BF5DE7BDAB7B3B.e.289"},"getTitle",[]]}
COMMAND: POST /session/02a28b6fca6bf180b8c985fd282d7655/execute/async - {"script":"<script> [1562 bytes]","args":[{"selector":{"id":"shellAppTitle"},"wdio_ui5_key":"shellAppTitle"}]}
RESULT: {"script":"<script> [1562 bytes]","args":[{"selector":{"id":"shellAppTitle"},"wdio_ui5_key":"shellAppTitle"}]}
COMMAND: POST /session/02a28b6fca6bf180b8c985fd282d7655/execute/async - {"script":"<script> [6424 bytes]","args":[{"element-6066-11e4-a52e-4f735466cecf":"f.AD43E610194EA814EB045517701BD92D.d.FB4FE0D768A75B0029BF5DE7BDAB7B3B.e.3133"},"getTitle",[]]}
RESULT: {"script":"<script> [6424 bytes]","args":[{"element-6066-11e4-a52e-4f735466cecf":"f.AD43E610194EA814EB045517701BD92D.d.FB4FE0D768A75B0029BF5DE7BDAB7B3B.e.3133"},"getTitle",[]]}
RESULT: undefined
COMMAND: POST /session/02a28b6fca6bf180b8c985fd282d7655/element/f.AD43E610194EA814EB045517701BD92D.d.FB4FE0D768A75B0029BF5DE7BDAB7B3B.e.2904/click - {}
COMMAND: POST /session/02a28b6fca6bf180b8c985fd282d7655/element - {"using":"xpath","value":"//*[@id=\"backBtn\"]"}
RESULT: {"using":"xpath","value":"//*[@id=\"backBtn\"]"}
COMMAND: POST /session/02a28b6fca6bf180b8c985fd282d7655/element/f.AD43E610194EA814EB045517701BD92D.d.FB4FE0D768A75B0029BF5DE7BDAB7B3B.e.2904/click - {}
COMMAND: POST /session/02a28b6fca6bf180b8c985fd282d7655/element - {"using":"xpath","value":"//*[@id=\"backBtn\"]"}
RESULT: {"using":"xpath","value":"//*[@id=\"backBtn\"]"}
COMMAND: POST /session/02a28b6fca6bf180b8c985fd282d7655/element/f.AD43E610194EA814EB045517701BD92D.d.FB4FE0D768A75B0029BF5DE7BDAB7B3B.e.3134/click - {}
RESULT: {}
COMMAND: GET /session/02a28b6fca6bf180b8c985fd282d7655/screenshot - {}
RESULT: {}
]]></system-out>
    </testcase>
    <testcase classname="chrome.136_0_7103_49.windows.Sanity_Tests_US104253" name="Should open Contracts Dashboard page" time="43.553">
      <system-out><![CDATA[
COMMAND: POST /session/02a28b6fca6bf180b8c985fd282d7655/execute/async - {"script":"<script> [1562 bytes]","args":[{"selector":{"controlType":"sap.m.GenericTile","properties":{"header":"Contracts Dashboard"}},"wdio_ui5_key":"sapm.GenericTile{\"header\":\"Contracts Dashboard\"}"}]}
RESULT: {"script":"<script> [1562 bytes]","args":[{"selector":{"controlType":"sap.m.GenericTile","properties":{"header":"Contracts Dashboard"}},"wdio_ui5_key":"sapm.GenericTile{\"header\":\"Contracts Dashboard\"}"}]}
RESULT: undefined
COMMAND: POST /session/02a28b6fca6bf180b8c985fd282d7655/element - {"using":"xpath","value":"//*[@id=\"__tile97\"]"}
RESULT: {"using":"xpath","value":"//*[@id=\"__tile97\"]"}
COMMAND: POST /session/02a28b6fca6bf180b8c985fd282d7655/element/f.AD43E610194EA814EB045517701BD92D.d.FB4FE0D768A75B0029BF5DE7BDAB7B3B.e.3136/click - {}
RESULT: {}
COMMAND: GET /session/02a28b6fca6bf180b8c985fd282d7655/screenshot - {}
RESULT: {}
COMMAND: POST /session/02a28b6fca6bf180b8c985fd282d7655/elements - {"using":"xpath","value":"//span[text()='Error']"}
RESULT: {"using":"xpath","value":"//span[text()='Error']"}
RESULT: undefined
COMMAND: POST /session/02a28b6fca6bf180b8c985fd282d7655/element - {"using":"xpath","value":"//*[@id=\"__tile97\"]"}
RESULT: {"using":"xpath","value":"//*[@id=\"__tile97\"]"}
COMMAND: POST /session/02a28b6fca6bf180b8c985fd282d7655/element/f.AD43E610194EA814EB045517701BD92D.d.FB4FE0D768A75B0029BF5DE7BDAB7B3B.e.3136/click - {}
RESULT: undefined
COMMAND: POST /session/02a28b6fca6bf180b8c985fd282d7655/element - {"using":"xpath","value":"//*[@id=\"__tile97\"]"}
RESULT: {"using":"xpath","value":"//*[@id=\"__tile97\"]"}
COMMAND: POST /session/02a28b6fca6bf180b8c985fd282d7655/element/f.AD43E610194EA814EB045517701BD92D.d.FB4FE0D768A75B0029BF5DE7BDAB7B3B.e.3136/click - {}
RESULT: undefined
COMMAND: POST /session/02a28b6fca6bf180b8c985fd282d7655/execute/async - {"script":"<script> [6424 bytes]","args":[{"element-6066-11e4-a52e-4f735466cecf":"f.AD43E610194EA814EB045517701BD92D.d.FB4FE0D768A75B0029BF5DE7BDAB7B3B.e.289"},"getTitle",[]]}
COMMAND: POST /session/02a28b6fca6bf180b8c985fd282d7655/execute/async - {"script":"<script> [1562 bytes]","args":[{"selector":{"id":"shellAppTitle"},"wdio_ui5_key":"shellAppTitle"}]}
RESULT: {"script":"<script> [1562 bytes]","args":[{"selector":{"id":"shellAppTitle"},"wdio_ui5_key":"shellAppTitle"}]}
COMMAND: POST /session/02a28b6fca6bf180b8c985fd282d7655/execute/async - {"script":"<script> [6424 bytes]","args":[{"element-6066-11e4-a52e-4f735466cecf":"f.AD43E610194EA814EB045517701BD92D.d.FB4FE0D768A75B0029BF5DE7BDAB7B3B.e.3157"},"getTitle",[]]}
RESULT: {"script":"<script> [6424 bytes]","args":[{"element-6066-11e4-a52e-4f735466cecf":"f.AD43E610194EA814EB045517701BD92D.d.FB4FE0D768A75B0029BF5DE7BDAB7B3B.e.3157"},"getTitle",[]]}
RESULT: undefined
COMMAND: POST /session/02a28b6fca6bf180b8c985fd282d7655/element/f.AD43E610194EA814EB045517701BD92D.d.FB4FE0D768A75B0029BF5DE7BDAB7B3B.e.3134/click - {}
RESULT: {}
COMMAND: GET /session/02a28b6fca6bf180b8c985fd282d7655/screenshot - {}
RESULT: {}
]]></system-out>
    </testcase>
    <testcase classname="chrome.136_0_7103_49.windows.Sanity_Tests_US104253" name="Should open Bin Status Report page" time="40.089">
      <system-out><![CDATA[
COMMAND: POST /session/02a28b6fca6bf180b8c985fd282d7655/execute/async - {"script":"<script> [1562 bytes]","args":[{"selector":{"controlType":"sap.m.GenericTile","properties":{"header":"Bin Status Report"}},"wdio_ui5_key":"sapm.GenericTile{\"header\":\"Bin Status Report\"}"}]}
RESULT: {"script":"<script> [1562 bytes]","args":[{"selector":{"controlType":"sap.m.GenericTile","properties":{"header":"Bin Status Report"}},"wdio_ui5_key":"sapm.GenericTile{\"header\":\"Bin Status Report\"}"}]}
RESULT: undefined
COMMAND: POST /session/02a28b6fca6bf180b8c985fd282d7655/element - {"using":"xpath","value":"//*[@id=\"__tile104\"]"}
RESULT: {"using":"xpath","value":"//*[@id=\"__tile104\"]"}
COMMAND: POST /session/02a28b6fca6bf180b8c985fd282d7655/element/f.AD43E610194EA814EB045517701BD92D.d.FB4FE0D768A75B0029BF5DE7BDAB7B3B.e.3159/click - {}
RESULT: {}
COMMAND: GET /session/02a28b6fca6bf180b8c985fd282d7655/screenshot - {}
RESULT: {}
COMMAND: POST /session/02a28b6fca6bf180b8c985fd282d7655/elements - {"using":"xpath","value":"//span[text()='Error']"}
RESULT: {"using":"xpath","value":"//span[text()='Error']"}
RESULT: undefined
COMMAND: POST /session/02a28b6fca6bf180b8c985fd282d7655/element - {"using":"xpath","value":"//*[@id=\"__tile104\"]"}
RESULT: {"using":"xpath","value":"//*[@id=\"__tile104\"]"}
COMMAND: POST /session/02a28b6fca6bf180b8c985fd282d7655/element/f.AD43E610194EA814EB045517701BD92D.d.FB4FE0D768A75B0029BF5DE7BDAB7B3B.e.3159/click - {}
RESULT: undefined
COMMAND: POST /session/02a28b6fca6bf180b8c985fd282d7655/element - {"using":"xpath","value":"//*[@id=\"__tile104\"]"}
RESULT: {"using":"xpath","value":"//*[@id=\"__tile104\"]"}
COMMAND: POST /session/02a28b6fca6bf180b8c985fd282d7655/element/f.AD43E610194EA814EB045517701BD92D.d.FB4FE0D768A75B0029BF5DE7BDAB7B3B.e.3159/click - {}
RESULT: undefined
COMMAND: POST /session/02a28b6fca6bf180b8c985fd282d7655/execute/async - {"script":"<script> [6424 bytes]","args":[{"element-6066-11e4-a52e-4f735466cecf":"f.AD43E610194EA814EB045517701BD92D.d.FB4FE0D768A75B0029BF5DE7BDAB7B3B.e.289"},"getTitle",[]]}
COMMAND: POST /session/02a28b6fca6bf180b8c985fd282d7655/execute/async - {"script":"<script> [1562 bytes]","args":[{"selector":{"id":"shellAppTitle"},"wdio_ui5_key":"shellAppTitle"}]}
RESULT: {"script":"<script> [1562 bytes]","args":[{"selector":{"id":"shellAppTitle"},"wdio_ui5_key":"shellAppTitle"}]}
COMMAND: POST /session/02a28b6fca6bf180b8c985fd282d7655/execute/async - {"script":"<script> [6424 bytes]","args":[{"element-6066-11e4-a52e-4f735466cecf":"f.AD43E610194EA814EB045517701BD92D.d.FB4FE0D768A75B0029BF5DE7BDAB7B3B.e.3255"},"getTitle",[]]}
RESULT: {"script":"<script> [6424 bytes]","args":[{"element-6066-11e4-a52e-4f735466cecf":"f.AD43E610194EA814EB045517701BD92D.d.FB4FE0D768A75B0029BF5DE7BDAB7B3B.e.3255"},"getTitle",[]]}
RESULT: undefined
COMMAND: POST /session/02a28b6fca6bf180b8c985fd282d7655/element/f.AD43E610194EA814EB045517701BD92D.d.FB4FE0D768A75B0029BF5DE7BDAB7B3B.e.3134/click - {}
COMMAND: POST /session/02a28b6fca6bf180b8c985fd282d7655/element - {"using":"xpath","value":"//*[@id=\"backBtn\"]"}
RESULT: {"using":"xpath","value":"//*[@id=\"backBtn\"]"}
COMMAND: POST /session/02a28b6fca6bf180b8c985fd282d7655/element/f.AD43E610194EA814EB045517701BD92D.d.FB4FE0D768A75B0029BF5DE7BDAB7B3B.e.3134/click - {}
COMMAND: POST /session/02a28b6fca6bf180b8c985fd282d7655/element - {"using":"xpath","value":"//*[@id=\"backBtn\"]"}
RESULT: {"using":"xpath","value":"//*[@id=\"backBtn\"]"}
COMMAND: POST /session/02a28b6fca6bf180b8c985fd282d7655/element/f.AD43E610194EA814EB045517701BD92D.d.FB4FE0D768A75B0029BF5DE7BDAB7B3B.e.3256/click - {}
RESULT: {}
COMMAND: GET /session/02a28b6fca6bf180b8c985fd282d7655/screenshot - {}
RESULT: {}
]]></system-out>
    </testcase>
    <testcase classname="chrome.136_0_7103_49.windows.Sanity_Tests_US104253" name="Should open Manage Warehouse Movements page" time="36.566">
      <system-out><![CDATA[
COMMAND: POST /session/02a28b6fca6bf180b8c985fd282d7655/execute/async - {"script":"<script> [1562 bytes]","args":[{"selector":{"controlType":"sap.m.GenericTile","properties":{"header":"Manage Warehouse Movements"}},"wdio_ui5_key":"sapm.GenericTile{\"header\":\"Manage Warehouse Movements\"}"}]}
RESULT: {"script":"<script> [1562 bytes]","args":[{"selector":{"controlType":"sap.m.GenericTile","properties":{"header":"Manage Warehouse Movements"}},"wdio_ui5_key":"sapm.GenericTile{\"header\":\"Manage Warehouse Movements\"}"}]}
RESULT: undefined
COMMAND: POST /session/02a28b6fca6bf180b8c985fd282d7655/element - {"using":"xpath","value":"//*[@id=\"__tile105\"]"}
RESULT: {"using":"xpath","value":"//*[@id=\"__tile105\"]"}
COMMAND: POST /session/02a28b6fca6bf180b8c985fd282d7655/element/f.AD43E610194EA814EB045517701BD92D.d.FB4FE0D768A75B0029BF5DE7BDAB7B3B.e.3260/click - {}
RESULT: {}
COMMAND: GET /session/02a28b6fca6bf180b8c985fd282d7655/screenshot - {}
RESULT: {}
COMMAND: POST /session/02a28b6fca6bf180b8c985fd282d7655/elements - {"using":"xpath","value":"//span[text()='Error']"}
RESULT: {"using":"xpath","value":"//span[text()='Error']"}
RESULT: undefined
COMMAND: POST /session/02a28b6fca6bf180b8c985fd282d7655/element - {"using":"xpath","value":"//*[@id=\"__tile105\"]"}
RESULT: {"using":"xpath","value":"//*[@id=\"__tile105\"]"}
COMMAND: POST /session/02a28b6fca6bf180b8c985fd282d7655/element/f.AD43E610194EA814EB045517701BD92D.d.FB4FE0D768A75B0029BF5DE7BDAB7B3B.e.3260/click - {}
RESULT: undefined
COMMAND: POST /session/02a28b6fca6bf180b8c985fd282d7655/element - {"using":"xpath","value":"//*[@id=\"__tile105\"]"}
RESULT: {"using":"xpath","value":"//*[@id=\"__tile105\"]"}
COMMAND: POST /session/02a28b6fca6bf180b8c985fd282d7655/element/f.AD43E610194EA814EB045517701BD92D.d.FB4FE0D768A75B0029BF5DE7BDAB7B3B.e.3260/click - {}
RESULT: undefined
COMMAND: POST /session/02a28b6fca6bf180b8c985fd282d7655/execute/async - {"script":"<script> [6424 bytes]","args":[{"element-6066-11e4-a52e-4f735466cecf":"f.AD43E610194EA814EB045517701BD92D.d.FB4FE0D768A75B0029BF5DE7BDAB7B3B.e.289"},"getTitle",[]]}
COMMAND: POST /session/02a28b6fca6bf180b8c985fd282d7655/execute/async - {"script":"<script> [1562 bytes]","args":[{"selector":{"id":"shellAppTitle"},"wdio_ui5_key":"shellAppTitle"}]}
RESULT: {"script":"<script> [1562 bytes]","args":[{"selector":{"id":"shellAppTitle"},"wdio_ui5_key":"shellAppTitle"}]}
COMMAND: POST /session/02a28b6fca6bf180b8c985fd282d7655/execute/async - {"script":"<script> [6424 bytes]","args":[{"element-6066-11e4-a52e-4f735466cecf":"f.AD43E610194EA814EB045517701BD92D.d.FB4FE0D768A75B0029BF5DE7BDAB7B3B.e.3359"},"getTitle",[]]}
RESULT: {"script":"<script> [6424 bytes]","args":[{"element-6066-11e4-a52e-4f735466cecf":"f.AD43E610194EA814EB045517701BD92D.d.FB4FE0D768A75B0029BF5DE7BDAB7B3B.e.3359"},"getTitle",[]]}
RESULT: undefined
COMMAND: POST /session/02a28b6fca6bf180b8c985fd282d7655/element/f.AD43E610194EA814EB045517701BD92D.d.FB4FE0D768A75B0029BF5DE7BDAB7B3B.e.3256/click - {}
RESULT: {}
COMMAND: GET /session/02a28b6fca6bf180b8c985fd282d7655/screenshot - {}
RESULT: {}
]]></system-out>
    </testcase>
    <testcase classname="chrome.136_0_7103_49.windows.Sanity_Tests_US104253" name="Should open Bin Inventory List page" time="38.213">
      <system-out><![CDATA[
COMMAND: POST /session/02a28b6fca6bf180b8c985fd282d7655/execute/async - {"script":"<script> [1562 bytes]","args":[{"selector":{"controlType":"sap.m.GenericTile","properties":{"header":"Bin Inventory List"}},"wdio_ui5_key":"sapm.GenericTile{\"header\":\"Bin Inventory List\"}"}]}
RESULT: {"script":"<script> [1562 bytes]","args":[{"selector":{"controlType":"sap.m.GenericTile","properties":{"header":"Bin Inventory List"}},"wdio_ui5_key":"sapm.GenericTile{\"header\":\"Bin Inventory List\"}"}]}
RESULT: undefined
COMMAND: POST /session/02a28b6fca6bf180b8c985fd282d7655/element - {"using":"xpath","value":"//*[@id=\"__tile103\"]"}
RESULT: {"using":"xpath","value":"//*[@id=\"__tile103\"]"}
COMMAND: POST /session/02a28b6fca6bf180b8c985fd282d7655/element/f.AD43E610194EA814EB045517701BD92D.d.FB4FE0D768A75B0029BF5DE7BDAB7B3B.e.3361/click - {}
RESULT: {}
COMMAND: GET /session/02a28b6fca6bf180b8c985fd282d7655/screenshot - {}
RESULT: {}
COMMAND: POST /session/02a28b6fca6bf180b8c985fd282d7655/elements - {"using":"xpath","value":"//span[text()='Error']"}
RESULT: {"using":"xpath","value":"//span[text()='Error']"}
RESULT: undefined
COMMAND: POST /session/02a28b6fca6bf180b8c985fd282d7655/element - {"using":"xpath","value":"//*[@id=\"__tile103\"]"}
RESULT: {"using":"xpath","value":"//*[@id=\"__tile103\"]"}
COMMAND: POST /session/02a28b6fca6bf180b8c985fd282d7655/element/f.AD43E610194EA814EB045517701BD92D.d.FB4FE0D768A75B0029BF5DE7BDAB7B3B.e.3361/click - {}
RESULT: undefined
COMMAND: POST /session/02a28b6fca6bf180b8c985fd282d7655/element - {"using":"xpath","value":"//*[@id=\"__tile103\"]"}
RESULT: {"using":"xpath","value":"//*[@id=\"__tile103\"]"}
COMMAND: POST /session/02a28b6fca6bf180b8c985fd282d7655/element/f.AD43E610194EA814EB045517701BD92D.d.FB4FE0D768A75B0029BF5DE7BDAB7B3B.e.3361/click - {}
RESULT: undefined
COMMAND: POST /session/02a28b6fca6bf180b8c985fd282d7655/execute/async - {"script":"<script> [6424 bytes]","args":[{"element-6066-11e4-a52e-4f735466cecf":"f.AD43E610194EA814EB045517701BD92D.d.FB4FE0D768A75B0029BF5DE7BDAB7B3B.e.289"},"getTitle",[]]}
COMMAND: POST /session/02a28b6fca6bf180b8c985fd282d7655/execute/async - {"script":"<script> [1562 bytes]","args":[{"selector":{"id":"shellAppTitle"},"wdio_ui5_key":"shellAppTitle"}]}
RESULT: {"script":"<script> [1562 bytes]","args":[{"selector":{"id":"shellAppTitle"},"wdio_ui5_key":"shellAppTitle"}]}
COMMAND: POST /session/02a28b6fca6bf180b8c985fd282d7655/execute/async - {"script":"<script> [6424 bytes]","args":[{"element-6066-11e4-a52e-4f735466cecf":"f.AD43E610194EA814EB045517701BD92D.d.FB4FE0D768A75B0029BF5DE7BDAB7B3B.e.3458"},"getTitle",[]]}
RESULT: {"script":"<script> [6424 bytes]","args":[{"element-6066-11e4-a52e-4f735466cecf":"f.AD43E610194EA814EB045517701BD92D.d.FB4FE0D768A75B0029BF5DE7BDAB7B3B.e.3458"},"getTitle",[]]}
RESULT: undefined
COMMAND: POST /session/02a28b6fca6bf180b8c985fd282d7655/element/f.AD43E610194EA814EB045517701BD92D.d.FB4FE0D768A75B0029BF5DE7BDAB7B3B.e.3256/click - {}
COMMAND: POST /session/02a28b6fca6bf180b8c985fd282d7655/element - {"using":"xpath","value":"//*[@id=\"backBtn\"]"}
RESULT: {"using":"xpath","value":"//*[@id=\"backBtn\"]"}
COMMAND: POST /session/02a28b6fca6bf180b8c985fd282d7655/element/f.AD43E610194EA814EB045517701BD92D.d.FB4FE0D768A75B0029BF5DE7BDAB7B3B.e.3256/click - {}
COMMAND: POST /session/02a28b6fca6bf180b8c985fd282d7655/element - {"using":"xpath","value":"//*[@id=\"backBtn\"]"}
RESULT: {"using":"xpath","value":"//*[@id=\"backBtn\"]"}
COMMAND: POST /session/02a28b6fca6bf180b8c985fd282d7655/element/f.AD43E610194EA814EB045517701BD92D.d.FB4FE0D768A75B0029BF5DE7BDAB7B3B.e.3459/click - {}
RESULT: {}
COMMAND: GET /session/02a28b6fca6bf180b8c985fd282d7655/screenshot - {}
RESULT: {}
]]></system-out>
    </testcase>
    <testcase classname="chrome.136_0_7103_49.windows.Sanity_Tests_US104253" name="Should open ISC Templates page" time="48.039">
      <system-out><![CDATA[
COMMAND: POST /session/02a28b6fca6bf180b8c985fd282d7655/execute/async - {"script":"<script> [1562 bytes]","args":[{"selector":{"controlType":"sap.m.GenericTile","properties":{"header":"ISC Templates"}},"wdio_ui5_key":"sapm.GenericTile{\"header\":\"ISC Templates\"}"}]}
RESULT: {"script":"<script> [1562 bytes]","args":[{"selector":{"controlType":"sap.m.GenericTile","properties":{"header":"ISC Templates"}},"wdio_ui5_key":"sapm.GenericTile{\"header\":\"ISC Templates\"}"}]}
RESULT: undefined
COMMAND: POST /session/02a28b6fca6bf180b8c985fd282d7655/element - {"using":"xpath","value":"//*[@id=\"__tile111\"]"}
RESULT: {"using":"xpath","value":"//*[@id=\"__tile111\"]"}
COMMAND: POST /session/02a28b6fca6bf180b8c985fd282d7655/element/f.AD43E610194EA814EB045517701BD92D.d.FB4FE0D768A75B0029BF5DE7BDAB7B3B.e.3461/click - {}
RESULT: {}
COMMAND: GET /session/02a28b6fca6bf180b8c985fd282d7655/screenshot - {}
RESULT: {}
COMMAND: POST /session/02a28b6fca6bf180b8c985fd282d7655/elements - {"using":"xpath","value":"//span[text()='Error']"}
RESULT: {"using":"xpath","value":"//span[text()='Error']"}
RESULT: undefined
COMMAND: POST /session/02a28b6fca6bf180b8c985fd282d7655/element - {"using":"xpath","value":"//*[@id=\"__tile111\"]"}
RESULT: {"using":"xpath","value":"//*[@id=\"__tile111\"]"}
COMMAND: POST /session/02a28b6fca6bf180b8c985fd282d7655/element/f.AD43E610194EA814EB045517701BD92D.d.FB4FE0D768A75B0029BF5DE7BDAB7B3B.e.3461/click - {}
RESULT: undefined
COMMAND: POST /session/02a28b6fca6bf180b8c985fd282d7655/element - {"using":"xpath","value":"//*[@id=\"__tile111\"]"}
RESULT: {"using":"xpath","value":"//*[@id=\"__tile111\"]"}
COMMAND: POST /session/02a28b6fca6bf180b8c985fd282d7655/element/f.AD43E610194EA814EB045517701BD92D.d.FB4FE0D768A75B0029BF5DE7BDAB7B3B.e.3461/click - {}
RESULT: undefined
COMMAND: POST /session/02a28b6fca6bf180b8c985fd282d7655/execute/async - {"script":"<script> [6424 bytes]","args":[{"element-6066-11e4-a52e-4f735466cecf":"f.AD43E610194EA814EB045517701BD92D.d.FB4FE0D768A75B0029BF5DE7BDAB7B3B.e.289"},"getTitle",[]]}
COMMAND: POST /session/02a28b6fca6bf180b8c985fd282d7655/execute/async - {"script":"<script> [1562 bytes]","args":[{"selector":{"id":"shellAppTitle"},"wdio_ui5_key":"shellAppTitle"}]}
RESULT: {"script":"<script> [1562 bytes]","args":[{"selector":{"id":"shellAppTitle"},"wdio_ui5_key":"shellAppTitle"}]}
COMMAND: POST /session/02a28b6fca6bf180b8c985fd282d7655/execute/async - {"script":"<script> [6424 bytes]","args":[{"element-6066-11e4-a52e-4f735466cecf":"f.AD43E610194EA814EB045517701BD92D.d.FB4FE0D768A75B0029BF5DE7BDAB7B3B.e.3530"},"getTitle",[]]}
RESULT: {"script":"<script> [6424 bytes]","args":[{"element-6066-11e4-a52e-4f735466cecf":"f.AD43E610194EA814EB045517701BD92D.d.FB4FE0D768A75B0029BF5DE7BDAB7B3B.e.3530"},"getTitle",[]]}
RESULT: undefined
COMMAND: POST /session/02a28b6fca6bf180b8c985fd282d7655/element/f.AD43E610194EA814EB045517701BD92D.d.FB4FE0D768A75B0029BF5DE7BDAB7B3B.e.3459/click - {}
RESULT: {}
COMMAND: GET /session/02a28b6fca6bf180b8c985fd282d7655/screenshot - {}
RESULT: {}
]]></system-out>
    </testcase>
    <testcase classname="chrome.136_0_7103_49.windows.Sanity_Tests_US104253" name="Should open ISC Schedules page" time="36.928">
      <system-out><![CDATA[
COMMAND: POST /session/02a28b6fca6bf180b8c985fd282d7655/execute/async - {"script":"<script> [1562 bytes]","args":[{"selector":{"controlType":"sap.m.GenericTile","properties":{"header":"ISC Schedules"}},"wdio_ui5_key":"sapm.GenericTile{\"header\":\"ISC Schedules\"}"}]}
RESULT: {"script":"<script> [1562 bytes]","args":[{"selector":{"controlType":"sap.m.GenericTile","properties":{"header":"ISC Schedules"}},"wdio_ui5_key":"sapm.GenericTile{\"header\":\"ISC Schedules\"}"}]}
RESULT: undefined
COMMAND: POST /session/02a28b6fca6bf180b8c985fd282d7655/element - {"using":"xpath","value":"//*[@id=\"__tile109\"]"}
RESULT: {"using":"xpath","value":"//*[@id=\"__tile109\"]"}
COMMAND: POST /session/02a28b6fca6bf180b8c985fd282d7655/element/f.AD43E610194EA814EB045517701BD92D.d.FB4FE0D768A75B0029BF5DE7BDAB7B3B.e.3533/click - {}
RESULT: {}
COMMAND: GET /session/02a28b6fca6bf180b8c985fd282d7655/screenshot - {}
RESULT: {}
COMMAND: POST /session/02a28b6fca6bf180b8c985fd282d7655/elements - {"using":"xpath","value":"//span[text()='Error']"}
RESULT: {"using":"xpath","value":"//span[text()='Error']"}
RESULT: undefined
COMMAND: POST /session/02a28b6fca6bf180b8c985fd282d7655/element - {"using":"xpath","value":"//*[@id=\"__tile109\"]"}
RESULT: {"using":"xpath","value":"//*[@id=\"__tile109\"]"}
COMMAND: POST /session/02a28b6fca6bf180b8c985fd282d7655/element/f.AD43E610194EA814EB045517701BD92D.d.FB4FE0D768A75B0029BF5DE7BDAB7B3B.e.3533/click - {}
RESULT: undefined
COMMAND: POST /session/02a28b6fca6bf180b8c985fd282d7655/element - {"using":"xpath","value":"//*[@id=\"__tile109\"]"}
RESULT: {"using":"xpath","value":"//*[@id=\"__tile109\"]"}
COMMAND: POST /session/02a28b6fca6bf180b8c985fd282d7655/element/f.AD43E610194EA814EB045517701BD92D.d.FB4FE0D768A75B0029BF5DE7BDAB7B3B.e.3533/click - {}
RESULT: undefined
COMMAND: POST /session/02a28b6fca6bf180b8c985fd282d7655/execute/async - {"script":"<script> [6424 bytes]","args":[{"element-6066-11e4-a52e-4f735466cecf":"f.AD43E610194EA814EB045517701BD92D.d.FB4FE0D768A75B0029BF5DE7BDAB7B3B.e.289"},"getTitle",[]]}
COMMAND: POST /session/02a28b6fca6bf180b8c985fd282d7655/execute/async - {"script":"<script> [1562 bytes]","args":[{"selector":{"id":"shellAppTitle"},"wdio_ui5_key":"shellAppTitle"}]}
RESULT: {"script":"<script> [1562 bytes]","args":[{"selector":{"id":"shellAppTitle"},"wdio_ui5_key":"shellAppTitle"}]}
COMMAND: POST /session/02a28b6fca6bf180b8c985fd282d7655/execute/async - {"script":"<script> [6424 bytes]","args":[{"element-6066-11e4-a52e-4f735466cecf":"f.AD43E610194EA814EB045517701BD92D.d.FB4FE0D768A75B0029BF5DE7BDAB7B3B.e.3605"},"getTitle",[]]}
RESULT: {"script":"<script> [6424 bytes]","args":[{"element-6066-11e4-a52e-4f735466cecf":"f.AD43E610194EA814EB045517701BD92D.d.FB4FE0D768A75B0029BF5DE7BDAB7B3B.e.3605"},"getTitle",[]]}
RESULT: undefined
COMMAND: POST /session/02a28b6fca6bf180b8c985fd282d7655/element/f.AD43E610194EA814EB045517701BD92D.d.FB4FE0D768A75B0029BF5DE7BDAB7B3B.e.3459/click - {}
COMMAND: POST /session/02a28b6fca6bf180b8c985fd282d7655/element - {"using":"xpath","value":"//*[@id=\"backBtn\"]"}
RESULT: {"using":"xpath","value":"//*[@id=\"backBtn\"]"}
COMMAND: POST /session/02a28b6fca6bf180b8c985fd282d7655/element/f.AD43E610194EA814EB045517701BD92D.d.FB4FE0D768A75B0029BF5DE7BDAB7B3B.e.3459/click - {}
COMMAND: POST /session/02a28b6fca6bf180b8c985fd282d7655/element - {"using":"xpath","value":"//*[@id=\"backBtn\"]"}
RESULT: {"using":"xpath","value":"//*[@id=\"backBtn\"]"}
COMMAND: POST /session/02a28b6fca6bf180b8c985fd282d7655/element/f.AD43E610194EA814EB045517701BD92D.d.FB4FE0D768A75B0029BF5DE7BDAB7B3B.e.3606/click - {}
RESULT: {}
COMMAND: GET /session/02a28b6fca6bf180b8c985fd282d7655/screenshot - {}
RESULT: {}
]]></system-out>
    </testcase>
    <testcase classname="chrome.136_0_7103_49.windows.Sanity_Tests_US104253" name="Should open ISC Dashboard page" time="37.078">
      <system-out><![CDATA[
COMMAND: POST /session/02a28b6fca6bf180b8c985fd282d7655/execute/async - {"script":"<script> [1562 bytes]","args":[{"selector":{"controlType":"sap.m.GenericTile","properties":{"header":"ISC Dashboard"}},"wdio_ui5_key":"sapm.GenericTile{\"header\":\"ISC Dashboard\"}"}]}
RESULT: {"script":"<script> [1562 bytes]","args":[{"selector":{"controlType":"sap.m.GenericTile","properties":{"header":"ISC Dashboard"}},"wdio_ui5_key":"sapm.GenericTile{\"header\":\"ISC Dashboard\"}"}]}
RESULT: undefined
COMMAND: POST /session/02a28b6fca6bf180b8c985fd282d7655/element - {"using":"xpath","value":"//*[@id=\"__tile106\"]"}
RESULT: {"using":"xpath","value":"//*[@id=\"__tile106\"]"}
COMMAND: POST /session/02a28b6fca6bf180b8c985fd282d7655/element/f.AD43E610194EA814EB045517701BD92D.d.FB4FE0D768A75B0029BF5DE7BDAB7B3B.e.3608/click - {}
RESULT: {}
COMMAND: GET /session/02a28b6fca6bf180b8c985fd282d7655/screenshot - {}
RESULT: {}
COMMAND: POST /session/02a28b6fca6bf180b8c985fd282d7655/elements - {"using":"xpath","value":"//span[text()='Error']"}
RESULT: {"using":"xpath","value":"//span[text()='Error']"}
RESULT: undefined
COMMAND: POST /session/02a28b6fca6bf180b8c985fd282d7655/element - {"using":"xpath","value":"//*[@id=\"__tile106\"]"}
RESULT: {"using":"xpath","value":"//*[@id=\"__tile106\"]"}
COMMAND: POST /session/02a28b6fca6bf180b8c985fd282d7655/element/f.AD43E610194EA814EB045517701BD92D.d.FB4FE0D768A75B0029BF5DE7BDAB7B3B.e.3608/click - {}
RESULT: undefined
COMMAND: POST /session/02a28b6fca6bf180b8c985fd282d7655/element - {"using":"xpath","value":"//*[@id=\"__tile106\"]"}
RESULT: {"using":"xpath","value":"//*[@id=\"__tile106\"]"}
COMMAND: POST /session/02a28b6fca6bf180b8c985fd282d7655/element/f.AD43E610194EA814EB045517701BD92D.d.FB4FE0D768A75B0029BF5DE7BDAB7B3B.e.3608/click - {}
RESULT: undefined
COMMAND: POST /session/02a28b6fca6bf180b8c985fd282d7655/execute/async - {"script":"<script> [6424 bytes]","args":[{"element-6066-11e4-a52e-4f735466cecf":"f.AD43E610194EA814EB045517701BD92D.d.FB4FE0D768A75B0029BF5DE7BDAB7B3B.e.289"},"getTitle",[]]}
COMMAND: POST /session/02a28b6fca6bf180b8c985fd282d7655/execute/async - {"script":"<script> [1562 bytes]","args":[{"selector":{"id":"shellAppTitle"},"wdio_ui5_key":"shellAppTitle"}]}
RESULT: {"script":"<script> [1562 bytes]","args":[{"selector":{"id":"shellAppTitle"},"wdio_ui5_key":"shellAppTitle"}]}
COMMAND: POST /session/02a28b6fca6bf180b8c985fd282d7655/execute/async - {"script":"<script> [6424 bytes]","args":[{"element-6066-11e4-a52e-4f735466cecf":"f.AD43E610194EA814EB045517701BD92D.d.FB4FE0D768A75B0029BF5DE7BDAB7B3B.e.3732"},"getTitle",[]]}
RESULT: {"script":"<script> [6424 bytes]","args":[{"element-6066-11e4-a52e-4f735466cecf":"f.AD43E610194EA814EB045517701BD92D.d.FB4FE0D768A75B0029BF5DE7BDAB7B3B.e.3732"},"getTitle",[]]}
RESULT: undefined
COMMAND: POST /session/02a28b6fca6bf180b8c985fd282d7655/element/f.AD43E610194EA814EB045517701BD92D.d.FB4FE0D768A75B0029BF5DE7BDAB7B3B.e.3606/click - {}
RESULT: {}
COMMAND: GET /session/02a28b6fca6bf180b8c985fd282d7655/screenshot - {}
RESULT: {}
]]></system-out>
    </testcase>
    <testcase classname="chrome.136_0_7103_49.windows.Sanity_Tests_US104253" name="Should open ISC Orders page" time="38.034">
      <system-out><![CDATA[
COMMAND: POST /session/02a28b6fca6bf180b8c985fd282d7655/execute/async - {"script":"<script> [1562 bytes]","args":[{"selector":{"controlType":"sap.m.GenericTile","properties":{"header":"ISC Orders"}},"wdio_ui5_key":"sapm.GenericTile{\"header\":\"ISC Orders\"}"}]}
RESULT: {"script":"<script> [1562 bytes]","args":[{"selector":{"controlType":"sap.m.GenericTile","properties":{"header":"ISC Orders"}},"wdio_ui5_key":"sapm.GenericTile{\"header\":\"ISC Orders\"}"}]}
RESULT: undefined
COMMAND: POST /session/02a28b6fca6bf180b8c985fd282d7655/element - {"using":"xpath","value":"//*[@id=\"__tile108\"]"}
RESULT: {"using":"xpath","value":"//*[@id=\"__tile108\"]"}
COMMAND: POST /session/02a28b6fca6bf180b8c985fd282d7655/element/f.AD43E610194EA814EB045517701BD92D.d.FB4FE0D768A75B0029BF5DE7BDAB7B3B.e.3734/click - {}
RESULT: {}
COMMAND: GET /session/02a28b6fca6bf180b8c985fd282d7655/screenshot - {}
RESULT: {}
COMMAND: POST /session/02a28b6fca6bf180b8c985fd282d7655/elements - {"using":"xpath","value":"//span[text()='Error']"}
RESULT: {"using":"xpath","value":"//span[text()='Error']"}
RESULT: undefined
COMMAND: POST /session/02a28b6fca6bf180b8c985fd282d7655/element - {"using":"xpath","value":"//*[@id=\"__tile108\"]"}
RESULT: {"using":"xpath","value":"//*[@id=\"__tile108\"]"}
COMMAND: POST /session/02a28b6fca6bf180b8c985fd282d7655/element/f.AD43E610194EA814EB045517701BD92D.d.FB4FE0D768A75B0029BF5DE7BDAB7B3B.e.3734/click - {}
RESULT: undefined
COMMAND: POST /session/02a28b6fca6bf180b8c985fd282d7655/element - {"using":"xpath","value":"//*[@id=\"__tile108\"]"}
RESULT: {"using":"xpath","value":"//*[@id=\"__tile108\"]"}
COMMAND: POST /session/02a28b6fca6bf180b8c985fd282d7655/element/f.AD43E610194EA814EB045517701BD92D.d.FB4FE0D768A75B0029BF5DE7BDAB7B3B.e.3734/click - {}
RESULT: undefined
COMMAND: POST /session/02a28b6fca6bf180b8c985fd282d7655/execute/async - {"script":"<script> [6424 bytes]","args":[{"element-6066-11e4-a52e-4f735466cecf":"f.AD43E610194EA814EB045517701BD92D.d.FB4FE0D768A75B0029BF5DE7BDAB7B3B.e.289"},"getTitle",[]]}
COMMAND: POST /session/02a28b6fca6bf180b8c985fd282d7655/execute/async - {"script":"<script> [1562 bytes]","args":[{"selector":{"id":"shellAppTitle"},"wdio_ui5_key":"shellAppTitle"}]}
RESULT: {"script":"<script> [1562 bytes]","args":[{"selector":{"id":"shellAppTitle"},"wdio_ui5_key":"shellAppTitle"}]}
COMMAND: POST /session/02a28b6fca6bf180b8c985fd282d7655/execute/async - {"script":"<script> [6424 bytes]","args":[{"element-6066-11e4-a52e-4f735466cecf":"f.AD43E610194EA814EB045517701BD92D.d.FB4FE0D768A75B0029BF5DE7BDAB7B3B.e.3849"},"getTitle",[]]}
RESULT: {"script":"<script> [6424 bytes]","args":[{"element-6066-11e4-a52e-4f735466cecf":"f.AD43E610194EA814EB045517701BD92D.d.FB4FE0D768A75B0029BF5DE7BDAB7B3B.e.3849"},"getTitle",[]]}
RESULT: undefined
COMMAND: POST /session/02a28b6fca6bf180b8c985fd282d7655/element/f.AD43E610194EA814EB045517701BD92D.d.FB4FE0D768A75B0029BF5DE7BDAB7B3B.e.3606/click - {}
COMMAND: POST /session/02a28b6fca6bf180b8c985fd282d7655/element - {"using":"xpath","value":"//*[@id=\"backBtn\"]"}
RESULT: {"using":"xpath","value":"//*[@id=\"backBtn\"]"}
COMMAND: POST /session/02a28b6fca6bf180b8c985fd282d7655/element/f.AD43E610194EA814EB045517701BD92D.d.FB4FE0D768A75B0029BF5DE7BDAB7B3B.e.3606/click - {}
COMMAND: POST /session/02a28b6fca6bf180b8c985fd282d7655/element - {"using":"xpath","value":"//*[@id=\"backBtn\"]"}
RESULT: {"using":"xpath","value":"//*[@id=\"backBtn\"]"}
COMMAND: POST /session/02a28b6fca6bf180b8c985fd282d7655/element/f.AD43E610194EA814EB045517701BD92D.d.FB4FE0D768A75B0029BF5DE7BDAB7B3B.e.3850/click - {}
RESULT: {}
COMMAND: GET /session/02a28b6fca6bf180b8c985fd282d7655/screenshot - {}
RESULT: {}
]]></system-out>
    </testcase>
    <testcase classname="chrome.136_0_7103_49.windows.Sanity_Tests_US104253" name="Should open ISC Tasks page" time="38.398">
      <system-out><![CDATA[
COMMAND: POST /session/02a28b6fca6bf180b8c985fd282d7655/execute/async - {"script":"<script> [1562 bytes]","args":[{"selector":{"controlType":"sap.m.GenericTile","properties":{"header":"ISC Tasks"}},"wdio_ui5_key":"sapm.GenericTile{\"header\":\"ISC Tasks\"}"}]}
RESULT: {"script":"<script> [1562 bytes]","args":[{"selector":{"controlType":"sap.m.GenericTile","properties":{"header":"ISC Tasks"}},"wdio_ui5_key":"sapm.GenericTile{\"header\":\"ISC Tasks\"}"}]}
RESULT: undefined
COMMAND: POST /session/02a28b6fca6bf180b8c985fd282d7655/element - {"using":"xpath","value":"//*[@id=\"__tile110\"]"}
RESULT: {"using":"xpath","value":"//*[@id=\"__tile110\"]"}
COMMAND: POST /session/02a28b6fca6bf180b8c985fd282d7655/element/f.AD43E610194EA814EB045517701BD92D.d.FB4FE0D768A75B0029BF5DE7BDAB7B3B.e.3852/click - {}
RESULT: {}
COMMAND: GET /session/02a28b6fca6bf180b8c985fd282d7655/screenshot - {}
RESULT: {}
COMMAND: POST /session/02a28b6fca6bf180b8c985fd282d7655/elements - {"using":"xpath","value":"//span[text()='Error']"}
RESULT: {"using":"xpath","value":"//span[text()='Error']"}
RESULT: undefined
COMMAND: POST /session/02a28b6fca6bf180b8c985fd282d7655/element - {"using":"xpath","value":"//*[@id=\"__tile110\"]"}
RESULT: {"using":"xpath","value":"//*[@id=\"__tile110\"]"}
COMMAND: POST /session/02a28b6fca6bf180b8c985fd282d7655/element/f.AD43E610194EA814EB045517701BD92D.d.FB4FE0D768A75B0029BF5DE7BDAB7B3B.e.3852/click - {}
RESULT: undefined
COMMAND: POST /session/02a28b6fca6bf180b8c985fd282d7655/element - {"using":"xpath","value":"//*[@id=\"__tile110\"]"}
RESULT: {"using":"xpath","value":"//*[@id=\"__tile110\"]"}
COMMAND: POST /session/02a28b6fca6bf180b8c985fd282d7655/element/f.AD43E610194EA814EB045517701BD92D.d.FB4FE0D768A75B0029BF5DE7BDAB7B3B.e.3852/click - {}
RESULT: undefined
COMMAND: POST /session/02a28b6fca6bf180b8c985fd282d7655/execute/async - {"script":"<script> [6424 bytes]","args":[{"element-6066-11e4-a52e-4f735466cecf":"f.AD43E610194EA814EB045517701BD92D.d.FB4FE0D768A75B0029BF5DE7BDAB7B3B.e.289"},"getTitle",[]]}
COMMAND: POST /session/02a28b6fca6bf180b8c985fd282d7655/execute/async - {"script":"<script> [1562 bytes]","args":[{"selector":{"id":"shellAppTitle"},"wdio_ui5_key":"shellAppTitle"}]}
RESULT: {"script":"<script> [1562 bytes]","args":[{"selector":{"id":"shellAppTitle"},"wdio_ui5_key":"shellAppTitle"}]}
COMMAND: POST /session/02a28b6fca6bf180b8c985fd282d7655/execute/async - {"script":"<script> [6424 bytes]","args":[{"element-6066-11e4-a52e-4f735466cecf":"f.AD43E610194EA814EB045517701BD92D.d.FB4FE0D768A75B0029BF5DE7BDAB7B3B.e.3936"},"getTitle",[]]}
RESULT: {"script":"<script> [6424 bytes]","args":[{"element-6066-11e4-a52e-4f735466cecf":"f.AD43E610194EA814EB045517701BD92D.d.FB4FE0D768A75B0029BF5DE7BDAB7B3B.e.3936"},"getTitle",[]]}
RESULT: undefined
COMMAND: POST /session/02a28b6fca6bf180b8c985fd282d7655/element/f.AD43E610194EA814EB045517701BD92D.d.FB4FE0D768A75B0029BF5DE7BDAB7B3B.e.3850/click - {}
RESULT: {}
COMMAND: GET /session/02a28b6fca6bf180b8c985fd282d7655/screenshot - {}
RESULT: {}
]]></system-out>
    </testcase>
    <testcase classname="chrome.136_0_7103_49.windows.Sanity_Tests_US104253" name="Should open Manage Resource Logbook page" time="37.087">
      <system-out><![CDATA[
COMMAND: POST /session/02a28b6fca6bf180b8c985fd282d7655/execute/async - {"script":"<script> [1562 bytes]","args":[{"selector":{"controlType":"sap.m.GenericTile","properties":{"header":"Manage Resource Logbook"}},"wdio_ui5_key":"sapm.GenericTile{\"header\":\"Manage Resource Logbook\"}"}]}
RESULT: {"script":"<script> [1562 bytes]","args":[{"selector":{"controlType":"sap.m.GenericTile","properties":{"header":"Manage Resource Logbook"}},"wdio_ui5_key":"sapm.GenericTile{\"header\":\"Manage Resource Logbook\"}"}]}
RESULT: undefined
COMMAND: POST /session/02a28b6fca6bf180b8c985fd282d7655/element - {"using":"xpath","value":"//*[@id=\"__tile113\"]"}
RESULT: {"using":"xpath","value":"//*[@id=\"__tile113\"]"}
COMMAND: POST /session/02a28b6fca6bf180b8c985fd282d7655/element/f.AD43E610194EA814EB045517701BD92D.d.FB4FE0D768A75B0029BF5DE7BDAB7B3B.e.3938/click - {}
RESULT: {}
COMMAND: GET /session/02a28b6fca6bf180b8c985fd282d7655/screenshot - {}
RESULT: {}
COMMAND: POST /session/02a28b6fca6bf180b8c985fd282d7655/elements - {"using":"xpath","value":"//span[text()='Error']"}
RESULT: {"using":"xpath","value":"//span[text()='Error']"}
RESULT: undefined
COMMAND: POST /session/02a28b6fca6bf180b8c985fd282d7655/element - {"using":"xpath","value":"//*[@id=\"__tile113\"]"}
RESULT: {"using":"xpath","value":"//*[@id=\"__tile113\"]"}
COMMAND: POST /session/02a28b6fca6bf180b8c985fd282d7655/element/f.AD43E610194EA814EB045517701BD92D.d.FB4FE0D768A75B0029BF5DE7BDAB7B3B.e.3938/click - {}
RESULT: undefined
COMMAND: POST /session/02a28b6fca6bf180b8c985fd282d7655/element - {"using":"xpath","value":"//*[@id=\"__tile113\"]"}
RESULT: {"using":"xpath","value":"//*[@id=\"__tile113\"]"}
COMMAND: POST /session/02a28b6fca6bf180b8c985fd282d7655/element/f.AD43E610194EA814EB045517701BD92D.d.FB4FE0D768A75B0029BF5DE7BDAB7B3B.e.3938/click - {}
RESULT: undefined
COMMAND: POST /session/02a28b6fca6bf180b8c985fd282d7655/execute/async - {"script":"<script> [6424 bytes]","args":[{"element-6066-11e4-a52e-4f735466cecf":"f.AD43E610194EA814EB045517701BD92D.d.FB4FE0D768A75B0029BF5DE7BDAB7B3B.e.289"},"getTitle",[]]}
COMMAND: POST /session/02a28b6fca6bf180b8c985fd282d7655/execute/async - {"script":"<script> [1562 bytes]","args":[{"selector":{"id":"shellAppTitle"},"wdio_ui5_key":"shellAppTitle"}]}
RESULT: {"script":"<script> [1562 bytes]","args":[{"selector":{"id":"shellAppTitle"},"wdio_ui5_key":"shellAppTitle"}]}
COMMAND: POST /session/02a28b6fca6bf180b8c985fd282d7655/execute/async - {"script":"<script> [6424 bytes]","args":[{"element-6066-11e4-a52e-4f735466cecf":"f.AD43E610194EA814EB045517701BD92D.d.FB4FE0D768A75B0029BF5DE7BDAB7B3B.e.4045"},"getTitle",[]]}
RESULT: {"script":"<script> [6424 bytes]","args":[{"element-6066-11e4-a52e-4f735466cecf":"f.AD43E610194EA814EB045517701BD92D.d.FB4FE0D768A75B0029BF5DE7BDAB7B3B.e.4045"},"getTitle",[]]}
RESULT: undefined
COMMAND: POST /session/02a28b6fca6bf180b8c985fd282d7655/element/f.AD43E610194EA814EB045517701BD92D.d.FB4FE0D768A75B0029BF5DE7BDAB7B3B.e.3850/click - {}
COMMAND: POST /session/02a28b6fca6bf180b8c985fd282d7655/element - {"using":"xpath","value":"//*[@id=\"backBtn\"]"}
RESULT: {"using":"xpath","value":"//*[@id=\"backBtn\"]"}
COMMAND: POST /session/02a28b6fca6bf180b8c985fd282d7655/element/f.AD43E610194EA814EB045517701BD92D.d.FB4FE0D768A75B0029BF5DE7BDAB7B3B.e.3850/click - {}
COMMAND: POST /session/02a28b6fca6bf180b8c985fd282d7655/element - {"using":"xpath","value":"//*[@id=\"backBtn\"]"}
RESULT: {"using":"xpath","value":"//*[@id=\"backBtn\"]"}
COMMAND: POST /session/02a28b6fca6bf180b8c985fd282d7655/element/f.AD43E610194EA814EB045517701BD92D.d.FB4FE0D768A75B0029BF5DE7BDAB7B3B.e.4046/click - {}
RESULT: {}
COMMAND: GET /session/02a28b6fca6bf180b8c985fd282d7655/screenshot - {}
RESULT: {}
]]></system-out>
    </testcase>
    <testcase classname="chrome.136_0_7103_49.windows.Sanity_Tests_US104253" name="Should open Manage Logbook page" time="37.45">
      <system-out><![CDATA[
COMMAND: POST /session/02a28b6fca6bf180b8c985fd282d7655/execute/async - {"script":"<script> [1562 bytes]","args":[{"selector":{"controlType":"sap.m.GenericTile","properties":{"header":"Manage Logbook"}},"wdio_ui5_key":"sapm.GenericTile{\"header\":\"Manage Logbook\"}"}]}
RESULT: {"script":"<script> [1562 bytes]","args":[{"selector":{"controlType":"sap.m.GenericTile","properties":{"header":"Manage Logbook"}},"wdio_ui5_key":"sapm.GenericTile{\"header\":\"Manage Logbook\"}"}]}
RESULT: undefined
COMMAND: POST /session/02a28b6fca6bf180b8c985fd282d7655/element - {"using":"xpath","value":"//*[@id=\"__tile112\"]"}
RESULT: {"using":"xpath","value":"//*[@id=\"__tile112\"]"}
COMMAND: POST /session/02a28b6fca6bf180b8c985fd282d7655/element/f.AD43E610194EA814EB045517701BD92D.d.FB4FE0D768A75B0029BF5DE7BDAB7B3B.e.4048/click - {}
RESULT: {}
COMMAND: GET /session/02a28b6fca6bf180b8c985fd282d7655/screenshot - {}
RESULT: {}
COMMAND: POST /session/02a28b6fca6bf180b8c985fd282d7655/elements - {"using":"xpath","value":"//span[text()='Error']"}
RESULT: {"using":"xpath","value":"//span[text()='Error']"}
RESULT: undefined
COMMAND: POST /session/02a28b6fca6bf180b8c985fd282d7655/element - {"using":"xpath","value":"//*[@id=\"__tile112\"]"}
RESULT: {"using":"xpath","value":"//*[@id=\"__tile112\"]"}
COMMAND: POST /session/02a28b6fca6bf180b8c985fd282d7655/element/f.AD43E610194EA814EB045517701BD92D.d.FB4FE0D768A75B0029BF5DE7BDAB7B3B.e.4048/click - {}
RESULT: undefined
COMMAND: POST /session/02a28b6fca6bf180b8c985fd282d7655/element - {"using":"xpath","value":"//*[@id=\"__tile112\"]"}
RESULT: {"using":"xpath","value":"//*[@id=\"__tile112\"]"}
COMMAND: POST /session/02a28b6fca6bf180b8c985fd282d7655/element/f.AD43E610194EA814EB045517701BD92D.d.FB4FE0D768A75B0029BF5DE7BDAB7B3B.e.4048/click - {}
RESULT: undefined
COMMAND: POST /session/02a28b6fca6bf180b8c985fd282d7655/execute/async - {"script":"<script> [6424 bytes]","args":[{"element-6066-11e4-a52e-4f735466cecf":"f.AD43E610194EA814EB045517701BD92D.d.FB4FE0D768A75B0029BF5DE7BDAB7B3B.e.289"},"getTitle",[]]}
COMMAND: POST /session/02a28b6fca6bf180b8c985fd282d7655/execute/async - {"script":"<script> [1562 bytes]","args":[{"selector":{"id":"shellAppTitle"},"wdio_ui5_key":"shellAppTitle"}]}
RESULT: {"script":"<script> [1562 bytes]","args":[{"selector":{"id":"shellAppTitle"},"wdio_ui5_key":"shellAppTitle"}]}
COMMAND: POST /session/02a28b6fca6bf180b8c985fd282d7655/execute/async - {"script":"<script> [6424 bytes]","args":[{"element-6066-11e4-a52e-4f735466cecf":"f.AD43E610194EA814EB045517701BD92D.d.FB4FE0D768A75B0029BF5DE7BDAB7B3B.e.4138"},"getTitle",[]]}
RESULT: {"script":"<script> [6424 bytes]","args":[{"element-6066-11e4-a52e-4f735466cecf":"f.AD43E610194EA814EB045517701BD92D.d.FB4FE0D768A75B0029BF5DE7BDAB7B3B.e.4138"},"getTitle",[]]}
RESULT: undefined
COMMAND: POST /session/02a28b6fca6bf180b8c985fd282d7655/element/f.AD43E610194EA814EB045517701BD92D.d.FB4FE0D768A75B0029BF5DE7BDAB7B3B.e.4046/click - {}
RESULT: {}
COMMAND: GET /session/02a28b6fca6bf180b8c985fd282d7655/screenshot - {}
RESULT: {}
]]></system-out>
    </testcase>
    <testcase classname="chrome.136_0_7103_49.windows.Sanity_Tests_US104253" name="Should open ISC Orders Calendar page" time="37.21">
      <system-out><![CDATA[
COMMAND: POST /session/02a28b6fca6bf180b8c985fd282d7655/execute/async - {"script":"<script> [1562 bytes]","args":[{"selector":{"controlType":"sap.m.GenericTile","properties":{"header":"ISC Orders Calendar"}},"wdio_ui5_key":"sapm.GenericTile{\"header\":\"ISC Orders Calendar\"}"}]}
RESULT: {"script":"<script> [1562 bytes]","args":[{"selector":{"controlType":"sap.m.GenericTile","properties":{"header":"ISC Orders Calendar"}},"wdio_ui5_key":"sapm.GenericTile{\"header\":\"ISC Orders Calendar\"}"}]}
RESULT: undefined
COMMAND: POST /session/02a28b6fca6bf180b8c985fd282d7655/element - {"using":"xpath","value":"//*[@id=\"__tile107\"]"}
RESULT: {"using":"xpath","value":"//*[@id=\"__tile107\"]"}
COMMAND: POST /session/02a28b6fca6bf180b8c985fd282d7655/element/f.AD43E610194EA814EB045517701BD92D.d.FB4FE0D768A75B0029BF5DE7BDAB7B3B.e.4140/click - {}
RESULT: {}
COMMAND: GET /session/02a28b6fca6bf180b8c985fd282d7655/screenshot - {}
RESULT: {}
COMMAND: POST /session/02a28b6fca6bf180b8c985fd282d7655/elements - {"using":"xpath","value":"//span[text()='Error']"}
RESULT: {"using":"xpath","value":"//span[text()='Error']"}
RESULT: undefined
COMMAND: POST /session/02a28b6fca6bf180b8c985fd282d7655/element - {"using":"xpath","value":"//*[@id=\"__tile107\"]"}
RESULT: {"using":"xpath","value":"//*[@id=\"__tile107\"]"}
COMMAND: POST /session/02a28b6fca6bf180b8c985fd282d7655/element/f.AD43E610194EA814EB045517701BD92D.d.FB4FE0D768A75B0029BF5DE7BDAB7B3B.e.4140/click - {}
RESULT: undefined
COMMAND: POST /session/02a28b6fca6bf180b8c985fd282d7655/element - {"using":"xpath","value":"//*[@id=\"__tile107\"]"}
RESULT: {"using":"xpath","value":"//*[@id=\"__tile107\"]"}
COMMAND: POST /session/02a28b6fca6bf180b8c985fd282d7655/element/f.AD43E610194EA814EB045517701BD92D.d.FB4FE0D768A75B0029BF5DE7BDAB7B3B.e.4140/click - {}
RESULT: undefined
COMMAND: POST /session/02a28b6fca6bf180b8c985fd282d7655/execute/async - {"script":"<script> [6424 bytes]","args":[{"element-6066-11e4-a52e-4f735466cecf":"f.AD43E610194EA814EB045517701BD92D.d.FB4FE0D768A75B0029BF5DE7BDAB7B3B.e.289"},"getTitle",[]]}
COMMAND: POST /session/02a28b6fca6bf180b8c985fd282d7655/execute/async - {"script":"<script> [1562 bytes]","args":[{"selector":{"id":"shellAppTitle"},"wdio_ui5_key":"shellAppTitle"}]}
RESULT: {"script":"<script> [1562 bytes]","args":[{"selector":{"id":"shellAppTitle"},"wdio_ui5_key":"shellAppTitle"}]}
COMMAND: POST /session/02a28b6fca6bf180b8c985fd282d7655/execute/async - {"script":"<script> [6424 bytes]","args":[{"element-6066-11e4-a52e-4f735466cecf":"f.AD43E610194EA814EB045517701BD92D.d.FB4FE0D768A75B0029BF5DE7BDAB7B3B.e.4356"},"getTitle",[]]}
RESULT: {"script":"<script> [6424 bytes]","args":[{"element-6066-11e4-a52e-4f735466cecf":"f.AD43E610194EA814EB045517701BD92D.d.FB4FE0D768A75B0029BF5DE7BDAB7B3B.e.4356"},"getTitle",[]]}
RESULT: undefined
COMMAND: POST /session/02a28b6fca6bf180b8c985fd282d7655/element/f.AD43E610194EA814EB045517701BD92D.d.FB4FE0D768A75B0029BF5DE7BDAB7B3B.e.4046/click - {}
COMMAND: POST /session/02a28b6fca6bf180b8c985fd282d7655/element - {"using":"xpath","value":"//*[@id=\"backBtn\"]"}
RESULT: {"using":"xpath","value":"//*[@id=\"backBtn\"]"}
COMMAND: POST /session/02a28b6fca6bf180b8c985fd282d7655/element/f.AD43E610194EA814EB045517701BD92D.d.FB4FE0D768A75B0029BF5DE7BDAB7B3B.e.4046/click - {}
COMMAND: POST /session/02a28b6fca6bf180b8c985fd282d7655/element - {"using":"xpath","value":"//*[@id=\"backBtn\"]"}
RESULT: {"using":"xpath","value":"//*[@id=\"backBtn\"]"}
COMMAND: POST /session/02a28b6fca6bf180b8c985fd282d7655/element/f.AD43E610194EA814EB045517701BD92D.d.FB4FE0D768A75B0029BF5DE7BDAB7B3B.e.4357/click - {}
RESULT: {}
COMMAND: GET /session/02a28b6fca6bf180b8c985fd282d7655/screenshot - {}
RESULT: {}
]]></system-out>
    </testcase>
    <testcase classname="chrome.136_0_7103_49.windows.Sanity_Tests_US104253" name="Should open Configure System page" time="43.914">
      <system-out><![CDATA[
COMMAND: POST /session/02a28b6fca6bf180b8c985fd282d7655/execute/async - {"script":"<script> [1562 bytes]","args":[{"selector":{"controlType":"sap.m.GenericTile","properties":{"header":"Configure System"}},"wdio_ui5_key":"sapm.GenericTile{\"header\":\"Configure System\"}"}]}
RESULT: {"script":"<script> [1562 bytes]","args":[{"selector":{"controlType":"sap.m.GenericTile","properties":{"header":"Configure System"}},"wdio_ui5_key":"sapm.GenericTile{\"header\":\"Configure System\"}"}]}
RESULT: undefined
COMMAND: POST /session/02a28b6fca6bf180b8c985fd282d7655/element - {"using":"xpath","value":"//*[@id=\"__tile114\"]"}
RESULT: {"using":"xpath","value":"//*[@id=\"__tile114\"]"}
COMMAND: POST /session/02a28b6fca6bf180b8c985fd282d7655/element/f.AD43E610194EA814EB045517701BD92D.d.FB4FE0D768A75B0029BF5DE7BDAB7B3B.e.4359/click - {}
RESULT: {}
COMMAND: GET /session/02a28b6fca6bf180b8c985fd282d7655/screenshot - {}
RESULT: {}
COMMAND: POST /session/02a28b6fca6bf180b8c985fd282d7655/elements - {"using":"xpath","value":"//span[text()='Error']"}
RESULT: {"using":"xpath","value":"//span[text()='Error']"}
RESULT: undefined
COMMAND: POST /session/02a28b6fca6bf180b8c985fd282d7655/element - {"using":"xpath","value":"//*[@id=\"__tile114\"]"}
RESULT: {"using":"xpath","value":"//*[@id=\"__tile114\"]"}
COMMAND: POST /session/02a28b6fca6bf180b8c985fd282d7655/element/f.AD43E610194EA814EB045517701BD92D.d.FB4FE0D768A75B0029BF5DE7BDAB7B3B.e.4359/click - {}
RESULT: undefined
COMMAND: POST /session/02a28b6fca6bf180b8c985fd282d7655/element - {"using":"xpath","value":"//*[@id=\"__tile114\"]"}
RESULT: {"using":"xpath","value":"//*[@id=\"__tile114\"]"}
COMMAND: POST /session/02a28b6fca6bf180b8c985fd282d7655/element/f.AD43E610194EA814EB045517701BD92D.d.FB4FE0D768A75B0029BF5DE7BDAB7B3B.e.4359/click - {}
RESULT: undefined
COMMAND: POST /session/02a28b6fca6bf180b8c985fd282d7655/execute/async - {"script":"<script> [6424 bytes]","args":[{"element-6066-11e4-a52e-4f735466cecf":"f.AD43E610194EA814EB045517701BD92D.d.FB4FE0D768A75B0029BF5DE7BDAB7B3B.e.289"},"getTitle",[]]}
COMMAND: POST /session/02a28b6fca6bf180b8c985fd282d7655/execute/async - {"script":"<script> [1562 bytes]","args":[{"selector":{"id":"shellAppTitle"},"wdio_ui5_key":"shellAppTitle"}]}
RESULT: {"script":"<script> [1562 bytes]","args":[{"selector":{"id":"shellAppTitle"},"wdio_ui5_key":"shellAppTitle"}]}
COMMAND: POST /session/02a28b6fca6bf180b8c985fd282d7655/execute/async - {"script":"<script> [6424 bytes]","args":[{"element-6066-11e4-a52e-4f735466cecf":"f.AD43E610194EA814EB045517701BD92D.d.FB4FE0D768A75B0029BF5DE7BDAB7B3B.e.4400"},"getTitle",[]]}
RESULT: {"script":"<script> [6424 bytes]","args":[{"element-6066-11e4-a52e-4f735466cecf":"f.AD43E610194EA814EB045517701BD92D.d.FB4FE0D768A75B0029BF5DE7BDAB7B3B.e.4400"},"getTitle",[]]}
RESULT: undefined
COMMAND: POST /session/02a28b6fca6bf180b8c985fd282d7655/element/f.AD43E610194EA814EB045517701BD92D.d.FB4FE0D768A75B0029BF5DE7BDAB7B3B.e.4357/click - {}
RESULT: {}
COMMAND: GET /session/02a28b6fca6bf180b8c985fd282d7655/screenshot - {}
RESULT: {}
]]></system-out>
    </testcase>
    <testcase classname="chrome.136_0_7103_49.windows.Sanity_Tests_US104253" name="Should open Manage Classifications page" time="37.436">
      <system-out><![CDATA[
COMMAND: POST /session/02a28b6fca6bf180b8c985fd282d7655/execute/async - {"script":"<script> [1562 bytes]","args":[{"selector":{"controlType":"sap.m.GenericTile","properties":{"header":"Manage Classifications"}},"wdio_ui5_key":"sapm.GenericTile{\"header\":\"Manage Classifications\"}"}]}
RESULT: {"script":"<script> [1562 bytes]","args":[{"selector":{"controlType":"sap.m.GenericTile","properties":{"header":"Manage Classifications"}},"wdio_ui5_key":"sapm.GenericTile{\"header\":\"Manage Classifications\"}"}]}
RESULT: undefined
COMMAND: POST /session/02a28b6fca6bf180b8c985fd282d7655/element - {"using":"xpath","value":"//*[@id=\"__tile115\"]"}
RESULT: {"using":"xpath","value":"//*[@id=\"__tile115\"]"}
COMMAND: POST /session/02a28b6fca6bf180b8c985fd282d7655/element/f.AD43E610194EA814EB045517701BD92D.d.FB4FE0D768A75B0029BF5DE7BDAB7B3B.e.4404/click - {}
RESULT: {}
COMMAND: GET /session/02a28b6fca6bf180b8c985fd282d7655/screenshot - {}
RESULT: {}
COMMAND: POST /session/02a28b6fca6bf180b8c985fd282d7655/elements - {"using":"xpath","value":"//span[text()='Error']"}
RESULT: {"using":"xpath","value":"//span[text()='Error']"}
RESULT: undefined
COMMAND: POST /session/02a28b6fca6bf180b8c985fd282d7655/element - {"using":"xpath","value":"//*[@id=\"__tile115\"]"}
RESULT: {"using":"xpath","value":"//*[@id=\"__tile115\"]"}
COMMAND: POST /session/02a28b6fca6bf180b8c985fd282d7655/element/f.AD43E610194EA814EB045517701BD92D.d.FB4FE0D768A75B0029BF5DE7BDAB7B3B.e.4404/click - {}
RESULT: undefined
COMMAND: POST /session/02a28b6fca6bf180b8c985fd282d7655/element - {"using":"xpath","value":"//*[@id=\"__tile115\"]"}
RESULT: {"using":"xpath","value":"//*[@id=\"__tile115\"]"}
COMMAND: POST /session/02a28b6fca6bf180b8c985fd282d7655/element/f.AD43E610194EA814EB045517701BD92D.d.FB4FE0D768A75B0029BF5DE7BDAB7B3B.e.4404/click - {}
RESULT: undefined
COMMAND: POST /session/02a28b6fca6bf180b8c985fd282d7655/execute/async - {"script":"<script> [6424 bytes]","args":[{"element-6066-11e4-a52e-4f735466cecf":"f.AD43E610194EA814EB045517701BD92D.d.FB4FE0D768A75B0029BF5DE7BDAB7B3B.e.289"},"getTitle",[]]}
COMMAND: POST /session/02a28b6fca6bf180b8c985fd282d7655/execute/async - {"script":"<script> [1562 bytes]","args":[{"selector":{"id":"shellAppTitle"},"wdio_ui5_key":"shellAppTitle"}]}
RESULT: {"script":"<script> [1562 bytes]","args":[{"selector":{"id":"shellAppTitle"},"wdio_ui5_key":"shellAppTitle"}]}
COMMAND: POST /session/02a28b6fca6bf180b8c985fd282d7655/execute/async - {"script":"<script> [6424 bytes]","args":[{"element-6066-11e4-a52e-4f735466cecf":"f.AD43E610194EA814EB045517701BD92D.d.FB4FE0D768A75B0029BF5DE7BDAB7B3B.e.4494"},"getTitle",[]]}
RESULT: {"script":"<script> [6424 bytes]","args":[{"element-6066-11e4-a52e-4f735466cecf":"f.AD43E610194EA814EB045517701BD92D.d.FB4FE0D768A75B0029BF5DE7BDAB7B3B.e.4494"},"getTitle",[]]}
RESULT: undefined
COMMAND: POST /session/02a28b6fca6bf180b8c985fd282d7655/element/f.AD43E610194EA814EB045517701BD92D.d.FB4FE0D768A75B0029BF5DE7BDAB7B3B.e.4357/click - {}
COMMAND: POST /session/02a28b6fca6bf180b8c985fd282d7655/element - {"using":"xpath","value":"//*[@id=\"backBtn\"]"}
RESULT: {"using":"xpath","value":"//*[@id=\"backBtn\"]"}
COMMAND: POST /session/02a28b6fca6bf180b8c985fd282d7655/element/f.AD43E610194EA814EB045517701BD92D.d.FB4FE0D768A75B0029BF5DE7BDAB7B3B.e.4357/click - {}
COMMAND: POST /session/02a28b6fca6bf180b8c985fd282d7655/element - {"using":"xpath","value":"//*[@id=\"backBtn\"]"}
RESULT: {"using":"xpath","value":"//*[@id=\"backBtn\"]"}
COMMAND: POST /session/02a28b6fca6bf180b8c985fd282d7655/element/f.AD43E610194EA814EB045517701BD92D.d.FB4FE0D768A75B0029BF5DE7BDAB7B3B.e.4495/click - {}
RESULT: {}
COMMAND: GET /session/02a28b6fca6bf180b8c985fd282d7655/screenshot - {}
RESULT: {}
]]></system-out>
    </testcase>
    <testcase classname="chrome.136_0_7103_49.windows.Sanity_Tests_US104253" name="Should open Data Explorer page" time="37.206">
      <system-out><![CDATA[
COMMAND: POST /session/02a28b6fca6bf180b8c985fd282d7655/execute/async - {"script":"<script> [1562 bytes]","args":[{"selector":{"controlType":"sap.m.GenericTile","properties":{"header":"Data Explorer"}},"wdio_ui5_key":"sapm.GenericTile{\"header\":\"Data Explorer\"}"}]}
RESULT: {"script":"<script> [1562 bytes]","args":[{"selector":{"controlType":"sap.m.GenericTile","properties":{"header":"Data Explorer"}},"wdio_ui5_key":"sapm.GenericTile{\"header\":\"Data Explorer\"}"}]}
RESULT: undefined
COMMAND: POST /session/02a28b6fca6bf180b8c985fd282d7655/element - {"using":"xpath","value":"//*[@id=\"__tile117\"]"}
RESULT: {"using":"xpath","value":"//*[@id=\"__tile117\"]"}
COMMAND: POST /session/02a28b6fca6bf180b8c985fd282d7655/element/f.AD43E610194EA814EB045517701BD92D.d.FB4FE0D768A75B0029BF5DE7BDAB7B3B.e.4497/click - {}
RESULT: {}
COMMAND: GET /session/02a28b6fca6bf180b8c985fd282d7655/screenshot - {}
RESULT: {}
COMMAND: POST /session/02a28b6fca6bf180b8c985fd282d7655/elements - {"using":"xpath","value":"//span[text()='Error']"}
RESULT: {"using":"xpath","value":"//span[text()='Error']"}
RESULT: undefined
COMMAND: POST /session/02a28b6fca6bf180b8c985fd282d7655/element - {"using":"xpath","value":"//*[@id=\"__tile117\"]"}
RESULT: {"using":"xpath","value":"//*[@id=\"__tile117\"]"}
COMMAND: POST /session/02a28b6fca6bf180b8c985fd282d7655/element/f.AD43E610194EA814EB045517701BD92D.d.FB4FE0D768A75B0029BF5DE7BDAB7B3B.e.4497/click - {}
RESULT: undefined
COMMAND: POST /session/02a28b6fca6bf180b8c985fd282d7655/element - {"using":"xpath","value":"//*[@id=\"__tile117\"]"}
RESULT: {"using":"xpath","value":"//*[@id=\"__tile117\"]"}
COMMAND: POST /session/02a28b6fca6bf180b8c985fd282d7655/element/f.AD43E610194EA814EB045517701BD92D.d.FB4FE0D768A75B0029BF5DE7BDAB7B3B.e.4497/click - {}
RESULT: undefined
COMMAND: POST /session/02a28b6fca6bf180b8c985fd282d7655/execute/async - {"script":"<script> [6424 bytes]","args":[{"element-6066-11e4-a52e-4f735466cecf":"f.AD43E610194EA814EB045517701BD92D.d.FB4FE0D768A75B0029BF5DE7BDAB7B3B.e.289"},"getTitle",[]]}
COMMAND: POST /session/02a28b6fca6bf180b8c985fd282d7655/execute/async - {"script":"<script> [1562 bytes]","args":[{"selector":{"id":"shellAppTitle"},"wdio_ui5_key":"shellAppTitle"}]}
RESULT: {"script":"<script> [1562 bytes]","args":[{"selector":{"id":"shellAppTitle"},"wdio_ui5_key":"shellAppTitle"}]}
COMMAND: POST /session/02a28b6fca6bf180b8c985fd282d7655/execute/async - {"script":"<script> [6424 bytes]","args":[{"element-6066-11e4-a52e-4f735466cecf":"f.AD43E610194EA814EB045517701BD92D.d.FB4FE0D768A75B0029BF5DE7BDAB7B3B.e.4667"},"getTitle",[]]}
RESULT: {"script":"<script> [6424 bytes]","args":[{"element-6066-11e4-a52e-4f735466cecf":"f.AD43E610194EA814EB045517701BD92D.d.FB4FE0D768A75B0029BF5DE7BDAB7B3B.e.4667"},"getTitle",[]]}
RESULT: undefined
COMMAND: POST /session/02a28b6fca6bf180b8c985fd282d7655/element/f.AD43E610194EA814EB045517701BD92D.d.FB4FE0D768A75B0029BF5DE7BDAB7B3B.e.4495/click - {}
RESULT: {}
COMMAND: GET /session/02a28b6fca6bf180b8c985fd282d7655/screenshot - {}
RESULT: {}
]]></system-out>
    </testcase>
    <testcase classname="chrome.136_0_7103_49.windows.Sanity_Tests_US104253" name="Should open Performance Monitor page" time="36.494">
      <system-out><![CDATA[
COMMAND: POST /session/02a28b6fca6bf180b8c985fd282d7655/execute/async - {"script":"<script> [1562 bytes]","args":[{"selector":{"controlType":"sap.m.GenericTile","properties":{"header":"Performance Monitor"}},"wdio_ui5_key":"sapm.GenericTile{\"header\":\"Performance Monitor\"}"}]}
RESULT: {"script":"<script> [1562 bytes]","args":[{"selector":{"controlType":"sap.m.GenericTile","properties":{"header":"Performance Monitor"}},"wdio_ui5_key":"sapm.GenericTile{\"header\":\"Performance Monitor\"}"}]}
RESULT: undefined
COMMAND: POST /session/02a28b6fca6bf180b8c985fd282d7655/element - {"using":"xpath","value":"//*[@id=\"__tile116\"]"}
RESULT: {"using":"xpath","value":"//*[@id=\"__tile116\"]"}
COMMAND: POST /session/02a28b6fca6bf180b8c985fd282d7655/element/f.AD43E610194EA814EB045517701BD92D.d.FB4FE0D768A75B0029BF5DE7BDAB7B3B.e.4670/click - {}
RESULT: {}
COMMAND: GET /session/02a28b6fca6bf180b8c985fd282d7655/screenshot - {}
RESULT: {}
COMMAND: POST /session/02a28b6fca6bf180b8c985fd282d7655/elements - {"using":"xpath","value":"//span[text()='Error']"}
RESULT: {"using":"xpath","value":"//span[text()='Error']"}
RESULT: undefined
COMMAND: POST /session/02a28b6fca6bf180b8c985fd282d7655/element - {"using":"xpath","value":"//*[@id=\"__tile116\"]"}
RESULT: {"using":"xpath","value":"//*[@id=\"__tile116\"]"}
COMMAND: POST /session/02a28b6fca6bf180b8c985fd282d7655/element/f.AD43E610194EA814EB045517701BD92D.d.FB4FE0D768A75B0029BF5DE7BDAB7B3B.e.4670/click - {}
RESULT: undefined
COMMAND: POST /session/02a28b6fca6bf180b8c985fd282d7655/element - {"using":"xpath","value":"//*[@id=\"__tile116\"]"}
RESULT: {"using":"xpath","value":"//*[@id=\"__tile116\"]"}
COMMAND: POST /session/02a28b6fca6bf180b8c985fd282d7655/element/f.AD43E610194EA814EB045517701BD92D.d.FB4FE0D768A75B0029BF5DE7BDAB7B3B.e.4670/click - {}
RESULT: undefined
COMMAND: POST /session/02a28b6fca6bf180b8c985fd282d7655/execute/async - {"script":"<script> [6424 bytes]","args":[{"element-6066-11e4-a52e-4f735466cecf":"f.AD43E610194EA814EB045517701BD92D.d.FB4FE0D768A75B0029BF5DE7BDAB7B3B.e.289"},"getTitle",[]]}
COMMAND: POST /session/02a28b6fca6bf180b8c985fd282d7655/execute/async - {"script":"<script> [1562 bytes]","args":[{"selector":{"id":"shellAppTitle"},"wdio_ui5_key":"shellAppTitle"}]}
RESULT: {"script":"<script> [1562 bytes]","args":[{"selector":{"id":"shellAppTitle"},"wdio_ui5_key":"shellAppTitle"}]}
COMMAND: POST /session/02a28b6fca6bf180b8c985fd282d7655/execute/async - {"script":"<script> [6424 bytes]","args":[{"element-6066-11e4-a52e-4f735466cecf":"f.AD43E610194EA814EB045517701BD92D.d.FB4FE0D768A75B0029BF5DE7BDAB7B3B.e.4707"},"getTitle",[]]}
RESULT: {"script":"<script> [6424 bytes]","args":[{"element-6066-11e4-a52e-4f735466cecf":"f.AD43E610194EA814EB045517701BD92D.d.FB4FE0D768A75B0029BF5DE7BDAB7B3B.e.4707"},"getTitle",[]]}
RESULT: undefined
COMMAND: POST /session/02a28b6fca6bf180b8c985fd282d7655/element/f.AD43E610194EA814EB045517701BD92D.d.FB4FE0D768A75B0029BF5DE7BDAB7B3B.e.4495/click - {}
COMMAND: POST /session/02a28b6fca6bf180b8c985fd282d7655/element - {"using":"xpath","value":"//*[@id=\"backBtn\"]"}
RESULT: {"using":"xpath","value":"//*[@id=\"backBtn\"]"}
COMMAND: POST /session/02a28b6fca6bf180b8c985fd282d7655/element/f.AD43E610194EA814EB045517701BD92D.d.FB4FE0D768A75B0029BF5DE7BDAB7B3B.e.4495/click - {}
COMMAND: POST /session/02a28b6fca6bf180b8c985fd282d7655/element - {"using":"xpath","value":"//*[@id=\"backBtn\"]"}
RESULT: {"using":"xpath","value":"//*[@id=\"backBtn\"]"}
COMMAND: POST /session/02a28b6fca6bf180b8c985fd282d7655/element/f.AD43E610194EA814EB045517701BD92D.d.FB4FE0D768A75B0029BF5DE7BDAB7B3B.e.4708/click - {}
RESULT: {}
COMMAND: GET /session/02a28b6fca6bf180b8c985fd282d7655/screenshot - {}
RESULT: {}
]]></system-out>
    </testcase>
    <testcase classname="chrome.136_0_7103_49.windows.Sanity_Tests_US104253" name="Should open Organizational Model page" time="37.489">
      <system-out><![CDATA[
COMMAND: POST /session/02a28b6fca6bf180b8c985fd282d7655/execute/async - {"script":"<script> [1562 bytes]","args":[{"selector":{"controlType":"sap.m.GenericTile","properties":{"header":"Organizational Model"}},"wdio_ui5_key":"sapm.GenericTile{\"header\":\"Organizational Model\"}"}]}
RESULT: {"script":"<script> [1562 bytes]","args":[{"selector":{"controlType":"sap.m.GenericTile","properties":{"header":"Organizational Model"}},"wdio_ui5_key":"sapm.GenericTile{\"header\":\"Organizational Model\"}"}]}
RESULT: undefined
COMMAND: POST /session/02a28b6fca6bf180b8c985fd282d7655/element - {"using":"xpath","value":"//*[@id=\"__tile120\"]"}
RESULT: {"using":"xpath","value":"//*[@id=\"__tile120\"]"}
COMMAND: POST /session/02a28b6fca6bf180b8c985fd282d7655/element/f.AD43E610194EA814EB045517701BD92D.d.FB4FE0D768A75B0029BF5DE7BDAB7B3B.e.4711/click - {}
RESULT: {}
COMMAND: GET /session/02a28b6fca6bf180b8c985fd282d7655/screenshot - {}
RESULT: {}
COMMAND: POST /session/02a28b6fca6bf180b8c985fd282d7655/elements - {"using":"xpath","value":"//span[text()='Error']"}
RESULT: {"using":"xpath","value":"//span[text()='Error']"}
RESULT: undefined
COMMAND: POST /session/02a28b6fca6bf180b8c985fd282d7655/element - {"using":"xpath","value":"//*[@id=\"__tile120\"]"}
RESULT: {"using":"xpath","value":"//*[@id=\"__tile120\"]"}
COMMAND: POST /session/02a28b6fca6bf180b8c985fd282d7655/element/f.AD43E610194EA814EB045517701BD92D.d.FB4FE0D768A75B0029BF5DE7BDAB7B3B.e.4711/click - {}
RESULT: undefined
COMMAND: POST /session/02a28b6fca6bf180b8c985fd282d7655/element - {"using":"xpath","value":"//*[@id=\"__tile120\"]"}
RESULT: {"using":"xpath","value":"//*[@id=\"__tile120\"]"}
COMMAND: POST /session/02a28b6fca6bf180b8c985fd282d7655/element/f.AD43E610194EA814EB045517701BD92D.d.FB4FE0D768A75B0029BF5DE7BDAB7B3B.e.4711/click - {}
RESULT: undefined
COMMAND: POST /session/02a28b6fca6bf180b8c985fd282d7655/execute/async - {"script":"<script> [6424 bytes]","args":[{"element-6066-11e4-a52e-4f735466cecf":"f.AD43E610194EA814EB045517701BD92D.d.FB4FE0D768A75B0029BF5DE7BDAB7B3B.e.289"},"getTitle",[]]}
COMMAND: POST /session/02a28b6fca6bf180b8c985fd282d7655/execute/async - {"script":"<script> [1562 bytes]","args":[{"selector":{"id":"shellAppTitle"},"wdio_ui5_key":"shellAppTitle"}]}
RESULT: {"script":"<script> [1562 bytes]","args":[{"selector":{"id":"shellAppTitle"},"wdio_ui5_key":"shellAppTitle"}]}
COMMAND: POST /session/02a28b6fca6bf180b8c985fd282d7655/execute/async - {"script":"<script> [6424 bytes]","args":[{"element-6066-11e4-a52e-4f735466cecf":"f.AD43E610194EA814EB045517701BD92D.d.FB4FE0D768A75B0029BF5DE7BDAB7B3B.e.4729"},"getTitle",[]]}
RESULT: {"script":"<script> [6424 bytes]","args":[{"element-6066-11e4-a52e-4f735466cecf":"f.AD43E610194EA814EB045517701BD92D.d.FB4FE0D768A75B0029BF5DE7BDAB7B3B.e.4729"},"getTitle",[]]}
RESULT: undefined
COMMAND: POST /session/02a28b6fca6bf180b8c985fd282d7655/element/f.AD43E610194EA814EB045517701BD92D.d.FB4FE0D768A75B0029BF5DE7BDAB7B3B.e.4708/click - {}
RESULT: {}
COMMAND: GET /session/02a28b6fca6bf180b8c985fd282d7655/screenshot - {}
RESULT: {}
]]></system-out>
    </testcase>
    <testcase classname="chrome.136_0_7103_49.windows.Sanity_Tests_US104253" name="Should open Manage Roles page" time="37.937">
      <system-out><![CDATA[
COMMAND: POST /session/02a28b6fca6bf180b8c985fd282d7655/execute/async - {"script":"<script> [1562 bytes]","args":[{"selector":{"controlType":"sap.m.GenericTile","properties":{"header":"Manage Roles"}},"wdio_ui5_key":"sapm.GenericTile{\"header\":\"Manage Roles\"}"}]}
RESULT: {"script":"<script> [1562 bytes]","args":[{"selector":{"controlType":"sap.m.GenericTile","properties":{"header":"Manage Roles"}},"wdio_ui5_key":"sapm.GenericTile{\"header\":\"Manage Roles\"}"}]}
RESULT: undefined
COMMAND: POST /session/02a28b6fca6bf180b8c985fd282d7655/element - {"using":"xpath","value":"//*[@id=\"__tile119\"]"}
RESULT: {"using":"xpath","value":"//*[@id=\"__tile119\"]"}
COMMAND: POST /session/02a28b6fca6bf180b8c985fd282d7655/element/f.AD43E610194EA814EB045517701BD92D.d.FB4FE0D768A75B0029BF5DE7BDAB7B3B.e.4731/click - {}
RESULT: {}
COMMAND: GET /session/02a28b6fca6bf180b8c985fd282d7655/screenshot - {}
RESULT: {}
COMMAND: POST /session/02a28b6fca6bf180b8c985fd282d7655/elements - {"using":"xpath","value":"//span[text()='Error']"}
RESULT: {"using":"xpath","value":"//span[text()='Error']"}
RESULT: undefined
COMMAND: POST /session/02a28b6fca6bf180b8c985fd282d7655/element - {"using":"xpath","value":"//*[@id=\"__tile119\"]"}
RESULT: {"using":"xpath","value":"//*[@id=\"__tile119\"]"}
COMMAND: POST /session/02a28b6fca6bf180b8c985fd282d7655/element/f.AD43E610194EA814EB045517701BD92D.d.FB4FE0D768A75B0029BF5DE7BDAB7B3B.e.4731/click - {}
RESULT: undefined
COMMAND: POST /session/02a28b6fca6bf180b8c985fd282d7655/element - {"using":"xpath","value":"//*[@id=\"__tile119\"]"}
RESULT: {"using":"xpath","value":"//*[@id=\"__tile119\"]"}
COMMAND: POST /session/02a28b6fca6bf180b8c985fd282d7655/element/f.AD43E610194EA814EB045517701BD92D.d.FB4FE0D768A75B0029BF5DE7BDAB7B3B.e.4731/click - {}
RESULT: undefined
COMMAND: POST /session/02a28b6fca6bf180b8c985fd282d7655/execute/async - {"script":"<script> [6424 bytes]","args":[{"element-6066-11e4-a52e-4f735466cecf":"f.AD43E610194EA814EB045517701BD92D.d.FB4FE0D768A75B0029BF5DE7BDAB7B3B.e.289"},"getTitle",[]]}
COMMAND: POST /session/02a28b6fca6bf180b8c985fd282d7655/execute/async - {"script":"<script> [1562 bytes]","args":[{"selector":{"id":"shellAppTitle"},"wdio_ui5_key":"shellAppTitle"}]}
RESULT: {"script":"<script> [1562 bytes]","args":[{"selector":{"id":"shellAppTitle"},"wdio_ui5_key":"shellAppTitle"}]}
COMMAND: POST /session/02a28b6fca6bf180b8c985fd282d7655/execute/async - {"script":"<script> [6424 bytes]","args":[{"element-6066-11e4-a52e-4f735466cecf":"f.AD43E610194EA814EB045517701BD92D.d.FB4FE0D768A75B0029BF5DE7BDAB7B3B.e.4829"},"getTitle",[]]}
RESULT: {"script":"<script> [6424 bytes]","args":[{"element-6066-11e4-a52e-4f735466cecf":"f.AD43E610194EA814EB045517701BD92D.d.FB4FE0D768A75B0029BF5DE7BDAB7B3B.e.4829"},"getTitle",[]]}
RESULT: undefined
COMMAND: POST /session/02a28b6fca6bf180b8c985fd282d7655/element/f.AD43E610194EA814EB045517701BD92D.d.FB4FE0D768A75B0029BF5DE7BDAB7B3B.e.4708/click - {}
COMMAND: POST /session/02a28b6fca6bf180b8c985fd282d7655/element - {"using":"xpath","value":"//*[@id=\"backBtn\"]"}
RESULT: {"using":"xpath","value":"//*[@id=\"backBtn\"]"}
COMMAND: POST /session/02a28b6fca6bf180b8c985fd282d7655/element/f.AD43E610194EA814EB045517701BD92D.d.FB4FE0D768A75B0029BF5DE7BDAB7B3B.e.4708/click - {}
COMMAND: POST /session/02a28b6fca6bf180b8c985fd282d7655/element - {"using":"xpath","value":"//*[@id=\"backBtn\"]"}
RESULT: {"using":"xpath","value":"//*[@id=\"backBtn\"]"}
COMMAND: POST /session/02a28b6fca6bf180b8c985fd282d7655/element/f.AD43E610194EA814EB045517701BD92D.d.FB4FE0D768A75B0029BF5DE7BDAB7B3B.e.4830/click - {}
RESULT: {}
COMMAND: GET /session/02a28b6fca6bf180b8c985fd282d7655/screenshot - {}
RESULT: {}
]]></system-out>
    </testcase>
    <testcase classname="chrome.136_0_7103_49.windows.Sanity_Tests_US104253" name="Should open Authorization Tables page" time="36.113">
      <system-out><![CDATA[
COMMAND: POST /session/02a28b6fca6bf180b8c985fd282d7655/execute/async - {"script":"<script> [1562 bytes]","args":[{"selector":{"controlType":"sap.m.GenericTile","properties":{"header":"Authorization Tables"}},"wdio_ui5_key":"sapm.GenericTile{\"header\":\"Authorization Tables\"}"}]}
RESULT: {"script":"<script> [1562 bytes]","args":[{"selector":{"controlType":"sap.m.GenericTile","properties":{"header":"Authorization Tables"}},"wdio_ui5_key":"sapm.GenericTile{\"header\":\"Authorization Tables\"}"}]}
RESULT: undefined
COMMAND: POST /session/02a28b6fca6bf180b8c985fd282d7655/element - {"using":"xpath","value":"//*[@id=\"__tile118\"]"}
RESULT: {"using":"xpath","value":"//*[@id=\"__tile118\"]"}
COMMAND: POST /session/02a28b6fca6bf180b8c985fd282d7655/element/f.AD43E610194EA814EB045517701BD92D.d.FB4FE0D768A75B0029BF5DE7BDAB7B3B.e.4832/click - {}
RESULT: {}
COMMAND: GET /session/02a28b6fca6bf180b8c985fd282d7655/screenshot - {}
RESULT: {}
COMMAND: POST /session/02a28b6fca6bf180b8c985fd282d7655/elements - {"using":"xpath","value":"//span[text()='Error']"}
RESULT: {"using":"xpath","value":"//span[text()='Error']"}
RESULT: undefined
COMMAND: POST /session/02a28b6fca6bf180b8c985fd282d7655/element - {"using":"xpath","value":"//*[@id=\"__tile118\"]"}
RESULT: {"using":"xpath","value":"//*[@id=\"__tile118\"]"}
COMMAND: POST /session/02a28b6fca6bf180b8c985fd282d7655/element/f.AD43E610194EA814EB045517701BD92D.d.FB4FE0D768A75B0029BF5DE7BDAB7B3B.e.4832/click - {}
RESULT: undefined
COMMAND: POST /session/02a28b6fca6bf180b8c985fd282d7655/element - {"using":"xpath","value":"//*[@id=\"__tile118\"]"}
RESULT: {"using":"xpath","value":"//*[@id=\"__tile118\"]"}
COMMAND: POST /session/02a28b6fca6bf180b8c985fd282d7655/element/f.AD43E610194EA814EB045517701BD92D.d.FB4FE0D768A75B0029BF5DE7BDAB7B3B.e.4832/click - {}
RESULT: undefined
COMMAND: POST /session/02a28b6fca6bf180b8c985fd282d7655/execute/async - {"script":"<script> [6424 bytes]","args":[{"element-6066-11e4-a52e-4f735466cecf":"f.AD43E610194EA814EB045517701BD92D.d.FB4FE0D768A75B0029BF5DE7BDAB7B3B.e.289"},"getTitle",[]]}
COMMAND: POST /session/02a28b6fca6bf180b8c985fd282d7655/execute/async - {"script":"<script> [1562 bytes]","args":[{"selector":{"id":"shellAppTitle"},"wdio_ui5_key":"shellAppTitle"}]}
RESULT: {"script":"<script> [1562 bytes]","args":[{"selector":{"id":"shellAppTitle"},"wdio_ui5_key":"shellAppTitle"}]}
COMMAND: POST /session/02a28b6fca6bf180b8c985fd282d7655/execute/async - {"script":"<script> [6424 bytes]","args":[{"element-6066-11e4-a52e-4f735466cecf":"f.AD43E610194EA814EB045517701BD92D.d.FB4FE0D768A75B0029BF5DE7BDAB7B3B.e.4916"},"getTitle",[]]}
RESULT: {"script":"<script> [6424 bytes]","args":[{"element-6066-11e4-a52e-4f735466cecf":"f.AD43E610194EA814EB045517701BD92D.d.FB4FE0D768A75B0029BF5DE7BDAB7B3B.e.4916"},"getTitle",[]]}
RESULT: undefined
COMMAND: POST /session/02a28b6fca6bf180b8c985fd282d7655/element/f.AD43E610194EA814EB045517701BD92D.d.FB4FE0D768A75B0029BF5DE7BDAB7B3B.e.4830/click - {}
RESULT: {}
COMMAND: GET /session/02a28b6fca6bf180b8c985fd282d7655/screenshot - {}
RESULT: {}
]]></system-out>
    </testcase>
    <testcase classname="chrome.136_0_7103_49.windows.Sanity_Tests_US104253" name="Should open User Maintenance page" time="36.177">
      <system-out><![CDATA[
COMMAND: POST /session/02a28b6fca6bf180b8c985fd282d7655/execute/async - {"script":"<script> [1562 bytes]","args":[{"selector":{"controlType":"sap.m.GenericTile","properties":{"header":"User Maintenance"}},"wdio_ui5_key":"sapm.GenericTile{\"header\":\"User Maintenance\"}"}]}
RESULT: {"script":"<script> [1562 bytes]","args":[{"selector":{"controlType":"sap.m.GenericTile","properties":{"header":"User Maintenance"}},"wdio_ui5_key":"sapm.GenericTile{\"header\":\"User Maintenance\"}"}]}
RESULT: undefined
COMMAND: POST /session/02a28b6fca6bf180b8c985fd282d7655/element - {"using":"xpath","value":"//*[@id=\"__tile121\"]"}
RESULT: {"using":"xpath","value":"//*[@id=\"__tile121\"]"}
COMMAND: POST /session/02a28b6fca6bf180b8c985fd282d7655/element/f.AD43E610194EA814EB045517701BD92D.d.FB4FE0D768A75B0029BF5DE7BDAB7B3B.e.4918/click - {}
RESULT: {}
COMMAND: GET /session/02a28b6fca6bf180b8c985fd282d7655/screenshot - {}
RESULT: {}
COMMAND: POST /session/02a28b6fca6bf180b8c985fd282d7655/elements - {"using":"xpath","value":"//span[text()='Error']"}
RESULT: {"using":"xpath","value":"//span[text()='Error']"}
RESULT: undefined
COMMAND: POST /session/02a28b6fca6bf180b8c985fd282d7655/element - {"using":"xpath","value":"//*[@id=\"__tile121\"]"}
RESULT: {"using":"xpath","value":"//*[@id=\"__tile121\"]"}
COMMAND: POST /session/02a28b6fca6bf180b8c985fd282d7655/element/f.AD43E610194EA814EB045517701BD92D.d.FB4FE0D768A75B0029BF5DE7BDAB7B3B.e.4918/click - {}
RESULT: undefined
COMMAND: POST /session/02a28b6fca6bf180b8c985fd282d7655/element - {"using":"xpath","value":"//*[@id=\"__tile121\"]"}
RESULT: {"using":"xpath","value":"//*[@id=\"__tile121\"]"}
COMMAND: POST /session/02a28b6fca6bf180b8c985fd282d7655/element/f.AD43E610194EA814EB045517701BD92D.d.FB4FE0D768A75B0029BF5DE7BDAB7B3B.e.4918/click - {}
RESULT: undefined
COMMAND: POST /session/02a28b6fca6bf180b8c985fd282d7655/execute/async - {"script":"<script> [6424 bytes]","args":[{"element-6066-11e4-a52e-4f735466cecf":"f.AD43E610194EA814EB045517701BD92D.d.FB4FE0D768A75B0029BF5DE7BDAB7B3B.e.289"},"getTitle",[]]}
COMMAND: POST /session/02a28b6fca6bf180b8c985fd282d7655/execute/async - {"script":"<script> [1562 bytes]","args":[{"selector":{"id":"shellAppTitle"},"wdio_ui5_key":"shellAppTitle"}]}
RESULT: {"script":"<script> [1562 bytes]","args":[{"selector":{"id":"shellAppTitle"},"wdio_ui5_key":"shellAppTitle"}]}
COMMAND: POST /session/02a28b6fca6bf180b8c985fd282d7655/execute/async - {"script":"<script> [6424 bytes]","args":[{"element-6066-11e4-a52e-4f735466cecf":"f.AD43E610194EA814EB045517701BD92D.d.FB4FE0D768A75B0029BF5DE7BDAB7B3B.e.5006"},"getTitle",[]]}
RESULT: {"script":"<script> [6424 bytes]","args":[{"element-6066-11e4-a52e-4f735466cecf":"f.AD43E610194EA814EB045517701BD92D.d.FB4FE0D768A75B0029BF5DE7BDAB7B3B.e.5006"},"getTitle",[]]}
RESULT: undefined
COMMAND: POST /session/02a28b6fca6bf180b8c985fd282d7655/element/f.AD43E610194EA814EB045517701BD92D.d.FB4FE0D768A75B0029BF5DE7BDAB7B3B.e.4830/click - {}
COMMAND: POST /session/02a28b6fca6bf180b8c985fd282d7655/element - {"using":"xpath","value":"//*[@id=\"backBtn\"]"}
RESULT: {"using":"xpath","value":"//*[@id=\"backBtn\"]"}
COMMAND: POST /session/02a28b6fca6bf180b8c985fd282d7655/element/f.AD43E610194EA814EB045517701BD92D.d.FB4FE0D768A75B0029BF5DE7BDAB7B3B.e.4830/click - {}
COMMAND: POST /session/02a28b6fca6bf180b8c985fd282d7655/element - {"using":"xpath","value":"//*[@id=\"backBtn\"]"}
RESULT: {"using":"xpath","value":"//*[@id=\"backBtn\"]"}
COMMAND: POST /session/02a28b6fca6bf180b8c985fd282d7655/element/f.AD43E610194EA814EB045517701BD92D.d.FB4FE0D768A75B0029BF5DE7BDAB7B3B.e.5007/click - {}
RESULT: {}
COMMAND: GET /session/02a28b6fca6bf180b8c985fd282d7655/screenshot - {}
RESULT: {}
]]></system-out>
    </testcase>
    <testcase classname="chrome.136_0_7103_49.windows.Sanity_Tests_US104253" name="Should open Schedule Jobs page" time="35.968">
      <system-out><![CDATA[
COMMAND: POST /session/02a28b6fca6bf180b8c985fd282d7655/execute/async - {"script":"<script> [1562 bytes]","args":[{"selector":{"controlType":"sap.m.GenericTile","properties":{"header":"Schedule Jobs"}},"wdio_ui5_key":"sapm.GenericTile{\"header\":\"Schedule Jobs\"}"}]}
RESULT: {"script":"<script> [1562 bytes]","args":[{"selector":{"controlType":"sap.m.GenericTile","properties":{"header":"Schedule Jobs"}},"wdio_ui5_key":"sapm.GenericTile{\"header\":\"Schedule Jobs\"}"}]}
RESULT: undefined
COMMAND: POST /session/02a28b6fca6bf180b8c985fd282d7655/element - {"using":"xpath","value":"//*[@id=\"__tile127\"]"}
RESULT: {"using":"xpath","value":"//*[@id=\"__tile127\"]"}
COMMAND: POST /session/02a28b6fca6bf180b8c985fd282d7655/element/f.AD43E610194EA814EB045517701BD92D.d.FB4FE0D768A75B0029BF5DE7BDAB7B3B.e.5009/click - {}
RESULT: {}
COMMAND: GET /session/02a28b6fca6bf180b8c985fd282d7655/screenshot - {}
RESULT: {}
COMMAND: POST /session/02a28b6fca6bf180b8c985fd282d7655/elements - {"using":"xpath","value":"//span[text()='Error']"}
RESULT: {"using":"xpath","value":"//span[text()='Error']"}
RESULT: undefined
COMMAND: POST /session/02a28b6fca6bf180b8c985fd282d7655/element - {"using":"xpath","value":"//*[@id=\"__tile127\"]"}
RESULT: {"using":"xpath","value":"//*[@id=\"__tile127\"]"}
COMMAND: POST /session/02a28b6fca6bf180b8c985fd282d7655/element/f.AD43E610194EA814EB045517701BD92D.d.FB4FE0D768A75B0029BF5DE7BDAB7B3B.e.5009/click - {}
RESULT: undefined
COMMAND: POST /session/02a28b6fca6bf180b8c985fd282d7655/element - {"using":"xpath","value":"//*[@id=\"__tile127\"]"}
RESULT: {"using":"xpath","value":"//*[@id=\"__tile127\"]"}
COMMAND: POST /session/02a28b6fca6bf180b8c985fd282d7655/element/f.AD43E610194EA814EB045517701BD92D.d.FB4FE0D768A75B0029BF5DE7BDAB7B3B.e.5009/click - {}
RESULT: undefined
COMMAND: POST /session/02a28b6fca6bf180b8c985fd282d7655/execute/async - {"script":"<script> [6424 bytes]","args":[{"element-6066-11e4-a52e-4f735466cecf":"f.AD43E610194EA814EB045517701BD92D.d.FB4FE0D768A75B0029BF5DE7BDAB7B3B.e.289"},"getTitle",[]]}
COMMAND: POST /session/02a28b6fca6bf180b8c985fd282d7655/execute/async - {"script":"<script> [1562 bytes]","args":[{"selector":{"id":"shellAppTitle"},"wdio_ui5_key":"shellAppTitle"}]}
RESULT: {"script":"<script> [1562 bytes]","args":[{"selector":{"id":"shellAppTitle"},"wdio_ui5_key":"shellAppTitle"}]}
COMMAND: POST /session/02a28b6fca6bf180b8c985fd282d7655/execute/async - {"script":"<script> [6424 bytes]","args":[{"element-6066-11e4-a52e-4f735466cecf":"f.AD43E610194EA814EB045517701BD92D.d.FB4FE0D768A75B0029BF5DE7BDAB7B3B.e.5053"},"getTitle",[]]}
RESULT: {"script":"<script> [6424 bytes]","args":[{"element-6066-11e4-a52e-4f735466cecf":"f.AD43E610194EA814EB045517701BD92D.d.FB4FE0D768A75B0029BF5DE7BDAB7B3B.e.5053"},"getTitle",[]]}
RESULT: undefined
COMMAND: POST /session/02a28b6fca6bf180b8c985fd282d7655/element/f.AD43E610194EA814EB045517701BD92D.d.FB4FE0D768A75B0029BF5DE7BDAB7B3B.e.5007/click - {}
COMMAND: POST /session/02a28b6fca6bf180b8c985fd282d7655/element/f.AD43E610194EA814EB045517701BD92D.d.FB4FE0D768A75B0029BF5DE7BDAB7B3B.e.5007/click - {}
RESULT: {}
COMMAND: GET /session/02a28b6fca6bf180b8c985fd282d7655/screenshot - {}
COMMAND: POST /session/02a28b6fca6bf180b8c985fd282d7655/element - {"using":"xpath","value":"//*[@id=\"backBtn\"]"}
RESULT: {}
RESULT: {"using":"xpath","value":"//*[@id=\"backBtn\"]"}
COMMAND: POST /session/02a28b6fca6bf180b8c985fd282d7655/elements - {"using":"xpath","value":"//*[@id=\"backBtn\"]"}
RESULT: {"using":"xpath","value":"//*[@id=\"backBtn\"]"}
COMMAND: POST /session/02a28b6fca6bf180b8c985fd282d7655/elements - {"using":"xpath","value":"//*[@id=\"backBtn\"]"}
RESULT: {"using":"xpath","value":"//*[@id=\"backBtn\"]"}
COMMAND: POST /session/02a28b6fca6bf180b8c985fd282d7655/elements - {"using":"xpath","value":"//*[@id=\"backBtn\"]"}
RESULT: {"using":"xpath","value":"//*[@id=\"backBtn\"]"}
COMMAND: POST /session/02a28b6fca6bf180b8c985fd282d7655/elements - {"using":"xpath","value":"//*[@id=\"backBtn\"]"}
RESULT: {"using":"xpath","value":"//*[@id=\"backBtn\"]"}
COMMAND: POST /session/02a28b6fca6bf180b8c985fd282d7655/elements - {"using":"xpath","value":"//*[@id=\"backBtn\"]"}
RESULT: {"using":"xpath","value":"//*[@id=\"backBtn\"]"}
COMMAND: POST /session/02a28b6fca6bf180b8c985fd282d7655/elements - {"using":"xpath","value":"//*[@id=\"backBtn\"]"}
RESULT: {"using":"xpath","value":"//*[@id=\"backBtn\"]"}
COMMAND: POST /session/02a28b6fca6bf180b8c985fd282d7655/elements - {"using":"xpath","value":"//*[@id=\"backBtn\"]"}
RESULT: {"using":"xpath","value":"//*[@id=\"backBtn\"]"}
COMMAND: POST /session/02a28b6fca6bf180b8c985fd282d7655/elements - {"using":"xpath","value":"//*[@id=\"backBtn\"]"}
RESULT: {"using":"xpath","value":"//*[@id=\"backBtn\"]"}
COMMAND: POST /session/02a28b6fca6bf180b8c985fd282d7655/elements - {"using":"xpath","value":"//*[@id=\"backBtn\"]"}
RESULT: {"using":"xpath","value":"//*[@id=\"backBtn\"]"}
COMMAND: POST /session/02a28b6fca6bf180b8c985fd282d7655/elements - {"using":"xpath","value":"//*[@id=\"backBtn\"]"}
RESULT: {"using":"xpath","value":"//*[@id=\"backBtn\"]"}
COMMAND: POST /session/02a28b6fca6bf180b8c985fd282d7655/elements - {"using":"xpath","value":"//*[@id=\"backBtn\"]"}
RESULT: {"using":"xpath","value":"//*[@id=\"backBtn\"]"}
COMMAND: POST /session/02a28b6fca6bf180b8c985fd282d7655/elements - {"using":"xpath","value":"//*[@id=\"backBtn\"]"}
RESULT: {"using":"xpath","value":"//*[@id=\"backBtn\"]"}
COMMAND: POST /session/02a28b6fca6bf180b8c985fd282d7655/elements - {"using":"xpath","value":"//*[@id=\"backBtn\"]"}
RESULT: {"using":"xpath","value":"//*[@id=\"backBtn\"]"}
COMMAND: POST /session/02a28b6fca6bf180b8c985fd282d7655/elements - {"using":"xpath","value":"//*[@id=\"backBtn\"]"}
RESULT: {"using":"xpath","value":"//*[@id=\"backBtn\"]"}
COMMAND: POST /session/02a28b6fca6bf180b8c985fd282d7655/elements - {"using":"xpath","value":"//*[@id=\"backBtn\"]"}
RESULT: {"using":"xpath","value":"//*[@id=\"backBtn\"]"}
COMMAND: POST /session/02a28b6fca6bf180b8c985fd282d7655/elements - {"using":"xpath","value":"//*[@id=\"backBtn\"]"}
RESULT: {"using":"xpath","value":"//*[@id=\"backBtn\"]"}
COMMAND: POST /session/02a28b6fca6bf180b8c985fd282d7655/elements - {"using":"xpath","value":"//*[@id=\"backBtn\"]"}
RESULT: {"using":"xpath","value":"//*[@id=\"backBtn\"]"}
]]></system-out>
    </testcase>
    <testcase classname="chrome.136_0_7103_49.windows.Sanity_Tests_US104253" name="Should open Jobs Setup page" time="35.95">
      <system-out><![CDATA[
COMMAND: POST /session/02a28b6fca6bf180b8c985fd282d7655/execute/async - {"script":"<script> [1562 bytes]","args":[{"selector":{"controlType":"sap.m.GenericTile","properties":{"header":"Jobs Setup"}},"wdio_ui5_key":"sapm.GenericTile{\"header\":\"Jobs Setup\"}"}]}
COMMAND: POST /session/02a28b6fca6bf180b8c985fd282d7655/elements - {"using":"xpath","value":"//*[@id=\"backBtn\"]"}
RESULT: {"script":"<script> [1562 bytes]","args":[{"selector":{"controlType":"sap.m.GenericTile","properties":{"header":"Jobs Setup"}},"wdio_ui5_key":"sapm.GenericTile{\"header\":\"Jobs Setup\"}"}]}
RESULT: undefined
COMMAND: POST /session/02a28b6fca6bf180b8c985fd282d7655/element - {"using":"xpath","value":"//*[@id=\"__tile128\"]"}
RESULT: {"using":"xpath","value":"//*[@id=\"backBtn\"]"}
RESULT: {"using":"xpath","value":"//*[@id=\"__tile128\"]"}
COMMAND: POST /session/02a28b6fca6bf180b8c985fd282d7655/element/f.AD43E610194EA814EB045517701BD92D.d.FB4FE0D768A75B0029BF5DE7BDAB7B3B.e.5055/click - {}
COMMAND: POST /session/02a28b6fca6bf180b8c985fd282d7655/elements - {"using":"xpath","value":"//*[@id=\"backBtn\"]"}
RESULT: {}
COMMAND: GET /session/02a28b6fca6bf180b8c985fd282d7655/screenshot - {}
RESULT: {"using":"xpath","value":"//*[@id=\"backBtn\"]"}
COMMAND: POST /session/02a28b6fca6bf180b8c985fd282d7655/elements - {"using":"xpath","value":"//*[@id=\"backBtn\"]"}
RESULT: {}
RESULT: {"using":"xpath","value":"//*[@id=\"backBtn\"]"}
COMMAND: POST /session/02a28b6fca6bf180b8c985fd282d7655/element - {"using":"xpath","value":"//*[@id=\"backBtn\"]"}
RESULT: {"using":"xpath","value":"//*[@id=\"backBtn\"]"}
COMMAND: POST /session/02a28b6fca6bf180b8c985fd282d7655/element/f.AD43E610194EA814EB045517701BD92D.d.FB4FE0D768A75B0029BF5DE7BDAB7B3B.e.5007/click - {}
COMMAND: POST /session/02a28b6fca6bf180b8c985fd282d7655/element - {"using":"xpath","value":"//*[@id=\"backBtn\"]"}
RESULT: {"using":"xpath","value":"//*[@id=\"backBtn\"]"}
COMMAND: POST /session/02a28b6fca6bf180b8c985fd282d7655/element/f.AD43E610194EA814EB045517701BD92D.d.FB4FE0D768A75B0029BF5DE7BDAB7B3B.e.5110/click - {}
RESULT: {}
COMMAND: GET /session/02a28b6fca6bf180b8c985fd282d7655/screenshot - {}
RESULT: {}
COMMAND: POST /session/02a28b6fca6bf180b8c985fd282d7655/elements - {"using":"xpath","value":"//span[text()='Error']"}
RESULT: {"using":"xpath","value":"//span[text()='Error']"}
RESULT: undefined
COMMAND: POST /session/02a28b6fca6bf180b8c985fd282d7655/element - {"using":"xpath","value":"//*[@id=\"__tile128\"]"}
RESULT: {"using":"xpath","value":"//*[@id=\"__tile128\"]"}
COMMAND: POST /session/02a28b6fca6bf180b8c985fd282d7655/element/f.AD43E610194EA814EB045517701BD92D.d.FB4FE0D768A75B0029BF5DE7BDAB7B3B.e.5055/click - {}
RESULT: undefined
COMMAND: POST /session/02a28b6fca6bf180b8c985fd282d7655/element - {"using":"xpath","value":"//*[@id=\"__tile128\"]"}
RESULT: {"using":"xpath","value":"//*[@id=\"__tile128\"]"}
COMMAND: POST /session/02a28b6fca6bf180b8c985fd282d7655/element/f.AD43E610194EA814EB045517701BD92D.d.FB4FE0D768A75B0029BF5DE7BDAB7B3B.e.5055/click - {}
RESULT: undefined
COMMAND: POST /session/02a28b6fca6bf180b8c985fd282d7655/execute/async - {"script":"<script> [6424 bytes]","args":[{"element-6066-11e4-a52e-4f735466cecf":"f.AD43E610194EA814EB045517701BD92D.d.FB4FE0D768A75B0029BF5DE7BDAB7B3B.e.289"},"getTitle",[]]}
COMMAND: POST /session/02a28b6fca6bf180b8c985fd282d7655/execute/async - {"script":"<script> [1562 bytes]","args":[{"selector":{"id":"shellAppTitle"},"wdio_ui5_key":"shellAppTitle"}]}
RESULT: {"script":"<script> [1562 bytes]","args":[{"selector":{"id":"shellAppTitle"},"wdio_ui5_key":"shellAppTitle"}]}
COMMAND: POST /session/02a28b6fca6bf180b8c985fd282d7655/execute/async - {"script":"<script> [6424 bytes]","args":[{"element-6066-11e4-a52e-4f735466cecf":"f.AD43E610194EA814EB045517701BD92D.d.FB4FE0D768A75B0029BF5DE7BDAB7B3B.e.5140"},"getTitle",[]]}
RESULT: {"script":"<script> [6424 bytes]","args":[{"element-6066-11e4-a52e-4f735466cecf":"f.AD43E610194EA814EB045517701BD92D.d.FB4FE0D768A75B0029BF5DE7BDAB7B3B.e.5140"},"getTitle",[]]}
RESULT: undefined
COMMAND: POST /session/02a28b6fca6bf180b8c985fd282d7655/element/f.AD43E610194EA814EB045517701BD92D.d.FB4FE0D768A75B0029BF5DE7BDAB7B3B.e.5110/click - {}
COMMAND: POST /session/02a28b6fca6bf180b8c985fd282d7655/element/f.AD43E610194EA814EB045517701BD92D.d.FB4FE0D768A75B0029BF5DE7BDAB7B3B.e.5110/click - {}
RESULT: {}
COMMAND: GET /session/02a28b6fca6bf180b8c985fd282d7655/screenshot - {}
RESULT: {}
COMMAND: GET /session/02a28b6fca6bf180b8c985fd282d7655/screenshot - {}
RESULT: {}
RESULT: {}
]]></system-out>
    </testcase>
    <testcase classname="chrome.136_0_7103_49.windows.Sanity_Tests_US104253" name="Should open Target Systems Configuration page" time="35.95">
      <system-out><![CDATA[
COMMAND: POST /session/02a28b6fca6bf180b8c985fd282d7655/execute/async - {"script":"<script> [1562 bytes]","args":[{"selector":{"controlType":"sap.m.GenericTile","properties":{"header":"Target Systems Configuration"}},"wdio_ui5_key":"sapm.GenericTile{\"header\":\"Target Systems Configuration\"}"}]}
RESULT: {"script":"<script> [1562 bytes]","args":[{"selector":{"controlType":"sap.m.GenericTile","properties":{"header":"Target Systems Configuration"}},"wdio_ui5_key":"sapm.GenericTile{\"header\":\"Target Systems Configuration\"}"}]}
RESULT: undefined
COMMAND: POST /session/02a28b6fca6bf180b8c985fd282d7655/element - {"using":"xpath","value":"//*[@id=\"__tile129\"]"}
RESULT: {"using":"xpath","value":"//*[@id=\"__tile129\"]"}
COMMAND: POST /session/02a28b6fca6bf180b8c985fd282d7655/element/f.AD43E610194EA814EB045517701BD92D.d.FB4FE0D768A75B0029BF5DE7BDAB7B3B.e.5144/click - {}
RESULT: {}
COMMAND: GET /session/02a28b6fca6bf180b8c985fd282d7655/screenshot - {}
RESULT: {}
COMMAND: POST /session/02a28b6fca6bf180b8c985fd282d7655/elements - {"using":"xpath","value":"//span[text()='Error']"}
RESULT: {"using":"xpath","value":"//span[text()='Error']"}
RESULT: undefined
COMMAND: POST /session/02a28b6fca6bf180b8c985fd282d7655/element - {"using":"xpath","value":"//*[@id=\"__tile129\"]"}
RESULT: {"using":"xpath","value":"//*[@id=\"__tile129\"]"}
COMMAND: POST /session/02a28b6fca6bf180b8c985fd282d7655/element/f.AD43E610194EA814EB045517701BD92D.d.FB4FE0D768A75B0029BF5DE7BDAB7B3B.e.5144/click - {}
RESULT: undefined
COMMAND: POST /session/02a28b6fca6bf180b8c985fd282d7655/element - {"using":"xpath","value":"//*[@id=\"__tile129\"]"}
RESULT: {"using":"xpath","value":"//*[@id=\"__tile129\"]"}
COMMAND: POST /session/02a28b6fca6bf180b8c985fd282d7655/element/f.AD43E610194EA814EB045517701BD92D.d.FB4FE0D768A75B0029BF5DE7BDAB7B3B.e.5144/click - {}
RESULT: undefined
COMMAND: POST /session/02a28b6fca6bf180b8c985fd282d7655/execute/async - {"script":"<script> [6424 bytes]","args":[{"element-6066-11e4-a52e-4f735466cecf":"f.AD43E610194EA814EB045517701BD92D.d.FB4FE0D768A75B0029BF5DE7BDAB7B3B.e.289"},"getTitle",[]]}
COMMAND: POST /session/02a28b6fca6bf180b8c985fd282d7655/execute/async - {"script":"<script> [1562 bytes]","args":[{"selector":{"id":"shellAppTitle"},"wdio_ui5_key":"shellAppTitle"}]}
RESULT: {"script":"<script> [1562 bytes]","args":[{"selector":{"id":"shellAppTitle"},"wdio_ui5_key":"shellAppTitle"}]}
COMMAND: POST /session/02a28b6fca6bf180b8c985fd282d7655/execute/async - {"script":"<script> [6424 bytes]","args":[{"element-6066-11e4-a52e-4f735466cecf":"f.AD43E610194EA814EB045517701BD92D.d.FB4FE0D768A75B0029BF5DE7BDAB7B3B.e.5220"},"getTitle",[]]}
RESULT: {"script":"<script> [6424 bytes]","args":[{"element-6066-11e4-a52e-4f735466cecf":"f.AD43E610194EA814EB045517701BD92D.d.FB4FE0D768A75B0029BF5DE7BDAB7B3B.e.5220"},"getTitle",[]]}
RESULT: undefined
COMMAND: POST /session/02a28b6fca6bf180b8c985fd282d7655/element/f.AD43E610194EA814EB045517701BD92D.d.FB4FE0D768A75B0029BF5DE7BDAB7B3B.e.5110/click - {}
COMMAND: POST /session/02a28b6fca6bf180b8c985fd282d7655/element/f.AD43E610194EA814EB045517701BD92D.d.FB4FE0D768A75B0029BF5DE7BDAB7B3B.e.5110/click - {}
RESULT: {}
COMMAND: GET /session/02a28b6fca6bf180b8c985fd282d7655/screenshot - {}
COMMAND: POST /session/02a28b6fca6bf180b8c985fd282d7655/element - {"using":"xpath","value":"//*[@id=\"backBtn\"]"}
RESULT: {}
RESULT: {"using":"xpath","value":"//*[@id=\"backBtn\"]"}
COMMAND: POST /session/02a28b6fca6bf180b8c985fd282d7655/elements - {"using":"xpath","value":"//*[@id=\"backBtn\"]"}
RESULT: {"using":"xpath","value":"//*[@id=\"backBtn\"]"}
COMMAND: POST /session/02a28b6fca6bf180b8c985fd282d7655/elements - {"using":"xpath","value":"//*[@id=\"backBtn\"]"}
RESULT: {"using":"xpath","value":"//*[@id=\"backBtn\"]"}
COMMAND: POST /session/02a28b6fca6bf180b8c985fd282d7655/elements - {"using":"xpath","value":"//*[@id=\"backBtn\"]"}
RESULT: {"using":"xpath","value":"//*[@id=\"backBtn\"]"}
COMMAND: POST /session/02a28b6fca6bf180b8c985fd282d7655/elements - {"using":"xpath","value":"//*[@id=\"backBtn\"]"}
RESULT: {"using":"xpath","value":"//*[@id=\"backBtn\"]"}
COMMAND: POST /session/02a28b6fca6bf180b8c985fd282d7655/elements - {"using":"xpath","value":"//*[@id=\"backBtn\"]"}
RESULT: {"using":"xpath","value":"//*[@id=\"backBtn\"]"}
COMMAND: POST /session/02a28b6fca6bf180b8c985fd282d7655/elements - {"using":"xpath","value":"//*[@id=\"backBtn\"]"}
RESULT: {"using":"xpath","value":"//*[@id=\"backBtn\"]"}
COMMAND: POST /session/02a28b6fca6bf180b8c985fd282d7655/elements - {"using":"xpath","value":"//*[@id=\"backBtn\"]"}
RESULT: {"using":"xpath","value":"//*[@id=\"backBtn\"]"}
COMMAND: POST /session/02a28b6fca6bf180b8c985fd282d7655/elements - {"using":"xpath","value":"//*[@id=\"backBtn\"]"}
RESULT: {"using":"xpath","value":"//*[@id=\"backBtn\"]"}
COMMAND: POST /session/02a28b6fca6bf180b8c985fd282d7655/elements - {"using":"xpath","value":"//*[@id=\"backBtn\"]"}
RESULT: {"using":"xpath","value":"//*[@id=\"backBtn\"]"}
COMMAND: POST /session/02a28b6fca6bf180b8c985fd282d7655/elements - {"using":"xpath","value":"//*[@id=\"backBtn\"]"}
RESULT: {"using":"xpath","value":"//*[@id=\"backBtn\"]"}
COMMAND: POST /session/02a28b6fca6bf180b8c985fd282d7655/elements - {"using":"xpath","value":"//*[@id=\"backBtn\"]"}
RESULT: {"using":"xpath","value":"//*[@id=\"backBtn\"]"}
COMMAND: POST /session/02a28b6fca6bf180b8c985fd282d7655/elements - {"using":"xpath","value":"//*[@id=\"backBtn\"]"}
RESULT: {"using":"xpath","value":"//*[@id=\"backBtn\"]"}
COMMAND: POST /session/02a28b6fca6bf180b8c985fd282d7655/elements - {"using":"xpath","value":"//*[@id=\"backBtn\"]"}
RESULT: {"using":"xpath","value":"//*[@id=\"backBtn\"]"}
COMMAND: POST /session/02a28b6fca6bf180b8c985fd282d7655/elements - {"using":"xpath","value":"//*[@id=\"backBtn\"]"}
RESULT: {"using":"xpath","value":"//*[@id=\"backBtn\"]"}
COMMAND: POST /session/02a28b6fca6bf180b8c985fd282d7655/elements - {"using":"xpath","value":"//*[@id=\"backBtn\"]"}
RESULT: {"using":"xpath","value":"//*[@id=\"backBtn\"]"}
COMMAND: POST /session/02a28b6fca6bf180b8c985fd282d7655/elements - {"using":"xpath","value":"//*[@id=\"backBtn\"]"}
RESULT: {"using":"xpath","value":"//*[@id=\"backBtn\"]"}
COMMAND: POST /session/02a28b6fca6bf180b8c985fd282d7655/elements - {"using":"xpath","value":"//*[@id=\"backBtn\"]"}
RESULT: {"using":"xpath","value":"//*[@id=\"backBtn\"]"}
COMMAND: POST /session/02a28b6fca6bf180b8c985fd282d7655/elements - {"using":"xpath","value":"//*[@id=\"backBtn\"]"}
RESULT: {"using":"xpath","value":"//*[@id=\"backBtn\"]"}
COMMAND: POST /session/02a28b6fca6bf180b8c985fd282d7655/elements - {"using":"xpath","value":"//*[@id=\"backBtn\"]"}
RESULT: {"using":"xpath","value":"//*[@id=\"backBtn\"]"}
COMMAND: POST /session/02a28b6fca6bf180b8c985fd282d7655/elements - {"using":"xpath","value":"//*[@id=\"backBtn\"]"}
RESULT: {"using":"xpath","value":"//*[@id=\"backBtn\"]"}
COMMAND: POST /session/02a28b6fca6bf180b8c985fd282d7655/elements - {"using":"xpath","value":"//*[@id=\"backBtn\"]"}
RESULT: {"using":"xpath","value":"//*[@id=\"backBtn\"]"}
COMMAND: POST /session/02a28b6fca6bf180b8c985fd282d7655/elements - {"using":"xpath","value":"//*[@id=\"backBtn\"]"}
RESULT: {"using":"xpath","value":"//*[@id=\"backBtn\"]"}
COMMAND: POST /session/02a28b6fca6bf180b8c985fd282d7655/elements - {"using":"xpath","value":"//*[@id=\"backBtn\"]"}
RESULT: {"using":"xpath","value":"//*[@id=\"backBtn\"]"}
COMMAND: POST /session/02a28b6fca6bf180b8c985fd282d7655/elements - {"using":"xpath","value":"//*[@id=\"backBtn\"]"}
RESULT: {"using":"xpath","value":"//*[@id=\"backBtn\"]"}
COMMAND: POST /session/02a28b6fca6bf180b8c985fd282d7655/elements - {"using":"xpath","value":"//*[@id=\"backBtn\"]"}
RESULT: {"using":"xpath","value":"//*[@id=\"backBtn\"]"}
COMMAND: POST /session/02a28b6fca6bf180b8c985fd282d7655/elements - {"using":"xpath","value":"//*[@id=\"backBtn\"]"}
RESULT: {"using":"xpath","value":"//*[@id=\"backBtn\"]"}
COMMAND: POST /session/02a28b6fca6bf180b8c985fd282d7655/elements - {"using":"xpath","value":"//*[@id=\"backBtn\"]"}
RESULT: {"using":"xpath","value":"//*[@id=\"backBtn\"]"}
COMMAND: POST /session/02a28b6fca6bf180b8c985fd282d7655/elements - {"using":"xpath","value":"//*[@id=\"backBtn\"]"}
RESULT: {"using":"xpath","value":"//*[@id=\"backBtn\"]"}
COMMAND: POST /session/02a28b6fca6bf180b8c985fd282d7655/elements - {"using":"xpath","value":"//*[@id=\"backBtn\"]"}
RESULT: {"using":"xpath","value":"//*[@id=\"backBtn\"]"}
COMMAND: POST /session/02a28b6fca6bf180b8c985fd282d7655/elements - {"using":"xpath","value":"//*[@id=\"backBtn\"]"}
RESULT: {"using":"xpath","value":"//*[@id=\"backBtn\"]"}
COMMAND: POST /session/02a28b6fca6bf180b8c985fd282d7655/elements - {"using":"xpath","value":"//*[@id=\"backBtn\"]"}
RESULT: {"using":"xpath","value":"//*[@id=\"backBtn\"]"}
COMMAND: POST /session/02a28b6fca6bf180b8c985fd282d7655/elements - {"using":"xpath","value":"//*[@id=\"backBtn\"]"}
RESULT: {"using":"xpath","value":"//*[@id=\"backBtn\"]"}
COMMAND: POST /session/02a28b6fca6bf180b8c985fd282d7655/elements - {"using":"xpath","value":"//*[@id=\"backBtn\"]"}
RESULT: {"using":"xpath","value":"//*[@id=\"backBtn\"]"}
COMMAND: POST /session/02a28b6fca6bf180b8c985fd282d7655/elements - {"using":"xpath","value":"//*[@id=\"backBtn\"]"}
RESULT: {"using":"xpath","value":"//*[@id=\"backBtn\"]"}
COMMAND: POST /session/02a28b6fca6bf180b8c985fd282d7655/elements - {"using":"xpath","value":"//*[@id=\"backBtn\"]"}
RESULT: {"using":"xpath","value":"//*[@id=\"backBtn\"]"}
COMMAND: POST /session/02a28b6fca6bf180b8c985fd282d7655/elements - {"using":"xpath","value":"//*[@id=\"backBtn\"]"}
RESULT: {"using":"xpath","value":"//*[@id=\"backBtn\"]"}
COMMAND: POST /session/02a28b6fca6bf180b8c985fd282d7655/elements - {"using":"xpath","value":"//*[@id=\"backBtn\"]"}
RESULT: {"using":"xpath","value":"//*[@id=\"backBtn\"]"}
COMMAND: DELETE /session/02a28b6fca6bf180b8c985fd282d7655 - {}
RESULT: {}
]]></system-out>
    </testcase>
  </testsuite>
</testsuites>