<?xml version="1.0" encoding="UTF-8"?>
<testsuites tests="5" failures="4" errors="4" skipped="0">
  <testsuite timestamp="2025-06-14T16:51:47" time="339.465" tests="4" failures="3" errors="3" skipped="0">
    <properties>
      <property name="specId" value="0"/>
      <property name="suiteName" value="ISC Template - Time schedule US156099"/>
      <property name="capabilities" value="chrome.137_0_7151_69.windows"/>
      <property name="file" value="file:///D:/a/1/s/test/specs/ISC/isc-template-time-schedule.spec.js"/>
    </properties>
    <testcase classname="chrome.137_0_7151_69.windows.ISC_Template_-_Time_schedule_US156099" name="Should verify if the yard has the currency and the storage location assigned" time="67.023">
      <system-out><![CDATA[
COMMAND: POST /session/49a7b3339b72a9487f712fa2be1e91e1/execute/async - {"script":"<script> [1562 bytes]","args":[{"selector":{"controlType":"sap.m.GenericTile","properties":{"header":"Manage Yards"}},"wdio_ui5_key":"sapm.GenericTile{\"header\":\"Manage Yards\"}"}]}
RESULT: {"script":"<script> [1562 bytes]","args":[{"selector":{"controlType":"sap.m.GenericTile","properties":{"header":"Manage Yards"}},"wdio_ui5_key":"sapm.GenericTile{\"header\":\"Manage Yards\"}"}]}
RESULT: undefined
COMMAND: POST /session/49a7b3339b72a9487f712fa2be1e91e1/element - {"using":"xpath","value":"//*[@id=\"__tile42\"]"}
RESULT: {"using":"xpath","value":"//*[@id=\"__tile42\"]"}
COMMAND: POST /session/49a7b3339b72a9487f712fa2be1e91e1/element/f.98EE531E16AC564976FA64A86AFB7202.d.BFCACF77FCAE34529C55425E61A2A7B8.e.116/click - {}
RESULT: {}
COMMAND: GET /session/49a7b3339b72a9487f712fa2be1e91e1/screenshot - {}
RESULT: {}
COMMAND: POST /session/49a7b3339b72a9487f712fa2be1e91e1/elements - {"using":"xpath","value":"//span[text()='Error']"}
RESULT: {"using":"xpath","value":"//span[text()='Error']"}
COMMAND: POST /session/49a7b3339b72a9487f712fa2be1e91e1/element - {"using":"xpath","value":"//input[contains(@id ,\"application-manageyards-display-component---masterYard--smartFilterBar-btnBasicSearch\")]"}
RESULT: {"using":"xpath","value":"//input[contains(@id ,\"application-manageyards-display-component---masterYard--smartFilterBar-btnBasicSearch\")]"}
COMMAND: POST /session/49a7b3339b72a9487f712fa2be1e91e1/elements - {"using":"xpath","value":"//input[contains(@id ,\"application-manageyards-display-component---masterYard--smartFilterBar-btnBasicSearch\")]"}
RESULT: {"using":"xpath","value":"//input[contains(@id ,\"application-manageyards-display-component---masterYard--smartFilterBar-btnBasicSearch\")]"}
COMMAND: POST /session/49a7b3339b72a9487f712fa2be1e91e1/elements - {"using":"xpath","value":"//input[contains(@id ,\"application-manageyards-display-component---masterYard--smartFilterBar-btnBasicSearch\")]"}
RESULT: {"using":"xpath","value":"//input[contains(@id ,\"application-manageyards-display-component---masterYard--smartFilterBar-btnBasicSearch\")]"}
COMMAND: POST /session/49a7b3339b72a9487f712fa2be1e91e1/elements - {"using":"xpath","value":"//input[contains(@id ,\"application-manageyards-display-component---masterYard--smartFilterBar-btnBasicSearch\")]"}
RESULT: {"using":"xpath","value":"//input[contains(@id ,\"application-manageyards-display-component---masterYard--smartFilterBar-btnBasicSearch\")]"}
COMMAND: POST /session/49a7b3339b72a9487f712fa2be1e91e1/elements - {"using":"xpath","value":"//input[contains(@id ,\"application-manageyards-display-component---masterYard--smartFilterBar-btnBasicSearch\")]"}
RESULT: {"using":"xpath","value":"//input[contains(@id ,\"application-manageyards-display-component---masterYard--smartFilterBar-btnBasicSearch\")]"}
COMMAND: POST /session/49a7b3339b72a9487f712fa2be1e91e1/element - {"using":"xpath","value":"//input[contains(@id ,\"application-manageyards-display-component---masterYard--smartFilterBar-btnBasicSearch\")]"}
RESULT: {"using":"xpath","value":"//input[contains(@id ,\"application-manageyards-display-component---masterYard--smartFilterBar-btnBasicSearch\")]"}
COMMAND: POST /session/49a7b3339b72a9487f712fa2be1e91e1/element/f.98EE531E16AC564976FA64A86AFB7202.d.BFCACF77FCAE34529C55425E61A2A7B8.e.140/clear - {}
RESULT: {}
COMMAND: POST /session/49a7b3339b72a9487f712fa2be1e91e1/element/f.98EE531E16AC564976FA64A86AFB7202.d.BFCACF77FCAE34529C55425E61A2A7B8.e.140/value - {"text":"109"}
COMMAND: GET /session/49a7b3339b72a9487f712fa2be1e91e1/screenshot - {}
RESULT: {"text":"109"}
COMMAND: POST /session/49a7b3339b72a9487f712fa2be1e91e1/actions - {"actions":[{"id":"action1","type":"key","parameters":{},"actions":[{"type":"keyDown","value":""},{"type":"pause","duration":10},{"type":"keyUp","value":""}]}]}
COMMAND: GET /session/49a7b3339b72a9487f712fa2be1e91e1/screenshot - {}
RESULT: {}
RESULT: {"actions":[{"id":"action1","type":"key","parameters":{},"actions":[{"type":"keyDown","value":""},{"type":"pause","duration":10},{"type":"keyUp","value":""}]}]}
COMMAND: GET /session/49a7b3339b72a9487f712fa2be1e91e1/screenshot - {}
RESULT: {}
RESULT: {}
COMMAND: POST /session/49a7b3339b72a9487f712fa2be1e91e1/execute/async - {"script":"<script> [1562 bytes]","args":[{"selector":{"controlType":"sap.ui.core.Icon","viewName":"etm.portal.ui.manageyards.view.Master","viewId":"application-manageyards-display-component---masterYard","properties":{"src":{"regex":{"source":"slim\\-arrow\\-right"}}}},"wdio_ui5_key":"etmportal.ui.manageyards.view.Mastersap.ui.core.Icon{\"src\":{\"regex\":{\"source\":\"slim\\\\-arrow\\\\-right\"}}}"}]}
RESULT: {"script":"<script> [1562 bytes]","args":[{"selector":{"controlType":"sap.ui.core.Icon","viewName":"etm.portal.ui.manageyards.view.Master","viewId":"application-manageyards-display-component---masterYard","properties":{"src":{"regex":{"source":"slim\\-arrow\\-right"}}}},"wdio_ui5_key":"etmportal.ui.manageyards.view.Mastersap.ui.core.Icon{\"src\":{\"regex\":{\"source\":\"slim\\\\-arrow\\\\-right\"}}}"}]}
RESULT: undefined
COMMAND: POST /session/49a7b3339b72a9487f712fa2be1e91e1/element - {"using":"xpath","value":"//*[@id=\"__item22-__clone9-imgNav\"]"}
RESULT: {"using":"xpath","value":"//*[@id=\"__item22-__clone9-imgNav\"]"}
COMMAND: POST /session/49a7b3339b72a9487f712fa2be1e91e1/element/f.98EE531E16AC564976FA64A86AFB7202.d.BFCACF77FCAE34529C55425E61A2A7B8.e.163/click - {}
RESULT: {}
COMMAND: GET /session/49a7b3339b72a9487f712fa2be1e91e1/screenshot - {}
RESULT: {}
COMMAND: POST /session/49a7b3339b72a9487f712fa2be1e91e1/execute/async - {"script":"<script> [1562 bytes]","args":[{"selector":{"controlType":"sap.m.Button","viewName":"etm.portal.ui.manageyards.view.Detail","viewId":"application-manageyards-display-component---detailYard","properties":{"text":"Commercial"},"interaction":{"idSuffix":"BDI-content"}},"wdio_ui5_key":"etmportal.ui.manageyards.view.Detailsap.m.Button{\"text\":\"Commercial\"}"}]}
RESULT: {"script":"<script> [1562 bytes]","args":[{"selector":{"controlType":"sap.m.Button","viewName":"etm.portal.ui.manageyards.view.Detail","viewId":"application-manageyards-display-component---detailYard","properties":{"text":"Commercial"},"interaction":{"idSuffix":"BDI-content"}},"wdio_ui5_key":"etmportal.ui.manageyards.view.Detailsap.m.Button{\"text\":\"Commercial\"}"}]}
RESULT: undefined
COMMAND: POST /session/49a7b3339b72a9487f712fa2be1e91e1/element - {"using":"xpath","value":"//*[@id=\"application-manageyards-display-component---detailYard--ObjectPageLayout-anchBar-__section5-anchor\"]"}
RESULT: {"using":"xpath","value":"//*[@id=\"application-manageyards-display-component---detailYard--ObjectPageLayout-anchBar-__section5-anchor\"]"}
COMMAND: POST /session/49a7b3339b72a9487f712fa2be1e91e1/element/f.98EE531E16AC564976FA64A86AFB7202.d.BFCACF77FCAE34529C55425E61A2A7B8.e.281/click - {}
RESULT: {}
COMMAND: GET /session/49a7b3339b72a9487f712fa2be1e91e1/screenshot - {}
RESULT: {}
COMMAND: POST /session/49a7b3339b72a9487f712fa2be1e91e1/element - {"using":"xpath","value":"//span[contains(text(), \"Euro\")]"}
RESULT: {"using":"xpath","value":"//span[contains(text(), \"Euro\")]"}
COMMAND: POST /session/49a7b3339b72a9487f712fa2be1e91e1/element - {"using":"xpath","value":"//span[contains(text(), \"0010\")]"}
RESULT: {"using":"xpath","value":"//span[contains(text(), \"0010\")]"}
COMMAND: POST /session/49a7b3339b72a9487f712fa2be1e91e1/execute/sync - {"script":"<script> [8489 bytes]","args":[{"element-6066-11e4-a52e-4f735466cecf":"f.98EE531E16AC564976FA64A86AFB7202.d.BFCACF77FCAE34529C55425E61A2A7B8.e.290","ELEMENT":"f.98EE531E16AC564976FA64A86AFB7202.d.BFCACF77FCAE34529C55425E61A2A7B8.e.290"}]}
RESULT: {"script":"<script> [8489 bytes]","args":[{"element-6066-11e4-a52e-4f735466cecf":"f.98EE531E16AC564976FA64A86AFB7202.d.BFCACF77FCAE34529C55425E61A2A7B8.e.290","ELEMENT":"f.98EE531E16AC564976FA64A86AFB7202.d.BFCACF77FCAE34529C55425E61A2A7B8.e.290"}]}
COMMAND: POST /session/49a7b3339b72a9487f712fa2be1e91e1/execute/sync - {"script":"<script> [8489 bytes]","args":[{"element-6066-11e4-a52e-4f735466cecf":"f.98EE531E16AC564976FA64A86AFB7202.d.BFCACF77FCAE34529C55425E61A2A7B8.e.291","ELEMENT":"f.98EE531E16AC564976FA64A86AFB7202.d.BFCACF77FCAE34529C55425E61A2A7B8.e.291"}]}
COMMAND: GET /session/49a7b3339b72a9487f712fa2be1e91e1/screenshot - {}
RESULT: {"script":"<script> [8489 bytes]","args":[{"element-6066-11e4-a52e-4f735466cecf":"f.98EE531E16AC564976FA64A86AFB7202.d.BFCACF77FCAE34529C55425E61A2A7B8.e.291","ELEMENT":"f.98EE531E16AC564976FA64A86AFB7202.d.BFCACF77FCAE34529C55425E61A2A7B8.e.291"}]}
COMMAND: POST /session/49a7b3339b72a9487f712fa2be1e91e1/element - {"using":"css selector","value":"#shell-header-logo"}
COMMAND: GET /session/49a7b3339b72a9487f712fa2be1e91e1/screenshot - {}
RESULT: {}
RESULT: {"using":"css selector","value":"#shell-header-logo"}
COMMAND: POST /session/49a7b3339b72a9487f712fa2be1e91e1/element/f.98EE531E16AC564976FA64A86AFB7202.d.BFCACF77FCAE34529C55425E61A2A7B8.e.119/click - {}
RESULT: {}
RESULT: {}
COMMAND: GET /session/49a7b3339b72a9487f712fa2be1e91e1/screenshot - {}
RESULT: {}
COMMAND: POST /session/49a7b3339b72a9487f712fa2be1e91e1/refresh - {}
RESULT: {}
COMMAND: GET /session/49a7b3339b72a9487f712fa2be1e91e1/screenshot - {}
RESULT: {}
COMMAND: POST /session/49a7b3339b72a9487f712fa2be1e91e1/execute/async - {"script":"<script> [189 bytes]","args":[]}
RESULT: {"script":"<script> [189 bytes]","args":[]}
COMMAND: POST /session/49a7b3339b72a9487f712fa2be1e91e1/execute/async - {"script":"<script> [123 bytes]","args":[]}
RESULT: {"script":"<script> [123 bytes]","args":[]}
COMMAND: POST /session/49a7b3339b72a9487f712fa2be1e91e1/timeouts - {"script":"<number>"}
RESULT: {"script":"<number>"}
COMMAND: GET /session/49a7b3339b72a9487f712fa2be1e91e1/timeouts - {}
RESULT: {}
RESULT: undefined
COMMAND: POST /session/49a7b3339b72a9487f712fa2be1e91e1/execute/async - {"script":"<script> [2676 bytes]","args":[]}
RESULT: {"script":"<script> [2676 bytes]","args":[]}
COMMAND: POST /session/49a7b3339b72a9487f712fa2be1e91e1/execute/async - {"script":"<script> [2342 bytes]","args":[{"protocol":"http","hostname":"0.0.0.0","path":"/","capabilities":{"browserName":"chrome","goog:chromeOptions":{"binary":"C:\\Program Files\\Google\\Chrome\\Application\\chrome.exe","args":["--start-maximized"]}},"logLevel":"warn","connectionRetryTimeout":120000,"connectionRetryCount":3,"logLevels":{},"enableDirectConnect":true,"strictSSL":true,"_":"65 more keys: [\"cacheDir\",\"port\",\"requestedCapabilities\",\"automationProtocol\",\"baseUrl\",\"waitforInterval\",\"waitforTimeout\",\"onReload\",\"beforeCommand\",\"afterCommand\",\"rootDir\",\"specs\",\"suites\",\"exclude\",\"groupLogsByTestSpec\",\"excludeDriverLogs\",\"bail\",\"framework\",\"reporters\",\"services\",\"maxInstances\",\"maxInstancesPerCapability\",\"injectGlobals\",\"filesToWatch\",\"execArgv\",\"runnerEnv\",\"runner\",\"shard\",\"specFileRetries\",\"specFileRetriesDelay\",\"specFileRetriesDeferred\",\"reporterSyncInterval\",\"reporterSyncTimeout\",\"cucumberFeaturesWithLineNumbers\",\"autoCompileOpts\",\"mochaOpts\",\"jasmineOpts\",\"cucumberOpts\",\"onPrepare\",\"onWorkerStart\",\"onWorkerEnd\",\"before\",\"beforeSession\",\"beforeSuite\",\"beforeHook\",\"beforeTest\",\"afterTest\",\"afterHook\",\"afterSuite\",\"afterSession\",\"after\",\"onComplete\",\"beforeAssertion\",\"afterAssertion\",\"beforeFeature\",\"beforeScenario\",\"beforeStep\",\"afterStep\",\"afterScenario\",\"afterFeature\",\"_\",\"suite\",\"$0\",\"ignoredWorkerServices\",\"wdi5\"]"}]}
RESULT: {"script":"<script> [2342 bytes]","args":[{"protocol":"http","hostname":"0.0.0.0","path":"/","capabilities":{"browserName":"chrome","goog:chromeOptions":{"binary":"C:\\Program Files\\Google\\Chrome\\Application\\chrome.exe","args":["--start-maximized"]}},"logLevel":"warn","connectionRetryTimeout":120000,"connectionRetryCount":3,"logLevels":{},"enableDirectConnect":true,"strictSSL":true,"_":"65 more keys: [\"cacheDir\",\"port\",\"requestedCapabilities\",\"automationProtocol\",\"baseUrl\",\"waitforInterval\",\"waitforTimeout\",\"onReload\",\"beforeCommand\",\"afterCommand\",\"rootDir\",\"specs\",\"suites\",\"exclude\",\"groupLogsByTestSpec\",\"excludeDriverLogs\",\"bail\",\"framework\",\"reporters\",\"services\",\"maxInstances\",\"maxInstancesPerCapability\",\"injectGlobals\",\"filesToWatch\",\"execArgv\",\"runnerEnv\",\"runner\",\"shard\",\"specFileRetries\",\"specFileRetriesDelay\",\"specFileRetriesDeferred\",\"reporterSyncInterval\",\"reporterSyncTimeout\",\"cucumberFeaturesWithLineNumbers\",\"autoCompileOpts\",\"mochaOpts\",\"jasmineOpts\",\"cucumberOpts\",\"onPrepare\",\"onWorkerStart\",\"onWorkerEnd\",\"before\",\"beforeSession\",\"beforeSuite\",\"beforeHook\",\"beforeTest\",\"afterTest\",\"afterHook\",\"afterSuite\",\"afterSession\",\"after\",\"onComplete\",\"beforeAssertion\",\"afterAssertion\",\"beforeFeature\",\"beforeScenario\",\"beforeStep\",\"afterStep\",\"afterScenario\",\"afterFeature\",\"_\",\"suite\",\"$0\",\"ignoredWorkerServices\",\"wdi5\"]"}]}
COMMAND: POST /session/49a7b3339b72a9487f712fa2be1e91e1/execute/async - {"script":"<script> [21126 bytes]","args":[35000]}
RESULT: {"script":"<script> [21126 bytes]","args":[35000]}
]]></system-out>
    </testcase>
    <testcase classname="chrome.137_0_7151_69.windows.ISC_Template_-_Time_schedule_US156099" name="Should add the material link" time="144.769">
      <failure/>
      <error message="Can't call click on element with selector &quot;//span[contains(text(), &quot;Bolt&quot;)]&quot; because element wasn't found"/>
      <system-out><![CDATA[
COMMAND: POST /session/49a7b3339b72a9487f712fa2be1e91e1/execute/async - {"script":"<script> [1562 bytes]","args":[{"selector":{"controlType":"sap.m.GenericTile","properties":{"header":"Manage Resources"}},"wdio_ui5_key":"sapm.GenericTile{\"header\":\"Manage Resources\"}"}]}
RESULT: {"script":"<script> [1562 bytes]","args":[{"selector":{"controlType":"sap.m.GenericTile","properties":{"header":"Manage Resources"}},"wdio_ui5_key":"sapm.GenericTile{\"header\":\"Manage Resources\"}"}]}
RESULT: undefined
COMMAND: POST /session/49a7b3339b72a9487f712fa2be1e91e1/element - {"using":"xpath","value":"//*[@id=\"__tile40\"]"}
RESULT: {"using":"xpath","value":"//*[@id=\"__tile40\"]"}
COMMAND: POST /session/49a7b3339b72a9487f712fa2be1e91e1/element/f.98EE531E16AC564976FA64A86AFB7202.d.E914D7C25DE18A8E50487918FC33A55D.e.310/click - {}
RESULT: {}
COMMAND: GET /session/49a7b3339b72a9487f712fa2be1e91e1/screenshot - {}
RESULT: {}
COMMAND: POST /session/49a7b3339b72a9487f712fa2be1e91e1/elements - {"using":"xpath","value":"//span[text()='Error']"}
RESULT: {"using":"xpath","value":"//span[text()='Error']"}
COMMAND: POST /session/49a7b3339b72a9487f712fa2be1e91e1/element - {"using":"xpath","value":"//input[contains(@id ,\"application-manageresources-display-component---masterRU--smartFilterBar-btnBasicSearch-I\")]"}
RESULT: {"using":"xpath","value":"//input[contains(@id ,\"application-manageresources-display-component---masterRU--smartFilterBar-btnBasicSearch-I\")]"}
COMMAND: POST /session/49a7b3339b72a9487f712fa2be1e91e1/element/f.98EE531E16AC564976FA64A86AFB7202.d.E914D7C25DE18A8E50487918FC33A55D.e.329/value - {"text":"200013"}
RESULT: {"text":"200013"}
COMMAND: GET /session/49a7b3339b72a9487f712fa2be1e91e1/screenshot - {}
RESULT: {}
COMMAND: POST /session/49a7b3339b72a9487f712fa2be1e91e1/actions - {"actions":[{"id":"action2","type":"key","parameters":{},"actions":[{"type":"keyDown","value":""},{"type":"pause","duration":10},{"type":"keyUp","value":""}]}]}
RESULT: {"actions":[{"id":"action2","type":"key","parameters":{},"actions":[{"type":"keyDown","value":""},{"type":"pause","duration":10},{"type":"keyUp","value":""}]}]}
COMMAND: GET /session/49a7b3339b72a9487f712fa2be1e91e1/screenshot - {}
RESULT: {}
COMMAND: POST /session/49a7b3339b72a9487f712fa2be1e91e1/execute/async - {"script":"<script> [1562 bytes]","args":[{"selector":{"controlType":"sap.ui.core.Icon","viewName":"etm.portal.ui.manageresources.view.Master","viewId":"application-manageresources-display-component---masterRU","properties":{"src":{"regex":{"source":"slim\\-arrow\\-right"}}}},"wdio_ui5_key":"etmportal.ui.manageresources.view.Mastersap.ui.core.Icon{\"src\":{\"regex\":{\"source\":\"slim\\\\-arrow\\\\-right\"}}}"}]}
RESULT: {"script":"<script> [1562 bytes]","args":[{"selector":{"controlType":"sap.ui.core.Icon","viewName":"etm.portal.ui.manageresources.view.Master","viewId":"application-manageresources-display-component---masterRU","properties":{"src":{"regex":{"source":"slim\\-arrow\\-right"}}}},"wdio_ui5_key":"etmportal.ui.manageresources.view.Mastersap.ui.core.Icon{\"src\":{\"regex\":{\"source\":\"slim\\\\-arrow\\\\-right\"}}}"}]}
RESULT: undefined
COMMAND: POST /session/49a7b3339b72a9487f712fa2be1e91e1/element - {"using":"xpath","value":"//*[@id=\"__item35-__clone109-imgNav\"]"}
RESULT: {"using":"xpath","value":"//*[@id=\"__item35-__clone109-imgNav\"]"}
COMMAND: POST /session/49a7b3339b72a9487f712fa2be1e91e1/element/f.98EE531E16AC564976FA64A86AFB7202.d.E914D7C25DE18A8E50487918FC33A55D.e.498/click - {}
RESULT: {}
COMMAND: GET /session/49a7b3339b72a9487f712fa2be1e91e1/screenshot - {}
RESULT: {}
COMMAND: POST /session/49a7b3339b72a9487f712fa2be1e91e1/element - {"using":"xpath","value":"//*[contains(@data-kt ,\"materialNoLink\")][contains(text(), \"1000100022\")]"}
RESULT: {"using":"xpath","value":"//*[contains(@data-kt ,\"materialNoLink\")][contains(text(), \"1000100022\")]"}
COMMAND: POST /session/49a7b3339b72a9487f712fa2be1e91e1/element - {"using":"xpath","value":"//*[contains(@data-kt ,\"materialNoLink\")][contains(text(), \"1000100022\")]"}
RESULT: {"using":"xpath","value":"//*[contains(@data-kt ,\"materialNoLink\")][contains(text(), \"1000100022\")]"}
COMMAND: POST /session/49a7b3339b72a9487f712fa2be1e91e1/execute/async - {"script":"<script> [1562 bytes]","args":[{"selector":{"controlType":"sap.m.Button","viewName":"etm.portal.ui.manageresources.view.Detail","viewId":"application-manageresources-display-component---detailRU","i18NText":{"propertyName":"text","key":"edit"},"interaction":{"idSuffix":"BDI-content"}},"wdio_ui5_key":"etmportal.ui.manageresources.view.Detailsap.m.Button{\"propertyName\":\"text\",\"key\":\"edit\"}"}]}
RESULT: {"script":"<script> [1562 bytes]","args":[{"selector":{"controlType":"sap.m.Button","viewName":"etm.portal.ui.manageresources.view.Detail","viewId":"application-manageresources-display-component---detailRU","i18NText":{"propertyName":"text","key":"edit"},"interaction":{"idSuffix":"BDI-content"}},"wdio_ui5_key":"etmportal.ui.manageresources.view.Detailsap.m.Button{\"propertyName\":\"text\",\"key\":\"edit\"}"}]}
RESULT: undefined
COMMAND: POST /session/49a7b3339b72a9487f712fa2be1e91e1/element - {"using":"xpath","value":"//*[@id=\"__button15\"]"}
RESULT: {"using":"xpath","value":"//*[@id=\"__button15\"]"}
COMMAND: POST /session/49a7b3339b72a9487f712fa2be1e91e1/element/f.98EE531E16AC564976FA64A86AFB7202.d.E914D7C25DE18A8E50487918FC33A55D.e.643/click - {}
RESULT: {}
COMMAND: GET /session/49a7b3339b72a9487f712fa2be1e91e1/screenshot - {}
RESULT: {}
RESULT: undefined
RESULT: undefined
COMMAND: POST /session/49a7b3339b72a9487f712fa2be1e91e1/execute/async - {"script":"<script> [1562 bytes]","args":[{"selector":{"id":"application-manageresources-display-component---editResource--editRruPage-anchBar-application-manageresources-display-component---editResource--reference-anchor","interaction":{"idSuffix":"BDI-content"}},"wdio_ui5_key":"applicationmanageresources-display-component---editResource--editRruPage-anchBar-application-manageresources-display-component---editResource--reference-anchor"}]}
RESULT: {"script":"<script> [1562 bytes]","args":[{"selector":{"id":"application-manageresources-display-component---editResource--editRruPage-anchBar-application-manageresources-display-component---editResource--reference-anchor","interaction":{"idSuffix":"BDI-content"}},"wdio_ui5_key":"applicationmanageresources-display-component---editResource--editRruPage-anchBar-application-manageresources-display-component---editResource--reference-anchor"}]}
RESULT: undefined
COMMAND: POST /session/49a7b3339b72a9487f712fa2be1e91e1/element - {"using":"xpath","value":"//*[@id=\"application-manageresources-display-component---editResource--editRruPage-anchBar-application-manageresources-display-component---editResource--reference-anchor\"]"}
RESULT: {"using":"xpath","value":"//*[@id=\"application-manageresources-display-component---editResource--editRruPage-anchBar-application-manageresources-display-component---editResource--reference-anchor\"]"}
COMMAND: POST /session/49a7b3339b72a9487f712fa2be1e91e1/element/f.98EE531E16AC564976FA64A86AFB7202.d.E914D7C25DE18A8E50487918FC33A55D.e.777/click - {}
RESULT: {}
COMMAND: GET /session/49a7b3339b72a9487f712fa2be1e91e1/screenshot - {}
RESULT: {}
COMMAND: POST /session/49a7b3339b72a9487f712fa2be1e91e1/execute/async - {"script":"<script> [1562 bytes]","args":[{"selector":{"id":"application-manageresources-display-component---editResource--MATERIAL_NO-vhi"},"wdio_ui5_key":"applicationmanageresources-display-component---editResource--MATERIAL_NO-vhi"}]}
RESULT: {"script":"<script> [1562 bytes]","args":[{"selector":{"id":"application-manageresources-display-component---editResource--MATERIAL_NO-vhi"},"wdio_ui5_key":"applicationmanageresources-display-component---editResource--MATERIAL_NO-vhi"}]}
RESULT: undefined
COMMAND: POST /session/49a7b3339b72a9487f712fa2be1e91e1/element - {"using":"xpath","value":"//*[@id=\"application-manageresources-display-component---editResource--MATERIAL_NO-vhi\"]"}
RESULT: {"using":"xpath","value":"//*[@id=\"application-manageresources-display-component---editResource--MATERIAL_NO-vhi\"]"}
COMMAND: POST /session/49a7b3339b72a9487f712fa2be1e91e1/element/f.98EE531E16AC564976FA64A86AFB7202.d.E914D7C25DE18A8E50487918FC33A55D.e.782/click - {}
RESULT: {}
COMMAND: GET /session/49a7b3339b72a9487f712fa2be1e91e1/screenshot - {}
RESULT: {}
COMMAND: POST /session/49a7b3339b72a9487f712fa2be1e91e1/element - {"using":"xpath","value":"//input[contains(@id ,\"field\")][@type=\"search\"]"}
RESULT: {"using":"xpath","value":"//input[contains(@id ,\"field\")][@type=\"search\"]"}
COMMAND: POST /session/49a7b3339b72a9487f712fa2be1e91e1/element/f.98EE531E16AC564976FA64A86AFB7202.d.E914D7C25DE18A8E50487918FC33A55D.e.785/clear - {}
RESULT: {}
COMMAND: POST /session/49a7b3339b72a9487f712fa2be1e91e1/element/f.98EE531E16AC564976FA64A86AFB7202.d.E914D7C25DE18A8E50487918FC33A55D.e.785/value - {"text":"1000100022"}
COMMAND: GET /session/49a7b3339b72a9487f712fa2be1e91e1/screenshot - {}
RESULT: {"text":"1000100022"}
COMMAND: POST /session/49a7b3339b72a9487f712fa2be1e91e1/actions - {"actions":[{"id":"action3","type":"key","parameters":{},"actions":[{"type":"keyDown","value":""},{"type":"pause","duration":10},{"type":"keyUp","value":""}]}]}
COMMAND: GET /session/49a7b3339b72a9487f712fa2be1e91e1/screenshot - {}
RESULT: {}
RESULT: {"actions":[{"id":"action3","type":"key","parameters":{},"actions":[{"type":"keyDown","value":""},{"type":"pause","duration":10},{"type":"keyUp","value":""}]}]}
COMMAND: GET /session/49a7b3339b72a9487f712fa2be1e91e1/screenshot - {}
RESULT: {}
RESULT: {}
COMMAND: POST /session/49a7b3339b72a9487f712fa2be1e91e1/element - {"using":"xpath","value":"//span[contains(text(), \"Bolt\")]"}
RESULT: {"using":"xpath","value":"//span[contains(text(), \"Bolt\")]"}
COMMAND: POST /session/49a7b3339b72a9487f712fa2be1e91e1/elements - {"using":"xpath","value":"//span[contains(text(), \"Bolt\")]"}
RESULT: {"using":"xpath","value":"//span[contains(text(), \"Bolt\")]"}
COMMAND: POST /session/49a7b3339b72a9487f712fa2be1e91e1/elements - {"using":"xpath","value":"//span[contains(text(), \"Bolt\")]"}
RESULT: {"using":"xpath","value":"//span[contains(text(), \"Bolt\")]"}
COMMAND: POST /session/49a7b3339b72a9487f712fa2be1e91e1/elements - {"using":"xpath","value":"//span[contains(text(), \"Bolt\")]"}
RESULT: {"using":"xpath","value":"//span[contains(text(), \"Bolt\")]"}
COMMAND: POST /session/49a7b3339b72a9487f712fa2be1e91e1/elements - {"using":"xpath","value":"//span[contains(text(), \"Bolt\")]"}
RESULT: {"using":"xpath","value":"//span[contains(text(), \"Bolt\")]"}
COMMAND: POST /session/49a7b3339b72a9487f712fa2be1e91e1/elements - {"using":"xpath","value":"//span[contains(text(), \"Bolt\")]"}
RESULT: {"using":"xpath","value":"//span[contains(text(), \"Bolt\")]"}
COMMAND: POST /session/49a7b3339b72a9487f712fa2be1e91e1/elements - {"using":"xpath","value":"//span[contains(text(), \"Bolt\")]"}
RESULT: {"using":"xpath","value":"//span[contains(text(), \"Bolt\")]"}
COMMAND: POST /session/49a7b3339b72a9487f712fa2be1e91e1/elements - {"using":"xpath","value":"//span[contains(text(), \"Bolt\")]"}
RESULT: {"using":"xpath","value":"//span[contains(text(), \"Bolt\")]"}
COMMAND: POST /session/49a7b3339b72a9487f712fa2be1e91e1/elements - {"using":"xpath","value":"//span[contains(text(), \"Bolt\")]"}
RESULT: {"using":"xpath","value":"//span[contains(text(), \"Bolt\")]"}
COMMAND: POST /session/49a7b3339b72a9487f712fa2be1e91e1/elements - {"using":"xpath","value":"//span[contains(text(), \"Bolt\")]"}
RESULT: {"using":"xpath","value":"//span[contains(text(), \"Bolt\")]"}
COMMAND: POST /session/49a7b3339b72a9487f712fa2be1e91e1/elements - {"using":"xpath","value":"//span[contains(text(), \"Bolt\")]"}
RESULT: {"using":"xpath","value":"//span[contains(text(), \"Bolt\")]"}
COMMAND: POST /session/49a7b3339b72a9487f712fa2be1e91e1/elements - {"using":"xpath","value":"//span[contains(text(), \"Bolt\")]"}
RESULT: {"using":"xpath","value":"//span[contains(text(), \"Bolt\")]"}
COMMAND: POST /session/49a7b3339b72a9487f712fa2be1e91e1/elements - {"using":"xpath","value":"//span[contains(text(), \"Bolt\")]"}
RESULT: {"using":"xpath","value":"//span[contains(text(), \"Bolt\")]"}
COMMAND: POST /session/49a7b3339b72a9487f712fa2be1e91e1/elements - {"using":"xpath","value":"//span[contains(text(), \"Bolt\")]"}
RESULT: {"using":"xpath","value":"//span[contains(text(), \"Bolt\")]"}
COMMAND: POST /session/49a7b3339b72a9487f712fa2be1e91e1/elements - {"using":"xpath","value":"//span[contains(text(), \"Bolt\")]"}
RESULT: {"using":"xpath","value":"//span[contains(text(), \"Bolt\")]"}
COMMAND: POST /session/49a7b3339b72a9487f712fa2be1e91e1/elements - {"using":"xpath","value":"//span[contains(text(), \"Bolt\")]"}
RESULT: {"using":"xpath","value":"//span[contains(text(), \"Bolt\")]"}
COMMAND: POST /session/49a7b3339b72a9487f712fa2be1e91e1/elements - {"using":"xpath","value":"//span[contains(text(), \"Bolt\")]"}
RESULT: {"using":"xpath","value":"//span[contains(text(), \"Bolt\")]"}
COMMAND: POST /session/49a7b3339b72a9487f712fa2be1e91e1/elements - {"using":"xpath","value":"//span[contains(text(), \"Bolt\")]"}
RESULT: {"using":"xpath","value":"//span[contains(text(), \"Bolt\")]"}
COMMAND: POST /session/49a7b3339b72a9487f712fa2be1e91e1/elements - {"using":"xpath","value":"//span[contains(text(), \"Bolt\")]"}
RESULT: {"using":"xpath","value":"//span[contains(text(), \"Bolt\")]"}
COMMAND: POST /session/49a7b3339b72a9487f712fa2be1e91e1/elements - {"using":"xpath","value":"//span[contains(text(), \"Bolt\")]"}
RESULT: {"using":"xpath","value":"//span[contains(text(), \"Bolt\")]"}
COMMAND: POST /session/49a7b3339b72a9487f712fa2be1e91e1/elements - {"using":"xpath","value":"//span[contains(text(), \"Bolt\")]"}
RESULT: {"using":"xpath","value":"//span[contains(text(), \"Bolt\")]"}
COMMAND: POST /session/49a7b3339b72a9487f712fa2be1e91e1/elements - {"using":"xpath","value":"//span[contains(text(), \"Bolt\")]"}
RESULT: {"using":"xpath","value":"//span[contains(text(), \"Bolt\")]"}
COMMAND: POST /session/49a7b3339b72a9487f712fa2be1e91e1/elements - {"using":"xpath","value":"//span[contains(text(), \"Bolt\")]"}
RESULT: {"using":"xpath","value":"//span[contains(text(), \"Bolt\")]"}
COMMAND: POST /session/49a7b3339b72a9487f712fa2be1e91e1/elements - {"using":"xpath","value":"//span[contains(text(), \"Bolt\")]"}
RESULT: {"using":"xpath","value":"//span[contains(text(), \"Bolt\")]"}
COMMAND: POST /session/49a7b3339b72a9487f712fa2be1e91e1/elements - {"using":"xpath","value":"//span[contains(text(), \"Bolt\")]"}
RESULT: {"using":"xpath","value":"//span[contains(text(), \"Bolt\")]"}
COMMAND: POST /session/49a7b3339b72a9487f712fa2be1e91e1/elements - {"using":"xpath","value":"//span[contains(text(), \"Bolt\")]"}
RESULT: {"using":"xpath","value":"//span[contains(text(), \"Bolt\")]"}
COMMAND: POST /session/49a7b3339b72a9487f712fa2be1e91e1/elements - {"using":"xpath","value":"//span[contains(text(), \"Bolt\")]"}
RESULT: {"using":"xpath","value":"//span[contains(text(), \"Bolt\")]"}
COMMAND: POST /session/49a7b3339b72a9487f712fa2be1e91e1/elements - {"using":"xpath","value":"//span[contains(text(), \"Bolt\")]"}
RESULT: {"using":"xpath","value":"//span[contains(text(), \"Bolt\")]"}
COMMAND: POST /session/49a7b3339b72a9487f712fa2be1e91e1/elements - {"using":"xpath","value":"//span[contains(text(), \"Bolt\")]"}
RESULT: {"using":"xpath","value":"//span[contains(text(), \"Bolt\")]"}
COMMAND: POST /session/49a7b3339b72a9487f712fa2be1e91e1/elements - {"using":"xpath","value":"//span[contains(text(), \"Bolt\")]"}
RESULT: {"using":"xpath","value":"//span[contains(text(), \"Bolt\")]"}
COMMAND: POST /session/49a7b3339b72a9487f712fa2be1e91e1/elements - {"using":"xpath","value":"//span[contains(text(), \"Bolt\")]"}
RESULT: {"using":"xpath","value":"//span[contains(text(), \"Bolt\")]"}
COMMAND: POST /session/49a7b3339b72a9487f712fa2be1e91e1/elements - {"using":"xpath","value":"//span[contains(text(), \"Bolt\")]"}
RESULT: {"using":"xpath","value":"//span[contains(text(), \"Bolt\")]"}
COMMAND: POST /session/49a7b3339b72a9487f712fa2be1e91e1/elements - {"using":"xpath","value":"//span[contains(text(), \"Bolt\")]"}
RESULT: {"using":"xpath","value":"//span[contains(text(), \"Bolt\")]"}
COMMAND: POST /session/49a7b3339b72a9487f712fa2be1e91e1/elements - {"using":"xpath","value":"//span[contains(text(), \"Bolt\")]"}
RESULT: {"using":"xpath","value":"//span[contains(text(), \"Bolt\")]"}
COMMAND: POST /session/49a7b3339b72a9487f712fa2be1e91e1/elements - {"using":"xpath","value":"//span[contains(text(), \"Bolt\")]"}
RESULT: {"using":"xpath","value":"//span[contains(text(), \"Bolt\")]"}
COMMAND: POST /session/49a7b3339b72a9487f712fa2be1e91e1/elements - {"using":"xpath","value":"//span[contains(text(), \"Bolt\")]"}
RESULT: {"using":"xpath","value":"//span[contains(text(), \"Bolt\")]"}
COMMAND: POST /session/49a7b3339b72a9487f712fa2be1e91e1/elements - {"using":"xpath","value":"//span[contains(text(), \"Bolt\")]"}
RESULT: {"using":"xpath","value":"//span[contains(text(), \"Bolt\")]"}
COMMAND: POST /session/49a7b3339b72a9487f712fa2be1e91e1/elements - {"using":"xpath","value":"//span[contains(text(), \"Bolt\")]"}
RESULT: {"using":"xpath","value":"//span[contains(text(), \"Bolt\")]"}
COMMAND: POST /session/49a7b3339b72a9487f712fa2be1e91e1/elements - {"using":"xpath","value":"//span[contains(text(), \"Bolt\")]"}
RESULT: {"using":"xpath","value":"//span[contains(text(), \"Bolt\")]"}
COMMAND: POST /session/49a7b3339b72a9487f712fa2be1e91e1/elements - {"using":"xpath","value":"//span[contains(text(), \"Bolt\")]"}
RESULT: {"using":"xpath","value":"//span[contains(text(), \"Bolt\")]"}
COMMAND: POST /session/49a7b3339b72a9487f712fa2be1e91e1/elements - {"using":"xpath","value":"//span[contains(text(), \"Bolt\")]"}
RESULT: {"using":"xpath","value":"//span[contains(text(), \"Bolt\")]"}
COMMAND: POST /session/49a7b3339b72a9487f712fa2be1e91e1/elements - {"using":"xpath","value":"//span[contains(text(), \"Bolt\")]"}
RESULT: {"using":"xpath","value":"//span[contains(text(), \"Bolt\")]"}
COMMAND: POST /session/49a7b3339b72a9487f712fa2be1e91e1/elements - {"using":"xpath","value":"//span[contains(text(), \"Bolt\")]"}
RESULT: {"using":"xpath","value":"//span[contains(text(), \"Bolt\")]"}
COMMAND: POST /session/49a7b3339b72a9487f712fa2be1e91e1/elements - {"using":"xpath","value":"//span[contains(text(), \"Bolt\")]"}
RESULT: {"using":"xpath","value":"//span[contains(text(), \"Bolt\")]"}
COMMAND: POST /session/49a7b3339b72a9487f712fa2be1e91e1/elements - {"using":"xpath","value":"//span[contains(text(), \"Bolt\")]"}
RESULT: {"using":"xpath","value":"//span[contains(text(), \"Bolt\")]"}
COMMAND: POST /session/49a7b3339b72a9487f712fa2be1e91e1/elements - {"using":"xpath","value":"//span[contains(text(), \"Bolt\")]"}
RESULT: {"using":"xpath","value":"//span[contains(text(), \"Bolt\")]"}
COMMAND: POST /session/49a7b3339b72a9487f712fa2be1e91e1/elements - {"using":"xpath","value":"//span[contains(text(), \"Bolt\")]"}
RESULT: {"using":"xpath","value":"//span[contains(text(), \"Bolt\")]"}
COMMAND: POST /session/49a7b3339b72a9487f712fa2be1e91e1/elements - {"using":"xpath","value":"//span[contains(text(), \"Bolt\")]"}
RESULT: {"using":"xpath","value":"//span[contains(text(), \"Bolt\")]"}
COMMAND: POST /session/49a7b3339b72a9487f712fa2be1e91e1/elements - {"using":"xpath","value":"//span[contains(text(), \"Bolt\")]"}
RESULT: {"using":"xpath","value":"//span[contains(text(), \"Bolt\")]"}
COMMAND: POST /session/49a7b3339b72a9487f712fa2be1e91e1/elements - {"using":"xpath","value":"//span[contains(text(), \"Bolt\")]"}
RESULT: {"using":"xpath","value":"//span[contains(text(), \"Bolt\")]"}
COMMAND: POST /session/49a7b3339b72a9487f712fa2be1e91e1/elements - {"using":"xpath","value":"//span[contains(text(), \"Bolt\")]"}
RESULT: {"using":"xpath","value":"//span[contains(text(), \"Bolt\")]"}
COMMAND: POST /session/49a7b3339b72a9487f712fa2be1e91e1/elements - {"using":"xpath","value":"//span[contains(text(), \"Bolt\")]"}
RESULT: {"using":"xpath","value":"//span[contains(text(), \"Bolt\")]"}
COMMAND: POST /session/49a7b3339b72a9487f712fa2be1e91e1/elements - {"using":"xpath","value":"//span[contains(text(), \"Bolt\")]"}
RESULT: {"using":"xpath","value":"//span[contains(text(), \"Bolt\")]"}
COMMAND: POST /session/49a7b3339b72a9487f712fa2be1e91e1/elements - {"using":"xpath","value":"//span[contains(text(), \"Bolt\")]"}
RESULT: {"using":"xpath","value":"//span[contains(text(), \"Bolt\")]"}
COMMAND: POST /session/49a7b3339b72a9487f712fa2be1e91e1/elements - {"using":"xpath","value":"//span[contains(text(), \"Bolt\")]"}
RESULT: {"using":"xpath","value":"//span[contains(text(), \"Bolt\")]"}
COMMAND: POST /session/49a7b3339b72a9487f712fa2be1e91e1/elements - {"using":"xpath","value":"//span[contains(text(), \"Bolt\")]"}
RESULT: {"using":"xpath","value":"//span[contains(text(), \"Bolt\")]"}
COMMAND: POST /session/49a7b3339b72a9487f712fa2be1e91e1/elements - {"using":"xpath","value":"//span[contains(text(), \"Bolt\")]"}
RESULT: {"using":"xpath","value":"//span[contains(text(), \"Bolt\")]"}
COMMAND: POST /session/49a7b3339b72a9487f712fa2be1e91e1/elements - {"using":"xpath","value":"//span[contains(text(), \"Bolt\")]"}
RESULT: {"using":"xpath","value":"//span[contains(text(), \"Bolt\")]"}
COMMAND: POST /session/49a7b3339b72a9487f712fa2be1e91e1/elements - {"using":"xpath","value":"//span[contains(text(), \"Bolt\")]"}
RESULT: {"using":"xpath","value":"//span[contains(text(), \"Bolt\")]"}
COMMAND: POST /session/49a7b3339b72a9487f712fa2be1e91e1/elements - {"using":"xpath","value":"//span[contains(text(), \"Bolt\")]"}
RESULT: {"using":"xpath","value":"//span[contains(text(), \"Bolt\")]"}
COMMAND: POST /session/49a7b3339b72a9487f712fa2be1e91e1/elements - {"using":"xpath","value":"//span[contains(text(), \"Bolt\")]"}
RESULT: {"using":"xpath","value":"//span[contains(text(), \"Bolt\")]"}
COMMAND: POST /session/49a7b3339b72a9487f712fa2be1e91e1/elements - {"using":"xpath","value":"//span[contains(text(), \"Bolt\")]"}
RESULT: {"using":"xpath","value":"//span[contains(text(), \"Bolt\")]"}
COMMAND: POST /session/49a7b3339b72a9487f712fa2be1e91e1/elements - {"using":"xpath","value":"//span[contains(text(), \"Bolt\")]"}
RESULT: {"using":"xpath","value":"//span[contains(text(), \"Bolt\")]"}
COMMAND: POST /session/49a7b3339b72a9487f712fa2be1e91e1/elements - {"using":"xpath","value":"//span[contains(text(), \"Bolt\")]"}
RESULT: {"using":"xpath","value":"//span[contains(text(), \"Bolt\")]"}
COMMAND: POST /session/49a7b3339b72a9487f712fa2be1e91e1/elements - {"using":"xpath","value":"//span[contains(text(), \"Bolt\")]"}
RESULT: {"using":"xpath","value":"//span[contains(text(), \"Bolt\")]"}
COMMAND: POST /session/49a7b3339b72a9487f712fa2be1e91e1/elements - {"using":"xpath","value":"//span[contains(text(), \"Bolt\")]"}
RESULT: {"using":"xpath","value":"//span[contains(text(), \"Bolt\")]"}
COMMAND: POST /session/49a7b3339b72a9487f712fa2be1e91e1/elements - {"using":"xpath","value":"//span[contains(text(), \"Bolt\")]"}
RESULT: {"using":"xpath","value":"//span[contains(text(), \"Bolt\")]"}
COMMAND: POST /session/49a7b3339b72a9487f712fa2be1e91e1/elements - {"using":"xpath","value":"//span[contains(text(), \"Bolt\")]"}
RESULT: {"using":"xpath","value":"//span[contains(text(), \"Bolt\")]"}
COMMAND: POST /session/49a7b3339b72a9487f712fa2be1e91e1/elements - {"using":"xpath","value":"//span[contains(text(), \"Bolt\")]"}
RESULT: {"using":"xpath","value":"//span[contains(text(), \"Bolt\")]"}
COMMAND: POST /session/49a7b3339b72a9487f712fa2be1e91e1/elements - {"using":"xpath","value":"//span[contains(text(), \"Bolt\")]"}
RESULT: {"using":"xpath","value":"//span[contains(text(), \"Bolt\")]"}
COMMAND: POST /session/49a7b3339b72a9487f712fa2be1e91e1/elements - {"using":"xpath","value":"//span[contains(text(), \"Bolt\")]"}
RESULT: {"using":"xpath","value":"//span[contains(text(), \"Bolt\")]"}
COMMAND: POST /session/49a7b3339b72a9487f712fa2be1e91e1/elements - {"using":"xpath","value":"//span[contains(text(), \"Bolt\")]"}
RESULT: {"using":"xpath","value":"//span[contains(text(), \"Bolt\")]"}
COMMAND: POST /session/49a7b3339b72a9487f712fa2be1e91e1/elements - {"using":"xpath","value":"//span[contains(text(), \"Bolt\")]"}
RESULT: {"using":"xpath","value":"//span[contains(text(), \"Bolt\")]"}
COMMAND: POST /session/49a7b3339b72a9487f712fa2be1e91e1/elements - {"using":"xpath","value":"//span[contains(text(), \"Bolt\")]"}
RESULT: {"using":"xpath","value":"//span[contains(text(), \"Bolt\")]"}
COMMAND: POST /session/49a7b3339b72a9487f712fa2be1e91e1/elements - {"using":"xpath","value":"//span[contains(text(), \"Bolt\")]"}
RESULT: {"using":"xpath","value":"//span[contains(text(), \"Bolt\")]"}
COMMAND: POST /session/49a7b3339b72a9487f712fa2be1e91e1/elements - {"using":"xpath","value":"//span[contains(text(), \"Bolt\")]"}
RESULT: {"using":"xpath","value":"//span[contains(text(), \"Bolt\")]"}
COMMAND: POST /session/49a7b3339b72a9487f712fa2be1e91e1/elements - {"using":"xpath","value":"//span[contains(text(), \"Bolt\")]"}
RESULT: {"using":"xpath","value":"//span[contains(text(), \"Bolt\")]"}
COMMAND: POST /session/49a7b3339b72a9487f712fa2be1e91e1/elements - {"using":"xpath","value":"//span[contains(text(), \"Bolt\")]"}
RESULT: {"using":"xpath","value":"//span[contains(text(), \"Bolt\")]"}
COMMAND: POST /session/49a7b3339b72a9487f712fa2be1e91e1/elements - {"using":"xpath","value":"//span[contains(text(), \"Bolt\")]"}
RESULT: {"using":"xpath","value":"//span[contains(text(), \"Bolt\")]"}
COMMAND: POST /session/49a7b3339b72a9487f712fa2be1e91e1/elements - {"using":"xpath","value":"//span[contains(text(), \"Bolt\")]"}
RESULT: {"using":"xpath","value":"//span[contains(text(), \"Bolt\")]"}
COMMAND: POST /session/49a7b3339b72a9487f712fa2be1e91e1/elements - {"using":"xpath","value":"//span[contains(text(), \"Bolt\")]"}
RESULT: {"using":"xpath","value":"//span[contains(text(), \"Bolt\")]"}
COMMAND: POST /session/49a7b3339b72a9487f712fa2be1e91e1/elements - {"using":"xpath","value":"//span[contains(text(), \"Bolt\")]"}
RESULT: {"using":"xpath","value":"//span[contains(text(), \"Bolt\")]"}
COMMAND: POST /session/49a7b3339b72a9487f712fa2be1e91e1/elements - {"using":"xpath","value":"//span[contains(text(), \"Bolt\")]"}
RESULT: {"using":"xpath","value":"//span[contains(text(), \"Bolt\")]"}
COMMAND: POST /session/49a7b3339b72a9487f712fa2be1e91e1/elements - {"using":"xpath","value":"//span[contains(text(), \"Bolt\")]"}
RESULT: {"using":"xpath","value":"//span[contains(text(), \"Bolt\")]"}
COMMAND: POST /session/49a7b3339b72a9487f712fa2be1e91e1/elements - {"using":"xpath","value":"//span[contains(text(), \"Bolt\")]"}
RESULT: {"using":"xpath","value":"//span[contains(text(), \"Bolt\")]"}
COMMAND: POST /session/49a7b3339b72a9487f712fa2be1e91e1/elements - {"using":"xpath","value":"//span[contains(text(), \"Bolt\")]"}
RESULT: {"using":"xpath","value":"//span[contains(text(), \"Bolt\")]"}
COMMAND: POST /session/49a7b3339b72a9487f712fa2be1e91e1/elements - {"using":"xpath","value":"//span[contains(text(), \"Bolt\")]"}
RESULT: {"using":"xpath","value":"//span[contains(text(), \"Bolt\")]"}
COMMAND: POST /session/49a7b3339b72a9487f712fa2be1e91e1/elements - {"using":"xpath","value":"//span[contains(text(), \"Bolt\")]"}
RESULT: {"using":"xpath","value":"//span[contains(text(), \"Bolt\")]"}
COMMAND: POST /session/49a7b3339b72a9487f712fa2be1e91e1/elements - {"using":"xpath","value":"//span[contains(text(), \"Bolt\")]"}
RESULT: {"using":"xpath","value":"//span[contains(text(), \"Bolt\")]"}
COMMAND: POST /session/49a7b3339b72a9487f712fa2be1e91e1/elements - {"using":"xpath","value":"//span[contains(text(), \"Bolt\")]"}
RESULT: {"using":"xpath","value":"//span[contains(text(), \"Bolt\")]"}
COMMAND: POST /session/49a7b3339b72a9487f712fa2be1e91e1/elements - {"using":"xpath","value":"//span[contains(text(), \"Bolt\")]"}
RESULT: {"using":"xpath","value":"//span[contains(text(), \"Bolt\")]"}
COMMAND: POST /session/49a7b3339b72a9487f712fa2be1e91e1/elements - {"using":"xpath","value":"//span[contains(text(), \"Bolt\")]"}
RESULT: {"using":"xpath","value":"//span[contains(text(), \"Bolt\")]"}
COMMAND: POST /session/49a7b3339b72a9487f712fa2be1e91e1/elements - {"using":"xpath","value":"//span[contains(text(), \"Bolt\")]"}
RESULT: {"using":"xpath","value":"//span[contains(text(), \"Bolt\")]"}
COMMAND: POST /session/49a7b3339b72a9487f712fa2be1e91e1/elements - {"using":"xpath","value":"//span[contains(text(), \"Bolt\")]"}
RESULT: {"using":"xpath","value":"//span[contains(text(), \"Bolt\")]"}
COMMAND: POST /session/49a7b3339b72a9487f712fa2be1e91e1/elements - {"using":"xpath","value":"//span[contains(text(), \"Bolt\")]"}
RESULT: {"using":"xpath","value":"//span[contains(text(), \"Bolt\")]"}
COMMAND: POST /session/49a7b3339b72a9487f712fa2be1e91e1/elements - {"using":"xpath","value":"//span[contains(text(), \"Bolt\")]"}
RESULT: {"using":"xpath","value":"//span[contains(text(), \"Bolt\")]"}
COMMAND: POST /session/49a7b3339b72a9487f712fa2be1e91e1/elements - {"using":"xpath","value":"//span[contains(text(), \"Bolt\")]"}
RESULT: {"using":"xpath","value":"//span[contains(text(), \"Bolt\")]"}
COMMAND: POST /session/49a7b3339b72a9487f712fa2be1e91e1/elements - {"using":"xpath","value":"//span[contains(text(), \"Bolt\")]"}
RESULT: {"using":"xpath","value":"//span[contains(text(), \"Bolt\")]"}
COMMAND: POST /session/49a7b3339b72a9487f712fa2be1e91e1/elements - {"using":"xpath","value":"//span[contains(text(), \"Bolt\")]"}
RESULT: {"using":"xpath","value":"//span[contains(text(), \"Bolt\")]"}
COMMAND: POST /session/49a7b3339b72a9487f712fa2be1e91e1/elements - {"using":"xpath","value":"//span[contains(text(), \"Bolt\")]"}
RESULT: {"using":"xpath","value":"//span[contains(text(), \"Bolt\")]"}
COMMAND: POST /session/49a7b3339b72a9487f712fa2be1e91e1/elements - {"using":"xpath","value":"//span[contains(text(), \"Bolt\")]"}
RESULT: {"using":"xpath","value":"//span[contains(text(), \"Bolt\")]"}
COMMAND: POST /session/49a7b3339b72a9487f712fa2be1e91e1/elements - {"using":"xpath","value":"//span[contains(text(), \"Bolt\")]"}
RESULT: {"using":"xpath","value":"//span[contains(text(), \"Bolt\")]"}
COMMAND: POST /session/49a7b3339b72a9487f712fa2be1e91e1/elements - {"using":"xpath","value":"//span[contains(text(), \"Bolt\")]"}
RESULT: {"using":"xpath","value":"//span[contains(text(), \"Bolt\")]"}
COMMAND: POST /session/49a7b3339b72a9487f712fa2be1e91e1/elements - {"using":"xpath","value":"//span[contains(text(), \"Bolt\")]"}
RESULT: {"using":"xpath","value":"//span[contains(text(), \"Bolt\")]"}
COMMAND: POST /session/49a7b3339b72a9487f712fa2be1e91e1/elements - {"using":"xpath","value":"//span[contains(text(), \"Bolt\")]"}
RESULT: {"using":"xpath","value":"//span[contains(text(), \"Bolt\")]"}
COMMAND: POST /session/49a7b3339b72a9487f712fa2be1e91e1/elements - {"using":"xpath","value":"//span[contains(text(), \"Bolt\")]"}
RESULT: {"using":"xpath","value":"//span[contains(text(), \"Bolt\")]"}
COMMAND: POST /session/49a7b3339b72a9487f712fa2be1e91e1/elements - {"using":"xpath","value":"//span[contains(text(), \"Bolt\")]"}
RESULT: {"using":"xpath","value":"//span[contains(text(), \"Bolt\")]"}
COMMAND: POST /session/49a7b3339b72a9487f712fa2be1e91e1/elements - {"using":"xpath","value":"//span[contains(text(), \"Bolt\")]"}
RESULT: {"using":"xpath","value":"//span[contains(text(), \"Bolt\")]"}
COMMAND: POST /session/49a7b3339b72a9487f712fa2be1e91e1/elements - {"using":"xpath","value":"//span[contains(text(), \"Bolt\")]"}
RESULT: {"using":"xpath","value":"//span[contains(text(), \"Bolt\")]"}
COMMAND: POST /session/49a7b3339b72a9487f712fa2be1e91e1/elements - {"using":"xpath","value":"//span[contains(text(), \"Bolt\")]"}
RESULT: {"using":"xpath","value":"//span[contains(text(), \"Bolt\")]"}
COMMAND: POST /session/49a7b3339b72a9487f712fa2be1e91e1/elements - {"using":"xpath","value":"//span[contains(text(), \"Bolt\")]"}
RESULT: {"using":"xpath","value":"//span[contains(text(), \"Bolt\")]"}
COMMAND: POST /session/49a7b3339b72a9487f712fa2be1e91e1/elements - {"using":"xpath","value":"//span[contains(text(), \"Bolt\")]"}
RESULT: {"using":"xpath","value":"//span[contains(text(), \"Bolt\")]"}
COMMAND: POST /session/49a7b3339b72a9487f712fa2be1e91e1/elements - {"using":"xpath","value":"//span[contains(text(), \"Bolt\")]"}
RESULT: {"using":"xpath","value":"//span[contains(text(), \"Bolt\")]"}
COMMAND: POST /session/49a7b3339b72a9487f712fa2be1e91e1/elements - {"using":"xpath","value":"//span[contains(text(), \"Bolt\")]"}
RESULT: {"using":"xpath","value":"//span[contains(text(), \"Bolt\")]"}
COMMAND: POST /session/49a7b3339b72a9487f712fa2be1e91e1/elements - {"using":"xpath","value":"//span[contains(text(), \"Bolt\")]"}
RESULT: {"using":"xpath","value":"//span[contains(text(), \"Bolt\")]"}
COMMAND: POST /session/49a7b3339b72a9487f712fa2be1e91e1/elements - {"using":"xpath","value":"//span[contains(text(), \"Bolt\")]"}
RESULT: {"using":"xpath","value":"//span[contains(text(), \"Bolt\")]"}
COMMAND: POST /session/49a7b3339b72a9487f712fa2be1e91e1/elements - {"using":"xpath","value":"//span[contains(text(), \"Bolt\")]"}
RESULT: {"using":"xpath","value":"//span[contains(text(), \"Bolt\")]"}
COMMAND: POST /session/49a7b3339b72a9487f712fa2be1e91e1/elements - {"using":"xpath","value":"//span[contains(text(), \"Bolt\")]"}
RESULT: {"using":"xpath","value":"//span[contains(text(), \"Bolt\")]"}
COMMAND: POST /session/49a7b3339b72a9487f712fa2be1e91e1/elements - {"using":"xpath","value":"//span[contains(text(), \"Bolt\")]"}
RESULT: {"using":"xpath","value":"//span[contains(text(), \"Bolt\")]"}
COMMAND: POST /session/49a7b3339b72a9487f712fa2be1e91e1/elements - {"using":"xpath","value":"//span[contains(text(), \"Bolt\")]"}
RESULT: {"using":"xpath","value":"//span[contains(text(), \"Bolt\")]"}
COMMAND: POST /session/49a7b3339b72a9487f712fa2be1e91e1/elements - {"using":"xpath","value":"//span[contains(text(), \"Bolt\")]"}
RESULT: {"using":"xpath","value":"//span[contains(text(), \"Bolt\")]"}
COMMAND: POST /session/49a7b3339b72a9487f712fa2be1e91e1/elements - {"using":"xpath","value":"//span[contains(text(), \"Bolt\")]"}
COMMAND: GET /session/49a7b3339b72a9487f712fa2be1e91e1/screenshot - {}
RESULT: {"using":"xpath","value":"//span[contains(text(), \"Bolt\")]"}
RESULT: {}
]]></system-out>
      <system-err><![CDATA[
Error: Can't call click on element with selector "//span[contains(text(), "Bolt")]" because element wasn't found
    at async Context.<anonymous> (D:\a\1\s\test\specs\ISC\isc-template-time-schedule.spec.js:264:13)
]]></system-err>
    </testcase>
    <testcase classname="chrome.137_0_7151_69.windows.ISC_Template_-_Time_schedule_US156099" name="Should create a condition for the spare part" time="85.848">
      <failure/>
      <error message="Can't call click on element with selector &quot;//button[@aria-label=&quot;Create&quot;]&quot; because element wasn't found"/>
      <system-out><![CDATA[
COMMAND: POST /session/49a7b3339b72a9487f712fa2be1e91e1/execute/async - {"script":"<script> [1562 bytes]","args":[{"selector":{"controlType":"sap.m.GenericTile","properties":{"header":"Manage Conditions & Prices"}},"wdio_ui5_key":"sapm.GenericTile{\"header\":\"Manage Conditions & Prices\"}"}]}
COMMAND: GET /session/49a7b3339b72a9487f712fa2be1e91e1/screenshot - {}
RESULT: {"script":"<script> [1562 bytes]","args":[{"selector":{"controlType":"sap.m.GenericTile","properties":{"header":"Manage Conditions & Prices"}},"wdio_ui5_key":"sapm.GenericTile{\"header\":\"Manage Conditions & Prices\"}"}]}
RESULT: undefined
RESULT: {}
COMMAND: POST /session/49a7b3339b72a9487f712fa2be1e91e1/elements - {"using":"xpath","value":"//span[text()='Error']"}
RESULT: {"using":"xpath","value":"//span[text()='Error']"}
COMMAND: POST /session/49a7b3339b72a9487f712fa2be1e91e1/execute/async - {"script":"<script> [1562 bytes]","args":[{"selector":{"id":"application-manageconditionprice-display-component---conditions--smartFilterBar-btnBasicSearch","interaction":{"idSuffix":"I"}},"wdio_ui5_key":"applicationmanageconditionprice-display-component---conditions--smartFilterBar-btnBasicSearch"}]}
RESULT: {"script":"<script> [1562 bytes]","args":[{"selector":{"id":"application-manageconditionprice-display-component---conditions--smartFilterBar-btnBasicSearch","interaction":{"idSuffix":"I"}},"wdio_ui5_key":"applicationmanageconditionprice-display-component---conditions--smartFilterBar-btnBasicSearch"}]}
RESULT: undefined
COMMAND: POST /session/49a7b3339b72a9487f712fa2be1e91e1/actions - {"actions":[{"id":"action4","type":"key","parameters":{},"actions":[{"type":"keyDown","value":""},{"type":"pause","duration":10},{"type":"keyUp","value":""}]}]}
RESULT: {"actions":[{"id":"action4","type":"key","parameters":{},"actions":[{"type":"keyDown","value":""},{"type":"pause","duration":10},{"type":"keyUp","value":""}]}]}
COMMAND: GET /session/49a7b3339b72a9487f712fa2be1e91e1/screenshot - {}
RESULT: {}
COMMAND: POST /session/49a7b3339b72a9487f712fa2be1e91e1/element - {"using":"xpath","value":"//span[contains(@id ,\"application-manageconditionprice-display-component---conditions--smartTable-header-inner\")][contains(text(), \"Records (1)\")]"}
RESULT: {"using":"xpath","value":"//span[contains(@id ,\"application-manageconditionprice-display-component---conditions--smartTable-header-inner\")][contains(text(), \"Records (1)\")]"}
COMMAND: POST /session/49a7b3339b72a9487f712fa2be1e91e1/element - {"using":"xpath","value":"//span[contains(@id ,\"application-manageconditionprice-display-component---conditions--smartTable-header-inner\")][contains(text(), \"Records (1)\")]"}
RESULT: {"using":"xpath","value":"//span[contains(@id ,\"application-manageconditionprice-display-component---conditions--smartTable-header-inner\")][contains(text(), \"Records (1)\")]"}
COMMAND: POST /session/49a7b3339b72a9487f712fa2be1e91e1/element - {"using":"xpath","value":"//button[@aria-label=\"Create\"]"}
RESULT: {"using":"xpath","value":"//button[@aria-label=\"Create\"]"}
COMMAND: POST /session/49a7b3339b72a9487f712fa2be1e91e1/elements - {"using":"xpath","value":"//button[@aria-label=\"Create\"]"}
RESULT: {"using":"xpath","value":"//button[@aria-label=\"Create\"]"}
COMMAND: POST /session/49a7b3339b72a9487f712fa2be1e91e1/elements - {"using":"xpath","value":"//button[@aria-label=\"Create\"]"}
RESULT: {"using":"xpath","value":"//button[@aria-label=\"Create\"]"}
COMMAND: POST /session/49a7b3339b72a9487f712fa2be1e91e1/elements - {"using":"xpath","value":"//button[@aria-label=\"Create\"]"}
RESULT: {"using":"xpath","value":"//button[@aria-label=\"Create\"]"}
COMMAND: POST /session/49a7b3339b72a9487f712fa2be1e91e1/elements - {"using":"xpath","value":"//button[@aria-label=\"Create\"]"}
RESULT: {"using":"xpath","value":"//button[@aria-label=\"Create\"]"}
COMMAND: POST /session/49a7b3339b72a9487f712fa2be1e91e1/elements - {"using":"xpath","value":"//button[@aria-label=\"Create\"]"}
RESULT: {"using":"xpath","value":"//button[@aria-label=\"Create\"]"}
COMMAND: POST /session/49a7b3339b72a9487f712fa2be1e91e1/elements - {"using":"xpath","value":"//button[@aria-label=\"Create\"]"}
RESULT: {"using":"xpath","value":"//button[@aria-label=\"Create\"]"}
COMMAND: POST /session/49a7b3339b72a9487f712fa2be1e91e1/elements - {"using":"xpath","value":"//button[@aria-label=\"Create\"]"}
RESULT: {"using":"xpath","value":"//button[@aria-label=\"Create\"]"}
COMMAND: POST /session/49a7b3339b72a9487f712fa2be1e91e1/elements - {"using":"xpath","value":"//button[@aria-label=\"Create\"]"}
RESULT: {"using":"xpath","value":"//button[@aria-label=\"Create\"]"}
COMMAND: POST /session/49a7b3339b72a9487f712fa2be1e91e1/elements - {"using":"xpath","value":"//button[@aria-label=\"Create\"]"}
RESULT: {"using":"xpath","value":"//button[@aria-label=\"Create\"]"}
COMMAND: POST /session/49a7b3339b72a9487f712fa2be1e91e1/elements - {"using":"xpath","value":"//button[@aria-label=\"Create\"]"}
RESULT: {"using":"xpath","value":"//button[@aria-label=\"Create\"]"}
COMMAND: POST /session/49a7b3339b72a9487f712fa2be1e91e1/elements - {"using":"xpath","value":"//button[@aria-label=\"Create\"]"}
RESULT: {"using":"xpath","value":"//button[@aria-label=\"Create\"]"}
COMMAND: POST /session/49a7b3339b72a9487f712fa2be1e91e1/elements - {"using":"xpath","value":"//button[@aria-label=\"Create\"]"}
RESULT: {"using":"xpath","value":"//button[@aria-label=\"Create\"]"}
COMMAND: POST /session/49a7b3339b72a9487f712fa2be1e91e1/elements - {"using":"xpath","value":"//button[@aria-label=\"Create\"]"}
RESULT: {"using":"xpath","value":"//button[@aria-label=\"Create\"]"}
COMMAND: POST /session/49a7b3339b72a9487f712fa2be1e91e1/elements - {"using":"xpath","value":"//button[@aria-label=\"Create\"]"}
RESULT: {"using":"xpath","value":"//button[@aria-label=\"Create\"]"}
COMMAND: POST /session/49a7b3339b72a9487f712fa2be1e91e1/elements - {"using":"xpath","value":"//button[@aria-label=\"Create\"]"}
RESULT: {"using":"xpath","value":"//button[@aria-label=\"Create\"]"}
COMMAND: POST /session/49a7b3339b72a9487f712fa2be1e91e1/elements - {"using":"xpath","value":"//button[@aria-label=\"Create\"]"}
RESULT: {"using":"xpath","value":"//button[@aria-label=\"Create\"]"}
COMMAND: POST /session/49a7b3339b72a9487f712fa2be1e91e1/elements - {"using":"xpath","value":"//button[@aria-label=\"Create\"]"}
RESULT: {"using":"xpath","value":"//button[@aria-label=\"Create\"]"}
COMMAND: POST /session/49a7b3339b72a9487f712fa2be1e91e1/elements - {"using":"xpath","value":"//button[@aria-label=\"Create\"]"}
RESULT: {"using":"xpath","value":"//button[@aria-label=\"Create\"]"}
COMMAND: POST /session/49a7b3339b72a9487f712fa2be1e91e1/elements - {"using":"xpath","value":"//button[@aria-label=\"Create\"]"}
RESULT: {"using":"xpath","value":"//button[@aria-label=\"Create\"]"}
COMMAND: POST /session/49a7b3339b72a9487f712fa2be1e91e1/elements - {"using":"xpath","value":"//button[@aria-label=\"Create\"]"}
RESULT: {"using":"xpath","value":"//button[@aria-label=\"Create\"]"}
COMMAND: POST /session/49a7b3339b72a9487f712fa2be1e91e1/elements - {"using":"xpath","value":"//button[@aria-label=\"Create\"]"}
RESULT: {"using":"xpath","value":"//button[@aria-label=\"Create\"]"}
COMMAND: POST /session/49a7b3339b72a9487f712fa2be1e91e1/elements - {"using":"xpath","value":"//button[@aria-label=\"Create\"]"}
RESULT: {"using":"xpath","value":"//button[@aria-label=\"Create\"]"}
COMMAND: POST /session/49a7b3339b72a9487f712fa2be1e91e1/elements - {"using":"xpath","value":"//button[@aria-label=\"Create\"]"}
RESULT: {"using":"xpath","value":"//button[@aria-label=\"Create\"]"}
COMMAND: POST /session/49a7b3339b72a9487f712fa2be1e91e1/elements - {"using":"xpath","value":"//button[@aria-label=\"Create\"]"}
RESULT: {"using":"xpath","value":"//button[@aria-label=\"Create\"]"}
COMMAND: POST /session/49a7b3339b72a9487f712fa2be1e91e1/elements - {"using":"xpath","value":"//button[@aria-label=\"Create\"]"}
RESULT: {"using":"xpath","value":"//button[@aria-label=\"Create\"]"}
COMMAND: POST /session/49a7b3339b72a9487f712fa2be1e91e1/elements - {"using":"xpath","value":"//button[@aria-label=\"Create\"]"}
RESULT: {"using":"xpath","value":"//button[@aria-label=\"Create\"]"}
COMMAND: POST /session/49a7b3339b72a9487f712fa2be1e91e1/elements - {"using":"xpath","value":"//button[@aria-label=\"Create\"]"}
RESULT: {"using":"xpath","value":"//button[@aria-label=\"Create\"]"}
COMMAND: POST /session/49a7b3339b72a9487f712fa2be1e91e1/elements - {"using":"xpath","value":"//button[@aria-label=\"Create\"]"}
RESULT: {"using":"xpath","value":"//button[@aria-label=\"Create\"]"}
COMMAND: POST /session/49a7b3339b72a9487f712fa2be1e91e1/elements - {"using":"xpath","value":"//button[@aria-label=\"Create\"]"}
RESULT: {"using":"xpath","value":"//button[@aria-label=\"Create\"]"}
COMMAND: POST /session/49a7b3339b72a9487f712fa2be1e91e1/elements - {"using":"xpath","value":"//button[@aria-label=\"Create\"]"}
RESULT: {"using":"xpath","value":"//button[@aria-label=\"Create\"]"}
COMMAND: POST /session/49a7b3339b72a9487f712fa2be1e91e1/elements - {"using":"xpath","value":"//button[@aria-label=\"Create\"]"}
RESULT: {"using":"xpath","value":"//button[@aria-label=\"Create\"]"}
COMMAND: POST /session/49a7b3339b72a9487f712fa2be1e91e1/elements - {"using":"xpath","value":"//button[@aria-label=\"Create\"]"}
RESULT: {"using":"xpath","value":"//button[@aria-label=\"Create\"]"}
COMMAND: POST /session/49a7b3339b72a9487f712fa2be1e91e1/elements - {"using":"xpath","value":"//button[@aria-label=\"Create\"]"}
RESULT: {"using":"xpath","value":"//button[@aria-label=\"Create\"]"}
COMMAND: POST /session/49a7b3339b72a9487f712fa2be1e91e1/elements - {"using":"xpath","value":"//button[@aria-label=\"Create\"]"}
RESULT: {"using":"xpath","value":"//button[@aria-label=\"Create\"]"}
COMMAND: POST /session/49a7b3339b72a9487f712fa2be1e91e1/elements - {"using":"xpath","value":"//button[@aria-label=\"Create\"]"}
RESULT: {"using":"xpath","value":"//button[@aria-label=\"Create\"]"}
COMMAND: POST /session/49a7b3339b72a9487f712fa2be1e91e1/elements - {"using":"xpath","value":"//button[@aria-label=\"Create\"]"}
RESULT: {"using":"xpath","value":"//button[@aria-label=\"Create\"]"}
COMMAND: POST /session/49a7b3339b72a9487f712fa2be1e91e1/elements - {"using":"xpath","value":"//button[@aria-label=\"Create\"]"}
RESULT: {"using":"xpath","value":"//button[@aria-label=\"Create\"]"}
COMMAND: POST /session/49a7b3339b72a9487f712fa2be1e91e1/elements - {"using":"xpath","value":"//button[@aria-label=\"Create\"]"}
RESULT: {"using":"xpath","value":"//button[@aria-label=\"Create\"]"}
COMMAND: POST /session/49a7b3339b72a9487f712fa2be1e91e1/elements - {"using":"xpath","value":"//button[@aria-label=\"Create\"]"}
RESULT: {"using":"xpath","value":"//button[@aria-label=\"Create\"]"}
COMMAND: POST /session/49a7b3339b72a9487f712fa2be1e91e1/elements - {"using":"xpath","value":"//button[@aria-label=\"Create\"]"}
RESULT: {"using":"xpath","value":"//button[@aria-label=\"Create\"]"}
COMMAND: POST /session/49a7b3339b72a9487f712fa2be1e91e1/elements - {"using":"xpath","value":"//button[@aria-label=\"Create\"]"}
RESULT: {"using":"xpath","value":"//button[@aria-label=\"Create\"]"}
COMMAND: POST /session/49a7b3339b72a9487f712fa2be1e91e1/elements - {"using":"xpath","value":"//button[@aria-label=\"Create\"]"}
RESULT: {"using":"xpath","value":"//button[@aria-label=\"Create\"]"}
COMMAND: POST /session/49a7b3339b72a9487f712fa2be1e91e1/elements - {"using":"xpath","value":"//button[@aria-label=\"Create\"]"}
RESULT: {"using":"xpath","value":"//button[@aria-label=\"Create\"]"}
COMMAND: POST /session/49a7b3339b72a9487f712fa2be1e91e1/elements - {"using":"xpath","value":"//button[@aria-label=\"Create\"]"}
RESULT: {"using":"xpath","value":"//button[@aria-label=\"Create\"]"}
COMMAND: POST /session/49a7b3339b72a9487f712fa2be1e91e1/elements - {"using":"xpath","value":"//button[@aria-label=\"Create\"]"}
RESULT: {"using":"xpath","value":"//button[@aria-label=\"Create\"]"}
COMMAND: POST /session/49a7b3339b72a9487f712fa2be1e91e1/elements - {"using":"xpath","value":"//button[@aria-label=\"Create\"]"}
RESULT: {"using":"xpath","value":"//button[@aria-label=\"Create\"]"}
COMMAND: POST /session/49a7b3339b72a9487f712fa2be1e91e1/elements - {"using":"xpath","value":"//button[@aria-label=\"Create\"]"}
RESULT: {"using":"xpath","value":"//button[@aria-label=\"Create\"]"}
COMMAND: POST /session/49a7b3339b72a9487f712fa2be1e91e1/elements - {"using":"xpath","value":"//button[@aria-label=\"Create\"]"}
RESULT: {"using":"xpath","value":"//button[@aria-label=\"Create\"]"}
COMMAND: POST /session/49a7b3339b72a9487f712fa2be1e91e1/elements - {"using":"xpath","value":"//button[@aria-label=\"Create\"]"}
RESULT: {"using":"xpath","value":"//button[@aria-label=\"Create\"]"}
COMMAND: POST /session/49a7b3339b72a9487f712fa2be1e91e1/elements - {"using":"xpath","value":"//button[@aria-label=\"Create\"]"}
RESULT: {"using":"xpath","value":"//button[@aria-label=\"Create\"]"}
COMMAND: POST /session/49a7b3339b72a9487f712fa2be1e91e1/elements - {"using":"xpath","value":"//button[@aria-label=\"Create\"]"}
RESULT: {"using":"xpath","value":"//button[@aria-label=\"Create\"]"}
COMMAND: POST /session/49a7b3339b72a9487f712fa2be1e91e1/elements - {"using":"xpath","value":"//button[@aria-label=\"Create\"]"}
RESULT: {"using":"xpath","value":"//button[@aria-label=\"Create\"]"}
COMMAND: POST /session/49a7b3339b72a9487f712fa2be1e91e1/elements - {"using":"xpath","value":"//button[@aria-label=\"Create\"]"}
RESULT: {"using":"xpath","value":"//button[@aria-label=\"Create\"]"}
COMMAND: POST /session/49a7b3339b72a9487f712fa2be1e91e1/elements - {"using":"xpath","value":"//button[@aria-label=\"Create\"]"}
RESULT: {"using":"xpath","value":"//button[@aria-label=\"Create\"]"}
COMMAND: POST /session/49a7b3339b72a9487f712fa2be1e91e1/elements - {"using":"xpath","value":"//button[@aria-label=\"Create\"]"}
RESULT: {"using":"xpath","value":"//button[@aria-label=\"Create\"]"}
COMMAND: POST /session/49a7b3339b72a9487f712fa2be1e91e1/elements - {"using":"xpath","value":"//button[@aria-label=\"Create\"]"}
RESULT: {"using":"xpath","value":"//button[@aria-label=\"Create\"]"}
COMMAND: POST /session/49a7b3339b72a9487f712fa2be1e91e1/elements - {"using":"xpath","value":"//button[@aria-label=\"Create\"]"}
RESULT: {"using":"xpath","value":"//button[@aria-label=\"Create\"]"}
COMMAND: POST /session/49a7b3339b72a9487f712fa2be1e91e1/elements - {"using":"xpath","value":"//button[@aria-label=\"Create\"]"}
RESULT: {"using":"xpath","value":"//button[@aria-label=\"Create\"]"}
COMMAND: POST /session/49a7b3339b72a9487f712fa2be1e91e1/elements - {"using":"xpath","value":"//button[@aria-label=\"Create\"]"}
RESULT: {"using":"xpath","value":"//button[@aria-label=\"Create\"]"}
COMMAND: POST /session/49a7b3339b72a9487f712fa2be1e91e1/elements - {"using":"xpath","value":"//button[@aria-label=\"Create\"]"}
RESULT: {"using":"xpath","value":"//button[@aria-label=\"Create\"]"}
COMMAND: POST /session/49a7b3339b72a9487f712fa2be1e91e1/elements - {"using":"xpath","value":"//button[@aria-label=\"Create\"]"}
RESULT: {"using":"xpath","value":"//button[@aria-label=\"Create\"]"}
COMMAND: POST /session/49a7b3339b72a9487f712fa2be1e91e1/elements - {"using":"xpath","value":"//button[@aria-label=\"Create\"]"}
RESULT: {"using":"xpath","value":"//button[@aria-label=\"Create\"]"}
COMMAND: POST /session/49a7b3339b72a9487f712fa2be1e91e1/elements - {"using":"xpath","value":"//button[@aria-label=\"Create\"]"}
RESULT: {"using":"xpath","value":"//button[@aria-label=\"Create\"]"}
COMMAND: POST /session/49a7b3339b72a9487f712fa2be1e91e1/elements - {"using":"xpath","value":"//button[@aria-label=\"Create\"]"}
RESULT: {"using":"xpath","value":"//button[@aria-label=\"Create\"]"}
COMMAND: POST /session/49a7b3339b72a9487f712fa2be1e91e1/elements - {"using":"xpath","value":"//button[@aria-label=\"Create\"]"}
RESULT: {"using":"xpath","value":"//button[@aria-label=\"Create\"]"}
COMMAND: POST /session/49a7b3339b72a9487f712fa2be1e91e1/elements - {"using":"xpath","value":"//button[@aria-label=\"Create\"]"}
RESULT: {"using":"xpath","value":"//button[@aria-label=\"Create\"]"}
COMMAND: POST /session/49a7b3339b72a9487f712fa2be1e91e1/elements - {"using":"xpath","value":"//button[@aria-label=\"Create\"]"}
RESULT: {"using":"xpath","value":"//button[@aria-label=\"Create\"]"}
COMMAND: POST /session/49a7b3339b72a9487f712fa2be1e91e1/elements - {"using":"xpath","value":"//button[@aria-label=\"Create\"]"}
RESULT: {"using":"xpath","value":"//button[@aria-label=\"Create\"]"}
COMMAND: POST /session/49a7b3339b72a9487f712fa2be1e91e1/elements - {"using":"xpath","value":"//button[@aria-label=\"Create\"]"}
RESULT: {"using":"xpath","value":"//button[@aria-label=\"Create\"]"}
COMMAND: POST /session/49a7b3339b72a9487f712fa2be1e91e1/elements - {"using":"xpath","value":"//button[@aria-label=\"Create\"]"}
RESULT: {"using":"xpath","value":"//button[@aria-label=\"Create\"]"}
COMMAND: POST /session/49a7b3339b72a9487f712fa2be1e91e1/elements - {"using":"xpath","value":"//button[@aria-label=\"Create\"]"}
RESULT: {"using":"xpath","value":"//button[@aria-label=\"Create\"]"}
COMMAND: POST /session/49a7b3339b72a9487f712fa2be1e91e1/elements - {"using":"xpath","value":"//button[@aria-label=\"Create\"]"}
RESULT: {"using":"xpath","value":"//button[@aria-label=\"Create\"]"}
COMMAND: POST /session/49a7b3339b72a9487f712fa2be1e91e1/elements - {"using":"xpath","value":"//button[@aria-label=\"Create\"]"}
RESULT: {"using":"xpath","value":"//button[@aria-label=\"Create\"]"}
COMMAND: POST /session/49a7b3339b72a9487f712fa2be1e91e1/elements - {"using":"xpath","value":"//button[@aria-label=\"Create\"]"}
RESULT: {"using":"xpath","value":"//button[@aria-label=\"Create\"]"}
COMMAND: POST /session/49a7b3339b72a9487f712fa2be1e91e1/elements - {"using":"xpath","value":"//button[@aria-label=\"Create\"]"}
RESULT: {"using":"xpath","value":"//button[@aria-label=\"Create\"]"}
COMMAND: POST /session/49a7b3339b72a9487f712fa2be1e91e1/elements - {"using":"xpath","value":"//button[@aria-label=\"Create\"]"}
RESULT: {"using":"xpath","value":"//button[@aria-label=\"Create\"]"}
COMMAND: POST /session/49a7b3339b72a9487f712fa2be1e91e1/elements - {"using":"xpath","value":"//button[@aria-label=\"Create\"]"}
RESULT: {"using":"xpath","value":"//button[@aria-label=\"Create\"]"}
COMMAND: POST /session/49a7b3339b72a9487f712fa2be1e91e1/elements - {"using":"xpath","value":"//button[@aria-label=\"Create\"]"}
RESULT: {"using":"xpath","value":"//button[@aria-label=\"Create\"]"}
COMMAND: POST /session/49a7b3339b72a9487f712fa2be1e91e1/elements - {"using":"xpath","value":"//button[@aria-label=\"Create\"]"}
RESULT: {"using":"xpath","value":"//button[@aria-label=\"Create\"]"}
COMMAND: POST /session/49a7b3339b72a9487f712fa2be1e91e1/elements - {"using":"xpath","value":"//button[@aria-label=\"Create\"]"}
RESULT: {"using":"xpath","value":"//button[@aria-label=\"Create\"]"}
COMMAND: POST /session/49a7b3339b72a9487f712fa2be1e91e1/elements - {"using":"xpath","value":"//button[@aria-label=\"Create\"]"}
RESULT: {"using":"xpath","value":"//button[@aria-label=\"Create\"]"}
COMMAND: POST /session/49a7b3339b72a9487f712fa2be1e91e1/elements - {"using":"xpath","value":"//button[@aria-label=\"Create\"]"}
RESULT: {"using":"xpath","value":"//button[@aria-label=\"Create\"]"}
COMMAND: POST /session/49a7b3339b72a9487f712fa2be1e91e1/elements - {"using":"xpath","value":"//button[@aria-label=\"Create\"]"}
RESULT: {"using":"xpath","value":"//button[@aria-label=\"Create\"]"}
COMMAND: POST /session/49a7b3339b72a9487f712fa2be1e91e1/elements - {"using":"xpath","value":"//button[@aria-label=\"Create\"]"}
RESULT: {"using":"xpath","value":"//button[@aria-label=\"Create\"]"}
COMMAND: POST /session/49a7b3339b72a9487f712fa2be1e91e1/elements - {"using":"xpath","value":"//button[@aria-label=\"Create\"]"}
RESULT: {"using":"xpath","value":"//button[@aria-label=\"Create\"]"}
COMMAND: POST /session/49a7b3339b72a9487f712fa2be1e91e1/elements - {"using":"xpath","value":"//button[@aria-label=\"Create\"]"}
RESULT: {"using":"xpath","value":"//button[@aria-label=\"Create\"]"}
COMMAND: POST /session/49a7b3339b72a9487f712fa2be1e91e1/elements - {"using":"xpath","value":"//button[@aria-label=\"Create\"]"}
RESULT: {"using":"xpath","value":"//button[@aria-label=\"Create\"]"}
COMMAND: POST /session/49a7b3339b72a9487f712fa2be1e91e1/elements - {"using":"xpath","value":"//button[@aria-label=\"Create\"]"}
RESULT: {"using":"xpath","value":"//button[@aria-label=\"Create\"]"}
COMMAND: POST /session/49a7b3339b72a9487f712fa2be1e91e1/elements - {"using":"xpath","value":"//button[@aria-label=\"Create\"]"}
RESULT: {"using":"xpath","value":"//button[@aria-label=\"Create\"]"}
COMMAND: POST /session/49a7b3339b72a9487f712fa2be1e91e1/elements - {"using":"xpath","value":"//button[@aria-label=\"Create\"]"}
RESULT: {"using":"xpath","value":"//button[@aria-label=\"Create\"]"}
COMMAND: POST /session/49a7b3339b72a9487f712fa2be1e91e1/elements - {"using":"xpath","value":"//button[@aria-label=\"Create\"]"}
RESULT: {"using":"xpath","value":"//button[@aria-label=\"Create\"]"}
COMMAND: POST /session/49a7b3339b72a9487f712fa2be1e91e1/elements - {"using":"xpath","value":"//button[@aria-label=\"Create\"]"}
RESULT: {"using":"xpath","value":"//button[@aria-label=\"Create\"]"}
COMMAND: POST /session/49a7b3339b72a9487f712fa2be1e91e1/elements - {"using":"xpath","value":"//button[@aria-label=\"Create\"]"}
RESULT: {"using":"xpath","value":"//button[@aria-label=\"Create\"]"}
COMMAND: POST /session/49a7b3339b72a9487f712fa2be1e91e1/elements - {"using":"xpath","value":"//button[@aria-label=\"Create\"]"}
RESULT: {"using":"xpath","value":"//button[@aria-label=\"Create\"]"}
COMMAND: POST /session/49a7b3339b72a9487f712fa2be1e91e1/elements - {"using":"xpath","value":"//button[@aria-label=\"Create\"]"}
RESULT: {"using":"xpath","value":"//button[@aria-label=\"Create\"]"}
COMMAND: POST /session/49a7b3339b72a9487f712fa2be1e91e1/elements - {"using":"xpath","value":"//button[@aria-label=\"Create\"]"}
RESULT: {"using":"xpath","value":"//button[@aria-label=\"Create\"]"}
COMMAND: POST /session/49a7b3339b72a9487f712fa2be1e91e1/elements - {"using":"xpath","value":"//button[@aria-label=\"Create\"]"}
RESULT: {"using":"xpath","value":"//button[@aria-label=\"Create\"]"}
COMMAND: POST /session/49a7b3339b72a9487f712fa2be1e91e1/elements - {"using":"xpath","value":"//button[@aria-label=\"Create\"]"}
RESULT: {"using":"xpath","value":"//button[@aria-label=\"Create\"]"}
COMMAND: POST /session/49a7b3339b72a9487f712fa2be1e91e1/elements - {"using":"xpath","value":"//button[@aria-label=\"Create\"]"}
RESULT: {"using":"xpath","value":"//button[@aria-label=\"Create\"]"}
COMMAND: POST /session/49a7b3339b72a9487f712fa2be1e91e1/elements - {"using":"xpath","value":"//button[@aria-label=\"Create\"]"}
RESULT: {"using":"xpath","value":"//button[@aria-label=\"Create\"]"}
COMMAND: POST /session/49a7b3339b72a9487f712fa2be1e91e1/elements - {"using":"xpath","value":"//button[@aria-label=\"Create\"]"}
RESULT: {"using":"xpath","value":"//button[@aria-label=\"Create\"]"}
COMMAND: POST /session/49a7b3339b72a9487f712fa2be1e91e1/elements - {"using":"xpath","value":"//button[@aria-label=\"Create\"]"}
RESULT: {"using":"xpath","value":"//button[@aria-label=\"Create\"]"}
COMMAND: POST /session/49a7b3339b72a9487f712fa2be1e91e1/elements - {"using":"xpath","value":"//button[@aria-label=\"Create\"]"}
RESULT: {"using":"xpath","value":"//button[@aria-label=\"Create\"]"}
COMMAND: POST /session/49a7b3339b72a9487f712fa2be1e91e1/elements - {"using":"xpath","value":"//button[@aria-label=\"Create\"]"}
RESULT: {"using":"xpath","value":"//button[@aria-label=\"Create\"]"}
COMMAND: POST /session/49a7b3339b72a9487f712fa2be1e91e1/elements - {"using":"xpath","value":"//button[@aria-label=\"Create\"]"}
RESULT: {"using":"xpath","value":"//button[@aria-label=\"Create\"]"}
COMMAND: POST /session/49a7b3339b72a9487f712fa2be1e91e1/elements - {"using":"xpath","value":"//button[@aria-label=\"Create\"]"}
RESULT: {"using":"xpath","value":"//button[@aria-label=\"Create\"]"}
COMMAND: POST /session/49a7b3339b72a9487f712fa2be1e91e1/elements - {"using":"xpath","value":"//button[@aria-label=\"Create\"]"}
RESULT: {"using":"xpath","value":"//button[@aria-label=\"Create\"]"}
COMMAND: POST /session/49a7b3339b72a9487f712fa2be1e91e1/elements - {"using":"xpath","value":"//button[@aria-label=\"Create\"]"}
RESULT: {"using":"xpath","value":"//button[@aria-label=\"Create\"]"}
COMMAND: POST /session/49a7b3339b72a9487f712fa2be1e91e1/elements - {"using":"xpath","value":"//button[@aria-label=\"Create\"]"}
RESULT: {"using":"xpath","value":"//button[@aria-label=\"Create\"]"}
COMMAND: POST /session/49a7b3339b72a9487f712fa2be1e91e1/elements - {"using":"xpath","value":"//button[@aria-label=\"Create\"]"}
RESULT: {"using":"xpath","value":"//button[@aria-label=\"Create\"]"}
COMMAND: POST /session/49a7b3339b72a9487f712fa2be1e91e1/elements - {"using":"xpath","value":"//button[@aria-label=\"Create\"]"}
RESULT: {"using":"xpath","value":"//button[@aria-label=\"Create\"]"}
COMMAND: POST /session/49a7b3339b72a9487f712fa2be1e91e1/elements - {"using":"xpath","value":"//button[@aria-label=\"Create\"]"}
RESULT: {"using":"xpath","value":"//button[@aria-label=\"Create\"]"}
COMMAND: POST /session/49a7b3339b72a9487f712fa2be1e91e1/elements - {"using":"xpath","value":"//button[@aria-label=\"Create\"]"}
RESULT: {"using":"xpath","value":"//button[@aria-label=\"Create\"]"}
COMMAND: POST /session/49a7b3339b72a9487f712fa2be1e91e1/elements - {"using":"xpath","value":"//button[@aria-label=\"Create\"]"}
RESULT: {"using":"xpath","value":"//button[@aria-label=\"Create\"]"}
COMMAND: POST /session/49a7b3339b72a9487f712fa2be1e91e1/elements - {"using":"xpath","value":"//button[@aria-label=\"Create\"]"}
RESULT: {"using":"xpath","value":"//button[@aria-label=\"Create\"]"}
COMMAND: POST /session/49a7b3339b72a9487f712fa2be1e91e1/elements - {"using":"xpath","value":"//button[@aria-label=\"Create\"]"}
RESULT: {"using":"xpath","value":"//button[@aria-label=\"Create\"]"}
COMMAND: POST /session/49a7b3339b72a9487f712fa2be1e91e1/elements - {"using":"xpath","value":"//button[@aria-label=\"Create\"]"}
RESULT: {"using":"xpath","value":"//button[@aria-label=\"Create\"]"}
COMMAND: POST /session/49a7b3339b72a9487f712fa2be1e91e1/elements - {"using":"xpath","value":"//button[@aria-label=\"Create\"]"}
RESULT: {"using":"xpath","value":"//button[@aria-label=\"Create\"]"}
COMMAND: POST /session/49a7b3339b72a9487f712fa2be1e91e1/elements - {"using":"xpath","value":"//button[@aria-label=\"Create\"]"}
RESULT: {"using":"xpath","value":"//button[@aria-label=\"Create\"]"}
COMMAND: POST /session/49a7b3339b72a9487f712fa2be1e91e1/elements - {"using":"xpath","value":"//button[@aria-label=\"Create\"]"}
RESULT: {"using":"xpath","value":"//button[@aria-label=\"Create\"]"}
COMMAND: GET /session/49a7b3339b72a9487f712fa2be1e91e1/screenshot - {}
RESULT: {}
]]></system-out>
      <system-err><![CDATA[
Error: Can't call click on element with selector "//button[@aria-label="Create"]" because element wasn't found
    at async Context.<anonymous> (D:\a\1\s\test\specs\ISC\isc-template-time-schedule.spec.js:324:13)
]]></system-err>
    </testcase>
    <testcase classname="chrome.137_0_7151_69.windows.ISC_Template_-_Time_schedule_US156099" name="Should create a new time template" time="5.248">
      <failure/>
      <error message="element click intercepted: Element &lt;a id=&quot;shell-header-logo&quot; href=&quot;#Shell-home&quot; title=&quot;Navigate to Home&quot; role=&quot;button&quot; class=&quot;sapUshellShellIco&quot;>...&lt;/a> is not clickable at point (126, 22). Other element would receive the click: &lt;div id=&quot;sap-ui-blocklayer-popup&quot; tabindex=&quot;0&quot; class=&quot;sapUiBLy&quot; style=&quot;z-index: 29; visibility: visible;&quot;>&lt;/div>&#xA;  (Session info: chrome=137.0.7151.69)"/>
      <system-out><![CDATA[
COMMAND: POST /session/49a7b3339b72a9487f712fa2be1e91e1/element - {"using":"css selector","value":"#shell-header-logo"}
COMMAND: GET /session/49a7b3339b72a9487f712fa2be1e91e1/screenshot - {}
RESULT: {"using":"css selector","value":"#shell-header-logo"}
COMMAND: POST /session/49a7b3339b72a9487f712fa2be1e91e1/element/f.98EE531E16AC564976FA64A86AFB7202.d.E914D7C25DE18A8E50487918FC33A55D.e.312/click - {}
RESULT: {}
COMMAND: GET /session/49a7b3339b72a9487f712fa2be1e91e1/screenshot - {}
RESULT: {}
COMMAND: POST /session/49a7b3339b72a9487f712fa2be1e91e1/element - {"using":"css selector","value":"#shell-header-logo"}
COMMAND: GET /session/49a7b3339b72a9487f712fa2be1e91e1/screenshot - {}
COMMAND: GET /session/49a7b3339b72a9487f712fa2be1e91e1/screenshot - {}
RESULT: {"using":"css selector","value":"#shell-header-logo"}
COMMAND: POST /session/49a7b3339b72a9487f712fa2be1e91e1/element/f.98EE531E16AC564976FA64A86AFB7202.d.E914D7C25DE18A8E50487918FC33A55D.e.312/click - {}
RESULT: {}
RESULT: {}
COMMAND: DELETE /session/49a7b3339b72a9487f712fa2be1e91e1 - {}
RESULT: {}
]]></system-out>
      <system-err><![CDATA[
element click intercepted: element click intercepted: Element <a id="shell-header-logo" href="#Shell-home" title="Navigate to Home" role="button" class="sapUshellShellIco">...</a> is not clickable at point (126, 22). Other element would receive the click: <div id="sap-ui-blocklayer-popup" tabindex="0" class="sapUiBLy" style="z-index: 29; visibility: visible;"></div>
  (Session info: chrome=137.0.7151.69)
    at async Context.<anonymous> (D:\a\1\s\test\specs\ISC\isc-template-time-schedule.spec.js:449:9)
]]></system-err>
    </testcase>
  </testsuite>
  <testsuite timestamp="2025-06-14T16:57:26" time="5.073" tests="1" failures="1" errors="1" skipped="0">
    <properties>
      <property name="specId" value="0"/>
      <property name="suiteName" value="ISC Schedule - Time schedule US156838"/>
      <property name="capabilities" value="chrome.137_0_7151_69.windows"/>
      <property name="file" value="file:///D:/a/1/s/test/specs/ISC/isc-schedule-time-schedule.spec.js"/>
    </properties>
    <testcase classname="chrome.137_0_7151_69.windows.ISC_Schedule_-_Time_schedule_US156838" name="before all hook for ISC Schedule Time schedule US156838" time="5.071">
      <failure/>
      <error message="element click intercepted: Element &lt;a id=&quot;shell-header-logo&quot; href=&quot;#Shell-home&quot; title=&quot;Navigate to Home&quot; role=&quot;button&quot; class=&quot;sapUshellShellIco&quot;>...&lt;/a> is not clickable at point (126, 22). Other element would receive the click: &lt;div id=&quot;sap-ui-blocklayer-popup&quot; tabindex=&quot;0&quot; class=&quot;sapUiBLy&quot; style=&quot;z-index: 29; visibility: visible;&quot;>&lt;/div>&#xA;  (Session info: chrome=137.0.7151.69)"/>
      <system-err><![CDATA[
element click intercepted: element click intercepted: Element <a id="shell-header-logo" href="#Shell-home" title="Navigate to Home" role="button" class="sapUshellShellIco">...</a> is not clickable at point (126, 22). Other element would receive the click: <div id="sap-ui-blocklayer-popup" tabindex="0" class="sapUiBLy" style="z-index: 29; visibility: visible;"></div>
  (Session info: chrome=137.0.7151.69)
    at async Context.<anonymous> (D:\a\1\s\test\specs\ISC\isc-schedule-time-schedule.spec.js:25:9)
]]></system-err>
    </testcase>
  </testsuite>
</testsuites>