<?xml version="1.0" encoding="UTF-8"?>
<testsuites tests="7" failures="0" errors="0" skipped="0">
  <testsuite timestamp="2025-05-22T15:22:07" time="788.08" tests="7" failures="0" errors="0" skipped="0">
    <properties>
      <property name="specId" value="0"/>
      <property name="suiteName" value="Related resources for groups US139107"/>
      <property name="capabilities" value="chrome.136_0_7103_93.windows"/>
      <property name="file" value="file:///D:/a/1/s/test/specs/R2C/related-resources-area-rpg.spec.js"/>
    </properties>
    <testcase classname="chrome.136_0_7103_93.windows.Related_resources_for_groups_US139107" name="Should create a new yard" time="120.819">
      <system-out><![CDATA[
COMMAND: POST /session/5a996439f29f64f375155c098e6d3fe0/execute/async - {"script":"<script> [1562 bytes]","args":[{"selector":{"controlType":"sap.m.GenericTile","properties":{"header":"Manage Yards"}},"wdio_ui5_key":"sapm.GenericTile{\"header\":\"Manage Yards\"}"}]}
RESULT: {"script":"<script> [1562 bytes]","args":[{"selector":{"controlType":"sap.m.GenericTile","properties":{"header":"Manage Yards"}},"wdio_ui5_key":"sapm.GenericTile{\"header\":\"Manage Yards\"}"}]}
RESULT: undefined
COMMAND: POST /session/5a996439f29f64f375155c098e6d3fe0/element - {"using":"xpath","value":"//*[@id=\"__tile41\"]"}
RESULT: {"using":"xpath","value":"//*[@id=\"__tile41\"]"}
COMMAND: POST /session/5a996439f29f64f375155c098e6d3fe0/element/f.6EEA461E792C481BE58B9946AB04CA3F.d.E7869820C3CE81F01D219ED0B8F9E952.e.114/click - {}
RESULT: {}
COMMAND: GET /session/5a996439f29f64f375155c098e6d3fe0/screenshot - {}
RESULT: {}
COMMAND: POST /session/5a996439f29f64f375155c098e6d3fe0/elements - {"using":"xpath","value":"//span[text()='Error']"}
RESULT: {"using":"xpath","value":"//span[text()='Error']"}
COMMAND: POST /session/5a996439f29f64f375155c098e6d3fe0/execute/async - {"script":"<script> [1562 bytes]","args":[{"selector":{"controlType":"sap.ui.core.Icon","viewName":"etm.portal.ui.manageyards.view.Master","viewId":"application-manageyards-display-component---masterYard","properties":{"src":{"regex":{"source":"add"}}}},"wdio_ui5_key":"etmportal.ui.manageyards.view.Mastersap.ui.core.Icon{\"src\":{\"regex\":{\"source\":\"add\"}}}"}]}
RESULT: {"script":"<script> [1562 bytes]","args":[{"selector":{"controlType":"sap.ui.core.Icon","viewName":"etm.portal.ui.manageyards.view.Master","viewId":"application-manageyards-display-component---masterYard","properties":{"src":{"regex":{"source":"add"}}}},"wdio_ui5_key":"etmportal.ui.manageyards.view.Mastersap.ui.core.Icon{\"src\":{\"regex\":{\"source\":\"add\"}}}"}]}
RESULT: undefined
COMMAND: POST /session/5a996439f29f64f375155c098e6d3fe0/element - {"using":"xpath","value":"//*[@id=\"__button4-img\"]"}
RESULT: {"using":"xpath","value":"//*[@id=\"__button4-img\"]"}
COMMAND: POST /session/5a996439f29f64f375155c098e6d3fe0/element/f.6EEA461E792C481BE58B9946AB04CA3F.d.E7869820C3CE81F01D219ED0B8F9E952.e.162/click - {}
RESULT: {}
COMMAND: GET /session/5a996439f29f64f375155c098e6d3fe0/screenshot - {}
RESULT: {}
COMMAND: POST /session/5a996439f29f64f375155c098e6d3fe0/execute/async - {"script":"<script> [1562 bytes]","args":[{"selector":{"id":"application-manageyards-display-component---NewYard--yardId","interaction":{"idSuffix":"inner"}},"wdio_ui5_key":"applicationmanageyards-display-component---NewYard--yardId"}]}
RESULT: {"script":"<script> [1562 bytes]","args":[{"selector":{"id":"application-manageyards-display-component---NewYard--yardId","interaction":{"idSuffix":"inner"}},"wdio_ui5_key":"applicationmanageyards-display-component---NewYard--yardId"}]}
RESULT: undefined
COMMAND: POST /session/5a996439f29f64f375155c098e6d3fe0/element - {"using":"xpath","value":"//*[@id=\"application-manageyards-display-component---NewYard--addressDetailDetailsName1-inner\"]"}
RESULT: {"using":"xpath","value":"//*[@id=\"application-manageyards-display-component---NewYard--addressDetailDetailsName1-inner\"]"}
COMMAND: POST /session/5a996439f29f64f375155c098e6d3fe0/element/f.6EEA461E792C481BE58B9946AB04CA3F.d.E7869820C3CE81F01D219ED0B8F9E952.e.379/clear - {}
RESULT: {}
COMMAND: POST /session/5a996439f29f64f375155c098e6d3fe0/element/f.6EEA461E792C481BE58B9946AB04CA3F.d.E7869820C3CE81F01D219ED0B8F9E952.e.379/value - {"text":"WebdriverYardtiqos"}
COMMAND: GET /session/5a996439f29f64f375155c098e6d3fe0/screenshot - {}
RESULT: {"text":"WebdriverYardtiqos"}
COMMAND: POST /session/5a996439f29f64f375155c098e6d3fe0/element - {"using":"xpath","value":"//*[@id=\"application-manageyards-display-component---NewYard--addressDetailDetailsLanguage-inner\"]"}
COMMAND: GET /session/5a996439f29f64f375155c098e6d3fe0/screenshot - {}
RESULT: {}
RESULT: {"using":"xpath","value":"//*[@id=\"application-manageyards-display-component---NewYard--addressDetailDetailsLanguage-inner\"]"}
COMMAND: POST /session/5a996439f29f64f375155c098e6d3fe0/element/f.6EEA461E792C481BE58B9946AB04CA3F.d.E7869820C3CE81F01D219ED0B8F9E952.e.380/clear - {}
RESULT: {}
RESULT: {}
COMMAND: POST /session/5a996439f29f64f375155c098e6d3fe0/element/f.6EEA461E792C481BE58B9946AB04CA3F.d.E7869820C3CE81F01D219ED0B8F9E952.e.380/value - {"text":"Romanian"}
COMMAND: GET /session/5a996439f29f64f375155c098e6d3fe0/screenshot - {}
RESULT: {"text":"Romanian"}
COMMAND: POST /session/5a996439f29f64f375155c098e6d3fe0/element - {"using":"xpath","value":"//input[contains(@id ,\"application-manageyards-display-component---NewYard--addressDetailDetailsName1-inner\")]"}
COMMAND: GET /session/5a996439f29f64f375155c098e6d3fe0/screenshot - {}
RESULT: {}
RESULT: {"using":"xpath","value":"//input[contains(@id ,\"application-manageyards-display-component---NewYard--addressDetailDetailsName1-inner\")]"}
COMMAND: GET /session/5a996439f29f64f375155c098e6d3fe0/element/f.6EEA461E792C481BE58B9946AB04CA3F.d.E7869820C3CE81F01D219ED0B8F9E952.e.379/property/value - {}
RESULT: {}
RESULT: {}
COMMAND: GET /session/5a996439f29f64f375155c098e6d3fe0/screenshot - {}
RESULT: {}
COMMAND: POST /session/5a996439f29f64f375155c098e6d3fe0/element - {"using":"xpath","value":"//*[@id=\"application-manageyards-display-component---NewYard--addressDetailDetailsCity1-inner\"]"}
RESULT: {"using":"xpath","value":"//*[@id=\"application-manageyards-display-component---NewYard--addressDetailDetailsCity1-inner\"]"}
COMMAND: POST /session/5a996439f29f64f375155c098e6d3fe0/element/f.6EEA461E792C481BE58B9946AB04CA3F.d.E7869820C3CE81F01D219ED0B8F9E952.e.382/clear - {}
RESULT: {}
COMMAND: POST /session/5a996439f29f64f375155c098e6d3fe0/element/f.6EEA461E792C481BE58B9946AB04CA3F.d.E7869820C3CE81F01D219ED0B8F9E952.e.382/value - {"text":"Bucuresti"}
COMMAND: GET /session/5a996439f29f64f375155c098e6d3fe0/screenshot - {}
RESULT: {"text":"Bucuresti"}
COMMAND: GET /session/5a996439f29f64f375155c098e6d3fe0/screenshot - {}
RESULT: {}
RESULT: {}
COMMAND: POST /session/5a996439f29f64f375155c098e6d3fe0/element - {"using":"xpath","value":"//*[@id=\"application-manageyards-display-component---NewYard--addressDetailDetailsCountry-inner\"]"}
RESULT: {"using":"xpath","value":"//*[@id=\"application-manageyards-display-component---NewYard--addressDetailDetailsCountry-inner\"]"}
COMMAND: POST /session/5a996439f29f64f375155c098e6d3fe0/element/f.6EEA461E792C481BE58B9946AB04CA3F.d.E7869820C3CE81F01D219ED0B8F9E952.e.386/clear - {}
RESULT: {}
COMMAND: POST /session/5a996439f29f64f375155c098e6d3fe0/element/f.6EEA461E792C481BE58B9946AB04CA3F.d.E7869820C3CE81F01D219ED0B8F9E952.e.386/value - {"text":"Romania"}
COMMAND: GET /session/5a996439f29f64f375155c098e6d3fe0/screenshot - {}
RESULT: {"text":"Romania"}
COMMAND: GET /session/5a996439f29f64f375155c098e6d3fe0/screenshot - {}
RESULT: {}
RESULT: {}
COMMAND: POST /session/5a996439f29f64f375155c098e6d3fe0/element - {"using":"xpath","value":"//div[contains(text(), \"Commercial\")]"}
RESULT: {"using":"xpath","value":"//div[contains(text(), \"Commercial\")]"}
COMMAND: GET /session/5a996439f29f64f375155c098e6d3fe0/element/f.6EEA461E792C481BE58B9946AB04CA3F.d.E7869820C3CE81F01D219ED0B8F9E952.e.580/rect - {}
RESULT: {}
COMMAND: GET /session/5a996439f29f64f375155c098e6d3fe0/window/rect - {}
RESULT: {}
COMMAND: POST /session/5a996439f29f64f375155c098e6d3fe0/execute/sync - {"script":"<script> [92 bytes]","args":[]}
RESULT: {"script":"<script> [92 bytes]","args":[]}
COMMAND: POST /session/5a996439f29f64f375155c098e6d3fe0/actions - {"actions":[{"id":"action1","type":"wheel","parameters":{},"actions":[{"type":"scroll","x":-1841,"y":-44,"deltaX":0,"deltaY":0,"duration":0,"origin":{"element-6066-11e4-a52e-4f735466cecf":"f.6EEA461E792C481BE58B9946AB04CA3F.d.E7869820C3CE81F01D219ED0B8F9E952.e.580"}}]}]}
COMMAND: GET /session/5a996439f29f64f375155c098e6d3fe0/screenshot - {}
RESULT: {}
COMMAND: POST /session/5a996439f29f64f375155c098e6d3fe0/execute/sync - {"script":"<script> [79 bytes]","args":[{"element-6066-11e4-a52e-4f735466cecf":"f.6EEA461E792C481BE58B9946AB04CA3F.d.E7869820C3CE81F01D219ED0B8F9E952.e.580","ELEMENT":"f.6EEA461E792C481BE58B9946AB04CA3F.d.E7869820C3CE81F01D219ED0B8F9E952.e.580"},{"block":"start","inline":"nearest"}]}
RESULT: {"script":"<script> [79 bytes]","args":[{"element-6066-11e4-a52e-4f735466cecf":"f.6EEA461E792C481BE58B9946AB04CA3F.d.E7869820C3CE81F01D219ED0B8F9E952.e.580","ELEMENT":"f.6EEA461E792C481BE58B9946AB04CA3F.d.E7869820C3CE81F01D219ED0B8F9E952.e.580"},{"block":"start","inline":"nearest"}]}
COMMAND: GET /session/5a996439f29f64f375155c098e6d3fe0/screenshot - {}
RESULT: {}
COMMAND: POST /session/5a996439f29f64f375155c098e6d3fe0/execute/async - {"script":"<script> [1562 bytes]","args":[{"selector":{"id":"application-manageyards-display-component---NewYard--addressEditDetailsCostObjectCstType-arrow"},"wdio_ui5_key":"applicationmanageyards-display-component---NewYard--addressEditDetailsCostObjectCstType-arrow"}]}
RESULT: {"script":"<script> [1562 bytes]","args":[{"selector":{"id":"application-manageyards-display-component---NewYard--addressEditDetailsCostObjectCstType-arrow"},"wdio_ui5_key":"applicationmanageyards-display-component---NewYard--addressEditDetailsCostObjectCstType-arrow"}]}
RESULT: undefined
COMMAND: POST /session/5a996439f29f64f375155c098e6d3fe0/element - {"using":"xpath","value":"//*[@id=\"application-manageyards-display-component---NewYard--addressEditDetailsCostObjectCstType-arrow\"]"}
RESULT: {"using":"xpath","value":"//*[@id=\"application-manageyards-display-component---NewYard--addressEditDetailsCostObjectCstType-arrow\"]"}
COMMAND: POST /session/5a996439f29f64f375155c098e6d3fe0/element/f.6EEA461E792C481BE58B9946AB04CA3F.d.E7869820C3CE81F01D219ED0B8F9E952.e.588/click - {}
RESULT: {}
COMMAND: POST /session/5a996439f29f64f375155c098e6d3fe0/element - {"using":"xpath","value":"//span[contains(text(), \"Cost Center\")]"}
COMMAND: GET /session/5a996439f29f64f375155c098e6d3fe0/screenshot - {}
RESULT: {"using":"xpath","value":"//span[contains(text(), \"Cost Center\")]"}
COMMAND: POST /session/5a996439f29f64f375155c098e6d3fe0/element/f.6EEA461E792C481BE58B9946AB04CA3F.d.E7869820C3CE81F01D219ED0B8F9E952.e.589/click - {}
RESULT: {}
RESULT: {}
COMMAND: GET /session/5a996439f29f64f375155c098e6d3fe0/screenshot - {}
RESULT: {}
COMMAND: POST /session/5a996439f29f64f375155c098e6d3fe0/execute/async - {"script":"<script> [1562 bytes]","args":[{"selector":{"id":"application-manageyards-display-component---NewYard--addressNewCostObjectCstID-vhi"},"wdio_ui5_key":"applicationmanageyards-display-component---NewYard--addressNewCostObjectCstID-vhi"}]}
RESULT: {"script":"<script> [1562 bytes]","args":[{"selector":{"id":"application-manageyards-display-component---NewYard--addressNewCostObjectCstID-vhi"},"wdio_ui5_key":"applicationmanageyards-display-component---NewYard--addressNewCostObjectCstID-vhi"}]}
RESULT: undefined
COMMAND: POST /session/5a996439f29f64f375155c098e6d3fe0/element - {"using":"xpath","value":"//*[@id=\"application-manageyards-display-component---NewYard--addressNewCostObjectCstID-vhi\"]"}
RESULT: {"using":"xpath","value":"//*[@id=\"application-manageyards-display-component---NewYard--addressNewCostObjectCstID-vhi\"]"}
COMMAND: POST /session/5a996439f29f64f375155c098e6d3fe0/element/f.6EEA461E792C481BE58B9946AB04CA3F.d.E7869820C3CE81F01D219ED0B8F9E952.e.593/click - {}
RESULT: {}
COMMAND: GET /session/5a996439f29f64f375155c098e6d3fe0/screenshot - {}
RESULT: {}
COMMAND: POST /session/5a996439f29f64f375155c098e6d3fe0/execute/async - {"script":"<script> [1562 bytes]","args":[{"selector":{"controlType":"sap.m.SearchField","properties":{"placeholder":"Search"},"searchOpenDialogs":true,"interaction":{"idSuffix":"I"}},"wdio_ui5_key":"sapm.SearchField{\"placeholder\":\"Search\"}"}]}
RESULT: {"script":"<script> [1562 bytes]","args":[{"selector":{"controlType":"sap.m.SearchField","properties":{"placeholder":"Search"},"searchOpenDialogs":true,"interaction":{"idSuffix":"I"}},"wdio_ui5_key":"sapm.SearchField{\"placeholder\":\"Search\"}"}]}
RESULT: undefined
COMMAND: POST /session/5a996439f29f64f375155c098e6d3fe0/execute/async - {"script":"<script> [776 bytes]","args":[{"enterText":"10001013","selector":{"controlType":"sap.m.SearchField","properties":{"placeholder":"Search"},"searchOpenDialogs":true,"interaction":{"idSuffix":"I"}},"clearTextFirst":true,"interactionType":"ENTER_TEXT"}]}
RESULT: {"script":"<script> [776 bytes]","args":[{"enterText":"10001013","selector":{"controlType":"sap.m.SearchField","properties":{"placeholder":"Search"},"searchOpenDialogs":true,"interaction":{"idSuffix":"I"}},"clearTextFirst":true,"interactionType":"ENTER_TEXT"}]}
COMMAND: POST /session/5a996439f29f64f375155c098e6d3fe0/actions - {"actions":[{"id":"action2","type":"key","parameters":{},"actions":[{"type":"keyDown","value":""},{"type":"pause","duration":10},{"type":"keyUp","value":""}]}]}
RESULT: {"actions":[{"id":"action2","type":"key","parameters":{},"actions":[{"type":"keyDown","value":""},{"type":"pause","duration":10},{"type":"keyUp","value":""}]}]}
COMMAND: GET /session/5a996439f29f64f375155c098e6d3fe0/screenshot - {}
RESULT: {}
COMMAND: POST /session/5a996439f29f64f375155c098e6d3fe0/element - {"using":"xpath","value":"//span[contains(text(), \"General Management\")]"}
RESULT: {"using":"xpath","value":"//span[contains(text(), \"General Management\")]"}
COMMAND: POST /session/5a996439f29f64f375155c098e6d3fe0/element/f.6EEA461E792C481BE58B9946AB04CA3F.d.E7869820C3CE81F01D219ED0B8F9E952.e.634/click - {}
RESULT: {}
COMMAND: GET /session/5a996439f29f64f375155c098e6d3fe0/screenshot - {}
RESULT: {}
COMMAND: POST /session/5a996439f29f64f375155c098e6d3fe0/element - {"using":"xpath","value":"//bdi[contains(text(), \"OK\")]"}
RESULT: {"using":"xpath","value":"//bdi[contains(text(), \"OK\")]"}
COMMAND: POST /session/5a996439f29f64f375155c098e6d3fe0/element/f.6EEA461E792C481BE58B9946AB04CA3F.d.E7869820C3CE81F01D219ED0B8F9E952.e.635/click - {}
RESULT: {}
COMMAND: GET /session/5a996439f29f64f375155c098e6d3fe0/screenshot - {}
RESULT: {}
COMMAND: POST /session/5a996439f29f64f375155c098e6d3fe0/execute/async - {"script":"<script> [1562 bytes]","args":[{"selector":{"controlType":"sap.m.Button","viewName":"etm.portal.ui.manageyards.view.New","viewId":"application-manageyards-display-component---NewYard","i18NText":{"propertyName":"text","key":"save"},"interaction":{"idSuffix":"inner"}},"wdio_ui5_key":"etmportal.ui.manageyards.view.Newsap.m.Button{\"propertyName\":\"text\",\"key\":\"save\"}"}]}
RESULT: {"script":"<script> [1562 bytes]","args":[{"selector":{"controlType":"sap.m.Button","viewName":"etm.portal.ui.manageyards.view.New","viewId":"application-manageyards-display-component---NewYard","i18NText":{"propertyName":"text","key":"save"},"interaction":{"idSuffix":"inner"}},"wdio_ui5_key":"etmportal.ui.manageyards.view.Newsap.m.Button{\"propertyName\":\"text\",\"key\":\"save\"}"}]}
RESULT: undefined
COMMAND: POST /session/5a996439f29f64f375155c098e6d3fe0/element - {"using":"xpath","value":"//*[@id=\"__button18\"]"}
RESULT: {"using":"xpath","value":"//*[@id=\"__button18\"]"}
COMMAND: POST /session/5a996439f29f64f375155c098e6d3fe0/element/f.6EEA461E792C481BE58B9946AB04CA3F.d.E7869820C3CE81F01D219ED0B8F9E952.e.539/click - {}
RESULT: {}
COMMAND: GET /session/5a996439f29f64f375155c098e6d3fe0/screenshot - {}
RESULT: {}
COMMAND: POST /session/5a996439f29f64f375155c098e6d3fe0/element - {"using":"xpath","value":"//header/div/div[2]/div[2]/span"}
RESULT: {"using":"xpath","value":"//header/div/div[2]/div[2]/span"}
COMMAND: GET /session/5a996439f29f64f375155c098e6d3fe0/element/f.6EEA461E792C481BE58B9946AB04CA3F.d.E7869820C3CE81F01D219ED0B8F9E952.e.833/text - {}
RESULT: {}
COMMAND: POST /session/5a996439f29f64f375155c098e6d3fe0/execute/async - {"script":"<script> [1562 bytes]","args":[{"selector":{"controlType":"sap.m.OverflowToolbarButton","viewName":"etm.portal.ui.manageyards.view.Detail","viewId":"application-manageyards-display-component---detailYard","i18NText":{"propertyName":"tooltip","key":"closeColumn"},"interaction":{"idSuffix":"inner"}},"wdio_ui5_key":"etmportal.ui.manageyards.view.Detailsap.m.OverflowToolbarButton{\"propertyName\":\"tooltip\",\"key\":\"closeColumn\"}"}]}
RESULT: {"script":"<script> [1562 bytes]","args":[{"selector":{"controlType":"sap.m.OverflowToolbarButton","viewName":"etm.portal.ui.manageyards.view.Detail","viewId":"application-manageyards-display-component---detailYard","i18NText":{"propertyName":"tooltip","key":"closeColumn"},"interaction":{"idSuffix":"inner"}},"wdio_ui5_key":"etmportal.ui.manageyards.view.Detailsap.m.OverflowToolbarButton{\"propertyName\":\"tooltip\",\"key\":\"closeColumn\"}"}]}
RESULT: undefined
COMMAND: POST /session/5a996439f29f64f375155c098e6d3fe0/element - {"using":"xpath","value":"//*[@id=\"__button40\"]"}
RESULT: {"using":"xpath","value":"//*[@id=\"__button40\"]"}
COMMAND: POST /session/5a996439f29f64f375155c098e6d3fe0/element/f.6EEA461E792C481BE58B9946AB04CA3F.d.E7869820C3CE81F01D219ED0B8F9E952.e.835/click - {}
RESULT: {}
COMMAND: GET /session/5a996439f29f64f375155c098e6d3fe0/screenshot - {}
RESULT: {}
COMMAND: POST /session/5a996439f29f64f375155c098e6d3fe0/element - {"using":"css selector","value":"#shell-header-logo"}
RESULT: {"using":"css selector","value":"#shell-header-logo"}
COMMAND: POST /session/5a996439f29f64f375155c098e6d3fe0/element/f.6EEA461E792C481BE58B9946AB04CA3F.d.E7869820C3CE81F01D219ED0B8F9E952.e.117/click - {}
RESULT: {}
COMMAND: GET /session/5a996439f29f64f375155c098e6d3fe0/screenshot - {}
RESULT: {}
COMMAND: POST /session/5a996439f29f64f375155c098e6d3fe0/refresh - {}
RESULT: {}
COMMAND: GET /session/5a996439f29f64f375155c098e6d3fe0/screenshot - {}
RESULT: {}
COMMAND: POST /session/5a996439f29f64f375155c098e6d3fe0/execute/async - {"script":"<script> [189 bytes]","args":[]}
RESULT: {"script":"<script> [189 bytes]","args":[]}
COMMAND: POST /session/5a996439f29f64f375155c098e6d3fe0/execute/async - {"script":"<script> [123 bytes]","args":[]}
RESULT: {"script":"<script> [123 bytes]","args":[]}
COMMAND: POST /session/5a996439f29f64f375155c098e6d3fe0/timeouts - {"script":"<number>"}
RESULT: {"script":"<number>"}
COMMAND: GET /session/5a996439f29f64f375155c098e6d3fe0/timeouts - {}
RESULT: {}
RESULT: undefined
COMMAND: POST /session/5a996439f29f64f375155c098e6d3fe0/execute/async - {"script":"<script> [2676 bytes]","args":[]}
RESULT: {"script":"<script> [2676 bytes]","args":[]}
COMMAND: POST /session/5a996439f29f64f375155c098e6d3fe0/execute/async - {"script":"<script> [2342 bytes]","args":[{"protocol":"http","hostname":"0.0.0.0","path":"/","capabilities":{"browserName":"chrome","goog:chromeOptions":{"binary":"C:\\Program Files\\Google\\Chrome\\Application\\chrome.exe","args":["--start-maximized"]}},"logLevel":"warn","connectionRetryTimeout":120000,"connectionRetryCount":3,"logLevels":{},"enableDirectConnect":true,"strictSSL":true,"_":"65 more keys: [\"cacheDir\",\"port\",\"requestedCapabilities\",\"automationProtocol\",\"baseUrl\",\"waitforInterval\",\"waitforTimeout\",\"onReload\",\"beforeCommand\",\"afterCommand\",\"rootDir\",\"specs\",\"suites\",\"exclude\",\"groupLogsByTestSpec\",\"excludeDriverLogs\",\"bail\",\"framework\",\"reporters\",\"services\",\"maxInstances\",\"maxInstancesPerCapability\",\"injectGlobals\",\"filesToWatch\",\"execArgv\",\"runnerEnv\",\"runner\",\"shard\",\"specFileRetries\",\"specFileRetriesDelay\",\"specFileRetriesDeferred\",\"reporterSyncInterval\",\"reporterSyncTimeout\",\"cucumberFeaturesWithLineNumbers\",\"autoCompileOpts\",\"mochaOpts\",\"jasmineOpts\",\"cucumberOpts\",\"onPrepare\",\"onWorkerStart\",\"onWorkerEnd\",\"before\",\"beforeSession\",\"beforeSuite\",\"beforeHook\",\"beforeTest\",\"afterTest\",\"afterHook\",\"afterSuite\",\"afterSession\",\"after\",\"onComplete\",\"beforeAssertion\",\"afterAssertion\",\"beforeFeature\",\"beforeScenario\",\"beforeStep\",\"afterStep\",\"afterScenario\",\"afterFeature\",\"_\",\"suite\",\"$0\",\"ignoredWorkerServices\",\"wdi5\"]"}]}
RESULT: {"script":"<script> [2342 bytes]","args":[{"protocol":"http","hostname":"0.0.0.0","path":"/","capabilities":{"browserName":"chrome","goog:chromeOptions":{"binary":"C:\\Program Files\\Google\\Chrome\\Application\\chrome.exe","args":["--start-maximized"]}},"logLevel":"warn","connectionRetryTimeout":120000,"connectionRetryCount":3,"logLevels":{},"enableDirectConnect":true,"strictSSL":true,"_":"65 more keys: [\"cacheDir\",\"port\",\"requestedCapabilities\",\"automationProtocol\",\"baseUrl\",\"waitforInterval\",\"waitforTimeout\",\"onReload\",\"beforeCommand\",\"afterCommand\",\"rootDir\",\"specs\",\"suites\",\"exclude\",\"groupLogsByTestSpec\",\"excludeDriverLogs\",\"bail\",\"framework\",\"reporters\",\"services\",\"maxInstances\",\"maxInstancesPerCapability\",\"injectGlobals\",\"filesToWatch\",\"execArgv\",\"runnerEnv\",\"runner\",\"shard\",\"specFileRetries\",\"specFileRetriesDelay\",\"specFileRetriesDeferred\",\"reporterSyncInterval\",\"reporterSyncTimeout\",\"cucumberFeaturesWithLineNumbers\",\"autoCompileOpts\",\"mochaOpts\",\"jasmineOpts\",\"cucumberOpts\",\"onPrepare\",\"onWorkerStart\",\"onWorkerEnd\",\"before\",\"beforeSession\",\"beforeSuite\",\"beforeHook\",\"beforeTest\",\"afterTest\",\"afterHook\",\"afterSuite\",\"afterSession\",\"after\",\"onComplete\",\"beforeAssertion\",\"afterAssertion\",\"beforeFeature\",\"beforeScenario\",\"beforeStep\",\"afterStep\",\"afterScenario\",\"afterFeature\",\"_\",\"suite\",\"$0\",\"ignoredWorkerServices\",\"wdi5\"]"}]}
COMMAND: POST /session/5a996439f29f64f375155c098e6d3fe0/execute/async - {"script":"<script> [21126 bytes]","args":[35000]}
RESULT: {"script":"<script> [21126 bytes]","args":[35000]}
]]></system-out>
    </testcase>
    <testcase classname="chrome.136_0_7103_93.windows.Related_resources_for_groups_US139107" name="Should create a resource of type group" time="95.156">
      <system-out><![CDATA[
COMMAND: POST /session/5a996439f29f64f375155c098e6d3fe0/execute/async - {"script":"<script> [1562 bytes]","args":[{"selector":{"controlType":"sap.m.GenericTile","properties":{"header":"Manage Resources"}},"wdio_ui5_key":"sapm.GenericTile{\"header\":\"Manage Resources\"}"}]}
RESULT: {"script":"<script> [1562 bytes]","args":[{"selector":{"controlType":"sap.m.GenericTile","properties":{"header":"Manage Resources"}},"wdio_ui5_key":"sapm.GenericTile{\"header\":\"Manage Resources\"}"}]}
RESULT: undefined
COMMAND: POST /session/5a996439f29f64f375155c098e6d3fe0/element - {"using":"xpath","value":"//*[@id=\"__tile39\"]"}
RESULT: {"using":"xpath","value":"//*[@id=\"__tile39\"]"}
COMMAND: POST /session/5a996439f29f64f375155c098e6d3fe0/element/f.6EEA461E792C481BE58B9946AB04CA3F.d.B997DAD1C6CDC7B466C0E0A87DB25B34.e.1185/click - {}
RESULT: {}
COMMAND: GET /session/5a996439f29f64f375155c098e6d3fe0/screenshot - {}
RESULT: {}
COMMAND: POST /session/5a996439f29f64f375155c098e6d3fe0/elements - {"using":"xpath","value":"//span[text()='Error']"}
RESULT: {"using":"xpath","value":"//span[text()='Error']"}
COMMAND: POST /session/5a996439f29f64f375155c098e6d3fe0/element - {"using":"xpath","value":"//button[@data-kt=\"addNewRUOverflowToolbarButton\"]"}
RESULT: {"using":"xpath","value":"//button[@data-kt=\"addNewRUOverflowToolbarButton\"]"}
COMMAND: POST /session/5a996439f29f64f375155c098e6d3fe0/execute/sync - {"script":"<script> [8489 bytes]","args":[{"element-6066-11e4-a52e-4f735466cecf":"f.6EEA461E792C481BE58B9946AB04CA3F.d.B997DAD1C6CDC7B466C0E0A87DB25B34.e.1229","ELEMENT":"f.6EEA461E792C481BE58B9946AB04CA3F.d.B997DAD1C6CDC7B466C0E0A87DB25B34.e.1229"}]}
RESULT: {"script":"<script> [8489 bytes]","args":[{"element-6066-11e4-a52e-4f735466cecf":"f.6EEA461E792C481BE58B9946AB04CA3F.d.B997DAD1C6CDC7B466C0E0A87DB25B34.e.1229","ELEMENT":"f.6EEA461E792C481BE58B9946AB04CA3F.d.B997DAD1C6CDC7B466C0E0A87DB25B34.e.1229"}]}
COMMAND: POST /session/5a996439f29f64f375155c098e6d3fe0/element/f.6EEA461E792C481BE58B9946AB04CA3F.d.B997DAD1C6CDC7B466C0E0A87DB25B34.e.1229/click - {}
COMMAND: GET /session/5a996439f29f64f375155c098e6d3fe0/screenshot - {}
RESULT: {}
COMMAND: GET /session/5a996439f29f64f375155c098e6d3fe0/screenshot - {}
RESULT: {}
RESULT: {}
COMMAND: POST /session/5a996439f29f64f375155c098e6d3fe0/execute/async - {"script":"<script> [1562 bytes]","args":[{"selector":{"id":"application-manageresources-display-component---newResourceUnit--TYPE-arrow"},"wdio_ui5_key":"applicationmanageresources-display-component---newResourceUnit--TYPE-arrow"}]}
RESULT: {"script":"<script> [1562 bytes]","args":[{"selector":{"id":"application-manageresources-display-component---newResourceUnit--TYPE-arrow"},"wdio_ui5_key":"applicationmanageresources-display-component---newResourceUnit--TYPE-arrow"}]}
RESULT: undefined
COMMAND: POST /session/5a996439f29f64f375155c098e6d3fe0/element - {"using":"xpath","value":"//*[@id=\"application-manageresources-display-component---newResourceUnit--TYPE-arrow\"]"}
RESULT: {"using":"xpath","value":"//*[@id=\"application-manageresources-display-component---newResourceUnit--TYPE-arrow\"]"}
COMMAND: POST /session/5a996439f29f64f375155c098e6d3fe0/element/f.6EEA461E792C481BE58B9946AB04CA3F.d.B997DAD1C6CDC7B466C0E0A87DB25B34.e.1553/click - {}
RESULT: {}
COMMAND: POST /session/5a996439f29f64f375155c098e6d3fe0/execute/async - {"script":"<script> [1562 bytes]","args":[{"selector":{"controlType":"sap.m.StandardListItem","viewName":"reusables.view.manageresources.NewResourceUnit","viewId":"application-manageresources-display-component---newResourceUnit","properties":{"title":"Group"},"searchOpenDialogs":true,"interaction":{"idSuffix":"content"}},"wdio_ui5_key":"reusablesview.manageresources.NewResourceUnitsap.m.StandardListItem{\"title\":\"Group\"}"}]}
COMMAND: GET /session/5a996439f29f64f375155c098e6d3fe0/screenshot - {}
RESULT: {"script":"<script> [1562 bytes]","args":[{"selector":{"controlType":"sap.m.StandardListItem","viewName":"reusables.view.manageresources.NewResourceUnit","viewId":"application-manageresources-display-component---newResourceUnit","properties":{"title":"Group"},"searchOpenDialogs":true,"interaction":{"idSuffix":"content"}},"wdio_ui5_key":"reusablesview.manageresources.NewResourceUnitsap.m.StandardListItem{\"title\":\"Group\"}"}]}
RESULT: undefined
COMMAND: POST /session/5a996439f29f64f375155c098e6d3fe0/element - {"using":"xpath","value":"//*[@id=\"__item149\"]"}
RESULT: {}
RESULT: {"using":"xpath","value":"//*[@id=\"__item149\"]"}
COMMAND: POST /session/5a996439f29f64f375155c098e6d3fe0/element/f.6EEA461E792C481BE58B9946AB04CA3F.d.B997DAD1C6CDC7B466C0E0A87DB25B34.e.1556/click - {}
RESULT: {}
COMMAND: GET /session/5a996439f29f64f375155c098e6d3fe0/screenshot - {}
RESULT: {}
COMMAND: POST /session/5a996439f29f64f375155c098e6d3fe0/execute/async - {"script":"<script> [1562 bytes]","args":[{"selector":{"id":"application-manageresources-display-component---newResourceUnit--SHORT_TEXT","interaction":{"idSuffix":"inner"}},"wdio_ui5_key":"applicationmanageresources-display-component---newResourceUnit--SHORT_TEXT"}]}
RESULT: {"script":"<script> [1562 bytes]","args":[{"selector":{"id":"application-manageresources-display-component---newResourceUnit--SHORT_TEXT","interaction":{"idSuffix":"inner"}},"wdio_ui5_key":"applicationmanageresources-display-component---newResourceUnit--SHORT_TEXT"}]}
RESULT: undefined
COMMAND: POST /session/5a996439f29f64f375155c098e6d3fe0/execute/async - {"script":"<script> [776 bytes]","args":[{"enterText":"WdIORUGroupt0bp5","selector":{"id":"application-manageresources-display-component---newResourceUnit--SHORT_TEXT","interaction":{"idSuffix":"inner"}},"clearTextFirst":true,"interactionType":"ENTER_TEXT"}]}
RESULT: {"script":"<script> [776 bytes]","args":[{"enterText":"WdIORUGroupt0bp5","selector":{"id":"application-manageresources-display-component---newResourceUnit--SHORT_TEXT","interaction":{"idSuffix":"inner"}},"clearTextFirst":true,"interactionType":"ENTER_TEXT"}]}
COMMAND: POST /session/5a996439f29f64f375155c098e6d3fe0/execute/async - {"script":"<script> [1562 bytes]","args":[{"selector":{"id":"application-manageresources-display-component---newResourceUnit--BASE_UNIT_OF_MEASURE","interaction":{"idSuffix":"inner"}},"wdio_ui5_key":"applicationmanageresources-display-component---newResourceUnit--BASE_UNIT_OF_MEASURE"}]}
RESULT: {"script":"<script> [1562 bytes]","args":[{"selector":{"id":"application-manageresources-display-component---newResourceUnit--BASE_UNIT_OF_MEASURE","interaction":{"idSuffix":"inner"}},"wdio_ui5_key":"applicationmanageresources-display-component---newResourceUnit--BASE_UNIT_OF_MEASURE"}]}
RESULT: undefined
COMMAND: POST /session/5a996439f29f64f375155c098e6d3fe0/execute/async - {"script":"<script> [776 bytes]","args":[{"enterText":"Piece","selector":{"id":"application-manageresources-display-component---newResourceUnit--BASE_UNIT_OF_MEASURE","interaction":{"idSuffix":"inner"}},"clearTextFirst":true,"interactionType":"ENTER_TEXT"}]}
RESULT: {"script":"<script> [776 bytes]","args":[{"enterText":"Piece","selector":{"id":"application-manageresources-display-component---newResourceUnit--BASE_UNIT_OF_MEASURE","interaction":{"idSuffix":"inner"}},"clearTextFirst":true,"interactionType":"ENTER_TEXT"}]}
COMMAND: POST /session/5a996439f29f64f375155c098e6d3fe0/execute/async - {"script":"<script> [1562 bytes]","args":[{"selector":{"id":"application-manageresources-display-component---newResourceUnit--newRRUPage-OPHeaderContent-collapseBtn-img"},"wdio_ui5_key":"applicationmanageresources-display-component---newResourceUnit--newRRUPage-OPHeaderContent-collapseBtn-img"}]}
RESULT: {"script":"<script> [1562 bytes]","args":[{"selector":{"id":"application-manageresources-display-component---newResourceUnit--newRRUPage-OPHeaderContent-collapseBtn-img"},"wdio_ui5_key":"applicationmanageresources-display-component---newResourceUnit--newRRUPage-OPHeaderContent-collapseBtn-img"}]}
RESULT: undefined
COMMAND: POST /session/5a996439f29f64f375155c098e6d3fe0/element - {"using":"xpath","value":"//*[@id=\"application-manageresources-display-component---newResourceUnit--newRRUPage-OPHeaderContent-collapseBtn-img\"]"}
RESULT: {"using":"xpath","value":"//*[@id=\"application-manageresources-display-component---newResourceUnit--newRRUPage-OPHeaderContent-collapseBtn-img\"]"}
COMMAND: POST /session/5a996439f29f64f375155c098e6d3fe0/element/f.6EEA461E792C481BE58B9946AB04CA3F.d.B997DAD1C6CDC7B466C0E0A87DB25B34.e.1565/click - {}
RESULT: {}
COMMAND: GET /session/5a996439f29f64f375155c098e6d3fe0/screenshot - {}
RESULT: {}
COMMAND: POST /session/5a996439f29f64f375155c098e6d3fe0/execute/async - {"script":"<script> [1562 bytes]","args":[{"selector":{"id":"application-manageresources-display-component---newResourceUnit--newRRUPage-anchBar-application-manageresources-display-component---newResourceUnit--control-anchor","interaction":{"idSuffix":"BDI-content"}},"wdio_ui5_key":"applicationmanageresources-display-component---newResourceUnit--newRRUPage-anchBar-application-manageresources-display-component---newResourceUnit--control-anchor"}]}
RESULT: {"script":"<script> [1562 bytes]","args":[{"selector":{"id":"application-manageresources-display-component---newResourceUnit--newRRUPage-anchBar-application-manageresources-display-component---newResourceUnit--control-anchor","interaction":{"idSuffix":"BDI-content"}},"wdio_ui5_key":"applicationmanageresources-display-component---newResourceUnit--newRRUPage-anchBar-application-manageresources-display-component---newResourceUnit--control-anchor"}]}
RESULT: undefined
COMMAND: POST /session/5a996439f29f64f375155c098e6d3fe0/element - {"using":"xpath","value":"//*[@id=\"application-manageresources-display-component---newResourceUnit--newRRUPage-anchBar-application-manageresources-display-component---newResourceUnit--control-anchor\"]"}
RESULT: {"using":"xpath","value":"//*[@id=\"application-manageresources-display-component---newResourceUnit--newRRUPage-anchBar-application-manageresources-display-component---newResourceUnit--control-anchor\"]"}
COMMAND: POST /session/5a996439f29f64f375155c098e6d3fe0/element/f.6EEA461E792C481BE58B9946AB04CA3F.d.B997DAD1C6CDC7B466C0E0A87DB25B34.e.1609/click - {}
RESULT: {}
COMMAND: POST /session/5a996439f29f64f375155c098e6d3fe0/execute/async - {"script":"<script> [1562 bytes]","args":[{"selector":{"id":"application-manageresources-display-component---newResourceUnit--PLANNING_GROUP","interaction":{"idSuffix":"inner"}},"wdio_ui5_key":"applicationmanageresources-display-component---newResourceUnit--PLANNING_GROUP"}]}
COMMAND: GET /session/5a996439f29f64f375155c098e6d3fe0/screenshot - {}
RESULT: {"script":"<script> [1562 bytes]","args":[{"selector":{"id":"application-manageresources-display-component---newResourceUnit--PLANNING_GROUP","interaction":{"idSuffix":"inner"}},"wdio_ui5_key":"applicationmanageresources-display-component---newResourceUnit--PLANNING_GROUP"}]}
RESULT: undefined
COMMAND: POST /session/5a996439f29f64f375155c098e6d3fe0/execute/async - {"script":"<script> [776 bytes]","args":[{"enterText":"Heavy Equi","selector":{"id":"application-manageresources-display-component---newResourceUnit--PLANNING_GROUP","interaction":{"idSuffix":"inner"}},"clearTextFirst":true,"interactionType":"ENTER_TEXT"}]}
RESULT: {}
RESULT: {"script":"<script> [776 bytes]","args":[{"enterText":"Heavy Equi","selector":{"id":"application-manageresources-display-component---newResourceUnit--PLANNING_GROUP","interaction":{"idSuffix":"inner"}},"clearTextFirst":true,"interactionType":"ENTER_TEXT"}]}
COMMAND: POST /session/5a996439f29f64f375155c098e6d3fe0/element - {"using":"xpath","value":"//bdi[contains(text(), \"Time Segment\")]"}
RESULT: {"using":"xpath","value":"//bdi[contains(text(), \"Time Segment\")]"}
COMMAND: GET /session/5a996439f29f64f375155c098e6d3fe0/element/f.6EEA461E792C481BE58B9946AB04CA3F.d.B997DAD1C6CDC7B466C0E0A87DB25B34.e.1616/rect - {}
RESULT: {}
COMMAND: GET /session/5a996439f29f64f375155c098e6d3fe0/window/rect - {}
RESULT: {}
COMMAND: POST /session/5a996439f29f64f375155c098e6d3fe0/execute/sync - {"script":"<script> [92 bytes]","args":[]}
RESULT: {"script":"<script> [92 bytes]","args":[]}
COMMAND: POST /session/5a996439f29f64f375155c098e6d3fe0/actions - {"actions":[{"id":"action3","type":"wheel","parameters":{},"actions":[{"type":"scroll","x":-1820,"y":-21,"deltaX":0,"deltaY":0,"duration":0,"origin":{"element-6066-11e4-a52e-4f735466cecf":"f.6EEA461E792C481BE58B9946AB04CA3F.d.B997DAD1C6CDC7B466C0E0A87DB25B34.e.1616"}}]}]}
COMMAND: GET /session/5a996439f29f64f375155c098e6d3fe0/screenshot - {}
RESULT: {}
COMMAND: POST /session/5a996439f29f64f375155c098e6d3fe0/execute/sync - {"script":"<script> [79 bytes]","args":[{"element-6066-11e4-a52e-4f735466cecf":"f.6EEA461E792C481BE58B9946AB04CA3F.d.B997DAD1C6CDC7B466C0E0A87DB25B34.e.1616","ELEMENT":"f.6EEA461E792C481BE58B9946AB04CA3F.d.B997DAD1C6CDC7B466C0E0A87DB25B34.e.1616"},{"block":"start","inline":"nearest"}]}
RESULT: {"script":"<script> [79 bytes]","args":[{"element-6066-11e4-a52e-4f735466cecf":"f.6EEA461E792C481BE58B9946AB04CA3F.d.B997DAD1C6CDC7B466C0E0A87DB25B34.e.1616","ELEMENT":"f.6EEA461E792C481BE58B9946AB04CA3F.d.B997DAD1C6CDC7B466C0E0A87DB25B34.e.1616"},{"block":"start","inline":"nearest"}]}
COMMAND: GET /session/5a996439f29f64f375155c098e6d3fe0/screenshot - {}
RESULT: {}
COMMAND: POST /session/5a996439f29f64f375155c098e6d3fe0/execute/async - {"script":"<script> [1562 bytes]","args":[{"selector":{"id":"application-manageresources-display-component---newResourceUnit--btnAddTimeSegment-img"},"wdio_ui5_key":"applicationmanageresources-display-component---newResourceUnit--btnAddTimeSegment-img"}]}
RESULT: {"script":"<script> [1562 bytes]","args":[{"selector":{"id":"application-manageresources-display-component---newResourceUnit--btnAddTimeSegment-img"},"wdio_ui5_key":"applicationmanageresources-display-component---newResourceUnit--btnAddTimeSegment-img"}]}
RESULT: undefined
COMMAND: POST /session/5a996439f29f64f375155c098e6d3fe0/element - {"using":"xpath","value":"//*[@id=\"application-manageresources-display-component---newResourceUnit--btnAddTimeSegment-img\"]"}
RESULT: {"using":"xpath","value":"//*[@id=\"application-manageresources-display-component---newResourceUnit--btnAddTimeSegment-img\"]"}
COMMAND: POST /session/5a996439f29f64f375155c098e6d3fe0/element/f.6EEA461E792C481BE58B9946AB04CA3F.d.B997DAD1C6CDC7B466C0E0A87DB25B34.e.1619/click - {}
RESULT: {}
COMMAND: GET /session/5a996439f29f64f375155c098e6d3fe0/screenshot - {}
RESULT: {}
COMMAND: POST /session/5a996439f29f64f375155c098e6d3fe0/element - {"using":"xpath","value":"//input[@id=\"application-manageresources-display-component---newResourceUnit--idRuTSAdmin-application-manageresources-display-component---newResourceUnit--RUTimeSegment-0-inner\"]"}
RESULT: {"using":"xpath","value":"//input[@id=\"application-manageresources-display-component---newResourceUnit--idRuTSAdmin-application-manageresources-display-component---newResourceUnit--RUTimeSegment-0-inner\"]"}
COMMAND: POST /session/5a996439f29f64f375155c098e6d3fe0/element/f.6EEA461E792C481BE58B9946AB04CA3F.d.B997DAD1C6CDC7B466C0E0A87DB25B34.e.1622/clear - {}
RESULT: {}
COMMAND: POST /session/5a996439f29f64f375155c098e6d3fe0/element/f.6EEA461E792C481BE58B9946AB04CA3F.d.B997DAD1C6CDC7B466C0E0A87DB25B34.e.1622/value - {"text":"WebdriverYardtiqos"}
COMMAND: GET /session/5a996439f29f64f375155c098e6d3fe0/screenshot - {}
RESULT: {"text":"WebdriverYardtiqos"}
COMMAND: GET /session/5a996439f29f64f375155c098e6d3fe0/screenshot - {}
RESULT: {}
RESULT: {}
COMMAND: POST /session/5a996439f29f64f375155c098e6d3fe0/actions - {"actions":[{"id":"action4","type":"key","parameters":{},"actions":[{"type":"keyDown","value":""},{"type":"pause","duration":10},{"type":"keyUp","value":""}]}]}
RESULT: {"actions":[{"id":"action4","type":"key","parameters":{},"actions":[{"type":"keyDown","value":""},{"type":"pause","duration":10},{"type":"keyUp","value":""}]}]}
COMMAND: GET /session/5a996439f29f64f375155c098e6d3fe0/screenshot - {}
RESULT: {}
COMMAND: POST /session/5a996439f29f64f375155c098e6d3fe0/execute/async - {"script":"<script> [1562 bytes]","args":[{"selector":{"controlType":"sap.m.Button","viewName":"reusables.view.manageresources.NewResourceUnit","viewId":"application-manageresources-display-component---newResourceUnit","i18NText":{"propertyName":"tooltip","key":"save"},"interaction":{"idSuffix":"BDI-content"}},"wdio_ui5_key":"reusablesview.manageresources.NewResourceUnitsap.m.Button{\"propertyName\":\"tooltip\",\"key\":\"save\"}"}]}
RESULT: {"script":"<script> [1562 bytes]","args":[{"selector":{"controlType":"sap.m.Button","viewName":"reusables.view.manageresources.NewResourceUnit","viewId":"application-manageresources-display-component---newResourceUnit","i18NText":{"propertyName":"tooltip","key":"save"},"interaction":{"idSuffix":"BDI-content"}},"wdio_ui5_key":"reusablesview.manageresources.NewResourceUnitsap.m.Button{\"propertyName\":\"tooltip\",\"key\":\"save\"}"}]}
RESULT: undefined
COMMAND: POST /session/5a996439f29f64f375155c098e6d3fe0/element - {"using":"xpath","value":"//*[@id=\"application-manageresources-display-component---newResourceUnit--createRuButton\"]"}
RESULT: {"using":"xpath","value":"//*[@id=\"application-manageresources-display-component---newResourceUnit--createRuButton\"]"}
COMMAND: POST /session/5a996439f29f64f375155c098e6d3fe0/element/f.6EEA461E792C481BE58B9946AB04CA3F.d.B997DAD1C6CDC7B466C0E0A87DB25B34.e.1571/click - {}
RESULT: {}
COMMAND: GET /session/5a996439f29f64f375155c098e6d3fe0/screenshot - {}
RESULT: {}
COMMAND: POST /session/5a996439f29f64f375155c098e6d3fe0/execute/async - {"script":"<script> [1562 bytes]","args":[{"selector":{"controlType":"sap.m.Button","properties":{"text":"Close"},"searchOpenDialogs":true,"interaction":{"idSuffix":"inner"}},"wdio_ui5_key":"sapm.Button{\"text\":\"Close\"}"}]}
RESULT: {"script":"<script> [1562 bytes]","args":[{"selector":{"controlType":"sap.m.Button","properties":{"text":"Close"},"searchOpenDialogs":true,"interaction":{"idSuffix":"inner"}},"wdio_ui5_key":"sapm.Button{\"text\":\"Close\"}"}]}
RESULT: undefined
COMMAND: POST /session/5a996439f29f64f375155c098e6d3fe0/element - {"using":"xpath","value":"//*[@id=\"__mbox-btn-0\"]"}
RESULT: {"using":"xpath","value":"//*[@id=\"__mbox-btn-0\"]"}
COMMAND: POST /session/5a996439f29f64f375155c098e6d3fe0/element/f.6EEA461E792C481BE58B9946AB04CA3F.d.B997DAD1C6CDC7B466C0E0A87DB25B34.e.1629/click - {}
RESULT: {}
COMMAND: GET /session/5a996439f29f64f375155c098e6d3fe0/screenshot - {}
RESULT: {}
COMMAND: POST /session/5a996439f29f64f375155c098e6d3fe0/element - {"using":"css selector","value":"#shell-header-logo"}
RESULT: {"using":"css selector","value":"#shell-header-logo"}
COMMAND: POST /session/5a996439f29f64f375155c098e6d3fe0/element/f.6EEA461E792C481BE58B9946AB04CA3F.d.B997DAD1C6CDC7B466C0E0A87DB25B34.e.1188/click - {}
RESULT: {}
COMMAND: GET /session/5a996439f29f64f375155c098e6d3fe0/screenshot - {}
RESULT: {}
]]></system-out>
    </testcase>
    <testcase classname="chrome.136_0_7103_93.windows.Related_resources_for_groups_US139107" name="Should create first equipment and add it to the group" time="118.765">
      <system-out><![CDATA[
RESULT: undefined
COMMAND: POST /session/5a996439f29f64f375155c098e6d3fe0/element - {"using":"xpath","value":"//*[@id=\"__tile39\"]"}
RESULT: {"using":"xpath","value":"//*[@id=\"__tile39\"]"}
COMMAND: POST /session/5a996439f29f64f375155c098e6d3fe0/element/f.6EEA461E792C481BE58B9946AB04CA3F.d.B997DAD1C6CDC7B466C0E0A87DB25B34.e.1185/click - {}
RESULT: {}
COMMAND: GET /session/5a996439f29f64f375155c098e6d3fe0/screenshot - {}
RESULT: {}
COMMAND: POST /session/5a996439f29f64f375155c098e6d3fe0/elements - {"using":"xpath","value":"//span[text()='Error']"}
RESULT: {"using":"xpath","value":"//span[text()='Error']"}
COMMAND: POST /session/5a996439f29f64f375155c098e6d3fe0/element - {"using":"xpath","value":"//button[@data-kt=\"addNewRUOverflowToolbarButton\"]"}
RESULT: {"using":"xpath","value":"//button[@data-kt=\"addNewRUOverflowToolbarButton\"]"}
COMMAND: POST /session/5a996439f29f64f375155c098e6d3fe0/execute/sync - {"script":"<script> [8489 bytes]","args":[{"element-6066-11e4-a52e-4f735466cecf":"f.6EEA461E792C481BE58B9946AB04CA3F.d.B997DAD1C6CDC7B466C0E0A87DB25B34.e.1699","ELEMENT":"f.6EEA461E792C481BE58B9946AB04CA3F.d.B997DAD1C6CDC7B466C0E0A87DB25B34.e.1699"}]}
RESULT: {"script":"<script> [8489 bytes]","args":[{"element-6066-11e4-a52e-4f735466cecf":"f.6EEA461E792C481BE58B9946AB04CA3F.d.B997DAD1C6CDC7B466C0E0A87DB25B34.e.1699","ELEMENT":"f.6EEA461E792C481BE58B9946AB04CA3F.d.B997DAD1C6CDC7B466C0E0A87DB25B34.e.1699"}]}
COMMAND: POST /session/5a996439f29f64f375155c098e6d3fe0/element/f.6EEA461E792C481BE58B9946AB04CA3F.d.B997DAD1C6CDC7B466C0E0A87DB25B34.e.1699/click - {}
COMMAND: GET /session/5a996439f29f64f375155c098e6d3fe0/screenshot - {}
RESULT: {}
COMMAND: GET /session/5a996439f29f64f375155c098e6d3fe0/screenshot - {}
RESULT: {}
RESULT: {}
RESULT: undefined
COMMAND: POST /session/5a996439f29f64f375155c098e6d3fe0/element - {"using":"xpath","value":"//*[@id=\"application-manageresources-display-component---newResourceUnit--TYPE-arrow\"]"}
RESULT: {"using":"xpath","value":"//*[@id=\"application-manageresources-display-component---newResourceUnit--TYPE-arrow\"]"}
COMMAND: POST /session/5a996439f29f64f375155c098e6d3fe0/element/f.6EEA461E792C481BE58B9946AB04CA3F.d.B997DAD1C6CDC7B466C0E0A87DB25B34.e.2023/click - {}
RESULT: {}
COMMAND: POST /session/5a996439f29f64f375155c098e6d3fe0/execute/async - {"script":"<script> [1562 bytes]","args":[{"selector":{"controlType":"sap.m.StandardListItem","viewName":"reusables.view.manageresources.NewResourceUnit","viewId":"application-manageresources-display-component---newResourceUnit","properties":{"title":"Equipment"},"searchOpenDialogs":true,"interaction":{"idSuffix":"content"}},"wdio_ui5_key":"reusablesview.manageresources.NewResourceUnitsap.m.StandardListItem{\"title\":\"Equipment\"}"}]}
COMMAND: GET /session/5a996439f29f64f375155c098e6d3fe0/screenshot - {}
RESULT: {"script":"<script> [1562 bytes]","args":[{"selector":{"controlType":"sap.m.StandardListItem","viewName":"reusables.view.manageresources.NewResourceUnit","viewId":"application-manageresources-display-component---newResourceUnit","properties":{"title":"Equipment"},"searchOpenDialogs":true,"interaction":{"idSuffix":"content"}},"wdio_ui5_key":"reusablesview.manageresources.NewResourceUnitsap.m.StandardListItem{\"title\":\"Equipment\"}"}]}
RESULT: undefined
COMMAND: POST /session/5a996439f29f64f375155c098e6d3fe0/element - {"using":"xpath","value":"//*[@id=\"__item911\"]"}
RESULT: {}
RESULT: {"using":"xpath","value":"//*[@id=\"__item911\"]"}
COMMAND: POST /session/5a996439f29f64f375155c098e6d3fe0/element/f.6EEA461E792C481BE58B9946AB04CA3F.d.B997DAD1C6CDC7B466C0E0A87DB25B34.e.2029/click - {}
RESULT: {}
COMMAND: GET /session/5a996439f29f64f375155c098e6d3fe0/screenshot - {}
RESULT: {}
COMMAND: POST /session/5a996439f29f64f375155c098e6d3fe0/execute/async - {"script":"<script> [1562 bytes]","args":[{"selector":{"id":"application-manageresources-display-component---newResourceUnit--resourceId","interaction":{"idSuffix":"inner"}},"wdio_ui5_key":"applicationmanageresources-display-component---newResourceUnit--resourceId"}]}
RESULT: {"script":"<script> [1562 bytes]","args":[{"selector":{"id":"application-manageresources-display-component---newResourceUnit--resourceId","interaction":{"idSuffix":"inner"}},"wdio_ui5_key":"applicationmanageresources-display-component---newResourceUnit--resourceId"}]}
RESULT: undefined
COMMAND: POST /session/5a996439f29f64f375155c098e6d3fe0/execute/async - {"script":"<script> [776 bytes]","args":[{"enterText":"WdIORUEquip1r9667","selector":{"id":"application-manageresources-display-component---newResourceUnit--resourceId","interaction":{"idSuffix":"inner"}},"clearTextFirst":true,"interactionType":"ENTER_TEXT"}]}
RESULT: {"script":"<script> [776 bytes]","args":[{"enterText":"WdIORUEquip1r9667","selector":{"id":"application-manageresources-display-component---newResourceUnit--resourceId","interaction":{"idSuffix":"inner"}},"clearTextFirst":true,"interactionType":"ENTER_TEXT"}]}
RESULT: undefined
COMMAND: POST /session/5a996439f29f64f375155c098e6d3fe0/execute/async - {"script":"<script> [776 bytes]","args":[{"enterText":"WdIORUEquip1r9667","selector":{"id":"application-manageresources-display-component---newResourceUnit--SHORT_TEXT","interaction":{"idSuffix":"inner"}},"clearTextFirst":true,"interactionType":"ENTER_TEXT"}]}
RESULT: {"script":"<script> [776 bytes]","args":[{"enterText":"WdIORUEquip1r9667","selector":{"id":"application-manageresources-display-component---newResourceUnit--SHORT_TEXT","interaction":{"idSuffix":"inner"}},"clearTextFirst":true,"interactionType":"ENTER_TEXT"}]}
RESULT: undefined
COMMAND: POST /session/5a996439f29f64f375155c098e6d3fe0/execute/async - {"script":"<script> [776 bytes]","args":[{"enterText":"Piece","selector":{"id":"application-manageresources-display-component---newResourceUnit--BASE_UNIT_OF_MEASURE","interaction":{"idSuffix":"inner"}},"clearTextFirst":true,"interactionType":"ENTER_TEXT"}]}
RESULT: {"script":"<script> [776 bytes]","args":[{"enterText":"Piece","selector":{"id":"application-manageresources-display-component---newResourceUnit--BASE_UNIT_OF_MEASURE","interaction":{"idSuffix":"inner"}},"clearTextFirst":true,"interactionType":"ENTER_TEXT"}]}
COMMAND: POST /session/5a996439f29f64f375155c098e6d3fe0/element - {"using":"xpath","value":"//input[contains(@id ,\"application-manageresources-display-component---newResourceUnit--HIGHER_LEVEL_RESOURCE-inner\")]"}
RESULT: {"using":"xpath","value":"//input[contains(@id ,\"application-manageresources-display-component---newResourceUnit--HIGHER_LEVEL_RESOURCE-inner\")]"}
COMMAND: POST /session/5a996439f29f64f375155c098e6d3fe0/element/f.6EEA461E792C481BE58B9946AB04CA3F.d.B997DAD1C6CDC7B466C0E0A87DB25B34.e.2051/value - {"text":"WdIORUGroupt0bp5"}
RESULT: {"text":"WdIORUGroupt0bp5"}
COMMAND: GET /session/5a996439f29f64f375155c098e6d3fe0/screenshot - {}
RESULT: {}
COMMAND: POST /session/5a996439f29f64f375155c098e6d3fe0/actions - {"actions":[{"id":"action5","type":"key","parameters":{},"actions":[{"type":"keyDown","value":""},{"type":"pause","duration":10},{"type":"keyUp","value":""}]}]}
RESULT: {"actions":[{"id":"action5","type":"key","parameters":{},"actions":[{"type":"keyDown","value":""},{"type":"pause","duration":10},{"type":"keyUp","value":""}]}]}
COMMAND: POST /session/5a996439f29f64f375155c098e6d3fe0/execute/async - {"script":"<script> [1562 bytes]","args":[{"selector":{"id":"application-manageresources-display-component---newResourceUnit--WEIGHT_UNIT","interaction":{"idSuffix":"inner"}},"wdio_ui5_key":"applicationmanageresources-display-component---newResourceUnit--WEIGHT_UNIT"}]}
COMMAND: GET /session/5a996439f29f64f375155c098e6d3fe0/screenshot - {}
RESULT: {"script":"<script> [1562 bytes]","args":[{"selector":{"id":"application-manageresources-display-component---newResourceUnit--WEIGHT_UNIT","interaction":{"idSuffix":"inner"}},"wdio_ui5_key":"applicationmanageresources-display-component---newResourceUnit--WEIGHT_UNIT"}]}
RESULT: undefined
COMMAND: POST /session/5a996439f29f64f375155c098e6d3fe0/execute/async - {"script":"<script> [776 bytes]","args":[{"enterText":"Gram","selector":{"id":"application-manageresources-display-component---newResourceUnit--WEIGHT_UNIT","interaction":{"idSuffix":"inner"}},"clearTextFirst":true,"interactionType":"ENTER_TEXT"}]}
RESULT: {}
RESULT: {"script":"<script> [776 bytes]","args":[{"enterText":"Gram","selector":{"id":"application-manageresources-display-component---newResourceUnit--WEIGHT_UNIT","interaction":{"idSuffix":"inner"}},"clearTextFirst":true,"interactionType":"ENTER_TEXT"}]}
RESULT: undefined
COMMAND: POST /session/5a996439f29f64f375155c098e6d3fe0/element - {"using":"xpath","value":"//*[@id=\"application-manageresources-display-component---newResourceUnit--newRRUPage-OPHeaderContent-collapseBtn-img\"]"}
RESULT: {"using":"xpath","value":"//*[@id=\"application-manageresources-display-component---newResourceUnit--newRRUPage-OPHeaderContent-collapseBtn-img\"]"}
COMMAND: POST /session/5a996439f29f64f375155c098e6d3fe0/element/f.6EEA461E792C481BE58B9946AB04CA3F.d.B997DAD1C6CDC7B466C0E0A87DB25B34.e.2036/click - {}
RESULT: {}
COMMAND: GET /session/5a996439f29f64f375155c098e6d3fe0/screenshot - {}
RESULT: {}
COMMAND: POST /session/5a996439f29f64f375155c098e6d3fe0/element - {"using":"xpath","value":"(//span[contains(@id ,\"application-manageresources-display-component---newResourceUnit--DIMENSION_UNIT-arrow\")])[1]"}
RESULT: {"using":"xpath","value":"(//span[contains(@id ,\"application-manageresources-display-component---newResourceUnit--DIMENSION_UNIT-arrow\")])[1]"}
COMMAND: POST /session/5a996439f29f64f375155c098e6d3fe0/element/f.6EEA461E792C481BE58B9946AB04CA3F.d.B997DAD1C6CDC7B466C0E0A87DB25B34.e.2158/click - {}
RESULT: {}
COMMAND: GET /session/5a996439f29f64f375155c098e6d3fe0/screenshot - {}
RESULT: {}
COMMAND: POST /session/5a996439f29f64f375155c098e6d3fe0/execute/async - {"script":"<script> [1562 bytes]","args":[{"selector":{"controlType":"sap.m.StandardListItem","viewName":"reusables.view.manageresources.NewResourceUnit","viewId":"application-manageresources-display-component---newResourceUnit","properties":{"title":"Centimeter"},"searchOpenDialogs":true,"interaction":{"idSuffix":"titleText"}},"wdio_ui5_key":"reusablesview.manageresources.NewResourceUnitsap.m.StandardListItem{\"title\":\"Centimeter\"}"}]}
RESULT: {"script":"<script> [1562 bytes]","args":[{"selector":{"controlType":"sap.m.StandardListItem","viewName":"reusables.view.manageresources.NewResourceUnit","viewId":"application-manageresources-display-component---newResourceUnit","properties":{"title":"Centimeter"},"searchOpenDialogs":true,"interaction":{"idSuffix":"titleText"}},"wdio_ui5_key":"reusablesview.manageresources.NewResourceUnitsap.m.StandardListItem{\"title\":\"Centimeter\"}"}]}
RESULT: undefined
COMMAND: POST /session/5a996439f29f64f375155c098e6d3fe0/element - {"using":"xpath","value":"//*[@id=\"__item1007\"]"}
RESULT: {"using":"xpath","value":"//*[@id=\"__item1007\"]"}
COMMAND: POST /session/5a996439f29f64f375155c098e6d3fe0/element/f.6EEA461E792C481BE58B9946AB04CA3F.d.B997DAD1C6CDC7B466C0E0A87DB25B34.e.2162/click - {}
RESULT: {}
COMMAND: GET /session/5a996439f29f64f375155c098e6d3fe0/screenshot - {}
RESULT: {}
RESULT: undefined
COMMAND: POST /session/5a996439f29f64f375155c098e6d3fe0/element - {"using":"xpath","value":"//*[@id=\"application-manageresources-display-component---newResourceUnit--newRRUPage-anchBar-application-manageresources-display-component---newResourceUnit--control-anchor\"]"}
RESULT: {"using":"xpath","value":"//*[@id=\"application-manageresources-display-component---newResourceUnit--newRRUPage-anchBar-application-manageresources-display-component---newResourceUnit--control-anchor\"]"}
COMMAND: POST /session/5a996439f29f64f375155c098e6d3fe0/element/f.6EEA461E792C481BE58B9946AB04CA3F.d.B997DAD1C6CDC7B466C0E0A87DB25B34.e.2163/click - {}
RESULT: {}
RESULT: undefined
COMMAND: POST /session/5a996439f29f64f375155c098e6d3fe0/execute/async - {"script":"<script> [776 bytes]","args":[{"enterText":"Heavy Equi","selector":{"id":"application-manageresources-display-component---newResourceUnit--PLANNING_GROUP","interaction":{"idSuffix":"inner"}},"clearTextFirst":true,"interactionType":"ENTER_TEXT"}]}
COMMAND: GET /session/5a996439f29f64f375155c098e6d3fe0/screenshot - {}
RESULT: {"script":"<script> [776 bytes]","args":[{"enterText":"Heavy Equi","selector":{"id":"application-manageresources-display-component---newResourceUnit--PLANNING_GROUP","interaction":{"idSuffix":"inner"}},"clearTextFirst":true,"interactionType":"ENTER_TEXT"}]}
RESULT: {}
COMMAND: POST /session/5a996439f29f64f375155c098e6d3fe0/execute/async - {"script":"<script> [1562 bytes]","args":[{"selector":{"id":"application-manageresources-display-component---newResourceUnit--ITEM_TYPE-arrow"},"wdio_ui5_key":"applicationmanageresources-display-component---newResourceUnit--ITEM_TYPE-arrow"}]}
RESULT: {"script":"<script> [1562 bytes]","args":[{"selector":{"id":"application-manageresources-display-component---newResourceUnit--ITEM_TYPE-arrow"},"wdio_ui5_key":"applicationmanageresources-display-component---newResourceUnit--ITEM_TYPE-arrow"}]}
RESULT: undefined
COMMAND: POST /session/5a996439f29f64f375155c098e6d3fe0/element - {"using":"xpath","value":"//*[@id=\"application-manageresources-display-component---newResourceUnit--ITEM_TYPE-arrow\"]"}
RESULT: {"using":"xpath","value":"//*[@id=\"application-manageresources-display-component---newResourceUnit--ITEM_TYPE-arrow\"]"}
COMMAND: POST /session/5a996439f29f64f375155c098e6d3fe0/element/f.6EEA461E792C481BE58B9946AB04CA3F.d.B997DAD1C6CDC7B466C0E0A87DB25B34.e.2169/click - {}
RESULT: {}
COMMAND: POST /session/5a996439f29f64f375155c098e6d3fe0/execute/async - {"script":"<script> [1562 bytes]","args":[{"selector":{"controlType":"sap.m.StandardListItem","viewName":"reusables.view.manageresources.NewResourceUnit","viewId":"application-manageresources-display-component---newResourceUnit","properties":{"title":"Resource Unit"},"searchOpenDialogs":true,"interaction":{"idSuffix":"titleText"}},"wdio_ui5_key":"reusablesview.manageresources.NewResourceUnitsap.m.StandardListItem{\"title\":\"Resource Unit\"}"}]}
COMMAND: GET /session/5a996439f29f64f375155c098e6d3fe0/screenshot - {}
RESULT: {"script":"<script> [1562 bytes]","args":[{"selector":{"controlType":"sap.m.StandardListItem","viewName":"reusables.view.manageresources.NewResourceUnit","viewId":"application-manageresources-display-component---newResourceUnit","properties":{"title":"Resource Unit"},"searchOpenDialogs":true,"interaction":{"idSuffix":"titleText"}},"wdio_ui5_key":"reusablesview.manageresources.NewResourceUnitsap.m.StandardListItem{\"title\":\"Resource Unit\"}"}]}
RESULT: undefined
COMMAND: POST /session/5a996439f29f64f375155c098e6d3fe0/element - {"using":"xpath","value":"//*[@id=\"__item1029\"]"}
RESULT: {}
RESULT: {"using":"xpath","value":"//*[@id=\"__item1029\"]"}
COMMAND: POST /session/5a996439f29f64f375155c098e6d3fe0/element/f.6EEA461E792C481BE58B9946AB04CA3F.d.B997DAD1C6CDC7B466C0E0A87DB25B34.e.2171/click - {}
RESULT: {}
COMMAND: POST /session/5a996439f29f64f375155c098e6d3fe0/element - {"using":"xpath","value":"//bdi[contains(text(), \"Time Segment\")]"}
COMMAND: GET /session/5a996439f29f64f375155c098e6d3fe0/screenshot - {}
RESULT: {"using":"xpath","value":"//bdi[contains(text(), \"Time Segment\")]"}
COMMAND: GET /session/5a996439f29f64f375155c098e6d3fe0/element/f.6EEA461E792C481BE58B9946AB04CA3F.d.B997DAD1C6CDC7B466C0E0A87DB25B34.e.2172/rect - {}
RESULT: {}
RESULT: {}
COMMAND: GET /session/5a996439f29f64f375155c098e6d3fe0/window/rect - {}
RESULT: {}
COMMAND: POST /session/5a996439f29f64f375155c098e6d3fe0/execute/sync - {"script":"<script> [92 bytes]","args":[]}
RESULT: {"script":"<script> [92 bytes]","args":[]}
COMMAND: POST /session/5a996439f29f64f375155c098e6d3fe0/actions - {"actions":[{"id":"action6","type":"wheel","parameters":{},"actions":[{"type":"scroll","x":-1820,"y":-21,"deltaX":0,"deltaY":0,"duration":0,"origin":{"element-6066-11e4-a52e-4f735466cecf":"f.6EEA461E792C481BE58B9946AB04CA3F.d.B997DAD1C6CDC7B466C0E0A87DB25B34.e.2172"}}]}]}
COMMAND: GET /session/5a996439f29f64f375155c098e6d3fe0/screenshot - {}
RESULT: {}
COMMAND: POST /session/5a996439f29f64f375155c098e6d3fe0/execute/sync - {"script":"<script> [79 bytes]","args":[{"element-6066-11e4-a52e-4f735466cecf":"f.6EEA461E792C481BE58B9946AB04CA3F.d.B997DAD1C6CDC7B466C0E0A87DB25B34.e.2172","ELEMENT":"f.6EEA461E792C481BE58B9946AB04CA3F.d.B997DAD1C6CDC7B466C0E0A87DB25B34.e.2172"},{"block":"start","inline":"nearest"}]}
RESULT: {"script":"<script> [79 bytes]","args":[{"element-6066-11e4-a52e-4f735466cecf":"f.6EEA461E792C481BE58B9946AB04CA3F.d.B997DAD1C6CDC7B466C0E0A87DB25B34.e.2172","ELEMENT":"f.6EEA461E792C481BE58B9946AB04CA3F.d.B997DAD1C6CDC7B466C0E0A87DB25B34.e.2172"},{"block":"start","inline":"nearest"}]}
RESULT: undefined
COMMAND: POST /session/5a996439f29f64f375155c098e6d3fe0/element - {"using":"xpath","value":"//*[@id=\"application-manageresources-display-component---newResourceUnit--btnAddTimeSegment-img\"]"}
COMMAND: GET /session/5a996439f29f64f375155c098e6d3fe0/screenshot - {}
RESULT: {"using":"xpath","value":"//*[@id=\"application-manageresources-display-component---newResourceUnit--btnAddTimeSegment-img\"]"}
COMMAND: POST /session/5a996439f29f64f375155c098e6d3fe0/element/f.6EEA461E792C481BE58B9946AB04CA3F.d.B997DAD1C6CDC7B466C0E0A87DB25B34.e.2173/click - {}
RESULT: {}
RESULT: {}
COMMAND: GET /session/5a996439f29f64f375155c098e6d3fe0/screenshot - {}
RESULT: {}
COMMAND: POST /session/5a996439f29f64f375155c098e6d3fe0/element - {"using":"xpath","value":"//input[@id=\"application-manageresources-display-component---newResourceUnit--idRuTSAdmin-application-manageresources-display-component---newResourceUnit--RUTimeSegment-0-inner\"]"}
RESULT: {"using":"xpath","value":"//input[@id=\"application-manageresources-display-component---newResourceUnit--idRuTSAdmin-application-manageresources-display-component---newResourceUnit--RUTimeSegment-0-inner\"]"}
COMMAND: POST /session/5a996439f29f64f375155c098e6d3fe0/element/f.6EEA461E792C481BE58B9946AB04CA3F.d.B997DAD1C6CDC7B466C0E0A87DB25B34.e.2179/clear - {}
RESULT: {}
COMMAND: POST /session/5a996439f29f64f375155c098e6d3fe0/element/f.6EEA461E792C481BE58B9946AB04CA3F.d.B997DAD1C6CDC7B466C0E0A87DB25B34.e.2179/value - {"text":"WebdriverYardtiqos"}
COMMAND: GET /session/5a996439f29f64f375155c098e6d3fe0/screenshot - {}
RESULT: {"text":"WebdriverYardtiqos"}
COMMAND: GET /session/5a996439f29f64f375155c098e6d3fe0/screenshot - {}
RESULT: {}
RESULT: {}
COMMAND: POST /session/5a996439f29f64f375155c098e6d3fe0/actions - {"actions":[{"id":"action7","type":"key","parameters":{},"actions":[{"type":"keyDown","value":""},{"type":"pause","duration":10},{"type":"keyUp","value":""}]}]}
RESULT: {"actions":[{"id":"action7","type":"key","parameters":{},"actions":[{"type":"keyDown","value":""},{"type":"pause","duration":10},{"type":"keyUp","value":""}]}]}
COMMAND: POST /session/5a996439f29f64f375155c098e6d3fe0/execute/async - {"script":"<script> [1562 bytes]","args":[{"selector":{"controlType":"sap.ui.core.Icon","viewName":"reusables.view.manageresources.NewResourceUnit","viewId":"application-manageresources-display-component---newResourceUnit","properties":{"src":{"regex":{"source":"slim\\-arrow\\-down"}}},"ancestor":{"controlType":"sap.m.ComboBox","viewName":"reusables.view.manageresources.NewResourceUnit","viewId":"application-manageresources-display-component---newResourceUnit","bindingPath":{"path":"/RESOURCE_UNIT_TIME_SEQUENCES/0","propertyPath":"COST_OBJECT_ADMIN_CST_TYPE","modelName":"oNewRruModel"}}},"wdio_ui5_key":"reusablesview.manageresources.NewResourceUnitsap.ui.core.Icon{\"src\":{\"regex\":{\"source\":\"slim\\\\-arrow\\\\-down\"}}}{\"controlType\":\"sap.m.ComboBox\",\"viewName\":\"reusables.view.manageresources.NewResourceUnit\",\"viewId\":\"application-manageresources-display-component---newResourceUnit\",\"bindingPath\":{\"path\":\"/RESOURCE_UNIT_TIME_SEQUENCES/0\",\"propertyPath\":\"COST_OBJECT_ADMIN_CST_TYPE\",\"modelName\":\"oNewRruModel\"}}"}]}
COMMAND: GET /session/5a996439f29f64f375155c098e6d3fe0/screenshot - {}
RESULT: {"script":"<script> [1562 bytes]","args":[{"selector":{"controlType":"sap.ui.core.Icon","viewName":"reusables.view.manageresources.NewResourceUnit","viewId":"application-manageresources-display-component---newResourceUnit","properties":{"src":{"regex":{"source":"slim\\-arrow\\-down"}}},"ancestor":{"controlType":"sap.m.ComboBox","viewName":"reusables.view.manageresources.NewResourceUnit","viewId":"application-manageresources-display-component---newResourceUnit","bindingPath":{"path":"/RESOURCE_UNIT_TIME_SEQUENCES/0","propertyPath":"COST_OBJECT_ADMIN_CST_TYPE","modelName":"oNewRruModel"}}},"wdio_ui5_key":"reusablesview.manageresources.NewResourceUnitsap.ui.core.Icon{\"src\":{\"regex\":{\"source\":\"slim\\\\-arrow\\\\-down\"}}}{\"controlType\":\"sap.m.ComboBox\",\"viewName\":\"reusables.view.manageresources.NewResourceUnit\",\"viewId\":\"application-manageresources-display-component---newResourceUnit\",\"bindingPath\":{\"path\":\"/RESOURCE_UNIT_TIME_SEQUENCES/0\",\"propertyPath\":\"COST_OBJECT_ADMIN_CST_TYPE\",\"modelName\":\"oNewRruModel\"}}"}]}
RESULT: undefined
COMMAND: POST /session/5a996439f29f64f375155c098e6d3fe0/element - {"using":"xpath","value":"//*[@id=\"__box10-application-manageresources-display-component---newResourceUnit--RUTimeSegment-0-arrow\"]"}
RESULT: {}
RESULT: {"using":"xpath","value":"//*[@id=\"__box10-application-manageresources-display-component---newResourceUnit--RUTimeSegment-0-arrow\"]"}
COMMAND: POST /session/5a996439f29f64f375155c098e6d3fe0/element/f.6EEA461E792C481BE58B9946AB04CA3F.d.B997DAD1C6CDC7B466C0E0A87DB25B34.e.2193/click - {}
RESULT: {}
COMMAND: POST /session/5a996439f29f64f375155c098e6d3fe0/execute/async - {"script":"<script> [1562 bytes]","args":[{"selector":{"controlType":"sap.m.StandardListItem","viewName":"reusables.view.manageresources.NewResourceUnit","viewId":"application-manageresources-display-component---newResourceUnit","properties":{"title":"PM Order"},"searchOpenDialogs":true,"interaction":{"idSuffix":"titleText"}},"wdio_ui5_key":"reusablesview.manageresources.NewResourceUnitsap.m.StandardListItem{\"title\":\"PM Order\"}"}]}
COMMAND: GET /session/5a996439f29f64f375155c098e6d3fe0/screenshot - {}
RESULT: {"script":"<script> [1562 bytes]","args":[{"selector":{"controlType":"sap.m.StandardListItem","viewName":"reusables.view.manageresources.NewResourceUnit","viewId":"application-manageresources-display-component---newResourceUnit","properties":{"title":"PM Order"},"searchOpenDialogs":true,"interaction":{"idSuffix":"titleText"}},"wdio_ui5_key":"reusablesview.manageresources.NewResourceUnitsap.m.StandardListItem{\"title\":\"PM Order\"}"}]}
RESULT: undefined
COMMAND: POST /session/5a996439f29f64f375155c098e6d3fe0/element - {"using":"xpath","value":"//*[@id=\"__item2127\"]"}
RESULT: {}
RESULT: {"using":"xpath","value":"//*[@id=\"__item2127\"]"}
COMMAND: POST /session/5a996439f29f64f375155c098e6d3fe0/element/f.6EEA461E792C481BE58B9946AB04CA3F.d.B997DAD1C6CDC7B466C0E0A87DB25B34.e.2197/click - {}
RESULT: {}
COMMAND: GET /session/5a996439f29f64f375155c098e6d3fe0/screenshot - {}
RESULT: {}
COMMAND: POST /session/5a996439f29f64f375155c098e6d3fe0/element - {"using":"xpath","value":"(//input[contains(@id ,\"-application-manageresources-display-component---newResourceUnit--RUTimeSegment-0-inner\")])[8]"}
RESULT: {"using":"xpath","value":"(//input[contains(@id ,\"-application-manageresources-display-component---newResourceUnit--RUTimeSegment-0-inner\")])[8]"}
COMMAND: POST /session/5a996439f29f64f375155c098e6d3fe0/element/f.6EEA461E792C481BE58B9946AB04CA3F.d.B997DAD1C6CDC7B466C0E0A87DB25B34.e.2200/clear - {}
RESULT: {}
COMMAND: POST /session/5a996439f29f64f375155c098e6d3fe0/element/f.6EEA461E792C481BE58B9946AB04CA3F.d.B997DAD1C6CDC7B466C0E0A87DB25B34.e.2200/value - {"text":"4000360"}
COMMAND: GET /session/5a996439f29f64f375155c098e6d3fe0/screenshot - {}
RESULT: {"text":"4000360"}
COMMAND: GET /session/5a996439f29f64f375155c098e6d3fe0/screenshot - {}
RESULT: {}
RESULT: {}
COMMAND: POST /session/5a996439f29f64f375155c098e6d3fe0/actions - {"actions":[{"id":"action8","type":"key","parameters":{},"actions":[{"type":"keyDown","value":""},{"type":"pause","duration":10},{"type":"keyUp","value":""}]}]}
RESULT: {"actions":[{"id":"action8","type":"key","parameters":{},"actions":[{"type":"keyDown","value":""},{"type":"pause","duration":10},{"type":"keyUp","value":""}]}]}
COMMAND: GET /session/5a996439f29f64f375155c098e6d3fe0/screenshot - {}
RESULT: {}
COMMAND: POST /session/5a996439f29f64f375155c098e6d3fe0/element - {"using":"xpath","value":"//input[contains(@id ,\"application-manageresources-display-component---newResourceUnit--newTimeSegmentFromDatePicker-application-manageresources-display-component---newResourceUnit--RUTimeSegment-0-inner\")]"}
RESULT: {"using":"xpath","value":"//input[contains(@id ,\"application-manageresources-display-component---newResourceUnit--newTimeSegmentFromDatePicker-application-manageresources-display-component---newResourceUnit--RUTimeSegment-0-inner\")]"}
COMMAND: POST /session/5a996439f29f64f375155c098e6d3fe0/element/f.6EEA461E792C481BE58B9946AB04CA3F.d.B997DAD1C6CDC7B466C0E0A87DB25B34.e.2186/clear - {}
RESULT: {}
COMMAND: POST /session/5a996439f29f64f375155c098e6d3fe0/element/f.6EEA461E792C481BE58B9946AB04CA3F.d.B997DAD1C6CDC7B466C0E0A87DB25B34.e.2186/clear - {}
COMMAND: GET /session/5a996439f29f64f375155c098e6d3fe0/screenshot - {}
RESULT: {}
COMMAND: POST /session/5a996439f29f64f375155c098e6d3fe0/element/f.6EEA461E792C481BE58B9946AB04CA3F.d.B997DAD1C6CDC7B466C0E0A87DB25B34.e.2186/value - {"text":"06/22/24"}
COMMAND: GET /session/5a996439f29f64f375155c098e6d3fe0/screenshot - {}
RESULT: {}
RESULT: {"text":"06/22/24"}
COMMAND: POST /session/5a996439f29f64f375155c098e6d3fe0/execute/async - {"script":"<script> [1562 bytes]","args":[{"selector":{"id":"application-manageresources-display-component---newResourceUnit--newRRUPage-anchBar-application-manageresources-display-component---newResourceUnit--resource-anchor","interaction":{"idSuffix":"BDI-content"}},"wdio_ui5_key":"applicationmanageresources-display-component---newResourceUnit--newRRUPage-anchBar-application-manageresources-display-component---newResourceUnit--resource-anchor"}]}
COMMAND: GET /session/5a996439f29f64f375155c098e6d3fe0/screenshot - {}
RESULT: {}
RESULT: {"script":"<script> [1562 bytes]","args":[{"selector":{"id":"application-manageresources-display-component---newResourceUnit--newRRUPage-anchBar-application-manageresources-display-component---newResourceUnit--resource-anchor","interaction":{"idSuffix":"BDI-content"}},"wdio_ui5_key":"applicationmanageresources-display-component---newResourceUnit--newRRUPage-anchBar-application-manageresources-display-component---newResourceUnit--resource-anchor"}]}
RESULT: undefined
COMMAND: POST /session/5a996439f29f64f375155c098e6d3fe0/element - {"using":"xpath","value":"//*[@id=\"application-manageresources-display-component---newResourceUnit--newRRUPage-anchBar-application-manageresources-display-component---newResourceUnit--resource-anchor\"]"}
RESULT: {}
RESULT: {"using":"xpath","value":"//*[@id=\"application-manageresources-display-component---newResourceUnit--newRRUPage-anchBar-application-manageresources-display-component---newResourceUnit--resource-anchor\"]"}
COMMAND: POST /session/5a996439f29f64f375155c098e6d3fe0/element/f.6EEA461E792C481BE58B9946AB04CA3F.d.B997DAD1C6CDC7B466C0E0A87DB25B34.e.2207/click - {}
RESULT: {}
COMMAND: POST /session/5a996439f29f64f375155c098e6d3fe0/execute/async - {"script":"<script> [1562 bytes]","args":[{"selector":{"id":"application-manageresources-display-component---newResourceUnit--PLANNED_DELIVERY_DATE","interaction":{"idSuffix":"inner"}},"wdio_ui5_key":"applicationmanageresources-display-component---newResourceUnit--PLANNED_DELIVERY_DATE"}]}
COMMAND: GET /session/5a996439f29f64f375155c098e6d3fe0/screenshot - {}
RESULT: {"script":"<script> [1562 bytes]","args":[{"selector":{"id":"application-manageresources-display-component---newResourceUnit--PLANNED_DELIVERY_DATE","interaction":{"idSuffix":"inner"}},"wdio_ui5_key":"applicationmanageresources-display-component---newResourceUnit--PLANNED_DELIVERY_DATE"}]}
RESULT: undefined
COMMAND: POST /session/5a996439f29f64f375155c098e6d3fe0/execute/async - {"script":"<script> [6424 bytes]","args":[{"element-6066-11e4-a52e-4f735466cecf":"f.6EEA461E792C481BE58B9946AB04CA3F.d.B997DAD1C6CDC7B466C0E0A87DB25B34.e.2081"},"setValue",["06/22/24"]]}
RESULT: {}
RESULT: {"script":"<script> [6424 bytes]","args":[{"element-6066-11e4-a52e-4f735466cecf":"f.6EEA461E792C481BE58B9946AB04CA3F.d.B997DAD1C6CDC7B466C0E0A87DB25B34.e.2081"},"setValue",["06/22/24"]]}
COMMAND: POST /session/5a996439f29f64f375155c098e6d3fe0/execute/async - {"script":"<script> [1562 bytes]","args":[{"selector":{"id":"application-manageresources-display-component---newResourceUnit--RETIRE_PLANNED_DATE","interaction":{"idSuffix":"inner"}},"wdio_ui5_key":"applicationmanageresources-display-component---newResourceUnit--RETIRE_PLANNED_DATE"}]}
RESULT: {"script":"<script> [1562 bytes]","args":[{"selector":{"id":"application-manageresources-display-component---newResourceUnit--RETIRE_PLANNED_DATE","interaction":{"idSuffix":"inner"}},"wdio_ui5_key":"applicationmanageresources-display-component---newResourceUnit--RETIRE_PLANNED_DATE"}]}
RESULT: undefined
COMMAND: POST /session/5a996439f29f64f375155c098e6d3fe0/execute/async - {"script":"<script> [776 bytes]","args":[{"enterText":"3/14/29","selector":{"id":"application-manageresources-display-component---newResourceUnit--RETIRE_PLANNED_DATE","interaction":{"idSuffix":"inner"}},"clearTextFirst":true,"interactionType":"ENTER_TEXT"}]}
RESULT: {"script":"<script> [776 bytes]","args":[{"enterText":"3/14/29","selector":{"id":"application-manageresources-display-component---newResourceUnit--RETIRE_PLANNED_DATE","interaction":{"idSuffix":"inner"}},"clearTextFirst":true,"interactionType":"ENTER_TEXT"}]}
RESULT: undefined
COMMAND: POST /session/5a996439f29f64f375155c098e6d3fe0/element - {"using":"xpath","value":"//*[@id=\"application-manageresources-display-component---newResourceUnit--createRuButton\"]"}
RESULT: {"using":"xpath","value":"//*[@id=\"application-manageresources-display-component---newResourceUnit--createRuButton\"]"}
COMMAND: POST /session/5a996439f29f64f375155c098e6d3fe0/element/f.6EEA461E792C481BE58B9946AB04CA3F.d.B997DAD1C6CDC7B466C0E0A87DB25B34.e.2042/click - {}
RESULT: {}
COMMAND: GET /session/5a996439f29f64f375155c098e6d3fe0/screenshot - {}
RESULT: {}
COMMAND: POST /session/5a996439f29f64f375155c098e6d3fe0/element - {"using":"xpath","value":"(//bdi[contains(text(), \"Close\")])[1]"}
RESULT: {"using":"xpath","value":"(//bdi[contains(text(), \"Close\")])[1]"}
COMMAND: POST /session/5a996439f29f64f375155c098e6d3fe0/element/f.6EEA461E792C481BE58B9946AB04CA3F.d.B997DAD1C6CDC7B466C0E0A87DB25B34.e.2216/click - {}
RESULT: {}
COMMAND: GET /session/5a996439f29f64f375155c098e6d3fe0/screenshot - {}
RESULT: {}
]]></system-out>
    </testcase>
    <testcase classname="chrome.136_0_7103_93.windows.Related_resources_for_groups_US139107" name="Should create one more equipment using copy function and add it to the group" time="65.925">
      <system-out><![CDATA[
COMMAND: POST /session/5a996439f29f64f375155c098e6d3fe0/element - {"using":"xpath","value":"//span[contains(@id ,\"actionsToolbar-overflowButton-img\")]"}
RESULT: {"using":"xpath","value":"//span[contains(@id ,\"actionsToolbar-overflowButton-img\")]"}
COMMAND: POST /session/5a996439f29f64f375155c098e6d3fe0/execute/sync - {"script":"<script> [8489 bytes]","args":[{"element-6066-11e4-a52e-4f735466cecf":"f.6EEA461E792C481BE58B9946AB04CA3F.d.B997DAD1C6CDC7B466C0E0A87DB25B34.e.2268","ELEMENT":"f.6EEA461E792C481BE58B9946AB04CA3F.d.B997DAD1C6CDC7B466C0E0A87DB25B34.e.2268"}]}
RESULT: {"script":"<script> [8489 bytes]","args":[{"element-6066-11e4-a52e-4f735466cecf":"f.6EEA461E792C481BE58B9946AB04CA3F.d.B997DAD1C6CDC7B466C0E0A87DB25B34.e.2268","ELEMENT":"f.6EEA461E792C481BE58B9946AB04CA3F.d.B997DAD1C6CDC7B466C0E0A87DB25B34.e.2268"}]}
COMMAND: POST /session/5a996439f29f64f375155c098e6d3fe0/execute/sync - {"script":"<script> [5351 bytes]","args":[{"element-6066-11e4-a52e-4f735466cecf":"f.6EEA461E792C481BE58B9946AB04CA3F.d.B997DAD1C6CDC7B466C0E0A87DB25B34.e.2268","ELEMENT":"f.6EEA461E792C481BE58B9946AB04CA3F.d.B997DAD1C6CDC7B466C0E0A87DB25B34.e.2268"}]}
COMMAND: GET /session/5a996439f29f64f375155c098e6d3fe0/screenshot - {}
RESULT: {"script":"<script> [5351 bytes]","args":[{"element-6066-11e4-a52e-4f735466cecf":"f.6EEA461E792C481BE58B9946AB04CA3F.d.B997DAD1C6CDC7B466C0E0A87DB25B34.e.2268","ELEMENT":"f.6EEA461E792C481BE58B9946AB04CA3F.d.B997DAD1C6CDC7B466C0E0A87DB25B34.e.2268"}]}
COMMAND: POST /session/5a996439f29f64f375155c098e6d3fe0/element/f.6EEA461E792C481BE58B9946AB04CA3F.d.B997DAD1C6CDC7B466C0E0A87DB25B34.e.2268/click - {}
COMMAND: GET /session/5a996439f29f64f375155c098e6d3fe0/screenshot - {}
RESULT: {}
RESULT: {}
COMMAND: GET /session/5a996439f29f64f375155c098e6d3fe0/screenshot - {}
RESULT: {}
RESULT: {}
COMMAND: POST /session/5a996439f29f64f375155c098e6d3fe0/execute/async - {"script":"<script> [1562 bytes]","args":[{"selector":{"controlType":"sap.m.Button","viewName":"etm.portal.ui.manageresources.view.Detail","viewId":"application-manageresources-display-component---detailRU","i18NText":{"propertyName":"text","key":"copy"},"interaction":{"idSuffix":"BDI-content"}},"wdio_ui5_key":"etmportal.ui.manageresources.view.Detailsap.m.Button{\"propertyName\":\"text\",\"key\":\"copy\"}"}]}
RESULT: {"script":"<script> [1562 bytes]","args":[{"selector":{"controlType":"sap.m.Button","viewName":"etm.portal.ui.manageresources.view.Detail","viewId":"application-manageresources-display-component---detailRU","i18NText":{"propertyName":"text","key":"copy"},"interaction":{"idSuffix":"BDI-content"}},"wdio_ui5_key":"etmportal.ui.manageresources.view.Detailsap.m.Button{\"propertyName\":\"text\",\"key\":\"copy\"}"}]}
RESULT: undefined
COMMAND: POST /session/5a996439f29f64f375155c098e6d3fe0/element - {"using":"xpath","value":"//*[@id=\"__button96\"]"}
RESULT: {"using":"xpath","value":"//*[@id=\"__button96\"]"}
COMMAND: POST /session/5a996439f29f64f375155c098e6d3fe0/element/f.6EEA461E792C481BE58B9946AB04CA3F.d.B997DAD1C6CDC7B466C0E0A87DB25B34.e.2272/click - {}
RESULT: {}
COMMAND: GET /session/5a996439f29f64f375155c098e6d3fe0/screenshot - {}
RESULT: {}
COMMAND: POST /session/5a996439f29f64f375155c098e6d3fe0/execute/async - {"script":"<script> [1562 bytes]","args":[{"selector":{"controlType":"sap.m.Button","viewName":"etm.portal.ui.manageresources.view.Detail","viewId":"application-manageresources-display-component---detailRU","i18NText":{"propertyName":"text","key":"selectAll"},"searchOpenDialogs":true,"interaction":{"idSuffix":"BDI-content"}},"wdio_ui5_key":"etmportal.ui.manageresources.view.Detailsap.m.Button{\"propertyName\":\"text\",\"key\":\"selectAll\"}"}]}
RESULT: {"script":"<script> [1562 bytes]","args":[{"selector":{"controlType":"sap.m.Button","viewName":"etm.portal.ui.manageresources.view.Detail","viewId":"application-manageresources-display-component---detailRU","i18NText":{"propertyName":"text","key":"selectAll"},"searchOpenDialogs":true,"interaction":{"idSuffix":"BDI-content"}},"wdio_ui5_key":"etmportal.ui.manageresources.view.Detailsap.m.Button{\"propertyName\":\"text\",\"key\":\"selectAll\"}"}]}
RESULT: undefined
COMMAND: POST /session/5a996439f29f64f375155c098e6d3fe0/element - {"using":"xpath","value":"//*[@id=\"__button140\"]"}
RESULT: {"using":"xpath","value":"//*[@id=\"__button140\"]"}
COMMAND: POST /session/5a996439f29f64f375155c098e6d3fe0/element/f.6EEA461E792C481BE58B9946AB04CA3F.d.B997DAD1C6CDC7B466C0E0A87DB25B34.e.2273/click - {}
RESULT: {}
COMMAND: GET /session/5a996439f29f64f375155c098e6d3fe0/screenshot - {}
RESULT: {}
COMMAND: POST /session/5a996439f29f64f375155c098e6d3fe0/execute/async - {"script":"<script> [1562 bytes]","args":[{"selector":{"controlType":"sap.m.Button","viewName":"etm.portal.ui.manageresources.view.Detail","viewId":"application-manageresources-display-component---detailRU","i18NText":{"propertyName":"text","key":"confirm"},"searchOpenDialogs":true,"interaction":{"idSuffix":"content"}},"wdio_ui5_key":"etmportal.ui.manageresources.view.Detailsap.m.Button{\"propertyName\":\"text\",\"key\":\"confirm\"}"}]}
RESULT: {"script":"<script> [1562 bytes]","args":[{"selector":{"controlType":"sap.m.Button","viewName":"etm.portal.ui.manageresources.view.Detail","viewId":"application-manageresources-display-component---detailRU","i18NText":{"propertyName":"text","key":"confirm"},"searchOpenDialogs":true,"interaction":{"idSuffix":"content"}},"wdio_ui5_key":"etmportal.ui.manageresources.view.Detailsap.m.Button{\"propertyName\":\"text\",\"key\":\"confirm\"}"}]}
RESULT: undefined
COMMAND: POST /session/5a996439f29f64f375155c098e6d3fe0/element - {"using":"xpath","value":"//*[@id=\"__button141\"]"}
RESULT: {"using":"xpath","value":"//*[@id=\"__button141\"]"}
COMMAND: POST /session/5a996439f29f64f375155c098e6d3fe0/element/f.6EEA461E792C481BE58B9946AB04CA3F.d.B997DAD1C6CDC7B466C0E0A87DB25B34.e.2297/click - {}
RESULT: {}
COMMAND: GET /session/5a996439f29f64f375155c098e6d3fe0/screenshot - {}
RESULT: {}
COMMAND: POST /session/5a996439f29f64f375155c098e6d3fe0/element - {"using":"xpath","value":"(//span[contains(@id ,\"expandBtn-inner\")])[2]"}
RESULT: {"using":"xpath","value":"(//span[contains(@id ,\"expandBtn-inner\")])[2]"}
COMMAND: POST /session/5a996439f29f64f375155c098e6d3fe0/element/f.6EEA461E792C481BE58B9946AB04CA3F.d.B997DAD1C6CDC7B466C0E0A87DB25B34.e.2309/click - {}
RESULT: {}
COMMAND: GET /session/5a996439f29f64f375155c098e6d3fe0/screenshot - {}
RESULT: {}
COMMAND: POST /session/5a996439f29f64f375155c098e6d3fe0/element - {"using":"xpath","value":"//input[contains(@id ,\"application-manageresources-display-component---newResourceUnit--resourceId-inner\")]"}
RESULT: {"using":"xpath","value":"//input[contains(@id ,\"application-manageresources-display-component---newResourceUnit--resourceId-inner\")]"}
COMMAND: POST /session/5a996439f29f64f375155c098e6d3fe0/element/f.6EEA461E792C481BE58B9946AB04CA3F.d.B997DAD1C6CDC7B466C0E0A87DB25B34.e.2046/clear - {}
RESULT: {}
COMMAND: POST /session/5a996439f29f64f375155c098e6d3fe0/element/f.6EEA461E792C481BE58B9946AB04CA3F.d.B997DAD1C6CDC7B466C0E0A87DB25B34.e.2046/value - {"text":"WdIORUEquip2pp96mj"}
COMMAND: GET /session/5a996439f29f64f375155c098e6d3fe0/screenshot - {}
RESULT: {"text":"WdIORUEquip2pp96mj"}
COMMAND: POST /session/5a996439f29f64f375155c098e6d3fe0/element - {"using":"xpath","value":"//input[contains(@id ,\"application-manageresources-display-component---newResourceUnit--SHORT_TEXT-inner\")]"}
COMMAND: GET /session/5a996439f29f64f375155c098e6d3fe0/screenshot - {}
RESULT: {}
RESULT: {"using":"xpath","value":"//input[contains(@id ,\"application-manageresources-display-component---newResourceUnit--SHORT_TEXT-inner\")]"}
COMMAND: POST /session/5a996439f29f64f375155c098e6d3fe0/element/f.6EEA461E792C481BE58B9946AB04CA3F.d.B997DAD1C6CDC7B466C0E0A87DB25B34.e.2047/clear - {}
RESULT: {}
RESULT: {}
COMMAND: POST /session/5a996439f29f64f375155c098e6d3fe0/element/f.6EEA461E792C481BE58B9946AB04CA3F.d.B997DAD1C6CDC7B466C0E0A87DB25B34.e.2047/clear - {}
COMMAND: GET /session/5a996439f29f64f375155c098e6d3fe0/screenshot - {}
RESULT: {}
COMMAND: POST /session/5a996439f29f64f375155c098e6d3fe0/element/f.6EEA461E792C481BE58B9946AB04CA3F.d.B997DAD1C6CDC7B466C0E0A87DB25B34.e.2047/value - {"text":"WdIORUEquip2pp96mj"}
COMMAND: GET /session/5a996439f29f64f375155c098e6d3fe0/screenshot - {}
RESULT: {}
RESULT: {"text":"WdIORUEquip2pp96mj"}
COMMAND: POST /session/5a996439f29f64f375155c098e6d3fe0/element - {"using":"xpath","value":"//bdi[contains(text(), \"Time Segment\")]"}
COMMAND: GET /session/5a996439f29f64f375155c098e6d3fe0/screenshot - {}
RESULT: {}
RESULT: {"using":"xpath","value":"//bdi[contains(text(), \"Time Segment\")]"}
COMMAND: GET /session/5a996439f29f64f375155c098e6d3fe0/element/f.6EEA461E792C481BE58B9946AB04CA3F.d.B997DAD1C6CDC7B466C0E0A87DB25B34.e.2172/rect - {}
RESULT: {}
RESULT: {}
COMMAND: GET /session/5a996439f29f64f375155c098e6d3fe0/window/rect - {}
RESULT: {}
COMMAND: POST /session/5a996439f29f64f375155c098e6d3fe0/execute/sync - {"script":"<script> [92 bytes]","args":[]}
RESULT: {"script":"<script> [92 bytes]","args":[]}
COMMAND: POST /session/5a996439f29f64f375155c098e6d3fe0/actions - {"actions":[{"id":"action9","type":"wheel","parameters":{},"actions":[{"type":"scroll","x":-1820,"y":1110,"deltaX":0,"deltaY":0,"duration":0,"origin":{"element-6066-11e4-a52e-4f735466cecf":"f.6EEA461E792C481BE58B9946AB04CA3F.d.B997DAD1C6CDC7B466C0E0A87DB25B34.e.2172"}}]}]}
COMMAND: GET /session/5a996439f29f64f375155c098e6d3fe0/screenshot - {}
RESULT: {}
COMMAND: POST /session/5a996439f29f64f375155c098e6d3fe0/execute/sync - {"script":"<script> [79 bytes]","args":[{"element-6066-11e4-a52e-4f735466cecf":"f.6EEA461E792C481BE58B9946AB04CA3F.d.B997DAD1C6CDC7B466C0E0A87DB25B34.e.2172","ELEMENT":"f.6EEA461E792C481BE58B9946AB04CA3F.d.B997DAD1C6CDC7B466C0E0A87DB25B34.e.2172"},{"block":"start","inline":"nearest"}]}
RESULT: {"script":"<script> [79 bytes]","args":[{"element-6066-11e4-a52e-4f735466cecf":"f.6EEA461E792C481BE58B9946AB04CA3F.d.B997DAD1C6CDC7B466C0E0A87DB25B34.e.2172","ELEMENT":"f.6EEA461E792C481BE58B9946AB04CA3F.d.B997DAD1C6CDC7B466C0E0A87DB25B34.e.2172"},{"block":"start","inline":"nearest"}]}
COMMAND: GET /session/5a996439f29f64f375155c098e6d3fe0/screenshot - {}
RESULT: {}
COMMAND: POST /session/5a996439f29f64f375155c098e6d3fe0/element - {"using":"xpath","value":"//input[@id=\"application-manageresources-display-component---newResourceUnit--idRuTSAdmin-application-manageresources-display-component---newResourceUnit--RUTimeSegment-0-inner\"]"}
RESULT: {"using":"xpath","value":"//input[@id=\"application-manageresources-display-component---newResourceUnit--idRuTSAdmin-application-manageresources-display-component---newResourceUnit--RUTimeSegment-0-inner\"]"}
COMMAND: POST /session/5a996439f29f64f375155c098e6d3fe0/element/f.6EEA461E792C481BE58B9946AB04CA3F.d.B997DAD1C6CDC7B466C0E0A87DB25B34.e.2179/clear - {}
RESULT: {}
COMMAND: POST /session/5a996439f29f64f375155c098e6d3fe0/element/f.6EEA461E792C481BE58B9946AB04CA3F.d.B997DAD1C6CDC7B466C0E0A87DB25B34.e.2179/value - {"text":"WebdriverYardtiqos"}
COMMAND: GET /session/5a996439f29f64f375155c098e6d3fe0/screenshot - {}
RESULT: {"text":"WebdriverYardtiqos"}
COMMAND: GET /session/5a996439f29f64f375155c098e6d3fe0/screenshot - {}
RESULT: {}
RESULT: {}
COMMAND: POST /session/5a996439f29f64f375155c098e6d3fe0/actions - {"actions":[{"id":"action10","type":"key","parameters":{},"actions":[{"type":"keyDown","value":""},{"type":"pause","duration":10},{"type":"keyUp","value":""}]}]}
RESULT: {"actions":[{"id":"action10","type":"key","parameters":{},"actions":[{"type":"keyDown","value":""},{"type":"pause","duration":10},{"type":"keyUp","value":""}]}]}
COMMAND: GET /session/5a996439f29f64f375155c098e6d3fe0/screenshot - {}
RESULT: {}
RESULT: undefined
COMMAND: POST /session/5a996439f29f64f375155c098e6d3fe0/element - {"using":"xpath","value":"//*[@id=\"__box10-application-manageresources-display-component---newResourceUnit--RUTimeSegment-0-arrow\"]"}
RESULT: {"using":"xpath","value":"//*[@id=\"__box10-application-manageresources-display-component---newResourceUnit--RUTimeSegment-0-arrow\"]"}
COMMAND: POST /session/5a996439f29f64f375155c098e6d3fe0/element/f.6EEA461E792C481BE58B9946AB04CA3F.d.B997DAD1C6CDC7B466C0E0A87DB25B34.e.2193/click - {}
RESULT: {}
COMMAND: GET /session/5a996439f29f64f375155c098e6d3fe0/screenshot - {}
RESULT: {}
COMMAND: POST /session/5a996439f29f64f375155c098e6d3fe0/element - {"using":"xpath","value":"//span[contains(@id ,\"titleText\")][contains(text(), \"PM Order\")]"}
RESULT: {"using":"xpath","value":"//span[contains(@id ,\"titleText\")][contains(text(), \"PM Order\")]"}
COMMAND: POST /session/5a996439f29f64f375155c098e6d3fe0/element/f.6EEA461E792C481BE58B9946AB04CA3F.d.B997DAD1C6CDC7B466C0E0A87DB25B34.e.2382/click - {}
RESULT: {}
COMMAND: GET /session/5a996439f29f64f375155c098e6d3fe0/screenshot - {}
RESULT: {}
COMMAND: POST /session/5a996439f29f64f375155c098e6d3fe0/element - {"using":"xpath","value":"(//input[contains(@id ,\"-application-manageresources-display-component---newResourceUnit--RUTimeSegment-0-inner\")])[8]"}
RESULT: {"using":"xpath","value":"(//input[contains(@id ,\"-application-manageresources-display-component---newResourceUnit--RUTimeSegment-0-inner\")])[8]"}
COMMAND: POST /session/5a996439f29f64f375155c098e6d3fe0/element/f.6EEA461E792C481BE58B9946AB04CA3F.d.B997DAD1C6CDC7B466C0E0A87DB25B34.e.2385/clear - {}
RESULT: {}
COMMAND: POST /session/5a996439f29f64f375155c098e6d3fe0/element/f.6EEA461E792C481BE58B9946AB04CA3F.d.B997DAD1C6CDC7B466C0E0A87DB25B34.e.2385/value - {"text":"4000360"}
COMMAND: GET /session/5a996439f29f64f375155c098e6d3fe0/screenshot - {}
RESULT: {"text":"4000360"}
COMMAND: GET /session/5a996439f29f64f375155c098e6d3fe0/screenshot - {}
RESULT: {}
RESULT: {}
COMMAND: POST /session/5a996439f29f64f375155c098e6d3fe0/actions - {"actions":[{"id":"action11","type":"key","parameters":{},"actions":[{"type":"keyDown","value":""},{"type":"pause","duration":10},{"type":"keyUp","value":""}]}]}
RESULT: {"actions":[{"id":"action11","type":"key","parameters":{},"actions":[{"type":"keyDown","value":""},{"type":"pause","duration":10},{"type":"keyUp","value":""}]}]}
COMMAND: GET /session/5a996439f29f64f375155c098e6d3fe0/screenshot - {}
RESULT: {}
RESULT: undefined
COMMAND: POST /session/5a996439f29f64f375155c098e6d3fe0/element - {"using":"xpath","value":"//*[@id=\"application-manageresources-display-component---newResourceUnit--createRuButton\"]"}
RESULT: {"using":"xpath","value":"//*[@id=\"application-manageresources-display-component---newResourceUnit--createRuButton\"]"}
COMMAND: POST /session/5a996439f29f64f375155c098e6d3fe0/element/f.6EEA461E792C481BE58B9946AB04CA3F.d.B997DAD1C6CDC7B466C0E0A87DB25B34.e.2042/click - {}
RESULT: {}
COMMAND: GET /session/5a996439f29f64f375155c098e6d3fe0/screenshot - {}
RESULT: {}
COMMAND: POST /session/5a996439f29f64f375155c098e6d3fe0/element - {"using":"xpath","value":"(//bdi[contains(text(), \"Close\")])[1]"}
RESULT: {"using":"xpath","value":"(//bdi[contains(text(), \"Close\")])[1]"}
COMMAND: POST /session/5a996439f29f64f375155c098e6d3fe0/element/f.6EEA461E792C481BE58B9946AB04CA3F.d.B997DAD1C6CDC7B466C0E0A87DB25B34.e.2405/click - {}
RESULT: {}
COMMAND: GET /session/5a996439f29f64f375155c098e6d3fe0/screenshot - {}
RESULT: {}
]]></system-out>
    </testcase>
    <testcase classname="chrome.136_0_7103_93.windows.Related_resources_for_groups_US139107" name="Should verify the Yard Overview hyperlinks in related resource" time="120.497">
      <system-out><![CDATA[
COMMAND: POST /session/5a996439f29f64f375155c098e6d3fe0/execute/async - {"script":"<script> [1562 bytes]","args":[{"selector":{"controlType":"sap.ui.core.Icon","viewName":"etm.portal.ui.manageresources.view.Detail","viewId":"application-manageresources-display-component---detailRU","properties":{"src":{"regex":{"source":"decline"}}}},"wdio_ui5_key":"etmportal.ui.manageresources.view.Detailsap.ui.core.Icon{\"src\":{\"regex\":{\"source\":\"decline\"}}}"}]}
RESULT: {"script":"<script> [1562 bytes]","args":[{"selector":{"controlType":"sap.ui.core.Icon","viewName":"etm.portal.ui.manageresources.view.Detail","viewId":"application-manageresources-display-component---detailRU","properties":{"src":{"regex":{"source":"decline"}}}},"wdio_ui5_key":"etmportal.ui.manageresources.view.Detailsap.ui.core.Icon{\"src\":{\"regex\":{\"source\":\"decline\"}}}"}]}
RESULT: undefined
COMMAND: POST /session/5a996439f29f64f375155c098e6d3fe0/element - {"using":"xpath","value":"//input[contains(@id ,\"application-manageresources-display-component---masterRU--smartFilterBar-btnBasicSearch-I\")]"}
RESULT: {"using":"xpath","value":"//input[contains(@id ,\"application-manageresources-display-component---masterRU--smartFilterBar-btnBasicSearch-I\")]"}
COMMAND: POST /session/5a996439f29f64f375155c098e6d3fe0/element/f.6EEA461E792C481BE58B9946AB04CA3F.d.B997DAD1C6CDC7B466C0E0A87DB25B34.e.1674/value - {"text":"WdIORUGroupt0bp5"}
RESULT: {"text":"WdIORUGroupt0bp5"}
COMMAND: GET /session/5a996439f29f64f375155c098e6d3fe0/screenshot - {}
RESULT: {}
COMMAND: POST /session/5a996439f29f64f375155c098e6d3fe0/actions - {"actions":[{"id":"action12","type":"key","parameters":{},"actions":[{"type":"keyDown","value":""},{"type":"pause","duration":10},{"type":"keyUp","value":""}]}]}
RESULT: {"actions":[{"id":"action12","type":"key","parameters":{},"actions":[{"type":"keyDown","value":""},{"type":"pause","duration":10},{"type":"keyUp","value":""}]}]}
COMMAND: GET /session/5a996439f29f64f375155c098e6d3fe0/screenshot - {}
RESULT: {}
COMMAND: POST /session/5a996439f29f64f375155c098e6d3fe0/execute/async - {"script":"<script> [1562 bytes]","args":[{"selector":{"controlType":"sap.ui.core.Icon","viewName":"etm.portal.ui.manageresources.view.Master","viewId":"application-manageresources-display-component---masterRU","properties":{"src":{"regex":{"source":"slim\\-arrow\\-right"}}}},"wdio_ui5_key":"etmportal.ui.manageresources.view.Mastersap.ui.core.Icon{\"src\":{\"regex\":{\"source\":\"slim\\\\-arrow\\\\-right\"}}}"}]}
RESULT: {"script":"<script> [1562 bytes]","args":[{"selector":{"controlType":"sap.ui.core.Icon","viewName":"etm.portal.ui.manageresources.view.Master","viewId":"application-manageresources-display-component---masterRU","properties":{"src":{"regex":{"source":"slim\\-arrow\\-right"}}}},"wdio_ui5_key":"etmportal.ui.manageresources.view.Mastersap.ui.core.Icon{\"src\":{\"regex\":{\"source\":\"slim\\\\-arrow\\\\-right\"}}}"}]}
RESULT: undefined
COMMAND: POST /session/5a996439f29f64f375155c098e6d3fe0/element - {"using":"xpath","value":"//*[@id=\"__item806-__clone2116-imgNav\"]"}
RESULT: {"using":"xpath","value":"//*[@id=\"__item806-__clone2116-imgNav\"]"}
COMMAND: POST /session/5a996439f29f64f375155c098e6d3fe0/element/f.6EEA461E792C481BE58B9946AB04CA3F.d.B997DAD1C6CDC7B466C0E0A87DB25B34.e.1846/click - {}
RESULT: {}
COMMAND: GET /session/5a996439f29f64f375155c098e6d3fe0/screenshot - {}
RESULT: {}
COMMAND: POST /session/5a996439f29f64f375155c098e6d3fe0/element - {"using":"xpath","value":"//bdi[contains(@id ,\"application-manageresources-display-component---detailRU--openRelatedRus-BDI-content\")]"}
RESULT: {"using":"xpath","value":"//bdi[contains(@id ,\"application-manageresources-display-component---detailRU--openRelatedRus-BDI-content\")]"}
COMMAND: POST /session/5a996439f29f64f375155c098e6d3fe0/execute/sync - {"script":"<script> [8489 bytes]","args":[{"element-6066-11e4-a52e-4f735466cecf":"f.6EEA461E792C481BE58B9946AB04CA3F.d.B997DAD1C6CDC7B466C0E0A87DB25B34.e.2456","ELEMENT":"f.6EEA461E792C481BE58B9946AB04CA3F.d.B997DAD1C6CDC7B466C0E0A87DB25B34.e.2456"}]}
RESULT: {"script":"<script> [8489 bytes]","args":[{"element-6066-11e4-a52e-4f735466cecf":"f.6EEA461E792C481BE58B9946AB04CA3F.d.B997DAD1C6CDC7B466C0E0A87DB25B34.e.2456","ELEMENT":"f.6EEA461E792C481BE58B9946AB04CA3F.d.B997DAD1C6CDC7B466C0E0A87DB25B34.e.2456"}]}
COMMAND: POST /session/5a996439f29f64f375155c098e6d3fe0/execute/sync - {"script":"<script> [5351 bytes]","args":[{"element-6066-11e4-a52e-4f735466cecf":"f.6EEA461E792C481BE58B9946AB04CA3F.d.B997DAD1C6CDC7B466C0E0A87DB25B34.e.2456","ELEMENT":"f.6EEA461E792C481BE58B9946AB04CA3F.d.B997DAD1C6CDC7B466C0E0A87DB25B34.e.2456"}]}
COMMAND: GET /session/5a996439f29f64f375155c098e6d3fe0/screenshot - {}
RESULT: {"script":"<script> [5351 bytes]","args":[{"element-6066-11e4-a52e-4f735466cecf":"f.6EEA461E792C481BE58B9946AB04CA3F.d.B997DAD1C6CDC7B466C0E0A87DB25B34.e.2456","ELEMENT":"f.6EEA461E792C481BE58B9946AB04CA3F.d.B997DAD1C6CDC7B466C0E0A87DB25B34.e.2456"}]}
COMMAND: POST /session/5a996439f29f64f375155c098e6d3fe0/element/f.6EEA461E792C481BE58B9946AB04CA3F.d.B997DAD1C6CDC7B466C0E0A87DB25B34.e.2456/click - {}
COMMAND: GET /session/5a996439f29f64f375155c098e6d3fe0/screenshot - {}
RESULT: {}
RESULT: {}
COMMAND: GET /session/5a996439f29f64f375155c098e6d3fe0/screenshot - {}
RESULT: {}
RESULT: {}
COMMAND: POST /session/5a996439f29f64f375155c098e6d3fe0/element - {"using":"xpath","value":"//*[contains(@data-kt ,\"openRUIdMenuLink\")]"}
RESULT: {"using":"xpath","value":"//*[contains(@data-kt ,\"openRUIdMenuLink\")]"}
COMMAND: POST /session/5a996439f29f64f375155c098e6d3fe0/execute/sync - {"script":"<script> [8489 bytes]","args":[{"element-6066-11e4-a52e-4f735466cecf":"f.6EEA461E792C481BE58B9946AB04CA3F.d.B997DAD1C6CDC7B466C0E0A87DB25B34.e.2462","ELEMENT":"f.6EEA461E792C481BE58B9946AB04CA3F.d.B997DAD1C6CDC7B466C0E0A87DB25B34.e.2462"}]}
RESULT: {"script":"<script> [8489 bytes]","args":[{"element-6066-11e4-a52e-4f735466cecf":"f.6EEA461E792C481BE58B9946AB04CA3F.d.B997DAD1C6CDC7B466C0E0A87DB25B34.e.2462","ELEMENT":"f.6EEA461E792C481BE58B9946AB04CA3F.d.B997DAD1C6CDC7B466C0E0A87DB25B34.e.2462"}]}
COMMAND: POST /session/5a996439f29f64f375155c098e6d3fe0/execute/sync - {"script":"<script> [5351 bytes]","args":[{"element-6066-11e4-a52e-4f735466cecf":"f.6EEA461E792C481BE58B9946AB04CA3F.d.B997DAD1C6CDC7B466C0E0A87DB25B34.e.2462","ELEMENT":"f.6EEA461E792C481BE58B9946AB04CA3F.d.B997DAD1C6CDC7B466C0E0A87DB25B34.e.2462"}]}
COMMAND: GET /session/5a996439f29f64f375155c098e6d3fe0/screenshot - {}
RESULT: {"script":"<script> [5351 bytes]","args":[{"element-6066-11e4-a52e-4f735466cecf":"f.6EEA461E792C481BE58B9946AB04CA3F.d.B997DAD1C6CDC7B466C0E0A87DB25B34.e.2462","ELEMENT":"f.6EEA461E792C481BE58B9946AB04CA3F.d.B997DAD1C6CDC7B466C0E0A87DB25B34.e.2462"}]}
COMMAND: POST /session/5a996439f29f64f375155c098e6d3fe0/execute/async - {"script":"<script> [1562 bytes]","args":[{"selector":{"id":"RelatedRUsFragmentID--smartTableRUs-header","searchOpenDialogs":true},"wdio_ui5_key":"RelatedRUsFragmentIDsmartTableRUs-header"}]}
COMMAND: GET /session/5a996439f29f64f375155c098e6d3fe0/screenshot - {}
RESULT: {}
RESULT: {"script":"<script> [1562 bytes]","args":[{"selector":{"id":"RelatedRUsFragmentID--smartTableRUs-header","searchOpenDialogs":true},"wdio_ui5_key":"RelatedRUsFragmentIDsmartTableRUs-header"}]}
RESULT: undefined
COMMAND: POST /session/5a996439f29f64f375155c098e6d3fe0/execute/async - {"script":"<script> [6424 bytes]","args":[{"element-6066-11e4-a52e-4f735466cecf":"f.6EEA461E792C481BE58B9946AB04CA3F.d.B997DAD1C6CDC7B466C0E0A87DB25B34.e.2463"},"getText",[]]}
RESULT: {}
RESULT: {"script":"<script> [6424 bytes]","args":[{"element-6066-11e4-a52e-4f735466cecf":"f.6EEA461E792C481BE58B9946AB04CA3F.d.B997DAD1C6CDC7B466C0E0A87DB25B34.e.2463"},"getText",[]]}
COMMAND: POST /session/5a996439f29f64f375155c098e6d3fe0/element/f.6EEA461E792C481BE58B9946AB04CA3F.d.B997DAD1C6CDC7B466C0E0A87DB25B34.e.2462/click - {}
RESULT: {}
COMMAND: GET /session/5a996439f29f64f375155c098e6d3fe0/screenshot - {}
RESULT: {}
COMMAND: POST /session/5a996439f29f64f375155c098e6d3fe0/element - {"using":"xpath","value":"//*[contains(@data-kt ,\"ContextMenuId2Link\")][contains(text(), \"RU Overview\")]"}
RESULT: {"using":"xpath","value":"//*[contains(@data-kt ,\"ContextMenuId2Link\")][contains(text(), \"RU Overview\")]"}
COMMAND: POST /session/5a996439f29f64f375155c098e6d3fe0/execute/sync - {"script":"<script> [8489 bytes]","args":[{"element-6066-11e4-a52e-4f735466cecf":"f.6EEA461E792C481BE58B9946AB04CA3F.d.B997DAD1C6CDC7B466C0E0A87DB25B34.e.2465","ELEMENT":"f.6EEA461E792C481BE58B9946AB04CA3F.d.B997DAD1C6CDC7B466C0E0A87DB25B34.e.2465"}]}
COMMAND: POST /session/5a996439f29f64f375155c098e6d3fe0/element/f.6EEA461E792C481BE58B9946AB04CA3F.d.B997DAD1C6CDC7B466C0E0A87DB25B34.e.2465/click - {}
RESULT: {"script":"<script> [8489 bytes]","args":[{"element-6066-11e4-a52e-4f735466cecf":"f.6EEA461E792C481BE58B9946AB04CA3F.d.B997DAD1C6CDC7B466C0E0A87DB25B34.e.2465","ELEMENT":"f.6EEA461E792C481BE58B9946AB04CA3F.d.B997DAD1C6CDC7B466C0E0A87DB25B34.e.2465"}]}
COMMAND: GET /session/5a996439f29f64f375155c098e6d3fe0/screenshot - {}
RESULT: {}
COMMAND: GET /session/5a996439f29f64f375155c098e6d3fe0/screenshot - {}
RESULT: {}
RESULT: {}
COMMAND: POST /session/5a996439f29f64f375155c098e6d3fe0/execute/async - {"script":"<script> [1562 bytes]","args":[{"selector":{"id":"shellAppTitle"},"wdio_ui5_key":"shellAppTitle"}]}
RESULT: {"script":"<script> [1562 bytes]","args":[{"selector":{"id":"shellAppTitle"},"wdio_ui5_key":"shellAppTitle"}]}
RESULT: undefined
COMMAND: POST /session/5a996439f29f64f375155c098e6d3fe0/execute/async - {"script":"<script> [6424 bytes]","args":[{"element-6066-11e4-a52e-4f735466cecf":"f.6EEA461E792C481BE58B9946AB04CA3F.d.B997DAD1C6CDC7B466C0E0A87DB25B34.e.2724"},"getTitle",[]]}
RESULT: {"script":"<script> [6424 bytes]","args":[{"element-6066-11e4-a52e-4f735466cecf":"f.6EEA461E792C481BE58B9946AB04CA3F.d.B997DAD1C6CDC7B466C0E0A87DB25B34.e.2724"},"getTitle",[]]}
COMMAND: POST /session/5a996439f29f64f375155c098e6d3fe0/element - {"using":"xpath","value":"//span[contains(@id ,\"application-manageresources-display-component---detailRU--snappedTitle-inner\")][contains(text(), \"WdIORUEquip1r9667\")]"}
RESULT: {"using":"xpath","value":"//span[contains(@id ,\"application-manageresources-display-component---detailRU--snappedTitle-inner\")][contains(text(), \"WdIORUEquip1r9667\")]"}
COMMAND: POST /session/5a996439f29f64f375155c098e6d3fe0/execute/sync - {"script":"<script> [8489 bytes]","args":[{"element-6066-11e4-a52e-4f735466cecf":"f.6EEA461E792C481BE58B9946AB04CA3F.d.B997DAD1C6CDC7B466C0E0A87DB25B34.e.2725","ELEMENT":"f.6EEA461E792C481BE58B9946AB04CA3F.d.B997DAD1C6CDC7B466C0E0A87DB25B34.e.2725"}]}
COMMAND: POST /session/5a996439f29f64f375155c098e6d3fe0/execute/async - {"script":"<script> [1562 bytes]","args":[{"selector":{"id":"backBtn"},"wdio_ui5_key":"backBtn"}]}
RESULT: {"script":"<script> [8489 bytes]","args":[{"element-6066-11e4-a52e-4f735466cecf":"f.6EEA461E792C481BE58B9946AB04CA3F.d.B997DAD1C6CDC7B466C0E0A87DB25B34.e.2725","ELEMENT":"f.6EEA461E792C481BE58B9946AB04CA3F.d.B997DAD1C6CDC7B466C0E0A87DB25B34.e.2725"}]}
COMMAND: GET /session/5a996439f29f64f375155c098e6d3fe0/screenshot - {}
RESULT: {"script":"<script> [1562 bytes]","args":[{"selector":{"id":"backBtn"},"wdio_ui5_key":"backBtn"}]}
RESULT: undefined
COMMAND: POST /session/5a996439f29f64f375155c098e6d3fe0/element - {"using":"xpath","value":"//*[@id=\"backBtn\"]"}
RESULT: {}
RESULT: {"using":"xpath","value":"//*[@id=\"backBtn\"]"}
COMMAND: POST /session/5a996439f29f64f375155c098e6d3fe0/element/f.6EEA461E792C481BE58B9946AB04CA3F.d.B997DAD1C6CDC7B466C0E0A87DB25B34.e.2726/click - {}
RESULT: {}
COMMAND: GET /session/5a996439f29f64f375155c098e6d3fe0/screenshot - {}
RESULT: {}
COMMAND: POST /session/5a996439f29f64f375155c098e6d3fe0/execute/sync - {"script":"<script> [8489 bytes]","args":[{"element-6066-11e4-a52e-4f735466cecf":"f.6EEA461E792C481BE58B9946AB04CA3F.d.B997DAD1C6CDC7B466C0E0A87DB25B34.e.2456","ELEMENT":"f.6EEA461E792C481BE58B9946AB04CA3F.d.B997DAD1C6CDC7B466C0E0A87DB25B34.e.2456"}]}
COMMAND: POST /session/5a996439f29f64f375155c098e6d3fe0/element - {"using":"xpath","value":"//bdi[contains(@id ,\"application-manageresources-display-component---detailRU--openRelatedRus-BDI-content\")]"}
RESULT: {"using":"xpath","value":"//bdi[contains(@id ,\"application-manageresources-display-component---detailRU--openRelatedRus-BDI-content\")]"}
COMMAND: POST /session/5a996439f29f64f375155c098e6d3fe0/execute/sync - {"script":"<script> [8489 bytes]","args":[{"element-6066-11e4-a52e-4f735466cecf":"f.6EEA461E792C481BE58B9946AB04CA3F.d.B997DAD1C6CDC7B466C0E0A87DB25B34.e.2962","ELEMENT":"f.6EEA461E792C481BE58B9946AB04CA3F.d.B997DAD1C6CDC7B466C0E0A87DB25B34.e.2962"}]}
RESULT: {"script":"<script> [8489 bytes]","args":[{"element-6066-11e4-a52e-4f735466cecf":"f.6EEA461E792C481BE58B9946AB04CA3F.d.B997DAD1C6CDC7B466C0E0A87DB25B34.e.2962","ELEMENT":"f.6EEA461E792C481BE58B9946AB04CA3F.d.B997DAD1C6CDC7B466C0E0A87DB25B34.e.2962"}]}
COMMAND: POST /session/5a996439f29f64f375155c098e6d3fe0/execute/sync - {"script":"<script> [5351 bytes]","args":[{"element-6066-11e4-a52e-4f735466cecf":"f.6EEA461E792C481BE58B9946AB04CA3F.d.B997DAD1C6CDC7B466C0E0A87DB25B34.e.2962","ELEMENT":"f.6EEA461E792C481BE58B9946AB04CA3F.d.B997DAD1C6CDC7B466C0E0A87DB25B34.e.2962"}]}
COMMAND: GET /session/5a996439f29f64f375155c098e6d3fe0/screenshot - {}
RESULT: {"script":"<script> [5351 bytes]","args":[{"element-6066-11e4-a52e-4f735466cecf":"f.6EEA461E792C481BE58B9946AB04CA3F.d.B997DAD1C6CDC7B466C0E0A87DB25B34.e.2962","ELEMENT":"f.6EEA461E792C481BE58B9946AB04CA3F.d.B997DAD1C6CDC7B466C0E0A87DB25B34.e.2962"}]}
COMMAND: POST /session/5a996439f29f64f375155c098e6d3fe0/element/f.6EEA461E792C481BE58B9946AB04CA3F.d.B997DAD1C6CDC7B466C0E0A87DB25B34.e.2962/click - {}
COMMAND: GET /session/5a996439f29f64f375155c098e6d3fe0/screenshot - {}
RESULT: {}
RESULT: {}
COMMAND: GET /session/5a996439f29f64f375155c098e6d3fe0/screenshot - {}
RESULT: {}
RESULT: {}
COMMAND: POST /session/5a996439f29f64f375155c098e6d3fe0/execute/sync - {"script":"<script> [8489 bytes]","args":[{"element-6066-11e4-a52e-4f735466cecf":"f.6EEA461E792C481BE58B9946AB04CA3F.d.B997DAD1C6CDC7B466C0E0A87DB25B34.e.2462","ELEMENT":"f.6EEA461E792C481BE58B9946AB04CA3F.d.B997DAD1C6CDC7B466C0E0A87DB25B34.e.2462"}]}
COMMAND: POST /session/5a996439f29f64f375155c098e6d3fe0/element - {"using":"xpath","value":"//*[contains(@data-kt ,\"openRUIdMenuLink\")]"}
RESULT: {"using":"xpath","value":"//*[contains(@data-kt ,\"openRUIdMenuLink\")]"}
COMMAND: POST /session/5a996439f29f64f375155c098e6d3fe0/execute/sync - {"script":"<script> [8489 bytes]","args":[{"element-6066-11e4-a52e-4f735466cecf":"f.6EEA461E792C481BE58B9946AB04CA3F.d.B997DAD1C6CDC7B466C0E0A87DB25B34.e.2967","ELEMENT":"f.6EEA461E792C481BE58B9946AB04CA3F.d.B997DAD1C6CDC7B466C0E0A87DB25B34.e.2967"}]}
RESULT: {"script":"<script> [8489 bytes]","args":[{"element-6066-11e4-a52e-4f735466cecf":"f.6EEA461E792C481BE58B9946AB04CA3F.d.B997DAD1C6CDC7B466C0E0A87DB25B34.e.2967","ELEMENT":"f.6EEA461E792C481BE58B9946AB04CA3F.d.B997DAD1C6CDC7B466C0E0A87DB25B34.e.2967"}]}
COMMAND: POST /session/5a996439f29f64f375155c098e6d3fe0/execute/sync - {"script":"<script> [5351 bytes]","args":[{"element-6066-11e4-a52e-4f735466cecf":"f.6EEA461E792C481BE58B9946AB04CA3F.d.B997DAD1C6CDC7B466C0E0A87DB25B34.e.2967","ELEMENT":"f.6EEA461E792C481BE58B9946AB04CA3F.d.B997DAD1C6CDC7B466C0E0A87DB25B34.e.2967"}]}
COMMAND: GET /session/5a996439f29f64f375155c098e6d3fe0/screenshot - {}
RESULT: {"script":"<script> [5351 bytes]","args":[{"element-6066-11e4-a52e-4f735466cecf":"f.6EEA461E792C481BE58B9946AB04CA3F.d.B997DAD1C6CDC7B466C0E0A87DB25B34.e.2967","ELEMENT":"f.6EEA461E792C481BE58B9946AB04CA3F.d.B997DAD1C6CDC7B466C0E0A87DB25B34.e.2967"}]}
COMMAND: POST /session/5a996439f29f64f375155c098e6d3fe0/element/f.6EEA461E792C481BE58B9946AB04CA3F.d.B997DAD1C6CDC7B466C0E0A87DB25B34.e.2967/click - {}
COMMAND: GET /session/5a996439f29f64f375155c098e6d3fe0/screenshot - {}
RESULT: {}
RESULT: {}
COMMAND: GET /session/5a996439f29f64f375155c098e6d3fe0/screenshot - {}
RESULT: {}
RESULT: {}
COMMAND: POST /session/5a996439f29f64f375155c098e6d3fe0/element - {"using":"xpath","value":"//button[contains(@data-kt ,\"ContextMenuExternalId2Link\")]"}
RESULT: {"using":"xpath","value":"//button[contains(@data-kt ,\"ContextMenuExternalId2Link\")]"}
COMMAND: POST /session/5a996439f29f64f375155c098e6d3fe0/element/f.6EEA461E792C481BE58B9946AB04CA3F.d.B997DAD1C6CDC7B466C0E0A87DB25B34.e.2968/click - {}
RESULT: {}
COMMAND: GET /session/5a996439f29f64f375155c098e6d3fe0/screenshot - {}
RESULT: {}
COMMAND: GET /session/5a996439f29f64f375155c098e6d3fe0/window/handles - {}
RESULT: {}
COMMAND: POST /session/5a996439f29f64f375155c098e6d3fe0/window - {"handle":"CD6A49DFD0A6FFEC126A43E52C90BB77"}
RESULT: {"handle":"CD6A49DFD0A6FFEC126A43E52C90BB77"}
COMMAND: GET /session/5a996439f29f64f375155c098e6d3fe0/url - {}
RESULT: {}
COMMAND: GET /session/5a996439f29f64f375155c098e6d3fe0/screenshot - {}
RESULT: {}
COMMAND: POST /session/5a996439f29f64f375155c098e6d3fe0/execute/sync - {"script":"<script> [8489 bytes]","args":[{"element-6066-11e4-a52e-4f735466cecf":"f.6EEA461E792C481BE58B9946AB04CA3F.d.B997DAD1C6CDC7B466C0E0A87DB25B34.e.2725","ELEMENT":"f.6EEA461E792C481BE58B9946AB04CA3F.d.B997DAD1C6CDC7B466C0E0A87DB25B34.e.2725"}]}
COMMAND: DELETE /session/5a996439f29f64f375155c098e6d3fe0/window - {}
RESULT: {}
COMMAND: POST /session/5a996439f29f64f375155c098e6d3fe0/window - {"handle":"6EEA461E792C481BE58B9946AB04CA3F"}
RESULT: {"handle":"6EEA461E792C481BE58B9946AB04CA3F"}
COMMAND: GET /session/5a996439f29f64f375155c098e6d3fe0/url - {}
COMMAND: POST /session/5a996439f29f64f375155c098e6d3fe0/element - {"using":"xpath","value":"//span[contains(@id ,\"application-manageresources-display-component---detailRU--snappedTitle-inner\")][contains(text(), \"WdIORUEquip1r9667\")]"}
RESULT: {}
COMMAND: GET /session/5a996439f29f64f375155c098e6d3fe0/screenshot - {}
RESULT: {"using":"xpath","value":"//span[contains(@id ,\"application-manageresources-display-component---detailRU--snappedTitle-inner\")][contains(text(), \"WdIORUEquip1r9667\")]"}
COMMAND: POST /session/5a996439f29f64f375155c098e6d3fe0/element - {"using":"xpath","value":"//span[contains(@id ,\"application-manageresources-display-component---detailRU--snappedTitle-inner\")][contains(text(), \"WdIORUEquip1r9667\")]"}
RESULT: {}
RESULT: {"using":"xpath","value":"//span[contains(@id ,\"application-manageresources-display-component---detailRU--snappedTitle-inner\")][contains(text(), \"WdIORUEquip1r9667\")]"}
COMMAND: POST /session/5a996439f29f64f375155c098e6d3fe0/element - {"using":"xpath","value":"//span[contains(@id ,\"application-manageresources-display-component---detailRU--snappedTitle-inner\")][contains(text(), \"WdIORUEquip1r9667\")]"}
RESULT: {"using":"xpath","value":"//span[contains(@id ,\"application-manageresources-display-component---detailRU--snappedTitle-inner\")][contains(text(), \"WdIORUEquip1r9667\")]"}
COMMAND: POST /session/5a996439f29f64f375155c098e6d3fe0/element - {"using":"xpath","value":"//span[contains(@id ,\"application-manageresources-display-component---detailRU--snappedTitle-inner\")][contains(text(), \"WdIORUEquip1r9667\")]"}
RESULT: {"using":"xpath","value":"//span[contains(@id ,\"application-manageresources-display-component---detailRU--snappedTitle-inner\")][contains(text(), \"WdIORUEquip1r9667\")]"}
COMMAND: POST /session/5a996439f29f64f375155c098e6d3fe0/element - {"using":"xpath","value":"//span[contains(@id ,\"application-manageresources-display-component---detailRU--snappedTitle-inner\")][contains(text(), \"WdIORUEquip1r9667\")]"}
RESULT: {"using":"xpath","value":"//span[contains(@id ,\"application-manageresources-display-component---detailRU--snappedTitle-inner\")][contains(text(), \"WdIORUEquip1r9667\")]"}
COMMAND: POST /session/5a996439f29f64f375155c098e6d3fe0/element - {"using":"xpath","value":"//span[contains(@id ,\"application-manageresources-display-component---detailRU--snappedTitle-inner\")][contains(text(), \"WdIORUEquip1r9667\")]"}
RESULT: {"using":"xpath","value":"//span[contains(@id ,\"application-manageresources-display-component---detailRU--snappedTitle-inner\")][contains(text(), \"WdIORUEquip1r9667\")]"}
COMMAND: POST /session/5a996439f29f64f375155c098e6d3fe0/element - {"using":"xpath","value":"//span[contains(@id ,\"application-manageresources-display-component---detailRU--snappedTitle-inner\")][contains(text(), \"WdIORUEquip1r9667\")]"}
RESULT: {"using":"xpath","value":"//span[contains(@id ,\"application-manageresources-display-component---detailRU--snappedTitle-inner\")][contains(text(), \"WdIORUEquip1r9667\")]"}
COMMAND: POST /session/5a996439f29f64f375155c098e6d3fe0/element - {"using":"xpath","value":"//span[contains(@id ,\"application-manageresources-display-component---detailRU--snappedTitle-inner\")][contains(text(), \"WdIORUEquip1r9667\")]"}
RESULT: {"using":"xpath","value":"//span[contains(@id ,\"application-manageresources-display-component---detailRU--snappedTitle-inner\")][contains(text(), \"WdIORUEquip1r9667\")]"}
COMMAND: POST /session/5a996439f29f64f375155c098e6d3fe0/element - {"using":"xpath","value":"//span[contains(@id ,\"application-manageresources-display-component---detailRU--snappedTitle-inner\")][contains(text(), \"WdIORUEquip1r9667\")]"}
RESULT: {"using":"xpath","value":"//span[contains(@id ,\"application-manageresources-display-component---detailRU--snappedTitle-inner\")][contains(text(), \"WdIORUEquip1r9667\")]"}
COMMAND: POST /session/5a996439f29f64f375155c098e6d3fe0/element - {"using":"xpath","value":"//span[contains(@id ,\"application-manageresources-display-component---detailRU--snappedTitle-inner\")][contains(text(), \"WdIORUEquip1r9667\")]"}
RESULT: {"using":"xpath","value":"//span[contains(@id ,\"application-manageresources-display-component---detailRU--snappedTitle-inner\")][contains(text(), \"WdIORUEquip1r9667\")]"}
]]></system-out>
    </testcase>
    <testcase classname="chrome.136_0_7103_93.windows.Related_resources_for_groups_US139107" name="Should verify the current location hyperlinks in related resources" time="169.883">
      <system-out><![CDATA[
COMMAND: POST /session/5a996439f29f64f375155c098e6d3fe0/element - {"using":"xpath","value":"//*[contains(@data-kt ,\"openLocationActionMenuLink\")]"}
COMMAND: POST /session/5a996439f29f64f375155c098e6d3fe0/element - {"using":"xpath","value":"//span[contains(@id ,\"application-manageresources-display-component---detailRU--snappedTitle-inner\")][contains(text(), \"WdIORUEquip1r9667\")]"}
RESULT: {"using":"xpath","value":"//*[contains(@data-kt ,\"openLocationActionMenuLink\")]"}
COMMAND: POST /session/5a996439f29f64f375155c098e6d3fe0/execute/sync - {"script":"<script> [8489 bytes]","args":[{"element-6066-11e4-a52e-4f735466cecf":"f.6EEA461E792C481BE58B9946AB04CA3F.d.B997DAD1C6CDC7B466C0E0A87DB25B34.e.3243","ELEMENT":"f.6EEA461E792C481BE58B9946AB04CA3F.d.B997DAD1C6CDC7B466C0E0A87DB25B34.e.3243"}]}
RESULT: {"using":"xpath","value":"//span[contains(@id ,\"application-manageresources-display-component---detailRU--snappedTitle-inner\")][contains(text(), \"WdIORUEquip1r9667\")]"}
RESULT: {"script":"<script> [8489 bytes]","args":[{"element-6066-11e4-a52e-4f735466cecf":"f.6EEA461E792C481BE58B9946AB04CA3F.d.B997DAD1C6CDC7B466C0E0A87DB25B34.e.3243","ELEMENT":"f.6EEA461E792C481BE58B9946AB04CA3F.d.B997DAD1C6CDC7B466C0E0A87DB25B34.e.3243"}]}
COMMAND: POST /session/5a996439f29f64f375155c098e6d3fe0/execute/sync - {"script":"<script> [5351 bytes]","args":[{"element-6066-11e4-a52e-4f735466cecf":"f.6EEA461E792C481BE58B9946AB04CA3F.d.B997DAD1C6CDC7B466C0E0A87DB25B34.e.3243","ELEMENT":"f.6EEA461E792C481BE58B9946AB04CA3F.d.B997DAD1C6CDC7B466C0E0A87DB25B34.e.3243"}]}
COMMAND: GET /session/5a996439f29f64f375155c098e6d3fe0/screenshot - {}
RESULT: {"script":"<script> [5351 bytes]","args":[{"element-6066-11e4-a52e-4f735466cecf":"f.6EEA461E792C481BE58B9946AB04CA3F.d.B997DAD1C6CDC7B466C0E0A87DB25B34.e.3243","ELEMENT":"f.6EEA461E792C481BE58B9946AB04CA3F.d.B997DAD1C6CDC7B466C0E0A87DB25B34.e.3243"}]}
COMMAND: POST /session/5a996439f29f64f375155c098e6d3fe0/element/f.6EEA461E792C481BE58B9946AB04CA3F.d.B997DAD1C6CDC7B466C0E0A87DB25B34.e.3243/click - {}
COMMAND: GET /session/5a996439f29f64f375155c098e6d3fe0/screenshot - {}
RESULT: {}
COMMAND: POST /session/5a996439f29f64f375155c098e6d3fe0/element - {"using":"xpath","value":"//span[contains(@id ,\"application-manageresources-display-component---detailRU--snappedTitle-inner\")][contains(text(), \"WdIORUEquip1r9667\")]"}
RESULT: {}
COMMAND: GET /session/5a996439f29f64f375155c098e6d3fe0/screenshot - {}
RESULT: {}
RESULT: {"using":"xpath","value":"//span[contains(@id ,\"application-manageresources-display-component---detailRU--snappedTitle-inner\")][contains(text(), \"WdIORUEquip1r9667\")]"}
RESULT: {}
COMMAND: POST /session/5a996439f29f64f375155c098e6d3fe0/element - {"using":"xpath","value":"//span[contains(@id ,\"application-manageresources-display-component---detailRU--snappedTitle-inner\")][contains(text(), \"WdIORUEquip1r9667\")]"}
RESULT: {"using":"xpath","value":"//span[contains(@id ,\"application-manageresources-display-component---detailRU--snappedTitle-inner\")][contains(text(), \"WdIORUEquip1r9667\")]"}
COMMAND: POST /session/5a996439f29f64f375155c098e6d3fe0/element - {"using":"xpath","value":"//span[contains(@id ,\"application-manageresources-display-component---detailRU--snappedTitle-inner\")][contains(text(), \"WdIORUEquip1r9667\")]"}
RESULT: {"using":"xpath","value":"//span[contains(@id ,\"application-manageresources-display-component---detailRU--snappedTitle-inner\")][contains(text(), \"WdIORUEquip1r9667\")]"}
COMMAND: POST /session/5a996439f29f64f375155c098e6d3fe0/element - {"using":"xpath","value":"//span[contains(@id ,\"application-manageresources-display-component---detailRU--snappedTitle-inner\")][contains(text(), \"WdIORUEquip1r9667\")]"}
RESULT: {"using":"xpath","value":"//span[contains(@id ,\"application-manageresources-display-component---detailRU--snappedTitle-inner\")][contains(text(), \"WdIORUEquip1r9667\")]"}
COMMAND: POST /session/5a996439f29f64f375155c098e6d3fe0/element - {"using":"xpath","value":"//a[contains(@class ,\"sapMLnk sapMLnkMaxWidth sapUiTinyMarginTop\")][contains(text(), \"Yard Overview\")]"}
RESULT: {"using":"xpath","value":"//a[contains(@class ,\"sapMLnk sapMLnkMaxWidth sapUiTinyMarginTop\")][contains(text(), \"Yard Overview\")]"}
COMMAND: POST /session/5a996439f29f64f375155c098e6d3fe0/execute/sync - {"script":"<script> [8489 bytes]","args":[{"element-6066-11e4-a52e-4f735466cecf":"f.6EEA461E792C481BE58B9946AB04CA3F.d.B997DAD1C6CDC7B466C0E0A87DB25B34.e.3245","ELEMENT":"f.6EEA461E792C481BE58B9946AB04CA3F.d.B997DAD1C6CDC7B466C0E0A87DB25B34.e.3245"}]}
COMMAND: POST /session/5a996439f29f64f375155c098e6d3fe0/element - {"using":"xpath","value":"//a[contains(@class ,\"sapMLnk sapMLnkMaxWidth sapUiTinyMarginTop\")][contains(text(), \"Yard Address\")]"}
RESULT: {"script":"<script> [8489 bytes]","args":[{"element-6066-11e4-a52e-4f735466cecf":"f.6EEA461E792C481BE58B9946AB04CA3F.d.B997DAD1C6CDC7B466C0E0A87DB25B34.e.3245","ELEMENT":"f.6EEA461E792C481BE58B9946AB04CA3F.d.B997DAD1C6CDC7B466C0E0A87DB25B34.e.3245"}]}
COMMAND: GET /session/5a996439f29f64f375155c098e6d3fe0/screenshot - {}
RESULT: {"using":"xpath","value":"//a[contains(@class ,\"sapMLnk sapMLnkMaxWidth sapUiTinyMarginTop\")][contains(text(), \"Yard Address\")]"}
COMMAND: POST /session/5a996439f29f64f375155c098e6d3fe0/execute/sync - {"script":"<script> [8489 bytes]","args":[{"element-6066-11e4-a52e-4f735466cecf":"f.6EEA461E792C481BE58B9946AB04CA3F.d.B997DAD1C6CDC7B466C0E0A87DB25B34.e.3246","ELEMENT":"f.6EEA461E792C481BE58B9946AB04CA3F.d.B997DAD1C6CDC7B466C0E0A87DB25B34.e.3246"}]}
COMMAND: POST /session/5a996439f29f64f375155c098e6d3fe0/element/f.6EEA461E792C481BE58B9946AB04CA3F.d.B997DAD1C6CDC7B466C0E0A87DB25B34.e.3245/click - {}
RESULT: {}
COMMAND: POST /session/5a996439f29f64f375155c098e6d3fe0/element - {"using":"xpath","value":"//span[contains(@id ,\"application-manageresources-display-component---detailRU--snappedTitle-inner\")][contains(text(), \"WdIORUEquip1r9667\")]"}
RESULT: {}
COMMAND: GET /session/5a996439f29f64f375155c098e6d3fe0/screenshot - {}
RESULT: {"script":"<script> [8489 bytes]","args":[{"element-6066-11e4-a52e-4f735466cecf":"f.6EEA461E792C481BE58B9946AB04CA3F.d.B997DAD1C6CDC7B466C0E0A87DB25B34.e.3246","ELEMENT":"f.6EEA461E792C481BE58B9946AB04CA3F.d.B997DAD1C6CDC7B466C0E0A87DB25B34.e.3246"}]}
COMMAND: GET /session/5a996439f29f64f375155c098e6d3fe0/screenshot - {}
RESULT: {"using":"xpath","value":"//span[contains(@id ,\"application-manageresources-display-component---detailRU--snappedTitle-inner\")][contains(text(), \"WdIORUEquip1r9667\")]"}
COMMAND: POST /session/5a996439f29f64f375155c098e6d3fe0/execute/sync - {"script":"<script> [8489 bytes]","args":[{"element-6066-11e4-a52e-4f735466cecf":"f.6EEA461E792C481BE58B9946AB04CA3F.d.B997DAD1C6CDC7B466C0E0A87DB25B34.e.3246","ELEMENT":"f.6EEA461E792C481BE58B9946AB04CA3F.d.B997DAD1C6CDC7B466C0E0A87DB25B34.e.3246"}]}
RESULT: {}
RESULT: {}
RESULT: {"script":"<script> [8489 bytes]","args":[{"element-6066-11e4-a52e-4f735466cecf":"f.6EEA461E792C481BE58B9946AB04CA3F.d.B997DAD1C6CDC7B466C0E0A87DB25B34.e.3246","ELEMENT":"f.6EEA461E792C481BE58B9946AB04CA3F.d.B997DAD1C6CDC7B466C0E0A87DB25B34.e.3246"}]}
COMMAND: GET /session/5a996439f29f64f375155c098e6d3fe0/screenshot - {}
COMMAND: POST /session/5a996439f29f64f375155c098e6d3fe0/element - {"using":"xpath","value":"//span[contains(@id ,\"application-manageresources-display-component---detailRU--snappedTitle-inner\")][contains(text(), \"WdIORUEquip1r9667\")]"}
RESULT: {}
RESULT: {"using":"xpath","value":"//span[contains(@id ,\"application-manageresources-display-component---detailRU--snappedTitle-inner\")][contains(text(), \"WdIORUEquip1r9667\")]"}
COMMAND: POST /session/5a996439f29f64f375155c098e6d3fe0/execute/sync - {"script":"<script> [8489 bytes]","args":[{"element-6066-11e4-a52e-4f735466cecf":"f.6EEA461E792C481BE58B9946AB04CA3F.d.B997DAD1C6CDC7B466C0E0A87DB25B34.e.3246","ELEMENT":"f.6EEA461E792C481BE58B9946AB04CA3F.d.B997DAD1C6CDC7B466C0E0A87DB25B34.e.3246"}]}
COMMAND: POST /session/5a996439f29f64f375155c098e6d3fe0/element - {"using":"xpath","value":"//span[contains(@id ,\"application-manageresources-display-component---detailRU--snappedTitle-inner\")][contains(text(), \"WdIORUEquip1r9667\")]"}
RESULT: {"script":"<script> [8489 bytes]","args":[{"element-6066-11e4-a52e-4f735466cecf":"f.6EEA461E792C481BE58B9946AB04CA3F.d.B997DAD1C6CDC7B466C0E0A87DB25B34.e.3246","ELEMENT":"f.6EEA461E792C481BE58B9946AB04CA3F.d.B997DAD1C6CDC7B466C0E0A87DB25B34.e.3246"}]}
COMMAND: GET /session/5a996439f29f64f375155c098e6d3fe0/screenshot - {}
COMMAND: POST /session/5a996439f29f64f375155c098e6d3fe0/execute/sync - {"script":"<script> [8489 bytes]","args":[{"element-6066-11e4-a52e-4f735466cecf":"f.6EEA461E792C481BE58B9946AB04CA3F.d.B997DAD1C6CDC7B466C0E0A87DB25B34.e.3246","ELEMENT":"f.6EEA461E792C481BE58B9946AB04CA3F.d.B997DAD1C6CDC7B466C0E0A87DB25B34.e.3246"}]}
RESULT: {"using":"xpath","value":"//span[contains(@id ,\"application-manageresources-display-component---detailRU--snappedTitle-inner\")][contains(text(), \"WdIORUEquip1r9667\")]"}
RESULT: {}
COMMAND: POST /session/5a996439f29f64f375155c098e6d3fe0/element - {"using":"xpath","value":"//a[contains(@class ,\"sapMLnk sapMLnkMaxWidth sapUiTinyMarginTop\")][contains(text(), \"Yard Address\")]"}
RESULT: {"using":"xpath","value":"//a[contains(@class ,\"sapMLnk sapMLnkMaxWidth sapUiTinyMarginTop\")][contains(text(), \"Yard Address\")]"}
COMMAND: POST /session/5a996439f29f64f375155c098e6d3fe0/element - {"using":"xpath","value":"//a[contains(@class ,\"sapMLnk sapMLnkMaxWidth sapUiTinyMarginTop\")][contains(text(), \"Yard Address\")]"}
RESULT: {"using":"xpath","value":"//a[contains(@class ,\"sapMLnk sapMLnkMaxWidth sapUiTinyMarginTop\")][contains(text(), \"Yard Address\")]"}
COMMAND: POST /session/5a996439f29f64f375155c098e6d3fe0/element - {"using":"xpath","value":"//span[contains(@id ,\"application-manageresources-display-component---detailRU--snappedTitle-inner\")][contains(text(), \"WdIORUEquip1r9667\")]"}
COMMAND: POST /session/5a996439f29f64f375155c098e6d3fe0/element - {"using":"xpath","value":"//a[contains(@class ,\"sapMLnk sapMLnkMaxWidth sapUiTinyMarginTop\")][contains(text(), \"Yard Address\")]"}
RESULT: {"using":"xpath","value":"//span[contains(@id ,\"application-manageresources-display-component---detailRU--snappedTitle-inner\")][contains(text(), \"WdIORUEquip1r9667\")]"}
RESULT: {"using":"xpath","value":"//a[contains(@class ,\"sapMLnk sapMLnkMaxWidth sapUiTinyMarginTop\")][contains(text(), \"Yard Address\")]"}
COMMAND: POST /session/5a996439f29f64f375155c098e6d3fe0/element - {"using":"xpath","value":"//span[contains(@id ,\"application-manageresources-display-component---detailRU--snappedTitle-inner\")][contains(text(), \"WdIORUEquip1r9667\")]"}
COMMAND: POST /session/5a996439f29f64f375155c098e6d3fe0/element - {"using":"xpath","value":"//a[contains(@class ,\"sapMLnk sapMLnkMaxWidth sapUiTinyMarginTop\")][contains(text(), \"Yard Address\")]"}
RESULT: {"using":"xpath","value":"//span[contains(@id ,\"application-manageresources-display-component---detailRU--snappedTitle-inner\")][contains(text(), \"WdIORUEquip1r9667\")]"}
RESULT: {"using":"xpath","value":"//a[contains(@class ,\"sapMLnk sapMLnkMaxWidth sapUiTinyMarginTop\")][contains(text(), \"Yard Address\")]"}
COMMAND: POST /session/5a996439f29f64f375155c098e6d3fe0/element - {"using":"xpath","value":"//span[contains(@id ,\"application-manageresources-display-component---detailRU--snappedTitle-inner\")][contains(text(), \"WdIORUEquip1r9667\")]"}
COMMAND: POST /session/5a996439f29f64f375155c098e6d3fe0/element - {"using":"xpath","value":"//a[contains(@class ,\"sapMLnk sapMLnkMaxWidth sapUiTinyMarginTop\")][contains(text(), \"Yard Address\")]"}
RESULT: {"using":"xpath","value":"//span[contains(@id ,\"application-manageresources-display-component---detailRU--snappedTitle-inner\")][contains(text(), \"WdIORUEquip1r9667\")]"}
RESULT: {"using":"xpath","value":"//a[contains(@class ,\"sapMLnk sapMLnkMaxWidth sapUiTinyMarginTop\")][contains(text(), \"Yard Address\")]"}
COMMAND: POST /session/5a996439f29f64f375155c098e6d3fe0/element - {"using":"xpath","value":"//span[contains(@id ,\"application-manageresources-display-component---detailRU--snappedTitle-inner\")][contains(text(), \"WdIORUEquip1r9667\")]"}
RESULT: {"using":"xpath","value":"//span[contains(@id ,\"application-manageresources-display-component---detailRU--snappedTitle-inner\")][contains(text(), \"WdIORUEquip1r9667\")]"}
COMMAND: POST /session/5a996439f29f64f375155c098e6d3fe0/element - {"using":"xpath","value":"//a[contains(@class ,\"sapMLnk sapMLnkMaxWidth sapUiTinyMarginTop\")][contains(text(), \"Yard Address\")]"}
RESULT: {"using":"xpath","value":"//a[contains(@class ,\"sapMLnk sapMLnkMaxWidth sapUiTinyMarginTop\")][contains(text(), \"Yard Address\")]"}
COMMAND: POST /session/5a996439f29f64f375155c098e6d3fe0/element - {"using":"xpath","value":"//span[contains(@id ,\"application-manageresources-display-component---detailRU--snappedTitle-inner\")][contains(text(), \"WdIORUEquip1r9667\")]"}
RESULT: {"using":"xpath","value":"//span[contains(@id ,\"application-manageresources-display-component---detailRU--snappedTitle-inner\")][contains(text(), \"WdIORUEquip1r9667\")]"}
COMMAND: POST /session/5a996439f29f64f375155c098e6d3fe0/element - {"using":"xpath","value":"//a[contains(@class ,\"sapMLnk sapMLnkMaxWidth sapUiTinyMarginTop\")][contains(text(), \"Yard Address\")]"}
RESULT: {"using":"xpath","value":"//a[contains(@class ,\"sapMLnk sapMLnkMaxWidth sapUiTinyMarginTop\")][contains(text(), \"Yard Address\")]"}
COMMAND: POST /session/5a996439f29f64f375155c098e6d3fe0/element - {"using":"xpath","value":"//span[contains(@id ,\"application-manageresources-display-component---detailRU--snappedTitle-inner\")][contains(text(), \"WdIORUEquip1r9667\")]"}
RESULT: {"using":"xpath","value":"//span[contains(@id ,\"application-manageresources-display-component---detailRU--snappedTitle-inner\")][contains(text(), \"WdIORUEquip1r9667\")]"}
COMMAND: POST /session/5a996439f29f64f375155c098e6d3fe0/element - {"using":"xpath","value":"//a[contains(@class ,\"sapMLnk sapMLnkMaxWidth sapUiTinyMarginTop\")][contains(text(), \"Yard Address\")]"}
RESULT: {"using":"xpath","value":"//a[contains(@class ,\"sapMLnk sapMLnkMaxWidth sapUiTinyMarginTop\")][contains(text(), \"Yard Address\")]"}
COMMAND: POST /session/5a996439f29f64f375155c098e6d3fe0/element - {"using":"xpath","value":"//span[contains(@id ,\"application-manageresources-display-component---detailRU--snappedTitle-inner\")][contains(text(), \"WdIORUEquip1r9667\")]"}
RESULT: {"using":"xpath","value":"//span[contains(@id ,\"application-manageresources-display-component---detailRU--snappedTitle-inner\")][contains(text(), \"WdIORUEquip1r9667\")]"}
COMMAND: POST /session/5a996439f29f64f375155c098e6d3fe0/element - {"using":"xpath","value":"//a[contains(@class ,\"sapMLnk sapMLnkMaxWidth sapUiTinyMarginTop\")][contains(text(), \"Yard Address\")]"}
RESULT: {"using":"xpath","value":"//a[contains(@class ,\"sapMLnk sapMLnkMaxWidth sapUiTinyMarginTop\")][contains(text(), \"Yard Address\")]"}
COMMAND: POST /session/5a996439f29f64f375155c098e6d3fe0/element - {"using":"xpath","value":"//span[contains(@id ,\"application-manageresources-display-component---detailRU--snappedTitle-inner\")][contains(text(), \"WdIORUEquip1r9667\")]"}
RESULT: {"using":"xpath","value":"//span[contains(@id ,\"application-manageresources-display-component---detailRU--snappedTitle-inner\")][contains(text(), \"WdIORUEquip1r9667\")]"}
COMMAND: POST /session/5a996439f29f64f375155c098e6d3fe0/element - {"using":"xpath","value":"//a[contains(@class ,\"sapMLnk sapMLnkMaxWidth sapUiTinyMarginTop\")][contains(text(), \"Yard Address\")]"}
RESULT: {"using":"xpath","value":"//a[contains(@class ,\"sapMLnk sapMLnkMaxWidth sapUiTinyMarginTop\")][contains(text(), \"Yard Address\")]"}
COMMAND: POST /session/5a996439f29f64f375155c098e6d3fe0/element - {"using":"xpath","value":"//span[contains(@id ,\"application-manageresources-display-component---detailRU--snappedTitle-inner\")][contains(text(), \"WdIORUEquip1r9667\")]"}
RESULT: {"using":"xpath","value":"//span[contains(@id ,\"application-manageresources-display-component---detailRU--snappedTitle-inner\")][contains(text(), \"WdIORUEquip1r9667\")]"}
COMMAND: POST /session/5a996439f29f64f375155c098e6d3fe0/element - {"using":"xpath","value":"//a[contains(@class ,\"sapMLnk sapMLnkMaxWidth sapUiTinyMarginTop\")][contains(text(), \"Yard Address\")]"}
RESULT: {"using":"xpath","value":"//a[contains(@class ,\"sapMLnk sapMLnkMaxWidth sapUiTinyMarginTop\")][contains(text(), \"Yard Address\")]"}
COMMAND: POST /session/5a996439f29f64f375155c098e6d3fe0/element - {"using":"xpath","value":"//span[contains(@id ,\"application-manageresources-display-component---detailRU--snappedTitle-inner\")][contains(text(), \"WdIORUEquip1r9667\")]"}
RESULT: {"using":"xpath","value":"//span[contains(@id ,\"application-manageresources-display-component---detailRU--snappedTitle-inner\")][contains(text(), \"WdIORUEquip1r9667\")]"}
COMMAND: POST /session/5a996439f29f64f375155c098e6d3fe0/element - {"using":"xpath","value":"//a[contains(@class ,\"sapMLnk sapMLnkMaxWidth sapUiTinyMarginTop\")][contains(text(), \"Yard Address\")]"}
RESULT: {"using":"xpath","value":"//a[contains(@class ,\"sapMLnk sapMLnkMaxWidth sapUiTinyMarginTop\")][contains(text(), \"Yard Address\")]"}
COMMAND: POST /session/5a996439f29f64f375155c098e6d3fe0/element - {"using":"xpath","value":"//span[contains(@id ,\"application-manageresources-display-component---detailRU--snappedTitle-inner\")][contains(text(), \"WdIORUEquip1r9667\")]"}
RESULT: {"using":"xpath","value":"//span[contains(@id ,\"application-manageresources-display-component---detailRU--snappedTitle-inner\")][contains(text(), \"WdIORUEquip1r9667\")]"}
COMMAND: POST /session/5a996439f29f64f375155c098e6d3fe0/element - {"using":"xpath","value":"//a[contains(@class ,\"sapMLnk sapMLnkMaxWidth sapUiTinyMarginTop\")][contains(text(), \"Yard Address\")]"}
RESULT: {"using":"xpath","value":"//a[contains(@class ,\"sapMLnk sapMLnkMaxWidth sapUiTinyMarginTop\")][contains(text(), \"Yard Address\")]"}
COMMAND: POST /session/5a996439f29f64f375155c098e6d3fe0/element - {"using":"xpath","value":"//span[contains(@id ,\"application-manageresources-display-component---detailRU--snappedTitle-inner\")][contains(text(), \"WdIORUEquip1r9667\")]"}
RESULT: {"using":"xpath","value":"//span[contains(@id ,\"application-manageresources-display-component---detailRU--snappedTitle-inner\")][contains(text(), \"WdIORUEquip1r9667\")]"}
COMMAND: POST /session/5a996439f29f64f375155c098e6d3fe0/element - {"using":"xpath","value":"//a[contains(@class ,\"sapMLnk sapMLnkMaxWidth sapUiTinyMarginTop\")][contains(text(), \"Yard Address\")]"}
RESULT: {"using":"xpath","value":"//a[contains(@class ,\"sapMLnk sapMLnkMaxWidth sapUiTinyMarginTop\")][contains(text(), \"Yard Address\")]"}
COMMAND: POST /session/5a996439f29f64f375155c098e6d3fe0/element - {"using":"xpath","value":"//span[contains(@id ,\"application-manageresources-display-component---detailRU--snappedTitle-inner\")][contains(text(), \"WdIORUEquip1r9667\")]"}
RESULT: {"using":"xpath","value":"//span[contains(@id ,\"application-manageresources-display-component---detailRU--snappedTitle-inner\")][contains(text(), \"WdIORUEquip1r9667\")]"}
COMMAND: POST /session/5a996439f29f64f375155c098e6d3fe0/element - {"using":"xpath","value":"//a[contains(@class ,\"sapMLnk sapMLnkMaxWidth sapUiTinyMarginTop\")][contains(text(), \"Yard Address\")]"}
RESULT: {"using":"xpath","value":"//a[contains(@class ,\"sapMLnk sapMLnkMaxWidth sapUiTinyMarginTop\")][contains(text(), \"Yard Address\")]"}
COMMAND: POST /session/5a996439f29f64f375155c098e6d3fe0/element - {"using":"xpath","value":"//span[contains(@id ,\"application-manageresources-display-component---detailRU--snappedTitle-inner\")][contains(text(), \"WdIORUEquip1r9667\")]"}
RESULT: {"using":"xpath","value":"//span[contains(@id ,\"application-manageresources-display-component---detailRU--snappedTitle-inner\")][contains(text(), \"WdIORUEquip1r9667\")]"}
COMMAND: POST /session/5a996439f29f64f375155c098e6d3fe0/element - {"using":"xpath","value":"//a[contains(@class ,\"sapMLnk sapMLnkMaxWidth sapUiTinyMarginTop\")][contains(text(), \"Yard Address\")]"}
RESULT: {"using":"xpath","value":"//a[contains(@class ,\"sapMLnk sapMLnkMaxWidth sapUiTinyMarginTop\")][contains(text(), \"Yard Address\")]"}
RESULT: undefined
COMMAND: POST /session/5a996439f29f64f375155c098e6d3fe0/execute/async - {"script":"<script> [6424 bytes]","args":[{"element-6066-11e4-a52e-4f735466cecf":"f.6EEA461E792C481BE58B9946AB04CA3F.d.B997DAD1C6CDC7B466C0E0A87DB25B34.e.2724"},"getTitle",[]]}
COMMAND: POST /session/5a996439f29f64f375155c098e6d3fe0/execute/async - {"script":"<script> [1562 bytes]","args":[{"selector":{"id":"shellAppTitle"},"wdio_ui5_key":"shellAppTitle"}]}
COMMAND: POST /session/5a996439f29f64f375155c098e6d3fe0/element - {"using":"xpath","value":"//span[contains(@id ,\"application-manageresources-display-component---detailRU--snappedTitle-inner\")][contains(text(), \"WdIORUEquip1r9667\")]"}
RESULT: {"script":"<script> [1562 bytes]","args":[{"selector":{"id":"shellAppTitle"},"wdio_ui5_key":"shellAppTitle"}]}
COMMAND: POST /session/5a996439f29f64f375155c098e6d3fe0/execute/async - {"script":"<script> [6424 bytes]","args":[{"element-6066-11e4-a52e-4f735466cecf":"f.6EEA461E792C481BE58B9946AB04CA3F.d.B997DAD1C6CDC7B466C0E0A87DB25B34.e.3375"},"getTitle",[]]}
RESULT: {"using":"xpath","value":"//span[contains(@id ,\"application-manageresources-display-component---detailRU--snappedTitle-inner\")][contains(text(), \"WdIORUEquip1r9667\")]"}
COMMAND: POST /session/5a996439f29f64f375155c098e6d3fe0/element - {"using":"xpath","value":"//a[contains(@class ,\"sapMLnk sapMLnkMaxWidth sapUiTinyMarginTop\")][contains(text(), \"Yard Address\")]"}
RESULT: {"script":"<script> [6424 bytes]","args":[{"element-6066-11e4-a52e-4f735466cecf":"f.6EEA461E792C481BE58B9946AB04CA3F.d.B997DAD1C6CDC7B466C0E0A87DB25B34.e.3375"},"getTitle",[]]}
COMMAND: POST /session/5a996439f29f64f375155c098e6d3fe0/element - {"using":"xpath","value":"(//span[contains(text(), \"WebdriverYardtiqos\")])[2]"}
RESULT: {"using":"xpath","value":"//a[contains(@class ,\"sapMLnk sapMLnkMaxWidth sapUiTinyMarginTop\")][contains(text(), \"Yard Address\")]"}
RESULT: {"using":"xpath","value":"(//span[contains(text(), \"WebdriverYardtiqos\")])[2]"}
COMMAND: POST /session/5a996439f29f64f375155c098e6d3fe0/execute/sync - {"script":"<script> [8489 bytes]","args":[{"element-6066-11e4-a52e-4f735466cecf":"f.6EEA461E792C481BE58B9946AB04CA3F.d.B997DAD1C6CDC7B466C0E0A87DB25B34.e.3376","ELEMENT":"f.6EEA461E792C481BE58B9946AB04CA3F.d.B997DAD1C6CDC7B466C0E0A87DB25B34.e.3376"}]}
RESULT: undefined
COMMAND: POST /session/5a996439f29f64f375155c098e6d3fe0/element - {"using":"xpath","value":"//*[@id=\"backBtn\"]"}
RESULT: {"script":"<script> [8489 bytes]","args":[{"element-6066-11e4-a52e-4f735466cecf":"f.6EEA461E792C481BE58B9946AB04CA3F.d.B997DAD1C6CDC7B466C0E0A87DB25B34.e.3376","ELEMENT":"f.6EEA461E792C481BE58B9946AB04CA3F.d.B997DAD1C6CDC7B466C0E0A87DB25B34.e.3376"}]}
COMMAND: POST /session/5a996439f29f64f375155c098e6d3fe0/element - {"using":"xpath","value":"//span[contains(@id ,\"application-manageresources-display-component---detailRU--snappedTitle-inner\")][contains(text(), \"WdIORUEquip1r9667\")]"}
COMMAND: GET /session/5a996439f29f64f375155c098e6d3fe0/screenshot - {}
RESULT: {"using":"xpath","value":"//*[@id=\"backBtn\"]"}
COMMAND: POST /session/5a996439f29f64f375155c098e6d3fe0/element/f.6EEA461E792C481BE58B9946AB04CA3F.d.B997DAD1C6CDC7B466C0E0A87DB25B34.e.2726/click - {}
RESULT: {"using":"xpath","value":"//span[contains(@id ,\"application-manageresources-display-component---detailRU--snappedTitle-inner\")][contains(text(), \"WdIORUEquip1r9667\")]"}
RESULT: {}
RESULT: {}
COMMAND: GET /session/5a996439f29f64f375155c098e6d3fe0/screenshot - {}
COMMAND: POST /session/5a996439f29f64f375155c098e6d3fe0/element - {"using":"xpath","value":"//a[contains(@class ,\"sapMLnk sapMLnkMaxWidth sapUiTinyMarginTop\")][contains(text(), \"Yard Address\")]"}
COMMAND: POST /session/5a996439f29f64f375155c098e6d3fe0/execute/sync - {"script":"<script> [8489 bytes]","args":[{"element-6066-11e4-a52e-4f735466cecf":"f.6EEA461E792C481BE58B9946AB04CA3F.d.B997DAD1C6CDC7B466C0E0A87DB25B34.e.3376","ELEMENT":"f.6EEA461E792C481BE58B9946AB04CA3F.d.B997DAD1C6CDC7B466C0E0A87DB25B34.e.3376"}]}
COMMAND: POST /session/5a996439f29f64f375155c098e6d3fe0/element - {"using":"xpath","value":"//span[contains(@id ,\"application-manageresources-display-component---detailRU--snappedTitle-inner\")][contains(text(), \"WdIORUEquip1r9667\")]"}
RESULT: {}
RESULT: {"using":"xpath","value":"//a[contains(@class ,\"sapMLnk sapMLnkMaxWidth sapUiTinyMarginTop\")][contains(text(), \"Yard Address\")]"}
COMMAND: POST /session/5a996439f29f64f375155c098e6d3fe0/element - {"using":"xpath","value":"(//span[contains(text(), \"WebdriverYardtiqos\")])[2]"}
RESULT: {"using":"xpath","value":"//span[contains(@id ,\"application-manageresources-display-component---detailRU--snappedTitle-inner\")][contains(text(), \"WdIORUEquip1r9667\")]"}
RESULT: {"using":"xpath","value":"(//span[contains(text(), \"WebdriverYardtiqos\")])[2]"}
COMMAND: POST /session/5a996439f29f64f375155c098e6d3fe0/element - {"using":"xpath","value":"(//span[contains(text(), \"WebdriverYardtiqos\")])[2]"}
RESULT: {"using":"xpath","value":"(//span[contains(text(), \"WebdriverYardtiqos\")])[2]"}
COMMAND: POST /session/5a996439f29f64f375155c098e6d3fe0/element - {"using":"xpath","value":"//a[contains(@class ,\"sapMLnk sapMLnkMaxWidth sapUiTinyMarginTop\")][contains(text(), \"Yard Address\")]"}
COMMAND: POST /session/5a996439f29f64f375155c098e6d3fe0/element - {"using":"xpath","value":"//span[contains(@id ,\"application-manageresources-display-component---detailRU--snappedTitle-inner\")][contains(text(), \"WdIORUEquip1r9667\")]"}
RESULT: {"using":"xpath","value":"//a[contains(@class ,\"sapMLnk sapMLnkMaxWidth sapUiTinyMarginTop\")][contains(text(), \"Yard Address\")]"}
COMMAND: POST /session/5a996439f29f64f375155c098e6d3fe0/element - {"using":"xpath","value":"(//span[contains(text(), \"WebdriverYardtiqos\")])[2]"}
RESULT: {"using":"xpath","value":"//span[contains(@id ,\"application-manageresources-display-component---detailRU--snappedTitle-inner\")][contains(text(), \"WdIORUEquip1r9667\")]"}
RESULT: {"using":"xpath","value":"(//span[contains(text(), \"WebdriverYardtiqos\")])[2]"}
COMMAND: POST /session/5a996439f29f64f375155c098e6d3fe0/element - {"using":"xpath","value":"//a[contains(@class ,\"sapMLnk sapMLnkMaxWidth sapUiTinyMarginTop\")][contains(text(), \"Yard Address\")]"}
COMMAND: POST /session/5a996439f29f64f375155c098e6d3fe0/element - {"using":"xpath","value":"//span[contains(@id ,\"application-manageresources-display-component---detailRU--snappedTitle-inner\")][contains(text(), \"WdIORUEquip1r9667\")]"}
COMMAND: POST /session/5a996439f29f64f375155c098e6d3fe0/element - {"using":"xpath","value":"(//span[contains(text(), \"WebdriverYardtiqos\")])[2]"}
RESULT: {"using":"xpath","value":"//a[contains(@class ,\"sapMLnk sapMLnkMaxWidth sapUiTinyMarginTop\")][contains(text(), \"Yard Address\")]"}
RESULT: {"using":"xpath","value":"//span[contains(@id ,\"application-manageresources-display-component---detailRU--snappedTitle-inner\")][contains(text(), \"WdIORUEquip1r9667\")]"}
RESULT: {"using":"xpath","value":"(//span[contains(text(), \"WebdriverYardtiqos\")])[2]"}
COMMAND: POST /session/5a996439f29f64f375155c098e6d3fe0/element - {"using":"xpath","value":"//a[contains(@class ,\"sapMLnk sapMLnkMaxWidth sapUiTinyMarginTop\")][contains(text(), \"Yard Address\")]"}
RESULT: {"using":"xpath","value":"//a[contains(@class ,\"sapMLnk sapMLnkMaxWidth sapUiTinyMarginTop\")][contains(text(), \"Yard Address\")]"}
COMMAND: POST /session/5a996439f29f64f375155c098e6d3fe0/element - {"using":"xpath","value":"//span[contains(@id ,\"application-manageresources-display-component---detailRU--snappedTitle-inner\")][contains(text(), \"WdIORUEquip1r9667\")]"}
RESULT: {"using":"xpath","value":"//span[contains(@id ,\"application-manageresources-display-component---detailRU--snappedTitle-inner\")][contains(text(), \"WdIORUEquip1r9667\")]"}
COMMAND: POST /session/5a996439f29f64f375155c098e6d3fe0/element - {"using":"xpath","value":"(//span[contains(text(), \"WebdriverYardtiqos\")])[2]"}
RESULT: {"using":"xpath","value":"(//span[contains(text(), \"WebdriverYardtiqos\")])[2]"}
COMMAND: POST /session/5a996439f29f64f375155c098e6d3fe0/execute/sync - {"script":"<script> [8489 bytes]","args":[{"element-6066-11e4-a52e-4f735466cecf":"f.6EEA461E792C481BE58B9946AB04CA3F.d.B997DAD1C6CDC7B466C0E0A87DB25B34.e.3738","ELEMENT":"f.6EEA461E792C481BE58B9946AB04CA3F.d.B997DAD1C6CDC7B466C0E0A87DB25B34.e.3738"}]}
RESULT: {"script":"<script> [8489 bytes]","args":[{"element-6066-11e4-a52e-4f735466cecf":"f.6EEA461E792C481BE58B9946AB04CA3F.d.B997DAD1C6CDC7B466C0E0A87DB25B34.e.3738","ELEMENT":"f.6EEA461E792C481BE58B9946AB04CA3F.d.B997DAD1C6CDC7B466C0E0A87DB25B34.e.3738"}]}
COMMAND: GET /session/5a996439f29f64f375155c098e6d3fe0/screenshot - {}
RESULT: {}
COMMAND: POST /session/5a996439f29f64f375155c098e6d3fe0/element - {"using":"xpath","value":"//a[contains(@class ,\"sapMLnk sapMLnkMaxWidth sapUiTinyMarginTop\")][contains(text(), \"Yard Address\")]"}
RESULT: {"using":"xpath","value":"//a[contains(@class ,\"sapMLnk sapMLnkMaxWidth sapUiTinyMarginTop\")][contains(text(), \"Yard Address\")]"}
COMMAND: POST /session/5a996439f29f64f375155c098e6d3fe0/element - {"using":"xpath","value":"//span[contains(@id ,\"application-manageresources-display-component---detailRU--snappedTitle-inner\")][contains(text(), \"WdIORUEquip1r9667\")]"}
RESULT: {"using":"xpath","value":"//span[contains(@id ,\"application-manageresources-display-component---detailRU--snappedTitle-inner\")][contains(text(), \"WdIORUEquip1r9667\")]"}
COMMAND: POST /session/5a996439f29f64f375155c098e6d3fe0/element - {"using":"xpath","value":"//a[contains(@class ,\"sapMLnk sapMLnkMaxWidth sapUiTinyMarginTop\")][contains(text(), \"Yard Address\")]"}
RESULT: {"using":"xpath","value":"//a[contains(@class ,\"sapMLnk sapMLnkMaxWidth sapUiTinyMarginTop\")][contains(text(), \"Yard Address\")]"}
COMMAND: POST /session/5a996439f29f64f375155c098e6d3fe0/element - {"using":"xpath","value":"//span[contains(@id ,\"application-manageresources-display-component---detailRU--snappedTitle-inner\")][contains(text(), \"WdIORUEquip1r9667\")]"}
RESULT: {"using":"xpath","value":"//span[contains(@id ,\"application-manageresources-display-component---detailRU--snappedTitle-inner\")][contains(text(), \"WdIORUEquip1r9667\")]"}
COMMAND: POST /session/5a996439f29f64f375155c098e6d3fe0/element - {"using":"xpath","value":"//a[contains(@class ,\"sapMLnk sapMLnkMaxWidth sapUiTinyMarginTop\")][contains(text(), \"Yard Address\")]"}
RESULT: {"using":"xpath","value":"//a[contains(@class ,\"sapMLnk sapMLnkMaxWidth sapUiTinyMarginTop\")][contains(text(), \"Yard Address\")]"}
COMMAND: POST /session/5a996439f29f64f375155c098e6d3fe0/element - {"using":"xpath","value":"//span[contains(@id ,\"application-manageresources-display-component---detailRU--snappedTitle-inner\")][contains(text(), \"WdIORUEquip1r9667\")]"}
RESULT: {"using":"xpath","value":"//span[contains(@id ,\"application-manageresources-display-component---detailRU--snappedTitle-inner\")][contains(text(), \"WdIORUEquip1r9667\")]"}
COMMAND: POST /session/5a996439f29f64f375155c098e6d3fe0/element - {"using":"xpath","value":"//a[contains(@class ,\"sapMLnk sapMLnkMaxWidth sapUiTinyMarginTop\")][contains(text(), \"Yard Address\")]"}
RESULT: {"using":"xpath","value":"//a[contains(@class ,\"sapMLnk sapMLnkMaxWidth sapUiTinyMarginTop\")][contains(text(), \"Yard Address\")]"}
COMMAND: POST /session/5a996439f29f64f375155c098e6d3fe0/element - {"using":"xpath","value":"//span[contains(@id ,\"application-manageresources-display-component---detailRU--snappedTitle-inner\")][contains(text(), \"WdIORUEquip1r9667\")]"}
RESULT: {"using":"xpath","value":"//span[contains(@id ,\"application-manageresources-display-component---detailRU--snappedTitle-inner\")][contains(text(), \"WdIORUEquip1r9667\")]"}
COMMAND: POST /session/5a996439f29f64f375155c098e6d3fe0/element - {"using":"xpath","value":"//a[contains(@class ,\"sapMLnk sapMLnkMaxWidth sapUiTinyMarginTop\")][contains(text(), \"Yard Address\")]"}
RESULT: {"using":"xpath","value":"//a[contains(@class ,\"sapMLnk sapMLnkMaxWidth sapUiTinyMarginTop\")][contains(text(), \"Yard Address\")]"}
COMMAND: POST /session/5a996439f29f64f375155c098e6d3fe0/element - {"using":"xpath","value":"//span[contains(@id ,\"application-manageresources-display-component---detailRU--snappedTitle-inner\")][contains(text(), \"WdIORUEquip1r9667\")]"}
RESULT: {"using":"xpath","value":"//span[contains(@id ,\"application-manageresources-display-component---detailRU--snappedTitle-inner\")][contains(text(), \"WdIORUEquip1r9667\")]"}
COMMAND: POST /session/5a996439f29f64f375155c098e6d3fe0/element - {"using":"xpath","value":"//a[contains(@class ,\"sapMLnk sapMLnkMaxWidth sapUiTinyMarginTop\")][contains(text(), \"Yard Address\")]"}
RESULT: {"using":"xpath","value":"//a[contains(@class ,\"sapMLnk sapMLnkMaxWidth sapUiTinyMarginTop\")][contains(text(), \"Yard Address\")]"}
COMMAND: POST /session/5a996439f29f64f375155c098e6d3fe0/element - {"using":"xpath","value":"//span[contains(@id ,\"application-manageresources-display-component---detailRU--snappedTitle-inner\")][contains(text(), \"WdIORUEquip1r9667\")]"}
RESULT: {"using":"xpath","value":"//span[contains(@id ,\"application-manageresources-display-component---detailRU--snappedTitle-inner\")][contains(text(), \"WdIORUEquip1r9667\")]"}
COMMAND: POST /session/5a996439f29f64f375155c098e6d3fe0/element - {"using":"xpath","value":"//a[contains(@class ,\"sapMLnk sapMLnkMaxWidth sapUiTinyMarginTop\")][contains(text(), \"Yard Address\")]"}
RESULT: {"using":"xpath","value":"//a[contains(@class ,\"sapMLnk sapMLnkMaxWidth sapUiTinyMarginTop\")][contains(text(), \"Yard Address\")]"}
COMMAND: POST /session/5a996439f29f64f375155c098e6d3fe0/element - {"using":"xpath","value":"//span[contains(@id ,\"application-manageresources-display-component---detailRU--snappedTitle-inner\")][contains(text(), \"WdIORUEquip1r9667\")]"}
RESULT: {"using":"xpath","value":"//span[contains(@id ,\"application-manageresources-display-component---detailRU--snappedTitle-inner\")][contains(text(), \"WdIORUEquip1r9667\")]"}
COMMAND: POST /session/5a996439f29f64f375155c098e6d3fe0/element - {"using":"xpath","value":"//a[contains(@class ,\"sapMLnk sapMLnkMaxWidth sapUiTinyMarginTop\")][contains(text(), \"Yard Address\")]"}
RESULT: {"using":"xpath","value":"//a[contains(@class ,\"sapMLnk sapMLnkMaxWidth sapUiTinyMarginTop\")][contains(text(), \"Yard Address\")]"}
COMMAND: POST /session/5a996439f29f64f375155c098e6d3fe0/element - {"using":"xpath","value":"//span[contains(@id ,\"application-manageresources-display-component---detailRU--snappedTitle-inner\")][contains(text(), \"WdIORUEquip1r9667\")]"}
RESULT: {"using":"xpath","value":"//span[contains(@id ,\"application-manageresources-display-component---detailRU--snappedTitle-inner\")][contains(text(), \"WdIORUEquip1r9667\")]"}
COMMAND: POST /session/5a996439f29f64f375155c098e6d3fe0/element - {"using":"xpath","value":"//a[contains(@class ,\"sapMLnk sapMLnkMaxWidth sapUiTinyMarginTop\")][contains(text(), \"Yard Address\")]"}
RESULT: {"using":"xpath","value":"//a[contains(@class ,\"sapMLnk sapMLnkMaxWidth sapUiTinyMarginTop\")][contains(text(), \"Yard Address\")]"}
COMMAND: POST /session/5a996439f29f64f375155c098e6d3fe0/element - {"using":"xpath","value":"//span[contains(@id ,\"application-manageresources-display-component---detailRU--snappedTitle-inner\")][contains(text(), \"WdIORUEquip1r9667\")]"}
RESULT: {"using":"xpath","value":"//span[contains(@id ,\"application-manageresources-display-component---detailRU--snappedTitle-inner\")][contains(text(), \"WdIORUEquip1r9667\")]"}
COMMAND: POST /session/5a996439f29f64f375155c098e6d3fe0/element - {"using":"xpath","value":"//a[contains(@class ,\"sapMLnk sapMLnkMaxWidth sapUiTinyMarginTop\")][contains(text(), \"Yard Address\")]"}
RESULT: {"using":"xpath","value":"//a[contains(@class ,\"sapMLnk sapMLnkMaxWidth sapUiTinyMarginTop\")][contains(text(), \"Yard Address\")]"}
COMMAND: POST /session/5a996439f29f64f375155c098e6d3fe0/element - {"using":"xpath","value":"//span[contains(@id ,\"application-manageresources-display-component---detailRU--snappedTitle-inner\")][contains(text(), \"WdIORUEquip1r9667\")]"}
RESULT: {"using":"xpath","value":"//span[contains(@id ,\"application-manageresources-display-component---detailRU--snappedTitle-inner\")][contains(text(), \"WdIORUEquip1r9667\")]"}
COMMAND: POST /session/5a996439f29f64f375155c098e6d3fe0/element - {"using":"xpath","value":"//a[contains(@class ,\"sapMLnk sapMLnkMaxWidth sapUiTinyMarginTop\")][contains(text(), \"Yard Address\")]"}
COMMAND: POST /session/5a996439f29f64f375155c098e6d3fe0/element - {"using":"xpath","value":"//span[contains(@id ,\"application-manageresources-display-component---detailRU--snappedTitle-inner\")][contains(text(), \"WdIORUEquip1r9667\")]"}
RESULT: {"using":"xpath","value":"//a[contains(@class ,\"sapMLnk sapMLnkMaxWidth sapUiTinyMarginTop\")][contains(text(), \"Yard Address\")]"}
RESULT: {"using":"xpath","value":"//span[contains(@id ,\"application-manageresources-display-component---detailRU--snappedTitle-inner\")][contains(text(), \"WdIORUEquip1r9667\")]"}
COMMAND: POST /session/5a996439f29f64f375155c098e6d3fe0/element - {"using":"xpath","value":"//a[contains(@class ,\"sapMLnk sapMLnkMaxWidth sapUiTinyMarginTop\")][contains(text(), \"Yard Address\")]"}
COMMAND: POST /session/5a996439f29f64f375155c098e6d3fe0/element - {"using":"xpath","value":"//span[contains(@id ,\"application-manageresources-display-component---detailRU--snappedTitle-inner\")][contains(text(), \"WdIORUEquip1r9667\")]"}
RESULT: {"using":"xpath","value":"//a[contains(@class ,\"sapMLnk sapMLnkMaxWidth sapUiTinyMarginTop\")][contains(text(), \"Yard Address\")]"}
RESULT: {"using":"xpath","value":"//span[contains(@id ,\"application-manageresources-display-component---detailRU--snappedTitle-inner\")][contains(text(), \"WdIORUEquip1r9667\")]"}
COMMAND: POST /session/5a996439f29f64f375155c098e6d3fe0/element - {"using":"xpath","value":"//a[contains(@class ,\"sapMLnk sapMLnkMaxWidth sapUiTinyMarginTop\")][contains(text(), \"Yard Address\")]"}
RESULT: {"using":"xpath","value":"//a[contains(@class ,\"sapMLnk sapMLnkMaxWidth sapUiTinyMarginTop\")][contains(text(), \"Yard Address\")]"}
COMMAND: POST /session/5a996439f29f64f375155c098e6d3fe0/element - {"using":"xpath","value":"//span[contains(@id ,\"application-manageresources-display-component---detailRU--snappedTitle-inner\")][contains(text(), \"WdIORUEquip1r9667\")]"}
RESULT: {"using":"xpath","value":"//span[contains(@id ,\"application-manageresources-display-component---detailRU--snappedTitle-inner\")][contains(text(), \"WdIORUEquip1r9667\")]"}
COMMAND: POST /session/5a996439f29f64f375155c098e6d3fe0/element - {"using":"xpath","value":"//a[contains(@class ,\"sapMLnk sapMLnkMaxWidth sapUiTinyMarginTop\")][contains(text(), \"Yard Address\")]"}
RESULT: {"using":"xpath","value":"//a[contains(@class ,\"sapMLnk sapMLnkMaxWidth sapUiTinyMarginTop\")][contains(text(), \"Yard Address\")]"}
COMMAND: POST /session/5a996439f29f64f375155c098e6d3fe0/element - {"using":"xpath","value":"//span[contains(@id ,\"application-manageresources-display-component---detailRU--snappedTitle-inner\")][contains(text(), \"WdIORUEquip1r9667\")]"}
RESULT: {"using":"xpath","value":"//span[contains(@id ,\"application-manageresources-display-component---detailRU--snappedTitle-inner\")][contains(text(), \"WdIORUEquip1r9667\")]"}
COMMAND: POST /session/5a996439f29f64f375155c098e6d3fe0/element - {"using":"xpath","value":"//a[contains(@class ,\"sapMLnk sapMLnkMaxWidth sapUiTinyMarginTop\")][contains(text(), \"Yard Address\")]"}
RESULT: {"using":"xpath","value":"//a[contains(@class ,\"sapMLnk sapMLnkMaxWidth sapUiTinyMarginTop\")][contains(text(), \"Yard Address\")]"}
COMMAND: POST /session/5a996439f29f64f375155c098e6d3fe0/element - {"using":"xpath","value":"//span[contains(@id ,\"application-manageresources-display-component---detailRU--snappedTitle-inner\")][contains(text(), \"WdIORUEquip1r9667\")]"}
RESULT: {"using":"xpath","value":"//span[contains(@id ,\"application-manageresources-display-component---detailRU--snappedTitle-inner\")][contains(text(), \"WdIORUEquip1r9667\")]"}
COMMAND: POST /session/5a996439f29f64f375155c098e6d3fe0/element - {"using":"xpath","value":"//a[contains(@class ,\"sapMLnk sapMLnkMaxWidth sapUiTinyMarginTop\")][contains(text(), \"Yard Address\")]"}
RESULT: {"using":"xpath","value":"//a[contains(@class ,\"sapMLnk sapMLnkMaxWidth sapUiTinyMarginTop\")][contains(text(), \"Yard Address\")]"}
COMMAND: POST /session/5a996439f29f64f375155c098e6d3fe0/element - {"using":"xpath","value":"//span[contains(@id ,\"application-manageresources-display-component---detailRU--snappedTitle-inner\")][contains(text(), \"WdIORUEquip1r9667\")]"}
RESULT: {"using":"xpath","value":"//span[contains(@id ,\"application-manageresources-display-component---detailRU--snappedTitle-inner\")][contains(text(), \"WdIORUEquip1r9667\")]"}
COMMAND: POST /session/5a996439f29f64f375155c098e6d3fe0/element - {"using":"xpath","value":"//a[contains(@class ,\"sapMLnk sapMLnkMaxWidth sapUiTinyMarginTop\")][contains(text(), \"Yard Address\")]"}
RESULT: {"using":"xpath","value":"//a[contains(@class ,\"sapMLnk sapMLnkMaxWidth sapUiTinyMarginTop\")][contains(text(), \"Yard Address\")]"}
COMMAND: POST /session/5a996439f29f64f375155c098e6d3fe0/element - {"using":"xpath","value":"//span[contains(@id ,\"application-manageresources-display-component---detailRU--snappedTitle-inner\")][contains(text(), \"WdIORUEquip1r9667\")]"}
RESULT: {"using":"xpath","value":"//span[contains(@id ,\"application-manageresources-display-component---detailRU--snappedTitle-inner\")][contains(text(), \"WdIORUEquip1r9667\")]"}
COMMAND: POST /session/5a996439f29f64f375155c098e6d3fe0/element - {"using":"xpath","value":"//a[contains(@class ,\"sapMLnk sapMLnkMaxWidth sapUiTinyMarginTop\")][contains(text(), \"Yard Address\")]"}
RESULT: {"using":"xpath","value":"//a[contains(@class ,\"sapMLnk sapMLnkMaxWidth sapUiTinyMarginTop\")][contains(text(), \"Yard Address\")]"}
COMMAND: POST /session/5a996439f29f64f375155c098e6d3fe0/element - {"using":"xpath","value":"//span[contains(@id ,\"application-manageresources-display-component---detailRU--snappedTitle-inner\")][contains(text(), \"WdIORUEquip1r9667\")]"}
RESULT: {"using":"xpath","value":"//span[contains(@id ,\"application-manageresources-display-component---detailRU--snappedTitle-inner\")][contains(text(), \"WdIORUEquip1r9667\")]"}
COMMAND: POST /session/5a996439f29f64f375155c098e6d3fe0/element - {"using":"xpath","value":"//bdi[contains(@id ,\"application-manageresources-display-component---detailRU--openRelatedRus-BDI-content\")]"}
RESULT: {"using":"xpath","value":"//bdi[contains(@id ,\"application-manageresources-display-component---detailRU--openRelatedRus-BDI-content\")]"}
COMMAND: POST /session/5a996439f29f64f375155c098e6d3fe0/execute/sync - {"script":"<script> [8489 bytes]","args":[{"element-6066-11e4-a52e-4f735466cecf":"f.6EEA461E792C481BE58B9946AB04CA3F.d.B997DAD1C6CDC7B466C0E0A87DB25B34.e.3739","ELEMENT":"f.6EEA461E792C481BE58B9946AB04CA3F.d.B997DAD1C6CDC7B466C0E0A87DB25B34.e.3739"}]}
RESULT: {"script":"<script> [8489 bytes]","args":[{"element-6066-11e4-a52e-4f735466cecf":"f.6EEA461E792C481BE58B9946AB04CA3F.d.B997DAD1C6CDC7B466C0E0A87DB25B34.e.3739","ELEMENT":"f.6EEA461E792C481BE58B9946AB04CA3F.d.B997DAD1C6CDC7B466C0E0A87DB25B34.e.3739"}]}
COMMAND: POST /session/5a996439f29f64f375155c098e6d3fe0/execute/sync - {"script":"<script> [5351 bytes]","args":[{"element-6066-11e4-a52e-4f735466cecf":"f.6EEA461E792C481BE58B9946AB04CA3F.d.B997DAD1C6CDC7B466C0E0A87DB25B34.e.3739","ELEMENT":"f.6EEA461E792C481BE58B9946AB04CA3F.d.B997DAD1C6CDC7B466C0E0A87DB25B34.e.3739"}]}
COMMAND: GET /session/5a996439f29f64f375155c098e6d3fe0/screenshot - {}
RESULT: {"script":"<script> [5351 bytes]","args":[{"element-6066-11e4-a52e-4f735466cecf":"f.6EEA461E792C481BE58B9946AB04CA3F.d.B997DAD1C6CDC7B466C0E0A87DB25B34.e.3739","ELEMENT":"f.6EEA461E792C481BE58B9946AB04CA3F.d.B997DAD1C6CDC7B466C0E0A87DB25B34.e.3739"}]}
COMMAND: POST /session/5a996439f29f64f375155c098e6d3fe0/element/f.6EEA461E792C481BE58B9946AB04CA3F.d.B997DAD1C6CDC7B466C0E0A87DB25B34.e.3739/click - {}
COMMAND: GET /session/5a996439f29f64f375155c098e6d3fe0/screenshot - {}
RESULT: {}
COMMAND: POST /session/5a996439f29f64f375155c098e6d3fe0/element - {"using":"xpath","value":"//a[contains(@class ,\"sapMLnk sapMLnkMaxWidth sapUiTinyMarginTop\")][contains(text(), \"Yard Address\")]"}
COMMAND: POST /session/5a996439f29f64f375155c098e6d3fe0/element - {"using":"xpath","value":"//span[contains(@id ,\"application-manageresources-display-component---detailRU--snappedTitle-inner\")][contains(text(), \"WdIORUEquip1r9667\")]"}
RESULT: {}
COMMAND: GET /session/5a996439f29f64f375155c098e6d3fe0/screenshot - {}
RESULT: {}
RESULT: {"using":"xpath","value":"//a[contains(@class ,\"sapMLnk sapMLnkMaxWidth sapUiTinyMarginTop\")][contains(text(), \"Yard Address\")]"}
RESULT: {"using":"xpath","value":"//span[contains(@id ,\"application-manageresources-display-component---detailRU--snappedTitle-inner\")][contains(text(), \"WdIORUEquip1r9667\")]"}
RESULT: {}
COMMAND: POST /session/5a996439f29f64f375155c098e6d3fe0/element - {"using":"xpath","value":"//a[contains(@class ,\"sapMLnk sapMLnkMaxWidth sapUiTinyMarginTop\")][contains(text(), \"Yard Address\")]"}
RESULT: {"using":"xpath","value":"//a[contains(@class ,\"sapMLnk sapMLnkMaxWidth sapUiTinyMarginTop\")][contains(text(), \"Yard Address\")]"}
COMMAND: POST /session/5a996439f29f64f375155c098e6d3fe0/element - {"using":"xpath","value":"//span[contains(@id ,\"application-manageresources-display-component---detailRU--snappedTitle-inner\")][contains(text(), \"WdIORUEquip1r9667\")]"}
RESULT: {"using":"xpath","value":"//span[contains(@id ,\"application-manageresources-display-component---detailRU--snappedTitle-inner\")][contains(text(), \"WdIORUEquip1r9667\")]"}
COMMAND: POST /session/5a996439f29f64f375155c098e6d3fe0/element - {"using":"xpath","value":"//a[contains(@class ,\"sapMLnk sapMLnkMaxWidth sapUiTinyMarginTop\")][contains(text(), \"Yard Address\")]"}
COMMAND: POST /session/5a996439f29f64f375155c098e6d3fe0/element - {"using":"xpath","value":"//span[contains(@id ,\"application-manageresources-display-component---detailRU--snappedTitle-inner\")][contains(text(), \"WdIORUEquip1r9667\")]"}
RESULT: {"using":"xpath","value":"//a[contains(@class ,\"sapMLnk sapMLnkMaxWidth sapUiTinyMarginTop\")][contains(text(), \"Yard Address\")]"}
RESULT: {"using":"xpath","value":"//span[contains(@id ,\"application-manageresources-display-component---detailRU--snappedTitle-inner\")][contains(text(), \"WdIORUEquip1r9667\")]"}
COMMAND: POST /session/5a996439f29f64f375155c098e6d3fe0/element - {"using":"xpath","value":"//a[contains(@class ,\"sapMLnk sapMLnkMaxWidth sapUiTinyMarginTop\")][contains(text(), \"Yard Address\")]"}
RESULT: {"using":"xpath","value":"//a[contains(@class ,\"sapMLnk sapMLnkMaxWidth sapUiTinyMarginTop\")][contains(text(), \"Yard Address\")]"}
COMMAND: POST /session/5a996439f29f64f375155c098e6d3fe0/element - {"using":"xpath","value":"//span[contains(@id ,\"application-manageresources-display-component---detailRU--snappedTitle-inner\")][contains(text(), \"WdIORUEquip1r9667\")]"}
RESULT: {"using":"xpath","value":"//span[contains(@id ,\"application-manageresources-display-component---detailRU--snappedTitle-inner\")][contains(text(), \"WdIORUEquip1r9667\")]"}
COMMAND: POST /session/5a996439f29f64f375155c098e6d3fe0/element - {"using":"xpath","value":"//a[contains(@class ,\"sapMLnk sapMLnkMaxWidth sapUiTinyMarginTop\")][contains(text(), \"Yard Address\")]"}
RESULT: {"using":"xpath","value":"//a[contains(@class ,\"sapMLnk sapMLnkMaxWidth sapUiTinyMarginTop\")][contains(text(), \"Yard Address\")]"}
COMMAND: POST /session/5a996439f29f64f375155c098e6d3fe0/element - {"using":"xpath","value":"//span[contains(@id ,\"application-manageresources-display-component---detailRU--snappedTitle-inner\")][contains(text(), \"WdIORUEquip1r9667\")]"}
RESULT: {"using":"xpath","value":"//span[contains(@id ,\"application-manageresources-display-component---detailRU--snappedTitle-inner\")][contains(text(), \"WdIORUEquip1r9667\")]"}
COMMAND: POST /session/5a996439f29f64f375155c098e6d3fe0/element - {"using":"xpath","value":"//a[contains(@class ,\"sapMLnk sapMLnkMaxWidth sapUiTinyMarginTop\")][contains(text(), \"Yard Address\")]"}
RESULT: {"using":"xpath","value":"//a[contains(@class ,\"sapMLnk sapMLnkMaxWidth sapUiTinyMarginTop\")][contains(text(), \"Yard Address\")]"}
COMMAND: POST /session/5a996439f29f64f375155c098e6d3fe0/element - {"using":"xpath","value":"//span[contains(@id ,\"application-manageresources-display-component---detailRU--snappedTitle-inner\")][contains(text(), \"WdIORUEquip1r9667\")]"}
RESULT: {"using":"xpath","value":"//span[contains(@id ,\"application-manageresources-display-component---detailRU--snappedTitle-inner\")][contains(text(), \"WdIORUEquip1r9667\")]"}
COMMAND: POST /session/5a996439f29f64f375155c098e6d3fe0/element - {"using":"xpath","value":"//a[contains(@class ,\"sapMLnk sapMLnkMaxWidth sapUiTinyMarginTop\")][contains(text(), \"Yard Address\")]"}
RESULT: {"using":"xpath","value":"//a[contains(@class ,\"sapMLnk sapMLnkMaxWidth sapUiTinyMarginTop\")][contains(text(), \"Yard Address\")]"}
COMMAND: POST /session/5a996439f29f64f375155c098e6d3fe0/element - {"using":"xpath","value":"//span[contains(@id ,\"application-manageresources-display-component---detailRU--snappedTitle-inner\")][contains(text(), \"WdIORUEquip1r9667\")]"}
RESULT: {"using":"xpath","value":"//span[contains(@id ,\"application-manageresources-display-component---detailRU--snappedTitle-inner\")][contains(text(), \"WdIORUEquip1r9667\")]"}
COMMAND: POST /session/5a996439f29f64f375155c098e6d3fe0/element - {"using":"xpath","value":"//a[contains(@class ,\"sapMLnk sapMLnkMaxWidth sapUiTinyMarginTop\")][contains(text(), \"Yard Address\")]"}
RESULT: {"using":"xpath","value":"//a[contains(@class ,\"sapMLnk sapMLnkMaxWidth sapUiTinyMarginTop\")][contains(text(), \"Yard Address\")]"}
COMMAND: POST /session/5a996439f29f64f375155c098e6d3fe0/element - {"using":"xpath","value":"//span[contains(@id ,\"application-manageresources-display-component---detailRU--snappedTitle-inner\")][contains(text(), \"WdIORUEquip1r9667\")]"}
RESULT: {"using":"xpath","value":"//span[contains(@id ,\"application-manageresources-display-component---detailRU--snappedTitle-inner\")][contains(text(), \"WdIORUEquip1r9667\")]"}
COMMAND: POST /session/5a996439f29f64f375155c098e6d3fe0/element - {"using":"xpath","value":"//a[contains(@class ,\"sapMLnk sapMLnkMaxWidth sapUiTinyMarginTop\")][contains(text(), \"Yard Address\")]"}
RESULT: {"using":"xpath","value":"//a[contains(@class ,\"sapMLnk sapMLnkMaxWidth sapUiTinyMarginTop\")][contains(text(), \"Yard Address\")]"}
COMMAND: POST /session/5a996439f29f64f375155c098e6d3fe0/element - {"using":"xpath","value":"//span[contains(@id ,\"application-manageresources-display-component---detailRU--snappedTitle-inner\")][contains(text(), \"WdIORUEquip1r9667\")]"}
RESULT: {"using":"xpath","value":"//span[contains(@id ,\"application-manageresources-display-component---detailRU--snappedTitle-inner\")][contains(text(), \"WdIORUEquip1r9667\")]"}
COMMAND: POST /session/5a996439f29f64f375155c098e6d3fe0/element/f.6EEA461E792C481BE58B9946AB04CA3F.d.B997DAD1C6CDC7B466C0E0A87DB25B34.e.3243/click - {}
COMMAND: POST /session/5a996439f29f64f375155c098e6d3fe0/element - {"using":"xpath","value":"//*[contains(@data-kt ,\"openLocationActionMenuLink\")]"}
RESULT: {"using":"xpath","value":"//*[contains(@data-kt ,\"openLocationActionMenuLink\")]"}
COMMAND: POST /session/5a996439f29f64f375155c098e6d3fe0/element/f.6EEA461E792C481BE58B9946AB04CA3F.d.B997DAD1C6CDC7B466C0E0A87DB25B34.e.3243/click - {}
COMMAND: POST /session/5a996439f29f64f375155c098e6d3fe0/element - {"using":"xpath","value":"//*[contains(@data-kt ,\"openLocationActionMenuLink\")]"}
RESULT: {"using":"xpath","value":"//*[contains(@data-kt ,\"openLocationActionMenuLink\")]"}
COMMAND: POST /session/5a996439f29f64f375155c098e6d3fe0/element/f.6EEA461E792C481BE58B9946AB04CA3F.d.B997DAD1C6CDC7B466C0E0A87DB25B34.e.3743/click - {}
COMMAND: POST /session/5a996439f29f64f375155c098e6d3fe0/element - {"using":"xpath","value":"//a[contains(@class ,\"sapMLnk sapMLnkMaxWidth sapUiTinyMarginTop\")][contains(text(), \"Yard Address\")]"}
COMMAND: POST /session/5a996439f29f64f375155c098e6d3fe0/element - {"using":"xpath","value":"//span[contains(@id ,\"application-manageresources-display-component---detailRU--snappedTitle-inner\")][contains(text(), \"WdIORUEquip1r9667\")]"}
RESULT: {}
COMMAND: GET /session/5a996439f29f64f375155c098e6d3fe0/screenshot - {}
RESULT: {"using":"xpath","value":"//a[contains(@class ,\"sapMLnk sapMLnkMaxWidth sapUiTinyMarginTop\")][contains(text(), \"Yard Address\")]"}
COMMAND: POST /session/5a996439f29f64f375155c098e6d3fe0/execute/sync - {"script":"<script> [8489 bytes]","args":[{"element-6066-11e4-a52e-4f735466cecf":"f.6EEA461E792C481BE58B9946AB04CA3F.d.B997DAD1C6CDC7B466C0E0A87DB25B34.e.3745","ELEMENT":"f.6EEA461E792C481BE58B9946AB04CA3F.d.B997DAD1C6CDC7B466C0E0A87DB25B34.e.3745"}]}
RESULT: {"using":"xpath","value":"//span[contains(@id ,\"application-manageresources-display-component---detailRU--snappedTitle-inner\")][contains(text(), \"WdIORUEquip1r9667\")]"}
RESULT: {}
RESULT: {"script":"<script> [8489 bytes]","args":[{"element-6066-11e4-a52e-4f735466cecf":"f.6EEA461E792C481BE58B9946AB04CA3F.d.B997DAD1C6CDC7B466C0E0A87DB25B34.e.3745","ELEMENT":"f.6EEA461E792C481BE58B9946AB04CA3F.d.B997DAD1C6CDC7B466C0E0A87DB25B34.e.3745"}]}
COMMAND: GET /session/5a996439f29f64f375155c098e6d3fe0/screenshot - {}
COMMAND: POST /session/5a996439f29f64f375155c098e6d3fe0/element - {"using":"xpath","value":"//span[contains(@id ,\"application-manageresources-display-component---detailRU--snappedTitle-inner\")][contains(text(), \"WdIORUEquip1r9667\")]"}
RESULT: {}
RESULT: {"using":"xpath","value":"//span[contains(@id ,\"application-manageresources-display-component---detailRU--snappedTitle-inner\")][contains(text(), \"WdIORUEquip1r9667\")]"}
COMMAND: POST /session/5a996439f29f64f375155c098e6d3fe0/element - {"using":"xpath","value":"//span[contains(@id ,\"application-manageresources-display-component---detailRU--snappedTitle-inner\")][contains(text(), \"WdIORUEquip1r9667\")]"}
RESULT: {"using":"xpath","value":"//span[contains(@id ,\"application-manageresources-display-component---detailRU--snappedTitle-inner\")][contains(text(), \"WdIORUEquip1r9667\")]"}
COMMAND: POST /session/5a996439f29f64f375155c098e6d3fe0/element - {"using":"xpath","value":"//span[contains(@id ,\"application-manageresources-display-component---detailRU--snappedTitle-inner\")][contains(text(), \"WdIORUEquip1r9667\")]"}
RESULT: {"using":"xpath","value":"//span[contains(@id ,\"application-manageresources-display-component---detailRU--snappedTitle-inner\")][contains(text(), \"WdIORUEquip1r9667\")]"}
COMMAND: POST /session/5a996439f29f64f375155c098e6d3fe0/element/f.6EEA461E792C481BE58B9946AB04CA3F.d.B997DAD1C6CDC7B466C0E0A87DB25B34.e.3745/click - {}
RESULT: {}
COMMAND: GET /session/5a996439f29f64f375155c098e6d3fe0/screenshot - {}
RESULT: {}
RESULT: undefined
COMMAND: POST /session/5a996439f29f64f375155c098e6d3fe0/execute/async - {"script":"<script> [6424 bytes]","args":[{"element-6066-11e4-a52e-4f735466cecf":"f.6EEA461E792C481BE58B9946AB04CA3F.d.B997DAD1C6CDC7B466C0E0A87DB25B34.e.2724"},"getTitle",[]]}
COMMAND: POST /session/5a996439f29f64f375155c098e6d3fe0/execute/async - {"script":"<script> [1562 bytes]","args":[{"selector":{"id":"shellAppTitle"},"wdio_ui5_key":"shellAppTitle"}]}
RESULT: {"script":"<script> [1562 bytes]","args":[{"selector":{"id":"shellAppTitle"},"wdio_ui5_key":"shellAppTitle"}]}
COMMAND: POST /session/5a996439f29f64f375155c098e6d3fe0/execute/async - {"script":"<script> [6424 bytes]","args":[{"element-6066-11e4-a52e-4f735466cecf":"f.6EEA461E792C481BE58B9946AB04CA3F.d.B997DAD1C6CDC7B466C0E0A87DB25B34.e.4037"},"getTitle",[]]}
RESULT: {"script":"<script> [6424 bytes]","args":[{"element-6066-11e4-a52e-4f735466cecf":"f.6EEA461E792C481BE58B9946AB04CA3F.d.B997DAD1C6CDC7B466C0E0A87DB25B34.e.4037"},"getTitle",[]]}
COMMAND: POST /session/5a996439f29f64f375155c098e6d3fe0/element - {"using":"xpath","value":"//span[contains(@id ,\"application-addressmanagement-display-component---detailAdm--addressDetailDetailsName1\")][contains(text(), \"WebdriverYardtiqos\")]"}
RESULT: {"using":"xpath","value":"//span[contains(@id ,\"application-addressmanagement-display-component---detailAdm--addressDetailDetailsName1\")][contains(text(), \"WebdriverYardtiqos\")]"}
COMMAND: POST /session/5a996439f29f64f375155c098e6d3fe0/execute/sync - {"script":"<script> [8489 bytes]","args":[{"element-6066-11e4-a52e-4f735466cecf":"f.6EEA461E792C481BE58B9946AB04CA3F.d.B997DAD1C6CDC7B466C0E0A87DB25B34.e.4038","ELEMENT":"f.6EEA461E792C481BE58B9946AB04CA3F.d.B997DAD1C6CDC7B466C0E0A87DB25B34.e.4038"}]}
RESULT: undefined
COMMAND: POST /session/5a996439f29f64f375155c098e6d3fe0/element - {"using":"xpath","value":"//*[@id=\"backBtn\"]"}
RESULT: {"script":"<script> [8489 bytes]","args":[{"element-6066-11e4-a52e-4f735466cecf":"f.6EEA461E792C481BE58B9946AB04CA3F.d.B997DAD1C6CDC7B466C0E0A87DB25B34.e.4038","ELEMENT":"f.6EEA461E792C481BE58B9946AB04CA3F.d.B997DAD1C6CDC7B466C0E0A87DB25B34.e.4038"}]}
COMMAND: GET /session/5a996439f29f64f375155c098e6d3fe0/screenshot - {}
RESULT: {"using":"xpath","value":"//*[@id=\"backBtn\"]"}
COMMAND: POST /session/5a996439f29f64f375155c098e6d3fe0/element/f.6EEA461E792C481BE58B9946AB04CA3F.d.B997DAD1C6CDC7B466C0E0A87DB25B34.e.2726/click - {}
RESULT: {}
RESULT: {}
COMMAND: GET /session/5a996439f29f64f375155c098e6d3fe0/screenshot - {}
RESULT: {}
COMMAND: POST /session/5a996439f29f64f375155c098e6d3fe0/execute/sync - {"script":"<script> [8489 bytes]","args":[{"element-6066-11e4-a52e-4f735466cecf":"f.6EEA461E792C481BE58B9946AB04CA3F.d.B997DAD1C6CDC7B466C0E0A87DB25B34.e.3739","ELEMENT":"f.6EEA461E792C481BE58B9946AB04CA3F.d.B997DAD1C6CDC7B466C0E0A87DB25B34.e.3739"}]}
COMMAND: POST /session/5a996439f29f64f375155c098e6d3fe0/element - {"using":"xpath","value":"//bdi[contains(@id ,\"application-manageresources-display-component---detailRU--openRelatedRus-BDI-content\")]"}
RESULT: {"using":"xpath","value":"//bdi[contains(@id ,\"application-manageresources-display-component---detailRU--openRelatedRus-BDI-content\")]"}
COMMAND: POST /session/5a996439f29f64f375155c098e6d3fe0/execute/sync - {"script":"<script> [8489 bytes]","args":[{"element-6066-11e4-a52e-4f735466cecf":"f.6EEA461E792C481BE58B9946AB04CA3F.d.B997DAD1C6CDC7B466C0E0A87DB25B34.e.4383","ELEMENT":"f.6EEA461E792C481BE58B9946AB04CA3F.d.B997DAD1C6CDC7B466C0E0A87DB25B34.e.4383"}]}
RESULT: {"script":"<script> [8489 bytes]","args":[{"element-6066-11e4-a52e-4f735466cecf":"f.6EEA461E792C481BE58B9946AB04CA3F.d.B997DAD1C6CDC7B466C0E0A87DB25B34.e.4383","ELEMENT":"f.6EEA461E792C481BE58B9946AB04CA3F.d.B997DAD1C6CDC7B466C0E0A87DB25B34.e.4383"}]}
COMMAND: POST /session/5a996439f29f64f375155c098e6d3fe0/execute/sync - {"script":"<script> [5351 bytes]","args":[{"element-6066-11e4-a52e-4f735466cecf":"f.6EEA461E792C481BE58B9946AB04CA3F.d.B997DAD1C6CDC7B466C0E0A87DB25B34.e.4383","ELEMENT":"f.6EEA461E792C481BE58B9946AB04CA3F.d.B997DAD1C6CDC7B466C0E0A87DB25B34.e.4383"}]}
COMMAND: GET /session/5a996439f29f64f375155c098e6d3fe0/screenshot - {}
RESULT: {"script":"<script> [5351 bytes]","args":[{"element-6066-11e4-a52e-4f735466cecf":"f.6EEA461E792C481BE58B9946AB04CA3F.d.B997DAD1C6CDC7B466C0E0A87DB25B34.e.4383","ELEMENT":"f.6EEA461E792C481BE58B9946AB04CA3F.d.B997DAD1C6CDC7B466C0E0A87DB25B34.e.4383"}]}
COMMAND: POST /session/5a996439f29f64f375155c098e6d3fe0/element/f.6EEA461E792C481BE58B9946AB04CA3F.d.B997DAD1C6CDC7B466C0E0A87DB25B34.e.4383/click - {}
COMMAND: GET /session/5a996439f29f64f375155c098e6d3fe0/screenshot - {}
RESULT: {}
RESULT: {}
COMMAND: GET /session/5a996439f29f64f375155c098e6d3fe0/screenshot - {}
RESULT: {}
RESULT: {}
COMMAND: POST /session/5a996439f29f64f375155c098e6d3fe0/element/f.6EEA461E792C481BE58B9946AB04CA3F.d.B997DAD1C6CDC7B466C0E0A87DB25B34.e.3743/click - {}
COMMAND: POST /session/5a996439f29f64f375155c098e6d3fe0/element - {"using":"xpath","value":"//*[contains(@data-kt ,\"openLocationActionMenuLink\")]"}
RESULT: {"using":"xpath","value":"//*[contains(@data-kt ,\"openLocationActionMenuLink\")]"}
COMMAND: POST /session/5a996439f29f64f375155c098e6d3fe0/element/f.6EEA461E792C481BE58B9946AB04CA3F.d.B997DAD1C6CDC7B466C0E0A87DB25B34.e.3743/click - {}
COMMAND: POST /session/5a996439f29f64f375155c098e6d3fe0/element - {"using":"xpath","value":"//*[contains(@data-kt ,\"openLocationActionMenuLink\")]"}
RESULT: {"using":"xpath","value":"//*[contains(@data-kt ,\"openLocationActionMenuLink\")]"}
COMMAND: POST /session/5a996439f29f64f375155c098e6d3fe0/element/f.6EEA461E792C481BE58B9946AB04CA3F.d.B997DAD1C6CDC7B466C0E0A87DB25B34.e.4387/click - {}
RESULT: {}
COMMAND: GET /session/5a996439f29f64f375155c098e6d3fe0/screenshot - {}
RESULT: {}
COMMAND: POST /session/5a996439f29f64f375155c098e6d3fe0/element - {"using":"xpath","value":"(//button[contains(@title ,\"Open in new tab\")])[1]"}
RESULT: {"using":"xpath","value":"(//button[contains(@title ,\"Open in new tab\")])[1]"}
COMMAND: POST /session/5a996439f29f64f375155c098e6d3fe0/element/f.6EEA461E792C481BE58B9946AB04CA3F.d.B997DAD1C6CDC7B466C0E0A87DB25B34.e.4388/click - {}
RESULT: {}
COMMAND: GET /session/5a996439f29f64f375155c098e6d3fe0/screenshot - {}
RESULT: {}
COMMAND: GET /session/5a996439f29f64f375155c098e6d3fe0/window/handles - {}
RESULT: {}
COMMAND: POST /session/5a996439f29f64f375155c098e6d3fe0/window - {"handle":"C9ED9705E903877530E02BED8A95FEBF"}
RESULT: {"handle":"C9ED9705E903877530E02BED8A95FEBF"}
COMMAND: GET /session/5a996439f29f64f375155c098e6d3fe0/url - {}
RESULT: {}
COMMAND: GET /session/5a996439f29f64f375155c098e6d3fe0/screenshot - {}
RESULT: {}
COMMAND: POST /session/5a996439f29f64f375155c098e6d3fe0/execute/sync - {"script":"<script> [8489 bytes]","args":[{"element-6066-11e4-a52e-4f735466cecf":"f.6EEA461E792C481BE58B9946AB04CA3F.d.B997DAD1C6CDC7B466C0E0A87DB25B34.e.3738","ELEMENT":"f.6EEA461E792C481BE58B9946AB04CA3F.d.B997DAD1C6CDC7B466C0E0A87DB25B34.e.3738"}]}
COMMAND: DELETE /session/5a996439f29f64f375155c098e6d3fe0/window - {}
RESULT: {}
COMMAND: POST /session/5a996439f29f64f375155c098e6d3fe0/window - {"handle":"6EEA461E792C481BE58B9946AB04CA3F"}
RESULT: {"handle":"6EEA461E792C481BE58B9946AB04CA3F"}
COMMAND: GET /session/5a996439f29f64f375155c098e6d3fe0/url - {}
COMMAND: POST /session/5a996439f29f64f375155c098e6d3fe0/element - {"using":"xpath","value":"(//span[contains(text(), \"WebdriverYardtiqos\")])[2]"}
RESULT: {}
COMMAND: GET /session/5a996439f29f64f375155c098e6d3fe0/screenshot - {}
RESULT: {"using":"xpath","value":"(//span[contains(text(), \"WebdriverYardtiqos\")])[2]"}
COMMAND: POST /session/5a996439f29f64f375155c098e6d3fe0/execute/sync - {"script":"<script> [8489 bytes]","args":[{"element-6066-11e4-a52e-4f735466cecf":"f.6EEA461E792C481BE58B9946AB04CA3F.d.B997DAD1C6CDC7B466C0E0A87DB25B34.e.4418","ELEMENT":"f.6EEA461E792C481BE58B9946AB04CA3F.d.B997DAD1C6CDC7B466C0E0A87DB25B34.e.4418"}]}
RESULT: {}
RESULT: {"script":"<script> [8489 bytes]","args":[{"element-6066-11e4-a52e-4f735466cecf":"f.6EEA461E792C481BE58B9946AB04CA3F.d.B997DAD1C6CDC7B466C0E0A87DB25B34.e.4418","ELEMENT":"f.6EEA461E792C481BE58B9946AB04CA3F.d.B997DAD1C6CDC7B466C0E0A87DB25B34.e.4418"}]}
COMMAND: GET /session/5a996439f29f64f375155c098e6d3fe0/screenshot - {}
RESULT: {}
COMMAND: POST /session/5a996439f29f64f375155c098e6d3fe0/element - {"using":"xpath","value":"(//button[contains(@title ,\"Open in new tab\")])[2]"}
RESULT: {"using":"xpath","value":"(//button[contains(@title ,\"Open in new tab\")])[2]"}
COMMAND: POST /session/5a996439f29f64f375155c098e6d3fe0/element/f.6EEA461E792C481BE58B9946AB04CA3F.d.B997DAD1C6CDC7B466C0E0A87DB25B34.e.4419/click - {}
RESULT: {}
COMMAND: GET /session/5a996439f29f64f375155c098e6d3fe0/screenshot - {}
RESULT: {}
COMMAND: GET /session/5a996439f29f64f375155c098e6d3fe0/window/handles - {}
RESULT: {}
COMMAND: POST /session/5a996439f29f64f375155c098e6d3fe0/window - {"handle":"6A0F0CDBD768ADEFD3E030A80C89150A"}
RESULT: {"handle":"6A0F0CDBD768ADEFD3E030A80C89150A"}
COMMAND: GET /session/5a996439f29f64f375155c098e6d3fe0/url - {}
RESULT: {}
COMMAND: GET /session/5a996439f29f64f375155c098e6d3fe0/screenshot - {}
RESULT: {}
COMMAND: POST /session/5a996439f29f64f375155c098e6d3fe0/execute/sync - {"script":"<script> [8489 bytes]","args":[{"element-6066-11e4-a52e-4f735466cecf":"f.6EEA461E792C481BE58B9946AB04CA3F.d.B997DAD1C6CDC7B466C0E0A87DB25B34.e.4038","ELEMENT":"f.6EEA461E792C481BE58B9946AB04CA3F.d.B997DAD1C6CDC7B466C0E0A87DB25B34.e.4038"}]}
COMMAND: DELETE /session/5a996439f29f64f375155c098e6d3fe0/window - {}
RESULT: {}
COMMAND: POST /session/5a996439f29f64f375155c098e6d3fe0/window - {"handle":"6EEA461E792C481BE58B9946AB04CA3F"}
COMMAND: POST /session/5a996439f29f64f375155c098e6d3fe0/element - {"using":"xpath","value":"//span[contains(@id ,\"application-addressmanagement-display-component---detailAdm--addressDetailDetailsName1\")][contains(text(), \"WebdriverYardtiqos\")]"}
RESULT: {"handle":"6EEA461E792C481BE58B9946AB04CA3F"}
COMMAND: GET /session/5a996439f29f64f375155c098e6d3fe0/url - {}
RESULT: {}
RESULT: {"using":"xpath","value":"//span[contains(@id ,\"application-addressmanagement-display-component---detailAdm--addressDetailDetailsName1\")][contains(text(), \"WebdriverYardtiqos\")]"}
COMMAND: POST /session/5a996439f29f64f375155c098e6d3fe0/element - {"using":"xpath","value":"//span[contains(@id ,\"application-addressmanagement-display-component---detailAdm--addressDetailDetailsName1\")][contains(text(), \"WebdriverYardtiqos\")]"}
COMMAND: GET /session/5a996439f29f64f375155c098e6d3fe0/screenshot - {}
RESULT: {"using":"xpath","value":"//span[contains(@id ,\"application-addressmanagement-display-component---detailAdm--addressDetailDetailsName1\")][contains(text(), \"WebdriverYardtiqos\")]"}
RESULT: {}
COMMAND: POST /session/5a996439f29f64f375155c098e6d3fe0/element - {"using":"xpath","value":"//span[contains(@id ,\"application-addressmanagement-display-component---detailAdm--addressDetailDetailsName1\")][contains(text(), \"WebdriverYardtiqos\")]"}
RESULT: {"using":"xpath","value":"//span[contains(@id ,\"application-addressmanagement-display-component---detailAdm--addressDetailDetailsName1\")][contains(text(), \"WebdriverYardtiqos\")]"}
COMMAND: POST /session/5a996439f29f64f375155c098e6d3fe0/element - {"using":"xpath","value":"//span[contains(@id ,\"application-addressmanagement-display-component---detailAdm--addressDetailDetailsName1\")][contains(text(), \"WebdriverYardtiqos\")]"}
RESULT: {"using":"xpath","value":"//span[contains(@id ,\"application-addressmanagement-display-component---detailAdm--addressDetailDetailsName1\")][contains(text(), \"WebdriverYardtiqos\")]"}
COMMAND: POST /session/5a996439f29f64f375155c098e6d3fe0/element - {"using":"xpath","value":"//span[contains(@id ,\"application-addressmanagement-display-component---detailAdm--addressDetailDetailsName1\")][contains(text(), \"WebdriverYardtiqos\")]"}
RESULT: {"using":"xpath","value":"//span[contains(@id ,\"application-addressmanagement-display-component---detailAdm--addressDetailDetailsName1\")][contains(text(), \"WebdriverYardtiqos\")]"}
COMMAND: POST /session/5a996439f29f64f375155c098e6d3fe0/element - {"using":"xpath","value":"//span[contains(@id ,\"application-addressmanagement-display-component---detailAdm--addressDetailDetailsName1\")][contains(text(), \"WebdriverYardtiqos\")]"}
RESULT: {"using":"xpath","value":"//span[contains(@id ,\"application-addressmanagement-display-component---detailAdm--addressDetailDetailsName1\")][contains(text(), \"WebdriverYardtiqos\")]"}
COMMAND: POST /session/5a996439f29f64f375155c098e6d3fe0/element - {"using":"xpath","value":"//span[contains(@id ,\"application-addressmanagement-display-component---detailAdm--addressDetailDetailsName1\")][contains(text(), \"WebdriverYardtiqos\")]"}
RESULT: {"using":"xpath","value":"//span[contains(@id ,\"application-addressmanagement-display-component---detailAdm--addressDetailDetailsName1\")][contains(text(), \"WebdriverYardtiqos\")]"}
COMMAND: POST /session/5a996439f29f64f375155c098e6d3fe0/element - {"using":"xpath","value":"//span[contains(@id ,\"application-addressmanagement-display-component---detailAdm--addressDetailDetailsName1\")][contains(text(), \"WebdriverYardtiqos\")]"}
RESULT: {"using":"xpath","value":"//span[contains(@id ,\"application-addressmanagement-display-component---detailAdm--addressDetailDetailsName1\")][contains(text(), \"WebdriverYardtiqos\")]"}
COMMAND: POST /session/5a996439f29f64f375155c098e6d3fe0/element - {"using":"xpath","value":"//span[contains(@id ,\"application-addressmanagement-display-component---detailAdm--addressDetailDetailsName1\")][contains(text(), \"WebdriverYardtiqos\")]"}
RESULT: {"using":"xpath","value":"//span[contains(@id ,\"application-addressmanagement-display-component---detailAdm--addressDetailDetailsName1\")][contains(text(), \"WebdriverYardtiqos\")]"}
COMMAND: POST /session/5a996439f29f64f375155c098e6d3fe0/element - {"using":"xpath","value":"//span[contains(@id ,\"application-addressmanagement-display-component---detailAdm--addressDetailDetailsName1\")][contains(text(), \"WebdriverYardtiqos\")]"}
RESULT: {"using":"xpath","value":"//span[contains(@id ,\"application-addressmanagement-display-component---detailAdm--addressDetailDetailsName1\")][contains(text(), \"WebdriverYardtiqos\")]"}
COMMAND: POST /session/5a996439f29f64f375155c098e6d3fe0/element - {"using":"xpath","value":"//span[contains(@id ,\"application-addressmanagement-display-component---detailAdm--addressDetailDetailsName1\")][contains(text(), \"WebdriverYardtiqos\")]"}
RESULT: {"using":"xpath","value":"//span[contains(@id ,\"application-addressmanagement-display-component---detailAdm--addressDetailDetailsName1\")][contains(text(), \"WebdriverYardtiqos\")]"}
COMMAND: POST /session/5a996439f29f64f375155c098e6d3fe0/element - {"using":"xpath","value":"//span[contains(@id ,\"application-addressmanagement-display-component---detailAdm--addressDetailDetailsName1\")][contains(text(), \"WebdriverYardtiqos\")]"}
RESULT: {"using":"xpath","value":"//span[contains(@id ,\"application-addressmanagement-display-component---detailAdm--addressDetailDetailsName1\")][contains(text(), \"WebdriverYardtiqos\")]"}
]]></system-out>
    </testcase>
    <testcase classname="chrome.136_0_7103_93.windows.Related_resources_for_groups_US139107" name="Should set one equipment to inactive and verify that it does not show in the releated resources" time="66.197">
      <system-out><![CDATA[
COMMAND: POST /session/5a996439f29f64f375155c098e6d3fe0/element - {"using":"xpath","value":"//*[contains(@data-kt ,\"openRUIdMenuLink\")]"}
RESULT: {"using":"xpath","value":"//*[contains(@data-kt ,\"openRUIdMenuLink\")]"}
COMMAND: POST /session/5a996439f29f64f375155c098e6d3fe0/execute/sync - {"script":"<script> [8489 bytes]","args":[{"element-6066-11e4-a52e-4f735466cecf":"f.6EEA461E792C481BE58B9946AB04CA3F.d.B997DAD1C6CDC7B466C0E0A87DB25B34.e.4629","ELEMENT":"f.6EEA461E792C481BE58B9946AB04CA3F.d.B997DAD1C6CDC7B466C0E0A87DB25B34.e.4629"}]}
RESULT: {"script":"<script> [8489 bytes]","args":[{"element-6066-11e4-a52e-4f735466cecf":"f.6EEA461E792C481BE58B9946AB04CA3F.d.B997DAD1C6CDC7B466C0E0A87DB25B34.e.4629","ELEMENT":"f.6EEA461E792C481BE58B9946AB04CA3F.d.B997DAD1C6CDC7B466C0E0A87DB25B34.e.4629"}]}
COMMAND: POST /session/5a996439f29f64f375155c098e6d3fe0/execute/sync - {"script":"<script> [5351 bytes]","args":[{"element-6066-11e4-a52e-4f735466cecf":"f.6EEA461E792C481BE58B9946AB04CA3F.d.B997DAD1C6CDC7B466C0E0A87DB25B34.e.4629","ELEMENT":"f.6EEA461E792C481BE58B9946AB04CA3F.d.B997DAD1C6CDC7B466C0E0A87DB25B34.e.4629"}]}
COMMAND: GET /session/5a996439f29f64f375155c098e6d3fe0/screenshot - {}
RESULT: {"script":"<script> [5351 bytes]","args":[{"element-6066-11e4-a52e-4f735466cecf":"f.6EEA461E792C481BE58B9946AB04CA3F.d.B997DAD1C6CDC7B466C0E0A87DB25B34.e.4629","ELEMENT":"f.6EEA461E792C481BE58B9946AB04CA3F.d.B997DAD1C6CDC7B466C0E0A87DB25B34.e.4629"}]}
COMMAND: POST /session/5a996439f29f64f375155c098e6d3fe0/element/f.6EEA461E792C481BE58B9946AB04CA3F.d.B997DAD1C6CDC7B466C0E0A87DB25B34.e.4629/click - {}
COMMAND: GET /session/5a996439f29f64f375155c098e6d3fe0/screenshot - {}
COMMAND: POST /session/5a996439f29f64f375155c098e6d3fe0/element - {"using":"xpath","value":"//span[contains(@id ,\"application-addressmanagement-display-component---detailAdm--addressDetailDetailsName1\")][contains(text(), \"WebdriverYardtiqos\")]"}
RESULT: {}
RESULT: {}
COMMAND: GET /session/5a996439f29f64f375155c098e6d3fe0/screenshot - {}
RESULT: {}
RESULT: {"using":"xpath","value":"//span[contains(@id ,\"application-addressmanagement-display-component---detailAdm--addressDetailDetailsName1\")][contains(text(), \"WebdriverYardtiqos\")]"}
RESULT: {}
COMMAND: POST /session/5a996439f29f64f375155c098e6d3fe0/element - {"using":"xpath","value":"//span[contains(@id ,\"application-addressmanagement-display-component---detailAdm--addressDetailDetailsName1\")][contains(text(), \"WebdriverYardtiqos\")]"}
RESULT: {"using":"xpath","value":"//span[contains(@id ,\"application-addressmanagement-display-component---detailAdm--addressDetailDetailsName1\")][contains(text(), \"WebdriverYardtiqos\")]"}
COMMAND: POST /session/5a996439f29f64f375155c098e6d3fe0/element - {"using":"xpath","value":"//span[contains(@id ,\"application-addressmanagement-display-component---detailAdm--addressDetailDetailsName1\")][contains(text(), \"WebdriverYardtiqos\")]"}
RESULT: {"using":"xpath","value":"//span[contains(@id ,\"application-addressmanagement-display-component---detailAdm--addressDetailDetailsName1\")][contains(text(), \"WebdriverYardtiqos\")]"}
COMMAND: POST /session/5a996439f29f64f375155c098e6d3fe0/element - {"using":"xpath","value":"//span[contains(@id ,\"application-addressmanagement-display-component---detailAdm--addressDetailDetailsName1\")][contains(text(), \"WebdriverYardtiqos\")]"}
RESULT: {"using":"xpath","value":"//span[contains(@id ,\"application-addressmanagement-display-component---detailAdm--addressDetailDetailsName1\")][contains(text(), \"WebdriverYardtiqos\")]"}
COMMAND: POST /session/5a996439f29f64f375155c098e6d3fe0/element - {"using":"xpath","value":"//*[contains(@data-kt ,\"ContextMenuId2Link\")][contains(text(), \"RU Overview\")]"}
RESULT: {"using":"xpath","value":"//*[contains(@data-kt ,\"ContextMenuId2Link\")][contains(text(), \"RU Overview\")]"}
COMMAND: POST /session/5a996439f29f64f375155c098e6d3fe0/execute/sync - {"script":"<script> [8489 bytes]","args":[{"element-6066-11e4-a52e-4f735466cecf":"f.6EEA461E792C481BE58B9946AB04CA3F.d.B997DAD1C6CDC7B466C0E0A87DB25B34.e.4631","ELEMENT":"f.6EEA461E792C481BE58B9946AB04CA3F.d.B997DAD1C6CDC7B466C0E0A87DB25B34.e.4631"}]}
COMMAND: POST /session/5a996439f29f64f375155c098e6d3fe0/element/f.6EEA461E792C481BE58B9946AB04CA3F.d.B997DAD1C6CDC7B466C0E0A87DB25B34.e.4631/click - {}
RESULT: {"script":"<script> [8489 bytes]","args":[{"element-6066-11e4-a52e-4f735466cecf":"f.6EEA461E792C481BE58B9946AB04CA3F.d.B997DAD1C6CDC7B466C0E0A87DB25B34.e.4631","ELEMENT":"f.6EEA461E792C481BE58B9946AB04CA3F.d.B997DAD1C6CDC7B466C0E0A87DB25B34.e.4631"}]}
COMMAND: GET /session/5a996439f29f64f375155c098e6d3fe0/screenshot - {}
RESULT: {}
COMMAND: GET /session/5a996439f29f64f375155c098e6d3fe0/screenshot - {}
COMMAND: POST /session/5a996439f29f64f375155c098e6d3fe0/element - {"using":"xpath","value":"//span[contains(@id ,\"application-addressmanagement-display-component---detailAdm--addressDetailDetailsName1\")][contains(text(), \"WebdriverYardtiqos\")]"}
RESULT: {}
RESULT: {}
RESULT: {"using":"xpath","value":"//span[contains(@id ,\"application-addressmanagement-display-component---detailAdm--addressDetailDetailsName1\")][contains(text(), \"WebdriverYardtiqos\")]"}
COMMAND: POST /session/5a996439f29f64f375155c098e6d3fe0/element - {"using":"xpath","value":"//span[contains(@id ,\"application-addressmanagement-display-component---detailAdm--addressDetailDetailsName1\")][contains(text(), \"WebdriverYardtiqos\")]"}
RESULT: {"using":"xpath","value":"//span[contains(@id ,\"application-addressmanagement-display-component---detailAdm--addressDetailDetailsName1\")][contains(text(), \"WebdriverYardtiqos\")]"}
COMMAND: POST /session/5a996439f29f64f375155c098e6d3fe0/element - {"using":"xpath","value":"//span[contains(@id ,\"application-addressmanagement-display-component---detailAdm--addressDetailDetailsName1\")][contains(text(), \"WebdriverYardtiqos\")]"}
RESULT: {"using":"xpath","value":"//span[contains(@id ,\"application-addressmanagement-display-component---detailAdm--addressDetailDetailsName1\")][contains(text(), \"WebdriverYardtiqos\")]"}
COMMAND: POST /session/5a996439f29f64f375155c098e6d3fe0/element - {"using":"xpath","value":"//span[contains(@id ,\"application-addressmanagement-display-component---detailAdm--addressDetailDetailsName1\")][contains(text(), \"WebdriverYardtiqos\")]"}
RESULT: {"using":"xpath","value":"//span[contains(@id ,\"application-addressmanagement-display-component---detailAdm--addressDetailDetailsName1\")][contains(text(), \"WebdriverYardtiqos\")]"}
COMMAND: POST /session/5a996439f29f64f375155c098e6d3fe0/element - {"using":"xpath","value":"//span[contains(@id ,\"application-addressmanagement-display-component---detailAdm--addressDetailDetailsName1\")][contains(text(), \"WebdriverYardtiqos\")]"}
RESULT: {"using":"xpath","value":"//span[contains(@id ,\"application-addressmanagement-display-component---detailAdm--addressDetailDetailsName1\")][contains(text(), \"WebdriverYardtiqos\")]"}
COMMAND: POST /session/5a996439f29f64f375155c098e6d3fe0/element - {"using":"xpath","value":"//span[contains(@id ,\"application-addressmanagement-display-component---detailAdm--addressDetailDetailsName1\")][contains(text(), \"WebdriverYardtiqos\")]"}
RESULT: {"using":"xpath","value":"//span[contains(@id ,\"application-addressmanagement-display-component---detailAdm--addressDetailDetailsName1\")][contains(text(), \"WebdriverYardtiqos\")]"}
COMMAND: POST /session/5a996439f29f64f375155c098e6d3fe0/element - {"using":"xpath","value":"//span[contains(@id ,\"application-addressmanagement-display-component---detailAdm--addressDetailDetailsName1\")][contains(text(), \"WebdriverYardtiqos\")]"}
RESULT: {"using":"xpath","value":"//span[contains(@id ,\"application-addressmanagement-display-component---detailAdm--addressDetailDetailsName1\")][contains(text(), \"WebdriverYardtiqos\")]"}
COMMAND: POST /session/5a996439f29f64f375155c098e6d3fe0/element - {"using":"xpath","value":"//span[contains(@id ,\"application-addressmanagement-display-component---detailAdm--addressDetailDetailsName1\")][contains(text(), \"WebdriverYardtiqos\")]"}
RESULT: {"using":"xpath","value":"//span[contains(@id ,\"application-addressmanagement-display-component---detailAdm--addressDetailDetailsName1\")][contains(text(), \"WebdriverYardtiqos\")]"}
COMMAND: POST /session/5a996439f29f64f375155c098e6d3fe0/element - {"using":"xpath","value":"//span[contains(@id ,\"application-addressmanagement-display-component---detailAdm--addressDetailDetailsName1\")][contains(text(), \"WebdriverYardtiqos\")]"}
RESULT: {"using":"xpath","value":"//span[contains(@id ,\"application-addressmanagement-display-component---detailAdm--addressDetailDetailsName1\")][contains(text(), \"WebdriverYardtiqos\")]"}
COMMAND: POST /session/5a996439f29f64f375155c098e6d3fe0/element - {"using":"xpath","value":"//span[contains(@id ,\"application-addressmanagement-display-component---detailAdm--addressDetailDetailsName1\")][contains(text(), \"WebdriverYardtiqos\")]"}
RESULT: {"using":"xpath","value":"//span[contains(@id ,\"application-addressmanagement-display-component---detailAdm--addressDetailDetailsName1\")][contains(text(), \"WebdriverYardtiqos\")]"}
COMMAND: POST /session/5a996439f29f64f375155c098e6d3fe0/element - {"using":"xpath","value":"//span[contains(@id ,\"application-addressmanagement-display-component---detailAdm--addressDetailDetailsName1\")][contains(text(), \"WebdriverYardtiqos\")]"}
RESULT: {"using":"xpath","value":"//span[contains(@id ,\"application-addressmanagement-display-component---detailAdm--addressDetailDetailsName1\")][contains(text(), \"WebdriverYardtiqos\")]"}
COMMAND: POST /session/5a996439f29f64f375155c098e6d3fe0/element - {"using":"xpath","value":"//span[contains(@id ,\"application-addressmanagement-display-component---detailAdm--addressDetailDetailsName1\")][contains(text(), \"WebdriverYardtiqos\")]"}
RESULT: {"using":"xpath","value":"//span[contains(@id ,\"application-addressmanagement-display-component---detailAdm--addressDetailDetailsName1\")][contains(text(), \"WebdriverYardtiqos\")]"}
COMMAND: POST /session/5a996439f29f64f375155c098e6d3fe0/element - {"using":"xpath","value":"//span[contains(@id ,\"application-addressmanagement-display-component---detailAdm--addressDetailDetailsName1\")][contains(text(), \"WebdriverYardtiqos\")]"}
RESULT: {"using":"xpath","value":"//span[contains(@id ,\"application-addressmanagement-display-component---detailAdm--addressDetailDetailsName1\")][contains(text(), \"WebdriverYardtiqos\")]"}
COMMAND: POST /session/5a996439f29f64f375155c098e6d3fe0/element - {"using":"xpath","value":"//span[contains(@id ,\"application-addressmanagement-display-component---detailAdm--addressDetailDetailsName1\")][contains(text(), \"WebdriverYardtiqos\")]"}
RESULT: {"using":"xpath","value":"//span[contains(@id ,\"application-addressmanagement-display-component---detailAdm--addressDetailDetailsName1\")][contains(text(), \"WebdriverYardtiqos\")]"}
COMMAND: POST /session/5a996439f29f64f375155c098e6d3fe0/element - {"using":"xpath","value":"//span[contains(@id ,\"application-addressmanagement-display-component---detailAdm--addressDetailDetailsName1\")][contains(text(), \"WebdriverYardtiqos\")]"}
RESULT: {"using":"xpath","value":"//span[contains(@id ,\"application-addressmanagement-display-component---detailAdm--addressDetailDetailsName1\")][contains(text(), \"WebdriverYardtiqos\")]"}
COMMAND: POST /session/5a996439f29f64f375155c098e6d3fe0/element - {"using":"xpath","value":"//span[contains(@id ,\"application-addressmanagement-display-component---detailAdm--addressDetailDetailsName1\")][contains(text(), \"WebdriverYardtiqos\")]"}
RESULT: {"using":"xpath","value":"//span[contains(@id ,\"application-addressmanagement-display-component---detailAdm--addressDetailDetailsName1\")][contains(text(), \"WebdriverYardtiqos\")]"}
COMMAND: POST /session/5a996439f29f64f375155c098e6d3fe0/element - {"using":"xpath","value":"//span[contains(@id ,\"application-addressmanagement-display-component---detailAdm--addressDetailDetailsName1\")][contains(text(), \"WebdriverYardtiqos\")]"}
RESULT: {"using":"xpath","value":"//span[contains(@id ,\"application-addressmanagement-display-component---detailAdm--addressDetailDetailsName1\")][contains(text(), \"WebdriverYardtiqos\")]"}
COMMAND: POST /session/5a996439f29f64f375155c098e6d3fe0/element - {"using":"xpath","value":"//span[contains(@id ,\"application-addressmanagement-display-component---detailAdm--addressDetailDetailsName1\")][contains(text(), \"WebdriverYardtiqos\")]"}
RESULT: {"using":"xpath","value":"//span[contains(@id ,\"application-addressmanagement-display-component---detailAdm--addressDetailDetailsName1\")][contains(text(), \"WebdriverYardtiqos\")]"}
COMMAND: POST /session/5a996439f29f64f375155c098e6d3fe0/element - {"using":"xpath","value":"//span[contains(@id ,\"application-addressmanagement-display-component---detailAdm--addressDetailDetailsName1\")][contains(text(), \"WebdriverYardtiqos\")]"}
RESULT: {"using":"xpath","value":"//span[contains(@id ,\"application-addressmanagement-display-component---detailAdm--addressDetailDetailsName1\")][contains(text(), \"WebdriverYardtiqos\")]"}
COMMAND: POST /session/5a996439f29f64f375155c098e6d3fe0/element - {"using":"xpath","value":"//span[contains(@id ,\"application-addressmanagement-display-component---detailAdm--addressDetailDetailsName1\")][contains(text(), \"WebdriverYardtiqos\")]"}
RESULT: {"using":"xpath","value":"//span[contains(@id ,\"application-addressmanagement-display-component---detailAdm--addressDetailDetailsName1\")][contains(text(), \"WebdriverYardtiqos\")]"}
COMMAND: POST /session/5a996439f29f64f375155c098e6d3fe0/element - {"using":"xpath","value":"//span[contains(@id ,\"application-addressmanagement-display-component---detailAdm--addressDetailDetailsName1\")][contains(text(), \"WebdriverYardtiqos\")]"}
RESULT: {"using":"xpath","value":"//span[contains(@id ,\"application-addressmanagement-display-component---detailAdm--addressDetailDetailsName1\")][contains(text(), \"WebdriverYardtiqos\")]"}
COMMAND: POST /session/5a996439f29f64f375155c098e6d3fe0/element - {"using":"xpath","value":"//span[contains(@id ,\"application-addressmanagement-display-component---detailAdm--addressDetailDetailsName1\")][contains(text(), \"WebdriverYardtiqos\")]"}
RESULT: {"using":"xpath","value":"//span[contains(@id ,\"application-addressmanagement-display-component---detailAdm--addressDetailDetailsName1\")][contains(text(), \"WebdriverYardtiqos\")]"}
COMMAND: POST /session/5a996439f29f64f375155c098e6d3fe0/element - {"using":"xpath","value":"//span[contains(@id ,\"actionsToolbar-overflowButton-img\")]"}
RESULT: {"using":"xpath","value":"//span[contains(@id ,\"actionsToolbar-overflowButton-img\")]"}
COMMAND: POST /session/5a996439f29f64f375155c098e6d3fe0/execute/sync - {"script":"<script> [8489 bytes]","args":[{"element-6066-11e4-a52e-4f735466cecf":"f.6EEA461E792C481BE58B9946AB04CA3F.d.B997DAD1C6CDC7B466C0E0A87DB25B34.e.4883","ELEMENT":"f.6EEA461E792C481BE58B9946AB04CA3F.d.B997DAD1C6CDC7B466C0E0A87DB25B34.e.4883"}]}
RESULT: {"script":"<script> [8489 bytes]","args":[{"element-6066-11e4-a52e-4f735466cecf":"f.6EEA461E792C481BE58B9946AB04CA3F.d.B997DAD1C6CDC7B466C0E0A87DB25B34.e.4883","ELEMENT":"f.6EEA461E792C481BE58B9946AB04CA3F.d.B997DAD1C6CDC7B466C0E0A87DB25B34.e.4883"}]}
COMMAND: POST /session/5a996439f29f64f375155c098e6d3fe0/execute/sync - {"script":"<script> [5351 bytes]","args":[{"element-6066-11e4-a52e-4f735466cecf":"f.6EEA461E792C481BE58B9946AB04CA3F.d.B997DAD1C6CDC7B466C0E0A87DB25B34.e.4883","ELEMENT":"f.6EEA461E792C481BE58B9946AB04CA3F.d.B997DAD1C6CDC7B466C0E0A87DB25B34.e.4883"}]}
COMMAND: GET /session/5a996439f29f64f375155c098e6d3fe0/screenshot - {}
RESULT: {"script":"<script> [5351 bytes]","args":[{"element-6066-11e4-a52e-4f735466cecf":"f.6EEA461E792C481BE58B9946AB04CA3F.d.B997DAD1C6CDC7B466C0E0A87DB25B34.e.4883","ELEMENT":"f.6EEA461E792C481BE58B9946AB04CA3F.d.B997DAD1C6CDC7B466C0E0A87DB25B34.e.4883"}]}
COMMAND: POST /session/5a996439f29f64f375155c098e6d3fe0/element/f.6EEA461E792C481BE58B9946AB04CA3F.d.B997DAD1C6CDC7B466C0E0A87DB25B34.e.4883/click - {}
COMMAND: GET /session/5a996439f29f64f375155c098e6d3fe0/screenshot - {}
RESULT: {}
COMMAND: POST /session/5a996439f29f64f375155c098e6d3fe0/element - {"using":"xpath","value":"//span[contains(@id ,\"application-addressmanagement-display-component---detailAdm--addressDetailDetailsName1\")][contains(text(), \"WebdriverYardtiqos\")]"}
RESULT: {}
COMMAND: GET /session/5a996439f29f64f375155c098e6d3fe0/screenshot - {}
RESULT: {}
RESULT: {"using":"xpath","value":"//span[contains(@id ,\"application-addressmanagement-display-component---detailAdm--addressDetailDetailsName1\")][contains(text(), \"WebdriverYardtiqos\")]"}
RESULT: {}
COMMAND: POST /session/5a996439f29f64f375155c098e6d3fe0/element - {"using":"xpath","value":"//span[contains(@id ,\"application-addressmanagement-display-component---detailAdm--addressDetailDetailsName1\")][contains(text(), \"WebdriverYardtiqos\")]"}
RESULT: {"using":"xpath","value":"//span[contains(@id ,\"application-addressmanagement-display-component---detailAdm--addressDetailDetailsName1\")][contains(text(), \"WebdriverYardtiqos\")]"}
COMMAND: POST /session/5a996439f29f64f375155c098e6d3fe0/element - {"using":"xpath","value":"//span[contains(@id ,\"application-addressmanagement-display-component---detailAdm--addressDetailDetailsName1\")][contains(text(), \"WebdriverYardtiqos\")]"}
RESULT: {"using":"xpath","value":"//span[contains(@id ,\"application-addressmanagement-display-component---detailAdm--addressDetailDetailsName1\")][contains(text(), \"WebdriverYardtiqos\")]"}
COMMAND: POST /session/5a996439f29f64f375155c098e6d3fe0/element - {"using":"xpath","value":"//span[contains(@id ,\"application-addressmanagement-display-component---detailAdm--addressDetailDetailsName1\")][contains(text(), \"WebdriverYardtiqos\")]"}
COMMAND: POST /session/5a996439f29f64f375155c098e6d3fe0/element - {"using":"xpath","value":"(//bdi[contains(text(), \"Deactivate\")])[1]"}
RESULT: {"using":"xpath","value":"//span[contains(@id ,\"application-addressmanagement-display-component---detailAdm--addressDetailDetailsName1\")][contains(text(), \"WebdriverYardtiqos\")]"}
COMMAND: POST /session/5a996439f29f64f375155c098e6d3fe0/element - {"using":"xpath","value":"//span[contains(@id ,\"application-addressmanagement-display-component---detailAdm--addressDetailDetailsName1\")][contains(text(), \"WebdriverYardtiqos\")]"}
RESULT: {"using":"xpath","value":"(//bdi[contains(text(), \"Deactivate\")])[1]"}
COMMAND: POST /session/5a996439f29f64f375155c098e6d3fe0/element/f.6EEA461E792C481BE58B9946AB04CA3F.d.B997DAD1C6CDC7B466C0E0A87DB25B34.e.4886/click - {}
RESULT: {"using":"xpath","value":"//span[contains(@id ,\"application-addressmanagement-display-component---detailAdm--addressDetailDetailsName1\")][contains(text(), \"WebdriverYardtiqos\")]"}
RESULT: {}
COMMAND: GET /session/5a996439f29f64f375155c098e6d3fe0/screenshot - {}
COMMAND: POST /session/5a996439f29f64f375155c098e6d3fe0/element - {"using":"xpath","value":"//span[contains(@id ,\"application-addressmanagement-display-component---detailAdm--addressDetailDetailsName1\")][contains(text(), \"WebdriverYardtiqos\")]"}
RESULT: {}
RESULT: {"using":"xpath","value":"//span[contains(@id ,\"application-addressmanagement-display-component---detailAdm--addressDetailDetailsName1\")][contains(text(), \"WebdriverYardtiqos\")]"}
COMMAND: POST /session/5a996439f29f64f375155c098e6d3fe0/element - {"using":"xpath","value":"//span[contains(@id ,\"application-addressmanagement-display-component---detailAdm--addressDetailDetailsName1\")][contains(text(), \"WebdriverYardtiqos\")]"}
RESULT: {"using":"xpath","value":"//span[contains(@id ,\"application-addressmanagement-display-component---detailAdm--addressDetailDetailsName1\")][contains(text(), \"WebdriverYardtiqos\")]"}
COMMAND: POST /session/5a996439f29f64f375155c098e6d3fe0/element - {"using":"xpath","value":"//span[contains(@id ,\"application-addressmanagement-display-component---detailAdm--addressDetailDetailsName1\")][contains(text(), \"WebdriverYardtiqos\")]"}
RESULT: {"using":"xpath","value":"//span[contains(@id ,\"application-addressmanagement-display-component---detailAdm--addressDetailDetailsName1\")][contains(text(), \"WebdriverYardtiqos\")]"}
COMMAND: POST /session/5a996439f29f64f375155c098e6d3fe0/element - {"using":"xpath","value":"//span[contains(@id ,\"application-addressmanagement-display-component---detailAdm--addressDetailDetailsName1\")][contains(text(), \"WebdriverYardtiqos\")]"}
RESULT: {"using":"xpath","value":"//span[contains(@id ,\"application-addressmanagement-display-component---detailAdm--addressDetailDetailsName1\")][contains(text(), \"WebdriverYardtiqos\")]"}
COMMAND: POST /session/5a996439f29f64f375155c098e6d3fe0/element - {"using":"xpath","value":"(//bdi[contains(text(), \"OK\")])[1]"}
RESULT: {"using":"xpath","value":"(//bdi[contains(text(), \"OK\")])[1]"}
COMMAND: POST /session/5a996439f29f64f375155c098e6d3fe0/element/f.6EEA461E792C481BE58B9946AB04CA3F.d.B997DAD1C6CDC7B466C0E0A87DB25B34.e.4889/click - {}
RESULT: {}
COMMAND: GET /session/5a996439f29f64f375155c098e6d3fe0/screenshot - {}
COMMAND: POST /session/5a996439f29f64f375155c098e6d3fe0/element - {"using":"xpath","value":"//span[contains(@id ,\"application-addressmanagement-display-component---detailAdm--addressDetailDetailsName1\")][contains(text(), \"WebdriverYardtiqos\")]"}
RESULT: {}
RESULT: {"using":"xpath","value":"//span[contains(@id ,\"application-addressmanagement-display-component---detailAdm--addressDetailDetailsName1\")][contains(text(), \"WebdriverYardtiqos\")]"}
COMMAND: POST /session/5a996439f29f64f375155c098e6d3fe0/element - {"using":"xpath","value":"//span[contains(@id ,\"application-addressmanagement-display-component---detailAdm--addressDetailDetailsName1\")][contains(text(), \"WebdriverYardtiqos\")]"}
RESULT: {"using":"xpath","value":"//span[contains(@id ,\"application-addressmanagement-display-component---detailAdm--addressDetailDetailsName1\")][contains(text(), \"WebdriverYardtiqos\")]"}
COMMAND: POST /session/5a996439f29f64f375155c098e6d3fe0/element - {"using":"xpath","value":"//span[contains(@id ,\"application-addressmanagement-display-component---detailAdm--addressDetailDetailsName1\")][contains(text(), \"WebdriverYardtiqos\")]"}
RESULT: {"using":"xpath","value":"//span[contains(@id ,\"application-addressmanagement-display-component---detailAdm--addressDetailDetailsName1\")][contains(text(), \"WebdriverYardtiqos\")]"}
COMMAND: POST /session/5a996439f29f64f375155c098e6d3fe0/element - {"using":"xpath","value":"//span[contains(@id ,\"application-addressmanagement-display-component---detailAdm--addressDetailDetailsName1\")][contains(text(), \"WebdriverYardtiqos\")]"}
RESULT: {"using":"xpath","value":"//span[contains(@id ,\"application-addressmanagement-display-component---detailAdm--addressDetailDetailsName1\")][contains(text(), \"WebdriverYardtiqos\")]"}
COMMAND: POST /session/5a996439f29f64f375155c098e6d3fe0/element - {"using":"xpath","value":"//span[contains(@id ,\"application-addressmanagement-display-component---detailAdm--addressDetailDetailsName1\")][contains(text(), \"WebdriverYardtiqos\")]"}
RESULT: {"using":"xpath","value":"//span[contains(@id ,\"application-addressmanagement-display-component---detailAdm--addressDetailDetailsName1\")][contains(text(), \"WebdriverYardtiqos\")]"}
COMMAND: POST /session/5a996439f29f64f375155c098e6d3fe0/element - {"using":"xpath","value":"//span[contains(@id ,\"application-addressmanagement-display-component---detailAdm--addressDetailDetailsName1\")][contains(text(), \"WebdriverYardtiqos\")]"}
RESULT: {"using":"xpath","value":"//span[contains(@id ,\"application-addressmanagement-display-component---detailAdm--addressDetailDetailsName1\")][contains(text(), \"WebdriverYardtiqos\")]"}
COMMAND: POST /session/5a996439f29f64f375155c098e6d3fe0/element - {"using":"xpath","value":"//input[contains(@id ,\"application-manageresources-display-component---masterRU--smartFilterBar-btnBasicSearch-I\")]"}
RESULT: {"using":"xpath","value":"//input[contains(@id ,\"application-manageresources-display-component---masterRU--smartFilterBar-btnBasicSearch-I\")]"}
COMMAND: POST /session/5a996439f29f64f375155c098e6d3fe0/element/f.6EEA461E792C481BE58B9946AB04CA3F.d.B997DAD1C6CDC7B466C0E0A87DB25B34.e.4641/value - {"text":"WdIORUGroupt0bp5"}
RESULT: {"text":"WdIORUGroupt0bp5"}
COMMAND: GET /session/5a996439f29f64f375155c098e6d3fe0/screenshot - {}
COMMAND: POST /session/5a996439f29f64f375155c098e6d3fe0/element - {"using":"xpath","value":"//span[contains(@id ,\"application-addressmanagement-display-component---detailAdm--addressDetailDetailsName1\")][contains(text(), \"WebdriverYardtiqos\")]"}
RESULT: {}
RESULT: {"using":"xpath","value":"//span[contains(@id ,\"application-addressmanagement-display-component---detailAdm--addressDetailDetailsName1\")][contains(text(), \"WebdriverYardtiqos\")]"}
COMMAND: POST /session/5a996439f29f64f375155c098e6d3fe0/element - {"using":"xpath","value":"//span[contains(@id ,\"application-addressmanagement-display-component---detailAdm--addressDetailDetailsName1\")][contains(text(), \"WebdriverYardtiqos\")]"}
RESULT: {"using":"xpath","value":"//span[contains(@id ,\"application-addressmanagement-display-component---detailAdm--addressDetailDetailsName1\")][contains(text(), \"WebdriverYardtiqos\")]"}
COMMAND: POST /session/5a996439f29f64f375155c098e6d3fe0/element - {"using":"xpath","value":"//span[contains(@id ,\"application-addressmanagement-display-component---detailAdm--addressDetailDetailsName1\")][contains(text(), \"WebdriverYardtiqos\")]"}
RESULT: {"using":"xpath","value":"//span[contains(@id ,\"application-addressmanagement-display-component---detailAdm--addressDetailDetailsName1\")][contains(text(), \"WebdriverYardtiqos\")]"}
COMMAND: POST /session/5a996439f29f64f375155c098e6d3fe0/element - {"using":"xpath","value":"//span[contains(@id ,\"application-addressmanagement-display-component---detailAdm--addressDetailDetailsName1\")][contains(text(), \"WebdriverYardtiqos\")]"}
RESULT: {"using":"xpath","value":"//span[contains(@id ,\"application-addressmanagement-display-component---detailAdm--addressDetailDetailsName1\")][contains(text(), \"WebdriverYardtiqos\")]"}
COMMAND: POST /session/5a996439f29f64f375155c098e6d3fe0/actions - {"actions":[{"id":"action13","type":"key","parameters":{},"actions":[{"type":"keyDown","value":""},{"type":"pause","duration":10},{"type":"keyUp","value":""}]}]}
RESULT: {"actions":[{"id":"action13","type":"key","parameters":{},"actions":[{"type":"keyDown","value":""},{"type":"pause","duration":10},{"type":"keyUp","value":""}]}]}
COMMAND: GET /session/5a996439f29f64f375155c098e6d3fe0/screenshot - {}
COMMAND: POST /session/5a996439f29f64f375155c098e6d3fe0/element - {"using":"xpath","value":"//span[contains(@id ,\"application-addressmanagement-display-component---detailAdm--addressDetailDetailsName1\")][contains(text(), \"WebdriverYardtiqos\")]"}
RESULT: {}
RESULT: {"using":"xpath","value":"//span[contains(@id ,\"application-addressmanagement-display-component---detailAdm--addressDetailDetailsName1\")][contains(text(), \"WebdriverYardtiqos\")]"}
COMMAND: POST /session/5a996439f29f64f375155c098e6d3fe0/element - {"using":"xpath","value":"//span[contains(@id ,\"application-addressmanagement-display-component---detailAdm--addressDetailDetailsName1\")][contains(text(), \"WebdriverYardtiqos\")]"}
RESULT: {"using":"xpath","value":"//span[contains(@id ,\"application-addressmanagement-display-component---detailAdm--addressDetailDetailsName1\")][contains(text(), \"WebdriverYardtiqos\")]"}
COMMAND: POST /session/5a996439f29f64f375155c098e6d3fe0/element - {"using":"xpath","value":"//span[contains(@id ,\"application-addressmanagement-display-component---detailAdm--addressDetailDetailsName1\")][contains(text(), \"WebdriverYardtiqos\")]"}
RESULT: {"using":"xpath","value":"//span[contains(@id ,\"application-addressmanagement-display-component---detailAdm--addressDetailDetailsName1\")][contains(text(), \"WebdriverYardtiqos\")]"}
COMMAND: POST /session/5a996439f29f64f375155c098e6d3fe0/element - {"using":"xpath","value":"//span[contains(@id ,\"application-addressmanagement-display-component---detailAdm--addressDetailDetailsName1\")][contains(text(), \"WebdriverYardtiqos\")]"}
RESULT: {"using":"xpath","value":"//span[contains(@id ,\"application-addressmanagement-display-component---detailAdm--addressDetailDetailsName1\")][contains(text(), \"WebdriverYardtiqos\")]"}
COMMAND: POST /session/5a996439f29f64f375155c098e6d3fe0/element - {"using":"xpath","value":"//span[contains(@id ,\"application-addressmanagement-display-component---detailAdm--addressDetailDetailsName1\")][contains(text(), \"WebdriverYardtiqos\")]"}
RESULT: {"using":"xpath","value":"//span[contains(@id ,\"application-addressmanagement-display-component---detailAdm--addressDetailDetailsName1\")][contains(text(), \"WebdriverYardtiqos\")]"}
COMMAND: POST /session/5a996439f29f64f375155c098e6d3fe0/element - {"using":"xpath","value":"//span[contains(@id ,\"application-addressmanagement-display-component---detailAdm--addressDetailDetailsName1\")][contains(text(), \"WebdriverYardtiqos\")]"}
RESULT: {"using":"xpath","value":"//span[contains(@id ,\"application-addressmanagement-display-component---detailAdm--addressDetailDetailsName1\")][contains(text(), \"WebdriverYardtiqos\")]"}
COMMAND: POST /session/5a996439f29f64f375155c098e6d3fe0/element - {"using":"xpath","value":"//span[contains(@id ,\"application-addressmanagement-display-component---detailAdm--addressDetailDetailsName1\")][contains(text(), \"WebdriverYardtiqos\")]"}
RESULT: {"using":"xpath","value":"//span[contains(@id ,\"application-addressmanagement-display-component---detailAdm--addressDetailDetailsName1\")][contains(text(), \"WebdriverYardtiqos\")]"}
COMMAND: POST /session/5a996439f29f64f375155c098e6d3fe0/element - {"using":"xpath","value":"//span[contains(@id ,\"application-addressmanagement-display-component---detailAdm--addressDetailDetailsName1\")][contains(text(), \"WebdriverYardtiqos\")]"}
RESULT: {"using":"xpath","value":"//span[contains(@id ,\"application-addressmanagement-display-component---detailAdm--addressDetailDetailsName1\")][contains(text(), \"WebdriverYardtiqos\")]"}
COMMAND: POST /session/5a996439f29f64f375155c098e6d3fe0/element - {"using":"xpath","value":"//span[contains(@id ,\"application-addressmanagement-display-component---detailAdm--addressDetailDetailsName1\")][contains(text(), \"WebdriverYardtiqos\")]"}
RESULT: {"using":"xpath","value":"//span[contains(@id ,\"application-addressmanagement-display-component---detailAdm--addressDetailDetailsName1\")][contains(text(), \"WebdriverYardtiqos\")]"}
COMMAND: POST /session/5a996439f29f64f375155c098e6d3fe0/element - {"using":"xpath","value":"//span[contains(@id ,\"application-addressmanagement-display-component---detailAdm--addressDetailDetailsName1\")][contains(text(), \"WebdriverYardtiqos\")]"}
RESULT: {"using":"xpath","value":"//span[contains(@id ,\"application-addressmanagement-display-component---detailAdm--addressDetailDetailsName1\")][contains(text(), \"WebdriverYardtiqos\")]"}
COMMAND: POST /session/5a996439f29f64f375155c098e6d3fe0/element - {"using":"xpath","value":"//span[contains(@id ,\"application-addressmanagement-display-component---detailAdm--addressDetailDetailsName1\")][contains(text(), \"WebdriverYardtiqos\")]"}
RESULT: {"using":"xpath","value":"//span[contains(@id ,\"application-addressmanagement-display-component---detailAdm--addressDetailDetailsName1\")][contains(text(), \"WebdriverYardtiqos\")]"}
COMMAND: POST /session/5a996439f29f64f375155c098e6d3fe0/element - {"using":"xpath","value":"//span[contains(text(), \"WdIORUGroupt0bp5\")][contains(@class ,\"sapMText sapUiSelectable sapMTextBreakWord sapMTextMaxWidth\")]"}
RESULT: {"using":"xpath","value":"//span[contains(text(), \"WdIORUGroupt0bp5\")][contains(@class ,\"sapMText sapUiSelectable sapMTextBreakWord sapMTextMaxWidth\")]"}
COMMAND: POST /session/5a996439f29f64f375155c098e6d3fe0/element/f.6EEA461E792C481BE58B9946AB04CA3F.d.B997DAD1C6CDC7B466C0E0A87DB25B34.e.5172/click - {}
COMMAND: POST /session/5a996439f29f64f375155c098e6d3fe0/element - {"using":"xpath","value":"//span[contains(@id ,\"application-addressmanagement-display-component---detailAdm--addressDetailDetailsName1\")][contains(text(), \"WebdriverYardtiqos\")]"}
RESULT: {}
COMMAND: GET /session/5a996439f29f64f375155c098e6d3fe0/screenshot - {}
RESULT: {"using":"xpath","value":"//span[contains(@id ,\"application-addressmanagement-display-component---detailAdm--addressDetailDetailsName1\")][contains(text(), \"WebdriverYardtiqos\")]"}
COMMAND: POST /session/5a996439f29f64f375155c098e6d3fe0/element - {"using":"xpath","value":"//span[contains(@id ,\"application-addressmanagement-display-component---detailAdm--addressDetailDetailsName1\")][contains(text(), \"WebdriverYardtiqos\")]"}
RESULT: {}
RESULT: {"using":"xpath","value":"//span[contains(@id ,\"application-addressmanagement-display-component---detailAdm--addressDetailDetailsName1\")][contains(text(), \"WebdriverYardtiqos\")]"}
COMMAND: POST /session/5a996439f29f64f375155c098e6d3fe0/element - {"using":"xpath","value":"//span[contains(@id ,\"application-addressmanagement-display-component---detailAdm--addressDetailDetailsName1\")][contains(text(), \"WebdriverYardtiqos\")]"}
RESULT: {"using":"xpath","value":"//span[contains(@id ,\"application-addressmanagement-display-component---detailAdm--addressDetailDetailsName1\")][contains(text(), \"WebdriverYardtiqos\")]"}
COMMAND: POST /session/5a996439f29f64f375155c098e6d3fe0/element - {"using":"xpath","value":"//bdi[contains(@id ,\"application-manageresources-display-component---detailRU--openRelatedRus-BDI-content\")]"}
RESULT: {"using":"xpath","value":"//bdi[contains(@id ,\"application-manageresources-display-component---detailRU--openRelatedRus-BDI-content\")]"}
COMMAND: POST /session/5a996439f29f64f375155c098e6d3fe0/execute/sync - {"script":"<script> [8489 bytes]","args":[{"element-6066-11e4-a52e-4f735466cecf":"f.6EEA461E792C481BE58B9946AB04CA3F.d.B997DAD1C6CDC7B466C0E0A87DB25B34.e.5225","ELEMENT":"f.6EEA461E792C481BE58B9946AB04CA3F.d.B997DAD1C6CDC7B466C0E0A87DB25B34.e.5225"}]}
RESULT: {"script":"<script> [8489 bytes]","args":[{"element-6066-11e4-a52e-4f735466cecf":"f.6EEA461E792C481BE58B9946AB04CA3F.d.B997DAD1C6CDC7B466C0E0A87DB25B34.e.5225","ELEMENT":"f.6EEA461E792C481BE58B9946AB04CA3F.d.B997DAD1C6CDC7B466C0E0A87DB25B34.e.5225"}]}
COMMAND: POST /session/5a996439f29f64f375155c098e6d3fe0/execute/sync - {"script":"<script> [5351 bytes]","args":[{"element-6066-11e4-a52e-4f735466cecf":"f.6EEA461E792C481BE58B9946AB04CA3F.d.B997DAD1C6CDC7B466C0E0A87DB25B34.e.5225","ELEMENT":"f.6EEA461E792C481BE58B9946AB04CA3F.d.B997DAD1C6CDC7B466C0E0A87DB25B34.e.5225"}]}
COMMAND: GET /session/5a996439f29f64f375155c098e6d3fe0/screenshot - {}
RESULT: {"script":"<script> [5351 bytes]","args":[{"element-6066-11e4-a52e-4f735466cecf":"f.6EEA461E792C481BE58B9946AB04CA3F.d.B997DAD1C6CDC7B466C0E0A87DB25B34.e.5225","ELEMENT":"f.6EEA461E792C481BE58B9946AB04CA3F.d.B997DAD1C6CDC7B466C0E0A87DB25B34.e.5225"}]}
COMMAND: POST /session/5a996439f29f64f375155c098e6d3fe0/element/f.6EEA461E792C481BE58B9946AB04CA3F.d.B997DAD1C6CDC7B466C0E0A87DB25B34.e.5225/click - {}
COMMAND: GET /session/5a996439f29f64f375155c098e6d3fe0/screenshot - {}
RESULT: {}
RESULT: {}
COMMAND: GET /session/5a996439f29f64f375155c098e6d3fe0/screenshot - {}
RESULT: {}
RESULT: {}
RESULT: undefined
COMMAND: POST /session/5a996439f29f64f375155c098e6d3fe0/execute/async - {"script":"<script> [6424 bytes]","args":[{"element-6066-11e4-a52e-4f735466cecf":"f.6EEA461E792C481BE58B9946AB04CA3F.d.B997DAD1C6CDC7B466C0E0A87DB25B34.e.2463"},"getText",[]]}
COMMAND: POST /session/5a996439f29f64f375155c098e6d3fe0/execute/async - {"script":"<script> [1562 bytes]","args":[{"selector":{"id":"RelatedRUsFragmentID--smartTableRUs-header","searchOpenDialogs":true},"wdio_ui5_key":"RelatedRUsFragmentIDsmartTableRUs-header"}]}
RESULT: {"script":"<script> [1562 bytes]","args":[{"selector":{"id":"RelatedRUsFragmentID--smartTableRUs-header","searchOpenDialogs":true},"wdio_ui5_key":"RelatedRUsFragmentIDsmartTableRUs-header"}]}
COMMAND: POST /session/5a996439f29f64f375155c098e6d3fe0/execute/async - {"script":"<script> [6424 bytes]","args":[{"element-6066-11e4-a52e-4f735466cecf":"f.6EEA461E792C481BE58B9946AB04CA3F.d.B997DAD1C6CDC7B466C0E0A87DB25B34.e.5230"},"getText",[]]}
RESULT: {"script":"<script> [6424 bytes]","args":[{"element-6066-11e4-a52e-4f735466cecf":"f.6EEA461E792C481BE58B9946AB04CA3F.d.B997DAD1C6CDC7B466C0E0A87DB25B34.e.5230"},"getText",[]]}
COMMAND: POST /session/5a996439f29f64f375155c098e6d3fe0/element - {"using":"xpath","value":"//span[contains(text(), \"WdIORUEquip1r9667\")]"}
RESULT: {"using":"xpath","value":"//span[contains(text(), \"WdIORUEquip1r9667\")]"}
COMMAND: POST /session/5a996439f29f64f375155c098e6d3fe0/element - {"using":"xpath","value":"//span[contains(text(), \"WdIORUEquip1r9667\")]"}
RESULT: {"using":"xpath","value":"//span[contains(text(), \"WdIORUEquip1r9667\")]"}
COMMAND: DELETE /session/5a996439f29f64f375155c098e6d3fe0 - {}
RESULT: {}
]]></system-out>
    </testcase>
  </testsuite>
</testsuites>