<?xml version="1.0" encoding="UTF-8"?>
<testsuites tests="53" failures="0" errors="0" skipped="0">
  <testsuite timestamp="2025-05-26T17:21:22" time="264.347" tests="5" failures="0" errors="0" skipped="0">
    <properties>
      <property name="specId" value="0"/>
      <property name="suiteName" value="Tests for DXCW CAE environment, including specific login to the system US"/>
      <property name="capabilities" value="chrome.136_0_7103_93.windows"/>
      <property name="file" value="file:///D:/a/1/s/test/specs/BTS/dxcw-cae.spec.js"/>
    </properties>
    <testcase classname="chrome.136_0_7103_93.windows.Tests_for_DXCW_CAE_environment,_including_specific_login_to_the_system_US" name="Should login to the DXCW CAE env US156289" time="23.723">
      <system-out><![CDATA[
COMMAND: POST /session/0ffaedec2ff4d329b9cb85ca897a1301/url - {"url":"https://qa-testing-00-live-dxcw-portal.cfapps.eu10-004.hana.ondemand.com/"}
RESULT: {"url":"https://qa-testing-00-live-dxcw-portal.cfapps.eu10-004.hana.ondemand.com/"}
COMMAND: GET /session/0ffaedec2ff4d329b9cb85ca897a1301/screenshot - {}
RESULT: {}
COMMAND: POST /session/0ffaedec2ff4d329b9cb85ca897a1301/element - {"using":"xpath","value":"//input[@id = \"j_username\"]"}
RESULT: {"using":"xpath","value":"//input[@id = \"j_username\"]"}
COMMAND: POST /session/0ffaedec2ff4d329b9cb85ca897a1301/execute/sync - {"script":"<script> [8489 bytes]","args":[{"element-6066-11e4-a52e-4f735466cecf":"f.9119AA68FED8A447B03A71089BFD3ED7.d.72DD98204A1CF3EAE61B27131A00E26D.e.37","ELEMENT":"f.9119AA68FED8A447B03A71089BFD3ED7.d.72DD98204A1CF3EAE61B27131A00E26D.e.37"}]}
RESULT: {"script":"<script> [8489 bytes]","args":[{"element-6066-11e4-a52e-4f735466cecf":"f.9119AA68FED8A447B03A71089BFD3ED7.d.72DD98204A1CF3EAE61B27131A00E26D.e.37","ELEMENT":"f.9119AA68FED8A447B03A71089BFD3ED7.d.72DD98204A1CF3EAE61B27131A00E26D.e.37"}]}
COMMAND: POST /session/0ffaedec2ff4d329b9cb85ca897a1301/element - {"using":"xpath","value":"//input[@id = \"j_username\"]"}
COMMAND: GET /session/0ffaedec2ff4d329b9cb85ca897a1301/screenshot - {}
RESULT: {"using":"xpath","value":"//input[@id = \"j_username\"]"}
COMMAND: POST /session/0ffaedec2ff4d329b9cb85ca897a1301/element/f.9119AA68FED8A447B03A71089BFD3ED7.d.72DD98204A1CF3EAE61B27131A00E26D.e.37/clear - {}
RESULT: {}
RESULT: {}
COMMAND: POST /session/0ffaedec2ff4d329b9cb85ca897a1301/element/f.9119AA68FED8A447B03A71089BFD3ED7.d.72DD98204A1CF3EAE61B27131A00E26D.e.37/value - {"text":"test1etm@bearingpoint.com"}
COMMAND: GET /session/0ffaedec2ff4d329b9cb85ca897a1301/screenshot - {}
RESULT: {"text":"test1etm@bearingpoint.com"}
COMMAND: POST /session/0ffaedec2ff4d329b9cb85ca897a1301/element - {"using":"xpath","value":"//input[@id = \"j_password\"]"}
COMMAND: GET /session/0ffaedec2ff4d329b9cb85ca897a1301/screenshot - {}
RESULT: {}
RESULT: {"using":"xpath","value":"//input[@id = \"j_password\"]"}
COMMAND: POST /session/0ffaedec2ff4d329b9cb85ca897a1301/element/f.9119AA68FED8A447B03A71089BFD3ED7.d.72DD98204A1CF3EAE61B27131A00E26D.e.39/clear - {}
RESULT: {}
RESULT: {}
COMMAND: POST /session/0ffaedec2ff4d329b9cb85ca897a1301/element/f.9119AA68FED8A447B03A71089BFD3ED7.d.72DD98204A1CF3EAE61B27131A00E26D.e.39/value - {"text":"ETM.next2024"}
COMMAND: GET /session/0ffaedec2ff4d329b9cb85ca897a1301/screenshot - {}
RESULT: {"text":"ETM.next2024"}
COMMAND: GET /session/0ffaedec2ff4d329b9cb85ca897a1301/screenshot - {}
RESULT: {}
RESULT: {}
COMMAND: POST /session/0ffaedec2ff4d329b9cb85ca897a1301/element - {"using":"css selector","value":"button[type=\"submit\"]"}
RESULT: {"using":"css selector","value":"button[type=\"submit\"]"}
COMMAND: POST /session/0ffaedec2ff4d329b9cb85ca897a1301/element/f.9119AA68FED8A447B03A71089BFD3ED7.d.72DD98204A1CF3EAE61B27131A00E26D.e.60/click - {}
RESULT: {}
COMMAND: POST /session/0ffaedec2ff4d329b9cb85ca897a1301/element - {"using":"xpath","value":"//a[contains(@aria-label,\"Migration Service\")]"}
COMMAND: GET /session/0ffaedec2ff4d329b9cb85ca897a1301/screenshot - {}
RESULT: {"using":"xpath","value":"//a[contains(@aria-label,\"Migration Service\")]"}
COMMAND: POST /session/0ffaedec2ff4d329b9cb85ca897a1301/execute/sync - {"script":"<script> [8489 bytes]","args":[{"element-6066-11e4-a52e-4f735466cecf":"f.9119AA68FED8A447B03A71089BFD3ED7.d.53F3E3C6F7A82EC0ECFF00C2FD00CF18.e.87","ELEMENT":"f.9119AA68FED8A447B03A71089BFD3ED7.d.53F3E3C6F7A82EC0ECFF00C2FD00CF18.e.87"}]}
RESULT: {}
COMMAND: POST /session/0ffaedec2ff4d329b9cb85ca897a1301/element - {"using":"xpath","value":"//a[contains(@aria-label,\"Migration Service\")]"}
RESULT: {"using":"xpath","value":"//a[contains(@aria-label,\"Migration Service\")]"}
COMMAND: POST /session/0ffaedec2ff4d329b9cb85ca897a1301/execute/sync - {"script":"<script> [8489 bytes]","args":[{"element-6066-11e4-a52e-4f735466cecf":"f.9119AA68FED8A447B03A71089BFD3ED7.d.53F3E3C6F7A82EC0ECFF00C2FD00CF18.e.90","ELEMENT":"f.9119AA68FED8A447B03A71089BFD3ED7.d.53F3E3C6F7A82EC0ECFF00C2FD00CF18.e.90"}]}
RESULT: {"script":"<script> [8489 bytes]","args":[{"element-6066-11e4-a52e-4f735466cecf":"f.9119AA68FED8A447B03A71089BFD3ED7.d.53F3E3C6F7A82EC0ECFF00C2FD00CF18.e.90","ELEMENT":"f.9119AA68FED8A447B03A71089BFD3ED7.d.53F3E3C6F7A82EC0ECFF00C2FD00CF18.e.90"}]}
COMMAND: POST /session/0ffaedec2ff4d329b9cb85ca897a1301/execute/sync - {"script":"<script> [8489 bytes]","args":[{"element-6066-11e4-a52e-4f735466cecf":"f.9119AA68FED8A447B03A71089BFD3ED7.d.53F3E3C6F7A82EC0ECFF00C2FD00CF18.e.90","ELEMENT":"f.9119AA68FED8A447B03A71089BFD3ED7.d.53F3E3C6F7A82EC0ECFF00C2FD00CF18.e.90"}]}
COMMAND: GET /session/0ffaedec2ff4d329b9cb85ca897a1301/screenshot - {}
RESULT: {"script":"<script> [8489 bytes]","args":[{"element-6066-11e4-a52e-4f735466cecf":"f.9119AA68FED8A447B03A71089BFD3ED7.d.53F3E3C6F7A82EC0ECFF00C2FD00CF18.e.90","ELEMENT":"f.9119AA68FED8A447B03A71089BFD3ED7.d.53F3E3C6F7A82EC0ECFF00C2FD00CF18.e.90"}]}
COMMAND: POST /session/0ffaedec2ff4d329b9cb85ca897a1301/window/fullscreen - {}
COMMAND: GET /session/0ffaedec2ff4d329b9cb85ca897a1301/screenshot - {}
RESULT: {}
RESULT: {}
COMMAND: POST /session/0ffaedec2ff4d329b9cb85ca897a1301/execute/async - {"script":"<script> [189 bytes]","args":[]}
RESULT: {}
RESULT: {"script":"<script> [189 bytes]","args":[]}
COMMAND: POST /session/0ffaedec2ff4d329b9cb85ca897a1301/execute/async - {"script":"<script> [123 bytes]","args":[]}
RESULT: {"script":"<script> [123 bytes]","args":[]}
COMMAND: POST /session/0ffaedec2ff4d329b9cb85ca897a1301/timeouts - {"script":"<number>"}
RESULT: {"script":"<number>"}
COMMAND: GET /session/0ffaedec2ff4d329b9cb85ca897a1301/timeouts - {}
RESULT: {}
COMMAND: POST /session/0ffaedec2ff4d329b9cb85ca897a1301/execute/async - {"script":"<script> [78 bytes]","args":[]}
RESULT: {"script":"<script> [78 bytes]","args":[]}
RESULT: undefined
COMMAND: POST /session/0ffaedec2ff4d329b9cb85ca897a1301/execute/async - {"script":"<script> [2676 bytes]","args":[]}
RESULT: {"script":"<script> [2676 bytes]","args":[]}
COMMAND: POST /session/0ffaedec2ff4d329b9cb85ca897a1301/execute/async - {"script":"<script> [2342 bytes]","args":[{"protocol":"http","hostname":"0.0.0.0","path":"/","capabilities":{"browserName":"chrome","goog:chromeOptions":{"binary":"C:\\Program Files\\Google\\Chrome\\Application\\chrome.exe","args":["--start-maximized"]}},"logLevel":"warn","connectionRetryTimeout":120000,"connectionRetryCount":3,"logLevels":{},"enableDirectConnect":true,"strictSSL":true,"_":"65 more keys: [\"cacheDir\",\"port\",\"requestedCapabilities\",\"automationProtocol\",\"baseUrl\",\"waitforInterval\",\"waitforTimeout\",\"onReload\",\"beforeCommand\",\"afterCommand\",\"rootDir\",\"specs\",\"suites\",\"exclude\",\"groupLogsByTestSpec\",\"excludeDriverLogs\",\"bail\",\"framework\",\"reporters\",\"services\",\"maxInstances\",\"maxInstancesPerCapability\",\"injectGlobals\",\"filesToWatch\",\"execArgv\",\"runnerEnv\",\"runner\",\"shard\",\"specFileRetries\",\"specFileRetriesDelay\",\"specFileRetriesDeferred\",\"reporterSyncInterval\",\"reporterSyncTimeout\",\"cucumberFeaturesWithLineNumbers\",\"autoCompileOpts\",\"mochaOpts\",\"jasmineOpts\",\"cucumberOpts\",\"onPrepare\",\"onWorkerStart\",\"onWorkerEnd\",\"before\",\"beforeSession\",\"beforeSuite\",\"beforeHook\",\"beforeTest\",\"afterTest\",\"afterHook\",\"afterSuite\",\"afterSession\",\"after\",\"onComplete\",\"beforeAssertion\",\"afterAssertion\",\"beforeFeature\",\"beforeScenario\",\"beforeStep\",\"afterStep\",\"afterScenario\",\"afterFeature\",\"_\",\"suite\",\"$0\",\"ignoredWorkerServices\",\"wdi5\"]"}]}
RESULT: {"script":"<script> [2342 bytes]","args":[{"protocol":"http","hostname":"0.0.0.0","path":"/","capabilities":{"browserName":"chrome","goog:chromeOptions":{"binary":"C:\\Program Files\\Google\\Chrome\\Application\\chrome.exe","args":["--start-maximized"]}},"logLevel":"warn","connectionRetryTimeout":120000,"connectionRetryCount":3,"logLevels":{},"enableDirectConnect":true,"strictSSL":true,"_":"65 more keys: [\"cacheDir\",\"port\",\"requestedCapabilities\",\"automationProtocol\",\"baseUrl\",\"waitforInterval\",\"waitforTimeout\",\"onReload\",\"beforeCommand\",\"afterCommand\",\"rootDir\",\"specs\",\"suites\",\"exclude\",\"groupLogsByTestSpec\",\"excludeDriverLogs\",\"bail\",\"framework\",\"reporters\",\"services\",\"maxInstances\",\"maxInstancesPerCapability\",\"injectGlobals\",\"filesToWatch\",\"execArgv\",\"runnerEnv\",\"runner\",\"shard\",\"specFileRetries\",\"specFileRetriesDelay\",\"specFileRetriesDeferred\",\"reporterSyncInterval\",\"reporterSyncTimeout\",\"cucumberFeaturesWithLineNumbers\",\"autoCompileOpts\",\"mochaOpts\",\"jasmineOpts\",\"cucumberOpts\",\"onPrepare\",\"onWorkerStart\",\"onWorkerEnd\",\"before\",\"beforeSession\",\"beforeSuite\",\"beforeHook\",\"beforeTest\",\"afterTest\",\"afterHook\",\"afterSuite\",\"afterSession\",\"after\",\"onComplete\",\"beforeAssertion\",\"afterAssertion\",\"beforeFeature\",\"beforeScenario\",\"beforeStep\",\"afterStep\",\"afterScenario\",\"afterFeature\",\"_\",\"suite\",\"$0\",\"ignoredWorkerServices\",\"wdi5\"]"}]}
COMMAND: POST /session/0ffaedec2ff4d329b9cb85ca897a1301/execute/async - {"script":"<script> [21126 bytes]","args":[35000]}
RESULT: {"script":"<script> [21126 bytes]","args":[35000]}
]]></system-out>
    </testcase>
    <testcase classname="chrome.136_0_7103_93.windows.Tests_for_DXCW_CAE_environment,_including_specific_login_to_the_system_US" name="Should upload address file entry used for later tests as master data US156291" time="78.655">
      <system-out><![CDATA[
COMMAND: POST /session/0ffaedec2ff4d329b9cb85ca897a1301/execute/async - {"script":"<script> [1562 bytes]","args":[{"selector":{"controlType":"sap.m.GenericTile","properties":{"header":"Migration Service"}},"wdio_ui5_key":"sapm.GenericTile{\"header\":\"Migration Service\"}"}]}
RESULT: {"script":"<script> [1562 bytes]","args":[{"selector":{"controlType":"sap.m.GenericTile","properties":{"header":"Migration Service"}},"wdio_ui5_key":"sapm.GenericTile{\"header\":\"Migration Service\"}"}]}
RESULT: undefined
COMMAND: POST /session/0ffaedec2ff4d329b9cb85ca897a1301/element - {"using":"xpath","value":"//*[@id=\"__tile25\"]"}
RESULT: {"using":"xpath","value":"//*[@id=\"__tile25\"]"}
COMMAND: POST /session/0ffaedec2ff4d329b9cb85ca897a1301/element/f.9119AA68FED8A447B03A71089BFD3ED7.d.53F3E3C6F7A82EC0ECFF00C2FD00CF18.e.90/click - {}
RESULT: {}
COMMAND: GET /session/0ffaedec2ff4d329b9cb85ca897a1301/screenshot - {}
RESULT: {}
RESULT: undefined
RESULT: undefined
RESULT: undefined
RESULT: undefined
RESULT: undefined
RESULT: undefined
COMMAND: POST /session/0ffaedec2ff4d329b9cb85ca897a1301/elements - {"using":"xpath","value":"//span[text()='Error']"}
RESULT: {"using":"xpath","value":"//span[text()='Error']"}
COMMAND: POST /session/0ffaedec2ff4d329b9cb85ca897a1301/execute/async - {"script":"<script> [1562 bytes]","args":[{"selector":{"controlType":"sap.m.GenericTile","viewName":"bbs.dxcw.migration.view.Home","i18NText":{"propertyName":"header","key":"migrationService"}},"wdio_ui5_key":"bbsdxcw.migration.view.Homesap.m.GenericTile{\"propertyName\":\"header\",\"key\":\"migrationService\"}"}]}
RESULT: {"script":"<script> [1562 bytes]","args":[{"selector":{"controlType":"sap.m.GenericTile","viewName":"bbs.dxcw.migration.view.Home","i18NText":{"propertyName":"header","key":"migrationService"}},"wdio_ui5_key":"bbsdxcw.migration.view.Homesap.m.GenericTile{\"propertyName\":\"header\",\"key\":\"migrationService\"}"}]}
RESULT: undefined
COMMAND: POST /session/0ffaedec2ff4d329b9cb85ca897a1301/element - {"using":"xpath","value":"//*[@id=\"__tile26\"]"}
RESULT: {"using":"xpath","value":"//*[@id=\"__tile26\"]"}
COMMAND: POST /session/0ffaedec2ff4d329b9cb85ca897a1301/element/f.9119AA68FED8A447B03A71089BFD3ED7.d.53F3E3C6F7A82EC0ECFF00C2FD00CF18.e.136/click - {}
RESULT: {}
COMMAND: GET /session/0ffaedec2ff4d329b9cb85ca897a1301/screenshot - {}
RESULT: {}
COMMAND: POST /session/0ffaedec2ff4d329b9cb85ca897a1301/element - {"using":"xpath","value":"//bdi[contains(text(), \"Create new Draft\")]"}
RESULT: {"using":"xpath","value":"//bdi[contains(text(), \"Create new Draft\")]"}
COMMAND: POST /session/0ffaedec2ff4d329b9cb85ca897a1301/elements - {"using":"xpath","value":"//bdi[contains(text(), \"Create new Draft\")]"}
RESULT: {"using":"xpath","value":"//bdi[contains(text(), \"Create new Draft\")]"}
COMMAND: POST /session/0ffaedec2ff4d329b9cb85ca897a1301/execute/sync - {"script":"<script> [8489 bytes]","args":[{"element-6066-11e4-a52e-4f735466cecf":"f.9119AA68FED8A447B03A71089BFD3ED7.d.53F3E3C6F7A82EC0ECFF00C2FD00CF18.e.155","ELEMENT":"f.9119AA68FED8A447B03A71089BFD3ED7.d.53F3E3C6F7A82EC0ECFF00C2FD00CF18.e.155"}]}
RESULT: {"script":"<script> [8489 bytes]","args":[{"element-6066-11e4-a52e-4f735466cecf":"f.9119AA68FED8A447B03A71089BFD3ED7.d.53F3E3C6F7A82EC0ECFF00C2FD00CF18.e.155","ELEMENT":"f.9119AA68FED8A447B03A71089BFD3ED7.d.53F3E3C6F7A82EC0ECFF00C2FD00CF18.e.155"}]}
COMMAND: GET /session/0ffaedec2ff4d329b9cb85ca897a1301/element/f.9119AA68FED8A447B03A71089BFD3ED7.d.53F3E3C6F7A82EC0ECFF00C2FD00CF18.e.155/enabled - {}
COMMAND: GET /session/0ffaedec2ff4d329b9cb85ca897a1301/screenshot - {}
RESULT: {}
COMMAND: POST /session/0ffaedec2ff4d329b9cb85ca897a1301/execute/sync - {"script":"<script> [8489 bytes]","args":[{"element-6066-11e4-a52e-4f735466cecf":"f.9119AA68FED8A447B03A71089BFD3ED7.d.53F3E3C6F7A82EC0ECFF00C2FD00CF18.e.155","ELEMENT":"f.9119AA68FED8A447B03A71089BFD3ED7.d.53F3E3C6F7A82EC0ECFF00C2FD00CF18.e.155"}]}
COMMAND: GET /session/0ffaedec2ff4d329b9cb85ca897a1301/screenshot - {}
RESULT: {}
RESULT: {"script":"<script> [8489 bytes]","args":[{"element-6066-11e4-a52e-4f735466cecf":"f.9119AA68FED8A447B03A71089BFD3ED7.d.53F3E3C6F7A82EC0ECFF00C2FD00CF18.e.155","ELEMENT":"f.9119AA68FED8A447B03A71089BFD3ED7.d.53F3E3C6F7A82EC0ECFF00C2FD00CF18.e.155"}]}
COMMAND: POST /session/0ffaedec2ff4d329b9cb85ca897a1301/execute/sync - {"script":"<script> [5351 bytes]","args":[{"element-6066-11e4-a52e-4f735466cecf":"f.9119AA68FED8A447B03A71089BFD3ED7.d.53F3E3C6F7A82EC0ECFF00C2FD00CF18.e.155","ELEMENT":"f.9119AA68FED8A447B03A71089BFD3ED7.d.53F3E3C6F7A82EC0ECFF00C2FD00CF18.e.155"}]}
COMMAND: GET /session/0ffaedec2ff4d329b9cb85ca897a1301/screenshot - {}
RESULT: {}
RESULT: {"script":"<script> [5351 bytes]","args":[{"element-6066-11e4-a52e-4f735466cecf":"f.9119AA68FED8A447B03A71089BFD3ED7.d.53F3E3C6F7A82EC0ECFF00C2FD00CF18.e.155","ELEMENT":"f.9119AA68FED8A447B03A71089BFD3ED7.d.53F3E3C6F7A82EC0ECFF00C2FD00CF18.e.155"}]}
COMMAND: GET /session/0ffaedec2ff4d329b9cb85ca897a1301/screenshot - {}
RESULT: {}
RESULT: {}
COMMAND: POST /session/0ffaedec2ff4d329b9cb85ca897a1301/element - {"using":"xpath","value":"//bdi[contains(text(), \"Create new Draft\")]"}
RESULT: {"using":"xpath","value":"//bdi[contains(text(), \"Create new Draft\")]"}
COMMAND: POST /session/0ffaedec2ff4d329b9cb85ca897a1301/element/f.9119AA68FED8A447B03A71089BFD3ED7.d.53F3E3C6F7A82EC0ECFF00C2FD00CF18.e.155/click - {}
RESULT: {}
COMMAND: GET /session/0ffaedec2ff4d329b9cb85ca897a1301/screenshot - {}
RESULT: {}
COMMAND: POST /session/0ffaedec2ff4d329b9cb85ca897a1301/element - {"using":"xpath","value":"//li[.//div[text()=\"Address\"]]"}
RESULT: {"using":"xpath","value":"//li[.//div[text()=\"Address\"]]"}
COMMAND: POST /session/0ffaedec2ff4d329b9cb85ca897a1301/element/f.9119AA68FED8A447B03A71089BFD3ED7.d.53F3E3C6F7A82EC0ECFF00C2FD00CF18.e.298/click - {}
RESULT: {}
COMMAND: GET /session/0ffaedec2ff4d329b9cb85ca897a1301/screenshot - {}
COMMAND: POST /session/0ffaedec2ff4d329b9cb85ca897a1301/file - {"file":"[base64] 7080 bytes"}
RESULT: {}
RESULT: {"file":"[base64] 7080 bytes"}
COMMAND: POST /session/0ffaedec2ff4d329b9cb85ca897a1301/element - {"using":"xpath","value":"//input[(@type=\"file\") and contains(@id,\"BOList-10-0-1-uploader-fu\")]"}
RESULT: {"using":"xpath","value":"//input[(@type=\"file\") and contains(@id,\"BOList-10-0-1-uploader-fu\")]"}
COMMAND: POST /session/0ffaedec2ff4d329b9cb85ca897a1301/element/f.9119AA68FED8A447B03A71089BFD3ED7.d.53F3E3C6F7A82EC0ECFF00C2FD00CF18.e.302/clear - {}
RESULT: {}
COMMAND: POST /session/0ffaedec2ff4d329b9cb85ca897a1301/element/f.9119AA68FED8A447B03A71089BFD3ED7.d.53F3E3C6F7A82EC0ECFF00C2FD00CF18.e.302/value - {"text":"C:\\Windows\\SystemTemp\\scoped_dir2312_1877389115\\upload2312_1667399978\\Address.xlsx"}
COMMAND: GET /session/0ffaedec2ff4d329b9cb85ca897a1301/screenshot - {}
RESULT: {"text":"C:\\Windows\\SystemTemp\\scoped_dir2312_1877389115\\upload2312_1667399978\\Address.xlsx"}
COMMAND: GET /session/0ffaedec2ff4d329b9cb85ca897a1301/screenshot - {}
RESULT: {}
RESULT: {}
COMMAND: POST /session/0ffaedec2ff4d329b9cb85ca897a1301/element - {"using":"xpath","value":"//bdi[contains(text(), \"Match by name\")]"}
RESULT: {"using":"xpath","value":"//bdi[contains(text(), \"Match by name\")]"}
COMMAND: POST /session/0ffaedec2ff4d329b9cb85ca897a1301/element/f.9119AA68FED8A447B03A71089BFD3ED7.d.53F3E3C6F7A82EC0ECFF00C2FD00CF18.e.316/click - {}
RESULT: {}
COMMAND: GET /session/0ffaedec2ff4d329b9cb85ca897a1301/screenshot - {}
RESULT: {}
COMMAND: POST /session/0ffaedec2ff4d329b9cb85ca897a1301/element - {"using":"xpath","value":"//bdi[text() = \"OK\"]"}
RESULT: {"using":"xpath","value":"//bdi[text() = \"OK\"]"}
COMMAND: POST /session/0ffaedec2ff4d329b9cb85ca897a1301/element/f.9119AA68FED8A447B03A71089BFD3ED7.d.53F3E3C6F7A82EC0ECFF00C2FD00CF18.e.318/click - {}
RESULT: {}
COMMAND: GET /session/0ffaedec2ff4d329b9cb85ca897a1301/screenshot - {}
RESULT: {}
COMMAND: POST /session/0ffaedec2ff4d329b9cb85ca897a1301/element - {"using":"xpath","value":"//button[contains(@id,\"uploadBtn\")]"}
RESULT: {"using":"xpath","value":"//button[contains(@id,\"uploadBtn\")]"}
COMMAND: POST /session/0ffaedec2ff4d329b9cb85ca897a1301/element/f.9119AA68FED8A447B03A71089BFD3ED7.d.53F3E3C6F7A82EC0ECFF00C2FD00CF18.e.196/click - {}
RESULT: {}
COMMAND: GET /session/0ffaedec2ff4d329b9cb85ca897a1301/screenshot - {}
RESULT: {}
COMMAND: POST /session/0ffaedec2ff4d329b9cb85ca897a1301/element - {"using":"xpath","value":"//button[.//bdi[contains(text(),\"Refresh Logs\")]]"}
RESULT: {"using":"xpath","value":"//button[.//bdi[contains(text(),\"Refresh Logs\")]]"}
COMMAND: POST /session/0ffaedec2ff4d329b9cb85ca897a1301/element/f.9119AA68FED8A447B03A71089BFD3ED7.d.53F3E3C6F7A82EC0ECFF00C2FD00CF18.e.328/click - {}
RESULT: {}
COMMAND: GET /session/0ffaedec2ff4d329b9cb85ca897a1301/screenshot - {}
RESULT: {}
COMMAND: POST /session/0ffaedec2ff4d329b9cb85ca897a1301/element - {"using":"xpath","value":"//table[contains(@id,\"customHandoversTable-listUl\")]/tbody/tr[1]/td[4]/span"}
RESULT: {"using":"xpath","value":"//table[contains(@id,\"customHandoversTable-listUl\")]/tbody/tr[1]/td[4]/span"}
COMMAND: POST /session/0ffaedec2ff4d329b9cb85ca897a1301/execute/sync - {"script":"<script> [56 bytes]","args":[{"element-6066-11e4-a52e-4f735466cecf":"f.9119AA68FED8A447B03A71089BFD3ED7.d.53F3E3C6F7A82EC0ECFF00C2FD00CF18.e.611","ELEMENT":"f.9119AA68FED8A447B03A71089BFD3ED7.d.53F3E3C6F7A82EC0ECFF00C2FD00CF18.e.611"}]}
RESULT: {"script":"<script> [56 bytes]","args":[{"element-6066-11e4-a52e-4f735466cecf":"f.9119AA68FED8A447B03A71089BFD3ED7.d.53F3E3C6F7A82EC0ECFF00C2FD00CF18.e.611","ELEMENT":"f.9119AA68FED8A447B03A71089BFD3ED7.d.53F3E3C6F7A82EC0ECFF00C2FD00CF18.e.611"}]}
COMMAND: POST /session/0ffaedec2ff4d329b9cb85ca897a1301/element - {"using":"xpath","value":"//table[contains(@id,\"customHandoversTable-listUl\")]/tbody/tr[1]/td[7]/div/span[2]"}
COMMAND: GET /session/0ffaedec2ff4d329b9cb85ca897a1301/screenshot - {}
RESULT: {"using":"xpath","value":"//table[contains(@id,\"customHandoversTable-listUl\")]/tbody/tr[1]/td[7]/div/span[2]"}
COMMAND: POST /session/0ffaedec2ff4d329b9cb85ca897a1301/execute/sync - {"script":"<script> [56 bytes]","args":[{"element-6066-11e4-a52e-4f735466cecf":"f.9119AA68FED8A447B03A71089BFD3ED7.d.53F3E3C6F7A82EC0ECFF00C2FD00CF18.e.612","ELEMENT":"f.9119AA68FED8A447B03A71089BFD3ED7.d.53F3E3C6F7A82EC0ECFF00C2FD00CF18.e.612"}]}
RESULT: {}
RESULT: {"script":"<script> [56 bytes]","args":[{"element-6066-11e4-a52e-4f735466cecf":"f.9119AA68FED8A447B03A71089BFD3ED7.d.53F3E3C6F7A82EC0ECFF00C2FD00CF18.e.612","ELEMENT":"f.9119AA68FED8A447B03A71089BFD3ED7.d.53F3E3C6F7A82EC0ECFF00C2FD00CF18.e.612"}]}
COMMAND: POST /session/0ffaedec2ff4d329b9cb85ca897a1301/element - {"using":"xpath","value":"//table[contains(@id,\"customHandoversTable-listUl\")]/tbody/tr[1]/td[8]/div/span[2]"}
COMMAND: GET /session/0ffaedec2ff4d329b9cb85ca897a1301/screenshot - {}
RESULT: {"using":"xpath","value":"//table[contains(@id,\"customHandoversTable-listUl\")]/tbody/tr[1]/td[8]/div/span[2]"}
COMMAND: POST /session/0ffaedec2ff4d329b9cb85ca897a1301/execute/sync - {"script":"<script> [56 bytes]","args":[{"element-6066-11e4-a52e-4f735466cecf":"f.9119AA68FED8A447B03A71089BFD3ED7.d.53F3E3C6F7A82EC0ECFF00C2FD00CF18.e.615","ELEMENT":"f.9119AA68FED8A447B03A71089BFD3ED7.d.53F3E3C6F7A82EC0ECFF00C2FD00CF18.e.615"}]}
RESULT: {}
RESULT: {"script":"<script> [56 bytes]","args":[{"element-6066-11e4-a52e-4f735466cecf":"f.9119AA68FED8A447B03A71089BFD3ED7.d.53F3E3C6F7A82EC0ECFF00C2FD00CF18.e.615","ELEMENT":"f.9119AA68FED8A447B03A71089BFD3ED7.d.53F3E3C6F7A82EC0ECFF00C2FD00CF18.e.615"}]}
COMMAND: GET /session/0ffaedec2ff4d329b9cb85ca897a1301/screenshot - {}
RESULT: {}
COMMAND: POST /session/0ffaedec2ff4d329b9cb85ca897a1301/execute/async - {"script":"<script> [1562 bytes]","args":[{"selector":{"controlType":"sap.ui.core.Icon","viewName":"bbs.dxcw.migration.view.migration.MigrationMaster","properties":{"src":{"regex":{"source":"notes"}}}},"wdio_ui5_key":"bbsdxcw.migration.view.migration.MigrationMastersap.ui.core.Icon{\"src\":{\"regex\":{\"source\":\"notes\"}}}"}]}
RESULT: {"script":"<script> [1562 bytes]","args":[{"selector":{"controlType":"sap.ui.core.Icon","viewName":"bbs.dxcw.migration.view.migration.MigrationMaster","properties":{"src":{"regex":{"source":"notes"}}}},"wdio_ui5_key":"bbsdxcw.migration.view.migration.MigrationMastersap.ui.core.Icon{\"src\":{\"regex\":{\"source\":\"notes\"}}}"}]}
RESULT: undefined
COMMAND: POST /session/0ffaedec2ff4d329b9cb85ca897a1301/element - {"using":"xpath","value":"//*[@id=\"__filter0-icon\"]"}
RESULT: {"using":"xpath","value":"//*[@id=\"__filter0-icon\"]"}
COMMAND: POST /session/0ffaedec2ff4d329b9cb85ca897a1301/element/f.9119AA68FED8A447B03A71089BFD3ED7.d.53F3E3C6F7A82EC0ECFF00C2FD00CF18.e.616/click - {}
RESULT: {}
COMMAND: GET /session/0ffaedec2ff4d329b9cb85ca897a1301/screenshot - {}
RESULT: {}
]]></system-out>
    </testcase>
    <testcase classname="chrome.136_0_7103_93.windows.Tests_for_DXCW_CAE_environment,_including_specific_login_to_the_system_US" name="Should upload yard file entry used for later tests as master data US156291" time="46.669">
      <system-out><![CDATA[
COMMAND: POST /session/0ffaedec2ff4d329b9cb85ca897a1301/element - {"using":"xpath","value":"//bdi[contains(text(), \"Create new Draft\")]"}
RESULT: {"using":"xpath","value":"//bdi[contains(text(), \"Create new Draft\")]"}
COMMAND: POST /session/0ffaedec2ff4d329b9cb85ca897a1301/element/f.9119AA68FED8A447B03A71089BFD3ED7.d.53F3E3C6F7A82EC0ECFF00C2FD00CF18.e.620/click - {}
RESULT: {}
COMMAND: GET /session/0ffaedec2ff4d329b9cb85ca897a1301/screenshot - {}
RESULT: {}
COMMAND: POST /session/0ffaedec2ff4d329b9cb85ca897a1301/element - {"using":"xpath","value":"//li[.//div[text()=\"Yards\"]]"}
RESULT: {"using":"xpath","value":"//li[.//div[text()=\"Yards\"]]"}
COMMAND: POST /session/0ffaedec2ff4d329b9cb85ca897a1301/element/f.9119AA68FED8A447B03A71089BFD3ED7.d.53F3E3C6F7A82EC0ECFF00C2FD00CF18.e.739/click - {}
RESULT: {}
COMMAND: GET /session/0ffaedec2ff4d329b9cb85ca897a1301/screenshot - {}
COMMAND: POST /session/0ffaedec2ff4d329b9cb85ca897a1301/file - {"file":"[base64] 6812 bytes"}
RESULT: {}
RESULT: {"file":"[base64] 6812 bytes"}
COMMAND: POST /session/0ffaedec2ff4d329b9cb85ca897a1301/element - {"using":"xpath","value":"//input[(@type=\"file\") and contains(@id,\"BOList-15-0-1-uploader-fu\")]"}
RESULT: {"using":"xpath","value":"//input[(@type=\"file\") and contains(@id,\"BOList-15-0-1-uploader-fu\")]"}
COMMAND: POST /session/0ffaedec2ff4d329b9cb85ca897a1301/element/f.9119AA68FED8A447B03A71089BFD3ED7.d.53F3E3C6F7A82EC0ECFF00C2FD00CF18.e.744/clear - {}
RESULT: {}
COMMAND: POST /session/0ffaedec2ff4d329b9cb85ca897a1301/element/f.9119AA68FED8A447B03A71089BFD3ED7.d.53F3E3C6F7A82EC0ECFF00C2FD00CF18.e.744/value - {"text":"C:\\Windows\\SystemTemp\\scoped_dir2312_1877389115\\upload2312_1743443968\\Yards.xlsx"}
COMMAND: GET /session/0ffaedec2ff4d329b9cb85ca897a1301/screenshot - {}
RESULT: {"text":"C:\\Windows\\SystemTemp\\scoped_dir2312_1877389115\\upload2312_1743443968\\Yards.xlsx"}
COMMAND: GET /session/0ffaedec2ff4d329b9cb85ca897a1301/screenshot - {}
RESULT: {}
RESULT: {}
COMMAND: POST /session/0ffaedec2ff4d329b9cb85ca897a1301/element - {"using":"xpath","value":"//bdi[contains(text(), \"Match by name\")]"}
RESULT: {"using":"xpath","value":"//bdi[contains(text(), \"Match by name\")]"}
COMMAND: POST /session/0ffaedec2ff4d329b9cb85ca897a1301/element/f.9119AA68FED8A447B03A71089BFD3ED7.d.53F3E3C6F7A82EC0ECFF00C2FD00CF18.e.752/click - {}
RESULT: {}
COMMAND: GET /session/0ffaedec2ff4d329b9cb85ca897a1301/screenshot - {}
RESULT: {}
COMMAND: POST /session/0ffaedec2ff4d329b9cb85ca897a1301/element - {"using":"xpath","value":"//bdi[text() = \"OK\"]"}
RESULT: {"using":"xpath","value":"//bdi[text() = \"OK\"]"}
COMMAND: POST /session/0ffaedec2ff4d329b9cb85ca897a1301/element/f.9119AA68FED8A447B03A71089BFD3ED7.d.53F3E3C6F7A82EC0ECFF00C2FD00CF18.e.753/click - {}
RESULT: {}
COMMAND: GET /session/0ffaedec2ff4d329b9cb85ca897a1301/screenshot - {}
RESULT: {}
COMMAND: POST /session/0ffaedec2ff4d329b9cb85ca897a1301/element - {"using":"xpath","value":"//button[contains(@id,\"uploadBtn\")]"}
RESULT: {"using":"xpath","value":"//button[contains(@id,\"uploadBtn\")]"}
COMMAND: POST /session/0ffaedec2ff4d329b9cb85ca897a1301/element/f.9119AA68FED8A447B03A71089BFD3ED7.d.53F3E3C6F7A82EC0ECFF00C2FD00CF18.e.196/click - {}
RESULT: {}
COMMAND: GET /session/0ffaedec2ff4d329b9cb85ca897a1301/screenshot - {}
RESULT: {}
COMMAND: POST /session/0ffaedec2ff4d329b9cb85ca897a1301/element - {"using":"xpath","value":"//button[.//bdi[contains(text(),\"Refresh Logs\")]]"}
RESULT: {"using":"xpath","value":"//button[.//bdi[contains(text(),\"Refresh Logs\")]]"}
COMMAND: POST /session/0ffaedec2ff4d329b9cb85ca897a1301/element/f.9119AA68FED8A447B03A71089BFD3ED7.d.53F3E3C6F7A82EC0ECFF00C2FD00CF18.e.760/click - {}
RESULT: {}
COMMAND: GET /session/0ffaedec2ff4d329b9cb85ca897a1301/screenshot - {}
RESULT: {}
COMMAND: POST /session/0ffaedec2ff4d329b9cb85ca897a1301/element - {"using":"xpath","value":"//table[contains(@id,\"customHandoversTable-listUl\")]/tbody/tr[1]/td[4]/span"}
RESULT: {"using":"xpath","value":"//table[contains(@id,\"customHandoversTable-listUl\")]/tbody/tr[1]/td[4]/span"}
COMMAND: POST /session/0ffaedec2ff4d329b9cb85ca897a1301/execute/sync - {"script":"<script> [56 bytes]","args":[{"element-6066-11e4-a52e-4f735466cecf":"f.9119AA68FED8A447B03A71089BFD3ED7.d.53F3E3C6F7A82EC0ECFF00C2FD00CF18.e.1043","ELEMENT":"f.9119AA68FED8A447B03A71089BFD3ED7.d.53F3E3C6F7A82EC0ECFF00C2FD00CF18.e.1043"}]}
RESULT: {"script":"<script> [56 bytes]","args":[{"element-6066-11e4-a52e-4f735466cecf":"f.9119AA68FED8A447B03A71089BFD3ED7.d.53F3E3C6F7A82EC0ECFF00C2FD00CF18.e.1043","ELEMENT":"f.9119AA68FED8A447B03A71089BFD3ED7.d.53F3E3C6F7A82EC0ECFF00C2FD00CF18.e.1043"}]}
COMMAND: POST /session/0ffaedec2ff4d329b9cb85ca897a1301/element - {"using":"xpath","value":"//table[contains(@id,\"customHandoversTable-listUl\")]/tbody/tr[1]/td[7]/div/span[2]"}
COMMAND: GET /session/0ffaedec2ff4d329b9cb85ca897a1301/screenshot - {}
RESULT: {"using":"xpath","value":"//table[contains(@id,\"customHandoversTable-listUl\")]/tbody/tr[1]/td[7]/div/span[2]"}
COMMAND: POST /session/0ffaedec2ff4d329b9cb85ca897a1301/execute/sync - {"script":"<script> [56 bytes]","args":[{"element-6066-11e4-a52e-4f735466cecf":"f.9119AA68FED8A447B03A71089BFD3ED7.d.53F3E3C6F7A82EC0ECFF00C2FD00CF18.e.1044","ELEMENT":"f.9119AA68FED8A447B03A71089BFD3ED7.d.53F3E3C6F7A82EC0ECFF00C2FD00CF18.e.1044"}]}
RESULT: {}
RESULT: {"script":"<script> [56 bytes]","args":[{"element-6066-11e4-a52e-4f735466cecf":"f.9119AA68FED8A447B03A71089BFD3ED7.d.53F3E3C6F7A82EC0ECFF00C2FD00CF18.e.1044","ELEMENT":"f.9119AA68FED8A447B03A71089BFD3ED7.d.53F3E3C6F7A82EC0ECFF00C2FD00CF18.e.1044"}]}
COMMAND: POST /session/0ffaedec2ff4d329b9cb85ca897a1301/element - {"using":"xpath","value":"//table[contains(@id,\"customHandoversTable-listUl\")]/tbody/tr[1]/td[8]/div/span[2]"}
COMMAND: GET /session/0ffaedec2ff4d329b9cb85ca897a1301/screenshot - {}
RESULT: {"using":"xpath","value":"//table[contains(@id,\"customHandoversTable-listUl\")]/tbody/tr[1]/td[8]/div/span[2]"}
COMMAND: POST /session/0ffaedec2ff4d329b9cb85ca897a1301/execute/sync - {"script":"<script> [56 bytes]","args":[{"element-6066-11e4-a52e-4f735466cecf":"f.9119AA68FED8A447B03A71089BFD3ED7.d.53F3E3C6F7A82EC0ECFF00C2FD00CF18.e.1047","ELEMENT":"f.9119AA68FED8A447B03A71089BFD3ED7.d.53F3E3C6F7A82EC0ECFF00C2FD00CF18.e.1047"}]}
RESULT: {}
RESULT: {"script":"<script> [56 bytes]","args":[{"element-6066-11e4-a52e-4f735466cecf":"f.9119AA68FED8A447B03A71089BFD3ED7.d.53F3E3C6F7A82EC0ECFF00C2FD00CF18.e.1047","ELEMENT":"f.9119AA68FED8A447B03A71089BFD3ED7.d.53F3E3C6F7A82EC0ECFF00C2FD00CF18.e.1047"}]}
COMMAND: GET /session/0ffaedec2ff4d329b9cb85ca897a1301/screenshot - {}
RESULT: {}
RESULT: undefined
COMMAND: POST /session/0ffaedec2ff4d329b9cb85ca897a1301/element - {"using":"xpath","value":"//*[@id=\"__filter0-icon\"]"}
RESULT: {"using":"xpath","value":"//*[@id=\"__filter0-icon\"]"}
COMMAND: POST /session/0ffaedec2ff4d329b9cb85ca897a1301/element/f.9119AA68FED8A447B03A71089BFD3ED7.d.53F3E3C6F7A82EC0ECFF00C2FD00CF18.e.616/click - {}
RESULT: {}
COMMAND: GET /session/0ffaedec2ff4d329b9cb85ca897a1301/screenshot - {}
RESULT: {}
]]></system-out>
    </testcase>
    <testcase classname="chrome.136_0_7103_93.windows.Tests_for_DXCW_CAE_environment,_including_specific_login_to_the_system_US" name="Should upload compound partner files entry used for later tests as master data US156291" time="61.873">
      <system-out><![CDATA[
COMMAND: POST /session/0ffaedec2ff4d329b9cb85ca897a1301/element - {"using":"xpath","value":"//bdi[contains(text(), \"Create new Draft\")]"}
RESULT: {"using":"xpath","value":"//bdi[contains(text(), \"Create new Draft\")]"}
COMMAND: POST /session/0ffaedec2ff4d329b9cb85ca897a1301/element/f.9119AA68FED8A447B03A71089BFD3ED7.d.53F3E3C6F7A82EC0ECFF00C2FD00CF18.e.1051/click - {}
RESULT: {}
COMMAND: GET /session/0ffaedec2ff4d329b9cb85ca897a1301/screenshot - {}
RESULT: {}
COMMAND: POST /session/0ffaedec2ff4d329b9cb85ca897a1301/element - {"using":"xpath","value":"//li[.//div[text()=\"Partners\"]]"}
RESULT: {"using":"xpath","value":"//li[.//div[text()=\"Partners\"]]"}
COMMAND: POST /session/0ffaedec2ff4d329b9cb85ca897a1301/element/f.9119AA68FED8A447B03A71089BFD3ED7.d.53F3E3C6F7A82EC0ECFF00C2FD00CF18.e.1070/click - {}
RESULT: {}
COMMAND: GET /session/0ffaedec2ff4d329b9cb85ca897a1301/screenshot - {}
COMMAND: POST /session/0ffaedec2ff4d329b9cb85ca897a1301/file - {"file":"[base64] 6744 bytes"}
RESULT: {}
RESULT: {"file":"[base64] 6744 bytes"}
COMMAND: POST /session/0ffaedec2ff4d329b9cb85ca897a1301/element - {"using":"xpath","value":"//input[(@type=\"file\") and contains(@id,\"BOList-4-0-1-uploader-fu\")]"}
RESULT: {"using":"xpath","value":"//input[(@type=\"file\") and contains(@id,\"BOList-4-0-1-uploader-fu\")]"}
COMMAND: POST /session/0ffaedec2ff4d329b9cb85ca897a1301/element/f.9119AA68FED8A447B03A71089BFD3ED7.d.53F3E3C6F7A82EC0ECFF00C2FD00CF18.e.1180/clear - {}
RESULT: {}
COMMAND: POST /session/0ffaedec2ff4d329b9cb85ca897a1301/element/f.9119AA68FED8A447B03A71089BFD3ED7.d.53F3E3C6F7A82EC0ECFF00C2FD00CF18.e.1180/value - {"text":"C:\\Windows\\SystemTemp\\scoped_dir2312_1877389115\\upload2312_2015217660\\Partners.xlsx"}
COMMAND: GET /session/0ffaedec2ff4d329b9cb85ca897a1301/screenshot - {}
RESULT: {"text":"C:\\Windows\\SystemTemp\\scoped_dir2312_1877389115\\upload2312_2015217660\\Partners.xlsx"}
COMMAND: GET /session/0ffaedec2ff4d329b9cb85ca897a1301/screenshot - {}
RESULT: {}
RESULT: {}
COMMAND: POST /session/0ffaedec2ff4d329b9cb85ca897a1301/element - {"using":"xpath","value":"//bdi[contains(text(), \"Match by name\")]"}
RESULT: {"using":"xpath","value":"//bdi[contains(text(), \"Match by name\")]"}
COMMAND: POST /session/0ffaedec2ff4d329b9cb85ca897a1301/element/f.9119AA68FED8A447B03A71089BFD3ED7.d.53F3E3C6F7A82EC0ECFF00C2FD00CF18.e.1191/click - {}
RESULT: {}
COMMAND: GET /session/0ffaedec2ff4d329b9cb85ca897a1301/screenshot - {}
RESULT: {}
COMMAND: POST /session/0ffaedec2ff4d329b9cb85ca897a1301/element - {"using":"xpath","value":"//bdi[text() = \"OK\"]"}
RESULT: {"using":"xpath","value":"//bdi[text() = \"OK\"]"}
COMMAND: POST /session/0ffaedec2ff4d329b9cb85ca897a1301/element/f.9119AA68FED8A447B03A71089BFD3ED7.d.53F3E3C6F7A82EC0ECFF00C2FD00CF18.e.1192/click - {}
RESULT: {}
COMMAND: GET /session/0ffaedec2ff4d329b9cb85ca897a1301/screenshot - {}
RESULT: {}
COMMAND: POST /session/0ffaedec2ff4d329b9cb85ca897a1301/file - {"file":"[base64] 6420 bytes"}
RESULT: {"file":"[base64] 6420 bytes"}
COMMAND: POST /session/0ffaedec2ff4d329b9cb85ca897a1301/element - {"using":"xpath","value":"//input[(@type=\"file\") and contains(@id,\"BOList-4-1-1-uploader-fu\")]"}
RESULT: {"using":"xpath","value":"//input[(@type=\"file\") and contains(@id,\"BOList-4-1-1-uploader-fu\")]"}
COMMAND: POST /session/0ffaedec2ff4d329b9cb85ca897a1301/element/f.9119AA68FED8A447B03A71089BFD3ED7.d.53F3E3C6F7A82EC0ECFF00C2FD00CF18.e.1195/clear - {}
RESULT: {}
COMMAND: POST /session/0ffaedec2ff4d329b9cb85ca897a1301/element/f.9119AA68FED8A447B03A71089BFD3ED7.d.53F3E3C6F7A82EC0ECFF00C2FD00CF18.e.1195/value - {"text":"C:\\Windows\\SystemTemp\\scoped_dir2312_1877389115\\upload2312_1776478590\\YardsPartners.xlsx"}
COMMAND: GET /session/0ffaedec2ff4d329b9cb85ca897a1301/screenshot - {}
RESULT: {"text":"C:\\Windows\\SystemTemp\\scoped_dir2312_1877389115\\upload2312_1776478590\\YardsPartners.xlsx"}
COMMAND: GET /session/0ffaedec2ff4d329b9cb85ca897a1301/screenshot - {}
RESULT: {}
RESULT: {}
COMMAND: POST /session/0ffaedec2ff4d329b9cb85ca897a1301/element - {"using":"xpath","value":"//bdi[contains(text(), \"Match by name\")]"}
RESULT: {"using":"xpath","value":"//bdi[contains(text(), \"Match by name\")]"}
COMMAND: POST /session/0ffaedec2ff4d329b9cb85ca897a1301/element/f.9119AA68FED8A447B03A71089BFD3ED7.d.53F3E3C6F7A82EC0ECFF00C2FD00CF18.e.1203/click - {}
RESULT: {}
COMMAND: GET /session/0ffaedec2ff4d329b9cb85ca897a1301/screenshot - {}
RESULT: {}
COMMAND: POST /session/0ffaedec2ff4d329b9cb85ca897a1301/element - {"using":"xpath","value":"//bdi[text() = \"OK\"]"}
RESULT: {"using":"xpath","value":"//bdi[text() = \"OK\"]"}
COMMAND: POST /session/0ffaedec2ff4d329b9cb85ca897a1301/element/f.9119AA68FED8A447B03A71089BFD3ED7.d.53F3E3C6F7A82EC0ECFF00C2FD00CF18.e.1205/click - {}
RESULT: {}
COMMAND: GET /session/0ffaedec2ff4d329b9cb85ca897a1301/screenshot - {}
RESULT: {}
COMMAND: POST /session/0ffaedec2ff4d329b9cb85ca897a1301/execute/async - {"script":"<script> [1562 bytes]","args":[{"selector":{"controlType":"sap.m.Switch","viewName":"bbs.dxcw.migration.view.migration.MigrationNewDraft","bindingPath":{"path":"","propertyPath":"/isComposition","modelName":"ContentModel"},"interaction":{"idSuffix":"textoff"}},"wdio_ui5_key":"bbsdxcw.migration.view.migration.MigrationNewDraftsap.m.Switch{\"path\":\"\",\"propertyPath\":\"/isComposition\",\"modelName\":\"ContentModel\"}"}]}
RESULT: {"script":"<script> [1562 bytes]","args":[{"selector":{"controlType":"sap.m.Switch","viewName":"bbs.dxcw.migration.view.migration.MigrationNewDraft","bindingPath":{"path":"","propertyPath":"/isComposition","modelName":"ContentModel"},"interaction":{"idSuffix":"textoff"}},"wdio_ui5_key":"bbsdxcw.migration.view.migration.MigrationNewDraftsap.m.Switch{\"path\":\"\",\"propertyPath\":\"/isComposition\",\"modelName\":\"ContentModel\"}"}]}
RESULT: undefined
COMMAND: POST /session/0ffaedec2ff4d329b9cb85ca897a1301/element - {"using":"xpath","value":"//*[@id=\"__switch0\"]"}
RESULT: {"using":"xpath","value":"//*[@id=\"__switch0\"]"}
COMMAND: POST /session/0ffaedec2ff4d329b9cb85ca897a1301/element/f.9119AA68FED8A447B03A71089BFD3ED7.d.53F3E3C6F7A82EC0ECFF00C2FD00CF18.e.188/click - {}
RESULT: {}
COMMAND: POST /session/0ffaedec2ff4d329b9cb85ca897a1301/element - {"using":"xpath","value":"//button[contains(@id,\"uploadBtn\")]"}
COMMAND: GET /session/0ffaedec2ff4d329b9cb85ca897a1301/screenshot - {}
RESULT: {"using":"xpath","value":"//button[contains(@id,\"uploadBtn\")]"}
COMMAND: POST /session/0ffaedec2ff4d329b9cb85ca897a1301/element/f.9119AA68FED8A447B03A71089BFD3ED7.d.53F3E3C6F7A82EC0ECFF00C2FD00CF18.e.196/click - {}
RESULT: {}
RESULT: {}
COMMAND: GET /session/0ffaedec2ff4d329b9cb85ca897a1301/screenshot - {}
RESULT: {}
COMMAND: POST /session/0ffaedec2ff4d329b9cb85ca897a1301/element - {"using":"xpath","value":"//button[.//bdi[contains(text(),\"Refresh Logs\")]]"}
RESULT: {"using":"xpath","value":"//button[.//bdi[contains(text(),\"Refresh Logs\")]]"}
COMMAND: POST /session/0ffaedec2ff4d329b9cb85ca897a1301/element/f.9119AA68FED8A447B03A71089BFD3ED7.d.53F3E3C6F7A82EC0ECFF00C2FD00CF18.e.1214/click - {}
RESULT: {}
COMMAND: GET /session/0ffaedec2ff4d329b9cb85ca897a1301/screenshot - {}
RESULT: {}
COMMAND: POST /session/0ffaedec2ff4d329b9cb85ca897a1301/element - {"using":"xpath","value":"//table[contains(@id,\"customHandoversTable-listUl\")]/tbody/tr[1]/td[4]/span"}
RESULT: {"using":"xpath","value":"//table[contains(@id,\"customHandoversTable-listUl\")]/tbody/tr[1]/td[4]/span"}
COMMAND: POST /session/0ffaedec2ff4d329b9cb85ca897a1301/execute/sync - {"script":"<script> [56 bytes]","args":[{"element-6066-11e4-a52e-4f735466cecf":"f.9119AA68FED8A447B03A71089BFD3ED7.d.53F3E3C6F7A82EC0ECFF00C2FD00CF18.e.1498","ELEMENT":"f.9119AA68FED8A447B03A71089BFD3ED7.d.53F3E3C6F7A82EC0ECFF00C2FD00CF18.e.1498"}]}
RESULT: {"script":"<script> [56 bytes]","args":[{"element-6066-11e4-a52e-4f735466cecf":"f.9119AA68FED8A447B03A71089BFD3ED7.d.53F3E3C6F7A82EC0ECFF00C2FD00CF18.e.1498","ELEMENT":"f.9119AA68FED8A447B03A71089BFD3ED7.d.53F3E3C6F7A82EC0ECFF00C2FD00CF18.e.1498"}]}
COMMAND: POST /session/0ffaedec2ff4d329b9cb85ca897a1301/element - {"using":"xpath","value":"//table[contains(@id,\"customHandoversTable-listUl\")]/tbody/tr[1]/td[7]/div/span[2]"}
COMMAND: GET /session/0ffaedec2ff4d329b9cb85ca897a1301/screenshot - {}
RESULT: {"using":"xpath","value":"//table[contains(@id,\"customHandoversTable-listUl\")]/tbody/tr[1]/td[7]/div/span[2]"}
COMMAND: POST /session/0ffaedec2ff4d329b9cb85ca897a1301/execute/sync - {"script":"<script> [56 bytes]","args":[{"element-6066-11e4-a52e-4f735466cecf":"f.9119AA68FED8A447B03A71089BFD3ED7.d.53F3E3C6F7A82EC0ECFF00C2FD00CF18.e.1499","ELEMENT":"f.9119AA68FED8A447B03A71089BFD3ED7.d.53F3E3C6F7A82EC0ECFF00C2FD00CF18.e.1499"}]}
RESULT: {}
RESULT: {"script":"<script> [56 bytes]","args":[{"element-6066-11e4-a52e-4f735466cecf":"f.9119AA68FED8A447B03A71089BFD3ED7.d.53F3E3C6F7A82EC0ECFF00C2FD00CF18.e.1499","ELEMENT":"f.9119AA68FED8A447B03A71089BFD3ED7.d.53F3E3C6F7A82EC0ECFF00C2FD00CF18.e.1499"}]}
COMMAND: POST /session/0ffaedec2ff4d329b9cb85ca897a1301/element - {"using":"xpath","value":"//table[contains(@id,\"customHandoversTable-listUl\")]/tbody/tr[1]/td[8]/div/span[2]"}
COMMAND: GET /session/0ffaedec2ff4d329b9cb85ca897a1301/screenshot - {}
RESULT: {"using":"xpath","value":"//table[contains(@id,\"customHandoversTable-listUl\")]/tbody/tr[1]/td[8]/div/span[2]"}
COMMAND: POST /session/0ffaedec2ff4d329b9cb85ca897a1301/execute/sync - {"script":"<script> [56 bytes]","args":[{"element-6066-11e4-a52e-4f735466cecf":"f.9119AA68FED8A447B03A71089BFD3ED7.d.53F3E3C6F7A82EC0ECFF00C2FD00CF18.e.1502","ELEMENT":"f.9119AA68FED8A447B03A71089BFD3ED7.d.53F3E3C6F7A82EC0ECFF00C2FD00CF18.e.1502"}]}
RESULT: {}
RESULT: {"script":"<script> [56 bytes]","args":[{"element-6066-11e4-a52e-4f735466cecf":"f.9119AA68FED8A447B03A71089BFD3ED7.d.53F3E3C6F7A82EC0ECFF00C2FD00CF18.e.1502","ELEMENT":"f.9119AA68FED8A447B03A71089BFD3ED7.d.53F3E3C6F7A82EC0ECFF00C2FD00CF18.e.1502"}]}
COMMAND: GET /session/0ffaedec2ff4d329b9cb85ca897a1301/screenshot - {}
RESULT: {}
RESULT: undefined
COMMAND: POST /session/0ffaedec2ff4d329b9cb85ca897a1301/element - {"using":"xpath","value":"//*[@id=\"__filter0-icon\"]"}
RESULT: {"using":"xpath","value":"//*[@id=\"__filter0-icon\"]"}
COMMAND: POST /session/0ffaedec2ff4d329b9cb85ca897a1301/element/f.9119AA68FED8A447B03A71089BFD3ED7.d.53F3E3C6F7A82EC0ECFF00C2FD00CF18.e.616/click - {}
RESULT: {}
COMMAND: GET /session/0ffaedec2ff4d329b9cb85ca897a1301/screenshot - {}
RESULT: {}
]]></system-out>
    </testcase>
    <testcase classname="chrome.136_0_7103_93.windows.Tests_for_DXCW_CAE_environment,_including_specific_login_to_the_system_US" name="Should upload site file entry used for later tests as master data US156291" time="53.114">
      <system-out><![CDATA[
COMMAND: POST /session/0ffaedec2ff4d329b9cb85ca897a1301/element - {"using":"xpath","value":"//bdi[contains(text(), \"Create new Draft\")]"}
RESULT: {"using":"xpath","value":"//bdi[contains(text(), \"Create new Draft\")]"}
COMMAND: POST /session/0ffaedec2ff4d329b9cb85ca897a1301/element/f.9119AA68FED8A447B03A71089BFD3ED7.d.53F3E3C6F7A82EC0ECFF00C2FD00CF18.e.1506/click - {}
RESULT: {}
COMMAND: GET /session/0ffaedec2ff4d329b9cb85ca897a1301/screenshot - {}
RESULT: {}
COMMAND: POST /session/0ffaedec2ff4d329b9cb85ca897a1301/element - {"using":"xpath","value":"//li[.//div[text()=\"Sites\"]]"}
RESULT: {"using":"xpath","value":"//li[.//div[text()=\"Sites\"]]"}
COMMAND: POST /session/0ffaedec2ff4d329b9cb85ca897a1301/element/f.9119AA68FED8A447B03A71089BFD3ED7.d.53F3E3C6F7A82EC0ECFF00C2FD00CF18.e.1075/click - {}
RESULT: {}
COMMAND: GET /session/0ffaedec2ff4d329b9cb85ca897a1301/screenshot - {}
COMMAND: POST /session/0ffaedec2ff4d329b9cb85ca897a1301/file - {"file":"[base64] 6444 bytes"}
RESULT: {}
RESULT: {"file":"[base64] 6444 bytes"}
COMMAND: POST /session/0ffaedec2ff4d329b9cb85ca897a1301/element - {"using":"xpath","value":"//input[(@type=\"file\") and contains(@id,\"BOList-9-0-1-uploader-fu\")]"}
RESULT: {"using":"xpath","value":"//input[(@type=\"file\") and contains(@id,\"BOList-9-0-1-uploader-fu\")]"}
COMMAND: POST /session/0ffaedec2ff4d329b9cb85ca897a1301/element/f.9119AA68FED8A447B03A71089BFD3ED7.d.53F3E3C6F7A82EC0ECFF00C2FD00CF18.e.1621/clear - {}
RESULT: {}
COMMAND: POST /session/0ffaedec2ff4d329b9cb85ca897a1301/element/f.9119AA68FED8A447B03A71089BFD3ED7.d.53F3E3C6F7A82EC0ECFF00C2FD00CF18.e.1621/value - {"text":"C:\\Windows\\SystemTemp\\scoped_dir2312_1877389115\\upload2312_1368231803\\Sites.xlsx"}
COMMAND: GET /session/0ffaedec2ff4d329b9cb85ca897a1301/screenshot - {}
RESULT: {"text":"C:\\Windows\\SystemTemp\\scoped_dir2312_1877389115\\upload2312_1368231803\\Sites.xlsx"}
COMMAND: GET /session/0ffaedec2ff4d329b9cb85ca897a1301/screenshot - {}
RESULT: {}
RESULT: {}
COMMAND: POST /session/0ffaedec2ff4d329b9cb85ca897a1301/element - {"using":"xpath","value":"//bdi[contains(text(), \"Match by name\")]"}
RESULT: {"using":"xpath","value":"//bdi[contains(text(), \"Match by name\")]"}
COMMAND: POST /session/0ffaedec2ff4d329b9cb85ca897a1301/element/f.9119AA68FED8A447B03A71089BFD3ED7.d.53F3E3C6F7A82EC0ECFF00C2FD00CF18.e.1630/click - {}
RESULT: {}
COMMAND: GET /session/0ffaedec2ff4d329b9cb85ca897a1301/screenshot - {}
RESULT: {}
COMMAND: POST /session/0ffaedec2ff4d329b9cb85ca897a1301/element - {"using":"xpath","value":"//bdi[text() = \"OK\"]"}
RESULT: {"using":"xpath","value":"//bdi[text() = \"OK\"]"}
COMMAND: POST /session/0ffaedec2ff4d329b9cb85ca897a1301/element/f.9119AA68FED8A447B03A71089BFD3ED7.d.53F3E3C6F7A82EC0ECFF00C2FD00CF18.e.1631/click - {}
RESULT: {}
COMMAND: GET /session/0ffaedec2ff4d329b9cb85ca897a1301/screenshot - {}
RESULT: {}
COMMAND: POST /session/0ffaedec2ff4d329b9cb85ca897a1301/element - {"using":"xpath","value":"//button[contains(@id,\"uploadBtn\")]"}
RESULT: {"using":"xpath","value":"//button[contains(@id,\"uploadBtn\")]"}
COMMAND: POST /session/0ffaedec2ff4d329b9cb85ca897a1301/element/f.9119AA68FED8A447B03A71089BFD3ED7.d.53F3E3C6F7A82EC0ECFF00C2FD00CF18.e.196/click - {}
RESULT: {}
COMMAND: GET /session/0ffaedec2ff4d329b9cb85ca897a1301/screenshot - {}
RESULT: {}
COMMAND: POST /session/0ffaedec2ff4d329b9cb85ca897a1301/element - {"using":"xpath","value":"//button[.//bdi[contains(text(),\"Refresh Logs\")]]"}
RESULT: {"using":"xpath","value":"//button[.//bdi[contains(text(),\"Refresh Logs\")]]"}
COMMAND: POST /session/0ffaedec2ff4d329b9cb85ca897a1301/element/f.9119AA68FED8A447B03A71089BFD3ED7.d.53F3E3C6F7A82EC0ECFF00C2FD00CF18.e.1638/click - {}
RESULT: {}
COMMAND: GET /session/0ffaedec2ff4d329b9cb85ca897a1301/screenshot - {}
RESULT: {}
COMMAND: POST /session/0ffaedec2ff4d329b9cb85ca897a1301/element - {"using":"xpath","value":"//table[contains(@id,\"customHandoversTable-listUl\")]/tbody/tr[1]/td[4]/span"}
RESULT: {"using":"xpath","value":"//table[contains(@id,\"customHandoversTable-listUl\")]/tbody/tr[1]/td[4]/span"}
COMMAND: POST /session/0ffaedec2ff4d329b9cb85ca897a1301/execute/sync - {"script":"<script> [56 bytes]","args":[{"element-6066-11e4-a52e-4f735466cecf":"f.9119AA68FED8A447B03A71089BFD3ED7.d.53F3E3C6F7A82EC0ECFF00C2FD00CF18.e.1921","ELEMENT":"f.9119AA68FED8A447B03A71089BFD3ED7.d.53F3E3C6F7A82EC0ECFF00C2FD00CF18.e.1921"}]}
RESULT: {"script":"<script> [56 bytes]","args":[{"element-6066-11e4-a52e-4f735466cecf":"f.9119AA68FED8A447B03A71089BFD3ED7.d.53F3E3C6F7A82EC0ECFF00C2FD00CF18.e.1921","ELEMENT":"f.9119AA68FED8A447B03A71089BFD3ED7.d.53F3E3C6F7A82EC0ECFF00C2FD00CF18.e.1921"}]}
COMMAND: POST /session/0ffaedec2ff4d329b9cb85ca897a1301/element - {"using":"xpath","value":"//table[contains(@id,\"customHandoversTable-listUl\")]/tbody/tr[1]/td[7]/div/span[2]"}
COMMAND: GET /session/0ffaedec2ff4d329b9cb85ca897a1301/screenshot - {}
RESULT: {"using":"xpath","value":"//table[contains(@id,\"customHandoversTable-listUl\")]/tbody/tr[1]/td[7]/div/span[2]"}
COMMAND: POST /session/0ffaedec2ff4d329b9cb85ca897a1301/execute/sync - {"script":"<script> [56 bytes]","args":[{"element-6066-11e4-a52e-4f735466cecf":"f.9119AA68FED8A447B03A71089BFD3ED7.d.53F3E3C6F7A82EC0ECFF00C2FD00CF18.e.1922","ELEMENT":"f.9119AA68FED8A447B03A71089BFD3ED7.d.53F3E3C6F7A82EC0ECFF00C2FD00CF18.e.1922"}]}
RESULT: {}
RESULT: {"script":"<script> [56 bytes]","args":[{"element-6066-11e4-a52e-4f735466cecf":"f.9119AA68FED8A447B03A71089BFD3ED7.d.53F3E3C6F7A82EC0ECFF00C2FD00CF18.e.1922","ELEMENT":"f.9119AA68FED8A447B03A71089BFD3ED7.d.53F3E3C6F7A82EC0ECFF00C2FD00CF18.e.1922"}]}
COMMAND: POST /session/0ffaedec2ff4d329b9cb85ca897a1301/element - {"using":"xpath","value":"//table[contains(@id,\"customHandoversTable-listUl\")]/tbody/tr[1]/td[8]/div/span[2]"}
COMMAND: GET /session/0ffaedec2ff4d329b9cb85ca897a1301/screenshot - {}
RESULT: {"using":"xpath","value":"//table[contains(@id,\"customHandoversTable-listUl\")]/tbody/tr[1]/td[8]/div/span[2]"}
COMMAND: POST /session/0ffaedec2ff4d329b9cb85ca897a1301/execute/sync - {"script":"<script> [56 bytes]","args":[{"element-6066-11e4-a52e-4f735466cecf":"f.9119AA68FED8A447B03A71089BFD3ED7.d.53F3E3C6F7A82EC0ECFF00C2FD00CF18.e.1925","ELEMENT":"f.9119AA68FED8A447B03A71089BFD3ED7.d.53F3E3C6F7A82EC0ECFF00C2FD00CF18.e.1925"}]}
RESULT: {}
RESULT: {"script":"<script> [56 bytes]","args":[{"element-6066-11e4-a52e-4f735466cecf":"f.9119AA68FED8A447B03A71089BFD3ED7.d.53F3E3C6F7A82EC0ECFF00C2FD00CF18.e.1925","ELEMENT":"f.9119AA68FED8A447B03A71089BFD3ED7.d.53F3E3C6F7A82EC0ECFF00C2FD00CF18.e.1925"}]}
COMMAND: GET /session/0ffaedec2ff4d329b9cb85ca897a1301/screenshot - {}
RESULT: {}
RESULT: undefined
COMMAND: POST /session/0ffaedec2ff4d329b9cb85ca897a1301/element - {"using":"xpath","value":"//*[@id=\"__filter0-icon\"]"}
RESULT: {"using":"xpath","value":"//*[@id=\"__filter0-icon\"]"}
COMMAND: POST /session/0ffaedec2ff4d329b9cb85ca897a1301/element/f.9119AA68FED8A447B03A71089BFD3ED7.d.53F3E3C6F7A82EC0ECFF00C2FD00CF18.e.616/click - {}
RESULT: {}
COMMAND: GET /session/0ffaedec2ff4d329b9cb85ca897a1301/screenshot - {}
RESULT: {}
COMMAND: POST /session/0ffaedec2ff4d329b9cb85ca897a1301/element - {"using":"css selector","value":"#shell-header-logo"}
RESULT: {"using":"css selector","value":"#shell-header-logo"}
COMMAND: POST /session/0ffaedec2ff4d329b9cb85ca897a1301/element/f.9119AA68FED8A447B03A71089BFD3ED7.d.53F3E3C6F7A82EC0ECFF00C2FD00CF18.e.134/click - {}
RESULT: {}
COMMAND: GET /session/0ffaedec2ff4d329b9cb85ca897a1301/screenshot - {}
RESULT: {}
COMMAND: POST /session/0ffaedec2ff4d329b9cb85ca897a1301/element - {"using":"css selector","value":"#j_username"}
COMMAND: POST /session/0ffaedec2ff4d329b9cb85ca897a1301/url - {"url":"https://qa-testing-00-live-etm-ui.cfapps.eu10-004.hana.ondemand.com/"}
RESULT: {"using":"css selector","value":"#j_username"}
COMMAND: POST /session/0ffaedec2ff4d329b9cb85ca897a1301/element - {"using":"css selector","value":"#j_username"}
RESULT: {"url":"https://qa-testing-00-live-etm-ui.cfapps.eu10-004.hana.ondemand.com/"}
RESULT: undefined
COMMAND: GET /session/0ffaedec2ff4d329b9cb85ca897a1301/screenshot - {}
RESULT: {"using":"css selector","value":"#j_username"}
COMMAND: POST /session/0ffaedec2ff4d329b9cb85ca897a1301/element - {"using":"css selector","value":"#shell-header-logo"}
RESULT: {}
RESULT: {"using":"css selector","value":"#shell-header-logo"}
COMMAND: POST /session/0ffaedec2ff4d329b9cb85ca897a1301/execute/sync - {"script":"<script> [8489 bytes]","args":[{"element-6066-11e4-a52e-4f735466cecf":"f.9119AA68FED8A447B03A71089BFD3ED7.d.24F79F3A1AFF3D5254D567A2A86B4A77.e.1937","ELEMENT":"f.9119AA68FED8A447B03A71089BFD3ED7.d.24F79F3A1AFF3D5254D567A2A86B4A77.e.1937"}]}
RESULT: {"script":"<script> [8489 bytes]","args":[{"element-6066-11e4-a52e-4f735466cecf":"f.9119AA68FED8A447B03A71089BFD3ED7.d.24F79F3A1AFF3D5254D567A2A86B4A77.e.1937","ELEMENT":"f.9119AA68FED8A447B03A71089BFD3ED7.d.24F79F3A1AFF3D5254D567A2A86B4A77.e.1937"}]}
COMMAND: POST /session/0ffaedec2ff4d329b9cb85ca897a1301/element - {"using":"css selector","value":"#shell-header-logo"}
COMMAND: GET /session/0ffaedec2ff4d329b9cb85ca897a1301/screenshot - {}
RESULT: {"using":"css selector","value":"#shell-header-logo"}
COMMAND: POST /session/0ffaedec2ff4d329b9cb85ca897a1301/execute/sync - {"script":"<script> [8489 bytes]","args":[{"element-6066-11e4-a52e-4f735466cecf":"f.9119AA68FED8A447B03A71089BFD3ED7.d.24F79F3A1AFF3D5254D567A2A86B4A77.e.1937","ELEMENT":"f.9119AA68FED8A447B03A71089BFD3ED7.d.24F79F3A1AFF3D5254D567A2A86B4A77.e.1937"}]}
RESULT: {}
RESULT: {"script":"<script> [8489 bytes]","args":[{"element-6066-11e4-a52e-4f735466cecf":"f.9119AA68FED8A447B03A71089BFD3ED7.d.24F79F3A1AFF3D5254D567A2A86B4A77.e.1937","ELEMENT":"f.9119AA68FED8A447B03A71089BFD3ED7.d.24F79F3A1AFF3D5254D567A2A86B4A77.e.1937"}]}
COMMAND: POST /session/0ffaedec2ff4d329b9cb85ca897a1301/execute/sync - {"script":"<script> [5351 bytes]","args":[{"element-6066-11e4-a52e-4f735466cecf":"f.9119AA68FED8A447B03A71089BFD3ED7.d.24F79F3A1AFF3D5254D567A2A86B4A77.e.1937","ELEMENT":"f.9119AA68FED8A447B03A71089BFD3ED7.d.24F79F3A1AFF3D5254D567A2A86B4A77.e.1937"}]}
COMMAND: GET /session/0ffaedec2ff4d329b9cb85ca897a1301/screenshot - {}
RESULT: {"script":"<script> [5351 bytes]","args":[{"element-6066-11e4-a52e-4f735466cecf":"f.9119AA68FED8A447B03A71089BFD3ED7.d.24F79F3A1AFF3D5254D567A2A86B4A77.e.1937","ELEMENT":"f.9119AA68FED8A447B03A71089BFD3ED7.d.24F79F3A1AFF3D5254D567A2A86B4A77.e.1937"}]}
COMMAND: POST /session/0ffaedec2ff4d329b9cb85ca897a1301/element - {"using":"css selector","value":"#shell-header-logo"}
COMMAND: GET /session/0ffaedec2ff4d329b9cb85ca897a1301/screenshot - {}
RESULT: {}
RESULT: {"using":"css selector","value":"#shell-header-logo"}
COMMAND: POST /session/0ffaedec2ff4d329b9cb85ca897a1301/element/f.9119AA68FED8A447B03A71089BFD3ED7.d.24F79F3A1AFF3D5254D567A2A86B4A77.e.1937/click - {}
RESULT: {}
RESULT: {}
COMMAND: GET /session/0ffaedec2ff4d329b9cb85ca897a1301/screenshot - {}
RESULT: {}
COMMAND: POST /session/0ffaedec2ff4d329b9cb85ca897a1301/execute/async - {"script":"<script> [189 bytes]","args":[]}
RESULT: {"script":"<script> [189 bytes]","args":[]}
COMMAND: POST /session/0ffaedec2ff4d329b9cb85ca897a1301/execute/async - {"script":"<script> [123 bytes]","args":[]}
RESULT: {"script":"<script> [123 bytes]","args":[]}
COMMAND: POST /session/0ffaedec2ff4d329b9cb85ca897a1301/timeouts - {"script":"<number>"}
RESULT: {"script":"<number>"}
COMMAND: GET /session/0ffaedec2ff4d329b9cb85ca897a1301/timeouts - {}
RESULT: {}
RESULT: undefined
COMMAND: POST /session/0ffaedec2ff4d329b9cb85ca897a1301/execute/async - {"script":"<script> [2676 bytes]","args":[]}
RESULT: {"script":"<script> [2676 bytes]","args":[]}
COMMAND: POST /session/0ffaedec2ff4d329b9cb85ca897a1301/execute/async - {"script":"<script> [2342 bytes]","args":[{"protocol":"http","hostname":"0.0.0.0","path":"/","capabilities":{"browserName":"chrome","goog:chromeOptions":{"binary":"C:\\Program Files\\Google\\Chrome\\Application\\chrome.exe","args":["--start-maximized"]}},"logLevel":"warn","connectionRetryTimeout":120000,"connectionRetryCount":3,"logLevels":{},"enableDirectConnect":true,"strictSSL":true,"_":"65 more keys: [\"cacheDir\",\"port\",\"requestedCapabilities\",\"automationProtocol\",\"baseUrl\",\"waitforInterval\",\"waitforTimeout\",\"onReload\",\"beforeCommand\",\"afterCommand\",\"rootDir\",\"specs\",\"suites\",\"exclude\",\"groupLogsByTestSpec\",\"excludeDriverLogs\",\"bail\",\"framework\",\"reporters\",\"services\",\"maxInstances\",\"maxInstancesPerCapability\",\"injectGlobals\",\"filesToWatch\",\"execArgv\",\"runnerEnv\",\"runner\",\"shard\",\"specFileRetries\",\"specFileRetriesDelay\",\"specFileRetriesDeferred\",\"reporterSyncInterval\",\"reporterSyncTimeout\",\"cucumberFeaturesWithLineNumbers\",\"autoCompileOpts\",\"mochaOpts\",\"jasmineOpts\",\"cucumberOpts\",\"onPrepare\",\"onWorkerStart\",\"onWorkerEnd\",\"before\",\"beforeSession\",\"beforeSuite\",\"beforeHook\",\"beforeTest\",\"afterTest\",\"afterHook\",\"afterSuite\",\"afterSession\",\"after\",\"onComplete\",\"beforeAssertion\",\"afterAssertion\",\"beforeFeature\",\"beforeScenario\",\"beforeStep\",\"afterStep\",\"afterScenario\",\"afterFeature\",\"_\",\"suite\",\"$0\",\"ignoredWorkerServices\",\"wdi5\"]"}]}
RESULT: {"script":"<script> [2342 bytes]","args":[{"protocol":"http","hostname":"0.0.0.0","path":"/","capabilities":{"browserName":"chrome","goog:chromeOptions":{"binary":"C:\\Program Files\\Google\\Chrome\\Application\\chrome.exe","args":["--start-maximized"]}},"logLevel":"warn","connectionRetryTimeout":120000,"connectionRetryCount":3,"logLevels":{},"enableDirectConnect":true,"strictSSL":true,"_":"65 more keys: [\"cacheDir\",\"port\",\"requestedCapabilities\",\"automationProtocol\",\"baseUrl\",\"waitforInterval\",\"waitforTimeout\",\"onReload\",\"beforeCommand\",\"afterCommand\",\"rootDir\",\"specs\",\"suites\",\"exclude\",\"groupLogsByTestSpec\",\"excludeDriverLogs\",\"bail\",\"framework\",\"reporters\",\"services\",\"maxInstances\",\"maxInstancesPerCapability\",\"injectGlobals\",\"filesToWatch\",\"execArgv\",\"runnerEnv\",\"runner\",\"shard\",\"specFileRetries\",\"specFileRetriesDelay\",\"specFileRetriesDeferred\",\"reporterSyncInterval\",\"reporterSyncTimeout\",\"cucumberFeaturesWithLineNumbers\",\"autoCompileOpts\",\"mochaOpts\",\"jasmineOpts\",\"cucumberOpts\",\"onPrepare\",\"onWorkerStart\",\"onWorkerEnd\",\"before\",\"beforeSession\",\"beforeSuite\",\"beforeHook\",\"beforeTest\",\"afterTest\",\"afterHook\",\"afterSuite\",\"afterSession\",\"after\",\"onComplete\",\"beforeAssertion\",\"afterAssertion\",\"beforeFeature\",\"beforeScenario\",\"beforeStep\",\"afterStep\",\"afterScenario\",\"afterFeature\",\"_\",\"suite\",\"$0\",\"ignoredWorkerServices\",\"wdi5\"]"}]}
COMMAND: POST /session/0ffaedec2ff4d329b9cb85ca897a1301/execute/async - {"script":"<script> [21126 bytes]","args":[35000]}
RESULT: {"script":"<script> [21126 bytes]","args":[35000]}
COMMAND: POST /session/0ffaedec2ff4d329b9cb85ca897a1301/window/maximize - {}
RESULT: {}
COMMAND: POST /session/0ffaedec2ff4d329b9cb85ca897a1301/execute/async - {"script":"<script> [1562 bytes]","args":[{"selector":{"id":"shell-header","interaction":{"idSuffix":"icon"}},"wdio_ui5_key":"shellheader"}]}
COMMAND: GET /session/0ffaedec2ff4d329b9cb85ca897a1301/screenshot - {}
RESULT: {"script":"<script> [1562 bytes]","args":[{"selector":{"id":"shell-header","interaction":{"idSuffix":"icon"}},"wdio_ui5_key":"shellheader"}]}
RESULT: undefined
COMMAND: POST /session/0ffaedec2ff4d329b9cb85ca897a1301/refresh - {}
RESULT: {}
RESULT: {}
COMMAND: GET /session/0ffaedec2ff4d329b9cb85ca897a1301/screenshot - {}
RESULT: {}
COMMAND: POST /session/0ffaedec2ff4d329b9cb85ca897a1301/refresh - {}
RESULT: {}
COMMAND: GET /session/0ffaedec2ff4d329b9cb85ca897a1301/screenshot - {}
RESULT: {}
COMMAND: POST /session/0ffaedec2ff4d329b9cb85ca897a1301/window/fullscreen - {}
RESULT: {}
COMMAND: POST /session/0ffaedec2ff4d329b9cb85ca897a1301/execute/async - {"script":"<script> [189 bytes]","args":[]}
RESULT: {"script":"<script> [189 bytes]","args":[]}
COMMAND: POST /session/0ffaedec2ff4d329b9cb85ca897a1301/execute/async - {"script":"<script> [123 bytes]","args":[]}
RESULT: {"script":"<script> [123 bytes]","args":[]}
COMMAND: POST /session/0ffaedec2ff4d329b9cb85ca897a1301/timeouts - {"script":"<number>"}
RESULT: {"script":"<number>"}
COMMAND: GET /session/0ffaedec2ff4d329b9cb85ca897a1301/timeouts - {}
RESULT: {}
RESULT: undefined
COMMAND: POST /session/0ffaedec2ff4d329b9cb85ca897a1301/execute/async - {"script":"<script> [2676 bytes]","args":[]}
RESULT: {"script":"<script> [2676 bytes]","args":[]}
COMMAND: POST /session/0ffaedec2ff4d329b9cb85ca897a1301/execute/async - {"script":"<script> [2342 bytes]","args":[{"protocol":"http","hostname":"0.0.0.0","path":"/","capabilities":{"browserName":"chrome","goog:chromeOptions":{"binary":"C:\\Program Files\\Google\\Chrome\\Application\\chrome.exe","args":["--start-maximized"]}},"logLevel":"warn","connectionRetryTimeout":120000,"connectionRetryCount":3,"logLevels":{},"enableDirectConnect":true,"strictSSL":true,"_":"65 more keys: [\"cacheDir\",\"port\",\"requestedCapabilities\",\"automationProtocol\",\"baseUrl\",\"waitforInterval\",\"waitforTimeout\",\"onReload\",\"beforeCommand\",\"afterCommand\",\"rootDir\",\"specs\",\"suites\",\"exclude\",\"groupLogsByTestSpec\",\"excludeDriverLogs\",\"bail\",\"framework\",\"reporters\",\"services\",\"maxInstances\",\"maxInstancesPerCapability\",\"injectGlobals\",\"filesToWatch\",\"execArgv\",\"runnerEnv\",\"runner\",\"shard\",\"specFileRetries\",\"specFileRetriesDelay\",\"specFileRetriesDeferred\",\"reporterSyncInterval\",\"reporterSyncTimeout\",\"cucumberFeaturesWithLineNumbers\",\"autoCompileOpts\",\"mochaOpts\",\"jasmineOpts\",\"cucumberOpts\",\"onPrepare\",\"onWorkerStart\",\"onWorkerEnd\",\"before\",\"beforeSession\",\"beforeSuite\",\"beforeHook\",\"beforeTest\",\"afterTest\",\"afterHook\",\"afterSuite\",\"afterSession\",\"after\",\"onComplete\",\"beforeAssertion\",\"afterAssertion\",\"beforeFeature\",\"beforeScenario\",\"beforeStep\",\"afterStep\",\"afterScenario\",\"afterFeature\",\"_\",\"suite\",\"$0\",\"ignoredWorkerServices\",\"wdi5\"]"}]}
RESULT: {"script":"<script> [2342 bytes]","args":[{"protocol":"http","hostname":"0.0.0.0","path":"/","capabilities":{"browserName":"chrome","goog:chromeOptions":{"binary":"C:\\Program Files\\Google\\Chrome\\Application\\chrome.exe","args":["--start-maximized"]}},"logLevel":"warn","connectionRetryTimeout":120000,"connectionRetryCount":3,"logLevels":{},"enableDirectConnect":true,"strictSSL":true,"_":"65 more keys: [\"cacheDir\",\"port\",\"requestedCapabilities\",\"automationProtocol\",\"baseUrl\",\"waitforInterval\",\"waitforTimeout\",\"onReload\",\"beforeCommand\",\"afterCommand\",\"rootDir\",\"specs\",\"suites\",\"exclude\",\"groupLogsByTestSpec\",\"excludeDriverLogs\",\"bail\",\"framework\",\"reporters\",\"services\",\"maxInstances\",\"maxInstancesPerCapability\",\"injectGlobals\",\"filesToWatch\",\"execArgv\",\"runnerEnv\",\"runner\",\"shard\",\"specFileRetries\",\"specFileRetriesDelay\",\"specFileRetriesDeferred\",\"reporterSyncInterval\",\"reporterSyncTimeout\",\"cucumberFeaturesWithLineNumbers\",\"autoCompileOpts\",\"mochaOpts\",\"jasmineOpts\",\"cucumberOpts\",\"onPrepare\",\"onWorkerStart\",\"onWorkerEnd\",\"before\",\"beforeSession\",\"beforeSuite\",\"beforeHook\",\"beforeTest\",\"afterTest\",\"afterHook\",\"afterSuite\",\"afterSession\",\"after\",\"onComplete\",\"beforeAssertion\",\"afterAssertion\",\"beforeFeature\",\"beforeScenario\",\"beforeStep\",\"afterStep\",\"afterScenario\",\"afterFeature\",\"_\",\"suite\",\"$0\",\"ignoredWorkerServices\",\"wdi5\"]"}]}
COMMAND: POST /session/0ffaedec2ff4d329b9cb85ca897a1301/execute/async - {"script":"<script> [21126 bytes]","args":[35000]}
RESULT: {"script":"<script> [21126 bytes]","args":[35000]}
]]></system-out>
    </testcase>
  </testsuite>
  <testsuite timestamp="2025-05-26T17:25:46" time="1025.052" tests="12" failures="0" errors="0" skipped="0">
    <properties>
      <property name="specId" value="0"/>
      <property name="suiteName" value="Billing Transfer - Master data &amp; Intercompany US127250"/>
      <property name="capabilities" value="chrome.136_0_7103_93.windows"/>
      <property name="file" value="file:///D:/a/1/s/test/specs/BTS/billing-transfer-intercompany.spec.js"/>
    </properties>
    <testcase classname="chrome.136_0_7103_93.windows.Billing_Transfer_-_Master_data_&amp;_Intercompany_US127250" name="Should create a new yard" time="115.884">
      <system-out><![CDATA[
COMMAND: POST /session/0ffaedec2ff4d329b9cb85ca897a1301/window/fullscreen - {}
RESULT: {}
COMMAND: POST /session/0ffaedec2ff4d329b9cb85ca897a1301/execute/async - {"script":"<script> [1562 bytes]","args":[{"selector":{"controlType":"sap.m.GenericTile","properties":{"header":"Manage Yards"}},"wdio_ui5_key":"sapm.GenericTile{\"header\":\"Manage Yards\"}"}]}
RESULT: {"script":"<script> [1562 bytes]","args":[{"selector":{"controlType":"sap.m.GenericTile","properties":{"header":"Manage Yards"}},"wdio_ui5_key":"sapm.GenericTile{\"header\":\"Manage Yards\"}"}]}
RESULT: undefined
COMMAND: POST /session/0ffaedec2ff4d329b9cb85ca897a1301/element - {"using":"xpath","value":"//*[@id=\"__tile41\"]"}
RESULT: {"using":"xpath","value":"//*[@id=\"__tile41\"]"}
COMMAND: POST /session/0ffaedec2ff4d329b9cb85ca897a1301/element/f.9119AA68FED8A447B03A71089BFD3ED7.d.719F238F308CAFA6294E3EA04FC719EF.e.2102/click - {}
RESULT: {}
COMMAND: GET /session/0ffaedec2ff4d329b9cb85ca897a1301/screenshot - {}
RESULT: {}
COMMAND: POST /session/0ffaedec2ff4d329b9cb85ca897a1301/elements - {"using":"xpath","value":"//span[text()='Error']"}
RESULT: {"using":"xpath","value":"//span[text()='Error']"}
COMMAND: POST /session/0ffaedec2ff4d329b9cb85ca897a1301/element - {"using":"xpath","value":"//button[@data-kt=\"addNewYardOverflowToolbarButton\"]"}
RESULT: {"using":"xpath","value":"//button[@data-kt=\"addNewYardOverflowToolbarButton\"]"}
COMMAND: POST /session/0ffaedec2ff4d329b9cb85ca897a1301/elements - {"using":"xpath","value":"//button[@data-kt=\"addNewYardOverflowToolbarButton\"]"}
RESULT: {"using":"xpath","value":"//button[@data-kt=\"addNewYardOverflowToolbarButton\"]"}
COMMAND: POST /session/0ffaedec2ff4d329b9cb85ca897a1301/element - {"using":"xpath","value":"//button[@data-kt=\"addNewYardOverflowToolbarButton\"]"}
RESULT: {"using":"xpath","value":"//button[@data-kt=\"addNewYardOverflowToolbarButton\"]"}
COMMAND: POST /session/0ffaedec2ff4d329b9cb85ca897a1301/execute/sync - {"script":"<script> [8489 bytes]","args":[{"element-6066-11e4-a52e-4f735466cecf":"f.9119AA68FED8A447B03A71089BFD3ED7.d.719F238F308CAFA6294E3EA04FC719EF.e.2238","ELEMENT":"f.9119AA68FED8A447B03A71089BFD3ED7.d.719F238F308CAFA6294E3EA04FC719EF.e.2238"}]}
RESULT: {"script":"<script> [8489 bytes]","args":[{"element-6066-11e4-a52e-4f735466cecf":"f.9119AA68FED8A447B03A71089BFD3ED7.d.719F238F308CAFA6294E3EA04FC719EF.e.2238","ELEMENT":"f.9119AA68FED8A447B03A71089BFD3ED7.d.719F238F308CAFA6294E3EA04FC719EF.e.2238"}]}
COMMAND: GET /session/0ffaedec2ff4d329b9cb85ca897a1301/element/f.9119AA68FED8A447B03A71089BFD3ED7.d.719F238F308CAFA6294E3EA04FC719EF.e.2238/enabled - {}
COMMAND: GET /session/0ffaedec2ff4d329b9cb85ca897a1301/screenshot - {}
RESULT: {}
COMMAND: POST /session/0ffaedec2ff4d329b9cb85ca897a1301/execute/sync - {"script":"<script> [8489 bytes]","args":[{"element-6066-11e4-a52e-4f735466cecf":"f.9119AA68FED8A447B03A71089BFD3ED7.d.719F238F308CAFA6294E3EA04FC719EF.e.2238","ELEMENT":"f.9119AA68FED8A447B03A71089BFD3ED7.d.719F238F308CAFA6294E3EA04FC719EF.e.2238"}]}
COMMAND: GET /session/0ffaedec2ff4d329b9cb85ca897a1301/screenshot - {}
RESULT: {}
RESULT: {"script":"<script> [8489 bytes]","args":[{"element-6066-11e4-a52e-4f735466cecf":"f.9119AA68FED8A447B03A71089BFD3ED7.d.719F238F308CAFA6294E3EA04FC719EF.e.2238","ELEMENT":"f.9119AA68FED8A447B03A71089BFD3ED7.d.719F238F308CAFA6294E3EA04FC719EF.e.2238"}]}
COMMAND: POST /session/0ffaedec2ff4d329b9cb85ca897a1301/execute/sync - {"script":"<script> [5351 bytes]","args":[{"element-6066-11e4-a52e-4f735466cecf":"f.9119AA68FED8A447B03A71089BFD3ED7.d.719F238F308CAFA6294E3EA04FC719EF.e.2238","ELEMENT":"f.9119AA68FED8A447B03A71089BFD3ED7.d.719F238F308CAFA6294E3EA04FC719EF.e.2238"}]}
COMMAND: GET /session/0ffaedec2ff4d329b9cb85ca897a1301/screenshot - {}
RESULT: {}
RESULT: {"script":"<script> [5351 bytes]","args":[{"element-6066-11e4-a52e-4f735466cecf":"f.9119AA68FED8A447B03A71089BFD3ED7.d.719F238F308CAFA6294E3EA04FC719EF.e.2238","ELEMENT":"f.9119AA68FED8A447B03A71089BFD3ED7.d.719F238F308CAFA6294E3EA04FC719EF.e.2238"}]}
COMMAND: POST /session/0ffaedec2ff4d329b9cb85ca897a1301/element/f.9119AA68FED8A447B03A71089BFD3ED7.d.719F238F308CAFA6294E3EA04FC719EF.e.2238/click - {}
COMMAND: GET /session/0ffaedec2ff4d329b9cb85ca897a1301/screenshot - {}
RESULT: {}
RESULT: {}
COMMAND: GET /session/0ffaedec2ff4d329b9cb85ca897a1301/screenshot - {}
RESULT: {}
COMMAND: POST /session/0ffaedec2ff4d329b9cb85ca897a1301/element - {"using":"xpath","value":"//input[@id=\"application-manageyards-display-component---NewYard--yardId-inner\"]"}
RESULT: {}
RESULT: {"using":"xpath","value":"//input[@id=\"application-manageyards-display-component---NewYard--yardId-inner\"]"}
COMMAND: POST /session/0ffaedec2ff4d329b9cb85ca897a1301/element - {"using":"xpath","value":"//input[@id=\"application-manageyards-display-component---NewYard--yardId-inner\"]"}
RESULT: {"using":"xpath","value":"//input[@id=\"application-manageyards-display-component---NewYard--yardId-inner\"]"}
COMMAND: POST /session/0ffaedec2ff4d329b9cb85ca897a1301/execute/async - {"script":"<script> [1562 bytes]","args":[{"selector":{"id":"application-manageyards-display-component---NewYard--addressDetailDetailsName1","interaction":{"idSuffix":"inner"}},"wdio_ui5_key":"applicationmanageyards-display-component---NewYard--addressDetailDetailsName1"}]}
RESULT: {"script":"<script> [1562 bytes]","args":[{"selector":{"id":"application-manageyards-display-component---NewYard--addressDetailDetailsName1","interaction":{"idSuffix":"inner"}},"wdio_ui5_key":"applicationmanageyards-display-component---NewYard--addressDetailDetailsName1"}]}
RESULT: undefined
COMMAND: POST /session/0ffaedec2ff4d329b9cb85ca897a1301/execute/async - {"script":"<script> [776 bytes]","args":[{"enterText":"Intercompany Yard wdIO","selector":{"id":"application-manageyards-display-component---NewYard--addressDetailDetailsName1","interaction":{"idSuffix":"inner"}},"clearTextFirst":true,"interactionType":"ENTER_TEXT"}]}
RESULT: {"script":"<script> [776 bytes]","args":[{"enterText":"Intercompany Yard wdIO","selector":{"id":"application-manageyards-display-component---NewYard--addressDetailDetailsName1","interaction":{"idSuffix":"inner"}},"clearTextFirst":true,"interactionType":"ENTER_TEXT"}]}
COMMAND: POST /session/0ffaedec2ff4d329b9cb85ca897a1301/execute/async - {"script":"<script> [1562 bytes]","args":[{"selector":{"id":"application-manageyards-display-component---NewYard--addressDetailDetailsLanguage-arrow"},"wdio_ui5_key":"applicationmanageyards-display-component---NewYard--addressDetailDetailsLanguage-arrow"}]}
RESULT: {"script":"<script> [1562 bytes]","args":[{"selector":{"id":"application-manageyards-display-component---NewYard--addressDetailDetailsLanguage-arrow"},"wdio_ui5_key":"applicationmanageyards-display-component---NewYard--addressDetailDetailsLanguage-arrow"}]}
RESULT: undefined
COMMAND: POST /session/0ffaedec2ff4d329b9cb85ca897a1301/element - {"using":"xpath","value":"//*[@id=\"application-manageyards-display-component---NewYard--addressDetailDetailsLanguage-arrow\"]"}
RESULT: {"using":"xpath","value":"//*[@id=\"application-manageyards-display-component---NewYard--addressDetailDetailsLanguage-arrow\"]"}
COMMAND: POST /session/0ffaedec2ff4d329b9cb85ca897a1301/element/f.9119AA68FED8A447B03A71089BFD3ED7.d.719F238F308CAFA6294E3EA04FC719EF.e.2674/click - {}
RESULT: {}
COMMAND: POST /session/0ffaedec2ff4d329b9cb85ca897a1301/element - {"using":"xpath","value":"//span[contains(text(), \"English\")]"}
COMMAND: GET /session/0ffaedec2ff4d329b9cb85ca897a1301/screenshot - {}
RESULT: {"using":"xpath","value":"//span[contains(text(), \"English\")]"}
COMMAND: POST /session/0ffaedec2ff4d329b9cb85ca897a1301/element/f.9119AA68FED8A447B03A71089BFD3ED7.d.719F238F308CAFA6294E3EA04FC719EF.e.2675/click - {}
RESULT: {}
RESULT: {}
COMMAND: POST /session/0ffaedec2ff4d329b9cb85ca897a1301/execute/async - {"script":"<script> [1562 bytes]","args":[{"selector":{"id":"application-manageyards-display-component---NewYard--addressDetailDetailsCity1","interaction":{"idSuffix":"inner"}},"wdio_ui5_key":"applicationmanageyards-display-component---NewYard--addressDetailDetailsCity1"}]}
COMMAND: GET /session/0ffaedec2ff4d329b9cb85ca897a1301/screenshot - {}
RESULT: {"script":"<script> [1562 bytes]","args":[{"selector":{"id":"application-manageyards-display-component---NewYard--addressDetailDetailsCity1","interaction":{"idSuffix":"inner"}},"wdio_ui5_key":"applicationmanageyards-display-component---NewYard--addressDetailDetailsCity1"}]}
RESULT: undefined
COMMAND: POST /session/0ffaedec2ff4d329b9cb85ca897a1301/execute/async - {"script":"<script> [776 bytes]","args":[{"enterText":"Rosario","selector":{"id":"application-manageyards-display-component---NewYard--addressDetailDetailsCity1","interaction":{"idSuffix":"inner"}},"clearTextFirst":true,"interactionType":"ENTER_TEXT"}]}
RESULT: {}
RESULT: {"script":"<script> [776 bytes]","args":[{"enterText":"Rosario","selector":{"id":"application-manageyards-display-component---NewYard--addressDetailDetailsCity1","interaction":{"idSuffix":"inner"}},"clearTextFirst":true,"interactionType":"ENTER_TEXT"}]}
COMMAND: POST /session/0ffaedec2ff4d329b9cb85ca897a1301/execute/async - {"script":"<script> [1562 bytes]","args":[{"selector":{"id":"application-manageyards-display-component---NewYard--addressDetailDetailsCountry-arrow"},"wdio_ui5_key":"applicationmanageyards-display-component---NewYard--addressDetailDetailsCountry-arrow"}]}
RESULT: {"script":"<script> [1562 bytes]","args":[{"selector":{"id":"application-manageyards-display-component---NewYard--addressDetailDetailsCountry-arrow"},"wdio_ui5_key":"applicationmanageyards-display-component---NewYard--addressDetailDetailsCountry-arrow"}]}
RESULT: undefined
COMMAND: POST /session/0ffaedec2ff4d329b9cb85ca897a1301/element - {"using":"xpath","value":"//*[@id=\"application-manageyards-display-component---NewYard--addressDetailDetailsCountry-arrow\"]"}
RESULT: {"using":"xpath","value":"//*[@id=\"application-manageyards-display-component---NewYard--addressDetailDetailsCountry-arrow\"]"}
COMMAND: POST /session/0ffaedec2ff4d329b9cb85ca897a1301/element/f.9119AA68FED8A447B03A71089BFD3ED7.d.719F238F308CAFA6294E3EA04FC719EF.e.2677/click - {}
RESULT: {}
COMMAND: POST /session/0ffaedec2ff4d329b9cb85ca897a1301/element - {"using":"xpath","value":"//span[contains(text(), \"Argentina\")]"}
COMMAND: GET /session/0ffaedec2ff4d329b9cb85ca897a1301/screenshot - {}
RESULT: {"using":"xpath","value":"//span[contains(text(), \"Argentina\")]"}
COMMAND: POST /session/0ffaedec2ff4d329b9cb85ca897a1301/element/f.9119AA68FED8A447B03A71089BFD3ED7.d.719F238F308CAFA6294E3EA04FC719EF.e.2678/click - {}
RESULT: {}
RESULT: {}
COMMAND: POST /session/0ffaedec2ff4d329b9cb85ca897a1301/execute/async - {"script":"<script> [1562 bytes]","args":[{"selector":{"id":"application-manageyards-display-component---NewYard--addressEditDetailsCostObjectCstType-arrow"},"wdio_ui5_key":"applicationmanageyards-display-component---NewYard--addressEditDetailsCostObjectCstType-arrow"}]}
COMMAND: GET /session/0ffaedec2ff4d329b9cb85ca897a1301/screenshot - {}
RESULT: {"script":"<script> [1562 bytes]","args":[{"selector":{"id":"application-manageyards-display-component---NewYard--addressEditDetailsCostObjectCstType-arrow"},"wdio_ui5_key":"applicationmanageyards-display-component---NewYard--addressEditDetailsCostObjectCstType-arrow"}]}
RESULT: undefined
COMMAND: POST /session/0ffaedec2ff4d329b9cb85ca897a1301/element - {"using":"xpath","value":"//*[@id=\"application-manageyards-display-component---NewYard--addressEditDetailsCostObjectCstType-arrow\"]"}
RESULT: {}
RESULT: {"using":"xpath","value":"//*[@id=\"application-manageyards-display-component---NewYard--addressEditDetailsCostObjectCstType-arrow\"]"}
COMMAND: POST /session/0ffaedec2ff4d329b9cb85ca897a1301/element/f.9119AA68FED8A447B03A71089BFD3ED7.d.719F238F308CAFA6294E3EA04FC719EF.e.2680/click - {}
RESULT: {}
COMMAND: POST /session/0ffaedec2ff4d329b9cb85ca897a1301/element - {"using":"xpath","value":"//span[contains(text(), \"Cost Center\")]"}
COMMAND: GET /session/0ffaedec2ff4d329b9cb85ca897a1301/screenshot - {}
RESULT: {"using":"xpath","value":"//span[contains(text(), \"Cost Center\")]"}
COMMAND: POST /session/0ffaedec2ff4d329b9cb85ca897a1301/element/f.9119AA68FED8A447B03A71089BFD3ED7.d.719F238F308CAFA6294E3EA04FC719EF.e.2681/click - {}
RESULT: {}
RESULT: {}
COMMAND: GET /session/0ffaedec2ff4d329b9cb85ca897a1301/screenshot - {}
RESULT: {}
COMMAND: POST /session/0ffaedec2ff4d329b9cb85ca897a1301/element - {"using":"xpath","value":"//span[@id=\"application-manageyards-display-component---NewYard--addressNewCostObjectCstID-vhi\"]"}
RESULT: {"using":"xpath","value":"//span[@id=\"application-manageyards-display-component---NewYard--addressNewCostObjectCstID-vhi\"]"}
COMMAND: POST /session/0ffaedec2ff4d329b9cb85ca897a1301/execute/sync - {"script":"<script> [8489 bytes]","args":[{"element-6066-11e4-a52e-4f735466cecf":"f.9119AA68FED8A447B03A71089BFD3ED7.d.719F238F308CAFA6294E3EA04FC719EF.e.2685","ELEMENT":"f.9119AA68FED8A447B03A71089BFD3ED7.d.719F238F308CAFA6294E3EA04FC719EF.e.2685"}]}
RESULT: {"script":"<script> [8489 bytes]","args":[{"element-6066-11e4-a52e-4f735466cecf":"f.9119AA68FED8A447B03A71089BFD3ED7.d.719F238F308CAFA6294E3EA04FC719EF.e.2685","ELEMENT":"f.9119AA68FED8A447B03A71089BFD3ED7.d.719F238F308CAFA6294E3EA04FC719EF.e.2685"}]}
COMMAND: POST /session/0ffaedec2ff4d329b9cb85ca897a1301/execute/async - {"script":"<script> [1562 bytes]","args":[{"selector":{"id":"application-manageyards-display-component---NewYard--addressNewCostObjectCstID-vhi"},"wdio_ui5_key":"applicationmanageyards-display-component---NewYard--addressNewCostObjectCstID-vhi"}]}
COMMAND: GET /session/0ffaedec2ff4d329b9cb85ca897a1301/screenshot - {}
RESULT: {"script":"<script> [1562 bytes]","args":[{"selector":{"id":"application-manageyards-display-component---NewYard--addressNewCostObjectCstID-vhi"},"wdio_ui5_key":"applicationmanageyards-display-component---NewYard--addressNewCostObjectCstID-vhi"}]}
RESULT: undefined
COMMAND: POST /session/0ffaedec2ff4d329b9cb85ca897a1301/element - {"using":"xpath","value":"//*[@id=\"application-manageyards-display-component---NewYard--addressNewCostObjectCstID-vhi\"]"}
RESULT: {}
RESULT: {"using":"xpath","value":"//*[@id=\"application-manageyards-display-component---NewYard--addressNewCostObjectCstID-vhi\"]"}
COMMAND: POST /session/0ffaedec2ff4d329b9cb85ca897a1301/element/f.9119AA68FED8A447B03A71089BFD3ED7.d.719F238F308CAFA6294E3EA04FC719EF.e.2685/click - {}
RESULT: {}
COMMAND: GET /session/0ffaedec2ff4d329b9cb85ca897a1301/screenshot - {}
RESULT: {}
COMMAND: POST /session/0ffaedec2ff4d329b9cb85ca897a1301/execute/async - {"script":"<script> [1562 bytes]","args":[{"selector":{"controlType":"sap.m.SearchField","properties":{"placeholder":"Search"},"searchOpenDialogs":true,"interaction":{"idSuffix":"I"}},"wdio_ui5_key":"sapm.SearchField{\"placeholder\":\"Search\"}"}]}
RESULT: {"script":"<script> [1562 bytes]","args":[{"selector":{"controlType":"sap.m.SearchField","properties":{"placeholder":"Search"},"searchOpenDialogs":true,"interaction":{"idSuffix":"I"}},"wdio_ui5_key":"sapm.SearchField{\"placeholder\":\"Search\"}"}]}
RESULT: undefined
COMMAND: POST /session/0ffaedec2ff4d329b9cb85ca897a1301/execute/async - {"script":"<script> [776 bytes]","args":[{"enterText":"bauh_b","selector":{"controlType":"sap.m.SearchField","properties":{"placeholder":"Search"},"searchOpenDialogs":true,"interaction":{"idSuffix":"I"}},"clearTextFirst":true,"interactionType":"ENTER_TEXT"}]}
RESULT: {"script":"<script> [776 bytes]","args":[{"enterText":"bauh_b","selector":{"controlType":"sap.m.SearchField","properties":{"placeholder":"Search"},"searchOpenDialogs":true,"interaction":{"idSuffix":"I"}},"clearTextFirst":true,"interactionType":"ENTER_TEXT"}]}
COMMAND: POST /session/0ffaedec2ff4d329b9cb85ca897a1301/actions - {"actions":[{"id":"action1","type":"key","parameters":{},"actions":[{"type":"keyDown","value":""},{"type":"pause","duration":10},{"type":"keyUp","value":""}]}]}
RESULT: {"actions":[{"id":"action1","type":"key","parameters":{},"actions":[{"type":"keyDown","value":""},{"type":"pause","duration":10},{"type":"keyUp","value":""}]}]}
COMMAND: GET /session/0ffaedec2ff4d329b9cb85ca897a1301/screenshot - {}
RESULT: {}
COMMAND: POST /session/0ffaedec2ff4d329b9cb85ca897a1301/element - {"using":"xpath","value":"//span[contains(text(), \"Demo Yard\")]"}
RESULT: {"using":"xpath","value":"//span[contains(text(), \"Demo Yard\")]"}
COMMAND: POST /session/0ffaedec2ff4d329b9cb85ca897a1301/element/f.9119AA68FED8A447B03A71089BFD3ED7.d.719F238F308CAFA6294E3EA04FC719EF.e.2727/click - {}
RESULT: {}
COMMAND: GET /session/0ffaedec2ff4d329b9cb85ca897a1301/screenshot - {}
RESULT: {}
COMMAND: POST /session/0ffaedec2ff4d329b9cb85ca897a1301/element - {"using":"xpath","value":"//bdi[contains(text(), \"OK\")]"}
RESULT: {"using":"xpath","value":"//bdi[contains(text(), \"OK\")]"}
COMMAND: POST /session/0ffaedec2ff4d329b9cb85ca897a1301/element/f.9119AA68FED8A447B03A71089BFD3ED7.d.719F238F308CAFA6294E3EA04FC719EF.e.2728/click - {}
RESULT: {}
COMMAND: GET /session/0ffaedec2ff4d329b9cb85ca897a1301/screenshot - {}
RESULT: {}
COMMAND: POST /session/0ffaedec2ff4d329b9cb85ca897a1301/execute/async - {"script":"<script> [1562 bytes]","args":[{"selector":{"id":"application-manageyards-display-component---NewYard--addressEditDetailsCurrency-arrow"},"wdio_ui5_key":"applicationmanageyards-display-component---NewYard--addressEditDetailsCurrency-arrow"}]}
RESULT: {"script":"<script> [1562 bytes]","args":[{"selector":{"id":"application-manageyards-display-component---NewYard--addressEditDetailsCurrency-arrow"},"wdio_ui5_key":"applicationmanageyards-display-component---NewYard--addressEditDetailsCurrency-arrow"}]}
RESULT: undefined
COMMAND: POST /session/0ffaedec2ff4d329b9cb85ca897a1301/element - {"using":"xpath","value":"//*[@id=\"application-manageyards-display-component---NewYard--addressEditDetailsCurrency-arrow\"]"}
RESULT: {"using":"xpath","value":"//*[@id=\"application-manageyards-display-component---NewYard--addressEditDetailsCurrency-arrow\"]"}
COMMAND: POST /session/0ffaedec2ff4d329b9cb85ca897a1301/element/f.9119AA68FED8A447B03A71089BFD3ED7.d.719F238F308CAFA6294E3EA04FC719EF.e.2731/click - {}
RESULT: {}
COMMAND: POST /session/0ffaedec2ff4d329b9cb85ca897a1301/element - {"using":"xpath","value":"//span[contains(text(), \"Euro\")]"}
COMMAND: GET /session/0ffaedec2ff4d329b9cb85ca897a1301/screenshot - {}
RESULT: {"using":"xpath","value":"//span[contains(text(), \"Euro\")]"}
COMMAND: POST /session/0ffaedec2ff4d329b9cb85ca897a1301/element/f.9119AA68FED8A447B03A71089BFD3ED7.d.719F238F308CAFA6294E3EA04FC719EF.e.2732/click - {}
RESULT: {}
RESULT: {}
COMMAND: POST /session/0ffaedec2ff4d329b9cb85ca897a1301/execute/async - {"script":"<script> [1562 bytes]","args":[{"selector":{"controlType":"sap.m.Input","viewName":"etm.portal.ui.manageyards.view.New","viewId":"application-manageyards-display-component---NewYard","bindingPath":{"path":"","propertyPath":"/CONTROLLING_AREA","modelName":"NewYardModel"},"interaction":{"idSuffix":"inner"}},"wdio_ui5_key":"etmportal.ui.manageyards.view.Newsap.m.Input{\"path\":\"\",\"propertyPath\":\"/CONTROLLING_AREA\",\"modelName\":\"NewYardModel\"}"}]}
COMMAND: GET /session/0ffaedec2ff4d329b9cb85ca897a1301/screenshot - {}
RESULT: {"script":"<script> [1562 bytes]","args":[{"selector":{"controlType":"sap.m.Input","viewName":"etm.portal.ui.manageyards.view.New","viewId":"application-manageyards-display-component---NewYard","bindingPath":{"path":"","propertyPath":"/CONTROLLING_AREA","modelName":"NewYardModel"},"interaction":{"idSuffix":"inner"}},"wdio_ui5_key":"etmportal.ui.manageyards.view.Newsap.m.Input{\"path\":\"\",\"propertyPath\":\"/CONTROLLING_AREA\",\"modelName\":\"NewYardModel\"}"}]}
RESULT: undefined
COMMAND: POST /session/0ffaedec2ff4d329b9cb85ca897a1301/execute/async - {"script":"<script> [776 bytes]","args":[{"enterText":"Z001","selector":{"controlType":"sap.m.Input","viewName":"etm.portal.ui.manageyards.view.New","viewId":"application-manageyards-display-component---NewYard","bindingPath":{"path":"","propertyPath":"/CONTROLLING_AREA","modelName":"NewYardModel"},"interaction":{"idSuffix":"inner"}},"clearTextFirst":true,"interactionType":"ENTER_TEXT"}]}
RESULT: {}
RESULT: {"script":"<script> [776 bytes]","args":[{"enterText":"Z001","selector":{"controlType":"sap.m.Input","viewName":"etm.portal.ui.manageyards.view.New","viewId":"application-manageyards-display-component---NewYard","bindingPath":{"path":"","propertyPath":"/CONTROLLING_AREA","modelName":"NewYardModel"},"interaction":{"idSuffix":"inner"}},"clearTextFirst":true,"interactionType":"ENTER_TEXT"}]}
COMMAND: POST /session/0ffaedec2ff4d329b9cb85ca897a1301/execute/async - {"script":"<script> [1562 bytes]","args":[{"selector":{"id":"application-manageyards-display-component---NewYard--companyCodeComboBox","interaction":{"idSuffix":"inner"}},"wdio_ui5_key":"applicationmanageyards-display-component---NewYard--companyCodeComboBox"}]}
RESULT: {"script":"<script> [1562 bytes]","args":[{"selector":{"id":"application-manageyards-display-component---NewYard--companyCodeComboBox","interaction":{"idSuffix":"inner"}},"wdio_ui5_key":"applicationmanageyards-display-component---NewYard--companyCodeComboBox"}]}
RESULT: undefined
COMMAND: POST /session/0ffaedec2ff4d329b9cb85ca897a1301/execute/async - {"script":"<script> [776 bytes]","args":[{"enterText":"1000","selector":{"id":"application-manageyards-display-component---NewYard--companyCodeComboBox","interaction":{"idSuffix":"inner"}},"clearTextFirst":true,"interactionType":"ENTER_TEXT"}]}
RESULT: {"script":"<script> [776 bytes]","args":[{"enterText":"1000","selector":{"id":"application-manageyards-display-component---NewYard--companyCodeComboBox","interaction":{"idSuffix":"inner"}},"clearTextFirst":true,"interactionType":"ENTER_TEXT"}]}
COMMAND: POST /session/0ffaedec2ff4d329b9cb85ca897a1301/execute/async - {"script":"<script> [1562 bytes]","args":[{"selector":{"controlType":"sap.m.Input","viewName":"etm.portal.ui.manageyards.view.New","viewId":"application-manageyards-display-component---NewYard","bindingPath":{"path":"","propertyPath":"/PLANT","modelName":"NewYardModel"},"interaction":{"idSuffix":"inner"}},"wdio_ui5_key":"etmportal.ui.manageyards.view.Newsap.m.Input{\"path\":\"\",\"propertyPath\":\"/PLANT\",\"modelName\":\"NewYardModel\"}"}]}
RESULT: {"script":"<script> [1562 bytes]","args":[{"selector":{"controlType":"sap.m.Input","viewName":"etm.portal.ui.manageyards.view.New","viewId":"application-manageyards-display-component---NewYard","bindingPath":{"path":"","propertyPath":"/PLANT","modelName":"NewYardModel"},"interaction":{"idSuffix":"inner"}},"wdio_ui5_key":"etmportal.ui.manageyards.view.Newsap.m.Input{\"path\":\"\",\"propertyPath\":\"/PLANT\",\"modelName\":\"NewYardModel\"}"}]}
RESULT: undefined
COMMAND: POST /session/0ffaedec2ff4d329b9cb85ca897a1301/execute/async - {"script":"<script> [776 bytes]","args":[{"enterText":"1001","selector":{"controlType":"sap.m.Input","viewName":"etm.portal.ui.manageyards.view.New","viewId":"application-manageyards-display-component---NewYard","bindingPath":{"path":"","propertyPath":"/PLANT","modelName":"NewYardModel"},"interaction":{"idSuffix":"inner"}},"clearTextFirst":true,"interactionType":"ENTER_TEXT"}]}
RESULT: {"script":"<script> [776 bytes]","args":[{"enterText":"1001","selector":{"controlType":"sap.m.Input","viewName":"etm.portal.ui.manageyards.view.New","viewId":"application-manageyards-display-component---NewYard","bindingPath":{"path":"","propertyPath":"/PLANT","modelName":"NewYardModel"},"interaction":{"idSuffix":"inner"}},"clearTextFirst":true,"interactionType":"ENTER_TEXT"}]}
COMMAND: POST /session/0ffaedec2ff4d329b9cb85ca897a1301/execute/async - {"script":"<script> [1562 bytes]","args":[{"selector":{"controlType":"sap.m.Input","viewName":"etm.portal.ui.manageyards.view.New","viewId":"application-manageyards-display-component---NewYard","bindingPath":{"path":"","propertyPath":"/SALES_AREA_VKORG","modelName":"NewYardModel"},"interaction":{"idSuffix":"inner"}},"wdio_ui5_key":"etmportal.ui.manageyards.view.Newsap.m.Input{\"path\":\"\",\"propertyPath\":\"/SALES_AREA_VKORG\",\"modelName\":\"NewYardModel\"}"}]}
RESULT: {"script":"<script> [1562 bytes]","args":[{"selector":{"controlType":"sap.m.Input","viewName":"etm.portal.ui.manageyards.view.New","viewId":"application-manageyards-display-component---NewYard","bindingPath":{"path":"","propertyPath":"/SALES_AREA_VKORG","modelName":"NewYardModel"},"interaction":{"idSuffix":"inner"}},"wdio_ui5_key":"etmportal.ui.manageyards.view.Newsap.m.Input{\"path\":\"\",\"propertyPath\":\"/SALES_AREA_VKORG\",\"modelName\":\"NewYardModel\"}"}]}
RESULT: undefined
COMMAND: POST /session/0ffaedec2ff4d329b9cb85ca897a1301/execute/async - {"script":"<script> [776 bytes]","args":[{"enterText":"C002","selector":{"controlType":"sap.m.Input","viewName":"etm.portal.ui.manageyards.view.New","viewId":"application-manageyards-display-component---NewYard","bindingPath":{"path":"","propertyPath":"/SALES_AREA_VKORG","modelName":"NewYardModel"},"interaction":{"idSuffix":"inner"}},"clearTextFirst":true,"interactionType":"ENTER_TEXT"}]}
RESULT: {"script":"<script> [776 bytes]","args":[{"enterText":"C002","selector":{"controlType":"sap.m.Input","viewName":"etm.portal.ui.manageyards.view.New","viewId":"application-manageyards-display-component---NewYard","bindingPath":{"path":"","propertyPath":"/SALES_AREA_VKORG","modelName":"NewYardModel"},"interaction":{"idSuffix":"inner"}},"clearTextFirst":true,"interactionType":"ENTER_TEXT"}]}
COMMAND: POST /session/0ffaedec2ff4d329b9cb85ca897a1301/execute/async - {"script":"<script> [1562 bytes]","args":[{"selector":{"controlType":"sap.m.Input","viewName":"etm.portal.ui.manageyards.view.New","viewId":"application-manageyards-display-component---NewYard","bindingPath":{"path":"","propertyPath":"/SALES_AREA_VTWEG","modelName":"NewYardModel"},"interaction":{"idSuffix":"inner"}},"wdio_ui5_key":"etmportal.ui.manageyards.view.Newsap.m.Input{\"path\":\"\",\"propertyPath\":\"/SALES_AREA_VTWEG\",\"modelName\":\"NewYardModel\"}"}]}
RESULT: {"script":"<script> [1562 bytes]","args":[{"selector":{"controlType":"sap.m.Input","viewName":"etm.portal.ui.manageyards.view.New","viewId":"application-manageyards-display-component---NewYard","bindingPath":{"path":"","propertyPath":"/SALES_AREA_VTWEG","modelName":"NewYardModel"},"interaction":{"idSuffix":"inner"}},"wdio_ui5_key":"etmportal.ui.manageyards.view.Newsap.m.Input{\"path\":\"\",\"propertyPath\":\"/SALES_AREA_VTWEG\",\"modelName\":\"NewYardModel\"}"}]}
RESULT: undefined
COMMAND: POST /session/0ffaedec2ff4d329b9cb85ca897a1301/execute/async - {"script":"<script> [776 bytes]","args":[{"enterText":"C2","selector":{"controlType":"sap.m.Input","viewName":"etm.portal.ui.manageyards.view.New","viewId":"application-manageyards-display-component---NewYard","bindingPath":{"path":"","propertyPath":"/SALES_AREA_VTWEG","modelName":"NewYardModel"},"interaction":{"idSuffix":"inner"}},"clearTextFirst":true,"interactionType":"ENTER_TEXT"}]}
RESULT: {"script":"<script> [776 bytes]","args":[{"enterText":"C2","selector":{"controlType":"sap.m.Input","viewName":"etm.portal.ui.manageyards.view.New","viewId":"application-manageyards-display-component---NewYard","bindingPath":{"path":"","propertyPath":"/SALES_AREA_VTWEG","modelName":"NewYardModel"},"interaction":{"idSuffix":"inner"}},"clearTextFirst":true,"interactionType":"ENTER_TEXT"}]}
COMMAND: POST /session/0ffaedec2ff4d329b9cb85ca897a1301/execute/async - {"script":"<script> [1562 bytes]","args":[{"selector":{"controlType":"sap.m.Input","viewName":"etm.portal.ui.manageyards.view.New","viewId":"application-manageyards-display-component---NewYard","bindingPath":{"path":"","propertyPath":"/SALES_AREA_SPART","modelName":"NewYardModel"},"interaction":{"idSuffix":"inner"}},"wdio_ui5_key":"etmportal.ui.manageyards.view.Newsap.m.Input{\"path\":\"\",\"propertyPath\":\"/SALES_AREA_SPART\",\"modelName\":\"NewYardModel\"}"}]}
RESULT: {"script":"<script> [1562 bytes]","args":[{"selector":{"controlType":"sap.m.Input","viewName":"etm.portal.ui.manageyards.view.New","viewId":"application-manageyards-display-component---NewYard","bindingPath":{"path":"","propertyPath":"/SALES_AREA_SPART","modelName":"NewYardModel"},"interaction":{"idSuffix":"inner"}},"wdio_ui5_key":"etmportal.ui.manageyards.view.Newsap.m.Input{\"path\":\"\",\"propertyPath\":\"/SALES_AREA_SPART\",\"modelName\":\"NewYardModel\"}"}]}
RESULT: undefined
COMMAND: POST /session/0ffaedec2ff4d329b9cb85ca897a1301/execute/async - {"script":"<script> [776 bytes]","args":[{"enterText":"C2","selector":{"controlType":"sap.m.Input","viewName":"etm.portal.ui.manageyards.view.New","viewId":"application-manageyards-display-component---NewYard","bindingPath":{"path":"","propertyPath":"/SALES_AREA_SPART","modelName":"NewYardModel"},"interaction":{"idSuffix":"inner"}},"clearTextFirst":true,"interactionType":"ENTER_TEXT"}]}
RESULT: {"script":"<script> [776 bytes]","args":[{"enterText":"C2","selector":{"controlType":"sap.m.Input","viewName":"etm.portal.ui.manageyards.view.New","viewId":"application-manageyards-display-component---NewYard","bindingPath":{"path":"","propertyPath":"/SALES_AREA_SPART","modelName":"NewYardModel"},"interaction":{"idSuffix":"inner"}},"clearTextFirst":true,"interactionType":"ENTER_TEXT"}]}
COMMAND: POST /session/0ffaedec2ff4d329b9cb85ca897a1301/execute/async - {"script":"<script> [1562 bytes]","args":[{"selector":{"controlType":"sap.m.Input","viewName":"etm.portal.ui.manageyards.view.New","viewId":"application-manageyards-display-component---NewYard","bindingPath":{"path":"","propertyPath":"/SHIP_POINT","modelName":"NewYardModel"},"interaction":{"idSuffix":"inner"}},"wdio_ui5_key":"etmportal.ui.manageyards.view.Newsap.m.Input{\"path\":\"\",\"propertyPath\":\"/SHIP_POINT\",\"modelName\":\"NewYardModel\"}"}]}
RESULT: {"script":"<script> [1562 bytes]","args":[{"selector":{"controlType":"sap.m.Input","viewName":"etm.portal.ui.manageyards.view.New","viewId":"application-manageyards-display-component---NewYard","bindingPath":{"path":"","propertyPath":"/SHIP_POINT","modelName":"NewYardModel"},"interaction":{"idSuffix":"inner"}},"wdio_ui5_key":"etmportal.ui.manageyards.view.Newsap.m.Input{\"path\":\"\",\"propertyPath\":\"/SHIP_POINT\",\"modelName\":\"NewYardModel\"}"}]}
RESULT: undefined
COMMAND: POST /session/0ffaedec2ff4d329b9cb85ca897a1301/execute/async - {"script":"<script> [776 bytes]","args":[{"enterText":"1710","selector":{"controlType":"sap.m.Input","viewName":"etm.portal.ui.manageyards.view.New","viewId":"application-manageyards-display-component---NewYard","bindingPath":{"path":"","propertyPath":"/SHIP_POINT","modelName":"NewYardModel"},"interaction":{"idSuffix":"inner"}},"clearTextFirst":true,"interactionType":"ENTER_TEXT"}]}
RESULT: {"script":"<script> [776 bytes]","args":[{"enterText":"1710","selector":{"controlType":"sap.m.Input","viewName":"etm.portal.ui.manageyards.view.New","viewId":"application-manageyards-display-component---NewYard","bindingPath":{"path":"","propertyPath":"/SHIP_POINT","modelName":"NewYardModel"},"interaction":{"idSuffix":"inner"}},"clearTextFirst":true,"interactionType":"ENTER_TEXT"}]}
COMMAND: POST /session/0ffaedec2ff4d329b9cb85ca897a1301/execute/async - {"script":"<script> [1562 bytes]","args":[{"selector":{"controlType":"sap.m.Input","viewName":"etm.portal.ui.manageyards.view.New","viewId":"application-manageyards-display-component---NewYard","bindingPath":{"path":"","propertyPath":"/DELIVERY_TYPE","modelName":"NewYardModel"},"interaction":{"idSuffix":"inner"}},"wdio_ui5_key":"etmportal.ui.manageyards.view.Newsap.m.Input{\"path\":\"\",\"propertyPath\":\"/DELIVERY_TYPE\",\"modelName\":\"NewYardModel\"}"}]}
RESULT: {"script":"<script> [1562 bytes]","args":[{"selector":{"controlType":"sap.m.Input","viewName":"etm.portal.ui.manageyards.view.New","viewId":"application-manageyards-display-component---NewYard","bindingPath":{"path":"","propertyPath":"/DELIVERY_TYPE","modelName":"NewYardModel"},"interaction":{"idSuffix":"inner"}},"wdio_ui5_key":"etmportal.ui.manageyards.view.Newsap.m.Input{\"path\":\"\",\"propertyPath\":\"/DELIVERY_TYPE\",\"modelName\":\"NewYardModel\"}"}]}
RESULT: undefined
COMMAND: POST /session/0ffaedec2ff4d329b9cb85ca897a1301/execute/async - {"script":"<script> [776 bytes]","args":[{"enterText":"ZL01","selector":{"controlType":"sap.m.Input","viewName":"etm.portal.ui.manageyards.view.New","viewId":"application-manageyards-display-component---NewYard","bindingPath":{"path":"","propertyPath":"/DELIVERY_TYPE","modelName":"NewYardModel"},"interaction":{"idSuffix":"inner"}},"clearTextFirst":true,"interactionType":"ENTER_TEXT"}]}
RESULT: {"script":"<script> [776 bytes]","args":[{"enterText":"ZL01","selector":{"controlType":"sap.m.Input","viewName":"etm.portal.ui.manageyards.view.New","viewId":"application-manageyards-display-component---NewYard","bindingPath":{"path":"","propertyPath":"/DELIVERY_TYPE","modelName":"NewYardModel"},"interaction":{"idSuffix":"inner"}},"clearTextFirst":true,"interactionType":"ENTER_TEXT"}]}
COMMAND: POST /session/0ffaedec2ff4d329b9cb85ca897a1301/execute/async - {"script":"<script> [1562 bytes]","args":[{"selector":{"controlType":"sap.m.Input","viewName":"etm.portal.ui.manageyards.view.New","viewId":"application-manageyards-display-component---NewYard","bindingPath":{"path":"","propertyPath":"/AUART","modelName":"NewYardModel"},"interaction":{"idSuffix":"inner"}},"wdio_ui5_key":"etmportal.ui.manageyards.view.Newsap.m.Input{\"path\":\"\",\"propertyPath\":\"/AUART\",\"modelName\":\"NewYardModel\"}"}]}
RESULT: {"script":"<script> [1562 bytes]","args":[{"selector":{"controlType":"sap.m.Input","viewName":"etm.portal.ui.manageyards.view.New","viewId":"application-manageyards-display-component---NewYard","bindingPath":{"path":"","propertyPath":"/AUART","modelName":"NewYardModel"},"interaction":{"idSuffix":"inner"}},"wdio_ui5_key":"etmportal.ui.manageyards.view.Newsap.m.Input{\"path\":\"\",\"propertyPath\":\"/AUART\",\"modelName\":\"NewYardModel\"}"}]}
RESULT: undefined
COMMAND: POST /session/0ffaedec2ff4d329b9cb85ca897a1301/execute/async - {"script":"<script> [776 bytes]","args":[{"enterText":"TA","selector":{"controlType":"sap.m.Input","viewName":"etm.portal.ui.manageyards.view.New","viewId":"application-manageyards-display-component---NewYard","bindingPath":{"path":"","propertyPath":"/AUART","modelName":"NewYardModel"},"interaction":{"idSuffix":"inner"}},"clearTextFirst":true,"interactionType":"ENTER_TEXT"}]}
RESULT: {"script":"<script> [776 bytes]","args":[{"enterText":"TA","selector":{"controlType":"sap.m.Input","viewName":"etm.portal.ui.manageyards.view.New","viewId":"application-manageyards-display-component---NewYard","bindingPath":{"path":"","propertyPath":"/AUART","modelName":"NewYardModel"},"interaction":{"idSuffix":"inner"}},"clearTextFirst":true,"interactionType":"ENTER_TEXT"}]}
COMMAND: POST /session/0ffaedec2ff4d329b9cb85ca897a1301/element - {"using":"xpath","value":"//button[@data-kt=\"newYardSaveButton\"]"}
RESULT: {"using":"xpath","value":"//button[@data-kt=\"newYardSaveButton\"]"}
COMMAND: POST /session/0ffaedec2ff4d329b9cb85ca897a1301/element/f.9119AA68FED8A447B03A71089BFD3ED7.d.719F238F308CAFA6294E3EA04FC719EF.e.2661/click - {}
RESULT: {}
COMMAND: GET /session/0ffaedec2ff4d329b9cb85ca897a1301/screenshot - {}
RESULT: {}
COMMAND: POST /session/0ffaedec2ff4d329b9cb85ca897a1301/element - {"using":"xpath","value":"//header[contains(@id, 'ObjectPageLayout-headerTitle')]/div[1]/div[2]/div[1]/span[1]"}
RESULT: {"using":"xpath","value":"//header[contains(@id, 'ObjectPageLayout-headerTitle')]/div[1]/div[2]/div[1]/span[1]"}
COMMAND: POST /session/0ffaedec2ff4d329b9cb85ca897a1301/elements - {"using":"xpath","value":"//header[contains(@id, 'ObjectPageLayout-headerTitle')]/div[1]/div[2]/div[1]/span[1]"}
RESULT: {"using":"xpath","value":"//header[contains(@id, 'ObjectPageLayout-headerTitle')]/div[1]/div[2]/div[1]/span[1]"}
COMMAND: POST /session/0ffaedec2ff4d329b9cb85ca897a1301/execute/sync - {"script":"<script> [56 bytes]","args":[{"element-6066-11e4-a52e-4f735466cecf":"f.9119AA68FED8A447B03A71089BFD3ED7.d.719F238F308CAFA6294E3EA04FC719EF.e.2949","ELEMENT":"f.9119AA68FED8A447B03A71089BFD3ED7.d.719F238F308CAFA6294E3EA04FC719EF.e.2949"}]}
RESULT: {"script":"<script> [56 bytes]","args":[{"element-6066-11e4-a52e-4f735466cecf":"f.9119AA68FED8A447B03A71089BFD3ED7.d.719F238F308CAFA6294E3EA04FC719EF.e.2949","ELEMENT":"f.9119AA68FED8A447B03A71089BFD3ED7.d.719F238F308CAFA6294E3EA04FC719EF.e.2949"}]}
COMMAND: GET /session/0ffaedec2ff4d329b9cb85ca897a1301/screenshot - {}
RESULT: {}
COMMAND: POST /session/0ffaedec2ff4d329b9cb85ca897a1301/element - {"using":"css selector","value":"#shell-header-logo"}
RESULT: {"using":"css selector","value":"#shell-header-logo"}
COMMAND: POST /session/0ffaedec2ff4d329b9cb85ca897a1301/element/f.9119AA68FED8A447B03A71089BFD3ED7.d.719F238F308CAFA6294E3EA04FC719EF.e.2208/click - {}
RESULT: {}
COMMAND: GET /session/0ffaedec2ff4d329b9cb85ca897a1301/screenshot - {}
RESULT: {}
COMMAND: POST /session/0ffaedec2ff4d329b9cb85ca897a1301/execute/sync - {"script":"<script> [299 bytes]","args":[["getModel","getResource"]]}
RESULT: {"script":"<script> [299 bytes]","args":[["getModel","getResource"]]}
COMMAND: GET /session/0ffaedec2ff4d329b9cb85ca897a1301/screenshot - {}
]]></system-out>
    </testcase>
    <testcase classname="chrome.136_0_7103_93.windows.Billing_Transfer_-_Master_data_&amp;_Intercompany_US127250" name="Should create a new partner" time="133.289">
      <system-out><![CDATA[
COMMAND: POST /session/0ffaedec2ff4d329b9cb85ca897a1301/window/fullscreen - {}
RESULT: {}
RESULT: {}
COMMAND: POST /session/0ffaedec2ff4d329b9cb85ca897a1301/execute/async - {"script":"<script> [1562 bytes]","args":[{"selector":{"controlType":"sap.m.GenericTile","properties":{"header":"Manage Partners"}},"wdio_ui5_key":"sapm.GenericTile{\"header\":\"Manage Partners\"}"}]}
RESULT: {"script":"<script> [1562 bytes]","args":[{"selector":{"controlType":"sap.m.GenericTile","properties":{"header":"Manage Partners"}},"wdio_ui5_key":"sapm.GenericTile{\"header\":\"Manage Partners\"}"}]}
RESULT: undefined
COMMAND: POST /session/0ffaedec2ff4d329b9cb85ca897a1301/element - {"using":"xpath","value":"//*[@id=\"__tile38\"]"}
RESULT: {"using":"xpath","value":"//*[@id=\"__tile38\"]"}
COMMAND: POST /session/0ffaedec2ff4d329b9cb85ca897a1301/element/f.9119AA68FED8A447B03A71089BFD3ED7.d.719F238F308CAFA6294E3EA04FC719EF.e.2093/click - {}
RESULT: {}
COMMAND: GET /session/0ffaedec2ff4d329b9cb85ca897a1301/screenshot - {}
RESULT: {}
COMMAND: POST /session/0ffaedec2ff4d329b9cb85ca897a1301/elements - {"using":"xpath","value":"//span[text()='Error']"}
RESULT: {"using":"xpath","value":"//span[text()='Error']"}
COMMAND: POST /session/0ffaedec2ff4d329b9cb85ca897a1301/element - {"using":"xpath","value":"//button[@data-kt=\"addButton\"]"}
RESULT: {"using":"xpath","value":"//button[@data-kt=\"addButton\"]"}
COMMAND: POST /session/0ffaedec2ff4d329b9cb85ca897a1301/elements - {"using":"xpath","value":"//button[@data-kt=\"addButton\"]"}
RESULT: {"using":"xpath","value":"//button[@data-kt=\"addButton\"]"}
COMMAND: POST /session/0ffaedec2ff4d329b9cb85ca897a1301/execute/sync - {"script":"<script> [8489 bytes]","args":[{"element-6066-11e4-a52e-4f735466cecf":"f.9119AA68FED8A447B03A71089BFD3ED7.d.719F238F308CAFA6294E3EA04FC719EF.e.2988","ELEMENT":"f.9119AA68FED8A447B03A71089BFD3ED7.d.719F238F308CAFA6294E3EA04FC719EF.e.2988"}]}
RESULT: {"script":"<script> [8489 bytes]","args":[{"element-6066-11e4-a52e-4f735466cecf":"f.9119AA68FED8A447B03A71089BFD3ED7.d.719F238F308CAFA6294E3EA04FC719EF.e.2988","ELEMENT":"f.9119AA68FED8A447B03A71089BFD3ED7.d.719F238F308CAFA6294E3EA04FC719EF.e.2988"}]}
COMMAND: GET /session/0ffaedec2ff4d329b9cb85ca897a1301/element/f.9119AA68FED8A447B03A71089BFD3ED7.d.719F238F308CAFA6294E3EA04FC719EF.e.2988/enabled - {}
COMMAND: GET /session/0ffaedec2ff4d329b9cb85ca897a1301/screenshot - {}
RESULT: {}
COMMAND: POST /session/0ffaedec2ff4d329b9cb85ca897a1301/execute/sync - {"script":"<script> [8489 bytes]","args":[{"element-6066-11e4-a52e-4f735466cecf":"f.9119AA68FED8A447B03A71089BFD3ED7.d.719F238F308CAFA6294E3EA04FC719EF.e.2988","ELEMENT":"f.9119AA68FED8A447B03A71089BFD3ED7.d.719F238F308CAFA6294E3EA04FC719EF.e.2988"}]}
COMMAND: GET /session/0ffaedec2ff4d329b9cb85ca897a1301/screenshot - {}
RESULT: {}
RESULT: {"script":"<script> [8489 bytes]","args":[{"element-6066-11e4-a52e-4f735466cecf":"f.9119AA68FED8A447B03A71089BFD3ED7.d.719F238F308CAFA6294E3EA04FC719EF.e.2988","ELEMENT":"f.9119AA68FED8A447B03A71089BFD3ED7.d.719F238F308CAFA6294E3EA04FC719EF.e.2988"}]}
COMMAND: POST /session/0ffaedec2ff4d329b9cb85ca897a1301/execute/sync - {"script":"<script> [5351 bytes]","args":[{"element-6066-11e4-a52e-4f735466cecf":"f.9119AA68FED8A447B03A71089BFD3ED7.d.719F238F308CAFA6294E3EA04FC719EF.e.2988","ELEMENT":"f.9119AA68FED8A447B03A71089BFD3ED7.d.719F238F308CAFA6294E3EA04FC719EF.e.2988"}]}
COMMAND: GET /session/0ffaedec2ff4d329b9cb85ca897a1301/screenshot - {}
RESULT: {}
RESULT: {"script":"<script> [5351 bytes]","args":[{"element-6066-11e4-a52e-4f735466cecf":"f.9119AA68FED8A447B03A71089BFD3ED7.d.719F238F308CAFA6294E3EA04FC719EF.e.2988","ELEMENT":"f.9119AA68FED8A447B03A71089BFD3ED7.d.719F238F308CAFA6294E3EA04FC719EF.e.2988"}]}
COMMAND: POST /session/0ffaedec2ff4d329b9cb85ca897a1301/element/f.9119AA68FED8A447B03A71089BFD3ED7.d.719F238F308CAFA6294E3EA04FC719EF.e.2988/click - {}
COMMAND: GET /session/0ffaedec2ff4d329b9cb85ca897a1301/screenshot - {}
RESULT: {}
RESULT: {}
COMMAND: GET /session/0ffaedec2ff4d329b9cb85ca897a1301/screenshot - {}
COMMAND: POST /session/0ffaedec2ff4d329b9cb85ca897a1301/execute/async - {"script":"<script> [1562 bytes]","args":[{"selector":{"id":"application-managepartners-display-component---NewPartner--addressDetailDetailsName1","interaction":{"idSuffix":"inner"}},"wdio_ui5_key":"applicationmanagepartners-display-component---NewPartner--addressDetailDetailsName1"}]}
RESULT: {}
RESULT: {}
RESULT: {"script":"<script> [1562 bytes]","args":[{"selector":{"id":"application-managepartners-display-component---NewPartner--addressDetailDetailsName1","interaction":{"idSuffix":"inner"}},"wdio_ui5_key":"applicationmanagepartners-display-component---NewPartner--addressDetailDetailsName1"}]}
RESULT: undefined
COMMAND: POST /session/0ffaedec2ff4d329b9cb85ca897a1301/execute/async - {"script":"<script> [776 bytes]","args":[{"enterText":"Intercompany Partner WDIO","selector":{"id":"application-managepartners-display-component---NewPartner--addressDetailDetailsName1","interaction":{"idSuffix":"inner"}},"clearTextFirst":true,"interactionType":"ENTER_TEXT"}]}
RESULT: {"script":"<script> [776 bytes]","args":[{"enterText":"Intercompany Partner WDIO","selector":{"id":"application-managepartners-display-component---NewPartner--addressDetailDetailsName1","interaction":{"idSuffix":"inner"}},"clearTextFirst":true,"interactionType":"ENTER_TEXT"}]}
COMMAND: POST /session/0ffaedec2ff4d329b9cb85ca897a1301/execute/async - {"script":"<script> [1562 bytes]","args":[{"selector":{"id":"application-managepartners-display-component---NewPartner--addressDetailDetailsLanguage-arrow"},"wdio_ui5_key":"applicationmanagepartners-display-component---NewPartner--addressDetailDetailsLanguage-arrow"}]}
RESULT: {"script":"<script> [1562 bytes]","args":[{"selector":{"id":"application-managepartners-display-component---NewPartner--addressDetailDetailsLanguage-arrow"},"wdio_ui5_key":"applicationmanagepartners-display-component---NewPartner--addressDetailDetailsLanguage-arrow"}]}
RESULT: undefined
COMMAND: POST /session/0ffaedec2ff4d329b9cb85ca897a1301/element - {"using":"xpath","value":"//*[@id=\"application-managepartners-display-component---NewPartner--addressDetailDetailsLanguage-arrow\"]"}
RESULT: {"using":"xpath","value":"//*[@id=\"application-managepartners-display-component---NewPartner--addressDetailDetailsLanguage-arrow\"]"}
COMMAND: POST /session/0ffaedec2ff4d329b9cb85ca897a1301/element/f.9119AA68FED8A447B03A71089BFD3ED7.d.719F238F308CAFA6294E3EA04FC719EF.e.3439/click - {}
RESULT: {}
COMMAND: POST /session/0ffaedec2ff4d329b9cb85ca897a1301/element - {"using":"xpath","value":"//span[contains(text(), \"English\")]"}
COMMAND: GET /session/0ffaedec2ff4d329b9cb85ca897a1301/screenshot - {}
RESULT: {"using":"xpath","value":"//span[contains(text(), \"English\")]"}
COMMAND: POST /session/0ffaedec2ff4d329b9cb85ca897a1301/element/f.9119AA68FED8A447B03A71089BFD3ED7.d.719F238F308CAFA6294E3EA04FC719EF.e.3440/click - {}
RESULT: {}
RESULT: {}
COMMAND: GET /session/0ffaedec2ff4d329b9cb85ca897a1301/screenshot - {}
RESULT: {}
COMMAND: POST /session/0ffaedec2ff4d329b9cb85ca897a1301/execute/async - {"script":"<script> [1562 bytes]","args":[{"selector":{"id":"application-managepartners-display-component---NewPartner--addressDetailDetailsCity1","interaction":{"idSuffix":"inner"}},"wdio_ui5_key":"applicationmanagepartners-display-component---NewPartner--addressDetailDetailsCity1"}]}
RESULT: {"script":"<script> [1562 bytes]","args":[{"selector":{"id":"application-managepartners-display-component---NewPartner--addressDetailDetailsCity1","interaction":{"idSuffix":"inner"}},"wdio_ui5_key":"applicationmanagepartners-display-component---NewPartner--addressDetailDetailsCity1"}]}
RESULT: undefined
COMMAND: POST /session/0ffaedec2ff4d329b9cb85ca897a1301/execute/async - {"script":"<script> [776 bytes]","args":[{"enterText":"Rosario","selector":{"id":"application-managepartners-display-component---NewPartner--addressDetailDetailsCity1","interaction":{"idSuffix":"inner"}},"clearTextFirst":true,"interactionType":"ENTER_TEXT"}]}
RESULT: {"script":"<script> [776 bytes]","args":[{"enterText":"Rosario","selector":{"id":"application-managepartners-display-component---NewPartner--addressDetailDetailsCity1","interaction":{"idSuffix":"inner"}},"clearTextFirst":true,"interactionType":"ENTER_TEXT"}]}
COMMAND: POST /session/0ffaedec2ff4d329b9cb85ca897a1301/execute/async - {"script":"<script> [1562 bytes]","args":[{"selector":{"id":"application-managepartners-display-component---NewPartner--addressDetailDetailsCountry-arrow"},"wdio_ui5_key":"applicationmanagepartners-display-component---NewPartner--addressDetailDetailsCountry-arrow"}]}
RESULT: {"script":"<script> [1562 bytes]","args":[{"selector":{"id":"application-managepartners-display-component---NewPartner--addressDetailDetailsCountry-arrow"},"wdio_ui5_key":"applicationmanagepartners-display-component---NewPartner--addressDetailDetailsCountry-arrow"}]}
RESULT: undefined
COMMAND: POST /session/0ffaedec2ff4d329b9cb85ca897a1301/element - {"using":"xpath","value":"//*[@id=\"application-managepartners-display-component---NewPartner--addressDetailDetailsCountry-arrow\"]"}
RESULT: {"using":"xpath","value":"//*[@id=\"application-managepartners-display-component---NewPartner--addressDetailDetailsCountry-arrow\"]"}
COMMAND: POST /session/0ffaedec2ff4d329b9cb85ca897a1301/element/f.9119AA68FED8A447B03A71089BFD3ED7.d.719F238F308CAFA6294E3EA04FC719EF.e.3403/click - {}
RESULT: {}
COMMAND: POST /session/0ffaedec2ff4d329b9cb85ca897a1301/element - {"using":"xpath","value":"//span[contains(text(), \"Argentina\")]"}
COMMAND: GET /session/0ffaedec2ff4d329b9cb85ca897a1301/screenshot - {}
RESULT: {"using":"xpath","value":"//span[contains(text(), \"Argentina\")]"}
COMMAND: POST /session/0ffaedec2ff4d329b9cb85ca897a1301/element/f.9119AA68FED8A447B03A71089BFD3ED7.d.719F238F308CAFA6294E3EA04FC719EF.e.3442/click - {}
RESULT: {}
RESULT: {}
COMMAND: GET /session/0ffaedec2ff4d329b9cb85ca897a1301/screenshot - {}
RESULT: {}
COMMAND: POST /session/0ffaedec2ff4d329b9cb85ca897a1301/element - {"using":"xpath","value":"//bdi[contains(text(), \"Commercial\")]"}
RESULT: {"using":"xpath","value":"//bdi[contains(text(), \"Commercial\")]"}
COMMAND: POST /session/0ffaedec2ff4d329b9cb85ca897a1301/element/f.9119AA68FED8A447B03A71089BFD3ED7.d.719F238F308CAFA6294E3EA04FC719EF.e.3443/click - {}
RESULT: {}
COMMAND: GET /session/0ffaedec2ff4d329b9cb85ca897a1301/screenshot - {}
RESULT: {}
COMMAND: POST /session/0ffaedec2ff4d329b9cb85ca897a1301/execute/async - {"script":"<script> [1562 bytes]","args":[{"selector":{"id":"application-managepartners-display-component---NewPartner--partnerDetailInternal-arrow"},"wdio_ui5_key":"applicationmanagepartners-display-component---NewPartner--partnerDetailInternal-arrow"}]}
RESULT: {"script":"<script> [1562 bytes]","args":[{"selector":{"id":"application-managepartners-display-component---NewPartner--partnerDetailInternal-arrow"},"wdio_ui5_key":"applicationmanagepartners-display-component---NewPartner--partnerDetailInternal-arrow"}]}
RESULT: undefined
COMMAND: POST /session/0ffaedec2ff4d329b9cb85ca897a1301/element - {"using":"xpath","value":"//*[@id=\"application-managepartners-display-component---NewPartner--partnerDetailInternal-arrow\"]"}
RESULT: {"using":"xpath","value":"//*[@id=\"application-managepartners-display-component---NewPartner--partnerDetailInternal-arrow\"]"}
COMMAND: POST /session/0ffaedec2ff4d329b9cb85ca897a1301/element/f.9119AA68FED8A447B03A71089BFD3ED7.d.719F238F308CAFA6294E3EA04FC719EF.e.3449/click - {}
RESULT: {}
COMMAND: POST /session/0ffaedec2ff4d329b9cb85ca897a1301/element - {"using":"xpath","value":"//span[contains(text(), \"Affiliated company\")]"}
COMMAND: GET /session/0ffaedec2ff4d329b9cb85ca897a1301/screenshot - {}
RESULT: {"using":"xpath","value":"//span[contains(text(), \"Affiliated company\")]"}
COMMAND: POST /session/0ffaedec2ff4d329b9cb85ca897a1301/element/f.9119AA68FED8A447B03A71089BFD3ED7.d.719F238F308CAFA6294E3EA04FC719EF.e.3452/click - {}
RESULT: {}
RESULT: {}
COMMAND: POST /session/0ffaedec2ff4d329b9cb85ca897a1301/execute/async - {"script":"<script> [1562 bytes]","args":[{"selector":{"id":"application-managepartners-display-component---NewPartner--partnerDetailsCurrency-arrow"},"wdio_ui5_key":"applicationmanagepartners-display-component---NewPartner--partnerDetailsCurrency-arrow"}]}
COMMAND: GET /session/0ffaedec2ff4d329b9cb85ca897a1301/screenshot - {}
RESULT: {"script":"<script> [1562 bytes]","args":[{"selector":{"id":"application-managepartners-display-component---NewPartner--partnerDetailsCurrency-arrow"},"wdio_ui5_key":"applicationmanagepartners-display-component---NewPartner--partnerDetailsCurrency-arrow"}]}
RESULT: undefined
COMMAND: POST /session/0ffaedec2ff4d329b9cb85ca897a1301/element - {"using":"xpath","value":"//*[@id=\"application-managepartners-display-component---NewPartner--partnerDetailsCurrency-arrow\"]"}
RESULT: {}
RESULT: {"using":"xpath","value":"//*[@id=\"application-managepartners-display-component---NewPartner--partnerDetailsCurrency-arrow\"]"}
COMMAND: POST /session/0ffaedec2ff4d329b9cb85ca897a1301/element/f.9119AA68FED8A447B03A71089BFD3ED7.d.719F238F308CAFA6294E3EA04FC719EF.e.3459/click - {}
RESULT: {}
COMMAND: POST /session/0ffaedec2ff4d329b9cb85ca897a1301/element - {"using":"xpath","value":"//span[contains(text(), \"Euro\")]"}
COMMAND: GET /session/0ffaedec2ff4d329b9cb85ca897a1301/screenshot - {}
RESULT: {"using":"xpath","value":"//span[contains(text(), \"Euro\")]"}
COMMAND: POST /session/0ffaedec2ff4d329b9cb85ca897a1301/element/f.9119AA68FED8A447B03A71089BFD3ED7.d.719F238F308CAFA6294E3EA04FC719EF.e.3460/click - {}
RESULT: {}
RESULT: {}
COMMAND: POST /session/0ffaedec2ff4d329b9cb85ca897a1301/execute/async - {"script":"<script> [1562 bytes]","args":[{"selector":{"id":"application-managepartners-display-component---NewPartner--addressEditDetailsCostObjectCstType-arrow"},"wdio_ui5_key":"applicationmanagepartners-display-component---NewPartner--addressEditDetailsCostObjectCstType-arrow"}]}
COMMAND: GET /session/0ffaedec2ff4d329b9cb85ca897a1301/screenshot - {}
RESULT: {"script":"<script> [1562 bytes]","args":[{"selector":{"id":"application-managepartners-display-component---NewPartner--addressEditDetailsCostObjectCstType-arrow"},"wdio_ui5_key":"applicationmanagepartners-display-component---NewPartner--addressEditDetailsCostObjectCstType-arrow"}]}
RESULT: undefined
COMMAND: POST /session/0ffaedec2ff4d329b9cb85ca897a1301/element - {"using":"xpath","value":"//*[@id=\"application-managepartners-display-component---NewPartner--addressEditDetailsCostObjectCstType-arrow\"]"}
RESULT: {}
RESULT: {"using":"xpath","value":"//*[@id=\"application-managepartners-display-component---NewPartner--addressEditDetailsCostObjectCstType-arrow\"]"}
COMMAND: POST /session/0ffaedec2ff4d329b9cb85ca897a1301/element/f.9119AA68FED8A447B03A71089BFD3ED7.d.719F238F308CAFA6294E3EA04FC719EF.e.3461/click - {}
RESULT: {}
COMMAND: POST /session/0ffaedec2ff4d329b9cb85ca897a1301/element - {"using":"xpath","value":"//span[contains(text(), \"Cost Center\")]"}
COMMAND: GET /session/0ffaedec2ff4d329b9cb85ca897a1301/screenshot - {}
RESULT: {"using":"xpath","value":"//span[contains(text(), \"Cost Center\")]"}
COMMAND: POST /session/0ffaedec2ff4d329b9cb85ca897a1301/element/f.9119AA68FED8A447B03A71089BFD3ED7.d.719F238F308CAFA6294E3EA04FC719EF.e.3462/click - {}
RESULT: {}
RESULT: {}
COMMAND: GET /session/0ffaedec2ff4d329b9cb85ca897a1301/screenshot - {}
RESULT: {}
COMMAND: POST /session/0ffaedec2ff4d329b9cb85ca897a1301/element - {"using":"xpath","value":"//span[@id=\"application-managepartners-display-component---NewPartner--addressNewCostObjectCstID-vhi\"]"}
RESULT: {"using":"xpath","value":"//span[@id=\"application-managepartners-display-component---NewPartner--addressNewCostObjectCstID-vhi\"]"}
COMMAND: POST /session/0ffaedec2ff4d329b9cb85ca897a1301/execute/sync - {"script":"<script> [8489 bytes]","args":[{"element-6066-11e4-a52e-4f735466cecf":"f.9119AA68FED8A447B03A71089BFD3ED7.d.719F238F308CAFA6294E3EA04FC719EF.e.3466","ELEMENT":"f.9119AA68FED8A447B03A71089BFD3ED7.d.719F238F308CAFA6294E3EA04FC719EF.e.3466"}]}
RESULT: {"script":"<script> [8489 bytes]","args":[{"element-6066-11e4-a52e-4f735466cecf":"f.9119AA68FED8A447B03A71089BFD3ED7.d.719F238F308CAFA6294E3EA04FC719EF.e.3466","ELEMENT":"f.9119AA68FED8A447B03A71089BFD3ED7.d.719F238F308CAFA6294E3EA04FC719EF.e.3466"}]}
COMMAND: POST /session/0ffaedec2ff4d329b9cb85ca897a1301/execute/async - {"script":"<script> [1562 bytes]","args":[{"selector":{"id":"application-managepartners-display-component---NewPartner--addressNewCostObjectCstID-vhi"},"wdio_ui5_key":"applicationmanagepartners-display-component---NewPartner--addressNewCostObjectCstID-vhi"}]}
COMMAND: GET /session/0ffaedec2ff4d329b9cb85ca897a1301/screenshot - {}
RESULT: {"script":"<script> [1562 bytes]","args":[{"selector":{"id":"application-managepartners-display-component---NewPartner--addressNewCostObjectCstID-vhi"},"wdio_ui5_key":"applicationmanagepartners-display-component---NewPartner--addressNewCostObjectCstID-vhi"}]}
RESULT: undefined
COMMAND: POST /session/0ffaedec2ff4d329b9cb85ca897a1301/element - {"using":"xpath","value":"//*[@id=\"application-managepartners-display-component---NewPartner--addressNewCostObjectCstID-vhi\"]"}
RESULT: {}
RESULT: {"using":"xpath","value":"//*[@id=\"application-managepartners-display-component---NewPartner--addressNewCostObjectCstID-vhi\"]"}
COMMAND: POST /session/0ffaedec2ff4d329b9cb85ca897a1301/element/f.9119AA68FED8A447B03A71089BFD3ED7.d.719F238F308CAFA6294E3EA04FC719EF.e.3466/click - {}
RESULT: {}
COMMAND: GET /session/0ffaedec2ff4d329b9cb85ca897a1301/screenshot - {}
RESULT: {}
RESULT: undefined
COMMAND: POST /session/0ffaedec2ff4d329b9cb85ca897a1301/execute/async - {"script":"<script> [776 bytes]","args":[{"enterText":"10001013","selector":{"controlType":"sap.m.SearchField","properties":{"placeholder":"Search"},"searchOpenDialogs":true,"interaction":{"idSuffix":"I"}},"clearTextFirst":true,"interactionType":"ENTER_TEXT"}]}
RESULT: {"script":"<script> [776 bytes]","args":[{"enterText":"10001013","selector":{"controlType":"sap.m.SearchField","properties":{"placeholder":"Search"},"searchOpenDialogs":true,"interaction":{"idSuffix":"I"}},"clearTextFirst":true,"interactionType":"ENTER_TEXT"}]}
COMMAND: POST /session/0ffaedec2ff4d329b9cb85ca897a1301/actions - {"actions":[{"id":"action2","type":"key","parameters":{},"actions":[{"type":"keyDown","value":""},{"type":"pause","duration":10},{"type":"keyUp","value":""}]}]}
RESULT: {"actions":[{"id":"action2","type":"key","parameters":{},"actions":[{"type":"keyDown","value":""},{"type":"pause","duration":10},{"type":"keyUp","value":""}]}]}
COMMAND: GET /session/0ffaedec2ff4d329b9cb85ca897a1301/screenshot - {}
RESULT: {}
COMMAND: POST /session/0ffaedec2ff4d329b9cb85ca897a1301/element - {"using":"xpath","value":"//span[contains(text(), \"General Management\")]"}
RESULT: {"using":"xpath","value":"//span[contains(text(), \"General Management\")]"}
COMMAND: POST /session/0ffaedec2ff4d329b9cb85ca897a1301/element/f.9119AA68FED8A447B03A71089BFD3ED7.d.719F238F308CAFA6294E3EA04FC719EF.e.3506/click - {}
RESULT: {}
COMMAND: GET /session/0ffaedec2ff4d329b9cb85ca897a1301/screenshot - {}
RESULT: {}
COMMAND: POST /session/0ffaedec2ff4d329b9cb85ca897a1301/element - {"using":"xpath","value":"//bdi[contains(text(), \"OK\")]"}
RESULT: {"using":"xpath","value":"//bdi[contains(text(), \"OK\")]"}
COMMAND: POST /session/0ffaedec2ff4d329b9cb85ca897a1301/element/f.9119AA68FED8A447B03A71089BFD3ED7.d.719F238F308CAFA6294E3EA04FC719EF.e.3507/click - {}
RESULT: {}
COMMAND: GET /session/0ffaedec2ff4d329b9cb85ca897a1301/screenshot - {}
RESULT: {}
COMMAND: POST /session/0ffaedec2ff4d329b9cb85ca897a1301/element - {"using":"xpath","value":"//input[@id=\"application-managepartners-display-component---NewPartner--companyCodeComboBox-inner\"]"}
RESULT: {"using":"xpath","value":"//input[@id=\"application-managepartners-display-component---NewPartner--companyCodeComboBox-inner\"]"}
COMMAND: POST /session/0ffaedec2ff4d329b9cb85ca897a1301/element/f.9119AA68FED8A447B03A71089BFD3ED7.d.719F238F308CAFA6294E3EA04FC719EF.e.3298/clear - {}
RESULT: {}
COMMAND: POST /session/0ffaedec2ff4d329b9cb85ca897a1301/element/f.9119AA68FED8A447B03A71089BFD3ED7.d.719F238F308CAFA6294E3EA04FC719EF.e.3298/value - {"text":"C002"}
COMMAND: GET /session/0ffaedec2ff4d329b9cb85ca897a1301/screenshot - {}
RESULT: {"text":"C002"}
COMMAND: GET /session/0ffaedec2ff4d329b9cb85ca897a1301/screenshot - {}
RESULT: {}
RESULT: {}
COMMAND: POST /session/0ffaedec2ff4d329b9cb85ca897a1301/element - {"using":"xpath","value":"//li[.//span[text()= \"C002\"]]"}
RESULT: {"using":"xpath","value":"//li[.//span[text()= \"C002\"]]"}
COMMAND: POST /session/0ffaedec2ff4d329b9cb85ca897a1301/element/f.9119AA68FED8A447B03A71089BFD3ED7.d.719F238F308CAFA6294E3EA04FC719EF.e.3513/click - {}
RESULT: {}
COMMAND: GET /session/0ffaedec2ff4d329b9cb85ca897a1301/screenshot - {}
RESULT: {}
COMMAND: POST /session/0ffaedec2ff4d329b9cb85ca897a1301/execute/async - {"script":"<script> [1562 bytes]","args":[{"selector":{"id":"application-managepartners-display-component---NewPartner--btnAddTableRow-img"},"wdio_ui5_key":"applicationmanagepartners-display-component---NewPartner--btnAddTableRow-img"}]}
RESULT: {"script":"<script> [1562 bytes]","args":[{"selector":{"id":"application-managepartners-display-component---NewPartner--btnAddTableRow-img"},"wdio_ui5_key":"applicationmanagepartners-display-component---NewPartner--btnAddTableRow-img"}]}
RESULT: undefined
COMMAND: POST /session/0ffaedec2ff4d329b9cb85ca897a1301/element - {"using":"xpath","value":"//*[@id=\"application-managepartners-display-component---NewPartner--btnAddTableRow-img\"]"}
RESULT: {"using":"xpath","value":"//*[@id=\"application-managepartners-display-component---NewPartner--btnAddTableRow-img\"]"}
COMMAND: POST /session/0ffaedec2ff4d329b9cb85ca897a1301/element/f.9119AA68FED8A447B03A71089BFD3ED7.d.719F238F308CAFA6294E3EA04FC719EF.e.3514/click - {}
RESULT: {}
COMMAND: GET /session/0ffaedec2ff4d329b9cb85ca897a1301/screenshot - {}
RESULT: {}
COMMAND: POST /session/0ffaedec2ff4d329b9cb85ca897a1301/element - {"using":"xpath","value":"//input[@id=\"application-managepartners-display-component---NewPartner--assignmentYard-application-managepartners-display-component---NewPartner--assignmentsTable-0-inner\"]"}
RESULT: {"using":"xpath","value":"//input[@id=\"application-managepartners-display-component---NewPartner--assignmentYard-application-managepartners-display-component---NewPartner--assignmentsTable-0-inner\"]"}
COMMAND: POST /session/0ffaedec2ff4d329b9cb85ca897a1301/element/f.9119AA68FED8A447B03A71089BFD3ED7.d.719F238F308CAFA6294E3EA04FC719EF.e.3517/clear - {}
RESULT: {}
COMMAND: POST /session/0ffaedec2ff4d329b9cb85ca897a1301/element/f.9119AA68FED8A447B03A71089BFD3ED7.d.719F238F308CAFA6294E3EA04FC719EF.e.3517/value - {"text":"344"}
COMMAND: GET /session/0ffaedec2ff4d329b9cb85ca897a1301/screenshot - {}
RESULT: {"text":"344"}
COMMAND: GET /session/0ffaedec2ff4d329b9cb85ca897a1301/screenshot - {}
RESULT: {}
RESULT: {}
COMMAND: POST /session/0ffaedec2ff4d329b9cb85ca897a1301/element - {"using":"xpath","value":"//li[.//span[text()='344']]"}
RESULT: {"using":"xpath","value":"//li[.//span[text()='344']]"}
COMMAND: POST /session/0ffaedec2ff4d329b9cb85ca897a1301/element/f.9119AA68FED8A447B03A71089BFD3ED7.d.719F238F308CAFA6294E3EA04FC719EF.e.3526/click - {}
RESULT: {}
COMMAND: GET /session/0ffaedec2ff4d329b9cb85ca897a1301/screenshot - {}
RESULT: {}
COMMAND: POST /session/0ffaedec2ff4d329b9cb85ca897a1301/actions - {"actions":[{"id":"action3","type":"key","parameters":{},"actions":[{"type":"keyDown","value":""},{"type":"pause","duration":10},{"type":"keyUp","value":""}]}]}
RESULT: {"actions":[{"id":"action3","type":"key","parameters":{},"actions":[{"type":"keyDown","value":""},{"type":"pause","duration":10},{"type":"keyUp","value":""}]}]}
COMMAND: POST /session/0ffaedec2ff4d329b9cb85ca897a1301/execute/async - {"script":"<script> [1562 bytes]","args":[{"selector":{"id":"application-managepartners-display-component---NewPartner--externalCustomerComboBox-application-managepartners-display-component---NewPartner--assignmentsTable-0-vhi"},"wdio_ui5_key":"applicationmanagepartners-display-component---NewPartner--externalCustomerComboBox-application-managepartners-display-component---NewPartner--assignmentsTable-0-vhi"}]}
COMMAND: GET /session/0ffaedec2ff4d329b9cb85ca897a1301/screenshot - {}
RESULT: {"script":"<script> [1562 bytes]","args":[{"selector":{"id":"application-managepartners-display-component---NewPartner--externalCustomerComboBox-application-managepartners-display-component---NewPartner--assignmentsTable-0-vhi"},"wdio_ui5_key":"applicationmanagepartners-display-component---NewPartner--externalCustomerComboBox-application-managepartners-display-component---NewPartner--assignmentsTable-0-vhi"}]}
RESULT: undefined
COMMAND: POST /session/0ffaedec2ff4d329b9cb85ca897a1301/element - {"using":"xpath","value":"//*[@id=\"application-managepartners-display-component---NewPartner--externalCustomerComboBox-application-managepartners-display-component---NewPartner--assignmentsTable-0-vhi\"]"}
RESULT: {}
RESULT: {"using":"xpath","value":"//*[@id=\"application-managepartners-display-component---NewPartner--externalCustomerComboBox-application-managepartners-display-component---NewPartner--assignmentsTable-0-vhi\"]"}
COMMAND: POST /session/0ffaedec2ff4d329b9cb85ca897a1301/element/f.9119AA68FED8A447B03A71089BFD3ED7.d.719F238F308CAFA6294E3EA04FC719EF.e.3530/click - {}
RESULT: {}
RESULT: undefined
COMMAND: POST /session/0ffaedec2ff4d329b9cb85ca897a1301/execute/async - {"script":"<script> [776 bytes]","args":[{"enterText":"300003","selector":{"controlType":"sap.m.SearchField","properties":{"placeholder":"Search"},"searchOpenDialogs":true,"interaction":{"idSuffix":"I"}},"clearTextFirst":true,"interactionType":"ENTER_TEXT"}]}
COMMAND: GET /session/0ffaedec2ff4d329b9cb85ca897a1301/screenshot - {}
RESULT: {"script":"<script> [776 bytes]","args":[{"enterText":"300003","selector":{"controlType":"sap.m.SearchField","properties":{"placeholder":"Search"},"searchOpenDialogs":true,"interaction":{"idSuffix":"I"}},"clearTextFirst":true,"interactionType":"ENTER_TEXT"}]}
COMMAND: POST /session/0ffaedec2ff4d329b9cb85ca897a1301/actions - {"actions":[{"id":"action4","type":"key","parameters":{},"actions":[{"type":"keyDown","value":""},{"type":"pause","duration":10},{"type":"keyUp","value":""}]}]}
RESULT: {}
RESULT: {"actions":[{"id":"action4","type":"key","parameters":{},"actions":[{"type":"keyDown","value":""},{"type":"pause","duration":10},{"type":"keyUp","value":""}]}]}
COMMAND: GET /session/0ffaedec2ff4d329b9cb85ca897a1301/screenshot - {}
RESULT: {}
COMMAND: POST /session/0ffaedec2ff4d329b9cb85ca897a1301/element - {"using":"xpath","value":"//span[contains(text(), \"300003\")]"}
RESULT: {"using":"xpath","value":"//span[contains(text(), \"300003\")]"}
COMMAND: POST /session/0ffaedec2ff4d329b9cb85ca897a1301/element/f.9119AA68FED8A447B03A71089BFD3ED7.d.719F238F308CAFA6294E3EA04FC719EF.e.3547/click - {}
RESULT: {}
COMMAND: GET /session/0ffaedec2ff4d329b9cb85ca897a1301/screenshot - {}
RESULT: {}
COMMAND: POST /session/0ffaedec2ff4d329b9cb85ca897a1301/element - {"using":"xpath","value":"//bdi[contains(text(), \"OK\")]"}
RESULT: {"using":"xpath","value":"//bdi[contains(text(), \"OK\")]"}
COMMAND: POST /session/0ffaedec2ff4d329b9cb85ca897a1301/element/f.9119AA68FED8A447B03A71089BFD3ED7.d.719F238F308CAFA6294E3EA04FC719EF.e.3549/click - {}
RESULT: {}
COMMAND: GET /session/0ffaedec2ff4d329b9cb85ca897a1301/screenshot - {}
RESULT: {}
COMMAND: POST /session/0ffaedec2ff4d329b9cb85ca897a1301/execute/async - {"script":"<script> [1562 bytes]","args":[{"selector":{"id":"application-managepartners-display-component---NewPartner--intercompVendorComboBox-application-managepartners-display-component---NewPartner--assignmentsTable-0-vhi"},"wdio_ui5_key":"applicationmanagepartners-display-component---NewPartner--intercompVendorComboBox-application-managepartners-display-component---NewPartner--assignmentsTable-0-vhi"}]}
RESULT: {"script":"<script> [1562 bytes]","args":[{"selector":{"id":"application-managepartners-display-component---NewPartner--intercompVendorComboBox-application-managepartners-display-component---NewPartner--assignmentsTable-0-vhi"},"wdio_ui5_key":"applicationmanagepartners-display-component---NewPartner--intercompVendorComboBox-application-managepartners-display-component---NewPartner--assignmentsTable-0-vhi"}]}
RESULT: undefined
COMMAND: POST /session/0ffaedec2ff4d329b9cb85ca897a1301/element - {"using":"xpath","value":"//*[@id=\"application-managepartners-display-component---NewPartner--intercompVendorComboBox-application-managepartners-display-component---NewPartner--assignmentsTable-0-vhi\"]"}
RESULT: {"using":"xpath","value":"//*[@id=\"application-managepartners-display-component---NewPartner--intercompVendorComboBox-application-managepartners-display-component---NewPartner--assignmentsTable-0-vhi\"]"}
COMMAND: POST /session/0ffaedec2ff4d329b9cb85ca897a1301/element/f.9119AA68FED8A447B03A71089BFD3ED7.d.719F238F308CAFA6294E3EA04FC719EF.e.3552/click - {}
RESULT: {}
RESULT: undefined
COMMAND: POST /session/0ffaedec2ff4d329b9cb85ca897a1301/execute/async - {"script":"<script> [776 bytes]","args":[{"enterText":"100005","selector":{"controlType":"sap.m.SearchField","properties":{"placeholder":"Search"},"searchOpenDialogs":true,"interaction":{"idSuffix":"I"}},"clearTextFirst":true,"interactionType":"ENTER_TEXT"}]}
COMMAND: GET /session/0ffaedec2ff4d329b9cb85ca897a1301/screenshot - {}
RESULT: {"script":"<script> [776 bytes]","args":[{"enterText":"100005","selector":{"controlType":"sap.m.SearchField","properties":{"placeholder":"Search"},"searchOpenDialogs":true,"interaction":{"idSuffix":"I"}},"clearTextFirst":true,"interactionType":"ENTER_TEXT"}]}
COMMAND: POST /session/0ffaedec2ff4d329b9cb85ca897a1301/actions - {"actions":[{"id":"action5","type":"key","parameters":{},"actions":[{"type":"keyDown","value":""},{"type":"pause","duration":10},{"type":"keyUp","value":""}]}]}
RESULT: {}
RESULT: {"actions":[{"id":"action5","type":"key","parameters":{},"actions":[{"type":"keyDown","value":""},{"type":"pause","duration":10},{"type":"keyUp","value":""}]}]}
COMMAND: GET /session/0ffaedec2ff4d329b9cb85ca897a1301/screenshot - {}
RESULT: {}
COMMAND: POST /session/0ffaedec2ff4d329b9cb85ca897a1301/element - {"using":"xpath","value":"//span[contains(text(), \"Penguins - Field/12345 Berlin\")]"}
RESULT: {"using":"xpath","value":"//span[contains(text(), \"Penguins - Field/12345 Berlin\")]"}
COMMAND: POST /session/0ffaedec2ff4d329b9cb85ca897a1301/element/f.9119AA68FED8A447B03A71089BFD3ED7.d.719F238F308CAFA6294E3EA04FC719EF.e.3568/click - {}
RESULT: {}
COMMAND: GET /session/0ffaedec2ff4d329b9cb85ca897a1301/screenshot - {}
RESULT: {}
COMMAND: POST /session/0ffaedec2ff4d329b9cb85ca897a1301/element - {"using":"xpath","value":"//bdi[contains(text(), \"OK\")]"}
RESULT: {"using":"xpath","value":"//bdi[contains(text(), \"OK\")]"}
COMMAND: POST /session/0ffaedec2ff4d329b9cb85ca897a1301/element/f.9119AA68FED8A447B03A71089BFD3ED7.d.719F238F308CAFA6294E3EA04FC719EF.e.3569/click - {}
RESULT: {}
COMMAND: GET /session/0ffaedec2ff4d329b9cb85ca897a1301/screenshot - {}
RESULT: {}
COMMAND: POST /session/0ffaedec2ff4d329b9cb85ca897a1301/element - {"using":"xpath","value":"//button[@data-kt=\"saveButton\"]"}
RESULT: {"using":"xpath","value":"//button[@data-kt=\"saveButton\"]"}
COMMAND: POST /session/0ffaedec2ff4d329b9cb85ca897a1301/element/f.9119AA68FED8A447B03A71089BFD3ED7.d.719F238F308CAFA6294E3EA04FC719EF.e.3405/click - {}
RESULT: {}
COMMAND: GET /session/0ffaedec2ff4d329b9cb85ca897a1301/screenshot - {}
RESULT: {}
COMMAND: POST /session/0ffaedec2ff4d329b9cb85ca897a1301/element - {"using":"xpath","value":"//header[contains(@id, 'ObjectPageLayout-headerTitle')]/div[1]/div[2]/div[2]/span[1]"}
RESULT: {"using":"xpath","value":"//header[contains(@id, 'ObjectPageLayout-headerTitle')]/div[1]/div[2]/div[2]/span[1]"}
COMMAND: POST /session/0ffaedec2ff4d329b9cb85ca897a1301/elements - {"using":"xpath","value":"//header[contains(@id, 'ObjectPageLayout-headerTitle')]/div[1]/div[2]/div[2]/span[1]"}
RESULT: {"using":"xpath","value":"//header[contains(@id, 'ObjectPageLayout-headerTitle')]/div[1]/div[2]/div[2]/span[1]"}
COMMAND: POST /session/0ffaedec2ff4d329b9cb85ca897a1301/execute/sync - {"script":"<script> [56 bytes]","args":[{"element-6066-11e4-a52e-4f735466cecf":"f.9119AA68FED8A447B03A71089BFD3ED7.d.719F238F308CAFA6294E3EA04FC719EF.e.3732","ELEMENT":"f.9119AA68FED8A447B03A71089BFD3ED7.d.719F238F308CAFA6294E3EA04FC719EF.e.3732"}]}
RESULT: {"script":"<script> [56 bytes]","args":[{"element-6066-11e4-a52e-4f735466cecf":"f.9119AA68FED8A447B03A71089BFD3ED7.d.719F238F308CAFA6294E3EA04FC719EF.e.3732","ELEMENT":"f.9119AA68FED8A447B03A71089BFD3ED7.d.719F238F308CAFA6294E3EA04FC719EF.e.3732"}]}
COMMAND: POST /session/0ffaedec2ff4d329b9cb85ca897a1301/element - {"using":"css selector","value":"#shell-header-logo"}
COMMAND: GET /session/0ffaedec2ff4d329b9cb85ca897a1301/screenshot - {}
RESULT: {"using":"css selector","value":"#shell-header-logo"}
COMMAND: POST /session/0ffaedec2ff4d329b9cb85ca897a1301/element/f.9119AA68FED8A447B03A71089BFD3ED7.d.719F238F308CAFA6294E3EA04FC719EF.e.2954/click - {}
RESULT: {}
RESULT: {}
COMMAND: GET /session/0ffaedec2ff4d329b9cb85ca897a1301/screenshot - {}
RESULT: {}
COMMAND: POST /session/0ffaedec2ff4d329b9cb85ca897a1301/execute/sync - {"script":"<script> [299 bytes]","args":[["getModel","getResource"]]}
RESULT: {"script":"<script> [299 bytes]","args":[["getModel","getResource"]]}
]]></system-out>
    </testcase>
    <testcase classname="chrome.136_0_7103_93.windows.Billing_Transfer_-_Master_data_&amp;_Intercompany_US127250" name="Should create a new site" time="91.108">
      <system-out><![CDATA[
COMMAND: POST /session/0ffaedec2ff4d329b9cb85ca897a1301/execute/async - {"script":"<script> [1562 bytes]","args":[{"selector":{"controlType":"sap.m.GenericTile","properties":{"header":"Manage Sites"}},"wdio_ui5_key":"sapm.GenericTile{\"header\":\"Manage Sites\"}"}]}
COMMAND: GET /session/0ffaedec2ff4d329b9cb85ca897a1301/screenshot - {}
RESULT: {"script":"<script> [1562 bytes]","args":[{"selector":{"controlType":"sap.m.GenericTile","properties":{"header":"Manage Sites"}},"wdio_ui5_key":"sapm.GenericTile{\"header\":\"Manage Sites\"}"}]}
RESULT: undefined
COMMAND: POST /session/0ffaedec2ff4d329b9cb85ca897a1301/element - {"using":"xpath","value":"//*[@id=\"__tile40\"]"}
RESULT: {}
RESULT: {"using":"xpath","value":"//*[@id=\"__tile40\"]"}
COMMAND: POST /session/0ffaedec2ff4d329b9cb85ca897a1301/element/f.9119AA68FED8A447B03A71089BFD3ED7.d.719F238F308CAFA6294E3EA04FC719EF.e.2099/click - {}
RESULT: {}
COMMAND: GET /session/0ffaedec2ff4d329b9cb85ca897a1301/screenshot - {}
RESULT: {}
COMMAND: POST /session/0ffaedec2ff4d329b9cb85ca897a1301/elements - {"using":"xpath","value":"//span[text()='Error']"}
RESULT: {"using":"xpath","value":"//span[text()='Error']"}
COMMAND: POST /session/0ffaedec2ff4d329b9cb85ca897a1301/element - {"using":"xpath","value":"//button[@data-kt=\"addOverflowToolbarButton\"]"}
RESULT: {"using":"xpath","value":"//button[@data-kt=\"addOverflowToolbarButton\"]"}
COMMAND: POST /session/0ffaedec2ff4d329b9cb85ca897a1301/elements - {"using":"xpath","value":"//button[@data-kt=\"addOverflowToolbarButton\"]"}
RESULT: {"using":"xpath","value":"//button[@data-kt=\"addOverflowToolbarButton\"]"}
COMMAND: POST /session/0ffaedec2ff4d329b9cb85ca897a1301/execute/sync - {"script":"<script> [8489 bytes]","args":[{"element-6066-11e4-a52e-4f735466cecf":"f.9119AA68FED8A447B03A71089BFD3ED7.d.719F238F308CAFA6294E3EA04FC719EF.e.3778","ELEMENT":"f.9119AA68FED8A447B03A71089BFD3ED7.d.719F238F308CAFA6294E3EA04FC719EF.e.3778"}]}
RESULT: {"script":"<script> [8489 bytes]","args":[{"element-6066-11e4-a52e-4f735466cecf":"f.9119AA68FED8A447B03A71089BFD3ED7.d.719F238F308CAFA6294E3EA04FC719EF.e.3778","ELEMENT":"f.9119AA68FED8A447B03A71089BFD3ED7.d.719F238F308CAFA6294E3EA04FC719EF.e.3778"}]}
COMMAND: GET /session/0ffaedec2ff4d329b9cb85ca897a1301/element/f.9119AA68FED8A447B03A71089BFD3ED7.d.719F238F308CAFA6294E3EA04FC719EF.e.3778/enabled - {}
COMMAND: GET /session/0ffaedec2ff4d329b9cb85ca897a1301/screenshot - {}
RESULT: {}
COMMAND: POST /session/0ffaedec2ff4d329b9cb85ca897a1301/execute/sync - {"script":"<script> [8489 bytes]","args":[{"element-6066-11e4-a52e-4f735466cecf":"f.9119AA68FED8A447B03A71089BFD3ED7.d.719F238F308CAFA6294E3EA04FC719EF.e.3778","ELEMENT":"f.9119AA68FED8A447B03A71089BFD3ED7.d.719F238F308CAFA6294E3EA04FC719EF.e.3778"}]}
COMMAND: GET /session/0ffaedec2ff4d329b9cb85ca897a1301/screenshot - {}
RESULT: {}
RESULT: {"script":"<script> [8489 bytes]","args":[{"element-6066-11e4-a52e-4f735466cecf":"f.9119AA68FED8A447B03A71089BFD3ED7.d.719F238F308CAFA6294E3EA04FC719EF.e.3778","ELEMENT":"f.9119AA68FED8A447B03A71089BFD3ED7.d.719F238F308CAFA6294E3EA04FC719EF.e.3778"}]}
COMMAND: POST /session/0ffaedec2ff4d329b9cb85ca897a1301/execute/sync - {"script":"<script> [5351 bytes]","args":[{"element-6066-11e4-a52e-4f735466cecf":"f.9119AA68FED8A447B03A71089BFD3ED7.d.719F238F308CAFA6294E3EA04FC719EF.e.3778","ELEMENT":"f.9119AA68FED8A447B03A71089BFD3ED7.d.719F238F308CAFA6294E3EA04FC719EF.e.3778"}]}
COMMAND: GET /session/0ffaedec2ff4d329b9cb85ca897a1301/screenshot - {}
RESULT: {}
RESULT: {"script":"<script> [5351 bytes]","args":[{"element-6066-11e4-a52e-4f735466cecf":"f.9119AA68FED8A447B03A71089BFD3ED7.d.719F238F308CAFA6294E3EA04FC719EF.e.3778","ELEMENT":"f.9119AA68FED8A447B03A71089BFD3ED7.d.719F238F308CAFA6294E3EA04FC719EF.e.3778"}]}
COMMAND: POST /session/0ffaedec2ff4d329b9cb85ca897a1301/element/f.9119AA68FED8A447B03A71089BFD3ED7.d.719F238F308CAFA6294E3EA04FC719EF.e.3778/click - {}
COMMAND: GET /session/0ffaedec2ff4d329b9cb85ca897a1301/screenshot - {}
RESULT: {}
RESULT: {}
COMMAND: GET /session/0ffaedec2ff4d329b9cb85ca897a1301/screenshot - {}
RESULT: {}
COMMAND: POST /session/0ffaedec2ff4d329b9cb85ca897a1301/element - {"using":"xpath","value":"//input[@id=\"application-managesites-display-component---NewSite--siteId-inner\"]"}
RESULT: {}
RESULT: {"using":"xpath","value":"//input[@id=\"application-managesites-display-component---NewSite--siteId-inner\"]"}
COMMAND: POST /session/0ffaedec2ff4d329b9cb85ca897a1301/element - {"using":"xpath","value":"//input[@id=\"application-managesites-display-component---NewSite--siteId-inner\"]"}
RESULT: {"using":"xpath","value":"//input[@id=\"application-managesites-display-component---NewSite--siteId-inner\"]"}
COMMAND: POST /session/0ffaedec2ff4d329b9cb85ca897a1301/execute/async - {"script":"<script> [1562 bytes]","args":[{"selector":{"id":"application-managesites-display-component---NewSite--addressDetailDetailsName1","interaction":{"idSuffix":"inner"}},"wdio_ui5_key":"applicationmanagesites-display-component---NewSite--addressDetailDetailsName1"}]}
RESULT: {"script":"<script> [1562 bytes]","args":[{"selector":{"id":"application-managesites-display-component---NewSite--addressDetailDetailsName1","interaction":{"idSuffix":"inner"}},"wdio_ui5_key":"applicationmanagesites-display-component---NewSite--addressDetailDetailsName1"}]}
RESULT: undefined
COMMAND: POST /session/0ffaedec2ff4d329b9cb85ca897a1301/execute/async - {"script":"<script> [776 bytes]","args":[{"enterText":"Intercompany Site wdIO","selector":{"id":"application-managesites-display-component---NewSite--addressDetailDetailsName1","interaction":{"idSuffix":"inner"}},"clearTextFirst":true,"interactionType":"ENTER_TEXT"}]}
RESULT: {"script":"<script> [776 bytes]","args":[{"enterText":"Intercompany Site wdIO","selector":{"id":"application-managesites-display-component---NewSite--addressDetailDetailsName1","interaction":{"idSuffix":"inner"}},"clearTextFirst":true,"interactionType":"ENTER_TEXT"}]}
COMMAND: POST /session/0ffaedec2ff4d329b9cb85ca897a1301/execute/async - {"script":"<script> [1562 bytes]","args":[{"selector":{"id":"application-managesites-display-component---NewSite--addressDetailDetailsLanguage-arrow"},"wdio_ui5_key":"applicationmanagesites-display-component---NewSite--addressDetailDetailsLanguage-arrow"}]}
RESULT: {"script":"<script> [1562 bytes]","args":[{"selector":{"id":"application-managesites-display-component---NewSite--addressDetailDetailsLanguage-arrow"},"wdio_ui5_key":"applicationmanagesites-display-component---NewSite--addressDetailDetailsLanguage-arrow"}]}
RESULT: undefined
COMMAND: POST /session/0ffaedec2ff4d329b9cb85ca897a1301/element - {"using":"xpath","value":"//*[@id=\"application-managesites-display-component---NewSite--addressDetailDetailsLanguage-arrow\"]"}
RESULT: {"using":"xpath","value":"//*[@id=\"application-managesites-display-component---NewSite--addressDetailDetailsLanguage-arrow\"]"}
COMMAND: POST /session/0ffaedec2ff4d329b9cb85ca897a1301/element/f.9119AA68FED8A447B03A71089BFD3ED7.d.719F238F308CAFA6294E3EA04FC719EF.e.4179/click - {}
RESULT: {}
COMMAND: POST /session/0ffaedec2ff4d329b9cb85ca897a1301/element - {"using":"xpath","value":"//span[contains(text(), \"English\")]"}
COMMAND: GET /session/0ffaedec2ff4d329b9cb85ca897a1301/screenshot - {}
RESULT: {"using":"xpath","value":"//span[contains(text(), \"English\")]"}
COMMAND: POST /session/0ffaedec2ff4d329b9cb85ca897a1301/element/f.9119AA68FED8A447B03A71089BFD3ED7.d.719F238F308CAFA6294E3EA04FC719EF.e.4180/click - {}
RESULT: {}
RESULT: {}
COMMAND: POST /session/0ffaedec2ff4d329b9cb85ca897a1301/execute/async - {"script":"<script> [1562 bytes]","args":[{"selector":{"id":"application-managesites-display-component---NewSite--addressDetailDetailsCity1","interaction":{"idSuffix":"inner"}},"wdio_ui5_key":"applicationmanagesites-display-component---NewSite--addressDetailDetailsCity1"}]}
COMMAND: GET /session/0ffaedec2ff4d329b9cb85ca897a1301/screenshot - {}
RESULT: {"script":"<script> [1562 bytes]","args":[{"selector":{"id":"application-managesites-display-component---NewSite--addressDetailDetailsCity1","interaction":{"idSuffix":"inner"}},"wdio_ui5_key":"applicationmanagesites-display-component---NewSite--addressDetailDetailsCity1"}]}
RESULT: undefined
COMMAND: POST /session/0ffaedec2ff4d329b9cb85ca897a1301/execute/async - {"script":"<script> [776 bytes]","args":[{"enterText":"Rosario","selector":{"id":"application-managesites-display-component---NewSite--addressDetailDetailsCity1","interaction":{"idSuffix":"inner"}},"clearTextFirst":true,"interactionType":"ENTER_TEXT"}]}
RESULT: {}
RESULT: {"script":"<script> [776 bytes]","args":[{"enterText":"Rosario","selector":{"id":"application-managesites-display-component---NewSite--addressDetailDetailsCity1","interaction":{"idSuffix":"inner"}},"clearTextFirst":true,"interactionType":"ENTER_TEXT"}]}
COMMAND: POST /session/0ffaedec2ff4d329b9cb85ca897a1301/execute/async - {"script":"<script> [1562 bytes]","args":[{"selector":{"id":"application-managesites-display-component---NewSite--addressDetailDetailsCountry-arrow"},"wdio_ui5_key":"applicationmanagesites-display-component---NewSite--addressDetailDetailsCountry-arrow"}]}
RESULT: {"script":"<script> [1562 bytes]","args":[{"selector":{"id":"application-managesites-display-component---NewSite--addressDetailDetailsCountry-arrow"},"wdio_ui5_key":"applicationmanagesites-display-component---NewSite--addressDetailDetailsCountry-arrow"}]}
RESULT: undefined
COMMAND: POST /session/0ffaedec2ff4d329b9cb85ca897a1301/element - {"using":"xpath","value":"//*[@id=\"application-managesites-display-component---NewSite--addressDetailDetailsCountry-arrow\"]"}
RESULT: {"using":"xpath","value":"//*[@id=\"application-managesites-display-component---NewSite--addressDetailDetailsCountry-arrow\"]"}
COMMAND: POST /session/0ffaedec2ff4d329b9cb85ca897a1301/element/f.9119AA68FED8A447B03A71089BFD3ED7.d.719F238F308CAFA6294E3EA04FC719EF.e.4182/click - {}
RESULT: {}
COMMAND: POST /session/0ffaedec2ff4d329b9cb85ca897a1301/element - {"using":"xpath","value":"//span[contains(text(), \"Argentina\")]"}
COMMAND: GET /session/0ffaedec2ff4d329b9cb85ca897a1301/screenshot - {}
RESULT: {"using":"xpath","value":"//span[contains(text(), \"Argentina\")]"}
COMMAND: POST /session/0ffaedec2ff4d329b9cb85ca897a1301/element/f.9119AA68FED8A447B03A71089BFD3ED7.d.719F238F308CAFA6294E3EA04FC719EF.e.4183/click - {}
RESULT: {}
RESULT: {}
COMMAND: GET /session/0ffaedec2ff4d329b9cb85ca897a1301/screenshot - {}
RESULT: {}
COMMAND: POST /session/0ffaedec2ff4d329b9cb85ca897a1301/execute/async - {"script":"<script> [1562 bytes]","args":[{"selector":{"id":"application-managesites-display-component---NewSite--addressEditDetailsCostObjectCstType-arrow"},"wdio_ui5_key":"applicationmanagesites-display-component---NewSite--addressEditDetailsCostObjectCstType-arrow"}]}
RESULT: {"script":"<script> [1562 bytes]","args":[{"selector":{"id":"application-managesites-display-component---NewSite--addressEditDetailsCostObjectCstType-arrow"},"wdio_ui5_key":"applicationmanagesites-display-component---NewSite--addressEditDetailsCostObjectCstType-arrow"}]}
RESULT: undefined
COMMAND: POST /session/0ffaedec2ff4d329b9cb85ca897a1301/element - {"using":"xpath","value":"//*[@id=\"application-managesites-display-component---NewSite--addressEditDetailsCostObjectCstType-arrow\"]"}
RESULT: {"using":"xpath","value":"//*[@id=\"application-managesites-display-component---NewSite--addressEditDetailsCostObjectCstType-arrow\"]"}
COMMAND: POST /session/0ffaedec2ff4d329b9cb85ca897a1301/element/f.9119AA68FED8A447B03A71089BFD3ED7.d.719F238F308CAFA6294E3EA04FC719EF.e.4184/click - {}
RESULT: {}
COMMAND: POST /session/0ffaedec2ff4d329b9cb85ca897a1301/element - {"using":"xpath","value":"//span[contains(text(), \"Cost Center\")]"}
COMMAND: GET /session/0ffaedec2ff4d329b9cb85ca897a1301/screenshot - {}
RESULT: {"using":"xpath","value":"//span[contains(text(), \"Cost Center\")]"}
COMMAND: POST /session/0ffaedec2ff4d329b9cb85ca897a1301/element/f.9119AA68FED8A447B03A71089BFD3ED7.d.719F238F308CAFA6294E3EA04FC719EF.e.4185/click - {}
RESULT: {}
RESULT: {}
COMMAND: GET /session/0ffaedec2ff4d329b9cb85ca897a1301/screenshot - {}
RESULT: {}
COMMAND: POST /session/0ffaedec2ff4d329b9cb85ca897a1301/element - {"using":"xpath","value":"//span[@id=\"application-managesites-display-component---NewSite--addressNewCostObjectCstID-vhi\"]"}
RESULT: {"using":"xpath","value":"//span[@id=\"application-managesites-display-component---NewSite--addressNewCostObjectCstID-vhi\"]"}
COMMAND: POST /session/0ffaedec2ff4d329b9cb85ca897a1301/execute/sync - {"script":"<script> [8489 bytes]","args":[{"element-6066-11e4-a52e-4f735466cecf":"f.9119AA68FED8A447B03A71089BFD3ED7.d.719F238F308CAFA6294E3EA04FC719EF.e.4190","ELEMENT":"f.9119AA68FED8A447B03A71089BFD3ED7.d.719F238F308CAFA6294E3EA04FC719EF.e.4190"}]}
RESULT: {"script":"<script> [8489 bytes]","args":[{"element-6066-11e4-a52e-4f735466cecf":"f.9119AA68FED8A447B03A71089BFD3ED7.d.719F238F308CAFA6294E3EA04FC719EF.e.4190","ELEMENT":"f.9119AA68FED8A447B03A71089BFD3ED7.d.719F238F308CAFA6294E3EA04FC719EF.e.4190"}]}
COMMAND: POST /session/0ffaedec2ff4d329b9cb85ca897a1301/execute/async - {"script":"<script> [1562 bytes]","args":[{"selector":{"id":"application-managesites-display-component---NewSite--addressNewCostObjectCstID-vhi"},"wdio_ui5_key":"applicationmanagesites-display-component---NewSite--addressNewCostObjectCstID-vhi"}]}
COMMAND: GET /session/0ffaedec2ff4d329b9cb85ca897a1301/screenshot - {}
RESULT: {"script":"<script> [1562 bytes]","args":[{"selector":{"id":"application-managesites-display-component---NewSite--addressNewCostObjectCstID-vhi"},"wdio_ui5_key":"applicationmanagesites-display-component---NewSite--addressNewCostObjectCstID-vhi"}]}
RESULT: undefined
COMMAND: POST /session/0ffaedec2ff4d329b9cb85ca897a1301/element - {"using":"xpath","value":"//*[@id=\"application-managesites-display-component---NewSite--addressNewCostObjectCstID-vhi\"]"}
RESULT: {}
RESULT: {"using":"xpath","value":"//*[@id=\"application-managesites-display-component---NewSite--addressNewCostObjectCstID-vhi\"]"}
COMMAND: POST /session/0ffaedec2ff4d329b9cb85ca897a1301/element/f.9119AA68FED8A447B03A71089BFD3ED7.d.719F238F308CAFA6294E3EA04FC719EF.e.4190/click - {}
RESULT: {}
COMMAND: GET /session/0ffaedec2ff4d329b9cb85ca897a1301/screenshot - {}
RESULT: {}
RESULT: undefined
COMMAND: POST /session/0ffaedec2ff4d329b9cb85ca897a1301/execute/async - {"script":"<script> [776 bytes]","args":[{"enterText":"10001013","selector":{"controlType":"sap.m.SearchField","properties":{"placeholder":"Search"},"searchOpenDialogs":true,"interaction":{"idSuffix":"I"}},"clearTextFirst":true,"interactionType":"ENTER_TEXT"}]}
RESULT: {"script":"<script> [776 bytes]","args":[{"enterText":"10001013","selector":{"controlType":"sap.m.SearchField","properties":{"placeholder":"Search"},"searchOpenDialogs":true,"interaction":{"idSuffix":"I"}},"clearTextFirst":true,"interactionType":"ENTER_TEXT"}]}
COMMAND: POST /session/0ffaedec2ff4d329b9cb85ca897a1301/actions - {"actions":[{"id":"action6","type":"key","parameters":{},"actions":[{"type":"keyDown","value":""},{"type":"pause","duration":10},{"type":"keyUp","value":""}]}]}
RESULT: {"actions":[{"id":"action6","type":"key","parameters":{},"actions":[{"type":"keyDown","value":""},{"type":"pause","duration":10},{"type":"keyUp","value":""}]}]}
COMMAND: GET /session/0ffaedec2ff4d329b9cb85ca897a1301/screenshot - {}
RESULT: {}
COMMAND: POST /session/0ffaedec2ff4d329b9cb85ca897a1301/element - {"using":"xpath","value":"//span[contains(text(), \"General Management\")]"}
RESULT: {"using":"xpath","value":"//span[contains(text(), \"General Management\")]"}
COMMAND: POST /session/0ffaedec2ff4d329b9cb85ca897a1301/element/f.9119AA68FED8A447B03A71089BFD3ED7.d.719F238F308CAFA6294E3EA04FC719EF.e.4230/click - {}
RESULT: {}
COMMAND: GET /session/0ffaedec2ff4d329b9cb85ca897a1301/screenshot - {}
RESULT: {}
COMMAND: POST /session/0ffaedec2ff4d329b9cb85ca897a1301/element - {"using":"xpath","value":"//bdi[contains(text(), \"OK\")]"}
RESULT: {"using":"xpath","value":"//bdi[contains(text(), \"OK\")]"}
COMMAND: POST /session/0ffaedec2ff4d329b9cb85ca897a1301/element/f.9119AA68FED8A447B03A71089BFD3ED7.d.719F238F308CAFA6294E3EA04FC719EF.e.4231/click - {}
RESULT: {}
COMMAND: GET /session/0ffaedec2ff4d329b9cb85ca897a1301/screenshot - {}
RESULT: {}
COMMAND: POST /session/0ffaedec2ff4d329b9cb85ca897a1301/element - {"using":"xpath","value":"//input[@id=\"application-managesites-display-component---NewSite--addressDetailDetailsCalendar-inner\"]"}
RESULT: {"using":"xpath","value":"//input[@id=\"application-managesites-display-component---NewSite--addressDetailDetailsCalendar-inner\"]"}
COMMAND: POST /session/0ffaedec2ff4d329b9cb85ca897a1301/element/f.9119AA68FED8A447B03A71089BFD3ED7.d.719F238F308CAFA6294E3EA04FC719EF.e.3977/clear - {}
RESULT: {}
COMMAND: POST /session/0ffaedec2ff4d329b9cb85ca897a1301/element/f.9119AA68FED8A447B03A71089BFD3ED7.d.719F238F308CAFA6294E3EA04FC719EF.e.3977/value - {"text":"Unit"}
COMMAND: GET /session/0ffaedec2ff4d329b9cb85ca897a1301/screenshot - {}
RESULT: {"text":"Unit"}
COMMAND: GET /session/0ffaedec2ff4d329b9cb85ca897a1301/screenshot - {}
RESULT: {}
RESULT: {}
COMMAND: POST /session/0ffaedec2ff4d329b9cb85ca897a1301/actions - {"actions":[{"id":"action7","type":"key","parameters":{},"actions":[{"type":"keyDown","value":""},{"type":"pause","duration":10},{"type":"keyUp","value":""}]}]}
RESULT: {"actions":[{"id":"action7","type":"key","parameters":{},"actions":[{"type":"keyDown","value":""},{"type":"pause","duration":10},{"type":"keyUp","value":""}]}]}
COMMAND: POST /session/0ffaedec2ff4d329b9cb85ca897a1301/element - {"using":"xpath","value":"//input[@id=\"application-managesites-display-component---NewSite--addressDetailDetailsYard-inner\"]"}
COMMAND: GET /session/0ffaedec2ff4d329b9cb85ca897a1301/screenshot - {}
RESULT: {"using":"xpath","value":"//input[@id=\"application-managesites-display-component---NewSite--addressDetailDetailsYard-inner\"]"}
COMMAND: POST /session/0ffaedec2ff4d329b9cb85ca897a1301/element/f.9119AA68FED8A447B03A71089BFD3ED7.d.719F238F308CAFA6294E3EA04FC719EF.e.3978/clear - {}
RESULT: {}
RESULT: {}
COMMAND: POST /session/0ffaedec2ff4d329b9cb85ca897a1301/element/f.9119AA68FED8A447B03A71089BFD3ED7.d.719F238F308CAFA6294E3EA04FC719EF.e.3978/value - {"text":"344"}
COMMAND: GET /session/0ffaedec2ff4d329b9cb85ca897a1301/screenshot - {}
RESULT: {"text":"344"}
COMMAND: GET /session/0ffaedec2ff4d329b9cb85ca897a1301/screenshot - {}
RESULT: {}
RESULT: {}
COMMAND: POST /session/0ffaedec2ff4d329b9cb85ca897a1301/element - {"using":"xpath","value":"//li[.//span[text()='344']]"}
RESULT: {"using":"xpath","value":"//li[.//span[text()='344']]"}
COMMAND: POST /session/0ffaedec2ff4d329b9cb85ca897a1301/element/f.9119AA68FED8A447B03A71089BFD3ED7.d.719F238F308CAFA6294E3EA04FC719EF.e.4239/click - {}
RESULT: {}
COMMAND: GET /session/0ffaedec2ff4d329b9cb85ca897a1301/screenshot - {}
RESULT: {}
COMMAND: POST /session/0ffaedec2ff4d329b9cb85ca897a1301/element - {"using":"xpath","value":"//input[@id=\"application-managesites-display-component---NewSite--addressDetailDetailsPartner-inner\"]"}
RESULT: {"using":"xpath","value":"//input[@id=\"application-managesites-display-component---NewSite--addressDetailDetailsPartner-inner\"]"}
COMMAND: POST /session/0ffaedec2ff4d329b9cb85ca897a1301/element - {"using":"xpath","value":"//input[@id=\"application-managesites-display-component---NewSite--addressDetailDetailsPartner-inner\"]"}
RESULT: {"using":"xpath","value":"//input[@id=\"application-managesites-display-component---NewSite--addressDetailDetailsPartner-inner\"]"}
COMMAND: POST /session/0ffaedec2ff4d329b9cb85ca897a1301/element - {"using":"xpath","value":"//button[@data-kt=\"saveButton\"]"}
RESULT: {"using":"xpath","value":"//button[@data-kt=\"saveButton\"]"}
COMMAND: POST /session/0ffaedec2ff4d329b9cb85ca897a1301/element/f.9119AA68FED8A447B03A71089BFD3ED7.d.719F238F308CAFA6294E3EA04FC719EF.e.4127/click - {}
RESULT: {}
COMMAND: GET /session/0ffaedec2ff4d329b9cb85ca897a1301/screenshot - {}
RESULT: {}
COMMAND: POST /session/0ffaedec2ff4d329b9cb85ca897a1301/element - {"using":"xpath","value":"//header[contains(@id, 'ObjectPageLayout-headerTitle')]/div[1]/div[2]/div[2]/span[1]"}
RESULT: {"using":"xpath","value":"//header[contains(@id, 'ObjectPageLayout-headerTitle')]/div[1]/div[2]/div[2]/span[1]"}
COMMAND: POST /session/0ffaedec2ff4d329b9cb85ca897a1301/elements - {"using":"xpath","value":"//header[contains(@id, 'ObjectPageLayout-headerTitle')]/div[1]/div[2]/div[2]/span[1]"}
RESULT: {"using":"xpath","value":"//header[contains(@id, 'ObjectPageLayout-headerTitle')]/div[1]/div[2]/div[2]/span[1]"}
COMMAND: POST /session/0ffaedec2ff4d329b9cb85ca897a1301/execute/sync - {"script":"<script> [56 bytes]","args":[{"element-6066-11e4-a52e-4f735466cecf":"f.9119AA68FED8A447B03A71089BFD3ED7.d.719F238F308CAFA6294E3EA04FC719EF.e.4442","ELEMENT":"f.9119AA68FED8A447B03A71089BFD3ED7.d.719F238F308CAFA6294E3EA04FC719EF.e.4442"}]}
RESULT: {"script":"<script> [56 bytes]","args":[{"element-6066-11e4-a52e-4f735466cecf":"f.9119AA68FED8A447B03A71089BFD3ED7.d.719F238F308CAFA6294E3EA04FC719EF.e.4442","ELEMENT":"f.9119AA68FED8A447B03A71089BFD3ED7.d.719F238F308CAFA6294E3EA04FC719EF.e.4442"}]}
COMMAND: POST /session/0ffaedec2ff4d329b9cb85ca897a1301/element - {"using":"css selector","value":"#shell-header-logo"}
COMMAND: GET /session/0ffaedec2ff4d329b9cb85ca897a1301/screenshot - {}
RESULT: {"using":"css selector","value":"#shell-header-logo"}
COMMAND: POST /session/0ffaedec2ff4d329b9cb85ca897a1301/element/f.9119AA68FED8A447B03A71089BFD3ED7.d.719F238F308CAFA6294E3EA04FC719EF.e.3736/click - {}
RESULT: {}
RESULT: {}
COMMAND: GET /session/0ffaedec2ff4d329b9cb85ca897a1301/screenshot - {}
RESULT: {}
COMMAND: POST /session/0ffaedec2ff4d329b9cb85ca897a1301/execute/sync - {"script":"<script> [299 bytes]","args":[["getModel","getResource"]]}
RESULT: {"script":"<script> [299 bytes]","args":[["getModel","getResource"]]}
]]></system-out>
    </testcase>
    <testcase classname="chrome.136_0_7103_93.windows.Billing_Transfer_-_Master_data_&amp;_Intercompany_US127250" name="Should create a new equipment" time="124.74">
      <system-out><![CDATA[
COMMAND: POST /session/0ffaedec2ff4d329b9cb85ca897a1301/execute/async - {"script":"<script> [1562 bytes]","args":[{"selector":{"controlType":"sap.m.GenericTile","properties":{"header":"Manage Resources"}},"wdio_ui5_key":"sapm.GenericTile{\"header\":\"Manage Resources\"}"}]}
COMMAND: GET /session/0ffaedec2ff4d329b9cb85ca897a1301/screenshot - {}
RESULT: {"script":"<script> [1562 bytes]","args":[{"selector":{"controlType":"sap.m.GenericTile","properties":{"header":"Manage Resources"}},"wdio_ui5_key":"sapm.GenericTile{\"header\":\"Manage Resources\"}"}]}
RESULT: undefined
COMMAND: POST /session/0ffaedec2ff4d329b9cb85ca897a1301/element - {"using":"xpath","value":"//*[@id=\"__tile39\"]"}
RESULT: {}
RESULT: {"using":"xpath","value":"//*[@id=\"__tile39\"]"}
COMMAND: POST /session/0ffaedec2ff4d329b9cb85ca897a1301/element/f.9119AA68FED8A447B03A71089BFD3ED7.d.719F238F308CAFA6294E3EA04FC719EF.e.2096/click - {}
RESULT: {}
COMMAND: GET /session/0ffaedec2ff4d329b9cb85ca897a1301/screenshot - {}
RESULT: {}
COMMAND: POST /session/0ffaedec2ff4d329b9cb85ca897a1301/elements - {"using":"xpath","value":"//span[text()='Error']"}
RESULT: {"using":"xpath","value":"//span[text()='Error']"}
COMMAND: POST /session/0ffaedec2ff4d329b9cb85ca897a1301/element - {"using":"xpath","value":"//button[@data-kt=\"addNewRUOverflowToolbarButton\"]"}
RESULT: {"using":"xpath","value":"//button[@data-kt=\"addNewRUOverflowToolbarButton\"]"}
COMMAND: POST /session/0ffaedec2ff4d329b9cb85ca897a1301/elements - {"using":"xpath","value":"//button[@data-kt=\"addNewRUOverflowToolbarButton\"]"}
RESULT: {"using":"xpath","value":"//button[@data-kt=\"addNewRUOverflowToolbarButton\"]"}
COMMAND: POST /session/0ffaedec2ff4d329b9cb85ca897a1301/execute/sync - {"script":"<script> [8489 bytes]","args":[{"element-6066-11e4-a52e-4f735466cecf":"f.9119AA68FED8A447B03A71089BFD3ED7.d.719F238F308CAFA6294E3EA04FC719EF.e.4484","ELEMENT":"f.9119AA68FED8A447B03A71089BFD3ED7.d.719F238F308CAFA6294E3EA04FC719EF.e.4484"}]}
RESULT: {"script":"<script> [8489 bytes]","args":[{"element-6066-11e4-a52e-4f735466cecf":"f.9119AA68FED8A447B03A71089BFD3ED7.d.719F238F308CAFA6294E3EA04FC719EF.e.4484","ELEMENT":"f.9119AA68FED8A447B03A71089BFD3ED7.d.719F238F308CAFA6294E3EA04FC719EF.e.4484"}]}
COMMAND: GET /session/0ffaedec2ff4d329b9cb85ca897a1301/element/f.9119AA68FED8A447B03A71089BFD3ED7.d.719F238F308CAFA6294E3EA04FC719EF.e.4484/enabled - {}
COMMAND: GET /session/0ffaedec2ff4d329b9cb85ca897a1301/screenshot - {}
RESULT: {}
COMMAND: POST /session/0ffaedec2ff4d329b9cb85ca897a1301/execute/sync - {"script":"<script> [8489 bytes]","args":[{"element-6066-11e4-a52e-4f735466cecf":"f.9119AA68FED8A447B03A71089BFD3ED7.d.719F238F308CAFA6294E3EA04FC719EF.e.4484","ELEMENT":"f.9119AA68FED8A447B03A71089BFD3ED7.d.719F238F308CAFA6294E3EA04FC719EF.e.4484"}]}
COMMAND: GET /session/0ffaedec2ff4d329b9cb85ca897a1301/screenshot - {}
RESULT: {}
RESULT: {"script":"<script> [8489 bytes]","args":[{"element-6066-11e4-a52e-4f735466cecf":"f.9119AA68FED8A447B03A71089BFD3ED7.d.719F238F308CAFA6294E3EA04FC719EF.e.4484","ELEMENT":"f.9119AA68FED8A447B03A71089BFD3ED7.d.719F238F308CAFA6294E3EA04FC719EF.e.4484"}]}
COMMAND: POST /session/0ffaedec2ff4d329b9cb85ca897a1301/execute/sync - {"script":"<script> [5351 bytes]","args":[{"element-6066-11e4-a52e-4f735466cecf":"f.9119AA68FED8A447B03A71089BFD3ED7.d.719F238F308CAFA6294E3EA04FC719EF.e.4484","ELEMENT":"f.9119AA68FED8A447B03A71089BFD3ED7.d.719F238F308CAFA6294E3EA04FC719EF.e.4484"}]}
COMMAND: GET /session/0ffaedec2ff4d329b9cb85ca897a1301/screenshot - {}
RESULT: {}
RESULT: {"script":"<script> [5351 bytes]","args":[{"element-6066-11e4-a52e-4f735466cecf":"f.9119AA68FED8A447B03A71089BFD3ED7.d.719F238F308CAFA6294E3EA04FC719EF.e.4484","ELEMENT":"f.9119AA68FED8A447B03A71089BFD3ED7.d.719F238F308CAFA6294E3EA04FC719EF.e.4484"}]}
COMMAND: POST /session/0ffaedec2ff4d329b9cb85ca897a1301/element/f.9119AA68FED8A447B03A71089BFD3ED7.d.719F238F308CAFA6294E3EA04FC719EF.e.4484/click - {}
COMMAND: GET /session/0ffaedec2ff4d329b9cb85ca897a1301/screenshot - {}
RESULT: {}
RESULT: {}
COMMAND: GET /session/0ffaedec2ff4d329b9cb85ca897a1301/screenshot - {}
RESULT: {}
COMMAND: POST /session/0ffaedec2ff4d329b9cb85ca897a1301/execute/async - {"script":"<script> [1562 bytes]","args":[{"selector":{"id":"application-manageresources-display-component---newResourceUnit--TYPE-arrow"},"wdio_ui5_key":"applicationmanageresources-display-component---newResourceUnit--TYPE-arrow"}]}
RESULT: {}
RESULT: {"script":"<script> [1562 bytes]","args":[{"selector":{"id":"application-manageresources-display-component---newResourceUnit--TYPE-arrow"},"wdio_ui5_key":"applicationmanageresources-display-component---newResourceUnit--TYPE-arrow"}]}
RESULT: undefined
COMMAND: POST /session/0ffaedec2ff4d329b9cb85ca897a1301/element - {"using":"xpath","value":"//*[@id=\"application-manageresources-display-component---newResourceUnit--TYPE-arrow\"]"}
RESULT: {"using":"xpath","value":"//*[@id=\"application-manageresources-display-component---newResourceUnit--TYPE-arrow\"]"}
COMMAND: POST /session/0ffaedec2ff4d329b9cb85ca897a1301/element/f.9119AA68FED8A447B03A71089BFD3ED7.d.719F238F308CAFA6294E3EA04FC719EF.e.4837/click - {}
RESULT: {}
COMMAND: POST /session/0ffaedec2ff4d329b9cb85ca897a1301/element - {"using":"xpath","value":"//input[@id=\"application-manageresources-display-component---newResourceUnit--TYPE-inner\"]"}
COMMAND: GET /session/0ffaedec2ff4d329b9cb85ca897a1301/screenshot - {}
RESULT: {"using":"xpath","value":"//input[@id=\"application-manageresources-display-component---newResourceUnit--TYPE-inner\"]"}
COMMAND: POST /session/0ffaedec2ff4d329b9cb85ca897a1301/element/f.9119AA68FED8A447B03A71089BFD3ED7.d.719F238F308CAFA6294E3EA04FC719EF.e.4821/clear - {}
RESULT: {}
RESULT: {}
COMMAND: POST /session/0ffaedec2ff4d329b9cb85ca897a1301/element/f.9119AA68FED8A447B03A71089BFD3ED7.d.719F238F308CAFA6294E3EA04FC719EF.e.4821/value - {"text":"Equipment"}
COMMAND: GET /session/0ffaedec2ff4d329b9cb85ca897a1301/screenshot - {}
RESULT: {"text":"Equipment"}
COMMAND: GET /session/0ffaedec2ff4d329b9cb85ca897a1301/screenshot - {}
RESULT: {}
RESULT: {}
COMMAND: POST /session/0ffaedec2ff4d329b9cb85ca897a1301/actions - {"actions":[{"id":"action8","type":"key","parameters":{},"actions":[{"type":"keyDown","value":""},{"type":"pause","duration":10},{"type":"keyUp","value":""}]}]}
RESULT: {"actions":[{"id":"action8","type":"key","parameters":{},"actions":[{"type":"keyDown","value":""},{"type":"pause","duration":10},{"type":"keyUp","value":""}]}]}
COMMAND: POST /session/0ffaedec2ff4d329b9cb85ca897a1301/execute/async - {"script":"<script> [1562 bytes]","args":[{"selector":{"id":"application-manageresources-display-component---newResourceUnit--resourceId","interaction":{"idSuffix":"inner"}},"wdio_ui5_key":"applicationmanageresources-display-component---newResourceUnit--resourceId"}]}
COMMAND: GET /session/0ffaedec2ff4d329b9cb85ca897a1301/screenshot - {}
RESULT: {"script":"<script> [1562 bytes]","args":[{"selector":{"id":"application-manageresources-display-component---newResourceUnit--resourceId","interaction":{"idSuffix":"inner"}},"wdio_ui5_key":"applicationmanageresources-display-component---newResourceUnit--resourceId"}]}
RESULT: undefined
COMMAND: POST /session/0ffaedec2ff4d329b9cb85ca897a1301/execute/async - {"script":"<script> [776 bytes]","args":[{"enterText":"LlB6e2Cvp3","selector":{"id":"application-manageresources-display-component---newResourceUnit--resourceId","interaction":{"idSuffix":"inner"}},"clearTextFirst":true,"interactionType":"ENTER_TEXT"}]}
RESULT: {}
RESULT: {"script":"<script> [776 bytes]","args":[{"enterText":"LlB6e2Cvp3","selector":{"id":"application-manageresources-display-component---newResourceUnit--resourceId","interaction":{"idSuffix":"inner"}},"clearTextFirst":true,"interactionType":"ENTER_TEXT"}]}
COMMAND: POST /session/0ffaedec2ff4d329b9cb85ca897a1301/execute/async - {"script":"<script> [1562 bytes]","args":[{"selector":{"id":"application-manageresources-display-component---newResourceUnit--SHORT_TEXT","interaction":{"idSuffix":"inner"}},"wdio_ui5_key":"applicationmanageresources-display-component---newResourceUnit--SHORT_TEXT"}]}
RESULT: {"script":"<script> [1562 bytes]","args":[{"selector":{"id":"application-manageresources-display-component---newResourceUnit--SHORT_TEXT","interaction":{"idSuffix":"inner"}},"wdio_ui5_key":"applicationmanageresources-display-component---newResourceUnit--SHORT_TEXT"}]}
RESULT: undefined
COMMAND: POST /session/0ffaedec2ff4d329b9cb85ca897a1301/execute/async - {"script":"<script> [776 bytes]","args":[{"enterText":"Intercompany Equipment WDIO","selector":{"id":"application-manageresources-display-component---newResourceUnit--SHORT_TEXT","interaction":{"idSuffix":"inner"}},"clearTextFirst":true,"interactionType":"ENTER_TEXT"}]}
RESULT: {"script":"<script> [776 bytes]","args":[{"enterText":"Intercompany Equipment WDIO","selector":{"id":"application-manageresources-display-component---newResourceUnit--SHORT_TEXT","interaction":{"idSuffix":"inner"}},"clearTextFirst":true,"interactionType":"ENTER_TEXT"}]}
COMMAND: POST /session/0ffaedec2ff4d329b9cb85ca897a1301/execute/async - {"script":"<script> [1562 bytes]","args":[{"selector":{"id":"application-manageresources-display-component---newResourceUnit--BASE_UNIT_OF_MEASURE","interaction":{"idSuffix":"inner"}},"wdio_ui5_key":"applicationmanageresources-display-component---newResourceUnit--BASE_UNIT_OF_MEASURE"}]}
RESULT: {"script":"<script> [1562 bytes]","args":[{"selector":{"id":"application-manageresources-display-component---newResourceUnit--BASE_UNIT_OF_MEASURE","interaction":{"idSuffix":"inner"}},"wdio_ui5_key":"applicationmanageresources-display-component---newResourceUnit--BASE_UNIT_OF_MEASURE"}]}
RESULT: undefined
COMMAND: POST /session/0ffaedec2ff4d329b9cb85ca897a1301/execute/async - {"script":"<script> [776 bytes]","args":[{"enterText":"Piece","selector":{"id":"application-manageresources-display-component---newResourceUnit--BASE_UNIT_OF_MEASURE","interaction":{"idSuffix":"inner"}},"clearTextFirst":true,"interactionType":"ENTER_TEXT"}]}
RESULT: {"script":"<script> [776 bytes]","args":[{"enterText":"Piece","selector":{"id":"application-manageresources-display-component---newResourceUnit--BASE_UNIT_OF_MEASURE","interaction":{"idSuffix":"inner"}},"clearTextFirst":true,"interactionType":"ENTER_TEXT"}]}
COMMAND: POST /session/0ffaedec2ff4d329b9cb85ca897a1301/execute/async - {"script":"<script> [1562 bytes]","args":[{"selector":{"id":"application-manageresources-display-component---newResourceUnit--WEIGHT_UNIT","interaction":{"idSuffix":"inner"}},"wdio_ui5_key":"applicationmanageresources-display-component---newResourceUnit--WEIGHT_UNIT"}]}
RESULT: {"script":"<script> [1562 bytes]","args":[{"selector":{"id":"application-manageresources-display-component---newResourceUnit--WEIGHT_UNIT","interaction":{"idSuffix":"inner"}},"wdio_ui5_key":"applicationmanageresources-display-component---newResourceUnit--WEIGHT_UNIT"}]}
RESULT: undefined
COMMAND: POST /session/0ffaedec2ff4d329b9cb85ca897a1301/execute/async - {"script":"<script> [776 bytes]","args":[{"enterText":"Gram","selector":{"id":"application-manageresources-display-component---newResourceUnit--WEIGHT_UNIT","interaction":{"idSuffix":"inner"}},"clearTextFirst":true,"interactionType":"ENTER_TEXT"}]}
RESULT: {"script":"<script> [776 bytes]","args":[{"enterText":"Gram","selector":{"id":"application-manageresources-display-component---newResourceUnit--WEIGHT_UNIT","interaction":{"idSuffix":"inner"}},"clearTextFirst":true,"interactionType":"ENTER_TEXT"}]}
COMMAND: POST /session/0ffaedec2ff4d329b9cb85ca897a1301/execute/async - {"script":"<script> [1562 bytes]","args":[{"selector":{"id":"application-manageresources-display-component---newResourceUnit--DIMENSION_UNIT","interaction":{"idSuffix":"inner"}},"wdio_ui5_key":"applicationmanageresources-display-component---newResourceUnit--DIMENSION_UNIT"}]}
RESULT: {"script":"<script> [1562 bytes]","args":[{"selector":{"id":"application-manageresources-display-component---newResourceUnit--DIMENSION_UNIT","interaction":{"idSuffix":"inner"}},"wdio_ui5_key":"applicationmanageresources-display-component---newResourceUnit--DIMENSION_UNIT"}]}
RESULT: undefined
COMMAND: POST /session/0ffaedec2ff4d329b9cb85ca897a1301/execute/async - {"script":"<script> [776 bytes]","args":[{"enterText":"Meter","selector":{"id":"application-manageresources-display-component---newResourceUnit--DIMENSION_UNIT","interaction":{"idSuffix":"inner"}},"clearTextFirst":true,"interactionType":"ENTER_TEXT"}]}
RESULT: {"script":"<script> [776 bytes]","args":[{"enterText":"Meter","selector":{"id":"application-manageresources-display-component---newResourceUnit--DIMENSION_UNIT","interaction":{"idSuffix":"inner"}},"clearTextFirst":true,"interactionType":"ENTER_TEXT"}]}
COMMAND: POST /session/0ffaedec2ff4d329b9cb85ca897a1301/execute/async - {"script":"<script> [1562 bytes]","args":[{"selector":{"id":"application-manageresources-display-component---newResourceUnit--newRRUPage-anchBar-application-manageresources-display-component---newResourceUnit--control-anchor","interaction":{"idSuffix":"BDI-content"}},"wdio_ui5_key":"applicationmanageresources-display-component---newResourceUnit--newRRUPage-anchBar-application-manageresources-display-component---newResourceUnit--control-anchor"}]}
RESULT: {"script":"<script> [1562 bytes]","args":[{"selector":{"id":"application-manageresources-display-component---newResourceUnit--newRRUPage-anchBar-application-manageresources-display-component---newResourceUnit--control-anchor","interaction":{"idSuffix":"BDI-content"}},"wdio_ui5_key":"applicationmanageresources-display-component---newResourceUnit--newRRUPage-anchBar-application-manageresources-display-component---newResourceUnit--control-anchor"}]}
RESULT: undefined
COMMAND: POST /session/0ffaedec2ff4d329b9cb85ca897a1301/element - {"using":"xpath","value":"//*[@id=\"application-manageresources-display-component---newResourceUnit--newRRUPage-anchBar-application-manageresources-display-component---newResourceUnit--control-anchor\"]"}
RESULT: {"using":"xpath","value":"//*[@id=\"application-manageresources-display-component---newResourceUnit--newRRUPage-anchBar-application-manageresources-display-component---newResourceUnit--control-anchor\"]"}
COMMAND: POST /session/0ffaedec2ff4d329b9cb85ca897a1301/element/f.9119AA68FED8A447B03A71089BFD3ED7.d.719F238F308CAFA6294E3EA04FC719EF.e.4995/click - {}
RESULT: {}
COMMAND: POST /session/0ffaedec2ff4d329b9cb85ca897a1301/execute/async - {"script":"<script> [1562 bytes]","args":[{"selector":{"id":"application-manageresources-display-component---newResourceUnit--PLANNING_GROUP","interaction":{"idSuffix":"inner"}},"wdio_ui5_key":"applicationmanageresources-display-component---newResourceUnit--PLANNING_GROUP"}]}
COMMAND: GET /session/0ffaedec2ff4d329b9cb85ca897a1301/screenshot - {}
RESULT: {"script":"<script> [1562 bytes]","args":[{"selector":{"id":"application-manageresources-display-component---newResourceUnit--PLANNING_GROUP","interaction":{"idSuffix":"inner"}},"wdio_ui5_key":"applicationmanageresources-display-component---newResourceUnit--PLANNING_GROUP"}]}
RESULT: undefined
COMMAND: POST /session/0ffaedec2ff4d329b9cb85ca897a1301/execute/async - {"script":"<script> [776 bytes]","args":[{"enterText":"Heavy Equi","selector":{"id":"application-manageresources-display-component---newResourceUnit--PLANNING_GROUP","interaction":{"idSuffix":"inner"}},"clearTextFirst":true,"interactionType":"ENTER_TEXT"}]}
RESULT: {}
RESULT: {"script":"<script> [776 bytes]","args":[{"enterText":"Heavy Equi","selector":{"id":"application-manageresources-display-component---newResourceUnit--PLANNING_GROUP","interaction":{"idSuffix":"inner"}},"clearTextFirst":true,"interactionType":"ENTER_TEXT"}]}
COMMAND: POST /session/0ffaedec2ff4d329b9cb85ca897a1301/execute/async - {"script":"<script> [1562 bytes]","args":[{"selector":{"id":"application-manageresources-display-component---newResourceUnit--ITEM_TYPE-arrow"},"wdio_ui5_key":"applicationmanageresources-display-component---newResourceUnit--ITEM_TYPE-arrow"}]}
RESULT: {"script":"<script> [1562 bytes]","args":[{"selector":{"id":"application-manageresources-display-component---newResourceUnit--ITEM_TYPE-arrow"},"wdio_ui5_key":"applicationmanageresources-display-component---newResourceUnit--ITEM_TYPE-arrow"}]}
RESULT: undefined
COMMAND: POST /session/0ffaedec2ff4d329b9cb85ca897a1301/element - {"using":"xpath","value":"//*[@id=\"application-manageresources-display-component---newResourceUnit--ITEM_TYPE-arrow\"]"}
RESULT: {"using":"xpath","value":"//*[@id=\"application-manageresources-display-component---newResourceUnit--ITEM_TYPE-arrow\"]"}
COMMAND: POST /session/0ffaedec2ff4d329b9cb85ca897a1301/element/f.9119AA68FED8A447B03A71089BFD3ED7.d.719F238F308CAFA6294E3EA04FC719EF.e.5002/click - {}
RESULT: {}
COMMAND: POST /session/0ffaedec2ff4d329b9cb85ca897a1301/element - {"using":"xpath","value":"(//span[contains(text(), \"Resource Unit\")])[2]"}
COMMAND: GET /session/0ffaedec2ff4d329b9cb85ca897a1301/screenshot - {}
RESULT: {"using":"xpath","value":"(//span[contains(text(), \"Resource Unit\")])[2]"}
COMMAND: POST /session/0ffaedec2ff4d329b9cb85ca897a1301/element/f.9119AA68FED8A447B03A71089BFD3ED7.d.719F238F308CAFA6294E3EA04FC719EF.e.5003/click - {}
RESULT: {}
RESULT: {}
COMMAND: GET /session/0ffaedec2ff4d329b9cb85ca897a1301/screenshot - {}
RESULT: {}
COMMAND: POST /session/0ffaedec2ff4d329b9cb85ca897a1301/element - {"using":"css selector","value":"#application-manageresources-display-component---newResourceUnit--btnAddTimeSegment"}
RESULT: {"using":"css selector","value":"#application-manageresources-display-component---newResourceUnit--btnAddTimeSegment"}
COMMAND: GET /session/0ffaedec2ff4d329b9cb85ca897a1301/element/f.9119AA68FED8A447B03A71089BFD3ED7.d.719F238F308CAFA6294E3EA04FC719EF.e.5010/rect - {}
RESULT: {}
COMMAND: GET /session/0ffaedec2ff4d329b9cb85ca897a1301/window/rect - {}
RESULT: {}
COMMAND: POST /session/0ffaedec2ff4d329b9cb85ca897a1301/execute/sync - {"script":"<script> [92 bytes]","args":[]}
RESULT: {"script":"<script> [92 bytes]","args":[]}
COMMAND: POST /session/0ffaedec2ff4d329b9cb85ca897a1301/actions - {"actions":[{"id":"action9","type":"wheel","parameters":{},"actions":[{"type":"scroll","x":-1888,"y":-32,"deltaX":0,"deltaY":0,"duration":0,"origin":{"element-6066-11e4-a52e-4f735466cecf":"f.9119AA68FED8A447B03A71089BFD3ED7.d.719F238F308CAFA6294E3EA04FC719EF.e.5010"}}]}]}
COMMAND: GET /session/0ffaedec2ff4d329b9cb85ca897a1301/screenshot - {}
RESULT: {}
COMMAND: POST /session/0ffaedec2ff4d329b9cb85ca897a1301/execute/sync - {"script":"<script> [79 bytes]","args":[{"element-6066-11e4-a52e-4f735466cecf":"f.9119AA68FED8A447B03A71089BFD3ED7.d.719F238F308CAFA6294E3EA04FC719EF.e.5010","ELEMENT":"f.9119AA68FED8A447B03A71089BFD3ED7.d.719F238F308CAFA6294E3EA04FC719EF.e.5010"},{"block":"start","inline":"nearest"}]}
RESULT: {"script":"<script> [79 bytes]","args":[{"element-6066-11e4-a52e-4f735466cecf":"f.9119AA68FED8A447B03A71089BFD3ED7.d.719F238F308CAFA6294E3EA04FC719EF.e.5010","ELEMENT":"f.9119AA68FED8A447B03A71089BFD3ED7.d.719F238F308CAFA6294E3EA04FC719EF.e.5010"},{"block":"start","inline":"nearest"}]}
COMMAND: POST /session/0ffaedec2ff4d329b9cb85ca897a1301/execute/async - {"script":"<script> [1562 bytes]","args":[{"selector":{"id":"application-manageresources-display-component---newResourceUnit--btnAddTimeSegment","interaction":{"idSuffix":"inner"}},"wdio_ui5_key":"applicationmanageresources-display-component---newResourceUnit--btnAddTimeSegment"}]}
COMMAND: GET /session/0ffaedec2ff4d329b9cb85ca897a1301/screenshot - {}
RESULT: {"script":"<script> [1562 bytes]","args":[{"selector":{"id":"application-manageresources-display-component---newResourceUnit--btnAddTimeSegment","interaction":{"idSuffix":"inner"}},"wdio_ui5_key":"applicationmanageresources-display-component---newResourceUnit--btnAddTimeSegment"}]}
RESULT: undefined
COMMAND: POST /session/0ffaedec2ff4d329b9cb85ca897a1301/element - {"using":"xpath","value":"//*[@id=\"application-manageresources-display-component---newResourceUnit--btnAddTimeSegment\"]"}
RESULT: {}
RESULT: {"using":"xpath","value":"//*[@id=\"application-manageresources-display-component---newResourceUnit--btnAddTimeSegment\"]"}
COMMAND: POST /session/0ffaedec2ff4d329b9cb85ca897a1301/element/f.9119AA68FED8A447B03A71089BFD3ED7.d.719F238F308CAFA6294E3EA04FC719EF.e.5010/click - {}
RESULT: {}
COMMAND: GET /session/0ffaedec2ff4d329b9cb85ca897a1301/screenshot - {}
RESULT: {}
COMMAND: POST /session/0ffaedec2ff4d329b9cb85ca897a1301/element - {"using":"xpath","value":"//input[@id=\"application-manageresources-display-component---newResourceUnit--idRuTSAdmin-application-manageresources-display-component---newResourceUnit--RUTimeSegment-0-inner\"]"}
RESULT: {"using":"xpath","value":"//input[@id=\"application-manageresources-display-component---newResourceUnit--idRuTSAdmin-application-manageresources-display-component---newResourceUnit--RUTimeSegment-0-inner\"]"}
COMMAND: POST /session/0ffaedec2ff4d329b9cb85ca897a1301/element/f.9119AA68FED8A447B03A71089BFD3ED7.d.719F238F308CAFA6294E3EA04FC719EF.e.5016/clear - {}
RESULT: {}
COMMAND: POST /session/0ffaedec2ff4d329b9cb85ca897a1301/element/f.9119AA68FED8A447B03A71089BFD3ED7.d.719F238F308CAFA6294E3EA04FC719EF.e.5016/value - {"text":"344"}
COMMAND: GET /session/0ffaedec2ff4d329b9cb85ca897a1301/screenshot - {}
RESULT: {"text":"344"}
COMMAND: GET /session/0ffaedec2ff4d329b9cb85ca897a1301/screenshot - {}
RESULT: {}
RESULT: {}
COMMAND: POST /session/0ffaedec2ff4d329b9cb85ca897a1301/element - {"using":"xpath","value":"//li[.//span[text()='344']]"}
RESULT: {"using":"xpath","value":"//li[.//span[text()='344']]"}
COMMAND: POST /session/0ffaedec2ff4d329b9cb85ca897a1301/element/f.9119AA68FED8A447B03A71089BFD3ED7.d.719F238F308CAFA6294E3EA04FC719EF.e.5028/click - {}
RESULT: {}
COMMAND: GET /session/0ffaedec2ff4d329b9cb85ca897a1301/screenshot - {}
RESULT: {}
COMMAND: POST /session/0ffaedec2ff4d329b9cb85ca897a1301/element - {"using":"xpath","value":"(//span[contains(@id, \"-application-manageresources-display-component---newResourceUnit--RUTimeSegment-0-arrow\")])[6]"}
RESULT: {"using":"xpath","value":"(//span[contains(@id, \"-application-manageresources-display-component---newResourceUnit--RUTimeSegment-0-arrow\")])[6]"}
COMMAND: POST /session/0ffaedec2ff4d329b9cb85ca897a1301/element/f.9119AA68FED8A447B03A71089BFD3ED7.d.719F238F308CAFA6294E3EA04FC719EF.e.5029/click - {}
RESULT: {}
COMMAND: GET /session/0ffaedec2ff4d329b9cb85ca897a1301/screenshot - {}
RESULT: {}
COMMAND: POST /session/0ffaedec2ff4d329b9cb85ca897a1301/element - {"using":"xpath","value":"//span[contains(text(), \"PM Order\")]"}
RESULT: {"using":"xpath","value":"//span[contains(text(), \"PM Order\")]"}
COMMAND: POST /session/0ffaedec2ff4d329b9cb85ca897a1301/element/f.9119AA68FED8A447B03A71089BFD3ED7.d.719F238F308CAFA6294E3EA04FC719EF.e.5032/click - {}
RESULT: {}
COMMAND: GET /session/0ffaedec2ff4d329b9cb85ca897a1301/screenshot - {}
RESULT: {}
COMMAND: POST /session/0ffaedec2ff4d329b9cb85ca897a1301/element - {"using":"xpath","value":"(//span[contains(@id ,\"manageresources-display-component---newResourceUnit--RUTimeSegment-0-vhi\")])[1]"}
RESULT: {"using":"xpath","value":"(//span[contains(@id ,\"manageresources-display-component---newResourceUnit--RUTimeSegment-0-vhi\")])[1]"}
COMMAND: GET /session/0ffaedec2ff4d329b9cb85ca897a1301/element/f.9119AA68FED8A447B03A71089BFD3ED7.d.719F238F308CAFA6294E3EA04FC719EF.e.5036/rect - {}
RESULT: {}
COMMAND: GET /session/0ffaedec2ff4d329b9cb85ca897a1301/window/rect - {}
RESULT: {}
COMMAND: POST /session/0ffaedec2ff4d329b9cb85ca897a1301/execute/sync - {"script":"<script> [92 bytes]","args":[]}
RESULT: {"script":"<script> [92 bytes]","args":[]}
COMMAND: POST /session/0ffaedec2ff4d329b9cb85ca897a1301/actions - {"actions":[{"id":"action10","type":"wheel","parameters":{},"actions":[{"type":"scroll","x":-869,"y":-24,"deltaX":0,"deltaY":0,"duration":0,"origin":{"element-6066-11e4-a52e-4f735466cecf":"f.9119AA68FED8A447B03A71089BFD3ED7.d.719F238F308CAFA6294E3EA04FC719EF.e.5036"}}]}]}
COMMAND: GET /session/0ffaedec2ff4d329b9cb85ca897a1301/screenshot - {}
RESULT: {"actions":[{"id":"action10","type":"wheel","parameters":{},"actions":[{"type":"scroll","x":-869,"y":-24,"deltaX":0,"deltaY":0,"duration":0,"origin":{"element-6066-11e4-a52e-4f735466cecf":"f.9119AA68FED8A447B03A71089BFD3ED7.d.719F238F308CAFA6294E3EA04FC719EF.e.5036"}}]}]}
COMMAND: DELETE /session/0ffaedec2ff4d329b9cb85ca897a1301/actions - {}
COMMAND: GET /session/0ffaedec2ff4d329b9cb85ca897a1301/screenshot - {}
RESULT: {}
RESULT: {}
COMMAND: GET /session/0ffaedec2ff4d329b9cb85ca897a1301/screenshot - {}
RESULT: {}
RESULT: {}
COMMAND: POST /session/0ffaedec2ff4d329b9cb85ca897a1301/element/f.9119AA68FED8A447B03A71089BFD3ED7.d.719F238F308CAFA6294E3EA04FC719EF.e.5036/click - {}
RESULT: {}
COMMAND: GET /session/0ffaedec2ff4d329b9cb85ca897a1301/screenshot - {}
RESULT: {}
RESULT: undefined
COMMAND: POST /session/0ffaedec2ff4d329b9cb85ca897a1301/execute/async - {"script":"<script> [776 bytes]","args":[{"enterText":"4000360","selector":{"controlType":"sap.m.SearchField","properties":{"placeholder":"Search"},"searchOpenDialogs":true,"interaction":{"idSuffix":"I"}},"clearTextFirst":true,"interactionType":"ENTER_TEXT"}]}
RESULT: {"script":"<script> [776 bytes]","args":[{"enterText":"4000360","selector":{"controlType":"sap.m.SearchField","properties":{"placeholder":"Search"},"searchOpenDialogs":true,"interaction":{"idSuffix":"I"}},"clearTextFirst":true,"interactionType":"ENTER_TEXT"}]}
COMMAND: POST /session/0ffaedec2ff4d329b9cb85ca897a1301/actions - {"actions":[{"id":"action11","type":"key","parameters":{},"actions":[{"type":"keyDown","value":""},{"type":"pause","duration":10},{"type":"keyUp","value":""}]}]}
RESULT: {"actions":[{"id":"action11","type":"key","parameters":{},"actions":[{"type":"keyDown","value":""},{"type":"pause","duration":10},{"type":"keyUp","value":""}]}]}
COMMAND: GET /session/0ffaedec2ff4d329b9cb85ca897a1301/screenshot - {}
RESULT: {}
COMMAND: POST /session/0ffaedec2ff4d329b9cb85ca897a1301/element - {"using":"xpath","value":"//td/div/span[contains(text(), \"BGL Vehicles\")]"}
RESULT: {"using":"xpath","value":"//td/div/span[contains(text(), \"BGL Vehicles\")]"}
COMMAND: POST /session/0ffaedec2ff4d329b9cb85ca897a1301/element/f.9119AA68FED8A447B03A71089BFD3ED7.d.719F238F308CAFA6294E3EA04FC719EF.e.5056/click - {}
RESULT: {}
COMMAND: GET /session/0ffaedec2ff4d329b9cb85ca897a1301/screenshot - {}
RESULT: {}
COMMAND: POST /session/0ffaedec2ff4d329b9cb85ca897a1301/element - {"using":"xpath","value":"//bdi[contains(text(), \"OK\")]"}
RESULT: {"using":"xpath","value":"//bdi[contains(text(), \"OK\")]"}
COMMAND: POST /session/0ffaedec2ff4d329b9cb85ca897a1301/element/f.9119AA68FED8A447B03A71089BFD3ED7.d.719F238F308CAFA6294E3EA04FC719EF.e.5057/click - {}
RESULT: {}
COMMAND: GET /session/0ffaedec2ff4d329b9cb85ca897a1301/screenshot - {}
RESULT: {}
COMMAND: POST /session/0ffaedec2ff4d329b9cb85ca897a1301/execute/async - {"script":"<script> [1562 bytes]","args":[{"selector":{"id":"application-manageresources-display-component---newResourceUnit--newRRUPage-anchBar-application-manageresources-display-component---newResourceUnit--resource-anchor","interaction":{"idSuffix":"BDI-content"}},"wdio_ui5_key":"applicationmanageresources-display-component---newResourceUnit--newRRUPage-anchBar-application-manageresources-display-component---newResourceUnit--resource-anchor"}]}
RESULT: {"script":"<script> [1562 bytes]","args":[{"selector":{"id":"application-manageresources-display-component---newResourceUnit--newRRUPage-anchBar-application-manageresources-display-component---newResourceUnit--resource-anchor","interaction":{"idSuffix":"BDI-content"}},"wdio_ui5_key":"applicationmanageresources-display-component---newResourceUnit--newRRUPage-anchBar-application-manageresources-display-component---newResourceUnit--resource-anchor"}]}
RESULT: undefined
COMMAND: POST /session/0ffaedec2ff4d329b9cb85ca897a1301/element - {"using":"xpath","value":"//*[@id=\"application-manageresources-display-component---newResourceUnit--newRRUPage-anchBar-application-manageresources-display-component---newResourceUnit--resource-anchor\"]"}
RESULT: {"using":"xpath","value":"//*[@id=\"application-manageresources-display-component---newResourceUnit--newRRUPage-anchBar-application-manageresources-display-component---newResourceUnit--resource-anchor\"]"}
COMMAND: POST /session/0ffaedec2ff4d329b9cb85ca897a1301/element/f.9119AA68FED8A447B03A71089BFD3ED7.d.719F238F308CAFA6294E3EA04FC719EF.e.5061/click - {}
RESULT: {}
COMMAND: POST /session/0ffaedec2ff4d329b9cb85ca897a1301/execute/async - {"script":"<script> [1562 bytes]","args":[{"selector":{"id":"application-manageresources-display-component---newResourceUnit--PLANNED_DELIVERY_DATE","interaction":{"idSuffix":"inner"}},"wdio_ui5_key":"applicationmanageresources-display-component---newResourceUnit--PLANNED_DELIVERY_DATE"}]}
COMMAND: GET /session/0ffaedec2ff4d329b9cb85ca897a1301/screenshot - {}
RESULT: {"script":"<script> [1562 bytes]","args":[{"selector":{"id":"application-manageresources-display-component---newResourceUnit--PLANNED_DELIVERY_DATE","interaction":{"idSuffix":"inner"}},"wdio_ui5_key":"applicationmanageresources-display-component---newResourceUnit--PLANNED_DELIVERY_DATE"}]}
RESULT: undefined
COMMAND: POST /session/0ffaedec2ff4d329b9cb85ca897a1301/execute/async - {"script":"<script> [6424 bytes]","args":[{"element-6066-11e4-a52e-4f735466cecf":"f.9119AA68FED8A447B03A71089BFD3ED7.d.719F238F308CAFA6294E3EA04FC719EF.e.4894"},"setValue",["5/26/25"]]}
RESULT: {}
RESULT: {"script":"<script> [6424 bytes]","args":[{"element-6066-11e4-a52e-4f735466cecf":"f.9119AA68FED8A447B03A71089BFD3ED7.d.719F238F308CAFA6294E3EA04FC719EF.e.4894"},"setValue",["5/26/25"]]}
COMMAND: POST /session/0ffaedec2ff4d329b9cb85ca897a1301/element - {"using":"xpath","value":"//label[contains(@class, 'sapMLabelRequired') and .//bdi[contains(text(), 'Planned Retirement')]]"}
RESULT: {"using":"xpath","value":"//label[contains(@class, 'sapMLabelRequired') and .//bdi[contains(text(), 'Planned Retirement')]]"}
COMMAND: POST /session/0ffaedec2ff4d329b9cb85ca897a1301/elements - {"using":"xpath","value":"//label[contains(@class, 'sapMLabelRequired') and .//bdi[contains(text(), 'Planned Retirement')]]"}
RESULT: {"using":"xpath","value":"//label[contains(@class, 'sapMLabelRequired') and .//bdi[contains(text(), 'Planned Retirement')]]"}
COMMAND: POST /session/0ffaedec2ff4d329b9cb85ca897a1301/element - {"using":"xpath","value":"//button[@data-kt=\"resourceUnitSaveButton\"]"}
RESULT: {"using":"xpath","value":"//button[@data-kt=\"resourceUnitSaveButton\"]"}
COMMAND: POST /session/0ffaedec2ff4d329b9cb85ca897a1301/element/f.9119AA68FED8A447B03A71089BFD3ED7.d.719F238F308CAFA6294E3EA04FC719EF.e.4854/click - {}
RESULT: {}
COMMAND: GET /session/0ffaedec2ff4d329b9cb85ca897a1301/screenshot - {}
RESULT: {}
COMMAND: POST /session/0ffaedec2ff4d329b9cb85ca897a1301/element - {"using":"xpath","value":"//bdi[contains(text(), \"Close\")]"}
RESULT: {"using":"xpath","value":"//bdi[contains(text(), \"Close\")]"}
COMMAND: POST /session/0ffaedec2ff4d329b9cb85ca897a1301/element/f.9119AA68FED8A447B03A71089BFD3ED7.d.719F238F308CAFA6294E3EA04FC719EF.e.5071/click - {}
RESULT: {}
COMMAND: GET /session/0ffaedec2ff4d329b9cb85ca897a1301/screenshot - {}
RESULT: {}
COMMAND: POST /session/0ffaedec2ff4d329b9cb85ca897a1301/element - {"using":"xpath","value":"(//button[contains(@id ,\"actionsToolbar-overflowButton\")])[1]"}
RESULT: {"using":"xpath","value":"(//button[contains(@id ,\"actionsToolbar-overflowButton\")])[1]"}
COMMAND: POST /session/0ffaedec2ff4d329b9cb85ca897a1301/element/f.9119AA68FED8A447B03A71089BFD3ED7.d.719F238F308CAFA6294E3EA04FC719EF.e.5137/click - {}
RESULT: {}
COMMAND: GET /session/0ffaedec2ff4d329b9cb85ca897a1301/screenshot - {}
RESULT: {}
COMMAND: POST /session/0ffaedec2ff4d329b9cb85ca897a1301/element - {"using":"xpath","value":"//button[@data-kt=\"priceInfoButton\"]"}
RESULT: {"using":"xpath","value":"//button[@data-kt=\"priceInfoButton\"]"}
COMMAND: POST /session/0ffaedec2ff4d329b9cb85ca897a1301/element/f.9119AA68FED8A447B03A71089BFD3ED7.d.719F238F308CAFA6294E3EA04FC719EF.e.5139/click - {}
RESULT: {}
COMMAND: GET /session/0ffaedec2ff4d329b9cb85ca897a1301/screenshot - {}
RESULT: {}
]]></system-out>
    </testcase>
    <testcase classname="chrome.136_0_7103_93.windows.Billing_Transfer_-_Master_data_&amp;_Intercompany_US127250" name="Should create new pricing rule TB on the equipment TB" time="52.871">
      <system-out><![CDATA[
COMMAND: POST /session/0ffaedec2ff4d329b9cb85ca897a1301/element - {"using":"xpath","value":"//button[@data-kt=\"addButton\"]"}
RESULT: {"using":"xpath","value":"//button[@data-kt=\"addButton\"]"}
COMMAND: POST /session/0ffaedec2ff4d329b9cb85ca897a1301/elements - {"using":"xpath","value":"//button[@data-kt=\"addButton\"]"}
RESULT: {"using":"xpath","value":"//button[@data-kt=\"addButton\"]"}
COMMAND: POST /session/0ffaedec2ff4d329b9cb85ca897a1301/elements - {"using":"xpath","value":"//button[@data-kt=\"addButton\"]"}
RESULT: {"using":"xpath","value":"//button[@data-kt=\"addButton\"]"}
COMMAND: POST /session/0ffaedec2ff4d329b9cb85ca897a1301/element - {"using":"xpath","value":"//button[@data-kt=\"addButton\"]"}
RESULT: {"using":"xpath","value":"//button[@data-kt=\"addButton\"]"}
COMMAND: POST /session/0ffaedec2ff4d329b9cb85ca897a1301/execute/sync - {"script":"<script> [8489 bytes]","args":[{"element-6066-11e4-a52e-4f735466cecf":"f.9119AA68FED8A447B03A71089BFD3ED7.d.719F238F308CAFA6294E3EA04FC719EF.e.5175","ELEMENT":"f.9119AA68FED8A447B03A71089BFD3ED7.d.719F238F308CAFA6294E3EA04FC719EF.e.5175"}]}
RESULT: {"script":"<script> [8489 bytes]","args":[{"element-6066-11e4-a52e-4f735466cecf":"f.9119AA68FED8A447B03A71089BFD3ED7.d.719F238F308CAFA6294E3EA04FC719EF.e.5175","ELEMENT":"f.9119AA68FED8A447B03A71089BFD3ED7.d.719F238F308CAFA6294E3EA04FC719EF.e.5175"}]}
COMMAND: GET /session/0ffaedec2ff4d329b9cb85ca897a1301/element/f.9119AA68FED8A447B03A71089BFD3ED7.d.719F238F308CAFA6294E3EA04FC719EF.e.5175/enabled - {}
COMMAND: GET /session/0ffaedec2ff4d329b9cb85ca897a1301/screenshot - {}
RESULT: {}
RESULT: {}
COMMAND: POST /session/0ffaedec2ff4d329b9cb85ca897a1301/execute/sync - {"script":"<script> [8489 bytes]","args":[{"element-6066-11e4-a52e-4f735466cecf":"f.9119AA68FED8A447B03A71089BFD3ED7.d.719F238F308CAFA6294E3EA04FC719EF.e.5175","ELEMENT":"f.9119AA68FED8A447B03A71089BFD3ED7.d.719F238F308CAFA6294E3EA04FC719EF.e.5175"}]}
COMMAND: GET /session/0ffaedec2ff4d329b9cb85ca897a1301/screenshot - {}
RESULT: {"script":"<script> [8489 bytes]","args":[{"element-6066-11e4-a52e-4f735466cecf":"f.9119AA68FED8A447B03A71089BFD3ED7.d.719F238F308CAFA6294E3EA04FC719EF.e.5175","ELEMENT":"f.9119AA68FED8A447B03A71089BFD3ED7.d.719F238F308CAFA6294E3EA04FC719EF.e.5175"}]}
COMMAND: POST /session/0ffaedec2ff4d329b9cb85ca897a1301/execute/sync - {"script":"<script> [5351 bytes]","args":[{"element-6066-11e4-a52e-4f735466cecf":"f.9119AA68FED8A447B03A71089BFD3ED7.d.719F238F308CAFA6294E3EA04FC719EF.e.5175","ELEMENT":"f.9119AA68FED8A447B03A71089BFD3ED7.d.719F238F308CAFA6294E3EA04FC719EF.e.5175"}]}
COMMAND: GET /session/0ffaedec2ff4d329b9cb85ca897a1301/screenshot - {}
RESULT: {}
RESULT: {"script":"<script> [5351 bytes]","args":[{"element-6066-11e4-a52e-4f735466cecf":"f.9119AA68FED8A447B03A71089BFD3ED7.d.719F238F308CAFA6294E3EA04FC719EF.e.5175","ELEMENT":"f.9119AA68FED8A447B03A71089BFD3ED7.d.719F238F308CAFA6294E3EA04FC719EF.e.5175"}]}
COMMAND: POST /session/0ffaedec2ff4d329b9cb85ca897a1301/element/f.9119AA68FED8A447B03A71089BFD3ED7.d.719F238F308CAFA6294E3EA04FC719EF.e.5175/click - {}
COMMAND: GET /session/0ffaedec2ff4d329b9cb85ca897a1301/screenshot - {}
RESULT: {}
RESULT: {}
COMMAND: GET /session/0ffaedec2ff4d329b9cb85ca897a1301/screenshot - {}
RESULT: {}
RESULT: {}
COMMAND: POST /session/0ffaedec2ff4d329b9cb85ca897a1301/execute/async - {"script":"<script> [1562 bytes]","args":[{"selector":{"controlType":"sap.m.Title","viewName":"etm.portal.ui.managepricingrules.view.NewItem","viewId":"application-managepricingrules-display-component---newInfoPriceItem","properties":{"text":"New Pricing Rules - Item Level"}},"wdio_ui5_key":"etmportal.ui.managepricingrules.view.NewItemsap.m.Title{\"text\":\"New Pricing Rules - Item Level\"}"}]}
RESULT: {"script":"<script> [1562 bytes]","args":[{"selector":{"controlType":"sap.m.Title","viewName":"etm.portal.ui.managepricingrules.view.NewItem","viewId":"application-managepricingrules-display-component---newInfoPriceItem","properties":{"text":"New Pricing Rules - Item Level"}},"wdio_ui5_key":"etmportal.ui.managepricingrules.view.NewItemsap.m.Title{\"text\":\"New Pricing Rules - Item Level\"}"}]}
RESULT: undefined
COMMAND: POST /session/0ffaedec2ff4d329b9cb85ca897a1301/execute/async - {"script":"<script> [6424 bytes]","args":[{"element-6066-11e4-a52e-4f735466cecf":"f.9119AA68FED8A447B03A71089BFD3ED7.d.719F238F308CAFA6294E3EA04FC719EF.e.5345"},"getText",[]]}
RESULT: {"script":"<script> [6424 bytes]","args":[{"element-6066-11e4-a52e-4f735466cecf":"f.9119AA68FED8A447B03A71089BFD3ED7.d.719F238F308CAFA6294E3EA04FC719EF.e.5345"},"getText",[]]}
COMMAND: POST /session/0ffaedec2ff4d329b9cb85ca897a1301/execute/async - {"script":"<script> [1562 bytes]","args":[{"selector":{"id":"application-managepricingrules-display-component---newInfoPriceItem--condValidTo","interaction":{"idSuffix":"inner"}},"wdio_ui5_key":"applicationmanagepricingrules-display-component---newInfoPriceItem--condValidTo"}]}
RESULT: {"script":"<script> [1562 bytes]","args":[{"selector":{"id":"application-managepricingrules-display-component---newInfoPriceItem--condValidTo","interaction":{"idSuffix":"inner"}},"wdio_ui5_key":"applicationmanagepricingrules-display-component---newInfoPriceItem--condValidTo"}]}
RESULT: undefined
COMMAND: POST /session/0ffaedec2ff4d329b9cb85ca897a1301/execute/async - {"script":"<script> [776 bytes]","args":[{"enterText":"1/26/26","selector":{"id":"application-managepricingrules-display-component---newInfoPriceItem--condValidTo","interaction":{"idSuffix":"inner"}},"clearTextFirst":true,"interactionType":"ENTER_TEXT"}]}
RESULT: {"script":"<script> [776 bytes]","args":[{"enterText":"1/26/26","selector":{"id":"application-managepricingrules-display-component---newInfoPriceItem--condValidTo","interaction":{"idSuffix":"inner"}},"clearTextFirst":true,"interactionType":"ENTER_TEXT"}]}
COMMAND: POST /session/0ffaedec2ff4d329b9cb85ca897a1301/execute/async - {"script":"<script> [1562 bytes]","args":[{"selector":{"id":"application-managepricingrules-display-component---newInfoPriceItem--billType-arrow"},"wdio_ui5_key":"applicationmanagepricingrules-display-component---newInfoPriceItem--billType-arrow"}]}
RESULT: {"script":"<script> [1562 bytes]","args":[{"selector":{"id":"application-managepricingrules-display-component---newInfoPriceItem--billType-arrow"},"wdio_ui5_key":"applicationmanagepricingrules-display-component---newInfoPriceItem--billType-arrow"}]}
RESULT: undefined
COMMAND: POST /session/0ffaedec2ff4d329b9cb85ca897a1301/element - {"using":"xpath","value":"//*[@id=\"application-managepricingrules-display-component---newInfoPriceItem--billType-arrow\"]"}
RESULT: {"using":"xpath","value":"//*[@id=\"application-managepricingrules-display-component---newInfoPriceItem--billType-arrow\"]"}
COMMAND: POST /session/0ffaedec2ff4d329b9cb85ca897a1301/element/f.9119AA68FED8A447B03A71089BFD3ED7.d.719F238F308CAFA6294E3EA04FC719EF.e.5305/click - {}
RESULT: {}
COMMAND: POST /session/0ffaedec2ff4d329b9cb85ca897a1301/element - {"using":"xpath","value":"//span[contains(text(), \"TB - Time based\")]"}
COMMAND: GET /session/0ffaedec2ff4d329b9cb85ca897a1301/screenshot - {}
RESULT: {"using":"xpath","value":"//span[contains(text(), \"TB - Time based\")]"}
COMMAND: POST /session/0ffaedec2ff4d329b9cb85ca897a1301/element/f.9119AA68FED8A447B03A71089BFD3ED7.d.719F238F308CAFA6294E3EA04FC719EF.e.5347/click - {}
RESULT: {}
RESULT: {}
COMMAND: POST /session/0ffaedec2ff4d329b9cb85ca897a1301/execute/async - {"script":"<script> [1562 bytes]","args":[{"selector":{"id":"application-managepricingrules-display-component---newInfoPriceItem--priceProc-arrow"},"wdio_ui5_key":"applicationmanagepricingrules-display-component---newInfoPriceItem--priceProc-arrow"}]}
COMMAND: GET /session/0ffaedec2ff4d329b9cb85ca897a1301/screenshot - {}
RESULT: {"script":"<script> [1562 bytes]","args":[{"selector":{"id":"application-managepricingrules-display-component---newInfoPriceItem--priceProc-arrow"},"wdio_ui5_key":"applicationmanagepricingrules-display-component---newInfoPriceItem--priceProc-arrow"}]}
RESULT: undefined
COMMAND: POST /session/0ffaedec2ff4d329b9cb85ca897a1301/element - {"using":"xpath","value":"//*[@id=\"application-managepricingrules-display-component---newInfoPriceItem--priceProc-arrow\"]"}
RESULT: {}
RESULT: {"using":"xpath","value":"//*[@id=\"application-managepricingrules-display-component---newInfoPriceItem--priceProc-arrow\"]"}
COMMAND: POST /session/0ffaedec2ff4d329b9cb85ca897a1301/element/f.9119AA68FED8A447B03A71089BFD3ED7.d.719F238F308CAFA6294E3EA04FC719EF.e.5312/click - {}
RESULT: {}
COMMAND: POST /session/0ffaedec2ff4d329b9cb85ca897a1301/element - {"using":"xpath","value":"//span[contains(text(), \"TBS - Time based standard\")]"}
COMMAND: GET /session/0ffaedec2ff4d329b9cb85ca897a1301/screenshot - {}
RESULT: {"using":"xpath","value":"//span[contains(text(), \"TBS - Time based standard\")]"}
COMMAND: POST /session/0ffaedec2ff4d329b9cb85ca897a1301/element/f.9119AA68FED8A447B03A71089BFD3ED7.d.719F238F308CAFA6294E3EA04FC719EF.e.5348/click - {}
RESULT: {}
RESULT: {}
COMMAND: POST /session/0ffaedec2ff4d329b9cb85ca897a1301/execute/async - {"script":"<script> [1562 bytes]","args":[{"selector":{"id":"application-managepricingrules-display-component---newInfoPriceItem--calcBase-arrow"},"wdio_ui5_key":"applicationmanagepricingrules-display-component---newInfoPriceItem--calcBase-arrow"}]}
COMMAND: GET /session/0ffaedec2ff4d329b9cb85ca897a1301/screenshot - {}
RESULT: {"script":"<script> [1562 bytes]","args":[{"selector":{"id":"application-managepricingrules-display-component---newInfoPriceItem--calcBase-arrow"},"wdio_ui5_key":"applicationmanagepricingrules-display-component---newInfoPriceItem--calcBase-arrow"}]}
RESULT: undefined
COMMAND: POST /session/0ffaedec2ff4d329b9cb85ca897a1301/element - {"using":"xpath","value":"//*[@id=\"application-managepricingrules-display-component---newInfoPriceItem--calcBase-arrow\"]"}
RESULT: {}
RESULT: {"using":"xpath","value":"//*[@id=\"application-managepricingrules-display-component---newInfoPriceItem--calcBase-arrow\"]"}
COMMAND: POST /session/0ffaedec2ff4d329b9cb85ca897a1301/element/f.9119AA68FED8A447B03A71089BFD3ED7.d.719F238F308CAFA6294E3EA04FC719EF.e.5319/click - {}
RESULT: {}
COMMAND: GET /session/0ffaedec2ff4d329b9cb85ca897a1301/screenshot - {}
RESULT: {}
COMMAND: POST /session/0ffaedec2ff4d329b9cb85ca897a1301/element - {"using":"xpath","value":"//span[contains(text(), \"0006 - TB(calendar days)\")]"}
RESULT: {"using":"xpath","value":"//span[contains(text(), \"0006 - TB(calendar days)\")]"}
COMMAND: POST /session/0ffaedec2ff4d329b9cb85ca897a1301/element/f.9119AA68FED8A447B03A71089BFD3ED7.d.719F238F308CAFA6294E3EA04FC719EF.e.5349/click - {}
RESULT: {}
COMMAND: GET /session/0ffaedec2ff4d329b9cb85ca897a1301/screenshot - {}
RESULT: {}
COMMAND: POST /session/0ffaedec2ff4d329b9cb85ca897a1301/execute/async - {"script":"<script> [1562 bytes]","args":[{"selector":{"id":"application-managepricingrules-display-component---newInfoPriceItem--daysMonth","interaction":{"idSuffix":"inner"}},"wdio_ui5_key":"applicationmanagepricingrules-display-component---newInfoPriceItem--daysMonth"}]}
RESULT: {"script":"<script> [1562 bytes]","args":[{"selector":{"id":"application-managepricingrules-display-component---newInfoPriceItem--daysMonth","interaction":{"idSuffix":"inner"}},"wdio_ui5_key":"applicationmanagepricingrules-display-component---newInfoPriceItem--daysMonth"}]}
RESULT: undefined
COMMAND: POST /session/0ffaedec2ff4d329b9cb85ca897a1301/execute/async - {"script":"<script> [776 bytes]","args":[{"enterText":"30","selector":{"id":"application-managepricingrules-display-component---newInfoPriceItem--daysMonth","interaction":{"idSuffix":"inner"}},"clearTextFirst":true,"interactionType":"ENTER_TEXT"}]}
RESULT: {"script":"<script> [776 bytes]","args":[{"enterText":"30","selector":{"id":"application-managepricingrules-display-component---newInfoPriceItem--daysMonth","interaction":{"idSuffix":"inner"}},"clearTextFirst":true,"interactionType":"ENTER_TEXT"}]}
COMMAND: POST /session/0ffaedec2ff4d329b9cb85ca897a1301/element - {"using":"xpath","value":"//button[@data-kt=\"saveNewRuleButton\"]"}
RESULT: {"using":"xpath","value":"//button[@data-kt=\"saveNewRuleButton\"]"}
COMMAND: POST /session/0ffaedec2ff4d329b9cb85ca897a1301/element/f.9119AA68FED8A447B03A71089BFD3ED7.d.719F238F308CAFA6294E3EA04FC719EF.e.5339/click - {}
RESULT: {}
COMMAND: GET /session/0ffaedec2ff4d329b9cb85ca897a1301/screenshot - {}
RESULT: {}
COMMAND: POST /session/0ffaedec2ff4d329b9cb85ca897a1301/execute/async - {"script":"<script> [1562 bytes]","args":[{"selector":{"id":"application-managepricingrules-display-component---priceInfoItem--smartFilterBar-btnBasicSearch","interaction":{"idSuffix":"I"}},"wdio_ui5_key":"applicationmanagepricingrules-display-component---priceInfoItem--smartFilterBar-btnBasicSearch"}]}
RESULT: {"script":"<script> [1562 bytes]","args":[{"selector":{"id":"application-managepricingrules-display-component---priceInfoItem--smartFilterBar-btnBasicSearch","interaction":{"idSuffix":"I"}},"wdio_ui5_key":"applicationmanagepricingrules-display-component---priceInfoItem--smartFilterBar-btnBasicSearch"}]}
RESULT: undefined
COMMAND: POST /session/0ffaedec2ff4d329b9cb85ca897a1301/execute/async - {"script":"<script> [776 bytes]","args":[{"enterText":"LlB6e2Cvp3","selector":{"id":"application-managepricingrules-display-component---priceInfoItem--smartFilterBar-btnBasicSearch","interaction":{"idSuffix":"I"}},"clearTextFirst":true,"interactionType":"ENTER_TEXT"}]}
RESULT: {"script":"<script> [776 bytes]","args":[{"enterText":"LlB6e2Cvp3","selector":{"id":"application-managepricingrules-display-component---priceInfoItem--smartFilterBar-btnBasicSearch","interaction":{"idSuffix":"I"}},"clearTextFirst":true,"interactionType":"ENTER_TEXT"}]}
COMMAND: POST /session/0ffaedec2ff4d329b9cb85ca897a1301/actions - {"actions":[{"id":"action12","type":"key","parameters":{},"actions":[{"type":"keyDown","value":""},{"type":"pause","duration":10},{"type":"keyUp","value":""}]}]}
RESULT: {"actions":[{"id":"action12","type":"key","parameters":{},"actions":[{"type":"keyDown","value":""},{"type":"pause","duration":10},{"type":"keyUp","value":""}]}]}
COMMAND: GET /session/0ffaedec2ff4d329b9cb85ca897a1301/screenshot - {}
RESULT: {}
COMMAND: POST /session/0ffaedec2ff4d329b9cb85ca897a1301/element - {"using":"xpath","value":"//span[@id=\"application-managepricingrules-display-component---priceInfoItem--smartTable-header-inner\"]"}
RESULT: {"using":"xpath","value":"//span[@id=\"application-managepricingrules-display-component---priceInfoItem--smartTable-header-inner\"]"}
COMMAND: POST /session/0ffaedec2ff4d329b9cb85ca897a1301/elements - {"using":"xpath","value":"//span[@id=\"application-managepricingrules-display-component---priceInfoItem--smartTable-header-inner\"]"}
RESULT: {"using":"xpath","value":"//span[@id=\"application-managepricingrules-display-component---priceInfoItem--smartTable-header-inner\"]"}
COMMAND: POST /session/0ffaedec2ff4d329b9cb85ca897a1301/execute/sync - {"script":"<script> [56 bytes]","args":[{"element-6066-11e4-a52e-4f735466cecf":"f.9119AA68FED8A447B03A71089BFD3ED7.d.719F238F308CAFA6294E3EA04FC719EF.e.5363","ELEMENT":"f.9119AA68FED8A447B03A71089BFD3ED7.d.719F238F308CAFA6294E3EA04FC719EF.e.5363"}]}
RESULT: {"script":"<script> [56 bytes]","args":[{"element-6066-11e4-a52e-4f735466cecf":"f.9119AA68FED8A447B03A71089BFD3ED7.d.719F238F308CAFA6294E3EA04FC719EF.e.5363","ELEMENT":"f.9119AA68FED8A447B03A71089BFD3ED7.d.719F238F308CAFA6294E3EA04FC719EF.e.5363"}]}
COMMAND: POST /session/0ffaedec2ff4d329b9cb85ca897a1301/element - {"using":"css selector","value":"#shell-header-logo"}
COMMAND: GET /session/0ffaedec2ff4d329b9cb85ca897a1301/screenshot - {}
RESULT: {"using":"css selector","value":"#shell-header-logo"}
COMMAND: POST /session/0ffaedec2ff4d329b9cb85ca897a1301/element/f.9119AA68FED8A447B03A71089BFD3ED7.d.719F238F308CAFA6294E3EA04FC719EF.e.4445/click - {}
RESULT: {}
RESULT: {}
COMMAND: GET /session/0ffaedec2ff4d329b9cb85ca897a1301/screenshot - {}
RESULT: {}
]]></system-out>
    </testcase>
    <testcase classname="chrome.136_0_7103_93.windows.Billing_Transfer_-_Master_data_&amp;_Intercompany_US127250" name="Should create new condition for equipment TB" time="64.72">
      <system-out><![CDATA[
COMMAND: POST /session/0ffaedec2ff4d329b9cb85ca897a1301/execute/async - {"script":"<script> [1562 bytes]","args":[{"selector":{"controlType":"sap.m.GenericTile","properties":{"header":"Manage Conditions & Prices"}},"wdio_ui5_key":"sapm.GenericTile{\"header\":\"Manage Conditions & Prices\"}"}]}
RESULT: {"script":"<script> [1562 bytes]","args":[{"selector":{"controlType":"sap.m.GenericTile","properties":{"header":"Manage Conditions & Prices"}},"wdio_ui5_key":"sapm.GenericTile{\"header\":\"Manage Conditions & Prices\"}"}]}
RESULT: undefined
COMMAND: POST /session/0ffaedec2ff4d329b9cb85ca897a1301/element - {"using":"xpath","value":"//*[@id=\"__tile53\"]"}
RESULT: {"using":"xpath","value":"//*[@id=\"__tile53\"]"}
COMMAND: POST /session/0ffaedec2ff4d329b9cb85ca897a1301/element/f.9119AA68FED8A447B03A71089BFD3ED7.d.719F238F308CAFA6294E3EA04FC719EF.e.2143/click - {}
RESULT: {}
COMMAND: GET /session/0ffaedec2ff4d329b9cb85ca897a1301/screenshot - {}
RESULT: {}
COMMAND: POST /session/0ffaedec2ff4d329b9cb85ca897a1301/elements - {"using":"xpath","value":"//span[text()='Error']"}
RESULT: {"using":"xpath","value":"//span[text()='Error']"}
COMMAND: POST /session/0ffaedec2ff4d329b9cb85ca897a1301/element - {"using":"xpath","value":"//button[@aria-label=\"Create\"]"}
RESULT: {"using":"xpath","value":"//button[@aria-label=\"Create\"]"}
COMMAND: POST /session/0ffaedec2ff4d329b9cb85ca897a1301/elements - {"using":"xpath","value":"//button[@aria-label=\"Create\"]"}
RESULT: {"using":"xpath","value":"//button[@aria-label=\"Create\"]"}
COMMAND: POST /session/0ffaedec2ff4d329b9cb85ca897a1301/execute/sync - {"script":"<script> [8489 bytes]","args":[{"element-6066-11e4-a52e-4f735466cecf":"f.9119AA68FED8A447B03A71089BFD3ED7.d.719F238F308CAFA6294E3EA04FC719EF.e.5398","ELEMENT":"f.9119AA68FED8A447B03A71089BFD3ED7.d.719F238F308CAFA6294E3EA04FC719EF.e.5398"}]}
RESULT: {"script":"<script> [8489 bytes]","args":[{"element-6066-11e4-a52e-4f735466cecf":"f.9119AA68FED8A447B03A71089BFD3ED7.d.719F238F308CAFA6294E3EA04FC719EF.e.5398","ELEMENT":"f.9119AA68FED8A447B03A71089BFD3ED7.d.719F238F308CAFA6294E3EA04FC719EF.e.5398"}]}
COMMAND: GET /session/0ffaedec2ff4d329b9cb85ca897a1301/element/f.9119AA68FED8A447B03A71089BFD3ED7.d.719F238F308CAFA6294E3EA04FC719EF.e.5398/enabled - {}
COMMAND: GET /session/0ffaedec2ff4d329b9cb85ca897a1301/screenshot - {}
RESULT: {}
COMMAND: POST /session/0ffaedec2ff4d329b9cb85ca897a1301/execute/sync - {"script":"<script> [8489 bytes]","args":[{"element-6066-11e4-a52e-4f735466cecf":"f.9119AA68FED8A447B03A71089BFD3ED7.d.719F238F308CAFA6294E3EA04FC719EF.e.5398","ELEMENT":"f.9119AA68FED8A447B03A71089BFD3ED7.d.719F238F308CAFA6294E3EA04FC719EF.e.5398"}]}
COMMAND: GET /session/0ffaedec2ff4d329b9cb85ca897a1301/screenshot - {}
RESULT: {}
RESULT: {"script":"<script> [8489 bytes]","args":[{"element-6066-11e4-a52e-4f735466cecf":"f.9119AA68FED8A447B03A71089BFD3ED7.d.719F238F308CAFA6294E3EA04FC719EF.e.5398","ELEMENT":"f.9119AA68FED8A447B03A71089BFD3ED7.d.719F238F308CAFA6294E3EA04FC719EF.e.5398"}]}
COMMAND: POST /session/0ffaedec2ff4d329b9cb85ca897a1301/execute/sync - {"script":"<script> [5351 bytes]","args":[{"element-6066-11e4-a52e-4f735466cecf":"f.9119AA68FED8A447B03A71089BFD3ED7.d.719F238F308CAFA6294E3EA04FC719EF.e.5398","ELEMENT":"f.9119AA68FED8A447B03A71089BFD3ED7.d.719F238F308CAFA6294E3EA04FC719EF.e.5398"}]}
COMMAND: GET /session/0ffaedec2ff4d329b9cb85ca897a1301/screenshot - {}
RESULT: {}
RESULT: {"script":"<script> [5351 bytes]","args":[{"element-6066-11e4-a52e-4f735466cecf":"f.9119AA68FED8A447B03A71089BFD3ED7.d.719F238F308CAFA6294E3EA04FC719EF.e.5398","ELEMENT":"f.9119AA68FED8A447B03A71089BFD3ED7.d.719F238F308CAFA6294E3EA04FC719EF.e.5398"}]}
COMMAND: POST /session/0ffaedec2ff4d329b9cb85ca897a1301/element/f.9119AA68FED8A447B03A71089BFD3ED7.d.719F238F308CAFA6294E3EA04FC719EF.e.5398/click - {}
COMMAND: GET /session/0ffaedec2ff4d329b9cb85ca897a1301/screenshot - {}
RESULT: {}
RESULT: {}
COMMAND: GET /session/0ffaedec2ff4d329b9cb85ca897a1301/screenshot - {}
RESULT: {}
RESULT: {}
COMMAND: POST /session/0ffaedec2ff4d329b9cb85ca897a1301/actions - {"actions":[{"id":"action13","type":"key","parameters":{},"actions":[{"type":"keyDown","value":""},{"type":"pause","duration":10},{"type":"keyUp","value":""}]}]}
RESULT: {"actions":[{"id":"action13","type":"key","parameters":{},"actions":[{"type":"keyDown","value":""},{"type":"pause","duration":10},{"type":"keyUp","value":""}]}]}
COMMAND: GET /session/0ffaedec2ff4d329b9cb85ca897a1301/screenshot - {}
RESULT: {}
COMMAND: POST /session/0ffaedec2ff4d329b9cb85ca897a1301/execute/async - {"script":"<script> [1562 bytes]","args":[{"selector":{"id":"application-manageconditionprice-display-component---newCondition--condBillCond-arrow"},"wdio_ui5_key":"applicationmanageconditionprice-display-component---newCondition--condBillCond-arrow"}]}
RESULT: {"script":"<script> [1562 bytes]","args":[{"selector":{"id":"application-manageconditionprice-display-component---newCondition--condBillCond-arrow"},"wdio_ui5_key":"applicationmanageconditionprice-display-component---newCondition--condBillCond-arrow"}]}
RESULT: undefined
COMMAND: POST /session/0ffaedec2ff4d329b9cb85ca897a1301/element - {"using":"xpath","value":"//*[@id=\"application-manageconditionprice-display-component---newCondition--condBillCond-arrow\"]"}
RESULT: {"using":"xpath","value":"//*[@id=\"application-manageconditionprice-display-component---newCondition--condBillCond-arrow\"]"}
COMMAND: POST /session/0ffaedec2ff4d329b9cb85ca897a1301/element/f.9119AA68FED8A447B03A71089BFD3ED7.d.719F238F308CAFA6294E3EA04FC719EF.e.5576/click - {}
RESULT: {}
COMMAND: GET /session/0ffaedec2ff4d329b9cb85ca897a1301/screenshot - {}
RESULT: {}
COMMAND: POST /session/0ffaedec2ff4d329b9cb85ca897a1301/element - {"using":"xpath","value":"//li[.//span[contains(text(), \"DISP - D&I special price\")]]"}
RESULT: {"using":"xpath","value":"//li[.//span[contains(text(), \"DISP - D&I special price\")]]"}
COMMAND: POST /session/0ffaedec2ff4d329b9cb85ca897a1301/element/f.9119AA68FED8A447B03A71089BFD3ED7.d.719F238F308CAFA6294E3EA04FC719EF.e.5580/click - {}
RESULT: {}
COMMAND: GET /session/0ffaedec2ff4d329b9cb85ca897a1301/screenshot - {}
RESULT: {}
COMMAND: POST /session/0ffaedec2ff4d329b9cb85ca897a1301/execute/async - {"script":"<script> [1562 bytes]","args":[{"selector":{"id":"application-manageconditionprice-display-component---newCondition--condValidTo","interaction":{"idSuffix":"inner"}},"wdio_ui5_key":"applicationmanageconditionprice-display-component---newCondition--condValidTo"}]}
RESULT: {"script":"<script> [1562 bytes]","args":[{"selector":{"id":"application-manageconditionprice-display-component---newCondition--condValidTo","interaction":{"idSuffix":"inner"}},"wdio_ui5_key":"applicationmanageconditionprice-display-component---newCondition--condValidTo"}]}
RESULT: undefined
COMMAND: POST /session/0ffaedec2ff4d329b9cb85ca897a1301/execute/async - {"script":"<script> [776 bytes]","args":[{"enterText":"1/26/26","selector":{"id":"application-manageconditionprice-display-component---newCondition--condValidTo","interaction":{"idSuffix":"inner"}},"clearTextFirst":true,"interactionType":"ENTER_TEXT"}]}
RESULT: {"script":"<script> [776 bytes]","args":[{"enterText":"1/26/26","selector":{"id":"application-manageconditionprice-display-component---newCondition--condValidTo","interaction":{"idSuffix":"inner"}},"clearTextFirst":true,"interactionType":"ENTER_TEXT"}]}
COMMAND: POST /session/0ffaedec2ff4d329b9cb85ca897a1301/element - {"using":"xpath","value":"//input[@id=\"application-manageconditionprice-display-component---newCondition--condRU-inner\"]"}
RESULT: {"using":"xpath","value":"//input[@id=\"application-manageconditionprice-display-component---newCondition--condRU-inner\"]"}
COMMAND: POST /session/0ffaedec2ff4d329b9cb85ca897a1301/element/f.9119AA68FED8A447B03A71089BFD3ED7.d.719F238F308CAFA6294E3EA04FC719EF.e.5414/clear - {}
RESULT: {}
COMMAND: POST /session/0ffaedec2ff4d329b9cb85ca897a1301/element/f.9119AA68FED8A447B03A71089BFD3ED7.d.719F238F308CAFA6294E3EA04FC719EF.e.5414/value - {"text":"LlB6e2Cvp3"}
COMMAND: GET /session/0ffaedec2ff4d329b9cb85ca897a1301/screenshot - {}
RESULT: {"text":"LlB6e2Cvp3"}
COMMAND: GET /session/0ffaedec2ff4d329b9cb85ca897a1301/screenshot - {}
RESULT: {}
RESULT: {}
COMMAND: POST /session/0ffaedec2ff4d329b9cb85ca897a1301/actions - {"actions":[{"id":"action14","type":"key","parameters":{},"actions":[{"type":"keyDown","value":""},{"type":"pause","duration":10},{"type":"keyUp","value":""}]}]}
RESULT: {"actions":[{"id":"action14","type":"key","parameters":{},"actions":[{"type":"keyDown","value":""},{"type":"pause","duration":10},{"type":"keyUp","value":""}]}]}
COMMAND: POST /session/0ffaedec2ff4d329b9cb85ca897a1301/execute/async - {"script":"<script> [1562 bytes]","args":[{"selector":{"id":"application-manageconditionprice-display-component---newCondition--condBaseQty","interaction":{"idSuffix":"inner"}},"wdio_ui5_key":"applicationmanageconditionprice-display-component---newCondition--condBaseQty"}]}
COMMAND: GET /session/0ffaedec2ff4d329b9cb85ca897a1301/screenshot - {}
RESULT: {"script":"<script> [1562 bytes]","args":[{"selector":{"id":"application-manageconditionprice-display-component---newCondition--condBaseQty","interaction":{"idSuffix":"inner"}},"wdio_ui5_key":"applicationmanageconditionprice-display-component---newCondition--condBaseQty"}]}
RESULT: undefined
COMMAND: POST /session/0ffaedec2ff4d329b9cb85ca897a1301/execute/async - {"script":"<script> [776 bytes]","args":[{"enterText":"1","selector":{"id":"application-manageconditionprice-display-component---newCondition--condBaseQty","interaction":{"idSuffix":"inner"}},"clearTextFirst":true,"interactionType":"ENTER_TEXT"}]}
RESULT: {}
RESULT: {"script":"<script> [776 bytes]","args":[{"enterText":"1","selector":{"id":"application-manageconditionprice-display-component---newCondition--condBaseQty","interaction":{"idSuffix":"inner"}},"clearTextFirst":true,"interactionType":"ENTER_TEXT"}]}
COMMAND: POST /session/0ffaedec2ff4d329b9cb85ca897a1301/execute/async - {"script":"<script> [1562 bytes]","args":[{"selector":{"id":"application-manageconditionprice-display-component---newCondition--condValue","interaction":{"idSuffix":"inner"}},"wdio_ui5_key":"applicationmanageconditionprice-display-component---newCondition--condValue"}]}
RESULT: {"script":"<script> [1562 bytes]","args":[{"selector":{"id":"application-manageconditionprice-display-component---newCondition--condValue","interaction":{"idSuffix":"inner"}},"wdio_ui5_key":"applicationmanageconditionprice-display-component---newCondition--condValue"}]}
RESULT: undefined
COMMAND: POST /session/0ffaedec2ff4d329b9cb85ca897a1301/execute/async - {"script":"<script> [776 bytes]","args":[{"enterText":"100","selector":{"id":"application-manageconditionprice-display-component---newCondition--condValue","interaction":{"idSuffix":"inner"}},"clearTextFirst":true,"interactionType":"ENTER_TEXT"}]}
RESULT: {"script":"<script> [776 bytes]","args":[{"enterText":"100","selector":{"id":"application-manageconditionprice-display-component---newCondition--condValue","interaction":{"idSuffix":"inner"}},"clearTextFirst":true,"interactionType":"ENTER_TEXT"}]}
COMMAND: POST /session/0ffaedec2ff4d329b9cb85ca897a1301/execute/async - {"script":"<script> [1562 bytes]","args":[{"selector":{"id":"application-manageconditionprice-display-component---newCondition--condCurr-arrow"},"wdio_ui5_key":"applicationmanageconditionprice-display-component---newCondition--condCurr-arrow"}]}
RESULT: {"script":"<script> [1562 bytes]","args":[{"selector":{"id":"application-manageconditionprice-display-component---newCondition--condCurr-arrow"},"wdio_ui5_key":"applicationmanageconditionprice-display-component---newCondition--condCurr-arrow"}]}
RESULT: undefined
COMMAND: POST /session/0ffaedec2ff4d329b9cb85ca897a1301/element - {"using":"xpath","value":"//*[@id=\"application-manageconditionprice-display-component---newCondition--condCurr-arrow\"]"}
RESULT: {"using":"xpath","value":"//*[@id=\"application-manageconditionprice-display-component---newCondition--condCurr-arrow\"]"}
COMMAND: POST /session/0ffaedec2ff4d329b9cb85ca897a1301/element/f.9119AA68FED8A447B03A71089BFD3ED7.d.719F238F308CAFA6294E3EA04FC719EF.e.5561/click - {}
RESULT: {}
COMMAND: POST /session/0ffaedec2ff4d329b9cb85ca897a1301/element - {"using":"xpath","value":"//span[contains(text(), \"Euro\")]"}
COMMAND: GET /session/0ffaedec2ff4d329b9cb85ca897a1301/screenshot - {}
RESULT: {"using":"xpath","value":"//span[contains(text(), \"Euro\")]"}
COMMAND: POST /session/0ffaedec2ff4d329b9cb85ca897a1301/element/f.9119AA68FED8A447B03A71089BFD3ED7.d.719F238F308CAFA6294E3EA04FC719EF.e.5617/click - {}
RESULT: {}
RESULT: {}
COMMAND: POST /session/0ffaedec2ff4d329b9cb85ca897a1301/element - {"using":"xpath","value":"//button[@data-kt=\"saveButton\"]"}
COMMAND: GET /session/0ffaedec2ff4d329b9cb85ca897a1301/screenshot - {}
RESULT: {"using":"xpath","value":"//button[@data-kt=\"saveButton\"]"}
COMMAND: POST /session/0ffaedec2ff4d329b9cb85ca897a1301/element/f.9119AA68FED8A447B03A71089BFD3ED7.d.719F238F308CAFA6294E3EA04FC719EF.e.5562/click - {}
RESULT: {}
RESULT: {}
COMMAND: GET /session/0ffaedec2ff4d329b9cb85ca897a1301/screenshot - {}
RESULT: {}
COMMAND: POST /session/0ffaedec2ff4d329b9cb85ca897a1301/execute/async - {"script":"<script> [1562 bytes]","args":[{"selector":{"id":"application-manageconditionprice-display-component---conditions--smartFilterBar-btnBasicSearch","interaction":{"idSuffix":"I"}},"wdio_ui5_key":"applicationmanageconditionprice-display-component---conditions--smartFilterBar-btnBasicSearch"}]}
RESULT: {"script":"<script> [1562 bytes]","args":[{"selector":{"id":"application-manageconditionprice-display-component---conditions--smartFilterBar-btnBasicSearch","interaction":{"idSuffix":"I"}},"wdio_ui5_key":"applicationmanageconditionprice-display-component---conditions--smartFilterBar-btnBasicSearch"}]}
RESULT: undefined
COMMAND: POST /session/0ffaedec2ff4d329b9cb85ca897a1301/execute/async - {"script":"<script> [776 bytes]","args":[{"enterText":"LlB6e2Cvp3","selector":{"id":"application-manageconditionprice-display-component---conditions--smartFilterBar-btnBasicSearch","interaction":{"idSuffix":"I"}},"clearTextFirst":true,"interactionType":"ENTER_TEXT"}]}
RESULT: {"script":"<script> [776 bytes]","args":[{"enterText":"LlB6e2Cvp3","selector":{"id":"application-manageconditionprice-display-component---conditions--smartFilterBar-btnBasicSearch","interaction":{"idSuffix":"I"}},"clearTextFirst":true,"interactionType":"ENTER_TEXT"}]}
COMMAND: POST /session/0ffaedec2ff4d329b9cb85ca897a1301/actions - {"actions":[{"id":"action15","type":"key","parameters":{},"actions":[{"type":"keyDown","value":""},{"type":"pause","duration":10},{"type":"keyUp","value":""}]}]}
RESULT: {"actions":[{"id":"action15","type":"key","parameters":{},"actions":[{"type":"keyDown","value":""},{"type":"pause","duration":10},{"type":"keyUp","value":""}]}]}
COMMAND: GET /session/0ffaedec2ff4d329b9cb85ca897a1301/screenshot - {}
RESULT: {}
COMMAND: POST /session/0ffaedec2ff4d329b9cb85ca897a1301/execute/async - {"script":"<script> [1562 bytes]","args":[{"selector":{"id":"application-manageconditionprice-display-component---conditions--smartFilterBar-filterItemControl_BASIC-BILL_TYPES-vhi"},"wdio_ui5_key":"applicationmanageconditionprice-display-component---conditions--smartFilterBar-filterItemControl_BASIC-BILL_TYPES-vhi"}]}
RESULT: {"script":"<script> [1562 bytes]","args":[{"selector":{"id":"application-manageconditionprice-display-component---conditions--smartFilterBar-filterItemControl_BASIC-BILL_TYPES-vhi"},"wdio_ui5_key":"applicationmanageconditionprice-display-component---conditions--smartFilterBar-filterItemControl_BASIC-BILL_TYPES-vhi"}]}
RESULT: undefined
COMMAND: POST /session/0ffaedec2ff4d329b9cb85ca897a1301/element - {"using":"xpath","value":"//*[@id=\"application-manageconditionprice-display-component---conditions--smartFilterBar-filterItemControl_BASIC-BILL_TYPES-vhi\"]"}
RESULT: {"using":"xpath","value":"//*[@id=\"application-manageconditionprice-display-component---conditions--smartFilterBar-filterItemControl_BASIC-BILL_TYPES-vhi\"]"}
COMMAND: POST /session/0ffaedec2ff4d329b9cb85ca897a1301/element/f.9119AA68FED8A447B03A71089BFD3ED7.d.719F238F308CAFA6294E3EA04FC719EF.e.5634/click - {}
RESULT: {}
COMMAND: POST /session/0ffaedec2ff4d329b9cb85ca897a1301/execute/async - {"script":"<script> [1562 bytes]","args":[{"selector":{"id":"application-manageconditionprice-display-component---conditions--smartFilterBar-filterItemControl_BASIC-BILL_TYPES-valueHelpDialog-smartFilterBar-btnBasicSearch","searchOpenDialogs":true,"interaction":{"idSuffix":"I"}},"wdio_ui5_key":"applicationmanageconditionprice-display-component---conditions--smartFilterBar-filterItemControl_BASIC-BILL_TYPES-valueHelpDialog-smartFilterBar-btnBasicSearch"}]}
COMMAND: GET /session/0ffaedec2ff4d329b9cb85ca897a1301/screenshot - {}
RESULT: {"script":"<script> [1562 bytes]","args":[{"selector":{"id":"application-manageconditionprice-display-component---conditions--smartFilterBar-filterItemControl_BASIC-BILL_TYPES-valueHelpDialog-smartFilterBar-btnBasicSearch","searchOpenDialogs":true,"interaction":{"idSuffix":"I"}},"wdio_ui5_key":"applicationmanageconditionprice-display-component---conditions--smartFilterBar-filterItemControl_BASIC-BILL_TYPES-valueHelpDialog-smartFilterBar-btnBasicSearch"}]}
RESULT: undefined
COMMAND: POST /session/0ffaedec2ff4d329b9cb85ca897a1301/execute/async - {"script":"<script> [776 bytes]","args":[{"enterText":"TB","selector":{"id":"application-manageconditionprice-display-component---conditions--smartFilterBar-filterItemControl_BASIC-BILL_TYPES-valueHelpDialog-smartFilterBar-btnBasicSearch","searchOpenDialogs":true,"interaction":{"idSuffix":"I"}},"clearTextFirst":true,"interactionType":"ENTER_TEXT"}]}
RESULT: {}
RESULT: {"script":"<script> [776 bytes]","args":[{"enterText":"TB","selector":{"id":"application-manageconditionprice-display-component---conditions--smartFilterBar-filterItemControl_BASIC-BILL_TYPES-valueHelpDialog-smartFilterBar-btnBasicSearch","searchOpenDialogs":true,"interaction":{"idSuffix":"I"}},"clearTextFirst":true,"interactionType":"ENTER_TEXT"}]}
COMMAND: POST /session/0ffaedec2ff4d329b9cb85ca897a1301/actions - {"actions":[{"id":"action16","type":"key","parameters":{},"actions":[{"type":"keyDown","value":""},{"type":"pause","duration":10},{"type":"keyUp","value":""}]}]}
RESULT: {"actions":[{"id":"action16","type":"key","parameters":{},"actions":[{"type":"keyDown","value":""},{"type":"pause","duration":10},{"type":"keyUp","value":""}]}]}
COMMAND: GET /session/0ffaedec2ff4d329b9cb85ca897a1301/screenshot - {}
RESULT: {}
COMMAND: POST /session/0ffaedec2ff4d329b9cb85ca897a1301/element - {"using":"xpath","value":"//div[contains(@id, 'application-manageconditionprice-display-component---conditions--smartFilterBar-filterItemControl_BASIC-BILL_TYPES-valueHelpDialog-table-rowsel0')]"}
RESULT: {"using":"xpath","value":"//div[contains(@id, 'application-manageconditionprice-display-component---conditions--smartFilterBar-filterItemControl_BASIC-BILL_TYPES-valueHelpDialog-table-rowsel0')]"}
COMMAND: POST /session/0ffaedec2ff4d329b9cb85ca897a1301/element/f.9119AA68FED8A447B03A71089BFD3ED7.d.719F238F308CAFA6294E3EA04FC719EF.e.5643/click - {}
RESULT: {}
COMMAND: GET /session/0ffaedec2ff4d329b9cb85ca897a1301/screenshot - {}
RESULT: {}
COMMAND: POST /session/0ffaedec2ff4d329b9cb85ca897a1301/element - {"using":"xpath","value":"//bdi[contains(text(), \"OK\")]"}
RESULT: {"using":"xpath","value":"//bdi[contains(text(), \"OK\")]"}
COMMAND: POST /session/0ffaedec2ff4d329b9cb85ca897a1301/element/f.9119AA68FED8A447B03A71089BFD3ED7.d.719F238F308CAFA6294E3EA04FC719EF.e.5645/click - {}
RESULT: {}
COMMAND: GET /session/0ffaedec2ff4d329b9cb85ca897a1301/screenshot - {}
RESULT: {}
COMMAND: POST /session/0ffaedec2ff4d329b9cb85ca897a1301/element - {"using":"xpath","value":"//span[@id=\"application-manageconditionprice-display-component---conditions--smartTable-header-inner\"]"}
RESULT: {"using":"xpath","value":"//span[@id=\"application-manageconditionprice-display-component---conditions--smartTable-header-inner\"]"}
COMMAND: POST /session/0ffaedec2ff4d329b9cb85ca897a1301/elements - {"using":"xpath","value":"//span[@id=\"application-manageconditionprice-display-component---conditions--smartTable-header-inner\"]"}
RESULT: {"using":"xpath","value":"//span[@id=\"application-manageconditionprice-display-component---conditions--smartTable-header-inner\"]"}
COMMAND: POST /session/0ffaedec2ff4d329b9cb85ca897a1301/execute/sync - {"script":"<script> [56 bytes]","args":[{"element-6066-11e4-a52e-4f735466cecf":"f.9119AA68FED8A447B03A71089BFD3ED7.d.719F238F308CAFA6294E3EA04FC719EF.e.5648","ELEMENT":"f.9119AA68FED8A447B03A71089BFD3ED7.d.719F238F308CAFA6294E3EA04FC719EF.e.5648"}]}
RESULT: {"script":"<script> [56 bytes]","args":[{"element-6066-11e4-a52e-4f735466cecf":"f.9119AA68FED8A447B03A71089BFD3ED7.d.719F238F308CAFA6294E3EA04FC719EF.e.5648","ELEMENT":"f.9119AA68FED8A447B03A71089BFD3ED7.d.719F238F308CAFA6294E3EA04FC719EF.e.5648"}]}
COMMAND: POST /session/0ffaedec2ff4d329b9cb85ca897a1301/element - {"using":"css selector","value":"#shell-header-logo"}
COMMAND: GET /session/0ffaedec2ff4d329b9cb85ca897a1301/screenshot - {}
RESULT: {"using":"css selector","value":"#shell-header-logo"}
COMMAND: POST /session/0ffaedec2ff4d329b9cb85ca897a1301/element/f.9119AA68FED8A447B03A71089BFD3ED7.d.719F238F308CAFA6294E3EA04FC719EF.e.5366/click - {}
RESULT: {}
RESULT: {}
COMMAND: GET /session/0ffaedec2ff4d329b9cb85ca897a1301/screenshot - {}
RESULT: {}
]]></system-out>
    </testcase>
    <testcase classname="chrome.136_0_7103_93.windows.Billing_Transfer_-_Master_data_&amp;_Intercompany_US127250" name="Should do a stock increase" time="87.294">
      <system-out><![CDATA[
COMMAND: POST /session/0ffaedec2ff4d329b9cb85ca897a1301/execute/async - {"script":"<script> [1562 bytes]","args":[{"selector":{"controlType":"sap.m.GenericTile","properties":{"header":"Manage Handovers"}},"wdio_ui5_key":"sapm.GenericTile{\"header\":\"Manage Handovers\"}"}]}
RESULT: {"script":"<script> [1562 bytes]","args":[{"selector":{"controlType":"sap.m.GenericTile","properties":{"header":"Manage Handovers"}},"wdio_ui5_key":"sapm.GenericTile{\"header\":\"Manage Handovers\"}"}]}
RESULT: undefined
COMMAND: POST /session/0ffaedec2ff4d329b9cb85ca897a1301/element - {"using":"xpath","value":"//*[@id=\"__tile133\"]"}
RESULT: {"using":"xpath","value":"//*[@id=\"__tile133\"]"}
COMMAND: POST /session/0ffaedec2ff4d329b9cb85ca897a1301/element/f.9119AA68FED8A447B03A71089BFD3ED7.d.719F238F308CAFA6294E3EA04FC719EF.e.2183/click - {}
RESULT: {}
COMMAND: GET /session/0ffaedec2ff4d329b9cb85ca897a1301/screenshot - {}
RESULT: {}
COMMAND: POST /session/0ffaedec2ff4d329b9cb85ca897a1301/elements - {"using":"xpath","value":"//span[text()='Error']"}
RESULT: {"using":"xpath","value":"//span[text()='Error']"}
COMMAND: POST /session/0ffaedec2ff4d329b9cb85ca897a1301/element - {"using":"xpath","value":"//button[@data-kt=\"masterHOAddButton\"]"}
RESULT: {"using":"xpath","value":"//button[@data-kt=\"masterHOAddButton\"]"}
COMMAND: POST /session/0ffaedec2ff4d329b9cb85ca897a1301/elements - {"using":"xpath","value":"//button[@data-kt=\"masterHOAddButton\"]"}
RESULT: {"using":"xpath","value":"//button[@data-kt=\"masterHOAddButton\"]"}
COMMAND: POST /session/0ffaedec2ff4d329b9cb85ca897a1301/elements - {"using":"xpath","value":"//button[@data-kt=\"masterHOAddButton\"]"}
RESULT: {"using":"xpath","value":"//button[@data-kt=\"masterHOAddButton\"]"}
COMMAND: POST /session/0ffaedec2ff4d329b9cb85ca897a1301/element - {"using":"xpath","value":"//button[@data-kt=\"masterHOAddButton\"]"}
RESULT: {"using":"xpath","value":"//button[@data-kt=\"masterHOAddButton\"]"}
COMMAND: POST /session/0ffaedec2ff4d329b9cb85ca897a1301/execute/sync - {"script":"<script> [8489 bytes]","args":[{"element-6066-11e4-a52e-4f735466cecf":"f.9119AA68FED8A447B03A71089BFD3ED7.d.719F238F308CAFA6294E3EA04FC719EF.e.5679","ELEMENT":"f.9119AA68FED8A447B03A71089BFD3ED7.d.719F238F308CAFA6294E3EA04FC719EF.e.5679"}]}
RESULT: {"script":"<script> [8489 bytes]","args":[{"element-6066-11e4-a52e-4f735466cecf":"f.9119AA68FED8A447B03A71089BFD3ED7.d.719F238F308CAFA6294E3EA04FC719EF.e.5679","ELEMENT":"f.9119AA68FED8A447B03A71089BFD3ED7.d.719F238F308CAFA6294E3EA04FC719EF.e.5679"}]}
COMMAND: GET /session/0ffaedec2ff4d329b9cb85ca897a1301/element/f.9119AA68FED8A447B03A71089BFD3ED7.d.719F238F308CAFA6294E3EA04FC719EF.e.5679/enabled - {}
COMMAND: GET /session/0ffaedec2ff4d329b9cb85ca897a1301/screenshot - {}
RESULT: {}
COMMAND: POST /session/0ffaedec2ff4d329b9cb85ca897a1301/execute/sync - {"script":"<script> [8489 bytes]","args":[{"element-6066-11e4-a52e-4f735466cecf":"f.9119AA68FED8A447B03A71089BFD3ED7.d.719F238F308CAFA6294E3EA04FC719EF.e.5679","ELEMENT":"f.9119AA68FED8A447B03A71089BFD3ED7.d.719F238F308CAFA6294E3EA04FC719EF.e.5679"}]}
COMMAND: GET /session/0ffaedec2ff4d329b9cb85ca897a1301/screenshot - {}
RESULT: {}
RESULT: {"script":"<script> [8489 bytes]","args":[{"element-6066-11e4-a52e-4f735466cecf":"f.9119AA68FED8A447B03A71089BFD3ED7.d.719F238F308CAFA6294E3EA04FC719EF.e.5679","ELEMENT":"f.9119AA68FED8A447B03A71089BFD3ED7.d.719F238F308CAFA6294E3EA04FC719EF.e.5679"}]}
COMMAND: POST /session/0ffaedec2ff4d329b9cb85ca897a1301/execute/sync - {"script":"<script> [5351 bytes]","args":[{"element-6066-11e4-a52e-4f735466cecf":"f.9119AA68FED8A447B03A71089BFD3ED7.d.719F238F308CAFA6294E3EA04FC719EF.e.5679","ELEMENT":"f.9119AA68FED8A447B03A71089BFD3ED7.d.719F238F308CAFA6294E3EA04FC719EF.e.5679"}]}
COMMAND: GET /session/0ffaedec2ff4d329b9cb85ca897a1301/screenshot - {}
RESULT: {}
RESULT: {"script":"<script> [5351 bytes]","args":[{"element-6066-11e4-a52e-4f735466cecf":"f.9119AA68FED8A447B03A71089BFD3ED7.d.719F238F308CAFA6294E3EA04FC719EF.e.5679","ELEMENT":"f.9119AA68FED8A447B03A71089BFD3ED7.d.719F238F308CAFA6294E3EA04FC719EF.e.5679"}]}
COMMAND: POST /session/0ffaedec2ff4d329b9cb85ca897a1301/element/f.9119AA68FED8A447B03A71089BFD3ED7.d.719F238F308CAFA6294E3EA04FC719EF.e.5679/click - {}
COMMAND: GET /session/0ffaedec2ff4d329b9cb85ca897a1301/screenshot - {}
RESULT: {}
RESULT: {}
COMMAND: GET /session/0ffaedec2ff4d329b9cb85ca897a1301/screenshot - {}
RESULT: {}
COMMAND: POST /session/0ffaedec2ff4d329b9cb85ca897a1301/element - {"using":"xpath","value":"//span[contains(@id ,\"AddNewHO--typeSelect-arrow\")]"}
RESULT: {}
RESULT: {"using":"xpath","value":"//span[contains(@id ,\"AddNewHO--typeSelect-arrow\")]"}
COMMAND: POST /session/0ffaedec2ff4d329b9cb85ca897a1301/element/f.9119AA68FED8A447B03A71089BFD3ED7.d.719F238F308CAFA6294E3EA04FC719EF.e.6030/click - {}
RESULT: {}
COMMAND: GET /session/0ffaedec2ff4d329b9cb85ca897a1301/screenshot - {}
RESULT: {}
COMMAND: POST /session/0ffaedec2ff4d329b9cb85ca897a1301/element - {"using":"xpath","value":"(//li[contains(text(), \"stock increase yard\")])[1]"}
RESULT: {"using":"xpath","value":"(//li[contains(text(), \"stock increase yard\")])[1]"}
COMMAND: POST /session/0ffaedec2ff4d329b9cb85ca897a1301/element/f.9119AA68FED8A447B03A71089BFD3ED7.d.719F238F308CAFA6294E3EA04FC719EF.e.6031/click - {}
RESULT: {}
COMMAND: GET /session/0ffaedec2ff4d329b9cb85ca897a1301/screenshot - {}
RESULT: {}
COMMAND: POST /session/0ffaedec2ff4d329b9cb85ca897a1301/execute/async - {"script":"<script> [1562 bytes]","args":[{"selector":{"id":"application-managehandovers-display-component---AddNewHO--dueDate","interaction":{"idSuffix":"inner"}},"wdio_ui5_key":"applicationmanagehandovers-display-component---AddNewHO--dueDate"}]}
RESULT: {"script":"<script> [1562 bytes]","args":[{"selector":{"id":"application-managehandovers-display-component---AddNewHO--dueDate","interaction":{"idSuffix":"inner"}},"wdio_ui5_key":"applicationmanagehandovers-display-component---AddNewHO--dueDate"}]}
RESULT: undefined
COMMAND: POST /session/0ffaedec2ff4d329b9cb85ca897a1301/execute/async - {"script":"<script> [6424 bytes]","args":[{"element-6066-11e4-a52e-4f735466cecf":"f.9119AA68FED8A447B03A71089BFD3ED7.d.719F238F308CAFA6294E3EA04FC719EF.e.6033"},"setValue",["5/26/25"]]}
RESULT: {"script":"<script> [6424 bytes]","args":[{"element-6066-11e4-a52e-4f735466cecf":"f.9119AA68FED8A447B03A71089BFD3ED7.d.719F238F308CAFA6294E3EA04FC719EF.e.6033"},"setValue",["5/26/25"]]}
COMMAND: POST /session/0ffaedec2ff4d329b9cb85ca897a1301/element - {"using":"xpath","value":"//input[@id=\"generalSectionFrg--receiveYard-inner\"]"}
RESULT: {"using":"xpath","value":"//input[@id=\"generalSectionFrg--receiveYard-inner\"]"}
COMMAND: POST /session/0ffaedec2ff4d329b9cb85ca897a1301/element/f.9119AA68FED8A447B03A71089BFD3ED7.d.719F238F308CAFA6294E3EA04FC719EF.e.6039/clear - {}
RESULT: {}
COMMAND: POST /session/0ffaedec2ff4d329b9cb85ca897a1301/element/f.9119AA68FED8A447B03A71089BFD3ED7.d.719F238F308CAFA6294E3EA04FC719EF.e.6039/value - {"text":"344"}
COMMAND: GET /session/0ffaedec2ff4d329b9cb85ca897a1301/screenshot - {}
RESULT: {"text":"344"}
COMMAND: GET /session/0ffaedec2ff4d329b9cb85ca897a1301/screenshot - {}
RESULT: {}
RESULT: {}
COMMAND: POST /session/0ffaedec2ff4d329b9cb85ca897a1301/element - {"using":"xpath","value":"//li[.//span[text()='344']]"}
RESULT: {"using":"xpath","value":"//li[.//span[text()='344']]"}
COMMAND: POST /session/0ffaedec2ff4d329b9cb85ca897a1301/element/f.9119AA68FED8A447B03A71089BFD3ED7.d.719F238F308CAFA6294E3EA04FC719EF.e.6057/click - {}
RESULT: {}
COMMAND: GET /session/0ffaedec2ff4d329b9cb85ca897a1301/screenshot - {}
RESULT: {}
COMMAND: POST /session/0ffaedec2ff4d329b9cb85ca897a1301/execute/async - {"script":"<script> [1562 bytes]","args":[{"selector":{"id":"application-managehandovers-display-component---AddNewHO--ObjectPageLayout-anchBar-application-managehandovers-display-component---AddNewHO--section4-anchor","interaction":{"idSuffix":"BDI-content"}},"wdio_ui5_key":"applicationmanagehandovers-display-component---AddNewHO--ObjectPageLayout-anchBar-application-managehandovers-display-component---AddNewHO--section4-anchor"}]}
RESULT: {"script":"<script> [1562 bytes]","args":[{"selector":{"id":"application-managehandovers-display-component---AddNewHO--ObjectPageLayout-anchBar-application-managehandovers-display-component---AddNewHO--section4-anchor","interaction":{"idSuffix":"BDI-content"}},"wdio_ui5_key":"applicationmanagehandovers-display-component---AddNewHO--ObjectPageLayout-anchBar-application-managehandovers-display-component---AddNewHO--section4-anchor"}]}
RESULT: undefined
COMMAND: POST /session/0ffaedec2ff4d329b9cb85ca897a1301/element - {"using":"xpath","value":"//*[@id=\"application-managehandovers-display-component---AddNewHO--ObjectPageLayout-anchBar-application-managehandovers-display-component---AddNewHO--section4-anchor\"]"}
RESULT: {"using":"xpath","value":"//*[@id=\"application-managehandovers-display-component---AddNewHO--ObjectPageLayout-anchBar-application-managehandovers-display-component---AddNewHO--section4-anchor\"]"}
COMMAND: POST /session/0ffaedec2ff4d329b9cb85ca897a1301/element/f.9119AA68FED8A447B03A71089BFD3ED7.d.719F238F308CAFA6294E3EA04FC719EF.e.6059/click - {}
RESULT: {}
COMMAND: POST /session/0ffaedec2ff4d329b9cb85ca897a1301/element - {"using":"xpath","value":"//button[@aria-label=\"Add\"]"}
COMMAND: GET /session/0ffaedec2ff4d329b9cb85ca897a1301/screenshot - {}
RESULT: {"using":"xpath","value":"//button[@aria-label=\"Add\"]"}
COMMAND: POST /session/0ffaedec2ff4d329b9cb85ca897a1301/element/f.9119AA68FED8A447B03A71089BFD3ED7.d.719F238F308CAFA6294E3EA04FC719EF.e.6061/click - {}
RESULT: {}
RESULT: {}
COMMAND: GET /session/0ffaedec2ff4d329b9cb85ca897a1301/screenshot - {}
RESULT: {}
COMMAND: POST /session/0ffaedec2ff4d329b9cb85ca897a1301/execute/async - {"script":"<script> [1562 bytes]","args":[{"selector":{"id":"application-managehandovers-display-component---AddNewHO--smartFilterBar-btnBasicSearch","searchOpenDialogs":true,"interaction":{"idSuffix":"I"}},"wdio_ui5_key":"applicationmanagehandovers-display-component---AddNewHO--smartFilterBar-btnBasicSearch"}]}
RESULT: {"script":"<script> [1562 bytes]","args":[{"selector":{"id":"application-managehandovers-display-component---AddNewHO--smartFilterBar-btnBasicSearch","searchOpenDialogs":true,"interaction":{"idSuffix":"I"}},"wdio_ui5_key":"applicationmanagehandovers-display-component---AddNewHO--smartFilterBar-btnBasicSearch"}]}
RESULT: undefined
COMMAND: POST /session/0ffaedec2ff4d329b9cb85ca897a1301/execute/async - {"script":"<script> [776 bytes]","args":[{"enterText":"LlB6e2Cvp3","selector":{"id":"application-managehandovers-display-component---AddNewHO--smartFilterBar-btnBasicSearch","searchOpenDialogs":true,"interaction":{"idSuffix":"I"}},"clearTextFirst":true,"interactionType":"ENTER_TEXT"}]}
RESULT: {"script":"<script> [776 bytes]","args":[{"enterText":"LlB6e2Cvp3","selector":{"id":"application-managehandovers-display-component---AddNewHO--smartFilterBar-btnBasicSearch","searchOpenDialogs":true,"interaction":{"idSuffix":"I"}},"clearTextFirst":true,"interactionType":"ENTER_TEXT"}]}
COMMAND: POST /session/0ffaedec2ff4d329b9cb85ca897a1301/actions - {"actions":[{"id":"action17","type":"key","parameters":{},"actions":[{"type":"keyDown","value":""},{"type":"pause","duration":10},{"type":"keyUp","value":""}]}]}
RESULT: {"actions":[{"id":"action17","type":"key","parameters":{},"actions":[{"type":"keyDown","value":""},{"type":"pause","duration":10},{"type":"keyUp","value":""}]}]}
COMMAND: GET /session/0ffaedec2ff4d329b9cb85ca897a1301/screenshot - {}
RESULT: {}
COMMAND: POST /session/0ffaedec2ff4d329b9cb85ca897a1301/execute/async - {"script":"<script> [1562 bytes]","args":[{"selector":{"id":"application-managehandovers-display-component---AddNewHO--popup-sa","searchOpenDialogs":true,"interaction":{"idSuffix":"CbBg"}},"wdio_ui5_key":"applicationmanagehandovers-display-component---AddNewHO--popup-sa"}]}
RESULT: {"script":"<script> [1562 bytes]","args":[{"selector":{"id":"application-managehandovers-display-component---AddNewHO--popup-sa","searchOpenDialogs":true,"interaction":{"idSuffix":"CbBg"}},"wdio_ui5_key":"applicationmanagehandovers-display-component---AddNewHO--popup-sa"}]}
RESULT: undefined
COMMAND: POST /session/0ffaedec2ff4d329b9cb85ca897a1301/element - {"using":"xpath","value":"//*[@id=\"application-managehandovers-display-component---AddNewHO--popup-sa\"]"}
RESULT: {"using":"xpath","value":"//*[@id=\"application-managehandovers-display-component---AddNewHO--popup-sa\"]"}
COMMAND: POST /session/0ffaedec2ff4d329b9cb85ca897a1301/element/f.9119AA68FED8A447B03A71089BFD3ED7.d.719F238F308CAFA6294E3EA04FC719EF.e.6214/click - {}
RESULT: {}
COMMAND: GET /session/0ffaedec2ff4d329b9cb85ca897a1301/screenshot - {}
RESULT: {}
COMMAND: POST /session/0ffaedec2ff4d329b9cb85ca897a1301/element - {"using":"xpath","value":"//bdi[contains(text(), \"Select\")]"}
RESULT: {"using":"xpath","value":"//bdi[contains(text(), \"Select\")]"}
COMMAND: POST /session/0ffaedec2ff4d329b9cb85ca897a1301/element/f.9119AA68FED8A447B03A71089BFD3ED7.d.719F238F308CAFA6294E3EA04FC719EF.e.6215/click - {}
RESULT: {}
COMMAND: GET /session/0ffaedec2ff4d329b9cb85ca897a1301/screenshot - {}
RESULT: {}
COMMAND: POST /session/0ffaedec2ff4d329b9cb85ca897a1301/element - {"using":"xpath","value":"//button[@data-kt=\"AddNewHOSaveButton\"]"}
RESULT: {"using":"xpath","value":"//button[@data-kt=\"AddNewHOSaveButton\"]"}
COMMAND: POST /session/0ffaedec2ff4d329b9cb85ca897a1301/element/f.9119AA68FED8A447B03A71089BFD3ED7.d.719F238F308CAFA6294E3EA04FC719EF.e.6219/click - {}
RESULT: {}
COMMAND: GET /session/0ffaedec2ff4d329b9cb85ca897a1301/screenshot - {}
RESULT: {}
COMMAND: POST /session/0ffaedec2ff4d329b9cb85ca897a1301/execute/async - {"script":"<script> [1562 bytes]","args":[{"selector":{"id":"receiptDatePicker","viewName":"etm.portal.ui.managehandovers.view.DetailExecuteHO","interaction":{"idSuffix":"inner"}},"wdio_ui5_key":"receiptDatePickeretmportal.ui.managehandovers.view.DetailExecuteHO"}]}
RESULT: {"script":"<script> [1562 bytes]","args":[{"selector":{"id":"receiptDatePicker","viewName":"etm.portal.ui.managehandovers.view.DetailExecuteHO","interaction":{"idSuffix":"inner"}},"wdio_ui5_key":"receiptDatePickeretmportal.ui.managehandovers.view.DetailExecuteHO"}]}
RESULT: undefined
COMMAND: POST /session/0ffaedec2ff4d329b9cb85ca897a1301/execute/async - {"script":"<script> [6424 bytes]","args":[{"element-6066-11e4-a52e-4f735466cecf":"f.9119AA68FED8A447B03A71089BFD3ED7.d.719F238F308CAFA6294E3EA04FC719EF.e.6251"},"setValue",["5/26/25"]]}
RESULT: {"script":"<script> [6424 bytes]","args":[{"element-6066-11e4-a52e-4f735466cecf":"f.9119AA68FED8A447B03A71089BFD3ED7.d.719F238F308CAFA6294E3EA04FC719EF.e.6251"},"setValue",["5/26/25"]]}
COMMAND: POST /session/0ffaedec2ff4d329b9cb85ca897a1301/element - {"using":"xpath","value":"//button[@data-kt=\"ReceivingTableConfirmAllButton\"]"}
RESULT: {"using":"xpath","value":"//button[@data-kt=\"ReceivingTableConfirmAllButton\"]"}
COMMAND: POST /session/0ffaedec2ff4d329b9cb85ca897a1301/element/f.9119AA68FED8A447B03A71089BFD3ED7.d.719F238F308CAFA6294E3EA04FC719EF.e.6266/click - {}
RESULT: {}
COMMAND: GET /session/0ffaedec2ff4d329b9cb85ca897a1301/screenshot - {}
RESULT: {}
COMMAND: POST /session/0ffaedec2ff4d329b9cb85ca897a1301/element - {"using":"xpath","value":"//bdi[contains(text(), \"OK\")]"}
RESULT: {"using":"xpath","value":"//bdi[contains(text(), \"OK\")]"}
COMMAND: POST /session/0ffaedec2ff4d329b9cb85ca897a1301/element/f.9119AA68FED8A447B03A71089BFD3ED7.d.719F238F308CAFA6294E3EA04FC719EF.e.6268/click - {}
RESULT: {}
COMMAND: GET /session/0ffaedec2ff4d329b9cb85ca897a1301/screenshot - {}
RESULT: {}
COMMAND: POST /session/0ffaedec2ff4d329b9cb85ca897a1301/element - {"using":"xpath","value":"(//bdi[contains(text(), \"Receive\")])[2]"}
RESULT: {"using":"xpath","value":"(//bdi[contains(text(), \"Receive\")])[2]"}
COMMAND: POST /session/0ffaedec2ff4d329b9cb85ca897a1301/element/f.9119AA68FED8A447B03A71089BFD3ED7.d.719F238F308CAFA6294E3EA04FC719EF.e.6270/click - {}
RESULT: {}
COMMAND: GET /session/0ffaedec2ff4d329b9cb85ca897a1301/screenshot - {}
RESULT: {}
COMMAND: POST /session/0ffaedec2ff4d329b9cb85ca897a1301/element - {"using":"css selector","value":"#shell-header-logo"}
RESULT: {"using":"css selector","value":"#shell-header-logo"}
COMMAND: POST /session/0ffaedec2ff4d329b9cb85ca897a1301/element/f.9119AA68FED8A447B03A71089BFD3ED7.d.719F238F308CAFA6294E3EA04FC719EF.e.5655/click - {}
RESULT: {}
COMMAND: GET /session/0ffaedec2ff4d329b9cb85ca897a1301/screenshot - {}
RESULT: {}
]]></system-out>
    </testcase>
    <testcase classname="chrome.136_0_7103_93.windows.Billing_Transfer_-_Master_data_&amp;_Intercompany_US127250" name="Should create a new contract" time="58.785">
      <system-out><![CDATA[
COMMAND: POST /session/0ffaedec2ff4d329b9cb85ca897a1301/execute/async - {"script":"<script> [1562 bytes]","args":[{"selector":{"controlType":"sap.m.GenericTile","properties":{"header":"Manage Contracts"}},"wdio_ui5_key":"sapm.GenericTile{\"header\":\"Manage Contracts\"}"}]}
RESULT: {"script":"<script> [1562 bytes]","args":[{"selector":{"controlType":"sap.m.GenericTile","properties":{"header":"Manage Contracts"}},"wdio_ui5_key":"sapm.GenericTile{\"header\":\"Manage Contracts\"}"}]}
RESULT: undefined
COMMAND: POST /session/0ffaedec2ff4d329b9cb85ca897a1301/element - {"using":"xpath","value":"//*[@id=\"__tile132\"]"}
RESULT: {"using":"xpath","value":"//*[@id=\"__tile132\"]"}
COMMAND: POST /session/0ffaedec2ff4d329b9cb85ca897a1301/element/f.9119AA68FED8A447B03A71089BFD3ED7.d.719F238F308CAFA6294E3EA04FC719EF.e.2112/click - {}
RESULT: {}
COMMAND: GET /session/0ffaedec2ff4d329b9cb85ca897a1301/screenshot - {}
RESULT: {}
COMMAND: POST /session/0ffaedec2ff4d329b9cb85ca897a1301/elements - {"using":"xpath","value":"//span[text()='Error']"}
RESULT: {"using":"xpath","value":"//span[text()='Error']"}
COMMAND: POST /session/0ffaedec2ff4d329b9cb85ca897a1301/element - {"using":"xpath","value":"//button[@data-kt=\"addButton\"]"}
RESULT: {"using":"xpath","value":"//button[@data-kt=\"addButton\"]"}
COMMAND: POST /session/0ffaedec2ff4d329b9cb85ca897a1301/elements - {"using":"xpath","value":"//button[@data-kt=\"addButton\"]"}
RESULT: {"using":"xpath","value":"//button[@data-kt=\"addButton\"]"}
COMMAND: POST /session/0ffaedec2ff4d329b9cb85ca897a1301/execute/sync - {"script":"<script> [8489 bytes]","args":[{"element-6066-11e4-a52e-4f735466cecf":"f.9119AA68FED8A447B03A71089BFD3ED7.d.719F238F308CAFA6294E3EA04FC719EF.e.6496","ELEMENT":"f.9119AA68FED8A447B03A71089BFD3ED7.d.719F238F308CAFA6294E3EA04FC719EF.e.6496"}]}
RESULT: {"script":"<script> [8489 bytes]","args":[{"element-6066-11e4-a52e-4f735466cecf":"f.9119AA68FED8A447B03A71089BFD3ED7.d.719F238F308CAFA6294E3EA04FC719EF.e.6496","ELEMENT":"f.9119AA68FED8A447B03A71089BFD3ED7.d.719F238F308CAFA6294E3EA04FC719EF.e.6496"}]}
COMMAND: GET /session/0ffaedec2ff4d329b9cb85ca897a1301/element/f.9119AA68FED8A447B03A71089BFD3ED7.d.719F238F308CAFA6294E3EA04FC719EF.e.6496/enabled - {}
COMMAND: GET /session/0ffaedec2ff4d329b9cb85ca897a1301/screenshot - {}
RESULT: {}
COMMAND: POST /session/0ffaedec2ff4d329b9cb85ca897a1301/execute/sync - {"script":"<script> [8489 bytes]","args":[{"element-6066-11e4-a52e-4f735466cecf":"f.9119AA68FED8A447B03A71089BFD3ED7.d.719F238F308CAFA6294E3EA04FC719EF.e.6496","ELEMENT":"f.9119AA68FED8A447B03A71089BFD3ED7.d.719F238F308CAFA6294E3EA04FC719EF.e.6496"}]}
COMMAND: GET /session/0ffaedec2ff4d329b9cb85ca897a1301/screenshot - {}
RESULT: {}
RESULT: {"script":"<script> [8489 bytes]","args":[{"element-6066-11e4-a52e-4f735466cecf":"f.9119AA68FED8A447B03A71089BFD3ED7.d.719F238F308CAFA6294E3EA04FC719EF.e.6496","ELEMENT":"f.9119AA68FED8A447B03A71089BFD3ED7.d.719F238F308CAFA6294E3EA04FC719EF.e.6496"}]}
COMMAND: POST /session/0ffaedec2ff4d329b9cb85ca897a1301/execute/sync - {"script":"<script> [5351 bytes]","args":[{"element-6066-11e4-a52e-4f735466cecf":"f.9119AA68FED8A447B03A71089BFD3ED7.d.719F238F308CAFA6294E3EA04FC719EF.e.6496","ELEMENT":"f.9119AA68FED8A447B03A71089BFD3ED7.d.719F238F308CAFA6294E3EA04FC719EF.e.6496"}]}
COMMAND: GET /session/0ffaedec2ff4d329b9cb85ca897a1301/screenshot - {}
RESULT: {}
RESULT: {"script":"<script> [5351 bytes]","args":[{"element-6066-11e4-a52e-4f735466cecf":"f.9119AA68FED8A447B03A71089BFD3ED7.d.719F238F308CAFA6294E3EA04FC719EF.e.6496","ELEMENT":"f.9119AA68FED8A447B03A71089BFD3ED7.d.719F238F308CAFA6294E3EA04FC719EF.e.6496"}]}
COMMAND: GET /session/0ffaedec2ff4d329b9cb85ca897a1301/screenshot - {}
RESULT: {}
RESULT: {}
COMMAND: POST /session/0ffaedec2ff4d329b9cb85ca897a1301/element/f.9119AA68FED8A447B03A71089BFD3ED7.d.719F238F308CAFA6294E3EA04FC719EF.e.6496/click - {}
RESULT: {}
COMMAND: GET /session/0ffaedec2ff4d329b9cb85ca897a1301/screenshot - {}
COMMAND: POST /session/0ffaedec2ff4d329b9cb85ca897a1301/execute/async - {"script":"<script> [1562 bytes]","args":[{"selector":{"id":"application-managecontracts-display-component---AddNewContract--projectDescription","interaction":{"idSuffix":"inner"}},"wdio_ui5_key":"applicationmanagecontracts-display-component---AddNewContract--projectDescription"}]}
RESULT: {}
RESULT: {"script":"<script> [1562 bytes]","args":[{"selector":{"id":"application-managecontracts-display-component---AddNewContract--projectDescription","interaction":{"idSuffix":"inner"}},"wdio_ui5_key":"applicationmanagecontracts-display-component---AddNewContract--projectDescription"}]}
RESULT: undefined
COMMAND: POST /session/0ffaedec2ff4d329b9cb85ca897a1301/execute/async - {"script":"<script> [776 bytes]","args":[{"enterText":"Intercompany Contract WDIO","selector":{"id":"application-managecontracts-display-component---AddNewContract--projectDescription","interaction":{"idSuffix":"inner"}},"clearTextFirst":true,"interactionType":"ENTER_TEXT"}]}
RESULT: {"script":"<script> [776 bytes]","args":[{"enterText":"Intercompany Contract WDIO","selector":{"id":"application-managecontracts-display-component---AddNewContract--projectDescription","interaction":{"idSuffix":"inner"}},"clearTextFirst":true,"interactionType":"ENTER_TEXT"}]}
COMMAND: POST /session/0ffaedec2ff4d329b9cb85ca897a1301/element - {"using":"xpath","value":"//input[@id=\"application-managecontracts-display-component---AddNewContract--site-inner\"]"}
RESULT: {"using":"xpath","value":"//input[@id=\"application-managecontracts-display-component---AddNewContract--site-inner\"]"}
COMMAND: POST /session/0ffaedec2ff4d329b9cb85ca897a1301/element/f.9119AA68FED8A447B03A71089BFD3ED7.d.719F238F308CAFA6294E3EA04FC719EF.e.6815/clear - {}
RESULT: {}
COMMAND: POST /session/0ffaedec2ff4d329b9cb85ca897a1301/element/f.9119AA68FED8A447B03A71089BFD3ED7.d.719F238F308CAFA6294E3EA04FC719EF.e.6815/value - {"text":"2163"}
COMMAND: GET /session/0ffaedec2ff4d329b9cb85ca897a1301/screenshot - {}
RESULT: {"text":"2163"}
COMMAND: GET /session/0ffaedec2ff4d329b9cb85ca897a1301/screenshot - {}
RESULT: {}
RESULT: {}
COMMAND: POST /session/0ffaedec2ff4d329b9cb85ca897a1301/element - {"using":"xpath","value":"//li[.//span[text()='2163']]"}
RESULT: {"using":"xpath","value":"//li[.//span[text()='2163']]"}
COMMAND: POST /session/0ffaedec2ff4d329b9cb85ca897a1301/element/f.9119AA68FED8A447B03A71089BFD3ED7.d.719F238F308CAFA6294E3EA04FC719EF.e.6898/click - {}
RESULT: {}
COMMAND: GET /session/0ffaedec2ff4d329b9cb85ca897a1301/screenshot - {}
RESULT: {}
COMMAND: POST /session/0ffaedec2ff4d329b9cb85ca897a1301/element - {"using":"xpath","value":"//input[@id=\"application-managecontracts-display-component---AddNewContract--yardId-inner\"]"}
RESULT: {"using":"xpath","value":"//input[@id=\"application-managecontracts-display-component---AddNewContract--yardId-inner\"]"}
COMMAND: GET /session/0ffaedec2ff4d329b9cb85ca897a1301/element/f.9119AA68FED8A447B03A71089BFD3ED7.d.719F238F308CAFA6294E3EA04FC719EF.e.6816/property/value - {}
RESULT: {}
COMMAND: POST /session/0ffaedec2ff4d329b9cb85ca897a1301/element - {"using":"xpath","value":"//input[@id=\"application-managecontracts-display-component---AddNewContract--customerSelect-inner\"]"}
COMMAND: GET /session/0ffaedec2ff4d329b9cb85ca897a1301/screenshot - {}
RESULT: {"using":"xpath","value":"//input[@id=\"application-managecontracts-display-component---AddNewContract--customerSelect-inner\"]"}
COMMAND: POST /session/0ffaedec2ff4d329b9cb85ca897a1301/element/f.9119AA68FED8A447B03A71089BFD3ED7.d.719F238F308CAFA6294E3EA04FC719EF.e.6814/clear - {}
RESULT: {}
RESULT: {}
COMMAND: POST /session/0ffaedec2ff4d329b9cb85ca897a1301/element/f.9119AA68FED8A447B03A71089BFD3ED7.d.719F238F308CAFA6294E3EA04FC719EF.e.6814/value - {"text":"1174"}
COMMAND: GET /session/0ffaedec2ff4d329b9cb85ca897a1301/screenshot - {}
RESULT: {"text":"1174"}
COMMAND: GET /session/0ffaedec2ff4d329b9cb85ca897a1301/screenshot - {}
RESULT: {}
RESULT: {}
COMMAND: POST /session/0ffaedec2ff4d329b9cb85ca897a1301/element - {"using":"xpath","value":"//li[.//span[text()='1174']]"}
RESULT: {"using":"xpath","value":"//li[.//span[text()='1174']]"}
COMMAND: POST /session/0ffaedec2ff4d329b9cb85ca897a1301/element/f.9119AA68FED8A447B03A71089BFD3ED7.d.719F238F308CAFA6294E3EA04FC719EF.e.6901/click - {}
RESULT: {}
COMMAND: GET /session/0ffaedec2ff4d329b9cb85ca897a1301/screenshot - {}
RESULT: {}
COMMAND: POST /session/0ffaedec2ff4d329b9cb85ca897a1301/element - {"using":"xpath","value":"//button[@data-kt=\"saveButton\"]"}
RESULT: {"using":"xpath","value":"//button[@data-kt=\"saveButton\"]"}
COMMAND: POST /session/0ffaedec2ff4d329b9cb85ca897a1301/element/f.9119AA68FED8A447B03A71089BFD3ED7.d.719F238F308CAFA6294E3EA04FC719EF.e.6891/click - {}
RESULT: {}
COMMAND: GET /session/0ffaedec2ff4d329b9cb85ca897a1301/screenshot - {}
RESULT: {}
COMMAND: POST /session/0ffaedec2ff4d329b9cb85ca897a1301/element - {"using":"xpath","value":"//span[contains(@id ,\"contractDetailTitleNoExpanded\")]"}
RESULT: {"using":"xpath","value":"//span[contains(@id ,\"contractDetailTitleNoExpanded\")]"}
COMMAND: POST /session/0ffaedec2ff4d329b9cb85ca897a1301/elements - {"using":"xpath","value":"//span[contains(@id ,\"contractDetailTitleNoExpanded\")]"}
RESULT: {"using":"xpath","value":"//span[contains(@id ,\"contractDetailTitleNoExpanded\")]"}
COMMAND: POST /session/0ffaedec2ff4d329b9cb85ca897a1301/execute/sync - {"script":"<script> [56 bytes]","args":[{"element-6066-11e4-a52e-4f735466cecf":"f.9119AA68FED8A447B03A71089BFD3ED7.d.719F238F308CAFA6294E3EA04FC719EF.e.6971","ELEMENT":"f.9119AA68FED8A447B03A71089BFD3ED7.d.719F238F308CAFA6294E3EA04FC719EF.e.6971"}]}
RESULT: {"script":"<script> [56 bytes]","args":[{"element-6066-11e4-a52e-4f735466cecf":"f.9119AA68FED8A447B03A71089BFD3ED7.d.719F238F308CAFA6294E3EA04FC719EF.e.6971","ELEMENT":"f.9119AA68FED8A447B03A71089BFD3ED7.d.719F238F308CAFA6294E3EA04FC719EF.e.6971"}]}
COMMAND: GET /session/0ffaedec2ff4d329b9cb85ca897a1301/screenshot - {}
RESULT: {}
]]></system-out>
    </testcase>
    <testcase classname="chrome.136_0_7103_93.windows.Billing_Transfer_-_Master_data_&amp;_Intercompany_US127250" name="Should add equipment to the contract" time="46.716">
      <system-out><![CDATA[
COMMAND: POST /session/0ffaedec2ff4d329b9cb85ca897a1301/element - {"using":"xpath","value":"//button[@data-kt=\"contractDetailEditBtnButton\"]"}
RESULT: {"using":"xpath","value":"//button[@data-kt=\"contractDetailEditBtnButton\"]"}
COMMAND: POST /session/0ffaedec2ff4d329b9cb85ca897a1301/element/f.9119AA68FED8A447B03A71089BFD3ED7.d.719F238F308CAFA6294E3EA04FC719EF.e.6972/click - {}
RESULT: {}
COMMAND: GET /session/0ffaedec2ff4d329b9cb85ca897a1301/screenshot - {}
RESULT: {}
COMMAND: POST /session/0ffaedec2ff4d329b9cb85ca897a1301/element - {"using":"xpath","value":"(//span[contains(text(), \"Additional Addresses\")])[2]"}
RESULT: {"using":"xpath","value":"(//span[contains(text(), \"Additional Addresses\")])[2]"}
COMMAND: POST /session/0ffaedec2ff4d329b9cb85ca897a1301/element/f.9119AA68FED8A447B03A71089BFD3ED7.d.719F238F308CAFA6294E3EA04FC719EF.e.7027/click - {}
RESULT: {}
COMMAND: GET /session/0ffaedec2ff4d329b9cb85ca897a1301/screenshot - {}
RESULT: {}
COMMAND: POST /session/0ffaedec2ff4d329b9cb85ca897a1301/element - {"using":"xpath","value":"//button[@data-kt=\"btnAddTableRowOverflowToolbarButton\"]"}
RESULT: {"using":"xpath","value":"//button[@data-kt=\"btnAddTableRowOverflowToolbarButton\"]"}
COMMAND: POST /session/0ffaedec2ff4d329b9cb85ca897a1301/element/f.9119AA68FED8A447B03A71089BFD3ED7.d.719F238F308CAFA6294E3EA04FC719EF.e.7030/click - {}
RESULT: {}
COMMAND: GET /session/0ffaedec2ff4d329b9cb85ca897a1301/screenshot - {}
RESULT: {}
COMMAND: POST /session/0ffaedec2ff4d329b9cb85ca897a1301/element - {"using":"xpath","value":"//div[(text() = 'Standard Entry' or . = 'Standard Entry')]"}
RESULT: {"using":"xpath","value":"//div[(text() = 'Standard Entry' or . = 'Standard Entry')]"}
COMMAND: POST /session/0ffaedec2ff4d329b9cb85ca897a1301/element/f.9119AA68FED8A447B03A71089BFD3ED7.d.719F238F308CAFA6294E3EA04FC719EF.e.7032/click - {}
RESULT: {}
COMMAND: GET /session/0ffaedec2ff4d329b9cb85ca897a1301/screenshot - {}
RESULT: {}
COMMAND: POST /session/0ffaedec2ff4d329b9cb85ca897a1301/element - {"using":"xpath","value":"//td[7]/div/div/input"}
RESULT: {"using":"xpath","value":"//td[7]/div/div/input"}
COMMAND: POST /session/0ffaedec2ff4d329b9cb85ca897a1301/element/f.9119AA68FED8A447B03A71089BFD3ED7.d.719F238F308CAFA6294E3EA04FC719EF.e.7041/clear - {}
RESULT: {}
COMMAND: POST /session/0ffaedec2ff4d329b9cb85ca897a1301/element/f.9119AA68FED8A447B03A71089BFD3ED7.d.719F238F308CAFA6294E3EA04FC719EF.e.7041/value - {"text":"LlB6e2Cvp3"}
COMMAND: GET /session/0ffaedec2ff4d329b9cb85ca897a1301/screenshot - {}
RESULT: {"text":"LlB6e2Cvp3"}
COMMAND: GET /session/0ffaedec2ff4d329b9cb85ca897a1301/screenshot - {}
RESULT: {}
RESULT: {}
COMMAND: POST /session/0ffaedec2ff4d329b9cb85ca897a1301/actions - {"actions":[{"id":"action18","type":"key","parameters":{},"actions":[{"type":"keyDown","value":""},{"type":"pause","duration":10},{"type":"keyUp","value":""}]}]}
RESULT: {"actions":[{"id":"action18","type":"key","parameters":{},"actions":[{"type":"keyDown","value":""},{"type":"pause","duration":10},{"type":"keyUp","value":""}]}]}
COMMAND: GET /session/0ffaedec2ff4d329b9cb85ca897a1301/screenshot - {}
RESULT: {}
COMMAND: POST /session/0ffaedec2ff4d329b9cb85ca897a1301/execute/sync - {"script":"<script> [276 bytes]","args":["No pricing information was found"]}
RESULT: {"script":"<script> [276 bytes]","args":["No pricing information was found"]}
COMMAND: POST /session/0ffaedec2ff4d329b9cb85ca897a1301/element - {"using":"xpath","value":"(//button[@data-kt=\"saveButton\"])[2]"}
COMMAND: GET /session/0ffaedec2ff4d329b9cb85ca897a1301/screenshot - {}
RESULT: {"using":"xpath","value":"(//button[@data-kt=\"saveButton\"])[2]"}
COMMAND: POST /session/0ffaedec2ff4d329b9cb85ca897a1301/element/f.9119AA68FED8A447B03A71089BFD3ED7.d.719F238F308CAFA6294E3EA04FC719EF.e.7056/click - {}
RESULT: {}
RESULT: {}
COMMAND: GET /session/0ffaedec2ff4d329b9cb85ca897a1301/screenshot - {}
RESULT: {}
COMMAND: POST /session/0ffaedec2ff4d329b9cb85ca897a1301/execute/sync - {"script":"<script> [276 bytes]","args":["Some contract items are having rental validity exceeding header rental validity"]}
RESULT: {"script":"<script> [276 bytes]","args":["Some contract items are having rental validity exceeding header rental validity"]}
COMMAND: GET /session/0ffaedec2ff4d329b9cb85ca897a1301/screenshot - {}
RESULT: {}
COMMAND: POST /session/0ffaedec2ff4d329b9cb85ca897a1301/element - {"using":"xpath","value":"//span[contains(@id ,\"contractItemsSmartTable-header-inner\")]"}
RESULT: {"using":"xpath","value":"//span[contains(@id ,\"contractItemsSmartTable-header-inner\")]"}
COMMAND: POST /session/0ffaedec2ff4d329b9cb85ca897a1301/elements - {"using":"xpath","value":"//span[contains(@id ,\"contractItemsSmartTable-header-inner\")]"}
RESULT: {"using":"xpath","value":"//span[contains(@id ,\"contractItemsSmartTable-header-inner\")]"}
COMMAND: POST /session/0ffaedec2ff4d329b9cb85ca897a1301/execute/sync - {"script":"<script> [56 bytes]","args":[{"element-6066-11e4-a52e-4f735466cecf":"f.9119AA68FED8A447B03A71089BFD3ED7.d.719F238F308CAFA6294E3EA04FC719EF.e.7061","ELEMENT":"f.9119AA68FED8A447B03A71089BFD3ED7.d.719F238F308CAFA6294E3EA04FC719EF.e.7061"}]}
RESULT: {"script":"<script> [56 bytes]","args":[{"element-6066-11e4-a52e-4f735466cecf":"f.9119AA68FED8A447B03A71089BFD3ED7.d.719F238F308CAFA6294E3EA04FC719EF.e.7061","ELEMENT":"f.9119AA68FED8A447B03A71089BFD3ED7.d.719F238F308CAFA6294E3EA04FC719EF.e.7061"}]}
]]></system-out>
    </testcase>
    <testcase classname="chrome.136_0_7103_93.windows.Billing_Transfer_-_Master_data_&amp;_Intercompany_US127250" name="Should do a provide to site handover" time="59.997">
      <system-out><![CDATA[
COMMAND: POST /session/0ffaedec2ff4d329b9cb85ca897a1301/element - {"using":"xpath","value":"//button[@data-kt=\"provideButton\"]"}
COMMAND: GET /session/0ffaedec2ff4d329b9cb85ca897a1301/screenshot - {}
RESULT: {"using":"xpath","value":"//button[@data-kt=\"provideButton\"]"}
COMMAND: POST /session/0ffaedec2ff4d329b9cb85ca897a1301/element/f.9119AA68FED8A447B03A71089BFD3ED7.d.719F238F308CAFA6294E3EA04FC719EF.e.7062/click - {}
RESULT: {}
RESULT: {}
COMMAND: GET /session/0ffaedec2ff4d329b9cb85ca897a1301/screenshot - {}
RESULT: {}
RESULT: undefined
COMMAND: POST /session/0ffaedec2ff4d329b9cb85ca897a1301/execute/async - {"script":"<script> [6424 bytes]","args":[{"element-6066-11e4-a52e-4f735466cecf":"f.9119AA68FED8A447B03A71089BFD3ED7.d.719F238F308CAFA6294E3EA04FC719EF.e.6033"},"setValue",["5/26/25"]]}
COMMAND: POST /session/0ffaedec2ff4d329b9cb85ca897a1301/execute/async - {"script":"<script> [1562 bytes]","args":[{"selector":{"id":"application-managehandovers-display-component---AddNewHO--dueDate","interaction":{"idSuffix":"inner"}},"wdio_ui5_key":"applicationmanagehandovers-display-component---AddNewHO--dueDate"}]}
RESULT: {"script":"<script> [1562 bytes]","args":[{"selector":{"id":"application-managehandovers-display-component---AddNewHO--dueDate","interaction":{"idSuffix":"inner"}},"wdio_ui5_key":"applicationmanagehandovers-display-component---AddNewHO--dueDate"}]}
COMMAND: POST /session/0ffaedec2ff4d329b9cb85ca897a1301/execute/async - {"script":"<script> [6424 bytes]","args":[{"element-6066-11e4-a52e-4f735466cecf":"f.9119AA68FED8A447B03A71089BFD3ED7.d.719F238F308CAFA6294E3EA04FC719EF.e.7125"},"setValue",["5/26/25"]]}
RESULT: {"script":"<script> [6424 bytes]","args":[{"element-6066-11e4-a52e-4f735466cecf":"f.9119AA68FED8A447B03A71089BFD3ED7.d.719F238F308CAFA6294E3EA04FC719EF.e.7125"},"setValue",["5/26/25"]]}
COMMAND: POST /session/0ffaedec2ff4d329b9cb85ca897a1301/element - {"using":"xpath","value":"//bdi[contains(text(), \"Instructions\")]"}
RESULT: {"using":"xpath","value":"//bdi[contains(text(), \"Instructions\")]"}
COMMAND: POST /session/0ffaedec2ff4d329b9cb85ca897a1301/element/f.9119AA68FED8A447B03A71089BFD3ED7.d.719F238F308CAFA6294E3EA04FC719EF.e.7225/click - {}
RESULT: {}
COMMAND: GET /session/0ffaedec2ff4d329b9cb85ca897a1301/screenshot - {}
RESULT: {}
COMMAND: POST /session/0ffaedec2ff4d329b9cb85ca897a1301/element - {"using":"xpath","value":"//button[@data-kt=\"AddNewHOProvideAddItemsButton\"]"}
RESULT: {"using":"xpath","value":"//button[@data-kt=\"AddNewHOProvideAddItemsButton\"]"}
COMMAND: POST /session/0ffaedec2ff4d329b9cb85ca897a1301/element/f.9119AA68FED8A447B03A71089BFD3ED7.d.719F238F308CAFA6294E3EA04FC719EF.e.7230/click - {}
RESULT: {}
COMMAND: GET /session/0ffaedec2ff4d329b9cb85ca897a1301/screenshot - {}
RESULT: {}
RESULT: undefined
COMMAND: POST /session/0ffaedec2ff4d329b9cb85ca897a1301/element - {"using":"xpath","value":"//*[@id=\"application-managehandovers-display-component---AddNewHO--popup-sa\"]"}
RESULT: {"using":"xpath","value":"//*[@id=\"application-managehandovers-display-component---AddNewHO--popup-sa\"]"}
COMMAND: POST /session/0ffaedec2ff4d329b9cb85ca897a1301/element/f.9119AA68FED8A447B03A71089BFD3ED7.d.719F238F308CAFA6294E3EA04FC719EF.e.7239/click - {}
RESULT: {}
COMMAND: GET /session/0ffaedec2ff4d329b9cb85ca897a1301/screenshot - {}
RESULT: {}
COMMAND: POST /session/0ffaedec2ff4d329b9cb85ca897a1301/element - {"using":"xpath","value":"//*[contains(@id ,\"BDI-content\")][contains(text(), \"Select\")]"}
RESULT: {"using":"xpath","value":"//*[contains(@id ,\"BDI-content\")][contains(text(), \"Select\")]"}
COMMAND: POST /session/0ffaedec2ff4d329b9cb85ca897a1301/element/f.9119AA68FED8A447B03A71089BFD3ED7.d.719F238F308CAFA6294E3EA04FC719EF.e.7241/click - {}
RESULT: {}
COMMAND: GET /session/0ffaedec2ff4d329b9cb85ca897a1301/screenshot - {}
RESULT: {}
COMMAND: POST /session/0ffaedec2ff4d329b9cb85ca897a1301/execute/async - {"script":"<script> [1562 bytes]","args":[{"selector":{"id":"application-managehandovers-display-component---AddNewHO--confirmCreationButton","interaction":{"idSuffix":"BDI-content"}},"wdio_ui5_key":"applicationmanagehandovers-display-component---AddNewHO--confirmCreationButton"}]}
RESULT: {"script":"<script> [1562 bytes]","args":[{"selector":{"id":"application-managehandovers-display-component---AddNewHO--confirmCreationButton","interaction":{"idSuffix":"BDI-content"}},"wdio_ui5_key":"applicationmanagehandovers-display-component---AddNewHO--confirmCreationButton"}]}
RESULT: undefined
COMMAND: POST /session/0ffaedec2ff4d329b9cb85ca897a1301/element - {"using":"xpath","value":"//*[@id=\"application-managehandovers-display-component---AddNewHO--confirmCreationButton\"]"}
RESULT: {"using":"xpath","value":"//*[@id=\"application-managehandovers-display-component---AddNewHO--confirmCreationButton\"]"}
COMMAND: POST /session/0ffaedec2ff4d329b9cb85ca897a1301/element/f.9119AA68FED8A447B03A71089BFD3ED7.d.719F238F308CAFA6294E3EA04FC719EF.e.7172/click - {}
RESULT: {}
COMMAND: GET /session/0ffaedec2ff4d329b9cb85ca897a1301/screenshot - {}
RESULT: {}
COMMAND: POST /session/0ffaedec2ff4d329b9cb85ca897a1301/execute/async - {"script":"<script> [1562 bytes]","args":[{"selector":{"id":"issueDatePicker","viewName":"etm.portal.ui.managehandovers.view.DetailExecuteHO","interaction":{"idSuffix":"inner"}},"wdio_ui5_key":"issueDatePickeretmportal.ui.managehandovers.view.DetailExecuteHO"}]}
RESULT: {"script":"<script> [1562 bytes]","args":[{"selector":{"id":"issueDatePicker","viewName":"etm.portal.ui.managehandovers.view.DetailExecuteHO","interaction":{"idSuffix":"inner"}},"wdio_ui5_key":"issueDatePickeretmportal.ui.managehandovers.view.DetailExecuteHO"}]}
RESULT: undefined
COMMAND: POST /session/0ffaedec2ff4d329b9cb85ca897a1301/execute/async - {"script":"<script> [776 bytes]","args":[{"enterText":"5/26/25","selector":{"id":"issueDatePicker","viewName":"etm.portal.ui.managehandovers.view.DetailExecuteHO","interaction":{"idSuffix":"inner"}},"clearTextFirst":true,"interactionType":"ENTER_TEXT"}]}
RESULT: {"script":"<script> [776 bytes]","args":[{"enterText":"5/26/25","selector":{"id":"issueDatePicker","viewName":"etm.portal.ui.managehandovers.view.DetailExecuteHO","interaction":{"idSuffix":"inner"}},"clearTextFirst":true,"interactionType":"ENTER_TEXT"}]}
COMMAND: POST /session/0ffaedec2ff4d329b9cb85ca897a1301/element - {"using":"xpath","value":"//button[@data-kt=\"PickingTableConfirmAllButton\"]"}
RESULT: {"using":"xpath","value":"//button[@data-kt=\"PickingTableConfirmAllButton\"]"}
COMMAND: POST /session/0ffaedec2ff4d329b9cb85ca897a1301/element/f.9119AA68FED8A447B03A71089BFD3ED7.d.719F238F308CAFA6294E3EA04FC719EF.e.7302/click - {}
RESULT: {}
COMMAND: GET /session/0ffaedec2ff4d329b9cb85ca897a1301/screenshot - {}
RESULT: {}
COMMAND: POST /session/0ffaedec2ff4d329b9cb85ca897a1301/element - {"using":"xpath","value":"//bdi[contains(text(), \"OK\")]"}
RESULT: {"using":"xpath","value":"//bdi[contains(text(), \"OK\")]"}
COMMAND: POST /session/0ffaedec2ff4d329b9cb85ca897a1301/element/f.9119AA68FED8A447B03A71089BFD3ED7.d.719F238F308CAFA6294E3EA04FC719EF.e.7306/click - {}
RESULT: {}
COMMAND: GET /session/0ffaedec2ff4d329b9cb85ca897a1301/screenshot - {}
RESULT: {}
COMMAND: POST /session/0ffaedec2ff4d329b9cb85ca897a1301/element - {"using":"xpath","value":"//bdi[contains(text(), \"Issue\")]"}
RESULT: {"using":"xpath","value":"//bdi[contains(text(), \"Issue\")]"}
COMMAND: POST /session/0ffaedec2ff4d329b9cb85ca897a1301/element/f.9119AA68FED8A447B03A71089BFD3ED7.d.719F238F308CAFA6294E3EA04FC719EF.e.7307/click - {}
RESULT: {}
COMMAND: GET /session/0ffaedec2ff4d329b9cb85ca897a1301/screenshot - {}
RESULT: {}
COMMAND: POST /session/0ffaedec2ff4d329b9cb85ca897a1301/element - {"using":"css selector","value":"#shell-header-logo"}
RESULT: {"using":"css selector","value":"#shell-header-logo"}
COMMAND: POST /session/0ffaedec2ff4d329b9cb85ca897a1301/element/f.9119AA68FED8A447B03A71089BFD3ED7.d.719F238F308CAFA6294E3EA04FC719EF.e.6446/click - {}
RESULT: {}
COMMAND: GET /session/0ffaedec2ff4d329b9cb85ca897a1301/screenshot - {}
RESULT: {}
]]></system-out>
    </testcase>
    <testcase classname="chrome.136_0_7103_93.windows.Billing_Transfer_-_Master_data_&amp;_Intercompany_US127250" name="Should go navigate to Manage Billings and trigger contract calculation check result" time="68.692">
      <system-out><![CDATA[
COMMAND: POST /session/0ffaedec2ff4d329b9cb85ca897a1301/execute/async - {"script":"<script> [1562 bytes]","args":[{"selector":{"controlType":"sap.m.GenericTile","properties":{"header":"Manage Billings"}},"wdio_ui5_key":"sapm.GenericTile{\"header\":\"Manage Billings\"}"}]}
RESULT: {"script":"<script> [1562 bytes]","args":[{"selector":{"controlType":"sap.m.GenericTile","properties":{"header":"Manage Billings"}},"wdio_ui5_key":"sapm.GenericTile{\"header\":\"Manage Billings\"}"}]}
RESULT: undefined
COMMAND: POST /session/0ffaedec2ff4d329b9cb85ca897a1301/element - {"using":"xpath","value":"//*[@id=\"__tile51\"]"}
RESULT: {"using":"xpath","value":"//*[@id=\"__tile51\"]"}
COMMAND: POST /session/0ffaedec2ff4d329b9cb85ca897a1301/element/f.9119AA68FED8A447B03A71089BFD3ED7.d.719F238F308CAFA6294E3EA04FC719EF.e.2139/click - {}
RESULT: {}
COMMAND: GET /session/0ffaedec2ff4d329b9cb85ca897a1301/screenshot - {}
RESULT: {}
COMMAND: POST /session/0ffaedec2ff4d329b9cb85ca897a1301/elements - {"using":"xpath","value":"//span[text()='Error']"}
RESULT: {"using":"xpath","value":"//span[text()='Error']"}
COMMAND: POST /session/0ffaedec2ff4d329b9cb85ca897a1301/execute/async - {"script":"<script> [1562 bytes]","args":[{"selector":{"id":"application-managebillings-display-component---billRunCalcResult--smartFilterBar-btnBasicSearch","interaction":{"idSuffix":"I"}},"wdio_ui5_key":"applicationmanagebillings-display-component---billRunCalcResult--smartFilterBar-btnBasicSearch"}]}
RESULT: {"script":"<script> [1562 bytes]","args":[{"selector":{"id":"application-managebillings-display-component---billRunCalcResult--smartFilterBar-btnBasicSearch","interaction":{"idSuffix":"I"}},"wdio_ui5_key":"applicationmanagebillings-display-component---billRunCalcResult--smartFilterBar-btnBasicSearch"}]}
RESULT: undefined
COMMAND: POST /session/0ffaedec2ff4d329b9cb85ca897a1301/execute/async - {"script":"<script> [776 bytes]","args":[{"enterText":"10279","selector":{"id":"application-managebillings-display-component---billRunCalcResult--smartFilterBar-btnBasicSearch","interaction":{"idSuffix":"I"}},"clearTextFirst":true,"interactionType":"ENTER_TEXT"}]}
RESULT: {"script":"<script> [776 bytes]","args":[{"enterText":"10279","selector":{"id":"application-managebillings-display-component---billRunCalcResult--smartFilterBar-btnBasicSearch","interaction":{"idSuffix":"I"}},"clearTextFirst":true,"interactionType":"ENTER_TEXT"}]}
COMMAND: POST /session/0ffaedec2ff4d329b9cb85ca897a1301/actions - {"actions":[{"id":"action19","type":"key","parameters":{},"actions":[{"type":"keyDown","value":""},{"type":"pause","duration":10},{"type":"keyUp","value":""}]}]}
RESULT: {"actions":[{"id":"action19","type":"key","parameters":{},"actions":[{"type":"keyDown","value":""},{"type":"pause","duration":10},{"type":"keyUp","value":""}]}]}
COMMAND: GET /session/0ffaedec2ff4d329b9cb85ca897a1301/screenshot - {}
RESULT: {}
COMMAND: POST /session/0ffaedec2ff4d329b9cb85ca897a1301/element - {"using":"xpath","value":"//td[@aria-colindex=\"1\"]/div/div[contains(@class, \"sapMCbBg\")]"}
RESULT: {"using":"xpath","value":"//td[@aria-colindex=\"1\"]/div/div[contains(@class, \"sapMCbBg\")]"}
COMMAND: POST /session/0ffaedec2ff4d329b9cb85ca897a1301/element/f.9119AA68FED8A447B03A71089BFD3ED7.d.719F238F308CAFA6294E3EA04FC719EF.e.7714/click - {}
RESULT: {}
COMMAND: GET /session/0ffaedec2ff4d329b9cb85ca897a1301/screenshot - {}
RESULT: {}
COMMAND: POST /session/0ffaedec2ff4d329b9cb85ca897a1301/execute/async - {"script":"<script> [1562 bytes]","args":[{"selector":{"id":"application-managebillings-display-component---billRunCalcResult--contractBillRunDate","interaction":{"idSuffix":"inner"}},"wdio_ui5_key":"applicationmanagebillings-display-component---billRunCalcResult--contractBillRunDate"}]}
RESULT: {"script":"<script> [1562 bytes]","args":[{"selector":{"id":"application-managebillings-display-component---billRunCalcResult--contractBillRunDate","interaction":{"idSuffix":"inner"}},"wdio_ui5_key":"applicationmanagebillings-display-component---billRunCalcResult--contractBillRunDate"}]}
RESULT: undefined
COMMAND: POST /session/0ffaedec2ff4d329b9cb85ca897a1301/execute/async - {"script":"<script> [776 bytes]","args":[{"enterText":"6/26/25","selector":{"id":"application-managebillings-display-component---billRunCalcResult--contractBillRunDate","interaction":{"idSuffix":"inner"}},"clearTextFirst":true,"interactionType":"ENTER_TEXT"}]}
RESULT: {"script":"<script> [776 bytes]","args":[{"enterText":"6/26/25","selector":{"id":"application-managebillings-display-component---billRunCalcResult--contractBillRunDate","interaction":{"idSuffix":"inner"}},"clearTextFirst":true,"interactionType":"ENTER_TEXT"}]}
COMMAND: POST /session/0ffaedec2ff4d329b9cb85ca897a1301/element - {"using":"xpath","value":"//bdi[contains(text(), \"Trigger Calculation\")]"}
RESULT: {"using":"xpath","value":"//bdi[contains(text(), \"Trigger Calculation\")]"}
COMMAND: POST /session/0ffaedec2ff4d329b9cb85ca897a1301/element/f.9119AA68FED8A447B03A71089BFD3ED7.d.719F238F308CAFA6294E3EA04FC719EF.e.7764/click - {}
RESULT: {}
COMMAND: GET /session/0ffaedec2ff4d329b9cb85ca897a1301/screenshot - {}
RESULT: {}
COMMAND: POST /session/0ffaedec2ff4d329b9cb85ca897a1301/element - {"using":"xpath","value":"(//span[contains(@id, \"imgNav\")])[1]"}
RESULT: {"using":"xpath","value":"(//span[contains(@id, \"imgNav\")])[1]"}
COMMAND: POST /session/0ffaedec2ff4d329b9cb85ca897a1301/element/f.9119AA68FED8A447B03A71089BFD3ED7.d.719F238F308CAFA6294E3EA04FC719EF.e.7715/click - {}
RESULT: {}
COMMAND: GET /session/0ffaedec2ff4d329b9cb85ca897a1301/screenshot - {}
RESULT: {}
COMMAND: POST /session/0ffaedec2ff4d329b9cb85ca897a1301/element - {"using":"xpath","value":"//tr/td[6]/div[1]/span[1]/span[1]"}
RESULT: {"using":"xpath","value":"//tr/td[6]/div[1]/span[1]/span[1]"}
COMMAND: GET /session/0ffaedec2ff4d329b9cb85ca897a1301/element/f.9119AA68FED8A447B03A71089BFD3ED7.d.719F238F308CAFA6294E3EA04FC719EF.e.7768/text - {}
RESULT: {}
COMMAND: POST /session/0ffaedec2ff4d329b9cb85ca897a1301/element - {"using":"xpath","value":"(//span[contains(@id, \"imgNav\")])[2]"}
RESULT: {"using":"xpath","value":"(//span[contains(@id, \"imgNav\")])[2]"}
COMMAND: POST /session/0ffaedec2ff4d329b9cb85ca897a1301/element/f.9119AA68FED8A447B03A71089BFD3ED7.d.719F238F308CAFA6294E3EA04FC719EF.e.7769/click - {}
RESULT: {}
COMMAND: POST /session/0ffaedec2ff4d329b9cb85ca897a1301/element - {"using":"xpath","value":"//bdi[contains(text(), \"Business Confirm\")]"}
COMMAND: GET /session/0ffaedec2ff4d329b9cb85ca897a1301/screenshot - {}
RESULT: {"using":"xpath","value":"//bdi[contains(text(), \"Business Confirm\")]"}
COMMAND: POST /session/0ffaedec2ff4d329b9cb85ca897a1301/elements - {"using":"xpath","value":"//bdi[contains(text(), \"Business Confirm\")]"}
RESULT: {}
RESULT: {"using":"xpath","value":"//bdi[contains(text(), \"Business Confirm\")]"}
COMMAND: POST /session/0ffaedec2ff4d329b9cb85ca897a1301/element - {"using":"xpath","value":"//bdi[contains(text(), \"Business Confirm\")]"}
RESULT: {"using":"xpath","value":"//bdi[contains(text(), \"Business Confirm\")]"}
COMMAND: POST /session/0ffaedec2ff4d329b9cb85ca897a1301/element/f.9119AA68FED8A447B03A71089BFD3ED7.d.719F238F308CAFA6294E3EA04FC719EF.e.7772/click - {}
RESULT: {}
COMMAND: POST /session/0ffaedec2ff4d329b9cb85ca897a1301/element - {"using":"css selector","value":"#shell-header-logo"}
COMMAND: GET /session/0ffaedec2ff4d329b9cb85ca897a1301/screenshot - {}
RESULT: {"using":"css selector","value":"#shell-header-logo"}
COMMAND: POST /session/0ffaedec2ff4d329b9cb85ca897a1301/element/f.9119AA68FED8A447B03A71089BFD3ED7.d.719F238F308CAFA6294E3EA04FC719EF.e.7501/click - {}
RESULT: {}
RESULT: {}
COMMAND: GET /session/0ffaedec2ff4d329b9cb85ca897a1301/screenshot - {}
RESULT: {}
]]></system-out>
    </testcase>
    <testcase classname="chrome.136_0_7103_93.windows.Billing_Transfer_-_Master_data_&amp;_Intercompany_US127250" name="Should do Billing Transfer all the way into invoice open for intercompany case" time="71.727">
      <system-out><![CDATA[
COMMAND: POST /session/0ffaedec2ff4d329b9cb85ca897a1301/execute/async - {"script":"<script> [1562 bytes]","args":[{"selector":{"controlType":"sap.m.GenericTile","properties":{"header":"Billing Transfer"}},"wdio_ui5_key":"sapm.GenericTile{\"header\":\"Billing Transfer\"}"}]}
RESULT: {"script":"<script> [1562 bytes]","args":[{"selector":{"controlType":"sap.m.GenericTile","properties":{"header":"Billing Transfer"}},"wdio_ui5_key":"sapm.GenericTile{\"header\":\"Billing Transfer\"}"}]}
RESULT: undefined
COMMAND: POST /session/0ffaedec2ff4d329b9cb85ca897a1301/element - {"using":"xpath","value":"//*[@id=\"__tile50\"]"}
RESULT: {"using":"xpath","value":"//*[@id=\"__tile50\"]"}
COMMAND: POST /session/0ffaedec2ff4d329b9cb85ca897a1301/element/f.9119AA68FED8A447B03A71089BFD3ED7.d.719F238F308CAFA6294E3EA04FC719EF.e.2137/click - {}
RESULT: {}
COMMAND: GET /session/0ffaedec2ff4d329b9cb85ca897a1301/screenshot - {}
RESULT: {}
COMMAND: POST /session/0ffaedec2ff4d329b9cb85ca897a1301/elements - {"using":"xpath","value":"//span[text()='Error']"}
RESULT: {"using":"xpath","value":"//span[text()='Error']"}
COMMAND: POST /session/0ffaedec2ff4d329b9cb85ca897a1301/element - {"using":"xpath","value":"//input[contains(@id ,\"application-billingtransfer-display-component---billingWorkbench--smartFilterBar-btnBasicSearch\")]"}
RESULT: {"using":"xpath","value":"//input[contains(@id ,\"application-billingtransfer-display-component---billingWorkbench--smartFilterBar-btnBasicSearch\")]"}
COMMAND: POST /session/0ffaedec2ff4d329b9cb85ca897a1301/elements - {"using":"xpath","value":"//input[contains(@id ,\"application-billingtransfer-display-component---billingWorkbench--smartFilterBar-btnBasicSearch\")]"}
RESULT: {"using":"xpath","value":"//input[contains(@id ,\"application-billingtransfer-display-component---billingWorkbench--smartFilterBar-btnBasicSearch\")]"}
COMMAND: POST /session/0ffaedec2ff4d329b9cb85ca897a1301/execute/sync - {"script":"<script> [8489 bytes]","args":[{"element-6066-11e4-a52e-4f735466cecf":"f.9119AA68FED8A447B03A71089BFD3ED7.d.719F238F308CAFA6294E3EA04FC719EF.e.7853","ELEMENT":"f.9119AA68FED8A447B03A71089BFD3ED7.d.719F238F308CAFA6294E3EA04FC719EF.e.7853"}]}
RESULT: {"script":"<script> [8489 bytes]","args":[{"element-6066-11e4-a52e-4f735466cecf":"f.9119AA68FED8A447B03A71089BFD3ED7.d.719F238F308CAFA6294E3EA04FC719EF.e.7853","ELEMENT":"f.9119AA68FED8A447B03A71089BFD3ED7.d.719F238F308CAFA6294E3EA04FC719EF.e.7853"}]}
COMMAND: GET /session/0ffaedec2ff4d329b9cb85ca897a1301/element/f.9119AA68FED8A447B03A71089BFD3ED7.d.719F238F308CAFA6294E3EA04FC719EF.e.7853/enabled - {}
COMMAND: GET /session/0ffaedec2ff4d329b9cb85ca897a1301/screenshot - {}
RESULT: {}
COMMAND: POST /session/0ffaedec2ff4d329b9cb85ca897a1301/element/f.9119AA68FED8A447B03A71089BFD3ED7.d.719F238F308CAFA6294E3EA04FC719EF.e.7853/click - {}
COMMAND: GET /session/0ffaedec2ff4d329b9cb85ca897a1301/screenshot - {}
RESULT: {}
RESULT: {}
COMMAND: GET /session/0ffaedec2ff4d329b9cb85ca897a1301/screenshot - {}
RESULT: {}
RESULT: {}
COMMAND: POST /session/0ffaedec2ff4d329b9cb85ca897a1301/element/f.9119AA68FED8A447B03A71089BFD3ED7.d.719F238F308CAFA6294E3EA04FC719EF.e.7853/clear - {}
RESULT: {}
COMMAND: POST /session/0ffaedec2ff4d329b9cb85ca897a1301/element/f.9119AA68FED8A447B03A71089BFD3ED7.d.719F238F308CAFA6294E3EA04FC719EF.e.7853/value - {"text":"10279"}
COMMAND: GET /session/0ffaedec2ff4d329b9cb85ca897a1301/screenshot - {}
RESULT: {"text":"10279"}
COMMAND: POST /session/0ffaedec2ff4d329b9cb85ca897a1301/actions - {"actions":[{"id":"action20","type":"key","parameters":{},"actions":[{"type":"keyDown","value":""},{"type":"pause","duration":10},{"type":"keyUp","value":""}]}]}
COMMAND: GET /session/0ffaedec2ff4d329b9cb85ca897a1301/screenshot - {}
RESULT: {}
RESULT: {"actions":[{"id":"action20","type":"key","parameters":{},"actions":[{"type":"keyDown","value":""},{"type":"pause","duration":10},{"type":"keyUp","value":""}]}]}
COMMAND: GET /session/0ffaedec2ff4d329b9cb85ca897a1301/screenshot - {}
RESULT: {}
RESULT: {}
COMMAND: POST /session/0ffaedec2ff4d329b9cb85ca897a1301/element - {"using":"xpath","value":"//span[contains(@id ,\"application-billingtransfer-display-component---billingWorkbench--smartTableBillingRuns-header-inner\")]"}
RESULT: {"using":"xpath","value":"//span[contains(@id ,\"application-billingtransfer-display-component---billingWorkbench--smartTableBillingRuns-header-inner\")]"}
COMMAND: POST /session/0ffaedec2ff4d329b9cb85ca897a1301/elements - {"using":"xpath","value":"//span[contains(@id ,\"application-billingtransfer-display-component---billingWorkbench--smartTableBillingRuns-header-inner\")]"}
RESULT: {"using":"xpath","value":"//span[contains(@id ,\"application-billingtransfer-display-component---billingWorkbench--smartTableBillingRuns-header-inner\")]"}
COMMAND: POST /session/0ffaedec2ff4d329b9cb85ca897a1301/execute/sync - {"script":"<script> [56 bytes]","args":[{"element-6066-11e4-a52e-4f735466cecf":"f.9119AA68FED8A447B03A71089BFD3ED7.d.719F238F308CAFA6294E3EA04FC719EF.e.8040","ELEMENT":"f.9119AA68FED8A447B03A71089BFD3ED7.d.719F238F308CAFA6294E3EA04FC719EF.e.8040"}]}
RESULT: {"script":"<script> [56 bytes]","args":[{"element-6066-11e4-a52e-4f735466cecf":"f.9119AA68FED8A447B03A71089BFD3ED7.d.719F238F308CAFA6294E3EA04FC719EF.e.8040","ELEMENT":"f.9119AA68FED8A447B03A71089BFD3ED7.d.719F238F308CAFA6294E3EA04FC719EF.e.8040"}]}
COMMAND: POST /session/0ffaedec2ff4d329b9cb85ca897a1301/element - {"using":"xpath","value":"//td[@aria-colindex=\"1\"]/div/div[contains(@class, \"sapMCbBg\")]"}
COMMAND: GET /session/0ffaedec2ff4d329b9cb85ca897a1301/screenshot - {}
RESULT: {"using":"xpath","value":"//td[@aria-colindex=\"1\"]/div/div[contains(@class, \"sapMCbBg\")]"}
COMMAND: POST /session/0ffaedec2ff4d329b9cb85ca897a1301/element/f.9119AA68FED8A447B03A71089BFD3ED7.d.719F238F308CAFA6294E3EA04FC719EF.e.8025/click - {}
RESULT: {}
RESULT: {}
COMMAND: GET /session/0ffaedec2ff4d329b9cb85ca897a1301/screenshot - {}
RESULT: {}
COMMAND: POST /session/0ffaedec2ff4d329b9cb85ca897a1301/element - {"using":"xpath","value":"//bdi[contains(text(), \"Check\")]"}
RESULT: {"using":"xpath","value":"//bdi[contains(text(), \"Check\")]"}
COMMAND: POST /session/0ffaedec2ff4d329b9cb85ca897a1301/element/f.9119AA68FED8A447B03A71089BFD3ED7.d.719F238F308CAFA6294E3EA04FC719EF.e.8041/click - {}
RESULT: {}
COMMAND: GET /session/0ffaedec2ff4d329b9cb85ca897a1301/screenshot - {}
RESULT: {}
COMMAND: POST /session/0ffaedec2ff4d329b9cb85ca897a1301/element - {"using":"xpath","value":"//bdi[contains(text(), \"OK\")]"}
RESULT: {"using":"xpath","value":"//bdi[contains(text(), \"OK\")]"}
COMMAND: POST /session/0ffaedec2ff4d329b9cb85ca897a1301/element/f.9119AA68FED8A447B03A71089BFD3ED7.d.719F238F308CAFA6294E3EA04FC719EF.e.8045/click - {}
RESULT: {}
COMMAND: GET /session/0ffaedec2ff4d329b9cb85ca897a1301/screenshot - {}
RESULT: {}
COMMAND: POST /session/0ffaedec2ff4d329b9cb85ca897a1301/element - {"using":"xpath","value":"(//span[contains(text(), \"CO/SD checked\")]/parent::div/preceding-sibling::div/span)[1]"}
RESULT: {"using":"xpath","value":"(//span[contains(text(), \"CO/SD checked\")]/parent::div/preceding-sibling::div/span)[1]"}
COMMAND: POST /session/0ffaedec2ff4d329b9cb85ca897a1301/element/f.9119AA68FED8A447B03A71089BFD3ED7.d.719F238F308CAFA6294E3EA04FC719EF.e.8054/click - {}
RESULT: {}
COMMAND: GET /session/0ffaedec2ff4d329b9cb85ca897a1301/screenshot - {}
RESULT: {}
COMMAND: POST /session/0ffaedec2ff4d329b9cb85ca897a1301/element - {"using":"xpath","value":"//input[contains(@id ,\"application-billingtransfer-display-component---billingWorkbench--smartFilterBar-btnBasicSearch\")]"}
RESULT: {"using":"xpath","value":"//input[contains(@id ,\"application-billingtransfer-display-component---billingWorkbench--smartFilterBar-btnBasicSearch\")]"}
COMMAND: POST /session/0ffaedec2ff4d329b9cb85ca897a1301/elements - {"using":"xpath","value":"//input[contains(@id ,\"application-billingtransfer-display-component---billingWorkbench--smartFilterBar-btnBasicSearch\")]"}
RESULT: {"using":"xpath","value":"//input[contains(@id ,\"application-billingtransfer-display-component---billingWorkbench--smartFilterBar-btnBasicSearch\")]"}
COMMAND: POST /session/0ffaedec2ff4d329b9cb85ca897a1301/execute/sync - {"script":"<script> [8489 bytes]","args":[{"element-6066-11e4-a52e-4f735466cecf":"f.9119AA68FED8A447B03A71089BFD3ED7.d.719F238F308CAFA6294E3EA04FC719EF.e.7853","ELEMENT":"f.9119AA68FED8A447B03A71089BFD3ED7.d.719F238F308CAFA6294E3EA04FC719EF.e.7853"}]}
RESULT: {"script":"<script> [8489 bytes]","args":[{"element-6066-11e4-a52e-4f735466cecf":"f.9119AA68FED8A447B03A71089BFD3ED7.d.719F238F308CAFA6294E3EA04FC719EF.e.7853","ELEMENT":"f.9119AA68FED8A447B03A71089BFD3ED7.d.719F238F308CAFA6294E3EA04FC719EF.e.7853"}]}
COMMAND: GET /session/0ffaedec2ff4d329b9cb85ca897a1301/element/f.9119AA68FED8A447B03A71089BFD3ED7.d.719F238F308CAFA6294E3EA04FC719EF.e.7853/enabled - {}
COMMAND: GET /session/0ffaedec2ff4d329b9cb85ca897a1301/screenshot - {}
RESULT: {}
COMMAND: POST /session/0ffaedec2ff4d329b9cb85ca897a1301/element/f.9119AA68FED8A447B03A71089BFD3ED7.d.719F238F308CAFA6294E3EA04FC719EF.e.7853/click - {}
COMMAND: GET /session/0ffaedec2ff4d329b9cb85ca897a1301/screenshot - {}
RESULT: {}
RESULT: {}
COMMAND: GET /session/0ffaedec2ff4d329b9cb85ca897a1301/screenshot - {}
RESULT: {}
RESULT: {}
COMMAND: POST /session/0ffaedec2ff4d329b9cb85ca897a1301/element/f.9119AA68FED8A447B03A71089BFD3ED7.d.719F238F308CAFA6294E3EA04FC719EF.e.7853/clear - {}
RESULT: {}
COMMAND: POST /session/0ffaedec2ff4d329b9cb85ca897a1301/element/f.9119AA68FED8A447B03A71089BFD3ED7.d.719F238F308CAFA6294E3EA04FC719EF.e.7853/value - {"text":"10279"}
COMMAND: GET /session/0ffaedec2ff4d329b9cb85ca897a1301/screenshot - {}
RESULT: {"text":"10279"}
COMMAND: POST /session/0ffaedec2ff4d329b9cb85ca897a1301/actions - {"actions":[{"id":"action21","type":"key","parameters":{},"actions":[{"type":"keyDown","value":""},{"type":"pause","duration":10},{"type":"keyUp","value":""}]}]}
COMMAND: GET /session/0ffaedec2ff4d329b9cb85ca897a1301/screenshot - {}
RESULT: {}
RESULT: {"actions":[{"id":"action21","type":"key","parameters":{},"actions":[{"type":"keyDown","value":""},{"type":"pause","duration":10},{"type":"keyUp","value":""}]}]}
COMMAND: GET /session/0ffaedec2ff4d329b9cb85ca897a1301/screenshot - {}
RESULT: {}
RESULT: {}
COMMAND: POST /session/0ffaedec2ff4d329b9cb85ca897a1301/element - {"using":"xpath","value":"//span[contains(@id ,\"application-billingtransfer-display-component---billingWorkbench--smartTableBillingRuns-header-inner\")]"}
RESULT: {"using":"xpath","value":"//span[contains(@id ,\"application-billingtransfer-display-component---billingWorkbench--smartTableBillingRuns-header-inner\")]"}
COMMAND: POST /session/0ffaedec2ff4d329b9cb85ca897a1301/elements - {"using":"xpath","value":"//span[contains(@id ,\"application-billingtransfer-display-component---billingWorkbench--smartTableBillingRuns-header-inner\")]"}
RESULT: {"using":"xpath","value":"//span[contains(@id ,\"application-billingtransfer-display-component---billingWorkbench--smartTableBillingRuns-header-inner\")]"}
COMMAND: POST /session/0ffaedec2ff4d329b9cb85ca897a1301/execute/sync - {"script":"<script> [56 bytes]","args":[{"element-6066-11e4-a52e-4f735466cecf":"f.9119AA68FED8A447B03A71089BFD3ED7.d.719F238F308CAFA6294E3EA04FC719EF.e.8040","ELEMENT":"f.9119AA68FED8A447B03A71089BFD3ED7.d.719F238F308CAFA6294E3EA04FC719EF.e.8040"}]}
RESULT: {"script":"<script> [56 bytes]","args":[{"element-6066-11e4-a52e-4f735466cecf":"f.9119AA68FED8A447B03A71089BFD3ED7.d.719F238F308CAFA6294E3EA04FC719EF.e.8040","ELEMENT":"f.9119AA68FED8A447B03A71089BFD3ED7.d.719F238F308CAFA6294E3EA04FC719EF.e.8040"}]}
COMMAND: POST /session/0ffaedec2ff4d329b9cb85ca897a1301/element - {"using":"xpath","value":"//td[@aria-colindex=\"1\"]/div/div[contains(@class, \"sapMCbBg\")]"}
COMMAND: GET /session/0ffaedec2ff4d329b9cb85ca897a1301/screenshot - {}
RESULT: {"using":"xpath","value":"//td[@aria-colindex=\"1\"]/div/div[contains(@class, \"sapMCbBg\")]"}
COMMAND: POST /session/0ffaedec2ff4d329b9cb85ca897a1301/element/f.9119AA68FED8A447B03A71089BFD3ED7.d.719F238F308CAFA6294E3EA04FC719EF.e.8058/click - {}
RESULT: {}
RESULT: {}
COMMAND: GET /session/0ffaedec2ff4d329b9cb85ca897a1301/screenshot - {}
RESULT: {}
COMMAND: POST /session/0ffaedec2ff4d329b9cb85ca897a1301/element - {"using":"xpath","value":"//bdi[text()=\"Transfer\"]"}
RESULT: {"using":"xpath","value":"//bdi[text()=\"Transfer\"]"}
COMMAND: POST /session/0ffaedec2ff4d329b9cb85ca897a1301/element/f.9119AA68FED8A447B03A71089BFD3ED7.d.719F238F308CAFA6294E3EA04FC719EF.e.8059/click - {}
RESULT: {}
COMMAND: GET /session/0ffaedec2ff4d329b9cb85ca897a1301/screenshot - {}
RESULT: {}
COMMAND: POST /session/0ffaedec2ff4d329b9cb85ca897a1301/element - {"using":"xpath","value":"//bdi[contains(text(), \"OK\")]"}
RESULT: {"using":"xpath","value":"//bdi[contains(text(), \"OK\")]"}
COMMAND: POST /session/0ffaedec2ff4d329b9cb85ca897a1301/element/f.9119AA68FED8A447B03A71089BFD3ED7.d.719F238F308CAFA6294E3EA04FC719EF.e.8062/click - {}
RESULT: {}
COMMAND: GET /session/0ffaedec2ff4d329b9cb85ca897a1301/screenshot - {}
RESULT: {}
COMMAND: POST /session/0ffaedec2ff4d329b9cb85ca897a1301/element - {"using":"xpath","value":"(//span[contains(text(), \"Invoice open\")]/parent::div/preceding-sibling::div/span)[1]"}
RESULT: {"using":"xpath","value":"(//span[contains(text(), \"Invoice open\")]/parent::div/preceding-sibling::div/span)[1]"}
COMMAND: POST /session/0ffaedec2ff4d329b9cb85ca897a1301/element/f.9119AA68FED8A447B03A71089BFD3ED7.d.719F238F308CAFA6294E3EA04FC719EF.e.8070/click - {}
RESULT: {}
COMMAND: GET /session/0ffaedec2ff4d329b9cb85ca897a1301/screenshot - {}
RESULT: {}
COMMAND: POST /session/0ffaedec2ff4d329b9cb85ca897a1301/element - {"using":"xpath","value":"//input[contains(@id ,\"application-billingtransfer-display-component---billingWorkbench--smartFilterBar-btnBasicSearch\")]"}
RESULT: {"using":"xpath","value":"//input[contains(@id ,\"application-billingtransfer-display-component---billingWorkbench--smartFilterBar-btnBasicSearch\")]"}
COMMAND: POST /session/0ffaedec2ff4d329b9cb85ca897a1301/elements - {"using":"xpath","value":"//input[contains(@id ,\"application-billingtransfer-display-component---billingWorkbench--smartFilterBar-btnBasicSearch\")]"}
RESULT: {"using":"xpath","value":"//input[contains(@id ,\"application-billingtransfer-display-component---billingWorkbench--smartFilterBar-btnBasicSearch\")]"}
COMMAND: POST /session/0ffaedec2ff4d329b9cb85ca897a1301/execute/sync - {"script":"<script> [8489 bytes]","args":[{"element-6066-11e4-a52e-4f735466cecf":"f.9119AA68FED8A447B03A71089BFD3ED7.d.719F238F308CAFA6294E3EA04FC719EF.e.7853","ELEMENT":"f.9119AA68FED8A447B03A71089BFD3ED7.d.719F238F308CAFA6294E3EA04FC719EF.e.7853"}]}
RESULT: {"script":"<script> [8489 bytes]","args":[{"element-6066-11e4-a52e-4f735466cecf":"f.9119AA68FED8A447B03A71089BFD3ED7.d.719F238F308CAFA6294E3EA04FC719EF.e.7853","ELEMENT":"f.9119AA68FED8A447B03A71089BFD3ED7.d.719F238F308CAFA6294E3EA04FC719EF.e.7853"}]}
COMMAND: GET /session/0ffaedec2ff4d329b9cb85ca897a1301/element/f.9119AA68FED8A447B03A71089BFD3ED7.d.719F238F308CAFA6294E3EA04FC719EF.e.7853/enabled - {}
COMMAND: GET /session/0ffaedec2ff4d329b9cb85ca897a1301/screenshot - {}
RESULT: {}
COMMAND: POST /session/0ffaedec2ff4d329b9cb85ca897a1301/element/f.9119AA68FED8A447B03A71089BFD3ED7.d.719F238F308CAFA6294E3EA04FC719EF.e.7853/click - {}
COMMAND: GET /session/0ffaedec2ff4d329b9cb85ca897a1301/screenshot - {}
RESULT: {}
RESULT: {}
COMMAND: GET /session/0ffaedec2ff4d329b9cb85ca897a1301/screenshot - {}
RESULT: {}
RESULT: {}
COMMAND: POST /session/0ffaedec2ff4d329b9cb85ca897a1301/element/f.9119AA68FED8A447B03A71089BFD3ED7.d.719F238F308CAFA6294E3EA04FC719EF.e.7853/clear - {}
RESULT: {}
COMMAND: POST /session/0ffaedec2ff4d329b9cb85ca897a1301/element/f.9119AA68FED8A447B03A71089BFD3ED7.d.719F238F308CAFA6294E3EA04FC719EF.e.7853/value - {"text":"10279"}
COMMAND: GET /session/0ffaedec2ff4d329b9cb85ca897a1301/screenshot - {}
RESULT: {"text":"10279"}
COMMAND: POST /session/0ffaedec2ff4d329b9cb85ca897a1301/actions - {"actions":[{"id":"action22","type":"key","parameters":{},"actions":[{"type":"keyDown","value":""},{"type":"pause","duration":10},{"type":"keyUp","value":""}]}]}
COMMAND: GET /session/0ffaedec2ff4d329b9cb85ca897a1301/screenshot - {}
RESULT: {}
RESULT: {"actions":[{"id":"action22","type":"key","parameters":{},"actions":[{"type":"keyDown","value":""},{"type":"pause","duration":10},{"type":"keyUp","value":""}]}]}
COMMAND: GET /session/0ffaedec2ff4d329b9cb85ca897a1301/screenshot - {}
RESULT: {}
RESULT: {}
COMMAND: POST /session/0ffaedec2ff4d329b9cb85ca897a1301/element - {"using":"xpath","value":"//span[contains(@id ,\"application-billingtransfer-display-component---billingWorkbench--smartTableBillingRuns-header-inner\")]"}
RESULT: {"using":"xpath","value":"//span[contains(@id ,\"application-billingtransfer-display-component---billingWorkbench--smartTableBillingRuns-header-inner\")]"}
COMMAND: POST /session/0ffaedec2ff4d329b9cb85ca897a1301/elements - {"using":"xpath","value":"//span[contains(@id ,\"application-billingtransfer-display-component---billingWorkbench--smartTableBillingRuns-header-inner\")]"}
RESULT: {"using":"xpath","value":"//span[contains(@id ,\"application-billingtransfer-display-component---billingWorkbench--smartTableBillingRuns-header-inner\")]"}
COMMAND: POST /session/0ffaedec2ff4d329b9cb85ca897a1301/execute/sync - {"script":"<script> [56 bytes]","args":[{"element-6066-11e4-a52e-4f735466cecf":"f.9119AA68FED8A447B03A71089BFD3ED7.d.719F238F308CAFA6294E3EA04FC719EF.e.8040","ELEMENT":"f.9119AA68FED8A447B03A71089BFD3ED7.d.719F238F308CAFA6294E3EA04FC719EF.e.8040"}]}
RESULT: {"script":"<script> [56 bytes]","args":[{"element-6066-11e4-a52e-4f735466cecf":"f.9119AA68FED8A447B03A71089BFD3ED7.d.719F238F308CAFA6294E3EA04FC719EF.e.8040","ELEMENT":"f.9119AA68FED8A447B03A71089BFD3ED7.d.719F238F308CAFA6294E3EA04FC719EF.e.8040"}]}
COMMAND: POST /session/0ffaedec2ff4d329b9cb85ca897a1301/element - {"using":"css selector","value":"#shell-header-logo"}
COMMAND: GET /session/0ffaedec2ff4d329b9cb85ca897a1301/screenshot - {}
RESULT: {"using":"css selector","value":"#shell-header-logo"}
COMMAND: POST /session/0ffaedec2ff4d329b9cb85ca897a1301/element/f.9119AA68FED8A447B03A71089BFD3ED7.d.719F238F308CAFA6294E3EA04FC719EF.e.7851/click - {}
RESULT: {}
RESULT: {}
COMMAND: GET /session/0ffaedec2ff4d329b9cb85ca897a1301/screenshot - {}
RESULT: {}
COMMAND: POST /session/0ffaedec2ff4d329b9cb85ca897a1301/element - {"using":"css selector","value":"#j_username"}
COMMAND: POST /session/0ffaedec2ff4d329b9cb85ca897a1301/url - {"url":"https://qa-testing-00-live-etm-ui.cfapps.eu10-004.hana.ondemand.com/"}
RESULT: {"using":"css selector","value":"#j_username"}
COMMAND: POST /session/0ffaedec2ff4d329b9cb85ca897a1301/element - {"using":"css selector","value":"#j_username"}
RESULT: {"url":"https://qa-testing-00-live-etm-ui.cfapps.eu10-004.hana.ondemand.com/"}
RESULT: undefined
COMMAND: GET /session/0ffaedec2ff4d329b9cb85ca897a1301/screenshot - {}
RESULT: {"using":"css selector","value":"#j_username"}
COMMAND: POST /session/0ffaedec2ff4d329b9cb85ca897a1301/element - {"using":"css selector","value":"#shell-header-logo"}
RESULT: {}
RESULT: {"using":"css selector","value":"#shell-header-logo"}
COMMAND: POST /session/0ffaedec2ff4d329b9cb85ca897a1301/execute/sync - {"script":"<script> [8489 bytes]","args":[{"element-6066-11e4-a52e-4f735466cecf":"f.9119AA68FED8A447B03A71089BFD3ED7.d.F957507F1738A95D970D427FBF0A934C.e.8083","ELEMENT":"f.9119AA68FED8A447B03A71089BFD3ED7.d.F957507F1738A95D970D427FBF0A934C.e.8083"}]}
RESULT: {"script":"<script> [8489 bytes]","args":[{"element-6066-11e4-a52e-4f735466cecf":"f.9119AA68FED8A447B03A71089BFD3ED7.d.F957507F1738A95D970D427FBF0A934C.e.8083","ELEMENT":"f.9119AA68FED8A447B03A71089BFD3ED7.d.F957507F1738A95D970D427FBF0A934C.e.8083"}]}
COMMAND: POST /session/0ffaedec2ff4d329b9cb85ca897a1301/element - {"using":"css selector","value":"#shell-header-logo"}
COMMAND: GET /session/0ffaedec2ff4d329b9cb85ca897a1301/screenshot - {}
RESULT: {"using":"css selector","value":"#shell-header-logo"}
COMMAND: POST /session/0ffaedec2ff4d329b9cb85ca897a1301/execute/sync - {"script":"<script> [8489 bytes]","args":[{"element-6066-11e4-a52e-4f735466cecf":"f.9119AA68FED8A447B03A71089BFD3ED7.d.F957507F1738A95D970D427FBF0A934C.e.8083","ELEMENT":"f.9119AA68FED8A447B03A71089BFD3ED7.d.F957507F1738A95D970D427FBF0A934C.e.8083"}]}
RESULT: {}
RESULT: {"script":"<script> [8489 bytes]","args":[{"element-6066-11e4-a52e-4f735466cecf":"f.9119AA68FED8A447B03A71089BFD3ED7.d.F957507F1738A95D970D427FBF0A934C.e.8083","ELEMENT":"f.9119AA68FED8A447B03A71089BFD3ED7.d.F957507F1738A95D970D427FBF0A934C.e.8083"}]}
COMMAND: POST /session/0ffaedec2ff4d329b9cb85ca897a1301/execute/sync - {"script":"<script> [5351 bytes]","args":[{"element-6066-11e4-a52e-4f735466cecf":"f.9119AA68FED8A447B03A71089BFD3ED7.d.F957507F1738A95D970D427FBF0A934C.e.8083","ELEMENT":"f.9119AA68FED8A447B03A71089BFD3ED7.d.F957507F1738A95D970D427FBF0A934C.e.8083"}]}
COMMAND: GET /session/0ffaedec2ff4d329b9cb85ca897a1301/screenshot - {}
RESULT: {"script":"<script> [5351 bytes]","args":[{"element-6066-11e4-a52e-4f735466cecf":"f.9119AA68FED8A447B03A71089BFD3ED7.d.F957507F1738A95D970D427FBF0A934C.e.8083","ELEMENT":"f.9119AA68FED8A447B03A71089BFD3ED7.d.F957507F1738A95D970D427FBF0A934C.e.8083"}]}
COMMAND: POST /session/0ffaedec2ff4d329b9cb85ca897a1301/element - {"using":"css selector","value":"#shell-header-logo"}
COMMAND: GET /session/0ffaedec2ff4d329b9cb85ca897a1301/screenshot - {}
RESULT: {}
RESULT: {"using":"css selector","value":"#shell-header-logo"}
COMMAND: POST /session/0ffaedec2ff4d329b9cb85ca897a1301/element/f.9119AA68FED8A447B03A71089BFD3ED7.d.F957507F1738A95D970D427FBF0A934C.e.8083/click - {}
RESULT: {}
RESULT: {}
COMMAND: GET /session/0ffaedec2ff4d329b9cb85ca897a1301/screenshot - {}
RESULT: {}
COMMAND: POST /session/0ffaedec2ff4d329b9cb85ca897a1301/execute/async - {"script":"<script> [189 bytes]","args":[]}
RESULT: {"script":"<script> [189 bytes]","args":[]}
COMMAND: POST /session/0ffaedec2ff4d329b9cb85ca897a1301/execute/async - {"script":"<script> [123 bytes]","args":[]}
RESULT: {"script":"<script> [123 bytes]","args":[]}
COMMAND: POST /session/0ffaedec2ff4d329b9cb85ca897a1301/timeouts - {"script":"<number>"}
RESULT: {"script":"<number>"}
COMMAND: GET /session/0ffaedec2ff4d329b9cb85ca897a1301/timeouts - {}
RESULT: {}
RESULT: undefined
COMMAND: POST /session/0ffaedec2ff4d329b9cb85ca897a1301/execute/async - {"script":"<script> [2676 bytes]","args":[]}
RESULT: {"script":"<script> [2676 bytes]","args":[]}
COMMAND: POST /session/0ffaedec2ff4d329b9cb85ca897a1301/execute/async - {"script":"<script> [2342 bytes]","args":[{"protocol":"http","hostname":"0.0.0.0","path":"/","capabilities":{"browserName":"chrome","goog:chromeOptions":{"binary":"C:\\Program Files\\Google\\Chrome\\Application\\chrome.exe","args":["--start-maximized"]}},"logLevel":"warn","connectionRetryTimeout":120000,"connectionRetryCount":3,"logLevels":{},"enableDirectConnect":true,"strictSSL":true,"_":"65 more keys: [\"cacheDir\",\"port\",\"requestedCapabilities\",\"automationProtocol\",\"baseUrl\",\"waitforInterval\",\"waitforTimeout\",\"onReload\",\"beforeCommand\",\"afterCommand\",\"rootDir\",\"specs\",\"suites\",\"exclude\",\"groupLogsByTestSpec\",\"excludeDriverLogs\",\"bail\",\"framework\",\"reporters\",\"services\",\"maxInstances\",\"maxInstancesPerCapability\",\"injectGlobals\",\"filesToWatch\",\"execArgv\",\"runnerEnv\",\"runner\",\"shard\",\"specFileRetries\",\"specFileRetriesDelay\",\"specFileRetriesDeferred\",\"reporterSyncInterval\",\"reporterSyncTimeout\",\"cucumberFeaturesWithLineNumbers\",\"autoCompileOpts\",\"mochaOpts\",\"jasmineOpts\",\"cucumberOpts\",\"onPrepare\",\"onWorkerStart\",\"onWorkerEnd\",\"before\",\"beforeSession\",\"beforeSuite\",\"beforeHook\",\"beforeTest\",\"afterTest\",\"afterHook\",\"afterSuite\",\"afterSession\",\"after\",\"onComplete\",\"beforeAssertion\",\"afterAssertion\",\"beforeFeature\",\"beforeScenario\",\"beforeStep\",\"afterStep\",\"afterScenario\",\"afterFeature\",\"_\",\"suite\",\"$0\",\"ignoredWorkerServices\",\"wdi5\"]"}]}
RESULT: {"script":"<script> [2342 bytes]","args":[{"protocol":"http","hostname":"0.0.0.0","path":"/","capabilities":{"browserName":"chrome","goog:chromeOptions":{"binary":"C:\\Program Files\\Google\\Chrome\\Application\\chrome.exe","args":["--start-maximized"]}},"logLevel":"warn","connectionRetryTimeout":120000,"connectionRetryCount":3,"logLevels":{},"enableDirectConnect":true,"strictSSL":true,"_":"65 more keys: [\"cacheDir\",\"port\",\"requestedCapabilities\",\"automationProtocol\",\"baseUrl\",\"waitforInterval\",\"waitforTimeout\",\"onReload\",\"beforeCommand\",\"afterCommand\",\"rootDir\",\"specs\",\"suites\",\"exclude\",\"groupLogsByTestSpec\",\"excludeDriverLogs\",\"bail\",\"framework\",\"reporters\",\"services\",\"maxInstances\",\"maxInstancesPerCapability\",\"injectGlobals\",\"filesToWatch\",\"execArgv\",\"runnerEnv\",\"runner\",\"shard\",\"specFileRetries\",\"specFileRetriesDelay\",\"specFileRetriesDeferred\",\"reporterSyncInterval\",\"reporterSyncTimeout\",\"cucumberFeaturesWithLineNumbers\",\"autoCompileOpts\",\"mochaOpts\",\"jasmineOpts\",\"cucumberOpts\",\"onPrepare\",\"onWorkerStart\",\"onWorkerEnd\",\"before\",\"beforeSession\",\"beforeSuite\",\"beforeHook\",\"beforeTest\",\"afterTest\",\"afterHook\",\"afterSuite\",\"afterSession\",\"after\",\"onComplete\",\"beforeAssertion\",\"afterAssertion\",\"beforeFeature\",\"beforeScenario\",\"beforeStep\",\"afterStep\",\"afterScenario\",\"afterFeature\",\"_\",\"suite\",\"$0\",\"ignoredWorkerServices\",\"wdi5\"]"}]}
COMMAND: POST /session/0ffaedec2ff4d329b9cb85ca897a1301/execute/async - {"script":"<script> [21126 bytes]","args":[35000]}
RESULT: {"script":"<script> [21126 bytes]","args":[35000]}
COMMAND: POST /session/0ffaedec2ff4d329b9cb85ca897a1301/window/maximize - {}
RESULT: {}
COMMAND: POST /session/0ffaedec2ff4d329b9cb85ca897a1301/execute/async - {"script":"<script> [1562 bytes]","args":[{"selector":{"id":"shell-header","interaction":{"idSuffix":"icon"}},"wdio_ui5_key":"shellheader"}]}
COMMAND: GET /session/0ffaedec2ff4d329b9cb85ca897a1301/screenshot - {}
RESULT: {"script":"<script> [1562 bytes]","args":[{"selector":{"id":"shell-header","interaction":{"idSuffix":"icon"}},"wdio_ui5_key":"shellheader"}]}
RESULT: undefined
COMMAND: POST /session/0ffaedec2ff4d329b9cb85ca897a1301/refresh - {}
RESULT: {}
RESULT: {}
COMMAND: GET /session/0ffaedec2ff4d329b9cb85ca897a1301/screenshot - {}
RESULT: {}
COMMAND: POST /session/0ffaedec2ff4d329b9cb85ca897a1301/refresh - {}
RESULT: {}
COMMAND: GET /session/0ffaedec2ff4d329b9cb85ca897a1301/screenshot - {}
RESULT: {}
COMMAND: POST /session/0ffaedec2ff4d329b9cb85ca897a1301/window/fullscreen - {}
RESULT: {}
COMMAND: POST /session/0ffaedec2ff4d329b9cb85ca897a1301/execute/async - {"script":"<script> [189 bytes]","args":[]}
RESULT: {"script":"<script> [189 bytes]","args":[]}
COMMAND: POST /session/0ffaedec2ff4d329b9cb85ca897a1301/execute/async - {"script":"<script> [123 bytes]","args":[]}
RESULT: {"script":"<script> [123 bytes]","args":[]}
COMMAND: POST /session/0ffaedec2ff4d329b9cb85ca897a1301/timeouts - {"script":"<number>"}
RESULT: {"script":"<number>"}
COMMAND: GET /session/0ffaedec2ff4d329b9cb85ca897a1301/timeouts - {}
RESULT: {}
RESULT: undefined
COMMAND: POST /session/0ffaedec2ff4d329b9cb85ca897a1301/execute/async - {"script":"<script> [2676 bytes]","args":[]}
RESULT: {"script":"<script> [2676 bytes]","args":[]}
COMMAND: POST /session/0ffaedec2ff4d329b9cb85ca897a1301/execute/async - {"script":"<script> [2342 bytes]","args":[{"protocol":"http","hostname":"0.0.0.0","path":"/","capabilities":{"browserName":"chrome","goog:chromeOptions":{"binary":"C:\\Program Files\\Google\\Chrome\\Application\\chrome.exe","args":["--start-maximized"]}},"logLevel":"warn","connectionRetryTimeout":120000,"connectionRetryCount":3,"logLevels":{},"enableDirectConnect":true,"strictSSL":true,"_":"65 more keys: [\"cacheDir\",\"port\",\"requestedCapabilities\",\"automationProtocol\",\"baseUrl\",\"waitforInterval\",\"waitforTimeout\",\"onReload\",\"beforeCommand\",\"afterCommand\",\"rootDir\",\"specs\",\"suites\",\"exclude\",\"groupLogsByTestSpec\",\"excludeDriverLogs\",\"bail\",\"framework\",\"reporters\",\"services\",\"maxInstances\",\"maxInstancesPerCapability\",\"injectGlobals\",\"filesToWatch\",\"execArgv\",\"runnerEnv\",\"runner\",\"shard\",\"specFileRetries\",\"specFileRetriesDelay\",\"specFileRetriesDeferred\",\"reporterSyncInterval\",\"reporterSyncTimeout\",\"cucumberFeaturesWithLineNumbers\",\"autoCompileOpts\",\"mochaOpts\",\"jasmineOpts\",\"cucumberOpts\",\"onPrepare\",\"onWorkerStart\",\"onWorkerEnd\",\"before\",\"beforeSession\",\"beforeSuite\",\"beforeHook\",\"beforeTest\",\"afterTest\",\"afterHook\",\"afterSuite\",\"afterSession\",\"after\",\"onComplete\",\"beforeAssertion\",\"afterAssertion\",\"beforeFeature\",\"beforeScenario\",\"beforeStep\",\"afterStep\",\"afterScenario\",\"afterFeature\",\"_\",\"suite\",\"$0\",\"ignoredWorkerServices\",\"wdi5\"]"}]}
RESULT: {"script":"<script> [2342 bytes]","args":[{"protocol":"http","hostname":"0.0.0.0","path":"/","capabilities":{"browserName":"chrome","goog:chromeOptions":{"binary":"C:\\Program Files\\Google\\Chrome\\Application\\chrome.exe","args":["--start-maximized"]}},"logLevel":"warn","connectionRetryTimeout":120000,"connectionRetryCount":3,"logLevels":{},"enableDirectConnect":true,"strictSSL":true,"_":"65 more keys: [\"cacheDir\",\"port\",\"requestedCapabilities\",\"automationProtocol\",\"baseUrl\",\"waitforInterval\",\"waitforTimeout\",\"onReload\",\"beforeCommand\",\"afterCommand\",\"rootDir\",\"specs\",\"suites\",\"exclude\",\"groupLogsByTestSpec\",\"excludeDriverLogs\",\"bail\",\"framework\",\"reporters\",\"services\",\"maxInstances\",\"maxInstancesPerCapability\",\"injectGlobals\",\"filesToWatch\",\"execArgv\",\"runnerEnv\",\"runner\",\"shard\",\"specFileRetries\",\"specFileRetriesDelay\",\"specFileRetriesDeferred\",\"reporterSyncInterval\",\"reporterSyncTimeout\",\"cucumberFeaturesWithLineNumbers\",\"autoCompileOpts\",\"mochaOpts\",\"jasmineOpts\",\"cucumberOpts\",\"onPrepare\",\"onWorkerStart\",\"onWorkerEnd\",\"before\",\"beforeSession\",\"beforeSuite\",\"beforeHook\",\"beforeTest\",\"afterTest\",\"afterHook\",\"afterSuite\",\"afterSession\",\"after\",\"onComplete\",\"beforeAssertion\",\"afterAssertion\",\"beforeFeature\",\"beforeScenario\",\"beforeStep\",\"afterStep\",\"afterScenario\",\"afterFeature\",\"_\",\"suite\",\"$0\",\"ignoredWorkerServices\",\"wdi5\"]"}]}
COMMAND: POST /session/0ffaedec2ff4d329b9cb85ca897a1301/execute/async - {"script":"<script> [21126 bytes]","args":[35000]}
RESULT: {"script":"<script> [21126 bytes]","args":[35000]}
]]></system-out>
    </testcase>
  </testsuite>
  <testsuite timestamp="2025-05-26T17:42:51" time="1020.834" tests="12" failures="0" errors="0" skipped="0">
    <properties>
      <property name="specId" value="0"/>
      <property name="suiteName" value="Billing Transfer - Intracompany US127249"/>
      <property name="capabilities" value="chrome.136_0_7103_93.windows"/>
      <property name="file" value="file:///D:/a/1/s/test/specs/BTS/billing-transfer-intracompany.spec.js"/>
    </properties>
    <testcase classname="chrome.136_0_7103_93.windows.Billing_Transfer_-_Intracompany_US127249" name="Should create a new yard" time="120.196">
      <system-out><![CDATA[
COMMAND: POST /session/0ffaedec2ff4d329b9cb85ca897a1301/window/fullscreen - {}
RESULT: {}
COMMAND: POST /session/0ffaedec2ff4d329b9cb85ca897a1301/execute/async - {"script":"<script> [1562 bytes]","args":[{"selector":{"controlType":"sap.m.GenericTile","properties":{"header":"Manage Yards"}},"wdio_ui5_key":"sapm.GenericTile{\"header\":\"Manage Yards\"}"}]}
RESULT: {"script":"<script> [1562 bytes]","args":[{"selector":{"controlType":"sap.m.GenericTile","properties":{"header":"Manage Yards"}},"wdio_ui5_key":"sapm.GenericTile{\"header\":\"Manage Yards\"}"}]}
RESULT: undefined
COMMAND: POST /session/0ffaedec2ff4d329b9cb85ca897a1301/element - {"using":"xpath","value":"//*[@id=\"__tile41\"]"}
RESULT: {"using":"xpath","value":"//*[@id=\"__tile41\"]"}
COMMAND: POST /session/0ffaedec2ff4d329b9cb85ca897a1301/element/f.9119AA68FED8A447B03A71089BFD3ED7.d.BD22541741102C8AA4E5BCFC8F08F025.e.8249/click - {}
RESULT: {}
COMMAND: GET /session/0ffaedec2ff4d329b9cb85ca897a1301/screenshot - {}
RESULT: {}
COMMAND: POST /session/0ffaedec2ff4d329b9cb85ca897a1301/elements - {"using":"xpath","value":"//span[text()='Error']"}
RESULT: {"using":"xpath","value":"//span[text()='Error']"}
COMMAND: POST /session/0ffaedec2ff4d329b9cb85ca897a1301/element - {"using":"xpath","value":"//button[@data-kt=\"addNewYardOverflowToolbarButton\"]"}
RESULT: {"using":"xpath","value":"//button[@data-kt=\"addNewYardOverflowToolbarButton\"]"}
COMMAND: POST /session/0ffaedec2ff4d329b9cb85ca897a1301/elements - {"using":"xpath","value":"//button[@data-kt=\"addNewYardOverflowToolbarButton\"]"}
RESULT: {"using":"xpath","value":"//button[@data-kt=\"addNewYardOverflowToolbarButton\"]"}
COMMAND: POST /session/0ffaedec2ff4d329b9cb85ca897a1301/elements - {"using":"xpath","value":"//button[@data-kt=\"addNewYardOverflowToolbarButton\"]"}
RESULT: {"using":"xpath","value":"//button[@data-kt=\"addNewYardOverflowToolbarButton\"]"}
COMMAND: POST /session/0ffaedec2ff4d329b9cb85ca897a1301/element - {"using":"xpath","value":"//button[@data-kt=\"addNewYardOverflowToolbarButton\"]"}
RESULT: {"using":"xpath","value":"//button[@data-kt=\"addNewYardOverflowToolbarButton\"]"}
COMMAND: POST /session/0ffaedec2ff4d329b9cb85ca897a1301/execute/sync - {"script":"<script> [8489 bytes]","args":[{"element-6066-11e4-a52e-4f735466cecf":"f.9119AA68FED8A447B03A71089BFD3ED7.d.BD22541741102C8AA4E5BCFC8F08F025.e.8375","ELEMENT":"f.9119AA68FED8A447B03A71089BFD3ED7.d.BD22541741102C8AA4E5BCFC8F08F025.e.8375"}]}
RESULT: {"script":"<script> [8489 bytes]","args":[{"element-6066-11e4-a52e-4f735466cecf":"f.9119AA68FED8A447B03A71089BFD3ED7.d.BD22541741102C8AA4E5BCFC8F08F025.e.8375","ELEMENT":"f.9119AA68FED8A447B03A71089BFD3ED7.d.BD22541741102C8AA4E5BCFC8F08F025.e.8375"}]}
COMMAND: GET /session/0ffaedec2ff4d329b9cb85ca897a1301/element/f.9119AA68FED8A447B03A71089BFD3ED7.d.BD22541741102C8AA4E5BCFC8F08F025.e.8375/enabled - {}
COMMAND: GET /session/0ffaedec2ff4d329b9cb85ca897a1301/screenshot - {}
RESULT: {}
COMMAND: POST /session/0ffaedec2ff4d329b9cb85ca897a1301/execute/sync - {"script":"<script> [8489 bytes]","args":[{"element-6066-11e4-a52e-4f735466cecf":"f.9119AA68FED8A447B03A71089BFD3ED7.d.BD22541741102C8AA4E5BCFC8F08F025.e.8375","ELEMENT":"f.9119AA68FED8A447B03A71089BFD3ED7.d.BD22541741102C8AA4E5BCFC8F08F025.e.8375"}]}
COMMAND: GET /session/0ffaedec2ff4d329b9cb85ca897a1301/screenshot - {}
RESULT: {}
RESULT: {"script":"<script> [8489 bytes]","args":[{"element-6066-11e4-a52e-4f735466cecf":"f.9119AA68FED8A447B03A71089BFD3ED7.d.BD22541741102C8AA4E5BCFC8F08F025.e.8375","ELEMENT":"f.9119AA68FED8A447B03A71089BFD3ED7.d.BD22541741102C8AA4E5BCFC8F08F025.e.8375"}]}
COMMAND: POST /session/0ffaedec2ff4d329b9cb85ca897a1301/execute/sync - {"script":"<script> [5351 bytes]","args":[{"element-6066-11e4-a52e-4f735466cecf":"f.9119AA68FED8A447B03A71089BFD3ED7.d.BD22541741102C8AA4E5BCFC8F08F025.e.8375","ELEMENT":"f.9119AA68FED8A447B03A71089BFD3ED7.d.BD22541741102C8AA4E5BCFC8F08F025.e.8375"}]}
COMMAND: GET /session/0ffaedec2ff4d329b9cb85ca897a1301/screenshot - {}
RESULT: {}
RESULT: {"script":"<script> [5351 bytes]","args":[{"element-6066-11e4-a52e-4f735466cecf":"f.9119AA68FED8A447B03A71089BFD3ED7.d.BD22541741102C8AA4E5BCFC8F08F025.e.8375","ELEMENT":"f.9119AA68FED8A447B03A71089BFD3ED7.d.BD22541741102C8AA4E5BCFC8F08F025.e.8375"}]}
COMMAND: POST /session/0ffaedec2ff4d329b9cb85ca897a1301/element/f.9119AA68FED8A447B03A71089BFD3ED7.d.BD22541741102C8AA4E5BCFC8F08F025.e.8375/click - {}
COMMAND: GET /session/0ffaedec2ff4d329b9cb85ca897a1301/screenshot - {}
RESULT: {}
RESULT: {}
COMMAND: GET /session/0ffaedec2ff4d329b9cb85ca897a1301/screenshot - {}
RESULT: {}
RESULT: {}
COMMAND: POST /session/0ffaedec2ff4d329b9cb85ca897a1301/element - {"using":"xpath","value":"//input[@id=\"application-manageyards-display-component---NewYard--yardId-inner\"]"}
RESULT: {"using":"xpath","value":"//input[@id=\"application-manageyards-display-component---NewYard--yardId-inner\"]"}
COMMAND: POST /session/0ffaedec2ff4d329b9cb85ca897a1301/element - {"using":"xpath","value":"//input[@id=\"application-manageyards-display-component---NewYard--yardId-inner\"]"}
RESULT: {"using":"xpath","value":"//input[@id=\"application-manageyards-display-component---NewYard--yardId-inner\"]"}
COMMAND: POST /session/0ffaedec2ff4d329b9cb85ca897a1301/execute/async - {"script":"<script> [1562 bytes]","args":[{"selector":{"id":"application-manageyards-display-component---NewYard--addressDetailDetailsName1","interaction":{"idSuffix":"inner"}},"wdio_ui5_key":"applicationmanageyards-display-component---NewYard--addressDetailDetailsName1"}]}
RESULT: {"script":"<script> [1562 bytes]","args":[{"selector":{"id":"application-manageyards-display-component---NewYard--addressDetailDetailsName1","interaction":{"idSuffix":"inner"}},"wdio_ui5_key":"applicationmanageyards-display-component---NewYard--addressDetailDetailsName1"}]}
RESULT: undefined
COMMAND: POST /session/0ffaedec2ff4d329b9cb85ca897a1301/execute/async - {"script":"<script> [776 bytes]","args":[{"enterText":"Intracompany Yard wdIO","selector":{"id":"application-manageyards-display-component---NewYard--addressDetailDetailsName1","interaction":{"idSuffix":"inner"}},"clearTextFirst":true,"interactionType":"ENTER_TEXT"}]}
RESULT: {"script":"<script> [776 bytes]","args":[{"enterText":"Intracompany Yard wdIO","selector":{"id":"application-manageyards-display-component---NewYard--addressDetailDetailsName1","interaction":{"idSuffix":"inner"}},"clearTextFirst":true,"interactionType":"ENTER_TEXT"}]}
COMMAND: POST /session/0ffaedec2ff4d329b9cb85ca897a1301/execute/async - {"script":"<script> [1562 bytes]","args":[{"selector":{"id":"application-manageyards-display-component---NewYard--addressDetailDetailsLanguage-arrow"},"wdio_ui5_key":"applicationmanageyards-display-component---NewYard--addressDetailDetailsLanguage-arrow"}]}
RESULT: {"script":"<script> [1562 bytes]","args":[{"selector":{"id":"application-manageyards-display-component---NewYard--addressDetailDetailsLanguage-arrow"},"wdio_ui5_key":"applicationmanageyards-display-component---NewYard--addressDetailDetailsLanguage-arrow"}]}
RESULT: undefined
COMMAND: POST /session/0ffaedec2ff4d329b9cb85ca897a1301/element - {"using":"xpath","value":"//*[@id=\"application-manageyards-display-component---NewYard--addressDetailDetailsLanguage-arrow\"]"}
RESULT: {"using":"xpath","value":"//*[@id=\"application-manageyards-display-component---NewYard--addressDetailDetailsLanguage-arrow\"]"}
COMMAND: POST /session/0ffaedec2ff4d329b9cb85ca897a1301/element/f.9119AA68FED8A447B03A71089BFD3ED7.d.BD22541741102C8AA4E5BCFC8F08F025.e.8814/click - {}
RESULT: {}
COMMAND: POST /session/0ffaedec2ff4d329b9cb85ca897a1301/element - {"using":"xpath","value":"//span[contains(text(), \"English\")]"}
COMMAND: GET /session/0ffaedec2ff4d329b9cb85ca897a1301/screenshot - {}
RESULT: {"using":"xpath","value":"//span[contains(text(), \"English\")]"}
COMMAND: POST /session/0ffaedec2ff4d329b9cb85ca897a1301/element/f.9119AA68FED8A447B03A71089BFD3ED7.d.BD22541741102C8AA4E5BCFC8F08F025.e.8815/click - {}
RESULT: {}
RESULT: {}
COMMAND: POST /session/0ffaedec2ff4d329b9cb85ca897a1301/execute/async - {"script":"<script> [1562 bytes]","args":[{"selector":{"id":"application-manageyards-display-component---NewYard--addressDetailDetailsCity1","interaction":{"idSuffix":"inner"}},"wdio_ui5_key":"applicationmanageyards-display-component---NewYard--addressDetailDetailsCity1"}]}
COMMAND: GET /session/0ffaedec2ff4d329b9cb85ca897a1301/screenshot - {}
RESULT: {"script":"<script> [1562 bytes]","args":[{"selector":{"id":"application-manageyards-display-component---NewYard--addressDetailDetailsCity1","interaction":{"idSuffix":"inner"}},"wdio_ui5_key":"applicationmanageyards-display-component---NewYard--addressDetailDetailsCity1"}]}
RESULT: undefined
COMMAND: POST /session/0ffaedec2ff4d329b9cb85ca897a1301/execute/async - {"script":"<script> [776 bytes]","args":[{"enterText":"Rosario","selector":{"id":"application-manageyards-display-component---NewYard--addressDetailDetailsCity1","interaction":{"idSuffix":"inner"}},"clearTextFirst":true,"interactionType":"ENTER_TEXT"}]}
RESULT: {}
RESULT: {"script":"<script> [776 bytes]","args":[{"enterText":"Rosario","selector":{"id":"application-manageyards-display-component---NewYard--addressDetailDetailsCity1","interaction":{"idSuffix":"inner"}},"clearTextFirst":true,"interactionType":"ENTER_TEXT"}]}
COMMAND: POST /session/0ffaedec2ff4d329b9cb85ca897a1301/execute/async - {"script":"<script> [1562 bytes]","args":[{"selector":{"id":"application-manageyards-display-component---NewYard--addressDetailDetailsCountry-arrow"},"wdio_ui5_key":"applicationmanageyards-display-component---NewYard--addressDetailDetailsCountry-arrow"}]}
RESULT: {"script":"<script> [1562 bytes]","args":[{"selector":{"id":"application-manageyards-display-component---NewYard--addressDetailDetailsCountry-arrow"},"wdio_ui5_key":"applicationmanageyards-display-component---NewYard--addressDetailDetailsCountry-arrow"}]}
RESULT: undefined
COMMAND: POST /session/0ffaedec2ff4d329b9cb85ca897a1301/element - {"using":"xpath","value":"//*[@id=\"application-manageyards-display-component---NewYard--addressDetailDetailsCountry-arrow\"]"}
RESULT: {"using":"xpath","value":"//*[@id=\"application-manageyards-display-component---NewYard--addressDetailDetailsCountry-arrow\"]"}
COMMAND: POST /session/0ffaedec2ff4d329b9cb85ca897a1301/element/f.9119AA68FED8A447B03A71089BFD3ED7.d.BD22541741102C8AA4E5BCFC8F08F025.e.8817/click - {}
RESULT: {}
COMMAND: POST /session/0ffaedec2ff4d329b9cb85ca897a1301/element - {"using":"xpath","value":"//span[contains(text(), \"Argentina\")]"}
COMMAND: GET /session/0ffaedec2ff4d329b9cb85ca897a1301/screenshot - {}
RESULT: {"using":"xpath","value":"//span[contains(text(), \"Argentina\")]"}
COMMAND: POST /session/0ffaedec2ff4d329b9cb85ca897a1301/element/f.9119AA68FED8A447B03A71089BFD3ED7.d.BD22541741102C8AA4E5BCFC8F08F025.e.8818/click - {}
RESULT: {}
RESULT: {}
COMMAND: POST /session/0ffaedec2ff4d329b9cb85ca897a1301/execute/async - {"script":"<script> [1562 bytes]","args":[{"selector":{"id":"application-manageyards-display-component---NewYard--addressEditDetailsCostObjectCstType-arrow"},"wdio_ui5_key":"applicationmanageyards-display-component---NewYard--addressEditDetailsCostObjectCstType-arrow"}]}
COMMAND: GET /session/0ffaedec2ff4d329b9cb85ca897a1301/screenshot - {}
RESULT: {"script":"<script> [1562 bytes]","args":[{"selector":{"id":"application-manageyards-display-component---NewYard--addressEditDetailsCostObjectCstType-arrow"},"wdio_ui5_key":"applicationmanageyards-display-component---NewYard--addressEditDetailsCostObjectCstType-arrow"}]}
RESULT: undefined
COMMAND: POST /session/0ffaedec2ff4d329b9cb85ca897a1301/element - {"using":"xpath","value":"//*[@id=\"application-manageyards-display-component---NewYard--addressEditDetailsCostObjectCstType-arrow\"]"}
RESULT: {}
RESULT: {"using":"xpath","value":"//*[@id=\"application-manageyards-display-component---NewYard--addressEditDetailsCostObjectCstType-arrow\"]"}
COMMAND: POST /session/0ffaedec2ff4d329b9cb85ca897a1301/element/f.9119AA68FED8A447B03A71089BFD3ED7.d.BD22541741102C8AA4E5BCFC8F08F025.e.8820/click - {}
RESULT: {}
COMMAND: POST /session/0ffaedec2ff4d329b9cb85ca897a1301/element - {"using":"xpath","value":"//span[contains(text(), \"Cost Center\")]"}
COMMAND: GET /session/0ffaedec2ff4d329b9cb85ca897a1301/screenshot - {}
RESULT: {"using":"xpath","value":"//span[contains(text(), \"Cost Center\")]"}
COMMAND: POST /session/0ffaedec2ff4d329b9cb85ca897a1301/element/f.9119AA68FED8A447B03A71089BFD3ED7.d.BD22541741102C8AA4E5BCFC8F08F025.e.8821/click - {}
RESULT: {}
RESULT: {}
COMMAND: GET /session/0ffaedec2ff4d329b9cb85ca897a1301/screenshot - {}
RESULT: {}
COMMAND: POST /session/0ffaedec2ff4d329b9cb85ca897a1301/element - {"using":"xpath","value":"//span[@id=\"application-manageyards-display-component---NewYard--addressNewCostObjectCstID-vhi\"]"}
RESULT: {"using":"xpath","value":"//span[@id=\"application-manageyards-display-component---NewYard--addressNewCostObjectCstID-vhi\"]"}
COMMAND: POST /session/0ffaedec2ff4d329b9cb85ca897a1301/execute/sync - {"script":"<script> [8489 bytes]","args":[{"element-6066-11e4-a52e-4f735466cecf":"f.9119AA68FED8A447B03A71089BFD3ED7.d.BD22541741102C8AA4E5BCFC8F08F025.e.8825","ELEMENT":"f.9119AA68FED8A447B03A71089BFD3ED7.d.BD22541741102C8AA4E5BCFC8F08F025.e.8825"}]}
RESULT: {"script":"<script> [8489 bytes]","args":[{"element-6066-11e4-a52e-4f735466cecf":"f.9119AA68FED8A447B03A71089BFD3ED7.d.BD22541741102C8AA4E5BCFC8F08F025.e.8825","ELEMENT":"f.9119AA68FED8A447B03A71089BFD3ED7.d.BD22541741102C8AA4E5BCFC8F08F025.e.8825"}]}
COMMAND: POST /session/0ffaedec2ff4d329b9cb85ca897a1301/execute/async - {"script":"<script> [1562 bytes]","args":[{"selector":{"id":"application-manageyards-display-component---NewYard--addressNewCostObjectCstID-vhi"},"wdio_ui5_key":"applicationmanageyards-display-component---NewYard--addressNewCostObjectCstID-vhi"}]}
COMMAND: GET /session/0ffaedec2ff4d329b9cb85ca897a1301/screenshot - {}
RESULT: {"script":"<script> [1562 bytes]","args":[{"selector":{"id":"application-manageyards-display-component---NewYard--addressNewCostObjectCstID-vhi"},"wdio_ui5_key":"applicationmanageyards-display-component---NewYard--addressNewCostObjectCstID-vhi"}]}
RESULT: undefined
COMMAND: POST /session/0ffaedec2ff4d329b9cb85ca897a1301/element - {"using":"xpath","value":"//*[@id=\"application-manageyards-display-component---NewYard--addressNewCostObjectCstID-vhi\"]"}
RESULT: {}
RESULT: {"using":"xpath","value":"//*[@id=\"application-manageyards-display-component---NewYard--addressNewCostObjectCstID-vhi\"]"}
COMMAND: POST /session/0ffaedec2ff4d329b9cb85ca897a1301/element/f.9119AA68FED8A447B03A71089BFD3ED7.d.BD22541741102C8AA4E5BCFC8F08F025.e.8825/click - {}
RESULT: {}
COMMAND: GET /session/0ffaedec2ff4d329b9cb85ca897a1301/screenshot - {}
RESULT: {}
COMMAND: POST /session/0ffaedec2ff4d329b9cb85ca897a1301/execute/async - {"script":"<script> [1562 bytes]","args":[{"selector":{"controlType":"sap.m.SearchField","properties":{"placeholder":"Search"},"searchOpenDialogs":true,"interaction":{"idSuffix":"I"}},"wdio_ui5_key":"sapm.SearchField{\"placeholder\":\"Search\"}"}]}
RESULT: {"script":"<script> [1562 bytes]","args":[{"selector":{"controlType":"sap.m.SearchField","properties":{"placeholder":"Search"},"searchOpenDialogs":true,"interaction":{"idSuffix":"I"}},"wdio_ui5_key":"sapm.SearchField{\"placeholder\":\"Search\"}"}]}
RESULT: undefined
COMMAND: POST /session/0ffaedec2ff4d329b9cb85ca897a1301/execute/async - {"script":"<script> [776 bytes]","args":[{"enterText":"bauh_b","selector":{"controlType":"sap.m.SearchField","properties":{"placeholder":"Search"},"searchOpenDialogs":true,"interaction":{"idSuffix":"I"}},"clearTextFirst":true,"interactionType":"ENTER_TEXT"}]}
RESULT: {"script":"<script> [776 bytes]","args":[{"enterText":"bauh_b","selector":{"controlType":"sap.m.SearchField","properties":{"placeholder":"Search"},"searchOpenDialogs":true,"interaction":{"idSuffix":"I"}},"clearTextFirst":true,"interactionType":"ENTER_TEXT"}]}
COMMAND: POST /session/0ffaedec2ff4d329b9cb85ca897a1301/actions - {"actions":[{"id":"action23","type":"key","parameters":{},"actions":[{"type":"keyDown","value":""},{"type":"pause","duration":10},{"type":"keyUp","value":""}]}]}
RESULT: {"actions":[{"id":"action23","type":"key","parameters":{},"actions":[{"type":"keyDown","value":""},{"type":"pause","duration":10},{"type":"keyUp","value":""}]}]}
COMMAND: GET /session/0ffaedec2ff4d329b9cb85ca897a1301/screenshot - {}
RESULT: {}
COMMAND: POST /session/0ffaedec2ff4d329b9cb85ca897a1301/element - {"using":"xpath","value":"//span[contains(text(), \"Demo Yard\")]"}
RESULT: {"using":"xpath","value":"//span[contains(text(), \"Demo Yard\")]"}
COMMAND: POST /session/0ffaedec2ff4d329b9cb85ca897a1301/element/f.9119AA68FED8A447B03A71089BFD3ED7.d.BD22541741102C8AA4E5BCFC8F08F025.e.8865/click - {}
RESULT: {}
COMMAND: GET /session/0ffaedec2ff4d329b9cb85ca897a1301/screenshot - {}
RESULT: {}
COMMAND: POST /session/0ffaedec2ff4d329b9cb85ca897a1301/element - {"using":"xpath","value":"//bdi[contains(text(), \"OK\")]"}
RESULT: {"using":"xpath","value":"//bdi[contains(text(), \"OK\")]"}
COMMAND: POST /session/0ffaedec2ff4d329b9cb85ca897a1301/element/f.9119AA68FED8A447B03A71089BFD3ED7.d.BD22541741102C8AA4E5BCFC8F08F025.e.8866/click - {}
RESULT: {}
COMMAND: GET /session/0ffaedec2ff4d329b9cb85ca897a1301/screenshot - {}
RESULT: {}
COMMAND: POST /session/0ffaedec2ff4d329b9cb85ca897a1301/execute/async - {"script":"<script> [1562 bytes]","args":[{"selector":{"id":"application-manageyards-display-component---NewYard--addressEditDetailsCurrency-arrow"},"wdio_ui5_key":"applicationmanageyards-display-component---NewYard--addressEditDetailsCurrency-arrow"}]}
RESULT: {"script":"<script> [1562 bytes]","args":[{"selector":{"id":"application-manageyards-display-component---NewYard--addressEditDetailsCurrency-arrow"},"wdio_ui5_key":"applicationmanageyards-display-component---NewYard--addressEditDetailsCurrency-arrow"}]}
RESULT: undefined
COMMAND: POST /session/0ffaedec2ff4d329b9cb85ca897a1301/element - {"using":"xpath","value":"//*[@id=\"application-manageyards-display-component---NewYard--addressEditDetailsCurrency-arrow\"]"}
RESULT: {"using":"xpath","value":"//*[@id=\"application-manageyards-display-component---NewYard--addressEditDetailsCurrency-arrow\"]"}
COMMAND: POST /session/0ffaedec2ff4d329b9cb85ca897a1301/element/f.9119AA68FED8A447B03A71089BFD3ED7.d.BD22541741102C8AA4E5BCFC8F08F025.e.8869/click - {}
RESULT: {}
COMMAND: POST /session/0ffaedec2ff4d329b9cb85ca897a1301/element - {"using":"xpath","value":"//span[contains(text(), \"Euro\")]"}
COMMAND: GET /session/0ffaedec2ff4d329b9cb85ca897a1301/screenshot - {}
RESULT: {"using":"xpath","value":"//span[contains(text(), \"Euro\")]"}
COMMAND: POST /session/0ffaedec2ff4d329b9cb85ca897a1301/element/f.9119AA68FED8A447B03A71089BFD3ED7.d.BD22541741102C8AA4E5BCFC8F08F025.e.8870/click - {}
RESULT: {}
RESULT: {}
COMMAND: POST /session/0ffaedec2ff4d329b9cb85ca897a1301/execute/async - {"script":"<script> [1562 bytes]","args":[{"selector":{"controlType":"sap.m.Input","viewName":"etm.portal.ui.manageyards.view.New","viewId":"application-manageyards-display-component---NewYard","bindingPath":{"path":"","propertyPath":"/CONTROLLING_AREA","modelName":"NewYardModel"},"interaction":{"idSuffix":"inner"}},"wdio_ui5_key":"etmportal.ui.manageyards.view.Newsap.m.Input{\"path\":\"\",\"propertyPath\":\"/CONTROLLING_AREA\",\"modelName\":\"NewYardModel\"}"}]}
COMMAND: GET /session/0ffaedec2ff4d329b9cb85ca897a1301/screenshot - {}
RESULT: {"script":"<script> [1562 bytes]","args":[{"selector":{"controlType":"sap.m.Input","viewName":"etm.portal.ui.manageyards.view.New","viewId":"application-manageyards-display-component---NewYard","bindingPath":{"path":"","propertyPath":"/CONTROLLING_AREA","modelName":"NewYardModel"},"interaction":{"idSuffix":"inner"}},"wdio_ui5_key":"etmportal.ui.manageyards.view.Newsap.m.Input{\"path\":\"\",\"propertyPath\":\"/CONTROLLING_AREA\",\"modelName\":\"NewYardModel\"}"}]}
RESULT: undefined
COMMAND: POST /session/0ffaedec2ff4d329b9cb85ca897a1301/execute/async - {"script":"<script> [776 bytes]","args":[{"enterText":"Z001","selector":{"controlType":"sap.m.Input","viewName":"etm.portal.ui.manageyards.view.New","viewId":"application-manageyards-display-component---NewYard","bindingPath":{"path":"","propertyPath":"/CONTROLLING_AREA","modelName":"NewYardModel"},"interaction":{"idSuffix":"inner"}},"clearTextFirst":true,"interactionType":"ENTER_TEXT"}]}
RESULT: {}
RESULT: {"script":"<script> [776 bytes]","args":[{"enterText":"Z001","selector":{"controlType":"sap.m.Input","viewName":"etm.portal.ui.manageyards.view.New","viewId":"application-manageyards-display-component---NewYard","bindingPath":{"path":"","propertyPath":"/CONTROLLING_AREA","modelName":"NewYardModel"},"interaction":{"idSuffix":"inner"}},"clearTextFirst":true,"interactionType":"ENTER_TEXT"}]}
COMMAND: POST /session/0ffaedec2ff4d329b9cb85ca897a1301/execute/async - {"script":"<script> [1562 bytes]","args":[{"selector":{"id":"application-manageyards-display-component---NewYard--companyCodeComboBox","interaction":{"idSuffix":"inner"}},"wdio_ui5_key":"applicationmanageyards-display-component---NewYard--companyCodeComboBox"}]}
RESULT: {"script":"<script> [1562 bytes]","args":[{"selector":{"id":"application-manageyards-display-component---NewYard--companyCodeComboBox","interaction":{"idSuffix":"inner"}},"wdio_ui5_key":"applicationmanageyards-display-component---NewYard--companyCodeComboBox"}]}
RESULT: undefined
COMMAND: POST /session/0ffaedec2ff4d329b9cb85ca897a1301/execute/async - {"script":"<script> [776 bytes]","args":[{"enterText":"1000","selector":{"id":"application-manageyards-display-component---NewYard--companyCodeComboBox","interaction":{"idSuffix":"inner"}},"clearTextFirst":true,"interactionType":"ENTER_TEXT"}]}
RESULT: {"script":"<script> [776 bytes]","args":[{"enterText":"1000","selector":{"id":"application-manageyards-display-component---NewYard--companyCodeComboBox","interaction":{"idSuffix":"inner"}},"clearTextFirst":true,"interactionType":"ENTER_TEXT"}]}
COMMAND: POST /session/0ffaedec2ff4d329b9cb85ca897a1301/execute/async - {"script":"<script> [1562 bytes]","args":[{"selector":{"controlType":"sap.m.Input","viewName":"etm.portal.ui.manageyards.view.New","viewId":"application-manageyards-display-component---NewYard","bindingPath":{"path":"","propertyPath":"/PLANT","modelName":"NewYardModel"},"interaction":{"idSuffix":"inner"}},"wdio_ui5_key":"etmportal.ui.manageyards.view.Newsap.m.Input{\"path\":\"\",\"propertyPath\":\"/PLANT\",\"modelName\":\"NewYardModel\"}"}]}
RESULT: {"script":"<script> [1562 bytes]","args":[{"selector":{"controlType":"sap.m.Input","viewName":"etm.portal.ui.manageyards.view.New","viewId":"application-manageyards-display-component---NewYard","bindingPath":{"path":"","propertyPath":"/PLANT","modelName":"NewYardModel"},"interaction":{"idSuffix":"inner"}},"wdio_ui5_key":"etmportal.ui.manageyards.view.Newsap.m.Input{\"path\":\"\",\"propertyPath\":\"/PLANT\",\"modelName\":\"NewYardModel\"}"}]}
RESULT: undefined
COMMAND: POST /session/0ffaedec2ff4d329b9cb85ca897a1301/execute/async - {"script":"<script> [776 bytes]","args":[{"enterText":"1001","selector":{"controlType":"sap.m.Input","viewName":"etm.portal.ui.manageyards.view.New","viewId":"application-manageyards-display-component---NewYard","bindingPath":{"path":"","propertyPath":"/PLANT","modelName":"NewYardModel"},"interaction":{"idSuffix":"inner"}},"clearTextFirst":true,"interactionType":"ENTER_TEXT"}]}
RESULT: {"script":"<script> [776 bytes]","args":[{"enterText":"1001","selector":{"controlType":"sap.m.Input","viewName":"etm.portal.ui.manageyards.view.New","viewId":"application-manageyards-display-component---NewYard","bindingPath":{"path":"","propertyPath":"/PLANT","modelName":"NewYardModel"},"interaction":{"idSuffix":"inner"}},"clearTextFirst":true,"interactionType":"ENTER_TEXT"}]}
COMMAND: POST /session/0ffaedec2ff4d329b9cb85ca897a1301/execute/async - {"script":"<script> [1562 bytes]","args":[{"selector":{"controlType":"sap.m.Input","viewName":"etm.portal.ui.manageyards.view.New","viewId":"application-manageyards-display-component---NewYard","bindingPath":{"path":"","propertyPath":"/SALES_AREA_VKORG","modelName":"NewYardModel"},"interaction":{"idSuffix":"inner"}},"wdio_ui5_key":"etmportal.ui.manageyards.view.Newsap.m.Input{\"path\":\"\",\"propertyPath\":\"/SALES_AREA_VKORG\",\"modelName\":\"NewYardModel\"}"}]}
RESULT: {"script":"<script> [1562 bytes]","args":[{"selector":{"controlType":"sap.m.Input","viewName":"etm.portal.ui.manageyards.view.New","viewId":"application-manageyards-display-component---NewYard","bindingPath":{"path":"","propertyPath":"/SALES_AREA_VKORG","modelName":"NewYardModel"},"interaction":{"idSuffix":"inner"}},"wdio_ui5_key":"etmportal.ui.manageyards.view.Newsap.m.Input{\"path\":\"\",\"propertyPath\":\"/SALES_AREA_VKORG\",\"modelName\":\"NewYardModel\"}"}]}
RESULT: undefined
COMMAND: POST /session/0ffaedec2ff4d329b9cb85ca897a1301/execute/async - {"script":"<script> [776 bytes]","args":[{"enterText":"C002","selector":{"controlType":"sap.m.Input","viewName":"etm.portal.ui.manageyards.view.New","viewId":"application-manageyards-display-component---NewYard","bindingPath":{"path":"","propertyPath":"/SALES_AREA_VKORG","modelName":"NewYardModel"},"interaction":{"idSuffix":"inner"}},"clearTextFirst":true,"interactionType":"ENTER_TEXT"}]}
RESULT: {"script":"<script> [776 bytes]","args":[{"enterText":"C002","selector":{"controlType":"sap.m.Input","viewName":"etm.portal.ui.manageyards.view.New","viewId":"application-manageyards-display-component---NewYard","bindingPath":{"path":"","propertyPath":"/SALES_AREA_VKORG","modelName":"NewYardModel"},"interaction":{"idSuffix":"inner"}},"clearTextFirst":true,"interactionType":"ENTER_TEXT"}]}
COMMAND: POST /session/0ffaedec2ff4d329b9cb85ca897a1301/execute/async - {"script":"<script> [1562 bytes]","args":[{"selector":{"controlType":"sap.m.Input","viewName":"etm.portal.ui.manageyards.view.New","viewId":"application-manageyards-display-component---NewYard","bindingPath":{"path":"","propertyPath":"/SALES_AREA_VTWEG","modelName":"NewYardModel"},"interaction":{"idSuffix":"inner"}},"wdio_ui5_key":"etmportal.ui.manageyards.view.Newsap.m.Input{\"path\":\"\",\"propertyPath\":\"/SALES_AREA_VTWEG\",\"modelName\":\"NewYardModel\"}"}]}
RESULT: {"script":"<script> [1562 bytes]","args":[{"selector":{"controlType":"sap.m.Input","viewName":"etm.portal.ui.manageyards.view.New","viewId":"application-manageyards-display-component---NewYard","bindingPath":{"path":"","propertyPath":"/SALES_AREA_VTWEG","modelName":"NewYardModel"},"interaction":{"idSuffix":"inner"}},"wdio_ui5_key":"etmportal.ui.manageyards.view.Newsap.m.Input{\"path\":\"\",\"propertyPath\":\"/SALES_AREA_VTWEG\",\"modelName\":\"NewYardModel\"}"}]}
RESULT: undefined
COMMAND: POST /session/0ffaedec2ff4d329b9cb85ca897a1301/execute/async - {"script":"<script> [776 bytes]","args":[{"enterText":"C2","selector":{"controlType":"sap.m.Input","viewName":"etm.portal.ui.manageyards.view.New","viewId":"application-manageyards-display-component---NewYard","bindingPath":{"path":"","propertyPath":"/SALES_AREA_VTWEG","modelName":"NewYardModel"},"interaction":{"idSuffix":"inner"}},"clearTextFirst":true,"interactionType":"ENTER_TEXT"}]}
RESULT: {"script":"<script> [776 bytes]","args":[{"enterText":"C2","selector":{"controlType":"sap.m.Input","viewName":"etm.portal.ui.manageyards.view.New","viewId":"application-manageyards-display-component---NewYard","bindingPath":{"path":"","propertyPath":"/SALES_AREA_VTWEG","modelName":"NewYardModel"},"interaction":{"idSuffix":"inner"}},"clearTextFirst":true,"interactionType":"ENTER_TEXT"}]}
COMMAND: POST /session/0ffaedec2ff4d329b9cb85ca897a1301/execute/async - {"script":"<script> [1562 bytes]","args":[{"selector":{"controlType":"sap.m.Input","viewName":"etm.portal.ui.manageyards.view.New","viewId":"application-manageyards-display-component---NewYard","bindingPath":{"path":"","propertyPath":"/SALES_AREA_SPART","modelName":"NewYardModel"},"interaction":{"idSuffix":"inner"}},"wdio_ui5_key":"etmportal.ui.manageyards.view.Newsap.m.Input{\"path\":\"\",\"propertyPath\":\"/SALES_AREA_SPART\",\"modelName\":\"NewYardModel\"}"}]}
RESULT: {"script":"<script> [1562 bytes]","args":[{"selector":{"controlType":"sap.m.Input","viewName":"etm.portal.ui.manageyards.view.New","viewId":"application-manageyards-display-component---NewYard","bindingPath":{"path":"","propertyPath":"/SALES_AREA_SPART","modelName":"NewYardModel"},"interaction":{"idSuffix":"inner"}},"wdio_ui5_key":"etmportal.ui.manageyards.view.Newsap.m.Input{\"path\":\"\",\"propertyPath\":\"/SALES_AREA_SPART\",\"modelName\":\"NewYardModel\"}"}]}
RESULT: undefined
COMMAND: POST /session/0ffaedec2ff4d329b9cb85ca897a1301/execute/async - {"script":"<script> [776 bytes]","args":[{"enterText":"C2","selector":{"controlType":"sap.m.Input","viewName":"etm.portal.ui.manageyards.view.New","viewId":"application-manageyards-display-component---NewYard","bindingPath":{"path":"","propertyPath":"/SALES_AREA_SPART","modelName":"NewYardModel"},"interaction":{"idSuffix":"inner"}},"clearTextFirst":true,"interactionType":"ENTER_TEXT"}]}
RESULT: {"script":"<script> [776 bytes]","args":[{"enterText":"C2","selector":{"controlType":"sap.m.Input","viewName":"etm.portal.ui.manageyards.view.New","viewId":"application-manageyards-display-component---NewYard","bindingPath":{"path":"","propertyPath":"/SALES_AREA_SPART","modelName":"NewYardModel"},"interaction":{"idSuffix":"inner"}},"clearTextFirst":true,"interactionType":"ENTER_TEXT"}]}
COMMAND: POST /session/0ffaedec2ff4d329b9cb85ca897a1301/execute/async - {"script":"<script> [1562 bytes]","args":[{"selector":{"controlType":"sap.m.Input","viewName":"etm.portal.ui.manageyards.view.New","viewId":"application-manageyards-display-component---NewYard","bindingPath":{"path":"","propertyPath":"/SHIP_POINT","modelName":"NewYardModel"},"interaction":{"idSuffix":"inner"}},"wdio_ui5_key":"etmportal.ui.manageyards.view.Newsap.m.Input{\"path\":\"\",\"propertyPath\":\"/SHIP_POINT\",\"modelName\":\"NewYardModel\"}"}]}
RESULT: {"script":"<script> [1562 bytes]","args":[{"selector":{"controlType":"sap.m.Input","viewName":"etm.portal.ui.manageyards.view.New","viewId":"application-manageyards-display-component---NewYard","bindingPath":{"path":"","propertyPath":"/SHIP_POINT","modelName":"NewYardModel"},"interaction":{"idSuffix":"inner"}},"wdio_ui5_key":"etmportal.ui.manageyards.view.Newsap.m.Input{\"path\":\"\",\"propertyPath\":\"/SHIP_POINT\",\"modelName\":\"NewYardModel\"}"}]}
RESULT: undefined
COMMAND: POST /session/0ffaedec2ff4d329b9cb85ca897a1301/execute/async - {"script":"<script> [776 bytes]","args":[{"enterText":"1710","selector":{"controlType":"sap.m.Input","viewName":"etm.portal.ui.manageyards.view.New","viewId":"application-manageyards-display-component---NewYard","bindingPath":{"path":"","propertyPath":"/SHIP_POINT","modelName":"NewYardModel"},"interaction":{"idSuffix":"inner"}},"clearTextFirst":true,"interactionType":"ENTER_TEXT"}]}
RESULT: {"script":"<script> [776 bytes]","args":[{"enterText":"1710","selector":{"controlType":"sap.m.Input","viewName":"etm.portal.ui.manageyards.view.New","viewId":"application-manageyards-display-component---NewYard","bindingPath":{"path":"","propertyPath":"/SHIP_POINT","modelName":"NewYardModel"},"interaction":{"idSuffix":"inner"}},"clearTextFirst":true,"interactionType":"ENTER_TEXT"}]}
COMMAND: POST /session/0ffaedec2ff4d329b9cb85ca897a1301/execute/async - {"script":"<script> [1562 bytes]","args":[{"selector":{"controlType":"sap.m.Input","viewName":"etm.portal.ui.manageyards.view.New","viewId":"application-manageyards-display-component---NewYard","bindingPath":{"path":"","propertyPath":"/DELIVERY_TYPE","modelName":"NewYardModel"},"interaction":{"idSuffix":"inner"}},"wdio_ui5_key":"etmportal.ui.manageyards.view.Newsap.m.Input{\"path\":\"\",\"propertyPath\":\"/DELIVERY_TYPE\",\"modelName\":\"NewYardModel\"}"}]}
RESULT: {"script":"<script> [1562 bytes]","args":[{"selector":{"controlType":"sap.m.Input","viewName":"etm.portal.ui.manageyards.view.New","viewId":"application-manageyards-display-component---NewYard","bindingPath":{"path":"","propertyPath":"/DELIVERY_TYPE","modelName":"NewYardModel"},"interaction":{"idSuffix":"inner"}},"wdio_ui5_key":"etmportal.ui.manageyards.view.Newsap.m.Input{\"path\":\"\",\"propertyPath\":\"/DELIVERY_TYPE\",\"modelName\":\"NewYardModel\"}"}]}
RESULT: undefined
COMMAND: POST /session/0ffaedec2ff4d329b9cb85ca897a1301/execute/async - {"script":"<script> [776 bytes]","args":[{"enterText":"ZL01","selector":{"controlType":"sap.m.Input","viewName":"etm.portal.ui.manageyards.view.New","viewId":"application-manageyards-display-component---NewYard","bindingPath":{"path":"","propertyPath":"/DELIVERY_TYPE","modelName":"NewYardModel"},"interaction":{"idSuffix":"inner"}},"clearTextFirst":true,"interactionType":"ENTER_TEXT"}]}
RESULT: {"script":"<script> [776 bytes]","args":[{"enterText":"ZL01","selector":{"controlType":"sap.m.Input","viewName":"etm.portal.ui.manageyards.view.New","viewId":"application-manageyards-display-component---NewYard","bindingPath":{"path":"","propertyPath":"/DELIVERY_TYPE","modelName":"NewYardModel"},"interaction":{"idSuffix":"inner"}},"clearTextFirst":true,"interactionType":"ENTER_TEXT"}]}
COMMAND: POST /session/0ffaedec2ff4d329b9cb85ca897a1301/execute/async - {"script":"<script> [1562 bytes]","args":[{"selector":{"controlType":"sap.m.Input","viewName":"etm.portal.ui.manageyards.view.New","viewId":"application-manageyards-display-component---NewYard","bindingPath":{"path":"","propertyPath":"/AUART","modelName":"NewYardModel"},"interaction":{"idSuffix":"inner"}},"wdio_ui5_key":"etmportal.ui.manageyards.view.Newsap.m.Input{\"path\":\"\",\"propertyPath\":\"/AUART\",\"modelName\":\"NewYardModel\"}"}]}
RESULT: {"script":"<script> [1562 bytes]","args":[{"selector":{"controlType":"sap.m.Input","viewName":"etm.portal.ui.manageyards.view.New","viewId":"application-manageyards-display-component---NewYard","bindingPath":{"path":"","propertyPath":"/AUART","modelName":"NewYardModel"},"interaction":{"idSuffix":"inner"}},"wdio_ui5_key":"etmportal.ui.manageyards.view.Newsap.m.Input{\"path\":\"\",\"propertyPath\":\"/AUART\",\"modelName\":\"NewYardModel\"}"}]}
RESULT: undefined
COMMAND: POST /session/0ffaedec2ff4d329b9cb85ca897a1301/execute/async - {"script":"<script> [776 bytes]","args":[{"enterText":"TA","selector":{"controlType":"sap.m.Input","viewName":"etm.portal.ui.manageyards.view.New","viewId":"application-manageyards-display-component---NewYard","bindingPath":{"path":"","propertyPath":"/AUART","modelName":"NewYardModel"},"interaction":{"idSuffix":"inner"}},"clearTextFirst":true,"interactionType":"ENTER_TEXT"}]}
RESULT: {"script":"<script> [776 bytes]","args":[{"enterText":"TA","selector":{"controlType":"sap.m.Input","viewName":"etm.portal.ui.manageyards.view.New","viewId":"application-manageyards-display-component---NewYard","bindingPath":{"path":"","propertyPath":"/AUART","modelName":"NewYardModel"},"interaction":{"idSuffix":"inner"}},"clearTextFirst":true,"interactionType":"ENTER_TEXT"}]}
COMMAND: POST /session/0ffaedec2ff4d329b9cb85ca897a1301/element - {"using":"xpath","value":"//button[@data-kt=\"newYardSaveButton\"]"}
RESULT: {"using":"xpath","value":"//button[@data-kt=\"newYardSaveButton\"]"}
COMMAND: POST /session/0ffaedec2ff4d329b9cb85ca897a1301/element/f.9119AA68FED8A447B03A71089BFD3ED7.d.BD22541741102C8AA4E5BCFC8F08F025.e.8795/click - {}
RESULT: {}
COMMAND: GET /session/0ffaedec2ff4d329b9cb85ca897a1301/screenshot - {}
RESULT: {}
COMMAND: POST /session/0ffaedec2ff4d329b9cb85ca897a1301/element - {"using":"xpath","value":"//header[contains(@id, 'ObjectPageLayout-headerTitle')]/div[1]/div[2]/div[1]/span[1]"}
RESULT: {"using":"xpath","value":"//header[contains(@id, 'ObjectPageLayout-headerTitle')]/div[1]/div[2]/div[1]/span[1]"}
COMMAND: POST /session/0ffaedec2ff4d329b9cb85ca897a1301/elements - {"using":"xpath","value":"//header[contains(@id, 'ObjectPageLayout-headerTitle')]/div[1]/div[2]/div[1]/span[1]"}
RESULT: {"using":"xpath","value":"//header[contains(@id, 'ObjectPageLayout-headerTitle')]/div[1]/div[2]/div[1]/span[1]"}
COMMAND: POST /session/0ffaedec2ff4d329b9cb85ca897a1301/execute/sync - {"script":"<script> [56 bytes]","args":[{"element-6066-11e4-a52e-4f735466cecf":"f.9119AA68FED8A447B03A71089BFD3ED7.d.BD22541741102C8AA4E5BCFC8F08F025.e.9087","ELEMENT":"f.9119AA68FED8A447B03A71089BFD3ED7.d.BD22541741102C8AA4E5BCFC8F08F025.e.9087"}]}
RESULT: {"script":"<script> [56 bytes]","args":[{"element-6066-11e4-a52e-4f735466cecf":"f.9119AA68FED8A447B03A71089BFD3ED7.d.BD22541741102C8AA4E5BCFC8F08F025.e.9087","ELEMENT":"f.9119AA68FED8A447B03A71089BFD3ED7.d.BD22541741102C8AA4E5BCFC8F08F025.e.9087"}]}
COMMAND: GET /session/0ffaedec2ff4d329b9cb85ca897a1301/screenshot - {}
RESULT: {}
COMMAND: POST /session/0ffaedec2ff4d329b9cb85ca897a1301/element - {"using":"css selector","value":"#shell-header-logo"}
RESULT: {"using":"css selector","value":"#shell-header-logo"}
COMMAND: POST /session/0ffaedec2ff4d329b9cb85ca897a1301/element/f.9119AA68FED8A447B03A71089BFD3ED7.d.BD22541741102C8AA4E5BCFC8F08F025.e.8342/click - {}
RESULT: {}
COMMAND: GET /session/0ffaedec2ff4d329b9cb85ca897a1301/screenshot - {}
RESULT: {}
COMMAND: POST /session/0ffaedec2ff4d329b9cb85ca897a1301/execute/sync - {"script":"<script> [299 bytes]","args":[["getModel","getResource"]]}
RESULT: {"script":"<script> [299 bytes]","args":[["getModel","getResource"]]}
]]></system-out>
    </testcase>
    <testcase classname="chrome.136_0_7103_93.windows.Billing_Transfer_-_Intracompany_US127249" name="Should create a new partner" time="131.675">
      <system-out><![CDATA[
COMMAND: POST /session/0ffaedec2ff4d329b9cb85ca897a1301/window/fullscreen - {}
COMMAND: GET /session/0ffaedec2ff4d329b9cb85ca897a1301/screenshot - {}
RESULT: {}
COMMAND: POST /session/0ffaedec2ff4d329b9cb85ca897a1301/execute/async - {"script":"<script> [1562 bytes]","args":[{"selector":{"controlType":"sap.m.GenericTile","properties":{"header":"Manage Partners"}},"wdio_ui5_key":"sapm.GenericTile{\"header\":\"Manage Partners\"}"}]}
RESULT: {}
RESULT: {"script":"<script> [1562 bytes]","args":[{"selector":{"controlType":"sap.m.GenericTile","properties":{"header":"Manage Partners"}},"wdio_ui5_key":"sapm.GenericTile{\"header\":\"Manage Partners\"}"}]}
RESULT: undefined
COMMAND: POST /session/0ffaedec2ff4d329b9cb85ca897a1301/element - {"using":"xpath","value":"//*[@id=\"__tile38\"]"}
RESULT: {"using":"xpath","value":"//*[@id=\"__tile38\"]"}
COMMAND: POST /session/0ffaedec2ff4d329b9cb85ca897a1301/element/f.9119AA68FED8A447B03A71089BFD3ED7.d.BD22541741102C8AA4E5BCFC8F08F025.e.8240/click - {}
RESULT: {}
COMMAND: GET /session/0ffaedec2ff4d329b9cb85ca897a1301/screenshot - {}
RESULT: {}
COMMAND: POST /session/0ffaedec2ff4d329b9cb85ca897a1301/elements - {"using":"xpath","value":"//span[text()='Error']"}
RESULT: {"using":"xpath","value":"//span[text()='Error']"}
COMMAND: POST /session/0ffaedec2ff4d329b9cb85ca897a1301/element - {"using":"xpath","value":"//button[@data-kt=\"addButton\"]"}
RESULT: {"using":"xpath","value":"//button[@data-kt=\"addButton\"]"}
COMMAND: POST /session/0ffaedec2ff4d329b9cb85ca897a1301/elements - {"using":"xpath","value":"//button[@data-kt=\"addButton\"]"}
RESULT: {"using":"xpath","value":"//button[@data-kt=\"addButton\"]"}
COMMAND: POST /session/0ffaedec2ff4d329b9cb85ca897a1301/execute/sync - {"script":"<script> [8489 bytes]","args":[{"element-6066-11e4-a52e-4f735466cecf":"f.9119AA68FED8A447B03A71089BFD3ED7.d.BD22541741102C8AA4E5BCFC8F08F025.e.9136","ELEMENT":"f.9119AA68FED8A447B03A71089BFD3ED7.d.BD22541741102C8AA4E5BCFC8F08F025.e.9136"}]}
RESULT: {"script":"<script> [8489 bytes]","args":[{"element-6066-11e4-a52e-4f735466cecf":"f.9119AA68FED8A447B03A71089BFD3ED7.d.BD22541741102C8AA4E5BCFC8F08F025.e.9136","ELEMENT":"f.9119AA68FED8A447B03A71089BFD3ED7.d.BD22541741102C8AA4E5BCFC8F08F025.e.9136"}]}
COMMAND: GET /session/0ffaedec2ff4d329b9cb85ca897a1301/element/f.9119AA68FED8A447B03A71089BFD3ED7.d.BD22541741102C8AA4E5BCFC8F08F025.e.9136/enabled - {}
COMMAND: GET /session/0ffaedec2ff4d329b9cb85ca897a1301/screenshot - {}
RESULT: {}
COMMAND: POST /session/0ffaedec2ff4d329b9cb85ca897a1301/execute/sync - {"script":"<script> [8489 bytes]","args":[{"element-6066-11e4-a52e-4f735466cecf":"f.9119AA68FED8A447B03A71089BFD3ED7.d.BD22541741102C8AA4E5BCFC8F08F025.e.9136","ELEMENT":"f.9119AA68FED8A447B03A71089BFD3ED7.d.BD22541741102C8AA4E5BCFC8F08F025.e.9136"}]}
COMMAND: GET /session/0ffaedec2ff4d329b9cb85ca897a1301/screenshot - {}
RESULT: {}
RESULT: {"script":"<script> [8489 bytes]","args":[{"element-6066-11e4-a52e-4f735466cecf":"f.9119AA68FED8A447B03A71089BFD3ED7.d.BD22541741102C8AA4E5BCFC8F08F025.e.9136","ELEMENT":"f.9119AA68FED8A447B03A71089BFD3ED7.d.BD22541741102C8AA4E5BCFC8F08F025.e.9136"}]}
COMMAND: POST /session/0ffaedec2ff4d329b9cb85ca897a1301/execute/sync - {"script":"<script> [5351 bytes]","args":[{"element-6066-11e4-a52e-4f735466cecf":"f.9119AA68FED8A447B03A71089BFD3ED7.d.BD22541741102C8AA4E5BCFC8F08F025.e.9136","ELEMENT":"f.9119AA68FED8A447B03A71089BFD3ED7.d.BD22541741102C8AA4E5BCFC8F08F025.e.9136"}]}
COMMAND: GET /session/0ffaedec2ff4d329b9cb85ca897a1301/screenshot - {}
RESULT: {}
RESULT: {"script":"<script> [5351 bytes]","args":[{"element-6066-11e4-a52e-4f735466cecf":"f.9119AA68FED8A447B03A71089BFD3ED7.d.BD22541741102C8AA4E5BCFC8F08F025.e.9136","ELEMENT":"f.9119AA68FED8A447B03A71089BFD3ED7.d.BD22541741102C8AA4E5BCFC8F08F025.e.9136"}]}
COMMAND: POST /session/0ffaedec2ff4d329b9cb85ca897a1301/element/f.9119AA68FED8A447B03A71089BFD3ED7.d.BD22541741102C8AA4E5BCFC8F08F025.e.9136/click - {}
COMMAND: GET /session/0ffaedec2ff4d329b9cb85ca897a1301/screenshot - {}
RESULT: {}
RESULT: {}
COMMAND: GET /session/0ffaedec2ff4d329b9cb85ca897a1301/screenshot - {}
COMMAND: POST /session/0ffaedec2ff4d329b9cb85ca897a1301/execute/async - {"script":"<script> [1562 bytes]","args":[{"selector":{"id":"application-managepartners-display-component---NewPartner--addressDetailDetailsName1","interaction":{"idSuffix":"inner"}},"wdio_ui5_key":"applicationmanagepartners-display-component---NewPartner--addressDetailDetailsName1"}]}
RESULT: {}
RESULT: {}
RESULT: {"script":"<script> [1562 bytes]","args":[{"selector":{"id":"application-managepartners-display-component---NewPartner--addressDetailDetailsName1","interaction":{"idSuffix":"inner"}},"wdio_ui5_key":"applicationmanagepartners-display-component---NewPartner--addressDetailDetailsName1"}]}
RESULT: undefined
COMMAND: POST /session/0ffaedec2ff4d329b9cb85ca897a1301/execute/async - {"script":"<script> [776 bytes]","args":[{"enterText":"Intracompany Partner WDIO","selector":{"id":"application-managepartners-display-component---NewPartner--addressDetailDetailsName1","interaction":{"idSuffix":"inner"}},"clearTextFirst":true,"interactionType":"ENTER_TEXT"}]}
RESULT: {"script":"<script> [776 bytes]","args":[{"enterText":"Intracompany Partner WDIO","selector":{"id":"application-managepartners-display-component---NewPartner--addressDetailDetailsName1","interaction":{"idSuffix":"inner"}},"clearTextFirst":true,"interactionType":"ENTER_TEXT"}]}
COMMAND: POST /session/0ffaedec2ff4d329b9cb85ca897a1301/execute/async - {"script":"<script> [1562 bytes]","args":[{"selector":{"id":"application-managepartners-display-component---NewPartner--addressDetailDetailsLanguage-arrow"},"wdio_ui5_key":"applicationmanagepartners-display-component---NewPartner--addressDetailDetailsLanguage-arrow"}]}
RESULT: {"script":"<script> [1562 bytes]","args":[{"selector":{"id":"application-managepartners-display-component---NewPartner--addressDetailDetailsLanguage-arrow"},"wdio_ui5_key":"applicationmanagepartners-display-component---NewPartner--addressDetailDetailsLanguage-arrow"}]}
RESULT: undefined
COMMAND: POST /session/0ffaedec2ff4d329b9cb85ca897a1301/element - {"using":"xpath","value":"//*[@id=\"application-managepartners-display-component---NewPartner--addressDetailDetailsLanguage-arrow\"]"}
RESULT: {"using":"xpath","value":"//*[@id=\"application-managepartners-display-component---NewPartner--addressDetailDetailsLanguage-arrow\"]"}
COMMAND: POST /session/0ffaedec2ff4d329b9cb85ca897a1301/element/f.9119AA68FED8A447B03A71089BFD3ED7.d.BD22541741102C8AA4E5BCFC8F08F025.e.9580/click - {}
RESULT: {}
COMMAND: POST /session/0ffaedec2ff4d329b9cb85ca897a1301/element - {"using":"xpath","value":"//span[contains(text(), \"English\")]"}
COMMAND: GET /session/0ffaedec2ff4d329b9cb85ca897a1301/screenshot - {}
RESULT: {"using":"xpath","value":"//span[contains(text(), \"English\")]"}
COMMAND: POST /session/0ffaedec2ff4d329b9cb85ca897a1301/element/f.9119AA68FED8A447B03A71089BFD3ED7.d.BD22541741102C8AA4E5BCFC8F08F025.e.9581/click - {}
RESULT: {}
RESULT: {}
COMMAND: GET /session/0ffaedec2ff4d329b9cb85ca897a1301/screenshot - {}
RESULT: {}
COMMAND: POST /session/0ffaedec2ff4d329b9cb85ca897a1301/execute/async - {"script":"<script> [1562 bytes]","args":[{"selector":{"id":"application-managepartners-display-component---NewPartner--addressDetailDetailsCity1","interaction":{"idSuffix":"inner"}},"wdio_ui5_key":"applicationmanagepartners-display-component---NewPartner--addressDetailDetailsCity1"}]}
RESULT: {"script":"<script> [1562 bytes]","args":[{"selector":{"id":"application-managepartners-display-component---NewPartner--addressDetailDetailsCity1","interaction":{"idSuffix":"inner"}},"wdio_ui5_key":"applicationmanagepartners-display-component---NewPartner--addressDetailDetailsCity1"}]}
RESULT: undefined
COMMAND: POST /session/0ffaedec2ff4d329b9cb85ca897a1301/execute/async - {"script":"<script> [776 bytes]","args":[{"enterText":"Rosario","selector":{"id":"application-managepartners-display-component---NewPartner--addressDetailDetailsCity1","interaction":{"idSuffix":"inner"}},"clearTextFirst":true,"interactionType":"ENTER_TEXT"}]}
RESULT: {"script":"<script> [776 bytes]","args":[{"enterText":"Rosario","selector":{"id":"application-managepartners-display-component---NewPartner--addressDetailDetailsCity1","interaction":{"idSuffix":"inner"}},"clearTextFirst":true,"interactionType":"ENTER_TEXT"}]}
COMMAND: POST /session/0ffaedec2ff4d329b9cb85ca897a1301/execute/async - {"script":"<script> [1562 bytes]","args":[{"selector":{"id":"application-managepartners-display-component---NewPartner--addressDetailDetailsCountry-arrow"},"wdio_ui5_key":"applicationmanagepartners-display-component---NewPartner--addressDetailDetailsCountry-arrow"}]}
RESULT: {"script":"<script> [1562 bytes]","args":[{"selector":{"id":"application-managepartners-display-component---NewPartner--addressDetailDetailsCountry-arrow"},"wdio_ui5_key":"applicationmanagepartners-display-component---NewPartner--addressDetailDetailsCountry-arrow"}]}
RESULT: undefined
COMMAND: POST /session/0ffaedec2ff4d329b9cb85ca897a1301/element - {"using":"xpath","value":"//*[@id=\"application-managepartners-display-component---NewPartner--addressDetailDetailsCountry-arrow\"]"}
RESULT: {"using":"xpath","value":"//*[@id=\"application-managepartners-display-component---NewPartner--addressDetailDetailsCountry-arrow\"]"}
COMMAND: POST /session/0ffaedec2ff4d329b9cb85ca897a1301/element/f.9119AA68FED8A447B03A71089BFD3ED7.d.BD22541741102C8AA4E5BCFC8F08F025.e.9567/click - {}
RESULT: {}
COMMAND: POST /session/0ffaedec2ff4d329b9cb85ca897a1301/element - {"using":"xpath","value":"//span[contains(text(), \"Argentina\")]"}
COMMAND: GET /session/0ffaedec2ff4d329b9cb85ca897a1301/screenshot - {}
RESULT: {"using":"xpath","value":"//span[contains(text(), \"Argentina\")]"}
COMMAND: POST /session/0ffaedec2ff4d329b9cb85ca897a1301/element/f.9119AA68FED8A447B03A71089BFD3ED7.d.BD22541741102C8AA4E5BCFC8F08F025.e.9583/click - {}
RESULT: {}
RESULT: {}
COMMAND: GET /session/0ffaedec2ff4d329b9cb85ca897a1301/screenshot - {}
RESULT: {}
COMMAND: POST /session/0ffaedec2ff4d329b9cb85ca897a1301/element - {"using":"xpath","value":"//bdi[contains(text(), \"Commercial\")]"}
RESULT: {"using":"xpath","value":"//bdi[contains(text(), \"Commercial\")]"}
COMMAND: POST /session/0ffaedec2ff4d329b9cb85ca897a1301/element/f.9119AA68FED8A447B03A71089BFD3ED7.d.BD22541741102C8AA4E5BCFC8F08F025.e.9584/click - {}
RESULT: {}
COMMAND: GET /session/0ffaedec2ff4d329b9cb85ca897a1301/screenshot - {}
RESULT: {}
COMMAND: POST /session/0ffaedec2ff4d329b9cb85ca897a1301/execute/async - {"script":"<script> [1562 bytes]","args":[{"selector":{"id":"application-managepartners-display-component---NewPartner--partnerDetailInternal-arrow"},"wdio_ui5_key":"applicationmanagepartners-display-component---NewPartner--partnerDetailInternal-arrow"}]}
RESULT: {"script":"<script> [1562 bytes]","args":[{"selector":{"id":"application-managepartners-display-component---NewPartner--partnerDetailInternal-arrow"},"wdio_ui5_key":"applicationmanagepartners-display-component---NewPartner--partnerDetailInternal-arrow"}]}
RESULT: undefined
COMMAND: POST /session/0ffaedec2ff4d329b9cb85ca897a1301/element - {"using":"xpath","value":"//*[@id=\"application-managepartners-display-component---NewPartner--partnerDetailInternal-arrow\"]"}
RESULT: {"using":"xpath","value":"//*[@id=\"application-managepartners-display-component---NewPartner--partnerDetailInternal-arrow\"]"}
COMMAND: POST /session/0ffaedec2ff4d329b9cb85ca897a1301/element/f.9119AA68FED8A447B03A71089BFD3ED7.d.BD22541741102C8AA4E5BCFC8F08F025.e.9590/click - {}
RESULT: {}
COMMAND: POST /session/0ffaedec2ff4d329b9cb85ca897a1301/element - {"using":"xpath","value":"//span[contains(text(), \"Affiliated company\")]"}
COMMAND: GET /session/0ffaedec2ff4d329b9cb85ca897a1301/screenshot - {}
RESULT: {"using":"xpath","value":"//span[contains(text(), \"Affiliated company\")]"}
COMMAND: POST /session/0ffaedec2ff4d329b9cb85ca897a1301/element/f.9119AA68FED8A447B03A71089BFD3ED7.d.BD22541741102C8AA4E5BCFC8F08F025.e.9591/click - {}
RESULT: {}
RESULT: {}
COMMAND: POST /session/0ffaedec2ff4d329b9cb85ca897a1301/execute/async - {"script":"<script> [1562 bytes]","args":[{"selector":{"id":"application-managepartners-display-component---NewPartner--partnerDetailsCurrency-arrow"},"wdio_ui5_key":"applicationmanagepartners-display-component---NewPartner--partnerDetailsCurrency-arrow"}]}
COMMAND: GET /session/0ffaedec2ff4d329b9cb85ca897a1301/screenshot - {}
RESULT: {"script":"<script> [1562 bytes]","args":[{"selector":{"id":"application-managepartners-display-component---NewPartner--partnerDetailsCurrency-arrow"},"wdio_ui5_key":"applicationmanagepartners-display-component---NewPartner--partnerDetailsCurrency-arrow"}]}
RESULT: undefined
COMMAND: POST /session/0ffaedec2ff4d329b9cb85ca897a1301/element - {"using":"xpath","value":"//*[@id=\"application-managepartners-display-component---NewPartner--partnerDetailsCurrency-arrow\"]"}
RESULT: {}
RESULT: {"using":"xpath","value":"//*[@id=\"application-managepartners-display-component---NewPartner--partnerDetailsCurrency-arrow\"]"}
COMMAND: POST /session/0ffaedec2ff4d329b9cb85ca897a1301/element/f.9119AA68FED8A447B03A71089BFD3ED7.d.BD22541741102C8AA4E5BCFC8F08F025.e.9598/click - {}
RESULT: {}
COMMAND: POST /session/0ffaedec2ff4d329b9cb85ca897a1301/element - {"using":"xpath","value":"//span[contains(text(), \"Euro\")]"}
COMMAND: GET /session/0ffaedec2ff4d329b9cb85ca897a1301/screenshot - {}
RESULT: {"using":"xpath","value":"//span[contains(text(), \"Euro\")]"}
COMMAND: POST /session/0ffaedec2ff4d329b9cb85ca897a1301/element/f.9119AA68FED8A447B03A71089BFD3ED7.d.BD22541741102C8AA4E5BCFC8F08F025.e.9599/click - {}
RESULT: {}
RESULT: {}
COMMAND: POST /session/0ffaedec2ff4d329b9cb85ca897a1301/execute/async - {"script":"<script> [1562 bytes]","args":[{"selector":{"id":"application-managepartners-display-component---NewPartner--addressEditDetailsCostObjectCstType-arrow"},"wdio_ui5_key":"applicationmanagepartners-display-component---NewPartner--addressEditDetailsCostObjectCstType-arrow"}]}
COMMAND: GET /session/0ffaedec2ff4d329b9cb85ca897a1301/screenshot - {}
RESULT: {"script":"<script> [1562 bytes]","args":[{"selector":{"id":"application-managepartners-display-component---NewPartner--addressEditDetailsCostObjectCstType-arrow"},"wdio_ui5_key":"applicationmanagepartners-display-component---NewPartner--addressEditDetailsCostObjectCstType-arrow"}]}
RESULT: undefined
COMMAND: POST /session/0ffaedec2ff4d329b9cb85ca897a1301/element - {"using":"xpath","value":"//*[@id=\"application-managepartners-display-component---NewPartner--addressEditDetailsCostObjectCstType-arrow\"]"}
RESULT: {}
RESULT: {"using":"xpath","value":"//*[@id=\"application-managepartners-display-component---NewPartner--addressEditDetailsCostObjectCstType-arrow\"]"}
COMMAND: POST /session/0ffaedec2ff4d329b9cb85ca897a1301/element/f.9119AA68FED8A447B03A71089BFD3ED7.d.BD22541741102C8AA4E5BCFC8F08F025.e.9600/click - {}
RESULT: {}
COMMAND: POST /session/0ffaedec2ff4d329b9cb85ca897a1301/element - {"using":"xpath","value":"//span[contains(text(), \"Cost Center\")]"}
COMMAND: GET /session/0ffaedec2ff4d329b9cb85ca897a1301/screenshot - {}
RESULT: {"using":"xpath","value":"//span[contains(text(), \"Cost Center\")]"}
COMMAND: POST /session/0ffaedec2ff4d329b9cb85ca897a1301/element/f.9119AA68FED8A447B03A71089BFD3ED7.d.BD22541741102C8AA4E5BCFC8F08F025.e.9601/click - {}
RESULT: {}
RESULT: {}
COMMAND: GET /session/0ffaedec2ff4d329b9cb85ca897a1301/screenshot - {}
RESULT: {}
COMMAND: POST /session/0ffaedec2ff4d329b9cb85ca897a1301/element - {"using":"xpath","value":"//span[@id=\"application-managepartners-display-component---NewPartner--addressNewCostObjectCstID-vhi\"]"}
RESULT: {"using":"xpath","value":"//span[@id=\"application-managepartners-display-component---NewPartner--addressNewCostObjectCstID-vhi\"]"}
COMMAND: POST /session/0ffaedec2ff4d329b9cb85ca897a1301/execute/sync - {"script":"<script> [8489 bytes]","args":[{"element-6066-11e4-a52e-4f735466cecf":"f.9119AA68FED8A447B03A71089BFD3ED7.d.BD22541741102C8AA4E5BCFC8F08F025.e.9605","ELEMENT":"f.9119AA68FED8A447B03A71089BFD3ED7.d.BD22541741102C8AA4E5BCFC8F08F025.e.9605"}]}
RESULT: {"script":"<script> [8489 bytes]","args":[{"element-6066-11e4-a52e-4f735466cecf":"f.9119AA68FED8A447B03A71089BFD3ED7.d.BD22541741102C8AA4E5BCFC8F08F025.e.9605","ELEMENT":"f.9119AA68FED8A447B03A71089BFD3ED7.d.BD22541741102C8AA4E5BCFC8F08F025.e.9605"}]}
COMMAND: POST /session/0ffaedec2ff4d329b9cb85ca897a1301/execute/async - {"script":"<script> [1562 bytes]","args":[{"selector":{"id":"application-managepartners-display-component---NewPartner--addressNewCostObjectCstID-vhi"},"wdio_ui5_key":"applicationmanagepartners-display-component---NewPartner--addressNewCostObjectCstID-vhi"}]}
COMMAND: GET /session/0ffaedec2ff4d329b9cb85ca897a1301/screenshot - {}
RESULT: {"script":"<script> [1562 bytes]","args":[{"selector":{"id":"application-managepartners-display-component---NewPartner--addressNewCostObjectCstID-vhi"},"wdio_ui5_key":"applicationmanagepartners-display-component---NewPartner--addressNewCostObjectCstID-vhi"}]}
RESULT: undefined
COMMAND: POST /session/0ffaedec2ff4d329b9cb85ca897a1301/element - {"using":"xpath","value":"//*[@id=\"application-managepartners-display-component---NewPartner--addressNewCostObjectCstID-vhi\"]"}
RESULT: {}
RESULT: {"using":"xpath","value":"//*[@id=\"application-managepartners-display-component---NewPartner--addressNewCostObjectCstID-vhi\"]"}
COMMAND: POST /session/0ffaedec2ff4d329b9cb85ca897a1301/element/f.9119AA68FED8A447B03A71089BFD3ED7.d.BD22541741102C8AA4E5BCFC8F08F025.e.9605/click - {}
RESULT: {}
COMMAND: GET /session/0ffaedec2ff4d329b9cb85ca897a1301/screenshot - {}
RESULT: {}
RESULT: undefined
COMMAND: POST /session/0ffaedec2ff4d329b9cb85ca897a1301/execute/async - {"script":"<script> [776 bytes]","args":[{"enterText":"10001013","selector":{"controlType":"sap.m.SearchField","properties":{"placeholder":"Search"},"searchOpenDialogs":true,"interaction":{"idSuffix":"I"}},"clearTextFirst":true,"interactionType":"ENTER_TEXT"}]}
RESULT: {"script":"<script> [776 bytes]","args":[{"enterText":"10001013","selector":{"controlType":"sap.m.SearchField","properties":{"placeholder":"Search"},"searchOpenDialogs":true,"interaction":{"idSuffix":"I"}},"clearTextFirst":true,"interactionType":"ENTER_TEXT"}]}
COMMAND: POST /session/0ffaedec2ff4d329b9cb85ca897a1301/actions - {"actions":[{"id":"action24","type":"key","parameters":{},"actions":[{"type":"keyDown","value":""},{"type":"pause","duration":10},{"type":"keyUp","value":""}]}]}
RESULT: {"actions":[{"id":"action24","type":"key","parameters":{},"actions":[{"type":"keyDown","value":""},{"type":"pause","duration":10},{"type":"keyUp","value":""}]}]}
COMMAND: GET /session/0ffaedec2ff4d329b9cb85ca897a1301/screenshot - {}
RESULT: {}
COMMAND: POST /session/0ffaedec2ff4d329b9cb85ca897a1301/element - {"using":"xpath","value":"//span[contains(text(), \"General Management\")]"}
RESULT: {"using":"xpath","value":"//span[contains(text(), \"General Management\")]"}
COMMAND: POST /session/0ffaedec2ff4d329b9cb85ca897a1301/element/f.9119AA68FED8A447B03A71089BFD3ED7.d.BD22541741102C8AA4E5BCFC8F08F025.e.9644/click - {}
RESULT: {}
COMMAND: GET /session/0ffaedec2ff4d329b9cb85ca897a1301/screenshot - {}
RESULT: {}
COMMAND: POST /session/0ffaedec2ff4d329b9cb85ca897a1301/element - {"using":"xpath","value":"//bdi[contains(text(), \"OK\")]"}
RESULT: {"using":"xpath","value":"//bdi[contains(text(), \"OK\")]"}
COMMAND: POST /session/0ffaedec2ff4d329b9cb85ca897a1301/element/f.9119AA68FED8A447B03A71089BFD3ED7.d.BD22541741102C8AA4E5BCFC8F08F025.e.9645/click - {}
RESULT: {}
COMMAND: GET /session/0ffaedec2ff4d329b9cb85ca897a1301/screenshot - {}
RESULT: {}
COMMAND: POST /session/0ffaedec2ff4d329b9cb85ca897a1301/element - {"using":"xpath","value":"//input[@id=\"application-managepartners-display-component---NewPartner--companyCodeComboBox-inner\"]"}
RESULT: {"using":"xpath","value":"//input[@id=\"application-managepartners-display-component---NewPartner--companyCodeComboBox-inner\"]"}
COMMAND: POST /session/0ffaedec2ff4d329b9cb85ca897a1301/element/f.9119AA68FED8A447B03A71089BFD3ED7.d.BD22541741102C8AA4E5BCFC8F08F025.e.9435/clear - {}
RESULT: {}
COMMAND: POST /session/0ffaedec2ff4d329b9cb85ca897a1301/element/f.9119AA68FED8A447B03A71089BFD3ED7.d.BD22541741102C8AA4E5BCFC8F08F025.e.9435/value - {"text":"1000"}
COMMAND: GET /session/0ffaedec2ff4d329b9cb85ca897a1301/screenshot - {}
RESULT: {"text":"1000"}
COMMAND: GET /session/0ffaedec2ff4d329b9cb85ca897a1301/screenshot - {}
RESULT: {}
RESULT: {}
COMMAND: POST /session/0ffaedec2ff4d329b9cb85ca897a1301/element - {"using":"xpath","value":"//li[.//span[text()= \"1000\"]]"}
RESULT: {"using":"xpath","value":"//li[.//span[text()= \"1000\"]]"}
COMMAND: POST /session/0ffaedec2ff4d329b9cb85ca897a1301/element/f.9119AA68FED8A447B03A71089BFD3ED7.d.BD22541741102C8AA4E5BCFC8F08F025.e.9651/click - {}
RESULT: {}
COMMAND: GET /session/0ffaedec2ff4d329b9cb85ca897a1301/screenshot - {}
RESULT: {}
COMMAND: POST /session/0ffaedec2ff4d329b9cb85ca897a1301/execute/async - {"script":"<script> [1562 bytes]","args":[{"selector":{"id":"application-managepartners-display-component---NewPartner--btnAddTableRow-img"},"wdio_ui5_key":"applicationmanagepartners-display-component---NewPartner--btnAddTableRow-img"}]}
RESULT: {"script":"<script> [1562 bytes]","args":[{"selector":{"id":"application-managepartners-display-component---NewPartner--btnAddTableRow-img"},"wdio_ui5_key":"applicationmanagepartners-display-component---NewPartner--btnAddTableRow-img"}]}
RESULT: undefined
COMMAND: POST /session/0ffaedec2ff4d329b9cb85ca897a1301/element - {"using":"xpath","value":"//*[@id=\"application-managepartners-display-component---NewPartner--btnAddTableRow-img\"]"}
RESULT: {"using":"xpath","value":"//*[@id=\"application-managepartners-display-component---NewPartner--btnAddTableRow-img\"]"}
COMMAND: POST /session/0ffaedec2ff4d329b9cb85ca897a1301/element/f.9119AA68FED8A447B03A71089BFD3ED7.d.BD22541741102C8AA4E5BCFC8F08F025.e.9652/click - {}
RESULT: {}
COMMAND: GET /session/0ffaedec2ff4d329b9cb85ca897a1301/screenshot - {}
RESULT: {}
COMMAND: POST /session/0ffaedec2ff4d329b9cb85ca897a1301/element - {"using":"xpath","value":"//input[@id=\"application-managepartners-display-component---NewPartner--assignmentYard-application-managepartners-display-component---NewPartner--assignmentsTable-0-inner\"]"}
RESULT: {"using":"xpath","value":"//input[@id=\"application-managepartners-display-component---NewPartner--assignmentYard-application-managepartners-display-component---NewPartner--assignmentsTable-0-inner\"]"}
COMMAND: POST /session/0ffaedec2ff4d329b9cb85ca897a1301/element/f.9119AA68FED8A447B03A71089BFD3ED7.d.BD22541741102C8AA4E5BCFC8F08F025.e.9655/clear - {}
RESULT: {}
COMMAND: POST /session/0ffaedec2ff4d329b9cb85ca897a1301/element/f.9119AA68FED8A447B03A71089BFD3ED7.d.BD22541741102C8AA4E5BCFC8F08F025.e.9655/value - {"text":"348"}
COMMAND: GET /session/0ffaedec2ff4d329b9cb85ca897a1301/screenshot - {}
RESULT: {"text":"348"}
COMMAND: GET /session/0ffaedec2ff4d329b9cb85ca897a1301/screenshot - {}
RESULT: {}
RESULT: {}
COMMAND: POST /session/0ffaedec2ff4d329b9cb85ca897a1301/element - {"using":"xpath","value":"//li[.//span[text()='348']]"}
RESULT: {"using":"xpath","value":"//li[.//span[text()='348']]"}
COMMAND: POST /session/0ffaedec2ff4d329b9cb85ca897a1301/element/f.9119AA68FED8A447B03A71089BFD3ED7.d.BD22541741102C8AA4E5BCFC8F08F025.e.9664/click - {}
RESULT: {}
COMMAND: GET /session/0ffaedec2ff4d329b9cb85ca897a1301/screenshot - {}
RESULT: {}
COMMAND: POST /session/0ffaedec2ff4d329b9cb85ca897a1301/actions - {"actions":[{"id":"action25","type":"key","parameters":{},"actions":[{"type":"keyDown","value":""},{"type":"pause","duration":10},{"type":"keyUp","value":""}]}]}
RESULT: {"actions":[{"id":"action25","type":"key","parameters":{},"actions":[{"type":"keyDown","value":""},{"type":"pause","duration":10},{"type":"keyUp","value":""}]}]}
COMMAND: POST /session/0ffaedec2ff4d329b9cb85ca897a1301/execute/async - {"script":"<script> [1562 bytes]","args":[{"selector":{"id":"application-managepartners-display-component---NewPartner--externalCustomerComboBox-application-managepartners-display-component---NewPartner--assignmentsTable-0-vhi"},"wdio_ui5_key":"applicationmanagepartners-display-component---NewPartner--externalCustomerComboBox-application-managepartners-display-component---NewPartner--assignmentsTable-0-vhi"}]}
COMMAND: GET /session/0ffaedec2ff4d329b9cb85ca897a1301/screenshot - {}
RESULT: {"script":"<script> [1562 bytes]","args":[{"selector":{"id":"application-managepartners-display-component---NewPartner--externalCustomerComboBox-application-managepartners-display-component---NewPartner--assignmentsTable-0-vhi"},"wdio_ui5_key":"applicationmanagepartners-display-component---NewPartner--externalCustomerComboBox-application-managepartners-display-component---NewPartner--assignmentsTable-0-vhi"}]}
RESULT: undefined
COMMAND: POST /session/0ffaedec2ff4d329b9cb85ca897a1301/element - {"using":"xpath","value":"//*[@id=\"application-managepartners-display-component---NewPartner--externalCustomerComboBox-application-managepartners-display-component---NewPartner--assignmentsTable-0-vhi\"]"}
RESULT: {}
RESULT: {"using":"xpath","value":"//*[@id=\"application-managepartners-display-component---NewPartner--externalCustomerComboBox-application-managepartners-display-component---NewPartner--assignmentsTable-0-vhi\"]"}
COMMAND: POST /session/0ffaedec2ff4d329b9cb85ca897a1301/element/f.9119AA68FED8A447B03A71089BFD3ED7.d.BD22541741102C8AA4E5BCFC8F08F025.e.9668/click - {}
RESULT: {}
RESULT: undefined
COMMAND: POST /session/0ffaedec2ff4d329b9cb85ca897a1301/execute/async - {"script":"<script> [776 bytes]","args":[{"enterText":"300003","selector":{"controlType":"sap.m.SearchField","properties":{"placeholder":"Search"},"searchOpenDialogs":true,"interaction":{"idSuffix":"I"}},"clearTextFirst":true,"interactionType":"ENTER_TEXT"}]}
COMMAND: GET /session/0ffaedec2ff4d329b9cb85ca897a1301/screenshot - {}
RESULT: {"script":"<script> [776 bytes]","args":[{"enterText":"300003","selector":{"controlType":"sap.m.SearchField","properties":{"placeholder":"Search"},"searchOpenDialogs":true,"interaction":{"idSuffix":"I"}},"clearTextFirst":true,"interactionType":"ENTER_TEXT"}]}
COMMAND: POST /session/0ffaedec2ff4d329b9cb85ca897a1301/actions - {"actions":[{"id":"action26","type":"key","parameters":{},"actions":[{"type":"keyDown","value":""},{"type":"pause","duration":10},{"type":"keyUp","value":""}]}]}
RESULT: {}
RESULT: {"actions":[{"id":"action26","type":"key","parameters":{},"actions":[{"type":"keyDown","value":""},{"type":"pause","duration":10},{"type":"keyUp","value":""}]}]}
COMMAND: GET /session/0ffaedec2ff4d329b9cb85ca897a1301/screenshot - {}
RESULT: {}
COMMAND: POST /session/0ffaedec2ff4d329b9cb85ca897a1301/element - {"using":"xpath","value":"//span[contains(text(), \"300003\")]"}
RESULT: {"using":"xpath","value":"//span[contains(text(), \"300003\")]"}
COMMAND: POST /session/0ffaedec2ff4d329b9cb85ca897a1301/element/f.9119AA68FED8A447B03A71089BFD3ED7.d.BD22541741102C8AA4E5BCFC8F08F025.e.9686/click - {}
RESULT: {}
COMMAND: GET /session/0ffaedec2ff4d329b9cb85ca897a1301/screenshot - {}
RESULT: {}
COMMAND: POST /session/0ffaedec2ff4d329b9cb85ca897a1301/element - {"using":"xpath","value":"//bdi[contains(text(), \"OK\")]"}
RESULT: {"using":"xpath","value":"//bdi[contains(text(), \"OK\")]"}
COMMAND: POST /session/0ffaedec2ff4d329b9cb85ca897a1301/element/f.9119AA68FED8A447B03A71089BFD3ED7.d.BD22541741102C8AA4E5BCFC8F08F025.e.9688/click - {}
RESULT: {}
COMMAND: GET /session/0ffaedec2ff4d329b9cb85ca897a1301/screenshot - {}
RESULT: {}
COMMAND: POST /session/0ffaedec2ff4d329b9cb85ca897a1301/execute/async - {"script":"<script> [1562 bytes]","args":[{"selector":{"id":"application-managepartners-display-component---NewPartner--intercompVendorComboBox-application-managepartners-display-component---NewPartner--assignmentsTable-0-vhi"},"wdio_ui5_key":"applicationmanagepartners-display-component---NewPartner--intercompVendorComboBox-application-managepartners-display-component---NewPartner--assignmentsTable-0-vhi"}]}
RESULT: {"script":"<script> [1562 bytes]","args":[{"selector":{"id":"application-managepartners-display-component---NewPartner--intercompVendorComboBox-application-managepartners-display-component---NewPartner--assignmentsTable-0-vhi"},"wdio_ui5_key":"applicationmanagepartners-display-component---NewPartner--intercompVendorComboBox-application-managepartners-display-component---NewPartner--assignmentsTable-0-vhi"}]}
RESULT: undefined
COMMAND: POST /session/0ffaedec2ff4d329b9cb85ca897a1301/element - {"using":"xpath","value":"//*[@id=\"application-managepartners-display-component---NewPartner--intercompVendorComboBox-application-managepartners-display-component---NewPartner--assignmentsTable-0-vhi\"]"}
RESULT: {"using":"xpath","value":"//*[@id=\"application-managepartners-display-component---NewPartner--intercompVendorComboBox-application-managepartners-display-component---NewPartner--assignmentsTable-0-vhi\"]"}
COMMAND: POST /session/0ffaedec2ff4d329b9cb85ca897a1301/element/f.9119AA68FED8A447B03A71089BFD3ED7.d.BD22541741102C8AA4E5BCFC8F08F025.e.9691/click - {}
RESULT: {}
RESULT: undefined
COMMAND: POST /session/0ffaedec2ff4d329b9cb85ca897a1301/execute/async - {"script":"<script> [776 bytes]","args":[{"enterText":"100005","selector":{"controlType":"sap.m.SearchField","properties":{"placeholder":"Search"},"searchOpenDialogs":true,"interaction":{"idSuffix":"I"}},"clearTextFirst":true,"interactionType":"ENTER_TEXT"}]}
COMMAND: GET /session/0ffaedec2ff4d329b9cb85ca897a1301/screenshot - {}
RESULT: {"script":"<script> [776 bytes]","args":[{"enterText":"100005","selector":{"controlType":"sap.m.SearchField","properties":{"placeholder":"Search"},"searchOpenDialogs":true,"interaction":{"idSuffix":"I"}},"clearTextFirst":true,"interactionType":"ENTER_TEXT"}]}
COMMAND: POST /session/0ffaedec2ff4d329b9cb85ca897a1301/actions - {"actions":[{"id":"action27","type":"key","parameters":{},"actions":[{"type":"keyDown","value":""},{"type":"pause","duration":10},{"type":"keyUp","value":""}]}]}
RESULT: {}
RESULT: {"actions":[{"id":"action27","type":"key","parameters":{},"actions":[{"type":"keyDown","value":""},{"type":"pause","duration":10},{"type":"keyUp","value":""}]}]}
COMMAND: GET /session/0ffaedec2ff4d329b9cb85ca897a1301/screenshot - {}
RESULT: {}
COMMAND: POST /session/0ffaedec2ff4d329b9cb85ca897a1301/element - {"using":"xpath","value":"//span[contains(text(), \"Penguins - Field/12345 Berlin\")]"}
RESULT: {"using":"xpath","value":"//span[contains(text(), \"Penguins - Field/12345 Berlin\")]"}
COMMAND: POST /session/0ffaedec2ff4d329b9cb85ca897a1301/element/f.9119AA68FED8A447B03A71089BFD3ED7.d.BD22541741102C8AA4E5BCFC8F08F025.e.9709/click - {}
RESULT: {}
COMMAND: GET /session/0ffaedec2ff4d329b9cb85ca897a1301/screenshot - {}
RESULT: {}
COMMAND: POST /session/0ffaedec2ff4d329b9cb85ca897a1301/element - {"using":"xpath","value":"//bdi[contains(text(), \"OK\")]"}
RESULT: {"using":"xpath","value":"//bdi[contains(text(), \"OK\")]"}
COMMAND: POST /session/0ffaedec2ff4d329b9cb85ca897a1301/element/f.9119AA68FED8A447B03A71089BFD3ED7.d.BD22541741102C8AA4E5BCFC8F08F025.e.9710/click - {}
RESULT: {}
COMMAND: GET /session/0ffaedec2ff4d329b9cb85ca897a1301/screenshot - {}
RESULT: {}
COMMAND: POST /session/0ffaedec2ff4d329b9cb85ca897a1301/element - {"using":"xpath","value":"//button[@data-kt=\"saveButton\"]"}
RESULT: {"using":"xpath","value":"//button[@data-kt=\"saveButton\"]"}
COMMAND: POST /session/0ffaedec2ff4d329b9cb85ca897a1301/element/f.9119AA68FED8A447B03A71089BFD3ED7.d.BD22541741102C8AA4E5BCFC8F08F025.e.9517/click - {}
RESULT: {}
COMMAND: GET /session/0ffaedec2ff4d329b9cb85ca897a1301/screenshot - {}
RESULT: {}
COMMAND: POST /session/0ffaedec2ff4d329b9cb85ca897a1301/element - {"using":"xpath","value":"//header[contains(@id, 'ObjectPageLayout-headerTitle')]/div[1]/div[2]/div[2]/span[1]"}
RESULT: {"using":"xpath","value":"//header[contains(@id, 'ObjectPageLayout-headerTitle')]/div[1]/div[2]/div[2]/span[1]"}
COMMAND: POST /session/0ffaedec2ff4d329b9cb85ca897a1301/elements - {"using":"xpath","value":"//header[contains(@id, 'ObjectPageLayout-headerTitle')]/div[1]/div[2]/div[2]/span[1]"}
RESULT: {"using":"xpath","value":"//header[contains(@id, 'ObjectPageLayout-headerTitle')]/div[1]/div[2]/div[2]/span[1]"}
COMMAND: POST /session/0ffaedec2ff4d329b9cb85ca897a1301/execute/sync - {"script":"<script> [56 bytes]","args":[{"element-6066-11e4-a52e-4f735466cecf":"f.9119AA68FED8A447B03A71089BFD3ED7.d.BD22541741102C8AA4E5BCFC8F08F025.e.9874","ELEMENT":"f.9119AA68FED8A447B03A71089BFD3ED7.d.BD22541741102C8AA4E5BCFC8F08F025.e.9874"}]}
RESULT: {"script":"<script> [56 bytes]","args":[{"element-6066-11e4-a52e-4f735466cecf":"f.9119AA68FED8A447B03A71089BFD3ED7.d.BD22541741102C8AA4E5BCFC8F08F025.e.9874","ELEMENT":"f.9119AA68FED8A447B03A71089BFD3ED7.d.BD22541741102C8AA4E5BCFC8F08F025.e.9874"}]}
COMMAND: POST /session/0ffaedec2ff4d329b9cb85ca897a1301/element - {"using":"css selector","value":"#shell-header-logo"}
COMMAND: GET /session/0ffaedec2ff4d329b9cb85ca897a1301/screenshot - {}
RESULT: {"using":"css selector","value":"#shell-header-logo"}
COMMAND: POST /session/0ffaedec2ff4d329b9cb85ca897a1301/element/f.9119AA68FED8A447B03A71089BFD3ED7.d.BD22541741102C8AA4E5BCFC8F08F025.e.9091/click - {}
RESULT: {}
RESULT: {}
COMMAND: GET /session/0ffaedec2ff4d329b9cb85ca897a1301/screenshot - {}
RESULT: {}
COMMAND: POST /session/0ffaedec2ff4d329b9cb85ca897a1301/execute/sync - {"script":"<script> [299 bytes]","args":[["getModel","getResource"]]}
RESULT: {"script":"<script> [299 bytes]","args":[["getModel","getResource"]]}
COMMAND: GET /session/0ffaedec2ff4d329b9cb85ca897a1301/screenshot - {}
]]></system-out>
    </testcase>
    <testcase classname="chrome.136_0_7103_93.windows.Billing_Transfer_-_Intracompany_US127249" name="Should create a new site" time="89.443">
      <system-out><![CDATA[
COMMAND: POST /session/0ffaedec2ff4d329b9cb85ca897a1301/execute/async - {"script":"<script> [1562 bytes]","args":[{"selector":{"controlType":"sap.m.GenericTile","properties":{"header":"Manage Sites"}},"wdio_ui5_key":"sapm.GenericTile{\"header\":\"Manage Sites\"}"}]}
RESULT: {}
RESULT: {"script":"<script> [1562 bytes]","args":[{"selector":{"controlType":"sap.m.GenericTile","properties":{"header":"Manage Sites"}},"wdio_ui5_key":"sapm.GenericTile{\"header\":\"Manage Sites\"}"}]}
RESULT: undefined
COMMAND: POST /session/0ffaedec2ff4d329b9cb85ca897a1301/element - {"using":"xpath","value":"//*[@id=\"__tile40\"]"}
RESULT: {"using":"xpath","value":"//*[@id=\"__tile40\"]"}
COMMAND: POST /session/0ffaedec2ff4d329b9cb85ca897a1301/element/f.9119AA68FED8A447B03A71089BFD3ED7.d.BD22541741102C8AA4E5BCFC8F08F025.e.8246/click - {}
RESULT: {}
COMMAND: GET /session/0ffaedec2ff4d329b9cb85ca897a1301/screenshot - {}
RESULT: {}
COMMAND: POST /session/0ffaedec2ff4d329b9cb85ca897a1301/elements - {"using":"xpath","value":"//span[text()='Error']"}
RESULT: {"using":"xpath","value":"//span[text()='Error']"}
COMMAND: POST /session/0ffaedec2ff4d329b9cb85ca897a1301/element - {"using":"xpath","value":"//button[@data-kt=\"addOverflowToolbarButton\"]"}
RESULT: {"using":"xpath","value":"//button[@data-kt=\"addOverflowToolbarButton\"]"}
COMMAND: POST /session/0ffaedec2ff4d329b9cb85ca897a1301/elements - {"using":"xpath","value":"//button[@data-kt=\"addOverflowToolbarButton\"]"}
RESULT: {"using":"xpath","value":"//button[@data-kt=\"addOverflowToolbarButton\"]"}
COMMAND: POST /session/0ffaedec2ff4d329b9cb85ca897a1301/execute/sync - {"script":"<script> [8489 bytes]","args":[{"element-6066-11e4-a52e-4f735466cecf":"f.9119AA68FED8A447B03A71089BFD3ED7.d.BD22541741102C8AA4E5BCFC8F08F025.e.10039","ELEMENT":"f.9119AA68FED8A447B03A71089BFD3ED7.d.BD22541741102C8AA4E5BCFC8F08F025.e.10039"}]}
RESULT: {"script":"<script> [8489 bytes]","args":[{"element-6066-11e4-a52e-4f735466cecf":"f.9119AA68FED8A447B03A71089BFD3ED7.d.BD22541741102C8AA4E5BCFC8F08F025.e.10039","ELEMENT":"f.9119AA68FED8A447B03A71089BFD3ED7.d.BD22541741102C8AA4E5BCFC8F08F025.e.10039"}]}
COMMAND: GET /session/0ffaedec2ff4d329b9cb85ca897a1301/element/f.9119AA68FED8A447B03A71089BFD3ED7.d.BD22541741102C8AA4E5BCFC8F08F025.e.10039/enabled - {}
COMMAND: GET /session/0ffaedec2ff4d329b9cb85ca897a1301/screenshot - {}
RESULT: {}
COMMAND: POST /session/0ffaedec2ff4d329b9cb85ca897a1301/execute/sync - {"script":"<script> [8489 bytes]","args":[{"element-6066-11e4-a52e-4f735466cecf":"f.9119AA68FED8A447B03A71089BFD3ED7.d.BD22541741102C8AA4E5BCFC8F08F025.e.10039","ELEMENT":"f.9119AA68FED8A447B03A71089BFD3ED7.d.BD22541741102C8AA4E5BCFC8F08F025.e.10039"}]}
COMMAND: GET /session/0ffaedec2ff4d329b9cb85ca897a1301/screenshot - {}
RESULT: {}
RESULT: {"script":"<script> [8489 bytes]","args":[{"element-6066-11e4-a52e-4f735466cecf":"f.9119AA68FED8A447B03A71089BFD3ED7.d.BD22541741102C8AA4E5BCFC8F08F025.e.10039","ELEMENT":"f.9119AA68FED8A447B03A71089BFD3ED7.d.BD22541741102C8AA4E5BCFC8F08F025.e.10039"}]}
COMMAND: POST /session/0ffaedec2ff4d329b9cb85ca897a1301/execute/sync - {"script":"<script> [5351 bytes]","args":[{"element-6066-11e4-a52e-4f735466cecf":"f.9119AA68FED8A447B03A71089BFD3ED7.d.BD22541741102C8AA4E5BCFC8F08F025.e.10039","ELEMENT":"f.9119AA68FED8A447B03A71089BFD3ED7.d.BD22541741102C8AA4E5BCFC8F08F025.e.10039"}]}
COMMAND: GET /session/0ffaedec2ff4d329b9cb85ca897a1301/screenshot - {}
RESULT: {}
RESULT: {"script":"<script> [5351 bytes]","args":[{"element-6066-11e4-a52e-4f735466cecf":"f.9119AA68FED8A447B03A71089BFD3ED7.d.BD22541741102C8AA4E5BCFC8F08F025.e.10039","ELEMENT":"f.9119AA68FED8A447B03A71089BFD3ED7.d.BD22541741102C8AA4E5BCFC8F08F025.e.10039"}]}
COMMAND: POST /session/0ffaedec2ff4d329b9cb85ca897a1301/element/f.9119AA68FED8A447B03A71089BFD3ED7.d.BD22541741102C8AA4E5BCFC8F08F025.e.10039/click - {}
COMMAND: GET /session/0ffaedec2ff4d329b9cb85ca897a1301/screenshot - {}
RESULT: {}
RESULT: {}
COMMAND: GET /session/0ffaedec2ff4d329b9cb85ca897a1301/screenshot - {}
RESULT: {}
COMMAND: POST /session/0ffaedec2ff4d329b9cb85ca897a1301/element - {"using":"xpath","value":"//input[@id=\"application-managesites-display-component---NewSite--siteId-inner\"]"}
RESULT: {}
RESULT: {"using":"xpath","value":"//input[@id=\"application-managesites-display-component---NewSite--siteId-inner\"]"}
COMMAND: POST /session/0ffaedec2ff4d329b9cb85ca897a1301/element - {"using":"xpath","value":"//input[@id=\"application-managesites-display-component---NewSite--siteId-inner\"]"}
RESULT: {"using":"xpath","value":"//input[@id=\"application-managesites-display-component---NewSite--siteId-inner\"]"}
COMMAND: POST /session/0ffaedec2ff4d329b9cb85ca897a1301/execute/async - {"script":"<script> [1562 bytes]","args":[{"selector":{"id":"application-managesites-display-component---NewSite--addressDetailDetailsName1","interaction":{"idSuffix":"inner"}},"wdio_ui5_key":"applicationmanagesites-display-component---NewSite--addressDetailDetailsName1"}]}
RESULT: {"script":"<script> [1562 bytes]","args":[{"selector":{"id":"application-managesites-display-component---NewSite--addressDetailDetailsName1","interaction":{"idSuffix":"inner"}},"wdio_ui5_key":"applicationmanagesites-display-component---NewSite--addressDetailDetailsName1"}]}
RESULT: undefined
COMMAND: POST /session/0ffaedec2ff4d329b9cb85ca897a1301/execute/async - {"script":"<script> [776 bytes]","args":[{"enterText":"Intracompany Site wdIO","selector":{"id":"application-managesites-display-component---NewSite--addressDetailDetailsName1","interaction":{"idSuffix":"inner"}},"clearTextFirst":true,"interactionType":"ENTER_TEXT"}]}
RESULT: {"script":"<script> [776 bytes]","args":[{"enterText":"Intracompany Site wdIO","selector":{"id":"application-managesites-display-component---NewSite--addressDetailDetailsName1","interaction":{"idSuffix":"inner"}},"clearTextFirst":true,"interactionType":"ENTER_TEXT"}]}
COMMAND: POST /session/0ffaedec2ff4d329b9cb85ca897a1301/execute/async - {"script":"<script> [1562 bytes]","args":[{"selector":{"id":"application-managesites-display-component---NewSite--addressDetailDetailsLanguage-arrow"},"wdio_ui5_key":"applicationmanagesites-display-component---NewSite--addressDetailDetailsLanguage-arrow"}]}
RESULT: {"script":"<script> [1562 bytes]","args":[{"selector":{"id":"application-managesites-display-component---NewSite--addressDetailDetailsLanguage-arrow"},"wdio_ui5_key":"applicationmanagesites-display-component---NewSite--addressDetailDetailsLanguage-arrow"}]}
RESULT: undefined
COMMAND: POST /session/0ffaedec2ff4d329b9cb85ca897a1301/element - {"using":"xpath","value":"//*[@id=\"application-managesites-display-component---NewSite--addressDetailDetailsLanguage-arrow\"]"}
RESULT: {"using":"xpath","value":"//*[@id=\"application-managesites-display-component---NewSite--addressDetailDetailsLanguage-arrow\"]"}
COMMAND: POST /session/0ffaedec2ff4d329b9cb85ca897a1301/element/f.9119AA68FED8A447B03A71089BFD3ED7.d.BD22541741102C8AA4E5BCFC8F08F025.e.10551/click - {}
RESULT: {}
COMMAND: POST /session/0ffaedec2ff4d329b9cb85ca897a1301/element - {"using":"xpath","value":"//span[contains(text(), \"English\")]"}
COMMAND: GET /session/0ffaedec2ff4d329b9cb85ca897a1301/screenshot - {}
RESULT: {"using":"xpath","value":"//span[contains(text(), \"English\")]"}
COMMAND: POST /session/0ffaedec2ff4d329b9cb85ca897a1301/element/f.9119AA68FED8A447B03A71089BFD3ED7.d.BD22541741102C8AA4E5BCFC8F08F025.e.10552/click - {}
RESULT: {}
RESULT: {}
COMMAND: POST /session/0ffaedec2ff4d329b9cb85ca897a1301/execute/async - {"script":"<script> [1562 bytes]","args":[{"selector":{"id":"application-managesites-display-component---NewSite--addressDetailDetailsCity1","interaction":{"idSuffix":"inner"}},"wdio_ui5_key":"applicationmanagesites-display-component---NewSite--addressDetailDetailsCity1"}]}
COMMAND: GET /session/0ffaedec2ff4d329b9cb85ca897a1301/screenshot - {}
RESULT: {"script":"<script> [1562 bytes]","args":[{"selector":{"id":"application-managesites-display-component---NewSite--addressDetailDetailsCity1","interaction":{"idSuffix":"inner"}},"wdio_ui5_key":"applicationmanagesites-display-component---NewSite--addressDetailDetailsCity1"}]}
RESULT: undefined
COMMAND: POST /session/0ffaedec2ff4d329b9cb85ca897a1301/execute/async - {"script":"<script> [776 bytes]","args":[{"enterText":"Rosario","selector":{"id":"application-managesites-display-component---NewSite--addressDetailDetailsCity1","interaction":{"idSuffix":"inner"}},"clearTextFirst":true,"interactionType":"ENTER_TEXT"}]}
RESULT: {}
RESULT: {"script":"<script> [776 bytes]","args":[{"enterText":"Rosario","selector":{"id":"application-managesites-display-component---NewSite--addressDetailDetailsCity1","interaction":{"idSuffix":"inner"}},"clearTextFirst":true,"interactionType":"ENTER_TEXT"}]}
COMMAND: POST /session/0ffaedec2ff4d329b9cb85ca897a1301/execute/async - {"script":"<script> [1562 bytes]","args":[{"selector":{"id":"application-managesites-display-component---NewSite--addressDetailDetailsCountry-arrow"},"wdio_ui5_key":"applicationmanagesites-display-component---NewSite--addressDetailDetailsCountry-arrow"}]}
RESULT: {"script":"<script> [1562 bytes]","args":[{"selector":{"id":"application-managesites-display-component---NewSite--addressDetailDetailsCountry-arrow"},"wdio_ui5_key":"applicationmanagesites-display-component---NewSite--addressDetailDetailsCountry-arrow"}]}
RESULT: undefined
COMMAND: POST /session/0ffaedec2ff4d329b9cb85ca897a1301/element - {"using":"xpath","value":"//*[@id=\"application-managesites-display-component---NewSite--addressDetailDetailsCountry-arrow\"]"}
RESULT: {"using":"xpath","value":"//*[@id=\"application-managesites-display-component---NewSite--addressDetailDetailsCountry-arrow\"]"}
COMMAND: POST /session/0ffaedec2ff4d329b9cb85ca897a1301/element/f.9119AA68FED8A447B03A71089BFD3ED7.d.BD22541741102C8AA4E5BCFC8F08F025.e.10554/click - {}
RESULT: {}
COMMAND: POST /session/0ffaedec2ff4d329b9cb85ca897a1301/element - {"using":"xpath","value":"//span[contains(text(), \"Argentina\")]"}
COMMAND: GET /session/0ffaedec2ff4d329b9cb85ca897a1301/screenshot - {}
RESULT: {"using":"xpath","value":"//span[contains(text(), \"Argentina\")]"}
COMMAND: POST /session/0ffaedec2ff4d329b9cb85ca897a1301/element/f.9119AA68FED8A447B03A71089BFD3ED7.d.BD22541741102C8AA4E5BCFC8F08F025.e.10555/click - {}
RESULT: {}
RESULT: {}
COMMAND: GET /session/0ffaedec2ff4d329b9cb85ca897a1301/screenshot - {}
RESULT: {}
COMMAND: POST /session/0ffaedec2ff4d329b9cb85ca897a1301/execute/async - {"script":"<script> [1562 bytes]","args":[{"selector":{"id":"application-managesites-display-component---NewSite--addressEditDetailsCostObjectCstType-arrow"},"wdio_ui5_key":"applicationmanagesites-display-component---NewSite--addressEditDetailsCostObjectCstType-arrow"}]}
RESULT: {"script":"<script> [1562 bytes]","args":[{"selector":{"id":"application-managesites-display-component---NewSite--addressEditDetailsCostObjectCstType-arrow"},"wdio_ui5_key":"applicationmanagesites-display-component---NewSite--addressEditDetailsCostObjectCstType-arrow"}]}
RESULT: undefined
COMMAND: POST /session/0ffaedec2ff4d329b9cb85ca897a1301/element - {"using":"xpath","value":"//*[@id=\"application-managesites-display-component---NewSite--addressEditDetailsCostObjectCstType-arrow\"]"}
RESULT: {"using":"xpath","value":"//*[@id=\"application-managesites-display-component---NewSite--addressEditDetailsCostObjectCstType-arrow\"]"}
COMMAND: POST /session/0ffaedec2ff4d329b9cb85ca897a1301/element/f.9119AA68FED8A447B03A71089BFD3ED7.d.BD22541741102C8AA4E5BCFC8F08F025.e.10557/click - {}
RESULT: {}
COMMAND: POST /session/0ffaedec2ff4d329b9cb85ca897a1301/element - {"using":"xpath","value":"//span[contains(text(), \"Cost Center\")]"}
COMMAND: GET /session/0ffaedec2ff4d329b9cb85ca897a1301/screenshot - {}
RESULT: {"using":"xpath","value":"//span[contains(text(), \"Cost Center\")]"}
COMMAND: POST /session/0ffaedec2ff4d329b9cb85ca897a1301/element/f.9119AA68FED8A447B03A71089BFD3ED7.d.BD22541741102C8AA4E5BCFC8F08F025.e.10558/click - {}
RESULT: {}
RESULT: {}
COMMAND: GET /session/0ffaedec2ff4d329b9cb85ca897a1301/screenshot - {}
RESULT: {}
COMMAND: POST /session/0ffaedec2ff4d329b9cb85ca897a1301/element - {"using":"xpath","value":"//span[@id=\"application-managesites-display-component---NewSite--addressNewCostObjectCstID-vhi\"]"}
RESULT: {"using":"xpath","value":"//span[@id=\"application-managesites-display-component---NewSite--addressNewCostObjectCstID-vhi\"]"}
COMMAND: POST /session/0ffaedec2ff4d329b9cb85ca897a1301/execute/sync - {"script":"<script> [8489 bytes]","args":[{"element-6066-11e4-a52e-4f735466cecf":"f.9119AA68FED8A447B03A71089BFD3ED7.d.BD22541741102C8AA4E5BCFC8F08F025.e.10563","ELEMENT":"f.9119AA68FED8A447B03A71089BFD3ED7.d.BD22541741102C8AA4E5BCFC8F08F025.e.10563"}]}
RESULT: {"script":"<script> [8489 bytes]","args":[{"element-6066-11e4-a52e-4f735466cecf":"f.9119AA68FED8A447B03A71089BFD3ED7.d.BD22541741102C8AA4E5BCFC8F08F025.e.10563","ELEMENT":"f.9119AA68FED8A447B03A71089BFD3ED7.d.BD22541741102C8AA4E5BCFC8F08F025.e.10563"}]}
COMMAND: POST /session/0ffaedec2ff4d329b9cb85ca897a1301/execute/async - {"script":"<script> [1562 bytes]","args":[{"selector":{"id":"application-managesites-display-component---NewSite--addressNewCostObjectCstID-vhi"},"wdio_ui5_key":"applicationmanagesites-display-component---NewSite--addressNewCostObjectCstID-vhi"}]}
COMMAND: GET /session/0ffaedec2ff4d329b9cb85ca897a1301/screenshot - {}
RESULT: {"script":"<script> [1562 bytes]","args":[{"selector":{"id":"application-managesites-display-component---NewSite--addressNewCostObjectCstID-vhi"},"wdio_ui5_key":"applicationmanagesites-display-component---NewSite--addressNewCostObjectCstID-vhi"}]}
RESULT: undefined
COMMAND: POST /session/0ffaedec2ff4d329b9cb85ca897a1301/element - {"using":"xpath","value":"//*[@id=\"application-managesites-display-component---NewSite--addressNewCostObjectCstID-vhi\"]"}
RESULT: {}
RESULT: {"using":"xpath","value":"//*[@id=\"application-managesites-display-component---NewSite--addressNewCostObjectCstID-vhi\"]"}
COMMAND: POST /session/0ffaedec2ff4d329b9cb85ca897a1301/element/f.9119AA68FED8A447B03A71089BFD3ED7.d.BD22541741102C8AA4E5BCFC8F08F025.e.10563/click - {}
RESULT: {}
COMMAND: GET /session/0ffaedec2ff4d329b9cb85ca897a1301/screenshot - {}
RESULT: {}
RESULT: undefined
COMMAND: POST /session/0ffaedec2ff4d329b9cb85ca897a1301/execute/async - {"script":"<script> [776 bytes]","args":[{"enterText":"10001013","selector":{"controlType":"sap.m.SearchField","properties":{"placeholder":"Search"},"searchOpenDialogs":true,"interaction":{"idSuffix":"I"}},"clearTextFirst":true,"interactionType":"ENTER_TEXT"}]}
RESULT: {"script":"<script> [776 bytes]","args":[{"enterText":"10001013","selector":{"controlType":"sap.m.SearchField","properties":{"placeholder":"Search"},"searchOpenDialogs":true,"interaction":{"idSuffix":"I"}},"clearTextFirst":true,"interactionType":"ENTER_TEXT"}]}
COMMAND: POST /session/0ffaedec2ff4d329b9cb85ca897a1301/actions - {"actions":[{"id":"action28","type":"key","parameters":{},"actions":[{"type":"keyDown","value":""},{"type":"pause","duration":10},{"type":"keyUp","value":""}]}]}
RESULT: {"actions":[{"id":"action28","type":"key","parameters":{},"actions":[{"type":"keyDown","value":""},{"type":"pause","duration":10},{"type":"keyUp","value":""}]}]}
COMMAND: GET /session/0ffaedec2ff4d329b9cb85ca897a1301/screenshot - {}
RESULT: {}
COMMAND: POST /session/0ffaedec2ff4d329b9cb85ca897a1301/element - {"using":"xpath","value":"//span[contains(text(), \"General Management\")]"}
RESULT: {"using":"xpath","value":"//span[contains(text(), \"General Management\")]"}
COMMAND: POST /session/0ffaedec2ff4d329b9cb85ca897a1301/element/f.9119AA68FED8A447B03A71089BFD3ED7.d.BD22541741102C8AA4E5BCFC8F08F025.e.10601/click - {}
RESULT: {}
COMMAND: GET /session/0ffaedec2ff4d329b9cb85ca897a1301/screenshot - {}
RESULT: {}
COMMAND: POST /session/0ffaedec2ff4d329b9cb85ca897a1301/element - {"using":"xpath","value":"//bdi[contains(text(), \"OK\")]"}
RESULT: {"using":"xpath","value":"//bdi[contains(text(), \"OK\")]"}
COMMAND: POST /session/0ffaedec2ff4d329b9cb85ca897a1301/element/f.9119AA68FED8A447B03A71089BFD3ED7.d.BD22541741102C8AA4E5BCFC8F08F025.e.10602/click - {}
RESULT: {}
COMMAND: GET /session/0ffaedec2ff4d329b9cb85ca897a1301/screenshot - {}
RESULT: {}
COMMAND: POST /session/0ffaedec2ff4d329b9cb85ca897a1301/element - {"using":"xpath","value":"//input[@id=\"application-managesites-display-component---NewSite--addressDetailDetailsCalendar-inner\"]"}
RESULT: {"using":"xpath","value":"//input[@id=\"application-managesites-display-component---NewSite--addressDetailDetailsCalendar-inner\"]"}
COMMAND: POST /session/0ffaedec2ff4d329b9cb85ca897a1301/element/f.9119AA68FED8A447B03A71089BFD3ED7.d.BD22541741102C8AA4E5BCFC8F08F025.e.10349/clear - {}
RESULT: {}
COMMAND: POST /session/0ffaedec2ff4d329b9cb85ca897a1301/element/f.9119AA68FED8A447B03A71089BFD3ED7.d.BD22541741102C8AA4E5BCFC8F08F025.e.10349/value - {"text":"Unit"}
COMMAND: GET /session/0ffaedec2ff4d329b9cb85ca897a1301/screenshot - {}
RESULT: {"text":"Unit"}
COMMAND: GET /session/0ffaedec2ff4d329b9cb85ca897a1301/screenshot - {}
RESULT: {}
RESULT: {}
COMMAND: POST /session/0ffaedec2ff4d329b9cb85ca897a1301/actions - {"actions":[{"id":"action29","type":"key","parameters":{},"actions":[{"type":"keyDown","value":""},{"type":"pause","duration":10},{"type":"keyUp","value":""}]}]}
RESULT: {"actions":[{"id":"action29","type":"key","parameters":{},"actions":[{"type":"keyDown","value":""},{"type":"pause","duration":10},{"type":"keyUp","value":""}]}]}
COMMAND: POST /session/0ffaedec2ff4d329b9cb85ca897a1301/element - {"using":"xpath","value":"//input[@id=\"application-managesites-display-component---NewSite--addressDetailDetailsYard-inner\"]"}
COMMAND: GET /session/0ffaedec2ff4d329b9cb85ca897a1301/screenshot - {}
RESULT: {"using":"xpath","value":"//input[@id=\"application-managesites-display-component---NewSite--addressDetailDetailsYard-inner\"]"}
COMMAND: POST /session/0ffaedec2ff4d329b9cb85ca897a1301/element/f.9119AA68FED8A447B03A71089BFD3ED7.d.BD22541741102C8AA4E5BCFC8F08F025.e.10350/clear - {}
RESULT: {}
RESULT: {}
COMMAND: POST /session/0ffaedec2ff4d329b9cb85ca897a1301/element/f.9119AA68FED8A447B03A71089BFD3ED7.d.BD22541741102C8AA4E5BCFC8F08F025.e.10350/value - {"text":"348"}
COMMAND: GET /session/0ffaedec2ff4d329b9cb85ca897a1301/screenshot - {}
RESULT: {"text":"348"}
COMMAND: GET /session/0ffaedec2ff4d329b9cb85ca897a1301/screenshot - {}
RESULT: {}
RESULT: {}
COMMAND: POST /session/0ffaedec2ff4d329b9cb85ca897a1301/element - {"using":"xpath","value":"//li[.//span[text()='348']]"}
RESULT: {"using":"xpath","value":"//li[.//span[text()='348']]"}
COMMAND: POST /session/0ffaedec2ff4d329b9cb85ca897a1301/element/f.9119AA68FED8A447B03A71089BFD3ED7.d.BD22541741102C8AA4E5BCFC8F08F025.e.10610/click - {}
RESULT: {}
COMMAND: GET /session/0ffaedec2ff4d329b9cb85ca897a1301/screenshot - {}
RESULT: {}
COMMAND: POST /session/0ffaedec2ff4d329b9cb85ca897a1301/element - {"using":"xpath","value":"//input[@id=\"application-managesites-display-component---NewSite--addressDetailDetailsPartner-inner\"]"}
RESULT: {"using":"xpath","value":"//input[@id=\"application-managesites-display-component---NewSite--addressDetailDetailsPartner-inner\"]"}
COMMAND: POST /session/0ffaedec2ff4d329b9cb85ca897a1301/element - {"using":"xpath","value":"//input[@id=\"application-managesites-display-component---NewSite--addressDetailDetailsPartner-inner\"]"}
RESULT: {"using":"xpath","value":"//input[@id=\"application-managesites-display-component---NewSite--addressDetailDetailsPartner-inner\"]"}
COMMAND: POST /session/0ffaedec2ff4d329b9cb85ca897a1301/element - {"using":"xpath","value":"//button[@data-kt=\"saveButton\"]"}
RESULT: {"using":"xpath","value":"//button[@data-kt=\"saveButton\"]"}
COMMAND: POST /session/0ffaedec2ff4d329b9cb85ca897a1301/element/f.9119AA68FED8A447B03A71089BFD3ED7.d.BD22541741102C8AA4E5BCFC8F08F025.e.10504/click - {}
RESULT: {}
COMMAND: GET /session/0ffaedec2ff4d329b9cb85ca897a1301/screenshot - {}
RESULT: {}
COMMAND: POST /session/0ffaedec2ff4d329b9cb85ca897a1301/element - {"using":"xpath","value":"//header[contains(@id, 'ObjectPageLayout-headerTitle')]/div[1]/div[2]/div[2]/span[1]"}
RESULT: {"using":"xpath","value":"//header[contains(@id, 'ObjectPageLayout-headerTitle')]/div[1]/div[2]/div[2]/span[1]"}
COMMAND: POST /session/0ffaedec2ff4d329b9cb85ca897a1301/elements - {"using":"xpath","value":"//header[contains(@id, 'ObjectPageLayout-headerTitle')]/div[1]/div[2]/div[2]/span[1]"}
RESULT: {"using":"xpath","value":"//header[contains(@id, 'ObjectPageLayout-headerTitle')]/div[1]/div[2]/div[2]/span[1]"}
COMMAND: POST /session/0ffaedec2ff4d329b9cb85ca897a1301/execute/sync - {"script":"<script> [56 bytes]","args":[{"element-6066-11e4-a52e-4f735466cecf":"f.9119AA68FED8A447B03A71089BFD3ED7.d.BD22541741102C8AA4E5BCFC8F08F025.e.10813","ELEMENT":"f.9119AA68FED8A447B03A71089BFD3ED7.d.BD22541741102C8AA4E5BCFC8F08F025.e.10813"}]}
RESULT: {"script":"<script> [56 bytes]","args":[{"element-6066-11e4-a52e-4f735466cecf":"f.9119AA68FED8A447B03A71089BFD3ED7.d.BD22541741102C8AA4E5BCFC8F08F025.e.10813","ELEMENT":"f.9119AA68FED8A447B03A71089BFD3ED7.d.BD22541741102C8AA4E5BCFC8F08F025.e.10813"}]}
COMMAND: POST /session/0ffaedec2ff4d329b9cb85ca897a1301/element - {"using":"css selector","value":"#shell-header-logo"}
COMMAND: GET /session/0ffaedec2ff4d329b9cb85ca897a1301/screenshot - {}
RESULT: {"using":"css selector","value":"#shell-header-logo"}
COMMAND: POST /session/0ffaedec2ff4d329b9cb85ca897a1301/element/f.9119AA68FED8A447B03A71089BFD3ED7.d.BD22541741102C8AA4E5BCFC8F08F025.e.9878/click - {}
RESULT: {}
RESULT: {}
COMMAND: GET /session/0ffaedec2ff4d329b9cb85ca897a1301/screenshot - {}
RESULT: {}
COMMAND: POST /session/0ffaedec2ff4d329b9cb85ca897a1301/execute/sync - {"script":"<script> [299 bytes]","args":[["getModel","getResource"]]}
RESULT: {"script":"<script> [299 bytes]","args":[["getModel","getResource"]]}
]]></system-out>
    </testcase>
    <testcase classname="chrome.136_0_7103_93.windows.Billing_Transfer_-_Intracompany_US127249" name="Should create a new equipment" time="125.615">
      <system-out><![CDATA[
COMMAND: GET /session/0ffaedec2ff4d329b9cb85ca897a1301/screenshot - {}
COMMAND: POST /session/0ffaedec2ff4d329b9cb85ca897a1301/execute/async - {"script":"<script> [1562 bytes]","args":[{"selector":{"controlType":"sap.m.GenericTile","properties":{"header":"Manage Resources"}},"wdio_ui5_key":"sapm.GenericTile{\"header\":\"Manage Resources\"}"}]}
RESULT: {}
RESULT: {"script":"<script> [1562 bytes]","args":[{"selector":{"controlType":"sap.m.GenericTile","properties":{"header":"Manage Resources"}},"wdio_ui5_key":"sapm.GenericTile{\"header\":\"Manage Resources\"}"}]}
RESULT: undefined
COMMAND: POST /session/0ffaedec2ff4d329b9cb85ca897a1301/element - {"using":"xpath","value":"//*[@id=\"__tile39\"]"}
RESULT: {"using":"xpath","value":"//*[@id=\"__tile39\"]"}
COMMAND: POST /session/0ffaedec2ff4d329b9cb85ca897a1301/element/f.9119AA68FED8A447B03A71089BFD3ED7.d.BD22541741102C8AA4E5BCFC8F08F025.e.8243/click - {}
RESULT: {}
COMMAND: GET /session/0ffaedec2ff4d329b9cb85ca897a1301/screenshot - {}
RESULT: {}
COMMAND: POST /session/0ffaedec2ff4d329b9cb85ca897a1301/elements - {"using":"xpath","value":"//span[text()='Error']"}
RESULT: {"using":"xpath","value":"//span[text()='Error']"}
COMMAND: POST /session/0ffaedec2ff4d329b9cb85ca897a1301/element - {"using":"xpath","value":"//button[@data-kt=\"addNewRUOverflowToolbarButton\"]"}
RESULT: {"using":"xpath","value":"//button[@data-kt=\"addNewRUOverflowToolbarButton\"]"}
COMMAND: POST /session/0ffaedec2ff4d329b9cb85ca897a1301/elements - {"using":"xpath","value":"//button[@data-kt=\"addNewRUOverflowToolbarButton\"]"}
RESULT: {"using":"xpath","value":"//button[@data-kt=\"addNewRUOverflowToolbarButton\"]"}
COMMAND: POST /session/0ffaedec2ff4d329b9cb85ca897a1301/execute/sync - {"script":"<script> [8489 bytes]","args":[{"element-6066-11e4-a52e-4f735466cecf":"f.9119AA68FED8A447B03A71089BFD3ED7.d.BD22541741102C8AA4E5BCFC8F08F025.e.10855","ELEMENT":"f.9119AA68FED8A447B03A71089BFD3ED7.d.BD22541741102C8AA4E5BCFC8F08F025.e.10855"}]}
RESULT: {"script":"<script> [8489 bytes]","args":[{"element-6066-11e4-a52e-4f735466cecf":"f.9119AA68FED8A447B03A71089BFD3ED7.d.BD22541741102C8AA4E5BCFC8F08F025.e.10855","ELEMENT":"f.9119AA68FED8A447B03A71089BFD3ED7.d.BD22541741102C8AA4E5BCFC8F08F025.e.10855"}]}
COMMAND: GET /session/0ffaedec2ff4d329b9cb85ca897a1301/element/f.9119AA68FED8A447B03A71089BFD3ED7.d.BD22541741102C8AA4E5BCFC8F08F025.e.10855/enabled - {}
COMMAND: GET /session/0ffaedec2ff4d329b9cb85ca897a1301/screenshot - {}
RESULT: {}
COMMAND: POST /session/0ffaedec2ff4d329b9cb85ca897a1301/execute/sync - {"script":"<script> [8489 bytes]","args":[{"element-6066-11e4-a52e-4f735466cecf":"f.9119AA68FED8A447B03A71089BFD3ED7.d.BD22541741102C8AA4E5BCFC8F08F025.e.10855","ELEMENT":"f.9119AA68FED8A447B03A71089BFD3ED7.d.BD22541741102C8AA4E5BCFC8F08F025.e.10855"}]}
COMMAND: GET /session/0ffaedec2ff4d329b9cb85ca897a1301/screenshot - {}
RESULT: {}
RESULT: {"script":"<script> [8489 bytes]","args":[{"element-6066-11e4-a52e-4f735466cecf":"f.9119AA68FED8A447B03A71089BFD3ED7.d.BD22541741102C8AA4E5BCFC8F08F025.e.10855","ELEMENT":"f.9119AA68FED8A447B03A71089BFD3ED7.d.BD22541741102C8AA4E5BCFC8F08F025.e.10855"}]}
COMMAND: POST /session/0ffaedec2ff4d329b9cb85ca897a1301/execute/sync - {"script":"<script> [5351 bytes]","args":[{"element-6066-11e4-a52e-4f735466cecf":"f.9119AA68FED8A447B03A71089BFD3ED7.d.BD22541741102C8AA4E5BCFC8F08F025.e.10855","ELEMENT":"f.9119AA68FED8A447B03A71089BFD3ED7.d.BD22541741102C8AA4E5BCFC8F08F025.e.10855"}]}
COMMAND: GET /session/0ffaedec2ff4d329b9cb85ca897a1301/screenshot - {}
RESULT: {}
RESULT: {"script":"<script> [5351 bytes]","args":[{"element-6066-11e4-a52e-4f735466cecf":"f.9119AA68FED8A447B03A71089BFD3ED7.d.BD22541741102C8AA4E5BCFC8F08F025.e.10855","ELEMENT":"f.9119AA68FED8A447B03A71089BFD3ED7.d.BD22541741102C8AA4E5BCFC8F08F025.e.10855"}]}
COMMAND: POST /session/0ffaedec2ff4d329b9cb85ca897a1301/element/f.9119AA68FED8A447B03A71089BFD3ED7.d.BD22541741102C8AA4E5BCFC8F08F025.e.10855/click - {}
COMMAND: GET /session/0ffaedec2ff4d329b9cb85ca897a1301/screenshot - {}
RESULT: {}
RESULT: {}
COMMAND: GET /session/0ffaedec2ff4d329b9cb85ca897a1301/screenshot - {}
RESULT: {}
RESULT: {}
COMMAND: POST /session/0ffaedec2ff4d329b9cb85ca897a1301/execute/async - {"script":"<script> [1562 bytes]","args":[{"selector":{"id":"application-manageresources-display-component---newResourceUnit--TYPE-arrow"},"wdio_ui5_key":"applicationmanageresources-display-component---newResourceUnit--TYPE-arrow"}]}
RESULT: {"script":"<script> [1562 bytes]","args":[{"selector":{"id":"application-manageresources-display-component---newResourceUnit--TYPE-arrow"},"wdio_ui5_key":"applicationmanageresources-display-component---newResourceUnit--TYPE-arrow"}]}
RESULT: undefined
COMMAND: POST /session/0ffaedec2ff4d329b9cb85ca897a1301/element - {"using":"xpath","value":"//*[@id=\"application-manageresources-display-component---newResourceUnit--TYPE-arrow\"]"}
RESULT: {"using":"xpath","value":"//*[@id=\"application-manageresources-display-component---newResourceUnit--TYPE-arrow\"]"}
COMMAND: POST /session/0ffaedec2ff4d329b9cb85ca897a1301/element/f.9119AA68FED8A447B03A71089BFD3ED7.d.BD22541741102C8AA4E5BCFC8F08F025.e.11206/click - {}
RESULT: {}
COMMAND: POST /session/0ffaedec2ff4d329b9cb85ca897a1301/element - {"using":"xpath","value":"//input[@id=\"application-manageresources-display-component---newResourceUnit--TYPE-inner\"]"}
COMMAND: GET /session/0ffaedec2ff4d329b9cb85ca897a1301/screenshot - {}
RESULT: {"using":"xpath","value":"//input[@id=\"application-manageresources-display-component---newResourceUnit--TYPE-inner\"]"}
COMMAND: POST /session/0ffaedec2ff4d329b9cb85ca897a1301/element/f.9119AA68FED8A447B03A71089BFD3ED7.d.BD22541741102C8AA4E5BCFC8F08F025.e.11191/clear - {}
RESULT: {}
RESULT: {}
COMMAND: POST /session/0ffaedec2ff4d329b9cb85ca897a1301/element/f.9119AA68FED8A447B03A71089BFD3ED7.d.BD22541741102C8AA4E5BCFC8F08F025.e.11191/value - {"text":"Equipment"}
COMMAND: GET /session/0ffaedec2ff4d329b9cb85ca897a1301/screenshot - {}
RESULT: {"text":"Equipment"}
COMMAND: GET /session/0ffaedec2ff4d329b9cb85ca897a1301/screenshot - {}
RESULT: {}
RESULT: {}
COMMAND: POST /session/0ffaedec2ff4d329b9cb85ca897a1301/actions - {"actions":[{"id":"action30","type":"key","parameters":{},"actions":[{"type":"keyDown","value":""},{"type":"pause","duration":10},{"type":"keyUp","value":""}]}]}
RESULT: {"actions":[{"id":"action30","type":"key","parameters":{},"actions":[{"type":"keyDown","value":""},{"type":"pause","duration":10},{"type":"keyUp","value":""}]}]}
COMMAND: POST /session/0ffaedec2ff4d329b9cb85ca897a1301/execute/async - {"script":"<script> [1562 bytes]","args":[{"selector":{"id":"application-manageresources-display-component---newResourceUnit--resourceId","interaction":{"idSuffix":"inner"}},"wdio_ui5_key":"applicationmanageresources-display-component---newResourceUnit--resourceId"}]}
COMMAND: GET /session/0ffaedec2ff4d329b9cb85ca897a1301/screenshot - {}
RESULT: {"script":"<script> [1562 bytes]","args":[{"selector":{"id":"application-manageresources-display-component---newResourceUnit--resourceId","interaction":{"idSuffix":"inner"}},"wdio_ui5_key":"applicationmanageresources-display-component---newResourceUnit--resourceId"}]}
RESULT: undefined
COMMAND: POST /session/0ffaedec2ff4d329b9cb85ca897a1301/execute/async - {"script":"<script> [776 bytes]","args":[{"enterText":"3w3UQ3F0FH","selector":{"id":"application-manageresources-display-component---newResourceUnit--resourceId","interaction":{"idSuffix":"inner"}},"clearTextFirst":true,"interactionType":"ENTER_TEXT"}]}
RESULT: {}
RESULT: {"script":"<script> [776 bytes]","args":[{"enterText":"3w3UQ3F0FH","selector":{"id":"application-manageresources-display-component---newResourceUnit--resourceId","interaction":{"idSuffix":"inner"}},"clearTextFirst":true,"interactionType":"ENTER_TEXT"}]}
COMMAND: POST /session/0ffaedec2ff4d329b9cb85ca897a1301/execute/async - {"script":"<script> [1562 bytes]","args":[{"selector":{"id":"application-manageresources-display-component---newResourceUnit--SHORT_TEXT","interaction":{"idSuffix":"inner"}},"wdio_ui5_key":"applicationmanageresources-display-component---newResourceUnit--SHORT_TEXT"}]}
RESULT: {"script":"<script> [1562 bytes]","args":[{"selector":{"id":"application-manageresources-display-component---newResourceUnit--SHORT_TEXT","interaction":{"idSuffix":"inner"}},"wdio_ui5_key":"applicationmanageresources-display-component---newResourceUnit--SHORT_TEXT"}]}
RESULT: undefined
COMMAND: POST /session/0ffaedec2ff4d329b9cb85ca897a1301/execute/async - {"script":"<script> [776 bytes]","args":[{"enterText":"Intercompany Equipment WDIO","selector":{"id":"application-manageresources-display-component---newResourceUnit--SHORT_TEXT","interaction":{"idSuffix":"inner"}},"clearTextFirst":true,"interactionType":"ENTER_TEXT"}]}
RESULT: {"script":"<script> [776 bytes]","args":[{"enterText":"Intercompany Equipment WDIO","selector":{"id":"application-manageresources-display-component---newResourceUnit--SHORT_TEXT","interaction":{"idSuffix":"inner"}},"clearTextFirst":true,"interactionType":"ENTER_TEXT"}]}
COMMAND: POST /session/0ffaedec2ff4d329b9cb85ca897a1301/execute/async - {"script":"<script> [1562 bytes]","args":[{"selector":{"id":"application-manageresources-display-component---newResourceUnit--BASE_UNIT_OF_MEASURE","interaction":{"idSuffix":"inner"}},"wdio_ui5_key":"applicationmanageresources-display-component---newResourceUnit--BASE_UNIT_OF_MEASURE"}]}
RESULT: {"script":"<script> [1562 bytes]","args":[{"selector":{"id":"application-manageresources-display-component---newResourceUnit--BASE_UNIT_OF_MEASURE","interaction":{"idSuffix":"inner"}},"wdio_ui5_key":"applicationmanageresources-display-component---newResourceUnit--BASE_UNIT_OF_MEASURE"}]}
RESULT: undefined
COMMAND: POST /session/0ffaedec2ff4d329b9cb85ca897a1301/execute/async - {"script":"<script> [776 bytes]","args":[{"enterText":"Piece","selector":{"id":"application-manageresources-display-component---newResourceUnit--BASE_UNIT_OF_MEASURE","interaction":{"idSuffix":"inner"}},"clearTextFirst":true,"interactionType":"ENTER_TEXT"}]}
RESULT: {"script":"<script> [776 bytes]","args":[{"enterText":"Piece","selector":{"id":"application-manageresources-display-component---newResourceUnit--BASE_UNIT_OF_MEASURE","interaction":{"idSuffix":"inner"}},"clearTextFirst":true,"interactionType":"ENTER_TEXT"}]}
COMMAND: POST /session/0ffaedec2ff4d329b9cb85ca897a1301/execute/async - {"script":"<script> [1562 bytes]","args":[{"selector":{"id":"application-manageresources-display-component---newResourceUnit--WEIGHT_UNIT","interaction":{"idSuffix":"inner"}},"wdio_ui5_key":"applicationmanageresources-display-component---newResourceUnit--WEIGHT_UNIT"}]}
RESULT: {"script":"<script> [1562 bytes]","args":[{"selector":{"id":"application-manageresources-display-component---newResourceUnit--WEIGHT_UNIT","interaction":{"idSuffix":"inner"}},"wdio_ui5_key":"applicationmanageresources-display-component---newResourceUnit--WEIGHT_UNIT"}]}
RESULT: undefined
COMMAND: POST /session/0ffaedec2ff4d329b9cb85ca897a1301/execute/async - {"script":"<script> [776 bytes]","args":[{"enterText":"Gram","selector":{"id":"application-manageresources-display-component---newResourceUnit--WEIGHT_UNIT","interaction":{"idSuffix":"inner"}},"clearTextFirst":true,"interactionType":"ENTER_TEXT"}]}
RESULT: {"script":"<script> [776 bytes]","args":[{"enterText":"Gram","selector":{"id":"application-manageresources-display-component---newResourceUnit--WEIGHT_UNIT","interaction":{"idSuffix":"inner"}},"clearTextFirst":true,"interactionType":"ENTER_TEXT"}]}
COMMAND: POST /session/0ffaedec2ff4d329b9cb85ca897a1301/execute/async - {"script":"<script> [1562 bytes]","args":[{"selector":{"id":"application-manageresources-display-component---newResourceUnit--DIMENSION_UNIT","interaction":{"idSuffix":"inner"}},"wdio_ui5_key":"applicationmanageresources-display-component---newResourceUnit--DIMENSION_UNIT"}]}
RESULT: {"script":"<script> [1562 bytes]","args":[{"selector":{"id":"application-manageresources-display-component---newResourceUnit--DIMENSION_UNIT","interaction":{"idSuffix":"inner"}},"wdio_ui5_key":"applicationmanageresources-display-component---newResourceUnit--DIMENSION_UNIT"}]}
RESULT: undefined
COMMAND: POST /session/0ffaedec2ff4d329b9cb85ca897a1301/execute/async - {"script":"<script> [776 bytes]","args":[{"enterText":"Meter","selector":{"id":"application-manageresources-display-component---newResourceUnit--DIMENSION_UNIT","interaction":{"idSuffix":"inner"}},"clearTextFirst":true,"interactionType":"ENTER_TEXT"}]}
RESULT: {"script":"<script> [776 bytes]","args":[{"enterText":"Meter","selector":{"id":"application-manageresources-display-component---newResourceUnit--DIMENSION_UNIT","interaction":{"idSuffix":"inner"}},"clearTextFirst":true,"interactionType":"ENTER_TEXT"}]}
COMMAND: POST /session/0ffaedec2ff4d329b9cb85ca897a1301/execute/async - {"script":"<script> [1562 bytes]","args":[{"selector":{"id":"application-manageresources-display-component---newResourceUnit--newRRUPage-anchBar-application-manageresources-display-component---newResourceUnit--control-anchor","interaction":{"idSuffix":"BDI-content"}},"wdio_ui5_key":"applicationmanageresources-display-component---newResourceUnit--newRRUPage-anchBar-application-manageresources-display-component---newResourceUnit--control-anchor"}]}
RESULT: {"script":"<script> [1562 bytes]","args":[{"selector":{"id":"application-manageresources-display-component---newResourceUnit--newRRUPage-anchBar-application-manageresources-display-component---newResourceUnit--control-anchor","interaction":{"idSuffix":"BDI-content"}},"wdio_ui5_key":"applicationmanageresources-display-component---newResourceUnit--newRRUPage-anchBar-application-manageresources-display-component---newResourceUnit--control-anchor"}]}
RESULT: undefined
COMMAND: POST /session/0ffaedec2ff4d329b9cb85ca897a1301/element - {"using":"xpath","value":"//*[@id=\"application-manageresources-display-component---newResourceUnit--newRRUPage-anchBar-application-manageresources-display-component---newResourceUnit--control-anchor\"]"}
RESULT: {"using":"xpath","value":"//*[@id=\"application-manageresources-display-component---newResourceUnit--newRRUPage-anchBar-application-manageresources-display-component---newResourceUnit--control-anchor\"]"}
COMMAND: POST /session/0ffaedec2ff4d329b9cb85ca897a1301/element/f.9119AA68FED8A447B03A71089BFD3ED7.d.BD22541741102C8AA4E5BCFC8F08F025.e.11364/click - {}
RESULT: {}
COMMAND: POST /session/0ffaedec2ff4d329b9cb85ca897a1301/execute/async - {"script":"<script> [1562 bytes]","args":[{"selector":{"id":"application-manageresources-display-component---newResourceUnit--PLANNING_GROUP","interaction":{"idSuffix":"inner"}},"wdio_ui5_key":"applicationmanageresources-display-component---newResourceUnit--PLANNING_GROUP"}]}
COMMAND: GET /session/0ffaedec2ff4d329b9cb85ca897a1301/screenshot - {}
RESULT: {"script":"<script> [1562 bytes]","args":[{"selector":{"id":"application-manageresources-display-component---newResourceUnit--PLANNING_GROUP","interaction":{"idSuffix":"inner"}},"wdio_ui5_key":"applicationmanageresources-display-component---newResourceUnit--PLANNING_GROUP"}]}
RESULT: undefined
COMMAND: POST /session/0ffaedec2ff4d329b9cb85ca897a1301/execute/async - {"script":"<script> [776 bytes]","args":[{"enterText":"Heavy Equi","selector":{"id":"application-manageresources-display-component---newResourceUnit--PLANNING_GROUP","interaction":{"idSuffix":"inner"}},"clearTextFirst":true,"interactionType":"ENTER_TEXT"}]}
RESULT: {}
RESULT: {"script":"<script> [776 bytes]","args":[{"enterText":"Heavy Equi","selector":{"id":"application-manageresources-display-component---newResourceUnit--PLANNING_GROUP","interaction":{"idSuffix":"inner"}},"clearTextFirst":true,"interactionType":"ENTER_TEXT"}]}
COMMAND: POST /session/0ffaedec2ff4d329b9cb85ca897a1301/execute/async - {"script":"<script> [1562 bytes]","args":[{"selector":{"id":"application-manageresources-display-component---newResourceUnit--ITEM_TYPE-arrow"},"wdio_ui5_key":"applicationmanageresources-display-component---newResourceUnit--ITEM_TYPE-arrow"}]}
RESULT: {"script":"<script> [1562 bytes]","args":[{"selector":{"id":"application-manageresources-display-component---newResourceUnit--ITEM_TYPE-arrow"},"wdio_ui5_key":"applicationmanageresources-display-component---newResourceUnit--ITEM_TYPE-arrow"}]}
RESULT: undefined
COMMAND: POST /session/0ffaedec2ff4d329b9cb85ca897a1301/element - {"using":"xpath","value":"//*[@id=\"application-manageresources-display-component---newResourceUnit--ITEM_TYPE-arrow\"]"}
RESULT: {"using":"xpath","value":"//*[@id=\"application-manageresources-display-component---newResourceUnit--ITEM_TYPE-arrow\"]"}
COMMAND: POST /session/0ffaedec2ff4d329b9cb85ca897a1301/element/f.9119AA68FED8A447B03A71089BFD3ED7.d.BD22541741102C8AA4E5BCFC8F08F025.e.11373/click - {}
RESULT: {}
COMMAND: POST /session/0ffaedec2ff4d329b9cb85ca897a1301/element - {"using":"xpath","value":"(//span[contains(text(), \"Resource Unit\")])[2]"}
COMMAND: GET /session/0ffaedec2ff4d329b9cb85ca897a1301/screenshot - {}
RESULT: {"using":"xpath","value":"(//span[contains(text(), \"Resource Unit\")])[2]"}
COMMAND: POST /session/0ffaedec2ff4d329b9cb85ca897a1301/element/f.9119AA68FED8A447B03A71089BFD3ED7.d.BD22541741102C8AA4E5BCFC8F08F025.e.11374/click - {}
RESULT: {}
RESULT: {}
COMMAND: GET /session/0ffaedec2ff4d329b9cb85ca897a1301/screenshot - {}
RESULT: {}
COMMAND: POST /session/0ffaedec2ff4d329b9cb85ca897a1301/element - {"using":"css selector","value":"#application-manageresources-display-component---newResourceUnit--btnAddTimeSegment"}
RESULT: {"using":"css selector","value":"#application-manageresources-display-component---newResourceUnit--btnAddTimeSegment"}
COMMAND: GET /session/0ffaedec2ff4d329b9cb85ca897a1301/element/f.9119AA68FED8A447B03A71089BFD3ED7.d.BD22541741102C8AA4E5BCFC8F08F025.e.11381/rect - {}
RESULT: {}
COMMAND: GET /session/0ffaedec2ff4d329b9cb85ca897a1301/window/rect - {}
RESULT: {}
COMMAND: POST /session/0ffaedec2ff4d329b9cb85ca897a1301/execute/sync - {"script":"<script> [92 bytes]","args":[]}
RESULT: {"script":"<script> [92 bytes]","args":[]}
COMMAND: POST /session/0ffaedec2ff4d329b9cb85ca897a1301/actions - {"actions":[{"id":"action31","type":"wheel","parameters":{},"actions":[{"type":"scroll","x":-1888,"y":-32,"deltaX":0,"deltaY":0,"duration":0,"origin":{"element-6066-11e4-a52e-4f735466cecf":"f.9119AA68FED8A447B03A71089BFD3ED7.d.BD22541741102C8AA4E5BCFC8F08F025.e.11381"}}]}]}
COMMAND: GET /session/0ffaedec2ff4d329b9cb85ca897a1301/screenshot - {}
RESULT: {}
COMMAND: POST /session/0ffaedec2ff4d329b9cb85ca897a1301/execute/sync - {"script":"<script> [79 bytes]","args":[{"element-6066-11e4-a52e-4f735466cecf":"f.9119AA68FED8A447B03A71089BFD3ED7.d.BD22541741102C8AA4E5BCFC8F08F025.e.11381","ELEMENT":"f.9119AA68FED8A447B03A71089BFD3ED7.d.BD22541741102C8AA4E5BCFC8F08F025.e.11381"},{"block":"start","inline":"nearest"}]}
RESULT: {"script":"<script> [79 bytes]","args":[{"element-6066-11e4-a52e-4f735466cecf":"f.9119AA68FED8A447B03A71089BFD3ED7.d.BD22541741102C8AA4E5BCFC8F08F025.e.11381","ELEMENT":"f.9119AA68FED8A447B03A71089BFD3ED7.d.BD22541741102C8AA4E5BCFC8F08F025.e.11381"},{"block":"start","inline":"nearest"}]}
COMMAND: POST /session/0ffaedec2ff4d329b9cb85ca897a1301/execute/async - {"script":"<script> [1562 bytes]","args":[{"selector":{"id":"application-manageresources-display-component---newResourceUnit--btnAddTimeSegment","interaction":{"idSuffix":"inner"}},"wdio_ui5_key":"applicationmanageresources-display-component---newResourceUnit--btnAddTimeSegment"}]}
COMMAND: GET /session/0ffaedec2ff4d329b9cb85ca897a1301/screenshot - {}
RESULT: {"script":"<script> [1562 bytes]","args":[{"selector":{"id":"application-manageresources-display-component---newResourceUnit--btnAddTimeSegment","interaction":{"idSuffix":"inner"}},"wdio_ui5_key":"applicationmanageresources-display-component---newResourceUnit--btnAddTimeSegment"}]}
RESULT: undefined
COMMAND: POST /session/0ffaedec2ff4d329b9cb85ca897a1301/element - {"using":"xpath","value":"//*[@id=\"application-manageresources-display-component---newResourceUnit--btnAddTimeSegment\"]"}
RESULT: {}
RESULT: {"using":"xpath","value":"//*[@id=\"application-manageresources-display-component---newResourceUnit--btnAddTimeSegment\"]"}
COMMAND: POST /session/0ffaedec2ff4d329b9cb85ca897a1301/element/f.9119AA68FED8A447B03A71089BFD3ED7.d.BD22541741102C8AA4E5BCFC8F08F025.e.11381/click - {}
RESULT: {}
COMMAND: GET /session/0ffaedec2ff4d329b9cb85ca897a1301/screenshot - {}
RESULT: {}
COMMAND: POST /session/0ffaedec2ff4d329b9cb85ca897a1301/element - {"using":"xpath","value":"//input[@id=\"application-manageresources-display-component---newResourceUnit--idRuTSAdmin-application-manageresources-display-component---newResourceUnit--RUTimeSegment-0-inner\"]"}
RESULT: {"using":"xpath","value":"//input[@id=\"application-manageresources-display-component---newResourceUnit--idRuTSAdmin-application-manageresources-display-component---newResourceUnit--RUTimeSegment-0-inner\"]"}
COMMAND: POST /session/0ffaedec2ff4d329b9cb85ca897a1301/element/f.9119AA68FED8A447B03A71089BFD3ED7.d.BD22541741102C8AA4E5BCFC8F08F025.e.11387/clear - {}
RESULT: {}
COMMAND: POST /session/0ffaedec2ff4d329b9cb85ca897a1301/element/f.9119AA68FED8A447B03A71089BFD3ED7.d.BD22541741102C8AA4E5BCFC8F08F025.e.11387/value - {"text":"348"}
COMMAND: GET /session/0ffaedec2ff4d329b9cb85ca897a1301/screenshot - {}
RESULT: {"text":"348"}
COMMAND: GET /session/0ffaedec2ff4d329b9cb85ca897a1301/screenshot - {}
RESULT: {}
RESULT: {}
COMMAND: POST /session/0ffaedec2ff4d329b9cb85ca897a1301/element - {"using":"xpath","value":"//li[.//span[text()='348']]"}
RESULT: {"using":"xpath","value":"//li[.//span[text()='348']]"}
COMMAND: POST /session/0ffaedec2ff4d329b9cb85ca897a1301/element/f.9119AA68FED8A447B03A71089BFD3ED7.d.BD22541741102C8AA4E5BCFC8F08F025.e.11399/click - {}
RESULT: {}
COMMAND: GET /session/0ffaedec2ff4d329b9cb85ca897a1301/screenshot - {}
RESULT: {}
COMMAND: POST /session/0ffaedec2ff4d329b9cb85ca897a1301/element - {"using":"xpath","value":"(//span[contains(@id, \"-application-manageresources-display-component---newResourceUnit--RUTimeSegment-0-arrow\")])[6]"}
RESULT: {"using":"xpath","value":"(//span[contains(@id, \"-application-manageresources-display-component---newResourceUnit--RUTimeSegment-0-arrow\")])[6]"}
COMMAND: POST /session/0ffaedec2ff4d329b9cb85ca897a1301/element/f.9119AA68FED8A447B03A71089BFD3ED7.d.BD22541741102C8AA4E5BCFC8F08F025.e.11400/click - {}
RESULT: {}
COMMAND: GET /session/0ffaedec2ff4d329b9cb85ca897a1301/screenshot - {}
RESULT: {}
COMMAND: POST /session/0ffaedec2ff4d329b9cb85ca897a1301/element - {"using":"xpath","value":"//span[contains(text(), \"PM Order\")]"}
RESULT: {"using":"xpath","value":"//span[contains(text(), \"PM Order\")]"}
COMMAND: POST /session/0ffaedec2ff4d329b9cb85ca897a1301/element/f.9119AA68FED8A447B03A71089BFD3ED7.d.BD22541741102C8AA4E5BCFC8F08F025.e.11403/click - {}
RESULT: {}
COMMAND: GET /session/0ffaedec2ff4d329b9cb85ca897a1301/screenshot - {}
RESULT: {}
COMMAND: POST /session/0ffaedec2ff4d329b9cb85ca897a1301/element - {"using":"xpath","value":"(//span[contains(@id ,\"manageresources-display-component---newResourceUnit--RUTimeSegment-0-vhi\")])[1]"}
RESULT: {"using":"xpath","value":"(//span[contains(@id ,\"manageresources-display-component---newResourceUnit--RUTimeSegment-0-vhi\")])[1]"}
COMMAND: GET /session/0ffaedec2ff4d329b9cb85ca897a1301/element/f.9119AA68FED8A447B03A71089BFD3ED7.d.BD22541741102C8AA4E5BCFC8F08F025.e.11407/rect - {}
RESULT: {}
COMMAND: GET /session/0ffaedec2ff4d329b9cb85ca897a1301/window/rect - {}
RESULT: {}
COMMAND: POST /session/0ffaedec2ff4d329b9cb85ca897a1301/execute/sync - {"script":"<script> [92 bytes]","args":[]}
RESULT: {"script":"<script> [92 bytes]","args":[]}
COMMAND: POST /session/0ffaedec2ff4d329b9cb85ca897a1301/actions - {"actions":[{"id":"action32","type":"wheel","parameters":{},"actions":[{"type":"scroll","x":-869,"y":-24,"deltaX":0,"deltaY":0,"duration":0,"origin":{"element-6066-11e4-a52e-4f735466cecf":"f.9119AA68FED8A447B03A71089BFD3ED7.d.BD22541741102C8AA4E5BCFC8F08F025.e.11407"}}]}]}
COMMAND: GET /session/0ffaedec2ff4d329b9cb85ca897a1301/screenshot - {}
RESULT: {"actions":[{"id":"action32","type":"wheel","parameters":{},"actions":[{"type":"scroll","x":-869,"y":-24,"deltaX":0,"deltaY":0,"duration":0,"origin":{"element-6066-11e4-a52e-4f735466cecf":"f.9119AA68FED8A447B03A71089BFD3ED7.d.BD22541741102C8AA4E5BCFC8F08F025.e.11407"}}]}]}
COMMAND: DELETE /session/0ffaedec2ff4d329b9cb85ca897a1301/actions - {}
COMMAND: GET /session/0ffaedec2ff4d329b9cb85ca897a1301/screenshot - {}
RESULT: {}
RESULT: {}
COMMAND: GET /session/0ffaedec2ff4d329b9cb85ca897a1301/screenshot - {}
RESULT: {}
RESULT: {}
COMMAND: POST /session/0ffaedec2ff4d329b9cb85ca897a1301/element/f.9119AA68FED8A447B03A71089BFD3ED7.d.BD22541741102C8AA4E5BCFC8F08F025.e.11407/click - {}
RESULT: {}
COMMAND: GET /session/0ffaedec2ff4d329b9cb85ca897a1301/screenshot - {}
RESULT: {}
RESULT: undefined
COMMAND: POST /session/0ffaedec2ff4d329b9cb85ca897a1301/execute/async - {"script":"<script> [776 bytes]","args":[{"enterText":"4000360","selector":{"controlType":"sap.m.SearchField","properties":{"placeholder":"Search"},"searchOpenDialogs":true,"interaction":{"idSuffix":"I"}},"clearTextFirst":true,"interactionType":"ENTER_TEXT"}]}
RESULT: {"script":"<script> [776 bytes]","args":[{"enterText":"4000360","selector":{"controlType":"sap.m.SearchField","properties":{"placeholder":"Search"},"searchOpenDialogs":true,"interaction":{"idSuffix":"I"}},"clearTextFirst":true,"interactionType":"ENTER_TEXT"}]}
COMMAND: POST /session/0ffaedec2ff4d329b9cb85ca897a1301/actions - {"actions":[{"id":"action33","type":"key","parameters":{},"actions":[{"type":"keyDown","value":""},{"type":"pause","duration":10},{"type":"keyUp","value":""}]}]}
RESULT: {"actions":[{"id":"action33","type":"key","parameters":{},"actions":[{"type":"keyDown","value":""},{"type":"pause","duration":10},{"type":"keyUp","value":""}]}]}
COMMAND: GET /session/0ffaedec2ff4d329b9cb85ca897a1301/screenshot - {}
RESULT: {}
COMMAND: POST /session/0ffaedec2ff4d329b9cb85ca897a1301/element - {"using":"xpath","value":"//td/div/span[contains(text(), \"BGL Vehicles\")]"}
RESULT: {"using":"xpath","value":"//td/div/span[contains(text(), \"BGL Vehicles\")]"}
COMMAND: POST /session/0ffaedec2ff4d329b9cb85ca897a1301/element/f.9119AA68FED8A447B03A71089BFD3ED7.d.BD22541741102C8AA4E5BCFC8F08F025.e.11427/click - {}
RESULT: {}
COMMAND: GET /session/0ffaedec2ff4d329b9cb85ca897a1301/screenshot - {}
RESULT: {}
COMMAND: POST /session/0ffaedec2ff4d329b9cb85ca897a1301/element - {"using":"xpath","value":"//bdi[contains(text(), \"OK\")]"}
RESULT: {"using":"xpath","value":"//bdi[contains(text(), \"OK\")]"}
COMMAND: POST /session/0ffaedec2ff4d329b9cb85ca897a1301/element/f.9119AA68FED8A447B03A71089BFD3ED7.d.BD22541741102C8AA4E5BCFC8F08F025.e.11428/click - {}
RESULT: {}
COMMAND: GET /session/0ffaedec2ff4d329b9cb85ca897a1301/screenshot - {}
RESULT: {}
COMMAND: POST /session/0ffaedec2ff4d329b9cb85ca897a1301/execute/async - {"script":"<script> [1562 bytes]","args":[{"selector":{"id":"application-manageresources-display-component---newResourceUnit--newRRUPage-anchBar-application-manageresources-display-component---newResourceUnit--resource-anchor","interaction":{"idSuffix":"BDI-content"}},"wdio_ui5_key":"applicationmanageresources-display-component---newResourceUnit--newRRUPage-anchBar-application-manageresources-display-component---newResourceUnit--resource-anchor"}]}
RESULT: {"script":"<script> [1562 bytes]","args":[{"selector":{"id":"application-manageresources-display-component---newResourceUnit--newRRUPage-anchBar-application-manageresources-display-component---newResourceUnit--resource-anchor","interaction":{"idSuffix":"BDI-content"}},"wdio_ui5_key":"applicationmanageresources-display-component---newResourceUnit--newRRUPage-anchBar-application-manageresources-display-component---newResourceUnit--resource-anchor"}]}
RESULT: undefined
COMMAND: POST /session/0ffaedec2ff4d329b9cb85ca897a1301/element - {"using":"xpath","value":"//*[@id=\"application-manageresources-display-component---newResourceUnit--newRRUPage-anchBar-application-manageresources-display-component---newResourceUnit--resource-anchor\"]"}
RESULT: {"using":"xpath","value":"//*[@id=\"application-manageresources-display-component---newResourceUnit--newRRUPage-anchBar-application-manageresources-display-component---newResourceUnit--resource-anchor\"]"}
COMMAND: POST /session/0ffaedec2ff4d329b9cb85ca897a1301/element/f.9119AA68FED8A447B03A71089BFD3ED7.d.BD22541741102C8AA4E5BCFC8F08F025.e.11432/click - {}
RESULT: {}
COMMAND: POST /session/0ffaedec2ff4d329b9cb85ca897a1301/execute/async - {"script":"<script> [1562 bytes]","args":[{"selector":{"id":"application-manageresources-display-component---newResourceUnit--PLANNED_DELIVERY_DATE","interaction":{"idSuffix":"inner"}},"wdio_ui5_key":"applicationmanageresources-display-component---newResourceUnit--PLANNED_DELIVERY_DATE"}]}
COMMAND: GET /session/0ffaedec2ff4d329b9cb85ca897a1301/screenshot - {}
RESULT: {"script":"<script> [1562 bytes]","args":[{"selector":{"id":"application-manageresources-display-component---newResourceUnit--PLANNED_DELIVERY_DATE","interaction":{"idSuffix":"inner"}},"wdio_ui5_key":"applicationmanageresources-display-component---newResourceUnit--PLANNED_DELIVERY_DATE"}]}
RESULT: undefined
COMMAND: POST /session/0ffaedec2ff4d329b9cb85ca897a1301/execute/async - {"script":"<script> [6424 bytes]","args":[{"element-6066-11e4-a52e-4f735466cecf":"f.9119AA68FED8A447B03A71089BFD3ED7.d.BD22541741102C8AA4E5BCFC8F08F025.e.11263"},"setValue",["5/26/25"]]}
RESULT: {}
RESULT: {"script":"<script> [6424 bytes]","args":[{"element-6066-11e4-a52e-4f735466cecf":"f.9119AA68FED8A447B03A71089BFD3ED7.d.BD22541741102C8AA4E5BCFC8F08F025.e.11263"},"setValue",["5/26/25"]]}
COMMAND: POST /session/0ffaedec2ff4d329b9cb85ca897a1301/element - {"using":"xpath","value":"//label[contains(@class, 'sapMLabelRequired') and .//bdi[contains(text(), 'Planned Retirement')]]"}
RESULT: {"using":"xpath","value":"//label[contains(@class, 'sapMLabelRequired') and .//bdi[contains(text(), 'Planned Retirement')]]"}
COMMAND: POST /session/0ffaedec2ff4d329b9cb85ca897a1301/elements - {"using":"xpath","value":"//label[contains(@class, 'sapMLabelRequired') and .//bdi[contains(text(), 'Planned Retirement')]]"}
RESULT: {"using":"xpath","value":"//label[contains(@class, 'sapMLabelRequired') and .//bdi[contains(text(), 'Planned Retirement')]]"}
COMMAND: POST /session/0ffaedec2ff4d329b9cb85ca897a1301/element - {"using":"xpath","value":"//button[@data-kt=\"resourceUnitSaveButton\"]"}
RESULT: {"using":"xpath","value":"//button[@data-kt=\"resourceUnitSaveButton\"]"}
COMMAND: POST /session/0ffaedec2ff4d329b9cb85ca897a1301/element/f.9119AA68FED8A447B03A71089BFD3ED7.d.BD22541741102C8AA4E5BCFC8F08F025.e.11223/click - {}
RESULT: {}
COMMAND: GET /session/0ffaedec2ff4d329b9cb85ca897a1301/screenshot - {}
RESULT: {}
COMMAND: POST /session/0ffaedec2ff4d329b9cb85ca897a1301/element - {"using":"xpath","value":"//bdi[contains(text(), \"Close\")]"}
RESULT: {"using":"xpath","value":"//bdi[contains(text(), \"Close\")]"}
COMMAND: POST /session/0ffaedec2ff4d329b9cb85ca897a1301/element/f.9119AA68FED8A447B03A71089BFD3ED7.d.BD22541741102C8AA4E5BCFC8F08F025.e.11442/click - {}
RESULT: {}
COMMAND: GET /session/0ffaedec2ff4d329b9cb85ca897a1301/screenshot - {}
RESULT: {}
COMMAND: POST /session/0ffaedec2ff4d329b9cb85ca897a1301/element - {"using":"xpath","value":"(//button[contains(@id ,\"actionsToolbar-overflowButton\")])[1]"}
RESULT: {"using":"xpath","value":"(//button[contains(@id ,\"actionsToolbar-overflowButton\")])[1]"}
COMMAND: POST /session/0ffaedec2ff4d329b9cb85ca897a1301/element/f.9119AA68FED8A447B03A71089BFD3ED7.d.BD22541741102C8AA4E5BCFC8F08F025.e.11473/click - {}
RESULT: {}
COMMAND: GET /session/0ffaedec2ff4d329b9cb85ca897a1301/screenshot - {}
RESULT: {}
COMMAND: POST /session/0ffaedec2ff4d329b9cb85ca897a1301/element - {"using":"xpath","value":"//button[@data-kt=\"priceInfoButton\"]"}
RESULT: {"using":"xpath","value":"//button[@data-kt=\"priceInfoButton\"]"}
COMMAND: POST /session/0ffaedec2ff4d329b9cb85ca897a1301/element/f.9119AA68FED8A447B03A71089BFD3ED7.d.BD22541741102C8AA4E5BCFC8F08F025.e.11475/click - {}
RESULT: {}
COMMAND: GET /session/0ffaedec2ff4d329b9cb85ca897a1301/screenshot - {}
RESULT: {}
]]></system-out>
    </testcase>
    <testcase classname="chrome.136_0_7103_93.windows.Billing_Transfer_-_Intracompany_US127249" name="Should create a pricing procedure" time="49.905">
      <system-out><![CDATA[
COMMAND: POST /session/0ffaedec2ff4d329b9cb85ca897a1301/element - {"using":"xpath","value":"//button[@data-kt=\"addButton\"]"}
RESULT: {"using":"xpath","value":"//button[@data-kt=\"addButton\"]"}
COMMAND: POST /session/0ffaedec2ff4d329b9cb85ca897a1301/elements - {"using":"xpath","value":"//button[@data-kt=\"addButton\"]"}
RESULT: {"using":"xpath","value":"//button[@data-kt=\"addButton\"]"}
COMMAND: POST /session/0ffaedec2ff4d329b9cb85ca897a1301/elements - {"using":"xpath","value":"//button[@data-kt=\"addButton\"]"}
RESULT: {"using":"xpath","value":"//button[@data-kt=\"addButton\"]"}
COMMAND: POST /session/0ffaedec2ff4d329b9cb85ca897a1301/element - {"using":"xpath","value":"//button[@data-kt=\"addButton\"]"}
RESULT: {"using":"xpath","value":"//button[@data-kt=\"addButton\"]"}
COMMAND: POST /session/0ffaedec2ff4d329b9cb85ca897a1301/execute/sync - {"script":"<script> [8489 bytes]","args":[{"element-6066-11e4-a52e-4f735466cecf":"f.9119AA68FED8A447B03A71089BFD3ED7.d.BD22541741102C8AA4E5BCFC8F08F025.e.11511","ELEMENT":"f.9119AA68FED8A447B03A71089BFD3ED7.d.BD22541741102C8AA4E5BCFC8F08F025.e.11511"}]}
RESULT: {"script":"<script> [8489 bytes]","args":[{"element-6066-11e4-a52e-4f735466cecf":"f.9119AA68FED8A447B03A71089BFD3ED7.d.BD22541741102C8AA4E5BCFC8F08F025.e.11511","ELEMENT":"f.9119AA68FED8A447B03A71089BFD3ED7.d.BD22541741102C8AA4E5BCFC8F08F025.e.11511"}]}
COMMAND: GET /session/0ffaedec2ff4d329b9cb85ca897a1301/element/f.9119AA68FED8A447B03A71089BFD3ED7.d.BD22541741102C8AA4E5BCFC8F08F025.e.11511/enabled - {}
COMMAND: GET /session/0ffaedec2ff4d329b9cb85ca897a1301/screenshot - {}
RESULT: {}
COMMAND: POST /session/0ffaedec2ff4d329b9cb85ca897a1301/execute/sync - {"script":"<script> [8489 bytes]","args":[{"element-6066-11e4-a52e-4f735466cecf":"f.9119AA68FED8A447B03A71089BFD3ED7.d.BD22541741102C8AA4E5BCFC8F08F025.e.11511","ELEMENT":"f.9119AA68FED8A447B03A71089BFD3ED7.d.BD22541741102C8AA4E5BCFC8F08F025.e.11511"}]}
COMMAND: GET /session/0ffaedec2ff4d329b9cb85ca897a1301/screenshot - {}
RESULT: {}
RESULT: {"script":"<script> [8489 bytes]","args":[{"element-6066-11e4-a52e-4f735466cecf":"f.9119AA68FED8A447B03A71089BFD3ED7.d.BD22541741102C8AA4E5BCFC8F08F025.e.11511","ELEMENT":"f.9119AA68FED8A447B03A71089BFD3ED7.d.BD22541741102C8AA4E5BCFC8F08F025.e.11511"}]}
COMMAND: POST /session/0ffaedec2ff4d329b9cb85ca897a1301/execute/sync - {"script":"<script> [5351 bytes]","args":[{"element-6066-11e4-a52e-4f735466cecf":"f.9119AA68FED8A447B03A71089BFD3ED7.d.BD22541741102C8AA4E5BCFC8F08F025.e.11511","ELEMENT":"f.9119AA68FED8A447B03A71089BFD3ED7.d.BD22541741102C8AA4E5BCFC8F08F025.e.11511"}]}
COMMAND: GET /session/0ffaedec2ff4d329b9cb85ca897a1301/screenshot - {}
RESULT: {}
RESULT: {"script":"<script> [5351 bytes]","args":[{"element-6066-11e4-a52e-4f735466cecf":"f.9119AA68FED8A447B03A71089BFD3ED7.d.BD22541741102C8AA4E5BCFC8F08F025.e.11511","ELEMENT":"f.9119AA68FED8A447B03A71089BFD3ED7.d.BD22541741102C8AA4E5BCFC8F08F025.e.11511"}]}
COMMAND: POST /session/0ffaedec2ff4d329b9cb85ca897a1301/element/f.9119AA68FED8A447B03A71089BFD3ED7.d.BD22541741102C8AA4E5BCFC8F08F025.e.11511/click - {}
COMMAND: GET /session/0ffaedec2ff4d329b9cb85ca897a1301/screenshot - {}
RESULT: {}
RESULT: {}
COMMAND: GET /session/0ffaedec2ff4d329b9cb85ca897a1301/screenshot - {}
RESULT: {}
RESULT: {}
COMMAND: POST /session/0ffaedec2ff4d329b9cb85ca897a1301/execute/async - {"script":"<script> [1562 bytes]","args":[{"selector":{"controlType":"sap.m.Title","viewName":"etm.portal.ui.managepricingrules.view.NewItem","viewId":"application-managepricingrules-display-component---newInfoPriceItem","properties":{"text":"New Pricing Rules - Item Level"}},"wdio_ui5_key":"etmportal.ui.managepricingrules.view.NewItemsap.m.Title{\"text\":\"New Pricing Rules - Item Level\"}"}]}
RESULT: {"script":"<script> [1562 bytes]","args":[{"selector":{"controlType":"sap.m.Title","viewName":"etm.portal.ui.managepricingrules.view.NewItem","viewId":"application-managepricingrules-display-component---newInfoPriceItem","properties":{"text":"New Pricing Rules - Item Level"}},"wdio_ui5_key":"etmportal.ui.managepricingrules.view.NewItemsap.m.Title{\"text\":\"New Pricing Rules - Item Level\"}"}]}
RESULT: undefined
COMMAND: POST /session/0ffaedec2ff4d329b9cb85ca897a1301/execute/async - {"script":"<script> [6424 bytes]","args":[{"element-6066-11e4-a52e-4f735466cecf":"f.9119AA68FED8A447B03A71089BFD3ED7.d.BD22541741102C8AA4E5BCFC8F08F025.e.11671"},"getText",[]]}
RESULT: {"script":"<script> [6424 bytes]","args":[{"element-6066-11e4-a52e-4f735466cecf":"f.9119AA68FED8A447B03A71089BFD3ED7.d.BD22541741102C8AA4E5BCFC8F08F025.e.11671"},"getText",[]]}
COMMAND: POST /session/0ffaedec2ff4d329b9cb85ca897a1301/execute/async - {"script":"<script> [1562 bytes]","args":[{"selector":{"id":"application-managepricingrules-display-component---newInfoPriceItem--condValidTo","interaction":{"idSuffix":"inner"}},"wdio_ui5_key":"applicationmanagepricingrules-display-component---newInfoPriceItem--condValidTo"}]}
RESULT: {"script":"<script> [1562 bytes]","args":[{"selector":{"id":"application-managepricingrules-display-component---newInfoPriceItem--condValidTo","interaction":{"idSuffix":"inner"}},"wdio_ui5_key":"applicationmanagepricingrules-display-component---newInfoPriceItem--condValidTo"}]}
RESULT: undefined
COMMAND: POST /session/0ffaedec2ff4d329b9cb85ca897a1301/execute/async - {"script":"<script> [776 bytes]","args":[{"enterText":"1/26/26","selector":{"id":"application-managepricingrules-display-component---newInfoPriceItem--condValidTo","interaction":{"idSuffix":"inner"}},"clearTextFirst":true,"interactionType":"ENTER_TEXT"}]}
RESULT: {"script":"<script> [776 bytes]","args":[{"enterText":"1/26/26","selector":{"id":"application-managepricingrules-display-component---newInfoPriceItem--condValidTo","interaction":{"idSuffix":"inner"}},"clearTextFirst":true,"interactionType":"ENTER_TEXT"}]}
COMMAND: POST /session/0ffaedec2ff4d329b9cb85ca897a1301/execute/async - {"script":"<script> [1562 bytes]","args":[{"selector":{"id":"application-managepricingrules-display-component---newInfoPriceItem--billType-arrow"},"wdio_ui5_key":"applicationmanagepricingrules-display-component---newInfoPriceItem--billType-arrow"}]}
RESULT: {"script":"<script> [1562 bytes]","args":[{"selector":{"id":"application-managepricingrules-display-component---newInfoPriceItem--billType-arrow"},"wdio_ui5_key":"applicationmanagepricingrules-display-component---newInfoPriceItem--billType-arrow"}]}
RESULT: undefined
COMMAND: POST /session/0ffaedec2ff4d329b9cb85ca897a1301/element - {"using":"xpath","value":"//*[@id=\"application-managepricingrules-display-component---newInfoPriceItem--billType-arrow\"]"}
RESULT: {"using":"xpath","value":"//*[@id=\"application-managepricingrules-display-component---newInfoPriceItem--billType-arrow\"]"}
COMMAND: POST /session/0ffaedec2ff4d329b9cb85ca897a1301/element/f.9119AA68FED8A447B03A71089BFD3ED7.d.BD22541741102C8AA4E5BCFC8F08F025.e.11673/click - {}
RESULT: {}
COMMAND: POST /session/0ffaedec2ff4d329b9cb85ca897a1301/element - {"using":"xpath","value":"//span[contains(text(), \"TB - Time based\")]"}
COMMAND: GET /session/0ffaedec2ff4d329b9cb85ca897a1301/screenshot - {}
RESULT: {"using":"xpath","value":"//span[contains(text(), \"TB - Time based\")]"}
COMMAND: POST /session/0ffaedec2ff4d329b9cb85ca897a1301/element/f.9119AA68FED8A447B03A71089BFD3ED7.d.BD22541741102C8AA4E5BCFC8F08F025.e.11674/click - {}
RESULT: {}
RESULT: {}
COMMAND: POST /session/0ffaedec2ff4d329b9cb85ca897a1301/execute/async - {"script":"<script> [1562 bytes]","args":[{"selector":{"id":"application-managepricingrules-display-component---newInfoPriceItem--priceProc-arrow"},"wdio_ui5_key":"applicationmanagepricingrules-display-component---newInfoPriceItem--priceProc-arrow"}]}
COMMAND: GET /session/0ffaedec2ff4d329b9cb85ca897a1301/screenshot - {}
RESULT: {"script":"<script> [1562 bytes]","args":[{"selector":{"id":"application-managepricingrules-display-component---newInfoPriceItem--priceProc-arrow"},"wdio_ui5_key":"applicationmanagepricingrules-display-component---newInfoPriceItem--priceProc-arrow"}]}
RESULT: undefined
COMMAND: POST /session/0ffaedec2ff4d329b9cb85ca897a1301/element - {"using":"xpath","value":"//*[@id=\"application-managepricingrules-display-component---newInfoPriceItem--priceProc-arrow\"]"}
RESULT: {}
RESULT: {"using":"xpath","value":"//*[@id=\"application-managepricingrules-display-component---newInfoPriceItem--priceProc-arrow\"]"}
COMMAND: POST /session/0ffaedec2ff4d329b9cb85ca897a1301/element/f.9119AA68FED8A447B03A71089BFD3ED7.d.BD22541741102C8AA4E5BCFC8F08F025.e.11637/click - {}
RESULT: {}
COMMAND: POST /session/0ffaedec2ff4d329b9cb85ca897a1301/element - {"using":"xpath","value":"//span[contains(text(), \"TBS - Time based standard\")]"}
COMMAND: GET /session/0ffaedec2ff4d329b9cb85ca897a1301/screenshot - {}
RESULT: {"using":"xpath","value":"//span[contains(text(), \"TBS - Time based standard\")]"}
COMMAND: POST /session/0ffaedec2ff4d329b9cb85ca897a1301/element/f.9119AA68FED8A447B03A71089BFD3ED7.d.BD22541741102C8AA4E5BCFC8F08F025.e.11675/click - {}
RESULT: {}
RESULT: {}
COMMAND: POST /session/0ffaedec2ff4d329b9cb85ca897a1301/execute/async - {"script":"<script> [1562 bytes]","args":[{"selector":{"id":"application-managepricingrules-display-component---newInfoPriceItem--calcBase-arrow"},"wdio_ui5_key":"applicationmanagepricingrules-display-component---newInfoPriceItem--calcBase-arrow"}]}
COMMAND: GET /session/0ffaedec2ff4d329b9cb85ca897a1301/screenshot - {}
RESULT: {"script":"<script> [1562 bytes]","args":[{"selector":{"id":"application-managepricingrules-display-component---newInfoPriceItem--calcBase-arrow"},"wdio_ui5_key":"applicationmanagepricingrules-display-component---newInfoPriceItem--calcBase-arrow"}]}
RESULT: undefined
COMMAND: POST /session/0ffaedec2ff4d329b9cb85ca897a1301/element - {"using":"xpath","value":"//*[@id=\"application-managepricingrules-display-component---newInfoPriceItem--calcBase-arrow\"]"}
RESULT: {}
RESULT: {"using":"xpath","value":"//*[@id=\"application-managepricingrules-display-component---newInfoPriceItem--calcBase-arrow\"]"}
COMMAND: POST /session/0ffaedec2ff4d329b9cb85ca897a1301/element/f.9119AA68FED8A447B03A71089BFD3ED7.d.BD22541741102C8AA4E5BCFC8F08F025.e.11644/click - {}
RESULT: {}
COMMAND: GET /session/0ffaedec2ff4d329b9cb85ca897a1301/screenshot - {}
RESULT: {}
COMMAND: POST /session/0ffaedec2ff4d329b9cb85ca897a1301/element - {"using":"xpath","value":"//span[contains(text(), \"0006 - TB(calendar days)\")]"}
RESULT: {"using":"xpath","value":"//span[contains(text(), \"0006 - TB(calendar days)\")]"}
COMMAND: POST /session/0ffaedec2ff4d329b9cb85ca897a1301/element/f.9119AA68FED8A447B03A71089BFD3ED7.d.BD22541741102C8AA4E5BCFC8F08F025.e.11676/click - {}
RESULT: {}
COMMAND: GET /session/0ffaedec2ff4d329b9cb85ca897a1301/screenshot - {}
RESULT: {}
COMMAND: POST /session/0ffaedec2ff4d329b9cb85ca897a1301/execute/async - {"script":"<script> [1562 bytes]","args":[{"selector":{"id":"application-managepricingrules-display-component---newInfoPriceItem--daysMonth","interaction":{"idSuffix":"inner"}},"wdio_ui5_key":"applicationmanagepricingrules-display-component---newInfoPriceItem--daysMonth"}]}
RESULT: {"script":"<script> [1562 bytes]","args":[{"selector":{"id":"application-managepricingrules-display-component---newInfoPriceItem--daysMonth","interaction":{"idSuffix":"inner"}},"wdio_ui5_key":"applicationmanagepricingrules-display-component---newInfoPriceItem--daysMonth"}]}
RESULT: undefined
COMMAND: POST /session/0ffaedec2ff4d329b9cb85ca897a1301/execute/async - {"script":"<script> [776 bytes]","args":[{"enterText":"30","selector":{"id":"application-managepricingrules-display-component---newInfoPriceItem--daysMonth","interaction":{"idSuffix":"inner"}},"clearTextFirst":true,"interactionType":"ENTER_TEXT"}]}
RESULT: {"script":"<script> [776 bytes]","args":[{"enterText":"30","selector":{"id":"application-managepricingrules-display-component---newInfoPriceItem--daysMonth","interaction":{"idSuffix":"inner"}},"clearTextFirst":true,"interactionType":"ENTER_TEXT"}]}
COMMAND: POST /session/0ffaedec2ff4d329b9cb85ca897a1301/element - {"using":"xpath","value":"//button[@data-kt=\"saveNewRuleButton\"]"}
RESULT: {"using":"xpath","value":"//button[@data-kt=\"saveNewRuleButton\"]"}
COMMAND: POST /session/0ffaedec2ff4d329b9cb85ca897a1301/element/f.9119AA68FED8A447B03A71089BFD3ED7.d.BD22541741102C8AA4E5BCFC8F08F025.e.11661/click - {}
RESULT: {}
COMMAND: GET /session/0ffaedec2ff4d329b9cb85ca897a1301/screenshot - {}
RESULT: {}
COMMAND: POST /session/0ffaedec2ff4d329b9cb85ca897a1301/execute/async - {"script":"<script> [1562 bytes]","args":[{"selector":{"id":"application-managepricingrules-display-component---priceInfoItem--smartFilterBar-btnBasicSearch","interaction":{"idSuffix":"I"}},"wdio_ui5_key":"applicationmanagepricingrules-display-component---priceInfoItem--smartFilterBar-btnBasicSearch"}]}
RESULT: {"script":"<script> [1562 bytes]","args":[{"selector":{"id":"application-managepricingrules-display-component---priceInfoItem--smartFilterBar-btnBasicSearch","interaction":{"idSuffix":"I"}},"wdio_ui5_key":"applicationmanagepricingrules-display-component---priceInfoItem--smartFilterBar-btnBasicSearch"}]}
RESULT: undefined
COMMAND: POST /session/0ffaedec2ff4d329b9cb85ca897a1301/execute/async - {"script":"<script> [776 bytes]","args":[{"enterText":"3w3UQ3F0FH","selector":{"id":"application-managepricingrules-display-component---priceInfoItem--smartFilterBar-btnBasicSearch","interaction":{"idSuffix":"I"}},"clearTextFirst":true,"interactionType":"ENTER_TEXT"}]}
RESULT: {"script":"<script> [776 bytes]","args":[{"enterText":"3w3UQ3F0FH","selector":{"id":"application-managepricingrules-display-component---priceInfoItem--smartFilterBar-btnBasicSearch","interaction":{"idSuffix":"I"}},"clearTextFirst":true,"interactionType":"ENTER_TEXT"}]}
COMMAND: POST /session/0ffaedec2ff4d329b9cb85ca897a1301/actions - {"actions":[{"id":"action34","type":"key","parameters":{},"actions":[{"type":"keyDown","value":""},{"type":"pause","duration":10},{"type":"keyUp","value":""}]}]}
RESULT: {"actions":[{"id":"action34","type":"key","parameters":{},"actions":[{"type":"keyDown","value":""},{"type":"pause","duration":10},{"type":"keyUp","value":""}]}]}
COMMAND: GET /session/0ffaedec2ff4d329b9cb85ca897a1301/screenshot - {}
RESULT: {}
COMMAND: POST /session/0ffaedec2ff4d329b9cb85ca897a1301/element - {"using":"xpath","value":"//span[@id=\"application-managepricingrules-display-component---priceInfoItem--smartTable-header-inner\"]"}
RESULT: {"using":"xpath","value":"//span[@id=\"application-managepricingrules-display-component---priceInfoItem--smartTable-header-inner\"]"}
COMMAND: POST /session/0ffaedec2ff4d329b9cb85ca897a1301/elements - {"using":"xpath","value":"//span[@id=\"application-managepricingrules-display-component---priceInfoItem--smartTable-header-inner\"]"}
RESULT: {"using":"xpath","value":"//span[@id=\"application-managepricingrules-display-component---priceInfoItem--smartTable-header-inner\"]"}
COMMAND: POST /session/0ffaedec2ff4d329b9cb85ca897a1301/execute/sync - {"script":"<script> [56 bytes]","args":[{"element-6066-11e4-a52e-4f735466cecf":"f.9119AA68FED8A447B03A71089BFD3ED7.d.BD22541741102C8AA4E5BCFC8F08F025.e.11690","ELEMENT":"f.9119AA68FED8A447B03A71089BFD3ED7.d.BD22541741102C8AA4E5BCFC8F08F025.e.11690"}]}
RESULT: {"script":"<script> [56 bytes]","args":[{"element-6066-11e4-a52e-4f735466cecf":"f.9119AA68FED8A447B03A71089BFD3ED7.d.BD22541741102C8AA4E5BCFC8F08F025.e.11690","ELEMENT":"f.9119AA68FED8A447B03A71089BFD3ED7.d.BD22541741102C8AA4E5BCFC8F08F025.e.11690"}]}
COMMAND: POST /session/0ffaedec2ff4d329b9cb85ca897a1301/element - {"using":"css selector","value":"#shell-header-logo"}
COMMAND: GET /session/0ffaedec2ff4d329b9cb85ca897a1301/screenshot - {}
RESULT: {"using":"css selector","value":"#shell-header-logo"}
COMMAND: POST /session/0ffaedec2ff4d329b9cb85ca897a1301/element/f.9119AA68FED8A447B03A71089BFD3ED7.d.BD22541741102C8AA4E5BCFC8F08F025.e.10816/click - {}
RESULT: {}
RESULT: {}
COMMAND: GET /session/0ffaedec2ff4d329b9cb85ca897a1301/screenshot - {}
RESULT: {}
]]></system-out>
    </testcase>
    <testcase classname="chrome.136_0_7103_93.windows.Billing_Transfer_-_Intracompany_US127249" name="Should manage conditions" time="63.793">
      <system-out><![CDATA[
COMMAND: POST /session/0ffaedec2ff4d329b9cb85ca897a1301/execute/async - {"script":"<script> [1562 bytes]","args":[{"selector":{"controlType":"sap.m.GenericTile","properties":{"header":"Manage Conditions & Prices"}},"wdio_ui5_key":"sapm.GenericTile{\"header\":\"Manage Conditions & Prices\"}"}]}
RESULT: {"script":"<script> [1562 bytes]","args":[{"selector":{"controlType":"sap.m.GenericTile","properties":{"header":"Manage Conditions & Prices"}},"wdio_ui5_key":"sapm.GenericTile{\"header\":\"Manage Conditions & Prices\"}"}]}
RESULT: undefined
COMMAND: POST /session/0ffaedec2ff4d329b9cb85ca897a1301/element - {"using":"xpath","value":"//*[@id=\"__tile53\"]"}
RESULT: {"using":"xpath","value":"//*[@id=\"__tile53\"]"}
COMMAND: POST /session/0ffaedec2ff4d329b9cb85ca897a1301/element/f.9119AA68FED8A447B03A71089BFD3ED7.d.BD22541741102C8AA4E5BCFC8F08F025.e.8290/click - {}
RESULT: {}
COMMAND: GET /session/0ffaedec2ff4d329b9cb85ca897a1301/screenshot - {}
RESULT: {}
COMMAND: POST /session/0ffaedec2ff4d329b9cb85ca897a1301/elements - {"using":"xpath","value":"//span[text()='Error']"}
RESULT: {"using":"xpath","value":"//span[text()='Error']"}
COMMAND: POST /session/0ffaedec2ff4d329b9cb85ca897a1301/element - {"using":"xpath","value":"//button[@aria-label=\"Create\"]"}
RESULT: {"using":"xpath","value":"//button[@aria-label=\"Create\"]"}
COMMAND: POST /session/0ffaedec2ff4d329b9cb85ca897a1301/elements - {"using":"xpath","value":"//button[@aria-label=\"Create\"]"}
RESULT: {"using":"xpath","value":"//button[@aria-label=\"Create\"]"}
COMMAND: POST /session/0ffaedec2ff4d329b9cb85ca897a1301/execute/sync - {"script":"<script> [8489 bytes]","args":[{"element-6066-11e4-a52e-4f735466cecf":"f.9119AA68FED8A447B03A71089BFD3ED7.d.BD22541741102C8AA4E5BCFC8F08F025.e.11725","ELEMENT":"f.9119AA68FED8A447B03A71089BFD3ED7.d.BD22541741102C8AA4E5BCFC8F08F025.e.11725"}]}
RESULT: {"script":"<script> [8489 bytes]","args":[{"element-6066-11e4-a52e-4f735466cecf":"f.9119AA68FED8A447B03A71089BFD3ED7.d.BD22541741102C8AA4E5BCFC8F08F025.e.11725","ELEMENT":"f.9119AA68FED8A447B03A71089BFD3ED7.d.BD22541741102C8AA4E5BCFC8F08F025.e.11725"}]}
COMMAND: GET /session/0ffaedec2ff4d329b9cb85ca897a1301/element/f.9119AA68FED8A447B03A71089BFD3ED7.d.BD22541741102C8AA4E5BCFC8F08F025.e.11725/enabled - {}
COMMAND: GET /session/0ffaedec2ff4d329b9cb85ca897a1301/screenshot - {}
RESULT: {}
COMMAND: POST /session/0ffaedec2ff4d329b9cb85ca897a1301/execute/sync - {"script":"<script> [8489 bytes]","args":[{"element-6066-11e4-a52e-4f735466cecf":"f.9119AA68FED8A447B03A71089BFD3ED7.d.BD22541741102C8AA4E5BCFC8F08F025.e.11725","ELEMENT":"f.9119AA68FED8A447B03A71089BFD3ED7.d.BD22541741102C8AA4E5BCFC8F08F025.e.11725"}]}
COMMAND: GET /session/0ffaedec2ff4d329b9cb85ca897a1301/screenshot - {}
RESULT: {}
RESULT: {"script":"<script> [8489 bytes]","args":[{"element-6066-11e4-a52e-4f735466cecf":"f.9119AA68FED8A447B03A71089BFD3ED7.d.BD22541741102C8AA4E5BCFC8F08F025.e.11725","ELEMENT":"f.9119AA68FED8A447B03A71089BFD3ED7.d.BD22541741102C8AA4E5BCFC8F08F025.e.11725"}]}
COMMAND: POST /session/0ffaedec2ff4d329b9cb85ca897a1301/execute/sync - {"script":"<script> [5351 bytes]","args":[{"element-6066-11e4-a52e-4f735466cecf":"f.9119AA68FED8A447B03A71089BFD3ED7.d.BD22541741102C8AA4E5BCFC8F08F025.e.11725","ELEMENT":"f.9119AA68FED8A447B03A71089BFD3ED7.d.BD22541741102C8AA4E5BCFC8F08F025.e.11725"}]}
COMMAND: GET /session/0ffaedec2ff4d329b9cb85ca897a1301/screenshot - {}
RESULT: {}
RESULT: {"script":"<script> [5351 bytes]","args":[{"element-6066-11e4-a52e-4f735466cecf":"f.9119AA68FED8A447B03A71089BFD3ED7.d.BD22541741102C8AA4E5BCFC8F08F025.e.11725","ELEMENT":"f.9119AA68FED8A447B03A71089BFD3ED7.d.BD22541741102C8AA4E5BCFC8F08F025.e.11725"}]}
COMMAND: POST /session/0ffaedec2ff4d329b9cb85ca897a1301/element/f.9119AA68FED8A447B03A71089BFD3ED7.d.BD22541741102C8AA4E5BCFC8F08F025.e.11725/click - {}
COMMAND: GET /session/0ffaedec2ff4d329b9cb85ca897a1301/screenshot - {}
RESULT: {}
RESULT: {}
COMMAND: GET /session/0ffaedec2ff4d329b9cb85ca897a1301/screenshot - {}
RESULT: {}
RESULT: {}
COMMAND: POST /session/0ffaedec2ff4d329b9cb85ca897a1301/actions - {"actions":[{"id":"action35","type":"key","parameters":{},"actions":[{"type":"keyDown","value":""},{"type":"pause","duration":10},{"type":"keyUp","value":""}]}]}
RESULT: {"actions":[{"id":"action35","type":"key","parameters":{},"actions":[{"type":"keyDown","value":""},{"type":"pause","duration":10},{"type":"keyUp","value":""}]}]}
COMMAND: GET /session/0ffaedec2ff4d329b9cb85ca897a1301/screenshot - {}
RESULT: {}
COMMAND: POST /session/0ffaedec2ff4d329b9cb85ca897a1301/execute/async - {"script":"<script> [1562 bytes]","args":[{"selector":{"id":"application-manageconditionprice-display-component---newCondition--condBillCond-arrow"},"wdio_ui5_key":"applicationmanageconditionprice-display-component---newCondition--condBillCond-arrow"}]}
RESULT: {"script":"<script> [1562 bytes]","args":[{"selector":{"id":"application-manageconditionprice-display-component---newCondition--condBillCond-arrow"},"wdio_ui5_key":"applicationmanageconditionprice-display-component---newCondition--condBillCond-arrow"}]}
RESULT: undefined
COMMAND: POST /session/0ffaedec2ff4d329b9cb85ca897a1301/element - {"using":"xpath","value":"//*[@id=\"application-manageconditionprice-display-component---newCondition--condBillCond-arrow\"]"}
RESULT: {"using":"xpath","value":"//*[@id=\"application-manageconditionprice-display-component---newCondition--condBillCond-arrow\"]"}
COMMAND: POST /session/0ffaedec2ff4d329b9cb85ca897a1301/element/f.9119AA68FED8A447B03A71089BFD3ED7.d.BD22541741102C8AA4E5BCFC8F08F025.e.11901/click - {}
RESULT: {}
COMMAND: GET /session/0ffaedec2ff4d329b9cb85ca897a1301/screenshot - {}
RESULT: {}
COMMAND: POST /session/0ffaedec2ff4d329b9cb85ca897a1301/element - {"using":"xpath","value":"//li[.//span[contains(text(), \"DISP - D&I special price\")]]"}
RESULT: {"using":"xpath","value":"//li[.//span[contains(text(), \"DISP - D&I special price\")]]"}
COMMAND: POST /session/0ffaedec2ff4d329b9cb85ca897a1301/element/f.9119AA68FED8A447B03A71089BFD3ED7.d.BD22541741102C8AA4E5BCFC8F08F025.e.11904/click - {}
RESULT: {}
COMMAND: GET /session/0ffaedec2ff4d329b9cb85ca897a1301/screenshot - {}
RESULT: {}
COMMAND: POST /session/0ffaedec2ff4d329b9cb85ca897a1301/execute/async - {"script":"<script> [1562 bytes]","args":[{"selector":{"id":"application-manageconditionprice-display-component---newCondition--condValidTo","interaction":{"idSuffix":"inner"}},"wdio_ui5_key":"applicationmanageconditionprice-display-component---newCondition--condValidTo"}]}
RESULT: {"script":"<script> [1562 bytes]","args":[{"selector":{"id":"application-manageconditionprice-display-component---newCondition--condValidTo","interaction":{"idSuffix":"inner"}},"wdio_ui5_key":"applicationmanageconditionprice-display-component---newCondition--condValidTo"}]}
RESULT: undefined
COMMAND: POST /session/0ffaedec2ff4d329b9cb85ca897a1301/execute/async - {"script":"<script> [776 bytes]","args":[{"enterText":"1/26/26","selector":{"id":"application-manageconditionprice-display-component---newCondition--condValidTo","interaction":{"idSuffix":"inner"}},"clearTextFirst":true,"interactionType":"ENTER_TEXT"}]}
RESULT: {"script":"<script> [776 bytes]","args":[{"enterText":"1/26/26","selector":{"id":"application-manageconditionprice-display-component---newCondition--condValidTo","interaction":{"idSuffix":"inner"}},"clearTextFirst":true,"interactionType":"ENTER_TEXT"}]}
COMMAND: POST /session/0ffaedec2ff4d329b9cb85ca897a1301/element - {"using":"xpath","value":"//input[@id=\"application-manageconditionprice-display-component---newCondition--condRU-inner\"]"}
RESULT: {"using":"xpath","value":"//input[@id=\"application-manageconditionprice-display-component---newCondition--condRU-inner\"]"}
COMMAND: POST /session/0ffaedec2ff4d329b9cb85ca897a1301/element/f.9119AA68FED8A447B03A71089BFD3ED7.d.BD22541741102C8AA4E5BCFC8F08F025.e.11766/clear - {}
RESULT: {}
COMMAND: POST /session/0ffaedec2ff4d329b9cb85ca897a1301/element/f.9119AA68FED8A447B03A71089BFD3ED7.d.BD22541741102C8AA4E5BCFC8F08F025.e.11766/value - {"text":"3w3UQ3F0FH"}
COMMAND: GET /session/0ffaedec2ff4d329b9cb85ca897a1301/screenshot - {}
RESULT: {"text":"3w3UQ3F0FH"}
COMMAND: GET /session/0ffaedec2ff4d329b9cb85ca897a1301/screenshot - {}
RESULT: {}
RESULT: {}
COMMAND: POST /session/0ffaedec2ff4d329b9cb85ca897a1301/actions - {"actions":[{"id":"action36","type":"key","parameters":{},"actions":[{"type":"keyDown","value":""},{"type":"pause","duration":10},{"type":"keyUp","value":""}]}]}
RESULT: {"actions":[{"id":"action36","type":"key","parameters":{},"actions":[{"type":"keyDown","value":""},{"type":"pause","duration":10},{"type":"keyUp","value":""}]}]}
COMMAND: POST /session/0ffaedec2ff4d329b9cb85ca897a1301/execute/async - {"script":"<script> [1562 bytes]","args":[{"selector":{"id":"application-manageconditionprice-display-component---newCondition--condBaseQty","interaction":{"idSuffix":"inner"}},"wdio_ui5_key":"applicationmanageconditionprice-display-component---newCondition--condBaseQty"}]}
COMMAND: GET /session/0ffaedec2ff4d329b9cb85ca897a1301/screenshot - {}
RESULT: {"script":"<script> [1562 bytes]","args":[{"selector":{"id":"application-manageconditionprice-display-component---newCondition--condBaseQty","interaction":{"idSuffix":"inner"}},"wdio_ui5_key":"applicationmanageconditionprice-display-component---newCondition--condBaseQty"}]}
RESULT: undefined
COMMAND: POST /session/0ffaedec2ff4d329b9cb85ca897a1301/execute/async - {"script":"<script> [776 bytes]","args":[{"enterText":"1","selector":{"id":"application-manageconditionprice-display-component---newCondition--condBaseQty","interaction":{"idSuffix":"inner"}},"clearTextFirst":true,"interactionType":"ENTER_TEXT"}]}
RESULT: {}
RESULT: {"script":"<script> [776 bytes]","args":[{"enterText":"1","selector":{"id":"application-manageconditionprice-display-component---newCondition--condBaseQty","interaction":{"idSuffix":"inner"}},"clearTextFirst":true,"interactionType":"ENTER_TEXT"}]}
COMMAND: POST /session/0ffaedec2ff4d329b9cb85ca897a1301/execute/async - {"script":"<script> [1562 bytes]","args":[{"selector":{"id":"application-manageconditionprice-display-component---newCondition--condValue","interaction":{"idSuffix":"inner"}},"wdio_ui5_key":"applicationmanageconditionprice-display-component---newCondition--condValue"}]}
RESULT: {"script":"<script> [1562 bytes]","args":[{"selector":{"id":"application-manageconditionprice-display-component---newCondition--condValue","interaction":{"idSuffix":"inner"}},"wdio_ui5_key":"applicationmanageconditionprice-display-component---newCondition--condValue"}]}
RESULT: undefined
COMMAND: POST /session/0ffaedec2ff4d329b9cb85ca897a1301/execute/async - {"script":"<script> [776 bytes]","args":[{"enterText":"200","selector":{"id":"application-manageconditionprice-display-component---newCondition--condValue","interaction":{"idSuffix":"inner"}},"clearTextFirst":true,"interactionType":"ENTER_TEXT"}]}
RESULT: {"script":"<script> [776 bytes]","args":[{"enterText":"200","selector":{"id":"application-manageconditionprice-display-component---newCondition--condValue","interaction":{"idSuffix":"inner"}},"clearTextFirst":true,"interactionType":"ENTER_TEXT"}]}
COMMAND: POST /session/0ffaedec2ff4d329b9cb85ca897a1301/execute/async - {"script":"<script> [1562 bytes]","args":[{"selector":{"id":"application-manageconditionprice-display-component---newCondition--condCurr-arrow"},"wdio_ui5_key":"applicationmanageconditionprice-display-component---newCondition--condCurr-arrow"}]}
RESULT: {"script":"<script> [1562 bytes]","args":[{"selector":{"id":"application-manageconditionprice-display-component---newCondition--condCurr-arrow"},"wdio_ui5_key":"applicationmanageconditionprice-display-component---newCondition--condCurr-arrow"}]}
RESULT: undefined
COMMAND: POST /session/0ffaedec2ff4d329b9cb85ca897a1301/element - {"using":"xpath","value":"//*[@id=\"application-manageconditionprice-display-component---newCondition--condCurr-arrow\"]"}
RESULT: {"using":"xpath","value":"//*[@id=\"application-manageconditionprice-display-component---newCondition--condCurr-arrow\"]"}
COMMAND: POST /session/0ffaedec2ff4d329b9cb85ca897a1301/element/f.9119AA68FED8A447B03A71089BFD3ED7.d.BD22541741102C8AA4E5BCFC8F08F025.e.11885/click - {}
RESULT: {}
COMMAND: POST /session/0ffaedec2ff4d329b9cb85ca897a1301/element - {"using":"xpath","value":"//span[contains(text(), \"Euro\")]"}
COMMAND: GET /session/0ffaedec2ff4d329b9cb85ca897a1301/screenshot - {}
RESULT: {"using":"xpath","value":"//span[contains(text(), \"Euro\")]"}
COMMAND: POST /session/0ffaedec2ff4d329b9cb85ca897a1301/element/f.9119AA68FED8A447B03A71089BFD3ED7.d.BD22541741102C8AA4E5BCFC8F08F025.e.11941/click - {}
RESULT: {}
RESULT: {}
COMMAND: POST /session/0ffaedec2ff4d329b9cb85ca897a1301/element - {"using":"xpath","value":"//button[@data-kt=\"saveButton\"]"}
COMMAND: GET /session/0ffaedec2ff4d329b9cb85ca897a1301/screenshot - {}
RESULT: {"using":"xpath","value":"//button[@data-kt=\"saveButton\"]"}
COMMAND: POST /session/0ffaedec2ff4d329b9cb85ca897a1301/element/f.9119AA68FED8A447B03A71089BFD3ED7.d.BD22541741102C8AA4E5BCFC8F08F025.e.11886/click - {}
RESULT: {}
RESULT: {}
COMMAND: GET /session/0ffaedec2ff4d329b9cb85ca897a1301/screenshot - {}
RESULT: {}
COMMAND: POST /session/0ffaedec2ff4d329b9cb85ca897a1301/execute/async - {"script":"<script> [1562 bytes]","args":[{"selector":{"id":"application-manageconditionprice-display-component---conditions--smartFilterBar-btnBasicSearch","interaction":{"idSuffix":"I"}},"wdio_ui5_key":"applicationmanageconditionprice-display-component---conditions--smartFilterBar-btnBasicSearch"}]}
RESULT: {"script":"<script> [1562 bytes]","args":[{"selector":{"id":"application-manageconditionprice-display-component---conditions--smartFilterBar-btnBasicSearch","interaction":{"idSuffix":"I"}},"wdio_ui5_key":"applicationmanageconditionprice-display-component---conditions--smartFilterBar-btnBasicSearch"}]}
RESULT: undefined
COMMAND: POST /session/0ffaedec2ff4d329b9cb85ca897a1301/execute/async - {"script":"<script> [776 bytes]","args":[{"enterText":"3w3UQ3F0FH","selector":{"id":"application-manageconditionprice-display-component---conditions--smartFilterBar-btnBasicSearch","interaction":{"idSuffix":"I"}},"clearTextFirst":true,"interactionType":"ENTER_TEXT"}]}
RESULT: {"script":"<script> [776 bytes]","args":[{"enterText":"3w3UQ3F0FH","selector":{"id":"application-manageconditionprice-display-component---conditions--smartFilterBar-btnBasicSearch","interaction":{"idSuffix":"I"}},"clearTextFirst":true,"interactionType":"ENTER_TEXT"}]}
COMMAND: POST /session/0ffaedec2ff4d329b9cb85ca897a1301/actions - {"actions":[{"id":"action37","type":"key","parameters":{},"actions":[{"type":"keyDown","value":""},{"type":"pause","duration":10},{"type":"keyUp","value":""}]}]}
RESULT: {"actions":[{"id":"action37","type":"key","parameters":{},"actions":[{"type":"keyDown","value":""},{"type":"pause","duration":10},{"type":"keyUp","value":""}]}]}
COMMAND: GET /session/0ffaedec2ff4d329b9cb85ca897a1301/screenshot - {}
RESULT: {}
COMMAND: POST /session/0ffaedec2ff4d329b9cb85ca897a1301/execute/async - {"script":"<script> [1562 bytes]","args":[{"selector":{"id":"application-manageconditionprice-display-component---conditions--smartFilterBar-filterItemControl_BASIC-BILL_TYPES-vhi"},"wdio_ui5_key":"applicationmanageconditionprice-display-component---conditions--smartFilterBar-filterItemControl_BASIC-BILL_TYPES-vhi"}]}
RESULT: {"script":"<script> [1562 bytes]","args":[{"selector":{"id":"application-manageconditionprice-display-component---conditions--smartFilterBar-filterItemControl_BASIC-BILL_TYPES-vhi"},"wdio_ui5_key":"applicationmanageconditionprice-display-component---conditions--smartFilterBar-filterItemControl_BASIC-BILL_TYPES-vhi"}]}
RESULT: undefined
COMMAND: POST /session/0ffaedec2ff4d329b9cb85ca897a1301/element - {"using":"xpath","value":"//*[@id=\"application-manageconditionprice-display-component---conditions--smartFilterBar-filterItemControl_BASIC-BILL_TYPES-vhi\"]"}
RESULT: {"using":"xpath","value":"//*[@id=\"application-manageconditionprice-display-component---conditions--smartFilterBar-filterItemControl_BASIC-BILL_TYPES-vhi\"]"}
COMMAND: POST /session/0ffaedec2ff4d329b9cb85ca897a1301/element/f.9119AA68FED8A447B03A71089BFD3ED7.d.BD22541741102C8AA4E5BCFC8F08F025.e.11958/click - {}
RESULT: {}
COMMAND: POST /session/0ffaedec2ff4d329b9cb85ca897a1301/execute/async - {"script":"<script> [1562 bytes]","args":[{"selector":{"id":"application-manageconditionprice-display-component---conditions--smartFilterBar-filterItemControl_BASIC-BILL_TYPES-valueHelpDialog-smartFilterBar-btnBasicSearch","searchOpenDialogs":true,"interaction":{"idSuffix":"I"}},"wdio_ui5_key":"applicationmanageconditionprice-display-component---conditions--smartFilterBar-filterItemControl_BASIC-BILL_TYPES-valueHelpDialog-smartFilterBar-btnBasicSearch"}]}
COMMAND: GET /session/0ffaedec2ff4d329b9cb85ca897a1301/screenshot - {}
RESULT: {"script":"<script> [1562 bytes]","args":[{"selector":{"id":"application-manageconditionprice-display-component---conditions--smartFilterBar-filterItemControl_BASIC-BILL_TYPES-valueHelpDialog-smartFilterBar-btnBasicSearch","searchOpenDialogs":true,"interaction":{"idSuffix":"I"}},"wdio_ui5_key":"applicationmanageconditionprice-display-component---conditions--smartFilterBar-filterItemControl_BASIC-BILL_TYPES-valueHelpDialog-smartFilterBar-btnBasicSearch"}]}
RESULT: undefined
COMMAND: POST /session/0ffaedec2ff4d329b9cb85ca897a1301/execute/async - {"script":"<script> [776 bytes]","args":[{"enterText":"TB","selector":{"id":"application-manageconditionprice-display-component---conditions--smartFilterBar-filterItemControl_BASIC-BILL_TYPES-valueHelpDialog-smartFilterBar-btnBasicSearch","searchOpenDialogs":true,"interaction":{"idSuffix":"I"}},"clearTextFirst":true,"interactionType":"ENTER_TEXT"}]}
RESULT: {}
RESULT: {"script":"<script> [776 bytes]","args":[{"enterText":"TB","selector":{"id":"application-manageconditionprice-display-component---conditions--smartFilterBar-filterItemControl_BASIC-BILL_TYPES-valueHelpDialog-smartFilterBar-btnBasicSearch","searchOpenDialogs":true,"interaction":{"idSuffix":"I"}},"clearTextFirst":true,"interactionType":"ENTER_TEXT"}]}
COMMAND: POST /session/0ffaedec2ff4d329b9cb85ca897a1301/actions - {"actions":[{"id":"action38","type":"key","parameters":{},"actions":[{"type":"keyDown","value":""},{"type":"pause","duration":10},{"type":"keyUp","value":""}]}]}
RESULT: {"actions":[{"id":"action38","type":"key","parameters":{},"actions":[{"type":"keyDown","value":""},{"type":"pause","duration":10},{"type":"keyUp","value":""}]}]}
COMMAND: GET /session/0ffaedec2ff4d329b9cb85ca897a1301/screenshot - {}
RESULT: {}
COMMAND: POST /session/0ffaedec2ff4d329b9cb85ca897a1301/element - {"using":"xpath","value":"//div[contains(@id, 'application-manageconditionprice-display-component---conditions--smartFilterBar-filterItemControl_BASIC-BILL_TYPES-valueHelpDialog-table-rowsel0')]"}
RESULT: {"using":"xpath","value":"//div[contains(@id, 'application-manageconditionprice-display-component---conditions--smartFilterBar-filterItemControl_BASIC-BILL_TYPES-valueHelpDialog-table-rowsel0')]"}
COMMAND: POST /session/0ffaedec2ff4d329b9cb85ca897a1301/element/f.9119AA68FED8A447B03A71089BFD3ED7.d.BD22541741102C8AA4E5BCFC8F08F025.e.11967/click - {}
RESULT: {}
COMMAND: GET /session/0ffaedec2ff4d329b9cb85ca897a1301/screenshot - {}
RESULT: {}
COMMAND: POST /session/0ffaedec2ff4d329b9cb85ca897a1301/element - {"using":"xpath","value":"//bdi[contains(text(), \"OK\")]"}
RESULT: {"using":"xpath","value":"//bdi[contains(text(), \"OK\")]"}
COMMAND: POST /session/0ffaedec2ff4d329b9cb85ca897a1301/element/f.9119AA68FED8A447B03A71089BFD3ED7.d.BD22541741102C8AA4E5BCFC8F08F025.e.11969/click - {}
RESULT: {}
COMMAND: GET /session/0ffaedec2ff4d329b9cb85ca897a1301/screenshot - {}
RESULT: {}
COMMAND: POST /session/0ffaedec2ff4d329b9cb85ca897a1301/element - {"using":"xpath","value":"//span[@id=\"application-manageconditionprice-display-component---conditions--smartTable-header-inner\"]"}
RESULT: {"using":"xpath","value":"//span[@id=\"application-manageconditionprice-display-component---conditions--smartTable-header-inner\"]"}
COMMAND: POST /session/0ffaedec2ff4d329b9cb85ca897a1301/elements - {"using":"xpath","value":"//span[@id=\"application-manageconditionprice-display-component---conditions--smartTable-header-inner\"]"}
RESULT: {"using":"xpath","value":"//span[@id=\"application-manageconditionprice-display-component---conditions--smartTable-header-inner\"]"}
COMMAND: POST /session/0ffaedec2ff4d329b9cb85ca897a1301/execute/sync - {"script":"<script> [56 bytes]","args":[{"element-6066-11e4-a52e-4f735466cecf":"f.9119AA68FED8A447B03A71089BFD3ED7.d.BD22541741102C8AA4E5BCFC8F08F025.e.11972","ELEMENT":"f.9119AA68FED8A447B03A71089BFD3ED7.d.BD22541741102C8AA4E5BCFC8F08F025.e.11972"}]}
RESULT: {"script":"<script> [56 bytes]","args":[{"element-6066-11e4-a52e-4f735466cecf":"f.9119AA68FED8A447B03A71089BFD3ED7.d.BD22541741102C8AA4E5BCFC8F08F025.e.11972","ELEMENT":"f.9119AA68FED8A447B03A71089BFD3ED7.d.BD22541741102C8AA4E5BCFC8F08F025.e.11972"}]}
COMMAND: POST /session/0ffaedec2ff4d329b9cb85ca897a1301/element - {"using":"css selector","value":"#shell-header-logo"}
COMMAND: GET /session/0ffaedec2ff4d329b9cb85ca897a1301/screenshot - {}
RESULT: {"using":"css selector","value":"#shell-header-logo"}
COMMAND: POST /session/0ffaedec2ff4d329b9cb85ca897a1301/element/f.9119AA68FED8A447B03A71089BFD3ED7.d.BD22541741102C8AA4E5BCFC8F08F025.e.11693/click - {}
RESULT: {}
RESULT: {}
COMMAND: GET /session/0ffaedec2ff4d329b9cb85ca897a1301/screenshot - {}
RESULT: {}
]]></system-out>
    </testcase>
    <testcase classname="chrome.136_0_7103_93.windows.Billing_Transfer_-_Intracompany_US127249" name="Should do a stock increase handover" time="82.806">
      <system-out><![CDATA[
COMMAND: POST /session/0ffaedec2ff4d329b9cb85ca897a1301/execute/async - {"script":"<script> [1562 bytes]","args":[{"selector":{"controlType":"sap.m.GenericTile","properties":{"header":"Manage Handovers"}},"wdio_ui5_key":"sapm.GenericTile{\"header\":\"Manage Handovers\"}"}]}
RESULT: {"script":"<script> [1562 bytes]","args":[{"selector":{"controlType":"sap.m.GenericTile","properties":{"header":"Manage Handovers"}},"wdio_ui5_key":"sapm.GenericTile{\"header\":\"Manage Handovers\"}"}]}
RESULT: undefined
COMMAND: POST /session/0ffaedec2ff4d329b9cb85ca897a1301/element - {"using":"xpath","value":"//*[@id=\"__tile133\"]"}
RESULT: {"using":"xpath","value":"//*[@id=\"__tile133\"]"}
COMMAND: POST /session/0ffaedec2ff4d329b9cb85ca897a1301/element/f.9119AA68FED8A447B03A71089BFD3ED7.d.BD22541741102C8AA4E5BCFC8F08F025.e.8317/click - {}
RESULT: {}
COMMAND: GET /session/0ffaedec2ff4d329b9cb85ca897a1301/screenshot - {}
RESULT: {}
COMMAND: POST /session/0ffaedec2ff4d329b9cb85ca897a1301/elements - {"using":"xpath","value":"//span[text()='Error']"}
RESULT: {"using":"xpath","value":"//span[text()='Error']"}
COMMAND: POST /session/0ffaedec2ff4d329b9cb85ca897a1301/element - {"using":"xpath","value":"//button[@data-kt=\"masterHOAddButton\"]"}
RESULT: {"using":"xpath","value":"//button[@data-kt=\"masterHOAddButton\"]"}
COMMAND: POST /session/0ffaedec2ff4d329b9cb85ca897a1301/elements - {"using":"xpath","value":"//button[@data-kt=\"masterHOAddButton\"]"}
RESULT: {"using":"xpath","value":"//button[@data-kt=\"masterHOAddButton\"]"}
COMMAND: POST /session/0ffaedec2ff4d329b9cb85ca897a1301/execute/sync - {"script":"<script> [8489 bytes]","args":[{"element-6066-11e4-a52e-4f735466cecf":"f.9119AA68FED8A447B03A71089BFD3ED7.d.BD22541741102C8AA4E5BCFC8F08F025.e.12018","ELEMENT":"f.9119AA68FED8A447B03A71089BFD3ED7.d.BD22541741102C8AA4E5BCFC8F08F025.e.12018"}]}
RESULT: {"script":"<script> [8489 bytes]","args":[{"element-6066-11e4-a52e-4f735466cecf":"f.9119AA68FED8A447B03A71089BFD3ED7.d.BD22541741102C8AA4E5BCFC8F08F025.e.12018","ELEMENT":"f.9119AA68FED8A447B03A71089BFD3ED7.d.BD22541741102C8AA4E5BCFC8F08F025.e.12018"}]}
COMMAND: GET /session/0ffaedec2ff4d329b9cb85ca897a1301/element/f.9119AA68FED8A447B03A71089BFD3ED7.d.BD22541741102C8AA4E5BCFC8F08F025.e.12018/enabled - {}
COMMAND: GET /session/0ffaedec2ff4d329b9cb85ca897a1301/screenshot - {}
RESULT: {}
COMMAND: POST /session/0ffaedec2ff4d329b9cb85ca897a1301/execute/sync - {"script":"<script> [8489 bytes]","args":[{"element-6066-11e4-a52e-4f735466cecf":"f.9119AA68FED8A447B03A71089BFD3ED7.d.BD22541741102C8AA4E5BCFC8F08F025.e.12018","ELEMENT":"f.9119AA68FED8A447B03A71089BFD3ED7.d.BD22541741102C8AA4E5BCFC8F08F025.e.12018"}]}
COMMAND: GET /session/0ffaedec2ff4d329b9cb85ca897a1301/screenshot - {}
RESULT: {}
RESULT: {"script":"<script> [8489 bytes]","args":[{"element-6066-11e4-a52e-4f735466cecf":"f.9119AA68FED8A447B03A71089BFD3ED7.d.BD22541741102C8AA4E5BCFC8F08F025.e.12018","ELEMENT":"f.9119AA68FED8A447B03A71089BFD3ED7.d.BD22541741102C8AA4E5BCFC8F08F025.e.12018"}]}
COMMAND: POST /session/0ffaedec2ff4d329b9cb85ca897a1301/execute/sync - {"script":"<script> [5351 bytes]","args":[{"element-6066-11e4-a52e-4f735466cecf":"f.9119AA68FED8A447B03A71089BFD3ED7.d.BD22541741102C8AA4E5BCFC8F08F025.e.12018","ELEMENT":"f.9119AA68FED8A447B03A71089BFD3ED7.d.BD22541741102C8AA4E5BCFC8F08F025.e.12018"}]}
COMMAND: GET /session/0ffaedec2ff4d329b9cb85ca897a1301/screenshot - {}
RESULT: {}
RESULT: {"script":"<script> [5351 bytes]","args":[{"element-6066-11e4-a52e-4f735466cecf":"f.9119AA68FED8A447B03A71089BFD3ED7.d.BD22541741102C8AA4E5BCFC8F08F025.e.12018","ELEMENT":"f.9119AA68FED8A447B03A71089BFD3ED7.d.BD22541741102C8AA4E5BCFC8F08F025.e.12018"}]}
COMMAND: POST /session/0ffaedec2ff4d329b9cb85ca897a1301/element/f.9119AA68FED8A447B03A71089BFD3ED7.d.BD22541741102C8AA4E5BCFC8F08F025.e.12018/click - {}
COMMAND: GET /session/0ffaedec2ff4d329b9cb85ca897a1301/screenshot - {}
RESULT: {}
RESULT: {}
COMMAND: GET /session/0ffaedec2ff4d329b9cb85ca897a1301/screenshot - {}
RESULT: {}
RESULT: {}
COMMAND: POST /session/0ffaedec2ff4d329b9cb85ca897a1301/element - {"using":"xpath","value":"//span[contains(@id ,\"AddNewHO--typeSelect-arrow\")]"}
RESULT: {"using":"xpath","value":"//span[contains(@id ,\"AddNewHO--typeSelect-arrow\")]"}
COMMAND: POST /session/0ffaedec2ff4d329b9cb85ca897a1301/element/f.9119AA68FED8A447B03A71089BFD3ED7.d.BD22541741102C8AA4E5BCFC8F08F025.e.12370/click - {}
RESULT: {}
COMMAND: GET /session/0ffaedec2ff4d329b9cb85ca897a1301/screenshot - {}
RESULT: {}
COMMAND: POST /session/0ffaedec2ff4d329b9cb85ca897a1301/element - {"using":"xpath","value":"(//li[contains(text(), \"stock increase yard\")])[1]"}
RESULT: {"using":"xpath","value":"(//li[contains(text(), \"stock increase yard\")])[1]"}
COMMAND: POST /session/0ffaedec2ff4d329b9cb85ca897a1301/element/f.9119AA68FED8A447B03A71089BFD3ED7.d.BD22541741102C8AA4E5BCFC8F08F025.e.12371/click - {}
RESULT: {}
COMMAND: GET /session/0ffaedec2ff4d329b9cb85ca897a1301/screenshot - {}
RESULT: {}
COMMAND: POST /session/0ffaedec2ff4d329b9cb85ca897a1301/execute/async - {"script":"<script> [1562 bytes]","args":[{"selector":{"id":"application-managehandovers-display-component---AddNewHO--dueDate","interaction":{"idSuffix":"inner"}},"wdio_ui5_key":"applicationmanagehandovers-display-component---AddNewHO--dueDate"}]}
RESULT: {"script":"<script> [1562 bytes]","args":[{"selector":{"id":"application-managehandovers-display-component---AddNewHO--dueDate","interaction":{"idSuffix":"inner"}},"wdio_ui5_key":"applicationmanagehandovers-display-component---AddNewHO--dueDate"}]}
RESULT: undefined
COMMAND: POST /session/0ffaedec2ff4d329b9cb85ca897a1301/execute/async - {"script":"<script> [6424 bytes]","args":[{"element-6066-11e4-a52e-4f735466cecf":"f.9119AA68FED8A447B03A71089BFD3ED7.d.BD22541741102C8AA4E5BCFC8F08F025.e.12373"},"setValue",["5/26/25"]]}
RESULT: {"script":"<script> [6424 bytes]","args":[{"element-6066-11e4-a52e-4f735466cecf":"f.9119AA68FED8A447B03A71089BFD3ED7.d.BD22541741102C8AA4E5BCFC8F08F025.e.12373"},"setValue",["5/26/25"]]}
COMMAND: POST /session/0ffaedec2ff4d329b9cb85ca897a1301/element - {"using":"xpath","value":"//input[@id=\"generalSectionFrg--receiveYard-inner\"]"}
RESULT: {"using":"xpath","value":"//input[@id=\"generalSectionFrg--receiveYard-inner\"]"}
COMMAND: POST /session/0ffaedec2ff4d329b9cb85ca897a1301/element/f.9119AA68FED8A447B03A71089BFD3ED7.d.BD22541741102C8AA4E5BCFC8F08F025.e.12379/clear - {}
RESULT: {}
COMMAND: POST /session/0ffaedec2ff4d329b9cb85ca897a1301/element/f.9119AA68FED8A447B03A71089BFD3ED7.d.BD22541741102C8AA4E5BCFC8F08F025.e.12379/value - {"text":"348"}
COMMAND: GET /session/0ffaedec2ff4d329b9cb85ca897a1301/screenshot - {}
RESULT: {"text":"348"}
COMMAND: GET /session/0ffaedec2ff4d329b9cb85ca897a1301/screenshot - {}
RESULT: {}
RESULT: {}
COMMAND: POST /session/0ffaedec2ff4d329b9cb85ca897a1301/element - {"using":"xpath","value":"//li[.//span[text()='348']]"}
RESULT: {"using":"xpath","value":"//li[.//span[text()='348']]"}
COMMAND: POST /session/0ffaedec2ff4d329b9cb85ca897a1301/element/f.9119AA68FED8A447B03A71089BFD3ED7.d.BD22541741102C8AA4E5BCFC8F08F025.e.12397/click - {}
RESULT: {}
COMMAND: GET /session/0ffaedec2ff4d329b9cb85ca897a1301/screenshot - {}
RESULT: {}
COMMAND: POST /session/0ffaedec2ff4d329b9cb85ca897a1301/execute/async - {"script":"<script> [1562 bytes]","args":[{"selector":{"id":"application-managehandovers-display-component---AddNewHO--ObjectPageLayout-anchBar-application-managehandovers-display-component---AddNewHO--section4-anchor","interaction":{"idSuffix":"BDI-content"}},"wdio_ui5_key":"applicationmanagehandovers-display-component---AddNewHO--ObjectPageLayout-anchBar-application-managehandovers-display-component---AddNewHO--section4-anchor"}]}
RESULT: {"script":"<script> [1562 bytes]","args":[{"selector":{"id":"application-managehandovers-display-component---AddNewHO--ObjectPageLayout-anchBar-application-managehandovers-display-component---AddNewHO--section4-anchor","interaction":{"idSuffix":"BDI-content"}},"wdio_ui5_key":"applicationmanagehandovers-display-component---AddNewHO--ObjectPageLayout-anchBar-application-managehandovers-display-component---AddNewHO--section4-anchor"}]}
RESULT: undefined
COMMAND: POST /session/0ffaedec2ff4d329b9cb85ca897a1301/element - {"using":"xpath","value":"//*[@id=\"application-managehandovers-display-component---AddNewHO--ObjectPageLayout-anchBar-application-managehandovers-display-component---AddNewHO--section4-anchor\"]"}
RESULT: {"using":"xpath","value":"//*[@id=\"application-managehandovers-display-component---AddNewHO--ObjectPageLayout-anchBar-application-managehandovers-display-component---AddNewHO--section4-anchor\"]"}
COMMAND: POST /session/0ffaedec2ff4d329b9cb85ca897a1301/element/f.9119AA68FED8A447B03A71089BFD3ED7.d.BD22541741102C8AA4E5BCFC8F08F025.e.12399/click - {}
RESULT: {}
COMMAND: POST /session/0ffaedec2ff4d329b9cb85ca897a1301/element - {"using":"xpath","value":"//button[@aria-label=\"Add\"]"}
COMMAND: GET /session/0ffaedec2ff4d329b9cb85ca897a1301/screenshot - {}
RESULT: {"using":"xpath","value":"//button[@aria-label=\"Add\"]"}
COMMAND: POST /session/0ffaedec2ff4d329b9cb85ca897a1301/element/f.9119AA68FED8A447B03A71089BFD3ED7.d.BD22541741102C8AA4E5BCFC8F08F025.e.12401/click - {}
RESULT: {}
RESULT: {}
COMMAND: GET /session/0ffaedec2ff4d329b9cb85ca897a1301/screenshot - {}
RESULT: {}
COMMAND: POST /session/0ffaedec2ff4d329b9cb85ca897a1301/execute/async - {"script":"<script> [1562 bytes]","args":[{"selector":{"id":"application-managehandovers-display-component---AddNewHO--smartFilterBar-btnBasicSearch","searchOpenDialogs":true,"interaction":{"idSuffix":"I"}},"wdio_ui5_key":"applicationmanagehandovers-display-component---AddNewHO--smartFilterBar-btnBasicSearch"}]}
RESULT: {"script":"<script> [1562 bytes]","args":[{"selector":{"id":"application-managehandovers-display-component---AddNewHO--smartFilterBar-btnBasicSearch","searchOpenDialogs":true,"interaction":{"idSuffix":"I"}},"wdio_ui5_key":"applicationmanagehandovers-display-component---AddNewHO--smartFilterBar-btnBasicSearch"}]}
RESULT: undefined
COMMAND: POST /session/0ffaedec2ff4d329b9cb85ca897a1301/execute/async - {"script":"<script> [776 bytes]","args":[{"enterText":"3w3UQ3F0FH","selector":{"id":"application-managehandovers-display-component---AddNewHO--smartFilterBar-btnBasicSearch","searchOpenDialogs":true,"interaction":{"idSuffix":"I"}},"clearTextFirst":true,"interactionType":"ENTER_TEXT"}]}
RESULT: {"script":"<script> [776 bytes]","args":[{"enterText":"3w3UQ3F0FH","selector":{"id":"application-managehandovers-display-component---AddNewHO--smartFilterBar-btnBasicSearch","searchOpenDialogs":true,"interaction":{"idSuffix":"I"}},"clearTextFirst":true,"interactionType":"ENTER_TEXT"}]}
COMMAND: POST /session/0ffaedec2ff4d329b9cb85ca897a1301/actions - {"actions":[{"id":"action39","type":"key","parameters":{},"actions":[{"type":"keyDown","value":""},{"type":"pause","duration":10},{"type":"keyUp","value":""}]}]}
RESULT: {"actions":[{"id":"action39","type":"key","parameters":{},"actions":[{"type":"keyDown","value":""},{"type":"pause","duration":10},{"type":"keyUp","value":""}]}]}
COMMAND: GET /session/0ffaedec2ff4d329b9cb85ca897a1301/screenshot - {}
RESULT: {}
COMMAND: POST /session/0ffaedec2ff4d329b9cb85ca897a1301/execute/async - {"script":"<script> [1562 bytes]","args":[{"selector":{"id":"application-managehandovers-display-component---AddNewHO--popup-sa","searchOpenDialogs":true,"interaction":{"idSuffix":"CbBg"}},"wdio_ui5_key":"applicationmanagehandovers-display-component---AddNewHO--popup-sa"}]}
RESULT: {"script":"<script> [1562 bytes]","args":[{"selector":{"id":"application-managehandovers-display-component---AddNewHO--popup-sa","searchOpenDialogs":true,"interaction":{"idSuffix":"CbBg"}},"wdio_ui5_key":"applicationmanagehandovers-display-component---AddNewHO--popup-sa"}]}
RESULT: undefined
COMMAND: POST /session/0ffaedec2ff4d329b9cb85ca897a1301/element - {"using":"xpath","value":"//*[@id=\"application-managehandovers-display-component---AddNewHO--popup-sa\"]"}
RESULT: {"using":"xpath","value":"//*[@id=\"application-managehandovers-display-component---AddNewHO--popup-sa\"]"}
COMMAND: POST /session/0ffaedec2ff4d329b9cb85ca897a1301/element/f.9119AA68FED8A447B03A71089BFD3ED7.d.BD22541741102C8AA4E5BCFC8F08F025.e.12554/click - {}
RESULT: {}
COMMAND: GET /session/0ffaedec2ff4d329b9cb85ca897a1301/screenshot - {}
RESULT: {}
COMMAND: POST /session/0ffaedec2ff4d329b9cb85ca897a1301/element - {"using":"xpath","value":"//bdi[contains(text(), \"Select\")]"}
RESULT: {"using":"xpath","value":"//bdi[contains(text(), \"Select\")]"}
COMMAND: POST /session/0ffaedec2ff4d329b9cb85ca897a1301/element/f.9119AA68FED8A447B03A71089BFD3ED7.d.BD22541741102C8AA4E5BCFC8F08F025.e.12555/click - {}
RESULT: {}
COMMAND: GET /session/0ffaedec2ff4d329b9cb85ca897a1301/screenshot - {}
RESULT: {}
COMMAND: POST /session/0ffaedec2ff4d329b9cb85ca897a1301/element - {"using":"xpath","value":"//button[@data-kt=\"AddNewHOSaveButton\"]"}
RESULT: {"using":"xpath","value":"//button[@data-kt=\"AddNewHOSaveButton\"]"}
COMMAND: POST /session/0ffaedec2ff4d329b9cb85ca897a1301/element/f.9119AA68FED8A447B03A71089BFD3ED7.d.BD22541741102C8AA4E5BCFC8F08F025.e.12559/click - {}
RESULT: {}
COMMAND: GET /session/0ffaedec2ff4d329b9cb85ca897a1301/screenshot - {}
RESULT: {}
COMMAND: POST /session/0ffaedec2ff4d329b9cb85ca897a1301/execute/async - {"script":"<script> [1562 bytes]","args":[{"selector":{"id":"receiptDatePicker","viewName":"etm.portal.ui.managehandovers.view.DetailExecuteHO","interaction":{"idSuffix":"inner"}},"wdio_ui5_key":"receiptDatePickeretmportal.ui.managehandovers.view.DetailExecuteHO"}]}
RESULT: {"script":"<script> [1562 bytes]","args":[{"selector":{"id":"receiptDatePicker","viewName":"etm.portal.ui.managehandovers.view.DetailExecuteHO","interaction":{"idSuffix":"inner"}},"wdio_ui5_key":"receiptDatePickeretmportal.ui.managehandovers.view.DetailExecuteHO"}]}
RESULT: undefined
COMMAND: POST /session/0ffaedec2ff4d329b9cb85ca897a1301/execute/async - {"script":"<script> [6424 bytes]","args":[{"element-6066-11e4-a52e-4f735466cecf":"f.9119AA68FED8A447B03A71089BFD3ED7.d.BD22541741102C8AA4E5BCFC8F08F025.e.12589"},"setValue",["5/26/25"]]}
RESULT: {"script":"<script> [6424 bytes]","args":[{"element-6066-11e4-a52e-4f735466cecf":"f.9119AA68FED8A447B03A71089BFD3ED7.d.BD22541741102C8AA4E5BCFC8F08F025.e.12589"},"setValue",["5/26/25"]]}
COMMAND: POST /session/0ffaedec2ff4d329b9cb85ca897a1301/element - {"using":"xpath","value":"//button[@data-kt=\"ReceivingTableConfirmAllButton\"]"}
RESULT: {"using":"xpath","value":"//button[@data-kt=\"ReceivingTableConfirmAllButton\"]"}
COMMAND: POST /session/0ffaedec2ff4d329b9cb85ca897a1301/element/f.9119AA68FED8A447B03A71089BFD3ED7.d.BD22541741102C8AA4E5BCFC8F08F025.e.12604/click - {}
RESULT: {}
COMMAND: GET /session/0ffaedec2ff4d329b9cb85ca897a1301/screenshot - {}
RESULT: {}
COMMAND: POST /session/0ffaedec2ff4d329b9cb85ca897a1301/element - {"using":"xpath","value":"//bdi[contains(text(), \"OK\")]"}
RESULT: {"using":"xpath","value":"//bdi[contains(text(), \"OK\")]"}
COMMAND: POST /session/0ffaedec2ff4d329b9cb85ca897a1301/element/f.9119AA68FED8A447B03A71089BFD3ED7.d.BD22541741102C8AA4E5BCFC8F08F025.e.12606/click - {}
RESULT: {}
COMMAND: GET /session/0ffaedec2ff4d329b9cb85ca897a1301/screenshot - {}
RESULT: {}
COMMAND: POST /session/0ffaedec2ff4d329b9cb85ca897a1301/element - {"using":"xpath","value":"(//bdi[contains(text(), \"Receive\")])[2]"}
RESULT: {"using":"xpath","value":"(//bdi[contains(text(), \"Receive\")])[2]"}
COMMAND: POST /session/0ffaedec2ff4d329b9cb85ca897a1301/element/f.9119AA68FED8A447B03A71089BFD3ED7.d.BD22541741102C8AA4E5BCFC8F08F025.e.12608/click - {}
RESULT: {}
COMMAND: GET /session/0ffaedec2ff4d329b9cb85ca897a1301/screenshot - {}
RESULT: {}
COMMAND: POST /session/0ffaedec2ff4d329b9cb85ca897a1301/element - {"using":"css selector","value":"#shell-header-logo"}
RESULT: {"using":"css selector","value":"#shell-header-logo"}
COMMAND: POST /session/0ffaedec2ff4d329b9cb85ca897a1301/element/f.9119AA68FED8A447B03A71089BFD3ED7.d.BD22541741102C8AA4E5BCFC8F08F025.e.11978/click - {}
RESULT: {}
COMMAND: GET /session/0ffaedec2ff4d329b9cb85ca897a1301/screenshot - {}
RESULT: {}
]]></system-out>
    </testcase>
    <testcase classname="chrome.136_0_7103_93.windows.Billing_Transfer_-_Intracompany_US127249" name="Should create a new contract" time="62.28">
      <system-out><![CDATA[
COMMAND: POST /session/0ffaedec2ff4d329b9cb85ca897a1301/execute/async - {"script":"<script> [1562 bytes]","args":[{"selector":{"controlType":"sap.m.GenericTile","properties":{"header":"Manage Contracts"}},"wdio_ui5_key":"sapm.GenericTile{\"header\":\"Manage Contracts\"}"}]}
RESULT: {"script":"<script> [1562 bytes]","args":[{"selector":{"controlType":"sap.m.GenericTile","properties":{"header":"Manage Contracts"}},"wdio_ui5_key":"sapm.GenericTile{\"header\":\"Manage Contracts\"}"}]}
RESULT: undefined
COMMAND: POST /session/0ffaedec2ff4d329b9cb85ca897a1301/element - {"using":"xpath","value":"//*[@id=\"__tile131\"]"}
RESULT: {"using":"xpath","value":"//*[@id=\"__tile131\"]"}
COMMAND: POST /session/0ffaedec2ff4d329b9cb85ca897a1301/element/f.9119AA68FED8A447B03A71089BFD3ED7.d.BD22541741102C8AA4E5BCFC8F08F025.e.8259/click - {}
RESULT: {}
COMMAND: GET /session/0ffaedec2ff4d329b9cb85ca897a1301/screenshot - {}
RESULT: {}
COMMAND: POST /session/0ffaedec2ff4d329b9cb85ca897a1301/elements - {"using":"xpath","value":"//span[text()='Error']"}
RESULT: {"using":"xpath","value":"//span[text()='Error']"}
COMMAND: POST /session/0ffaedec2ff4d329b9cb85ca897a1301/element - {"using":"xpath","value":"//button[@data-kt=\"addButton\"]"}
RESULT: {"using":"xpath","value":"//button[@data-kt=\"addButton\"]"}
COMMAND: POST /session/0ffaedec2ff4d329b9cb85ca897a1301/elements - {"using":"xpath","value":"//button[@data-kt=\"addButton\"]"}
RESULT: {"using":"xpath","value":"//button[@data-kt=\"addButton\"]"}
COMMAND: POST /session/0ffaedec2ff4d329b9cb85ca897a1301/execute/sync - {"script":"<script> [8489 bytes]","args":[{"element-6066-11e4-a52e-4f735466cecf":"f.9119AA68FED8A447B03A71089BFD3ED7.d.BD22541741102C8AA4E5BCFC8F08F025.e.12810","ELEMENT":"f.9119AA68FED8A447B03A71089BFD3ED7.d.BD22541741102C8AA4E5BCFC8F08F025.e.12810"}]}
RESULT: {"script":"<script> [8489 bytes]","args":[{"element-6066-11e4-a52e-4f735466cecf":"f.9119AA68FED8A447B03A71089BFD3ED7.d.BD22541741102C8AA4E5BCFC8F08F025.e.12810","ELEMENT":"f.9119AA68FED8A447B03A71089BFD3ED7.d.BD22541741102C8AA4E5BCFC8F08F025.e.12810"}]}
COMMAND: GET /session/0ffaedec2ff4d329b9cb85ca897a1301/element/f.9119AA68FED8A447B03A71089BFD3ED7.d.BD22541741102C8AA4E5BCFC8F08F025.e.12810/enabled - {}
COMMAND: GET /session/0ffaedec2ff4d329b9cb85ca897a1301/screenshot - {}
RESULT: {}
COMMAND: POST /session/0ffaedec2ff4d329b9cb85ca897a1301/execute/sync - {"script":"<script> [8489 bytes]","args":[{"element-6066-11e4-a52e-4f735466cecf":"f.9119AA68FED8A447B03A71089BFD3ED7.d.BD22541741102C8AA4E5BCFC8F08F025.e.12810","ELEMENT":"f.9119AA68FED8A447B03A71089BFD3ED7.d.BD22541741102C8AA4E5BCFC8F08F025.e.12810"}]}
COMMAND: GET /session/0ffaedec2ff4d329b9cb85ca897a1301/screenshot - {}
RESULT: {}
RESULT: {"script":"<script> [8489 bytes]","args":[{"element-6066-11e4-a52e-4f735466cecf":"f.9119AA68FED8A447B03A71089BFD3ED7.d.BD22541741102C8AA4E5BCFC8F08F025.e.12810","ELEMENT":"f.9119AA68FED8A447B03A71089BFD3ED7.d.BD22541741102C8AA4E5BCFC8F08F025.e.12810"}]}
COMMAND: POST /session/0ffaedec2ff4d329b9cb85ca897a1301/execute/sync - {"script":"<script> [5351 bytes]","args":[{"element-6066-11e4-a52e-4f735466cecf":"f.9119AA68FED8A447B03A71089BFD3ED7.d.BD22541741102C8AA4E5BCFC8F08F025.e.12810","ELEMENT":"f.9119AA68FED8A447B03A71089BFD3ED7.d.BD22541741102C8AA4E5BCFC8F08F025.e.12810"}]}
COMMAND: GET /session/0ffaedec2ff4d329b9cb85ca897a1301/screenshot - {}
RESULT: {}
RESULT: {"script":"<script> [5351 bytes]","args":[{"element-6066-11e4-a52e-4f735466cecf":"f.9119AA68FED8A447B03A71089BFD3ED7.d.BD22541741102C8AA4E5BCFC8F08F025.e.12810","ELEMENT":"f.9119AA68FED8A447B03A71089BFD3ED7.d.BD22541741102C8AA4E5BCFC8F08F025.e.12810"}]}
COMMAND: GET /session/0ffaedec2ff4d329b9cb85ca897a1301/screenshot - {}
RESULT: {}
RESULT: {}
COMMAND: POST /session/0ffaedec2ff4d329b9cb85ca897a1301/element/f.9119AA68FED8A447B03A71089BFD3ED7.d.BD22541741102C8AA4E5BCFC8F08F025.e.12810/click - {}
RESULT: {}
COMMAND: GET /session/0ffaedec2ff4d329b9cb85ca897a1301/screenshot - {}
COMMAND: POST /session/0ffaedec2ff4d329b9cb85ca897a1301/execute/async - {"script":"<script> [1562 bytes]","args":[{"selector":{"id":"application-managecontracts-display-component---AddNewContract--projectDescription","interaction":{"idSuffix":"inner"}},"wdio_ui5_key":"applicationmanagecontracts-display-component---AddNewContract--projectDescription"}]}
RESULT: {}
RESULT: {"script":"<script> [1562 bytes]","args":[{"selector":{"id":"application-managecontracts-display-component---AddNewContract--projectDescription","interaction":{"idSuffix":"inner"}},"wdio_ui5_key":"applicationmanagecontracts-display-component---AddNewContract--projectDescription"}]}
RESULT: undefined
COMMAND: POST /session/0ffaedec2ff4d329b9cb85ca897a1301/execute/async - {"script":"<script> [776 bytes]","args":[{"enterText":"Contract WDIO","selector":{"id":"application-managecontracts-display-component---AddNewContract--projectDescription","interaction":{"idSuffix":"inner"}},"clearTextFirst":true,"interactionType":"ENTER_TEXT"}]}
RESULT: {"script":"<script> [776 bytes]","args":[{"enterText":"Contract WDIO","selector":{"id":"application-managecontracts-display-component---AddNewContract--projectDescription","interaction":{"idSuffix":"inner"}},"clearTextFirst":true,"interactionType":"ENTER_TEXT"}]}
COMMAND: POST /session/0ffaedec2ff4d329b9cb85ca897a1301/element - {"using":"xpath","value":"//input[@id=\"application-managecontracts-display-component---AddNewContract--site-inner\"]"}
RESULT: {"using":"xpath","value":"//input[@id=\"application-managecontracts-display-component---AddNewContract--site-inner\"]"}
COMMAND: POST /session/0ffaedec2ff4d329b9cb85ca897a1301/element/f.9119AA68FED8A447B03A71089BFD3ED7.d.BD22541741102C8AA4E5BCFC8F08F025.e.13135/clear - {}
RESULT: {}
COMMAND: POST /session/0ffaedec2ff4d329b9cb85ca897a1301/element/f.9119AA68FED8A447B03A71089BFD3ED7.d.BD22541741102C8AA4E5BCFC8F08F025.e.13135/value - {"text":"2165"}
COMMAND: GET /session/0ffaedec2ff4d329b9cb85ca897a1301/screenshot - {}
RESULT: {"text":"2165"}
COMMAND: GET /session/0ffaedec2ff4d329b9cb85ca897a1301/screenshot - {}
RESULT: {}
RESULT: {}
COMMAND: POST /session/0ffaedec2ff4d329b9cb85ca897a1301/element - {"using":"xpath","value":"//li[.//span[text()='2165']]"}
RESULT: {"using":"xpath","value":"//li[.//span[text()='2165']]"}
COMMAND: POST /session/0ffaedec2ff4d329b9cb85ca897a1301/element/f.9119AA68FED8A447B03A71089BFD3ED7.d.BD22541741102C8AA4E5BCFC8F08F025.e.13218/click - {}
RESULT: {}
COMMAND: GET /session/0ffaedec2ff4d329b9cb85ca897a1301/screenshot - {}
RESULT: {}
COMMAND: POST /session/0ffaedec2ff4d329b9cb85ca897a1301/element - {"using":"xpath","value":"//input[@id=\"application-managecontracts-display-component---AddNewContract--yardId-inner\"]"}
RESULT: {"using":"xpath","value":"//input[@id=\"application-managecontracts-display-component---AddNewContract--yardId-inner\"]"}
COMMAND: GET /session/0ffaedec2ff4d329b9cb85ca897a1301/element/f.9119AA68FED8A447B03A71089BFD3ED7.d.BD22541741102C8AA4E5BCFC8F08F025.e.13136/property/value - {}
RESULT: {}
COMMAND: POST /session/0ffaedec2ff4d329b9cb85ca897a1301/element - {"using":"xpath","value":"//input[@id=\"application-managecontracts-display-component---AddNewContract--customerSelect-inner\"]"}
COMMAND: GET /session/0ffaedec2ff4d329b9cb85ca897a1301/screenshot - {}
RESULT: {"using":"xpath","value":"//input[@id=\"application-managecontracts-display-component---AddNewContract--customerSelect-inner\"]"}
COMMAND: POST /session/0ffaedec2ff4d329b9cb85ca897a1301/element/f.9119AA68FED8A447B03A71089BFD3ED7.d.BD22541741102C8AA4E5BCFC8F08F025.e.13134/clear - {}
RESULT: {}
RESULT: {}
COMMAND: POST /session/0ffaedec2ff4d329b9cb85ca897a1301/element/f.9119AA68FED8A447B03A71089BFD3ED7.d.BD22541741102C8AA4E5BCFC8F08F025.e.13134/value - {"text":"1179"}
COMMAND: GET /session/0ffaedec2ff4d329b9cb85ca897a1301/screenshot - {}
RESULT: {"text":"1179"}
COMMAND: GET /session/0ffaedec2ff4d329b9cb85ca897a1301/screenshot - {}
RESULT: {}
RESULT: {}
COMMAND: POST /session/0ffaedec2ff4d329b9cb85ca897a1301/element - {"using":"xpath","value":"//li[.//span[text()='1179']]"}
RESULT: {"using":"xpath","value":"//li[.//span[text()='1179']]"}
COMMAND: POST /session/0ffaedec2ff4d329b9cb85ca897a1301/element/f.9119AA68FED8A447B03A71089BFD3ED7.d.BD22541741102C8AA4E5BCFC8F08F025.e.13221/click - {}
RESULT: {}
COMMAND: GET /session/0ffaedec2ff4d329b9cb85ca897a1301/screenshot - {}
RESULT: {}
COMMAND: POST /session/0ffaedec2ff4d329b9cb85ca897a1301/element - {"using":"xpath","value":"//button[@data-kt=\"saveButton\"]"}
RESULT: {"using":"xpath","value":"//button[@data-kt=\"saveButton\"]"}
COMMAND: POST /session/0ffaedec2ff4d329b9cb85ca897a1301/element/f.9119AA68FED8A447B03A71089BFD3ED7.d.BD22541741102C8AA4E5BCFC8F08F025.e.13209/click - {}
RESULT: {}
COMMAND: GET /session/0ffaedec2ff4d329b9cb85ca897a1301/screenshot - {}
RESULT: {}
COMMAND: POST /session/0ffaedec2ff4d329b9cb85ca897a1301/element - {"using":"xpath","value":"//span[contains(@id ,\"contractDetailTitleNoExpanded\")]"}
RESULT: {"using":"xpath","value":"//span[contains(@id ,\"contractDetailTitleNoExpanded\")]"}
COMMAND: POST /session/0ffaedec2ff4d329b9cb85ca897a1301/elements - {"using":"xpath","value":"//span[contains(@id ,\"contractDetailTitleNoExpanded\")]"}
RESULT: {"using":"xpath","value":"//span[contains(@id ,\"contractDetailTitleNoExpanded\")]"}
COMMAND: POST /session/0ffaedec2ff4d329b9cb85ca897a1301/execute/sync - {"script":"<script> [56 bytes]","args":[{"element-6066-11e4-a52e-4f735466cecf":"f.9119AA68FED8A447B03A71089BFD3ED7.d.BD22541741102C8AA4E5BCFC8F08F025.e.13233","ELEMENT":"f.9119AA68FED8A447B03A71089BFD3ED7.d.BD22541741102C8AA4E5BCFC8F08F025.e.13233"}]}
RESULT: {"script":"<script> [56 bytes]","args":[{"element-6066-11e4-a52e-4f735466cecf":"f.9119AA68FED8A447B03A71089BFD3ED7.d.BD22541741102C8AA4E5BCFC8F08F025.e.13233","ELEMENT":"f.9119AA68FED8A447B03A71089BFD3ED7.d.BD22541741102C8AA4E5BCFC8F08F025.e.13233"}]}
COMMAND: GET /session/0ffaedec2ff4d329b9cb85ca897a1301/screenshot - {}
RESULT: {}
]]></system-out>
    </testcase>
    <testcase classname="chrome.136_0_7103_93.windows.Billing_Transfer_-_Intracompany_US127249" name="Should add equipment to the contract" time="47.772">
      <system-out><![CDATA[
COMMAND: POST /session/0ffaedec2ff4d329b9cb85ca897a1301/element - {"using":"xpath","value":"//button[@data-kt=\"contractDetailEditBtnButton\"]"}
RESULT: {"using":"xpath","value":"//button[@data-kt=\"contractDetailEditBtnButton\"]"}
COMMAND: POST /session/0ffaedec2ff4d329b9cb85ca897a1301/element/f.9119AA68FED8A447B03A71089BFD3ED7.d.BD22541741102C8AA4E5BCFC8F08F025.e.13234/click - {}
RESULT: {}
COMMAND: GET /session/0ffaedec2ff4d329b9cb85ca897a1301/screenshot - {}
RESULT: {}
COMMAND: POST /session/0ffaedec2ff4d329b9cb85ca897a1301/element - {"using":"xpath","value":"(//span[contains(text(), \"Additional Addresses\")])[2]"}
RESULT: {"using":"xpath","value":"(//span[contains(text(), \"Additional Addresses\")])[2]"}
COMMAND: POST /session/0ffaedec2ff4d329b9cb85ca897a1301/element/f.9119AA68FED8A447B03A71089BFD3ED7.d.BD22541741102C8AA4E5BCFC8F08F025.e.13290/click - {}
RESULT: {}
COMMAND: GET /session/0ffaedec2ff4d329b9cb85ca897a1301/screenshot - {}
RESULT: {}
COMMAND: POST /session/0ffaedec2ff4d329b9cb85ca897a1301/element - {"using":"xpath","value":"//button[@data-kt=\"btnAddTableRowOverflowToolbarButton\"]"}
RESULT: {"using":"xpath","value":"//button[@data-kt=\"btnAddTableRowOverflowToolbarButton\"]"}
COMMAND: POST /session/0ffaedec2ff4d329b9cb85ca897a1301/element/f.9119AA68FED8A447B03A71089BFD3ED7.d.BD22541741102C8AA4E5BCFC8F08F025.e.13292/click - {}
RESULT: {}
COMMAND: GET /session/0ffaedec2ff4d329b9cb85ca897a1301/screenshot - {}
RESULT: {}
COMMAND: POST /session/0ffaedec2ff4d329b9cb85ca897a1301/element - {"using":"xpath","value":"//div[(text() = 'Standard Entry' or . = 'Standard Entry')]"}
RESULT: {"using":"xpath","value":"//div[(text() = 'Standard Entry' or . = 'Standard Entry')]"}
COMMAND: POST /session/0ffaedec2ff4d329b9cb85ca897a1301/element/f.9119AA68FED8A447B03A71089BFD3ED7.d.BD22541741102C8AA4E5BCFC8F08F025.e.13294/click - {}
RESULT: {}
COMMAND: GET /session/0ffaedec2ff4d329b9cb85ca897a1301/screenshot - {}
RESULT: {}
COMMAND: POST /session/0ffaedec2ff4d329b9cb85ca897a1301/element - {"using":"xpath","value":"//td[7]/div/div/input"}
RESULT: {"using":"xpath","value":"//td[7]/div/div/input"}
COMMAND: POST /session/0ffaedec2ff4d329b9cb85ca897a1301/element/f.9119AA68FED8A447B03A71089BFD3ED7.d.BD22541741102C8AA4E5BCFC8F08F025.e.13303/clear - {}
RESULT: {}
COMMAND: POST /session/0ffaedec2ff4d329b9cb85ca897a1301/element/f.9119AA68FED8A447B03A71089BFD3ED7.d.BD22541741102C8AA4E5BCFC8F08F025.e.13303/value - {"text":"3w3UQ3F0FH"}
COMMAND: GET /session/0ffaedec2ff4d329b9cb85ca897a1301/screenshot - {}
RESULT: {"text":"3w3UQ3F0FH"}
COMMAND: GET /session/0ffaedec2ff4d329b9cb85ca897a1301/screenshot - {}
RESULT: {}
RESULT: {}
COMMAND: POST /session/0ffaedec2ff4d329b9cb85ca897a1301/actions - {"actions":[{"id":"action40","type":"key","parameters":{},"actions":[{"type":"keyDown","value":""},{"type":"pause","duration":10},{"type":"keyUp","value":""}]}]}
RESULT: {"actions":[{"id":"action40","type":"key","parameters":{},"actions":[{"type":"keyDown","value":""},{"type":"pause","duration":10},{"type":"keyUp","value":""}]}]}
COMMAND: GET /session/0ffaedec2ff4d329b9cb85ca897a1301/screenshot - {}
RESULT: {}
COMMAND: POST /session/0ffaedec2ff4d329b9cb85ca897a1301/execute/sync - {"script":"<script> [276 bytes]","args":["No pricing information was found"]}
RESULT: {"script":"<script> [276 bytes]","args":["No pricing information was found"]}
COMMAND: POST /session/0ffaedec2ff4d329b9cb85ca897a1301/element - {"using":"xpath","value":"(//button[@data-kt=\"saveButton\"])[2]"}
COMMAND: GET /session/0ffaedec2ff4d329b9cb85ca897a1301/screenshot - {}
RESULT: {"using":"xpath","value":"(//button[@data-kt=\"saveButton\"])[2]"}
COMMAND: POST /session/0ffaedec2ff4d329b9cb85ca897a1301/element/f.9119AA68FED8A447B03A71089BFD3ED7.d.BD22541741102C8AA4E5BCFC8F08F025.e.13318/click - {}
RESULT: {}
RESULT: {}
COMMAND: GET /session/0ffaedec2ff4d329b9cb85ca897a1301/screenshot - {}
RESULT: {}
COMMAND: POST /session/0ffaedec2ff4d329b9cb85ca897a1301/execute/sync - {"script":"<script> [276 bytes]","args":["Some contract items are having rental validity exceeding header rental validity"]}
RESULT: {"script":"<script> [276 bytes]","args":["Some contract items are having rental validity exceeding header rental validity"]}
COMMAND: GET /session/0ffaedec2ff4d329b9cb85ca897a1301/screenshot - {}
RESULT: {}
COMMAND: POST /session/0ffaedec2ff4d329b9cb85ca897a1301/element - {"using":"xpath","value":"//span[contains(@id ,\"contractItemsSmartTable-header-inner\")]"}
RESULT: {"using":"xpath","value":"//span[contains(@id ,\"contractItemsSmartTable-header-inner\")]"}
COMMAND: POST /session/0ffaedec2ff4d329b9cb85ca897a1301/elements - {"using":"xpath","value":"//span[contains(@id ,\"contractItemsSmartTable-header-inner\")]"}
RESULT: {"using":"xpath","value":"//span[contains(@id ,\"contractItemsSmartTable-header-inner\")]"}
COMMAND: POST /session/0ffaedec2ff4d329b9cb85ca897a1301/execute/sync - {"script":"<script> [56 bytes]","args":[{"element-6066-11e4-a52e-4f735466cecf":"f.9119AA68FED8A447B03A71089BFD3ED7.d.BD22541741102C8AA4E5BCFC8F08F025.e.13325","ELEMENT":"f.9119AA68FED8A447B03A71089BFD3ED7.d.BD22541741102C8AA4E5BCFC8F08F025.e.13325"}]}
RESULT: {"script":"<script> [56 bytes]","args":[{"element-6066-11e4-a52e-4f735466cecf":"f.9119AA68FED8A447B03A71089BFD3ED7.d.BD22541741102C8AA4E5BCFC8F08F025.e.13325","ELEMENT":"f.9119AA68FED8A447B03A71089BFD3ED7.d.BD22541741102C8AA4E5BCFC8F08F025.e.13325"}]}
COMMAND: GET /session/0ffaedec2ff4d329b9cb85ca897a1301/screenshot - {}
]]></system-out>
    </testcase>
    <testcase classname="chrome.136_0_7103_93.windows.Billing_Transfer_-_Intracompany_US127249" name="Should do a provide to site handover" time="55.907">
      <system-out><![CDATA[
COMMAND: POST /session/0ffaedec2ff4d329b9cb85ca897a1301/element - {"using":"xpath","value":"//button[@data-kt=\"provideButton\"]"}
RESULT: {}
RESULT: {"using":"xpath","value":"//button[@data-kt=\"provideButton\"]"}
COMMAND: POST /session/0ffaedec2ff4d329b9cb85ca897a1301/element/f.9119AA68FED8A447B03A71089BFD3ED7.d.BD22541741102C8AA4E5BCFC8F08F025.e.13326/click - {}
RESULT: {}
COMMAND: GET /session/0ffaedec2ff4d329b9cb85ca897a1301/screenshot - {}
RESULT: undefined
COMMAND: POST /session/0ffaedec2ff4d329b9cb85ca897a1301/execute/async - {"script":"<script> [6424 bytes]","args":[{"element-6066-11e4-a52e-4f735466cecf":"f.9119AA68FED8A447B03A71089BFD3ED7.d.BD22541741102C8AA4E5BCFC8F08F025.e.12373"},"setValue",["5/26/25"]]}
RESULT: {}
COMMAND: POST /session/0ffaedec2ff4d329b9cb85ca897a1301/execute/async - {"script":"<script> [1562 bytes]","args":[{"selector":{"id":"application-managehandovers-display-component---AddNewHO--dueDate","interaction":{"idSuffix":"inner"}},"wdio_ui5_key":"applicationmanagehandovers-display-component---AddNewHO--dueDate"}]}
RESULT: {"script":"<script> [1562 bytes]","args":[{"selector":{"id":"application-managehandovers-display-component---AddNewHO--dueDate","interaction":{"idSuffix":"inner"}},"wdio_ui5_key":"applicationmanagehandovers-display-component---AddNewHO--dueDate"}]}
COMMAND: POST /session/0ffaedec2ff4d329b9cb85ca897a1301/execute/async - {"script":"<script> [6424 bytes]","args":[{"element-6066-11e4-a52e-4f735466cecf":"f.9119AA68FED8A447B03A71089BFD3ED7.d.BD22541741102C8AA4E5BCFC8F08F025.e.13402"},"setValue",["5/26/25"]]}
RESULT: {"script":"<script> [6424 bytes]","args":[{"element-6066-11e4-a52e-4f735466cecf":"f.9119AA68FED8A447B03A71089BFD3ED7.d.BD22541741102C8AA4E5BCFC8F08F025.e.13402"},"setValue",["5/26/25"]]}
COMMAND: POST /session/0ffaedec2ff4d329b9cb85ca897a1301/element - {"using":"xpath","value":"//bdi[contains(text(), \"Instructions\")]"}
RESULT: {"using":"xpath","value":"//bdi[contains(text(), \"Instructions\")]"}
COMMAND: POST /session/0ffaedec2ff4d329b9cb85ca897a1301/element/f.9119AA68FED8A447B03A71089BFD3ED7.d.BD22541741102C8AA4E5BCFC8F08F025.e.13636/click - {}
RESULT: {}
COMMAND: GET /session/0ffaedec2ff4d329b9cb85ca897a1301/screenshot - {}
RESULT: {}
COMMAND: POST /session/0ffaedec2ff4d329b9cb85ca897a1301/element - {"using":"xpath","value":"//button[@data-kt=\"AddNewHOProvideAddItemsButton\"]"}
RESULT: {"using":"xpath","value":"//button[@data-kt=\"AddNewHOProvideAddItemsButton\"]"}
COMMAND: POST /session/0ffaedec2ff4d329b9cb85ca897a1301/element/f.9119AA68FED8A447B03A71089BFD3ED7.d.BD22541741102C8AA4E5BCFC8F08F025.e.13640/click - {}
RESULT: {}
COMMAND: GET /session/0ffaedec2ff4d329b9cb85ca897a1301/screenshot - {}
RESULT: {}
RESULT: undefined
COMMAND: POST /session/0ffaedec2ff4d329b9cb85ca897a1301/element - {"using":"xpath","value":"//*[@id=\"application-managehandovers-display-component---AddNewHO--popup-sa\"]"}
RESULT: {"using":"xpath","value":"//*[@id=\"application-managehandovers-display-component---AddNewHO--popup-sa\"]"}
COMMAND: POST /session/0ffaedec2ff4d329b9cb85ca897a1301/element/f.9119AA68FED8A447B03A71089BFD3ED7.d.BD22541741102C8AA4E5BCFC8F08F025.e.13649/click - {}
RESULT: {}
COMMAND: GET /session/0ffaedec2ff4d329b9cb85ca897a1301/screenshot - {}
RESULT: {}
COMMAND: POST /session/0ffaedec2ff4d329b9cb85ca897a1301/element - {"using":"xpath","value":"//*[contains(@id ,\"BDI-content\")][contains(text(), \"Select\")]"}
RESULT: {"using":"xpath","value":"//*[contains(@id ,\"BDI-content\")][contains(text(), \"Select\")]"}
COMMAND: POST /session/0ffaedec2ff4d329b9cb85ca897a1301/element/f.9119AA68FED8A447B03A71089BFD3ED7.d.BD22541741102C8AA4E5BCFC8F08F025.e.13651/click - {}
RESULT: {}
COMMAND: GET /session/0ffaedec2ff4d329b9cb85ca897a1301/screenshot - {}
RESULT: {}
COMMAND: POST /session/0ffaedec2ff4d329b9cb85ca897a1301/execute/async - {"script":"<script> [1562 bytes]","args":[{"selector":{"id":"application-managehandovers-display-component---AddNewHO--confirmCreationButton","interaction":{"idSuffix":"BDI-content"}},"wdio_ui5_key":"applicationmanagehandovers-display-component---AddNewHO--confirmCreationButton"}]}
RESULT: {"script":"<script> [1562 bytes]","args":[{"selector":{"id":"application-managehandovers-display-component---AddNewHO--confirmCreationButton","interaction":{"idSuffix":"BDI-content"}},"wdio_ui5_key":"applicationmanagehandovers-display-component---AddNewHO--confirmCreationButton"}]}
RESULT: undefined
COMMAND: POST /session/0ffaedec2ff4d329b9cb85ca897a1301/element - {"using":"xpath","value":"//*[@id=\"application-managehandovers-display-component---AddNewHO--confirmCreationButton\"]"}
RESULT: {"using":"xpath","value":"//*[@id=\"application-managehandovers-display-component---AddNewHO--confirmCreationButton\"]"}
COMMAND: POST /session/0ffaedec2ff4d329b9cb85ca897a1301/element/f.9119AA68FED8A447B03A71089BFD3ED7.d.BD22541741102C8AA4E5BCFC8F08F025.e.13449/click - {}
RESULT: {}
COMMAND: GET /session/0ffaedec2ff4d329b9cb85ca897a1301/screenshot - {}
RESULT: {}
COMMAND: POST /session/0ffaedec2ff4d329b9cb85ca897a1301/execute/async - {"script":"<script> [1562 bytes]","args":[{"selector":{"id":"issueDatePicker","viewName":"etm.portal.ui.managehandovers.view.DetailExecuteHO","interaction":{"idSuffix":"inner"}},"wdio_ui5_key":"issueDatePickeretmportal.ui.managehandovers.view.DetailExecuteHO"}]}
RESULT: {"script":"<script> [1562 bytes]","args":[{"selector":{"id":"issueDatePicker","viewName":"etm.portal.ui.managehandovers.view.DetailExecuteHO","interaction":{"idSuffix":"inner"}},"wdio_ui5_key":"issueDatePickeretmportal.ui.managehandovers.view.DetailExecuteHO"}]}
RESULT: undefined
COMMAND: POST /session/0ffaedec2ff4d329b9cb85ca897a1301/execute/async - {"script":"<script> [776 bytes]","args":[{"enterText":"5/26/25","selector":{"id":"issueDatePicker","viewName":"etm.portal.ui.managehandovers.view.DetailExecuteHO","interaction":{"idSuffix":"inner"}},"clearTextFirst":true,"interactionType":"ENTER_TEXT"}]}
RESULT: {"script":"<script> [776 bytes]","args":[{"enterText":"5/26/25","selector":{"id":"issueDatePicker","viewName":"etm.portal.ui.managehandovers.view.DetailExecuteHO","interaction":{"idSuffix":"inner"}},"clearTextFirst":true,"interactionType":"ENTER_TEXT"}]}
COMMAND: POST /session/0ffaedec2ff4d329b9cb85ca897a1301/element - {"using":"xpath","value":"//button[@data-kt=\"PickingTableConfirmAllButton\"]"}
RESULT: {"using":"xpath","value":"//button[@data-kt=\"PickingTableConfirmAllButton\"]"}
COMMAND: POST /session/0ffaedec2ff4d329b9cb85ca897a1301/element/f.9119AA68FED8A447B03A71089BFD3ED7.d.BD22541741102C8AA4E5BCFC8F08F025.e.13713/click - {}
RESULT: {}
COMMAND: GET /session/0ffaedec2ff4d329b9cb85ca897a1301/screenshot - {}
RESULT: {}
COMMAND: POST /session/0ffaedec2ff4d329b9cb85ca897a1301/element - {"using":"xpath","value":"//bdi[contains(text(), \"OK\")]"}
RESULT: {"using":"xpath","value":"//bdi[contains(text(), \"OK\")]"}
COMMAND: POST /session/0ffaedec2ff4d329b9cb85ca897a1301/element/f.9119AA68FED8A447B03A71089BFD3ED7.d.BD22541741102C8AA4E5BCFC8F08F025.e.13716/click - {}
RESULT: {}
COMMAND: GET /session/0ffaedec2ff4d329b9cb85ca897a1301/screenshot - {}
RESULT: {}
COMMAND: POST /session/0ffaedec2ff4d329b9cb85ca897a1301/element - {"using":"xpath","value":"//bdi[contains(text(), \"Issue\")]"}
RESULT: {"using":"xpath","value":"//bdi[contains(text(), \"Issue\")]"}
COMMAND: POST /session/0ffaedec2ff4d329b9cb85ca897a1301/element/f.9119AA68FED8A447B03A71089BFD3ED7.d.BD22541741102C8AA4E5BCFC8F08F025.e.13718/click - {}
RESULT: {}
COMMAND: GET /session/0ffaedec2ff4d329b9cb85ca897a1301/screenshot - {}
RESULT: {}
COMMAND: POST /session/0ffaedec2ff4d329b9cb85ca897a1301/element - {"using":"css selector","value":"#shell-header-logo"}
RESULT: {"using":"css selector","value":"#shell-header-logo"}
COMMAND: POST /session/0ffaedec2ff4d329b9cb85ca897a1301/element/f.9119AA68FED8A447B03A71089BFD3ED7.d.BD22541741102C8AA4E5BCFC8F08F025.e.12781/click - {}
RESULT: {}
COMMAND: GET /session/0ffaedec2ff4d329b9cb85ca897a1301/screenshot - {}
RESULT: {}
]]></system-out>
    </testcase>
    <testcase classname="chrome.136_0_7103_93.windows.Billing_Transfer_-_Intracompany_US127249" name="Should go navigate to Manage Billings and trigger contract calculation check result" time="60.147">
      <system-out><![CDATA[
COMMAND: POST /session/0ffaedec2ff4d329b9cb85ca897a1301/execute/async - {"script":"<script> [1562 bytes]","args":[{"selector":{"controlType":"sap.m.GenericTile","properties":{"header":"Manage Billings"}},"wdio_ui5_key":"sapm.GenericTile{\"header\":\"Manage Billings\"}"}]}
RESULT: {"script":"<script> [1562 bytes]","args":[{"selector":{"controlType":"sap.m.GenericTile","properties":{"header":"Manage Billings"}},"wdio_ui5_key":"sapm.GenericTile{\"header\":\"Manage Billings\"}"}]}
RESULT: undefined
COMMAND: POST /session/0ffaedec2ff4d329b9cb85ca897a1301/element - {"using":"xpath","value":"//*[@id=\"__tile51\"]"}
RESULT: {"using":"xpath","value":"//*[@id=\"__tile51\"]"}
COMMAND: POST /session/0ffaedec2ff4d329b9cb85ca897a1301/element/f.9119AA68FED8A447B03A71089BFD3ED7.d.BD22541741102C8AA4E5BCFC8F08F025.e.8286/click - {}
RESULT: {}
COMMAND: GET /session/0ffaedec2ff4d329b9cb85ca897a1301/screenshot - {}
RESULT: {}
COMMAND: POST /session/0ffaedec2ff4d329b9cb85ca897a1301/elements - {"using":"xpath","value":"//span[text()='Error']"}
RESULT: {"using":"xpath","value":"//span[text()='Error']"}
COMMAND: POST /session/0ffaedec2ff4d329b9cb85ca897a1301/execute/async - {"script":"<script> [1562 bytes]","args":[{"selector":{"id":"application-managebillings-display-component---billRunCalcResult--smartFilterBar-btnBasicSearch","interaction":{"idSuffix":"I"}},"wdio_ui5_key":"applicationmanagebillings-display-component---billRunCalcResult--smartFilterBar-btnBasicSearch"}]}
RESULT: {"script":"<script> [1562 bytes]","args":[{"selector":{"id":"application-managebillings-display-component---billRunCalcResult--smartFilterBar-btnBasicSearch","interaction":{"idSuffix":"I"}},"wdio_ui5_key":"applicationmanagebillings-display-component---billRunCalcResult--smartFilterBar-btnBasicSearch"}]}
RESULT: undefined
COMMAND: POST /session/0ffaedec2ff4d329b9cb85ca897a1301/execute/async - {"script":"<script> [776 bytes]","args":[{"enterText":"10281","selector":{"id":"application-managebillings-display-component---billRunCalcResult--smartFilterBar-btnBasicSearch","interaction":{"idSuffix":"I"}},"clearTextFirst":true,"interactionType":"ENTER_TEXT"}]}
RESULT: {"script":"<script> [776 bytes]","args":[{"enterText":"10281","selector":{"id":"application-managebillings-display-component---billRunCalcResult--smartFilterBar-btnBasicSearch","interaction":{"idSuffix":"I"}},"clearTextFirst":true,"interactionType":"ENTER_TEXT"}]}
COMMAND: POST /session/0ffaedec2ff4d329b9cb85ca897a1301/actions - {"actions":[{"id":"action41","type":"key","parameters":{},"actions":[{"type":"keyDown","value":""},{"type":"pause","duration":10},{"type":"keyUp","value":""}]}]}
RESULT: {"actions":[{"id":"action41","type":"key","parameters":{},"actions":[{"type":"keyDown","value":""},{"type":"pause","duration":10},{"type":"keyUp","value":""}]}]}
COMMAND: GET /session/0ffaedec2ff4d329b9cb85ca897a1301/screenshot - {}
RESULT: {}
COMMAND: POST /session/0ffaedec2ff4d329b9cb85ca897a1301/element - {"using":"xpath","value":"//td[@aria-colindex=\"1\"]/div/div[contains(@class, \"sapMCbBg\")]"}
RESULT: {"using":"xpath","value":"//td[@aria-colindex=\"1\"]/div/div[contains(@class, \"sapMCbBg\")]"}
COMMAND: POST /session/0ffaedec2ff4d329b9cb85ca897a1301/element/f.9119AA68FED8A447B03A71089BFD3ED7.d.BD22541741102C8AA4E5BCFC8F08F025.e.14115/click - {}
RESULT: {}
COMMAND: GET /session/0ffaedec2ff4d329b9cb85ca897a1301/screenshot - {}
RESULT: {}
COMMAND: POST /session/0ffaedec2ff4d329b9cb85ca897a1301/execute/async - {"script":"<script> [1562 bytes]","args":[{"selector":{"id":"application-managebillings-display-component---billRunCalcResult--contractBillRunDate","interaction":{"idSuffix":"inner"}},"wdio_ui5_key":"applicationmanagebillings-display-component---billRunCalcResult--contractBillRunDate"}]}
RESULT: {"script":"<script> [1562 bytes]","args":[{"selector":{"id":"application-managebillings-display-component---billRunCalcResult--contractBillRunDate","interaction":{"idSuffix":"inner"}},"wdio_ui5_key":"applicationmanagebillings-display-component---billRunCalcResult--contractBillRunDate"}]}
RESULT: undefined
COMMAND: POST /session/0ffaedec2ff4d329b9cb85ca897a1301/execute/async - {"script":"<script> [776 bytes]","args":[{"enterText":"5/26/25","selector":{"id":"application-managebillings-display-component---billRunCalcResult--contractBillRunDate","interaction":{"idSuffix":"inner"}},"clearTextFirst":true,"interactionType":"ENTER_TEXT"}]}
RESULT: {"script":"<script> [776 bytes]","args":[{"enterText":"5/26/25","selector":{"id":"application-managebillings-display-component---billRunCalcResult--contractBillRunDate","interaction":{"idSuffix":"inner"}},"clearTextFirst":true,"interactionType":"ENTER_TEXT"}]}
COMMAND: POST /session/0ffaedec2ff4d329b9cb85ca897a1301/element - {"using":"xpath","value":"//bdi[contains(text(), \"Trigger Calculation\")]"}
RESULT: {"using":"xpath","value":"//bdi[contains(text(), \"Trigger Calculation\")]"}
COMMAND: POST /session/0ffaedec2ff4d329b9cb85ca897a1301/element/f.9119AA68FED8A447B03A71089BFD3ED7.d.BD22541741102C8AA4E5BCFC8F08F025.e.14166/click - {}
RESULT: {}
COMMAND: GET /session/0ffaedec2ff4d329b9cb85ca897a1301/screenshot - {}
RESULT: {}
COMMAND: POST /session/0ffaedec2ff4d329b9cb85ca897a1301/element - {"using":"xpath","value":"(//span[contains(@id, \"imgNav\")])[1]"}
RESULT: {"using":"xpath","value":"(//span[contains(@id, \"imgNav\")])[1]"}
COMMAND: POST /session/0ffaedec2ff4d329b9cb85ca897a1301/element/f.9119AA68FED8A447B03A71089BFD3ED7.d.BD22541741102C8AA4E5BCFC8F08F025.e.14116/click - {}
RESULT: {}
COMMAND: GET /session/0ffaedec2ff4d329b9cb85ca897a1301/screenshot - {}
RESULT: {}
COMMAND: POST /session/0ffaedec2ff4d329b9cb85ca897a1301/element - {"using":"xpath","value":"//tr/td[6]/div[1]/span[1]/span[1]"}
RESULT: {"using":"xpath","value":"//tr/td[6]/div[1]/span[1]/span[1]"}
COMMAND: GET /session/0ffaedec2ff4d329b9cb85ca897a1301/element/f.9119AA68FED8A447B03A71089BFD3ED7.d.BD22541741102C8AA4E5BCFC8F08F025.e.14171/text - {}
RESULT: {}
COMMAND: POST /session/0ffaedec2ff4d329b9cb85ca897a1301/element - {"using":"xpath","value":"(//span[contains(@id, \"imgNav\")])[2]"}
RESULT: {"using":"xpath","value":"(//span[contains(@id, \"imgNav\")])[2]"}
COMMAND: POST /session/0ffaedec2ff4d329b9cb85ca897a1301/element/f.9119AA68FED8A447B03A71089BFD3ED7.d.BD22541741102C8AA4E5BCFC8F08F025.e.14172/click - {}
RESULT: {}
COMMAND: POST /session/0ffaedec2ff4d329b9cb85ca897a1301/element - {"using":"xpath","value":"//bdi[contains(text(), \"Business Confirm\")]"}
COMMAND: GET /session/0ffaedec2ff4d329b9cb85ca897a1301/screenshot - {}
RESULT: {"using":"xpath","value":"//bdi[contains(text(), \"Business Confirm\")]"}
COMMAND: POST /session/0ffaedec2ff4d329b9cb85ca897a1301/elements - {"using":"xpath","value":"//bdi[contains(text(), \"Business Confirm\")]"}
RESULT: {}
RESULT: {"using":"xpath","value":"//bdi[contains(text(), \"Business Confirm\")]"}
COMMAND: POST /session/0ffaedec2ff4d329b9cb85ca897a1301/element - {"using":"xpath","value":"//bdi[contains(text(), \"Business Confirm\")]"}
RESULT: {"using":"xpath","value":"//bdi[contains(text(), \"Business Confirm\")]"}
COMMAND: POST /session/0ffaedec2ff4d329b9cb85ca897a1301/element/f.9119AA68FED8A447B03A71089BFD3ED7.d.BD22541741102C8AA4E5BCFC8F08F025.e.14224/click - {}
RESULT: {}
COMMAND: POST /session/0ffaedec2ff4d329b9cb85ca897a1301/element - {"using":"css selector","value":"#shell-header-logo"}
COMMAND: GET /session/0ffaedec2ff4d329b9cb85ca897a1301/screenshot - {}
RESULT: {"using":"css selector","value":"#shell-header-logo"}
COMMAND: POST /session/0ffaedec2ff4d329b9cb85ca897a1301/element/f.9119AA68FED8A447B03A71089BFD3ED7.d.BD22541741102C8AA4E5BCFC8F08F025.e.13905/click - {}
RESULT: {}
RESULT: {}
COMMAND: GET /session/0ffaedec2ff4d329b9cb85ca897a1301/screenshot - {}
RESULT: {}
]]></system-out>
    </testcase>
    <testcase classname="chrome.136_0_7103_93.windows.Billing_Transfer_-_Intracompany_US127249" name="Should navigate to billing transfer and invoice the contract" time="80.435">
      <system-out><![CDATA[
COMMAND: POST /session/0ffaedec2ff4d329b9cb85ca897a1301/execute/async - {"script":"<script> [1562 bytes]","args":[{"selector":{"controlType":"sap.m.GenericTile","properties":{"header":"Billing Transfer"}},"wdio_ui5_key":"sapm.GenericTile{\"header\":\"Billing Transfer\"}"}]}
RESULT: {"script":"<script> [1562 bytes]","args":[{"selector":{"controlType":"sap.m.GenericTile","properties":{"header":"Billing Transfer"}},"wdio_ui5_key":"sapm.GenericTile{\"header\":\"Billing Transfer\"}"}]}
RESULT: undefined
COMMAND: POST /session/0ffaedec2ff4d329b9cb85ca897a1301/element - {"using":"xpath","value":"//*[@id=\"__tile50\"]"}
RESULT: {"using":"xpath","value":"//*[@id=\"__tile50\"]"}
COMMAND: POST /session/0ffaedec2ff4d329b9cb85ca897a1301/element/f.9119AA68FED8A447B03A71089BFD3ED7.d.BD22541741102C8AA4E5BCFC8F08F025.e.8284/click - {}
RESULT: {}
COMMAND: GET /session/0ffaedec2ff4d329b9cb85ca897a1301/screenshot - {}
RESULT: {}
COMMAND: POST /session/0ffaedec2ff4d329b9cb85ca897a1301/elements - {"using":"xpath","value":"//span[text()='Error']"}
RESULT: {"using":"xpath","value":"//span[text()='Error']"}
COMMAND: POST /session/0ffaedec2ff4d329b9cb85ca897a1301/element - {"using":"xpath","value":"//input[contains(@id ,\"application-billingtransfer-display-component---billingWorkbench--smartFilterBar-btnBasicSearch\")]"}
RESULT: {"using":"xpath","value":"//input[contains(@id ,\"application-billingtransfer-display-component---billingWorkbench--smartFilterBar-btnBasicSearch\")]"}
COMMAND: POST /session/0ffaedec2ff4d329b9cb85ca897a1301/elements - {"using":"xpath","value":"//input[contains(@id ,\"application-billingtransfer-display-component---billingWorkbench--smartFilterBar-btnBasicSearch\")]"}
RESULT: {"using":"xpath","value":"//input[contains(@id ,\"application-billingtransfer-display-component---billingWorkbench--smartFilterBar-btnBasicSearch\")]"}
COMMAND: POST /session/0ffaedec2ff4d329b9cb85ca897a1301/execute/sync - {"script":"<script> [8489 bytes]","args":[{"element-6066-11e4-a52e-4f735466cecf":"f.9119AA68FED8A447B03A71089BFD3ED7.d.BD22541741102C8AA4E5BCFC8F08F025.e.14250","ELEMENT":"f.9119AA68FED8A447B03A71089BFD3ED7.d.BD22541741102C8AA4E5BCFC8F08F025.e.14250"}]}
RESULT: {"script":"<script> [8489 bytes]","args":[{"element-6066-11e4-a52e-4f735466cecf":"f.9119AA68FED8A447B03A71089BFD3ED7.d.BD22541741102C8AA4E5BCFC8F08F025.e.14250","ELEMENT":"f.9119AA68FED8A447B03A71089BFD3ED7.d.BD22541741102C8AA4E5BCFC8F08F025.e.14250"}]}
COMMAND: GET /session/0ffaedec2ff4d329b9cb85ca897a1301/element/f.9119AA68FED8A447B03A71089BFD3ED7.d.BD22541741102C8AA4E5BCFC8F08F025.e.14250/enabled - {}
COMMAND: GET /session/0ffaedec2ff4d329b9cb85ca897a1301/screenshot - {}
RESULT: {}
COMMAND: POST /session/0ffaedec2ff4d329b9cb85ca897a1301/element/f.9119AA68FED8A447B03A71089BFD3ED7.d.BD22541741102C8AA4E5BCFC8F08F025.e.14250/click - {}
COMMAND: GET /session/0ffaedec2ff4d329b9cb85ca897a1301/screenshot - {}
RESULT: {}
RESULT: {}
COMMAND: GET /session/0ffaedec2ff4d329b9cb85ca897a1301/screenshot - {}
RESULT: {}
RESULT: {}
COMMAND: POST /session/0ffaedec2ff4d329b9cb85ca897a1301/element/f.9119AA68FED8A447B03A71089BFD3ED7.d.BD22541741102C8AA4E5BCFC8F08F025.e.14250/clear - {}
RESULT: {}
COMMAND: POST /session/0ffaedec2ff4d329b9cb85ca897a1301/element/f.9119AA68FED8A447B03A71089BFD3ED7.d.BD22541741102C8AA4E5BCFC8F08F025.e.14250/value - {"text":"10281"}
COMMAND: GET /session/0ffaedec2ff4d329b9cb85ca897a1301/screenshot - {}
RESULT: {"text":"10281"}
COMMAND: POST /session/0ffaedec2ff4d329b9cb85ca897a1301/actions - {"actions":[{"id":"action42","type":"key","parameters":{},"actions":[{"type":"keyDown","value":""},{"type":"pause","duration":10},{"type":"keyUp","value":""}]}]}
COMMAND: GET /session/0ffaedec2ff4d329b9cb85ca897a1301/screenshot - {}
RESULT: {}
RESULT: {"actions":[{"id":"action42","type":"key","parameters":{},"actions":[{"type":"keyDown","value":""},{"type":"pause","duration":10},{"type":"keyUp","value":""}]}]}
COMMAND: GET /session/0ffaedec2ff4d329b9cb85ca897a1301/screenshot - {}
RESULT: {}
RESULT: {}
COMMAND: POST /session/0ffaedec2ff4d329b9cb85ca897a1301/element - {"using":"xpath","value":"//span[contains(@id ,\"application-billingtransfer-display-component---billingWorkbench--smartTableBillingRuns-header-inner\")]"}
RESULT: {"using":"xpath","value":"//span[contains(@id ,\"application-billingtransfer-display-component---billingWorkbench--smartTableBillingRuns-header-inner\")]"}
COMMAND: POST /session/0ffaedec2ff4d329b9cb85ca897a1301/elements - {"using":"xpath","value":"//span[contains(@id ,\"application-billingtransfer-display-component---billingWorkbench--smartTableBillingRuns-header-inner\")]"}
RESULT: {"using":"xpath","value":"//span[contains(@id ,\"application-billingtransfer-display-component---billingWorkbench--smartTableBillingRuns-header-inner\")]"}
COMMAND: POST /session/0ffaedec2ff4d329b9cb85ca897a1301/execute/sync - {"script":"<script> [56 bytes]","args":[{"element-6066-11e4-a52e-4f735466cecf":"f.9119AA68FED8A447B03A71089BFD3ED7.d.BD22541741102C8AA4E5BCFC8F08F025.e.14437","ELEMENT":"f.9119AA68FED8A447B03A71089BFD3ED7.d.BD22541741102C8AA4E5BCFC8F08F025.e.14437"}]}
RESULT: {"script":"<script> [56 bytes]","args":[{"element-6066-11e4-a52e-4f735466cecf":"f.9119AA68FED8A447B03A71089BFD3ED7.d.BD22541741102C8AA4E5BCFC8F08F025.e.14437","ELEMENT":"f.9119AA68FED8A447B03A71089BFD3ED7.d.BD22541741102C8AA4E5BCFC8F08F025.e.14437"}]}
COMMAND: POST /session/0ffaedec2ff4d329b9cb85ca897a1301/element - {"using":"xpath","value":"//td[@aria-colindex=\"1\"]/div/div[contains(@class, \"sapMCbBg\")]"}
COMMAND: GET /session/0ffaedec2ff4d329b9cb85ca897a1301/screenshot - {}
RESULT: {"using":"xpath","value":"//td[@aria-colindex=\"1\"]/div/div[contains(@class, \"sapMCbBg\")]"}
COMMAND: POST /session/0ffaedec2ff4d329b9cb85ca897a1301/element/f.9119AA68FED8A447B03A71089BFD3ED7.d.BD22541741102C8AA4E5BCFC8F08F025.e.14416/click - {}
RESULT: {}
RESULT: {}
COMMAND: GET /session/0ffaedec2ff4d329b9cb85ca897a1301/screenshot - {}
RESULT: {}
COMMAND: POST /session/0ffaedec2ff4d329b9cb85ca897a1301/element - {"using":"xpath","value":"//bdi[contains(text(), \"Check\")]"}
RESULT: {"using":"xpath","value":"//bdi[contains(text(), \"Check\")]"}
COMMAND: POST /session/0ffaedec2ff4d329b9cb85ca897a1301/element/f.9119AA68FED8A447B03A71089BFD3ED7.d.BD22541741102C8AA4E5BCFC8F08F025.e.14438/click - {}
RESULT: {}
COMMAND: GET /session/0ffaedec2ff4d329b9cb85ca897a1301/screenshot - {}
RESULT: {}
COMMAND: POST /session/0ffaedec2ff4d329b9cb85ca897a1301/element - {"using":"xpath","value":"//bdi[contains(text(), \"OK\")]"}
RESULT: {"using":"xpath","value":"//bdi[contains(text(), \"OK\")]"}
COMMAND: POST /session/0ffaedec2ff4d329b9cb85ca897a1301/element/f.9119AA68FED8A447B03A71089BFD3ED7.d.BD22541741102C8AA4E5BCFC8F08F025.e.14441/click - {}
RESULT: {}
COMMAND: GET /session/0ffaedec2ff4d329b9cb85ca897a1301/screenshot - {}
RESULT: {}
COMMAND: POST /session/0ffaedec2ff4d329b9cb85ca897a1301/element - {"using":"xpath","value":"(//span[contains(text(), \"CO/SD checked\")]/parent::div/preceding-sibling::div/span)[1]"}
RESULT: {"using":"xpath","value":"(//span[contains(text(), \"CO/SD checked\")]/parent::div/preceding-sibling::div/span)[1]"}
COMMAND: POST /session/0ffaedec2ff4d329b9cb85ca897a1301/element/f.9119AA68FED8A447B03A71089BFD3ED7.d.BD22541741102C8AA4E5BCFC8F08F025.e.14450/click - {}
RESULT: {}
COMMAND: GET /session/0ffaedec2ff4d329b9cb85ca897a1301/screenshot - {}
RESULT: {}
COMMAND: POST /session/0ffaedec2ff4d329b9cb85ca897a1301/element - {"using":"xpath","value":"//input[contains(@id ,\"application-billingtransfer-display-component---billingWorkbench--smartFilterBar-btnBasicSearch\")]"}
RESULT: {"using":"xpath","value":"//input[contains(@id ,\"application-billingtransfer-display-component---billingWorkbench--smartFilterBar-btnBasicSearch\")]"}
COMMAND: POST /session/0ffaedec2ff4d329b9cb85ca897a1301/elements - {"using":"xpath","value":"//input[contains(@id ,\"application-billingtransfer-display-component---billingWorkbench--smartFilterBar-btnBasicSearch\")]"}
RESULT: {"using":"xpath","value":"//input[contains(@id ,\"application-billingtransfer-display-component---billingWorkbench--smartFilterBar-btnBasicSearch\")]"}
COMMAND: POST /session/0ffaedec2ff4d329b9cb85ca897a1301/execute/sync - {"script":"<script> [8489 bytes]","args":[{"element-6066-11e4-a52e-4f735466cecf":"f.9119AA68FED8A447B03A71089BFD3ED7.d.BD22541741102C8AA4E5BCFC8F08F025.e.14250","ELEMENT":"f.9119AA68FED8A447B03A71089BFD3ED7.d.BD22541741102C8AA4E5BCFC8F08F025.e.14250"}]}
RESULT: {"script":"<script> [8489 bytes]","args":[{"element-6066-11e4-a52e-4f735466cecf":"f.9119AA68FED8A447B03A71089BFD3ED7.d.BD22541741102C8AA4E5BCFC8F08F025.e.14250","ELEMENT":"f.9119AA68FED8A447B03A71089BFD3ED7.d.BD22541741102C8AA4E5BCFC8F08F025.e.14250"}]}
COMMAND: GET /session/0ffaedec2ff4d329b9cb85ca897a1301/element/f.9119AA68FED8A447B03A71089BFD3ED7.d.BD22541741102C8AA4E5BCFC8F08F025.e.14250/enabled - {}
COMMAND: GET /session/0ffaedec2ff4d329b9cb85ca897a1301/screenshot - {}
RESULT: {}
COMMAND: POST /session/0ffaedec2ff4d329b9cb85ca897a1301/element/f.9119AA68FED8A447B03A71089BFD3ED7.d.BD22541741102C8AA4E5BCFC8F08F025.e.14250/click - {}
COMMAND: GET /session/0ffaedec2ff4d329b9cb85ca897a1301/screenshot - {}
RESULT: {}
RESULT: {}
COMMAND: GET /session/0ffaedec2ff4d329b9cb85ca897a1301/screenshot - {}
RESULT: {}
RESULT: {}
COMMAND: POST /session/0ffaedec2ff4d329b9cb85ca897a1301/element/f.9119AA68FED8A447B03A71089BFD3ED7.d.BD22541741102C8AA4E5BCFC8F08F025.e.14250/clear - {}
RESULT: {}
COMMAND: POST /session/0ffaedec2ff4d329b9cb85ca897a1301/element/f.9119AA68FED8A447B03A71089BFD3ED7.d.BD22541741102C8AA4E5BCFC8F08F025.e.14250/value - {"text":"10281"}
COMMAND: GET /session/0ffaedec2ff4d329b9cb85ca897a1301/screenshot - {}
RESULT: {"text":"10281"}
COMMAND: POST /session/0ffaedec2ff4d329b9cb85ca897a1301/actions - {"actions":[{"id":"action43","type":"key","parameters":{},"actions":[{"type":"keyDown","value":""},{"type":"pause","duration":10},{"type":"keyUp","value":""}]}]}
COMMAND: GET /session/0ffaedec2ff4d329b9cb85ca897a1301/screenshot - {}
RESULT: {}
RESULT: {"actions":[{"id":"action43","type":"key","parameters":{},"actions":[{"type":"keyDown","value":""},{"type":"pause","duration":10},{"type":"keyUp","value":""}]}]}
COMMAND: GET /session/0ffaedec2ff4d329b9cb85ca897a1301/screenshot - {}
RESULT: {}
RESULT: {}
COMMAND: POST /session/0ffaedec2ff4d329b9cb85ca897a1301/element - {"using":"xpath","value":"//span[contains(@id ,\"application-billingtransfer-display-component---billingWorkbench--smartTableBillingRuns-header-inner\")]"}
RESULT: {"using":"xpath","value":"//span[contains(@id ,\"application-billingtransfer-display-component---billingWorkbench--smartTableBillingRuns-header-inner\")]"}
COMMAND: POST /session/0ffaedec2ff4d329b9cb85ca897a1301/elements - {"using":"xpath","value":"//span[contains(@id ,\"application-billingtransfer-display-component---billingWorkbench--smartTableBillingRuns-header-inner\")]"}
RESULT: {"using":"xpath","value":"//span[contains(@id ,\"application-billingtransfer-display-component---billingWorkbench--smartTableBillingRuns-header-inner\")]"}
COMMAND: POST /session/0ffaedec2ff4d329b9cb85ca897a1301/execute/sync - {"script":"<script> [56 bytes]","args":[{"element-6066-11e4-a52e-4f735466cecf":"f.9119AA68FED8A447B03A71089BFD3ED7.d.BD22541741102C8AA4E5BCFC8F08F025.e.14437","ELEMENT":"f.9119AA68FED8A447B03A71089BFD3ED7.d.BD22541741102C8AA4E5BCFC8F08F025.e.14437"}]}
RESULT: {"script":"<script> [56 bytes]","args":[{"element-6066-11e4-a52e-4f735466cecf":"f.9119AA68FED8A447B03A71089BFD3ED7.d.BD22541741102C8AA4E5BCFC8F08F025.e.14437","ELEMENT":"f.9119AA68FED8A447B03A71089BFD3ED7.d.BD22541741102C8AA4E5BCFC8F08F025.e.14437"}]}
COMMAND: POST /session/0ffaedec2ff4d329b9cb85ca897a1301/element - {"using":"xpath","value":"//td[@aria-colindex=\"1\"]/div/div[contains(@class, \"sapMCbBg\")]"}
COMMAND: GET /session/0ffaedec2ff4d329b9cb85ca897a1301/screenshot - {}
RESULT: {"using":"xpath","value":"//td[@aria-colindex=\"1\"]/div/div[contains(@class, \"sapMCbBg\")]"}
COMMAND: POST /session/0ffaedec2ff4d329b9cb85ca897a1301/element/f.9119AA68FED8A447B03A71089BFD3ED7.d.BD22541741102C8AA4E5BCFC8F08F025.e.14454/click - {}
RESULT: {}
RESULT: {}
COMMAND: GET /session/0ffaedec2ff4d329b9cb85ca897a1301/screenshot - {}
RESULT: {}
COMMAND: POST /session/0ffaedec2ff4d329b9cb85ca897a1301/element - {"using":"xpath","value":"//bdi[text()=\"Transfer\"]"}
RESULT: {"using":"xpath","value":"//bdi[text()=\"Transfer\"]"}
COMMAND: POST /session/0ffaedec2ff4d329b9cb85ca897a1301/element/f.9119AA68FED8A447B03A71089BFD3ED7.d.BD22541741102C8AA4E5BCFC8F08F025.e.14455/click - {}
RESULT: {}
COMMAND: GET /session/0ffaedec2ff4d329b9cb85ca897a1301/screenshot - {}
RESULT: {}
COMMAND: POST /session/0ffaedec2ff4d329b9cb85ca897a1301/element - {"using":"xpath","value":"//bdi[contains(text(), \"OK\")]"}
RESULT: {"using":"xpath","value":"//bdi[contains(text(), \"OK\")]"}
COMMAND: POST /session/0ffaedec2ff4d329b9cb85ca897a1301/element/f.9119AA68FED8A447B03A71089BFD3ED7.d.BD22541741102C8AA4E5BCFC8F08F025.e.14458/click - {}
RESULT: {}
COMMAND: GET /session/0ffaedec2ff4d329b9cb85ca897a1301/screenshot - {}
RESULT: {}
COMMAND: POST /session/0ffaedec2ff4d329b9cb85ca897a1301/element - {"using":"xpath","value":"(//span[contains(text(), \"Completed\")]/parent::div/preceding-sibling::div/span)[1]"}
RESULT: {"using":"xpath","value":"(//span[contains(text(), \"Completed\")]/parent::div/preceding-sibling::div/span)[1]"}
COMMAND: POST /session/0ffaedec2ff4d329b9cb85ca897a1301/element/f.9119AA68FED8A447B03A71089BFD3ED7.d.BD22541741102C8AA4E5BCFC8F08F025.e.14467/click - {}
RESULT: {}
COMMAND: POST /session/0ffaedec2ff4d329b9cb85ca897a1301/element - {"using":"xpath","value":"//input[contains(@id ,\"application-billingtransfer-display-component---billingWorkbench--smartFilterBar-btnBasicSearch\")]"}
COMMAND: GET /session/0ffaedec2ff4d329b9cb85ca897a1301/screenshot - {}
RESULT: {"using":"xpath","value":"//input[contains(@id ,\"application-billingtransfer-display-component---billingWorkbench--smartFilterBar-btnBasicSearch\")]"}
COMMAND: POST /session/0ffaedec2ff4d329b9cb85ca897a1301/elements - {"using":"xpath","value":"//input[contains(@id ,\"application-billingtransfer-display-component---billingWorkbench--smartFilterBar-btnBasicSearch\")]"}
RESULT: {}
RESULT: {"using":"xpath","value":"//input[contains(@id ,\"application-billingtransfer-display-component---billingWorkbench--smartFilterBar-btnBasicSearch\")]"}
COMMAND: POST /session/0ffaedec2ff4d329b9cb85ca897a1301/execute/sync - {"script":"<script> [8489 bytes]","args":[{"element-6066-11e4-a52e-4f735466cecf":"f.9119AA68FED8A447B03A71089BFD3ED7.d.BD22541741102C8AA4E5BCFC8F08F025.e.14250","ELEMENT":"f.9119AA68FED8A447B03A71089BFD3ED7.d.BD22541741102C8AA4E5BCFC8F08F025.e.14250"}]}
RESULT: {"script":"<script> [8489 bytes]","args":[{"element-6066-11e4-a52e-4f735466cecf":"f.9119AA68FED8A447B03A71089BFD3ED7.d.BD22541741102C8AA4E5BCFC8F08F025.e.14250","ELEMENT":"f.9119AA68FED8A447B03A71089BFD3ED7.d.BD22541741102C8AA4E5BCFC8F08F025.e.14250"}]}
COMMAND: GET /session/0ffaedec2ff4d329b9cb85ca897a1301/element/f.9119AA68FED8A447B03A71089BFD3ED7.d.BD22541741102C8AA4E5BCFC8F08F025.e.14250/enabled - {}
COMMAND: GET /session/0ffaedec2ff4d329b9cb85ca897a1301/screenshot - {}
RESULT: {}
COMMAND: POST /session/0ffaedec2ff4d329b9cb85ca897a1301/element/f.9119AA68FED8A447B03A71089BFD3ED7.d.BD22541741102C8AA4E5BCFC8F08F025.e.14250/click - {}
COMMAND: GET /session/0ffaedec2ff4d329b9cb85ca897a1301/screenshot - {}
RESULT: {}
RESULT: {}
COMMAND: GET /session/0ffaedec2ff4d329b9cb85ca897a1301/screenshot - {}
RESULT: {}
RESULT: {}
COMMAND: POST /session/0ffaedec2ff4d329b9cb85ca897a1301/element/f.9119AA68FED8A447B03A71089BFD3ED7.d.BD22541741102C8AA4E5BCFC8F08F025.e.14250/clear - {}
RESULT: {}
COMMAND: POST /session/0ffaedec2ff4d329b9cb85ca897a1301/element/f.9119AA68FED8A447B03A71089BFD3ED7.d.BD22541741102C8AA4E5BCFC8F08F025.e.14250/value - {"text":"10281"}
COMMAND: GET /session/0ffaedec2ff4d329b9cb85ca897a1301/screenshot - {}
RESULT: {"text":"10281"}
COMMAND: POST /session/0ffaedec2ff4d329b9cb85ca897a1301/actions - {"actions":[{"id":"action44","type":"key","parameters":{},"actions":[{"type":"keyDown","value":""},{"type":"pause","duration":10},{"type":"keyUp","value":""}]}]}
COMMAND: GET /session/0ffaedec2ff4d329b9cb85ca897a1301/screenshot - {}
RESULT: {}
RESULT: {"actions":[{"id":"action44","type":"key","parameters":{},"actions":[{"type":"keyDown","value":""},{"type":"pause","duration":10},{"type":"keyUp","value":""}]}]}
COMMAND: GET /session/0ffaedec2ff4d329b9cb85ca897a1301/screenshot - {}
RESULT: {}
RESULT: {}
COMMAND: POST /session/0ffaedec2ff4d329b9cb85ca897a1301/element - {"using":"xpath","value":"//span[contains(@id ,\"application-billingtransfer-display-component---billingWorkbench--smartTableBillingRuns-header-inner\")]"}
RESULT: {"using":"xpath","value":"//span[contains(@id ,\"application-billingtransfer-display-component---billingWorkbench--smartTableBillingRuns-header-inner\")]"}
COMMAND: POST /session/0ffaedec2ff4d329b9cb85ca897a1301/elements - {"using":"xpath","value":"//span[contains(@id ,\"application-billingtransfer-display-component---billingWorkbench--smartTableBillingRuns-header-inner\")]"}
RESULT: {"using":"xpath","value":"//span[contains(@id ,\"application-billingtransfer-display-component---billingWorkbench--smartTableBillingRuns-header-inner\")]"}
COMMAND: POST /session/0ffaedec2ff4d329b9cb85ca897a1301/execute/sync - {"script":"<script> [56 bytes]","args":[{"element-6066-11e4-a52e-4f735466cecf":"f.9119AA68FED8A447B03A71089BFD3ED7.d.BD22541741102C8AA4E5BCFC8F08F025.e.14437","ELEMENT":"f.9119AA68FED8A447B03A71089BFD3ED7.d.BD22541741102C8AA4E5BCFC8F08F025.e.14437"}]}
RESULT: {"script":"<script> [56 bytes]","args":[{"element-6066-11e4-a52e-4f735466cecf":"f.9119AA68FED8A447B03A71089BFD3ED7.d.BD22541741102C8AA4E5BCFC8F08F025.e.14437","ELEMENT":"f.9119AA68FED8A447B03A71089BFD3ED7.d.BD22541741102C8AA4E5BCFC8F08F025.e.14437"}]}
COMMAND: GET /session/0ffaedec2ff4d329b9cb85ca897a1301/screenshot - {}
RESULT: {}
COMMAND: POST /session/0ffaedec2ff4d329b9cb85ca897a1301/execute/sync - {"script":"<script> [56 bytes]","args":[{"element-6066-11e4-a52e-4f735466cecf":"f.9119AA68FED8A447B03A71089BFD3ED7.d.BD22541741102C8AA4E5BCFC8F08F025.e.14437","ELEMENT":"f.9119AA68FED8A447B03A71089BFD3ED7.d.BD22541741102C8AA4E5BCFC8F08F025.e.14437"}]}
RESULT: {"script":"<script> [56 bytes]","args":[{"element-6066-11e4-a52e-4f735466cecf":"f.9119AA68FED8A447B03A71089BFD3ED7.d.BD22541741102C8AA4E5BCFC8F08F025.e.14437","ELEMENT":"f.9119AA68FED8A447B03A71089BFD3ED7.d.BD22541741102C8AA4E5BCFC8F08F025.e.14437"}]}
COMMAND: GET /session/0ffaedec2ff4d329b9cb85ca897a1301/screenshot - {}
RESULT: {}
COMMAND: POST /session/0ffaedec2ff4d329b9cb85ca897a1301/execute/sync - {"script":"<script> [56 bytes]","args":[{"element-6066-11e4-a52e-4f735466cecf":"f.9119AA68FED8A447B03A71089BFD3ED7.d.BD22541741102C8AA4E5BCFC8F08F025.e.14437","ELEMENT":"f.9119AA68FED8A447B03A71089BFD3ED7.d.BD22541741102C8AA4E5BCFC8F08F025.e.14437"}]}
RESULT: {"script":"<script> [56 bytes]","args":[{"element-6066-11e4-a52e-4f735466cecf":"f.9119AA68FED8A447B03A71089BFD3ED7.d.BD22541741102C8AA4E5BCFC8F08F025.e.14437","ELEMENT":"f.9119AA68FED8A447B03A71089BFD3ED7.d.BD22541741102C8AA4E5BCFC8F08F025.e.14437"}]}
COMMAND: GET /session/0ffaedec2ff4d329b9cb85ca897a1301/screenshot - {}
RESULT: {}
COMMAND: POST /session/0ffaedec2ff4d329b9cb85ca897a1301/execute/sync - {"script":"<script> [56 bytes]","args":[{"element-6066-11e4-a52e-4f735466cecf":"f.9119AA68FED8A447B03A71089BFD3ED7.d.BD22541741102C8AA4E5BCFC8F08F025.e.14437","ELEMENT":"f.9119AA68FED8A447B03A71089BFD3ED7.d.BD22541741102C8AA4E5BCFC8F08F025.e.14437"}]}
RESULT: {"script":"<script> [56 bytes]","args":[{"element-6066-11e4-a52e-4f735466cecf":"f.9119AA68FED8A447B03A71089BFD3ED7.d.BD22541741102C8AA4E5BCFC8F08F025.e.14437","ELEMENT":"f.9119AA68FED8A447B03A71089BFD3ED7.d.BD22541741102C8AA4E5BCFC8F08F025.e.14437"}]}
COMMAND: GET /session/0ffaedec2ff4d329b9cb85ca897a1301/screenshot - {}
RESULT: {}
COMMAND: POST /session/0ffaedec2ff4d329b9cb85ca897a1301/execute/sync - {"script":"<script> [56 bytes]","args":[{"element-6066-11e4-a52e-4f735466cecf":"f.9119AA68FED8A447B03A71089BFD3ED7.d.BD22541741102C8AA4E5BCFC8F08F025.e.14437","ELEMENT":"f.9119AA68FED8A447B03A71089BFD3ED7.d.BD22541741102C8AA4E5BCFC8F08F025.e.14437"}]}
RESULT: {"script":"<script> [56 bytes]","args":[{"element-6066-11e4-a52e-4f735466cecf":"f.9119AA68FED8A447B03A71089BFD3ED7.d.BD22541741102C8AA4E5BCFC8F08F025.e.14437","ELEMENT":"f.9119AA68FED8A447B03A71089BFD3ED7.d.BD22541741102C8AA4E5BCFC8F08F025.e.14437"}]}
COMMAND: GET /session/0ffaedec2ff4d329b9cb85ca897a1301/screenshot - {}
RESULT: {}
COMMAND: POST /session/0ffaedec2ff4d329b9cb85ca897a1301/execute/sync - {"script":"<script> [56 bytes]","args":[{"element-6066-11e4-a52e-4f735466cecf":"f.9119AA68FED8A447B03A71089BFD3ED7.d.BD22541741102C8AA4E5BCFC8F08F025.e.14437","ELEMENT":"f.9119AA68FED8A447B03A71089BFD3ED7.d.BD22541741102C8AA4E5BCFC8F08F025.e.14437"}]}
RESULT: {"script":"<script> [56 bytes]","args":[{"element-6066-11e4-a52e-4f735466cecf":"f.9119AA68FED8A447B03A71089BFD3ED7.d.BD22541741102C8AA4E5BCFC8F08F025.e.14437","ELEMENT":"f.9119AA68FED8A447B03A71089BFD3ED7.d.BD22541741102C8AA4E5BCFC8F08F025.e.14437"}]}
COMMAND: GET /session/0ffaedec2ff4d329b9cb85ca897a1301/screenshot - {}
RESULT: {}
COMMAND: POST /session/0ffaedec2ff4d329b9cb85ca897a1301/execute/sync - {"script":"<script> [56 bytes]","args":[{"element-6066-11e4-a52e-4f735466cecf":"f.9119AA68FED8A447B03A71089BFD3ED7.d.BD22541741102C8AA4E5BCFC8F08F025.e.14437","ELEMENT":"f.9119AA68FED8A447B03A71089BFD3ED7.d.BD22541741102C8AA4E5BCFC8F08F025.e.14437"}]}
RESULT: {"script":"<script> [56 bytes]","args":[{"element-6066-11e4-a52e-4f735466cecf":"f.9119AA68FED8A447B03A71089BFD3ED7.d.BD22541741102C8AA4E5BCFC8F08F025.e.14437","ELEMENT":"f.9119AA68FED8A447B03A71089BFD3ED7.d.BD22541741102C8AA4E5BCFC8F08F025.e.14437"}]}
COMMAND: GET /session/0ffaedec2ff4d329b9cb85ca897a1301/screenshot - {}
RESULT: {}
COMMAND: POST /session/0ffaedec2ff4d329b9cb85ca897a1301/execute/sync - {"script":"<script> [56 bytes]","args":[{"element-6066-11e4-a52e-4f735466cecf":"f.9119AA68FED8A447B03A71089BFD3ED7.d.BD22541741102C8AA4E5BCFC8F08F025.e.14437","ELEMENT":"f.9119AA68FED8A447B03A71089BFD3ED7.d.BD22541741102C8AA4E5BCFC8F08F025.e.14437"}]}
RESULT: {"script":"<script> [56 bytes]","args":[{"element-6066-11e4-a52e-4f735466cecf":"f.9119AA68FED8A447B03A71089BFD3ED7.d.BD22541741102C8AA4E5BCFC8F08F025.e.14437","ELEMENT":"f.9119AA68FED8A447B03A71089BFD3ED7.d.BD22541741102C8AA4E5BCFC8F08F025.e.14437"}]}
COMMAND: GET /session/0ffaedec2ff4d329b9cb85ca897a1301/screenshot - {}
RESULT: {}
COMMAND: POST /session/0ffaedec2ff4d329b9cb85ca897a1301/execute/sync - {"script":"<script> [56 bytes]","args":[{"element-6066-11e4-a52e-4f735466cecf":"f.9119AA68FED8A447B03A71089BFD3ED7.d.BD22541741102C8AA4E5BCFC8F08F025.e.14437","ELEMENT":"f.9119AA68FED8A447B03A71089BFD3ED7.d.BD22541741102C8AA4E5BCFC8F08F025.e.14437"}]}
RESULT: {"script":"<script> [56 bytes]","args":[{"element-6066-11e4-a52e-4f735466cecf":"f.9119AA68FED8A447B03A71089BFD3ED7.d.BD22541741102C8AA4E5BCFC8F08F025.e.14437","ELEMENT":"f.9119AA68FED8A447B03A71089BFD3ED7.d.BD22541741102C8AA4E5BCFC8F08F025.e.14437"}]}
COMMAND: GET /session/0ffaedec2ff4d329b9cb85ca897a1301/screenshot - {}
RESULT: {}
COMMAND: POST /session/0ffaedec2ff4d329b9cb85ca897a1301/execute/sync - {"script":"<script> [56 bytes]","args":[{"element-6066-11e4-a52e-4f735466cecf":"f.9119AA68FED8A447B03A71089BFD3ED7.d.BD22541741102C8AA4E5BCFC8F08F025.e.14437","ELEMENT":"f.9119AA68FED8A447B03A71089BFD3ED7.d.BD22541741102C8AA4E5BCFC8F08F025.e.14437"}]}
RESULT: {"script":"<script> [56 bytes]","args":[{"element-6066-11e4-a52e-4f735466cecf":"f.9119AA68FED8A447B03A71089BFD3ED7.d.BD22541741102C8AA4E5BCFC8F08F025.e.14437","ELEMENT":"f.9119AA68FED8A447B03A71089BFD3ED7.d.BD22541741102C8AA4E5BCFC8F08F025.e.14437"}]}
COMMAND: GET /session/0ffaedec2ff4d329b9cb85ca897a1301/screenshot - {}
RESULT: {}
COMMAND: POST /session/0ffaedec2ff4d329b9cb85ca897a1301/execute/sync - {"script":"<script> [56 bytes]","args":[{"element-6066-11e4-a52e-4f735466cecf":"f.9119AA68FED8A447B03A71089BFD3ED7.d.BD22541741102C8AA4E5BCFC8F08F025.e.14437","ELEMENT":"f.9119AA68FED8A447B03A71089BFD3ED7.d.BD22541741102C8AA4E5BCFC8F08F025.e.14437"}]}
RESULT: {"script":"<script> [56 bytes]","args":[{"element-6066-11e4-a52e-4f735466cecf":"f.9119AA68FED8A447B03A71089BFD3ED7.d.BD22541741102C8AA4E5BCFC8F08F025.e.14437","ELEMENT":"f.9119AA68FED8A447B03A71089BFD3ED7.d.BD22541741102C8AA4E5BCFC8F08F025.e.14437"}]}
COMMAND: GET /session/0ffaedec2ff4d329b9cb85ca897a1301/screenshot - {}
RESULT: {}
COMMAND: POST /session/0ffaedec2ff4d329b9cb85ca897a1301/execute/sync - {"script":"<script> [56 bytes]","args":[{"element-6066-11e4-a52e-4f735466cecf":"f.9119AA68FED8A447B03A71089BFD3ED7.d.BD22541741102C8AA4E5BCFC8F08F025.e.14437","ELEMENT":"f.9119AA68FED8A447B03A71089BFD3ED7.d.BD22541741102C8AA4E5BCFC8F08F025.e.14437"}]}
RESULT: {"script":"<script> [56 bytes]","args":[{"element-6066-11e4-a52e-4f735466cecf":"f.9119AA68FED8A447B03A71089BFD3ED7.d.BD22541741102C8AA4E5BCFC8F08F025.e.14437","ELEMENT":"f.9119AA68FED8A447B03A71089BFD3ED7.d.BD22541741102C8AA4E5BCFC8F08F025.e.14437"}]}
COMMAND: GET /session/0ffaedec2ff4d329b9cb85ca897a1301/screenshot - {}
RESULT: {}
COMMAND: POST /session/0ffaedec2ff4d329b9cb85ca897a1301/execute/sync - {"script":"<script> [56 bytes]","args":[{"element-6066-11e4-a52e-4f735466cecf":"f.9119AA68FED8A447B03A71089BFD3ED7.d.BD22541741102C8AA4E5BCFC8F08F025.e.14437","ELEMENT":"f.9119AA68FED8A447B03A71089BFD3ED7.d.BD22541741102C8AA4E5BCFC8F08F025.e.14437"}]}
RESULT: {"script":"<script> [56 bytes]","args":[{"element-6066-11e4-a52e-4f735466cecf":"f.9119AA68FED8A447B03A71089BFD3ED7.d.BD22541741102C8AA4E5BCFC8F08F025.e.14437","ELEMENT":"f.9119AA68FED8A447B03A71089BFD3ED7.d.BD22541741102C8AA4E5BCFC8F08F025.e.14437"}]}
COMMAND: GET /session/0ffaedec2ff4d329b9cb85ca897a1301/screenshot - {}
RESULT: {}
COMMAND: POST /session/0ffaedec2ff4d329b9cb85ca897a1301/execute/sync - {"script":"<script> [56 bytes]","args":[{"element-6066-11e4-a52e-4f735466cecf":"f.9119AA68FED8A447B03A71089BFD3ED7.d.BD22541741102C8AA4E5BCFC8F08F025.e.14437","ELEMENT":"f.9119AA68FED8A447B03A71089BFD3ED7.d.BD22541741102C8AA4E5BCFC8F08F025.e.14437"}]}
RESULT: {"script":"<script> [56 bytes]","args":[{"element-6066-11e4-a52e-4f735466cecf":"f.9119AA68FED8A447B03A71089BFD3ED7.d.BD22541741102C8AA4E5BCFC8F08F025.e.14437","ELEMENT":"f.9119AA68FED8A447B03A71089BFD3ED7.d.BD22541741102C8AA4E5BCFC8F08F025.e.14437"}]}
COMMAND: GET /session/0ffaedec2ff4d329b9cb85ca897a1301/screenshot - {}
RESULT: {}
COMMAND: POST /session/0ffaedec2ff4d329b9cb85ca897a1301/execute/sync - {"script":"<script> [56 bytes]","args":[{"element-6066-11e4-a52e-4f735466cecf":"f.9119AA68FED8A447B03A71089BFD3ED7.d.BD22541741102C8AA4E5BCFC8F08F025.e.14437","ELEMENT":"f.9119AA68FED8A447B03A71089BFD3ED7.d.BD22541741102C8AA4E5BCFC8F08F025.e.14437"}]}
RESULT: {"script":"<script> [56 bytes]","args":[{"element-6066-11e4-a52e-4f735466cecf":"f.9119AA68FED8A447B03A71089BFD3ED7.d.BD22541741102C8AA4E5BCFC8F08F025.e.14437","ELEMENT":"f.9119AA68FED8A447B03A71089BFD3ED7.d.BD22541741102C8AA4E5BCFC8F08F025.e.14437"}]}
COMMAND: GET /session/0ffaedec2ff4d329b9cb85ca897a1301/screenshot - {}
RESULT: {}
COMMAND: POST /session/0ffaedec2ff4d329b9cb85ca897a1301/execute/sync - {"script":"<script> [56 bytes]","args":[{"element-6066-11e4-a52e-4f735466cecf":"f.9119AA68FED8A447B03A71089BFD3ED7.d.BD22541741102C8AA4E5BCFC8F08F025.e.14437","ELEMENT":"f.9119AA68FED8A447B03A71089BFD3ED7.d.BD22541741102C8AA4E5BCFC8F08F025.e.14437"}]}
RESULT: {"script":"<script> [56 bytes]","args":[{"element-6066-11e4-a52e-4f735466cecf":"f.9119AA68FED8A447B03A71089BFD3ED7.d.BD22541741102C8AA4E5BCFC8F08F025.e.14437","ELEMENT":"f.9119AA68FED8A447B03A71089BFD3ED7.d.BD22541741102C8AA4E5BCFC8F08F025.e.14437"}]}
COMMAND: GET /session/0ffaedec2ff4d329b9cb85ca897a1301/screenshot - {}
RESULT: {}
COMMAND: POST /session/0ffaedec2ff4d329b9cb85ca897a1301/execute/sync - {"script":"<script> [56 bytes]","args":[{"element-6066-11e4-a52e-4f735466cecf":"f.9119AA68FED8A447B03A71089BFD3ED7.d.BD22541741102C8AA4E5BCFC8F08F025.e.14437","ELEMENT":"f.9119AA68FED8A447B03A71089BFD3ED7.d.BD22541741102C8AA4E5BCFC8F08F025.e.14437"}]}
RESULT: {"script":"<script> [56 bytes]","args":[{"element-6066-11e4-a52e-4f735466cecf":"f.9119AA68FED8A447B03A71089BFD3ED7.d.BD22541741102C8AA4E5BCFC8F08F025.e.14437","ELEMENT":"f.9119AA68FED8A447B03A71089BFD3ED7.d.BD22541741102C8AA4E5BCFC8F08F025.e.14437"}]}
COMMAND: GET /session/0ffaedec2ff4d329b9cb85ca897a1301/screenshot - {}
RESULT: {}
COMMAND: POST /session/0ffaedec2ff4d329b9cb85ca897a1301/execute/sync - {"script":"<script> [56 bytes]","args":[{"element-6066-11e4-a52e-4f735466cecf":"f.9119AA68FED8A447B03A71089BFD3ED7.d.BD22541741102C8AA4E5BCFC8F08F025.e.14437","ELEMENT":"f.9119AA68FED8A447B03A71089BFD3ED7.d.BD22541741102C8AA4E5BCFC8F08F025.e.14437"}]}
RESULT: {"script":"<script> [56 bytes]","args":[{"element-6066-11e4-a52e-4f735466cecf":"f.9119AA68FED8A447B03A71089BFD3ED7.d.BD22541741102C8AA4E5BCFC8F08F025.e.14437","ELEMENT":"f.9119AA68FED8A447B03A71089BFD3ED7.d.BD22541741102C8AA4E5BCFC8F08F025.e.14437"}]}
COMMAND: GET /session/0ffaedec2ff4d329b9cb85ca897a1301/screenshot - {}
RESULT: {}
COMMAND: POST /session/0ffaedec2ff4d329b9cb85ca897a1301/execute/sync - {"script":"<script> [56 bytes]","args":[{"element-6066-11e4-a52e-4f735466cecf":"f.9119AA68FED8A447B03A71089BFD3ED7.d.BD22541741102C8AA4E5BCFC8F08F025.e.14437","ELEMENT":"f.9119AA68FED8A447B03A71089BFD3ED7.d.BD22541741102C8AA4E5BCFC8F08F025.e.14437"}]}
RESULT: {"script":"<script> [56 bytes]","args":[{"element-6066-11e4-a52e-4f735466cecf":"f.9119AA68FED8A447B03A71089BFD3ED7.d.BD22541741102C8AA4E5BCFC8F08F025.e.14437","ELEMENT":"f.9119AA68FED8A447B03A71089BFD3ED7.d.BD22541741102C8AA4E5BCFC8F08F025.e.14437"}]}
COMMAND: GET /session/0ffaedec2ff4d329b9cb85ca897a1301/screenshot - {}
RESULT: {}
COMMAND: POST /session/0ffaedec2ff4d329b9cb85ca897a1301/execute/sync - {"script":"<script> [56 bytes]","args":[{"element-6066-11e4-a52e-4f735466cecf":"f.9119AA68FED8A447B03A71089BFD3ED7.d.BD22541741102C8AA4E5BCFC8F08F025.e.14437","ELEMENT":"f.9119AA68FED8A447B03A71089BFD3ED7.d.BD22541741102C8AA4E5BCFC8F08F025.e.14437"}]}
RESULT: {"script":"<script> [56 bytes]","args":[{"element-6066-11e4-a52e-4f735466cecf":"f.9119AA68FED8A447B03A71089BFD3ED7.d.BD22541741102C8AA4E5BCFC8F08F025.e.14437","ELEMENT":"f.9119AA68FED8A447B03A71089BFD3ED7.d.BD22541741102C8AA4E5BCFC8F08F025.e.14437"}]}
COMMAND: GET /session/0ffaedec2ff4d329b9cb85ca897a1301/screenshot - {}
RESULT: {}
COMMAND: POST /session/0ffaedec2ff4d329b9cb85ca897a1301/execute/sync - {"script":"<script> [56 bytes]","args":[{"element-6066-11e4-a52e-4f735466cecf":"f.9119AA68FED8A447B03A71089BFD3ED7.d.BD22541741102C8AA4E5BCFC8F08F025.e.14437","ELEMENT":"f.9119AA68FED8A447B03A71089BFD3ED7.d.BD22541741102C8AA4E5BCFC8F08F025.e.14437"}]}
RESULT: {"script":"<script> [56 bytes]","args":[{"element-6066-11e4-a52e-4f735466cecf":"f.9119AA68FED8A447B03A71089BFD3ED7.d.BD22541741102C8AA4E5BCFC8F08F025.e.14437","ELEMENT":"f.9119AA68FED8A447B03A71089BFD3ED7.d.BD22541741102C8AA4E5BCFC8F08F025.e.14437"}]}
COMMAND: GET /session/0ffaedec2ff4d329b9cb85ca897a1301/screenshot - {}
COMMAND: POST /session/0ffaedec2ff4d329b9cb85ca897a1301/execute/sync - {"script":"<script> [56 bytes]","args":[{"element-6066-11e4-a52e-4f735466cecf":"f.9119AA68FED8A447B03A71089BFD3ED7.d.BD22541741102C8AA4E5BCFC8F08F025.e.14437","ELEMENT":"f.9119AA68FED8A447B03A71089BFD3ED7.d.BD22541741102C8AA4E5BCFC8F08F025.e.14437"}]}
RESULT: {}
RESULT: {"script":"<script> [56 bytes]","args":[{"element-6066-11e4-a52e-4f735466cecf":"f.9119AA68FED8A447B03A71089BFD3ED7.d.BD22541741102C8AA4E5BCFC8F08F025.e.14437","ELEMENT":"f.9119AA68FED8A447B03A71089BFD3ED7.d.BD22541741102C8AA4E5BCFC8F08F025.e.14437"}]}
COMMAND: POST /session/0ffaedec2ff4d329b9cb85ca897a1301/element - {"using":"css selector","value":"#shell-header-logo"}
COMMAND: GET /session/0ffaedec2ff4d329b9cb85ca897a1301/screenshot - {}
RESULT: {"using":"css selector","value":"#shell-header-logo"}
COMMAND: POST /session/0ffaedec2ff4d329b9cb85ca897a1301/element/f.9119AA68FED8A447B03A71089BFD3ED7.d.BD22541741102C8AA4E5BCFC8F08F025.e.14248/click - {}
RESULT: {}
RESULT: {}
COMMAND: GET /session/0ffaedec2ff4d329b9cb85ca897a1301/screenshot - {}
RESULT: {}
COMMAND: POST /session/0ffaedec2ff4d329b9cb85ca897a1301/element - {"using":"css selector","value":"#j_username"}
COMMAND: POST /session/0ffaedec2ff4d329b9cb85ca897a1301/url - {"url":"https://qa-testing-00-live-etm-ui.cfapps.eu10-004.hana.ondemand.com/"}
RESULT: {"using":"css selector","value":"#j_username"}
COMMAND: POST /session/0ffaedec2ff4d329b9cb85ca897a1301/element - {"using":"css selector","value":"#j_username"}
RESULT: {"url":"https://qa-testing-00-live-etm-ui.cfapps.eu10-004.hana.ondemand.com/"}
RESULT: undefined
COMMAND: GET /session/0ffaedec2ff4d329b9cb85ca897a1301/screenshot - {}
RESULT: {"using":"css selector","value":"#j_username"}
COMMAND: POST /session/0ffaedec2ff4d329b9cb85ca897a1301/element - {"using":"css selector","value":"#shell-header-logo"}
RESULT: {}
RESULT: {"using":"css selector","value":"#shell-header-logo"}
COMMAND: POST /session/0ffaedec2ff4d329b9cb85ca897a1301/execute/sync - {"script":"<script> [8489 bytes]","args":[{"element-6066-11e4-a52e-4f735466cecf":"f.9119AA68FED8A447B03A71089BFD3ED7.d.51378212E2B6D49ACDC149C74DE184A5.e.14481","ELEMENT":"f.9119AA68FED8A447B03A71089BFD3ED7.d.51378212E2B6D49ACDC149C74DE184A5.e.14481"}]}
RESULT: {"script":"<script> [8489 bytes]","args":[{"element-6066-11e4-a52e-4f735466cecf":"f.9119AA68FED8A447B03A71089BFD3ED7.d.51378212E2B6D49ACDC149C74DE184A5.e.14481","ELEMENT":"f.9119AA68FED8A447B03A71089BFD3ED7.d.51378212E2B6D49ACDC149C74DE184A5.e.14481"}]}
COMMAND: POST /session/0ffaedec2ff4d329b9cb85ca897a1301/element - {"using":"css selector","value":"#shell-header-logo"}
COMMAND: GET /session/0ffaedec2ff4d329b9cb85ca897a1301/screenshot - {}
RESULT: {"using":"css selector","value":"#shell-header-logo"}
COMMAND: POST /session/0ffaedec2ff4d329b9cb85ca897a1301/execute/sync - {"script":"<script> [8489 bytes]","args":[{"element-6066-11e4-a52e-4f735466cecf":"f.9119AA68FED8A447B03A71089BFD3ED7.d.51378212E2B6D49ACDC149C74DE184A5.e.14481","ELEMENT":"f.9119AA68FED8A447B03A71089BFD3ED7.d.51378212E2B6D49ACDC149C74DE184A5.e.14481"}]}
RESULT: {}
RESULT: {"script":"<script> [8489 bytes]","args":[{"element-6066-11e4-a52e-4f735466cecf":"f.9119AA68FED8A447B03A71089BFD3ED7.d.51378212E2B6D49ACDC149C74DE184A5.e.14481","ELEMENT":"f.9119AA68FED8A447B03A71089BFD3ED7.d.51378212E2B6D49ACDC149C74DE184A5.e.14481"}]}
COMMAND: POST /session/0ffaedec2ff4d329b9cb85ca897a1301/execute/sync - {"script":"<script> [5351 bytes]","args":[{"element-6066-11e4-a52e-4f735466cecf":"f.9119AA68FED8A447B03A71089BFD3ED7.d.51378212E2B6D49ACDC149C74DE184A5.e.14481","ELEMENT":"f.9119AA68FED8A447B03A71089BFD3ED7.d.51378212E2B6D49ACDC149C74DE184A5.e.14481"}]}
COMMAND: GET /session/0ffaedec2ff4d329b9cb85ca897a1301/screenshot - {}
RESULT: {"script":"<script> [5351 bytes]","args":[{"element-6066-11e4-a52e-4f735466cecf":"f.9119AA68FED8A447B03A71089BFD3ED7.d.51378212E2B6D49ACDC149C74DE184A5.e.14481","ELEMENT":"f.9119AA68FED8A447B03A71089BFD3ED7.d.51378212E2B6D49ACDC149C74DE184A5.e.14481"}]}
COMMAND: POST /session/0ffaedec2ff4d329b9cb85ca897a1301/element - {"using":"css selector","value":"#shell-header-logo"}
COMMAND: GET /session/0ffaedec2ff4d329b9cb85ca897a1301/screenshot - {}
RESULT: {}
RESULT: {"using":"css selector","value":"#shell-header-logo"}
COMMAND: POST /session/0ffaedec2ff4d329b9cb85ca897a1301/element/f.9119AA68FED8A447B03A71089BFD3ED7.d.51378212E2B6D49ACDC149C74DE184A5.e.14481/click - {}
RESULT: {}
RESULT: {}
COMMAND: GET /session/0ffaedec2ff4d329b9cb85ca897a1301/screenshot - {}
RESULT: {}
COMMAND: POST /session/0ffaedec2ff4d329b9cb85ca897a1301/execute/async - {"script":"<script> [189 bytes]","args":[]}
RESULT: {"script":"<script> [189 bytes]","args":[]}
COMMAND: POST /session/0ffaedec2ff4d329b9cb85ca897a1301/execute/async - {"script":"<script> [123 bytes]","args":[]}
RESULT: {"script":"<script> [123 bytes]","args":[]}
COMMAND: POST /session/0ffaedec2ff4d329b9cb85ca897a1301/timeouts - {"script":"<number>"}
RESULT: {"script":"<number>"}
COMMAND: GET /session/0ffaedec2ff4d329b9cb85ca897a1301/timeouts - {}
RESULT: {}
RESULT: undefined
COMMAND: POST /session/0ffaedec2ff4d329b9cb85ca897a1301/execute/async - {"script":"<script> [2676 bytes]","args":[]}
RESULT: {"script":"<script> [2676 bytes]","args":[]}
COMMAND: POST /session/0ffaedec2ff4d329b9cb85ca897a1301/execute/async - {"script":"<script> [2342 bytes]","args":[{"protocol":"http","hostname":"0.0.0.0","path":"/","capabilities":{"browserName":"chrome","goog:chromeOptions":{"binary":"C:\\Program Files\\Google\\Chrome\\Application\\chrome.exe","args":["--start-maximized"]}},"logLevel":"warn","connectionRetryTimeout":120000,"connectionRetryCount":3,"logLevels":{},"enableDirectConnect":true,"strictSSL":true,"_":"65 more keys: [\"cacheDir\",\"port\",\"requestedCapabilities\",\"automationProtocol\",\"baseUrl\",\"waitforInterval\",\"waitforTimeout\",\"onReload\",\"beforeCommand\",\"afterCommand\",\"rootDir\",\"specs\",\"suites\",\"exclude\",\"groupLogsByTestSpec\",\"excludeDriverLogs\",\"bail\",\"framework\",\"reporters\",\"services\",\"maxInstances\",\"maxInstancesPerCapability\",\"injectGlobals\",\"filesToWatch\",\"execArgv\",\"runnerEnv\",\"runner\",\"shard\",\"specFileRetries\",\"specFileRetriesDelay\",\"specFileRetriesDeferred\",\"reporterSyncInterval\",\"reporterSyncTimeout\",\"cucumberFeaturesWithLineNumbers\",\"autoCompileOpts\",\"mochaOpts\",\"jasmineOpts\",\"cucumberOpts\",\"onPrepare\",\"onWorkerStart\",\"onWorkerEnd\",\"before\",\"beforeSession\",\"beforeSuite\",\"beforeHook\",\"beforeTest\",\"afterTest\",\"afterHook\",\"afterSuite\",\"afterSession\",\"after\",\"onComplete\",\"beforeAssertion\",\"afterAssertion\",\"beforeFeature\",\"beforeScenario\",\"beforeStep\",\"afterStep\",\"afterScenario\",\"afterFeature\",\"_\",\"suite\",\"$0\",\"ignoredWorkerServices\",\"wdi5\"]"}]}
RESULT: {"script":"<script> [2342 bytes]","args":[{"protocol":"http","hostname":"0.0.0.0","path":"/","capabilities":{"browserName":"chrome","goog:chromeOptions":{"binary":"C:\\Program Files\\Google\\Chrome\\Application\\chrome.exe","args":["--start-maximized"]}},"logLevel":"warn","connectionRetryTimeout":120000,"connectionRetryCount":3,"logLevels":{},"enableDirectConnect":true,"strictSSL":true,"_":"65 more keys: [\"cacheDir\",\"port\",\"requestedCapabilities\",\"automationProtocol\",\"baseUrl\",\"waitforInterval\",\"waitforTimeout\",\"onReload\",\"beforeCommand\",\"afterCommand\",\"rootDir\",\"specs\",\"suites\",\"exclude\",\"groupLogsByTestSpec\",\"excludeDriverLogs\",\"bail\",\"framework\",\"reporters\",\"services\",\"maxInstances\",\"maxInstancesPerCapability\",\"injectGlobals\",\"filesToWatch\",\"execArgv\",\"runnerEnv\",\"runner\",\"shard\",\"specFileRetries\",\"specFileRetriesDelay\",\"specFileRetriesDeferred\",\"reporterSyncInterval\",\"reporterSyncTimeout\",\"cucumberFeaturesWithLineNumbers\",\"autoCompileOpts\",\"mochaOpts\",\"jasmineOpts\",\"cucumberOpts\",\"onPrepare\",\"onWorkerStart\",\"onWorkerEnd\",\"before\",\"beforeSession\",\"beforeSuite\",\"beforeHook\",\"beforeTest\",\"afterTest\",\"afterHook\",\"afterSuite\",\"afterSession\",\"after\",\"onComplete\",\"beforeAssertion\",\"afterAssertion\",\"beforeFeature\",\"beforeScenario\",\"beforeStep\",\"afterStep\",\"afterScenario\",\"afterFeature\",\"_\",\"suite\",\"$0\",\"ignoredWorkerServices\",\"wdi5\"]"}]}
COMMAND: POST /session/0ffaedec2ff4d329b9cb85ca897a1301/execute/async - {"script":"<script> [21126 bytes]","args":[35000]}
RESULT: {"script":"<script> [21126 bytes]","args":[35000]}
COMMAND: POST /session/0ffaedec2ff4d329b9cb85ca897a1301/window/maximize - {}
RESULT: {}
COMMAND: POST /session/0ffaedec2ff4d329b9cb85ca897a1301/execute/async - {"script":"<script> [1562 bytes]","args":[{"selector":{"id":"shell-header","interaction":{"idSuffix":"icon"}},"wdio_ui5_key":"shellheader"}]}
COMMAND: GET /session/0ffaedec2ff4d329b9cb85ca897a1301/screenshot - {}
RESULT: {"script":"<script> [1562 bytes]","args":[{"selector":{"id":"shell-header","interaction":{"idSuffix":"icon"}},"wdio_ui5_key":"shellheader"}]}
RESULT: undefined
COMMAND: POST /session/0ffaedec2ff4d329b9cb85ca897a1301/refresh - {}
RESULT: {}
RESULT: {}
COMMAND: GET /session/0ffaedec2ff4d329b9cb85ca897a1301/screenshot - {}
RESULT: {}
COMMAND: POST /session/0ffaedec2ff4d329b9cb85ca897a1301/refresh - {}
RESULT: {}
COMMAND: GET /session/0ffaedec2ff4d329b9cb85ca897a1301/screenshot - {}
RESULT: {}
COMMAND: POST /session/0ffaedec2ff4d329b9cb85ca897a1301/window/fullscreen - {}
RESULT: {}
COMMAND: POST /session/0ffaedec2ff4d329b9cb85ca897a1301/execute/async - {"script":"<script> [189 bytes]","args":[]}
RESULT: {"script":"<script> [189 bytes]","args":[]}
COMMAND: POST /session/0ffaedec2ff4d329b9cb85ca897a1301/execute/async - {"script":"<script> [123 bytes]","args":[]}
RESULT: {"script":"<script> [123 bytes]","args":[]}
COMMAND: POST /session/0ffaedec2ff4d329b9cb85ca897a1301/timeouts - {"script":"<number>"}
RESULT: {"script":"<number>"}
COMMAND: GET /session/0ffaedec2ff4d329b9cb85ca897a1301/timeouts - {}
RESULT: {}
RESULT: undefined
COMMAND: POST /session/0ffaedec2ff4d329b9cb85ca897a1301/execute/async - {"script":"<script> [2676 bytes]","args":[]}
RESULT: {"script":"<script> [2676 bytes]","args":[]}
COMMAND: POST /session/0ffaedec2ff4d329b9cb85ca897a1301/execute/async - {"script":"<script> [2342 bytes]","args":[{"protocol":"http","hostname":"0.0.0.0","path":"/","capabilities":{"browserName":"chrome","goog:chromeOptions":{"binary":"C:\\Program Files\\Google\\Chrome\\Application\\chrome.exe","args":["--start-maximized"]}},"logLevel":"warn","connectionRetryTimeout":120000,"connectionRetryCount":3,"logLevels":{},"enableDirectConnect":true,"strictSSL":true,"_":"65 more keys: [\"cacheDir\",\"port\",\"requestedCapabilities\",\"automationProtocol\",\"baseUrl\",\"waitforInterval\",\"waitforTimeout\",\"onReload\",\"beforeCommand\",\"afterCommand\",\"rootDir\",\"specs\",\"suites\",\"exclude\",\"groupLogsByTestSpec\",\"excludeDriverLogs\",\"bail\",\"framework\",\"reporters\",\"services\",\"maxInstances\",\"maxInstancesPerCapability\",\"injectGlobals\",\"filesToWatch\",\"execArgv\",\"runnerEnv\",\"runner\",\"shard\",\"specFileRetries\",\"specFileRetriesDelay\",\"specFileRetriesDeferred\",\"reporterSyncInterval\",\"reporterSyncTimeout\",\"cucumberFeaturesWithLineNumbers\",\"autoCompileOpts\",\"mochaOpts\",\"jasmineOpts\",\"cucumberOpts\",\"onPrepare\",\"onWorkerStart\",\"onWorkerEnd\",\"before\",\"beforeSession\",\"beforeSuite\",\"beforeHook\",\"beforeTest\",\"afterTest\",\"afterHook\",\"afterSuite\",\"afterSession\",\"after\",\"onComplete\",\"beforeAssertion\",\"afterAssertion\",\"beforeFeature\",\"beforeScenario\",\"beforeStep\",\"afterStep\",\"afterScenario\",\"afterFeature\",\"_\",\"suite\",\"$0\",\"ignoredWorkerServices\",\"wdi5\"]"}]}
RESULT: {"script":"<script> [2342 bytes]","args":[{"protocol":"http","hostname":"0.0.0.0","path":"/","capabilities":{"browserName":"chrome","goog:chromeOptions":{"binary":"C:\\Program Files\\Google\\Chrome\\Application\\chrome.exe","args":["--start-maximized"]}},"logLevel":"warn","connectionRetryTimeout":120000,"connectionRetryCount":3,"logLevels":{},"enableDirectConnect":true,"strictSSL":true,"_":"65 more keys: [\"cacheDir\",\"port\",\"requestedCapabilities\",\"automationProtocol\",\"baseUrl\",\"waitforInterval\",\"waitforTimeout\",\"onReload\",\"beforeCommand\",\"afterCommand\",\"rootDir\",\"specs\",\"suites\",\"exclude\",\"groupLogsByTestSpec\",\"excludeDriverLogs\",\"bail\",\"framework\",\"reporters\",\"services\",\"maxInstances\",\"maxInstancesPerCapability\",\"injectGlobals\",\"filesToWatch\",\"execArgv\",\"runnerEnv\",\"runner\",\"shard\",\"specFileRetries\",\"specFileRetriesDelay\",\"specFileRetriesDeferred\",\"reporterSyncInterval\",\"reporterSyncTimeout\",\"cucumberFeaturesWithLineNumbers\",\"autoCompileOpts\",\"mochaOpts\",\"jasmineOpts\",\"cucumberOpts\",\"onPrepare\",\"onWorkerStart\",\"onWorkerEnd\",\"before\",\"beforeSession\",\"beforeSuite\",\"beforeHook\",\"beforeTest\",\"afterTest\",\"afterHook\",\"afterSuite\",\"afterSession\",\"after\",\"onComplete\",\"beforeAssertion\",\"afterAssertion\",\"beforeFeature\",\"beforeScenario\",\"beforeStep\",\"afterStep\",\"afterScenario\",\"afterFeature\",\"_\",\"suite\",\"$0\",\"ignoredWorkerServices\",\"wdi5\"]"}]}
COMMAND: POST /session/0ffaedec2ff4d329b9cb85ca897a1301/execute/async - {"script":"<script> [21126 bytes]","args":[35000]}
RESULT: {"script":"<script> [21126 bytes]","args":[35000]}
]]></system-out>
    </testcase>
  </testsuite>
  <testsuite timestamp="2025-05-26T17:59:52" time="660.707" tests="12" failures="0" errors="0" skipped="0">
    <properties>
      <property name="specId" value="0"/>
      <property name="suiteName" value="Billing transfer US117289"/>
      <property name="capabilities" value="chrome.136_0_7103_93.windows"/>
      <property name="file" value="file:///D:/a/1/s/test/specs/BTS/billing-transfer.spec.js"/>
    </properties>
    <testcase classname="chrome.136_0_7103_93.windows.Billing_transfer_US117289" name="Should create a new yard" time="0.01">
      <system-out><![CDATA[
COMMAND: POST /session/0ffaedec2ff4d329b9cb85ca897a1301/window/fullscreen - {}
RESULT: {}
]]></system-out>
    </testcase>
    <testcase classname="chrome.136_0_7103_93.windows.Billing_transfer_US117289" name="Should create a new partner" time="0.005"/>
    <testcase classname="chrome.136_0_7103_93.windows.Billing_transfer_US117289" name="Should create a new site" time="0.003"/>
    <testcase classname="chrome.136_0_7103_93.windows.Billing_transfer_US117289" name="Should create a new equipment" time="131.98">
      <system-out><![CDATA[
COMMAND: POST /session/0ffaedec2ff4d329b9cb85ca897a1301/execute/async - {"script":"<script> [1562 bytes]","args":[{"selector":{"controlType":"sap.m.GenericTile","properties":{"header":"Manage Resources"}},"wdio_ui5_key":"sapm.GenericTile{\"header\":\"Manage Resources\"}"}]}
RESULT: {"script":"<script> [1562 bytes]","args":[{"selector":{"controlType":"sap.m.GenericTile","properties":{"header":"Manage Resources"}},"wdio_ui5_key":"sapm.GenericTile{\"header\":\"Manage Resources\"}"}]}
RESULT: undefined
COMMAND: POST /session/0ffaedec2ff4d329b9cb85ca897a1301/element - {"using":"xpath","value":"//*[@id=\"__tile39\"]"}
RESULT: {"using":"xpath","value":"//*[@id=\"__tile39\"]"}
COMMAND: POST /session/0ffaedec2ff4d329b9cb85ca897a1301/element/f.9119AA68FED8A447B03A71089BFD3ED7.d.1DD5E2DB9D9294E1794B2D6278A9594B.e.14649/click - {}
RESULT: {}
COMMAND: GET /session/0ffaedec2ff4d329b9cb85ca897a1301/screenshot - {}
RESULT: {}
COMMAND: POST /session/0ffaedec2ff4d329b9cb85ca897a1301/elements - {"using":"xpath","value":"//span[text()='Error']"}
RESULT: {"using":"xpath","value":"//span[text()='Error']"}
COMMAND: POST /session/0ffaedec2ff4d329b9cb85ca897a1301/element - {"using":"xpath","value":"//button[@data-kt=\"addNewRUOverflowToolbarButton\"]"}
RESULT: {"using":"xpath","value":"//button[@data-kt=\"addNewRUOverflowToolbarButton\"]"}
COMMAND: POST /session/0ffaedec2ff4d329b9cb85ca897a1301/elements - {"using":"xpath","value":"//button[@data-kt=\"addNewRUOverflowToolbarButton\"]"}
RESULT: {"using":"xpath","value":"//button[@data-kt=\"addNewRUOverflowToolbarButton\"]"}
COMMAND: POST /session/0ffaedec2ff4d329b9cb85ca897a1301/elements - {"using":"xpath","value":"//button[@data-kt=\"addNewRUOverflowToolbarButton\"]"}
RESULT: {"using":"xpath","value":"//button[@data-kt=\"addNewRUOverflowToolbarButton\"]"}
COMMAND: POST /session/0ffaedec2ff4d329b9cb85ca897a1301/elements - {"using":"xpath","value":"//button[@data-kt=\"addNewRUOverflowToolbarButton\"]"}
RESULT: {"using":"xpath","value":"//button[@data-kt=\"addNewRUOverflowToolbarButton\"]"}
COMMAND: POST /session/0ffaedec2ff4d329b9cb85ca897a1301/element - {"using":"xpath","value":"//button[@data-kt=\"addNewRUOverflowToolbarButton\"]"}
RESULT: {"using":"xpath","value":"//button[@data-kt=\"addNewRUOverflowToolbarButton\"]"}
COMMAND: POST /session/0ffaedec2ff4d329b9cb85ca897a1301/execute/sync - {"script":"<script> [8489 bytes]","args":[{"element-6066-11e4-a52e-4f735466cecf":"f.9119AA68FED8A447B03A71089BFD3ED7.d.1DD5E2DB9D9294E1794B2D6278A9594B.e.14801","ELEMENT":"f.9119AA68FED8A447B03A71089BFD3ED7.d.1DD5E2DB9D9294E1794B2D6278A9594B.e.14801"}]}
RESULT: {"script":"<script> [8489 bytes]","args":[{"element-6066-11e4-a52e-4f735466cecf":"f.9119AA68FED8A447B03A71089BFD3ED7.d.1DD5E2DB9D9294E1794B2D6278A9594B.e.14801","ELEMENT":"f.9119AA68FED8A447B03A71089BFD3ED7.d.1DD5E2DB9D9294E1794B2D6278A9594B.e.14801"}]}
COMMAND: GET /session/0ffaedec2ff4d329b9cb85ca897a1301/element/f.9119AA68FED8A447B03A71089BFD3ED7.d.1DD5E2DB9D9294E1794B2D6278A9594B.e.14801/enabled - {}
COMMAND: GET /session/0ffaedec2ff4d329b9cb85ca897a1301/screenshot - {}
RESULT: {}
COMMAND: POST /session/0ffaedec2ff4d329b9cb85ca897a1301/execute/sync - {"script":"<script> [8489 bytes]","args":[{"element-6066-11e4-a52e-4f735466cecf":"f.9119AA68FED8A447B03A71089BFD3ED7.d.1DD5E2DB9D9294E1794B2D6278A9594B.e.14801","ELEMENT":"f.9119AA68FED8A447B03A71089BFD3ED7.d.1DD5E2DB9D9294E1794B2D6278A9594B.e.14801"}]}
COMMAND: GET /session/0ffaedec2ff4d329b9cb85ca897a1301/screenshot - {}
RESULT: {}
RESULT: {"script":"<script> [8489 bytes]","args":[{"element-6066-11e4-a52e-4f735466cecf":"f.9119AA68FED8A447B03A71089BFD3ED7.d.1DD5E2DB9D9294E1794B2D6278A9594B.e.14801","ELEMENT":"f.9119AA68FED8A447B03A71089BFD3ED7.d.1DD5E2DB9D9294E1794B2D6278A9594B.e.14801"}]}
COMMAND: POST /session/0ffaedec2ff4d329b9cb85ca897a1301/execute/sync - {"script":"<script> [5351 bytes]","args":[{"element-6066-11e4-a52e-4f735466cecf":"f.9119AA68FED8A447B03A71089BFD3ED7.d.1DD5E2DB9D9294E1794B2D6278A9594B.e.14801","ELEMENT":"f.9119AA68FED8A447B03A71089BFD3ED7.d.1DD5E2DB9D9294E1794B2D6278A9594B.e.14801"}]}
COMMAND: GET /session/0ffaedec2ff4d329b9cb85ca897a1301/screenshot - {}
RESULT: {}
RESULT: {"script":"<script> [5351 bytes]","args":[{"element-6066-11e4-a52e-4f735466cecf":"f.9119AA68FED8A447B03A71089BFD3ED7.d.1DD5E2DB9D9294E1794B2D6278A9594B.e.14801","ELEMENT":"f.9119AA68FED8A447B03A71089BFD3ED7.d.1DD5E2DB9D9294E1794B2D6278A9594B.e.14801"}]}
COMMAND: POST /session/0ffaedec2ff4d329b9cb85ca897a1301/element/f.9119AA68FED8A447B03A71089BFD3ED7.d.1DD5E2DB9D9294E1794B2D6278A9594B.e.14801/click - {}
COMMAND: GET /session/0ffaedec2ff4d329b9cb85ca897a1301/screenshot - {}
RESULT: {}
RESULT: {}
COMMAND: GET /session/0ffaedec2ff4d329b9cb85ca897a1301/screenshot - {}
RESULT: {}
COMMAND: POST /session/0ffaedec2ff4d329b9cb85ca897a1301/execute/async - {"script":"<script> [1562 bytes]","args":[{"selector":{"id":"application-manageresources-display-component---newResourceUnit--TYPE-arrow"},"wdio_ui5_key":"applicationmanageresources-display-component---newResourceUnit--TYPE-arrow"}]}
RESULT: {}
RESULT: {"script":"<script> [1562 bytes]","args":[{"selector":{"id":"application-manageresources-display-component---newResourceUnit--TYPE-arrow"},"wdio_ui5_key":"applicationmanageresources-display-component---newResourceUnit--TYPE-arrow"}]}
RESULT: undefined
COMMAND: POST /session/0ffaedec2ff4d329b9cb85ca897a1301/element - {"using":"xpath","value":"//*[@id=\"application-manageresources-display-component---newResourceUnit--TYPE-arrow\"]"}
RESULT: {"using":"xpath","value":"//*[@id=\"application-manageresources-display-component---newResourceUnit--TYPE-arrow\"]"}
COMMAND: POST /session/0ffaedec2ff4d329b9cb85ca897a1301/element/f.9119AA68FED8A447B03A71089BFD3ED7.d.1DD5E2DB9D9294E1794B2D6278A9594B.e.15152/click - {}
RESULT: {}
COMMAND: POST /session/0ffaedec2ff4d329b9cb85ca897a1301/element - {"using":"xpath","value":"//input[@id=\"application-manageresources-display-component---newResourceUnit--TYPE-inner\"]"}
COMMAND: GET /session/0ffaedec2ff4d329b9cb85ca897a1301/screenshot - {}
RESULT: {"using":"xpath","value":"//input[@id=\"application-manageresources-display-component---newResourceUnit--TYPE-inner\"]"}
COMMAND: POST /session/0ffaedec2ff4d329b9cb85ca897a1301/element/f.9119AA68FED8A447B03A71089BFD3ED7.d.1DD5E2DB9D9294E1794B2D6278A9594B.e.15144/clear - {}
RESULT: {}
RESULT: {}
COMMAND: POST /session/0ffaedec2ff4d329b9cb85ca897a1301/element/f.9119AA68FED8A447B03A71089BFD3ED7.d.1DD5E2DB9D9294E1794B2D6278A9594B.e.15144/value - {"text":"Equipment"}
COMMAND: GET /session/0ffaedec2ff4d329b9cb85ca897a1301/screenshot - {}
RESULT: {"text":"Equipment"}
COMMAND: GET /session/0ffaedec2ff4d329b9cb85ca897a1301/screenshot - {}
RESULT: {}
RESULT: {}
COMMAND: POST /session/0ffaedec2ff4d329b9cb85ca897a1301/actions - {"actions":[{"id":"action45","type":"key","parameters":{},"actions":[{"type":"keyDown","value":""},{"type":"pause","duration":10},{"type":"keyUp","value":""}]}]}
RESULT: {"actions":[{"id":"action45","type":"key","parameters":{},"actions":[{"type":"keyDown","value":""},{"type":"pause","duration":10},{"type":"keyUp","value":""}]}]}
COMMAND: POST /session/0ffaedec2ff4d329b9cb85ca897a1301/execute/async - {"script":"<script> [1562 bytes]","args":[{"selector":{"id":"application-manageresources-display-component---newResourceUnit--resourceId","interaction":{"idSuffix":"inner"}},"wdio_ui5_key":"applicationmanageresources-display-component---newResourceUnit--resourceId"}]}
COMMAND: GET /session/0ffaedec2ff4d329b9cb85ca897a1301/screenshot - {}
RESULT: {"script":"<script> [1562 bytes]","args":[{"selector":{"id":"application-manageresources-display-component---newResourceUnit--resourceId","interaction":{"idSuffix":"inner"}},"wdio_ui5_key":"applicationmanageresources-display-component---newResourceUnit--resourceId"}]}
RESULT: undefined
COMMAND: POST /session/0ffaedec2ff4d329b9cb85ca897a1301/execute/async - {"script":"<script> [776 bytes]","args":[{"enterText":"VaL5yaH2PE","selector":{"id":"application-manageresources-display-component---newResourceUnit--resourceId","interaction":{"idSuffix":"inner"}},"clearTextFirst":true,"interactionType":"ENTER_TEXT"}]}
RESULT: {}
RESULT: {"script":"<script> [776 bytes]","args":[{"enterText":"VaL5yaH2PE","selector":{"id":"application-manageresources-display-component---newResourceUnit--resourceId","interaction":{"idSuffix":"inner"}},"clearTextFirst":true,"interactionType":"ENTER_TEXT"}]}
COMMAND: POST /session/0ffaedec2ff4d329b9cb85ca897a1301/execute/async - {"script":"<script> [1562 bytes]","args":[{"selector":{"id":"application-manageresources-display-component---newResourceUnit--SHORT_TEXT","interaction":{"idSuffix":"inner"}},"wdio_ui5_key":"applicationmanageresources-display-component---newResourceUnit--SHORT_TEXT"}]}
RESULT: {"script":"<script> [1562 bytes]","args":[{"selector":{"id":"application-manageresources-display-component---newResourceUnit--SHORT_TEXT","interaction":{"idSuffix":"inner"}},"wdio_ui5_key":"applicationmanageresources-display-component---newResourceUnit--SHORT_TEXT"}]}
RESULT: undefined
COMMAND: POST /session/0ffaedec2ff4d329b9cb85ca897a1301/execute/async - {"script":"<script> [776 bytes]","args":[{"enterText":"Intercompany Equipment WDIO","selector":{"id":"application-manageresources-display-component---newResourceUnit--SHORT_TEXT","interaction":{"idSuffix":"inner"}},"clearTextFirst":true,"interactionType":"ENTER_TEXT"}]}
RESULT: {"script":"<script> [776 bytes]","args":[{"enterText":"Intercompany Equipment WDIO","selector":{"id":"application-manageresources-display-component---newResourceUnit--SHORT_TEXT","interaction":{"idSuffix":"inner"}},"clearTextFirst":true,"interactionType":"ENTER_TEXT"}]}
COMMAND: POST /session/0ffaedec2ff4d329b9cb85ca897a1301/execute/async - {"script":"<script> [1562 bytes]","args":[{"selector":{"id":"application-manageresources-display-component---newResourceUnit--BASE_UNIT_OF_MEASURE","interaction":{"idSuffix":"inner"}},"wdio_ui5_key":"applicationmanageresources-display-component---newResourceUnit--BASE_UNIT_OF_MEASURE"}]}
RESULT: {"script":"<script> [1562 bytes]","args":[{"selector":{"id":"application-manageresources-display-component---newResourceUnit--BASE_UNIT_OF_MEASURE","interaction":{"idSuffix":"inner"}},"wdio_ui5_key":"applicationmanageresources-display-component---newResourceUnit--BASE_UNIT_OF_MEASURE"}]}
RESULT: undefined
COMMAND: POST /session/0ffaedec2ff4d329b9cb85ca897a1301/execute/async - {"script":"<script> [776 bytes]","args":[{"enterText":"Piece","selector":{"id":"application-manageresources-display-component---newResourceUnit--BASE_UNIT_OF_MEASURE","interaction":{"idSuffix":"inner"}},"clearTextFirst":true,"interactionType":"ENTER_TEXT"}]}
RESULT: {"script":"<script> [776 bytes]","args":[{"enterText":"Piece","selector":{"id":"application-manageresources-display-component---newResourceUnit--BASE_UNIT_OF_MEASURE","interaction":{"idSuffix":"inner"}},"clearTextFirst":true,"interactionType":"ENTER_TEXT"}]}
COMMAND: POST /session/0ffaedec2ff4d329b9cb85ca897a1301/execute/async - {"script":"<script> [1562 bytes]","args":[{"selector":{"id":"application-manageresources-display-component---newResourceUnit--WEIGHT_UNIT","interaction":{"idSuffix":"inner"}},"wdio_ui5_key":"applicationmanageresources-display-component---newResourceUnit--WEIGHT_UNIT"}]}
RESULT: {"script":"<script> [1562 bytes]","args":[{"selector":{"id":"application-manageresources-display-component---newResourceUnit--WEIGHT_UNIT","interaction":{"idSuffix":"inner"}},"wdio_ui5_key":"applicationmanageresources-display-component---newResourceUnit--WEIGHT_UNIT"}]}
RESULT: undefined
COMMAND: POST /session/0ffaedec2ff4d329b9cb85ca897a1301/execute/async - {"script":"<script> [776 bytes]","args":[{"enterText":"Gram","selector":{"id":"application-manageresources-display-component---newResourceUnit--WEIGHT_UNIT","interaction":{"idSuffix":"inner"}},"clearTextFirst":true,"interactionType":"ENTER_TEXT"}]}
RESULT: {"script":"<script> [776 bytes]","args":[{"enterText":"Gram","selector":{"id":"application-manageresources-display-component---newResourceUnit--WEIGHT_UNIT","interaction":{"idSuffix":"inner"}},"clearTextFirst":true,"interactionType":"ENTER_TEXT"}]}
COMMAND: POST /session/0ffaedec2ff4d329b9cb85ca897a1301/execute/async - {"script":"<script> [1562 bytes]","args":[{"selector":{"id":"application-manageresources-display-component---newResourceUnit--DIMENSION_UNIT","interaction":{"idSuffix":"inner"}},"wdio_ui5_key":"applicationmanageresources-display-component---newResourceUnit--DIMENSION_UNIT"}]}
RESULT: {"script":"<script> [1562 bytes]","args":[{"selector":{"id":"application-manageresources-display-component---newResourceUnit--DIMENSION_UNIT","interaction":{"idSuffix":"inner"}},"wdio_ui5_key":"applicationmanageresources-display-component---newResourceUnit--DIMENSION_UNIT"}]}
RESULT: undefined
COMMAND: POST /session/0ffaedec2ff4d329b9cb85ca897a1301/execute/async - {"script":"<script> [776 bytes]","args":[{"enterText":"Meter","selector":{"id":"application-manageresources-display-component---newResourceUnit--DIMENSION_UNIT","interaction":{"idSuffix":"inner"}},"clearTextFirst":true,"interactionType":"ENTER_TEXT"}]}
RESULT: {"script":"<script> [776 bytes]","args":[{"enterText":"Meter","selector":{"id":"application-manageresources-display-component---newResourceUnit--DIMENSION_UNIT","interaction":{"idSuffix":"inner"}},"clearTextFirst":true,"interactionType":"ENTER_TEXT"}]}
COMMAND: POST /session/0ffaedec2ff4d329b9cb85ca897a1301/execute/async - {"script":"<script> [1562 bytes]","args":[{"selector":{"id":"application-manageresources-display-component---newResourceUnit--newRRUPage-anchBar-application-manageresources-display-component---newResourceUnit--control-anchor","interaction":{"idSuffix":"BDI-content"}},"wdio_ui5_key":"applicationmanageresources-display-component---newResourceUnit--newRRUPage-anchBar-application-manageresources-display-component---newResourceUnit--control-anchor"}]}
RESULT: {"script":"<script> [1562 bytes]","args":[{"selector":{"id":"application-manageresources-display-component---newResourceUnit--newRRUPage-anchBar-application-manageresources-display-component---newResourceUnit--control-anchor","interaction":{"idSuffix":"BDI-content"}},"wdio_ui5_key":"applicationmanageresources-display-component---newResourceUnit--newRRUPage-anchBar-application-manageresources-display-component---newResourceUnit--control-anchor"}]}
RESULT: undefined
COMMAND: POST /session/0ffaedec2ff4d329b9cb85ca897a1301/element - {"using":"xpath","value":"//*[@id=\"application-manageresources-display-component---newResourceUnit--newRRUPage-anchBar-application-manageresources-display-component---newResourceUnit--control-anchor\"]"}
RESULT: {"using":"xpath","value":"//*[@id=\"application-manageresources-display-component---newResourceUnit--newRRUPage-anchBar-application-manageresources-display-component---newResourceUnit--control-anchor\"]"}
COMMAND: POST /session/0ffaedec2ff4d329b9cb85ca897a1301/element/f.9119AA68FED8A447B03A71089BFD3ED7.d.1DD5E2DB9D9294E1794B2D6278A9594B.e.15311/click - {}
RESULT: {}
COMMAND: POST /session/0ffaedec2ff4d329b9cb85ca897a1301/execute/async - {"script":"<script> [1562 bytes]","args":[{"selector":{"id":"application-manageresources-display-component---newResourceUnit--PLANNING_GROUP","interaction":{"idSuffix":"inner"}},"wdio_ui5_key":"applicationmanageresources-display-component---newResourceUnit--PLANNING_GROUP"}]}
COMMAND: GET /session/0ffaedec2ff4d329b9cb85ca897a1301/screenshot - {}
RESULT: {"script":"<script> [1562 bytes]","args":[{"selector":{"id":"application-manageresources-display-component---newResourceUnit--PLANNING_GROUP","interaction":{"idSuffix":"inner"}},"wdio_ui5_key":"applicationmanageresources-display-component---newResourceUnit--PLANNING_GROUP"}]}
RESULT: undefined
COMMAND: POST /session/0ffaedec2ff4d329b9cb85ca897a1301/execute/async - {"script":"<script> [776 bytes]","args":[{"enterText":"Heavy Equi","selector":{"id":"application-manageresources-display-component---newResourceUnit--PLANNING_GROUP","interaction":{"idSuffix":"inner"}},"clearTextFirst":true,"interactionType":"ENTER_TEXT"}]}
RESULT: {}
RESULT: {"script":"<script> [776 bytes]","args":[{"enterText":"Heavy Equi","selector":{"id":"application-manageresources-display-component---newResourceUnit--PLANNING_GROUP","interaction":{"idSuffix":"inner"}},"clearTextFirst":true,"interactionType":"ENTER_TEXT"}]}
COMMAND: POST /session/0ffaedec2ff4d329b9cb85ca897a1301/execute/async - {"script":"<script> [1562 bytes]","args":[{"selector":{"id":"application-manageresources-display-component---newResourceUnit--ITEM_TYPE-arrow"},"wdio_ui5_key":"applicationmanageresources-display-component---newResourceUnit--ITEM_TYPE-arrow"}]}
RESULT: {"script":"<script> [1562 bytes]","args":[{"selector":{"id":"application-manageresources-display-component---newResourceUnit--ITEM_TYPE-arrow"},"wdio_ui5_key":"applicationmanageresources-display-component---newResourceUnit--ITEM_TYPE-arrow"}]}
RESULT: undefined
COMMAND: POST /session/0ffaedec2ff4d329b9cb85ca897a1301/element - {"using":"xpath","value":"//*[@id=\"application-manageresources-display-component---newResourceUnit--ITEM_TYPE-arrow\"]"}
RESULT: {"using":"xpath","value":"//*[@id=\"application-manageresources-display-component---newResourceUnit--ITEM_TYPE-arrow\"]"}
COMMAND: POST /session/0ffaedec2ff4d329b9cb85ca897a1301/element/f.9119AA68FED8A447B03A71089BFD3ED7.d.1DD5E2DB9D9294E1794B2D6278A9594B.e.15320/click - {}
RESULT: {}
COMMAND: POST /session/0ffaedec2ff4d329b9cb85ca897a1301/element - {"using":"xpath","value":"(//span[contains(text(), \"Resource Unit\")])[2]"}
COMMAND: GET /session/0ffaedec2ff4d329b9cb85ca897a1301/screenshot - {}
RESULT: {"using":"xpath","value":"(//span[contains(text(), \"Resource Unit\")])[2]"}
COMMAND: POST /session/0ffaedec2ff4d329b9cb85ca897a1301/element/f.9119AA68FED8A447B03A71089BFD3ED7.d.1DD5E2DB9D9294E1794B2D6278A9594B.e.15321/click - {}
RESULT: {}
RESULT: {}
COMMAND: GET /session/0ffaedec2ff4d329b9cb85ca897a1301/screenshot - {}
RESULT: {}
COMMAND: POST /session/0ffaedec2ff4d329b9cb85ca897a1301/element - {"using":"css selector","value":"#application-manageresources-display-component---newResourceUnit--btnAddTimeSegment"}
RESULT: {"using":"css selector","value":"#application-manageresources-display-component---newResourceUnit--btnAddTimeSegment"}
COMMAND: GET /session/0ffaedec2ff4d329b9cb85ca897a1301/element/f.9119AA68FED8A447B03A71089BFD3ED7.d.1DD5E2DB9D9294E1794B2D6278A9594B.e.15328/rect - {}
RESULT: {}
COMMAND: GET /session/0ffaedec2ff4d329b9cb85ca897a1301/window/rect - {}
RESULT: {}
COMMAND: POST /session/0ffaedec2ff4d329b9cb85ca897a1301/execute/sync - {"script":"<script> [92 bytes]","args":[]}
RESULT: {"script":"<script> [92 bytes]","args":[]}
COMMAND: POST /session/0ffaedec2ff4d329b9cb85ca897a1301/actions - {"actions":[{"id":"action46","type":"wheel","parameters":{},"actions":[{"type":"scroll","x":-1888,"y":-32,"deltaX":0,"deltaY":0,"duration":0,"origin":{"element-6066-11e4-a52e-4f735466cecf":"f.9119AA68FED8A447B03A71089BFD3ED7.d.1DD5E2DB9D9294E1794B2D6278A9594B.e.15328"}}]}]}
COMMAND: GET /session/0ffaedec2ff4d329b9cb85ca897a1301/screenshot - {}
RESULT: {}
COMMAND: POST /session/0ffaedec2ff4d329b9cb85ca897a1301/execute/sync - {"script":"<script> [79 bytes]","args":[{"element-6066-11e4-a52e-4f735466cecf":"f.9119AA68FED8A447B03A71089BFD3ED7.d.1DD5E2DB9D9294E1794B2D6278A9594B.e.15328","ELEMENT":"f.9119AA68FED8A447B03A71089BFD3ED7.d.1DD5E2DB9D9294E1794B2D6278A9594B.e.15328"},{"block":"start","inline":"nearest"}]}
RESULT: {"script":"<script> [79 bytes]","args":[{"element-6066-11e4-a52e-4f735466cecf":"f.9119AA68FED8A447B03A71089BFD3ED7.d.1DD5E2DB9D9294E1794B2D6278A9594B.e.15328","ELEMENT":"f.9119AA68FED8A447B03A71089BFD3ED7.d.1DD5E2DB9D9294E1794B2D6278A9594B.e.15328"},{"block":"start","inline":"nearest"}]}
COMMAND: POST /session/0ffaedec2ff4d329b9cb85ca897a1301/execute/async - {"script":"<script> [1562 bytes]","args":[{"selector":{"id":"application-manageresources-display-component---newResourceUnit--btnAddTimeSegment","interaction":{"idSuffix":"inner"}},"wdio_ui5_key":"applicationmanageresources-display-component---newResourceUnit--btnAddTimeSegment"}]}
COMMAND: GET /session/0ffaedec2ff4d329b9cb85ca897a1301/screenshot - {}
RESULT: {"script":"<script> [1562 bytes]","args":[{"selector":{"id":"application-manageresources-display-component---newResourceUnit--btnAddTimeSegment","interaction":{"idSuffix":"inner"}},"wdio_ui5_key":"applicationmanageresources-display-component---newResourceUnit--btnAddTimeSegment"}]}
RESULT: undefined
COMMAND: POST /session/0ffaedec2ff4d329b9cb85ca897a1301/element - {"using":"xpath","value":"//*[@id=\"application-manageresources-display-component---newResourceUnit--btnAddTimeSegment\"]"}
RESULT: {}
RESULT: {"using":"xpath","value":"//*[@id=\"application-manageresources-display-component---newResourceUnit--btnAddTimeSegment\"]"}
COMMAND: POST /session/0ffaedec2ff4d329b9cb85ca897a1301/element/f.9119AA68FED8A447B03A71089BFD3ED7.d.1DD5E2DB9D9294E1794B2D6278A9594B.e.15328/click - {}
RESULT: {}
COMMAND: GET /session/0ffaedec2ff4d329b9cb85ca897a1301/screenshot - {}
RESULT: {}
COMMAND: POST /session/0ffaedec2ff4d329b9cb85ca897a1301/element - {"using":"xpath","value":"//input[@id=\"application-manageresources-display-component---newResourceUnit--idRuTSAdmin-application-manageresources-display-component---newResourceUnit--RUTimeSegment-0-inner\"]"}
RESULT: {"using":"xpath","value":"//input[@id=\"application-manageresources-display-component---newResourceUnit--idRuTSAdmin-application-manageresources-display-component---newResourceUnit--RUTimeSegment-0-inner\"]"}
COMMAND: POST /session/0ffaedec2ff4d329b9cb85ca897a1301/element/f.9119AA68FED8A447B03A71089BFD3ED7.d.1DD5E2DB9D9294E1794B2D6278A9594B.e.15334/clear - {}
RESULT: {}
COMMAND: POST /session/0ffaedec2ff4d329b9cb85ca897a1301/element/f.9119AA68FED8A447B03A71089BFD3ED7.d.1DD5E2DB9D9294E1794B2D6278A9594B.e.15334/value - {"text":"348"}
COMMAND: GET /session/0ffaedec2ff4d329b9cb85ca897a1301/screenshot - {}
RESULT: {"text":"348"}
COMMAND: GET /session/0ffaedec2ff4d329b9cb85ca897a1301/screenshot - {}
RESULT: {}
RESULT: {}
COMMAND: POST /session/0ffaedec2ff4d329b9cb85ca897a1301/element - {"using":"xpath","value":"//li[.//span[text()='348']]"}
RESULT: {"using":"xpath","value":"//li[.//span[text()='348']]"}
COMMAND: POST /session/0ffaedec2ff4d329b9cb85ca897a1301/element/f.9119AA68FED8A447B03A71089BFD3ED7.d.1DD5E2DB9D9294E1794B2D6278A9594B.e.15346/click - {}
RESULT: {}
COMMAND: GET /session/0ffaedec2ff4d329b9cb85ca897a1301/screenshot - {}
RESULT: {}
COMMAND: POST /session/0ffaedec2ff4d329b9cb85ca897a1301/element - {"using":"xpath","value":"(//span[contains(@id, \"-application-manageresources-display-component---newResourceUnit--RUTimeSegment-0-arrow\")])[6]"}
RESULT: {"using":"xpath","value":"(//span[contains(@id, \"-application-manageresources-display-component---newResourceUnit--RUTimeSegment-0-arrow\")])[6]"}
COMMAND: POST /session/0ffaedec2ff4d329b9cb85ca897a1301/element/f.9119AA68FED8A447B03A71089BFD3ED7.d.1DD5E2DB9D9294E1794B2D6278A9594B.e.15347/click - {}
RESULT: {}
COMMAND: GET /session/0ffaedec2ff4d329b9cb85ca897a1301/screenshot - {}
RESULT: {}
COMMAND: POST /session/0ffaedec2ff4d329b9cb85ca897a1301/element - {"using":"xpath","value":"//span[contains(text(), \"PM Order\")]"}
RESULT: {"using":"xpath","value":"//span[contains(text(), \"PM Order\")]"}
COMMAND: POST /session/0ffaedec2ff4d329b9cb85ca897a1301/element/f.9119AA68FED8A447B03A71089BFD3ED7.d.1DD5E2DB9D9294E1794B2D6278A9594B.e.15350/click - {}
RESULT: {}
COMMAND: GET /session/0ffaedec2ff4d329b9cb85ca897a1301/screenshot - {}
RESULT: {}
COMMAND: POST /session/0ffaedec2ff4d329b9cb85ca897a1301/element - {"using":"xpath","value":"(//span[contains(@id ,\"manageresources-display-component---newResourceUnit--RUTimeSegment-0-vhi\")])[1]"}
RESULT: {"using":"xpath","value":"(//span[contains(@id ,\"manageresources-display-component---newResourceUnit--RUTimeSegment-0-vhi\")])[1]"}
COMMAND: GET /session/0ffaedec2ff4d329b9cb85ca897a1301/element/f.9119AA68FED8A447B03A71089BFD3ED7.d.1DD5E2DB9D9294E1794B2D6278A9594B.e.15354/rect - {}
RESULT: {}
COMMAND: GET /session/0ffaedec2ff4d329b9cb85ca897a1301/window/rect - {}
RESULT: {}
COMMAND: POST /session/0ffaedec2ff4d329b9cb85ca897a1301/execute/sync - {"script":"<script> [92 bytes]","args":[]}
RESULT: {"script":"<script> [92 bytes]","args":[]}
COMMAND: POST /session/0ffaedec2ff4d329b9cb85ca897a1301/actions - {"actions":[{"id":"action47","type":"wheel","parameters":{},"actions":[{"type":"scroll","x":-869,"y":-24,"deltaX":0,"deltaY":0,"duration":0,"origin":{"element-6066-11e4-a52e-4f735466cecf":"f.9119AA68FED8A447B03A71089BFD3ED7.d.1DD5E2DB9D9294E1794B2D6278A9594B.e.15354"}}]}]}
COMMAND: GET /session/0ffaedec2ff4d329b9cb85ca897a1301/screenshot - {}
RESULT: {"actions":[{"id":"action47","type":"wheel","parameters":{},"actions":[{"type":"scroll","x":-869,"y":-24,"deltaX":0,"deltaY":0,"duration":0,"origin":{"element-6066-11e4-a52e-4f735466cecf":"f.9119AA68FED8A447B03A71089BFD3ED7.d.1DD5E2DB9D9294E1794B2D6278A9594B.e.15354"}}]}]}
COMMAND: DELETE /session/0ffaedec2ff4d329b9cb85ca897a1301/actions - {}
COMMAND: GET /session/0ffaedec2ff4d329b9cb85ca897a1301/screenshot - {}
RESULT: {}
RESULT: {}
COMMAND: GET /session/0ffaedec2ff4d329b9cb85ca897a1301/screenshot - {}
RESULT: {}
RESULT: {}
COMMAND: POST /session/0ffaedec2ff4d329b9cb85ca897a1301/element/f.9119AA68FED8A447B03A71089BFD3ED7.d.1DD5E2DB9D9294E1794B2D6278A9594B.e.15354/click - {}
RESULT: {}
COMMAND: GET /session/0ffaedec2ff4d329b9cb85ca897a1301/screenshot - {}
RESULT: {}
COMMAND: POST /session/0ffaedec2ff4d329b9cb85ca897a1301/execute/async - {"script":"<script> [1562 bytes]","args":[{"selector":{"controlType":"sap.m.SearchField","properties":{"placeholder":"Search"},"searchOpenDialogs":true,"interaction":{"idSuffix":"I"}},"wdio_ui5_key":"sapm.SearchField{\"placeholder\":\"Search\"}"}]}
RESULT: {"script":"<script> [1562 bytes]","args":[{"selector":{"controlType":"sap.m.SearchField","properties":{"placeholder":"Search"},"searchOpenDialogs":true,"interaction":{"idSuffix":"I"}},"wdio_ui5_key":"sapm.SearchField{\"placeholder\":\"Search\"}"}]}
RESULT: undefined
COMMAND: POST /session/0ffaedec2ff4d329b9cb85ca897a1301/execute/async - {"script":"<script> [776 bytes]","args":[{"enterText":"4000360","selector":{"controlType":"sap.m.SearchField","properties":{"placeholder":"Search"},"searchOpenDialogs":true,"interaction":{"idSuffix":"I"}},"clearTextFirst":true,"interactionType":"ENTER_TEXT"}]}
RESULT: {"script":"<script> [776 bytes]","args":[{"enterText":"4000360","selector":{"controlType":"sap.m.SearchField","properties":{"placeholder":"Search"},"searchOpenDialogs":true,"interaction":{"idSuffix":"I"}},"clearTextFirst":true,"interactionType":"ENTER_TEXT"}]}
COMMAND: POST /session/0ffaedec2ff4d329b9cb85ca897a1301/actions - {"actions":[{"id":"action48","type":"key","parameters":{},"actions":[{"type":"keyDown","value":""},{"type":"pause","duration":10},{"type":"keyUp","value":""}]}]}
RESULT: {"actions":[{"id":"action48","type":"key","parameters":{},"actions":[{"type":"keyDown","value":""},{"type":"pause","duration":10},{"type":"keyUp","value":""}]}]}
COMMAND: GET /session/0ffaedec2ff4d329b9cb85ca897a1301/screenshot - {}
RESULT: {}
COMMAND: POST /session/0ffaedec2ff4d329b9cb85ca897a1301/element - {"using":"xpath","value":"//td/div/span[contains(text(), \"BGL Vehicles\")]"}
RESULT: {"using":"xpath","value":"//td/div/span[contains(text(), \"BGL Vehicles\")]"}
COMMAND: POST /session/0ffaedec2ff4d329b9cb85ca897a1301/element/f.9119AA68FED8A447B03A71089BFD3ED7.d.1DD5E2DB9D9294E1794B2D6278A9594B.e.15377/click - {}
RESULT: {}
COMMAND: GET /session/0ffaedec2ff4d329b9cb85ca897a1301/screenshot - {}
RESULT: {}
COMMAND: POST /session/0ffaedec2ff4d329b9cb85ca897a1301/element - {"using":"xpath","value":"//bdi[contains(text(), \"OK\")]"}
RESULT: {"using":"xpath","value":"//bdi[contains(text(), \"OK\")]"}
COMMAND: POST /session/0ffaedec2ff4d329b9cb85ca897a1301/element/f.9119AA68FED8A447B03A71089BFD3ED7.d.1DD5E2DB9D9294E1794B2D6278A9594B.e.15378/click - {}
RESULT: {}
COMMAND: GET /session/0ffaedec2ff4d329b9cb85ca897a1301/screenshot - {}
RESULT: {}
COMMAND: POST /session/0ffaedec2ff4d329b9cb85ca897a1301/execute/async - {"script":"<script> [1562 bytes]","args":[{"selector":{"id":"application-manageresources-display-component---newResourceUnit--newRRUPage-anchBar-application-manageresources-display-component---newResourceUnit--resource-anchor","interaction":{"idSuffix":"BDI-content"}},"wdio_ui5_key":"applicationmanageresources-display-component---newResourceUnit--newRRUPage-anchBar-application-manageresources-display-component---newResourceUnit--resource-anchor"}]}
RESULT: {"script":"<script> [1562 bytes]","args":[{"selector":{"id":"application-manageresources-display-component---newResourceUnit--newRRUPage-anchBar-application-manageresources-display-component---newResourceUnit--resource-anchor","interaction":{"idSuffix":"BDI-content"}},"wdio_ui5_key":"applicationmanageresources-display-component---newResourceUnit--newRRUPage-anchBar-application-manageresources-display-component---newResourceUnit--resource-anchor"}]}
RESULT: undefined
COMMAND: POST /session/0ffaedec2ff4d329b9cb85ca897a1301/element - {"using":"xpath","value":"//*[@id=\"application-manageresources-display-component---newResourceUnit--newRRUPage-anchBar-application-manageresources-display-component---newResourceUnit--resource-anchor\"]"}
RESULT: {"using":"xpath","value":"//*[@id=\"application-manageresources-display-component---newResourceUnit--newRRUPage-anchBar-application-manageresources-display-component---newResourceUnit--resource-anchor\"]"}
COMMAND: POST /session/0ffaedec2ff4d329b9cb85ca897a1301/element/f.9119AA68FED8A447B03A71089BFD3ED7.d.1DD5E2DB9D9294E1794B2D6278A9594B.e.15382/click - {}
RESULT: {}
COMMAND: POST /session/0ffaedec2ff4d329b9cb85ca897a1301/execute/async - {"script":"<script> [1562 bytes]","args":[{"selector":{"id":"application-manageresources-display-component---newResourceUnit--PLANNED_DELIVERY_DATE","interaction":{"idSuffix":"inner"}},"wdio_ui5_key":"applicationmanageresources-display-component---newResourceUnit--PLANNED_DELIVERY_DATE"}]}
COMMAND: GET /session/0ffaedec2ff4d329b9cb85ca897a1301/screenshot - {}
RESULT: {"script":"<script> [1562 bytes]","args":[{"selector":{"id":"application-manageresources-display-component---newResourceUnit--PLANNED_DELIVERY_DATE","interaction":{"idSuffix":"inner"}},"wdio_ui5_key":"applicationmanageresources-display-component---newResourceUnit--PLANNED_DELIVERY_DATE"}]}
RESULT: undefined
COMMAND: POST /session/0ffaedec2ff4d329b9cb85ca897a1301/execute/async - {"script":"<script> [6424 bytes]","args":[{"element-6066-11e4-a52e-4f735466cecf":"f.9119AA68FED8A447B03A71089BFD3ED7.d.1DD5E2DB9D9294E1794B2D6278A9594B.e.15210"},"setValue",["5/26/25"]]}
RESULT: {}
RESULT: {"script":"<script> [6424 bytes]","args":[{"element-6066-11e4-a52e-4f735466cecf":"f.9119AA68FED8A447B03A71089BFD3ED7.d.1DD5E2DB9D9294E1794B2D6278A9594B.e.15210"},"setValue",["5/26/25"]]}
COMMAND: POST /session/0ffaedec2ff4d329b9cb85ca897a1301/element - {"using":"xpath","value":"//label[contains(@class, 'sapMLabelRequired') and .//bdi[contains(text(), 'Planned Retirement')]]"}
RESULT: {"using":"xpath","value":"//label[contains(@class, 'sapMLabelRequired') and .//bdi[contains(text(), 'Planned Retirement')]]"}
COMMAND: POST /session/0ffaedec2ff4d329b9cb85ca897a1301/elements - {"using":"xpath","value":"//label[contains(@class, 'sapMLabelRequired') and .//bdi[contains(text(), 'Planned Retirement')]]"}
RESULT: {"using":"xpath","value":"//label[contains(@class, 'sapMLabelRequired') and .//bdi[contains(text(), 'Planned Retirement')]]"}
COMMAND: POST /session/0ffaedec2ff4d329b9cb85ca897a1301/element - {"using":"xpath","value":"//button[@data-kt=\"resourceUnitSaveButton\"]"}
RESULT: {"using":"xpath","value":"//button[@data-kt=\"resourceUnitSaveButton\"]"}
COMMAND: POST /session/0ffaedec2ff4d329b9cb85ca897a1301/element/f.9119AA68FED8A447B03A71089BFD3ED7.d.1DD5E2DB9D9294E1794B2D6278A9594B.e.15170/click - {}
RESULT: {}
COMMAND: GET /session/0ffaedec2ff4d329b9cb85ca897a1301/screenshot - {}
RESULT: {}
COMMAND: POST /session/0ffaedec2ff4d329b9cb85ca897a1301/element - {"using":"xpath","value":"//bdi[contains(text(), \"Close\")]"}
RESULT: {"using":"xpath","value":"//bdi[contains(text(), \"Close\")]"}
COMMAND: POST /session/0ffaedec2ff4d329b9cb85ca897a1301/element/f.9119AA68FED8A447B03A71089BFD3ED7.d.1DD5E2DB9D9294E1794B2D6278A9594B.e.15390/click - {}
RESULT: {}
COMMAND: GET /session/0ffaedec2ff4d329b9cb85ca897a1301/screenshot - {}
RESULT: {}
COMMAND: POST /session/0ffaedec2ff4d329b9cb85ca897a1301/element - {"using":"xpath","value":"(//button[contains(@id ,\"actionsToolbar-overflowButton\")])[1]"}
RESULT: {"using":"xpath","value":"(//button[contains(@id ,\"actionsToolbar-overflowButton\")])[1]"}
COMMAND: POST /session/0ffaedec2ff4d329b9cb85ca897a1301/element/f.9119AA68FED8A447B03A71089BFD3ED7.d.1DD5E2DB9D9294E1794B2D6278A9594B.e.15419/click - {}
RESULT: {}
COMMAND: GET /session/0ffaedec2ff4d329b9cb85ca897a1301/screenshot - {}
RESULT: {}
COMMAND: POST /session/0ffaedec2ff4d329b9cb85ca897a1301/element - {"using":"xpath","value":"//button[@data-kt=\"priceInfoButton\"]"}
RESULT: {"using":"xpath","value":"//button[@data-kt=\"priceInfoButton\"]"}
COMMAND: POST /session/0ffaedec2ff4d329b9cb85ca897a1301/element/f.9119AA68FED8A447B03A71089BFD3ED7.d.1DD5E2DB9D9294E1794B2D6278A9594B.e.15421/click - {}
RESULT: {}
COMMAND: GET /session/0ffaedec2ff4d329b9cb85ca897a1301/screenshot - {}
RESULT: {}
]]></system-out>
    </testcase>
    <testcase classname="chrome.136_0_7103_93.windows.Billing_transfer_US117289" name="Should create new pricing rule" time="49.55">
      <system-out><![CDATA[
COMMAND: POST /session/0ffaedec2ff4d329b9cb85ca897a1301/element - {"using":"xpath","value":"//button[@data-kt=\"addButton\"]"}
RESULT: {"using":"xpath","value":"//button[@data-kt=\"addButton\"]"}
COMMAND: POST /session/0ffaedec2ff4d329b9cb85ca897a1301/elements - {"using":"xpath","value":"//button[@data-kt=\"addButton\"]"}
RESULT: {"using":"xpath","value":"//button[@data-kt=\"addButton\"]"}
COMMAND: POST /session/0ffaedec2ff4d329b9cb85ca897a1301/execute/sync - {"script":"<script> [8489 bytes]","args":[{"element-6066-11e4-a52e-4f735466cecf":"f.9119AA68FED8A447B03A71089BFD3ED7.d.1DD5E2DB9D9294E1794B2D6278A9594B.e.15457","ELEMENT":"f.9119AA68FED8A447B03A71089BFD3ED7.d.1DD5E2DB9D9294E1794B2D6278A9594B.e.15457"}]}
RESULT: {"script":"<script> [8489 bytes]","args":[{"element-6066-11e4-a52e-4f735466cecf":"f.9119AA68FED8A447B03A71089BFD3ED7.d.1DD5E2DB9D9294E1794B2D6278A9594B.e.15457","ELEMENT":"f.9119AA68FED8A447B03A71089BFD3ED7.d.1DD5E2DB9D9294E1794B2D6278A9594B.e.15457"}]}
COMMAND: GET /session/0ffaedec2ff4d329b9cb85ca897a1301/element/f.9119AA68FED8A447B03A71089BFD3ED7.d.1DD5E2DB9D9294E1794B2D6278A9594B.e.15457/enabled - {}
COMMAND: GET /session/0ffaedec2ff4d329b9cb85ca897a1301/screenshot - {}
RESULT: {}
COMMAND: POST /session/0ffaedec2ff4d329b9cb85ca897a1301/execute/sync - {"script":"<script> [8489 bytes]","args":[{"element-6066-11e4-a52e-4f735466cecf":"f.9119AA68FED8A447B03A71089BFD3ED7.d.1DD5E2DB9D9294E1794B2D6278A9594B.e.15457","ELEMENT":"f.9119AA68FED8A447B03A71089BFD3ED7.d.1DD5E2DB9D9294E1794B2D6278A9594B.e.15457"}]}
COMMAND: GET /session/0ffaedec2ff4d329b9cb85ca897a1301/screenshot - {}
RESULT: {}
RESULT: {"script":"<script> [8489 bytes]","args":[{"element-6066-11e4-a52e-4f735466cecf":"f.9119AA68FED8A447B03A71089BFD3ED7.d.1DD5E2DB9D9294E1794B2D6278A9594B.e.15457","ELEMENT":"f.9119AA68FED8A447B03A71089BFD3ED7.d.1DD5E2DB9D9294E1794B2D6278A9594B.e.15457"}]}
COMMAND: POST /session/0ffaedec2ff4d329b9cb85ca897a1301/execute/sync - {"script":"<script> [5351 bytes]","args":[{"element-6066-11e4-a52e-4f735466cecf":"f.9119AA68FED8A447B03A71089BFD3ED7.d.1DD5E2DB9D9294E1794B2D6278A9594B.e.15457","ELEMENT":"f.9119AA68FED8A447B03A71089BFD3ED7.d.1DD5E2DB9D9294E1794B2D6278A9594B.e.15457"}]}
COMMAND: GET /session/0ffaedec2ff4d329b9cb85ca897a1301/screenshot - {}
RESULT: {}
RESULT: {"script":"<script> [5351 bytes]","args":[{"element-6066-11e4-a52e-4f735466cecf":"f.9119AA68FED8A447B03A71089BFD3ED7.d.1DD5E2DB9D9294E1794B2D6278A9594B.e.15457","ELEMENT":"f.9119AA68FED8A447B03A71089BFD3ED7.d.1DD5E2DB9D9294E1794B2D6278A9594B.e.15457"}]}
COMMAND: POST /session/0ffaedec2ff4d329b9cb85ca897a1301/element/f.9119AA68FED8A447B03A71089BFD3ED7.d.1DD5E2DB9D9294E1794B2D6278A9594B.e.15457/click - {}
COMMAND: GET /session/0ffaedec2ff4d329b9cb85ca897a1301/screenshot - {}
RESULT: {}
RESULT: {}
COMMAND: GET /session/0ffaedec2ff4d329b9cb85ca897a1301/screenshot - {}
RESULT: {}
RESULT: {}
COMMAND: POST /session/0ffaedec2ff4d329b9cb85ca897a1301/execute/async - {"script":"<script> [1562 bytes]","args":[{"selector":{"controlType":"sap.m.Title","viewName":"etm.portal.ui.managepricingrules.view.NewItem","viewId":"application-managepricingrules-display-component---newInfoPriceItem","properties":{"text":"New Pricing Rules - Item Level"}},"wdio_ui5_key":"etmportal.ui.managepricingrules.view.NewItemsap.m.Title{\"text\":\"New Pricing Rules - Item Level\"}"}]}
RESULT: {"script":"<script> [1562 bytes]","args":[{"selector":{"controlType":"sap.m.Title","viewName":"etm.portal.ui.managepricingrules.view.NewItem","viewId":"application-managepricingrules-display-component---newInfoPriceItem","properties":{"text":"New Pricing Rules - Item Level"}},"wdio_ui5_key":"etmportal.ui.managepricingrules.view.NewItemsap.m.Title{\"text\":\"New Pricing Rules - Item Level\"}"}]}
RESULT: undefined
COMMAND: POST /session/0ffaedec2ff4d329b9cb85ca897a1301/execute/async - {"script":"<script> [6424 bytes]","args":[{"element-6066-11e4-a52e-4f735466cecf":"f.9119AA68FED8A447B03A71089BFD3ED7.d.1DD5E2DB9D9294E1794B2D6278A9594B.e.15626"},"getText",[]]}
RESULT: {"script":"<script> [6424 bytes]","args":[{"element-6066-11e4-a52e-4f735466cecf":"f.9119AA68FED8A447B03A71089BFD3ED7.d.1DD5E2DB9D9294E1794B2D6278A9594B.e.15626"},"getText",[]]}
COMMAND: POST /session/0ffaedec2ff4d329b9cb85ca897a1301/execute/async - {"script":"<script> [1562 bytes]","args":[{"selector":{"id":"application-managepricingrules-display-component---newInfoPriceItem--condValidTo","interaction":{"idSuffix":"inner"}},"wdio_ui5_key":"applicationmanagepricingrules-display-component---newInfoPriceItem--condValidTo"}]}
RESULT: {"script":"<script> [1562 bytes]","args":[{"selector":{"id":"application-managepricingrules-display-component---newInfoPriceItem--condValidTo","interaction":{"idSuffix":"inner"}},"wdio_ui5_key":"applicationmanagepricingrules-display-component---newInfoPriceItem--condValidTo"}]}
RESULT: undefined
COMMAND: POST /session/0ffaedec2ff4d329b9cb85ca897a1301/execute/async - {"script":"<script> [776 bytes]","args":[{"enterText":"1/26/26","selector":{"id":"application-managepricingrules-display-component---newInfoPriceItem--condValidTo","interaction":{"idSuffix":"inner"}},"clearTextFirst":true,"interactionType":"ENTER_TEXT"}]}
RESULT: {"script":"<script> [776 bytes]","args":[{"enterText":"1/26/26","selector":{"id":"application-managepricingrules-display-component---newInfoPriceItem--condValidTo","interaction":{"idSuffix":"inner"}},"clearTextFirst":true,"interactionType":"ENTER_TEXT"}]}
COMMAND: POST /session/0ffaedec2ff4d329b9cb85ca897a1301/execute/async - {"script":"<script> [1562 bytes]","args":[{"selector":{"id":"application-managepricingrules-display-component---newInfoPriceItem--billType-arrow"},"wdio_ui5_key":"applicationmanagepricingrules-display-component---newInfoPriceItem--billType-arrow"}]}
RESULT: {"script":"<script> [1562 bytes]","args":[{"selector":{"id":"application-managepricingrules-display-component---newInfoPriceItem--billType-arrow"},"wdio_ui5_key":"applicationmanagepricingrules-display-component---newInfoPriceItem--billType-arrow"}]}
RESULT: undefined
COMMAND: POST /session/0ffaedec2ff4d329b9cb85ca897a1301/element - {"using":"xpath","value":"//*[@id=\"application-managepricingrules-display-component---newInfoPriceItem--billType-arrow\"]"}
RESULT: {"using":"xpath","value":"//*[@id=\"application-managepricingrules-display-component---newInfoPriceItem--billType-arrow\"]"}
COMMAND: POST /session/0ffaedec2ff4d329b9cb85ca897a1301/element/f.9119AA68FED8A447B03A71089BFD3ED7.d.1DD5E2DB9D9294E1794B2D6278A9594B.e.15588/click - {}
RESULT: {}
COMMAND: POST /session/0ffaedec2ff4d329b9cb85ca897a1301/element - {"using":"xpath","value":"//span[contains(text(), \"TB - Time based\")]"}
COMMAND: GET /session/0ffaedec2ff4d329b9cb85ca897a1301/screenshot - {}
RESULT: {"using":"xpath","value":"//span[contains(text(), \"TB - Time based\")]"}
COMMAND: POST /session/0ffaedec2ff4d329b9cb85ca897a1301/element/f.9119AA68FED8A447B03A71089BFD3ED7.d.1DD5E2DB9D9294E1794B2D6278A9594B.e.15629/click - {}
RESULT: {}
RESULT: {}
COMMAND: POST /session/0ffaedec2ff4d329b9cb85ca897a1301/execute/async - {"script":"<script> [1562 bytes]","args":[{"selector":{"id":"application-managepricingrules-display-component---newInfoPriceItem--priceProc-arrow"},"wdio_ui5_key":"applicationmanagepricingrules-display-component---newInfoPriceItem--priceProc-arrow"}]}
COMMAND: GET /session/0ffaedec2ff4d329b9cb85ca897a1301/screenshot - {}
RESULT: {"script":"<script> [1562 bytes]","args":[{"selector":{"id":"application-managepricingrules-display-component---newInfoPriceItem--priceProc-arrow"},"wdio_ui5_key":"applicationmanagepricingrules-display-component---newInfoPriceItem--priceProc-arrow"}]}
RESULT: undefined
COMMAND: POST /session/0ffaedec2ff4d329b9cb85ca897a1301/element - {"using":"xpath","value":"//*[@id=\"application-managepricingrules-display-component---newInfoPriceItem--priceProc-arrow\"]"}
RESULT: {}
RESULT: {"using":"xpath","value":"//*[@id=\"application-managepricingrules-display-component---newInfoPriceItem--priceProc-arrow\"]"}
COMMAND: POST /session/0ffaedec2ff4d329b9cb85ca897a1301/element/f.9119AA68FED8A447B03A71089BFD3ED7.d.1DD5E2DB9D9294E1794B2D6278A9594B.e.15595/click - {}
RESULT: {}
COMMAND: POST /session/0ffaedec2ff4d329b9cb85ca897a1301/element - {"using":"xpath","value":"//span[contains(text(), \"TBS - Time based standard\")]"}
COMMAND: GET /session/0ffaedec2ff4d329b9cb85ca897a1301/screenshot - {}
RESULT: {"using":"xpath","value":"//span[contains(text(), \"TBS - Time based standard\")]"}
COMMAND: POST /session/0ffaedec2ff4d329b9cb85ca897a1301/element/f.9119AA68FED8A447B03A71089BFD3ED7.d.1DD5E2DB9D9294E1794B2D6278A9594B.e.15630/click - {}
RESULT: {}
RESULT: {}
COMMAND: POST /session/0ffaedec2ff4d329b9cb85ca897a1301/execute/async - {"script":"<script> [1562 bytes]","args":[{"selector":{"id":"application-managepricingrules-display-component---newInfoPriceItem--calcBase-arrow"},"wdio_ui5_key":"applicationmanagepricingrules-display-component---newInfoPriceItem--calcBase-arrow"}]}
COMMAND: GET /session/0ffaedec2ff4d329b9cb85ca897a1301/screenshot - {}
RESULT: {"script":"<script> [1562 bytes]","args":[{"selector":{"id":"application-managepricingrules-display-component---newInfoPriceItem--calcBase-arrow"},"wdio_ui5_key":"applicationmanagepricingrules-display-component---newInfoPriceItem--calcBase-arrow"}]}
RESULT: undefined
COMMAND: POST /session/0ffaedec2ff4d329b9cb85ca897a1301/element - {"using":"xpath","value":"//*[@id=\"application-managepricingrules-display-component---newInfoPriceItem--calcBase-arrow\"]"}
RESULT: {}
RESULT: {"using":"xpath","value":"//*[@id=\"application-managepricingrules-display-component---newInfoPriceItem--calcBase-arrow\"]"}
COMMAND: POST /session/0ffaedec2ff4d329b9cb85ca897a1301/element/f.9119AA68FED8A447B03A71089BFD3ED7.d.1DD5E2DB9D9294E1794B2D6278A9594B.e.15602/click - {}
RESULT: {}
COMMAND: GET /session/0ffaedec2ff4d329b9cb85ca897a1301/screenshot - {}
RESULT: {}
COMMAND: POST /session/0ffaedec2ff4d329b9cb85ca897a1301/element - {"using":"xpath","value":"//span[contains(text(), \"0006 - TB(calendar days)\")]"}
RESULT: {"using":"xpath","value":"//span[contains(text(), \"0006 - TB(calendar days)\")]"}
COMMAND: POST /session/0ffaedec2ff4d329b9cb85ca897a1301/element/f.9119AA68FED8A447B03A71089BFD3ED7.d.1DD5E2DB9D9294E1794B2D6278A9594B.e.15631/click - {}
RESULT: {}
COMMAND: GET /session/0ffaedec2ff4d329b9cb85ca897a1301/screenshot - {}
RESULT: {}
COMMAND: POST /session/0ffaedec2ff4d329b9cb85ca897a1301/execute/async - {"script":"<script> [1562 bytes]","args":[{"selector":{"id":"application-managepricingrules-display-component---newInfoPriceItem--daysMonth","interaction":{"idSuffix":"inner"}},"wdio_ui5_key":"applicationmanagepricingrules-display-component---newInfoPriceItem--daysMonth"}]}
RESULT: {"script":"<script> [1562 bytes]","args":[{"selector":{"id":"application-managepricingrules-display-component---newInfoPriceItem--daysMonth","interaction":{"idSuffix":"inner"}},"wdio_ui5_key":"applicationmanagepricingrules-display-component---newInfoPriceItem--daysMonth"}]}
RESULT: undefined
COMMAND: POST /session/0ffaedec2ff4d329b9cb85ca897a1301/execute/async - {"script":"<script> [776 bytes]","args":[{"enterText":"30","selector":{"id":"application-managepricingrules-display-component---newInfoPriceItem--daysMonth","interaction":{"idSuffix":"inner"}},"clearTextFirst":true,"interactionType":"ENTER_TEXT"}]}
RESULT: {"script":"<script> [776 bytes]","args":[{"enterText":"30","selector":{"id":"application-managepricingrules-display-component---newInfoPriceItem--daysMonth","interaction":{"idSuffix":"inner"}},"clearTextFirst":true,"interactionType":"ENTER_TEXT"}]}
COMMAND: POST /session/0ffaedec2ff4d329b9cb85ca897a1301/element - {"using":"xpath","value":"//button[@data-kt=\"saveNewRuleButton\"]"}
RESULT: {"using":"xpath","value":"//button[@data-kt=\"saveNewRuleButton\"]"}
COMMAND: POST /session/0ffaedec2ff4d329b9cb85ca897a1301/element/f.9119AA68FED8A447B03A71089BFD3ED7.d.1DD5E2DB9D9294E1794B2D6278A9594B.e.15622/click - {}
RESULT: {}
COMMAND: GET /session/0ffaedec2ff4d329b9cb85ca897a1301/screenshot - {}
RESULT: {}
COMMAND: POST /session/0ffaedec2ff4d329b9cb85ca897a1301/execute/async - {"script":"<script> [1562 bytes]","args":[{"selector":{"id":"application-managepricingrules-display-component---priceInfoItem--smartFilterBar-btnBasicSearch","interaction":{"idSuffix":"I"}},"wdio_ui5_key":"applicationmanagepricingrules-display-component---priceInfoItem--smartFilterBar-btnBasicSearch"}]}
RESULT: {"script":"<script> [1562 bytes]","args":[{"selector":{"id":"application-managepricingrules-display-component---priceInfoItem--smartFilterBar-btnBasicSearch","interaction":{"idSuffix":"I"}},"wdio_ui5_key":"applicationmanagepricingrules-display-component---priceInfoItem--smartFilterBar-btnBasicSearch"}]}
RESULT: undefined
COMMAND: POST /session/0ffaedec2ff4d329b9cb85ca897a1301/execute/async - {"script":"<script> [776 bytes]","args":[{"enterText":"VaL5yaH2PE","selector":{"id":"application-managepricingrules-display-component---priceInfoItem--smartFilterBar-btnBasicSearch","interaction":{"idSuffix":"I"}},"clearTextFirst":true,"interactionType":"ENTER_TEXT"}]}
RESULT: {"script":"<script> [776 bytes]","args":[{"enterText":"VaL5yaH2PE","selector":{"id":"application-managepricingrules-display-component---priceInfoItem--smartFilterBar-btnBasicSearch","interaction":{"idSuffix":"I"}},"clearTextFirst":true,"interactionType":"ENTER_TEXT"}]}
COMMAND: POST /session/0ffaedec2ff4d329b9cb85ca897a1301/actions - {"actions":[{"id":"action49","type":"key","parameters":{},"actions":[{"type":"keyDown","value":""},{"type":"pause","duration":10},{"type":"keyUp","value":""}]}]}
RESULT: {"actions":[{"id":"action49","type":"key","parameters":{},"actions":[{"type":"keyDown","value":""},{"type":"pause","duration":10},{"type":"keyUp","value":""}]}]}
COMMAND: GET /session/0ffaedec2ff4d329b9cb85ca897a1301/screenshot - {}
RESULT: {}
COMMAND: POST /session/0ffaedec2ff4d329b9cb85ca897a1301/element - {"using":"xpath","value":"//span[@id=\"application-managepricingrules-display-component---priceInfoItem--smartTable-header-inner\"]"}
RESULT: {"using":"xpath","value":"//span[@id=\"application-managepricingrules-display-component---priceInfoItem--smartTable-header-inner\"]"}
COMMAND: POST /session/0ffaedec2ff4d329b9cb85ca897a1301/elements - {"using":"xpath","value":"//span[@id=\"application-managepricingrules-display-component---priceInfoItem--smartTable-header-inner\"]"}
RESULT: {"using":"xpath","value":"//span[@id=\"application-managepricingrules-display-component---priceInfoItem--smartTable-header-inner\"]"}
COMMAND: POST /session/0ffaedec2ff4d329b9cb85ca897a1301/execute/sync - {"script":"<script> [56 bytes]","args":[{"element-6066-11e4-a52e-4f735466cecf":"f.9119AA68FED8A447B03A71089BFD3ED7.d.1DD5E2DB9D9294E1794B2D6278A9594B.e.15656","ELEMENT":"f.9119AA68FED8A447B03A71089BFD3ED7.d.1DD5E2DB9D9294E1794B2D6278A9594B.e.15656"}]}
RESULT: {"script":"<script> [56 bytes]","args":[{"element-6066-11e4-a52e-4f735466cecf":"f.9119AA68FED8A447B03A71089BFD3ED7.d.1DD5E2DB9D9294E1794B2D6278A9594B.e.15656","ELEMENT":"f.9119AA68FED8A447B03A71089BFD3ED7.d.1DD5E2DB9D9294E1794B2D6278A9594B.e.15656"}]}
COMMAND: POST /session/0ffaedec2ff4d329b9cb85ca897a1301/element - {"using":"css selector","value":"#shell-header-logo"}
COMMAND: GET /session/0ffaedec2ff4d329b9cb85ca897a1301/screenshot - {}
RESULT: {"using":"css selector","value":"#shell-header-logo"}
COMMAND: POST /session/0ffaedec2ff4d329b9cb85ca897a1301/element/f.9119AA68FED8A447B03A71089BFD3ED7.d.1DD5E2DB9D9294E1794B2D6278A9594B.e.14760/click - {}
RESULT: {}
RESULT: {}
COMMAND: GET /session/0ffaedec2ff4d329b9cb85ca897a1301/screenshot - {}
RESULT: {}
]]></system-out>
    </testcase>
    <testcase classname="chrome.136_0_7103_93.windows.Billing_transfer_US117289" name="Should create new condition for equipment" time="63.772">
      <system-out><![CDATA[
COMMAND: POST /session/0ffaedec2ff4d329b9cb85ca897a1301/execute/async - {"script":"<script> [1562 bytes]","args":[{"selector":{"controlType":"sap.m.GenericTile","properties":{"header":"Manage Conditions & Prices"}},"wdio_ui5_key":"sapm.GenericTile{\"header\":\"Manage Conditions & Prices\"}"}]}
RESULT: {"script":"<script> [1562 bytes]","args":[{"selector":{"controlType":"sap.m.GenericTile","properties":{"header":"Manage Conditions & Prices"}},"wdio_ui5_key":"sapm.GenericTile{\"header\":\"Manage Conditions & Prices\"}"}]}
RESULT: undefined
COMMAND: POST /session/0ffaedec2ff4d329b9cb85ca897a1301/element - {"using":"xpath","value":"//*[@id=\"__tile53\"]"}
RESULT: {"using":"xpath","value":"//*[@id=\"__tile53\"]"}
COMMAND: POST /session/0ffaedec2ff4d329b9cb85ca897a1301/element/f.9119AA68FED8A447B03A71089BFD3ED7.d.1DD5E2DB9D9294E1794B2D6278A9594B.e.14696/click - {}
RESULT: {}
COMMAND: GET /session/0ffaedec2ff4d329b9cb85ca897a1301/screenshot - {}
RESULT: {}
COMMAND: POST /session/0ffaedec2ff4d329b9cb85ca897a1301/elements - {"using":"xpath","value":"//span[text()='Error']"}
RESULT: {"using":"xpath","value":"//span[text()='Error']"}
COMMAND: POST /session/0ffaedec2ff4d329b9cb85ca897a1301/element - {"using":"xpath","value":"//button[@aria-label=\"Create\"]"}
RESULT: {"using":"xpath","value":"//button[@aria-label=\"Create\"]"}
COMMAND: POST /session/0ffaedec2ff4d329b9cb85ca897a1301/elements - {"using":"xpath","value":"//button[@aria-label=\"Create\"]"}
RESULT: {"using":"xpath","value":"//button[@aria-label=\"Create\"]"}
COMMAND: POST /session/0ffaedec2ff4d329b9cb85ca897a1301/execute/sync - {"script":"<script> [8489 bytes]","args":[{"element-6066-11e4-a52e-4f735466cecf":"f.9119AA68FED8A447B03A71089BFD3ED7.d.1DD5E2DB9D9294E1794B2D6278A9594B.e.15691","ELEMENT":"f.9119AA68FED8A447B03A71089BFD3ED7.d.1DD5E2DB9D9294E1794B2D6278A9594B.e.15691"}]}
RESULT: {"script":"<script> [8489 bytes]","args":[{"element-6066-11e4-a52e-4f735466cecf":"f.9119AA68FED8A447B03A71089BFD3ED7.d.1DD5E2DB9D9294E1794B2D6278A9594B.e.15691","ELEMENT":"f.9119AA68FED8A447B03A71089BFD3ED7.d.1DD5E2DB9D9294E1794B2D6278A9594B.e.15691"}]}
COMMAND: GET /session/0ffaedec2ff4d329b9cb85ca897a1301/element/f.9119AA68FED8A447B03A71089BFD3ED7.d.1DD5E2DB9D9294E1794B2D6278A9594B.e.15691/enabled - {}
COMMAND: GET /session/0ffaedec2ff4d329b9cb85ca897a1301/screenshot - {}
RESULT: {}
COMMAND: POST /session/0ffaedec2ff4d329b9cb85ca897a1301/execute/sync - {"script":"<script> [8489 bytes]","args":[{"element-6066-11e4-a52e-4f735466cecf":"f.9119AA68FED8A447B03A71089BFD3ED7.d.1DD5E2DB9D9294E1794B2D6278A9594B.e.15691","ELEMENT":"f.9119AA68FED8A447B03A71089BFD3ED7.d.1DD5E2DB9D9294E1794B2D6278A9594B.e.15691"}]}
COMMAND: GET /session/0ffaedec2ff4d329b9cb85ca897a1301/screenshot - {}
RESULT: {}
RESULT: {"script":"<script> [8489 bytes]","args":[{"element-6066-11e4-a52e-4f735466cecf":"f.9119AA68FED8A447B03A71089BFD3ED7.d.1DD5E2DB9D9294E1794B2D6278A9594B.e.15691","ELEMENT":"f.9119AA68FED8A447B03A71089BFD3ED7.d.1DD5E2DB9D9294E1794B2D6278A9594B.e.15691"}]}
COMMAND: POST /session/0ffaedec2ff4d329b9cb85ca897a1301/execute/sync - {"script":"<script> [5351 bytes]","args":[{"element-6066-11e4-a52e-4f735466cecf":"f.9119AA68FED8A447B03A71089BFD3ED7.d.1DD5E2DB9D9294E1794B2D6278A9594B.e.15691","ELEMENT":"f.9119AA68FED8A447B03A71089BFD3ED7.d.1DD5E2DB9D9294E1794B2D6278A9594B.e.15691"}]}
COMMAND: GET /session/0ffaedec2ff4d329b9cb85ca897a1301/screenshot - {}
RESULT: {}
RESULT: {"script":"<script> [5351 bytes]","args":[{"element-6066-11e4-a52e-4f735466cecf":"f.9119AA68FED8A447B03A71089BFD3ED7.d.1DD5E2DB9D9294E1794B2D6278A9594B.e.15691","ELEMENT":"f.9119AA68FED8A447B03A71089BFD3ED7.d.1DD5E2DB9D9294E1794B2D6278A9594B.e.15691"}]}
COMMAND: POST /session/0ffaedec2ff4d329b9cb85ca897a1301/element/f.9119AA68FED8A447B03A71089BFD3ED7.d.1DD5E2DB9D9294E1794B2D6278A9594B.e.15691/click - {}
COMMAND: GET /session/0ffaedec2ff4d329b9cb85ca897a1301/screenshot - {}
RESULT: {}
RESULT: {}
COMMAND: GET /session/0ffaedec2ff4d329b9cb85ca897a1301/screenshot - {}
RESULT: {}
RESULT: {}
COMMAND: POST /session/0ffaedec2ff4d329b9cb85ca897a1301/actions - {"actions":[{"id":"action50","type":"key","parameters":{},"actions":[{"type":"keyDown","value":""},{"type":"pause","duration":10},{"type":"keyUp","value":""}]}]}
RESULT: {"actions":[{"id":"action50","type":"key","parameters":{},"actions":[{"type":"keyDown","value":""},{"type":"pause","duration":10},{"type":"keyUp","value":""}]}]}
COMMAND: GET /session/0ffaedec2ff4d329b9cb85ca897a1301/screenshot - {}
RESULT: {}
COMMAND: POST /session/0ffaedec2ff4d329b9cb85ca897a1301/execute/async - {"script":"<script> [1562 bytes]","args":[{"selector":{"id":"application-manageconditionprice-display-component---newCondition--condBillCond-arrow"},"wdio_ui5_key":"applicationmanageconditionprice-display-component---newCondition--condBillCond-arrow"}]}
RESULT: {"script":"<script> [1562 bytes]","args":[{"selector":{"id":"application-manageconditionprice-display-component---newCondition--condBillCond-arrow"},"wdio_ui5_key":"applicationmanageconditionprice-display-component---newCondition--condBillCond-arrow"}]}
RESULT: undefined
COMMAND: POST /session/0ffaedec2ff4d329b9cb85ca897a1301/element - {"using":"xpath","value":"//*[@id=\"application-manageconditionprice-display-component---newCondition--condBillCond-arrow\"]"}
RESULT: {"using":"xpath","value":"//*[@id=\"application-manageconditionprice-display-component---newCondition--condBillCond-arrow\"]"}
COMMAND: POST /session/0ffaedec2ff4d329b9cb85ca897a1301/element/f.9119AA68FED8A447B03A71089BFD3ED7.d.1DD5E2DB9D9294E1794B2D6278A9594B.e.15867/click - {}
RESULT: {}
COMMAND: GET /session/0ffaedec2ff4d329b9cb85ca897a1301/screenshot - {}
RESULT: {}
COMMAND: POST /session/0ffaedec2ff4d329b9cb85ca897a1301/element - {"using":"xpath","value":"//li[.//span[contains(text(), \"DISP - D&I special price\")]]"}
RESULT: {"using":"xpath","value":"//li[.//span[contains(text(), \"DISP - D&I special price\")]]"}
COMMAND: POST /session/0ffaedec2ff4d329b9cb85ca897a1301/element/f.9119AA68FED8A447B03A71089BFD3ED7.d.1DD5E2DB9D9294E1794B2D6278A9594B.e.15870/click - {}
RESULT: {}
COMMAND: GET /session/0ffaedec2ff4d329b9cb85ca897a1301/screenshot - {}
RESULT: {}
COMMAND: POST /session/0ffaedec2ff4d329b9cb85ca897a1301/execute/async - {"script":"<script> [1562 bytes]","args":[{"selector":{"id":"application-manageconditionprice-display-component---newCondition--condValidTo","interaction":{"idSuffix":"inner"}},"wdio_ui5_key":"applicationmanageconditionprice-display-component---newCondition--condValidTo"}]}
RESULT: {"script":"<script> [1562 bytes]","args":[{"selector":{"id":"application-manageconditionprice-display-component---newCondition--condValidTo","interaction":{"idSuffix":"inner"}},"wdio_ui5_key":"applicationmanageconditionprice-display-component---newCondition--condValidTo"}]}
RESULT: undefined
COMMAND: POST /session/0ffaedec2ff4d329b9cb85ca897a1301/execute/async - {"script":"<script> [776 bytes]","args":[{"enterText":"1/26/26","selector":{"id":"application-manageconditionprice-display-component---newCondition--condValidTo","interaction":{"idSuffix":"inner"}},"clearTextFirst":true,"interactionType":"ENTER_TEXT"}]}
RESULT: {"script":"<script> [776 bytes]","args":[{"enterText":"1/26/26","selector":{"id":"application-manageconditionprice-display-component---newCondition--condValidTo","interaction":{"idSuffix":"inner"}},"clearTextFirst":true,"interactionType":"ENTER_TEXT"}]}
COMMAND: POST /session/0ffaedec2ff4d329b9cb85ca897a1301/element - {"using":"xpath","value":"//input[@id=\"application-manageconditionprice-display-component---newCondition--condRU-inner\"]"}
RESULT: {"using":"xpath","value":"//input[@id=\"application-manageconditionprice-display-component---newCondition--condRU-inner\"]"}
COMMAND: POST /session/0ffaedec2ff4d329b9cb85ca897a1301/element/f.9119AA68FED8A447B03A71089BFD3ED7.d.1DD5E2DB9D9294E1794B2D6278A9594B.e.15733/clear - {}
RESULT: {}
COMMAND: POST /session/0ffaedec2ff4d329b9cb85ca897a1301/element/f.9119AA68FED8A447B03A71089BFD3ED7.d.1DD5E2DB9D9294E1794B2D6278A9594B.e.15733/value - {"text":"VaL5yaH2PE"}
COMMAND: GET /session/0ffaedec2ff4d329b9cb85ca897a1301/screenshot - {}
RESULT: {"text":"VaL5yaH2PE"}
COMMAND: GET /session/0ffaedec2ff4d329b9cb85ca897a1301/screenshot - {}
RESULT: {}
RESULT: {}
COMMAND: POST /session/0ffaedec2ff4d329b9cb85ca897a1301/actions - {"actions":[{"id":"action51","type":"key","parameters":{},"actions":[{"type":"keyDown","value":""},{"type":"pause","duration":10},{"type":"keyUp","value":""}]}]}
RESULT: {"actions":[{"id":"action51","type":"key","parameters":{},"actions":[{"type":"keyDown","value":""},{"type":"pause","duration":10},{"type":"keyUp","value":""}]}]}
COMMAND: POST /session/0ffaedec2ff4d329b9cb85ca897a1301/execute/async - {"script":"<script> [1562 bytes]","args":[{"selector":{"id":"application-manageconditionprice-display-component---newCondition--condBaseQty","interaction":{"idSuffix":"inner"}},"wdio_ui5_key":"applicationmanageconditionprice-display-component---newCondition--condBaseQty"}]}
COMMAND: GET /session/0ffaedec2ff4d329b9cb85ca897a1301/screenshot - {}
RESULT: {"script":"<script> [1562 bytes]","args":[{"selector":{"id":"application-manageconditionprice-display-component---newCondition--condBaseQty","interaction":{"idSuffix":"inner"}},"wdio_ui5_key":"applicationmanageconditionprice-display-component---newCondition--condBaseQty"}]}
RESULT: undefined
COMMAND: POST /session/0ffaedec2ff4d329b9cb85ca897a1301/execute/async - {"script":"<script> [776 bytes]","args":[{"enterText":"1","selector":{"id":"application-manageconditionprice-display-component---newCondition--condBaseQty","interaction":{"idSuffix":"inner"}},"clearTextFirst":true,"interactionType":"ENTER_TEXT"}]}
RESULT: {}
RESULT: {"script":"<script> [776 bytes]","args":[{"enterText":"1","selector":{"id":"application-manageconditionprice-display-component---newCondition--condBaseQty","interaction":{"idSuffix":"inner"}},"clearTextFirst":true,"interactionType":"ENTER_TEXT"}]}
COMMAND: POST /session/0ffaedec2ff4d329b9cb85ca897a1301/execute/async - {"script":"<script> [1562 bytes]","args":[{"selector":{"id":"application-manageconditionprice-display-component---newCondition--condValue","interaction":{"idSuffix":"inner"}},"wdio_ui5_key":"applicationmanageconditionprice-display-component---newCondition--condValue"}]}
RESULT: {"script":"<script> [1562 bytes]","args":[{"selector":{"id":"application-manageconditionprice-display-component---newCondition--condValue","interaction":{"idSuffix":"inner"}},"wdio_ui5_key":"applicationmanageconditionprice-display-component---newCondition--condValue"}]}
RESULT: undefined
COMMAND: POST /session/0ffaedec2ff4d329b9cb85ca897a1301/execute/async - {"script":"<script> [776 bytes]","args":[{"enterText":"100","selector":{"id":"application-manageconditionprice-display-component---newCondition--condValue","interaction":{"idSuffix":"inner"}},"clearTextFirst":true,"interactionType":"ENTER_TEXT"}]}
RESULT: {"script":"<script> [776 bytes]","args":[{"enterText":"100","selector":{"id":"application-manageconditionprice-display-component---newCondition--condValue","interaction":{"idSuffix":"inner"}},"clearTextFirst":true,"interactionType":"ENTER_TEXT"}]}
COMMAND: POST /session/0ffaedec2ff4d329b9cb85ca897a1301/execute/async - {"script":"<script> [1562 bytes]","args":[{"selector":{"id":"application-manageconditionprice-display-component---newCondition--condCurr-arrow"},"wdio_ui5_key":"applicationmanageconditionprice-display-component---newCondition--condCurr-arrow"}]}
RESULT: {"script":"<script> [1562 bytes]","args":[{"selector":{"id":"application-manageconditionprice-display-component---newCondition--condCurr-arrow"},"wdio_ui5_key":"applicationmanageconditionprice-display-component---newCondition--condCurr-arrow"}]}
RESULT: undefined
COMMAND: POST /session/0ffaedec2ff4d329b9cb85ca897a1301/element - {"using":"xpath","value":"//*[@id=\"application-manageconditionprice-display-component---newCondition--condCurr-arrow\"]"}
RESULT: {"using":"xpath","value":"//*[@id=\"application-manageconditionprice-display-component---newCondition--condCurr-arrow\"]"}
COMMAND: POST /session/0ffaedec2ff4d329b9cb85ca897a1301/element/f.9119AA68FED8A447B03A71089BFD3ED7.d.1DD5E2DB9D9294E1794B2D6278A9594B.e.15840/click - {}
RESULT: {}
COMMAND: POST /session/0ffaedec2ff4d329b9cb85ca897a1301/element - {"using":"xpath","value":"//span[contains(text(), \"Euro\")]"}
COMMAND: GET /session/0ffaedec2ff4d329b9cb85ca897a1301/screenshot - {}
RESULT: {"using":"xpath","value":"//span[contains(text(), \"Euro\")]"}
COMMAND: POST /session/0ffaedec2ff4d329b9cb85ca897a1301/element/f.9119AA68FED8A447B03A71089BFD3ED7.d.1DD5E2DB9D9294E1794B2D6278A9594B.e.15907/click - {}
RESULT: {}
RESULT: {}
COMMAND: POST /session/0ffaedec2ff4d329b9cb85ca897a1301/element - {"using":"xpath","value":"//button[@data-kt=\"saveButton\"]"}
COMMAND: GET /session/0ffaedec2ff4d329b9cb85ca897a1301/screenshot - {}
RESULT: {"using":"xpath","value":"//button[@data-kt=\"saveButton\"]"}
COMMAND: POST /session/0ffaedec2ff4d329b9cb85ca897a1301/element/f.9119AA68FED8A447B03A71089BFD3ED7.d.1DD5E2DB9D9294E1794B2D6278A9594B.e.15841/click - {}
RESULT: {}
RESULT: {}
COMMAND: GET /session/0ffaedec2ff4d329b9cb85ca897a1301/screenshot - {}
RESULT: {}
COMMAND: POST /session/0ffaedec2ff4d329b9cb85ca897a1301/execute/async - {"script":"<script> [1562 bytes]","args":[{"selector":{"id":"application-manageconditionprice-display-component---conditions--smartFilterBar-btnBasicSearch","interaction":{"idSuffix":"I"}},"wdio_ui5_key":"applicationmanageconditionprice-display-component---conditions--smartFilterBar-btnBasicSearch"}]}
RESULT: {"script":"<script> [1562 bytes]","args":[{"selector":{"id":"application-manageconditionprice-display-component---conditions--smartFilterBar-btnBasicSearch","interaction":{"idSuffix":"I"}},"wdio_ui5_key":"applicationmanageconditionprice-display-component---conditions--smartFilterBar-btnBasicSearch"}]}
RESULT: undefined
COMMAND: POST /session/0ffaedec2ff4d329b9cb85ca897a1301/execute/async - {"script":"<script> [776 bytes]","args":[{"enterText":"VaL5yaH2PE","selector":{"id":"application-manageconditionprice-display-component---conditions--smartFilterBar-btnBasicSearch","interaction":{"idSuffix":"I"}},"clearTextFirst":true,"interactionType":"ENTER_TEXT"}]}
RESULT: {"script":"<script> [776 bytes]","args":[{"enterText":"VaL5yaH2PE","selector":{"id":"application-manageconditionprice-display-component---conditions--smartFilterBar-btnBasicSearch","interaction":{"idSuffix":"I"}},"clearTextFirst":true,"interactionType":"ENTER_TEXT"}]}
COMMAND: POST /session/0ffaedec2ff4d329b9cb85ca897a1301/actions - {"actions":[{"id":"action52","type":"key","parameters":{},"actions":[{"type":"keyDown","value":""},{"type":"pause","duration":10},{"type":"keyUp","value":""}]}]}
RESULT: {"actions":[{"id":"action52","type":"key","parameters":{},"actions":[{"type":"keyDown","value":""},{"type":"pause","duration":10},{"type":"keyUp","value":""}]}]}
COMMAND: GET /session/0ffaedec2ff4d329b9cb85ca897a1301/screenshot - {}
RESULT: {}
COMMAND: POST /session/0ffaedec2ff4d329b9cb85ca897a1301/execute/async - {"script":"<script> [1562 bytes]","args":[{"selector":{"id":"application-manageconditionprice-display-component---conditions--smartFilterBar-filterItemControl_BASIC-BILL_TYPES-vhi"},"wdio_ui5_key":"applicationmanageconditionprice-display-component---conditions--smartFilterBar-filterItemControl_BASIC-BILL_TYPES-vhi"}]}
RESULT: {"script":"<script> [1562 bytes]","args":[{"selector":{"id":"application-manageconditionprice-display-component---conditions--smartFilterBar-filterItemControl_BASIC-BILL_TYPES-vhi"},"wdio_ui5_key":"applicationmanageconditionprice-display-component---conditions--smartFilterBar-filterItemControl_BASIC-BILL_TYPES-vhi"}]}
RESULT: undefined
COMMAND: POST /session/0ffaedec2ff4d329b9cb85ca897a1301/element - {"using":"xpath","value":"//*[@id=\"application-manageconditionprice-display-component---conditions--smartFilterBar-filterItemControl_BASIC-BILL_TYPES-vhi\"]"}
RESULT: {"using":"xpath","value":"//*[@id=\"application-manageconditionprice-display-component---conditions--smartFilterBar-filterItemControl_BASIC-BILL_TYPES-vhi\"]"}
COMMAND: POST /session/0ffaedec2ff4d329b9cb85ca897a1301/element/f.9119AA68FED8A447B03A71089BFD3ED7.d.1DD5E2DB9D9294E1794B2D6278A9594B.e.16013/click - {}
RESULT: {}
COMMAND: POST /session/0ffaedec2ff4d329b9cb85ca897a1301/execute/async - {"script":"<script> [1562 bytes]","args":[{"selector":{"id":"application-manageconditionprice-display-component---conditions--smartFilterBar-filterItemControl_BASIC-BILL_TYPES-valueHelpDialog-smartFilterBar-btnBasicSearch","searchOpenDialogs":true,"interaction":{"idSuffix":"I"}},"wdio_ui5_key":"applicationmanageconditionprice-display-component---conditions--smartFilterBar-filterItemControl_BASIC-BILL_TYPES-valueHelpDialog-smartFilterBar-btnBasicSearch"}]}
COMMAND: GET /session/0ffaedec2ff4d329b9cb85ca897a1301/screenshot - {}
RESULT: {"script":"<script> [1562 bytes]","args":[{"selector":{"id":"application-manageconditionprice-display-component---conditions--smartFilterBar-filterItemControl_BASIC-BILL_TYPES-valueHelpDialog-smartFilterBar-btnBasicSearch","searchOpenDialogs":true,"interaction":{"idSuffix":"I"}},"wdio_ui5_key":"applicationmanageconditionprice-display-component---conditions--smartFilterBar-filterItemControl_BASIC-BILL_TYPES-valueHelpDialog-smartFilterBar-btnBasicSearch"}]}
RESULT: undefined
COMMAND: POST /session/0ffaedec2ff4d329b9cb85ca897a1301/execute/async - {"script":"<script> [776 bytes]","args":[{"enterText":"TB","selector":{"id":"application-manageconditionprice-display-component---conditions--smartFilterBar-filterItemControl_BASIC-BILL_TYPES-valueHelpDialog-smartFilterBar-btnBasicSearch","searchOpenDialogs":true,"interaction":{"idSuffix":"I"}},"clearTextFirst":true,"interactionType":"ENTER_TEXT"}]}
RESULT: {}
RESULT: {"script":"<script> [776 bytes]","args":[{"enterText":"TB","selector":{"id":"application-manageconditionprice-display-component---conditions--smartFilterBar-filterItemControl_BASIC-BILL_TYPES-valueHelpDialog-smartFilterBar-btnBasicSearch","searchOpenDialogs":true,"interaction":{"idSuffix":"I"}},"clearTextFirst":true,"interactionType":"ENTER_TEXT"}]}
COMMAND: POST /session/0ffaedec2ff4d329b9cb85ca897a1301/actions - {"actions":[{"id":"action53","type":"key","parameters":{},"actions":[{"type":"keyDown","value":""},{"type":"pause","duration":10},{"type":"keyUp","value":""}]}]}
RESULT: {"actions":[{"id":"action53","type":"key","parameters":{},"actions":[{"type":"keyDown","value":""},{"type":"pause","duration":10},{"type":"keyUp","value":""}]}]}
COMMAND: GET /session/0ffaedec2ff4d329b9cb85ca897a1301/screenshot - {}
RESULT: {}
COMMAND: POST /session/0ffaedec2ff4d329b9cb85ca897a1301/element - {"using":"xpath","value":"//div[contains(@id, 'application-manageconditionprice-display-component---conditions--smartFilterBar-filterItemControl_BASIC-BILL_TYPES-valueHelpDialog-table-rowsel0')]"}
RESULT: {"using":"xpath","value":"//div[contains(@id, 'application-manageconditionprice-display-component---conditions--smartFilterBar-filterItemControl_BASIC-BILL_TYPES-valueHelpDialog-table-rowsel0')]"}
COMMAND: POST /session/0ffaedec2ff4d329b9cb85ca897a1301/element/f.9119AA68FED8A447B03A71089BFD3ED7.d.1DD5E2DB9D9294E1794B2D6278A9594B.e.16023/click - {}
RESULT: {}
COMMAND: GET /session/0ffaedec2ff4d329b9cb85ca897a1301/screenshot - {}
RESULT: {}
COMMAND: POST /session/0ffaedec2ff4d329b9cb85ca897a1301/element - {"using":"xpath","value":"//bdi[contains(text(), \"OK\")]"}
RESULT: {"using":"xpath","value":"//bdi[contains(text(), \"OK\")]"}
COMMAND: POST /session/0ffaedec2ff4d329b9cb85ca897a1301/element/f.9119AA68FED8A447B03A71089BFD3ED7.d.1DD5E2DB9D9294E1794B2D6278A9594B.e.16025/click - {}
RESULT: {}
COMMAND: GET /session/0ffaedec2ff4d329b9cb85ca897a1301/screenshot - {}
RESULT: {}
COMMAND: POST /session/0ffaedec2ff4d329b9cb85ca897a1301/element - {"using":"xpath","value":"//span[@id=\"application-manageconditionprice-display-component---conditions--smartTable-header-inner\"]"}
RESULT: {"using":"xpath","value":"//span[@id=\"application-manageconditionprice-display-component---conditions--smartTable-header-inner\"]"}
COMMAND: POST /session/0ffaedec2ff4d329b9cb85ca897a1301/elements - {"using":"xpath","value":"//span[@id=\"application-manageconditionprice-display-component---conditions--smartTable-header-inner\"]"}
RESULT: {"using":"xpath","value":"//span[@id=\"application-manageconditionprice-display-component---conditions--smartTable-header-inner\"]"}
COMMAND: POST /session/0ffaedec2ff4d329b9cb85ca897a1301/execute/sync - {"script":"<script> [56 bytes]","args":[{"element-6066-11e4-a52e-4f735466cecf":"f.9119AA68FED8A447B03A71089BFD3ED7.d.1DD5E2DB9D9294E1794B2D6278A9594B.e.16028","ELEMENT":"f.9119AA68FED8A447B03A71089BFD3ED7.d.1DD5E2DB9D9294E1794B2D6278A9594B.e.16028"}]}
RESULT: {"script":"<script> [56 bytes]","args":[{"element-6066-11e4-a52e-4f735466cecf":"f.9119AA68FED8A447B03A71089BFD3ED7.d.1DD5E2DB9D9294E1794B2D6278A9594B.e.16028","ELEMENT":"f.9119AA68FED8A447B03A71089BFD3ED7.d.1DD5E2DB9D9294E1794B2D6278A9594B.e.16028"}]}
COMMAND: POST /session/0ffaedec2ff4d329b9cb85ca897a1301/element - {"using":"css selector","value":"#shell-header-logo"}
COMMAND: GET /session/0ffaedec2ff4d329b9cb85ca897a1301/screenshot - {}
RESULT: {"using":"css selector","value":"#shell-header-logo"}
COMMAND: POST /session/0ffaedec2ff4d329b9cb85ca897a1301/element/f.9119AA68FED8A447B03A71089BFD3ED7.d.1DD5E2DB9D9294E1794B2D6278A9594B.e.15659/click - {}
RESULT: {}
RESULT: {}
COMMAND: GET /session/0ffaedec2ff4d329b9cb85ca897a1301/screenshot - {}
RESULT: {}
]]></system-out>
    </testcase>
    <testcase classname="chrome.136_0_7103_93.windows.Billing_transfer_US117289" name="Should do a stock increase" time="84.435">
      <system-out><![CDATA[
COMMAND: POST /session/0ffaedec2ff4d329b9cb85ca897a1301/execute/async - {"script":"<script> [1562 bytes]","args":[{"selector":{"controlType":"sap.m.GenericTile","properties":{"header":"Manage Handovers"}},"wdio_ui5_key":"sapm.GenericTile{\"header\":\"Manage Handovers\"}"}]}
RESULT: {"script":"<script> [1562 bytes]","args":[{"selector":{"controlType":"sap.m.GenericTile","properties":{"header":"Manage Handovers"}},"wdio_ui5_key":"sapm.GenericTile{\"header\":\"Manage Handovers\"}"}]}
RESULT: undefined
COMMAND: POST /session/0ffaedec2ff4d329b9cb85ca897a1301/element - {"using":"xpath","value":"//*[@id=\"__tile131\"]"}
RESULT: {"using":"xpath","value":"//*[@id=\"__tile131\"]"}
COMMAND: POST /session/0ffaedec2ff4d329b9cb85ca897a1301/element/f.9119AA68FED8A447B03A71089BFD3ED7.d.1DD5E2DB9D9294E1794B2D6278A9594B.e.14737/click - {}
RESULT: {}
COMMAND: GET /session/0ffaedec2ff4d329b9cb85ca897a1301/screenshot - {}
RESULT: {}
COMMAND: POST /session/0ffaedec2ff4d329b9cb85ca897a1301/elements - {"using":"xpath","value":"//span[text()='Error']"}
RESULT: {"using":"xpath","value":"//span[text()='Error']"}
COMMAND: POST /session/0ffaedec2ff4d329b9cb85ca897a1301/element - {"using":"xpath","value":"//button[@data-kt=\"masterHOAddButton\"]"}
RESULT: {"using":"xpath","value":"//button[@data-kt=\"masterHOAddButton\"]"}
COMMAND: POST /session/0ffaedec2ff4d329b9cb85ca897a1301/elements - {"using":"xpath","value":"//button[@data-kt=\"masterHOAddButton\"]"}
RESULT: {"using":"xpath","value":"//button[@data-kt=\"masterHOAddButton\"]"}
COMMAND: POST /session/0ffaedec2ff4d329b9cb85ca897a1301/execute/sync - {"script":"<script> [8489 bytes]","args":[{"element-6066-11e4-a52e-4f735466cecf":"f.9119AA68FED8A447B03A71089BFD3ED7.d.1DD5E2DB9D9294E1794B2D6278A9594B.e.16067","ELEMENT":"f.9119AA68FED8A447B03A71089BFD3ED7.d.1DD5E2DB9D9294E1794B2D6278A9594B.e.16067"}]}
RESULT: {"script":"<script> [8489 bytes]","args":[{"element-6066-11e4-a52e-4f735466cecf":"f.9119AA68FED8A447B03A71089BFD3ED7.d.1DD5E2DB9D9294E1794B2D6278A9594B.e.16067","ELEMENT":"f.9119AA68FED8A447B03A71089BFD3ED7.d.1DD5E2DB9D9294E1794B2D6278A9594B.e.16067"}]}
COMMAND: GET /session/0ffaedec2ff4d329b9cb85ca897a1301/element/f.9119AA68FED8A447B03A71089BFD3ED7.d.1DD5E2DB9D9294E1794B2D6278A9594B.e.16067/enabled - {}
COMMAND: GET /session/0ffaedec2ff4d329b9cb85ca897a1301/screenshot - {}
RESULT: {}
COMMAND: POST /session/0ffaedec2ff4d329b9cb85ca897a1301/execute/sync - {"script":"<script> [8489 bytes]","args":[{"element-6066-11e4-a52e-4f735466cecf":"f.9119AA68FED8A447B03A71089BFD3ED7.d.1DD5E2DB9D9294E1794B2D6278A9594B.e.16067","ELEMENT":"f.9119AA68FED8A447B03A71089BFD3ED7.d.1DD5E2DB9D9294E1794B2D6278A9594B.e.16067"}]}
COMMAND: GET /session/0ffaedec2ff4d329b9cb85ca897a1301/screenshot - {}
RESULT: {}
RESULT: {"script":"<script> [8489 bytes]","args":[{"element-6066-11e4-a52e-4f735466cecf":"f.9119AA68FED8A447B03A71089BFD3ED7.d.1DD5E2DB9D9294E1794B2D6278A9594B.e.16067","ELEMENT":"f.9119AA68FED8A447B03A71089BFD3ED7.d.1DD5E2DB9D9294E1794B2D6278A9594B.e.16067"}]}
COMMAND: POST /session/0ffaedec2ff4d329b9cb85ca897a1301/execute/sync - {"script":"<script> [5351 bytes]","args":[{"element-6066-11e4-a52e-4f735466cecf":"f.9119AA68FED8A447B03A71089BFD3ED7.d.1DD5E2DB9D9294E1794B2D6278A9594B.e.16067","ELEMENT":"f.9119AA68FED8A447B03A71089BFD3ED7.d.1DD5E2DB9D9294E1794B2D6278A9594B.e.16067"}]}
COMMAND: GET /session/0ffaedec2ff4d329b9cb85ca897a1301/screenshot - {}
RESULT: {}
RESULT: {"script":"<script> [5351 bytes]","args":[{"element-6066-11e4-a52e-4f735466cecf":"f.9119AA68FED8A447B03A71089BFD3ED7.d.1DD5E2DB9D9294E1794B2D6278A9594B.e.16067","ELEMENT":"f.9119AA68FED8A447B03A71089BFD3ED7.d.1DD5E2DB9D9294E1794B2D6278A9594B.e.16067"}]}
COMMAND: POST /session/0ffaedec2ff4d329b9cb85ca897a1301/element/f.9119AA68FED8A447B03A71089BFD3ED7.d.1DD5E2DB9D9294E1794B2D6278A9594B.e.16067/click - {}
COMMAND: GET /session/0ffaedec2ff4d329b9cb85ca897a1301/screenshot - {}
RESULT: {}
RESULT: {}
COMMAND: GET /session/0ffaedec2ff4d329b9cb85ca897a1301/screenshot - {}
COMMAND: POST /session/0ffaedec2ff4d329b9cb85ca897a1301/element - {"using":"xpath","value":"//span[contains(@id ,\"AddNewHO--typeSelect-arrow\")]"}
RESULT: {}
RESULT: {}
RESULT: {"using":"xpath","value":"//span[contains(@id ,\"AddNewHO--typeSelect-arrow\")]"}
COMMAND: POST /session/0ffaedec2ff4d329b9cb85ca897a1301/element/f.9119AA68FED8A447B03A71089BFD3ED7.d.1DD5E2DB9D9294E1794B2D6278A9594B.e.16433/click - {}
RESULT: {}
COMMAND: GET /session/0ffaedec2ff4d329b9cb85ca897a1301/screenshot - {}
RESULT: {}
COMMAND: POST /session/0ffaedec2ff4d329b9cb85ca897a1301/element - {"using":"xpath","value":"(//li[contains(text(), \"stock increase yard\")])[1]"}
RESULT: {"using":"xpath","value":"(//li[contains(text(), \"stock increase yard\")])[1]"}
COMMAND: POST /session/0ffaedec2ff4d329b9cb85ca897a1301/element/f.9119AA68FED8A447B03A71089BFD3ED7.d.1DD5E2DB9D9294E1794B2D6278A9594B.e.16434/click - {}
RESULT: {}
COMMAND: GET /session/0ffaedec2ff4d329b9cb85ca897a1301/screenshot - {}
RESULT: {}
COMMAND: POST /session/0ffaedec2ff4d329b9cb85ca897a1301/execute/async - {"script":"<script> [1562 bytes]","args":[{"selector":{"id":"application-managehandovers-display-component---AddNewHO--dueDate","interaction":{"idSuffix":"inner"}},"wdio_ui5_key":"applicationmanagehandovers-display-component---AddNewHO--dueDate"}]}
RESULT: {"script":"<script> [1562 bytes]","args":[{"selector":{"id":"application-managehandovers-display-component---AddNewHO--dueDate","interaction":{"idSuffix":"inner"}},"wdio_ui5_key":"applicationmanagehandovers-display-component---AddNewHO--dueDate"}]}
RESULT: undefined
COMMAND: POST /session/0ffaedec2ff4d329b9cb85ca897a1301/execute/async - {"script":"<script> [6424 bytes]","args":[{"element-6066-11e4-a52e-4f735466cecf":"f.9119AA68FED8A447B03A71089BFD3ED7.d.1DD5E2DB9D9294E1794B2D6278A9594B.e.16436"},"setValue",["5/26/25"]]}
RESULT: {"script":"<script> [6424 bytes]","args":[{"element-6066-11e4-a52e-4f735466cecf":"f.9119AA68FED8A447B03A71089BFD3ED7.d.1DD5E2DB9D9294E1794B2D6278A9594B.e.16436"},"setValue",["5/26/25"]]}
COMMAND: POST /session/0ffaedec2ff4d329b9cb85ca897a1301/element - {"using":"xpath","value":"//input[@id=\"generalSectionFrg--receiveYard-inner\"]"}
RESULT: {"using":"xpath","value":"//input[@id=\"generalSectionFrg--receiveYard-inner\"]"}
COMMAND: POST /session/0ffaedec2ff4d329b9cb85ca897a1301/element/f.9119AA68FED8A447B03A71089BFD3ED7.d.1DD5E2DB9D9294E1794B2D6278A9594B.e.16442/clear - {}
RESULT: {}
COMMAND: POST /session/0ffaedec2ff4d329b9cb85ca897a1301/element/f.9119AA68FED8A447B03A71089BFD3ED7.d.1DD5E2DB9D9294E1794B2D6278A9594B.e.16442/value - {"text":"348"}
COMMAND: GET /session/0ffaedec2ff4d329b9cb85ca897a1301/screenshot - {}
RESULT: {"text":"348"}
COMMAND: GET /session/0ffaedec2ff4d329b9cb85ca897a1301/screenshot - {}
RESULT: {}
RESULT: {}
COMMAND: POST /session/0ffaedec2ff4d329b9cb85ca897a1301/element - {"using":"xpath","value":"//li[.//span[text()='348']]"}
RESULT: {"using":"xpath","value":"//li[.//span[text()='348']]"}
COMMAND: POST /session/0ffaedec2ff4d329b9cb85ca897a1301/element/f.9119AA68FED8A447B03A71089BFD3ED7.d.1DD5E2DB9D9294E1794B2D6278A9594B.e.16460/click - {}
RESULT: {}
COMMAND: GET /session/0ffaedec2ff4d329b9cb85ca897a1301/screenshot - {}
RESULT: {}
COMMAND: POST /session/0ffaedec2ff4d329b9cb85ca897a1301/execute/async - {"script":"<script> [1562 bytes]","args":[{"selector":{"id":"application-managehandovers-display-component---AddNewHO--ObjectPageLayout-anchBar-application-managehandovers-display-component---AddNewHO--section4-anchor","interaction":{"idSuffix":"BDI-content"}},"wdio_ui5_key":"applicationmanagehandovers-display-component---AddNewHO--ObjectPageLayout-anchBar-application-managehandovers-display-component---AddNewHO--section4-anchor"}]}
RESULT: {"script":"<script> [1562 bytes]","args":[{"selector":{"id":"application-managehandovers-display-component---AddNewHO--ObjectPageLayout-anchBar-application-managehandovers-display-component---AddNewHO--section4-anchor","interaction":{"idSuffix":"BDI-content"}},"wdio_ui5_key":"applicationmanagehandovers-display-component---AddNewHO--ObjectPageLayout-anchBar-application-managehandovers-display-component---AddNewHO--section4-anchor"}]}
RESULT: undefined
COMMAND: POST /session/0ffaedec2ff4d329b9cb85ca897a1301/element - {"using":"xpath","value":"//*[@id=\"application-managehandovers-display-component---AddNewHO--ObjectPageLayout-anchBar-application-managehandovers-display-component---AddNewHO--section4-anchor\"]"}
RESULT: {"using":"xpath","value":"//*[@id=\"application-managehandovers-display-component---AddNewHO--ObjectPageLayout-anchBar-application-managehandovers-display-component---AddNewHO--section4-anchor\"]"}
COMMAND: POST /session/0ffaedec2ff4d329b9cb85ca897a1301/element/f.9119AA68FED8A447B03A71089BFD3ED7.d.1DD5E2DB9D9294E1794B2D6278A9594B.e.16462/click - {}
RESULT: {}
COMMAND: POST /session/0ffaedec2ff4d329b9cb85ca897a1301/element - {"using":"xpath","value":"//button[@aria-label=\"Add\"]"}
COMMAND: GET /session/0ffaedec2ff4d329b9cb85ca897a1301/screenshot - {}
RESULT: {"using":"xpath","value":"//button[@aria-label=\"Add\"]"}
COMMAND: POST /session/0ffaedec2ff4d329b9cb85ca897a1301/element/f.9119AA68FED8A447B03A71089BFD3ED7.d.1DD5E2DB9D9294E1794B2D6278A9594B.e.16464/click - {}
RESULT: {}
RESULT: {}
COMMAND: GET /session/0ffaedec2ff4d329b9cb85ca897a1301/screenshot - {}
RESULT: {}
COMMAND: POST /session/0ffaedec2ff4d329b9cb85ca897a1301/execute/async - {"script":"<script> [1562 bytes]","args":[{"selector":{"id":"application-managehandovers-display-component---AddNewHO--smartFilterBar-btnBasicSearch","searchOpenDialogs":true,"interaction":{"idSuffix":"I"}},"wdio_ui5_key":"applicationmanagehandovers-display-component---AddNewHO--smartFilterBar-btnBasicSearch"}]}
RESULT: {"script":"<script> [1562 bytes]","args":[{"selector":{"id":"application-managehandovers-display-component---AddNewHO--smartFilterBar-btnBasicSearch","searchOpenDialogs":true,"interaction":{"idSuffix":"I"}},"wdio_ui5_key":"applicationmanagehandovers-display-component---AddNewHO--smartFilterBar-btnBasicSearch"}]}
RESULT: undefined
COMMAND: POST /session/0ffaedec2ff4d329b9cb85ca897a1301/execute/async - {"script":"<script> [776 bytes]","args":[{"enterText":"VaL5yaH2PE","selector":{"id":"application-managehandovers-display-component---AddNewHO--smartFilterBar-btnBasicSearch","searchOpenDialogs":true,"interaction":{"idSuffix":"I"}},"clearTextFirst":true,"interactionType":"ENTER_TEXT"}]}
RESULT: {"script":"<script> [776 bytes]","args":[{"enterText":"VaL5yaH2PE","selector":{"id":"application-managehandovers-display-component---AddNewHO--smartFilterBar-btnBasicSearch","searchOpenDialogs":true,"interaction":{"idSuffix":"I"}},"clearTextFirst":true,"interactionType":"ENTER_TEXT"}]}
COMMAND: POST /session/0ffaedec2ff4d329b9cb85ca897a1301/actions - {"actions":[{"id":"action54","type":"key","parameters":{},"actions":[{"type":"keyDown","value":""},{"type":"pause","duration":10},{"type":"keyUp","value":""}]}]}
RESULT: {"actions":[{"id":"action54","type":"key","parameters":{},"actions":[{"type":"keyDown","value":""},{"type":"pause","duration":10},{"type":"keyUp","value":""}]}]}
COMMAND: GET /session/0ffaedec2ff4d329b9cb85ca897a1301/screenshot - {}
RESULT: {}
COMMAND: POST /session/0ffaedec2ff4d329b9cb85ca897a1301/execute/async - {"script":"<script> [1562 bytes]","args":[{"selector":{"id":"application-managehandovers-display-component---AddNewHO--popup-sa","searchOpenDialogs":true,"interaction":{"idSuffix":"CbBg"}},"wdio_ui5_key":"applicationmanagehandovers-display-component---AddNewHO--popup-sa"}]}
RESULT: {"script":"<script> [1562 bytes]","args":[{"selector":{"id":"application-managehandovers-display-component---AddNewHO--popup-sa","searchOpenDialogs":true,"interaction":{"idSuffix":"CbBg"}},"wdio_ui5_key":"applicationmanagehandovers-display-component---AddNewHO--popup-sa"}]}
RESULT: undefined
COMMAND: POST /session/0ffaedec2ff4d329b9cb85ca897a1301/element - {"using":"xpath","value":"//*[@id=\"application-managehandovers-display-component---AddNewHO--popup-sa\"]"}
RESULT: {"using":"xpath","value":"//*[@id=\"application-managehandovers-display-component---AddNewHO--popup-sa\"]"}
COMMAND: POST /session/0ffaedec2ff4d329b9cb85ca897a1301/element/f.9119AA68FED8A447B03A71089BFD3ED7.d.1DD5E2DB9D9294E1794B2D6278A9594B.e.16615/click - {}
RESULT: {}
COMMAND: GET /session/0ffaedec2ff4d329b9cb85ca897a1301/screenshot - {}
RESULT: {}
COMMAND: POST /session/0ffaedec2ff4d329b9cb85ca897a1301/element - {"using":"xpath","value":"//bdi[contains(text(), \"Select\")]"}
RESULT: {"using":"xpath","value":"//bdi[contains(text(), \"Select\")]"}
COMMAND: POST /session/0ffaedec2ff4d329b9cb85ca897a1301/element/f.9119AA68FED8A447B03A71089BFD3ED7.d.1DD5E2DB9D9294E1794B2D6278A9594B.e.16616/click - {}
RESULT: {}
COMMAND: GET /session/0ffaedec2ff4d329b9cb85ca897a1301/screenshot - {}
RESULT: {}
COMMAND: POST /session/0ffaedec2ff4d329b9cb85ca897a1301/element - {"using":"xpath","value":"//button[@data-kt=\"AddNewHOSaveButton\"]"}
RESULT: {"using":"xpath","value":"//button[@data-kt=\"AddNewHOSaveButton\"]"}
COMMAND: POST /session/0ffaedec2ff4d329b9cb85ca897a1301/element/f.9119AA68FED8A447B03A71089BFD3ED7.d.1DD5E2DB9D9294E1794B2D6278A9594B.e.16620/click - {}
RESULT: {}
COMMAND: GET /session/0ffaedec2ff4d329b9cb85ca897a1301/screenshot - {}
RESULT: {}
COMMAND: POST /session/0ffaedec2ff4d329b9cb85ca897a1301/execute/async - {"script":"<script> [1562 bytes]","args":[{"selector":{"id":"receiptDatePicker","viewName":"etm.portal.ui.managehandovers.view.DetailExecuteHO","interaction":{"idSuffix":"inner"}},"wdio_ui5_key":"receiptDatePickeretmportal.ui.managehandovers.view.DetailExecuteHO"}]}
RESULT: {"script":"<script> [1562 bytes]","args":[{"selector":{"id":"receiptDatePicker","viewName":"etm.portal.ui.managehandovers.view.DetailExecuteHO","interaction":{"idSuffix":"inner"}},"wdio_ui5_key":"receiptDatePickeretmportal.ui.managehandovers.view.DetailExecuteHO"}]}
RESULT: undefined
COMMAND: POST /session/0ffaedec2ff4d329b9cb85ca897a1301/execute/async - {"script":"<script> [6424 bytes]","args":[{"element-6066-11e4-a52e-4f735466cecf":"f.9119AA68FED8A447B03A71089BFD3ED7.d.1DD5E2DB9D9294E1794B2D6278A9594B.e.16652"},"setValue",["5/26/25"]]}
RESULT: {"script":"<script> [6424 bytes]","args":[{"element-6066-11e4-a52e-4f735466cecf":"f.9119AA68FED8A447B03A71089BFD3ED7.d.1DD5E2DB9D9294E1794B2D6278A9594B.e.16652"},"setValue",["5/26/25"]]}
COMMAND: POST /session/0ffaedec2ff4d329b9cb85ca897a1301/element - {"using":"xpath","value":"//button[@data-kt=\"ReceivingTableConfirmAllButton\"]"}
RESULT: {"using":"xpath","value":"//button[@data-kt=\"ReceivingTableConfirmAllButton\"]"}
COMMAND: POST /session/0ffaedec2ff4d329b9cb85ca897a1301/element/f.9119AA68FED8A447B03A71089BFD3ED7.d.1DD5E2DB9D9294E1794B2D6278A9594B.e.16667/click - {}
RESULT: {}
COMMAND: GET /session/0ffaedec2ff4d329b9cb85ca897a1301/screenshot - {}
RESULT: {}
COMMAND: POST /session/0ffaedec2ff4d329b9cb85ca897a1301/element - {"using":"xpath","value":"//bdi[contains(text(), \"OK\")]"}
RESULT: {"using":"xpath","value":"//bdi[contains(text(), \"OK\")]"}
COMMAND: POST /session/0ffaedec2ff4d329b9cb85ca897a1301/element/f.9119AA68FED8A447B03A71089BFD3ED7.d.1DD5E2DB9D9294E1794B2D6278A9594B.e.16669/click - {}
RESULT: {}
COMMAND: GET /session/0ffaedec2ff4d329b9cb85ca897a1301/screenshot - {}
RESULT: {}
COMMAND: POST /session/0ffaedec2ff4d329b9cb85ca897a1301/element - {"using":"xpath","value":"(//bdi[contains(text(), \"Receive\")])[2]"}
RESULT: {"using":"xpath","value":"(//bdi[contains(text(), \"Receive\")])[2]"}
COMMAND: POST /session/0ffaedec2ff4d329b9cb85ca897a1301/element/f.9119AA68FED8A447B03A71089BFD3ED7.d.1DD5E2DB9D9294E1794B2D6278A9594B.e.16671/click - {}
RESULT: {}
COMMAND: GET /session/0ffaedec2ff4d329b9cb85ca897a1301/screenshot - {}
RESULT: {}
COMMAND: POST /session/0ffaedec2ff4d329b9cb85ca897a1301/element - {"using":"css selector","value":"#shell-header-logo"}
RESULT: {"using":"css selector","value":"#shell-header-logo"}
COMMAND: POST /session/0ffaedec2ff4d329b9cb85ca897a1301/element/f.9119AA68FED8A447B03A71089BFD3ED7.d.1DD5E2DB9D9294E1794B2D6278A9594B.e.16034/click - {}
RESULT: {}
COMMAND: GET /session/0ffaedec2ff4d329b9cb85ca897a1301/screenshot - {}
RESULT: {}
]]></system-out>
    </testcase>
    <testcase classname="chrome.136_0_7103_93.windows.Billing_transfer_US117289" name="Should create a new contract" time="56.277">
      <system-out><![CDATA[
COMMAND: POST /session/0ffaedec2ff4d329b9cb85ca897a1301/execute/async - {"script":"<script> [1562 bytes]","args":[{"selector":{"controlType":"sap.m.GenericTile","properties":{"header":"Manage Contracts"}},"wdio_ui5_key":"sapm.GenericTile{\"header\":\"Manage Contracts\"}"}]}
RESULT: {"script":"<script> [1562 bytes]","args":[{"selector":{"controlType":"sap.m.GenericTile","properties":{"header":"Manage Contracts"}},"wdio_ui5_key":"sapm.GenericTile{\"header\":\"Manage Contracts\"}"}]}
RESULT: undefined
COMMAND: POST /session/0ffaedec2ff4d329b9cb85ca897a1301/element - {"using":"xpath","value":"//*[@id=\"__tile130\"]"}
RESULT: {"using":"xpath","value":"//*[@id=\"__tile130\"]"}
COMMAND: POST /session/0ffaedec2ff4d329b9cb85ca897a1301/element/f.9119AA68FED8A447B03A71089BFD3ED7.d.1DD5E2DB9D9294E1794B2D6278A9594B.e.14665/click - {}
RESULT: {}
COMMAND: GET /session/0ffaedec2ff4d329b9cb85ca897a1301/screenshot - {}
RESULT: {}
COMMAND: POST /session/0ffaedec2ff4d329b9cb85ca897a1301/elements - {"using":"xpath","value":"//span[text()='Error']"}
RESULT: {"using":"xpath","value":"//span[text()='Error']"}
COMMAND: POST /session/0ffaedec2ff4d329b9cb85ca897a1301/element - {"using":"xpath","value":"//button[@data-kt=\"addButton\"]"}
RESULT: {"using":"xpath","value":"//button[@data-kt=\"addButton\"]"}
COMMAND: POST /session/0ffaedec2ff4d329b9cb85ca897a1301/elements - {"using":"xpath","value":"//button[@data-kt=\"addButton\"]"}
RESULT: {"using":"xpath","value":"//button[@data-kt=\"addButton\"]"}
COMMAND: POST /session/0ffaedec2ff4d329b9cb85ca897a1301/execute/sync - {"script":"<script> [8489 bytes]","args":[{"element-6066-11e4-a52e-4f735466cecf":"f.9119AA68FED8A447B03A71089BFD3ED7.d.1DD5E2DB9D9294E1794B2D6278A9594B.e.16891","ELEMENT":"f.9119AA68FED8A447B03A71089BFD3ED7.d.1DD5E2DB9D9294E1794B2D6278A9594B.e.16891"}]}
RESULT: {"script":"<script> [8489 bytes]","args":[{"element-6066-11e4-a52e-4f735466cecf":"f.9119AA68FED8A447B03A71089BFD3ED7.d.1DD5E2DB9D9294E1794B2D6278A9594B.e.16891","ELEMENT":"f.9119AA68FED8A447B03A71089BFD3ED7.d.1DD5E2DB9D9294E1794B2D6278A9594B.e.16891"}]}
COMMAND: GET /session/0ffaedec2ff4d329b9cb85ca897a1301/element/f.9119AA68FED8A447B03A71089BFD3ED7.d.1DD5E2DB9D9294E1794B2D6278A9594B.e.16891/enabled - {}
COMMAND: GET /session/0ffaedec2ff4d329b9cb85ca897a1301/screenshot - {}
RESULT: {}
COMMAND: POST /session/0ffaedec2ff4d329b9cb85ca897a1301/execute/sync - {"script":"<script> [8489 bytes]","args":[{"element-6066-11e4-a52e-4f735466cecf":"f.9119AA68FED8A447B03A71089BFD3ED7.d.1DD5E2DB9D9294E1794B2D6278A9594B.e.16891","ELEMENT":"f.9119AA68FED8A447B03A71089BFD3ED7.d.1DD5E2DB9D9294E1794B2D6278A9594B.e.16891"}]}
COMMAND: GET /session/0ffaedec2ff4d329b9cb85ca897a1301/screenshot - {}
RESULT: {}
RESULT: {"script":"<script> [8489 bytes]","args":[{"element-6066-11e4-a52e-4f735466cecf":"f.9119AA68FED8A447B03A71089BFD3ED7.d.1DD5E2DB9D9294E1794B2D6278A9594B.e.16891","ELEMENT":"f.9119AA68FED8A447B03A71089BFD3ED7.d.1DD5E2DB9D9294E1794B2D6278A9594B.e.16891"}]}
COMMAND: POST /session/0ffaedec2ff4d329b9cb85ca897a1301/execute/sync - {"script":"<script> [5351 bytes]","args":[{"element-6066-11e4-a52e-4f735466cecf":"f.9119AA68FED8A447B03A71089BFD3ED7.d.1DD5E2DB9D9294E1794B2D6278A9594B.e.16891","ELEMENT":"f.9119AA68FED8A447B03A71089BFD3ED7.d.1DD5E2DB9D9294E1794B2D6278A9594B.e.16891"}]}
COMMAND: GET /session/0ffaedec2ff4d329b9cb85ca897a1301/screenshot - {}
RESULT: {}
RESULT: {}
RESULT: {"script":"<script> [5351 bytes]","args":[{"element-6066-11e4-a52e-4f735466cecf":"f.9119AA68FED8A447B03A71089BFD3ED7.d.1DD5E2DB9D9294E1794B2D6278A9594B.e.16891","ELEMENT":"f.9119AA68FED8A447B03A71089BFD3ED7.d.1DD5E2DB9D9294E1794B2D6278A9594B.e.16891"}]}
COMMAND: GET /session/0ffaedec2ff4d329b9cb85ca897a1301/screenshot - {}
RESULT: {}
COMMAND: POST /session/0ffaedec2ff4d329b9cb85ca897a1301/element/f.9119AA68FED8A447B03A71089BFD3ED7.d.1DD5E2DB9D9294E1794B2D6278A9594B.e.16891/click - {}
RESULT: {}
COMMAND: GET /session/0ffaedec2ff4d329b9cb85ca897a1301/screenshot - {}
COMMAND: POST /session/0ffaedec2ff4d329b9cb85ca897a1301/execute/async - {"script":"<script> [1562 bytes]","args":[{"selector":{"id":"application-managecontracts-display-component---AddNewContract--projectDescription","interaction":{"idSuffix":"inner"}},"wdio_ui5_key":"applicationmanagecontracts-display-component---AddNewContract--projectDescription"}]}
RESULT: {}
RESULT: {"script":"<script> [1562 bytes]","args":[{"selector":{"id":"application-managecontracts-display-component---AddNewContract--projectDescription","interaction":{"idSuffix":"inner"}},"wdio_ui5_key":"applicationmanagecontracts-display-component---AddNewContract--projectDescription"}]}
RESULT: undefined
COMMAND: POST /session/0ffaedec2ff4d329b9cb85ca897a1301/execute/async - {"script":"<script> [776 bytes]","args":[{"enterText":"Contract WDIO","selector":{"id":"application-managecontracts-display-component---AddNewContract--projectDescription","interaction":{"idSuffix":"inner"}},"clearTextFirst":true,"interactionType":"ENTER_TEXT"}]}
RESULT: {"script":"<script> [776 bytes]","args":[{"enterText":"Contract WDIO","selector":{"id":"application-managecontracts-display-component---AddNewContract--projectDescription","interaction":{"idSuffix":"inner"}},"clearTextFirst":true,"interactionType":"ENTER_TEXT"}]}
COMMAND: POST /session/0ffaedec2ff4d329b9cb85ca897a1301/element - {"using":"xpath","value":"//input[@id=\"application-managecontracts-display-component---AddNewContract--site-inner\"]"}
RESULT: {"using":"xpath","value":"//input[@id=\"application-managecontracts-display-component---AddNewContract--site-inner\"]"}
COMMAND: POST /session/0ffaedec2ff4d329b9cb85ca897a1301/element/f.9119AA68FED8A447B03A71089BFD3ED7.d.1DD5E2DB9D9294E1794B2D6278A9594B.e.17211/clear - {}
RESULT: {}
COMMAND: POST /session/0ffaedec2ff4d329b9cb85ca897a1301/element/f.9119AA68FED8A447B03A71089BFD3ED7.d.1DD5E2DB9D9294E1794B2D6278A9594B.e.17211/value - {"text":"2165"}
COMMAND: GET /session/0ffaedec2ff4d329b9cb85ca897a1301/screenshot - {}
RESULT: {"text":"2165"}
COMMAND: GET /session/0ffaedec2ff4d329b9cb85ca897a1301/screenshot - {}
RESULT: {}
RESULT: {}
COMMAND: POST /session/0ffaedec2ff4d329b9cb85ca897a1301/element - {"using":"xpath","value":"//li[.//span[text()='2165']]"}
RESULT: {"using":"xpath","value":"//li[.//span[text()='2165']]"}
COMMAND: POST /session/0ffaedec2ff4d329b9cb85ca897a1301/element/f.9119AA68FED8A447B03A71089BFD3ED7.d.1DD5E2DB9D9294E1794B2D6278A9594B.e.17294/click - {}
RESULT: {}
COMMAND: GET /session/0ffaedec2ff4d329b9cb85ca897a1301/screenshot - {}
RESULT: {}
COMMAND: POST /session/0ffaedec2ff4d329b9cb85ca897a1301/element - {"using":"xpath","value":"//input[@id=\"application-managecontracts-display-component---AddNewContract--yardId-inner\"]"}
RESULT: {"using":"xpath","value":"//input[@id=\"application-managecontracts-display-component---AddNewContract--yardId-inner\"]"}
COMMAND: GET /session/0ffaedec2ff4d329b9cb85ca897a1301/element/f.9119AA68FED8A447B03A71089BFD3ED7.d.1DD5E2DB9D9294E1794B2D6278A9594B.e.17212/property/value - {}
RESULT: {}
COMMAND: POST /session/0ffaedec2ff4d329b9cb85ca897a1301/element - {"using":"xpath","value":"//input[@id=\"application-managecontracts-display-component---AddNewContract--customerSelect-inner\"]"}
COMMAND: GET /session/0ffaedec2ff4d329b9cb85ca897a1301/screenshot - {}
RESULT: {"using":"xpath","value":"//input[@id=\"application-managecontracts-display-component---AddNewContract--customerSelect-inner\"]"}
COMMAND: POST /session/0ffaedec2ff4d329b9cb85ca897a1301/element/f.9119AA68FED8A447B03A71089BFD3ED7.d.1DD5E2DB9D9294E1794B2D6278A9594B.e.17210/clear - {}
RESULT: {}
RESULT: {}
COMMAND: POST /session/0ffaedec2ff4d329b9cb85ca897a1301/element/f.9119AA68FED8A447B03A71089BFD3ED7.d.1DD5E2DB9D9294E1794B2D6278A9594B.e.17210/value - {"text":"1179"}
COMMAND: GET /session/0ffaedec2ff4d329b9cb85ca897a1301/screenshot - {}
RESULT: {"text":"1179"}
COMMAND: GET /session/0ffaedec2ff4d329b9cb85ca897a1301/screenshot - {}
RESULT: {}
RESULT: {}
COMMAND: POST /session/0ffaedec2ff4d329b9cb85ca897a1301/element - {"using":"xpath","value":"//li[.//span[text()='1179']]"}
RESULT: {"using":"xpath","value":"//li[.//span[text()='1179']]"}
COMMAND: POST /session/0ffaedec2ff4d329b9cb85ca897a1301/element/f.9119AA68FED8A447B03A71089BFD3ED7.d.1DD5E2DB9D9294E1794B2D6278A9594B.e.17297/click - {}
RESULT: {}
COMMAND: GET /session/0ffaedec2ff4d329b9cb85ca897a1301/screenshot - {}
RESULT: {}
COMMAND: POST /session/0ffaedec2ff4d329b9cb85ca897a1301/element - {"using":"xpath","value":"//button[@data-kt=\"saveButton\"]"}
RESULT: {"using":"xpath","value":"//button[@data-kt=\"saveButton\"]"}
COMMAND: POST /session/0ffaedec2ff4d329b9cb85ca897a1301/element/f.9119AA68FED8A447B03A71089BFD3ED7.d.1DD5E2DB9D9294E1794B2D6278A9594B.e.17285/click - {}
RESULT: {}
COMMAND: GET /session/0ffaedec2ff4d329b9cb85ca897a1301/screenshot - {}
RESULT: {}
COMMAND: POST /session/0ffaedec2ff4d329b9cb85ca897a1301/element - {"using":"xpath","value":"//span[contains(@id ,\"contractDetailTitleNoExpanded\")]"}
RESULT: {"using":"xpath","value":"//span[contains(@id ,\"contractDetailTitleNoExpanded\")]"}
COMMAND: POST /session/0ffaedec2ff4d329b9cb85ca897a1301/elements - {"using":"xpath","value":"//span[contains(@id ,\"contractDetailTitleNoExpanded\")]"}
RESULT: {"using":"xpath","value":"//span[contains(@id ,\"contractDetailTitleNoExpanded\")]"}
COMMAND: POST /session/0ffaedec2ff4d329b9cb85ca897a1301/execute/sync - {"script":"<script> [56 bytes]","args":[{"element-6066-11e4-a52e-4f735466cecf":"f.9119AA68FED8A447B03A71089BFD3ED7.d.1DD5E2DB9D9294E1794B2D6278A9594B.e.17309","ELEMENT":"f.9119AA68FED8A447B03A71089BFD3ED7.d.1DD5E2DB9D9294E1794B2D6278A9594B.e.17309"}]}
RESULT: {"script":"<script> [56 bytes]","args":[{"element-6066-11e4-a52e-4f735466cecf":"f.9119AA68FED8A447B03A71089BFD3ED7.d.1DD5E2DB9D9294E1794B2D6278A9594B.e.17309","ELEMENT":"f.9119AA68FED8A447B03A71089BFD3ED7.d.1DD5E2DB9D9294E1794B2D6278A9594B.e.17309"}]}
COMMAND: GET /session/0ffaedec2ff4d329b9cb85ca897a1301/screenshot - {}
RESULT: {}
]]></system-out>
    </testcase>
    <testcase classname="chrome.136_0_7103_93.windows.Billing_transfer_US117289" name="Should add created equipment to contract" time="45.627">
      <system-out><![CDATA[
COMMAND: POST /session/0ffaedec2ff4d329b9cb85ca897a1301/element - {"using":"xpath","value":"//button[@data-kt=\"contractDetailEditBtnButton\"]"}
RESULT: {"using":"xpath","value":"//button[@data-kt=\"contractDetailEditBtnButton\"]"}
COMMAND: POST /session/0ffaedec2ff4d329b9cb85ca897a1301/element/f.9119AA68FED8A447B03A71089BFD3ED7.d.1DD5E2DB9D9294E1794B2D6278A9594B.e.17310/click - {}
RESULT: {}
COMMAND: GET /session/0ffaedec2ff4d329b9cb85ca897a1301/screenshot - {}
RESULT: {}
COMMAND: POST /session/0ffaedec2ff4d329b9cb85ca897a1301/element - {"using":"xpath","value":"(//span[contains(text(), \"Additional Addresses\")])[2]"}
RESULT: {"using":"xpath","value":"(//span[contains(text(), \"Additional Addresses\")])[2]"}
COMMAND: POST /session/0ffaedec2ff4d329b9cb85ca897a1301/element/f.9119AA68FED8A447B03A71089BFD3ED7.d.1DD5E2DB9D9294E1794B2D6278A9594B.e.17365/click - {}
RESULT: {}
COMMAND: GET /session/0ffaedec2ff4d329b9cb85ca897a1301/screenshot - {}
RESULT: {}
COMMAND: POST /session/0ffaedec2ff4d329b9cb85ca897a1301/element - {"using":"xpath","value":"//button[@data-kt=\"btnAddTableRowOverflowToolbarButton\"]"}
RESULT: {"using":"xpath","value":"//button[@data-kt=\"btnAddTableRowOverflowToolbarButton\"]"}
COMMAND: POST /session/0ffaedec2ff4d329b9cb85ca897a1301/element/f.9119AA68FED8A447B03A71089BFD3ED7.d.1DD5E2DB9D9294E1794B2D6278A9594B.e.17368/click - {}
RESULT: {}
COMMAND: GET /session/0ffaedec2ff4d329b9cb85ca897a1301/screenshot - {}
RESULT: {}
COMMAND: POST /session/0ffaedec2ff4d329b9cb85ca897a1301/element - {"using":"xpath","value":"//div[(text() = 'Standard Entry' or . = 'Standard Entry')]"}
RESULT: {"using":"xpath","value":"//div[(text() = 'Standard Entry' or . = 'Standard Entry')]"}
COMMAND: POST /session/0ffaedec2ff4d329b9cb85ca897a1301/element/f.9119AA68FED8A447B03A71089BFD3ED7.d.1DD5E2DB9D9294E1794B2D6278A9594B.e.17370/click - {}
RESULT: {}
COMMAND: GET /session/0ffaedec2ff4d329b9cb85ca897a1301/screenshot - {}
RESULT: {}
COMMAND: POST /session/0ffaedec2ff4d329b9cb85ca897a1301/element - {"using":"xpath","value":"//td[7]/div/div/input"}
RESULT: {"using":"xpath","value":"//td[7]/div/div/input"}
COMMAND: POST /session/0ffaedec2ff4d329b9cb85ca897a1301/element/f.9119AA68FED8A447B03A71089BFD3ED7.d.1DD5E2DB9D9294E1794B2D6278A9594B.e.17379/clear - {}
RESULT: {}
COMMAND: POST /session/0ffaedec2ff4d329b9cb85ca897a1301/element/f.9119AA68FED8A447B03A71089BFD3ED7.d.1DD5E2DB9D9294E1794B2D6278A9594B.e.17379/value - {"text":"VaL5yaH2PE"}
COMMAND: GET /session/0ffaedec2ff4d329b9cb85ca897a1301/screenshot - {}
RESULT: {"text":"VaL5yaH2PE"}
COMMAND: GET /session/0ffaedec2ff4d329b9cb85ca897a1301/screenshot - {}
RESULT: {}
RESULT: {}
COMMAND: POST /session/0ffaedec2ff4d329b9cb85ca897a1301/actions - {"actions":[{"id":"action55","type":"key","parameters":{},"actions":[{"type":"keyDown","value":""},{"type":"pause","duration":10},{"type":"keyUp","value":""}]}]}
RESULT: {"actions":[{"id":"action55","type":"key","parameters":{},"actions":[{"type":"keyDown","value":""},{"type":"pause","duration":10},{"type":"keyUp","value":""}]}]}
COMMAND: GET /session/0ffaedec2ff4d329b9cb85ca897a1301/screenshot - {}
RESULT: {}
COMMAND: POST /session/0ffaedec2ff4d329b9cb85ca897a1301/execute/sync - {"script":"<script> [276 bytes]","args":["No pricing information was found"]}
RESULT: {"script":"<script> [276 bytes]","args":["No pricing information was found"]}
COMMAND: POST /session/0ffaedec2ff4d329b9cb85ca897a1301/element - {"using":"xpath","value":"(//button[@data-kt=\"saveButton\"])[2]"}
COMMAND: GET /session/0ffaedec2ff4d329b9cb85ca897a1301/screenshot - {}
RESULT: {"using":"xpath","value":"(//button[@data-kt=\"saveButton\"])[2]"}
COMMAND: POST /session/0ffaedec2ff4d329b9cb85ca897a1301/element/f.9119AA68FED8A447B03A71089BFD3ED7.d.1DD5E2DB9D9294E1794B2D6278A9594B.e.17394/click - {}
RESULT: {}
RESULT: {}
COMMAND: GET /session/0ffaedec2ff4d329b9cb85ca897a1301/screenshot - {}
RESULT: {}
COMMAND: POST /session/0ffaedec2ff4d329b9cb85ca897a1301/execute/sync - {"script":"<script> [276 bytes]","args":["Some contract items are having rental validity exceeding header rental validity"]}
RESULT: {"script":"<script> [276 bytes]","args":["Some contract items are having rental validity exceeding header rental validity"]}
COMMAND: GET /session/0ffaedec2ff4d329b9cb85ca897a1301/screenshot - {}
RESULT: {}
COMMAND: POST /session/0ffaedec2ff4d329b9cb85ca897a1301/element - {"using":"xpath","value":"//span[contains(@id ,\"contractItemsSmartTable-header-inner\")]"}
RESULT: {"using":"xpath","value":"//span[contains(@id ,\"contractItemsSmartTable-header-inner\")]"}
COMMAND: POST /session/0ffaedec2ff4d329b9cb85ca897a1301/elements - {"using":"xpath","value":"//span[contains(@id ,\"contractItemsSmartTable-header-inner\")]"}
RESULT: {"using":"xpath","value":"//span[contains(@id ,\"contractItemsSmartTable-header-inner\")]"}
COMMAND: POST /session/0ffaedec2ff4d329b9cb85ca897a1301/execute/sync - {"script":"<script> [56 bytes]","args":[{"element-6066-11e4-a52e-4f735466cecf":"f.9119AA68FED8A447B03A71089BFD3ED7.d.1DD5E2DB9D9294E1794B2D6278A9594B.e.17400","ELEMENT":"f.9119AA68FED8A447B03A71089BFD3ED7.d.1DD5E2DB9D9294E1794B2D6278A9594B.e.17400"}]}
RESULT: {"script":"<script> [56 bytes]","args":[{"element-6066-11e4-a52e-4f735466cecf":"f.9119AA68FED8A447B03A71089BFD3ED7.d.1DD5E2DB9D9294E1794B2D6278A9594B.e.17400","ELEMENT":"f.9119AA68FED8A447B03A71089BFD3ED7.d.1DD5E2DB9D9294E1794B2D6278A9594B.e.17400"}]}
COMMAND: GET /session/0ffaedec2ff4d329b9cb85ca897a1301/screenshot - {}
]]></system-out>
    </testcase>
    <testcase classname="chrome.136_0_7103_93.windows.Billing_transfer_US117289" name="Should do a provide to site handover" time="52.799">
      <system-out><![CDATA[
COMMAND: POST /session/0ffaedec2ff4d329b9cb85ca897a1301/element - {"using":"xpath","value":"//button[@data-kt=\"provideButton\"]"}
RESULT: {}
RESULT: {"using":"xpath","value":"//button[@data-kt=\"provideButton\"]"}
COMMAND: POST /session/0ffaedec2ff4d329b9cb85ca897a1301/element/f.9119AA68FED8A447B03A71089BFD3ED7.d.1DD5E2DB9D9294E1794B2D6278A9594B.e.17401/click - {}
RESULT: {}
COMMAND: GET /session/0ffaedec2ff4d329b9cb85ca897a1301/screenshot - {}
RESULT: undefined
COMMAND: POST /session/0ffaedec2ff4d329b9cb85ca897a1301/execute/async - {"script":"<script> [6424 bytes]","args":[{"element-6066-11e4-a52e-4f735466cecf":"f.9119AA68FED8A447B03A71089BFD3ED7.d.1DD5E2DB9D9294E1794B2D6278A9594B.e.16436"},"setValue",["5/26/25"]]}
RESULT: {}
COMMAND: POST /session/0ffaedec2ff4d329b9cb85ca897a1301/execute/async - {"script":"<script> [1562 bytes]","args":[{"selector":{"id":"application-managehandovers-display-component---AddNewHO--dueDate","interaction":{"idSuffix":"inner"}},"wdio_ui5_key":"applicationmanagehandovers-display-component---AddNewHO--dueDate"}]}
RESULT: {"script":"<script> [1562 bytes]","args":[{"selector":{"id":"application-managehandovers-display-component---AddNewHO--dueDate","interaction":{"idSuffix":"inner"}},"wdio_ui5_key":"applicationmanagehandovers-display-component---AddNewHO--dueDate"}]}
COMMAND: POST /session/0ffaedec2ff4d329b9cb85ca897a1301/execute/async - {"script":"<script> [6424 bytes]","args":[{"element-6066-11e4-a52e-4f735466cecf":"f.9119AA68FED8A447B03A71089BFD3ED7.d.1DD5E2DB9D9294E1794B2D6278A9594B.e.17491"},"setValue",["5/26/25"]]}
RESULT: {"script":"<script> [6424 bytes]","args":[{"element-6066-11e4-a52e-4f735466cecf":"f.9119AA68FED8A447B03A71089BFD3ED7.d.1DD5E2DB9D9294E1794B2D6278A9594B.e.17491"},"setValue",["5/26/25"]]}
COMMAND: POST /session/0ffaedec2ff4d329b9cb85ca897a1301/element - {"using":"xpath","value":"//bdi[contains(text(), \"Instructions\")]"}
RESULT: {"using":"xpath","value":"//bdi[contains(text(), \"Instructions\")]"}
COMMAND: POST /session/0ffaedec2ff4d329b9cb85ca897a1301/element/f.9119AA68FED8A447B03A71089BFD3ED7.d.1DD5E2DB9D9294E1794B2D6278A9594B.e.17709/click - {}
RESULT: {}
COMMAND: GET /session/0ffaedec2ff4d329b9cb85ca897a1301/screenshot - {}
RESULT: {}
COMMAND: POST /session/0ffaedec2ff4d329b9cb85ca897a1301/element - {"using":"xpath","value":"//button[@data-kt=\"AddNewHOProvideAddItemsButton\"]"}
RESULT: {"using":"xpath","value":"//button[@data-kt=\"AddNewHOProvideAddItemsButton\"]"}
COMMAND: POST /session/0ffaedec2ff4d329b9cb85ca897a1301/element/f.9119AA68FED8A447B03A71089BFD3ED7.d.1DD5E2DB9D9294E1794B2D6278A9594B.e.17713/click - {}
RESULT: {}
COMMAND: GET /session/0ffaedec2ff4d329b9cb85ca897a1301/screenshot - {}
RESULT: {}
RESULT: undefined
COMMAND: POST /session/0ffaedec2ff4d329b9cb85ca897a1301/element - {"using":"xpath","value":"//*[@id=\"application-managehandovers-display-component---AddNewHO--popup-sa\"]"}
RESULT: {"using":"xpath","value":"//*[@id=\"application-managehandovers-display-component---AddNewHO--popup-sa\"]"}
COMMAND: POST /session/0ffaedec2ff4d329b9cb85ca897a1301/element/f.9119AA68FED8A447B03A71089BFD3ED7.d.1DD5E2DB9D9294E1794B2D6278A9594B.e.17722/click - {}
RESULT: {}
COMMAND: GET /session/0ffaedec2ff4d329b9cb85ca897a1301/screenshot - {}
RESULT: {}
COMMAND: POST /session/0ffaedec2ff4d329b9cb85ca897a1301/element - {"using":"xpath","value":"//*[contains(@id ,\"BDI-content\")][contains(text(), \"Select\")]"}
RESULT: {"using":"xpath","value":"//*[contains(@id ,\"BDI-content\")][contains(text(), \"Select\")]"}
COMMAND: POST /session/0ffaedec2ff4d329b9cb85ca897a1301/element/f.9119AA68FED8A447B03A71089BFD3ED7.d.1DD5E2DB9D9294E1794B2D6278A9594B.e.17724/click - {}
RESULT: {}
COMMAND: GET /session/0ffaedec2ff4d329b9cb85ca897a1301/screenshot - {}
RESULT: {}
COMMAND: POST /session/0ffaedec2ff4d329b9cb85ca897a1301/execute/async - {"script":"<script> [1562 bytes]","args":[{"selector":{"id":"application-managehandovers-display-component---AddNewHO--confirmCreationButton","interaction":{"idSuffix":"BDI-content"}},"wdio_ui5_key":"applicationmanagehandovers-display-component---AddNewHO--confirmCreationButton"}]}
RESULT: {"script":"<script> [1562 bytes]","args":[{"selector":{"id":"application-managehandovers-display-component---AddNewHO--confirmCreationButton","interaction":{"idSuffix":"BDI-content"}},"wdio_ui5_key":"applicationmanagehandovers-display-component---AddNewHO--confirmCreationButton"}]}
RESULT: undefined
COMMAND: POST /session/0ffaedec2ff4d329b9cb85ca897a1301/element - {"using":"xpath","value":"//*[@id=\"application-managehandovers-display-component---AddNewHO--confirmCreationButton\"]"}
RESULT: {"using":"xpath","value":"//*[@id=\"application-managehandovers-display-component---AddNewHO--confirmCreationButton\"]"}
COMMAND: POST /session/0ffaedec2ff4d329b9cb85ca897a1301/element/f.9119AA68FED8A447B03A71089BFD3ED7.d.1DD5E2DB9D9294E1794B2D6278A9594B.e.17538/click - {}
RESULT: {}
COMMAND: GET /session/0ffaedec2ff4d329b9cb85ca897a1301/screenshot - {}
RESULT: {}
COMMAND: POST /session/0ffaedec2ff4d329b9cb85ca897a1301/execute/async - {"script":"<script> [1562 bytes]","args":[{"selector":{"id":"issueDatePicker","viewName":"etm.portal.ui.managehandovers.view.DetailExecuteHO","interaction":{"idSuffix":"inner"}},"wdio_ui5_key":"issueDatePickeretmportal.ui.managehandovers.view.DetailExecuteHO"}]}
RESULT: {"script":"<script> [1562 bytes]","args":[{"selector":{"id":"issueDatePicker","viewName":"etm.portal.ui.managehandovers.view.DetailExecuteHO","interaction":{"idSuffix":"inner"}},"wdio_ui5_key":"issueDatePickeretmportal.ui.managehandovers.view.DetailExecuteHO"}]}
RESULT: undefined
COMMAND: POST /session/0ffaedec2ff4d329b9cb85ca897a1301/execute/async - {"script":"<script> [776 bytes]","args":[{"enterText":"5/26/25","selector":{"id":"issueDatePicker","viewName":"etm.portal.ui.managehandovers.view.DetailExecuteHO","interaction":{"idSuffix":"inner"}},"clearTextFirst":true,"interactionType":"ENTER_TEXT"}]}
RESULT: {"script":"<script> [776 bytes]","args":[{"enterText":"5/26/25","selector":{"id":"issueDatePicker","viewName":"etm.portal.ui.managehandovers.view.DetailExecuteHO","interaction":{"idSuffix":"inner"}},"clearTextFirst":true,"interactionType":"ENTER_TEXT"}]}
COMMAND: POST /session/0ffaedec2ff4d329b9cb85ca897a1301/element - {"using":"xpath","value":"//button[@data-kt=\"PickingTableConfirmAllButton\"]"}
RESULT: {"using":"xpath","value":"//button[@data-kt=\"PickingTableConfirmAllButton\"]"}
COMMAND: POST /session/0ffaedec2ff4d329b9cb85ca897a1301/element/f.9119AA68FED8A447B03A71089BFD3ED7.d.1DD5E2DB9D9294E1794B2D6278A9594B.e.17786/click - {}
RESULT: {}
COMMAND: GET /session/0ffaedec2ff4d329b9cb85ca897a1301/screenshot - {}
RESULT: {}
COMMAND: POST /session/0ffaedec2ff4d329b9cb85ca897a1301/element - {"using":"xpath","value":"//bdi[contains(text(), \"OK\")]"}
RESULT: {"using":"xpath","value":"//bdi[contains(text(), \"OK\")]"}
COMMAND: POST /session/0ffaedec2ff4d329b9cb85ca897a1301/element/f.9119AA68FED8A447B03A71089BFD3ED7.d.1DD5E2DB9D9294E1794B2D6278A9594B.e.17789/click - {}
RESULT: {}
COMMAND: GET /session/0ffaedec2ff4d329b9cb85ca897a1301/screenshot - {}
RESULT: {}
COMMAND: POST /session/0ffaedec2ff4d329b9cb85ca897a1301/element - {"using":"xpath","value":"//bdi[contains(text(), \"Issue\")]"}
RESULT: {"using":"xpath","value":"//bdi[contains(text(), \"Issue\")]"}
COMMAND: POST /session/0ffaedec2ff4d329b9cb85ca897a1301/element/f.9119AA68FED8A447B03A71089BFD3ED7.d.1DD5E2DB9D9294E1794B2D6278A9594B.e.17791/click - {}
RESULT: {}
COMMAND: GET /session/0ffaedec2ff4d329b9cb85ca897a1301/screenshot - {}
RESULT: {}
COMMAND: POST /session/0ffaedec2ff4d329b9cb85ca897a1301/element - {"using":"css selector","value":"#shell-header-logo"}
RESULT: {"using":"css selector","value":"#shell-header-logo"}
COMMAND: POST /session/0ffaedec2ff4d329b9cb85ca897a1301/element/f.9119AA68FED8A447B03A71089BFD3ED7.d.1DD5E2DB9D9294E1794B2D6278A9594B.e.16844/click - {}
RESULT: {}
COMMAND: GET /session/0ffaedec2ff4d329b9cb85ca897a1301/screenshot - {}
RESULT: {}
]]></system-out>
    </testcase>
    <testcase classname="chrome.136_0_7103_93.windows.Billing_transfer_US117289" name="Should navigate to Manage Billings and trigger contract calculation business confirm it" time="56.829">
      <system-out><![CDATA[
COMMAND: POST /session/0ffaedec2ff4d329b9cb85ca897a1301/execute/async - {"script":"<script> [1562 bytes]","args":[{"selector":{"controlType":"sap.m.GenericTile","properties":{"header":"Manage Billings"}},"wdio_ui5_key":"sapm.GenericTile{\"header\":\"Manage Billings\"}"}]}
RESULT: {"script":"<script> [1562 bytes]","args":[{"selector":{"controlType":"sap.m.GenericTile","properties":{"header":"Manage Billings"}},"wdio_ui5_key":"sapm.GenericTile{\"header\":\"Manage Billings\"}"}]}
RESULT: undefined
COMMAND: POST /session/0ffaedec2ff4d329b9cb85ca897a1301/element - {"using":"xpath","value":"//*[@id=\"__tile51\"]"}
RESULT: {"using":"xpath","value":"//*[@id=\"__tile51\"]"}
COMMAND: POST /session/0ffaedec2ff4d329b9cb85ca897a1301/element/f.9119AA68FED8A447B03A71089BFD3ED7.d.1DD5E2DB9D9294E1794B2D6278A9594B.e.14692/click - {}
RESULT: {}
COMMAND: GET /session/0ffaedec2ff4d329b9cb85ca897a1301/screenshot - {}
RESULT: {}
COMMAND: POST /session/0ffaedec2ff4d329b9cb85ca897a1301/elements - {"using":"xpath","value":"//span[text()='Error']"}
RESULT: {"using":"xpath","value":"//span[text()='Error']"}
COMMAND: POST /session/0ffaedec2ff4d329b9cb85ca897a1301/execute/async - {"script":"<script> [1562 bytes]","args":[{"selector":{"id":"application-managebillings-display-component---billRunCalcResult--smartFilterBar-btnBasicSearch","interaction":{"idSuffix":"I"}},"wdio_ui5_key":"applicationmanagebillings-display-component---billRunCalcResult--smartFilterBar-btnBasicSearch"}]}
RESULT: {"script":"<script> [1562 bytes]","args":[{"selector":{"id":"application-managebillings-display-component---billRunCalcResult--smartFilterBar-btnBasicSearch","interaction":{"idSuffix":"I"}},"wdio_ui5_key":"applicationmanagebillings-display-component---billRunCalcResult--smartFilterBar-btnBasicSearch"}]}
RESULT: undefined
COMMAND: POST /session/0ffaedec2ff4d329b9cb85ca897a1301/execute/async - {"script":"<script> [776 bytes]","args":[{"enterText":"10284","selector":{"id":"application-managebillings-display-component---billRunCalcResult--smartFilterBar-btnBasicSearch","interaction":{"idSuffix":"I"}},"clearTextFirst":true,"interactionType":"ENTER_TEXT"}]}
RESULT: {"script":"<script> [776 bytes]","args":[{"enterText":"10284","selector":{"id":"application-managebillings-display-component---billRunCalcResult--smartFilterBar-btnBasicSearch","interaction":{"idSuffix":"I"}},"clearTextFirst":true,"interactionType":"ENTER_TEXT"}]}
COMMAND: POST /session/0ffaedec2ff4d329b9cb85ca897a1301/actions - {"actions":[{"id":"action56","type":"key","parameters":{},"actions":[{"type":"keyDown","value":""},{"type":"pause","duration":10},{"type":"keyUp","value":""}]}]}
RESULT: {"actions":[{"id":"action56","type":"key","parameters":{},"actions":[{"type":"keyDown","value":""},{"type":"pause","duration":10},{"type":"keyUp","value":""}]}]}
COMMAND: GET /session/0ffaedec2ff4d329b9cb85ca897a1301/screenshot - {}
RESULT: {}
COMMAND: POST /session/0ffaedec2ff4d329b9cb85ca897a1301/element - {"using":"xpath","value":"//td[@aria-colindex=\"1\"]/div/div[contains(@class, \"sapMCbBg\")]"}
RESULT: {"using":"xpath","value":"//td[@aria-colindex=\"1\"]/div/div[contains(@class, \"sapMCbBg\")]"}
COMMAND: POST /session/0ffaedec2ff4d329b9cb85ca897a1301/element/f.9119AA68FED8A447B03A71089BFD3ED7.d.1DD5E2DB9D9294E1794B2D6278A9594B.e.18181/click - {}
RESULT: {}
COMMAND: GET /session/0ffaedec2ff4d329b9cb85ca897a1301/screenshot - {}
RESULT: {}
COMMAND: POST /session/0ffaedec2ff4d329b9cb85ca897a1301/execute/async - {"script":"<script> [1562 bytes]","args":[{"selector":{"id":"application-managebillings-display-component---billRunCalcResult--contractBillRunDate","interaction":{"idSuffix":"inner"}},"wdio_ui5_key":"applicationmanagebillings-display-component---billRunCalcResult--contractBillRunDate"}]}
RESULT: {"script":"<script> [1562 bytes]","args":[{"selector":{"id":"application-managebillings-display-component---billRunCalcResult--contractBillRunDate","interaction":{"idSuffix":"inner"}},"wdio_ui5_key":"applicationmanagebillings-display-component---billRunCalcResult--contractBillRunDate"}]}
RESULT: undefined
COMMAND: POST /session/0ffaedec2ff4d329b9cb85ca897a1301/execute/async - {"script":"<script> [776 bytes]","args":[{"enterText":"6/26/25","selector":{"id":"application-managebillings-display-component---billRunCalcResult--contractBillRunDate","interaction":{"idSuffix":"inner"}},"clearTextFirst":true,"interactionType":"ENTER_TEXT"}]}
RESULT: {"script":"<script> [776 bytes]","args":[{"enterText":"6/26/25","selector":{"id":"application-managebillings-display-component---billRunCalcResult--contractBillRunDate","interaction":{"idSuffix":"inner"}},"clearTextFirst":true,"interactionType":"ENTER_TEXT"}]}
COMMAND: POST /session/0ffaedec2ff4d329b9cb85ca897a1301/element - {"using":"xpath","value":"//bdi[contains(text(), \"Trigger Calculation\")]"}
RESULT: {"using":"xpath","value":"//bdi[contains(text(), \"Trigger Calculation\")]"}
COMMAND: POST /session/0ffaedec2ff4d329b9cb85ca897a1301/element/f.9119AA68FED8A447B03A71089BFD3ED7.d.1DD5E2DB9D9294E1794B2D6278A9594B.e.18232/click - {}
RESULT: {}
COMMAND: GET /session/0ffaedec2ff4d329b9cb85ca897a1301/screenshot - {}
RESULT: {}
COMMAND: POST /session/0ffaedec2ff4d329b9cb85ca897a1301/element - {"using":"xpath","value":"(//span[contains(@id, \"imgNav\")])[1]"}
RESULT: {"using":"xpath","value":"(//span[contains(@id, \"imgNav\")])[1]"}
COMMAND: POST /session/0ffaedec2ff4d329b9cb85ca897a1301/element/f.9119AA68FED8A447B03A71089BFD3ED7.d.1DD5E2DB9D9294E1794B2D6278A9594B.e.18182/click - {}
RESULT: {}
COMMAND: GET /session/0ffaedec2ff4d329b9cb85ca897a1301/screenshot - {}
RESULT: {}
COMMAND: POST /session/0ffaedec2ff4d329b9cb85ca897a1301/execute/async - {"script":"<script> [1562 bytes]","args":[{"selector":{"controlType":"sap.ui.core.Icon","viewName":"etm.portal.ui.managebillings.view.Master","viewId":"application-managebillings-display-component---billRunCalcResult","properties":{"src":{"regex":{"source":"slim\\-arrow\\-right"}}}},"wdio_ui5_key":"etmportal.ui.managebillings.view.Mastersap.ui.core.Icon{\"src\":{\"regex\":{\"source\":\"slim\\\\-arrow\\\\-right\"}}}"}]}
RESULT: {"script":"<script> [1562 bytes]","args":[{"selector":{"controlType":"sap.ui.core.Icon","viewName":"etm.portal.ui.managebillings.view.Master","viewId":"application-managebillings-display-component---billRunCalcResult","properties":{"src":{"regex":{"source":"slim\\-arrow\\-right"}}}},"wdio_ui5_key":"etmportal.ui.managebillings.view.Mastersap.ui.core.Icon{\"src\":{\"regex\":{\"source\":\"slim\\\\-arrow\\\\-right\"}}}"}]}
RESULT: undefined
COMMAND: POST /session/0ffaedec2ff4d329b9cb85ca897a1301/element - {"using":"xpath","value":"//*[@id=\"__item1659-application-managebillings-display-component---billRunCalcResult--billingRunsTable-0-imgNav\"]"}
RESULT: {"using":"xpath","value":"//*[@id=\"__item1659-application-managebillings-display-component---billRunCalcResult--billingRunsTable-0-imgNav\"]"}
COMMAND: POST /session/0ffaedec2ff4d329b9cb85ca897a1301/element/f.9119AA68FED8A447B03A71089BFD3ED7.d.1DD5E2DB9D9294E1794B2D6278A9594B.e.18237/click - {}
RESULT: {}
COMMAND: POST /session/0ffaedec2ff4d329b9cb85ca897a1301/execute/async - {"script":"<script> [1562 bytes]","args":[{"selector":{"id":"application-managebillings-display-component---billRunCalcResult--btnConf","interaction":{"idSuffix":"BDI-content"}},"wdio_ui5_key":"applicationmanagebillings-display-component---billRunCalcResult--btnConf"}]}
COMMAND: GET /session/0ffaedec2ff4d329b9cb85ca897a1301/screenshot - {}
RESULT: {"script":"<script> [1562 bytes]","args":[{"selector":{"id":"application-managebillings-display-component---billRunCalcResult--btnConf","interaction":{"idSuffix":"BDI-content"}},"wdio_ui5_key":"applicationmanagebillings-display-component---billRunCalcResult--btnConf"}]}
RESULT: undefined
COMMAND: POST /session/0ffaedec2ff4d329b9cb85ca897a1301/element - {"using":"xpath","value":"//*[@id=\"application-managebillings-display-component---billRunCalcResult--btnConf\"]"}
RESULT: {}
RESULT: {"using":"xpath","value":"//*[@id=\"application-managebillings-display-component---billRunCalcResult--btnConf\"]"}
COMMAND: POST /session/0ffaedec2ff4d329b9cb85ca897a1301/element/f.9119AA68FED8A447B03A71089BFD3ED7.d.1DD5E2DB9D9294E1794B2D6278A9594B.e.18268/click - {}
RESULT: {}
COMMAND: POST /session/0ffaedec2ff4d329b9cb85ca897a1301/element - {"using":"css selector","value":"#shell-header-logo"}
COMMAND: GET /session/0ffaedec2ff4d329b9cb85ca897a1301/screenshot - {}
RESULT: {"using":"css selector","value":"#shell-header-logo"}
COMMAND: POST /session/0ffaedec2ff4d329b9cb85ca897a1301/element/f.9119AA68FED8A447B03A71089BFD3ED7.d.1DD5E2DB9D9294E1794B2D6278A9594B.e.17972/click - {}
RESULT: {}
RESULT: {}
COMMAND: GET /session/0ffaedec2ff4d329b9cb85ca897a1301/screenshot - {}
RESULT: {}
]]></system-out>
    </testcase>
    <testcase classname="chrome.136_0_7103_93.windows.Billing_transfer_US117289" name="Should trigger Billing Transfer process all the way to completion" time="72.66">
      <system-out><![CDATA[
COMMAND: POST /session/0ffaedec2ff4d329b9cb85ca897a1301/execute/async - {"script":"<script> [1562 bytes]","args":[{"selector":{"controlType":"sap.m.GenericTile","properties":{"header":"Billing Transfer"}},"wdio_ui5_key":"sapm.GenericTile{\"header\":\"Billing Transfer\"}"}]}
RESULT: {"script":"<script> [1562 bytes]","args":[{"selector":{"controlType":"sap.m.GenericTile","properties":{"header":"Billing Transfer"}},"wdio_ui5_key":"sapm.GenericTile{\"header\":\"Billing Transfer\"}"}]}
RESULT: undefined
COMMAND: POST /session/0ffaedec2ff4d329b9cb85ca897a1301/element - {"using":"xpath","value":"//*[@id=\"__tile50\"]"}
RESULT: {"using":"xpath","value":"//*[@id=\"__tile50\"]"}
COMMAND: POST /session/0ffaedec2ff4d329b9cb85ca897a1301/element/f.9119AA68FED8A447B03A71089BFD3ED7.d.1DD5E2DB9D9294E1794B2D6278A9594B.e.14690/click - {}
RESULT: {}
COMMAND: GET /session/0ffaedec2ff4d329b9cb85ca897a1301/screenshot - {}
RESULT: {}
COMMAND: POST /session/0ffaedec2ff4d329b9cb85ca897a1301/elements - {"using":"xpath","value":"//span[text()='Error']"}
RESULT: {"using":"xpath","value":"//span[text()='Error']"}
COMMAND: POST /session/0ffaedec2ff4d329b9cb85ca897a1301/element - {"using":"xpath","value":"//input[contains(@id ,\"application-billingtransfer-display-component---billingWorkbench--smartFilterBar-btnBasicSearch\")]"}
RESULT: {"using":"xpath","value":"//input[contains(@id ,\"application-billingtransfer-display-component---billingWorkbench--smartFilterBar-btnBasicSearch\")]"}
COMMAND: POST /session/0ffaedec2ff4d329b9cb85ca897a1301/elements - {"using":"xpath","value":"//input[contains(@id ,\"application-billingtransfer-display-component---billingWorkbench--smartFilterBar-btnBasicSearch\")]"}
RESULT: {"using":"xpath","value":"//input[contains(@id ,\"application-billingtransfer-display-component---billingWorkbench--smartFilterBar-btnBasicSearch\")]"}
COMMAND: POST /session/0ffaedec2ff4d329b9cb85ca897a1301/execute/sync - {"script":"<script> [8489 bytes]","args":[{"element-6066-11e4-a52e-4f735466cecf":"f.9119AA68FED8A447B03A71089BFD3ED7.d.1DD5E2DB9D9294E1794B2D6278A9594B.e.18317","ELEMENT":"f.9119AA68FED8A447B03A71089BFD3ED7.d.1DD5E2DB9D9294E1794B2D6278A9594B.e.18317"}]}
RESULT: {"script":"<script> [8489 bytes]","args":[{"element-6066-11e4-a52e-4f735466cecf":"f.9119AA68FED8A447B03A71089BFD3ED7.d.1DD5E2DB9D9294E1794B2D6278A9594B.e.18317","ELEMENT":"f.9119AA68FED8A447B03A71089BFD3ED7.d.1DD5E2DB9D9294E1794B2D6278A9594B.e.18317"}]}
COMMAND: GET /session/0ffaedec2ff4d329b9cb85ca897a1301/element/f.9119AA68FED8A447B03A71089BFD3ED7.d.1DD5E2DB9D9294E1794B2D6278A9594B.e.18317/enabled - {}
COMMAND: GET /session/0ffaedec2ff4d329b9cb85ca897a1301/screenshot - {}
RESULT: {}
COMMAND: POST /session/0ffaedec2ff4d329b9cb85ca897a1301/element/f.9119AA68FED8A447B03A71089BFD3ED7.d.1DD5E2DB9D9294E1794B2D6278A9594B.e.18317/click - {}
COMMAND: GET /session/0ffaedec2ff4d329b9cb85ca897a1301/screenshot - {}
RESULT: {}
RESULT: {}
COMMAND: GET /session/0ffaedec2ff4d329b9cb85ca897a1301/screenshot - {}
RESULT: {}
RESULT: {}
COMMAND: POST /session/0ffaedec2ff4d329b9cb85ca897a1301/element/f.9119AA68FED8A447B03A71089BFD3ED7.d.1DD5E2DB9D9294E1794B2D6278A9594B.e.18317/clear - {}
RESULT: {}
COMMAND: POST /session/0ffaedec2ff4d329b9cb85ca897a1301/element/f.9119AA68FED8A447B03A71089BFD3ED7.d.1DD5E2DB9D9294E1794B2D6278A9594B.e.18317/value - {"text":"10284"}
COMMAND: GET /session/0ffaedec2ff4d329b9cb85ca897a1301/screenshot - {}
RESULT: {"text":"10284"}
COMMAND: POST /session/0ffaedec2ff4d329b9cb85ca897a1301/actions - {"actions":[{"id":"action57","type":"key","parameters":{},"actions":[{"type":"keyDown","value":""},{"type":"pause","duration":10},{"type":"keyUp","value":""}]}]}
COMMAND: GET /session/0ffaedec2ff4d329b9cb85ca897a1301/screenshot - {}
RESULT: {}
RESULT: {"actions":[{"id":"action57","type":"key","parameters":{},"actions":[{"type":"keyDown","value":""},{"type":"pause","duration":10},{"type":"keyUp","value":""}]}]}
COMMAND: GET /session/0ffaedec2ff4d329b9cb85ca897a1301/screenshot - {}
RESULT: {}
RESULT: {}
COMMAND: POST /session/0ffaedec2ff4d329b9cb85ca897a1301/element - {"using":"xpath","value":"//span[contains(@id ,\"application-billingtransfer-display-component---billingWorkbench--smartTableBillingRuns-header-inner\")]"}
RESULT: {"using":"xpath","value":"//span[contains(@id ,\"application-billingtransfer-display-component---billingWorkbench--smartTableBillingRuns-header-inner\")]"}
COMMAND: POST /session/0ffaedec2ff4d329b9cb85ca897a1301/elements - {"using":"xpath","value":"//span[contains(@id ,\"application-billingtransfer-display-component---billingWorkbench--smartTableBillingRuns-header-inner\")]"}
RESULT: {"using":"xpath","value":"//span[contains(@id ,\"application-billingtransfer-display-component---billingWorkbench--smartTableBillingRuns-header-inner\")]"}
COMMAND: POST /session/0ffaedec2ff4d329b9cb85ca897a1301/execute/sync - {"script":"<script> [56 bytes]","args":[{"element-6066-11e4-a52e-4f735466cecf":"f.9119AA68FED8A447B03A71089BFD3ED7.d.1DD5E2DB9D9294E1794B2D6278A9594B.e.18455","ELEMENT":"f.9119AA68FED8A447B03A71089BFD3ED7.d.1DD5E2DB9D9294E1794B2D6278A9594B.e.18455"}]}
RESULT: {"script":"<script> [56 bytes]","args":[{"element-6066-11e4-a52e-4f735466cecf":"f.9119AA68FED8A447B03A71089BFD3ED7.d.1DD5E2DB9D9294E1794B2D6278A9594B.e.18455","ELEMENT":"f.9119AA68FED8A447B03A71089BFD3ED7.d.1DD5E2DB9D9294E1794B2D6278A9594B.e.18455"}]}
COMMAND: POST /session/0ffaedec2ff4d329b9cb85ca897a1301/element - {"using":"xpath","value":"//td[@aria-colindex=\"1\"]/div/div[contains(@class, \"sapMCbBg\")]"}
COMMAND: GET /session/0ffaedec2ff4d329b9cb85ca897a1301/screenshot - {}
RESULT: {"using":"xpath","value":"//td[@aria-colindex=\"1\"]/div/div[contains(@class, \"sapMCbBg\")]"}
COMMAND: POST /session/0ffaedec2ff4d329b9cb85ca897a1301/element/f.9119AA68FED8A447B03A71089BFD3ED7.d.1DD5E2DB9D9294E1794B2D6278A9594B.e.18424/click - {}
RESULT: {}
RESULT: {}
COMMAND: GET /session/0ffaedec2ff4d329b9cb85ca897a1301/screenshot - {}
RESULT: {}
COMMAND: POST /session/0ffaedec2ff4d329b9cb85ca897a1301/element - {"using":"xpath","value":"//bdi[contains(text(), \"Check\")]"}
RESULT: {"using":"xpath","value":"//bdi[contains(text(), \"Check\")]"}
COMMAND: POST /session/0ffaedec2ff4d329b9cb85ca897a1301/element/f.9119AA68FED8A447B03A71089BFD3ED7.d.1DD5E2DB9D9294E1794B2D6278A9594B.e.18456/click - {}
RESULT: {}
COMMAND: GET /session/0ffaedec2ff4d329b9cb85ca897a1301/screenshot - {}
RESULT: {}
COMMAND: POST /session/0ffaedec2ff4d329b9cb85ca897a1301/element - {"using":"xpath","value":"//bdi[contains(text(), \"OK\")]"}
RESULT: {"using":"xpath","value":"//bdi[contains(text(), \"OK\")]"}
COMMAND: POST /session/0ffaedec2ff4d329b9cb85ca897a1301/element/f.9119AA68FED8A447B03A71089BFD3ED7.d.1DD5E2DB9D9294E1794B2D6278A9594B.e.18459/click - {}
RESULT: {}
COMMAND: GET /session/0ffaedec2ff4d329b9cb85ca897a1301/screenshot - {}
RESULT: {}
COMMAND: POST /session/0ffaedec2ff4d329b9cb85ca897a1301/element - {"using":"xpath","value":"(//span[contains(text(), \"CO/SD checked\")]/parent::div/preceding-sibling::div/span)[1]"}
RESULT: {"using":"xpath","value":"(//span[contains(text(), \"CO/SD checked\")]/parent::div/preceding-sibling::div/span)[1]"}
COMMAND: POST /session/0ffaedec2ff4d329b9cb85ca897a1301/element/f.9119AA68FED8A447B03A71089BFD3ED7.d.1DD5E2DB9D9294E1794B2D6278A9594B.e.18468/click - {}
RESULT: {}
COMMAND: GET /session/0ffaedec2ff4d329b9cb85ca897a1301/screenshot - {}
RESULT: {}
COMMAND: POST /session/0ffaedec2ff4d329b9cb85ca897a1301/element - {"using":"xpath","value":"//input[contains(@id ,\"application-billingtransfer-display-component---billingWorkbench--smartFilterBar-btnBasicSearch\")]"}
RESULT: {"using":"xpath","value":"//input[contains(@id ,\"application-billingtransfer-display-component---billingWorkbench--smartFilterBar-btnBasicSearch\")]"}
COMMAND: POST /session/0ffaedec2ff4d329b9cb85ca897a1301/elements - {"using":"xpath","value":"//input[contains(@id ,\"application-billingtransfer-display-component---billingWorkbench--smartFilterBar-btnBasicSearch\")]"}
RESULT: {"using":"xpath","value":"//input[contains(@id ,\"application-billingtransfer-display-component---billingWorkbench--smartFilterBar-btnBasicSearch\")]"}
COMMAND: POST /session/0ffaedec2ff4d329b9cb85ca897a1301/execute/sync - {"script":"<script> [8489 bytes]","args":[{"element-6066-11e4-a52e-4f735466cecf":"f.9119AA68FED8A447B03A71089BFD3ED7.d.1DD5E2DB9D9294E1794B2D6278A9594B.e.18317","ELEMENT":"f.9119AA68FED8A447B03A71089BFD3ED7.d.1DD5E2DB9D9294E1794B2D6278A9594B.e.18317"}]}
RESULT: {"script":"<script> [8489 bytes]","args":[{"element-6066-11e4-a52e-4f735466cecf":"f.9119AA68FED8A447B03A71089BFD3ED7.d.1DD5E2DB9D9294E1794B2D6278A9594B.e.18317","ELEMENT":"f.9119AA68FED8A447B03A71089BFD3ED7.d.1DD5E2DB9D9294E1794B2D6278A9594B.e.18317"}]}
COMMAND: GET /session/0ffaedec2ff4d329b9cb85ca897a1301/element/f.9119AA68FED8A447B03A71089BFD3ED7.d.1DD5E2DB9D9294E1794B2D6278A9594B.e.18317/enabled - {}
COMMAND: GET /session/0ffaedec2ff4d329b9cb85ca897a1301/screenshot - {}
RESULT: {}
COMMAND: POST /session/0ffaedec2ff4d329b9cb85ca897a1301/element/f.9119AA68FED8A447B03A71089BFD3ED7.d.1DD5E2DB9D9294E1794B2D6278A9594B.e.18317/click - {}
COMMAND: GET /session/0ffaedec2ff4d329b9cb85ca897a1301/screenshot - {}
RESULT: {}
RESULT: {}
COMMAND: GET /session/0ffaedec2ff4d329b9cb85ca897a1301/screenshot - {}
RESULT: {}
RESULT: {}
COMMAND: POST /session/0ffaedec2ff4d329b9cb85ca897a1301/element/f.9119AA68FED8A447B03A71089BFD3ED7.d.1DD5E2DB9D9294E1794B2D6278A9594B.e.18317/clear - {}
RESULT: {}
COMMAND: POST /session/0ffaedec2ff4d329b9cb85ca897a1301/element/f.9119AA68FED8A447B03A71089BFD3ED7.d.1DD5E2DB9D9294E1794B2D6278A9594B.e.18317/value - {"text":"10284"}
COMMAND: GET /session/0ffaedec2ff4d329b9cb85ca897a1301/screenshot - {}
RESULT: {"text":"10284"}
COMMAND: POST /session/0ffaedec2ff4d329b9cb85ca897a1301/actions - {"actions":[{"id":"action58","type":"key","parameters":{},"actions":[{"type":"keyDown","value":""},{"type":"pause","duration":10},{"type":"keyUp","value":""}]}]}
COMMAND: GET /session/0ffaedec2ff4d329b9cb85ca897a1301/screenshot - {}
RESULT: {}
RESULT: {"actions":[{"id":"action58","type":"key","parameters":{},"actions":[{"type":"keyDown","value":""},{"type":"pause","duration":10},{"type":"keyUp","value":""}]}]}
COMMAND: GET /session/0ffaedec2ff4d329b9cb85ca897a1301/screenshot - {}
RESULT: {}
RESULT: {}
COMMAND: POST /session/0ffaedec2ff4d329b9cb85ca897a1301/element - {"using":"xpath","value":"//span[contains(@id ,\"application-billingtransfer-display-component---billingWorkbench--smartTableBillingRuns-header-inner\")]"}
RESULT: {"using":"xpath","value":"//span[contains(@id ,\"application-billingtransfer-display-component---billingWorkbench--smartTableBillingRuns-header-inner\")]"}
COMMAND: POST /session/0ffaedec2ff4d329b9cb85ca897a1301/elements - {"using":"xpath","value":"//span[contains(@id ,\"application-billingtransfer-display-component---billingWorkbench--smartTableBillingRuns-header-inner\")]"}
RESULT: {"using":"xpath","value":"//span[contains(@id ,\"application-billingtransfer-display-component---billingWorkbench--smartTableBillingRuns-header-inner\")]"}
COMMAND: POST /session/0ffaedec2ff4d329b9cb85ca897a1301/execute/sync - {"script":"<script> [56 bytes]","args":[{"element-6066-11e4-a52e-4f735466cecf":"f.9119AA68FED8A447B03A71089BFD3ED7.d.1DD5E2DB9D9294E1794B2D6278A9594B.e.18455","ELEMENT":"f.9119AA68FED8A447B03A71089BFD3ED7.d.1DD5E2DB9D9294E1794B2D6278A9594B.e.18455"}]}
RESULT: {"script":"<script> [56 bytes]","args":[{"element-6066-11e4-a52e-4f735466cecf":"f.9119AA68FED8A447B03A71089BFD3ED7.d.1DD5E2DB9D9294E1794B2D6278A9594B.e.18455","ELEMENT":"f.9119AA68FED8A447B03A71089BFD3ED7.d.1DD5E2DB9D9294E1794B2D6278A9594B.e.18455"}]}
COMMAND: POST /session/0ffaedec2ff4d329b9cb85ca897a1301/element - {"using":"xpath","value":"//td[@aria-colindex=\"1\"]/div/div[contains(@class, \"sapMCbBg\")]"}
COMMAND: GET /session/0ffaedec2ff4d329b9cb85ca897a1301/screenshot - {}
RESULT: {"using":"xpath","value":"//td[@aria-colindex=\"1\"]/div/div[contains(@class, \"sapMCbBg\")]"}
COMMAND: POST /session/0ffaedec2ff4d329b9cb85ca897a1301/element/f.9119AA68FED8A447B03A71089BFD3ED7.d.1DD5E2DB9D9294E1794B2D6278A9594B.e.18472/click - {}
RESULT: {}
RESULT: {}
COMMAND: GET /session/0ffaedec2ff4d329b9cb85ca897a1301/screenshot - {}
RESULT: {}
COMMAND: POST /session/0ffaedec2ff4d329b9cb85ca897a1301/element - {"using":"xpath","value":"//bdi[text()=\"Transfer\"]"}
RESULT: {"using":"xpath","value":"//bdi[text()=\"Transfer\"]"}
COMMAND: POST /session/0ffaedec2ff4d329b9cb85ca897a1301/element/f.9119AA68FED8A447B03A71089BFD3ED7.d.1DD5E2DB9D9294E1794B2D6278A9594B.e.18473/click - {}
RESULT: {}
COMMAND: GET /session/0ffaedec2ff4d329b9cb85ca897a1301/screenshot - {}
RESULT: {}
COMMAND: POST /session/0ffaedec2ff4d329b9cb85ca897a1301/element - {"using":"xpath","value":"//bdi[contains(text(), \"OK\")]"}
RESULT: {"using":"xpath","value":"//bdi[contains(text(), \"OK\")]"}
COMMAND: POST /session/0ffaedec2ff4d329b9cb85ca897a1301/element/f.9119AA68FED8A447B03A71089BFD3ED7.d.1DD5E2DB9D9294E1794B2D6278A9594B.e.18476/click - {}
RESULT: {}
COMMAND: GET /session/0ffaedec2ff4d329b9cb85ca897a1301/screenshot - {}
RESULT: {}
COMMAND: POST /session/0ffaedec2ff4d329b9cb85ca897a1301/element - {"using":"xpath","value":"(//span[contains(text(), \"Completed\")]/parent::div/preceding-sibling::div/span)[1]"}
RESULT: {"using":"xpath","value":"(//span[contains(text(), \"Completed\")]/parent::div/preceding-sibling::div/span)[1]"}
COMMAND: POST /session/0ffaedec2ff4d329b9cb85ca897a1301/element/f.9119AA68FED8A447B03A71089BFD3ED7.d.1DD5E2DB9D9294E1794B2D6278A9594B.e.18485/click - {}
RESULT: {}
COMMAND: POST /session/0ffaedec2ff4d329b9cb85ca897a1301/element - {"using":"xpath","value":"//input[contains(@id ,\"application-billingtransfer-display-component---billingWorkbench--smartFilterBar-btnBasicSearch\")]"}
COMMAND: GET /session/0ffaedec2ff4d329b9cb85ca897a1301/screenshot - {}
RESULT: {"using":"xpath","value":"//input[contains(@id ,\"application-billingtransfer-display-component---billingWorkbench--smartFilterBar-btnBasicSearch\")]"}
COMMAND: POST /session/0ffaedec2ff4d329b9cb85ca897a1301/elements - {"using":"xpath","value":"//input[contains(@id ,\"application-billingtransfer-display-component---billingWorkbench--smartFilterBar-btnBasicSearch\")]"}
RESULT: {}
RESULT: {"using":"xpath","value":"//input[contains(@id ,\"application-billingtransfer-display-component---billingWorkbench--smartFilterBar-btnBasicSearch\")]"}
COMMAND: POST /session/0ffaedec2ff4d329b9cb85ca897a1301/execute/sync - {"script":"<script> [8489 bytes]","args":[{"element-6066-11e4-a52e-4f735466cecf":"f.9119AA68FED8A447B03A71089BFD3ED7.d.1DD5E2DB9D9294E1794B2D6278A9594B.e.18317","ELEMENT":"f.9119AA68FED8A447B03A71089BFD3ED7.d.1DD5E2DB9D9294E1794B2D6278A9594B.e.18317"}]}
RESULT: {"script":"<script> [8489 bytes]","args":[{"element-6066-11e4-a52e-4f735466cecf":"f.9119AA68FED8A447B03A71089BFD3ED7.d.1DD5E2DB9D9294E1794B2D6278A9594B.e.18317","ELEMENT":"f.9119AA68FED8A447B03A71089BFD3ED7.d.1DD5E2DB9D9294E1794B2D6278A9594B.e.18317"}]}
COMMAND: GET /session/0ffaedec2ff4d329b9cb85ca897a1301/element/f.9119AA68FED8A447B03A71089BFD3ED7.d.1DD5E2DB9D9294E1794B2D6278A9594B.e.18317/enabled - {}
COMMAND: GET /session/0ffaedec2ff4d329b9cb85ca897a1301/screenshot - {}
RESULT: {}
COMMAND: POST /session/0ffaedec2ff4d329b9cb85ca897a1301/element/f.9119AA68FED8A447B03A71089BFD3ED7.d.1DD5E2DB9D9294E1794B2D6278A9594B.e.18317/click - {}
COMMAND: GET /session/0ffaedec2ff4d329b9cb85ca897a1301/screenshot - {}
RESULT: {}
RESULT: {}
COMMAND: GET /session/0ffaedec2ff4d329b9cb85ca897a1301/screenshot - {}
RESULT: {}
RESULT: {}
COMMAND: POST /session/0ffaedec2ff4d329b9cb85ca897a1301/element/f.9119AA68FED8A447B03A71089BFD3ED7.d.1DD5E2DB9D9294E1794B2D6278A9594B.e.18317/clear - {}
RESULT: {}
COMMAND: POST /session/0ffaedec2ff4d329b9cb85ca897a1301/element/f.9119AA68FED8A447B03A71089BFD3ED7.d.1DD5E2DB9D9294E1794B2D6278A9594B.e.18317/value - {"text":"10284"}
COMMAND: GET /session/0ffaedec2ff4d329b9cb85ca897a1301/screenshot - {}
RESULT: {"text":"10284"}
COMMAND: POST /session/0ffaedec2ff4d329b9cb85ca897a1301/actions - {"actions":[{"id":"action59","type":"key","parameters":{},"actions":[{"type":"keyDown","value":""},{"type":"pause","duration":10},{"type":"keyUp","value":""}]}]}
COMMAND: GET /session/0ffaedec2ff4d329b9cb85ca897a1301/screenshot - {}
RESULT: {}
RESULT: {"actions":[{"id":"action59","type":"key","parameters":{},"actions":[{"type":"keyDown","value":""},{"type":"pause","duration":10},{"type":"keyUp","value":""}]}]}
COMMAND: GET /session/0ffaedec2ff4d329b9cb85ca897a1301/screenshot - {}
RESULT: {}
RESULT: {}
COMMAND: POST /session/0ffaedec2ff4d329b9cb85ca897a1301/element - {"using":"xpath","value":"//span[contains(@id ,\"application-billingtransfer-display-component---billingWorkbench--smartTableBillingRuns-header-inner\")]"}
RESULT: {"using":"xpath","value":"//span[contains(@id ,\"application-billingtransfer-display-component---billingWorkbench--smartTableBillingRuns-header-inner\")]"}
COMMAND: POST /session/0ffaedec2ff4d329b9cb85ca897a1301/elements - {"using":"xpath","value":"//span[contains(@id ,\"application-billingtransfer-display-component---billingWorkbench--smartTableBillingRuns-header-inner\")]"}
RESULT: {"using":"xpath","value":"//span[contains(@id ,\"application-billingtransfer-display-component---billingWorkbench--smartTableBillingRuns-header-inner\")]"}
COMMAND: POST /session/0ffaedec2ff4d329b9cb85ca897a1301/execute/sync - {"script":"<script> [56 bytes]","args":[{"element-6066-11e4-a52e-4f735466cecf":"f.9119AA68FED8A447B03A71089BFD3ED7.d.1DD5E2DB9D9294E1794B2D6278A9594B.e.18455","ELEMENT":"f.9119AA68FED8A447B03A71089BFD3ED7.d.1DD5E2DB9D9294E1794B2D6278A9594B.e.18455"}]}
RESULT: {"script":"<script> [56 bytes]","args":[{"element-6066-11e4-a52e-4f735466cecf":"f.9119AA68FED8A447B03A71089BFD3ED7.d.1DD5E2DB9D9294E1794B2D6278A9594B.e.18455","ELEMENT":"f.9119AA68FED8A447B03A71089BFD3ED7.d.1DD5E2DB9D9294E1794B2D6278A9594B.e.18455"}]}
COMMAND: GET /session/0ffaedec2ff4d329b9cb85ca897a1301/screenshot - {}
RESULT: {}
COMMAND: POST /session/0ffaedec2ff4d329b9cb85ca897a1301/execute/sync - {"script":"<script> [56 bytes]","args":[{"element-6066-11e4-a52e-4f735466cecf":"f.9119AA68FED8A447B03A71089BFD3ED7.d.1DD5E2DB9D9294E1794B2D6278A9594B.e.18455","ELEMENT":"f.9119AA68FED8A447B03A71089BFD3ED7.d.1DD5E2DB9D9294E1794B2D6278A9594B.e.18455"}]}
RESULT: {"script":"<script> [56 bytes]","args":[{"element-6066-11e4-a52e-4f735466cecf":"f.9119AA68FED8A447B03A71089BFD3ED7.d.1DD5E2DB9D9294E1794B2D6278A9594B.e.18455","ELEMENT":"f.9119AA68FED8A447B03A71089BFD3ED7.d.1DD5E2DB9D9294E1794B2D6278A9594B.e.18455"}]}
COMMAND: GET /session/0ffaedec2ff4d329b9cb85ca897a1301/screenshot - {}
RESULT: {}
COMMAND: POST /session/0ffaedec2ff4d329b9cb85ca897a1301/execute/sync - {"script":"<script> [56 bytes]","args":[{"element-6066-11e4-a52e-4f735466cecf":"f.9119AA68FED8A447B03A71089BFD3ED7.d.1DD5E2DB9D9294E1794B2D6278A9594B.e.18455","ELEMENT":"f.9119AA68FED8A447B03A71089BFD3ED7.d.1DD5E2DB9D9294E1794B2D6278A9594B.e.18455"}]}
RESULT: {"script":"<script> [56 bytes]","args":[{"element-6066-11e4-a52e-4f735466cecf":"f.9119AA68FED8A447B03A71089BFD3ED7.d.1DD5E2DB9D9294E1794B2D6278A9594B.e.18455","ELEMENT":"f.9119AA68FED8A447B03A71089BFD3ED7.d.1DD5E2DB9D9294E1794B2D6278A9594B.e.18455"}]}
COMMAND: GET /session/0ffaedec2ff4d329b9cb85ca897a1301/screenshot - {}
RESULT: {}
COMMAND: POST /session/0ffaedec2ff4d329b9cb85ca897a1301/execute/sync - {"script":"<script> [56 bytes]","args":[{"element-6066-11e4-a52e-4f735466cecf":"f.9119AA68FED8A447B03A71089BFD3ED7.d.1DD5E2DB9D9294E1794B2D6278A9594B.e.18455","ELEMENT":"f.9119AA68FED8A447B03A71089BFD3ED7.d.1DD5E2DB9D9294E1794B2D6278A9594B.e.18455"}]}
RESULT: {"script":"<script> [56 bytes]","args":[{"element-6066-11e4-a52e-4f735466cecf":"f.9119AA68FED8A447B03A71089BFD3ED7.d.1DD5E2DB9D9294E1794B2D6278A9594B.e.18455","ELEMENT":"f.9119AA68FED8A447B03A71089BFD3ED7.d.1DD5E2DB9D9294E1794B2D6278A9594B.e.18455"}]}
COMMAND: GET /session/0ffaedec2ff4d329b9cb85ca897a1301/screenshot - {}
RESULT: {}
COMMAND: POST /session/0ffaedec2ff4d329b9cb85ca897a1301/execute/sync - {"script":"<script> [56 bytes]","args":[{"element-6066-11e4-a52e-4f735466cecf":"f.9119AA68FED8A447B03A71089BFD3ED7.d.1DD5E2DB9D9294E1794B2D6278A9594B.e.18455","ELEMENT":"f.9119AA68FED8A447B03A71089BFD3ED7.d.1DD5E2DB9D9294E1794B2D6278A9594B.e.18455"}]}
RESULT: {"script":"<script> [56 bytes]","args":[{"element-6066-11e4-a52e-4f735466cecf":"f.9119AA68FED8A447B03A71089BFD3ED7.d.1DD5E2DB9D9294E1794B2D6278A9594B.e.18455","ELEMENT":"f.9119AA68FED8A447B03A71089BFD3ED7.d.1DD5E2DB9D9294E1794B2D6278A9594B.e.18455"}]}
COMMAND: GET /session/0ffaedec2ff4d329b9cb85ca897a1301/screenshot - {}
RESULT: {}
COMMAND: POST /session/0ffaedec2ff4d329b9cb85ca897a1301/execute/sync - {"script":"<script> [56 bytes]","args":[{"element-6066-11e4-a52e-4f735466cecf":"f.9119AA68FED8A447B03A71089BFD3ED7.d.1DD5E2DB9D9294E1794B2D6278A9594B.e.18455","ELEMENT":"f.9119AA68FED8A447B03A71089BFD3ED7.d.1DD5E2DB9D9294E1794B2D6278A9594B.e.18455"}]}
RESULT: {"script":"<script> [56 bytes]","args":[{"element-6066-11e4-a52e-4f735466cecf":"f.9119AA68FED8A447B03A71089BFD3ED7.d.1DD5E2DB9D9294E1794B2D6278A9594B.e.18455","ELEMENT":"f.9119AA68FED8A447B03A71089BFD3ED7.d.1DD5E2DB9D9294E1794B2D6278A9594B.e.18455"}]}
COMMAND: GET /session/0ffaedec2ff4d329b9cb85ca897a1301/screenshot - {}
COMMAND: POST /session/0ffaedec2ff4d329b9cb85ca897a1301/execute/sync - {"script":"<script> [56 bytes]","args":[{"element-6066-11e4-a52e-4f735466cecf":"f.9119AA68FED8A447B03A71089BFD3ED7.d.1DD5E2DB9D9294E1794B2D6278A9594B.e.18455","ELEMENT":"f.9119AA68FED8A447B03A71089BFD3ED7.d.1DD5E2DB9D9294E1794B2D6278A9594B.e.18455"}]}
RESULT: {}
RESULT: {"script":"<script> [56 bytes]","args":[{"element-6066-11e4-a52e-4f735466cecf":"f.9119AA68FED8A447B03A71089BFD3ED7.d.1DD5E2DB9D9294E1794B2D6278A9594B.e.18455","ELEMENT":"f.9119AA68FED8A447B03A71089BFD3ED7.d.1DD5E2DB9D9294E1794B2D6278A9594B.e.18455"}]}
COMMAND: POST /session/0ffaedec2ff4d329b9cb85ca897a1301/element - {"using":"css selector","value":"#shell-header-logo"}
COMMAND: GET /session/0ffaedec2ff4d329b9cb85ca897a1301/screenshot - {}
RESULT: {"using":"css selector","value":"#shell-header-logo"}
COMMAND: POST /session/0ffaedec2ff4d329b9cb85ca897a1301/element/f.9119AA68FED8A447B03A71089BFD3ED7.d.1DD5E2DB9D9294E1794B2D6278A9594B.e.18315/click - {}
RESULT: {}
RESULT: {}
COMMAND: GET /session/0ffaedec2ff4d329b9cb85ca897a1301/screenshot - {}
RESULT: {}
COMMAND: POST /session/0ffaedec2ff4d329b9cb85ca897a1301/element - {"using":"css selector","value":"#j_username"}
COMMAND: POST /session/0ffaedec2ff4d329b9cb85ca897a1301/url - {"url":"https://qa-testing-00-live-etm-ui.cfapps.eu10-004.hana.ondemand.com/"}
RESULT: {"using":"css selector","value":"#j_username"}
COMMAND: POST /session/0ffaedec2ff4d329b9cb85ca897a1301/element - {"using":"css selector","value":"#j_username"}
RESULT: {"url":"https://qa-testing-00-live-etm-ui.cfapps.eu10-004.hana.ondemand.com/"}
RESULT: undefined
COMMAND: GET /session/0ffaedec2ff4d329b9cb85ca897a1301/screenshot - {}
RESULT: {"using":"css selector","value":"#j_username"}
COMMAND: POST /session/0ffaedec2ff4d329b9cb85ca897a1301/element - {"using":"css selector","value":"#shell-header-logo"}
RESULT: {}
RESULT: {"using":"css selector","value":"#shell-header-logo"}
COMMAND: POST /session/0ffaedec2ff4d329b9cb85ca897a1301/execute/sync - {"script":"<script> [8489 bytes]","args":[{"element-6066-11e4-a52e-4f735466cecf":"f.9119AA68FED8A447B03A71089BFD3ED7.d.629129432A1E4D4A94682429D59068D7.e.18501","ELEMENT":"f.9119AA68FED8A447B03A71089BFD3ED7.d.629129432A1E4D4A94682429D59068D7.e.18501"}]}
RESULT: {"script":"<script> [8489 bytes]","args":[{"element-6066-11e4-a52e-4f735466cecf":"f.9119AA68FED8A447B03A71089BFD3ED7.d.629129432A1E4D4A94682429D59068D7.e.18501","ELEMENT":"f.9119AA68FED8A447B03A71089BFD3ED7.d.629129432A1E4D4A94682429D59068D7.e.18501"}]}
COMMAND: POST /session/0ffaedec2ff4d329b9cb85ca897a1301/element - {"using":"css selector","value":"#shell-header-logo"}
COMMAND: GET /session/0ffaedec2ff4d329b9cb85ca897a1301/screenshot - {}
RESULT: {"using":"css selector","value":"#shell-header-logo"}
COMMAND: POST /session/0ffaedec2ff4d329b9cb85ca897a1301/execute/sync - {"script":"<script> [8489 bytes]","args":[{"element-6066-11e4-a52e-4f735466cecf":"f.9119AA68FED8A447B03A71089BFD3ED7.d.629129432A1E4D4A94682429D59068D7.e.18501","ELEMENT":"f.9119AA68FED8A447B03A71089BFD3ED7.d.629129432A1E4D4A94682429D59068D7.e.18501"}]}
RESULT: {}
RESULT: {"script":"<script> [8489 bytes]","args":[{"element-6066-11e4-a52e-4f735466cecf":"f.9119AA68FED8A447B03A71089BFD3ED7.d.629129432A1E4D4A94682429D59068D7.e.18501","ELEMENT":"f.9119AA68FED8A447B03A71089BFD3ED7.d.629129432A1E4D4A94682429D59068D7.e.18501"}]}
COMMAND: POST /session/0ffaedec2ff4d329b9cb85ca897a1301/execute/sync - {"script":"<script> [5351 bytes]","args":[{"element-6066-11e4-a52e-4f735466cecf":"f.9119AA68FED8A447B03A71089BFD3ED7.d.629129432A1E4D4A94682429D59068D7.e.18501","ELEMENT":"f.9119AA68FED8A447B03A71089BFD3ED7.d.629129432A1E4D4A94682429D59068D7.e.18501"}]}
COMMAND: GET /session/0ffaedec2ff4d329b9cb85ca897a1301/screenshot - {}
RESULT: {}
RESULT: {"script":"<script> [5351 bytes]","args":[{"element-6066-11e4-a52e-4f735466cecf":"f.9119AA68FED8A447B03A71089BFD3ED7.d.629129432A1E4D4A94682429D59068D7.e.18501","ELEMENT":"f.9119AA68FED8A447B03A71089BFD3ED7.d.629129432A1E4D4A94682429D59068D7.e.18501"}]}
COMMAND: POST /session/0ffaedec2ff4d329b9cb85ca897a1301/element - {"using":"css selector","value":"#shell-header-logo"}
COMMAND: GET /session/0ffaedec2ff4d329b9cb85ca897a1301/screenshot - {}
RESULT: {"using":"css selector","value":"#shell-header-logo"}
COMMAND: POST /session/0ffaedec2ff4d329b9cb85ca897a1301/element/f.9119AA68FED8A447B03A71089BFD3ED7.d.629129432A1E4D4A94682429D59068D7.e.18501/click - {}
RESULT: {}
RESULT: {}
COMMAND: GET /session/0ffaedec2ff4d329b9cb85ca897a1301/screenshot - {}
RESULT: {}
COMMAND: POST /session/0ffaedec2ff4d329b9cb85ca897a1301/execute/async - {"script":"<script> [189 bytes]","args":[]}
RESULT: {"script":"<script> [189 bytes]","args":[]}
COMMAND: POST /session/0ffaedec2ff4d329b9cb85ca897a1301/execute/async - {"script":"<script> [123 bytes]","args":[]}
RESULT: {"script":"<script> [123 bytes]","args":[]}
COMMAND: POST /session/0ffaedec2ff4d329b9cb85ca897a1301/timeouts - {"script":"<number>"}
RESULT: {"script":"<number>"}
COMMAND: GET /session/0ffaedec2ff4d329b9cb85ca897a1301/timeouts - {}
RESULT: {}
RESULT: undefined
COMMAND: POST /session/0ffaedec2ff4d329b9cb85ca897a1301/execute/async - {"script":"<script> [2676 bytes]","args":[]}
RESULT: {"script":"<script> [2676 bytes]","args":[]}
COMMAND: POST /session/0ffaedec2ff4d329b9cb85ca897a1301/execute/async - {"script":"<script> [2342 bytes]","args":[{"protocol":"http","hostname":"0.0.0.0","path":"/","capabilities":{"browserName":"chrome","goog:chromeOptions":{"binary":"C:\\Program Files\\Google\\Chrome\\Application\\chrome.exe","args":["--start-maximized"]}},"logLevel":"warn","connectionRetryTimeout":120000,"connectionRetryCount":3,"logLevels":{},"enableDirectConnect":true,"strictSSL":true,"_":"65 more keys: [\"cacheDir\",\"port\",\"requestedCapabilities\",\"automationProtocol\",\"baseUrl\",\"waitforInterval\",\"waitforTimeout\",\"onReload\",\"beforeCommand\",\"afterCommand\",\"rootDir\",\"specs\",\"suites\",\"exclude\",\"groupLogsByTestSpec\",\"excludeDriverLogs\",\"bail\",\"framework\",\"reporters\",\"services\",\"maxInstances\",\"maxInstancesPerCapability\",\"injectGlobals\",\"filesToWatch\",\"execArgv\",\"runnerEnv\",\"runner\",\"shard\",\"specFileRetries\",\"specFileRetriesDelay\",\"specFileRetriesDeferred\",\"reporterSyncInterval\",\"reporterSyncTimeout\",\"cucumberFeaturesWithLineNumbers\",\"autoCompileOpts\",\"mochaOpts\",\"jasmineOpts\",\"cucumberOpts\",\"onPrepare\",\"onWorkerStart\",\"onWorkerEnd\",\"before\",\"beforeSession\",\"beforeSuite\",\"beforeHook\",\"beforeTest\",\"afterTest\",\"afterHook\",\"afterSuite\",\"afterSession\",\"after\",\"onComplete\",\"beforeAssertion\",\"afterAssertion\",\"beforeFeature\",\"beforeScenario\",\"beforeStep\",\"afterStep\",\"afterScenario\",\"afterFeature\",\"_\",\"suite\",\"$0\",\"ignoredWorkerServices\",\"wdi5\"]"}]}
RESULT: {"script":"<script> [2342 bytes]","args":[{"protocol":"http","hostname":"0.0.0.0","path":"/","capabilities":{"browserName":"chrome","goog:chromeOptions":{"binary":"C:\\Program Files\\Google\\Chrome\\Application\\chrome.exe","args":["--start-maximized"]}},"logLevel":"warn","connectionRetryTimeout":120000,"connectionRetryCount":3,"logLevels":{},"enableDirectConnect":true,"strictSSL":true,"_":"65 more keys: [\"cacheDir\",\"port\",\"requestedCapabilities\",\"automationProtocol\",\"baseUrl\",\"waitforInterval\",\"waitforTimeout\",\"onReload\",\"beforeCommand\",\"afterCommand\",\"rootDir\",\"specs\",\"suites\",\"exclude\",\"groupLogsByTestSpec\",\"excludeDriverLogs\",\"bail\",\"framework\",\"reporters\",\"services\",\"maxInstances\",\"maxInstancesPerCapability\",\"injectGlobals\",\"filesToWatch\",\"execArgv\",\"runnerEnv\",\"runner\",\"shard\",\"specFileRetries\",\"specFileRetriesDelay\",\"specFileRetriesDeferred\",\"reporterSyncInterval\",\"reporterSyncTimeout\",\"cucumberFeaturesWithLineNumbers\",\"autoCompileOpts\",\"mochaOpts\",\"jasmineOpts\",\"cucumberOpts\",\"onPrepare\",\"onWorkerStart\",\"onWorkerEnd\",\"before\",\"beforeSession\",\"beforeSuite\",\"beforeHook\",\"beforeTest\",\"afterTest\",\"afterHook\",\"afterSuite\",\"afterSession\",\"after\",\"onComplete\",\"beforeAssertion\",\"afterAssertion\",\"beforeFeature\",\"beforeScenario\",\"beforeStep\",\"afterStep\",\"afterScenario\",\"afterFeature\",\"_\",\"suite\",\"$0\",\"ignoredWorkerServices\",\"wdi5\"]"}]}
COMMAND: POST /session/0ffaedec2ff4d329b9cb85ca897a1301/execute/async - {"script":"<script> [21126 bytes]","args":[35000]}
RESULT: {"script":"<script> [21126 bytes]","args":[35000]}
COMMAND: POST /session/0ffaedec2ff4d329b9cb85ca897a1301/window/maximize - {}
RESULT: {}
COMMAND: POST /session/0ffaedec2ff4d329b9cb85ca897a1301/execute/async - {"script":"<script> [1562 bytes]","args":[{"selector":{"id":"shell-header","interaction":{"idSuffix":"icon"}},"wdio_ui5_key":"shellheader"}]}
COMMAND: GET /session/0ffaedec2ff4d329b9cb85ca897a1301/screenshot - {}
RESULT: {"script":"<script> [1562 bytes]","args":[{"selector":{"id":"shell-header","interaction":{"idSuffix":"icon"}},"wdio_ui5_key":"shellheader"}]}
RESULT: undefined
COMMAND: POST /session/0ffaedec2ff4d329b9cb85ca897a1301/refresh - {}
RESULT: {}
RESULT: {}
COMMAND: GET /session/0ffaedec2ff4d329b9cb85ca897a1301/screenshot - {}
RESULT: {}
COMMAND: POST /session/0ffaedec2ff4d329b9cb85ca897a1301/refresh - {}
RESULT: {}
COMMAND: GET /session/0ffaedec2ff4d329b9cb85ca897a1301/screenshot - {}
RESULT: {}
COMMAND: POST /session/0ffaedec2ff4d329b9cb85ca897a1301/window/fullscreen - {}
RESULT: {}
COMMAND: POST /session/0ffaedec2ff4d329b9cb85ca897a1301/execute/async - {"script":"<script> [189 bytes]","args":[]}
RESULT: {"script":"<script> [189 bytes]","args":[]}
COMMAND: POST /session/0ffaedec2ff4d329b9cb85ca897a1301/execute/async - {"script":"<script> [123 bytes]","args":[]}
RESULT: {"script":"<script> [123 bytes]","args":[]}
COMMAND: POST /session/0ffaedec2ff4d329b9cb85ca897a1301/timeouts - {"script":"<number>"}
RESULT: {"script":"<number>"}
COMMAND: GET /session/0ffaedec2ff4d329b9cb85ca897a1301/timeouts - {}
RESULT: {}
RESULT: undefined
COMMAND: POST /session/0ffaedec2ff4d329b9cb85ca897a1301/execute/async - {"script":"<script> [2676 bytes]","args":[]}
RESULT: {"script":"<script> [2676 bytes]","args":[]}
COMMAND: POST /session/0ffaedec2ff4d329b9cb85ca897a1301/execute/async - {"script":"<script> [2342 bytes]","args":[{"protocol":"http","hostname":"0.0.0.0","path":"/","capabilities":{"browserName":"chrome","goog:chromeOptions":{"binary":"C:\\Program Files\\Google\\Chrome\\Application\\chrome.exe","args":["--start-maximized"]}},"logLevel":"warn","connectionRetryTimeout":120000,"connectionRetryCount":3,"logLevels":{},"enableDirectConnect":true,"strictSSL":true,"_":"65 more keys: [\"cacheDir\",\"port\",\"requestedCapabilities\",\"automationProtocol\",\"baseUrl\",\"waitforInterval\",\"waitforTimeout\",\"onReload\",\"beforeCommand\",\"afterCommand\",\"rootDir\",\"specs\",\"suites\",\"exclude\",\"groupLogsByTestSpec\",\"excludeDriverLogs\",\"bail\",\"framework\",\"reporters\",\"services\",\"maxInstances\",\"maxInstancesPerCapability\",\"injectGlobals\",\"filesToWatch\",\"execArgv\",\"runnerEnv\",\"runner\",\"shard\",\"specFileRetries\",\"specFileRetriesDelay\",\"specFileRetriesDeferred\",\"reporterSyncInterval\",\"reporterSyncTimeout\",\"cucumberFeaturesWithLineNumbers\",\"autoCompileOpts\",\"mochaOpts\",\"jasmineOpts\",\"cucumberOpts\",\"onPrepare\",\"onWorkerStart\",\"onWorkerEnd\",\"before\",\"beforeSession\",\"beforeSuite\",\"beforeHook\",\"beforeTest\",\"afterTest\",\"afterHook\",\"afterSuite\",\"afterSession\",\"after\",\"onComplete\",\"beforeAssertion\",\"afterAssertion\",\"beforeFeature\",\"beforeScenario\",\"beforeStep\",\"afterStep\",\"afterScenario\",\"afterFeature\",\"_\",\"suite\",\"$0\",\"ignoredWorkerServices\",\"wdi5\"]"}]}
RESULT: {"script":"<script> [2342 bytes]","args":[{"protocol":"http","hostname":"0.0.0.0","path":"/","capabilities":{"browserName":"chrome","goog:chromeOptions":{"binary":"C:\\Program Files\\Google\\Chrome\\Application\\chrome.exe","args":["--start-maximized"]}},"logLevel":"warn","connectionRetryTimeout":120000,"connectionRetryCount":3,"logLevels":{},"enableDirectConnect":true,"strictSSL":true,"_":"65 more keys: [\"cacheDir\",\"port\",\"requestedCapabilities\",\"automationProtocol\",\"baseUrl\",\"waitforInterval\",\"waitforTimeout\",\"onReload\",\"beforeCommand\",\"afterCommand\",\"rootDir\",\"specs\",\"suites\",\"exclude\",\"groupLogsByTestSpec\",\"excludeDriverLogs\",\"bail\",\"framework\",\"reporters\",\"services\",\"maxInstances\",\"maxInstancesPerCapability\",\"injectGlobals\",\"filesToWatch\",\"execArgv\",\"runnerEnv\",\"runner\",\"shard\",\"specFileRetries\",\"specFileRetriesDelay\",\"specFileRetriesDeferred\",\"reporterSyncInterval\",\"reporterSyncTimeout\",\"cucumberFeaturesWithLineNumbers\",\"autoCompileOpts\",\"mochaOpts\",\"jasmineOpts\",\"cucumberOpts\",\"onPrepare\",\"onWorkerStart\",\"onWorkerEnd\",\"before\",\"beforeSession\",\"beforeSuite\",\"beforeHook\",\"beforeTest\",\"afterTest\",\"afterHook\",\"afterSuite\",\"afterSession\",\"after\",\"onComplete\",\"beforeAssertion\",\"afterAssertion\",\"beforeFeature\",\"beforeScenario\",\"beforeStep\",\"afterStep\",\"afterScenario\",\"afterFeature\",\"_\",\"suite\",\"$0\",\"ignoredWorkerServices\",\"wdi5\"]"}]}
COMMAND: POST /session/0ffaedec2ff4d329b9cb85ca897a1301/execute/async - {"script":"<script> [21126 bytes]","args":[35000]}
RESULT: {"script":"<script> [21126 bytes]","args":[35000]}
]]></system-out>
    </testcase>
  </testsuite>
  <testsuite timestamp="2025-05-26T18:10:52" time="642.158" tests="12" failures="0" errors="0" skipped="0">
    <properties>
      <property name="specId" value="0"/>
      <property name="suiteName" value="Create Reverse Billing US127248"/>
      <property name="capabilities" value="chrome.136_0_7103_93.windows"/>
      <property name="file" value="file:///D:/a/1/s/test/specs/BTS/reverse-billing.spec.js"/>
    </properties>
    <testcase classname="chrome.136_0_7103_93.windows.Create_Reverse_Billing_US127248" name="Should create a new yard" time="0.033">
      <system-out><![CDATA[
COMMAND: POST /session/0ffaedec2ff4d329b9cb85ca897a1301/window/fullscreen - {}
RESULT: {}
]]></system-out>
    </testcase>
    <testcase classname="chrome.136_0_7103_93.windows.Create_Reverse_Billing_US127248" name="Should create a new partner" time="0.004"/>
    <testcase classname="chrome.136_0_7103_93.windows.Create_Reverse_Billing_US127248" name="Should create a new site" time="0.004"/>
    <testcase classname="chrome.136_0_7103_93.windows.Create_Reverse_Billing_US127248" name="Should create a resource" time="130.848">
      <system-out><![CDATA[
COMMAND: POST /session/0ffaedec2ff4d329b9cb85ca897a1301/execute/async - {"script":"<script> [1562 bytes]","args":[{"selector":{"controlType":"sap.m.GenericTile","properties":{"header":"Manage Resources"}},"wdio_ui5_key":"sapm.GenericTile{\"header\":\"Manage Resources\"}"}]}
RESULT: {"script":"<script> [1562 bytes]","args":[{"selector":{"controlType":"sap.m.GenericTile","properties":{"header":"Manage Resources"}},"wdio_ui5_key":"sapm.GenericTile{\"header\":\"Manage Resources\"}"}]}
RESULT: undefined
COMMAND: POST /session/0ffaedec2ff4d329b9cb85ca897a1301/element - {"using":"xpath","value":"//*[@id=\"__tile39\"]"}
RESULT: {"using":"xpath","value":"//*[@id=\"__tile39\"]"}
COMMAND: POST /session/0ffaedec2ff4d329b9cb85ca897a1301/element/f.9119AA68FED8A447B03A71089BFD3ED7.d.86E1072B35FDB09D34195241AFA53C6B.e.18656/click - {}
RESULT: {}
COMMAND: GET /session/0ffaedec2ff4d329b9cb85ca897a1301/screenshot - {}
RESULT: {}
COMMAND: POST /session/0ffaedec2ff4d329b9cb85ca897a1301/elements - {"using":"xpath","value":"//span[text()='Error']"}
RESULT: {"using":"xpath","value":"//span[text()='Error']"}
COMMAND: POST /session/0ffaedec2ff4d329b9cb85ca897a1301/element - {"using":"xpath","value":"//button[@data-kt=\"addNewRUOverflowToolbarButton\"]"}
RESULT: {"using":"xpath","value":"//button[@data-kt=\"addNewRUOverflowToolbarButton\"]"}
COMMAND: POST /session/0ffaedec2ff4d329b9cb85ca897a1301/elements - {"using":"xpath","value":"//button[@data-kt=\"addNewRUOverflowToolbarButton\"]"}
RESULT: {"using":"xpath","value":"//button[@data-kt=\"addNewRUOverflowToolbarButton\"]"}
COMMAND: POST /session/0ffaedec2ff4d329b9cb85ca897a1301/elements - {"using":"xpath","value":"//button[@data-kt=\"addNewRUOverflowToolbarButton\"]"}
RESULT: {"using":"xpath","value":"//button[@data-kt=\"addNewRUOverflowToolbarButton\"]"}
COMMAND: POST /session/0ffaedec2ff4d329b9cb85ca897a1301/element - {"using":"xpath","value":"//button[@data-kt=\"addNewRUOverflowToolbarButton\"]"}
RESULT: {"using":"xpath","value":"//button[@data-kt=\"addNewRUOverflowToolbarButton\"]"}
COMMAND: POST /session/0ffaedec2ff4d329b9cb85ca897a1301/execute/sync - {"script":"<script> [8489 bytes]","args":[{"element-6066-11e4-a52e-4f735466cecf":"f.9119AA68FED8A447B03A71089BFD3ED7.d.86E1072B35FDB09D34195241AFA53C6B.e.18797","ELEMENT":"f.9119AA68FED8A447B03A71089BFD3ED7.d.86E1072B35FDB09D34195241AFA53C6B.e.18797"}]}
RESULT: {"script":"<script> [8489 bytes]","args":[{"element-6066-11e4-a52e-4f735466cecf":"f.9119AA68FED8A447B03A71089BFD3ED7.d.86E1072B35FDB09D34195241AFA53C6B.e.18797","ELEMENT":"f.9119AA68FED8A447B03A71089BFD3ED7.d.86E1072B35FDB09D34195241AFA53C6B.e.18797"}]}
COMMAND: GET /session/0ffaedec2ff4d329b9cb85ca897a1301/element/f.9119AA68FED8A447B03A71089BFD3ED7.d.86E1072B35FDB09D34195241AFA53C6B.e.18797/enabled - {}
COMMAND: GET /session/0ffaedec2ff4d329b9cb85ca897a1301/screenshot - {}
RESULT: {}
COMMAND: POST /session/0ffaedec2ff4d329b9cb85ca897a1301/execute/sync - {"script":"<script> [8489 bytes]","args":[{"element-6066-11e4-a52e-4f735466cecf":"f.9119AA68FED8A447B03A71089BFD3ED7.d.86E1072B35FDB09D34195241AFA53C6B.e.18797","ELEMENT":"f.9119AA68FED8A447B03A71089BFD3ED7.d.86E1072B35FDB09D34195241AFA53C6B.e.18797"}]}
COMMAND: GET /session/0ffaedec2ff4d329b9cb85ca897a1301/screenshot - {}
RESULT: {}
RESULT: {"script":"<script> [8489 bytes]","args":[{"element-6066-11e4-a52e-4f735466cecf":"f.9119AA68FED8A447B03A71089BFD3ED7.d.86E1072B35FDB09D34195241AFA53C6B.e.18797","ELEMENT":"f.9119AA68FED8A447B03A71089BFD3ED7.d.86E1072B35FDB09D34195241AFA53C6B.e.18797"}]}
COMMAND: POST /session/0ffaedec2ff4d329b9cb85ca897a1301/execute/sync - {"script":"<script> [5351 bytes]","args":[{"element-6066-11e4-a52e-4f735466cecf":"f.9119AA68FED8A447B03A71089BFD3ED7.d.86E1072B35FDB09D34195241AFA53C6B.e.18797","ELEMENT":"f.9119AA68FED8A447B03A71089BFD3ED7.d.86E1072B35FDB09D34195241AFA53C6B.e.18797"}]}
COMMAND: GET /session/0ffaedec2ff4d329b9cb85ca897a1301/screenshot - {}
RESULT: {}
RESULT: {"script":"<script> [5351 bytes]","args":[{"element-6066-11e4-a52e-4f735466cecf":"f.9119AA68FED8A447B03A71089BFD3ED7.d.86E1072B35FDB09D34195241AFA53C6B.e.18797","ELEMENT":"f.9119AA68FED8A447B03A71089BFD3ED7.d.86E1072B35FDB09D34195241AFA53C6B.e.18797"}]}
COMMAND: POST /session/0ffaedec2ff4d329b9cb85ca897a1301/element/f.9119AA68FED8A447B03A71089BFD3ED7.d.86E1072B35FDB09D34195241AFA53C6B.e.18797/click - {}
COMMAND: GET /session/0ffaedec2ff4d329b9cb85ca897a1301/screenshot - {}
RESULT: {}
RESULT: {}
COMMAND: GET /session/0ffaedec2ff4d329b9cb85ca897a1301/screenshot - {}
RESULT: {}
RESULT: {}
COMMAND: POST /session/0ffaedec2ff4d329b9cb85ca897a1301/execute/async - {"script":"<script> [1562 bytes]","args":[{"selector":{"id":"application-manageresources-display-component---newResourceUnit--TYPE-arrow"},"wdio_ui5_key":"applicationmanageresources-display-component---newResourceUnit--TYPE-arrow"}]}
RESULT: {"script":"<script> [1562 bytes]","args":[{"selector":{"id":"application-manageresources-display-component---newResourceUnit--TYPE-arrow"},"wdio_ui5_key":"applicationmanageresources-display-component---newResourceUnit--TYPE-arrow"}]}
RESULT: undefined
COMMAND: POST /session/0ffaedec2ff4d329b9cb85ca897a1301/element - {"using":"xpath","value":"//*[@id=\"application-manageresources-display-component---newResourceUnit--TYPE-arrow\"]"}
RESULT: {"using":"xpath","value":"//*[@id=\"application-manageresources-display-component---newResourceUnit--TYPE-arrow\"]"}
COMMAND: POST /session/0ffaedec2ff4d329b9cb85ca897a1301/element/f.9119AA68FED8A447B03A71089BFD3ED7.d.86E1072B35FDB09D34195241AFA53C6B.e.19159/click - {}
RESULT: {}
COMMAND: POST /session/0ffaedec2ff4d329b9cb85ca897a1301/element - {"using":"xpath","value":"//input[@id=\"application-manageresources-display-component---newResourceUnit--TYPE-inner\"]"}
COMMAND: GET /session/0ffaedec2ff4d329b9cb85ca897a1301/screenshot - {}
RESULT: {"using":"xpath","value":"//input[@id=\"application-manageresources-display-component---newResourceUnit--TYPE-inner\"]"}
COMMAND: POST /session/0ffaedec2ff4d329b9cb85ca897a1301/element/f.9119AA68FED8A447B03A71089BFD3ED7.d.86E1072B35FDB09D34195241AFA53C6B.e.19150/clear - {}
RESULT: {}
RESULT: {}
COMMAND: POST /session/0ffaedec2ff4d329b9cb85ca897a1301/element/f.9119AA68FED8A447B03A71089BFD3ED7.d.86E1072B35FDB09D34195241AFA53C6B.e.19150/value - {"text":"Equipment"}
COMMAND: GET /session/0ffaedec2ff4d329b9cb85ca897a1301/screenshot - {}
RESULT: {"text":"Equipment"}
COMMAND: GET /session/0ffaedec2ff4d329b9cb85ca897a1301/screenshot - {}
RESULT: {}
RESULT: {}
COMMAND: POST /session/0ffaedec2ff4d329b9cb85ca897a1301/actions - {"actions":[{"id":"action60","type":"key","parameters":{},"actions":[{"type":"keyDown","value":""},{"type":"pause","duration":10},{"type":"keyUp","value":""}]}]}
RESULT: {"actions":[{"id":"action60","type":"key","parameters":{},"actions":[{"type":"keyDown","value":""},{"type":"pause","duration":10},{"type":"keyUp","value":""}]}]}
COMMAND: POST /session/0ffaedec2ff4d329b9cb85ca897a1301/execute/async - {"script":"<script> [1562 bytes]","args":[{"selector":{"id":"application-manageresources-display-component---newResourceUnit--resourceId","interaction":{"idSuffix":"inner"}},"wdio_ui5_key":"applicationmanageresources-display-component---newResourceUnit--resourceId"}]}
COMMAND: GET /session/0ffaedec2ff4d329b9cb85ca897a1301/screenshot - {}
RESULT: {"script":"<script> [1562 bytes]","args":[{"selector":{"id":"application-manageresources-display-component---newResourceUnit--resourceId","interaction":{"idSuffix":"inner"}},"wdio_ui5_key":"applicationmanageresources-display-component---newResourceUnit--resourceId"}]}
RESULT: undefined
COMMAND: POST /session/0ffaedec2ff4d329b9cb85ca897a1301/execute/async - {"script":"<script> [776 bytes]","args":[{"enterText":"gEw58IWfOv","selector":{"id":"application-manageresources-display-component---newResourceUnit--resourceId","interaction":{"idSuffix":"inner"}},"clearTextFirst":true,"interactionType":"ENTER_TEXT"}]}
RESULT: {}
RESULT: {"script":"<script> [776 bytes]","args":[{"enterText":"gEw58IWfOv","selector":{"id":"application-manageresources-display-component---newResourceUnit--resourceId","interaction":{"idSuffix":"inner"}},"clearTextFirst":true,"interactionType":"ENTER_TEXT"}]}
COMMAND: POST /session/0ffaedec2ff4d329b9cb85ca897a1301/execute/async - {"script":"<script> [1562 bytes]","args":[{"selector":{"id":"application-manageresources-display-component---newResourceUnit--SHORT_TEXT","interaction":{"idSuffix":"inner"}},"wdio_ui5_key":"applicationmanageresources-display-component---newResourceUnit--SHORT_TEXT"}]}
RESULT: {"script":"<script> [1562 bytes]","args":[{"selector":{"id":"application-manageresources-display-component---newResourceUnit--SHORT_TEXT","interaction":{"idSuffix":"inner"}},"wdio_ui5_key":"applicationmanageresources-display-component---newResourceUnit--SHORT_TEXT"}]}
RESULT: undefined
COMMAND: POST /session/0ffaedec2ff4d329b9cb85ca897a1301/execute/async - {"script":"<script> [776 bytes]","args":[{"enterText":"Intercompany Equipment WDIO","selector":{"id":"application-manageresources-display-component---newResourceUnit--SHORT_TEXT","interaction":{"idSuffix":"inner"}},"clearTextFirst":true,"interactionType":"ENTER_TEXT"}]}
RESULT: {"script":"<script> [776 bytes]","args":[{"enterText":"Intercompany Equipment WDIO","selector":{"id":"application-manageresources-display-component---newResourceUnit--SHORT_TEXT","interaction":{"idSuffix":"inner"}},"clearTextFirst":true,"interactionType":"ENTER_TEXT"}]}
COMMAND: POST /session/0ffaedec2ff4d329b9cb85ca897a1301/execute/async - {"script":"<script> [1562 bytes]","args":[{"selector":{"id":"application-manageresources-display-component---newResourceUnit--BASE_UNIT_OF_MEASURE","interaction":{"idSuffix":"inner"}},"wdio_ui5_key":"applicationmanageresources-display-component---newResourceUnit--BASE_UNIT_OF_MEASURE"}]}
RESULT: {"script":"<script> [1562 bytes]","args":[{"selector":{"id":"application-manageresources-display-component---newResourceUnit--BASE_UNIT_OF_MEASURE","interaction":{"idSuffix":"inner"}},"wdio_ui5_key":"applicationmanageresources-display-component---newResourceUnit--BASE_UNIT_OF_MEASURE"}]}
RESULT: undefined
COMMAND: POST /session/0ffaedec2ff4d329b9cb85ca897a1301/execute/async - {"script":"<script> [776 bytes]","args":[{"enterText":"Piece","selector":{"id":"application-manageresources-display-component---newResourceUnit--BASE_UNIT_OF_MEASURE","interaction":{"idSuffix":"inner"}},"clearTextFirst":true,"interactionType":"ENTER_TEXT"}]}
RESULT: {"script":"<script> [776 bytes]","args":[{"enterText":"Piece","selector":{"id":"application-manageresources-display-component---newResourceUnit--BASE_UNIT_OF_MEASURE","interaction":{"idSuffix":"inner"}},"clearTextFirst":true,"interactionType":"ENTER_TEXT"}]}
COMMAND: POST /session/0ffaedec2ff4d329b9cb85ca897a1301/execute/async - {"script":"<script> [1562 bytes]","args":[{"selector":{"id":"application-manageresources-display-component---newResourceUnit--WEIGHT_UNIT","interaction":{"idSuffix":"inner"}},"wdio_ui5_key":"applicationmanageresources-display-component---newResourceUnit--WEIGHT_UNIT"}]}
RESULT: {"script":"<script> [1562 bytes]","args":[{"selector":{"id":"application-manageresources-display-component---newResourceUnit--WEIGHT_UNIT","interaction":{"idSuffix":"inner"}},"wdio_ui5_key":"applicationmanageresources-display-component---newResourceUnit--WEIGHT_UNIT"}]}
RESULT: undefined
COMMAND: POST /session/0ffaedec2ff4d329b9cb85ca897a1301/execute/async - {"script":"<script> [776 bytes]","args":[{"enterText":"Gram","selector":{"id":"application-manageresources-display-component---newResourceUnit--WEIGHT_UNIT","interaction":{"idSuffix":"inner"}},"clearTextFirst":true,"interactionType":"ENTER_TEXT"}]}
RESULT: {"script":"<script> [776 bytes]","args":[{"enterText":"Gram","selector":{"id":"application-manageresources-display-component---newResourceUnit--WEIGHT_UNIT","interaction":{"idSuffix":"inner"}},"clearTextFirst":true,"interactionType":"ENTER_TEXT"}]}
COMMAND: POST /session/0ffaedec2ff4d329b9cb85ca897a1301/execute/async - {"script":"<script> [1562 bytes]","args":[{"selector":{"id":"application-manageresources-display-component---newResourceUnit--DIMENSION_UNIT","interaction":{"idSuffix":"inner"}},"wdio_ui5_key":"applicationmanageresources-display-component---newResourceUnit--DIMENSION_UNIT"}]}
RESULT: {"script":"<script> [1562 bytes]","args":[{"selector":{"id":"application-manageresources-display-component---newResourceUnit--DIMENSION_UNIT","interaction":{"idSuffix":"inner"}},"wdio_ui5_key":"applicationmanageresources-display-component---newResourceUnit--DIMENSION_UNIT"}]}
RESULT: undefined
COMMAND: POST /session/0ffaedec2ff4d329b9cb85ca897a1301/execute/async - {"script":"<script> [776 bytes]","args":[{"enterText":"Meter","selector":{"id":"application-manageresources-display-component---newResourceUnit--DIMENSION_UNIT","interaction":{"idSuffix":"inner"}},"clearTextFirst":true,"interactionType":"ENTER_TEXT"}]}
RESULT: {"script":"<script> [776 bytes]","args":[{"enterText":"Meter","selector":{"id":"application-manageresources-display-component---newResourceUnit--DIMENSION_UNIT","interaction":{"idSuffix":"inner"}},"clearTextFirst":true,"interactionType":"ENTER_TEXT"}]}
COMMAND: POST /session/0ffaedec2ff4d329b9cb85ca897a1301/execute/async - {"script":"<script> [1562 bytes]","args":[{"selector":{"id":"application-manageresources-display-component---newResourceUnit--newRRUPage-anchBar-application-manageresources-display-component---newResourceUnit--control-anchor","interaction":{"idSuffix":"BDI-content"}},"wdio_ui5_key":"applicationmanageresources-display-component---newResourceUnit--newRRUPage-anchBar-application-manageresources-display-component---newResourceUnit--control-anchor"}]}
RESULT: {"script":"<script> [1562 bytes]","args":[{"selector":{"id":"application-manageresources-display-component---newResourceUnit--newRRUPage-anchBar-application-manageresources-display-component---newResourceUnit--control-anchor","interaction":{"idSuffix":"BDI-content"}},"wdio_ui5_key":"applicationmanageresources-display-component---newResourceUnit--newRRUPage-anchBar-application-manageresources-display-component---newResourceUnit--control-anchor"}]}
RESULT: undefined
COMMAND: POST /session/0ffaedec2ff4d329b9cb85ca897a1301/element - {"using":"xpath","value":"//*[@id=\"application-manageresources-display-component---newResourceUnit--newRRUPage-anchBar-application-manageresources-display-component---newResourceUnit--control-anchor\"]"}
RESULT: {"using":"xpath","value":"//*[@id=\"application-manageresources-display-component---newResourceUnit--newRRUPage-anchBar-application-manageresources-display-component---newResourceUnit--control-anchor\"]"}
COMMAND: POST /session/0ffaedec2ff4d329b9cb85ca897a1301/element/f.9119AA68FED8A447B03A71089BFD3ED7.d.86E1072B35FDB09D34195241AFA53C6B.e.19317/click - {}
RESULT: {}
COMMAND: POST /session/0ffaedec2ff4d329b9cb85ca897a1301/execute/async - {"script":"<script> [1562 bytes]","args":[{"selector":{"id":"application-manageresources-display-component---newResourceUnit--PLANNING_GROUP","interaction":{"idSuffix":"inner"}},"wdio_ui5_key":"applicationmanageresources-display-component---newResourceUnit--PLANNING_GROUP"}]}
COMMAND: GET /session/0ffaedec2ff4d329b9cb85ca897a1301/screenshot - {}
RESULT: {"script":"<script> [1562 bytes]","args":[{"selector":{"id":"application-manageresources-display-component---newResourceUnit--PLANNING_GROUP","interaction":{"idSuffix":"inner"}},"wdio_ui5_key":"applicationmanageresources-display-component---newResourceUnit--PLANNING_GROUP"}]}
RESULT: undefined
COMMAND: POST /session/0ffaedec2ff4d329b9cb85ca897a1301/execute/async - {"script":"<script> [776 bytes]","args":[{"enterText":"Heavy Equi","selector":{"id":"application-manageresources-display-component---newResourceUnit--PLANNING_GROUP","interaction":{"idSuffix":"inner"}},"clearTextFirst":true,"interactionType":"ENTER_TEXT"}]}
RESULT: {}
RESULT: {"script":"<script> [776 bytes]","args":[{"enterText":"Heavy Equi","selector":{"id":"application-manageresources-display-component---newResourceUnit--PLANNING_GROUP","interaction":{"idSuffix":"inner"}},"clearTextFirst":true,"interactionType":"ENTER_TEXT"}]}
COMMAND: POST /session/0ffaedec2ff4d329b9cb85ca897a1301/execute/async - {"script":"<script> [1562 bytes]","args":[{"selector":{"id":"application-manageresources-display-component---newResourceUnit--ITEM_TYPE-arrow"},"wdio_ui5_key":"applicationmanageresources-display-component---newResourceUnit--ITEM_TYPE-arrow"}]}
RESULT: {"script":"<script> [1562 bytes]","args":[{"selector":{"id":"application-manageresources-display-component---newResourceUnit--ITEM_TYPE-arrow"},"wdio_ui5_key":"applicationmanageresources-display-component---newResourceUnit--ITEM_TYPE-arrow"}]}
RESULT: undefined
COMMAND: POST /session/0ffaedec2ff4d329b9cb85ca897a1301/element - {"using":"xpath","value":"//*[@id=\"application-manageresources-display-component---newResourceUnit--ITEM_TYPE-arrow\"]"}
RESULT: {"using":"xpath","value":"//*[@id=\"application-manageresources-display-component---newResourceUnit--ITEM_TYPE-arrow\"]"}
COMMAND: POST /session/0ffaedec2ff4d329b9cb85ca897a1301/element/f.9119AA68FED8A447B03A71089BFD3ED7.d.86E1072B35FDB09D34195241AFA53C6B.e.19326/click - {}
RESULT: {}
COMMAND: POST /session/0ffaedec2ff4d329b9cb85ca897a1301/element - {"using":"xpath","value":"(//span[contains(text(), \"Resource Unit\")])[2]"}
COMMAND: GET /session/0ffaedec2ff4d329b9cb85ca897a1301/screenshot - {}
RESULT: {"using":"xpath","value":"(//span[contains(text(), \"Resource Unit\")])[2]"}
COMMAND: POST /session/0ffaedec2ff4d329b9cb85ca897a1301/element/f.9119AA68FED8A447B03A71089BFD3ED7.d.86E1072B35FDB09D34195241AFA53C6B.e.19327/click - {}
RESULT: {}
RESULT: {}
COMMAND: GET /session/0ffaedec2ff4d329b9cb85ca897a1301/screenshot - {}
RESULT: {}
COMMAND: POST /session/0ffaedec2ff4d329b9cb85ca897a1301/element - {"using":"css selector","value":"#application-manageresources-display-component---newResourceUnit--btnAddTimeSegment"}
RESULT: {"using":"css selector","value":"#application-manageresources-display-component---newResourceUnit--btnAddTimeSegment"}
COMMAND: GET /session/0ffaedec2ff4d329b9cb85ca897a1301/element/f.9119AA68FED8A447B03A71089BFD3ED7.d.86E1072B35FDB09D34195241AFA53C6B.e.19334/rect - {}
RESULT: {}
COMMAND: GET /session/0ffaedec2ff4d329b9cb85ca897a1301/window/rect - {}
RESULT: {}
COMMAND: POST /session/0ffaedec2ff4d329b9cb85ca897a1301/execute/sync - {"script":"<script> [92 bytes]","args":[]}
RESULT: {"script":"<script> [92 bytes]","args":[]}
COMMAND: POST /session/0ffaedec2ff4d329b9cb85ca897a1301/actions - {"actions":[{"id":"action61","type":"wheel","parameters":{},"actions":[{"type":"scroll","x":-1888,"y":-32,"deltaX":0,"deltaY":0,"duration":0,"origin":{"element-6066-11e4-a52e-4f735466cecf":"f.9119AA68FED8A447B03A71089BFD3ED7.d.86E1072B35FDB09D34195241AFA53C6B.e.19334"}}]}]}
COMMAND: GET /session/0ffaedec2ff4d329b9cb85ca897a1301/screenshot - {}
RESULT: {}
COMMAND: POST /session/0ffaedec2ff4d329b9cb85ca897a1301/execute/sync - {"script":"<script> [79 bytes]","args":[{"element-6066-11e4-a52e-4f735466cecf":"f.9119AA68FED8A447B03A71089BFD3ED7.d.86E1072B35FDB09D34195241AFA53C6B.e.19334","ELEMENT":"f.9119AA68FED8A447B03A71089BFD3ED7.d.86E1072B35FDB09D34195241AFA53C6B.e.19334"},{"block":"start","inline":"nearest"}]}
RESULT: {"script":"<script> [79 bytes]","args":[{"element-6066-11e4-a52e-4f735466cecf":"f.9119AA68FED8A447B03A71089BFD3ED7.d.86E1072B35FDB09D34195241AFA53C6B.e.19334","ELEMENT":"f.9119AA68FED8A447B03A71089BFD3ED7.d.86E1072B35FDB09D34195241AFA53C6B.e.19334"},{"block":"start","inline":"nearest"}]}
COMMAND: POST /session/0ffaedec2ff4d329b9cb85ca897a1301/execute/async - {"script":"<script> [1562 bytes]","args":[{"selector":{"id":"application-manageresources-display-component---newResourceUnit--btnAddTimeSegment","interaction":{"idSuffix":"inner"}},"wdio_ui5_key":"applicationmanageresources-display-component---newResourceUnit--btnAddTimeSegment"}]}
COMMAND: GET /session/0ffaedec2ff4d329b9cb85ca897a1301/screenshot - {}
RESULT: {"script":"<script> [1562 bytes]","args":[{"selector":{"id":"application-manageresources-display-component---newResourceUnit--btnAddTimeSegment","interaction":{"idSuffix":"inner"}},"wdio_ui5_key":"applicationmanageresources-display-component---newResourceUnit--btnAddTimeSegment"}]}
RESULT: undefined
COMMAND: POST /session/0ffaedec2ff4d329b9cb85ca897a1301/element - {"using":"xpath","value":"//*[@id=\"application-manageresources-display-component---newResourceUnit--btnAddTimeSegment\"]"}
RESULT: {}
RESULT: {"using":"xpath","value":"//*[@id=\"application-manageresources-display-component---newResourceUnit--btnAddTimeSegment\"]"}
COMMAND: POST /session/0ffaedec2ff4d329b9cb85ca897a1301/element/f.9119AA68FED8A447B03A71089BFD3ED7.d.86E1072B35FDB09D34195241AFA53C6B.e.19334/click - {}
RESULT: {}
COMMAND: GET /session/0ffaedec2ff4d329b9cb85ca897a1301/screenshot - {}
RESULT: {}
COMMAND: POST /session/0ffaedec2ff4d329b9cb85ca897a1301/element - {"using":"xpath","value":"//input[@id=\"application-manageresources-display-component---newResourceUnit--idRuTSAdmin-application-manageresources-display-component---newResourceUnit--RUTimeSegment-0-inner\"]"}
RESULT: {"using":"xpath","value":"//input[@id=\"application-manageresources-display-component---newResourceUnit--idRuTSAdmin-application-manageresources-display-component---newResourceUnit--RUTimeSegment-0-inner\"]"}
COMMAND: POST /session/0ffaedec2ff4d329b9cb85ca897a1301/element/f.9119AA68FED8A447B03A71089BFD3ED7.d.86E1072B35FDB09D34195241AFA53C6B.e.19340/clear - {}
RESULT: {}
COMMAND: POST /session/0ffaedec2ff4d329b9cb85ca897a1301/element/f.9119AA68FED8A447B03A71089BFD3ED7.d.86E1072B35FDB09D34195241AFA53C6B.e.19340/value - {"text":"348"}
COMMAND: GET /session/0ffaedec2ff4d329b9cb85ca897a1301/screenshot - {}
RESULT: {"text":"348"}
COMMAND: GET /session/0ffaedec2ff4d329b9cb85ca897a1301/screenshot - {}
RESULT: {}
RESULT: {}
COMMAND: POST /session/0ffaedec2ff4d329b9cb85ca897a1301/element - {"using":"xpath","value":"//li[.//span[text()='348']]"}
RESULT: {"using":"xpath","value":"//li[.//span[text()='348']]"}
COMMAND: POST /session/0ffaedec2ff4d329b9cb85ca897a1301/element/f.9119AA68FED8A447B03A71089BFD3ED7.d.86E1072B35FDB09D34195241AFA53C6B.e.19351/click - {}
RESULT: {}
COMMAND: GET /session/0ffaedec2ff4d329b9cb85ca897a1301/screenshot - {}
RESULT: {}
COMMAND: POST /session/0ffaedec2ff4d329b9cb85ca897a1301/element - {"using":"xpath","value":"(//span[contains(@id, \"-application-manageresources-display-component---newResourceUnit--RUTimeSegment-0-arrow\")])[6]"}
RESULT: {"using":"xpath","value":"(//span[contains(@id, \"-application-manageresources-display-component---newResourceUnit--RUTimeSegment-0-arrow\")])[6]"}
COMMAND: POST /session/0ffaedec2ff4d329b9cb85ca897a1301/element/f.9119AA68FED8A447B03A71089BFD3ED7.d.86E1072B35FDB09D34195241AFA53C6B.e.19352/click - {}
RESULT: {}
COMMAND: GET /session/0ffaedec2ff4d329b9cb85ca897a1301/screenshot - {}
RESULT: {}
COMMAND: POST /session/0ffaedec2ff4d329b9cb85ca897a1301/element - {"using":"xpath","value":"//span[contains(text(), \"PM Order\")]"}
RESULT: {"using":"xpath","value":"//span[contains(text(), \"PM Order\")]"}
COMMAND: POST /session/0ffaedec2ff4d329b9cb85ca897a1301/element/f.9119AA68FED8A447B03A71089BFD3ED7.d.86E1072B35FDB09D34195241AFA53C6B.e.19355/click - {}
RESULT: {}
COMMAND: GET /session/0ffaedec2ff4d329b9cb85ca897a1301/screenshot - {}
RESULT: {}
COMMAND: POST /session/0ffaedec2ff4d329b9cb85ca897a1301/element - {"using":"xpath","value":"(//span[contains(@id ,\"manageresources-display-component---newResourceUnit--RUTimeSegment-0-vhi\")])[1]"}
RESULT: {"using":"xpath","value":"(//span[contains(@id ,\"manageresources-display-component---newResourceUnit--RUTimeSegment-0-vhi\")])[1]"}
COMMAND: GET /session/0ffaedec2ff4d329b9cb85ca897a1301/element/f.9119AA68FED8A447B03A71089BFD3ED7.d.86E1072B35FDB09D34195241AFA53C6B.e.19359/rect - {}
RESULT: {}
COMMAND: GET /session/0ffaedec2ff4d329b9cb85ca897a1301/window/rect - {}
RESULT: {}
COMMAND: POST /session/0ffaedec2ff4d329b9cb85ca897a1301/execute/sync - {"script":"<script> [92 bytes]","args":[]}
RESULT: {"script":"<script> [92 bytes]","args":[]}
COMMAND: POST /session/0ffaedec2ff4d329b9cb85ca897a1301/actions - {"actions":[{"id":"action62","type":"wheel","parameters":{},"actions":[{"type":"scroll","x":-869,"y":-24,"deltaX":0,"deltaY":0,"duration":0,"origin":{"element-6066-11e4-a52e-4f735466cecf":"f.9119AA68FED8A447B03A71089BFD3ED7.d.86E1072B35FDB09D34195241AFA53C6B.e.19359"}}]}]}
COMMAND: GET /session/0ffaedec2ff4d329b9cb85ca897a1301/screenshot - {}
RESULT: {"actions":[{"id":"action62","type":"wheel","parameters":{},"actions":[{"type":"scroll","x":-869,"y":-24,"deltaX":0,"deltaY":0,"duration":0,"origin":{"element-6066-11e4-a52e-4f735466cecf":"f.9119AA68FED8A447B03A71089BFD3ED7.d.86E1072B35FDB09D34195241AFA53C6B.e.19359"}}]}]}
COMMAND: DELETE /session/0ffaedec2ff4d329b9cb85ca897a1301/actions - {}
COMMAND: GET /session/0ffaedec2ff4d329b9cb85ca897a1301/screenshot - {}
RESULT: {}
RESULT: {}
COMMAND: GET /session/0ffaedec2ff4d329b9cb85ca897a1301/screenshot - {}
RESULT: {}
RESULT: {}
COMMAND: POST /session/0ffaedec2ff4d329b9cb85ca897a1301/element/f.9119AA68FED8A447B03A71089BFD3ED7.d.86E1072B35FDB09D34195241AFA53C6B.e.19359/click - {}
RESULT: {}
COMMAND: GET /session/0ffaedec2ff4d329b9cb85ca897a1301/screenshot - {}
RESULT: {}
COMMAND: POST /session/0ffaedec2ff4d329b9cb85ca897a1301/execute/async - {"script":"<script> [1562 bytes]","args":[{"selector":{"controlType":"sap.m.SearchField","properties":{"placeholder":"Search"},"searchOpenDialogs":true,"interaction":{"idSuffix":"I"}},"wdio_ui5_key":"sapm.SearchField{\"placeholder\":\"Search\"}"}]}
RESULT: {"script":"<script> [1562 bytes]","args":[{"selector":{"controlType":"sap.m.SearchField","properties":{"placeholder":"Search"},"searchOpenDialogs":true,"interaction":{"idSuffix":"I"}},"wdio_ui5_key":"sapm.SearchField{\"placeholder\":\"Search\"}"}]}
RESULT: undefined
COMMAND: POST /session/0ffaedec2ff4d329b9cb85ca897a1301/execute/async - {"script":"<script> [776 bytes]","args":[{"enterText":"4000360","selector":{"controlType":"sap.m.SearchField","properties":{"placeholder":"Search"},"searchOpenDialogs":true,"interaction":{"idSuffix":"I"}},"clearTextFirst":true,"interactionType":"ENTER_TEXT"}]}
RESULT: {"script":"<script> [776 bytes]","args":[{"enterText":"4000360","selector":{"controlType":"sap.m.SearchField","properties":{"placeholder":"Search"},"searchOpenDialogs":true,"interaction":{"idSuffix":"I"}},"clearTextFirst":true,"interactionType":"ENTER_TEXT"}]}
COMMAND: POST /session/0ffaedec2ff4d329b9cb85ca897a1301/actions - {"actions":[{"id":"action63","type":"key","parameters":{},"actions":[{"type":"keyDown","value":""},{"type":"pause","duration":10},{"type":"keyUp","value":""}]}]}
RESULT: {"actions":[{"id":"action63","type":"key","parameters":{},"actions":[{"type":"keyDown","value":""},{"type":"pause","duration":10},{"type":"keyUp","value":""}]}]}
COMMAND: GET /session/0ffaedec2ff4d329b9cb85ca897a1301/screenshot - {}
RESULT: {}
COMMAND: POST /session/0ffaedec2ff4d329b9cb85ca897a1301/element - {"using":"xpath","value":"//td/div/span[contains(text(), \"BGL Vehicles\")]"}
RESULT: {"using":"xpath","value":"//td/div/span[contains(text(), \"BGL Vehicles\")]"}
COMMAND: POST /session/0ffaedec2ff4d329b9cb85ca897a1301/element/f.9119AA68FED8A447B03A71089BFD3ED7.d.86E1072B35FDB09D34195241AFA53C6B.e.19381/click - {}
RESULT: {}
COMMAND: GET /session/0ffaedec2ff4d329b9cb85ca897a1301/screenshot - {}
RESULT: {}
COMMAND: POST /session/0ffaedec2ff4d329b9cb85ca897a1301/element - {"using":"xpath","value":"//bdi[contains(text(), \"OK\")]"}
RESULT: {"using":"xpath","value":"//bdi[contains(text(), \"OK\")]"}
COMMAND: POST /session/0ffaedec2ff4d329b9cb85ca897a1301/element/f.9119AA68FED8A447B03A71089BFD3ED7.d.86E1072B35FDB09D34195241AFA53C6B.e.19382/click - {}
RESULT: {}
COMMAND: GET /session/0ffaedec2ff4d329b9cb85ca897a1301/screenshot - {}
RESULT: {}
COMMAND: POST /session/0ffaedec2ff4d329b9cb85ca897a1301/execute/async - {"script":"<script> [1562 bytes]","args":[{"selector":{"id":"application-manageresources-display-component---newResourceUnit--newRRUPage-anchBar-application-manageresources-display-component---newResourceUnit--resource-anchor","interaction":{"idSuffix":"BDI-content"}},"wdio_ui5_key":"applicationmanageresources-display-component---newResourceUnit--newRRUPage-anchBar-application-manageresources-display-component---newResourceUnit--resource-anchor"}]}
RESULT: {"script":"<script> [1562 bytes]","args":[{"selector":{"id":"application-manageresources-display-component---newResourceUnit--newRRUPage-anchBar-application-manageresources-display-component---newResourceUnit--resource-anchor","interaction":{"idSuffix":"BDI-content"}},"wdio_ui5_key":"applicationmanageresources-display-component---newResourceUnit--newRRUPage-anchBar-application-manageresources-display-component---newResourceUnit--resource-anchor"}]}
RESULT: undefined
COMMAND: POST /session/0ffaedec2ff4d329b9cb85ca897a1301/element - {"using":"xpath","value":"//*[@id=\"application-manageresources-display-component---newResourceUnit--newRRUPage-anchBar-application-manageresources-display-component---newResourceUnit--resource-anchor\"]"}
RESULT: {"using":"xpath","value":"//*[@id=\"application-manageresources-display-component---newResourceUnit--newRRUPage-anchBar-application-manageresources-display-component---newResourceUnit--resource-anchor\"]"}
COMMAND: POST /session/0ffaedec2ff4d329b9cb85ca897a1301/element/f.9119AA68FED8A447B03A71089BFD3ED7.d.86E1072B35FDB09D34195241AFA53C6B.e.19386/click - {}
RESULT: {}
COMMAND: POST /session/0ffaedec2ff4d329b9cb85ca897a1301/execute/async - {"script":"<script> [1562 bytes]","args":[{"selector":{"id":"application-manageresources-display-component---newResourceUnit--PLANNED_DELIVERY_DATE","interaction":{"idSuffix":"inner"}},"wdio_ui5_key":"applicationmanageresources-display-component---newResourceUnit--PLANNED_DELIVERY_DATE"}]}
COMMAND: GET /session/0ffaedec2ff4d329b9cb85ca897a1301/screenshot - {}
RESULT: {"script":"<script> [1562 bytes]","args":[{"selector":{"id":"application-manageresources-display-component---newResourceUnit--PLANNED_DELIVERY_DATE","interaction":{"idSuffix":"inner"}},"wdio_ui5_key":"applicationmanageresources-display-component---newResourceUnit--PLANNED_DELIVERY_DATE"}]}
RESULT: undefined
COMMAND: POST /session/0ffaedec2ff4d329b9cb85ca897a1301/execute/async - {"script":"<script> [6424 bytes]","args":[{"element-6066-11e4-a52e-4f735466cecf":"f.9119AA68FED8A447B03A71089BFD3ED7.d.86E1072B35FDB09D34195241AFA53C6B.e.19216"},"setValue",["5/26/25"]]}
RESULT: {}
RESULT: {"script":"<script> [6424 bytes]","args":[{"element-6066-11e4-a52e-4f735466cecf":"f.9119AA68FED8A447B03A71089BFD3ED7.d.86E1072B35FDB09D34195241AFA53C6B.e.19216"},"setValue",["5/26/25"]]}
COMMAND: POST /session/0ffaedec2ff4d329b9cb85ca897a1301/element - {"using":"xpath","value":"//label[contains(@class, 'sapMLabelRequired') and .//bdi[contains(text(), 'Planned Retirement')]]"}
RESULT: {"using":"xpath","value":"//label[contains(@class, 'sapMLabelRequired') and .//bdi[contains(text(), 'Planned Retirement')]]"}
COMMAND: POST /session/0ffaedec2ff4d329b9cb85ca897a1301/elements - {"using":"xpath","value":"//label[contains(@class, 'sapMLabelRequired') and .//bdi[contains(text(), 'Planned Retirement')]]"}
RESULT: {"using":"xpath","value":"//label[contains(@class, 'sapMLabelRequired') and .//bdi[contains(text(), 'Planned Retirement')]]"}
COMMAND: POST /session/0ffaedec2ff4d329b9cb85ca897a1301/element - {"using":"xpath","value":"//button[@data-kt=\"resourceUnitSaveButton\"]"}
RESULT: {"using":"xpath","value":"//button[@data-kt=\"resourceUnitSaveButton\"]"}
COMMAND: POST /session/0ffaedec2ff4d329b9cb85ca897a1301/element/f.9119AA68FED8A447B03A71089BFD3ED7.d.86E1072B35FDB09D34195241AFA53C6B.e.19175/click - {}
RESULT: {}
COMMAND: GET /session/0ffaedec2ff4d329b9cb85ca897a1301/screenshot - {}
RESULT: {}
COMMAND: POST /session/0ffaedec2ff4d329b9cb85ca897a1301/element - {"using":"xpath","value":"//bdi[contains(text(), \"Close\")]"}
RESULT: {"using":"xpath","value":"//bdi[contains(text(), \"Close\")]"}
COMMAND: POST /session/0ffaedec2ff4d329b9cb85ca897a1301/element/f.9119AA68FED8A447B03A71089BFD3ED7.d.86E1072B35FDB09D34195241AFA53C6B.e.19395/click - {}
RESULT: {}
COMMAND: GET /session/0ffaedec2ff4d329b9cb85ca897a1301/screenshot - {}
RESULT: {}
COMMAND: POST /session/0ffaedec2ff4d329b9cb85ca897a1301/element - {"using":"xpath","value":"(//button[contains(@id ,\"actionsToolbar-overflowButton\")])[1]"}
RESULT: {"using":"xpath","value":"(//button[contains(@id ,\"actionsToolbar-overflowButton\")])[1]"}
COMMAND: POST /session/0ffaedec2ff4d329b9cb85ca897a1301/element/f.9119AA68FED8A447B03A71089BFD3ED7.d.86E1072B35FDB09D34195241AFA53C6B.e.19456/click - {}
RESULT: {}
COMMAND: GET /session/0ffaedec2ff4d329b9cb85ca897a1301/screenshot - {}
RESULT: {}
COMMAND: POST /session/0ffaedec2ff4d329b9cb85ca897a1301/element - {"using":"xpath","value":"//button[@data-kt=\"priceInfoButton\"]"}
RESULT: {"using":"xpath","value":"//button[@data-kt=\"priceInfoButton\"]"}
COMMAND: POST /session/0ffaedec2ff4d329b9cb85ca897a1301/element/f.9119AA68FED8A447B03A71089BFD3ED7.d.86E1072B35FDB09D34195241AFA53C6B.e.19458/click - {}
RESULT: {}
COMMAND: GET /session/0ffaedec2ff4d329b9cb85ca897a1301/screenshot - {}
RESULT: {}
]]></system-out>
    </testcase>
    <testcase classname="chrome.136_0_7103_93.windows.Create_Reverse_Billing_US127248" name="Should create a pricing procedure" time="49.45">
      <system-out><![CDATA[
COMMAND: POST /session/0ffaedec2ff4d329b9cb85ca897a1301/element - {"using":"xpath","value":"//button[@data-kt=\"addButton\"]"}
RESULT: {"using":"xpath","value":"//button[@data-kt=\"addButton\"]"}
COMMAND: POST /session/0ffaedec2ff4d329b9cb85ca897a1301/elements - {"using":"xpath","value":"//button[@data-kt=\"addButton\"]"}
RESULT: {"using":"xpath","value":"//button[@data-kt=\"addButton\"]"}
COMMAND: POST /session/0ffaedec2ff4d329b9cb85ca897a1301/execute/sync - {"script":"<script> [8489 bytes]","args":[{"element-6066-11e4-a52e-4f735466cecf":"f.9119AA68FED8A447B03A71089BFD3ED7.d.86E1072B35FDB09D34195241AFA53C6B.e.19494","ELEMENT":"f.9119AA68FED8A447B03A71089BFD3ED7.d.86E1072B35FDB09D34195241AFA53C6B.e.19494"}]}
RESULT: {"script":"<script> [8489 bytes]","args":[{"element-6066-11e4-a52e-4f735466cecf":"f.9119AA68FED8A447B03A71089BFD3ED7.d.86E1072B35FDB09D34195241AFA53C6B.e.19494","ELEMENT":"f.9119AA68FED8A447B03A71089BFD3ED7.d.86E1072B35FDB09D34195241AFA53C6B.e.19494"}]}
COMMAND: GET /session/0ffaedec2ff4d329b9cb85ca897a1301/element/f.9119AA68FED8A447B03A71089BFD3ED7.d.86E1072B35FDB09D34195241AFA53C6B.e.19494/enabled - {}
COMMAND: GET /session/0ffaedec2ff4d329b9cb85ca897a1301/screenshot - {}
RESULT: {}
COMMAND: POST /session/0ffaedec2ff4d329b9cb85ca897a1301/execute/sync - {"script":"<script> [8489 bytes]","args":[{"element-6066-11e4-a52e-4f735466cecf":"f.9119AA68FED8A447B03A71089BFD3ED7.d.86E1072B35FDB09D34195241AFA53C6B.e.19494","ELEMENT":"f.9119AA68FED8A447B03A71089BFD3ED7.d.86E1072B35FDB09D34195241AFA53C6B.e.19494"}]}
COMMAND: GET /session/0ffaedec2ff4d329b9cb85ca897a1301/screenshot - {}
RESULT: {}
RESULT: {"script":"<script> [8489 bytes]","args":[{"element-6066-11e4-a52e-4f735466cecf":"f.9119AA68FED8A447B03A71089BFD3ED7.d.86E1072B35FDB09D34195241AFA53C6B.e.19494","ELEMENT":"f.9119AA68FED8A447B03A71089BFD3ED7.d.86E1072B35FDB09D34195241AFA53C6B.e.19494"}]}
COMMAND: POST /session/0ffaedec2ff4d329b9cb85ca897a1301/execute/sync - {"script":"<script> [5351 bytes]","args":[{"element-6066-11e4-a52e-4f735466cecf":"f.9119AA68FED8A447B03A71089BFD3ED7.d.86E1072B35FDB09D34195241AFA53C6B.e.19494","ELEMENT":"f.9119AA68FED8A447B03A71089BFD3ED7.d.86E1072B35FDB09D34195241AFA53C6B.e.19494"}]}
COMMAND: GET /session/0ffaedec2ff4d329b9cb85ca897a1301/screenshot - {}
RESULT: {}
RESULT: {"script":"<script> [5351 bytes]","args":[{"element-6066-11e4-a52e-4f735466cecf":"f.9119AA68FED8A447B03A71089BFD3ED7.d.86E1072B35FDB09D34195241AFA53C6B.e.19494","ELEMENT":"f.9119AA68FED8A447B03A71089BFD3ED7.d.86E1072B35FDB09D34195241AFA53C6B.e.19494"}]}
COMMAND: POST /session/0ffaedec2ff4d329b9cb85ca897a1301/element/f.9119AA68FED8A447B03A71089BFD3ED7.d.86E1072B35FDB09D34195241AFA53C6B.e.19494/click - {}
COMMAND: GET /session/0ffaedec2ff4d329b9cb85ca897a1301/screenshot - {}
RESULT: {}
RESULT: {}
COMMAND: GET /session/0ffaedec2ff4d329b9cb85ca897a1301/screenshot - {}
RESULT: {}
RESULT: {}
COMMAND: POST /session/0ffaedec2ff4d329b9cb85ca897a1301/execute/async - {"script":"<script> [1562 bytes]","args":[{"selector":{"controlType":"sap.m.Title","viewName":"etm.portal.ui.managepricingrules.view.NewItem","viewId":"application-managepricingrules-display-component---newInfoPriceItem","properties":{"text":"New Pricing Rules - Item Level"}},"wdio_ui5_key":"etmportal.ui.managepricingrules.view.NewItemsap.m.Title{\"text\":\"New Pricing Rules - Item Level\"}"}]}
RESULT: {"script":"<script> [1562 bytes]","args":[{"selector":{"controlType":"sap.m.Title","viewName":"etm.portal.ui.managepricingrules.view.NewItem","viewId":"application-managepricingrules-display-component---newInfoPriceItem","properties":{"text":"New Pricing Rules - Item Level"}},"wdio_ui5_key":"etmportal.ui.managepricingrules.view.NewItemsap.m.Title{\"text\":\"New Pricing Rules - Item Level\"}"}]}
RESULT: undefined
COMMAND: POST /session/0ffaedec2ff4d329b9cb85ca897a1301/execute/async - {"script":"<script> [6424 bytes]","args":[{"element-6066-11e4-a52e-4f735466cecf":"f.9119AA68FED8A447B03A71089BFD3ED7.d.86E1072B35FDB09D34195241AFA53C6B.e.19654"},"getText",[]]}
RESULT: {"script":"<script> [6424 bytes]","args":[{"element-6066-11e4-a52e-4f735466cecf":"f.9119AA68FED8A447B03A71089BFD3ED7.d.86E1072B35FDB09D34195241AFA53C6B.e.19654"},"getText",[]]}
COMMAND: POST /session/0ffaedec2ff4d329b9cb85ca897a1301/execute/async - {"script":"<script> [1562 bytes]","args":[{"selector":{"id":"application-managepricingrules-display-component---newInfoPriceItem--condValidTo","interaction":{"idSuffix":"inner"}},"wdio_ui5_key":"applicationmanagepricingrules-display-component---newInfoPriceItem--condValidTo"}]}
RESULT: {"script":"<script> [1562 bytes]","args":[{"selector":{"id":"application-managepricingrules-display-component---newInfoPriceItem--condValidTo","interaction":{"idSuffix":"inner"}},"wdio_ui5_key":"applicationmanagepricingrules-display-component---newInfoPriceItem--condValidTo"}]}
RESULT: undefined
COMMAND: POST /session/0ffaedec2ff4d329b9cb85ca897a1301/execute/async - {"script":"<script> [776 bytes]","args":[{"enterText":"1/26/26","selector":{"id":"application-managepricingrules-display-component---newInfoPriceItem--condValidTo","interaction":{"idSuffix":"inner"}},"clearTextFirst":true,"interactionType":"ENTER_TEXT"}]}
RESULT: {"script":"<script> [776 bytes]","args":[{"enterText":"1/26/26","selector":{"id":"application-managepricingrules-display-component---newInfoPriceItem--condValidTo","interaction":{"idSuffix":"inner"}},"clearTextFirst":true,"interactionType":"ENTER_TEXT"}]}
COMMAND: POST /session/0ffaedec2ff4d329b9cb85ca897a1301/execute/async - {"script":"<script> [1562 bytes]","args":[{"selector":{"id":"application-managepricingrules-display-component---newInfoPriceItem--billType-arrow"},"wdio_ui5_key":"applicationmanagepricingrules-display-component---newInfoPriceItem--billType-arrow"}]}
RESULT: {"script":"<script> [1562 bytes]","args":[{"selector":{"id":"application-managepricingrules-display-component---newInfoPriceItem--billType-arrow"},"wdio_ui5_key":"applicationmanagepricingrules-display-component---newInfoPriceItem--billType-arrow"}]}
RESULT: undefined
COMMAND: POST /session/0ffaedec2ff4d329b9cb85ca897a1301/element - {"using":"xpath","value":"//*[@id=\"application-managepricingrules-display-component---newInfoPriceItem--billType-arrow\"]"}
RESULT: {"using":"xpath","value":"//*[@id=\"application-managepricingrules-display-component---newInfoPriceItem--billType-arrow\"]"}
COMMAND: POST /session/0ffaedec2ff4d329b9cb85ca897a1301/element/f.9119AA68FED8A447B03A71089BFD3ED7.d.86E1072B35FDB09D34195241AFA53C6B.e.19656/click - {}
RESULT: {}
COMMAND: POST /session/0ffaedec2ff4d329b9cb85ca897a1301/element - {"using":"xpath","value":"//span[contains(text(), \"TB - Time based\")]"}
COMMAND: GET /session/0ffaedec2ff4d329b9cb85ca897a1301/screenshot - {}
RESULT: {"using":"xpath","value":"//span[contains(text(), \"TB - Time based\")]"}
COMMAND: POST /session/0ffaedec2ff4d329b9cb85ca897a1301/element/f.9119AA68FED8A447B03A71089BFD3ED7.d.86E1072B35FDB09D34195241AFA53C6B.e.19657/click - {}
RESULT: {}
RESULT: {}
COMMAND: POST /session/0ffaedec2ff4d329b9cb85ca897a1301/execute/async - {"script":"<script> [1562 bytes]","args":[{"selector":{"id":"application-managepricingrules-display-component---newInfoPriceItem--priceProc-arrow"},"wdio_ui5_key":"applicationmanagepricingrules-display-component---newInfoPriceItem--priceProc-arrow"}]}
COMMAND: GET /session/0ffaedec2ff4d329b9cb85ca897a1301/screenshot - {}
RESULT: {"script":"<script> [1562 bytes]","args":[{"selector":{"id":"application-managepricingrules-display-component---newInfoPriceItem--priceProc-arrow"},"wdio_ui5_key":"applicationmanagepricingrules-display-component---newInfoPriceItem--priceProc-arrow"}]}
RESULT: undefined
COMMAND: POST /session/0ffaedec2ff4d329b9cb85ca897a1301/element - {"using":"xpath","value":"//*[@id=\"application-managepricingrules-display-component---newInfoPriceItem--priceProc-arrow\"]"}
RESULT: {}
RESULT: {"using":"xpath","value":"//*[@id=\"application-managepricingrules-display-component---newInfoPriceItem--priceProc-arrow\"]"}
COMMAND: POST /session/0ffaedec2ff4d329b9cb85ca897a1301/element/f.9119AA68FED8A447B03A71089BFD3ED7.d.86E1072B35FDB09D34195241AFA53C6B.e.19622/click - {}
RESULT: {}
COMMAND: POST /session/0ffaedec2ff4d329b9cb85ca897a1301/element - {"using":"xpath","value":"//span[contains(text(), \"TBS - Time based standard\")]"}
COMMAND: GET /session/0ffaedec2ff4d329b9cb85ca897a1301/screenshot - {}
RESULT: {"using":"xpath","value":"//span[contains(text(), \"TBS - Time based standard\")]"}
COMMAND: POST /session/0ffaedec2ff4d329b9cb85ca897a1301/element/f.9119AA68FED8A447B03A71089BFD3ED7.d.86E1072B35FDB09D34195241AFA53C6B.e.19658/click - {}
RESULT: {}
RESULT: {}
COMMAND: POST /session/0ffaedec2ff4d329b9cb85ca897a1301/execute/async - {"script":"<script> [1562 bytes]","args":[{"selector":{"id":"application-managepricingrules-display-component---newInfoPriceItem--calcBase-arrow"},"wdio_ui5_key":"applicationmanagepricingrules-display-component---newInfoPriceItem--calcBase-arrow"}]}
COMMAND: GET /session/0ffaedec2ff4d329b9cb85ca897a1301/screenshot - {}
RESULT: {"script":"<script> [1562 bytes]","args":[{"selector":{"id":"application-managepricingrules-display-component---newInfoPriceItem--calcBase-arrow"},"wdio_ui5_key":"applicationmanagepricingrules-display-component---newInfoPriceItem--calcBase-arrow"}]}
RESULT: undefined
COMMAND: POST /session/0ffaedec2ff4d329b9cb85ca897a1301/element - {"using":"xpath","value":"//*[@id=\"application-managepricingrules-display-component---newInfoPriceItem--calcBase-arrow\"]"}
RESULT: {}
RESULT: {"using":"xpath","value":"//*[@id=\"application-managepricingrules-display-component---newInfoPriceItem--calcBase-arrow\"]"}
COMMAND: POST /session/0ffaedec2ff4d329b9cb85ca897a1301/element/f.9119AA68FED8A447B03A71089BFD3ED7.d.86E1072B35FDB09D34195241AFA53C6B.e.19629/click - {}
RESULT: {}
COMMAND: GET /session/0ffaedec2ff4d329b9cb85ca897a1301/screenshot - {}
RESULT: {}
COMMAND: POST /session/0ffaedec2ff4d329b9cb85ca897a1301/element - {"using":"xpath","value":"//span[contains(text(), \"0006 - TB(calendar days)\")]"}
RESULT: {"using":"xpath","value":"//span[contains(text(), \"0006 - TB(calendar days)\")]"}
COMMAND: POST /session/0ffaedec2ff4d329b9cb85ca897a1301/element/f.9119AA68FED8A447B03A71089BFD3ED7.d.86E1072B35FDB09D34195241AFA53C6B.e.19659/click - {}
RESULT: {}
COMMAND: GET /session/0ffaedec2ff4d329b9cb85ca897a1301/screenshot - {}
RESULT: {}
COMMAND: POST /session/0ffaedec2ff4d329b9cb85ca897a1301/execute/async - {"script":"<script> [1562 bytes]","args":[{"selector":{"id":"application-managepricingrules-display-component---newInfoPriceItem--daysMonth","interaction":{"idSuffix":"inner"}},"wdio_ui5_key":"applicationmanagepricingrules-display-component---newInfoPriceItem--daysMonth"}]}
RESULT: {"script":"<script> [1562 bytes]","args":[{"selector":{"id":"application-managepricingrules-display-component---newInfoPriceItem--daysMonth","interaction":{"idSuffix":"inner"}},"wdio_ui5_key":"applicationmanagepricingrules-display-component---newInfoPriceItem--daysMonth"}]}
RESULT: undefined
COMMAND: POST /session/0ffaedec2ff4d329b9cb85ca897a1301/execute/async - {"script":"<script> [776 bytes]","args":[{"enterText":"30","selector":{"id":"application-managepricingrules-display-component---newInfoPriceItem--daysMonth","interaction":{"idSuffix":"inner"}},"clearTextFirst":true,"interactionType":"ENTER_TEXT"}]}
RESULT: {"script":"<script> [776 bytes]","args":[{"enterText":"30","selector":{"id":"application-managepricingrules-display-component---newInfoPriceItem--daysMonth","interaction":{"idSuffix":"inner"}},"clearTextFirst":true,"interactionType":"ENTER_TEXT"}]}
COMMAND: POST /session/0ffaedec2ff4d329b9cb85ca897a1301/element - {"using":"xpath","value":"//button[@data-kt=\"saveNewRuleButton\"]"}
RESULT: {"using":"xpath","value":"//button[@data-kt=\"saveNewRuleButton\"]"}
COMMAND: POST /session/0ffaedec2ff4d329b9cb85ca897a1301/element/f.9119AA68FED8A447B03A71089BFD3ED7.d.86E1072B35FDB09D34195241AFA53C6B.e.19645/click - {}
RESULT: {}
COMMAND: GET /session/0ffaedec2ff4d329b9cb85ca897a1301/screenshot - {}
RESULT: {}
COMMAND: POST /session/0ffaedec2ff4d329b9cb85ca897a1301/execute/async - {"script":"<script> [1562 bytes]","args":[{"selector":{"id":"application-managepricingrules-display-component---priceInfoItem--smartFilterBar-btnBasicSearch","interaction":{"idSuffix":"I"}},"wdio_ui5_key":"applicationmanagepricingrules-display-component---priceInfoItem--smartFilterBar-btnBasicSearch"}]}
RESULT: {"script":"<script> [1562 bytes]","args":[{"selector":{"id":"application-managepricingrules-display-component---priceInfoItem--smartFilterBar-btnBasicSearch","interaction":{"idSuffix":"I"}},"wdio_ui5_key":"applicationmanagepricingrules-display-component---priceInfoItem--smartFilterBar-btnBasicSearch"}]}
RESULT: undefined
COMMAND: POST /session/0ffaedec2ff4d329b9cb85ca897a1301/execute/async - {"script":"<script> [776 bytes]","args":[{"enterText":"gEw58IWfOv","selector":{"id":"application-managepricingrules-display-component---priceInfoItem--smartFilterBar-btnBasicSearch","interaction":{"idSuffix":"I"}},"clearTextFirst":true,"interactionType":"ENTER_TEXT"}]}
RESULT: {"script":"<script> [776 bytes]","args":[{"enterText":"gEw58IWfOv","selector":{"id":"application-managepricingrules-display-component---priceInfoItem--smartFilterBar-btnBasicSearch","interaction":{"idSuffix":"I"}},"clearTextFirst":true,"interactionType":"ENTER_TEXT"}]}
COMMAND: POST /session/0ffaedec2ff4d329b9cb85ca897a1301/actions - {"actions":[{"id":"action64","type":"key","parameters":{},"actions":[{"type":"keyDown","value":""},{"type":"pause","duration":10},{"type":"keyUp","value":""}]}]}
RESULT: {"actions":[{"id":"action64","type":"key","parameters":{},"actions":[{"type":"keyDown","value":""},{"type":"pause","duration":10},{"type":"keyUp","value":""}]}]}
COMMAND: GET /session/0ffaedec2ff4d329b9cb85ca897a1301/screenshot - {}
RESULT: {}
COMMAND: POST /session/0ffaedec2ff4d329b9cb85ca897a1301/element - {"using":"xpath","value":"//span[@id=\"application-managepricingrules-display-component---priceInfoItem--smartTable-header-inner\"]"}
RESULT: {"using":"xpath","value":"//span[@id=\"application-managepricingrules-display-component---priceInfoItem--smartTable-header-inner\"]"}
COMMAND: POST /session/0ffaedec2ff4d329b9cb85ca897a1301/elements - {"using":"xpath","value":"//span[@id=\"application-managepricingrules-display-component---priceInfoItem--smartTable-header-inner\"]"}
RESULT: {"using":"xpath","value":"//span[@id=\"application-managepricingrules-display-component---priceInfoItem--smartTable-header-inner\"]"}
COMMAND: POST /session/0ffaedec2ff4d329b9cb85ca897a1301/execute/sync - {"script":"<script> [56 bytes]","args":[{"element-6066-11e4-a52e-4f735466cecf":"f.9119AA68FED8A447B03A71089BFD3ED7.d.86E1072B35FDB09D34195241AFA53C6B.e.19672","ELEMENT":"f.9119AA68FED8A447B03A71089BFD3ED7.d.86E1072B35FDB09D34195241AFA53C6B.e.19672"}]}
RESULT: {"script":"<script> [56 bytes]","args":[{"element-6066-11e4-a52e-4f735466cecf":"f.9119AA68FED8A447B03A71089BFD3ED7.d.86E1072B35FDB09D34195241AFA53C6B.e.19672","ELEMENT":"f.9119AA68FED8A447B03A71089BFD3ED7.d.86E1072B35FDB09D34195241AFA53C6B.e.19672"}]}
COMMAND: POST /session/0ffaedec2ff4d329b9cb85ca897a1301/element - {"using":"css selector","value":"#shell-header-logo"}
COMMAND: GET /session/0ffaedec2ff4d329b9cb85ca897a1301/screenshot - {}
RESULT: {"using":"css selector","value":"#shell-header-logo"}
COMMAND: POST /session/0ffaedec2ff4d329b9cb85ca897a1301/element/f.9119AA68FED8A447B03A71089BFD3ED7.d.86E1072B35FDB09D34195241AFA53C6B.e.18768/click - {}
RESULT: {}
RESULT: {}
COMMAND: GET /session/0ffaedec2ff4d329b9cb85ca897a1301/screenshot - {}
RESULT: {}
]]></system-out>
    </testcase>
    <testcase classname="chrome.136_0_7103_93.windows.Create_Reverse_Billing_US127248" name="Should manage conditions" time="64.144">
      <system-out><![CDATA[
COMMAND: POST /session/0ffaedec2ff4d329b9cb85ca897a1301/execute/async - {"script":"<script> [1562 bytes]","args":[{"selector":{"controlType":"sap.m.GenericTile","properties":{"header":"Manage Conditions & Prices"}},"wdio_ui5_key":"sapm.GenericTile{\"header\":\"Manage Conditions & Prices\"}"}]}
RESULT: {"script":"<script> [1562 bytes]","args":[{"selector":{"controlType":"sap.m.GenericTile","properties":{"header":"Manage Conditions & Prices"}},"wdio_ui5_key":"sapm.GenericTile{\"header\":\"Manage Conditions & Prices\"}"}]}
RESULT: undefined
COMMAND: POST /session/0ffaedec2ff4d329b9cb85ca897a1301/element - {"using":"xpath","value":"//*[@id=\"__tile53\"]"}
RESULT: {"using":"xpath","value":"//*[@id=\"__tile53\"]"}
COMMAND: POST /session/0ffaedec2ff4d329b9cb85ca897a1301/element/f.9119AA68FED8A447B03A71089BFD3ED7.d.86E1072B35FDB09D34195241AFA53C6B.e.18703/click - {}
RESULT: {}
COMMAND: GET /session/0ffaedec2ff4d329b9cb85ca897a1301/screenshot - {}
RESULT: {}
COMMAND: POST /session/0ffaedec2ff4d329b9cb85ca897a1301/elements - {"using":"xpath","value":"//span[text()='Error']"}
RESULT: {"using":"xpath","value":"//span[text()='Error']"}
COMMAND: POST /session/0ffaedec2ff4d329b9cb85ca897a1301/element - {"using":"xpath","value":"//button[@aria-label=\"Create\"]"}
RESULT: {"using":"xpath","value":"//button[@aria-label=\"Create\"]"}
COMMAND: POST /session/0ffaedec2ff4d329b9cb85ca897a1301/elements - {"using":"xpath","value":"//button[@aria-label=\"Create\"]"}
RESULT: {"using":"xpath","value":"//button[@aria-label=\"Create\"]"}
COMMAND: POST /session/0ffaedec2ff4d329b9cb85ca897a1301/execute/sync - {"script":"<script> [8489 bytes]","args":[{"element-6066-11e4-a52e-4f735466cecf":"f.9119AA68FED8A447B03A71089BFD3ED7.d.86E1072B35FDB09D34195241AFA53C6B.e.19707","ELEMENT":"f.9119AA68FED8A447B03A71089BFD3ED7.d.86E1072B35FDB09D34195241AFA53C6B.e.19707"}]}
RESULT: {"script":"<script> [8489 bytes]","args":[{"element-6066-11e4-a52e-4f735466cecf":"f.9119AA68FED8A447B03A71089BFD3ED7.d.86E1072B35FDB09D34195241AFA53C6B.e.19707","ELEMENT":"f.9119AA68FED8A447B03A71089BFD3ED7.d.86E1072B35FDB09D34195241AFA53C6B.e.19707"}]}
COMMAND: GET /session/0ffaedec2ff4d329b9cb85ca897a1301/element/f.9119AA68FED8A447B03A71089BFD3ED7.d.86E1072B35FDB09D34195241AFA53C6B.e.19707/enabled - {}
COMMAND: GET /session/0ffaedec2ff4d329b9cb85ca897a1301/screenshot - {}
RESULT: {}
COMMAND: POST /session/0ffaedec2ff4d329b9cb85ca897a1301/execute/sync - {"script":"<script> [8489 bytes]","args":[{"element-6066-11e4-a52e-4f735466cecf":"f.9119AA68FED8A447B03A71089BFD3ED7.d.86E1072B35FDB09D34195241AFA53C6B.e.19707","ELEMENT":"f.9119AA68FED8A447B03A71089BFD3ED7.d.86E1072B35FDB09D34195241AFA53C6B.e.19707"}]}
COMMAND: GET /session/0ffaedec2ff4d329b9cb85ca897a1301/screenshot - {}
RESULT: {}
RESULT: {"script":"<script> [8489 bytes]","args":[{"element-6066-11e4-a52e-4f735466cecf":"f.9119AA68FED8A447B03A71089BFD3ED7.d.86E1072B35FDB09D34195241AFA53C6B.e.19707","ELEMENT":"f.9119AA68FED8A447B03A71089BFD3ED7.d.86E1072B35FDB09D34195241AFA53C6B.e.19707"}]}
COMMAND: POST /session/0ffaedec2ff4d329b9cb85ca897a1301/execute/sync - {"script":"<script> [5351 bytes]","args":[{"element-6066-11e4-a52e-4f735466cecf":"f.9119AA68FED8A447B03A71089BFD3ED7.d.86E1072B35FDB09D34195241AFA53C6B.e.19707","ELEMENT":"f.9119AA68FED8A447B03A71089BFD3ED7.d.86E1072B35FDB09D34195241AFA53C6B.e.19707"}]}
COMMAND: GET /session/0ffaedec2ff4d329b9cb85ca897a1301/screenshot - {}
RESULT: {}
RESULT: {"script":"<script> [5351 bytes]","args":[{"element-6066-11e4-a52e-4f735466cecf":"f.9119AA68FED8A447B03A71089BFD3ED7.d.86E1072B35FDB09D34195241AFA53C6B.e.19707","ELEMENT":"f.9119AA68FED8A447B03A71089BFD3ED7.d.86E1072B35FDB09D34195241AFA53C6B.e.19707"}]}
COMMAND: POST /session/0ffaedec2ff4d329b9cb85ca897a1301/element/f.9119AA68FED8A447B03A71089BFD3ED7.d.86E1072B35FDB09D34195241AFA53C6B.e.19707/click - {}
COMMAND: GET /session/0ffaedec2ff4d329b9cb85ca897a1301/screenshot - {}
RESULT: {}
RESULT: {}
COMMAND: GET /session/0ffaedec2ff4d329b9cb85ca897a1301/screenshot - {}
RESULT: {}
RESULT: {}
COMMAND: POST /session/0ffaedec2ff4d329b9cb85ca897a1301/actions - {"actions":[{"id":"action65","type":"key","parameters":{},"actions":[{"type":"keyDown","value":""},{"type":"pause","duration":10},{"type":"keyUp","value":""}]}]}
RESULT: {"actions":[{"id":"action65","type":"key","parameters":{},"actions":[{"type":"keyDown","value":""},{"type":"pause","duration":10},{"type":"keyUp","value":""}]}]}
COMMAND: GET /session/0ffaedec2ff4d329b9cb85ca897a1301/screenshot - {}
RESULT: {}
COMMAND: POST /session/0ffaedec2ff4d329b9cb85ca897a1301/execute/async - {"script":"<script> [1562 bytes]","args":[{"selector":{"id":"application-manageconditionprice-display-component---newCondition--condBillCond-arrow"},"wdio_ui5_key":"applicationmanageconditionprice-display-component---newCondition--condBillCond-arrow"}]}
RESULT: {"script":"<script> [1562 bytes]","args":[{"selector":{"id":"application-manageconditionprice-display-component---newCondition--condBillCond-arrow"},"wdio_ui5_key":"applicationmanageconditionprice-display-component---newCondition--condBillCond-arrow"}]}
RESULT: undefined
COMMAND: POST /session/0ffaedec2ff4d329b9cb85ca897a1301/element - {"using":"xpath","value":"//*[@id=\"application-manageconditionprice-display-component---newCondition--condBillCond-arrow\"]"}
RESULT: {"using":"xpath","value":"//*[@id=\"application-manageconditionprice-display-component---newCondition--condBillCond-arrow\"]"}
COMMAND: POST /session/0ffaedec2ff4d329b9cb85ca897a1301/element/f.9119AA68FED8A447B03A71089BFD3ED7.d.86E1072B35FDB09D34195241AFA53C6B.e.19882/click - {}
RESULT: {}
COMMAND: GET /session/0ffaedec2ff4d329b9cb85ca897a1301/screenshot - {}
RESULT: {}
COMMAND: POST /session/0ffaedec2ff4d329b9cb85ca897a1301/element - {"using":"xpath","value":"//li[.//span[contains(text(), \"DISP - D&I special price\")]]"}
RESULT: {"using":"xpath","value":"//li[.//span[contains(text(), \"DISP - D&I special price\")]]"}
COMMAND: POST /session/0ffaedec2ff4d329b9cb85ca897a1301/element/f.9119AA68FED8A447B03A71089BFD3ED7.d.86E1072B35FDB09D34195241AFA53C6B.e.19886/click - {}
RESULT: {}
COMMAND: GET /session/0ffaedec2ff4d329b9cb85ca897a1301/screenshot - {}
RESULT: {}
COMMAND: POST /session/0ffaedec2ff4d329b9cb85ca897a1301/execute/async - {"script":"<script> [1562 bytes]","args":[{"selector":{"id":"application-manageconditionprice-display-component---newCondition--condValidTo","interaction":{"idSuffix":"inner"}},"wdio_ui5_key":"applicationmanageconditionprice-display-component---newCondition--condValidTo"}]}
RESULT: {"script":"<script> [1562 bytes]","args":[{"selector":{"id":"application-manageconditionprice-display-component---newCondition--condValidTo","interaction":{"idSuffix":"inner"}},"wdio_ui5_key":"applicationmanageconditionprice-display-component---newCondition--condValidTo"}]}
RESULT: undefined
COMMAND: POST /session/0ffaedec2ff4d329b9cb85ca897a1301/execute/async - {"script":"<script> [776 bytes]","args":[{"enterText":"1/26/26","selector":{"id":"application-manageconditionprice-display-component---newCondition--condValidTo","interaction":{"idSuffix":"inner"}},"clearTextFirst":true,"interactionType":"ENTER_TEXT"}]}
RESULT: {"script":"<script> [776 bytes]","args":[{"enterText":"1/26/26","selector":{"id":"application-manageconditionprice-display-component---newCondition--condValidTo","interaction":{"idSuffix":"inner"}},"clearTextFirst":true,"interactionType":"ENTER_TEXT"}]}
COMMAND: POST /session/0ffaedec2ff4d329b9cb85ca897a1301/element - {"using":"xpath","value":"//input[@id=\"application-manageconditionprice-display-component---newCondition--condRU-inner\"]"}
RESULT: {"using":"xpath","value":"//input[@id=\"application-manageconditionprice-display-component---newCondition--condRU-inner\"]"}
COMMAND: POST /session/0ffaedec2ff4d329b9cb85ca897a1301/element/f.9119AA68FED8A447B03A71089BFD3ED7.d.86E1072B35FDB09D34195241AFA53C6B.e.19748/clear - {}
RESULT: {}
COMMAND: POST /session/0ffaedec2ff4d329b9cb85ca897a1301/element/f.9119AA68FED8A447B03A71089BFD3ED7.d.86E1072B35FDB09D34195241AFA53C6B.e.19748/value - {"text":"gEw58IWfOv"}
COMMAND: GET /session/0ffaedec2ff4d329b9cb85ca897a1301/screenshot - {}
RESULT: {"text":"gEw58IWfOv"}
COMMAND: GET /session/0ffaedec2ff4d329b9cb85ca897a1301/screenshot - {}
RESULT: {}
RESULT: {}
COMMAND: POST /session/0ffaedec2ff4d329b9cb85ca897a1301/actions - {"actions":[{"id":"action66","type":"key","parameters":{},"actions":[{"type":"keyDown","value":""},{"type":"pause","duration":10},{"type":"keyUp","value":""}]}]}
RESULT: {"actions":[{"id":"action66","type":"key","parameters":{},"actions":[{"type":"keyDown","value":""},{"type":"pause","duration":10},{"type":"keyUp","value":""}]}]}
COMMAND: POST /session/0ffaedec2ff4d329b9cb85ca897a1301/execute/async - {"script":"<script> [1562 bytes]","args":[{"selector":{"id":"application-manageconditionprice-display-component---newCondition--condBaseQty","interaction":{"idSuffix":"inner"}},"wdio_ui5_key":"applicationmanageconditionprice-display-component---newCondition--condBaseQty"}]}
COMMAND: GET /session/0ffaedec2ff4d329b9cb85ca897a1301/screenshot - {}
RESULT: {"script":"<script> [1562 bytes]","args":[{"selector":{"id":"application-manageconditionprice-display-component---newCondition--condBaseQty","interaction":{"idSuffix":"inner"}},"wdio_ui5_key":"applicationmanageconditionprice-display-component---newCondition--condBaseQty"}]}
RESULT: undefined
COMMAND: POST /session/0ffaedec2ff4d329b9cb85ca897a1301/execute/async - {"script":"<script> [776 bytes]","args":[{"enterText":"1","selector":{"id":"application-manageconditionprice-display-component---newCondition--condBaseQty","interaction":{"idSuffix":"inner"}},"clearTextFirst":true,"interactionType":"ENTER_TEXT"}]}
RESULT: {}
RESULT: {"script":"<script> [776 bytes]","args":[{"enterText":"1","selector":{"id":"application-manageconditionprice-display-component---newCondition--condBaseQty","interaction":{"idSuffix":"inner"}},"clearTextFirst":true,"interactionType":"ENTER_TEXT"}]}
COMMAND: POST /session/0ffaedec2ff4d329b9cb85ca897a1301/execute/async - {"script":"<script> [1562 bytes]","args":[{"selector":{"id":"application-manageconditionprice-display-component---newCondition--condValue","interaction":{"idSuffix":"inner"}},"wdio_ui5_key":"applicationmanageconditionprice-display-component---newCondition--condValue"}]}
RESULT: {"script":"<script> [1562 bytes]","args":[{"selector":{"id":"application-manageconditionprice-display-component---newCondition--condValue","interaction":{"idSuffix":"inner"}},"wdio_ui5_key":"applicationmanageconditionprice-display-component---newCondition--condValue"}]}
RESULT: undefined
COMMAND: POST /session/0ffaedec2ff4d329b9cb85ca897a1301/execute/async - {"script":"<script> [776 bytes]","args":[{"enterText":"200","selector":{"id":"application-manageconditionprice-display-component---newCondition--condValue","interaction":{"idSuffix":"inner"}},"clearTextFirst":true,"interactionType":"ENTER_TEXT"}]}
RESULT: {"script":"<script> [776 bytes]","args":[{"enterText":"200","selector":{"id":"application-manageconditionprice-display-component---newCondition--condValue","interaction":{"idSuffix":"inner"}},"clearTextFirst":true,"interactionType":"ENTER_TEXT"}]}
COMMAND: POST /session/0ffaedec2ff4d329b9cb85ca897a1301/execute/async - {"script":"<script> [1562 bytes]","args":[{"selector":{"id":"application-manageconditionprice-display-component---newCondition--condCurr-arrow"},"wdio_ui5_key":"applicationmanageconditionprice-display-component---newCondition--condCurr-arrow"}]}
RESULT: {"script":"<script> [1562 bytes]","args":[{"selector":{"id":"application-manageconditionprice-display-component---newCondition--condCurr-arrow"},"wdio_ui5_key":"applicationmanageconditionprice-display-component---newCondition--condCurr-arrow"}]}
RESULT: undefined
COMMAND: POST /session/0ffaedec2ff4d329b9cb85ca897a1301/element - {"using":"xpath","value":"//*[@id=\"application-manageconditionprice-display-component---newCondition--condCurr-arrow\"]"}
RESULT: {"using":"xpath","value":"//*[@id=\"application-manageconditionprice-display-component---newCondition--condCurr-arrow\"]"}
COMMAND: POST /session/0ffaedec2ff4d329b9cb85ca897a1301/element/f.9119AA68FED8A447B03A71089BFD3ED7.d.86E1072B35FDB09D34195241AFA53C6B.e.19866/click - {}
RESULT: {}
COMMAND: POST /session/0ffaedec2ff4d329b9cb85ca897a1301/element - {"using":"xpath","value":"//span[contains(text(), \"Euro\")]"}
COMMAND: GET /session/0ffaedec2ff4d329b9cb85ca897a1301/screenshot - {}
RESULT: {"using":"xpath","value":"//span[contains(text(), \"Euro\")]"}
COMMAND: POST /session/0ffaedec2ff4d329b9cb85ca897a1301/element/f.9119AA68FED8A447B03A71089BFD3ED7.d.86E1072B35FDB09D34195241AFA53C6B.e.19923/click - {}
RESULT: {}
RESULT: {}
COMMAND: POST /session/0ffaedec2ff4d329b9cb85ca897a1301/element - {"using":"xpath","value":"//button[@data-kt=\"saveButton\"]"}
COMMAND: GET /session/0ffaedec2ff4d329b9cb85ca897a1301/screenshot - {}
RESULT: {"using":"xpath","value":"//button[@data-kt=\"saveButton\"]"}
COMMAND: POST /session/0ffaedec2ff4d329b9cb85ca897a1301/element/f.9119AA68FED8A447B03A71089BFD3ED7.d.86E1072B35FDB09D34195241AFA53C6B.e.19867/click - {}
RESULT: {}
RESULT: {}
COMMAND: GET /session/0ffaedec2ff4d329b9cb85ca897a1301/screenshot - {}
RESULT: {}
COMMAND: POST /session/0ffaedec2ff4d329b9cb85ca897a1301/execute/async - {"script":"<script> [1562 bytes]","args":[{"selector":{"id":"application-manageconditionprice-display-component---conditions--smartFilterBar-btnBasicSearch","interaction":{"idSuffix":"I"}},"wdio_ui5_key":"applicationmanageconditionprice-display-component---conditions--smartFilterBar-btnBasicSearch"}]}
RESULT: {"script":"<script> [1562 bytes]","args":[{"selector":{"id":"application-manageconditionprice-display-component---conditions--smartFilterBar-btnBasicSearch","interaction":{"idSuffix":"I"}},"wdio_ui5_key":"applicationmanageconditionprice-display-component---conditions--smartFilterBar-btnBasicSearch"}]}
RESULT: undefined
COMMAND: POST /session/0ffaedec2ff4d329b9cb85ca897a1301/execute/async - {"script":"<script> [776 bytes]","args":[{"enterText":"gEw58IWfOv","selector":{"id":"application-manageconditionprice-display-component---conditions--smartFilterBar-btnBasicSearch","interaction":{"idSuffix":"I"}},"clearTextFirst":true,"interactionType":"ENTER_TEXT"}]}
RESULT: {"script":"<script> [776 bytes]","args":[{"enterText":"gEw58IWfOv","selector":{"id":"application-manageconditionprice-display-component---conditions--smartFilterBar-btnBasicSearch","interaction":{"idSuffix":"I"}},"clearTextFirst":true,"interactionType":"ENTER_TEXT"}]}
COMMAND: POST /session/0ffaedec2ff4d329b9cb85ca897a1301/actions - {"actions":[{"id":"action67","type":"key","parameters":{},"actions":[{"type":"keyDown","value":""},{"type":"pause","duration":10},{"type":"keyUp","value":""}]}]}
RESULT: {"actions":[{"id":"action67","type":"key","parameters":{},"actions":[{"type":"keyDown","value":""},{"type":"pause","duration":10},{"type":"keyUp","value":""}]}]}
COMMAND: GET /session/0ffaedec2ff4d329b9cb85ca897a1301/screenshot - {}
RESULT: {}
COMMAND: POST /session/0ffaedec2ff4d329b9cb85ca897a1301/execute/async - {"script":"<script> [1562 bytes]","args":[{"selector":{"id":"application-manageconditionprice-display-component---conditions--smartFilterBar-filterItemControl_BASIC-BILL_TYPES-vhi"},"wdio_ui5_key":"applicationmanageconditionprice-display-component---conditions--smartFilterBar-filterItemControl_BASIC-BILL_TYPES-vhi"}]}
RESULT: {"script":"<script> [1562 bytes]","args":[{"selector":{"id":"application-manageconditionprice-display-component---conditions--smartFilterBar-filterItemControl_BASIC-BILL_TYPES-vhi"},"wdio_ui5_key":"applicationmanageconditionprice-display-component---conditions--smartFilterBar-filterItemControl_BASIC-BILL_TYPES-vhi"}]}
RESULT: undefined
COMMAND: POST /session/0ffaedec2ff4d329b9cb85ca897a1301/element - {"using":"xpath","value":"//*[@id=\"application-manageconditionprice-display-component---conditions--smartFilterBar-filterItemControl_BASIC-BILL_TYPES-vhi\"]"}
RESULT: {"using":"xpath","value":"//*[@id=\"application-manageconditionprice-display-component---conditions--smartFilterBar-filterItemControl_BASIC-BILL_TYPES-vhi\"]"}
COMMAND: POST /session/0ffaedec2ff4d329b9cb85ca897a1301/element/f.9119AA68FED8A447B03A71089BFD3ED7.d.86E1072B35FDB09D34195241AFA53C6B.e.19940/click - {}
RESULT: {}
COMMAND: POST /session/0ffaedec2ff4d329b9cb85ca897a1301/execute/async - {"script":"<script> [1562 bytes]","args":[{"selector":{"id":"application-manageconditionprice-display-component---conditions--smartFilterBar-filterItemControl_BASIC-BILL_TYPES-valueHelpDialog-smartFilterBar-btnBasicSearch","searchOpenDialogs":true,"interaction":{"idSuffix":"I"}},"wdio_ui5_key":"applicationmanageconditionprice-display-component---conditions--smartFilterBar-filterItemControl_BASIC-BILL_TYPES-valueHelpDialog-smartFilterBar-btnBasicSearch"}]}
COMMAND: GET /session/0ffaedec2ff4d329b9cb85ca897a1301/screenshot - {}
RESULT: {"script":"<script> [1562 bytes]","args":[{"selector":{"id":"application-manageconditionprice-display-component---conditions--smartFilterBar-filterItemControl_BASIC-BILL_TYPES-valueHelpDialog-smartFilterBar-btnBasicSearch","searchOpenDialogs":true,"interaction":{"idSuffix":"I"}},"wdio_ui5_key":"applicationmanageconditionprice-display-component---conditions--smartFilterBar-filterItemControl_BASIC-BILL_TYPES-valueHelpDialog-smartFilterBar-btnBasicSearch"}]}
RESULT: undefined
COMMAND: POST /session/0ffaedec2ff4d329b9cb85ca897a1301/execute/async - {"script":"<script> [776 bytes]","args":[{"enterText":"TB","selector":{"id":"application-manageconditionprice-display-component---conditions--smartFilterBar-filterItemControl_BASIC-BILL_TYPES-valueHelpDialog-smartFilterBar-btnBasicSearch","searchOpenDialogs":true,"interaction":{"idSuffix":"I"}},"clearTextFirst":true,"interactionType":"ENTER_TEXT"}]}
RESULT: {}
RESULT: {"script":"<script> [776 bytes]","args":[{"enterText":"TB","selector":{"id":"application-manageconditionprice-display-component---conditions--smartFilterBar-filterItemControl_BASIC-BILL_TYPES-valueHelpDialog-smartFilterBar-btnBasicSearch","searchOpenDialogs":true,"interaction":{"idSuffix":"I"}},"clearTextFirst":true,"interactionType":"ENTER_TEXT"}]}
COMMAND: POST /session/0ffaedec2ff4d329b9cb85ca897a1301/actions - {"actions":[{"id":"action68","type":"key","parameters":{},"actions":[{"type":"keyDown","value":""},{"type":"pause","duration":10},{"type":"keyUp","value":""}]}]}
RESULT: {"actions":[{"id":"action68","type":"key","parameters":{},"actions":[{"type":"keyDown","value":""},{"type":"pause","duration":10},{"type":"keyUp","value":""}]}]}
COMMAND: GET /session/0ffaedec2ff4d329b9cb85ca897a1301/screenshot - {}
RESULT: {}
COMMAND: POST /session/0ffaedec2ff4d329b9cb85ca897a1301/element - {"using":"xpath","value":"//div[contains(@id, 'application-manageconditionprice-display-component---conditions--smartFilterBar-filterItemControl_BASIC-BILL_TYPES-valueHelpDialog-table-rowsel0')]"}
RESULT: {"using":"xpath","value":"//div[contains(@id, 'application-manageconditionprice-display-component---conditions--smartFilterBar-filterItemControl_BASIC-BILL_TYPES-valueHelpDialog-table-rowsel0')]"}
COMMAND: POST /session/0ffaedec2ff4d329b9cb85ca897a1301/element/f.9119AA68FED8A447B03A71089BFD3ED7.d.86E1072B35FDB09D34195241AFA53C6B.e.19950/click - {}
RESULT: {}
COMMAND: GET /session/0ffaedec2ff4d329b9cb85ca897a1301/screenshot - {}
RESULT: {}
COMMAND: POST /session/0ffaedec2ff4d329b9cb85ca897a1301/element - {"using":"xpath","value":"//bdi[contains(text(), \"OK\")]"}
RESULT: {"using":"xpath","value":"//bdi[contains(text(), \"OK\")]"}
COMMAND: POST /session/0ffaedec2ff4d329b9cb85ca897a1301/element/f.9119AA68FED8A447B03A71089BFD3ED7.d.86E1072B35FDB09D34195241AFA53C6B.e.19952/click - {}
RESULT: {}
COMMAND: GET /session/0ffaedec2ff4d329b9cb85ca897a1301/screenshot - {}
RESULT: {}
COMMAND: POST /session/0ffaedec2ff4d329b9cb85ca897a1301/element - {"using":"xpath","value":"//span[@id=\"application-manageconditionprice-display-component---conditions--smartTable-header-inner\"]"}
RESULT: {"using":"xpath","value":"//span[@id=\"application-manageconditionprice-display-component---conditions--smartTable-header-inner\"]"}
COMMAND: POST /session/0ffaedec2ff4d329b9cb85ca897a1301/elements - {"using":"xpath","value":"//span[@id=\"application-manageconditionprice-display-component---conditions--smartTable-header-inner\"]"}
RESULT: {"using":"xpath","value":"//span[@id=\"application-manageconditionprice-display-component---conditions--smartTable-header-inner\"]"}
COMMAND: POST /session/0ffaedec2ff4d329b9cb85ca897a1301/execute/sync - {"script":"<script> [56 bytes]","args":[{"element-6066-11e4-a52e-4f735466cecf":"f.9119AA68FED8A447B03A71089BFD3ED7.d.86E1072B35FDB09D34195241AFA53C6B.e.19955","ELEMENT":"f.9119AA68FED8A447B03A71089BFD3ED7.d.86E1072B35FDB09D34195241AFA53C6B.e.19955"}]}
RESULT: {"script":"<script> [56 bytes]","args":[{"element-6066-11e4-a52e-4f735466cecf":"f.9119AA68FED8A447B03A71089BFD3ED7.d.86E1072B35FDB09D34195241AFA53C6B.e.19955","ELEMENT":"f.9119AA68FED8A447B03A71089BFD3ED7.d.86E1072B35FDB09D34195241AFA53C6B.e.19955"}]}
COMMAND: POST /session/0ffaedec2ff4d329b9cb85ca897a1301/element - {"using":"css selector","value":"#shell-header-logo"}
COMMAND: GET /session/0ffaedec2ff4d329b9cb85ca897a1301/screenshot - {}
RESULT: {"using":"css selector","value":"#shell-header-logo"}
COMMAND: POST /session/0ffaedec2ff4d329b9cb85ca897a1301/element/f.9119AA68FED8A447B03A71089BFD3ED7.d.86E1072B35FDB09D34195241AFA53C6B.e.19675/click - {}
RESULT: {}
RESULT: {}
COMMAND: GET /session/0ffaedec2ff4d329b9cb85ca897a1301/screenshot - {}
RESULT: {}
]]></system-out>
    </testcase>
    <testcase classname="chrome.136_0_7103_93.windows.Create_Reverse_Billing_US127248" name="Should do a stock increase handover" time="87.428">
      <system-out><![CDATA[
COMMAND: POST /session/0ffaedec2ff4d329b9cb85ca897a1301/execute/async - {"script":"<script> [1562 bytes]","args":[{"selector":{"controlType":"sap.m.GenericTile","properties":{"header":"Manage Handovers"}},"wdio_ui5_key":"sapm.GenericTile{\"header\":\"Manage Handovers\"}"}]}
RESULT: {"script":"<script> [1562 bytes]","args":[{"selector":{"controlType":"sap.m.GenericTile","properties":{"header":"Manage Handovers"}},"wdio_ui5_key":"sapm.GenericTile{\"header\":\"Manage Handovers\"}"}]}
RESULT: undefined
COMMAND: POST /session/0ffaedec2ff4d329b9cb85ca897a1301/element - {"using":"xpath","value":"//*[@id=\"__tile131\"]"}
RESULT: {"using":"xpath","value":"//*[@id=\"__tile131\"]"}
COMMAND: POST /session/0ffaedec2ff4d329b9cb85ca897a1301/element/f.9119AA68FED8A447B03A71089BFD3ED7.d.86E1072B35FDB09D34195241AFA53C6B.e.18744/click - {}
RESULT: {}
COMMAND: GET /session/0ffaedec2ff4d329b9cb85ca897a1301/screenshot - {}
RESULT: {}
COMMAND: POST /session/0ffaedec2ff4d329b9cb85ca897a1301/elements - {"using":"xpath","value":"//span[text()='Error']"}
RESULT: {"using":"xpath","value":"//span[text()='Error']"}
COMMAND: POST /session/0ffaedec2ff4d329b9cb85ca897a1301/element - {"using":"xpath","value":"//button[@data-kt=\"masterHOAddButton\"]"}
RESULT: {"using":"xpath","value":"//button[@data-kt=\"masterHOAddButton\"]"}
COMMAND: POST /session/0ffaedec2ff4d329b9cb85ca897a1301/elements - {"using":"xpath","value":"//button[@data-kt=\"masterHOAddButton\"]"}
RESULT: {"using":"xpath","value":"//button[@data-kt=\"masterHOAddButton\"]"}
COMMAND: POST /session/0ffaedec2ff4d329b9cb85ca897a1301/execute/sync - {"script":"<script> [8489 bytes]","args":[{"element-6066-11e4-a52e-4f735466cecf":"f.9119AA68FED8A447B03A71089BFD3ED7.d.86E1072B35FDB09D34195241AFA53C6B.e.19992","ELEMENT":"f.9119AA68FED8A447B03A71089BFD3ED7.d.86E1072B35FDB09D34195241AFA53C6B.e.19992"}]}
RESULT: {"script":"<script> [8489 bytes]","args":[{"element-6066-11e4-a52e-4f735466cecf":"f.9119AA68FED8A447B03A71089BFD3ED7.d.86E1072B35FDB09D34195241AFA53C6B.e.19992","ELEMENT":"f.9119AA68FED8A447B03A71089BFD3ED7.d.86E1072B35FDB09D34195241AFA53C6B.e.19992"}]}
COMMAND: GET /session/0ffaedec2ff4d329b9cb85ca897a1301/element/f.9119AA68FED8A447B03A71089BFD3ED7.d.86E1072B35FDB09D34195241AFA53C6B.e.19992/enabled - {}
COMMAND: GET /session/0ffaedec2ff4d329b9cb85ca897a1301/screenshot - {}
RESULT: {}
COMMAND: POST /session/0ffaedec2ff4d329b9cb85ca897a1301/execute/sync - {"script":"<script> [8489 bytes]","args":[{"element-6066-11e4-a52e-4f735466cecf":"f.9119AA68FED8A447B03A71089BFD3ED7.d.86E1072B35FDB09D34195241AFA53C6B.e.19992","ELEMENT":"f.9119AA68FED8A447B03A71089BFD3ED7.d.86E1072B35FDB09D34195241AFA53C6B.e.19992"}]}
COMMAND: GET /session/0ffaedec2ff4d329b9cb85ca897a1301/screenshot - {}
RESULT: {}
RESULT: {"script":"<script> [8489 bytes]","args":[{"element-6066-11e4-a52e-4f735466cecf":"f.9119AA68FED8A447B03A71089BFD3ED7.d.86E1072B35FDB09D34195241AFA53C6B.e.19992","ELEMENT":"f.9119AA68FED8A447B03A71089BFD3ED7.d.86E1072B35FDB09D34195241AFA53C6B.e.19992"}]}
COMMAND: POST /session/0ffaedec2ff4d329b9cb85ca897a1301/execute/sync - {"script":"<script> [5351 bytes]","args":[{"element-6066-11e4-a52e-4f735466cecf":"f.9119AA68FED8A447B03A71089BFD3ED7.d.86E1072B35FDB09D34195241AFA53C6B.e.19992","ELEMENT":"f.9119AA68FED8A447B03A71089BFD3ED7.d.86E1072B35FDB09D34195241AFA53C6B.e.19992"}]}
COMMAND: GET /session/0ffaedec2ff4d329b9cb85ca897a1301/screenshot - {}
RESULT: {}
RESULT: {"script":"<script> [5351 bytes]","args":[{"element-6066-11e4-a52e-4f735466cecf":"f.9119AA68FED8A447B03A71089BFD3ED7.d.86E1072B35FDB09D34195241AFA53C6B.e.19992","ELEMENT":"f.9119AA68FED8A447B03A71089BFD3ED7.d.86E1072B35FDB09D34195241AFA53C6B.e.19992"}]}
COMMAND: POST /session/0ffaedec2ff4d329b9cb85ca897a1301/element/f.9119AA68FED8A447B03A71089BFD3ED7.d.86E1072B35FDB09D34195241AFA53C6B.e.19992/click - {}
COMMAND: GET /session/0ffaedec2ff4d329b9cb85ca897a1301/screenshot - {}
RESULT: {}
RESULT: {}
COMMAND: GET /session/0ffaedec2ff4d329b9cb85ca897a1301/screenshot - {}
RESULT: {}
RESULT: {}
COMMAND: POST /session/0ffaedec2ff4d329b9cb85ca897a1301/element - {"using":"xpath","value":"//span[contains(@id ,\"AddNewHO--typeSelect-arrow\")]"}
RESULT: {"using":"xpath","value":"//span[contains(@id ,\"AddNewHO--typeSelect-arrow\")]"}
COMMAND: POST /session/0ffaedec2ff4d329b9cb85ca897a1301/element/f.9119AA68FED8A447B03A71089BFD3ED7.d.86E1072B35FDB09D34195241AFA53C6B.e.20353/click - {}
RESULT: {}
COMMAND: GET /session/0ffaedec2ff4d329b9cb85ca897a1301/screenshot - {}
RESULT: {}
COMMAND: POST /session/0ffaedec2ff4d329b9cb85ca897a1301/element - {"using":"xpath","value":"(//li[contains(text(), \"stock increase yard\")])[1]"}
RESULT: {"using":"xpath","value":"(//li[contains(text(), \"stock increase yard\")])[1]"}
COMMAND: POST /session/0ffaedec2ff4d329b9cb85ca897a1301/element/f.9119AA68FED8A447B03A71089BFD3ED7.d.86E1072B35FDB09D34195241AFA53C6B.e.20354/click - {}
RESULT: {}
COMMAND: GET /session/0ffaedec2ff4d329b9cb85ca897a1301/screenshot - {}
RESULT: {}
COMMAND: POST /session/0ffaedec2ff4d329b9cb85ca897a1301/execute/async - {"script":"<script> [1562 bytes]","args":[{"selector":{"id":"application-managehandovers-display-component---AddNewHO--dueDate","interaction":{"idSuffix":"inner"}},"wdio_ui5_key":"applicationmanagehandovers-display-component---AddNewHO--dueDate"}]}
RESULT: {"script":"<script> [1562 bytes]","args":[{"selector":{"id":"application-managehandovers-display-component---AddNewHO--dueDate","interaction":{"idSuffix":"inner"}},"wdio_ui5_key":"applicationmanagehandovers-display-component---AddNewHO--dueDate"}]}
RESULT: undefined
COMMAND: POST /session/0ffaedec2ff4d329b9cb85ca897a1301/execute/async - {"script":"<script> [6424 bytes]","args":[{"element-6066-11e4-a52e-4f735466cecf":"f.9119AA68FED8A447B03A71089BFD3ED7.d.86E1072B35FDB09D34195241AFA53C6B.e.20356"},"setValue",["5/26/25"]]}
RESULT: {"script":"<script> [6424 bytes]","args":[{"element-6066-11e4-a52e-4f735466cecf":"f.9119AA68FED8A447B03A71089BFD3ED7.d.86E1072B35FDB09D34195241AFA53C6B.e.20356"},"setValue",["5/26/25"]]}
COMMAND: POST /session/0ffaedec2ff4d329b9cb85ca897a1301/element - {"using":"xpath","value":"//input[@id=\"generalSectionFrg--receiveYard-inner\"]"}
RESULT: {"using":"xpath","value":"//input[@id=\"generalSectionFrg--receiveYard-inner\"]"}
COMMAND: POST /session/0ffaedec2ff4d329b9cb85ca897a1301/element/f.9119AA68FED8A447B03A71089BFD3ED7.d.86E1072B35FDB09D34195241AFA53C6B.e.20362/clear - {}
RESULT: {}
COMMAND: POST /session/0ffaedec2ff4d329b9cb85ca897a1301/element/f.9119AA68FED8A447B03A71089BFD3ED7.d.86E1072B35FDB09D34195241AFA53C6B.e.20362/value - {"text":"348"}
COMMAND: GET /session/0ffaedec2ff4d329b9cb85ca897a1301/screenshot - {}
RESULT: {"text":"348"}
COMMAND: GET /session/0ffaedec2ff4d329b9cb85ca897a1301/screenshot - {}
RESULT: {}
RESULT: {}
COMMAND: POST /session/0ffaedec2ff4d329b9cb85ca897a1301/element - {"using":"xpath","value":"//li[.//span[text()='348']]"}
RESULT: {"using":"xpath","value":"//li[.//span[text()='348']]"}
COMMAND: POST /session/0ffaedec2ff4d329b9cb85ca897a1301/element/f.9119AA68FED8A447B03A71089BFD3ED7.d.86E1072B35FDB09D34195241AFA53C6B.e.20380/click - {}
RESULT: {}
COMMAND: GET /session/0ffaedec2ff4d329b9cb85ca897a1301/screenshot - {}
RESULT: {}
COMMAND: POST /session/0ffaedec2ff4d329b9cb85ca897a1301/execute/async - {"script":"<script> [1562 bytes]","args":[{"selector":{"id":"application-managehandovers-display-component---AddNewHO--ObjectPageLayout-anchBar-application-managehandovers-display-component---AddNewHO--section4-anchor","interaction":{"idSuffix":"BDI-content"}},"wdio_ui5_key":"applicationmanagehandovers-display-component---AddNewHO--ObjectPageLayout-anchBar-application-managehandovers-display-component---AddNewHO--section4-anchor"}]}
RESULT: {"script":"<script> [1562 bytes]","args":[{"selector":{"id":"application-managehandovers-display-component---AddNewHO--ObjectPageLayout-anchBar-application-managehandovers-display-component---AddNewHO--section4-anchor","interaction":{"idSuffix":"BDI-content"}},"wdio_ui5_key":"applicationmanagehandovers-display-component---AddNewHO--ObjectPageLayout-anchBar-application-managehandovers-display-component---AddNewHO--section4-anchor"}]}
RESULT: undefined
COMMAND: POST /session/0ffaedec2ff4d329b9cb85ca897a1301/element - {"using":"xpath","value":"//*[@id=\"application-managehandovers-display-component---AddNewHO--ObjectPageLayout-anchBar-application-managehandovers-display-component---AddNewHO--section4-anchor\"]"}
RESULT: {"using":"xpath","value":"//*[@id=\"application-managehandovers-display-component---AddNewHO--ObjectPageLayout-anchBar-application-managehandovers-display-component---AddNewHO--section4-anchor\"]"}
COMMAND: POST /session/0ffaedec2ff4d329b9cb85ca897a1301/element/f.9119AA68FED8A447B03A71089BFD3ED7.d.86E1072B35FDB09D34195241AFA53C6B.e.20382/click - {}
RESULT: {}
COMMAND: POST /session/0ffaedec2ff4d329b9cb85ca897a1301/element - {"using":"xpath","value":"//button[@aria-label=\"Add\"]"}
COMMAND: GET /session/0ffaedec2ff4d329b9cb85ca897a1301/screenshot - {}
RESULT: {"using":"xpath","value":"//button[@aria-label=\"Add\"]"}
COMMAND: POST /session/0ffaedec2ff4d329b9cb85ca897a1301/element/f.9119AA68FED8A447B03A71089BFD3ED7.d.86E1072B35FDB09D34195241AFA53C6B.e.20384/click - {}
RESULT: {}
RESULT: {}
COMMAND: GET /session/0ffaedec2ff4d329b9cb85ca897a1301/screenshot - {}
RESULT: {}
COMMAND: POST /session/0ffaedec2ff4d329b9cb85ca897a1301/execute/async - {"script":"<script> [1562 bytes]","args":[{"selector":{"id":"application-managehandovers-display-component---AddNewHO--smartFilterBar-btnBasicSearch","searchOpenDialogs":true,"interaction":{"idSuffix":"I"}},"wdio_ui5_key":"applicationmanagehandovers-display-component---AddNewHO--smartFilterBar-btnBasicSearch"}]}
RESULT: {"script":"<script> [1562 bytes]","args":[{"selector":{"id":"application-managehandovers-display-component---AddNewHO--smartFilterBar-btnBasicSearch","searchOpenDialogs":true,"interaction":{"idSuffix":"I"}},"wdio_ui5_key":"applicationmanagehandovers-display-component---AddNewHO--smartFilterBar-btnBasicSearch"}]}
RESULT: undefined
COMMAND: POST /session/0ffaedec2ff4d329b9cb85ca897a1301/execute/async - {"script":"<script> [776 bytes]","args":[{"enterText":"gEw58IWfOv","selector":{"id":"application-managehandovers-display-component---AddNewHO--smartFilterBar-btnBasicSearch","searchOpenDialogs":true,"interaction":{"idSuffix":"I"}},"clearTextFirst":true,"interactionType":"ENTER_TEXT"}]}
RESULT: {"script":"<script> [776 bytes]","args":[{"enterText":"gEw58IWfOv","selector":{"id":"application-managehandovers-display-component---AddNewHO--smartFilterBar-btnBasicSearch","searchOpenDialogs":true,"interaction":{"idSuffix":"I"}},"clearTextFirst":true,"interactionType":"ENTER_TEXT"}]}
COMMAND: POST /session/0ffaedec2ff4d329b9cb85ca897a1301/actions - {"actions":[{"id":"action69","type":"key","parameters":{},"actions":[{"type":"keyDown","value":""},{"type":"pause","duration":10},{"type":"keyUp","value":""}]}]}
RESULT: {"actions":[{"id":"action69","type":"key","parameters":{},"actions":[{"type":"keyDown","value":""},{"type":"pause","duration":10},{"type":"keyUp","value":""}]}]}
COMMAND: GET /session/0ffaedec2ff4d329b9cb85ca897a1301/screenshot - {}
RESULT: {}
COMMAND: POST /session/0ffaedec2ff4d329b9cb85ca897a1301/execute/async - {"script":"<script> [1562 bytes]","args":[{"selector":{"id":"application-managehandovers-display-component---AddNewHO--popup-sa","searchOpenDialogs":true,"interaction":{"idSuffix":"CbBg"}},"wdio_ui5_key":"applicationmanagehandovers-display-component---AddNewHO--popup-sa"}]}
RESULT: {"script":"<script> [1562 bytes]","args":[{"selector":{"id":"application-managehandovers-display-component---AddNewHO--popup-sa","searchOpenDialogs":true,"interaction":{"idSuffix":"CbBg"}},"wdio_ui5_key":"applicationmanagehandovers-display-component---AddNewHO--popup-sa"}]}
RESULT: undefined
COMMAND: POST /session/0ffaedec2ff4d329b9cb85ca897a1301/element - {"using":"xpath","value":"//*[@id=\"application-managehandovers-display-component---AddNewHO--popup-sa\"]"}
RESULT: {"using":"xpath","value":"//*[@id=\"application-managehandovers-display-component---AddNewHO--popup-sa\"]"}
COMMAND: POST /session/0ffaedec2ff4d329b9cb85ca897a1301/element/f.9119AA68FED8A447B03A71089BFD3ED7.d.86E1072B35FDB09D34195241AFA53C6B.e.20537/click - {}
RESULT: {}
COMMAND: GET /session/0ffaedec2ff4d329b9cb85ca897a1301/screenshot - {}
RESULT: {}
COMMAND: POST /session/0ffaedec2ff4d329b9cb85ca897a1301/element - {"using":"xpath","value":"//bdi[contains(text(), \"Select\")]"}
RESULT: {"using":"xpath","value":"//bdi[contains(text(), \"Select\")]"}
COMMAND: POST /session/0ffaedec2ff4d329b9cb85ca897a1301/element/f.9119AA68FED8A447B03A71089BFD3ED7.d.86E1072B35FDB09D34195241AFA53C6B.e.20538/click - {}
RESULT: {}
COMMAND: GET /session/0ffaedec2ff4d329b9cb85ca897a1301/screenshot - {}
RESULT: {}
COMMAND: POST /session/0ffaedec2ff4d329b9cb85ca897a1301/element - {"using":"xpath","value":"//button[@data-kt=\"AddNewHOSaveButton\"]"}
RESULT: {"using":"xpath","value":"//button[@data-kt=\"AddNewHOSaveButton\"]"}
COMMAND: POST /session/0ffaedec2ff4d329b9cb85ca897a1301/element/f.9119AA68FED8A447B03A71089BFD3ED7.d.86E1072B35FDB09D34195241AFA53C6B.e.20542/click - {}
RESULT: {}
COMMAND: GET /session/0ffaedec2ff4d329b9cb85ca897a1301/screenshot - {}
RESULT: {}
COMMAND: POST /session/0ffaedec2ff4d329b9cb85ca897a1301/execute/async - {"script":"<script> [1562 bytes]","args":[{"selector":{"id":"receiptDatePicker","viewName":"etm.portal.ui.managehandovers.view.DetailExecuteHO","interaction":{"idSuffix":"inner"}},"wdio_ui5_key":"receiptDatePickeretmportal.ui.managehandovers.view.DetailExecuteHO"}]}
RESULT: {"script":"<script> [1562 bytes]","args":[{"selector":{"id":"receiptDatePicker","viewName":"etm.portal.ui.managehandovers.view.DetailExecuteHO","interaction":{"idSuffix":"inner"}},"wdio_ui5_key":"receiptDatePickeretmportal.ui.managehandovers.view.DetailExecuteHO"}]}
RESULT: undefined
COMMAND: POST /session/0ffaedec2ff4d329b9cb85ca897a1301/execute/async - {"script":"<script> [6424 bytes]","args":[{"element-6066-11e4-a52e-4f735466cecf":"f.9119AA68FED8A447B03A71089BFD3ED7.d.86E1072B35FDB09D34195241AFA53C6B.e.20571"},"setValue",["5/26/25"]]}
RESULT: {"script":"<script> [6424 bytes]","args":[{"element-6066-11e4-a52e-4f735466cecf":"f.9119AA68FED8A447B03A71089BFD3ED7.d.86E1072B35FDB09D34195241AFA53C6B.e.20571"},"setValue",["5/26/25"]]}
COMMAND: POST /session/0ffaedec2ff4d329b9cb85ca897a1301/element - {"using":"xpath","value":"//button[@data-kt=\"ReceivingTableConfirmAllButton\"]"}
RESULT: {"using":"xpath","value":"//button[@data-kt=\"ReceivingTableConfirmAllButton\"]"}
COMMAND: POST /session/0ffaedec2ff4d329b9cb85ca897a1301/element/f.9119AA68FED8A447B03A71089BFD3ED7.d.86E1072B35FDB09D34195241AFA53C6B.e.20586/click - {}
RESULT: {}
COMMAND: GET /session/0ffaedec2ff4d329b9cb85ca897a1301/screenshot - {}
RESULT: {}
COMMAND: POST /session/0ffaedec2ff4d329b9cb85ca897a1301/element - {"using":"xpath","value":"//bdi[contains(text(), \"OK\")]"}
RESULT: {"using":"xpath","value":"//bdi[contains(text(), \"OK\")]"}
COMMAND: POST /session/0ffaedec2ff4d329b9cb85ca897a1301/element/f.9119AA68FED8A447B03A71089BFD3ED7.d.86E1072B35FDB09D34195241AFA53C6B.e.20588/click - {}
RESULT: {}
COMMAND: GET /session/0ffaedec2ff4d329b9cb85ca897a1301/screenshot - {}
RESULT: {}
COMMAND: POST /session/0ffaedec2ff4d329b9cb85ca897a1301/element - {"using":"xpath","value":"(//bdi[contains(text(), \"Receive\")])[2]"}
RESULT: {"using":"xpath","value":"(//bdi[contains(text(), \"Receive\")])[2]"}
COMMAND: POST /session/0ffaedec2ff4d329b9cb85ca897a1301/element/f.9119AA68FED8A447B03A71089BFD3ED7.d.86E1072B35FDB09D34195241AFA53C6B.e.20590/click - {}
RESULT: {}
COMMAND: GET /session/0ffaedec2ff4d329b9cb85ca897a1301/screenshot - {}
RESULT: {}
COMMAND: POST /session/0ffaedec2ff4d329b9cb85ca897a1301/element - {"using":"css selector","value":"#shell-header-logo"}
RESULT: {"using":"css selector","value":"#shell-header-logo"}
COMMAND: POST /session/0ffaedec2ff4d329b9cb85ca897a1301/element/f.9119AA68FED8A447B03A71089BFD3ED7.d.86E1072B35FDB09D34195241AFA53C6B.e.19961/click - {}
RESULT: {}
COMMAND: GET /session/0ffaedec2ff4d329b9cb85ca897a1301/screenshot - {}
RESULT: {}
]]></system-out>
    </testcase>
    <testcase classname="chrome.136_0_7103_93.windows.Create_Reverse_Billing_US127248" name="Should create a new contract" time="57.974">
      <system-out><![CDATA[
COMMAND: POST /session/0ffaedec2ff4d329b9cb85ca897a1301/execute/async - {"script":"<script> [1562 bytes]","args":[{"selector":{"controlType":"sap.m.GenericTile","properties":{"header":"Manage Contracts"}},"wdio_ui5_key":"sapm.GenericTile{\"header\":\"Manage Contracts\"}"}]}
RESULT: {"script":"<script> [1562 bytes]","args":[{"selector":{"controlType":"sap.m.GenericTile","properties":{"header":"Manage Contracts"}},"wdio_ui5_key":"sapm.GenericTile{\"header\":\"Manage Contracts\"}"}]}
RESULT: undefined
COMMAND: POST /session/0ffaedec2ff4d329b9cb85ca897a1301/element - {"using":"xpath","value":"//*[@id=\"__tile130\"]"}
RESULT: {"using":"xpath","value":"//*[@id=\"__tile130\"]"}
COMMAND: POST /session/0ffaedec2ff4d329b9cb85ca897a1301/element/f.9119AA68FED8A447B03A71089BFD3ED7.d.86E1072B35FDB09D34195241AFA53C6B.e.18672/click - {}
RESULT: {}
COMMAND: GET /session/0ffaedec2ff4d329b9cb85ca897a1301/screenshot - {}
RESULT: {}
COMMAND: POST /session/0ffaedec2ff4d329b9cb85ca897a1301/elements - {"using":"xpath","value":"//span[text()='Error']"}
RESULT: {"using":"xpath","value":"//span[text()='Error']"}
COMMAND: POST /session/0ffaedec2ff4d329b9cb85ca897a1301/element - {"using":"xpath","value":"//button[@data-kt=\"addButton\"]"}
RESULT: {"using":"xpath","value":"//button[@data-kt=\"addButton\"]"}
COMMAND: POST /session/0ffaedec2ff4d329b9cb85ca897a1301/elements - {"using":"xpath","value":"//button[@data-kt=\"addButton\"]"}
RESULT: {"using":"xpath","value":"//button[@data-kt=\"addButton\"]"}
COMMAND: POST /session/0ffaedec2ff4d329b9cb85ca897a1301/execute/sync - {"script":"<script> [8489 bytes]","args":[{"element-6066-11e4-a52e-4f735466cecf":"f.9119AA68FED8A447B03A71089BFD3ED7.d.86E1072B35FDB09D34195241AFA53C6B.e.20807","ELEMENT":"f.9119AA68FED8A447B03A71089BFD3ED7.d.86E1072B35FDB09D34195241AFA53C6B.e.20807"}]}
RESULT: {"script":"<script> [8489 bytes]","args":[{"element-6066-11e4-a52e-4f735466cecf":"f.9119AA68FED8A447B03A71089BFD3ED7.d.86E1072B35FDB09D34195241AFA53C6B.e.20807","ELEMENT":"f.9119AA68FED8A447B03A71089BFD3ED7.d.86E1072B35FDB09D34195241AFA53C6B.e.20807"}]}
COMMAND: GET /session/0ffaedec2ff4d329b9cb85ca897a1301/element/f.9119AA68FED8A447B03A71089BFD3ED7.d.86E1072B35FDB09D34195241AFA53C6B.e.20807/enabled - {}
COMMAND: GET /session/0ffaedec2ff4d329b9cb85ca897a1301/screenshot - {}
RESULT: {}
COMMAND: POST /session/0ffaedec2ff4d329b9cb85ca897a1301/execute/sync - {"script":"<script> [8489 bytes]","args":[{"element-6066-11e4-a52e-4f735466cecf":"f.9119AA68FED8A447B03A71089BFD3ED7.d.86E1072B35FDB09D34195241AFA53C6B.e.20807","ELEMENT":"f.9119AA68FED8A447B03A71089BFD3ED7.d.86E1072B35FDB09D34195241AFA53C6B.e.20807"}]}
COMMAND: GET /session/0ffaedec2ff4d329b9cb85ca897a1301/screenshot - {}
RESULT: {}
RESULT: {"script":"<script> [8489 bytes]","args":[{"element-6066-11e4-a52e-4f735466cecf":"f.9119AA68FED8A447B03A71089BFD3ED7.d.86E1072B35FDB09D34195241AFA53C6B.e.20807","ELEMENT":"f.9119AA68FED8A447B03A71089BFD3ED7.d.86E1072B35FDB09D34195241AFA53C6B.e.20807"}]}
COMMAND: POST /session/0ffaedec2ff4d329b9cb85ca897a1301/execute/sync - {"script":"<script> [5351 bytes]","args":[{"element-6066-11e4-a52e-4f735466cecf":"f.9119AA68FED8A447B03A71089BFD3ED7.d.86E1072B35FDB09D34195241AFA53C6B.e.20807","ELEMENT":"f.9119AA68FED8A447B03A71089BFD3ED7.d.86E1072B35FDB09D34195241AFA53C6B.e.20807"}]}
COMMAND: GET /session/0ffaedec2ff4d329b9cb85ca897a1301/screenshot - {}
RESULT: {}
RESULT: {"script":"<script> [5351 bytes]","args":[{"element-6066-11e4-a52e-4f735466cecf":"f.9119AA68FED8A447B03A71089BFD3ED7.d.86E1072B35FDB09D34195241AFA53C6B.e.20807","ELEMENT":"f.9119AA68FED8A447B03A71089BFD3ED7.d.86E1072B35FDB09D34195241AFA53C6B.e.20807"}]}
COMMAND: GET /session/0ffaedec2ff4d329b9cb85ca897a1301/screenshot - {}
RESULT: {}
RESULT: {}
COMMAND: POST /session/0ffaedec2ff4d329b9cb85ca897a1301/element/f.9119AA68FED8A447B03A71089BFD3ED7.d.86E1072B35FDB09D34195241AFA53C6B.e.20807/click - {}
RESULT: {}
COMMAND: GET /session/0ffaedec2ff4d329b9cb85ca897a1301/screenshot - {}
COMMAND: POST /session/0ffaedec2ff4d329b9cb85ca897a1301/execute/async - {"script":"<script> [1562 bytes]","args":[{"selector":{"id":"application-managecontracts-display-component---AddNewContract--projectDescription","interaction":{"idSuffix":"inner"}},"wdio_ui5_key":"applicationmanagecontracts-display-component---AddNewContract--projectDescription"}]}
RESULT: {}
RESULT: {"script":"<script> [1562 bytes]","args":[{"selector":{"id":"application-managecontracts-display-component---AddNewContract--projectDescription","interaction":{"idSuffix":"inner"}},"wdio_ui5_key":"applicationmanagecontracts-display-component---AddNewContract--projectDescription"}]}
RESULT: undefined
COMMAND: POST /session/0ffaedec2ff4d329b9cb85ca897a1301/execute/async - {"script":"<script> [776 bytes]","args":[{"enterText":"Contract WDIO","selector":{"id":"application-managecontracts-display-component---AddNewContract--projectDescription","interaction":{"idSuffix":"inner"}},"clearTextFirst":true,"interactionType":"ENTER_TEXT"}]}
RESULT: {"script":"<script> [776 bytes]","args":[{"enterText":"Contract WDIO","selector":{"id":"application-managecontracts-display-component---AddNewContract--projectDescription","interaction":{"idSuffix":"inner"}},"clearTextFirst":true,"interactionType":"ENTER_TEXT"}]}
COMMAND: POST /session/0ffaedec2ff4d329b9cb85ca897a1301/element - {"using":"xpath","value":"//input[@id=\"application-managecontracts-display-component---AddNewContract--site-inner\"]"}
RESULT: {"using":"xpath","value":"//input[@id=\"application-managecontracts-display-component---AddNewContract--site-inner\"]"}
COMMAND: POST /session/0ffaedec2ff4d329b9cb85ca897a1301/element/f.9119AA68FED8A447B03A71089BFD3ED7.d.86E1072B35FDB09D34195241AFA53C6B.e.21127/clear - {}
RESULT: {}
COMMAND: POST /session/0ffaedec2ff4d329b9cb85ca897a1301/element/f.9119AA68FED8A447B03A71089BFD3ED7.d.86E1072B35FDB09D34195241AFA53C6B.e.21127/value - {"text":"2165"}
COMMAND: GET /session/0ffaedec2ff4d329b9cb85ca897a1301/screenshot - {}
RESULT: {"text":"2165"}
COMMAND: GET /session/0ffaedec2ff4d329b9cb85ca897a1301/screenshot - {}
RESULT: {}
RESULT: {}
COMMAND: POST /session/0ffaedec2ff4d329b9cb85ca897a1301/element - {"using":"xpath","value":"//li[.//span[text()='2165']]"}
RESULT: {"using":"xpath","value":"//li[.//span[text()='2165']]"}
COMMAND: POST /session/0ffaedec2ff4d329b9cb85ca897a1301/element/f.9119AA68FED8A447B03A71089BFD3ED7.d.86E1072B35FDB09D34195241AFA53C6B.e.21210/click - {}
RESULT: {}
COMMAND: GET /session/0ffaedec2ff4d329b9cb85ca897a1301/screenshot - {}
RESULT: {}
COMMAND: POST /session/0ffaedec2ff4d329b9cb85ca897a1301/element - {"using":"xpath","value":"//input[@id=\"application-managecontracts-display-component---AddNewContract--yardId-inner\"]"}
RESULT: {"using":"xpath","value":"//input[@id=\"application-managecontracts-display-component---AddNewContract--yardId-inner\"]"}
COMMAND: GET /session/0ffaedec2ff4d329b9cb85ca897a1301/element/f.9119AA68FED8A447B03A71089BFD3ED7.d.86E1072B35FDB09D34195241AFA53C6B.e.21128/property/value - {}
RESULT: {}
COMMAND: POST /session/0ffaedec2ff4d329b9cb85ca897a1301/element - {"using":"xpath","value":"//input[@id=\"application-managecontracts-display-component---AddNewContract--customerSelect-inner\"]"}
COMMAND: GET /session/0ffaedec2ff4d329b9cb85ca897a1301/screenshot - {}
RESULT: {"using":"xpath","value":"//input[@id=\"application-managecontracts-display-component---AddNewContract--customerSelect-inner\"]"}
COMMAND: POST /session/0ffaedec2ff4d329b9cb85ca897a1301/element/f.9119AA68FED8A447B03A71089BFD3ED7.d.86E1072B35FDB09D34195241AFA53C6B.e.21126/clear - {}
RESULT: {}
RESULT: {}
COMMAND: POST /session/0ffaedec2ff4d329b9cb85ca897a1301/element/f.9119AA68FED8A447B03A71089BFD3ED7.d.86E1072B35FDB09D34195241AFA53C6B.e.21126/value - {"text":"1179"}
COMMAND: GET /session/0ffaedec2ff4d329b9cb85ca897a1301/screenshot - {}
RESULT: {"text":"1179"}
COMMAND: GET /session/0ffaedec2ff4d329b9cb85ca897a1301/screenshot - {}
RESULT: {}
RESULT: {}
COMMAND: POST /session/0ffaedec2ff4d329b9cb85ca897a1301/element - {"using":"xpath","value":"//li[.//span[text()='1179']]"}
RESULT: {"using":"xpath","value":"//li[.//span[text()='1179']]"}
COMMAND: POST /session/0ffaedec2ff4d329b9cb85ca897a1301/element/f.9119AA68FED8A447B03A71089BFD3ED7.d.86E1072B35FDB09D34195241AFA53C6B.e.21213/click - {}
RESULT: {}
COMMAND: GET /session/0ffaedec2ff4d329b9cb85ca897a1301/screenshot - {}
RESULT: {}
COMMAND: POST /session/0ffaedec2ff4d329b9cb85ca897a1301/element - {"using":"xpath","value":"//button[@data-kt=\"saveButton\"]"}
RESULT: {"using":"xpath","value":"//button[@data-kt=\"saveButton\"]"}
COMMAND: POST /session/0ffaedec2ff4d329b9cb85ca897a1301/element/f.9119AA68FED8A447B03A71089BFD3ED7.d.86E1072B35FDB09D34195241AFA53C6B.e.21203/click - {}
RESULT: {}
COMMAND: GET /session/0ffaedec2ff4d329b9cb85ca897a1301/screenshot - {}
RESULT: {}
COMMAND: POST /session/0ffaedec2ff4d329b9cb85ca897a1301/element - {"using":"xpath","value":"//span[contains(@id ,\"contractDetailTitleNoExpanded\")]"}
RESULT: {"using":"xpath","value":"//span[contains(@id ,\"contractDetailTitleNoExpanded\")]"}
COMMAND: POST /session/0ffaedec2ff4d329b9cb85ca897a1301/elements - {"using":"xpath","value":"//span[contains(@id ,\"contractDetailTitleNoExpanded\")]"}
RESULT: {"using":"xpath","value":"//span[contains(@id ,\"contractDetailTitleNoExpanded\")]"}
COMMAND: POST /session/0ffaedec2ff4d329b9cb85ca897a1301/execute/sync - {"script":"<script> [56 bytes]","args":[{"element-6066-11e4-a52e-4f735466cecf":"f.9119AA68FED8A447B03A71089BFD3ED7.d.86E1072B35FDB09D34195241AFA53C6B.e.21281","ELEMENT":"f.9119AA68FED8A447B03A71089BFD3ED7.d.86E1072B35FDB09D34195241AFA53C6B.e.21281"}]}
RESULT: {"script":"<script> [56 bytes]","args":[{"element-6066-11e4-a52e-4f735466cecf":"f.9119AA68FED8A447B03A71089BFD3ED7.d.86E1072B35FDB09D34195241AFA53C6B.e.21281","ELEMENT":"f.9119AA68FED8A447B03A71089BFD3ED7.d.86E1072B35FDB09D34195241AFA53C6B.e.21281"}]}
COMMAND: GET /session/0ffaedec2ff4d329b9cb85ca897a1301/screenshot - {}
RESULT: {}
]]></system-out>
    </testcase>
    <testcase classname="chrome.136_0_7103_93.windows.Create_Reverse_Billing_US127248" name="Should add equipment to the contract" time="47.376">
      <system-out><![CDATA[
COMMAND: POST /session/0ffaedec2ff4d329b9cb85ca897a1301/element - {"using":"xpath","value":"//button[@data-kt=\"contractDetailEditBtnButton\"]"}
RESULT: {"using":"xpath","value":"//button[@data-kt=\"contractDetailEditBtnButton\"]"}
COMMAND: POST /session/0ffaedec2ff4d329b9cb85ca897a1301/element/f.9119AA68FED8A447B03A71089BFD3ED7.d.86E1072B35FDB09D34195241AFA53C6B.e.21284/click - {}
RESULT: {}
COMMAND: GET /session/0ffaedec2ff4d329b9cb85ca897a1301/screenshot - {}
RESULT: {}
COMMAND: POST /session/0ffaedec2ff4d329b9cb85ca897a1301/element - {"using":"xpath","value":"(//span[contains(text(), \"Additional Addresses\")])[2]"}
RESULT: {"using":"xpath","value":"(//span[contains(text(), \"Additional Addresses\")])[2]"}
COMMAND: POST /session/0ffaedec2ff4d329b9cb85ca897a1301/element/f.9119AA68FED8A447B03A71089BFD3ED7.d.86E1072B35FDB09D34195241AFA53C6B.e.21339/click - {}
RESULT: {}
COMMAND: GET /session/0ffaedec2ff4d329b9cb85ca897a1301/screenshot - {}
RESULT: {}
COMMAND: POST /session/0ffaedec2ff4d329b9cb85ca897a1301/element - {"using":"xpath","value":"//button[@data-kt=\"btnAddTableRowOverflowToolbarButton\"]"}
RESULT: {"using":"xpath","value":"//button[@data-kt=\"btnAddTableRowOverflowToolbarButton\"]"}
COMMAND: POST /session/0ffaedec2ff4d329b9cb85ca897a1301/element/f.9119AA68FED8A447B03A71089BFD3ED7.d.86E1072B35FDB09D34195241AFA53C6B.e.21342/click - {}
RESULT: {}
COMMAND: GET /session/0ffaedec2ff4d329b9cb85ca897a1301/screenshot - {}
RESULT: {}
COMMAND: POST /session/0ffaedec2ff4d329b9cb85ca897a1301/element - {"using":"xpath","value":"//div[(text() = 'Standard Entry' or . = 'Standard Entry')]"}
RESULT: {"using":"xpath","value":"//div[(text() = 'Standard Entry' or . = 'Standard Entry')]"}
COMMAND: POST /session/0ffaedec2ff4d329b9cb85ca897a1301/element/f.9119AA68FED8A447B03A71089BFD3ED7.d.86E1072B35FDB09D34195241AFA53C6B.e.21344/click - {}
RESULT: {}
COMMAND: GET /session/0ffaedec2ff4d329b9cb85ca897a1301/screenshot - {}
RESULT: {}
COMMAND: POST /session/0ffaedec2ff4d329b9cb85ca897a1301/element - {"using":"xpath","value":"//td[7]/div/div/input"}
RESULT: {"using":"xpath","value":"//td[7]/div/div/input"}
COMMAND: POST /session/0ffaedec2ff4d329b9cb85ca897a1301/element/f.9119AA68FED8A447B03A71089BFD3ED7.d.86E1072B35FDB09D34195241AFA53C6B.e.21353/clear - {}
RESULT: {}
COMMAND: POST /session/0ffaedec2ff4d329b9cb85ca897a1301/element/f.9119AA68FED8A447B03A71089BFD3ED7.d.86E1072B35FDB09D34195241AFA53C6B.e.21353/value - {"text":"gEw58IWfOv"}
COMMAND: GET /session/0ffaedec2ff4d329b9cb85ca897a1301/screenshot - {}
RESULT: {"text":"gEw58IWfOv"}
COMMAND: GET /session/0ffaedec2ff4d329b9cb85ca897a1301/screenshot - {}
RESULT: {}
RESULT: {}
COMMAND: POST /session/0ffaedec2ff4d329b9cb85ca897a1301/actions - {"actions":[{"id":"action70","type":"key","parameters":{},"actions":[{"type":"keyDown","value":""},{"type":"pause","duration":10},{"type":"keyUp","value":""}]}]}
RESULT: {"actions":[{"id":"action70","type":"key","parameters":{},"actions":[{"type":"keyDown","value":""},{"type":"pause","duration":10},{"type":"keyUp","value":""}]}]}
COMMAND: GET /session/0ffaedec2ff4d329b9cb85ca897a1301/screenshot - {}
RESULT: {}
COMMAND: POST /session/0ffaedec2ff4d329b9cb85ca897a1301/execute/sync - {"script":"<script> [276 bytes]","args":["No pricing information was found"]}
RESULT: {"script":"<script> [276 bytes]","args":["No pricing information was found"]}
COMMAND: POST /session/0ffaedec2ff4d329b9cb85ca897a1301/element - {"using":"xpath","value":"(//button[@data-kt=\"saveButton\"])[2]"}
COMMAND: GET /session/0ffaedec2ff4d329b9cb85ca897a1301/screenshot - {}
RESULT: {"using":"xpath","value":"(//button[@data-kt=\"saveButton\"])[2]"}
COMMAND: POST /session/0ffaedec2ff4d329b9cb85ca897a1301/element/f.9119AA68FED8A447B03A71089BFD3ED7.d.86E1072B35FDB09D34195241AFA53C6B.e.21368/click - {}
RESULT: {}
RESULT: {}
COMMAND: GET /session/0ffaedec2ff4d329b9cb85ca897a1301/screenshot - {}
RESULT: {}
COMMAND: POST /session/0ffaedec2ff4d329b9cb85ca897a1301/execute/sync - {"script":"<script> [276 bytes]","args":["Some contract items are having rental validity exceeding header rental validity"]}
RESULT: {"script":"<script> [276 bytes]","args":["Some contract items are having rental validity exceeding header rental validity"]}
COMMAND: GET /session/0ffaedec2ff4d329b9cb85ca897a1301/screenshot - {}
RESULT: {}
COMMAND: POST /session/0ffaedec2ff4d329b9cb85ca897a1301/element - {"using":"xpath","value":"//span[contains(@id ,\"contractItemsSmartTable-header-inner\")]"}
RESULT: {"using":"xpath","value":"//span[contains(@id ,\"contractItemsSmartTable-header-inner\")]"}
COMMAND: POST /session/0ffaedec2ff4d329b9cb85ca897a1301/elements - {"using":"xpath","value":"//span[contains(@id ,\"contractItemsSmartTable-header-inner\")]"}
RESULT: {"using":"xpath","value":"//span[contains(@id ,\"contractItemsSmartTable-header-inner\")]"}
COMMAND: POST /session/0ffaedec2ff4d329b9cb85ca897a1301/execute/sync - {"script":"<script> [56 bytes]","args":[{"element-6066-11e4-a52e-4f735466cecf":"f.9119AA68FED8A447B03A71089BFD3ED7.d.86E1072B35FDB09D34195241AFA53C6B.e.21373","ELEMENT":"f.9119AA68FED8A447B03A71089BFD3ED7.d.86E1072B35FDB09D34195241AFA53C6B.e.21373"}]}
RESULT: {"script":"<script> [56 bytes]","args":[{"element-6066-11e4-a52e-4f735466cecf":"f.9119AA68FED8A447B03A71089BFD3ED7.d.86E1072B35FDB09D34195241AFA53C6B.e.21373","ELEMENT":"f.9119AA68FED8A447B03A71089BFD3ED7.d.86E1072B35FDB09D34195241AFA53C6B.e.21373"}]}
]]></system-out>
    </testcase>
    <testcase classname="chrome.136_0_7103_93.windows.Create_Reverse_Billing_US127248" name="Should do a provide to site handover" time="54.643">
      <system-out><![CDATA[
COMMAND: POST /session/0ffaedec2ff4d329b9cb85ca897a1301/element - {"using":"xpath","value":"//button[@data-kt=\"provideButton\"]"}
COMMAND: GET /session/0ffaedec2ff4d329b9cb85ca897a1301/screenshot - {}
RESULT: {"using":"xpath","value":"//button[@data-kt=\"provideButton\"]"}
COMMAND: POST /session/0ffaedec2ff4d329b9cb85ca897a1301/element/f.9119AA68FED8A447B03A71089BFD3ED7.d.86E1072B35FDB09D34195241AFA53C6B.e.21374/click - {}
RESULT: {}
RESULT: {}
COMMAND: GET /session/0ffaedec2ff4d329b9cb85ca897a1301/screenshot - {}
RESULT: undefined
COMMAND: POST /session/0ffaedec2ff4d329b9cb85ca897a1301/execute/async - {"script":"<script> [6424 bytes]","args":[{"element-6066-11e4-a52e-4f735466cecf":"f.9119AA68FED8A447B03A71089BFD3ED7.d.86E1072B35FDB09D34195241AFA53C6B.e.20356"},"setValue",["5/26/25"]]}
RESULT: {}
COMMAND: POST /session/0ffaedec2ff4d329b9cb85ca897a1301/execute/async - {"script":"<script> [1562 bytes]","args":[{"selector":{"id":"application-managehandovers-display-component---AddNewHO--dueDate","interaction":{"idSuffix":"inner"}},"wdio_ui5_key":"applicationmanagehandovers-display-component---AddNewHO--dueDate"}]}
RESULT: {"script":"<script> [1562 bytes]","args":[{"selector":{"id":"application-managehandovers-display-component---AddNewHO--dueDate","interaction":{"idSuffix":"inner"}},"wdio_ui5_key":"applicationmanagehandovers-display-component---AddNewHO--dueDate"}]}
COMMAND: POST /session/0ffaedec2ff4d329b9cb85ca897a1301/execute/async - {"script":"<script> [6424 bytes]","args":[{"element-6066-11e4-a52e-4f735466cecf":"f.9119AA68FED8A447B03A71089BFD3ED7.d.86E1072B35FDB09D34195241AFA53C6B.e.21431"},"setValue",["5/26/25"]]}
RESULT: {"script":"<script> [6424 bytes]","args":[{"element-6066-11e4-a52e-4f735466cecf":"f.9119AA68FED8A447B03A71089BFD3ED7.d.86E1072B35FDB09D34195241AFA53C6B.e.21431"},"setValue",["5/26/25"]]}
COMMAND: POST /session/0ffaedec2ff4d329b9cb85ca897a1301/element - {"using":"xpath","value":"//bdi[contains(text(), \"Instructions\")]"}
RESULT: {"using":"xpath","value":"//bdi[contains(text(), \"Instructions\")]"}
COMMAND: POST /session/0ffaedec2ff4d329b9cb85ca897a1301/element/f.9119AA68FED8A447B03A71089BFD3ED7.d.86E1072B35FDB09D34195241AFA53C6B.e.21558/click - {}
RESULT: {}
COMMAND: GET /session/0ffaedec2ff4d329b9cb85ca897a1301/screenshot - {}
RESULT: {}
COMMAND: POST /session/0ffaedec2ff4d329b9cb85ca897a1301/element - {"using":"xpath","value":"//button[@data-kt=\"AddNewHOProvideAddItemsButton\"]"}
RESULT: {"using":"xpath","value":"//button[@data-kt=\"AddNewHOProvideAddItemsButton\"]"}
COMMAND: POST /session/0ffaedec2ff4d329b9cb85ca897a1301/element/f.9119AA68FED8A447B03A71089BFD3ED7.d.86E1072B35FDB09D34195241AFA53C6B.e.21562/click - {}
RESULT: {}
COMMAND: GET /session/0ffaedec2ff4d329b9cb85ca897a1301/screenshot - {}
RESULT: {}
RESULT: undefined
COMMAND: POST /session/0ffaedec2ff4d329b9cb85ca897a1301/element - {"using":"xpath","value":"//*[@id=\"application-managehandovers-display-component---AddNewHO--popup-sa\"]"}
RESULT: {"using":"xpath","value":"//*[@id=\"application-managehandovers-display-component---AddNewHO--popup-sa\"]"}
COMMAND: POST /session/0ffaedec2ff4d329b9cb85ca897a1301/element/f.9119AA68FED8A447B03A71089BFD3ED7.d.86E1072B35FDB09D34195241AFA53C6B.e.21571/click - {}
RESULT: {}
COMMAND: GET /session/0ffaedec2ff4d329b9cb85ca897a1301/screenshot - {}
RESULT: {}
COMMAND: POST /session/0ffaedec2ff4d329b9cb85ca897a1301/element - {"using":"xpath","value":"//*[contains(@id ,\"BDI-content\")][contains(text(), \"Select\")]"}
RESULT: {"using":"xpath","value":"//*[contains(@id ,\"BDI-content\")][contains(text(), \"Select\")]"}
COMMAND: POST /session/0ffaedec2ff4d329b9cb85ca897a1301/element/f.9119AA68FED8A447B03A71089BFD3ED7.d.86E1072B35FDB09D34195241AFA53C6B.e.21573/click - {}
RESULT: {}
COMMAND: GET /session/0ffaedec2ff4d329b9cb85ca897a1301/screenshot - {}
RESULT: {}
COMMAND: POST /session/0ffaedec2ff4d329b9cb85ca897a1301/execute/async - {"script":"<script> [1562 bytes]","args":[{"selector":{"id":"application-managehandovers-display-component---AddNewHO--confirmCreationButton","interaction":{"idSuffix":"BDI-content"}},"wdio_ui5_key":"applicationmanagehandovers-display-component---AddNewHO--confirmCreationButton"}]}
RESULT: {"script":"<script> [1562 bytes]","args":[{"selector":{"id":"application-managehandovers-display-component---AddNewHO--confirmCreationButton","interaction":{"idSuffix":"BDI-content"}},"wdio_ui5_key":"applicationmanagehandovers-display-component---AddNewHO--confirmCreationButton"}]}
RESULT: undefined
COMMAND: POST /session/0ffaedec2ff4d329b9cb85ca897a1301/element - {"using":"xpath","value":"//*[@id=\"application-managehandovers-display-component---AddNewHO--confirmCreationButton\"]"}
RESULT: {"using":"xpath","value":"//*[@id=\"application-managehandovers-display-component---AddNewHO--confirmCreationButton\"]"}
COMMAND: POST /session/0ffaedec2ff4d329b9cb85ca897a1301/element/f.9119AA68FED8A447B03A71089BFD3ED7.d.86E1072B35FDB09D34195241AFA53C6B.e.21518/click - {}
RESULT: {}
COMMAND: GET /session/0ffaedec2ff4d329b9cb85ca897a1301/screenshot - {}
RESULT: {}
COMMAND: POST /session/0ffaedec2ff4d329b9cb85ca897a1301/execute/async - {"script":"<script> [1562 bytes]","args":[{"selector":{"id":"issueDatePicker","viewName":"etm.portal.ui.managehandovers.view.DetailExecuteHO","interaction":{"idSuffix":"inner"}},"wdio_ui5_key":"issueDatePickeretmportal.ui.managehandovers.view.DetailExecuteHO"}]}
RESULT: {"script":"<script> [1562 bytes]","args":[{"selector":{"id":"issueDatePicker","viewName":"etm.portal.ui.managehandovers.view.DetailExecuteHO","interaction":{"idSuffix":"inner"}},"wdio_ui5_key":"issueDatePickeretmportal.ui.managehandovers.view.DetailExecuteHO"}]}
RESULT: undefined
COMMAND: POST /session/0ffaedec2ff4d329b9cb85ca897a1301/execute/async - {"script":"<script> [776 bytes]","args":[{"enterText":"5/26/25","selector":{"id":"issueDatePicker","viewName":"etm.portal.ui.managehandovers.view.DetailExecuteHO","interaction":{"idSuffix":"inner"}},"clearTextFirst":true,"interactionType":"ENTER_TEXT"}]}
RESULT: {"script":"<script> [776 bytes]","args":[{"enterText":"5/26/25","selector":{"id":"issueDatePicker","viewName":"etm.portal.ui.managehandovers.view.DetailExecuteHO","interaction":{"idSuffix":"inner"}},"clearTextFirst":true,"interactionType":"ENTER_TEXT"}]}
COMMAND: POST /session/0ffaedec2ff4d329b9cb85ca897a1301/element - {"using":"xpath","value":"//button[@data-kt=\"PickingTableConfirmAllButton\"]"}
RESULT: {"using":"xpath","value":"//button[@data-kt=\"PickingTableConfirmAllButton\"]"}
COMMAND: POST /session/0ffaedec2ff4d329b9cb85ca897a1301/element/f.9119AA68FED8A447B03A71089BFD3ED7.d.86E1072B35FDB09D34195241AFA53C6B.e.21632/click - {}
RESULT: {}
COMMAND: GET /session/0ffaedec2ff4d329b9cb85ca897a1301/screenshot - {}
RESULT: {}
COMMAND: POST /session/0ffaedec2ff4d329b9cb85ca897a1301/element - {"using":"xpath","value":"//bdi[contains(text(), \"OK\")]"}
RESULT: {"using":"xpath","value":"//bdi[contains(text(), \"OK\")]"}
COMMAND: POST /session/0ffaedec2ff4d329b9cb85ca897a1301/element/f.9119AA68FED8A447B03A71089BFD3ED7.d.86E1072B35FDB09D34195241AFA53C6B.e.21636/click - {}
RESULT: {}
COMMAND: GET /session/0ffaedec2ff4d329b9cb85ca897a1301/screenshot - {}
RESULT: {}
COMMAND: POST /session/0ffaedec2ff4d329b9cb85ca897a1301/element - {"using":"xpath","value":"//bdi[contains(text(), \"Issue\")]"}
RESULT: {"using":"xpath","value":"//bdi[contains(text(), \"Issue\")]"}
COMMAND: POST /session/0ffaedec2ff4d329b9cb85ca897a1301/element/f.9119AA68FED8A447B03A71089BFD3ED7.d.86E1072B35FDB09D34195241AFA53C6B.e.21637/click - {}
RESULT: {}
COMMAND: GET /session/0ffaedec2ff4d329b9cb85ca897a1301/screenshot - {}
RESULT: {}
COMMAND: POST /session/0ffaedec2ff4d329b9cb85ca897a1301/element - {"using":"css selector","value":"#shell-header-logo"}
RESULT: {"using":"css selector","value":"#shell-header-logo"}
COMMAND: POST /session/0ffaedec2ff4d329b9cb85ca897a1301/element/f.9119AA68FED8A447B03A71089BFD3ED7.d.86E1072B35FDB09D34195241AFA53C6B.e.20761/click - {}
RESULT: {}
COMMAND: GET /session/0ffaedec2ff4d329b9cb85ca897a1301/screenshot - {}
RESULT: {}
]]></system-out>
    </testcase>
    <testcase classname="chrome.136_0_7103_93.windows.Create_Reverse_Billing_US127248" name="Should go navigate to Manage Billings and trigger contract calculation check result" time="62.025">
      <system-out><![CDATA[
COMMAND: POST /session/0ffaedec2ff4d329b9cb85ca897a1301/execute/async - {"script":"<script> [1562 bytes]","args":[{"selector":{"controlType":"sap.m.GenericTile","properties":{"header":"Manage Billings"}},"wdio_ui5_key":"sapm.GenericTile{\"header\":\"Manage Billings\"}"}]}
RESULT: {"script":"<script> [1562 bytes]","args":[{"selector":{"controlType":"sap.m.GenericTile","properties":{"header":"Manage Billings"}},"wdio_ui5_key":"sapm.GenericTile{\"header\":\"Manage Billings\"}"}]}
RESULT: undefined
COMMAND: POST /session/0ffaedec2ff4d329b9cb85ca897a1301/element - {"using":"xpath","value":"//*[@id=\"__tile51\"]"}
RESULT: {"using":"xpath","value":"//*[@id=\"__tile51\"]"}
COMMAND: POST /session/0ffaedec2ff4d329b9cb85ca897a1301/element/f.9119AA68FED8A447B03A71089BFD3ED7.d.86E1072B35FDB09D34195241AFA53C6B.e.18699/click - {}
RESULT: {}
COMMAND: GET /session/0ffaedec2ff4d329b9cb85ca897a1301/screenshot - {}
RESULT: {}
COMMAND: POST /session/0ffaedec2ff4d329b9cb85ca897a1301/elements - {"using":"xpath","value":"//span[text()='Error']"}
RESULT: {"using":"xpath","value":"//span[text()='Error']"}
COMMAND: POST /session/0ffaedec2ff4d329b9cb85ca897a1301/execute/async - {"script":"<script> [1562 bytes]","args":[{"selector":{"id":"application-managebillings-display-component---billRunCalcResult--smartFilterBar-btnBasicSearch","interaction":{"idSuffix":"I"}},"wdio_ui5_key":"applicationmanagebillings-display-component---billRunCalcResult--smartFilterBar-btnBasicSearch"}]}
RESULT: {"script":"<script> [1562 bytes]","args":[{"selector":{"id":"application-managebillings-display-component---billRunCalcResult--smartFilterBar-btnBasicSearch","interaction":{"idSuffix":"I"}},"wdio_ui5_key":"applicationmanagebillings-display-component---billRunCalcResult--smartFilterBar-btnBasicSearch"}]}
RESULT: undefined
COMMAND: POST /session/0ffaedec2ff4d329b9cb85ca897a1301/execute/async - {"script":"<script> [776 bytes]","args":[{"enterText":"10286","selector":{"id":"application-managebillings-display-component---billRunCalcResult--smartFilterBar-btnBasicSearch","interaction":{"idSuffix":"I"}},"clearTextFirst":true,"interactionType":"ENTER_TEXT"}]}
RESULT: {"script":"<script> [776 bytes]","args":[{"enterText":"10286","selector":{"id":"application-managebillings-display-component---billRunCalcResult--smartFilterBar-btnBasicSearch","interaction":{"idSuffix":"I"}},"clearTextFirst":true,"interactionType":"ENTER_TEXT"}]}
COMMAND: POST /session/0ffaedec2ff4d329b9cb85ca897a1301/actions - {"actions":[{"id":"action71","type":"key","parameters":{},"actions":[{"type":"keyDown","value":""},{"type":"pause","duration":10},{"type":"keyUp","value":""}]}]}
RESULT: {"actions":[{"id":"action71","type":"key","parameters":{},"actions":[{"type":"keyDown","value":""},{"type":"pause","duration":10},{"type":"keyUp","value":""}]}]}
COMMAND: GET /session/0ffaedec2ff4d329b9cb85ca897a1301/screenshot - {}
RESULT: {}
COMMAND: POST /session/0ffaedec2ff4d329b9cb85ca897a1301/element - {"using":"xpath","value":"//td[@aria-colindex=\"1\"]/div/div[contains(@class, \"sapMCbBg\")]"}
RESULT: {"using":"xpath","value":"//td[@aria-colindex=\"1\"]/div/div[contains(@class, \"sapMCbBg\")]"}
COMMAND: POST /session/0ffaedec2ff4d329b9cb85ca897a1301/element/f.9119AA68FED8A447B03A71089BFD3ED7.d.86E1072B35FDB09D34195241AFA53C6B.e.22140/click - {}
RESULT: {}
COMMAND: GET /session/0ffaedec2ff4d329b9cb85ca897a1301/screenshot - {}
RESULT: {}
COMMAND: POST /session/0ffaedec2ff4d329b9cb85ca897a1301/execute/async - {"script":"<script> [1562 bytes]","args":[{"selector":{"id":"application-managebillings-display-component---billRunCalcResult--contractBillRunDate","interaction":{"idSuffix":"inner"}},"wdio_ui5_key":"applicationmanagebillings-display-component---billRunCalcResult--contractBillRunDate"}]}
RESULT: {"script":"<script> [1562 bytes]","args":[{"selector":{"id":"application-managebillings-display-component---billRunCalcResult--contractBillRunDate","interaction":{"idSuffix":"inner"}},"wdio_ui5_key":"applicationmanagebillings-display-component---billRunCalcResult--contractBillRunDate"}]}
RESULT: undefined
COMMAND: POST /session/0ffaedec2ff4d329b9cb85ca897a1301/execute/async - {"script":"<script> [776 bytes]","args":[{"enterText":"6/26/25","selector":{"id":"application-managebillings-display-component---billRunCalcResult--contractBillRunDate","interaction":{"idSuffix":"inner"}},"clearTextFirst":true,"interactionType":"ENTER_TEXT"}]}
RESULT: {"script":"<script> [776 bytes]","args":[{"enterText":"6/26/25","selector":{"id":"application-managebillings-display-component---billRunCalcResult--contractBillRunDate","interaction":{"idSuffix":"inner"}},"clearTextFirst":true,"interactionType":"ENTER_TEXT"}]}
COMMAND: POST /session/0ffaedec2ff4d329b9cb85ca897a1301/element - {"using":"xpath","value":"//bdi[contains(text(), \"Trigger Calculation\")]"}
RESULT: {"using":"xpath","value":"//bdi[contains(text(), \"Trigger Calculation\")]"}
COMMAND: POST /session/0ffaedec2ff4d329b9cb85ca897a1301/element/f.9119AA68FED8A447B03A71089BFD3ED7.d.86E1072B35FDB09D34195241AFA53C6B.e.22191/click - {}
RESULT: {}
COMMAND: GET /session/0ffaedec2ff4d329b9cb85ca897a1301/screenshot - {}
RESULT: {}
COMMAND: POST /session/0ffaedec2ff4d329b9cb85ca897a1301/element - {"using":"xpath","value":"(//span[contains(@id, \"imgNav\")])[1]"}
RESULT: {"using":"xpath","value":"(//span[contains(@id, \"imgNav\")])[1]"}
COMMAND: POST /session/0ffaedec2ff4d329b9cb85ca897a1301/element/f.9119AA68FED8A447B03A71089BFD3ED7.d.86E1072B35FDB09D34195241AFA53C6B.e.22141/click - {}
RESULT: {}
COMMAND: GET /session/0ffaedec2ff4d329b9cb85ca897a1301/screenshot - {}
RESULT: {}
COMMAND: POST /session/0ffaedec2ff4d329b9cb85ca897a1301/element - {"using":"xpath","value":"//tr/td[6]/div[1]/span[1]/span[1]"}
RESULT: {"using":"xpath","value":"//tr/td[6]/div[1]/span[1]/span[1]"}
COMMAND: GET /session/0ffaedec2ff4d329b9cb85ca897a1301/element/f.9119AA68FED8A447B03A71089BFD3ED7.d.86E1072B35FDB09D34195241AFA53C6B.e.22196/text - {}
RESULT: {}
COMMAND: POST /session/0ffaedec2ff4d329b9cb85ca897a1301/element - {"using":"xpath","value":"(//span[contains(@id, \"imgNav\")])[2]"}
RESULT: {"using":"xpath","value":"(//span[contains(@id, \"imgNav\")])[2]"}
COMMAND: POST /session/0ffaedec2ff4d329b9cb85ca897a1301/element/f.9119AA68FED8A447B03A71089BFD3ED7.d.86E1072B35FDB09D34195241AFA53C6B.e.22197/click - {}
RESULT: {}
COMMAND: POST /session/0ffaedec2ff4d329b9cb85ca897a1301/element - {"using":"xpath","value":"//bdi[contains(text(), \"Business Confirm\")]"}
COMMAND: GET /session/0ffaedec2ff4d329b9cb85ca897a1301/screenshot - {}
RESULT: {"using":"xpath","value":"//bdi[contains(text(), \"Business Confirm\")]"}
COMMAND: POST /session/0ffaedec2ff4d329b9cb85ca897a1301/elements - {"using":"xpath","value":"//bdi[contains(text(), \"Business Confirm\")]"}
RESULT: {}
RESULT: {"using":"xpath","value":"//bdi[contains(text(), \"Business Confirm\")]"}
COMMAND: POST /session/0ffaedec2ff4d329b9cb85ca897a1301/element - {"using":"xpath","value":"//bdi[contains(text(), \"Business Confirm\")]"}
RESULT: {"using":"xpath","value":"//bdi[contains(text(), \"Business Confirm\")]"}
COMMAND: POST /session/0ffaedec2ff4d329b9cb85ca897a1301/element/f.9119AA68FED8A447B03A71089BFD3ED7.d.86E1072B35FDB09D34195241AFA53C6B.e.22251/click - {}
RESULT: {}
COMMAND: POST /session/0ffaedec2ff4d329b9cb85ca897a1301/element - {"using":"css selector","value":"#shell-header-logo"}
COMMAND: GET /session/0ffaedec2ff4d329b9cb85ca897a1301/screenshot - {}
RESULT: {"using":"css selector","value":"#shell-header-logo"}
COMMAND: POST /session/0ffaedec2ff4d329b9cb85ca897a1301/element/f.9119AA68FED8A447B03A71089BFD3ED7.d.86E1072B35FDB09D34195241AFA53C6B.e.21929/click - {}
RESULT: {}
RESULT: {}
COMMAND: GET /session/0ffaedec2ff4d329b9cb85ca897a1301/screenshot - {}
RESULT: {}
]]></system-out>
    </testcase>
    <testcase classname="chrome.136_0_7103_93.windows.Create_Reverse_Billing_US127248" name="Should go into Billing Transfer and reverse the billing" time="36.815">
      <system-out><![CDATA[
COMMAND: POST /session/0ffaedec2ff4d329b9cb85ca897a1301/execute/async - {"script":"<script> [1562 bytes]","args":[{"selector":{"controlType":"sap.m.GenericTile","properties":{"header":"Billing Transfer"}},"wdio_ui5_key":"sapm.GenericTile{\"header\":\"Billing Transfer\"}"}]}
RESULT: {"script":"<script> [1562 bytes]","args":[{"selector":{"controlType":"sap.m.GenericTile","properties":{"header":"Billing Transfer"}},"wdio_ui5_key":"sapm.GenericTile{\"header\":\"Billing Transfer\"}"}]}
RESULT: undefined
COMMAND: POST /session/0ffaedec2ff4d329b9cb85ca897a1301/element - {"using":"xpath","value":"//*[@id=\"__tile50\"]"}
RESULT: {"using":"xpath","value":"//*[@id=\"__tile50\"]"}
COMMAND: POST /session/0ffaedec2ff4d329b9cb85ca897a1301/element/f.9119AA68FED8A447B03A71089BFD3ED7.d.86E1072B35FDB09D34195241AFA53C6B.e.18697/click - {}
RESULT: {}
COMMAND: GET /session/0ffaedec2ff4d329b9cb85ca897a1301/screenshot - {}
RESULT: {}
COMMAND: POST /session/0ffaedec2ff4d329b9cb85ca897a1301/elements - {"using":"xpath","value":"//span[text()='Error']"}
RESULT: {"using":"xpath","value":"//span[text()='Error']"}
COMMAND: POST /session/0ffaedec2ff4d329b9cb85ca897a1301/element - {"using":"xpath","value":"//input[contains(@id ,\"application-billingtransfer-display-component---billingWorkbench--smartFilterBar-btnBasicSearch\")]"}
RESULT: {"using":"xpath","value":"//input[contains(@id ,\"application-billingtransfer-display-component---billingWorkbench--smartFilterBar-btnBasicSearch\")]"}
COMMAND: POST /session/0ffaedec2ff4d329b9cb85ca897a1301/elements - {"using":"xpath","value":"//input[contains(@id ,\"application-billingtransfer-display-component---billingWorkbench--smartFilterBar-btnBasicSearch\")]"}
RESULT: {"using":"xpath","value":"//input[contains(@id ,\"application-billingtransfer-display-component---billingWorkbench--smartFilterBar-btnBasicSearch\")]"}
COMMAND: POST /session/0ffaedec2ff4d329b9cb85ca897a1301/execute/sync - {"script":"<script> [8489 bytes]","args":[{"element-6066-11e4-a52e-4f735466cecf":"f.9119AA68FED8A447B03A71089BFD3ED7.d.86E1072B35FDB09D34195241AFA53C6B.e.22279","ELEMENT":"f.9119AA68FED8A447B03A71089BFD3ED7.d.86E1072B35FDB09D34195241AFA53C6B.e.22279"}]}
RESULT: {"script":"<script> [8489 bytes]","args":[{"element-6066-11e4-a52e-4f735466cecf":"f.9119AA68FED8A447B03A71089BFD3ED7.d.86E1072B35FDB09D34195241AFA53C6B.e.22279","ELEMENT":"f.9119AA68FED8A447B03A71089BFD3ED7.d.86E1072B35FDB09D34195241AFA53C6B.e.22279"}]}
COMMAND: GET /session/0ffaedec2ff4d329b9cb85ca897a1301/element/f.9119AA68FED8A447B03A71089BFD3ED7.d.86E1072B35FDB09D34195241AFA53C6B.e.22279/enabled - {}
COMMAND: GET /session/0ffaedec2ff4d329b9cb85ca897a1301/screenshot - {}
RESULT: {}
COMMAND: POST /session/0ffaedec2ff4d329b9cb85ca897a1301/element/f.9119AA68FED8A447B03A71089BFD3ED7.d.86E1072B35FDB09D34195241AFA53C6B.e.22279/click - {}
COMMAND: GET /session/0ffaedec2ff4d329b9cb85ca897a1301/screenshot - {}
RESULT: {}
RESULT: {}
COMMAND: GET /session/0ffaedec2ff4d329b9cb85ca897a1301/screenshot - {}
RESULT: {}
RESULT: {}
COMMAND: POST /session/0ffaedec2ff4d329b9cb85ca897a1301/element/f.9119AA68FED8A447B03A71089BFD3ED7.d.86E1072B35FDB09D34195241AFA53C6B.e.22279/clear - {}
RESULT: {}
COMMAND: POST /session/0ffaedec2ff4d329b9cb85ca897a1301/element/f.9119AA68FED8A447B03A71089BFD3ED7.d.86E1072B35FDB09D34195241AFA53C6B.e.22279/value - {"text":"10286"}
COMMAND: GET /session/0ffaedec2ff4d329b9cb85ca897a1301/screenshot - {}
RESULT: {"text":"10286"}
COMMAND: POST /session/0ffaedec2ff4d329b9cb85ca897a1301/actions - {"actions":[{"id":"action72","type":"key","parameters":{},"actions":[{"type":"keyDown","value":""},{"type":"pause","duration":10},{"type":"keyUp","value":""}]}]}
COMMAND: GET /session/0ffaedec2ff4d329b9cb85ca897a1301/screenshot - {}
RESULT: {}
RESULT: {"actions":[{"id":"action72","type":"key","parameters":{},"actions":[{"type":"keyDown","value":""},{"type":"pause","duration":10},{"type":"keyUp","value":""}]}]}
COMMAND: GET /session/0ffaedec2ff4d329b9cb85ca897a1301/screenshot - {}
RESULT: {}
RESULT: {}
COMMAND: POST /session/0ffaedec2ff4d329b9cb85ca897a1301/element - {"using":"xpath","value":"//span[contains(@id ,\"application-billingtransfer-display-component---billingWorkbench--smartTableBillingRuns-header-inner\")]"}
RESULT: {"using":"xpath","value":"//span[contains(@id ,\"application-billingtransfer-display-component---billingWorkbench--smartTableBillingRuns-header-inner\")]"}
COMMAND: POST /session/0ffaedec2ff4d329b9cb85ca897a1301/elements - {"using":"xpath","value":"//span[contains(@id ,\"application-billingtransfer-display-component---billingWorkbench--smartTableBillingRuns-header-inner\")]"}
RESULT: {"using":"xpath","value":"//span[contains(@id ,\"application-billingtransfer-display-component---billingWorkbench--smartTableBillingRuns-header-inner\")]"}
COMMAND: POST /session/0ffaedec2ff4d329b9cb85ca897a1301/execute/sync - {"script":"<script> [56 bytes]","args":[{"element-6066-11e4-a52e-4f735466cecf":"f.9119AA68FED8A447B03A71089BFD3ED7.d.86E1072B35FDB09D34195241AFA53C6B.e.22416","ELEMENT":"f.9119AA68FED8A447B03A71089BFD3ED7.d.86E1072B35FDB09D34195241AFA53C6B.e.22416"}]}
RESULT: {"script":"<script> [56 bytes]","args":[{"element-6066-11e4-a52e-4f735466cecf":"f.9119AA68FED8A447B03A71089BFD3ED7.d.86E1072B35FDB09D34195241AFA53C6B.e.22416","ELEMENT":"f.9119AA68FED8A447B03A71089BFD3ED7.d.86E1072B35FDB09D34195241AFA53C6B.e.22416"}]}
COMMAND: POST /session/0ffaedec2ff4d329b9cb85ca897a1301/element - {"using":"xpath","value":"//td[@aria-colindex=\"1\"]/div/div[contains(@class, \"sapMCbBg\")]"}
COMMAND: GET /session/0ffaedec2ff4d329b9cb85ca897a1301/screenshot - {}
RESULT: {"using":"xpath","value":"//td[@aria-colindex=\"1\"]/div/div[contains(@class, \"sapMCbBg\")]"}
COMMAND: POST /session/0ffaedec2ff4d329b9cb85ca897a1301/element/f.9119AA68FED8A447B03A71089BFD3ED7.d.86E1072B35FDB09D34195241AFA53C6B.e.22365/click - {}
RESULT: {}
RESULT: {}
COMMAND: GET /session/0ffaedec2ff4d329b9cb85ca897a1301/screenshot - {}
RESULT: {}
COMMAND: POST /session/0ffaedec2ff4d329b9cb85ca897a1301/element - {"using":"xpath","value":"//bdi[contains(text(), \"Reverse\")]"}
RESULT: {"using":"xpath","value":"//bdi[contains(text(), \"Reverse\")]"}
COMMAND: POST /session/0ffaedec2ff4d329b9cb85ca897a1301/element/f.9119AA68FED8A447B03A71089BFD3ED7.d.86E1072B35FDB09D34195241AFA53C6B.e.22417/click - {}
RESULT: {}
COMMAND: GET /session/0ffaedec2ff4d329b9cb85ca897a1301/screenshot - {}
RESULT: {}
COMMAND: POST /session/0ffaedec2ff4d329b9cb85ca897a1301/element - {"using":"xpath","value":"//input[contains(@id ,\"application-billingtransfer-display-component---billingWorkbench--smartFilterBar-btnBasicSearch\")]"}
RESULT: {"using":"xpath","value":"//input[contains(@id ,\"application-billingtransfer-display-component---billingWorkbench--smartFilterBar-btnBasicSearch\")]"}
COMMAND: POST /session/0ffaedec2ff4d329b9cb85ca897a1301/elements - {"using":"xpath","value":"//input[contains(@id ,\"application-billingtransfer-display-component---billingWorkbench--smartFilterBar-btnBasicSearch\")]"}
RESULT: {"using":"xpath","value":"//input[contains(@id ,\"application-billingtransfer-display-component---billingWorkbench--smartFilterBar-btnBasicSearch\")]"}
COMMAND: POST /session/0ffaedec2ff4d329b9cb85ca897a1301/execute/sync - {"script":"<script> [8489 bytes]","args":[{"element-6066-11e4-a52e-4f735466cecf":"f.9119AA68FED8A447B03A71089BFD3ED7.d.86E1072B35FDB09D34195241AFA53C6B.e.22279","ELEMENT":"f.9119AA68FED8A447B03A71089BFD3ED7.d.86E1072B35FDB09D34195241AFA53C6B.e.22279"}]}
RESULT: {"script":"<script> [8489 bytes]","args":[{"element-6066-11e4-a52e-4f735466cecf":"f.9119AA68FED8A447B03A71089BFD3ED7.d.86E1072B35FDB09D34195241AFA53C6B.e.22279","ELEMENT":"f.9119AA68FED8A447B03A71089BFD3ED7.d.86E1072B35FDB09D34195241AFA53C6B.e.22279"}]}
COMMAND: GET /session/0ffaedec2ff4d329b9cb85ca897a1301/element/f.9119AA68FED8A447B03A71089BFD3ED7.d.86E1072B35FDB09D34195241AFA53C6B.e.22279/enabled - {}
COMMAND: GET /session/0ffaedec2ff4d329b9cb85ca897a1301/screenshot - {}
RESULT: {}
COMMAND: POST /session/0ffaedec2ff4d329b9cb85ca897a1301/element/f.9119AA68FED8A447B03A71089BFD3ED7.d.86E1072B35FDB09D34195241AFA53C6B.e.22279/click - {}
COMMAND: GET /session/0ffaedec2ff4d329b9cb85ca897a1301/screenshot - {}
RESULT: {}
RESULT: {}
COMMAND: GET /session/0ffaedec2ff4d329b9cb85ca897a1301/screenshot - {}
RESULT: {}
RESULT: {}
COMMAND: POST /session/0ffaedec2ff4d329b9cb85ca897a1301/element/f.9119AA68FED8A447B03A71089BFD3ED7.d.86E1072B35FDB09D34195241AFA53C6B.e.22279/clear - {}
RESULT: {}
COMMAND: POST /session/0ffaedec2ff4d329b9cb85ca897a1301/element/f.9119AA68FED8A447B03A71089BFD3ED7.d.86E1072B35FDB09D34195241AFA53C6B.e.22279/value - {"text":"10286"}
COMMAND: GET /session/0ffaedec2ff4d329b9cb85ca897a1301/screenshot - {}
RESULT: {"text":"10286"}
COMMAND: POST /session/0ffaedec2ff4d329b9cb85ca897a1301/actions - {"actions":[{"id":"action73","type":"key","parameters":{},"actions":[{"type":"keyDown","value":""},{"type":"pause","duration":10},{"type":"keyUp","value":""}]}]}
COMMAND: GET /session/0ffaedec2ff4d329b9cb85ca897a1301/screenshot - {}
RESULT: {}
RESULT: {"actions":[{"id":"action73","type":"key","parameters":{},"actions":[{"type":"keyDown","value":""},{"type":"pause","duration":10},{"type":"keyUp","value":""}]}]}
COMMAND: GET /session/0ffaedec2ff4d329b9cb85ca897a1301/screenshot - {}
RESULT: {}
RESULT: {}
COMMAND: POST /session/0ffaedec2ff4d329b9cb85ca897a1301/element - {"using":"xpath","value":"//span[contains(@id ,\"application-billingtransfer-display-component---billingWorkbench--smartTableBillingRuns-header-inner\")]"}
RESULT: {"using":"xpath","value":"//span[contains(@id ,\"application-billingtransfer-display-component---billingWorkbench--smartTableBillingRuns-header-inner\")]"}
COMMAND: POST /session/0ffaedec2ff4d329b9cb85ca897a1301/elements - {"using":"xpath","value":"//span[contains(@id ,\"application-billingtransfer-display-component---billingWorkbench--smartTableBillingRuns-header-inner\")]"}
RESULT: {"using":"xpath","value":"//span[contains(@id ,\"application-billingtransfer-display-component---billingWorkbench--smartTableBillingRuns-header-inner\")]"}
COMMAND: POST /session/0ffaedec2ff4d329b9cb85ca897a1301/execute/sync - {"script":"<script> [56 bytes]","args":[{"element-6066-11e4-a52e-4f735466cecf":"f.9119AA68FED8A447B03A71089BFD3ED7.d.86E1072B35FDB09D34195241AFA53C6B.e.22416","ELEMENT":"f.9119AA68FED8A447B03A71089BFD3ED7.d.86E1072B35FDB09D34195241AFA53C6B.e.22416"}]}
RESULT: {"script":"<script> [56 bytes]","args":[{"element-6066-11e4-a52e-4f735466cecf":"f.9119AA68FED8A447B03A71089BFD3ED7.d.86E1072B35FDB09D34195241AFA53C6B.e.22416","ELEMENT":"f.9119AA68FED8A447B03A71089BFD3ED7.d.86E1072B35FDB09D34195241AFA53C6B.e.22416"}]}
COMMAND: POST /session/0ffaedec2ff4d329b9cb85ca897a1301/element - {"using":"css selector","value":"#shell-header-logo"}
COMMAND: GET /session/0ffaedec2ff4d329b9cb85ca897a1301/screenshot - {}
RESULT: {"using":"css selector","value":"#shell-header-logo"}
COMMAND: POST /session/0ffaedec2ff4d329b9cb85ca897a1301/element/f.9119AA68FED8A447B03A71089BFD3ED7.d.86E1072B35FDB09D34195241AFA53C6B.e.22277/click - {}
RESULT: {}
RESULT: {}
COMMAND: GET /session/0ffaedec2ff4d329b9cb85ca897a1301/screenshot - {}
RESULT: {}
COMMAND: DELETE /session/0ffaedec2ff4d329b9cb85ca897a1301 - {}
RESULT: {}
]]></system-out>
    </testcase>
  </testsuite>
</testsuites>