<?xml version="1.0" encoding="UTF-8"?>
<testsuites tests="49" failures="0" errors="0" skipped="0">
  <testsuite timestamp="2025-06-01T15:27:55" time="1943.728" tests="49" failures="0" errors="0" skipped="0">
    <properties>
      <property name="specId" value="0"/>
      <property name="suiteName" value="Sanity Tests US104253"/>
      <property name="capabilities" value="chrome.136_0_7103_93.windows"/>
      <property name="file" value="file:///D:/a/1/s/test/specs/General/sanity.spec.js"/>
    </properties>
    <testcase classname="chrome.136_0_7103_93.windows.Sanity_Tests_US104253" name="Should open Manage Partners page" time="45.846">
      <system-out><![CDATA[
COMMAND: POST /session/79057ea016645307ab1fd2f091123dcc/execute/async - {"script":"<script> [1562 bytes]","args":[{"selector":{"controlType":"sap.m.GenericTile","properties":{"header":"Manage Partners"}},"wdio_ui5_key":"sapm.GenericTile{\"header\":\"Manage Partners\"}"}]}
RESULT: {"script":"<script> [1562 bytes]","args":[{"selector":{"controlType":"sap.m.GenericTile","properties":{"header":"Manage Partners"}},"wdio_ui5_key":"sapm.GenericTile{\"header\":\"Manage Partners\"}"}]}
RESULT: undefined
COMMAND: POST /session/79057ea016645307ab1fd2f091123dcc/element - {"using":"xpath","value":"//*[@id=\"__tile38\"]"}
RESULT: {"using":"xpath","value":"//*[@id=\"__tile38\"]"}
COMMAND: POST /session/79057ea016645307ab1fd2f091123dcc/element/f.82A53FFFDA245D4FC74AB3650F2065BA.d.F48E3A0BCD7453348A5CE7575C8164B5.e.115/click - {}
RESULT: {}
COMMAND: GET /session/79057ea016645307ab1fd2f091123dcc/screenshot - {}
RESULT: {}
COMMAND: POST /session/79057ea016645307ab1fd2f091123dcc/elements - {"using":"xpath","value":"//span[text()='Error']"}
RESULT: {"using":"xpath","value":"//span[text()='Error']"}
RESULT: undefined
COMMAND: POST /session/79057ea016645307ab1fd2f091123dcc/element - {"using":"xpath","value":"//*[@id=\"__tile38\"]"}
RESULT: {"using":"xpath","value":"//*[@id=\"__tile38\"]"}
COMMAND: POST /session/79057ea016645307ab1fd2f091123dcc/element/f.82A53FFFDA245D4FC74AB3650F2065BA.d.F48E3A0BCD7453348A5CE7575C8164B5.e.115/click - {}
RESULT: undefined
COMMAND: POST /session/79057ea016645307ab1fd2f091123dcc/element - {"using":"xpath","value":"//*[@id=\"__tile38\"]"}
RESULT: {"using":"xpath","value":"//*[@id=\"__tile38\"]"}
COMMAND: POST /session/79057ea016645307ab1fd2f091123dcc/element/f.82A53FFFDA245D4FC74AB3650F2065BA.d.F48E3A0BCD7453348A5CE7575C8164B5.e.115/click - {}
COMMAND: POST /session/79057ea016645307ab1fd2f091123dcc/execute/async - {"script":"<script> [1562 bytes]","args":[{"selector":{"id":"shellAppTitle"},"wdio_ui5_key":"shellAppTitle"}]}
RESULT: {"script":"<script> [1562 bytes]","args":[{"selector":{"id":"shellAppTitle"},"wdio_ui5_key":"shellAppTitle"}]}
RESULT: undefined
COMMAND: POST /session/79057ea016645307ab1fd2f091123dcc/execute/async - {"script":"<script> [6424 bytes]","args":[{"element-6066-11e4-a52e-4f735466cecf":"f.82A53FFFDA245D4FC74AB3650F2065BA.d.F48E3A0BCD7453348A5CE7575C8164B5.e.291"},"getTitle",[]]}
RESULT: {"script":"<script> [6424 bytes]","args":[{"element-6066-11e4-a52e-4f735466cecf":"f.82A53FFFDA245D4FC74AB3650F2065BA.d.F48E3A0BCD7453348A5CE7575C8164B5.e.291"},"getTitle",[]]}
COMMAND: POST /session/79057ea016645307ab1fd2f091123dcc/execute/async - {"script":"<script> [1562 bytes]","args":[{"selector":{"id":"backBtn"},"wdio_ui5_key":"backBtn"}]}
RESULT: {"script":"<script> [1562 bytes]","args":[{"selector":{"id":"backBtn"},"wdio_ui5_key":"backBtn"}]}
RESULT: undefined
COMMAND: POST /session/79057ea016645307ab1fd2f091123dcc/element - {"using":"xpath","value":"//*[@id=\"backBtn\"]"}
RESULT: {"using":"xpath","value":"//*[@id=\"backBtn\"]"}
COMMAND: POST /session/79057ea016645307ab1fd2f091123dcc/element/f.82A53FFFDA245D4FC74AB3650F2065BA.d.F48E3A0BCD7453348A5CE7575C8164B5.e.292/click - {}
RESULT: {}
COMMAND: GET /session/79057ea016645307ab1fd2f091123dcc/screenshot - {}
RESULT: {}
]]></system-out>
    </testcase>
    <testcase classname="chrome.136_0_7103_93.windows.Sanity_Tests_US104253" name="Should open Manage Sites page" time="36.884">
      <system-out><![CDATA[
COMMAND: POST /session/79057ea016645307ab1fd2f091123dcc/execute/async - {"script":"<script> [1562 bytes]","args":[{"selector":{"controlType":"sap.m.GenericTile","properties":{"header":"Manage Sites"}},"wdio_ui5_key":"sapm.GenericTile{\"header\":\"Manage Sites\"}"}]}
RESULT: {"script":"<script> [1562 bytes]","args":[{"selector":{"controlType":"sap.m.GenericTile","properties":{"header":"Manage Sites"}},"wdio_ui5_key":"sapm.GenericTile{\"header\":\"Manage Sites\"}"}]}
RESULT: undefined
COMMAND: POST /session/79057ea016645307ab1fd2f091123dcc/element - {"using":"xpath","value":"//*[@id=\"__tile40\"]"}
RESULT: {"using":"xpath","value":"//*[@id=\"__tile40\"]"}
COMMAND: POST /session/79057ea016645307ab1fd2f091123dcc/element/f.82A53FFFDA245D4FC74AB3650F2065BA.d.F48E3A0BCD7453348A5CE7575C8164B5.e.294/click - {}
RESULT: {}
COMMAND: GET /session/79057ea016645307ab1fd2f091123dcc/screenshot - {}
RESULT: {}
COMMAND: POST /session/79057ea016645307ab1fd2f091123dcc/elements - {"using":"xpath","value":"//span[text()='Error']"}
RESULT: {"using":"xpath","value":"//span[text()='Error']"}
RESULT: undefined
COMMAND: POST /session/79057ea016645307ab1fd2f091123dcc/element - {"using":"xpath","value":"//*[@id=\"__tile40\"]"}
RESULT: {"using":"xpath","value":"//*[@id=\"__tile40\"]"}
COMMAND: POST /session/79057ea016645307ab1fd2f091123dcc/element/f.82A53FFFDA245D4FC74AB3650F2065BA.d.F48E3A0BCD7453348A5CE7575C8164B5.e.294/click - {}
RESULT: undefined
COMMAND: POST /session/79057ea016645307ab1fd2f091123dcc/element - {"using":"xpath","value":"//*[@id=\"__tile40\"]"}
RESULT: {"using":"xpath","value":"//*[@id=\"__tile40\"]"}
COMMAND: POST /session/79057ea016645307ab1fd2f091123dcc/element/f.82A53FFFDA245D4FC74AB3650F2065BA.d.F48E3A0BCD7453348A5CE7575C8164B5.e.294/click - {}
RESULT: undefined
COMMAND: POST /session/79057ea016645307ab1fd2f091123dcc/execute/async - {"script":"<script> [6424 bytes]","args":[{"element-6066-11e4-a52e-4f735466cecf":"f.82A53FFFDA245D4FC74AB3650F2065BA.d.F48E3A0BCD7453348A5CE7575C8164B5.e.291"},"getTitle",[]]}
COMMAND: POST /session/79057ea016645307ab1fd2f091123dcc/execute/async - {"script":"<script> [1562 bytes]","args":[{"selector":{"id":"shellAppTitle"},"wdio_ui5_key":"shellAppTitle"}]}
RESULT: {"script":"<script> [1562 bytes]","args":[{"selector":{"id":"shellAppTitle"},"wdio_ui5_key":"shellAppTitle"}]}
COMMAND: POST /session/79057ea016645307ab1fd2f091123dcc/execute/async - {"script":"<script> [6424 bytes]","args":[{"element-6066-11e4-a52e-4f735466cecf":"f.82A53FFFDA245D4FC74AB3650F2065BA.d.F48E3A0BCD7453348A5CE7575C8164B5.e.481"},"getTitle",[]]}
RESULT: {"script":"<script> [6424 bytes]","args":[{"element-6066-11e4-a52e-4f735466cecf":"f.82A53FFFDA245D4FC74AB3650F2065BA.d.F48E3A0BCD7453348A5CE7575C8164B5.e.481"},"getTitle",[]]}
RESULT: undefined
COMMAND: POST /session/79057ea016645307ab1fd2f091123dcc/element/f.82A53FFFDA245D4FC74AB3650F2065BA.d.F48E3A0BCD7453348A5CE7575C8164B5.e.292/click - {}
RESULT: {}
COMMAND: GET /session/79057ea016645307ab1fd2f091123dcc/screenshot - {}
RESULT: {}
]]></system-out>
    </testcase>
    <testcase classname="chrome.136_0_7103_93.windows.Sanity_Tests_US104253" name="Should open Manage Resources page" time="36.733">
      <system-out><![CDATA[
COMMAND: POST /session/79057ea016645307ab1fd2f091123dcc/execute/async - {"script":"<script> [1562 bytes]","args":[{"selector":{"controlType":"sap.m.GenericTile","properties":{"header":"Manage Resources"}},"wdio_ui5_key":"sapm.GenericTile{\"header\":\"Manage Resources\"}"}]}
RESULT: {"script":"<script> [1562 bytes]","args":[{"selector":{"controlType":"sap.m.GenericTile","properties":{"header":"Manage Resources"}},"wdio_ui5_key":"sapm.GenericTile{\"header\":\"Manage Resources\"}"}]}
RESULT: undefined
COMMAND: POST /session/79057ea016645307ab1fd2f091123dcc/element - {"using":"xpath","value":"//*[@id=\"__tile39\"]"}
RESULT: {"using":"xpath","value":"//*[@id=\"__tile39\"]"}
COMMAND: POST /session/79057ea016645307ab1fd2f091123dcc/element/f.82A53FFFDA245D4FC74AB3650F2065BA.d.F48E3A0BCD7453348A5CE7575C8164B5.e.483/click - {}
RESULT: {}
COMMAND: GET /session/79057ea016645307ab1fd2f091123dcc/screenshot - {}
RESULT: {}
COMMAND: POST /session/79057ea016645307ab1fd2f091123dcc/elements - {"using":"xpath","value":"//span[text()='Error']"}
RESULT: {"using":"xpath","value":"//span[text()='Error']"}
RESULT: undefined
COMMAND: POST /session/79057ea016645307ab1fd2f091123dcc/element - {"using":"xpath","value":"//*[@id=\"__tile39\"]"}
RESULT: {"using":"xpath","value":"//*[@id=\"__tile39\"]"}
COMMAND: POST /session/79057ea016645307ab1fd2f091123dcc/element/f.82A53FFFDA245D4FC74AB3650F2065BA.d.F48E3A0BCD7453348A5CE7575C8164B5.e.483/click - {}
RESULT: undefined
COMMAND: POST /session/79057ea016645307ab1fd2f091123dcc/element - {"using":"xpath","value":"//*[@id=\"__tile39\"]"}
RESULT: {"using":"xpath","value":"//*[@id=\"__tile39\"]"}
COMMAND: POST /session/79057ea016645307ab1fd2f091123dcc/element/f.82A53FFFDA245D4FC74AB3650F2065BA.d.F48E3A0BCD7453348A5CE7575C8164B5.e.483/click - {}
RESULT: undefined
COMMAND: POST /session/79057ea016645307ab1fd2f091123dcc/execute/async - {"script":"<script> [6424 bytes]","args":[{"element-6066-11e4-a52e-4f735466cecf":"f.82A53FFFDA245D4FC74AB3650F2065BA.d.F48E3A0BCD7453348A5CE7575C8164B5.e.291"},"getTitle",[]]}
COMMAND: POST /session/79057ea016645307ab1fd2f091123dcc/execute/async - {"script":"<script> [1562 bytes]","args":[{"selector":{"id":"shellAppTitle"},"wdio_ui5_key":"shellAppTitle"}]}
RESULT: {"script":"<script> [1562 bytes]","args":[{"selector":{"id":"shellAppTitle"},"wdio_ui5_key":"shellAppTitle"}]}
COMMAND: POST /session/79057ea016645307ab1fd2f091123dcc/execute/async - {"script":"<script> [6424 bytes]","args":[{"element-6066-11e4-a52e-4f735466cecf":"f.82A53FFFDA245D4FC74AB3650F2065BA.d.F48E3A0BCD7453348A5CE7575C8164B5.e.655"},"getTitle",[]]}
RESULT: {"script":"<script> [6424 bytes]","args":[{"element-6066-11e4-a52e-4f735466cecf":"f.82A53FFFDA245D4FC74AB3650F2065BA.d.F48E3A0BCD7453348A5CE7575C8164B5.e.655"},"getTitle",[]]}
RESULT: undefined
COMMAND: POST /session/79057ea016645307ab1fd2f091123dcc/element/f.82A53FFFDA245D4FC74AB3650F2065BA.d.F48E3A0BCD7453348A5CE7575C8164B5.e.292/click - {}
COMMAND: POST /session/79057ea016645307ab1fd2f091123dcc/element - {"using":"xpath","value":"//*[@id=\"backBtn\"]"}
RESULT: {"using":"xpath","value":"//*[@id=\"backBtn\"]"}
COMMAND: POST /session/79057ea016645307ab1fd2f091123dcc/element/f.82A53FFFDA245D4FC74AB3650F2065BA.d.F48E3A0BCD7453348A5CE7575C8164B5.e.292/click - {}
COMMAND: POST /session/79057ea016645307ab1fd2f091123dcc/element - {"using":"xpath","value":"//*[@id=\"backBtn\"]"}
RESULT: {"using":"xpath","value":"//*[@id=\"backBtn\"]"}
COMMAND: POST /session/79057ea016645307ab1fd2f091123dcc/element/f.82A53FFFDA245D4FC74AB3650F2065BA.d.F48E3A0BCD7453348A5CE7575C8164B5.e.656/click - {}
RESULT: {}
COMMAND: GET /session/79057ea016645307ab1fd2f091123dcc/screenshot - {}
RESULT: {}
]]></system-out>
    </testcase>
    <testcase classname="chrome.136_0_7103_93.windows.Sanity_Tests_US104253" name="Should open Manage Catalogs page" time="36.642">
      <system-out><![CDATA[
COMMAND: POST /session/79057ea016645307ab1fd2f091123dcc/execute/async - {"script":"<script> [1562 bytes]","args":[{"selector":{"controlType":"sap.m.GenericTile","properties":{"header":"Manage Catalogs"}},"wdio_ui5_key":"sapm.GenericTile{\"header\":\"Manage Catalogs\"}"}]}
RESULT: {"script":"<script> [1562 bytes]","args":[{"selector":{"controlType":"sap.m.GenericTile","properties":{"header":"Manage Catalogs"}},"wdio_ui5_key":"sapm.GenericTile{\"header\":\"Manage Catalogs\"}"}]}
RESULT: undefined
COMMAND: POST /session/79057ea016645307ab1fd2f091123dcc/element - {"using":"xpath","value":"//*[@id=\"__tile37\"]"}
RESULT: {"using":"xpath","value":"//*[@id=\"__tile37\"]"}
COMMAND: POST /session/79057ea016645307ab1fd2f091123dcc/element/f.82A53FFFDA245D4FC74AB3650F2065BA.d.F48E3A0BCD7453348A5CE7575C8164B5.e.658/click - {}
RESULT: {}
COMMAND: GET /session/79057ea016645307ab1fd2f091123dcc/screenshot - {}
RESULT: {}
COMMAND: POST /session/79057ea016645307ab1fd2f091123dcc/elements - {"using":"xpath","value":"//span[text()='Error']"}
RESULT: {"using":"xpath","value":"//span[text()='Error']"}
RESULT: undefined
COMMAND: POST /session/79057ea016645307ab1fd2f091123dcc/element - {"using":"xpath","value":"//*[@id=\"__tile37\"]"}
RESULT: {"using":"xpath","value":"//*[@id=\"__tile37\"]"}
COMMAND: POST /session/79057ea016645307ab1fd2f091123dcc/element/f.82A53FFFDA245D4FC74AB3650F2065BA.d.F48E3A0BCD7453348A5CE7575C8164B5.e.658/click - {}
RESULT: undefined
COMMAND: POST /session/79057ea016645307ab1fd2f091123dcc/element - {"using":"xpath","value":"//*[@id=\"__tile37\"]"}
RESULT: {"using":"xpath","value":"//*[@id=\"__tile37\"]"}
COMMAND: POST /session/79057ea016645307ab1fd2f091123dcc/element/f.82A53FFFDA245D4FC74AB3650F2065BA.d.F48E3A0BCD7453348A5CE7575C8164B5.e.658/click - {}
RESULT: undefined
COMMAND: POST /session/79057ea016645307ab1fd2f091123dcc/execute/async - {"script":"<script> [6424 bytes]","args":[{"element-6066-11e4-a52e-4f735466cecf":"f.82A53FFFDA245D4FC74AB3650F2065BA.d.F48E3A0BCD7453348A5CE7575C8164B5.e.291"},"getTitle",[]]}
COMMAND: POST /session/79057ea016645307ab1fd2f091123dcc/execute/async - {"script":"<script> [1562 bytes]","args":[{"selector":{"id":"shellAppTitle"},"wdio_ui5_key":"shellAppTitle"}]}
RESULT: {"script":"<script> [1562 bytes]","args":[{"selector":{"id":"shellAppTitle"},"wdio_ui5_key":"shellAppTitle"}]}
COMMAND: POST /session/79057ea016645307ab1fd2f091123dcc/execute/async - {"script":"<script> [6424 bytes]","args":[{"element-6066-11e4-a52e-4f735466cecf":"f.82A53FFFDA245D4FC74AB3650F2065BA.d.F48E3A0BCD7453348A5CE7575C8164B5.e.727"},"getTitle",[]]}
RESULT: {"script":"<script> [6424 bytes]","args":[{"element-6066-11e4-a52e-4f735466cecf":"f.82A53FFFDA245D4FC74AB3650F2065BA.d.F48E3A0BCD7453348A5CE7575C8164B5.e.727"},"getTitle",[]]}
RESULT: undefined
COMMAND: POST /session/79057ea016645307ab1fd2f091123dcc/element/f.82A53FFFDA245D4FC74AB3650F2065BA.d.F48E3A0BCD7453348A5CE7575C8164B5.e.656/click - {}
RESULT: {}
COMMAND: GET /session/79057ea016645307ab1fd2f091123dcc/screenshot - {}
RESULT: {}
]]></system-out>
    </testcase>
    <testcase classname="chrome.136_0_7103_93.windows.Sanity_Tests_US104253" name="Should open Manage Calendars page" time="37.26">
      <system-out><![CDATA[
COMMAND: POST /session/79057ea016645307ab1fd2f091123dcc/execute/async - {"script":"<script> [1562 bytes]","args":[{"selector":{"controlType":"sap.m.GenericTile","properties":{"header":"Manage Calendars"}},"wdio_ui5_key":"sapm.GenericTile{\"header\":\"Manage Calendars\"}"}]}
RESULT: {"script":"<script> [1562 bytes]","args":[{"selector":{"controlType":"sap.m.GenericTile","properties":{"header":"Manage Calendars"}},"wdio_ui5_key":"sapm.GenericTile{\"header\":\"Manage Calendars\"}"}]}
RESULT: undefined
COMMAND: POST /session/79057ea016645307ab1fd2f091123dcc/element - {"using":"xpath","value":"//*[@id=\"__tile36\"]"}
RESULT: {"using":"xpath","value":"//*[@id=\"__tile36\"]"}
COMMAND: POST /session/79057ea016645307ab1fd2f091123dcc/element/f.82A53FFFDA245D4FC74AB3650F2065BA.d.F48E3A0BCD7453348A5CE7575C8164B5.e.730/click - {}
RESULT: {}
COMMAND: GET /session/79057ea016645307ab1fd2f091123dcc/screenshot - {}
RESULT: {}
COMMAND: POST /session/79057ea016645307ab1fd2f091123dcc/elements - {"using":"xpath","value":"//span[text()='Error']"}
RESULT: {"using":"xpath","value":"//span[text()='Error']"}
RESULT: undefined
COMMAND: POST /session/79057ea016645307ab1fd2f091123dcc/element - {"using":"xpath","value":"//*[@id=\"__tile36\"]"}
RESULT: {"using":"xpath","value":"//*[@id=\"__tile36\"]"}
COMMAND: POST /session/79057ea016645307ab1fd2f091123dcc/element/f.82A53FFFDA245D4FC74AB3650F2065BA.d.F48E3A0BCD7453348A5CE7575C8164B5.e.730/click - {}
RESULT: undefined
COMMAND: POST /session/79057ea016645307ab1fd2f091123dcc/element - {"using":"xpath","value":"//*[@id=\"__tile36\"]"}
RESULT: {"using":"xpath","value":"//*[@id=\"__tile36\"]"}
COMMAND: POST /session/79057ea016645307ab1fd2f091123dcc/element/f.82A53FFFDA245D4FC74AB3650F2065BA.d.F48E3A0BCD7453348A5CE7575C8164B5.e.730/click - {}
RESULT: undefined
COMMAND: POST /session/79057ea016645307ab1fd2f091123dcc/execute/async - {"script":"<script> [6424 bytes]","args":[{"element-6066-11e4-a52e-4f735466cecf":"f.82A53FFFDA245D4FC74AB3650F2065BA.d.F48E3A0BCD7453348A5CE7575C8164B5.e.291"},"getTitle",[]]}
COMMAND: POST /session/79057ea016645307ab1fd2f091123dcc/execute/async - {"script":"<script> [1562 bytes]","args":[{"selector":{"id":"shellAppTitle"},"wdio_ui5_key":"shellAppTitle"}]}
RESULT: {"script":"<script> [1562 bytes]","args":[{"selector":{"id":"shellAppTitle"},"wdio_ui5_key":"shellAppTitle"}]}
COMMAND: POST /session/79057ea016645307ab1fd2f091123dcc/execute/async - {"script":"<script> [6424 bytes]","args":[{"element-6066-11e4-a52e-4f735466cecf":"f.82A53FFFDA245D4FC74AB3650F2065BA.d.F48E3A0BCD7453348A5CE7575C8164B5.e.806"},"getTitle",[]]}
RESULT: {"script":"<script> [6424 bytes]","args":[{"element-6066-11e4-a52e-4f735466cecf":"f.82A53FFFDA245D4FC74AB3650F2065BA.d.F48E3A0BCD7453348A5CE7575C8164B5.e.806"},"getTitle",[]]}
RESULT: undefined
COMMAND: POST /session/79057ea016645307ab1fd2f091123dcc/element/f.82A53FFFDA245D4FC74AB3650F2065BA.d.F48E3A0BCD7453348A5CE7575C8164B5.e.656/click - {}
COMMAND: POST /session/79057ea016645307ab1fd2f091123dcc/element - {"using":"xpath","value":"//*[@id=\"backBtn\"]"}
RESULT: {"using":"xpath","value":"//*[@id=\"backBtn\"]"}
COMMAND: POST /session/79057ea016645307ab1fd2f091123dcc/element/f.82A53FFFDA245D4FC74AB3650F2065BA.d.F48E3A0BCD7453348A5CE7575C8164B5.e.656/click - {}
COMMAND: POST /session/79057ea016645307ab1fd2f091123dcc/element - {"using":"xpath","value":"//*[@id=\"backBtn\"]"}
RESULT: {"using":"xpath","value":"//*[@id=\"backBtn\"]"}
COMMAND: POST /session/79057ea016645307ab1fd2f091123dcc/element/f.82A53FFFDA245D4FC74AB3650F2065BA.d.F48E3A0BCD7453348A5CE7575C8164B5.e.807/click - {}
RESULT: {}
COMMAND: GET /session/79057ea016645307ab1fd2f091123dcc/screenshot - {}
RESULT: {}
]]></system-out>
    </testcase>
    <testcase classname="chrome.136_0_7103_93.windows.Sanity_Tests_US104253" name="Should open Address Management page" time="36.847">
      <system-out><![CDATA[
COMMAND: POST /session/79057ea016645307ab1fd2f091123dcc/execute/async - {"script":"<script> [1562 bytes]","args":[{"selector":{"controlType":"sap.m.GenericTile","properties":{"header":"Address Management"}},"wdio_ui5_key":"sapm.GenericTile{\"header\":\"Address Management\"}"}]}
RESULT: {"script":"<script> [1562 bytes]","args":[{"selector":{"controlType":"sap.m.GenericTile","properties":{"header":"Address Management"}},"wdio_ui5_key":"sapm.GenericTile{\"header\":\"Address Management\"}"}]}
RESULT: undefined
COMMAND: POST /session/79057ea016645307ab1fd2f091123dcc/element - {"using":"xpath","value":"//*[@id=\"__tile33\"]"}
RESULT: {"using":"xpath","value":"//*[@id=\"__tile33\"]"}
COMMAND: POST /session/79057ea016645307ab1fd2f091123dcc/element/f.82A53FFFDA245D4FC74AB3650F2065BA.d.F48E3A0BCD7453348A5CE7575C8164B5.e.809/click - {}
RESULT: {}
COMMAND: GET /session/79057ea016645307ab1fd2f091123dcc/screenshot - {}
RESULT: {}
COMMAND: POST /session/79057ea016645307ab1fd2f091123dcc/elements - {"using":"xpath","value":"//span[text()='Error']"}
RESULT: {"using":"xpath","value":"//span[text()='Error']"}
RESULT: undefined
COMMAND: POST /session/79057ea016645307ab1fd2f091123dcc/element - {"using":"xpath","value":"//*[@id=\"__tile33\"]"}
RESULT: {"using":"xpath","value":"//*[@id=\"__tile33\"]"}
COMMAND: POST /session/79057ea016645307ab1fd2f091123dcc/element/f.82A53FFFDA245D4FC74AB3650F2065BA.d.F48E3A0BCD7453348A5CE7575C8164B5.e.809/click - {}
RESULT: undefined
COMMAND: POST /session/79057ea016645307ab1fd2f091123dcc/element - {"using":"xpath","value":"//*[@id=\"__tile33\"]"}
RESULT: {"using":"xpath","value":"//*[@id=\"__tile33\"]"}
COMMAND: POST /session/79057ea016645307ab1fd2f091123dcc/element/f.82A53FFFDA245D4FC74AB3650F2065BA.d.F48E3A0BCD7453348A5CE7575C8164B5.e.809/click - {}
RESULT: undefined
COMMAND: POST /session/79057ea016645307ab1fd2f091123dcc/execute/async - {"script":"<script> [6424 bytes]","args":[{"element-6066-11e4-a52e-4f735466cecf":"f.82A53FFFDA245D4FC74AB3650F2065BA.d.F48E3A0BCD7453348A5CE7575C8164B5.e.291"},"getTitle",[]]}
COMMAND: POST /session/79057ea016645307ab1fd2f091123dcc/execute/async - {"script":"<script> [1562 bytes]","args":[{"selector":{"id":"shellAppTitle"},"wdio_ui5_key":"shellAppTitle"}]}
RESULT: {"script":"<script> [1562 bytes]","args":[{"selector":{"id":"shellAppTitle"},"wdio_ui5_key":"shellAppTitle"}]}
COMMAND: POST /session/79057ea016645307ab1fd2f091123dcc/execute/async - {"script":"<script> [6424 bytes]","args":[{"element-6066-11e4-a52e-4f735466cecf":"f.82A53FFFDA245D4FC74AB3650F2065BA.d.F48E3A0BCD7453348A5CE7575C8164B5.e.997"},"getTitle",[]]}
RESULT: {"script":"<script> [6424 bytes]","args":[{"element-6066-11e4-a52e-4f735466cecf":"f.82A53FFFDA245D4FC74AB3650F2065BA.d.F48E3A0BCD7453348A5CE7575C8164B5.e.997"},"getTitle",[]]}
RESULT: undefined
COMMAND: POST /session/79057ea016645307ab1fd2f091123dcc/element/f.82A53FFFDA245D4FC74AB3650F2065BA.d.F48E3A0BCD7453348A5CE7575C8164B5.e.807/click - {}
RESULT: {}
COMMAND: GET /session/79057ea016645307ab1fd2f091123dcc/screenshot - {}
RESULT: {}
]]></system-out>
    </testcase>
    <testcase classname="chrome.136_0_7103_93.windows.Sanity_Tests_US104253" name="Should open Bill Of Resources page" time="36.824">
      <system-out><![CDATA[
COMMAND: POST /session/79057ea016645307ab1fd2f091123dcc/execute/async - {"script":"<script> [1562 bytes]","args":[{"selector":{"controlType":"sap.m.GenericTile","properties":{"header":"Bill Of Resources"}},"wdio_ui5_key":"sapm.GenericTile{\"header\":\"Bill Of Resources\"}"}]}
RESULT: {"script":"<script> [1562 bytes]","args":[{"selector":{"controlType":"sap.m.GenericTile","properties":{"header":"Bill Of Resources"}},"wdio_ui5_key":"sapm.GenericTile{\"header\":\"Bill Of Resources\"}"}]}
RESULT: undefined
COMMAND: POST /session/79057ea016645307ab1fd2f091123dcc/element - {"using":"xpath","value":"//*[@id=\"__tile34\"]"}
RESULT: {"using":"xpath","value":"//*[@id=\"__tile34\"]"}
COMMAND: POST /session/79057ea016645307ab1fd2f091123dcc/element/f.82A53FFFDA245D4FC74AB3650F2065BA.d.F48E3A0BCD7453348A5CE7575C8164B5.e.999/click - {}
RESULT: {}
COMMAND: GET /session/79057ea016645307ab1fd2f091123dcc/screenshot - {}
RESULT: {}
COMMAND: POST /session/79057ea016645307ab1fd2f091123dcc/elements - {"using":"xpath","value":"//span[text()='Error']"}
RESULT: {"using":"xpath","value":"//span[text()='Error']"}
RESULT: undefined
COMMAND: POST /session/79057ea016645307ab1fd2f091123dcc/element - {"using":"xpath","value":"//*[@id=\"__tile34\"]"}
RESULT: {"using":"xpath","value":"//*[@id=\"__tile34\"]"}
COMMAND: POST /session/79057ea016645307ab1fd2f091123dcc/element/f.82A53FFFDA245D4FC74AB3650F2065BA.d.F48E3A0BCD7453348A5CE7575C8164B5.e.999/click - {}
RESULT: undefined
COMMAND: POST /session/79057ea016645307ab1fd2f091123dcc/element - {"using":"xpath","value":"//*[@id=\"__tile34\"]"}
RESULT: {"using":"xpath","value":"//*[@id=\"__tile34\"]"}
COMMAND: POST /session/79057ea016645307ab1fd2f091123dcc/element/f.82A53FFFDA245D4FC74AB3650F2065BA.d.F48E3A0BCD7453348A5CE7575C8164B5.e.999/click - {}
RESULT: undefined
COMMAND: POST /session/79057ea016645307ab1fd2f091123dcc/execute/async - {"script":"<script> [6424 bytes]","args":[{"element-6066-11e4-a52e-4f735466cecf":"f.82A53FFFDA245D4FC74AB3650F2065BA.d.F48E3A0BCD7453348A5CE7575C8164B5.e.291"},"getTitle",[]]}
COMMAND: POST /session/79057ea016645307ab1fd2f091123dcc/execute/async - {"script":"<script> [1562 bytes]","args":[{"selector":{"id":"shellAppTitle"},"wdio_ui5_key":"shellAppTitle"}]}
RESULT: {"script":"<script> [1562 bytes]","args":[{"selector":{"id":"shellAppTitle"},"wdio_ui5_key":"shellAppTitle"}]}
COMMAND: POST /session/79057ea016645307ab1fd2f091123dcc/execute/async - {"script":"<script> [6424 bytes]","args":[{"element-6066-11e4-a52e-4f735466cecf":"f.82A53FFFDA245D4FC74AB3650F2065BA.d.F48E3A0BCD7453348A5CE7575C8164B5.e.1103"},"getTitle",[]]}
RESULT: {"script":"<script> [6424 bytes]","args":[{"element-6066-11e4-a52e-4f735466cecf":"f.82A53FFFDA245D4FC74AB3650F2065BA.d.F48E3A0BCD7453348A5CE7575C8164B5.e.1103"},"getTitle",[]]}
RESULT: undefined
COMMAND: POST /session/79057ea016645307ab1fd2f091123dcc/element/f.82A53FFFDA245D4FC74AB3650F2065BA.d.F48E3A0BCD7453348A5CE7575C8164B5.e.807/click - {}
COMMAND: POST /session/79057ea016645307ab1fd2f091123dcc/element - {"using":"xpath","value":"//*[@id=\"backBtn\"]"}
RESULT: {"using":"xpath","value":"//*[@id=\"backBtn\"]"}
COMMAND: POST /session/79057ea016645307ab1fd2f091123dcc/element/f.82A53FFFDA245D4FC74AB3650F2065BA.d.F48E3A0BCD7453348A5CE7575C8164B5.e.807/click - {}
COMMAND: POST /session/79057ea016645307ab1fd2f091123dcc/element - {"using":"xpath","value":"//*[@id=\"backBtn\"]"}
RESULT: {"using":"xpath","value":"//*[@id=\"backBtn\"]"}
COMMAND: POST /session/79057ea016645307ab1fd2f091123dcc/element/f.82A53FFFDA245D4FC74AB3650F2065BA.d.F48E3A0BCD7453348A5CE7575C8164B5.e.1104/click - {}
RESULT: {}
COMMAND: GET /session/79057ea016645307ab1fd2f091123dcc/screenshot - {}
RESULT: {}
]]></system-out>
    </testcase>
    <testcase classname="chrome.136_0_7103_93.windows.Sanity_Tests_US104253" name="Should open Manage Yards page" time="37.25">
      <system-out><![CDATA[
COMMAND: POST /session/79057ea016645307ab1fd2f091123dcc/execute/async - {"script":"<script> [1562 bytes]","args":[{"selector":{"controlType":"sap.m.GenericTile","properties":{"header":"Manage Yards"}},"wdio_ui5_key":"sapm.GenericTile{\"header\":\"Manage Yards\"}"}]}
RESULT: {"script":"<script> [1562 bytes]","args":[{"selector":{"controlType":"sap.m.GenericTile","properties":{"header":"Manage Yards"}},"wdio_ui5_key":"sapm.GenericTile{\"header\":\"Manage Yards\"}"}]}
RESULT: undefined
COMMAND: POST /session/79057ea016645307ab1fd2f091123dcc/element - {"using":"xpath","value":"//*[@id=\"__tile41\"]"}
RESULT: {"using":"xpath","value":"//*[@id=\"__tile41\"]"}
COMMAND: POST /session/79057ea016645307ab1fd2f091123dcc/element/f.82A53FFFDA245D4FC74AB3650F2065BA.d.F48E3A0BCD7453348A5CE7575C8164B5.e.1106/click - {}
RESULT: {}
COMMAND: GET /session/79057ea016645307ab1fd2f091123dcc/screenshot - {}
RESULT: {}
COMMAND: POST /session/79057ea016645307ab1fd2f091123dcc/elements - {"using":"xpath","value":"//span[text()='Error']"}
RESULT: {"using":"xpath","value":"//span[text()='Error']"}
RESULT: undefined
COMMAND: POST /session/79057ea016645307ab1fd2f091123dcc/element - {"using":"xpath","value":"//*[@id=\"__tile41\"]"}
RESULT: {"using":"xpath","value":"//*[@id=\"__tile41\"]"}
COMMAND: POST /session/79057ea016645307ab1fd2f091123dcc/element/f.82A53FFFDA245D4FC74AB3650F2065BA.d.F48E3A0BCD7453348A5CE7575C8164B5.e.1106/click - {}
RESULT: undefined
COMMAND: POST /session/79057ea016645307ab1fd2f091123dcc/element - {"using":"xpath","value":"//*[@id=\"__tile41\"]"}
RESULT: {"using":"xpath","value":"//*[@id=\"__tile41\"]"}
COMMAND: POST /session/79057ea016645307ab1fd2f091123dcc/element/f.82A53FFFDA245D4FC74AB3650F2065BA.d.F48E3A0BCD7453348A5CE7575C8164B5.e.1106/click - {}
RESULT: undefined
COMMAND: POST /session/79057ea016645307ab1fd2f091123dcc/execute/async - {"script":"<script> [6424 bytes]","args":[{"element-6066-11e4-a52e-4f735466cecf":"f.82A53FFFDA245D4FC74AB3650F2065BA.d.F48E3A0BCD7453348A5CE7575C8164B5.e.291"},"getTitle",[]]}
COMMAND: POST /session/79057ea016645307ab1fd2f091123dcc/execute/async - {"script":"<script> [1562 bytes]","args":[{"selector":{"id":"shellAppTitle"},"wdio_ui5_key":"shellAppTitle"}]}
RESULT: {"script":"<script> [1562 bytes]","args":[{"selector":{"id":"shellAppTitle"},"wdio_ui5_key":"shellAppTitle"}]}
COMMAND: POST /session/79057ea016645307ab1fd2f091123dcc/execute/async - {"script":"<script> [6424 bytes]","args":[{"element-6066-11e4-a52e-4f735466cecf":"f.82A53FFFDA245D4FC74AB3650F2065BA.d.F48E3A0BCD7453348A5CE7575C8164B5.e.1441"},"getTitle",[]]}
RESULT: {"script":"<script> [6424 bytes]","args":[{"element-6066-11e4-a52e-4f735466cecf":"f.82A53FFFDA245D4FC74AB3650F2065BA.d.F48E3A0BCD7453348A5CE7575C8164B5.e.1441"},"getTitle",[]]}
RESULT: undefined
COMMAND: POST /session/79057ea016645307ab1fd2f091123dcc/element/f.82A53FFFDA245D4FC74AB3650F2065BA.d.F48E3A0BCD7453348A5CE7575C8164B5.e.1104/click - {}
RESULT: {}
COMMAND: GET /session/79057ea016645307ab1fd2f091123dcc/screenshot - {}
RESULT: {}
]]></system-out>
    </testcase>
    <testcase classname="chrome.136_0_7103_93.windows.Sanity_Tests_US104253" name="Should open Manage Requests page" time="37.471">
      <system-out><![CDATA[
COMMAND: POST /session/79057ea016645307ab1fd2f091123dcc/execute/async - {"script":"<script> [1562 bytes]","args":[{"selector":{"controlType":"sap.m.GenericTile","properties":{"header":"Manage Requests"}},"wdio_ui5_key":"sapm.GenericTile{\"header\":\"Manage Requests\"}"}]}
RESULT: {"script":"<script> [1562 bytes]","args":[{"selector":{"controlType":"sap.m.GenericTile","properties":{"header":"Manage Requests"}},"wdio_ui5_key":"sapm.GenericTile{\"header\":\"Manage Requests\"}"}]}
RESULT: undefined
COMMAND: POST /session/79057ea016645307ab1fd2f091123dcc/element - {"using":"xpath","value":"//*[@id=\"__tile47\"]"}
RESULT: {"using":"xpath","value":"//*[@id=\"__tile47\"]"}
COMMAND: POST /session/79057ea016645307ab1fd2f091123dcc/element/f.82A53FFFDA245D4FC74AB3650F2065BA.d.F48E3A0BCD7453348A5CE7575C8164B5.e.1443/click - {}
RESULT: {}
COMMAND: GET /session/79057ea016645307ab1fd2f091123dcc/screenshot - {}
RESULT: {}
COMMAND: POST /session/79057ea016645307ab1fd2f091123dcc/elements - {"using":"xpath","value":"//span[text()='Error']"}
RESULT: {"using":"xpath","value":"//span[text()='Error']"}
RESULT: undefined
COMMAND: POST /session/79057ea016645307ab1fd2f091123dcc/element - {"using":"xpath","value":"//*[@id=\"__tile47\"]"}
RESULT: {"using":"xpath","value":"//*[@id=\"__tile47\"]"}
COMMAND: POST /session/79057ea016645307ab1fd2f091123dcc/element/f.82A53FFFDA245D4FC74AB3650F2065BA.d.F48E3A0BCD7453348A5CE7575C8164B5.e.1443/click - {}
RESULT: undefined
COMMAND: POST /session/79057ea016645307ab1fd2f091123dcc/element - {"using":"xpath","value":"//*[@id=\"__tile47\"]"}
RESULT: {"using":"xpath","value":"//*[@id=\"__tile47\"]"}
COMMAND: POST /session/79057ea016645307ab1fd2f091123dcc/element/f.82A53FFFDA245D4FC74AB3650F2065BA.d.F48E3A0BCD7453348A5CE7575C8164B5.e.1443/click - {}
RESULT: undefined
COMMAND: POST /session/79057ea016645307ab1fd2f091123dcc/execute/async - {"script":"<script> [6424 bytes]","args":[{"element-6066-11e4-a52e-4f735466cecf":"f.82A53FFFDA245D4FC74AB3650F2065BA.d.F48E3A0BCD7453348A5CE7575C8164B5.e.291"},"getTitle",[]]}
COMMAND: POST /session/79057ea016645307ab1fd2f091123dcc/execute/async - {"script":"<script> [1562 bytes]","args":[{"selector":{"id":"shellAppTitle"},"wdio_ui5_key":"shellAppTitle"}]}
RESULT: {"script":"<script> [1562 bytes]","args":[{"selector":{"id":"shellAppTitle"},"wdio_ui5_key":"shellAppTitle"}]}
COMMAND: POST /session/79057ea016645307ab1fd2f091123dcc/execute/async - {"script":"<script> [6424 bytes]","args":[{"element-6066-11e4-a52e-4f735466cecf":"f.82A53FFFDA245D4FC74AB3650F2065BA.d.F48E3A0BCD7453348A5CE7575C8164B5.e.1540"},"getTitle",[]]}
RESULT: {"script":"<script> [6424 bytes]","args":[{"element-6066-11e4-a52e-4f735466cecf":"f.82A53FFFDA245D4FC74AB3650F2065BA.d.F48E3A0BCD7453348A5CE7575C8164B5.e.1540"},"getTitle",[]]}
RESULT: undefined
COMMAND: POST /session/79057ea016645307ab1fd2f091123dcc/element/f.82A53FFFDA245D4FC74AB3650F2065BA.d.F48E3A0BCD7453348A5CE7575C8164B5.e.1104/click - {}
COMMAND: POST /session/79057ea016645307ab1fd2f091123dcc/element - {"using":"xpath","value":"//*[@id=\"backBtn\"]"}
RESULT: {"using":"xpath","value":"//*[@id=\"backBtn\"]"}
COMMAND: POST /session/79057ea016645307ab1fd2f091123dcc/element/f.82A53FFFDA245D4FC74AB3650F2065BA.d.F48E3A0BCD7453348A5CE7575C8164B5.e.1104/click - {}
COMMAND: POST /session/79057ea016645307ab1fd2f091123dcc/element - {"using":"xpath","value":"//*[@id=\"backBtn\"]"}
RESULT: {"using":"xpath","value":"//*[@id=\"backBtn\"]"}
COMMAND: POST /session/79057ea016645307ab1fd2f091123dcc/element/f.82A53FFFDA245D4FC74AB3650F2065BA.d.F48E3A0BCD7453348A5CE7575C8164B5.e.1541/click - {}
RESULT: {}
COMMAND: GET /session/79057ea016645307ab1fd2f091123dcc/screenshot - {}
RESULT: {}
]]></system-out>
    </testcase>
    <testcase classname="chrome.136_0_7103_93.windows.Sanity_Tests_US104253" name="Should open Manage Purchasing page" time="37.157">
      <system-out><![CDATA[
COMMAND: POST /session/79057ea016645307ab1fd2f091123dcc/execute/async - {"script":"<script> [1562 bytes]","args":[{"selector":{"controlType":"sap.m.GenericTile","properties":{"header":"Manage Purchasing"}},"wdio_ui5_key":"sapm.GenericTile{\"header\":\"Manage Purchasing\"}"}]}
RESULT: {"script":"<script> [1562 bytes]","args":[{"selector":{"controlType":"sap.m.GenericTile","properties":{"header":"Manage Purchasing"}},"wdio_ui5_key":"sapm.GenericTile{\"header\":\"Manage Purchasing\"}"}]}
RESULT: undefined
COMMAND: POST /session/79057ea016645307ab1fd2f091123dcc/element - {"using":"xpath","value":"//*[@id=\"__tile46\"]"}
RESULT: {"using":"xpath","value":"//*[@id=\"__tile46\"]"}
COMMAND: POST /session/79057ea016645307ab1fd2f091123dcc/element/f.82A53FFFDA245D4FC74AB3650F2065BA.d.F48E3A0BCD7453348A5CE7575C8164B5.e.1544/click - {}
RESULT: {}
COMMAND: GET /session/79057ea016645307ab1fd2f091123dcc/screenshot - {}
RESULT: {}
COMMAND: POST /session/79057ea016645307ab1fd2f091123dcc/elements - {"using":"xpath","value":"//span[text()='Error']"}
RESULT: {"using":"xpath","value":"//span[text()='Error']"}
RESULT: undefined
COMMAND: POST /session/79057ea016645307ab1fd2f091123dcc/element - {"using":"xpath","value":"//*[@id=\"__tile46\"]"}
RESULT: {"using":"xpath","value":"//*[@id=\"__tile46\"]"}
COMMAND: POST /session/79057ea016645307ab1fd2f091123dcc/element/f.82A53FFFDA245D4FC74AB3650F2065BA.d.F48E3A0BCD7453348A5CE7575C8164B5.e.1544/click - {}
RESULT: undefined
COMMAND: POST /session/79057ea016645307ab1fd2f091123dcc/element - {"using":"xpath","value":"//*[@id=\"__tile46\"]"}
RESULT: {"using":"xpath","value":"//*[@id=\"__tile46\"]"}
COMMAND: POST /session/79057ea016645307ab1fd2f091123dcc/element/f.82A53FFFDA245D4FC74AB3650F2065BA.d.F48E3A0BCD7453348A5CE7575C8164B5.e.1544/click - {}
RESULT: undefined
COMMAND: POST /session/79057ea016645307ab1fd2f091123dcc/execute/async - {"script":"<script> [6424 bytes]","args":[{"element-6066-11e4-a52e-4f735466cecf":"f.82A53FFFDA245D4FC74AB3650F2065BA.d.F48E3A0BCD7453348A5CE7575C8164B5.e.291"},"getTitle",[]]}
COMMAND: POST /session/79057ea016645307ab1fd2f091123dcc/execute/async - {"script":"<script> [1562 bytes]","args":[{"selector":{"id":"shellAppTitle"},"wdio_ui5_key":"shellAppTitle"}]}
RESULT: {"script":"<script> [1562 bytes]","args":[{"selector":{"id":"shellAppTitle"},"wdio_ui5_key":"shellAppTitle"}]}
COMMAND: POST /session/79057ea016645307ab1fd2f091123dcc/execute/async - {"script":"<script> [6424 bytes]","args":[{"element-6066-11e4-a52e-4f735466cecf":"f.82A53FFFDA245D4FC74AB3650F2065BA.d.F48E3A0BCD7453348A5CE7575C8164B5.e.1627"},"getTitle",[]]}
RESULT: {"script":"<script> [6424 bytes]","args":[{"element-6066-11e4-a52e-4f735466cecf":"f.82A53FFFDA245D4FC74AB3650F2065BA.d.F48E3A0BCD7453348A5CE7575C8164B5.e.1627"},"getTitle",[]]}
RESULT: undefined
COMMAND: POST /session/79057ea016645307ab1fd2f091123dcc/element/f.82A53FFFDA245D4FC74AB3650F2065BA.d.F48E3A0BCD7453348A5CE7575C8164B5.e.1541/click - {}
RESULT: {}
COMMAND: GET /session/79057ea016645307ab1fd2f091123dcc/screenshot - {}
RESULT: {}
]]></system-out>
    </testcase>
    <testcase classname="chrome.136_0_7103_93.windows.Sanity_Tests_US104253" name="Should open Planning Board page" time="37.647">
      <system-out><![CDATA[
COMMAND: POST /session/79057ea016645307ab1fd2f091123dcc/execute/async - {"script":"<script> [1562 bytes]","args":[{"selector":{"controlType":"sap.m.GenericTile","properties":{"header":"Planning Board"}},"wdio_ui5_key":"sapm.GenericTile{\"header\":\"Planning Board\"}"}]}
RESULT: {"script":"<script> [1562 bytes]","args":[{"selector":{"controlType":"sap.m.GenericTile","properties":{"header":"Planning Board"}},"wdio_ui5_key":"sapm.GenericTile{\"header\":\"Planning Board\"}"}]}
RESULT: undefined
COMMAND: POST /session/79057ea016645307ab1fd2f091123dcc/element - {"using":"xpath","value":"//*[@id=\"__tile131\"]"}
RESULT: {"using":"xpath","value":"//*[@id=\"__tile131\"]"}
COMMAND: POST /session/79057ea016645307ab1fd2f091123dcc/element/f.82A53FFFDA245D4FC74AB3650F2065BA.d.F48E3A0BCD7453348A5CE7575C8164B5.e.1629/click - {}
RESULT: {}
COMMAND: GET /session/79057ea016645307ab1fd2f091123dcc/screenshot - {}
RESULT: {}
COMMAND: POST /session/79057ea016645307ab1fd2f091123dcc/elements - {"using":"xpath","value":"//span[text()='Error']"}
RESULT: {"using":"xpath","value":"//span[text()='Error']"}
RESULT: undefined
COMMAND: POST /session/79057ea016645307ab1fd2f091123dcc/element - {"using":"xpath","value":"//*[@id=\"__tile131\"]"}
RESULT: {"using":"xpath","value":"//*[@id=\"__tile131\"]"}
COMMAND: POST /session/79057ea016645307ab1fd2f091123dcc/element/f.82A53FFFDA245D4FC74AB3650F2065BA.d.F48E3A0BCD7453348A5CE7575C8164B5.e.1629/click - {}
RESULT: undefined
COMMAND: POST /session/79057ea016645307ab1fd2f091123dcc/element - {"using":"xpath","value":"//*[@id=\"__tile131\"]"}
RESULT: {"using":"xpath","value":"//*[@id=\"__tile131\"]"}
COMMAND: POST /session/79057ea016645307ab1fd2f091123dcc/element/f.82A53FFFDA245D4FC74AB3650F2065BA.d.F48E3A0BCD7453348A5CE7575C8164B5.e.1629/click - {}
RESULT: undefined
COMMAND: POST /session/79057ea016645307ab1fd2f091123dcc/execute/async - {"script":"<script> [6424 bytes]","args":[{"element-6066-11e4-a52e-4f735466cecf":"f.82A53FFFDA245D4FC74AB3650F2065BA.d.F48E3A0BCD7453348A5CE7575C8164B5.e.291"},"getTitle",[]]}
COMMAND: POST /session/79057ea016645307ab1fd2f091123dcc/execute/async - {"script":"<script> [1562 bytes]","args":[{"selector":{"id":"shellAppTitle"},"wdio_ui5_key":"shellAppTitle"}]}
RESULT: {"script":"<script> [1562 bytes]","args":[{"selector":{"id":"shellAppTitle"},"wdio_ui5_key":"shellAppTitle"}]}
COMMAND: POST /session/79057ea016645307ab1fd2f091123dcc/execute/async - {"script":"<script> [6424 bytes]","args":[{"element-6066-11e4-a52e-4f735466cecf":"f.82A53FFFDA245D4FC74AB3650F2065BA.d.F48E3A0BCD7453348A5CE7575C8164B5.e.1683"},"getTitle",[]]}
RESULT: {"script":"<script> [6424 bytes]","args":[{"element-6066-11e4-a52e-4f735466cecf":"f.82A53FFFDA245D4FC74AB3650F2065BA.d.F48E3A0BCD7453348A5CE7575C8164B5.e.1683"},"getTitle",[]]}
RESULT: undefined
COMMAND: POST /session/79057ea016645307ab1fd2f091123dcc/element/f.82A53FFFDA245D4FC74AB3650F2065BA.d.F48E3A0BCD7453348A5CE7575C8164B5.e.1541/click - {}
COMMAND: POST /session/79057ea016645307ab1fd2f091123dcc/element/f.82A53FFFDA245D4FC74AB3650F2065BA.d.F48E3A0BCD7453348A5CE7575C8164B5.e.1541/click - {}
COMMAND: POST /session/79057ea016645307ab1fd2f091123dcc/element - {"using":"xpath","value":"//*[@id=\"backBtn\"]"}
COMMAND: POST /session/79057ea016645307ab1fd2f091123dcc/element - {"using":"xpath","value":"//*[@id=\"backBtn\"]"}
RESULT: {"using":"xpath","value":"//*[@id=\"backBtn\"]"}
COMMAND: POST /session/79057ea016645307ab1fd2f091123dcc/element/f.82A53FFFDA245D4FC74AB3650F2065BA.d.F48E3A0BCD7453348A5CE7575C8164B5.e.1541/click - {}
RESULT: {"using":"xpath","value":"//*[@id=\"backBtn\"]"}
COMMAND: POST /session/79057ea016645307ab1fd2f091123dcc/element/f.82A53FFFDA245D4FC74AB3650F2065BA.d.F48E3A0BCD7453348A5CE7575C8164B5.e.1541/click - {}
COMMAND: POST /session/79057ea016645307ab1fd2f091123dcc/element - {"using":"xpath","value":"//*[@id=\"backBtn\"]"}
COMMAND: POST /session/79057ea016645307ab1fd2f091123dcc/element - {"using":"xpath","value":"//*[@id=\"backBtn\"]"}
RESULT: {"using":"xpath","value":"//*[@id=\"backBtn\"]"}
COMMAND: POST /session/79057ea016645307ab1fd2f091123dcc/element/f.82A53FFFDA245D4FC74AB3650F2065BA.d.F48E3A0BCD7453348A5CE7575C8164B5.e.1684/click - {}
RESULT: {"using":"xpath","value":"//*[@id=\"backBtn\"]"}
COMMAND: POST /session/79057ea016645307ab1fd2f091123dcc/element/f.82A53FFFDA245D4FC74AB3650F2065BA.d.F48E3A0BCD7453348A5CE7575C8164B5.e.1684/click - {}
RESULT: {}
COMMAND: GET /session/79057ea016645307ab1fd2f091123dcc/screenshot - {}
RESULT: {}
COMMAND: GET /session/79057ea016645307ab1fd2f091123dcc/screenshot - {}
RESULT: {}
RESULT: {}
]]></system-out>
    </testcase>
    <testcase classname="chrome.136_0_7103_93.windows.Sanity_Tests_US104253" name="Should open Manage Contracts page" time="36.32">
      <system-out><![CDATA[
COMMAND: POST /session/79057ea016645307ab1fd2f091123dcc/execute/async - {"script":"<script> [1562 bytes]","args":[{"selector":{"controlType":"sap.m.GenericTile","properties":{"header":"Manage Contracts"}},"wdio_ui5_key":"sapm.GenericTile{\"header\":\"Manage Contracts\"}"}]}
RESULT: {"script":"<script> [1562 bytes]","args":[{"selector":{"controlType":"sap.m.GenericTile","properties":{"header":"Manage Contracts"}},"wdio_ui5_key":"sapm.GenericTile{\"header\":\"Manage Contracts\"}"}]}
RESULT: undefined
COMMAND: POST /session/79057ea016645307ab1fd2f091123dcc/element - {"using":"xpath","value":"//*[@id=\"__tile132\"]"}
RESULT: {"using":"xpath","value":"//*[@id=\"__tile132\"]"}
COMMAND: POST /session/79057ea016645307ab1fd2f091123dcc/element/f.82A53FFFDA245D4FC74AB3650F2065BA.d.F48E3A0BCD7453348A5CE7575C8164B5.e.1686/click - {}
RESULT: {}
COMMAND: GET /session/79057ea016645307ab1fd2f091123dcc/screenshot - {}
RESULT: {}
COMMAND: POST /session/79057ea016645307ab1fd2f091123dcc/elements - {"using":"xpath","value":"//span[text()='Error']"}
RESULT: {"using":"xpath","value":"//span[text()='Error']"}
RESULT: undefined
COMMAND: POST /session/79057ea016645307ab1fd2f091123dcc/element - {"using":"xpath","value":"//*[@id=\"__tile132\"]"}
RESULT: {"using":"xpath","value":"//*[@id=\"__tile132\"]"}
COMMAND: POST /session/79057ea016645307ab1fd2f091123dcc/element/f.82A53FFFDA245D4FC74AB3650F2065BA.d.F48E3A0BCD7453348A5CE7575C8164B5.e.1686/click - {}
RESULT: undefined
COMMAND: POST /session/79057ea016645307ab1fd2f091123dcc/element - {"using":"xpath","value":"//*[@id=\"__tile132\"]"}
RESULT: {"using":"xpath","value":"//*[@id=\"__tile132\"]"}
COMMAND: POST /session/79057ea016645307ab1fd2f091123dcc/element/f.82A53FFFDA245D4FC74AB3650F2065BA.d.F48E3A0BCD7453348A5CE7575C8164B5.e.1686/click - {}
RESULT: undefined
COMMAND: POST /session/79057ea016645307ab1fd2f091123dcc/execute/async - {"script":"<script> [6424 bytes]","args":[{"element-6066-11e4-a52e-4f735466cecf":"f.82A53FFFDA245D4FC74AB3650F2065BA.d.F48E3A0BCD7453348A5CE7575C8164B5.e.291"},"getTitle",[]]}
COMMAND: POST /session/79057ea016645307ab1fd2f091123dcc/execute/async - {"script":"<script> [1562 bytes]","args":[{"selector":{"id":"shellAppTitle"},"wdio_ui5_key":"shellAppTitle"}]}
RESULT: {"script":"<script> [1562 bytes]","args":[{"selector":{"id":"shellAppTitle"},"wdio_ui5_key":"shellAppTitle"}]}
COMMAND: POST /session/79057ea016645307ab1fd2f091123dcc/execute/async - {"script":"<script> [6424 bytes]","args":[{"element-6066-11e4-a52e-4f735466cecf":"f.82A53FFFDA245D4FC74AB3650F2065BA.d.F48E3A0BCD7453348A5CE7575C8164B5.e.1746"},"getTitle",[]]}
RESULT: {"script":"<script> [6424 bytes]","args":[{"element-6066-11e4-a52e-4f735466cecf":"f.82A53FFFDA245D4FC74AB3650F2065BA.d.F48E3A0BCD7453348A5CE7575C8164B5.e.1746"},"getTitle",[]]}
RESULT: undefined
COMMAND: POST /session/79057ea016645307ab1fd2f091123dcc/element/f.82A53FFFDA245D4FC74AB3650F2065BA.d.F48E3A0BCD7453348A5CE7575C8164B5.e.1684/click - {}
RESULT: {}
COMMAND: GET /session/79057ea016645307ab1fd2f091123dcc/screenshot - {}
RESULT: {}
]]></system-out>
    </testcase>
    <testcase classname="chrome.136_0_7103_93.windows.Sanity_Tests_US104253" name="Should open Manage Quotations page" time="37.076">
      <system-out><![CDATA[
COMMAND: POST /session/79057ea016645307ab1fd2f091123dcc/execute/async - {"script":"<script> [1562 bytes]","args":[{"selector":{"controlType":"sap.m.GenericTile","properties":{"header":"Manage Quotations"}},"wdio_ui5_key":"sapm.GenericTile{\"header\":\"Manage Quotations\"}"}]}
RESULT: {"script":"<script> [1562 bytes]","args":[{"selector":{"controlType":"sap.m.GenericTile","properties":{"header":"Manage Quotations"}},"wdio_ui5_key":"sapm.GenericTile{\"header\":\"Manage Quotations\"}"}]}
RESULT: undefined
COMMAND: POST /session/79057ea016645307ab1fd2f091123dcc/element - {"using":"xpath","value":"//*[@id=\"__tile130\"]"}
RESULT: {"using":"xpath","value":"//*[@id=\"__tile130\"]"}
COMMAND: POST /session/79057ea016645307ab1fd2f091123dcc/element/f.82A53FFFDA245D4FC74AB3650F2065BA.d.F48E3A0BCD7453348A5CE7575C8164B5.e.1748/click - {}
RESULT: {}
COMMAND: GET /session/79057ea016645307ab1fd2f091123dcc/screenshot - {}
RESULT: {}
COMMAND: POST /session/79057ea016645307ab1fd2f091123dcc/elements - {"using":"xpath","value":"//span[text()='Error']"}
RESULT: {"using":"xpath","value":"//span[text()='Error']"}
RESULT: undefined
COMMAND: POST /session/79057ea016645307ab1fd2f091123dcc/element - {"using":"xpath","value":"//*[@id=\"__tile130\"]"}
RESULT: {"using":"xpath","value":"//*[@id=\"__tile130\"]"}
COMMAND: POST /session/79057ea016645307ab1fd2f091123dcc/element/f.82A53FFFDA245D4FC74AB3650F2065BA.d.F48E3A0BCD7453348A5CE7575C8164B5.e.1748/click - {}
RESULT: undefined
COMMAND: POST /session/79057ea016645307ab1fd2f091123dcc/element - {"using":"xpath","value":"//*[@id=\"__tile130\"]"}
RESULT: {"using":"xpath","value":"//*[@id=\"__tile130\"]"}
COMMAND: POST /session/79057ea016645307ab1fd2f091123dcc/element/f.82A53FFFDA245D4FC74AB3650F2065BA.d.F48E3A0BCD7453348A5CE7575C8164B5.e.1748/click - {}
RESULT: undefined
COMMAND: POST /session/79057ea016645307ab1fd2f091123dcc/execute/async - {"script":"<script> [6424 bytes]","args":[{"element-6066-11e4-a52e-4f735466cecf":"f.82A53FFFDA245D4FC74AB3650F2065BA.d.F48E3A0BCD7453348A5CE7575C8164B5.e.291"},"getTitle",[]]}
COMMAND: POST /session/79057ea016645307ab1fd2f091123dcc/execute/async - {"script":"<script> [1562 bytes]","args":[{"selector":{"id":"shellAppTitle"},"wdio_ui5_key":"shellAppTitle"}]}
RESULT: {"script":"<script> [1562 bytes]","args":[{"selector":{"id":"shellAppTitle"},"wdio_ui5_key":"shellAppTitle"}]}
COMMAND: POST /session/79057ea016645307ab1fd2f091123dcc/execute/async - {"script":"<script> [6424 bytes]","args":[{"element-6066-11e4-a52e-4f735466cecf":"f.82A53FFFDA245D4FC74AB3650F2065BA.d.F48E3A0BCD7453348A5CE7575C8164B5.e.1823"},"getTitle",[]]}
RESULT: {"script":"<script> [6424 bytes]","args":[{"element-6066-11e4-a52e-4f735466cecf":"f.82A53FFFDA245D4FC74AB3650F2065BA.d.F48E3A0BCD7453348A5CE7575C8164B5.e.1823"},"getTitle",[]]}
RESULT: undefined
COMMAND: POST /session/79057ea016645307ab1fd2f091123dcc/element/f.82A53FFFDA245D4FC74AB3650F2065BA.d.F48E3A0BCD7453348A5CE7575C8164B5.e.1684/click - {}
COMMAND: POST /session/79057ea016645307ab1fd2f091123dcc/element - {"using":"xpath","value":"//*[@id=\"backBtn\"]"}
RESULT: {"using":"xpath","value":"//*[@id=\"backBtn\"]"}
COMMAND: POST /session/79057ea016645307ab1fd2f091123dcc/element/f.82A53FFFDA245D4FC74AB3650F2065BA.d.F48E3A0BCD7453348A5CE7575C8164B5.e.1684/click - {}
COMMAND: POST /session/79057ea016645307ab1fd2f091123dcc/element - {"using":"xpath","value":"//*[@id=\"backBtn\"]"}
RESULT: {"using":"xpath","value":"//*[@id=\"backBtn\"]"}
COMMAND: POST /session/79057ea016645307ab1fd2f091123dcc/element/f.82A53FFFDA245D4FC74AB3650F2065BA.d.F48E3A0BCD7453348A5CE7575C8164B5.e.1824/click - {}
RESULT: {}
COMMAND: GET /session/79057ea016645307ab1fd2f091123dcc/screenshot - {}
RESULT: {}
]]></system-out>
    </testcase>
    <testcase classname="chrome.136_0_7103_93.windows.Sanity_Tests_US104253" name="Should open Manage Handovers page" time="39.079">
      <system-out><![CDATA[
COMMAND: POST /session/79057ea016645307ab1fd2f091123dcc/execute/async - {"script":"<script> [1562 bytes]","args":[{"selector":{"controlType":"sap.m.GenericTile","properties":{"header":"Manage Handovers"}},"wdio_ui5_key":"sapm.GenericTile{\"header\":\"Manage Handovers\"}"}]}
RESULT: {"script":"<script> [1562 bytes]","args":[{"selector":{"controlType":"sap.m.GenericTile","properties":{"header":"Manage Handovers"}},"wdio_ui5_key":"sapm.GenericTile{\"header\":\"Manage Handovers\"}"}]}
RESULT: undefined
COMMAND: POST /session/79057ea016645307ab1fd2f091123dcc/element - {"using":"xpath","value":"//*[@id=\"__tile133\"]"}
RESULT: {"using":"xpath","value":"//*[@id=\"__tile133\"]"}
COMMAND: POST /session/79057ea016645307ab1fd2f091123dcc/element/f.82A53FFFDA245D4FC74AB3650F2065BA.d.F48E3A0BCD7453348A5CE7575C8164B5.e.1826/click - {}
RESULT: {}
COMMAND: GET /session/79057ea016645307ab1fd2f091123dcc/screenshot - {}
RESULT: {}
COMMAND: POST /session/79057ea016645307ab1fd2f091123dcc/elements - {"using":"xpath","value":"//span[text()='Error']"}
RESULT: {"using":"xpath","value":"//span[text()='Error']"}
RESULT: undefined
COMMAND: POST /session/79057ea016645307ab1fd2f091123dcc/element - {"using":"xpath","value":"//*[@id=\"__tile133\"]"}
RESULT: {"using":"xpath","value":"//*[@id=\"__tile133\"]"}
COMMAND: POST /session/79057ea016645307ab1fd2f091123dcc/element/f.82A53FFFDA245D4FC74AB3650F2065BA.d.F48E3A0BCD7453348A5CE7575C8164B5.e.1826/click - {}
RESULT: undefined
COMMAND: POST /session/79057ea016645307ab1fd2f091123dcc/element - {"using":"xpath","value":"//*[@id=\"__tile133\"]"}
RESULT: {"using":"xpath","value":"//*[@id=\"__tile133\"]"}
COMMAND: POST /session/79057ea016645307ab1fd2f091123dcc/element/f.82A53FFFDA245D4FC74AB3650F2065BA.d.F48E3A0BCD7453348A5CE7575C8164B5.e.1826/click - {}
RESULT: undefined
COMMAND: POST /session/79057ea016645307ab1fd2f091123dcc/execute/async - {"script":"<script> [6424 bytes]","args":[{"element-6066-11e4-a52e-4f735466cecf":"f.82A53FFFDA245D4FC74AB3650F2065BA.d.F48E3A0BCD7453348A5CE7575C8164B5.e.291"},"getTitle",[]]}
COMMAND: POST /session/79057ea016645307ab1fd2f091123dcc/execute/async - {"script":"<script> [1562 bytes]","args":[{"selector":{"id":"shellAppTitle"},"wdio_ui5_key":"shellAppTitle"}]}
RESULT: {"script":"<script> [1562 bytes]","args":[{"selector":{"id":"shellAppTitle"},"wdio_ui5_key":"shellAppTitle"}]}
COMMAND: POST /session/79057ea016645307ab1fd2f091123dcc/execute/async - {"script":"<script> [6424 bytes]","args":[{"element-6066-11e4-a52e-4f735466cecf":"f.82A53FFFDA245D4FC74AB3650F2065BA.d.F48E3A0BCD7453348A5CE7575C8164B5.e.1933"},"getTitle",[]]}
RESULT: {"script":"<script> [6424 bytes]","args":[{"element-6066-11e4-a52e-4f735466cecf":"f.82A53FFFDA245D4FC74AB3650F2065BA.d.F48E3A0BCD7453348A5CE7575C8164B5.e.1933"},"getTitle",[]]}
RESULT: undefined
COMMAND: POST /session/79057ea016645307ab1fd2f091123dcc/element/f.82A53FFFDA245D4FC74AB3650F2065BA.d.F48E3A0BCD7453348A5CE7575C8164B5.e.1824/click - {}
RESULT: {}
COMMAND: GET /session/79057ea016645307ab1fd2f091123dcc/screenshot - {}
RESULT: {}
]]></system-out>
    </testcase>
    <testcase classname="chrome.136_0_7103_93.windows.Sanity_Tests_US104253" name="Should open Delivery Monitor page" time="37.29">
      <system-out><![CDATA[
COMMAND: POST /session/79057ea016645307ab1fd2f091123dcc/execute/async - {"script":"<script> [1562 bytes]","args":[{"selector":{"controlType":"sap.m.GenericTile","properties":{"header":"Delivery Monitor"}},"wdio_ui5_key":"sapm.GenericTile{\"header\":\"Delivery Monitor\"}"}]}
RESULT: {"script":"<script> [1562 bytes]","args":[{"selector":{"controlType":"sap.m.GenericTile","properties":{"header":"Delivery Monitor"}},"wdio_ui5_key":"sapm.GenericTile{\"header\":\"Delivery Monitor\"}"}]}
RESULT: undefined
COMMAND: POST /session/79057ea016645307ab1fd2f091123dcc/element - {"using":"xpath","value":"//*[@id=\"__tile43\"]"}
RESULT: {"using":"xpath","value":"//*[@id=\"__tile43\"]"}
COMMAND: POST /session/79057ea016645307ab1fd2f091123dcc/element/f.82A53FFFDA245D4FC74AB3650F2065BA.d.F48E3A0BCD7453348A5CE7575C8164B5.e.1935/click - {}
RESULT: {}
COMMAND: GET /session/79057ea016645307ab1fd2f091123dcc/screenshot - {}
RESULT: {}
COMMAND: POST /session/79057ea016645307ab1fd2f091123dcc/elements - {"using":"xpath","value":"//span[text()='Error']"}
RESULT: {"using":"xpath","value":"//span[text()='Error']"}
RESULT: undefined
COMMAND: POST /session/79057ea016645307ab1fd2f091123dcc/element - {"using":"xpath","value":"//*[@id=\"__tile43\"]"}
RESULT: {"using":"xpath","value":"//*[@id=\"__tile43\"]"}
COMMAND: POST /session/79057ea016645307ab1fd2f091123dcc/element/f.82A53FFFDA245D4FC74AB3650F2065BA.d.F48E3A0BCD7453348A5CE7575C8164B5.e.1935/click - {}
RESULT: undefined
COMMAND: POST /session/79057ea016645307ab1fd2f091123dcc/element - {"using":"xpath","value":"//*[@id=\"__tile43\"]"}
RESULT: {"using":"xpath","value":"//*[@id=\"__tile43\"]"}
COMMAND: POST /session/79057ea016645307ab1fd2f091123dcc/element/f.82A53FFFDA245D4FC74AB3650F2065BA.d.F48E3A0BCD7453348A5CE7575C8164B5.e.1935/click - {}
RESULT: undefined
COMMAND: POST /session/79057ea016645307ab1fd2f091123dcc/execute/async - {"script":"<script> [6424 bytes]","args":[{"element-6066-11e4-a52e-4f735466cecf":"f.82A53FFFDA245D4FC74AB3650F2065BA.d.F48E3A0BCD7453348A5CE7575C8164B5.e.291"},"getTitle",[]]}
COMMAND: POST /session/79057ea016645307ab1fd2f091123dcc/execute/async - {"script":"<script> [1562 bytes]","args":[{"selector":{"id":"shellAppTitle"},"wdio_ui5_key":"shellAppTitle"}]}
RESULT: {"script":"<script> [1562 bytes]","args":[{"selector":{"id":"shellAppTitle"},"wdio_ui5_key":"shellAppTitle"}]}
COMMAND: POST /session/79057ea016645307ab1fd2f091123dcc/execute/async - {"script":"<script> [6424 bytes]","args":[{"element-6066-11e4-a52e-4f735466cecf":"f.82A53FFFDA245D4FC74AB3650F2065BA.d.F48E3A0BCD7453348A5CE7575C8164B5.e.2055"},"getTitle",[]]}
RESULT: {"script":"<script> [6424 bytes]","args":[{"element-6066-11e4-a52e-4f735466cecf":"f.82A53FFFDA245D4FC74AB3650F2065BA.d.F48E3A0BCD7453348A5CE7575C8164B5.e.2055"},"getTitle",[]]}
RESULT: undefined
COMMAND: POST /session/79057ea016645307ab1fd2f091123dcc/element/f.82A53FFFDA245D4FC74AB3650F2065BA.d.F48E3A0BCD7453348A5CE7575C8164B5.e.1824/click - {}
COMMAND: POST /session/79057ea016645307ab1fd2f091123dcc/element - {"using":"xpath","value":"//*[@id=\"backBtn\"]"}
RESULT: {"using":"xpath","value":"//*[@id=\"backBtn\"]"}
COMMAND: POST /session/79057ea016645307ab1fd2f091123dcc/element/f.82A53FFFDA245D4FC74AB3650F2065BA.d.F48E3A0BCD7453348A5CE7575C8164B5.e.1824/click - {}
COMMAND: POST /session/79057ea016645307ab1fd2f091123dcc/element - {"using":"xpath","value":"//*[@id=\"backBtn\"]"}
RESULT: {"using":"xpath","value":"//*[@id=\"backBtn\"]"}
COMMAND: POST /session/79057ea016645307ab1fd2f091123dcc/element/f.82A53FFFDA245D4FC74AB3650F2065BA.d.F48E3A0BCD7453348A5CE7575C8164B5.e.2056/click - {}
RESULT: {}
COMMAND: GET /session/79057ea016645307ab1fd2f091123dcc/screenshot - {}
RESULT: {}
]]></system-out>
    </testcase>
    <testcase classname="chrome.136_0_7103_93.windows.Sanity_Tests_US104253" name="Should open Manage Calendar Exceptions page" time="37.942">
      <system-out><![CDATA[
COMMAND: POST /session/79057ea016645307ab1fd2f091123dcc/execute/async - {"script":"<script> [1562 bytes]","args":[{"selector":{"controlType":"sap.m.GenericTile","properties":{"header":"Manage Calendar Exceptions"}},"wdio_ui5_key":"sapm.GenericTile{\"header\":\"Manage Calendar Exceptions\"}"}]}
RESULT: {"script":"<script> [1562 bytes]","args":[{"selector":{"controlType":"sap.m.GenericTile","properties":{"header":"Manage Calendar Exceptions"}},"wdio_ui5_key":"sapm.GenericTile{\"header\":\"Manage Calendar Exceptions\"}"}]}
RESULT: undefined
COMMAND: POST /session/79057ea016645307ab1fd2f091123dcc/element - {"using":"xpath","value":"//*[@id=\"__tile52\"]"}
RESULT: {"using":"xpath","value":"//*[@id=\"__tile52\"]"}
COMMAND: POST /session/79057ea016645307ab1fd2f091123dcc/element/f.82A53FFFDA245D4FC74AB3650F2065BA.d.F48E3A0BCD7453348A5CE7575C8164B5.e.2058/click - {}
RESULT: {}
COMMAND: GET /session/79057ea016645307ab1fd2f091123dcc/screenshot - {}
RESULT: {}
COMMAND: POST /session/79057ea016645307ab1fd2f091123dcc/elements - {"using":"xpath","value":"//span[text()='Error']"}
RESULT: {"using":"xpath","value":"//span[text()='Error']"}
RESULT: undefined
COMMAND: POST /session/79057ea016645307ab1fd2f091123dcc/element - {"using":"xpath","value":"//*[@id=\"__tile52\"]"}
RESULT: {"using":"xpath","value":"//*[@id=\"__tile52\"]"}
COMMAND: POST /session/79057ea016645307ab1fd2f091123dcc/element/f.82A53FFFDA245D4FC74AB3650F2065BA.d.F48E3A0BCD7453348A5CE7575C8164B5.e.2058/click - {}
RESULT: undefined
COMMAND: POST /session/79057ea016645307ab1fd2f091123dcc/element - {"using":"xpath","value":"//*[@id=\"__tile52\"]"}
RESULT: {"using":"xpath","value":"//*[@id=\"__tile52\"]"}
COMMAND: POST /session/79057ea016645307ab1fd2f091123dcc/element/f.82A53FFFDA245D4FC74AB3650F2065BA.d.F48E3A0BCD7453348A5CE7575C8164B5.e.2058/click - {}
RESULT: undefined
COMMAND: POST /session/79057ea016645307ab1fd2f091123dcc/execute/async - {"script":"<script> [6424 bytes]","args":[{"element-6066-11e4-a52e-4f735466cecf":"f.82A53FFFDA245D4FC74AB3650F2065BA.d.F48E3A0BCD7453348A5CE7575C8164B5.e.291"},"getTitle",[]]}
COMMAND: POST /session/79057ea016645307ab1fd2f091123dcc/execute/async - {"script":"<script> [1562 bytes]","args":[{"selector":{"id":"shellAppTitle"},"wdio_ui5_key":"shellAppTitle"}]}
RESULT: {"script":"<script> [1562 bytes]","args":[{"selector":{"id":"shellAppTitle"},"wdio_ui5_key":"shellAppTitle"}]}
COMMAND: POST /session/79057ea016645307ab1fd2f091123dcc/execute/async - {"script":"<script> [6424 bytes]","args":[{"element-6066-11e4-a52e-4f735466cecf":"f.82A53FFFDA245D4FC74AB3650F2065BA.d.F48E3A0BCD7453348A5CE7575C8164B5.e.2126"},"getTitle",[]]}
RESULT: {"script":"<script> [6424 bytes]","args":[{"element-6066-11e4-a52e-4f735466cecf":"f.82A53FFFDA245D4FC74AB3650F2065BA.d.F48E3A0BCD7453348A5CE7575C8164B5.e.2126"},"getTitle",[]]}
RESULT: undefined
COMMAND: POST /session/79057ea016645307ab1fd2f091123dcc/element/f.82A53FFFDA245D4FC74AB3650F2065BA.d.F48E3A0BCD7453348A5CE7575C8164B5.e.2056/click - {}
RESULT: {}
COMMAND: GET /session/79057ea016645307ab1fd2f091123dcc/screenshot - {}
RESULT: {}
]]></system-out>
    </testcase>
    <testcase classname="chrome.136_0_7103_93.windows.Sanity_Tests_US104253" name="Should open Manage States Performance page" time="38.129">
      <system-out><![CDATA[
COMMAND: POST /session/79057ea016645307ab1fd2f091123dcc/execute/async - {"script":"<script> [1562 bytes]","args":[{"selector":{"controlType":"sap.m.GenericTile","properties":{"header":"Manage States & Performance"}},"wdio_ui5_key":"sapm.GenericTile{\"header\":\"Manage States & Performance\"}"}]}
RESULT: {"script":"<script> [1562 bytes]","args":[{"selector":{"controlType":"sap.m.GenericTile","properties":{"header":"Manage States & Performance"}},"wdio_ui5_key":"sapm.GenericTile{\"header\":\"Manage States & Performance\"}"}]}
RESULT: undefined
COMMAND: POST /session/79057ea016645307ab1fd2f091123dcc/element - {"using":"xpath","value":"//*[@id=\"__tile56\"]"}
RESULT: {"using":"xpath","value":"//*[@id=\"__tile56\"]"}
COMMAND: POST /session/79057ea016645307ab1fd2f091123dcc/element/f.82A53FFFDA245D4FC74AB3650F2065BA.d.F48E3A0BCD7453348A5CE7575C8164B5.e.2130/click - {}
RESULT: {}
COMMAND: GET /session/79057ea016645307ab1fd2f091123dcc/screenshot - {}
RESULT: {}
COMMAND: POST /session/79057ea016645307ab1fd2f091123dcc/elements - {"using":"xpath","value":"//span[text()='Error']"}
RESULT: {"using":"xpath","value":"//span[text()='Error']"}
RESULT: undefined
COMMAND: POST /session/79057ea016645307ab1fd2f091123dcc/element - {"using":"xpath","value":"//*[@id=\"__tile56\"]"}
RESULT: {"using":"xpath","value":"//*[@id=\"__tile56\"]"}
COMMAND: POST /session/79057ea016645307ab1fd2f091123dcc/element/f.82A53FFFDA245D4FC74AB3650F2065BA.d.F48E3A0BCD7453348A5CE7575C8164B5.e.2130/click - {}
RESULT: undefined
COMMAND: POST /session/79057ea016645307ab1fd2f091123dcc/element - {"using":"xpath","value":"//*[@id=\"__tile56\"]"}
RESULT: {"using":"xpath","value":"//*[@id=\"__tile56\"]"}
COMMAND: POST /session/79057ea016645307ab1fd2f091123dcc/element/f.82A53FFFDA245D4FC74AB3650F2065BA.d.F48E3A0BCD7453348A5CE7575C8164B5.e.2130/click - {}
RESULT: undefined
COMMAND: POST /session/79057ea016645307ab1fd2f091123dcc/execute/async - {"script":"<script> [6424 bytes]","args":[{"element-6066-11e4-a52e-4f735466cecf":"f.82A53FFFDA245D4FC74AB3650F2065BA.d.F48E3A0BCD7453348A5CE7575C8164B5.e.291"},"getTitle",[]]}
COMMAND: POST /session/79057ea016645307ab1fd2f091123dcc/execute/async - {"script":"<script> [1562 bytes]","args":[{"selector":{"id":"shellAppTitle"},"wdio_ui5_key":"shellAppTitle"}]}
RESULT: {"script":"<script> [1562 bytes]","args":[{"selector":{"id":"shellAppTitle"},"wdio_ui5_key":"shellAppTitle"}]}
COMMAND: POST /session/79057ea016645307ab1fd2f091123dcc/execute/async - {"script":"<script> [6424 bytes]","args":[{"element-6066-11e4-a52e-4f735466cecf":"f.82A53FFFDA245D4FC74AB3650F2065BA.d.F48E3A0BCD7453348A5CE7575C8164B5.e.2230"},"getTitle",[]]}
RESULT: {"script":"<script> [6424 bytes]","args":[{"element-6066-11e4-a52e-4f735466cecf":"f.82A53FFFDA245D4FC74AB3650F2065BA.d.F48E3A0BCD7453348A5CE7575C8164B5.e.2230"},"getTitle",[]]}
RESULT: undefined
COMMAND: POST /session/79057ea016645307ab1fd2f091123dcc/element/f.82A53FFFDA245D4FC74AB3650F2065BA.d.F48E3A0BCD7453348A5CE7575C8164B5.e.2056/click - {}
COMMAND: POST /session/79057ea016645307ab1fd2f091123dcc/element - {"using":"xpath","value":"//*[@id=\"backBtn\"]"}
RESULT: {"using":"xpath","value":"//*[@id=\"backBtn\"]"}
COMMAND: POST /session/79057ea016645307ab1fd2f091123dcc/element/f.82A53FFFDA245D4FC74AB3650F2065BA.d.F48E3A0BCD7453348A5CE7575C8164B5.e.2056/click - {}
COMMAND: POST /session/79057ea016645307ab1fd2f091123dcc/element - {"using":"xpath","value":"//*[@id=\"backBtn\"]"}
RESULT: {"using":"xpath","value":"//*[@id=\"backBtn\"]"}
COMMAND: POST /session/79057ea016645307ab1fd2f091123dcc/element/f.82A53FFFDA245D4FC74AB3650F2065BA.d.F48E3A0BCD7453348A5CE7575C8164B5.e.2231/click - {}
RESULT: {}
COMMAND: GET /session/79057ea016645307ab1fd2f091123dcc/screenshot - {}
RESULT: {}
]]></system-out>
    </testcase>
    <testcase classname="chrome.136_0_7103_93.windows.Sanity_Tests_US104253" name="Should open Manage Billings page" time="39.02">
      <system-out><![CDATA[
COMMAND: POST /session/79057ea016645307ab1fd2f091123dcc/execute/async - {"script":"<script> [1562 bytes]","args":[{"selector":{"controlType":"sap.m.GenericTile","properties":{"header":"Manage Billings"}},"wdio_ui5_key":"sapm.GenericTile{\"header\":\"Manage Billings\"}"}]}
RESULT: {"script":"<script> [1562 bytes]","args":[{"selector":{"controlType":"sap.m.GenericTile","properties":{"header":"Manage Billings"}},"wdio_ui5_key":"sapm.GenericTile{\"header\":\"Manage Billings\"}"}]}
RESULT: undefined
COMMAND: POST /session/79057ea016645307ab1fd2f091123dcc/element - {"using":"xpath","value":"//*[@id=\"__tile51\"]"}
RESULT: {"using":"xpath","value":"//*[@id=\"__tile51\"]"}
COMMAND: POST /session/79057ea016645307ab1fd2f091123dcc/element/f.82A53FFFDA245D4FC74AB3650F2065BA.d.F48E3A0BCD7453348A5CE7575C8164B5.e.2233/click - {}
RESULT: {}
COMMAND: GET /session/79057ea016645307ab1fd2f091123dcc/screenshot - {}
RESULT: {}
COMMAND: POST /session/79057ea016645307ab1fd2f091123dcc/elements - {"using":"xpath","value":"//span[text()='Error']"}
RESULT: {"using":"xpath","value":"//span[text()='Error']"}
RESULT: undefined
COMMAND: POST /session/79057ea016645307ab1fd2f091123dcc/element - {"using":"xpath","value":"//*[@id=\"__tile51\"]"}
RESULT: {"using":"xpath","value":"//*[@id=\"__tile51\"]"}
COMMAND: POST /session/79057ea016645307ab1fd2f091123dcc/element/f.82A53FFFDA245D4FC74AB3650F2065BA.d.F48E3A0BCD7453348A5CE7575C8164B5.e.2233/click - {}
RESULT: undefined
COMMAND: POST /session/79057ea016645307ab1fd2f091123dcc/element - {"using":"xpath","value":"//*[@id=\"__tile51\"]"}
RESULT: {"using":"xpath","value":"//*[@id=\"__tile51\"]"}
COMMAND: POST /session/79057ea016645307ab1fd2f091123dcc/element/f.82A53FFFDA245D4FC74AB3650F2065BA.d.F48E3A0BCD7453348A5CE7575C8164B5.e.2233/click - {}
RESULT: undefined
COMMAND: POST /session/79057ea016645307ab1fd2f091123dcc/execute/async - {"script":"<script> [6424 bytes]","args":[{"element-6066-11e4-a52e-4f735466cecf":"f.82A53FFFDA245D4FC74AB3650F2065BA.d.F48E3A0BCD7453348A5CE7575C8164B5.e.291"},"getTitle",[]]}
COMMAND: POST /session/79057ea016645307ab1fd2f091123dcc/execute/async - {"script":"<script> [1562 bytes]","args":[{"selector":{"id":"shellAppTitle"},"wdio_ui5_key":"shellAppTitle"}]}
RESULT: {"script":"<script> [1562 bytes]","args":[{"selector":{"id":"shellAppTitle"},"wdio_ui5_key":"shellAppTitle"}]}
COMMAND: POST /session/79057ea016645307ab1fd2f091123dcc/execute/async - {"script":"<script> [6424 bytes]","args":[{"element-6066-11e4-a52e-4f735466cecf":"f.82A53FFFDA245D4FC74AB3650F2065BA.d.F48E3A0BCD7453348A5CE7575C8164B5.e.2470"},"getTitle",[]]}
RESULT: {"script":"<script> [6424 bytes]","args":[{"element-6066-11e4-a52e-4f735466cecf":"f.82A53FFFDA245D4FC74AB3650F2065BA.d.F48E3A0BCD7453348A5CE7575C8164B5.e.2470"},"getTitle",[]]}
RESULT: undefined
COMMAND: POST /session/79057ea016645307ab1fd2f091123dcc/element/f.82A53FFFDA245D4FC74AB3650F2065BA.d.F48E3A0BCD7453348A5CE7575C8164B5.e.2231/click - {}
COMMAND: POST /session/79057ea016645307ab1fd2f091123dcc/element/f.82A53FFFDA245D4FC74AB3650F2065BA.d.F48E3A0BCD7453348A5CE7575C8164B5.e.2231/click - {}
RESULT: {}
COMMAND: GET /session/79057ea016645307ab1fd2f091123dcc/screenshot - {}
COMMAND: POST /session/79057ea016645307ab1fd2f091123dcc/element - {"using":"xpath","value":"//*[@id=\"backBtn\"]"}
RESULT: {}
RESULT: {"using":"xpath","value":"//*[@id=\"backBtn\"]"}
COMMAND: POST /session/79057ea016645307ab1fd2f091123dcc/elements - {"using":"xpath","value":"//*[@id=\"backBtn\"]"}
RESULT: {"using":"xpath","value":"//*[@id=\"backBtn\"]"}
COMMAND: POST /session/79057ea016645307ab1fd2f091123dcc/elements - {"using":"xpath","value":"//*[@id=\"backBtn\"]"}
RESULT: {"using":"xpath","value":"//*[@id=\"backBtn\"]"}
COMMAND: POST /session/79057ea016645307ab1fd2f091123dcc/elements - {"using":"xpath","value":"//*[@id=\"backBtn\"]"}
RESULT: {"using":"xpath","value":"//*[@id=\"backBtn\"]"}
COMMAND: POST /session/79057ea016645307ab1fd2f091123dcc/elements - {"using":"xpath","value":"//*[@id=\"backBtn\"]"}
RESULT: {"using":"xpath","value":"//*[@id=\"backBtn\"]"}
COMMAND: POST /session/79057ea016645307ab1fd2f091123dcc/elements - {"using":"xpath","value":"//*[@id=\"backBtn\"]"}
RESULT: {"using":"xpath","value":"//*[@id=\"backBtn\"]"}
COMMAND: POST /session/79057ea016645307ab1fd2f091123dcc/elements - {"using":"xpath","value":"//*[@id=\"backBtn\"]"}
RESULT: {"using":"xpath","value":"//*[@id=\"backBtn\"]"}
COMMAND: POST /session/79057ea016645307ab1fd2f091123dcc/elements - {"using":"xpath","value":"//*[@id=\"backBtn\"]"}
RESULT: {"using":"xpath","value":"//*[@id=\"backBtn\"]"}
COMMAND: POST /session/79057ea016645307ab1fd2f091123dcc/elements - {"using":"xpath","value":"//*[@id=\"backBtn\"]"}
RESULT: {"using":"xpath","value":"//*[@id=\"backBtn\"]"}
COMMAND: POST /session/79057ea016645307ab1fd2f091123dcc/elements - {"using":"xpath","value":"//*[@id=\"backBtn\"]"}
RESULT: {"using":"xpath","value":"//*[@id=\"backBtn\"]"}
COMMAND: POST /session/79057ea016645307ab1fd2f091123dcc/elements - {"using":"xpath","value":"//*[@id=\"backBtn\"]"}
RESULT: {"using":"xpath","value":"//*[@id=\"backBtn\"]"}
COMMAND: POST /session/79057ea016645307ab1fd2f091123dcc/elements - {"using":"xpath","value":"//*[@id=\"backBtn\"]"}
RESULT: {"using":"xpath","value":"//*[@id=\"backBtn\"]"}
COMMAND: POST /session/79057ea016645307ab1fd2f091123dcc/elements - {"using":"xpath","value":"//*[@id=\"backBtn\"]"}
RESULT: {"using":"xpath","value":"//*[@id=\"backBtn\"]"}
COMMAND: POST /session/79057ea016645307ab1fd2f091123dcc/elements - {"using":"xpath","value":"//*[@id=\"backBtn\"]"}
RESULT: {"using":"xpath","value":"//*[@id=\"backBtn\"]"}
COMMAND: POST /session/79057ea016645307ab1fd2f091123dcc/elements - {"using":"xpath","value":"//*[@id=\"backBtn\"]"}
RESULT: {"using":"xpath","value":"//*[@id=\"backBtn\"]"}
COMMAND: POST /session/79057ea016645307ab1fd2f091123dcc/elements - {"using":"xpath","value":"//*[@id=\"backBtn\"]"}
RESULT: {"using":"xpath","value":"//*[@id=\"backBtn\"]"}
COMMAND: POST /session/79057ea016645307ab1fd2f091123dcc/elements - {"using":"xpath","value":"//*[@id=\"backBtn\"]"}
]]></system-out>
    </testcase>
    <testcase classname="chrome.136_0_7103_93.windows.Sanity_Tests_US104253" name="Should open Manage Conditions Prices page" time="45.203">
      <system-out><![CDATA[
COMMAND: POST /session/79057ea016645307ab1fd2f091123dcc/execute/async - {"script":"<script> [1562 bytes]","args":[{"selector":{"controlType":"sap.m.GenericTile","properties":{"header":"Manage Conditions & Prices"}},"wdio_ui5_key":"sapm.GenericTile{\"header\":\"Manage Conditions & Prices\"}"}]}
RESULT: {"using":"xpath","value":"//*[@id=\"backBtn\"]"}
COMMAND: POST /session/79057ea016645307ab1fd2f091123dcc/elements - {"using":"xpath","value":"//*[@id=\"backBtn\"]"}
RESULT: {"script":"<script> [1562 bytes]","args":[{"selector":{"controlType":"sap.m.GenericTile","properties":{"header":"Manage Conditions & Prices"}},"wdio_ui5_key":"sapm.GenericTile{\"header\":\"Manage Conditions & Prices\"}"}]}
RESULT: undefined
COMMAND: POST /session/79057ea016645307ab1fd2f091123dcc/element - {"using":"xpath","value":"//*[@id=\"__tile53\"]"}
RESULT: {"using":"xpath","value":"//*[@id=\"backBtn\"]"}
COMMAND: POST /session/79057ea016645307ab1fd2f091123dcc/elements - {"using":"xpath","value":"//*[@id=\"backBtn\"]"}
RESULT: {"using":"xpath","value":"//*[@id=\"__tile53\"]"}
COMMAND: POST /session/79057ea016645307ab1fd2f091123dcc/element/f.82A53FFFDA245D4FC74AB3650F2065BA.d.F48E3A0BCD7453348A5CE7575C8164B5.e.2474/click - {}
RESULT: {"using":"xpath","value":"//*[@id=\"backBtn\"]"}
RESULT: {}
COMMAND: GET /session/79057ea016645307ab1fd2f091123dcc/screenshot - {}
COMMAND: POST /session/79057ea016645307ab1fd2f091123dcc/elements - {"using":"xpath","value":"//*[@id=\"backBtn\"]"}
RESULT: {}
RESULT: {"using":"xpath","value":"//*[@id=\"backBtn\"]"}
COMMAND: POST /session/79057ea016645307ab1fd2f091123dcc/elements - {"using":"xpath","value":"//*[@id=\"backBtn\"]"}
RESULT: {"using":"xpath","value":"//*[@id=\"backBtn\"]"}
COMMAND: POST /session/79057ea016645307ab1fd2f091123dcc/elements - {"using":"xpath","value":"//*[@id=\"backBtn\"]"}
RESULT: {"using":"xpath","value":"//*[@id=\"backBtn\"]"}
COMMAND: POST /session/79057ea016645307ab1fd2f091123dcc/elements - {"using":"xpath","value":"//*[@id=\"backBtn\"]"}
RESULT: {"using":"xpath","value":"//*[@id=\"backBtn\"]"}
COMMAND: POST /session/79057ea016645307ab1fd2f091123dcc/element - {"using":"xpath","value":"//*[@id=\"backBtn\"]"}
RESULT: {"using":"xpath","value":"//*[@id=\"backBtn\"]"}
COMMAND: POST /session/79057ea016645307ab1fd2f091123dcc/element/f.82A53FFFDA245D4FC74AB3650F2065BA.d.F48E3A0BCD7453348A5CE7575C8164B5.e.2231/click - {}
COMMAND: POST /session/79057ea016645307ab1fd2f091123dcc/element - {"using":"xpath","value":"//*[@id=\"backBtn\"]"}
RESULT: {"using":"xpath","value":"//*[@id=\"backBtn\"]"}
COMMAND: POST /session/79057ea016645307ab1fd2f091123dcc/element/f.82A53FFFDA245D4FC74AB3650F2065BA.d.F48E3A0BCD7453348A5CE7575C8164B5.e.2478/click - {}
RESULT: {}
COMMAND: GET /session/79057ea016645307ab1fd2f091123dcc/screenshot - {}
RESULT: {}
COMMAND: POST /session/79057ea016645307ab1fd2f091123dcc/elements - {"using":"xpath","value":"//span[text()='Error']"}
RESULT: {"using":"xpath","value":"//span[text()='Error']"}
RESULT: undefined
COMMAND: POST /session/79057ea016645307ab1fd2f091123dcc/element - {"using":"xpath","value":"//*[@id=\"__tile53\"]"}
RESULT: {"using":"xpath","value":"//*[@id=\"__tile53\"]"}
COMMAND: POST /session/79057ea016645307ab1fd2f091123dcc/element/f.82A53FFFDA245D4FC74AB3650F2065BA.d.F48E3A0BCD7453348A5CE7575C8164B5.e.2474/click - {}
RESULT: {}
RESULT: undefined
COMMAND: POST /session/79057ea016645307ab1fd2f091123dcc/element - {"using":"xpath","value":"//*[@id=\"__tile53\"]"}
COMMAND: GET /session/79057ea016645307ab1fd2f091123dcc/screenshot - {}
RESULT: {"using":"xpath","value":"//*[@id=\"__tile53\"]"}
COMMAND: POST /session/79057ea016645307ab1fd2f091123dcc/element/f.82A53FFFDA245D4FC74AB3650F2065BA.d.F48E3A0BCD7453348A5CE7575C8164B5.e.2474/click - {}
RESULT: {}
RESULT: undefined
COMMAND: POST /session/79057ea016645307ab1fd2f091123dcc/execute/async - {"script":"<script> [6424 bytes]","args":[{"element-6066-11e4-a52e-4f735466cecf":"f.82A53FFFDA245D4FC74AB3650F2065BA.d.F48E3A0BCD7453348A5CE7575C8164B5.e.291"},"getTitle",[]]}
COMMAND: POST /session/79057ea016645307ab1fd2f091123dcc/execute/async - {"script":"<script> [1562 bytes]","args":[{"selector":{"id":"shellAppTitle"},"wdio_ui5_key":"shellAppTitle"}]}
RESULT: {"script":"<script> [1562 bytes]","args":[{"selector":{"id":"shellAppTitle"},"wdio_ui5_key":"shellAppTitle"}]}
COMMAND: POST /session/79057ea016645307ab1fd2f091123dcc/execute/async - {"script":"<script> [6424 bytes]","args":[{"element-6066-11e4-a52e-4f735466cecf":"f.82A53FFFDA245D4FC74AB3650F2065BA.d.F48E3A0BCD7453348A5CE7575C8164B5.e.2665"},"getTitle",[]]}
RESULT: {"script":"<script> [6424 bytes]","args":[{"element-6066-11e4-a52e-4f735466cecf":"f.82A53FFFDA245D4FC74AB3650F2065BA.d.F48E3A0BCD7453348A5CE7575C8164B5.e.2665"},"getTitle",[]]}
RESULT: undefined
COMMAND: POST /session/79057ea016645307ab1fd2f091123dcc/element/f.82A53FFFDA245D4FC74AB3650F2065BA.d.F48E3A0BCD7453348A5CE7575C8164B5.e.2478/click - {}
RESULT: {}
COMMAND: GET /session/79057ea016645307ab1fd2f091123dcc/screenshot - {}
RESULT: {}
]]></system-out>
    </testcase>
    <testcase classname="chrome.136_0_7103_93.windows.Sanity_Tests_US104253" name="Should open Billing Transfer page" time="38.247">
      <system-out><![CDATA[
COMMAND: POST /session/79057ea016645307ab1fd2f091123dcc/execute/async - {"script":"<script> [1562 bytes]","args":[{"selector":{"controlType":"sap.m.GenericTile","properties":{"header":"Billing Transfer"}},"wdio_ui5_key":"sapm.GenericTile{\"header\":\"Billing Transfer\"}"}]}
RESULT: {"script":"<script> [1562 bytes]","args":[{"selector":{"controlType":"sap.m.GenericTile","properties":{"header":"Billing Transfer"}},"wdio_ui5_key":"sapm.GenericTile{\"header\":\"Billing Transfer\"}"}]}
RESULT: undefined
COMMAND: POST /session/79057ea016645307ab1fd2f091123dcc/element - {"using":"xpath","value":"//*[@id=\"__tile50\"]"}
RESULT: {"using":"xpath","value":"//*[@id=\"__tile50\"]"}
COMMAND: POST /session/79057ea016645307ab1fd2f091123dcc/element/f.82A53FFFDA245D4FC74AB3650F2065BA.d.F48E3A0BCD7453348A5CE7575C8164B5.e.2667/click - {}
RESULT: {}
COMMAND: GET /session/79057ea016645307ab1fd2f091123dcc/screenshot - {}
RESULT: {}
COMMAND: POST /session/79057ea016645307ab1fd2f091123dcc/elements - {"using":"xpath","value":"//span[text()='Error']"}
RESULT: {"using":"xpath","value":"//span[text()='Error']"}
RESULT: undefined
COMMAND: POST /session/79057ea016645307ab1fd2f091123dcc/element - {"using":"xpath","value":"//*[@id=\"__tile50\"]"}
RESULT: {"using":"xpath","value":"//*[@id=\"__tile50\"]"}
COMMAND: POST /session/79057ea016645307ab1fd2f091123dcc/element/f.82A53FFFDA245D4FC74AB3650F2065BA.d.F48E3A0BCD7453348A5CE7575C8164B5.e.2667/click - {}
RESULT: undefined
COMMAND: POST /session/79057ea016645307ab1fd2f091123dcc/element - {"using":"xpath","value":"//*[@id=\"__tile50\"]"}
RESULT: {"using":"xpath","value":"//*[@id=\"__tile50\"]"}
COMMAND: POST /session/79057ea016645307ab1fd2f091123dcc/element/f.82A53FFFDA245D4FC74AB3650F2065BA.d.F48E3A0BCD7453348A5CE7575C8164B5.e.2667/click - {}
RESULT: undefined
COMMAND: POST /session/79057ea016645307ab1fd2f091123dcc/execute/async - {"script":"<script> [6424 bytes]","args":[{"element-6066-11e4-a52e-4f735466cecf":"f.82A53FFFDA245D4FC74AB3650F2065BA.d.F48E3A0BCD7453348A5CE7575C8164B5.e.291"},"getTitle",[]]}
COMMAND: POST /session/79057ea016645307ab1fd2f091123dcc/execute/async - {"script":"<script> [1562 bytes]","args":[{"selector":{"id":"shellAppTitle"},"wdio_ui5_key":"shellAppTitle"}]}
RESULT: {"script":"<script> [1562 bytes]","args":[{"selector":{"id":"shellAppTitle"},"wdio_ui5_key":"shellAppTitle"}]}
COMMAND: POST /session/79057ea016645307ab1fd2f091123dcc/execute/async - {"script":"<script> [6424 bytes]","args":[{"element-6066-11e4-a52e-4f735466cecf":"f.82A53FFFDA245D4FC74AB3650F2065BA.d.F48E3A0BCD7453348A5CE7575C8164B5.e.2810"},"getTitle",[]]}
RESULT: {"script":"<script> [6424 bytes]","args":[{"element-6066-11e4-a52e-4f735466cecf":"f.82A53FFFDA245D4FC74AB3650F2065BA.d.F48E3A0BCD7453348A5CE7575C8164B5.e.2810"},"getTitle",[]]}
RESULT: undefined
COMMAND: POST /session/79057ea016645307ab1fd2f091123dcc/element/f.82A53FFFDA245D4FC74AB3650F2065BA.d.F48E3A0BCD7453348A5CE7575C8164B5.e.2478/click - {}
COMMAND: POST /session/79057ea016645307ab1fd2f091123dcc/element - {"using":"xpath","value":"//*[@id=\"backBtn\"]"}
RESULT: {"using":"xpath","value":"//*[@id=\"backBtn\"]"}
COMMAND: POST /session/79057ea016645307ab1fd2f091123dcc/element/f.82A53FFFDA245D4FC74AB3650F2065BA.d.F48E3A0BCD7453348A5CE7575C8164B5.e.2478/click - {}
COMMAND: POST /session/79057ea016645307ab1fd2f091123dcc/element - {"using":"xpath","value":"//*[@id=\"backBtn\"]"}
RESULT: {"using":"xpath","value":"//*[@id=\"backBtn\"]"}
COMMAND: POST /session/79057ea016645307ab1fd2f091123dcc/element/f.82A53FFFDA245D4FC74AB3650F2065BA.d.F48E3A0BCD7453348A5CE7575C8164B5.e.2811/click - {}
RESULT: {}
COMMAND: GET /session/79057ea016645307ab1fd2f091123dcc/screenshot - {}
RESULT: {}
]]></system-out>
    </testcase>
    <testcase classname="chrome.136_0_7103_93.windows.Sanity_Tests_US104253" name="Should open Manage Pricing Rules page" time="37.813">
      <system-out><![CDATA[
COMMAND: POST /session/79057ea016645307ab1fd2f091123dcc/execute/async - {"script":"<script> [1562 bytes]","args":[{"selector":{"controlType":"sap.m.GenericTile","properties":{"header":"Manage Pricing Rules"}},"wdio_ui5_key":"sapm.GenericTile{\"header\":\"Manage Pricing Rules\"}"}]}
RESULT: {"script":"<script> [1562 bytes]","args":[{"selector":{"controlType":"sap.m.GenericTile","properties":{"header":"Manage Pricing Rules"}},"wdio_ui5_key":"sapm.GenericTile{\"header\":\"Manage Pricing Rules\"}"}]}
RESULT: undefined
COMMAND: POST /session/79057ea016645307ab1fd2f091123dcc/element - {"using":"xpath","value":"//*[@id=\"__tile55\"]"}
RESULT: {"using":"xpath","value":"//*[@id=\"__tile55\"]"}
COMMAND: POST /session/79057ea016645307ab1fd2f091123dcc/element/f.82A53FFFDA245D4FC74AB3650F2065BA.d.F48E3A0BCD7453348A5CE7575C8164B5.e.2813/click - {}
RESULT: {}
COMMAND: GET /session/79057ea016645307ab1fd2f091123dcc/screenshot - {}
RESULT: {}
COMMAND: POST /session/79057ea016645307ab1fd2f091123dcc/elements - {"using":"xpath","value":"//span[text()='Error']"}
RESULT: {"using":"xpath","value":"//span[text()='Error']"}
RESULT: undefined
COMMAND: POST /session/79057ea016645307ab1fd2f091123dcc/element - {"using":"xpath","value":"//*[@id=\"__tile55\"]"}
RESULT: {"using":"xpath","value":"//*[@id=\"__tile55\"]"}
COMMAND: POST /session/79057ea016645307ab1fd2f091123dcc/element/f.82A53FFFDA245D4FC74AB3650F2065BA.d.F48E3A0BCD7453348A5CE7575C8164B5.e.2813/click - {}
RESULT: undefined
COMMAND: POST /session/79057ea016645307ab1fd2f091123dcc/element - {"using":"xpath","value":"//*[@id=\"__tile55\"]"}
RESULT: {"using":"xpath","value":"//*[@id=\"__tile55\"]"}
COMMAND: POST /session/79057ea016645307ab1fd2f091123dcc/element/f.82A53FFFDA245D4FC74AB3650F2065BA.d.F48E3A0BCD7453348A5CE7575C8164B5.e.2813/click - {}
RESULT: undefined
COMMAND: POST /session/79057ea016645307ab1fd2f091123dcc/execute/async - {"script":"<script> [6424 bytes]","args":[{"element-6066-11e4-a52e-4f735466cecf":"f.82A53FFFDA245D4FC74AB3650F2065BA.d.F48E3A0BCD7453348A5CE7575C8164B5.e.291"},"getTitle",[]]}
COMMAND: POST /session/79057ea016645307ab1fd2f091123dcc/execute/async - {"script":"<script> [1562 bytes]","args":[{"selector":{"id":"shellAppTitle"},"wdio_ui5_key":"shellAppTitle"}]}
RESULT: {"script":"<script> [1562 bytes]","args":[{"selector":{"id":"shellAppTitle"},"wdio_ui5_key":"shellAppTitle"}]}
COMMAND: POST /session/79057ea016645307ab1fd2f091123dcc/execute/async - {"script":"<script> [6424 bytes]","args":[{"element-6066-11e4-a52e-4f735466cecf":"f.82A53FFFDA245D4FC74AB3650F2065BA.d.F48E3A0BCD7453348A5CE7575C8164B5.e.2897"},"getTitle",[]]}
RESULT: {"script":"<script> [6424 bytes]","args":[{"element-6066-11e4-a52e-4f735466cecf":"f.82A53FFFDA245D4FC74AB3650F2065BA.d.F48E3A0BCD7453348A5CE7575C8164B5.e.2897"},"getTitle",[]]}
RESULT: undefined
COMMAND: POST /session/79057ea016645307ab1fd2f091123dcc/element/f.82A53FFFDA245D4FC74AB3650F2065BA.d.F48E3A0BCD7453348A5CE7575C8164B5.e.2811/click - {}
RESULT: {}
COMMAND: GET /session/79057ea016645307ab1fd2f091123dcc/screenshot - {}
RESULT: {}
]]></system-out>
    </testcase>
    <testcase classname="chrome.136_0_7103_93.windows.Sanity_Tests_US104253" name="Should open Manage Price Determination Matrices page" time="36.494">
      <system-out><![CDATA[
COMMAND: POST /session/79057ea016645307ab1fd2f091123dcc/execute/async - {"script":"<script> [1562 bytes]","args":[{"selector":{"controlType":"sap.m.GenericTile","properties":{"header":"Manage Price Determination Matrices"}},"wdio_ui5_key":"sapm.GenericTile{\"header\":\"Manage Price Determination Matrices\"}"}]}
RESULT: {"script":"<script> [1562 bytes]","args":[{"selector":{"controlType":"sap.m.GenericTile","properties":{"header":"Manage Price Determination Matrices"}},"wdio_ui5_key":"sapm.GenericTile{\"header\":\"Manage Price Determination Matrices\"}"}]}
RESULT: undefined
COMMAND: POST /session/79057ea016645307ab1fd2f091123dcc/element - {"using":"xpath","value":"//*[@id=\"__tile54\"]"}
RESULT: {"using":"xpath","value":"//*[@id=\"__tile54\"]"}
COMMAND: POST /session/79057ea016645307ab1fd2f091123dcc/element/f.82A53FFFDA245D4FC74AB3650F2065BA.d.F48E3A0BCD7453348A5CE7575C8164B5.e.2899/click - {}
RESULT: {}
COMMAND: GET /session/79057ea016645307ab1fd2f091123dcc/screenshot - {}
RESULT: {}
COMMAND: POST /session/79057ea016645307ab1fd2f091123dcc/elements - {"using":"xpath","value":"//span[text()='Error']"}
RESULT: {"using":"xpath","value":"//span[text()='Error']"}
RESULT: undefined
COMMAND: POST /session/79057ea016645307ab1fd2f091123dcc/element - {"using":"xpath","value":"//*[@id=\"__tile54\"]"}
RESULT: {"using":"xpath","value":"//*[@id=\"__tile54\"]"}
COMMAND: POST /session/79057ea016645307ab1fd2f091123dcc/element/f.82A53FFFDA245D4FC74AB3650F2065BA.d.F48E3A0BCD7453348A5CE7575C8164B5.e.2899/click - {}
RESULT: undefined
COMMAND: POST /session/79057ea016645307ab1fd2f091123dcc/element - {"using":"xpath","value":"//*[@id=\"__tile54\"]"}
RESULT: {"using":"xpath","value":"//*[@id=\"__tile54\"]"}
COMMAND: POST /session/79057ea016645307ab1fd2f091123dcc/element/f.82A53FFFDA245D4FC74AB3650F2065BA.d.F48E3A0BCD7453348A5CE7575C8164B5.e.2899/click - {}
RESULT: undefined
COMMAND: POST /session/79057ea016645307ab1fd2f091123dcc/execute/async - {"script":"<script> [6424 bytes]","args":[{"element-6066-11e4-a52e-4f735466cecf":"f.82A53FFFDA245D4FC74AB3650F2065BA.d.F48E3A0BCD7453348A5CE7575C8164B5.e.291"},"getTitle",[]]}
COMMAND: POST /session/79057ea016645307ab1fd2f091123dcc/execute/async - {"script":"<script> [1562 bytes]","args":[{"selector":{"id":"shellAppTitle"},"wdio_ui5_key":"shellAppTitle"}]}
RESULT: {"script":"<script> [1562 bytes]","args":[{"selector":{"id":"shellAppTitle"},"wdio_ui5_key":"shellAppTitle"}]}
COMMAND: POST /session/79057ea016645307ab1fd2f091123dcc/execute/async - {"script":"<script> [6424 bytes]","args":[{"element-6066-11e4-a52e-4f735466cecf":"f.82A53FFFDA245D4FC74AB3650F2065BA.d.F48E3A0BCD7453348A5CE7575C8164B5.e.2986"},"getTitle",[]]}
RESULT: {"script":"<script> [6424 bytes]","args":[{"element-6066-11e4-a52e-4f735466cecf":"f.82A53FFFDA245D4FC74AB3650F2065BA.d.F48E3A0BCD7453348A5CE7575C8164B5.e.2986"},"getTitle",[]]}
RESULT: undefined
COMMAND: POST /session/79057ea016645307ab1fd2f091123dcc/element/f.82A53FFFDA245D4FC74AB3650F2065BA.d.F48E3A0BCD7453348A5CE7575C8164B5.e.2811/click - {}
COMMAND: POST /session/79057ea016645307ab1fd2f091123dcc/element - {"using":"xpath","value":"//*[@id=\"backBtn\"]"}
RESULT: {"using":"xpath","value":"//*[@id=\"backBtn\"]"}
COMMAND: POST /session/79057ea016645307ab1fd2f091123dcc/element/f.82A53FFFDA245D4FC74AB3650F2065BA.d.F48E3A0BCD7453348A5CE7575C8164B5.e.2811/click - {}
COMMAND: POST /session/79057ea016645307ab1fd2f091123dcc/element - {"using":"xpath","value":"//*[@id=\"backBtn\"]"}
RESULT: {"using":"xpath","value":"//*[@id=\"backBtn\"]"}
COMMAND: POST /session/79057ea016645307ab1fd2f091123dcc/element/f.82A53FFFDA245D4FC74AB3650F2065BA.d.F48E3A0BCD7453348A5CE7575C8164B5.e.2987/click - {}
RESULT: {}
COMMAND: GET /session/79057ea016645307ab1fd2f091123dcc/screenshot - {}
RESULT: {}
]]></system-out>
    </testcase>
    <testcase classname="chrome.136_0_7103_93.windows.Sanity_Tests_US104253" name="Should open Yard Overview page" time="37.979">
      <system-out><![CDATA[
COMMAND: POST /session/79057ea016645307ab1fd2f091123dcc/execute/async - {"script":"<script> [1562 bytes]","args":[{"selector":{"controlType":"sap.m.GenericTile","properties":{"header":"Yard Overview"}},"wdio_ui5_key":"sapm.GenericTile{\"header\":\"Yard Overview\"}"}]}
RESULT: {"script":"<script> [1562 bytes]","args":[{"selector":{"controlType":"sap.m.GenericTile","properties":{"header":"Yard Overview"}},"wdio_ui5_key":"sapm.GenericTile{\"header\":\"Yard Overview\"}"}]}
RESULT: undefined
COMMAND: POST /session/79057ea016645307ab1fd2f091123dcc/element - {"using":"xpath","value":"//*[@id=\"__tile102\"]"}
RESULT: {"using":"xpath","value":"//*[@id=\"__tile102\"]"}
COMMAND: POST /session/79057ea016645307ab1fd2f091123dcc/element/f.82A53FFFDA245D4FC74AB3650F2065BA.d.F48E3A0BCD7453348A5CE7575C8164B5.e.2989/click - {}
RESULT: {}
COMMAND: GET /session/79057ea016645307ab1fd2f091123dcc/screenshot - {}
RESULT: {}
COMMAND: POST /session/79057ea016645307ab1fd2f091123dcc/elements - {"using":"xpath","value":"//span[text()='Error']"}
RESULT: {"using":"xpath","value":"//span[text()='Error']"}
RESULT: undefined
COMMAND: POST /session/79057ea016645307ab1fd2f091123dcc/element - {"using":"xpath","value":"//*[@id=\"__tile102\"]"}
RESULT: {"using":"xpath","value":"//*[@id=\"__tile102\"]"}
COMMAND: POST /session/79057ea016645307ab1fd2f091123dcc/element/f.82A53FFFDA245D4FC74AB3650F2065BA.d.F48E3A0BCD7453348A5CE7575C8164B5.e.2989/click - {}
RESULT: undefined
COMMAND: POST /session/79057ea016645307ab1fd2f091123dcc/element - {"using":"xpath","value":"//*[@id=\"__tile102\"]"}
RESULT: {"using":"xpath","value":"//*[@id=\"__tile102\"]"}
COMMAND: POST /session/79057ea016645307ab1fd2f091123dcc/element/f.82A53FFFDA245D4FC74AB3650F2065BA.d.F48E3A0BCD7453348A5CE7575C8164B5.e.2989/click - {}
RESULT: undefined
COMMAND: POST /session/79057ea016645307ab1fd2f091123dcc/execute/async - {"script":"<script> [6424 bytes]","args":[{"element-6066-11e4-a52e-4f735466cecf":"f.82A53FFFDA245D4FC74AB3650F2065BA.d.F48E3A0BCD7453348A5CE7575C8164B5.e.291"},"getTitle",[]]}
COMMAND: POST /session/79057ea016645307ab1fd2f091123dcc/execute/async - {"script":"<script> [1562 bytes]","args":[{"selector":{"id":"shellAppTitle"},"wdio_ui5_key":"shellAppTitle"}]}
RESULT: {"script":"<script> [1562 bytes]","args":[{"selector":{"id":"shellAppTitle"},"wdio_ui5_key":"shellAppTitle"}]}
COMMAND: POST /session/79057ea016645307ab1fd2f091123dcc/execute/async - {"script":"<script> [6424 bytes]","args":[{"element-6066-11e4-a52e-4f735466cecf":"f.82A53FFFDA245D4FC74AB3650F2065BA.d.F48E3A0BCD7453348A5CE7575C8164B5.e.3054"},"getTitle",[]]}
RESULT: {"script":"<script> [6424 bytes]","args":[{"element-6066-11e4-a52e-4f735466cecf":"f.82A53FFFDA245D4FC74AB3650F2065BA.d.F48E3A0BCD7453348A5CE7575C8164B5.e.3054"},"getTitle",[]]}
RESULT: undefined
COMMAND: POST /session/79057ea016645307ab1fd2f091123dcc/element/f.82A53FFFDA245D4FC74AB3650F2065BA.d.F48E3A0BCD7453348A5CE7575C8164B5.e.2987/click - {}
RESULT: {}
COMMAND: GET /session/79057ea016645307ab1fd2f091123dcc/screenshot - {}
RESULT: {}
]]></system-out>
    </testcase>
    <testcase classname="chrome.136_0_7103_93.windows.Sanity_Tests_US104253" name="Should open Site Overview page" time="39.645">
      <system-out><![CDATA[
COMMAND: POST /session/79057ea016645307ab1fd2f091123dcc/execute/async - {"script":"<script> [1562 bytes]","args":[{"selector":{"controlType":"sap.m.GenericTile","properties":{"header":"Site Overview"}},"wdio_ui5_key":"sapm.GenericTile{\"header\":\"Site Overview\"}"}]}
RESULT: {"script":"<script> [1562 bytes]","args":[{"selector":{"controlType":"sap.m.GenericTile","properties":{"header":"Site Overview"}},"wdio_ui5_key":"sapm.GenericTile{\"header\":\"Site Overview\"}"}]}
RESULT: undefined
COMMAND: POST /session/79057ea016645307ab1fd2f091123dcc/element - {"using":"xpath","value":"//*[@id=\"__tile100\"]"}
RESULT: {"using":"xpath","value":"//*[@id=\"__tile100\"]"}
COMMAND: POST /session/79057ea016645307ab1fd2f091123dcc/element/f.82A53FFFDA245D4FC74AB3650F2065BA.d.F48E3A0BCD7453348A5CE7575C8164B5.e.3057/click - {}
RESULT: {}
COMMAND: GET /session/79057ea016645307ab1fd2f091123dcc/screenshot - {}
RESULT: {}
COMMAND: POST /session/79057ea016645307ab1fd2f091123dcc/elements - {"using":"xpath","value":"//span[text()='Error']"}
RESULT: {"using":"xpath","value":"//span[text()='Error']"}
RESULT: undefined
COMMAND: POST /session/79057ea016645307ab1fd2f091123dcc/element - {"using":"xpath","value":"//*[@id=\"__tile100\"]"}
RESULT: {"using":"xpath","value":"//*[@id=\"__tile100\"]"}
COMMAND: POST /session/79057ea016645307ab1fd2f091123dcc/element/f.82A53FFFDA245D4FC74AB3650F2065BA.d.F48E3A0BCD7453348A5CE7575C8164B5.e.3057/click - {}
RESULT: undefined
COMMAND: POST /session/79057ea016645307ab1fd2f091123dcc/element - {"using":"xpath","value":"//*[@id=\"__tile100\"]"}
RESULT: {"using":"xpath","value":"//*[@id=\"__tile100\"]"}
COMMAND: POST /session/79057ea016645307ab1fd2f091123dcc/element/f.82A53FFFDA245D4FC74AB3650F2065BA.d.F48E3A0BCD7453348A5CE7575C8164B5.e.3057/click - {}
RESULT: undefined
COMMAND: POST /session/79057ea016645307ab1fd2f091123dcc/execute/async - {"script":"<script> [6424 bytes]","args":[{"element-6066-11e4-a52e-4f735466cecf":"f.82A53FFFDA245D4FC74AB3650F2065BA.d.F48E3A0BCD7453348A5CE7575C8164B5.e.291"},"getTitle",[]]}
COMMAND: POST /session/79057ea016645307ab1fd2f091123dcc/execute/async - {"script":"<script> [1562 bytes]","args":[{"selector":{"id":"shellAppTitle"},"wdio_ui5_key":"shellAppTitle"}]}
RESULT: {"script":"<script> [1562 bytes]","args":[{"selector":{"id":"shellAppTitle"},"wdio_ui5_key":"shellAppTitle"}]}
COMMAND: POST /session/79057ea016645307ab1fd2f091123dcc/execute/async - {"script":"<script> [6424 bytes]","args":[{"element-6066-11e4-a52e-4f735466cecf":"f.82A53FFFDA245D4FC74AB3650F2065BA.d.F48E3A0BCD7453348A5CE7575C8164B5.e.3178"},"getTitle",[]]}
RESULT: {"script":"<script> [6424 bytes]","args":[{"element-6066-11e4-a52e-4f735466cecf":"f.82A53FFFDA245D4FC74AB3650F2065BA.d.F48E3A0BCD7453348A5CE7575C8164B5.e.3178"},"getTitle",[]]}
RESULT: undefined
COMMAND: POST /session/79057ea016645307ab1fd2f091123dcc/element/f.82A53FFFDA245D4FC74AB3650F2065BA.d.F48E3A0BCD7453348A5CE7575C8164B5.e.2987/click - {}
COMMAND: POST /session/79057ea016645307ab1fd2f091123dcc/element - {"using":"xpath","value":"//*[@id=\"backBtn\"]"}
RESULT: {"using":"xpath","value":"//*[@id=\"backBtn\"]"}
COMMAND: POST /session/79057ea016645307ab1fd2f091123dcc/element/f.82A53FFFDA245D4FC74AB3650F2065BA.d.F48E3A0BCD7453348A5CE7575C8164B5.e.2987/click - {}
COMMAND: POST /session/79057ea016645307ab1fd2f091123dcc/element - {"using":"xpath","value":"//*[@id=\"backBtn\"]"}
RESULT: {"using":"xpath","value":"//*[@id=\"backBtn\"]"}
COMMAND: POST /session/79057ea016645307ab1fd2f091123dcc/element/f.82A53FFFDA245D4FC74AB3650F2065BA.d.F48E3A0BCD7453348A5CE7575C8164B5.e.3179/click - {}
RESULT: {}
COMMAND: GET /session/79057ea016645307ab1fd2f091123dcc/screenshot - {}
RESULT: {}
]]></system-out>
    </testcase>
    <testcase classname="chrome.136_0_7103_93.windows.Sanity_Tests_US104253" name="Should open Trace Track Resources page" time="41.934">
      <system-out><![CDATA[
COMMAND: POST /session/79057ea016645307ab1fd2f091123dcc/execute/async - {"script":"<script> [1562 bytes]","args":[{"selector":{"controlType":"sap.m.GenericTile","properties":{"header":"Trace & Track Resources"}},"wdio_ui5_key":"sapm.GenericTile{\"header\":\"Trace & Track Resources\"}"}]}
RESULT: {"script":"<script> [1562 bytes]","args":[{"selector":{"controlType":"sap.m.GenericTile","properties":{"header":"Trace & Track Resources"}},"wdio_ui5_key":"sapm.GenericTile{\"header\":\"Trace & Track Resources\"}"}]}
RESULT: undefined
COMMAND: POST /session/79057ea016645307ab1fd2f091123dcc/element - {"using":"xpath","value":"//*[@id=\"__tile101\"]"}
RESULT: {"using":"xpath","value":"//*[@id=\"__tile101\"]"}
COMMAND: POST /session/79057ea016645307ab1fd2f091123dcc/element/f.82A53FFFDA245D4FC74AB3650F2065BA.d.F48E3A0BCD7453348A5CE7575C8164B5.e.3182/click - {}
RESULT: {}
COMMAND: GET /session/79057ea016645307ab1fd2f091123dcc/screenshot - {}
RESULT: {}
COMMAND: POST /session/79057ea016645307ab1fd2f091123dcc/elements - {"using":"xpath","value":"//span[text()='Error']"}
RESULT: {"using":"xpath","value":"//span[text()='Error']"}
RESULT: undefined
COMMAND: POST /session/79057ea016645307ab1fd2f091123dcc/element - {"using":"xpath","value":"//*[@id=\"__tile101\"]"}
RESULT: {"using":"xpath","value":"//*[@id=\"__tile101\"]"}
COMMAND: POST /session/79057ea016645307ab1fd2f091123dcc/element/f.82A53FFFDA245D4FC74AB3650F2065BA.d.F48E3A0BCD7453348A5CE7575C8164B5.e.3182/click - {}
RESULT: undefined
COMMAND: POST /session/79057ea016645307ab1fd2f091123dcc/element - {"using":"xpath","value":"//*[@id=\"__tile101\"]"}
RESULT: {"using":"xpath","value":"//*[@id=\"__tile101\"]"}
COMMAND: POST /session/79057ea016645307ab1fd2f091123dcc/element/f.82A53FFFDA245D4FC74AB3650F2065BA.d.F48E3A0BCD7453348A5CE7575C8164B5.e.3182/click - {}
RESULT: undefined
COMMAND: POST /session/79057ea016645307ab1fd2f091123dcc/execute/async - {"script":"<script> [6424 bytes]","args":[{"element-6066-11e4-a52e-4f735466cecf":"f.82A53FFFDA245D4FC74AB3650F2065BA.d.F48E3A0BCD7453348A5CE7575C8164B5.e.291"},"getTitle",[]]}
COMMAND: POST /session/79057ea016645307ab1fd2f091123dcc/execute/async - {"script":"<script> [1562 bytes]","args":[{"selector":{"id":"shellAppTitle"},"wdio_ui5_key":"shellAppTitle"}]}
RESULT: {"script":"<script> [1562 bytes]","args":[{"selector":{"id":"shellAppTitle"},"wdio_ui5_key":"shellAppTitle"}]}
COMMAND: POST /session/79057ea016645307ab1fd2f091123dcc/execute/async - {"script":"<script> [6424 bytes]","args":[{"element-6066-11e4-a52e-4f735466cecf":"f.82A53FFFDA245D4FC74AB3650F2065BA.d.F48E3A0BCD7453348A5CE7575C8164B5.e.3219"},"getTitle",[]]}
RESULT: {"script":"<script> [6424 bytes]","args":[{"element-6066-11e4-a52e-4f735466cecf":"f.82A53FFFDA245D4FC74AB3650F2065BA.d.F48E3A0BCD7453348A5CE7575C8164B5.e.3219"},"getTitle",[]]}
RESULT: undefined
COMMAND: POST /session/79057ea016645307ab1fd2f091123dcc/element/f.82A53FFFDA245D4FC74AB3650F2065BA.d.F48E3A0BCD7453348A5CE7575C8164B5.e.3179/click - {}
RESULT: {}
COMMAND: GET /session/79057ea016645307ab1fd2f091123dcc/screenshot - {}
RESULT: {}
]]></system-out>
    </testcase>
    <testcase classname="chrome.136_0_7103_93.windows.Sanity_Tests_US104253" name="Should open RU Inventory List page" time="40.043">
      <system-out><![CDATA[
COMMAND: POST /session/79057ea016645307ab1fd2f091123dcc/execute/async - {"script":"<script> [1562 bytes]","args":[{"selector":{"controlType":"sap.m.GenericTile","properties":{"header":"RU Inventory List"}},"wdio_ui5_key":"sapm.GenericTile{\"header\":\"RU Inventory List\"}"}]}
RESULT: {"script":"<script> [1562 bytes]","args":[{"selector":{"controlType":"sap.m.GenericTile","properties":{"header":"RU Inventory List"}},"wdio_ui5_key":"sapm.GenericTile{\"header\":\"RU Inventory List\"}"}]}
RESULT: undefined
COMMAND: POST /session/79057ea016645307ab1fd2f091123dcc/element - {"using":"xpath","value":"//*[@id=\"__tile99\"]"}
RESULT: {"using":"xpath","value":"//*[@id=\"__tile99\"]"}
COMMAND: POST /session/79057ea016645307ab1fd2f091123dcc/element/f.82A53FFFDA245D4FC74AB3650F2065BA.d.F48E3A0BCD7453348A5CE7575C8164B5.e.3221/click - {}
RESULT: {}
COMMAND: GET /session/79057ea016645307ab1fd2f091123dcc/screenshot - {}
RESULT: {}
COMMAND: POST /session/79057ea016645307ab1fd2f091123dcc/elements - {"using":"xpath","value":"//span[text()='Error']"}
RESULT: {"using":"xpath","value":"//span[text()='Error']"}
RESULT: undefined
COMMAND: POST /session/79057ea016645307ab1fd2f091123dcc/element - {"using":"xpath","value":"//*[@id=\"__tile99\"]"}
RESULT: {"using":"xpath","value":"//*[@id=\"__tile99\"]"}
COMMAND: POST /session/79057ea016645307ab1fd2f091123dcc/element/f.82A53FFFDA245D4FC74AB3650F2065BA.d.F48E3A0BCD7453348A5CE7575C8164B5.e.3221/click - {}
RESULT: undefined
COMMAND: POST /session/79057ea016645307ab1fd2f091123dcc/element - {"using":"xpath","value":"//*[@id=\"__tile99\"]"}
RESULT: {"using":"xpath","value":"//*[@id=\"__tile99\"]"}
COMMAND: POST /session/79057ea016645307ab1fd2f091123dcc/element/f.82A53FFFDA245D4FC74AB3650F2065BA.d.F48E3A0BCD7453348A5CE7575C8164B5.e.3221/click - {}
RESULT: undefined
COMMAND: POST /session/79057ea016645307ab1fd2f091123dcc/execute/async - {"script":"<script> [6424 bytes]","args":[{"element-6066-11e4-a52e-4f735466cecf":"f.82A53FFFDA245D4FC74AB3650F2065BA.d.F48E3A0BCD7453348A5CE7575C8164B5.e.291"},"getTitle",[]]}
COMMAND: POST /session/79057ea016645307ab1fd2f091123dcc/execute/async - {"script":"<script> [1562 bytes]","args":[{"selector":{"id":"shellAppTitle"},"wdio_ui5_key":"shellAppTitle"}]}
RESULT: {"script":"<script> [1562 bytes]","args":[{"selector":{"id":"shellAppTitle"},"wdio_ui5_key":"shellAppTitle"}]}
COMMAND: POST /session/79057ea016645307ab1fd2f091123dcc/execute/async - {"script":"<script> [6424 bytes]","args":[{"element-6066-11e4-a52e-4f735466cecf":"f.82A53FFFDA245D4FC74AB3650F2065BA.d.F48E3A0BCD7453348A5CE7575C8164B5.e.3426"},"getTitle",[]]}
RESULT: {"script":"<script> [6424 bytes]","args":[{"element-6066-11e4-a52e-4f735466cecf":"f.82A53FFFDA245D4FC74AB3650F2065BA.d.F48E3A0BCD7453348A5CE7575C8164B5.e.3426"},"getTitle",[]]}
RESULT: undefined
COMMAND: POST /session/79057ea016645307ab1fd2f091123dcc/element/f.82A53FFFDA245D4FC74AB3650F2065BA.d.F48E3A0BCD7453348A5CE7575C8164B5.e.3179/click - {}
COMMAND: POST /session/79057ea016645307ab1fd2f091123dcc/element - {"using":"xpath","value":"//*[@id=\"backBtn\"]"}
RESULT: {"using":"xpath","value":"//*[@id=\"backBtn\"]"}
COMMAND: POST /session/79057ea016645307ab1fd2f091123dcc/element/f.82A53FFFDA245D4FC74AB3650F2065BA.d.F48E3A0BCD7453348A5CE7575C8164B5.e.3179/click - {}
COMMAND: POST /session/79057ea016645307ab1fd2f091123dcc/element - {"using":"xpath","value":"//*[@id=\"backBtn\"]"}
RESULT: {"using":"xpath","value":"//*[@id=\"backBtn\"]"}
COMMAND: POST /session/79057ea016645307ab1fd2f091123dcc/element/f.82A53FFFDA245D4FC74AB3650F2065BA.d.F48E3A0BCD7453348A5CE7575C8164B5.e.3427/click - {}
RESULT: {}
COMMAND: GET /session/79057ea016645307ab1fd2f091123dcc/screenshot - {}
RESULT: {}
]]></system-out>
    </testcase>
    <testcase classname="chrome.136_0_7103_93.windows.Sanity_Tests_US104253" name="Should open Contracts Dashboard page" time="50.03">
      <system-out><![CDATA[
COMMAND: POST /session/79057ea016645307ab1fd2f091123dcc/execute/async - {"script":"<script> [1562 bytes]","args":[{"selector":{"controlType":"sap.m.GenericTile","properties":{"header":"Contracts Dashboard"}},"wdio_ui5_key":"sapm.GenericTile{\"header\":\"Contracts Dashboard\"}"}]}
RESULT: {"script":"<script> [1562 bytes]","args":[{"selector":{"controlType":"sap.m.GenericTile","properties":{"header":"Contracts Dashboard"}},"wdio_ui5_key":"sapm.GenericTile{\"header\":\"Contracts Dashboard\"}"}]}
RESULT: undefined
COMMAND: POST /session/79057ea016645307ab1fd2f091123dcc/element - {"using":"xpath","value":"//*[@id=\"__tile97\"]"}
RESULT: {"using":"xpath","value":"//*[@id=\"__tile97\"]"}
COMMAND: POST /session/79057ea016645307ab1fd2f091123dcc/element/f.82A53FFFDA245D4FC74AB3650F2065BA.d.F48E3A0BCD7453348A5CE7575C8164B5.e.3429/click - {}
RESULT: {}
COMMAND: GET /session/79057ea016645307ab1fd2f091123dcc/screenshot - {}
RESULT: {}
COMMAND: POST /session/79057ea016645307ab1fd2f091123dcc/elements - {"using":"xpath","value":"//span[text()='Error']"}
RESULT: {"using":"xpath","value":"//span[text()='Error']"}
RESULT: undefined
COMMAND: POST /session/79057ea016645307ab1fd2f091123dcc/element - {"using":"xpath","value":"//*[@id=\"__tile97\"]"}
RESULT: {"using":"xpath","value":"//*[@id=\"__tile97\"]"}
COMMAND: POST /session/79057ea016645307ab1fd2f091123dcc/element/f.82A53FFFDA245D4FC74AB3650F2065BA.d.F48E3A0BCD7453348A5CE7575C8164B5.e.3429/click - {}
RESULT: undefined
COMMAND: POST /session/79057ea016645307ab1fd2f091123dcc/element - {"using":"xpath","value":"//*[@id=\"__tile97\"]"}
RESULT: {"using":"xpath","value":"//*[@id=\"__tile97\"]"}
COMMAND: POST /session/79057ea016645307ab1fd2f091123dcc/element/f.82A53FFFDA245D4FC74AB3650F2065BA.d.F48E3A0BCD7453348A5CE7575C8164B5.e.3429/click - {}
RESULT: undefined
COMMAND: POST /session/79057ea016645307ab1fd2f091123dcc/execute/async - {"script":"<script> [6424 bytes]","args":[{"element-6066-11e4-a52e-4f735466cecf":"f.82A53FFFDA245D4FC74AB3650F2065BA.d.F48E3A0BCD7453348A5CE7575C8164B5.e.291"},"getTitle",[]]}
COMMAND: POST /session/79057ea016645307ab1fd2f091123dcc/execute/async - {"script":"<script> [1562 bytes]","args":[{"selector":{"id":"shellAppTitle"},"wdio_ui5_key":"shellAppTitle"}]}
RESULT: {"script":"<script> [1562 bytes]","args":[{"selector":{"id":"shellAppTitle"},"wdio_ui5_key":"shellAppTitle"}]}
COMMAND: POST /session/79057ea016645307ab1fd2f091123dcc/execute/async - {"script":"<script> [6424 bytes]","args":[{"element-6066-11e4-a52e-4f735466cecf":"f.82A53FFFDA245D4FC74AB3650F2065BA.d.F48E3A0BCD7453348A5CE7575C8164B5.e.3451"},"getTitle",[]]}
RESULT: {"script":"<script> [6424 bytes]","args":[{"element-6066-11e4-a52e-4f735466cecf":"f.82A53FFFDA245D4FC74AB3650F2065BA.d.F48E3A0BCD7453348A5CE7575C8164B5.e.3451"},"getTitle",[]]}
RESULT: undefined
COMMAND: POST /session/79057ea016645307ab1fd2f091123dcc/element/f.82A53FFFDA245D4FC74AB3650F2065BA.d.F48E3A0BCD7453348A5CE7575C8164B5.e.3427/click - {}
RESULT: {}
COMMAND: GET /session/79057ea016645307ab1fd2f091123dcc/screenshot - {}
RESULT: {}
]]></system-out>
    </testcase>
    <testcase classname="chrome.136_0_7103_93.windows.Sanity_Tests_US104253" name="Should open Bin Status Report page" time="38.586">
      <system-out><![CDATA[
COMMAND: POST /session/79057ea016645307ab1fd2f091123dcc/execute/async - {"script":"<script> [1562 bytes]","args":[{"selector":{"controlType":"sap.m.GenericTile","properties":{"header":"Bin Status Report"}},"wdio_ui5_key":"sapm.GenericTile{\"header\":\"Bin Status Report\"}"}]}
RESULT: {"script":"<script> [1562 bytes]","args":[{"selector":{"controlType":"sap.m.GenericTile","properties":{"header":"Bin Status Report"}},"wdio_ui5_key":"sapm.GenericTile{\"header\":\"Bin Status Report\"}"}]}
RESULT: undefined
COMMAND: POST /session/79057ea016645307ab1fd2f091123dcc/element - {"using":"xpath","value":"//*[@id=\"__tile104\"]"}
RESULT: {"using":"xpath","value":"//*[@id=\"__tile104\"]"}
COMMAND: POST /session/79057ea016645307ab1fd2f091123dcc/element/f.82A53FFFDA245D4FC74AB3650F2065BA.d.F48E3A0BCD7453348A5CE7575C8164B5.e.3453/click - {}
RESULT: {}
COMMAND: GET /session/79057ea016645307ab1fd2f091123dcc/screenshot - {}
RESULT: {}
COMMAND: POST /session/79057ea016645307ab1fd2f091123dcc/elements - {"using":"xpath","value":"//span[text()='Error']"}
RESULT: {"using":"xpath","value":"//span[text()='Error']"}
RESULT: undefined
COMMAND: POST /session/79057ea016645307ab1fd2f091123dcc/element - {"using":"xpath","value":"//*[@id=\"__tile104\"]"}
RESULT: {"using":"xpath","value":"//*[@id=\"__tile104\"]"}
COMMAND: POST /session/79057ea016645307ab1fd2f091123dcc/element/f.82A53FFFDA245D4FC74AB3650F2065BA.d.F48E3A0BCD7453348A5CE7575C8164B5.e.3453/click - {}
RESULT: undefined
COMMAND: POST /session/79057ea016645307ab1fd2f091123dcc/element - {"using":"xpath","value":"//*[@id=\"__tile104\"]"}
RESULT: {"using":"xpath","value":"//*[@id=\"__tile104\"]"}
COMMAND: POST /session/79057ea016645307ab1fd2f091123dcc/element/f.82A53FFFDA245D4FC74AB3650F2065BA.d.F48E3A0BCD7453348A5CE7575C8164B5.e.3453/click - {}
RESULT: undefined
COMMAND: POST /session/79057ea016645307ab1fd2f091123dcc/execute/async - {"script":"<script> [6424 bytes]","args":[{"element-6066-11e4-a52e-4f735466cecf":"f.82A53FFFDA245D4FC74AB3650F2065BA.d.F48E3A0BCD7453348A5CE7575C8164B5.e.291"},"getTitle",[]]}
COMMAND: POST /session/79057ea016645307ab1fd2f091123dcc/execute/async - {"script":"<script> [1562 bytes]","args":[{"selector":{"id":"shellAppTitle"},"wdio_ui5_key":"shellAppTitle"}]}
RESULT: {"script":"<script> [1562 bytes]","args":[{"selector":{"id":"shellAppTitle"},"wdio_ui5_key":"shellAppTitle"}]}
COMMAND: POST /session/79057ea016645307ab1fd2f091123dcc/execute/async - {"script":"<script> [6424 bytes]","args":[{"element-6066-11e4-a52e-4f735466cecf":"f.82A53FFFDA245D4FC74AB3650F2065BA.d.F48E3A0BCD7453348A5CE7575C8164B5.e.3550"},"getTitle",[]]}
RESULT: {"script":"<script> [6424 bytes]","args":[{"element-6066-11e4-a52e-4f735466cecf":"f.82A53FFFDA245D4FC74AB3650F2065BA.d.F48E3A0BCD7453348A5CE7575C8164B5.e.3550"},"getTitle",[]]}
RESULT: undefined
COMMAND: POST /session/79057ea016645307ab1fd2f091123dcc/element/f.82A53FFFDA245D4FC74AB3650F2065BA.d.F48E3A0BCD7453348A5CE7575C8164B5.e.3427/click - {}
COMMAND: POST /session/79057ea016645307ab1fd2f091123dcc/element - {"using":"xpath","value":"//*[@id=\"backBtn\"]"}
RESULT: {"using":"xpath","value":"//*[@id=\"backBtn\"]"}
COMMAND: POST /session/79057ea016645307ab1fd2f091123dcc/element/f.82A53FFFDA245D4FC74AB3650F2065BA.d.F48E3A0BCD7453348A5CE7575C8164B5.e.3427/click - {}
COMMAND: POST /session/79057ea016645307ab1fd2f091123dcc/element - {"using":"xpath","value":"//*[@id=\"backBtn\"]"}
RESULT: {"using":"xpath","value":"//*[@id=\"backBtn\"]"}
COMMAND: POST /session/79057ea016645307ab1fd2f091123dcc/element/f.82A53FFFDA245D4FC74AB3650F2065BA.d.F48E3A0BCD7453348A5CE7575C8164B5.e.3551/click - {}
RESULT: {}
COMMAND: GET /session/79057ea016645307ab1fd2f091123dcc/screenshot - {}
RESULT: {}
]]></system-out>
    </testcase>
    <testcase classname="chrome.136_0_7103_93.windows.Sanity_Tests_US104253" name="Should open Manage Warehouse Movements page" time="38.363">
      <system-out><![CDATA[
COMMAND: POST /session/79057ea016645307ab1fd2f091123dcc/execute/async - {"script":"<script> [1562 bytes]","args":[{"selector":{"controlType":"sap.m.GenericTile","properties":{"header":"Manage Warehouse Movements"}},"wdio_ui5_key":"sapm.GenericTile{\"header\":\"Manage Warehouse Movements\"}"}]}
RESULT: {"script":"<script> [1562 bytes]","args":[{"selector":{"controlType":"sap.m.GenericTile","properties":{"header":"Manage Warehouse Movements"}},"wdio_ui5_key":"sapm.GenericTile{\"header\":\"Manage Warehouse Movements\"}"}]}
RESULT: undefined
COMMAND: POST /session/79057ea016645307ab1fd2f091123dcc/element - {"using":"xpath","value":"//*[@id=\"__tile105\"]"}
RESULT: {"using":"xpath","value":"//*[@id=\"__tile105\"]"}
COMMAND: POST /session/79057ea016645307ab1fd2f091123dcc/element/f.82A53FFFDA245D4FC74AB3650F2065BA.d.F48E3A0BCD7453348A5CE7575C8164B5.e.3555/click - {}
RESULT: {}
COMMAND: GET /session/79057ea016645307ab1fd2f091123dcc/screenshot - {}
RESULT: {}
COMMAND: POST /session/79057ea016645307ab1fd2f091123dcc/elements - {"using":"xpath","value":"//span[text()='Error']"}
RESULT: {"using":"xpath","value":"//span[text()='Error']"}
RESULT: undefined
COMMAND: POST /session/79057ea016645307ab1fd2f091123dcc/element - {"using":"xpath","value":"//*[@id=\"__tile105\"]"}
RESULT: {"using":"xpath","value":"//*[@id=\"__tile105\"]"}
COMMAND: POST /session/79057ea016645307ab1fd2f091123dcc/element/f.82A53FFFDA245D4FC74AB3650F2065BA.d.F48E3A0BCD7453348A5CE7575C8164B5.e.3555/click - {}
RESULT: undefined
COMMAND: POST /session/79057ea016645307ab1fd2f091123dcc/element - {"using":"xpath","value":"//*[@id=\"__tile105\"]"}
RESULT: {"using":"xpath","value":"//*[@id=\"__tile105\"]"}
COMMAND: POST /session/79057ea016645307ab1fd2f091123dcc/element/f.82A53FFFDA245D4FC74AB3650F2065BA.d.F48E3A0BCD7453348A5CE7575C8164B5.e.3555/click - {}
RESULT: undefined
COMMAND: POST /session/79057ea016645307ab1fd2f091123dcc/execute/async - {"script":"<script> [6424 bytes]","args":[{"element-6066-11e4-a52e-4f735466cecf":"f.82A53FFFDA245D4FC74AB3650F2065BA.d.F48E3A0BCD7453348A5CE7575C8164B5.e.291"},"getTitle",[]]}
COMMAND: POST /session/79057ea016645307ab1fd2f091123dcc/execute/async - {"script":"<script> [1562 bytes]","args":[{"selector":{"id":"shellAppTitle"},"wdio_ui5_key":"shellAppTitle"}]}
RESULT: {"script":"<script> [1562 bytes]","args":[{"selector":{"id":"shellAppTitle"},"wdio_ui5_key":"shellAppTitle"}]}
COMMAND: POST /session/79057ea016645307ab1fd2f091123dcc/execute/async - {"script":"<script> [6424 bytes]","args":[{"element-6066-11e4-a52e-4f735466cecf":"f.82A53FFFDA245D4FC74AB3650F2065BA.d.F48E3A0BCD7453348A5CE7575C8164B5.e.3644"},"getTitle",[]]}
RESULT: {"script":"<script> [6424 bytes]","args":[{"element-6066-11e4-a52e-4f735466cecf":"f.82A53FFFDA245D4FC74AB3650F2065BA.d.F48E3A0BCD7453348A5CE7575C8164B5.e.3644"},"getTitle",[]]}
RESULT: undefined
COMMAND: POST /session/79057ea016645307ab1fd2f091123dcc/element/f.82A53FFFDA245D4FC74AB3650F2065BA.d.F48E3A0BCD7453348A5CE7575C8164B5.e.3551/click - {}
RESULT: {}
COMMAND: GET /session/79057ea016645307ab1fd2f091123dcc/screenshot - {}
RESULT: {}
]]></system-out>
    </testcase>
    <testcase classname="chrome.136_0_7103_93.windows.Sanity_Tests_US104253" name="Should open Bin Inventory List page" time="37.05">
      <system-out><![CDATA[
COMMAND: POST /session/79057ea016645307ab1fd2f091123dcc/execute/async - {"script":"<script> [1562 bytes]","args":[{"selector":{"controlType":"sap.m.GenericTile","properties":{"header":"Bin Inventory List"}},"wdio_ui5_key":"sapm.GenericTile{\"header\":\"Bin Inventory List\"}"}]}
RESULT: {"script":"<script> [1562 bytes]","args":[{"selector":{"controlType":"sap.m.GenericTile","properties":{"header":"Bin Inventory List"}},"wdio_ui5_key":"sapm.GenericTile{\"header\":\"Bin Inventory List\"}"}]}
RESULT: undefined
COMMAND: POST /session/79057ea016645307ab1fd2f091123dcc/element - {"using":"xpath","value":"//*[@id=\"__tile103\"]"}
RESULT: {"using":"xpath","value":"//*[@id=\"__tile103\"]"}
COMMAND: POST /session/79057ea016645307ab1fd2f091123dcc/element/f.82A53FFFDA245D4FC74AB3650F2065BA.d.F48E3A0BCD7453348A5CE7575C8164B5.e.3646/click - {}
RESULT: {}
COMMAND: GET /session/79057ea016645307ab1fd2f091123dcc/screenshot - {}
RESULT: {}
COMMAND: POST /session/79057ea016645307ab1fd2f091123dcc/elements - {"using":"xpath","value":"//span[text()='Error']"}
RESULT: {"using":"xpath","value":"//span[text()='Error']"}
RESULT: undefined
COMMAND: POST /session/79057ea016645307ab1fd2f091123dcc/element - {"using":"xpath","value":"//*[@id=\"__tile103\"]"}
RESULT: {"using":"xpath","value":"//*[@id=\"__tile103\"]"}
COMMAND: POST /session/79057ea016645307ab1fd2f091123dcc/element/f.82A53FFFDA245D4FC74AB3650F2065BA.d.F48E3A0BCD7453348A5CE7575C8164B5.e.3646/click - {}
RESULT: undefined
COMMAND: POST /session/79057ea016645307ab1fd2f091123dcc/element - {"using":"xpath","value":"//*[@id=\"__tile103\"]"}
RESULT: {"using":"xpath","value":"//*[@id=\"__tile103\"]"}
COMMAND: POST /session/79057ea016645307ab1fd2f091123dcc/element/f.82A53FFFDA245D4FC74AB3650F2065BA.d.F48E3A0BCD7453348A5CE7575C8164B5.e.3646/click - {}
RESULT: undefined
COMMAND: POST /session/79057ea016645307ab1fd2f091123dcc/execute/async - {"script":"<script> [6424 bytes]","args":[{"element-6066-11e4-a52e-4f735466cecf":"f.82A53FFFDA245D4FC74AB3650F2065BA.d.F48E3A0BCD7453348A5CE7575C8164B5.e.291"},"getTitle",[]]}
COMMAND: POST /session/79057ea016645307ab1fd2f091123dcc/execute/async - {"script":"<script> [1562 bytes]","args":[{"selector":{"id":"shellAppTitle"},"wdio_ui5_key":"shellAppTitle"}]}
RESULT: {"script":"<script> [1562 bytes]","args":[{"selector":{"id":"shellAppTitle"},"wdio_ui5_key":"shellAppTitle"}]}
COMMAND: POST /session/79057ea016645307ab1fd2f091123dcc/execute/async - {"script":"<script> [6424 bytes]","args":[{"element-6066-11e4-a52e-4f735466cecf":"f.82A53FFFDA245D4FC74AB3650F2065BA.d.F48E3A0BCD7453348A5CE7575C8164B5.e.3748"},"getTitle",[]]}
RESULT: {"script":"<script> [6424 bytes]","args":[{"element-6066-11e4-a52e-4f735466cecf":"f.82A53FFFDA245D4FC74AB3650F2065BA.d.F48E3A0BCD7453348A5CE7575C8164B5.e.3748"},"getTitle",[]]}
RESULT: undefined
COMMAND: POST /session/79057ea016645307ab1fd2f091123dcc/element/f.82A53FFFDA245D4FC74AB3650F2065BA.d.F48E3A0BCD7453348A5CE7575C8164B5.e.3551/click - {}
COMMAND: POST /session/79057ea016645307ab1fd2f091123dcc/element - {"using":"xpath","value":"//*[@id=\"backBtn\"]"}
RESULT: {"using":"xpath","value":"//*[@id=\"backBtn\"]"}
COMMAND: POST /session/79057ea016645307ab1fd2f091123dcc/element/f.82A53FFFDA245D4FC74AB3650F2065BA.d.F48E3A0BCD7453348A5CE7575C8164B5.e.3551/click - {}
COMMAND: POST /session/79057ea016645307ab1fd2f091123dcc/element - {"using":"xpath","value":"//*[@id=\"backBtn\"]"}
RESULT: {"using":"xpath","value":"//*[@id=\"backBtn\"]"}
COMMAND: POST /session/79057ea016645307ab1fd2f091123dcc/element/f.82A53FFFDA245D4FC74AB3650F2065BA.d.F48E3A0BCD7453348A5CE7575C8164B5.e.3749/click - {}
RESULT: {}
COMMAND: GET /session/79057ea016645307ab1fd2f091123dcc/screenshot - {}
RESULT: {}
]]></system-out>
    </testcase>
    <testcase classname="chrome.136_0_7103_93.windows.Sanity_Tests_US104253" name="Should open ISC Templates page" time="37.251">
      <system-out><![CDATA[
COMMAND: POST /session/79057ea016645307ab1fd2f091123dcc/execute/async - {"script":"<script> [1562 bytes]","args":[{"selector":{"controlType":"sap.m.GenericTile","properties":{"header":"ISC Templates"}},"wdio_ui5_key":"sapm.GenericTile{\"header\":\"ISC Templates\"}"}]}
RESULT: {"script":"<script> [1562 bytes]","args":[{"selector":{"controlType":"sap.m.GenericTile","properties":{"header":"ISC Templates"}},"wdio_ui5_key":"sapm.GenericTile{\"header\":\"ISC Templates\"}"}]}
RESULT: undefined
COMMAND: POST /session/79057ea016645307ab1fd2f091123dcc/element - {"using":"xpath","value":"//*[@id=\"__tile111\"]"}
RESULT: {"using":"xpath","value":"//*[@id=\"__tile111\"]"}
COMMAND: POST /session/79057ea016645307ab1fd2f091123dcc/element/f.82A53FFFDA245D4FC74AB3650F2065BA.d.F48E3A0BCD7453348A5CE7575C8164B5.e.3751/click - {}
RESULT: {}
COMMAND: GET /session/79057ea016645307ab1fd2f091123dcc/screenshot - {}
RESULT: {}
COMMAND: POST /session/79057ea016645307ab1fd2f091123dcc/elements - {"using":"xpath","value":"//span[text()='Error']"}
RESULT: {"using":"xpath","value":"//span[text()='Error']"}
RESULT: undefined
COMMAND: POST /session/79057ea016645307ab1fd2f091123dcc/element - {"using":"xpath","value":"//*[@id=\"__tile111\"]"}
RESULT: {"using":"xpath","value":"//*[@id=\"__tile111\"]"}
COMMAND: POST /session/79057ea016645307ab1fd2f091123dcc/element/f.82A53FFFDA245D4FC74AB3650F2065BA.d.F48E3A0BCD7453348A5CE7575C8164B5.e.3751/click - {}
RESULT: undefined
COMMAND: POST /session/79057ea016645307ab1fd2f091123dcc/element - {"using":"xpath","value":"//*[@id=\"__tile111\"]"}
RESULT: {"using":"xpath","value":"//*[@id=\"__tile111\"]"}
COMMAND: POST /session/79057ea016645307ab1fd2f091123dcc/element/f.82A53FFFDA245D4FC74AB3650F2065BA.d.F48E3A0BCD7453348A5CE7575C8164B5.e.3751/click - {}
RESULT: undefined
COMMAND: POST /session/79057ea016645307ab1fd2f091123dcc/execute/async - {"script":"<script> [6424 bytes]","args":[{"element-6066-11e4-a52e-4f735466cecf":"f.82A53FFFDA245D4FC74AB3650F2065BA.d.F48E3A0BCD7453348A5CE7575C8164B5.e.291"},"getTitle",[]]}
COMMAND: POST /session/79057ea016645307ab1fd2f091123dcc/execute/async - {"script":"<script> [1562 bytes]","args":[{"selector":{"id":"shellAppTitle"},"wdio_ui5_key":"shellAppTitle"}]}
RESULT: {"script":"<script> [1562 bytes]","args":[{"selector":{"id":"shellAppTitle"},"wdio_ui5_key":"shellAppTitle"}]}
COMMAND: POST /session/79057ea016645307ab1fd2f091123dcc/execute/async - {"script":"<script> [6424 bytes]","args":[{"element-6066-11e4-a52e-4f735466cecf":"f.82A53FFFDA245D4FC74AB3650F2065BA.d.F48E3A0BCD7453348A5CE7575C8164B5.e.3819"},"getTitle",[]]}
RESULT: {"script":"<script> [6424 bytes]","args":[{"element-6066-11e4-a52e-4f735466cecf":"f.82A53FFFDA245D4FC74AB3650F2065BA.d.F48E3A0BCD7453348A5CE7575C8164B5.e.3819"},"getTitle",[]]}
RESULT: undefined
COMMAND: POST /session/79057ea016645307ab1fd2f091123dcc/element/f.82A53FFFDA245D4FC74AB3650F2065BA.d.F48E3A0BCD7453348A5CE7575C8164B5.e.3749/click - {}
RESULT: {}
COMMAND: GET /session/79057ea016645307ab1fd2f091123dcc/screenshot - {}
RESULT: {}
]]></system-out>
    </testcase>
    <testcase classname="chrome.136_0_7103_93.windows.Sanity_Tests_US104253" name="Should open ISC Schedules page" time="37.088">
      <system-out><![CDATA[
COMMAND: POST /session/79057ea016645307ab1fd2f091123dcc/execute/async - {"script":"<script> [1562 bytes]","args":[{"selector":{"controlType":"sap.m.GenericTile","properties":{"header":"ISC Schedules"}},"wdio_ui5_key":"sapm.GenericTile{\"header\":\"ISC Schedules\"}"}]}
RESULT: {"script":"<script> [1562 bytes]","args":[{"selector":{"controlType":"sap.m.GenericTile","properties":{"header":"ISC Schedules"}},"wdio_ui5_key":"sapm.GenericTile{\"header\":\"ISC Schedules\"}"}]}
RESULT: undefined
COMMAND: POST /session/79057ea016645307ab1fd2f091123dcc/element - {"using":"xpath","value":"//*[@id=\"__tile109\"]"}
RESULT: {"using":"xpath","value":"//*[@id=\"__tile109\"]"}
COMMAND: POST /session/79057ea016645307ab1fd2f091123dcc/element/f.82A53FFFDA245D4FC74AB3650F2065BA.d.F48E3A0BCD7453348A5CE7575C8164B5.e.3822/click - {}
RESULT: {}
COMMAND: GET /session/79057ea016645307ab1fd2f091123dcc/screenshot - {}
RESULT: {}
COMMAND: POST /session/79057ea016645307ab1fd2f091123dcc/elements - {"using":"xpath","value":"//span[text()='Error']"}
RESULT: {"using":"xpath","value":"//span[text()='Error']"}
RESULT: undefined
COMMAND: POST /session/79057ea016645307ab1fd2f091123dcc/element - {"using":"xpath","value":"//*[@id=\"__tile109\"]"}
RESULT: {"using":"xpath","value":"//*[@id=\"__tile109\"]"}
COMMAND: POST /session/79057ea016645307ab1fd2f091123dcc/element/f.82A53FFFDA245D4FC74AB3650F2065BA.d.F48E3A0BCD7453348A5CE7575C8164B5.e.3822/click - {}
RESULT: undefined
COMMAND: POST /session/79057ea016645307ab1fd2f091123dcc/element - {"using":"xpath","value":"//*[@id=\"__tile109\"]"}
RESULT: {"using":"xpath","value":"//*[@id=\"__tile109\"]"}
COMMAND: POST /session/79057ea016645307ab1fd2f091123dcc/element/f.82A53FFFDA245D4FC74AB3650F2065BA.d.F48E3A0BCD7453348A5CE7575C8164B5.e.3822/click - {}
RESULT: undefined
COMMAND: POST /session/79057ea016645307ab1fd2f091123dcc/execute/async - {"script":"<script> [6424 bytes]","args":[{"element-6066-11e4-a52e-4f735466cecf":"f.82A53FFFDA245D4FC74AB3650F2065BA.d.F48E3A0BCD7453348A5CE7575C8164B5.e.291"},"getTitle",[]]}
COMMAND: POST /session/79057ea016645307ab1fd2f091123dcc/execute/async - {"script":"<script> [1562 bytes]","args":[{"selector":{"id":"shellAppTitle"},"wdio_ui5_key":"shellAppTitle"}]}
RESULT: {"script":"<script> [1562 bytes]","args":[{"selector":{"id":"shellAppTitle"},"wdio_ui5_key":"shellAppTitle"}]}
COMMAND: POST /session/79057ea016645307ab1fd2f091123dcc/execute/async - {"script":"<script> [6424 bytes]","args":[{"element-6066-11e4-a52e-4f735466cecf":"f.82A53FFFDA245D4FC74AB3650F2065BA.d.F48E3A0BCD7453348A5CE7575C8164B5.e.3897"},"getTitle",[]]}
RESULT: {"script":"<script> [6424 bytes]","args":[{"element-6066-11e4-a52e-4f735466cecf":"f.82A53FFFDA245D4FC74AB3650F2065BA.d.F48E3A0BCD7453348A5CE7575C8164B5.e.3897"},"getTitle",[]]}
RESULT: undefined
COMMAND: POST /session/79057ea016645307ab1fd2f091123dcc/element/f.82A53FFFDA245D4FC74AB3650F2065BA.d.F48E3A0BCD7453348A5CE7575C8164B5.e.3749/click - {}
COMMAND: POST /session/79057ea016645307ab1fd2f091123dcc/element - {"using":"xpath","value":"//*[@id=\"backBtn\"]"}
RESULT: {"using":"xpath","value":"//*[@id=\"backBtn\"]"}
COMMAND: POST /session/79057ea016645307ab1fd2f091123dcc/element/f.82A53FFFDA245D4FC74AB3650F2065BA.d.F48E3A0BCD7453348A5CE7575C8164B5.e.3749/click - {}
COMMAND: POST /session/79057ea016645307ab1fd2f091123dcc/element - {"using":"xpath","value":"//*[@id=\"backBtn\"]"}
RESULT: {"using":"xpath","value":"//*[@id=\"backBtn\"]"}
COMMAND: POST /session/79057ea016645307ab1fd2f091123dcc/element/f.82A53FFFDA245D4FC74AB3650F2065BA.d.F48E3A0BCD7453348A5CE7575C8164B5.e.3898/click - {}
RESULT: {}
COMMAND: GET /session/79057ea016645307ab1fd2f091123dcc/screenshot - {}
RESULT: {}
]]></system-out>
    </testcase>
    <testcase classname="chrome.136_0_7103_93.windows.Sanity_Tests_US104253" name="Should open ISC Dashboard page" time="46.151">
      <system-out><![CDATA[
COMMAND: POST /session/79057ea016645307ab1fd2f091123dcc/execute/async - {"script":"<script> [1562 bytes]","args":[{"selector":{"controlType":"sap.m.GenericTile","properties":{"header":"ISC Dashboard"}},"wdio_ui5_key":"sapm.GenericTile{\"header\":\"ISC Dashboard\"}"}]}
RESULT: {"script":"<script> [1562 bytes]","args":[{"selector":{"controlType":"sap.m.GenericTile","properties":{"header":"ISC Dashboard"}},"wdio_ui5_key":"sapm.GenericTile{\"header\":\"ISC Dashboard\"}"}]}
RESULT: undefined
COMMAND: POST /session/79057ea016645307ab1fd2f091123dcc/element - {"using":"xpath","value":"//*[@id=\"__tile106\"]"}
RESULT: {"using":"xpath","value":"//*[@id=\"__tile106\"]"}
COMMAND: POST /session/79057ea016645307ab1fd2f091123dcc/element/f.82A53FFFDA245D4FC74AB3650F2065BA.d.F48E3A0BCD7453348A5CE7575C8164B5.e.3900/click - {}
RESULT: {}
COMMAND: GET /session/79057ea016645307ab1fd2f091123dcc/screenshot - {}
RESULT: {}
COMMAND: POST /session/79057ea016645307ab1fd2f091123dcc/elements - {"using":"xpath","value":"//span[text()='Error']"}
RESULT: {"using":"xpath","value":"//span[text()='Error']"}
RESULT: undefined
COMMAND: POST /session/79057ea016645307ab1fd2f091123dcc/element - {"using":"xpath","value":"//*[@id=\"__tile106\"]"}
RESULT: {"using":"xpath","value":"//*[@id=\"__tile106\"]"}
COMMAND: POST /session/79057ea016645307ab1fd2f091123dcc/element/f.82A53FFFDA245D4FC74AB3650F2065BA.d.F48E3A0BCD7453348A5CE7575C8164B5.e.3900/click - {}
RESULT: undefined
COMMAND: POST /session/79057ea016645307ab1fd2f091123dcc/element - {"using":"xpath","value":"//*[@id=\"__tile106\"]"}
RESULT: {"using":"xpath","value":"//*[@id=\"__tile106\"]"}
COMMAND: POST /session/79057ea016645307ab1fd2f091123dcc/element/f.82A53FFFDA245D4FC74AB3650F2065BA.d.F48E3A0BCD7453348A5CE7575C8164B5.e.3900/click - {}
RESULT: undefined
COMMAND: POST /session/79057ea016645307ab1fd2f091123dcc/execute/async - {"script":"<script> [6424 bytes]","args":[{"element-6066-11e4-a52e-4f735466cecf":"f.82A53FFFDA245D4FC74AB3650F2065BA.d.F48E3A0BCD7453348A5CE7575C8164B5.e.291"},"getTitle",[]]}
COMMAND: POST /session/79057ea016645307ab1fd2f091123dcc/execute/async - {"script":"<script> [1562 bytes]","args":[{"selector":{"id":"shellAppTitle"},"wdio_ui5_key":"shellAppTitle"}]}
RESULT: {"script":"<script> [1562 bytes]","args":[{"selector":{"id":"shellAppTitle"},"wdio_ui5_key":"shellAppTitle"}]}
COMMAND: POST /session/79057ea016645307ab1fd2f091123dcc/execute/async - {"script":"<script> [6424 bytes]","args":[{"element-6066-11e4-a52e-4f735466cecf":"f.82A53FFFDA245D4FC74AB3650F2065BA.d.F48E3A0BCD7453348A5CE7575C8164B5.e.4016"},"getTitle",[]]}
RESULT: {"script":"<script> [6424 bytes]","args":[{"element-6066-11e4-a52e-4f735466cecf":"f.82A53FFFDA245D4FC74AB3650F2065BA.d.F48E3A0BCD7453348A5CE7575C8164B5.e.4016"},"getTitle",[]]}
RESULT: undefined
COMMAND: POST /session/79057ea016645307ab1fd2f091123dcc/element/f.82A53FFFDA245D4FC74AB3650F2065BA.d.F48E3A0BCD7453348A5CE7575C8164B5.e.3898/click - {}
RESULT: {}
COMMAND: GET /session/79057ea016645307ab1fd2f091123dcc/screenshot - {}
RESULT: {}
]]></system-out>
    </testcase>
    <testcase classname="chrome.136_0_7103_93.windows.Sanity_Tests_US104253" name="Should open ISC Orders page" time="37.808">
      <system-out><![CDATA[
COMMAND: POST /session/79057ea016645307ab1fd2f091123dcc/execute/async - {"script":"<script> [1562 bytes]","args":[{"selector":{"controlType":"sap.m.GenericTile","properties":{"header":"ISC Orders"}},"wdio_ui5_key":"sapm.GenericTile{\"header\":\"ISC Orders\"}"}]}
RESULT: {"script":"<script> [1562 bytes]","args":[{"selector":{"controlType":"sap.m.GenericTile","properties":{"header":"ISC Orders"}},"wdio_ui5_key":"sapm.GenericTile{\"header\":\"ISC Orders\"}"}]}
RESULT: undefined
COMMAND: POST /session/79057ea016645307ab1fd2f091123dcc/element - {"using":"xpath","value":"//*[@id=\"__tile108\"]"}
RESULT: {"using":"xpath","value":"//*[@id=\"__tile108\"]"}
COMMAND: POST /session/79057ea016645307ab1fd2f091123dcc/element/f.82A53FFFDA245D4FC74AB3650F2065BA.d.F48E3A0BCD7453348A5CE7575C8164B5.e.4018/click - {}
RESULT: {}
COMMAND: GET /session/79057ea016645307ab1fd2f091123dcc/screenshot - {}
RESULT: {}
COMMAND: POST /session/79057ea016645307ab1fd2f091123dcc/elements - {"using":"xpath","value":"//span[text()='Error']"}
RESULT: {"using":"xpath","value":"//span[text()='Error']"}
RESULT: undefined
COMMAND: POST /session/79057ea016645307ab1fd2f091123dcc/element - {"using":"xpath","value":"//*[@id=\"__tile108\"]"}
RESULT: {"using":"xpath","value":"//*[@id=\"__tile108\"]"}
COMMAND: POST /session/79057ea016645307ab1fd2f091123dcc/element/f.82A53FFFDA245D4FC74AB3650F2065BA.d.F48E3A0BCD7453348A5CE7575C8164B5.e.4018/click - {}
RESULT: undefined
COMMAND: POST /session/79057ea016645307ab1fd2f091123dcc/element - {"using":"xpath","value":"//*[@id=\"__tile108\"]"}
RESULT: {"using":"xpath","value":"//*[@id=\"__tile108\"]"}
COMMAND: POST /session/79057ea016645307ab1fd2f091123dcc/element/f.82A53FFFDA245D4FC74AB3650F2065BA.d.F48E3A0BCD7453348A5CE7575C8164B5.e.4018/click - {}
RESULT: undefined
COMMAND: POST /session/79057ea016645307ab1fd2f091123dcc/execute/async - {"script":"<script> [6424 bytes]","args":[{"element-6066-11e4-a52e-4f735466cecf":"f.82A53FFFDA245D4FC74AB3650F2065BA.d.F48E3A0BCD7453348A5CE7575C8164B5.e.291"},"getTitle",[]]}
COMMAND: POST /session/79057ea016645307ab1fd2f091123dcc/execute/async - {"script":"<script> [1562 bytes]","args":[{"selector":{"id":"shellAppTitle"},"wdio_ui5_key":"shellAppTitle"}]}
RESULT: {"script":"<script> [1562 bytes]","args":[{"selector":{"id":"shellAppTitle"},"wdio_ui5_key":"shellAppTitle"}]}
COMMAND: POST /session/79057ea016645307ab1fd2f091123dcc/execute/async - {"script":"<script> [6424 bytes]","args":[{"element-6066-11e4-a52e-4f735466cecf":"f.82A53FFFDA245D4FC74AB3650F2065BA.d.F48E3A0BCD7453348A5CE7575C8164B5.e.4123"},"getTitle",[]]}
RESULT: {"script":"<script> [6424 bytes]","args":[{"element-6066-11e4-a52e-4f735466cecf":"f.82A53FFFDA245D4FC74AB3650F2065BA.d.F48E3A0BCD7453348A5CE7575C8164B5.e.4123"},"getTitle",[]]}
RESULT: undefined
COMMAND: POST /session/79057ea016645307ab1fd2f091123dcc/element/f.82A53FFFDA245D4FC74AB3650F2065BA.d.F48E3A0BCD7453348A5CE7575C8164B5.e.3898/click - {}
COMMAND: POST /session/79057ea016645307ab1fd2f091123dcc/element - {"using":"xpath","value":"//*[@id=\"backBtn\"]"}
RESULT: {"using":"xpath","value":"//*[@id=\"backBtn\"]"}
COMMAND: POST /session/79057ea016645307ab1fd2f091123dcc/element/f.82A53FFFDA245D4FC74AB3650F2065BA.d.F48E3A0BCD7453348A5CE7575C8164B5.e.3898/click - {}
COMMAND: POST /session/79057ea016645307ab1fd2f091123dcc/element - {"using":"xpath","value":"//*[@id=\"backBtn\"]"}
RESULT: {"using":"xpath","value":"//*[@id=\"backBtn\"]"}
COMMAND: POST /session/79057ea016645307ab1fd2f091123dcc/element/f.82A53FFFDA245D4FC74AB3650F2065BA.d.F48E3A0BCD7453348A5CE7575C8164B5.e.4124/click - {}
RESULT: {}
COMMAND: GET /session/79057ea016645307ab1fd2f091123dcc/screenshot - {}
RESULT: {}
]]></system-out>
    </testcase>
    <testcase classname="chrome.136_0_7103_93.windows.Sanity_Tests_US104253" name="Should open ISC Tasks page" time="36.915">
      <system-out><![CDATA[
COMMAND: POST /session/79057ea016645307ab1fd2f091123dcc/execute/async - {"script":"<script> [1562 bytes]","args":[{"selector":{"controlType":"sap.m.GenericTile","properties":{"header":"ISC Tasks"}},"wdio_ui5_key":"sapm.GenericTile{\"header\":\"ISC Tasks\"}"}]}
RESULT: {"script":"<script> [1562 bytes]","args":[{"selector":{"controlType":"sap.m.GenericTile","properties":{"header":"ISC Tasks"}},"wdio_ui5_key":"sapm.GenericTile{\"header\":\"ISC Tasks\"}"}]}
RESULT: undefined
COMMAND: POST /session/79057ea016645307ab1fd2f091123dcc/element - {"using":"xpath","value":"//*[@id=\"__tile110\"]"}
RESULT: {"using":"xpath","value":"//*[@id=\"__tile110\"]"}
COMMAND: POST /session/79057ea016645307ab1fd2f091123dcc/element/f.82A53FFFDA245D4FC74AB3650F2065BA.d.F48E3A0BCD7453348A5CE7575C8164B5.e.4126/click - {}
RESULT: {}
COMMAND: GET /session/79057ea016645307ab1fd2f091123dcc/screenshot - {}
RESULT: {}
COMMAND: POST /session/79057ea016645307ab1fd2f091123dcc/elements - {"using":"xpath","value":"//span[text()='Error']"}
RESULT: {"using":"xpath","value":"//span[text()='Error']"}
RESULT: undefined
COMMAND: POST /session/79057ea016645307ab1fd2f091123dcc/element - {"using":"xpath","value":"//*[@id=\"__tile110\"]"}
RESULT: {"using":"xpath","value":"//*[@id=\"__tile110\"]"}
COMMAND: POST /session/79057ea016645307ab1fd2f091123dcc/element/f.82A53FFFDA245D4FC74AB3650F2065BA.d.F48E3A0BCD7453348A5CE7575C8164B5.e.4126/click - {}
RESULT: undefined
COMMAND: POST /session/79057ea016645307ab1fd2f091123dcc/element - {"using":"xpath","value":"//*[@id=\"__tile110\"]"}
RESULT: {"using":"xpath","value":"//*[@id=\"__tile110\"]"}
COMMAND: POST /session/79057ea016645307ab1fd2f091123dcc/element/f.82A53FFFDA245D4FC74AB3650F2065BA.d.F48E3A0BCD7453348A5CE7575C8164B5.e.4126/click - {}
RESULT: undefined
COMMAND: POST /session/79057ea016645307ab1fd2f091123dcc/execute/async - {"script":"<script> [6424 bytes]","args":[{"element-6066-11e4-a52e-4f735466cecf":"f.82A53FFFDA245D4FC74AB3650F2065BA.d.F48E3A0BCD7453348A5CE7575C8164B5.e.291"},"getTitle",[]]}
COMMAND: POST /session/79057ea016645307ab1fd2f091123dcc/execute/async - {"script":"<script> [1562 bytes]","args":[{"selector":{"id":"shellAppTitle"},"wdio_ui5_key":"shellAppTitle"}]}
RESULT: {"script":"<script> [1562 bytes]","args":[{"selector":{"id":"shellAppTitle"},"wdio_ui5_key":"shellAppTitle"}]}
COMMAND: POST /session/79057ea016645307ab1fd2f091123dcc/execute/async - {"script":"<script> [6424 bytes]","args":[{"element-6066-11e4-a52e-4f735466cecf":"f.82A53FFFDA245D4FC74AB3650F2065BA.d.F48E3A0BCD7453348A5CE7575C8164B5.e.4216"},"getTitle",[]]}
RESULT: {"script":"<script> [6424 bytes]","args":[{"element-6066-11e4-a52e-4f735466cecf":"f.82A53FFFDA245D4FC74AB3650F2065BA.d.F48E3A0BCD7453348A5CE7575C8164B5.e.4216"},"getTitle",[]]}
RESULT: undefined
COMMAND: POST /session/79057ea016645307ab1fd2f091123dcc/element/f.82A53FFFDA245D4FC74AB3650F2065BA.d.F48E3A0BCD7453348A5CE7575C8164B5.e.4124/click - {}
RESULT: {}
COMMAND: GET /session/79057ea016645307ab1fd2f091123dcc/screenshot - {}
RESULT: {}
]]></system-out>
    </testcase>
    <testcase classname="chrome.136_0_7103_93.windows.Sanity_Tests_US104253" name="Should open Manage Resource Logbook page" time="37.27">
      <system-out><![CDATA[
COMMAND: POST /session/79057ea016645307ab1fd2f091123dcc/execute/async - {"script":"<script> [1562 bytes]","args":[{"selector":{"controlType":"sap.m.GenericTile","properties":{"header":"Manage Resource Logbook"}},"wdio_ui5_key":"sapm.GenericTile{\"header\":\"Manage Resource Logbook\"}"}]}
RESULT: {"script":"<script> [1562 bytes]","args":[{"selector":{"controlType":"sap.m.GenericTile","properties":{"header":"Manage Resource Logbook"}},"wdio_ui5_key":"sapm.GenericTile{\"header\":\"Manage Resource Logbook\"}"}]}
RESULT: undefined
COMMAND: POST /session/79057ea016645307ab1fd2f091123dcc/element - {"using":"xpath","value":"//*[@id=\"__tile113\"]"}
RESULT: {"using":"xpath","value":"//*[@id=\"__tile113\"]"}
COMMAND: POST /session/79057ea016645307ab1fd2f091123dcc/element/f.82A53FFFDA245D4FC74AB3650F2065BA.d.F48E3A0BCD7453348A5CE7575C8164B5.e.4218/click - {}
RESULT: {}
COMMAND: GET /session/79057ea016645307ab1fd2f091123dcc/screenshot - {}
RESULT: {}
COMMAND: POST /session/79057ea016645307ab1fd2f091123dcc/elements - {"using":"xpath","value":"//span[text()='Error']"}
RESULT: {"using":"xpath","value":"//span[text()='Error']"}
RESULT: undefined
COMMAND: POST /session/79057ea016645307ab1fd2f091123dcc/element - {"using":"xpath","value":"//*[@id=\"__tile113\"]"}
RESULT: {"using":"xpath","value":"//*[@id=\"__tile113\"]"}
COMMAND: POST /session/79057ea016645307ab1fd2f091123dcc/element/f.82A53FFFDA245D4FC74AB3650F2065BA.d.F48E3A0BCD7453348A5CE7575C8164B5.e.4218/click - {}
RESULT: undefined
COMMAND: POST /session/79057ea016645307ab1fd2f091123dcc/element - {"using":"xpath","value":"//*[@id=\"__tile113\"]"}
RESULT: {"using":"xpath","value":"//*[@id=\"__tile113\"]"}
COMMAND: POST /session/79057ea016645307ab1fd2f091123dcc/element/f.82A53FFFDA245D4FC74AB3650F2065BA.d.F48E3A0BCD7453348A5CE7575C8164B5.e.4218/click - {}
RESULT: undefined
COMMAND: POST /session/79057ea016645307ab1fd2f091123dcc/execute/async - {"script":"<script> [6424 bytes]","args":[{"element-6066-11e4-a52e-4f735466cecf":"f.82A53FFFDA245D4FC74AB3650F2065BA.d.F48E3A0BCD7453348A5CE7575C8164B5.e.291"},"getTitle",[]]}
COMMAND: POST /session/79057ea016645307ab1fd2f091123dcc/execute/async - {"script":"<script> [1562 bytes]","args":[{"selector":{"id":"shellAppTitle"},"wdio_ui5_key":"shellAppTitle"}]}
RESULT: {"script":"<script> [1562 bytes]","args":[{"selector":{"id":"shellAppTitle"},"wdio_ui5_key":"shellAppTitle"}]}
COMMAND: POST /session/79057ea016645307ab1fd2f091123dcc/execute/async - {"script":"<script> [6424 bytes]","args":[{"element-6066-11e4-a52e-4f735466cecf":"f.82A53FFFDA245D4FC74AB3650F2065BA.d.F48E3A0BCD7453348A5CE7575C8164B5.e.4313"},"getTitle",[]]}
RESULT: {"script":"<script> [6424 bytes]","args":[{"element-6066-11e4-a52e-4f735466cecf":"f.82A53FFFDA245D4FC74AB3650F2065BA.d.F48E3A0BCD7453348A5CE7575C8164B5.e.4313"},"getTitle",[]]}
RESULT: undefined
COMMAND: POST /session/79057ea016645307ab1fd2f091123dcc/element/f.82A53FFFDA245D4FC74AB3650F2065BA.d.F48E3A0BCD7453348A5CE7575C8164B5.e.4124/click - {}
COMMAND: POST /session/79057ea016645307ab1fd2f091123dcc/element - {"using":"xpath","value":"//*[@id=\"backBtn\"]"}
RESULT: {"using":"xpath","value":"//*[@id=\"backBtn\"]"}
COMMAND: POST /session/79057ea016645307ab1fd2f091123dcc/element/f.82A53FFFDA245D4FC74AB3650F2065BA.d.F48E3A0BCD7453348A5CE7575C8164B5.e.4124/click - {}
COMMAND: POST /session/79057ea016645307ab1fd2f091123dcc/element - {"using":"xpath","value":"//*[@id=\"backBtn\"]"}
RESULT: {"using":"xpath","value":"//*[@id=\"backBtn\"]"}
COMMAND: POST /session/79057ea016645307ab1fd2f091123dcc/element/f.82A53FFFDA245D4FC74AB3650F2065BA.d.F48E3A0BCD7453348A5CE7575C8164B5.e.4314/click - {}
RESULT: {}
COMMAND: GET /session/79057ea016645307ab1fd2f091123dcc/screenshot - {}
RESULT: {}
]]></system-out>
    </testcase>
    <testcase classname="chrome.136_0_7103_93.windows.Sanity_Tests_US104253" name="Should open Manage Logbook page" time="38.994">
      <system-out><![CDATA[
COMMAND: POST /session/79057ea016645307ab1fd2f091123dcc/execute/async - {"script":"<script> [1562 bytes]","args":[{"selector":{"controlType":"sap.m.GenericTile","properties":{"header":"Manage Logbook"}},"wdio_ui5_key":"sapm.GenericTile{\"header\":\"Manage Logbook\"}"}]}
RESULT: {"script":"<script> [1562 bytes]","args":[{"selector":{"controlType":"sap.m.GenericTile","properties":{"header":"Manage Logbook"}},"wdio_ui5_key":"sapm.GenericTile{\"header\":\"Manage Logbook\"}"}]}
RESULT: undefined
COMMAND: POST /session/79057ea016645307ab1fd2f091123dcc/element - {"using":"xpath","value":"//*[@id=\"__tile112\"]"}
RESULT: {"using":"xpath","value":"//*[@id=\"__tile112\"]"}
COMMAND: POST /session/79057ea016645307ab1fd2f091123dcc/element/f.82A53FFFDA245D4FC74AB3650F2065BA.d.F48E3A0BCD7453348A5CE7575C8164B5.e.4316/click - {}
RESULT: {}
COMMAND: GET /session/79057ea016645307ab1fd2f091123dcc/screenshot - {}
RESULT: {}
COMMAND: POST /session/79057ea016645307ab1fd2f091123dcc/elements - {"using":"xpath","value":"//span[text()='Error']"}
RESULT: {"using":"xpath","value":"//span[text()='Error']"}
RESULT: undefined
COMMAND: POST /session/79057ea016645307ab1fd2f091123dcc/element - {"using":"xpath","value":"//*[@id=\"__tile112\"]"}
RESULT: {"using":"xpath","value":"//*[@id=\"__tile112\"]"}
COMMAND: POST /session/79057ea016645307ab1fd2f091123dcc/element/f.82A53FFFDA245D4FC74AB3650F2065BA.d.F48E3A0BCD7453348A5CE7575C8164B5.e.4316/click - {}
RESULT: undefined
COMMAND: POST /session/79057ea016645307ab1fd2f091123dcc/element - {"using":"xpath","value":"//*[@id=\"__tile112\"]"}
RESULT: {"using":"xpath","value":"//*[@id=\"__tile112\"]"}
COMMAND: POST /session/79057ea016645307ab1fd2f091123dcc/element/f.82A53FFFDA245D4FC74AB3650F2065BA.d.F48E3A0BCD7453348A5CE7575C8164B5.e.4316/click - {}
RESULT: undefined
COMMAND: POST /session/79057ea016645307ab1fd2f091123dcc/execute/async - {"script":"<script> [6424 bytes]","args":[{"element-6066-11e4-a52e-4f735466cecf":"f.82A53FFFDA245D4FC74AB3650F2065BA.d.F48E3A0BCD7453348A5CE7575C8164B5.e.291"},"getTitle",[]]}
COMMAND: POST /session/79057ea016645307ab1fd2f091123dcc/execute/async - {"script":"<script> [1562 bytes]","args":[{"selector":{"id":"shellAppTitle"},"wdio_ui5_key":"shellAppTitle"}]}
RESULT: {"script":"<script> [1562 bytes]","args":[{"selector":{"id":"shellAppTitle"},"wdio_ui5_key":"shellAppTitle"}]}
COMMAND: POST /session/79057ea016645307ab1fd2f091123dcc/execute/async - {"script":"<script> [6424 bytes]","args":[{"element-6066-11e4-a52e-4f735466cecf":"f.82A53FFFDA245D4FC74AB3650F2065BA.d.F48E3A0BCD7453348A5CE7575C8164B5.e.4406"},"getTitle",[]]}
RESULT: {"script":"<script> [6424 bytes]","args":[{"element-6066-11e4-a52e-4f735466cecf":"f.82A53FFFDA245D4FC74AB3650F2065BA.d.F48E3A0BCD7453348A5CE7575C8164B5.e.4406"},"getTitle",[]]}
RESULT: undefined
COMMAND: POST /session/79057ea016645307ab1fd2f091123dcc/element/f.82A53FFFDA245D4FC74AB3650F2065BA.d.F48E3A0BCD7453348A5CE7575C8164B5.e.4314/click - {}
RESULT: {}
COMMAND: GET /session/79057ea016645307ab1fd2f091123dcc/screenshot - {}
RESULT: {}
]]></system-out>
    </testcase>
    <testcase classname="chrome.136_0_7103_93.windows.Sanity_Tests_US104253" name="Should open ISC Orders Calendar page" time="39.256">
      <system-out><![CDATA[
COMMAND: POST /session/79057ea016645307ab1fd2f091123dcc/execute/async - {"script":"<script> [1562 bytes]","args":[{"selector":{"controlType":"sap.m.GenericTile","properties":{"header":"ISC Orders Calendar"}},"wdio_ui5_key":"sapm.GenericTile{\"header\":\"ISC Orders Calendar\"}"}]}
RESULT: {"script":"<script> [1562 bytes]","args":[{"selector":{"controlType":"sap.m.GenericTile","properties":{"header":"ISC Orders Calendar"}},"wdio_ui5_key":"sapm.GenericTile{\"header\":\"ISC Orders Calendar\"}"}]}
RESULT: undefined
COMMAND: POST /session/79057ea016645307ab1fd2f091123dcc/element - {"using":"xpath","value":"//*[@id=\"__tile107\"]"}
RESULT: {"using":"xpath","value":"//*[@id=\"__tile107\"]"}
COMMAND: POST /session/79057ea016645307ab1fd2f091123dcc/element/f.82A53FFFDA245D4FC74AB3650F2065BA.d.F48E3A0BCD7453348A5CE7575C8164B5.e.4408/click - {}
RESULT: {}
COMMAND: GET /session/79057ea016645307ab1fd2f091123dcc/screenshot - {}
RESULT: {}
COMMAND: POST /session/79057ea016645307ab1fd2f091123dcc/elements - {"using":"xpath","value":"//span[text()='Error']"}
RESULT: {"using":"xpath","value":"//span[text()='Error']"}
RESULT: undefined
COMMAND: POST /session/79057ea016645307ab1fd2f091123dcc/element - {"using":"xpath","value":"//*[@id=\"__tile107\"]"}
RESULT: {"using":"xpath","value":"//*[@id=\"__tile107\"]"}
COMMAND: POST /session/79057ea016645307ab1fd2f091123dcc/element/f.82A53FFFDA245D4FC74AB3650F2065BA.d.F48E3A0BCD7453348A5CE7575C8164B5.e.4408/click - {}
RESULT: undefined
COMMAND: POST /session/79057ea016645307ab1fd2f091123dcc/element - {"using":"xpath","value":"//*[@id=\"__tile107\"]"}
RESULT: {"using":"xpath","value":"//*[@id=\"__tile107\"]"}
COMMAND: POST /session/79057ea016645307ab1fd2f091123dcc/element/f.82A53FFFDA245D4FC74AB3650F2065BA.d.F48E3A0BCD7453348A5CE7575C8164B5.e.4408/click - {}
RESULT: undefined
COMMAND: POST /session/79057ea016645307ab1fd2f091123dcc/execute/async - {"script":"<script> [6424 bytes]","args":[{"element-6066-11e4-a52e-4f735466cecf":"f.82A53FFFDA245D4FC74AB3650F2065BA.d.F48E3A0BCD7453348A5CE7575C8164B5.e.291"},"getTitle",[]]}
COMMAND: POST /session/79057ea016645307ab1fd2f091123dcc/execute/async - {"script":"<script> [1562 bytes]","args":[{"selector":{"id":"shellAppTitle"},"wdio_ui5_key":"shellAppTitle"}]}
RESULT: {"script":"<script> [1562 bytes]","args":[{"selector":{"id":"shellAppTitle"},"wdio_ui5_key":"shellAppTitle"}]}
COMMAND: POST /session/79057ea016645307ab1fd2f091123dcc/execute/async - {"script":"<script> [6424 bytes]","args":[{"element-6066-11e4-a52e-4f735466cecf":"f.82A53FFFDA245D4FC74AB3650F2065BA.d.F48E3A0BCD7453348A5CE7575C8164B5.e.4618"},"getTitle",[]]}
RESULT: {"script":"<script> [6424 bytes]","args":[{"element-6066-11e4-a52e-4f735466cecf":"f.82A53FFFDA245D4FC74AB3650F2065BA.d.F48E3A0BCD7453348A5CE7575C8164B5.e.4618"},"getTitle",[]]}
RESULT: undefined
COMMAND: POST /session/79057ea016645307ab1fd2f091123dcc/element/f.82A53FFFDA245D4FC74AB3650F2065BA.d.F48E3A0BCD7453348A5CE7575C8164B5.e.4314/click - {}
COMMAND: POST /session/79057ea016645307ab1fd2f091123dcc/element - {"using":"xpath","value":"//*[@id=\"backBtn\"]"}
RESULT: {"using":"xpath","value":"//*[@id=\"backBtn\"]"}
COMMAND: POST /session/79057ea016645307ab1fd2f091123dcc/element/f.82A53FFFDA245D4FC74AB3650F2065BA.d.F48E3A0BCD7453348A5CE7575C8164B5.e.4314/click - {}
COMMAND: POST /session/79057ea016645307ab1fd2f091123dcc/element - {"using":"xpath","value":"//*[@id=\"backBtn\"]"}
RESULT: {"using":"xpath","value":"//*[@id=\"backBtn\"]"}
COMMAND: POST /session/79057ea016645307ab1fd2f091123dcc/element/f.82A53FFFDA245D4FC74AB3650F2065BA.d.F48E3A0BCD7453348A5CE7575C8164B5.e.4619/click - {}
RESULT: {}
COMMAND: GET /session/79057ea016645307ab1fd2f091123dcc/screenshot - {}
RESULT: {}
]]></system-out>
    </testcase>
    <testcase classname="chrome.136_0_7103_93.windows.Sanity_Tests_US104253" name="Should open Configure System page" time="42.135">
      <system-out><![CDATA[
COMMAND: POST /session/79057ea016645307ab1fd2f091123dcc/execute/async - {"script":"<script> [1562 bytes]","args":[{"selector":{"controlType":"sap.m.GenericTile","properties":{"header":"Configure System"}},"wdio_ui5_key":"sapm.GenericTile{\"header\":\"Configure System\"}"}]}
RESULT: {"script":"<script> [1562 bytes]","args":[{"selector":{"controlType":"sap.m.GenericTile","properties":{"header":"Configure System"}},"wdio_ui5_key":"sapm.GenericTile{\"header\":\"Configure System\"}"}]}
RESULT: undefined
COMMAND: POST /session/79057ea016645307ab1fd2f091123dcc/element - {"using":"xpath","value":"//*[@id=\"__tile114\"]"}
RESULT: {"using":"xpath","value":"//*[@id=\"__tile114\"]"}
COMMAND: POST /session/79057ea016645307ab1fd2f091123dcc/element/f.82A53FFFDA245D4FC74AB3650F2065BA.d.F48E3A0BCD7453348A5CE7575C8164B5.e.4621/click - {}
RESULT: {}
COMMAND: GET /session/79057ea016645307ab1fd2f091123dcc/screenshot - {}
RESULT: {}
COMMAND: POST /session/79057ea016645307ab1fd2f091123dcc/elements - {"using":"xpath","value":"//span[text()='Error']"}
RESULT: {"using":"xpath","value":"//span[text()='Error']"}
RESULT: undefined
COMMAND: POST /session/79057ea016645307ab1fd2f091123dcc/element - {"using":"xpath","value":"//*[@id=\"__tile114\"]"}
RESULT: {"using":"xpath","value":"//*[@id=\"__tile114\"]"}
COMMAND: POST /session/79057ea016645307ab1fd2f091123dcc/element/f.82A53FFFDA245D4FC74AB3650F2065BA.d.F48E3A0BCD7453348A5CE7575C8164B5.e.4621/click - {}
RESULT: undefined
COMMAND: POST /session/79057ea016645307ab1fd2f091123dcc/element - {"using":"xpath","value":"//*[@id=\"__tile114\"]"}
RESULT: {"using":"xpath","value":"//*[@id=\"__tile114\"]"}
COMMAND: POST /session/79057ea016645307ab1fd2f091123dcc/element/f.82A53FFFDA245D4FC74AB3650F2065BA.d.F48E3A0BCD7453348A5CE7575C8164B5.e.4621/click - {}
RESULT: undefined
COMMAND: POST /session/79057ea016645307ab1fd2f091123dcc/execute/async - {"script":"<script> [6424 bytes]","args":[{"element-6066-11e4-a52e-4f735466cecf":"f.82A53FFFDA245D4FC74AB3650F2065BA.d.F48E3A0BCD7453348A5CE7575C8164B5.e.291"},"getTitle",[]]}
COMMAND: POST /session/79057ea016645307ab1fd2f091123dcc/execute/async - {"script":"<script> [1562 bytes]","args":[{"selector":{"id":"shellAppTitle"},"wdio_ui5_key":"shellAppTitle"}]}
RESULT: {"script":"<script> [1562 bytes]","args":[{"selector":{"id":"shellAppTitle"},"wdio_ui5_key":"shellAppTitle"}]}
COMMAND: POST /session/79057ea016645307ab1fd2f091123dcc/execute/async - {"script":"<script> [6424 bytes]","args":[{"element-6066-11e4-a52e-4f735466cecf":"f.82A53FFFDA245D4FC74AB3650F2065BA.d.F48E3A0BCD7453348A5CE7575C8164B5.e.4646"},"getTitle",[]]}
RESULT: {"script":"<script> [6424 bytes]","args":[{"element-6066-11e4-a52e-4f735466cecf":"f.82A53FFFDA245D4FC74AB3650F2065BA.d.F48E3A0BCD7453348A5CE7575C8164B5.e.4646"},"getTitle",[]]}
RESULT: undefined
COMMAND: POST /session/79057ea016645307ab1fd2f091123dcc/element/f.82A53FFFDA245D4FC74AB3650F2065BA.d.F48E3A0BCD7453348A5CE7575C8164B5.e.4619/click - {}
RESULT: {}
COMMAND: GET /session/79057ea016645307ab1fd2f091123dcc/screenshot - {}
RESULT: {}
]]></system-out>
    </testcase>
    <testcase classname="chrome.136_0_7103_93.windows.Sanity_Tests_US104253" name="Should open Manage Classifications page" time="37.337">
      <system-out><![CDATA[
COMMAND: POST /session/79057ea016645307ab1fd2f091123dcc/execute/async - {"script":"<script> [1562 bytes]","args":[{"selector":{"controlType":"sap.m.GenericTile","properties":{"header":"Manage Classifications"}},"wdio_ui5_key":"sapm.GenericTile{\"header\":\"Manage Classifications\"}"}]}
RESULT: {"script":"<script> [1562 bytes]","args":[{"selector":{"controlType":"sap.m.GenericTile","properties":{"header":"Manage Classifications"}},"wdio_ui5_key":"sapm.GenericTile{\"header\":\"Manage Classifications\"}"}]}
RESULT: undefined
COMMAND: POST /session/79057ea016645307ab1fd2f091123dcc/element - {"using":"xpath","value":"//*[@id=\"__tile115\"]"}
RESULT: {"using":"xpath","value":"//*[@id=\"__tile115\"]"}
COMMAND: POST /session/79057ea016645307ab1fd2f091123dcc/element/f.82A53FFFDA245D4FC74AB3650F2065BA.d.F48E3A0BCD7453348A5CE7575C8164B5.e.4650/click - {}
RESULT: {}
COMMAND: GET /session/79057ea016645307ab1fd2f091123dcc/screenshot - {}
RESULT: {}
COMMAND: POST /session/79057ea016645307ab1fd2f091123dcc/elements - {"using":"xpath","value":"//span[text()='Error']"}
RESULT: {"using":"xpath","value":"//span[text()='Error']"}
RESULT: undefined
COMMAND: POST /session/79057ea016645307ab1fd2f091123dcc/element - {"using":"xpath","value":"//*[@id=\"__tile115\"]"}
RESULT: {"using":"xpath","value":"//*[@id=\"__tile115\"]"}
COMMAND: POST /session/79057ea016645307ab1fd2f091123dcc/element/f.82A53FFFDA245D4FC74AB3650F2065BA.d.F48E3A0BCD7453348A5CE7575C8164B5.e.4650/click - {}
RESULT: undefined
COMMAND: POST /session/79057ea016645307ab1fd2f091123dcc/element - {"using":"xpath","value":"//*[@id=\"__tile115\"]"}
RESULT: {"using":"xpath","value":"//*[@id=\"__tile115\"]"}
COMMAND: POST /session/79057ea016645307ab1fd2f091123dcc/element/f.82A53FFFDA245D4FC74AB3650F2065BA.d.F48E3A0BCD7453348A5CE7575C8164B5.e.4650/click - {}
RESULT: undefined
COMMAND: POST /session/79057ea016645307ab1fd2f091123dcc/execute/async - {"script":"<script> [6424 bytes]","args":[{"element-6066-11e4-a52e-4f735466cecf":"f.82A53FFFDA245D4FC74AB3650F2065BA.d.F48E3A0BCD7453348A5CE7575C8164B5.e.291"},"getTitle",[]]}
COMMAND: POST /session/79057ea016645307ab1fd2f091123dcc/execute/async - {"script":"<script> [1562 bytes]","args":[{"selector":{"id":"shellAppTitle"},"wdio_ui5_key":"shellAppTitle"}]}
RESULT: {"script":"<script> [1562 bytes]","args":[{"selector":{"id":"shellAppTitle"},"wdio_ui5_key":"shellAppTitle"}]}
COMMAND: POST /session/79057ea016645307ab1fd2f091123dcc/execute/async - {"script":"<script> [6424 bytes]","args":[{"element-6066-11e4-a52e-4f735466cecf":"f.82A53FFFDA245D4FC74AB3650F2065BA.d.F48E3A0BCD7453348A5CE7575C8164B5.e.4906"},"getTitle",[]]}
RESULT: {"script":"<script> [6424 bytes]","args":[{"element-6066-11e4-a52e-4f735466cecf":"f.82A53FFFDA245D4FC74AB3650F2065BA.d.F48E3A0BCD7453348A5CE7575C8164B5.e.4906"},"getTitle",[]]}
RESULT: undefined
COMMAND: POST /session/79057ea016645307ab1fd2f091123dcc/element/f.82A53FFFDA245D4FC74AB3650F2065BA.d.F48E3A0BCD7453348A5CE7575C8164B5.e.4619/click - {}
COMMAND: POST /session/79057ea016645307ab1fd2f091123dcc/element - {"using":"xpath","value":"//*[@id=\"backBtn\"]"}
RESULT: {"using":"xpath","value":"//*[@id=\"backBtn\"]"}
COMMAND: POST /session/79057ea016645307ab1fd2f091123dcc/element/f.82A53FFFDA245D4FC74AB3650F2065BA.d.F48E3A0BCD7453348A5CE7575C8164B5.e.4619/click - {}
COMMAND: POST /session/79057ea016645307ab1fd2f091123dcc/element - {"using":"xpath","value":"//*[@id=\"backBtn\"]"}
RESULT: {"using":"xpath","value":"//*[@id=\"backBtn\"]"}
COMMAND: POST /session/79057ea016645307ab1fd2f091123dcc/element/f.82A53FFFDA245D4FC74AB3650F2065BA.d.F48E3A0BCD7453348A5CE7575C8164B5.e.4907/click - {}
RESULT: {}
COMMAND: GET /session/79057ea016645307ab1fd2f091123dcc/screenshot - {}
RESULT: {}
]]></system-out>
    </testcase>
    <testcase classname="chrome.136_0_7103_93.windows.Sanity_Tests_US104253" name="Should open Data Explorer page" time="39.492">
      <system-out><![CDATA[
COMMAND: POST /session/79057ea016645307ab1fd2f091123dcc/execute/async - {"script":"<script> [1562 bytes]","args":[{"selector":{"controlType":"sap.m.GenericTile","properties":{"header":"Data Explorer"}},"wdio_ui5_key":"sapm.GenericTile{\"header\":\"Data Explorer\"}"}]}
RESULT: {"script":"<script> [1562 bytes]","args":[{"selector":{"controlType":"sap.m.GenericTile","properties":{"header":"Data Explorer"}},"wdio_ui5_key":"sapm.GenericTile{\"header\":\"Data Explorer\"}"}]}
RESULT: undefined
COMMAND: POST /session/79057ea016645307ab1fd2f091123dcc/element - {"using":"xpath","value":"//*[@id=\"__tile117\"]"}
RESULT: {"using":"xpath","value":"//*[@id=\"__tile117\"]"}
COMMAND: POST /session/79057ea016645307ab1fd2f091123dcc/element/f.82A53FFFDA245D4FC74AB3650F2065BA.d.F48E3A0BCD7453348A5CE7575C8164B5.e.4909/click - {}
RESULT: {}
COMMAND: GET /session/79057ea016645307ab1fd2f091123dcc/screenshot - {}
RESULT: {}
COMMAND: POST /session/79057ea016645307ab1fd2f091123dcc/elements - {"using":"xpath","value":"//span[text()='Error']"}
RESULT: {"using":"xpath","value":"//span[text()='Error']"}
RESULT: undefined
COMMAND: POST /session/79057ea016645307ab1fd2f091123dcc/element - {"using":"xpath","value":"//*[@id=\"__tile117\"]"}
RESULT: {"using":"xpath","value":"//*[@id=\"__tile117\"]"}
COMMAND: POST /session/79057ea016645307ab1fd2f091123dcc/element/f.82A53FFFDA245D4FC74AB3650F2065BA.d.F48E3A0BCD7453348A5CE7575C8164B5.e.4909/click - {}
RESULT: undefined
COMMAND: POST /session/79057ea016645307ab1fd2f091123dcc/element - {"using":"xpath","value":"//*[@id=\"__tile117\"]"}
RESULT: {"using":"xpath","value":"//*[@id=\"__tile117\"]"}
COMMAND: POST /session/79057ea016645307ab1fd2f091123dcc/element/f.82A53FFFDA245D4FC74AB3650F2065BA.d.F48E3A0BCD7453348A5CE7575C8164B5.e.4909/click - {}
RESULT: undefined
COMMAND: POST /session/79057ea016645307ab1fd2f091123dcc/execute/async - {"script":"<script> [6424 bytes]","args":[{"element-6066-11e4-a52e-4f735466cecf":"f.82A53FFFDA245D4FC74AB3650F2065BA.d.F48E3A0BCD7453348A5CE7575C8164B5.e.291"},"getTitle",[]]}
COMMAND: POST /session/79057ea016645307ab1fd2f091123dcc/execute/async - {"script":"<script> [1562 bytes]","args":[{"selector":{"id":"shellAppTitle"},"wdio_ui5_key":"shellAppTitle"}]}
RESULT: {"script":"<script> [1562 bytes]","args":[{"selector":{"id":"shellAppTitle"},"wdio_ui5_key":"shellAppTitle"}]}
COMMAND: POST /session/79057ea016645307ab1fd2f091123dcc/execute/async - {"script":"<script> [6424 bytes]","args":[{"element-6066-11e4-a52e-4f735466cecf":"f.82A53FFFDA245D4FC74AB3650F2065BA.d.F48E3A0BCD7453348A5CE7575C8164B5.e.5069"},"getTitle",[]]}
RESULT: {"script":"<script> [6424 bytes]","args":[{"element-6066-11e4-a52e-4f735466cecf":"f.82A53FFFDA245D4FC74AB3650F2065BA.d.F48E3A0BCD7453348A5CE7575C8164B5.e.5069"},"getTitle",[]]}
RESULT: undefined
COMMAND: POST /session/79057ea016645307ab1fd2f091123dcc/element/f.82A53FFFDA245D4FC74AB3650F2065BA.d.F48E3A0BCD7453348A5CE7575C8164B5.e.4907/click - {}
RESULT: {}
COMMAND: GET /session/79057ea016645307ab1fd2f091123dcc/screenshot - {}
RESULT: {}
]]></system-out>
    </testcase>
    <testcase classname="chrome.136_0_7103_93.windows.Sanity_Tests_US104253" name="Should open Performance Monitor page" time="52.36">
      <system-out><![CDATA[
COMMAND: POST /session/79057ea016645307ab1fd2f091123dcc/execute/async - {"script":"<script> [1562 bytes]","args":[{"selector":{"controlType":"sap.m.GenericTile","properties":{"header":"Performance Monitor"}},"wdio_ui5_key":"sapm.GenericTile{\"header\":\"Performance Monitor\"}"}]}
RESULT: {"script":"<script> [1562 bytes]","args":[{"selector":{"controlType":"sap.m.GenericTile","properties":{"header":"Performance Monitor"}},"wdio_ui5_key":"sapm.GenericTile{\"header\":\"Performance Monitor\"}"}]}
RESULT: undefined
COMMAND: POST /session/79057ea016645307ab1fd2f091123dcc/element - {"using":"xpath","value":"//*[@id=\"__tile116\"]"}
RESULT: {"using":"xpath","value":"//*[@id=\"__tile116\"]"}
COMMAND: POST /session/79057ea016645307ab1fd2f091123dcc/element/f.82A53FFFDA245D4FC74AB3650F2065BA.d.F48E3A0BCD7453348A5CE7575C8164B5.e.5071/click - {}
RESULT: {}
COMMAND: GET /session/79057ea016645307ab1fd2f091123dcc/screenshot - {}
RESULT: {}
COMMAND: POST /session/79057ea016645307ab1fd2f091123dcc/elements - {"using":"xpath","value":"//span[text()='Error']"}
RESULT: {"using":"xpath","value":"//span[text()='Error']"}
RESULT: undefined
COMMAND: POST /session/79057ea016645307ab1fd2f091123dcc/element - {"using":"xpath","value":"//*[@id=\"__tile116\"]"}
RESULT: {"using":"xpath","value":"//*[@id=\"__tile116\"]"}
COMMAND: POST /session/79057ea016645307ab1fd2f091123dcc/element/f.82A53FFFDA245D4FC74AB3650F2065BA.d.F48E3A0BCD7453348A5CE7575C8164B5.e.5071/click - {}
RESULT: undefined
COMMAND: POST /session/79057ea016645307ab1fd2f091123dcc/element - {"using":"xpath","value":"//*[@id=\"__tile116\"]"}
RESULT: {"using":"xpath","value":"//*[@id=\"__tile116\"]"}
COMMAND: POST /session/79057ea016645307ab1fd2f091123dcc/element/f.82A53FFFDA245D4FC74AB3650F2065BA.d.F48E3A0BCD7453348A5CE7575C8164B5.e.5071/click - {}
RESULT: undefined
COMMAND: POST /session/79057ea016645307ab1fd2f091123dcc/execute/async - {"script":"<script> [6424 bytes]","args":[{"element-6066-11e4-a52e-4f735466cecf":"f.82A53FFFDA245D4FC74AB3650F2065BA.d.F48E3A0BCD7453348A5CE7575C8164B5.e.291"},"getTitle",[]]}
COMMAND: POST /session/79057ea016645307ab1fd2f091123dcc/execute/async - {"script":"<script> [1562 bytes]","args":[{"selector":{"id":"shellAppTitle"},"wdio_ui5_key":"shellAppTitle"}]}
RESULT: {"script":"<script> [1562 bytes]","args":[{"selector":{"id":"shellAppTitle"},"wdio_ui5_key":"shellAppTitle"}]}
COMMAND: POST /session/79057ea016645307ab1fd2f091123dcc/execute/async - {"script":"<script> [6424 bytes]","args":[{"element-6066-11e4-a52e-4f735466cecf":"f.82A53FFFDA245D4FC74AB3650F2065BA.d.F48E3A0BCD7453348A5CE7575C8164B5.e.5112"},"getTitle",[]]}
RESULT: {"script":"<script> [6424 bytes]","args":[{"element-6066-11e4-a52e-4f735466cecf":"f.82A53FFFDA245D4FC74AB3650F2065BA.d.F48E3A0BCD7453348A5CE7575C8164B5.e.5112"},"getTitle",[]]}
RESULT: undefined
COMMAND: POST /session/79057ea016645307ab1fd2f091123dcc/element/f.82A53FFFDA245D4FC74AB3650F2065BA.d.F48E3A0BCD7453348A5CE7575C8164B5.e.4907/click - {}
COMMAND: POST /session/79057ea016645307ab1fd2f091123dcc/element - {"using":"xpath","value":"//*[@id=\"backBtn\"]"}
RESULT: {"using":"xpath","value":"//*[@id=\"backBtn\"]"}
COMMAND: POST /session/79057ea016645307ab1fd2f091123dcc/element/f.82A53FFFDA245D4FC74AB3650F2065BA.d.F48E3A0BCD7453348A5CE7575C8164B5.e.4907/click - {}
COMMAND: POST /session/79057ea016645307ab1fd2f091123dcc/element - {"using":"xpath","value":"//*[@id=\"backBtn\"]"}
RESULT: {"using":"xpath","value":"//*[@id=\"backBtn\"]"}
COMMAND: POST /session/79057ea016645307ab1fd2f091123dcc/element/f.82A53FFFDA245D4FC74AB3650F2065BA.d.F48E3A0BCD7453348A5CE7575C8164B5.e.5113/click - {}
RESULT: {}
COMMAND: GET /session/79057ea016645307ab1fd2f091123dcc/screenshot - {}
RESULT: {}
]]></system-out>
    </testcase>
    <testcase classname="chrome.136_0_7103_93.windows.Sanity_Tests_US104253" name="Should open Organizational Model page" time="37.695">
      <system-out><![CDATA[
COMMAND: POST /session/79057ea016645307ab1fd2f091123dcc/execute/async - {"script":"<script> [1562 bytes]","args":[{"selector":{"controlType":"sap.m.GenericTile","properties":{"header":"Organizational Model"}},"wdio_ui5_key":"sapm.GenericTile{\"header\":\"Organizational Model\"}"}]}
RESULT: {"script":"<script> [1562 bytes]","args":[{"selector":{"controlType":"sap.m.GenericTile","properties":{"header":"Organizational Model"}},"wdio_ui5_key":"sapm.GenericTile{\"header\":\"Organizational Model\"}"}]}
RESULT: undefined
COMMAND: POST /session/79057ea016645307ab1fd2f091123dcc/element - {"using":"xpath","value":"//*[@id=\"__tile120\"]"}
RESULT: {"using":"xpath","value":"//*[@id=\"__tile120\"]"}
COMMAND: POST /session/79057ea016645307ab1fd2f091123dcc/element/f.82A53FFFDA245D4FC74AB3650F2065BA.d.F48E3A0BCD7453348A5CE7575C8164B5.e.5116/click - {}
RESULT: {}
COMMAND: GET /session/79057ea016645307ab1fd2f091123dcc/screenshot - {}
RESULT: {}
COMMAND: POST /session/79057ea016645307ab1fd2f091123dcc/elements - {"using":"xpath","value":"//span[text()='Error']"}
RESULT: {"using":"xpath","value":"//span[text()='Error']"}
RESULT: undefined
COMMAND: POST /session/79057ea016645307ab1fd2f091123dcc/element - {"using":"xpath","value":"//*[@id=\"__tile120\"]"}
RESULT: {"using":"xpath","value":"//*[@id=\"__tile120\"]"}
COMMAND: POST /session/79057ea016645307ab1fd2f091123dcc/element/f.82A53FFFDA245D4FC74AB3650F2065BA.d.F48E3A0BCD7453348A5CE7575C8164B5.e.5116/click - {}
RESULT: undefined
COMMAND: POST /session/79057ea016645307ab1fd2f091123dcc/element - {"using":"xpath","value":"//*[@id=\"__tile120\"]"}
RESULT: {"using":"xpath","value":"//*[@id=\"__tile120\"]"}
COMMAND: POST /session/79057ea016645307ab1fd2f091123dcc/element/f.82A53FFFDA245D4FC74AB3650F2065BA.d.F48E3A0BCD7453348A5CE7575C8164B5.e.5116/click - {}
RESULT: undefined
COMMAND: POST /session/79057ea016645307ab1fd2f091123dcc/execute/async - {"script":"<script> [6424 bytes]","args":[{"element-6066-11e4-a52e-4f735466cecf":"f.82A53FFFDA245D4FC74AB3650F2065BA.d.F48E3A0BCD7453348A5CE7575C8164B5.e.291"},"getTitle",[]]}
COMMAND: POST /session/79057ea016645307ab1fd2f091123dcc/execute/async - {"script":"<script> [1562 bytes]","args":[{"selector":{"id":"shellAppTitle"},"wdio_ui5_key":"shellAppTitle"}]}
RESULT: {"script":"<script> [1562 bytes]","args":[{"selector":{"id":"shellAppTitle"},"wdio_ui5_key":"shellAppTitle"}]}
COMMAND: POST /session/79057ea016645307ab1fd2f091123dcc/execute/async - {"script":"<script> [6424 bytes]","args":[{"element-6066-11e4-a52e-4f735466cecf":"f.82A53FFFDA245D4FC74AB3650F2065BA.d.F48E3A0BCD7453348A5CE7575C8164B5.e.5134"},"getTitle",[]]}
RESULT: {"script":"<script> [6424 bytes]","args":[{"element-6066-11e4-a52e-4f735466cecf":"f.82A53FFFDA245D4FC74AB3650F2065BA.d.F48E3A0BCD7453348A5CE7575C8164B5.e.5134"},"getTitle",[]]}
RESULT: undefined
COMMAND: POST /session/79057ea016645307ab1fd2f091123dcc/element/f.82A53FFFDA245D4FC74AB3650F2065BA.d.F48E3A0BCD7453348A5CE7575C8164B5.e.5113/click - {}
RESULT: {}
COMMAND: GET /session/79057ea016645307ab1fd2f091123dcc/screenshot - {}
RESULT: {}
]]></system-out>
    </testcase>
    <testcase classname="chrome.136_0_7103_93.windows.Sanity_Tests_US104253" name="Should open Manage Roles page" time="36.606">
      <system-out><![CDATA[
COMMAND: POST /session/79057ea016645307ab1fd2f091123dcc/execute/async - {"script":"<script> [1562 bytes]","args":[{"selector":{"controlType":"sap.m.GenericTile","properties":{"header":"Manage Roles"}},"wdio_ui5_key":"sapm.GenericTile{\"header\":\"Manage Roles\"}"}]}
RESULT: {"script":"<script> [1562 bytes]","args":[{"selector":{"controlType":"sap.m.GenericTile","properties":{"header":"Manage Roles"}},"wdio_ui5_key":"sapm.GenericTile{\"header\":\"Manage Roles\"}"}]}
RESULT: undefined
COMMAND: POST /session/79057ea016645307ab1fd2f091123dcc/element - {"using":"xpath","value":"//*[@id=\"__tile119\"]"}
RESULT: {"using":"xpath","value":"//*[@id=\"__tile119\"]"}
COMMAND: POST /session/79057ea016645307ab1fd2f091123dcc/element/f.82A53FFFDA245D4FC74AB3650F2065BA.d.F48E3A0BCD7453348A5CE7575C8164B5.e.5136/click - {}
RESULT: {}
COMMAND: GET /session/79057ea016645307ab1fd2f091123dcc/screenshot - {}
RESULT: {}
COMMAND: POST /session/79057ea016645307ab1fd2f091123dcc/elements - {"using":"xpath","value":"//span[text()='Error']"}
RESULT: {"using":"xpath","value":"//span[text()='Error']"}
RESULT: undefined
COMMAND: POST /session/79057ea016645307ab1fd2f091123dcc/element - {"using":"xpath","value":"//*[@id=\"__tile119\"]"}
RESULT: {"using":"xpath","value":"//*[@id=\"__tile119\"]"}
COMMAND: POST /session/79057ea016645307ab1fd2f091123dcc/element/f.82A53FFFDA245D4FC74AB3650F2065BA.d.F48E3A0BCD7453348A5CE7575C8164B5.e.5136/click - {}
RESULT: undefined
COMMAND: POST /session/79057ea016645307ab1fd2f091123dcc/element - {"using":"xpath","value":"//*[@id=\"__tile119\"]"}
RESULT: {"using":"xpath","value":"//*[@id=\"__tile119\"]"}
COMMAND: POST /session/79057ea016645307ab1fd2f091123dcc/element/f.82A53FFFDA245D4FC74AB3650F2065BA.d.F48E3A0BCD7453348A5CE7575C8164B5.e.5136/click - {}
RESULT: undefined
COMMAND: POST /session/79057ea016645307ab1fd2f091123dcc/execute/async - {"script":"<script> [6424 bytes]","args":[{"element-6066-11e4-a52e-4f735466cecf":"f.82A53FFFDA245D4FC74AB3650F2065BA.d.F48E3A0BCD7453348A5CE7575C8164B5.e.291"},"getTitle",[]]}
COMMAND: POST /session/79057ea016645307ab1fd2f091123dcc/execute/async - {"script":"<script> [1562 bytes]","args":[{"selector":{"id":"shellAppTitle"},"wdio_ui5_key":"shellAppTitle"}]}
RESULT: {"script":"<script> [1562 bytes]","args":[{"selector":{"id":"shellAppTitle"},"wdio_ui5_key":"shellAppTitle"}]}
COMMAND: POST /session/79057ea016645307ab1fd2f091123dcc/execute/async - {"script":"<script> [6424 bytes]","args":[{"element-6066-11e4-a52e-4f735466cecf":"f.82A53FFFDA245D4FC74AB3650F2065BA.d.F48E3A0BCD7453348A5CE7575C8164B5.e.5181"},"getTitle",[]]}
RESULT: {"script":"<script> [6424 bytes]","args":[{"element-6066-11e4-a52e-4f735466cecf":"f.82A53FFFDA245D4FC74AB3650F2065BA.d.F48E3A0BCD7453348A5CE7575C8164B5.e.5181"},"getTitle",[]]}
RESULT: undefined
COMMAND: POST /session/79057ea016645307ab1fd2f091123dcc/element/f.82A53FFFDA245D4FC74AB3650F2065BA.d.F48E3A0BCD7453348A5CE7575C8164B5.e.5113/click - {}
COMMAND: POST /session/79057ea016645307ab1fd2f091123dcc/element - {"using":"xpath","value":"//*[@id=\"backBtn\"]"}
RESULT: {"using":"xpath","value":"//*[@id=\"backBtn\"]"}
COMMAND: POST /session/79057ea016645307ab1fd2f091123dcc/element/f.82A53FFFDA245D4FC74AB3650F2065BA.d.F48E3A0BCD7453348A5CE7575C8164B5.e.5113/click - {}
COMMAND: POST /session/79057ea016645307ab1fd2f091123dcc/element - {"using":"xpath","value":"//*[@id=\"backBtn\"]"}
RESULT: {"using":"xpath","value":"//*[@id=\"backBtn\"]"}
COMMAND: POST /session/79057ea016645307ab1fd2f091123dcc/element/f.82A53FFFDA245D4FC74AB3650F2065BA.d.F48E3A0BCD7453348A5CE7575C8164B5.e.5182/click - {}
RESULT: {}
COMMAND: GET /session/79057ea016645307ab1fd2f091123dcc/screenshot - {}
RESULT: {}
]]></system-out>
    </testcase>
    <testcase classname="chrome.136_0_7103_93.windows.Sanity_Tests_US104253" name="Should open Authorization Tables page" time="39.645">
      <system-out><![CDATA[
COMMAND: POST /session/79057ea016645307ab1fd2f091123dcc/execute/async - {"script":"<script> [1562 bytes]","args":[{"selector":{"controlType":"sap.m.GenericTile","properties":{"header":"Authorization Tables"}},"wdio_ui5_key":"sapm.GenericTile{\"header\":\"Authorization Tables\"}"}]}
RESULT: {"script":"<script> [1562 bytes]","args":[{"selector":{"controlType":"sap.m.GenericTile","properties":{"header":"Authorization Tables"}},"wdio_ui5_key":"sapm.GenericTile{\"header\":\"Authorization Tables\"}"}]}
RESULT: undefined
COMMAND: POST /session/79057ea016645307ab1fd2f091123dcc/element - {"using":"xpath","value":"//*[@id=\"__tile118\"]"}
RESULT: {"using":"xpath","value":"//*[@id=\"__tile118\"]"}
COMMAND: POST /session/79057ea016645307ab1fd2f091123dcc/element/f.82A53FFFDA245D4FC74AB3650F2065BA.d.F48E3A0BCD7453348A5CE7575C8164B5.e.5184/click - {}
RESULT: {}
COMMAND: GET /session/79057ea016645307ab1fd2f091123dcc/screenshot - {}
RESULT: {}
COMMAND: POST /session/79057ea016645307ab1fd2f091123dcc/elements - {"using":"xpath","value":"//span[text()='Error']"}
RESULT: {"using":"xpath","value":"//span[text()='Error']"}
RESULT: undefined
COMMAND: POST /session/79057ea016645307ab1fd2f091123dcc/element - {"using":"xpath","value":"//*[@id=\"__tile118\"]"}
RESULT: {"using":"xpath","value":"//*[@id=\"__tile118\"]"}
COMMAND: POST /session/79057ea016645307ab1fd2f091123dcc/element/f.82A53FFFDA245D4FC74AB3650F2065BA.d.F48E3A0BCD7453348A5CE7575C8164B5.e.5184/click - {}
RESULT: undefined
COMMAND: POST /session/79057ea016645307ab1fd2f091123dcc/element - {"using":"xpath","value":"//*[@id=\"__tile118\"]"}
RESULT: {"using":"xpath","value":"//*[@id=\"__tile118\"]"}
COMMAND: POST /session/79057ea016645307ab1fd2f091123dcc/element/f.82A53FFFDA245D4FC74AB3650F2065BA.d.F48E3A0BCD7453348A5CE7575C8164B5.e.5184/click - {}
RESULT: undefined
COMMAND: POST /session/79057ea016645307ab1fd2f091123dcc/execute/async - {"script":"<script> [6424 bytes]","args":[{"element-6066-11e4-a52e-4f735466cecf":"f.82A53FFFDA245D4FC74AB3650F2065BA.d.F48E3A0BCD7453348A5CE7575C8164B5.e.291"},"getTitle",[]]}
COMMAND: POST /session/79057ea016645307ab1fd2f091123dcc/execute/async - {"script":"<script> [1562 bytes]","args":[{"selector":{"id":"shellAppTitle"},"wdio_ui5_key":"shellAppTitle"}]}
RESULT: {"script":"<script> [1562 bytes]","args":[{"selector":{"id":"shellAppTitle"},"wdio_ui5_key":"shellAppTitle"}]}
COMMAND: POST /session/79057ea016645307ab1fd2f091123dcc/execute/async - {"script":"<script> [6424 bytes]","args":[{"element-6066-11e4-a52e-4f735466cecf":"f.82A53FFFDA245D4FC74AB3650F2065BA.d.F48E3A0BCD7453348A5CE7575C8164B5.e.5254"},"getTitle",[]]}
RESULT: {"script":"<script> [6424 bytes]","args":[{"element-6066-11e4-a52e-4f735466cecf":"f.82A53FFFDA245D4FC74AB3650F2065BA.d.F48E3A0BCD7453348A5CE7575C8164B5.e.5254"},"getTitle",[]]}
RESULT: undefined
COMMAND: POST /session/79057ea016645307ab1fd2f091123dcc/element/f.82A53FFFDA245D4FC74AB3650F2065BA.d.F48E3A0BCD7453348A5CE7575C8164B5.e.5182/click - {}
RESULT: {}
COMMAND: GET /session/79057ea016645307ab1fd2f091123dcc/screenshot - {}
RESULT: {}
]]></system-out>
    </testcase>
    <testcase classname="chrome.136_0_7103_93.windows.Sanity_Tests_US104253" name="Should open User Maintenance page" time="37.353">
      <system-out><![CDATA[
COMMAND: POST /session/79057ea016645307ab1fd2f091123dcc/execute/async - {"script":"<script> [1562 bytes]","args":[{"selector":{"controlType":"sap.m.GenericTile","properties":{"header":"User Maintenance"}},"wdio_ui5_key":"sapm.GenericTile{\"header\":\"User Maintenance\"}"}]}
RESULT: {"script":"<script> [1562 bytes]","args":[{"selector":{"controlType":"sap.m.GenericTile","properties":{"header":"User Maintenance"}},"wdio_ui5_key":"sapm.GenericTile{\"header\":\"User Maintenance\"}"}]}
RESULT: undefined
COMMAND: POST /session/79057ea016645307ab1fd2f091123dcc/element - {"using":"xpath","value":"//*[@id=\"__tile121\"]"}
RESULT: {"using":"xpath","value":"//*[@id=\"__tile121\"]"}
COMMAND: POST /session/79057ea016645307ab1fd2f091123dcc/element/f.82A53FFFDA245D4FC74AB3650F2065BA.d.F48E3A0BCD7453348A5CE7575C8164B5.e.5256/click - {}
RESULT: {}
COMMAND: GET /session/79057ea016645307ab1fd2f091123dcc/screenshot - {}
RESULT: {}
COMMAND: POST /session/79057ea016645307ab1fd2f091123dcc/elements - {"using":"xpath","value":"//span[text()='Error']"}
RESULT: {"using":"xpath","value":"//span[text()='Error']"}
RESULT: undefined
COMMAND: POST /session/79057ea016645307ab1fd2f091123dcc/element - {"using":"xpath","value":"//*[@id=\"__tile121\"]"}
RESULT: {"using":"xpath","value":"//*[@id=\"__tile121\"]"}
COMMAND: POST /session/79057ea016645307ab1fd2f091123dcc/element/f.82A53FFFDA245D4FC74AB3650F2065BA.d.F48E3A0BCD7453348A5CE7575C8164B5.e.5256/click - {}
RESULT: undefined
COMMAND: POST /session/79057ea016645307ab1fd2f091123dcc/element - {"using":"xpath","value":"//*[@id=\"__tile121\"]"}
RESULT: {"using":"xpath","value":"//*[@id=\"__tile121\"]"}
COMMAND: POST /session/79057ea016645307ab1fd2f091123dcc/element/f.82A53FFFDA245D4FC74AB3650F2065BA.d.F48E3A0BCD7453348A5CE7575C8164B5.e.5256/click - {}
RESULT: undefined
COMMAND: POST /session/79057ea016645307ab1fd2f091123dcc/execute/async - {"script":"<script> [6424 bytes]","args":[{"element-6066-11e4-a52e-4f735466cecf":"f.82A53FFFDA245D4FC74AB3650F2065BA.d.F48E3A0BCD7453348A5CE7575C8164B5.e.291"},"getTitle",[]]}
COMMAND: POST /session/79057ea016645307ab1fd2f091123dcc/execute/async - {"script":"<script> [1562 bytes]","args":[{"selector":{"id":"shellAppTitle"},"wdio_ui5_key":"shellAppTitle"}]}
RESULT: {"script":"<script> [1562 bytes]","args":[{"selector":{"id":"shellAppTitle"},"wdio_ui5_key":"shellAppTitle"}]}
COMMAND: POST /session/79057ea016645307ab1fd2f091123dcc/execute/async - {"script":"<script> [6424 bytes]","args":[{"element-6066-11e4-a52e-4f735466cecf":"f.82A53FFFDA245D4FC74AB3650F2065BA.d.F48E3A0BCD7453348A5CE7575C8164B5.e.5349"},"getTitle",[]]}
RESULT: {"script":"<script> [6424 bytes]","args":[{"element-6066-11e4-a52e-4f735466cecf":"f.82A53FFFDA245D4FC74AB3650F2065BA.d.F48E3A0BCD7453348A5CE7575C8164B5.e.5349"},"getTitle",[]]}
RESULT: undefined
COMMAND: POST /session/79057ea016645307ab1fd2f091123dcc/element/f.82A53FFFDA245D4FC74AB3650F2065BA.d.F48E3A0BCD7453348A5CE7575C8164B5.e.5182/click - {}
COMMAND: POST /session/79057ea016645307ab1fd2f091123dcc/element - {"using":"xpath","value":"//*[@id=\"backBtn\"]"}
RESULT: {"using":"xpath","value":"//*[@id=\"backBtn\"]"}
COMMAND: POST /session/79057ea016645307ab1fd2f091123dcc/element/f.82A53FFFDA245D4FC74AB3650F2065BA.d.F48E3A0BCD7453348A5CE7575C8164B5.e.5182/click - {}
COMMAND: POST /session/79057ea016645307ab1fd2f091123dcc/element - {"using":"xpath","value":"//*[@id=\"backBtn\"]"}
RESULT: {"using":"xpath","value":"//*[@id=\"backBtn\"]"}
COMMAND: POST /session/79057ea016645307ab1fd2f091123dcc/element/f.82A53FFFDA245D4FC74AB3650F2065BA.d.F48E3A0BCD7453348A5CE7575C8164B5.e.5350/click - {}
RESULT: {}
COMMAND: GET /session/79057ea016645307ab1fd2f091123dcc/screenshot - {}
RESULT: {}
]]></system-out>
    </testcase>
    <testcase classname="chrome.136_0_7103_93.windows.Sanity_Tests_US104253" name="Should open Schedule Jobs page" time="37.18">
      <system-out><![CDATA[
COMMAND: POST /session/79057ea016645307ab1fd2f091123dcc/execute/async - {"script":"<script> [1562 bytes]","args":[{"selector":{"controlType":"sap.m.GenericTile","properties":{"header":"Schedule Jobs"}},"wdio_ui5_key":"sapm.GenericTile{\"header\":\"Schedule Jobs\"}"}]}
RESULT: {"script":"<script> [1562 bytes]","args":[{"selector":{"controlType":"sap.m.GenericTile","properties":{"header":"Schedule Jobs"}},"wdio_ui5_key":"sapm.GenericTile{\"header\":\"Schedule Jobs\"}"}]}
RESULT: undefined
COMMAND: POST /session/79057ea016645307ab1fd2f091123dcc/element - {"using":"xpath","value":"//*[@id=\"__tile127\"]"}
RESULT: {"using":"xpath","value":"//*[@id=\"__tile127\"]"}
COMMAND: POST /session/79057ea016645307ab1fd2f091123dcc/element/f.82A53FFFDA245D4FC74AB3650F2065BA.d.F48E3A0BCD7453348A5CE7575C8164B5.e.5354/click - {}
RESULT: {}
COMMAND: GET /session/79057ea016645307ab1fd2f091123dcc/screenshot - {}
RESULT: {}
COMMAND: POST /session/79057ea016645307ab1fd2f091123dcc/elements - {"using":"xpath","value":"//span[text()='Error']"}
RESULT: {"using":"xpath","value":"//span[text()='Error']"}
RESULT: undefined
COMMAND: POST /session/79057ea016645307ab1fd2f091123dcc/element - {"using":"xpath","value":"//*[@id=\"__tile127\"]"}
RESULT: {"using":"xpath","value":"//*[@id=\"__tile127\"]"}
COMMAND: POST /session/79057ea016645307ab1fd2f091123dcc/element/f.82A53FFFDA245D4FC74AB3650F2065BA.d.F48E3A0BCD7453348A5CE7575C8164B5.e.5354/click - {}
RESULT: undefined
COMMAND: POST /session/79057ea016645307ab1fd2f091123dcc/element - {"using":"xpath","value":"//*[@id=\"__tile127\"]"}
RESULT: {"using":"xpath","value":"//*[@id=\"__tile127\"]"}
COMMAND: POST /session/79057ea016645307ab1fd2f091123dcc/element/f.82A53FFFDA245D4FC74AB3650F2065BA.d.F48E3A0BCD7453348A5CE7575C8164B5.e.5354/click - {}
RESULT: undefined
COMMAND: POST /session/79057ea016645307ab1fd2f091123dcc/execute/async - {"script":"<script> [6424 bytes]","args":[{"element-6066-11e4-a52e-4f735466cecf":"f.82A53FFFDA245D4FC74AB3650F2065BA.d.F48E3A0BCD7453348A5CE7575C8164B5.e.291"},"getTitle",[]]}
COMMAND: POST /session/79057ea016645307ab1fd2f091123dcc/execute/async - {"script":"<script> [1562 bytes]","args":[{"selector":{"id":"shellAppTitle"},"wdio_ui5_key":"shellAppTitle"}]}
RESULT: {"script":"<script> [1562 bytes]","args":[{"selector":{"id":"shellAppTitle"},"wdio_ui5_key":"shellAppTitle"}]}
COMMAND: POST /session/79057ea016645307ab1fd2f091123dcc/execute/async - {"script":"<script> [6424 bytes]","args":[{"element-6066-11e4-a52e-4f735466cecf":"f.82A53FFFDA245D4FC74AB3650F2065BA.d.F48E3A0BCD7453348A5CE7575C8164B5.e.5398"},"getTitle",[]]}
RESULT: {"script":"<script> [6424 bytes]","args":[{"element-6066-11e4-a52e-4f735466cecf":"f.82A53FFFDA245D4FC74AB3650F2065BA.d.F48E3A0BCD7453348A5CE7575C8164B5.e.5398"},"getTitle",[]]}
RESULT: undefined
COMMAND: POST /session/79057ea016645307ab1fd2f091123dcc/element/f.82A53FFFDA245D4FC74AB3650F2065BA.d.F48E3A0BCD7453348A5CE7575C8164B5.e.5350/click - {}
COMMAND: POST /session/79057ea016645307ab1fd2f091123dcc/element/f.82A53FFFDA245D4FC74AB3650F2065BA.d.F48E3A0BCD7453348A5CE7575C8164B5.e.5350/click - {}
RESULT: {}
COMMAND: GET /session/79057ea016645307ab1fd2f091123dcc/screenshot - {}
COMMAND: POST /session/79057ea016645307ab1fd2f091123dcc/element - {"using":"xpath","value":"//*[@id=\"backBtn\"]"}
RESULT: {}
RESULT: {"using":"xpath","value":"//*[@id=\"backBtn\"]"}
COMMAND: POST /session/79057ea016645307ab1fd2f091123dcc/elements - {"using":"xpath","value":"//*[@id=\"backBtn\"]"}
RESULT: {"using":"xpath","value":"//*[@id=\"backBtn\"]"}
COMMAND: POST /session/79057ea016645307ab1fd2f091123dcc/elements - {"using":"xpath","value":"//*[@id=\"backBtn\"]"}
RESULT: {"using":"xpath","value":"//*[@id=\"backBtn\"]"}
COMMAND: POST /session/79057ea016645307ab1fd2f091123dcc/elements - {"using":"xpath","value":"//*[@id=\"backBtn\"]"}
RESULT: {"using":"xpath","value":"//*[@id=\"backBtn\"]"}
COMMAND: POST /session/79057ea016645307ab1fd2f091123dcc/elements - {"using":"xpath","value":"//*[@id=\"backBtn\"]"}
RESULT: {"using":"xpath","value":"//*[@id=\"backBtn\"]"}
COMMAND: POST /session/79057ea016645307ab1fd2f091123dcc/elements - {"using":"xpath","value":"//*[@id=\"backBtn\"]"}
RESULT: {"using":"xpath","value":"//*[@id=\"backBtn\"]"}
COMMAND: POST /session/79057ea016645307ab1fd2f091123dcc/elements - {"using":"xpath","value":"//*[@id=\"backBtn\"]"}
RESULT: {"using":"xpath","value":"//*[@id=\"backBtn\"]"}
COMMAND: POST /session/79057ea016645307ab1fd2f091123dcc/elements - {"using":"xpath","value":"//*[@id=\"backBtn\"]"}
RESULT: {"using":"xpath","value":"//*[@id=\"backBtn\"]"}
COMMAND: POST /session/79057ea016645307ab1fd2f091123dcc/elements - {"using":"xpath","value":"//*[@id=\"backBtn\"]"}
RESULT: {"using":"xpath","value":"//*[@id=\"backBtn\"]"}
COMMAND: POST /session/79057ea016645307ab1fd2f091123dcc/elements - {"using":"xpath","value":"//*[@id=\"backBtn\"]"}
RESULT: {"using":"xpath","value":"//*[@id=\"backBtn\"]"}
COMMAND: POST /session/79057ea016645307ab1fd2f091123dcc/elements - {"using":"xpath","value":"//*[@id=\"backBtn\"]"}
RESULT: {"using":"xpath","value":"//*[@id=\"backBtn\"]"}
COMMAND: POST /session/79057ea016645307ab1fd2f091123dcc/elements - {"using":"xpath","value":"//*[@id=\"backBtn\"]"}
RESULT: {"using":"xpath","value":"//*[@id=\"backBtn\"]"}
COMMAND: POST /session/79057ea016645307ab1fd2f091123dcc/elements - {"using":"xpath","value":"//*[@id=\"backBtn\"]"}
RESULT: {"using":"xpath","value":"//*[@id=\"backBtn\"]"}
COMMAND: POST /session/79057ea016645307ab1fd2f091123dcc/elements - {"using":"xpath","value":"//*[@id=\"backBtn\"]"}
RESULT: {"using":"xpath","value":"//*[@id=\"backBtn\"]"}
COMMAND: POST /session/79057ea016645307ab1fd2f091123dcc/elements - {"using":"xpath","value":"//*[@id=\"backBtn\"]"}
RESULT: {"using":"xpath","value":"//*[@id=\"backBtn\"]"}
COMMAND: POST /session/79057ea016645307ab1fd2f091123dcc/elements - {"using":"xpath","value":"//*[@id=\"backBtn\"]"}
RESULT: {"using":"xpath","value":"//*[@id=\"backBtn\"]"}
COMMAND: POST /session/79057ea016645307ab1fd2f091123dcc/elements - {"using":"xpath","value":"//*[@id=\"backBtn\"]"}
RESULT: {"using":"xpath","value":"//*[@id=\"backBtn\"]"}
COMMAND: POST /session/79057ea016645307ab1fd2f091123dcc/elements - {"using":"xpath","value":"//*[@id=\"backBtn\"]"}
RESULT: {"using":"xpath","value":"//*[@id=\"backBtn\"]"}
COMMAND: POST /session/79057ea016645307ab1fd2f091123dcc/elements - {"using":"xpath","value":"//*[@id=\"backBtn\"]"}
RESULT: {"using":"xpath","value":"//*[@id=\"backBtn\"]"}
COMMAND: POST /session/79057ea016645307ab1fd2f091123dcc/elements - {"using":"xpath","value":"//*[@id=\"backBtn\"]"}
RESULT: {"using":"xpath","value":"//*[@id=\"backBtn\"]"}
]]></system-out>
    </testcase>
    <testcase classname="chrome.136_0_7103_93.windows.Sanity_Tests_US104253" name="Should open Jobs Setup page" time="36.143">
      <system-out><![CDATA[
COMMAND: POST /session/79057ea016645307ab1fd2f091123dcc/execute/async - {"script":"<script> [1562 bytes]","args":[{"selector":{"controlType":"sap.m.GenericTile","properties":{"header":"Jobs Setup"}},"wdio_ui5_key":"sapm.GenericTile{\"header\":\"Jobs Setup\"}"}]}
COMMAND: POST /session/79057ea016645307ab1fd2f091123dcc/elements - {"using":"xpath","value":"//*[@id=\"backBtn\"]"}
RESULT: {"script":"<script> [1562 bytes]","args":[{"selector":{"controlType":"sap.m.GenericTile","properties":{"header":"Jobs Setup"}},"wdio_ui5_key":"sapm.GenericTile{\"header\":\"Jobs Setup\"}"}]}
RESULT: undefined
COMMAND: POST /session/79057ea016645307ab1fd2f091123dcc/element - {"using":"xpath","value":"//*[@id=\"__tile128\"]"}
RESULT: {"using":"xpath","value":"//*[@id=\"backBtn\"]"}
RESULT: {"using":"xpath","value":"//*[@id=\"__tile128\"]"}
COMMAND: POST /session/79057ea016645307ab1fd2f091123dcc/element/f.82A53FFFDA245D4FC74AB3650F2065BA.d.F48E3A0BCD7453348A5CE7575C8164B5.e.5400/click - {}
COMMAND: POST /session/79057ea016645307ab1fd2f091123dcc/elements - {"using":"xpath","value":"//*[@id=\"backBtn\"]"}
RESULT: {}
COMMAND: GET /session/79057ea016645307ab1fd2f091123dcc/screenshot - {}
RESULT: {"using":"xpath","value":"//*[@id=\"backBtn\"]"}
COMMAND: POST /session/79057ea016645307ab1fd2f091123dcc/elements - {"using":"xpath","value":"//*[@id=\"backBtn\"]"}
RESULT: {}
RESULT: {"using":"xpath","value":"//*[@id=\"backBtn\"]"}
COMMAND: POST /session/79057ea016645307ab1fd2f091123dcc/element - {"using":"xpath","value":"//*[@id=\"backBtn\"]"}
RESULT: {"using":"xpath","value":"//*[@id=\"backBtn\"]"}
COMMAND: POST /session/79057ea016645307ab1fd2f091123dcc/element/f.82A53FFFDA245D4FC74AB3650F2065BA.d.F48E3A0BCD7453348A5CE7575C8164B5.e.5350/click - {}
COMMAND: POST /session/79057ea016645307ab1fd2f091123dcc/element - {"using":"xpath","value":"//*[@id=\"backBtn\"]"}
RESULT: {"using":"xpath","value":"//*[@id=\"backBtn\"]"}
COMMAND: POST /session/79057ea016645307ab1fd2f091123dcc/element/f.82A53FFFDA245D4FC74AB3650F2065BA.d.F48E3A0BCD7453348A5CE7575C8164B5.e.5594/click - {}
RESULT: {}
COMMAND: GET /session/79057ea016645307ab1fd2f091123dcc/screenshot - {}
RESULT: {}
COMMAND: POST /session/79057ea016645307ab1fd2f091123dcc/elements - {"using":"xpath","value":"//span[text()='Error']"}
RESULT: {"using":"xpath","value":"//span[text()='Error']"}
RESULT: undefined
COMMAND: POST /session/79057ea016645307ab1fd2f091123dcc/element - {"using":"xpath","value":"//*[@id=\"__tile128\"]"}
RESULT: {"using":"xpath","value":"//*[@id=\"__tile128\"]"}
COMMAND: POST /session/79057ea016645307ab1fd2f091123dcc/element/f.82A53FFFDA245D4FC74AB3650F2065BA.d.F48E3A0BCD7453348A5CE7575C8164B5.e.5400/click - {}
RESULT: undefined
COMMAND: POST /session/79057ea016645307ab1fd2f091123dcc/element - {"using":"xpath","value":"//*[@id=\"__tile128\"]"}
RESULT: {"using":"xpath","value":"//*[@id=\"__tile128\"]"}
COMMAND: POST /session/79057ea016645307ab1fd2f091123dcc/element/f.82A53FFFDA245D4FC74AB3650F2065BA.d.F48E3A0BCD7453348A5CE7575C8164B5.e.5400/click - {}
RESULT: undefined
COMMAND: POST /session/79057ea016645307ab1fd2f091123dcc/execute/async - {"script":"<script> [6424 bytes]","args":[{"element-6066-11e4-a52e-4f735466cecf":"f.82A53FFFDA245D4FC74AB3650F2065BA.d.F48E3A0BCD7453348A5CE7575C8164B5.e.291"},"getTitle",[]]}
COMMAND: POST /session/79057ea016645307ab1fd2f091123dcc/execute/async - {"script":"<script> [1562 bytes]","args":[{"selector":{"id":"shellAppTitle"},"wdio_ui5_key":"shellAppTitle"}]}
RESULT: {"script":"<script> [1562 bytes]","args":[{"selector":{"id":"shellAppTitle"},"wdio_ui5_key":"shellAppTitle"}]}
COMMAND: POST /session/79057ea016645307ab1fd2f091123dcc/execute/async - {"script":"<script> [6424 bytes]","args":[{"element-6066-11e4-a52e-4f735466cecf":"f.82A53FFFDA245D4FC74AB3650F2065BA.d.F48E3A0BCD7453348A5CE7575C8164B5.e.5595"},"getTitle",[]]}
RESULT: {"script":"<script> [6424 bytes]","args":[{"element-6066-11e4-a52e-4f735466cecf":"f.82A53FFFDA245D4FC74AB3650F2065BA.d.F48E3A0BCD7453348A5CE7575C8164B5.e.5595"},"getTitle",[]]}
RESULT: undefined
COMMAND: POST /session/79057ea016645307ab1fd2f091123dcc/element/f.82A53FFFDA245D4FC74AB3650F2065BA.d.F48E3A0BCD7453348A5CE7575C8164B5.e.5594/click - {}
COMMAND: POST /session/79057ea016645307ab1fd2f091123dcc/element/f.82A53FFFDA245D4FC74AB3650F2065BA.d.F48E3A0BCD7453348A5CE7575C8164B5.e.5594/click - {}
RESULT: {}
COMMAND: GET /session/79057ea016645307ab1fd2f091123dcc/screenshot - {}
RESULT: {}
COMMAND: GET /session/79057ea016645307ab1fd2f091123dcc/screenshot - {}
RESULT: {}
RESULT: {}
]]></system-out>
    </testcase>
    <testcase classname="chrome.136_0_7103_93.windows.Sanity_Tests_US104253" name="Should open Target Systems Configuration page" time="37.202">
      <system-out><![CDATA[
COMMAND: POST /session/79057ea016645307ab1fd2f091123dcc/execute/async - {"script":"<script> [1562 bytes]","args":[{"selector":{"controlType":"sap.m.GenericTile","properties":{"header":"Target Systems Configuration"}},"wdio_ui5_key":"sapm.GenericTile{\"header\":\"Target Systems Configuration\"}"}]}
RESULT: {"script":"<script> [1562 bytes]","args":[{"selector":{"controlType":"sap.m.GenericTile","properties":{"header":"Target Systems Configuration"}},"wdio_ui5_key":"sapm.GenericTile{\"header\":\"Target Systems Configuration\"}"}]}
RESULT: undefined
COMMAND: POST /session/79057ea016645307ab1fd2f091123dcc/element - {"using":"xpath","value":"//*[@id=\"__tile129\"]"}
RESULT: {"using":"xpath","value":"//*[@id=\"__tile129\"]"}
COMMAND: POST /session/79057ea016645307ab1fd2f091123dcc/element/f.82A53FFFDA245D4FC74AB3650F2065BA.d.F48E3A0BCD7453348A5CE7575C8164B5.e.5597/click - {}
RESULT: {}
COMMAND: GET /session/79057ea016645307ab1fd2f091123dcc/screenshot - {}
RESULT: {}
COMMAND: POST /session/79057ea016645307ab1fd2f091123dcc/elements - {"using":"xpath","value":"//span[text()='Error']"}
RESULT: {"using":"xpath","value":"//span[text()='Error']"}
RESULT: undefined
COMMAND: POST /session/79057ea016645307ab1fd2f091123dcc/element - {"using":"xpath","value":"//*[@id=\"__tile129\"]"}
RESULT: {"using":"xpath","value":"//*[@id=\"__tile129\"]"}
COMMAND: POST /session/79057ea016645307ab1fd2f091123dcc/element/f.82A53FFFDA245D4FC74AB3650F2065BA.d.F48E3A0BCD7453348A5CE7575C8164B5.e.5597/click - {}
RESULT: undefined
COMMAND: POST /session/79057ea016645307ab1fd2f091123dcc/element - {"using":"xpath","value":"//*[@id=\"__tile129\"]"}
RESULT: {"using":"xpath","value":"//*[@id=\"__tile129\"]"}
COMMAND: POST /session/79057ea016645307ab1fd2f091123dcc/element/f.82A53FFFDA245D4FC74AB3650F2065BA.d.F48E3A0BCD7453348A5CE7575C8164B5.e.5597/click - {}
RESULT: undefined
COMMAND: POST /session/79057ea016645307ab1fd2f091123dcc/execute/async - {"script":"<script> [6424 bytes]","args":[{"element-6066-11e4-a52e-4f735466cecf":"f.82A53FFFDA245D4FC74AB3650F2065BA.d.F48E3A0BCD7453348A5CE7575C8164B5.e.291"},"getTitle",[]]}
COMMAND: POST /session/79057ea016645307ab1fd2f091123dcc/execute/async - {"script":"<script> [1562 bytes]","args":[{"selector":{"id":"shellAppTitle"},"wdio_ui5_key":"shellAppTitle"}]}
RESULT: {"script":"<script> [1562 bytes]","args":[{"selector":{"id":"shellAppTitle"},"wdio_ui5_key":"shellAppTitle"}]}
COMMAND: POST /session/79057ea016645307ab1fd2f091123dcc/execute/async - {"script":"<script> [6424 bytes]","args":[{"element-6066-11e4-a52e-4f735466cecf":"f.82A53FFFDA245D4FC74AB3650F2065BA.d.F48E3A0BCD7453348A5CE7575C8164B5.e.5683"},"getTitle",[]]}
RESULT: {"script":"<script> [6424 bytes]","args":[{"element-6066-11e4-a52e-4f735466cecf":"f.82A53FFFDA245D4FC74AB3650F2065BA.d.F48E3A0BCD7453348A5CE7575C8164B5.e.5683"},"getTitle",[]]}
RESULT: undefined
COMMAND: POST /session/79057ea016645307ab1fd2f091123dcc/element/f.82A53FFFDA245D4FC74AB3650F2065BA.d.F48E3A0BCD7453348A5CE7575C8164B5.e.5594/click - {}
COMMAND: POST /session/79057ea016645307ab1fd2f091123dcc/element/f.82A53FFFDA245D4FC74AB3650F2065BA.d.F48E3A0BCD7453348A5CE7575C8164B5.e.5594/click - {}
RESULT: {}
COMMAND: GET /session/79057ea016645307ab1fd2f091123dcc/screenshot - {}
COMMAND: POST /session/79057ea016645307ab1fd2f091123dcc/element - {"using":"xpath","value":"//*[@id=\"backBtn\"]"}
RESULT: {}
RESULT: {"using":"xpath","value":"//*[@id=\"backBtn\"]"}
COMMAND: POST /session/79057ea016645307ab1fd2f091123dcc/elements - {"using":"xpath","value":"//*[@id=\"backBtn\"]"}
RESULT: {"using":"xpath","value":"//*[@id=\"backBtn\"]"}
COMMAND: POST /session/79057ea016645307ab1fd2f091123dcc/elements - {"using":"xpath","value":"//*[@id=\"backBtn\"]"}
RESULT: {"using":"xpath","value":"//*[@id=\"backBtn\"]"}
COMMAND: POST /session/79057ea016645307ab1fd2f091123dcc/elements - {"using":"xpath","value":"//*[@id=\"backBtn\"]"}
RESULT: {"using":"xpath","value":"//*[@id=\"backBtn\"]"}
COMMAND: POST /session/79057ea016645307ab1fd2f091123dcc/elements - {"using":"xpath","value":"//*[@id=\"backBtn\"]"}
RESULT: {"using":"xpath","value":"//*[@id=\"backBtn\"]"}
COMMAND: POST /session/79057ea016645307ab1fd2f091123dcc/elements - {"using":"xpath","value":"//*[@id=\"backBtn\"]"}
RESULT: {"using":"xpath","value":"//*[@id=\"backBtn\"]"}
COMMAND: POST /session/79057ea016645307ab1fd2f091123dcc/elements - {"using":"xpath","value":"//*[@id=\"backBtn\"]"}
RESULT: {"using":"xpath","value":"//*[@id=\"backBtn\"]"}
COMMAND: POST /session/79057ea016645307ab1fd2f091123dcc/elements - {"using":"xpath","value":"//*[@id=\"backBtn\"]"}
RESULT: {"using":"xpath","value":"//*[@id=\"backBtn\"]"}
COMMAND: POST /session/79057ea016645307ab1fd2f091123dcc/elements - {"using":"xpath","value":"//*[@id=\"backBtn\"]"}
RESULT: {"using":"xpath","value":"//*[@id=\"backBtn\"]"}
COMMAND: POST /session/79057ea016645307ab1fd2f091123dcc/elements - {"using":"xpath","value":"//*[@id=\"backBtn\"]"}
RESULT: {"using":"xpath","value":"//*[@id=\"backBtn\"]"}
COMMAND: POST /session/79057ea016645307ab1fd2f091123dcc/elements - {"using":"xpath","value":"//*[@id=\"backBtn\"]"}
RESULT: {"using":"xpath","value":"//*[@id=\"backBtn\"]"}
COMMAND: POST /session/79057ea016645307ab1fd2f091123dcc/elements - {"using":"xpath","value":"//*[@id=\"backBtn\"]"}
RESULT: {"using":"xpath","value":"//*[@id=\"backBtn\"]"}
COMMAND: POST /session/79057ea016645307ab1fd2f091123dcc/elements - {"using":"xpath","value":"//*[@id=\"backBtn\"]"}
RESULT: {"using":"xpath","value":"//*[@id=\"backBtn\"]"}
COMMAND: POST /session/79057ea016645307ab1fd2f091123dcc/elements - {"using":"xpath","value":"//*[@id=\"backBtn\"]"}
RESULT: {"using":"xpath","value":"//*[@id=\"backBtn\"]"}
COMMAND: POST /session/79057ea016645307ab1fd2f091123dcc/elements - {"using":"xpath","value":"//*[@id=\"backBtn\"]"}
RESULT: {"using":"xpath","value":"//*[@id=\"backBtn\"]"}
COMMAND: POST /session/79057ea016645307ab1fd2f091123dcc/elements - {"using":"xpath","value":"//*[@id=\"backBtn\"]"}
RESULT: {"using":"xpath","value":"//*[@id=\"backBtn\"]"}
COMMAND: POST /session/79057ea016645307ab1fd2f091123dcc/elements - {"using":"xpath","value":"//*[@id=\"backBtn\"]"}
RESULT: {"using":"xpath","value":"//*[@id=\"backBtn\"]"}
COMMAND: POST /session/79057ea016645307ab1fd2f091123dcc/elements - {"using":"xpath","value":"//*[@id=\"backBtn\"]"}
RESULT: {"using":"xpath","value":"//*[@id=\"backBtn\"]"}
COMMAND: POST /session/79057ea016645307ab1fd2f091123dcc/elements - {"using":"xpath","value":"//*[@id=\"backBtn\"]"}
RESULT: {"using":"xpath","value":"//*[@id=\"backBtn\"]"}
COMMAND: POST /session/79057ea016645307ab1fd2f091123dcc/elements - {"using":"xpath","value":"//*[@id=\"backBtn\"]"}
RESULT: {"using":"xpath","value":"//*[@id=\"backBtn\"]"}
COMMAND: POST /session/79057ea016645307ab1fd2f091123dcc/elements - {"using":"xpath","value":"//*[@id=\"backBtn\"]"}
RESULT: {"using":"xpath","value":"//*[@id=\"backBtn\"]"}
COMMAND: POST /session/79057ea016645307ab1fd2f091123dcc/elements - {"using":"xpath","value":"//*[@id=\"backBtn\"]"}
RESULT: {"using":"xpath","value":"//*[@id=\"backBtn\"]"}
COMMAND: POST /session/79057ea016645307ab1fd2f091123dcc/elements - {"using":"xpath","value":"//*[@id=\"backBtn\"]"}
RESULT: {"using":"xpath","value":"//*[@id=\"backBtn\"]"}
COMMAND: POST /session/79057ea016645307ab1fd2f091123dcc/elements - {"using":"xpath","value":"//*[@id=\"backBtn\"]"}
RESULT: {"using":"xpath","value":"//*[@id=\"backBtn\"]"}
COMMAND: POST /session/79057ea016645307ab1fd2f091123dcc/elements - {"using":"xpath","value":"//*[@id=\"backBtn\"]"}
RESULT: {"using":"xpath","value":"//*[@id=\"backBtn\"]"}
COMMAND: POST /session/79057ea016645307ab1fd2f091123dcc/elements - {"using":"xpath","value":"//*[@id=\"backBtn\"]"}
RESULT: {"using":"xpath","value":"//*[@id=\"backBtn\"]"}
COMMAND: POST /session/79057ea016645307ab1fd2f091123dcc/elements - {"using":"xpath","value":"//*[@id=\"backBtn\"]"}
RESULT: {"using":"xpath","value":"//*[@id=\"backBtn\"]"}
COMMAND: POST /session/79057ea016645307ab1fd2f091123dcc/elements - {"using":"xpath","value":"//*[@id=\"backBtn\"]"}
RESULT: {"using":"xpath","value":"//*[@id=\"backBtn\"]"}
COMMAND: POST /session/79057ea016645307ab1fd2f091123dcc/elements - {"using":"xpath","value":"//*[@id=\"backBtn\"]"}
RESULT: {"using":"xpath","value":"//*[@id=\"backBtn\"]"}
COMMAND: POST /session/79057ea016645307ab1fd2f091123dcc/elements - {"using":"xpath","value":"//*[@id=\"backBtn\"]"}
RESULT: {"using":"xpath","value":"//*[@id=\"backBtn\"]"}
COMMAND: POST /session/79057ea016645307ab1fd2f091123dcc/elements - {"using":"xpath","value":"//*[@id=\"backBtn\"]"}
RESULT: {"using":"xpath","value":"//*[@id=\"backBtn\"]"}
COMMAND: POST /session/79057ea016645307ab1fd2f091123dcc/elements - {"using":"xpath","value":"//*[@id=\"backBtn\"]"}
RESULT: {"using":"xpath","value":"//*[@id=\"backBtn\"]"}
COMMAND: POST /session/79057ea016645307ab1fd2f091123dcc/elements - {"using":"xpath","value":"//*[@id=\"backBtn\"]"}
RESULT: {"using":"xpath","value":"//*[@id=\"backBtn\"]"}
COMMAND: POST /session/79057ea016645307ab1fd2f091123dcc/elements - {"using":"xpath","value":"//*[@id=\"backBtn\"]"}
RESULT: {"using":"xpath","value":"//*[@id=\"backBtn\"]"}
COMMAND: POST /session/79057ea016645307ab1fd2f091123dcc/elements - {"using":"xpath","value":"//*[@id=\"backBtn\"]"}
RESULT: {"using":"xpath","value":"//*[@id=\"backBtn\"]"}
COMMAND: POST /session/79057ea016645307ab1fd2f091123dcc/elements - {"using":"xpath","value":"//*[@id=\"backBtn\"]"}
RESULT: {"using":"xpath","value":"//*[@id=\"backBtn\"]"}
COMMAND: POST /session/79057ea016645307ab1fd2f091123dcc/elements - {"using":"xpath","value":"//*[@id=\"backBtn\"]"}
RESULT: {"using":"xpath","value":"//*[@id=\"backBtn\"]"}
COMMAND: POST /session/79057ea016645307ab1fd2f091123dcc/elements - {"using":"xpath","value":"//*[@id=\"backBtn\"]"}
RESULT: {"using":"xpath","value":"//*[@id=\"backBtn\"]"}
COMMAND: DELETE /session/79057ea016645307ab1fd2f091123dcc - {}
RESULT: {}
]]></system-out>
    </testcase>
  </testsuite>
</testsuites>