<?xml version="1.0" encoding="UTF-8"?>
<testsuites tests="20" failures="0" errors="0" skipped="0">
  <testsuite timestamp="2025-04-14T15:29:16" time="1413.54" tests="7" failures="0" errors="0" skipped="0">
    <properties>
      <property name="specId" value="0"/>
      <property name="suiteName" value="E2E - Logistical and commercial statuses"/>
      <property name="capabilities" value="chrome.135_0_7049_42.windows"/>
      <property name="file" value="file:///D:/a/1/s/test/specs/R2C/E2E-Logistical-and-commercial-status.spec.js"/>
    </properties>
    <testcase classname="chrome.135_0_7049_42.windows.E2E_-_Logistical_and_commercial_statuses" name="Should create prerequisites yard partner and site" time="356.846">
      <system-out><![CDATA[
COMMAND: POST /session/aedfa18944cc4355ab8cbaedf6540575/execute/async - {"script":"<script> [1562 bytes]","args":[{"selector":{"controlType":"sap.m.GenericTile","properties":{"header":"Manage Yards"}},"wdio_ui5_key":"sapm.GenericTile{\"header\":\"Manage Yards\"}"}]}
RESULT: {"script":"<script> [1562 bytes]","args":[{"selector":{"controlType":"sap.m.GenericTile","properties":{"header":"Manage Yards"}},"wdio_ui5_key":"sapm.GenericTile{\"header\":\"Manage Yards\"}"}]}
RESULT: undefined
COMMAND: POST /session/aedfa18944cc4355ab8cbaedf6540575/element - {"using":"xpath","value":"//*[@id=\"__tile52\"]"}
RESULT: {"using":"xpath","value":"//*[@id=\"__tile52\"]"}
COMMAND: POST /session/aedfa18944cc4355ab8cbaedf6540575/element/f.694E2BBF071ECDE7169F205C0A1B1FBC.d.25372C8D90C86606DB9BF5BEE8C951B9.e.117/click - {}
RESULT: {}
COMMAND: GET /session/aedfa18944cc4355ab8cbaedf6540575/screenshot - {}
RESULT: {}
COMMAND: POST /session/aedfa18944cc4355ab8cbaedf6540575/execute/async - {"script":"<script> [1562 bytes]","args":[{"selector":{"controlType":"sap.ui.core.Icon","viewName":"etm.portal.ui.manageyards.view.Master","viewId":"application-manageyards-display-component---masterYard","properties":{"src":{"regex":{"source":"add"}}}},"wdio_ui5_key":"etmportal.ui.manageyards.view.Mastersap.ui.core.Icon{\"src\":{\"regex\":{\"source\":\"add\"}}}"}]}
RESULT: {"script":"<script> [1562 bytes]","args":[{"selector":{"controlType":"sap.ui.core.Icon","viewName":"etm.portal.ui.manageyards.view.Master","viewId":"application-manageyards-display-component---masterYard","properties":{"src":{"regex":{"source":"add"}}}},"wdio_ui5_key":"etmportal.ui.manageyards.view.Mastersap.ui.core.Icon{\"src\":{\"regex\":{\"source\":\"add\"}}}"}]}
RESULT: undefined
COMMAND: POST /session/aedfa18944cc4355ab8cbaedf6540575/element - {"using":"xpath","value":"//*[@id=\"__button4-img\"]"}
RESULT: {"using":"xpath","value":"//*[@id=\"__button4-img\"]"}
COMMAND: POST /session/aedfa18944cc4355ab8cbaedf6540575/element/f.694E2BBF071ECDE7169F205C0A1B1FBC.d.25372C8D90C86606DB9BF5BEE8C951B9.e.164/click - {}
RESULT: {}
COMMAND: GET /session/aedfa18944cc4355ab8cbaedf6540575/screenshot - {}
RESULT: {}
COMMAND: POST /session/aedfa18944cc4355ab8cbaedf6540575/execute/async - {"script":"<script> [1562 bytes]","args":[{"selector":{"id":"application-manageyards-display-component---NewYard--yardId","interaction":{"idSuffix":"inner"}},"wdio_ui5_key":"applicationmanageyards-display-component---NewYard--yardId"}]}
RESULT: {"script":"<script> [1562 bytes]","args":[{"selector":{"id":"application-manageyards-display-component---NewYard--yardId","interaction":{"idSuffix":"inner"}},"wdio_ui5_key":"applicationmanageyards-display-component---NewYard--yardId"}]}
RESULT: undefined
COMMAND: POST /session/aedfa18944cc4355ab8cbaedf6540575/element - {"using":"xpath","value":"//*[@id=\"application-manageyards-display-component---NewYard--addressDetailDetailsName1-inner\"]"}
RESULT: {"using":"xpath","value":"//*[@id=\"application-manageyards-display-component---NewYard--addressDetailDetailsName1-inner\"]"}
COMMAND: POST /session/aedfa18944cc4355ab8cbaedf6540575/element/f.694E2BBF071ECDE7169F205C0A1B1FBC.d.25372C8D90C86606DB9BF5BEE8C951B9.e.453/clear - {}
RESULT: {}
COMMAND: POST /session/aedfa18944cc4355ab8cbaedf6540575/element/f.694E2BBF071ECDE7169F205C0A1B1FBC.d.25372C8D90C86606DB9BF5BEE8C951B9.e.453/value - {"text":"WebdriverYard853idi"}
COMMAND: GET /session/aedfa18944cc4355ab8cbaedf6540575/screenshot - {}
RESULT: {"text":"WebdriverYard853idi"}
COMMAND: POST /session/aedfa18944cc4355ab8cbaedf6540575/element - {"using":"xpath","value":"//*[@id=\"application-manageyards-display-component---NewYard--addressDetailDetailsLanguage-inner\"]"}
COMMAND: GET /session/aedfa18944cc4355ab8cbaedf6540575/screenshot - {}
RESULT: {}
RESULT: {"using":"xpath","value":"//*[@id=\"application-manageyards-display-component---NewYard--addressDetailDetailsLanguage-inner\"]"}
COMMAND: POST /session/aedfa18944cc4355ab8cbaedf6540575/element/f.694E2BBF071ECDE7169F205C0A1B1FBC.d.25372C8D90C86606DB9BF5BEE8C951B9.e.454/clear - {}
RESULT: {}
RESULT: {}
COMMAND: POST /session/aedfa18944cc4355ab8cbaedf6540575/element/f.694E2BBF071ECDE7169F205C0A1B1FBC.d.25372C8D90C86606DB9BF5BEE8C951B9.e.454/value - {"text":"Romanian"}
COMMAND: GET /session/aedfa18944cc4355ab8cbaedf6540575/screenshot - {}
RESULT: {"text":"Romanian"}
COMMAND: POST /session/aedfa18944cc4355ab8cbaedf6540575/element - {"using":"xpath","value":"//input[contains(@id ,\"application-manageyards-display-component---NewYard--addressDetailDetailsName1-inner\")]"}
COMMAND: GET /session/aedfa18944cc4355ab8cbaedf6540575/screenshot - {}
RESULT: {}
RESULT: {"using":"xpath","value":"//input[contains(@id ,\"application-manageyards-display-component---NewYard--addressDetailDetailsName1-inner\")]"}
COMMAND: GET /session/aedfa18944cc4355ab8cbaedf6540575/element/f.694E2BBF071ECDE7169F205C0A1B1FBC.d.25372C8D90C86606DB9BF5BEE8C951B9.e.453/property/value - {}
RESULT: {}
RESULT: {}
COMMAND: GET /session/aedfa18944cc4355ab8cbaedf6540575/screenshot - {}
RESULT: {}
COMMAND: POST /session/aedfa18944cc4355ab8cbaedf6540575/element - {"using":"xpath","value":"//*[@id=\"application-manageyards-display-component---NewYard--addressDetailDetailsCity1-inner\"]"}
RESULT: {"using":"xpath","value":"//*[@id=\"application-manageyards-display-component---NewYard--addressDetailDetailsCity1-inner\"]"}
COMMAND: POST /session/aedfa18944cc4355ab8cbaedf6540575/element/f.694E2BBF071ECDE7169F205C0A1B1FBC.d.25372C8D90C86606DB9BF5BEE8C951B9.e.456/clear - {}
RESULT: {}
COMMAND: POST /session/aedfa18944cc4355ab8cbaedf6540575/element/f.694E2BBF071ECDE7169F205C0A1B1FBC.d.25372C8D90C86606DB9BF5BEE8C951B9.e.456/value - {"text":"Bucuresti"}
COMMAND: GET /session/aedfa18944cc4355ab8cbaedf6540575/screenshot - {}
RESULT: {"text":"Bucuresti"}
COMMAND: GET /session/aedfa18944cc4355ab8cbaedf6540575/screenshot - {}
RESULT: {}
COMMAND: POST /session/aedfa18944cc4355ab8cbaedf6540575/element - {"using":"xpath","value":"//*[@id=\"application-manageyards-display-component---NewYard--addressDetailDetailsCountry-inner\"]"}
RESULT: {}
RESULT: {"using":"xpath","value":"//*[@id=\"application-manageyards-display-component---NewYard--addressDetailDetailsCountry-inner\"]"}
COMMAND: POST /session/aedfa18944cc4355ab8cbaedf6540575/element/f.694E2BBF071ECDE7169F205C0A1B1FBC.d.25372C8D90C86606DB9BF5BEE8C951B9.e.460/clear - {}
RESULT: {}
COMMAND: POST /session/aedfa18944cc4355ab8cbaedf6540575/element/f.694E2BBF071ECDE7169F205C0A1B1FBC.d.25372C8D90C86606DB9BF5BEE8C951B9.e.460/value - {"text":"Romania"}
COMMAND: GET /session/aedfa18944cc4355ab8cbaedf6540575/screenshot - {}
RESULT: {"text":"Romania"}
COMMAND: GET /session/aedfa18944cc4355ab8cbaedf6540575/screenshot - {}
RESULT: {}
RESULT: {}
COMMAND: POST /session/aedfa18944cc4355ab8cbaedf6540575/element - {"using":"xpath","value":"//div[contains(text(), \"Commercial\")]"}
RESULT: {"using":"xpath","value":"//div[contains(text(), \"Commercial\")]"}
COMMAND: GET /session/aedfa18944cc4355ab8cbaedf6540575/element/f.694E2BBF071ECDE7169F205C0A1B1FBC.d.25372C8D90C86606DB9BF5BEE8C951B9.e.660/rect - {}
RESULT: {}
COMMAND: GET /session/aedfa18944cc4355ab8cbaedf6540575/window/rect - {}
RESULT: {}
COMMAND: POST /session/aedfa18944cc4355ab8cbaedf6540575/execute/sync - {"script":"<script> [92 bytes]","args":[]}
RESULT: {"script":"<script> [92 bytes]","args":[]}
COMMAND: POST /session/aedfa18944cc4355ab8cbaedf6540575/actions - {"actions":[{"id":"action1","type":"wheel","parameters":{},"actions":[{"type":"scroll","x":-2325,"y":-44,"deltaX":0,"deltaY":0,"duration":0,"origin":{"element-6066-11e4-a52e-4f735466cecf":"f.694E2BBF071ECDE7169F205C0A1B1FBC.d.25372C8D90C86606DB9BF5BEE8C951B9.e.660"}}]}]}
COMMAND: GET /session/aedfa18944cc4355ab8cbaedf6540575/screenshot - {}
RESULT: {}
COMMAND: POST /session/aedfa18944cc4355ab8cbaedf6540575/execute/sync - {"script":"<script> [79 bytes]","args":[{"element-6066-11e4-a52e-4f735466cecf":"f.694E2BBF071ECDE7169F205C0A1B1FBC.d.25372C8D90C86606DB9BF5BEE8C951B9.e.660","ELEMENT":"f.694E2BBF071ECDE7169F205C0A1B1FBC.d.25372C8D90C86606DB9BF5BEE8C951B9.e.660"},{"block":"start","inline":"nearest"}]}
RESULT: {"script":"<script> [79 bytes]","args":[{"element-6066-11e4-a52e-4f735466cecf":"f.694E2BBF071ECDE7169F205C0A1B1FBC.d.25372C8D90C86606DB9BF5BEE8C951B9.e.660","ELEMENT":"f.694E2BBF071ECDE7169F205C0A1B1FBC.d.25372C8D90C86606DB9BF5BEE8C951B9.e.660"},{"block":"start","inline":"nearest"}]}
COMMAND: GET /session/aedfa18944cc4355ab8cbaedf6540575/screenshot - {}
RESULT: {}
COMMAND: POST /session/aedfa18944cc4355ab8cbaedf6540575/execute/async - {"script":"<script> [1562 bytes]","args":[{"selector":{"id":"application-manageyards-display-component---NewYard--addressEditDetailsCostObjectCstType-arrow"},"wdio_ui5_key":"applicationmanageyards-display-component---NewYard--addressEditDetailsCostObjectCstType-arrow"}]}
RESULT: {"script":"<script> [1562 bytes]","args":[{"selector":{"id":"application-manageyards-display-component---NewYard--addressEditDetailsCostObjectCstType-arrow"},"wdio_ui5_key":"applicationmanageyards-display-component---NewYard--addressEditDetailsCostObjectCstType-arrow"}]}
RESULT: undefined
COMMAND: POST /session/aedfa18944cc4355ab8cbaedf6540575/element - {"using":"xpath","value":"//*[@id=\"application-manageyards-display-component---NewYard--addressEditDetailsCostObjectCstType-arrow\"]"}
RESULT: {"using":"xpath","value":"//*[@id=\"application-manageyards-display-component---NewYard--addressEditDetailsCostObjectCstType-arrow\"]"}
COMMAND: POST /session/aedfa18944cc4355ab8cbaedf6540575/element/f.694E2BBF071ECDE7169F205C0A1B1FBC.d.25372C8D90C86606DB9BF5BEE8C951B9.e.668/click - {}
RESULT: {}
COMMAND: POST /session/aedfa18944cc4355ab8cbaedf6540575/element - {"using":"xpath","value":"//span[contains(text(), \"Cost Center\")]"}
COMMAND: GET /session/aedfa18944cc4355ab8cbaedf6540575/screenshot - {}
RESULT: {"using":"xpath","value":"//span[contains(text(), \"Cost Center\")]"}
COMMAND: POST /session/aedfa18944cc4355ab8cbaedf6540575/element/f.694E2BBF071ECDE7169F205C0A1B1FBC.d.25372C8D90C86606DB9BF5BEE8C951B9.e.669/click - {}
RESULT: {}
RESULT: {}
COMMAND: GET /session/aedfa18944cc4355ab8cbaedf6540575/screenshot - {}
RESULT: {}
COMMAND: POST /session/aedfa18944cc4355ab8cbaedf6540575/execute/async - {"script":"<script> [1562 bytes]","args":[{"selector":{"id":"application-manageyards-display-component---NewYard--addressNewCostObjectCstID-vhi"},"wdio_ui5_key":"applicationmanageyards-display-component---NewYard--addressNewCostObjectCstID-vhi"}]}
RESULT: {"script":"<script> [1562 bytes]","args":[{"selector":{"id":"application-manageyards-display-component---NewYard--addressNewCostObjectCstID-vhi"},"wdio_ui5_key":"applicationmanageyards-display-component---NewYard--addressNewCostObjectCstID-vhi"}]}
RESULT: undefined
COMMAND: POST /session/aedfa18944cc4355ab8cbaedf6540575/element - {"using":"xpath","value":"//*[@id=\"application-manageyards-display-component---NewYard--addressNewCostObjectCstID-vhi\"]"}
RESULT: {"using":"xpath","value":"//*[@id=\"application-manageyards-display-component---NewYard--addressNewCostObjectCstID-vhi\"]"}
COMMAND: POST /session/aedfa18944cc4355ab8cbaedf6540575/element/f.694E2BBF071ECDE7169F205C0A1B1FBC.d.25372C8D90C86606DB9BF5BEE8C951B9.e.693/click - {}
RESULT: {}
COMMAND: GET /session/aedfa18944cc4355ab8cbaedf6540575/screenshot - {}
RESULT: {}
COMMAND: POST /session/aedfa18944cc4355ab8cbaedf6540575/execute/async - {"script":"<script> [1562 bytes]","args":[{"selector":{"controlType":"sap.m.SearchField","properties":{"placeholder":"Search"},"searchOpenDialogs":true,"interaction":{"idSuffix":"I"}},"wdio_ui5_key":"sapm.SearchField{\"placeholder\":\"Search\"}"}]}
RESULT: {"script":"<script> [1562 bytes]","args":[{"selector":{"controlType":"sap.m.SearchField","properties":{"placeholder":"Search"},"searchOpenDialogs":true,"interaction":{"idSuffix":"I"}},"wdio_ui5_key":"sapm.SearchField{\"placeholder\":\"Search\"}"}]}
RESULT: undefined
COMMAND: POST /session/aedfa18944cc4355ab8cbaedf6540575/execute/async - {"script":"<script> [776 bytes]","args":[{"enterText":"10001013","selector":{"controlType":"sap.m.SearchField","properties":{"placeholder":"Search"},"searchOpenDialogs":true,"interaction":{"idSuffix":"I"}},"clearTextFirst":true,"interactionType":"ENTER_TEXT"}]}
RESULT: {"script":"<script> [776 bytes]","args":[{"enterText":"10001013","selector":{"controlType":"sap.m.SearchField","properties":{"placeholder":"Search"},"searchOpenDialogs":true,"interaction":{"idSuffix":"I"}},"clearTextFirst":true,"interactionType":"ENTER_TEXT"}]}
COMMAND: POST /session/aedfa18944cc4355ab8cbaedf6540575/actions - {"actions":[{"id":"action2","type":"key","parameters":{},"actions":[{"type":"keyDown","value":""},{"type":"pause","duration":10},{"type":"keyUp","value":""}]}]}
RESULT: {"actions":[{"id":"action2","type":"key","parameters":{},"actions":[{"type":"keyDown","value":""},{"type":"pause","duration":10},{"type":"keyUp","value":""}]}]}
COMMAND: GET /session/aedfa18944cc4355ab8cbaedf6540575/screenshot - {}
RESULT: {}
COMMAND: POST /session/aedfa18944cc4355ab8cbaedf6540575/element - {"using":"xpath","value":"//span[contains(text(), \"General Management\")]"}
RESULT: {"using":"xpath","value":"//span[contains(text(), \"General Management\")]"}
COMMAND: POST /session/aedfa18944cc4355ab8cbaedf6540575/element/f.694E2BBF071ECDE7169F205C0A1B1FBC.d.25372C8D90C86606DB9BF5BEE8C951B9.e.734/click - {}
RESULT: {}
COMMAND: GET /session/aedfa18944cc4355ab8cbaedf6540575/screenshot - {}
RESULT: {}
COMMAND: POST /session/aedfa18944cc4355ab8cbaedf6540575/element - {"using":"xpath","value":"//bdi[contains(text(), \"OK\")]"}
RESULT: {"using":"xpath","value":"//bdi[contains(text(), \"OK\")]"}
COMMAND: POST /session/aedfa18944cc4355ab8cbaedf6540575/element/f.694E2BBF071ECDE7169F205C0A1B1FBC.d.25372C8D90C86606DB9BF5BEE8C951B9.e.735/click - {}
RESULT: {}
COMMAND: GET /session/aedfa18944cc4355ab8cbaedf6540575/screenshot - {}
RESULT: {}
COMMAND: POST /session/aedfa18944cc4355ab8cbaedf6540575/execute/async - {"script":"<script> [1562 bytes]","args":[{"selector":{"controlType":"sap.m.Button","viewName":"etm.portal.ui.manageyards.view.New","viewId":"application-manageyards-display-component---NewYard","i18NText":{"propertyName":"text","key":"save"},"interaction":{"idSuffix":"inner"}},"wdio_ui5_key":"etmportal.ui.manageyards.view.Newsap.m.Button{\"propertyName\":\"text\",\"key\":\"save\"}"}]}
RESULT: {"script":"<script> [1562 bytes]","args":[{"selector":{"controlType":"sap.m.Button","viewName":"etm.portal.ui.manageyards.view.New","viewId":"application-manageyards-display-component---NewYard","i18NText":{"propertyName":"text","key":"save"},"interaction":{"idSuffix":"inner"}},"wdio_ui5_key":"etmportal.ui.manageyards.view.Newsap.m.Button{\"propertyName\":\"text\",\"key\":\"save\"}"}]}
RESULT: undefined
COMMAND: POST /session/aedfa18944cc4355ab8cbaedf6540575/element - {"using":"xpath","value":"//*[@id=\"__button18\"]"}
RESULT: {"using":"xpath","value":"//*[@id=\"__button18\"]"}
COMMAND: POST /session/aedfa18944cc4355ab8cbaedf6540575/element/f.694E2BBF071ECDE7169F205C0A1B1FBC.d.25372C8D90C86606DB9BF5BEE8C951B9.e.639/click - {}
RESULT: {}
COMMAND: GET /session/aedfa18944cc4355ab8cbaedf6540575/screenshot - {}
RESULT: {}
COMMAND: POST /session/aedfa18944cc4355ab8cbaedf6540575/element - {"using":"xpath","value":"//header/div/div[2]/div[2]/span"}
RESULT: {"using":"xpath","value":"//header/div/div[2]/div[2]/span"}
COMMAND: GET /session/aedfa18944cc4355ab8cbaedf6540575/element/f.694E2BBF071ECDE7169F205C0A1B1FBC.d.25372C8D90C86606DB9BF5BEE8C951B9.e.899/text - {}
RESULT: {}
COMMAND: POST /session/aedfa18944cc4355ab8cbaedf6540575/execute/async - {"script":"<script> [1562 bytes]","args":[{"selector":{"controlType":"sap.m.OverflowToolbarButton","viewName":"etm.portal.ui.manageyards.view.Detail","viewId":"application-manageyards-display-component---detailYard","i18NText":{"propertyName":"tooltip","key":"closeColumn"},"interaction":{"idSuffix":"inner"}},"wdio_ui5_key":"etmportal.ui.manageyards.view.Detailsap.m.OverflowToolbarButton{\"propertyName\":\"tooltip\",\"key\":\"closeColumn\"}"}]}
RESULT: {"script":"<script> [1562 bytes]","args":[{"selector":{"controlType":"sap.m.OverflowToolbarButton","viewName":"etm.portal.ui.manageyards.view.Detail","viewId":"application-manageyards-display-component---detailYard","i18NText":{"propertyName":"tooltip","key":"closeColumn"},"interaction":{"idSuffix":"inner"}},"wdio_ui5_key":"etmportal.ui.manageyards.view.Detailsap.m.OverflowToolbarButton{\"propertyName\":\"tooltip\",\"key\":\"closeColumn\"}"}]}
RESULT: undefined
COMMAND: POST /session/aedfa18944cc4355ab8cbaedf6540575/element - {"using":"xpath","value":"//*[@id=\"__button42\"]"}
RESULT: {"using":"xpath","value":"//*[@id=\"__button42\"]"}
COMMAND: POST /session/aedfa18944cc4355ab8cbaedf6540575/element/f.694E2BBF071ECDE7169F205C0A1B1FBC.d.25372C8D90C86606DB9BF5BEE8C951B9.e.901/click - {}
RESULT: {}
COMMAND: GET /session/aedfa18944cc4355ab8cbaedf6540575/screenshot - {}
RESULT: {}
COMMAND: POST /session/aedfa18944cc4355ab8cbaedf6540575/element - {"using":"css selector","value":"#shell-header-logo"}
RESULT: {"using":"css selector","value":"#shell-header-logo"}
COMMAND: POST /session/aedfa18944cc4355ab8cbaedf6540575/element/f.694E2BBF071ECDE7169F205C0A1B1FBC.d.25372C8D90C86606DB9BF5BEE8C951B9.e.120/click - {}
RESULT: {}
COMMAND: GET /session/aedfa18944cc4355ab8cbaedf6540575/screenshot - {}
RESULT: {}
COMMAND: POST /session/aedfa18944cc4355ab8cbaedf6540575/refresh - {}
RESULT: {}
COMMAND: GET /session/aedfa18944cc4355ab8cbaedf6540575/screenshot - {}
RESULT: {}
COMMAND: POST /session/aedfa18944cc4355ab8cbaedf6540575/refresh - {}
RESULT: {}
COMMAND: GET /session/aedfa18944cc4355ab8cbaedf6540575/screenshot - {}
RESULT: {}
COMMAND: POST /session/aedfa18944cc4355ab8cbaedf6540575/execute/async - {"script":"<script> [189 bytes]","args":[]}
RESULT: {"script":"<script> [189 bytes]","args":[]}
COMMAND: POST /session/aedfa18944cc4355ab8cbaedf6540575/execute/async - {"script":"<script> [123 bytes]","args":[]}
RESULT: {"script":"<script> [123 bytes]","args":[]}
COMMAND: POST /session/aedfa18944cc4355ab8cbaedf6540575/timeouts - {"script":"<number>"}
RESULT: {"script":"<number>"}
COMMAND: GET /session/aedfa18944cc4355ab8cbaedf6540575/timeouts - {}
RESULT: {}
RESULT: undefined
COMMAND: POST /session/aedfa18944cc4355ab8cbaedf6540575/execute/async - {"script":"<script> [2676 bytes]","args":[]}
RESULT: {"script":"<script> [2676 bytes]","args":[]}
COMMAND: POST /session/aedfa18944cc4355ab8cbaedf6540575/execute/async - {"script":"<script> [2342 bytes]","args":[{"protocol":"http","hostname":"0.0.0.0","path":"/","capabilities":{"browserName":"chrome","goog:chromeOptions":{"binary":"C:\\Program Files\\Google\\Chrome\\Application\\chrome.exe","args":["--force-device-scale-factor=0.8","--start-maximized"]}},"logLevel":"warn","connectionRetryTimeout":120000,"connectionRetryCount":3,"logLevels":{},"enableDirectConnect":true,"strictSSL":true,"_":"65 more keys: [\"cacheDir\",\"port\",\"requestedCapabilities\",\"automationProtocol\",\"baseUrl\",\"waitforInterval\",\"waitforTimeout\",\"onReload\",\"beforeCommand\",\"afterCommand\",\"rootDir\",\"specs\",\"suites\",\"exclude\",\"groupLogsByTestSpec\",\"excludeDriverLogs\",\"bail\",\"framework\",\"reporters\",\"services\",\"maxInstances\",\"maxInstancesPerCapability\",\"injectGlobals\",\"filesToWatch\",\"execArgv\",\"runnerEnv\",\"runner\",\"shard\",\"specFileRetries\",\"specFileRetriesDelay\",\"specFileRetriesDeferred\",\"reporterSyncInterval\",\"reporterSyncTimeout\",\"cucumberFeaturesWithLineNumbers\",\"autoCompileOpts\",\"mochaOpts\",\"jasmineOpts\",\"cucumberOpts\",\"onPrepare\",\"onWorkerStart\",\"onWorkerEnd\",\"before\",\"beforeSession\",\"beforeSuite\",\"beforeHook\",\"beforeTest\",\"afterTest\",\"afterHook\",\"afterSuite\",\"afterSession\",\"after\",\"onComplete\",\"beforeAssertion\",\"afterAssertion\",\"beforeFeature\",\"beforeScenario\",\"beforeStep\",\"afterStep\",\"afterScenario\",\"afterFeature\",\"_\",\"suite\",\"$0\",\"ignoredWorkerServices\",\"wdi5\"]"}]}
RESULT: {"script":"<script> [2342 bytes]","args":[{"protocol":"http","hostname":"0.0.0.0","path":"/","capabilities":{"browserName":"chrome","goog:chromeOptions":{"binary":"C:\\Program Files\\Google\\Chrome\\Application\\chrome.exe","args":["--force-device-scale-factor=0.8","--start-maximized"]}},"logLevel":"warn","connectionRetryTimeout":120000,"connectionRetryCount":3,"logLevels":{},"enableDirectConnect":true,"strictSSL":true,"_":"65 more keys: [\"cacheDir\",\"port\",\"requestedCapabilities\",\"automationProtocol\",\"baseUrl\",\"waitforInterval\",\"waitforTimeout\",\"onReload\",\"beforeCommand\",\"afterCommand\",\"rootDir\",\"specs\",\"suites\",\"exclude\",\"groupLogsByTestSpec\",\"excludeDriverLogs\",\"bail\",\"framework\",\"reporters\",\"services\",\"maxInstances\",\"maxInstancesPerCapability\",\"injectGlobals\",\"filesToWatch\",\"execArgv\",\"runnerEnv\",\"runner\",\"shard\",\"specFileRetries\",\"specFileRetriesDelay\",\"specFileRetriesDeferred\",\"reporterSyncInterval\",\"reporterSyncTimeout\",\"cucumberFeaturesWithLineNumbers\",\"autoCompileOpts\",\"mochaOpts\",\"jasmineOpts\",\"cucumberOpts\",\"onPrepare\",\"onWorkerStart\",\"onWorkerEnd\",\"before\",\"beforeSession\",\"beforeSuite\",\"beforeHook\",\"beforeTest\",\"afterTest\",\"afterHook\",\"afterSuite\",\"afterSession\",\"after\",\"onComplete\",\"beforeAssertion\",\"afterAssertion\",\"beforeFeature\",\"beforeScenario\",\"beforeStep\",\"afterStep\",\"afterScenario\",\"afterFeature\",\"_\",\"suite\",\"$0\",\"ignoredWorkerServices\",\"wdi5\"]"}]}
COMMAND: POST /session/aedfa18944cc4355ab8cbaedf6540575/execute/async - {"script":"<script> [21126 bytes]","args":[35000]}
RESULT: {"script":"<script> [21126 bytes]","args":[35000]}
COMMAND: POST /session/aedfa18944cc4355ab8cbaedf6540575/execute/async - {"script":"<script> [1562 bytes]","args":[{"selector":{"controlType":"sap.m.GenericTile","properties":{"header":"Manage Partners"}},"wdio_ui5_key":"sapm.GenericTile{\"header\":\"Manage Partners\"}"}]}
RESULT: {"script":"<script> [1562 bytes]","args":[{"selector":{"controlType":"sap.m.GenericTile","properties":{"header":"Manage Partners"}},"wdio_ui5_key":"sapm.GenericTile{\"header\":\"Manage Partners\"}"}]}
RESULT: undefined
COMMAND: POST /session/aedfa18944cc4355ab8cbaedf6540575/element - {"using":"xpath","value":"//*[@id=\"__tile49\"]"}
RESULT: {"using":"xpath","value":"//*[@id=\"__tile49\"]"}
COMMAND: POST /session/aedfa18944cc4355ab8cbaedf6540575/element/f.694E2BBF071ECDE7169F205C0A1B1FBC.d.DFF03E86768EE408068BF3B12204F8F2.e.1350/click - {}
RESULT: {}
COMMAND: GET /session/aedfa18944cc4355ab8cbaedf6540575/screenshot - {}
RESULT: {}
COMMAND: POST /session/aedfa18944cc4355ab8cbaedf6540575/execute/async - {"script":"<script> [1562 bytes]","args":[{"selector":{"controlType":"sap.ui.core.Icon","viewName":"etm.portal.ui.managepartners.view.Master","viewId":"application-managepartners-display-component---masterPtm","properties":{"src":{"regex":{"source":"add"}}}},"wdio_ui5_key":"etmportal.ui.managepartners.view.Mastersap.ui.core.Icon{\"src\":{\"regex\":{\"source\":\"add\"}}}"}]}
RESULT: {"script":"<script> [1562 bytes]","args":[{"selector":{"controlType":"sap.ui.core.Icon","viewName":"etm.portal.ui.managepartners.view.Master","viewId":"application-managepartners-display-component---masterPtm","properties":{"src":{"regex":{"source":"add"}}}},"wdio_ui5_key":"etmportal.ui.managepartners.view.Mastersap.ui.core.Icon{\"src\":{\"regex\":{\"source\":\"add\"}}}"}]}
RESULT: undefined
COMMAND: POST /session/aedfa18944cc4355ab8cbaedf6540575/element - {"using":"xpath","value":"//*[@id=\"__button4-img\"]"}
RESULT: {"using":"xpath","value":"//*[@id=\"__button4-img\"]"}
COMMAND: POST /session/aedfa18944cc4355ab8cbaedf6540575/element/f.694E2BBF071ECDE7169F205C0A1B1FBC.d.DFF03E86768EE408068BF3B12204F8F2.e.1400/click - {}
RESULT: {}
COMMAND: GET /session/aedfa18944cc4355ab8cbaedf6540575/screenshot - {}
RESULT: {}
COMMAND: POST /session/aedfa18944cc4355ab8cbaedf6540575/execute/async - {"script":"<script> [1562 bytes]","args":[{"selector":{"id":"application-managepartners-display-component---NewPartner--partnerId","interaction":{"idSuffix":"inner"}},"wdio_ui5_key":"applicationmanagepartners-display-component---NewPartner--partnerId"}]}
RESULT: {"script":"<script> [1562 bytes]","args":[{"selector":{"id":"application-managepartners-display-component---NewPartner--partnerId","interaction":{"idSuffix":"inner"}},"wdio_ui5_key":"applicationmanagepartners-display-component---NewPartner--partnerId"}]}
RESULT: undefined
COMMAND: POST /session/aedfa18944cc4355ab8cbaedf6540575/execute/async - {"script":"<script> [1562 bytes]","args":[{"selector":{"id":"application-managepartners-display-component---NewPartner--addressDetailDetailsName1","interaction":{"idSuffix":"inner"}},"wdio_ui5_key":"applicationmanagepartners-display-component---NewPartner--addressDetailDetailsName1"}]}
RESULT: {"script":"<script> [1562 bytes]","args":[{"selector":{"id":"application-managepartners-display-component---NewPartner--addressDetailDetailsName1","interaction":{"idSuffix":"inner"}},"wdio_ui5_key":"applicationmanagepartners-display-component---NewPartner--addressDetailDetailsName1"}]}
RESULT: undefined
COMMAND: POST /session/aedfa18944cc4355ab8cbaedf6540575/execute/async - {"script":"<script> [776 bytes]","args":[{"enterText":"WebdriverPartner5nhmb","selector":{"id":"application-managepartners-display-component---NewPartner--addressDetailDetailsName1","interaction":{"idSuffix":"inner"}},"clearTextFirst":true,"interactionType":"ENTER_TEXT"}]}
RESULT: {"script":"<script> [776 bytes]","args":[{"enterText":"WebdriverPartner5nhmb","selector":{"id":"application-managepartners-display-component---NewPartner--addressDetailDetailsName1","interaction":{"idSuffix":"inner"}},"clearTextFirst":true,"interactionType":"ENTER_TEXT"}]}
COMMAND: POST /session/aedfa18944cc4355ab8cbaedf6540575/execute/async - {"script":"<script> [1562 bytes]","args":[{"selector":{"id":"application-managepartners-display-component---NewPartner--addressDetailDetailsLanguage","interaction":{"idSuffix":"inner"}},"wdio_ui5_key":"applicationmanagepartners-display-component---NewPartner--addressDetailDetailsLanguage"}]}
RESULT: {"script":"<script> [1562 bytes]","args":[{"selector":{"id":"application-managepartners-display-component---NewPartner--addressDetailDetailsLanguage","interaction":{"idSuffix":"inner"}},"wdio_ui5_key":"applicationmanagepartners-display-component---NewPartner--addressDetailDetailsLanguage"}]}
RESULT: undefined
COMMAND: POST /session/aedfa18944cc4355ab8cbaedf6540575/execute/async - {"script":"<script> [776 bytes]","args":[{"enterText":"Romanian","selector":{"id":"application-managepartners-display-component---NewPartner--addressDetailDetailsLanguage","interaction":{"idSuffix":"inner"}},"clearTextFirst":true,"interactionType":"ENTER_TEXT"}]}
RESULT: {"script":"<script> [776 bytes]","args":[{"enterText":"Romanian","selector":{"id":"application-managepartners-display-component---NewPartner--addressDetailDetailsLanguage","interaction":{"idSuffix":"inner"}},"clearTextFirst":true,"interactionType":"ENTER_TEXT"}]}
COMMAND: POST /session/aedfa18944cc4355ab8cbaedf6540575/element - {"using":"xpath","value":"//input[contains(@id ,\"application-managepartners-display-component---NewPartner--addressDetailDetailsName1-inner\")]"}
RESULT: {"using":"xpath","value":"//input[contains(@id ,\"application-managepartners-display-component---NewPartner--addressDetailDetailsName1-inner\")]"}
COMMAND: GET /session/aedfa18944cc4355ab8cbaedf6540575/element/f.694E2BBF071ECDE7169F205C0A1B1FBC.d.DFF03E86768EE408068BF3B12204F8F2.e.1683/property/value - {}
RESULT: {}
COMMAND: POST /session/aedfa18944cc4355ab8cbaedf6540575/execute/async - {"script":"<script> [1562 bytes]","args":[{"selector":{"id":"application-managepartners-display-component---NewPartner--addressDetailDetailsCity1","interaction":{"idSuffix":"inner"}},"wdio_ui5_key":"applicationmanagepartners-display-component---NewPartner--addressDetailDetailsCity1"}]}
COMMAND: GET /session/aedfa18944cc4355ab8cbaedf6540575/screenshot - {}
RESULT: {"script":"<script> [1562 bytes]","args":[{"selector":{"id":"application-managepartners-display-component---NewPartner--addressDetailDetailsCity1","interaction":{"idSuffix":"inner"}},"wdio_ui5_key":"applicationmanagepartners-display-component---NewPartner--addressDetailDetailsCity1"}]}
RESULT: undefined
COMMAND: POST /session/aedfa18944cc4355ab8cbaedf6540575/execute/async - {"script":"<script> [776 bytes]","args":[{"enterText":"Bucharest","selector":{"id":"application-managepartners-display-component---NewPartner--addressDetailDetailsCity1","interaction":{"idSuffix":"inner"}},"clearTextFirst":true,"interactionType":"ENTER_TEXT"}]}
RESULT: {}
RESULT: {"script":"<script> [776 bytes]","args":[{"enterText":"Bucharest","selector":{"id":"application-managepartners-display-component---NewPartner--addressDetailDetailsCity1","interaction":{"idSuffix":"inner"}},"clearTextFirst":true,"interactionType":"ENTER_TEXT"}]}
COMMAND: POST /session/aedfa18944cc4355ab8cbaedf6540575/execute/async - {"script":"<script> [1562 bytes]","args":[{"selector":{"id":"application-managepartners-display-component---NewPartner--addressDetailDetailsCountry","interaction":{"idSuffix":"inner"}},"wdio_ui5_key":"applicationmanagepartners-display-component---NewPartner--addressDetailDetailsCountry"}]}
RESULT: {"script":"<script> [1562 bytes]","args":[{"selector":{"id":"application-managepartners-display-component---NewPartner--addressDetailDetailsCountry","interaction":{"idSuffix":"inner"}},"wdio_ui5_key":"applicationmanagepartners-display-component---NewPartner--addressDetailDetailsCountry"}]}
RESULT: undefined
COMMAND: POST /session/aedfa18944cc4355ab8cbaedf6540575/execute/async - {"script":"<script> [6424 bytes]","args":[{"element-6066-11e4-a52e-4f735466cecf":"f.694E2BBF071ECDE7169F205C0A1B1FBC.d.DFF03E86768EE408068BF3B12204F8F2.e.1690"},"setValue",["Romania"]]}
RESULT: {"script":"<script> [6424 bytes]","args":[{"element-6066-11e4-a52e-4f735466cecf":"f.694E2BBF071ECDE7169F205C0A1B1FBC.d.DFF03E86768EE408068BF3B12204F8F2.e.1690"},"setValue",["Romania"]]}
COMMAND: POST /session/aedfa18944cc4355ab8cbaedf6540575/execute/async - {"script":"<script> [1562 bytes]","args":[{"selector":{"id":"application-managepartners-display-component---NewPartner--partnerDetailInternal","interaction":{"idSuffix":"inner"}},"wdio_ui5_key":"applicationmanagepartners-display-component---NewPartner--partnerDetailInternal"}]}
RESULT: {"script":"<script> [1562 bytes]","args":[{"selector":{"id":"application-managepartners-display-component---NewPartner--partnerDetailInternal","interaction":{"idSuffix":"inner"}},"wdio_ui5_key":"applicationmanagepartners-display-component---NewPartner--partnerDetailInternal"}]}
RESULT: undefined
COMMAND: POST /session/aedfa18944cc4355ab8cbaedf6540575/execute/async - {"script":"<script> [776 bytes]","args":[{"enterText":"External partner","selector":{"id":"application-managepartners-display-component---NewPartner--partnerDetailInternal","interaction":{"idSuffix":"inner"}},"clearTextFirst":true,"interactionType":"ENTER_TEXT"}]}
RESULT: {"script":"<script> [776 bytes]","args":[{"enterText":"External partner","selector":{"id":"application-managepartners-display-component---NewPartner--partnerDetailInternal","interaction":{"idSuffix":"inner"}},"clearTextFirst":true,"interactionType":"ENTER_TEXT"}]}
COMMAND: POST /session/aedfa18944cc4355ab8cbaedf6540575/execute/async - {"script":"<script> [1562 bytes]","args":[{"selector":{"id":"application-managepartners-display-component---NewPartner--partnerDetailsCurrency","interaction":{"idSuffix":"inner"}},"wdio_ui5_key":"applicationmanagepartners-display-component---NewPartner--partnerDetailsCurrency"}]}
RESULT: {"script":"<script> [1562 bytes]","args":[{"selector":{"id":"application-managepartners-display-component---NewPartner--partnerDetailsCurrency","interaction":{"idSuffix":"inner"}},"wdio_ui5_key":"applicationmanagepartners-display-component---NewPartner--partnerDetailsCurrency"}]}
RESULT: undefined
COMMAND: POST /session/aedfa18944cc4355ab8cbaedf6540575/execute/async - {"script":"<script> [776 bytes]","args":[{"enterText":"Euro","selector":{"id":"application-managepartners-display-component---NewPartner--partnerDetailsCurrency","interaction":{"idSuffix":"inner"}},"clearTextFirst":true,"interactionType":"ENTER_TEXT"}]}
RESULT: {"script":"<script> [776 bytes]","args":[{"enterText":"Euro","selector":{"id":"application-managepartners-display-component---NewPartner--partnerDetailsCurrency","interaction":{"idSuffix":"inner"}},"clearTextFirst":true,"interactionType":"ENTER_TEXT"}]}
COMMAND: POST /session/aedfa18944cc4355ab8cbaedf6540575/execute/async - {"script":"<script> [1562 bytes]","args":[{"selector":{"controlType":"sap.m.Button","viewName":"etm.portal.ui.managepartners.view.NewPartner","viewId":"application-managepartners-display-component---NewPartner","properties":{"text":"Commercial"},"interaction":{"idSuffix":"BDI-content"}},"wdio_ui5_key":"etmportal.ui.managepartners.view.NewPartnersap.m.Button{\"text\":\"Commercial\"}"}]}
RESULT: {"script":"<script> [1562 bytes]","args":[{"selector":{"controlType":"sap.m.Button","viewName":"etm.portal.ui.managepartners.view.NewPartner","viewId":"application-managepartners-display-component---NewPartner","properties":{"text":"Commercial"},"interaction":{"idSuffix":"BDI-content"}},"wdio_ui5_key":"etmportal.ui.managepartners.view.NewPartnersap.m.Button{\"text\":\"Commercial\"}"}]}
RESULT: undefined
COMMAND: POST /session/aedfa18944cc4355ab8cbaedf6540575/element - {"using":"xpath","value":"//*[@id=\"application-managepartners-display-component---NewPartner--ObjectPageLayout-anchBar-__section5-anchor\"]"}
RESULT: {"using":"xpath","value":"//*[@id=\"application-managepartners-display-component---NewPartner--ObjectPageLayout-anchBar-__section5-anchor\"]"}
COMMAND: POST /session/aedfa18944cc4355ab8cbaedf6540575/element/f.694E2BBF071ECDE7169F205C0A1B1FBC.d.DFF03E86768EE408068BF3B12204F8F2.e.1946/click - {}
RESULT: {}
COMMAND: GET /session/aedfa18944cc4355ab8cbaedf6540575/screenshot - {}
RESULT: {}
COMMAND: POST /session/aedfa18944cc4355ab8cbaedf6540575/execute/async - {"script":"<script> [1562 bytes]","args":[{"selector":{"id":"application-managepartners-display-component---NewPartner--btnAddTableRow-img"},"wdio_ui5_key":"applicationmanagepartners-display-component---NewPartner--btnAddTableRow-img"}]}
RESULT: {"script":"<script> [1562 bytes]","args":[{"selector":{"id":"application-managepartners-display-component---NewPartner--btnAddTableRow-img"},"wdio_ui5_key":"applicationmanagepartners-display-component---NewPartner--btnAddTableRow-img"}]}
RESULT: undefined
COMMAND: POST /session/aedfa18944cc4355ab8cbaedf6540575/element - {"using":"xpath","value":"//*[@id=\"application-managepartners-display-component---NewPartner--btnAddTableRow-img\"]"}
RESULT: {"using":"xpath","value":"//*[@id=\"application-managepartners-display-component---NewPartner--btnAddTableRow-img\"]"}
COMMAND: POST /session/aedfa18944cc4355ab8cbaedf6540575/element/f.694E2BBF071ECDE7169F205C0A1B1FBC.d.DFF03E86768EE408068BF3B12204F8F2.e.1953/click - {}
RESULT: {}
COMMAND: POST /session/aedfa18944cc4355ab8cbaedf6540575/element - {"using":"xpath","value":"//input[contains(@id ,\"application-managepartners-display-component---NewPartner--assignmentYard-application-managepartners-display-component---NewPartner\")]"}
COMMAND: GET /session/aedfa18944cc4355ab8cbaedf6540575/screenshot - {}
RESULT: {"using":"xpath","value":"//input[contains(@id ,\"application-managepartners-display-component---NewPartner--assignmentYard-application-managepartners-display-component---NewPartner\")]"}
COMMAND: POST /session/aedfa18944cc4355ab8cbaedf6540575/element/f.694E2BBF071ECDE7169F205C0A1B1FBC.d.DFF03E86768EE408068BF3B12204F8F2.e.1956/clear - {}
RESULT: {}
RESULT: {}
COMMAND: POST /session/aedfa18944cc4355ab8cbaedf6540575/element/f.694E2BBF071ECDE7169F205C0A1B1FBC.d.DFF03E86768EE408068BF3B12204F8F2.e.1956/value - {"text":"289"}
COMMAND: GET /session/aedfa18944cc4355ab8cbaedf6540575/screenshot - {}
RESULT: {"text":"289"}
COMMAND: POST /session/aedfa18944cc4355ab8cbaedf6540575/execute/async - {"script":"<script> [1562 bytes]","args":[{"selector":{"controlType":"sap.m.Button","viewName":"etm.portal.ui.managepartners.view.NewPartner","viewId":"application-managepartners-display-component---NewPartner","i18NText":{"propertyName":"text","key":"save"},"interaction":{"idSuffix":"BDI-content"}},"wdio_ui5_key":"etmportal.ui.managepartners.view.NewPartnersap.m.Button{\"propertyName\":\"text\",\"key\":\"save\"}"}]}
COMMAND: GET /session/aedfa18944cc4355ab8cbaedf6540575/screenshot - {}
RESULT: {}
RESULT: {"script":"<script> [1562 bytes]","args":[{"selector":{"controlType":"sap.m.Button","viewName":"etm.portal.ui.managepartners.view.NewPartner","viewId":"application-managepartners-display-component---NewPartner","i18NText":{"propertyName":"text","key":"save"},"interaction":{"idSuffix":"BDI-content"}},"wdio_ui5_key":"etmportal.ui.managepartners.view.NewPartnersap.m.Button{\"propertyName\":\"text\",\"key\":\"save\"}"}]}
RESULT: undefined
COMMAND: POST /session/aedfa18944cc4355ab8cbaedf6540575/element - {"using":"xpath","value":"//*[@id=\"__button12\"]"}
RESULT: {}
RESULT: {"using":"xpath","value":"//*[@id=\"__button12\"]"}
COMMAND: POST /session/aedfa18944cc4355ab8cbaedf6540575/element/f.694E2BBF071ECDE7169F205C0A1B1FBC.d.DFF03E86768EE408068BF3B12204F8F2.e.1928/click - {}
RESULT: {}
COMMAND: GET /session/aedfa18944cc4355ab8cbaedf6540575/screenshot - {}
RESULT: {}
COMMAND: POST /session/aedfa18944cc4355ab8cbaedf6540575/element - {"using":"xpath","value":"//header/div/div[2]/div[2]/span"}
RESULT: {"using":"xpath","value":"//header/div/div[2]/div[2]/span"}
COMMAND: GET /session/aedfa18944cc4355ab8cbaedf6540575/element/f.694E2BBF071ECDE7169F205C0A1B1FBC.d.DFF03E86768EE408068BF3B12204F8F2.e.2126/text - {}
RESULT: {}
COMMAND: POST /session/aedfa18944cc4355ab8cbaedf6540575/element - {"using":"xpath","value":"//header/div/div/div/div/div/div[2]/div/span"}
RESULT: {"using":"xpath","value":"//header/div/div/div/div/div/div[2]/div/span"}
COMMAND: GET /session/aedfa18944cc4355ab8cbaedf6540575/element/f.694E2BBF071ECDE7169F205C0A1B1FBC.d.DFF03E86768EE408068BF3B12204F8F2.e.2127/text - {}
RESULT: {}
COMMAND: POST /session/aedfa18944cc4355ab8cbaedf6540575/execute/async - {"script":"<script> [1562 bytes]","args":[{"selector":{"id":"application-managepartners-display-component---detailPtm--partnerType"},"wdio_ui5_key":"applicationmanagepartners-display-component---detailPtm--partnerType"}]}
RESULT: {"script":"<script> [1562 bytes]","args":[{"selector":{"id":"application-managepartners-display-component---detailPtm--partnerType"},"wdio_ui5_key":"applicationmanagepartners-display-component---detailPtm--partnerType"}]}
RESULT: undefined
COMMAND: POST /session/aedfa18944cc4355ab8cbaedf6540575/execute/async - {"script":"<script> [6424 bytes]","args":[{"element-6066-11e4-a52e-4f735466cecf":"f.694E2BBF071ECDE7169F205C0A1B1FBC.d.DFF03E86768EE408068BF3B12204F8F2.e.2128"},"getText",[]]}
RESULT: {"script":"<script> [6424 bytes]","args":[{"element-6066-11e4-a52e-4f735466cecf":"f.694E2BBF071ECDE7169F205C0A1B1FBC.d.DFF03E86768EE408068BF3B12204F8F2.e.2128"},"getText",[]]}
COMMAND: POST /session/aedfa18944cc4355ab8cbaedf6540575/element - {"using":"css selector","value":"#shell-header-logo"}
RESULT: {"using":"css selector","value":"#shell-header-logo"}
COMMAND: POST /session/aedfa18944cc4355ab8cbaedf6540575/element/f.694E2BBF071ECDE7169F205C0A1B1FBC.d.DFF03E86768EE408068BF3B12204F8F2.e.1353/click - {}
RESULT: {}
COMMAND: GET /session/aedfa18944cc4355ab8cbaedf6540575/screenshot - {}
RESULT: {}
COMMAND: POST /session/aedfa18944cc4355ab8cbaedf6540575/execute/async - {"script":"<script> [1562 bytes]","args":[{"selector":{"controlType":"sap.m.GenericTile","properties":{"header":"Manage Sites"}},"wdio_ui5_key":"sapm.GenericTile{\"header\":\"Manage Sites\"}"}]}
RESULT: {"script":"<script> [1562 bytes]","args":[{"selector":{"controlType":"sap.m.GenericTile","properties":{"header":"Manage Sites"}},"wdio_ui5_key":"sapm.GenericTile{\"header\":\"Manage Sites\"}"}]}
RESULT: undefined
COMMAND: POST /session/aedfa18944cc4355ab8cbaedf6540575/element - {"using":"xpath","value":"//*[@id=\"__tile51\"]"}
RESULT: {"using":"xpath","value":"//*[@id=\"__tile51\"]"}
COMMAND: POST /session/aedfa18944cc4355ab8cbaedf6540575/element/f.694E2BBF071ECDE7169F205C0A1B1FBC.d.DFF03E86768EE408068BF3B12204F8F2.e.2130/click - {}
RESULT: {}
COMMAND: GET /session/aedfa18944cc4355ab8cbaedf6540575/screenshot - {}
RESULT: {}
COMMAND: POST /session/aedfa18944cc4355ab8cbaedf6540575/execute/async - {"script":"<script> [1562 bytes]","args":[{"selector":{"controlType":"sap.ui.core.Icon","viewName":"etm.portal.ui.managesites.view.Master","viewId":"application-managesites-display-component---masterSite","properties":{"src":{"regex":{"source":"add"}}}},"wdio_ui5_key":"etmportal.ui.managesites.view.Mastersap.ui.core.Icon{\"src\":{\"regex\":{\"source\":\"add\"}}}"}]}
RESULT: {"script":"<script> [1562 bytes]","args":[{"selector":{"controlType":"sap.ui.core.Icon","viewName":"etm.portal.ui.managesites.view.Master","viewId":"application-managesites-display-component---masterSite","properties":{"src":{"regex":{"source":"add"}}}},"wdio_ui5_key":"etmportal.ui.managesites.view.Mastersap.ui.core.Icon{\"src\":{\"regex\":{\"source\":\"add\"}}}"}]}
RESULT: undefined
COMMAND: POST /session/aedfa18944cc4355ab8cbaedf6540575/element - {"using":"xpath","value":"//*[@id=\"__button52-img\"]"}
RESULT: {"using":"xpath","value":"//*[@id=\"__button52-img\"]"}
COMMAND: POST /session/aedfa18944cc4355ab8cbaedf6540575/element/f.694E2BBF071ECDE7169F205C0A1B1FBC.d.DFF03E86768EE408068BF3B12204F8F2.e.2178/click - {}
RESULT: {}
COMMAND: POST /session/aedfa18944cc4355ab8cbaedf6540575/execute/async - {"script":"<script> [1562 bytes]","args":[{"selector":{"id":"application-managesites-display-component---NewSite--siteId","interaction":{"idSuffix":"inner"}},"wdio_ui5_key":"applicationmanagesites-display-component---NewSite--siteId"}]}
COMMAND: GET /session/aedfa18944cc4355ab8cbaedf6540575/screenshot - {}
RESULT: {"script":"<script> [1562 bytes]","args":[{"selector":{"id":"application-managesites-display-component---NewSite--siteId","interaction":{"idSuffix":"inner"}},"wdio_ui5_key":"applicationmanagesites-display-component---NewSite--siteId"}]}
RESULT: undefined
COMMAND: POST /session/aedfa18944cc4355ab8cbaedf6540575/execute/async - {"script":"<script> [1562 bytes]","args":[{"selector":{"id":"application-managesites-display-component---NewSite--addressDetailDetailsName1","interaction":{"idSuffix":"inner"}},"wdio_ui5_key":"applicationmanagesites-display-component---NewSite--addressDetailDetailsName1"}]}
RESULT: {}
RESULT: {"script":"<script> [1562 bytes]","args":[{"selector":{"id":"application-managesites-display-component---NewSite--addressDetailDetailsName1","interaction":{"idSuffix":"inner"}},"wdio_ui5_key":"applicationmanagesites-display-component---NewSite--addressDetailDetailsName1"}]}
RESULT: undefined
COMMAND: POST /session/aedfa18944cc4355ab8cbaedf6540575/execute/async - {"script":"<script> [776 bytes]","args":[{"enterText":"WebdriverSitejn0ca","selector":{"id":"application-managesites-display-component---NewSite--addressDetailDetailsName1","interaction":{"idSuffix":"inner"}},"clearTextFirst":true,"interactionType":"ENTER_TEXT"}]}
RESULT: {"script":"<script> [776 bytes]","args":[{"enterText":"WebdriverSitejn0ca","selector":{"id":"application-managesites-display-component---NewSite--addressDetailDetailsName1","interaction":{"idSuffix":"inner"}},"clearTextFirst":true,"interactionType":"ENTER_TEXT"}]}
COMMAND: POST /session/aedfa18944cc4355ab8cbaedf6540575/execute/async - {"script":"<script> [1562 bytes]","args":[{"selector":{"id":"application-managesites-display-component---NewSite--addressDetailDetailsLanguage","interaction":{"idSuffix":"inner"}},"wdio_ui5_key":"applicationmanagesites-display-component---NewSite--addressDetailDetailsLanguage"}]}
RESULT: {"script":"<script> [1562 bytes]","args":[{"selector":{"id":"application-managesites-display-component---NewSite--addressDetailDetailsLanguage","interaction":{"idSuffix":"inner"}},"wdio_ui5_key":"applicationmanagesites-display-component---NewSite--addressDetailDetailsLanguage"}]}
RESULT: undefined
COMMAND: POST /session/aedfa18944cc4355ab8cbaedf6540575/execute/async - {"script":"<script> [776 bytes]","args":[{"enterText":"Romanian","selector":{"id":"application-managesites-display-component---NewSite--addressDetailDetailsLanguage","interaction":{"idSuffix":"inner"}},"clearTextFirst":true,"interactionType":"ENTER_TEXT"}]}
RESULT: {"script":"<script> [776 bytes]","args":[{"enterText":"Romanian","selector":{"id":"application-managesites-display-component---NewSite--addressDetailDetailsLanguage","interaction":{"idSuffix":"inner"}},"clearTextFirst":true,"interactionType":"ENTER_TEXT"}]}
COMMAND: POST /session/aedfa18944cc4355ab8cbaedf6540575/execute/async - {"script":"<script> [1562 bytes]","args":[{"selector":{"id":"application-managesites-display-component---NewSite--addressDetailDetailsCity1","interaction":{"idSuffix":"inner"}},"wdio_ui5_key":"applicationmanagesites-display-component---NewSite--addressDetailDetailsCity1"}]}
RESULT: {"script":"<script> [1562 bytes]","args":[{"selector":{"id":"application-managesites-display-component---NewSite--addressDetailDetailsCity1","interaction":{"idSuffix":"inner"}},"wdio_ui5_key":"applicationmanagesites-display-component---NewSite--addressDetailDetailsCity1"}]}
RESULT: undefined
COMMAND: POST /session/aedfa18944cc4355ab8cbaedf6540575/execute/async - {"script":"<script> [776 bytes]","args":[{"enterText":"Bucharest","selector":{"id":"application-managesites-display-component---NewSite--addressDetailDetailsCity1","interaction":{"idSuffix":"inner"}},"clearTextFirst":true,"interactionType":"ENTER_TEXT"}]}
RESULT: {"script":"<script> [776 bytes]","args":[{"enterText":"Bucharest","selector":{"id":"application-managesites-display-component---NewSite--addressDetailDetailsCity1","interaction":{"idSuffix":"inner"}},"clearTextFirst":true,"interactionType":"ENTER_TEXT"}]}
COMMAND: POST /session/aedfa18944cc4355ab8cbaedf6540575/execute/async - {"script":"<script> [1562 bytes]","args":[{"selector":{"id":"application-managesites-display-component---NewSite--addressDetailDetailsCountry","interaction":{"idSuffix":"inner"}},"wdio_ui5_key":"applicationmanagesites-display-component---NewSite--addressDetailDetailsCountry"}]}
RESULT: {"script":"<script> [1562 bytes]","args":[{"selector":{"id":"application-managesites-display-component---NewSite--addressDetailDetailsCountry","interaction":{"idSuffix":"inner"}},"wdio_ui5_key":"applicationmanagesites-display-component---NewSite--addressDetailDetailsCountry"}]}
RESULT: undefined
COMMAND: POST /session/aedfa18944cc4355ab8cbaedf6540575/execute/async - {"script":"<script> [776 bytes]","args":[{"enterText":"Romania","selector":{"id":"application-managesites-display-component---NewSite--addressDetailDetailsCountry","interaction":{"idSuffix":"inner"}},"clearTextFirst":true,"interactionType":"ENTER_TEXT"}]}
RESULT: {"script":"<script> [776 bytes]","args":[{"enterText":"Romania","selector":{"id":"application-managesites-display-component---NewSite--addressDetailDetailsCountry","interaction":{"idSuffix":"inner"}},"clearTextFirst":true,"interactionType":"ENTER_TEXT"}]}
COMMAND: POST /session/aedfa18944cc4355ab8cbaedf6540575/element - {"using":"css selector","value":"#application-managesites-display-component---NewSite--addressDetailDetailsCalendar-inner"}
RESULT: {"using":"css selector","value":"#application-managesites-display-component---NewSite--addressDetailDetailsCalendar-inner"}
COMMAND: POST /session/aedfa18944cc4355ab8cbaedf6540575/element/f.694E2BBF071ECDE7169F205C0A1B1FBC.d.DFF03E86768EE408068BF3B12204F8F2.e.2412/clear - {}
RESULT: {}
COMMAND: POST /session/aedfa18944cc4355ab8cbaedf6540575/element/f.694E2BBF071ECDE7169F205C0A1B1FBC.d.DFF03E86768EE408068BF3B12204F8F2.e.2412/value - {"text":"Germany"}
COMMAND: GET /session/aedfa18944cc4355ab8cbaedf6540575/screenshot - {}
RESULT: {"text":"Germany"}
COMMAND: POST /session/aedfa18944cc4355ab8cbaedf6540575/execute/async - {"script":"<script> [1562 bytes]","args":[{"selector":{"id":"application-managesites-display-component---NewSite--addressEditDetailsCostObjectCstType-arrow"},"wdio_ui5_key":"applicationmanagesites-display-component---NewSite--addressEditDetailsCostObjectCstType-arrow"}]}
COMMAND: GET /session/aedfa18944cc4355ab8cbaedf6540575/screenshot - {}
RESULT: {}
RESULT: {"script":"<script> [1562 bytes]","args":[{"selector":{"id":"application-managesites-display-component---NewSite--addressEditDetailsCostObjectCstType-arrow"},"wdio_ui5_key":"applicationmanagesites-display-component---NewSite--addressEditDetailsCostObjectCstType-arrow"}]}
RESULT: undefined
COMMAND: POST /session/aedfa18944cc4355ab8cbaedf6540575/element - {"using":"xpath","value":"//*[@id=\"application-managesites-display-component---NewSite--addressEditDetailsCostObjectCstType-arrow\"]"}
RESULT: {}
RESULT: {"using":"xpath","value":"//*[@id=\"application-managesites-display-component---NewSite--addressEditDetailsCostObjectCstType-arrow\"]"}
COMMAND: POST /session/aedfa18944cc4355ab8cbaedf6540575/element/f.694E2BBF071ECDE7169F205C0A1B1FBC.d.DFF03E86768EE408068BF3B12204F8F2.e.2621/click - {}
RESULT: {}
COMMAND: POST /session/aedfa18944cc4355ab8cbaedf6540575/element - {"using":"xpath","value":"//span[contains(text(), \"Work Breakdown Structure\")]"}
COMMAND: GET /session/aedfa18944cc4355ab8cbaedf6540575/screenshot - {}
RESULT: {"using":"xpath","value":"//span[contains(text(), \"Work Breakdown Structure\")]"}
COMMAND: POST /session/aedfa18944cc4355ab8cbaedf6540575/element/f.694E2BBF071ECDE7169F205C0A1B1FBC.d.DFF03E86768EE408068BF3B12204F8F2.e.2622/click - {}
RESULT: {}
RESULT: {}
COMMAND: GET /session/aedfa18944cc4355ab8cbaedf6540575/screenshot - {}
RESULT: {}
COMMAND: POST /session/aedfa18944cc4355ab8cbaedf6540575/execute/async - {"script":"<script> [1562 bytes]","args":[{"selector":{"id":"application-managesites-display-component---NewSite--addressNewCostObjectCstID-vhi"},"wdio_ui5_key":"applicationmanagesites-display-component---NewSite--addressNewCostObjectCstID-vhi"}]}
RESULT: {"script":"<script> [1562 bytes]","args":[{"selector":{"id":"application-managesites-display-component---NewSite--addressNewCostObjectCstID-vhi"},"wdio_ui5_key":"applicationmanagesites-display-component---NewSite--addressNewCostObjectCstID-vhi"}]}
RESULT: undefined
COMMAND: POST /session/aedfa18944cc4355ab8cbaedf6540575/element - {"using":"xpath","value":"//*[@id=\"application-managesites-display-component---NewSite--addressNewCostObjectCstID-vhi\"]"}
RESULT: {"using":"xpath","value":"//*[@id=\"application-managesites-display-component---NewSite--addressNewCostObjectCstID-vhi\"]"}
COMMAND: POST /session/aedfa18944cc4355ab8cbaedf6540575/element/f.694E2BBF071ECDE7169F205C0A1B1FBC.d.DFF03E86768EE408068BF3B12204F8F2.e.2625/click - {}
RESULT: {}
COMMAND: GET /session/aedfa18944cc4355ab8cbaedf6540575/screenshot - {}
RESULT: {}
COMMAND: POST /session/aedfa18944cc4355ab8cbaedf6540575/execute/async - {"script":"<script> [1562 bytes]","args":[{"selector":{"controlType":"sap.m.SearchField","properties":{"placeholder":"Search"},"searchOpenDialogs":true,"interaction":{"idSuffix":"I"}},"wdio_ui5_key":"sapm.SearchField{\"placeholder\":\"Search\"}"}]}
RESULT: {"script":"<script> [1562 bytes]","args":[{"selector":{"controlType":"sap.m.SearchField","properties":{"placeholder":"Search"},"searchOpenDialogs":true,"interaction":{"idSuffix":"I"}},"wdio_ui5_key":"sapm.SearchField{\"placeholder\":\"Search\"}"}]}
RESULT: undefined
COMMAND: POST /session/aedfa18944cc4355ab8cbaedf6540575/execute/async - {"script":"<script> [776 bytes]","args":[{"enterText":"A1-000100-01","selector":{"controlType":"sap.m.SearchField","properties":{"placeholder":"Search"},"searchOpenDialogs":true,"interaction":{"idSuffix":"I"}},"clearTextFirst":true,"interactionType":"ENTER_TEXT"}]}
RESULT: {"script":"<script> [776 bytes]","args":[{"enterText":"A1-000100-01","selector":{"controlType":"sap.m.SearchField","properties":{"placeholder":"Search"},"searchOpenDialogs":true,"interaction":{"idSuffix":"I"}},"clearTextFirst":true,"interactionType":"ENTER_TEXT"}]}
COMMAND: POST /session/aedfa18944cc4355ab8cbaedf6540575/actions - {"actions":[{"id":"action3","type":"key","parameters":{},"actions":[{"type":"keyDown","value":""},{"type":"pause","duration":10},{"type":"keyUp","value":""}]}]}
RESULT: {"actions":[{"id":"action3","type":"key","parameters":{},"actions":[{"type":"keyDown","value":""},{"type":"pause","duration":10},{"type":"keyUp","value":""}]}]}
COMMAND: GET /session/aedfa18944cc4355ab8cbaedf6540575/screenshot - {}
RESULT: {}
COMMAND: POST /session/aedfa18944cc4355ab8cbaedf6540575/element - {"using":"xpath","value":"//span[contains(text(), \"Template for ETO-Process\")]"}
RESULT: {"using":"xpath","value":"//span[contains(text(), \"Template for ETO-Process\")]"}
COMMAND: POST /session/aedfa18944cc4355ab8cbaedf6540575/element/f.694E2BBF071ECDE7169F205C0A1B1FBC.d.DFF03E86768EE408068BF3B12204F8F2.e.2644/click - {}
RESULT: {}
COMMAND: GET /session/aedfa18944cc4355ab8cbaedf6540575/screenshot - {}
RESULT: {}
COMMAND: POST /session/aedfa18944cc4355ab8cbaedf6540575/element - {"using":"xpath","value":"//bdi[contains(text(), \"OK\")]"}
RESULT: {"using":"xpath","value":"//bdi[contains(text(), \"OK\")]"}
COMMAND: POST /session/aedfa18944cc4355ab8cbaedf6540575/element/f.694E2BBF071ECDE7169F205C0A1B1FBC.d.DFF03E86768EE408068BF3B12204F8F2.e.2645/click - {}
RESULT: {}
COMMAND: GET /session/aedfa18944cc4355ab8cbaedf6540575/screenshot - {}
RESULT: {}
COMMAND: POST /session/aedfa18944cc4355ab8cbaedf6540575/element - {"using":"xpath","value":"//input[@id=\"application-managesites-display-component---NewSite--addressDetailDetailsYard-inner\"]"}
RESULT: {"using":"xpath","value":"//input[@id=\"application-managesites-display-component---NewSite--addressDetailDetailsYard-inner\"]"}
COMMAND: POST /session/aedfa18944cc4355ab8cbaedf6540575/element/f.694E2BBF071ECDE7169F205C0A1B1FBC.d.DFF03E86768EE408068BF3B12204F8F2.e.2413/value - {"text":"289"}
RESULT: {"text":"289"}
COMMAND: GET /session/aedfa18944cc4355ab8cbaedf6540575/screenshot - {}
RESULT: {}
COMMAND: POST /session/aedfa18944cc4355ab8cbaedf6540575/actions - {"actions":[{"id":"action4","type":"key","parameters":{},"actions":[{"type":"keyDown","value":""},{"type":"pause","duration":10},{"type":"keyUp","value":""}]}]}
RESULT: {"actions":[{"id":"action4","type":"key","parameters":{},"actions":[{"type":"keyDown","value":""},{"type":"pause","duration":10},{"type":"keyUp","value":""}]}]}
COMMAND: GET /session/aedfa18944cc4355ab8cbaedf6540575/screenshot - {}
RESULT: {}
COMMAND: POST /session/aedfa18944cc4355ab8cbaedf6540575/element - {"using":"xpath","value":"//input[@id=\"application-managesites-display-component---NewSite--addressDetailDetailsPartner-inner\"]"}
RESULT: {"using":"xpath","value":"//input[@id=\"application-managesites-display-component---NewSite--addressDetailDetailsPartner-inner\"]"}
COMMAND: POST /session/aedfa18944cc4355ab8cbaedf6540575/elements - {"using":"xpath","value":"//input[@id=\"application-managesites-display-component---NewSite--addressDetailDetailsPartner-inner\"]"}
RESULT: {"using":"xpath","value":"//input[@id=\"application-managesites-display-component---NewSite--addressDetailDetailsPartner-inner\"]"}
COMMAND: POST /session/aedfa18944cc4355ab8cbaedf6540575/execute/async - {"script":"<script> [1562 bytes]","args":[{"selector":{"controlType":"sap.m.Button","viewName":"etm.portal.ui.managesites.view.NewSmartSite","viewId":"application-managesites-display-component---NewSite","properties":{"text":"Commercial"},"interaction":{"idSuffix":"BDI-content"}},"wdio_ui5_key":"etmportal.ui.managesites.view.NewSmartSitesap.m.Button{\"text\":\"Commercial\"}"}]}
RESULT: {"script":"<script> [1562 bytes]","args":[{"selector":{"controlType":"sap.m.Button","viewName":"etm.portal.ui.managesites.view.NewSmartSite","viewId":"application-managesites-display-component---NewSite","properties":{"text":"Commercial"},"interaction":{"idSuffix":"BDI-content"}},"wdio_ui5_key":"etmportal.ui.managesites.view.NewSmartSitesap.m.Button{\"text\":\"Commercial\"}"}]}
RESULT: undefined
COMMAND: POST /session/aedfa18944cc4355ab8cbaedf6540575/element - {"using":"xpath","value":"//*[@id=\"application-managesites-display-component---NewSite--ObjectPageLayout-anchBar-__section31-anchor\"]"}
RESULT: {"using":"xpath","value":"//*[@id=\"application-managesites-display-component---NewSite--ObjectPageLayout-anchBar-__section31-anchor\"]"}
COMMAND: POST /session/aedfa18944cc4355ab8cbaedf6540575/element/f.694E2BBF071ECDE7169F205C0A1B1FBC.d.DFF03E86768EE408068BF3B12204F8F2.e.2652/click - {}
RESULT: {}
COMMAND: POST /session/aedfa18944cc4355ab8cbaedf6540575/execute/async - {"script":"<script> [1562 bytes]","args":[{"selector":{"controlType":"sap.m.Button","viewName":"etm.portal.ui.managesites.view.NewSmartSite","viewId":"application-managesites-display-component---NewSite","i18NText":{"propertyName":"text","key":"save"},"interaction":{"idSuffix":"BDI-content"}},"wdio_ui5_key":"etmportal.ui.managesites.view.NewSmartSitesap.m.Button{\"propertyName\":\"text\",\"key\":\"save\"}"}]}
COMMAND: GET /session/aedfa18944cc4355ab8cbaedf6540575/screenshot - {}
RESULT: {"script":"<script> [1562 bytes]","args":[{"selector":{"controlType":"sap.m.Button","viewName":"etm.portal.ui.managesites.view.NewSmartSite","viewId":"application-managesites-display-component---NewSite","i18NText":{"propertyName":"text","key":"save"},"interaction":{"idSuffix":"BDI-content"}},"wdio_ui5_key":"etmportal.ui.managesites.view.NewSmartSitesap.m.Button{\"propertyName\":\"text\",\"key\":\"save\"}"}]}
RESULT: undefined
COMMAND: POST /session/aedfa18944cc4355ab8cbaedf6540575/element - {"using":"xpath","value":"//*[@id=\"__button64\"]"}
RESULT: {}
RESULT: {"using":"xpath","value":"//*[@id=\"__button64\"]"}
COMMAND: POST /session/aedfa18944cc4355ab8cbaedf6540575/element/f.694E2BBF071ECDE7169F205C0A1B1FBC.d.DFF03E86768EE408068BF3B12204F8F2.e.2566/click - {}
RESULT: {}
COMMAND: GET /session/aedfa18944cc4355ab8cbaedf6540575/screenshot - {}
RESULT: {}
COMMAND: POST /session/aedfa18944cc4355ab8cbaedf6540575/execute/async - {"script":"<script> [1562 bytes]","args":[{"selector":{"id":"application-managesites-display-component---detailSite--addressDetailDetailsYardText"},"wdio_ui5_key":"applicationmanagesites-display-component---detailSite--addressDetailDetailsYardText"}]}
RESULT: {"script":"<script> [1562 bytes]","args":[{"selector":{"id":"application-managesites-display-component---detailSite--addressDetailDetailsYardText"},"wdio_ui5_key":"applicationmanagesites-display-component---detailSite--addressDetailDetailsYardText"}]}
RESULT: undefined
COMMAND: POST /session/aedfa18944cc4355ab8cbaedf6540575/element - {"using":"xpath","value":"//header/div/div[2]/div[2]/span"}
RESULT: {"using":"xpath","value":"//header/div/div[2]/div[2]/span"}
COMMAND: GET /session/aedfa18944cc4355ab8cbaedf6540575/element/f.694E2BBF071ECDE7169F205C0A1B1FBC.d.DFF03E86768EE408068BF3B12204F8F2.e.2833/text - {}
RESULT: {}
COMMAND: POST /session/aedfa18944cc4355ab8cbaedf6540575/element - {"using":"xpath","value":"//header/div/div/div/div/div/div[2]/div/span"}
RESULT: {"using":"xpath","value":"//header/div/div/div/div/div/div[2]/div/span"}
COMMAND: GET /session/aedfa18944cc4355ab8cbaedf6540575/element/f.694E2BBF071ECDE7169F205C0A1B1FBC.d.DFF03E86768EE408068BF3B12204F8F2.e.2834/text - {}
RESULT: {}
COMMAND: POST /session/aedfa18944cc4355ab8cbaedf6540575/element - {"using":"css selector","value":"#shell-header-logo"}
RESULT: {"using":"css selector","value":"#shell-header-logo"}
COMMAND: POST /session/aedfa18944cc4355ab8cbaedf6540575/element/f.694E2BBF071ECDE7169F205C0A1B1FBC.d.DFF03E86768EE408068BF3B12204F8F2.e.2135/click - {}
RESULT: {}
COMMAND: GET /session/aedfa18944cc4355ab8cbaedf6540575/screenshot - {}
RESULT: {}
]]></system-out>
    </testcase>
    <testcase classname="chrome.135_0_7049_42.windows.E2E_-_Logistical_and_commercial_statuses" name="It should stock increase the resource" time="243.941">
      <system-out><![CDATA[
COMMAND: POST /session/aedfa18944cc4355ab8cbaedf6540575/execute/async - {"script":"<script> [1562 bytes]","args":[{"selector":{"controlType":"sap.m.GenericTile","properties":{"header":"Manage Resources"}},"wdio_ui5_key":"sapm.GenericTile{\"header\":\"Manage Resources\"}"}]}
RESULT: {"script":"<script> [1562 bytes]","args":[{"selector":{"controlType":"sap.m.GenericTile","properties":{"header":"Manage Resources"}},"wdio_ui5_key":"sapm.GenericTile{\"header\":\"Manage Resources\"}"}]}
RESULT: undefined
COMMAND: POST /session/aedfa18944cc4355ab8cbaedf6540575/element - {"using":"xpath","value":"//*[@id=\"__tile50\"]"}
RESULT: {"using":"xpath","value":"//*[@id=\"__tile50\"]"}
COMMAND: POST /session/aedfa18944cc4355ab8cbaedf6540575/element/f.694E2BBF071ECDE7169F205C0A1B1FBC.d.DFF03E86768EE408068BF3B12204F8F2.e.2836/click - {}
RESULT: {}
COMMAND: GET /session/aedfa18944cc4355ab8cbaedf6540575/screenshot - {}
RESULT: {}
RESULT: undefined
RESULT: undefined
COMMAND: POST /session/aedfa18944cc4355ab8cbaedf6540575/element - {"using":"xpath","value":"//button[@data-kt=\"addNewRUOverflowToolbarButton\"]"}
RESULT: {"using":"xpath","value":"//button[@data-kt=\"addNewRUOverflowToolbarButton\"]"}
COMMAND: POST /session/aedfa18944cc4355ab8cbaedf6540575/element - {"using":"xpath","value":"//button[@data-kt=\"addNewRUOverflowToolbarButton\"]"}
RESULT: {"using":"xpath","value":"//button[@data-kt=\"addNewRUOverflowToolbarButton\"]"}
COMMAND: POST /session/aedfa18944cc4355ab8cbaedf6540575/element - {"using":"xpath","value":"//button[@data-kt=\"addNewRUOverflowToolbarButton\"]"}
RESULT: {"using":"xpath","value":"//button[@data-kt=\"addNewRUOverflowToolbarButton\"]"}
COMMAND: POST /session/aedfa18944cc4355ab8cbaedf6540575/element - {"using":"xpath","value":"//button[@data-kt=\"addNewRUOverflowToolbarButton\"]"}
RESULT: {"using":"xpath","value":"//button[@data-kt=\"addNewRUOverflowToolbarButton\"]"}
COMMAND: POST /session/aedfa18944cc4355ab8cbaedf6540575/execute/sync - {"script":"<script> [8489 bytes]","args":[{"element-6066-11e4-a52e-4f735466cecf":"f.694E2BBF071ECDE7169F205C0A1B1FBC.d.DFF03E86768EE408068BF3B12204F8F2.e.2877","ELEMENT":"f.694E2BBF071ECDE7169F205C0A1B1FBC.d.DFF03E86768EE408068BF3B12204F8F2.e.2877"}]}
RESULT: {"script":"<script> [8489 bytes]","args":[{"element-6066-11e4-a52e-4f735466cecf":"f.694E2BBF071ECDE7169F205C0A1B1FBC.d.DFF03E86768EE408068BF3B12204F8F2.e.2877","ELEMENT":"f.694E2BBF071ECDE7169F205C0A1B1FBC.d.DFF03E86768EE408068BF3B12204F8F2.e.2877"}]}
COMMAND: POST /session/aedfa18944cc4355ab8cbaedf6540575/element/f.694E2BBF071ECDE7169F205C0A1B1FBC.d.DFF03E86768EE408068BF3B12204F8F2.e.2877/click - {}
COMMAND: GET /session/aedfa18944cc4355ab8cbaedf6540575/screenshot - {}
RESULT: {}
COMMAND: POST /session/aedfa18944cc4355ab8cbaedf6540575/execute/async - {"script":"<script> [1562 bytes]","args":[{"selector":{"id":"application-manageresources-display-component---newResourceUnit--TYPE-arrow"},"wdio_ui5_key":"applicationmanageresources-display-component---newResourceUnit--TYPE-arrow"}]}
COMMAND: GET /session/aedfa18944cc4355ab8cbaedf6540575/screenshot - {}
RESULT: {}
RESULT: {"script":"<script> [1562 bytes]","args":[{"selector":{"id":"application-manageresources-display-component---newResourceUnit--TYPE-arrow"},"wdio_ui5_key":"applicationmanageresources-display-component---newResourceUnit--TYPE-arrow"}]}
RESULT: undefined
COMMAND: POST /session/aedfa18944cc4355ab8cbaedf6540575/element - {"using":"xpath","value":"//*[@id=\"application-manageresources-display-component---newResourceUnit--TYPE-arrow\"]"}
RESULT: {}
RESULT: {"using":"xpath","value":"//*[@id=\"application-manageresources-display-component---newResourceUnit--TYPE-arrow\"]"}
COMMAND: POST /session/aedfa18944cc4355ab8cbaedf6540575/element/f.694E2BBF071ECDE7169F205C0A1B1FBC.d.DFF03E86768EE408068BF3B12204F8F2.e.3308/click - {}
RESULT: {}
COMMAND: POST /session/aedfa18944cc4355ab8cbaedf6540575/execute/async - {"script":"<script> [1562 bytes]","args":[{"selector":{"controlType":"sap.m.StandardListItem","viewName":"reusables.view.manageresources.NewResourceUnit","viewId":"application-manageresources-display-component---newResourceUnit","properties":{"title":"Material"},"searchOpenDialogs":true,"interaction":{"idSuffix":"titleText"}},"wdio_ui5_key":"reusablesview.manageresources.NewResourceUnitsap.m.StandardListItem{\"title\":\"Material\"}"}]}
COMMAND: GET /session/aedfa18944cc4355ab8cbaedf6540575/screenshot - {}
RESULT: {"script":"<script> [1562 bytes]","args":[{"selector":{"controlType":"sap.m.StandardListItem","viewName":"reusables.view.manageresources.NewResourceUnit","viewId":"application-manageresources-display-component---newResourceUnit","properties":{"title":"Material"},"searchOpenDialogs":true,"interaction":{"idSuffix":"titleText"}},"wdio_ui5_key":"reusablesview.manageresources.NewResourceUnitsap.m.StandardListItem{\"title\":\"Material\"}"}]}
RESULT: undefined
COMMAND: POST /session/aedfa18944cc4355ab8cbaedf6540575/element - {"using":"xpath","value":"//*[@id=\"__item890\"]"}
RESULT: {}
RESULT: {"using":"xpath","value":"//*[@id=\"__item890\"]"}
COMMAND: POST /session/aedfa18944cc4355ab8cbaedf6540575/element/f.694E2BBF071ECDE7169F205C0A1B1FBC.d.DFF03E86768EE408068BF3B12204F8F2.e.3311/click - {}
RESULT: {}
COMMAND: POST /session/aedfa18944cc4355ab8cbaedf6540575/execute/async - {"script":"<script> [1562 bytes]","args":[{"selector":{"id":"application-manageresources-display-component---newResourceUnit--SHORT_TEXT","interaction":{"idSuffix":"inner"}},"wdio_ui5_key":"applicationmanageresources-display-component---newResourceUnit--SHORT_TEXT"}]}
COMMAND: GET /session/aedfa18944cc4355ab8cbaedf6540575/screenshot - {}
RESULT: {"script":"<script> [1562 bytes]","args":[{"selector":{"id":"application-manageresources-display-component---newResourceUnit--SHORT_TEXT","interaction":{"idSuffix":"inner"}},"wdio_ui5_key":"applicationmanageresources-display-component---newResourceUnit--SHORT_TEXT"}]}
RESULT: undefined
COMMAND: POST /session/aedfa18944cc4355ab8cbaedf6540575/execute/async - {"script":"<script> [776 bytes]","args":[{"enterText":"WebdriverRUR2C132yj","selector":{"id":"application-manageresources-display-component---newResourceUnit--SHORT_TEXT","interaction":{"idSuffix":"inner"}},"clearTextFirst":true,"interactionType":"ENTER_TEXT"}]}
RESULT: {}
RESULT: {"script":"<script> [776 bytes]","args":[{"enterText":"WebdriverRUR2C132yj","selector":{"id":"application-manageresources-display-component---newResourceUnit--SHORT_TEXT","interaction":{"idSuffix":"inner"}},"clearTextFirst":true,"interactionType":"ENTER_TEXT"}]}
COMMAND: POST /session/aedfa18944cc4355ab8cbaedf6540575/execute/async - {"script":"<script> [1562 bytes]","args":[{"selector":{"id":"application-manageresources-display-component---newResourceUnit--BASE_UNIT_OF_MEASURE-arrow"},"wdio_ui5_key":"applicationmanageresources-display-component---newResourceUnit--BASE_UNIT_OF_MEASURE-arrow"}]}
RESULT: {"script":"<script> [1562 bytes]","args":[{"selector":{"id":"application-manageresources-display-component---newResourceUnit--BASE_UNIT_OF_MEASURE-arrow"},"wdio_ui5_key":"applicationmanageresources-display-component---newResourceUnit--BASE_UNIT_OF_MEASURE-arrow"}]}
RESULT: undefined
COMMAND: POST /session/aedfa18944cc4355ab8cbaedf6540575/element - {"using":"xpath","value":"//*[@id=\"application-manageresources-display-component---newResourceUnit--BASE_UNIT_OF_MEASURE-arrow\"]"}
RESULT: {"using":"xpath","value":"//*[@id=\"application-manageresources-display-component---newResourceUnit--BASE_UNIT_OF_MEASURE-arrow\"]"}
COMMAND: POST /session/aedfa18944cc4355ab8cbaedf6540575/element/f.694E2BBF071ECDE7169F205C0A1B1FBC.d.DFF03E86768EE408068BF3B12204F8F2.e.3368/click - {}
RESULT: {}
COMMAND: POST /session/aedfa18944cc4355ab8cbaedf6540575/execute/async - {"script":"<script> [1562 bytes]","args":[{"selector":{"controlType":"sap.m.StandardListItem","viewName":"reusables.view.manageresources.NewResourceUnit","viewId":"application-manageresources-display-component---newResourceUnit","properties":{"title":"Piece"},"searchOpenDialogs":true,"interaction":{"idSuffix":"titleText"}},"wdio_ui5_key":"reusablesview.manageresources.NewResourceUnitsap.m.StandardListItem{\"title\":\"Piece\"}"}]}
COMMAND: GET /session/aedfa18944cc4355ab8cbaedf6540575/screenshot - {}
RESULT: {"script":"<script> [1562 bytes]","args":[{"selector":{"controlType":"sap.m.StandardListItem","viewName":"reusables.view.manageresources.NewResourceUnit","viewId":"application-manageresources-display-component---newResourceUnit","properties":{"title":"Piece"},"searchOpenDialogs":true,"interaction":{"idSuffix":"titleText"}},"wdio_ui5_key":"reusablesview.manageresources.NewResourceUnitsap.m.StandardListItem{\"title\":\"Piece\"}"}]}
RESULT: undefined
COMMAND: POST /session/aedfa18944cc4355ab8cbaedf6540575/element - {"using":"xpath","value":"//*[@id=\"__item934\"]"}
RESULT: {}
RESULT: {"using":"xpath","value":"//*[@id=\"__item934\"]"}
COMMAND: POST /session/aedfa18944cc4355ab8cbaedf6540575/element/f.694E2BBF071ECDE7169F205C0A1B1FBC.d.DFF03E86768EE408068BF3B12204F8F2.e.3370/click - {}
RESULT: {}
COMMAND: POST /session/aedfa18944cc4355ab8cbaedf6540575/element - {"using":"xpath","value":"//input[contains(@id ,\"application-manageresources-display-component---newResourceUnit--SHORT_TEXT-inner\")]"}
COMMAND: GET /session/aedfa18944cc4355ab8cbaedf6540575/screenshot - {}
RESULT: {"using":"xpath","value":"//input[contains(@id ,\"application-manageresources-display-component---newResourceUnit--SHORT_TEXT-inner\")]"}
COMMAND: GET /session/aedfa18944cc4355ab8cbaedf6540575/element/f.694E2BBF071ECDE7169F205C0A1B1FBC.d.DFF03E86768EE408068BF3B12204F8F2.e.3329/property/value - {}
RESULT: {}
RESULT: {}
COMMAND: POST /session/aedfa18944cc4355ab8cbaedf6540575/execute/async - {"script":"<script> [1562 bytes]","args":[{"selector":{"id":"application-manageresources-display-component---newResourceUnit--WEIGHT_UNIT-arrow"},"wdio_ui5_key":"applicationmanageresources-display-component---newResourceUnit--WEIGHT_UNIT-arrow"}]}
COMMAND: GET /session/aedfa18944cc4355ab8cbaedf6540575/screenshot - {}
RESULT: {"script":"<script> [1562 bytes]","args":[{"selector":{"id":"application-manageresources-display-component---newResourceUnit--WEIGHT_UNIT-arrow"},"wdio_ui5_key":"applicationmanageresources-display-component---newResourceUnit--WEIGHT_UNIT-arrow"}]}
RESULT: undefined
COMMAND: POST /session/aedfa18944cc4355ab8cbaedf6540575/element - {"using":"xpath","value":"//*[@id=\"application-manageresources-display-component---newResourceUnit--WEIGHT_UNIT-arrow\"]"}
RESULT: {}
RESULT: {"using":"xpath","value":"//*[@id=\"application-manageresources-display-component---newResourceUnit--WEIGHT_UNIT-arrow\"]"}
COMMAND: POST /session/aedfa18944cc4355ab8cbaedf6540575/element/f.694E2BBF071ECDE7169F205C0A1B1FBC.d.DFF03E86768EE408068BF3B12204F8F2.e.3371/click - {}
RESULT: {}
COMMAND: POST /session/aedfa18944cc4355ab8cbaedf6540575/execute/async - {"script":"<script> [1562 bytes]","args":[{"selector":{"controlType":"sap.m.StandardListItem","viewName":"reusables.view.manageresources.NewResourceUnit","viewId":"application-manageresources-display-component---newResourceUnit","properties":{"title":"Gram"},"searchOpenDialogs":true,"interaction":{"idSuffix":"content"}},"wdio_ui5_key":"reusablesview.manageresources.NewResourceUnitsap.m.StandardListItem{\"title\":\"Gram\"}"}]}
COMMAND: GET /session/aedfa18944cc4355ab8cbaedf6540575/screenshot - {}
RESULT: {"script":"<script> [1562 bytes]","args":[{"selector":{"controlType":"sap.m.StandardListItem","viewName":"reusables.view.manageresources.NewResourceUnit","viewId":"application-manageresources-display-component---newResourceUnit","properties":{"title":"Gram"},"searchOpenDialogs":true,"interaction":{"idSuffix":"content"}},"wdio_ui5_key":"reusablesview.manageresources.NewResourceUnitsap.m.StandardListItem{\"title\":\"Gram\"}"}]}
RESULT: undefined
COMMAND: POST /session/aedfa18944cc4355ab8cbaedf6540575/element - {"using":"xpath","value":"//*[@id=\"__item999\"]"}
RESULT: {}
RESULT: {"using":"xpath","value":"//*[@id=\"__item999\"]"}
COMMAND: POST /session/aedfa18944cc4355ab8cbaedf6540575/element/f.694E2BBF071ECDE7169F205C0A1B1FBC.d.DFF03E86768EE408068BF3B12204F8F2.e.3373/click - {}
RESULT: {}
COMMAND: POST /session/aedfa18944cc4355ab8cbaedf6540575/execute/async - {"script":"<script> [1562 bytes]","args":[{"selector":{"id":"application-manageresources-display-component---newResourceUnit--newRRUPage-OPHeaderContent-collapseBtn-img"},"wdio_ui5_key":"applicationmanageresources-display-component---newResourceUnit--newRRUPage-OPHeaderContent-collapseBtn-img"}]}
COMMAND: GET /session/aedfa18944cc4355ab8cbaedf6540575/screenshot - {}
RESULT: {"script":"<script> [1562 bytes]","args":[{"selector":{"id":"application-manageresources-display-component---newResourceUnit--newRRUPage-OPHeaderContent-collapseBtn-img"},"wdio_ui5_key":"applicationmanageresources-display-component---newResourceUnit--newRRUPage-OPHeaderContent-collapseBtn-img"}]}
RESULT: undefined
COMMAND: POST /session/aedfa18944cc4355ab8cbaedf6540575/element - {"using":"xpath","value":"//*[@id=\"application-manageresources-display-component---newResourceUnit--newRRUPage-OPHeaderContent-collapseBtn-img\"]"}
RESULT: {}
RESULT: {"using":"xpath","value":"//*[@id=\"application-manageresources-display-component---newResourceUnit--newRRUPage-OPHeaderContent-collapseBtn-img\"]"}
COMMAND: POST /session/aedfa18944cc4355ab8cbaedf6540575/element/f.694E2BBF071ECDE7169F205C0A1B1FBC.d.DFF03E86768EE408068BF3B12204F8F2.e.3319/click - {}
RESULT: {}
COMMAND: GET /session/aedfa18944cc4355ab8cbaedf6540575/screenshot - {}
RESULT: {}
COMMAND: POST /session/aedfa18944cc4355ab8cbaedf6540575/element - {"using":"xpath","value":"(//span[contains(@id ,\"application-manageresources-display-component---newResourceUnit--DIMENSION_UNIT-arrow\")])[1]"}
RESULT: {"using":"xpath","value":"(//span[contains(@id ,\"application-manageresources-display-component---newResourceUnit--DIMENSION_UNIT-arrow\")])[1]"}
COMMAND: POST /session/aedfa18944cc4355ab8cbaedf6540575/element/f.694E2BBF071ECDE7169F205C0A1B1FBC.d.DFF03E86768EE408068BF3B12204F8F2.e.3379/click - {}
RESULT: {}
COMMAND: GET /session/aedfa18944cc4355ab8cbaedf6540575/screenshot - {}
RESULT: {}
COMMAND: POST /session/aedfa18944cc4355ab8cbaedf6540575/execute/async - {"script":"<script> [1562 bytes]","args":[{"selector":{"controlType":"sap.m.StandardListItem","viewName":"reusables.view.manageresources.NewResourceUnit","viewId":"application-manageresources-display-component---newResourceUnit","properties":{"title":"Centimeter"},"searchOpenDialogs":true,"interaction":{"idSuffix":"titleText"}},"wdio_ui5_key":"reusablesview.manageresources.NewResourceUnitsap.m.StandardListItem{\"title\":\"Centimeter\"}"}]}
RESULT: {"script":"<script> [1562 bytes]","args":[{"selector":{"controlType":"sap.m.StandardListItem","viewName":"reusables.view.manageresources.NewResourceUnit","viewId":"application-manageresources-display-component---newResourceUnit","properties":{"title":"Centimeter"},"searchOpenDialogs":true,"interaction":{"idSuffix":"titleText"}},"wdio_ui5_key":"reusablesview.manageresources.NewResourceUnitsap.m.StandardListItem{\"title\":\"Centimeter\"}"}]}
RESULT: undefined
COMMAND: POST /session/aedfa18944cc4355ab8cbaedf6540575/element - {"using":"xpath","value":"//*[@id=\"__item1002\"]"}
RESULT: {"using":"xpath","value":"//*[@id=\"__item1002\"]"}
COMMAND: POST /session/aedfa18944cc4355ab8cbaedf6540575/element/f.694E2BBF071ECDE7169F205C0A1B1FBC.d.DFF03E86768EE408068BF3B12204F8F2.e.3381/click - {}
RESULT: {}
COMMAND: POST /session/aedfa18944cc4355ab8cbaedf6540575/execute/async - {"script":"<script> [1562 bytes]","args":[{"selector":{"id":"application-manageresources-display-component---newResourceUnit--newRRUPage-anchBar-application-manageresources-display-component---newResourceUnit--reference-anchor","interaction":{"idSuffix":"BDI-content"}},"wdio_ui5_key":"applicationmanageresources-display-component---newResourceUnit--newRRUPage-anchBar-application-manageresources-display-component---newResourceUnit--reference-anchor"}]}
COMMAND: GET /session/aedfa18944cc4355ab8cbaedf6540575/screenshot - {}
RESULT: {"script":"<script> [1562 bytes]","args":[{"selector":{"id":"application-manageresources-display-component---newResourceUnit--newRRUPage-anchBar-application-manageresources-display-component---newResourceUnit--reference-anchor","interaction":{"idSuffix":"BDI-content"}},"wdio_ui5_key":"applicationmanageresources-display-component---newResourceUnit--newRRUPage-anchBar-application-manageresources-display-component---newResourceUnit--reference-anchor"}]}
RESULT: undefined
COMMAND: POST /session/aedfa18944cc4355ab8cbaedf6540575/element - {"using":"xpath","value":"//*[@id=\"application-manageresources-display-component---newResourceUnit--newRRUPage-anchBar-application-manageresources-display-component---newResourceUnit--reference-anchor\"]"}
RESULT: {}
RESULT: {"using":"xpath","value":"//*[@id=\"application-manageresources-display-component---newResourceUnit--newRRUPage-anchBar-application-manageresources-display-component---newResourceUnit--reference-anchor\"]"}
COMMAND: POST /session/aedfa18944cc4355ab8cbaedf6540575/element/f.694E2BBF071ECDE7169F205C0A1B1FBC.d.DFF03E86768EE408068BF3B12204F8F2.e.3383/click - {}
RESULT: {}
COMMAND: POST /session/aedfa18944cc4355ab8cbaedf6540575/execute/async - {"script":"<script> [1562 bytes]","args":[{"selector":{"id":"application-manageresources-display-component---newResourceUnit--PLANNING_GROUP-arrow"},"wdio_ui5_key":"applicationmanageresources-display-component---newResourceUnit--PLANNING_GROUP-arrow"}]}
COMMAND: GET /session/aedfa18944cc4355ab8cbaedf6540575/screenshot - {}
RESULT: {"script":"<script> [1562 bytes]","args":[{"selector":{"id":"application-manageresources-display-component---newResourceUnit--PLANNING_GROUP-arrow"},"wdio_ui5_key":"applicationmanageresources-display-component---newResourceUnit--PLANNING_GROUP-arrow"}]}
RESULT: undefined
COMMAND: POST /session/aedfa18944cc4355ab8cbaedf6540575/element - {"using":"xpath","value":"//*[@id=\"application-manageresources-display-component---newResourceUnit--PLANNING_GROUP-arrow\"]"}
RESULT: {}
RESULT: {"using":"xpath","value":"//*[@id=\"application-manageresources-display-component---newResourceUnit--PLANNING_GROUP-arrow\"]"}
COMMAND: POST /session/aedfa18944cc4355ab8cbaedf6540575/element/f.694E2BBF071ECDE7169F205C0A1B1FBC.d.DFF03E86768EE408068BF3B12204F8F2.e.3387/click - {}
RESULT: {}
COMMAND: POST /session/aedfa18944cc4355ab8cbaedf6540575/execute/async - {"script":"<script> [1562 bytes]","args":[{"selector":{"controlType":"sap.m.StandardListItem","viewName":"reusables.view.manageresources.NewResourceUnit","viewId":"application-manageresources-display-component---newResourceUnit","properties":{"title":"Heavy Equi"},"searchOpenDialogs":true,"interaction":{"idSuffix":"content"}},"wdio_ui5_key":"reusablesview.manageresources.NewResourceUnitsap.m.StandardListItem{\"title\":\"Heavy Equi\"}"}]}
COMMAND: GET /session/aedfa18944cc4355ab8cbaedf6540575/screenshot - {}
RESULT: {"script":"<script> [1562 bytes]","args":[{"selector":{"controlType":"sap.m.StandardListItem","viewName":"reusables.view.manageresources.NewResourceUnit","viewId":"application-manageresources-display-component---newResourceUnit","properties":{"title":"Heavy Equi"},"searchOpenDialogs":true,"interaction":{"idSuffix":"content"}},"wdio_ui5_key":"reusablesview.manageresources.NewResourceUnitsap.m.StandardListItem{\"title\":\"Heavy Equi\"}"}]}
RESULT: undefined
COMMAND: POST /session/aedfa18944cc4355ab8cbaedf6540575/element - {"using":"xpath","value":"//*[@id=\"__item1010\"]"}
RESULT: {}
RESULT: {"using":"xpath","value":"//*[@id=\"__item1010\"]"}
COMMAND: POST /session/aedfa18944cc4355ab8cbaedf6540575/element/f.694E2BBF071ECDE7169F205C0A1B1FBC.d.DFF03E86768EE408068BF3B12204F8F2.e.3391/click - {}
RESULT: {}
COMMAND: GET /session/aedfa18944cc4355ab8cbaedf6540575/screenshot - {}
RESULT: {}
COMMAND: POST /session/aedfa18944cc4355ab8cbaedf6540575/execute/async - {"script":"<script> [1562 bytes]","args":[{"selector":{"id":"application-manageresources-display-component---newResourceUnit--PLANNING_INDICATOR-arrow"},"wdio_ui5_key":"applicationmanageresources-display-component---newResourceUnit--PLANNING_INDICATOR-arrow"}]}
RESULT: {"script":"<script> [1562 bytes]","args":[{"selector":{"id":"application-manageresources-display-component---newResourceUnit--PLANNING_INDICATOR-arrow"},"wdio_ui5_key":"applicationmanageresources-display-component---newResourceUnit--PLANNING_INDICATOR-arrow"}]}
RESULT: undefined
COMMAND: POST /session/aedfa18944cc4355ab8cbaedf6540575/element - {"using":"xpath","value":"//*[@id=\"application-manageresources-display-component---newResourceUnit--PLANNING_INDICATOR-arrow\"]"}
RESULT: {"using":"xpath","value":"//*[@id=\"application-manageresources-display-component---newResourceUnit--PLANNING_INDICATOR-arrow\"]"}
COMMAND: POST /session/aedfa18944cc4355ab8cbaedf6540575/element/f.694E2BBF071ECDE7169F205C0A1B1FBC.d.DFF03E86768EE408068BF3B12204F8F2.e.3392/click - {}
RESULT: {}
COMMAND: POST /session/aedfa18944cc4355ab8cbaedf6540575/execute/async - {"script":"<script> [1562 bytes]","args":[{"selector":{"controlType":"sap.m.StandardListItem","viewName":"reusables.view.manageresources.NewResourceUnit","viewId":"application-manageresources-display-component---newResourceUnit","properties":{"title":"10 - infinite"},"searchOpenDialogs":true,"interaction":{"idSuffix":"content"}},"wdio_ui5_key":"reusablesview.manageresources.NewResourceUnitsap.m.StandardListItem{\"title\":\"10 - infinite\"}"}]}
COMMAND: GET /session/aedfa18944cc4355ab8cbaedf6540575/screenshot - {}
RESULT: {"script":"<script> [1562 bytes]","args":[{"selector":{"controlType":"sap.m.StandardListItem","viewName":"reusables.view.manageresources.NewResourceUnit","viewId":"application-manageresources-display-component---newResourceUnit","properties":{"title":"10 - infinite"},"searchOpenDialogs":true,"interaction":{"idSuffix":"content"}},"wdio_ui5_key":"reusablesview.manageresources.NewResourceUnitsap.m.StandardListItem{\"title\":\"10 - infinite\"}"}]}
RESULT: undefined
COMMAND: POST /session/aedfa18944cc4355ab8cbaedf6540575/element - {"using":"xpath","value":"//*[@id=\"__item1020\"]"}
RESULT: {}
RESULT: {"using":"xpath","value":"//*[@id=\"__item1020\"]"}
COMMAND: POST /session/aedfa18944cc4355ab8cbaedf6540575/element/f.694E2BBF071ECDE7169F205C0A1B1FBC.d.DFF03E86768EE408068BF3B12204F8F2.e.3394/click - {}
RESULT: {}
COMMAND: GET /session/aedfa18944cc4355ab8cbaedf6540575/screenshot - {}
RESULT: {}
COMMAND: POST /session/aedfa18944cc4355ab8cbaedf6540575/element - {"using":"xpath","value":"//bdi[contains(text(), \"Time Segment\")]"}
RESULT: {"using":"xpath","value":"//bdi[contains(text(), \"Time Segment\")]"}
COMMAND: GET /session/aedfa18944cc4355ab8cbaedf6540575/element/f.694E2BBF071ECDE7169F205C0A1B1FBC.d.DFF03E86768EE408068BF3B12204F8F2.e.3395/rect - {}
RESULT: {}
COMMAND: GET /session/aedfa18944cc4355ab8cbaedf6540575/window/rect - {}
RESULT: {}
COMMAND: POST /session/aedfa18944cc4355ab8cbaedf6540575/execute/sync - {"script":"<script> [92 bytes]","args":[]}
RESULT: {"script":"<script> [92 bytes]","args":[]}
COMMAND: POST /session/aedfa18944cc4355ab8cbaedf6540575/actions - {"actions":[{"id":"action5","type":"wheel","parameters":{},"actions":[{"type":"scroll","x":-2304,"y":-20,"deltaX":0,"deltaY":0,"duration":0,"origin":{"element-6066-11e4-a52e-4f735466cecf":"f.694E2BBF071ECDE7169F205C0A1B1FBC.d.DFF03E86768EE408068BF3B12204F8F2.e.3395"}}]}]}
COMMAND: GET /session/aedfa18944cc4355ab8cbaedf6540575/screenshot - {}
RESULT: {}
COMMAND: POST /session/aedfa18944cc4355ab8cbaedf6540575/execute/sync - {"script":"<script> [79 bytes]","args":[{"element-6066-11e4-a52e-4f735466cecf":"f.694E2BBF071ECDE7169F205C0A1B1FBC.d.DFF03E86768EE408068BF3B12204F8F2.e.3395","ELEMENT":"f.694E2BBF071ECDE7169F205C0A1B1FBC.d.DFF03E86768EE408068BF3B12204F8F2.e.3395"},{"block":"start","inline":"nearest"}]}
RESULT: {"script":"<script> [79 bytes]","args":[{"element-6066-11e4-a52e-4f735466cecf":"f.694E2BBF071ECDE7169F205C0A1B1FBC.d.DFF03E86768EE408068BF3B12204F8F2.e.3395","ELEMENT":"f.694E2BBF071ECDE7169F205C0A1B1FBC.d.DFF03E86768EE408068BF3B12204F8F2.e.3395"},{"block":"start","inline":"nearest"}]}
COMMAND: GET /session/aedfa18944cc4355ab8cbaedf6540575/screenshot - {}
RESULT: {}
COMMAND: POST /session/aedfa18944cc4355ab8cbaedf6540575/element - {"using":"xpath","value":"//span[@id=\"application-manageresources-display-component---newResourceUnit--btnAddTimeSegment-img\"]"}
RESULT: {"using":"xpath","value":"//span[@id=\"application-manageresources-display-component---newResourceUnit--btnAddTimeSegment-img\"]"}
COMMAND: POST /session/aedfa18944cc4355ab8cbaedf6540575/execute/sync - {"script":"<script> [8489 bytes]","args":[{"element-6066-11e4-a52e-4f735466cecf":"f.694E2BBF071ECDE7169F205C0A1B1FBC.d.DFF03E86768EE408068BF3B12204F8F2.e.3398","ELEMENT":"f.694E2BBF071ECDE7169F205C0A1B1FBC.d.DFF03E86768EE408068BF3B12204F8F2.e.3398"}]}
RESULT: {"script":"<script> [8489 bytes]","args":[{"element-6066-11e4-a52e-4f735466cecf":"f.694E2BBF071ECDE7169F205C0A1B1FBC.d.DFF03E86768EE408068BF3B12204F8F2.e.3398","ELEMENT":"f.694E2BBF071ECDE7169F205C0A1B1FBC.d.DFF03E86768EE408068BF3B12204F8F2.e.3398"}]}
COMMAND: POST /session/aedfa18944cc4355ab8cbaedf6540575/element/f.694E2BBF071ECDE7169F205C0A1B1FBC.d.DFF03E86768EE408068BF3B12204F8F2.e.3398/click - {}
COMMAND: GET /session/aedfa18944cc4355ab8cbaedf6540575/screenshot - {}
RESULT: {}
COMMAND: GET /session/aedfa18944cc4355ab8cbaedf6540575/screenshot - {}
COMMAND: POST /session/aedfa18944cc4355ab8cbaedf6540575/element - {"using":"xpath","value":"//input[@id=\"application-manageresources-display-component---newResourceUnit--idRuTSAdmin-application-manageresources-display-component---newResourceUnit--RUTimeSegment-0-inner\"]"}
RESULT: {}
RESULT: {}
RESULT: {"using":"xpath","value":"//input[@id=\"application-manageresources-display-component---newResourceUnit--idRuTSAdmin-application-manageresources-display-component---newResourceUnit--RUTimeSegment-0-inner\"]"}
COMMAND: POST /session/aedfa18944cc4355ab8cbaedf6540575/element/f.694E2BBF071ECDE7169F205C0A1B1FBC.d.DFF03E86768EE408068BF3B12204F8F2.e.3401/clear - {}
RESULT: {}
COMMAND: POST /session/aedfa18944cc4355ab8cbaedf6540575/element/f.694E2BBF071ECDE7169F205C0A1B1FBC.d.DFF03E86768EE408068BF3B12204F8F2.e.3401/value - {"text":"WebdriverYard853idi"}
COMMAND: GET /session/aedfa18944cc4355ab8cbaedf6540575/screenshot - {}
RESULT: {}
RESULT: {"text":"WebdriverYard853idi"}
COMMAND: GET /session/aedfa18944cc4355ab8cbaedf6540575/screenshot - {}
RESULT: {}
COMMAND: POST /session/aedfa18944cc4355ab8cbaedf6540575/actions - {"actions":[{"id":"action6","type":"key","parameters":{},"actions":[{"type":"keyDown","value":""},{"type":"pause","duration":10},{"type":"keyUp","value":""}]}]}
RESULT: {"actions":[{"id":"action6","type":"key","parameters":{},"actions":[{"type":"keyDown","value":""},{"type":"pause","duration":10},{"type":"keyUp","value":""}]}]}
COMMAND: GET /session/aedfa18944cc4355ab8cbaedf6540575/screenshot - {}
RESULT: {}
COMMAND: POST /session/aedfa18944cc4355ab8cbaedf6540575/execute/async - {"script":"<script> [1562 bytes]","args":[{"selector":{"controlType":"sap.m.Button","viewName":"reusables.view.manageresources.NewResourceUnit","viewId":"application-manageresources-display-component---newResourceUnit","i18NText":{"propertyName":"tooltip","key":"save"},"interaction":{"idSuffix":"BDI-content"}},"wdio_ui5_key":"reusablesview.manageresources.NewResourceUnitsap.m.Button{\"propertyName\":\"tooltip\",\"key\":\"save\"}"}]}
RESULT: {"script":"<script> [1562 bytes]","args":[{"selector":{"controlType":"sap.m.Button","viewName":"reusables.view.manageresources.NewResourceUnit","viewId":"application-manageresources-display-component---newResourceUnit","i18NText":{"propertyName":"tooltip","key":"save"},"interaction":{"idSuffix":"BDI-content"}},"wdio_ui5_key":"reusablesview.manageresources.NewResourceUnitsap.m.Button{\"propertyName\":\"tooltip\",\"key\":\"save\"}"}]}
RESULT: undefined
COMMAND: POST /session/aedfa18944cc4355ab8cbaedf6540575/element - {"using":"xpath","value":"//*[@id=\"application-manageresources-display-component---newResourceUnit--createRuButton\"]"}
RESULT: {"using":"xpath","value":"//*[@id=\"application-manageresources-display-component---newResourceUnit--createRuButton\"]"}
COMMAND: POST /session/aedfa18944cc4355ab8cbaedf6540575/element/f.694E2BBF071ECDE7169F205C0A1B1FBC.d.DFF03E86768EE408068BF3B12204F8F2.e.3325/click - {}
RESULT: {}
COMMAND: GET /session/aedfa18944cc4355ab8cbaedf6540575/screenshot - {}
COMMAND: POST /session/aedfa18944cc4355ab8cbaedf6540575/execute/async - {"script":"<script> [1562 bytes]","args":[{"selector":{"controlType":"sap.m.Title","properties":{"text":"Success"},"searchOpenDialogs":true},"wdio_ui5_key":"sapm.Title{\"text\":\"Success\"}"}]}
RESULT: {}
RESULT: {"script":"<script> [1562 bytes]","args":[{"selector":{"controlType":"sap.m.Title","properties":{"text":"Success"},"searchOpenDialogs":true},"wdio_ui5_key":"sapm.Title{\"text\":\"Success\"}"}]}
RESULT: undefined
COMMAND: POST /session/aedfa18944cc4355ab8cbaedf6540575/execute/async - {"script":"<script> [6424 bytes]","args":[{"element-6066-11e4-a52e-4f735466cecf":"f.694E2BBF071ECDE7169F205C0A1B1FBC.d.DFF03E86768EE408068BF3B12204F8F2.e.3414"},"getText",[]]}
RESULT: {"script":"<script> [6424 bytes]","args":[{"element-6066-11e4-a52e-4f735466cecf":"f.694E2BBF071ECDE7169F205C0A1B1FBC.d.DFF03E86768EE408068BF3B12204F8F2.e.3414"},"getText",[]]}
COMMAND: POST /session/aedfa18944cc4355ab8cbaedf6540575/element - {"using":"xpath","value":"//*[contains(@id, '__text') and (contains(text(), 'successfully created') or contains(., 'successfully created'))]"}
RESULT: {"using":"xpath","value":"//*[contains(@id, '__text') and (contains(text(), 'successfully created') or contains(., 'successfully created'))]"}
COMMAND: GET /session/aedfa18944cc4355ab8cbaedf6540575/element/f.694E2BBF071ECDE7169F205C0A1B1FBC.d.DFF03E86768EE408068BF3B12204F8F2.e.3412/text - {}
RESULT: {}
COMMAND: POST /session/aedfa18944cc4355ab8cbaedf6540575/execute/async - {"script":"<script> [1562 bytes]","args":[{"selector":{"controlType":"sap.m.Button","properties":{"text":"Close"},"searchOpenDialogs":true,"interaction":{"idSuffix":"BDI-content"}},"wdio_ui5_key":"sapm.Button{\"text\":\"Close\"}"}]}
RESULT: {"script":"<script> [1562 bytes]","args":[{"selector":{"controlType":"sap.m.Button","properties":{"text":"Close"},"searchOpenDialogs":true,"interaction":{"idSuffix":"BDI-content"}},"wdio_ui5_key":"sapm.Button{\"text\":\"Close\"}"}]}
RESULT: undefined
COMMAND: POST /session/aedfa18944cc4355ab8cbaedf6540575/element - {"using":"xpath","value":"//*[@id=\"__mbox-btn-0\"]"}
RESULT: {"using":"xpath","value":"//*[@id=\"__mbox-btn-0\"]"}
COMMAND: POST /session/aedfa18944cc4355ab8cbaedf6540575/element/f.694E2BBF071ECDE7169F205C0A1B1FBC.d.DFF03E86768EE408068BF3B12204F8F2.e.3411/click - {}
RESULT: {}
COMMAND: GET /session/aedfa18944cc4355ab8cbaedf6540575/screenshot - {}
RESULT: {}
COMMAND: POST /session/aedfa18944cc4355ab8cbaedf6540575/execute/async - {"script":"<script> [1562 bytes]","args":[{"selector":{"controlType":"sap.ui.core.Icon","viewName":"etm.portal.ui.manageresources.view.Detail","viewId":"application-manageresources-display-component---detailRU","properties":{"src":{"regex":{"source":"overflow"}}}},"wdio_ui5_key":"etmportal.ui.manageresources.view.Detailsap.ui.core.Icon{\"src\":{\"regex\":{\"source\":\"overflow\"}}}"}]}
RESULT: {"script":"<script> [1562 bytes]","args":[{"selector":{"controlType":"sap.ui.core.Icon","viewName":"etm.portal.ui.manageresources.view.Detail","viewId":"application-manageresources-display-component---detailRU","properties":{"src":{"regex":{"source":"overflow"}}}},"wdio_ui5_key":"etmportal.ui.manageresources.view.Detailsap.ui.core.Icon{\"src\":{\"regex\":{\"source\":\"overflow\"}}}"}]}
RESULT: undefined
COMMAND: POST /session/aedfa18944cc4355ab8cbaedf6540575/element - {"using":"xpath","value":"//*[@id=\"__title36-_actionsToolbar-overflowButton-img\"]"}
RESULT: {"using":"xpath","value":"//*[@id=\"__title36-_actionsToolbar-overflowButton-img\"]"}
COMMAND: POST /session/aedfa18944cc4355ab8cbaedf6540575/element/f.694E2BBF071ECDE7169F205C0A1B1FBC.d.DFF03E86768EE408068BF3B12204F8F2.e.3444/click - {}
RESULT: {}
COMMAND: POST /session/aedfa18944cc4355ab8cbaedf6540575/execute/async - {"script":"<script> [1562 bytes]","args":[{"selector":{"controlType":"sap.m.Button","viewName":"etm.portal.ui.manageresources.view.Detail","viewId":"application-manageresources-display-component---detailRU","i18NText":{"propertyName":"tooltip","key":"closeColumn"},"searchOpenDialogs":true,"interaction":{"idSuffix":"inner"}},"wdio_ui5_key":"etmportal.ui.manageresources.view.Detailsap.m.Button{\"propertyName\":\"tooltip\",\"key\":\"closeColumn\"}"}]}
COMMAND: GET /session/aedfa18944cc4355ab8cbaedf6540575/screenshot - {}
RESULT: {"script":"<script> [1562 bytes]","args":[{"selector":{"controlType":"sap.m.Button","viewName":"etm.portal.ui.manageresources.view.Detail","viewId":"application-manageresources-display-component---detailRU","i18NText":{"propertyName":"tooltip","key":"closeColumn"},"searchOpenDialogs":true,"interaction":{"idSuffix":"inner"}},"wdio_ui5_key":"etmportal.ui.manageresources.view.Detailsap.m.Button{\"propertyName\":\"tooltip\",\"key\":\"closeColumn\"}"}]}
RESULT: undefined
RESULT: {}
COMMAND: POST /session/aedfa18944cc4355ab8cbaedf6540575/refresh - {}
RESULT: {}
COMMAND: GET /session/aedfa18944cc4355ab8cbaedf6540575/screenshot - {}
RESULT: {}
COMMAND: POST /session/aedfa18944cc4355ab8cbaedf6540575/refresh - {}
RESULT: {}
COMMAND: GET /session/aedfa18944cc4355ab8cbaedf6540575/screenshot - {}
RESULT: {}
COMMAND: POST /session/aedfa18944cc4355ab8cbaedf6540575/execute/async - {"script":"<script> [189 bytes]","args":[]}
RESULT: {"script":"<script> [189 bytes]","args":[]}
COMMAND: POST /session/aedfa18944cc4355ab8cbaedf6540575/execute/async - {"script":"<script> [123 bytes]","args":[]}
RESULT: {"script":"<script> [123 bytes]","args":[]}
COMMAND: POST /session/aedfa18944cc4355ab8cbaedf6540575/timeouts - {"script":"<number>"}
RESULT: {"script":"<number>"}
COMMAND: GET /session/aedfa18944cc4355ab8cbaedf6540575/timeouts - {}
RESULT: {}
RESULT: undefined
COMMAND: POST /session/aedfa18944cc4355ab8cbaedf6540575/execute/async - {"script":"<script> [2676 bytes]","args":[]}
RESULT: {"script":"<script> [2676 bytes]","args":[]}
COMMAND: POST /session/aedfa18944cc4355ab8cbaedf6540575/execute/async - {"script":"<script> [2342 bytes]","args":[{"protocol":"http","hostname":"0.0.0.0","path":"/","capabilities":{"browserName":"chrome","goog:chromeOptions":{"binary":"C:\\Program Files\\Google\\Chrome\\Application\\chrome.exe","args":["--force-device-scale-factor=0.8","--start-maximized"]}},"logLevel":"warn","connectionRetryTimeout":120000,"connectionRetryCount":3,"logLevels":{},"enableDirectConnect":true,"strictSSL":true,"_":"65 more keys: [\"cacheDir\",\"port\",\"requestedCapabilities\",\"automationProtocol\",\"baseUrl\",\"waitforInterval\",\"waitforTimeout\",\"onReload\",\"beforeCommand\",\"afterCommand\",\"rootDir\",\"specs\",\"suites\",\"exclude\",\"groupLogsByTestSpec\",\"excludeDriverLogs\",\"bail\",\"framework\",\"reporters\",\"services\",\"maxInstances\",\"maxInstancesPerCapability\",\"injectGlobals\",\"filesToWatch\",\"execArgv\",\"runnerEnv\",\"runner\",\"shard\",\"specFileRetries\",\"specFileRetriesDelay\",\"specFileRetriesDeferred\",\"reporterSyncInterval\",\"reporterSyncTimeout\",\"cucumberFeaturesWithLineNumbers\",\"autoCompileOpts\",\"mochaOpts\",\"jasmineOpts\",\"cucumberOpts\",\"onPrepare\",\"onWorkerStart\",\"onWorkerEnd\",\"before\",\"beforeSession\",\"beforeSuite\",\"beforeHook\",\"beforeTest\",\"afterTest\",\"afterHook\",\"afterSuite\",\"afterSession\",\"after\",\"onComplete\",\"beforeAssertion\",\"afterAssertion\",\"beforeFeature\",\"beforeScenario\",\"beforeStep\",\"afterStep\",\"afterScenario\",\"afterFeature\",\"_\",\"suite\",\"$0\",\"ignoredWorkerServices\",\"wdi5\"]"}]}
RESULT: undefined
RESULT: undefined
RESULT: {"script":"<script> [2342 bytes]","args":[{"protocol":"http","hostname":"0.0.0.0","path":"/","capabilities":{"browserName":"chrome","goog:chromeOptions":{"binary":"C:\\Program Files\\Google\\Chrome\\Application\\chrome.exe","args":["--force-device-scale-factor=0.8","--start-maximized"]}},"logLevel":"warn","connectionRetryTimeout":120000,"connectionRetryCount":3,"logLevels":{},"enableDirectConnect":true,"strictSSL":true,"_":"65 more keys: [\"cacheDir\",\"port\",\"requestedCapabilities\",\"automationProtocol\",\"baseUrl\",\"waitforInterval\",\"waitforTimeout\",\"onReload\",\"beforeCommand\",\"afterCommand\",\"rootDir\",\"specs\",\"suites\",\"exclude\",\"groupLogsByTestSpec\",\"excludeDriverLogs\",\"bail\",\"framework\",\"reporters\",\"services\",\"maxInstances\",\"maxInstancesPerCapability\",\"injectGlobals\",\"filesToWatch\",\"execArgv\",\"runnerEnv\",\"runner\",\"shard\",\"specFileRetries\",\"specFileRetriesDelay\",\"specFileRetriesDeferred\",\"reporterSyncInterval\",\"reporterSyncTimeout\",\"cucumberFeaturesWithLineNumbers\",\"autoCompileOpts\",\"mochaOpts\",\"jasmineOpts\",\"cucumberOpts\",\"onPrepare\",\"onWorkerStart\",\"onWorkerEnd\",\"before\",\"beforeSession\",\"beforeSuite\",\"beforeHook\",\"beforeTest\",\"afterTest\",\"afterHook\",\"afterSuite\",\"afterSession\",\"after\",\"onComplete\",\"beforeAssertion\",\"afterAssertion\",\"beforeFeature\",\"beforeScenario\",\"beforeStep\",\"afterStep\",\"afterScenario\",\"afterFeature\",\"_\",\"suite\",\"$0\",\"ignoredWorkerServices\",\"wdi5\"]"}]}
COMMAND: POST /session/aedfa18944cc4355ab8cbaedf6540575/execute/async - {"script":"<script> [21126 bytes]","args":[35000]}
RESULT: {"script":"<script> [21126 bytes]","args":[35000]}
COMMAND: POST /session/aedfa18944cc4355ab8cbaedf6540575/element - {"using":"css selector","value":"#shell-header-logo"}
RESULT: {"using":"css selector","value":"#shell-header-logo"}
COMMAND: POST /session/aedfa18944cc4355ab8cbaedf6540575/element/f.694E2BBF071ECDE7169F205C0A1B1FBC.d.EA9EF57F3622B4A1B240D17BA549C4EF.e.3458/click - {}
RESULT: {}
COMMAND: GET /session/aedfa18944cc4355ab8cbaedf6540575/screenshot - {}
RESULT: {}
COMMAND: POST /session/aedfa18944cc4355ab8cbaedf6540575/execute/async - {"script":"<script> [1562 bytes]","args":[{"selector":{"controlType":"sap.m.Text","viewName":"etm.portal.ui.managehandoverstile.view.Master","properties":{"text":"Manage Handovers"},"interaction":{"idSuffix":"inner"}},"wdio_ui5_key":"etmportal.ui.managehandoverstile.view.Mastersap.m.Text{\"text\":\"Manage Handovers\"}"}]}
RESULT: {"script":"<script> [1562 bytes]","args":[{"selector":{"controlType":"sap.m.Text","viewName":"etm.portal.ui.managehandoverstile.view.Master","properties":{"text":"Manage Handovers"},"interaction":{"idSuffix":"inner"}},"wdio_ui5_key":"etmportal.ui.managehandoverstile.view.Mastersap.m.Text{\"text\":\"Manage Handovers\"}"}]}
RESULT: undefined
COMMAND: POST /session/aedfa18944cc4355ab8cbaedf6540575/element - {"using":"xpath","value":"//*[@id=\"__tile132-title\"]"}
RESULT: {"using":"xpath","value":"//*[@id=\"__tile132-title\"]"}
COMMAND: POST /session/aedfa18944cc4355ab8cbaedf6540575/element/f.694E2BBF071ECDE7169F205C0A1B1FBC.d.EA9EF57F3622B4A1B240D17BA549C4EF.e.3740/click - {}
RESULT: {}
COMMAND: GET /session/aedfa18944cc4355ab8cbaedf6540575/screenshot - {}
RESULT: {}
COMMAND: POST /session/aedfa18944cc4355ab8cbaedf6540575/element - {"using":"xpath","value":"//button[@data-kt=\"masterHOAddButton\"]"}
RESULT: {"using":"xpath","value":"//button[@data-kt=\"masterHOAddButton\"]"}
COMMAND: POST /session/aedfa18944cc4355ab8cbaedf6540575/execute/sync - {"script":"<script> [8489 bytes]","args":[{"element-6066-11e4-a52e-4f735466cecf":"f.694E2BBF071ECDE7169F205C0A1B1FBC.d.EA9EF57F3622B4A1B240D17BA549C4EF.e.3779","ELEMENT":"f.694E2BBF071ECDE7169F205C0A1B1FBC.d.EA9EF57F3622B4A1B240D17BA549C4EF.e.3779"}]}
RESULT: {"script":"<script> [8489 bytes]","args":[{"element-6066-11e4-a52e-4f735466cecf":"f.694E2BBF071ECDE7169F205C0A1B1FBC.d.EA9EF57F3622B4A1B240D17BA549C4EF.e.3779","ELEMENT":"f.694E2BBF071ECDE7169F205C0A1B1FBC.d.EA9EF57F3622B4A1B240D17BA549C4EF.e.3779"}]}
COMMAND: POST /session/aedfa18944cc4355ab8cbaedf6540575/element/f.694E2BBF071ECDE7169F205C0A1B1FBC.d.EA9EF57F3622B4A1B240D17BA549C4EF.e.3779/click - {}
COMMAND: GET /session/aedfa18944cc4355ab8cbaedf6540575/screenshot - {}
RESULT: {}
COMMAND: GET /session/aedfa18944cc4355ab8cbaedf6540575/screenshot - {}
RESULT: {}
RESULT: {}
COMMAND: POST /session/aedfa18944cc4355ab8cbaedf6540575/element - {"using":"xpath","value":"//span[contains(@id ,\"AddNewHO--typeSelect-arrow\")]"}
RESULT: {"using":"xpath","value":"//span[contains(@id ,\"AddNewHO--typeSelect-arrow\")]"}
COMMAND: POST /session/aedfa18944cc4355ab8cbaedf6540575/element/f.694E2BBF071ECDE7169F205C0A1B1FBC.d.EA9EF57F3622B4A1B240D17BA549C4EF.e.4068/click - {}
RESULT: {}
COMMAND: GET /session/aedfa18944cc4355ab8cbaedf6540575/screenshot - {}
RESULT: {}
COMMAND: POST /session/aedfa18944cc4355ab8cbaedf6540575/element - {"using":"xpath","value":"(//li[contains(text(), \"stock increase yard\")])[1]"}
RESULT: {"using":"xpath","value":"(//li[contains(text(), \"stock increase yard\")])[1]"}
COMMAND: POST /session/aedfa18944cc4355ab8cbaedf6540575/element/f.694E2BBF071ECDE7169F205C0A1B1FBC.d.EA9EF57F3622B4A1B240D17BA549C4EF.e.4071/click - {}
RESULT: {}
COMMAND: GET /session/aedfa18944cc4355ab8cbaedf6540575/screenshot - {}
RESULT: {}
COMMAND: POST /session/aedfa18944cc4355ab8cbaedf6540575/execute/async - {"script":"<script> [1562 bytes]","args":[{"selector":{"id":"application-managehandovers-display-component---AddNewHO--dueDate","interaction":{"idSuffix":"inner"}},"wdio_ui5_key":"applicationmanagehandovers-display-component---AddNewHO--dueDate"}]}
RESULT: {"script":"<script> [1562 bytes]","args":[{"selector":{"id":"application-managehandovers-display-component---AddNewHO--dueDate","interaction":{"idSuffix":"inner"}},"wdio_ui5_key":"applicationmanagehandovers-display-component---AddNewHO--dueDate"}]}
RESULT: undefined
COMMAND: POST /session/aedfa18944cc4355ab8cbaedf6540575/execute/async - {"script":"<script> [6424 bytes]","args":[{"element-6066-11e4-a52e-4f735466cecf":"f.694E2BBF071ECDE7169F205C0A1B1FBC.d.EA9EF57F3622B4A1B240D17BA549C4EF.e.4073"},"setValue",["04/14/2025"]]}
RESULT: {"script":"<script> [6424 bytes]","args":[{"element-6066-11e4-a52e-4f735466cecf":"f.694E2BBF071ECDE7169F205C0A1B1FBC.d.EA9EF57F3622B4A1B240D17BA549C4EF.e.4073"},"setValue",["04/14/2025"]]}
COMMAND: POST /session/aedfa18944cc4355ab8cbaedf6540575/element - {"using":"xpath","value":"//input[@id=\"generalSectionFrg--receiveYard-inner\"]"}
RESULT: {"using":"xpath","value":"//input[@id=\"generalSectionFrg--receiveYard-inner\"]"}
COMMAND: POST /session/aedfa18944cc4355ab8cbaedf6540575/element/f.694E2BBF071ECDE7169F205C0A1B1FBC.d.EA9EF57F3622B4A1B240D17BA549C4EF.e.4079/clear - {}
RESULT: {}
COMMAND: POST /session/aedfa18944cc4355ab8cbaedf6540575/element/f.694E2BBF071ECDE7169F205C0A1B1FBC.d.EA9EF57F3622B4A1B240D17BA549C4EF.e.4079/value - {"text":"WebdriverYard853idi"}
COMMAND: GET /session/aedfa18944cc4355ab8cbaedf6540575/screenshot - {}
RESULT: {"text":"WebdriverYard853idi"}
COMMAND: GET /session/aedfa18944cc4355ab8cbaedf6540575/screenshot - {}
RESULT: {}
RESULT: {}
COMMAND: POST /session/aedfa18944cc4355ab8cbaedf6540575/execute/async - {"script":"<script> [1562 bytes]","args":[{"selector":{"id":"application-managehandovers-display-component---AddNewHO--ObjectPageLayout-anchBar-application-managehandovers-display-component---AddNewHO--section4-anchor","interaction":{"idSuffix":"BDI-content"}},"wdio_ui5_key":"applicationmanagehandovers-display-component---AddNewHO--ObjectPageLayout-anchBar-application-managehandovers-display-component---AddNewHO--section4-anchor"}]}
RESULT: {"script":"<script> [1562 bytes]","args":[{"selector":{"id":"application-managehandovers-display-component---AddNewHO--ObjectPageLayout-anchBar-application-managehandovers-display-component---AddNewHO--section4-anchor","interaction":{"idSuffix":"BDI-content"}},"wdio_ui5_key":"applicationmanagehandovers-display-component---AddNewHO--ObjectPageLayout-anchBar-application-managehandovers-display-component---AddNewHO--section4-anchor"}]}
RESULT: undefined
COMMAND: POST /session/aedfa18944cc4355ab8cbaedf6540575/element - {"using":"xpath","value":"//*[@id=\"application-managehandovers-display-component---AddNewHO--ObjectPageLayout-anchBar-application-managehandovers-display-component---AddNewHO--section4-anchor\"]"}
RESULT: {"using":"xpath","value":"//*[@id=\"application-managehandovers-display-component---AddNewHO--ObjectPageLayout-anchBar-application-managehandovers-display-component---AddNewHO--section4-anchor\"]"}
COMMAND: POST /session/aedfa18944cc4355ab8cbaedf6540575/element/f.694E2BBF071ECDE7169F205C0A1B1FBC.d.EA9EF57F3622B4A1B240D17BA549C4EF.e.4096/click - {}
RESULT: {}
COMMAND: GET /session/aedfa18944cc4355ab8cbaedf6540575/screenshot - {}
RESULT: {}
COMMAND: POST /session/aedfa18944cc4355ab8cbaedf6540575/element - {"using":"xpath","value":"//button[@aria-label=\"Add\"]"}
RESULT: {"using":"xpath","value":"//button[@aria-label=\"Add\"]"}
COMMAND: POST /session/aedfa18944cc4355ab8cbaedf6540575/element/f.694E2BBF071ECDE7169F205C0A1B1FBC.d.EA9EF57F3622B4A1B240D17BA549C4EF.e.4100/click - {}
RESULT: {}
COMMAND: GET /session/aedfa18944cc4355ab8cbaedf6540575/screenshot - {}
RESULT: {}
COMMAND: POST /session/aedfa18944cc4355ab8cbaedf6540575/execute/async - {"script":"<script> [1562 bytes]","args":[{"selector":{"id":"application-managehandovers-display-component---AddNewHO--smartFilterBar-btnBasicSearch","searchOpenDialogs":true,"interaction":{"idSuffix":"I"}},"wdio_ui5_key":"applicationmanagehandovers-display-component---AddNewHO--smartFilterBar-btnBasicSearch"}]}
RESULT: {"script":"<script> [1562 bytes]","args":[{"selector":{"id":"application-managehandovers-display-component---AddNewHO--smartFilterBar-btnBasicSearch","searchOpenDialogs":true,"interaction":{"idSuffix":"I"}},"wdio_ui5_key":"applicationmanagehandovers-display-component---AddNewHO--smartFilterBar-btnBasicSearch"}]}
RESULT: undefined
COMMAND: POST /session/aedfa18944cc4355ab8cbaedf6540575/execute/async - {"script":"<script> [776 bytes]","args":[{"enterText":"WebdriverRUR2C132yj","selector":{"id":"application-managehandovers-display-component---AddNewHO--smartFilterBar-btnBasicSearch","searchOpenDialogs":true,"interaction":{"idSuffix":"I"}},"clearTextFirst":true,"interactionType":"ENTER_TEXT"}]}
RESULT: {"script":"<script> [776 bytes]","args":[{"enterText":"WebdriverRUR2C132yj","selector":{"id":"application-managehandovers-display-component---AddNewHO--smartFilterBar-btnBasicSearch","searchOpenDialogs":true,"interaction":{"idSuffix":"I"}},"clearTextFirst":true,"interactionType":"ENTER_TEXT"}]}
COMMAND: POST /session/aedfa18944cc4355ab8cbaedf6540575/actions - {"actions":[{"id":"action7","type":"key","parameters":{},"actions":[{"type":"keyDown","value":""},{"type":"pause","duration":10},{"type":"keyUp","value":""}]}]}
RESULT: {"actions":[{"id":"action7","type":"key","parameters":{},"actions":[{"type":"keyDown","value":""},{"type":"pause","duration":10},{"type":"keyUp","value":""}]}]}
COMMAND: POST /session/aedfa18944cc4355ab8cbaedf6540575/execute/async - {"script":"<script> [1562 bytes]","args":[{"selector":{"id":"application-managehandovers-display-component---AddNewHO--popup-sa","searchOpenDialogs":true,"interaction":{"idSuffix":"CbBg"}},"wdio_ui5_key":"applicationmanagehandovers-display-component---AddNewHO--popup-sa"}]}
COMMAND: GET /session/aedfa18944cc4355ab8cbaedf6540575/screenshot - {}
RESULT: {"script":"<script> [1562 bytes]","args":[{"selector":{"id":"application-managehandovers-display-component---AddNewHO--popup-sa","searchOpenDialogs":true,"interaction":{"idSuffix":"CbBg"}},"wdio_ui5_key":"applicationmanagehandovers-display-component---AddNewHO--popup-sa"}]}
RESULT: undefined
COMMAND: POST /session/aedfa18944cc4355ab8cbaedf6540575/element - {"using":"xpath","value":"//*[@id=\"application-managehandovers-display-component---AddNewHO--popup-sa\"]"}
RESULT: {}
RESULT: {"using":"xpath","value":"//*[@id=\"application-managehandovers-display-component---AddNewHO--popup-sa\"]"}
COMMAND: POST /session/aedfa18944cc4355ab8cbaedf6540575/element/f.694E2BBF071ECDE7169F205C0A1B1FBC.d.EA9EF57F3622B4A1B240D17BA549C4EF.e.4192/click - {}
RESULT: {}
COMMAND: GET /session/aedfa18944cc4355ab8cbaedf6540575/screenshot - {}
RESULT: {}
COMMAND: POST /session/aedfa18944cc4355ab8cbaedf6540575/element - {"using":"xpath","value":"//bdi[contains(text(), \"Select\")]"}
RESULT: {"using":"xpath","value":"//bdi[contains(text(), \"Select\")]"}
COMMAND: POST /session/aedfa18944cc4355ab8cbaedf6540575/element/f.694E2BBF071ECDE7169F205C0A1B1FBC.d.EA9EF57F3622B4A1B240D17BA549C4EF.e.4193/click - {}
RESULT: {}
COMMAND: GET /session/aedfa18944cc4355ab8cbaedf6540575/screenshot - {}
RESULT: {}
COMMAND: POST /session/aedfa18944cc4355ab8cbaedf6540575/execute/async - {"script":"<script> [1562 bytes]","args":[{"selector":{"controlType":"sap.m.Input","viewName":"etm.portal.ui.managehandovers.view.AddNewHO","viewId":"application-managehandovers-display-component---AddNewHO","bindingPath":{"path":"/items/0","propertyPath":"TYPE","modelName":"hoItemsModel"},"interaction":{"idSuffix":"inner"}},"wdio_ui5_key":"etmportal.ui.managehandovers.view.AddNewHOsap.m.Input{\"path\":\"/items/0\",\"propertyPath\":\"TYPE\",\"modelName\":\"hoItemsModel\"}"}]}
RESULT: {"script":"<script> [1562 bytes]","args":[{"selector":{"controlType":"sap.m.Input","viewName":"etm.portal.ui.managehandovers.view.AddNewHO","viewId":"application-managehandovers-display-component---AddNewHO","bindingPath":{"path":"/items/0","propertyPath":"TYPE","modelName":"hoItemsModel"},"interaction":{"idSuffix":"inner"}},"wdio_ui5_key":"etmportal.ui.managehandovers.view.AddNewHOsap.m.Input{\"path\":\"/items/0\",\"propertyPath\":\"TYPE\",\"modelName\":\"hoItemsModel\"}"}]}
RESULT: undefined
COMMAND: POST /session/aedfa18944cc4355ab8cbaedf6540575/execute/async - {"script":"<script> [776 bytes]","args":[{"enterText":"100","selector":{"controlType":"sap.m.Input","viewName":"etm.portal.ui.managehandovers.view.AddNewHO","viewId":"application-managehandovers-display-component---AddNewHO","bindingPath":{"path":"/items/0","propertyPath":"TYPE","modelName":"hoItemsModel"},"interaction":{"idSuffix":"inner"}},"clearTextFirst":true,"interactionType":"ENTER_TEXT"}]}
RESULT: {"script":"<script> [776 bytes]","args":[{"enterText":"100","selector":{"controlType":"sap.m.Input","viewName":"etm.portal.ui.managehandovers.view.AddNewHO","viewId":"application-managehandovers-display-component---AddNewHO","bindingPath":{"path":"/items/0","propertyPath":"TYPE","modelName":"hoItemsModel"},"interaction":{"idSuffix":"inner"}},"clearTextFirst":true,"interactionType":"ENTER_TEXT"}]}
COMMAND: POST /session/aedfa18944cc4355ab8cbaedf6540575/element - {"using":"xpath","value":"//button[@data-kt=\"AddNewHOSaveButton\"]"}
RESULT: {"using":"xpath","value":"//button[@data-kt=\"AddNewHOSaveButton\"]"}
COMMAND: POST /session/aedfa18944cc4355ab8cbaedf6540575/element/f.694E2BBF071ECDE7169F205C0A1B1FBC.d.EA9EF57F3622B4A1B240D17BA549C4EF.e.4198/click - {}
RESULT: {}
COMMAND: GET /session/aedfa18944cc4355ab8cbaedf6540575/screenshot - {}
RESULT: {}
COMMAND: POST /session/aedfa18944cc4355ab8cbaedf6540575/execute/async - {"script":"<script> [1562 bytes]","args":[{"selector":{"id":"receiptDatePicker","viewName":"etm.portal.ui.managehandovers.view.DetailExecuteHO","interaction":{"idSuffix":"inner"}},"wdio_ui5_key":"receiptDatePickeretmportal.ui.managehandovers.view.DetailExecuteHO"}]}
RESULT: {"script":"<script> [1562 bytes]","args":[{"selector":{"id":"receiptDatePicker","viewName":"etm.portal.ui.managehandovers.view.DetailExecuteHO","interaction":{"idSuffix":"inner"}},"wdio_ui5_key":"receiptDatePickeretmportal.ui.managehandovers.view.DetailExecuteHO"}]}
RESULT: undefined
COMMAND: POST /session/aedfa18944cc4355ab8cbaedf6540575/execute/async - {"script":"<script> [6424 bytes]","args":[{"element-6066-11e4-a52e-4f735466cecf":"f.694E2BBF071ECDE7169F205C0A1B1FBC.d.EA9EF57F3622B4A1B240D17BA549C4EF.e.4231"},"setValue",["04/14/2025"]]}
RESULT: {"script":"<script> [6424 bytes]","args":[{"element-6066-11e4-a52e-4f735466cecf":"f.694E2BBF071ECDE7169F205C0A1B1FBC.d.EA9EF57F3622B4A1B240D17BA549C4EF.e.4231"},"setValue",["04/14/2025"]]}
COMMAND: POST /session/aedfa18944cc4355ab8cbaedf6540575/element - {"using":"xpath","value":"//button[@data-kt=\"PickingTableConfirmAllButton\"]"}
RESULT: {"using":"xpath","value":"//button[@data-kt=\"PickingTableConfirmAllButton\"]"}
COMMAND: POST /session/aedfa18944cc4355ab8cbaedf6540575/element/f.694E2BBF071ECDE7169F205C0A1B1FBC.d.EA9EF57F3622B4A1B240D17BA549C4EF.e.4245/click - {}
RESULT: {}
COMMAND: GET /session/aedfa18944cc4355ab8cbaedf6540575/screenshot - {}
RESULT: {}
COMMAND: POST /session/aedfa18944cc4355ab8cbaedf6540575/element - {"using":"xpath","value":"//bdi[contains(text(), \"OK\")]"}
RESULT: {"using":"xpath","value":"//bdi[contains(text(), \"OK\")]"}
COMMAND: POST /session/aedfa18944cc4355ab8cbaedf6540575/element/f.694E2BBF071ECDE7169F205C0A1B1FBC.d.EA9EF57F3622B4A1B240D17BA549C4EF.e.4247/click - {}
RESULT: {}
COMMAND: GET /session/aedfa18944cc4355ab8cbaedf6540575/screenshot - {}
RESULT: {}
COMMAND: POST /session/aedfa18944cc4355ab8cbaedf6540575/element - {"using":"xpath","value":"(//bdi[contains(text(), \"Receive\")])[2]"}
RESULT: {"using":"xpath","value":"(//bdi[contains(text(), \"Receive\")])[2]"}
COMMAND: POST /session/aedfa18944cc4355ab8cbaedf6540575/element/f.694E2BBF071ECDE7169F205C0A1B1FBC.d.EA9EF57F3622B4A1B240D17BA549C4EF.e.4249/click - {}
RESULT: {}
COMMAND: GET /session/aedfa18944cc4355ab8cbaedf6540575/screenshot - {}
RESULT: {}
COMMAND: POST /session/aedfa18944cc4355ab8cbaedf6540575/element - {"using":"css selector","value":"#shell-header-logo"}
RESULT: {"using":"css selector","value":"#shell-header-logo"}
COMMAND: POST /session/aedfa18944cc4355ab8cbaedf6540575/element/f.694E2BBF071ECDE7169F205C0A1B1FBC.d.EA9EF57F3622B4A1B240D17BA549C4EF.e.3743/click - {}
RESULT: {}
]]></system-out>
    </testcase>
    <testcase classname="chrome.135_0_7049_42.windows.E2E_-_Logistical_and_commercial_statuses" name="Should add a pricing rule and a condition to the RU" time="108.999">
      <system-out><![CDATA[
COMMAND: POST /session/aedfa18944cc4355ab8cbaedf6540575/execute/async - {"script":"<script> [1562 bytes]","args":[{"selector":{"controlType":"sap.m.GenericTile","properties":{"header":"Manage Pricing Rules"}},"wdio_ui5_key":"sapm.GenericTile{\"header\":\"Manage Pricing Rules\"}"}]}
COMMAND: GET /session/aedfa18944cc4355ab8cbaedf6540575/screenshot - {}
RESULT: {"script":"<script> [1562 bytes]","args":[{"selector":{"controlType":"sap.m.GenericTile","properties":{"header":"Manage Pricing Rules"}},"wdio_ui5_key":"sapm.GenericTile{\"header\":\"Manage Pricing Rules\"}"}]}
RESULT: undefined
COMMAND: POST /session/aedfa18944cc4355ab8cbaedf6540575/element - {"using":"xpath","value":"//*[@id=\"__tile70\"]"}
RESULT: {}
RESULT: {"using":"xpath","value":"//*[@id=\"__tile70\"]"}
COMMAND: POST /session/aedfa18944cc4355ab8cbaedf6540575/element/f.694E2BBF071ECDE7169F205C0A1B1FBC.d.EA9EF57F3622B4A1B240D17BA549C4EF.e.4388/click - {}
RESULT: {}
COMMAND: GET /session/aedfa18944cc4355ab8cbaedf6540575/screenshot - {}
RESULT: {}
COMMAND: POST /session/aedfa18944cc4355ab8cbaedf6540575/execute/async - {"script":"<script> [1562 bytes]","args":[{"selector":{"controlType":"sap.ui.core.Icon","viewName":"etm.portal.ui.managepricingrules.view.MasterHeader","viewId":"application-managepricingrules-display-component---priceInfoHeader","properties":{"src":{"regex":{"source":"activity\\-items"}}}},"wdio_ui5_key":"etmportal.ui.managepricingrules.view.MasterHeadersap.ui.core.Icon{\"src\":{\"regex\":{\"source\":\"activity\\\\-items\"}}}"}]}
RESULT: {"script":"<script> [1562 bytes]","args":[{"selector":{"controlType":"sap.ui.core.Icon","viewName":"etm.portal.ui.managepricingrules.view.MasterHeader","viewId":"application-managepricingrules-display-component---priceInfoHeader","properties":{"src":{"regex":{"source":"activity\\-items"}}}},"wdio_ui5_key":"etmportal.ui.managepricingrules.view.MasterHeadersap.ui.core.Icon{\"src\":{\"regex\":{\"source\":\"activity\\\\-items\"}}}"}]}
RESULT: undefined
COMMAND: POST /session/aedfa18944cc4355ab8cbaedf6540575/element - {"using":"xpath","value":"//*[@id=\"__filter22-icon\"]"}
RESULT: {"using":"xpath","value":"//*[@id=\"__filter22-icon\"]"}
COMMAND: POST /session/aedfa18944cc4355ab8cbaedf6540575/element/f.694E2BBF071ECDE7169F205C0A1B1FBC.d.EA9EF57F3622B4A1B240D17BA549C4EF.e.4469/click - {}
RESULT: {}
COMMAND: GET /session/aedfa18944cc4355ab8cbaedf6540575/screenshot - {}
RESULT: {}
COMMAND: POST /session/aedfa18944cc4355ab8cbaedf6540575/execute/async - {"script":"<script> [1562 bytes]","args":[{"selector":{"controlType":"sap.ui.core.Icon","viewName":"etm.portal.ui.managepricingrules.view.MasterItem","viewId":"application-managepricingrules-display-component---priceInfoItem","properties":{"src":{"regex":{"source":"add"}}}},"wdio_ui5_key":"etmportal.ui.managepricingrules.view.MasterItemsap.ui.core.Icon{\"src\":{\"regex\":{\"source\":\"add\"}}}"}]}
RESULT: {"script":"<script> [1562 bytes]","args":[{"selector":{"controlType":"sap.ui.core.Icon","viewName":"etm.portal.ui.managepricingrules.view.MasterItem","viewId":"application-managepricingrules-display-component---priceInfoItem","properties":{"src":{"regex":{"source":"add"}}}},"wdio_ui5_key":"etmportal.ui.managepricingrules.view.MasterItemsap.ui.core.Icon{\"src\":{\"regex\":{\"source\":\"add\"}}}"}]}
RESULT: undefined
COMMAND: POST /session/aedfa18944cc4355ab8cbaedf6540575/element - {"using":"xpath","value":"//*[@id=\"__button113-img\"]"}
RESULT: {"using":"xpath","value":"//*[@id=\"__button113-img\"]"}
COMMAND: POST /session/aedfa18944cc4355ab8cbaedf6540575/element/f.694E2BBF071ECDE7169F205C0A1B1FBC.d.EA9EF57F3622B4A1B240D17BA549C4EF.e.4706/click - {}
RESULT: {}
COMMAND: GET /session/aedfa18944cc4355ab8cbaedf6540575/screenshot - {}
RESULT: {}
COMMAND: POST /session/aedfa18944cc4355ab8cbaedf6540575/element - {"using":"xpath","value":"//input[@id=\"application-managepricingrules-display-component---newInfoPriceItem--condRU-inner\"]"}
RESULT: {"using":"xpath","value":"//input[@id=\"application-managepricingrules-display-component---newInfoPriceItem--condRU-inner\"]"}
COMMAND: POST /session/aedfa18944cc4355ab8cbaedf6540575/element/f.694E2BBF071ECDE7169F205C0A1B1FBC.d.EA9EF57F3622B4A1B240D17BA549C4EF.e.4844/clear - {}
RESULT: {}
COMMAND: POST /session/aedfa18944cc4355ab8cbaedf6540575/element/f.694E2BBF071ECDE7169F205C0A1B1FBC.d.EA9EF57F3622B4A1B240D17BA549C4EF.e.4844/value - {"text":"WebdriverRUR2C132yj"}
COMMAND: GET /session/aedfa18944cc4355ab8cbaedf6540575/screenshot - {}
RESULT: {"text":"WebdriverRUR2C132yj"}
COMMAND: POST /session/aedfa18944cc4355ab8cbaedf6540575/execute/async - {"script":"<script> [1562 bytes]","args":[{"selector":{"id":"application-managepricingrules-display-component---newInfoPriceItem--condValidTo","interaction":{"idSuffix":"inner"}},"wdio_ui5_key":"applicationmanagepricingrules-display-component---newInfoPriceItem--condValidTo"}]}
COMMAND: GET /session/aedfa18944cc4355ab8cbaedf6540575/screenshot - {}
RESULT: {}
RESULT: {"script":"<script> [1562 bytes]","args":[{"selector":{"id":"application-managepricingrules-display-component---newInfoPriceItem--condValidTo","interaction":{"idSuffix":"inner"}},"wdio_ui5_key":"applicationmanagepricingrules-display-component---newInfoPriceItem--condValidTo"}]}
RESULT: undefined
COMMAND: POST /session/aedfa18944cc4355ab8cbaedf6540575/execute/async - {"script":"<script> [776 bytes]","args":[{"enterText":"5/18/33","selector":{"id":"application-managepricingrules-display-component---newInfoPriceItem--condValidTo","interaction":{"idSuffix":"inner"}},"clearTextFirst":true,"interactionType":"ENTER_TEXT"}]}
RESULT: {}
RESULT: {"script":"<script> [776 bytes]","args":[{"enterText":"5/18/33","selector":{"id":"application-managepricingrules-display-component---newInfoPriceItem--condValidTo","interaction":{"idSuffix":"inner"}},"clearTextFirst":true,"interactionType":"ENTER_TEXT"}]}
COMMAND: POST /session/aedfa18944cc4355ab8cbaedf6540575/execute/async - {"script":"<script> [1562 bytes]","args":[{"selector":{"id":"application-managepricingrules-display-component---newInfoPriceItem--billType-arrow"},"wdio_ui5_key":"applicationmanagepricingrules-display-component---newInfoPriceItem--billType-arrow"}]}
RESULT: {"script":"<script> [1562 bytes]","args":[{"selector":{"id":"application-managepricingrules-display-component---newInfoPriceItem--billType-arrow"},"wdio_ui5_key":"applicationmanagepricingrules-display-component---newInfoPriceItem--billType-arrow"}]}
RESULT: undefined
COMMAND: POST /session/aedfa18944cc4355ab8cbaedf6540575/element - {"using":"xpath","value":"//*[@id=\"application-managepricingrules-display-component---newInfoPriceItem--billType-arrow\"]"}
RESULT: {"using":"xpath","value":"//*[@id=\"application-managepricingrules-display-component---newInfoPriceItem--billType-arrow\"]"}
COMMAND: POST /session/aedfa18944cc4355ab8cbaedf6540575/element/f.694E2BBF071ECDE7169F205C0A1B1FBC.d.EA9EF57F3622B4A1B240D17BA549C4EF.e.4931/click - {}
RESULT: {}
COMMAND: POST /session/aedfa18944cc4355ab8cbaedf6540575/element - {"using":"xpath","value":"//span[contains(text(), \"TB - Time based\")]"}
COMMAND: GET /session/aedfa18944cc4355ab8cbaedf6540575/screenshot - {}
RESULT: {"using":"xpath","value":"//span[contains(text(), \"TB - Time based\")]"}
COMMAND: POST /session/aedfa18944cc4355ab8cbaedf6540575/element/f.694E2BBF071ECDE7169F205C0A1B1FBC.d.EA9EF57F3622B4A1B240D17BA549C4EF.e.4976/click - {}
RESULT: {}
RESULT: {}
COMMAND: POST /session/aedfa18944cc4355ab8cbaedf6540575/execute/async - {"script":"<script> [1562 bytes]","args":[{"selector":{"id":"application-managepricingrules-display-component---newInfoPriceItem--priceProc-arrow"},"wdio_ui5_key":"applicationmanagepricingrules-display-component---newInfoPriceItem--priceProc-arrow"}]}
COMMAND: GET /session/aedfa18944cc4355ab8cbaedf6540575/screenshot - {}
RESULT: {"script":"<script> [1562 bytes]","args":[{"selector":{"id":"application-managepricingrules-display-component---newInfoPriceItem--priceProc-arrow"},"wdio_ui5_key":"applicationmanagepricingrules-display-component---newInfoPriceItem--priceProc-arrow"}]}
RESULT: undefined
COMMAND: POST /session/aedfa18944cc4355ab8cbaedf6540575/element - {"using":"xpath","value":"//*[@id=\"application-managepricingrules-display-component---newInfoPriceItem--priceProc-arrow\"]"}
RESULT: {}
RESULT: {"using":"xpath","value":"//*[@id=\"application-managepricingrules-display-component---newInfoPriceItem--priceProc-arrow\"]"}
COMMAND: POST /session/aedfa18944cc4355ab8cbaedf6540575/element/f.694E2BBF071ECDE7169F205C0A1B1FBC.d.EA9EF57F3622B4A1B240D17BA549C4EF.e.4938/click - {}
RESULT: {}
COMMAND: POST /session/aedfa18944cc4355ab8cbaedf6540575/element - {"using":"xpath","value":"//span[contains(text(), \"TBS - Time based standard\")]"}
COMMAND: GET /session/aedfa18944cc4355ab8cbaedf6540575/screenshot - {}
RESULT: {"using":"xpath","value":"//span[contains(text(), \"TBS - Time based standard\")]"}
COMMAND: POST /session/aedfa18944cc4355ab8cbaedf6540575/element/f.694E2BBF071ECDE7169F205C0A1B1FBC.d.EA9EF57F3622B4A1B240D17BA549C4EF.e.4977/click - {}
RESULT: {}
RESULT: {}
COMMAND: POST /session/aedfa18944cc4355ab8cbaedf6540575/execute/async - {"script":"<script> [1562 bytes]","args":[{"selector":{"id":"application-managepricingrules-display-component---newInfoPriceItem--calcBase-arrow"},"wdio_ui5_key":"applicationmanagepricingrules-display-component---newInfoPriceItem--calcBase-arrow"}]}
COMMAND: GET /session/aedfa18944cc4355ab8cbaedf6540575/screenshot - {}
RESULT: {"script":"<script> [1562 bytes]","args":[{"selector":{"id":"application-managepricingrules-display-component---newInfoPriceItem--calcBase-arrow"},"wdio_ui5_key":"applicationmanagepricingrules-display-component---newInfoPriceItem--calcBase-arrow"}]}
RESULT: undefined
COMMAND: POST /session/aedfa18944cc4355ab8cbaedf6540575/element - {"using":"xpath","value":"//*[@id=\"application-managepricingrules-display-component---newInfoPriceItem--calcBase-arrow\"]"}
RESULT: {}
RESULT: {"using":"xpath","value":"//*[@id=\"application-managepricingrules-display-component---newInfoPriceItem--calcBase-arrow\"]"}
COMMAND: POST /session/aedfa18944cc4355ab8cbaedf6540575/element/f.694E2BBF071ECDE7169F205C0A1B1FBC.d.EA9EF57F3622B4A1B240D17BA549C4EF.e.4945/click - {}
RESULT: {}
COMMAND: GET /session/aedfa18944cc4355ab8cbaedf6540575/screenshot - {}
RESULT: {}
COMMAND: POST /session/aedfa18944cc4355ab8cbaedf6540575/element - {"using":"xpath","value":"//span[contains(text(), \"0006 - TB(calendar days)\")]"}
RESULT: {"using":"xpath","value":"//span[contains(text(), \"0006 - TB(calendar days)\")]"}
COMMAND: POST /session/aedfa18944cc4355ab8cbaedf6540575/element/f.694E2BBF071ECDE7169F205C0A1B1FBC.d.EA9EF57F3622B4A1B240D17BA549C4EF.e.4978/click - {}
RESULT: {}
COMMAND: POST /session/aedfa18944cc4355ab8cbaedf6540575/execute/async - {"script":"<script> [1562 bytes]","args":[{"selector":{"id":"application-managepricingrules-display-component---newInfoPriceItem--daysMonth","interaction":{"idSuffix":"inner"}},"wdio_ui5_key":"applicationmanagepricingrules-display-component---newInfoPriceItem--daysMonth"}]}
COMMAND: GET /session/aedfa18944cc4355ab8cbaedf6540575/screenshot - {}
RESULT: {"script":"<script> [1562 bytes]","args":[{"selector":{"id":"application-managepricingrules-display-component---newInfoPriceItem--daysMonth","interaction":{"idSuffix":"inner"}},"wdio_ui5_key":"applicationmanagepricingrules-display-component---newInfoPriceItem--daysMonth"}]}
RESULT: undefined
COMMAND: POST /session/aedfa18944cc4355ab8cbaedf6540575/execute/async - {"script":"<script> [776 bytes]","args":[{"enterText":"30","selector":{"id":"application-managepricingrules-display-component---newInfoPriceItem--daysMonth","interaction":{"idSuffix":"inner"}},"clearTextFirst":true,"interactionType":"ENTER_TEXT"}]}
RESULT: {}
RESULT: {"script":"<script> [776 bytes]","args":[{"enterText":"30","selector":{"id":"application-managepricingrules-display-component---newInfoPriceItem--daysMonth","interaction":{"idSuffix":"inner"}},"clearTextFirst":true,"interactionType":"ENTER_TEXT"}]}
COMMAND: POST /session/aedfa18944cc4355ab8cbaedf6540575/element - {"using":"xpath","value":"//button[@data-kt=\"saveNewRuleButton\"]"}
RESULT: {"using":"xpath","value":"//button[@data-kt=\"saveNewRuleButton\"]"}
COMMAND: POST /session/aedfa18944cc4355ab8cbaedf6540575/element/f.694E2BBF071ECDE7169F205C0A1B1FBC.d.EA9EF57F3622B4A1B240D17BA549C4EF.e.4966/click - {}
RESULT: {}
COMMAND: GET /session/aedfa18944cc4355ab8cbaedf6540575/screenshot - {}
RESULT: {}
COMMAND: POST /session/aedfa18944cc4355ab8cbaedf6540575/element - {"using":"css selector","value":"#shell-header-logo"}
RESULT: {"using":"css selector","value":"#shell-header-logo"}
COMMAND: POST /session/aedfa18944cc4355ab8cbaedf6540575/element/f.694E2BBF071ECDE7169F205C0A1B1FBC.d.EA9EF57F3622B4A1B240D17BA549C4EF.e.4390/click - {}
RESULT: {}
COMMAND: GET /session/aedfa18944cc4355ab8cbaedf6540575/screenshot - {}
RESULT: {}
COMMAND: POST /session/aedfa18944cc4355ab8cbaedf6540575/execute/async - {"script":"<script> [1562 bytes]","args":[{"selector":{"controlType":"sap.m.Text","properties":{"text":"Manage Conditions & Prices"},"interaction":{"idSuffix":"inner"}},"wdio_ui5_key":"sapm.Text{\"text\":\"Manage Conditions & Prices\"}"}]}
RESULT: {"script":"<script> [1562 bytes]","args":[{"selector":{"controlType":"sap.m.Text","properties":{"text":"Manage Conditions & Prices"},"interaction":{"idSuffix":"inner"}},"wdio_ui5_key":"sapm.Text{\"text\":\"Manage Conditions & Prices\"}"}]}
RESULT: undefined
COMMAND: POST /session/aedfa18944cc4355ab8cbaedf6540575/element - {"using":"xpath","value":"//*[@id=\"__tile68-title\"]"}
RESULT: {"using":"xpath","value":"//*[@id=\"__tile68-title\"]"}
COMMAND: POST /session/aedfa18944cc4355ab8cbaedf6540575/element/f.694E2BBF071ECDE7169F205C0A1B1FBC.d.EA9EF57F3622B4A1B240D17BA549C4EF.e.4986/click - {}
RESULT: {}
COMMAND: GET /session/aedfa18944cc4355ab8cbaedf6540575/screenshot - {}
RESULT: {}
COMMAND: POST /session/aedfa18944cc4355ab8cbaedf6540575/element - {"using":"xpath","value":"//button[@aria-label=\"Create\"]"}
RESULT: {"using":"xpath","value":"//button[@aria-label=\"Create\"]"}
COMMAND: POST /session/aedfa18944cc4355ab8cbaedf6540575/elements - {"using":"xpath","value":"//button[@aria-label=\"Create\"]"}
RESULT: {"using":"xpath","value":"//button[@aria-label=\"Create\"]"}
COMMAND: POST /session/aedfa18944cc4355ab8cbaedf6540575/elements - {"using":"xpath","value":"//button[@aria-label=\"Create\"]"}
RESULT: {"using":"xpath","value":"//button[@aria-label=\"Create\"]"}
COMMAND: POST /session/aedfa18944cc4355ab8cbaedf6540575/element - {"using":"xpath","value":"//button[@aria-label=\"Create\"]"}
RESULT: {"using":"xpath","value":"//button[@aria-label=\"Create\"]"}
COMMAND: POST /session/aedfa18944cc4355ab8cbaedf6540575/element/f.694E2BBF071ECDE7169F205C0A1B1FBC.d.EA9EF57F3622B4A1B240D17BA549C4EF.e.5018/click - {}
RESULT: {}
COMMAND: POST /session/aedfa18944cc4355ab8cbaedf6540575/actions - {"actions":[{"id":"action8","type":"key","parameters":{},"actions":[{"type":"keyDown","value":""},{"type":"pause","duration":10},{"type":"keyUp","value":""}]}]}
COMMAND: GET /session/aedfa18944cc4355ab8cbaedf6540575/screenshot - {}
RESULT: {"actions":[{"id":"action8","type":"key","parameters":{},"actions":[{"type":"keyDown","value":""},{"type":"pause","duration":10},{"type":"keyUp","value":""}]}]}
COMMAND: GET /session/aedfa18944cc4355ab8cbaedf6540575/screenshot - {}
COMMAND: POST /session/aedfa18944cc4355ab8cbaedf6540575/execute/async - {"script":"<script> [1562 bytes]","args":[{"selector":{"id":"application-manageconditionprice-display-component---newCondition--condBillCond-arrow"},"wdio_ui5_key":"applicationmanageconditionprice-display-component---newCondition--condBillCond-arrow"}]}
RESULT: {}
RESULT: {}
RESULT: {"script":"<script> [1562 bytes]","args":[{"selector":{"id":"application-manageconditionprice-display-component---newCondition--condBillCond-arrow"},"wdio_ui5_key":"applicationmanageconditionprice-display-component---newCondition--condBillCond-arrow"}]}
RESULT: undefined
COMMAND: POST /session/aedfa18944cc4355ab8cbaedf6540575/element - {"using":"xpath","value":"//*[@id=\"application-manageconditionprice-display-component---newCondition--condBillCond-arrow\"]"}
RESULT: {"using":"xpath","value":"//*[@id=\"application-manageconditionprice-display-component---newCondition--condBillCond-arrow\"]"}
COMMAND: POST /session/aedfa18944cc4355ab8cbaedf6540575/element/f.694E2BBF071ECDE7169F205C0A1B1FBC.d.EA9EF57F3622B4A1B240D17BA549C4EF.e.5428/click - {}
RESULT: {}
COMMAND: POST /session/aedfa18944cc4355ab8cbaedf6540575/element - {"using":"xpath","value":"//span[contains(text(), \"DISP - D&I special price\")]"}
COMMAND: GET /session/aedfa18944cc4355ab8cbaedf6540575/screenshot - {}
RESULT: {"using":"xpath","value":"//span[contains(text(), \"DISP - D&I special price\")]"}
COMMAND: POST /session/aedfa18944cc4355ab8cbaedf6540575/element/f.694E2BBF071ECDE7169F205C0A1B1FBC.d.EA9EF57F3622B4A1B240D17BA549C4EF.e.5429/click - {}
RESULT: {}
RESULT: {}
COMMAND: POST /session/aedfa18944cc4355ab8cbaedf6540575/execute/async - {"script":"<script> [1562 bytes]","args":[{"selector":{"id":"application-manageconditionprice-display-component---newCondition--condValidTo","interaction":{"idSuffix":"inner"}},"wdio_ui5_key":"applicationmanageconditionprice-display-component---newCondition--condValidTo"}]}
COMMAND: GET /session/aedfa18944cc4355ab8cbaedf6540575/screenshot - {}
RESULT: {"script":"<script> [1562 bytes]","args":[{"selector":{"id":"application-manageconditionprice-display-component---newCondition--condValidTo","interaction":{"idSuffix":"inner"}},"wdio_ui5_key":"applicationmanageconditionprice-display-component---newCondition--condValidTo"}]}
RESULT: undefined
COMMAND: POST /session/aedfa18944cc4355ab8cbaedf6540575/execute/async - {"script":"<script> [776 bytes]","args":[{"enterText":"5/11/33","selector":{"id":"application-manageconditionprice-display-component---newCondition--condValidTo","interaction":{"idSuffix":"inner"}},"clearTextFirst":true,"interactionType":"ENTER_TEXT"}]}
RESULT: {}
RESULT: {"script":"<script> [776 bytes]","args":[{"enterText":"5/11/33","selector":{"id":"application-manageconditionprice-display-component---newCondition--condValidTo","interaction":{"idSuffix":"inner"}},"clearTextFirst":true,"interactionType":"ENTER_TEXT"}]}
COMMAND: POST /session/aedfa18944cc4355ab8cbaedf6540575/element - {"using":"xpath","value":"//input[@id=\"application-manageconditionprice-display-component---newCondition--condRU-inner\"]"}
RESULT: {"using":"xpath","value":"//input[@id=\"application-manageconditionprice-display-component---newCondition--condRU-inner\"]"}
COMMAND: POST /session/aedfa18944cc4355ab8cbaedf6540575/element/f.694E2BBF071ECDE7169F205C0A1B1FBC.d.EA9EF57F3622B4A1B240D17BA549C4EF.e.5184/clear - {}
RESULT: {}
COMMAND: POST /session/aedfa18944cc4355ab8cbaedf6540575/element/f.694E2BBF071ECDE7169F205C0A1B1FBC.d.EA9EF57F3622B4A1B240D17BA549C4EF.e.5184/value - {"text":"WebdriverRUR2C132yj"}
COMMAND: GET /session/aedfa18944cc4355ab8cbaedf6540575/screenshot - {}
RESULT: {"text":"WebdriverRUR2C132yj"}
COMMAND: GET /session/aedfa18944cc4355ab8cbaedf6540575/screenshot - {}
RESULT: {}
RESULT: {}
COMMAND: POST /session/aedfa18944cc4355ab8cbaedf6540575/actions - {"actions":[{"id":"action9","type":"key","parameters":{},"actions":[{"type":"keyDown","value":""},{"type":"pause","duration":10},{"type":"keyUp","value":""}]}]}
RESULT: {"actions":[{"id":"action9","type":"key","parameters":{},"actions":[{"type":"keyDown","value":""},{"type":"pause","duration":10},{"type":"keyUp","value":""}]}]}
COMMAND: POST /session/aedfa18944cc4355ab8cbaedf6540575/execute/async - {"script":"<script> [1562 bytes]","args":[{"selector":{"id":"application-manageconditionprice-display-component---newCondition--condBaseQty","interaction":{"idSuffix":"inner"}},"wdio_ui5_key":"applicationmanageconditionprice-display-component---newCondition--condBaseQty"}]}
COMMAND: GET /session/aedfa18944cc4355ab8cbaedf6540575/screenshot - {}
RESULT: {"script":"<script> [1562 bytes]","args":[{"selector":{"id":"application-manageconditionprice-display-component---newCondition--condBaseQty","interaction":{"idSuffix":"inner"}},"wdio_ui5_key":"applicationmanageconditionprice-display-component---newCondition--condBaseQty"}]}
RESULT: undefined
COMMAND: POST /session/aedfa18944cc4355ab8cbaedf6540575/execute/async - {"script":"<script> [776 bytes]","args":[{"enterText":"1","selector":{"id":"application-manageconditionprice-display-component---newCondition--condBaseQty","interaction":{"idSuffix":"inner"}},"clearTextFirst":true,"interactionType":"ENTER_TEXT"}]}
RESULT: {}
RESULT: {"script":"<script> [776 bytes]","args":[{"enterText":"1","selector":{"id":"application-manageconditionprice-display-component---newCondition--condBaseQty","interaction":{"idSuffix":"inner"}},"clearTextFirst":true,"interactionType":"ENTER_TEXT"}]}
COMMAND: POST /session/aedfa18944cc4355ab8cbaedf6540575/execute/async - {"script":"<script> [1562 bytes]","args":[{"selector":{"id":"application-manageconditionprice-display-component---newCondition--condValue","interaction":{"idSuffix":"inner"}},"wdio_ui5_key":"applicationmanageconditionprice-display-component---newCondition--condValue"}]}
RESULT: {"script":"<script> [1562 bytes]","args":[{"selector":{"id":"application-manageconditionprice-display-component---newCondition--condValue","interaction":{"idSuffix":"inner"}},"wdio_ui5_key":"applicationmanageconditionprice-display-component---newCondition--condValue"}]}
RESULT: undefined
COMMAND: POST /session/aedfa18944cc4355ab8cbaedf6540575/execute/async - {"script":"<script> [776 bytes]","args":[{"enterText":"100","selector":{"id":"application-manageconditionprice-display-component---newCondition--condValue","interaction":{"idSuffix":"inner"}},"clearTextFirst":true,"interactionType":"ENTER_TEXT"}]}
RESULT: {"script":"<script> [776 bytes]","args":[{"enterText":"100","selector":{"id":"application-manageconditionprice-display-component---newCondition--condValue","interaction":{"idSuffix":"inner"}},"clearTextFirst":true,"interactionType":"ENTER_TEXT"}]}
COMMAND: POST /session/aedfa18944cc4355ab8cbaedf6540575/execute/async - {"script":"<script> [1562 bytes]","args":[{"selector":{"id":"application-manageconditionprice-display-component---newCondition--condCurr-arrow"},"wdio_ui5_key":"applicationmanageconditionprice-display-component---newCondition--condCurr-arrow"}]}
RESULT: {"script":"<script> [1562 bytes]","args":[{"selector":{"id":"application-manageconditionprice-display-component---newCondition--condCurr-arrow"},"wdio_ui5_key":"applicationmanageconditionprice-display-component---newCondition--condCurr-arrow"}]}
RESULT: undefined
COMMAND: POST /session/aedfa18944cc4355ab8cbaedf6540575/element - {"using":"xpath","value":"//*[@id=\"application-manageconditionprice-display-component---newCondition--condCurr-arrow\"]"}
RESULT: {"using":"xpath","value":"//*[@id=\"application-manageconditionprice-display-component---newCondition--condCurr-arrow\"]"}
COMMAND: POST /session/aedfa18944cc4355ab8cbaedf6540575/element/f.694E2BBF071ECDE7169F205C0A1B1FBC.d.EA9EF57F3622B4A1B240D17BA549C4EF.e.5402/click - {}
RESULT: {}
COMMAND: POST /session/aedfa18944cc4355ab8cbaedf6540575/element - {"using":"xpath","value":"//span[contains(text(), \"Euro\")]"}
COMMAND: GET /session/aedfa18944cc4355ab8cbaedf6540575/screenshot - {}
RESULT: {"using":"xpath","value":"//span[contains(text(), \"Euro\")]"}
COMMAND: POST /session/aedfa18944cc4355ab8cbaedf6540575/element/f.694E2BBF071ECDE7169F205C0A1B1FBC.d.EA9EF57F3622B4A1B240D17BA549C4EF.e.5465/click - {}
RESULT: {}
RESULT: {}
COMMAND: POST /session/aedfa18944cc4355ab8cbaedf6540575/element - {"using":"xpath","value":"//button[@data-kt=\"saveButton\"]"}
COMMAND: GET /session/aedfa18944cc4355ab8cbaedf6540575/screenshot - {}
RESULT: {"using":"xpath","value":"//button[@data-kt=\"saveButton\"]"}
COMMAND: POST /session/aedfa18944cc4355ab8cbaedf6540575/element/f.694E2BBF071ECDE7169F205C0A1B1FBC.d.EA9EF57F3622B4A1B240D17BA549C4EF.e.5403/click - {}
RESULT: {}
RESULT: {}
COMMAND: GET /session/aedfa18944cc4355ab8cbaedf6540575/screenshot - {}
RESULT: {}
COMMAND: POST /session/aedfa18944cc4355ab8cbaedf6540575/element - {"using":"css selector","value":"#shell-header-logo"}
RESULT: {"using":"css selector","value":"#shell-header-logo"}
COMMAND: POST /session/aedfa18944cc4355ab8cbaedf6540575/element/f.694E2BBF071ECDE7169F205C0A1B1FBC.d.EA9EF57F3622B4A1B240D17BA549C4EF.e.4989/click - {}
RESULT: {}
COMMAND: GET /session/aedfa18944cc4355ab8cbaedf6540575/screenshot - {}
RESULT: {}
]]></system-out>
    </testcase>
    <testcase classname="chrome.135_0_7049_42.windows.E2E_-_Logistical_and_commercial_statuses" name="Should create a new contract" time="58.88">
      <system-out><![CDATA[
COMMAND: POST /session/aedfa18944cc4355ab8cbaedf6540575/execute/async - {"script":"<script> [1562 bytes]","args":[{"selector":{"controlType":"sap.m.GenericTile","viewName":"etm.portal.ui.managecontractstile.view.Master","i18NText":{"propertyName":"header","key":"manageContractsTileTitle"}},"wdio_ui5_key":"etmportal.ui.managecontractstile.view.Mastersap.m.GenericTile{\"propertyName\":\"header\",\"key\":\"manageContractsTileTitle\"}"}]}
RESULT: {"script":"<script> [1562 bytes]","args":[{"selector":{"controlType":"sap.m.GenericTile","viewName":"etm.portal.ui.managecontractstile.view.Master","i18NText":{"propertyName":"header","key":"manageContractsTileTitle"}},"wdio_ui5_key":"etmportal.ui.managecontractstile.view.Mastersap.m.GenericTile{\"propertyName\":\"header\",\"key\":\"manageContractsTileTitle\"}"}]}
RESULT: undefined
COMMAND: POST /session/aedfa18944cc4355ab8cbaedf6540575/element - {"using":"xpath","value":"//*[@id=\"__tile130\"]"}
RESULT: {"using":"xpath","value":"//*[@id=\"__tile130\"]"}
COMMAND: POST /session/aedfa18944cc4355ab8cbaedf6540575/element/f.694E2BBF071ECDE7169F205C0A1B1FBC.d.EA9EF57F3622B4A1B240D17BA549C4EF.e.5471/click - {}
RESULT: {}
COMMAND: GET /session/aedfa18944cc4355ab8cbaedf6540575/screenshot - {}
RESULT: {}
RESULT: undefined
COMMAND: POST /session/aedfa18944cc4355ab8cbaedf6540575/element - {"using":"xpath","value":"//button[@data-kt=\"addButton\"]"}
RESULT: {"using":"xpath","value":"//button[@data-kt=\"addButton\"]"}
COMMAND: POST /session/aedfa18944cc4355ab8cbaedf6540575/element/f.694E2BBF071ECDE7169F205C0A1B1FBC.d.EA9EF57F3622B4A1B240D17BA549C4EF.e.5510/click - {}
RESULT: {}
COMMAND: GET /session/aedfa18944cc4355ab8cbaedf6540575/screenshot - {}
RESULT: {}
COMMAND: POST /session/aedfa18944cc4355ab8cbaedf6540575/execute/async - {"script":"<script> [1562 bytes]","args":[{"selector":{"id":"application-managecontracts-display-component---AddNewContract--projectDescription","interaction":{"idSuffix":"inner"}},"wdio_ui5_key":"applicationmanagecontracts-display-component---AddNewContract--projectDescription"}]}
RESULT: {"script":"<script> [1562 bytes]","args":[{"selector":{"id":"application-managecontracts-display-component---AddNewContract--projectDescription","interaction":{"idSuffix":"inner"}},"wdio_ui5_key":"applicationmanagecontracts-display-component---AddNewContract--projectDescription"}]}
RESULT: undefined
COMMAND: POST /session/aedfa18944cc4355ab8cbaedf6540575/execute/async - {"script":"<script> [776 bytes]","args":[{"enterText":"WdIOR2cyxmpnf","selector":{"id":"application-managecontracts-display-component---AddNewContract--projectDescription","interaction":{"idSuffix":"inner"}},"clearTextFirst":true,"interactionType":"ENTER_TEXT"}]}
RESULT: {"script":"<script> [776 bytes]","args":[{"enterText":"WdIOR2cyxmpnf","selector":{"id":"application-managecontracts-display-component---AddNewContract--projectDescription","interaction":{"idSuffix":"inner"}},"clearTextFirst":true,"interactionType":"ENTER_TEXT"}]}
COMMAND: POST /session/aedfa18944cc4355ab8cbaedf6540575/element - {"using":"xpath","value":"//input[@id=\"application-managecontracts-display-component---AddNewContract--yardId-inner\"]"}
RESULT: {"using":"xpath","value":"//input[@id=\"application-managecontracts-display-component---AddNewContract--yardId-inner\"]"}
COMMAND: POST /session/aedfa18944cc4355ab8cbaedf6540575/element/f.694E2BBF071ECDE7169F205C0A1B1FBC.d.EA9EF57F3622B4A1B240D17BA549C4EF.e.6004/clear - {}
RESULT: {}
COMMAND: POST /session/aedfa18944cc4355ab8cbaedf6540575/element/f.694E2BBF071ECDE7169F205C0A1B1FBC.d.EA9EF57F3622B4A1B240D17BA549C4EF.e.6004/value - {"text":"WebdriverYard853idi"}
COMMAND: GET /session/aedfa18944cc4355ab8cbaedf6540575/screenshot - {}
RESULT: {"text":"WebdriverYard853idi"}
COMMAND: GET /session/aedfa18944cc4355ab8cbaedf6540575/screenshot - {}
RESULT: {}
RESULT: {}
COMMAND: POST /session/aedfa18944cc4355ab8cbaedf6540575/actions - {"actions":[{"id":"action10","type":"key","parameters":{},"actions":[{"type":"keyDown","value":""},{"type":"pause","duration":10},{"type":"keyUp","value":""}]}]}
RESULT: {"actions":[{"id":"action10","type":"key","parameters":{},"actions":[{"type":"keyDown","value":""},{"type":"pause","duration":10},{"type":"keyUp","value":""}]}]}
COMMAND: GET /session/aedfa18944cc4355ab8cbaedf6540575/screenshot - {}
RESULT: {}
COMMAND: POST /session/aedfa18944cc4355ab8cbaedf6540575/element - {"using":"xpath","value":"//input[@id=\"application-managecontracts-display-component---AddNewContract--customerSelect-inner\"]"}
RESULT: {"using":"xpath","value":"//input[@id=\"application-managecontracts-display-component---AddNewContract--customerSelect-inner\"]"}
COMMAND: POST /session/aedfa18944cc4355ab8cbaedf6540575/element/f.694E2BBF071ECDE7169F205C0A1B1FBC.d.EA9EF57F3622B4A1B240D17BA549C4EF.e.6002/clear - {}
RESULT: {}
COMMAND: POST /session/aedfa18944cc4355ab8cbaedf6540575/element/f.694E2BBF071ECDE7169F205C0A1B1FBC.d.EA9EF57F3622B4A1B240D17BA549C4EF.e.6002/value - {"text":"WebdriverPartner5nhmb"}
COMMAND: GET /session/aedfa18944cc4355ab8cbaedf6540575/screenshot - {}
RESULT: {"text":"WebdriverPartner5nhmb"}
COMMAND: GET /session/aedfa18944cc4355ab8cbaedf6540575/screenshot - {}
RESULT: {}
RESULT: {}
COMMAND: POST /session/aedfa18944cc4355ab8cbaedf6540575/actions - {"actions":[{"id":"action11","type":"key","parameters":{},"actions":[{"type":"keyDown","value":""},{"type":"pause","duration":10},{"type":"keyUp","value":""}]}]}
RESULT: {"actions":[{"id":"action11","type":"key","parameters":{},"actions":[{"type":"keyDown","value":""},{"type":"pause","duration":10},{"type":"keyUp","value":""}]}]}
COMMAND: GET /session/aedfa18944cc4355ab8cbaedf6540575/screenshot - {}
RESULT: {}
COMMAND: POST /session/aedfa18944cc4355ab8cbaedf6540575/element - {"using":"xpath","value":"//input[@id=\"application-managecontracts-display-component---AddNewContract--site-inner\"]"}
RESULT: {"using":"xpath","value":"//input[@id=\"application-managecontracts-display-component---AddNewContract--site-inner\"]"}
COMMAND: POST /session/aedfa18944cc4355ab8cbaedf6540575/element/f.694E2BBF071ECDE7169F205C0A1B1FBC.d.EA9EF57F3622B4A1B240D17BA549C4EF.e.6003/clear - {}
RESULT: {}
COMMAND: POST /session/aedfa18944cc4355ab8cbaedf6540575/element/f.694E2BBF071ECDE7169F205C0A1B1FBC.d.EA9EF57F3622B4A1B240D17BA549C4EF.e.6003/value - {"text":"WebdriverSitejn0ca"}
COMMAND: GET /session/aedfa18944cc4355ab8cbaedf6540575/screenshot - {}
RESULT: {"text":"WebdriverSitejn0ca"}
COMMAND: GET /session/aedfa18944cc4355ab8cbaedf6540575/screenshot - {}
RESULT: {}
RESULT: {}
COMMAND: POST /session/aedfa18944cc4355ab8cbaedf6540575/actions - {"actions":[{"id":"action12","type":"key","parameters":{},"actions":[{"type":"keyDown","value":""},{"type":"pause","duration":10},{"type":"keyUp","value":""}]}]}
RESULT: {"actions":[{"id":"action12","type":"key","parameters":{},"actions":[{"type":"keyDown","value":""},{"type":"pause","duration":10},{"type":"keyUp","value":""}]}]}
COMMAND: POST /session/aedfa18944cc4355ab8cbaedf6540575/element - {"using":"xpath","value":"//button[@data-kt=\"saveButton\"]"}
RESULT: {"using":"xpath","value":"//button[@data-kt=\"saveButton\"]"}
COMMAND: POST /session/aedfa18944cc4355ab8cbaedf6540575/element/f.694E2BBF071ECDE7169F205C0A1B1FBC.d.EA9EF57F3622B4A1B240D17BA549C4EF.e.6019/click - {}
COMMAND: GET /session/aedfa18944cc4355ab8cbaedf6540575/screenshot - {}
RESULT: {}
COMMAND: GET /session/aedfa18944cc4355ab8cbaedf6540575/screenshot - {}
RESULT: {}
RESULT: {}
COMMAND: POST /session/aedfa18944cc4355ab8cbaedf6540575/execute/async - {"script":"<script> [1562 bytes]","args":[{"selector":{"id":"contractDetailTitleNoExpanded","viewName":"etm.portal.ui.managecontracts.view.Detail"},"wdio_ui5_key":"contractDetailTitleNoExpandedetmportal.ui.managecontracts.view.Detail"}]}
RESULT: {"script":"<script> [1562 bytes]","args":[{"selector":{"id":"contractDetailTitleNoExpanded","viewName":"etm.portal.ui.managecontracts.view.Detail"},"wdio_ui5_key":"contractDetailTitleNoExpandedetmportal.ui.managecontracts.view.Detail"}]}
RESULT: undefined
COMMAND: POST /session/aedfa18944cc4355ab8cbaedf6540575/execute/async - {"script":"<script> [6424 bytes]","args":[{"element-6066-11e4-a52e-4f735466cecf":"f.694E2BBF071ECDE7169F205C0A1B1FBC.d.EA9EF57F3622B4A1B240D17BA549C4EF.e.6097"},"getText",[]]}
RESULT: {"script":"<script> [6424 bytes]","args":[{"element-6066-11e4-a52e-4f735466cecf":"f.694E2BBF071ECDE7169F205C0A1B1FBC.d.EA9EF57F3622B4A1B240D17BA549C4EF.e.6097"},"getText",[]]}
]]></system-out>
    </testcase>
    <testcase classname="chrome.135_0_7049_42.windows.E2E_-_Logistical_and_commercial_statuses" name="Should add materialID to the contract" time="45.213">
      <system-out><![CDATA[
COMMAND: POST /session/aedfa18944cc4355ab8cbaedf6540575/element - {"using":"xpath","value":"//button[@data-kt=\"contractDetailEditBtnButton\"]"}
RESULT: {"using":"xpath","value":"//button[@data-kt=\"contractDetailEditBtnButton\"]"}
COMMAND: POST /session/aedfa18944cc4355ab8cbaedf6540575/element/f.694E2BBF071ECDE7169F205C0A1B1FBC.d.EA9EF57F3622B4A1B240D17BA549C4EF.e.6098/click - {}
RESULT: {}
COMMAND: GET /session/aedfa18944cc4355ab8cbaedf6540575/screenshot - {}
RESULT: {}
COMMAND: POST /session/aedfa18944cc4355ab8cbaedf6540575/element - {"using":"xpath","value":"(//span[contains(text(), \"Additional Addresses\")])[2]"}
RESULT: {"using":"xpath","value":"(//span[contains(text(), \"Additional Addresses\")])[2]"}
COMMAND: POST /session/aedfa18944cc4355ab8cbaedf6540575/element/f.694E2BBF071ECDE7169F205C0A1B1FBC.d.EA9EF57F3622B4A1B240D17BA549C4EF.e.6155/click - {}
RESULT: {}
COMMAND: GET /session/aedfa18944cc4355ab8cbaedf6540575/screenshot - {}
RESULT: {}
COMMAND: POST /session/aedfa18944cc4355ab8cbaedf6540575/element - {"using":"xpath","value":"//button[@data-kt=\"btnAddTableRowOverflowToolbarButton\"]"}
RESULT: {"using":"xpath","value":"//button[@data-kt=\"btnAddTableRowOverflowToolbarButton\"]"}
COMMAND: POST /session/aedfa18944cc4355ab8cbaedf6540575/element/f.694E2BBF071ECDE7169F205C0A1B1FBC.d.EA9EF57F3622B4A1B240D17BA549C4EF.e.6158/click - {}
RESULT: {}
COMMAND: GET /session/aedfa18944cc4355ab8cbaedf6540575/screenshot - {}
RESULT: {}
COMMAND: POST /session/aedfa18944cc4355ab8cbaedf6540575/element - {"using":"xpath","value":"//div[(text() = 'Standard Entry' or . = 'Standard Entry')]"}
RESULT: {"using":"xpath","value":"//div[(text() = 'Standard Entry' or . = 'Standard Entry')]"}
COMMAND: POST /session/aedfa18944cc4355ab8cbaedf6540575/element/f.694E2BBF071ECDE7169F205C0A1B1FBC.d.EA9EF57F3622B4A1B240D17BA549C4EF.e.6160/click - {}
RESULT: {}
COMMAND: POST /session/aedfa18944cc4355ab8cbaedf6540575/element - {"using":"xpath","value":"//td[6]/div/div/input[1]"}
COMMAND: GET /session/aedfa18944cc4355ab8cbaedf6540575/screenshot - {}
RESULT: {"using":"xpath","value":"//td[6]/div/div/input[1]"}
COMMAND: POST /session/aedfa18944cc4355ab8cbaedf6540575/element/f.694E2BBF071ECDE7169F205C0A1B1FBC.d.EA9EF57F3622B4A1B240D17BA549C4EF.e.6162/click - {}
RESULT: {}
RESULT: {}
COMMAND: POST /session/aedfa18944cc4355ab8cbaedf6540575/actions - {"actions":[{"id":"action13","type":"key","parameters":{},"actions":[{"type":"keyDown","value":""},{"type":"pause","duration":10},{"type":"keyUp","value":""}]}]}
COMMAND: GET /session/aedfa18944cc4355ab8cbaedf6540575/screenshot - {}
RESULT: {"actions":[{"id":"action13","type":"key","parameters":{},"actions":[{"type":"keyDown","value":""},{"type":"pause","duration":10},{"type":"keyUp","value":""}]}]}
COMMAND: POST /session/aedfa18944cc4355ab8cbaedf6540575/element - {"using":"xpath","value":"//td[6]/div/div/input[1]"}
COMMAND: GET /session/aedfa18944cc4355ab8cbaedf6540575/screenshot - {}
RESULT: {}
RESULT: {"using":"xpath","value":"//td[6]/div/div/input[1]"}
COMMAND: POST /session/aedfa18944cc4355ab8cbaedf6540575/element/f.694E2BBF071ECDE7169F205C0A1B1FBC.d.EA9EF57F3622B4A1B240D17BA549C4EF.e.6162/clear - {}
RESULT: {}
RESULT: {}
COMMAND: POST /session/aedfa18944cc4355ab8cbaedf6540575/element/f.694E2BBF071ECDE7169F205C0A1B1FBC.d.EA9EF57F3622B4A1B240D17BA549C4EF.e.6162/value - {"text":"Material"}
COMMAND: GET /session/aedfa18944cc4355ab8cbaedf6540575/screenshot - {}
RESULT: {"text":"Material"}
COMMAND: GET /session/aedfa18944cc4355ab8cbaedf6540575/screenshot - {}
RESULT: {}
RESULT: {}
COMMAND: POST /session/aedfa18944cc4355ab8cbaedf6540575/actions - {"actions":[{"id":"action14","type":"key","parameters":{},"actions":[{"type":"keyDown","value":""},{"type":"pause","duration":10},{"type":"keyUp","value":""}]}]}
RESULT: {"actions":[{"id":"action14","type":"key","parameters":{},"actions":[{"type":"keyDown","value":""},{"type":"pause","duration":10},{"type":"keyUp","value":""}]}]}
COMMAND: GET /session/aedfa18944cc4355ab8cbaedf6540575/screenshot - {}
RESULT: {}
COMMAND: POST /session/aedfa18944cc4355ab8cbaedf6540575/actions - {"actions":[{"id":"action15","type":"key","parameters":{},"actions":[{"type":"keyDown","value":""},{"type":"pause","duration":10},{"type":"keyUp","value":""}]}]}
RESULT: {"actions":[{"id":"action15","type":"key","parameters":{},"actions":[{"type":"keyDown","value":""},{"type":"pause","duration":10},{"type":"keyUp","value":""}]}]}
COMMAND: POST /session/aedfa18944cc4355ab8cbaedf6540575/element - {"using":"xpath","value":"//td[7]/div/div/input"}
COMMAND: GET /session/aedfa18944cc4355ab8cbaedf6540575/screenshot - {}
RESULT: {"using":"xpath","value":"//td[7]/div/div/input"}
COMMAND: POST /session/aedfa18944cc4355ab8cbaedf6540575/element/f.694E2BBF071ECDE7169F205C0A1B1FBC.d.EA9EF57F3622B4A1B240D17BA549C4EF.e.6175/clear - {}
RESULT: {}
RESULT: {}
COMMAND: POST /session/aedfa18944cc4355ab8cbaedf6540575/element/f.694E2BBF071ECDE7169F205C0A1B1FBC.d.EA9EF57F3622B4A1B240D17BA549C4EF.e.6175/value - {"text":"WebdriverRUR2C132yj"}
COMMAND: GET /session/aedfa18944cc4355ab8cbaedf6540575/screenshot - {}
RESULT: {"text":"WebdriverRUR2C132yj"}
COMMAND: GET /session/aedfa18944cc4355ab8cbaedf6540575/screenshot - {}
RESULT: {}
RESULT: {}
COMMAND: POST /session/aedfa18944cc4355ab8cbaedf6540575/actions - {"actions":[{"id":"action16","type":"key","parameters":{},"actions":[{"type":"keyDown","value":""},{"type":"pause","duration":10},{"type":"keyUp","value":""}]}]}
RESULT: {"actions":[{"id":"action16","type":"key","parameters":{},"actions":[{"type":"keyDown","value":""},{"type":"pause","duration":10},{"type":"keyUp","value":""}]}]}
COMMAND: GET /session/aedfa18944cc4355ab8cbaedf6540575/screenshot - {}
RESULT: {}
COMMAND: POST /session/aedfa18944cc4355ab8cbaedf6540575/actions - {"actions":[{"id":"action17","type":"key","parameters":{},"actions":[{"type":"keyDown","value":""},{"type":"pause","duration":10},{"type":"keyUp","value":""}]}]}
RESULT: {"actions":[{"id":"action17","type":"key","parameters":{},"actions":[{"type":"keyDown","value":""},{"type":"pause","duration":10},{"type":"keyUp","value":""}]}]}
COMMAND: GET /session/aedfa18944cc4355ab8cbaedf6540575/screenshot - {}
RESULT: {}
COMMAND: POST /session/aedfa18944cc4355ab8cbaedf6540575/element - {"using":"xpath","value":"(//button[@data-kt=\"saveButton\"])[2]"}
RESULT: {"using":"xpath","value":"(//button[@data-kt=\"saveButton\"])[2]"}
COMMAND: POST /session/aedfa18944cc4355ab8cbaedf6540575/element/f.694E2BBF071ECDE7169F205C0A1B1FBC.d.EA9EF57F3622B4A1B240D17BA549C4EF.e.6198/click - {}
RESULT: {}
COMMAND: GET /session/aedfa18944cc4355ab8cbaedf6540575/screenshot - {}
RESULT: {}
]]></system-out>
    </testcase>
    <testcase classname="chrome.135_0_7049_42.windows.E2E_-_Logistical_and_commercial_statuses" name="It should follow the handover steps to the status fully provided" time="354.252">
      <system-out><![CDATA[
COMMAND: POST /session/aedfa18944cc4355ab8cbaedf6540575/execute/async - {"script":"<script> [1562 bytes]","args":[{"selector":{"id":"contractDetailProvideButton","viewName":"etm.portal.ui.managecontracts.view.Detail","interaction":{"idSuffix":"BDI-content"}},"wdio_ui5_key":"contractDetailProvideButtonetmportal.ui.managecontracts.view.Detail"}]}
RESULT: {"script":"<script> [1562 bytes]","args":[{"selector":{"id":"contractDetailProvideButton","viewName":"etm.portal.ui.managecontracts.view.Detail","interaction":{"idSuffix":"BDI-content"}},"wdio_ui5_key":"contractDetailProvideButtonetmportal.ui.managecontracts.view.Detail"}]}
RESULT: undefined
COMMAND: POST /session/aedfa18944cc4355ab8cbaedf6540575/element - {"using":"xpath","value":"//*[@id=\"__xmlview61--contractDetailProvideButton\"]"}
RESULT: {"using":"xpath","value":"//*[@id=\"__xmlview61--contractDetailProvideButton\"]"}
COMMAND: POST /session/aedfa18944cc4355ab8cbaedf6540575/element/f.694E2BBF071ECDE7169F205C0A1B1FBC.d.EA9EF57F3622B4A1B240D17BA549C4EF.e.6209/click - {}
RESULT: {}
COMMAND: GET /session/aedfa18944cc4355ab8cbaedf6540575/screenshot - {}
RESULT: {}
COMMAND: POST /session/aedfa18944cc4355ab8cbaedf6540575/execute/async - {"script":"<script> [1562 bytes]","args":[{"selector":{"id":"application-managehandovers-display-component---AddNewHO--oneStep","interaction":{"idSuffix":"CbBg"}},"wdio_ui5_key":"applicationmanagehandovers-display-component---AddNewHO--oneStep"}]}
RESULT: {"script":"<script> [1562 bytes]","args":[{"selector":{"id":"application-managehandovers-display-component---AddNewHO--oneStep","interaction":{"idSuffix":"CbBg"}},"wdio_ui5_key":"applicationmanagehandovers-display-component---AddNewHO--oneStep"}]}
RESULT: undefined
COMMAND: POST /session/aedfa18944cc4355ab8cbaedf6540575/element - {"using":"xpath","value":"//*[@id=\"application-managehandovers-display-component---AddNewHO--oneStep\"]"}
RESULT: {"using":"xpath","value":"//*[@id=\"application-managehandovers-display-component---AddNewHO--oneStep\"]"}
COMMAND: POST /session/aedfa18944cc4355ab8cbaedf6540575/element/f.694E2BBF071ECDE7169F205C0A1B1FBC.d.EA9EF57F3622B4A1B240D17BA549C4EF.e.6377/click - {}
RESULT: {}
RESULT: undefined
COMMAND: POST /session/aedfa18944cc4355ab8cbaedf6540575/execute/async - {"script":"<script> [776 bytes]","args":[{"enterText":"04/14/25","selector":{"id":"application-managehandovers-display-component---AddNewHO--dueDate","interaction":{"idSuffix":"inner"}},"clearTextFirst":true,"interactionType":"ENTER_TEXT"}]}
COMMAND: GET /session/aedfa18944cc4355ab8cbaedf6540575/screenshot - {}
RESULT: {"script":"<script> [776 bytes]","args":[{"enterText":"04/14/25","selector":{"id":"application-managehandovers-display-component---AddNewHO--dueDate","interaction":{"idSuffix":"inner"}},"clearTextFirst":true,"interactionType":"ENTER_TEXT"}]}
RESULT: undefined
COMMAND: POST /session/aedfa18944cc4355ab8cbaedf6540575/element - {"using":"xpath","value":"//*[@id=\"application-managehandovers-display-component---AddNewHO--ObjectPageLayout-anchBar-application-managehandovers-display-component---AddNewHO--section4-anchor\"]"}
RESULT: {}
RESULT: {"using":"xpath","value":"//*[@id=\"application-managehandovers-display-component---AddNewHO--ObjectPageLayout-anchBar-application-managehandovers-display-component---AddNewHO--section4-anchor\"]"}
COMMAND: POST /session/aedfa18944cc4355ab8cbaedf6540575/element/f.694E2BBF071ECDE7169F205C0A1B1FBC.d.EA9EF57F3622B4A1B240D17BA549C4EF.e.6379/click - {}
RESULT: {}
COMMAND: POST /session/aedfa18944cc4355ab8cbaedf6540575/execute/async - {"script":"<script> [1562 bytes]","args":[{"selector":{"controlType":"sap.ui.core.Icon","viewName":"etm.portal.ui.managehandovers.view.AddNewHO","viewId":"application-managehandovers-display-component---AddNewHO","properties":{"src":{"regex":{"source":"add"}}}},"wdio_ui5_key":"etmportal.ui.managehandovers.view.AddNewHOsap.ui.core.Icon{\"src\":{\"regex\":{\"source\":\"add\"}}}"}]}
COMMAND: GET /session/aedfa18944cc4355ab8cbaedf6540575/screenshot - {}
RESULT: {"script":"<script> [1562 bytes]","args":[{"selector":{"controlType":"sap.ui.core.Icon","viewName":"etm.portal.ui.managehandovers.view.AddNewHO","viewId":"application-managehandovers-display-component---AddNewHO","properties":{"src":{"regex":{"source":"add"}}}},"wdio_ui5_key":"etmportal.ui.managehandovers.view.AddNewHOsap.ui.core.Icon{\"src\":{\"regex\":{\"source\":\"add\"}}}"}]}
RESULT: undefined
COMMAND: POST /session/aedfa18944cc4355ab8cbaedf6540575/element - {"using":"xpath","value":"//*[@id=\"__button189-img\"]"}
RESULT: {}
RESULT: {"using":"xpath","value":"//*[@id=\"__button189-img\"]"}
COMMAND: POST /session/aedfa18944cc4355ab8cbaedf6540575/element/f.694E2BBF071ECDE7169F205C0A1B1FBC.d.EA9EF57F3622B4A1B240D17BA549C4EF.e.6382/click - {}
RESULT: {}
COMMAND: GET /session/aedfa18944cc4355ab8cbaedf6540575/screenshot - {}
RESULT: {}
RESULT: undefined
COMMAND: POST /session/aedfa18944cc4355ab8cbaedf6540575/element - {"using":"xpath","value":"//*[@id=\"application-managehandovers-display-component---AddNewHO--popup-sa\"]"}
RESULT: {"using":"xpath","value":"//*[@id=\"application-managehandovers-display-component---AddNewHO--popup-sa\"]"}
COMMAND: POST /session/aedfa18944cc4355ab8cbaedf6540575/element/f.694E2BBF071ECDE7169F205C0A1B1FBC.d.EA9EF57F3622B4A1B240D17BA549C4EF.e.6394/click - {}
RESULT: {}
COMMAND: POST /session/aedfa18944cc4355ab8cbaedf6540575/execute/async - {"script":"<script> [1562 bytes]","args":[{"selector":{"controlType":"sap.m.Button","viewName":"etm.portal.ui.managehandovers.view.AddNewHO","viewId":"application-managehandovers-display-component---AddNewHO","i18NText":{"propertyName":"text","key":"select"},"searchOpenDialogs":true,"interaction":{"idSuffix":"inner"}},"wdio_ui5_key":"etmportal.ui.managehandovers.view.AddNewHOsap.m.Button{\"propertyName\":\"text\",\"key\":\"select\"}"}]}
COMMAND: GET /session/aedfa18944cc4355ab8cbaedf6540575/screenshot - {}
RESULT: {"script":"<script> [1562 bytes]","args":[{"selector":{"controlType":"sap.m.Button","viewName":"etm.portal.ui.managehandovers.view.AddNewHO","viewId":"application-managehandovers-display-component---AddNewHO","i18NText":{"propertyName":"text","key":"select"},"searchOpenDialogs":true,"interaction":{"idSuffix":"inner"}},"wdio_ui5_key":"etmportal.ui.managehandovers.view.AddNewHOsap.m.Button{\"propertyName\":\"text\",\"key\":\"select\"}"}]}
RESULT: undefined
COMMAND: POST /session/aedfa18944cc4355ab8cbaedf6540575/element - {"using":"xpath","value":"//*[@id=\"__button193\"]"}
RESULT: {}
RESULT: {"using":"xpath","value":"//*[@id=\"__button193\"]"}
COMMAND: POST /session/aedfa18944cc4355ab8cbaedf6540575/element/f.694E2BBF071ECDE7169F205C0A1B1FBC.d.EA9EF57F3622B4A1B240D17BA549C4EF.e.6396/click - {}
RESULT: {}
COMMAND: POST /session/aedfa18944cc4355ab8cbaedf6540575/execute/async - {"script":"<script> [1562 bytes]","args":[{"selector":{"id":"application-managehandovers-display-component---AddNewHO--confirmCreationButton","interaction":{"idSuffix":"BDI-content"}},"wdio_ui5_key":"applicationmanagehandovers-display-component---AddNewHO--confirmCreationButton"}]}
COMMAND: GET /session/aedfa18944cc4355ab8cbaedf6540575/screenshot - {}
RESULT: {"script":"<script> [1562 bytes]","args":[{"selector":{"id":"application-managehandovers-display-component---AddNewHO--confirmCreationButton","interaction":{"idSuffix":"BDI-content"}},"wdio_ui5_key":"applicationmanagehandovers-display-component---AddNewHO--confirmCreationButton"}]}
RESULT: undefined
COMMAND: POST /session/aedfa18944cc4355ab8cbaedf6540575/element - {"using":"xpath","value":"//*[@id=\"application-managehandovers-display-component---AddNewHO--confirmCreationButton\"]"}
RESULT: {}
RESULT: {"using":"xpath","value":"//*[@id=\"application-managehandovers-display-component---AddNewHO--confirmCreationButton\"]"}
COMMAND: POST /session/aedfa18944cc4355ab8cbaedf6540575/element/f.694E2BBF071ECDE7169F205C0A1B1FBC.d.EA9EF57F3622B4A1B240D17BA549C4EF.e.6333/click - {}
RESULT: {}
COMMAND: GET /session/aedfa18944cc4355ab8cbaedf6540575/screenshot - {}
RESULT: {}
COMMAND: POST /session/aedfa18944cc4355ab8cbaedf6540575/element - {"using":"xpath","value":"//a[contains(@data-kt ,\"GeneralSectionReceiveContracttLink\")]"}
RESULT: {"using":"xpath","value":"//a[contains(@data-kt ,\"GeneralSectionReceiveContracttLink\")]"}
COMMAND: POST /session/aedfa18944cc4355ab8cbaedf6540575/element/f.694E2BBF071ECDE7169F205C0A1B1FBC.d.EA9EF57F3622B4A1B240D17BA549C4EF.e.6441/click - {}
RESULT: {}
COMMAND: GET /session/aedfa18944cc4355ab8cbaedf6540575/screenshot - {}
RESULT: {}
COMMAND: POST /session/aedfa18944cc4355ab8cbaedf6540575/element - {"using":"xpath","value":"//a[contains(@data-kt ,\"ContextMenuId2Link\")]"}
RESULT: {"using":"xpath","value":"//a[contains(@data-kt ,\"ContextMenuId2Link\")]"}
COMMAND: POST /session/aedfa18944cc4355ab8cbaedf6540575/element/f.694E2BBF071ECDE7169F205C0A1B1FBC.d.EA9EF57F3622B4A1B240D17BA549C4EF.e.6458/click - {}
RESULT: undefined
RESULT: undefined
RESULT: {}
COMMAND: GET /session/aedfa18944cc4355ab8cbaedf6540575/screenshot - {}
RESULT: {}
COMMAND: POST /session/aedfa18944cc4355ab8cbaedf6540575/execute/async - {"script":"<script> [1562 bytes]","args":[{"selector":{"controlType":"sap.m.ObjectStatus","viewName":"etm.portal.ui.managecontracts.view.Detail","bindingPath":{"propertyPath":"LINK_TO_LOGISTICAL_STATUS/DESCRIPTION","modelName":"catalogModel"}},"wdio_ui5_key":"etmportal.ui.managecontracts.view.Detailsap.m.ObjectStatus{\"propertyPath\":\"LINK_TO_LOGISTICAL_STATUS/DESCRIPTION\",\"modelName\":\"catalogModel\"}"}]}
RESULT: {"script":"<script> [1562 bytes]","args":[{"selector":{"controlType":"sap.m.ObjectStatus","viewName":"etm.portal.ui.managecontracts.view.Detail","bindingPath":{"propertyPath":"LINK_TO_LOGISTICAL_STATUS/DESCRIPTION","modelName":"catalogModel"}},"wdio_ui5_key":"etmportal.ui.managecontracts.view.Detailsap.m.ObjectStatus{\"propertyPath\":\"LINK_TO_LOGISTICAL_STATUS/DESCRIPTION\",\"modelName\":\"catalogModel\"}"}]}
RESULT: undefined
COMMAND: POST /session/aedfa18944cc4355ab8cbaedf6540575/execute/async - {"script":"<script> [6424 bytes]","args":[{"element-6066-11e4-a52e-4f735466cecf":"f.694E2BBF071ECDE7169F205C0A1B1FBC.d.EA9EF57F3622B4A1B240D17BA549C4EF.e.6667"},"getText",[]]}
RESULT: {"script":"<script> [6424 bytes]","args":[{"element-6066-11e4-a52e-4f735466cecf":"f.694E2BBF071ECDE7169F205C0A1B1FBC.d.EA9EF57F3622B4A1B240D17BA549C4EF.e.6667"},"getText",[]]}
COMMAND: POST /session/aedfa18944cc4355ab8cbaedf6540575/execute/async - {"script":"<script> [1562 bytes]","args":[{"selector":{"controlType":"sap.m.ObjectStatus","viewName":"etm.portal.ui.managecontracts.view.Detail","bindingPath":{"propertyPath":"LINK_TO_COMMERCIAL_STATUS/DESCRIPTION","modelName":"catalogModel"}},"wdio_ui5_key":"etmportal.ui.managecontracts.view.Detailsap.m.ObjectStatus{\"propertyPath\":\"LINK_TO_COMMERCIAL_STATUS/DESCRIPTION\",\"modelName\":\"catalogModel\"}"}]}
RESULT: {"script":"<script> [1562 bytes]","args":[{"selector":{"controlType":"sap.m.ObjectStatus","viewName":"etm.portal.ui.managecontracts.view.Detail","bindingPath":{"propertyPath":"LINK_TO_COMMERCIAL_STATUS/DESCRIPTION","modelName":"catalogModel"}},"wdio_ui5_key":"etmportal.ui.managecontracts.view.Detailsap.m.ObjectStatus{\"propertyPath\":\"LINK_TO_COMMERCIAL_STATUS/DESCRIPTION\",\"modelName\":\"catalogModel\"}"}]}
RESULT: undefined
COMMAND: POST /session/aedfa18944cc4355ab8cbaedf6540575/execute/async - {"script":"<script> [6424 bytes]","args":[{"element-6066-11e4-a52e-4f735466cecf":"f.694E2BBF071ECDE7169F205C0A1B1FBC.d.EA9EF57F3622B4A1B240D17BA549C4EF.e.6668"},"getText",[]]}
RESULT: {"script":"<script> [6424 bytes]","args":[{"element-6066-11e4-a52e-4f735466cecf":"f.694E2BBF071ECDE7169F205C0A1B1FBC.d.EA9EF57F3622B4A1B240D17BA549C4EF.e.6668"},"getText",[]]}
COMMAND: POST /session/aedfa18944cc4355ab8cbaedf6540575/execute/async - {"script":"<script> [1562 bytes]","args":[{"selector":{"id":"backBtn"},"wdio_ui5_key":"backBtn"}]}
RESULT: {"script":"<script> [1562 bytes]","args":[{"selector":{"id":"backBtn"},"wdio_ui5_key":"backBtn"}]}
RESULT: undefined
COMMAND: POST /session/aedfa18944cc4355ab8cbaedf6540575/element - {"using":"xpath","value":"//*[@id=\"backBtn\"]"}
RESULT: {"using":"xpath","value":"//*[@id=\"backBtn\"]"}
COMMAND: POST /session/aedfa18944cc4355ab8cbaedf6540575/element/f.694E2BBF071ECDE7169F205C0A1B1FBC.d.EA9EF57F3622B4A1B240D17BA549C4EF.e.6669/click - {}
RESULT: {}
COMMAND: GET /session/aedfa18944cc4355ab8cbaedf6540575/screenshot - {}
RESULT: {}
COMMAND: POST /session/aedfa18944cc4355ab8cbaedf6540575/execute/async - {"script":"<script> [1562 bytes]","args":[{"selector":{"controlType":"sap.m.Text","viewName":"etm.portal.ui.managehandovers.view.DetailExecuteHO","bindingPath":{"propertyPath":"NO","modelName":"catalogModel"}},"wdio_ui5_key":"etmportal.ui.managehandovers.view.DetailExecuteHOsap.m.Text{\"propertyPath\":\"NO\",\"modelName\":\"catalogModel\"}"}]}
RESULT: {"script":"<script> [1562 bytes]","args":[{"selector":{"controlType":"sap.m.Text","viewName":"etm.portal.ui.managehandovers.view.DetailExecuteHO","bindingPath":{"propertyPath":"NO","modelName":"catalogModel"}},"wdio_ui5_key":"etmportal.ui.managehandovers.view.DetailExecuteHOsap.m.Text{\"propertyPath\":\"NO\",\"modelName\":\"catalogModel\"}"}]}
RESULT: undefined
COMMAND: POST /session/aedfa18944cc4355ab8cbaedf6540575/execute/async - {"script":"<script> [6424 bytes]","args":[{"element-6066-11e4-a52e-4f735466cecf":"f.694E2BBF071ECDE7169F205C0A1B1FBC.d.EA9EF57F3622B4A1B240D17BA549C4EF.e.6845"},"getText",[]]}
RESULT: {"script":"<script> [6424 bytes]","args":[{"element-6066-11e4-a52e-4f735466cecf":"f.694E2BBF071ECDE7169F205C0A1B1FBC.d.EA9EF57F3622B4A1B240D17BA549C4EF.e.6845"},"getText",[]]}
COMMAND: POST /session/aedfa18944cc4355ab8cbaedf6540575/execute/async - {"script":"<script> [1562 bytes]","args":[{"selector":{"controlType":"sap.m.Button","viewName":"etm.portal.ui.managehandovers.view.DetailExecuteHO","i18NText":{"propertyName":"text","key":"confirmAll"},"interaction":{"idSuffix":"inner"}},"wdio_ui5_key":"etmportal.ui.managehandovers.view.DetailExecuteHOsap.m.Button{\"propertyName\":\"text\",\"key\":\"confirmAll\"}"}]}
RESULT: {"script":"<script> [1562 bytes]","args":[{"selector":{"controlType":"sap.m.Button","viewName":"etm.portal.ui.managehandovers.view.DetailExecuteHO","i18NText":{"propertyName":"text","key":"confirmAll"},"interaction":{"idSuffix":"inner"}},"wdio_ui5_key":"etmportal.ui.managehandovers.view.DetailExecuteHOsap.m.Button{\"propertyName\":\"text\",\"key\":\"confirmAll\"}"}]}
RESULT: undefined
COMMAND: POST /session/aedfa18944cc4355ab8cbaedf6540575/element - {"using":"xpath","value":"//*[@id=\"__button276\"]"}
RESULT: {"using":"xpath","value":"//*[@id=\"__button276\"]"}
COMMAND: POST /session/aedfa18944cc4355ab8cbaedf6540575/element/f.694E2BBF071ECDE7169F205C0A1B1FBC.d.EA9EF57F3622B4A1B240D17BA549C4EF.e.6847/click - {}
RESULT: {}
COMMAND: GET /session/aedfa18944cc4355ab8cbaedf6540575/screenshot - {}
RESULT: {}
COMMAND: POST /session/aedfa18944cc4355ab8cbaedf6540575/execute/async - {"script":"<script> [1562 bytes]","args":[{"selector":{"controlType":"sap.m.Button","properties":{"text":"OK"},"searchOpenDialogs":true,"interaction":{"idSuffix":"content"}},"wdio_ui5_key":"sapm.Button{\"text\":\"OK\"}"}]}
RESULT: {"script":"<script> [1562 bytes]","args":[{"selector":{"controlType":"sap.m.Button","properties":{"text":"OK"},"searchOpenDialogs":true,"interaction":{"idSuffix":"content"}},"wdio_ui5_key":"sapm.Button{\"text\":\"OK\"}"}]}
RESULT: undefined
COMMAND: POST /session/aedfa18944cc4355ab8cbaedf6540575/element - {"using":"xpath","value":"//*[@id=\"__mbox-btn-2\"]"}
RESULT: {"using":"xpath","value":"//*[@id=\"__mbox-btn-2\"]"}
COMMAND: POST /session/aedfa18944cc4355ab8cbaedf6540575/element/f.694E2BBF071ECDE7169F205C0A1B1FBC.d.EA9EF57F3622B4A1B240D17BA549C4EF.e.6849/click - {}
RESULT: {}
COMMAND: GET /session/aedfa18944cc4355ab8cbaedf6540575/screenshot - {}
RESULT: {}
COMMAND: POST /session/aedfa18944cc4355ab8cbaedf6540575/element - {"using":"xpath","value":"//button[contains(@data-kt ,\"execHoPickFooterButton\")]"}
RESULT: {"using":"xpath","value":"//button[contains(@data-kt ,\"execHoPickFooterButton\")]"}
COMMAND: POST /session/aedfa18944cc4355ab8cbaedf6540575/element/f.694E2BBF071ECDE7169F205C0A1B1FBC.d.EA9EF57F3622B4A1B240D17BA549C4EF.e.6852/click - {}
RESULT: {}
COMMAND: GET /session/aedfa18944cc4355ab8cbaedf6540575/screenshot - {}
RESULT: {}
COMMAND: POST /session/aedfa18944cc4355ab8cbaedf6540575/refresh - {}
RESULT: {}
COMMAND: GET /session/aedfa18944cc4355ab8cbaedf6540575/screenshot - {}
RESULT: {}
COMMAND: POST /session/aedfa18944cc4355ab8cbaedf6540575/refresh - {}
RESULT: {}
COMMAND: GET /session/aedfa18944cc4355ab8cbaedf6540575/screenshot - {}
RESULT: {}
COMMAND: POST /session/aedfa18944cc4355ab8cbaedf6540575/execute/async - {"script":"<script> [189 bytes]","args":[]}
RESULT: {"script":"<script> [189 bytes]","args":[]}
COMMAND: POST /session/aedfa18944cc4355ab8cbaedf6540575/execute/async - {"script":"<script> [123 bytes]","args":[]}
RESULT: {"script":"<script> [123 bytes]","args":[]}
COMMAND: POST /session/aedfa18944cc4355ab8cbaedf6540575/timeouts - {"script":"<number>"}
RESULT: {"script":"<number>"}
COMMAND: GET /session/aedfa18944cc4355ab8cbaedf6540575/timeouts - {}
RESULT: {}
RESULT: undefined
COMMAND: POST /session/aedfa18944cc4355ab8cbaedf6540575/execute/async - {"script":"<script> [2676 bytes]","args":[]}
RESULT: {"script":"<script> [2676 bytes]","args":[]}
COMMAND: POST /session/aedfa18944cc4355ab8cbaedf6540575/execute/async - {"script":"<script> [2342 bytes]","args":[{"protocol":"http","hostname":"0.0.0.0","path":"/","capabilities":{"browserName":"chrome","goog:chromeOptions":{"binary":"C:\\Program Files\\Google\\Chrome\\Application\\chrome.exe","args":["--force-device-scale-factor=0.8","--start-maximized"]}},"logLevel":"warn","connectionRetryTimeout":120000,"connectionRetryCount":3,"logLevels":{},"enableDirectConnect":true,"strictSSL":true,"_":"65 more keys: [\"cacheDir\",\"port\",\"requestedCapabilities\",\"automationProtocol\",\"baseUrl\",\"waitforInterval\",\"waitforTimeout\",\"onReload\",\"beforeCommand\",\"afterCommand\",\"rootDir\",\"specs\",\"suites\",\"exclude\",\"groupLogsByTestSpec\",\"excludeDriverLogs\",\"bail\",\"framework\",\"reporters\",\"services\",\"maxInstances\",\"maxInstancesPerCapability\",\"injectGlobals\",\"filesToWatch\",\"execArgv\",\"runnerEnv\",\"runner\",\"shard\",\"specFileRetries\",\"specFileRetriesDelay\",\"specFileRetriesDeferred\",\"reporterSyncInterval\",\"reporterSyncTimeout\",\"cucumberFeaturesWithLineNumbers\",\"autoCompileOpts\",\"mochaOpts\",\"jasmineOpts\",\"cucumberOpts\",\"onPrepare\",\"onWorkerStart\",\"onWorkerEnd\",\"before\",\"beforeSession\",\"beforeSuite\",\"beforeHook\",\"beforeTest\",\"afterTest\",\"afterHook\",\"afterSuite\",\"afterSession\",\"after\",\"onComplete\",\"beforeAssertion\",\"afterAssertion\",\"beforeFeature\",\"beforeScenario\",\"beforeStep\",\"afterStep\",\"afterScenario\",\"afterFeature\",\"_\",\"suite\",\"$0\",\"ignoredWorkerServices\",\"wdi5\"]"}]}
RESULT: {"script":"<script> [2342 bytes]","args":[{"protocol":"http","hostname":"0.0.0.0","path":"/","capabilities":{"browserName":"chrome","goog:chromeOptions":{"binary":"C:\\Program Files\\Google\\Chrome\\Application\\chrome.exe","args":["--force-device-scale-factor=0.8","--start-maximized"]}},"logLevel":"warn","connectionRetryTimeout":120000,"connectionRetryCount":3,"logLevels":{},"enableDirectConnect":true,"strictSSL":true,"_":"65 more keys: [\"cacheDir\",\"port\",\"requestedCapabilities\",\"automationProtocol\",\"baseUrl\",\"waitforInterval\",\"waitforTimeout\",\"onReload\",\"beforeCommand\",\"afterCommand\",\"rootDir\",\"specs\",\"suites\",\"exclude\",\"groupLogsByTestSpec\",\"excludeDriverLogs\",\"bail\",\"framework\",\"reporters\",\"services\",\"maxInstances\",\"maxInstancesPerCapability\",\"injectGlobals\",\"filesToWatch\",\"execArgv\",\"runnerEnv\",\"runner\",\"shard\",\"specFileRetries\",\"specFileRetriesDelay\",\"specFileRetriesDeferred\",\"reporterSyncInterval\",\"reporterSyncTimeout\",\"cucumberFeaturesWithLineNumbers\",\"autoCompileOpts\",\"mochaOpts\",\"jasmineOpts\",\"cucumberOpts\",\"onPrepare\",\"onWorkerStart\",\"onWorkerEnd\",\"before\",\"beforeSession\",\"beforeSuite\",\"beforeHook\",\"beforeTest\",\"afterTest\",\"afterHook\",\"afterSuite\",\"afterSession\",\"after\",\"onComplete\",\"beforeAssertion\",\"afterAssertion\",\"beforeFeature\",\"beforeScenario\",\"beforeStep\",\"afterStep\",\"afterScenario\",\"afterFeature\",\"_\",\"suite\",\"$0\",\"ignoredWorkerServices\",\"wdi5\"]"}]}
COMMAND: POST /session/aedfa18944cc4355ab8cbaedf6540575/execute/async - {"script":"<script> [21126 bytes]","args":[35000]}
RESULT: {"script":"<script> [21126 bytes]","args":[35000]}
COMMAND: POST /session/aedfa18944cc4355ab8cbaedf6540575/execute/async - {"script":"<script> [1562 bytes]","args":[{"selector":{"controlType":"sap.m.SearchField","viewName":"etm.portal.ui.managehandovers.view.MasterHO","bindingPath":{"path":"","propertyPath":"/_BASIC_SEARCH_FIELD","modelName":"fi1t3rM0d31"},"interaction":{"idSuffix":"I"}},"wdio_ui5_key":"etmportal.ui.managehandovers.view.MasterHOsap.m.SearchField{\"path\":\"\",\"propertyPath\":\"/_BASIC_SEARCH_FIELD\",\"modelName\":\"fi1t3rM0d31\"}"}]}
RESULT: {"script":"<script> [1562 bytes]","args":[{"selector":{"controlType":"sap.m.SearchField","viewName":"etm.portal.ui.managehandovers.view.MasterHO","bindingPath":{"path":"","propertyPath":"/_BASIC_SEARCH_FIELD","modelName":"fi1t3rM0d31"},"interaction":{"idSuffix":"I"}},"wdio_ui5_key":"etmportal.ui.managehandovers.view.MasterHOsap.m.SearchField{\"path\":\"\",\"propertyPath\":\"/_BASIC_SEARCH_FIELD\",\"modelName\":\"fi1t3rM0d31\"}"}]}
RESULT: undefined
COMMAND: POST /session/aedfa18944cc4355ab8cbaedf6540575/execute/async - {"script":"<script> [776 bytes]","args":[{"enterText":"30402","selector":{"controlType":"sap.m.SearchField","viewName":"etm.portal.ui.managehandovers.view.MasterHO","bindingPath":{"path":"","propertyPath":"/_BASIC_SEARCH_FIELD","modelName":"fi1t3rM0d31"},"interaction":{"idSuffix":"I"}},"clearTextFirst":true,"interactionType":"ENTER_TEXT"}]}
RESULT: {"script":"<script> [776 bytes]","args":[{"enterText":"30402","selector":{"controlType":"sap.m.SearchField","viewName":"etm.portal.ui.managehandovers.view.MasterHO","bindingPath":{"path":"","propertyPath":"/_BASIC_SEARCH_FIELD","modelName":"fi1t3rM0d31"},"interaction":{"idSuffix":"I"}},"clearTextFirst":true,"interactionType":"ENTER_TEXT"}]}
COMMAND: POST /session/aedfa18944cc4355ab8cbaedf6540575/actions - {"actions":[{"id":"action18","type":"key","parameters":{},"actions":[{"type":"keyDown","value":""},{"type":"pause","duration":10},{"type":"keyUp","value":""}]}]}
RESULT: {"actions":[{"id":"action18","type":"key","parameters":{},"actions":[{"type":"keyDown","value":""},{"type":"pause","duration":10},{"type":"keyUp","value":""}]}]}
COMMAND: GET /session/aedfa18944cc4355ab8cbaedf6540575/screenshot - {}
RESULT: {}
COMMAND: POST /session/aedfa18944cc4355ab8cbaedf6540575/execute/async - {"script":"<script> [1562 bytes]","args":[{"selector":{"controlType":"sap.m.Title","viewName":"etm.portal.ui.managehandovers.view.MasterHO","properties":{"text":"Records (1)"}},"wdio_ui5_key":"etmportal.ui.managehandovers.view.MasterHOsap.m.Title{\"text\":\"Records (1)\"}"}]}
RESULT: {"script":"<script> [1562 bytes]","args":[{"selector":{"controlType":"sap.m.Title","viewName":"etm.portal.ui.managehandovers.view.MasterHO","properties":{"text":"Records (1)"}},"wdio_ui5_key":"etmportal.ui.managehandovers.view.MasterHOsap.m.Title{\"text\":\"Records (1)\"}"}]}
RESULT: undefined
COMMAND: POST /session/aedfa18944cc4355ab8cbaedf6540575/execute/async - {"script":"<script> [6424 bytes]","args":[{"element-6066-11e4-a52e-4f735466cecf":"f.694E2BBF071ECDE7169F205C0A1B1FBC.d.9A8DD8F1AE7796F0B978482B6D84782B.e.7107"},"getText",[]]}
RESULT: {"script":"<script> [6424 bytes]","args":[{"element-6066-11e4-a52e-4f735466cecf":"f.694E2BBF071ECDE7169F205C0A1B1FBC.d.9A8DD8F1AE7796F0B978482B6D84782B.e.7107"},"getText",[]]}
COMMAND: POST /session/aedfa18944cc4355ab8cbaedf6540575/execute/async - {"script":"<script> [1562 bytes]","args":[{"selector":{"controlType":"sap.ui.core.Icon","viewName":"etm.portal.ui.managehandovers.view.MasterHO","properties":{"src":{"regex":{"source":"slim\\-arrow\\-right"}}}},"wdio_ui5_key":"etmportal.ui.managehandovers.view.MasterHOsap.ui.core.Icon{\"src\":{\"regex\":{\"source\":\"slim\\\\-arrow\\\\-right\"}}}"}]}
RESULT: {"script":"<script> [1562 bytes]","args":[{"selector":{"controlType":"sap.ui.core.Icon","viewName":"etm.portal.ui.managehandovers.view.MasterHO","properties":{"src":{"regex":{"source":"slim\\-arrow\\-right"}}}},"wdio_ui5_key":"etmportal.ui.managehandovers.view.MasterHOsap.ui.core.Icon{\"src\":{\"regex\":{\"source\":\"slim\\\\-arrow\\\\-right\"}}}"}]}
RESULT: undefined
COMMAND: POST /session/aedfa18944cc4355ab8cbaedf6540575/element - {"using":"xpath","value":"//*[@id=\"__item32-__clone17-imgNav\"]"}
RESULT: {"using":"xpath","value":"//*[@id=\"__item32-__clone17-imgNav\"]"}
COMMAND: POST /session/aedfa18944cc4355ab8cbaedf6540575/element/f.694E2BBF071ECDE7169F205C0A1B1FBC.d.9A8DD8F1AE7796F0B978482B6D84782B.e.7106/click - {}
RESULT: {}
COMMAND: GET /session/aedfa18944cc4355ab8cbaedf6540575/screenshot - {}
RESULT: {}
COMMAND: POST /session/aedfa18944cc4355ab8cbaedf6540575/element - {"using":"xpath","value":"//a[contains(@data-kt ,\"GeneralSectionReceiveContracttLink\")]"}
RESULT: {"using":"xpath","value":"//a[contains(@data-kt ,\"GeneralSectionReceiveContracttLink\")]"}
COMMAND: POST /session/aedfa18944cc4355ab8cbaedf6540575/element/f.694E2BBF071ECDE7169F205C0A1B1FBC.d.9A8DD8F1AE7796F0B978482B6D84782B.e.7210/click - {}
RESULT: {}
COMMAND: GET /session/aedfa18944cc4355ab8cbaedf6540575/screenshot - {}
RESULT: {}
COMMAND: POST /session/aedfa18944cc4355ab8cbaedf6540575/element - {"using":"xpath","value":"//a[contains(@data-kt ,\"ContextMenuId2Link\")]"}
RESULT: {"using":"xpath","value":"//a[contains(@data-kt ,\"ContextMenuId2Link\")]"}
COMMAND: POST /session/aedfa18944cc4355ab8cbaedf6540575/element/f.694E2BBF071ECDE7169F205C0A1B1FBC.d.9A8DD8F1AE7796F0B978482B6D84782B.e.7213/click - {}
RESULT: {}
COMMAND: GET /session/aedfa18944cc4355ab8cbaedf6540575/screenshot - {}
RESULT: {}
RESULT: undefined
RESULT: undefined
COMMAND: POST /session/aedfa18944cc4355ab8cbaedf6540575/execute/async - {"script":"<script> [1562 bytes]","args":[{"selector":{"controlType":"sap.m.ObjectStatus","viewName":"etm.portal.ui.managecontracts.view.Detail","bindingPath":{"propertyPath":"LINK_TO_LOGISTICAL_STATUS/DESCRIPTION","modelName":"catalogModel"}},"wdio_ui5_key":"etmportal.ui.managecontracts.view.Detailsap.m.ObjectStatus{\"propertyPath\":\"LINK_TO_LOGISTICAL_STATUS/DESCRIPTION\",\"modelName\":\"catalogModel\"}"}]}
RESULT: {"script":"<script> [1562 bytes]","args":[{"selector":{"controlType":"sap.m.ObjectStatus","viewName":"etm.portal.ui.managecontracts.view.Detail","bindingPath":{"propertyPath":"LINK_TO_LOGISTICAL_STATUS/DESCRIPTION","modelName":"catalogModel"}},"wdio_ui5_key":"etmportal.ui.managecontracts.view.Detailsap.m.ObjectStatus{\"propertyPath\":\"LINK_TO_LOGISTICAL_STATUS/DESCRIPTION\",\"modelName\":\"catalogModel\"}"}]}
RESULT: undefined
COMMAND: POST /session/aedfa18944cc4355ab8cbaedf6540575/execute/async - {"script":"<script> [6424 bytes]","args":[{"element-6066-11e4-a52e-4f735466cecf":"f.694E2BBF071ECDE7169F205C0A1B1FBC.d.9A8DD8F1AE7796F0B978482B6D84782B.e.7463"},"getText",[]]}
RESULT: {"script":"<script> [6424 bytes]","args":[{"element-6066-11e4-a52e-4f735466cecf":"f.694E2BBF071ECDE7169F205C0A1B1FBC.d.9A8DD8F1AE7796F0B978482B6D84782B.e.7463"},"getText",[]]}
COMMAND: POST /session/aedfa18944cc4355ab8cbaedf6540575/execute/async - {"script":"<script> [1562 bytes]","args":[{"selector":{"controlType":"sap.m.ObjectStatus","viewName":"etm.portal.ui.managecontracts.view.Detail","bindingPath":{"propertyPath":"LINK_TO_COMMERCIAL_STATUS/DESCRIPTION","modelName":"catalogModel"}},"wdio_ui5_key":"etmportal.ui.managecontracts.view.Detailsap.m.ObjectStatus{\"propertyPath\":\"LINK_TO_COMMERCIAL_STATUS/DESCRIPTION\",\"modelName\":\"catalogModel\"}"}]}
RESULT: {"script":"<script> [1562 bytes]","args":[{"selector":{"controlType":"sap.m.ObjectStatus","viewName":"etm.portal.ui.managecontracts.view.Detail","bindingPath":{"propertyPath":"LINK_TO_COMMERCIAL_STATUS/DESCRIPTION","modelName":"catalogModel"}},"wdio_ui5_key":"etmportal.ui.managecontracts.view.Detailsap.m.ObjectStatus{\"propertyPath\":\"LINK_TO_COMMERCIAL_STATUS/DESCRIPTION\",\"modelName\":\"catalogModel\"}"}]}
RESULT: undefined
COMMAND: POST /session/aedfa18944cc4355ab8cbaedf6540575/execute/async - {"script":"<script> [6424 bytes]","args":[{"element-6066-11e4-a52e-4f735466cecf":"f.694E2BBF071ECDE7169F205C0A1B1FBC.d.9A8DD8F1AE7796F0B978482B6D84782B.e.7465"},"getText",[]]}
RESULT: {"script":"<script> [6424 bytes]","args":[{"element-6066-11e4-a52e-4f735466cecf":"f.694E2BBF071ECDE7169F205C0A1B1FBC.d.9A8DD8F1AE7796F0B978482B6D84782B.e.7465"},"getText",[]]}
COMMAND: POST /session/aedfa18944cc4355ab8cbaedf6540575/execute/async - {"script":"<script> [1562 bytes]","args":[{"selector":{"id":"backBtn"},"wdio_ui5_key":"backBtn"}]}
RESULT: {"script":"<script> [1562 bytes]","args":[{"selector":{"id":"backBtn"},"wdio_ui5_key":"backBtn"}]}
RESULT: undefined
COMMAND: POST /session/aedfa18944cc4355ab8cbaedf6540575/element - {"using":"xpath","value":"//*[@id=\"backBtn\"]"}
RESULT: {"using":"xpath","value":"//*[@id=\"backBtn\"]"}
COMMAND: POST /session/aedfa18944cc4355ab8cbaedf6540575/element/f.694E2BBF071ECDE7169F205C0A1B1FBC.d.9A8DD8F1AE7796F0B978482B6D84782B.e.7466/click - {}
RESULT: {}
COMMAND: GET /session/aedfa18944cc4355ab8cbaedf6540575/screenshot - {}
RESULT: {}
COMMAND: POST /session/aedfa18944cc4355ab8cbaedf6540575/execute/async - {"script":"<script> [1562 bytes]","args":[{"selector":{"controlType":"sap.m.Button","viewName":"etm.portal.ui.managehandovers.view.DetailExecuteHO","i18NText":{"propertyName":"text","key":"confirmAll"},"interaction":{"idSuffix":"BDI-content"}},"wdio_ui5_key":"etmportal.ui.managehandovers.view.DetailExecuteHOsap.m.Button{\"propertyName\":\"text\",\"key\":\"confirmAll\"}"}]}
RESULT: {"script":"<script> [1562 bytes]","args":[{"selector":{"controlType":"sap.m.Button","viewName":"etm.portal.ui.managehandovers.view.DetailExecuteHO","i18NText":{"propertyName":"text","key":"confirmAll"},"interaction":{"idSuffix":"BDI-content"}},"wdio_ui5_key":"etmportal.ui.managehandovers.view.DetailExecuteHOsap.m.Button{\"propertyName\":\"text\",\"key\":\"confirmAll\"}"}]}
RESULT: undefined
COMMAND: POST /session/aedfa18944cc4355ab8cbaedf6540575/element - {"using":"xpath","value":"//*[@id=\"__button84\"]"}
RESULT: {"using":"xpath","value":"//*[@id=\"__button84\"]"}
COMMAND: POST /session/aedfa18944cc4355ab8cbaedf6540575/element/f.694E2BBF071ECDE7169F205C0A1B1FBC.d.9A8DD8F1AE7796F0B978482B6D84782B.e.7621/click - {}
RESULT: {}
COMMAND: GET /session/aedfa18944cc4355ab8cbaedf6540575/screenshot - {}
RESULT: {}
COMMAND: POST /session/aedfa18944cc4355ab8cbaedf6540575/execute/async - {"script":"<script> [1562 bytes]","args":[{"selector":{"controlType":"sap.m.Button","properties":{"text":"OK"},"searchOpenDialogs":true,"interaction":{"idSuffix":"inner"}},"wdio_ui5_key":"sapm.Button{\"text\":\"OK\"}"}]}
RESULT: {"script":"<script> [1562 bytes]","args":[{"selector":{"controlType":"sap.m.Button","properties":{"text":"OK"},"searchOpenDialogs":true,"interaction":{"idSuffix":"inner"}},"wdio_ui5_key":"sapm.Button{\"text\":\"OK\"}"}]}
RESULT: undefined
COMMAND: POST /session/aedfa18944cc4355ab8cbaedf6540575/element - {"using":"xpath","value":"//*[@id=\"__mbox-btn-0\"]"}
RESULT: {"using":"xpath","value":"//*[@id=\"__mbox-btn-0\"]"}
COMMAND: POST /session/aedfa18944cc4355ab8cbaedf6540575/element/f.694E2BBF071ECDE7169F205C0A1B1FBC.d.9A8DD8F1AE7796F0B978482B6D84782B.e.7622/click - {}
RESULT: {}
COMMAND: GET /session/aedfa18944cc4355ab8cbaedf6540575/screenshot - {}
RESULT: {}
COMMAND: POST /session/aedfa18944cc4355ab8cbaedf6540575/element - {"using":"xpath","value":"//button[contains(@data-kt ,\"execHoIssueFooterButton\")]"}
RESULT: {"using":"xpath","value":"//button[contains(@data-kt ,\"execHoIssueFooterButton\")]"}
COMMAND: POST /session/aedfa18944cc4355ab8cbaedf6540575/element/f.694E2BBF071ECDE7169F205C0A1B1FBC.d.9A8DD8F1AE7796F0B978482B6D84782B.e.7625/click - {}
RESULT: {}
COMMAND: GET /session/aedfa18944cc4355ab8cbaedf6540575/screenshot - {}
RESULT: {}
COMMAND: POST /session/aedfa18944cc4355ab8cbaedf6540575/refresh - {}
RESULT: {}
COMMAND: GET /session/aedfa18944cc4355ab8cbaedf6540575/screenshot - {}
RESULT: {}
COMMAND: POST /session/aedfa18944cc4355ab8cbaedf6540575/refresh - {}
RESULT: {}
COMMAND: GET /session/aedfa18944cc4355ab8cbaedf6540575/screenshot - {}
RESULT: {}
COMMAND: POST /session/aedfa18944cc4355ab8cbaedf6540575/execute/async - {"script":"<script> [189 bytes]","args":[]}
RESULT: {"script":"<script> [189 bytes]","args":[]}
COMMAND: POST /session/aedfa18944cc4355ab8cbaedf6540575/execute/async - {"script":"<script> [123 bytes]","args":[]}
RESULT: {"script":"<script> [123 bytes]","args":[]}
COMMAND: POST /session/aedfa18944cc4355ab8cbaedf6540575/timeouts - {"script":"<number>"}
RESULT: {"script":"<number>"}
COMMAND: GET /session/aedfa18944cc4355ab8cbaedf6540575/timeouts - {}
RESULT: {}
RESULT: undefined
COMMAND: POST /session/aedfa18944cc4355ab8cbaedf6540575/execute/async - {"script":"<script> [2676 bytes]","args":[]}
RESULT: {"script":"<script> [2676 bytes]","args":[]}
COMMAND: POST /session/aedfa18944cc4355ab8cbaedf6540575/execute/async - {"script":"<script> [2342 bytes]","args":[{"protocol":"http","hostname":"0.0.0.0","path":"/","capabilities":{"browserName":"chrome","goog:chromeOptions":{"binary":"C:\\Program Files\\Google\\Chrome\\Application\\chrome.exe","args":["--force-device-scale-factor=0.8","--start-maximized"]}},"logLevel":"warn","connectionRetryTimeout":120000,"connectionRetryCount":3,"logLevels":{},"enableDirectConnect":true,"strictSSL":true,"_":"65 more keys: [\"cacheDir\",\"port\",\"requestedCapabilities\",\"automationProtocol\",\"baseUrl\",\"waitforInterval\",\"waitforTimeout\",\"onReload\",\"beforeCommand\",\"afterCommand\",\"rootDir\",\"specs\",\"suites\",\"exclude\",\"groupLogsByTestSpec\",\"excludeDriverLogs\",\"bail\",\"framework\",\"reporters\",\"services\",\"maxInstances\",\"maxInstancesPerCapability\",\"injectGlobals\",\"filesToWatch\",\"execArgv\",\"runnerEnv\",\"runner\",\"shard\",\"specFileRetries\",\"specFileRetriesDelay\",\"specFileRetriesDeferred\",\"reporterSyncInterval\",\"reporterSyncTimeout\",\"cucumberFeaturesWithLineNumbers\",\"autoCompileOpts\",\"mochaOpts\",\"jasmineOpts\",\"cucumberOpts\",\"onPrepare\",\"onWorkerStart\",\"onWorkerEnd\",\"before\",\"beforeSession\",\"beforeSuite\",\"beforeHook\",\"beforeTest\",\"afterTest\",\"afterHook\",\"afterSuite\",\"afterSession\",\"after\",\"onComplete\",\"beforeAssertion\",\"afterAssertion\",\"beforeFeature\",\"beforeScenario\",\"beforeStep\",\"afterStep\",\"afterScenario\",\"afterFeature\",\"_\",\"suite\",\"$0\",\"ignoredWorkerServices\",\"wdi5\"]"}]}
RESULT: {"script":"<script> [2342 bytes]","args":[{"protocol":"http","hostname":"0.0.0.0","path":"/","capabilities":{"browserName":"chrome","goog:chromeOptions":{"binary":"C:\\Program Files\\Google\\Chrome\\Application\\chrome.exe","args":["--force-device-scale-factor=0.8","--start-maximized"]}},"logLevel":"warn","connectionRetryTimeout":120000,"connectionRetryCount":3,"logLevels":{},"enableDirectConnect":true,"strictSSL":true,"_":"65 more keys: [\"cacheDir\",\"port\",\"requestedCapabilities\",\"automationProtocol\",\"baseUrl\",\"waitforInterval\",\"waitforTimeout\",\"onReload\",\"beforeCommand\",\"afterCommand\",\"rootDir\",\"specs\",\"suites\",\"exclude\",\"groupLogsByTestSpec\",\"excludeDriverLogs\",\"bail\",\"framework\",\"reporters\",\"services\",\"maxInstances\",\"maxInstancesPerCapability\",\"injectGlobals\",\"filesToWatch\",\"execArgv\",\"runnerEnv\",\"runner\",\"shard\",\"specFileRetries\",\"specFileRetriesDelay\",\"specFileRetriesDeferred\",\"reporterSyncInterval\",\"reporterSyncTimeout\",\"cucumberFeaturesWithLineNumbers\",\"autoCompileOpts\",\"mochaOpts\",\"jasmineOpts\",\"cucumberOpts\",\"onPrepare\",\"onWorkerStart\",\"onWorkerEnd\",\"before\",\"beforeSession\",\"beforeSuite\",\"beforeHook\",\"beforeTest\",\"afterTest\",\"afterHook\",\"afterSuite\",\"afterSession\",\"after\",\"onComplete\",\"beforeAssertion\",\"afterAssertion\",\"beforeFeature\",\"beforeScenario\",\"beforeStep\",\"afterStep\",\"afterScenario\",\"afterFeature\",\"_\",\"suite\",\"$0\",\"ignoredWorkerServices\",\"wdi5\"]"}]}
COMMAND: POST /session/aedfa18944cc4355ab8cbaedf6540575/execute/async - {"script":"<script> [21126 bytes]","args":[35000]}
RESULT: {"script":"<script> [21126 bytes]","args":[35000]}
COMMAND: POST /session/aedfa18944cc4355ab8cbaedf6540575/execute/async - {"script":"<script> [1562 bytes]","args":[{"selector":{"controlType":"sap.m.SearchField","viewName":"etm.portal.ui.managehandovers.view.MasterHO","bindingPath":{"path":"","propertyPath":"/_BASIC_SEARCH_FIELD","modelName":"fi1t3rM0d31"},"interaction":{"idSuffix":"I"}},"wdio_ui5_key":"etmportal.ui.managehandovers.view.MasterHOsap.m.SearchField{\"path\":\"\",\"propertyPath\":\"/_BASIC_SEARCH_FIELD\",\"modelName\":\"fi1t3rM0d31\"}"}]}
RESULT: {"script":"<script> [1562 bytes]","args":[{"selector":{"controlType":"sap.m.SearchField","viewName":"etm.portal.ui.managehandovers.view.MasterHO","bindingPath":{"path":"","propertyPath":"/_BASIC_SEARCH_FIELD","modelName":"fi1t3rM0d31"},"interaction":{"idSuffix":"I"}},"wdio_ui5_key":"etmportal.ui.managehandovers.view.MasterHOsap.m.SearchField{\"path\":\"\",\"propertyPath\":\"/_BASIC_SEARCH_FIELD\",\"modelName\":\"fi1t3rM0d31\"}"}]}
RESULT: undefined
COMMAND: POST /session/aedfa18944cc4355ab8cbaedf6540575/execute/async - {"script":"<script> [776 bytes]","args":[{"enterText":"30402","selector":{"controlType":"sap.m.SearchField","viewName":"etm.portal.ui.managehandovers.view.MasterHO","bindingPath":{"path":"","propertyPath":"/_BASIC_SEARCH_FIELD","modelName":"fi1t3rM0d31"},"interaction":{"idSuffix":"I"}},"clearTextFirst":true,"interactionType":"ENTER_TEXT"}]}
RESULT: {"script":"<script> [776 bytes]","args":[{"enterText":"30402","selector":{"controlType":"sap.m.SearchField","viewName":"etm.portal.ui.managehandovers.view.MasterHO","bindingPath":{"path":"","propertyPath":"/_BASIC_SEARCH_FIELD","modelName":"fi1t3rM0d31"},"interaction":{"idSuffix":"I"}},"clearTextFirst":true,"interactionType":"ENTER_TEXT"}]}
COMMAND: POST /session/aedfa18944cc4355ab8cbaedf6540575/actions - {"actions":[{"id":"action19","type":"key","parameters":{},"actions":[{"type":"keyDown","value":""},{"type":"pause","duration":10},{"type":"keyUp","value":""}]}]}
RESULT: {"actions":[{"id":"action19","type":"key","parameters":{},"actions":[{"type":"keyDown","value":""},{"type":"pause","duration":10},{"type":"keyUp","value":""}]}]}
COMMAND: GET /session/aedfa18944cc4355ab8cbaedf6540575/screenshot - {}
RESULT: {}
COMMAND: POST /session/aedfa18944cc4355ab8cbaedf6540575/execute/async - {"script":"<script> [1562 bytes]","args":[{"selector":{"controlType":"sap.m.Title","viewName":"etm.portal.ui.managehandovers.view.MasterHO","properties":{"text":"Records (1)"}},"wdio_ui5_key":"etmportal.ui.managehandovers.view.MasterHOsap.m.Title{\"text\":\"Records (1)\"}"}]}
RESULT: {"script":"<script> [1562 bytes]","args":[{"selector":{"controlType":"sap.m.Title","viewName":"etm.portal.ui.managehandovers.view.MasterHO","properties":{"text":"Records (1)"}},"wdio_ui5_key":"etmportal.ui.managehandovers.view.MasterHOsap.m.Title{\"text\":\"Records (1)\"}"}]}
RESULT: undefined
COMMAND: POST /session/aedfa18944cc4355ab8cbaedf6540575/execute/async - {"script":"<script> [6424 bytes]","args":[{"element-6066-11e4-a52e-4f735466cecf":"f.694E2BBF071ECDE7169F205C0A1B1FBC.d.3AA7C4F59D72A4D852707F76D57101A6.e.7895"},"getText",[]]}
RESULT: {"script":"<script> [6424 bytes]","args":[{"element-6066-11e4-a52e-4f735466cecf":"f.694E2BBF071ECDE7169F205C0A1B1FBC.d.3AA7C4F59D72A4D852707F76D57101A6.e.7895"},"getText",[]]}
COMMAND: POST /session/aedfa18944cc4355ab8cbaedf6540575/execute/async - {"script":"<script> [1562 bytes]","args":[{"selector":{"controlType":"sap.ui.core.Icon","viewName":"etm.portal.ui.managehandovers.view.MasterHO","properties":{"src":{"regex":{"source":"slim\\-arrow\\-right"}}}},"wdio_ui5_key":"etmportal.ui.managehandovers.view.MasterHOsap.ui.core.Icon{\"src\":{\"regex\":{\"source\":\"slim\\\\-arrow\\\\-right\"}}}"}]}
RESULT: {"script":"<script> [1562 bytes]","args":[{"selector":{"controlType":"sap.ui.core.Icon","viewName":"etm.portal.ui.managehandovers.view.MasterHO","properties":{"src":{"regex":{"source":"slim\\-arrow\\-right"}}}},"wdio_ui5_key":"etmportal.ui.managehandovers.view.MasterHOsap.ui.core.Icon{\"src\":{\"regex\":{\"source\":\"slim\\\\-arrow\\\\-right\"}}}"}]}
RESULT: undefined
COMMAND: POST /session/aedfa18944cc4355ab8cbaedf6540575/element - {"using":"xpath","value":"//*[@id=\"__item28-__clone18-imgNav\"]"}
RESULT: {"using":"xpath","value":"//*[@id=\"__item28-__clone18-imgNav\"]"}
COMMAND: POST /session/aedfa18944cc4355ab8cbaedf6540575/element/f.694E2BBF071ECDE7169F205C0A1B1FBC.d.3AA7C4F59D72A4D852707F76D57101A6.e.7894/click - {}
RESULT: {}
COMMAND: GET /session/aedfa18944cc4355ab8cbaedf6540575/screenshot - {}
COMMAND: POST /session/aedfa18944cc4355ab8cbaedf6540575/execute/async - {"script":"<script> [1562 bytes]","args":[{"selector":{"controlType":"sap.m.ObjectStatus","viewName":"etm.portal.ui.managehandovers.view.DetailExecuteHO","labelFor":{"text":"Status"}},"wdio_ui5_key":"etmportal.ui.managehandovers.view.DetailExecuteHOsap.m.ObjectStatus{\"text\":\"Status\"}"}]}
RESULT: {}
RESULT: {"script":"<script> [1562 bytes]","args":[{"selector":{"controlType":"sap.m.ObjectStatus","viewName":"etm.portal.ui.managehandovers.view.DetailExecuteHO","labelFor":{"text":"Status"}},"wdio_ui5_key":"etmportal.ui.managehandovers.view.DetailExecuteHOsap.m.ObjectStatus{\"text\":\"Status\"}"}]}
RESULT: undefined
COMMAND: POST /session/aedfa18944cc4355ab8cbaedf6540575/execute/async - {"script":"<script> [6424 bytes]","args":[{"element-6066-11e4-a52e-4f735466cecf":"f.694E2BBF071ECDE7169F205C0A1B1FBC.d.3AA7C4F59D72A4D852707F76D57101A6.e.7995"},"getText",[]]}
RESULT: {"script":"<script> [6424 bytes]","args":[{"element-6066-11e4-a52e-4f735466cecf":"f.694E2BBF071ECDE7169F205C0A1B1FBC.d.3AA7C4F59D72A4D852707F76D57101A6.e.7995"},"getText",[]]}
COMMAND: POST /session/aedfa18944cc4355ab8cbaedf6540575/execute/async - {"script":"<script> [1562 bytes]","args":[{"selector":{"controlType":"sap.m.Button","viewName":"etm.portal.ui.managehandovers.view.DetailExecuteHO","i18NText":{"propertyName":"text","key":"confirmAll"},"interaction":{"idSuffix":"BDI-content"}},"wdio_ui5_key":"etmportal.ui.managehandovers.view.DetailExecuteHOsap.m.Button{\"propertyName\":\"text\",\"key\":\"confirmAll\"}"}]}
RESULT: {"script":"<script> [1562 bytes]","args":[{"selector":{"controlType":"sap.m.Button","viewName":"etm.portal.ui.managehandovers.view.DetailExecuteHO","i18NText":{"propertyName":"text","key":"confirmAll"},"interaction":{"idSuffix":"BDI-content"}},"wdio_ui5_key":"etmportal.ui.managehandovers.view.DetailExecuteHOsap.m.Button{\"propertyName\":\"text\",\"key\":\"confirmAll\"}"}]}
RESULT: undefined
COMMAND: POST /session/aedfa18944cc4355ab8cbaedf6540575/element - {"using":"xpath","value":"//*[@id=\"__button30\"]"}
RESULT: {"using":"xpath","value":"//*[@id=\"__button30\"]"}
COMMAND: POST /session/aedfa18944cc4355ab8cbaedf6540575/element/f.694E2BBF071ECDE7169F205C0A1B1FBC.d.3AA7C4F59D72A4D852707F76D57101A6.e.7997/click - {}
RESULT: {}
COMMAND: GET /session/aedfa18944cc4355ab8cbaedf6540575/screenshot - {}
RESULT: {}
COMMAND: POST /session/aedfa18944cc4355ab8cbaedf6540575/execute/async - {"script":"<script> [1562 bytes]","args":[{"selector":{"controlType":"sap.m.Button","properties":{"text":"OK"},"searchOpenDialogs":true,"interaction":{"idSuffix":"BDI-content"}},"wdio_ui5_key":"sapm.Button{\"text\":\"OK\"}"}]}
RESULT: {"script":"<script> [1562 bytes]","args":[{"selector":{"controlType":"sap.m.Button","properties":{"text":"OK"},"searchOpenDialogs":true,"interaction":{"idSuffix":"BDI-content"}},"wdio_ui5_key":"sapm.Button{\"text\":\"OK\"}"}]}
RESULT: undefined
COMMAND: POST /session/aedfa18944cc4355ab8cbaedf6540575/element - {"using":"xpath","value":"//*[@id=\"__mbox-btn-0\"]"}
RESULT: {"using":"xpath","value":"//*[@id=\"__mbox-btn-0\"]"}
COMMAND: POST /session/aedfa18944cc4355ab8cbaedf6540575/element/f.694E2BBF071ECDE7169F205C0A1B1FBC.d.3AA7C4F59D72A4D852707F76D57101A6.e.7998/click - {}
RESULT: {}
COMMAND: GET /session/aedfa18944cc4355ab8cbaedf6540575/screenshot - {}
RESULT: {}
COMMAND: POST /session/aedfa18944cc4355ab8cbaedf6540575/element - {"using":"xpath","value":"//button[contains(@data-kt ,\"execHoReceiveFooterButton\")]"}
RESULT: {"using":"xpath","value":"//button[contains(@data-kt ,\"execHoReceiveFooterButton\")]"}
COMMAND: POST /session/aedfa18944cc4355ab8cbaedf6540575/element/f.694E2BBF071ECDE7169F205C0A1B1FBC.d.3AA7C4F59D72A4D852707F76D57101A6.e.7951/click - {}
RESULT: {}
COMMAND: GET /session/aedfa18944cc4355ab8cbaedf6540575/screenshot - {}
RESULT: {}
COMMAND: POST /session/aedfa18944cc4355ab8cbaedf6540575/refresh - {}
RESULT: {}
COMMAND: GET /session/aedfa18944cc4355ab8cbaedf6540575/screenshot - {}
RESULT: {}
COMMAND: POST /session/aedfa18944cc4355ab8cbaedf6540575/refresh - {}
RESULT: {}
COMMAND: GET /session/aedfa18944cc4355ab8cbaedf6540575/screenshot - {}
RESULT: {}
COMMAND: POST /session/aedfa18944cc4355ab8cbaedf6540575/execute/async - {"script":"<script> [189 bytes]","args":[]}
RESULT: {"script":"<script> [189 bytes]","args":[]}
COMMAND: POST /session/aedfa18944cc4355ab8cbaedf6540575/execute/async - {"script":"<script> [123 bytes]","args":[]}
RESULT: {"script":"<script> [123 bytes]","args":[]}
COMMAND: POST /session/aedfa18944cc4355ab8cbaedf6540575/timeouts - {"script":"<number>"}
RESULT: {"script":"<number>"}
COMMAND: GET /session/aedfa18944cc4355ab8cbaedf6540575/timeouts - {}
RESULT: {}
RESULT: undefined
COMMAND: POST /session/aedfa18944cc4355ab8cbaedf6540575/execute/async - {"script":"<script> [2676 bytes]","args":[]}
RESULT: {"script":"<script> [2676 bytes]","args":[]}
COMMAND: POST /session/aedfa18944cc4355ab8cbaedf6540575/execute/async - {"script":"<script> [2342 bytes]","args":[{"protocol":"http","hostname":"0.0.0.0","path":"/","capabilities":{"browserName":"chrome","goog:chromeOptions":{"binary":"C:\\Program Files\\Google\\Chrome\\Application\\chrome.exe","args":["--force-device-scale-factor=0.8","--start-maximized"]}},"logLevel":"warn","connectionRetryTimeout":120000,"connectionRetryCount":3,"logLevels":{},"enableDirectConnect":true,"strictSSL":true,"_":"65 more keys: [\"cacheDir\",\"port\",\"requestedCapabilities\",\"automationProtocol\",\"baseUrl\",\"waitforInterval\",\"waitforTimeout\",\"onReload\",\"beforeCommand\",\"afterCommand\",\"rootDir\",\"specs\",\"suites\",\"exclude\",\"groupLogsByTestSpec\",\"excludeDriverLogs\",\"bail\",\"framework\",\"reporters\",\"services\",\"maxInstances\",\"maxInstancesPerCapability\",\"injectGlobals\",\"filesToWatch\",\"execArgv\",\"runnerEnv\",\"runner\",\"shard\",\"specFileRetries\",\"specFileRetriesDelay\",\"specFileRetriesDeferred\",\"reporterSyncInterval\",\"reporterSyncTimeout\",\"cucumberFeaturesWithLineNumbers\",\"autoCompileOpts\",\"mochaOpts\",\"jasmineOpts\",\"cucumberOpts\",\"onPrepare\",\"onWorkerStart\",\"onWorkerEnd\",\"before\",\"beforeSession\",\"beforeSuite\",\"beforeHook\",\"beforeTest\",\"afterTest\",\"afterHook\",\"afterSuite\",\"afterSession\",\"after\",\"onComplete\",\"beforeAssertion\",\"afterAssertion\",\"beforeFeature\",\"beforeScenario\",\"beforeStep\",\"afterStep\",\"afterScenario\",\"afterFeature\",\"_\",\"suite\",\"$0\",\"ignoredWorkerServices\",\"wdi5\"]"}]}
RESULT: {"script":"<script> [2342 bytes]","args":[{"protocol":"http","hostname":"0.0.0.0","path":"/","capabilities":{"browserName":"chrome","goog:chromeOptions":{"binary":"C:\\Program Files\\Google\\Chrome\\Application\\chrome.exe","args":["--force-device-scale-factor=0.8","--start-maximized"]}},"logLevel":"warn","connectionRetryTimeout":120000,"connectionRetryCount":3,"logLevels":{},"enableDirectConnect":true,"strictSSL":true,"_":"65 more keys: [\"cacheDir\",\"port\",\"requestedCapabilities\",\"automationProtocol\",\"baseUrl\",\"waitforInterval\",\"waitforTimeout\",\"onReload\",\"beforeCommand\",\"afterCommand\",\"rootDir\",\"specs\",\"suites\",\"exclude\",\"groupLogsByTestSpec\",\"excludeDriverLogs\",\"bail\",\"framework\",\"reporters\",\"services\",\"maxInstances\",\"maxInstancesPerCapability\",\"injectGlobals\",\"filesToWatch\",\"execArgv\",\"runnerEnv\",\"runner\",\"shard\",\"specFileRetries\",\"specFileRetriesDelay\",\"specFileRetriesDeferred\",\"reporterSyncInterval\",\"reporterSyncTimeout\",\"cucumberFeaturesWithLineNumbers\",\"autoCompileOpts\",\"mochaOpts\",\"jasmineOpts\",\"cucumberOpts\",\"onPrepare\",\"onWorkerStart\",\"onWorkerEnd\",\"before\",\"beforeSession\",\"beforeSuite\",\"beforeHook\",\"beforeTest\",\"afterTest\",\"afterHook\",\"afterSuite\",\"afterSession\",\"after\",\"onComplete\",\"beforeAssertion\",\"afterAssertion\",\"beforeFeature\",\"beforeScenario\",\"beforeStep\",\"afterStep\",\"afterScenario\",\"afterFeature\",\"_\",\"suite\",\"$0\",\"ignoredWorkerServices\",\"wdi5\"]"}]}
COMMAND: POST /session/aedfa18944cc4355ab8cbaedf6540575/execute/async - {"script":"<script> [21126 bytes]","args":[35000]}
RESULT: {"script":"<script> [21126 bytes]","args":[35000]}
COMMAND: POST /session/aedfa18944cc4355ab8cbaedf6540575/execute/async - {"script":"<script> [1562 bytes]","args":[{"selector":{"controlType":"sap.m.SearchField","viewName":"etm.portal.ui.managehandovers.view.MasterHO","bindingPath":{"path":"","propertyPath":"/_BASIC_SEARCH_FIELD","modelName":"fi1t3rM0d31"},"interaction":{"idSuffix":"I"}},"wdio_ui5_key":"etmportal.ui.managehandovers.view.MasterHOsap.m.SearchField{\"path\":\"\",\"propertyPath\":\"/_BASIC_SEARCH_FIELD\",\"modelName\":\"fi1t3rM0d31\"}"}]}
RESULT: {"script":"<script> [1562 bytes]","args":[{"selector":{"controlType":"sap.m.SearchField","viewName":"etm.portal.ui.managehandovers.view.MasterHO","bindingPath":{"path":"","propertyPath":"/_BASIC_SEARCH_FIELD","modelName":"fi1t3rM0d31"},"interaction":{"idSuffix":"I"}},"wdio_ui5_key":"etmportal.ui.managehandovers.view.MasterHOsap.m.SearchField{\"path\":\"\",\"propertyPath\":\"/_BASIC_SEARCH_FIELD\",\"modelName\":\"fi1t3rM0d31\"}"}]}
RESULT: undefined
COMMAND: POST /session/aedfa18944cc4355ab8cbaedf6540575/execute/async - {"script":"<script> [776 bytes]","args":[{"enterText":"30402","selector":{"controlType":"sap.m.SearchField","viewName":"etm.portal.ui.managehandovers.view.MasterHO","bindingPath":{"path":"","propertyPath":"/_BASIC_SEARCH_FIELD","modelName":"fi1t3rM0d31"},"interaction":{"idSuffix":"I"}},"clearTextFirst":true,"interactionType":"ENTER_TEXT"}]}
RESULT: {"script":"<script> [776 bytes]","args":[{"enterText":"30402","selector":{"controlType":"sap.m.SearchField","viewName":"etm.portal.ui.managehandovers.view.MasterHO","bindingPath":{"path":"","propertyPath":"/_BASIC_SEARCH_FIELD","modelName":"fi1t3rM0d31"},"interaction":{"idSuffix":"I"}},"clearTextFirst":true,"interactionType":"ENTER_TEXT"}]}
COMMAND: POST /session/aedfa18944cc4355ab8cbaedf6540575/actions - {"actions":[{"id":"action20","type":"key","parameters":{},"actions":[{"type":"keyDown","value":""},{"type":"pause","duration":10},{"type":"keyUp","value":""}]}]}
RESULT: {"actions":[{"id":"action20","type":"key","parameters":{},"actions":[{"type":"keyDown","value":""},{"type":"pause","duration":10},{"type":"keyUp","value":""}]}]}
COMMAND: GET /session/aedfa18944cc4355ab8cbaedf6540575/screenshot - {}
RESULT: {}
COMMAND: POST /session/aedfa18944cc4355ab8cbaedf6540575/execute/async - {"script":"<script> [1562 bytes]","args":[{"selector":{"controlType":"sap.m.Title","viewName":"etm.portal.ui.managehandovers.view.MasterHO","properties":{"text":"Records (1)"}},"wdio_ui5_key":"etmportal.ui.managehandovers.view.MasterHOsap.m.Title{\"text\":\"Records (1)\"}"}]}
RESULT: {"script":"<script> [1562 bytes]","args":[{"selector":{"controlType":"sap.m.Title","viewName":"etm.portal.ui.managehandovers.view.MasterHO","properties":{"text":"Records (1)"}},"wdio_ui5_key":"etmportal.ui.managehandovers.view.MasterHOsap.m.Title{\"text\":\"Records (1)\"}"}]}
RESULT: undefined
COMMAND: POST /session/aedfa18944cc4355ab8cbaedf6540575/execute/async - {"script":"<script> [6424 bytes]","args":[{"element-6066-11e4-a52e-4f735466cecf":"f.694E2BBF071ECDE7169F205C0A1B1FBC.d.0D60B482DB5027EF141337E68543808B.e.8185"},"getText",[]]}
RESULT: {"script":"<script> [6424 bytes]","args":[{"element-6066-11e4-a52e-4f735466cecf":"f.694E2BBF071ECDE7169F205C0A1B1FBC.d.0D60B482DB5027EF141337E68543808B.e.8185"},"getText",[]]}
COMMAND: POST /session/aedfa18944cc4355ab8cbaedf6540575/execute/async - {"script":"<script> [1562 bytes]","args":[{"selector":{"controlType":"sap.ui.core.Icon","viewName":"etm.portal.ui.managehandovers.view.MasterHO","properties":{"src":{"regex":{"source":"slim\\-arrow\\-right"}}}},"wdio_ui5_key":"etmportal.ui.managehandovers.view.MasterHOsap.ui.core.Icon{\"src\":{\"regex\":{\"source\":\"slim\\\\-arrow\\\\-right\"}}}"}]}
RESULT: {"script":"<script> [1562 bytes]","args":[{"selector":{"controlType":"sap.ui.core.Icon","viewName":"etm.portal.ui.managehandovers.view.MasterHO","properties":{"src":{"regex":{"source":"slim\\-arrow\\-right"}}}},"wdio_ui5_key":"etmportal.ui.managehandovers.view.MasterHOsap.ui.core.Icon{\"src\":{\"regex\":{\"source\":\"slim\\\\-arrow\\\\-right\"}}}"}]}
RESULT: undefined
COMMAND: POST /session/aedfa18944cc4355ab8cbaedf6540575/element - {"using":"xpath","value":"//*[@id=\"__item32-__clone18-imgNav\"]"}
RESULT: {"using":"xpath","value":"//*[@id=\"__item32-__clone18-imgNav\"]"}
COMMAND: POST /session/aedfa18944cc4355ab8cbaedf6540575/element/f.694E2BBF071ECDE7169F205C0A1B1FBC.d.0D60B482DB5027EF141337E68543808B.e.8184/click - {}
RESULT: {}
COMMAND: GET /session/aedfa18944cc4355ab8cbaedf6540575/screenshot - {}
RESULT: {}
COMMAND: POST /session/aedfa18944cc4355ab8cbaedf6540575/execute/async - {"script":"<script> [1562 bytes]","args":[{"selector":{"controlType":"sap.m.ObjectStatus","viewName":"etm.portal.ui.managehandovers.view.DetailManageHO","viewId":"application-managehandovers-display-component---detailManageHO","labelFor":{"text":"Status"}},"wdio_ui5_key":"etmportal.ui.managehandovers.view.DetailManageHOsap.m.ObjectStatus{\"text\":\"Status\"}"}]}
RESULT: {"script":"<script> [1562 bytes]","args":[{"selector":{"controlType":"sap.m.ObjectStatus","viewName":"etm.portal.ui.managehandovers.view.DetailManageHO","viewId":"application-managehandovers-display-component---detailManageHO","labelFor":{"text":"Status"}},"wdio_ui5_key":"etmportal.ui.managehandovers.view.DetailManageHOsap.m.ObjectStatus{\"text\":\"Status\"}"}]}
RESULT: undefined
COMMAND: POST /session/aedfa18944cc4355ab8cbaedf6540575/execute/async - {"script":"<script> [6424 bytes]","args":[{"element-6066-11e4-a52e-4f735466cecf":"f.694E2BBF071ECDE7169F205C0A1B1FBC.d.0D60B482DB5027EF141337E68543808B.e.8272"},"getText",[]]}
RESULT: {"script":"<script> [6424 bytes]","args":[{"element-6066-11e4-a52e-4f735466cecf":"f.694E2BBF071ECDE7169F205C0A1B1FBC.d.0D60B482DB5027EF141337E68543808B.e.8272"},"getText",[]]}
COMMAND: POST /session/aedfa18944cc4355ab8cbaedf6540575/element - {"using":"xpath","value":"//a[contains(@data-kt ,\"GeneralSectionReceiveContracttLink\")]"}
RESULT: {"using":"xpath","value":"//a[contains(@data-kt ,\"GeneralSectionReceiveContracttLink\")]"}
COMMAND: POST /session/aedfa18944cc4355ab8cbaedf6540575/element/f.694E2BBF071ECDE7169F205C0A1B1FBC.d.0D60B482DB5027EF141337E68543808B.e.8275/click - {}
RESULT: {}
COMMAND: GET /session/aedfa18944cc4355ab8cbaedf6540575/screenshot - {}
RESULT: {}
COMMAND: POST /session/aedfa18944cc4355ab8cbaedf6540575/element - {"using":"xpath","value":"//a[contains(@data-kt ,\"ContextMenuId2Link\")]"}
RESULT: {"using":"xpath","value":"//a[contains(@data-kt ,\"ContextMenuId2Link\")]"}
COMMAND: POST /session/aedfa18944cc4355ab8cbaedf6540575/element/f.694E2BBF071ECDE7169F205C0A1B1FBC.d.0D60B482DB5027EF141337E68543808B.e.8278/click - {}
RESULT: {}
COMMAND: GET /session/aedfa18944cc4355ab8cbaedf6540575/screenshot - {}
RESULT: {}
RESULT: undefined
RESULT: undefined
COMMAND: POST /session/aedfa18944cc4355ab8cbaedf6540575/execute/async - {"script":"<script> [1562 bytes]","args":[{"selector":{"controlType":"sap.m.ObjectStatus","viewName":"etm.portal.ui.managecontracts.view.Detail","bindingPath":{"propertyPath":"LINK_TO_LOGISTICAL_STATUS/DESCRIPTION","modelName":"catalogModel"}},"wdio_ui5_key":"etmportal.ui.managecontracts.view.Detailsap.m.ObjectStatus{\"propertyPath\":\"LINK_TO_LOGISTICAL_STATUS/DESCRIPTION\",\"modelName\":\"catalogModel\"}"}]}
RESULT: {"script":"<script> [1562 bytes]","args":[{"selector":{"controlType":"sap.m.ObjectStatus","viewName":"etm.portal.ui.managecontracts.view.Detail","bindingPath":{"propertyPath":"LINK_TO_LOGISTICAL_STATUS/DESCRIPTION","modelName":"catalogModel"}},"wdio_ui5_key":"etmportal.ui.managecontracts.view.Detailsap.m.ObjectStatus{\"propertyPath\":\"LINK_TO_LOGISTICAL_STATUS/DESCRIPTION\",\"modelName\":\"catalogModel\"}"}]}
RESULT: undefined
COMMAND: POST /session/aedfa18944cc4355ab8cbaedf6540575/execute/async - {"script":"<script> [6424 bytes]","args":[{"element-6066-11e4-a52e-4f735466cecf":"f.694E2BBF071ECDE7169F205C0A1B1FBC.d.0D60B482DB5027EF141337E68543808B.e.8513"},"getText",[]]}
RESULT: {"script":"<script> [6424 bytes]","args":[{"element-6066-11e4-a52e-4f735466cecf":"f.694E2BBF071ECDE7169F205C0A1B1FBC.d.0D60B482DB5027EF141337E68543808B.e.8513"},"getText",[]]}
COMMAND: POST /session/aedfa18944cc4355ab8cbaedf6540575/execute/async - {"script":"<script> [1562 bytes]","args":[{"selector":{"controlType":"sap.m.ObjectStatus","viewName":"etm.portal.ui.managecontracts.view.Detail","bindingPath":{"propertyPath":"LINK_TO_COMMERCIAL_STATUS/DESCRIPTION","modelName":"catalogModel"}},"wdio_ui5_key":"etmportal.ui.managecontracts.view.Detailsap.m.ObjectStatus{\"propertyPath\":\"LINK_TO_COMMERCIAL_STATUS/DESCRIPTION\",\"modelName\":\"catalogModel\"}"}]}
RESULT: {"script":"<script> [1562 bytes]","args":[{"selector":{"controlType":"sap.m.ObjectStatus","viewName":"etm.portal.ui.managecontracts.view.Detail","bindingPath":{"propertyPath":"LINK_TO_COMMERCIAL_STATUS/DESCRIPTION","modelName":"catalogModel"}},"wdio_ui5_key":"etmportal.ui.managecontracts.view.Detailsap.m.ObjectStatus{\"propertyPath\":\"LINK_TO_COMMERCIAL_STATUS/DESCRIPTION\",\"modelName\":\"catalogModel\"}"}]}
RESULT: undefined
COMMAND: POST /session/aedfa18944cc4355ab8cbaedf6540575/execute/async - {"script":"<script> [6424 bytes]","args":[{"element-6066-11e4-a52e-4f735466cecf":"f.694E2BBF071ECDE7169F205C0A1B1FBC.d.0D60B482DB5027EF141337E68543808B.e.8514"},"getText",[]]}
RESULT: {"script":"<script> [6424 bytes]","args":[{"element-6066-11e4-a52e-4f735466cecf":"f.694E2BBF071ECDE7169F205C0A1B1FBC.d.0D60B482DB5027EF141337E68543808B.e.8514"},"getText",[]]}
]]></system-out>
    </testcase>
    <testcase classname="chrome.135_0_7049_42.windows.E2E_-_Logistical_and_commercial_statuses" name="It should follow the handover steps to the status fully returned" time="208.031">
      <system-out><![CDATA[
COMMAND: POST /session/aedfa18944cc4355ab8cbaedf6540575/execute/async - {"script":"<script> [1562 bytes]","args":[{"selector":{"id":"contractDetailReturnButton","viewName":"etm.portal.ui.managecontracts.view.Detail","interaction":{"idSuffix":"BDI-content"}},"wdio_ui5_key":"contractDetailReturnButtonetmportal.ui.managecontracts.view.Detail"}]}
RESULT: {"script":"<script> [1562 bytes]","args":[{"selector":{"id":"contractDetailReturnButton","viewName":"etm.portal.ui.managecontracts.view.Detail","interaction":{"idSuffix":"BDI-content"}},"wdio_ui5_key":"contractDetailReturnButtonetmportal.ui.managecontracts.view.Detail"}]}
RESULT: undefined
COMMAND: POST /session/aedfa18944cc4355ab8cbaedf6540575/element - {"using":"xpath","value":"//*[@id=\"__xmlview2--contractDetailReturnButton\"]"}
RESULT: {"using":"xpath","value":"//*[@id=\"__xmlview2--contractDetailReturnButton\"]"}
COMMAND: POST /session/aedfa18944cc4355ab8cbaedf6540575/element/f.694E2BBF071ECDE7169F205C0A1B1FBC.d.0D60B482DB5027EF141337E68543808B.e.8383/click - {}
RESULT: {}
COMMAND: POST /session/aedfa18944cc4355ab8cbaedf6540575/execute/async - {"script":"<script> [1562 bytes]","args":[{"selector":{"id":"application-managehandovers-display-component---AddNewHO--dueDate","interaction":{"idSuffix":"inner"}},"wdio_ui5_key":"applicationmanagehandovers-display-component---AddNewHO--dueDate"}]}
COMMAND: GET /session/aedfa18944cc4355ab8cbaedf6540575/screenshot - {}
RESULT: {"script":"<script> [1562 bytes]","args":[{"selector":{"id":"application-managehandovers-display-component---AddNewHO--dueDate","interaction":{"idSuffix":"inner"}},"wdio_ui5_key":"applicationmanagehandovers-display-component---AddNewHO--dueDate"}]}
RESULT: undefined
COMMAND: POST /session/aedfa18944cc4355ab8cbaedf6540575/execute/async - {"script":"<script> [776 bytes]","args":[{"enterText":"04/14/25","selector":{"id":"application-managehandovers-display-component---AddNewHO--dueDate","interaction":{"idSuffix":"inner"}},"clearTextFirst":true,"interactionType":"ENTER_TEXT"}]}
RESULT: {}
RESULT: {"script":"<script> [776 bytes]","args":[{"enterText":"04/14/25","selector":{"id":"application-managehandovers-display-component---AddNewHO--dueDate","interaction":{"idSuffix":"inner"}},"clearTextFirst":true,"interactionType":"ENTER_TEXT"}]}
COMMAND: POST /session/aedfa18944cc4355ab8cbaedf6540575/element - {"using":"xpath","value":"//bdi[contains(@id ,\"application-managehandovers-display-component---AddNewHO--ObjectPageLayout-anchBar-application-managehandovers-display-component---AddNewHO--section4-anchor-BDI-content\")]"}
RESULT: {"using":"xpath","value":"//bdi[contains(@id ,\"application-managehandovers-display-component---AddNewHO--ObjectPageLayout-anchBar-application-managehandovers-display-component---AddNewHO--section4-anchor-BDI-content\")]"}
COMMAND: POST /session/aedfa18944cc4355ab8cbaedf6540575/element/f.694E2BBF071ECDE7169F205C0A1B1FBC.d.0D60B482DB5027EF141337E68543808B.e.8686/click - {}
RESULT: {}
COMMAND: GET /session/aedfa18944cc4355ab8cbaedf6540575/screenshot - {}
RESULT: {}
COMMAND: POST /session/aedfa18944cc4355ab8cbaedf6540575/element - {"using":"xpath","value":"//button[contains(@data-kt ,\"AddNewHOProvideAddItemsButton\")]"}
RESULT: {"using":"xpath","value":"//button[contains(@data-kt ,\"AddNewHOProvideAddItemsButton\")]"}
COMMAND: POST /session/aedfa18944cc4355ab8cbaedf6540575/element/f.694E2BBF071ECDE7169F205C0A1B1FBC.d.0D60B482DB5027EF141337E68543808B.e.8634/click - {}
RESULT: {}
COMMAND: GET /session/aedfa18944cc4355ab8cbaedf6540575/screenshot - {}
RESULT: {}
COMMAND: POST /session/aedfa18944cc4355ab8cbaedf6540575/execute/async - {"script":"<script> [1562 bytes]","args":[{"selector":{"id":"application-managehandovers-display-component---AddNewHO--popup-sa","searchOpenDialogs":true,"interaction":{"idSuffix":"CbBg"}},"wdio_ui5_key":"applicationmanagehandovers-display-component---AddNewHO--popup-sa"}]}
RESULT: {"script":"<script> [1562 bytes]","args":[{"selector":{"id":"application-managehandovers-display-component---AddNewHO--popup-sa","searchOpenDialogs":true,"interaction":{"idSuffix":"CbBg"}},"wdio_ui5_key":"applicationmanagehandovers-display-component---AddNewHO--popup-sa"}]}
RESULT: undefined
COMMAND: POST /session/aedfa18944cc4355ab8cbaedf6540575/element - {"using":"xpath","value":"//*[@id=\"application-managehandovers-display-component---AddNewHO--popup-sa\"]"}
RESULT: {"using":"xpath","value":"//*[@id=\"application-managehandovers-display-component---AddNewHO--popup-sa\"]"}
COMMAND: POST /session/aedfa18944cc4355ab8cbaedf6540575/element/f.694E2BBF071ECDE7169F205C0A1B1FBC.d.0D60B482DB5027EF141337E68543808B.e.8700/click - {}
RESULT: {}
COMMAND: POST /session/aedfa18944cc4355ab8cbaedf6540575/execute/async - {"script":"<script> [1562 bytes]","args":[{"selector":{"controlType":"sap.m.Button","viewName":"etm.portal.ui.managehandovers.view.AddNewHO","viewId":"application-managehandovers-display-component---AddNewHO","i18NText":{"propertyName":"text","key":"select"},"searchOpenDialogs":true,"interaction":{"idSuffix":"BDI-content"}},"wdio_ui5_key":"etmportal.ui.managehandovers.view.AddNewHOsap.m.Button{\"propertyName\":\"text\",\"key\":\"select\"}"}]}
COMMAND: GET /session/aedfa18944cc4355ab8cbaedf6540575/screenshot - {}
RESULT: {"script":"<script> [1562 bytes]","args":[{"selector":{"controlType":"sap.m.Button","viewName":"etm.portal.ui.managehandovers.view.AddNewHO","viewId":"application-managehandovers-display-component---AddNewHO","i18NText":{"propertyName":"text","key":"select"},"searchOpenDialogs":true,"interaction":{"idSuffix":"BDI-content"}},"wdio_ui5_key":"etmportal.ui.managehandovers.view.AddNewHOsap.m.Button{\"propertyName\":\"text\",\"key\":\"select\"}"}]}
RESULT: undefined
COMMAND: POST /session/aedfa18944cc4355ab8cbaedf6540575/element - {"using":"xpath","value":"//*[@id=\"__button60\"]"}
RESULT: {}
RESULT: {"using":"xpath","value":"//*[@id=\"__button60\"]"}
COMMAND: POST /session/aedfa18944cc4355ab8cbaedf6540575/element/f.694E2BBF071ECDE7169F205C0A1B1FBC.d.0D60B482DB5027EF141337E68543808B.e.8703/click - {}
RESULT: {}
COMMAND: GET /session/aedfa18944cc4355ab8cbaedf6540575/screenshot - {}
RESULT: {}
COMMAND: POST /session/aedfa18944cc4355ab8cbaedf6540575/execute/async - {"script":"<script> [1562 bytes]","args":[{"selector":{"id":"application-managehandovers-display-component---AddNewHO--confirmCreationButton","interaction":{"idSuffix":"BDI-content"}},"wdio_ui5_key":"applicationmanagehandovers-display-component---AddNewHO--confirmCreationButton"}]}
RESULT: {"script":"<script> [1562 bytes]","args":[{"selector":{"id":"application-managehandovers-display-component---AddNewHO--confirmCreationButton","interaction":{"idSuffix":"BDI-content"}},"wdio_ui5_key":"applicationmanagehandovers-display-component---AddNewHO--confirmCreationButton"}]}
RESULT: undefined
COMMAND: POST /session/aedfa18944cc4355ab8cbaedf6540575/element - {"using":"xpath","value":"//*[@id=\"application-managehandovers-display-component---AddNewHO--confirmCreationButton\"]"}
RESULT: {"using":"xpath","value":"//*[@id=\"application-managehandovers-display-component---AddNewHO--confirmCreationButton\"]"}
COMMAND: POST /session/aedfa18944cc4355ab8cbaedf6540575/element/f.694E2BBF071ECDE7169F205C0A1B1FBC.d.0D60B482DB5027EF141337E68543808B.e.8641/click - {}
RESULT: {}
COMMAND: GET /session/aedfa18944cc4355ab8cbaedf6540575/screenshot - {}
RESULT: {}
COMMAND: POST /session/aedfa18944cc4355ab8cbaedf6540575/execute/async - {"script":"<script> [1562 bytes]","args":[{"selector":{"controlType":"sap.m.Text","viewName":"etm.portal.ui.managehandovers.view.DetailExecuteHO","bindingPath":{"propertyPath":"NO","modelName":"catalogModel"}},"wdio_ui5_key":"etmportal.ui.managehandovers.view.DetailExecuteHOsap.m.Text{\"propertyPath\":\"NO\",\"modelName\":\"catalogModel\"}"}]}
RESULT: {"script":"<script> [1562 bytes]","args":[{"selector":{"controlType":"sap.m.Text","viewName":"etm.portal.ui.managehandovers.view.DetailExecuteHO","bindingPath":{"propertyPath":"NO","modelName":"catalogModel"}},"wdio_ui5_key":"etmportal.ui.managehandovers.view.DetailExecuteHOsap.m.Text{\"propertyPath\":\"NO\",\"modelName\":\"catalogModel\"}"}]}
RESULT: undefined
COMMAND: POST /session/aedfa18944cc4355ab8cbaedf6540575/execute/async - {"script":"<script> [6424 bytes]","args":[{"element-6066-11e4-a52e-4f735466cecf":"f.694E2BBF071ECDE7169F205C0A1B1FBC.d.0D60B482DB5027EF141337E68543808B.e.8763"},"getText",[]]}
RESULT: {"script":"<script> [6424 bytes]","args":[{"element-6066-11e4-a52e-4f735466cecf":"f.694E2BBF071ECDE7169F205C0A1B1FBC.d.0D60B482DB5027EF141337E68543808B.e.8763"},"getText",[]]}
COMMAND: POST /session/aedfa18944cc4355ab8cbaedf6540575/element - {"using":"xpath","value":"//a[contains(@data-kt ,\"GeneralSectionSendContractLink\")]"}
RESULT: {"using":"xpath","value":"//a[contains(@data-kt ,\"GeneralSectionSendContractLink\")]"}
COMMAND: POST /session/aedfa18944cc4355ab8cbaedf6540575/element/f.694E2BBF071ECDE7169F205C0A1B1FBC.d.0D60B482DB5027EF141337E68543808B.e.8764/click - {}
RESULT: {}
COMMAND: GET /session/aedfa18944cc4355ab8cbaedf6540575/screenshot - {}
RESULT: {}
COMMAND: POST /session/aedfa18944cc4355ab8cbaedf6540575/element - {"using":"xpath","value":"//a[contains(@data-kt ,\"ContextMenuId2Link\")]"}
RESULT: {"using":"xpath","value":"//a[contains(@data-kt ,\"ContextMenuId2Link\")]"}
COMMAND: POST /session/aedfa18944cc4355ab8cbaedf6540575/elements - {"using":"xpath","value":"//a[contains(@data-kt ,\"ContextMenuId2Link\")]"}
RESULT: {"using":"xpath","value":"//a[contains(@data-kt ,\"ContextMenuId2Link\")]"}
COMMAND: POST /session/aedfa18944cc4355ab8cbaedf6540575/element/f.694E2BBF071ECDE7169F205C0A1B1FBC.d.0D60B482DB5027EF141337E68543808B.e.8768/click - {}
RESULT: undefined
RESULT: undefined
RESULT: {}
COMMAND: GET /session/aedfa18944cc4355ab8cbaedf6540575/screenshot - {}
RESULT: {}
COMMAND: POST /session/aedfa18944cc4355ab8cbaedf6540575/execute/async - {"script":"<script> [1562 bytes]","args":[{"selector":{"controlType":"sap.m.Link","viewName":"etm.portal.ui.managehandovers.view.DetailExecuteHO","properties":{"text":"Contract Overview"},"searchOpenDialogs":true},"wdio_ui5_key":"etmportal.ui.managehandovers.view.DetailExecuteHOsap.m.Link{\"text\":\"Contract Overview\"}"}]}
RESULT: {"script":"<script> [1562 bytes]","args":[{"selector":{"controlType":"sap.m.Link","viewName":"etm.portal.ui.managehandovers.view.DetailExecuteHO","properties":{"text":"Contract Overview"},"searchOpenDialogs":true},"wdio_ui5_key":"etmportal.ui.managehandovers.view.DetailExecuteHOsap.m.Link{\"text\":\"Contract Overview\"}"}]}
RESULT: undefined
RESULT: undefined
COMMAND: POST /session/aedfa18944cc4355ab8cbaedf6540575/execute/async - {"script":"<script> [6424 bytes]","args":[{"element-6066-11e4-a52e-4f735466cecf":"f.694E2BBF071ECDE7169F205C0A1B1FBC.d.0D60B482DB5027EF141337E68543808B.e.8513"},"getText",[]]}
COMMAND: POST /session/aedfa18944cc4355ab8cbaedf6540575/execute/async - {"script":"<script> [1562 bytes]","args":[{"selector":{"controlType":"sap.m.ObjectStatus","viewName":"etm.portal.ui.managecontracts.view.Detail","bindingPath":{"propertyPath":"LINK_TO_LOGISTICAL_STATUS/DESCRIPTION","modelName":"catalogModel"}},"wdio_ui5_key":"etmportal.ui.managecontracts.view.Detailsap.m.ObjectStatus{\"propertyPath\":\"LINK_TO_LOGISTICAL_STATUS/DESCRIPTION\",\"modelName\":\"catalogModel\"}"}]}
RESULT: {"script":"<script> [1562 bytes]","args":[{"selector":{"controlType":"sap.m.ObjectStatus","viewName":"etm.portal.ui.managecontracts.view.Detail","bindingPath":{"propertyPath":"LINK_TO_LOGISTICAL_STATUS/DESCRIPTION","modelName":"catalogModel"}},"wdio_ui5_key":"etmportal.ui.managecontracts.view.Detailsap.m.ObjectStatus{\"propertyPath\":\"LINK_TO_LOGISTICAL_STATUS/DESCRIPTION\",\"modelName\":\"catalogModel\"}"}]}
COMMAND: POST /session/aedfa18944cc4355ab8cbaedf6540575/execute/async - {"script":"<script> [6424 bytes]","args":[{"element-6066-11e4-a52e-4f735466cecf":"f.694E2BBF071ECDE7169F205C0A1B1FBC.d.0D60B482DB5027EF141337E68543808B.e.8914"},"getText",[]]}
RESULT: {"script":"<script> [6424 bytes]","args":[{"element-6066-11e4-a52e-4f735466cecf":"f.694E2BBF071ECDE7169F205C0A1B1FBC.d.0D60B482DB5027EF141337E68543808B.e.8914"},"getText",[]]}
RESULT: undefined
COMMAND: POST /session/aedfa18944cc4355ab8cbaedf6540575/execute/async - {"script":"<script> [6424 bytes]","args":[{"element-6066-11e4-a52e-4f735466cecf":"f.694E2BBF071ECDE7169F205C0A1B1FBC.d.0D60B482DB5027EF141337E68543808B.e.8514"},"getText",[]]}
COMMAND: POST /session/aedfa18944cc4355ab8cbaedf6540575/execute/async - {"script":"<script> [1562 bytes]","args":[{"selector":{"controlType":"sap.m.ObjectStatus","viewName":"etm.portal.ui.managecontracts.view.Detail","bindingPath":{"propertyPath":"LINK_TO_COMMERCIAL_STATUS/DESCRIPTION","modelName":"catalogModel"}},"wdio_ui5_key":"etmportal.ui.managecontracts.view.Detailsap.m.ObjectStatus{\"propertyPath\":\"LINK_TO_COMMERCIAL_STATUS/DESCRIPTION\",\"modelName\":\"catalogModel\"}"}]}
RESULT: {"script":"<script> [1562 bytes]","args":[{"selector":{"controlType":"sap.m.ObjectStatus","viewName":"etm.portal.ui.managecontracts.view.Detail","bindingPath":{"propertyPath":"LINK_TO_COMMERCIAL_STATUS/DESCRIPTION","modelName":"catalogModel"}},"wdio_ui5_key":"etmportal.ui.managecontracts.view.Detailsap.m.ObjectStatus{\"propertyPath\":\"LINK_TO_COMMERCIAL_STATUS/DESCRIPTION\",\"modelName\":\"catalogModel\"}"}]}
COMMAND: POST /session/aedfa18944cc4355ab8cbaedf6540575/execute/async - {"script":"<script> [6424 bytes]","args":[{"element-6066-11e4-a52e-4f735466cecf":"f.694E2BBF071ECDE7169F205C0A1B1FBC.d.0D60B482DB5027EF141337E68543808B.e.8915"},"getText",[]]}
RESULT: {"script":"<script> [6424 bytes]","args":[{"element-6066-11e4-a52e-4f735466cecf":"f.694E2BBF071ECDE7169F205C0A1B1FBC.d.0D60B482DB5027EF141337E68543808B.e.8915"},"getText",[]]}
COMMAND: POST /session/aedfa18944cc4355ab8cbaedf6540575/execute/async - {"script":"<script> [1562 bytes]","args":[{"selector":{"id":"backBtn"},"wdio_ui5_key":"backBtn"}]}
RESULT: {"script":"<script> [1562 bytes]","args":[{"selector":{"id":"backBtn"},"wdio_ui5_key":"backBtn"}]}
RESULT: undefined
COMMAND: POST /session/aedfa18944cc4355ab8cbaedf6540575/element - {"using":"xpath","value":"//*[@id=\"backBtn\"]"}
RESULT: {"using":"xpath","value":"//*[@id=\"backBtn\"]"}
COMMAND: POST /session/aedfa18944cc4355ab8cbaedf6540575/element/f.694E2BBF071ECDE7169F205C0A1B1FBC.d.0D60B482DB5027EF141337E68543808B.e.8916/click - {}
RESULT: {}
COMMAND: GET /session/aedfa18944cc4355ab8cbaedf6540575/screenshot - {}
RESULT: {}
COMMAND: POST /session/aedfa18944cc4355ab8cbaedf6540575/execute/async - {"script":"<script> [1562 bytes]","args":[{"selector":{"controlType":"sap.m.Button","viewName":"etm.portal.ui.managehandovers.view.DetailExecuteHO","i18NText":{"propertyName":"text","key":"confirmAll"},"interaction":{"idSuffix":"BDI-content"}},"wdio_ui5_key":"etmportal.ui.managehandovers.view.DetailExecuteHOsap.m.Button{\"propertyName\":\"text\",\"key\":\"confirmAll\"}"}]}
RESULT: {"script":"<script> [1562 bytes]","args":[{"selector":{"controlType":"sap.m.Button","viewName":"etm.portal.ui.managehandovers.view.DetailExecuteHO","i18NText":{"propertyName":"text","key":"confirmAll"},"interaction":{"idSuffix":"BDI-content"}},"wdio_ui5_key":"etmportal.ui.managehandovers.view.DetailExecuteHOsap.m.Button{\"propertyName\":\"text\",\"key\":\"confirmAll\"}"}]}
RESULT: undefined
COMMAND: POST /session/aedfa18944cc4355ab8cbaedf6540575/element - {"using":"xpath","value":"//*[@id=\"__button143\"]"}
RESULT: {"using":"xpath","value":"//*[@id=\"__button143\"]"}
COMMAND: POST /session/aedfa18944cc4355ab8cbaedf6540575/element/f.694E2BBF071ECDE7169F205C0A1B1FBC.d.0D60B482DB5027EF141337E68543808B.e.9085/click - {}
RESULT: {}
COMMAND: POST /session/aedfa18944cc4355ab8cbaedf6540575/execute/async - {"script":"<script> [1562 bytes]","args":[{"selector":{"controlType":"sap.m.Button","properties":{"text":"OK"},"searchOpenDialogs":true,"interaction":{"idSuffix":"BDI-content"}},"wdio_ui5_key":"sapm.Button{\"text\":\"OK\"}"}]}
COMMAND: GET /session/aedfa18944cc4355ab8cbaedf6540575/screenshot - {}
RESULT: {"script":"<script> [1562 bytes]","args":[{"selector":{"controlType":"sap.m.Button","properties":{"text":"OK"},"searchOpenDialogs":true,"interaction":{"idSuffix":"BDI-content"}},"wdio_ui5_key":"sapm.Button{\"text\":\"OK\"}"}]}
RESULT: undefined
COMMAND: POST /session/aedfa18944cc4355ab8cbaedf6540575/element - {"using":"xpath","value":"//*[@id=\"__mbox-btn-0\"]"}
RESULT: {}
RESULT: {"using":"xpath","value":"//*[@id=\"__mbox-btn-0\"]"}
COMMAND: POST /session/aedfa18944cc4355ab8cbaedf6540575/element/f.694E2BBF071ECDE7169F205C0A1B1FBC.d.0D60B482DB5027EF141337E68543808B.e.9088/click - {}
RESULT: {}
COMMAND: GET /session/aedfa18944cc4355ab8cbaedf6540575/screenshot - {}
RESULT: {}
COMMAND: POST /session/aedfa18944cc4355ab8cbaedf6540575/element - {"using":"xpath","value":"//button[contains(@data-kt ,\"execHoIssueFooterButton\")]"}
RESULT: {"using":"xpath","value":"//button[contains(@data-kt ,\"execHoIssueFooterButton\")]"}
COMMAND: POST /session/aedfa18944cc4355ab8cbaedf6540575/element/f.694E2BBF071ECDE7169F205C0A1B1FBC.d.0D60B482DB5027EF141337E68543808B.e.9092/click - {}
RESULT: {}
COMMAND: GET /session/aedfa18944cc4355ab8cbaedf6540575/screenshot - {}
RESULT: {}
COMMAND: POST /session/aedfa18944cc4355ab8cbaedf6540575/refresh - {}
RESULT: {}
COMMAND: GET /session/aedfa18944cc4355ab8cbaedf6540575/screenshot - {}
RESULT: {}
COMMAND: POST /session/aedfa18944cc4355ab8cbaedf6540575/refresh - {}
RESULT: {}
COMMAND: GET /session/aedfa18944cc4355ab8cbaedf6540575/screenshot - {}
RESULT: {}
COMMAND: POST /session/aedfa18944cc4355ab8cbaedf6540575/execute/async - {"script":"<script> [189 bytes]","args":[]}
RESULT: {"script":"<script> [189 bytes]","args":[]}
COMMAND: POST /session/aedfa18944cc4355ab8cbaedf6540575/execute/async - {"script":"<script> [123 bytes]","args":[]}
RESULT: {"script":"<script> [123 bytes]","args":[]}
COMMAND: POST /session/aedfa18944cc4355ab8cbaedf6540575/timeouts - {"script":"<number>"}
RESULT: {"script":"<number>"}
COMMAND: GET /session/aedfa18944cc4355ab8cbaedf6540575/timeouts - {}
RESULT: {}
RESULT: undefined
COMMAND: POST /session/aedfa18944cc4355ab8cbaedf6540575/execute/async - {"script":"<script> [2676 bytes]","args":[]}
RESULT: {"script":"<script> [2676 bytes]","args":[]}
COMMAND: POST /session/aedfa18944cc4355ab8cbaedf6540575/execute/async - {"script":"<script> [2342 bytes]","args":[{"protocol":"http","hostname":"0.0.0.0","path":"/","capabilities":{"browserName":"chrome","goog:chromeOptions":{"binary":"C:\\Program Files\\Google\\Chrome\\Application\\chrome.exe","args":["--force-device-scale-factor=0.8","--start-maximized"]}},"logLevel":"warn","connectionRetryTimeout":120000,"connectionRetryCount":3,"logLevels":{},"enableDirectConnect":true,"strictSSL":true,"_":"65 more keys: [\"cacheDir\",\"port\",\"requestedCapabilities\",\"automationProtocol\",\"baseUrl\",\"waitforInterval\",\"waitforTimeout\",\"onReload\",\"beforeCommand\",\"afterCommand\",\"rootDir\",\"specs\",\"suites\",\"exclude\",\"groupLogsByTestSpec\",\"excludeDriverLogs\",\"bail\",\"framework\",\"reporters\",\"services\",\"maxInstances\",\"maxInstancesPerCapability\",\"injectGlobals\",\"filesToWatch\",\"execArgv\",\"runnerEnv\",\"runner\",\"shard\",\"specFileRetries\",\"specFileRetriesDelay\",\"specFileRetriesDeferred\",\"reporterSyncInterval\",\"reporterSyncTimeout\",\"cucumberFeaturesWithLineNumbers\",\"autoCompileOpts\",\"mochaOpts\",\"jasmineOpts\",\"cucumberOpts\",\"onPrepare\",\"onWorkerStart\",\"onWorkerEnd\",\"before\",\"beforeSession\",\"beforeSuite\",\"beforeHook\",\"beforeTest\",\"afterTest\",\"afterHook\",\"afterSuite\",\"afterSession\",\"after\",\"onComplete\",\"beforeAssertion\",\"afterAssertion\",\"beforeFeature\",\"beforeScenario\",\"beforeStep\",\"afterStep\",\"afterScenario\",\"afterFeature\",\"_\",\"suite\",\"$0\",\"ignoredWorkerServices\",\"wdi5\"]"}]}
RESULT: {"script":"<script> [2342 bytes]","args":[{"protocol":"http","hostname":"0.0.0.0","path":"/","capabilities":{"browserName":"chrome","goog:chromeOptions":{"binary":"C:\\Program Files\\Google\\Chrome\\Application\\chrome.exe","args":["--force-device-scale-factor=0.8","--start-maximized"]}},"logLevel":"warn","connectionRetryTimeout":120000,"connectionRetryCount":3,"logLevels":{},"enableDirectConnect":true,"strictSSL":true,"_":"65 more keys: [\"cacheDir\",\"port\",\"requestedCapabilities\",\"automationProtocol\",\"baseUrl\",\"waitforInterval\",\"waitforTimeout\",\"onReload\",\"beforeCommand\",\"afterCommand\",\"rootDir\",\"specs\",\"suites\",\"exclude\",\"groupLogsByTestSpec\",\"excludeDriverLogs\",\"bail\",\"framework\",\"reporters\",\"services\",\"maxInstances\",\"maxInstancesPerCapability\",\"injectGlobals\",\"filesToWatch\",\"execArgv\",\"runnerEnv\",\"runner\",\"shard\",\"specFileRetries\",\"specFileRetriesDelay\",\"specFileRetriesDeferred\",\"reporterSyncInterval\",\"reporterSyncTimeout\",\"cucumberFeaturesWithLineNumbers\",\"autoCompileOpts\",\"mochaOpts\",\"jasmineOpts\",\"cucumberOpts\",\"onPrepare\",\"onWorkerStart\",\"onWorkerEnd\",\"before\",\"beforeSession\",\"beforeSuite\",\"beforeHook\",\"beforeTest\",\"afterTest\",\"afterHook\",\"afterSuite\",\"afterSession\",\"after\",\"onComplete\",\"beforeAssertion\",\"afterAssertion\",\"beforeFeature\",\"beforeScenario\",\"beforeStep\",\"afterStep\",\"afterScenario\",\"afterFeature\",\"_\",\"suite\",\"$0\",\"ignoredWorkerServices\",\"wdi5\"]"}]}
COMMAND: POST /session/aedfa18944cc4355ab8cbaedf6540575/execute/async - {"script":"<script> [21126 bytes]","args":[35000]}
RESULT: {"script":"<script> [21126 bytes]","args":[35000]}
COMMAND: POST /session/aedfa18944cc4355ab8cbaedf6540575/execute/async - {"script":"<script> [1562 bytes]","args":[{"selector":{"controlType":"sap.m.SearchField","viewName":"etm.portal.ui.managehandovers.view.MasterHO","bindingPath":{"path":"","propertyPath":"/_BASIC_SEARCH_FIELD","modelName":"fi1t3rM0d31"},"interaction":{"idSuffix":"I"}},"wdio_ui5_key":"etmportal.ui.managehandovers.view.MasterHOsap.m.SearchField{\"path\":\"\",\"propertyPath\":\"/_BASIC_SEARCH_FIELD\",\"modelName\":\"fi1t3rM0d31\"}"}]}
RESULT: {"script":"<script> [1562 bytes]","args":[{"selector":{"controlType":"sap.m.SearchField","viewName":"etm.portal.ui.managehandovers.view.MasterHO","bindingPath":{"path":"","propertyPath":"/_BASIC_SEARCH_FIELD","modelName":"fi1t3rM0d31"},"interaction":{"idSuffix":"I"}},"wdio_ui5_key":"etmportal.ui.managehandovers.view.MasterHOsap.m.SearchField{\"path\":\"\",\"propertyPath\":\"/_BASIC_SEARCH_FIELD\",\"modelName\":\"fi1t3rM0d31\"}"}]}
RESULT: undefined
COMMAND: POST /session/aedfa18944cc4355ab8cbaedf6540575/execute/async - {"script":"<script> [776 bytes]","args":[{"enterText":"30405","selector":{"controlType":"sap.m.SearchField","viewName":"etm.portal.ui.managehandovers.view.MasterHO","bindingPath":{"path":"","propertyPath":"/_BASIC_SEARCH_FIELD","modelName":"fi1t3rM0d31"},"interaction":{"idSuffix":"I"}},"clearTextFirst":true,"interactionType":"ENTER_TEXT"}]}
RESULT: {"script":"<script> [776 bytes]","args":[{"enterText":"30405","selector":{"controlType":"sap.m.SearchField","viewName":"etm.portal.ui.managehandovers.view.MasterHO","bindingPath":{"path":"","propertyPath":"/_BASIC_SEARCH_FIELD","modelName":"fi1t3rM0d31"},"interaction":{"idSuffix":"I"}},"clearTextFirst":true,"interactionType":"ENTER_TEXT"}]}
COMMAND: POST /session/aedfa18944cc4355ab8cbaedf6540575/actions - {"actions":[{"id":"action21","type":"key","parameters":{},"actions":[{"type":"keyDown","value":""},{"type":"pause","duration":10},{"type":"keyUp","value":""}]}]}
RESULT: {"actions":[{"id":"action21","type":"key","parameters":{},"actions":[{"type":"keyDown","value":""},{"type":"pause","duration":10},{"type":"keyUp","value":""}]}]}
COMMAND: GET /session/aedfa18944cc4355ab8cbaedf6540575/screenshot - {}
RESULT: {}
COMMAND: POST /session/aedfa18944cc4355ab8cbaedf6540575/execute/async - {"script":"<script> [1562 bytes]","args":[{"selector":{"controlType":"sap.m.Title","viewName":"etm.portal.ui.managehandovers.view.MasterHO","properties":{"text":"Records (1)"}},"wdio_ui5_key":"etmportal.ui.managehandovers.view.MasterHOsap.m.Title{\"text\":\"Records (1)\"}"}]}
RESULT: {"script":"<script> [1562 bytes]","args":[{"selector":{"controlType":"sap.m.Title","viewName":"etm.portal.ui.managehandovers.view.MasterHO","properties":{"text":"Records (1)"}},"wdio_ui5_key":"etmportal.ui.managehandovers.view.MasterHOsap.m.Title{\"text\":\"Records (1)\"}"}]}
RESULT: undefined
COMMAND: POST /session/aedfa18944cc4355ab8cbaedf6540575/execute/async - {"script":"<script> [6424 bytes]","args":[{"element-6066-11e4-a52e-4f735466cecf":"f.694E2BBF071ECDE7169F205C0A1B1FBC.d.F6113C8F2DBB7328FC52420F4879E950.e.9366"},"getText",[]]}
RESULT: {"script":"<script> [6424 bytes]","args":[{"element-6066-11e4-a52e-4f735466cecf":"f.694E2BBF071ECDE7169F205C0A1B1FBC.d.F6113C8F2DBB7328FC52420F4879E950.e.9366"},"getText",[]]}
COMMAND: POST /session/aedfa18944cc4355ab8cbaedf6540575/execute/async - {"script":"<script> [1562 bytes]","args":[{"selector":{"controlType":"sap.ui.core.Icon","viewName":"etm.portal.ui.managehandovers.view.MasterHO","properties":{"src":{"regex":{"source":"slim\\-arrow\\-right"}}}},"wdio_ui5_key":"etmportal.ui.managehandovers.view.MasterHOsap.ui.core.Icon{\"src\":{\"regex\":{\"source\":\"slim\\\\-arrow\\\\-right\"}}}"}]}
RESULT: {"script":"<script> [1562 bytes]","args":[{"selector":{"controlType":"sap.ui.core.Icon","viewName":"etm.portal.ui.managehandovers.view.MasterHO","properties":{"src":{"regex":{"source":"slim\\-arrow\\-right"}}}},"wdio_ui5_key":"etmportal.ui.managehandovers.view.MasterHOsap.ui.core.Icon{\"src\":{\"regex\":{\"source\":\"slim\\\\-arrow\\\\-right\"}}}"}]}
RESULT: undefined
COMMAND: POST /session/aedfa18944cc4355ab8cbaedf6540575/element - {"using":"xpath","value":"//*[@id=\"__item18-__clone16-imgNav\"]"}
RESULT: {"using":"xpath","value":"//*[@id=\"__item18-__clone16-imgNav\"]"}
COMMAND: POST /session/aedfa18944cc4355ab8cbaedf6540575/element/f.694E2BBF071ECDE7169F205C0A1B1FBC.d.F6113C8F2DBB7328FC52420F4879E950.e.9365/click - {}
RESULT: {}
COMMAND: GET /session/aedfa18944cc4355ab8cbaedf6540575/screenshot - {}
RESULT: {}
COMMAND: POST /session/aedfa18944cc4355ab8cbaedf6540575/execute/async - {"script":"<script> [1562 bytes]","args":[{"selector":{"controlType":"sap.m.ObjectStatus","viewName":"etm.portal.ui.managehandovers.view.DetailManageHO","viewId":"application-managehandovers-display-component---detailManageHO","labelFor":{"text":"Status"}},"wdio_ui5_key":"etmportal.ui.managehandovers.view.DetailManageHOsap.m.ObjectStatus{\"text\":\"Status\"}"}]}
RESULT: {"script":"<script> [1562 bytes]","args":[{"selector":{"controlType":"sap.m.ObjectStatus","viewName":"etm.portal.ui.managehandovers.view.DetailManageHO","viewId":"application-managehandovers-display-component---detailManageHO","labelFor":{"text":"Status"}},"wdio_ui5_key":"etmportal.ui.managehandovers.view.DetailManageHOsap.m.ObjectStatus{\"text\":\"Status\"}"}]}
RESULT: undefined
COMMAND: POST /session/aedfa18944cc4355ab8cbaedf6540575/execute/async - {"script":"<script> [6424 bytes]","args":[{"element-6066-11e4-a52e-4f735466cecf":"f.694E2BBF071ECDE7169F205C0A1B1FBC.d.F6113C8F2DBB7328FC52420F4879E950.e.9453"},"getText",[]]}
RESULT: {"script":"<script> [6424 bytes]","args":[{"element-6066-11e4-a52e-4f735466cecf":"f.694E2BBF071ECDE7169F205C0A1B1FBC.d.F6113C8F2DBB7328FC52420F4879E950.e.9453"},"getText",[]]}
COMMAND: POST /session/aedfa18944cc4355ab8cbaedf6540575/element - {"using":"xpath","value":"//a[contains(@data-kt ,\"GeneralSectionSendContractLink\")]"}
RESULT: {"using":"xpath","value":"//a[contains(@data-kt ,\"GeneralSectionSendContractLink\")]"}
COMMAND: POST /session/aedfa18944cc4355ab8cbaedf6540575/element/f.694E2BBF071ECDE7169F205C0A1B1FBC.d.F6113C8F2DBB7328FC52420F4879E950.e.9454/click - {}
RESULT: {}
COMMAND: GET /session/aedfa18944cc4355ab8cbaedf6540575/screenshot - {}
RESULT: {}
COMMAND: POST /session/aedfa18944cc4355ab8cbaedf6540575/elements - {"using":"xpath","value":"//a[contains(@data-kt ,\"ContextMenuId2Link\")]"}
RESULT: {"using":"xpath","value":"//a[contains(@data-kt ,\"ContextMenuId2Link\")]"}
COMMAND: POST /session/aedfa18944cc4355ab8cbaedf6540575/element/f.694E2BBF071ECDE7169F205C0A1B1FBC.d.0D60B482DB5027EF141337E68543808B.e.8768/click - {}
COMMAND: POST /session/aedfa18944cc4355ab8cbaedf6540575/element - {"using":"xpath","value":"//a[contains(@data-kt ,\"ContextMenuId2Link\")]"}
RESULT: {"using":"xpath","value":"//a[contains(@data-kt ,\"ContextMenuId2Link\")]"}
COMMAND: POST /session/aedfa18944cc4355ab8cbaedf6540575/element/f.694E2BBF071ECDE7169F205C0A1B1FBC.d.0D60B482DB5027EF141337E68543808B.e.8768/click - {}
COMMAND: POST /session/aedfa18944cc4355ab8cbaedf6540575/element - {"using":"xpath","value":"//a[contains(@data-kt ,\"ContextMenuId2Link\")]"}
RESULT: {"using":"xpath","value":"//a[contains(@data-kt ,\"ContextMenuId2Link\")]"}
COMMAND: POST /session/aedfa18944cc4355ab8cbaedf6540575/element/f.694E2BBF071ECDE7169F205C0A1B1FBC.d.F6113C8F2DBB7328FC52420F4879E950.e.9457/click - {}
RESULT: {}
COMMAND: GET /session/aedfa18944cc4355ab8cbaedf6540575/screenshot - {}
RESULT: {}
RESULT: undefined
RESULT: undefined
COMMAND: POST /session/aedfa18944cc4355ab8cbaedf6540575/execute/async - {"script":"<script> [1562 bytes]","args":[{"selector":{"controlType":"sap.m.ObjectStatus","viewName":"etm.portal.ui.managecontracts.view.Detail","bindingPath":{"propertyPath":"LINK_TO_COMMERCIAL_STATUS/DESCRIPTION","modelName":"catalogModel"}},"wdio_ui5_key":"etmportal.ui.managecontracts.view.Detailsap.m.ObjectStatus{\"propertyPath\":\"LINK_TO_COMMERCIAL_STATUS/DESCRIPTION\",\"modelName\":\"catalogModel\"}"}]}
RESULT: {"script":"<script> [1562 bytes]","args":[{"selector":{"controlType":"sap.m.ObjectStatus","viewName":"etm.portal.ui.managecontracts.view.Detail","bindingPath":{"propertyPath":"LINK_TO_COMMERCIAL_STATUS/DESCRIPTION","modelName":"catalogModel"}},"wdio_ui5_key":"etmportal.ui.managecontracts.view.Detailsap.m.ObjectStatus{\"propertyPath\":\"LINK_TO_COMMERCIAL_STATUS/DESCRIPTION\",\"modelName\":\"catalogModel\"}"}]}
RESULT: undefined
COMMAND: POST /session/aedfa18944cc4355ab8cbaedf6540575/execute/async - {"script":"<script> [6424 bytes]","args":[{"element-6066-11e4-a52e-4f735466cecf":"f.694E2BBF071ECDE7169F205C0A1B1FBC.d.F6113C8F2DBB7328FC52420F4879E950.e.9690"},"getText",[]]}
RESULT: {"script":"<script> [6424 bytes]","args":[{"element-6066-11e4-a52e-4f735466cecf":"f.694E2BBF071ECDE7169F205C0A1B1FBC.d.F6113C8F2DBB7328FC52420F4879E950.e.9690"},"getText",[]]}
COMMAND: POST /session/aedfa18944cc4355ab8cbaedf6540575/execute/async - {"script":"<script> [1562 bytes]","args":[{"selector":{"controlType":"sap.m.ObjectStatus","viewName":"etm.portal.ui.managecontracts.view.Detail","bindingPath":{"propertyPath":"LINK_TO_LOGISTICAL_STATUS/DESCRIPTION","modelName":"catalogModel"}},"wdio_ui5_key":"etmportal.ui.managecontracts.view.Detailsap.m.ObjectStatus{\"propertyPath\":\"LINK_TO_LOGISTICAL_STATUS/DESCRIPTION\",\"modelName\":\"catalogModel\"}"}]}
RESULT: {"script":"<script> [1562 bytes]","args":[{"selector":{"controlType":"sap.m.ObjectStatus","viewName":"etm.portal.ui.managecontracts.view.Detail","bindingPath":{"propertyPath":"LINK_TO_LOGISTICAL_STATUS/DESCRIPTION","modelName":"catalogModel"}},"wdio_ui5_key":"etmportal.ui.managecontracts.view.Detailsap.m.ObjectStatus{\"propertyPath\":\"LINK_TO_LOGISTICAL_STATUS/DESCRIPTION\",\"modelName\":\"catalogModel\"}"}]}
RESULT: undefined
COMMAND: POST /session/aedfa18944cc4355ab8cbaedf6540575/execute/async - {"script":"<script> [6424 bytes]","args":[{"element-6066-11e4-a52e-4f735466cecf":"f.694E2BBF071ECDE7169F205C0A1B1FBC.d.F6113C8F2DBB7328FC52420F4879E950.e.9691"},"getText",[]]}
RESULT: {"script":"<script> [6424 bytes]","args":[{"element-6066-11e4-a52e-4f735466cecf":"f.694E2BBF071ECDE7169F205C0A1B1FBC.d.F6113C8F2DBB7328FC52420F4879E950.e.9691"},"getText",[]]}
COMMAND: POST /session/aedfa18944cc4355ab8cbaedf6540575/element - {"using":"xpath","value":"//button[@data-kt=\"contractDetailEditBtnButton\"]"}
RESULT: {"using":"xpath","value":"//button[@data-kt=\"contractDetailEditBtnButton\"]"}
COMMAND: POST /session/aedfa18944cc4355ab8cbaedf6540575/element/f.694E2BBF071ECDE7169F205C0A1B1FBC.d.F6113C8F2DBB7328FC52420F4879E950.e.9519/click - {}
RESULT: {}
COMMAND: GET /session/aedfa18944cc4355ab8cbaedf6540575/screenshot - {}
RESULT: {}
COMMAND: POST /session/aedfa18944cc4355ab8cbaedf6540575/element - {"using":"xpath","value":"(//span[contains(text(), \"Additional Addresses\")])[2]"}
RESULT: {"using":"xpath","value":"(//span[contains(text(), \"Additional Addresses\")])[2]"}
COMMAND: POST /session/aedfa18944cc4355ab8cbaedf6540575/element/f.694E2BBF071ECDE7169F205C0A1B1FBC.d.F6113C8F2DBB7328FC52420F4879E950.e.9751/click - {}
RESULT: {}
COMMAND: GET /session/aedfa18944cc4355ab8cbaedf6540575/screenshot - {}
RESULT: {}
COMMAND: POST /session/aedfa18944cc4355ab8cbaedf6540575/element - {"using":"xpath","value":"//button[@data-kt=\"btnAddTableRowOverflowToolbarButton\"]"}
RESULT: {"using":"xpath","value":"//button[@data-kt=\"btnAddTableRowOverflowToolbarButton\"]"}
COMMAND: POST /session/aedfa18944cc4355ab8cbaedf6540575/element/f.694E2BBF071ECDE7169F205C0A1B1FBC.d.F6113C8F2DBB7328FC52420F4879E950.e.9754/click - {}
RESULT: {}
COMMAND: GET /session/aedfa18944cc4355ab8cbaedf6540575/screenshot - {}
RESULT: {}
COMMAND: POST /session/aedfa18944cc4355ab8cbaedf6540575/element - {"using":"xpath","value":"//div[(text() = 'Standard Entry' or . = 'Standard Entry')]"}
RESULT: {"using":"xpath","value":"//div[(text() = 'Standard Entry' or . = 'Standard Entry')]"}
COMMAND: POST /session/aedfa18944cc4355ab8cbaedf6540575/element/f.694E2BBF071ECDE7169F205C0A1B1FBC.d.F6113C8F2DBB7328FC52420F4879E950.e.9756/click - {}
RESULT: {}
COMMAND: POST /session/aedfa18944cc4355ab8cbaedf6540575/execute/async - {"script":"<script> [1562 bytes]","args":[{"selector":{"controlType":"sap.ui.core.Icon","viewName":"etm.portal.ui.managecontracts.view.EditContract","properties":{"src":{"regex":{"source":"slim\\-arrow\\-down"}}},"ancestor":{"controlType":"sap.m.ComboBox","viewName":"etm.portal.ui.managecontracts.view.EditContract","bindingPath":{"propertyPath":"RU_TYPE","modelName":"catalogModel"}}},"wdio_ui5_key":"etmportal.ui.managecontracts.view.EditContractsap.ui.core.Icon{\"src\":{\"regex\":{\"source\":\"slim\\\\-arrow\\\\-down\"}}}{\"controlType\":\"sap.m.ComboBox\",\"viewName\":\"etm.portal.ui.managecontracts.view.EditContract\",\"bindingPath\":{\"propertyPath\":\"RU_TYPE\",\"modelName\":\"catalogModel\"}}"}]}
COMMAND: GET /session/aedfa18944cc4355ab8cbaedf6540575/screenshot - {}
RESULT: {"script":"<script> [1562 bytes]","args":[{"selector":{"controlType":"sap.ui.core.Icon","viewName":"etm.portal.ui.managecontracts.view.EditContract","properties":{"src":{"regex":{"source":"slim\\-arrow\\-down"}}},"ancestor":{"controlType":"sap.m.ComboBox","viewName":"etm.portal.ui.managecontracts.view.EditContract","bindingPath":{"propertyPath":"RU_TYPE","modelName":"catalogModel"}}},"wdio_ui5_key":"etmportal.ui.managecontracts.view.EditContractsap.ui.core.Icon{\"src\":{\"regex\":{\"source\":\"slim\\\\-arrow\\\\-down\"}}}{\"controlType\":\"sap.m.ComboBox\",\"viewName\":\"etm.portal.ui.managecontracts.view.EditContract\",\"bindingPath\":{\"propertyPath\":\"RU_TYPE\",\"modelName\":\"catalogModel\"}}"}]}
RESULT: undefined
COMMAND: POST /session/aedfa18944cc4355ab8cbaedf6540575/element - {"using":"xpath","value":"//*[@id=\"__box20-arrow\"]"}
RESULT: {}
RESULT: {"using":"xpath","value":"//*[@id=\"__box20-arrow\"]"}
COMMAND: POST /session/aedfa18944cc4355ab8cbaedf6540575/element/f.694E2BBF071ECDE7169F205C0A1B1FBC.d.F6113C8F2DBB7328FC52420F4879E950.e.9771/click - {}
RESULT: {}
COMMAND: POST /session/aedfa18944cc4355ab8cbaedf6540575/execute/async - {"script":"<script> [1562 bytes]","args":[{"selector":{"controlType":"sap.m.StandardListItem","viewName":"etm.portal.ui.managecontracts.view.EditContract","properties":{"title":"Material"},"searchOpenDialogs":true,"interaction":{"idSuffix":"content"}},"wdio_ui5_key":"etmportal.ui.managecontracts.view.EditContractsap.m.StandardListItem{\"title\":\"Material\"}"}]}
COMMAND: GET /session/aedfa18944cc4355ab8cbaedf6540575/screenshot - {}
RESULT: {"script":"<script> [1562 bytes]","args":[{"selector":{"controlType":"sap.m.StandardListItem","viewName":"etm.portal.ui.managecontracts.view.EditContract","properties":{"title":"Material"},"searchOpenDialogs":true,"interaction":{"idSuffix":"content"}},"wdio_ui5_key":"etmportal.ui.managecontracts.view.EditContractsap.m.StandardListItem{\"title\":\"Material\"}"}]}
RESULT: undefined
COMMAND: POST /session/aedfa18944cc4355ab8cbaedf6540575/element - {"using":"xpath","value":"//*[@id=\"__item96\"]"}
RESULT: {}
RESULT: {"using":"xpath","value":"//*[@id=\"__item96\"]"}
COMMAND: POST /session/aedfa18944cc4355ab8cbaedf6540575/element/f.694E2BBF071ECDE7169F205C0A1B1FBC.d.F6113C8F2DBB7328FC52420F4879E950.e.9774/click - {}
RESULT: {}
COMMAND: POST /session/aedfa18944cc4355ab8cbaedf6540575/element - {"using":"xpath","value":"//td[7]/div/div/input"}
COMMAND: GET /session/aedfa18944cc4355ab8cbaedf6540575/screenshot - {}
RESULT: {"using":"xpath","value":"//td[7]/div/div/input"}
COMMAND: POST /session/aedfa18944cc4355ab8cbaedf6540575/element/f.694E2BBF071ECDE7169F205C0A1B1FBC.d.F6113C8F2DBB7328FC52420F4879E950.e.9776/clear - {}
RESULT: {}
RESULT: {}
COMMAND: POST /session/aedfa18944cc4355ab8cbaedf6540575/element/f.694E2BBF071ECDE7169F205C0A1B1FBC.d.F6113C8F2DBB7328FC52420F4879E950.e.9776/value - {"text":"WebdriverRUR2C132yj"}
COMMAND: GET /session/aedfa18944cc4355ab8cbaedf6540575/screenshot - {}
RESULT: {"text":"WebdriverRUR2C132yj"}
COMMAND: GET /session/aedfa18944cc4355ab8cbaedf6540575/screenshot - {}
RESULT: {}
RESULT: {}
COMMAND: POST /session/aedfa18944cc4355ab8cbaedf6540575/actions - {"actions":[{"id":"action22","type":"key","parameters":{},"actions":[{"type":"keyDown","value":""},{"type":"pause","duration":10},{"type":"keyUp","value":""}]}]}
RESULT: {"actions":[{"id":"action22","type":"key","parameters":{},"actions":[{"type":"keyDown","value":""},{"type":"pause","duration":10},{"type":"keyUp","value":""}]}]}
COMMAND: GET /session/aedfa18944cc4355ab8cbaedf6540575/screenshot - {}
RESULT: {}
COMMAND: POST /session/aedfa18944cc4355ab8cbaedf6540575/element - {"using":"xpath","value":"//button[@data-kt=\"saveButton\"]"}
RESULT: {"using":"xpath","value":"//button[@data-kt=\"saveButton\"]"}
COMMAND: POST /session/aedfa18944cc4355ab8cbaedf6540575/element/f.694E2BBF071ECDE7169F205C0A1B1FBC.d.F6113C8F2DBB7328FC52420F4879E950.e.9800/click - {}
RESULT: {}
COMMAND: GET /session/aedfa18944cc4355ab8cbaedf6540575/screenshot - {}
RESULT: {}
RESULT: undefined
COMMAND: POST /session/aedfa18944cc4355ab8cbaedf6540575/execute/async - {"script":"<script> [6424 bytes]","args":[{"element-6066-11e4-a52e-4f735466cecf":"f.694E2BBF071ECDE7169F205C0A1B1FBC.d.F6113C8F2DBB7328FC52420F4879E950.e.9691"},"getText",[]]}
RESULT: {"script":"<script> [6424 bytes]","args":[{"element-6066-11e4-a52e-4f735466cecf":"f.694E2BBF071ECDE7169F205C0A1B1FBC.d.F6113C8F2DBB7328FC52420F4879E950.e.9691"},"getText",[]]}
COMMAND: POST /session/aedfa18944cc4355ab8cbaedf6540575/element - {"using":"css selector","value":"#j_username"}
COMMAND: POST /session/aedfa18944cc4355ab8cbaedf6540575/url - {"url":"https://qa-testing-00-live-etm-ui.cfapps.eu10-004.hana.ondemand.com/"}
RESULT: {"url":"https://qa-testing-00-live-etm-ui.cfapps.eu10-004.hana.ondemand.com/"}
RESULT: undefined
COMMAND: GET /session/aedfa18944cc4355ab8cbaedf6540575/screenshot - {}
RESULT: {"using":"css selector","value":"#j_username"}
COMMAND: POST /session/aedfa18944cc4355ab8cbaedf6540575/element - {"using":"css selector","value":"#j_username"}
RESULT: {}
RESULT: {"using":"css selector","value":"#j_username"}
COMMAND: POST /session/aedfa18944cc4355ab8cbaedf6540575/element - {"using":"css selector","value":"#shell-header-logo"}
RESULT: {"using":"css selector","value":"#shell-header-logo"}
COMMAND: POST /session/aedfa18944cc4355ab8cbaedf6540575/execute/sync - {"script":"<script> [8489 bytes]","args":[{"element-6066-11e4-a52e-4f735466cecf":"f.694E2BBF071ECDE7169F205C0A1B1FBC.d.C79ABE9943C1775BA788116F2C6E4880.e.9812","ELEMENT":"f.694E2BBF071ECDE7169F205C0A1B1FBC.d.C79ABE9943C1775BA788116F2C6E4880.e.9812"}]}
RESULT: {"script":"<script> [8489 bytes]","args":[{"element-6066-11e4-a52e-4f735466cecf":"f.694E2BBF071ECDE7169F205C0A1B1FBC.d.C79ABE9943C1775BA788116F2C6E4880.e.9812","ELEMENT":"f.694E2BBF071ECDE7169F205C0A1B1FBC.d.C79ABE9943C1775BA788116F2C6E4880.e.9812"}]}
COMMAND: POST /session/aedfa18944cc4355ab8cbaedf6540575/element - {"using":"css selector","value":"#shell-header-logo"}
COMMAND: GET /session/aedfa18944cc4355ab8cbaedf6540575/screenshot - {}
RESULT: {"using":"css selector","value":"#shell-header-logo"}
COMMAND: POST /session/aedfa18944cc4355ab8cbaedf6540575/execute/sync - {"script":"<script> [8489 bytes]","args":[{"element-6066-11e4-a52e-4f735466cecf":"f.694E2BBF071ECDE7169F205C0A1B1FBC.d.C79ABE9943C1775BA788116F2C6E4880.e.9812","ELEMENT":"f.694E2BBF071ECDE7169F205C0A1B1FBC.d.C79ABE9943C1775BA788116F2C6E4880.e.9812"}]}
RESULT: {}
RESULT: {"script":"<script> [8489 bytes]","args":[{"element-6066-11e4-a52e-4f735466cecf":"f.694E2BBF071ECDE7169F205C0A1B1FBC.d.C79ABE9943C1775BA788116F2C6E4880.e.9812","ELEMENT":"f.694E2BBF071ECDE7169F205C0A1B1FBC.d.C79ABE9943C1775BA788116F2C6E4880.e.9812"}]}
COMMAND: POST /session/aedfa18944cc4355ab8cbaedf6540575/execute/sync - {"script":"<script> [5351 bytes]","args":[{"element-6066-11e4-a52e-4f735466cecf":"f.694E2BBF071ECDE7169F205C0A1B1FBC.d.C79ABE9943C1775BA788116F2C6E4880.e.9812","ELEMENT":"f.694E2BBF071ECDE7169F205C0A1B1FBC.d.C79ABE9943C1775BA788116F2C6E4880.e.9812"}]}
COMMAND: GET /session/aedfa18944cc4355ab8cbaedf6540575/screenshot - {}
RESULT: {"script":"<script> [5351 bytes]","args":[{"element-6066-11e4-a52e-4f735466cecf":"f.694E2BBF071ECDE7169F205C0A1B1FBC.d.C79ABE9943C1775BA788116F2C6E4880.e.9812","ELEMENT":"f.694E2BBF071ECDE7169F205C0A1B1FBC.d.C79ABE9943C1775BA788116F2C6E4880.e.9812"}]}
COMMAND: POST /session/aedfa18944cc4355ab8cbaedf6540575/element - {"using":"css selector","value":"#shell-header-logo"}
COMMAND: GET /session/aedfa18944cc4355ab8cbaedf6540575/screenshot - {}
RESULT: {}
RESULT: {"using":"css selector","value":"#shell-header-logo"}
COMMAND: POST /session/aedfa18944cc4355ab8cbaedf6540575/element/f.694E2BBF071ECDE7169F205C0A1B1FBC.d.C79ABE9943C1775BA788116F2C6E4880.e.9812/click - {}
RESULT: {}
RESULT: {}
COMMAND: GET /session/aedfa18944cc4355ab8cbaedf6540575/screenshot - {}
RESULT: {}
COMMAND: POST /session/aedfa18944cc4355ab8cbaedf6540575/execute/async - {"script":"<script> [189 bytes]","args":[]}
RESULT: {"script":"<script> [189 bytes]","args":[]}
COMMAND: POST /session/aedfa18944cc4355ab8cbaedf6540575/execute/async - {"script":"<script> [123 bytes]","args":[]}
RESULT: {"script":"<script> [123 bytes]","args":[]}
COMMAND: POST /session/aedfa18944cc4355ab8cbaedf6540575/timeouts - {"script":"<number>"}
RESULT: {"script":"<number>"}
COMMAND: GET /session/aedfa18944cc4355ab8cbaedf6540575/timeouts - {}
RESULT: {}
RESULT: undefined
COMMAND: POST /session/aedfa18944cc4355ab8cbaedf6540575/execute/async - {"script":"<script> [2676 bytes]","args":[]}
RESULT: {"script":"<script> [2676 bytes]","args":[]}
COMMAND: POST /session/aedfa18944cc4355ab8cbaedf6540575/execute/async - {"script":"<script> [2342 bytes]","args":[{"protocol":"http","hostname":"0.0.0.0","path":"/","capabilities":{"browserName":"chrome","goog:chromeOptions":{"binary":"C:\\Program Files\\Google\\Chrome\\Application\\chrome.exe","args":["--force-device-scale-factor=0.8","--start-maximized"]}},"logLevel":"warn","connectionRetryTimeout":120000,"connectionRetryCount":3,"logLevels":{},"enableDirectConnect":true,"strictSSL":true,"_":"65 more keys: [\"cacheDir\",\"port\",\"requestedCapabilities\",\"automationProtocol\",\"baseUrl\",\"waitforInterval\",\"waitforTimeout\",\"onReload\",\"beforeCommand\",\"afterCommand\",\"rootDir\",\"specs\",\"suites\",\"exclude\",\"groupLogsByTestSpec\",\"excludeDriverLogs\",\"bail\",\"framework\",\"reporters\",\"services\",\"maxInstances\",\"maxInstancesPerCapability\",\"injectGlobals\",\"filesToWatch\",\"execArgv\",\"runnerEnv\",\"runner\",\"shard\",\"specFileRetries\",\"specFileRetriesDelay\",\"specFileRetriesDeferred\",\"reporterSyncInterval\",\"reporterSyncTimeout\",\"cucumberFeaturesWithLineNumbers\",\"autoCompileOpts\",\"mochaOpts\",\"jasmineOpts\",\"cucumberOpts\",\"onPrepare\",\"onWorkerStart\",\"onWorkerEnd\",\"before\",\"beforeSession\",\"beforeSuite\",\"beforeHook\",\"beforeTest\",\"afterTest\",\"afterHook\",\"afterSuite\",\"afterSession\",\"after\",\"onComplete\",\"beforeAssertion\",\"afterAssertion\",\"beforeFeature\",\"beforeScenario\",\"beforeStep\",\"afterStep\",\"afterScenario\",\"afterFeature\",\"_\",\"suite\",\"$0\",\"ignoredWorkerServices\",\"wdi5\"]"}]}
RESULT: {"script":"<script> [2342 bytes]","args":[{"protocol":"http","hostname":"0.0.0.0","path":"/","capabilities":{"browserName":"chrome","goog:chromeOptions":{"binary":"C:\\Program Files\\Google\\Chrome\\Application\\chrome.exe","args":["--force-device-scale-factor=0.8","--start-maximized"]}},"logLevel":"warn","connectionRetryTimeout":120000,"connectionRetryCount":3,"logLevels":{},"enableDirectConnect":true,"strictSSL":true,"_":"65 more keys: [\"cacheDir\",\"port\",\"requestedCapabilities\",\"automationProtocol\",\"baseUrl\",\"waitforInterval\",\"waitforTimeout\",\"onReload\",\"beforeCommand\",\"afterCommand\",\"rootDir\",\"specs\",\"suites\",\"exclude\",\"groupLogsByTestSpec\",\"excludeDriverLogs\",\"bail\",\"framework\",\"reporters\",\"services\",\"maxInstances\",\"maxInstancesPerCapability\",\"injectGlobals\",\"filesToWatch\",\"execArgv\",\"runnerEnv\",\"runner\",\"shard\",\"specFileRetries\",\"specFileRetriesDelay\",\"specFileRetriesDeferred\",\"reporterSyncInterval\",\"reporterSyncTimeout\",\"cucumberFeaturesWithLineNumbers\",\"autoCompileOpts\",\"mochaOpts\",\"jasmineOpts\",\"cucumberOpts\",\"onPrepare\",\"onWorkerStart\",\"onWorkerEnd\",\"before\",\"beforeSession\",\"beforeSuite\",\"beforeHook\",\"beforeTest\",\"afterTest\",\"afterHook\",\"afterSuite\",\"afterSession\",\"after\",\"onComplete\",\"beforeAssertion\",\"afterAssertion\",\"beforeFeature\",\"beforeScenario\",\"beforeStep\",\"afterStep\",\"afterScenario\",\"afterFeature\",\"_\",\"suite\",\"$0\",\"ignoredWorkerServices\",\"wdi5\"]"}]}
COMMAND: POST /session/aedfa18944cc4355ab8cbaedf6540575/execute/async - {"script":"<script> [21126 bytes]","args":[35000]}
RESULT: {"script":"<script> [21126 bytes]","args":[35000]}
COMMAND: POST /session/aedfa18944cc4355ab8cbaedf6540575/window/maximize - {}
RESULT: {}
COMMAND: POST /session/aedfa18944cc4355ab8cbaedf6540575/execute/async - {"script":"<script> [1562 bytes]","args":[{"selector":{"id":"shell-header","interaction":{"idSuffix":"icon"}},"wdio_ui5_key":"shellheader"}]}
COMMAND: GET /session/aedfa18944cc4355ab8cbaedf6540575/screenshot - {}
RESULT: {"script":"<script> [1562 bytes]","args":[{"selector":{"id":"shell-header","interaction":{"idSuffix":"icon"}},"wdio_ui5_key":"shellheader"}]}
RESULT: undefined
RESULT: {}
COMMAND: POST /session/aedfa18944cc4355ab8cbaedf6540575/execute/async - {"script":"<script> [1562 bytes]","args":[{"selector":{"controlType":"sap.m.GenericTile","properties":{"header":"Manage Sites"}},"wdio_ui5_key":"sapm.GenericTile{\"header\":\"Manage Sites\"}"}]}
RESULT: {"script":"<script> [1562 bytes]","args":[{"selector":{"controlType":"sap.m.GenericTile","properties":{"header":"Manage Sites"}},"wdio_ui5_key":"sapm.GenericTile{\"header\":\"Manage Sites\"}"}]}
RESULT: undefined
COMMAND: POST /session/aedfa18944cc4355ab8cbaedf6540575/element - {"using":"xpath","value":"//*[@id=\"__tile55\"]"}
RESULT: {"using":"xpath","value":"//*[@id=\"__tile55\"]"}
COMMAND: POST /session/aedfa18944cc4355ab8cbaedf6540575/element/f.694E2BBF071ECDE7169F205C0A1B1FBC.d.C79ABE9943C1775BA788116F2C6E4880.e.9821/click - {}
RESULT: {}
COMMAND: GET /session/aedfa18944cc4355ab8cbaedf6540575/screenshot - {}
RESULT: {}
]]></system-out>
    </testcase>
  </testsuite>
  <testsuite timestamp="2025-04-14T15:52:50" time="124.457" tests="2" failures="0" errors="0" skipped="0">
    <properties>
      <property name="specId" value="0"/>
      <property name="suiteName" value="Dynamic site option US120073"/>
      <property name="capabilities" value="chrome.135_0_7049_42.windows"/>
      <property name="file" value="file:///D:/a/1/s/test/specs/R2C/dynamic-site-option.spec.js"/>
    </properties>
    <testcase classname="chrome.135_0_7049_42.windows.Dynamic_site_option_US120073" name="Should create new site" time="73.007">
      <system-out><![CDATA[
COMMAND: POST /session/aedfa18944cc4355ab8cbaedf6540575/execute/async - {"script":"<script> [1562 bytes]","args":[{"selector":{"controlType":"sap.ui.core.Icon","viewName":"etm.portal.ui.managesites.view.Master","viewId":"application-managesites-display-component---masterSite","properties":{"src":{"regex":{"source":"add"}}}},"wdio_ui5_key":"etmportal.ui.managesites.view.Mastersap.ui.core.Icon{\"src\":{\"regex\":{\"source\":\"add\"}}}"}]}
RESULT: {"script":"<script> [1562 bytes]","args":[{"selector":{"controlType":"sap.ui.core.Icon","viewName":"etm.portal.ui.managesites.view.Master","viewId":"application-managesites-display-component---masterSite","properties":{"src":{"regex":{"source":"add"}}}},"wdio_ui5_key":"etmportal.ui.managesites.view.Mastersap.ui.core.Icon{\"src\":{\"regex\":{\"source\":\"add\"}}}"}]}
RESULT: undefined
COMMAND: POST /session/aedfa18944cc4355ab8cbaedf6540575/element - {"using":"xpath","value":"//*[@id=\"__button4-img\"]"}
RESULT: {"using":"xpath","value":"//*[@id=\"__button4-img\"]"}
COMMAND: POST /session/aedfa18944cc4355ab8cbaedf6540575/element/f.694E2BBF071ECDE7169F205C0A1B1FBC.d.C79ABE9943C1775BA788116F2C6E4880.e.9869/click - {}
RESULT: {}
COMMAND: POST /session/aedfa18944cc4355ab8cbaedf6540575/execute/async - {"script":"<script> [1562 bytes]","args":[{"selector":{"id":"application-managesites-display-component---NewSite--siteId","interaction":{"idSuffix":"inner"}},"wdio_ui5_key":"applicationmanagesites-display-component---NewSite--siteId"}]}
COMMAND: GET /session/aedfa18944cc4355ab8cbaedf6540575/screenshot - {}
RESULT: {"script":"<script> [1562 bytes]","args":[{"selector":{"id":"application-managesites-display-component---NewSite--siteId","interaction":{"idSuffix":"inner"}},"wdio_ui5_key":"applicationmanagesites-display-component---NewSite--siteId"}]}
RESULT: undefined
COMMAND: POST /session/aedfa18944cc4355ab8cbaedf6540575/execute/async - {"script":"<script> [1562 bytes]","args":[{"selector":{"id":"application-managesites-display-component---NewSite--addressDetailDetailsName1","interaction":{"idSuffix":"inner"}},"wdio_ui5_key":"applicationmanagesites-display-component---NewSite--addressDetailDetailsName1"}]}
RESULT: {}
RESULT: {"script":"<script> [1562 bytes]","args":[{"selector":{"id":"application-managesites-display-component---NewSite--addressDetailDetailsName1","interaction":{"idSuffix":"inner"}},"wdio_ui5_key":"applicationmanagesites-display-component---NewSite--addressDetailDetailsName1"}]}
RESULT: undefined
COMMAND: POST /session/aedfa18944cc4355ab8cbaedf6540575/execute/async - {"script":"<script> [776 bytes]","args":[{"enterText":"Webdriver Site 45ozb","selector":{"id":"application-managesites-display-component---NewSite--addressDetailDetailsName1","interaction":{"idSuffix":"inner"}},"clearTextFirst":true,"interactionType":"ENTER_TEXT"}]}
RESULT: {"script":"<script> [776 bytes]","args":[{"enterText":"Webdriver Site 45ozb","selector":{"id":"application-managesites-display-component---NewSite--addressDetailDetailsName1","interaction":{"idSuffix":"inner"}},"clearTextFirst":true,"interactionType":"ENTER_TEXT"}]}
COMMAND: POST /session/aedfa18944cc4355ab8cbaedf6540575/execute/async - {"script":"<script> [1562 bytes]","args":[{"selector":{"id":"application-managesites-display-component---NewSite--addressDetailDetailsLanguage","interaction":{"idSuffix":"inner"}},"wdio_ui5_key":"applicationmanagesites-display-component---NewSite--addressDetailDetailsLanguage"}]}
RESULT: {"script":"<script> [1562 bytes]","args":[{"selector":{"id":"application-managesites-display-component---NewSite--addressDetailDetailsLanguage","interaction":{"idSuffix":"inner"}},"wdio_ui5_key":"applicationmanagesites-display-component---NewSite--addressDetailDetailsLanguage"}]}
RESULT: undefined
COMMAND: POST /session/aedfa18944cc4355ab8cbaedf6540575/execute/async - {"script":"<script> [776 bytes]","args":[{"enterText":"Romanian","selector":{"id":"application-managesites-display-component---NewSite--addressDetailDetailsLanguage","interaction":{"idSuffix":"inner"}},"clearTextFirst":true,"interactionType":"ENTER_TEXT"}]}
RESULT: {"script":"<script> [776 bytes]","args":[{"enterText":"Romanian","selector":{"id":"application-managesites-display-component---NewSite--addressDetailDetailsLanguage","interaction":{"idSuffix":"inner"}},"clearTextFirst":true,"interactionType":"ENTER_TEXT"}]}
COMMAND: POST /session/aedfa18944cc4355ab8cbaedf6540575/execute/async - {"script":"<script> [1562 bytes]","args":[{"selector":{"id":"application-managesites-display-component---NewSite--addressDetailDetailsCity1","interaction":{"idSuffix":"inner"}},"wdio_ui5_key":"applicationmanagesites-display-component---NewSite--addressDetailDetailsCity1"}]}
RESULT: {"script":"<script> [1562 bytes]","args":[{"selector":{"id":"application-managesites-display-component---NewSite--addressDetailDetailsCity1","interaction":{"idSuffix":"inner"}},"wdio_ui5_key":"applicationmanagesites-display-component---NewSite--addressDetailDetailsCity1"}]}
RESULT: undefined
COMMAND: POST /session/aedfa18944cc4355ab8cbaedf6540575/execute/async - {"script":"<script> [776 bytes]","args":[{"enterText":"Bucharest","selector":{"id":"application-managesites-display-component---NewSite--addressDetailDetailsCity1","interaction":{"idSuffix":"inner"}},"clearTextFirst":true,"interactionType":"ENTER_TEXT"}]}
RESULT: {"script":"<script> [776 bytes]","args":[{"enterText":"Bucharest","selector":{"id":"application-managesites-display-component---NewSite--addressDetailDetailsCity1","interaction":{"idSuffix":"inner"}},"clearTextFirst":true,"interactionType":"ENTER_TEXT"}]}
COMMAND: POST /session/aedfa18944cc4355ab8cbaedf6540575/execute/async - {"script":"<script> [1562 bytes]","args":[{"selector":{"id":"application-managesites-display-component---NewSite--addressDetailDetailsCountry","interaction":{"idSuffix":"inner"}},"wdio_ui5_key":"applicationmanagesites-display-component---NewSite--addressDetailDetailsCountry"}]}
RESULT: {"script":"<script> [1562 bytes]","args":[{"selector":{"id":"application-managesites-display-component---NewSite--addressDetailDetailsCountry","interaction":{"idSuffix":"inner"}},"wdio_ui5_key":"applicationmanagesites-display-component---NewSite--addressDetailDetailsCountry"}]}
RESULT: undefined
COMMAND: POST /session/aedfa18944cc4355ab8cbaedf6540575/execute/async - {"script":"<script> [776 bytes]","args":[{"enterText":"Romania","selector":{"id":"application-managesites-display-component---NewSite--addressDetailDetailsCountry","interaction":{"idSuffix":"inner"}},"clearTextFirst":true,"interactionType":"ENTER_TEXT"}]}
RESULT: {"script":"<script> [776 bytes]","args":[{"enterText":"Romania","selector":{"id":"application-managesites-display-component---NewSite--addressDetailDetailsCountry","interaction":{"idSuffix":"inner"}},"clearTextFirst":true,"interactionType":"ENTER_TEXT"}]}
COMMAND: POST /session/aedfa18944cc4355ab8cbaedf6540575/execute/async - {"script":"<script> [1562 bytes]","args":[{"selector":{"id":"application-managesites-display-component---NewSite--addressDetailDetailsCalendar","interaction":{"idSuffix":"inner"}},"wdio_ui5_key":"applicationmanagesites-display-component---NewSite--addressDetailDetailsCalendar"}]}
RESULT: {"script":"<script> [1562 bytes]","args":[{"selector":{"id":"application-managesites-display-component---NewSite--addressDetailDetailsCalendar","interaction":{"idSuffix":"inner"}},"wdio_ui5_key":"applicationmanagesites-display-component---NewSite--addressDetailDetailsCalendar"}]}
RESULT: undefined
COMMAND: POST /session/aedfa18944cc4355ab8cbaedf6540575/execute/async - {"script":"<script> [776 bytes]","args":[{"enterText":"Germany","selector":{"id":"application-managesites-display-component---NewSite--addressDetailDetailsCalendar","interaction":{"idSuffix":"inner"}},"clearTextFirst":true,"interactionType":"ENTER_TEXT"}]}
RESULT: {"script":"<script> [776 bytes]","args":[{"enterText":"Germany","selector":{"id":"application-managesites-display-component---NewSite--addressDetailDetailsCalendar","interaction":{"idSuffix":"inner"}},"clearTextFirst":true,"interactionType":"ENTER_TEXT"}]}
COMMAND: POST /session/aedfa18944cc4355ab8cbaedf6540575/execute/async - {"script":"<script> [1562 bytes]","args":[{"selector":{"id":"application-managesites-display-component---NewSite--addressEditDetailsCostObjectCstType-arrow"},"wdio_ui5_key":"applicationmanagesites-display-component---NewSite--addressEditDetailsCostObjectCstType-arrow"}]}
RESULT: {"script":"<script> [1562 bytes]","args":[{"selector":{"id":"application-managesites-display-component---NewSite--addressEditDetailsCostObjectCstType-arrow"},"wdio_ui5_key":"applicationmanagesites-display-component---NewSite--addressEditDetailsCostObjectCstType-arrow"}]}
RESULT: undefined
COMMAND: POST /session/aedfa18944cc4355ab8cbaedf6540575/element - {"using":"xpath","value":"//*[@id=\"application-managesites-display-component---NewSite--addressEditDetailsCostObjectCstType-arrow\"]"}
RESULT: {"using":"xpath","value":"//*[@id=\"application-managesites-display-component---NewSite--addressEditDetailsCostObjectCstType-arrow\"]"}
COMMAND: POST /session/aedfa18944cc4355ab8cbaedf6540575/element/f.694E2BBF071ECDE7169F205C0A1B1FBC.d.C79ABE9943C1775BA788116F2C6E4880.e.10312/click - {}
RESULT: {}
COMMAND: POST /session/aedfa18944cc4355ab8cbaedf6540575/element - {"using":"xpath","value":"//span[contains(text(), \"Work Breakdown Structure\")]"}
COMMAND: GET /session/aedfa18944cc4355ab8cbaedf6540575/screenshot - {}
RESULT: {"using":"xpath","value":"//span[contains(text(), \"Work Breakdown Structure\")]"}
COMMAND: POST /session/aedfa18944cc4355ab8cbaedf6540575/element/f.694E2BBF071ECDE7169F205C0A1B1FBC.d.C79ABE9943C1775BA788116F2C6E4880.e.10313/click - {}
RESULT: {}
RESULT: {}
COMMAND: GET /session/aedfa18944cc4355ab8cbaedf6540575/screenshot - {}
RESULT: {}
COMMAND: POST /session/aedfa18944cc4355ab8cbaedf6540575/execute/async - {"script":"<script> [1562 bytes]","args":[{"selector":{"id":"application-managesites-display-component---NewSite--addressNewCostObjectCstID-vhi"},"wdio_ui5_key":"applicationmanagesites-display-component---NewSite--addressNewCostObjectCstID-vhi"}]}
RESULT: {"script":"<script> [1562 bytes]","args":[{"selector":{"id":"application-managesites-display-component---NewSite--addressNewCostObjectCstID-vhi"},"wdio_ui5_key":"applicationmanagesites-display-component---NewSite--addressNewCostObjectCstID-vhi"}]}
RESULT: undefined
COMMAND: POST /session/aedfa18944cc4355ab8cbaedf6540575/element - {"using":"xpath","value":"//*[@id=\"application-managesites-display-component---NewSite--addressNewCostObjectCstID-vhi\"]"}
RESULT: {"using":"xpath","value":"//*[@id=\"application-managesites-display-component---NewSite--addressNewCostObjectCstID-vhi\"]"}
COMMAND: POST /session/aedfa18944cc4355ab8cbaedf6540575/element/f.694E2BBF071ECDE7169F205C0A1B1FBC.d.C79ABE9943C1775BA788116F2C6E4880.e.10316/click - {}
RESULT: {}
COMMAND: GET /session/aedfa18944cc4355ab8cbaedf6540575/screenshot - {}
RESULT: {}
COMMAND: POST /session/aedfa18944cc4355ab8cbaedf6540575/execute/async - {"script":"<script> [1562 bytes]","args":[{"selector":{"controlType":"sap.m.SearchField","properties":{"placeholder":"Search"},"searchOpenDialogs":true,"interaction":{"idSuffix":"I"}},"wdio_ui5_key":"sapm.SearchField{\"placeholder\":\"Search\"}"}]}
RESULT: {"script":"<script> [1562 bytes]","args":[{"selector":{"controlType":"sap.m.SearchField","properties":{"placeholder":"Search"},"searchOpenDialogs":true,"interaction":{"idSuffix":"I"}},"wdio_ui5_key":"sapm.SearchField{\"placeholder\":\"Search\"}"}]}
RESULT: undefined
COMMAND: POST /session/aedfa18944cc4355ab8cbaedf6540575/execute/async - {"script":"<script> [776 bytes]","args":[{"enterText":"A1-000100-01","selector":{"controlType":"sap.m.SearchField","properties":{"placeholder":"Search"},"searchOpenDialogs":true,"interaction":{"idSuffix":"I"}},"clearTextFirst":true,"interactionType":"ENTER_TEXT"}]}
RESULT: {"script":"<script> [776 bytes]","args":[{"enterText":"A1-000100-01","selector":{"controlType":"sap.m.SearchField","properties":{"placeholder":"Search"},"searchOpenDialogs":true,"interaction":{"idSuffix":"I"}},"clearTextFirst":true,"interactionType":"ENTER_TEXT"}]}
COMMAND: POST /session/aedfa18944cc4355ab8cbaedf6540575/actions - {"actions":[{"id":"action23","type":"key","parameters":{},"actions":[{"type":"keyDown","value":""},{"type":"pause","duration":10},{"type":"keyUp","value":""}]}]}
RESULT: {"actions":[{"id":"action23","type":"key","parameters":{},"actions":[{"type":"keyDown","value":""},{"type":"pause","duration":10},{"type":"keyUp","value":""}]}]}
COMMAND: GET /session/aedfa18944cc4355ab8cbaedf6540575/screenshot - {}
RESULT: {}
COMMAND: POST /session/aedfa18944cc4355ab8cbaedf6540575/element - {"using":"xpath","value":"//span[contains(text(), \"Template for ETO-Process\")]"}
RESULT: {"using":"xpath","value":"//span[contains(text(), \"Template for ETO-Process\")]"}
COMMAND: POST /session/aedfa18944cc4355ab8cbaedf6540575/element/f.694E2BBF071ECDE7169F205C0A1B1FBC.d.C79ABE9943C1775BA788116F2C6E4880.e.10335/click - {}
RESULT: {}
COMMAND: GET /session/aedfa18944cc4355ab8cbaedf6540575/screenshot - {}
RESULT: {}
COMMAND: POST /session/aedfa18944cc4355ab8cbaedf6540575/element - {"using":"xpath","value":"//bdi[contains(text(), \"OK\")]"}
RESULT: {"using":"xpath","value":"//bdi[contains(text(), \"OK\")]"}
COMMAND: POST /session/aedfa18944cc4355ab8cbaedf6540575/element/f.694E2BBF071ECDE7169F205C0A1B1FBC.d.C79ABE9943C1775BA788116F2C6E4880.e.10336/click - {}
RESULT: {}
COMMAND: GET /session/aedfa18944cc4355ab8cbaedf6540575/screenshot - {}
RESULT: {}
COMMAND: POST /session/aedfa18944cc4355ab8cbaedf6540575/element - {"using":"xpath","value":"//input[@id=\"application-managesites-display-component---NewSite--addressDetailDetailsYard-inner\"]"}
RESULT: {"using":"xpath","value":"//input[@id=\"application-managesites-display-component---NewSite--addressDetailDetailsYard-inner\"]"}
COMMAND: POST /session/aedfa18944cc4355ab8cbaedf6540575/element/f.694E2BBF071ECDE7169F205C0A1B1FBC.d.C79ABE9943C1775BA788116F2C6E4880.e.10149/value - {"text":"webdriver"}
RESULT: {"text":"webdriver"}
COMMAND: GET /session/aedfa18944cc4355ab8cbaedf6540575/screenshot - {}
RESULT: {}
COMMAND: POST /session/aedfa18944cc4355ab8cbaedf6540575/actions - {"actions":[{"id":"action24","type":"key","parameters":{},"actions":[{"type":"keyDown","value":""},{"type":"pause","duration":10},{"type":"keyUp","value":""}]}]}
RESULT: {"actions":[{"id":"action24","type":"key","parameters":{},"actions":[{"type":"keyDown","value":""},{"type":"pause","duration":10},{"type":"keyUp","value":""}]}]}
COMMAND: GET /session/aedfa18944cc4355ab8cbaedf6540575/screenshot - {}
RESULT: {}
COMMAND: POST /session/aedfa18944cc4355ab8cbaedf6540575/element - {"using":"xpath","value":"//input[@id=\"application-managesites-display-component---NewSite--addressDetailDetailsPartner-inner\"]"}
RESULT: {"using":"xpath","value":"//input[@id=\"application-managesites-display-component---NewSite--addressDetailDetailsPartner-inner\"]"}
COMMAND: POST /session/aedfa18944cc4355ab8cbaedf6540575/elements - {"using":"xpath","value":"//input[@id=\"application-managesites-display-component---NewSite--addressDetailDetailsPartner-inner\"]"}
RESULT: {"using":"xpath","value":"//input[@id=\"application-managesites-display-component---NewSite--addressDetailDetailsPartner-inner\"]"}
COMMAND: POST /session/aedfa18944cc4355ab8cbaedf6540575/execute/async - {"script":"<script> [1562 bytes]","args":[{"selector":{"controlType":"sap.m.Button","viewName":"etm.portal.ui.managesites.view.NewSmartSite","viewId":"application-managesites-display-component---NewSite","properties":{"text":"Commercial"},"interaction":{"idSuffix":"BDI-content"}},"wdio_ui5_key":"etmportal.ui.managesites.view.NewSmartSitesap.m.Button{\"text\":\"Commercial\"}"}]}
RESULT: {"script":"<script> [1562 bytes]","args":[{"selector":{"controlType":"sap.m.Button","viewName":"etm.portal.ui.managesites.view.NewSmartSite","viewId":"application-managesites-display-component---NewSite","properties":{"text":"Commercial"},"interaction":{"idSuffix":"BDI-content"}},"wdio_ui5_key":"etmportal.ui.managesites.view.NewSmartSitesap.m.Button{\"text\":\"Commercial\"}"}]}
RESULT: undefined
COMMAND: POST /session/aedfa18944cc4355ab8cbaedf6540575/element - {"using":"xpath","value":"//*[@id=\"application-managesites-display-component---NewSite--ObjectPageLayout-anchBar-__section5-anchor\"]"}
RESULT: {"using":"xpath","value":"//*[@id=\"application-managesites-display-component---NewSite--ObjectPageLayout-anchBar-__section5-anchor\"]"}
COMMAND: POST /session/aedfa18944cc4355ab8cbaedf6540575/element/f.694E2BBF071ECDE7169F205C0A1B1FBC.d.C79ABE9943C1775BA788116F2C6E4880.e.10342/click - {}
RESULT: {}
COMMAND: POST /session/aedfa18944cc4355ab8cbaedf6540575/execute/async - {"script":"<script> [1562 bytes]","args":[{"selector":{"controlType":"sap.m.Button","viewName":"etm.portal.ui.managesites.view.NewSmartSite","viewId":"application-managesites-display-component---NewSite","i18NText":{"propertyName":"text","key":"save"},"interaction":{"idSuffix":"BDI-content"}},"wdio_ui5_key":"etmportal.ui.managesites.view.NewSmartSitesap.m.Button{\"propertyName\":\"text\",\"key\":\"save\"}"}]}
COMMAND: GET /session/aedfa18944cc4355ab8cbaedf6540575/screenshot - {}
RESULT: {"script":"<script> [1562 bytes]","args":[{"selector":{"controlType":"sap.m.Button","viewName":"etm.portal.ui.managesites.view.NewSmartSite","viewId":"application-managesites-display-component---NewSite","i18NText":{"propertyName":"text","key":"save"},"interaction":{"idSuffix":"BDI-content"}},"wdio_ui5_key":"etmportal.ui.managesites.view.NewSmartSitesap.m.Button{\"propertyName\":\"text\",\"key\":\"save\"}"}]}
RESULT: undefined
COMMAND: POST /session/aedfa18944cc4355ab8cbaedf6540575/element - {"using":"xpath","value":"//*[@id=\"__button16\"]"}
RESULT: {}
RESULT: {"using":"xpath","value":"//*[@id=\"__button16\"]"}
COMMAND: POST /session/aedfa18944cc4355ab8cbaedf6540575/element/f.694E2BBF071ECDE7169F205C0A1B1FBC.d.C79ABE9943C1775BA788116F2C6E4880.e.10286/click - {}
RESULT: {}
COMMAND: GET /session/aedfa18944cc4355ab8cbaedf6540575/screenshot - {}
RESULT: {}
COMMAND: POST /session/aedfa18944cc4355ab8cbaedf6540575/execute/async - {"script":"<script> [1562 bytes]","args":[{"selector":{"id":"application-managesites-display-component---detailSite--addressDetailDetailsYardText"},"wdio_ui5_key":"applicationmanagesites-display-component---detailSite--addressDetailDetailsYardText"}]}
RESULT: {"script":"<script> [1562 bytes]","args":[{"selector":{"id":"application-managesites-display-component---detailSite--addressDetailDetailsYardText"},"wdio_ui5_key":"applicationmanagesites-display-component---detailSite--addressDetailDetailsYardText"}]}
RESULT: undefined
COMMAND: POST /session/aedfa18944cc4355ab8cbaedf6540575/execute/async - {"script":"<script> [1562 bytes]","args":[{"selector":{"controlType":"sap.m.Label","viewName":"etm.portal.ui.managesites.view.Detail","viewId":"application-managesites-display-component---detailSite","i18NText":{"propertyName":"text","key":"status"}},"wdio_ui5_key":"etmportal.ui.managesites.view.Detailsap.m.Label{\"propertyName\":\"text\",\"key\":\"status\"}"}]}
RESULT: {"script":"<script> [1562 bytes]","args":[{"selector":{"controlType":"sap.m.Label","viewName":"etm.portal.ui.managesites.view.Detail","viewId":"application-managesites-display-component---detailSite","i18NText":{"propertyName":"text","key":"status"}},"wdio_ui5_key":"etmportal.ui.managesites.view.Detailsap.m.Label{\"propertyName\":\"text\",\"key\":\"status\"}"}]}
RESULT: undefined
COMMAND: POST /session/aedfa18944cc4355ab8cbaedf6540575/execute/async - {"script":"<script> [6424 bytes]","args":[{"element-6066-11e4-a52e-4f735466cecf":"f.694E2BBF071ECDE7169F205C0A1B1FBC.d.C79ABE9943C1775BA788116F2C6E4880.e.10508"},"getText",[]]}
RESULT: {"script":"<script> [6424 bytes]","args":[{"element-6066-11e4-a52e-4f735466cecf":"f.694E2BBF071ECDE7169F205C0A1B1FBC.d.C79ABE9943C1775BA788116F2C6E4880.e.10508"},"getText",[]]}
]]></system-out>
    </testcase>
    <testcase classname="chrome.135_0_7049_42.windows.Dynamic_site_option_US120073" name="Should edit partner field" time="15.45">
      <system-out><![CDATA[
COMMAND: POST /session/aedfa18944cc4355ab8cbaedf6540575/execute/async - {"script":"<script> [1562 bytes]","args":[{"selector":{"controlType":"sap.m.Button","viewName":"etm.portal.ui.managesites.view.Detail","viewId":"application-managesites-display-component---detailSite","i18NText":{"propertyName":"text","key":"edit"},"interaction":{"idSuffix":"content"}},"wdio_ui5_key":"etmportal.ui.managesites.view.Detailsap.m.Button{\"propertyName\":\"text\",\"key\":\"edit\"}"}]}
RESULT: {"script":"<script> [1562 bytes]","args":[{"selector":{"controlType":"sap.m.Button","viewName":"etm.portal.ui.managesites.view.Detail","viewId":"application-managesites-display-component---detailSite","i18NText":{"propertyName":"text","key":"edit"},"interaction":{"idSuffix":"content"}},"wdio_ui5_key":"etmportal.ui.managesites.view.Detailsap.m.Button{\"propertyName\":\"text\",\"key\":\"edit\"}"}]}
RESULT: undefined
COMMAND: POST /session/aedfa18944cc4355ab8cbaedf6540575/element - {"using":"xpath","value":"//*[@id=\"__button35\"]"}
RESULT: {"using":"xpath","value":"//*[@id=\"__button35\"]"}
COMMAND: POST /session/aedfa18944cc4355ab8cbaedf6540575/element/f.694E2BBF071ECDE7169F205C0A1B1FBC.d.C79ABE9943C1775BA788116F2C6E4880.e.10529/click - {}
RESULT: {}
COMMAND: GET /session/aedfa18944cc4355ab8cbaedf6540575/screenshot - {}
RESULT: {}
COMMAND: POST /session/aedfa18944cc4355ab8cbaedf6540575/element - {"using":"xpath","value":"//bdi[contains(text(), \"Commercial\")]"}
RESULT: {"using":"xpath","value":"//bdi[contains(text(), \"Commercial\")]"}
COMMAND: POST /session/aedfa18944cc4355ab8cbaedf6540575/element/f.694E2BBF071ECDE7169F205C0A1B1FBC.d.C79ABE9943C1775BA788116F2C6E4880.e.10705/click - {}
RESULT: {}
COMMAND: POST /session/aedfa18944cc4355ab8cbaedf6540575/element - {"using":"xpath","value":"//input[@id=\"application-managesites-display-component---NewSite--addressDetailDetailsPartner-inner\"]"}
COMMAND: GET /session/aedfa18944cc4355ab8cbaedf6540575/screenshot - {}
RESULT: {"using":"xpath","value":"//input[@id=\"application-managesites-display-component---NewSite--addressDetailDetailsPartner-inner\"]"}
COMMAND: POST /session/aedfa18944cc4355ab8cbaedf6540575/elements - {"using":"xpath","value":"//input[@id=\"application-managesites-display-component---NewSite--addressDetailDetailsPartner-inner\"]"}
RESULT: {}
RESULT: {"using":"xpath","value":"//input[@id=\"application-managesites-display-component---NewSite--addressDetailDetailsPartner-inner\"]"}
COMMAND: POST /session/aedfa18944cc4355ab8cbaedf6540575/element - {"using":"xpath","value":"//bdi[contains(text(), \"Save\")]"}
RESULT: {"using":"xpath","value":"//bdi[contains(text(), \"Save\")]"}
COMMAND: POST /session/aedfa18944cc4355ab8cbaedf6540575/element - {"using":"css selector","value":"#j_username"}
COMMAND: POST /session/aedfa18944cc4355ab8cbaedf6540575/url - {"url":"https://qa-testing-00-live-etm-ui.cfapps.eu10-004.hana.ondemand.com/"}
RESULT: {"using":"css selector","value":"#j_username"}
COMMAND: POST /session/aedfa18944cc4355ab8cbaedf6540575/element - {"using":"css selector","value":"#j_username"}
RESULT: {"url":"https://qa-testing-00-live-etm-ui.cfapps.eu10-004.hana.ondemand.com/"}
RESULT: undefined
COMMAND: GET /session/aedfa18944cc4355ab8cbaedf6540575/screenshot - {}
RESULT: {"using":"css selector","value":"#j_username"}
COMMAND: POST /session/aedfa18944cc4355ab8cbaedf6540575/element - {"using":"css selector","value":"#shell-header-logo"}
RESULT: {}
RESULT: {"using":"css selector","value":"#shell-header-logo"}
COMMAND: POST /session/aedfa18944cc4355ab8cbaedf6540575/execute/sync - {"script":"<script> [8489 bytes]","args":[{"element-6066-11e4-a52e-4f735466cecf":"f.694E2BBF071ECDE7169F205C0A1B1FBC.d.1542E0034FFF3F421DB148D86D5507F8.e.10750","ELEMENT":"f.694E2BBF071ECDE7169F205C0A1B1FBC.d.1542E0034FFF3F421DB148D86D5507F8.e.10750"}]}
RESULT: {"script":"<script> [8489 bytes]","args":[{"element-6066-11e4-a52e-4f735466cecf":"f.694E2BBF071ECDE7169F205C0A1B1FBC.d.1542E0034FFF3F421DB148D86D5507F8.e.10750","ELEMENT":"f.694E2BBF071ECDE7169F205C0A1B1FBC.d.1542E0034FFF3F421DB148D86D5507F8.e.10750"}]}
COMMAND: POST /session/aedfa18944cc4355ab8cbaedf6540575/element - {"using":"css selector","value":"#shell-header-logo"}
COMMAND: GET /session/aedfa18944cc4355ab8cbaedf6540575/screenshot - {}
RESULT: {"using":"css selector","value":"#shell-header-logo"}
COMMAND: POST /session/aedfa18944cc4355ab8cbaedf6540575/execute/sync - {"script":"<script> [8489 bytes]","args":[{"element-6066-11e4-a52e-4f735466cecf":"f.694E2BBF071ECDE7169F205C0A1B1FBC.d.1542E0034FFF3F421DB148D86D5507F8.e.10750","ELEMENT":"f.694E2BBF071ECDE7169F205C0A1B1FBC.d.1542E0034FFF3F421DB148D86D5507F8.e.10750"}]}
RESULT: {}
RESULT: {"script":"<script> [8489 bytes]","args":[{"element-6066-11e4-a52e-4f735466cecf":"f.694E2BBF071ECDE7169F205C0A1B1FBC.d.1542E0034FFF3F421DB148D86D5507F8.e.10750","ELEMENT":"f.694E2BBF071ECDE7169F205C0A1B1FBC.d.1542E0034FFF3F421DB148D86D5507F8.e.10750"}]}
COMMAND: POST /session/aedfa18944cc4355ab8cbaedf6540575/execute/sync - {"script":"<script> [5351 bytes]","args":[{"element-6066-11e4-a52e-4f735466cecf":"f.694E2BBF071ECDE7169F205C0A1B1FBC.d.1542E0034FFF3F421DB148D86D5507F8.e.10750","ELEMENT":"f.694E2BBF071ECDE7169F205C0A1B1FBC.d.1542E0034FFF3F421DB148D86D5507F8.e.10750"}]}
COMMAND: GET /session/aedfa18944cc4355ab8cbaedf6540575/screenshot - {}
RESULT: {"script":"<script> [5351 bytes]","args":[{"element-6066-11e4-a52e-4f735466cecf":"f.694E2BBF071ECDE7169F205C0A1B1FBC.d.1542E0034FFF3F421DB148D86D5507F8.e.10750","ELEMENT":"f.694E2BBF071ECDE7169F205C0A1B1FBC.d.1542E0034FFF3F421DB148D86D5507F8.e.10750"}]}
COMMAND: POST /session/aedfa18944cc4355ab8cbaedf6540575/element - {"using":"css selector","value":"#shell-header-logo"}
COMMAND: GET /session/aedfa18944cc4355ab8cbaedf6540575/screenshot - {}
RESULT: {}
RESULT: {"using":"css selector","value":"#shell-header-logo"}
COMMAND: POST /session/aedfa18944cc4355ab8cbaedf6540575/element/f.694E2BBF071ECDE7169F205C0A1B1FBC.d.1542E0034FFF3F421DB148D86D5507F8.e.10750/click - {}
RESULT: {}
RESULT: {}
COMMAND: GET /session/aedfa18944cc4355ab8cbaedf6540575/screenshot - {}
RESULT: {}
COMMAND: POST /session/aedfa18944cc4355ab8cbaedf6540575/execute/async - {"script":"<script> [189 bytes]","args":[]}
RESULT: {"script":"<script> [189 bytes]","args":[]}
COMMAND: POST /session/aedfa18944cc4355ab8cbaedf6540575/execute/async - {"script":"<script> [123 bytes]","args":[]}
RESULT: {"script":"<script> [123 bytes]","args":[]}
COMMAND: POST /session/aedfa18944cc4355ab8cbaedf6540575/timeouts - {"script":"<number>"}
RESULT: {"script":"<number>"}
COMMAND: GET /session/aedfa18944cc4355ab8cbaedf6540575/timeouts - {}
RESULT: {}
RESULT: undefined
COMMAND: POST /session/aedfa18944cc4355ab8cbaedf6540575/execute/async - {"script":"<script> [2676 bytes]","args":[]}
RESULT: {"script":"<script> [2676 bytes]","args":[]}
COMMAND: POST /session/aedfa18944cc4355ab8cbaedf6540575/execute/async - {"script":"<script> [2342 bytes]","args":[{"protocol":"http","hostname":"0.0.0.0","path":"/","capabilities":{"browserName":"chrome","goog:chromeOptions":{"binary":"C:\\Program Files\\Google\\Chrome\\Application\\chrome.exe","args":["--force-device-scale-factor=0.8","--start-maximized"]}},"logLevel":"warn","connectionRetryTimeout":120000,"connectionRetryCount":3,"logLevels":{},"enableDirectConnect":true,"strictSSL":true,"_":"65 more keys: [\"cacheDir\",\"port\",\"requestedCapabilities\",\"automationProtocol\",\"baseUrl\",\"waitforInterval\",\"waitforTimeout\",\"onReload\",\"beforeCommand\",\"afterCommand\",\"rootDir\",\"specs\",\"suites\",\"exclude\",\"groupLogsByTestSpec\",\"excludeDriverLogs\",\"bail\",\"framework\",\"reporters\",\"services\",\"maxInstances\",\"maxInstancesPerCapability\",\"injectGlobals\",\"filesToWatch\",\"execArgv\",\"runnerEnv\",\"runner\",\"shard\",\"specFileRetries\",\"specFileRetriesDelay\",\"specFileRetriesDeferred\",\"reporterSyncInterval\",\"reporterSyncTimeout\",\"cucumberFeaturesWithLineNumbers\",\"autoCompileOpts\",\"mochaOpts\",\"jasmineOpts\",\"cucumberOpts\",\"onPrepare\",\"onWorkerStart\",\"onWorkerEnd\",\"before\",\"beforeSession\",\"beforeSuite\",\"beforeHook\",\"beforeTest\",\"afterTest\",\"afterHook\",\"afterSuite\",\"afterSession\",\"after\",\"onComplete\",\"beforeAssertion\",\"afterAssertion\",\"beforeFeature\",\"beforeScenario\",\"beforeStep\",\"afterStep\",\"afterScenario\",\"afterFeature\",\"_\",\"suite\",\"$0\",\"ignoredWorkerServices\",\"wdi5\"]"}]}
RESULT: {"script":"<script> [2342 bytes]","args":[{"protocol":"http","hostname":"0.0.0.0","path":"/","capabilities":{"browserName":"chrome","goog:chromeOptions":{"binary":"C:\\Program Files\\Google\\Chrome\\Application\\chrome.exe","args":["--force-device-scale-factor=0.8","--start-maximized"]}},"logLevel":"warn","connectionRetryTimeout":120000,"connectionRetryCount":3,"logLevels":{},"enableDirectConnect":true,"strictSSL":true,"_":"65 more keys: [\"cacheDir\",\"port\",\"requestedCapabilities\",\"automationProtocol\",\"baseUrl\",\"waitforInterval\",\"waitforTimeout\",\"onReload\",\"beforeCommand\",\"afterCommand\",\"rootDir\",\"specs\",\"suites\",\"exclude\",\"groupLogsByTestSpec\",\"excludeDriverLogs\",\"bail\",\"framework\",\"reporters\",\"services\",\"maxInstances\",\"maxInstancesPerCapability\",\"injectGlobals\",\"filesToWatch\",\"execArgv\",\"runnerEnv\",\"runner\",\"shard\",\"specFileRetries\",\"specFileRetriesDelay\",\"specFileRetriesDeferred\",\"reporterSyncInterval\",\"reporterSyncTimeout\",\"cucumberFeaturesWithLineNumbers\",\"autoCompileOpts\",\"mochaOpts\",\"jasmineOpts\",\"cucumberOpts\",\"onPrepare\",\"onWorkerStart\",\"onWorkerEnd\",\"before\",\"beforeSession\",\"beforeSuite\",\"beforeHook\",\"beforeTest\",\"afterTest\",\"afterHook\",\"afterSuite\",\"afterSession\",\"after\",\"onComplete\",\"beforeAssertion\",\"afterAssertion\",\"beforeFeature\",\"beforeScenario\",\"beforeStep\",\"afterStep\",\"afterScenario\",\"afterFeature\",\"_\",\"suite\",\"$0\",\"ignoredWorkerServices\",\"wdi5\"]"}]}
COMMAND: POST /session/aedfa18944cc4355ab8cbaedf6540575/execute/async - {"script":"<script> [21126 bytes]","args":[35000]}
RESULT: {"script":"<script> [21126 bytes]","args":[35000]}
COMMAND: POST /session/aedfa18944cc4355ab8cbaedf6540575/window/maximize - {}
RESULT: {}
COMMAND: POST /session/aedfa18944cc4355ab8cbaedf6540575/execute/async - {"script":"<script> [1562 bytes]","args":[{"selector":{"id":"shell-header","interaction":{"idSuffix":"icon"}},"wdio_ui5_key":"shellheader"}]}
COMMAND: GET /session/aedfa18944cc4355ab8cbaedf6540575/screenshot - {}
RESULT: {"script":"<script> [1562 bytes]","args":[{"selector":{"id":"shell-header","interaction":{"idSuffix":"icon"}},"wdio_ui5_key":"shellheader"}]}
RESULT: undefined
RESULT: {}
]]></system-out>
    </testcase>
  </testsuite>
  <testsuite timestamp="2025-04-14T15:54:54" time="557.872" tests="5" failures="0" errors="0" skipped="0">
    <properties>
      <property name="specId" value="0"/>
      <property name="suiteName" value="Warehouse movements inventory test"/>
      <property name="capabilities" value="chrome.135_0_7049_42.windows"/>
      <property name="file" value="file:///D:/a/1/s/test/specs/R2C/create-resource.spec.js"/>
    </properties>
    <testcase classname="chrome.135_0_7049_42.windows.Warehouse_movements_inventory_test" name="Should create a new WHM yard" time="155.899">
      <system-out><![CDATA[
COMMAND: POST /session/aedfa18944cc4355ab8cbaedf6540575/execute/async - {"script":"<script> [1562 bytes]","args":[{"selector":{"controlType":"sap.m.GenericTile","properties":{"header":"Manage Yards"}},"wdio_ui5_key":"sapm.GenericTile{\"header\":\"Manage Yards\"}"}]}
RESULT: {"script":"<script> [1562 bytes]","args":[{"selector":{"controlType":"sap.m.GenericTile","properties":{"header":"Manage Yards"}},"wdio_ui5_key":"sapm.GenericTile{\"header\":\"Manage Yards\"}"}]}
RESULT: undefined
COMMAND: POST /session/aedfa18944cc4355ab8cbaedf6540575/element - {"using":"xpath","value":"//*[@id=\"__tile56\"]"}
RESULT: {"using":"xpath","value":"//*[@id=\"__tile56\"]"}
COMMAND: POST /session/aedfa18944cc4355ab8cbaedf6540575/element/f.694E2BBF071ECDE7169F205C0A1B1FBC.d.1542E0034FFF3F421DB148D86D5507F8.e.10759/click - {}
RESULT: {}
COMMAND: GET /session/aedfa18944cc4355ab8cbaedf6540575/screenshot - {}
RESULT: {}
COMMAND: POST /session/aedfa18944cc4355ab8cbaedf6540575/execute/async - {"script":"<script> [1562 bytes]","args":[{"selector":{"controlType":"sap.ui.core.Icon","viewName":"etm.portal.ui.manageyards.view.Master","viewId":"application-manageyards-display-component---masterYard","properties":{"src":{"regex":{"source":"add"}}}},"wdio_ui5_key":"etmportal.ui.manageyards.view.Mastersap.ui.core.Icon{\"src\":{\"regex\":{\"source\":\"add\"}}}"}]}
RESULT: {"script":"<script> [1562 bytes]","args":[{"selector":{"controlType":"sap.ui.core.Icon","viewName":"etm.portal.ui.manageyards.view.Master","viewId":"application-manageyards-display-component---masterYard","properties":{"src":{"regex":{"source":"add"}}}},"wdio_ui5_key":"etmportal.ui.manageyards.view.Mastersap.ui.core.Icon{\"src\":{\"regex\":{\"source\":\"add\"}}}"}]}
RESULT: undefined
COMMAND: POST /session/aedfa18944cc4355ab8cbaedf6540575/element - {"using":"xpath","value":"//*[@id=\"__button4-img\"]"}
RESULT: {"using":"xpath","value":"//*[@id=\"__button4-img\"]"}
COMMAND: POST /session/aedfa18944cc4355ab8cbaedf6540575/element/f.694E2BBF071ECDE7169F205C0A1B1FBC.d.1542E0034FFF3F421DB148D86D5507F8.e.10807/click - {}
RESULT: {}
COMMAND: GET /session/aedfa18944cc4355ab8cbaedf6540575/screenshot - {}
RESULT: {}
COMMAND: POST /session/aedfa18944cc4355ab8cbaedf6540575/execute/async - {"script":"<script> [1562 bytes]","args":[{"selector":{"id":"application-manageyards-display-component---NewYard--yardId","interaction":{"idSuffix":"inner"}},"wdio_ui5_key":"applicationmanageyards-display-component---NewYard--yardId"}]}
RESULT: {"script":"<script> [1562 bytes]","args":[{"selector":{"id":"application-manageyards-display-component---NewYard--yardId","interaction":{"idSuffix":"inner"}},"wdio_ui5_key":"applicationmanageyards-display-component---NewYard--yardId"}]}
RESULT: undefined
COMMAND: POST /session/aedfa18944cc4355ab8cbaedf6540575/element - {"using":"xpath","value":"//*[@id=\"application-manageyards-display-component---NewYard--addressDetailDetailsName1-inner\"]"}
RESULT: {"using":"xpath","value":"//*[@id=\"application-manageyards-display-component---NewYard--addressDetailDetailsName1-inner\"]"}
COMMAND: POST /session/aedfa18944cc4355ab8cbaedf6540575/element/f.694E2BBF071ECDE7169F205C0A1B1FBC.d.1542E0034FFF3F421DB148D86D5507F8.e.11098/clear - {}
RESULT: {}
COMMAND: POST /session/aedfa18944cc4355ab8cbaedf6540575/element/f.694E2BBF071ECDE7169F205C0A1B1FBC.d.1542E0034FFF3F421DB148D86D5507F8.e.11098/value - {"text":"WebdriverWHMYardszw2vj"}
COMMAND: GET /session/aedfa18944cc4355ab8cbaedf6540575/screenshot - {}
RESULT: {"text":"WebdriverWHMYardszw2vj"}
COMMAND: POST /session/aedfa18944cc4355ab8cbaedf6540575/element - {"using":"xpath","value":"//*[@id=\"application-manageyards-display-component---NewYard--addressDetailDetailsLanguage-inner\"]"}
COMMAND: GET /session/aedfa18944cc4355ab8cbaedf6540575/screenshot - {}
RESULT: {}
RESULT: {"using":"xpath","value":"//*[@id=\"application-manageyards-display-component---NewYard--addressDetailDetailsLanguage-inner\"]"}
COMMAND: POST /session/aedfa18944cc4355ab8cbaedf6540575/element/f.694E2BBF071ECDE7169F205C0A1B1FBC.d.1542E0034FFF3F421DB148D86D5507F8.e.11099/clear - {}
RESULT: {}
RESULT: {}
COMMAND: POST /session/aedfa18944cc4355ab8cbaedf6540575/element/f.694E2BBF071ECDE7169F205C0A1B1FBC.d.1542E0034FFF3F421DB148D86D5507F8.e.11099/value - {"text":"Romanian"}
COMMAND: GET /session/aedfa18944cc4355ab8cbaedf6540575/screenshot - {}
RESULT: {"text":"Romanian"}
COMMAND: POST /session/aedfa18944cc4355ab8cbaedf6540575/element - {"using":"xpath","value":"//input[contains(@id ,\"application-manageyards-display-component---NewYard--addressDetailDetailsName1-inner\")]"}
COMMAND: GET /session/aedfa18944cc4355ab8cbaedf6540575/screenshot - {}
RESULT: {}
RESULT: {"using":"xpath","value":"//input[contains(@id ,\"application-manageyards-display-component---NewYard--addressDetailDetailsName1-inner\")]"}
COMMAND: GET /session/aedfa18944cc4355ab8cbaedf6540575/element/f.694E2BBF071ECDE7169F205C0A1B1FBC.d.1542E0034FFF3F421DB148D86D5507F8.e.11098/property/value - {}
RESULT: {}
RESULT: {}
COMMAND: GET /session/aedfa18944cc4355ab8cbaedf6540575/screenshot - {}
RESULT: {}
COMMAND: POST /session/aedfa18944cc4355ab8cbaedf6540575/element - {"using":"xpath","value":"//*[@id=\"application-manageyards-display-component---NewYard--addressDetailDetailsCity1-inner\"]"}
RESULT: {"using":"xpath","value":"//*[@id=\"application-manageyards-display-component---NewYard--addressDetailDetailsCity1-inner\"]"}
COMMAND: POST /session/aedfa18944cc4355ab8cbaedf6540575/element/f.694E2BBF071ECDE7169F205C0A1B1FBC.d.1542E0034FFF3F421DB148D86D5507F8.e.11101/clear - {}
RESULT: {}
COMMAND: POST /session/aedfa18944cc4355ab8cbaedf6540575/element/f.694E2BBF071ECDE7169F205C0A1B1FBC.d.1542E0034FFF3F421DB148D86D5507F8.e.11101/value - {"text":"Bucuresti"}
COMMAND: GET /session/aedfa18944cc4355ab8cbaedf6540575/screenshot - {}
RESULT: {"text":"Bucuresti"}
COMMAND: GET /session/aedfa18944cc4355ab8cbaedf6540575/screenshot - {}
RESULT: {}
RESULT: {}
COMMAND: POST /session/aedfa18944cc4355ab8cbaedf6540575/element - {"using":"xpath","value":"//*[@id=\"application-manageyards-display-component---NewYard--addressDetailDetailsCountry-inner\"]"}
RESULT: {"using":"xpath","value":"//*[@id=\"application-manageyards-display-component---NewYard--addressDetailDetailsCountry-inner\"]"}
COMMAND: POST /session/aedfa18944cc4355ab8cbaedf6540575/element/f.694E2BBF071ECDE7169F205C0A1B1FBC.d.1542E0034FFF3F421DB148D86D5507F8.e.11105/clear - {}
RESULT: {}
COMMAND: POST /session/aedfa18944cc4355ab8cbaedf6540575/element/f.694E2BBF071ECDE7169F205C0A1B1FBC.d.1542E0034FFF3F421DB148D86D5507F8.e.11105/value - {"text":"Romania"}
COMMAND: GET /session/aedfa18944cc4355ab8cbaedf6540575/screenshot - {}
RESULT: {"text":"Romania"}
COMMAND: GET /session/aedfa18944cc4355ab8cbaedf6540575/screenshot - {}
RESULT: {}
RESULT: {}
COMMAND: POST /session/aedfa18944cc4355ab8cbaedf6540575/execute/async - {"script":"<script> [1562 bytes]","args":[{"selector":{"controlType":"sap.m.Button","viewName":"etm.portal.ui.manageyards.view.New","viewId":"application-manageyards-display-component---NewYard","properties":{"text":"Commercial"},"interaction":{"idSuffix":"BDI-content"}},"wdio_ui5_key":"etmportal.ui.manageyards.view.Newsap.m.Button{\"text\":\"Commercial\"}"}]}
RESULT: {"script":"<script> [1562 bytes]","args":[{"selector":{"controlType":"sap.m.Button","viewName":"etm.portal.ui.manageyards.view.New","viewId":"application-manageyards-display-component---NewYard","properties":{"text":"Commercial"},"interaction":{"idSuffix":"BDI-content"}},"wdio_ui5_key":"etmportal.ui.manageyards.view.Newsap.m.Button{\"text\":\"Commercial\"}"}]}
RESULT: undefined
COMMAND: POST /session/aedfa18944cc4355ab8cbaedf6540575/element - {"using":"xpath","value":"//*[@id=\"application-manageyards-display-component---NewYard--ObjectPageLayout-anchBar-__section5-anchor\"]"}
RESULT: {"using":"xpath","value":"//*[@id=\"application-manageyards-display-component---NewYard--ObjectPageLayout-anchBar-__section5-anchor\"]"}
COMMAND: POST /session/aedfa18944cc4355ab8cbaedf6540575/element/f.694E2BBF071ECDE7169F205C0A1B1FBC.d.1542E0034FFF3F421DB148D86D5507F8.e.11307/click - {}
RESULT: {}
COMMAND: GET /session/aedfa18944cc4355ab8cbaedf6540575/screenshot - {}
RESULT: {}
COMMAND: POST /session/aedfa18944cc4355ab8cbaedf6540575/element - {"using":"xpath","value":"//div[contains(text(), \"Commercial\")]"}
RESULT: {"using":"xpath","value":"//div[contains(text(), \"Commercial\")]"}
COMMAND: GET /session/aedfa18944cc4355ab8cbaedf6540575/element/f.694E2BBF071ECDE7169F205C0A1B1FBC.d.1542E0034FFF3F421DB148D86D5507F8.e.11322/rect - {}
RESULT: {}
COMMAND: GET /session/aedfa18944cc4355ab8cbaedf6540575/window/rect - {}
RESULT: {}
COMMAND: POST /session/aedfa18944cc4355ab8cbaedf6540575/execute/sync - {"script":"<script> [92 bytes]","args":[]}
RESULT: {"script":"<script> [92 bytes]","args":[]}
COMMAND: POST /session/aedfa18944cc4355ab8cbaedf6540575/actions - {"actions":[{"id":"action25","type":"wheel","parameters":{},"actions":[{"type":"scroll","x":-2325,"y":-44,"deltaX":0,"deltaY":0,"duration":0,"origin":{"element-6066-11e4-a52e-4f735466cecf":"f.694E2BBF071ECDE7169F205C0A1B1FBC.d.1542E0034FFF3F421DB148D86D5507F8.e.11322"}}]}]}
COMMAND: GET /session/aedfa18944cc4355ab8cbaedf6540575/screenshot - {}
RESULT: {}
COMMAND: POST /session/aedfa18944cc4355ab8cbaedf6540575/execute/sync - {"script":"<script> [79 bytes]","args":[{"element-6066-11e4-a52e-4f735466cecf":"f.694E2BBF071ECDE7169F205C0A1B1FBC.d.1542E0034FFF3F421DB148D86D5507F8.e.11322","ELEMENT":"f.694E2BBF071ECDE7169F205C0A1B1FBC.d.1542E0034FFF3F421DB148D86D5507F8.e.11322"},{"block":"start","inline":"nearest"}]}
RESULT: {"script":"<script> [79 bytes]","args":[{"element-6066-11e4-a52e-4f735466cecf":"f.694E2BBF071ECDE7169F205C0A1B1FBC.d.1542E0034FFF3F421DB148D86D5507F8.e.11322","ELEMENT":"f.694E2BBF071ECDE7169F205C0A1B1FBC.d.1542E0034FFF3F421DB148D86D5507F8.e.11322"},{"block":"start","inline":"nearest"}]}
COMMAND: GET /session/aedfa18944cc4355ab8cbaedf6540575/screenshot - {}
RESULT: {}
COMMAND: POST /session/aedfa18944cc4355ab8cbaedf6540575/execute/async - {"script":"<script> [1562 bytes]","args":[{"selector":{"id":"application-manageyards-display-component---NewYard--addressEditDetailsCostObjectCstType-arrow"},"wdio_ui5_key":"applicationmanageyards-display-component---NewYard--addressEditDetailsCostObjectCstType-arrow"}]}
RESULT: {"script":"<script> [1562 bytes]","args":[{"selector":{"id":"application-manageyards-display-component---NewYard--addressEditDetailsCostObjectCstType-arrow"},"wdio_ui5_key":"applicationmanageyards-display-component---NewYard--addressEditDetailsCostObjectCstType-arrow"}]}
RESULT: undefined
COMMAND: POST /session/aedfa18944cc4355ab8cbaedf6540575/element - {"using":"xpath","value":"//*[@id=\"application-manageyards-display-component---NewYard--addressEditDetailsCostObjectCstType-arrow\"]"}
RESULT: {"using":"xpath","value":"//*[@id=\"application-manageyards-display-component---NewYard--addressEditDetailsCostObjectCstType-arrow\"]"}
COMMAND: POST /session/aedfa18944cc4355ab8cbaedf6540575/element/f.694E2BBF071ECDE7169F205C0A1B1FBC.d.1542E0034FFF3F421DB148D86D5507F8.e.11323/click - {}
RESULT: {}
COMMAND: POST /session/aedfa18944cc4355ab8cbaedf6540575/element - {"using":"xpath","value":"//span[contains(text(), \"Cost Center\")]"}
COMMAND: GET /session/aedfa18944cc4355ab8cbaedf6540575/screenshot - {}
RESULT: {"using":"xpath","value":"//span[contains(text(), \"Cost Center\")]"}
COMMAND: POST /session/aedfa18944cc4355ab8cbaedf6540575/element/f.694E2BBF071ECDE7169F205C0A1B1FBC.d.1542E0034FFF3F421DB148D86D5507F8.e.11324/click - {}
RESULT: {}
RESULT: {}
COMMAND: GET /session/aedfa18944cc4355ab8cbaedf6540575/screenshot - {}
RESULT: {}
COMMAND: POST /session/aedfa18944cc4355ab8cbaedf6540575/execute/async - {"script":"<script> [1562 bytes]","args":[{"selector":{"id":"application-manageyards-display-component---NewYard--addressNewCostObjectCstID-vhi"},"wdio_ui5_key":"applicationmanageyards-display-component---NewYard--addressNewCostObjectCstID-vhi"}]}
RESULT: {"script":"<script> [1562 bytes]","args":[{"selector":{"id":"application-manageyards-display-component---NewYard--addressNewCostObjectCstID-vhi"},"wdio_ui5_key":"applicationmanageyards-display-component---NewYard--addressNewCostObjectCstID-vhi"}]}
RESULT: undefined
COMMAND: POST /session/aedfa18944cc4355ab8cbaedf6540575/element - {"using":"xpath","value":"//*[@id=\"application-manageyards-display-component---NewYard--addressNewCostObjectCstID-vhi\"]"}
RESULT: {"using":"xpath","value":"//*[@id=\"application-manageyards-display-component---NewYard--addressNewCostObjectCstID-vhi\"]"}
COMMAND: POST /session/aedfa18944cc4355ab8cbaedf6540575/element/f.694E2BBF071ECDE7169F205C0A1B1FBC.d.1542E0034FFF3F421DB148D86D5507F8.e.11327/click - {}
RESULT: {}
COMMAND: GET /session/aedfa18944cc4355ab8cbaedf6540575/screenshot - {}
RESULT: {}
COMMAND: POST /session/aedfa18944cc4355ab8cbaedf6540575/execute/async - {"script":"<script> [1562 bytes]","args":[{"selector":{"controlType":"sap.m.SearchField","properties":{"placeholder":"Search"},"searchOpenDialogs":true,"interaction":{"idSuffix":"I"}},"wdio_ui5_key":"sapm.SearchField{\"placeholder\":\"Search\"}"}]}
RESULT: {"script":"<script> [1562 bytes]","args":[{"selector":{"controlType":"sap.m.SearchField","properties":{"placeholder":"Search"},"searchOpenDialogs":true,"interaction":{"idSuffix":"I"}},"wdio_ui5_key":"sapm.SearchField{\"placeholder\":\"Search\"}"}]}
RESULT: undefined
COMMAND: POST /session/aedfa18944cc4355ab8cbaedf6540575/execute/async - {"script":"<script> [776 bytes]","args":[{"enterText":"10001013","selector":{"controlType":"sap.m.SearchField","properties":{"placeholder":"Search"},"searchOpenDialogs":true,"interaction":{"idSuffix":"I"}},"clearTextFirst":true,"interactionType":"ENTER_TEXT"}]}
RESULT: {"script":"<script> [776 bytes]","args":[{"enterText":"10001013","selector":{"controlType":"sap.m.SearchField","properties":{"placeholder":"Search"},"searchOpenDialogs":true,"interaction":{"idSuffix":"I"}},"clearTextFirst":true,"interactionType":"ENTER_TEXT"}]}
COMMAND: POST /session/aedfa18944cc4355ab8cbaedf6540575/actions - {"actions":[{"id":"action26","type":"key","parameters":{},"actions":[{"type":"keyDown","value":""},{"type":"pause","duration":10},{"type":"keyUp","value":""}]}]}
RESULT: {"actions":[{"id":"action26","type":"key","parameters":{},"actions":[{"type":"keyDown","value":""},{"type":"pause","duration":10},{"type":"keyUp","value":""}]}]}
COMMAND: GET /session/aedfa18944cc4355ab8cbaedf6540575/screenshot - {}
RESULT: {}
COMMAND: POST /session/aedfa18944cc4355ab8cbaedf6540575/element - {"using":"xpath","value":"//span[contains(text(), \"General Management\")]"}
RESULT: {"using":"xpath","value":"//span[contains(text(), \"General Management\")]"}
COMMAND: POST /session/aedfa18944cc4355ab8cbaedf6540575/element/f.694E2BBF071ECDE7169F205C0A1B1FBC.d.1542E0034FFF3F421DB148D86D5507F8.e.11368/click - {}
RESULT: {}
COMMAND: GET /session/aedfa18944cc4355ab8cbaedf6540575/screenshot - {}
RESULT: {}
COMMAND: POST /session/aedfa18944cc4355ab8cbaedf6540575/element - {"using":"xpath","value":"//bdi[contains(text(), \"OK\")]"}
RESULT: {"using":"xpath","value":"//bdi[contains(text(), \"OK\")]"}
COMMAND: POST /session/aedfa18944cc4355ab8cbaedf6540575/element/f.694E2BBF071ECDE7169F205C0A1B1FBC.d.1542E0034FFF3F421DB148D86D5507F8.e.11369/click - {}
RESULT: {}
COMMAND: GET /session/aedfa18944cc4355ab8cbaedf6540575/screenshot - {}
RESULT: {}
COMMAND: POST /session/aedfa18944cc4355ab8cbaedf6540575/execute/async - {"script":"<script> [1562 bytes]","args":[{"selector":{"id":"application-manageyards-display-component---NewYard--addressEditDetailsCurrency","interaction":{"idSuffix":"inner"}},"wdio_ui5_key":"applicationmanageyards-display-component---NewYard--addressEditDetailsCurrency"}]}
RESULT: {"script":"<script> [1562 bytes]","args":[{"selector":{"id":"application-manageyards-display-component---NewYard--addressEditDetailsCurrency","interaction":{"idSuffix":"inner"}},"wdio_ui5_key":"applicationmanageyards-display-component---NewYard--addressEditDetailsCurrency"}]}
RESULT: undefined
COMMAND: POST /session/aedfa18944cc4355ab8cbaedf6540575/execute/async - {"script":"<script> [776 bytes]","args":[{"enterText":"Euro","selector":{"id":"application-manageyards-display-component---NewYard--addressEditDetailsCurrency","interaction":{"idSuffix":"inner"}},"clearTextFirst":true,"interactionType":"ENTER_TEXT"}]}
RESULT: {"script":"<script> [776 bytes]","args":[{"enterText":"Euro","selector":{"id":"application-manageyards-display-component---NewYard--addressEditDetailsCurrency","interaction":{"idSuffix":"inner"}},"clearTextFirst":true,"interactionType":"ENTER_TEXT"}]}
COMMAND: POST /session/aedfa18944cc4355ab8cbaedf6540575/execute/async - {"script":"<script> [1562 bytes]","args":[{"selector":{"controlType":"sap.m.Input","viewName":"etm.portal.ui.manageyards.view.New","viewId":"application-manageyards-display-component---NewYard","bindingPath":{"path":"","propertyPath":"/CONTROLLING_AREA","modelName":"NewYardModel"},"interaction":{"idSuffix":"inner"}},"wdio_ui5_key":"etmportal.ui.manageyards.view.Newsap.m.Input{\"path\":\"\",\"propertyPath\":\"/CONTROLLING_AREA\",\"modelName\":\"NewYardModel\"}"}]}
RESULT: {"script":"<script> [1562 bytes]","args":[{"selector":{"controlType":"sap.m.Input","viewName":"etm.portal.ui.manageyards.view.New","viewId":"application-manageyards-display-component---NewYard","bindingPath":{"path":"","propertyPath":"/CONTROLLING_AREA","modelName":"NewYardModel"},"interaction":{"idSuffix":"inner"}},"wdio_ui5_key":"etmportal.ui.manageyards.view.Newsap.m.Input{\"path\":\"\",\"propertyPath\":\"/CONTROLLING_AREA\",\"modelName\":\"NewYardModel\"}"}]}
RESULT: undefined
COMMAND: POST /session/aedfa18944cc4355ab8cbaedf6540575/execute/async - {"script":"<script> [776 bytes]","args":[{"enterText":"Z001","selector":{"controlType":"sap.m.Input","viewName":"etm.portal.ui.manageyards.view.New","viewId":"application-manageyards-display-component---NewYard","bindingPath":{"path":"","propertyPath":"/CONTROLLING_AREA","modelName":"NewYardModel"},"interaction":{"idSuffix":"inner"}},"clearTextFirst":true,"interactionType":"ENTER_TEXT"}]}
RESULT: {"script":"<script> [776 bytes]","args":[{"enterText":"Z001","selector":{"controlType":"sap.m.Input","viewName":"etm.portal.ui.manageyards.view.New","viewId":"application-manageyards-display-component---NewYard","bindingPath":{"path":"","propertyPath":"/CONTROLLING_AREA","modelName":"NewYardModel"},"interaction":{"idSuffix":"inner"}},"clearTextFirst":true,"interactionType":"ENTER_TEXT"}]}
COMMAND: POST /session/aedfa18944cc4355ab8cbaedf6540575/execute/async - {"script":"<script> [1562 bytes]","args":[{"selector":{"id":"application-manageyards-display-component---NewYard--companyCodeComboBox","interaction":{"idSuffix":"inner"}},"wdio_ui5_key":"applicationmanageyards-display-component---NewYard--companyCodeComboBox"}]}
RESULT: {"script":"<script> [1562 bytes]","args":[{"selector":{"id":"application-manageyards-display-component---NewYard--companyCodeComboBox","interaction":{"idSuffix":"inner"}},"wdio_ui5_key":"applicationmanageyards-display-component---NewYard--companyCodeComboBox"}]}
RESULT: undefined
COMMAND: POST /session/aedfa18944cc4355ab8cbaedf6540575/execute/async - {"script":"<script> [776 bytes]","args":[{"enterText":"1000","selector":{"id":"application-manageyards-display-component---NewYard--companyCodeComboBox","interaction":{"idSuffix":"inner"}},"clearTextFirst":true,"interactionType":"ENTER_TEXT"}]}
RESULT: {"script":"<script> [776 bytes]","args":[{"enterText":"1000","selector":{"id":"application-manageyards-display-component---NewYard--companyCodeComboBox","interaction":{"idSuffix":"inner"}},"clearTextFirst":true,"interactionType":"ENTER_TEXT"}]}
COMMAND: POST /session/aedfa18944cc4355ab8cbaedf6540575/actions - {"actions":[{"id":"action27","type":"key","parameters":{},"actions":[{"type":"keyDown","value":""},{"type":"pause","duration":10},{"type":"keyUp","value":""}]}]}
RESULT: {"actions":[{"id":"action27","type":"key","parameters":{},"actions":[{"type":"keyDown","value":""},{"type":"pause","duration":10},{"type":"keyUp","value":""}]}]}
COMMAND: POST /session/aedfa18944cc4355ab8cbaedf6540575/execute/async - {"script":"<script> [1562 bytes]","args":[{"selector":{"controlType":"sap.m.Input","viewName":"etm.portal.ui.manageyards.view.New","viewId":"application-manageyards-display-component---NewYard","bindingPath":{"path":"","propertyPath":"/PLANT","modelName":"NewYardModel"},"interaction":{"idSuffix":"inner"}},"wdio_ui5_key":"etmportal.ui.manageyards.view.Newsap.m.Input{\"path\":\"\",\"propertyPath\":\"/PLANT\",\"modelName\":\"NewYardModel\"}"}]}
COMMAND: GET /session/aedfa18944cc4355ab8cbaedf6540575/screenshot - {}
RESULT: {"script":"<script> [1562 bytes]","args":[{"selector":{"controlType":"sap.m.Input","viewName":"etm.portal.ui.manageyards.view.New","viewId":"application-manageyards-display-component---NewYard","bindingPath":{"path":"","propertyPath":"/PLANT","modelName":"NewYardModel"},"interaction":{"idSuffix":"inner"}},"wdio_ui5_key":"etmportal.ui.manageyards.view.Newsap.m.Input{\"path\":\"\",\"propertyPath\":\"/PLANT\",\"modelName\":\"NewYardModel\"}"}]}
RESULT: undefined
COMMAND: POST /session/aedfa18944cc4355ab8cbaedf6540575/execute/async - {"script":"<script> [776 bytes]","args":[{"enterText":"1001","selector":{"controlType":"sap.m.Input","viewName":"etm.portal.ui.manageyards.view.New","viewId":"application-manageyards-display-component---NewYard","bindingPath":{"path":"","propertyPath":"/PLANT","modelName":"NewYardModel"},"interaction":{"idSuffix":"inner"}},"clearTextFirst":true,"interactionType":"ENTER_TEXT"}]}
RESULT: {}
RESULT: {"script":"<script> [776 bytes]","args":[{"enterText":"1001","selector":{"controlType":"sap.m.Input","viewName":"etm.portal.ui.manageyards.view.New","viewId":"application-manageyards-display-component---NewYard","bindingPath":{"path":"","propertyPath":"/PLANT","modelName":"NewYardModel"},"interaction":{"idSuffix":"inner"}},"clearTextFirst":true,"interactionType":"ENTER_TEXT"}]}
COMMAND: POST /session/aedfa18944cc4355ab8cbaedf6540575/execute/async - {"script":"<script> [1562 bytes]","args":[{"selector":{"controlType":"sap.m.Input","viewName":"etm.portal.ui.manageyards.view.New","viewId":"application-manageyards-display-component---NewYard","bindingPath":{"path":"","propertyPath":"/SALES_AREA_VKORG","modelName":"NewYardModel"},"interaction":{"idSuffix":"inner"}},"wdio_ui5_key":"etmportal.ui.manageyards.view.Newsap.m.Input{\"path\":\"\",\"propertyPath\":\"/SALES_AREA_VKORG\",\"modelName\":\"NewYardModel\"}"}]}
RESULT: {"script":"<script> [1562 bytes]","args":[{"selector":{"controlType":"sap.m.Input","viewName":"etm.portal.ui.manageyards.view.New","viewId":"application-manageyards-display-component---NewYard","bindingPath":{"path":"","propertyPath":"/SALES_AREA_VKORG","modelName":"NewYardModel"},"interaction":{"idSuffix":"inner"}},"wdio_ui5_key":"etmportal.ui.manageyards.view.Newsap.m.Input{\"path\":\"\",\"propertyPath\":\"/SALES_AREA_VKORG\",\"modelName\":\"NewYardModel\"}"}]}
RESULT: undefined
COMMAND: POST /session/aedfa18944cc4355ab8cbaedf6540575/execute/async - {"script":"<script> [776 bytes]","args":[{"enterText":"C002","selector":{"controlType":"sap.m.Input","viewName":"etm.portal.ui.manageyards.view.New","viewId":"application-manageyards-display-component---NewYard","bindingPath":{"path":"","propertyPath":"/SALES_AREA_VKORG","modelName":"NewYardModel"},"interaction":{"idSuffix":"inner"}},"clearTextFirst":true,"interactionType":"ENTER_TEXT"}]}
RESULT: {"script":"<script> [776 bytes]","args":[{"enterText":"C002","selector":{"controlType":"sap.m.Input","viewName":"etm.portal.ui.manageyards.view.New","viewId":"application-manageyards-display-component---NewYard","bindingPath":{"path":"","propertyPath":"/SALES_AREA_VKORG","modelName":"NewYardModel"},"interaction":{"idSuffix":"inner"}},"clearTextFirst":true,"interactionType":"ENTER_TEXT"}]}
COMMAND: POST /session/aedfa18944cc4355ab8cbaedf6540575/execute/async - {"script":"<script> [1562 bytes]","args":[{"selector":{"controlType":"sap.m.Input","viewName":"etm.portal.ui.manageyards.view.New","viewId":"application-manageyards-display-component---NewYard","bindingPath":{"path":"","propertyPath":"/SALES_AREA_VTWEG","modelName":"NewYardModel"},"interaction":{"idSuffix":"inner"}},"wdio_ui5_key":"etmportal.ui.manageyards.view.Newsap.m.Input{\"path\":\"\",\"propertyPath\":\"/SALES_AREA_VTWEG\",\"modelName\":\"NewYardModel\"}"}]}
RESULT: {"script":"<script> [1562 bytes]","args":[{"selector":{"controlType":"sap.m.Input","viewName":"etm.portal.ui.manageyards.view.New","viewId":"application-manageyards-display-component---NewYard","bindingPath":{"path":"","propertyPath":"/SALES_AREA_VTWEG","modelName":"NewYardModel"},"interaction":{"idSuffix":"inner"}},"wdio_ui5_key":"etmportal.ui.manageyards.view.Newsap.m.Input{\"path\":\"\",\"propertyPath\":\"/SALES_AREA_VTWEG\",\"modelName\":\"NewYardModel\"}"}]}
RESULT: undefined
COMMAND: POST /session/aedfa18944cc4355ab8cbaedf6540575/execute/async - {"script":"<script> [776 bytes]","args":[{"enterText":"C2","selector":{"controlType":"sap.m.Input","viewName":"etm.portal.ui.manageyards.view.New","viewId":"application-manageyards-display-component---NewYard","bindingPath":{"path":"","propertyPath":"/SALES_AREA_VTWEG","modelName":"NewYardModel"},"interaction":{"idSuffix":"inner"}},"clearTextFirst":true,"interactionType":"ENTER_TEXT"}]}
RESULT: {"script":"<script> [776 bytes]","args":[{"enterText":"C2","selector":{"controlType":"sap.m.Input","viewName":"etm.portal.ui.manageyards.view.New","viewId":"application-manageyards-display-component---NewYard","bindingPath":{"path":"","propertyPath":"/SALES_AREA_VTWEG","modelName":"NewYardModel"},"interaction":{"idSuffix":"inner"}},"clearTextFirst":true,"interactionType":"ENTER_TEXT"}]}
COMMAND: POST /session/aedfa18944cc4355ab8cbaedf6540575/execute/async - {"script":"<script> [1562 bytes]","args":[{"selector":{"controlType":"sap.m.Input","viewName":"etm.portal.ui.manageyards.view.New","viewId":"application-manageyards-display-component---NewYard","bindingPath":{"path":"","propertyPath":"/SALES_AREA_SPART","modelName":"NewYardModel"},"interaction":{"idSuffix":"inner"}},"wdio_ui5_key":"etmportal.ui.manageyards.view.Newsap.m.Input{\"path\":\"\",\"propertyPath\":\"/SALES_AREA_SPART\",\"modelName\":\"NewYardModel\"}"}]}
RESULT: {"script":"<script> [1562 bytes]","args":[{"selector":{"controlType":"sap.m.Input","viewName":"etm.portal.ui.manageyards.view.New","viewId":"application-manageyards-display-component---NewYard","bindingPath":{"path":"","propertyPath":"/SALES_AREA_SPART","modelName":"NewYardModel"},"interaction":{"idSuffix":"inner"}},"wdio_ui5_key":"etmportal.ui.manageyards.view.Newsap.m.Input{\"path\":\"\",\"propertyPath\":\"/SALES_AREA_SPART\",\"modelName\":\"NewYardModel\"}"}]}
RESULT: undefined
COMMAND: POST /session/aedfa18944cc4355ab8cbaedf6540575/execute/async - {"script":"<script> [776 bytes]","args":[{"enterText":"C2","selector":{"controlType":"sap.m.Input","viewName":"etm.portal.ui.manageyards.view.New","viewId":"application-manageyards-display-component---NewYard","bindingPath":{"path":"","propertyPath":"/SALES_AREA_SPART","modelName":"NewYardModel"},"interaction":{"idSuffix":"inner"}},"clearTextFirst":true,"interactionType":"ENTER_TEXT"}]}
RESULT: {"script":"<script> [776 bytes]","args":[{"enterText":"C2","selector":{"controlType":"sap.m.Input","viewName":"etm.portal.ui.manageyards.view.New","viewId":"application-manageyards-display-component---NewYard","bindingPath":{"path":"","propertyPath":"/SALES_AREA_SPART","modelName":"NewYardModel"},"interaction":{"idSuffix":"inner"}},"clearTextFirst":true,"interactionType":"ENTER_TEXT"}]}
COMMAND: POST /session/aedfa18944cc4355ab8cbaedf6540575/execute/async - {"script":"<script> [1562 bytes]","args":[{"selector":{"id":"application-manageyards-display-component---NewYard--whmCheckBox","interaction":{"idSuffix":"CbBg"}},"wdio_ui5_key":"applicationmanageyards-display-component---NewYard--whmCheckBox"}]}
RESULT: {"script":"<script> [1562 bytes]","args":[{"selector":{"id":"application-manageyards-display-component---NewYard--whmCheckBox","interaction":{"idSuffix":"CbBg"}},"wdio_ui5_key":"applicationmanageyards-display-component---NewYard--whmCheckBox"}]}
RESULT: undefined
COMMAND: POST /session/aedfa18944cc4355ab8cbaedf6540575/element - {"using":"xpath","value":"//*[@id=\"application-manageyards-display-component---NewYard--whmCheckBox\"]"}
RESULT: {"using":"xpath","value":"//*[@id=\"application-manageyards-display-component---NewYard--whmCheckBox\"]"}
COMMAND: POST /session/aedfa18944cc4355ab8cbaedf6540575/element/f.694E2BBF071ECDE7169F205C0A1B1FBC.d.1542E0034FFF3F421DB148D86D5507F8.e.11380/click - {}
RESULT: {}
COMMAND: POST /session/aedfa18944cc4355ab8cbaedf6540575/execute/async - {"script":"<script> [1562 bytes]","args":[{"selector":{"controlType":"sap.m.Button","viewName":"etm.portal.ui.manageyards.view.New","viewId":"application-manageyards-display-component---NewYard","i18NText":{"propertyName":"text","key":"save"},"interaction":{"idSuffix":"inner"}},"wdio_ui5_key":"etmportal.ui.manageyards.view.Newsap.m.Button{\"propertyName\":\"text\",\"key\":\"save\"}"}]}
COMMAND: GET /session/aedfa18944cc4355ab8cbaedf6540575/screenshot - {}
RESULT: {"script":"<script> [1562 bytes]","args":[{"selector":{"controlType":"sap.m.Button","viewName":"etm.portal.ui.manageyards.view.New","viewId":"application-manageyards-display-component---NewYard","i18NText":{"propertyName":"text","key":"save"},"interaction":{"idSuffix":"inner"}},"wdio_ui5_key":"etmportal.ui.manageyards.view.Newsap.m.Button{\"propertyName\":\"text\",\"key\":\"save\"}"}]}
RESULT: undefined
COMMAND: POST /session/aedfa18944cc4355ab8cbaedf6540575/element - {"using":"xpath","value":"//*[@id=\"__button18\"]"}
RESULT: {}
RESULT: {"using":"xpath","value":"//*[@id=\"__button18\"]"}
COMMAND: POST /session/aedfa18944cc4355ab8cbaedf6540575/element/f.694E2BBF071ECDE7169F205C0A1B1FBC.d.1542E0034FFF3F421DB148D86D5507F8.e.11291/click - {}
RESULT: {}
COMMAND: GET /session/aedfa18944cc4355ab8cbaedf6540575/screenshot - {}
RESULT: {}
COMMAND: POST /session/aedfa18944cc4355ab8cbaedf6540575/element - {"using":"css selector","value":"#shell-header-logo"}
RESULT: {"using":"css selector","value":"#shell-header-logo"}
COMMAND: POST /session/aedfa18944cc4355ab8cbaedf6540575/element/f.694E2BBF071ECDE7169F205C0A1B1FBC.d.1542E0034FFF3F421DB148D86D5507F8.e.10750/click - {}
RESULT: {}
COMMAND: GET /session/aedfa18944cc4355ab8cbaedf6540575/screenshot - {}
RESULT: {}
COMMAND: POST /session/aedfa18944cc4355ab8cbaedf6540575/refresh - {}
RESULT: {}
COMMAND: GET /session/aedfa18944cc4355ab8cbaedf6540575/screenshot - {}
RESULT: {}
COMMAND: POST /session/aedfa18944cc4355ab8cbaedf6540575/refresh - {}
RESULT: {}
COMMAND: GET /session/aedfa18944cc4355ab8cbaedf6540575/screenshot - {}
RESULT: {}
COMMAND: POST /session/aedfa18944cc4355ab8cbaedf6540575/execute/async - {"script":"<script> [189 bytes]","args":[]}
RESULT: {"script":"<script> [189 bytes]","args":[]}
COMMAND: POST /session/aedfa18944cc4355ab8cbaedf6540575/execute/async - {"script":"<script> [123 bytes]","args":[]}
RESULT: {"script":"<script> [123 bytes]","args":[]}
COMMAND: POST /session/aedfa18944cc4355ab8cbaedf6540575/timeouts - {"script":"<number>"}
RESULT: {"script":"<number>"}
COMMAND: GET /session/aedfa18944cc4355ab8cbaedf6540575/timeouts - {}
RESULT: {}
RESULT: undefined
COMMAND: POST /session/aedfa18944cc4355ab8cbaedf6540575/execute/async - {"script":"<script> [2676 bytes]","args":[]}
RESULT: {"script":"<script> [2676 bytes]","args":[]}
COMMAND: POST /session/aedfa18944cc4355ab8cbaedf6540575/execute/async - {"script":"<script> [2342 bytes]","args":[{"protocol":"http","hostname":"0.0.0.0","path":"/","capabilities":{"browserName":"chrome","goog:chromeOptions":{"binary":"C:\\Program Files\\Google\\Chrome\\Application\\chrome.exe","args":["--force-device-scale-factor=0.8","--start-maximized"]}},"logLevel":"warn","connectionRetryTimeout":120000,"connectionRetryCount":3,"logLevels":{},"enableDirectConnect":true,"strictSSL":true,"_":"65 more keys: [\"cacheDir\",\"port\",\"requestedCapabilities\",\"automationProtocol\",\"baseUrl\",\"waitforInterval\",\"waitforTimeout\",\"onReload\",\"beforeCommand\",\"afterCommand\",\"rootDir\",\"specs\",\"suites\",\"exclude\",\"groupLogsByTestSpec\",\"excludeDriverLogs\",\"bail\",\"framework\",\"reporters\",\"services\",\"maxInstances\",\"maxInstancesPerCapability\",\"injectGlobals\",\"filesToWatch\",\"execArgv\",\"runnerEnv\",\"runner\",\"shard\",\"specFileRetries\",\"specFileRetriesDelay\",\"specFileRetriesDeferred\",\"reporterSyncInterval\",\"reporterSyncTimeout\",\"cucumberFeaturesWithLineNumbers\",\"autoCompileOpts\",\"mochaOpts\",\"jasmineOpts\",\"cucumberOpts\",\"onPrepare\",\"onWorkerStart\",\"onWorkerEnd\",\"before\",\"beforeSession\",\"beforeSuite\",\"beforeHook\",\"beforeTest\",\"afterTest\",\"afterHook\",\"afterSuite\",\"afterSession\",\"after\",\"onComplete\",\"beforeAssertion\",\"afterAssertion\",\"beforeFeature\",\"beforeScenario\",\"beforeStep\",\"afterStep\",\"afterScenario\",\"afterFeature\",\"_\",\"suite\",\"$0\",\"ignoredWorkerServices\",\"wdi5\"]"}]}
RESULT: {"script":"<script> [2342 bytes]","args":[{"protocol":"http","hostname":"0.0.0.0","path":"/","capabilities":{"browserName":"chrome","goog:chromeOptions":{"binary":"C:\\Program Files\\Google\\Chrome\\Application\\chrome.exe","args":["--force-device-scale-factor=0.8","--start-maximized"]}},"logLevel":"warn","connectionRetryTimeout":120000,"connectionRetryCount":3,"logLevels":{},"enableDirectConnect":true,"strictSSL":true,"_":"65 more keys: [\"cacheDir\",\"port\",\"requestedCapabilities\",\"automationProtocol\",\"baseUrl\",\"waitforInterval\",\"waitforTimeout\",\"onReload\",\"beforeCommand\",\"afterCommand\",\"rootDir\",\"specs\",\"suites\",\"exclude\",\"groupLogsByTestSpec\",\"excludeDriverLogs\",\"bail\",\"framework\",\"reporters\",\"services\",\"maxInstances\",\"maxInstancesPerCapability\",\"injectGlobals\",\"filesToWatch\",\"execArgv\",\"runnerEnv\",\"runner\",\"shard\",\"specFileRetries\",\"specFileRetriesDelay\",\"specFileRetriesDeferred\",\"reporterSyncInterval\",\"reporterSyncTimeout\",\"cucumberFeaturesWithLineNumbers\",\"autoCompileOpts\",\"mochaOpts\",\"jasmineOpts\",\"cucumberOpts\",\"onPrepare\",\"onWorkerStart\",\"onWorkerEnd\",\"before\",\"beforeSession\",\"beforeSuite\",\"beforeHook\",\"beforeTest\",\"afterTest\",\"afterHook\",\"afterSuite\",\"afterSession\",\"after\",\"onComplete\",\"beforeAssertion\",\"afterAssertion\",\"beforeFeature\",\"beforeScenario\",\"beforeStep\",\"afterStep\",\"afterScenario\",\"afterFeature\",\"_\",\"suite\",\"$0\",\"ignoredWorkerServices\",\"wdi5\"]"}]}
COMMAND: POST /session/aedfa18944cc4355ab8cbaedf6540575/execute/async - {"script":"<script> [21126 bytes]","args":[35000]}
RESULT: {"script":"<script> [21126 bytes]","args":[35000]}
]]></system-out>
    </testcase>
    <testcase classname="chrome.135_0_7049_42.windows.Warehouse_movements_inventory_test" name="Should create a new warehouse organization" time="80.317">
      <system-out><![CDATA[
COMMAND: POST /session/aedfa18944cc4355ab8cbaedf6540575/execute/async - {"script":"<script> [1562 bytes]","args":[{"selector":{"controlType":"sap.m.GenericTile","properties":{"header":"Bin Status Report"}},"wdio_ui5_key":"sapm.GenericTile{\"header\":\"Bin Status Report\"}"}]}
RESULT: {"script":"<script> [1562 bytes]","args":[{"selector":{"controlType":"sap.m.GenericTile","properties":{"header":"Bin Status Report"}},"wdio_ui5_key":"sapm.GenericTile{\"header\":\"Bin Status Report\"}"}]}
RESULT: undefined
COMMAND: POST /session/aedfa18944cc4355ab8cbaedf6540575/element - {"using":"xpath","value":"//*[@id=\"__tile108\"]"}
RESULT: {"using":"xpath","value":"//*[@id=\"__tile108\"]"}
COMMAND: POST /session/aedfa18944cc4355ab8cbaedf6540575/element/f.694E2BBF071ECDE7169F205C0A1B1FBC.d.DD0B05DF25409531183A98F83C27214D.e.11569/click - {}
RESULT: {}
COMMAND: GET /session/aedfa18944cc4355ab8cbaedf6540575/screenshot - {}
RESULT: {}
COMMAND: POST /session/aedfa18944cc4355ab8cbaedf6540575/execute/async - {"script":"<script> [1562 bytes]","args":[{"selector":{"id":"application-binstatusreport-display-component---warehousing--createOrgBtn","interaction":{"idSuffix":"BDI-content"}},"wdio_ui5_key":"applicationbinstatusreport-display-component---warehousing--createOrgBtn"}]}
RESULT: {"script":"<script> [1562 bytes]","args":[{"selector":{"id":"application-binstatusreport-display-component---warehousing--createOrgBtn","interaction":{"idSuffix":"BDI-content"}},"wdio_ui5_key":"applicationbinstatusreport-display-component---warehousing--createOrgBtn"}]}
RESULT: undefined
COMMAND: POST /session/aedfa18944cc4355ab8cbaedf6540575/element - {"using":"xpath","value":"//*[@id=\"application-binstatusreport-display-component---warehousing--createOrgBtn\"]"}
RESULT: {"using":"xpath","value":"//*[@id=\"application-binstatusreport-display-component---warehousing--createOrgBtn\"]"}
COMMAND: POST /session/aedfa18944cc4355ab8cbaedf6540575/element/f.694E2BBF071ECDE7169F205C0A1B1FBC.d.DD0B05DF25409531183A98F83C27214D.e.11623/click - {}
RESULT: {}
COMMAND: GET /session/aedfa18944cc4355ab8cbaedf6540575/screenshot - {}
RESULT: {}
COMMAND: POST /session/aedfa18944cc4355ab8cbaedf6540575/execute/async - {"script":"<script> [1562 bytes]","args":[{"selector":{"id":"createOrganizationPop--sectionInput","searchOpenDialogs":true,"interaction":{"idSuffix":"inner"}},"wdio_ui5_key":"createOrganizationPopsectionInput"}]}
RESULT: {"script":"<script> [1562 bytes]","args":[{"selector":{"id":"createOrganizationPop--sectionInput","searchOpenDialogs":true,"interaction":{"idSuffix":"inner"}},"wdio_ui5_key":"createOrganizationPopsectionInput"}]}
RESULT: undefined
COMMAND: POST /session/aedfa18944cc4355ab8cbaedf6540575/execute/async - {"script":"<script> [776 bytes]","args":[{"enterText":"Secoj4yo","selector":{"id":"createOrganizationPop--sectionInput","searchOpenDialogs":true,"interaction":{"idSuffix":"inner"}},"clearTextFirst":true,"interactionType":"ENTER_TEXT"}]}
RESULT: {"script":"<script> [776 bytes]","args":[{"enterText":"Secoj4yo","selector":{"id":"createOrganizationPop--sectionInput","searchOpenDialogs":true,"interaction":{"idSuffix":"inner"}},"clearTextFirst":true,"interactionType":"ENTER_TEXT"}]}
COMMAND: POST /session/aedfa18944cc4355ab8cbaedf6540575/execute/async - {"script":"<script> [1562 bytes]","args":[{"selector":{"id":"createOrganizationPop--descriptionInput","searchOpenDialogs":true,"interaction":{"idSuffix":"inner"}},"wdio_ui5_key":"createOrganizationPopdescriptionInput"}]}
RESULT: {"script":"<script> [1562 bytes]","args":[{"selector":{"id":"createOrganizationPop--descriptionInput","searchOpenDialogs":true,"interaction":{"idSuffix":"inner"}},"wdio_ui5_key":"createOrganizationPopdescriptionInput"}]}
RESULT: undefined
COMMAND: POST /session/aedfa18944cc4355ab8cbaedf6540575/execute/async - {"script":"<script> [776 bytes]","args":[{"enterText":"OrgName92dhn","selector":{"id":"createOrganizationPop--descriptionInput","searchOpenDialogs":true,"interaction":{"idSuffix":"inner"}},"clearTextFirst":true,"interactionType":"ENTER_TEXT"}]}
RESULT: {"script":"<script> [776 bytes]","args":[{"enterText":"OrgName92dhn","selector":{"id":"createOrganizationPop--descriptionInput","searchOpenDialogs":true,"interaction":{"idSuffix":"inner"}},"clearTextFirst":true,"interactionType":"ENTER_TEXT"}]}
COMMAND: POST /session/aedfa18944cc4355ab8cbaedf6540575/element - {"using":"xpath","value":"//input[contains(@id ,\"createOrganizationPop--yardOrg-inner\")]"}
RESULT: {"using":"xpath","value":"//input[contains(@id ,\"createOrganizationPop--yardOrg-inner\")]"}
COMMAND: POST /session/aedfa18944cc4355ab8cbaedf6540575/element/f.694E2BBF071ECDE7169F205C0A1B1FBC.d.DD0B05DF25409531183A98F83C27214D.e.11666/clear - {}
RESULT: {}
COMMAND: POST /session/aedfa18944cc4355ab8cbaedf6540575/element/f.694E2BBF071ECDE7169F205C0A1B1FBC.d.DD0B05DF25409531183A98F83C27214D.e.11666/value - {"text":"WebdriverWHMYardszw2vj"}
COMMAND: GET /session/aedfa18944cc4355ab8cbaedf6540575/screenshot - {}
RESULT: {"text":"WebdriverWHMYardszw2vj"}
COMMAND: GET /session/aedfa18944cc4355ab8cbaedf6540575/screenshot - {}
RESULT: {}
RESULT: {}
COMMAND: POST /session/aedfa18944cc4355ab8cbaedf6540575/actions - {"actions":[{"id":"action28","type":"key","parameters":{},"actions":[{"type":"keyDown","value":""},{"type":"pause","duration":10},{"type":"keyUp","value":""}]}]}
RESULT: {"actions":[{"id":"action28","type":"key","parameters":{},"actions":[{"type":"keyDown","value":""},{"type":"pause","duration":10},{"type":"keyUp","value":""}]}]}
COMMAND: GET /session/aedfa18944cc4355ab8cbaedf6540575/screenshot - {}
RESULT: {}
COMMAND: POST /session/aedfa18944cc4355ab8cbaedf6540575/execute/async - {"script":"<script> [1562 bytes]","args":[{"selector":{"id":"createOrganizationPop--grZone","searchOpenDialogs":true,"interaction":{"idSuffix":"CbBg"}},"wdio_ui5_key":"createOrganizationPopgrZone"}]}
RESULT: {"script":"<script> [1562 bytes]","args":[{"selector":{"id":"createOrganizationPop--grZone","searchOpenDialogs":true,"interaction":{"idSuffix":"CbBg"}},"wdio_ui5_key":"createOrganizationPopgrZone"}]}
RESULT: undefined
COMMAND: POST /session/aedfa18944cc4355ab8cbaedf6540575/element - {"using":"xpath","value":"//*[@id=\"createOrganizationPop--grZone\"]"}
RESULT: {"using":"xpath","value":"//*[@id=\"createOrganizationPop--grZone\"]"}
COMMAND: POST /session/aedfa18944cc4355ab8cbaedf6540575/element/f.694E2BBF071ECDE7169F205C0A1B1FBC.d.DD0B05DF25409531183A98F83C27214D.e.11686/click - {}
RESULT: {}
COMMAND: POST /session/aedfa18944cc4355ab8cbaedf6540575/execute/async - {"script":"<script> [1562 bytes]","args":[{"selector":{"id":"createOrganizationPop--giZone","searchOpenDialogs":true,"interaction":{"idSuffix":"CbBg"}},"wdio_ui5_key":"createOrganizationPopgiZone"}]}
COMMAND: GET /session/aedfa18944cc4355ab8cbaedf6540575/screenshot - {}
RESULT: {"script":"<script> [1562 bytes]","args":[{"selector":{"id":"createOrganizationPop--giZone","searchOpenDialogs":true,"interaction":{"idSuffix":"CbBg"}},"wdio_ui5_key":"createOrganizationPopgiZone"}]}
RESULT: undefined
COMMAND: POST /session/aedfa18944cc4355ab8cbaedf6540575/element - {"using":"xpath","value":"//*[@id=\"createOrganizationPop--giZone\"]"}
RESULT: {}
RESULT: {"using":"xpath","value":"//*[@id=\"createOrganizationPop--giZone\"]"}
COMMAND: POST /session/aedfa18944cc4355ab8cbaedf6540575/element/f.694E2BBF071ECDE7169F205C0A1B1FBC.d.DD0B05DF25409531183A98F83C27214D.e.11688/click - {}
RESULT: {}
COMMAND: POST /session/aedfa18944cc4355ab8cbaedf6540575/execute/async - {"script":"<script> [1562 bytes]","args":[{"selector":{"id":"createOrganizationPop--binNoInput","searchOpenDialogs":true,"interaction":{"idSuffix":"inner"}},"wdio_ui5_key":"createOrganizationPopbinNoInput"}]}
COMMAND: GET /session/aedfa18944cc4355ab8cbaedf6540575/screenshot - {}
RESULT: {"script":"<script> [1562 bytes]","args":[{"selector":{"id":"createOrganizationPop--binNoInput","searchOpenDialogs":true,"interaction":{"idSuffix":"inner"}},"wdio_ui5_key":"createOrganizationPopbinNoInput"}]}
RESULT: undefined
COMMAND: POST /session/aedfa18944cc4355ab8cbaedf6540575/execute/async - {"script":"<script> [776 bytes]","args":[{"enterText":"Binjtdfv","selector":{"id":"createOrganizationPop--binNoInput","searchOpenDialogs":true,"interaction":{"idSuffix":"inner"}},"clearTextFirst":true,"interactionType":"ENTER_TEXT"}]}
RESULT: {}
RESULT: {"script":"<script> [776 bytes]","args":[{"enterText":"Binjtdfv","selector":{"id":"createOrganizationPop--binNoInput","searchOpenDialogs":true,"interaction":{"idSuffix":"inner"}},"clearTextFirst":true,"interactionType":"ENTER_TEXT"}]}
COMMAND: POST /session/aedfa18944cc4355ab8cbaedf6540575/execute/async - {"script":"<script> [1562 bytes]","args":[{"selector":{"id":"createOrganizationPop--descriptionId","searchOpenDialogs":true,"interaction":{"idSuffix":"inner"}},"wdio_ui5_key":"createOrganizationPopdescriptionId"}]}
RESULT: {"script":"<script> [1562 bytes]","args":[{"selector":{"id":"createOrganizationPop--descriptionId","searchOpenDialogs":true,"interaction":{"idSuffix":"inner"}},"wdio_ui5_key":"createOrganizationPopdescriptionId"}]}
RESULT: undefined
COMMAND: POST /session/aedfa18944cc4355ab8cbaedf6540575/execute/async - {"script":"<script> [776 bytes]","args":[{"enterText":"Binvefha","selector":{"id":"createOrganizationPop--descriptionId","searchOpenDialogs":true,"interaction":{"idSuffix":"inner"}},"clearTextFirst":true,"interactionType":"ENTER_TEXT"}]}
RESULT: {"script":"<script> [776 bytes]","args":[{"enterText":"Binvefha","selector":{"id":"createOrganizationPop--descriptionId","searchOpenDialogs":true,"interaction":{"idSuffix":"inner"}},"clearTextFirst":true,"interactionType":"ENTER_TEXT"}]}
COMMAND: POST /session/aedfa18944cc4355ab8cbaedf6540575/execute/async - {"script":"<script> [1562 bytes]","args":[{"selector":{"controlType":"sap.m.CheckBox","viewName":"etm.portal.ui.binstatusreport.view.MasterWareBins","viewId":"application-binstatusreport-display-component---warehousing","bindingPath":{"path":"","propertyPath":"/ZONE","modelName":"newBin"},"searchOpenDialogs":true,"interaction":{"idSuffix":"CbBg"}},"wdio_ui5_key":"etmportal.ui.binstatusreport.view.MasterWareBinssap.m.CheckBox{\"path\":\"\",\"propertyPath\":\"/ZONE\",\"modelName\":\"newBin\"}"}]}
RESULT: {"script":"<script> [1562 bytes]","args":[{"selector":{"controlType":"sap.m.CheckBox","viewName":"etm.portal.ui.binstatusreport.view.MasterWareBins","viewId":"application-binstatusreport-display-component---warehousing","bindingPath":{"path":"","propertyPath":"/ZONE","modelName":"newBin"},"searchOpenDialogs":true,"interaction":{"idSuffix":"CbBg"}},"wdio_ui5_key":"etmportal.ui.binstatusreport.view.MasterWareBinssap.m.CheckBox{\"path\":\"\",\"propertyPath\":\"/ZONE\",\"modelName\":\"newBin\"}"}]}
RESULT: undefined
COMMAND: POST /session/aedfa18944cc4355ab8cbaedf6540575/element - {"using":"xpath","value":"//*[@id=\"__box12\"]"}
RESULT: {"using":"xpath","value":"//*[@id=\"__box12\"]"}
COMMAND: POST /session/aedfa18944cc4355ab8cbaedf6540575/element/f.694E2BBF071ECDE7169F205C0A1B1FBC.d.DD0B05DF25409531183A98F83C27214D.e.11692/click - {}
RESULT: {}
COMMAND: POST /session/aedfa18944cc4355ab8cbaedf6540575/execute/async - {"script":"<script> [1562 bytes]","args":[{"selector":{"id":"createOrganizationPop--binTypesCB-arrow","searchOpenDialogs":true},"wdio_ui5_key":"createOrganizationPopbinTypesCB-arrow"}]}
COMMAND: GET /session/aedfa18944cc4355ab8cbaedf6540575/screenshot - {}
RESULT: {"script":"<script> [1562 bytes]","args":[{"selector":{"id":"createOrganizationPop--binTypesCB-arrow","searchOpenDialogs":true},"wdio_ui5_key":"createOrganizationPopbinTypesCB-arrow"}]}
RESULT: undefined
COMMAND: POST /session/aedfa18944cc4355ab8cbaedf6540575/element - {"using":"xpath","value":"//*[@id=\"createOrganizationPop--binTypesCB-arrow\"]"}
RESULT: {}
RESULT: {"using":"xpath","value":"//*[@id=\"createOrganizationPop--binTypesCB-arrow\"]"}
COMMAND: POST /session/aedfa18944cc4355ab8cbaedf6540575/element/f.694E2BBF071ECDE7169F205C0A1B1FBC.d.DD0B05DF25409531183A98F83C27214D.e.11693/click - {}
RESULT: {}
COMMAND: POST /session/aedfa18944cc4355ab8cbaedf6540575/execute/async - {"script":"<script> [1562 bytes]","args":[{"selector":{"controlType":"sap.m.StandardListItem","viewName":"etm.portal.ui.binstatusreport.view.MasterWareBins","viewId":"application-binstatusreport-display-component---warehousing","properties":{"title":"1 - General / No capacity check"},"searchOpenDialogs":true,"interaction":{"idSuffix":"content"}},"wdio_ui5_key":"etmportal.ui.binstatusreport.view.MasterWareBinssap.m.StandardListItem{\"title\":\"1 - General / No capacity check\"}"}]}
COMMAND: GET /session/aedfa18944cc4355ab8cbaedf6540575/screenshot - {}
RESULT: {"script":"<script> [1562 bytes]","args":[{"selector":{"controlType":"sap.m.StandardListItem","viewName":"etm.portal.ui.binstatusreport.view.MasterWareBins","viewId":"application-binstatusreport-display-component---warehousing","properties":{"title":"1 - General / No capacity check"},"searchOpenDialogs":true,"interaction":{"idSuffix":"content"}},"wdio_ui5_key":"etmportal.ui.binstatusreport.view.MasterWareBinssap.m.StandardListItem{\"title\":\"1 - General / No capacity check\"}"}]}
RESULT: undefined
COMMAND: POST /session/aedfa18944cc4355ab8cbaedf6540575/element - {"using":"xpath","value":"//*[@id=\"__item97\"]"}
RESULT: {}
RESULT: {"using":"xpath","value":"//*[@id=\"__item97\"]"}
COMMAND: POST /session/aedfa18944cc4355ab8cbaedf6540575/element/f.694E2BBF071ECDE7169F205C0A1B1FBC.d.DD0B05DF25409531183A98F83C27214D.e.11695/click - {}
RESULT: {}
COMMAND: POST /session/aedfa18944cc4355ab8cbaedf6540575/execute/async - {"script":"<script> [1562 bytes]","args":[{"selector":{"id":"createOrganizationPop--finishBtn","searchOpenDialogs":true,"interaction":{"idSuffix":"BDI-content"}},"wdio_ui5_key":"createOrganizationPopfinishBtn"}]}
COMMAND: GET /session/aedfa18944cc4355ab8cbaedf6540575/screenshot - {}
RESULT: {"script":"<script> [1562 bytes]","args":[{"selector":{"id":"createOrganizationPop--finishBtn","searchOpenDialogs":true,"interaction":{"idSuffix":"BDI-content"}},"wdio_ui5_key":"createOrganizationPopfinishBtn"}]}
RESULT: undefined
COMMAND: POST /session/aedfa18944cc4355ab8cbaedf6540575/element - {"using":"xpath","value":"//*[@id=\"createOrganizationPop--finishBtn\"]"}
RESULT: {}
RESULT: {"using":"xpath","value":"//*[@id=\"createOrganizationPop--finishBtn\"]"}
COMMAND: POST /session/aedfa18944cc4355ab8cbaedf6540575/element/f.694E2BBF071ECDE7169F205C0A1B1FBC.d.DD0B05DF25409531183A98F83C27214D.e.11697/click - {}
RESULT: {}
COMMAND: GET /session/aedfa18944cc4355ab8cbaedf6540575/screenshot - {}
RESULT: {}
COMMAND: POST /session/aedfa18944cc4355ab8cbaedf6540575/element - {"using":"css selector","value":"#shell-header-logo"}
RESULT: {"using":"css selector","value":"#shell-header-logo"}
COMMAND: POST /session/aedfa18944cc4355ab8cbaedf6540575/element/f.694E2BBF071ECDE7169F205C0A1B1FBC.d.DD0B05DF25409531183A98F83C27214D.e.11583/click - {}
RESULT: {}
COMMAND: GET /session/aedfa18944cc4355ab8cbaedf6540575/screenshot - {}
RESULT: {}
]]></system-out>
    </testcase>
    <testcase classname="chrome.135_0_7049_42.windows.Warehouse_movements_inventory_test" name="Should Create new material for WHM yard" time="180.504">
      <system-out><![CDATA[
COMMAND: POST /session/aedfa18944cc4355ab8cbaedf6540575/execute/async - {"script":"<script> [1562 bytes]","args":[{"selector":{"controlType":"sap.m.GenericTile","properties":{"header":"Manage Resources"}},"wdio_ui5_key":"sapm.GenericTile{\"header\":\"Manage Resources\"}"}]}
RESULT: {"script":"<script> [1562 bytes]","args":[{"selector":{"controlType":"sap.m.GenericTile","properties":{"header":"Manage Resources"}},"wdio_ui5_key":"sapm.GenericTile{\"header\":\"Manage Resources\"}"}]}
RESULT: undefined
COMMAND: POST /session/aedfa18944cc4355ab8cbaedf6540575/element - {"using":"xpath","value":"//*[@id=\"__tile50\"]"}
RESULT: {"using":"xpath","value":"//*[@id=\"__tile50\"]"}
COMMAND: POST /session/aedfa18944cc4355ab8cbaedf6540575/element/f.694E2BBF071ECDE7169F205C0A1B1FBC.d.DD0B05DF25409531183A98F83C27214D.e.11704/click - {}
RESULT: {}
COMMAND: GET /session/aedfa18944cc4355ab8cbaedf6540575/screenshot - {}
RESULT: undefined
RESULT: undefined
RESULT: {}
COMMAND: POST /session/aedfa18944cc4355ab8cbaedf6540575/element - {"using":"xpath","value":"//button[@data-kt=\"addNewRUOverflowToolbarButton\"]"}
RESULT: {"using":"xpath","value":"//button[@data-kt=\"addNewRUOverflowToolbarButton\"]"}
COMMAND: POST /session/aedfa18944cc4355ab8cbaedf6540575/execute/sync - {"script":"<script> [8489 bytes]","args":[{"element-6066-11e4-a52e-4f735466cecf":"f.694E2BBF071ECDE7169F205C0A1B1FBC.d.DD0B05DF25409531183A98F83C27214D.e.11736","ELEMENT":"f.694E2BBF071ECDE7169F205C0A1B1FBC.d.DD0B05DF25409531183A98F83C27214D.e.11736"}]}
RESULT: {"script":"<script> [8489 bytes]","args":[{"element-6066-11e4-a52e-4f735466cecf":"f.694E2BBF071ECDE7169F205C0A1B1FBC.d.DD0B05DF25409531183A98F83C27214D.e.11736","ELEMENT":"f.694E2BBF071ECDE7169F205C0A1B1FBC.d.DD0B05DF25409531183A98F83C27214D.e.11736"}]}
COMMAND: POST /session/aedfa18944cc4355ab8cbaedf6540575/element/f.694E2BBF071ECDE7169F205C0A1B1FBC.d.DD0B05DF25409531183A98F83C27214D.e.11736/click - {}
COMMAND: GET /session/aedfa18944cc4355ab8cbaedf6540575/screenshot - {}
RESULT: {}
COMMAND: POST /session/aedfa18944cc4355ab8cbaedf6540575/execute/async - {"script":"<script> [1562 bytes]","args":[{"selector":{"id":"application-manageresources-display-component---newResourceUnit--TYPE-arrow"},"wdio_ui5_key":"applicationmanageresources-display-component---newResourceUnit--TYPE-arrow"}]}
COMMAND: GET /session/aedfa18944cc4355ab8cbaedf6540575/screenshot - {}
RESULT: {}
RESULT: {"script":"<script> [1562 bytes]","args":[{"selector":{"id":"application-manageresources-display-component---newResourceUnit--TYPE-arrow"},"wdio_ui5_key":"applicationmanageresources-display-component---newResourceUnit--TYPE-arrow"}]}
RESULT: undefined
COMMAND: POST /session/aedfa18944cc4355ab8cbaedf6540575/element - {"using":"xpath","value":"//*[@id=\"application-manageresources-display-component---newResourceUnit--TYPE-arrow\"]"}
RESULT: {}
RESULT: {"using":"xpath","value":"//*[@id=\"application-manageresources-display-component---newResourceUnit--TYPE-arrow\"]"}
COMMAND: POST /session/aedfa18944cc4355ab8cbaedf6540575/element/f.694E2BBF071ECDE7169F205C0A1B1FBC.d.DD0B05DF25409531183A98F83C27214D.e.12177/click - {}
RESULT: {}
COMMAND: POST /session/aedfa18944cc4355ab8cbaedf6540575/execute/async - {"script":"<script> [1562 bytes]","args":[{"selector":{"controlType":"sap.m.StandardListItem","viewName":"reusables.view.manageresources.NewResourceUnit","viewId":"application-manageresources-display-component---newResourceUnit","properties":{"title":"Material"},"searchOpenDialogs":true,"interaction":{"idSuffix":"titleText"}},"wdio_ui5_key":"reusablesview.manageresources.NewResourceUnitsap.m.StandardListItem{\"title\":\"Material\"}"}]}
COMMAND: GET /session/aedfa18944cc4355ab8cbaedf6540575/screenshot - {}
RESULT: {"script":"<script> [1562 bytes]","args":[{"selector":{"controlType":"sap.m.StandardListItem","viewName":"reusables.view.manageresources.NewResourceUnit","viewId":"application-manageresources-display-component---newResourceUnit","properties":{"title":"Material"},"searchOpenDialogs":true,"interaction":{"idSuffix":"titleText"}},"wdio_ui5_key":"reusablesview.manageresources.NewResourceUnitsap.m.StandardListItem{\"title\":\"Material\"}"}]}
RESULT: undefined
COMMAND: POST /session/aedfa18944cc4355ab8cbaedf6540575/element - {"using":"xpath","value":"//*[@id=\"__item227\"]"}
RESULT: {}
RESULT: {"using":"xpath","value":"//*[@id=\"__item227\"]"}
COMMAND: POST /session/aedfa18944cc4355ab8cbaedf6540575/element/f.694E2BBF071ECDE7169F205C0A1B1FBC.d.DD0B05DF25409531183A98F83C27214D.e.12180/click - {}
RESULT: {}
COMMAND: POST /session/aedfa18944cc4355ab8cbaedf6540575/execute/async - {"script":"<script> [1562 bytes]","args":[{"selector":{"id":"application-manageresources-display-component---newResourceUnit--SHORT_TEXT","interaction":{"idSuffix":"inner"}},"wdio_ui5_key":"applicationmanageresources-display-component---newResourceUnit--SHORT_TEXT"}]}
COMMAND: GET /session/aedfa18944cc4355ab8cbaedf6540575/screenshot - {}
RESULT: {"script":"<script> [1562 bytes]","args":[{"selector":{"id":"application-manageresources-display-component---newResourceUnit--SHORT_TEXT","interaction":{"idSuffix":"inner"}},"wdio_ui5_key":"applicationmanageresources-display-component---newResourceUnit--SHORT_TEXT"}]}
RESULT: undefined
COMMAND: POST /session/aedfa18944cc4355ab8cbaedf6540575/execute/async - {"script":"<script> [776 bytes]","args":[{"enterText":"WebdriverRUR2Ci74kv","selector":{"id":"application-manageresources-display-component---newResourceUnit--SHORT_TEXT","interaction":{"idSuffix":"inner"}},"clearTextFirst":true,"interactionType":"ENTER_TEXT"}]}
RESULT: {}
RESULT: {"script":"<script> [776 bytes]","args":[{"enterText":"WebdriverRUR2Ci74kv","selector":{"id":"application-manageresources-display-component---newResourceUnit--SHORT_TEXT","interaction":{"idSuffix":"inner"}},"clearTextFirst":true,"interactionType":"ENTER_TEXT"}]}
COMMAND: POST /session/aedfa18944cc4355ab8cbaedf6540575/execute/async - {"script":"<script> [1562 bytes]","args":[{"selector":{"id":"application-manageresources-display-component---newResourceUnit--BASE_UNIT_OF_MEASURE-arrow"},"wdio_ui5_key":"applicationmanageresources-display-component---newResourceUnit--BASE_UNIT_OF_MEASURE-arrow"}]}
RESULT: {"script":"<script> [1562 bytes]","args":[{"selector":{"id":"application-manageresources-display-component---newResourceUnit--BASE_UNIT_OF_MEASURE-arrow"},"wdio_ui5_key":"applicationmanageresources-display-component---newResourceUnit--BASE_UNIT_OF_MEASURE-arrow"}]}
RESULT: undefined
COMMAND: POST /session/aedfa18944cc4355ab8cbaedf6540575/element - {"using":"xpath","value":"//*[@id=\"application-manageresources-display-component---newResourceUnit--BASE_UNIT_OF_MEASURE-arrow\"]"}
RESULT: {"using":"xpath","value":"//*[@id=\"application-manageresources-display-component---newResourceUnit--BASE_UNIT_OF_MEASURE-arrow\"]"}
COMMAND: POST /session/aedfa18944cc4355ab8cbaedf6540575/element/f.694E2BBF071ECDE7169F205C0A1B1FBC.d.DD0B05DF25409531183A98F83C27214D.e.12236/click - {}
RESULT: {}
COMMAND: POST /session/aedfa18944cc4355ab8cbaedf6540575/execute/async - {"script":"<script> [1562 bytes]","args":[{"selector":{"controlType":"sap.m.StandardListItem","viewName":"reusables.view.manageresources.NewResourceUnit","viewId":"application-manageresources-display-component---newResourceUnit","properties":{"title":"Piece"},"searchOpenDialogs":true,"interaction":{"idSuffix":"titleText"}},"wdio_ui5_key":"reusablesview.manageresources.NewResourceUnitsap.m.StandardListItem{\"title\":\"Piece\"}"}]}
COMMAND: GET /session/aedfa18944cc4355ab8cbaedf6540575/screenshot - {}
RESULT: {"script":"<script> [1562 bytes]","args":[{"selector":{"controlType":"sap.m.StandardListItem","viewName":"reusables.view.manageresources.NewResourceUnit","viewId":"application-manageresources-display-component---newResourceUnit","properties":{"title":"Piece"},"searchOpenDialogs":true,"interaction":{"idSuffix":"titleText"}},"wdio_ui5_key":"reusablesview.manageresources.NewResourceUnitsap.m.StandardListItem{\"title\":\"Piece\"}"}]}
RESULT: undefined
COMMAND: POST /session/aedfa18944cc4355ab8cbaedf6540575/element - {"using":"xpath","value":"//*[@id=\"__item271\"]"}
RESULT: {}
RESULT: {"using":"xpath","value":"//*[@id=\"__item271\"]"}
COMMAND: POST /session/aedfa18944cc4355ab8cbaedf6540575/element/f.694E2BBF071ECDE7169F205C0A1B1FBC.d.DD0B05DF25409531183A98F83C27214D.e.12238/click - {}
RESULT: {}
COMMAND: POST /session/aedfa18944cc4355ab8cbaedf6540575/element - {"using":"xpath","value":"//input[contains(@id ,\"application-manageresources-display-component---newResourceUnit--SHORT_TEXT-inner\")]"}
COMMAND: GET /session/aedfa18944cc4355ab8cbaedf6540575/screenshot - {}
RESULT: {"using":"xpath","value":"//input[contains(@id ,\"application-manageresources-display-component---newResourceUnit--SHORT_TEXT-inner\")]"}
COMMAND: GET /session/aedfa18944cc4355ab8cbaedf6540575/element/f.694E2BBF071ECDE7169F205C0A1B1FBC.d.DD0B05DF25409531183A98F83C27214D.e.12197/property/value - {}
RESULT: {}
RESULT: {}
COMMAND: POST /session/aedfa18944cc4355ab8cbaedf6540575/execute/async - {"script":"<script> [1562 bytes]","args":[{"selector":{"id":"application-manageresources-display-component---newResourceUnit--WEIGHT_UNIT-arrow"},"wdio_ui5_key":"applicationmanageresources-display-component---newResourceUnit--WEIGHT_UNIT-arrow"}]}
COMMAND: GET /session/aedfa18944cc4355ab8cbaedf6540575/screenshot - {}
RESULT: {"script":"<script> [1562 bytes]","args":[{"selector":{"id":"application-manageresources-display-component---newResourceUnit--WEIGHT_UNIT-arrow"},"wdio_ui5_key":"applicationmanageresources-display-component---newResourceUnit--WEIGHT_UNIT-arrow"}]}
RESULT: undefined
COMMAND: POST /session/aedfa18944cc4355ab8cbaedf6540575/element - {"using":"xpath","value":"//*[@id=\"application-manageresources-display-component---newResourceUnit--WEIGHT_UNIT-arrow\"]"}
RESULT: {}
RESULT: {"using":"xpath","value":"//*[@id=\"application-manageresources-display-component---newResourceUnit--WEIGHT_UNIT-arrow\"]"}
COMMAND: POST /session/aedfa18944cc4355ab8cbaedf6540575/element/f.694E2BBF071ECDE7169F205C0A1B1FBC.d.DD0B05DF25409531183A98F83C27214D.e.12239/click - {}
RESULT: {}
COMMAND: POST /session/aedfa18944cc4355ab8cbaedf6540575/execute/async - {"script":"<script> [1562 bytes]","args":[{"selector":{"controlType":"sap.m.StandardListItem","viewName":"reusables.view.manageresources.NewResourceUnit","viewId":"application-manageresources-display-component---newResourceUnit","properties":{"title":"Gram"},"searchOpenDialogs":true,"interaction":{"idSuffix":"content"}},"wdio_ui5_key":"reusablesview.manageresources.NewResourceUnitsap.m.StandardListItem{\"title\":\"Gram\"}"}]}
COMMAND: GET /session/aedfa18944cc4355ab8cbaedf6540575/screenshot - {}
RESULT: {"script":"<script> [1562 bytes]","args":[{"selector":{"controlType":"sap.m.StandardListItem","viewName":"reusables.view.manageresources.NewResourceUnit","viewId":"application-manageresources-display-component---newResourceUnit","properties":{"title":"Gram"},"searchOpenDialogs":true,"interaction":{"idSuffix":"content"}},"wdio_ui5_key":"reusablesview.manageresources.NewResourceUnitsap.m.StandardListItem{\"title\":\"Gram\"}"}]}
RESULT: undefined
COMMAND: POST /session/aedfa18944cc4355ab8cbaedf6540575/element - {"using":"xpath","value":"//*[@id=\"__item336\"]"}
RESULT: {}
RESULT: {"using":"xpath","value":"//*[@id=\"__item336\"]"}
COMMAND: POST /session/aedfa18944cc4355ab8cbaedf6540575/element/f.694E2BBF071ECDE7169F205C0A1B1FBC.d.DD0B05DF25409531183A98F83C27214D.e.12241/click - {}
RESULT: {}
COMMAND: POST /session/aedfa18944cc4355ab8cbaedf6540575/execute/async - {"script":"<script> [1562 bytes]","args":[{"selector":{"id":"application-manageresources-display-component---newResourceUnit--newRRUPage-OPHeaderContent-collapseBtn-img"},"wdio_ui5_key":"applicationmanageresources-display-component---newResourceUnit--newRRUPage-OPHeaderContent-collapseBtn-img"}]}
COMMAND: GET /session/aedfa18944cc4355ab8cbaedf6540575/screenshot - {}
RESULT: {"script":"<script> [1562 bytes]","args":[{"selector":{"id":"application-manageresources-display-component---newResourceUnit--newRRUPage-OPHeaderContent-collapseBtn-img"},"wdio_ui5_key":"applicationmanageresources-display-component---newResourceUnit--newRRUPage-OPHeaderContent-collapseBtn-img"}]}
RESULT: undefined
COMMAND: POST /session/aedfa18944cc4355ab8cbaedf6540575/element - {"using":"xpath","value":"//*[@id=\"application-manageresources-display-component---newResourceUnit--newRRUPage-OPHeaderContent-collapseBtn-img\"]"}
RESULT: {}
RESULT: {"using":"xpath","value":"//*[@id=\"application-manageresources-display-component---newResourceUnit--newRRUPage-OPHeaderContent-collapseBtn-img\"]"}
COMMAND: POST /session/aedfa18944cc4355ab8cbaedf6540575/element/f.694E2BBF071ECDE7169F205C0A1B1FBC.d.DD0B05DF25409531183A98F83C27214D.e.12187/click - {}
RESULT: {}
COMMAND: GET /session/aedfa18944cc4355ab8cbaedf6540575/screenshot - {}
RESULT: {}
COMMAND: POST /session/aedfa18944cc4355ab8cbaedf6540575/element - {"using":"xpath","value":"(//span[contains(@id ,\"application-manageresources-display-component---newResourceUnit--DIMENSION_UNIT-arrow\")])[1]"}
RESULT: {"using":"xpath","value":"(//span[contains(@id ,\"application-manageresources-display-component---newResourceUnit--DIMENSION_UNIT-arrow\")])[1]"}
COMMAND: POST /session/aedfa18944cc4355ab8cbaedf6540575/element/f.694E2BBF071ECDE7169F205C0A1B1FBC.d.DD0B05DF25409531183A98F83C27214D.e.12247/click - {}
RESULT: {}
COMMAND: GET /session/aedfa18944cc4355ab8cbaedf6540575/screenshot - {}
RESULT: {}
COMMAND: POST /session/aedfa18944cc4355ab8cbaedf6540575/execute/async - {"script":"<script> [1562 bytes]","args":[{"selector":{"controlType":"sap.m.StandardListItem","viewName":"reusables.view.manageresources.NewResourceUnit","viewId":"application-manageresources-display-component---newResourceUnit","properties":{"title":"Centimeter"},"searchOpenDialogs":true,"interaction":{"idSuffix":"titleText"}},"wdio_ui5_key":"reusablesview.manageresources.NewResourceUnitsap.m.StandardListItem{\"title\":\"Centimeter\"}"}]}
RESULT: {"script":"<script> [1562 bytes]","args":[{"selector":{"controlType":"sap.m.StandardListItem","viewName":"reusables.view.manageresources.NewResourceUnit","viewId":"application-manageresources-display-component---newResourceUnit","properties":{"title":"Centimeter"},"searchOpenDialogs":true,"interaction":{"idSuffix":"titleText"}},"wdio_ui5_key":"reusablesview.manageresources.NewResourceUnitsap.m.StandardListItem{\"title\":\"Centimeter\"}"}]}
RESULT: undefined
COMMAND: POST /session/aedfa18944cc4355ab8cbaedf6540575/element - {"using":"xpath","value":"//*[@id=\"__item339\"]"}
RESULT: {"using":"xpath","value":"//*[@id=\"__item339\"]"}
COMMAND: POST /session/aedfa18944cc4355ab8cbaedf6540575/element/f.694E2BBF071ECDE7169F205C0A1B1FBC.d.DD0B05DF25409531183A98F83C27214D.e.12249/click - {}
RESULT: {}
COMMAND: POST /session/aedfa18944cc4355ab8cbaedf6540575/execute/async - {"script":"<script> [1562 bytes]","args":[{"selector":{"id":"application-manageresources-display-component---newResourceUnit--newRRUPage-anchBar-application-manageresources-display-component---newResourceUnit--reference-anchor","interaction":{"idSuffix":"BDI-content"}},"wdio_ui5_key":"applicationmanageresources-display-component---newResourceUnit--newRRUPage-anchBar-application-manageresources-display-component---newResourceUnit--reference-anchor"}]}
COMMAND: GET /session/aedfa18944cc4355ab8cbaedf6540575/screenshot - {}
RESULT: {"script":"<script> [1562 bytes]","args":[{"selector":{"id":"application-manageresources-display-component---newResourceUnit--newRRUPage-anchBar-application-manageresources-display-component---newResourceUnit--reference-anchor","interaction":{"idSuffix":"BDI-content"}},"wdio_ui5_key":"applicationmanageresources-display-component---newResourceUnit--newRRUPage-anchBar-application-manageresources-display-component---newResourceUnit--reference-anchor"}]}
RESULT: undefined
COMMAND: POST /session/aedfa18944cc4355ab8cbaedf6540575/element - {"using":"xpath","value":"//*[@id=\"application-manageresources-display-component---newResourceUnit--newRRUPage-anchBar-application-manageresources-display-component---newResourceUnit--reference-anchor\"]"}
RESULT: {}
RESULT: {"using":"xpath","value":"//*[@id=\"application-manageresources-display-component---newResourceUnit--newRRUPage-anchBar-application-manageresources-display-component---newResourceUnit--reference-anchor\"]"}
COMMAND: POST /session/aedfa18944cc4355ab8cbaedf6540575/element/f.694E2BBF071ECDE7169F205C0A1B1FBC.d.DD0B05DF25409531183A98F83C27214D.e.12251/click - {}
RESULT: {}
COMMAND: POST /session/aedfa18944cc4355ab8cbaedf6540575/execute/async - {"script":"<script> [1562 bytes]","args":[{"selector":{"id":"application-manageresources-display-component---newResourceUnit--PLANNING_GROUP-arrow"},"wdio_ui5_key":"applicationmanageresources-display-component---newResourceUnit--PLANNING_GROUP-arrow"}]}
COMMAND: GET /session/aedfa18944cc4355ab8cbaedf6540575/screenshot - {}
RESULT: {"script":"<script> [1562 bytes]","args":[{"selector":{"id":"application-manageresources-display-component---newResourceUnit--PLANNING_GROUP-arrow"},"wdio_ui5_key":"applicationmanageresources-display-component---newResourceUnit--PLANNING_GROUP-arrow"}]}
RESULT: undefined
COMMAND: POST /session/aedfa18944cc4355ab8cbaedf6540575/element - {"using":"xpath","value":"//*[@id=\"application-manageresources-display-component---newResourceUnit--PLANNING_GROUP-arrow\"]"}
RESULT: {}
RESULT: {"using":"xpath","value":"//*[@id=\"application-manageresources-display-component---newResourceUnit--PLANNING_GROUP-arrow\"]"}
COMMAND: POST /session/aedfa18944cc4355ab8cbaedf6540575/element/f.694E2BBF071ECDE7169F205C0A1B1FBC.d.DD0B05DF25409531183A98F83C27214D.e.12255/click - {}
RESULT: {}
COMMAND: POST /session/aedfa18944cc4355ab8cbaedf6540575/execute/async - {"script":"<script> [1562 bytes]","args":[{"selector":{"controlType":"sap.m.StandardListItem","viewName":"reusables.view.manageresources.NewResourceUnit","viewId":"application-manageresources-display-component---newResourceUnit","properties":{"title":"Heavy Equi"},"searchOpenDialogs":true,"interaction":{"idSuffix":"content"}},"wdio_ui5_key":"reusablesview.manageresources.NewResourceUnitsap.m.StandardListItem{\"title\":\"Heavy Equi\"}"}]}
COMMAND: GET /session/aedfa18944cc4355ab8cbaedf6540575/screenshot - {}
RESULT: {"script":"<script> [1562 bytes]","args":[{"selector":{"controlType":"sap.m.StandardListItem","viewName":"reusables.view.manageresources.NewResourceUnit","viewId":"application-manageresources-display-component---newResourceUnit","properties":{"title":"Heavy Equi"},"searchOpenDialogs":true,"interaction":{"idSuffix":"content"}},"wdio_ui5_key":"reusablesview.manageresources.NewResourceUnitsap.m.StandardListItem{\"title\":\"Heavy Equi\"}"}]}
RESULT: undefined
COMMAND: POST /session/aedfa18944cc4355ab8cbaedf6540575/element - {"using":"xpath","value":"//*[@id=\"__item347\"]"}
RESULT: {}
RESULT: {"using":"xpath","value":"//*[@id=\"__item347\"]"}
COMMAND: POST /session/aedfa18944cc4355ab8cbaedf6540575/element/f.694E2BBF071ECDE7169F205C0A1B1FBC.d.DD0B05DF25409531183A98F83C27214D.e.12257/click - {}
RESULT: {}
COMMAND: GET /session/aedfa18944cc4355ab8cbaedf6540575/screenshot - {}
RESULT: {}
COMMAND: POST /session/aedfa18944cc4355ab8cbaedf6540575/execute/async - {"script":"<script> [1562 bytes]","args":[{"selector":{"id":"application-manageresources-display-component---newResourceUnit--PLANNING_INDICATOR-arrow"},"wdio_ui5_key":"applicationmanageresources-display-component---newResourceUnit--PLANNING_INDICATOR-arrow"}]}
RESULT: {"script":"<script> [1562 bytes]","args":[{"selector":{"id":"application-manageresources-display-component---newResourceUnit--PLANNING_INDICATOR-arrow"},"wdio_ui5_key":"applicationmanageresources-display-component---newResourceUnit--PLANNING_INDICATOR-arrow"}]}
RESULT: undefined
COMMAND: POST /session/aedfa18944cc4355ab8cbaedf6540575/element - {"using":"xpath","value":"//*[@id=\"application-manageresources-display-component---newResourceUnit--PLANNING_INDICATOR-arrow\"]"}
RESULT: {"using":"xpath","value":"//*[@id=\"application-manageresources-display-component---newResourceUnit--PLANNING_INDICATOR-arrow\"]"}
COMMAND: POST /session/aedfa18944cc4355ab8cbaedf6540575/element/f.694E2BBF071ECDE7169F205C0A1B1FBC.d.DD0B05DF25409531183A98F83C27214D.e.12258/click - {}
RESULT: {}
COMMAND: POST /session/aedfa18944cc4355ab8cbaedf6540575/execute/async - {"script":"<script> [1562 bytes]","args":[{"selector":{"controlType":"sap.m.StandardListItem","viewName":"reusables.view.manageresources.NewResourceUnit","viewId":"application-manageresources-display-component---newResourceUnit","properties":{"title":"10 - infinite"},"searchOpenDialogs":true,"interaction":{"idSuffix":"content"}},"wdio_ui5_key":"reusablesview.manageresources.NewResourceUnitsap.m.StandardListItem{\"title\":\"10 - infinite\"}"}]}
COMMAND: GET /session/aedfa18944cc4355ab8cbaedf6540575/screenshot - {}
RESULT: {"script":"<script> [1562 bytes]","args":[{"selector":{"controlType":"sap.m.StandardListItem","viewName":"reusables.view.manageresources.NewResourceUnit","viewId":"application-manageresources-display-component---newResourceUnit","properties":{"title":"10 - infinite"},"searchOpenDialogs":true,"interaction":{"idSuffix":"content"}},"wdio_ui5_key":"reusablesview.manageresources.NewResourceUnitsap.m.StandardListItem{\"title\":\"10 - infinite\"}"}]}
RESULT: undefined
COMMAND: POST /session/aedfa18944cc4355ab8cbaedf6540575/element - {"using":"xpath","value":"//*[@id=\"__item357\"]"}
RESULT: {}
RESULT: {"using":"xpath","value":"//*[@id=\"__item357\"]"}
COMMAND: POST /session/aedfa18944cc4355ab8cbaedf6540575/element/f.694E2BBF071ECDE7169F205C0A1B1FBC.d.DD0B05DF25409531183A98F83C27214D.e.12260/click - {}
RESULT: {}
COMMAND: GET /session/aedfa18944cc4355ab8cbaedf6540575/screenshot - {}
RESULT: {}
COMMAND: POST /session/aedfa18944cc4355ab8cbaedf6540575/element - {"using":"xpath","value":"//bdi[contains(text(), \"Time Segment\")]"}
RESULT: {"using":"xpath","value":"//bdi[contains(text(), \"Time Segment\")]"}
COMMAND: GET /session/aedfa18944cc4355ab8cbaedf6540575/element/f.694E2BBF071ECDE7169F205C0A1B1FBC.d.DD0B05DF25409531183A98F83C27214D.e.12261/rect - {}
RESULT: {}
COMMAND: GET /session/aedfa18944cc4355ab8cbaedf6540575/window/rect - {}
RESULT: {}
COMMAND: POST /session/aedfa18944cc4355ab8cbaedf6540575/execute/sync - {"script":"<script> [92 bytes]","args":[]}
RESULT: {"script":"<script> [92 bytes]","args":[]}
COMMAND: POST /session/aedfa18944cc4355ab8cbaedf6540575/actions - {"actions":[{"id":"action29","type":"wheel","parameters":{},"actions":[{"type":"scroll","x":-2304,"y":-20,"deltaX":0,"deltaY":0,"duration":0,"origin":{"element-6066-11e4-a52e-4f735466cecf":"f.694E2BBF071ECDE7169F205C0A1B1FBC.d.DD0B05DF25409531183A98F83C27214D.e.12261"}}]}]}
COMMAND: GET /session/aedfa18944cc4355ab8cbaedf6540575/screenshot - {}
RESULT: {}
COMMAND: POST /session/aedfa18944cc4355ab8cbaedf6540575/execute/sync - {"script":"<script> [79 bytes]","args":[{"element-6066-11e4-a52e-4f735466cecf":"f.694E2BBF071ECDE7169F205C0A1B1FBC.d.DD0B05DF25409531183A98F83C27214D.e.12261","ELEMENT":"f.694E2BBF071ECDE7169F205C0A1B1FBC.d.DD0B05DF25409531183A98F83C27214D.e.12261"},{"block":"start","inline":"nearest"}]}
RESULT: {"script":"<script> [79 bytes]","args":[{"element-6066-11e4-a52e-4f735466cecf":"f.694E2BBF071ECDE7169F205C0A1B1FBC.d.DD0B05DF25409531183A98F83C27214D.e.12261","ELEMENT":"f.694E2BBF071ECDE7169F205C0A1B1FBC.d.DD0B05DF25409531183A98F83C27214D.e.12261"},{"block":"start","inline":"nearest"}]}
COMMAND: GET /session/aedfa18944cc4355ab8cbaedf6540575/screenshot - {}
RESULT: {}
COMMAND: POST /session/aedfa18944cc4355ab8cbaedf6540575/element - {"using":"xpath","value":"//span[@id=\"application-manageresources-display-component---newResourceUnit--btnAddTimeSegment-img\"]"}
RESULT: {"using":"xpath","value":"//span[@id=\"application-manageresources-display-component---newResourceUnit--btnAddTimeSegment-img\"]"}
COMMAND: POST /session/aedfa18944cc4355ab8cbaedf6540575/execute/sync - {"script":"<script> [8489 bytes]","args":[{"element-6066-11e4-a52e-4f735466cecf":"f.694E2BBF071ECDE7169F205C0A1B1FBC.d.DD0B05DF25409531183A98F83C27214D.e.12264","ELEMENT":"f.694E2BBF071ECDE7169F205C0A1B1FBC.d.DD0B05DF25409531183A98F83C27214D.e.12264"}]}
RESULT: {"script":"<script> [8489 bytes]","args":[{"element-6066-11e4-a52e-4f735466cecf":"f.694E2BBF071ECDE7169F205C0A1B1FBC.d.DD0B05DF25409531183A98F83C27214D.e.12264","ELEMENT":"f.694E2BBF071ECDE7169F205C0A1B1FBC.d.DD0B05DF25409531183A98F83C27214D.e.12264"}]}
COMMAND: POST /session/aedfa18944cc4355ab8cbaedf6540575/element/f.694E2BBF071ECDE7169F205C0A1B1FBC.d.DD0B05DF25409531183A98F83C27214D.e.12264/click - {}
COMMAND: GET /session/aedfa18944cc4355ab8cbaedf6540575/screenshot - {}
RESULT: {}
COMMAND: GET /session/aedfa18944cc4355ab8cbaedf6540575/screenshot - {}
COMMAND: POST /session/aedfa18944cc4355ab8cbaedf6540575/element - {"using":"xpath","value":"//input[@id=\"application-manageresources-display-component---newResourceUnit--idRuTSAdmin-application-manageresources-display-component---newResourceUnit--RUTimeSegment-0-inner\"]"}
RESULT: {}
RESULT: {}
RESULT: {"using":"xpath","value":"//input[@id=\"application-manageresources-display-component---newResourceUnit--idRuTSAdmin-application-manageresources-display-component---newResourceUnit--RUTimeSegment-0-inner\"]"}
COMMAND: POST /session/aedfa18944cc4355ab8cbaedf6540575/element/f.694E2BBF071ECDE7169F205C0A1B1FBC.d.DD0B05DF25409531183A98F83C27214D.e.12267/clear - {}
RESULT: {}
COMMAND: POST /session/aedfa18944cc4355ab8cbaedf6540575/element/f.694E2BBF071ECDE7169F205C0A1B1FBC.d.DD0B05DF25409531183A98F83C27214D.e.12267/value - {"text":"WebdriverWHMYardszw2vj"}
COMMAND: GET /session/aedfa18944cc4355ab8cbaedf6540575/screenshot - {}
RESULT: {"text":"WebdriverWHMYardszw2vj"}
COMMAND: GET /session/aedfa18944cc4355ab8cbaedf6540575/screenshot - {}
RESULT: {}
RESULT: {}
COMMAND: POST /session/aedfa18944cc4355ab8cbaedf6540575/actions - {"actions":[{"id":"action30","type":"key","parameters":{},"actions":[{"type":"keyDown","value":""},{"type":"pause","duration":10},{"type":"keyUp","value":""}]}]}
RESULT: {"actions":[{"id":"action30","type":"key","parameters":{},"actions":[{"type":"keyDown","value":""},{"type":"pause","duration":10},{"type":"keyUp","value":""}]}]}
COMMAND: GET /session/aedfa18944cc4355ab8cbaedf6540575/screenshot - {}
RESULT: {}
COMMAND: POST /session/aedfa18944cc4355ab8cbaedf6540575/execute/async - {"script":"<script> [1562 bytes]","args":[{"selector":{"controlType":"sap.m.Button","viewName":"reusables.view.manageresources.NewResourceUnit","viewId":"application-manageresources-display-component---newResourceUnit","i18NText":{"propertyName":"tooltip","key":"save"},"interaction":{"idSuffix":"BDI-content"}},"wdio_ui5_key":"reusablesview.manageresources.NewResourceUnitsap.m.Button{\"propertyName\":\"tooltip\",\"key\":\"save\"}"}]}
RESULT: {"script":"<script> [1562 bytes]","args":[{"selector":{"controlType":"sap.m.Button","viewName":"reusables.view.manageresources.NewResourceUnit","viewId":"application-manageresources-display-component---newResourceUnit","i18NText":{"propertyName":"tooltip","key":"save"},"interaction":{"idSuffix":"BDI-content"}},"wdio_ui5_key":"reusablesview.manageresources.NewResourceUnitsap.m.Button{\"propertyName\":\"tooltip\",\"key\":\"save\"}"}]}
RESULT: undefined
COMMAND: POST /session/aedfa18944cc4355ab8cbaedf6540575/element - {"using":"xpath","value":"//*[@id=\"application-manageresources-display-component---newResourceUnit--createRuButton\"]"}
RESULT: {"using":"xpath","value":"//*[@id=\"application-manageresources-display-component---newResourceUnit--createRuButton\"]"}
COMMAND: POST /session/aedfa18944cc4355ab8cbaedf6540575/element/f.694E2BBF071ECDE7169F205C0A1B1FBC.d.DD0B05DF25409531183A98F83C27214D.e.12193/click - {}
RESULT: {}
COMMAND: GET /session/aedfa18944cc4355ab8cbaedf6540575/screenshot - {}
RESULT: {}
COMMAND: POST /session/aedfa18944cc4355ab8cbaedf6540575/execute/async - {"script":"<script> [1562 bytes]","args":[{"selector":{"controlType":"sap.m.Title","properties":{"text":"Success"},"searchOpenDialogs":true},"wdio_ui5_key":"sapm.Title{\"text\":\"Success\"}"}]}
RESULT: {"script":"<script> [1562 bytes]","args":[{"selector":{"controlType":"sap.m.Title","properties":{"text":"Success"},"searchOpenDialogs":true},"wdio_ui5_key":"sapm.Title{\"text\":\"Success\"}"}]}
RESULT: undefined
COMMAND: POST /session/aedfa18944cc4355ab8cbaedf6540575/execute/async - {"script":"<script> [6424 bytes]","args":[{"element-6066-11e4-a52e-4f735466cecf":"f.694E2BBF071ECDE7169F205C0A1B1FBC.d.DD0B05DF25409531183A98F83C27214D.e.12281"},"getText",[]]}
RESULT: {"script":"<script> [6424 bytes]","args":[{"element-6066-11e4-a52e-4f735466cecf":"f.694E2BBF071ECDE7169F205C0A1B1FBC.d.DD0B05DF25409531183A98F83C27214D.e.12281"},"getText",[]]}
COMMAND: POST /session/aedfa18944cc4355ab8cbaedf6540575/element - {"using":"xpath","value":"//*[contains(@id, '__text') and (contains(text(), 'successfully created') or contains(., 'successfully created'))]"}
RESULT: {"using":"xpath","value":"//*[contains(@id, '__text') and (contains(text(), 'successfully created') or contains(., 'successfully created'))]"}
COMMAND: GET /session/aedfa18944cc4355ab8cbaedf6540575/element/f.694E2BBF071ECDE7169F205C0A1B1FBC.d.DD0B05DF25409531183A98F83C27214D.e.12279/text - {}
RESULT: {}
COMMAND: POST /session/aedfa18944cc4355ab8cbaedf6540575/execute/async - {"script":"<script> [1562 bytes]","args":[{"selector":{"controlType":"sap.m.Button","properties":{"text":"Close"},"searchOpenDialogs":true,"interaction":{"idSuffix":"BDI-content"}},"wdio_ui5_key":"sapm.Button{\"text\":\"Close\"}"}]}
RESULT: {"script":"<script> [1562 bytes]","args":[{"selector":{"controlType":"sap.m.Button","properties":{"text":"Close"},"searchOpenDialogs":true,"interaction":{"idSuffix":"BDI-content"}},"wdio_ui5_key":"sapm.Button{\"text\":\"Close\"}"}]}
RESULT: undefined
COMMAND: POST /session/aedfa18944cc4355ab8cbaedf6540575/element - {"using":"xpath","value":"//*[@id=\"__mbox-btn-0\"]"}
RESULT: {"using":"xpath","value":"//*[@id=\"__mbox-btn-0\"]"}
COMMAND: POST /session/aedfa18944cc4355ab8cbaedf6540575/element/f.694E2BBF071ECDE7169F205C0A1B1FBC.d.DD0B05DF25409531183A98F83C27214D.e.12277/click - {}
RESULT: {}
COMMAND: GET /session/aedfa18944cc4355ab8cbaedf6540575/screenshot - {}
RESULT: {}
COMMAND: POST /session/aedfa18944cc4355ab8cbaedf6540575/execute/async - {"script":"<script> [1562 bytes]","args":[{"selector":{"controlType":"sap.ui.core.Icon","viewName":"etm.portal.ui.manageresources.view.Detail","viewId":"application-manageresources-display-component---detailRU","properties":{"src":{"regex":{"source":"overflow"}}}},"wdio_ui5_key":"etmportal.ui.manageresources.view.Detailsap.ui.core.Icon{\"src\":{\"regex\":{\"source\":\"overflow\"}}}"}]}
RESULT: {"script":"<script> [1562 bytes]","args":[{"selector":{"controlType":"sap.ui.core.Icon","viewName":"etm.portal.ui.manageresources.view.Detail","viewId":"application-manageresources-display-component---detailRU","properties":{"src":{"regex":{"source":"overflow"}}}},"wdio_ui5_key":"etmportal.ui.manageresources.view.Detailsap.ui.core.Icon{\"src\":{\"regex\":{\"source\":\"overflow\"}}}"}]}
RESULT: undefined
COMMAND: POST /session/aedfa18944cc4355ab8cbaedf6540575/element - {"using":"xpath","value":"//*[@id=\"__title18-_actionsToolbar-overflowButton-img\"]"}
RESULT: {"using":"xpath","value":"//*[@id=\"__title18-_actionsToolbar-overflowButton-img\"]"}
COMMAND: POST /session/aedfa18944cc4355ab8cbaedf6540575/element/f.694E2BBF071ECDE7169F205C0A1B1FBC.d.DD0B05DF25409531183A98F83C27214D.e.12318/click - {}
RESULT: {}
COMMAND: POST /session/aedfa18944cc4355ab8cbaedf6540575/execute/async - {"script":"<script> [1562 bytes]","args":[{"selector":{"controlType":"sap.m.Button","viewName":"etm.portal.ui.manageresources.view.Detail","viewId":"application-manageresources-display-component---detailRU","i18NText":{"propertyName":"tooltip","key":"closeColumn"},"searchOpenDialogs":true,"interaction":{"idSuffix":"inner"}},"wdio_ui5_key":"etmportal.ui.manageresources.view.Detailsap.m.Button{\"propertyName\":\"tooltip\",\"key\":\"closeColumn\"}"}]}
COMMAND: GET /session/aedfa18944cc4355ab8cbaedf6540575/screenshot - {}
RESULT: {"script":"<script> [1562 bytes]","args":[{"selector":{"controlType":"sap.m.Button","viewName":"etm.portal.ui.manageresources.view.Detail","viewId":"application-manageresources-display-component---detailRU","i18NText":{"propertyName":"tooltip","key":"closeColumn"},"searchOpenDialogs":true,"interaction":{"idSuffix":"inner"}},"wdio_ui5_key":"etmportal.ui.manageresources.view.Detailsap.m.Button{\"propertyName\":\"tooltip\",\"key\":\"closeColumn\"}"}]}
RESULT: undefined
RESULT: {}
COMMAND: POST /session/aedfa18944cc4355ab8cbaedf6540575/refresh - {}
RESULT: {}
COMMAND: GET /session/aedfa18944cc4355ab8cbaedf6540575/screenshot - {}
RESULT: {}
RESULT: undefined
RESULT: undefined
COMMAND: POST /session/aedfa18944cc4355ab8cbaedf6540575/refresh - {}
RESULT: {}
COMMAND: GET /session/aedfa18944cc4355ab8cbaedf6540575/screenshot - {}
RESULT: {}
COMMAND: POST /session/aedfa18944cc4355ab8cbaedf6540575/execute/async - {"script":"<script> [189 bytes]","args":[]}
RESULT: {"script":"<script> [189 bytes]","args":[]}
COMMAND: POST /session/aedfa18944cc4355ab8cbaedf6540575/execute/async - {"script":"<script> [123 bytes]","args":[]}
RESULT: {"script":"<script> [123 bytes]","args":[]}
COMMAND: POST /session/aedfa18944cc4355ab8cbaedf6540575/timeouts - {"script":"<number>"}
RESULT: {"script":"<number>"}
COMMAND: GET /session/aedfa18944cc4355ab8cbaedf6540575/timeouts - {}
RESULT: {}
RESULT: undefined
COMMAND: POST /session/aedfa18944cc4355ab8cbaedf6540575/execute/async - {"script":"<script> [2676 bytes]","args":[]}
RESULT: {"script":"<script> [2676 bytes]","args":[]}
COMMAND: POST /session/aedfa18944cc4355ab8cbaedf6540575/execute/async - {"script":"<script> [2342 bytes]","args":[{"protocol":"http","hostname":"0.0.0.0","path":"/","capabilities":{"browserName":"chrome","goog:chromeOptions":{"binary":"C:\\Program Files\\Google\\Chrome\\Application\\chrome.exe","args":["--force-device-scale-factor=0.8","--start-maximized"]}},"logLevel":"warn","connectionRetryTimeout":120000,"connectionRetryCount":3,"logLevels":{},"enableDirectConnect":true,"strictSSL":true,"_":"65 more keys: [\"cacheDir\",\"port\",\"requestedCapabilities\",\"automationProtocol\",\"baseUrl\",\"waitforInterval\",\"waitforTimeout\",\"onReload\",\"beforeCommand\",\"afterCommand\",\"rootDir\",\"specs\",\"suites\",\"exclude\",\"groupLogsByTestSpec\",\"excludeDriverLogs\",\"bail\",\"framework\",\"reporters\",\"services\",\"maxInstances\",\"maxInstancesPerCapability\",\"injectGlobals\",\"filesToWatch\",\"execArgv\",\"runnerEnv\",\"runner\",\"shard\",\"specFileRetries\",\"specFileRetriesDelay\",\"specFileRetriesDeferred\",\"reporterSyncInterval\",\"reporterSyncTimeout\",\"cucumberFeaturesWithLineNumbers\",\"autoCompileOpts\",\"mochaOpts\",\"jasmineOpts\",\"cucumberOpts\",\"onPrepare\",\"onWorkerStart\",\"onWorkerEnd\",\"before\",\"beforeSession\",\"beforeSuite\",\"beforeHook\",\"beforeTest\",\"afterTest\",\"afterHook\",\"afterSuite\",\"afterSession\",\"after\",\"onComplete\",\"beforeAssertion\",\"afterAssertion\",\"beforeFeature\",\"beforeScenario\",\"beforeStep\",\"afterStep\",\"afterScenario\",\"afterFeature\",\"_\",\"suite\",\"$0\",\"ignoredWorkerServices\",\"wdi5\"]"}]}
RESULT: undefined
RESULT: {"script":"<script> [2342 bytes]","args":[{"protocol":"http","hostname":"0.0.0.0","path":"/","capabilities":{"browserName":"chrome","goog:chromeOptions":{"binary":"C:\\Program Files\\Google\\Chrome\\Application\\chrome.exe","args":["--force-device-scale-factor=0.8","--start-maximized"]}},"logLevel":"warn","connectionRetryTimeout":120000,"connectionRetryCount":3,"logLevels":{},"enableDirectConnect":true,"strictSSL":true,"_":"65 more keys: [\"cacheDir\",\"port\",\"requestedCapabilities\",\"automationProtocol\",\"baseUrl\",\"waitforInterval\",\"waitforTimeout\",\"onReload\",\"beforeCommand\",\"afterCommand\",\"rootDir\",\"specs\",\"suites\",\"exclude\",\"groupLogsByTestSpec\",\"excludeDriverLogs\",\"bail\",\"framework\",\"reporters\",\"services\",\"maxInstances\",\"maxInstancesPerCapability\",\"injectGlobals\",\"filesToWatch\",\"execArgv\",\"runnerEnv\",\"runner\",\"shard\",\"specFileRetries\",\"specFileRetriesDelay\",\"specFileRetriesDeferred\",\"reporterSyncInterval\",\"reporterSyncTimeout\",\"cucumberFeaturesWithLineNumbers\",\"autoCompileOpts\",\"mochaOpts\",\"jasmineOpts\",\"cucumberOpts\",\"onPrepare\",\"onWorkerStart\",\"onWorkerEnd\",\"before\",\"beforeSession\",\"beforeSuite\",\"beforeHook\",\"beforeTest\",\"afterTest\",\"afterHook\",\"afterSuite\",\"afterSession\",\"after\",\"onComplete\",\"beforeAssertion\",\"afterAssertion\",\"beforeFeature\",\"beforeScenario\",\"beforeStep\",\"afterStep\",\"afterScenario\",\"afterFeature\",\"_\",\"suite\",\"$0\",\"ignoredWorkerServices\",\"wdi5\"]"}]}
COMMAND: POST /session/aedfa18944cc4355ab8cbaedf6540575/execute/async - {"script":"<script> [21126 bytes]","args":[35000]}
RESULT: undefined
RESULT: {"script":"<script> [21126 bytes]","args":[35000]}
COMMAND: POST /session/aedfa18944cc4355ab8cbaedf6540575/element - {"using":"css selector","value":"#shell-header-logo"}
RESULT: {"using":"css selector","value":"#shell-header-logo"}
COMMAND: POST /session/aedfa18944cc4355ab8cbaedf6540575/element/f.694E2BBF071ECDE7169F205C0A1B1FBC.d.60892B804C14E21F1BED563F03DC3C20.e.12335/click - {}
RESULT: {}
COMMAND: GET /session/aedfa18944cc4355ab8cbaedf6540575/screenshot - {}
RESULT: {}
COMMAND: POST /session/aedfa18944cc4355ab8cbaedf6540575/element - {"using":"css selector","value":"#shell-header-logo"}
RESULT: {"using":"css selector","value":"#shell-header-logo"}
COMMAND: POST /session/aedfa18944cc4355ab8cbaedf6540575/element/f.694E2BBF071ECDE7169F205C0A1B1FBC.d.60892B804C14E21F1BED563F03DC3C20.e.12590/click - {}
RESULT: {}
COMMAND: GET /session/aedfa18944cc4355ab8cbaedf6540575/screenshot - {}
RESULT: {}
]]></system-out>
    </testcase>
    <testcase classname="chrome.135_0_7049_42.windows.Warehouse_movements_inventory_test" name="Should do a stock increase handover" time="75.631">
      <system-out><![CDATA[
COMMAND: POST /session/aedfa18944cc4355ab8cbaedf6540575/execute/async - {"script":"<script> [1562 bytes]","args":[{"selector":{"controlType":"sap.m.GenericTile","properties":{"header":"Manage Handovers"}},"wdio_ui5_key":"sapm.GenericTile{\"header\":\"Manage Handovers\"}"}]}
RESULT: {"script":"<script> [1562 bytes]","args":[{"selector":{"controlType":"sap.m.GenericTile","properties":{"header":"Manage Handovers"}},"wdio_ui5_key":"sapm.GenericTile{\"header\":\"Manage Handovers\"}"}]}
RESULT: undefined
COMMAND: POST /session/aedfa18944cc4355ab8cbaedf6540575/element - {"using":"xpath","value":"//*[@id=\"__tile131\"]"}
RESULT: {"using":"xpath","value":"//*[@id=\"__tile131\"]"}
COMMAND: POST /session/aedfa18944cc4355ab8cbaedf6540575/element/f.694E2BBF071ECDE7169F205C0A1B1FBC.d.60892B804C14E21F1BED563F03DC3C20.e.12603/click - {}
RESULT: {}
COMMAND: GET /session/aedfa18944cc4355ab8cbaedf6540575/screenshot - {}
RESULT: {}
COMMAND: POST /session/aedfa18944cc4355ab8cbaedf6540575/element - {"using":"xpath","value":"//button[(@data-kt = 'masterHOAddButton')]"}
RESULT: {"using":"xpath","value":"//button[(@data-kt = 'masterHOAddButton')]"}
COMMAND: POST /session/aedfa18944cc4355ab8cbaedf6540575/element/f.694E2BBF071ECDE7169F205C0A1B1FBC.d.60892B804C14E21F1BED563F03DC3C20.e.12641/click - {}
RESULT: {}
COMMAND: GET /session/aedfa18944cc4355ab8cbaedf6540575/screenshot - {}
RESULT: {}
COMMAND: POST /session/aedfa18944cc4355ab8cbaedf6540575/element - {"using":"xpath","value":"//span[contains(@id ,\"AddNewHO--typeSelect-arrow\")]"}
RESULT: {"using":"xpath","value":"//span[contains(@id ,\"AddNewHO--typeSelect-arrow\")]"}
COMMAND: POST /session/aedfa18944cc4355ab8cbaedf6540575/element/f.694E2BBF071ECDE7169F205C0A1B1FBC.d.60892B804C14E21F1BED563F03DC3C20.e.12932/click - {}
RESULT: {}
COMMAND: POST /session/aedfa18944cc4355ab8cbaedf6540575/element - {"using":"xpath","value":"(//li[contains(text(), \"stock increase yard\")])[1]"}
COMMAND: GET /session/aedfa18944cc4355ab8cbaedf6540575/screenshot - {}
RESULT: {"using":"xpath","value":"(//li[contains(text(), \"stock increase yard\")])[1]"}
COMMAND: POST /session/aedfa18944cc4355ab8cbaedf6540575/element/f.694E2BBF071ECDE7169F205C0A1B1FBC.d.60892B804C14E21F1BED563F03DC3C20.e.12933/click - {}
RESULT: {}
RESULT: {}
COMMAND: GET /session/aedfa18944cc4355ab8cbaedf6540575/screenshot - {}
RESULT: {}
COMMAND: POST /session/aedfa18944cc4355ab8cbaedf6540575/execute/async - {"script":"<script> [1562 bytes]","args":[{"selector":{"id":"application-managehandovers-display-component---AddNewHO--dueDate","interaction":{"idSuffix":"inner"}},"wdio_ui5_key":"applicationmanagehandovers-display-component---AddNewHO--dueDate"}]}
RESULT: {"script":"<script> [1562 bytes]","args":[{"selector":{"id":"application-managehandovers-display-component---AddNewHO--dueDate","interaction":{"idSuffix":"inner"}},"wdio_ui5_key":"applicationmanagehandovers-display-component---AddNewHO--dueDate"}]}
RESULT: undefined
COMMAND: POST /session/aedfa18944cc4355ab8cbaedf6540575/execute/async - {"script":"<script> [6424 bytes]","args":[{"element-6066-11e4-a52e-4f735466cecf":"f.694E2BBF071ECDE7169F205C0A1B1FBC.d.60892B804C14E21F1BED563F03DC3C20.e.12935"},"setValue",["04/14/2025"]]}
RESULT: {"script":"<script> [6424 bytes]","args":[{"element-6066-11e4-a52e-4f735466cecf":"f.694E2BBF071ECDE7169F205C0A1B1FBC.d.60892B804C14E21F1BED563F03DC3C20.e.12935"},"setValue",["04/14/2025"]]}
COMMAND: POST /session/aedfa18944cc4355ab8cbaedf6540575/element - {"using":"xpath","value":"//input[@id=\"generalSectionFrg--receiveYard-inner\"]"}
RESULT: {"using":"xpath","value":"//input[@id=\"generalSectionFrg--receiveYard-inner\"]"}
COMMAND: POST /session/aedfa18944cc4355ab8cbaedf6540575/element/f.694E2BBF071ECDE7169F205C0A1B1FBC.d.60892B804C14E21F1BED563F03DC3C20.e.12941/clear - {}
RESULT: {}
COMMAND: POST /session/aedfa18944cc4355ab8cbaedf6540575/element/f.694E2BBF071ECDE7169F205C0A1B1FBC.d.60892B804C14E21F1BED563F03DC3C20.e.12941/value - {"text":"WebdriverWHMYardszw2vj"}
COMMAND: GET /session/aedfa18944cc4355ab8cbaedf6540575/screenshot - {}
RESULT: {"text":"WebdriverWHMYardszw2vj"}
COMMAND: GET /session/aedfa18944cc4355ab8cbaedf6540575/screenshot - {}
RESULT: {}
RESULT: {}
COMMAND: POST /session/aedfa18944cc4355ab8cbaedf6540575/execute/async - {"script":"<script> [1562 bytes]","args":[{"selector":{"id":"application-managehandovers-display-component---AddNewHO--ObjectPageLayout-anchBar-application-managehandovers-display-component---AddNewHO--section4-anchor","interaction":{"idSuffix":"BDI-content"}},"wdio_ui5_key":"applicationmanagehandovers-display-component---AddNewHO--ObjectPageLayout-anchBar-application-managehandovers-display-component---AddNewHO--section4-anchor"}]}
RESULT: {"script":"<script> [1562 bytes]","args":[{"selector":{"id":"application-managehandovers-display-component---AddNewHO--ObjectPageLayout-anchBar-application-managehandovers-display-component---AddNewHO--section4-anchor","interaction":{"idSuffix":"BDI-content"}},"wdio_ui5_key":"applicationmanagehandovers-display-component---AddNewHO--ObjectPageLayout-anchBar-application-managehandovers-display-component---AddNewHO--section4-anchor"}]}
RESULT: undefined
COMMAND: POST /session/aedfa18944cc4355ab8cbaedf6540575/element - {"using":"xpath","value":"//*[@id=\"application-managehandovers-display-component---AddNewHO--ObjectPageLayout-anchBar-application-managehandovers-display-component---AddNewHO--section4-anchor\"]"}
RESULT: {"using":"xpath","value":"//*[@id=\"application-managehandovers-display-component---AddNewHO--ObjectPageLayout-anchBar-application-managehandovers-display-component---AddNewHO--section4-anchor\"]"}
COMMAND: POST /session/aedfa18944cc4355ab8cbaedf6540575/element/f.694E2BBF071ECDE7169F205C0A1B1FBC.d.60892B804C14E21F1BED563F03DC3C20.e.12958/click - {}
RESULT: {}
COMMAND: GET /session/aedfa18944cc4355ab8cbaedf6540575/screenshot - {}
RESULT: {}
COMMAND: POST /session/aedfa18944cc4355ab8cbaedf6540575/element - {"using":"xpath","value":"//button[@aria-label=\"Add\"]"}
RESULT: {"using":"xpath","value":"//button[@aria-label=\"Add\"]"}
COMMAND: POST /session/aedfa18944cc4355ab8cbaedf6540575/element/f.694E2BBF071ECDE7169F205C0A1B1FBC.d.60892B804C14E21F1BED563F03DC3C20.e.12962/click - {}
RESULT: {}
COMMAND: GET /session/aedfa18944cc4355ab8cbaedf6540575/screenshot - {}
RESULT: {}
COMMAND: POST /session/aedfa18944cc4355ab8cbaedf6540575/execute/async - {"script":"<script> [1562 bytes]","args":[{"selector":{"id":"application-managehandovers-display-component---AddNewHO--smartFilterBar-btnBasicSearch","searchOpenDialogs":true,"interaction":{"idSuffix":"I"}},"wdio_ui5_key":"applicationmanagehandovers-display-component---AddNewHO--smartFilterBar-btnBasicSearch"}]}
RESULT: {"script":"<script> [1562 bytes]","args":[{"selector":{"id":"application-managehandovers-display-component---AddNewHO--smartFilterBar-btnBasicSearch","searchOpenDialogs":true,"interaction":{"idSuffix":"I"}},"wdio_ui5_key":"applicationmanagehandovers-display-component---AddNewHO--smartFilterBar-btnBasicSearch"}]}
RESULT: undefined
COMMAND: POST /session/aedfa18944cc4355ab8cbaedf6540575/execute/async - {"script":"<script> [776 bytes]","args":[{"enterText":"WebdriverRUR2Ci74kv","selector":{"id":"application-managehandovers-display-component---AddNewHO--smartFilterBar-btnBasicSearch","searchOpenDialogs":true,"interaction":{"idSuffix":"I"}},"clearTextFirst":true,"interactionType":"ENTER_TEXT"}]}
RESULT: {"script":"<script> [776 bytes]","args":[{"enterText":"WebdriverRUR2Ci74kv","selector":{"id":"application-managehandovers-display-component---AddNewHO--smartFilterBar-btnBasicSearch","searchOpenDialogs":true,"interaction":{"idSuffix":"I"}},"clearTextFirst":true,"interactionType":"ENTER_TEXT"}]}
COMMAND: POST /session/aedfa18944cc4355ab8cbaedf6540575/actions - {"actions":[{"id":"action31","type":"key","parameters":{},"actions":[{"type":"keyDown","value":""},{"type":"pause","duration":10},{"type":"keyUp","value":""}]}]}
RESULT: {"actions":[{"id":"action31","type":"key","parameters":{},"actions":[{"type":"keyDown","value":""},{"type":"pause","duration":10},{"type":"keyUp","value":""}]}]}
COMMAND: POST /session/aedfa18944cc4355ab8cbaedf6540575/execute/async - {"script":"<script> [1562 bytes]","args":[{"selector":{"id":"application-managehandovers-display-component---AddNewHO--popup-sa","searchOpenDialogs":true,"interaction":{"idSuffix":"CbBg"}},"wdio_ui5_key":"applicationmanagehandovers-display-component---AddNewHO--popup-sa"}]}
COMMAND: GET /session/aedfa18944cc4355ab8cbaedf6540575/screenshot - {}
RESULT: {"script":"<script> [1562 bytes]","args":[{"selector":{"id":"application-managehandovers-display-component---AddNewHO--popup-sa","searchOpenDialogs":true,"interaction":{"idSuffix":"CbBg"}},"wdio_ui5_key":"applicationmanagehandovers-display-component---AddNewHO--popup-sa"}]}
RESULT: undefined
COMMAND: POST /session/aedfa18944cc4355ab8cbaedf6540575/element - {"using":"xpath","value":"//*[@id=\"application-managehandovers-display-component---AddNewHO--popup-sa\"]"}
RESULT: {}
RESULT: {"using":"xpath","value":"//*[@id=\"application-managehandovers-display-component---AddNewHO--popup-sa\"]"}
COMMAND: POST /session/aedfa18944cc4355ab8cbaedf6540575/element/f.694E2BBF071ECDE7169F205C0A1B1FBC.d.60892B804C14E21F1BED563F03DC3C20.e.13113/click - {}
RESULT: {}
COMMAND: GET /session/aedfa18944cc4355ab8cbaedf6540575/screenshot - {}
RESULT: {}
COMMAND: POST /session/aedfa18944cc4355ab8cbaedf6540575/element - {"using":"xpath","value":"//bdi[contains(text(), \"Select\")]"}
RESULT: {"using":"xpath","value":"//bdi[contains(text(), \"Select\")]"}
COMMAND: POST /session/aedfa18944cc4355ab8cbaedf6540575/element/f.694E2BBF071ECDE7169F205C0A1B1FBC.d.60892B804C14E21F1BED563F03DC3C20.e.13114/click - {}
RESULT: {}
COMMAND: GET /session/aedfa18944cc4355ab8cbaedf6540575/screenshot - {}
RESULT: {}
COMMAND: POST /session/aedfa18944cc4355ab8cbaedf6540575/element - {"using":"xpath","value":"//button[@data-kt=\"AddNewHOSaveButton\"]"}
RESULT: {"using":"xpath","value":"//button[@data-kt=\"AddNewHOSaveButton\"]"}
COMMAND: POST /session/aedfa18944cc4355ab8cbaedf6540575/element/f.694E2BBF071ECDE7169F205C0A1B1FBC.d.60892B804C14E21F1BED563F03DC3C20.e.13118/click - {}
RESULT: {}
COMMAND: GET /session/aedfa18944cc4355ab8cbaedf6540575/screenshot - {}
RESULT: {}
COMMAND: POST /session/aedfa18944cc4355ab8cbaedf6540575/execute/async - {"script":"<script> [1562 bytes]","args":[{"selector":{"id":"receiptDatePicker","viewName":"etm.portal.ui.managehandovers.view.DetailExecuteHO","interaction":{"idSuffix":"inner"}},"wdio_ui5_key":"receiptDatePickeretmportal.ui.managehandovers.view.DetailExecuteHO"}]}
RESULT: {"script":"<script> [1562 bytes]","args":[{"selector":{"id":"receiptDatePicker","viewName":"etm.portal.ui.managehandovers.view.DetailExecuteHO","interaction":{"idSuffix":"inner"}},"wdio_ui5_key":"receiptDatePickeretmportal.ui.managehandovers.view.DetailExecuteHO"}]}
RESULT: undefined
COMMAND: POST /session/aedfa18944cc4355ab8cbaedf6540575/execute/async - {"script":"<script> [6424 bytes]","args":[{"element-6066-11e4-a52e-4f735466cecf":"f.694E2BBF071ECDE7169F205C0A1B1FBC.d.60892B804C14E21F1BED563F03DC3C20.e.13150"},"setValue",["04/14/2025"]]}
RESULT: {"script":"<script> [6424 bytes]","args":[{"element-6066-11e4-a52e-4f735466cecf":"f.694E2BBF071ECDE7169F205C0A1B1FBC.d.60892B804C14E21F1BED563F03DC3C20.e.13150"},"setValue",["04/14/2025"]]}
COMMAND: POST /session/aedfa18944cc4355ab8cbaedf6540575/element - {"using":"xpath","value":"//button[@data-kt=\"PickingTableConfirmAllButton\"]"}
RESULT: {"using":"xpath","value":"//button[@data-kt=\"PickingTableConfirmAllButton\"]"}
COMMAND: POST /session/aedfa18944cc4355ab8cbaedf6540575/element/f.694E2BBF071ECDE7169F205C0A1B1FBC.d.60892B804C14E21F1BED563F03DC3C20.e.13167/click - {}
RESULT: {}
COMMAND: GET /session/aedfa18944cc4355ab8cbaedf6540575/screenshot - {}
RESULT: {}
COMMAND: POST /session/aedfa18944cc4355ab8cbaedf6540575/element - {"using":"xpath","value":"//bdi[contains(text(), \"OK\")]"}
RESULT: {"using":"xpath","value":"//bdi[contains(text(), \"OK\")]"}
COMMAND: POST /session/aedfa18944cc4355ab8cbaedf6540575/element/f.694E2BBF071ECDE7169F205C0A1B1FBC.d.60892B804C14E21F1BED563F03DC3C20.e.13169/click - {}
RESULT: {}
COMMAND: GET /session/aedfa18944cc4355ab8cbaedf6540575/screenshot - {}
RESULT: {}
COMMAND: POST /session/aedfa18944cc4355ab8cbaedf6540575/element - {"using":"xpath","value":"(//bdi[contains(text(), \"Receive\")])[2]"}
RESULT: {"using":"xpath","value":"(//bdi[contains(text(), \"Receive\")])[2]"}
COMMAND: POST /session/aedfa18944cc4355ab8cbaedf6540575/element/f.694E2BBF071ECDE7169F205C0A1B1FBC.d.60892B804C14E21F1BED563F03DC3C20.e.13171/click - {}
RESULT: {}
COMMAND: GET /session/aedfa18944cc4355ab8cbaedf6540575/screenshot - {}
RESULT: {}
COMMAND: POST /session/aedfa18944cc4355ab8cbaedf6540575/element - {"using":"css selector","value":"#shell-header-logo"}
RESULT: {"using":"css selector","value":"#shell-header-logo"}
COMMAND: POST /session/aedfa18944cc4355ab8cbaedf6540575/element/f.694E2BBF071ECDE7169F205C0A1B1FBC.d.60892B804C14E21F1BED563F03DC3C20.e.12590/click - {}
RESULT: {}
COMMAND: GET /session/aedfa18944cc4355ab8cbaedf6540575/screenshot - {}
RESULT: {}
]]></system-out>
    </testcase>
    <testcase classname="chrome.135_0_7049_42.windows.Warehouse_movements_inventory_test" name="Verify the warehouse movement" time="41.826">
      <system-out><![CDATA[
COMMAND: POST /session/aedfa18944cc4355ab8cbaedf6540575/execute/async - {"script":"<script> [1562 bytes]","args":[{"selector":{"controlType":"sap.m.GenericTile","properties":{"header":"Manage Warehouse Movements"}},"wdio_ui5_key":"sapm.GenericTile{\"header\":\"Manage Warehouse Movements\"}"}]}
RESULT: {"script":"<script> [1562 bytes]","args":[{"selector":{"controlType":"sap.m.GenericTile","properties":{"header":"Manage Warehouse Movements"}},"wdio_ui5_key":"sapm.GenericTile{\"header\":\"Manage Warehouse Movements\"}"}]}
RESULT: undefined
COMMAND: POST /session/aedfa18944cc4355ab8cbaedf6540575/element - {"using":"xpath","value":"//*[@id=\"__tile80\"]"}
RESULT: {"using":"xpath","value":"//*[@id=\"__tile80\"]"}
COMMAND: POST /session/aedfa18944cc4355ab8cbaedf6540575/element/f.694E2BBF071ECDE7169F205C0A1B1FBC.d.60892B804C14E21F1BED563F03DC3C20.e.13312/click - {}
RESULT: {}
COMMAND: GET /session/aedfa18944cc4355ab8cbaedf6540575/screenshot - {}
RESULT: {}
COMMAND: POST /session/aedfa18944cc4355ab8cbaedf6540575/execute/async - {"script":"<script> [1562 bytes]","args":[{"selector":{"id":"application-warehousemovements-display-component---warehouseMovements--smartFilterBar-filterItemControl_BASIC-YARD-vhi"},"wdio_ui5_key":"applicationwarehousemovements-display-component---warehouseMovements--smartFilterBar-filterItemControl_BASIC-YARD-vhi"}]}
RESULT: {"script":"<script> [1562 bytes]","args":[{"selector":{"id":"application-warehousemovements-display-component---warehouseMovements--smartFilterBar-filterItemControl_BASIC-YARD-vhi"},"wdio_ui5_key":"applicationwarehousemovements-display-component---warehouseMovements--smartFilterBar-filterItemControl_BASIC-YARD-vhi"}]}
RESULT: undefined
COMMAND: POST /session/aedfa18944cc4355ab8cbaedf6540575/element - {"using":"xpath","value":"//*[@id=\"application-warehousemovements-display-component---warehouseMovements--smartFilterBar-filterItemControl_BASIC-YARD-vhi\"]"}
RESULT: {"using":"xpath","value":"//*[@id=\"application-warehousemovements-display-component---warehouseMovements--smartFilterBar-filterItemControl_BASIC-YARD-vhi\"]"}
COMMAND: POST /session/aedfa18944cc4355ab8cbaedf6540575/element/f.694E2BBF071ECDE7169F205C0A1B1FBC.d.60892B804C14E21F1BED563F03DC3C20.e.13467/click - {}
RESULT: {}
COMMAND: GET /session/aedfa18944cc4355ab8cbaedf6540575/screenshot - {}
RESULT: {}
COMMAND: POST /session/aedfa18944cc4355ab8cbaedf6540575/execute/async - {"script":"<script> [1562 bytes]","args":[{"selector":{"id":"application-warehousemovements-display-component---warehouseMovements--smartFilterBar-filterItemControl_BASIC-YARD-valueHelpDialog-smartFilterBar-btnBasicSearch","searchOpenDialogs":true,"interaction":{"idSuffix":"I"}},"wdio_ui5_key":"applicationwarehousemovements-display-component---warehouseMovements--smartFilterBar-filterItemControl_BASIC-YARD-valueHelpDialog-smartFilterBar-btnBasicSearch"}]}
RESULT: {"script":"<script> [1562 bytes]","args":[{"selector":{"id":"application-warehousemovements-display-component---warehouseMovements--smartFilterBar-filterItemControl_BASIC-YARD-valueHelpDialog-smartFilterBar-btnBasicSearch","searchOpenDialogs":true,"interaction":{"idSuffix":"I"}},"wdio_ui5_key":"applicationwarehousemovements-display-component---warehouseMovements--smartFilterBar-filterItemControl_BASIC-YARD-valueHelpDialog-smartFilterBar-btnBasicSearch"}]}
RESULT: undefined
COMMAND: POST /session/aedfa18944cc4355ab8cbaedf6540575/execute/async - {"script":"<script> [776 bytes]","args":[{"enterText":"WebdriverWHMYardszw2vj","selector":{"id":"application-warehousemovements-display-component---warehouseMovements--smartFilterBar-filterItemControl_BASIC-YARD-valueHelpDialog-smartFilterBar-btnBasicSearch","searchOpenDialogs":true,"interaction":{"idSuffix":"I"}},"clearTextFirst":true,"interactionType":"ENTER_TEXT"}]}
RESULT: {"script":"<script> [776 bytes]","args":[{"enterText":"WebdriverWHMYardszw2vj","selector":{"id":"application-warehousemovements-display-component---warehouseMovements--smartFilterBar-filterItemControl_BASIC-YARD-valueHelpDialog-smartFilterBar-btnBasicSearch","searchOpenDialogs":true,"interaction":{"idSuffix":"I"}},"clearTextFirst":true,"interactionType":"ENTER_TEXT"}]}
COMMAND: POST /session/aedfa18944cc4355ab8cbaedf6540575/actions - {"actions":[{"id":"action32","type":"key","parameters":{},"actions":[{"type":"keyDown","value":""},{"type":"pause","duration":10},{"type":"keyUp","value":""}]}]}
RESULT: {"actions":[{"id":"action32","type":"key","parameters":{},"actions":[{"type":"keyDown","value":""},{"type":"pause","duration":10},{"type":"keyUp","value":""}]}]}
COMMAND: GET /session/aedfa18944cc4355ab8cbaedf6540575/screenshot - {}
RESULT: {}
COMMAND: POST /session/aedfa18944cc4355ab8cbaedf6540575/element - {"using":"xpath","value":"//div[@id='application-warehousemovements-display-component---warehouseMovements--smartFilterBar-filterItemControl_BASIC-YARD-valueHelpDialog-table-rowsel0']"}
RESULT: {"using":"xpath","value":"//div[@id='application-warehousemovements-display-component---warehouseMovements--smartFilterBar-filterItemControl_BASIC-YARD-valueHelpDialog-table-rowsel0']"}
COMMAND: POST /session/aedfa18944cc4355ab8cbaedf6540575/element/f.694E2BBF071ECDE7169F205C0A1B1FBC.d.60892B804C14E21F1BED563F03DC3C20.e.13477/click - {}
RESULT: {}
COMMAND: POST /session/aedfa18944cc4355ab8cbaedf6540575/execute/async - {"script":"<script> [1562 bytes]","args":[{"selector":{"id":"application-warehousemovements-display-component---warehouseMovements--smartFilterBar-filterItemControl_BASIC-YARD-valueHelpDialog-ok","searchOpenDialogs":true,"interaction":{"idSuffix":"BDI-content"}},"wdio_ui5_key":"applicationwarehousemovements-display-component---warehouseMovements--smartFilterBar-filterItemControl_BASIC-YARD-valueHelpDialog-ok"}]}
COMMAND: GET /session/aedfa18944cc4355ab8cbaedf6540575/screenshot - {}
RESULT: {"script":"<script> [1562 bytes]","args":[{"selector":{"id":"application-warehousemovements-display-component---warehouseMovements--smartFilterBar-filterItemControl_BASIC-YARD-valueHelpDialog-ok","searchOpenDialogs":true,"interaction":{"idSuffix":"BDI-content"}},"wdio_ui5_key":"applicationwarehousemovements-display-component---warehouseMovements--smartFilterBar-filterItemControl_BASIC-YARD-valueHelpDialog-ok"}]}
RESULT: undefined
COMMAND: POST /session/aedfa18944cc4355ab8cbaedf6540575/element - {"using":"xpath","value":"//*[@id=\"application-warehousemovements-display-component---warehouseMovements--smartFilterBar-filterItemControl_BASIC-YARD-valueHelpDialog-ok\"]"}
RESULT: {}
RESULT: {"using":"xpath","value":"//*[@id=\"application-warehousemovements-display-component---warehouseMovements--smartFilterBar-filterItemControl_BASIC-YARD-valueHelpDialog-ok\"]"}
COMMAND: POST /session/aedfa18944cc4355ab8cbaedf6540575/element/f.694E2BBF071ECDE7169F205C0A1B1FBC.d.60892B804C14E21F1BED563F03DC3C20.e.13480/click - {}
RESULT: {}
COMMAND: POST /session/aedfa18944cc4355ab8cbaedf6540575/execute/async - {"script":"<script> [1562 bytes]","args":[{"selector":{"controlType":"sap.ui.core.Icon","viewName":"etm.portal.ui.warehousemovements.view.MasterMovement","viewId":"application-warehousemovements-display-component---warehouseMovements","properties":{"src":{"regex":{"source":"add"}}}},"wdio_ui5_key":"etmportal.ui.warehousemovements.view.MasterMovementsap.ui.core.Icon{\"src\":{\"regex\":{\"source\":\"add\"}}}"}]}
COMMAND: GET /session/aedfa18944cc4355ab8cbaedf6540575/screenshot - {}
RESULT: {"script":"<script> [1562 bytes]","args":[{"selector":{"controlType":"sap.ui.core.Icon","viewName":"etm.portal.ui.warehousemovements.view.MasterMovement","viewId":"application-warehousemovements-display-component---warehouseMovements","properties":{"src":{"regex":{"source":"add"}}}},"wdio_ui5_key":"etmportal.ui.warehousemovements.view.MasterMovementsap.ui.core.Icon{\"src\":{\"regex\":{\"source\":\"add\"}}}"}]}
RESULT: undefined
COMMAND: POST /session/aedfa18944cc4355ab8cbaedf6540575/element - {"using":"xpath","value":"//*[@id=\"__button110-img\"]"}
RESULT: {}
RESULT: {"using":"xpath","value":"//*[@id=\"__button110-img\"]"}
COMMAND: POST /session/aedfa18944cc4355ab8cbaedf6540575/element/f.694E2BBF071ECDE7169F205C0A1B1FBC.d.60892B804C14E21F1BED563F03DC3C20.e.13347/click - {}
RESULT: {}
COMMAND: POST /session/aedfa18944cc4355ab8cbaedf6540575/element - {"using":"xpath","value":"//input[contains(@id ,\"application-warehousemovements-display-component---addMovement--sectionsList-inner\")]"}
COMMAND: GET /session/aedfa18944cc4355ab8cbaedf6540575/screenshot - {}
RESULT: {"using":"xpath","value":"//input[contains(@id ,\"application-warehousemovements-display-component---addMovement--sectionsList-inner\")]"}
COMMAND: POST /session/aedfa18944cc4355ab8cbaedf6540575/elements - {"using":"xpath","value":"//input[contains(@id ,\"application-warehousemovements-display-component---addMovement--sectionsList-inner\")]"}
RESULT: {}
RESULT: {"using":"xpath","value":"//input[contains(@id ,\"application-warehousemovements-display-component---addMovement--sectionsList-inner\")]"}
COMMAND: POST /session/aedfa18944cc4355ab8cbaedf6540575/element - {"using":"xpath","value":"//input[contains(@id ,\"application-warehousemovements-display-component---addMovement--sectionsList-inner\")]"}
RESULT: {"using":"xpath","value":"//input[contains(@id ,\"application-warehousemovements-display-component---addMovement--sectionsList-inner\")]"}
COMMAND: POST /session/aedfa18944cc4355ab8cbaedf6540575/element/f.694E2BBF071ECDE7169F205C0A1B1FBC.d.60892B804C14E21F1BED563F03DC3C20.e.13542/clear - {}
RESULT: {}
COMMAND: POST /session/aedfa18944cc4355ab8cbaedf6540575/element/f.694E2BBF071ECDE7169F205C0A1B1FBC.d.60892B804C14E21F1BED563F03DC3C20.e.13542/value - {"text":"Secoj4yo"}
COMMAND: GET /session/aedfa18944cc4355ab8cbaedf6540575/screenshot - {}
RESULT: {"text":"Secoj4yo"}
COMMAND: GET /session/aedfa18944cc4355ab8cbaedf6540575/screenshot - {}
RESULT: {}
RESULT: {}
COMMAND: POST /session/aedfa18944cc4355ab8cbaedf6540575/actions - {"actions":[{"id":"action33","type":"key","parameters":{},"actions":[{"type":"keyDown","value":""},{"type":"pause","duration":10},{"type":"keyUp","value":""}]}]}
RESULT: {"actions":[{"id":"action33","type":"key","parameters":{},"actions":[{"type":"keyDown","value":""},{"type":"pause","duration":10},{"type":"keyUp","value":""}]}]}
COMMAND: GET /session/aedfa18944cc4355ab8cbaedf6540575/screenshot - {}
RESULT: {}
COMMAND: POST /session/aedfa18944cc4355ab8cbaedf6540575/execute/async - {"script":"<script> [1562 bytes]","args":[{"selector":{"id":"application-warehousemovements-display-component---addMovement--addItem-img"},"wdio_ui5_key":"applicationwarehousemovements-display-component---addMovement--addItem-img"}]}
RESULT: {"script":"<script> [1562 bytes]","args":[{"selector":{"id":"application-warehousemovements-display-component---addMovement--addItem-img"},"wdio_ui5_key":"applicationwarehousemovements-display-component---addMovement--addItem-img"}]}
RESULT: undefined
COMMAND: POST /session/aedfa18944cc4355ab8cbaedf6540575/element - {"using":"xpath","value":"//*[@id=\"application-warehousemovements-display-component---addMovement--addItem-img\"]"}
RESULT: {"using":"xpath","value":"//*[@id=\"application-warehousemovements-display-component---addMovement--addItem-img\"]"}
COMMAND: POST /session/aedfa18944cc4355ab8cbaedf6540575/element/f.694E2BBF071ECDE7169F205C0A1B1FBC.d.60892B804C14E21F1BED563F03DC3C20.e.13524/click - {}
RESULT: {}
COMMAND: POST /session/aedfa18944cc4355ab8cbaedf6540575/execute/async - {"script":"<script> [1562 bytes]","args":[{"selector":{"id":"movementItemsPopUp--invSearch","searchOpenDialogs":true,"interaction":{"idSuffix":"I"}},"wdio_ui5_key":"movementItemsPopUpinvSearch"}]}
COMMAND: GET /session/aedfa18944cc4355ab8cbaedf6540575/screenshot - {}
RESULT: {"script":"<script> [1562 bytes]","args":[{"selector":{"id":"movementItemsPopUp--invSearch","searchOpenDialogs":true,"interaction":{"idSuffix":"I"}},"wdio_ui5_key":"movementItemsPopUpinvSearch"}]}
RESULT: undefined
COMMAND: POST /session/aedfa18944cc4355ab8cbaedf6540575/execute/async - {"script":"<script> [776 bytes]","args":[{"enterText":"WebdriverRUR2Ci74kv","selector":{"id":"movementItemsPopUp--invSearch","searchOpenDialogs":true,"interaction":{"idSuffix":"I"}},"clearTextFirst":true,"interactionType":"ENTER_TEXT"}]}
RESULT: {}
RESULT: {"script":"<script> [776 bytes]","args":[{"enterText":"WebdriverRUR2Ci74kv","selector":{"id":"movementItemsPopUp--invSearch","searchOpenDialogs":true,"interaction":{"idSuffix":"I"}},"clearTextFirst":true,"interactionType":"ENTER_TEXT"}]}
COMMAND: POST /session/aedfa18944cc4355ab8cbaedf6540575/execute/async - {"script":"<script> [1562 bytes]","args":[{"selector":{"id":"movementItemsPopUp--movementItemsTable-sa","searchOpenDialogs":true,"interaction":{"idSuffix":"CbBg"}},"wdio_ui5_key":"movementItemsPopUpmovementItemsTable-sa"}]}
RESULT: {"script":"<script> [1562 bytes]","args":[{"selector":{"id":"movementItemsPopUp--movementItemsTable-sa","searchOpenDialogs":true,"interaction":{"idSuffix":"CbBg"}},"wdio_ui5_key":"movementItemsPopUpmovementItemsTable-sa"}]}
RESULT: undefined
COMMAND: POST /session/aedfa18944cc4355ab8cbaedf6540575/element - {"using":"xpath","value":"//*[@id=\"movementItemsPopUp--movementItemsTable-sa\"]"}
RESULT: {"using":"xpath","value":"//*[@id=\"movementItemsPopUp--movementItemsTable-sa\"]"}
COMMAND: POST /session/aedfa18944cc4355ab8cbaedf6540575/element/f.694E2BBF071ECDE7169F205C0A1B1FBC.d.60892B804C14E21F1BED563F03DC3C20.e.13626/click - {}
RESULT: {}
COMMAND: POST /session/aedfa18944cc4355ab8cbaedf6540575/execute/async - {"script":"<script> [1562 bytes]","args":[{"selector":{"id":"movementItemsPopUp--createBtn","searchOpenDialogs":true,"interaction":{"idSuffix":"BDI-content"}},"wdio_ui5_key":"movementItemsPopUpcreateBtn"}]}
COMMAND: GET /session/aedfa18944cc4355ab8cbaedf6540575/screenshot - {}
RESULT: {"script":"<script> [1562 bytes]","args":[{"selector":{"id":"movementItemsPopUp--createBtn","searchOpenDialogs":true,"interaction":{"idSuffix":"BDI-content"}},"wdio_ui5_key":"movementItemsPopUpcreateBtn"}]}
RESULT: undefined
COMMAND: POST /session/aedfa18944cc4355ab8cbaedf6540575/element - {"using":"xpath","value":"//*[@id=\"movementItemsPopUp--createBtn\"]"}
RESULT: {}
RESULT: {"using":"xpath","value":"//*[@id=\"movementItemsPopUp--createBtn\"]"}
COMMAND: POST /session/aedfa18944cc4355ab8cbaedf6540575/element/f.694E2BBF071ECDE7169F205C0A1B1FBC.d.60892B804C14E21F1BED563F03DC3C20.e.13628/click - {}
RESULT: {}
COMMAND: GET /session/aedfa18944cc4355ab8cbaedf6540575/screenshot - {}
RESULT: {}
COMMAND: POST /session/aedfa18944cc4355ab8cbaedf6540575/element - {"using":"css selector","value":"#j_username"}
COMMAND: POST /session/aedfa18944cc4355ab8cbaedf6540575/url - {"url":"https://qa-testing-00-live-etm-ui.cfapps.eu10-004.hana.ondemand.com/"}
RESULT: {"using":"css selector","value":"#j_username"}
COMMAND: POST /session/aedfa18944cc4355ab8cbaedf6540575/element - {"using":"css selector","value":"#j_username"}
RESULT: {"url":"https://qa-testing-00-live-etm-ui.cfapps.eu10-004.hana.ondemand.com/"}
RESULT: undefined
COMMAND: GET /session/aedfa18944cc4355ab8cbaedf6540575/screenshot - {}
RESULT: {"using":"css selector","value":"#j_username"}
COMMAND: POST /session/aedfa18944cc4355ab8cbaedf6540575/element - {"using":"css selector","value":"#shell-header-logo"}
RESULT: {}
RESULT: {"using":"css selector","value":"#shell-header-logo"}
COMMAND: POST /session/aedfa18944cc4355ab8cbaedf6540575/execute/sync - {"script":"<script> [8489 bytes]","args":[{"element-6066-11e4-a52e-4f735466cecf":"f.694E2BBF071ECDE7169F205C0A1B1FBC.d.7131E00B1EC6457E556844BA387CE93D.e.13644","ELEMENT":"f.694E2BBF071ECDE7169F205C0A1B1FBC.d.7131E00B1EC6457E556844BA387CE93D.e.13644"}]}
RESULT: {"script":"<script> [8489 bytes]","args":[{"element-6066-11e4-a52e-4f735466cecf":"f.694E2BBF071ECDE7169F205C0A1B1FBC.d.7131E00B1EC6457E556844BA387CE93D.e.13644","ELEMENT":"f.694E2BBF071ECDE7169F205C0A1B1FBC.d.7131E00B1EC6457E556844BA387CE93D.e.13644"}]}
COMMAND: POST /session/aedfa18944cc4355ab8cbaedf6540575/element - {"using":"css selector","value":"#shell-header-logo"}
COMMAND: GET /session/aedfa18944cc4355ab8cbaedf6540575/screenshot - {}
RESULT: {"using":"css selector","value":"#shell-header-logo"}
COMMAND: POST /session/aedfa18944cc4355ab8cbaedf6540575/execute/sync - {"script":"<script> [8489 bytes]","args":[{"element-6066-11e4-a52e-4f735466cecf":"f.694E2BBF071ECDE7169F205C0A1B1FBC.d.7131E00B1EC6457E556844BA387CE93D.e.13644","ELEMENT":"f.694E2BBF071ECDE7169F205C0A1B1FBC.d.7131E00B1EC6457E556844BA387CE93D.e.13644"}]}
RESULT: {}
RESULT: {"script":"<script> [8489 bytes]","args":[{"element-6066-11e4-a52e-4f735466cecf":"f.694E2BBF071ECDE7169F205C0A1B1FBC.d.7131E00B1EC6457E556844BA387CE93D.e.13644","ELEMENT":"f.694E2BBF071ECDE7169F205C0A1B1FBC.d.7131E00B1EC6457E556844BA387CE93D.e.13644"}]}
COMMAND: POST /session/aedfa18944cc4355ab8cbaedf6540575/execute/sync - {"script":"<script> [5351 bytes]","args":[{"element-6066-11e4-a52e-4f735466cecf":"f.694E2BBF071ECDE7169F205C0A1B1FBC.d.7131E00B1EC6457E556844BA387CE93D.e.13644","ELEMENT":"f.694E2BBF071ECDE7169F205C0A1B1FBC.d.7131E00B1EC6457E556844BA387CE93D.e.13644"}]}
COMMAND: GET /session/aedfa18944cc4355ab8cbaedf6540575/screenshot - {}
RESULT: {"script":"<script> [5351 bytes]","args":[{"element-6066-11e4-a52e-4f735466cecf":"f.694E2BBF071ECDE7169F205C0A1B1FBC.d.7131E00B1EC6457E556844BA387CE93D.e.13644","ELEMENT":"f.694E2BBF071ECDE7169F205C0A1B1FBC.d.7131E00B1EC6457E556844BA387CE93D.e.13644"}]}
COMMAND: POST /session/aedfa18944cc4355ab8cbaedf6540575/element - {"using":"css selector","value":"#shell-header-logo"}
COMMAND: GET /session/aedfa18944cc4355ab8cbaedf6540575/screenshot - {}
RESULT: {}
RESULT: {"using":"css selector","value":"#shell-header-logo"}
COMMAND: POST /session/aedfa18944cc4355ab8cbaedf6540575/element/f.694E2BBF071ECDE7169F205C0A1B1FBC.d.7131E00B1EC6457E556844BA387CE93D.e.13644/click - {}
RESULT: {}
RESULT: {}
COMMAND: GET /session/aedfa18944cc4355ab8cbaedf6540575/screenshot - {}
RESULT: {}
COMMAND: POST /session/aedfa18944cc4355ab8cbaedf6540575/execute/async - {"script":"<script> [189 bytes]","args":[]}
RESULT: {"script":"<script> [189 bytes]","args":[]}
COMMAND: POST /session/aedfa18944cc4355ab8cbaedf6540575/execute/async - {"script":"<script> [123 bytes]","args":[]}
RESULT: {"script":"<script> [123 bytes]","args":[]}
COMMAND: POST /session/aedfa18944cc4355ab8cbaedf6540575/timeouts - {"script":"<number>"}
RESULT: {"script":"<number>"}
COMMAND: GET /session/aedfa18944cc4355ab8cbaedf6540575/timeouts - {}
RESULT: {}
RESULT: undefined
COMMAND: POST /session/aedfa18944cc4355ab8cbaedf6540575/execute/async - {"script":"<script> [2676 bytes]","args":[]}
RESULT: {"script":"<script> [2676 bytes]","args":[]}
COMMAND: POST /session/aedfa18944cc4355ab8cbaedf6540575/execute/async - {"script":"<script> [2342 bytes]","args":[{"protocol":"http","hostname":"0.0.0.0","path":"/","capabilities":{"browserName":"chrome","goog:chromeOptions":{"binary":"C:\\Program Files\\Google\\Chrome\\Application\\chrome.exe","args":["--force-device-scale-factor=0.8","--start-maximized"]}},"logLevel":"warn","connectionRetryTimeout":120000,"connectionRetryCount":3,"logLevels":{},"enableDirectConnect":true,"strictSSL":true,"_":"65 more keys: [\"cacheDir\",\"port\",\"requestedCapabilities\",\"automationProtocol\",\"baseUrl\",\"waitforInterval\",\"waitforTimeout\",\"onReload\",\"beforeCommand\",\"afterCommand\",\"rootDir\",\"specs\",\"suites\",\"exclude\",\"groupLogsByTestSpec\",\"excludeDriverLogs\",\"bail\",\"framework\",\"reporters\",\"services\",\"maxInstances\",\"maxInstancesPerCapability\",\"injectGlobals\",\"filesToWatch\",\"execArgv\",\"runnerEnv\",\"runner\",\"shard\",\"specFileRetries\",\"specFileRetriesDelay\",\"specFileRetriesDeferred\",\"reporterSyncInterval\",\"reporterSyncTimeout\",\"cucumberFeaturesWithLineNumbers\",\"autoCompileOpts\",\"mochaOpts\",\"jasmineOpts\",\"cucumberOpts\",\"onPrepare\",\"onWorkerStart\",\"onWorkerEnd\",\"before\",\"beforeSession\",\"beforeSuite\",\"beforeHook\",\"beforeTest\",\"afterTest\",\"afterHook\",\"afterSuite\",\"afterSession\",\"after\",\"onComplete\",\"beforeAssertion\",\"afterAssertion\",\"beforeFeature\",\"beforeScenario\",\"beforeStep\",\"afterStep\",\"afterScenario\",\"afterFeature\",\"_\",\"suite\",\"$0\",\"ignoredWorkerServices\",\"wdi5\"]"}]}
RESULT: {"script":"<script> [2342 bytes]","args":[{"protocol":"http","hostname":"0.0.0.0","path":"/","capabilities":{"browserName":"chrome","goog:chromeOptions":{"binary":"C:\\Program Files\\Google\\Chrome\\Application\\chrome.exe","args":["--force-device-scale-factor=0.8","--start-maximized"]}},"logLevel":"warn","connectionRetryTimeout":120000,"connectionRetryCount":3,"logLevels":{},"enableDirectConnect":true,"strictSSL":true,"_":"65 more keys: [\"cacheDir\",\"port\",\"requestedCapabilities\",\"automationProtocol\",\"baseUrl\",\"waitforInterval\",\"waitforTimeout\",\"onReload\",\"beforeCommand\",\"afterCommand\",\"rootDir\",\"specs\",\"suites\",\"exclude\",\"groupLogsByTestSpec\",\"excludeDriverLogs\",\"bail\",\"framework\",\"reporters\",\"services\",\"maxInstances\",\"maxInstancesPerCapability\",\"injectGlobals\",\"filesToWatch\",\"execArgv\",\"runnerEnv\",\"runner\",\"shard\",\"specFileRetries\",\"specFileRetriesDelay\",\"specFileRetriesDeferred\",\"reporterSyncInterval\",\"reporterSyncTimeout\",\"cucumberFeaturesWithLineNumbers\",\"autoCompileOpts\",\"mochaOpts\",\"jasmineOpts\",\"cucumberOpts\",\"onPrepare\",\"onWorkerStart\",\"onWorkerEnd\",\"before\",\"beforeSession\",\"beforeSuite\",\"beforeHook\",\"beforeTest\",\"afterTest\",\"afterHook\",\"afterSuite\",\"afterSession\",\"after\",\"onComplete\",\"beforeAssertion\",\"afterAssertion\",\"beforeFeature\",\"beforeScenario\",\"beforeStep\",\"afterStep\",\"afterScenario\",\"afterFeature\",\"_\",\"suite\",\"$0\",\"ignoredWorkerServices\",\"wdi5\"]"}]}
COMMAND: POST /session/aedfa18944cc4355ab8cbaedf6540575/execute/async - {"script":"<script> [21126 bytes]","args":[35000]}
RESULT: {"script":"<script> [21126 bytes]","args":[35000]}
COMMAND: POST /session/aedfa18944cc4355ab8cbaedf6540575/window/maximize - {}
RESULT: {}
COMMAND: POST /session/aedfa18944cc4355ab8cbaedf6540575/execute/async - {"script":"<script> [1562 bytes]","args":[{"selector":{"id":"shell-header","interaction":{"idSuffix":"icon"}},"wdio_ui5_key":"shellheader"}]}
COMMAND: GET /session/aedfa18944cc4355ab8cbaedf6540575/screenshot - {}
RESULT: {"script":"<script> [1562 bytes]","args":[{"selector":{"id":"shell-header","interaction":{"idSuffix":"icon"}},"wdio_ui5_key":"shellheader"}]}
RESULT: undefined
RESULT: {}
]]></system-out>
    </testcase>
  </testsuite>
  <testsuite timestamp="2025-04-14T16:04:12" time="773.32" tests="5" failures="0" errors="0" skipped="0">
    <properties>
      <property name="specId" value="0"/>
      <property name="suiteName" value="Create masterdata for Yard Overview - trigger provide US130988"/>
      <property name="capabilities" value="chrome.135_0_7049_42.windows"/>
      <property name="file" value="file:///D:/a/1/s/test/specs/R2C/yard-overview-trigger.spec.js"/>
    </properties>
    <testcase classname="chrome.135_0_7049_42.windows.Create_masterdata_for_Yard_Overview_-_trigger_provide_US130988" name="Should create prerequisites yard partner site material" time="453.224">
      <system-out><![CDATA[
COMMAND: POST /session/aedfa18944cc4355ab8cbaedf6540575/execute/async - {"script":"<script> [1562 bytes]","args":[{"selector":{"controlType":"sap.m.GenericTile","properties":{"header":"Manage Yards"}},"wdio_ui5_key":"sapm.GenericTile{\"header\":\"Manage Yards\"}"}]}
RESULT: {"script":"<script> [1562 bytes]","args":[{"selector":{"controlType":"sap.m.GenericTile","properties":{"header":"Manage Yards"}},"wdio_ui5_key":"sapm.GenericTile{\"header\":\"Manage Yards\"}"}]}
RESULT: undefined
COMMAND: POST /session/aedfa18944cc4355ab8cbaedf6540575/element - {"using":"xpath","value":"//*[@id=\"__tile56\"]"}
RESULT: {"using":"xpath","value":"//*[@id=\"__tile56\"]"}
COMMAND: POST /session/aedfa18944cc4355ab8cbaedf6540575/element/f.694E2BBF071ECDE7169F205C0A1B1FBC.d.7131E00B1EC6457E556844BA387CE93D.e.13650/click - {}
RESULT: {}
COMMAND: GET /session/aedfa18944cc4355ab8cbaedf6540575/screenshot - {}
RESULT: {}
COMMAND: POST /session/aedfa18944cc4355ab8cbaedf6540575/execute/async - {"script":"<script> [1562 bytes]","args":[{"selector":{"controlType":"sap.ui.core.Icon","viewName":"etm.portal.ui.manageyards.view.Master","viewId":"application-manageyards-display-component---masterYard","properties":{"src":{"regex":{"source":"add"}}}},"wdio_ui5_key":"etmportal.ui.manageyards.view.Mastersap.ui.core.Icon{\"src\":{\"regex\":{\"source\":\"add\"}}}"}]}
RESULT: {"script":"<script> [1562 bytes]","args":[{"selector":{"controlType":"sap.ui.core.Icon","viewName":"etm.portal.ui.manageyards.view.Master","viewId":"application-manageyards-display-component---masterYard","properties":{"src":{"regex":{"source":"add"}}}},"wdio_ui5_key":"etmportal.ui.manageyards.view.Mastersap.ui.core.Icon{\"src\":{\"regex\":{\"source\":\"add\"}}}"}]}
RESULT: undefined
COMMAND: POST /session/aedfa18944cc4355ab8cbaedf6540575/element - {"using":"xpath","value":"//*[@id=\"__button4-img\"]"}
RESULT: {"using":"xpath","value":"//*[@id=\"__button4-img\"]"}
COMMAND: POST /session/aedfa18944cc4355ab8cbaedf6540575/element/f.694E2BBF071ECDE7169F205C0A1B1FBC.d.7131E00B1EC6457E556844BA387CE93D.e.13695/click - {}
RESULT: {}
COMMAND: GET /session/aedfa18944cc4355ab8cbaedf6540575/screenshot - {}
RESULT: {}
COMMAND: POST /session/aedfa18944cc4355ab8cbaedf6540575/execute/async - {"script":"<script> [1562 bytes]","args":[{"selector":{"id":"application-manageyards-display-component---NewYard--yardId","interaction":{"idSuffix":"inner"}},"wdio_ui5_key":"applicationmanageyards-display-component---NewYard--yardId"}]}
RESULT: {"script":"<script> [1562 bytes]","args":[{"selector":{"id":"application-manageyards-display-component---NewYard--yardId","interaction":{"idSuffix":"inner"}},"wdio_ui5_key":"applicationmanageyards-display-component---NewYard--yardId"}]}
RESULT: undefined
COMMAND: POST /session/aedfa18944cc4355ab8cbaedf6540575/element - {"using":"xpath","value":"//*[@id=\"application-manageyards-display-component---NewYard--addressDetailDetailsName1-inner\"]"}
RESULT: {"using":"xpath","value":"//*[@id=\"application-manageyards-display-component---NewYard--addressDetailDetailsName1-inner\"]"}
COMMAND: POST /session/aedfa18944cc4355ab8cbaedf6540575/element/f.694E2BBF071ECDE7169F205C0A1B1FBC.d.7131E00B1EC6457E556844BA387CE93D.e.13989/clear - {}
RESULT: {}
COMMAND: POST /session/aedfa18944cc4355ab8cbaedf6540575/element/f.694E2BBF071ECDE7169F205C0A1B1FBC.d.7131E00B1EC6457E556844BA387CE93D.e.13989/value - {"text":"WebdriverYardd46ad"}
COMMAND: GET /session/aedfa18944cc4355ab8cbaedf6540575/screenshot - {}
RESULT: {"text":"WebdriverYardd46ad"}
COMMAND: POST /session/aedfa18944cc4355ab8cbaedf6540575/element - {"using":"xpath","value":"//*[@id=\"application-manageyards-display-component---NewYard--addressDetailDetailsLanguage-inner\"]"}
COMMAND: GET /session/aedfa18944cc4355ab8cbaedf6540575/screenshot - {}
RESULT: {}
RESULT: {"using":"xpath","value":"//*[@id=\"application-manageyards-display-component---NewYard--addressDetailDetailsLanguage-inner\"]"}
COMMAND: POST /session/aedfa18944cc4355ab8cbaedf6540575/element/f.694E2BBF071ECDE7169F205C0A1B1FBC.d.7131E00B1EC6457E556844BA387CE93D.e.13990/clear - {}
RESULT: {}
RESULT: {}
COMMAND: POST /session/aedfa18944cc4355ab8cbaedf6540575/element/f.694E2BBF071ECDE7169F205C0A1B1FBC.d.7131E00B1EC6457E556844BA387CE93D.e.13990/value - {"text":"Romanian"}
COMMAND: GET /session/aedfa18944cc4355ab8cbaedf6540575/screenshot - {}
RESULT: {"text":"Romanian"}
COMMAND: POST /session/aedfa18944cc4355ab8cbaedf6540575/element - {"using":"xpath","value":"//input[contains(@id ,\"application-manageyards-display-component---NewYard--addressDetailDetailsName1-inner\")]"}
COMMAND: GET /session/aedfa18944cc4355ab8cbaedf6540575/screenshot - {}
RESULT: {}
RESULT: {"using":"xpath","value":"//input[contains(@id ,\"application-manageyards-display-component---NewYard--addressDetailDetailsName1-inner\")]"}
COMMAND: GET /session/aedfa18944cc4355ab8cbaedf6540575/element/f.694E2BBF071ECDE7169F205C0A1B1FBC.d.7131E00B1EC6457E556844BA387CE93D.e.13989/property/value - {}
RESULT: {}
RESULT: {}
COMMAND: GET /session/aedfa18944cc4355ab8cbaedf6540575/screenshot - {}
RESULT: {}
COMMAND: POST /session/aedfa18944cc4355ab8cbaedf6540575/element - {"using":"xpath","value":"//*[@id=\"application-manageyards-display-component---NewYard--addressDetailDetailsCity1-inner\"]"}
RESULT: {"using":"xpath","value":"//*[@id=\"application-manageyards-display-component---NewYard--addressDetailDetailsCity1-inner\"]"}
COMMAND: POST /session/aedfa18944cc4355ab8cbaedf6540575/element/f.694E2BBF071ECDE7169F205C0A1B1FBC.d.7131E00B1EC6457E556844BA387CE93D.e.13992/clear - {}
RESULT: {}
COMMAND: POST /session/aedfa18944cc4355ab8cbaedf6540575/element/f.694E2BBF071ECDE7169F205C0A1B1FBC.d.7131E00B1EC6457E556844BA387CE93D.e.13992/value - {"text":"Bucuresti"}
COMMAND: GET /session/aedfa18944cc4355ab8cbaedf6540575/screenshot - {}
RESULT: {"text":"Bucuresti"}
COMMAND: GET /session/aedfa18944cc4355ab8cbaedf6540575/screenshot - {}
RESULT: {}
RESULT: {}
COMMAND: POST /session/aedfa18944cc4355ab8cbaedf6540575/element - {"using":"xpath","value":"//*[@id=\"application-manageyards-display-component---NewYard--addressDetailDetailsCountry-inner\"]"}
RESULT: {"using":"xpath","value":"//*[@id=\"application-manageyards-display-component---NewYard--addressDetailDetailsCountry-inner\"]"}
COMMAND: POST /session/aedfa18944cc4355ab8cbaedf6540575/element/f.694E2BBF071ECDE7169F205C0A1B1FBC.d.7131E00B1EC6457E556844BA387CE93D.e.13996/clear - {}
RESULT: {}
COMMAND: POST /session/aedfa18944cc4355ab8cbaedf6540575/element/f.694E2BBF071ECDE7169F205C0A1B1FBC.d.7131E00B1EC6457E556844BA387CE93D.e.13996/value - {"text":"Romania"}
COMMAND: GET /session/aedfa18944cc4355ab8cbaedf6540575/screenshot - {}
RESULT: {"text":"Romania"}
COMMAND: GET /session/aedfa18944cc4355ab8cbaedf6540575/screenshot - {}
RESULT: {}
RESULT: {}
COMMAND: POST /session/aedfa18944cc4355ab8cbaedf6540575/element - {"using":"xpath","value":"//div[contains(text(), \"Commercial\")]"}
RESULT: {"using":"xpath","value":"//div[contains(text(), \"Commercial\")]"}
COMMAND: GET /session/aedfa18944cc4355ab8cbaedf6540575/element/f.694E2BBF071ECDE7169F205C0A1B1FBC.d.7131E00B1EC6457E556844BA387CE93D.e.14183/rect - {}
RESULT: {}
COMMAND: GET /session/aedfa18944cc4355ab8cbaedf6540575/window/rect - {}
RESULT: {}
COMMAND: POST /session/aedfa18944cc4355ab8cbaedf6540575/execute/sync - {"script":"<script> [92 bytes]","args":[]}
RESULT: {"script":"<script> [92 bytes]","args":[]}
COMMAND: POST /session/aedfa18944cc4355ab8cbaedf6540575/actions - {"actions":[{"id":"action34","type":"wheel","parameters":{},"actions":[{"type":"scroll","x":-2325,"y":-44,"deltaX":0,"deltaY":0,"duration":0,"origin":{"element-6066-11e4-a52e-4f735466cecf":"f.694E2BBF071ECDE7169F205C0A1B1FBC.d.7131E00B1EC6457E556844BA387CE93D.e.14183"}}]}]}
COMMAND: GET /session/aedfa18944cc4355ab8cbaedf6540575/screenshot - {}
RESULT: {}
COMMAND: POST /session/aedfa18944cc4355ab8cbaedf6540575/execute/sync - {"script":"<script> [79 bytes]","args":[{"element-6066-11e4-a52e-4f735466cecf":"f.694E2BBF071ECDE7169F205C0A1B1FBC.d.7131E00B1EC6457E556844BA387CE93D.e.14183","ELEMENT":"f.694E2BBF071ECDE7169F205C0A1B1FBC.d.7131E00B1EC6457E556844BA387CE93D.e.14183"},{"block":"start","inline":"nearest"}]}
RESULT: {"script":"<script> [79 bytes]","args":[{"element-6066-11e4-a52e-4f735466cecf":"f.694E2BBF071ECDE7169F205C0A1B1FBC.d.7131E00B1EC6457E556844BA387CE93D.e.14183","ELEMENT":"f.694E2BBF071ECDE7169F205C0A1B1FBC.d.7131E00B1EC6457E556844BA387CE93D.e.14183"},{"block":"start","inline":"nearest"}]}
COMMAND: GET /session/aedfa18944cc4355ab8cbaedf6540575/screenshot - {}
RESULT: {}
COMMAND: POST /session/aedfa18944cc4355ab8cbaedf6540575/execute/async - {"script":"<script> [1562 bytes]","args":[{"selector":{"id":"application-manageyards-display-component---NewYard--addressEditDetailsCostObjectCstType-arrow"},"wdio_ui5_key":"applicationmanageyards-display-component---NewYard--addressEditDetailsCostObjectCstType-arrow"}]}
RESULT: {"script":"<script> [1562 bytes]","args":[{"selector":{"id":"application-manageyards-display-component---NewYard--addressEditDetailsCostObjectCstType-arrow"},"wdio_ui5_key":"applicationmanageyards-display-component---NewYard--addressEditDetailsCostObjectCstType-arrow"}]}
RESULT: undefined
COMMAND: POST /session/aedfa18944cc4355ab8cbaedf6540575/element - {"using":"xpath","value":"//*[@id=\"application-manageyards-display-component---NewYard--addressEditDetailsCostObjectCstType-arrow\"]"}
RESULT: {"using":"xpath","value":"//*[@id=\"application-manageyards-display-component---NewYard--addressEditDetailsCostObjectCstType-arrow\"]"}
COMMAND: POST /session/aedfa18944cc4355ab8cbaedf6540575/element/f.694E2BBF071ECDE7169F205C0A1B1FBC.d.7131E00B1EC6457E556844BA387CE93D.e.14191/click - {}
RESULT: {}
COMMAND: POST /session/aedfa18944cc4355ab8cbaedf6540575/element - {"using":"xpath","value":"//span[contains(text(), \"Cost Center\")]"}
COMMAND: GET /session/aedfa18944cc4355ab8cbaedf6540575/screenshot - {}
RESULT: {"using":"xpath","value":"//span[contains(text(), \"Cost Center\")]"}
COMMAND: POST /session/aedfa18944cc4355ab8cbaedf6540575/element/f.694E2BBF071ECDE7169F205C0A1B1FBC.d.7131E00B1EC6457E556844BA387CE93D.e.14192/click - {}
RESULT: {}
RESULT: {}
COMMAND: GET /session/aedfa18944cc4355ab8cbaedf6540575/screenshot - {}
RESULT: {}
COMMAND: POST /session/aedfa18944cc4355ab8cbaedf6540575/execute/async - {"script":"<script> [1562 bytes]","args":[{"selector":{"id":"application-manageyards-display-component---NewYard--addressNewCostObjectCstID-vhi"},"wdio_ui5_key":"applicationmanageyards-display-component---NewYard--addressNewCostObjectCstID-vhi"}]}
RESULT: {"script":"<script> [1562 bytes]","args":[{"selector":{"id":"application-manageyards-display-component---NewYard--addressNewCostObjectCstID-vhi"},"wdio_ui5_key":"applicationmanageyards-display-component---NewYard--addressNewCostObjectCstID-vhi"}]}
RESULT: undefined
COMMAND: POST /session/aedfa18944cc4355ab8cbaedf6540575/element - {"using":"xpath","value":"//*[@id=\"application-manageyards-display-component---NewYard--addressNewCostObjectCstID-vhi\"]"}
RESULT: {"using":"xpath","value":"//*[@id=\"application-manageyards-display-component---NewYard--addressNewCostObjectCstID-vhi\"]"}
COMMAND: POST /session/aedfa18944cc4355ab8cbaedf6540575/element/f.694E2BBF071ECDE7169F205C0A1B1FBC.d.7131E00B1EC6457E556844BA387CE93D.e.14195/click - {}
RESULT: {}
COMMAND: GET /session/aedfa18944cc4355ab8cbaedf6540575/screenshot - {}
RESULT: {}
COMMAND: POST /session/aedfa18944cc4355ab8cbaedf6540575/execute/async - {"script":"<script> [1562 bytes]","args":[{"selector":{"controlType":"sap.m.SearchField","properties":{"placeholder":"Search"},"searchOpenDialogs":true,"interaction":{"idSuffix":"I"}},"wdio_ui5_key":"sapm.SearchField{\"placeholder\":\"Search\"}"}]}
RESULT: {"script":"<script> [1562 bytes]","args":[{"selector":{"controlType":"sap.m.SearchField","properties":{"placeholder":"Search"},"searchOpenDialogs":true,"interaction":{"idSuffix":"I"}},"wdio_ui5_key":"sapm.SearchField{\"placeholder\":\"Search\"}"}]}
RESULT: undefined
COMMAND: POST /session/aedfa18944cc4355ab8cbaedf6540575/execute/async - {"script":"<script> [776 bytes]","args":[{"enterText":"10001013","selector":{"controlType":"sap.m.SearchField","properties":{"placeholder":"Search"},"searchOpenDialogs":true,"interaction":{"idSuffix":"I"}},"clearTextFirst":true,"interactionType":"ENTER_TEXT"}]}
RESULT: {"script":"<script> [776 bytes]","args":[{"enterText":"10001013","selector":{"controlType":"sap.m.SearchField","properties":{"placeholder":"Search"},"searchOpenDialogs":true,"interaction":{"idSuffix":"I"}},"clearTextFirst":true,"interactionType":"ENTER_TEXT"}]}
COMMAND: POST /session/aedfa18944cc4355ab8cbaedf6540575/actions - {"actions":[{"id":"action35","type":"key","parameters":{},"actions":[{"type":"keyDown","value":""},{"type":"pause","duration":10},{"type":"keyUp","value":""}]}]}
RESULT: {"actions":[{"id":"action35","type":"key","parameters":{},"actions":[{"type":"keyDown","value":""},{"type":"pause","duration":10},{"type":"keyUp","value":""}]}]}
COMMAND: GET /session/aedfa18944cc4355ab8cbaedf6540575/screenshot - {}
RESULT: {}
COMMAND: POST /session/aedfa18944cc4355ab8cbaedf6540575/element - {"using":"xpath","value":"//span[contains(text(), \"General Management\")]"}
RESULT: {"using":"xpath","value":"//span[contains(text(), \"General Management\")]"}
COMMAND: POST /session/aedfa18944cc4355ab8cbaedf6540575/element/f.694E2BBF071ECDE7169F205C0A1B1FBC.d.7131E00B1EC6457E556844BA387CE93D.e.14235/click - {}
RESULT: {}
COMMAND: GET /session/aedfa18944cc4355ab8cbaedf6540575/screenshot - {}
RESULT: {}
COMMAND: POST /session/aedfa18944cc4355ab8cbaedf6540575/element - {"using":"xpath","value":"//bdi[contains(text(), \"OK\")]"}
RESULT: {"using":"xpath","value":"//bdi[contains(text(), \"OK\")]"}
COMMAND: POST /session/aedfa18944cc4355ab8cbaedf6540575/element/f.694E2BBF071ECDE7169F205C0A1B1FBC.d.7131E00B1EC6457E556844BA387CE93D.e.14236/click - {}
RESULT: {}
COMMAND: GET /session/aedfa18944cc4355ab8cbaedf6540575/screenshot - {}
RESULT: {}
COMMAND: POST /session/aedfa18944cc4355ab8cbaedf6540575/execute/async - {"script":"<script> [1562 bytes]","args":[{"selector":{"controlType":"sap.m.Button","viewName":"etm.portal.ui.manageyards.view.New","viewId":"application-manageyards-display-component---NewYard","i18NText":{"propertyName":"text","key":"save"},"interaction":{"idSuffix":"inner"}},"wdio_ui5_key":"etmportal.ui.manageyards.view.Newsap.m.Button{\"propertyName\":\"text\",\"key\":\"save\"}"}]}
RESULT: {"script":"<script> [1562 bytes]","args":[{"selector":{"controlType":"sap.m.Button","viewName":"etm.portal.ui.manageyards.view.New","viewId":"application-manageyards-display-component---NewYard","i18NText":{"propertyName":"text","key":"save"},"interaction":{"idSuffix":"inner"}},"wdio_ui5_key":"etmportal.ui.manageyards.view.Newsap.m.Button{\"propertyName\":\"text\",\"key\":\"save\"}"}]}
RESULT: undefined
COMMAND: POST /session/aedfa18944cc4355ab8cbaedf6540575/element - {"using":"xpath","value":"//*[@id=\"__button18\"]"}
RESULT: {"using":"xpath","value":"//*[@id=\"__button18\"]"}
COMMAND: POST /session/aedfa18944cc4355ab8cbaedf6540575/element/f.694E2BBF071ECDE7169F205C0A1B1FBC.d.7131E00B1EC6457E556844BA387CE93D.e.14168/click - {}
RESULT: {}
COMMAND: GET /session/aedfa18944cc4355ab8cbaedf6540575/screenshot - {}
RESULT: {}
COMMAND: POST /session/aedfa18944cc4355ab8cbaedf6540575/element - {"using":"xpath","value":"//header/div/div[2]/div[2]/span"}
RESULT: {"using":"xpath","value":"//header/div/div[2]/div[2]/span"}
COMMAND: GET /session/aedfa18944cc4355ab8cbaedf6540575/element/f.694E2BBF071ECDE7169F205C0A1B1FBC.d.7131E00B1EC6457E556844BA387CE93D.e.14394/text - {}
RESULT: {}
COMMAND: POST /session/aedfa18944cc4355ab8cbaedf6540575/execute/async - {"script":"<script> [1562 bytes]","args":[{"selector":{"controlType":"sap.m.OverflowToolbarButton","viewName":"etm.portal.ui.manageyards.view.Detail","viewId":"application-manageyards-display-component---detailYard","i18NText":{"propertyName":"tooltip","key":"closeColumn"},"interaction":{"idSuffix":"inner"}},"wdio_ui5_key":"etmportal.ui.manageyards.view.Detailsap.m.OverflowToolbarButton{\"propertyName\":\"tooltip\",\"key\":\"closeColumn\"}"}]}
RESULT: {"script":"<script> [1562 bytes]","args":[{"selector":{"controlType":"sap.m.OverflowToolbarButton","viewName":"etm.portal.ui.manageyards.view.Detail","viewId":"application-manageyards-display-component---detailYard","i18NText":{"propertyName":"tooltip","key":"closeColumn"},"interaction":{"idSuffix":"inner"}},"wdio_ui5_key":"etmportal.ui.manageyards.view.Detailsap.m.OverflowToolbarButton{\"propertyName\":\"tooltip\",\"key\":\"closeColumn\"}"}]}
RESULT: undefined
COMMAND: POST /session/aedfa18944cc4355ab8cbaedf6540575/element - {"using":"xpath","value":"//*[@id=\"__button42\"]"}
RESULT: {"using":"xpath","value":"//*[@id=\"__button42\"]"}
COMMAND: POST /session/aedfa18944cc4355ab8cbaedf6540575/element/f.694E2BBF071ECDE7169F205C0A1B1FBC.d.7131E00B1EC6457E556844BA387CE93D.e.14396/click - {}
RESULT: {}
COMMAND: GET /session/aedfa18944cc4355ab8cbaedf6540575/screenshot - {}
RESULT: {}
COMMAND: POST /session/aedfa18944cc4355ab8cbaedf6540575/element - {"using":"css selector","value":"#shell-header-logo"}
RESULT: {"using":"css selector","value":"#shell-header-logo"}
COMMAND: POST /session/aedfa18944cc4355ab8cbaedf6540575/element/f.694E2BBF071ECDE7169F205C0A1B1FBC.d.7131E00B1EC6457E556844BA387CE93D.e.13644/click - {}
RESULT: {}
COMMAND: GET /session/aedfa18944cc4355ab8cbaedf6540575/screenshot - {}
RESULT: {}
COMMAND: POST /session/aedfa18944cc4355ab8cbaedf6540575/refresh - {}
RESULT: {}
COMMAND: GET /session/aedfa18944cc4355ab8cbaedf6540575/screenshot - {}
RESULT: {}
COMMAND: POST /session/aedfa18944cc4355ab8cbaedf6540575/refresh - {}
RESULT: {}
COMMAND: GET /session/aedfa18944cc4355ab8cbaedf6540575/screenshot - {}
RESULT: {}
COMMAND: POST /session/aedfa18944cc4355ab8cbaedf6540575/execute/async - {"script":"<script> [189 bytes]","args":[]}
RESULT: {"script":"<script> [189 bytes]","args":[]}
COMMAND: POST /session/aedfa18944cc4355ab8cbaedf6540575/execute/async - {"script":"<script> [123 bytes]","args":[]}
RESULT: {"script":"<script> [123 bytes]","args":[]}
COMMAND: POST /session/aedfa18944cc4355ab8cbaedf6540575/timeouts - {"script":"<number>"}
RESULT: {"script":"<number>"}
COMMAND: GET /session/aedfa18944cc4355ab8cbaedf6540575/timeouts - {}
RESULT: {}
RESULT: undefined
COMMAND: POST /session/aedfa18944cc4355ab8cbaedf6540575/execute/async - {"script":"<script> [2676 bytes]","args":[]}
RESULT: {"script":"<script> [2676 bytes]","args":[]}
COMMAND: POST /session/aedfa18944cc4355ab8cbaedf6540575/execute/async - {"script":"<script> [2342 bytes]","args":[{"protocol":"http","hostname":"0.0.0.0","path":"/","capabilities":{"browserName":"chrome","goog:chromeOptions":{"binary":"C:\\Program Files\\Google\\Chrome\\Application\\chrome.exe","args":["--force-device-scale-factor=0.8","--start-maximized"]}},"logLevel":"warn","connectionRetryTimeout":120000,"connectionRetryCount":3,"logLevels":{},"enableDirectConnect":true,"strictSSL":true,"_":"65 more keys: [\"cacheDir\",\"port\",\"requestedCapabilities\",\"automationProtocol\",\"baseUrl\",\"waitforInterval\",\"waitforTimeout\",\"onReload\",\"beforeCommand\",\"afterCommand\",\"rootDir\",\"specs\",\"suites\",\"exclude\",\"groupLogsByTestSpec\",\"excludeDriverLogs\",\"bail\",\"framework\",\"reporters\",\"services\",\"maxInstances\",\"maxInstancesPerCapability\",\"injectGlobals\",\"filesToWatch\",\"execArgv\",\"runnerEnv\",\"runner\",\"shard\",\"specFileRetries\",\"specFileRetriesDelay\",\"specFileRetriesDeferred\",\"reporterSyncInterval\",\"reporterSyncTimeout\",\"cucumberFeaturesWithLineNumbers\",\"autoCompileOpts\",\"mochaOpts\",\"jasmineOpts\",\"cucumberOpts\",\"onPrepare\",\"onWorkerStart\",\"onWorkerEnd\",\"before\",\"beforeSession\",\"beforeSuite\",\"beforeHook\",\"beforeTest\",\"afterTest\",\"afterHook\",\"afterSuite\",\"afterSession\",\"after\",\"onComplete\",\"beforeAssertion\",\"afterAssertion\",\"beforeFeature\",\"beforeScenario\",\"beforeStep\",\"afterStep\",\"afterScenario\",\"afterFeature\",\"_\",\"suite\",\"$0\",\"ignoredWorkerServices\",\"wdi5\"]"}]}
RESULT: {"script":"<script> [2342 bytes]","args":[{"protocol":"http","hostname":"0.0.0.0","path":"/","capabilities":{"browserName":"chrome","goog:chromeOptions":{"binary":"C:\\Program Files\\Google\\Chrome\\Application\\chrome.exe","args":["--force-device-scale-factor=0.8","--start-maximized"]}},"logLevel":"warn","connectionRetryTimeout":120000,"connectionRetryCount":3,"logLevels":{},"enableDirectConnect":true,"strictSSL":true,"_":"65 more keys: [\"cacheDir\",\"port\",\"requestedCapabilities\",\"automationProtocol\",\"baseUrl\",\"waitforInterval\",\"waitforTimeout\",\"onReload\",\"beforeCommand\",\"afterCommand\",\"rootDir\",\"specs\",\"suites\",\"exclude\",\"groupLogsByTestSpec\",\"excludeDriverLogs\",\"bail\",\"framework\",\"reporters\",\"services\",\"maxInstances\",\"maxInstancesPerCapability\",\"injectGlobals\",\"filesToWatch\",\"execArgv\",\"runnerEnv\",\"runner\",\"shard\",\"specFileRetries\",\"specFileRetriesDelay\",\"specFileRetriesDeferred\",\"reporterSyncInterval\",\"reporterSyncTimeout\",\"cucumberFeaturesWithLineNumbers\",\"autoCompileOpts\",\"mochaOpts\",\"jasmineOpts\",\"cucumberOpts\",\"onPrepare\",\"onWorkerStart\",\"onWorkerEnd\",\"before\",\"beforeSession\",\"beforeSuite\",\"beforeHook\",\"beforeTest\",\"afterTest\",\"afterHook\",\"afterSuite\",\"afterSession\",\"after\",\"onComplete\",\"beforeAssertion\",\"afterAssertion\",\"beforeFeature\",\"beforeScenario\",\"beforeStep\",\"afterStep\",\"afterScenario\",\"afterFeature\",\"_\",\"suite\",\"$0\",\"ignoredWorkerServices\",\"wdi5\"]"}]}
COMMAND: POST /session/aedfa18944cc4355ab8cbaedf6540575/execute/async - {"script":"<script> [21126 bytes]","args":[35000]}
RESULT: {"script":"<script> [21126 bytes]","args":[35000]}
COMMAND: POST /session/aedfa18944cc4355ab8cbaedf6540575/execute/async - {"script":"<script> [1562 bytes]","args":[{"selector":{"controlType":"sap.m.GenericTile","properties":{"header":"Manage Partners"}},"wdio_ui5_key":"sapm.GenericTile{\"header\":\"Manage Partners\"}"}]}
RESULT: {"script":"<script> [1562 bytes]","args":[{"selector":{"controlType":"sap.m.GenericTile","properties":{"header":"Manage Partners"}},"wdio_ui5_key":"sapm.GenericTile{\"header\":\"Manage Partners\"}"}]}
RESULT: undefined
COMMAND: POST /session/aedfa18944cc4355ab8cbaedf6540575/element - {"using":"xpath","value":"//*[@id=\"__tile49\"]"}
RESULT: {"using":"xpath","value":"//*[@id=\"__tile49\"]"}
COMMAND: POST /session/aedfa18944cc4355ab8cbaedf6540575/element/f.694E2BBF071ECDE7169F205C0A1B1FBC.d.4AEE8AD394FFAFA577E57E798E2843A1.e.14838/click - {}
RESULT: {}
COMMAND: GET /session/aedfa18944cc4355ab8cbaedf6540575/screenshot - {}
RESULT: {}
COMMAND: POST /session/aedfa18944cc4355ab8cbaedf6540575/execute/async - {"script":"<script> [1562 bytes]","args":[{"selector":{"controlType":"sap.ui.core.Icon","viewName":"etm.portal.ui.managepartners.view.Master","viewId":"application-managepartners-display-component---masterPtm","properties":{"src":{"regex":{"source":"add"}}}},"wdio_ui5_key":"etmportal.ui.managepartners.view.Mastersap.ui.core.Icon{\"src\":{\"regex\":{\"source\":\"add\"}}}"}]}
RESULT: {"script":"<script> [1562 bytes]","args":[{"selector":{"controlType":"sap.ui.core.Icon","viewName":"etm.portal.ui.managepartners.view.Master","viewId":"application-managepartners-display-component---masterPtm","properties":{"src":{"regex":{"source":"add"}}}},"wdio_ui5_key":"etmportal.ui.managepartners.view.Mastersap.ui.core.Icon{\"src\":{\"regex\":{\"source\":\"add\"}}}"}]}
RESULT: undefined
COMMAND: POST /session/aedfa18944cc4355ab8cbaedf6540575/element - {"using":"xpath","value":"//*[@id=\"__button4-img\"]"}
RESULT: {"using":"xpath","value":"//*[@id=\"__button4-img\"]"}
COMMAND: POST /session/aedfa18944cc4355ab8cbaedf6540575/element/f.694E2BBF071ECDE7169F205C0A1B1FBC.d.4AEE8AD394FFAFA577E57E798E2843A1.e.14887/click - {}
RESULT: {}
COMMAND: GET /session/aedfa18944cc4355ab8cbaedf6540575/screenshot - {}
RESULT: {}
COMMAND: POST /session/aedfa18944cc4355ab8cbaedf6540575/execute/async - {"script":"<script> [1562 bytes]","args":[{"selector":{"id":"application-managepartners-display-component---NewPartner--partnerId","interaction":{"idSuffix":"inner"}},"wdio_ui5_key":"applicationmanagepartners-display-component---NewPartner--partnerId"}]}
RESULT: {"script":"<script> [1562 bytes]","args":[{"selector":{"id":"application-managepartners-display-component---NewPartner--partnerId","interaction":{"idSuffix":"inner"}},"wdio_ui5_key":"applicationmanagepartners-display-component---NewPartner--partnerId"}]}
RESULT: undefined
COMMAND: POST /session/aedfa18944cc4355ab8cbaedf6540575/execute/async - {"script":"<script> [1562 bytes]","args":[{"selector":{"id":"application-managepartners-display-component---NewPartner--addressDetailDetailsName1","interaction":{"idSuffix":"inner"}},"wdio_ui5_key":"applicationmanagepartners-display-component---NewPartner--addressDetailDetailsName1"}]}
RESULT: {"script":"<script> [1562 bytes]","args":[{"selector":{"id":"application-managepartners-display-component---NewPartner--addressDetailDetailsName1","interaction":{"idSuffix":"inner"}},"wdio_ui5_key":"applicationmanagepartners-display-component---NewPartner--addressDetailDetailsName1"}]}
RESULT: undefined
COMMAND: POST /session/aedfa18944cc4355ab8cbaedf6540575/execute/async - {"script":"<script> [776 bytes]","args":[{"enterText":"WebdriverPartnerjlusv","selector":{"id":"application-managepartners-display-component---NewPartner--addressDetailDetailsName1","interaction":{"idSuffix":"inner"}},"clearTextFirst":true,"interactionType":"ENTER_TEXT"}]}
RESULT: {"script":"<script> [776 bytes]","args":[{"enterText":"WebdriverPartnerjlusv","selector":{"id":"application-managepartners-display-component---NewPartner--addressDetailDetailsName1","interaction":{"idSuffix":"inner"}},"clearTextFirst":true,"interactionType":"ENTER_TEXT"}]}
COMMAND: POST /session/aedfa18944cc4355ab8cbaedf6540575/execute/async - {"script":"<script> [1562 bytes]","args":[{"selector":{"id":"application-managepartners-display-component---NewPartner--addressDetailDetailsLanguage","interaction":{"idSuffix":"inner"}},"wdio_ui5_key":"applicationmanagepartners-display-component---NewPartner--addressDetailDetailsLanguage"}]}
RESULT: {"script":"<script> [1562 bytes]","args":[{"selector":{"id":"application-managepartners-display-component---NewPartner--addressDetailDetailsLanguage","interaction":{"idSuffix":"inner"}},"wdio_ui5_key":"applicationmanagepartners-display-component---NewPartner--addressDetailDetailsLanguage"}]}
RESULT: undefined
COMMAND: POST /session/aedfa18944cc4355ab8cbaedf6540575/execute/async - {"script":"<script> [776 bytes]","args":[{"enterText":"Romanian","selector":{"id":"application-managepartners-display-component---NewPartner--addressDetailDetailsLanguage","interaction":{"idSuffix":"inner"}},"clearTextFirst":true,"interactionType":"ENTER_TEXT"}]}
RESULT: {"script":"<script> [776 bytes]","args":[{"enterText":"Romanian","selector":{"id":"application-managepartners-display-component---NewPartner--addressDetailDetailsLanguage","interaction":{"idSuffix":"inner"}},"clearTextFirst":true,"interactionType":"ENTER_TEXT"}]}
COMMAND: POST /session/aedfa18944cc4355ab8cbaedf6540575/element - {"using":"xpath","value":"//input[contains(@id ,\"application-managepartners-display-component---NewPartner--addressDetailDetailsName1-inner\")]"}
RESULT: {"using":"xpath","value":"//input[contains(@id ,\"application-managepartners-display-component---NewPartner--addressDetailDetailsName1-inner\")]"}
COMMAND: GET /session/aedfa18944cc4355ab8cbaedf6540575/element/f.694E2BBF071ECDE7169F205C0A1B1FBC.d.4AEE8AD394FFAFA577E57E798E2843A1.e.15168/property/value - {}
RESULT: {}
COMMAND: POST /session/aedfa18944cc4355ab8cbaedf6540575/execute/async - {"script":"<script> [1562 bytes]","args":[{"selector":{"id":"application-managepartners-display-component---NewPartner--addressDetailDetailsCity1","interaction":{"idSuffix":"inner"}},"wdio_ui5_key":"applicationmanagepartners-display-component---NewPartner--addressDetailDetailsCity1"}]}
COMMAND: GET /session/aedfa18944cc4355ab8cbaedf6540575/screenshot - {}
RESULT: {"script":"<script> [1562 bytes]","args":[{"selector":{"id":"application-managepartners-display-component---NewPartner--addressDetailDetailsCity1","interaction":{"idSuffix":"inner"}},"wdio_ui5_key":"applicationmanagepartners-display-component---NewPartner--addressDetailDetailsCity1"}]}
RESULT: undefined
COMMAND: POST /session/aedfa18944cc4355ab8cbaedf6540575/execute/async - {"script":"<script> [776 bytes]","args":[{"enterText":"Bucharest","selector":{"id":"application-managepartners-display-component---NewPartner--addressDetailDetailsCity1","interaction":{"idSuffix":"inner"}},"clearTextFirst":true,"interactionType":"ENTER_TEXT"}]}
RESULT: {}
RESULT: {"script":"<script> [776 bytes]","args":[{"enterText":"Bucharest","selector":{"id":"application-managepartners-display-component---NewPartner--addressDetailDetailsCity1","interaction":{"idSuffix":"inner"}},"clearTextFirst":true,"interactionType":"ENTER_TEXT"}]}
COMMAND: POST /session/aedfa18944cc4355ab8cbaedf6540575/execute/async - {"script":"<script> [1562 bytes]","args":[{"selector":{"id":"application-managepartners-display-component---NewPartner--addressDetailDetailsCountry","interaction":{"idSuffix":"inner"}},"wdio_ui5_key":"applicationmanagepartners-display-component---NewPartner--addressDetailDetailsCountry"}]}
RESULT: {"script":"<script> [1562 bytes]","args":[{"selector":{"id":"application-managepartners-display-component---NewPartner--addressDetailDetailsCountry","interaction":{"idSuffix":"inner"}},"wdio_ui5_key":"applicationmanagepartners-display-component---NewPartner--addressDetailDetailsCountry"}]}
RESULT: undefined
COMMAND: POST /session/aedfa18944cc4355ab8cbaedf6540575/execute/async - {"script":"<script> [6424 bytes]","args":[{"element-6066-11e4-a52e-4f735466cecf":"f.694E2BBF071ECDE7169F205C0A1B1FBC.d.4AEE8AD394FFAFA577E57E798E2843A1.e.15175"},"setValue",["Romania"]]}
RESULT: {"script":"<script> [6424 bytes]","args":[{"element-6066-11e4-a52e-4f735466cecf":"f.694E2BBF071ECDE7169F205C0A1B1FBC.d.4AEE8AD394FFAFA577E57E798E2843A1.e.15175"},"setValue",["Romania"]]}
COMMAND: POST /session/aedfa18944cc4355ab8cbaedf6540575/execute/async - {"script":"<script> [1562 bytes]","args":[{"selector":{"id":"application-managepartners-display-component---NewPartner--partnerDetailInternal","interaction":{"idSuffix":"inner"}},"wdio_ui5_key":"applicationmanagepartners-display-component---NewPartner--partnerDetailInternal"}]}
RESULT: {"script":"<script> [1562 bytes]","args":[{"selector":{"id":"application-managepartners-display-component---NewPartner--partnerDetailInternal","interaction":{"idSuffix":"inner"}},"wdio_ui5_key":"applicationmanagepartners-display-component---NewPartner--partnerDetailInternal"}]}
RESULT: undefined
COMMAND: POST /session/aedfa18944cc4355ab8cbaedf6540575/execute/async - {"script":"<script> [776 bytes]","args":[{"enterText":"External partner","selector":{"id":"application-managepartners-display-component---NewPartner--partnerDetailInternal","interaction":{"idSuffix":"inner"}},"clearTextFirst":true,"interactionType":"ENTER_TEXT"}]}
RESULT: {"script":"<script> [776 bytes]","args":[{"enterText":"External partner","selector":{"id":"application-managepartners-display-component---NewPartner--partnerDetailInternal","interaction":{"idSuffix":"inner"}},"clearTextFirst":true,"interactionType":"ENTER_TEXT"}]}
COMMAND: POST /session/aedfa18944cc4355ab8cbaedf6540575/execute/async - {"script":"<script> [1562 bytes]","args":[{"selector":{"id":"application-managepartners-display-component---NewPartner--partnerDetailsCurrency","interaction":{"idSuffix":"inner"}},"wdio_ui5_key":"applicationmanagepartners-display-component---NewPartner--partnerDetailsCurrency"}]}
RESULT: {"script":"<script> [1562 bytes]","args":[{"selector":{"id":"application-managepartners-display-component---NewPartner--partnerDetailsCurrency","interaction":{"idSuffix":"inner"}},"wdio_ui5_key":"applicationmanagepartners-display-component---NewPartner--partnerDetailsCurrency"}]}
RESULT: undefined
COMMAND: POST /session/aedfa18944cc4355ab8cbaedf6540575/execute/async - {"script":"<script> [776 bytes]","args":[{"enterText":"Euro","selector":{"id":"application-managepartners-display-component---NewPartner--partnerDetailsCurrency","interaction":{"idSuffix":"inner"}},"clearTextFirst":true,"interactionType":"ENTER_TEXT"}]}
RESULT: {"script":"<script> [776 bytes]","args":[{"enterText":"Euro","selector":{"id":"application-managepartners-display-component---NewPartner--partnerDetailsCurrency","interaction":{"idSuffix":"inner"}},"clearTextFirst":true,"interactionType":"ENTER_TEXT"}]}
COMMAND: POST /session/aedfa18944cc4355ab8cbaedf6540575/execute/async - {"script":"<script> [1562 bytes]","args":[{"selector":{"controlType":"sap.m.Button","viewName":"etm.portal.ui.managepartners.view.NewPartner","viewId":"application-managepartners-display-component---NewPartner","properties":{"text":"Commercial"},"interaction":{"idSuffix":"BDI-content"}},"wdio_ui5_key":"etmportal.ui.managepartners.view.NewPartnersap.m.Button{\"text\":\"Commercial\"}"}]}
RESULT: {"script":"<script> [1562 bytes]","args":[{"selector":{"controlType":"sap.m.Button","viewName":"etm.portal.ui.managepartners.view.NewPartner","viewId":"application-managepartners-display-component---NewPartner","properties":{"text":"Commercial"},"interaction":{"idSuffix":"BDI-content"}},"wdio_ui5_key":"etmportal.ui.managepartners.view.NewPartnersap.m.Button{\"text\":\"Commercial\"}"}]}
RESULT: undefined
COMMAND: POST /session/aedfa18944cc4355ab8cbaedf6540575/element - {"using":"xpath","value":"//*[@id=\"application-managepartners-display-component---NewPartner--ObjectPageLayout-anchBar-__section5-anchor\"]"}
RESULT: {"using":"xpath","value":"//*[@id=\"application-managepartners-display-component---NewPartner--ObjectPageLayout-anchBar-__section5-anchor\"]"}
COMMAND: POST /session/aedfa18944cc4355ab8cbaedf6540575/element/f.694E2BBF071ECDE7169F205C0A1B1FBC.d.4AEE8AD394FFAFA577E57E798E2843A1.e.15431/click - {}
RESULT: {}
COMMAND: GET /session/aedfa18944cc4355ab8cbaedf6540575/screenshot - {}
RESULT: {}
COMMAND: POST /session/aedfa18944cc4355ab8cbaedf6540575/execute/async - {"script":"<script> [1562 bytes]","args":[{"selector":{"id":"application-managepartners-display-component---NewPartner--btnAddTableRow-img"},"wdio_ui5_key":"applicationmanagepartners-display-component---NewPartner--btnAddTableRow-img"}]}
RESULT: {"script":"<script> [1562 bytes]","args":[{"selector":{"id":"application-managepartners-display-component---NewPartner--btnAddTableRow-img"},"wdio_ui5_key":"applicationmanagepartners-display-component---NewPartner--btnAddTableRow-img"}]}
RESULT: undefined
COMMAND: POST /session/aedfa18944cc4355ab8cbaedf6540575/element - {"using":"xpath","value":"//*[@id=\"application-managepartners-display-component---NewPartner--btnAddTableRow-img\"]"}
RESULT: {"using":"xpath","value":"//*[@id=\"application-managepartners-display-component---NewPartner--btnAddTableRow-img\"]"}
COMMAND: POST /session/aedfa18944cc4355ab8cbaedf6540575/element/f.694E2BBF071ECDE7169F205C0A1B1FBC.d.4AEE8AD394FFAFA577E57E798E2843A1.e.15436/click - {}
RESULT: {}
COMMAND: POST /session/aedfa18944cc4355ab8cbaedf6540575/element - {"using":"xpath","value":"//input[contains(@id ,\"application-managepartners-display-component---NewPartner--assignmentYard-application-managepartners-display-component---NewPartner\")]"}
COMMAND: GET /session/aedfa18944cc4355ab8cbaedf6540575/screenshot - {}
RESULT: {"using":"xpath","value":"//input[contains(@id ,\"application-managepartners-display-component---NewPartner--assignmentYard-application-managepartners-display-component---NewPartner\")]"}
COMMAND: POST /session/aedfa18944cc4355ab8cbaedf6540575/element/f.694E2BBF071ECDE7169F205C0A1B1FBC.d.4AEE8AD394FFAFA577E57E798E2843A1.e.15439/clear - {}
RESULT: {}
RESULT: {}
COMMAND: POST /session/aedfa18944cc4355ab8cbaedf6540575/element/f.694E2BBF071ECDE7169F205C0A1B1FBC.d.4AEE8AD394FFAFA577E57E798E2843A1.e.15439/value - {"text":"293"}
COMMAND: GET /session/aedfa18944cc4355ab8cbaedf6540575/screenshot - {}
RESULT: {"text":"293"}
COMMAND: POST /session/aedfa18944cc4355ab8cbaedf6540575/execute/async - {"script":"<script> [1562 bytes]","args":[{"selector":{"controlType":"sap.m.Button","viewName":"etm.portal.ui.managepartners.view.NewPartner","viewId":"application-managepartners-display-component---NewPartner","i18NText":{"propertyName":"text","key":"save"},"interaction":{"idSuffix":"BDI-content"}},"wdio_ui5_key":"etmportal.ui.managepartners.view.NewPartnersap.m.Button{\"propertyName\":\"text\",\"key\":\"save\"}"}]}
COMMAND: GET /session/aedfa18944cc4355ab8cbaedf6540575/screenshot - {}
RESULT: {}
RESULT: {"script":"<script> [1562 bytes]","args":[{"selector":{"controlType":"sap.m.Button","viewName":"etm.portal.ui.managepartners.view.NewPartner","viewId":"application-managepartners-display-component---NewPartner","i18NText":{"propertyName":"text","key":"save"},"interaction":{"idSuffix":"BDI-content"}},"wdio_ui5_key":"etmportal.ui.managepartners.view.NewPartnersap.m.Button{\"propertyName\":\"text\",\"key\":\"save\"}"}]}
RESULT: undefined
COMMAND: POST /session/aedfa18944cc4355ab8cbaedf6540575/element - {"using":"xpath","value":"//*[@id=\"__button12\"]"}
RESULT: {}
RESULT: {"using":"xpath","value":"//*[@id=\"__button12\"]"}
COMMAND: POST /session/aedfa18944cc4355ab8cbaedf6540575/element/f.694E2BBF071ECDE7169F205C0A1B1FBC.d.4AEE8AD394FFAFA577E57E798E2843A1.e.15412/click - {}
RESULT: {}
COMMAND: GET /session/aedfa18944cc4355ab8cbaedf6540575/screenshot - {}
RESULT: {}
COMMAND: POST /session/aedfa18944cc4355ab8cbaedf6540575/element - {"using":"xpath","value":"//header/div/div[2]/div[2]/span"}
RESULT: {"using":"xpath","value":"//header/div/div[2]/div[2]/span"}
COMMAND: GET /session/aedfa18944cc4355ab8cbaedf6540575/element/f.694E2BBF071ECDE7169F205C0A1B1FBC.d.4AEE8AD394FFAFA577E57E798E2843A1.e.15608/text - {}
RESULT: {}
COMMAND: POST /session/aedfa18944cc4355ab8cbaedf6540575/element - {"using":"xpath","value":"//header/div/div/div/div/div/div[2]/div/span"}
RESULT: {"using":"xpath","value":"//header/div/div/div/div/div/div[2]/div/span"}
COMMAND: GET /session/aedfa18944cc4355ab8cbaedf6540575/element/f.694E2BBF071ECDE7169F205C0A1B1FBC.d.4AEE8AD394FFAFA577E57E798E2843A1.e.15609/text - {}
RESULT: {}
COMMAND: POST /session/aedfa18944cc4355ab8cbaedf6540575/execute/async - {"script":"<script> [1562 bytes]","args":[{"selector":{"id":"application-managepartners-display-component---detailPtm--partnerType"},"wdio_ui5_key":"applicationmanagepartners-display-component---detailPtm--partnerType"}]}
RESULT: {"script":"<script> [1562 bytes]","args":[{"selector":{"id":"application-managepartners-display-component---detailPtm--partnerType"},"wdio_ui5_key":"applicationmanagepartners-display-component---detailPtm--partnerType"}]}
RESULT: undefined
COMMAND: POST /session/aedfa18944cc4355ab8cbaedf6540575/execute/async - {"script":"<script> [6424 bytes]","args":[{"element-6066-11e4-a52e-4f735466cecf":"f.694E2BBF071ECDE7169F205C0A1B1FBC.d.4AEE8AD394FFAFA577E57E798E2843A1.e.15610"},"getText",[]]}
RESULT: {"script":"<script> [6424 bytes]","args":[{"element-6066-11e4-a52e-4f735466cecf":"f.694E2BBF071ECDE7169F205C0A1B1FBC.d.4AEE8AD394FFAFA577E57E798E2843A1.e.15610"},"getText",[]]}
COMMAND: POST /session/aedfa18944cc4355ab8cbaedf6540575/element - {"using":"css selector","value":"#shell-header-logo"}
RESULT: {"using":"css selector","value":"#shell-header-logo"}
COMMAND: POST /session/aedfa18944cc4355ab8cbaedf6540575/element/f.694E2BBF071ECDE7169F205C0A1B1FBC.d.4AEE8AD394FFAFA577E57E798E2843A1.e.14839/click - {}
RESULT: {}
COMMAND: GET /session/aedfa18944cc4355ab8cbaedf6540575/screenshot - {}
RESULT: {}
COMMAND: POST /session/aedfa18944cc4355ab8cbaedf6540575/execute/async - {"script":"<script> [1562 bytes]","args":[{"selector":{"controlType":"sap.m.GenericTile","properties":{"header":"Manage Sites"}},"wdio_ui5_key":"sapm.GenericTile{\"header\":\"Manage Sites\"}"}]}
RESULT: {"script":"<script> [1562 bytes]","args":[{"selector":{"controlType":"sap.m.GenericTile","properties":{"header":"Manage Sites"}},"wdio_ui5_key":"sapm.GenericTile{\"header\":\"Manage Sites\"}"}]}
RESULT: undefined
COMMAND: POST /session/aedfa18944cc4355ab8cbaedf6540575/element - {"using":"xpath","value":"//*[@id=\"__tile51\"]"}
RESULT: {"using":"xpath","value":"//*[@id=\"__tile51\"]"}
COMMAND: POST /session/aedfa18944cc4355ab8cbaedf6540575/element/f.694E2BBF071ECDE7169F205C0A1B1FBC.d.4AEE8AD394FFAFA577E57E798E2843A1.e.15612/click - {}
RESULT: {}
COMMAND: GET /session/aedfa18944cc4355ab8cbaedf6540575/screenshot - {}
RESULT: {}
COMMAND: POST /session/aedfa18944cc4355ab8cbaedf6540575/execute/async - {"script":"<script> [1562 bytes]","args":[{"selector":{"controlType":"sap.ui.core.Icon","viewName":"etm.portal.ui.managesites.view.Master","viewId":"application-managesites-display-component---masterSite","properties":{"src":{"regex":{"source":"add"}}}},"wdio_ui5_key":"etmportal.ui.managesites.view.Mastersap.ui.core.Icon{\"src\":{\"regex\":{\"source\":\"add\"}}}"}]}
RESULT: {"script":"<script> [1562 bytes]","args":[{"selector":{"controlType":"sap.ui.core.Icon","viewName":"etm.portal.ui.managesites.view.Master","viewId":"application-managesites-display-component---masterSite","properties":{"src":{"regex":{"source":"add"}}}},"wdio_ui5_key":"etmportal.ui.managesites.view.Mastersap.ui.core.Icon{\"src\":{\"regex\":{\"source\":\"add\"}}}"}]}
RESULT: undefined
COMMAND: POST /session/aedfa18944cc4355ab8cbaedf6540575/element - {"using":"xpath","value":"//*[@id=\"__button52-img\"]"}
RESULT: {"using":"xpath","value":"//*[@id=\"__button52-img\"]"}
COMMAND: POST /session/aedfa18944cc4355ab8cbaedf6540575/element/f.694E2BBF071ECDE7169F205C0A1B1FBC.d.4AEE8AD394FFAFA577E57E798E2843A1.e.15661/click - {}
RESULT: {}
COMMAND: POST /session/aedfa18944cc4355ab8cbaedf6540575/execute/async - {"script":"<script> [1562 bytes]","args":[{"selector":{"id":"application-managesites-display-component---NewSite--siteId","interaction":{"idSuffix":"inner"}},"wdio_ui5_key":"applicationmanagesites-display-component---NewSite--siteId"}]}
COMMAND: GET /session/aedfa18944cc4355ab8cbaedf6540575/screenshot - {}
RESULT: {"script":"<script> [1562 bytes]","args":[{"selector":{"id":"application-managesites-display-component---NewSite--siteId","interaction":{"idSuffix":"inner"}},"wdio_ui5_key":"applicationmanagesites-display-component---NewSite--siteId"}]}
RESULT: undefined
COMMAND: POST /session/aedfa18944cc4355ab8cbaedf6540575/execute/async - {"script":"<script> [1562 bytes]","args":[{"selector":{"id":"application-managesites-display-component---NewSite--addressDetailDetailsName1","interaction":{"idSuffix":"inner"}},"wdio_ui5_key":"applicationmanagesites-display-component---NewSite--addressDetailDetailsName1"}]}
RESULT: {}
RESULT: {"script":"<script> [1562 bytes]","args":[{"selector":{"id":"application-managesites-display-component---NewSite--addressDetailDetailsName1","interaction":{"idSuffix":"inner"}},"wdio_ui5_key":"applicationmanagesites-display-component---NewSite--addressDetailDetailsName1"}]}
RESULT: undefined
COMMAND: POST /session/aedfa18944cc4355ab8cbaedf6540575/execute/async - {"script":"<script> [776 bytes]","args":[{"enterText":"WebdriverSitenxxtyh","selector":{"id":"application-managesites-display-component---NewSite--addressDetailDetailsName1","interaction":{"idSuffix":"inner"}},"clearTextFirst":true,"interactionType":"ENTER_TEXT"}]}
RESULT: {"script":"<script> [776 bytes]","args":[{"enterText":"WebdriverSitenxxtyh","selector":{"id":"application-managesites-display-component---NewSite--addressDetailDetailsName1","interaction":{"idSuffix":"inner"}},"clearTextFirst":true,"interactionType":"ENTER_TEXT"}]}
COMMAND: POST /session/aedfa18944cc4355ab8cbaedf6540575/execute/async - {"script":"<script> [1562 bytes]","args":[{"selector":{"id":"application-managesites-display-component---NewSite--addressDetailDetailsLanguage","interaction":{"idSuffix":"inner"}},"wdio_ui5_key":"applicationmanagesites-display-component---NewSite--addressDetailDetailsLanguage"}]}
RESULT: {"script":"<script> [1562 bytes]","args":[{"selector":{"id":"application-managesites-display-component---NewSite--addressDetailDetailsLanguage","interaction":{"idSuffix":"inner"}},"wdio_ui5_key":"applicationmanagesites-display-component---NewSite--addressDetailDetailsLanguage"}]}
RESULT: undefined
COMMAND: POST /session/aedfa18944cc4355ab8cbaedf6540575/execute/async - {"script":"<script> [776 bytes]","args":[{"enterText":"Romanian","selector":{"id":"application-managesites-display-component---NewSite--addressDetailDetailsLanguage","interaction":{"idSuffix":"inner"}},"clearTextFirst":true,"interactionType":"ENTER_TEXT"}]}
RESULT: {"script":"<script> [776 bytes]","args":[{"enterText":"Romanian","selector":{"id":"application-managesites-display-component---NewSite--addressDetailDetailsLanguage","interaction":{"idSuffix":"inner"}},"clearTextFirst":true,"interactionType":"ENTER_TEXT"}]}
COMMAND: POST /session/aedfa18944cc4355ab8cbaedf6540575/execute/async - {"script":"<script> [1562 bytes]","args":[{"selector":{"id":"application-managesites-display-component---NewSite--addressDetailDetailsCity1","interaction":{"idSuffix":"inner"}},"wdio_ui5_key":"applicationmanagesites-display-component---NewSite--addressDetailDetailsCity1"}]}
RESULT: {"script":"<script> [1562 bytes]","args":[{"selector":{"id":"application-managesites-display-component---NewSite--addressDetailDetailsCity1","interaction":{"idSuffix":"inner"}},"wdio_ui5_key":"applicationmanagesites-display-component---NewSite--addressDetailDetailsCity1"}]}
RESULT: undefined
COMMAND: POST /session/aedfa18944cc4355ab8cbaedf6540575/execute/async - {"script":"<script> [776 bytes]","args":[{"enterText":"Bucharest","selector":{"id":"application-managesites-display-component---NewSite--addressDetailDetailsCity1","interaction":{"idSuffix":"inner"}},"clearTextFirst":true,"interactionType":"ENTER_TEXT"}]}
RESULT: {"script":"<script> [776 bytes]","args":[{"enterText":"Bucharest","selector":{"id":"application-managesites-display-component---NewSite--addressDetailDetailsCity1","interaction":{"idSuffix":"inner"}},"clearTextFirst":true,"interactionType":"ENTER_TEXT"}]}
COMMAND: POST /session/aedfa18944cc4355ab8cbaedf6540575/execute/async - {"script":"<script> [1562 bytes]","args":[{"selector":{"id":"application-managesites-display-component---NewSite--addressDetailDetailsCountry","interaction":{"idSuffix":"inner"}},"wdio_ui5_key":"applicationmanagesites-display-component---NewSite--addressDetailDetailsCountry"}]}
RESULT: {"script":"<script> [1562 bytes]","args":[{"selector":{"id":"application-managesites-display-component---NewSite--addressDetailDetailsCountry","interaction":{"idSuffix":"inner"}},"wdio_ui5_key":"applicationmanagesites-display-component---NewSite--addressDetailDetailsCountry"}]}
RESULT: undefined
COMMAND: POST /session/aedfa18944cc4355ab8cbaedf6540575/execute/async - {"script":"<script> [776 bytes]","args":[{"enterText":"Romania","selector":{"id":"application-managesites-display-component---NewSite--addressDetailDetailsCountry","interaction":{"idSuffix":"inner"}},"clearTextFirst":true,"interactionType":"ENTER_TEXT"}]}
RESULT: {"script":"<script> [776 bytes]","args":[{"enterText":"Romania","selector":{"id":"application-managesites-display-component---NewSite--addressDetailDetailsCountry","interaction":{"idSuffix":"inner"}},"clearTextFirst":true,"interactionType":"ENTER_TEXT"}]}
COMMAND: POST /session/aedfa18944cc4355ab8cbaedf6540575/element - {"using":"css selector","value":"#application-managesites-display-component---NewSite--addressDetailDetailsCalendar-inner"}
RESULT: {"using":"css selector","value":"#application-managesites-display-component---NewSite--addressDetailDetailsCalendar-inner"}
COMMAND: POST /session/aedfa18944cc4355ab8cbaedf6540575/element/f.694E2BBF071ECDE7169F205C0A1B1FBC.d.4AEE8AD394FFAFA577E57E798E2843A1.e.15889/clear - {}
RESULT: {}
COMMAND: POST /session/aedfa18944cc4355ab8cbaedf6540575/element/f.694E2BBF071ECDE7169F205C0A1B1FBC.d.4AEE8AD394FFAFA577E57E798E2843A1.e.15889/value - {"text":"Germany"}
COMMAND: GET /session/aedfa18944cc4355ab8cbaedf6540575/screenshot - {}
RESULT: {"text":"Germany"}
COMMAND: POST /session/aedfa18944cc4355ab8cbaedf6540575/execute/async - {"script":"<script> [1562 bytes]","args":[{"selector":{"id":"application-managesites-display-component---NewSite--addressEditDetailsCostObjectCstType-arrow"},"wdio_ui5_key":"applicationmanagesites-display-component---NewSite--addressEditDetailsCostObjectCstType-arrow"}]}
COMMAND: GET /session/aedfa18944cc4355ab8cbaedf6540575/screenshot - {}
RESULT: {}
RESULT: {"script":"<script> [1562 bytes]","args":[{"selector":{"id":"application-managesites-display-component---NewSite--addressEditDetailsCostObjectCstType-arrow"},"wdio_ui5_key":"applicationmanagesites-display-component---NewSite--addressEditDetailsCostObjectCstType-arrow"}]}
RESULT: undefined
COMMAND: POST /session/aedfa18944cc4355ab8cbaedf6540575/element - {"using":"xpath","value":"//*[@id=\"application-managesites-display-component---NewSite--addressEditDetailsCostObjectCstType-arrow\"]"}
RESULT: {}
RESULT: {"using":"xpath","value":"//*[@id=\"application-managesites-display-component---NewSite--addressEditDetailsCostObjectCstType-arrow\"]"}
COMMAND: POST /session/aedfa18944cc4355ab8cbaedf6540575/element/f.694E2BBF071ECDE7169F205C0A1B1FBC.d.4AEE8AD394FFAFA577E57E798E2843A1.e.16099/click - {}
RESULT: {}
COMMAND: POST /session/aedfa18944cc4355ab8cbaedf6540575/element - {"using":"xpath","value":"//span[contains(text(), \"Work Breakdown Structure\")]"}
COMMAND: GET /session/aedfa18944cc4355ab8cbaedf6540575/screenshot - {}
RESULT: {"using":"xpath","value":"//span[contains(text(), \"Work Breakdown Structure\")]"}
COMMAND: POST /session/aedfa18944cc4355ab8cbaedf6540575/element/f.694E2BBF071ECDE7169F205C0A1B1FBC.d.4AEE8AD394FFAFA577E57E798E2843A1.e.16100/click - {}
RESULT: {}
RESULT: {}
COMMAND: GET /session/aedfa18944cc4355ab8cbaedf6540575/screenshot - {}
RESULT: {}
COMMAND: POST /session/aedfa18944cc4355ab8cbaedf6540575/execute/async - {"script":"<script> [1562 bytes]","args":[{"selector":{"id":"application-managesites-display-component---NewSite--addressNewCostObjectCstID-vhi"},"wdio_ui5_key":"applicationmanagesites-display-component---NewSite--addressNewCostObjectCstID-vhi"}]}
RESULT: {"script":"<script> [1562 bytes]","args":[{"selector":{"id":"application-managesites-display-component---NewSite--addressNewCostObjectCstID-vhi"},"wdio_ui5_key":"applicationmanagesites-display-component---NewSite--addressNewCostObjectCstID-vhi"}]}
RESULT: undefined
COMMAND: POST /session/aedfa18944cc4355ab8cbaedf6540575/element - {"using":"xpath","value":"//*[@id=\"application-managesites-display-component---NewSite--addressNewCostObjectCstID-vhi\"]"}
RESULT: {"using":"xpath","value":"//*[@id=\"application-managesites-display-component---NewSite--addressNewCostObjectCstID-vhi\"]"}
COMMAND: POST /session/aedfa18944cc4355ab8cbaedf6540575/element/f.694E2BBF071ECDE7169F205C0A1B1FBC.d.4AEE8AD394FFAFA577E57E798E2843A1.e.16103/click - {}
RESULT: {}
COMMAND: GET /session/aedfa18944cc4355ab8cbaedf6540575/screenshot - {}
RESULT: {}
COMMAND: POST /session/aedfa18944cc4355ab8cbaedf6540575/execute/async - {"script":"<script> [1562 bytes]","args":[{"selector":{"controlType":"sap.m.SearchField","properties":{"placeholder":"Search"},"searchOpenDialogs":true,"interaction":{"idSuffix":"I"}},"wdio_ui5_key":"sapm.SearchField{\"placeholder\":\"Search\"}"}]}
RESULT: {"script":"<script> [1562 bytes]","args":[{"selector":{"controlType":"sap.m.SearchField","properties":{"placeholder":"Search"},"searchOpenDialogs":true,"interaction":{"idSuffix":"I"}},"wdio_ui5_key":"sapm.SearchField{\"placeholder\":\"Search\"}"}]}
RESULT: undefined
COMMAND: POST /session/aedfa18944cc4355ab8cbaedf6540575/execute/async - {"script":"<script> [776 bytes]","args":[{"enterText":"A1-000100-01","selector":{"controlType":"sap.m.SearchField","properties":{"placeholder":"Search"},"searchOpenDialogs":true,"interaction":{"idSuffix":"I"}},"clearTextFirst":true,"interactionType":"ENTER_TEXT"}]}
RESULT: {"script":"<script> [776 bytes]","args":[{"enterText":"A1-000100-01","selector":{"controlType":"sap.m.SearchField","properties":{"placeholder":"Search"},"searchOpenDialogs":true,"interaction":{"idSuffix":"I"}},"clearTextFirst":true,"interactionType":"ENTER_TEXT"}]}
COMMAND: POST /session/aedfa18944cc4355ab8cbaedf6540575/actions - {"actions":[{"id":"action36","type":"key","parameters":{},"actions":[{"type":"keyDown","value":""},{"type":"pause","duration":10},{"type":"keyUp","value":""}]}]}
RESULT: {"actions":[{"id":"action36","type":"key","parameters":{},"actions":[{"type":"keyDown","value":""},{"type":"pause","duration":10},{"type":"keyUp","value":""}]}]}
COMMAND: GET /session/aedfa18944cc4355ab8cbaedf6540575/screenshot - {}
RESULT: {}
COMMAND: POST /session/aedfa18944cc4355ab8cbaedf6540575/element - {"using":"xpath","value":"//span[contains(text(), \"Template for ETO-Process\")]"}
RESULT: {"using":"xpath","value":"//span[contains(text(), \"Template for ETO-Process\")]"}
COMMAND: POST /session/aedfa18944cc4355ab8cbaedf6540575/element/f.694E2BBF071ECDE7169F205C0A1B1FBC.d.4AEE8AD394FFAFA577E57E798E2843A1.e.16122/click - {}
RESULT: {}
COMMAND: GET /session/aedfa18944cc4355ab8cbaedf6540575/screenshot - {}
RESULT: {}
COMMAND: POST /session/aedfa18944cc4355ab8cbaedf6540575/element - {"using":"xpath","value":"//bdi[contains(text(), \"OK\")]"}
RESULT: {"using":"xpath","value":"//bdi[contains(text(), \"OK\")]"}
COMMAND: POST /session/aedfa18944cc4355ab8cbaedf6540575/element/f.694E2BBF071ECDE7169F205C0A1B1FBC.d.4AEE8AD394FFAFA577E57E798E2843A1.e.16123/click - {}
RESULT: {}
COMMAND: GET /session/aedfa18944cc4355ab8cbaedf6540575/screenshot - {}
RESULT: {}
COMMAND: POST /session/aedfa18944cc4355ab8cbaedf6540575/element - {"using":"xpath","value":"//input[@id=\"application-managesites-display-component---NewSite--addressDetailDetailsYard-inner\"]"}
RESULT: {"using":"xpath","value":"//input[@id=\"application-managesites-display-component---NewSite--addressDetailDetailsYard-inner\"]"}
COMMAND: POST /session/aedfa18944cc4355ab8cbaedf6540575/element/f.694E2BBF071ECDE7169F205C0A1B1FBC.d.4AEE8AD394FFAFA577E57E798E2843A1.e.15890/value - {"text":"293"}
RESULT: {"text":"293"}
COMMAND: GET /session/aedfa18944cc4355ab8cbaedf6540575/screenshot - {}
RESULT: {}
COMMAND: POST /session/aedfa18944cc4355ab8cbaedf6540575/actions - {"actions":[{"id":"action37","type":"key","parameters":{},"actions":[{"type":"keyDown","value":""},{"type":"pause","duration":10},{"type":"keyUp","value":""}]}]}
RESULT: {"actions":[{"id":"action37","type":"key","parameters":{},"actions":[{"type":"keyDown","value":""},{"type":"pause","duration":10},{"type":"keyUp","value":""}]}]}
COMMAND: GET /session/aedfa18944cc4355ab8cbaedf6540575/screenshot - {}
RESULT: {}
COMMAND: POST /session/aedfa18944cc4355ab8cbaedf6540575/element - {"using":"xpath","value":"//input[@id=\"application-managesites-display-component---NewSite--addressDetailDetailsPartner-inner\"]"}
RESULT: {"using":"xpath","value":"//input[@id=\"application-managesites-display-component---NewSite--addressDetailDetailsPartner-inner\"]"}
COMMAND: POST /session/aedfa18944cc4355ab8cbaedf6540575/elements - {"using":"xpath","value":"//input[@id=\"application-managesites-display-component---NewSite--addressDetailDetailsPartner-inner\"]"}
RESULT: {"using":"xpath","value":"//input[@id=\"application-managesites-display-component---NewSite--addressDetailDetailsPartner-inner\"]"}
COMMAND: POST /session/aedfa18944cc4355ab8cbaedf6540575/execute/async - {"script":"<script> [1562 bytes]","args":[{"selector":{"controlType":"sap.m.Button","viewName":"etm.portal.ui.managesites.view.NewSmartSite","viewId":"application-managesites-display-component---NewSite","properties":{"text":"Commercial"},"interaction":{"idSuffix":"BDI-content"}},"wdio_ui5_key":"etmportal.ui.managesites.view.NewSmartSitesap.m.Button{\"text\":\"Commercial\"}"}]}
RESULT: {"script":"<script> [1562 bytes]","args":[{"selector":{"controlType":"sap.m.Button","viewName":"etm.portal.ui.managesites.view.NewSmartSite","viewId":"application-managesites-display-component---NewSite","properties":{"text":"Commercial"},"interaction":{"idSuffix":"BDI-content"}},"wdio_ui5_key":"etmportal.ui.managesites.view.NewSmartSitesap.m.Button{\"text\":\"Commercial\"}"}]}
RESULT: undefined
COMMAND: POST /session/aedfa18944cc4355ab8cbaedf6540575/element - {"using":"xpath","value":"//*[@id=\"application-managesites-display-component---NewSite--ObjectPageLayout-anchBar-__section31-anchor\"]"}
RESULT: {"using":"xpath","value":"//*[@id=\"application-managesites-display-component---NewSite--ObjectPageLayout-anchBar-__section31-anchor\"]"}
COMMAND: POST /session/aedfa18944cc4355ab8cbaedf6540575/element/f.694E2BBF071ECDE7169F205C0A1B1FBC.d.4AEE8AD394FFAFA577E57E798E2843A1.e.16130/click - {}
RESULT: {}
COMMAND: POST /session/aedfa18944cc4355ab8cbaedf6540575/execute/async - {"script":"<script> [1562 bytes]","args":[{"selector":{"controlType":"sap.m.Button","viewName":"etm.portal.ui.managesites.view.NewSmartSite","viewId":"application-managesites-display-component---NewSite","i18NText":{"propertyName":"text","key":"save"},"interaction":{"idSuffix":"BDI-content"}},"wdio_ui5_key":"etmportal.ui.managesites.view.NewSmartSitesap.m.Button{\"propertyName\":\"text\",\"key\":\"save\"}"}]}
COMMAND: GET /session/aedfa18944cc4355ab8cbaedf6540575/screenshot - {}
RESULT: {"script":"<script> [1562 bytes]","args":[{"selector":{"controlType":"sap.m.Button","viewName":"etm.portal.ui.managesites.view.NewSmartSite","viewId":"application-managesites-display-component---NewSite","i18NText":{"propertyName":"text","key":"save"},"interaction":{"idSuffix":"BDI-content"}},"wdio_ui5_key":"etmportal.ui.managesites.view.NewSmartSitesap.m.Button{\"propertyName\":\"text\",\"key\":\"save\"}"}]}
RESULT: undefined
COMMAND: POST /session/aedfa18944cc4355ab8cbaedf6540575/element - {"using":"xpath","value":"//*[@id=\"__button64\"]"}
RESULT: {}
RESULT: {"using":"xpath","value":"//*[@id=\"__button64\"]"}
COMMAND: POST /session/aedfa18944cc4355ab8cbaedf6540575/element/f.694E2BBF071ECDE7169F205C0A1B1FBC.d.4AEE8AD394FFAFA577E57E798E2843A1.e.16044/click - {}
RESULT: {}
COMMAND: GET /session/aedfa18944cc4355ab8cbaedf6540575/screenshot - {}
RESULT: {}
COMMAND: POST /session/aedfa18944cc4355ab8cbaedf6540575/execute/async - {"script":"<script> [1562 bytes]","args":[{"selector":{"id":"application-managesites-display-component---detailSite--addressDetailDetailsYardText"},"wdio_ui5_key":"applicationmanagesites-display-component---detailSite--addressDetailDetailsYardText"}]}
RESULT: {"script":"<script> [1562 bytes]","args":[{"selector":{"id":"application-managesites-display-component---detailSite--addressDetailDetailsYardText"},"wdio_ui5_key":"applicationmanagesites-display-component---detailSite--addressDetailDetailsYardText"}]}
RESULT: undefined
COMMAND: POST /session/aedfa18944cc4355ab8cbaedf6540575/element - {"using":"xpath","value":"//header/div/div[2]/div[2]/span"}
RESULT: {"using":"xpath","value":"//header/div/div[2]/div[2]/span"}
COMMAND: GET /session/aedfa18944cc4355ab8cbaedf6540575/element/f.694E2BBF071ECDE7169F205C0A1B1FBC.d.4AEE8AD394FFAFA577E57E798E2843A1.e.16313/text - {}
RESULT: {}
COMMAND: POST /session/aedfa18944cc4355ab8cbaedf6540575/element - {"using":"xpath","value":"//header/div/div/div/div/div/div[2]/div/span"}
RESULT: {"using":"xpath","value":"//header/div/div/div/div/div/div[2]/div/span"}
COMMAND: GET /session/aedfa18944cc4355ab8cbaedf6540575/element/f.694E2BBF071ECDE7169F205C0A1B1FBC.d.4AEE8AD394FFAFA577E57E798E2843A1.e.16314/text - {}
RESULT: {}
COMMAND: POST /session/aedfa18944cc4355ab8cbaedf6540575/element - {"using":"css selector","value":"#shell-header-logo"}
RESULT: {"using":"css selector","value":"#shell-header-logo"}
COMMAND: POST /session/aedfa18944cc4355ab8cbaedf6540575/element/f.694E2BBF071ECDE7169F205C0A1B1FBC.d.4AEE8AD394FFAFA577E57E798E2843A1.e.15617/click - {}
RESULT: {}
COMMAND: GET /session/aedfa18944cc4355ab8cbaedf6540575/screenshot - {}
RESULT: {}
COMMAND: POST /session/aedfa18944cc4355ab8cbaedf6540575/execute/async - {"script":"<script> [1562 bytes]","args":[{"selector":{"controlType":"sap.m.GenericTile","properties":{"header":"Manage Resources"}},"wdio_ui5_key":"sapm.GenericTile{\"header\":\"Manage Resources\"}"}]}
RESULT: {"script":"<script> [1562 bytes]","args":[{"selector":{"controlType":"sap.m.GenericTile","properties":{"header":"Manage Resources"}},"wdio_ui5_key":"sapm.GenericTile{\"header\":\"Manage Resources\"}"}]}
RESULT: undefined
COMMAND: POST /session/aedfa18944cc4355ab8cbaedf6540575/element - {"using":"xpath","value":"//*[@id=\"__tile50\"]"}
RESULT: {"using":"xpath","value":"//*[@id=\"__tile50\"]"}
COMMAND: POST /session/aedfa18944cc4355ab8cbaedf6540575/element/f.694E2BBF071ECDE7169F205C0A1B1FBC.d.4AEE8AD394FFAFA577E57E798E2843A1.e.16316/click - {}
RESULT: {}
COMMAND: GET /session/aedfa18944cc4355ab8cbaedf6540575/screenshot - {}
RESULT: {}
RESULT: undefined
RESULT: undefined
COMMAND: POST /session/aedfa18944cc4355ab8cbaedf6540575/element - {"using":"xpath","value":"//button[@data-kt=\"addNewRUOverflowToolbarButton\"]"}
RESULT: {"using":"xpath","value":"//button[@data-kt=\"addNewRUOverflowToolbarButton\"]"}
COMMAND: POST /session/aedfa18944cc4355ab8cbaedf6540575/execute/sync - {"script":"<script> [8489 bytes]","args":[{"element-6066-11e4-a52e-4f735466cecf":"f.694E2BBF071ECDE7169F205C0A1B1FBC.d.4AEE8AD394FFAFA577E57E798E2843A1.e.16357","ELEMENT":"f.694E2BBF071ECDE7169F205C0A1B1FBC.d.4AEE8AD394FFAFA577E57E798E2843A1.e.16357"}]}
RESULT: {"script":"<script> [8489 bytes]","args":[{"element-6066-11e4-a52e-4f735466cecf":"f.694E2BBF071ECDE7169F205C0A1B1FBC.d.4AEE8AD394FFAFA577E57E798E2843A1.e.16357","ELEMENT":"f.694E2BBF071ECDE7169F205C0A1B1FBC.d.4AEE8AD394FFAFA577E57E798E2843A1.e.16357"}]}
COMMAND: POST /session/aedfa18944cc4355ab8cbaedf6540575/element/f.694E2BBF071ECDE7169F205C0A1B1FBC.d.4AEE8AD394FFAFA577E57E798E2843A1.e.16357/click - {}
COMMAND: GET /session/aedfa18944cc4355ab8cbaedf6540575/screenshot - {}
RESULT: {}
COMMAND: POST /session/aedfa18944cc4355ab8cbaedf6540575/execute/async - {"script":"<script> [1562 bytes]","args":[{"selector":{"id":"application-manageresources-display-component---newResourceUnit--TYPE-arrow"},"wdio_ui5_key":"applicationmanageresources-display-component---newResourceUnit--TYPE-arrow"}]}
COMMAND: GET /session/aedfa18944cc4355ab8cbaedf6540575/screenshot - {}
RESULT: {}
RESULT: {"script":"<script> [1562 bytes]","args":[{"selector":{"id":"application-manageresources-display-component---newResourceUnit--TYPE-arrow"},"wdio_ui5_key":"applicationmanageresources-display-component---newResourceUnit--TYPE-arrow"}]}
RESULT: undefined
COMMAND: POST /session/aedfa18944cc4355ab8cbaedf6540575/element - {"using":"xpath","value":"//*[@id=\"application-manageresources-display-component---newResourceUnit--TYPE-arrow\"]"}
RESULT: {}
RESULT: {"using":"xpath","value":"//*[@id=\"application-manageresources-display-component---newResourceUnit--TYPE-arrow\"]"}
COMMAND: POST /session/aedfa18944cc4355ab8cbaedf6540575/element/f.694E2BBF071ECDE7169F205C0A1B1FBC.d.4AEE8AD394FFAFA577E57E798E2843A1.e.16787/click - {}
RESULT: {}
COMMAND: POST /session/aedfa18944cc4355ab8cbaedf6540575/execute/async - {"script":"<script> [1562 bytes]","args":[{"selector":{"controlType":"sap.m.StandardListItem","viewName":"reusables.view.manageresources.NewResourceUnit","viewId":"application-manageresources-display-component---newResourceUnit","properties":{"title":"Material"},"searchOpenDialogs":true,"interaction":{"idSuffix":"titleText"}},"wdio_ui5_key":"reusablesview.manageresources.NewResourceUnitsap.m.StandardListItem{\"title\":\"Material\"}"}]}
COMMAND: GET /session/aedfa18944cc4355ab8cbaedf6540575/screenshot - {}
RESULT: {"script":"<script> [1562 bytes]","args":[{"selector":{"controlType":"sap.m.StandardListItem","viewName":"reusables.view.manageresources.NewResourceUnit","viewId":"application-manageresources-display-component---newResourceUnit","properties":{"title":"Material"},"searchOpenDialogs":true,"interaction":{"idSuffix":"titleText"}},"wdio_ui5_key":"reusablesview.manageresources.NewResourceUnitsap.m.StandardListItem{\"title\":\"Material\"}"}]}
RESULT: undefined
COMMAND: POST /session/aedfa18944cc4355ab8cbaedf6540575/element - {"using":"xpath","value":"//*[@id=\"__item885\"]"}
RESULT: {}
RESULT: {"using":"xpath","value":"//*[@id=\"__item885\"]"}
COMMAND: POST /session/aedfa18944cc4355ab8cbaedf6540575/element/f.694E2BBF071ECDE7169F205C0A1B1FBC.d.4AEE8AD394FFAFA577E57E798E2843A1.e.16790/click - {}
RESULT: {}
COMMAND: POST /session/aedfa18944cc4355ab8cbaedf6540575/execute/async - {"script":"<script> [1562 bytes]","args":[{"selector":{"id":"application-manageresources-display-component---newResourceUnit--SHORT_TEXT","interaction":{"idSuffix":"inner"}},"wdio_ui5_key":"applicationmanageresources-display-component---newResourceUnit--SHORT_TEXT"}]}
COMMAND: GET /session/aedfa18944cc4355ab8cbaedf6540575/screenshot - {}
RESULT: {"script":"<script> [1562 bytes]","args":[{"selector":{"id":"application-manageresources-display-component---newResourceUnit--SHORT_TEXT","interaction":{"idSuffix":"inner"}},"wdio_ui5_key":"applicationmanageresources-display-component---newResourceUnit--SHORT_TEXT"}]}
RESULT: undefined
COMMAND: POST /session/aedfa18944cc4355ab8cbaedf6540575/execute/async - {"script":"<script> [776 bytes]","args":[{"enterText":"WebdriverRUR2Cw0fa4","selector":{"id":"application-manageresources-display-component---newResourceUnit--SHORT_TEXT","interaction":{"idSuffix":"inner"}},"clearTextFirst":true,"interactionType":"ENTER_TEXT"}]}
RESULT: {}
RESULT: {"script":"<script> [776 bytes]","args":[{"enterText":"WebdriverRUR2Cw0fa4","selector":{"id":"application-manageresources-display-component---newResourceUnit--SHORT_TEXT","interaction":{"idSuffix":"inner"}},"clearTextFirst":true,"interactionType":"ENTER_TEXT"}]}
COMMAND: POST /session/aedfa18944cc4355ab8cbaedf6540575/execute/async - {"script":"<script> [1562 bytes]","args":[{"selector":{"id":"application-manageresources-display-component---newResourceUnit--BASE_UNIT_OF_MEASURE-arrow"},"wdio_ui5_key":"applicationmanageresources-display-component---newResourceUnit--BASE_UNIT_OF_MEASURE-arrow"}]}
RESULT: {"script":"<script> [1562 bytes]","args":[{"selector":{"id":"application-manageresources-display-component---newResourceUnit--BASE_UNIT_OF_MEASURE-arrow"},"wdio_ui5_key":"applicationmanageresources-display-component---newResourceUnit--BASE_UNIT_OF_MEASURE-arrow"}]}
RESULT: undefined
COMMAND: POST /session/aedfa18944cc4355ab8cbaedf6540575/element - {"using":"xpath","value":"//*[@id=\"application-manageresources-display-component---newResourceUnit--BASE_UNIT_OF_MEASURE-arrow\"]"}
RESULT: {"using":"xpath","value":"//*[@id=\"application-manageresources-display-component---newResourceUnit--BASE_UNIT_OF_MEASURE-arrow\"]"}
COMMAND: POST /session/aedfa18944cc4355ab8cbaedf6540575/element/f.694E2BBF071ECDE7169F205C0A1B1FBC.d.4AEE8AD394FFAFA577E57E798E2843A1.e.16846/click - {}
RESULT: {}
COMMAND: POST /session/aedfa18944cc4355ab8cbaedf6540575/execute/async - {"script":"<script> [1562 bytes]","args":[{"selector":{"controlType":"sap.m.StandardListItem","viewName":"reusables.view.manageresources.NewResourceUnit","viewId":"application-manageresources-display-component---newResourceUnit","properties":{"title":"Piece"},"searchOpenDialogs":true,"interaction":{"idSuffix":"titleText"}},"wdio_ui5_key":"reusablesview.manageresources.NewResourceUnitsap.m.StandardListItem{\"title\":\"Piece\"}"}]}
COMMAND: GET /session/aedfa18944cc4355ab8cbaedf6540575/screenshot - {}
RESULT: {"script":"<script> [1562 bytes]","args":[{"selector":{"controlType":"sap.m.StandardListItem","viewName":"reusables.view.manageresources.NewResourceUnit","viewId":"application-manageresources-display-component---newResourceUnit","properties":{"title":"Piece"},"searchOpenDialogs":true,"interaction":{"idSuffix":"titleText"}},"wdio_ui5_key":"reusablesview.manageresources.NewResourceUnitsap.m.StandardListItem{\"title\":\"Piece\"}"}]}
RESULT: undefined
COMMAND: POST /session/aedfa18944cc4355ab8cbaedf6540575/element - {"using":"xpath","value":"//*[@id=\"__item929\"]"}
RESULT: {}
RESULT: {"using":"xpath","value":"//*[@id=\"__item929\"]"}
COMMAND: POST /session/aedfa18944cc4355ab8cbaedf6540575/element/f.694E2BBF071ECDE7169F205C0A1B1FBC.d.4AEE8AD394FFAFA577E57E798E2843A1.e.16848/click - {}
RESULT: {}
COMMAND: POST /session/aedfa18944cc4355ab8cbaedf6540575/element - {"using":"xpath","value":"//input[contains(@id ,\"application-manageresources-display-component---newResourceUnit--SHORT_TEXT-inner\")]"}
COMMAND: GET /session/aedfa18944cc4355ab8cbaedf6540575/screenshot - {}
RESULT: {"using":"xpath","value":"//input[contains(@id ,\"application-manageresources-display-component---newResourceUnit--SHORT_TEXT-inner\")]"}
COMMAND: GET /session/aedfa18944cc4355ab8cbaedf6540575/element/f.694E2BBF071ECDE7169F205C0A1B1FBC.d.4AEE8AD394FFAFA577E57E798E2843A1.e.16807/property/value - {}
RESULT: {}
RESULT: {}
COMMAND: POST /session/aedfa18944cc4355ab8cbaedf6540575/execute/async - {"script":"<script> [1562 bytes]","args":[{"selector":{"id":"application-manageresources-display-component---newResourceUnit--WEIGHT_UNIT-arrow"},"wdio_ui5_key":"applicationmanageresources-display-component---newResourceUnit--WEIGHT_UNIT-arrow"}]}
COMMAND: GET /session/aedfa18944cc4355ab8cbaedf6540575/screenshot - {}
RESULT: {"script":"<script> [1562 bytes]","args":[{"selector":{"id":"application-manageresources-display-component---newResourceUnit--WEIGHT_UNIT-arrow"},"wdio_ui5_key":"applicationmanageresources-display-component---newResourceUnit--WEIGHT_UNIT-arrow"}]}
RESULT: undefined
COMMAND: POST /session/aedfa18944cc4355ab8cbaedf6540575/element - {"using":"xpath","value":"//*[@id=\"application-manageresources-display-component---newResourceUnit--WEIGHT_UNIT-arrow\"]"}
RESULT: {}
RESULT: {"using":"xpath","value":"//*[@id=\"application-manageresources-display-component---newResourceUnit--WEIGHT_UNIT-arrow\"]"}
COMMAND: POST /session/aedfa18944cc4355ab8cbaedf6540575/element/f.694E2BBF071ECDE7169F205C0A1B1FBC.d.4AEE8AD394FFAFA577E57E798E2843A1.e.16849/click - {}
RESULT: {}
COMMAND: POST /session/aedfa18944cc4355ab8cbaedf6540575/execute/async - {"script":"<script> [1562 bytes]","args":[{"selector":{"controlType":"sap.m.StandardListItem","viewName":"reusables.view.manageresources.NewResourceUnit","viewId":"application-manageresources-display-component---newResourceUnit","properties":{"title":"Gram"},"searchOpenDialogs":true,"interaction":{"idSuffix":"content"}},"wdio_ui5_key":"reusablesview.manageresources.NewResourceUnitsap.m.StandardListItem{\"title\":\"Gram\"}"}]}
COMMAND: GET /session/aedfa18944cc4355ab8cbaedf6540575/screenshot - {}
RESULT: {"script":"<script> [1562 bytes]","args":[{"selector":{"controlType":"sap.m.StandardListItem","viewName":"reusables.view.manageresources.NewResourceUnit","viewId":"application-manageresources-display-component---newResourceUnit","properties":{"title":"Gram"},"searchOpenDialogs":true,"interaction":{"idSuffix":"content"}},"wdio_ui5_key":"reusablesview.manageresources.NewResourceUnitsap.m.StandardListItem{\"title\":\"Gram\"}"}]}
RESULT: undefined
COMMAND: POST /session/aedfa18944cc4355ab8cbaedf6540575/element - {"using":"xpath","value":"//*[@id=\"__item994\"]"}
RESULT: {}
RESULT: {"using":"xpath","value":"//*[@id=\"__item994\"]"}
COMMAND: POST /session/aedfa18944cc4355ab8cbaedf6540575/element/f.694E2BBF071ECDE7169F205C0A1B1FBC.d.4AEE8AD394FFAFA577E57E798E2843A1.e.16851/click - {}
RESULT: {}
COMMAND: POST /session/aedfa18944cc4355ab8cbaedf6540575/execute/async - {"script":"<script> [1562 bytes]","args":[{"selector":{"id":"application-manageresources-display-component---newResourceUnit--newRRUPage-OPHeaderContent-collapseBtn-img"},"wdio_ui5_key":"applicationmanageresources-display-component---newResourceUnit--newRRUPage-OPHeaderContent-collapseBtn-img"}]}
COMMAND: GET /session/aedfa18944cc4355ab8cbaedf6540575/screenshot - {}
RESULT: {"script":"<script> [1562 bytes]","args":[{"selector":{"id":"application-manageresources-display-component---newResourceUnit--newRRUPage-OPHeaderContent-collapseBtn-img"},"wdio_ui5_key":"applicationmanageresources-display-component---newResourceUnit--newRRUPage-OPHeaderContent-collapseBtn-img"}]}
RESULT: undefined
COMMAND: POST /session/aedfa18944cc4355ab8cbaedf6540575/element - {"using":"xpath","value":"//*[@id=\"application-manageresources-display-component---newResourceUnit--newRRUPage-OPHeaderContent-collapseBtn-img\"]"}
RESULT: {}
RESULT: {"using":"xpath","value":"//*[@id=\"application-manageresources-display-component---newResourceUnit--newRRUPage-OPHeaderContent-collapseBtn-img\"]"}
COMMAND: POST /session/aedfa18944cc4355ab8cbaedf6540575/element/f.694E2BBF071ECDE7169F205C0A1B1FBC.d.4AEE8AD394FFAFA577E57E798E2843A1.e.16797/click - {}
RESULT: {}
COMMAND: GET /session/aedfa18944cc4355ab8cbaedf6540575/screenshot - {}
RESULT: {}
COMMAND: POST /session/aedfa18944cc4355ab8cbaedf6540575/element - {"using":"xpath","value":"(//span[contains(@id ,\"application-manageresources-display-component---newResourceUnit--DIMENSION_UNIT-arrow\")])[1]"}
RESULT: {"using":"xpath","value":"(//span[contains(@id ,\"application-manageresources-display-component---newResourceUnit--DIMENSION_UNIT-arrow\")])[1]"}
COMMAND: POST /session/aedfa18944cc4355ab8cbaedf6540575/element/f.694E2BBF071ECDE7169F205C0A1B1FBC.d.4AEE8AD394FFAFA577E57E798E2843A1.e.16857/click - {}
RESULT: {}
COMMAND: GET /session/aedfa18944cc4355ab8cbaedf6540575/screenshot - {}
RESULT: {}
COMMAND: POST /session/aedfa18944cc4355ab8cbaedf6540575/execute/async - {"script":"<script> [1562 bytes]","args":[{"selector":{"controlType":"sap.m.StandardListItem","viewName":"reusables.view.manageresources.NewResourceUnit","viewId":"application-manageresources-display-component---newResourceUnit","properties":{"title":"Centimeter"},"searchOpenDialogs":true,"interaction":{"idSuffix":"titleText"}},"wdio_ui5_key":"reusablesview.manageresources.NewResourceUnitsap.m.StandardListItem{\"title\":\"Centimeter\"}"}]}
RESULT: {"script":"<script> [1562 bytes]","args":[{"selector":{"controlType":"sap.m.StandardListItem","viewName":"reusables.view.manageresources.NewResourceUnit","viewId":"application-manageresources-display-component---newResourceUnit","properties":{"title":"Centimeter"},"searchOpenDialogs":true,"interaction":{"idSuffix":"titleText"}},"wdio_ui5_key":"reusablesview.manageresources.NewResourceUnitsap.m.StandardListItem{\"title\":\"Centimeter\"}"}]}
RESULT: undefined
COMMAND: POST /session/aedfa18944cc4355ab8cbaedf6540575/element - {"using":"xpath","value":"//*[@id=\"__item997\"]"}
RESULT: {"using":"xpath","value":"//*[@id=\"__item997\"]"}
COMMAND: POST /session/aedfa18944cc4355ab8cbaedf6540575/element/f.694E2BBF071ECDE7169F205C0A1B1FBC.d.4AEE8AD394FFAFA577E57E798E2843A1.e.16859/click - {}
RESULT: {}
COMMAND: POST /session/aedfa18944cc4355ab8cbaedf6540575/execute/async - {"script":"<script> [1562 bytes]","args":[{"selector":{"id":"application-manageresources-display-component---newResourceUnit--newRRUPage-anchBar-application-manageresources-display-component---newResourceUnit--reference-anchor","interaction":{"idSuffix":"BDI-content"}},"wdio_ui5_key":"applicationmanageresources-display-component---newResourceUnit--newRRUPage-anchBar-application-manageresources-display-component---newResourceUnit--reference-anchor"}]}
COMMAND: GET /session/aedfa18944cc4355ab8cbaedf6540575/screenshot - {}
RESULT: {"script":"<script> [1562 bytes]","args":[{"selector":{"id":"application-manageresources-display-component---newResourceUnit--newRRUPage-anchBar-application-manageresources-display-component---newResourceUnit--reference-anchor","interaction":{"idSuffix":"BDI-content"}},"wdio_ui5_key":"applicationmanageresources-display-component---newResourceUnit--newRRUPage-anchBar-application-manageresources-display-component---newResourceUnit--reference-anchor"}]}
RESULT: undefined
COMMAND: POST /session/aedfa18944cc4355ab8cbaedf6540575/element - {"using":"xpath","value":"//*[@id=\"application-manageresources-display-component---newResourceUnit--newRRUPage-anchBar-application-manageresources-display-component---newResourceUnit--reference-anchor\"]"}
RESULT: {}
RESULT: {"using":"xpath","value":"//*[@id=\"application-manageresources-display-component---newResourceUnit--newRRUPage-anchBar-application-manageresources-display-component---newResourceUnit--reference-anchor\"]"}
COMMAND: POST /session/aedfa18944cc4355ab8cbaedf6540575/element/f.694E2BBF071ECDE7169F205C0A1B1FBC.d.4AEE8AD394FFAFA577E57E798E2843A1.e.16861/click - {}
RESULT: {}
COMMAND: POST /session/aedfa18944cc4355ab8cbaedf6540575/execute/async - {"script":"<script> [1562 bytes]","args":[{"selector":{"id":"application-manageresources-display-component---newResourceUnit--PLANNING_GROUP-arrow"},"wdio_ui5_key":"applicationmanageresources-display-component---newResourceUnit--PLANNING_GROUP-arrow"}]}
COMMAND: GET /session/aedfa18944cc4355ab8cbaedf6540575/screenshot - {}
RESULT: {"script":"<script> [1562 bytes]","args":[{"selector":{"id":"application-manageresources-display-component---newResourceUnit--PLANNING_GROUP-arrow"},"wdio_ui5_key":"applicationmanageresources-display-component---newResourceUnit--PLANNING_GROUP-arrow"}]}
RESULT: undefined
COMMAND: POST /session/aedfa18944cc4355ab8cbaedf6540575/element - {"using":"xpath","value":"//*[@id=\"application-manageresources-display-component---newResourceUnit--PLANNING_GROUP-arrow\"]"}
RESULT: {}
RESULT: {"using":"xpath","value":"//*[@id=\"application-manageresources-display-component---newResourceUnit--PLANNING_GROUP-arrow\"]"}
COMMAND: POST /session/aedfa18944cc4355ab8cbaedf6540575/element/f.694E2BBF071ECDE7169F205C0A1B1FBC.d.4AEE8AD394FFAFA577E57E798E2843A1.e.16865/click - {}
RESULT: {}
COMMAND: POST /session/aedfa18944cc4355ab8cbaedf6540575/execute/async - {"script":"<script> [1562 bytes]","args":[{"selector":{"controlType":"sap.m.StandardListItem","viewName":"reusables.view.manageresources.NewResourceUnit","viewId":"application-manageresources-display-component---newResourceUnit","properties":{"title":"Heavy Equi"},"searchOpenDialogs":true,"interaction":{"idSuffix":"content"}},"wdio_ui5_key":"reusablesview.manageresources.NewResourceUnitsap.m.StandardListItem{\"title\":\"Heavy Equi\"}"}]}
COMMAND: GET /session/aedfa18944cc4355ab8cbaedf6540575/screenshot - {}
RESULT: {"script":"<script> [1562 bytes]","args":[{"selector":{"controlType":"sap.m.StandardListItem","viewName":"reusables.view.manageresources.NewResourceUnit","viewId":"application-manageresources-display-component---newResourceUnit","properties":{"title":"Heavy Equi"},"searchOpenDialogs":true,"interaction":{"idSuffix":"content"}},"wdio_ui5_key":"reusablesview.manageresources.NewResourceUnitsap.m.StandardListItem{\"title\":\"Heavy Equi\"}"}]}
RESULT: undefined
COMMAND: POST /session/aedfa18944cc4355ab8cbaedf6540575/element - {"using":"xpath","value":"//*[@id=\"__item1005\"]"}
RESULT: {}
RESULT: {"using":"xpath","value":"//*[@id=\"__item1005\"]"}
COMMAND: POST /session/aedfa18944cc4355ab8cbaedf6540575/element/f.694E2BBF071ECDE7169F205C0A1B1FBC.d.4AEE8AD394FFAFA577E57E798E2843A1.e.16867/click - {}
RESULT: {}
COMMAND: GET /session/aedfa18944cc4355ab8cbaedf6540575/screenshot - {}
RESULT: {}
COMMAND: POST /session/aedfa18944cc4355ab8cbaedf6540575/execute/async - {"script":"<script> [1562 bytes]","args":[{"selector":{"id":"application-manageresources-display-component---newResourceUnit--PLANNING_INDICATOR-arrow"},"wdio_ui5_key":"applicationmanageresources-display-component---newResourceUnit--PLANNING_INDICATOR-arrow"}]}
RESULT: {"script":"<script> [1562 bytes]","args":[{"selector":{"id":"application-manageresources-display-component---newResourceUnit--PLANNING_INDICATOR-arrow"},"wdio_ui5_key":"applicationmanageresources-display-component---newResourceUnit--PLANNING_INDICATOR-arrow"}]}
RESULT: undefined
COMMAND: POST /session/aedfa18944cc4355ab8cbaedf6540575/element - {"using":"xpath","value":"//*[@id=\"application-manageresources-display-component---newResourceUnit--PLANNING_INDICATOR-arrow\"]"}
RESULT: {"using":"xpath","value":"//*[@id=\"application-manageresources-display-component---newResourceUnit--PLANNING_INDICATOR-arrow\"]"}
COMMAND: POST /session/aedfa18944cc4355ab8cbaedf6540575/element/f.694E2BBF071ECDE7169F205C0A1B1FBC.d.4AEE8AD394FFAFA577E57E798E2843A1.e.16868/click - {}
RESULT: {}
COMMAND: POST /session/aedfa18944cc4355ab8cbaedf6540575/execute/async - {"script":"<script> [1562 bytes]","args":[{"selector":{"controlType":"sap.m.StandardListItem","viewName":"reusables.view.manageresources.NewResourceUnit","viewId":"application-manageresources-display-component---newResourceUnit","properties":{"title":"10 - infinite"},"searchOpenDialogs":true,"interaction":{"idSuffix":"content"}},"wdio_ui5_key":"reusablesview.manageresources.NewResourceUnitsap.m.StandardListItem{\"title\":\"10 - infinite\"}"}]}
COMMAND: GET /session/aedfa18944cc4355ab8cbaedf6540575/screenshot - {}
RESULT: {}
RESULT: {"script":"<script> [1562 bytes]","args":[{"selector":{"controlType":"sap.m.StandardListItem","viewName":"reusables.view.manageresources.NewResourceUnit","viewId":"application-manageresources-display-component---newResourceUnit","properties":{"title":"10 - infinite"},"searchOpenDialogs":true,"interaction":{"idSuffix":"content"}},"wdio_ui5_key":"reusablesview.manageresources.NewResourceUnitsap.m.StandardListItem{\"title\":\"10 - infinite\"}"}]}
RESULT: undefined
COMMAND: POST /session/aedfa18944cc4355ab8cbaedf6540575/element - {"using":"xpath","value":"//*[@id=\"__item1015\"]"}
RESULT: {"using":"xpath","value":"//*[@id=\"__item1015\"]"}
COMMAND: POST /session/aedfa18944cc4355ab8cbaedf6540575/element/f.694E2BBF071ECDE7169F205C0A1B1FBC.d.4AEE8AD394FFAFA577E57E798E2843A1.e.16870/click - {}
RESULT: {}
COMMAND: GET /session/aedfa18944cc4355ab8cbaedf6540575/screenshot - {}
RESULT: {}
COMMAND: POST /session/aedfa18944cc4355ab8cbaedf6540575/element - {"using":"xpath","value":"//bdi[contains(text(), \"Time Segment\")]"}
RESULT: {"using":"xpath","value":"//bdi[contains(text(), \"Time Segment\")]"}
COMMAND: GET /session/aedfa18944cc4355ab8cbaedf6540575/element/f.694E2BBF071ECDE7169F205C0A1B1FBC.d.4AEE8AD394FFAFA577E57E798E2843A1.e.16871/rect - {}
RESULT: {}
COMMAND: GET /session/aedfa18944cc4355ab8cbaedf6540575/window/rect - {}
RESULT: {}
COMMAND: POST /session/aedfa18944cc4355ab8cbaedf6540575/execute/sync - {"script":"<script> [92 bytes]","args":[]}
RESULT: {"script":"<script> [92 bytes]","args":[]}
COMMAND: POST /session/aedfa18944cc4355ab8cbaedf6540575/actions - {"actions":[{"id":"action38","type":"wheel","parameters":{},"actions":[{"type":"scroll","x":-2304,"y":-20,"deltaX":0,"deltaY":0,"duration":0,"origin":{"element-6066-11e4-a52e-4f735466cecf":"f.694E2BBF071ECDE7169F205C0A1B1FBC.d.4AEE8AD394FFAFA577E57E798E2843A1.e.16871"}}]}]}
COMMAND: GET /session/aedfa18944cc4355ab8cbaedf6540575/screenshot - {}
RESULT: {}
COMMAND: POST /session/aedfa18944cc4355ab8cbaedf6540575/execute/sync - {"script":"<script> [79 bytes]","args":[{"element-6066-11e4-a52e-4f735466cecf":"f.694E2BBF071ECDE7169F205C0A1B1FBC.d.4AEE8AD394FFAFA577E57E798E2843A1.e.16871","ELEMENT":"f.694E2BBF071ECDE7169F205C0A1B1FBC.d.4AEE8AD394FFAFA577E57E798E2843A1.e.16871"},{"block":"start","inline":"nearest"}]}
RESULT: {"script":"<script> [79 bytes]","args":[{"element-6066-11e4-a52e-4f735466cecf":"f.694E2BBF071ECDE7169F205C0A1B1FBC.d.4AEE8AD394FFAFA577E57E798E2843A1.e.16871","ELEMENT":"f.694E2BBF071ECDE7169F205C0A1B1FBC.d.4AEE8AD394FFAFA577E57E798E2843A1.e.16871"},{"block":"start","inline":"nearest"}]}
COMMAND: GET /session/aedfa18944cc4355ab8cbaedf6540575/screenshot - {}
RESULT: {}
COMMAND: POST /session/aedfa18944cc4355ab8cbaedf6540575/element - {"using":"xpath","value":"//span[@id=\"application-manageresources-display-component---newResourceUnit--btnAddTimeSegment-img\"]"}
RESULT: {"using":"xpath","value":"//span[@id=\"application-manageresources-display-component---newResourceUnit--btnAddTimeSegment-img\"]"}
COMMAND: POST /session/aedfa18944cc4355ab8cbaedf6540575/execute/sync - {"script":"<script> [8489 bytes]","args":[{"element-6066-11e4-a52e-4f735466cecf":"f.694E2BBF071ECDE7169F205C0A1B1FBC.d.4AEE8AD394FFAFA577E57E798E2843A1.e.16874","ELEMENT":"f.694E2BBF071ECDE7169F205C0A1B1FBC.d.4AEE8AD394FFAFA577E57E798E2843A1.e.16874"}]}
RESULT: {"script":"<script> [8489 bytes]","args":[{"element-6066-11e4-a52e-4f735466cecf":"f.694E2BBF071ECDE7169F205C0A1B1FBC.d.4AEE8AD394FFAFA577E57E798E2843A1.e.16874","ELEMENT":"f.694E2BBF071ECDE7169F205C0A1B1FBC.d.4AEE8AD394FFAFA577E57E798E2843A1.e.16874"}]}
COMMAND: POST /session/aedfa18944cc4355ab8cbaedf6540575/element/f.694E2BBF071ECDE7169F205C0A1B1FBC.d.4AEE8AD394FFAFA577E57E798E2843A1.e.16874/click - {}
COMMAND: GET /session/aedfa18944cc4355ab8cbaedf6540575/screenshot - {}
RESULT: {}
COMMAND: GET /session/aedfa18944cc4355ab8cbaedf6540575/screenshot - {}
COMMAND: POST /session/aedfa18944cc4355ab8cbaedf6540575/element - {"using":"xpath","value":"//input[@id=\"application-manageresources-display-component---newResourceUnit--idRuTSAdmin-application-manageresources-display-component---newResourceUnit--RUTimeSegment-0-inner\"]"}
RESULT: {}
RESULT: {}
RESULT: {"using":"xpath","value":"//input[@id=\"application-manageresources-display-component---newResourceUnit--idRuTSAdmin-application-manageresources-display-component---newResourceUnit--RUTimeSegment-0-inner\"]"}
COMMAND: POST /session/aedfa18944cc4355ab8cbaedf6540575/element/f.694E2BBF071ECDE7169F205C0A1B1FBC.d.4AEE8AD394FFAFA577E57E798E2843A1.e.16877/clear - {}
RESULT: {}
COMMAND: POST /session/aedfa18944cc4355ab8cbaedf6540575/element/f.694E2BBF071ECDE7169F205C0A1B1FBC.d.4AEE8AD394FFAFA577E57E798E2843A1.e.16877/value - {"text":"WebdriverYardd46ad"}
COMMAND: GET /session/aedfa18944cc4355ab8cbaedf6540575/screenshot - {}
RESULT: {"text":"WebdriverYardd46ad"}
COMMAND: GET /session/aedfa18944cc4355ab8cbaedf6540575/screenshot - {}
RESULT: {}
RESULT: {}
COMMAND: POST /session/aedfa18944cc4355ab8cbaedf6540575/actions - {"actions":[{"id":"action39","type":"key","parameters":{},"actions":[{"type":"keyDown","value":""},{"type":"pause","duration":10},{"type":"keyUp","value":""}]}]}
RESULT: {"actions":[{"id":"action39","type":"key","parameters":{},"actions":[{"type":"keyDown","value":""},{"type":"pause","duration":10},{"type":"keyUp","value":""}]}]}
COMMAND: GET /session/aedfa18944cc4355ab8cbaedf6540575/screenshot - {}
RESULT: {}
COMMAND: POST /session/aedfa18944cc4355ab8cbaedf6540575/execute/async - {"script":"<script> [1562 bytes]","args":[{"selector":{"controlType":"sap.m.Button","viewName":"reusables.view.manageresources.NewResourceUnit","viewId":"application-manageresources-display-component---newResourceUnit","i18NText":{"propertyName":"tooltip","key":"save"},"interaction":{"idSuffix":"BDI-content"}},"wdio_ui5_key":"reusablesview.manageresources.NewResourceUnitsap.m.Button{\"propertyName\":\"tooltip\",\"key\":\"save\"}"}]}
RESULT: {"script":"<script> [1562 bytes]","args":[{"selector":{"controlType":"sap.m.Button","viewName":"reusables.view.manageresources.NewResourceUnit","viewId":"application-manageresources-display-component---newResourceUnit","i18NText":{"propertyName":"tooltip","key":"save"},"interaction":{"idSuffix":"BDI-content"}},"wdio_ui5_key":"reusablesview.manageresources.NewResourceUnitsap.m.Button{\"propertyName\":\"tooltip\",\"key\":\"save\"}"}]}
RESULT: undefined
COMMAND: POST /session/aedfa18944cc4355ab8cbaedf6540575/element - {"using":"xpath","value":"//*[@id=\"application-manageresources-display-component---newResourceUnit--createRuButton\"]"}
RESULT: {"using":"xpath","value":"//*[@id=\"application-manageresources-display-component---newResourceUnit--createRuButton\"]"}
COMMAND: POST /session/aedfa18944cc4355ab8cbaedf6540575/element/f.694E2BBF071ECDE7169F205C0A1B1FBC.d.4AEE8AD394FFAFA577E57E798E2843A1.e.16803/click - {}
RESULT: {}
COMMAND: GET /session/aedfa18944cc4355ab8cbaedf6540575/screenshot - {}
RESULT: {}
COMMAND: POST /session/aedfa18944cc4355ab8cbaedf6540575/execute/async - {"script":"<script> [1562 bytes]","args":[{"selector":{"controlType":"sap.m.Title","properties":{"text":"Success"},"searchOpenDialogs":true},"wdio_ui5_key":"sapm.Title{\"text\":\"Success\"}"}]}
RESULT: {"script":"<script> [1562 bytes]","args":[{"selector":{"controlType":"sap.m.Title","properties":{"text":"Success"},"searchOpenDialogs":true},"wdio_ui5_key":"sapm.Title{\"text\":\"Success\"}"}]}
RESULT: undefined
COMMAND: POST /session/aedfa18944cc4355ab8cbaedf6540575/execute/async - {"script":"<script> [6424 bytes]","args":[{"element-6066-11e4-a52e-4f735466cecf":"f.694E2BBF071ECDE7169F205C0A1B1FBC.d.4AEE8AD394FFAFA577E57E798E2843A1.e.16892"},"getText",[]]}
RESULT: {"script":"<script> [6424 bytes]","args":[{"element-6066-11e4-a52e-4f735466cecf":"f.694E2BBF071ECDE7169F205C0A1B1FBC.d.4AEE8AD394FFAFA577E57E798E2843A1.e.16892"},"getText",[]]}
COMMAND: POST /session/aedfa18944cc4355ab8cbaedf6540575/element - {"using":"xpath","value":"//*[contains(@id, '__text') and (contains(text(), 'successfully created') or contains(., 'successfully created'))]"}
RESULT: {"using":"xpath","value":"//*[contains(@id, '__text') and (contains(text(), 'successfully created') or contains(., 'successfully created'))]"}
COMMAND: GET /session/aedfa18944cc4355ab8cbaedf6540575/element/f.694E2BBF071ECDE7169F205C0A1B1FBC.d.4AEE8AD394FFAFA577E57E798E2843A1.e.16891/text - {}
RESULT: {}
COMMAND: POST /session/aedfa18944cc4355ab8cbaedf6540575/execute/async - {"script":"<script> [1562 bytes]","args":[{"selector":{"controlType":"sap.m.Button","properties":{"text":"Close"},"searchOpenDialogs":true,"interaction":{"idSuffix":"BDI-content"}},"wdio_ui5_key":"sapm.Button{\"text\":\"Close\"}"}]}
RESULT: {"script":"<script> [1562 bytes]","args":[{"selector":{"controlType":"sap.m.Button","properties":{"text":"Close"},"searchOpenDialogs":true,"interaction":{"idSuffix":"BDI-content"}},"wdio_ui5_key":"sapm.Button{\"text\":\"Close\"}"}]}
RESULT: undefined
COMMAND: POST /session/aedfa18944cc4355ab8cbaedf6540575/element - {"using":"xpath","value":"//*[@id=\"__mbox-btn-0\"]"}
RESULT: {"using":"xpath","value":"//*[@id=\"__mbox-btn-0\"]"}
COMMAND: POST /session/aedfa18944cc4355ab8cbaedf6540575/element/f.694E2BBF071ECDE7169F205C0A1B1FBC.d.4AEE8AD394FFAFA577E57E798E2843A1.e.16889/click - {}
RESULT: {}
COMMAND: GET /session/aedfa18944cc4355ab8cbaedf6540575/screenshot - {}
RESULT: {}
COMMAND: POST /session/aedfa18944cc4355ab8cbaedf6540575/execute/async - {"script":"<script> [1562 bytes]","args":[{"selector":{"controlType":"sap.ui.core.Icon","viewName":"etm.portal.ui.manageresources.view.Detail","viewId":"application-manageresources-display-component---detailRU","properties":{"src":{"regex":{"source":"overflow"}}}},"wdio_ui5_key":"etmportal.ui.manageresources.view.Detailsap.ui.core.Icon{\"src\":{\"regex\":{\"source\":\"overflow\"}}}"}]}
RESULT: {"script":"<script> [1562 bytes]","args":[{"selector":{"controlType":"sap.ui.core.Icon","viewName":"etm.portal.ui.manageresources.view.Detail","viewId":"application-manageresources-display-component---detailRU","properties":{"src":{"regex":{"source":"overflow"}}}},"wdio_ui5_key":"etmportal.ui.manageresources.view.Detailsap.ui.core.Icon{\"src\":{\"regex\":{\"source\":\"overflow\"}}}"}]}
RESULT: undefined
COMMAND: POST /session/aedfa18944cc4355ab8cbaedf6540575/element - {"using":"xpath","value":"//*[@id=\"__title36-_actionsToolbar-overflowButton-img\"]"}
RESULT: {"using":"xpath","value":"//*[@id=\"__title36-_actionsToolbar-overflowButton-img\"]"}
COMMAND: POST /session/aedfa18944cc4355ab8cbaedf6540575/element/f.694E2BBF071ECDE7169F205C0A1B1FBC.d.4AEE8AD394FFAFA577E57E798E2843A1.e.16924/click - {}
RESULT: {}
COMMAND: POST /session/aedfa18944cc4355ab8cbaedf6540575/execute/async - {"script":"<script> [1562 bytes]","args":[{"selector":{"controlType":"sap.m.Button","viewName":"etm.portal.ui.manageresources.view.Detail","viewId":"application-manageresources-display-component---detailRU","i18NText":{"propertyName":"tooltip","key":"closeColumn"},"searchOpenDialogs":true,"interaction":{"idSuffix":"inner"}},"wdio_ui5_key":"etmportal.ui.manageresources.view.Detailsap.m.Button{\"propertyName\":\"tooltip\",\"key\":\"closeColumn\"}"}]}
COMMAND: GET /session/aedfa18944cc4355ab8cbaedf6540575/screenshot - {}
RESULT: {"script":"<script> [1562 bytes]","args":[{"selector":{"controlType":"sap.m.Button","viewName":"etm.portal.ui.manageresources.view.Detail","viewId":"application-manageresources-display-component---detailRU","i18NText":{"propertyName":"tooltip","key":"closeColumn"},"searchOpenDialogs":true,"interaction":{"idSuffix":"inner"}},"wdio_ui5_key":"etmportal.ui.manageresources.view.Detailsap.m.Button{\"propertyName\":\"tooltip\",\"key\":\"closeColumn\"}"}]}
RESULT: undefined
RESULT: {}
COMMAND: POST /session/aedfa18944cc4355ab8cbaedf6540575/refresh - {}
RESULT: {}
COMMAND: GET /session/aedfa18944cc4355ab8cbaedf6540575/screenshot - {}
RESULT: {}
COMMAND: POST /session/aedfa18944cc4355ab8cbaedf6540575/refresh - {}
RESULT: undefined
RESULT: undefined
RESULT: {}
COMMAND: GET /session/aedfa18944cc4355ab8cbaedf6540575/screenshot - {}
RESULT: {}
COMMAND: POST /session/aedfa18944cc4355ab8cbaedf6540575/execute/async - {"script":"<script> [189 bytes]","args":[]}
RESULT: undefined
RESULT: undefined
RESULT: {"script":"<script> [189 bytes]","args":[]}
COMMAND: POST /session/aedfa18944cc4355ab8cbaedf6540575/execute/async - {"script":"<script> [123 bytes]","args":[]}
RESULT: {"script":"<script> [123 bytes]","args":[]}
COMMAND: POST /session/aedfa18944cc4355ab8cbaedf6540575/timeouts - {"script":"<number>"}
RESULT: {"script":"<number>"}
COMMAND: GET /session/aedfa18944cc4355ab8cbaedf6540575/timeouts - {}
RESULT: {}
RESULT: undefined
COMMAND: POST /session/aedfa18944cc4355ab8cbaedf6540575/execute/async - {"script":"<script> [2676 bytes]","args":[]}
RESULT: {"script":"<script> [2676 bytes]","args":[]}
COMMAND: POST /session/aedfa18944cc4355ab8cbaedf6540575/execute/async - {"script":"<script> [2342 bytes]","args":[{"protocol":"http","hostname":"0.0.0.0","path":"/","capabilities":{"browserName":"chrome","goog:chromeOptions":{"binary":"C:\\Program Files\\Google\\Chrome\\Application\\chrome.exe","args":["--force-device-scale-factor=0.8","--start-maximized"]}},"logLevel":"warn","connectionRetryTimeout":120000,"connectionRetryCount":3,"logLevels":{},"enableDirectConnect":true,"strictSSL":true,"_":"65 more keys: [\"cacheDir\",\"port\",\"requestedCapabilities\",\"automationProtocol\",\"baseUrl\",\"waitforInterval\",\"waitforTimeout\",\"onReload\",\"beforeCommand\",\"afterCommand\",\"rootDir\",\"specs\",\"suites\",\"exclude\",\"groupLogsByTestSpec\",\"excludeDriverLogs\",\"bail\",\"framework\",\"reporters\",\"services\",\"maxInstances\",\"maxInstancesPerCapability\",\"injectGlobals\",\"filesToWatch\",\"execArgv\",\"runnerEnv\",\"runner\",\"shard\",\"specFileRetries\",\"specFileRetriesDelay\",\"specFileRetriesDeferred\",\"reporterSyncInterval\",\"reporterSyncTimeout\",\"cucumberFeaturesWithLineNumbers\",\"autoCompileOpts\",\"mochaOpts\",\"jasmineOpts\",\"cucumberOpts\",\"onPrepare\",\"onWorkerStart\",\"onWorkerEnd\",\"before\",\"beforeSession\",\"beforeSuite\",\"beforeHook\",\"beforeTest\",\"afterTest\",\"afterHook\",\"afterSuite\",\"afterSession\",\"after\",\"onComplete\",\"beforeAssertion\",\"afterAssertion\",\"beforeFeature\",\"beforeScenario\",\"beforeStep\",\"afterStep\",\"afterScenario\",\"afterFeature\",\"_\",\"suite\",\"$0\",\"ignoredWorkerServices\",\"wdi5\"]"}]}
RESULT: {"script":"<script> [2342 bytes]","args":[{"protocol":"http","hostname":"0.0.0.0","path":"/","capabilities":{"browserName":"chrome","goog:chromeOptions":{"binary":"C:\\Program Files\\Google\\Chrome\\Application\\chrome.exe","args":["--force-device-scale-factor=0.8","--start-maximized"]}},"logLevel":"warn","connectionRetryTimeout":120000,"connectionRetryCount":3,"logLevels":{},"enableDirectConnect":true,"strictSSL":true,"_":"65 more keys: [\"cacheDir\",\"port\",\"requestedCapabilities\",\"automationProtocol\",\"baseUrl\",\"waitforInterval\",\"waitforTimeout\",\"onReload\",\"beforeCommand\",\"afterCommand\",\"rootDir\",\"specs\",\"suites\",\"exclude\",\"groupLogsByTestSpec\",\"excludeDriverLogs\",\"bail\",\"framework\",\"reporters\",\"services\",\"maxInstances\",\"maxInstancesPerCapability\",\"injectGlobals\",\"filesToWatch\",\"execArgv\",\"runnerEnv\",\"runner\",\"shard\",\"specFileRetries\",\"specFileRetriesDelay\",\"specFileRetriesDeferred\",\"reporterSyncInterval\",\"reporterSyncTimeout\",\"cucumberFeaturesWithLineNumbers\",\"autoCompileOpts\",\"mochaOpts\",\"jasmineOpts\",\"cucumberOpts\",\"onPrepare\",\"onWorkerStart\",\"onWorkerEnd\",\"before\",\"beforeSession\",\"beforeSuite\",\"beforeHook\",\"beforeTest\",\"afterTest\",\"afterHook\",\"afterSuite\",\"afterSession\",\"after\",\"onComplete\",\"beforeAssertion\",\"afterAssertion\",\"beforeFeature\",\"beforeScenario\",\"beforeStep\",\"afterStep\",\"afterScenario\",\"afterFeature\",\"_\",\"suite\",\"$0\",\"ignoredWorkerServices\",\"wdi5\"]"}]}
COMMAND: POST /session/aedfa18944cc4355ab8cbaedf6540575/execute/async - {"script":"<script> [21126 bytes]","args":[35000]}
RESULT: {"script":"<script> [21126 bytes]","args":[35000]}
COMMAND: POST /session/aedfa18944cc4355ab8cbaedf6540575/element - {"using":"css selector","value":"#shell-header-logo"}
RESULT: {"using":"css selector","value":"#shell-header-logo"}
COMMAND: POST /session/aedfa18944cc4355ab8cbaedf6540575/element/f.694E2BBF071ECDE7169F205C0A1B1FBC.d.4F75D979AD32DAFC394068545D5EED18.e.16939/click - {}
RESULT: {}
COMMAND: GET /session/aedfa18944cc4355ab8cbaedf6540575/screenshot - {}
RESULT: {}
]]></system-out>
    </testcase>
    <testcase classname="chrome.135_0_7049_42.windows.Create_masterdata_for_Yard_Overview_-_trigger_provide_US130988" name="It should stock increase the resource" time="82.561">
      <system-out><![CDATA[
COMMAND: POST /session/aedfa18944cc4355ab8cbaedf6540575/execute/async - {"script":"<script> [1562 bytes]","args":[{"selector":{"controlType":"sap.m.Text","viewName":"etm.portal.ui.managehandoverstile.view.Master","properties":{"text":"Manage Handovers"},"interaction":{"idSuffix":"inner"}},"wdio_ui5_key":"etmportal.ui.managehandoverstile.view.Mastersap.m.Text{\"text\":\"Manage Handovers\"}"}]}
RESULT: {"script":"<script> [1562 bytes]","args":[{"selector":{"controlType":"sap.m.Text","viewName":"etm.portal.ui.managehandoverstile.view.Master","properties":{"text":"Manage Handovers"},"interaction":{"idSuffix":"inner"}},"wdio_ui5_key":"etmportal.ui.managehandoverstile.view.Mastersap.m.Text{\"text\":\"Manage Handovers\"}"}]}
RESULT: undefined
COMMAND: POST /session/aedfa18944cc4355ab8cbaedf6540575/element - {"using":"xpath","value":"//*[@id=\"__tile130-title\"]"}
RESULT: {"using":"xpath","value":"//*[@id=\"__tile130-title\"]"}
COMMAND: POST /session/aedfa18944cc4355ab8cbaedf6540575/element/f.694E2BBF071ECDE7169F205C0A1B1FBC.d.4F75D979AD32DAFC394068545D5EED18.e.17227/click - {}
RESULT: {}
COMMAND: GET /session/aedfa18944cc4355ab8cbaedf6540575/screenshot - {}
RESULT: {}
COMMAND: POST /session/aedfa18944cc4355ab8cbaedf6540575/element - {"using":"xpath","value":"//button[@data-kt=\"masterHOAddButton\"]"}
RESULT: {"using":"xpath","value":"//button[@data-kt=\"masterHOAddButton\"]"}
COMMAND: POST /session/aedfa18944cc4355ab8cbaedf6540575/execute/sync - {"script":"<script> [8489 bytes]","args":[{"element-6066-11e4-a52e-4f735466cecf":"f.694E2BBF071ECDE7169F205C0A1B1FBC.d.4F75D979AD32DAFC394068545D5EED18.e.17261","ELEMENT":"f.694E2BBF071ECDE7169F205C0A1B1FBC.d.4F75D979AD32DAFC394068545D5EED18.e.17261"}]}
RESULT: {"script":"<script> [8489 bytes]","args":[{"element-6066-11e4-a52e-4f735466cecf":"f.694E2BBF071ECDE7169F205C0A1B1FBC.d.4F75D979AD32DAFC394068545D5EED18.e.17261","ELEMENT":"f.694E2BBF071ECDE7169F205C0A1B1FBC.d.4F75D979AD32DAFC394068545D5EED18.e.17261"}]}
COMMAND: POST /session/aedfa18944cc4355ab8cbaedf6540575/element/f.694E2BBF071ECDE7169F205C0A1B1FBC.d.4F75D979AD32DAFC394068545D5EED18.e.17261/click - {}
COMMAND: GET /session/aedfa18944cc4355ab8cbaedf6540575/screenshot - {}
RESULT: {}
COMMAND: GET /session/aedfa18944cc4355ab8cbaedf6540575/screenshot - {}
RESULT: {}
COMMAND: POST /session/aedfa18944cc4355ab8cbaedf6540575/element - {"using":"xpath","value":"//span[contains(@id ,\"AddNewHO--typeSelect-arrow\")]"}
RESULT: {}
RESULT: {"using":"xpath","value":"//span[contains(@id ,\"AddNewHO--typeSelect-arrow\")]"}
COMMAND: POST /session/aedfa18944cc4355ab8cbaedf6540575/elements - {"using":"xpath","value":"//span[contains(@id ,\"AddNewHO--typeSelect-arrow\")]"}
RESULT: {"using":"xpath","value":"//span[contains(@id ,\"AddNewHO--typeSelect-arrow\")]"}
COMMAND: POST /session/aedfa18944cc4355ab8cbaedf6540575/elements - {"using":"xpath","value":"//span[contains(@id ,\"AddNewHO--typeSelect-arrow\")]"}
RESULT: {"using":"xpath","value":"//span[contains(@id ,\"AddNewHO--typeSelect-arrow\")]"}
COMMAND: POST /session/aedfa18944cc4355ab8cbaedf6540575/element - {"using":"xpath","value":"//span[contains(@id ,\"AddNewHO--typeSelect-arrow\")]"}
RESULT: {"using":"xpath","value":"//span[contains(@id ,\"AddNewHO--typeSelect-arrow\")]"}
COMMAND: POST /session/aedfa18944cc4355ab8cbaedf6540575/element/f.694E2BBF071ECDE7169F205C0A1B1FBC.d.4F75D979AD32DAFC394068545D5EED18.e.17554/click - {}
RESULT: {}
COMMAND: GET /session/aedfa18944cc4355ab8cbaedf6540575/screenshot - {}
RESULT: {}
COMMAND: POST /session/aedfa18944cc4355ab8cbaedf6540575/element - {"using":"xpath","value":"(//li[contains(text(), \"stock increase yard\")])[1]"}
RESULT: {"using":"xpath","value":"(//li[contains(text(), \"stock increase yard\")])[1]"}
COMMAND: POST /session/aedfa18944cc4355ab8cbaedf6540575/element/f.694E2BBF071ECDE7169F205C0A1B1FBC.d.4F75D979AD32DAFC394068545D5EED18.e.17557/click - {}
RESULT: {}
COMMAND: GET /session/aedfa18944cc4355ab8cbaedf6540575/screenshot - {}
RESULT: {}
COMMAND: POST /session/aedfa18944cc4355ab8cbaedf6540575/execute/async - {"script":"<script> [1562 bytes]","args":[{"selector":{"id":"application-managehandovers-display-component---AddNewHO--dueDate","interaction":{"idSuffix":"inner"}},"wdio_ui5_key":"applicationmanagehandovers-display-component---AddNewHO--dueDate"}]}
RESULT: {"script":"<script> [1562 bytes]","args":[{"selector":{"id":"application-managehandovers-display-component---AddNewHO--dueDate","interaction":{"idSuffix":"inner"}},"wdio_ui5_key":"applicationmanagehandovers-display-component---AddNewHO--dueDate"}]}
RESULT: undefined
COMMAND: POST /session/aedfa18944cc4355ab8cbaedf6540575/execute/async - {"script":"<script> [6424 bytes]","args":[{"element-6066-11e4-a52e-4f735466cecf":"f.694E2BBF071ECDE7169F205C0A1B1FBC.d.4F75D979AD32DAFC394068545D5EED18.e.17561"},"setValue",["04/14/2025"]]}
RESULT: {"script":"<script> [6424 bytes]","args":[{"element-6066-11e4-a52e-4f735466cecf":"f.694E2BBF071ECDE7169F205C0A1B1FBC.d.4F75D979AD32DAFC394068545D5EED18.e.17561"},"setValue",["04/14/2025"]]}
COMMAND: POST /session/aedfa18944cc4355ab8cbaedf6540575/element - {"using":"xpath","value":"//input[@id=\"generalSectionFrg--receiveYard-inner\"]"}
RESULT: {"using":"xpath","value":"//input[@id=\"generalSectionFrg--receiveYard-inner\"]"}
COMMAND: POST /session/aedfa18944cc4355ab8cbaedf6540575/element/f.694E2BBF071ECDE7169F205C0A1B1FBC.d.4F75D979AD32DAFC394068545D5EED18.e.17567/clear - {}
RESULT: {}
COMMAND: POST /session/aedfa18944cc4355ab8cbaedf6540575/element/f.694E2BBF071ECDE7169F205C0A1B1FBC.d.4F75D979AD32DAFC394068545D5EED18.e.17567/value - {"text":"WebdriverYardd46ad"}
COMMAND: GET /session/aedfa18944cc4355ab8cbaedf6540575/screenshot - {}
RESULT: {"text":"WebdriverYardd46ad"}
COMMAND: GET /session/aedfa18944cc4355ab8cbaedf6540575/screenshot - {}
RESULT: {}
RESULT: {}
COMMAND: POST /session/aedfa18944cc4355ab8cbaedf6540575/execute/async - {"script":"<script> [1562 bytes]","args":[{"selector":{"id":"application-managehandovers-display-component---AddNewHO--ObjectPageLayout-anchBar-application-managehandovers-display-component---AddNewHO--section4-anchor","interaction":{"idSuffix":"BDI-content"}},"wdio_ui5_key":"applicationmanagehandovers-display-component---AddNewHO--ObjectPageLayout-anchBar-application-managehandovers-display-component---AddNewHO--section4-anchor"}]}
RESULT: {"script":"<script> [1562 bytes]","args":[{"selector":{"id":"application-managehandovers-display-component---AddNewHO--ObjectPageLayout-anchBar-application-managehandovers-display-component---AddNewHO--section4-anchor","interaction":{"idSuffix":"BDI-content"}},"wdio_ui5_key":"applicationmanagehandovers-display-component---AddNewHO--ObjectPageLayout-anchBar-application-managehandovers-display-component---AddNewHO--section4-anchor"}]}
RESULT: undefined
COMMAND: POST /session/aedfa18944cc4355ab8cbaedf6540575/element - {"using":"xpath","value":"//*[@id=\"application-managehandovers-display-component---AddNewHO--ObjectPageLayout-anchBar-application-managehandovers-display-component---AddNewHO--section4-anchor\"]"}
RESULT: {"using":"xpath","value":"//*[@id=\"application-managehandovers-display-component---AddNewHO--ObjectPageLayout-anchBar-application-managehandovers-display-component---AddNewHO--section4-anchor\"]"}
COMMAND: POST /session/aedfa18944cc4355ab8cbaedf6540575/element/f.694E2BBF071ECDE7169F205C0A1B1FBC.d.4F75D979AD32DAFC394068545D5EED18.e.17581/click - {}
RESULT: {}
COMMAND: GET /session/aedfa18944cc4355ab8cbaedf6540575/screenshot - {}
RESULT: {}
COMMAND: POST /session/aedfa18944cc4355ab8cbaedf6540575/element - {"using":"xpath","value":"//button[@aria-label=\"Add\"]"}
RESULT: {"using":"xpath","value":"//button[@aria-label=\"Add\"]"}
COMMAND: POST /session/aedfa18944cc4355ab8cbaedf6540575/element/f.694E2BBF071ECDE7169F205C0A1B1FBC.d.4F75D979AD32DAFC394068545D5EED18.e.17585/click - {}
RESULT: {}
COMMAND: GET /session/aedfa18944cc4355ab8cbaedf6540575/screenshot - {}
RESULT: {}
COMMAND: POST /session/aedfa18944cc4355ab8cbaedf6540575/execute/async - {"script":"<script> [1562 bytes]","args":[{"selector":{"id":"application-managehandovers-display-component---AddNewHO--smartFilterBar-btnBasicSearch","searchOpenDialogs":true,"interaction":{"idSuffix":"I"}},"wdio_ui5_key":"applicationmanagehandovers-display-component---AddNewHO--smartFilterBar-btnBasicSearch"}]}
RESULT: {"script":"<script> [1562 bytes]","args":[{"selector":{"id":"application-managehandovers-display-component---AddNewHO--smartFilterBar-btnBasicSearch","searchOpenDialogs":true,"interaction":{"idSuffix":"I"}},"wdio_ui5_key":"applicationmanagehandovers-display-component---AddNewHO--smartFilterBar-btnBasicSearch"}]}
RESULT: undefined
COMMAND: POST /session/aedfa18944cc4355ab8cbaedf6540575/execute/async - {"script":"<script> [776 bytes]","args":[{"enterText":"WebdriverRUR2Cw0fa4","selector":{"id":"application-managehandovers-display-component---AddNewHO--smartFilterBar-btnBasicSearch","searchOpenDialogs":true,"interaction":{"idSuffix":"I"}},"clearTextFirst":true,"interactionType":"ENTER_TEXT"}]}
RESULT: {"script":"<script> [776 bytes]","args":[{"enterText":"WebdriverRUR2Cw0fa4","selector":{"id":"application-managehandovers-display-component---AddNewHO--smartFilterBar-btnBasicSearch","searchOpenDialogs":true,"interaction":{"idSuffix":"I"}},"clearTextFirst":true,"interactionType":"ENTER_TEXT"}]}
COMMAND: POST /session/aedfa18944cc4355ab8cbaedf6540575/actions - {"actions":[{"id":"action40","type":"key","parameters":{},"actions":[{"type":"keyDown","value":""},{"type":"pause","duration":10},{"type":"keyUp","value":""}]}]}
RESULT: {"actions":[{"id":"action40","type":"key","parameters":{},"actions":[{"type":"keyDown","value":""},{"type":"pause","duration":10},{"type":"keyUp","value":""}]}]}
COMMAND: POST /session/aedfa18944cc4355ab8cbaedf6540575/execute/async - {"script":"<script> [1562 bytes]","args":[{"selector":{"id":"application-managehandovers-display-component---AddNewHO--popup-sa","searchOpenDialogs":true,"interaction":{"idSuffix":"CbBg"}},"wdio_ui5_key":"applicationmanagehandovers-display-component---AddNewHO--popup-sa"}]}
COMMAND: GET /session/aedfa18944cc4355ab8cbaedf6540575/screenshot - {}
RESULT: {"script":"<script> [1562 bytes]","args":[{"selector":{"id":"application-managehandovers-display-component---AddNewHO--popup-sa","searchOpenDialogs":true,"interaction":{"idSuffix":"CbBg"}},"wdio_ui5_key":"applicationmanagehandovers-display-component---AddNewHO--popup-sa"}]}
RESULT: undefined
COMMAND: POST /session/aedfa18944cc4355ab8cbaedf6540575/element - {"using":"xpath","value":"//*[@id=\"application-managehandovers-display-component---AddNewHO--popup-sa\"]"}
RESULT: {}
RESULT: {"using":"xpath","value":"//*[@id=\"application-managehandovers-display-component---AddNewHO--popup-sa\"]"}
COMMAND: POST /session/aedfa18944cc4355ab8cbaedf6540575/element/f.694E2BBF071ECDE7169F205C0A1B1FBC.d.4F75D979AD32DAFC394068545D5EED18.e.17679/click - {}
RESULT: {}
COMMAND: GET /session/aedfa18944cc4355ab8cbaedf6540575/screenshot - {}
RESULT: {}
COMMAND: POST /session/aedfa18944cc4355ab8cbaedf6540575/element - {"using":"xpath","value":"//bdi[contains(text(), \"Select\")]"}
RESULT: {"using":"xpath","value":"//bdi[contains(text(), \"Select\")]"}
COMMAND: POST /session/aedfa18944cc4355ab8cbaedf6540575/element/f.694E2BBF071ECDE7169F205C0A1B1FBC.d.4F75D979AD32DAFC394068545D5EED18.e.17680/click - {}
RESULT: {}
COMMAND: GET /session/aedfa18944cc4355ab8cbaedf6540575/screenshot - {}
RESULT: {}
COMMAND: POST /session/aedfa18944cc4355ab8cbaedf6540575/execute/async - {"script":"<script> [1562 bytes]","args":[{"selector":{"controlType":"sap.m.Input","viewName":"etm.portal.ui.managehandovers.view.AddNewHO","viewId":"application-managehandovers-display-component---AddNewHO","bindingPath":{"path":"/items/0","propertyPath":"TYPE","modelName":"hoItemsModel"},"interaction":{"idSuffix":"inner"}},"wdio_ui5_key":"etmportal.ui.managehandovers.view.AddNewHOsap.m.Input{\"path\":\"/items/0\",\"propertyPath\":\"TYPE\",\"modelName\":\"hoItemsModel\"}"}]}
RESULT: {"script":"<script> [1562 bytes]","args":[{"selector":{"controlType":"sap.m.Input","viewName":"etm.portal.ui.managehandovers.view.AddNewHO","viewId":"application-managehandovers-display-component---AddNewHO","bindingPath":{"path":"/items/0","propertyPath":"TYPE","modelName":"hoItemsModel"},"interaction":{"idSuffix":"inner"}},"wdio_ui5_key":"etmportal.ui.managehandovers.view.AddNewHOsap.m.Input{\"path\":\"/items/0\",\"propertyPath\":\"TYPE\",\"modelName\":\"hoItemsModel\"}"}]}
RESULT: undefined
COMMAND: POST /session/aedfa18944cc4355ab8cbaedf6540575/execute/async - {"script":"<script> [776 bytes]","args":[{"enterText":"100","selector":{"controlType":"sap.m.Input","viewName":"etm.portal.ui.managehandovers.view.AddNewHO","viewId":"application-managehandovers-display-component---AddNewHO","bindingPath":{"path":"/items/0","propertyPath":"TYPE","modelName":"hoItemsModel"},"interaction":{"idSuffix":"inner"}},"clearTextFirst":true,"interactionType":"ENTER_TEXT"}]}
RESULT: {"script":"<script> [776 bytes]","args":[{"enterText":"100","selector":{"controlType":"sap.m.Input","viewName":"etm.portal.ui.managehandovers.view.AddNewHO","viewId":"application-managehandovers-display-component---AddNewHO","bindingPath":{"path":"/items/0","propertyPath":"TYPE","modelName":"hoItemsModel"},"interaction":{"idSuffix":"inner"}},"clearTextFirst":true,"interactionType":"ENTER_TEXT"}]}
COMMAND: POST /session/aedfa18944cc4355ab8cbaedf6540575/element - {"using":"xpath","value":"//button[@data-kt=\"AddNewHOSaveButton\"]"}
RESULT: {"using":"xpath","value":"//button[@data-kt=\"AddNewHOSaveButton\"]"}
COMMAND: POST /session/aedfa18944cc4355ab8cbaedf6540575/element/f.694E2BBF071ECDE7169F205C0A1B1FBC.d.4F75D979AD32DAFC394068545D5EED18.e.17685/click - {}
RESULT: {}
COMMAND: GET /session/aedfa18944cc4355ab8cbaedf6540575/screenshot - {}
COMMAND: POST /session/aedfa18944cc4355ab8cbaedf6540575/execute/async - {"script":"<script> [1562 bytes]","args":[{"selector":{"id":"receiptDatePicker","viewName":"etm.portal.ui.managehandovers.view.DetailExecuteHO","interaction":{"idSuffix":"inner"}},"wdio_ui5_key":"receiptDatePickeretmportal.ui.managehandovers.view.DetailExecuteHO"}]}
RESULT: {}
RESULT: {"script":"<script> [1562 bytes]","args":[{"selector":{"id":"receiptDatePicker","viewName":"etm.portal.ui.managehandovers.view.DetailExecuteHO","interaction":{"idSuffix":"inner"}},"wdio_ui5_key":"receiptDatePickeretmportal.ui.managehandovers.view.DetailExecuteHO"}]}
RESULT: undefined
COMMAND: POST /session/aedfa18944cc4355ab8cbaedf6540575/execute/async - {"script":"<script> [6424 bytes]","args":[{"element-6066-11e4-a52e-4f735466cecf":"f.694E2BBF071ECDE7169F205C0A1B1FBC.d.4F75D979AD32DAFC394068545D5EED18.e.17718"},"setValue",["04/14/2025"]]}
RESULT: {"script":"<script> [6424 bytes]","args":[{"element-6066-11e4-a52e-4f735466cecf":"f.694E2BBF071ECDE7169F205C0A1B1FBC.d.4F75D979AD32DAFC394068545D5EED18.e.17718"},"setValue",["04/14/2025"]]}
COMMAND: POST /session/aedfa18944cc4355ab8cbaedf6540575/element - {"using":"xpath","value":"//button[@data-kt=\"PickingTableConfirmAllButton\"]"}
RESULT: {"using":"xpath","value":"//button[@data-kt=\"PickingTableConfirmAllButton\"]"}
COMMAND: POST /session/aedfa18944cc4355ab8cbaedf6540575/element/f.694E2BBF071ECDE7169F205C0A1B1FBC.d.4F75D979AD32DAFC394068545D5EED18.e.17731/click - {}
RESULT: {}
COMMAND: GET /session/aedfa18944cc4355ab8cbaedf6540575/screenshot - {}
RESULT: {}
COMMAND: POST /session/aedfa18944cc4355ab8cbaedf6540575/element - {"using":"xpath","value":"//bdi[contains(text(), \"OK\")]"}
RESULT: {"using":"xpath","value":"//bdi[contains(text(), \"OK\")]"}
COMMAND: POST /session/aedfa18944cc4355ab8cbaedf6540575/element/f.694E2BBF071ECDE7169F205C0A1B1FBC.d.4F75D979AD32DAFC394068545D5EED18.e.17734/click - {}
RESULT: {}
COMMAND: GET /session/aedfa18944cc4355ab8cbaedf6540575/screenshot - {}
RESULT: {}
COMMAND: POST /session/aedfa18944cc4355ab8cbaedf6540575/element - {"using":"xpath","value":"(//bdi[contains(text(), \"Receive\")])[2]"}
RESULT: {"using":"xpath","value":"(//bdi[contains(text(), \"Receive\")])[2]"}
COMMAND: POST /session/aedfa18944cc4355ab8cbaedf6540575/element/f.694E2BBF071ECDE7169F205C0A1B1FBC.d.4F75D979AD32DAFC394068545D5EED18.e.17735/click - {}
RESULT: {}
COMMAND: GET /session/aedfa18944cc4355ab8cbaedf6540575/screenshot - {}
RESULT: {}
COMMAND: POST /session/aedfa18944cc4355ab8cbaedf6540575/element - {"using":"css selector","value":"#shell-header-logo"}
RESULT: {"using":"css selector","value":"#shell-header-logo"}
COMMAND: POST /session/aedfa18944cc4355ab8cbaedf6540575/element/f.694E2BBF071ECDE7169F205C0A1B1FBC.d.4F75D979AD32DAFC394068545D5EED18.e.17229/click - {}
RESULT: {}
]]></system-out>
    </testcase>
    <testcase classname="chrome.135_0_7049_42.windows.Create_masterdata_for_Yard_Overview_-_trigger_provide_US130988" name="Should create a new contract" time="55.276">
      <system-out><![CDATA[
COMMAND: POST /session/aedfa18944cc4355ab8cbaedf6540575/execute/async - {"script":"<script> [1562 bytes]","args":[{"selector":{"controlType":"sap.m.GenericTile","viewName":"etm.portal.ui.managecontractstile.view.Master","i18NText":{"propertyName":"header","key":"manageContractsTileTitle"}},"wdio_ui5_key":"etmportal.ui.managecontractstile.view.Mastersap.m.GenericTile{\"propertyName\":\"header\",\"key\":\"manageContractsTileTitle\"}"}]}
COMMAND: GET /session/aedfa18944cc4355ab8cbaedf6540575/screenshot - {}
RESULT: {"script":"<script> [1562 bytes]","args":[{"selector":{"controlType":"sap.m.GenericTile","viewName":"etm.portal.ui.managecontractstile.view.Master","i18NText":{"propertyName":"header","key":"manageContractsTileTitle"}},"wdio_ui5_key":"etmportal.ui.managecontractstile.view.Mastersap.m.GenericTile{\"propertyName\":\"header\",\"key\":\"manageContractsTileTitle\"}"}]}
RESULT: undefined
COMMAND: POST /session/aedfa18944cc4355ab8cbaedf6540575/element - {"using":"xpath","value":"//*[@id=\"__tile132\"]"}
RESULT: {}
RESULT: {"using":"xpath","value":"//*[@id=\"__tile132\"]"}
COMMAND: POST /session/aedfa18944cc4355ab8cbaedf6540575/element/f.694E2BBF071ECDE7169F205C0A1B1FBC.d.4F75D979AD32DAFC394068545D5EED18.e.17876/click - {}
RESULT: {}
COMMAND: GET /session/aedfa18944cc4355ab8cbaedf6540575/screenshot - {}
RESULT: {}
RESULT: undefined
RESULT: undefined
COMMAND: POST /session/aedfa18944cc4355ab8cbaedf6540575/element - {"using":"xpath","value":"//button[@data-kt=\"addButton\"]"}
RESULT: {"using":"xpath","value":"//button[@data-kt=\"addButton\"]"}
COMMAND: POST /session/aedfa18944cc4355ab8cbaedf6540575/element/f.694E2BBF071ECDE7169F205C0A1B1FBC.d.4F75D979AD32DAFC394068545D5EED18.e.17910/click - {}
RESULT: {}
COMMAND: GET /session/aedfa18944cc4355ab8cbaedf6540575/screenshot - {}
RESULT: {}
COMMAND: POST /session/aedfa18944cc4355ab8cbaedf6540575/execute/async - {"script":"<script> [1562 bytes]","args":[{"selector":{"id":"application-managecontracts-display-component---AddNewContract--projectDescription","interaction":{"idSuffix":"inner"}},"wdio_ui5_key":"applicationmanagecontracts-display-component---AddNewContract--projectDescription"}]}
RESULT: {"script":"<script> [1562 bytes]","args":[{"selector":{"id":"application-managecontracts-display-component---AddNewContract--projectDescription","interaction":{"idSuffix":"inner"}},"wdio_ui5_key":"applicationmanagecontracts-display-component---AddNewContract--projectDescription"}]}
RESULT: undefined
COMMAND: POST /session/aedfa18944cc4355ab8cbaedf6540575/execute/async - {"script":"<script> [776 bytes]","args":[{"enterText":"WdIOOverviewd72lm","selector":{"id":"application-managecontracts-display-component---AddNewContract--projectDescription","interaction":{"idSuffix":"inner"}},"clearTextFirst":true,"interactionType":"ENTER_TEXT"}]}
RESULT: {"script":"<script> [776 bytes]","args":[{"enterText":"WdIOOverviewd72lm","selector":{"id":"application-managecontracts-display-component---AddNewContract--projectDescription","interaction":{"idSuffix":"inner"}},"clearTextFirst":true,"interactionType":"ENTER_TEXT"}]}
COMMAND: POST /session/aedfa18944cc4355ab8cbaedf6540575/element - {"using":"xpath","value":"//input[@id=\"application-managecontracts-display-component---AddNewContract--yardId-inner\"]"}
RESULT: {"using":"xpath","value":"//input[@id=\"application-managecontracts-display-component---AddNewContract--yardId-inner\"]"}
COMMAND: POST /session/aedfa18944cc4355ab8cbaedf6540575/element/f.694E2BBF071ECDE7169F205C0A1B1FBC.d.4F75D979AD32DAFC394068545D5EED18.e.18363/clear - {}
RESULT: {}
COMMAND: POST /session/aedfa18944cc4355ab8cbaedf6540575/element/f.694E2BBF071ECDE7169F205C0A1B1FBC.d.4F75D979AD32DAFC394068545D5EED18.e.18363/value - {"text":"WebdriverYardd46ad"}
COMMAND: GET /session/aedfa18944cc4355ab8cbaedf6540575/screenshot - {}
RESULT: {"text":"WebdriverYardd46ad"}
COMMAND: GET /session/aedfa18944cc4355ab8cbaedf6540575/screenshot - {}
RESULT: {}
RESULT: {}
COMMAND: POST /session/aedfa18944cc4355ab8cbaedf6540575/actions - {"actions":[{"id":"action41","type":"key","parameters":{},"actions":[{"type":"keyDown","value":""},{"type":"pause","duration":10},{"type":"keyUp","value":""}]}]}
RESULT: {"actions":[{"id":"action41","type":"key","parameters":{},"actions":[{"type":"keyDown","value":""},{"type":"pause","duration":10},{"type":"keyUp","value":""}]}]}
COMMAND: GET /session/aedfa18944cc4355ab8cbaedf6540575/screenshot - {}
RESULT: {}
COMMAND: POST /session/aedfa18944cc4355ab8cbaedf6540575/element - {"using":"xpath","value":"//input[@id=\"application-managecontracts-display-component---AddNewContract--customerSelect-inner\"]"}
RESULT: {"using":"xpath","value":"//input[@id=\"application-managecontracts-display-component---AddNewContract--customerSelect-inner\"]"}
COMMAND: POST /session/aedfa18944cc4355ab8cbaedf6540575/element/f.694E2BBF071ECDE7169F205C0A1B1FBC.d.4F75D979AD32DAFC394068545D5EED18.e.18361/clear - {}
RESULT: {}
COMMAND: POST /session/aedfa18944cc4355ab8cbaedf6540575/element/f.694E2BBF071ECDE7169F205C0A1B1FBC.d.4F75D979AD32DAFC394068545D5EED18.e.18361/value - {"text":"WebdriverPartnerjlusv"}
COMMAND: GET /session/aedfa18944cc4355ab8cbaedf6540575/screenshot - {}
RESULT: {"text":"WebdriverPartnerjlusv"}
COMMAND: GET /session/aedfa18944cc4355ab8cbaedf6540575/screenshot - {}
RESULT: {}
RESULT: {}
COMMAND: POST /session/aedfa18944cc4355ab8cbaedf6540575/actions - {"actions":[{"id":"action42","type":"key","parameters":{},"actions":[{"type":"keyDown","value":""},{"type":"pause","duration":10},{"type":"keyUp","value":""}]}]}
RESULT: {"actions":[{"id":"action42","type":"key","parameters":{},"actions":[{"type":"keyDown","value":""},{"type":"pause","duration":10},{"type":"keyUp","value":""}]}]}
COMMAND: GET /session/aedfa18944cc4355ab8cbaedf6540575/screenshot - {}
RESULT: {}
COMMAND: POST /session/aedfa18944cc4355ab8cbaedf6540575/element - {"using":"xpath","value":"//input[@id=\"application-managecontracts-display-component---AddNewContract--site-inner\"]"}
RESULT: {"using":"xpath","value":"//input[@id=\"application-managecontracts-display-component---AddNewContract--site-inner\"]"}
COMMAND: POST /session/aedfa18944cc4355ab8cbaedf6540575/element/f.694E2BBF071ECDE7169F205C0A1B1FBC.d.4F75D979AD32DAFC394068545D5EED18.e.18362/clear - {}
RESULT: {}
COMMAND: POST /session/aedfa18944cc4355ab8cbaedf6540575/element/f.694E2BBF071ECDE7169F205C0A1B1FBC.d.4F75D979AD32DAFC394068545D5EED18.e.18362/value - {"text":"WebdriverSitenxxtyh"}
COMMAND: GET /session/aedfa18944cc4355ab8cbaedf6540575/screenshot - {}
RESULT: {"text":"WebdriverSitenxxtyh"}
COMMAND: GET /session/aedfa18944cc4355ab8cbaedf6540575/screenshot - {}
RESULT: {}
RESULT: {}
COMMAND: POST /session/aedfa18944cc4355ab8cbaedf6540575/actions - {"actions":[{"id":"action43","type":"key","parameters":{},"actions":[{"type":"keyDown","value":""},{"type":"pause","duration":10},{"type":"keyUp","value":""}]}]}
RESULT: {"actions":[{"id":"action43","type":"key","parameters":{},"actions":[{"type":"keyDown","value":""},{"type":"pause","duration":10},{"type":"keyUp","value":""}]}]}
COMMAND: GET /session/aedfa18944cc4355ab8cbaedf6540575/screenshot - {}
RESULT: {}
COMMAND: POST /session/aedfa18944cc4355ab8cbaedf6540575/element - {"using":"xpath","value":"//button[@data-kt=\"saveButton\"]"}
RESULT: {"using":"xpath","value":"//button[@data-kt=\"saveButton\"]"}
COMMAND: POST /session/aedfa18944cc4355ab8cbaedf6540575/element/f.694E2BBF071ECDE7169F205C0A1B1FBC.d.4F75D979AD32DAFC394068545D5EED18.e.18380/click - {}
RESULT: {}
COMMAND: GET /session/aedfa18944cc4355ab8cbaedf6540575/screenshot - {}
RESULT: {}
COMMAND: POST /session/aedfa18944cc4355ab8cbaedf6540575/execute/async - {"script":"<script> [1562 bytes]","args":[{"selector":{"id":"contractDetailTitleNoExpanded","viewName":"etm.portal.ui.managecontracts.view.Detail"},"wdio_ui5_key":"contractDetailTitleNoExpandedetmportal.ui.managecontracts.view.Detail"}]}
RESULT: {"script":"<script> [1562 bytes]","args":[{"selector":{"id":"contractDetailTitleNoExpanded","viewName":"etm.portal.ui.managecontracts.view.Detail"},"wdio_ui5_key":"contractDetailTitleNoExpandedetmportal.ui.managecontracts.view.Detail"}]}
RESULT: undefined
COMMAND: POST /session/aedfa18944cc4355ab8cbaedf6540575/execute/async - {"script":"<script> [6424 bytes]","args":[{"element-6066-11e4-a52e-4f735466cecf":"f.694E2BBF071ECDE7169F205C0A1B1FBC.d.4F75D979AD32DAFC394068545D5EED18.e.18397"},"getText",[]]}
RESULT: {"script":"<script> [6424 bytes]","args":[{"element-6066-11e4-a52e-4f735466cecf":"f.694E2BBF071ECDE7169F205C0A1B1FBC.d.4F75D979AD32DAFC394068545D5EED18.e.18397"},"getText",[]]}
]]></system-out>
    </testcase>
    <testcase classname="chrome.135_0_7049_42.windows.Create_masterdata_for_Yard_Overview_-_trigger_provide_US130988" name="Should add material to the contract" time="46.209">
      <system-out><![CDATA[
COMMAND: POST /session/aedfa18944cc4355ab8cbaedf6540575/element - {"using":"xpath","value":"//button[@data-kt=\"contractDetailEditBtnButton\"]"}
RESULT: {"using":"xpath","value":"//button[@data-kt=\"contractDetailEditBtnButton\"]"}
COMMAND: POST /session/aedfa18944cc4355ab8cbaedf6540575/element/f.694E2BBF071ECDE7169F205C0A1B1FBC.d.4F75D979AD32DAFC394068545D5EED18.e.18398/click - {}
RESULT: {}
COMMAND: GET /session/aedfa18944cc4355ab8cbaedf6540575/screenshot - {}
RESULT: {}
COMMAND: POST /session/aedfa18944cc4355ab8cbaedf6540575/element - {"using":"xpath","value":"(//span[contains(text(), \"Additional Addresses\")])[2]"}
RESULT: {"using":"xpath","value":"(//span[contains(text(), \"Additional Addresses\")])[2]"}
COMMAND: POST /session/aedfa18944cc4355ab8cbaedf6540575/element/f.694E2BBF071ECDE7169F205C0A1B1FBC.d.4F75D979AD32DAFC394068545D5EED18.e.18455/click - {}
RESULT: {}
COMMAND: GET /session/aedfa18944cc4355ab8cbaedf6540575/screenshot - {}
RESULT: {}
COMMAND: POST /session/aedfa18944cc4355ab8cbaedf6540575/element - {"using":"xpath","value":"//button[@data-kt=\"btnAddTableRowOverflowToolbarButton\"]"}
RESULT: {"using":"xpath","value":"//button[@data-kt=\"btnAddTableRowOverflowToolbarButton\"]"}
COMMAND: POST /session/aedfa18944cc4355ab8cbaedf6540575/element/f.694E2BBF071ECDE7169F205C0A1B1FBC.d.4F75D979AD32DAFC394068545D5EED18.e.18458/click - {}
RESULT: {}
COMMAND: GET /session/aedfa18944cc4355ab8cbaedf6540575/screenshot - {}
RESULT: {}
COMMAND: POST /session/aedfa18944cc4355ab8cbaedf6540575/element - {"using":"xpath","value":"//div[(text() = 'Standard Entry' or . = 'Standard Entry')]"}
RESULT: {"using":"xpath","value":"//div[(text() = 'Standard Entry' or . = 'Standard Entry')]"}
COMMAND: POST /session/aedfa18944cc4355ab8cbaedf6540575/element/f.694E2BBF071ECDE7169F205C0A1B1FBC.d.4F75D979AD32DAFC394068545D5EED18.e.18460/click - {}
RESULT: {}
COMMAND: POST /session/aedfa18944cc4355ab8cbaedf6540575/element - {"using":"xpath","value":"//td[6]/div/div/input[1]"}
COMMAND: GET /session/aedfa18944cc4355ab8cbaedf6540575/screenshot - {}
RESULT: {"using":"xpath","value":"//td[6]/div/div/input[1]"}
COMMAND: POST /session/aedfa18944cc4355ab8cbaedf6540575/element/f.694E2BBF071ECDE7169F205C0A1B1FBC.d.4F75D979AD32DAFC394068545D5EED18.e.18462/click - {}
RESULT: {}
RESULT: {}
COMMAND: POST /session/aedfa18944cc4355ab8cbaedf6540575/actions - {"actions":[{"id":"action44","type":"key","parameters":{},"actions":[{"type":"keyDown","value":""},{"type":"pause","duration":10},{"type":"keyUp","value":""}]}]}
COMMAND: GET /session/aedfa18944cc4355ab8cbaedf6540575/screenshot - {}
RESULT: {"actions":[{"id":"action44","type":"key","parameters":{},"actions":[{"type":"keyDown","value":""},{"type":"pause","duration":10},{"type":"keyUp","value":""}]}]}
COMMAND: POST /session/aedfa18944cc4355ab8cbaedf6540575/element - {"using":"xpath","value":"//td[6]/div/div/input[1]"}
COMMAND: GET /session/aedfa18944cc4355ab8cbaedf6540575/screenshot - {}
RESULT: {}
RESULT: {}
RESULT: {"using":"xpath","value":"//td[6]/div/div/input[1]"}
COMMAND: POST /session/aedfa18944cc4355ab8cbaedf6540575/element/f.694E2BBF071ECDE7169F205C0A1B1FBC.d.4F75D979AD32DAFC394068545D5EED18.e.18462/clear - {}
RESULT: {}
COMMAND: POST /session/aedfa18944cc4355ab8cbaedf6540575/element/f.694E2BBF071ECDE7169F205C0A1B1FBC.d.4F75D979AD32DAFC394068545D5EED18.e.18462/value - {"text":"Material"}
COMMAND: GET /session/aedfa18944cc4355ab8cbaedf6540575/screenshot - {}
RESULT: {"text":"Material"}
COMMAND: GET /session/aedfa18944cc4355ab8cbaedf6540575/screenshot - {}
RESULT: {}
RESULT: {}
COMMAND: POST /session/aedfa18944cc4355ab8cbaedf6540575/actions - {"actions":[{"id":"action45","type":"key","parameters":{},"actions":[{"type":"keyDown","value":""},{"type":"pause","duration":10},{"type":"keyUp","value":""}]}]}
RESULT: {"actions":[{"id":"action45","type":"key","parameters":{},"actions":[{"type":"keyDown","value":""},{"type":"pause","duration":10},{"type":"keyUp","value":""}]}]}
COMMAND: GET /session/aedfa18944cc4355ab8cbaedf6540575/screenshot - {}
RESULT: {}
COMMAND: POST /session/aedfa18944cc4355ab8cbaedf6540575/actions - {"actions":[{"id":"action46","type":"key","parameters":{},"actions":[{"type":"keyDown","value":""},{"type":"pause","duration":10},{"type":"keyUp","value":""}]}]}
RESULT: {"actions":[{"id":"action46","type":"key","parameters":{},"actions":[{"type":"keyDown","value":""},{"type":"pause","duration":10},{"type":"keyUp","value":""}]}]}
COMMAND: POST /session/aedfa18944cc4355ab8cbaedf6540575/element - {"using":"xpath","value":"//td[7]/div/div/input"}
COMMAND: GET /session/aedfa18944cc4355ab8cbaedf6540575/screenshot - {}
RESULT: {"using":"xpath","value":"//td[7]/div/div/input"}
COMMAND: POST /session/aedfa18944cc4355ab8cbaedf6540575/element/f.694E2BBF071ECDE7169F205C0A1B1FBC.d.4F75D979AD32DAFC394068545D5EED18.e.18475/clear - {}
RESULT: {}
RESULT: {}
COMMAND: POST /session/aedfa18944cc4355ab8cbaedf6540575/element/f.694E2BBF071ECDE7169F205C0A1B1FBC.d.4F75D979AD32DAFC394068545D5EED18.e.18475/value - {"text":"WebdriverRUR2Cw0fa4"}
COMMAND: GET /session/aedfa18944cc4355ab8cbaedf6540575/screenshot - {}
RESULT: {"text":"WebdriverRUR2Cw0fa4"}
COMMAND: GET /session/aedfa18944cc4355ab8cbaedf6540575/screenshot - {}
RESULT: {}
RESULT: {}
COMMAND: POST /session/aedfa18944cc4355ab8cbaedf6540575/actions - {"actions":[{"id":"action47","type":"key","parameters":{},"actions":[{"type":"keyDown","value":""},{"type":"pause","duration":10},{"type":"keyUp","value":""}]}]}
RESULT: {"actions":[{"id":"action47","type":"key","parameters":{},"actions":[{"type":"keyDown","value":""},{"type":"pause","duration":10},{"type":"keyUp","value":""}]}]}
COMMAND: GET /session/aedfa18944cc4355ab8cbaedf6540575/screenshot - {}
COMMAND: POST /session/aedfa18944cc4355ab8cbaedf6540575/actions - {"actions":[{"id":"action48","type":"key","parameters":{},"actions":[{"type":"keyDown","value":""},{"type":"pause","duration":10},{"type":"keyUp","value":""}]}]}
RESULT: {}
RESULT: {"actions":[{"id":"action48","type":"key","parameters":{},"actions":[{"type":"keyDown","value":""},{"type":"pause","duration":10},{"type":"keyUp","value":""}]}]}
COMMAND: GET /session/aedfa18944cc4355ab8cbaedf6540575/screenshot - {}
RESULT: {}
COMMAND: POST /session/aedfa18944cc4355ab8cbaedf6540575/element - {"using":"xpath","value":"(//button[@data-kt=\"saveButton\"])[2]"}
RESULT: {"using":"xpath","value":"(//button[@data-kt=\"saveButton\"])[2]"}
COMMAND: POST /session/aedfa18944cc4355ab8cbaedf6540575/element/f.694E2BBF071ECDE7169F205C0A1B1FBC.d.4F75D979AD32DAFC394068545D5EED18.e.18501/click - {}
RESULT: {}
COMMAND: GET /session/aedfa18944cc4355ab8cbaedf6540575/screenshot - {}
RESULT: {}
]]></system-out>
    </testcase>
    <testcase classname="chrome.135_0_7049_42.windows.Create_masterdata_for_Yard_Overview_-_trigger_provide_US130988" name="Navigate to Yard overview and provide the RU" time="113.586">
      <system-out><![CDATA[
COMMAND: POST /session/aedfa18944cc4355ab8cbaedf6540575/element - {"using":"css selector","value":"#shell-header-logo"}
RESULT: {"using":"css selector","value":"#shell-header-logo"}
COMMAND: POST /session/aedfa18944cc4355ab8cbaedf6540575/element/f.694E2BBF071ECDE7169F205C0A1B1FBC.d.4F75D979AD32DAFC394068545D5EED18.e.17879/click - {}
RESULT: {}
COMMAND: GET /session/aedfa18944cc4355ab8cbaedf6540575/screenshot - {}
RESULT: {}
COMMAND: POST /session/aedfa18944cc4355ab8cbaedf6540575/execute/async - {"script":"<script> [1562 bytes]","args":[{"selector":{"controlType":"sap.m.GenericTile","properties":{"header":"Yard Overview"}},"wdio_ui5_key":"sapm.GenericTile{\"header\":\"Yard Overview\"}"}]}
RESULT: {"script":"<script> [1562 bytes]","args":[{"selector":{"controlType":"sap.m.GenericTile","properties":{"header":"Yard Overview"}},"wdio_ui5_key":"sapm.GenericTile{\"header\":\"Yard Overview\"}"}]}
RESULT: undefined
COMMAND: POST /session/aedfa18944cc4355ab8cbaedf6540575/element - {"using":"xpath","value":"//*[@id=\"__tile77\"]"}
RESULT: {"using":"xpath","value":"//*[@id=\"__tile77\"]"}
COMMAND: POST /session/aedfa18944cc4355ab8cbaedf6540575/element/f.694E2BBF071ECDE7169F205C0A1B1FBC.d.4F75D979AD32DAFC394068545D5EED18.e.18506/click - {}
RESULT: {}
COMMAND: GET /session/aedfa18944cc4355ab8cbaedf6540575/screenshot - {}
RESULT: {}
COMMAND: POST /session/aedfa18944cc4355ab8cbaedf6540575/execute/async - {"script":"<script> [1562 bytes]","args":[{"selector":{"id":"application-yardoverview-display-component---masterYardInventory--smartFilterBar-btnBasicSearch","interaction":{"idSuffix":"I"}},"wdio_ui5_key":"applicationyardoverview-display-component---masterYardInventory--smartFilterBar-btnBasicSearch"}]}
RESULT: {"script":"<script> [1562 bytes]","args":[{"selector":{"id":"application-yardoverview-display-component---masterYardInventory--smartFilterBar-btnBasicSearch","interaction":{"idSuffix":"I"}},"wdio_ui5_key":"applicationyardoverview-display-component---masterYardInventory--smartFilterBar-btnBasicSearch"}]}
RESULT: undefined
COMMAND: POST /session/aedfa18944cc4355ab8cbaedf6540575/execute/async - {"script":"<script> [776 bytes]","args":[{"enterText":"WebdriverYardd46ad","selector":{"id":"application-yardoverview-display-component---masterYardInventory--smartFilterBar-btnBasicSearch","interaction":{"idSuffix":"I"}},"clearTextFirst":true,"interactionType":"ENTER_TEXT"}]}
RESULT: {"script":"<script> [776 bytes]","args":[{"enterText":"WebdriverYardd46ad","selector":{"id":"application-yardoverview-display-component---masterYardInventory--smartFilterBar-btnBasicSearch","interaction":{"idSuffix":"I"}},"clearTextFirst":true,"interactionType":"ENTER_TEXT"}]}
COMMAND: POST /session/aedfa18944cc4355ab8cbaedf6540575/actions - {"actions":[{"id":"action49","type":"key","parameters":{},"actions":[{"type":"keyDown","value":""},{"type":"pause","duration":10},{"type":"keyUp","value":""}]}]}
RESULT: {"actions":[{"id":"action49","type":"key","parameters":{},"actions":[{"type":"keyDown","value":""},{"type":"pause","duration":10},{"type":"keyUp","value":""}]}]}
COMMAND: GET /session/aedfa18944cc4355ab8cbaedf6540575/screenshot - {}
COMMAND: POST /session/aedfa18944cc4355ab8cbaedf6540575/execute/async - {"script":"<script> [1562 bytes]","args":[{"selector":{"controlType":"sap.m.ColumnListItem","viewName":"etm.portal.ui.yardoverview.view.Master","viewId":"application-yardoverview-display-component---masterYardInventory","properties":{"type":"Navigation"},"interaction":{"idSuffix":"TypeCell"}},"wdio_ui5_key":"etmportal.ui.yardoverview.view.Mastersap.m.ColumnListItem{\"type\":\"Navigation\"}"}]}
RESULT: {}
RESULT: {"script":"<script> [1562 bytes]","args":[{"selector":{"controlType":"sap.m.ColumnListItem","viewName":"etm.portal.ui.yardoverview.view.Master","viewId":"application-yardoverview-display-component---masterYardInventory","properties":{"type":"Navigation"},"interaction":{"idSuffix":"TypeCell"}},"wdio_ui5_key":"etmportal.ui.yardoverview.view.Mastersap.m.ColumnListItem{\"type\":\"Navigation\"}"}]}
RESULT: undefined
COMMAND: POST /session/aedfa18944cc4355ab8cbaedf6540575/element - {"using":"xpath","value":"//*[@id=\"__item1091-__clone2985\"]"}
RESULT: {"using":"xpath","value":"//*[@id=\"__item1091-__clone2985\"]"}
COMMAND: POST /session/aedfa18944cc4355ab8cbaedf6540575/element/f.694E2BBF071ECDE7169F205C0A1B1FBC.d.4F75D979AD32DAFC394068545D5EED18.e.18575/click - {}
RESULT: {}
COMMAND: GET /session/aedfa18944cc4355ab8cbaedf6540575/screenshot - {}
RESULT: {}
COMMAND: POST /session/aedfa18944cc4355ab8cbaedf6540575/execute/async - {"script":"<script> [1562 bytes]","args":[{"selector":{"id":"application-yardoverview-display-component---detailYardInventory--openProvides-triggerAction-provideBtn","interaction":{"idSuffix":"BDI-content"}},"wdio_ui5_key":"applicationyardoverview-display-component---detailYardInventory--openProvides-triggerAction-provideBtn"}]}
RESULT: {"script":"<script> [1562 bytes]","args":[{"selector":{"id":"application-yardoverview-display-component---detailYardInventory--openProvides-triggerAction-provideBtn","interaction":{"idSuffix":"BDI-content"}},"wdio_ui5_key":"applicationyardoverview-display-component---detailYardInventory--openProvides-triggerAction-provideBtn"}]}
RESULT: undefined
COMMAND: POST /session/aedfa18944cc4355ab8cbaedf6540575/element - {"using":"xpath","value":"//*[@id=\"application-yardoverview-display-component---detailYardInventory--openProvides-triggerAction-provideBtn\"]"}
RESULT: {"using":"xpath","value":"//*[@id=\"application-yardoverview-display-component---detailYardInventory--openProvides-triggerAction-provideBtn\"]"}
COMMAND: POST /session/aedfa18944cc4355ab8cbaedf6540575/element/f.694E2BBF071ECDE7169F205C0A1B1FBC.d.4F75D979AD32DAFC394068545D5EED18.e.18611/click - {}
RESULT: {}
COMMAND: POST /session/aedfa18944cc4355ab8cbaedf6540575/execute/async - {"script":"<script> [1562 bytes]","args":[{"selector":{"controlType":"sap.m.CheckBox","viewName":"etm.portal.ui.yardoverview.view.Detail","viewId":"application-yardoverview-display-component---detailYardInventory","properties":{"editable":true},"ancestor":{"controlType":"sap.m.ColumnListItem","viewName":"etm.portal.ui.yardoverview.view.Detail","viewId":"application-yardoverview-display-component---detailYardInventory","bindingPath":{"path":"/SmartOpenRUYardInventory(CONTRACT='10218',ITEM=10m,SUB_ITEM=0m)"},"ancestor":{"id":"application-yardoverview-display-component---detailYardInventory--customProvidesTable"}},"interaction":{"idSuffix":"CbBg"}},"wdio_ui5_key":"etmportal.ui.yardoverview.view.Detailsap.m.CheckBox{\"editable\":true}{\"controlType\":\"sap.m.ColumnListItem\",\"viewName\":\"etm.portal.ui.yardoverview.view.Detail\",\"viewId\":\"application-yardoverview-display-component---detailYardInventory\",\"bindingPath\":{\"path\":\"/SmartOpenRUYardInventory(CONTRACT='10218',ITEM=10m,SUB_ITEM=0m)\"},\"ancestor\":{\"id\":\"application-yardoverview-display-component---detailYardInventory--customProvidesTable\"}}"}]}
COMMAND: GET /session/aedfa18944cc4355ab8cbaedf6540575/screenshot - {}
RESULT: {"script":"<script> [1562 bytes]","args":[{"selector":{"controlType":"sap.m.CheckBox","viewName":"etm.portal.ui.yardoverview.view.Detail","viewId":"application-yardoverview-display-component---detailYardInventory","properties":{"editable":true},"ancestor":{"controlType":"sap.m.ColumnListItem","viewName":"etm.portal.ui.yardoverview.view.Detail","viewId":"application-yardoverview-display-component---detailYardInventory","bindingPath":{"path":"/SmartOpenRUYardInventory(CONTRACT='10218',ITEM=10m,SUB_ITEM=0m)"},"ancestor":{"id":"application-yardoverview-display-component---detailYardInventory--customProvidesTable"}},"interaction":{"idSuffix":"CbBg"}},"wdio_ui5_key":"etmportal.ui.yardoverview.view.Detailsap.m.CheckBox{\"editable\":true}{\"controlType\":\"sap.m.ColumnListItem\",\"viewName\":\"etm.portal.ui.yardoverview.view.Detail\",\"viewId\":\"application-yardoverview-display-component---detailYardInventory\",\"bindingPath\":{\"path\":\"/SmartOpenRUYardInventory(CONTRACT='10218',ITEM=10m,SUB_ITEM=0m)\"},\"ancestor\":{\"id\":\"application-yardoverview-display-component---detailYardInventory--customProvidesTable\"}}"}]}
RESULT: undefined
COMMAND: POST /session/aedfa18944cc4355ab8cbaedf6540575/element - {"using":"xpath","value":"//*[@id=\"__item1121-__clone3085-selectMulti\"]"}
RESULT: {}
RESULT: {"using":"xpath","value":"//*[@id=\"__item1121-__clone3085-selectMulti\"]"}
COMMAND: POST /session/aedfa18944cc4355ab8cbaedf6540575/element/f.694E2BBF071ECDE7169F205C0A1B1FBC.d.4F75D979AD32DAFC394068545D5EED18.e.18693/click - {}
RESULT: {}
COMMAND: GET /session/aedfa18944cc4355ab8cbaedf6540575/screenshot - {}
RESULT: {}
RESULT: undefined
COMMAND: POST /session/aedfa18944cc4355ab8cbaedf6540575/element - {"using":"xpath","value":"//*[@id=\"application-yardoverview-display-component---detailYardInventory--openProvides-triggerAction-provideBtn\"]"}
RESULT: {"using":"xpath","value":"//*[@id=\"application-yardoverview-display-component---detailYardInventory--openProvides-triggerAction-provideBtn\"]"}
COMMAND: POST /session/aedfa18944cc4355ab8cbaedf6540575/element/f.694E2BBF071ECDE7169F205C0A1B1FBC.d.4F75D979AD32DAFC394068545D5EED18.e.18611/click - {}
RESULT: {}
COMMAND: GET /session/aedfa18944cc4355ab8cbaedf6540575/screenshot - {}
RESULT: {}
COMMAND: POST /session/aedfa18944cc4355ab8cbaedf6540575/actions - {"actions":[{"id":"action50","type":"key","parameters":{},"actions":[{"type":"keyDown","value":""},{"type":"pause","duration":10},{"type":"keyUp","value":""}]}]}
RESULT: {"actions":[{"id":"action50","type":"key","parameters":{},"actions":[{"type":"keyDown","value":""},{"type":"pause","duration":10},{"type":"keyUp","value":""}]}]}
COMMAND: GET /session/aedfa18944cc4355ab8cbaedf6540575/screenshot - {}
RESULT: {}
COMMAND: POST /session/aedfa18944cc4355ab8cbaedf6540575/execute/async - {"script":"<script> [1562 bytes]","args":[{"selector":{"id":"application-yardoverview-display-component---detailYardInventory--smartTableProvides-btnPersonalisation-img"},"wdio_ui5_key":"applicationyardoverview-display-component---detailYardInventory--smartTableProvides-btnPersonalisation-img"}]}
RESULT: {"script":"<script> [1562 bytes]","args":[{"selector":{"id":"application-yardoverview-display-component---detailYardInventory--smartTableProvides-btnPersonalisation-img"},"wdio_ui5_key":"applicationyardoverview-display-component---detailYardInventory--smartTableProvides-btnPersonalisation-img"}]}
RESULT: undefined
COMMAND: POST /session/aedfa18944cc4355ab8cbaedf6540575/element - {"using":"xpath","value":"//*[@id=\"application-yardoverview-display-component---detailYardInventory--smartTableProvides-btnPersonalisation-img\"]"}
RESULT: {"using":"xpath","value":"//*[@id=\"application-yardoverview-display-component---detailYardInventory--smartTableProvides-btnPersonalisation-img\"]"}
COMMAND: POST /session/aedfa18944cc4355ab8cbaedf6540575/element/f.694E2BBF071ECDE7169F205C0A1B1FBC.d.4F75D979AD32DAFC394068545D5EED18.e.18623/click - {}
RESULT: {}
COMMAND: POST /session/aedfa18944cc4355ab8cbaedf6540575/element - {"using":"xpath","value":"//input[contains(@id ,\"searchField-I\")]"}
COMMAND: GET /session/aedfa18944cc4355ab8cbaedf6540575/screenshot - {}
RESULT: {"using":"xpath","value":"//input[contains(@id ,\"searchField-I\")]"}
COMMAND: POST /session/aedfa18944cc4355ab8cbaedf6540575/element/f.694E2BBF071ECDE7169F205C0A1B1FBC.d.4F75D979AD32DAFC394068545D5EED18.e.18714/clear - {}
RESULT: {}
RESULT: {}
COMMAND: POST /session/aedfa18944cc4355ab8cbaedf6540575/element/f.694E2BBF071ECDE7169F205C0A1B1FBC.d.4F75D979AD32DAFC394068545D5EED18.e.18714/value - {"text":"Handover Provided"}
COMMAND: GET /session/aedfa18944cc4355ab8cbaedf6540575/screenshot - {}
RESULT: {"text":"Handover Provided"}
COMMAND: GET /session/aedfa18944cc4355ab8cbaedf6540575/screenshot - {}
RESULT: {}
RESULT: {}
COMMAND: POST /session/aedfa18944cc4355ab8cbaedf6540575/element - {"using":"xpath","value":"//div[contains(@id ,\"innerSelectionPanelTable-sa-CbBg\")]"}
RESULT: {"using":"xpath","value":"//div[contains(@id ,\"innerSelectionPanelTable-sa-CbBg\")]"}
COMMAND: POST /session/aedfa18944cc4355ab8cbaedf6540575/element/f.694E2BBF071ECDE7169F205C0A1B1FBC.d.4F75D979AD32DAFC394068545D5EED18.e.18746/click - {}
RESULT: {}
COMMAND: POST /session/aedfa18944cc4355ab8cbaedf6540575/execute/async - {"script":"<script> [1562 bytes]","args":[{"selector":{"controlType":"sap.m.Button","viewName":"etm.portal.ui.yardoverview.view.Detail","viewId":"application-yardoverview-display-component---detailYardInventory","properties":{"text":"OK"},"searchOpenDialogs":true,"interaction":{"idSuffix":"BDI-content"}},"wdio_ui5_key":"etmportal.ui.yardoverview.view.Detailsap.m.Button{\"text\":\"OK\"}"}]}
COMMAND: GET /session/aedfa18944cc4355ab8cbaedf6540575/screenshot - {}
RESULT: {"script":"<script> [1562 bytes]","args":[{"selector":{"controlType":"sap.m.Button","viewName":"etm.portal.ui.yardoverview.view.Detail","viewId":"application-yardoverview-display-component---detailYardInventory","properties":{"text":"OK"},"searchOpenDialogs":true,"interaction":{"idSuffix":"BDI-content"}},"wdio_ui5_key":"etmportal.ui.yardoverview.view.Detailsap.m.Button{\"text\":\"OK\"}"}]}
RESULT: undefined
COMMAND: POST /session/aedfa18944cc4355ab8cbaedf6540575/element - {"using":"xpath","value":"//*[@id=\"__popup270-confirmBtn\"]"}
RESULT: {}
RESULT: {"using":"xpath","value":"//*[@id=\"__popup270-confirmBtn\"]"}
COMMAND: POST /session/aedfa18944cc4355ab8cbaedf6540575/element/f.694E2BBF071ECDE7169F205C0A1B1FBC.d.4F75D979AD32DAFC394068545D5EED18.e.18748/click - {}
RESULT: {}
COMMAND: POST /session/aedfa18944cc4355ab8cbaedf6540575/element - {"using":"xpath","value":"//a[contains(@data-kt ,\"OpenProvidesHandOverItemLink\")]"}
COMMAND: GET /session/aedfa18944cc4355ab8cbaedf6540575/screenshot - {}
RESULT: {"using":"xpath","value":"//a[contains(@data-kt ,\"OpenProvidesHandOverItemLink\")]"}
COMMAND: POST /session/aedfa18944cc4355ab8cbaedf6540575/elements - {"using":"xpath","value":"//a[contains(@data-kt ,\"OpenProvidesHandOverItemLink\")]"}
RESULT: {}
RESULT: {"using":"xpath","value":"//a[contains(@data-kt ,\"OpenProvidesHandOverItemLink\")]"}
COMMAND: POST /session/aedfa18944cc4355ab8cbaedf6540575/element - {"using":"xpath","value":"//a[contains(@data-kt ,\"OpenProvidesHandOverItemLink\")]"}
RESULT: {"using":"xpath","value":"//a[contains(@data-kt ,\"OpenProvidesHandOverItemLink\")]"}
COMMAND: POST /session/aedfa18944cc4355ab8cbaedf6540575/element/f.694E2BBF071ECDE7169F205C0A1B1FBC.d.4F75D979AD32DAFC394068545D5EED18.e.18750/click - {}
RESULT: {}
COMMAND: GET /session/aedfa18944cc4355ab8cbaedf6540575/screenshot - {}
RESULT: {}
COMMAND: POST /session/aedfa18944cc4355ab8cbaedf6540575/actions - {"actions":[{"id":"action51","type":"key","parameters":{},"actions":[{"type":"keyDown","value":""},{"type":"pause","duration":10},{"type":"keyUp","value":""}]}]}
RESULT: {"actions":[{"id":"action51","type":"key","parameters":{},"actions":[{"type":"keyDown","value":""},{"type":"pause","duration":10},{"type":"keyUp","value":""}]}]}
COMMAND: GET /session/aedfa18944cc4355ab8cbaedf6540575/screenshot - {}
COMMAND: POST /session/aedfa18944cc4355ab8cbaedf6540575/execute/async - {"script":"<script> [1562 bytes]","args":[{"selector":{"controlType":"sap.m.Button","viewName":"etm.portal.ui.managehandovers.view.DetailExecuteHO","i18NText":{"propertyName":"text","key":"confirmAll"},"interaction":{"idSuffix":"BDI-content"}},"wdio_ui5_key":"etmportal.ui.managehandovers.view.DetailExecuteHOsap.m.Button{\"propertyName\":\"text\",\"key\":\"confirmAll\"}"}]}
RESULT: {}
RESULT: {"script":"<script> [1562 bytes]","args":[{"selector":{"controlType":"sap.m.Button","viewName":"etm.portal.ui.managehandovers.view.DetailExecuteHO","i18NText":{"propertyName":"text","key":"confirmAll"},"interaction":{"idSuffix":"BDI-content"}},"wdio_ui5_key":"etmportal.ui.managehandovers.view.DetailExecuteHOsap.m.Button{\"propertyName\":\"text\",\"key\":\"confirmAll\"}"}]}
RESULT: undefined
COMMAND: POST /session/aedfa18944cc4355ab8cbaedf6540575/element - {"using":"xpath","value":"//*[@id=\"__button187\"]"}
RESULT: {"using":"xpath","value":"//*[@id=\"__button187\"]"}
COMMAND: POST /session/aedfa18944cc4355ab8cbaedf6540575/element/f.694E2BBF071ECDE7169F205C0A1B1FBC.d.4F75D979AD32DAFC394068545D5EED18.e.18919/click - {}
RESULT: {}
COMMAND: GET /session/aedfa18944cc4355ab8cbaedf6540575/screenshot - {}
RESULT: {}
COMMAND: POST /session/aedfa18944cc4355ab8cbaedf6540575/execute/async - {"script":"<script> [1562 bytes]","args":[{"selector":{"controlType":"sap.m.Button","properties":{"text":"OK"},"searchOpenDialogs":true,"interaction":{"idSuffix":"BDI-content"}},"wdio_ui5_key":"sapm.Button{\"text\":\"OK\"}"}]}
RESULT: {"script":"<script> [1562 bytes]","args":[{"selector":{"controlType":"sap.m.Button","properties":{"text":"OK"},"searchOpenDialogs":true,"interaction":{"idSuffix":"BDI-content"}},"wdio_ui5_key":"sapm.Button{\"text\":\"OK\"}"}]}
RESULT: undefined
COMMAND: POST /session/aedfa18944cc4355ab8cbaedf6540575/element - {"using":"xpath","value":"//*[@id=\"__mbox-btn-4\"]"}
RESULT: {"using":"xpath","value":"//*[@id=\"__mbox-btn-4\"]"}
COMMAND: POST /session/aedfa18944cc4355ab8cbaedf6540575/element/f.694E2BBF071ECDE7169F205C0A1B1FBC.d.4F75D979AD32DAFC394068545D5EED18.e.18921/click - {}
RESULT: {}
COMMAND: GET /session/aedfa18944cc4355ab8cbaedf6540575/screenshot - {}
RESULT: {}
COMMAND: POST /session/aedfa18944cc4355ab8cbaedf6540575/execute/async - {"script":"<script> [1562 bytes]","args":[{"selector":{"controlType":"sap.m.Button","viewName":"etm.portal.ui.managehandovers.view.DetailExecuteHO","i18NText":{"propertyName":"text","key":"issue"},"ancestor":{"controlType":"sap.uxap.ObjectPageDynamicHeaderTitle","viewName":"etm.portal.ui.managehandovers.view.DetailExecuteHO","bindingPath":{"path":"","propertyPath":"/layout","modelName":"frontEndModel"}},"interaction":{"idSuffix":"BDI-content"}},"wdio_ui5_key":"etmportal.ui.managehandovers.view.DetailExecuteHOsap.m.Button{\"propertyName\":\"text\",\"key\":\"issue\"}{\"controlType\":\"sap.uxap.ObjectPageDynamicHeaderTitle\",\"viewName\":\"etm.portal.ui.managehandovers.view.DetailExecuteHO\",\"bindingPath\":{\"path\":\"\",\"propertyPath\":\"/layout\",\"modelName\":\"frontEndModel\"}}"}]}
RESULT: {"script":"<script> [1562 bytes]","args":[{"selector":{"controlType":"sap.m.Button","viewName":"etm.portal.ui.managehandovers.view.DetailExecuteHO","i18NText":{"propertyName":"text","key":"issue"},"ancestor":{"controlType":"sap.uxap.ObjectPageDynamicHeaderTitle","viewName":"etm.portal.ui.managehandovers.view.DetailExecuteHO","bindingPath":{"path":"","propertyPath":"/layout","modelName":"frontEndModel"}},"interaction":{"idSuffix":"BDI-content"}},"wdio_ui5_key":"etmportal.ui.managehandovers.view.DetailExecuteHOsap.m.Button{\"propertyName\":\"text\",\"key\":\"issue\"}{\"controlType\":\"sap.uxap.ObjectPageDynamicHeaderTitle\",\"viewName\":\"etm.portal.ui.managehandovers.view.DetailExecuteHO\",\"bindingPath\":{\"path\":\"\",\"propertyPath\":\"/layout\",\"modelName\":\"frontEndModel\"}}"}]}
RESULT: undefined
COMMAND: POST /session/aedfa18944cc4355ab8cbaedf6540575/element - {"using":"xpath","value":"//*[@id=\"__button162\"]"}
RESULT: {"using":"xpath","value":"//*[@id=\"__button162\"]"}
COMMAND: POST /session/aedfa18944cc4355ab8cbaedf6540575/element/f.694E2BBF071ECDE7169F205C0A1B1FBC.d.4F75D979AD32DAFC394068545D5EED18.e.18925/click - {}
RESULT: {}
COMMAND: GET /session/aedfa18944cc4355ab8cbaedf6540575/screenshot - {}
RESULT: {}
COMMAND: POST /session/aedfa18944cc4355ab8cbaedf6540575/element - {"using":"css selector","value":"#shell-header-logo"}
RESULT: {"using":"css selector","value":"#shell-header-logo"}
COMMAND: POST /session/aedfa18944cc4355ab8cbaedf6540575/element/f.694E2BBF071ECDE7169F205C0A1B1FBC.d.4F75D979AD32DAFC394068545D5EED18.e.18508/click - {}
RESULT: {}
COMMAND: GET /session/aedfa18944cc4355ab8cbaedf6540575/screenshot - {}
RESULT: {}
COMMAND: POST /session/aedfa18944cc4355ab8cbaedf6540575/execute/async - {"script":"<script> [1562 bytes]","args":[{"selector":{"controlType":"sap.m.GenericTile","properties":{"header":"Manage Contracts"}},"wdio_ui5_key":"sapm.GenericTile{\"header\":\"Manage Contracts\"}"}]}
RESULT: {"script":"<script> [1562 bytes]","args":[{"selector":{"controlType":"sap.m.GenericTile","properties":{"header":"Manage Contracts"}},"wdio_ui5_key":"sapm.GenericTile{\"header\":\"Manage Contracts\"}"}]}
RESULT: undefined
COMMAND: POST /session/aedfa18944cc4355ab8cbaedf6540575/element - {"using":"xpath","value":"//*[@id=\"__tile132\"]"}
RESULT: {"using":"xpath","value":"//*[@id=\"__tile132\"]"}
COMMAND: POST /session/aedfa18944cc4355ab8cbaedf6540575/element/f.694E2BBF071ECDE7169F205C0A1B1FBC.d.4F75D979AD32DAFC394068545D5EED18.e.17876/click - {}
RESULT: undefined
RESULT: undefined
RESULT: {}
COMMAND: GET /session/aedfa18944cc4355ab8cbaedf6540575/screenshot - {}
RESULT: {}
COMMAND: POST /session/aedfa18944cc4355ab8cbaedf6540575/execute/async - {"script":"<script> [1562 bytes]","args":[{"selector":{"controlType":"sap.m.SearchField","viewName":"etm.portal.ui.managecontracts.view.Master","bindingPath":{"path":"","propertyPath":"/_BASIC_SEARCH_FIELD","modelName":"fi1t3rM0d31"},"interaction":{"idSuffix":"I"}},"wdio_ui5_key":"etmportal.ui.managecontracts.view.Mastersap.m.SearchField{\"path\":\"\",\"propertyPath\":\"/_BASIC_SEARCH_FIELD\",\"modelName\":\"fi1t3rM0d31\"}"}]}
RESULT: {"script":"<script> [1562 bytes]","args":[{"selector":{"controlType":"sap.m.SearchField","viewName":"etm.portal.ui.managecontracts.view.Master","bindingPath":{"path":"","propertyPath":"/_BASIC_SEARCH_FIELD","modelName":"fi1t3rM0d31"},"interaction":{"idSuffix":"I"}},"wdio_ui5_key":"etmportal.ui.managecontracts.view.Mastersap.m.SearchField{\"path\":\"\",\"propertyPath\":\"/_BASIC_SEARCH_FIELD\",\"modelName\":\"fi1t3rM0d31\"}"}]}
RESULT: undefined
COMMAND: POST /session/aedfa18944cc4355ab8cbaedf6540575/execute/async - {"script":"<script> [776 bytes]","args":[{"enterText":"10218","selector":{"controlType":"sap.m.SearchField","viewName":"etm.portal.ui.managecontracts.view.Master","bindingPath":{"path":"","propertyPath":"/_BASIC_SEARCH_FIELD","modelName":"fi1t3rM0d31"},"interaction":{"idSuffix":"I"}},"clearTextFirst":true,"interactionType":"ENTER_TEXT"}]}
RESULT: {"script":"<script> [776 bytes]","args":[{"enterText":"10218","selector":{"controlType":"sap.m.SearchField","viewName":"etm.portal.ui.managecontracts.view.Master","bindingPath":{"path":"","propertyPath":"/_BASIC_SEARCH_FIELD","modelName":"fi1t3rM0d31"},"interaction":{"idSuffix":"I"}},"clearTextFirst":true,"interactionType":"ENTER_TEXT"}]}
COMMAND: POST /session/aedfa18944cc4355ab8cbaedf6540575/actions - {"actions":[{"id":"action52","type":"key","parameters":{},"actions":[{"type":"keyDown","value":""},{"type":"pause","duration":10},{"type":"keyUp","value":""}]}]}
RESULT: {"actions":[{"id":"action52","type":"key","parameters":{},"actions":[{"type":"keyDown","value":""},{"type":"pause","duration":10},{"type":"keyUp","value":""}]}]}
COMMAND: GET /session/aedfa18944cc4355ab8cbaedf6540575/screenshot - {}
RESULT: {}
COMMAND: POST /session/aedfa18944cc4355ab8cbaedf6540575/execute/async - {"script":"<script> [1562 bytes]","args":[{"selector":{"controlType":"sap.ui.core.Icon","viewName":"etm.portal.ui.managecontracts.view.Master","properties":{"src":{"regex":{"source":"slim\\-arrow\\-right"}}}},"wdio_ui5_key":"etmportal.ui.managecontracts.view.Mastersap.ui.core.Icon{\"src\":{\"regex\":{\"source\":\"slim\\\\-arrow\\\\-right\"}}}"}]}
RESULT: {"script":"<script> [1562 bytes]","args":[{"selector":{"controlType":"sap.ui.core.Icon","viewName":"etm.portal.ui.managecontracts.view.Master","properties":{"src":{"regex":{"source":"slim\\-arrow\\-right"}}}},"wdio_ui5_key":"etmportal.ui.managecontracts.view.Mastersap.ui.core.Icon{\"src\":{\"regex\":{\"source\":\"slim\\\\-arrow\\\\-right\"}}}"}]}
RESULT: undefined
COMMAND: POST /session/aedfa18944cc4355ab8cbaedf6540575/element - {"using":"xpath","value":"//*[@id=\"__item1260-__clone3260-imgNav\"]"}
RESULT: {"using":"xpath","value":"//*[@id=\"__item1260-__clone3260-imgNav\"]"}
COMMAND: POST /session/aedfa18944cc4355ab8cbaedf6540575/element/f.694E2BBF071ECDE7169F205C0A1B1FBC.d.4F75D979AD32DAFC394068545D5EED18.e.19200/click - {}
RESULT: {}
COMMAND: GET /session/aedfa18944cc4355ab8cbaedf6540575/screenshot - {}
RESULT: {}
COMMAND: POST /session/aedfa18944cc4355ab8cbaedf6540575/execute/async - {"script":"<script> [1562 bytes]","args":[{"selector":{"controlType":"sap.m.ObjectStatus","viewName":"etm.portal.ui.managecontracts.view.Detail","bindingPath":{"path":"/SmartContractItems(CONTRACT='10218',ITEM=10m,SUB_ITEM=0m)","propertyPath":"STATUS"}},"wdio_ui5_key":"etmportal.ui.managecontracts.view.Detailsap.m.ObjectStatus{\"path\":\"/SmartContractItems(CONTRACT='10218',ITEM=10m,SUB_ITEM=0m)\",\"propertyPath\":\"STATUS\"}"}]}
RESULT: {"script":"<script> [1562 bytes]","args":[{"selector":{"controlType":"sap.m.ObjectStatus","viewName":"etm.portal.ui.managecontracts.view.Detail","bindingPath":{"path":"/SmartContractItems(CONTRACT='10218',ITEM=10m,SUB_ITEM=0m)","propertyPath":"STATUS"}},"wdio_ui5_key":"etmportal.ui.managecontracts.view.Detailsap.m.ObjectStatus{\"path\":\"/SmartContractItems(CONTRACT='10218',ITEM=10m,SUB_ITEM=0m)\",\"propertyPath\":\"STATUS\"}"}]}
RESULT: undefined
COMMAND: POST /session/aedfa18944cc4355ab8cbaedf6540575/execute/async - {"script":"<script> [6424 bytes]","args":[{"element-6066-11e4-a52e-4f735466cecf":"f.694E2BBF071ECDE7169F205C0A1B1FBC.d.4F75D979AD32DAFC394068545D5EED18.e.19361"},"getText",[]]}
RESULT: {"script":"<script> [6424 bytes]","args":[{"element-6066-11e4-a52e-4f735466cecf":"f.694E2BBF071ECDE7169F205C0A1B1FBC.d.4F75D979AD32DAFC394068545D5EED18.e.19361"},"getText",[]]}
COMMAND: POST /session/aedfa18944cc4355ab8cbaedf6540575/element - {"using":"css selector","value":"#j_username"}
COMMAND: POST /session/aedfa18944cc4355ab8cbaedf6540575/url - {"url":"https://qa-testing-00-live-etm-ui.cfapps.eu10-004.hana.ondemand.com/"}
RESULT: {"using":"css selector","value":"#j_username"}
COMMAND: POST /session/aedfa18944cc4355ab8cbaedf6540575/element - {"using":"css selector","value":"#j_username"}
RESULT: {"url":"https://qa-testing-00-live-etm-ui.cfapps.eu10-004.hana.ondemand.com/"}
RESULT: undefined
COMMAND: GET /session/aedfa18944cc4355ab8cbaedf6540575/screenshot - {}
RESULT: {"using":"css selector","value":"#j_username"}
COMMAND: POST /session/aedfa18944cc4355ab8cbaedf6540575/element - {"using":"css selector","value":"#shell-header-logo"}
RESULT: {}
RESULT: {"using":"css selector","value":"#shell-header-logo"}
COMMAND: POST /session/aedfa18944cc4355ab8cbaedf6540575/execute/sync - {"script":"<script> [8489 bytes]","args":[{"element-6066-11e4-a52e-4f735466cecf":"f.694E2BBF071ECDE7169F205C0A1B1FBC.d.6D9D43783E8E4BDD3230317A1789C42A.e.19372","ELEMENT":"f.694E2BBF071ECDE7169F205C0A1B1FBC.d.6D9D43783E8E4BDD3230317A1789C42A.e.19372"}]}
RESULT: {"script":"<script> [8489 bytes]","args":[{"element-6066-11e4-a52e-4f735466cecf":"f.694E2BBF071ECDE7169F205C0A1B1FBC.d.6D9D43783E8E4BDD3230317A1789C42A.e.19372","ELEMENT":"f.694E2BBF071ECDE7169F205C0A1B1FBC.d.6D9D43783E8E4BDD3230317A1789C42A.e.19372"}]}
COMMAND: POST /session/aedfa18944cc4355ab8cbaedf6540575/element - {"using":"css selector","value":"#shell-header-logo"}
COMMAND: GET /session/aedfa18944cc4355ab8cbaedf6540575/screenshot - {}
RESULT: {"using":"css selector","value":"#shell-header-logo"}
COMMAND: POST /session/aedfa18944cc4355ab8cbaedf6540575/execute/sync - {"script":"<script> [8489 bytes]","args":[{"element-6066-11e4-a52e-4f735466cecf":"f.694E2BBF071ECDE7169F205C0A1B1FBC.d.6D9D43783E8E4BDD3230317A1789C42A.e.19372","ELEMENT":"f.694E2BBF071ECDE7169F205C0A1B1FBC.d.6D9D43783E8E4BDD3230317A1789C42A.e.19372"}]}
RESULT: {}
RESULT: {"script":"<script> [8489 bytes]","args":[{"element-6066-11e4-a52e-4f735466cecf":"f.694E2BBF071ECDE7169F205C0A1B1FBC.d.6D9D43783E8E4BDD3230317A1789C42A.e.19372","ELEMENT":"f.694E2BBF071ECDE7169F205C0A1B1FBC.d.6D9D43783E8E4BDD3230317A1789C42A.e.19372"}]}
COMMAND: POST /session/aedfa18944cc4355ab8cbaedf6540575/execute/sync - {"script":"<script> [5351 bytes]","args":[{"element-6066-11e4-a52e-4f735466cecf":"f.694E2BBF071ECDE7169F205C0A1B1FBC.d.6D9D43783E8E4BDD3230317A1789C42A.e.19372","ELEMENT":"f.694E2BBF071ECDE7169F205C0A1B1FBC.d.6D9D43783E8E4BDD3230317A1789C42A.e.19372"}]}
COMMAND: GET /session/aedfa18944cc4355ab8cbaedf6540575/screenshot - {}
RESULT: {"script":"<script> [5351 bytes]","args":[{"element-6066-11e4-a52e-4f735466cecf":"f.694E2BBF071ECDE7169F205C0A1B1FBC.d.6D9D43783E8E4BDD3230317A1789C42A.e.19372","ELEMENT":"f.694E2BBF071ECDE7169F205C0A1B1FBC.d.6D9D43783E8E4BDD3230317A1789C42A.e.19372"}]}
COMMAND: POST /session/aedfa18944cc4355ab8cbaedf6540575/element - {"using":"css selector","value":"#shell-header-logo"}
COMMAND: GET /session/aedfa18944cc4355ab8cbaedf6540575/screenshot - {}
RESULT: {}
RESULT: {}
RESULT: {"using":"css selector","value":"#shell-header-logo"}
COMMAND: POST /session/aedfa18944cc4355ab8cbaedf6540575/element/f.694E2BBF071ECDE7169F205C0A1B1FBC.d.6D9D43783E8E4BDD3230317A1789C42A.e.19372/click - {}
RESULT: {}
COMMAND: GET /session/aedfa18944cc4355ab8cbaedf6540575/screenshot - {}
RESULT: {}
COMMAND: POST /session/aedfa18944cc4355ab8cbaedf6540575/execute/async - {"script":"<script> [189 bytes]","args":[]}
RESULT: {"script":"<script> [189 bytes]","args":[]}
COMMAND: POST /session/aedfa18944cc4355ab8cbaedf6540575/execute/async - {"script":"<script> [123 bytes]","args":[]}
RESULT: {"script":"<script> [123 bytes]","args":[]}
COMMAND: POST /session/aedfa18944cc4355ab8cbaedf6540575/timeouts - {"script":"<number>"}
RESULT: {"script":"<number>"}
COMMAND: GET /session/aedfa18944cc4355ab8cbaedf6540575/timeouts - {}
RESULT: {}
RESULT: undefined
COMMAND: POST /session/aedfa18944cc4355ab8cbaedf6540575/execute/async - {"script":"<script> [2676 bytes]","args":[]}
RESULT: {"script":"<script> [2676 bytes]","args":[]}
COMMAND: POST /session/aedfa18944cc4355ab8cbaedf6540575/execute/async - {"script":"<script> [2342 bytes]","args":[{"protocol":"http","hostname":"0.0.0.0","path":"/","capabilities":{"browserName":"chrome","goog:chromeOptions":{"binary":"C:\\Program Files\\Google\\Chrome\\Application\\chrome.exe","args":["--force-device-scale-factor=0.8","--start-maximized"]}},"logLevel":"warn","connectionRetryTimeout":120000,"connectionRetryCount":3,"logLevels":{},"enableDirectConnect":true,"strictSSL":true,"_":"65 more keys: [\"cacheDir\",\"port\",\"requestedCapabilities\",\"automationProtocol\",\"baseUrl\",\"waitforInterval\",\"waitforTimeout\",\"onReload\",\"beforeCommand\",\"afterCommand\",\"rootDir\",\"specs\",\"suites\",\"exclude\",\"groupLogsByTestSpec\",\"excludeDriverLogs\",\"bail\",\"framework\",\"reporters\",\"services\",\"maxInstances\",\"maxInstancesPerCapability\",\"injectGlobals\",\"filesToWatch\",\"execArgv\",\"runnerEnv\",\"runner\",\"shard\",\"specFileRetries\",\"specFileRetriesDelay\",\"specFileRetriesDeferred\",\"reporterSyncInterval\",\"reporterSyncTimeout\",\"cucumberFeaturesWithLineNumbers\",\"autoCompileOpts\",\"mochaOpts\",\"jasmineOpts\",\"cucumberOpts\",\"onPrepare\",\"onWorkerStart\",\"onWorkerEnd\",\"before\",\"beforeSession\",\"beforeSuite\",\"beforeHook\",\"beforeTest\",\"afterTest\",\"afterHook\",\"afterSuite\",\"afterSession\",\"after\",\"onComplete\",\"beforeAssertion\",\"afterAssertion\",\"beforeFeature\",\"beforeScenario\",\"beforeStep\",\"afterStep\",\"afterScenario\",\"afterFeature\",\"_\",\"suite\",\"$0\",\"ignoredWorkerServices\",\"wdi5\"]"}]}
RESULT: {"script":"<script> [2342 bytes]","args":[{"protocol":"http","hostname":"0.0.0.0","path":"/","capabilities":{"browserName":"chrome","goog:chromeOptions":{"binary":"C:\\Program Files\\Google\\Chrome\\Application\\chrome.exe","args":["--force-device-scale-factor=0.8","--start-maximized"]}},"logLevel":"warn","connectionRetryTimeout":120000,"connectionRetryCount":3,"logLevels":{},"enableDirectConnect":true,"strictSSL":true,"_":"65 more keys: [\"cacheDir\",\"port\",\"requestedCapabilities\",\"automationProtocol\",\"baseUrl\",\"waitforInterval\",\"waitforTimeout\",\"onReload\",\"beforeCommand\",\"afterCommand\",\"rootDir\",\"specs\",\"suites\",\"exclude\",\"groupLogsByTestSpec\",\"excludeDriverLogs\",\"bail\",\"framework\",\"reporters\",\"services\",\"maxInstances\",\"maxInstancesPerCapability\",\"injectGlobals\",\"filesToWatch\",\"execArgv\",\"runnerEnv\",\"runner\",\"shard\",\"specFileRetries\",\"specFileRetriesDelay\",\"specFileRetriesDeferred\",\"reporterSyncInterval\",\"reporterSyncTimeout\",\"cucumberFeaturesWithLineNumbers\",\"autoCompileOpts\",\"mochaOpts\",\"jasmineOpts\",\"cucumberOpts\",\"onPrepare\",\"onWorkerStart\",\"onWorkerEnd\",\"before\",\"beforeSession\",\"beforeSuite\",\"beforeHook\",\"beforeTest\",\"afterTest\",\"afterHook\",\"afterSuite\",\"afterSession\",\"after\",\"onComplete\",\"beforeAssertion\",\"afterAssertion\",\"beforeFeature\",\"beforeScenario\",\"beforeStep\",\"afterStep\",\"afterScenario\",\"afterFeature\",\"_\",\"suite\",\"$0\",\"ignoredWorkerServices\",\"wdi5\"]"}]}
COMMAND: POST /session/aedfa18944cc4355ab8cbaedf6540575/execute/async - {"script":"<script> [21126 bytes]","args":[35000]}
RESULT: {"script":"<script> [21126 bytes]","args":[35000]}
COMMAND: POST /session/aedfa18944cc4355ab8cbaedf6540575/window/maximize - {}
RESULT: {}
COMMAND: POST /session/aedfa18944cc4355ab8cbaedf6540575/execute/async - {"script":"<script> [1562 bytes]","args":[{"selector":{"id":"shell-header","interaction":{"idSuffix":"icon"}},"wdio_ui5_key":"shellheader"}]}
COMMAND: GET /session/aedfa18944cc4355ab8cbaedf6540575/screenshot - {}
RESULT: {"script":"<script> [1562 bytes]","args":[{"selector":{"id":"shell-header","interaction":{"idSuffix":"icon"}},"wdio_ui5_key":"shellheader"}]}
RESULT: undefined
RESULT: {}
]]></system-out>
    </testcase>
  </testsuite>
  <testsuite timestamp="2025-04-14T16:17:06" time="216.9" tests="1" failures="0" errors="0" skipped="0">
    <properties>
      <property name="specId" value="0"/>
      <property name="suiteName" value="Create masterdata for Yard Overview - trigger provide US130988"/>
      <property name="capabilities" value="chrome.135_0_7049_42.windows"/>
      <property name="file" value="file:///D:/a/1/s/test/specs/R2C/site-overview-return.spec.js"/>
    </properties>
    <testcase classname="chrome.135_0_7049_42.windows.Create_masterdata_for_Yard_Overview_-_trigger_provide_US130988" name="Should navigate to site overview and trigger return" time="195.658">
      <system-out><![CDATA[
COMMAND: POST /session/aedfa18944cc4355ab8cbaedf6540575/execute/async - {"script":"<script> [1562 bytes]","args":[{"selector":{"controlType":"sap.m.GenericTile","properties":{"header":"Site Overview"}},"wdio_ui5_key":"sapm.GenericTile{\"header\":\"Site Overview\"}"}]}
RESULT: {"script":"<script> [1562 bytes]","args":[{"selector":{"controlType":"sap.m.GenericTile","properties":{"header":"Site Overview"}},"wdio_ui5_key":"sapm.GenericTile{\"header\":\"Site Overview\"}"}]}
RESULT: undefined
COMMAND: POST /session/aedfa18944cc4355ab8cbaedf6540575/element - {"using":"xpath","value":"//*[@id=\"__tile71\"]"}
RESULT: {"using":"xpath","value":"//*[@id=\"__tile71\"]"}
COMMAND: POST /session/aedfa18944cc4355ab8cbaedf6540575/element/f.694E2BBF071ECDE7169F205C0A1B1FBC.d.6D9D43783E8E4BDD3230317A1789C42A.e.19373/click - {}
RESULT: {}
COMMAND: GET /session/aedfa18944cc4355ab8cbaedf6540575/screenshot - {}
RESULT: {}
COMMAND: POST /session/aedfa18944cc4355ab8cbaedf6540575/execute/async - {"script":"<script> [1562 bytes]","args":[{"selector":{"id":"application-siteinventory-display-component---masterSiteInventory--smartFilterBar-btnBasicSearch","interaction":{"idSuffix":"I"}},"wdio_ui5_key":"applicationsiteinventory-display-component---masterSiteInventory--smartFilterBar-btnBasicSearch"}]}
RESULT: {"script":"<script> [1562 bytes]","args":[{"selector":{"id":"application-siteinventory-display-component---masterSiteInventory--smartFilterBar-btnBasicSearch","interaction":{"idSuffix":"I"}},"wdio_ui5_key":"applicationsiteinventory-display-component---masterSiteInventory--smartFilterBar-btnBasicSearch"}]}
RESULT: undefined
COMMAND: POST /session/aedfa18944cc4355ab8cbaedf6540575/execute/async - {"script":"<script> [776 bytes]","args":[{"enterText":"WebdriverSitenxxtyh","selector":{"id":"application-siteinventory-display-component---masterSiteInventory--smartFilterBar-btnBasicSearch","interaction":{"idSuffix":"I"}},"clearTextFirst":true,"interactionType":"ENTER_TEXT"}]}
RESULT: {"script":"<script> [776 bytes]","args":[{"enterText":"WebdriverSitenxxtyh","selector":{"id":"application-siteinventory-display-component---masterSiteInventory--smartFilterBar-btnBasicSearch","interaction":{"idSuffix":"I"}},"clearTextFirst":true,"interactionType":"ENTER_TEXT"}]}
COMMAND: POST /session/aedfa18944cc4355ab8cbaedf6540575/execute/async - {"script":"<script> [1562 bytes]","args":[{"selector":{"controlType":"sap.ui.core.Icon","viewName":"etm.portal.ui.siteinventory.view.Master","viewId":"application-siteinventory-display-component---masterSiteInventory","properties":{"src":{"regex":{"source":"slim\\-arrow\\-right"}}}},"wdio_ui5_key":"etmportal.ui.siteinventory.view.Mastersap.ui.core.Icon{\"src\":{\"regex\":{\"source\":\"slim\\\\-arrow\\\\-right\"}}}"}]}
RESULT: {"script":"<script> [1562 bytes]","args":[{"selector":{"controlType":"sap.ui.core.Icon","viewName":"etm.portal.ui.siteinventory.view.Master","viewId":"application-siteinventory-display-component---masterSiteInventory","properties":{"src":{"regex":{"source":"slim\\-arrow\\-right"}}}},"wdio_ui5_key":"etmportal.ui.siteinventory.view.Mastersap.ui.core.Icon{\"src\":{\"regex\":{\"source\":\"slim\\\\-arrow\\\\-right\"}}}"}]}
RESULT: undefined
COMMAND: POST /session/aedfa18944cc4355ab8cbaedf6540575/element - {"using":"xpath","value":"//*[@id=\"__item20-__clone9-imgNav\"]"}
RESULT: {"using":"xpath","value":"//*[@id=\"__item20-__clone9-imgNav\"]"}
COMMAND: POST /session/aedfa18944cc4355ab8cbaedf6540575/element/f.694E2BBF071ECDE7169F205C0A1B1FBC.d.6D9D43783E8E4BDD3230317A1789C42A.e.19503/click - {}
RESULT: {}
COMMAND: GET /session/aedfa18944cc4355ab8cbaedf6540575/screenshot - {}
RESULT: {}
COMMAND: POST /session/aedfa18944cc4355ab8cbaedf6540575/execute/async - {"script":"<script> [1562 bytes]","args":[{"selector":{"id":"application-siteinventory-display-component---detailSiteInventory--onSite-triggerAction-returnBtn","interaction":{"idSuffix":"BDI-content"}},"wdio_ui5_key":"applicationsiteinventory-display-component---detailSiteInventory--onSite-triggerAction-returnBtn"}]}
RESULT: {"script":"<script> [1562 bytes]","args":[{"selector":{"id":"application-siteinventory-display-component---detailSiteInventory--onSite-triggerAction-returnBtn","interaction":{"idSuffix":"BDI-content"}},"wdio_ui5_key":"applicationsiteinventory-display-component---detailSiteInventory--onSite-triggerAction-returnBtn"}]}
RESULT: undefined
COMMAND: POST /session/aedfa18944cc4355ab8cbaedf6540575/element - {"using":"xpath","value":"//*[@id=\"application-siteinventory-display-component---detailSiteInventory--onSite-triggerAction-returnBtn\"]"}
RESULT: {"using":"xpath","value":"//*[@id=\"application-siteinventory-display-component---detailSiteInventory--onSite-triggerAction-returnBtn\"]"}
COMMAND: POST /session/aedfa18944cc4355ab8cbaedf6540575/element/f.694E2BBF071ECDE7169F205C0A1B1FBC.d.6D9D43783E8E4BDD3230317A1789C42A.e.19581/click - {}
RESULT: {}
COMMAND: POST /session/aedfa18944cc4355ab8cbaedf6540575/execute/async - {"script":"<script> [1562 bytes]","args":[{"selector":{"id":"application-siteinventory-display-component---detailSiteInventory--smartSiteHoItemsTable-sa","interaction":{"idSuffix":"CbBg"}},"wdio_ui5_key":"applicationsiteinventory-display-component---detailSiteInventory--smartSiteHoItemsTable-sa"}]}
COMMAND: GET /session/aedfa18944cc4355ab8cbaedf6540575/screenshot - {}
RESULT: {}
RESULT: {"script":"<script> [1562 bytes]","args":[{"selector":{"id":"application-siteinventory-display-component---detailSiteInventory--smartSiteHoItemsTable-sa","interaction":{"idSuffix":"CbBg"}},"wdio_ui5_key":"applicationsiteinventory-display-component---detailSiteInventory--smartSiteHoItemsTable-sa"}]}
RESULT: undefined
COMMAND: POST /session/aedfa18944cc4355ab8cbaedf6540575/element - {"using":"xpath","value":"//*[@id=\"application-siteinventory-display-component---detailSiteInventory--smartSiteHoItemsTable-sa\"]"}
RESULT: {"using":"xpath","value":"//*[@id=\"application-siteinventory-display-component---detailSiteInventory--smartSiteHoItemsTable-sa\"]"}
COMMAND: POST /session/aedfa18944cc4355ab8cbaedf6540575/element/f.694E2BBF071ECDE7169F205C0A1B1FBC.d.6D9D43783E8E4BDD3230317A1789C42A.e.19603/click - {}
RESULT: {}
RESULT: undefined
COMMAND: POST /session/aedfa18944cc4355ab8cbaedf6540575/element - {"using":"xpath","value":"//*[@id=\"application-siteinventory-display-component---detailSiteInventory--onSite-triggerAction-returnBtn\"]"}
COMMAND: GET /session/aedfa18944cc4355ab8cbaedf6540575/screenshot - {}
RESULT: {"using":"xpath","value":"//*[@id=\"application-siteinventory-display-component---detailSiteInventory--onSite-triggerAction-returnBtn\"]"}
COMMAND: POST /session/aedfa18944cc4355ab8cbaedf6540575/element/f.694E2BBF071ECDE7169F205C0A1B1FBC.d.6D9D43783E8E4BDD3230317A1789C42A.e.19581/click - {}
RESULT: {}
RESULT: {}
COMMAND: GET /session/aedfa18944cc4355ab8cbaedf6540575/screenshot - {}
RESULT: {}
COMMAND: POST /session/aedfa18944cc4355ab8cbaedf6540575/actions - {"actions":[{"id":"action53","type":"key","parameters":{},"actions":[{"type":"keyDown","value":""},{"type":"pause","duration":10},{"type":"keyUp","value":""}]}]}
RESULT: {"actions":[{"id":"action53","type":"key","parameters":{},"actions":[{"type":"keyDown","value":""},{"type":"pause","duration":10},{"type":"keyUp","value":""}]}]}
COMMAND: GET /session/aedfa18944cc4355ab8cbaedf6540575/screenshot - {}
RESULT: {}
COMMAND: POST /session/aedfa18944cc4355ab8cbaedf6540575/execute/async - {"script":"<script> [1562 bytes]","args":[{"selector":{"id":"application-siteinventory-display-component---detailSiteInventory--hoItemsSmartTable-btnPersonalisation-img"},"wdio_ui5_key":"applicationsiteinventory-display-component---detailSiteInventory--hoItemsSmartTable-btnPersonalisation-img"}]}
RESULT: {"script":"<script> [1562 bytes]","args":[{"selector":{"id":"application-siteinventory-display-component---detailSiteInventory--hoItemsSmartTable-btnPersonalisation-img"},"wdio_ui5_key":"applicationsiteinventory-display-component---detailSiteInventory--hoItemsSmartTable-btnPersonalisation-img"}]}
RESULT: undefined
COMMAND: POST /session/aedfa18944cc4355ab8cbaedf6540575/element - {"using":"xpath","value":"//*[@id=\"application-siteinventory-display-component---detailSiteInventory--hoItemsSmartTable-btnPersonalisation-img\"]"}
RESULT: {"using":"xpath","value":"//*[@id=\"application-siteinventory-display-component---detailSiteInventory--hoItemsSmartTable-btnPersonalisation-img\"]"}
COMMAND: POST /session/aedfa18944cc4355ab8cbaedf6540575/element/f.694E2BBF071ECDE7169F205C0A1B1FBC.d.6D9D43783E8E4BDD3230317A1789C42A.e.19608/click - {}
RESULT: {}
COMMAND: POST /session/aedfa18944cc4355ab8cbaedf6540575/element - {"using":"xpath","value":"//input[contains(@id ,\"searchField-I\")]"}
COMMAND: GET /session/aedfa18944cc4355ab8cbaedf6540575/screenshot - {}
RESULT: {"using":"xpath","value":"//input[contains(@id ,\"searchField-I\")]"}
COMMAND: POST /session/aedfa18944cc4355ab8cbaedf6540575/element/f.694E2BBF071ECDE7169F205C0A1B1FBC.d.6D9D43783E8E4BDD3230317A1789C42A.e.19612/clear - {}
RESULT: {}
RESULT: {}
COMMAND: POST /session/aedfa18944cc4355ab8cbaedf6540575/element/f.694E2BBF071ECDE7169F205C0A1B1FBC.d.6D9D43783E8E4BDD3230317A1789C42A.e.19612/value - {"text":"Handover Returned"}
COMMAND: GET /session/aedfa18944cc4355ab8cbaedf6540575/screenshot - {}
RESULT: {"text":"Handover Returned"}
COMMAND: GET /session/aedfa18944cc4355ab8cbaedf6540575/screenshot - {}
RESULT: {}
RESULT: {}
COMMAND: POST /session/aedfa18944cc4355ab8cbaedf6540575/element - {"using":"xpath","value":"//div[contains(@id ,\"innerSelectionPanelTable-sa-CbBg\")]"}
RESULT: {"using":"xpath","value":"//div[contains(@id ,\"innerSelectionPanelTable-sa-CbBg\")]"}
COMMAND: POST /session/aedfa18944cc4355ab8cbaedf6540575/element/f.694E2BBF071ECDE7169F205C0A1B1FBC.d.6D9D43783E8E4BDD3230317A1789C42A.e.19640/click - {}
RESULT: {}
COMMAND: POST /session/aedfa18944cc4355ab8cbaedf6540575/execute/async - {"script":"<script> [1562 bytes]","args":[{"selector":{"controlType":"sap.m.Button","viewName":"etm.portal.ui.siteinventory.view.Detail","viewId":"application-siteinventory-display-component---detailSiteInventory","properties":{"text":"OK"},"searchOpenDialogs":true,"interaction":{"idSuffix":"BDI-content"}},"wdio_ui5_key":"etmportal.ui.siteinventory.view.Detailsap.m.Button{\"text\":\"OK\"}"}]}
COMMAND: GET /session/aedfa18944cc4355ab8cbaedf6540575/screenshot - {}
RESULT: {"script":"<script> [1562 bytes]","args":[{"selector":{"controlType":"sap.m.Button","viewName":"etm.portal.ui.siteinventory.view.Detail","viewId":"application-siteinventory-display-component---detailSiteInventory","properties":{"text":"OK"},"searchOpenDialogs":true,"interaction":{"idSuffix":"BDI-content"}},"wdio_ui5_key":"etmportal.ui.siteinventory.view.Detailsap.m.Button{\"text\":\"OK\"}"}]}
RESULT: undefined
COMMAND: POST /session/aedfa18944cc4355ab8cbaedf6540575/element - {"using":"xpath","value":"//*[@id=\"__popup40-confirmBtn\"]"}
RESULT: {}
RESULT: {"using":"xpath","value":"//*[@id=\"__popup40-confirmBtn\"]"}
COMMAND: POST /session/aedfa18944cc4355ab8cbaedf6540575/element/f.694E2BBF071ECDE7169F205C0A1B1FBC.d.6D9D43783E8E4BDD3230317A1789C42A.e.19642/click - {}
RESULT: {}
COMMAND: GET /session/aedfa18944cc4355ab8cbaedf6540575/screenshot - {}
RESULT: {}
COMMAND: POST /session/aedfa18944cc4355ab8cbaedf6540575/element - {"using":"css selector","value":"#shell-header-logo"}
RESULT: {"using":"css selector","value":"#shell-header-logo"}
COMMAND: POST /session/aedfa18944cc4355ab8cbaedf6540575/element/f.694E2BBF071ECDE7169F205C0A1B1FBC.d.6D9D43783E8E4BDD3230317A1789C42A.e.19372/click - {}
RESULT: {}
COMMAND: GET /session/aedfa18944cc4355ab8cbaedf6540575/screenshot - {}
RESULT: {}
COMMAND: POST /session/aedfa18944cc4355ab8cbaedf6540575/execute/async - {"script":"<script> [1562 bytes]","args":[{"selector":{"controlType":"sap.m.GenericTile","properties":{"header":"Manage Handovers"}},"wdio_ui5_key":"sapm.GenericTile{\"header\":\"Manage Handovers\"}"}]}
RESULT: {"script":"<script> [1562 bytes]","args":[{"selector":{"controlType":"sap.m.GenericTile","properties":{"header":"Manage Handovers"}},"wdio_ui5_key":"sapm.GenericTile{\"header\":\"Manage Handovers\"}"}]}
RESULT: undefined
COMMAND: POST /session/aedfa18944cc4355ab8cbaedf6540575/element - {"using":"xpath","value":"//*[@id=\"__tile131\"]"}
RESULT: {"using":"xpath","value":"//*[@id=\"__tile131\"]"}
COMMAND: POST /session/aedfa18944cc4355ab8cbaedf6540575/element/f.694E2BBF071ECDE7169F205C0A1B1FBC.d.6D9D43783E8E4BDD3230317A1789C42A.e.19647/click - {}
RESULT: {}
COMMAND: GET /session/aedfa18944cc4355ab8cbaedf6540575/screenshot - {}
RESULT: {}
COMMAND: POST /session/aedfa18944cc4355ab8cbaedf6540575/execute/async - {"script":"<script> [1562 bytes]","args":[{"selector":{"controlType":"sap.ui.core.Icon","viewName":"etm.portal.ui.managehandovers.view.MasterHO","properties":{"src":{"regex":{"source":"value\\-help"}}},"ancestor":{"controlType":"sap.ui.comp.smartfilterbar.SFBMultiInput","viewName":"etm.portal.ui.managehandovers.view.MasterHO","labelFor":{"text":"Sending Contract"}}},"wdio_ui5_key":"etmportal.ui.managehandovers.view.MasterHOsap.ui.core.Icon{\"src\":{\"regex\":{\"source\":\"value\\\\-help\"}}}{\"controlType\":\"sap.ui.comp.smartfilterbar.SFBMultiInput\",\"viewName\":\"etm.portal.ui.managehandovers.view.MasterHO\",\"labelFor\":{\"text\":\"Sending Contract\"}}"}]}
RESULT: {"script":"<script> [1562 bytes]","args":[{"selector":{"controlType":"sap.ui.core.Icon","viewName":"etm.portal.ui.managehandovers.view.MasterHO","properties":{"src":{"regex":{"source":"value\\-help"}}},"ancestor":{"controlType":"sap.ui.comp.smartfilterbar.SFBMultiInput","viewName":"etm.portal.ui.managehandovers.view.MasterHO","labelFor":{"text":"Sending Contract"}}},"wdio_ui5_key":"etmportal.ui.managehandovers.view.MasterHOsap.ui.core.Icon{\"src\":{\"regex\":{\"source\":\"value\\\\-help\"}}}{\"controlType\":\"sap.ui.comp.smartfilterbar.SFBMultiInput\",\"viewName\":\"etm.portal.ui.managehandovers.view.MasterHO\",\"labelFor\":{\"text\":\"Sending Contract\"}}"}]}
RESULT: undefined
COMMAND: POST /session/aedfa18944cc4355ab8cbaedf6540575/element - {"using":"xpath","value":"//*[@id=\"__xmlview58--smartFilterBar-filterItemControl_BASIC-SEND_CONTRACT-vhi\"]"}
RESULT: {"using":"xpath","value":"//*[@id=\"__xmlview58--smartFilterBar-filterItemControl_BASIC-SEND_CONTRACT-vhi\"]"}
COMMAND: POST /session/aedfa18944cc4355ab8cbaedf6540575/element/f.694E2BBF071ECDE7169F205C0A1B1FBC.d.6D9D43783E8E4BDD3230317A1789C42A.e.19725/click - {}
RESULT: {}
COMMAND: GET /session/aedfa18944cc4355ab8cbaedf6540575/screenshot - {}
RESULT: {}
COMMAND: POST /session/aedfa18944cc4355ab8cbaedf6540575/execute/async - {"script":"<script> [1562 bytes]","args":[{"selector":{"controlType":"sap.m.SearchField","viewName":"etm.portal.ui.managehandovers.view.MasterHO","bindingPath":{"path":"","propertyPath":"/_BASIC_SEARCH_FIELD","modelName":"fi1t3rM0d31"},"searchOpenDialogs":true,"interaction":{"idSuffix":"I"}},"wdio_ui5_key":"etmportal.ui.managehandovers.view.MasterHOsap.m.SearchField{\"path\":\"\",\"propertyPath\":\"/_BASIC_SEARCH_FIELD\",\"modelName\":\"fi1t3rM0d31\"}"}]}
RESULT: {"script":"<script> [1562 bytes]","args":[{"selector":{"controlType":"sap.m.SearchField","viewName":"etm.portal.ui.managehandovers.view.MasterHO","bindingPath":{"path":"","propertyPath":"/_BASIC_SEARCH_FIELD","modelName":"fi1t3rM0d31"},"searchOpenDialogs":true,"interaction":{"idSuffix":"I"}},"wdio_ui5_key":"etmportal.ui.managehandovers.view.MasterHOsap.m.SearchField{\"path\":\"\",\"propertyPath\":\"/_BASIC_SEARCH_FIELD\",\"modelName\":\"fi1t3rM0d31\"}"}]}
RESULT: undefined
COMMAND: POST /session/aedfa18944cc4355ab8cbaedf6540575/execute/async - {"script":"<script> [776 bytes]","args":[{"enterText":"10218","selector":{"controlType":"sap.m.SearchField","viewName":"etm.portal.ui.managehandovers.view.MasterHO","bindingPath":{"path":"","propertyPath":"/_BASIC_SEARCH_FIELD","modelName":"fi1t3rM0d31"},"searchOpenDialogs":true,"interaction":{"idSuffix":"I"}},"clearTextFirst":true,"interactionType":"ENTER_TEXT"}]}
RESULT: {"script":"<script> [776 bytes]","args":[{"enterText":"10218","selector":{"controlType":"sap.m.SearchField","viewName":"etm.portal.ui.managehandovers.view.MasterHO","bindingPath":{"path":"","propertyPath":"/_BASIC_SEARCH_FIELD","modelName":"fi1t3rM0d31"},"searchOpenDialogs":true,"interaction":{"idSuffix":"I"}},"clearTextFirst":true,"interactionType":"ENTER_TEXT"}]}
COMMAND: POST /session/aedfa18944cc4355ab8cbaedf6540575/actions - {"actions":[{"id":"action54","type":"key","parameters":{},"actions":[{"type":"keyDown","value":""},{"type":"pause","duration":10},{"type":"keyUp","value":""}]}]}
RESULT: {"actions":[{"id":"action54","type":"key","parameters":{},"actions":[{"type":"keyDown","value":""},{"type":"pause","duration":10},{"type":"keyUp","value":""}]}]}
COMMAND: GET /session/aedfa18944cc4355ab8cbaedf6540575/screenshot - {}
RESULT: {}
COMMAND: POST /session/aedfa18944cc4355ab8cbaedf6540575/element - {"using":"xpath","value":"//div[contains(@id ,\"smartFilterBar-filterItemControl_BASIC-SEND_CONTRACT-valueHelpDialog-table-rowsel0\")]"}
RESULT: {"using":"xpath","value":"//div[contains(@id ,\"smartFilterBar-filterItemControl_BASIC-SEND_CONTRACT-valueHelpDialog-table-rowsel0\")]"}
COMMAND: POST /session/aedfa18944cc4355ab8cbaedf6540575/element/f.694E2BBF071ECDE7169F205C0A1B1FBC.d.6D9D43783E8E4BDD3230317A1789C42A.e.19737/click - {}
RESULT: {}
COMMAND: GET /session/aedfa18944cc4355ab8cbaedf6540575/screenshot - {}
RESULT: {}
COMMAND: POST /session/aedfa18944cc4355ab8cbaedf6540575/execute/async - {"script":"<script> [1562 bytes]","args":[{"selector":{"controlType":"sap.m.Button","viewName":"etm.portal.ui.managehandovers.view.MasterHO","properties":{"text":"OK"},"searchOpenDialogs":true,"interaction":{"idSuffix":"BDI-content"}},"wdio_ui5_key":"etmportal.ui.managehandovers.view.MasterHOsap.m.Button{\"text\":\"OK\"}"}]}
RESULT: {"script":"<script> [1562 bytes]","args":[{"selector":{"controlType":"sap.m.Button","viewName":"etm.portal.ui.managehandovers.view.MasterHO","properties":{"text":"OK"},"searchOpenDialogs":true,"interaction":{"idSuffix":"BDI-content"}},"wdio_ui5_key":"etmportal.ui.managehandovers.view.MasterHOsap.m.Button{\"text\":\"OK\"}"}]}
RESULT: undefined
COMMAND: POST /session/aedfa18944cc4355ab8cbaedf6540575/element - {"using":"xpath","value":"//*[@id=\"__xmlview58--smartFilterBar-filterItemControl_BASIC-SEND_CONTRACT-valueHelpDialog-ok\"]"}
RESULT: {"using":"xpath","value":"//*[@id=\"__xmlview58--smartFilterBar-filterItemControl_BASIC-SEND_CONTRACT-valueHelpDialog-ok\"]"}
COMMAND: POST /session/aedfa18944cc4355ab8cbaedf6540575/element/f.694E2BBF071ECDE7169F205C0A1B1FBC.d.6D9D43783E8E4BDD3230317A1789C42A.e.19740/click - {}
RESULT: {}
COMMAND: GET /session/aedfa18944cc4355ab8cbaedf6540575/screenshot - {}
RESULT: {}
COMMAND: POST /session/aedfa18944cc4355ab8cbaedf6540575/execute/async - {"script":"<script> [1562 bytes]","args":[{"selector":{"controlType":"sap.ui.core.Icon","viewName":"etm.portal.ui.managehandovers.view.MasterHO","properties":{"src":{"regex":{"source":"slim\\-arrow\\-right"}}}},"wdio_ui5_key":"etmportal.ui.managehandovers.view.MasterHOsap.ui.core.Icon{\"src\":{\"regex\":{\"source\":\"slim\\\\-arrow\\\\-right\"}}}"}]}
RESULT: {"script":"<script> [1562 bytes]","args":[{"selector":{"controlType":"sap.ui.core.Icon","viewName":"etm.portal.ui.managehandovers.view.MasterHO","properties":{"src":{"regex":{"source":"slim\\-arrow\\-right"}}}},"wdio_ui5_key":"etmportal.ui.managehandovers.view.MasterHOsap.ui.core.Icon{\"src\":{\"regex\":{\"source\":\"slim\\\\-arrow\\\\-right\"}}}"}]}
RESULT: undefined
COMMAND: POST /session/aedfa18944cc4355ab8cbaedf6540575/element - {"using":"xpath","value":"//*[@id=\"__item145-__clone227-imgNav\"]"}
RESULT: {"using":"xpath","value":"//*[@id=\"__item145-__clone227-imgNav\"]"}
COMMAND: POST /session/aedfa18944cc4355ab8cbaedf6540575/element/f.694E2BBF071ECDE7169F205C0A1B1FBC.d.6D9D43783E8E4BDD3230317A1789C42A.e.19765/click - {}
RESULT: {}
COMMAND: GET /session/aedfa18944cc4355ab8cbaedf6540575/screenshot - {}
RESULT: {}
COMMAND: POST /session/aedfa18944cc4355ab8cbaedf6540575/execute/async - {"script":"<script> [1562 bytes]","args":[{"selector":{"controlType":"sap.m.Text","viewName":"etm.portal.ui.managehandovers.view.DetailExecuteHO","bindingPath":{"propertyPath":"NO","modelName":"catalogModel"}},"wdio_ui5_key":"etmportal.ui.managehandovers.view.DetailExecuteHOsap.m.Text{\"propertyPath\":\"NO\",\"modelName\":\"catalogModel\"}"}]}
RESULT: {"script":"<script> [1562 bytes]","args":[{"selector":{"controlType":"sap.m.Text","viewName":"etm.portal.ui.managehandovers.view.DetailExecuteHO","bindingPath":{"propertyPath":"NO","modelName":"catalogModel"}},"wdio_ui5_key":"etmportal.ui.managehandovers.view.DetailExecuteHOsap.m.Text{\"propertyPath\":\"NO\",\"modelName\":\"catalogModel\"}"}]}
RESULT: undefined
COMMAND: POST /session/aedfa18944cc4355ab8cbaedf6540575/execute/async - {"script":"<script> [6424 bytes]","args":[{"element-6066-11e4-a52e-4f735466cecf":"f.694E2BBF071ECDE7169F205C0A1B1FBC.d.6D9D43783E8E4BDD3230317A1789C42A.e.19878"},"getText",[]]}
RESULT: {"script":"<script> [6424 bytes]","args":[{"element-6066-11e4-a52e-4f735466cecf":"f.694E2BBF071ECDE7169F205C0A1B1FBC.d.6D9D43783E8E4BDD3230317A1789C42A.e.19878"},"getText",[]]}
COMMAND: POST /session/aedfa18944cc4355ab8cbaedf6540575/element - {"using":"xpath","value":"//bdi[contains(text(), \"Confirm All\")]"}
RESULT: {"using":"xpath","value":"//bdi[contains(text(), \"Confirm All\")]"}
COMMAND: POST /session/aedfa18944cc4355ab8cbaedf6540575/element/f.694E2BBF071ECDE7169F205C0A1B1FBC.d.6D9D43783E8E4BDD3230317A1789C42A.e.19879/click - {}
RESULT: {}
COMMAND: GET /session/aedfa18944cc4355ab8cbaedf6540575/screenshot - {}
RESULT: {}
COMMAND: POST /session/aedfa18944cc4355ab8cbaedf6540575/actions - {"actions":[{"id":"action55","type":"key","parameters":{},"actions":[{"type":"keyDown","value":""},{"type":"pause","duration":10},{"type":"keyUp","value":""}]}]}
RESULT: {"actions":[{"id":"action55","type":"key","parameters":{},"actions":[{"type":"keyDown","value":""},{"type":"pause","duration":10},{"type":"keyUp","value":""}]}]}
COMMAND: GET /session/aedfa18944cc4355ab8cbaedf6540575/screenshot - {}
RESULT: {}
COMMAND: POST /session/aedfa18944cc4355ab8cbaedf6540575/element - {"using":"xpath","value":"(//bdi[contains(@id ,\"BDI-content\")][contains(text(), \"Issue\")])[2]"}
RESULT: {"using":"xpath","value":"(//bdi[contains(@id ,\"BDI-content\")][contains(text(), \"Issue\")])[2]"}
COMMAND: POST /session/aedfa18944cc4355ab8cbaedf6540575/element/f.694E2BBF071ECDE7169F205C0A1B1FBC.d.6D9D43783E8E4BDD3230317A1789C42A.e.19885/click - {}
RESULT: {}
COMMAND: GET /session/aedfa18944cc4355ab8cbaedf6540575/screenshot - {}
RESULT: {}
COMMAND: POST /session/aedfa18944cc4355ab8cbaedf6540575/refresh - {}
RESULT: {}
COMMAND: GET /session/aedfa18944cc4355ab8cbaedf6540575/screenshot - {}
RESULT: {}
COMMAND: POST /session/aedfa18944cc4355ab8cbaedf6540575/refresh - {}
RESULT: {}
COMMAND: GET /session/aedfa18944cc4355ab8cbaedf6540575/screenshot - {}
RESULT: {}
COMMAND: POST /session/aedfa18944cc4355ab8cbaedf6540575/execute/async - {"script":"<script> [189 bytes]","args":[]}
RESULT: {"script":"<script> [189 bytes]","args":[]}
COMMAND: POST /session/aedfa18944cc4355ab8cbaedf6540575/execute/async - {"script":"<script> [123 bytes]","args":[]}
RESULT: {"script":"<script> [123 bytes]","args":[]}
COMMAND: POST /session/aedfa18944cc4355ab8cbaedf6540575/timeouts - {"script":"<number>"}
RESULT: {"script":"<number>"}
COMMAND: GET /session/aedfa18944cc4355ab8cbaedf6540575/timeouts - {}
RESULT: {}
RESULT: undefined
COMMAND: POST /session/aedfa18944cc4355ab8cbaedf6540575/execute/async - {"script":"<script> [2676 bytes]","args":[]}
RESULT: {"script":"<script> [2676 bytes]","args":[]}
COMMAND: POST /session/aedfa18944cc4355ab8cbaedf6540575/execute/async - {"script":"<script> [2342 bytes]","args":[{"protocol":"http","hostname":"0.0.0.0","path":"/","capabilities":{"browserName":"chrome","goog:chromeOptions":{"binary":"C:\\Program Files\\Google\\Chrome\\Application\\chrome.exe","args":["--force-device-scale-factor=0.8","--start-maximized"]}},"logLevel":"warn","connectionRetryTimeout":120000,"connectionRetryCount":3,"logLevels":{},"enableDirectConnect":true,"strictSSL":true,"_":"65 more keys: [\"cacheDir\",\"port\",\"requestedCapabilities\",\"automationProtocol\",\"baseUrl\",\"waitforInterval\",\"waitforTimeout\",\"onReload\",\"beforeCommand\",\"afterCommand\",\"rootDir\",\"specs\",\"suites\",\"exclude\",\"groupLogsByTestSpec\",\"excludeDriverLogs\",\"bail\",\"framework\",\"reporters\",\"services\",\"maxInstances\",\"maxInstancesPerCapability\",\"injectGlobals\",\"filesToWatch\",\"execArgv\",\"runnerEnv\",\"runner\",\"shard\",\"specFileRetries\",\"specFileRetriesDelay\",\"specFileRetriesDeferred\",\"reporterSyncInterval\",\"reporterSyncTimeout\",\"cucumberFeaturesWithLineNumbers\",\"autoCompileOpts\",\"mochaOpts\",\"jasmineOpts\",\"cucumberOpts\",\"onPrepare\",\"onWorkerStart\",\"onWorkerEnd\",\"before\",\"beforeSession\",\"beforeSuite\",\"beforeHook\",\"beforeTest\",\"afterTest\",\"afterHook\",\"afterSuite\",\"afterSession\",\"after\",\"onComplete\",\"beforeAssertion\",\"afterAssertion\",\"beforeFeature\",\"beforeScenario\",\"beforeStep\",\"afterStep\",\"afterScenario\",\"afterFeature\",\"_\",\"suite\",\"$0\",\"ignoredWorkerServices\",\"wdi5\"]"}]}
RESULT: {"script":"<script> [2342 bytes]","args":[{"protocol":"http","hostname":"0.0.0.0","path":"/","capabilities":{"browserName":"chrome","goog:chromeOptions":{"binary":"C:\\Program Files\\Google\\Chrome\\Application\\chrome.exe","args":["--force-device-scale-factor=0.8","--start-maximized"]}},"logLevel":"warn","connectionRetryTimeout":120000,"connectionRetryCount":3,"logLevels":{},"enableDirectConnect":true,"strictSSL":true,"_":"65 more keys: [\"cacheDir\",\"port\",\"requestedCapabilities\",\"automationProtocol\",\"baseUrl\",\"waitforInterval\",\"waitforTimeout\",\"onReload\",\"beforeCommand\",\"afterCommand\",\"rootDir\",\"specs\",\"suites\",\"exclude\",\"groupLogsByTestSpec\",\"excludeDriverLogs\",\"bail\",\"framework\",\"reporters\",\"services\",\"maxInstances\",\"maxInstancesPerCapability\",\"injectGlobals\",\"filesToWatch\",\"execArgv\",\"runnerEnv\",\"runner\",\"shard\",\"specFileRetries\",\"specFileRetriesDelay\",\"specFileRetriesDeferred\",\"reporterSyncInterval\",\"reporterSyncTimeout\",\"cucumberFeaturesWithLineNumbers\",\"autoCompileOpts\",\"mochaOpts\",\"jasmineOpts\",\"cucumberOpts\",\"onPrepare\",\"onWorkerStart\",\"onWorkerEnd\",\"before\",\"beforeSession\",\"beforeSuite\",\"beforeHook\",\"beforeTest\",\"afterTest\",\"afterHook\",\"afterSuite\",\"afterSession\",\"after\",\"onComplete\",\"beforeAssertion\",\"afterAssertion\",\"beforeFeature\",\"beforeScenario\",\"beforeStep\",\"afterStep\",\"afterScenario\",\"afterFeature\",\"_\",\"suite\",\"$0\",\"ignoredWorkerServices\",\"wdi5\"]"}]}
COMMAND: POST /session/aedfa18944cc4355ab8cbaedf6540575/execute/async - {"script":"<script> [21126 bytes]","args":[35000]}
RESULT: {"script":"<script> [21126 bytes]","args":[35000]}
COMMAND: POST /session/aedfa18944cc4355ab8cbaedf6540575/element - {"using":"xpath","value":"//input[contains(@id ,\"smartFilterBar-btnBasicSearch-I\")]"}
RESULT: {"using":"xpath","value":"//input[contains(@id ,\"smartFilterBar-btnBasicSearch-I\")]"}
COMMAND: POST /session/aedfa18944cc4355ab8cbaedf6540575/element/f.694E2BBF071ECDE7169F205C0A1B1FBC.d.000A57E963364A625F31B90404973CE1.e.19958/clear - {}
RESULT: {}
COMMAND: POST /session/aedfa18944cc4355ab8cbaedf6540575/element/f.694E2BBF071ECDE7169F205C0A1B1FBC.d.000A57E963364A625F31B90404973CE1.e.19958/value - {"text":"30414"}
COMMAND: GET /session/aedfa18944cc4355ab8cbaedf6540575/screenshot - {}
RESULT: {"text":"30414"}
COMMAND: GET /session/aedfa18944cc4355ab8cbaedf6540575/screenshot - {}
RESULT: {}
RESULT: {}
COMMAND: POST /session/aedfa18944cc4355ab8cbaedf6540575/actions - {"actions":[{"id":"action56","type":"key","parameters":{},"actions":[{"type":"keyDown","value":""},{"type":"pause","duration":10},{"type":"keyUp","value":""}]}]}
RESULT: {"actions":[{"id":"action56","type":"key","parameters":{},"actions":[{"type":"keyDown","value":""},{"type":"pause","duration":10},{"type":"keyUp","value":""}]}]}
COMMAND: GET /session/aedfa18944cc4355ab8cbaedf6540575/screenshot - {}
RESULT: {}
COMMAND: POST /session/aedfa18944cc4355ab8cbaedf6540575/execute/async - {"script":"<script> [1562 bytes]","args":[{"selector":{"controlType":"sap.ui.core.Icon","viewName":"etm.portal.ui.managehandovers.view.MasterHO","properties":{"src":{"regex":{"source":"slim\\-arrow\\-right"}}}},"wdio_ui5_key":"etmportal.ui.managehandovers.view.MasterHOsap.ui.core.Icon{\"src\":{\"regex\":{\"source\":\"slim\\\\-arrow\\\\-right\"}}}"}]}
RESULT: {"script":"<script> [1562 bytes]","args":[{"selector":{"controlType":"sap.ui.core.Icon","viewName":"etm.portal.ui.managehandovers.view.MasterHO","properties":{"src":{"regex":{"source":"slim\\-arrow\\-right"}}}},"wdio_ui5_key":"etmportal.ui.managehandovers.view.MasterHOsap.ui.core.Icon{\"src\":{\"regex\":{\"source\":\"slim\\\\-arrow\\\\-right\"}}}"}]}
RESULT: undefined
COMMAND: POST /session/aedfa18944cc4355ab8cbaedf6540575/element - {"using":"xpath","value":"//*[@id=\"__item32-__clone16-imgNav\"]"}
RESULT: {"using":"xpath","value":"//*[@id=\"__item32-__clone16-imgNav\"]"}
COMMAND: POST /session/aedfa18944cc4355ab8cbaedf6540575/element/f.694E2BBF071ECDE7169F205C0A1B1FBC.d.000A57E963364A625F31B90404973CE1.e.20059/click - {}
RESULT: {}
COMMAND: GET /session/aedfa18944cc4355ab8cbaedf6540575/screenshot - {}
RESULT: {}
COMMAND: POST /session/aedfa18944cc4355ab8cbaedf6540575/execute/async - {"script":"<script> [1562 bytes]","args":[{"selector":{"controlType":"sap.m.ObjectStatus","viewName":"etm.portal.ui.managehandovers.view.DetailManageHO","viewId":"application-managehandovers-display-component---detailManageHO","labelFor":{"text":"Status"}},"wdio_ui5_key":"etmportal.ui.managehandovers.view.DetailManageHOsap.m.ObjectStatus{\"text\":\"Status\"}"}]}
RESULT: {"script":"<script> [1562 bytes]","args":[{"selector":{"controlType":"sap.m.ObjectStatus","viewName":"etm.portal.ui.managehandovers.view.DetailManageHO","viewId":"application-managehandovers-display-component---detailManageHO","labelFor":{"text":"Status"}},"wdio_ui5_key":"etmportal.ui.managehandovers.view.DetailManageHOsap.m.ObjectStatus{\"text\":\"Status\"}"}]}
RESULT: undefined
COMMAND: POST /session/aedfa18944cc4355ab8cbaedf6540575/execute/async - {"script":"<script> [6424 bytes]","args":[{"element-6066-11e4-a52e-4f735466cecf":"f.694E2BBF071ECDE7169F205C0A1B1FBC.d.000A57E963364A625F31B90404973CE1.e.20144"},"getText",[]]}
RESULT: {"script":"<script> [6424 bytes]","args":[{"element-6066-11e4-a52e-4f735466cecf":"f.694E2BBF071ECDE7169F205C0A1B1FBC.d.000A57E963364A625F31B90404973CE1.e.20144"},"getText",[]]}
COMMAND: POST /session/aedfa18944cc4355ab8cbaedf6540575/element - {"using":"xpath","value":"//a[contains(@data-kt ,\"GeneralSectionSendContractLink\")]"}
RESULT: {"using":"xpath","value":"//a[contains(@data-kt ,\"GeneralSectionSendContractLink\")]"}
COMMAND: POST /session/aedfa18944cc4355ab8cbaedf6540575/element/f.694E2BBF071ECDE7169F205C0A1B1FBC.d.000A57E963364A625F31B90404973CE1.e.20145/click - {}
RESULT: {}
COMMAND: GET /session/aedfa18944cc4355ab8cbaedf6540575/screenshot - {}
RESULT: {}
COMMAND: POST /session/aedfa18944cc4355ab8cbaedf6540575/element - {"using":"xpath","value":"//a[contains(@data-kt ,\"ContextMenuId2Link\")]"}
RESULT: {"using":"xpath","value":"//a[contains(@data-kt ,\"ContextMenuId2Link\")]"}
COMMAND: POST /session/aedfa18944cc4355ab8cbaedf6540575/element/f.694E2BBF071ECDE7169F205C0A1B1FBC.d.000A57E963364A625F31B90404973CE1.e.20148/click - {}
RESULT: {}
COMMAND: GET /session/aedfa18944cc4355ab8cbaedf6540575/screenshot - {}
RESULT: {}
RESULT: undefined
RESULT: undefined
COMMAND: POST /session/aedfa18944cc4355ab8cbaedf6540575/execute/async - {"script":"<script> [1562 bytes]","args":[{"selector":{"id":"headerBillingItemsTabFilter","viewName":"etm.portal.ui.managecontracts.view.Detail","interaction":{"idSuffix":"text"}},"wdio_ui5_key":"headerBillingItemsTabFilteretmportal.ui.managecontracts.view.Detail"}]}
RESULT: {"script":"<script> [1562 bytes]","args":[{"selector":{"id":"headerBillingItemsTabFilter","viewName":"etm.portal.ui.managecontracts.view.Detail","interaction":{"idSuffix":"text"}},"wdio_ui5_key":"headerBillingItemsTabFilteretmportal.ui.managecontracts.view.Detail"}]}
RESULT: undefined
COMMAND: POST /session/aedfa18944cc4355ab8cbaedf6540575/element - {"using":"xpath","value":"//*[@id=\"__xmlview2--headerBillingItemsTabFilter\"]"}
RESULT: {"using":"xpath","value":"//*[@id=\"__xmlview2--headerBillingItemsTabFilter\"]"}
COMMAND: POST /session/aedfa18944cc4355ab8cbaedf6540575/element/f.694E2BBF071ECDE7169F205C0A1B1FBC.d.000A57E963364A625F31B90404973CE1.e.20385/click - {}
RESULT: {}
COMMAND: GET /session/aedfa18944cc4355ab8cbaedf6540575/screenshot - {}
RESULT: {}
COMMAND: POST /session/aedfa18944cc4355ab8cbaedf6540575/execute/async - {"script":"<script> [1562 bytes]","args":[{"selector":{"controlType":"sap.m.ObjectStatus","viewName":"etm.portal.ui.managecontracts.view.Detail","bindingPath":{"path":"/SmartContractItems(CONTRACT='10218',ITEM=10m,SUB_ITEM=0m)","propertyPath":"STATUS"}},"wdio_ui5_key":"etmportal.ui.managecontracts.view.Detailsap.m.ObjectStatus{\"path\":\"/SmartContractItems(CONTRACT='10218',ITEM=10m,SUB_ITEM=0m)\",\"propertyPath\":\"STATUS\"}"}]}
RESULT: {"script":"<script> [1562 bytes]","args":[{"selector":{"controlType":"sap.m.ObjectStatus","viewName":"etm.portal.ui.managecontracts.view.Detail","bindingPath":{"path":"/SmartContractItems(CONTRACT='10218',ITEM=10m,SUB_ITEM=0m)","propertyPath":"STATUS"}},"wdio_ui5_key":"etmportal.ui.managecontracts.view.Detailsap.m.ObjectStatus{\"path\":\"/SmartContractItems(CONTRACT='10218',ITEM=10m,SUB_ITEM=0m)\",\"propertyPath\":\"STATUS\"}"}]}
RESULT: undefined
COMMAND: POST /session/aedfa18944cc4355ab8cbaedf6540575/execute/async - {"script":"<script> [6424 bytes]","args":[{"element-6066-11e4-a52e-4f735466cecf":"f.694E2BBF071ECDE7169F205C0A1B1FBC.d.000A57E963364A625F31B90404973CE1.e.20387"},"getText",[]]}
RESULT: {"script":"<script> [6424 bytes]","args":[{"element-6066-11e4-a52e-4f735466cecf":"f.694E2BBF071ECDE7169F205C0A1B1FBC.d.000A57E963364A625F31B90404973CE1.e.20387"},"getText",[]]}
COMMAND: DELETE /session/aedfa18944cc4355ab8cbaedf6540575 - {}
RESULT: {}
]]></system-out>
    </testcase>
  </testsuite>
</testsuites>