<?xml version="1.0" encoding="UTF-8"?>
<testsuites tests="24" failures="0" errors="0" skipped="0">
  <testsuite timestamp="2025-05-14T15:44:08" time="703.09" tests="5" failures="0" errors="0" skipped="0">
    <properties>
      <property name="specId" value="0" />
      <property name="suiteName" value="Manage Requests Tags Tests US120163" />
      <property name="capabilities" value="chrome.136_0_7103_49.windows" />
      <property name="file" value="file:///D:/a/1/s/test/specs/R2C/create-request-Tags.spec.js" />
    </properties>
    <testcase classname="chrome.136_0_7103_49.windows.Manage_Requests_Tags_Tests_US120163" name="Should create a new yard" time="144.581">
      <system-out><![CDATA[
COMMAND: POST /session/56f047ff2d8b79b5fb882765d60ddf9f/execute/async - {"script":"<script> [1562 bytes]","args":[{"selector":{"controlType":"sap.m.GenericTile","properties":{"header":"Manage Yards"}},"wdio_ui5_key":"sapm.GenericTile{\"header\":\"Manage Yards\"}"}]}
RESULT: {"script":"<script> [1562 bytes]","args":[{"selector":{"controlType":"sap.m.GenericTile","properties":{"header":"Manage Yards"}},"wdio_ui5_key":"sapm.GenericTile{\"header\":\"Manage Yards\"}"}]}
RESULT: undefined
COMMAND: POST /session/56f047ff2d8b79b5fb882765d60ddf9f/element - {"using":"xpath","value":"//*[@id=\"__tile41\"]"}
RESULT: {"using":"xpath","value":"//*[@id=\"__tile41\"]"}
COMMAND: POST /session/56f047ff2d8b79b5fb882765d60ddf9f/element/f.918672ED9AB3AB03A4F724C7637EDD7B.d.98362E5201D0475D86AA80407A6A54D2.e.113/click - {}
RESULT: {}
COMMAND: GET /session/56f047ff2d8b79b5fb882765d60ddf9f/screenshot - {}
RESULT: {}
COMMAND: POST /session/56f047ff2d8b79b5fb882765d60ddf9f/elements - {"using":"xpath","value":"//span[text()='Error']"}
RESULT: {"using":"xpath","value":"//span[text()='Error']"}
COMMAND: POST /session/56f047ff2d8b79b5fb882765d60ddf9f/execute/async - {"script":"<script> [1562 bytes]","args":[{"selector":{"controlType":"sap.ui.core.Icon","viewName":"etm.portal.ui.manageyards.view.Master","viewId":"application-manageyards-display-component---masterYard","properties":{"src":{"regex":{"source":"add"}}}},"wdio_ui5_key":"etmportal.ui.manageyards.view.Mastersap.ui.core.Icon{\"src\":{\"regex\":{\"source\":\"add\"}}}"}]}
RESULT: {"script":"<script> [1562 bytes]","args":[{"selector":{"controlType":"sap.ui.core.Icon","viewName":"etm.portal.ui.manageyards.view.Master","viewId":"application-manageyards-display-component---masterYard","properties":{"src":{"regex":{"source":"add"}}}},"wdio_ui5_key":"etmportal.ui.manageyards.view.Mastersap.ui.core.Icon{\"src\":{\"regex\":{\"source\":\"add\"}}}"}]}
RESULT: undefined
COMMAND: POST /session/56f047ff2d8b79b5fb882765d60ddf9f/element - {"using":"xpath","value":"//*[@id=\"__button4-img\"]"}
RESULT: {"using":"xpath","value":"//*[@id=\"__button4-img\"]"}
COMMAND: POST /session/56f047ff2d8b79b5fb882765d60ddf9f/element/f.918672ED9AB3AB03A4F724C7637EDD7B.d.98362E5201D0475D86AA80407A6A54D2.e.159/click - {}
RESULT: {}
COMMAND: GET /session/56f047ff2d8b79b5fb882765d60ddf9f/screenshot - {}
RESULT: {}
COMMAND: POST /session/56f047ff2d8b79b5fb882765d60ddf9f/execute/async - {"script":"<script> [1562 bytes]","args":[{"selector":{"id":"application-manageyards-display-component---NewYard--yardId","interaction":{"idSuffix":"inner"}},"wdio_ui5_key":"applicationmanageyards-display-component---NewYard--yardId"}]}
RESULT: {"script":"<script> [1562 bytes]","args":[{"selector":{"id":"application-manageyards-display-component---NewYard--yardId","interaction":{"idSuffix":"inner"}},"wdio_ui5_key":"applicationmanageyards-display-component---NewYard--yardId"}]}
RESULT: undefined
COMMAND: POST /session/56f047ff2d8b79b5fb882765d60ddf9f/element - {"using":"xpath","value":"//*[@id=\"application-manageyards-display-component---NewYard--addressDetailDetailsName1-inner\"]"}
RESULT: {"using":"xpath","value":"//*[@id=\"application-manageyards-display-component---NewYard--addressDetailDetailsName1-inner\"]"}
COMMAND: POST /session/56f047ff2d8b79b5fb882765d60ddf9f/element/f.918672ED9AB3AB03A4F724C7637EDD7B.d.98362E5201D0475D86AA80407A6A54D2.e.327/clear - {}
RESULT: {}
COMMAND: POST /session/56f047ff2d8b79b5fb882765d60ddf9f/element/f.918672ED9AB3AB03A4F724C7637EDD7B.d.98362E5201D0475D86AA80407A6A54D2.e.327/value - {"text":"WebdriverYardg9f4e"}
COMMAND: GET /session/56f047ff2d8b79b5fb882765d60ddf9f/screenshot - {}
RESULT: {"text":"WebdriverYardg9f4e"}
COMMAND: POST /session/56f047ff2d8b79b5fb882765d60ddf9f/element - {"using":"xpath","value":"//*[@id=\"application-manageyards-display-component---NewYard--addressDetailDetailsLanguage-inner\"]"}
COMMAND: GET /session/56f047ff2d8b79b5fb882765d60ddf9f/screenshot - {}
RESULT: {}
RESULT: {"using":"xpath","value":"//*[@id=\"application-manageyards-display-component---NewYard--addressDetailDetailsLanguage-inner\"]"}
COMMAND: POST /session/56f047ff2d8b79b5fb882765d60ddf9f/element/f.918672ED9AB3AB03A4F724C7637EDD7B.d.98362E5201D0475D86AA80407A6A54D2.e.328/clear - {}
RESULT: {}
RESULT: {}
COMMAND: POST /session/56f047ff2d8b79b5fb882765d60ddf9f/element/f.918672ED9AB3AB03A4F724C7637EDD7B.d.98362E5201D0475D86AA80407A6A54D2.e.328/value - {"text":"Romanian"}
COMMAND: GET /session/56f047ff2d8b79b5fb882765d60ddf9f/screenshot - {}
RESULT: {"text":"Romanian"}
COMMAND: POST /session/56f047ff2d8b79b5fb882765d60ddf9f/element - {"using":"xpath","value":"//input[contains(@id ,\"application-manageyards-display-component---NewYard--addressDetailDetailsName1-inner\")]"}
COMMAND: GET /session/56f047ff2d8b79b5fb882765d60ddf9f/screenshot - {}
RESULT: {}
RESULT: {"using":"xpath","value":"//input[contains(@id ,\"application-manageyards-display-component---NewYard--addressDetailDetailsName1-inner\")]"}
COMMAND: GET /session/56f047ff2d8b79b5fb882765d60ddf9f/element/f.918672ED9AB3AB03A4F724C7637EDD7B.d.98362E5201D0475D86AA80407A6A54D2.e.327/property/value - {}
RESULT: {}
RESULT: {}
COMMAND: GET /session/56f047ff2d8b79b5fb882765d60ddf9f/screenshot - {}
RESULT: {}
COMMAND: POST /session/56f047ff2d8b79b5fb882765d60ddf9f/element - {"using":"xpath","value":"//*[@id=\"application-manageyards-display-component---NewYard--addressDetailDetailsCity1-inner\"]"}
RESULT: {"using":"xpath","value":"//*[@id=\"application-manageyards-display-component---NewYard--addressDetailDetailsCity1-inner\"]"}
COMMAND: POST /session/56f047ff2d8b79b5fb882765d60ddf9f/element/f.918672ED9AB3AB03A4F724C7637EDD7B.d.98362E5201D0475D86AA80407A6A54D2.e.330/clear - {}
RESULT: {}
COMMAND: POST /session/56f047ff2d8b79b5fb882765d60ddf9f/element/f.918672ED9AB3AB03A4F724C7637EDD7B.d.98362E5201D0475D86AA80407A6A54D2.e.330/value - {"text":"Bucuresti"}
COMMAND: GET /session/56f047ff2d8b79b5fb882765d60ddf9f/screenshot - {}
RESULT: {"text":"Bucuresti"}
COMMAND: GET /session/56f047ff2d8b79b5fb882765d60ddf9f/screenshot - {}
RESULT: {}
RESULT: {}
COMMAND: POST /session/56f047ff2d8b79b5fb882765d60ddf9f/element - {"using":"xpath","value":"//*[@id=\"application-manageyards-display-component---NewYard--addressDetailDetailsCountry-inner\"]"}
RESULT: {"using":"xpath","value":"//*[@id=\"application-manageyards-display-component---NewYard--addressDetailDetailsCountry-inner\"]"}
COMMAND: POST /session/56f047ff2d8b79b5fb882765d60ddf9f/element/f.918672ED9AB3AB03A4F724C7637EDD7B.d.98362E5201D0475D86AA80407A6A54D2.e.334/clear - {}
RESULT: {}
COMMAND: POST /session/56f047ff2d8b79b5fb882765d60ddf9f/element/f.918672ED9AB3AB03A4F724C7637EDD7B.d.98362E5201D0475D86AA80407A6A54D2.e.334/value - {"text":"Romania"}
COMMAND: GET /session/56f047ff2d8b79b5fb882765d60ddf9f/screenshot - {}
RESULT: {"text":"Romania"}
COMMAND: GET /session/56f047ff2d8b79b5fb882765d60ddf9f/screenshot - {}
RESULT: {}
RESULT: {}
COMMAND: POST /session/56f047ff2d8b79b5fb882765d60ddf9f/element - {"using":"xpath","value":"//div[contains(text(), \"Commercial\")]"}
RESULT: {"using":"xpath","value":"//div[contains(text(), \"Commercial\")]"}
COMMAND: GET /session/56f047ff2d8b79b5fb882765d60ddf9f/element/f.918672ED9AB3AB03A4F724C7637EDD7B.d.98362E5201D0475D86AA80407A6A54D2.e.570/rect - {}
RESULT: {}
COMMAND: GET /session/56f047ff2d8b79b5fb882765d60ddf9f/window/rect - {}
RESULT: {}
COMMAND: POST /session/56f047ff2d8b79b5fb882765d60ddf9f/execute/sync - {"script":"<script> [92 bytes]","args":[]}
RESULT: {"script":"<script> [92 bytes]","args":[]}
COMMAND: POST /session/56f047ff2d8b79b5fb882765d60ddf9f/actions - {"actions":[{"id":"action1","type":"wheel","parameters":{},"actions":[{"type":"scroll","x":-1841,"y":-44,"deltaX":0,"deltaY":0,"duration":0,"origin":{"element-6066-11e4-a52e-4f735466cecf":"f.918672ED9AB3AB03A4F724C7637EDD7B.d.98362E5201D0475D86AA80407A6A54D2.e.570"}}]}]}
COMMAND: GET /session/56f047ff2d8b79b5fb882765d60ddf9f/screenshot - {}
RESULT: {}
COMMAND: POST /session/56f047ff2d8b79b5fb882765d60ddf9f/execute/sync - {"script":"<script> [79 bytes]","args":[{"element-6066-11e4-a52e-4f735466cecf":"f.918672ED9AB3AB03A4F724C7637EDD7B.d.98362E5201D0475D86AA80407A6A54D2.e.570","ELEMENT":"f.918672ED9AB3AB03A4F724C7637EDD7B.d.98362E5201D0475D86AA80407A6A54D2.e.570"},{"block":"start","inline":"nearest"}]}
RESULT: {"script":"<script> [79 bytes]","args":[{"element-6066-11e4-a52e-4f735466cecf":"f.918672ED9AB3AB03A4F724C7637EDD7B.d.98362E5201D0475D86AA80407A6A54D2.e.570","ELEMENT":"f.918672ED9AB3AB03A4F724C7637EDD7B.d.98362E5201D0475D86AA80407A6A54D2.e.570"},{"block":"start","inline":"nearest"}]}
COMMAND: GET /session/56f047ff2d8b79b5fb882765d60ddf9f/screenshot - {}
RESULT: {}
COMMAND: POST /session/56f047ff2d8b79b5fb882765d60ddf9f/execute/async - {"script":"<script> [1562 bytes]","args":[{"selector":{"id":"application-manageyards-display-component---NewYard--addressEditDetailsCostObjectCstType-arrow"},"wdio_ui5_key":"applicationmanageyards-display-component---NewYard--addressEditDetailsCostObjectCstType-arrow"}]}
RESULT: {"script":"<script> [1562 bytes]","args":[{"selector":{"id":"application-manageyards-display-component---NewYard--addressEditDetailsCostObjectCstType-arrow"},"wdio_ui5_key":"applicationmanageyards-display-component---NewYard--addressEditDetailsCostObjectCstType-arrow"}]}
RESULT: undefined
COMMAND: POST /session/56f047ff2d8b79b5fb882765d60ddf9f/element - {"using":"xpath","value":"//*[@id=\"application-manageyards-display-component---NewYard--addressEditDetailsCostObjectCstType-arrow\"]"}
RESULT: {"using":"xpath","value":"//*[@id=\"application-manageyards-display-component---NewYard--addressEditDetailsCostObjectCstType-arrow\"]"}
COMMAND: POST /session/56f047ff2d8b79b5fb882765d60ddf9f/element/f.918672ED9AB3AB03A4F724C7637EDD7B.d.98362E5201D0475D86AA80407A6A54D2.e.578/click - {}
RESULT: {}
COMMAND: POST /session/56f047ff2d8b79b5fb882765d60ddf9f/element - {"using":"xpath","value":"//span[contains(text(), \"Cost Center\")]"}
COMMAND: GET /session/56f047ff2d8b79b5fb882765d60ddf9f/screenshot - {}
RESULT: {"using":"xpath","value":"//span[contains(text(), \"Cost Center\")]"}
COMMAND: POST /session/56f047ff2d8b79b5fb882765d60ddf9f/element/f.918672ED9AB3AB03A4F724C7637EDD7B.d.98362E5201D0475D86AA80407A6A54D2.e.579/click - {}
RESULT: {}
RESULT: {}
COMMAND: GET /session/56f047ff2d8b79b5fb882765d60ddf9f/screenshot - {}
RESULT: {}
COMMAND: POST /session/56f047ff2d8b79b5fb882765d60ddf9f/execute/async - {"script":"<script> [1562 bytes]","args":[{"selector":{"id":"application-manageyards-display-component---NewYard--addressNewCostObjectCstID-vhi"},"wdio_ui5_key":"applicationmanageyards-display-component---NewYard--addressNewCostObjectCstID-vhi"}]}
RESULT: {"script":"<script> [1562 bytes]","args":[{"selector":{"id":"application-manageyards-display-component---NewYard--addressNewCostObjectCstID-vhi"},"wdio_ui5_key":"applicationmanageyards-display-component---NewYard--addressNewCostObjectCstID-vhi"}]}
RESULT: undefined
COMMAND: POST /session/56f047ff2d8b79b5fb882765d60ddf9f/element - {"using":"xpath","value":"//*[@id=\"application-manageyards-display-component---NewYard--addressNewCostObjectCstID-vhi\"]"}
RESULT: {"using":"xpath","value":"//*[@id=\"application-manageyards-display-component---NewYard--addressNewCostObjectCstID-vhi\"]"}
COMMAND: POST /session/56f047ff2d8b79b5fb882765d60ddf9f/element/f.918672ED9AB3AB03A4F724C7637EDD7B.d.98362E5201D0475D86AA80407A6A54D2.e.583/click - {}
RESULT: {}
COMMAND: GET /session/56f047ff2d8b79b5fb882765d60ddf9f/screenshot - {}
RESULT: {}
COMMAND: POST /session/56f047ff2d8b79b5fb882765d60ddf9f/execute/async - {"script":"<script> [1562 bytes]","args":[{"selector":{"controlType":"sap.m.SearchField","properties":{"placeholder":"Search"},"searchOpenDialogs":true,"interaction":{"idSuffix":"I"}},"wdio_ui5_key":"sapm.SearchField{\"placeholder\":\"Search\"}"}]}
RESULT: {"script":"<script> [1562 bytes]","args":[{"selector":{"controlType":"sap.m.SearchField","properties":{"placeholder":"Search"},"searchOpenDialogs":true,"interaction":{"idSuffix":"I"}},"wdio_ui5_key":"sapm.SearchField{\"placeholder\":\"Search\"}"}]}
RESULT: undefined
COMMAND: POST /session/56f047ff2d8b79b5fb882765d60ddf9f/execute/async - {"script":"<script> [776 bytes]","args":[{"enterText":"10001013","selector":{"controlType":"sap.m.SearchField","properties":{"placeholder":"Search"},"searchOpenDialogs":true,"interaction":{"idSuffix":"I"}},"clearTextFirst":true,"interactionType":"ENTER_TEXT"}]}
RESULT: {"script":"<script> [776 bytes]","args":[{"enterText":"10001013","selector":{"controlType":"sap.m.SearchField","properties":{"placeholder":"Search"},"searchOpenDialogs":true,"interaction":{"idSuffix":"I"}},"clearTextFirst":true,"interactionType":"ENTER_TEXT"}]}
COMMAND: POST /session/56f047ff2d8b79b5fb882765d60ddf9f/actions - {"actions":[{"id":"action2","type":"key","parameters":{},"actions":[{"type":"keyDown","value":"î€‡"},{"type":"pause","duration":10},{"type":"keyUp","value":"î€‡"}]}]}
RESULT: {"actions":[{"id":"action2","type":"key","parameters":{},"actions":[{"type":"keyDown","value":"î€‡"},{"type":"pause","duration":10},{"type":"keyUp","value":"î€‡"}]}]}
COMMAND: GET /session/56f047ff2d8b79b5fb882765d60ddf9f/screenshot - {}
RESULT: {}
COMMAND: POST /session/56f047ff2d8b79b5fb882765d60ddf9f/element - {"using":"xpath","value":"//span[contains(text(), \"General Management\")]"}
RESULT: {"using":"xpath","value":"//span[contains(text(), \"General Management\")]"}
COMMAND: POST /session/56f047ff2d8b79b5fb882765d60ddf9f/element/f.918672ED9AB3AB03A4F724C7637EDD7B.d.98362E5201D0475D86AA80407A6A54D2.e.624/click - {}
RESULT: {}
COMMAND: GET /session/56f047ff2d8b79b5fb882765d60ddf9f/screenshot - {}
RESULT: {}
COMMAND: POST /session/56f047ff2d8b79b5fb882765d60ddf9f/element - {"using":"xpath","value":"//bdi[contains(text(), \"OK\")]"}
RESULT: {"using":"xpath","value":"//bdi[contains(text(), \"OK\")]"}
COMMAND: POST /session/56f047ff2d8b79b5fb882765d60ddf9f/element/f.918672ED9AB3AB03A4F724C7637EDD7B.d.98362E5201D0475D86AA80407A6A54D2.e.625/click - {}
RESULT: {}
COMMAND: GET /session/56f047ff2d8b79b5fb882765d60ddf9f/screenshot - {}
RESULT: {}
COMMAND: POST /session/56f047ff2d8b79b5fb882765d60ddf9f/execute/async - {"script":"<script> [1562 bytes]","args":[{"selector":{"controlType":"sap.m.Button","viewName":"etm.portal.ui.manageyards.view.New","viewId":"application-manageyards-display-component---NewYard","i18NText":{"propertyName":"text","key":"save"},"interaction":{"idSuffix":"inner"}},"wdio_ui5_key":"etmportal.ui.manageyards.view.Newsap.m.Button{\"propertyName\":\"text\",\"key\":\"save\"}"}]}
RESULT: {"script":"<script> [1562 bytes]","args":[{"selector":{"controlType":"sap.m.Button","viewName":"etm.portal.ui.manageyards.view.New","viewId":"application-manageyards-display-component---NewYard","i18NText":{"propertyName":"text","key":"save"},"interaction":{"idSuffix":"inner"}},"wdio_ui5_key":"etmportal.ui.manageyards.view.Newsap.m.Button{\"propertyName\":\"text\",\"key\":\"save\"}"}]}
RESULT: undefined
COMMAND: POST /session/56f047ff2d8b79b5fb882765d60ddf9f/element - {"using":"xpath","value":"//*[@id=\"__button18\"]"}
RESULT: {"using":"xpath","value":"//*[@id=\"__button18\"]"}
COMMAND: POST /session/56f047ff2d8b79b5fb882765d60ddf9f/element/f.918672ED9AB3AB03A4F724C7637EDD7B.d.98362E5201D0475D86AA80407A6A54D2.e.516/click - {}
RESULT: {}
COMMAND: GET /session/56f047ff2d8b79b5fb882765d60ddf9f/screenshot - {}
RESULT: {}
COMMAND: POST /session/56f047ff2d8b79b5fb882765d60ddf9f/element - {"using":"xpath","value":"//header/div/div[2]/div[2]/span"}
RESULT: {"using":"xpath","value":"//header/div/div[2]/div[2]/span"}
COMMAND: GET /session/56f047ff2d8b79b5fb882765d60ddf9f/element/f.918672ED9AB3AB03A4F724C7637EDD7B.d.98362E5201D0475D86AA80407A6A54D2.e.824/text - {}
RESULT: {}
COMMAND: POST /session/56f047ff2d8b79b5fb882765d60ddf9f/execute/async - {"script":"<script> [1562 bytes]","args":[{"selector":{"controlType":"sap.m.OverflowToolbarButton","viewName":"etm.portal.ui.manageyards.view.Detail","viewId":"application-manageyards-display-component---detailYard","i18NText":{"propertyName":"tooltip","key":"closeColumn"},"interaction":{"idSuffix":"inner"}},"wdio_ui5_key":"etmportal.ui.manageyards.view.Detailsap.m.OverflowToolbarButton{\"propertyName\":\"tooltip\",\"key\":\"closeColumn\"}"}]}
RESULT: {"script":"<script> [1562 bytes]","args":[{"selector":{"controlType":"sap.m.OverflowToolbarButton","viewName":"etm.portal.ui.manageyards.view.Detail","viewId":"application-manageyards-display-component---detailYard","i18NText":{"propertyName":"tooltip","key":"closeColumn"},"interaction":{"idSuffix":"inner"}},"wdio_ui5_key":"etmportal.ui.manageyards.view.Detailsap.m.OverflowToolbarButton{\"propertyName\":\"tooltip\",\"key\":\"closeColumn\"}"}]}
RESULT: undefined
COMMAND: POST /session/56f047ff2d8b79b5fb882765d60ddf9f/element - {"using":"xpath","value":"//*[@id=\"__button40\"]"}
RESULT: {"using":"xpath","value":"//*[@id=\"__button40\"]"}
COMMAND: POST /session/56f047ff2d8b79b5fb882765d60ddf9f/element/f.918672ED9AB3AB03A4F724C7637EDD7B.d.98362E5201D0475D86AA80407A6A54D2.e.826/click - {}
RESULT: {}
COMMAND: GET /session/56f047ff2d8b79b5fb882765d60ddf9f/screenshot - {}
RESULT: {}
COMMAND: POST /session/56f047ff2d8b79b5fb882765d60ddf9f/element - {"using":"css selector","value":"#shell-header-logo"}
RESULT: {"using":"css selector","value":"#shell-header-logo"}
COMMAND: POST /session/56f047ff2d8b79b5fb882765d60ddf9f/element/f.918672ED9AB3AB03A4F724C7637EDD7B.d.98362E5201D0475D86AA80407A6A54D2.e.115/click - {}
RESULT: {}
COMMAND: GET /session/56f047ff2d8b79b5fb882765d60ddf9f/screenshot - {}
RESULT: {}
COMMAND: POST /session/56f047ff2d8b79b5fb882765d60ddf9f/refresh - {}
RESULT: {}
COMMAND: GET /session/56f047ff2d8b79b5fb882765d60ddf9f/screenshot - {}
RESULT: {}
COMMAND: POST /session/56f047ff2d8b79b5fb882765d60ddf9f/execute/async - {"script":"<script> [189 bytes]","args":[]}
RESULT: {"script":"<script> [189 bytes]","args":[]}
COMMAND: POST /session/56f047ff2d8b79b5fb882765d60ddf9f/execute/async - {"script":"<script> [123 bytes]","args":[]}
RESULT: {"script":"<script> [123 bytes]","args":[]}
COMMAND: POST /session/56f047ff2d8b79b5fb882765d60ddf9f/timeouts - {"script":"<number>"}
RESULT: {"script":"<number>"}
COMMAND: GET /session/56f047ff2d8b79b5fb882765d60ddf9f/timeouts - {}
RESULT: {}
RESULT: undefined
COMMAND: POST /session/56f047ff2d8b79b5fb882765d60ddf9f/execute/async - {"script":"<script> [2676 bytes]","args":[]}
RESULT: {"script":"<script> [2676 bytes]","args":[]}
COMMAND: POST /session/56f047ff2d8b79b5fb882765d60ddf9f/execute/async - {"script":"<script> [2342 bytes]","args":[{"protocol":"http","hostname":"0.0.0.0","path":"/","capabilities":{"browserName":"chrome","goog:chromeOptions":{"binary":"C:\\Program Files\\Google\\Chrome\\Application\\chrome.exe","args":["--start-maximized"]}},"logLevel":"warn","connectionRetryTimeout":120000,"connectionRetryCount":3,"logLevels":{},"enableDirectConnect":true,"strictSSL":true,"_":"65 more keys: [\"cacheDir\",\"port\",\"requestedCapabilities\",\"automationProtocol\",\"baseUrl\",\"waitforInterval\",\"waitforTimeout\",\"onReload\",\"beforeCommand\",\"afterCommand\",\"rootDir\",\"specs\",\"suites\",\"exclude\",\"groupLogsByTestSpec\",\"excludeDriverLogs\",\"bail\",\"framework\",\"reporters\",\"services\",\"maxInstances\",\"maxInstancesPerCapability\",\"injectGlobals\",\"filesToWatch\",\"execArgv\",\"runnerEnv\",\"runner\",\"shard\",\"specFileRetries\",\"specFileRetriesDelay\",\"specFileRetriesDeferred\",\"reporterSyncInterval\",\"reporterSyncTimeout\",\"cucumberFeaturesWithLineNumbers\",\"autoCompileOpts\",\"mochaOpts\",\"jasmineOpts\",\"cucumberOpts\",\"onPrepare\",\"onWorkerStart\",\"onWorkerEnd\",\"before\",\"beforeSession\",\"beforeSuite\",\"beforeHook\",\"beforeTest\",\"afterTest\",\"afterHook\",\"afterSuite\",\"afterSession\",\"after\",\"onComplete\",\"beforeAssertion\",\"afterAssertion\",\"beforeFeature\",\"beforeScenario\",\"beforeStep\",\"afterStep\",\"afterScenario\",\"afterFeature\",\"_\",\"suite\",\"$0\",\"ignoredWorkerServices\",\"wdi5\"]"}]}
RESULT: {"script":"<script> [2342 bytes]","args":[{"protocol":"http","hostname":"0.0.0.0","path":"/","capabilities":{"browserName":"chrome","goog:chromeOptions":{"binary":"C:\\Program Files\\Google\\Chrome\\Application\\chrome.exe","args":["--start-maximized"]}},"logLevel":"warn","connectionRetryTimeout":120000,"connectionRetryCount":3,"logLevels":{},"enableDirectConnect":true,"strictSSL":true,"_":"65 more keys: [\"cacheDir\",\"port\",\"requestedCapabilities\",\"automationProtocol\",\"baseUrl\",\"waitforInterval\",\"waitforTimeout\",\"onReload\",\"beforeCommand\",\"afterCommand\",\"rootDir\",\"specs\",\"suites\",\"exclude\",\"groupLogsByTestSpec\",\"excludeDriverLogs\",\"bail\",\"framework\",\"reporters\",\"services\",\"maxInstances\",\"maxInstancesPerCapability\",\"injectGlobals\",\"filesToWatch\",\"execArgv\",\"runnerEnv\",\"runner\",\"shard\",\"specFileRetries\",\"specFileRetriesDelay\",\"specFileRetriesDeferred\",\"reporterSyncInterval\",\"reporterSyncTimeout\",\"cucumberFeaturesWithLineNumbers\",\"autoCompileOpts\",\"mochaOpts\",\"jasmineOpts\",\"cucumberOpts\",\"onPrepare\",\"onWorkerStart\",\"onWorkerEnd\",\"before\",\"beforeSession\",\"beforeSuite\",\"beforeHook\",\"beforeTest\",\"afterTest\",\"afterHook\",\"afterSuite\",\"afterSession\",\"after\",\"onComplete\",\"beforeAssertion\",\"afterAssertion\",\"beforeFeature\",\"beforeScenario\",\"beforeStep\",\"afterStep\",\"afterScenario\",\"afterFeature\",\"_\",\"suite\",\"$0\",\"ignoredWorkerServices\",\"wdi5\"]"}]}
COMMAND: POST /session/56f047ff2d8b79b5fb882765d60ddf9f/execute/async - {"script":"<script> [21126 bytes]","args":[35000]}
RESULT: {"script":"<script> [21126 bytes]","args":[35000]}
]]></system-out>
    </testcase>
    <testcase classname="chrome.136_0_7103_49.windows.Manage_Requests_Tags_Tests_US120163" name="Should create a new partner" time="82.539">
      <system-out><![CDATA[
COMMAND: POST /session/56f047ff2d8b79b5fb882765d60ddf9f/execute/async - {"script":"<script> [1562 bytes]","args":[{"selector":{"controlType":"sap.m.GenericTile","properties":{"header":"Manage Partners"}},"wdio_ui5_key":"sapm.GenericTile{\"header\":\"Manage Partners\"}"}]}
RESULT: {"script":"<script> [1562 bytes]","args":[{"selector":{"controlType":"sap.m.GenericTile","properties":{"header":"Manage Partners"}},"wdio_ui5_key":"sapm.GenericTile{\"header\":\"Manage Partners\"}"}]}
RESULT: undefined
COMMAND: POST /session/56f047ff2d8b79b5fb882765d60ddf9f/element - {"using":"xpath","value":"//*[@id=\"__tile38\"]"}
RESULT: {"using":"xpath","value":"//*[@id=\"__tile38\"]"}
COMMAND: POST /session/56f047ff2d8b79b5fb882765d60ddf9f/element/f.918672ED9AB3AB03A4F724C7637EDD7B.d.21D481840BD80573A1E6CE745A12ABEB.e.1182/click - {}
RESULT: {}
COMMAND: GET /session/56f047ff2d8b79b5fb882765d60ddf9f/screenshot - {}
RESULT: {}
COMMAND: POST /session/56f047ff2d8b79b5fb882765d60ddf9f/elements - {"using":"xpath","value":"//span[text()='Error']"}
RESULT: {"using":"xpath","value":"//span[text()='Error']"}
COMMAND: POST /session/56f047ff2d8b79b5fb882765d60ddf9f/execute/async - {"script":"<script> [1562 bytes]","args":[{"selector":{"controlType":"sap.ui.core.Icon","viewName":"etm.portal.ui.managepartners.view.Master","viewId":"application-managepartners-display-component---masterPtm","properties":{"src":{"regex":{"source":"add"}}}},"wdio_ui5_key":"etmportal.ui.managepartners.view.Mastersap.ui.core.Icon{\"src\":{\"regex\":{\"source\":\"add\"}}}"}]}
RESULT: {"script":"<script> [1562 bytes]","args":[{"selector":{"controlType":"sap.ui.core.Icon","viewName":"etm.portal.ui.managepartners.view.Master","viewId":"application-managepartners-display-component---masterPtm","properties":{"src":{"regex":{"source":"add"}}}},"wdio_ui5_key":"etmportal.ui.managepartners.view.Mastersap.ui.core.Icon{\"src\":{\"regex\":{\"source\":\"add\"}}}"}]}
RESULT: undefined
COMMAND: POST /session/56f047ff2d8b79b5fb882765d60ddf9f/element - {"using":"xpath","value":"//*[@id=\"__button4-img\"]"}
RESULT: {"using":"xpath","value":"//*[@id=\"__button4-img\"]"}
COMMAND: POST /session/56f047ff2d8b79b5fb882765d60ddf9f/element/f.918672ED9AB3AB03A4F724C7637EDD7B.d.21D481840BD80573A1E6CE745A12ABEB.e.1233/click - {}
RESULT: {}
COMMAND: GET /session/56f047ff2d8b79b5fb882765d60ddf9f/screenshot - {}
RESULT: {}
COMMAND: POST /session/56f047ff2d8b79b5fb882765d60ddf9f/execute/async - {"script":"<script> [1562 bytes]","args":[{"selector":{"id":"application-managepartners-display-component---NewPartner--partnerId","interaction":{"idSuffix":"inner"}},"wdio_ui5_key":"applicationmanagepartners-display-component---NewPartner--partnerId"}]}
RESULT: {"script":"<script> [1562 bytes]","args":[{"selector":{"id":"application-managepartners-display-component---NewPartner--partnerId","interaction":{"idSuffix":"inner"}},"wdio_ui5_key":"applicationmanagepartners-display-component---NewPartner--partnerId"}]}
RESULT: undefined
COMMAND: POST /session/56f047ff2d8b79b5fb882765d60ddf9f/execute/async - {"script":"<script> [1562 bytes]","args":[{"selector":{"id":"application-managepartners-display-component---NewPartner--addressDetailDetailsName1","interaction":{"idSuffix":"inner"}},"wdio_ui5_key":"applicationmanagepartners-display-component---NewPartner--addressDetailDetailsName1"}]}
RESULT: {"script":"<script> [1562 bytes]","args":[{"selector":{"id":"application-managepartners-display-component---NewPartner--addressDetailDetailsName1","interaction":{"idSuffix":"inner"}},"wdio_ui5_key":"applicationmanagepartners-display-component---NewPartner--addressDetailDetailsName1"}]}
RESULT: undefined
COMMAND: POST /session/56f047ff2d8b79b5fb882765d60ddf9f/execute/async - {"script":"<script> [776 bytes]","args":[{"enterText":"WebdriverPartnerssnkw","selector":{"id":"application-managepartners-display-component---NewPartner--addressDetailDetailsName1","interaction":{"idSuffix":"inner"}},"clearTextFirst":true,"interactionType":"ENTER_TEXT"}]}
RESULT: {"script":"<script> [776 bytes]","args":[{"enterText":"WebdriverPartnerssnkw","selector":{"id":"application-managepartners-display-component---NewPartner--addressDetailDetailsName1","interaction":{"idSuffix":"inner"}},"clearTextFirst":true,"interactionType":"ENTER_TEXT"}]}
COMMAND: POST /session/56f047ff2d8b79b5fb882765d60ddf9f/execute/async - {"script":"<script> [1562 bytes]","args":[{"selector":{"id":"application-managepartners-display-component---NewPartner--addressDetailDetailsLanguage","interaction":{"idSuffix":"inner"}},"wdio_ui5_key":"applicationmanagepartners-display-component---NewPartner--addressDetailDetailsLanguage"}]}
RESULT: {"script":"<script> [1562 bytes]","args":[{"selector":{"id":"application-managepartners-display-component---NewPartner--addressDetailDetailsLanguage","interaction":{"idSuffix":"inner"}},"wdio_ui5_key":"applicationmanagepartners-display-component---NewPartner--addressDetailDetailsLanguage"}]}
RESULT: undefined
COMMAND: POST /session/56f047ff2d8b79b5fb882765d60ddf9f/execute/async - {"script":"<script> [776 bytes]","args":[{"enterText":"Romanian","selector":{"id":"application-managepartners-display-component---NewPartner--addressDetailDetailsLanguage","interaction":{"idSuffix":"inner"}},"clearTextFirst":true,"interactionType":"ENTER_TEXT"}]}
RESULT: {"script":"<script> [776 bytes]","args":[{"enterText":"Romanian","selector":{"id":"application-managepartners-display-component---NewPartner--addressDetailDetailsLanguage","interaction":{"idSuffix":"inner"}},"clearTextFirst":true,"interactionType":"ENTER_TEXT"}]}
COMMAND: POST /session/56f047ff2d8b79b5fb882765d60ddf9f/element - {"using":"xpath","value":"//input[contains(@id ,\"application-managepartners-display-component---NewPartner--addressDetailDetailsName1-inner\")]"}
RESULT: {"using":"xpath","value":"//input[contains(@id ,\"application-managepartners-display-component---NewPartner--addressDetailDetailsName1-inner\")]"}
COMMAND: GET /session/56f047ff2d8b79b5fb882765d60ddf9f/element/f.918672ED9AB3AB03A4F724C7637EDD7B.d.21D481840BD80573A1E6CE745A12ABEB.e.1424/property/value - {}
RESULT: {}
COMMAND: POST /session/56f047ff2d8b79b5fb882765d60ddf9f/execute/async - {"script":"<script> [1562 bytes]","args":[{"selector":{"id":"application-managepartners-display-component---NewPartner--addressDetailDetailsCity1","interaction":{"idSuffix":"inner"}},"wdio_ui5_key":"applicationmanagepartners-display-component---NewPartner--addressDetailDetailsCity1"}]}
COMMAND: GET /session/56f047ff2d8b79b5fb882765d60ddf9f/screenshot - {}
RESULT: {"script":"<script> [1562 bytes]","args":[{"selector":{"id":"application-managepartners-display-component---NewPartner--addressDetailDetailsCity1","interaction":{"idSuffix":"inner"}},"wdio_ui5_key":"applicationmanagepartners-display-component---NewPartner--addressDetailDetailsCity1"}]}
RESULT: undefined
COMMAND: POST /session/56f047ff2d8b79b5fb882765d60ddf9f/execute/async - {"script":"<script> [776 bytes]","args":[{"enterText":"Bucharest","selector":{"id":"application-managepartners-display-component---NewPartner--addressDetailDetailsCity1","interaction":{"idSuffix":"inner"}},"clearTextFirst":true,"interactionType":"ENTER_TEXT"}]}
RESULT: {}
RESULT: {"script":"<script> [776 bytes]","args":[{"enterText":"Bucharest","selector":{"id":"application-managepartners-display-component---NewPartner--addressDetailDetailsCity1","interaction":{"idSuffix":"inner"}},"clearTextFirst":true,"interactionType":"ENTER_TEXT"}]}
COMMAND: POST /session/56f047ff2d8b79b5fb882765d60ddf9f/execute/async - {"script":"<script> [1562 bytes]","args":[{"selector":{"id":"application-managepartners-display-component---NewPartner--addressDetailDetailsCountry","interaction":{"idSuffix":"inner"}},"wdio_ui5_key":"applicationmanagepartners-display-component---NewPartner--addressDetailDetailsCountry"}]}
RESULT: {"script":"<script> [1562 bytes]","args":[{"selector":{"id":"application-managepartners-display-component---NewPartner--addressDetailDetailsCountry","interaction":{"idSuffix":"inner"}},"wdio_ui5_key":"applicationmanagepartners-display-component---NewPartner--addressDetailDetailsCountry"}]}
RESULT: undefined
COMMAND: POST /session/56f047ff2d8b79b5fb882765d60ddf9f/execute/async - {"script":"<script> [6424 bytes]","args":[{"element-6066-11e4-a52e-4f735466cecf":"f.918672ED9AB3AB03A4F724C7637EDD7B.d.21D481840BD80573A1E6CE745A12ABEB.e.1431"},"setValue",["Romania"]]}
RESULT: {"script":"<script> [6424 bytes]","args":[{"element-6066-11e4-a52e-4f735466cecf":"f.918672ED9AB3AB03A4F724C7637EDD7B.d.21D481840BD80573A1E6CE745A12ABEB.e.1431"},"setValue",["Romania"]]}
COMMAND: POST /session/56f047ff2d8b79b5fb882765d60ddf9f/execute/async - {"script":"<script> [1562 bytes]","args":[{"selector":{"id":"application-managepartners-display-component---NewPartner--partnerDetailInternal","interaction":{"idSuffix":"inner"}},"wdio_ui5_key":"applicationmanagepartners-display-component---NewPartner--partnerDetailInternal"}]}
RESULT: {"script":"<script> [1562 bytes]","args":[{"selector":{"id":"application-managepartners-display-component---NewPartner--partnerDetailInternal","interaction":{"idSuffix":"inner"}},"wdio_ui5_key":"applicationmanagepartners-display-component---NewPartner--partnerDetailInternal"}]}
RESULT: undefined
COMMAND: POST /session/56f047ff2d8b79b5fb882765d60ddf9f/execute/async - {"script":"<script> [776 bytes]","args":[{"enterText":"External partner","selector":{"id":"application-managepartners-display-component---NewPartner--partnerDetailInternal","interaction":{"idSuffix":"inner"}},"clearTextFirst":true,"interactionType":"ENTER_TEXT"}]}
RESULT: {"script":"<script> [776 bytes]","args":[{"enterText":"External partner","selector":{"id":"application-managepartners-display-component---NewPartner--partnerDetailInternal","interaction":{"idSuffix":"inner"}},"clearTextFirst":true,"interactionType":"ENTER_TEXT"}]}
COMMAND: POST /session/56f047ff2d8b79b5fb882765d60ddf9f/execute/async - {"script":"<script> [1562 bytes]","args":[{"selector":{"id":"application-managepartners-display-component---NewPartner--partnerDetailsCurrency","interaction":{"idSuffix":"inner"}},"wdio_ui5_key":"applicationmanagepartners-display-component---NewPartner--partnerDetailsCurrency"}]}
RESULT: {"script":"<script> [1562 bytes]","args":[{"selector":{"id":"application-managepartners-display-component---NewPartner--partnerDetailsCurrency","interaction":{"idSuffix":"inner"}},"wdio_ui5_key":"applicationmanagepartners-display-component---NewPartner--partnerDetailsCurrency"}]}
RESULT: undefined
COMMAND: POST /session/56f047ff2d8b79b5fb882765d60ddf9f/execute/async - {"script":"<script> [776 bytes]","args":[{"enterText":"Euro","selector":{"id":"application-managepartners-display-component---NewPartner--partnerDetailsCurrency","interaction":{"idSuffix":"inner"}},"clearTextFirst":true,"interactionType":"ENTER_TEXT"}]}
RESULT: {"script":"<script> [776 bytes]","args":[{"enterText":"Euro","selector":{"id":"application-managepartners-display-component---NewPartner--partnerDetailsCurrency","interaction":{"idSuffix":"inner"}},"clearTextFirst":true,"interactionType":"ENTER_TEXT"}]}
COMMAND: POST /session/56f047ff2d8b79b5fb882765d60ddf9f/execute/async - {"script":"<script> [1562 bytes]","args":[{"selector":{"controlType":"sap.m.Button","viewName":"etm.portal.ui.managepartners.view.NewPartner","viewId":"application-managepartners-display-component---NewPartner","properties":{"text":"Commercial"},"interaction":{"idSuffix":"BDI-content"}},"wdio_ui5_key":"etmportal.ui.managepartners.view.NewPartnersap.m.Button{\"text\":\"Commercial\"}"}]}
RESULT: {"script":"<script> [1562 bytes]","args":[{"selector":{"controlType":"sap.m.Button","viewName":"etm.portal.ui.managepartners.view.NewPartner","viewId":"application-managepartners-display-component---NewPartner","properties":{"text":"Commercial"},"interaction":{"idSuffix":"BDI-content"}},"wdio_ui5_key":"etmportal.ui.managepartners.view.NewPartnersap.m.Button{\"text\":\"Commercial\"}"}]}
RESULT: undefined
COMMAND: POST /session/56f047ff2d8b79b5fb882765d60ddf9f/element - {"using":"xpath","value":"//*[@id=\"application-managepartners-display-component---NewPartner--ObjectPageLayout-anchBar-__section5-anchor\"]"}
RESULT: {"using":"xpath","value":"//*[@id=\"application-managepartners-display-component---NewPartner--ObjectPageLayout-anchBar-__section5-anchor\"]"}
COMMAND: POST /session/56f047ff2d8b79b5fb882765d60ddf9f/element/f.918672ED9AB3AB03A4F724C7637EDD7B.d.21D481840BD80573A1E6CE745A12ABEB.e.1663/click - {}
RESULT: {}
COMMAND: GET /session/56f047ff2d8b79b5fb882765d60ddf9f/screenshot - {}
RESULT: {}
COMMAND: POST /session/56f047ff2d8b79b5fb882765d60ddf9f/execute/async - {"script":"<script> [1562 bytes]","args":[{"selector":{"id":"application-managepartners-display-component---NewPartner--btnAddTableRow-img"},"wdio_ui5_key":"applicationmanagepartners-display-component---NewPartner--btnAddTableRow-img"}]}
RESULT: {"script":"<script> [1562 bytes]","args":[{"selector":{"id":"application-managepartners-display-component---NewPartner--btnAddTableRow-img"},"wdio_ui5_key":"applicationmanagepartners-display-component---NewPartner--btnAddTableRow-img"}]}
RESULT: undefined
COMMAND: POST /session/56f047ff2d8b79b5fb882765d60ddf9f/element - {"using":"xpath","value":"//*[@id=\"application-managepartners-display-component---NewPartner--btnAddTableRow-img\"]"}
RESULT: {"using":"xpath","value":"//*[@id=\"application-managepartners-display-component---NewPartner--btnAddTableRow-img\"]"}
COMMAND: POST /session/56f047ff2d8b79b5fb882765d60ddf9f/element/f.918672ED9AB3AB03A4F724C7637EDD7B.d.21D481840BD80573A1E6CE745A12ABEB.e.1669/click - {}
RESULT: {}
COMMAND: POST /session/56f047ff2d8b79b5fb882765d60ddf9f/element - {"using":"xpath","value":"//input[contains(@id ,\"application-managepartners-display-component---NewPartner--assignmentYard-application-managepartners-display-component---NewPartner\")]"}
COMMAND: GET /session/56f047ff2d8b79b5fb882765d60ddf9f/screenshot - {}
RESULT: {"using":"xpath","value":"//input[contains(@id ,\"application-managepartners-display-component---NewPartner--assignmentYard-application-managepartners-display-component---NewPartner\")]"}
COMMAND: POST /session/56f047ff2d8b79b5fb882765d60ddf9f/element/f.918672ED9AB3AB03A4F724C7637EDD7B.d.21D481840BD80573A1E6CE745A12ABEB.e.1674/clear - {}
RESULT: {}
RESULT: {}
COMMAND: POST /session/56f047ff2d8b79b5fb882765d60ddf9f/element/f.918672ED9AB3AB03A4F724C7637EDD7B.d.21D481840BD80573A1E6CE745A12ABEB.e.1674/value - {"text":"WebdriverYardg9f4e"}
COMMAND: GET /session/56f047ff2d8b79b5fb882765d60ddf9f/screenshot - {}
RESULT: {"text":"WebdriverYardg9f4e"}
COMMAND: GET /session/56f047ff2d8b79b5fb882765d60ddf9f/screenshot - {}
RESULT: {}
RESULT: {}
COMMAND: POST /session/56f047ff2d8b79b5fb882765d60ddf9f/execute/async - {"script":"<script> [1562 bytes]","args":[{"selector":{"controlType":"sap.m.Button","viewName":"etm.portal.ui.managepartners.view.NewPartner","viewId":"application-managepartners-display-component---NewPartner","i18NText":{"propertyName":"text","key":"save"},"interaction":{"idSuffix":"BDI-content"}},"wdio_ui5_key":"etmportal.ui.managepartners.view.NewPartnersap.m.Button{\"propertyName\":\"text\",\"key\":\"save\"}"}]}
RESULT: {"script":"<script> [1562 bytes]","args":[{"selector":{"controlType":"sap.m.Button","viewName":"etm.portal.ui.managepartners.view.NewPartner","viewId":"application-managepartners-display-component---NewPartner","i18NText":{"propertyName":"text","key":"save"},"interaction":{"idSuffix":"BDI-content"}},"wdio_ui5_key":"etmportal.ui.managepartners.view.NewPartnersap.m.Button{\"propertyName\":\"text\",\"key\":\"save\"}"}]}
RESULT: undefined
COMMAND: POST /session/56f047ff2d8b79b5fb882765d60ddf9f/element - {"using":"xpath","value":"//*[@id=\"__button12\"]"}
RESULT: {"using":"xpath","value":"//*[@id=\"__button12\"]"}
COMMAND: POST /session/56f047ff2d8b79b5fb882765d60ddf9f/element/f.918672ED9AB3AB03A4F724C7637EDD7B.d.21D481840BD80573A1E6CE745A12ABEB.e.1581/click - {}
RESULT: {}
COMMAND: GET /session/56f047ff2d8b79b5fb882765d60ddf9f/screenshot - {}
RESULT: {}
COMMAND: POST /session/56f047ff2d8b79b5fb882765d60ddf9f/element - {"using":"xpath","value":"//header/div/div[2]/div[2]/span"}
RESULT: {"using":"xpath","value":"//header/div/div[2]/div[2]/span"}
COMMAND: GET /session/56f047ff2d8b79b5fb882765d60ddf9f/element/f.918672ED9AB3AB03A4F724C7637EDD7B.d.21D481840BD80573A1E6CE745A12ABEB.e.1845/text - {}
RESULT: {}
COMMAND: POST /session/56f047ff2d8b79b5fb882765d60ddf9f/element - {"using":"xpath","value":"//header/div/div/div/div/div/div[2]/div/span"}
RESULT: {"using":"xpath","value":"//header/div/div/div/div/div/div[2]/div/span"}
COMMAND: GET /session/56f047ff2d8b79b5fb882765d60ddf9f/element/f.918672ED9AB3AB03A4F724C7637EDD7B.d.21D481840BD80573A1E6CE745A12ABEB.e.1846/text - {}
RESULT: {}
COMMAND: POST /session/56f047ff2d8b79b5fb882765d60ddf9f/execute/async - {"script":"<script> [1562 bytes]","args":[{"selector":{"id":"application-managepartners-display-component---detailPtm--partnerType"},"wdio_ui5_key":"applicationmanagepartners-display-component---detailPtm--partnerType"}]}
RESULT: {"script":"<script> [1562 bytes]","args":[{"selector":{"id":"application-managepartners-display-component---detailPtm--partnerType"},"wdio_ui5_key":"applicationmanagepartners-display-component---detailPtm--partnerType"}]}
RESULT: undefined
COMMAND: POST /session/56f047ff2d8b79b5fb882765d60ddf9f/execute/async - {"script":"<script> [6424 bytes]","args":[{"element-6066-11e4-a52e-4f735466cecf":"f.918672ED9AB3AB03A4F724C7637EDD7B.d.21D481840BD80573A1E6CE745A12ABEB.e.1847"},"getText",[]]}
RESULT: {"script":"<script> [6424 bytes]","args":[{"element-6066-11e4-a52e-4f735466cecf":"f.918672ED9AB3AB03A4F724C7637EDD7B.d.21D481840BD80573A1E6CE745A12ABEB.e.1847"},"getText",[]]}
COMMAND: POST /session/56f047ff2d8b79b5fb882765d60ddf9f/element - {"using":"css selector","value":"#shell-header-logo"}
RESULT: {"using":"css selector","value":"#shell-header-logo"}
COMMAND: POST /session/56f047ff2d8b79b5fb882765d60ddf9f/element/f.918672ED9AB3AB03A4F724C7637EDD7B.d.21D481840BD80573A1E6CE745A12ABEB.e.1184/click - {}
RESULT: {}
COMMAND: GET /session/56f047ff2d8b79b5fb882765d60ddf9f/screenshot - {}
RESULT: {}
]]></system-out>
    </testcase>
    <testcase classname="chrome.136_0_7103_49.windows.Manage_Requests_Tags_Tests_US120163" name="Should create a new site" time="111.387">
      <system-out><![CDATA[
COMMAND: POST /session/56f047ff2d8b79b5fb882765d60ddf9f/execute/async - {"script":"<script> [1562 bytes]","args":[{"selector":{"controlType":"sap.m.GenericTile","properties":{"header":"Manage Sites"}},"wdio_ui5_key":"sapm.GenericTile{\"header\":\"Manage Sites\"}"}]}
RESULT: {"script":"<script> [1562 bytes]","args":[{"selector":{"controlType":"sap.m.GenericTile","properties":{"header":"Manage Sites"}},"wdio_ui5_key":"sapm.GenericTile{\"header\":\"Manage Sites\"}"}]}
RESULT: undefined
COMMAND: POST /session/56f047ff2d8b79b5fb882765d60ddf9f/element - {"using":"xpath","value":"//*[@id=\"__tile40\"]"}
RESULT: {"using":"xpath","value":"//*[@id=\"__tile40\"]"}
COMMAND: POST /session/56f047ff2d8b79b5fb882765d60ddf9f/element/f.918672ED9AB3AB03A4F724C7637EDD7B.d.21D481840BD80573A1E6CE745A12ABEB.e.1849/click - {}
RESULT: {}
COMMAND: GET /session/56f047ff2d8b79b5fb882765d60ddf9f/screenshot - {}
RESULT: {}
COMMAND: POST /session/56f047ff2d8b79b5fb882765d60ddf9f/elements - {"using":"xpath","value":"//span[text()='Error']"}
RESULT: {"using":"xpath","value":"//span[text()='Error']"}
COMMAND: POST /session/56f047ff2d8b79b5fb882765d60ddf9f/execute/async - {"script":"<script> [1562 bytes]","args":[{"selector":{"controlType":"sap.ui.core.Icon","viewName":"etm.portal.ui.managesites.view.Master","viewId":"application-managesites-display-component---masterSite","properties":{"src":{"regex":{"source":"add"}}}},"wdio_ui5_key":"etmportal.ui.managesites.view.Mastersap.ui.core.Icon{\"src\":{\"regex\":{\"source\":\"add\"}}}"}]}
RESULT: {"script":"<script> [1562 bytes]","args":[{"selector":{"controlType":"sap.ui.core.Icon","viewName":"etm.portal.ui.managesites.view.Master","viewId":"application-managesites-display-component---masterSite","properties":{"src":{"regex":{"source":"add"}}}},"wdio_ui5_key":"etmportal.ui.managesites.view.Mastersap.ui.core.Icon{\"src\":{\"regex\":{\"source\":\"add\"}}}"}]}
RESULT: undefined
COMMAND: POST /session/56f047ff2d8b79b5fb882765d60ddf9f/element - {"using":"xpath","value":"//*[@id=\"__button48-img\"]"}
RESULT: {"using":"xpath","value":"//*[@id=\"__button48-img\"]"}
COMMAND: POST /session/56f047ff2d8b79b5fb882765d60ddf9f/element/f.918672ED9AB3AB03A4F724C7637EDD7B.d.21D481840BD80573A1E6CE745A12ABEB.e.1898/click - {}
RESULT: {}
COMMAND: POST /session/56f047ff2d8b79b5fb882765d60ddf9f/execute/async - {"script":"<script> [1562 bytes]","args":[{"selector":{"id":"application-managesites-display-component---NewSite--siteId","interaction":{"idSuffix":"inner"}},"wdio_ui5_key":"applicationmanagesites-display-component---NewSite--siteId"}]}
COMMAND: GET /session/56f047ff2d8b79b5fb882765d60ddf9f/screenshot - {}
RESULT: {"script":"<script> [1562 bytes]","args":[{"selector":{"id":"application-managesites-display-component---NewSite--siteId","interaction":{"idSuffix":"inner"}},"wdio_ui5_key":"applicationmanagesites-display-component---NewSite--siteId"}]}
RESULT: undefined
COMMAND: POST /session/56f047ff2d8b79b5fb882765d60ddf9f/execute/async - {"script":"<script> [1562 bytes]","args":[{"selector":{"id":"application-managesites-display-component---NewSite--addressDetailDetailsName1","interaction":{"idSuffix":"inner"}},"wdio_ui5_key":"applicationmanagesites-display-component---NewSite--addressDetailDetailsName1"}]}
RESULT: {}
RESULT: {"script":"<script> [1562 bytes]","args":[{"selector":{"id":"application-managesites-display-component---NewSite--addressDetailDetailsName1","interaction":{"idSuffix":"inner"}},"wdio_ui5_key":"applicationmanagesites-display-component---NewSite--addressDetailDetailsName1"}]}
RESULT: undefined
COMMAND: POST /session/56f047ff2d8b79b5fb882765d60ddf9f/execute/async - {"script":"<script> [776 bytes]","args":[{"enterText":"WebdriverSiterw9ze","selector":{"id":"application-managesites-display-component---NewSite--addressDetailDetailsName1","interaction":{"idSuffix":"inner"}},"clearTextFirst":true,"interactionType":"ENTER_TEXT"}]}
RESULT: {"script":"<script> [776 bytes]","args":[{"enterText":"WebdriverSiterw9ze","selector":{"id":"application-managesites-display-component---NewSite--addressDetailDetailsName1","interaction":{"idSuffix":"inner"}},"clearTextFirst":true,"interactionType":"ENTER_TEXT"}]}
COMMAND: POST /session/56f047ff2d8b79b5fb882765d60ddf9f/execute/async - {"script":"<script> [1562 bytes]","args":[{"selector":{"id":"application-managesites-display-component---NewSite--addressDetailDetailsLanguage","interaction":{"idSuffix":"inner"}},"wdio_ui5_key":"applicationmanagesites-display-component---NewSite--addressDetailDetailsLanguage"}]}
RESULT: {"script":"<script> [1562 bytes]","args":[{"selector":{"id":"application-managesites-display-component---NewSite--addressDetailDetailsLanguage","interaction":{"idSuffix":"inner"}},"wdio_ui5_key":"applicationmanagesites-display-component---NewSite--addressDetailDetailsLanguage"}]}
RESULT: undefined
COMMAND: POST /session/56f047ff2d8b79b5fb882765d60ddf9f/execute/async - {"script":"<script> [776 bytes]","args":[{"enterText":"Romanian","selector":{"id":"application-managesites-display-component---NewSite--addressDetailDetailsLanguage","interaction":{"idSuffix":"inner"}},"clearTextFirst":true,"interactionType":"ENTER_TEXT"}]}
RESULT: {"script":"<script> [776 bytes]","args":[{"enterText":"Romanian","selector":{"id":"application-managesites-display-component---NewSite--addressDetailDetailsLanguage","interaction":{"idSuffix":"inner"}},"clearTextFirst":true,"interactionType":"ENTER_TEXT"}]}
COMMAND: POST /session/56f047ff2d8b79b5fb882765d60ddf9f/execute/async - {"script":"<script> [1562 bytes]","args":[{"selector":{"id":"application-managesites-display-component---NewSite--addressDetailDetailsCity1","interaction":{"idSuffix":"inner"}},"wdio_ui5_key":"applicationmanagesites-display-component---NewSite--addressDetailDetailsCity1"}]}
RESULT: {"script":"<script> [1562 bytes]","args":[{"selector":{"id":"application-managesites-display-component---NewSite--addressDetailDetailsCity1","interaction":{"idSuffix":"inner"}},"wdio_ui5_key":"applicationmanagesites-display-component---NewSite--addressDetailDetailsCity1"}]}
RESULT: undefined
COMMAND: POST /session/56f047ff2d8b79b5fb882765d60ddf9f/execute/async - {"script":"<script> [776 bytes]","args":[{"enterText":"Bucharest","selector":{"id":"application-managesites-display-component---NewSite--addressDetailDetailsCity1","interaction":{"idSuffix":"inner"}},"clearTextFirst":true,"interactionType":"ENTER_TEXT"}]}
RESULT: {"script":"<script> [776 bytes]","args":[{"enterText":"Bucharest","selector":{"id":"application-managesites-display-component---NewSite--addressDetailDetailsCity1","interaction":{"idSuffix":"inner"}},"clearTextFirst":true,"interactionType":"ENTER_TEXT"}]}
COMMAND: POST /session/56f047ff2d8b79b5fb882765d60ddf9f/execute/async - {"script":"<script> [1562 bytes]","args":[{"selector":{"id":"application-managesites-display-component---NewSite--addressDetailDetailsCountry","interaction":{"idSuffix":"inner"}},"wdio_ui5_key":"applicationmanagesites-display-component---NewSite--addressDetailDetailsCountry"}]}
RESULT: {"script":"<script> [1562 bytes]","args":[{"selector":{"id":"application-managesites-display-component---NewSite--addressDetailDetailsCountry","interaction":{"idSuffix":"inner"}},"wdio_ui5_key":"applicationmanagesites-display-component---NewSite--addressDetailDetailsCountry"}]}
RESULT: undefined
COMMAND: POST /session/56f047ff2d8b79b5fb882765d60ddf9f/execute/async - {"script":"<script> [776 bytes]","args":[{"enterText":"Romania","selector":{"id":"application-managesites-display-component---NewSite--addressDetailDetailsCountry","interaction":{"idSuffix":"inner"}},"clearTextFirst":true,"interactionType":"ENTER_TEXT"}]}
RESULT: {"script":"<script> [776 bytes]","args":[{"enterText":"Romania","selector":{"id":"application-managesites-display-component---NewSite--addressDetailDetailsCountry","interaction":{"idSuffix":"inner"}},"clearTextFirst":true,"interactionType":"ENTER_TEXT"}]}
COMMAND: POST /session/56f047ff2d8b79b5fb882765d60ddf9f/element - {"using":"css selector","value":"#application-managesites-display-component---NewSite--addressDetailDetailsCalendar-inner"}
RESULT: {"using":"css selector","value":"#application-managesites-display-component---NewSite--addressDetailDetailsCalendar-inner"}
COMMAND: POST /session/56f047ff2d8b79b5fb882765d60ddf9f/element/f.918672ED9AB3AB03A4F724C7637EDD7B.d.21D481840BD80573A1E6CE745A12ABEB.e.2096/clear - {}
RESULT: {}
COMMAND: POST /session/56f047ff2d8b79b5fb882765d60ddf9f/element/f.918672ED9AB3AB03A4F724C7637EDD7B.d.21D481840BD80573A1E6CE745A12ABEB.e.2096/value - {"text":"Germany"}
COMMAND: GET /session/56f047ff2d8b79b5fb882765d60ddf9f/screenshot - {}
RESULT: {"text":"Germany"}
COMMAND: POST /session/56f047ff2d8b79b5fb882765d60ddf9f/execute/async - {"script":"<script> [1562 bytes]","args":[{"selector":{"id":"application-managesites-display-component---NewSite--addressEditDetailsCostObjectCstType-arrow"},"wdio_ui5_key":"applicationmanagesites-display-component---NewSite--addressEditDetailsCostObjectCstType-arrow"}]}
COMMAND: GET /session/56f047ff2d8b79b5fb882765d60ddf9f/screenshot - {}
RESULT: {}
RESULT: {"script":"<script> [1562 bytes]","args":[{"selector":{"id":"application-managesites-display-component---NewSite--addressEditDetailsCostObjectCstType-arrow"},"wdio_ui5_key":"applicationmanagesites-display-component---NewSite--addressEditDetailsCostObjectCstType-arrow"}]}
RESULT: undefined
COMMAND: POST /session/56f047ff2d8b79b5fb882765d60ddf9f/element - {"using":"xpath","value":"//*[@id=\"application-managesites-display-component---NewSite--addressEditDetailsCostObjectCstType-arrow\"]"}
RESULT: {}
RESULT: {"using":"xpath","value":"//*[@id=\"application-managesites-display-component---NewSite--addressEditDetailsCostObjectCstType-arrow\"]"}
COMMAND: POST /session/56f047ff2d8b79b5fb882765d60ddf9f/element/f.918672ED9AB3AB03A4F724C7637EDD7B.d.21D481840BD80573A1E6CE745A12ABEB.e.2289/click - {}
RESULT: {}
COMMAND: POST /session/56f047ff2d8b79b5fb882765d60ddf9f/element - {"using":"xpath","value":"//span[contains(text(), \"Work Breakdown Structure\")]"}
COMMAND: GET /session/56f047ff2d8b79b5fb882765d60ddf9f/screenshot - {}
RESULT: {"using":"xpath","value":"//span[contains(text(), \"Work Breakdown Structure\")]"}
COMMAND: POST /session/56f047ff2d8b79b5fb882765d60ddf9f/element/f.918672ED9AB3AB03A4F724C7637EDD7B.d.21D481840BD80573A1E6CE745A12ABEB.e.2290/click - {}
RESULT: {}
RESULT: {}
COMMAND: GET /session/56f047ff2d8b79b5fb882765d60ddf9f/screenshot - {}
RESULT: {}
COMMAND: POST /session/56f047ff2d8b79b5fb882765d60ddf9f/execute/async - {"script":"<script> [1562 bytes]","args":[{"selector":{"id":"application-managesites-display-component---NewSite--addressNewCostObjectCstID-vhi"},"wdio_ui5_key":"applicationmanagesites-display-component---NewSite--addressNewCostObjectCstID-vhi"}]}
RESULT: {"script":"<script> [1562 bytes]","args":[{"selector":{"id":"application-managesites-display-component---NewSite--addressNewCostObjectCstID-vhi"},"wdio_ui5_key":"applicationmanagesites-display-component---NewSite--addressNewCostObjectCstID-vhi"}]}
RESULT: undefined
COMMAND: POST /session/56f047ff2d8b79b5fb882765d60ddf9f/element - {"using":"xpath","value":"//*[@id=\"application-managesites-display-component---NewSite--addressNewCostObjectCstID-vhi\"]"}
RESULT: {"using":"xpath","value":"//*[@id=\"application-managesites-display-component---NewSite--addressNewCostObjectCstID-vhi\"]"}
COMMAND: POST /session/56f047ff2d8b79b5fb882765d60ddf9f/element/f.918672ED9AB3AB03A4F724C7637EDD7B.d.21D481840BD80573A1E6CE745A12ABEB.e.2295/click - {}
RESULT: {}
COMMAND: GET /session/56f047ff2d8b79b5fb882765d60ddf9f/screenshot - {}
RESULT: {}
COMMAND: POST /session/56f047ff2d8b79b5fb882765d60ddf9f/execute/async - {"script":"<script> [1562 bytes]","args":[{"selector":{"controlType":"sap.m.SearchField","properties":{"placeholder":"Search"},"searchOpenDialogs":true,"interaction":{"idSuffix":"I"}},"wdio_ui5_key":"sapm.SearchField{\"placeholder\":\"Search\"}"}]}
RESULT: {"script":"<script> [1562 bytes]","args":[{"selector":{"controlType":"sap.m.SearchField","properties":{"placeholder":"Search"},"searchOpenDialogs":true,"interaction":{"idSuffix":"I"}},"wdio_ui5_key":"sapm.SearchField{\"placeholder\":\"Search\"}"}]}
RESULT: undefined
COMMAND: POST /session/56f047ff2d8b79b5fb882765d60ddf9f/execute/async - {"script":"<script> [776 bytes]","args":[{"enterText":"A1-000100-01","selector":{"controlType":"sap.m.SearchField","properties":{"placeholder":"Search"},"searchOpenDialogs":true,"interaction":{"idSuffix":"I"}},"clearTextFirst":true,"interactionType":"ENTER_TEXT"}]}
RESULT: {"script":"<script> [776 bytes]","args":[{"enterText":"A1-000100-01","selector":{"controlType":"sap.m.SearchField","properties":{"placeholder":"Search"},"searchOpenDialogs":true,"interaction":{"idSuffix":"I"}},"clearTextFirst":true,"interactionType":"ENTER_TEXT"}]}
COMMAND: POST /session/56f047ff2d8b79b5fb882765d60ddf9f/actions - {"actions":[{"id":"action3","type":"key","parameters":{},"actions":[{"type":"keyDown","value":"î€‡"},{"type":"pause","duration":10},{"type":"keyUp","value":"î€‡"}]}]}
RESULT: {"actions":[{"id":"action3","type":"key","parameters":{},"actions":[{"type":"keyDown","value":"î€‡"},{"type":"pause","duration":10},{"type":"keyUp","value":"î€‡"}]}]}
COMMAND: GET /session/56f047ff2d8b79b5fb882765d60ddf9f/screenshot - {}
RESULT: {}
COMMAND: POST /session/56f047ff2d8b79b5fb882765d60ddf9f/element - {"using":"xpath","value":"//span[contains(text(), \"Template for ETO-Process\")]"}
RESULT: {"using":"xpath","value":"//span[contains(text(), \"Template for ETO-Process\")]"}
COMMAND: POST /session/56f047ff2d8b79b5fb882765d60ddf9f/element/f.918672ED9AB3AB03A4F724C7637EDD7B.d.21D481840BD80573A1E6CE745A12ABEB.e.2315/click - {}
RESULT: {}
COMMAND: GET /session/56f047ff2d8b79b5fb882765d60ddf9f/screenshot - {}
RESULT: {}
COMMAND: POST /session/56f047ff2d8b79b5fb882765d60ddf9f/element - {"using":"xpath","value":"//bdi[contains(text(), \"OK\")]"}
RESULT: {"using":"xpath","value":"//bdi[contains(text(), \"OK\")]"}
COMMAND: POST /session/56f047ff2d8b79b5fb882765d60ddf9f/element/f.918672ED9AB3AB03A4F724C7637EDD7B.d.21D481840BD80573A1E6CE745A12ABEB.e.2316/click - {}
RESULT: {}
COMMAND: GET /session/56f047ff2d8b79b5fb882765d60ddf9f/screenshot - {}
RESULT: {}
COMMAND: POST /session/56f047ff2d8b79b5fb882765d60ddf9f/element - {"using":"xpath","value":"//input[@id=\"application-managesites-display-component---NewSite--addressDetailDetailsYard-inner\"]"}
RESULT: {"using":"xpath","value":"//input[@id=\"application-managesites-display-component---NewSite--addressDetailDetailsYard-inner\"]"}
COMMAND: POST /session/56f047ff2d8b79b5fb882765d60ddf9f/element/f.918672ED9AB3AB03A4F724C7637EDD7B.d.21D481840BD80573A1E6CE745A12ABEB.e.2097/value - {"text":"WebdriverYardg9f4e"}
RESULT: {"text":"WebdriverYardg9f4e"}
COMMAND: GET /session/56f047ff2d8b79b5fb882765d60ddf9f/screenshot - {}
RESULT: {}
COMMAND: POST /session/56f047ff2d8b79b5fb882765d60ddf9f/actions - {"actions":[{"id":"action4","type":"key","parameters":{},"actions":[{"type":"keyDown","value":"î€‡"},{"type":"pause","duration":10},{"type":"keyUp","value":"î€‡"}]}]}
RESULT: {"actions":[{"id":"action4","type":"key","parameters":{},"actions":[{"type":"keyDown","value":"î€‡"},{"type":"pause","duration":10},{"type":"keyUp","value":"î€‡"}]}]}
COMMAND: GET /session/56f047ff2d8b79b5fb882765d60ddf9f/screenshot - {}
RESULT: {}
COMMAND: POST /session/56f047ff2d8b79b5fb882765d60ddf9f/element - {"using":"xpath","value":"//input[@id=\"application-managesites-display-component---NewSite--addressDetailDetailsPartner-inner\"]"}
RESULT: {"using":"xpath","value":"//input[@id=\"application-managesites-display-component---NewSite--addressDetailDetailsPartner-inner\"]"}
COMMAND: POST /session/56f047ff2d8b79b5fb882765d60ddf9f/elements - {"using":"xpath","value":"//input[@id=\"application-managesites-display-component---NewSite--addressDetailDetailsPartner-inner\"]"}
RESULT: {"using":"xpath","value":"//input[@id=\"application-managesites-display-component---NewSite--addressDetailDetailsPartner-inner\"]"}
COMMAND: POST /session/56f047ff2d8b79b5fb882765d60ddf9f/execute/async - {"script":"<script> [1562 bytes]","args":[{"selector":{"controlType":"sap.m.Button","viewName":"etm.portal.ui.managesites.view.NewSmartSite","viewId":"application-managesites-display-component---NewSite","properties":{"text":"Commercial"},"interaction":{"idSuffix":"BDI-content"}},"wdio_ui5_key":"etmportal.ui.managesites.view.NewSmartSitesap.m.Button{\"text\":\"Commercial\"}"}]}
RESULT: {"script":"<script> [1562 bytes]","args":[{"selector":{"controlType":"sap.m.Button","viewName":"etm.portal.ui.managesites.view.NewSmartSite","viewId":"application-managesites-display-component---NewSite","properties":{"text":"Commercial"},"interaction":{"idSuffix":"BDI-content"}},"wdio_ui5_key":"etmportal.ui.managesites.view.NewSmartSitesap.m.Button{\"text\":\"Commercial\"}"}]}
RESULT: undefined
COMMAND: POST /session/56f047ff2d8b79b5fb882765d60ddf9f/element - {"using":"xpath","value":"//*[@id=\"application-managesites-display-component---NewSite--ObjectPageLayout-anchBar-__section29-anchor\"]"}
RESULT: {"using":"xpath","value":"//*[@id=\"application-managesites-display-component---NewSite--ObjectPageLayout-anchBar-__section29-anchor\"]"}
COMMAND: POST /session/56f047ff2d8b79b5fb882765d60ddf9f/element/f.918672ED9AB3AB03A4F724C7637EDD7B.d.21D481840BD80573A1E6CE745A12ABEB.e.2323/click - {}
RESULT: {}
COMMAND: POST /session/56f047ff2d8b79b5fb882765d60ddf9f/execute/async - {"script":"<script> [1562 bytes]","args":[{"selector":{"controlType":"sap.m.Button","viewName":"etm.portal.ui.managesites.view.NewSmartSite","viewId":"application-managesites-display-component---NewSite","i18NText":{"propertyName":"text","key":"save"},"interaction":{"idSuffix":"BDI-content"}},"wdio_ui5_key":"etmportal.ui.managesites.view.NewSmartSitesap.m.Button{\"propertyName\":\"text\",\"key\":\"save\"}"}]}
COMMAND: GET /session/56f047ff2d8b79b5fb882765d60ddf9f/screenshot - {}
RESULT: {"script":"<script> [1562 bytes]","args":[{"selector":{"controlType":"sap.m.Button","viewName":"etm.portal.ui.managesites.view.NewSmartSite","viewId":"application-managesites-display-component---NewSite","i18NText":{"propertyName":"text","key":"save"},"interaction":{"idSuffix":"BDI-content"}},"wdio_ui5_key":"etmportal.ui.managesites.view.NewSmartSitesap.m.Button{\"propertyName\":\"text\",\"key\":\"save\"}"}]}
RESULT: undefined
COMMAND: POST /session/56f047ff2d8b79b5fb882765d60ddf9f/element - {"using":"xpath","value":"//*[@id=\"__button60\"]"}
RESULT: {}
RESULT: {"using":"xpath","value":"//*[@id=\"__button60\"]"}
COMMAND: POST /session/56f047ff2d8b79b5fb882765d60ddf9f/element/f.918672ED9AB3AB03A4F724C7637EDD7B.d.21D481840BD80573A1E6CE745A12ABEB.e.2232/click - {}
RESULT: {}
COMMAND: GET /session/56f047ff2d8b79b5fb882765d60ddf9f/screenshot - {}
RESULT: {}
COMMAND: POST /session/56f047ff2d8b79b5fb882765d60ddf9f/execute/async - {"script":"<script> [1562 bytes]","args":[{"selector":{"id":"application-managesites-display-component---detailSite--addressDetailDetailsYardText"},"wdio_ui5_key":"applicationmanagesites-display-component---detailSite--addressDetailDetailsYardText"}]}
RESULT: {"script":"<script> [1562 bytes]","args":[{"selector":{"id":"application-managesites-display-component---detailSite--addressDetailDetailsYardText"},"wdio_ui5_key":"applicationmanagesites-display-component---detailSite--addressDetailDetailsYardText"}]}
RESULT: undefined
COMMAND: POST /session/56f047ff2d8b79b5fb882765d60ddf9f/element - {"using":"xpath","value":"//header/div/div[2]/div[2]/span"}
RESULT: {"using":"xpath","value":"//header/div/div[2]/div[2]/span"}
COMMAND: GET /session/56f047ff2d8b79b5fb882765d60ddf9f/element/f.918672ED9AB3AB03A4F724C7637EDD7B.d.21D481840BD80573A1E6CE745A12ABEB.e.2528/text - {}
RESULT: {}
COMMAND: POST /session/56f047ff2d8b79b5fb882765d60ddf9f/element - {"using":"xpath","value":"//header/div/div/div/div/div/div[2]/div/span"}
RESULT: {"using":"xpath","value":"//header/div/div/div/div/div/div[2]/div/span"}
COMMAND: GET /session/56f047ff2d8b79b5fb882765d60ddf9f/element/f.918672ED9AB3AB03A4F724C7637EDD7B.d.21D481840BD80573A1E6CE745A12ABEB.e.2529/text - {}
RESULT: {}
COMMAND: POST /session/56f047ff2d8b79b5fb882765d60ddf9f/element - {"using":"css selector","value":"#shell-header-logo"}
RESULT: {"using":"css selector","value":"#shell-header-logo"}
COMMAND: POST /session/56f047ff2d8b79b5fb882765d60ddf9f/element/f.918672ED9AB3AB03A4F724C7637EDD7B.d.21D481840BD80573A1E6CE745A12ABEB.e.1852/click - {}
RESULT: {}
COMMAND: GET /session/56f047ff2d8b79b5fb882765d60ddf9f/screenshot - {}
RESULT: {}
]]></system-out>
    </testcase>
    <testcase classname="chrome.136_0_7103_49.windows.Manage_Requests_Tags_Tests_US120163" name="Should Create New Request Tags" time="216.183">
      <system-out><![CDATA[
COMMAND: POST /session/56f047ff2d8b79b5fb882765d60ddf9f/execute/async - {"script":"<script> [1562 bytes]","args":[{"selector":{"controlType":"sap.m.GenericTile","properties":{"header":"Manage Requests"}},"wdio_ui5_key":"sapm.GenericTile{\"header\":\"Manage Requests\"}"}]}
RESULT: {"script":"<script> [1562 bytes]","args":[{"selector":{"controlType":"sap.m.GenericTile","properties":{"header":"Manage Requests"}},"wdio_ui5_key":"sapm.GenericTile{\"header\":\"Manage Requests\"}"}]}
RESULT: undefined
COMMAND: POST /session/56f047ff2d8b79b5fb882765d60ddf9f/element - {"using":"xpath","value":"//*[@id=\"__tile47\"]"}
RESULT: {"using":"xpath","value":"//*[@id=\"__tile47\"]"}
COMMAND: POST /session/56f047ff2d8b79b5fb882765d60ddf9f/element/f.918672ED9AB3AB03A4F724C7637EDD7B.d.21D481840BD80573A1E6CE745A12ABEB.e.2531/click - {}
RESULT: {}
COMMAND: GET /session/56f047ff2d8b79b5fb882765d60ddf9f/screenshot - {}
RESULT: {}
COMMAND: POST /session/56f047ff2d8b79b5fb882765d60ddf9f/elements - {"using":"xpath","value":"//span[text()='Error']"}
RESULT: {"using":"xpath","value":"//span[text()='Error']"}
COMMAND: POST /session/56f047ff2d8b79b5fb882765d60ddf9f/element - {"using":"xpath","value":"//button[contains(@data-kt ,\"btnCreateNewOverflowToolbarButton\")]"}
COMMAND: POST /session/56f047ff2d8b79b5fb882765d60ddf9f/element - {"using":"xpath","value":"(//span[contains(@class ,\"sapMObjStatusText\")])[1]"}
RESULT: {"using":"xpath","value":"//button[contains(@data-kt ,\"btnCreateNewOverflowToolbarButton\")]"}
COMMAND: POST /session/56f047ff2d8b79b5fb882765d60ddf9f/element/f.918672ED9AB3AB03A4F724C7637EDD7B.d.21D481840BD80573A1E6CE745A12ABEB.e.2588/click - {}
RESULT: {"using":"xpath","value":"(//span[contains(@class ,\"sapMObjStatusText\")])[1]"}
COMMAND: POST /session/56f047ff2d8b79b5fb882765d60ddf9f/execute/sync - {"script":"<script> [8489 bytes]","args":[{"element-6066-11e4-a52e-4f735466cecf":"f.918672ED9AB3AB03A4F724C7637EDD7B.d.21D481840BD80573A1E6CE745A12ABEB.e.2628","ELEMENT":"f.918672ED9AB3AB03A4F724C7637EDD7B.d.21D481840BD80573A1E6CE745A12ABEB.e.2628"}]}
RESULT: {}
COMMAND: GET /session/56f047ff2d8b79b5fb882765d60ddf9f/screenshot - {}
COMMAND: POST /session/56f047ff2d8b79b5fb882765d60ddf9f/element - {"using":"xpath","value":"(//span[contains(@class ,\"sapMObjStatusText\")])[1]"}
RESULT: {}
RESULT: {"using":"xpath","value":"(//span[contains(@class ,\"sapMObjStatusText\")])[1]"}
COMMAND: POST /session/56f047ff2d8b79b5fb882765d60ddf9f/execute/sync - {"script":"<script> [8489 bytes]","args":[{"element-6066-11e4-a52e-4f735466cecf":"f.918672ED9AB3AB03A4F724C7637EDD7B.d.21D481840BD80573A1E6CE745A12ABEB.e.2892","ELEMENT":"f.918672ED9AB3AB03A4F724C7637EDD7B.d.21D481840BD80573A1E6CE745A12ABEB.e.2892"}]}
RESULT: {"script":"<script> [8489 bytes]","args":[{"element-6066-11e4-a52e-4f735466cecf":"f.918672ED9AB3AB03A4F724C7637EDD7B.d.21D481840BD80573A1E6CE745A12ABEB.e.2892","ELEMENT":"f.918672ED9AB3AB03A4F724C7637EDD7B.d.21D481840BD80573A1E6CE745A12ABEB.e.2892"}]}
COMMAND: GET /session/56f047ff2d8b79b5fb882765d60ddf9f/screenshot - {}
RESULT: {}
COMMAND: POST /session/56f047ff2d8b79b5fb882765d60ddf9f/element - {"using":"xpath","value":"//input[contains(@id ,\"yardId-inner\")]"}
RESULT: {"using":"xpath","value":"//input[contains(@id ,\"yardId-inner\")]"}
COMMAND: POST /session/56f047ff2d8b79b5fb882765d60ddf9f/execute/sync - {"script":"<script> [8489 bytes]","args":[{"element-6066-11e4-a52e-4f735466cecf":"f.918672ED9AB3AB03A4F724C7637EDD7B.d.21D481840BD80573A1E6CE745A12ABEB.e.2712","ELEMENT":"f.918672ED9AB3AB03A4F724C7637EDD7B.d.21D481840BD80573A1E6CE745A12ABEB.e.2712"}]}
RESULT: {"script":"<script> [8489 bytes]","args":[{"element-6066-11e4-a52e-4f735466cecf":"f.918672ED9AB3AB03A4F724C7637EDD7B.d.21D481840BD80573A1E6CE745A12ABEB.e.2712","ELEMENT":"f.918672ED9AB3AB03A4F724C7637EDD7B.d.21D481840BD80573A1E6CE745A12ABEB.e.2712"}]}
COMMAND: POST /session/56f047ff2d8b79b5fb882765d60ddf9f/element - {"using":"xpath","value":"//input[contains(@id ,\"yardId-inner\")]"}
COMMAND: GET /session/56f047ff2d8b79b5fb882765d60ddf9f/screenshot - {}
RESULT: {"using":"xpath","value":"//input[contains(@id ,\"yardId-inner\")]"}
COMMAND: GET /session/56f047ff2d8b79b5fb882765d60ddf9f/element/f.918672ED9AB3AB03A4F724C7637EDD7B.d.21D481840BD80573A1E6CE745A12ABEB.e.2712/enabled - {}
RESULT: {}
RESULT: {}
COMMAND: POST /session/56f047ff2d8b79b5fb882765d60ddf9f/element/f.918672ED9AB3AB03A4F724C7637EDD7B.d.21D481840BD80573A1E6CE745A12ABEB.e.2712/clear - {}
COMMAND: GET /session/56f047ff2d8b79b5fb882765d60ddf9f/screenshot - {}
RESULT: {}
COMMAND: POST /session/56f047ff2d8b79b5fb882765d60ddf9f/element/f.918672ED9AB3AB03A4F724C7637EDD7B.d.21D481840BD80573A1E6CE745A12ABEB.e.2712/value - {"text":"WebdriverYardg9f4e"}
COMMAND: GET /session/56f047ff2d8b79b5fb882765d60ddf9f/screenshot - {}
RESULT: {}
RESULT: {"text":"WebdriverYardg9f4e"}
COMMAND: GET /session/56f047ff2d8b79b5fb882765d60ddf9f/screenshot - {}
RESULT: {}
RESULT: {}
COMMAND: POST /session/56f047ff2d8b79b5fb882765d60ddf9f/element - {"using":"xpath","value":"//input[contains(@id ,\"customerNumber-inner\")]"}
RESULT: {"using":"xpath","value":"//input[contains(@id ,\"customerNumber-inner\")]"}
COMMAND: POST /session/56f047ff2d8b79b5fb882765d60ddf9f/element/f.918672ED9AB3AB03A4F724C7637EDD7B.d.21D481840BD80573A1E6CE745A12ABEB.e.2708/value - {"text":"WebdriverPartnerssnkw"}
COMMAND: POST /session/56f047ff2d8b79b5fb882765d60ddf9f/actions - {"actions":[{"id":"action5","type":"key","parameters":{},"actions":[{"type":"keyDown","value":"î€‡"},{"type":"pause","duration":10},{"type":"keyUp","value":"î€‡"}]}]}
RESULT: {"actions":[{"id":"action5","type":"key","parameters":{},"actions":[{"type":"keyDown","value":"î€‡"},{"type":"pause","duration":10},{"type":"keyUp","value":"î€‡"}]}]}
COMMAND: GET /session/56f047ff2d8b79b5fb882765d60ddf9f/screenshot - {}
RESULT: {"text":"WebdriverPartnerssnkw"}
COMMAND: GET /session/56f047ff2d8b79b5fb882765d60ddf9f/screenshot - {}
RESULT: {}
RESULT: {}
COMMAND: POST /session/56f047ff2d8b79b5fb882765d60ddf9f/element/f.918672ED9AB3AB03A4F724C7637EDD7B.d.21D481840BD80573A1E6CE745A12ABEB.e.2712/clear - {}
RESULT: {}
COMMAND: POST /session/56f047ff2d8b79b5fb882765d60ddf9f/element/f.918672ED9AB3AB03A4F724C7637EDD7B.d.21D481840BD80573A1E6CE745A12ABEB.e.2712/clear - {}
COMMAND: GET /session/56f047ff2d8b79b5fb882765d60ddf9f/screenshot - {}
RESULT: {}
COMMAND: POST /session/56f047ff2d8b79b5fb882765d60ddf9f/element/f.918672ED9AB3AB03A4F724C7637EDD7B.d.21D481840BD80573A1E6CE745A12ABEB.e.2712/value - {"text":"WebdriverYardg9f4e"}
COMMAND: GET /session/56f047ff2d8b79b5fb882765d60ddf9f/screenshot - {}
RESULT: {}
RESULT: {"text":"WebdriverYardg9f4e"}
COMMAND: GET /session/56f047ff2d8b79b5fb882765d60ddf9f/screenshot - {}
RESULT: {}
RESULT: {}
COMMAND: POST /session/56f047ff2d8b79b5fb882765d60ddf9f/actions - {"actions":[{"id":"action6","type":"key","parameters":{},"actions":[{"type":"keyDown","value":"î€‡"},{"type":"pause","duration":10},{"type":"keyUp","value":"î€‡"}]}]}
RESULT: {"actions":[{"id":"action6","type":"key","parameters":{},"actions":[{"type":"keyDown","value":"î€‡"},{"type":"pause","duration":10},{"type":"keyUp","value":"î€‡"}]}]}
COMMAND: GET /session/56f047ff2d8b79b5fb882765d60ddf9f/screenshot - {}
RESULT: {}
COMMAND: POST /session/56f047ff2d8b79b5fb882765d60ddf9f/actions - {"actions":[{"id":"action7","type":"key","parameters":{},"actions":[{"type":"keyDown","value":"î€‡"},{"type":"pause","duration":10},{"type":"keyUp","value":"î€‡"}]}]}
RESULT: {"actions":[{"id":"action7","type":"key","parameters":{},"actions":[{"type":"keyDown","value":"î€‡"},{"type":"pause","duration":10},{"type":"keyUp","value":"î€‡"}]}]}
COMMAND: GET /session/56f047ff2d8b79b5fb882765d60ddf9f/screenshot - {}
RESULT: {}
COMMAND: GET /session/56f047ff2d8b79b5fb882765d60ddf9f/element/f.918672ED9AB3AB03A4F724C7637EDD7B.d.21D481840BD80573A1E6CE745A12ABEB.e.2708/property/value - {}
RESULT: {}
COMMAND: POST /session/56f047ff2d8b79b5fb882765d60ddf9f/element/f.918672ED9AB3AB03A4F724C7637EDD7B.d.21D481840BD80573A1E6CE745A12ABEB.e.2708/clear - {}
COMMAND: GET /session/56f047ff2d8b79b5fb882765d60ddf9f/screenshot - {}
RESULT: {}
COMMAND: GET /session/56f047ff2d8b79b5fb882765d60ddf9f/screenshot - {}
RESULT: {}
RESULT: {}
COMMAND: POST /session/56f047ff2d8b79b5fb882765d60ddf9f/element/f.918672ED9AB3AB03A4F724C7637EDD7B.d.21D481840BD80573A1E6CE745A12ABEB.e.2708/value - {"text":"WebdriverPartnerssnkw"}
RESULT: {"text":"WebdriverPartnerssnkw"}
COMMAND: GET /session/56f047ff2d8b79b5fb882765d60ddf9f/screenshot - {}
RESULT: {}
COMMAND: POST /session/56f047ff2d8b79b5fb882765d60ddf9f/actions - {"actions":[{"id":"action8","type":"key","parameters":{},"actions":[{"type":"keyDown","value":"î€‡"},{"type":"pause","duration":10},{"type":"keyUp","value":"î€‡"}]}]}
RESULT: {"actions":[{"id":"action8","type":"key","parameters":{},"actions":[{"type":"keyDown","value":"î€‡"},{"type":"pause","duration":10},{"type":"keyUp","value":"î€‡"}]}]}
COMMAND: GET /session/56f047ff2d8b79b5fb882765d60ddf9f/screenshot - {}
RESULT: {}
COMMAND: POST /session/56f047ff2d8b79b5fb882765d60ddf9f/element - {"using":"xpath","value":"//input[contains(@id ,\"requestSiteId-inner\")]"}
RESULT: {"using":"xpath","value":"//input[contains(@id ,\"requestSiteId-inner\")]"}
COMMAND: POST /session/56f047ff2d8b79b5fb882765d60ddf9f/element/f.918672ED9AB3AB03A4F724C7637EDD7B.d.21D481840BD80573A1E6CE745A12ABEB.e.2707/value - {"text":"WebdriverSiterw9ze"}
RESULT: {"text":"WebdriverSiterw9ze"}
COMMAND: GET /session/56f047ff2d8b79b5fb882765d60ddf9f/screenshot - {}
RESULT: {}
COMMAND: POST /session/56f047ff2d8b79b5fb882765d60ddf9f/actions - {"actions":[{"id":"action9","type":"key","parameters":{},"actions":[{"type":"keyDown","value":"î€‡"},{"type":"pause","duration":10},{"type":"keyUp","value":"î€‡"}]}]}
RESULT: {"actions":[{"id":"action9","type":"key","parameters":{},"actions":[{"type":"keyDown","value":"î€‡"},{"type":"pause","duration":10},{"type":"keyUp","value":"î€‡"}]}]}
COMMAND: GET /session/56f047ff2d8b79b5fb882765d60ddf9f/screenshot - {}
RESULT: {}
COMMAND: POST /session/56f047ff2d8b79b5fb882765d60ddf9f/execute/async - {"script":"<script> [1562 bytes]","args":[{"selector":{"controlType":"sap.m.Input","viewName":"etm.portal.ui.managerequests.view.NewRequest","bindingPath":{"path":"","propertyPath":"/DESCRIPTION","modelName":"oNewRequestModel"},"interaction":{"idSuffix":"inner"}},"wdio_ui5_key":"etmportal.ui.managerequests.view.NewRequestsap.m.Input{\"path\":\"\",\"propertyPath\":\"/DESCRIPTION\",\"modelName\":\"oNewRequestModel\"}"}]}
RESULT: {"script":"<script> [1562 bytes]","args":[{"selector":{"controlType":"sap.m.Input","viewName":"etm.portal.ui.managerequests.view.NewRequest","bindingPath":{"path":"","propertyPath":"/DESCRIPTION","modelName":"oNewRequestModel"},"interaction":{"idSuffix":"inner"}},"wdio_ui5_key":"etmportal.ui.managerequests.view.NewRequestsap.m.Input{\"path\":\"\",\"propertyPath\":\"/DESCRIPTION\",\"modelName\":\"oNewRequestModel\"}"}]}
RESULT: undefined
COMMAND: POST /session/56f047ff2d8b79b5fb882765d60ddf9f/execute/async - {"script":"<script> [776 bytes]","args":[{"enterText":"Wdi5 Tags Test","selector":{"controlType":"sap.m.Input","viewName":"etm.portal.ui.managerequests.view.NewRequest","bindingPath":{"path":"","propertyPath":"/DESCRIPTION","modelName":"oNewRequestModel"},"interaction":{"idSuffix":"inner"}},"clearTextFirst":true,"interactionType":"ENTER_TEXT"}]}
RESULT: {"script":"<script> [776 bytes]","args":[{"enterText":"Wdi5 Tags Test","selector":{"controlType":"sap.m.Input","viewName":"etm.portal.ui.managerequests.view.NewRequest","bindingPath":{"path":"","propertyPath":"/DESCRIPTION","modelName":"oNewRequestModel"},"interaction":{"idSuffix":"inner"}},"clearTextFirst":true,"interactionType":"ENTER_TEXT"}]}
COMMAND: POST /session/56f047ff2d8b79b5fb882765d60ddf9f/execute/async - {"script":"<script> [1562 bytes]","args":[{"selector":{"id":"tagInputAdd","viewName":"etm.portal.ui.managerequests.view.NewRequest","interaction":{"idSuffix":"inner"}},"wdio_ui5_key":"tagInputAddetmportal.ui.managerequests.view.NewRequest"}]}
RESULT: {"script":"<script> [1562 bytes]","args":[{"selector":{"id":"tagInputAdd","viewName":"etm.portal.ui.managerequests.view.NewRequest","interaction":{"idSuffix":"inner"}},"wdio_ui5_key":"tagInputAddetmportal.ui.managerequests.view.NewRequest"}]}
RESULT: undefined
COMMAND: POST /session/56f047ff2d8b79b5fb882765d60ddf9f/execute/async - {"script":"<script> [776 bytes]","args":[{"enterText":"RefTag","selector":{"id":"tagInputAdd","viewName":"etm.portal.ui.managerequests.view.NewRequest","interaction":{"idSuffix":"inner"}},"clearTextFirst":true,"interactionType":"ENTER_TEXT"}]}
RESULT: {"script":"<script> [776 bytes]","args":[{"enterText":"RefTag","selector":{"id":"tagInputAdd","viewName":"etm.portal.ui.managerequests.view.NewRequest","interaction":{"idSuffix":"inner"}},"clearTextFirst":true,"interactionType":"ENTER_TEXT"}]}
COMMAND: POST /session/56f047ff2d8b79b5fb882765d60ddf9f/actions - {"actions":[{"id":"action10","type":"key","parameters":{},"actions":[{"type":"keyDown","value":"î€‡"},{"type":"pause","duration":10},{"type":"keyUp","value":"î€‡"}]}]}
RESULT: {"actions":[{"id":"action10","type":"key","parameters":{},"actions":[{"type":"keyDown","value":"î€‡"},{"type":"pause","duration":10},{"type":"keyUp","value":"î€‡"}]}]}
COMMAND: GET /session/56f047ff2d8b79b5fb882765d60ddf9f/screenshot - {}
RESULT: {}
RESULT: undefined
COMMAND: POST /session/56f047ff2d8b79b5fb882765d60ddf9f/execute/async - {"script":"<script> [776 bytes]","args":[{"enterText":"tag-header","selector":{"id":"tagInputAdd","viewName":"etm.portal.ui.managerequests.view.NewRequest","interaction":{"idSuffix":"inner"}},"clearTextFirst":true,"interactionType":"ENTER_TEXT"}]}
RESULT: {"script":"<script> [776 bytes]","args":[{"enterText":"tag-header","selector":{"id":"tagInputAdd","viewName":"etm.portal.ui.managerequests.view.NewRequest","interaction":{"idSuffix":"inner"}},"clearTextFirst":true,"interactionType":"ENTER_TEXT"}]}
COMMAND: POST /session/56f047ff2d8b79b5fb882765d60ddf9f/actions - {"actions":[{"id":"action11","type":"key","parameters":{},"actions":[{"type":"keyDown","value":"î€‡"},{"type":"pause","duration":10},{"type":"keyUp","value":"î€‡"}]}]}
RESULT: {"actions":[{"id":"action11","type":"key","parameters":{},"actions":[{"type":"keyDown","value":"î€‡"},{"type":"pause","duration":10},{"type":"keyUp","value":"î€‡"}]}]}
COMMAND: GET /session/56f047ff2d8b79b5fb882765d60ddf9f/screenshot - {}
RESULT: {}
RESULT: undefined
COMMAND: POST /session/56f047ff2d8b79b5fb882765d60ddf9f/execute/async - {"script":"<script> [776 bytes]","args":[{"enterText":"tag-duplicate","selector":{"id":"tagInputAdd","viewName":"etm.portal.ui.managerequests.view.NewRequest","interaction":{"idSuffix":"inner"}},"clearTextFirst":true,"interactionType":"ENTER_TEXT"}]}
RESULT: {"script":"<script> [776 bytes]","args":[{"enterText":"tag-duplicate","selector":{"id":"tagInputAdd","viewName":"etm.portal.ui.managerequests.view.NewRequest","interaction":{"idSuffix":"inner"}},"clearTextFirst":true,"interactionType":"ENTER_TEXT"}]}
COMMAND: POST /session/56f047ff2d8b79b5fb882765d60ddf9f/actions - {"actions":[{"id":"action12","type":"key","parameters":{},"actions":[{"type":"keyDown","value":"î€‡"},{"type":"pause","duration":10},{"type":"keyUp","value":"î€‡"}]}]}
RESULT: {"actions":[{"id":"action12","type":"key","parameters":{},"actions":[{"type":"keyDown","value":"î€‡"},{"type":"pause","duration":10},{"type":"keyUp","value":"î€‡"}]}]}
COMMAND: GET /session/56f047ff2d8b79b5fb882765d60ddf9f/screenshot - {}
RESULT: {}
COMMAND: POST /session/56f047ff2d8b79b5fb882765d60ddf9f/execute/async - {"script":"<script> [1562 bytes]","args":[{"selector":{"id":"tagsLayoutAdd","viewName":"etm.portal.ui.managerequests.view.NewRequest"},"wdio_ui5_key":"tagsLayoutAddetmportal.ui.managerequests.view.NewRequest"}]}
RESULT: {"script":"<script> [1562 bytes]","args":[{"selector":{"id":"tagsLayoutAdd","viewName":"etm.portal.ui.managerequests.view.NewRequest"},"wdio_ui5_key":"tagsLayoutAddetmportal.ui.managerequests.view.NewRequest"}]}
RESULT: undefined
COMMAND: POST /session/56f047ff2d8b79b5fb882765d60ddf9f/execute/async - {"script":"<script> [6424 bytes]","args":[{"element-6066-11e4-a52e-4f735466cecf":"f.918672ED9AB3AB03A4F724C7637EDD7B.d.21D481840BD80573A1E6CE745A12ABEB.e.2860"},"getTokens",[]]}
RESULT: {"script":"<script> [6424 bytes]","args":[{"element-6066-11e4-a52e-4f735466cecf":"f.918672ED9AB3AB03A4F724C7637EDD7B.d.21D481840BD80573A1E6CE745A12ABEB.e.2860"},"getTokens",[]]}
COMMAND: POST /session/56f047ff2d8b79b5fb882765d60ddf9f/execute/async - {"script":"<script> [1562 bytes]","args":[{"wdio_ui5_key":"__token9","selector":{"id":"__token9"}}]}
COMMAND: POST /session/56f047ff2d8b79b5fb882765d60ddf9f/execute/async - {"script":"<script> [1562 bytes]","args":[{"wdio_ui5_key":"__token10","selector":{"id":"__token10"}}]}
COMMAND: POST /session/56f047ff2d8b79b5fb882765d60ddf9f/execute/async - {"script":"<script> [1562 bytes]","args":[{"wdio_ui5_key":"__token8","selector":{"id":"__token8"}}]}
RESULT: {"script":"<script> [1562 bytes]","args":[{"wdio_ui5_key":"__token9","selector":{"id":"__token9"}}]}
RESULT: undefined
RESULT: {"script":"<script> [1562 bytes]","args":[{"wdio_ui5_key":"__token10","selector":{"id":"__token10"}}]}
RESULT: undefined
RESULT: {"script":"<script> [1562 bytes]","args":[{"wdio_ui5_key":"__token8","selector":{"id":"__token8"}}]}
RESULT: undefined
COMMAND: POST /session/56f047ff2d8b79b5fb882765d60ddf9f/execute/async - {"script":"<script> [1562 bytes]","args":[{"selector":{"controlType":"sap.ui.core.Icon","viewName":"etm.portal.ui.managerequests.view.NewRequest","properties":{"src":{"regex":{"source":"decline"}}},"ancestor":{"controlType":"sap.m.Token","viewName":"etm.portal.ui.managerequests.view.NewRequest","properties":{"text":"tag-duplicate"}}},"wdio_ui5_key":"etmportal.ui.managerequests.view.NewRequestsap.ui.core.Icon{\"src\":{\"regex\":{\"source\":\"decline\"}}}{\"controlType\":\"sap.m.Token\",\"viewName\":\"etm.portal.ui.managerequests.view.NewRequest\",\"properties\":{\"text\":\"tag-duplicate\"}}"}]}
RESULT: {"script":"<script> [1562 bytes]","args":[{"selector":{"controlType":"sap.ui.core.Icon","viewName":"etm.portal.ui.managerequests.view.NewRequest","properties":{"src":{"regex":{"source":"decline"}}},"ancestor":{"controlType":"sap.m.Token","viewName":"etm.portal.ui.managerequests.view.NewRequest","properties":{"text":"tag-duplicate"}}},"wdio_ui5_key":"etmportal.ui.managerequests.view.NewRequestsap.ui.core.Icon{\"src\":{\"regex\":{\"source\":\"decline\"}}}{\"controlType\":\"sap.m.Token\",\"viewName\":\"etm.portal.ui.managerequests.view.NewRequest\",\"properties\":{\"text\":\"tag-duplicate\"}}"}]}
RESULT: undefined
COMMAND: POST /session/56f047ff2d8b79b5fb882765d60ddf9f/element - {"using":"xpath","value":"//*[@id=\"__token10-icon\"]"}
RESULT: {"using":"xpath","value":"//*[@id=\"__token10-icon\"]"}
COMMAND: POST /session/56f047ff2d8b79b5fb882765d60ddf9f/element/f.918672ED9AB3AB03A4F724C7637EDD7B.d.21D481840BD80573A1E6CE745A12ABEB.e.2907/click - {}
RESULT: {}
COMMAND: POST /session/56f047ff2d8b79b5fb882765d60ddf9f/execute/async - {"script":"<script> [1562 bytes]","args":[{"selector":{"controlType":"sap.ui.core.Icon","viewName":"etm.portal.ui.managerequests.view.NewRequest","properties":{"src":{"regex":{"source":"decline"}}},"ancestor":{"controlType":"sap.m.Token","viewName":"etm.portal.ui.managerequests.view.NewRequest","properties":{"text":"tag1"}}},"wdio_ui5_key":"etmportal.ui.managerequests.view.NewRequestsap.ui.core.Icon{\"src\":{\"regex\":{\"source\":\"decline\"}}}{\"controlType\":\"sap.m.Token\",\"viewName\":\"etm.portal.ui.managerequests.view.NewRequest\",\"properties\":{\"text\":\"tag1\"}}"}]}
COMMAND: GET /session/56f047ff2d8b79b5fb882765d60ddf9f/screenshot - {}
RESULT: {"script":"<script> [1562 bytes]","args":[{"selector":{"controlType":"sap.ui.core.Icon","viewName":"etm.portal.ui.managerequests.view.NewRequest","properties":{"src":{"regex":{"source":"decline"}}},"ancestor":{"controlType":"sap.m.Token","viewName":"etm.portal.ui.managerequests.view.NewRequest","properties":{"text":"tag1"}}},"wdio_ui5_key":"etmportal.ui.managerequests.view.NewRequestsap.ui.core.Icon{\"src\":{\"regex\":{\"source\":\"decline\"}}}{\"controlType\":\"sap.m.Token\",\"viewName\":\"etm.portal.ui.managerequests.view.NewRequest\",\"properties\":{\"text\":\"tag1\"}}"}]}
RESULT: undefined
RESULT: {}
COMMAND: POST /session/56f047ff2d8b79b5fb882765d60ddf9f/actions - {"actions":[{"id":"action13","type":"key","parameters":{},"actions":[{"type":"keyDown","value":"î€Œ"},{"type":"pause","duration":10},{"type":"keyUp","value":"î€Œ"}]}]}
RESULT: {"actions":[{"id":"action13","type":"key","parameters":{},"actions":[{"type":"keyDown","value":"î€Œ"},{"type":"pause","duration":10},{"type":"keyUp","value":"î€Œ"}]}]}
COMMAND: GET /session/56f047ff2d8b79b5fb882765d60ddf9f/screenshot - {}
RESULT: {}
RESULT: undefined
COMMAND: POST /session/56f047ff2d8b79b5fb882765d60ddf9f/execute/async - {"script":"<script> [6424 bytes]","args":[{"element-6066-11e4-a52e-4f735466cecf":"f.918672ED9AB3AB03A4F724C7637EDD7B.d.21D481840BD80573A1E6CE745A12ABEB.e.2860"},"getTokens",[]]}
RESULT: {"script":"<script> [6424 bytes]","args":[{"element-6066-11e4-a52e-4f735466cecf":"f.918672ED9AB3AB03A4F724C7637EDD7B.d.21D481840BD80573A1E6CE745A12ABEB.e.2860"},"getTokens",[]]}
RESULT: undefined
RESULT: undefined
COMMAND: POST /session/56f047ff2d8b79b5fb882765d60ddf9f/execute/async - {"script":"<script> [1562 bytes]","args":[{"selector":{"controlType":"sap.m.Button","viewName":"etm.portal.ui.managerequests.view.NewRequest","properties":{"text":"Items"},"interaction":{"idSuffix":"BDI-content"}},"wdio_ui5_key":"etmportal.ui.managerequests.view.NewRequestsap.m.Button{\"text\":\"Items\"}"}]}
RESULT: {"script":"<script> [1562 bytes]","args":[{"selector":{"controlType":"sap.m.Button","viewName":"etm.portal.ui.managerequests.view.NewRequest","properties":{"text":"Items"},"interaction":{"idSuffix":"BDI-content"}},"wdio_ui5_key":"etmportal.ui.managerequests.view.NewRequestsap.m.Button{\"text\":\"Items\"}"}]}
RESULT: undefined
COMMAND: POST /session/56f047ff2d8b79b5fb882765d60ddf9f/element - {"using":"xpath","value":"//*[@id=\"__xmlview59--newRequestPage-anchBar-__xmlview59--requestItemsSection-anchor\"]"}
RESULT: {"using":"xpath","value":"//*[@id=\"__xmlview59--newRequestPage-anchBar-__xmlview59--requestItemsSection-anchor\"]"}
COMMAND: POST /session/56f047ff2d8b79b5fb882765d60ddf9f/element/f.918672ED9AB3AB03A4F724C7637EDD7B.d.21D481840BD80573A1E6CE745A12ABEB.e.2916/click - {}
RESULT: {}
COMMAND: GET /session/56f047ff2d8b79b5fb882765d60ddf9f/screenshot - {}
RESULT: {}
COMMAND: POST /session/56f047ff2d8b79b5fb882765d60ddf9f/execute/async - {"script":"<script> [1562 bytes]","args":[{"selector":{"controlType":"sap.ui.core.Icon","viewName":"etm.portal.ui.managerequests.view.NewRequest","properties":{"src":{"regex":{"source":"inspect"}}}},"wdio_ui5_key":"etmportal.ui.managerequests.view.NewRequestsap.ui.core.Icon{\"src\":{\"regex\":{\"source\":\"inspect\"}}}"}]}
RESULT: {"script":"<script> [1562 bytes]","args":[{"selector":{"controlType":"sap.ui.core.Icon","viewName":"etm.portal.ui.managerequests.view.NewRequest","properties":{"src":{"regex":{"source":"inspect"}}}},"wdio_ui5_key":"etmportal.ui.managerequests.view.NewRequestsap.ui.core.Icon{\"src\":{\"regex\":{\"source\":\"inspect\"}}}"}]}
RESULT: undefined
COMMAND: POST /session/56f047ff2d8b79b5fb882765d60ddf9f/element - {"using":"xpath","value":"//*[@id=\"__button106-img\"]"}
RESULT: {"using":"xpath","value":"//*[@id=\"__button106-img\"]"}
COMMAND: POST /session/56f047ff2d8b79b5fb882765d60ddf9f/element/f.918672ED9AB3AB03A4F724C7637EDD7B.d.21D481840BD80573A1E6CE745A12ABEB.e.2920/click - {}
RESULT: {}
COMMAND: GET /session/56f047ff2d8b79b5fb882765d60ddf9f/screenshot - {}
RESULT: {}
COMMAND: POST /session/56f047ff2d8b79b5fb882765d60ddf9f/execute/async - {"script":"<script> [1562 bytes]","args":[{"selector":{"controlType":"sap.ui.core.Icon","viewName":"etm.portal.ui.managerequests.view.NewRequest","properties":{"src":{"regex":{"source":"add"}}}},"wdio_ui5_key":"etmportal.ui.managerequests.view.NewRequestsap.ui.core.Icon{\"src\":{\"regex\":{\"source\":\"add\"}}}"}]}
RESULT: {"script":"<script> [1562 bytes]","args":[{"selector":{"controlType":"sap.ui.core.Icon","viewName":"etm.portal.ui.managerequests.view.NewRequest","properties":{"src":{"regex":{"source":"add"}}}},"wdio_ui5_key":"etmportal.ui.managerequests.view.NewRequestsap.ui.core.Icon{\"src\":{\"regex\":{\"source\":\"add\"}}}"}]}
RESULT: undefined
COMMAND: POST /session/56f047ff2d8b79b5fb882765d60ddf9f/element - {"using":"xpath","value":"//*[@id=\"__xmlview59--btnAddTableRow-img\"]"}
RESULT: {"using":"xpath","value":"//*[@id=\"__xmlview59--btnAddTableRow-img\"]"}
COMMAND: POST /session/56f047ff2d8b79b5fb882765d60ddf9f/element/f.918672ED9AB3AB03A4F724C7637EDD7B.d.21D481840BD80573A1E6CE745A12ABEB.e.2928/click - {}
RESULT: {}
COMMAND: GET /session/56f047ff2d8b79b5fb882765d60ddf9f/screenshot - {}
RESULT: {}
COMMAND: POST /session/56f047ff2d8b79b5fb882765d60ddf9f/execute/async - {"script":"<script> [1562 bytes]","args":[{"selector":{"controlType":"sap.ui.unified.MenuItem","viewName":"etm.portal.ui.managerequests.view.NewRequest","i18NText":{"propertyName":"text","key":"standardEntry"},"searchOpenDialogs":true,"interaction":{"idSuffix":"txt"}},"wdio_ui5_key":"etmportal.ui.managerequests.view.NewRequestsap.ui.unified.MenuItem{\"propertyName\":\"text\",\"key\":\"standardEntry\"}"}]}
RESULT: {"script":"<script> [1562 bytes]","args":[{"selector":{"controlType":"sap.ui.unified.MenuItem","viewName":"etm.portal.ui.managerequests.view.NewRequest","i18NText":{"propertyName":"text","key":"standardEntry"},"searchOpenDialogs":true,"interaction":{"idSuffix":"txt"}},"wdio_ui5_key":"etmportal.ui.managerequests.view.NewRequestsap.ui.unified.MenuItem{\"propertyName\":\"text\",\"key\":\"standardEntry\"}"}]}
RESULT: undefined
COMMAND: POST /session/56f047ff2d8b79b5fb882765d60ddf9f/element - {"using":"xpath","value":"//*[@id=\"__item1191\"]"}
RESULT: {"using":"xpath","value":"//*[@id=\"__item1191\"]"}
COMMAND: POST /session/56f047ff2d8b79b5fb882765d60ddf9f/element/f.918672ED9AB3AB03A4F724C7637EDD7B.d.21D481840BD80573A1E6CE745A12ABEB.e.2931/click - {}
RESULT: {}
COMMAND: GET /session/56f047ff2d8b79b5fb882765d60ddf9f/screenshot - {}
RESULT: {}
RESULT: undefined
COMMAND: POST /session/56f047ff2d8b79b5fb882765d60ddf9f/element - {"using":"xpath","value":"//*[@id=\"__xmlview59--btnAddTableRow-img\"]"}
RESULT: {"using":"xpath","value":"//*[@id=\"__xmlview59--btnAddTableRow-img\"]"}
COMMAND: POST /session/56f047ff2d8b79b5fb882765d60ddf9f/element/f.918672ED9AB3AB03A4F724C7637EDD7B.d.21D481840BD80573A1E6CE745A12ABEB.e.2928/click - {}
RESULT: {}
COMMAND: GET /session/56f047ff2d8b79b5fb882765d60ddf9f/screenshot - {}
RESULT: {}
RESULT: undefined
COMMAND: POST /session/56f047ff2d8b79b5fb882765d60ddf9f/element - {"using":"xpath","value":"//*[@id=\"__item1191\"]"}
RESULT: {"using":"xpath","value":"//*[@id=\"__item1191\"]"}
COMMAND: POST /session/56f047ff2d8b79b5fb882765d60ddf9f/element/f.918672ED9AB3AB03A4F724C7637EDD7B.d.21D481840BD80573A1E6CE745A12ABEB.e.2946/click - {}
RESULT: {}
COMMAND: GET /session/56f047ff2d8b79b5fb882765d60ddf9f/screenshot - {}
RESULT: {}
COMMAND: POST /session/56f047ff2d8b79b5fb882765d60ddf9f/element - {"using":"xpath","value":"(//input[contains(@id ,\"requestItemsTable-0-inner\")])[5]"}
RESULT: {"using":"xpath","value":"(//input[contains(@id ,\"requestItemsTable-0-inner\")])[5]"}
COMMAND: POST /session/56f047ff2d8b79b5fb882765d60ddf9f/element/f.918672ED9AB3AB03A4F724C7637EDD7B.d.21D481840BD80573A1E6CE745A12ABEB.e.2937/clear - {}
RESULT: {}
COMMAND: POST /session/56f047ff2d8b79b5fb882765d60ddf9f/element/f.918672ED9AB3AB03A4F724C7637EDD7B.d.21D481840BD80573A1E6CE745A12ABEB.e.2937/value - {"text":"1000001"}
COMMAND: GET /session/56f047ff2d8b79b5fb882765d60ddf9f/screenshot - {}
RESULT: {"text":"1000001"}
COMMAND: GET /session/56f047ff2d8b79b5fb882765d60ddf9f/screenshot - {}
RESULT: {}
RESULT: {}
COMMAND: POST /session/56f047ff2d8b79b5fb882765d60ddf9f/actions - {"actions":[{"id":"action14","type":"key","parameters":{},"actions":[{"type":"keyDown","value":"î€‡"},{"type":"pause","duration":10},{"type":"keyUp","value":"î€‡"}]}]}
RESULT: {"actions":[{"id":"action14","type":"key","parameters":{},"actions":[{"type":"keyDown","value":"î€‡"},{"type":"pause","duration":10},{"type":"keyUp","value":"î€‡"}]}]}
COMMAND: POST /session/56f047ff2d8b79b5fb882765d60ddf9f/element - {"using":"xpath","value":"(//input[contains(@id ,\"requestItemsTable-1-inner\")])[5]"}
COMMAND: GET /session/56f047ff2d8b79b5fb882765d60ddf9f/screenshot - {}
RESULT: {"using":"xpath","value":"(//input[contains(@id ,\"requestItemsTable-1-inner\")])[5]"}
COMMAND: POST /session/56f047ff2d8b79b5fb882765d60ddf9f/element/f.918672ED9AB3AB03A4F724C7637EDD7B.d.21D481840BD80573A1E6CE745A12ABEB.e.2952/clear - {}
RESULT: {}
RESULT: {}
COMMAND: POST /session/56f047ff2d8b79b5fb882765d60ddf9f/element/f.918672ED9AB3AB03A4F724C7637EDD7B.d.21D481840BD80573A1E6CE745A12ABEB.e.2952/value - {"text":"1000002"}
COMMAND: GET /session/56f047ff2d8b79b5fb882765d60ddf9f/screenshot - {}
RESULT: {"text":"1000002"}
COMMAND: GET /session/56f047ff2d8b79b5fb882765d60ddf9f/screenshot - {}
RESULT: {}
RESULT: {}
COMMAND: POST /session/56f047ff2d8b79b5fb882765d60ddf9f/actions - {"actions":[{"id":"action15","type":"key","parameters":{},"actions":[{"type":"keyDown","value":"î€‡"},{"type":"pause","duration":10},{"type":"keyUp","value":"î€‡"}]}]}
RESULT: {"actions":[{"id":"action15","type":"key","parameters":{},"actions":[{"type":"keyDown","value":"î€‡"},{"type":"pause","duration":10},{"type":"keyUp","value":"î€‡"}]}]}
COMMAND: POST /session/56f047ff2d8b79b5fb882765d60ddf9f/execute/async - {"script":"<script> [1562 bytes]","args":[{"selector":{"controlType":"sap.m.Input","viewName":"etm.portal.ui.managerequests.view.NewRequest","bindingPath":{"path":"","propertyPath":"/Tags","modelName":"catalogModel"},"ancestor":{"controlType":"sap.m.ColumnListItem","viewName":"etm.portal.ui.managerequests.view.NewRequest","bindingPath":{"modelName":"newRequestItems","path":"/RequestItems/0"},"ancestor":{"id":"requestItemsTable","viewName":"etm.portal.ui.managerequests.view.NewRequest"}},"interaction":{"idSuffix":"inner"}},"wdio_ui5_key":"etmportal.ui.managerequests.view.NewRequestsap.m.Input{\"path\":\"\",\"propertyPath\":\"/Tags\",\"modelName\":\"catalogModel\"}{\"controlType\":\"sap.m.ColumnListItem\",\"viewName\":\"etm.portal.ui.managerequests.view.NewRequest\",\"bindingPath\":{\"modelName\":\"newRequestItems\",\"path\":\"/RequestItems/0\"},\"ancestor\":{\"id\":\"requestItemsTable\",\"viewName\":\"etm.portal.ui.managerequests.view.NewRequest\"}}"}]}
COMMAND: GET /session/56f047ff2d8b79b5fb882765d60ddf9f/screenshot - {}
RESULT: {"script":"<script> [1562 bytes]","args":[{"selector":{"controlType":"sap.m.Input","viewName":"etm.portal.ui.managerequests.view.NewRequest","bindingPath":{"path":"","propertyPath":"/Tags","modelName":"catalogModel"},"ancestor":{"controlType":"sap.m.ColumnListItem","viewName":"etm.portal.ui.managerequests.view.NewRequest","bindingPath":{"modelName":"newRequestItems","path":"/RequestItems/0"},"ancestor":{"id":"requestItemsTable","viewName":"etm.portal.ui.managerequests.view.NewRequest"}},"interaction":{"idSuffix":"inner"}},"wdio_ui5_key":"etmportal.ui.managerequests.view.NewRequestsap.m.Input{\"path\":\"\",\"propertyPath\":\"/Tags\",\"modelName\":\"catalogModel\"}{\"controlType\":\"sap.m.ColumnListItem\",\"viewName\":\"etm.portal.ui.managerequests.view.NewRequest\",\"bindingPath\":{\"modelName\":\"newRequestItems\",\"path\":\"/RequestItems/0\"},\"ancestor\":{\"id\":\"requestItemsTable\",\"viewName\":\"etm.portal.ui.managerequests.view.NewRequest\"}}"}]}
RESULT: undefined
COMMAND: POST /session/56f047ff2d8b79b5fb882765d60ddf9f/execute/async - {"script":"<script> [776 bytes]","args":[{"enterText":"tag1","selector":{"controlType":"sap.m.Input","viewName":"etm.portal.ui.managerequests.view.NewRequest","bindingPath":{"path":"","propertyPath":"/Tags","modelName":"catalogModel"},"ancestor":{"controlType":"sap.m.ColumnListItem","viewName":"etm.portal.ui.managerequests.view.NewRequest","bindingPath":{"modelName":"newRequestItems","path":"/RequestItems/0"},"ancestor":{"id":"requestItemsTable","viewName":"etm.portal.ui.managerequests.view.NewRequest"}},"interaction":{"idSuffix":"inner"}},"clearTextFirst":true,"interactionType":"ENTER_TEXT"}]}
RESULT: {}
RESULT: {"script":"<script> [776 bytes]","args":[{"enterText":"tag1","selector":{"controlType":"sap.m.Input","viewName":"etm.portal.ui.managerequests.view.NewRequest","bindingPath":{"path":"","propertyPath":"/Tags","modelName":"catalogModel"},"ancestor":{"controlType":"sap.m.ColumnListItem","viewName":"etm.portal.ui.managerequests.view.NewRequest","bindingPath":{"modelName":"newRequestItems","path":"/RequestItems/0"},"ancestor":{"id":"requestItemsTable","viewName":"etm.portal.ui.managerequests.view.NewRequest"}},"interaction":{"idSuffix":"inner"}},"clearTextFirst":true,"interactionType":"ENTER_TEXT"}]}
COMMAND: POST /session/56f047ff2d8b79b5fb882765d60ddf9f/actions - {"actions":[{"id":"action16","type":"key","parameters":{},"actions":[{"type":"keyDown","value":"î€‡"},{"type":"pause","duration":10},{"type":"keyUp","value":"î€‡"}]}]}
RESULT: {"actions":[{"id":"action16","type":"key","parameters":{},"actions":[{"type":"keyDown","value":"î€‡"},{"type":"pause","duration":10},{"type":"keyUp","value":"î€‡"}]}]}
RESULT: undefined
COMMAND: POST /session/56f047ff2d8b79b5fb882765d60ddf9f/execute/async - {"script":"<script> [776 bytes]","args":[{"enterText":"tag-duplicate","selector":{"controlType":"sap.m.Input","viewName":"etm.portal.ui.managerequests.view.NewRequest","bindingPath":{"path":"","propertyPath":"/Tags","modelName":"catalogModel"},"ancestor":{"controlType":"sap.m.ColumnListItem","viewName":"etm.portal.ui.managerequests.view.NewRequest","bindingPath":{"modelName":"newRequestItems","path":"/RequestItems/0"},"ancestor":{"id":"requestItemsTable","viewName":"etm.portal.ui.managerequests.view.NewRequest"}},"interaction":{"idSuffix":"inner"}},"clearTextFirst":true,"interactionType":"ENTER_TEXT"}]}
COMMAND: GET /session/56f047ff2d8b79b5fb882765d60ddf9f/screenshot - {}
RESULT: {"script":"<script> [776 bytes]","args":[{"enterText":"tag-duplicate","selector":{"controlType":"sap.m.Input","viewName":"etm.portal.ui.managerequests.view.NewRequest","bindingPath":{"path":"","propertyPath":"/Tags","modelName":"catalogModel"},"ancestor":{"controlType":"sap.m.ColumnListItem","viewName":"etm.portal.ui.managerequests.view.NewRequest","bindingPath":{"modelName":"newRequestItems","path":"/RequestItems/0"},"ancestor":{"id":"requestItemsTable","viewName":"etm.portal.ui.managerequests.view.NewRequest"}},"interaction":{"idSuffix":"inner"}},"clearTextFirst":true,"interactionType":"ENTER_TEXT"}]}
RESULT: {}
COMMAND: POST /session/56f047ff2d8b79b5fb882765d60ddf9f/actions - {"actions":[{"id":"action17","type":"key","parameters":{},"actions":[{"type":"keyDown","value":"î€‡"},{"type":"pause","duration":10},{"type":"keyUp","value":"î€‡"}]}]}
RESULT: {"actions":[{"id":"action17","type":"key","parameters":{},"actions":[{"type":"keyDown","value":"î€‡"},{"type":"pause","duration":10},{"type":"keyUp","value":"î€‡"}]}]}
COMMAND: GET /session/56f047ff2d8b79b5fb882765d60ddf9f/screenshot - {}
RESULT: {}
COMMAND: POST /session/56f047ff2d8b79b5fb882765d60ddf9f/execute/async - {"script":"<script> [1562 bytes]","args":[{"selector":{"controlType":"sap.m.Input","viewName":"etm.portal.ui.managerequests.view.NewRequest","bindingPath":{"path":"","propertyPath":"/Tags","modelName":"catalogModel"},"ancestor":{"controlType":"sap.m.ColumnListItem","viewName":"etm.portal.ui.managerequests.view.NewRequest","bindingPath":{"modelName":"newRequestItems","path":"/RequestItems/1"},"ancestor":{"id":"requestItemsTable","viewName":"etm.portal.ui.managerequests.view.NewRequest"}},"interaction":{"idSuffix":"inner"}},"wdio_ui5_key":"etmportal.ui.managerequests.view.NewRequestsap.m.Input{\"path\":\"\",\"propertyPath\":\"/Tags\",\"modelName\":\"catalogModel\"}{\"controlType\":\"sap.m.ColumnListItem\",\"viewName\":\"etm.portal.ui.managerequests.view.NewRequest\",\"bindingPath\":{\"modelName\":\"newRequestItems\",\"path\":\"/RequestItems/1\"},\"ancestor\":{\"id\":\"requestItemsTable\",\"viewName\":\"etm.portal.ui.managerequests.view.NewRequest\"}}"}]}
RESULT: {"script":"<script> [1562 bytes]","args":[{"selector":{"controlType":"sap.m.Input","viewName":"etm.portal.ui.managerequests.view.NewRequest","bindingPath":{"path":"","propertyPath":"/Tags","modelName":"catalogModel"},"ancestor":{"controlType":"sap.m.ColumnListItem","viewName":"etm.portal.ui.managerequests.view.NewRequest","bindingPath":{"modelName":"newRequestItems","path":"/RequestItems/1"},"ancestor":{"id":"requestItemsTable","viewName":"etm.portal.ui.managerequests.view.NewRequest"}},"interaction":{"idSuffix":"inner"}},"wdio_ui5_key":"etmportal.ui.managerequests.view.NewRequestsap.m.Input{\"path\":\"\",\"propertyPath\":\"/Tags\",\"modelName\":\"catalogModel\"}{\"controlType\":\"sap.m.ColumnListItem\",\"viewName\":\"etm.portal.ui.managerequests.view.NewRequest\",\"bindingPath\":{\"modelName\":\"newRequestItems\",\"path\":\"/RequestItems/1\"},\"ancestor\":{\"id\":\"requestItemsTable\",\"viewName\":\"etm.portal.ui.managerequests.view.NewRequest\"}}"}]}
RESULT: undefined
COMMAND: POST /session/56f047ff2d8b79b5fb882765d60ddf9f/execute/async - {"script":"<script> [776 bytes]","args":[{"enterText":"tag1","selector":{"controlType":"sap.m.Input","viewName":"etm.portal.ui.managerequests.view.NewRequest","bindingPath":{"path":"","propertyPath":"/Tags","modelName":"catalogModel"},"ancestor":{"controlType":"sap.m.ColumnListItem","viewName":"etm.portal.ui.managerequests.view.NewRequest","bindingPath":{"modelName":"newRequestItems","path":"/RequestItems/1"},"ancestor":{"id":"requestItemsTable","viewName":"etm.portal.ui.managerequests.view.NewRequest"}},"interaction":{"idSuffix":"inner"}},"clearTextFirst":true,"interactionType":"ENTER_TEXT"}]}
RESULT: {"script":"<script> [776 bytes]","args":[{"enterText":"tag1","selector":{"controlType":"sap.m.Input","viewName":"etm.portal.ui.managerequests.view.NewRequest","bindingPath":{"path":"","propertyPath":"/Tags","modelName":"catalogModel"},"ancestor":{"controlType":"sap.m.ColumnListItem","viewName":"etm.portal.ui.managerequests.view.NewRequest","bindingPath":{"modelName":"newRequestItems","path":"/RequestItems/1"},"ancestor":{"id":"requestItemsTable","viewName":"etm.portal.ui.managerequests.view.NewRequest"}},"interaction":{"idSuffix":"inner"}},"clearTextFirst":true,"interactionType":"ENTER_TEXT"}]}
COMMAND: POST /session/56f047ff2d8b79b5fb882765d60ddf9f/actions - {"actions":[{"id":"action18","type":"key","parameters":{},"actions":[{"type":"keyDown","value":"î€‡"},{"type":"pause","duration":10},{"type":"keyUp","value":"î€‡"}]}]}
RESULT: {"actions":[{"id":"action18","type":"key","parameters":{},"actions":[{"type":"keyDown","value":"î€‡"},{"type":"pause","duration":10},{"type":"keyUp","value":"î€‡"}]}]}
RESULT: undefined
COMMAND: POST /session/56f047ff2d8b79b5fb882765d60ddf9f/execute/async - {"script":"<script> [776 bytes]","args":[{"enterText":"tag-duplicate","selector":{"controlType":"sap.m.Input","viewName":"etm.portal.ui.managerequests.view.NewRequest","bindingPath":{"path":"","propertyPath":"/Tags","modelName":"catalogModel"},"ancestor":{"controlType":"sap.m.ColumnListItem","viewName":"etm.portal.ui.managerequests.view.NewRequest","bindingPath":{"modelName":"newRequestItems","path":"/RequestItems/1"},"ancestor":{"id":"requestItemsTable","viewName":"etm.portal.ui.managerequests.view.NewRequest"}},"interaction":{"idSuffix":"inner"}},"clearTextFirst":true,"interactionType":"ENTER_TEXT"}]}
COMMAND: GET /session/56f047ff2d8b79b5fb882765d60ddf9f/screenshot - {}
RESULT: {"script":"<script> [776 bytes]","args":[{"enterText":"tag-duplicate","selector":{"controlType":"sap.m.Input","viewName":"etm.portal.ui.managerequests.view.NewRequest","bindingPath":{"path":"","propertyPath":"/Tags","modelName":"catalogModel"},"ancestor":{"controlType":"sap.m.ColumnListItem","viewName":"etm.portal.ui.managerequests.view.NewRequest","bindingPath":{"modelName":"newRequestItems","path":"/RequestItems/1"},"ancestor":{"id":"requestItemsTable","viewName":"etm.portal.ui.managerequests.view.NewRequest"}},"interaction":{"idSuffix":"inner"}},"clearTextFirst":true,"interactionType":"ENTER_TEXT"}]}
RESULT: {}
COMMAND: POST /session/56f047ff2d8b79b5fb882765d60ddf9f/actions - {"actions":[{"id":"action19","type":"key","parameters":{},"actions":[{"type":"keyDown","value":"î€‡"},{"type":"pause","duration":10},{"type":"keyUp","value":"î€‡"}]}]}
RESULT: {"actions":[{"id":"action19","type":"key","parameters":{},"actions":[{"type":"keyDown","value":"î€‡"},{"type":"pause","duration":10},{"type":"keyUp","value":"î€‡"}]}]}
COMMAND: GET /session/56f047ff2d8b79b5fb882765d60ddf9f/screenshot - {}
RESULT: {}
COMMAND: POST /session/56f047ff2d8b79b5fb882765d60ddf9f/execute/async - {"script":"<script> [1562 bytes]","args":[{"selector":{"controlType":"sap.ui.core.Icon","viewName":"etm.portal.ui.managerequests.view.NewRequest","properties":{"src":{"regex":{"source":"slim\\-arrow\\-down"}}},"ancestor":{"controlType":"sap.m.Button","viewName":"etm.portal.ui.managerequests.view.NewRequest","properties":{"icon":"sap-icon://slim-arrow-down"}}},"wdio_ui5_key":"etmportal.ui.managerequests.view.NewRequestsap.ui.core.Icon{\"src\":{\"regex\":{\"source\":\"slim\\\\-arrow\\\\-down\"}}}{\"controlType\":\"sap.m.Button\",\"viewName\":\"etm.portal.ui.managerequests.view.NewRequest\",\"properties\":{\"icon\":\"sap-icon://slim-arrow-down\"}}"}]}
RESULT: {"script":"<script> [1562 bytes]","args":[{"selector":{"controlType":"sap.ui.core.Icon","viewName":"etm.portal.ui.managerequests.view.NewRequest","properties":{"src":{"regex":{"source":"slim\\-arrow\\-down"}}},"ancestor":{"controlType":"sap.m.Button","viewName":"etm.portal.ui.managerequests.view.NewRequest","properties":{"icon":"sap-icon://slim-arrow-down"}}},"wdio_ui5_key":"etmportal.ui.managerequests.view.NewRequestsap.ui.core.Icon{\"src\":{\"regex\":{\"source\":\"slim\\\\-arrow\\\\-down\"}}}{\"controlType\":\"sap.m.Button\",\"viewName\":\"etm.portal.ui.managerequests.view.NewRequest\",\"properties\":{\"icon\":\"sap-icon://slim-arrow-down\"}}"}]}
RESULT: undefined
COMMAND: POST /session/56f047ff2d8b79b5fb882765d60ddf9f/element - {"using":"xpath","value":"//*[@id=\"__title21-expandBtn-img\"]"}
RESULT: {"using":"xpath","value":"//*[@id=\"__title21-expandBtn-img\"]"}
COMMAND: POST /session/56f047ff2d8b79b5fb882765d60ddf9f/element/f.918672ED9AB3AB03A4F724C7637EDD7B.d.21D481840BD80573A1E6CE745A12ABEB.e.2998/click - {}
RESULT: {}
COMMAND: GET /session/56f047ff2d8b79b5fb882765d60ddf9f/screenshot - {}
RESULT: {}
COMMAND: POST /session/56f047ff2d8b79b5fb882765d60ddf9f/element - {"using":"xpath","value":"//div[contains(@data-kt ,\"splitAllocationObjectStatus\")]"}
RESULT: {"using":"xpath","value":"//div[contains(@data-kt ,\"splitAllocationObjectStatus\")]"}
COMMAND: POST /session/56f047ff2d8b79b5fb882765d60ddf9f/elements - {"using":"xpath","value":"//div[contains(@data-kt ,\"splitAllocationObjectStatus\")]"}
RESULT: {"using":"xpath","value":"//div[contains(@data-kt ,\"splitAllocationObjectStatus\")]"}
COMMAND: POST /session/56f047ff2d8b79b5fb882765d60ddf9f/execute/async - {"script":"<script> [1562 bytes]","args":[{"selector":{"controlType":"sap.ui.core.Icon","viewName":"etm.portal.ui.managerequests.view.NewRequest","properties":{"src":{"regex":{"source":"message\\-error"}}},"ancestor":{"controlType":"sap.m.ColumnListItem","viewName":"etm.portal.ui.managerequests.view.NewRequest","bindingPath":{"modelName":"newRequestItems","path":"/RequestItems/0"},"ancestor":{"id":"requestItemsTable","viewName":"etm.portal.ui.managerequests.view.NewRequest"}}},"wdio_ui5_key":"etmportal.ui.managerequests.view.NewRequestsap.ui.core.Icon{\"src\":{\"regex\":{\"source\":\"message\\\\-error\"}}}{\"controlType\":\"sap.m.ColumnListItem\",\"viewName\":\"etm.portal.ui.managerequests.view.NewRequest\",\"bindingPath\":{\"modelName\":\"newRequestItems\",\"path\":\"/RequestItems/0\"},\"ancestor\":{\"id\":\"requestItemsTable\",\"viewName\":\"etm.portal.ui.managerequests.view.NewRequest\"}}"}]}
RESULT: {"script":"<script> [1562 bytes]","args":[{"selector":{"controlType":"sap.ui.core.Icon","viewName":"etm.portal.ui.managerequests.view.NewRequest","properties":{"src":{"regex":{"source":"message\\-error"}}},"ancestor":{"controlType":"sap.m.ColumnListItem","viewName":"etm.portal.ui.managerequests.view.NewRequest","bindingPath":{"modelName":"newRequestItems","path":"/RequestItems/0"},"ancestor":{"id":"requestItemsTable","viewName":"etm.portal.ui.managerequests.view.NewRequest"}}},"wdio_ui5_key":"etmportal.ui.managerequests.view.NewRequestsap.ui.core.Icon{\"src\":{\"regex\":{\"source\":\"message\\\\-error\"}}}{\"controlType\":\"sap.m.ColumnListItem\",\"viewName\":\"etm.portal.ui.managerequests.view.NewRequest\",\"bindingPath\":{\"modelName\":\"newRequestItems\",\"path\":\"/RequestItems/0\"},\"ancestor\":{\"id\":\"requestItemsTable\",\"viewName\":\"etm.portal.ui.managerequests.view.NewRequest\"}}"}]}
RESULT: undefined
COMMAND: POST /session/56f047ff2d8b79b5fb882765d60ddf9f/element - {"using":"xpath","value":"//*[@id=\"__status6-__xmlview59--requestItemsTable-0-icon\"]"}
RESULT: {"using":"xpath","value":"//*[@id=\"__status6-__xmlview59--requestItemsTable-0-icon\"]"}
COMMAND: POST /session/56f047ff2d8b79b5fb882765d60ddf9f/element/f.918672ED9AB3AB03A4F724C7637EDD7B.d.21D481840BD80573A1E6CE745A12ABEB.e.2979/click - {}
RESULT: {}
COMMAND: GET /session/56f047ff2d8b79b5fb882765d60ddf9f/screenshot - {}
RESULT: {}
COMMAND: POST /session/56f047ff2d8b79b5fb882765d60ddf9f/execute/async - {"script":"<script> [1562 bytes]","args":[{"selector":{"id":"costObjectAdminTypeComboBox","viewName":"etm.portal.ui.managerequests.view.NewRequest","searchOpenDialogs":true,"interaction":{"idSuffix":"inner"}},"wdio_ui5_key":"costObjectAdminTypeComboBoxetmportal.ui.managerequests.view.NewRequest"}]}
RESULT: {"script":"<script> [1562 bytes]","args":[{"selector":{"id":"costObjectAdminTypeComboBox","viewName":"etm.portal.ui.managerequests.view.NewRequest","searchOpenDialogs":true,"interaction":{"idSuffix":"inner"}},"wdio_ui5_key":"costObjectAdminTypeComboBoxetmportal.ui.managerequests.view.NewRequest"}]}
RESULT: undefined
COMMAND: POST /session/56f047ff2d8b79b5fb882765d60ddf9f/execute/async - {"script":"<script> [776 bytes]","args":[{"enterText":"Cost Center","selector":{"id":"costObjectAdminTypeComboBox","viewName":"etm.portal.ui.managerequests.view.NewRequest","searchOpenDialogs":true,"interaction":{"idSuffix":"inner"}},"clearTextFirst":true,"interactionType":"ENTER_TEXT"}]}
RESULT: {"script":"<script> [776 bytes]","args":[{"enterText":"Cost Center","selector":{"id":"costObjectAdminTypeComboBox","viewName":"etm.portal.ui.managerequests.view.NewRequest","searchOpenDialogs":true,"interaction":{"idSuffix":"inner"}},"clearTextFirst":true,"interactionType":"ENTER_TEXT"}]}
COMMAND: POST /session/56f047ff2d8b79b5fb882765d60ddf9f/actions - {"actions":[{"id":"action20","type":"key","parameters":{},"actions":[{"type":"keyDown","value":"î€‡"},{"type":"pause","duration":10},{"type":"keyUp","value":"î€‡"}]}]}
RESULT: {"actions":[{"id":"action20","type":"key","parameters":{},"actions":[{"type":"keyDown","value":"î€‡"},{"type":"pause","duration":10},{"type":"keyUp","value":"î€‡"}]}]}
COMMAND: GET /session/56f047ff2d8b79b5fb882765d60ddf9f/screenshot - {}
RESULT: {}
COMMAND: POST /session/56f047ff2d8b79b5fb882765d60ddf9f/execute/async - {"script":"<script> [1562 bytes]","args":[{"selector":{"id":"costObjectIdComboBox","viewName":"etm.portal.ui.managerequests.view.NewRequest","searchOpenDialogs":true,"interaction":{"idSuffix":"inner"}},"wdio_ui5_key":"costObjectIdComboBoxetmportal.ui.managerequests.view.NewRequest"}]}
RESULT: {"script":"<script> [1562 bytes]","args":[{"selector":{"id":"costObjectIdComboBox","viewName":"etm.portal.ui.managerequests.view.NewRequest","searchOpenDialogs":true,"interaction":{"idSuffix":"inner"}},"wdio_ui5_key":"costObjectIdComboBoxetmportal.ui.managerequests.view.NewRequest"}]}
RESULT: undefined
COMMAND: POST /session/56f047ff2d8b79b5fb882765d60ddf9f/execute/async - {"script":"<script> [776 bytes]","args":[{"enterText":"1001 - 1001","selector":{"id":"costObjectIdComboBox","viewName":"etm.portal.ui.managerequests.view.NewRequest","searchOpenDialogs":true,"interaction":{"idSuffix":"inner"}},"clearTextFirst":true,"interactionType":"ENTER_TEXT"}]}
RESULT: {"script":"<script> [776 bytes]","args":[{"enterText":"1001 - 1001","selector":{"id":"costObjectIdComboBox","viewName":"etm.portal.ui.managerequests.view.NewRequest","searchOpenDialogs":true,"interaction":{"idSuffix":"inner"}},"clearTextFirst":true,"interactionType":"ENTER_TEXT"}]}
COMMAND: POST /session/56f047ff2d8b79b5fb882765d60ddf9f/actions - {"actions":[{"id":"action21","type":"key","parameters":{},"actions":[{"type":"keyDown","value":"î€‡"},{"type":"pause","duration":10},{"type":"keyUp","value":"î€‡"}]}]}
RESULT: {"actions":[{"id":"action21","type":"key","parameters":{},"actions":[{"type":"keyDown","value":"î€‡"},{"type":"pause","duration":10},{"type":"keyUp","value":"î€‡"}]}]}
COMMAND: GET /session/56f047ff2d8b79b5fb882765d60ddf9f/screenshot - {}
RESULT: {}
COMMAND: POST /session/56f047ff2d8b79b5fb882765d60ddf9f/element - {"using":"xpath","value":"(//bdi[(text() = 'Save' or . = 'Save')])[1]"}
RESULT: {"using":"xpath","value":"(//bdi[(text() = 'Save' or . = 'Save')])[1]"}
COMMAND: POST /session/56f047ff2d8b79b5fb882765d60ddf9f/element/f.918672ED9AB3AB03A4F724C7637EDD7B.d.21D481840BD80573A1E6CE745A12ABEB.e.3018/click - {}
RESULT: {}
COMMAND: POST /session/56f047ff2d8b79b5fb882765d60ddf9f/execute/async - {"script":"<script> [1562 bytes]","args":[{"selector":{"controlType":"sap.ui.core.Icon","viewName":"etm.portal.ui.managerequests.view.NewRequest","properties":{"src":{"regex":{"source":"message\\-error"}}},"ancestor":{"controlType":"sap.m.ColumnListItem","viewName":"etm.portal.ui.managerequests.view.NewRequest","bindingPath":{"modelName":"newRequestItems","path":"/RequestItems/1"},"ancestor":{"id":"requestItemsTable","viewName":"etm.portal.ui.managerequests.view.NewRequest"}}},"wdio_ui5_key":"etmportal.ui.managerequests.view.NewRequestsap.ui.core.Icon{\"src\":{\"regex\":{\"source\":\"message\\\\-error\"}}}{\"controlType\":\"sap.m.ColumnListItem\",\"viewName\":\"etm.portal.ui.managerequests.view.NewRequest\",\"bindingPath\":{\"modelName\":\"newRequestItems\",\"path\":\"/RequestItems/1\"},\"ancestor\":{\"id\":\"requestItemsTable\",\"viewName\":\"etm.portal.ui.managerequests.view.NewRequest\"}}"}]}
COMMAND: GET /session/56f047ff2d8b79b5fb882765d60ddf9f/screenshot - {}
RESULT: {"script":"<script> [1562 bytes]","args":[{"selector":{"controlType":"sap.ui.core.Icon","viewName":"etm.portal.ui.managerequests.view.NewRequest","properties":{"src":{"regex":{"source":"message\\-error"}}},"ancestor":{"controlType":"sap.m.ColumnListItem","viewName":"etm.portal.ui.managerequests.view.NewRequest","bindingPath":{"modelName":"newRequestItems","path":"/RequestItems/1"},"ancestor":{"id":"requestItemsTable","viewName":"etm.portal.ui.managerequests.view.NewRequest"}}},"wdio_ui5_key":"etmportal.ui.managerequests.view.NewRequestsap.ui.core.Icon{\"src\":{\"regex\":{\"source\":\"message\\\\-error\"}}}{\"controlType\":\"sap.m.ColumnListItem\",\"viewName\":\"etm.portal.ui.managerequests.view.NewRequest\",\"bindingPath\":{\"modelName\":\"newRequestItems\",\"path\":\"/RequestItems/1\"},\"ancestor\":{\"id\":\"requestItemsTable\",\"viewName\":\"etm.portal.ui.managerequests.view.NewRequest\"}}"}]}
RESULT: undefined
COMMAND: POST /session/56f047ff2d8b79b5fb882765d60ddf9f/element - {"using":"xpath","value":"//*[@id=\"__status6-__xmlview59--requestItemsTable-1-icon\"]"}
RESULT: {}
RESULT: {"using":"xpath","value":"//*[@id=\"__status6-__xmlview59--requestItemsTable-1-icon\"]"}
COMMAND: POST /session/56f047ff2d8b79b5fb882765d60ddf9f/element/f.918672ED9AB3AB03A4F724C7637EDD7B.d.21D481840BD80573A1E6CE745A12ABEB.e.2996/click - {}
RESULT: {}
COMMAND: GET /session/56f047ff2d8b79b5fb882765d60ddf9f/screenshot - {}
RESULT: {}
RESULT: undefined
COMMAND: POST /session/56f047ff2d8b79b5fb882765d60ddf9f/execute/async - {"script":"<script> [776 bytes]","args":[{"enterText":"Cost Center","selector":{"id":"costObjectAdminTypeComboBox","viewName":"etm.portal.ui.managerequests.view.NewRequest","searchOpenDialogs":true,"interaction":{"idSuffix":"inner"}},"clearTextFirst":true,"interactionType":"ENTER_TEXT"}]}
RESULT: {"script":"<script> [776 bytes]","args":[{"enterText":"Cost Center","selector":{"id":"costObjectAdminTypeComboBox","viewName":"etm.portal.ui.managerequests.view.NewRequest","searchOpenDialogs":true,"interaction":{"idSuffix":"inner"}},"clearTextFirst":true,"interactionType":"ENTER_TEXT"}]}
COMMAND: POST /session/56f047ff2d8b79b5fb882765d60ddf9f/actions - {"actions":[{"id":"action22","type":"key","parameters":{},"actions":[{"type":"keyDown","value":"î€‡"},{"type":"pause","duration":10},{"type":"keyUp","value":"î€‡"}]}]}
RESULT: {"actions":[{"id":"action22","type":"key","parameters":{},"actions":[{"type":"keyDown","value":"î€‡"},{"type":"pause","duration":10},{"type":"keyUp","value":"î€‡"}]}]}
COMMAND: GET /session/56f047ff2d8b79b5fb882765d60ddf9f/screenshot - {}
RESULT: {}
RESULT: undefined
COMMAND: POST /session/56f047ff2d8b79b5fb882765d60ddf9f/execute/async - {"script":"<script> [776 bytes]","args":[{"enterText":"1001 - 1001","selector":{"id":"costObjectIdComboBox","viewName":"etm.portal.ui.managerequests.view.NewRequest","searchOpenDialogs":true,"interaction":{"idSuffix":"inner"}},"clearTextFirst":true,"interactionType":"ENTER_TEXT"}]}
RESULT: {"script":"<script> [776 bytes]","args":[{"enterText":"1001 - 1001","selector":{"id":"costObjectIdComboBox","viewName":"etm.portal.ui.managerequests.view.NewRequest","searchOpenDialogs":true,"interaction":{"idSuffix":"inner"}},"clearTextFirst":true,"interactionType":"ENTER_TEXT"}]}
COMMAND: POST /session/56f047ff2d8b79b5fb882765d60ddf9f/actions - {"actions":[{"id":"action23","type":"key","parameters":{},"actions":[{"type":"keyDown","value":"î€‡"},{"type":"pause","duration":10},{"type":"keyUp","value":"î€‡"}]}]}
RESULT: {"actions":[{"id":"action23","type":"key","parameters":{},"actions":[{"type":"keyDown","value":"î€‡"},{"type":"pause","duration":10},{"type":"keyUp","value":"î€‡"}]}]}
COMMAND: GET /session/56f047ff2d8b79b5fb882765d60ddf9f/screenshot - {}
RESULT: {}
COMMAND: POST /session/56f047ff2d8b79b5fb882765d60ddf9f/element - {"using":"xpath","value":"(//bdi[(text() = 'Save' or . = 'Save')])[1]"}
RESULT: {"using":"xpath","value":"(//bdi[(text() = 'Save' or . = 'Save')])[1]"}
COMMAND: POST /session/56f047ff2d8b79b5fb882765d60ddf9f/element/f.918672ED9AB3AB03A4F724C7637EDD7B.d.21D481840BD80573A1E6CE745A12ABEB.e.3033/click - {}
RESULT: {}
COMMAND: POST /session/56f047ff2d8b79b5fb882765d60ddf9f/execute/async - {"script":"<script> [1562 bytes]","args":[{"selector":{"controlType":"sap.ui.core.Icon","viewName":"etm.portal.ui.managerequests.view.NewRequest","properties":{"src":{"regex":{"source":"decline"}}},"ancestor":{"controlType":"sap.m.Token","viewName":"etm.portal.ui.managerequests.view.NewRequest","bindingPath":{"path":"/RequestItems/0/TOKENS/0","propertyPath":"TAG","modelName":"newRequestItems"}}},"wdio_ui5_key":"etmportal.ui.managerequests.view.NewRequestsap.ui.core.Icon{\"src\":{\"regex\":{\"source\":\"decline\"}}}{\"controlType\":\"sap.m.Token\",\"viewName\":\"etm.portal.ui.managerequests.view.NewRequest\",\"bindingPath\":{\"path\":\"/RequestItems/0/TOKENS/0\",\"propertyPath\":\"TAG\",\"modelName\":\"newRequestItems\"}}"}]}
COMMAND: GET /session/56f047ff2d8b79b5fb882765d60ddf9f/screenshot - {}
RESULT: {"script":"<script> [1562 bytes]","args":[{"selector":{"controlType":"sap.ui.core.Icon","viewName":"etm.portal.ui.managerequests.view.NewRequest","properties":{"src":{"regex":{"source":"decline"}}},"ancestor":{"controlType":"sap.m.Token","viewName":"etm.portal.ui.managerequests.view.NewRequest","bindingPath":{"path":"/RequestItems/0/TOKENS/0","propertyPath":"TAG","modelName":"newRequestItems"}}},"wdio_ui5_key":"etmportal.ui.managerequests.view.NewRequestsap.ui.core.Icon{\"src\":{\"regex\":{\"source\":\"decline\"}}}{\"controlType\":\"sap.m.Token\",\"viewName\":\"etm.portal.ui.managerequests.view.NewRequest\",\"bindingPath\":{\"path\":\"/RequestItems/0/TOKENS/0\",\"propertyPath\":\"TAG\",\"modelName\":\"newRequestItems\"}}"}]}
RESULT: undefined
COMMAND: POST /session/56f047ff2d8b79b5fb882765d60ddf9f/element - {"using":"xpath","value":"//*[@id=\"__token7-__tokenizer62-__xmlview59--requestItemsTable-0-0-icon\"]"}
RESULT: {}
RESULT: {"using":"xpath","value":"//*[@id=\"__token7-__tokenizer62-__xmlview59--requestItemsTable-0-0-icon\"]"}
COMMAND: POST /session/56f047ff2d8b79b5fb882765d60ddf9f/element/f.918672ED9AB3AB03A4F724C7637EDD7B.d.21D481840BD80573A1E6CE745A12ABEB.e.3035/click - {}
RESULT: {}
COMMAND: GET /session/56f047ff2d8b79b5fb882765d60ddf9f/screenshot - {}
RESULT: {}
COMMAND: POST /session/56f047ff2d8b79b5fb882765d60ddf9f/actions - {"actions":[{"id":"action24","type":"key","parameters":{},"actions":[{"type":"keyDown","value":"î€Œ"},{"type":"pause","duration":10},{"type":"keyUp","value":"î€Œ"}]}]}
RESULT: {"actions":[{"id":"action24","type":"key","parameters":{},"actions":[{"type":"keyDown","value":"î€Œ"},{"type":"pause","duration":10},{"type":"keyUp","value":"î€Œ"}]}]}
COMMAND: GET /session/56f047ff2d8b79b5fb882765d60ddf9f/screenshot - {}
RESULT: {}
COMMAND: POST /session/56f047ff2d8b79b5fb882765d60ddf9f/execute/async - {"script":"<script> [1562 bytes]","args":[{"selector":{"controlType":"sap.m.Tokenizer","viewName":"etm.portal.ui.managerequests.view.NewRequest","bindingPath":{"path":"/RequestItems/0","propertyPath":"TOKENS","modelName":"newRequestItems"}},"wdio_ui5_key":"etmportal.ui.managerequests.view.NewRequestsap.m.Tokenizer{\"path\":\"/RequestItems/0\",\"propertyPath\":\"TOKENS\",\"modelName\":\"newRequestItems\"}"}]}
RESULT: {"script":"<script> [1562 bytes]","args":[{"selector":{"controlType":"sap.m.Tokenizer","viewName":"etm.portal.ui.managerequests.view.NewRequest","bindingPath":{"path":"/RequestItems/0","propertyPath":"TOKENS","modelName":"newRequestItems"}},"wdio_ui5_key":"etmportal.ui.managerequests.view.NewRequestsap.m.Tokenizer{\"path\":\"/RequestItems/0\",\"propertyPath\":\"TOKENS\",\"modelName\":\"newRequestItems\"}"}]}
RESULT: undefined
COMMAND: POST /session/56f047ff2d8b79b5fb882765d60ddf9f/execute/async - {"script":"<script> [6424 bytes]","args":[{"element-6066-11e4-a52e-4f735466cecf":"f.918672ED9AB3AB03A4F724C7637EDD7B.d.21D481840BD80573A1E6CE745A12ABEB.e.3044"},"getTokens",[]]}
RESULT: {"script":"<script> [6424 bytes]","args":[{"element-6066-11e4-a52e-4f735466cecf":"f.918672ED9AB3AB03A4F724C7637EDD7B.d.21D481840BD80573A1E6CE745A12ABEB.e.3044"},"getTokens",[]]}
COMMAND: POST /session/56f047ff2d8b79b5fb882765d60ddf9f/execute/async - {"script":"<script> [1562 bytes]","args":[{"wdio_ui5_key":"__token7-__tokenizer62-__xmlview59--requestItemsTable-0-0","selector":{"id":"__token7-__tokenizer62-__xmlview59--requestItemsTable-0-0"}}]}
RESULT: {"script":"<script> [1562 bytes]","args":[{"wdio_ui5_key":"__token7-__tokenizer62-__xmlview59--requestItemsTable-0-0","selector":{"id":"__token7-__tokenizer62-__xmlview59--requestItemsTable-0-0"}}]}
RESULT: undefined
RESULT: undefined
COMMAND: POST /session/56f047ff2d8b79b5fb882765d60ddf9f/execute/async - {"script":"<script> [776 bytes]","args":[{"enterText":"tagRequest1","selector":{"controlType":"sap.m.Input","viewName":"etm.portal.ui.managerequests.view.NewRequest","bindingPath":{"path":"","propertyPath":"/Tags","modelName":"catalogModel"},"ancestor":{"controlType":"sap.m.ColumnListItem","viewName":"etm.portal.ui.managerequests.view.NewRequest","bindingPath":{"modelName":"newRequestItems","path":"/RequestItems/0"},"ancestor":{"id":"requestItemsTable","viewName":"etm.portal.ui.managerequests.view.NewRequest"}},"interaction":{"idSuffix":"inner"}},"clearTextFirst":true,"interactionType":"ENTER_TEXT"}]}
RESULT: {"script":"<script> [776 bytes]","args":[{"enterText":"tagRequest1","selector":{"controlType":"sap.m.Input","viewName":"etm.portal.ui.managerequests.view.NewRequest","bindingPath":{"path":"","propertyPath":"/Tags","modelName":"catalogModel"},"ancestor":{"controlType":"sap.m.ColumnListItem","viewName":"etm.portal.ui.managerequests.view.NewRequest","bindingPath":{"modelName":"newRequestItems","path":"/RequestItems/0"},"ancestor":{"id":"requestItemsTable","viewName":"etm.portal.ui.managerequests.view.NewRequest"}},"interaction":{"idSuffix":"inner"}},"clearTextFirst":true,"interactionType":"ENTER_TEXT"}]}
COMMAND: POST /session/56f047ff2d8b79b5fb882765d60ddf9f/actions - {"actions":[{"id":"action25","type":"key","parameters":{},"actions":[{"type":"keyDown","value":"î€‡"},{"type":"pause","duration":10},{"type":"keyUp","value":"î€‡"}]}]}
RESULT: {"actions":[{"id":"action25","type":"key","parameters":{},"actions":[{"type":"keyDown","value":"î€‡"},{"type":"pause","duration":10},{"type":"keyUp","value":"î€‡"}]}]}
COMMAND: GET /session/56f047ff2d8b79b5fb882765d60ddf9f/screenshot - {}
RESULT: {}
RESULT: undefined
COMMAND: POST /session/56f047ff2d8b79b5fb882765d60ddf9f/execute/async - {"script":"<script> [6424 bytes]","args":[{"element-6066-11e4-a52e-4f735466cecf":"f.918672ED9AB3AB03A4F724C7637EDD7B.d.21D481840BD80573A1E6CE745A12ABEB.e.3044"},"getTokens",[]]}
RESULT: {"script":"<script> [6424 bytes]","args":[{"element-6066-11e4-a52e-4f735466cecf":"f.918672ED9AB3AB03A4F724C7637EDD7B.d.21D481840BD80573A1E6CE745A12ABEB.e.3044"},"getTokens",[]]}
COMMAND: POST /session/56f047ff2d8b79b5fb882765d60ddf9f/execute/async - {"script":"<script> [1562 bytes]","args":[{"wdio_ui5_key":"__token7-__tokenizer62-__xmlview59--requestItemsTable-0-1","selector":{"id":"__token7-__tokenizer62-__xmlview59--requestItemsTable-0-1"}}]}
RESULT: undefined
RESULT: {"script":"<script> [1562 bytes]","args":[{"wdio_ui5_key":"__token7-__tokenizer62-__xmlview59--requestItemsTable-0-1","selector":{"id":"__token7-__tokenizer62-__xmlview59--requestItemsTable-0-1"}}]}
RESULT: undefined
COMMAND: POST /session/56f047ff2d8b79b5fb882765d60ddf9f/execute/async - {"script":"<script> [1562 bytes]","args":[{"selector":{"controlType":"sap.ui.core.Icon","viewName":"etm.portal.ui.managerequests.view.NewRequest","properties":{"src":{"regex":{"source":"decline"}}},"ancestor":{"controlType":"sap.m.Token","viewName":"etm.portal.ui.managerequests.view.NewRequest","bindingPath":{"path":"/RequestItems/1/TOKENS/0","propertyPath":"TAG","modelName":"newRequestItems"}}},"wdio_ui5_key":"etmportal.ui.managerequests.view.NewRequestsap.ui.core.Icon{\"src\":{\"regex\":{\"source\":\"decline\"}}}{\"controlType\":\"sap.m.Token\",\"viewName\":\"etm.portal.ui.managerequests.view.NewRequest\",\"bindingPath\":{\"path\":\"/RequestItems/1/TOKENS/0\",\"propertyPath\":\"TAG\",\"modelName\":\"newRequestItems\"}}"}]}
RESULT: {"script":"<script> [1562 bytes]","args":[{"selector":{"controlType":"sap.ui.core.Icon","viewName":"etm.portal.ui.managerequests.view.NewRequest","properties":{"src":{"regex":{"source":"decline"}}},"ancestor":{"controlType":"sap.m.Token","viewName":"etm.portal.ui.managerequests.view.NewRequest","bindingPath":{"path":"/RequestItems/1/TOKENS/0","propertyPath":"TAG","modelName":"newRequestItems"}}},"wdio_ui5_key":"etmportal.ui.managerequests.view.NewRequestsap.ui.core.Icon{\"src\":{\"regex\":{\"source\":\"decline\"}}}{\"controlType\":\"sap.m.Token\",\"viewName\":\"etm.portal.ui.managerequests.view.NewRequest\",\"bindingPath\":{\"path\":\"/RequestItems/1/TOKENS/0\",\"propertyPath\":\"TAG\",\"modelName\":\"newRequestItems\"}}"}]}
RESULT: undefined
COMMAND: POST /session/56f047ff2d8b79b5fb882765d60ddf9f/element - {"using":"xpath","value":"//*[@id=\"__token7-__tokenizer62-__xmlview59--requestItemsTable-1-0-icon\"]"}
RESULT: {"using":"xpath","value":"//*[@id=\"__token7-__tokenizer62-__xmlview59--requestItemsTable-1-0-icon\"]"}
COMMAND: POST /session/56f047ff2d8b79b5fb882765d60ddf9f/element/f.918672ED9AB3AB03A4F724C7637EDD7B.d.21D481840BD80573A1E6CE745A12ABEB.e.3046/click - {}
RESULT: {}
COMMAND: GET /session/56f047ff2d8b79b5fb882765d60ddf9f/screenshot - {}
RESULT: {}
COMMAND: POST /session/56f047ff2d8b79b5fb882765d60ddf9f/actions - {"actions":[{"id":"action26","type":"key","parameters":{},"actions":[{"type":"keyDown","value":"î€Œ"},{"type":"pause","duration":10},{"type":"keyUp","value":"î€Œ"}]}]}
RESULT: {"actions":[{"id":"action26","type":"key","parameters":{},"actions":[{"type":"keyDown","value":"î€Œ"},{"type":"pause","duration":10},{"type":"keyUp","value":"î€Œ"}]}]}
COMMAND: GET /session/56f047ff2d8b79b5fb882765d60ddf9f/screenshot - {}
RESULT: {}
COMMAND: POST /session/56f047ff2d8b79b5fb882765d60ddf9f/execute/async - {"script":"<script> [1562 bytes]","args":[{"selector":{"controlType":"sap.m.Tokenizer","viewName":"etm.portal.ui.managerequests.view.NewRequest","bindingPath":{"path":"/RequestItems/1","propertyPath":"TOKENS","modelName":"newRequestItems"}},"wdio_ui5_key":"etmportal.ui.managerequests.view.NewRequestsap.m.Tokenizer{\"path\":\"/RequestItems/1\",\"propertyPath\":\"TOKENS\",\"modelName\":\"newRequestItems\"}"}]}
RESULT: {"script":"<script> [1562 bytes]","args":[{"selector":{"controlType":"sap.m.Tokenizer","viewName":"etm.portal.ui.managerequests.view.NewRequest","bindingPath":{"path":"/RequestItems/1","propertyPath":"TOKENS","modelName":"newRequestItems"}},"wdio_ui5_key":"etmportal.ui.managerequests.view.NewRequestsap.m.Tokenizer{\"path\":\"/RequestItems/1\",\"propertyPath\":\"TOKENS\",\"modelName\":\"newRequestItems\"}"}]}
RESULT: undefined
COMMAND: POST /session/56f047ff2d8b79b5fb882765d60ddf9f/execute/async - {"script":"<script> [6424 bytes]","args":[{"element-6066-11e4-a52e-4f735466cecf":"f.918672ED9AB3AB03A4F724C7637EDD7B.d.21D481840BD80573A1E6CE745A12ABEB.e.3054"},"getTokens",[]]}
RESULT: {"script":"<script> [6424 bytes]","args":[{"element-6066-11e4-a52e-4f735466cecf":"f.918672ED9AB3AB03A4F724C7637EDD7B.d.21D481840BD80573A1E6CE745A12ABEB.e.3054"},"getTokens",[]]}
COMMAND: POST /session/56f047ff2d8b79b5fb882765d60ddf9f/execute/async - {"script":"<script> [1562 bytes]","args":[{"wdio_ui5_key":"__token7-__tokenizer62-__xmlview59--requestItemsTable-1-0","selector":{"id":"__token7-__tokenizer62-__xmlview59--requestItemsTable-1-0"}}]}
RESULT: {"script":"<script> [1562 bytes]","args":[{"wdio_ui5_key":"__token7-__tokenizer62-__xmlview59--requestItemsTable-1-0","selector":{"id":"__token7-__tokenizer62-__xmlview59--requestItemsTable-1-0"}}]}
RESULT: undefined
RESULT: undefined
COMMAND: POST /session/56f047ff2d8b79b5fb882765d60ddf9f/execute/async - {"script":"<script> [776 bytes]","args":[{"enterText":"tagRequest1","selector":{"controlType":"sap.m.Input","viewName":"etm.portal.ui.managerequests.view.NewRequest","bindingPath":{"path":"","propertyPath":"/Tags","modelName":"catalogModel"},"ancestor":{"controlType":"sap.m.ColumnListItem","viewName":"etm.portal.ui.managerequests.view.NewRequest","bindingPath":{"modelName":"newRequestItems","path":"/RequestItems/1"},"ancestor":{"id":"requestItemsTable","viewName":"etm.portal.ui.managerequests.view.NewRequest"}},"interaction":{"idSuffix":"inner"}},"clearTextFirst":true,"interactionType":"ENTER_TEXT"}]}
RESULT: {"script":"<script> [776 bytes]","args":[{"enterText":"tagRequest1","selector":{"controlType":"sap.m.Input","viewName":"etm.portal.ui.managerequests.view.NewRequest","bindingPath":{"path":"","propertyPath":"/Tags","modelName":"catalogModel"},"ancestor":{"controlType":"sap.m.ColumnListItem","viewName":"etm.portal.ui.managerequests.view.NewRequest","bindingPath":{"modelName":"newRequestItems","path":"/RequestItems/1"},"ancestor":{"id":"requestItemsTable","viewName":"etm.portal.ui.managerequests.view.NewRequest"}},"interaction":{"idSuffix":"inner"}},"clearTextFirst":true,"interactionType":"ENTER_TEXT"}]}
COMMAND: POST /session/56f047ff2d8b79b5fb882765d60ddf9f/actions - {"actions":[{"id":"action27","type":"key","parameters":{},"actions":[{"type":"keyDown","value":"î€‡"},{"type":"pause","duration":10},{"type":"keyUp","value":"î€‡"}]}]}
RESULT: {"actions":[{"id":"action27","type":"key","parameters":{},"actions":[{"type":"keyDown","value":"î€‡"},{"type":"pause","duration":10},{"type":"keyUp","value":"î€‡"}]}]}
COMMAND: GET /session/56f047ff2d8b79b5fb882765d60ddf9f/screenshot - {}
RESULT: {}
RESULT: undefined
COMMAND: POST /session/56f047ff2d8b79b5fb882765d60ddf9f/execute/async - {"script":"<script> [6424 bytes]","args":[{"element-6066-11e4-a52e-4f735466cecf":"f.918672ED9AB3AB03A4F724C7637EDD7B.d.21D481840BD80573A1E6CE745A12ABEB.e.3054"},"getTokens",[]]}
RESULT: {"script":"<script> [6424 bytes]","args":[{"element-6066-11e4-a52e-4f735466cecf":"f.918672ED9AB3AB03A4F724C7637EDD7B.d.21D481840BD80573A1E6CE745A12ABEB.e.3054"},"getTokens",[]]}
COMMAND: POST /session/56f047ff2d8b79b5fb882765d60ddf9f/execute/async - {"script":"<script> [1562 bytes]","args":[{"wdio_ui5_key":"__token7-__tokenizer62-__xmlview59--requestItemsTable-1-1","selector":{"id":"__token7-__tokenizer62-__xmlview59--requestItemsTable-1-1"}}]}
RESULT: undefined
RESULT: {"script":"<script> [1562 bytes]","args":[{"wdio_ui5_key":"__token7-__tokenizer62-__xmlview59--requestItemsTable-1-1","selector":{"id":"__token7-__tokenizer62-__xmlview59--requestItemsTable-1-1"}}]}
RESULT: undefined
COMMAND: POST /session/56f047ff2d8b79b5fb882765d60ddf9f/execute/async - {"script":"<script> [1562 bytes]","args":[{"selector":{"controlType":"sap.m.Button","viewName":"etm.portal.ui.managerequests.view.NewRequest","properties":{"text":"Save"},"i18NText":{"propertyName":"tooltip","key":"save"},"interaction":{"idSuffix":"BDI-content"}},"wdio_ui5_key":"etmportal.ui.managerequests.view.NewRequestsap.m.Button{\"propertyName\":\"tooltip\",\"key\":\"save\"}{\"text\":\"Save\"}"}]}
RESULT: {"script":"<script> [1562 bytes]","args":[{"selector":{"controlType":"sap.m.Button","viewName":"etm.portal.ui.managerequests.view.NewRequest","properties":{"text":"Save"},"i18NText":{"propertyName":"tooltip","key":"save"},"interaction":{"idSuffix":"BDI-content"}},"wdio_ui5_key":"etmportal.ui.managerequests.view.NewRequestsap.m.Button{\"propertyName\":\"tooltip\",\"key\":\"save\"}{\"text\":\"Save\"}"}]}
RESULT: undefined
COMMAND: POST /session/56f047ff2d8b79b5fb882765d60ddf9f/element - {"using":"xpath","value":"//*[@id=\"__button109\"]"}
RESULT: {"using":"xpath","value":"//*[@id=\"__button109\"]"}
COMMAND: POST /session/56f047ff2d8b79b5fb882765d60ddf9f/element/f.918672ED9AB3AB03A4F724C7637EDD7B.d.21D481840BD80573A1E6CE745A12ABEB.e.2797/click - {}
RESULT: {}
COMMAND: GET /session/56f047ff2d8b79b5fb882765d60ddf9f/screenshot - {}
RESULT: {}
COMMAND: POST /session/56f047ff2d8b79b5fb882765d60ddf9f/element - {"using":"xpath","value":"//bdi[contains(@id ,\"BDI-content\")][contains(text(), \"Close\")]"}
RESULT: {"using":"xpath","value":"//bdi[contains(@id ,\"BDI-content\")][contains(text(), \"Close\")]"}
COMMAND: POST /session/56f047ff2d8b79b5fb882765d60ddf9f/element/f.918672ED9AB3AB03A4F724C7637EDD7B.d.21D481840BD80573A1E6CE745A12ABEB.e.3063/click - {}
RESULT: {}
COMMAND: GET /session/56f047ff2d8b79b5fb882765d60ddf9f/screenshot - {}
RESULT: {}
]]></system-out>
    </testcase>
    <testcase classname="chrome.136_0_7103_49.windows.Manage_Requests_Tags_Tests_US120163" name="Should Edit Request Tags" time="102.455">
      <system-out><![CDATA[
COMMAND: POST /session/56f047ff2d8b79b5fb882765d60ddf9f/execute/async - {"script":"<script> [1562 bytes]","args":[{"selector":{"controlType":"sap.ui.core.Icon","viewName":"etm.portal.ui.managerequests.view.Detail","properties":{"src":{"regex":{"source":"overflow"}}}},"wdio_ui5_key":"etmportal.ui.managerequests.view.Detailsap.ui.core.Icon{\"src\":{\"regex\":{\"source\":\"overflow\"}}}"}]}
RESULT: {"script":"<script> [1562 bytes]","args":[{"selector":{"controlType":"sap.ui.core.Icon","viewName":"etm.portal.ui.managerequests.view.Detail","properties":{"src":{"regex":{"source":"overflow"}}}},"wdio_ui5_key":"etmportal.ui.managerequests.view.Detailsap.ui.core.Icon{\"src\":{\"regex\":{\"source\":\"overflow\"}}}"}]}
RESULT: undefined
COMMAND: POST /session/56f047ff2d8b79b5fb882765d60ddf9f/element - {"using":"xpath","value":"//*[@id=\"__xmlview60--detailHeaderTitle-_actionsToolbar-overflowButton-img\"]"}
RESULT: {"using":"xpath","value":"//*[@id=\"__xmlview60--detailHeaderTitle-_actionsToolbar-overflowButton-img\"]"}
COMMAND: POST /session/56f047ff2d8b79b5fb882765d60ddf9f/element/f.918672ED9AB3AB03A4F724C7637EDD7B.d.21D481840BD80573A1E6CE745A12ABEB.e.3192/click - {}
RESULT: {}
COMMAND: GET /session/56f047ff2d8b79b5fb882765d60ddf9f/screenshot - {}
RESULT: {}
COMMAND: POST /session/56f047ff2d8b79b5fb882765d60ddf9f/execute/async - {"script":"<script> [1562 bytes]","args":[{"selector":{"controlType":"sap.uxap.ObjectPageHeaderActionButton","viewName":"etm.portal.ui.managerequests.view.Detail","i18NText":{"propertyName":"text","key":"edit"},"searchOpenDialogs":true,"interaction":{"idSuffix":"inner"}},"wdio_ui5_key":"etmportal.ui.managerequests.view.Detailsap.uxap.ObjectPageHeaderActionButton{\"propertyName\":\"text\",\"key\":\"edit\"}"}]}
RESULT: {"script":"<script> [1562 bytes]","args":[{"selector":{"controlType":"sap.uxap.ObjectPageHeaderActionButton","viewName":"etm.portal.ui.managerequests.view.Detail","i18NText":{"propertyName":"text","key":"edit"},"searchOpenDialogs":true,"interaction":{"idSuffix":"inner"}},"wdio_ui5_key":"etmportal.ui.managerequests.view.Detailsap.uxap.ObjectPageHeaderActionButton{\"propertyName\":\"text\",\"key\":\"edit\"}"}]}
RESULT: undefined
COMMAND: POST /session/56f047ff2d8b79b5fb882765d60ddf9f/element - {"using":"xpath","value":"//*[@id=\"__button128\"]"}
RESULT: {"using":"xpath","value":"//*[@id=\"__button128\"]"}
COMMAND: POST /session/56f047ff2d8b79b5fb882765d60ddf9f/element/f.918672ED9AB3AB03A4F724C7637EDD7B.d.21D481840BD80573A1E6CE745A12ABEB.e.3195/click - {}
RESULT: {}
COMMAND: GET /session/56f047ff2d8b79b5fb882765d60ddf9f/screenshot - {}
RESULT: {}
COMMAND: POST /session/56f047ff2d8b79b5fb882765d60ddf9f/execute/async - {"script":"<script> [1562 bytes]","args":[{"selector":{"controlType":"sap.ui.core.Icon","viewName":"etm.portal.ui.managerequests.view.Edit","properties":{"src":{"regex":{"source":"decline"}}},"ancestor":{"controlType":"sap.m.Token","viewName":"etm.portal.ui.managerequests.view.Edit","bindingPath":{"propertyPath":"TAG","modelName":"catalogModel"},"properties":{"text":"RefTag"}}},"wdio_ui5_key":"etmportal.ui.managerequests.view.Editsap.ui.core.Icon{\"src\":{\"regex\":{\"source\":\"decline\"}}}{\"controlType\":\"sap.m.Token\",\"viewName\":\"etm.portal.ui.managerequests.view.Edit\",\"bindingPath\":{\"propertyPath\":\"TAG\",\"modelName\":\"catalogModel\"},\"properties\":{\"text\":\"RefTag\"}}"}]}
RESULT: {"script":"<script> [1562 bytes]","args":[{"selector":{"controlType":"sap.ui.core.Icon","viewName":"etm.portal.ui.managerequests.view.Edit","properties":{"src":{"regex":{"source":"decline"}}},"ancestor":{"controlType":"sap.m.Token","viewName":"etm.portal.ui.managerequests.view.Edit","bindingPath":{"propertyPath":"TAG","modelName":"catalogModel"},"properties":{"text":"RefTag"}}},"wdio_ui5_key":"etmportal.ui.managerequests.view.Editsap.ui.core.Icon{\"src\":{\"regex\":{\"source\":\"decline\"}}}{\"controlType\":\"sap.m.Token\",\"viewName\":\"etm.portal.ui.managerequests.view.Edit\",\"bindingPath\":{\"propertyPath\":\"TAG\",\"modelName\":\"catalogModel\"},\"properties\":{\"text\":\"RefTag\"}}"}]}
RESULT: undefined
COMMAND: POST /session/56f047ff2d8b79b5fb882765d60ddf9f/element - {"using":"xpath","value":"//*[@id=\"__token13-__tokenizer64-0-icon\"]"}
RESULT: {"using":"xpath","value":"//*[@id=\"__token13-__tokenizer64-0-icon\"]"}
COMMAND: POST /session/56f047ff2d8b79b5fb882765d60ddf9f/element/f.918672ED9AB3AB03A4F724C7637EDD7B.d.21D481840BD80573A1E6CE745A12ABEB.e.3300/click - {}
RESULT: {}
COMMAND: POST /session/56f047ff2d8b79b5fb882765d60ddf9f/execute/async - {"script":"<script> [1562 bytes]","args":[{"selector":{"id":"tagMultiInputRequests","viewName":"etm.portal.ui.managerequests.view.Edit","interaction":{"idSuffix":"inner"}},"wdio_ui5_key":"tagMultiInputRequestsetmportal.ui.managerequests.view.Edit"}]}
COMMAND: GET /session/56f047ff2d8b79b5fb882765d60ddf9f/screenshot - {}
RESULT: {"script":"<script> [1562 bytes]","args":[{"selector":{"id":"tagMultiInputRequests","viewName":"etm.portal.ui.managerequests.view.Edit","interaction":{"idSuffix":"inner"}},"wdio_ui5_key":"tagMultiInputRequestsetmportal.ui.managerequests.view.Edit"}]}
RESULT: undefined
COMMAND: POST /session/56f047ff2d8b79b5fb882765d60ddf9f/execute/async - {"script":"<script> [6424 bytes]","args":[{"element-6066-11e4-a52e-4f735466cecf":"f.918672ED9AB3AB03A4F724C7637EDD7B.d.21D481840BD80573A1E6CE745A12ABEB.e.3227"},"getTokens",[]]}
RESULT: {}
RESULT: {"script":"<script> [6424 bytes]","args":[{"element-6066-11e4-a52e-4f735466cecf":"f.918672ED9AB3AB03A4F724C7637EDD7B.d.21D481840BD80573A1E6CE745A12ABEB.e.3227"},"getTokens",[]]}
COMMAND: POST /session/56f047ff2d8b79b5fb882765d60ddf9f/execute/async - {"script":"<script> [1562 bytes]","args":[{"wdio_ui5_key":"__token13-__tokenizer64-1","selector":{"id":"__token13-__tokenizer64-1"}}]}
RESULT: {"script":"<script> [1562 bytes]","args":[{"wdio_ui5_key":"__token13-__tokenizer64-1","selector":{"id":"__token13-__tokenizer64-1"}}]}
RESULT: undefined
RESULT: undefined
COMMAND: POST /session/56f047ff2d8b79b5fb882765d60ddf9f/execute/async - {"script":"<script> [776 bytes]","args":[{"enterText":"RefTag","selector":{"id":"tagMultiInputRequests","viewName":"etm.portal.ui.managerequests.view.Edit","interaction":{"idSuffix":"inner"}},"clearTextFirst":true,"interactionType":"ENTER_TEXT"}]}
RESULT: {"script":"<script> [776 bytes]","args":[{"enterText":"RefTag","selector":{"id":"tagMultiInputRequests","viewName":"etm.portal.ui.managerequests.view.Edit","interaction":{"idSuffix":"inner"}},"clearTextFirst":true,"interactionType":"ENTER_TEXT"}]}
COMMAND: POST /session/56f047ff2d8b79b5fb882765d60ddf9f/actions - {"actions":[{"id":"action28","type":"key","parameters":{},"actions":[{"type":"keyDown","value":"î€‡"},{"type":"pause","duration":10},{"type":"keyUp","value":"î€‡"}]}]}
RESULT: {"actions":[{"id":"action28","type":"key","parameters":{},"actions":[{"type":"keyDown","value":"î€‡"},{"type":"pause","duration":10},{"type":"keyUp","value":"î€‡"}]}]}
COMMAND: GET /session/56f047ff2d8b79b5fb882765d60ddf9f/screenshot - {}
RESULT: {}
RESULT: undefined
COMMAND: POST /session/56f047ff2d8b79b5fb882765d60ddf9f/execute/async - {"script":"<script> [6424 bytes]","args":[{"element-6066-11e4-a52e-4f735466cecf":"f.918672ED9AB3AB03A4F724C7637EDD7B.d.21D481840BD80573A1E6CE745A12ABEB.e.3227"},"getTokens",[]]}
RESULT: {"script":"<script> [6424 bytes]","args":[{"element-6066-11e4-a52e-4f735466cecf":"f.918672ED9AB3AB03A4F724C7637EDD7B.d.21D481840BD80573A1E6CE745A12ABEB.e.3227"},"getTokens",[]]}
COMMAND: POST /session/56f047ff2d8b79b5fb882765d60ddf9f/execute/async - {"script":"<script> [1562 bytes]","args":[{"wdio_ui5_key":"__token16","selector":{"id":"__token16"}}]}
RESULT: undefined
RESULT: {"script":"<script> [1562 bytes]","args":[{"wdio_ui5_key":"__token16","selector":{"id":"__token16"}}]}
RESULT: undefined
COMMAND: POST /session/56f047ff2d8b79b5fb882765d60ddf9f/execute/async - {"script":"<script> [1562 bytes]","args":[{"selector":{"controlType":"sap.m.Button","viewName":"etm.portal.ui.managerequests.view.Edit","properties":{"text":"Items (2)"},"interaction":{"idSuffix":"BDI-content"}},"wdio_ui5_key":"etmportal.ui.managerequests.view.Editsap.m.Button{\"text\":\"Items (2)\"}"}]}
RESULT: {"script":"<script> [1562 bytes]","args":[{"selector":{"controlType":"sap.m.Button","viewName":"etm.portal.ui.managerequests.view.Edit","properties":{"text":"Items (2)"},"interaction":{"idSuffix":"BDI-content"}},"wdio_ui5_key":"etmportal.ui.managerequests.view.Editsap.m.Button{\"text\":\"Items (2)\"}"}]}
RESULT: undefined
COMMAND: POST /session/56f047ff2d8b79b5fb882765d60ddf9f/element - {"using":"xpath","value":"//*[@id=\"__xmlview61--editRequestPage-anchBar-__xmlview61--requestItemsSection-anchor\"]"}
RESULT: {"using":"xpath","value":"//*[@id=\"__xmlview61--editRequestPage-anchBar-__xmlview61--requestItemsSection-anchor\"]"}
COMMAND: POST /session/56f047ff2d8b79b5fb882765d60ddf9f/element/f.918672ED9AB3AB03A4F724C7637EDD7B.d.21D481840BD80573A1E6CE745A12ABEB.e.3305/click - {}
RESULT: {}
COMMAND: GET /session/56f047ff2d8b79b5fb882765d60ddf9f/screenshot - {}
RESULT: {}
COMMAND: POST /session/56f047ff2d8b79b5fb882765d60ddf9f/execute/async - {"script":"<script> [1562 bytes]","args":[{"selector":{"controlType":"sap.ui.core.Icon","viewName":"etm.portal.ui.managerequests.view.Edit","properties":{"src":{"regex":{"source":"inspect"}}}},"wdio_ui5_key":"etmportal.ui.managerequests.view.Editsap.ui.core.Icon{\"src\":{\"regex\":{\"source\":\"inspect\"}}}"}]}
RESULT: {"script":"<script> [1562 bytes]","args":[{"selector":{"controlType":"sap.ui.core.Icon","viewName":"etm.portal.ui.managerequests.view.Edit","properties":{"src":{"regex":{"source":"inspect"}}}},"wdio_ui5_key":"etmportal.ui.managerequests.view.Editsap.ui.core.Icon{\"src\":{\"regex\":{\"source\":\"inspect\"}}}"}]}
RESULT: undefined
COMMAND: POST /session/56f047ff2d8b79b5fb882765d60ddf9f/element - {"using":"xpath","value":"//*[@id=\"__button153-img\"]"}
RESULT: {"using":"xpath","value":"//*[@id=\"__button153-img\"]"}
COMMAND: POST /session/56f047ff2d8b79b5fb882765d60ddf9f/element/f.918672ED9AB3AB03A4F724C7637EDD7B.d.21D481840BD80573A1E6CE745A12ABEB.e.3311/click - {}
RESULT: {}
COMMAND: GET /session/56f047ff2d8b79b5fb882765d60ddf9f/screenshot - {}
RESULT: {}
COMMAND: POST /session/56f047ff2d8b79b5fb882765d60ddf9f/execute/async - {"script":"<script> [1562 bytes]","args":[{"selector":{"controlType":"sap.m.Tokenizer","viewName":"etm.portal.ui.managerequests.view.Edit","bindingPath":{"path":"/RequestItems/0","propertyPath":"LINK_TO_TAGS","modelName":"RequestItemsModel"}},"wdio_ui5_key":"etmportal.ui.managerequests.view.Editsap.m.Tokenizer{\"path\":\"/RequestItems/0\",\"propertyPath\":\"LINK_TO_TAGS\",\"modelName\":\"RequestItemsModel\"}"}]}
RESULT: {"script":"<script> [1562 bytes]","args":[{"selector":{"controlType":"sap.m.Tokenizer","viewName":"etm.portal.ui.managerequests.view.Edit","bindingPath":{"path":"/RequestItems/0","propertyPath":"LINK_TO_TAGS","modelName":"RequestItemsModel"}},"wdio_ui5_key":"etmportal.ui.managerequests.view.Editsap.m.Tokenizer{\"path\":\"/RequestItems/0\",\"propertyPath\":\"LINK_TO_TAGS\",\"modelName\":\"RequestItemsModel\"}"}]}
RESULT: undefined
COMMAND: POST /session/56f047ff2d8b79b5fb882765d60ddf9f/element - {"using":"xpath","value":"//*[@id=\"__tokenizer66\"]"}
RESULT: {"using":"xpath","value":"//*[@id=\"__tokenizer66\"]"}
COMMAND: POST /session/56f047ff2d8b79b5fb882765d60ddf9f/element/f.918672ED9AB3AB03A4F724C7637EDD7B.d.21D481840BD80573A1E6CE745A12ABEB.e.3313/click - {}
RESULT: {}
COMMAND: GET /session/56f047ff2d8b79b5fb882765d60ddf9f/screenshot - {}
RESULT: {}
COMMAND: POST /session/56f047ff2d8b79b5fb882765d60ddf9f/execute/async - {"script":"<script> [1562 bytes]","args":[{"selector":{"controlType":"sap.ui.core.Icon","viewName":"etm.portal.ui.managerequests.view.Edit","properties":{"src":{"regex":{"source":"decline"}}},"searchOpenDialogs":true,"ancestor":{"controlType":"sap.m.StandardListItem","viewName":"etm.portal.ui.managerequests.view.Edit","properties":{"title":"tag-duplicate"},"searchOpenDialogs":true}},"wdio_ui5_key":"etmportal.ui.managerequests.view.Editsap.ui.core.Icon{\"src\":{\"regex\":{\"source\":\"decline\"}}}{\"controlType\":\"sap.m.StandardListItem\",\"viewName\":\"etm.portal.ui.managerequests.view.Edit\",\"properties\":{\"title\":\"tag-duplicate\"},\"searchOpenDialogs\":true}"}]}
RESULT: {"script":"<script> [1562 bytes]","args":[{"selector":{"controlType":"sap.ui.core.Icon","viewName":"etm.portal.ui.managerequests.view.Edit","properties":{"src":{"regex":{"source":"decline"}}},"searchOpenDialogs":true,"ancestor":{"controlType":"sap.m.StandardListItem","viewName":"etm.portal.ui.managerequests.view.Edit","properties":{"title":"tag-duplicate"},"searchOpenDialogs":true}},"wdio_ui5_key":"etmportal.ui.managerequests.view.Editsap.ui.core.Icon{\"src\":{\"regex\":{\"source\":\"decline\"}}}{\"controlType\":\"sap.m.StandardListItem\",\"viewName\":\"etm.portal.ui.managerequests.view.Edit\",\"properties\":{\"title\":\"tag-duplicate\"},\"searchOpenDialogs\":true}"}]}
RESULT: undefined
COMMAND: POST /session/56f047ff2d8b79b5fb882765d60ddf9f/element - {"using":"xpath","value":"//*[@id=\"__item1621-imgDel-img\"]"}
RESULT: {"using":"xpath","value":"//*[@id=\"__item1621-imgDel-img\"]"}
COMMAND: POST /session/56f047ff2d8b79b5fb882765d60ddf9f/element/f.918672ED9AB3AB03A4F724C7637EDD7B.d.21D481840BD80573A1E6CE745A12ABEB.e.3316/click - {}
RESULT: {}
COMMAND: GET /session/56f047ff2d8b79b5fb882765d60ddf9f/screenshot - {}
RESULT: {}
COMMAND: POST /session/56f047ff2d8b79b5fb882765d60ddf9f/actions - {"actions":[{"id":"action29","type":"key","parameters":{},"actions":[{"type":"keyDown","value":"î€Œ"},{"type":"pause","duration":10},{"type":"keyUp","value":"î€Œ"}]}]}
RESULT: {"actions":[{"id":"action29","type":"key","parameters":{},"actions":[{"type":"keyDown","value":"î€Œ"},{"type":"pause","duration":10},{"type":"keyUp","value":"î€Œ"}]}]}
COMMAND: POST /session/56f047ff2d8b79b5fb882765d60ddf9f/execute/async - {"script":"<script> [1562 bytes]","args":[{"selector":{"controlType":"sap.m.Tokenizer","viewName":"etm.portal.ui.managerequests.view.Edit","bindingPath":{"path":"/RequestItems/1","propertyPath":"LINK_TO_TAGS","modelName":"RequestItemsModel"}},"wdio_ui5_key":"etmportal.ui.managerequests.view.Editsap.m.Tokenizer{\"path\":\"/RequestItems/1\",\"propertyPath\":\"LINK_TO_TAGS\",\"modelName\":\"RequestItemsModel\"}"}]}
COMMAND: GET /session/56f047ff2d8b79b5fb882765d60ddf9f/screenshot - {}
RESULT: {"script":"<script> [1562 bytes]","args":[{"selector":{"controlType":"sap.m.Tokenizer","viewName":"etm.portal.ui.managerequests.view.Edit","bindingPath":{"path":"/RequestItems/1","propertyPath":"LINK_TO_TAGS","modelName":"RequestItemsModel"}},"wdio_ui5_key":"etmportal.ui.managerequests.view.Editsap.m.Tokenizer{\"path\":\"/RequestItems/1\",\"propertyPath\":\"LINK_TO_TAGS\",\"modelName\":\"RequestItemsModel\"}"}]}
RESULT: undefined
COMMAND: POST /session/56f047ff2d8b79b5fb882765d60ddf9f/element - {"using":"xpath","value":"//*[@id=\"__tokenizer67\"]"}
RESULT: {}
RESULT: {"using":"xpath","value":"//*[@id=\"__tokenizer67\"]"}
COMMAND: POST /session/56f047ff2d8b79b5fb882765d60ddf9f/element/f.918672ED9AB3AB03A4F724C7637EDD7B.d.21D481840BD80573A1E6CE745A12ABEB.e.3319/click - {}
RESULT: {}
COMMAND: GET /session/56f047ff2d8b79b5fb882765d60ddf9f/screenshot - {}
RESULT: {}
COMMAND: POST /session/56f047ff2d8b79b5fb882765d60ddf9f/execute/async - {"script":"<script> [1562 bytes]","args":[{"selector":{"controlType":"sap.ui.core.Icon","viewName":"etm.portal.ui.managerequests.view.Edit","properties":{"src":{"regex":{"source":"decline"}}},"searchOpenDialogs":true,"ancestor":{"controlType":"sap.m.StandardListItem","viewName":"etm.portal.ui.managerequests.view.Edit","properties":{"title":"tagRequest1"},"searchOpenDialogs":true}},"wdio_ui5_key":"etmportal.ui.managerequests.view.Editsap.ui.core.Icon{\"src\":{\"regex\":{\"source\":\"decline\"}}}{\"controlType\":\"sap.m.StandardListItem\",\"viewName\":\"etm.portal.ui.managerequests.view.Edit\",\"properties\":{\"title\":\"tagRequest1\"},\"searchOpenDialogs\":true}"}]}
RESULT: {"script":"<script> [1562 bytes]","args":[{"selector":{"controlType":"sap.ui.core.Icon","viewName":"etm.portal.ui.managerequests.view.Edit","properties":{"src":{"regex":{"source":"decline"}}},"searchOpenDialogs":true,"ancestor":{"controlType":"sap.m.StandardListItem","viewName":"etm.portal.ui.managerequests.view.Edit","properties":{"title":"tagRequest1"},"searchOpenDialogs":true}},"wdio_ui5_key":"etmportal.ui.managerequests.view.Editsap.ui.core.Icon{\"src\":{\"regex\":{\"source\":\"decline\"}}}{\"controlType\":\"sap.m.StandardListItem\",\"viewName\":\"etm.portal.ui.managerequests.view.Edit\",\"properties\":{\"title\":\"tagRequest1\"},\"searchOpenDialogs\":true}"}]}
RESULT: undefined
COMMAND: POST /session/56f047ff2d8b79b5fb882765d60ddf9f/element - {"using":"xpath","value":"//*[@id=\"__item1629-imgDel-img\"]"}
RESULT: {"using":"xpath","value":"//*[@id=\"__item1629-imgDel-img\"]"}
COMMAND: POST /session/56f047ff2d8b79b5fb882765d60ddf9f/element/f.918672ED9AB3AB03A4F724C7637EDD7B.d.21D481840BD80573A1E6CE745A12ABEB.e.3322/click - {}
RESULT: {}
COMMAND: GET /session/56f047ff2d8b79b5fb882765d60ddf9f/screenshot - {}
RESULT: {}
COMMAND: POST /session/56f047ff2d8b79b5fb882765d60ddf9f/execute/async - {"script":"<script> [1562 bytes]","args":[{"selector":{"controlType":"sap.ui.core.Icon","viewName":"etm.portal.ui.managerequests.view.Edit","properties":{"src":{"regex":{"source":"decline"}}},"searchOpenDialogs":true,"ancestor":{"controlType":"sap.m.StandardListItem","viewName":"etm.portal.ui.managerequests.view.Edit","properties":{"title":"RefTag"},"searchOpenDialogs":true}},"wdio_ui5_key":"etmportal.ui.managerequests.view.Editsap.ui.core.Icon{\"src\":{\"regex\":{\"source\":\"decline\"}}}{\"controlType\":\"sap.m.StandardListItem\",\"viewName\":\"etm.portal.ui.managerequests.view.Edit\",\"properties\":{\"title\":\"RefTag\"},\"searchOpenDialogs\":true}"}]}
RESULT: {"script":"<script> [1562 bytes]","args":[{"selector":{"controlType":"sap.ui.core.Icon","viewName":"etm.portal.ui.managerequests.view.Edit","properties":{"src":{"regex":{"source":"decline"}}},"searchOpenDialogs":true,"ancestor":{"controlType":"sap.m.StandardListItem","viewName":"etm.portal.ui.managerequests.view.Edit","properties":{"title":"RefTag"},"searchOpenDialogs":true}},"wdio_ui5_key":"etmportal.ui.managerequests.view.Editsap.ui.core.Icon{\"src\":{\"regex\":{\"source\":\"decline\"}}}{\"controlType\":\"sap.m.StandardListItem\",\"viewName\":\"etm.portal.ui.managerequests.view.Edit\",\"properties\":{\"title\":\"RefTag\"},\"searchOpenDialogs\":true}"}]}
RESULT: undefined
COMMAND: POST /session/56f047ff2d8b79b5fb882765d60ddf9f/element - {"using":"xpath","value":"//*[@id=\"__item1633-imgDel-img\"]"}
RESULT: {"using":"xpath","value":"//*[@id=\"__item1633-imgDel-img\"]"}
COMMAND: POST /session/56f047ff2d8b79b5fb882765d60ddf9f/element/f.918672ED9AB3AB03A4F724C7637EDD7B.d.21D481840BD80573A1E6CE745A12ABEB.e.3325/click - {}
RESULT: {}
COMMAND: GET /session/56f047ff2d8b79b5fb882765d60ddf9f/screenshot - {}
RESULT: {}
COMMAND: POST /session/56f047ff2d8b79b5fb882765d60ddf9f/execute/async - {"script":"<script> [1562 bytes]","args":[{"selector":{"controlType":"sap.ui.core.Icon","viewName":"etm.portal.ui.managerequests.view.Edit","properties":{"src":{"regex":{"source":"decline"}}},"searchOpenDialogs":true,"ancestor":{"controlType":"sap.m.StandardListItem","viewName":"etm.portal.ui.managerequests.view.Edit","properties":{"title":"tag-header"},"searchOpenDialogs":true}},"wdio_ui5_key":"etmportal.ui.managerequests.view.Editsap.ui.core.Icon{\"src\":{\"regex\":{\"source\":\"decline\"}}}{\"controlType\":\"sap.m.StandardListItem\",\"viewName\":\"etm.portal.ui.managerequests.view.Edit\",\"properties\":{\"title\":\"tag-header\"},\"searchOpenDialogs\":true}"}]}
RESULT: {"script":"<script> [1562 bytes]","args":[{"selector":{"controlType":"sap.ui.core.Icon","viewName":"etm.portal.ui.managerequests.view.Edit","properties":{"src":{"regex":{"source":"decline"}}},"searchOpenDialogs":true,"ancestor":{"controlType":"sap.m.StandardListItem","viewName":"etm.portal.ui.managerequests.view.Edit","properties":{"title":"tag-header"},"searchOpenDialogs":true}},"wdio_ui5_key":"etmportal.ui.managerequests.view.Editsap.ui.core.Icon{\"src\":{\"regex\":{\"source\":\"decline\"}}}{\"controlType\":\"sap.m.StandardListItem\",\"viewName\":\"etm.portal.ui.managerequests.view.Edit\",\"properties\":{\"title\":\"tag-header\"},\"searchOpenDialogs\":true}"}]}
RESULT: undefined
COMMAND: POST /session/56f047ff2d8b79b5fb882765d60ddf9f/element - {"using":"xpath","value":"//*[@id=\"__item1636-imgDel-img\"]"}
RESULT: {"using":"xpath","value":"//*[@id=\"__item1636-imgDel-img\"]"}
COMMAND: POST /session/56f047ff2d8b79b5fb882765d60ddf9f/element/f.918672ED9AB3AB03A4F724C7637EDD7B.d.21D481840BD80573A1E6CE745A12ABEB.e.3328/click - {}
RESULT: {}
COMMAND: GET /session/56f047ff2d8b79b5fb882765d60ddf9f/screenshot - {}
RESULT: {}
COMMAND: POST /session/56f047ff2d8b79b5fb882765d60ddf9f/actions - {"actions":[{"id":"action30","type":"key","parameters":{},"actions":[{"type":"keyDown","value":"î€ƒ"},{"type":"pause","duration":10},{"type":"keyUp","value":"î€ƒ"}]}]}
RESULT: {"actions":[{"id":"action30","type":"key","parameters":{},"actions":[{"type":"keyDown","value":"î€ƒ"},{"type":"pause","duration":10},{"type":"keyUp","value":"î€ƒ"}]}]}
COMMAND: POST /session/56f047ff2d8b79b5fb882765d60ddf9f/actions - {"actions":[{"id":"action31","type":"key","parameters":{},"actions":[{"type":"keyDown","value":"î€ƒ"},{"type":"pause","duration":10},{"type":"keyUp","value":"î€ƒ"}]}]}
COMMAND: GET /session/56f047ff2d8b79b5fb882765d60ddf9f/screenshot - {}
RESULT: {"actions":[{"id":"action31","type":"key","parameters":{},"actions":[{"type":"keyDown","value":"î€ƒ"},{"type":"pause","duration":10},{"type":"keyUp","value":"î€ƒ"}]}]}
COMMAND: GET /session/56f047ff2d8b79b5fb882765d60ddf9f/screenshot - {}
RESULT: {}
RESULT: {}
COMMAND: POST /session/56f047ff2d8b79b5fb882765d60ddf9f/execute/async - {"script":"<script> [1562 bytes]","args":[{"selector":{"controlType":"sap.m.Button","viewName":"etm.portal.ui.managerequests.view.Edit","i18NText":{"propertyName":"tooltip","key":"save"},"interaction":{"idSuffix":"BDI-content"}},"wdio_ui5_key":"etmportal.ui.managerequests.view.Editsap.m.Button{\"propertyName\":\"tooltip\",\"key\":\"save\"}"}]}
RESULT: {"script":"<script> [1562 bytes]","args":[{"selector":{"controlType":"sap.m.Button","viewName":"etm.portal.ui.managerequests.view.Edit","i18NText":{"propertyName":"tooltip","key":"save"},"interaction":{"idSuffix":"BDI-content"}},"wdio_ui5_key":"etmportal.ui.managerequests.view.Editsap.m.Button{\"propertyName\":\"tooltip\",\"key\":\"save\"}"}]}
RESULT: undefined
COMMAND: POST /session/56f047ff2d8b79b5fb882765d60ddf9f/element - {"using":"xpath","value":"//*[@id=\"__xmlview61--saveButtonId\"]"}
RESULT: {"using":"xpath","value":"//*[@id=\"__xmlview61--saveButtonId\"]"}
COMMAND: POST /session/56f047ff2d8b79b5fb882765d60ddf9f/element/f.918672ED9AB3AB03A4F724C7637EDD7B.d.21D481840BD80573A1E6CE745A12ABEB.e.3241/click - {}
RESULT: {}
COMMAND: GET /session/56f047ff2d8b79b5fb882765d60ddf9f/screenshot - {}
RESULT: {}
COMMAND: POST /session/56f047ff2d8b79b5fb882765d60ddf9f/execute/async - {"script":"<script> [1562 bytes]","args":[{"selector":{"id":"tagsLayoutViewMode","viewName":"etm.portal.ui.managerequests.view.Detail"},"wdio_ui5_key":"tagsLayoutViewModeetmportal.ui.managerequests.view.Detail"}]}
RESULT: {"script":"<script> [1562 bytes]","args":[{"selector":{"id":"tagsLayoutViewMode","viewName":"etm.portal.ui.managerequests.view.Detail"},"wdio_ui5_key":"tagsLayoutViewModeetmportal.ui.managerequests.view.Detail"}]}
RESULT: undefined
COMMAND: POST /session/56f047ff2d8b79b5fb882765d60ddf9f/execute/async - {"script":"<script> [6424 bytes]","args":[{"element-6066-11e4-a52e-4f735466cecf":"f.918672ED9AB3AB03A4F724C7637EDD7B.d.21D481840BD80573A1E6CE745A12ABEB.e.3472"},"getTokens",[]]}
RESULT: {"script":"<script> [6424 bytes]","args":[{"element-6066-11e4-a52e-4f735466cecf":"f.918672ED9AB3AB03A4F724C7637EDD7B.d.21D481840BD80573A1E6CE745A12ABEB.e.3472"},"getTokens",[]]}
COMMAND: POST /session/56f047ff2d8b79b5fb882765d60ddf9f/execute/async - {"script":"<script> [1562 bytes]","args":[{"wdio_ui5_key":"__token11-__xmlview60--tagsLayoutViewMode-1","selector":{"id":"__token11-__xmlview60--tagsLayoutViewMode-1"}}]}
COMMAND: POST /session/56f047ff2d8b79b5fb882765d60ddf9f/execute/async - {"script":"<script> [1562 bytes]","args":[{"wdio_ui5_key":"__token11-__xmlview60--tagsLayoutViewMode-0","selector":{"id":"__token11-__xmlview60--tagsLayoutViewMode-0"}}]}
RESULT: {"script":"<script> [1562 bytes]","args":[{"wdio_ui5_key":"__token11-__xmlview60--tagsLayoutViewMode-0","selector":{"id":"__token11-__xmlview60--tagsLayoutViewMode-0"}}]}
RESULT: undefined
RESULT: {"script":"<script> [1562 bytes]","args":[{"wdio_ui5_key":"__token11-__xmlview60--tagsLayoutViewMode-1","selector":{"id":"__token11-__xmlview60--tagsLayoutViewMode-1"}}]}
RESULT: undefined
COMMAND: POST /session/56f047ff2d8b79b5fb882765d60ddf9f/execute/async - {"script":"<script> [1562 bytes]","args":[{"selector":{"controlType":"sap.m.OverflowToolbarButton","viewName":"etm.portal.ui.managerequests.view.Detail","properties":{"text":"Settings"},"interaction":{"idSuffix":"inner"}},"wdio_ui5_key":"etmportal.ui.managerequests.view.Detailsap.m.OverflowToolbarButton{\"text\":\"Settings\"}"}]}
RESULT: {"script":"<script> [1562 bytes]","args":[{"selector":{"controlType":"sap.m.OverflowToolbarButton","viewName":"etm.portal.ui.managerequests.view.Detail","properties":{"text":"Settings"},"interaction":{"idSuffix":"inner"}},"wdio_ui5_key":"etmportal.ui.managerequests.view.Detailsap.m.OverflowToolbarButton{\"text\":\"Settings\"}"}]}
RESULT: undefined
COMMAND: POST /session/56f047ff2d8b79b5fb882765d60ddf9f/element - {"using":"xpath","value":"//*[@id=\"__xmlview60--smartTableRequestItems-btnPersonalisation\"]"}
RESULT: {"using":"xpath","value":"//*[@id=\"__xmlview60--smartTableRequestItems-btnPersonalisation\"]"}
COMMAND: POST /session/56f047ff2d8b79b5fb882765d60ddf9f/element/f.918672ED9AB3AB03A4F724C7637EDD7B.d.21D481840BD80573A1E6CE745A12ABEB.e.3476/click - {}
RESULT: {}
COMMAND: POST /session/56f047ff2d8b79b5fb882765d60ddf9f/execute/async - {"script":"<script> [1562 bytes]","args":[{"selector":{"controlType":"sap.m.SearchField","viewName":"etm.portal.ui.managerequests.view.Detail","searchOpenDialogs":true,"interaction":{"idSuffix":"I"}},"wdio_ui5_key":"etmportal.ui.managerequests.view.Detailsap.m.SearchField"}]}
COMMAND: GET /session/56f047ff2d8b79b5fb882765d60ddf9f/screenshot - {}
RESULT: {"script":"<script> [1562 bytes]","args":[{"selector":{"controlType":"sap.m.SearchField","viewName":"etm.portal.ui.managerequests.view.Detail","searchOpenDialogs":true,"interaction":{"idSuffix":"I"}},"wdio_ui5_key":"etmportal.ui.managerequests.view.Detailsap.m.SearchField"}]}
RESULT: undefined
COMMAND: POST /session/56f047ff2d8b79b5fb882765d60ddf9f/execute/async - {"script":"<script> [776 bytes]","args":[{"enterText":"tag","selector":{"controlType":"sap.m.SearchField","viewName":"etm.portal.ui.managerequests.view.Detail","searchOpenDialogs":true,"interaction":{"idSuffix":"I"}},"clearTextFirst":true,"interactionType":"ENTER_TEXT"}]}
RESULT: {}
RESULT: {"script":"<script> [776 bytes]","args":[{"enterText":"tag","selector":{"controlType":"sap.m.SearchField","viewName":"etm.portal.ui.managerequests.view.Detail","searchOpenDialogs":true,"interaction":{"idSuffix":"I"}},"clearTextFirst":true,"interactionType":"ENTER_TEXT"}]}
COMMAND: POST /session/56f047ff2d8b79b5fb882765d60ddf9f/element - {"using":"xpath","value":"//div[contains(@id ,\"innerSelectionPanelTable-0-selectMulti-CbBg\")]"}
RESULT: {"using":"xpath","value":"//div[contains(@id ,\"innerSelectionPanelTable-0-selectMulti-CbBg\")]"}
COMMAND: POST /session/56f047ff2d8b79b5fb882765d60ddf9f/element/f.918672ED9AB3AB03A4F724C7637EDD7B.d.21D481840BD80573A1E6CE745A12ABEB.e.3512/click - {}
RESULT: {}
COMMAND: POST /session/56f047ff2d8b79b5fb882765d60ddf9f/execute/async - {"script":"<script> [1562 bytes]","args":[{"selector":{"controlType":"sap.m.Button","viewName":"etm.portal.ui.managerequests.view.Detail","properties":{"text":"OK"},"searchOpenDialogs":true,"interaction":{"idSuffix":"BDI-content"}},"wdio_ui5_key":"etmportal.ui.managerequests.view.Detailsap.m.Button{\"text\":\"OK\"}"}]}
COMMAND: GET /session/56f047ff2d8b79b5fb882765d60ddf9f/screenshot - {}
RESULT: {"script":"<script> [1562 bytes]","args":[{"selector":{"controlType":"sap.m.Button","viewName":"etm.portal.ui.managerequests.view.Detail","properties":{"text":"OK"},"searchOpenDialogs":true,"interaction":{"idSuffix":"BDI-content"}},"wdio_ui5_key":"etmportal.ui.managerequests.view.Detailsap.m.Button{\"text\":\"OK\"}"}]}
RESULT: undefined
COMMAND: POST /session/56f047ff2d8b79b5fb882765d60ddf9f/element - {"using":"xpath","value":"//*[@id=\"__popup368-confirmBtn\"]"}
RESULT: {}
RESULT: {"using":"xpath","value":"//*[@id=\"__popup368-confirmBtn\"]"}
COMMAND: POST /session/56f047ff2d8b79b5fb882765d60ddf9f/element/f.918672ED9AB3AB03A4F724C7637EDD7B.d.21D481840BD80573A1E6CE745A12ABEB.e.3517/click - {}
RESULT: {}
COMMAND: GET /session/56f047ff2d8b79b5fb882765d60ddf9f/screenshot - {}
RESULT: {}
COMMAND: POST /session/56f047ff2d8b79b5fb882765d60ddf9f/execute/async - {"script":"<script> [1562 bytes]","args":[{"selector":{"controlType":"sap.m.Text","viewName":"etm.portal.ui.managerequests.view.Detail","bindingPath":{"propertyPath":"NO","modelName":"catalogModel"}},"wdio_ui5_key":"etmportal.ui.managerequests.view.Detailsap.m.Text{\"propertyPath\":\"NO\",\"modelName\":\"catalogModel\"}"}]}
RESULT: {"script":"<script> [1562 bytes]","args":[{"selector":{"controlType":"sap.m.Text","viewName":"etm.portal.ui.managerequests.view.Detail","bindingPath":{"propertyPath":"NO","modelName":"catalogModel"}},"wdio_ui5_key":"etmportal.ui.managerequests.view.Detailsap.m.Text{\"propertyPath\":\"NO\",\"modelName\":\"catalogModel\"}"}]}
RESULT: undefined
COMMAND: POST /session/56f047ff2d8b79b5fb882765d60ddf9f/execute/async - {"script":"<script> [6424 bytes]","args":[{"element-6066-11e4-a52e-4f735466cecf":"f.918672ED9AB3AB03A4F724C7637EDD7B.d.21D481840BD80573A1E6CE745A12ABEB.e.3541"},"getText",[]]}
RESULT: {"script":"<script> [6424 bytes]","args":[{"element-6066-11e4-a52e-4f735466cecf":"f.918672ED9AB3AB03A4F724C7637EDD7B.d.21D481840BD80573A1E6CE745A12ABEB.e.3541"},"getText",[]]}
COMMAND: POST /session/56f047ff2d8b79b5fb882765d60ddf9f/execute/async - {"script":"<script> [1562 bytes]","args":[{"selector":{"controlType":"sap.m.Tokenizer","viewName":"etm.portal.ui.managerequests.view.Detail","bindingPath":{"path":"/SmartRequestItemsPlanningBoard(ITEM=10m,REQUEST='20096')","propertyPath":"LINK_TO_TAGS"}},"wdio_ui5_key":"etmportal.ui.managerequests.view.Detailsap.m.Tokenizer{\"path\":\"/SmartRequestItemsPlanningBoard(ITEM=10m,REQUEST='20096')\",\"propertyPath\":\"LINK_TO_TAGS\"}"}]}
RESULT: {"script":"<script> [1562 bytes]","args":[{"selector":{"controlType":"sap.m.Tokenizer","viewName":"etm.portal.ui.managerequests.view.Detail","bindingPath":{"path":"/SmartRequestItemsPlanningBoard(ITEM=10m,REQUEST='20096')","propertyPath":"LINK_TO_TAGS"}},"wdio_ui5_key":"etmportal.ui.managerequests.view.Detailsap.m.Tokenizer{\"path\":\"/SmartRequestItemsPlanningBoard(ITEM=10m,REQUEST='20096')\",\"propertyPath\":\"LINK_TO_TAGS\"}"}]}
RESULT: undefined
COMMAND: POST /session/56f047ff2d8b79b5fb882765d60ddf9f/execute/async - {"script":"<script> [6424 bytes]","args":[{"element-6066-11e4-a52e-4f735466cecf":"f.918672ED9AB3AB03A4F724C7637EDD7B.d.21D481840BD80573A1E6CE745A12ABEB.e.3542"},"getTokens",[]]}
RESULT: {"script":"<script> [6424 bytes]","args":[{"element-6066-11e4-a52e-4f735466cecf":"f.918672ED9AB3AB03A4F724C7637EDD7B.d.21D481840BD80573A1E6CE745A12ABEB.e.3542"},"getTokens",[]]}
COMMAND: POST /session/56f047ff2d8b79b5fb882765d60ddf9f/execute/async - {"script":"<script> [1562 bytes]","args":[{"wdio_ui5_key":"__token12-__tokenizer63-__clone4623-1","selector":{"id":"__token12-__tokenizer63-__clone4623-1"}}]}
COMMAND: POST /session/56f047ff2d8b79b5fb882765d60ddf9f/execute/async - {"script":"<script> [1562 bytes]","args":[{"wdio_ui5_key":"__token12-__tokenizer63-__clone4623-2","selector":{"id":"__token12-__tokenizer63-__clone4623-2"}}]}
COMMAND: POST /session/56f047ff2d8b79b5fb882765d60ddf9f/execute/async - {"script":"<script> [1562 bytes]","args":[{"wdio_ui5_key":"__token12-__tokenizer63-__clone4623-0","selector":{"id":"__token12-__tokenizer63-__clone4623-0"}}]}
RESULT: {"script":"<script> [1562 bytes]","args":[{"wdio_ui5_key":"__token12-__tokenizer63-__clone4623-0","selector":{"id":"__token12-__tokenizer63-__clone4623-0"}}]}
RESULT: undefined
RESULT: {"script":"<script> [1562 bytes]","args":[{"wdio_ui5_key":"__token12-__tokenizer63-__clone4623-2","selector":{"id":"__token12-__tokenizer63-__clone4623-2"}}]}
RESULT: undefined
RESULT: {"script":"<script> [1562 bytes]","args":[{"wdio_ui5_key":"__token12-__tokenizer63-__clone4623-1","selector":{"id":"__token12-__tokenizer63-__clone4623-1"}}]}
RESULT: undefined
COMMAND: POST /session/56f047ff2d8b79b5fb882765d60ddf9f/element - {"using":"xpath","value":"(//span[contains(text(), \"tag-header\")])[2]"}
RESULT: {"using":"xpath","value":"(//span[contains(text(), \"tag-header\")])[2]"}
COMMAND: POST /session/56f047ff2d8b79b5fb882765d60ddf9f/elements - {"using":"xpath","value":"(//span[contains(text(), \"tag-header\")])[2]"}
RESULT: {"using":"xpath","value":"(//span[contains(text(), \"tag-header\")])[2]"}
COMMAND: POST /session/56f047ff2d8b79b5fb882765d60ddf9f/execute/async - {"script":"<script> [1562 bytes]","args":[{"selector":{"controlType":"sap.m.Tokenizer","viewName":"etm.portal.ui.managerequests.view.Detail","bindingPath":{"path":"/SmartRequestItemsPlanningBoard(ITEM=20m,REQUEST='20096')","propertyPath":"LINK_TO_TAGS"}},"wdio_ui5_key":"etmportal.ui.managerequests.view.Detailsap.m.Tokenizer{\"path\":\"/SmartRequestItemsPlanningBoard(ITEM=20m,REQUEST='20096')\",\"propertyPath\":\"LINK_TO_TAGS\"}"}]}
RESULT: {"script":"<script> [1562 bytes]","args":[{"selector":{"controlType":"sap.m.Tokenizer","viewName":"etm.portal.ui.managerequests.view.Detail","bindingPath":{"path":"/SmartRequestItemsPlanningBoard(ITEM=20m,REQUEST='20096')","propertyPath":"LINK_TO_TAGS"}},"wdio_ui5_key":"etmportal.ui.managerequests.view.Detailsap.m.Tokenizer{\"path\":\"/SmartRequestItemsPlanningBoard(ITEM=20m,REQUEST='20096')\",\"propertyPath\":\"LINK_TO_TAGS\"}"}]}
RESULT: undefined
COMMAND: POST /session/56f047ff2d8b79b5fb882765d60ddf9f/execute/async - {"script":"<script> [6424 bytes]","args":[{"element-6066-11e4-a52e-4f735466cecf":"f.918672ED9AB3AB03A4F724C7637EDD7B.d.21D481840BD80573A1E6CE745A12ABEB.e.3547"},"getTokens",[]]}
RESULT: {"script":"<script> [6424 bytes]","args":[{"element-6066-11e4-a52e-4f735466cecf":"f.918672ED9AB3AB03A4F724C7637EDD7B.d.21D481840BD80573A1E6CE745A12ABEB.e.3547"},"getTokens",[]]}
COMMAND: POST /session/56f047ff2d8b79b5fb882765d60ddf9f/element - {"using":"css selector","value":"#shell-header-logo"}
RESULT: {"using":"css selector","value":"#shell-header-logo"}
COMMAND: POST /session/56f047ff2d8b79b5fb882765d60ddf9f/element/f.918672ED9AB3AB03A4F724C7637EDD7B.d.21D481840BD80573A1E6CE745A12ABEB.e.2534/click - {}
RESULT: {}
COMMAND: GET /session/56f047ff2d8b79b5fb882765d60ddf9f/screenshot - {}
RESULT: {}
]]></system-out>
    </testcase>
  </testsuite>
  <testsuite timestamp="2025-05-14T15:55:51" time="599.379" tests="4" failures="0" errors="0" skipped="0">
    <properties>
      <property name="specId" value="0" />
      <property name="suiteName" value="Manage request + Contract processing pick up option US120163 " />
      <property name="capabilities" value="chrome.136_0_7103_49.windows" />
      <property name="file" value="file:///D:/a/1/s/test/specs/R2C/create-request-Pickup.spec.js" />
    </properties>
    <testcase classname="chrome.136_0_7103_49.windows.Manage_request_+_Contract_processing_pick_up_option_US120163_" name="Should create a new contract" time="72.102">
      <system-out><![CDATA[
COMMAND: POST /session/56f047ff2d8b79b5fb882765d60ddf9f/execute/async - {"script":"<script> [1562 bytes]","args":[{"selector":{"controlType":"sap.m.Text","viewName":"etm.portal.ui.managecontractstile.view.Master","properties":{"text":"Manage Contracts"},"interaction":{"idSuffix":"inner"}},"wdio_ui5_key":"etmportal.ui.managecontractstile.view.Mastersap.m.Text{\"text\":\"Manage Contracts\"}"}]}
RESULT: {"script":"<script> [1562 bytes]","args":[{"selector":{"controlType":"sap.m.Text","viewName":"etm.portal.ui.managecontractstile.view.Master","properties":{"text":"Manage Contracts"},"interaction":{"idSuffix":"inner"}},"wdio_ui5_key":"etmportal.ui.managecontractstile.view.Mastersap.m.Text{\"text\":\"Manage Contracts\"}"}]}
RESULT: undefined
COMMAND: POST /session/56f047ff2d8b79b5fb882765d60ddf9f/element - {"using":"xpath","value":"//*[@id=\"__tile132-title\"]"}
RESULT: {"using":"xpath","value":"//*[@id=\"__tile132-title\"]"}
COMMAND: POST /session/56f047ff2d8b79b5fb882765d60ddf9f/element/f.918672ED9AB3AB03A4F724C7637EDD7B.d.21D481840BD80573A1E6CE745A12ABEB.e.3551/click - {}
RESULT: {}
COMMAND: GET /session/56f047ff2d8b79b5fb882765d60ddf9f/screenshot - {}
RESULT: {}
COMMAND: POST /session/56f047ff2d8b79b5fb882765d60ddf9f/execute/async - {"script":"<script> [1562 bytes]","args":[{"selector":{"controlType":"sap.ui.core.Icon","viewName":"etm.portal.ui.managecontracts.view.Master","properties":{"src":{"regex":{"source":"add"}}}},"wdio_ui5_key":"etmportal.ui.managecontracts.view.Mastersap.ui.core.Icon{\"src\":{\"regex\":{\"source\":\"add\"}}}"}]}
RESULT: {"script":"<script> [1562 bytes]","args":[{"selector":{"controlType":"sap.ui.core.Icon","viewName":"etm.portal.ui.managecontracts.view.Master","properties":{"src":{"regex":{"source":"add"}}}},"wdio_ui5_key":"etmportal.ui.managecontracts.view.Mastersap.ui.core.Icon{\"src\":{\"regex\":{\"source\":\"add\"}}}"}]}
RESULT: undefined
COMMAND: POST /session/56f047ff2d8b79b5fb882765d60ddf9f/element - {"using":"xpath","value":"//*[@id=\"__button173-img\"]"}
RESULT: {"using":"xpath","value":"//*[@id=\"__button173-img\"]"}
COMMAND: POST /session/56f047ff2d8b79b5fb882765d60ddf9f/element/f.918672ED9AB3AB03A4F724C7637EDD7B.d.21D481840BD80573A1E6CE745A12ABEB.e.3606/click - {}
RESULT: {}
COMMAND: POST /session/56f047ff2d8b79b5fb882765d60ddf9f/execute/async - {"script":"<script> [1562 bytes]","args":[{"selector":{"id":"application-managecontracts-display-component---AddNewContract--projectDescription","interaction":{"idSuffix":"inner"}},"wdio_ui5_key":"applicationmanagecontracts-display-component---AddNewContract--projectDescription"}]}
COMMAND: GET /session/56f047ff2d8b79b5fb882765d60ddf9f/screenshot - {}
RESULT: {"script":"<script> [1562 bytes]","args":[{"selector":{"id":"application-managecontracts-display-component---AddNewContract--projectDescription","interaction":{"idSuffix":"inner"}},"wdio_ui5_key":"applicationmanagecontracts-display-component---AddNewContract--projectDescription"}]}
RESULT: undefined
COMMAND: POST /session/56f047ff2d8b79b5fb882765d60ddf9f/execute/async - {"script":"<script> [776 bytes]","args":[{"enterText":"PickupContractm9lm1","selector":{"id":"application-managecontracts-display-component---AddNewContract--projectDescription","interaction":{"idSuffix":"inner"}},"clearTextFirst":true,"interactionType":"ENTER_TEXT"}]}
RESULT: {}
RESULT: {"script":"<script> [776 bytes]","args":[{"enterText":"PickupContractm9lm1","selector":{"id":"application-managecontracts-display-component---AddNewContract--projectDescription","interaction":{"idSuffix":"inner"}},"clearTextFirst":true,"interactionType":"ENTER_TEXT"}]}
COMMAND: POST /session/56f047ff2d8b79b5fb882765d60ddf9f/element - {"using":"xpath","value":"//input[contains(@id ,\"application-managecontracts-display-component---AddNewContract--yardId-inner\")]"}
RESULT: {"using":"xpath","value":"//input[contains(@id ,\"application-managecontracts-display-component---AddNewContract--yardId-inner\")]"}
COMMAND: POST /session/56f047ff2d8b79b5fb882765d60ddf9f/element/f.918672ED9AB3AB03A4F724C7637EDD7B.d.21D481840BD80573A1E6CE745A12ABEB.e.3908/value - {"text":"WebdriverYardg9f4e"}
RESULT: {"text":"WebdriverYardg9f4e"}
COMMAND: GET /session/56f047ff2d8b79b5fb882765d60ddf9f/screenshot - {}
RESULT: {}
COMMAND: POST /session/56f047ff2d8b79b5fb882765d60ddf9f/actions - {"actions":[{"id":"action32","type":"key","parameters":{},"actions":[{"type":"keyDown","value":"î€‡"},{"type":"pause","duration":10},{"type":"keyUp","value":"î€‡"}]}]}
RESULT: {"actions":[{"id":"action32","type":"key","parameters":{},"actions":[{"type":"keyDown","value":"î€‡"},{"type":"pause","duration":10},{"type":"keyUp","value":"î€‡"}]}]}
COMMAND: GET /session/56f047ff2d8b79b5fb882765d60ddf9f/screenshot - {}
RESULT: {}
COMMAND: POST /session/56f047ff2d8b79b5fb882765d60ddf9f/element - {"using":"xpath","value":"//input[contains(@id ,\"application-managecontracts-display-component---AddNewContract--customerSelect-inner\")]"}
RESULT: {"using":"xpath","value":"//input[contains(@id ,\"application-managecontracts-display-component---AddNewContract--customerSelect-inner\")]"}
COMMAND: POST /session/56f047ff2d8b79b5fb882765d60ddf9f/element/f.918672ED9AB3AB03A4F724C7637EDD7B.d.21D481840BD80573A1E6CE745A12ABEB.e.3906/value - {"text":"WebdriverPartnerssnkw"}
RESULT: {"text":"WebdriverPartnerssnkw"}
COMMAND: GET /session/56f047ff2d8b79b5fb882765d60ddf9f/screenshot - {}
RESULT: {}
COMMAND: POST /session/56f047ff2d8b79b5fb882765d60ddf9f/actions - {"actions":[{"id":"action33","type":"key","parameters":{},"actions":[{"type":"keyDown","value":"î€‡"},{"type":"pause","duration":10},{"type":"keyUp","value":"î€‡"}]}]}
RESULT: {"actions":[{"id":"action33","type":"key","parameters":{},"actions":[{"type":"keyDown","value":"î€‡"},{"type":"pause","duration":10},{"type":"keyUp","value":"î€‡"}]}]}
COMMAND: GET /session/56f047ff2d8b79b5fb882765d60ddf9f/screenshot - {}
RESULT: {}
COMMAND: POST /session/56f047ff2d8b79b5fb882765d60ddf9f/element - {"using":"xpath","value":"//input[contains(@id ,\"application-managecontracts-display-component---AddNewContract--site-inner\")]"}
RESULT: {"using":"xpath","value":"//input[contains(@id ,\"application-managecontracts-display-component---AddNewContract--site-inner\")]"}
COMMAND: POST /session/56f047ff2d8b79b5fb882765d60ddf9f/element/f.918672ED9AB3AB03A4F724C7637EDD7B.d.21D481840BD80573A1E6CE745A12ABEB.e.3907/value - {"text":"WebdriverSiterw9ze"}
RESULT: {"text":"WebdriverSiterw9ze"}
COMMAND: GET /session/56f047ff2d8b79b5fb882765d60ddf9f/screenshot - {}
RESULT: {}
COMMAND: POST /session/56f047ff2d8b79b5fb882765d60ddf9f/actions - {"actions":[{"id":"action34","type":"key","parameters":{},"actions":[{"type":"keyDown","value":"î€‡"},{"type":"pause","duration":10},{"type":"keyUp","value":"î€‡"}]}]}
RESULT: {"actions":[{"id":"action34","type":"key","parameters":{},"actions":[{"type":"keyDown","value":"î€‡"},{"type":"pause","duration":10},{"type":"keyUp","value":"î€‡"}]}]}
COMMAND: GET /session/56f047ff2d8b79b5fb882765d60ddf9f/screenshot - {}
RESULT: {}
COMMAND: POST /session/56f047ff2d8b79b5fb882765d60ddf9f/execute/async - {"script":"<script> [1562 bytes]","args":[{"selector":{"id":"application-managecontracts-display-component---AddNewContract--saveBtn","interaction":{"idSuffix":"BDI-content"}},"wdio_ui5_key":"applicationmanagecontracts-display-component---AddNewContract--saveBtn"}]}
RESULT: {"script":"<script> [1562 bytes]","args":[{"selector":{"id":"application-managecontracts-display-component---AddNewContract--saveBtn","interaction":{"idSuffix":"BDI-content"}},"wdio_ui5_key":"applicationmanagecontracts-display-component---AddNewContract--saveBtn"}]}
RESULT: undefined
COMMAND: POST /session/56f047ff2d8b79b5fb882765d60ddf9f/element - {"using":"xpath","value":"//*[@id=\"application-managecontracts-display-component---AddNewContract--saveBtn\"]"}
RESULT: {"using":"xpath","value":"//*[@id=\"application-managecontracts-display-component---AddNewContract--saveBtn\"]"}
COMMAND: POST /session/56f047ff2d8b79b5fb882765d60ddf9f/element/f.918672ED9AB3AB03A4F724C7637EDD7B.d.21D481840BD80573A1E6CE745A12ABEB.e.3938/click - {}
RESULT: {}
COMMAND: GET /session/56f047ff2d8b79b5fb882765d60ddf9f/screenshot - {}
RESULT: {}
COMMAND: POST /session/56f047ff2d8b79b5fb882765d60ddf9f/element - {"using":"xpath","value":"//span[contains(@id ,\"contractDetailTitleNoExpanded\")]"}
RESULT: {"using":"xpath","value":"//span[contains(@id ,\"contractDetailTitleNoExpanded\")]"}
COMMAND: GET /session/56f047ff2d8b79b5fb882765d60ddf9f/element/f.918672ED9AB3AB03A4F724C7637EDD7B.d.21D481840BD80573A1E6CE745A12ABEB.e.4009/text - {}
RESULT: {}
COMMAND: POST /session/56f047ff2d8b79b5fb882765d60ddf9f/element - {"using":"css selector","value":"#shell-header-logo"}
RESULT: {"using":"css selector","value":"#shell-header-logo"}
COMMAND: POST /session/56f047ff2d8b79b5fb882765d60ddf9f/element/f.918672ED9AB3AB03A4F724C7637EDD7B.d.21D481840BD80573A1E6CE745A12ABEB.e.3553/click - {}
RESULT: {}
COMMAND: GET /session/56f047ff2d8b79b5fb882765d60ddf9f/screenshot - {}
RESULT: {}
]]></system-out>
    </testcase>
    <testcase classname="chrome.136_0_7103_49.windows.Manage_request_+_Contract_processing_pick_up_option_US120163_" name="Should create a new material" time="151.226">
      <system-out><![CDATA[
COMMAND: POST /session/56f047ff2d8b79b5fb882765d60ddf9f/execute/async - {"script":"<script> [1562 bytes]","args":[{"selector":{"controlType":"sap.m.GenericTile","properties":{"header":"Manage Resources"}},"wdio_ui5_key":"sapm.GenericTile{\"header\":\"Manage Resources\"}"}]}
RESULT: {"script":"<script> [1562 bytes]","args":[{"selector":{"controlType":"sap.m.GenericTile","properties":{"header":"Manage Resources"}},"wdio_ui5_key":"sapm.GenericTile{\"header\":\"Manage Resources\"}"}]}
RESULT: undefined
COMMAND: POST /session/56f047ff2d8b79b5fb882765d60ddf9f/element - {"using":"xpath","value":"//*[@id=\"__tile39\"]"}
RESULT: {"using":"xpath","value":"//*[@id=\"__tile39\"]"}
COMMAND: POST /session/56f047ff2d8b79b5fb882765d60ddf9f/element/f.918672ED9AB3AB03A4F724C7637EDD7B.d.21D481840BD80573A1E6CE745A12ABEB.e.4013/click - {}
RESULT: {}
COMMAND: GET /session/56f047ff2d8b79b5fb882765d60ddf9f/screenshot - {}
RESULT: {}
COMMAND: POST /session/56f047ff2d8b79b5fb882765d60ddf9f/elements - {"using":"xpath","value":"//span[text()='Error']"}
RESULT: {"using":"xpath","value":"//span[text()='Error']"}
COMMAND: POST /session/56f047ff2d8b79b5fb882765d60ddf9f/element - {"using":"xpath","value":"//button[@data-kt=\"addNewRUOverflowToolbarButton\"]"}
RESULT: {"using":"xpath","value":"//button[@data-kt=\"addNewRUOverflowToolbarButton\"]"}
COMMAND: POST /session/56f047ff2d8b79b5fb882765d60ddf9f/execute/sync - {"script":"<script> [8489 bytes]","args":[{"element-6066-11e4-a52e-4f735466cecf":"f.918672ED9AB3AB03A4F724C7637EDD7B.d.21D481840BD80573A1E6CE745A12ABEB.e.4055","ELEMENT":"f.918672ED9AB3AB03A4F724C7637EDD7B.d.21D481840BD80573A1E6CE745A12ABEB.e.4055"}]}
RESULT: {"script":"<script> [8489 bytes]","args":[{"element-6066-11e4-a52e-4f735466cecf":"f.918672ED9AB3AB03A4F724C7637EDD7B.d.21D481840BD80573A1E6CE745A12ABEB.e.4055","ELEMENT":"f.918672ED9AB3AB03A4F724C7637EDD7B.d.21D481840BD80573A1E6CE745A12ABEB.e.4055"}]}
COMMAND: POST /session/56f047ff2d8b79b5fb882765d60ddf9f/element/f.918672ED9AB3AB03A4F724C7637EDD7B.d.21D481840BD80573A1E6CE745A12ABEB.e.4055/click - {}
COMMAND: GET /session/56f047ff2d8b79b5fb882765d60ddf9f/screenshot - {}
RESULT: {}
COMMAND: POST /session/56f047ff2d8b79b5fb882765d60ddf9f/execute/async - {"script":"<script> [1562 bytes]","args":[{"selector":{"id":"application-manageresources-display-component---newResourceUnit--TYPE-arrow"},"wdio_ui5_key":"applicationmanageresources-display-component---newResourceUnit--TYPE-arrow"}]}
COMMAND: GET /session/56f047ff2d8b79b5fb882765d60ddf9f/screenshot - {}
RESULT: {}
RESULT: {"script":"<script> [1562 bytes]","args":[{"selector":{"id":"application-manageresources-display-component---newResourceUnit--TYPE-arrow"},"wdio_ui5_key":"applicationmanageresources-display-component---newResourceUnit--TYPE-arrow"}]}
RESULT: undefined
COMMAND: POST /session/56f047ff2d8b79b5fb882765d60ddf9f/element - {"using":"xpath","value":"//*[@id=\"application-manageresources-display-component---newResourceUnit--TYPE-arrow\"]"}
RESULT: {}
RESULT: {"using":"xpath","value":"//*[@id=\"application-manageresources-display-component---newResourceUnit--TYPE-arrow\"]"}
COMMAND: POST /session/56f047ff2d8b79b5fb882765d60ddf9f/element/f.918672ED9AB3AB03A4F724C7637EDD7B.d.21D481840BD80573A1E6CE745A12ABEB.e.4371/click - {}
RESULT: {}
COMMAND: POST /session/56f047ff2d8b79b5fb882765d60ddf9f/execute/async - {"script":"<script> [1562 bytes]","args":[{"selector":{"controlType":"sap.m.StandardListItem","viewName":"reusables.view.manageresources.NewResourceUnit","viewId":"application-manageresources-display-component---newResourceUnit","properties":{"title":"Material"},"searchOpenDialogs":true,"interaction":{"idSuffix":"titleText"}},"wdio_ui5_key":"reusablesview.manageresources.NewResourceUnitsap.m.StandardListItem{\"title\":\"Material\"}"}]}
COMMAND: GET /session/56f047ff2d8b79b5fb882765d60ddf9f/screenshot - {}
RESULT: {"script":"<script> [1562 bytes]","args":[{"selector":{"controlType":"sap.m.StandardListItem","viewName":"reusables.view.manageresources.NewResourceUnit","viewId":"application-manageresources-display-component---newResourceUnit","properties":{"title":"Material"},"searchOpenDialogs":true,"interaction":{"idSuffix":"titleText"}},"wdio_ui5_key":"reusablesview.manageresources.NewResourceUnitsap.m.StandardListItem{\"title\":\"Material\"}"}]}
RESULT: undefined
COMMAND: POST /session/56f047ff2d8b79b5fb882765d60ddf9f/element - {"using":"xpath","value":"//*[@id=\"__item2696\"]"}
RESULT: {}
RESULT: {"using":"xpath","value":"//*[@id=\"__item2696\"]"}
COMMAND: POST /session/56f047ff2d8b79b5fb882765d60ddf9f/element/f.918672ED9AB3AB03A4F724C7637EDD7B.d.21D481840BD80573A1E6CE745A12ABEB.e.4374/click - {}
RESULT: {}
COMMAND: POST /session/56f047ff2d8b79b5fb882765d60ddf9f/execute/async - {"script":"<script> [1562 bytes]","args":[{"selector":{"id":"application-manageresources-display-component---newResourceUnit--SHORT_TEXT","interaction":{"idSuffix":"inner"}},"wdio_ui5_key":"applicationmanageresources-display-component---newResourceUnit--SHORT_TEXT"}]}
COMMAND: GET /session/56f047ff2d8b79b5fb882765d60ddf9f/screenshot - {}
RESULT: {"script":"<script> [1562 bytes]","args":[{"selector":{"id":"application-manageresources-display-component---newResourceUnit--SHORT_TEXT","interaction":{"idSuffix":"inner"}},"wdio_ui5_key":"applicationmanageresources-display-component---newResourceUnit--SHORT_TEXT"}]}
RESULT: undefined
COMMAND: POST /session/56f047ff2d8b79b5fb882765d60ddf9f/execute/async - {"script":"<script> [776 bytes]","args":[{"enterText":"WebdriverRUR2C27h29","selector":{"id":"application-manageresources-display-component---newResourceUnit--SHORT_TEXT","interaction":{"idSuffix":"inner"}},"clearTextFirst":true,"interactionType":"ENTER_TEXT"}]}
RESULT: {}
RESULT: {"script":"<script> [776 bytes]","args":[{"enterText":"WebdriverRUR2C27h29","selector":{"id":"application-manageresources-display-component---newResourceUnit--SHORT_TEXT","interaction":{"idSuffix":"inner"}},"clearTextFirst":true,"interactionType":"ENTER_TEXT"}]}
COMMAND: POST /session/56f047ff2d8b79b5fb882765d60ddf9f/execute/async - {"script":"<script> [1562 bytes]","args":[{"selector":{"id":"application-manageresources-display-component---newResourceUnit--BASE_UNIT_OF_MEASURE-arrow"},"wdio_ui5_key":"applicationmanageresources-display-component---newResourceUnit--BASE_UNIT_OF_MEASURE-arrow"}]}
RESULT: {"script":"<script> [1562 bytes]","args":[{"selector":{"id":"application-manageresources-display-component---newResourceUnit--BASE_UNIT_OF_MEASURE-arrow"},"wdio_ui5_key":"applicationmanageresources-display-component---newResourceUnit--BASE_UNIT_OF_MEASURE-arrow"}]}
RESULT: undefined
COMMAND: POST /session/56f047ff2d8b79b5fb882765d60ddf9f/element - {"using":"xpath","value":"//*[@id=\"application-manageresources-display-component---newResourceUnit--BASE_UNIT_OF_MEASURE-arrow\"]"}
RESULT: {"using":"xpath","value":"//*[@id=\"application-manageresources-display-component---newResourceUnit--BASE_UNIT_OF_MEASURE-arrow\"]"}
COMMAND: POST /session/56f047ff2d8b79b5fb882765d60ddf9f/element/f.918672ED9AB3AB03A4F724C7637EDD7B.d.21D481840BD80573A1E6CE745A12ABEB.e.4428/click - {}
RESULT: {}
COMMAND: POST /session/56f047ff2d8b79b5fb882765d60ddf9f/execute/async - {"script":"<script> [1562 bytes]","args":[{"selector":{"controlType":"sap.m.StandardListItem","viewName":"reusables.view.manageresources.NewResourceUnit","viewId":"application-manageresources-display-component---newResourceUnit","properties":{"title":"Piece"},"searchOpenDialogs":true,"interaction":{"idSuffix":"titleText"}},"wdio_ui5_key":"reusablesview.manageresources.NewResourceUnitsap.m.StandardListItem{\"title\":\"Piece\"}"}]}
COMMAND: GET /session/56f047ff2d8b79b5fb882765d60ddf9f/screenshot - {}
RESULT: {"script":"<script> [1562 bytes]","args":[{"selector":{"controlType":"sap.m.StandardListItem","viewName":"reusables.view.manageresources.NewResourceUnit","viewId":"application-manageresources-display-component---newResourceUnit","properties":{"title":"Piece"},"searchOpenDialogs":true,"interaction":{"idSuffix":"titleText"}},"wdio_ui5_key":"reusablesview.manageresources.NewResourceUnitsap.m.StandardListItem{\"title\":\"Piece\"}"}]}
RESULT: undefined
COMMAND: POST /session/56f047ff2d8b79b5fb882765d60ddf9f/element - {"using":"xpath","value":"//*[@id=\"__item2738\"]"}
RESULT: {}
RESULT: {"using":"xpath","value":"//*[@id=\"__item2738\"]"}
COMMAND: POST /session/56f047ff2d8b79b5fb882765d60ddf9f/element/f.918672ED9AB3AB03A4F724C7637EDD7B.d.21D481840BD80573A1E6CE745A12ABEB.e.4430/click - {}
RESULT: {}
COMMAND: POST /session/56f047ff2d8b79b5fb882765d60ddf9f/element - {"using":"xpath","value":"//input[contains(@id ,\"application-manageresources-display-component---newResourceUnit--SHORT_TEXT-inner\")]"}
COMMAND: GET /session/56f047ff2d8b79b5fb882765d60ddf9f/screenshot - {}
RESULT: {"using":"xpath","value":"//input[contains(@id ,\"application-manageresources-display-component---newResourceUnit--SHORT_TEXT-inner\")]"}
COMMAND: GET /session/56f047ff2d8b79b5fb882765d60ddf9f/element/f.918672ED9AB3AB03A4F724C7637EDD7B.d.21D481840BD80573A1E6CE745A12ABEB.e.4391/property/value - {}
RESULT: {}
RESULT: {}
COMMAND: POST /session/56f047ff2d8b79b5fb882765d60ddf9f/execute/async - {"script":"<script> [1562 bytes]","args":[{"selector":{"id":"application-manageresources-display-component---newResourceUnit--WEIGHT_UNIT-arrow"},"wdio_ui5_key":"applicationmanageresources-display-component---newResourceUnit--WEIGHT_UNIT-arrow"}]}
COMMAND: GET /session/56f047ff2d8b79b5fb882765d60ddf9f/screenshot - {}
RESULT: {"script":"<script> [1562 bytes]","args":[{"selector":{"id":"application-manageresources-display-component---newResourceUnit--WEIGHT_UNIT-arrow"},"wdio_ui5_key":"applicationmanageresources-display-component---newResourceUnit--WEIGHT_UNIT-arrow"}]}
RESULT: undefined
COMMAND: POST /session/56f047ff2d8b79b5fb882765d60ddf9f/element - {"using":"xpath","value":"//*[@id=\"application-manageresources-display-component---newResourceUnit--WEIGHT_UNIT-arrow\"]"}
RESULT: {}
RESULT: {"using":"xpath","value":"//*[@id=\"application-manageresources-display-component---newResourceUnit--WEIGHT_UNIT-arrow\"]"}
COMMAND: POST /session/56f047ff2d8b79b5fb882765d60ddf9f/element/f.918672ED9AB3AB03A4F724C7637EDD7B.d.21D481840BD80573A1E6CE745A12ABEB.e.4431/click - {}
RESULT: {}
COMMAND: POST /session/56f047ff2d8b79b5fb882765d60ddf9f/execute/async - {"script":"<script> [1562 bytes]","args":[{"selector":{"controlType":"sap.m.StandardListItem","viewName":"reusables.view.manageresources.NewResourceUnit","viewId":"application-manageresources-display-component---newResourceUnit","properties":{"title":"Gram"},"searchOpenDialogs":true,"interaction":{"idSuffix":"content"}},"wdio_ui5_key":"reusablesview.manageresources.NewResourceUnitsap.m.StandardListItem{\"title\":\"Gram\"}"}]}
COMMAND: GET /session/56f047ff2d8b79b5fb882765d60ddf9f/screenshot - {}
RESULT: {"script":"<script> [1562 bytes]","args":[{"selector":{"controlType":"sap.m.StandardListItem","viewName":"reusables.view.manageresources.NewResourceUnit","viewId":"application-manageresources-display-component---newResourceUnit","properties":{"title":"Gram"},"searchOpenDialogs":true,"interaction":{"idSuffix":"content"}},"wdio_ui5_key":"reusablesview.manageresources.NewResourceUnitsap.m.StandardListItem{\"title\":\"Gram\"}"}]}
RESULT: undefined
COMMAND: POST /session/56f047ff2d8b79b5fb882765d60ddf9f/element - {"using":"xpath","value":"//*[@id=\"__item2803\"]"}
RESULT: {}
RESULT: {"using":"xpath","value":"//*[@id=\"__item2803\"]"}
COMMAND: POST /session/56f047ff2d8b79b5fb882765d60ddf9f/element/f.918672ED9AB3AB03A4F724C7637EDD7B.d.21D481840BD80573A1E6CE745A12ABEB.e.4433/click - {}
RESULT: {}
COMMAND: POST /session/56f047ff2d8b79b5fb882765d60ddf9f/execute/async - {"script":"<script> [1562 bytes]","args":[{"selector":{"id":"application-manageresources-display-component---newResourceUnit--newRRUPage-OPHeaderContent-collapseBtn-img"},"wdio_ui5_key":"applicationmanageresources-display-component---newResourceUnit--newRRUPage-OPHeaderContent-collapseBtn-img"}]}
COMMAND: GET /session/56f047ff2d8b79b5fb882765d60ddf9f/screenshot - {}
RESULT: {"script":"<script> [1562 bytes]","args":[{"selector":{"id":"application-manageresources-display-component---newResourceUnit--newRRUPage-OPHeaderContent-collapseBtn-img"},"wdio_ui5_key":"applicationmanageresources-display-component---newResourceUnit--newRRUPage-OPHeaderContent-collapseBtn-img"}]}
RESULT: undefined
COMMAND: POST /session/56f047ff2d8b79b5fb882765d60ddf9f/element - {"using":"xpath","value":"//*[@id=\"application-manageresources-display-component---newResourceUnit--newRRUPage-OPHeaderContent-collapseBtn-img\"]"}
RESULT: {}
RESULT: {"using":"xpath","value":"//*[@id=\"application-manageresources-display-component---newResourceUnit--newRRUPage-OPHeaderContent-collapseBtn-img\"]"}
COMMAND: POST /session/56f047ff2d8b79b5fb882765d60ddf9f/element/f.918672ED9AB3AB03A4F724C7637EDD7B.d.21D481840BD80573A1E6CE745A12ABEB.e.4381/click - {}
RESULT: {}
COMMAND: GET /session/56f047ff2d8b79b5fb882765d60ddf9f/screenshot - {}
RESULT: {}
COMMAND: POST /session/56f047ff2d8b79b5fb882765d60ddf9f/element - {"using":"xpath","value":"(//span[contains(@id ,\"application-manageresources-display-component---newResourceUnit--DIMENSION_UNIT-arrow\")])[1]"}
RESULT: {"using":"xpath","value":"(//span[contains(@id ,\"application-manageresources-display-component---newResourceUnit--DIMENSION_UNIT-arrow\")])[1]"}
COMMAND: POST /session/56f047ff2d8b79b5fb882765d60ddf9f/element/f.918672ED9AB3AB03A4F724C7637EDD7B.d.21D481840BD80573A1E6CE745A12ABEB.e.4439/click - {}
RESULT: {}
COMMAND: GET /session/56f047ff2d8b79b5fb882765d60ddf9f/screenshot - {}
RESULT: {}
COMMAND: POST /session/56f047ff2d8b79b5fb882765d60ddf9f/execute/async - {"script":"<script> [1562 bytes]","args":[{"selector":{"controlType":"sap.m.StandardListItem","viewName":"reusables.view.manageresources.NewResourceUnit","viewId":"application-manageresources-display-component---newResourceUnit","properties":{"title":"Centimeter"},"searchOpenDialogs":true,"interaction":{"idSuffix":"titleText"}},"wdio_ui5_key":"reusablesview.manageresources.NewResourceUnitsap.m.StandardListItem{\"title\":\"Centimeter\"}"}]}
RESULT: {"script":"<script> [1562 bytes]","args":[{"selector":{"controlType":"sap.m.StandardListItem","viewName":"reusables.view.manageresources.NewResourceUnit","viewId":"application-manageresources-display-component---newResourceUnit","properties":{"title":"Centimeter"},"searchOpenDialogs":true,"interaction":{"idSuffix":"titleText"}},"wdio_ui5_key":"reusablesview.manageresources.NewResourceUnitsap.m.StandardListItem{\"title\":\"Centimeter\"}"}]}
RESULT: undefined
COMMAND: POST /session/56f047ff2d8b79b5fb882765d60ddf9f/element - {"using":"xpath","value":"//*[@id=\"__item2806\"]"}
RESULT: {"using":"xpath","value":"//*[@id=\"__item2806\"]"}
COMMAND: POST /session/56f047ff2d8b79b5fb882765d60ddf9f/element/f.918672ED9AB3AB03A4F724C7637EDD7B.d.21D481840BD80573A1E6CE745A12ABEB.e.4441/click - {}
RESULT: {}
COMMAND: POST /session/56f047ff2d8b79b5fb882765d60ddf9f/execute/async - {"script":"<script> [1562 bytes]","args":[{"selector":{"id":"application-manageresources-display-component---newResourceUnit--newRRUPage-anchBar-application-manageresources-display-component---newResourceUnit--reference-anchor","interaction":{"idSuffix":"BDI-content"}},"wdio_ui5_key":"applicationmanageresources-display-component---newResourceUnit--newRRUPage-anchBar-application-manageresources-display-component---newResourceUnit--reference-anchor"}]}
COMMAND: GET /session/56f047ff2d8b79b5fb882765d60ddf9f/screenshot - {}
RESULT: {"script":"<script> [1562 bytes]","args":[{"selector":{"id":"application-manageresources-display-component---newResourceUnit--newRRUPage-anchBar-application-manageresources-display-component---newResourceUnit--reference-anchor","interaction":{"idSuffix":"BDI-content"}},"wdio_ui5_key":"applicationmanageresources-display-component---newResourceUnit--newRRUPage-anchBar-application-manageresources-display-component---newResourceUnit--reference-anchor"}]}
RESULT: undefined
COMMAND: POST /session/56f047ff2d8b79b5fb882765d60ddf9f/element - {"using":"xpath","value":"//*[@id=\"application-manageresources-display-component---newResourceUnit--newRRUPage-anchBar-application-manageresources-display-component---newResourceUnit--reference-anchor\"]"}
RESULT: {}
RESULT: {"using":"xpath","value":"//*[@id=\"application-manageresources-display-component---newResourceUnit--newRRUPage-anchBar-application-manageresources-display-component---newResourceUnit--reference-anchor\"]"}
COMMAND: POST /session/56f047ff2d8b79b5fb882765d60ddf9f/element/f.918672ED9AB3AB03A4F724C7637EDD7B.d.21D481840BD80573A1E6CE745A12ABEB.e.4443/click - {}
RESULT: {}
COMMAND: POST /session/56f047ff2d8b79b5fb882765d60ddf9f/execute/async - {"script":"<script> [1562 bytes]","args":[{"selector":{"id":"application-manageresources-display-component---newResourceUnit--PLANNING_GROUP-arrow"},"wdio_ui5_key":"applicationmanageresources-display-component---newResourceUnit--PLANNING_GROUP-arrow"}]}
COMMAND: GET /session/56f047ff2d8b79b5fb882765d60ddf9f/screenshot - {}
RESULT: {"script":"<script> [1562 bytes]","args":[{"selector":{"id":"application-manageresources-display-component---newResourceUnit--PLANNING_GROUP-arrow"},"wdio_ui5_key":"applicationmanageresources-display-component---newResourceUnit--PLANNING_GROUP-arrow"}]}
RESULT: undefined
COMMAND: POST /session/56f047ff2d8b79b5fb882765d60ddf9f/element - {"using":"xpath","value":"//*[@id=\"application-manageresources-display-component---newResourceUnit--PLANNING_GROUP-arrow\"]"}
RESULT: {}
RESULT: {"using":"xpath","value":"//*[@id=\"application-manageresources-display-component---newResourceUnit--PLANNING_GROUP-arrow\"]"}
COMMAND: POST /session/56f047ff2d8b79b5fb882765d60ddf9f/element/f.918672ED9AB3AB03A4F724C7637EDD7B.d.21D481840BD80573A1E6CE745A12ABEB.e.4447/click - {}
RESULT: {}
COMMAND: POST /session/56f047ff2d8b79b5fb882765d60ddf9f/execute/async - {"script":"<script> [1562 bytes]","args":[{"selector":{"controlType":"sap.m.StandardListItem","viewName":"reusables.view.manageresources.NewResourceUnit","viewId":"application-manageresources-display-component---newResourceUnit","properties":{"title":"Heavy Equi"},"searchOpenDialogs":true,"interaction":{"idSuffix":"content"}},"wdio_ui5_key":"reusablesview.manageresources.NewResourceUnitsap.m.StandardListItem{\"title\":\"Heavy Equi\"}"}]}
COMMAND: GET /session/56f047ff2d8b79b5fb882765d60ddf9f/screenshot - {}
RESULT: {"script":"<script> [1562 bytes]","args":[{"selector":{"controlType":"sap.m.StandardListItem","viewName":"reusables.view.manageresources.NewResourceUnit","viewId":"application-manageresources-display-component---newResourceUnit","properties":{"title":"Heavy Equi"},"searchOpenDialogs":true,"interaction":{"idSuffix":"content"}},"wdio_ui5_key":"reusablesview.manageresources.NewResourceUnitsap.m.StandardListItem{\"title\":\"Heavy Equi\"}"}]}
RESULT: undefined
COMMAND: POST /session/56f047ff2d8b79b5fb882765d60ddf9f/element - {"using":"xpath","value":"//*[@id=\"__item2814\"]"}
RESULT: {}
RESULT: {"using":"xpath","value":"//*[@id=\"__item2814\"]"}
COMMAND: POST /session/56f047ff2d8b79b5fb882765d60ddf9f/element/f.918672ED9AB3AB03A4F724C7637EDD7B.d.21D481840BD80573A1E6CE745A12ABEB.e.4450/click - {}
RESULT: {}
COMMAND: GET /session/56f047ff2d8b79b5fb882765d60ddf9f/screenshot - {}
RESULT: {}
COMMAND: POST /session/56f047ff2d8b79b5fb882765d60ddf9f/execute/async - {"script":"<script> [1562 bytes]","args":[{"selector":{"id":"application-manageresources-display-component---newResourceUnit--PLANNING_INDICATOR-arrow"},"wdio_ui5_key":"applicationmanageresources-display-component---newResourceUnit--PLANNING_INDICATOR-arrow"}]}
RESULT: {"script":"<script> [1562 bytes]","args":[{"selector":{"id":"application-manageresources-display-component---newResourceUnit--PLANNING_INDICATOR-arrow"},"wdio_ui5_key":"applicationmanageresources-display-component---newResourceUnit--PLANNING_INDICATOR-arrow"}]}
RESULT: undefined
COMMAND: POST /session/56f047ff2d8b79b5fb882765d60ddf9f/element - {"using":"xpath","value":"//*[@id=\"application-manageresources-display-component---newResourceUnit--PLANNING_INDICATOR-arrow\"]"}
RESULT: {"using":"xpath","value":"//*[@id=\"application-manageresources-display-component---newResourceUnit--PLANNING_INDICATOR-arrow\"]"}
COMMAND: POST /session/56f047ff2d8b79b5fb882765d60ddf9f/element/f.918672ED9AB3AB03A4F724C7637EDD7B.d.21D481840BD80573A1E6CE745A12ABEB.e.4451/click - {}
RESULT: {}
COMMAND: POST /session/56f047ff2d8b79b5fb882765d60ddf9f/execute/async - {"script":"<script> [1562 bytes]","args":[{"selector":{"controlType":"sap.m.StandardListItem","viewName":"reusables.view.manageresources.NewResourceUnit","viewId":"application-manageresources-display-component---newResourceUnit","properties":{"title":"10 - infinite"},"searchOpenDialogs":true,"interaction":{"idSuffix":"content"}},"wdio_ui5_key":"reusablesview.manageresources.NewResourceUnitsap.m.StandardListItem{\"title\":\"10 - infinite\"}"}]}
COMMAND: GET /session/56f047ff2d8b79b5fb882765d60ddf9f/screenshot - {}
RESULT: {"script":"<script> [1562 bytes]","args":[{"selector":{"controlType":"sap.m.StandardListItem","viewName":"reusables.view.manageresources.NewResourceUnit","viewId":"application-manageresources-display-component---newResourceUnit","properties":{"title":"10 - infinite"},"searchOpenDialogs":true,"interaction":{"idSuffix":"content"}},"wdio_ui5_key":"reusablesview.manageresources.NewResourceUnitsap.m.StandardListItem{\"title\":\"10 - infinite\"}"}]}
RESULT: undefined
COMMAND: POST /session/56f047ff2d8b79b5fb882765d60ddf9f/element - {"using":"xpath","value":"//*[@id=\"__item2824\"]"}
RESULT: {}
RESULT: {"using":"xpath","value":"//*[@id=\"__item2824\"]"}
COMMAND: POST /session/56f047ff2d8b79b5fb882765d60ddf9f/element/f.918672ED9AB3AB03A4F724C7637EDD7B.d.21D481840BD80573A1E6CE745A12ABEB.e.4453/click - {}
RESULT: {}
COMMAND: GET /session/56f047ff2d8b79b5fb882765d60ddf9f/screenshot - {}
RESULT: {}
COMMAND: POST /session/56f047ff2d8b79b5fb882765d60ddf9f/element - {"using":"xpath","value":"//bdi[contains(text(), \"Time Segment\")]"}
RESULT: {"using":"xpath","value":"//bdi[contains(text(), \"Time Segment\")]"}
COMMAND: GET /session/56f047ff2d8b79b5fb882765d60ddf9f/element/f.918672ED9AB3AB03A4F724C7637EDD7B.d.21D481840BD80573A1E6CE745A12ABEB.e.4454/rect - {}
RESULT: {}
COMMAND: GET /session/56f047ff2d8b79b5fb882765d60ddf9f/window/rect - {}
RESULT: {}
COMMAND: POST /session/56f047ff2d8b79b5fb882765d60ddf9f/execute/sync - {"script":"<script> [92 bytes]","args":[]}
RESULT: {"script":"<script> [92 bytes]","args":[]}
COMMAND: POST /session/56f047ff2d8b79b5fb882765d60ddf9f/actions - {"actions":[{"id":"action35","type":"wheel","parameters":{},"actions":[{"type":"scroll","x":-1820,"y":-21,"deltaX":0,"deltaY":0,"duration":0,"origin":{"element-6066-11e4-a52e-4f735466cecf":"f.918672ED9AB3AB03A4F724C7637EDD7B.d.21D481840BD80573A1E6CE745A12ABEB.e.4454"}}]}]}
COMMAND: GET /session/56f047ff2d8b79b5fb882765d60ddf9f/screenshot - {}
RESULT: {}
COMMAND: POST /session/56f047ff2d8b79b5fb882765d60ddf9f/execute/sync - {"script":"<script> [79 bytes]","args":[{"element-6066-11e4-a52e-4f735466cecf":"f.918672ED9AB3AB03A4F724C7637EDD7B.d.21D481840BD80573A1E6CE745A12ABEB.e.4454","ELEMENT":"f.918672ED9AB3AB03A4F724C7637EDD7B.d.21D481840BD80573A1E6CE745A12ABEB.e.4454"},{"block":"start","inline":"nearest"}]}
RESULT: {"script":"<script> [79 bytes]","args":[{"element-6066-11e4-a52e-4f735466cecf":"f.918672ED9AB3AB03A4F724C7637EDD7B.d.21D481840BD80573A1E6CE745A12ABEB.e.4454","ELEMENT":"f.918672ED9AB3AB03A4F724C7637EDD7B.d.21D481840BD80573A1E6CE745A12ABEB.e.4454"},{"block":"start","inline":"nearest"}]}
COMMAND: GET /session/56f047ff2d8b79b5fb882765d60ddf9f/screenshot - {}
RESULT: {}
COMMAND: POST /session/56f047ff2d8b79b5fb882765d60ddf9f/element - {"using":"xpath","value":"//span[@id=\"application-manageresources-display-component---newResourceUnit--btnAddTimeSegment-img\"]"}
RESULT: {"using":"xpath","value":"//span[@id=\"application-manageresources-display-component---newResourceUnit--btnAddTimeSegment-img\"]"}
COMMAND: POST /session/56f047ff2d8b79b5fb882765d60ddf9f/execute/sync - {"script":"<script> [8489 bytes]","args":[{"element-6066-11e4-a52e-4f735466cecf":"f.918672ED9AB3AB03A4F724C7637EDD7B.d.21D481840BD80573A1E6CE745A12ABEB.e.4457","ELEMENT":"f.918672ED9AB3AB03A4F724C7637EDD7B.d.21D481840BD80573A1E6CE745A12ABEB.e.4457"}]}
RESULT: {"script":"<script> [8489 bytes]","args":[{"element-6066-11e4-a52e-4f735466cecf":"f.918672ED9AB3AB03A4F724C7637EDD7B.d.21D481840BD80573A1E6CE745A12ABEB.e.4457","ELEMENT":"f.918672ED9AB3AB03A4F724C7637EDD7B.d.21D481840BD80573A1E6CE745A12ABEB.e.4457"}]}
COMMAND: POST /session/56f047ff2d8b79b5fb882765d60ddf9f/element/f.918672ED9AB3AB03A4F724C7637EDD7B.d.21D481840BD80573A1E6CE745A12ABEB.e.4457/click - {}
COMMAND: GET /session/56f047ff2d8b79b5fb882765d60ddf9f/screenshot - {}
RESULT: {}
COMMAND: GET /session/56f047ff2d8b79b5fb882765d60ddf9f/screenshot - {}
COMMAND: POST /session/56f047ff2d8b79b5fb882765d60ddf9f/element - {"using":"xpath","value":"//input[@id=\"application-manageresources-display-component---newResourceUnit--idRuTSAdmin-application-manageresources-display-component---newResourceUnit--RUTimeSegment-0-inner\"]"}
RESULT: {}
RESULT: {}
RESULT: {"using":"xpath","value":"//input[@id=\"application-manageresources-display-component---newResourceUnit--idRuTSAdmin-application-manageresources-display-component---newResourceUnit--RUTimeSegment-0-inner\"]"}
COMMAND: POST /session/56f047ff2d8b79b5fb882765d60ddf9f/element/f.918672ED9AB3AB03A4F724C7637EDD7B.d.21D481840BD80573A1E6CE745A12ABEB.e.4460/clear - {}
RESULT: {}
COMMAND: POST /session/56f047ff2d8b79b5fb882765d60ddf9f/element/f.918672ED9AB3AB03A4F724C7637EDD7B.d.21D481840BD80573A1E6CE745A12ABEB.e.4460/value - {"text":"WebdriverYardg9f4e"}
COMMAND: GET /session/56f047ff2d8b79b5fb882765d60ddf9f/screenshot - {}
RESULT: {"text":"WebdriverYardg9f4e"}
COMMAND: GET /session/56f047ff2d8b79b5fb882765d60ddf9f/screenshot - {}
RESULT: {}
RESULT: {}
COMMAND: POST /session/56f047ff2d8b79b5fb882765d60ddf9f/actions - {"actions":[{"id":"action36","type":"key","parameters":{},"actions":[{"type":"keyDown","value":"î€‡"},{"type":"pause","duration":10},{"type":"keyUp","value":"î€‡"}]}]}
RESULT: {"actions":[{"id":"action36","type":"key","parameters":{},"actions":[{"type":"keyDown","value":"î€‡"},{"type":"pause","duration":10},{"type":"keyUp","value":"î€‡"}]}]}
COMMAND: GET /session/56f047ff2d8b79b5fb882765d60ddf9f/screenshot - {}
RESULT: {}
COMMAND: POST /session/56f047ff2d8b79b5fb882765d60ddf9f/execute/async - {"script":"<script> [1562 bytes]","args":[{"selector":{"controlType":"sap.m.Button","viewName":"reusables.view.manageresources.NewResourceUnit","viewId":"application-manageresources-display-component---newResourceUnit","i18NText":{"propertyName":"tooltip","key":"save"},"interaction":{"idSuffix":"BDI-content"}},"wdio_ui5_key":"reusablesview.manageresources.NewResourceUnitsap.m.Button{\"propertyName\":\"tooltip\",\"key\":\"save\"}"}]}
RESULT: {"script":"<script> [1562 bytes]","args":[{"selector":{"controlType":"sap.m.Button","viewName":"reusables.view.manageresources.NewResourceUnit","viewId":"application-manageresources-display-component---newResourceUnit","i18NText":{"propertyName":"tooltip","key":"save"},"interaction":{"idSuffix":"BDI-content"}},"wdio_ui5_key":"reusablesview.manageresources.NewResourceUnitsap.m.Button{\"propertyName\":\"tooltip\",\"key\":\"save\"}"}]}
RESULT: undefined
COMMAND: POST /session/56f047ff2d8b79b5fb882765d60ddf9f/element - {"using":"xpath","value":"//*[@id=\"application-manageresources-display-component---newResourceUnit--createRuButton\"]"}
RESULT: {"using":"xpath","value":"//*[@id=\"application-manageresources-display-component---newResourceUnit--createRuButton\"]"}
COMMAND: POST /session/56f047ff2d8b79b5fb882765d60ddf9f/element/f.918672ED9AB3AB03A4F724C7637EDD7B.d.21D481840BD80573A1E6CE745A12ABEB.e.4387/click - {}
RESULT: {}
COMMAND: GET /session/56f047ff2d8b79b5fb882765d60ddf9f/screenshot - {}
RESULT: {}
COMMAND: POST /session/56f047ff2d8b79b5fb882765d60ddf9f/execute/async - {"script":"<script> [1562 bytes]","args":[{"selector":{"controlType":"sap.m.Title","properties":{"text":"Success"},"searchOpenDialogs":true},"wdio_ui5_key":"sapm.Title{\"text\":\"Success\"}"}]}
RESULT: {"script":"<script> [1562 bytes]","args":[{"selector":{"controlType":"sap.m.Title","properties":{"text":"Success"},"searchOpenDialogs":true},"wdio_ui5_key":"sapm.Title{\"text\":\"Success\"}"}]}
RESULT: undefined
COMMAND: POST /session/56f047ff2d8b79b5fb882765d60ddf9f/execute/async - {"script":"<script> [6424 bytes]","args":[{"element-6066-11e4-a52e-4f735466cecf":"f.918672ED9AB3AB03A4F724C7637EDD7B.d.21D481840BD80573A1E6CE745A12ABEB.e.4476"},"getText",[]]}
RESULT: {"script":"<script> [6424 bytes]","args":[{"element-6066-11e4-a52e-4f735466cecf":"f.918672ED9AB3AB03A4F724C7637EDD7B.d.21D481840BD80573A1E6CE745A12ABEB.e.4476"},"getText",[]]}
COMMAND: POST /session/56f047ff2d8b79b5fb882765d60ddf9f/element - {"using":"xpath","value":"//*[contains(@id, '__text') and (contains(text(), 'successfully created') or contains(., 'successfully created'))]"}
RESULT: {"using":"xpath","value":"//*[contains(@id, '__text') and (contains(text(), 'successfully created') or contains(., 'successfully created'))]"}
COMMAND: GET /session/56f047ff2d8b79b5fb882765d60ddf9f/element/f.918672ED9AB3AB03A4F724C7637EDD7B.d.21D481840BD80573A1E6CE745A12ABEB.e.4474/text - {}
RESULT: {}
COMMAND: POST /session/56f047ff2d8b79b5fb882765d60ddf9f/execute/async - {"script":"<script> [1562 bytes]","args":[{"selector":{"controlType":"sap.m.Button","properties":{"text":"Close"},"searchOpenDialogs":true,"interaction":{"idSuffix":"BDI-content"}},"wdio_ui5_key":"sapm.Button{\"text\":\"Close\"}"}]}
RESULT: {"script":"<script> [1562 bytes]","args":[{"selector":{"controlType":"sap.m.Button","properties":{"text":"Close"},"searchOpenDialogs":true,"interaction":{"idSuffix":"BDI-content"}},"wdio_ui5_key":"sapm.Button{\"text\":\"Close\"}"}]}
RESULT: undefined
COMMAND: POST /session/56f047ff2d8b79b5fb882765d60ddf9f/element - {"using":"xpath","value":"//*[@id=\"__mbox-btn-1\"]"}
RESULT: {"using":"xpath","value":"//*[@id=\"__mbox-btn-1\"]"}
COMMAND: POST /session/56f047ff2d8b79b5fb882765d60ddf9f/element/f.918672ED9AB3AB03A4F724C7637EDD7B.d.21D481840BD80573A1E6CE745A12ABEB.e.4473/click - {}
RESULT: {}
COMMAND: GET /session/56f047ff2d8b79b5fb882765d60ddf9f/screenshot - {}
RESULT: {}
COMMAND: POST /session/56f047ff2d8b79b5fb882765d60ddf9f/execute/async - {"script":"<script> [1562 bytes]","args":[{"selector":{"controlType":"sap.ui.core.Icon","viewName":"etm.portal.ui.manageresources.view.Detail","viewId":"application-manageresources-display-component---detailRU","properties":{"src":{"regex":{"source":"overflow"}}}},"wdio_ui5_key":"etmportal.ui.manageresources.view.Detailsap.ui.core.Icon{\"src\":{\"regex\":{\"source\":\"overflow\"}}}"}]}
RESULT: {"script":"<script> [1562 bytes]","args":[{"selector":{"controlType":"sap.ui.core.Icon","viewName":"etm.portal.ui.manageresources.view.Detail","viewId":"application-manageresources-display-component---detailRU","properties":{"src":{"regex":{"source":"overflow"}}}},"wdio_ui5_key":"etmportal.ui.manageresources.view.Detailsap.ui.core.Icon{\"src\":{\"regex\":{\"source\":\"overflow\"}}}"}]}
RESULT: undefined
COMMAND: POST /session/56f047ff2d8b79b5fb882765d60ddf9f/element - {"using":"xpath","value":"//*[@id=\"__title72-_actionsToolbar-overflowButton-img\"]"}
RESULT: {"using":"xpath","value":"//*[@id=\"__title72-_actionsToolbar-overflowButton-img\"]"}
COMMAND: POST /session/56f047ff2d8b79b5fb882765d60ddf9f/element/f.918672ED9AB3AB03A4F724C7637EDD7B.d.21D481840BD80573A1E6CE745A12ABEB.e.4508/click - {}
RESULT: {}
COMMAND: POST /session/56f047ff2d8b79b5fb882765d60ddf9f/execute/async - {"script":"<script> [1562 bytes]","args":[{"selector":{"controlType":"sap.m.Button","viewName":"etm.portal.ui.manageresources.view.Detail","viewId":"application-manageresources-display-component---detailRU","i18NText":{"propertyName":"tooltip","key":"closeColumn"},"searchOpenDialogs":true,"interaction":{"idSuffix":"inner"}},"wdio_ui5_key":"etmportal.ui.manageresources.view.Detailsap.m.Button{\"propertyName\":\"tooltip\",\"key\":\"closeColumn\"}"}]}
COMMAND: GET /session/56f047ff2d8b79b5fb882765d60ddf9f/screenshot - {}
RESULT: {"script":"<script> [1562 bytes]","args":[{"selector":{"controlType":"sap.m.Button","viewName":"etm.portal.ui.manageresources.view.Detail","viewId":"application-manageresources-display-component---detailRU","i18NText":{"propertyName":"tooltip","key":"closeColumn"},"searchOpenDialogs":true,"interaction":{"idSuffix":"inner"}},"wdio_ui5_key":"etmportal.ui.manageresources.view.Detailsap.m.Button{\"propertyName\":\"tooltip\",\"key\":\"closeColumn\"}"}]}
RESULT: undefined
COMMAND: POST /session/56f047ff2d8b79b5fb882765d60ddf9f/element - {"using":"xpath","value":"//*[@id=\"__button233\"]"}
RESULT: {}
RESULT: {"using":"xpath","value":"//*[@id=\"__button233\"]"}
COMMAND: POST /session/56f047ff2d8b79b5fb882765d60ddf9f/element/f.918672ED9AB3AB03A4F724C7637EDD7B.d.21D481840BD80573A1E6CE745A12ABEB.e.4512/click - {}
RESULT: {}
COMMAND: GET /session/56f047ff2d8b79b5fb882765d60ddf9f/screenshot - {}
RESULT: {}
COMMAND: POST /session/56f047ff2d8b79b5fb882765d60ddf9f/refresh - {}
RESULT: {}
COMMAND: GET /session/56f047ff2d8b79b5fb882765d60ddf9f/screenshot - {}
RESULT: {}
COMMAND: POST /session/56f047ff2d8b79b5fb882765d60ddf9f/execute/async - {"script":"<script> [189 bytes]","args":[]}
RESULT: {"script":"<script> [189 bytes]","args":[]}
COMMAND: POST /session/56f047ff2d8b79b5fb882765d60ddf9f/execute/async - {"script":"<script> [123 bytes]","args":[]}
RESULT: {"script":"<script> [123 bytes]","args":[]}
COMMAND: POST /session/56f047ff2d8b79b5fb882765d60ddf9f/timeouts - {"script":"<number>"}
RESULT: {"script":"<number>"}
COMMAND: GET /session/56f047ff2d8b79b5fb882765d60ddf9f/timeouts - {}
RESULT: {}
RESULT: undefined
COMMAND: POST /session/56f047ff2d8b79b5fb882765d60ddf9f/execute/async - {"script":"<script> [2676 bytes]","args":[]}
RESULT: {"script":"<script> [2676 bytes]","args":[]}
COMMAND: POST /session/56f047ff2d8b79b5fb882765d60ddf9f/execute/async - {"script":"<script> [2342 bytes]","args":[{"protocol":"http","hostname":"0.0.0.0","path":"/","capabilities":{"browserName":"chrome","goog:chromeOptions":{"binary":"C:\\Program Files\\Google\\Chrome\\Application\\chrome.exe","args":["--start-maximized"]}},"logLevel":"warn","connectionRetryTimeout":120000,"connectionRetryCount":3,"logLevels":{},"enableDirectConnect":true,"strictSSL":true,"_":"65 more keys: [\"cacheDir\",\"port\",\"requestedCapabilities\",\"automationProtocol\",\"baseUrl\",\"waitforInterval\",\"waitforTimeout\",\"onReload\",\"beforeCommand\",\"afterCommand\",\"rootDir\",\"specs\",\"suites\",\"exclude\",\"groupLogsByTestSpec\",\"excludeDriverLogs\",\"bail\",\"framework\",\"reporters\",\"services\",\"maxInstances\",\"maxInstancesPerCapability\",\"injectGlobals\",\"filesToWatch\",\"execArgv\",\"runnerEnv\",\"runner\",\"shard\",\"specFileRetries\",\"specFileRetriesDelay\",\"specFileRetriesDeferred\",\"reporterSyncInterval\",\"reporterSyncTimeout\",\"cucumberFeaturesWithLineNumbers\",\"autoCompileOpts\",\"mochaOpts\",\"jasmineOpts\",\"cucumberOpts\",\"onPrepare\",\"onWorkerStart\",\"onWorkerEnd\",\"before\",\"beforeSession\",\"beforeSuite\",\"beforeHook\",\"beforeTest\",\"afterTest\",\"afterHook\",\"afterSuite\",\"afterSession\",\"after\",\"onComplete\",\"beforeAssertion\",\"afterAssertion\",\"beforeFeature\",\"beforeScenario\",\"beforeStep\",\"afterStep\",\"afterScenario\",\"afterFeature\",\"_\",\"suite\",\"$0\",\"ignoredWorkerServices\",\"wdi5\"]"}]}
RESULT: {"script":"<script> [2342 bytes]","args":[{"protocol":"http","hostname":"0.0.0.0","path":"/","capabilities":{"browserName":"chrome","goog:chromeOptions":{"binary":"C:\\Program Files\\Google\\Chrome\\Application\\chrome.exe","args":["--start-maximized"]}},"logLevel":"warn","connectionRetryTimeout":120000,"connectionRetryCount":3,"logLevels":{},"enableDirectConnect":true,"strictSSL":true,"_":"65 more keys: [\"cacheDir\",\"port\",\"requestedCapabilities\",\"automationProtocol\",\"baseUrl\",\"waitforInterval\",\"waitforTimeout\",\"onReload\",\"beforeCommand\",\"afterCommand\",\"rootDir\",\"specs\",\"suites\",\"exclude\",\"groupLogsByTestSpec\",\"excludeDriverLogs\",\"bail\",\"framework\",\"reporters\",\"services\",\"maxInstances\",\"maxInstancesPerCapability\",\"injectGlobals\",\"filesToWatch\",\"execArgv\",\"runnerEnv\",\"runner\",\"shard\",\"specFileRetries\",\"specFileRetriesDelay\",\"specFileRetriesDeferred\",\"reporterSyncInterval\",\"reporterSyncTimeout\",\"cucumberFeaturesWithLineNumbers\",\"autoCompileOpts\",\"mochaOpts\",\"jasmineOpts\",\"cucumberOpts\",\"onPrepare\",\"onWorkerStart\",\"onWorkerEnd\",\"before\",\"beforeSession\",\"beforeSuite\",\"beforeHook\",\"beforeTest\",\"afterTest\",\"afterHook\",\"afterSuite\",\"afterSession\",\"after\",\"onComplete\",\"beforeAssertion\",\"afterAssertion\",\"beforeFeature\",\"beforeScenario\",\"beforeStep\",\"afterStep\",\"afterScenario\",\"afterFeature\",\"_\",\"suite\",\"$0\",\"ignoredWorkerServices\",\"wdi5\"]"}]}
COMMAND: POST /session/56f047ff2d8b79b5fb882765d60ddf9f/execute/async - {"script":"<script> [21126 bytes]","args":[35000]}
RESULT: {"script":"<script> [21126 bytes]","args":[35000]}
COMMAND: POST /session/56f047ff2d8b79b5fb882765d60ddf9f/element - {"using":"css selector","value":"#shell-header-logo"}
RESULT: {"using":"css selector","value":"#shell-header-logo"}
COMMAND: POST /session/56f047ff2d8b79b5fb882765d60ddf9f/element/f.918672ED9AB3AB03A4F724C7637EDD7B.d.D932827952F2BE7E29FD3185A7D8D08F.e.4614/click - {}
RESULT: {}
COMMAND: GET /session/56f047ff2d8b79b5fb882765d60ddf9f/screenshot - {}
COMMAND: POST /session/56f047ff2d8b79b5fb882765d60ddf9f/element - {"using":"css selector","value":"#shell-header-logo"}
RESULT: {}
RESULT: {"using":"css selector","value":"#shell-header-logo"}
COMMAND: POST /session/56f047ff2d8b79b5fb882765d60ddf9f/element/f.918672ED9AB3AB03A4F724C7637EDD7B.d.D932827952F2BE7E29FD3185A7D8D08F.e.4798/click - {}
RESULT: {}
COMMAND: GET /session/56f047ff2d8b79b5fb882765d60ddf9f/screenshot - {}
RESULT: {}
]]></system-out>
    </testcase>
    <testcase classname="chrome.136_0_7103_49.windows.Manage_request_+_Contract_processing_pick_up_option_US120163_" name="Should Create New Request pick up option" time="184.099">
      <system-out><![CDATA[
COMMAND: POST /session/56f047ff2d8b79b5fb882765d60ddf9f/element - {"using":"css selector","value":"#shell-header-logo"}
RESULT: {"using":"css selector","value":"#shell-header-logo"}
COMMAND: POST /session/56f047ff2d8b79b5fb882765d60ddf9f/element/f.918672ED9AB3AB03A4F724C7637EDD7B.d.D932827952F2BE7E29FD3185A7D8D08F.e.4798/click - {}
RESULT: {}
COMMAND: GET /session/56f047ff2d8b79b5fb882765d60ddf9f/screenshot - {}
RESULT: {}
COMMAND: POST /session/56f047ff2d8b79b5fb882765d60ddf9f/execute/async - {"script":"<script> [1562 bytes]","args":[{"selector":{"controlType":"sap.m.GenericTile","properties":{"header":"Manage Requests"}},"wdio_ui5_key":"sapm.GenericTile{\"header\":\"Manage Requests\"}"}]}
RESULT: {"script":"<script> [1562 bytes]","args":[{"selector":{"controlType":"sap.m.GenericTile","properties":{"header":"Manage Requests"}},"wdio_ui5_key":"sapm.GenericTile{\"header\":\"Manage Requests\"}"}]}
RESULT: undefined
COMMAND: POST /session/56f047ff2d8b79b5fb882765d60ddf9f/element - {"using":"xpath","value":"//*[@id=\"__tile47\"]"}
RESULT: {"using":"xpath","value":"//*[@id=\"__tile47\"]"}
COMMAND: POST /session/56f047ff2d8b79b5fb882765d60ddf9f/element/f.918672ED9AB3AB03A4F724C7637EDD7B.d.D932827952F2BE7E29FD3185A7D8D08F.e.4799/click - {}
RESULT: {}
COMMAND: GET /session/56f047ff2d8b79b5fb882765d60ddf9f/screenshot - {}
RESULT: {}
COMMAND: POST /session/56f047ff2d8b79b5fb882765d60ddf9f/elements - {"using":"xpath","value":"//span[text()='Error']"}
RESULT: {"using":"xpath","value":"//span[text()='Error']"}
COMMAND: POST /session/56f047ff2d8b79b5fb882765d60ddf9f/refresh - {}
RESULT: {}
COMMAND: GET /session/56f047ff2d8b79b5fb882765d60ddf9f/screenshot - {}
RESULT: {}
COMMAND: POST /session/56f047ff2d8b79b5fb882765d60ddf9f/execute/async - {"script":"<script> [189 bytes]","args":[]}
RESULT: {"script":"<script> [189 bytes]","args":[]}
COMMAND: POST /session/56f047ff2d8b79b5fb882765d60ddf9f/execute/async - {"script":"<script> [123 bytes]","args":[]}
RESULT: {"script":"<script> [123 bytes]","args":[]}
COMMAND: POST /session/56f047ff2d8b79b5fb882765d60ddf9f/timeouts - {"script":"<number>"}
RESULT: {"script":"<number>"}
COMMAND: GET /session/56f047ff2d8b79b5fb882765d60ddf9f/timeouts - {}
RESULT: {}
RESULT: undefined
COMMAND: POST /session/56f047ff2d8b79b5fb882765d60ddf9f/execute/async - {"script":"<script> [2676 bytes]","args":[]}
RESULT: {"script":"<script> [2676 bytes]","args":[]}
COMMAND: POST /session/56f047ff2d8b79b5fb882765d60ddf9f/execute/async - {"script":"<script> [2342 bytes]","args":[{"protocol":"http","hostname":"0.0.0.0","path":"/","capabilities":{"browserName":"chrome","goog:chromeOptions":{"binary":"C:\\Program Files\\Google\\Chrome\\Application\\chrome.exe","args":["--start-maximized"]}},"logLevel":"warn","connectionRetryTimeout":120000,"connectionRetryCount":3,"logLevels":{},"enableDirectConnect":true,"strictSSL":true,"_":"65 more keys: [\"cacheDir\",\"port\",\"requestedCapabilities\",\"automationProtocol\",\"baseUrl\",\"waitforInterval\",\"waitforTimeout\",\"onReload\",\"beforeCommand\",\"afterCommand\",\"rootDir\",\"specs\",\"suites\",\"exclude\",\"groupLogsByTestSpec\",\"excludeDriverLogs\",\"bail\",\"framework\",\"reporters\",\"services\",\"maxInstances\",\"maxInstancesPerCapability\",\"injectGlobals\",\"filesToWatch\",\"execArgv\",\"runnerEnv\",\"runner\",\"shard\",\"specFileRetries\",\"specFileRetriesDelay\",\"specFileRetriesDeferred\",\"reporterSyncInterval\",\"reporterSyncTimeout\",\"cucumberFeaturesWithLineNumbers\",\"autoCompileOpts\",\"mochaOpts\",\"jasmineOpts\",\"cucumberOpts\",\"onPrepare\",\"onWorkerStart\",\"onWorkerEnd\",\"before\",\"beforeSession\",\"beforeSuite\",\"beforeHook\",\"beforeTest\",\"afterTest\",\"afterHook\",\"afterSuite\",\"afterSession\",\"after\",\"onComplete\",\"beforeAssertion\",\"afterAssertion\",\"beforeFeature\",\"beforeScenario\",\"beforeStep\",\"afterStep\",\"afterScenario\",\"afterFeature\",\"_\",\"suite\",\"$0\",\"ignoredWorkerServices\",\"wdi5\"]"}]}
RESULT: {"script":"<script> [2342 bytes]","args":[{"protocol":"http","hostname":"0.0.0.0","path":"/","capabilities":{"browserName":"chrome","goog:chromeOptions":{"binary":"C:\\Program Files\\Google\\Chrome\\Application\\chrome.exe","args":["--start-maximized"]}},"logLevel":"warn","connectionRetryTimeout":120000,"connectionRetryCount":3,"logLevels":{},"enableDirectConnect":true,"strictSSL":true,"_":"65 more keys: [\"cacheDir\",\"port\",\"requestedCapabilities\",\"automationProtocol\",\"baseUrl\",\"waitforInterval\",\"waitforTimeout\",\"onReload\",\"beforeCommand\",\"afterCommand\",\"rootDir\",\"specs\",\"suites\",\"exclude\",\"groupLogsByTestSpec\",\"excludeDriverLogs\",\"bail\",\"framework\",\"reporters\",\"services\",\"maxInstances\",\"maxInstancesPerCapability\",\"injectGlobals\",\"filesToWatch\",\"execArgv\",\"runnerEnv\",\"runner\",\"shard\",\"specFileRetries\",\"specFileRetriesDelay\",\"specFileRetriesDeferred\",\"reporterSyncInterval\",\"reporterSyncTimeout\",\"cucumberFeaturesWithLineNumbers\",\"autoCompileOpts\",\"mochaOpts\",\"jasmineOpts\",\"cucumberOpts\",\"onPrepare\",\"onWorkerStart\",\"onWorkerEnd\",\"before\",\"beforeSession\",\"beforeSuite\",\"beforeHook\",\"beforeTest\",\"afterTest\",\"afterHook\",\"afterSuite\",\"afterSession\",\"after\",\"onComplete\",\"beforeAssertion\",\"afterAssertion\",\"beforeFeature\",\"beforeScenario\",\"beforeStep\",\"afterStep\",\"afterScenario\",\"afterFeature\",\"_\",\"suite\",\"$0\",\"ignoredWorkerServices\",\"wdi5\"]"}]}
COMMAND: POST /session/56f047ff2d8b79b5fb882765d60ddf9f/execute/async - {"script":"<script> [21126 bytes]","args":[35000]}
RESULT: {"script":"<script> [21126 bytes]","args":[35000]}
COMMAND: POST /session/56f047ff2d8b79b5fb882765d60ddf9f/element - {"using":"xpath","value":"//button[contains(@data-kt ,\"btnCreateNewOverflowToolbarButton\")]"}
COMMAND: POST /session/56f047ff2d8b79b5fb882765d60ddf9f/element - {"using":"xpath","value":"(//span[contains(@class ,\"sapMObjStatusText\")])[1]"}
RESULT: {"using":"xpath","value":"//button[contains(@data-kt ,\"btnCreateNewOverflowToolbarButton\")]"}
COMMAND: POST /session/56f047ff2d8b79b5fb882765d60ddf9f/element/f.918672ED9AB3AB03A4F724C7637EDD7B.d.3D2E9C9FEF13B1BB8CDE67D9DDD02FF6.e.4954/click - {}
RESULT: {"using":"xpath","value":"(//span[contains(@class ,\"sapMObjStatusText\")])[1]"}
COMMAND: POST /session/56f047ff2d8b79b5fb882765d60ddf9f/execute/sync - {"script":"<script> [8489 bytes]","args":[{"element-6066-11e4-a52e-4f735466cecf":"f.918672ED9AB3AB03A4F724C7637EDD7B.d.3D2E9C9FEF13B1BB8CDE67D9DDD02FF6.e.4988","ELEMENT":"f.918672ED9AB3AB03A4F724C7637EDD7B.d.3D2E9C9FEF13B1BB8CDE67D9DDD02FF6.e.4988"}]}
RESULT: {}
COMMAND: GET /session/56f047ff2d8b79b5fb882765d60ddf9f/screenshot - {}
RESULT: {"script":"<script> [8489 bytes]","args":[{"element-6066-11e4-a52e-4f735466cecf":"f.918672ED9AB3AB03A4F724C7637EDD7B.d.3D2E9C9FEF13B1BB8CDE67D9DDD02FF6.e.4988","ELEMENT":"f.918672ED9AB3AB03A4F724C7637EDD7B.d.3D2E9C9FEF13B1BB8CDE67D9DDD02FF6.e.4988"}]}
COMMAND: GET /session/56f047ff2d8b79b5fb882765d60ddf9f/screenshot - {}
RESULT: {}
RESULT: {}
COMMAND: POST /session/56f047ff2d8b79b5fb882765d60ddf9f/element - {"using":"xpath","value":"//input[contains(@id ,\"yardId-inner\")]"}
RESULT: {"using":"xpath","value":"//input[contains(@id ,\"yardId-inner\")]"}
COMMAND: POST /session/56f047ff2d8b79b5fb882765d60ddf9f/execute/sync - {"script":"<script> [8489 bytes]","args":[{"element-6066-11e4-a52e-4f735466cecf":"f.918672ED9AB3AB03A4F724C7637EDD7B.d.3D2E9C9FEF13B1BB8CDE67D9DDD02FF6.e.5074","ELEMENT":"f.918672ED9AB3AB03A4F724C7637EDD7B.d.3D2E9C9FEF13B1BB8CDE67D9DDD02FF6.e.5074"}]}
RESULT: {"script":"<script> [8489 bytes]","args":[{"element-6066-11e4-a52e-4f735466cecf":"f.918672ED9AB3AB03A4F724C7637EDD7B.d.3D2E9C9FEF13B1BB8CDE67D9DDD02FF6.e.5074","ELEMENT":"f.918672ED9AB3AB03A4F724C7637EDD7B.d.3D2E9C9FEF13B1BB8CDE67D9DDD02FF6.e.5074"}]}
COMMAND: POST /session/56f047ff2d8b79b5fb882765d60ddf9f/element - {"using":"xpath","value":"//input[contains(@id ,\"requestContractNo-inner\")]"}
COMMAND: POST /session/56f047ff2d8b79b5fb882765d60ddf9f/element - {"using":"xpath","value":"//input[contains(@id ,\"yardId-inner\")]"}
COMMAND: GET /session/56f047ff2d8b79b5fb882765d60ddf9f/screenshot - {}
RESULT: {"using":"xpath","value":"//input[contains(@id ,\"requestContractNo-inner\")]"}
COMMAND: POST /session/56f047ff2d8b79b5fb882765d60ddf9f/element/f.918672ED9AB3AB03A4F724C7637EDD7B.d.3D2E9C9FEF13B1BB8CDE67D9DDD02FF6.e.5071/value - {"text":"10198"}
RESULT: {"using":"xpath","value":"//input[contains(@id ,\"yardId-inner\")]"}
COMMAND: GET /session/56f047ff2d8b79b5fb882765d60ddf9f/element/f.918672ED9AB3AB03A4F724C7637EDD7B.d.3D2E9C9FEF13B1BB8CDE67D9DDD02FF6.e.5074/enabled - {}
RESULT: {}
RESULT: {"text":"10198"}
COMMAND: GET /session/56f047ff2d8b79b5fb882765d60ddf9f/screenshot - {}
RESULT: {}
COMMAND: GET /session/56f047ff2d8b79b5fb882765d60ddf9f/screenshot - {}
RESULT: {}
RESULT: {}
COMMAND: POST /session/56f047ff2d8b79b5fb882765d60ddf9f/actions - {"actions":[{"id":"action37","type":"key","parameters":{},"actions":[{"type":"keyDown","value":"î€‡"},{"type":"pause","duration":10},{"type":"keyUp","value":"î€‡"}]}]}
RESULT: {"actions":[{"id":"action37","type":"key","parameters":{},"actions":[{"type":"keyDown","value":"î€‡"},{"type":"pause","duration":10},{"type":"keyUp","value":"î€‡"}]}]}
COMMAND: GET /session/56f047ff2d8b79b5fb882765d60ddf9f/screenshot - {}
RESULT: {}
COMMAND: POST /session/56f047ff2d8b79b5fb882765d60ddf9f/execute/async - {"script":"<script> [1562 bytes]","args":[{"selector":{"controlType":"sap.m.Button","viewName":"etm.portal.ui.managerequests.view.NewRequest","properties":{"text":"Items"},"interaction":{"idSuffix":"BDI-content"}},"wdio_ui5_key":"etmportal.ui.managerequests.view.NewRequestsap.m.Button{\"text\":\"Items\"}"}]}
RESULT: {"script":"<script> [1562 bytes]","args":[{"selector":{"controlType":"sap.m.Button","viewName":"etm.portal.ui.managerequests.view.NewRequest","properties":{"text":"Items"},"interaction":{"idSuffix":"BDI-content"}},"wdio_ui5_key":"etmportal.ui.managerequests.view.NewRequestsap.m.Button{\"text\":\"Items\"}"}]}
RESULT: undefined
COMMAND: POST /session/56f047ff2d8b79b5fb882765d60ddf9f/element - {"using":"xpath","value":"//*[@id=\"__xmlview1--newRequestPage-anchBar-__xmlview1--requestItemsSection-anchor\"]"}
RESULT: {"using":"xpath","value":"//*[@id=\"__xmlview1--newRequestPage-anchBar-__xmlview1--requestItemsSection-anchor\"]"}
COMMAND: POST /session/56f047ff2d8b79b5fb882765d60ddf9f/element/f.918672ED9AB3AB03A4F724C7637EDD7B.d.3D2E9C9FEF13B1BB8CDE67D9DDD02FF6.e.5267/click - {}
RESULT: {}
COMMAND: GET /session/56f047ff2d8b79b5fb882765d60ddf9f/screenshot - {}
RESULT: {}
COMMAND: POST /session/56f047ff2d8b79b5fb882765d60ddf9f/execute/async - {"script":"<script> [1562 bytes]","args":[{"selector":{"controlType":"sap.ui.core.Icon","viewName":"etm.portal.ui.managerequests.view.NewRequest","properties":{"src":{"regex":{"source":"inspect"}}}},"wdio_ui5_key":"etmportal.ui.managerequests.view.NewRequestsap.ui.core.Icon{\"src\":{\"regex\":{\"source\":\"inspect\"}}}"}]}
RESULT: {"script":"<script> [1562 bytes]","args":[{"selector":{"controlType":"sap.ui.core.Icon","viewName":"etm.portal.ui.managerequests.view.NewRequest","properties":{"src":{"regex":{"source":"inspect"}}}},"wdio_ui5_key":"etmportal.ui.managerequests.view.NewRequestsap.ui.core.Icon{\"src\":{\"regex\":{\"source\":\"inspect\"}}}"}]}
RESULT: undefined
COMMAND: POST /session/56f047ff2d8b79b5fb882765d60ddf9f/element - {"using":"xpath","value":"//*[@id=\"__button8-img\"]"}
RESULT: {"using":"xpath","value":"//*[@id=\"__button8-img\"]"}
COMMAND: POST /session/56f047ff2d8b79b5fb882765d60ddf9f/element/f.918672ED9AB3AB03A4F724C7637EDD7B.d.3D2E9C9FEF13B1BB8CDE67D9DDD02FF6.e.5271/click - {}
RESULT: {}
COMMAND: GET /session/56f047ff2d8b79b5fb882765d60ddf9f/screenshot - {}
RESULT: {}
COMMAND: POST /session/56f047ff2d8b79b5fb882765d60ddf9f/execute/async - {"script":"<script> [1562 bytes]","args":[{"selector":{"controlType":"sap.ui.core.Icon","viewName":"etm.portal.ui.managerequests.view.NewRequest","properties":{"src":{"regex":{"source":"add"}}}},"wdio_ui5_key":"etmportal.ui.managerequests.view.NewRequestsap.ui.core.Icon{\"src\":{\"regex\":{\"source\":\"add\"}}}"}]}
RESULT: {"script":"<script> [1562 bytes]","args":[{"selector":{"controlType":"sap.ui.core.Icon","viewName":"etm.portal.ui.managerequests.view.NewRequest","properties":{"src":{"regex":{"source":"add"}}}},"wdio_ui5_key":"etmportal.ui.managerequests.view.NewRequestsap.ui.core.Icon{\"src\":{\"regex\":{\"source\":\"add\"}}}"}]}
RESULT: undefined
COMMAND: POST /session/56f047ff2d8b79b5fb882765d60ddf9f/element - {"using":"xpath","value":"//*[@id=\"__xmlview1--btnAddTableRow-img\"]"}
RESULT: {"using":"xpath","value":"//*[@id=\"__xmlview1--btnAddTableRow-img\"]"}
COMMAND: POST /session/56f047ff2d8b79b5fb882765d60ddf9f/element/f.918672ED9AB3AB03A4F724C7637EDD7B.d.3D2E9C9FEF13B1BB8CDE67D9DDD02FF6.e.5279/click - {}
RESULT: {}
COMMAND: GET /session/56f047ff2d8b79b5fb882765d60ddf9f/screenshot - {}
RESULT: {}
COMMAND: POST /session/56f047ff2d8b79b5fb882765d60ddf9f/execute/async - {"script":"<script> [1562 bytes]","args":[{"selector":{"controlType":"sap.ui.unified.MenuItem","viewName":"etm.portal.ui.managerequests.view.NewRequest","i18NText":{"propertyName":"text","key":"standardEntry"},"searchOpenDialogs":true,"interaction":{"idSuffix":"txt"}},"wdio_ui5_key":"etmportal.ui.managerequests.view.NewRequestsap.ui.unified.MenuItem{\"propertyName\":\"text\",\"key\":\"standardEntry\"}"}]}
RESULT: {"script":"<script> [1562 bytes]","args":[{"selector":{"controlType":"sap.ui.unified.MenuItem","viewName":"etm.portal.ui.managerequests.view.NewRequest","i18NText":{"propertyName":"text","key":"standardEntry"},"searchOpenDialogs":true,"interaction":{"idSuffix":"txt"}},"wdio_ui5_key":"etmportal.ui.managerequests.view.NewRequestsap.ui.unified.MenuItem{\"propertyName\":\"text\",\"key\":\"standardEntry\"}"}]}
RESULT: undefined
COMMAND: POST /session/56f047ff2d8b79b5fb882765d60ddf9f/element - {"using":"xpath","value":"//*[@id=\"__item171\"]"}
RESULT: {"using":"xpath","value":"//*[@id=\"__item171\"]"}
COMMAND: POST /session/56f047ff2d8b79b5fb882765d60ddf9f/element/f.918672ED9AB3AB03A4F724C7637EDD7B.d.3D2E9C9FEF13B1BB8CDE67D9DDD02FF6.e.5283/click - {}
RESULT: {}
COMMAND: GET /session/56f047ff2d8b79b5fb882765d60ddf9f/screenshot - {}
RESULT: undefined
COMMAND: POST /session/56f047ff2d8b79b5fb882765d60ddf9f/element - {"using":"xpath","value":"//*[@id=\"__xmlview1--btnAddTableRow-img\"]"}
RESULT: {}
RESULT: {"using":"xpath","value":"//*[@id=\"__xmlview1--btnAddTableRow-img\"]"}
COMMAND: POST /session/56f047ff2d8b79b5fb882765d60ddf9f/element/f.918672ED9AB3AB03A4F724C7637EDD7B.d.3D2E9C9FEF13B1BB8CDE67D9DDD02FF6.e.5279/click - {}
RESULT: {}
COMMAND: GET /session/56f047ff2d8b79b5fb882765d60ddf9f/screenshot - {}
RESULT: {}
RESULT: undefined
COMMAND: POST /session/56f047ff2d8b79b5fb882765d60ddf9f/element - {"using":"xpath","value":"//*[@id=\"__item171\"]"}
RESULT: {"using":"xpath","value":"//*[@id=\"__item171\"]"}
COMMAND: POST /session/56f047ff2d8b79b5fb882765d60ddf9f/element/f.918672ED9AB3AB03A4F724C7637EDD7B.d.3D2E9C9FEF13B1BB8CDE67D9DDD02FF6.e.5298/click - {}
RESULT: {}
COMMAND: GET /session/56f047ff2d8b79b5fb882765d60ddf9f/screenshot - {}
RESULT: {}
COMMAND: POST /session/56f047ff2d8b79b5fb882765d60ddf9f/element - {"using":"xpath","value":"(//input[contains(@id ,\"requestItemsTable-0-inner\")])[5]"}
RESULT: {"using":"xpath","value":"(//input[contains(@id ,\"requestItemsTable-0-inner\")])[5]"}
COMMAND: POST /session/56f047ff2d8b79b5fb882765d60ddf9f/element/f.918672ED9AB3AB03A4F724C7637EDD7B.d.3D2E9C9FEF13B1BB8CDE67D9DDD02FF6.e.5289/clear - {}
RESULT: {}
COMMAND: POST /session/56f047ff2d8b79b5fb882765d60ddf9f/element/f.918672ED9AB3AB03A4F724C7637EDD7B.d.3D2E9C9FEF13B1BB8CDE67D9DDD02FF6.e.5289/value - {"text":"1000001"}
COMMAND: GET /session/56f047ff2d8b79b5fb882765d60ddf9f/screenshot - {}
RESULT: {"text":"1000001"}
COMMAND: GET /session/56f047ff2d8b79b5fb882765d60ddf9f/screenshot - {}
RESULT: {}
RESULT: {}
COMMAND: POST /session/56f047ff2d8b79b5fb882765d60ddf9f/actions - {"actions":[{"id":"action38","type":"key","parameters":{},"actions":[{"type":"keyDown","value":"î€‡"},{"type":"pause","duration":10},{"type":"keyUp","value":"î€‡"}]}]}
RESULT: {"actions":[{"id":"action38","type":"key","parameters":{},"actions":[{"type":"keyDown","value":"î€‡"},{"type":"pause","duration":10},{"type":"keyUp","value":"î€‡"}]}]}
COMMAND: POST /session/56f047ff2d8b79b5fb882765d60ddf9f/element - {"using":"xpath","value":"(//input[contains(@id ,\"requestItemsTable-1-inner\")])[5]"}
COMMAND: GET /session/56f047ff2d8b79b5fb882765d60ddf9f/screenshot - {}
RESULT: {"using":"xpath","value":"(//input[contains(@id ,\"requestItemsTable-1-inner\")])[5]"}
COMMAND: POST /session/56f047ff2d8b79b5fb882765d60ddf9f/element/f.918672ED9AB3AB03A4F724C7637EDD7B.d.3D2E9C9FEF13B1BB8CDE67D9DDD02FF6.e.5304/clear - {}
RESULT: {}
RESULT: {}
COMMAND: POST /session/56f047ff2d8b79b5fb882765d60ddf9f/element/f.918672ED9AB3AB03A4F724C7637EDD7B.d.3D2E9C9FEF13B1BB8CDE67D9DDD02FF6.e.5304/value - {"text":"200142"}
COMMAND: GET /session/56f047ff2d8b79b5fb882765d60ddf9f/screenshot - {}
RESULT: {"text":"200142"}
COMMAND: GET /session/56f047ff2d8b79b5fb882765d60ddf9f/screenshot - {}
RESULT: {}
RESULT: {}
COMMAND: POST /session/56f047ff2d8b79b5fb882765d60ddf9f/actions - {"actions":[{"id":"action39","type":"key","parameters":{},"actions":[{"type":"keyDown","value":"î€‡"},{"type":"pause","duration":10},{"type":"keyUp","value":"î€‡"}]}]}
RESULT: {"actions":[{"id":"action39","type":"key","parameters":{},"actions":[{"type":"keyDown","value":"î€‡"},{"type":"pause","duration":10},{"type":"keyUp","value":"î€‡"}]}]}
COMMAND: POST /session/56f047ff2d8b79b5fb882765d60ddf9f/element - {"using":"xpath","value":"//div[contains(@data-kt ,\"splitAllocationObjectStatus\")]"}
COMMAND: GET /session/56f047ff2d8b79b5fb882765d60ddf9f/screenshot - {}
RESULT: {"using":"xpath","value":"//div[contains(@data-kt ,\"splitAllocationObjectStatus\")]"}
COMMAND: POST /session/56f047ff2d8b79b5fb882765d60ddf9f/elements - {"using":"xpath","value":"//div[contains(@data-kt ,\"splitAllocationObjectStatus\")]"}
RESULT: {}
RESULT: {"using":"xpath","value":"//div[contains(@data-kt ,\"splitAllocationObjectStatus\")]"}
COMMAND: POST /session/56f047ff2d8b79b5fb882765d60ddf9f/execute/async - {"script":"<script> [1562 bytes]","args":[{"selector":{"controlType":"sap.ui.core.Icon","viewName":"etm.portal.ui.managerequests.view.NewRequest","properties":{"src":{"regex":{"source":"message\\-error"}}},"ancestor":{"controlType":"sap.m.ColumnListItem","viewName":"etm.portal.ui.managerequests.view.NewRequest","bindingPath":{"modelName":"newRequestItems","path":"/RequestItems/0"},"ancestor":{"id":"requestItemsTable","viewName":"etm.portal.ui.managerequests.view.NewRequest"}}},"wdio_ui5_key":"etmportal.ui.managerequests.view.NewRequestsap.ui.core.Icon{\"src\":{\"regex\":{\"source\":\"message\\\\-error\"}}}{\"controlType\":\"sap.m.ColumnListItem\",\"viewName\":\"etm.portal.ui.managerequests.view.NewRequest\",\"bindingPath\":{\"modelName\":\"newRequestItems\",\"path\":\"/RequestItems/0\"},\"ancestor\":{\"id\":\"requestItemsTable\",\"viewName\":\"etm.portal.ui.managerequests.view.NewRequest\"}}"}]}
RESULT: {"script":"<script> [1562 bytes]","args":[{"selector":{"controlType":"sap.ui.core.Icon","viewName":"etm.portal.ui.managerequests.view.NewRequest","properties":{"src":{"regex":{"source":"message\\-error"}}},"ancestor":{"controlType":"sap.m.ColumnListItem","viewName":"etm.portal.ui.managerequests.view.NewRequest","bindingPath":{"modelName":"newRequestItems","path":"/RequestItems/0"},"ancestor":{"id":"requestItemsTable","viewName":"etm.portal.ui.managerequests.view.NewRequest"}}},"wdio_ui5_key":"etmportal.ui.managerequests.view.NewRequestsap.ui.core.Icon{\"src\":{\"regex\":{\"source\":\"message\\\\-error\"}}}{\"controlType\":\"sap.m.ColumnListItem\",\"viewName\":\"etm.portal.ui.managerequests.view.NewRequest\",\"bindingPath\":{\"modelName\":\"newRequestItems\",\"path\":\"/RequestItems/0\"},\"ancestor\":{\"id\":\"requestItemsTable\",\"viewName\":\"etm.portal.ui.managerequests.view.NewRequest\"}}"}]}
RESULT: undefined
COMMAND: POST /session/56f047ff2d8b79b5fb882765d60ddf9f/element - {"using":"xpath","value":"//*[@id=\"__status4-__xmlview1--requestItemsTable-0-icon\"]"}
RESULT: {"using":"xpath","value":"//*[@id=\"__status4-__xmlview1--requestItemsTable-0-icon\"]"}
COMMAND: POST /session/56f047ff2d8b79b5fb882765d60ddf9f/element/f.918672ED9AB3AB03A4F724C7637EDD7B.d.3D2E9C9FEF13B1BB8CDE67D9DDD02FF6.e.5316/click - {}
RESULT: {}
COMMAND: GET /session/56f047ff2d8b79b5fb882765d60ddf9f/screenshot - {}
RESULT: {}
COMMAND: POST /session/56f047ff2d8b79b5fb882765d60ddf9f/execute/async - {"script":"<script> [1562 bytes]","args":[{"selector":{"id":"costObjectAdminTypeComboBox","viewName":"etm.portal.ui.managerequests.view.NewRequest","searchOpenDialogs":true,"interaction":{"idSuffix":"inner"}},"wdio_ui5_key":"costObjectAdminTypeComboBoxetmportal.ui.managerequests.view.NewRequest"}]}
RESULT: {"script":"<script> [1562 bytes]","args":[{"selector":{"id":"costObjectAdminTypeComboBox","viewName":"etm.portal.ui.managerequests.view.NewRequest","searchOpenDialogs":true,"interaction":{"idSuffix":"inner"}},"wdio_ui5_key":"costObjectAdminTypeComboBoxetmportal.ui.managerequests.view.NewRequest"}]}
RESULT: undefined
COMMAND: POST /session/56f047ff2d8b79b5fb882765d60ddf9f/execute/async - {"script":"<script> [776 bytes]","args":[{"enterText":"Cost Center","selector":{"id":"costObjectAdminTypeComboBox","viewName":"etm.portal.ui.managerequests.view.NewRequest","searchOpenDialogs":true,"interaction":{"idSuffix":"inner"}},"clearTextFirst":true,"interactionType":"ENTER_TEXT"}]}
RESULT: {"script":"<script> [776 bytes]","args":[{"enterText":"Cost Center","selector":{"id":"costObjectAdminTypeComboBox","viewName":"etm.portal.ui.managerequests.view.NewRequest","searchOpenDialogs":true,"interaction":{"idSuffix":"inner"}},"clearTextFirst":true,"interactionType":"ENTER_TEXT"}]}
COMMAND: POST /session/56f047ff2d8b79b5fb882765d60ddf9f/actions - {"actions":[{"id":"action40","type":"key","parameters":{},"actions":[{"type":"keyDown","value":"î€‡"},{"type":"pause","duration":10},{"type":"keyUp","value":"î€‡"}]}]}
RESULT: {"actions":[{"id":"action40","type":"key","parameters":{},"actions":[{"type":"keyDown","value":"î€‡"},{"type":"pause","duration":10},{"type":"keyUp","value":"î€‡"}]}]}
COMMAND: GET /session/56f047ff2d8b79b5fb882765d60ddf9f/screenshot - {}
RESULT: {}
COMMAND: POST /session/56f047ff2d8b79b5fb882765d60ddf9f/execute/async - {"script":"<script> [1562 bytes]","args":[{"selector":{"id":"costObjectIdComboBox","viewName":"etm.portal.ui.managerequests.view.NewRequest","searchOpenDialogs":true,"interaction":{"idSuffix":"inner"}},"wdio_ui5_key":"costObjectIdComboBoxetmportal.ui.managerequests.view.NewRequest"}]}
RESULT: {"script":"<script> [1562 bytes]","args":[{"selector":{"id":"costObjectIdComboBox","viewName":"etm.portal.ui.managerequests.view.NewRequest","searchOpenDialogs":true,"interaction":{"idSuffix":"inner"}},"wdio_ui5_key":"costObjectIdComboBoxetmportal.ui.managerequests.view.NewRequest"}]}
RESULT: undefined
COMMAND: POST /session/56f047ff2d8b79b5fb882765d60ddf9f/execute/async - {"script":"<script> [776 bytes]","args":[{"enterText":"1001 - 1001","selector":{"id":"costObjectIdComboBox","viewName":"etm.portal.ui.managerequests.view.NewRequest","searchOpenDialogs":true,"interaction":{"idSuffix":"inner"}},"clearTextFirst":true,"interactionType":"ENTER_TEXT"}]}
RESULT: {"script":"<script> [776 bytes]","args":[{"enterText":"1001 - 1001","selector":{"id":"costObjectIdComboBox","viewName":"etm.portal.ui.managerequests.view.NewRequest","searchOpenDialogs":true,"interaction":{"idSuffix":"inner"}},"clearTextFirst":true,"interactionType":"ENTER_TEXT"}]}
COMMAND: POST /session/56f047ff2d8b79b5fb882765d60ddf9f/actions - {"actions":[{"id":"action41","type":"key","parameters":{},"actions":[{"type":"keyDown","value":"î€‡"},{"type":"pause","duration":10},{"type":"keyUp","value":"î€‡"}]}]}
RESULT: {"actions":[{"id":"action41","type":"key","parameters":{},"actions":[{"type":"keyDown","value":"î€‡"},{"type":"pause","duration":10},{"type":"keyUp","value":"î€‡"}]}]}
COMMAND: GET /session/56f047ff2d8b79b5fb882765d60ddf9f/screenshot - {}
RESULT: {}
COMMAND: POST /session/56f047ff2d8b79b5fb882765d60ddf9f/element - {"using":"xpath","value":"(//bdi[(text() = 'Save' or . = 'Save')])[1]"}
RESULT: {"using":"xpath","value":"(//bdi[(text() = 'Save' or . = 'Save')])[1]"}
COMMAND: POST /session/56f047ff2d8b79b5fb882765d60ddf9f/element/f.918672ED9AB3AB03A4F724C7637EDD7B.d.3D2E9C9FEF13B1BB8CDE67D9DDD02FF6.e.5331/click - {}
RESULT: {}
COMMAND: POST /session/56f047ff2d8b79b5fb882765d60ddf9f/execute/async - {"script":"<script> [1562 bytes]","args":[{"selector":{"controlType":"sap.ui.core.Icon","viewName":"etm.portal.ui.managerequests.view.NewRequest","properties":{"src":{"regex":{"source":"message\\-error"}}},"ancestor":{"controlType":"sap.m.ColumnListItem","viewName":"etm.portal.ui.managerequests.view.NewRequest","bindingPath":{"modelName":"newRequestItems","path":"/RequestItems/1"},"ancestor":{"id":"requestItemsTable","viewName":"etm.portal.ui.managerequests.view.NewRequest"}}},"wdio_ui5_key":"etmportal.ui.managerequests.view.NewRequestsap.ui.core.Icon{\"src\":{\"regex\":{\"source\":\"message\\\\-error\"}}}{\"controlType\":\"sap.m.ColumnListItem\",\"viewName\":\"etm.portal.ui.managerequests.view.NewRequest\",\"bindingPath\":{\"modelName\":\"newRequestItems\",\"path\":\"/RequestItems/1\"},\"ancestor\":{\"id\":\"requestItemsTable\",\"viewName\":\"etm.portal.ui.managerequests.view.NewRequest\"}}"}]}
COMMAND: GET /session/56f047ff2d8b79b5fb882765d60ddf9f/screenshot - {}
RESULT: {"script":"<script> [1562 bytes]","args":[{"selector":{"controlType":"sap.ui.core.Icon","viewName":"etm.portal.ui.managerequests.view.NewRequest","properties":{"src":{"regex":{"source":"message\\-error"}}},"ancestor":{"controlType":"sap.m.ColumnListItem","viewName":"etm.portal.ui.managerequests.view.NewRequest","bindingPath":{"modelName":"newRequestItems","path":"/RequestItems/1"},"ancestor":{"id":"requestItemsTable","viewName":"etm.portal.ui.managerequests.view.NewRequest"}}},"wdio_ui5_key":"etmportal.ui.managerequests.view.NewRequestsap.ui.core.Icon{\"src\":{\"regex\":{\"source\":\"message\\\\-error\"}}}{\"controlType\":\"sap.m.ColumnListItem\",\"viewName\":\"etm.portal.ui.managerequests.view.NewRequest\",\"bindingPath\":{\"modelName\":\"newRequestItems\",\"path\":\"/RequestItems/1\"},\"ancestor\":{\"id\":\"requestItemsTable\",\"viewName\":\"etm.portal.ui.managerequests.view.NewRequest\"}}"}]}
RESULT: undefined
COMMAND: POST /session/56f047ff2d8b79b5fb882765d60ddf9f/element - {"using":"xpath","value":"//*[@id=\"__status4-__xmlview1--requestItemsTable-1-icon\"]"}
RESULT: {}
RESULT: {"using":"xpath","value":"//*[@id=\"__status4-__xmlview1--requestItemsTable-1-icon\"]"}
COMMAND: POST /session/56f047ff2d8b79b5fb882765d60ddf9f/element/f.918672ED9AB3AB03A4F724C7637EDD7B.d.3D2E9C9FEF13B1BB8CDE67D9DDD02FF6.e.5334/click - {}
RESULT: {}
COMMAND: GET /session/56f047ff2d8b79b5fb882765d60ddf9f/screenshot - {}
RESULT: {}
RESULT: undefined
COMMAND: POST /session/56f047ff2d8b79b5fb882765d60ddf9f/execute/async - {"script":"<script> [776 bytes]","args":[{"enterText":"Cost Center","selector":{"id":"costObjectAdminTypeComboBox","viewName":"etm.portal.ui.managerequests.view.NewRequest","searchOpenDialogs":true,"interaction":{"idSuffix":"inner"}},"clearTextFirst":true,"interactionType":"ENTER_TEXT"}]}
RESULT: {"script":"<script> [776 bytes]","args":[{"enterText":"Cost Center","selector":{"id":"costObjectAdminTypeComboBox","viewName":"etm.portal.ui.managerequests.view.NewRequest","searchOpenDialogs":true,"interaction":{"idSuffix":"inner"}},"clearTextFirst":true,"interactionType":"ENTER_TEXT"}]}
COMMAND: POST /session/56f047ff2d8b79b5fb882765d60ddf9f/actions - {"actions":[{"id":"action42","type":"key","parameters":{},"actions":[{"type":"keyDown","value":"î€‡"},{"type":"pause","duration":10},{"type":"keyUp","value":"î€‡"}]}]}
RESULT: {"actions":[{"id":"action42","type":"key","parameters":{},"actions":[{"type":"keyDown","value":"î€‡"},{"type":"pause","duration":10},{"type":"keyUp","value":"î€‡"}]}]}
COMMAND: GET /session/56f047ff2d8b79b5fb882765d60ddf9f/screenshot - {}
RESULT: {}
RESULT: undefined
COMMAND: POST /session/56f047ff2d8b79b5fb882765d60ddf9f/execute/async - {"script":"<script> [776 bytes]","args":[{"enterText":"1001 - 1001","selector":{"id":"costObjectIdComboBox","viewName":"etm.portal.ui.managerequests.view.NewRequest","searchOpenDialogs":true,"interaction":{"idSuffix":"inner"}},"clearTextFirst":true,"interactionType":"ENTER_TEXT"}]}
RESULT: {"script":"<script> [776 bytes]","args":[{"enterText":"1001 - 1001","selector":{"id":"costObjectIdComboBox","viewName":"etm.portal.ui.managerequests.view.NewRequest","searchOpenDialogs":true,"interaction":{"idSuffix":"inner"}},"clearTextFirst":true,"interactionType":"ENTER_TEXT"}]}
COMMAND: POST /session/56f047ff2d8b79b5fb882765d60ddf9f/actions - {"actions":[{"id":"action43","type":"key","parameters":{},"actions":[{"type":"keyDown","value":"î€‡"},{"type":"pause","duration":10},{"type":"keyUp","value":"î€‡"}]}]}
RESULT: {"actions":[{"id":"action43","type":"key","parameters":{},"actions":[{"type":"keyDown","value":"î€‡"},{"type":"pause","duration":10},{"type":"keyUp","value":"î€‡"}]}]}
COMMAND: GET /session/56f047ff2d8b79b5fb882765d60ddf9f/screenshot - {}
RESULT: {}
COMMAND: POST /session/56f047ff2d8b79b5fb882765d60ddf9f/element - {"using":"xpath","value":"(//bdi[(text() = 'Save' or . = 'Save')])[1]"}
RESULT: {"using":"xpath","value":"(//bdi[(text() = 'Save' or . = 'Save')])[1]"}
COMMAND: POST /session/56f047ff2d8b79b5fb882765d60ddf9f/element/f.918672ED9AB3AB03A4F724C7637EDD7B.d.3D2E9C9FEF13B1BB8CDE67D9DDD02FF6.e.5347/click - {}
RESULT: {}
COMMAND: GET /session/56f047ff2d8b79b5fb882765d60ddf9f/screenshot - {}
RESULT: {}
COMMAND: POST /session/56f047ff2d8b79b5fb882765d60ddf9f/execute/async - {"script":"<script> [1562 bytes]","args":[{"selector":{"controlType":"sap.m.Button","viewName":"etm.portal.ui.managerequests.view.NewRequest","bindingPath":{"path":"/RequestItems/0","propertyPath":"PICK_UP","modelName":"newRequestItems"},"interaction":{"idSuffix":"BDI-content"}},"wdio_ui5_key":"etmportal.ui.managerequests.view.NewRequestsap.m.Button{\"path\":\"/RequestItems/0\",\"propertyPath\":\"PICK_UP\",\"modelName\":\"newRequestItems\"}"}]}
RESULT: {"script":"<script> [1562 bytes]","args":[{"selector":{"controlType":"sap.m.Button","viewName":"etm.portal.ui.managerequests.view.NewRequest","bindingPath":{"path":"/RequestItems/0","propertyPath":"PICK_UP","modelName":"newRequestItems"},"interaction":{"idSuffix":"BDI-content"}},"wdio_ui5_key":"etmportal.ui.managerequests.view.NewRequestsap.m.Button{\"path\":\"/RequestItems/0\",\"propertyPath\":\"PICK_UP\",\"modelName\":\"newRequestItems\"}"}]}
RESULT: undefined
COMMAND: POST /session/56f047ff2d8b79b5fb882765d60ddf9f/element - {"using":"xpath","value":"//*[@id=\"__xmlview1--pickUpItemButton-__xmlview1--requestItemsTable-0\"]"}
RESULT: {"using":"xpath","value":"//*[@id=\"__xmlview1--pickUpItemButton-__xmlview1--requestItemsTable-0\"]"}
COMMAND: POST /session/56f047ff2d8b79b5fb882765d60ddf9f/element/f.918672ED9AB3AB03A4F724C7637EDD7B.d.3D2E9C9FEF13B1BB8CDE67D9DDD02FF6.e.5351/click - {}
RESULT: {}
COMMAND: GET /session/56f047ff2d8b79b5fb882765d60ddf9f/screenshot - {}
RESULT: {}
COMMAND: POST /session/56f047ff2d8b79b5fb882765d60ddf9f/execute/async - {"script":"<script> [1562 bytes]","args":[{"selector":{"controlType":"sap.m.Button","viewName":"etm.portal.ui.managerequests.view.NewRequest","properties":{"text":"Save"},"i18NText":{"propertyName":"tooltip","key":"save"},"interaction":{"idSuffix":"BDI-content"}},"wdio_ui5_key":"etmportal.ui.managerequests.view.NewRequestsap.m.Button{\"propertyName\":\"tooltip\",\"key\":\"save\"}{\"text\":\"Save\"}"}]}
RESULT: {"script":"<script> [1562 bytes]","args":[{"selector":{"controlType":"sap.m.Button","viewName":"etm.portal.ui.managerequests.view.NewRequest","properties":{"text":"Save"},"i18NText":{"propertyName":"tooltip","key":"save"},"interaction":{"idSuffix":"BDI-content"}},"wdio_ui5_key":"etmportal.ui.managerequests.view.NewRequestsap.m.Button{\"propertyName\":\"tooltip\",\"key\":\"save\"}{\"text\":\"Save\"}"}]}
RESULT: undefined
COMMAND: POST /session/56f047ff2d8b79b5fb882765d60ddf9f/element - {"using":"xpath","value":"//*[@id=\"__button11\"]"}
RESULT: {"using":"xpath","value":"//*[@id=\"__button11\"]"}
COMMAND: POST /session/56f047ff2d8b79b5fb882765d60ddf9f/element/f.918672ED9AB3AB03A4F724C7637EDD7B.d.3D2E9C9FEF13B1BB8CDE67D9DDD02FF6.e.5158/click - {}
RESULT: {}
COMMAND: GET /session/56f047ff2d8b79b5fb882765d60ddf9f/screenshot - {}
RESULT: {}
COMMAND: POST /session/56f047ff2d8b79b5fb882765d60ddf9f/execute/async - {"script":"<script> [1562 bytes]","args":[{"selector":{"controlType":"sap.m.Text","searchOpenDialogs":true},"wdio_ui5_key":"sapm.Text"}]}
RESULT: {"script":"<script> [1562 bytes]","args":[{"selector":{"controlType":"sap.m.Text","searchOpenDialogs":true},"wdio_ui5_key":"sapm.Text"}]}
RESULT: undefined
COMMAND: POST /session/56f047ff2d8b79b5fb882765d60ddf9f/execute/async - {"script":"<script> [6424 bytes]","args":[{"element-6066-11e4-a52e-4f735466cecf":"f.918672ED9AB3AB03A4F724C7637EDD7B.d.3D2E9C9FEF13B1BB8CDE67D9DDD02FF6.e.5354"},"getText",[]]}
RESULT: {"script":"<script> [6424 bytes]","args":[{"element-6066-11e4-a52e-4f735466cecf":"f.918672ED9AB3AB03A4F724C7637EDD7B.d.3D2E9C9FEF13B1BB8CDE67D9DDD02FF6.e.5354"},"getText",[]]}
COMMAND: POST /session/56f047ff2d8b79b5fb882765d60ddf9f/execute/async - {"script":"<script> [1562 bytes]","args":[{"selector":{"controlType":"sap.m.Button","properties":{"text":"Close"},"searchOpenDialogs":true,"interaction":{"idSuffix":"BDI-content"}},"wdio_ui5_key":"sapm.Button{\"text\":\"Close\"}"}]}
RESULT: {"script":"<script> [1562 bytes]","args":[{"selector":{"controlType":"sap.m.Button","properties":{"text":"Close"},"searchOpenDialogs":true,"interaction":{"idSuffix":"BDI-content"}},"wdio_ui5_key":"sapm.Button{\"text\":\"Close\"}"}]}
RESULT: undefined
COMMAND: POST /session/56f047ff2d8b79b5fb882765d60ddf9f/element - {"using":"xpath","value":"//*[@id=\"__mbox-btn-0\"]"}
RESULT: {"using":"xpath","value":"//*[@id=\"__mbox-btn-0\"]"}
COMMAND: POST /session/56f047ff2d8b79b5fb882765d60ddf9f/element/f.918672ED9AB3AB03A4F724C7637EDD7B.d.3D2E9C9FEF13B1BB8CDE67D9DDD02FF6.e.5353/click - {}
RESULT: {}
COMMAND: GET /session/56f047ff2d8b79b5fb882765d60ddf9f/screenshot - {}
RESULT: {}
COMMAND: POST /session/56f047ff2d8b79b5fb882765d60ddf9f/execute/async - {"script":"<script> [1562 bytes]","args":[{"selector":{"controlType":"sap.m.Button","viewName":"etm.portal.ui.managerequests.view.Detail","bindingPath":{"path":"/SmartRequestItemsPlanningBoard(ITEM=10m,REQUEST='20097')","propertyPath":"PICK_UP"}},"wdio_ui5_key":"etmportal.ui.managerequests.view.Detailsap.m.Button{\"path\":\"/SmartRequestItemsPlanningBoard(ITEM=10m,REQUEST='20097')\",\"propertyPath\":\"PICK_UP\"}"}]}
RESULT: {"script":"<script> [1562 bytes]","args":[{"selector":{"controlType":"sap.m.Button","viewName":"etm.portal.ui.managerequests.view.Detail","bindingPath":{"path":"/SmartRequestItemsPlanningBoard(ITEM=10m,REQUEST='20097')","propertyPath":"PICK_UP"}},"wdio_ui5_key":"etmportal.ui.managerequests.view.Detailsap.m.Button{\"path\":\"/SmartRequestItemsPlanningBoard(ITEM=10m,REQUEST='20097')\",\"propertyPath\":\"PICK_UP\"}"}]}
RESULT: undefined
COMMAND: POST /session/56f047ff2d8b79b5fb882765d60ddf9f/execute/async - {"script":"<script> [6424 bytes]","args":[{"element-6066-11e4-a52e-4f735466cecf":"f.918672ED9AB3AB03A4F724C7637EDD7B.d.3D2E9C9FEF13B1BB8CDE67D9DDD02FF6.e.5463"},"getType",[]]}
RESULT: {"script":"<script> [6424 bytes]","args":[{"element-6066-11e4-a52e-4f735466cecf":"f.918672ED9AB3AB03A4F724C7637EDD7B.d.3D2E9C9FEF13B1BB8CDE67D9DDD02FF6.e.5463"},"getType",[]]}
COMMAND: POST /session/56f047ff2d8b79b5fb882765d60ddf9f/execute/async - {"script":"<script> [1562 bytes]","args":[{"selector":{"controlType":"sap.m.Button","viewName":"etm.portal.ui.managerequests.view.Detail","bindingPath":{"path":"/SmartRequestItemsPlanningBoard(ITEM=20m,REQUEST='20097')","propertyPath":"PICK_UP"}},"wdio_ui5_key":"etmportal.ui.managerequests.view.Detailsap.m.Button{\"path\":\"/SmartRequestItemsPlanningBoard(ITEM=20m,REQUEST='20097')\",\"propertyPath\":\"PICK_UP\"}"}]}
RESULT: {"script":"<script> [1562 bytes]","args":[{"selector":{"controlType":"sap.m.Button","viewName":"etm.portal.ui.managerequests.view.Detail","bindingPath":{"path":"/SmartRequestItemsPlanningBoard(ITEM=20m,REQUEST='20097')","propertyPath":"PICK_UP"}},"wdio_ui5_key":"etmportal.ui.managerequests.view.Detailsap.m.Button{\"path\":\"/SmartRequestItemsPlanningBoard(ITEM=20m,REQUEST='20097')\",\"propertyPath\":\"PICK_UP\"}"}]}
RESULT: undefined
COMMAND: POST /session/56f047ff2d8b79b5fb882765d60ddf9f/execute/async - {"script":"<script> [6424 bytes]","args":[{"element-6066-11e4-a52e-4f735466cecf":"f.918672ED9AB3AB03A4F724C7637EDD7B.d.3D2E9C9FEF13B1BB8CDE67D9DDD02FF6.e.5486"},"getType",[]]}
RESULT: {"script":"<script> [6424 bytes]","args":[{"element-6066-11e4-a52e-4f735466cecf":"f.918672ED9AB3AB03A4F724C7637EDD7B.d.3D2E9C9FEF13B1BB8CDE67D9DDD02FF6.e.5486"},"getType",[]]}
COMMAND: POST /session/56f047ff2d8b79b5fb882765d60ddf9f/execute/async - {"script":"<script> [1562 bytes]","args":[{"selector":{"id":"pickUpSwitchHeader","viewName":"etm.portal.ui.managerequests.view.Detail","interaction":{"idSuffix":"handle"}},"wdio_ui5_key":"pickUpSwitchHeaderetmportal.ui.managerequests.view.Detail"}]}
RESULT: {"script":"<script> [1562 bytes]","args":[{"selector":{"id":"pickUpSwitchHeader","viewName":"etm.portal.ui.managerequests.view.Detail","interaction":{"idSuffix":"handle"}},"wdio_ui5_key":"pickUpSwitchHeaderetmportal.ui.managerequests.view.Detail"}]}
RESULT: undefined
COMMAND: POST /session/56f047ff2d8b79b5fb882765d60ddf9f/element - {"using":"xpath","value":"//*[@id=\"__xmlview2--pickUpSwitchHeader\"]"}
RESULT: {"using":"xpath","value":"//*[@id=\"__xmlview2--pickUpSwitchHeader\"]"}
COMMAND: POST /session/56f047ff2d8b79b5fb882765d60ddf9f/element/f.918672ED9AB3AB03A4F724C7637EDD7B.d.3D2E9C9FEF13B1BB8CDE67D9DDD02FF6.e.5431/click - {}
RESULT: {}
COMMAND: POST /session/56f047ff2d8b79b5fb882765d60ddf9f/execute/async - {"script":"<script> [1562 bytes]","args":[{"selector":{"controlType":"sap.ui.core.Icon","viewName":"etm.portal.ui.managerequests.view.Detail","properties":{"src":{"regex":{"source":"pushpin\\-off"}}}},"wdio_ui5_key":"etmportal.ui.managerequests.view.Detailsap.ui.core.Icon{\"src\":{\"regex\":{\"source\":\"pushpin\\\\-off\"}}}"}]}
COMMAND: GET /session/56f047ff2d8b79b5fb882765d60ddf9f/screenshot - {}
RESULT: {"script":"<script> [1562 bytes]","args":[{"selector":{"controlType":"sap.ui.core.Icon","viewName":"etm.portal.ui.managerequests.view.Detail","properties":{"src":{"regex":{"source":"pushpin\\-off"}}}},"wdio_ui5_key":"etmportal.ui.managerequests.view.Detailsap.ui.core.Icon{\"src\":{\"regex\":{\"source\":\"pushpin\\\\-off\"}}}"}]}
RESULT: undefined
COMMAND: POST /session/56f047ff2d8b79b5fb882765d60ddf9f/element - {"using":"xpath","value":"//*[@id=\"__xmlview2--detailRequestPage-OPHeaderContent-pinBtn-img\"]"}
RESULT: {}
RESULT: {"using":"xpath","value":"//*[@id=\"__xmlview2--detailRequestPage-OPHeaderContent-pinBtn-img\"]"}
COMMAND: POST /session/56f047ff2d8b79b5fb882765d60ddf9f/element/f.918672ED9AB3AB03A4F724C7637EDD7B.d.3D2E9C9FEF13B1BB8CDE67D9DDD02FF6.e.5439/click - {}
RESULT: {}
RESULT: undefined
COMMAND: POST /session/56f047ff2d8b79b5fb882765d60ddf9f/execute/async - {"script":"<script> [6424 bytes]","args":[{"element-6066-11e4-a52e-4f735466cecf":"f.918672ED9AB3AB03A4F724C7637EDD7B.d.3D2E9C9FEF13B1BB8CDE67D9DDD02FF6.e.5463"},"getType",[]]}
COMMAND: GET /session/56f047ff2d8b79b5fb882765d60ddf9f/screenshot - {}
RESULT: {"script":"<script> [6424 bytes]","args":[{"element-6066-11e4-a52e-4f735466cecf":"f.918672ED9AB3AB03A4F724C7637EDD7B.d.3D2E9C9FEF13B1BB8CDE67D9DDD02FF6.e.5463"},"getType",[]]}
RESULT: undefined
COMMAND: POST /session/56f047ff2d8b79b5fb882765d60ddf9f/execute/async - {"script":"<script> [6424 bytes]","args":[{"element-6066-11e4-a52e-4f735466cecf":"f.918672ED9AB3AB03A4F724C7637EDD7B.d.3D2E9C9FEF13B1BB8CDE67D9DDD02FF6.e.5486"},"getType",[]]}
RESULT: {}
RESULT: {"script":"<script> [6424 bytes]","args":[{"element-6066-11e4-a52e-4f735466cecf":"f.918672ED9AB3AB03A4F724C7637EDD7B.d.3D2E9C9FEF13B1BB8CDE67D9DDD02FF6.e.5486"},"getType",[]]}
COMMAND: POST /session/56f047ff2d8b79b5fb882765d60ddf9f/execute/async - {"script":"<script> [1562 bytes]","args":[{"selector":{"controlType":"sap.ui.core.Icon","viewName":"etm.portal.ui.managerequests.view.Detail","properties":{"src":{"regex":{"source":"date\\-time"}}},"ancestor":{"controlType":"sap.m.ColumnListItem","viewName":"etm.portal.ui.managerequests.view.Detail","bindingPath":{"path":"/SmartRequestItemsPlanningBoard(ITEM=10m,REQUEST='20097')"},"ancestor":{"id":"requestItemsTable","viewName":"etm.portal.ui.managerequests.view.Detail"}}},"wdio_ui5_key":"etmportal.ui.managerequests.view.Detailsap.ui.core.Icon{\"src\":{\"regex\":{\"source\":\"date\\\\-time\"}}}{\"controlType\":\"sap.m.ColumnListItem\",\"viewName\":\"etm.portal.ui.managerequests.view.Detail\",\"bindingPath\":{\"path\":\"/SmartRequestItemsPlanningBoard(ITEM=10m,REQUEST='20097')\"},\"ancestor\":{\"id\":\"requestItemsTable\",\"viewName\":\"etm.portal.ui.managerequests.view.Detail\"}}"}]}
RESULT: {"script":"<script> [1562 bytes]","args":[{"selector":{"controlType":"sap.ui.core.Icon","viewName":"etm.portal.ui.managerequests.view.Detail","properties":{"src":{"regex":{"source":"date\\-time"}}},"ancestor":{"controlType":"sap.m.ColumnListItem","viewName":"etm.portal.ui.managerequests.view.Detail","bindingPath":{"path":"/SmartRequestItemsPlanningBoard(ITEM=10m,REQUEST='20097')"},"ancestor":{"id":"requestItemsTable","viewName":"etm.portal.ui.managerequests.view.Detail"}}},"wdio_ui5_key":"etmportal.ui.managerequests.view.Detailsap.ui.core.Icon{\"src\":{\"regex\":{\"source\":\"date\\\\-time\"}}}{\"controlType\":\"sap.m.ColumnListItem\",\"viewName\":\"etm.portal.ui.managerequests.view.Detail\",\"bindingPath\":{\"path\":\"/SmartRequestItemsPlanningBoard(ITEM=10m,REQUEST='20097')\"},\"ancestor\":{\"id\":\"requestItemsTable\",\"viewName\":\"etm.portal.ui.managerequests.view.Detail\"}}"}]}
RESULT: undefined
COMMAND: POST /session/56f047ff2d8b79b5fb882765d60ddf9f/element - {"using":"xpath","value":"//*[@id=\"__button37-__clone1925-img\"]"}
RESULT: {"using":"xpath","value":"//*[@id=\"__button37-__clone1925-img\"]"}
COMMAND: POST /session/56f047ff2d8b79b5fb882765d60ddf9f/element/f.918672ED9AB3AB03A4F724C7637EDD7B.d.3D2E9C9FEF13B1BB8CDE67D9DDD02FF6.e.5494/click - {}
RESULT: {}
COMMAND: POST /session/56f047ff2d8b79b5fb882765d60ddf9f/execute/async - {"script":"<script> [1562 bytes]","args":[{"selector":{"controlType":"sap.m.Button","viewName":"etm.portal.ui.managerequests.view.Detail","properties":{"text":"Close"},"searchOpenDialogs":true,"interaction":{"idSuffix":"inner"}},"wdio_ui5_key":"etmportal.ui.managerequests.view.Detailsap.m.Button{\"text\":\"Close\"}"}]}
COMMAND: GET /session/56f047ff2d8b79b5fb882765d60ddf9f/screenshot - {}
RESULT: {"script":"<script> [1562 bytes]","args":[{"selector":{"controlType":"sap.m.Button","viewName":"etm.portal.ui.managerequests.view.Detail","properties":{"text":"Close"},"searchOpenDialogs":true,"interaction":{"idSuffix":"inner"}},"wdio_ui5_key":"etmportal.ui.managerequests.view.Detailsap.m.Button{\"text\":\"Close\"}"}]}
RESULT: undefined
COMMAND: POST /session/56f047ff2d8b79b5fb882765d60ddf9f/element - {"using":"xpath","value":"//*[@id=\"__button45\"]"}
RESULT: {}
RESULT: {"using":"xpath","value":"//*[@id=\"__button45\"]"}
COMMAND: POST /session/56f047ff2d8b79b5fb882765d60ddf9f/element/f.918672ED9AB3AB03A4F724C7637EDD7B.d.3D2E9C9FEF13B1BB8CDE67D9DDD02FF6.e.5496/click - {}
RESULT: {}
COMMAND: POST /session/56f047ff2d8b79b5fb882765d60ddf9f/execute/async - {"script":"<script> [1562 bytes]","args":[{"selector":{"controlType":"sap.ui.core.Icon","viewName":"etm.portal.ui.managerequests.view.Detail","properties":{"src":{"regex":{"source":"date\\-time"}}},"ancestor":{"controlType":"sap.m.ColumnListItem","viewName":"etm.portal.ui.managerequests.view.Detail","bindingPath":{"path":"/SmartRequestItemsPlanningBoard(ITEM=20m,REQUEST='20097')"},"ancestor":{"id":"requestItemsTable","viewName":"etm.portal.ui.managerequests.view.Detail"}}},"wdio_ui5_key":"etmportal.ui.managerequests.view.Detailsap.ui.core.Icon{\"src\":{\"regex\":{\"source\":\"date\\\\-time\"}}}{\"controlType\":\"sap.m.ColumnListItem\",\"viewName\":\"etm.portal.ui.managerequests.view.Detail\",\"bindingPath\":{\"path\":\"/SmartRequestItemsPlanningBoard(ITEM=20m,REQUEST='20097')\"},\"ancestor\":{\"id\":\"requestItemsTable\",\"viewName\":\"etm.portal.ui.managerequests.view.Detail\"}}"}]}
COMMAND: GET /session/56f047ff2d8b79b5fb882765d60ddf9f/screenshot - {}
RESULT: {"script":"<script> [1562 bytes]","args":[{"selector":{"controlType":"sap.ui.core.Icon","viewName":"etm.portal.ui.managerequests.view.Detail","properties":{"src":{"regex":{"source":"date\\-time"}}},"ancestor":{"controlType":"sap.m.ColumnListItem","viewName":"etm.portal.ui.managerequests.view.Detail","bindingPath":{"path":"/SmartRequestItemsPlanningBoard(ITEM=20m,REQUEST='20097')"},"ancestor":{"id":"requestItemsTable","viewName":"etm.portal.ui.managerequests.view.Detail"}}},"wdio_ui5_key":"etmportal.ui.managerequests.view.Detailsap.ui.core.Icon{\"src\":{\"regex\":{\"source\":\"date\\\\-time\"}}}{\"controlType\":\"sap.m.ColumnListItem\",\"viewName\":\"etm.portal.ui.managerequests.view.Detail\",\"bindingPath\":{\"path\":\"/SmartRequestItemsPlanningBoard(ITEM=20m,REQUEST='20097')\"},\"ancestor\":{\"id\":\"requestItemsTable\",\"viewName\":\"etm.portal.ui.managerequests.view.Detail\"}}"}]}
RESULT: undefined
COMMAND: POST /session/56f047ff2d8b79b5fb882765d60ddf9f/element - {"using":"xpath","value":"//*[@id=\"__button37-__clone1926-img\"]"}
RESULT: {}
RESULT: {"using":"xpath","value":"//*[@id=\"__button37-__clone1926-img\"]"}
COMMAND: POST /session/56f047ff2d8b79b5fb882765d60ddf9f/element/f.918672ED9AB3AB03A4F724C7637EDD7B.d.3D2E9C9FEF13B1BB8CDE67D9DDD02FF6.e.5505/click - {}
RESULT: {}
RESULT: undefined
COMMAND: POST /session/56f047ff2d8b79b5fb882765d60ddf9f/element - {"using":"xpath","value":"//*[@id=\"__button45\"]"}
COMMAND: GET /session/56f047ff2d8b79b5fb882765d60ddf9f/screenshot - {}
RESULT: {"using":"xpath","value":"//*[@id=\"__button45\"]"}
COMMAND: POST /session/56f047ff2d8b79b5fb882765d60ddf9f/elements - {"using":"xpath","value":"//*[@id=\"__button45\"]"}
RESULT: {}
RESULT: {"using":"xpath","value":"//*[@id=\"__button45\"]"}
COMMAND: POST /session/56f047ff2d8b79b5fb882765d60ddf9f/element - {"using":"xpath","value":"//*[@id=\"__button45\"]"}
RESULT: {"using":"xpath","value":"//*[@id=\"__button45\"]"}
COMMAND: POST /session/56f047ff2d8b79b5fb882765d60ddf9f/element/f.918672ED9AB3AB03A4F724C7637EDD7B.d.3D2E9C9FEF13B1BB8CDE67D9DDD02FF6.e.5520/click - {}
RESULT: {}
COMMAND: POST /session/56f047ff2d8b79b5fb882765d60ddf9f/execute/async - {"script":"<script> [189 bytes]","args":[]}
COMMAND: GET /session/56f047ff2d8b79b5fb882765d60ddf9f/screenshot - {}
RESULT: {"script":"<script> [189 bytes]","args":[]}
COMMAND: POST /session/56f047ff2d8b79b5fb882765d60ddf9f/execute/async - {"script":"<script> [123 bytes]","args":[]}
RESULT: {}
RESULT: {"script":"<script> [123 bytes]","args":[]}
COMMAND: POST /session/56f047ff2d8b79b5fb882765d60ddf9f/timeouts - {"script":"<number>"}
RESULT: {"script":"<number>"}
COMMAND: GET /session/56f047ff2d8b79b5fb882765d60ddf9f/timeouts - {}
RESULT: {}
RESULT: undefined
COMMAND: POST /session/56f047ff2d8b79b5fb882765d60ddf9f/execute/async - {"script":"<script> [2676 bytes]","args":[]}
RESULT: {"script":"<script> [2676 bytes]","args":[]}
COMMAND: POST /session/56f047ff2d8b79b5fb882765d60ddf9f/execute/async - {"script":"<script> [2342 bytes]","args":[{"protocol":"http","hostname":"0.0.0.0","path":"/","capabilities":{"browserName":"chrome","goog:chromeOptions":{"binary":"C:\\Program Files\\Google\\Chrome\\Application\\chrome.exe","args":["--start-maximized"]}},"logLevel":"warn","connectionRetryTimeout":120000,"connectionRetryCount":3,"logLevels":{},"enableDirectConnect":true,"strictSSL":true,"_":"65 more keys: [\"cacheDir\",\"port\",\"requestedCapabilities\",\"automationProtocol\",\"baseUrl\",\"waitforInterval\",\"waitforTimeout\",\"onReload\",\"beforeCommand\",\"afterCommand\",\"rootDir\",\"specs\",\"suites\",\"exclude\",\"groupLogsByTestSpec\",\"excludeDriverLogs\",\"bail\",\"framework\",\"reporters\",\"services\",\"maxInstances\",\"maxInstancesPerCapability\",\"injectGlobals\",\"filesToWatch\",\"execArgv\",\"runnerEnv\",\"runner\",\"shard\",\"specFileRetries\",\"specFileRetriesDelay\",\"specFileRetriesDeferred\",\"reporterSyncInterval\",\"reporterSyncTimeout\",\"cucumberFeaturesWithLineNumbers\",\"autoCompileOpts\",\"mochaOpts\",\"jasmineOpts\",\"cucumberOpts\",\"onPrepare\",\"onWorkerStart\",\"onWorkerEnd\",\"before\",\"beforeSession\",\"beforeSuite\",\"beforeHook\",\"beforeTest\",\"afterTest\",\"afterHook\",\"afterSuite\",\"afterSession\",\"after\",\"onComplete\",\"beforeAssertion\",\"afterAssertion\",\"beforeFeature\",\"beforeScenario\",\"beforeStep\",\"afterStep\",\"afterScenario\",\"afterFeature\",\"_\",\"suite\",\"$0\",\"ignoredWorkerServices\",\"wdi5\"]"}]}
RESULT: {"script":"<script> [2342 bytes]","args":[{"protocol":"http","hostname":"0.0.0.0","path":"/","capabilities":{"browserName":"chrome","goog:chromeOptions":{"binary":"C:\\Program Files\\Google\\Chrome\\Application\\chrome.exe","args":["--start-maximized"]}},"logLevel":"warn","connectionRetryTimeout":120000,"connectionRetryCount":3,"logLevels":{},"enableDirectConnect":true,"strictSSL":true,"_":"65 more keys: [\"cacheDir\",\"port\",\"requestedCapabilities\",\"automationProtocol\",\"baseUrl\",\"waitforInterval\",\"waitforTimeout\",\"onReload\",\"beforeCommand\",\"afterCommand\",\"rootDir\",\"specs\",\"suites\",\"exclude\",\"groupLogsByTestSpec\",\"excludeDriverLogs\",\"bail\",\"framework\",\"reporters\",\"services\",\"maxInstances\",\"maxInstancesPerCapability\",\"injectGlobals\",\"filesToWatch\",\"execArgv\",\"runnerEnv\",\"runner\",\"shard\",\"specFileRetries\",\"specFileRetriesDelay\",\"specFileRetriesDeferred\",\"reporterSyncInterval\",\"reporterSyncTimeout\",\"cucumberFeaturesWithLineNumbers\",\"autoCompileOpts\",\"mochaOpts\",\"jasmineOpts\",\"cucumberOpts\",\"onPrepare\",\"onWorkerStart\",\"onWorkerEnd\",\"before\",\"beforeSession\",\"beforeSuite\",\"beforeHook\",\"beforeTest\",\"afterTest\",\"afterHook\",\"afterSuite\",\"afterSession\",\"after\",\"onComplete\",\"beforeAssertion\",\"afterAssertion\",\"beforeFeature\",\"beforeScenario\",\"beforeStep\",\"afterStep\",\"afterScenario\",\"afterFeature\",\"_\",\"suite\",\"$0\",\"ignoredWorkerServices\",\"wdi5\"]"}]}
COMMAND: POST /session/56f047ff2d8b79b5fb882765d60ddf9f/execute/async - {"script":"<script> [21126 bytes]","args":[35000]}
RESULT: {"script":"<script> [21126 bytes]","args":[35000]}
COMMAND: POST /session/56f047ff2d8b79b5fb882765d60ddf9f/execute/async - {"script":"<script> [1562 bytes]","args":[{"selector":{"controlType":"sap.m.Button","viewName":"etm.portal.ui.managerequests.view.Detail","bindingPath":{"path":"/SmartRequestItemsPlanningBoard(ITEM=10m,REQUEST='20097')","propertyPath":"PICK_UP"}},"wdio_ui5_key":"etmportal.ui.managerequests.view.Detailsap.m.Button{\"path\":\"/SmartRequestItemsPlanningBoard(ITEM=10m,REQUEST='20097')\",\"propertyPath\":\"PICK_UP\"}"}]}
RESULT: {"script":"<script> [1562 bytes]","args":[{"selector":{"controlType":"sap.m.Button","viewName":"etm.portal.ui.managerequests.view.Detail","bindingPath":{"path":"/SmartRequestItemsPlanningBoard(ITEM=10m,REQUEST='20097')","propertyPath":"PICK_UP"}},"wdio_ui5_key":"etmportal.ui.managerequests.view.Detailsap.m.Button{\"path\":\"/SmartRequestItemsPlanningBoard(ITEM=10m,REQUEST='20097')\",\"propertyPath\":\"PICK_UP\"}"}]}
RESULT: undefined
COMMAND: POST /session/56f047ff2d8b79b5fb882765d60ddf9f/execute/async - {"script":"<script> [6424 bytes]","args":[{"element-6066-11e4-a52e-4f735466cecf":"f.918672ED9AB3AB03A4F724C7637EDD7B.d.3D2E9C9FEF13B1BB8CDE67D9DDD02FF6.e.5463"},"getType",[]]}
RESULT: {"script":"<script> [6424 bytes]","args":[{"element-6066-11e4-a52e-4f735466cecf":"f.918672ED9AB3AB03A4F724C7637EDD7B.d.3D2E9C9FEF13B1BB8CDE67D9DDD02FF6.e.5463"},"getType",[]]}
COMMAND: POST /session/56f047ff2d8b79b5fb882765d60ddf9f/execute/async - {"script":"<script> [1562 bytes]","args":[{"selector":{"controlType":"sap.m.Button","viewName":"etm.portal.ui.managerequests.view.Detail","bindingPath":{"path":"/SmartRequestItemsPlanningBoard(ITEM=20m,REQUEST='20097')","propertyPath":"PICK_UP"}},"wdio_ui5_key":"etmportal.ui.managerequests.view.Detailsap.m.Button{\"path\":\"/SmartRequestItemsPlanningBoard(ITEM=20m,REQUEST='20097')\",\"propertyPath\":\"PICK_UP\"}"}]}
RESULT: {"script":"<script> [1562 bytes]","args":[{"selector":{"controlType":"sap.m.Button","viewName":"etm.portal.ui.managerequests.view.Detail","bindingPath":{"path":"/SmartRequestItemsPlanningBoard(ITEM=20m,REQUEST='20097')","propertyPath":"PICK_UP"}},"wdio_ui5_key":"etmportal.ui.managerequests.view.Detailsap.m.Button{\"path\":\"/SmartRequestItemsPlanningBoard(ITEM=20m,REQUEST='20097')\",\"propertyPath\":\"PICK_UP\"}"}]}
RESULT: undefined
COMMAND: POST /session/56f047ff2d8b79b5fb882765d60ddf9f/execute/async - {"script":"<script> [6424 bytes]","args":[{"element-6066-11e4-a52e-4f735466cecf":"f.918672ED9AB3AB03A4F724C7637EDD7B.d.3D2E9C9FEF13B1BB8CDE67D9DDD02FF6.e.5486"},"getType",[]]}
RESULT: {"script":"<script> [6424 bytes]","args":[{"element-6066-11e4-a52e-4f735466cecf":"f.918672ED9AB3AB03A4F724C7637EDD7B.d.3D2E9C9FEF13B1BB8CDE67D9DDD02FF6.e.5486"},"getType",[]]}
]]></system-out>
    </testcase>
    <testcase classname="chrome.136_0_7103_49.windows.Manage_request_+_Contract_processing_pick_up_option_US120163_" name="Should Contract processing pick up option" time="184.194">
      <system-out><![CDATA[
COMMAND: POST /session/56f047ff2d8b79b5fb882765d60ddf9f/execute/async - {"script":"<script> [1562 bytes]","args":[{"selector":{"id":"requestContractNo","viewName":"etm.portal.ui.managerequests.view.Detail"},"wdio_ui5_key":"requestContractNoetmportal.ui.managerequests.view.Detail"}]}
RESULT: {"script":"<script> [1562 bytes]","args":[{"selector":{"id":"requestContractNo","viewName":"etm.portal.ui.managerequests.view.Detail"},"wdio_ui5_key":"requestContractNoetmportal.ui.managerequests.view.Detail"}]}
RESULT: undefined
COMMAND: POST /session/56f047ff2d8b79b5fb882765d60ddf9f/element - {"using":"xpath","value":"//*[@id=\"__xmlview2--requestContractNo\"]"}
RESULT: {"using":"xpath","value":"//*[@id=\"__xmlview2--requestContractNo\"]"}
COMMAND: POST /session/56f047ff2d8b79b5fb882765d60ddf9f/element/f.918672ED9AB3AB03A4F724C7637EDD7B.d.3D2E9C9FEF13B1BB8CDE67D9DDD02FF6.e.5522/click - {}
RESULT: {}
COMMAND: POST /session/56f047ff2d8b79b5fb882765d60ddf9f/execute/async - {"script":"<script> [1562 bytes]","args":[{"selector":{"controlType":"sap.m.Link","viewName":"etm.portal.ui.managerequests.view.Detail","properties":{"text":"Contract Overview"},"searchOpenDialogs":true},"wdio_ui5_key":"etmportal.ui.managerequests.view.Detailsap.m.Link{\"text\":\"Contract Overview\"}"}]}
COMMAND: GET /session/56f047ff2d8b79b5fb882765d60ddf9f/screenshot - {}
RESULT: {"script":"<script> [1562 bytes]","args":[{"selector":{"controlType":"sap.m.Link","viewName":"etm.portal.ui.managerequests.view.Detail","properties":{"text":"Contract Overview"},"searchOpenDialogs":true},"wdio_ui5_key":"etmportal.ui.managerequests.view.Detailsap.m.Link{\"text\":\"Contract Overview\"}"}]}
RESULT: undefined
COMMAND: POST /session/56f047ff2d8b79b5fb882765d60ddf9f/element - {"using":"xpath","value":"//*[@id=\"__link8\"]"}
RESULT: {}
RESULT: {"using":"xpath","value":"//*[@id=\"__link8\"]"}
COMMAND: POST /session/56f047ff2d8b79b5fb882765d60ddf9f/element/f.918672ED9AB3AB03A4F724C7637EDD7B.d.3D2E9C9FEF13B1BB8CDE67D9DDD02FF6.e.5524/click - {}
RESULT: {}
COMMAND: GET /session/56f047ff2d8b79b5fb882765d60ddf9f/screenshot - {}
RESULT: {}
COMMAND: POST /session/56f047ff2d8b79b5fb882765d60ddf9f/element - {"using":"xpath","value":"//div[contains(@id ,\"headerBillingItemsTabFilter-text\")]"}
RESULT: {"using":"xpath","value":"//div[contains(@id ,\"headerBillingItemsTabFilter-text\")]"}
COMMAND: POST /session/56f047ff2d8b79b5fb882765d60ddf9f/element/f.918672ED9AB3AB03A4F724C7637EDD7B.d.3D2E9C9FEF13B1BB8CDE67D9DDD02FF6.e.5721/click - {}
RESULT: {}
COMMAND: GET /session/56f047ff2d8b79b5fb882765d60ddf9f/screenshot - {}
RESULT: {}
COMMAND: POST /session/56f047ff2d8b79b5fb882765d60ddf9f/execute/async - {"script":"<script> [1562 bytes]","args":[{"selector":{"id":"addRequestItemBtn","viewName":"etm.portal.ui.managecontracts.view.Detail","interaction":{"idSuffix":"BDI-content"}},"wdio_ui5_key":"addRequestItemBtnetmportal.ui.managecontracts.view.Detail"}]}
RESULT: {"script":"<script> [1562 bytes]","args":[{"selector":{"id":"addRequestItemBtn","viewName":"etm.portal.ui.managecontracts.view.Detail","interaction":{"idSuffix":"BDI-content"}},"wdio_ui5_key":"addRequestItemBtnetmportal.ui.managecontracts.view.Detail"}]}
RESULT: undefined
COMMAND: POST /session/56f047ff2d8b79b5fb882765d60ddf9f/element - {"using":"xpath","value":"//*[@id=\"__xmlview4--addRequestItemBtn\"]"}
RESULT: {"using":"xpath","value":"//*[@id=\"__xmlview4--addRequestItemBtn\"]"}
COMMAND: POST /session/56f047ff2d8b79b5fb882765d60ddf9f/element/f.918672ED9AB3AB03A4F724C7637EDD7B.d.3D2E9C9FEF13B1BB8CDE67D9DDD02FF6.e.5616/click - {}
RESULT: {}
COMMAND: GET /session/56f047ff2d8b79b5fb882765d60ddf9f/screenshot - {}
RESULT: {}
COMMAND: POST /session/56f047ff2d8b79b5fb882765d60ddf9f/element - {"using":"xpath","value":"//div[contains(@id ,\"popupRequestTable-sa-CbBg\")]"}
RESULT: {"using":"xpath","value":"//div[contains(@id ,\"popupRequestTable-sa-CbBg\")]"}
COMMAND: POST /session/56f047ff2d8b79b5fb882765d60ddf9f/element/f.918672ED9AB3AB03A4F724C7637EDD7B.d.3D2E9C9FEF13B1BB8CDE67D9DDD02FF6.e.5770/click - {}
RESULT: {}
COMMAND: GET /session/56f047ff2d8b79b5fb882765d60ddf9f/screenshot - {}
RESULT: {}
COMMAND: POST /session/56f047ff2d8b79b5fb882765d60ddf9f/execute/async - {"script":"<script> [1562 bytes]","args":[{"selector":{"controlType":"sap.m.Button","viewName":"etm.portal.ui.managecontracts.view.Detail","i18NText":{"propertyName":"text","key":"selectionDone"},"searchOpenDialogs":true,"interaction":{"idSuffix":"content"}},"wdio_ui5_key":"etmportal.ui.managecontracts.view.Detailsap.m.Button{\"propertyName\":\"text\",\"key\":\"selectionDone\"}"}]}
RESULT: {"script":"<script> [1562 bytes]","args":[{"selector":{"controlType":"sap.m.Button","viewName":"etm.portal.ui.managecontracts.view.Detail","i18NText":{"propertyName":"text","key":"selectionDone"},"searchOpenDialogs":true,"interaction":{"idSuffix":"content"}},"wdio_ui5_key":"etmportal.ui.managecontracts.view.Detailsap.m.Button{\"propertyName\":\"text\",\"key\":\"selectionDone\"}"}]}
RESULT: undefined
COMMAND: POST /session/56f047ff2d8b79b5fb882765d60ddf9f/element - {"using":"xpath","value":"//*[@id=\"__button60\"]"}
RESULT: {"using":"xpath","value":"//*[@id=\"__button60\"]"}
COMMAND: POST /session/56f047ff2d8b79b5fb882765d60ddf9f/element/f.918672ED9AB3AB03A4F724C7637EDD7B.d.3D2E9C9FEF13B1BB8CDE67D9DDD02FF6.e.5773/click - {}
RESULT: {}
COMMAND: POST /session/56f047ff2d8b79b5fb882765d60ddf9f/execute/async - {"script":"<script> [1562 bytes]","args":[{"selector":{"controlType":"sap.m.Button","properties":{"text":"OK"},"searchOpenDialogs":true,"interaction":{"idSuffix":"inner"}},"wdio_ui5_key":"sapm.Button{\"text\":\"OK\"}"}]}
COMMAND: GET /session/56f047ff2d8b79b5fb882765d60ddf9f/screenshot - {}
RESULT: {"script":"<script> [1562 bytes]","args":[{"selector":{"controlType":"sap.m.Button","properties":{"text":"OK"},"searchOpenDialogs":true,"interaction":{"idSuffix":"inner"}},"wdio_ui5_key":"sapm.Button{\"text\":\"OK\"}"}]}
RESULT: undefined
COMMAND: POST /session/56f047ff2d8b79b5fb882765d60ddf9f/element - {"using":"xpath","value":"//*[@id=\"__mbox-btn-1\"]"}
RESULT: {}
RESULT: {"using":"xpath","value":"//*[@id=\"__mbox-btn-1\"]"}
COMMAND: POST /session/56f047ff2d8b79b5fb882765d60ddf9f/element/f.918672ED9AB3AB03A4F724C7637EDD7B.d.3D2E9C9FEF13B1BB8CDE67D9DDD02FF6.e.5774/click - {}
RESULT: {}
COMMAND: GET /session/56f047ff2d8b79b5fb882765d60ddf9f/screenshot - {}
RESULT: {}
COMMAND: POST /session/56f047ff2d8b79b5fb882765d60ddf9f/element - {"using":"xpath","value":"//div[contains(@id ,\"headerBillingItemsTabFilter-text\")]"}
RESULT: {"using":"xpath","value":"//div[contains(@id ,\"headerBillingItemsTabFilter-text\")]"}
COMMAND: POST /session/56f047ff2d8b79b5fb882765d60ddf9f/element/f.918672ED9AB3AB03A4F724C7637EDD7B.d.3D2E9C9FEF13B1BB8CDE67D9DDD02FF6.e.5721/click - {}
RESULT: {}
COMMAND: GET /session/56f047ff2d8b79b5fb882765d60ddf9f/screenshot - {}
RESULT: {}
COMMAND: POST /session/56f047ff2d8b79b5fb882765d60ddf9f/element - {"using":"xpath","value":"//button[contains(@data-kt ,\"refreshButton\")]"}
RESULT: {"using":"xpath","value":"//button[contains(@data-kt ,\"refreshButton\")]"}
COMMAND: POST /session/56f047ff2d8b79b5fb882765d60ddf9f/element/f.918672ED9AB3AB03A4F724C7637EDD7B.d.3D2E9C9FEF13B1BB8CDE67D9DDD02FF6.e.5613/click - {}
RESULT: {}
COMMAND: GET /session/56f047ff2d8b79b5fb882765d60ddf9f/screenshot - {}
RESULT: {}
COMMAND: POST /session/56f047ff2d8b79b5fb882765d60ddf9f/element - {"using":"xpath","value":"//div[contains(@id ,\"headerBillingItemsTabFilter-text\")]"}
RESULT: {"using":"xpath","value":"//div[contains(@id ,\"headerBillingItemsTabFilter-text\")]"}
COMMAND: POST /session/56f047ff2d8b79b5fb882765d60ddf9f/element/f.918672ED9AB3AB03A4F724C7637EDD7B.d.3D2E9C9FEF13B1BB8CDE67D9DDD02FF6.e.5721/click - {}
RESULT: {}
COMMAND: GET /session/56f047ff2d8b79b5fb882765d60ddf9f/screenshot - {}
RESULT: {}
COMMAND: POST /session/56f047ff2d8b79b5fb882765d60ddf9f/execute/async - {"script":"<script> [1562 bytes]","args":[{"selector":{"id":"contractDetailProvideButton","viewName":"etm.portal.ui.managecontracts.view.Detail","interaction":{"idSuffix":"BDI-content"}},"wdio_ui5_key":"contractDetailProvideButtonetmportal.ui.managecontracts.view.Detail"}]}
RESULT: {"script":"<script> [1562 bytes]","args":[{"selector":{"id":"contractDetailProvideButton","viewName":"etm.portal.ui.managecontracts.view.Detail","interaction":{"idSuffix":"BDI-content"}},"wdio_ui5_key":"contractDetailProvideButtonetmportal.ui.managecontracts.view.Detail"}]}
RESULT: undefined
COMMAND: POST /session/56f047ff2d8b79b5fb882765d60ddf9f/element - {"using":"xpath","value":"//*[@id=\"__xmlview4--contractDetailProvideButton\"]"}
RESULT: {"using":"xpath","value":"//*[@id=\"__xmlview4--contractDetailProvideButton\"]"}
COMMAND: POST /session/56f047ff2d8b79b5fb882765d60ddf9f/element/f.918672ED9AB3AB03A4F724C7637EDD7B.d.3D2E9C9FEF13B1BB8CDE67D9DDD02FF6.e.5622/click - {}
RESULT: {}
COMMAND: GET /session/56f047ff2d8b79b5fb882765d60ddf9f/screenshot - {}
RESULT: {}
COMMAND: POST /session/56f047ff2d8b79b5fb882765d60ddf9f/execute/async - {"script":"<script> [1562 bytes]","args":[{"selector":{"id":"application-managehandovers-display-component---AddNewHO--pickUpCheckbox","interaction":{"idSuffix":"CbBg"}},"wdio_ui5_key":"applicationmanagehandovers-display-component---AddNewHO--pickUpCheckbox"}]}
RESULT: {"script":"<script> [1562 bytes]","args":[{"selector":{"id":"application-managehandovers-display-component---AddNewHO--pickUpCheckbox","interaction":{"idSuffix":"CbBg"}},"wdio_ui5_key":"applicationmanagehandovers-display-component---AddNewHO--pickUpCheckbox"}]}
RESULT: undefined
COMMAND: POST /session/56f047ff2d8b79b5fb882765d60ddf9f/element - {"using":"xpath","value":"//*[@id=\"application-managehandovers-display-component---AddNewHO--pickUpCheckbox\"]"}
RESULT: {"using":"xpath","value":"//*[@id=\"application-managehandovers-display-component---AddNewHO--pickUpCheckbox\"]"}
COMMAND: POST /session/56f047ff2d8b79b5fb882765d60ddf9f/element/f.918672ED9AB3AB03A4F724C7637EDD7B.d.3D2E9C9FEF13B1BB8CDE67D9DDD02FF6.e.6096/click - {}
RESULT: {}
COMMAND: POST /session/56f047ff2d8b79b5fb882765d60ddf9f/execute/async - {"script":"<script> [1562 bytes]","args":[{"selector":{"id":"application-managehandovers-display-component---AddNewHO--ObjectPageLayout-anchBar-application-managehandovers-display-component---AddNewHO--section4-anchor","interaction":{"idSuffix":"content"}},"wdio_ui5_key":"applicationmanagehandovers-display-component---AddNewHO--ObjectPageLayout-anchBar-application-managehandovers-display-component---AddNewHO--section4-anchor"}]}
COMMAND: GET /session/56f047ff2d8b79b5fb882765d60ddf9f/screenshot - {}
RESULT: {"script":"<script> [1562 bytes]","args":[{"selector":{"id":"application-managehandovers-display-component---AddNewHO--ObjectPageLayout-anchBar-application-managehandovers-display-component---AddNewHO--section4-anchor","interaction":{"idSuffix":"content"}},"wdio_ui5_key":"applicationmanagehandovers-display-component---AddNewHO--ObjectPageLayout-anchBar-application-managehandovers-display-component---AddNewHO--section4-anchor"}]}
RESULT: undefined
COMMAND: POST /session/56f047ff2d8b79b5fb882765d60ddf9f/element - {"using":"xpath","value":"//*[@id=\"application-managehandovers-display-component---AddNewHO--ObjectPageLayout-anchBar-application-managehandovers-display-component---AddNewHO--section4-anchor\"]"}
RESULT: {}
RESULT: {"using":"xpath","value":"//*[@id=\"application-managehandovers-display-component---AddNewHO--ObjectPageLayout-anchBar-application-managehandovers-display-component---AddNewHO--section4-anchor\"]"}
COMMAND: POST /session/56f047ff2d8b79b5fb882765d60ddf9f/element/f.918672ED9AB3AB03A4F724C7637EDD7B.d.3D2E9C9FEF13B1BB8CDE67D9DDD02FF6.e.6100/click - {}
RESULT: {}
COMMAND: POST /session/56f047ff2d8b79b5fb882765d60ddf9f/execute/async - {"script":"<script> [1562 bytes]","args":[{"selector":{"controlType":"sap.m.Button","viewName":"etm.portal.ui.managehandovers.view.AddNewHO","viewId":"application-managehandovers-display-component---AddNewHO","i18NText":{"propertyName":"tooltip","key":"addItems"},"interaction":{"idSuffix":"inner"}},"wdio_ui5_key":"etmportal.ui.managehandovers.view.AddNewHOsap.m.Button{\"propertyName\":\"tooltip\",\"key\":\"addItems\"}"}]}
COMMAND: GET /session/56f047ff2d8b79b5fb882765d60ddf9f/screenshot - {}
RESULT: {"script":"<script> [1562 bytes]","args":[{"selector":{"controlType":"sap.m.Button","viewName":"etm.portal.ui.managehandovers.view.AddNewHO","viewId":"application-managehandovers-display-component---AddNewHO","i18NText":{"propertyName":"tooltip","key":"addItems"},"interaction":{"idSuffix":"inner"}},"wdio_ui5_key":"etmportal.ui.managehandovers.view.AddNewHOsap.m.Button{\"propertyName\":\"tooltip\",\"key\":\"addItems\"}"}]}
RESULT: undefined
COMMAND: POST /session/56f047ff2d8b79b5fb882765d60ddf9f/element - {"using":"xpath","value":"//*[@id=\"__button76\"]"}
RESULT: {}
RESULT: {"using":"xpath","value":"//*[@id=\"__button76\"]"}
COMMAND: POST /session/56f047ff2d8b79b5fb882765d60ddf9f/element/f.918672ED9AB3AB03A4F724C7637EDD7B.d.3D2E9C9FEF13B1BB8CDE67D9DDD02FF6.e.6104/click - {}
RESULT: {}
COMMAND: POST /session/56f047ff2d8b79b5fb882765d60ddf9f/execute/async - {"script":"<script> [1562 bytes]","args":[{"selector":{"id":"application-managehandovers-display-component---AddNewHO--smartTableHOPopup-header","searchOpenDialogs":true},"wdio_ui5_key":"applicationmanagehandovers-display-component---AddNewHO--smartTableHOPopup-header"}]}
COMMAND: GET /session/56f047ff2d8b79b5fb882765d60ddf9f/screenshot - {}
RESULT: {"script":"<script> [1562 bytes]","args":[{"selector":{"id":"application-managehandovers-display-component---AddNewHO--smartTableHOPopup-header","searchOpenDialogs":true},"wdio_ui5_key":"applicationmanagehandovers-display-component---AddNewHO--smartTableHOPopup-header"}]}
RESULT: undefined
COMMAND: POST /session/56f047ff2d8b79b5fb882765d60ddf9f/execute/async - {"script":"<script> [6424 bytes]","args":[{"element-6066-11e4-a52e-4f735466cecf":"f.918672ED9AB3AB03A4F724C7637EDD7B.d.3D2E9C9FEF13B1BB8CDE67D9DDD02FF6.e.6113"},"getText",[]]}
RESULT: {}
RESULT: {"script":"<script> [6424 bytes]","args":[{"element-6066-11e4-a52e-4f735466cecf":"f.918672ED9AB3AB03A4F724C7637EDD7B.d.3D2E9C9FEF13B1BB8CDE67D9DDD02FF6.e.6113"},"getText",[]]}
COMMAND: POST /session/56f047ff2d8b79b5fb882765d60ddf9f/actions - {"actions":[{"id":"action44","type":"key","parameters":{},"actions":[{"type":"keyDown","value":"î€Œ"},{"type":"pause","duration":10},{"type":"keyUp","value":"î€Œ"}]}]}
RESULT: {"actions":[{"id":"action44","type":"key","parameters":{},"actions":[{"type":"keyDown","value":"î€Œ"},{"type":"pause","duration":10},{"type":"keyUp","value":"î€Œ"}]}]}
COMMAND: GET /session/56f047ff2d8b79b5fb882765d60ddf9f/screenshot - {}
RESULT: {}
COMMAND: POST /session/56f047ff2d8b79b5fb882765d60ddf9f/execute/async - {"script":"<script> [1562 bytes]","args":[{"selector":{"id":"backBtn"},"wdio_ui5_key":"backBtn"}]}
RESULT: {"script":"<script> [1562 bytes]","args":[{"selector":{"id":"backBtn"},"wdio_ui5_key":"backBtn"}]}
RESULT: undefined
COMMAND: POST /session/56f047ff2d8b79b5fb882765d60ddf9f/element - {"using":"xpath","value":"//*[@id=\"backBtn\"]"}
RESULT: {"using":"xpath","value":"//*[@id=\"backBtn\"]"}
COMMAND: POST /session/56f047ff2d8b79b5fb882765d60ddf9f/element/f.918672ED9AB3AB03A4F724C7637EDD7B.d.3D2E9C9FEF13B1BB8CDE67D9DDD02FF6.e.6115/click - {}
RESULT: {}
COMMAND: GET /session/56f047ff2d8b79b5fb882765d60ddf9f/screenshot - {}
RESULT: {}
COMMAND: POST /session/56f047ff2d8b79b5fb882765d60ddf9f/refresh - {}
RESULT: {}
COMMAND: GET /session/56f047ff2d8b79b5fb882765d60ddf9f/screenshot - {}
RESULT: {}
COMMAND: POST /session/56f047ff2d8b79b5fb882765d60ddf9f/execute/async - {"script":"<script> [189 bytes]","args":[]}
RESULT: {"script":"<script> [189 bytes]","args":[]}
COMMAND: POST /session/56f047ff2d8b79b5fb882765d60ddf9f/execute/async - {"script":"<script> [123 bytes]","args":[]}
RESULT: {"script":"<script> [123 bytes]","args":[]}
COMMAND: POST /session/56f047ff2d8b79b5fb882765d60ddf9f/timeouts - {"script":"<number>"}
RESULT: {"script":"<number>"}
COMMAND: GET /session/56f047ff2d8b79b5fb882765d60ddf9f/timeouts - {}
RESULT: {}
RESULT: undefined
COMMAND: POST /session/56f047ff2d8b79b5fb882765d60ddf9f/execute/async - {"script":"<script> [2676 bytes]","args":[]}
RESULT: {"script":"<script> [2676 bytes]","args":[]}
COMMAND: POST /session/56f047ff2d8b79b5fb882765d60ddf9f/execute/async - {"script":"<script> [2342 bytes]","args":[{"protocol":"http","hostname":"0.0.0.0","path":"/","capabilities":{"browserName":"chrome","goog:chromeOptions":{"binary":"C:\\Program Files\\Google\\Chrome\\Application\\chrome.exe","args":["--start-maximized"]}},"logLevel":"warn","connectionRetryTimeout":120000,"connectionRetryCount":3,"logLevels":{},"enableDirectConnect":true,"strictSSL":true,"_":"65 more keys: [\"cacheDir\",\"port\",\"requestedCapabilities\",\"automationProtocol\",\"baseUrl\",\"waitforInterval\",\"waitforTimeout\",\"onReload\",\"beforeCommand\",\"afterCommand\",\"rootDir\",\"specs\",\"suites\",\"exclude\",\"groupLogsByTestSpec\",\"excludeDriverLogs\",\"bail\",\"framework\",\"reporters\",\"services\",\"maxInstances\",\"maxInstancesPerCapability\",\"injectGlobals\",\"filesToWatch\",\"execArgv\",\"runnerEnv\",\"runner\",\"shard\",\"specFileRetries\",\"specFileRetriesDelay\",\"specFileRetriesDeferred\",\"reporterSyncInterval\",\"reporterSyncTimeout\",\"cucumberFeaturesWithLineNumbers\",\"autoCompileOpts\",\"mochaOpts\",\"jasmineOpts\",\"cucumberOpts\",\"onPrepare\",\"onWorkerStart\",\"onWorkerEnd\",\"before\",\"beforeSession\",\"beforeSuite\",\"beforeHook\",\"beforeTest\",\"afterTest\",\"afterHook\",\"afterSuite\",\"afterSession\",\"after\",\"onComplete\",\"beforeAssertion\",\"afterAssertion\",\"beforeFeature\",\"beforeScenario\",\"beforeStep\",\"afterStep\",\"afterScenario\",\"afterFeature\",\"_\",\"suite\",\"$0\",\"ignoredWorkerServices\",\"wdi5\"]"}]}
RESULT: {"script":"<script> [2342 bytes]","args":[{"protocol":"http","hostname":"0.0.0.0","path":"/","capabilities":{"browserName":"chrome","goog:chromeOptions":{"binary":"C:\\Program Files\\Google\\Chrome\\Application\\chrome.exe","args":["--start-maximized"]}},"logLevel":"warn","connectionRetryTimeout":120000,"connectionRetryCount":3,"logLevels":{},"enableDirectConnect":true,"strictSSL":true,"_":"65 more keys: [\"cacheDir\",\"port\",\"requestedCapabilities\",\"automationProtocol\",\"baseUrl\",\"waitforInterval\",\"waitforTimeout\",\"onReload\",\"beforeCommand\",\"afterCommand\",\"rootDir\",\"specs\",\"suites\",\"exclude\",\"groupLogsByTestSpec\",\"excludeDriverLogs\",\"bail\",\"framework\",\"reporters\",\"services\",\"maxInstances\",\"maxInstancesPerCapability\",\"injectGlobals\",\"filesToWatch\",\"execArgv\",\"runnerEnv\",\"runner\",\"shard\",\"specFileRetries\",\"specFileRetriesDelay\",\"specFileRetriesDeferred\",\"reporterSyncInterval\",\"reporterSyncTimeout\",\"cucumberFeaturesWithLineNumbers\",\"autoCompileOpts\",\"mochaOpts\",\"jasmineOpts\",\"cucumberOpts\",\"onPrepare\",\"onWorkerStart\",\"onWorkerEnd\",\"before\",\"beforeSession\",\"beforeSuite\",\"beforeHook\",\"beforeTest\",\"afterTest\",\"afterHook\",\"afterSuite\",\"afterSession\",\"after\",\"onComplete\",\"beforeAssertion\",\"afterAssertion\",\"beforeFeature\",\"beforeScenario\",\"beforeStep\",\"afterStep\",\"afterScenario\",\"afterFeature\",\"_\",\"suite\",\"$0\",\"ignoredWorkerServices\",\"wdi5\"]"}]}
COMMAND: POST /session/56f047ff2d8b79b5fb882765d60ddf9f/execute/async - {"script":"<script> [21126 bytes]","args":[35000]}
RESULT: {"script":"<script> [21126 bytes]","args":[35000]}
COMMAND: POST /session/56f047ff2d8b79b5fb882765d60ddf9f/element - {"using":"xpath","value":"//div[contains(@id ,\"headerBillingItemsTabFilter-text\")]"}
RESULT: {"using":"xpath","value":"//div[contains(@id ,\"headerBillingItemsTabFilter-text\")]"}
COMMAND: POST /session/56f047ff2d8b79b5fb882765d60ddf9f/element/f.918672ED9AB3AB03A4F724C7637EDD7B.d.B650A2B88A31783660ADEDBB4119D477.e.6456/click - {}
RESULT: {}
COMMAND: GET /session/56f047ff2d8b79b5fb882765d60ddf9f/screenshot - {}
RESULT: {}
COMMAND: POST /session/56f047ff2d8b79b5fb882765d60ddf9f/execute/async - {"script":"<script> [1562 bytes]","args":[{"selector":{"id":"revertPlanningBtn","viewName":"etm.portal.ui.managecontracts.view.Detail","interaction":{"idSuffix":"BDI-content"}},"wdio_ui5_key":"revertPlanningBtnetmportal.ui.managecontracts.view.Detail"}]}
RESULT: {"script":"<script> [1562 bytes]","args":[{"selector":{"id":"revertPlanningBtn","viewName":"etm.portal.ui.managecontracts.view.Detail","interaction":{"idSuffix":"BDI-content"}},"wdio_ui5_key":"revertPlanningBtnetmportal.ui.managecontracts.view.Detail"}]}
RESULT: undefined
COMMAND: POST /session/56f047ff2d8b79b5fb882765d60ddf9f/element - {"using":"xpath","value":"//*[@id=\"__xmlview1--revertPlanningBtn\"]"}
RESULT: {"using":"xpath","value":"//*[@id=\"__xmlview1--revertPlanningBtn\"]"}
COMMAND: POST /session/56f047ff2d8b79b5fb882765d60ddf9f/element/f.918672ED9AB3AB03A4F724C7637EDD7B.d.B650A2B88A31783660ADEDBB4119D477.e.6367/click - {}
RESULT: {}
COMMAND: GET /session/56f047ff2d8b79b5fb882765d60ddf9f/screenshot - {}
RESULT: {}
COMMAND: POST /session/56f047ff2d8b79b5fb882765d60ddf9f/actions - {"actions":[{"id":"action45","type":"key","parameters":{},"actions":[{"type":"keyDown","value":"î€‡"},{"type":"pause","duration":10},{"type":"keyUp","value":"î€‡"}]}]}
RESULT: {"actions":[{"id":"action45","type":"key","parameters":{},"actions":[{"type":"keyDown","value":"î€‡"},{"type":"pause","duration":10},{"type":"keyUp","value":"î€‡"}]}]}
COMMAND: GET /session/56f047ff2d8b79b5fb882765d60ddf9f/screenshot - {}
COMMAND: POST /session/56f047ff2d8b79b5fb882765d60ddf9f/element - {"using":"xpath","value":"//div[contains(@id ,\"ProductsTable-sa-CbBg\")]"}
RESULT: {}
RESULT: {"using":"xpath","value":"//div[contains(@id ,\"ProductsTable-sa-CbBg\")]"}
COMMAND: POST /session/56f047ff2d8b79b5fb882765d60ddf9f/element/f.918672ED9AB3AB03A4F724C7637EDD7B.d.B650A2B88A31783660ADEDBB4119D477.e.6506/click - {}
RESULT: {}
COMMAND: GET /session/56f047ff2d8b79b5fb882765d60ddf9f/screenshot - {}
RESULT: {}
COMMAND: POST /session/56f047ff2d8b79b5fb882765d60ddf9f/execute/async - {"script":"<script> [1562 bytes]","args":[{"selector":{"id":"executeRevertPlanningBtn","viewName":"etm.portal.ui.managecontracts.view.Detail","interaction":{"idSuffix":"BDI-content"}},"wdio_ui5_key":"executeRevertPlanningBtnetmportal.ui.managecontracts.view.Detail"}]}
RESULT: {"script":"<script> [1562 bytes]","args":[{"selector":{"id":"executeRevertPlanningBtn","viewName":"etm.portal.ui.managecontracts.view.Detail","interaction":{"idSuffix":"BDI-content"}},"wdio_ui5_key":"executeRevertPlanningBtnetmportal.ui.managecontracts.view.Detail"}]}
RESULT: undefined
COMMAND: POST /session/56f047ff2d8b79b5fb882765d60ddf9f/element - {"using":"xpath","value":"//*[@id=\"__xmlview1--executeRevertPlanningBtn\"]"}
RESULT: {"using":"xpath","value":"//*[@id=\"__xmlview1--executeRevertPlanningBtn\"]"}
COMMAND: POST /session/56f047ff2d8b79b5fb882765d60ddf9f/element/f.918672ED9AB3AB03A4F724C7637EDD7B.d.B650A2B88A31783660ADEDBB4119D477.e.6505/click - {}
RESULT: {}
COMMAND: GET /session/56f047ff2d8b79b5fb882765d60ddf9f/screenshot - {}
RESULT: {}
COMMAND: POST /session/56f047ff2d8b79b5fb882765d60ddf9f/actions - {"actions":[{"id":"action46","type":"key","parameters":{},"actions":[{"type":"keyDown","value":"î€‡"},{"type":"pause","duration":10},{"type":"keyUp","value":"î€‡"}]}]}
RESULT: {"actions":[{"id":"action46","type":"key","parameters":{},"actions":[{"type":"keyDown","value":"î€‡"},{"type":"pause","duration":10},{"type":"keyUp","value":"î€‡"}]}]}
COMMAND: POST /session/56f047ff2d8b79b5fb882765d60ddf9f/execute/async - {"script":"<script> [1562 bytes]","args":[{"selector":{"id":"backBtn"},"wdio_ui5_key":"backBtn"}]}
COMMAND: GET /session/56f047ff2d8b79b5fb882765d60ddf9f/screenshot - {}
RESULT: {"script":"<script> [1562 bytes]","args":[{"selector":{"id":"backBtn"},"wdio_ui5_key":"backBtn"}]}
RESULT: undefined
COMMAND: POST /session/56f047ff2d8b79b5fb882765d60ddf9f/element - {"using":"xpath","value":"//*[@id=\"backBtn\"]"}
RESULT: {}
RESULT: {"using":"xpath","value":"//*[@id=\"backBtn\"]"}
COMMAND: POST /session/56f047ff2d8b79b5fb882765d60ddf9f/element/f.918672ED9AB3AB03A4F724C7637EDD7B.d.B650A2B88A31783660ADEDBB4119D477.e.6517/click - {}
RESULT: {}
COMMAND: GET /session/56f047ff2d8b79b5fb882765d60ddf9f/screenshot - {}
RESULT: {}
COMMAND: POST /session/56f047ff2d8b79b5fb882765d60ddf9f/refresh - {}
RESULT: {}
COMMAND: GET /session/56f047ff2d8b79b5fb882765d60ddf9f/screenshot - {}
RESULT: {}
COMMAND: POST /session/56f047ff2d8b79b5fb882765d60ddf9f/execute/async - {"script":"<script> [189 bytes]","args":[]}
RESULT: {"script":"<script> [189 bytes]","args":[]}
COMMAND: POST /session/56f047ff2d8b79b5fb882765d60ddf9f/execute/async - {"script":"<script> [123 bytes]","args":[]}
RESULT: {"script":"<script> [123 bytes]","args":[]}
COMMAND: POST /session/56f047ff2d8b79b5fb882765d60ddf9f/timeouts - {"script":"<number>"}
RESULT: {"script":"<number>"}
COMMAND: GET /session/56f047ff2d8b79b5fb882765d60ddf9f/timeouts - {}
RESULT: {}
RESULT: undefined
COMMAND: POST /session/56f047ff2d8b79b5fb882765d60ddf9f/execute/async - {"script":"<script> [2676 bytes]","args":[]}
RESULT: {"script":"<script> [2676 bytes]","args":[]}
COMMAND: POST /session/56f047ff2d8b79b5fb882765d60ddf9f/execute/async - {"script":"<script> [2342 bytes]","args":[{"protocol":"http","hostname":"0.0.0.0","path":"/","capabilities":{"browserName":"chrome","goog:chromeOptions":{"binary":"C:\\Program Files\\Google\\Chrome\\Application\\chrome.exe","args":["--start-maximized"]}},"logLevel":"warn","connectionRetryTimeout":120000,"connectionRetryCount":3,"logLevels":{},"enableDirectConnect":true,"strictSSL":true,"_":"65 more keys: [\"cacheDir\",\"port\",\"requestedCapabilities\",\"automationProtocol\",\"baseUrl\",\"waitforInterval\",\"waitforTimeout\",\"onReload\",\"beforeCommand\",\"afterCommand\",\"rootDir\",\"specs\",\"suites\",\"exclude\",\"groupLogsByTestSpec\",\"excludeDriverLogs\",\"bail\",\"framework\",\"reporters\",\"services\",\"maxInstances\",\"maxInstancesPerCapability\",\"injectGlobals\",\"filesToWatch\",\"execArgv\",\"runnerEnv\",\"runner\",\"shard\",\"specFileRetries\",\"specFileRetriesDelay\",\"specFileRetriesDeferred\",\"reporterSyncInterval\",\"reporterSyncTimeout\",\"cucumberFeaturesWithLineNumbers\",\"autoCompileOpts\",\"mochaOpts\",\"jasmineOpts\",\"cucumberOpts\",\"onPrepare\",\"onWorkerStart\",\"onWorkerEnd\",\"before\",\"beforeSession\",\"beforeSuite\",\"beforeHook\",\"beforeTest\",\"afterTest\",\"afterHook\",\"afterSuite\",\"afterSession\",\"after\",\"onComplete\",\"beforeAssertion\",\"afterAssertion\",\"beforeFeature\",\"beforeScenario\",\"beforeStep\",\"afterStep\",\"afterScenario\",\"afterFeature\",\"_\",\"suite\",\"$0\",\"ignoredWorkerServices\",\"wdi5\"]"}]}
RESULT: {"script":"<script> [2342 bytes]","args":[{"protocol":"http","hostname":"0.0.0.0","path":"/","capabilities":{"browserName":"chrome","goog:chromeOptions":{"binary":"C:\\Program Files\\Google\\Chrome\\Application\\chrome.exe","args":["--start-maximized"]}},"logLevel":"warn","connectionRetryTimeout":120000,"connectionRetryCount":3,"logLevels":{},"enableDirectConnect":true,"strictSSL":true,"_":"65 more keys: [\"cacheDir\",\"port\",\"requestedCapabilities\",\"automationProtocol\",\"baseUrl\",\"waitforInterval\",\"waitforTimeout\",\"onReload\",\"beforeCommand\",\"afterCommand\",\"rootDir\",\"specs\",\"suites\",\"exclude\",\"groupLogsByTestSpec\",\"excludeDriverLogs\",\"bail\",\"framework\",\"reporters\",\"services\",\"maxInstances\",\"maxInstancesPerCapability\",\"injectGlobals\",\"filesToWatch\",\"execArgv\",\"runnerEnv\",\"runner\",\"shard\",\"specFileRetries\",\"specFileRetriesDelay\",\"specFileRetriesDeferred\",\"reporterSyncInterval\",\"reporterSyncTimeout\",\"cucumberFeaturesWithLineNumbers\",\"autoCompileOpts\",\"mochaOpts\",\"jasmineOpts\",\"cucumberOpts\",\"onPrepare\",\"onWorkerStart\",\"onWorkerEnd\",\"before\",\"beforeSession\",\"beforeSuite\",\"beforeHook\",\"beforeTest\",\"afterTest\",\"afterHook\",\"afterSuite\",\"afterSession\",\"after\",\"onComplete\",\"beforeAssertion\",\"afterAssertion\",\"beforeFeature\",\"beforeScenario\",\"beforeStep\",\"afterStep\",\"afterScenario\",\"afterFeature\",\"_\",\"suite\",\"$0\",\"ignoredWorkerServices\",\"wdi5\"]"}]}
COMMAND: POST /session/56f047ff2d8b79b5fb882765d60ddf9f/execute/async - {"script":"<script> [21126 bytes]","args":[35000]}
RESULT: {"script":"<script> [21126 bytes]","args":[35000]}
COMMAND: POST /session/56f047ff2d8b79b5fb882765d60ddf9f/execute/async - {"script":"<script> [1562 bytes]","args":[{"selector":{"controlType":"sap.m.ObjectStatus","viewName":"etm.portal.ui.managerequests.view.Detail","bindingPath":{"path":"/RequestHeaders('20097')","propertyPath":"LINK_TO_STATUS/DESCRIPTION","modelName":"catalogModel"}},"wdio_ui5_key":"etmportal.ui.managerequests.view.Detailsap.m.ObjectStatus{\"path\":\"/RequestHeaders('20097')\",\"propertyPath\":\"LINK_TO_STATUS/DESCRIPTION\",\"modelName\":\"catalogModel\"}"}]}
RESULT: {"script":"<script> [1562 bytes]","args":[{"selector":{"controlType":"sap.m.ObjectStatus","viewName":"etm.portal.ui.managerequests.view.Detail","bindingPath":{"path":"/RequestHeaders('20097')","propertyPath":"LINK_TO_STATUS/DESCRIPTION","modelName":"catalogModel"}},"wdio_ui5_key":"etmportal.ui.managerequests.view.Detailsap.m.ObjectStatus{\"path\":\"/RequestHeaders('20097')\",\"propertyPath\":\"LINK_TO_STATUS/DESCRIPTION\",\"modelName\":\"catalogModel\"}"}]}
RESULT: undefined
COMMAND: POST /session/56f047ff2d8b79b5fb882765d60ddf9f/execute/async - {"script":"<script> [6424 bytes]","args":[{"element-6066-11e4-a52e-4f735466cecf":"f.918672ED9AB3AB03A4F724C7637EDD7B.d.1E317C19BB4B98AF48043AE83B13E70D.e.6822"},"getText",[]]}
RESULT: {"script":"<script> [6424 bytes]","args":[{"element-6066-11e4-a52e-4f735466cecf":"f.918672ED9AB3AB03A4F724C7637EDD7B.d.1E317C19BB4B98AF48043AE83B13E70D.e.6822"},"getText",[]]}
COMMAND: POST /session/56f047ff2d8b79b5fb882765d60ddf9f/execute/async - {"script":"<script> [1562 bytes]","args":[{"selector":{"controlType":"sap.m.Button","viewName":"etm.portal.ui.managerequests.view.Detail","bindingPath":{"path":"/SmartRequestItemsPlanningBoard(ITEM=10m,REQUEST='20097')","propertyPath":"PICK_UP"}},"wdio_ui5_key":"etmportal.ui.managerequests.view.Detailsap.m.Button{\"path\":\"/SmartRequestItemsPlanningBoard(ITEM=10m,REQUEST='20097')\",\"propertyPath\":\"PICK_UP\"}"}]}
RESULT: {"script":"<script> [1562 bytes]","args":[{"selector":{"controlType":"sap.m.Button","viewName":"etm.portal.ui.managerequests.view.Detail","bindingPath":{"path":"/SmartRequestItemsPlanningBoard(ITEM=10m,REQUEST='20097')","propertyPath":"PICK_UP"}},"wdio_ui5_key":"etmportal.ui.managerequests.view.Detailsap.m.Button{\"path\":\"/SmartRequestItemsPlanningBoard(ITEM=10m,REQUEST='20097')\",\"propertyPath\":\"PICK_UP\"}"}]}
RESULT: undefined
COMMAND: POST /session/56f047ff2d8b79b5fb882765d60ddf9f/execute/async - {"script":"<script> [6424 bytes]","args":[{"element-6066-11e4-a52e-4f735466cecf":"f.918672ED9AB3AB03A4F724C7637EDD7B.d.1E317C19BB4B98AF48043AE83B13E70D.e.6808"},"getType",[]]}
RESULT: {"script":"<script> [6424 bytes]","args":[{"element-6066-11e4-a52e-4f735466cecf":"f.918672ED9AB3AB03A4F724C7637EDD7B.d.1E317C19BB4B98AF48043AE83B13E70D.e.6808"},"getType",[]]}
COMMAND: POST /session/56f047ff2d8b79b5fb882765d60ddf9f/execute/async - {"script":"<script> [1562 bytes]","args":[{"selector":{"controlType":"sap.m.Button","viewName":"etm.portal.ui.managerequests.view.Detail","bindingPath":{"path":"/SmartRequestItemsPlanningBoard(ITEM=20m,REQUEST='20097')","propertyPath":"PICK_UP"}},"wdio_ui5_key":"etmportal.ui.managerequests.view.Detailsap.m.Button{\"path\":\"/SmartRequestItemsPlanningBoard(ITEM=20m,REQUEST='20097')\",\"propertyPath\":\"PICK_UP\"}"}]}
RESULT: {"script":"<script> [1562 bytes]","args":[{"selector":{"controlType":"sap.m.Button","viewName":"etm.portal.ui.managerequests.view.Detail","bindingPath":{"path":"/SmartRequestItemsPlanningBoard(ITEM=20m,REQUEST='20097')","propertyPath":"PICK_UP"}},"wdio_ui5_key":"etmportal.ui.managerequests.view.Detailsap.m.Button{\"path\":\"/SmartRequestItemsPlanningBoard(ITEM=20m,REQUEST='20097')\",\"propertyPath\":\"PICK_UP\"}"}]}
RESULT: undefined
COMMAND: POST /session/56f047ff2d8b79b5fb882765d60ddf9f/execute/async - {"script":"<script> [6424 bytes]","args":[{"element-6066-11e4-a52e-4f735466cecf":"f.918672ED9AB3AB03A4F724C7637EDD7B.d.1E317C19BB4B98AF48043AE83B13E70D.e.6823"},"getType",[]]}
RESULT: {"script":"<script> [6424 bytes]","args":[{"element-6066-11e4-a52e-4f735466cecf":"f.918672ED9AB3AB03A4F724C7637EDD7B.d.1E317C19BB4B98AF48043AE83B13E70D.e.6823"},"getType",[]]}
COMMAND: POST /session/56f047ff2d8b79b5fb882765d60ddf9f/element - {"using":"css selector","value":"#shell-header-logo"}
RESULT: {"using":"css selector","value":"#shell-header-logo"}
COMMAND: POST /session/56f047ff2d8b79b5fb882765d60ddf9f/element/f.918672ED9AB3AB03A4F724C7637EDD7B.d.1E317C19BB4B98AF48043AE83B13E70D.e.6609/click - {}
RESULT: {}
COMMAND: GET /session/56f047ff2d8b79b5fb882765d60ddf9f/screenshot - {}
RESULT: {}
COMMAND: POST /session/56f047ff2d8b79b5fb882765d60ddf9f/execute/async - {"script":"<script> [1562 bytes]","args":[{"selector":{"controlType":"sap.m.GenericTile","properties":{"header":"Manage Classifications"}},"wdio_ui5_key":"sapm.GenericTile{\"header\":\"Manage Classifications\"}"}]}
RESULT: {"script":"<script> [1562 bytes]","args":[{"selector":{"controlType":"sap.m.GenericTile","properties":{"header":"Manage Classifications"}},"wdio_ui5_key":"sapm.GenericTile{\"header\":\"Manage Classifications\"}"}]}
RESULT: undefined
COMMAND: POST /session/56f047ff2d8b79b5fb882765d60ddf9f/element - {"using":"xpath","value":"//*[@id=\"__tile115\"]"}
RESULT: {"using":"xpath","value":"//*[@id=\"__tile115\"]"}
COMMAND: POST /session/56f047ff2d8b79b5fb882765d60ddf9f/element/f.918672ED9AB3AB03A4F724C7637EDD7B.d.1E317C19BB4B98AF48043AE83B13E70D.e.6842/click - {}
RESULT: {}
COMMAND: GET /session/56f047ff2d8b79b5fb882765d60ddf9f/screenshot - {}
RESULT: {}
COMMAND: POST /session/56f047ff2d8b79b5fb882765d60ddf9f/elements - {"using":"xpath","value":"//span[text()='Error']"}
RESULT: {"using":"xpath","value":"//span[text()='Error']"}
]]></system-out>
    </testcase>
  </testsuite>
  <testsuite timestamp="2025-05-14T16:05:51" time="417.913" tests="4" failures="0" errors="0" skipped="0">
    <properties>
      <property name="specId" value="0" />
      <property name="suiteName" value="Manage requests - requests specifications US141095" />
      <property name="capabilities" value="chrome.136_0_7103_49.windows" />
      <property name="file" value="file:///D:/a/1/s/test/specs/R2C/manage-requests-request-specifications.spec.js" />
    </properties>
    <testcase classname="chrome.136_0_7103_49.windows.Manage_requests_-_requests_specifications_US141095" name="Should create a new classification of type request item" time="41.125">
      <system-out><![CDATA[
COMMAND: POST /session/56f047ff2d8b79b5fb882765d60ddf9f/execute/async - {"script":"<script> [1562 bytes]","args":[{"selector":{"controlType":"sap.ui.core.Icon","viewName":"etm.portal.ui.manageclassifications.view.Master","viewId":"application-manageclassifications-display-component---classificationMaster","properties":{"src":{"regex":{"source":"add"}}}},"wdio_ui5_key":"etmportal.ui.manageclassifications.view.Mastersap.ui.core.Icon{\"src\":{\"regex\":{\"source\":\"add\"}}}"}]}
RESULT: {"script":"<script> [1562 bytes]","args":[{"selector":{"controlType":"sap.ui.core.Icon","viewName":"etm.portal.ui.manageclassifications.view.Master","viewId":"application-manageclassifications-display-component---classificationMaster","properties":{"src":{"regex":{"source":"add"}}}},"wdio_ui5_key":"etmportal.ui.manageclassifications.view.Mastersap.ui.core.Icon{\"src\":{\"regex\":{\"source\":\"add\"}}}"}]}
RESULT: undefined
COMMAND: POST /session/56f047ff2d8b79b5fb882765d60ddf9f/element - {"using":"xpath","value":"//*[@id=\"__button25-img\"]"}
RESULT: {"using":"xpath","value":"//*[@id=\"__button25-img\"]"}
COMMAND: POST /session/56f047ff2d8b79b5fb882765d60ddf9f/element/f.918672ED9AB3AB03A4F724C7637EDD7B.d.1E317C19BB4B98AF48043AE83B13E70D.e.6882/click - {}
RESULT: {}
COMMAND: POST /session/56f047ff2d8b79b5fb882765d60ddf9f/execute/async - {"script":"<script> [1562 bytes]","args":[{"selector":{"id":"application-manageclassifications-display-component---classificationCreate--classHeaderName","interaction":{"idSuffix":"inner"}},"wdio_ui5_key":"applicationmanageclassifications-display-component---classificationCreate--classHeaderName"}]}
COMMAND: GET /session/56f047ff2d8b79b5fb882765d60ddf9f/screenshot - {}
RESULT: {"script":"<script> [1562 bytes]","args":[{"selector":{"id":"application-manageclassifications-display-component---classificationCreate--classHeaderName","interaction":{"idSuffix":"inner"}},"wdio_ui5_key":"applicationmanageclassifications-display-component---classificationCreate--classHeaderName"}]}
RESULT: undefined
COMMAND: POST /session/56f047ff2d8b79b5fb882765d60ddf9f/execute/async - {"script":"<script> [776 bytes]","args":[{"enterText":"WebdriverItemClass3bayr","selector":{"id":"application-manageclassifications-display-component---classificationCreate--classHeaderName","interaction":{"idSuffix":"inner"}},"clearTextFirst":true,"interactionType":"ENTER_TEXT"}]}
RESULT: {}
RESULT: {"script":"<script> [776 bytes]","args":[{"enterText":"WebdriverItemClass3bayr","selector":{"id":"application-manageclassifications-display-component---classificationCreate--classHeaderName","interaction":{"idSuffix":"inner"}},"clearTextFirst":true,"interactionType":"ENTER_TEXT"}]}
COMMAND: POST /session/56f047ff2d8b79b5fb882765d60ddf9f/execute/async - {"script":"<script> [1562 bytes]","args":[{"selector":{"controlType":"sap.ui.core.Icon","viewName":"etm.portal.ui.manageclassifications.view.Create","viewId":"application-manageclassifications-display-component---classificationCreate","properties":{"src":{"regex":{"source":"slim\\-arrow\\-down"}}}},"wdio_ui5_key":"etmportal.ui.manageclassifications.view.Createsap.ui.core.Icon{\"src\":{\"regex\":{\"source\":\"slim\\\\-arrow\\\\-down\"}}}"}]}
RESULT: {"script":"<script> [1562 bytes]","args":[{"selector":{"controlType":"sap.ui.core.Icon","viewName":"etm.portal.ui.manageclassifications.view.Create","viewId":"application-manageclassifications-display-component---classificationCreate","properties":{"src":{"regex":{"source":"slim\\-arrow\\-down"}}}},"wdio_ui5_key":"etmportal.ui.manageclassifications.view.Createsap.ui.core.Icon{\"src\":{\"regex\":{\"source\":\"slim\\\\-arrow\\\\-down\"}}}"}]}
RESULT: undefined
COMMAND: POST /session/56f047ff2d8b79b5fb882765d60ddf9f/element - {"using":"xpath","value":"//*[@id=\"__box12-arrow\"]"}
RESULT: {"using":"xpath","value":"//*[@id=\"__box12-arrow\"]"}
COMMAND: POST /session/56f047ff2d8b79b5fb882765d60ddf9f/element/f.918672ED9AB3AB03A4F724C7637EDD7B.d.1E317C19BB4B98AF48043AE83B13E70D.e.7277/click - {}
RESULT: {}
COMMAND: POST /session/56f047ff2d8b79b5fb882765d60ddf9f/execute/async - {"script":"<script> [1562 bytes]","args":[{"selector":{"controlType":"sap.m.StandardListItem","viewName":"etm.portal.ui.manageclassifications.view.Create","viewId":"application-manageclassifications-display-component---classificationCreate","properties":{"title":"Request Item Specifications"},"searchOpenDialogs":true,"interaction":{"idSuffix":"titleText"}},"wdio_ui5_key":"etmportal.ui.manageclassifications.view.Createsap.m.StandardListItem{\"title\":\"Request Item Specifications\"}"}]}
COMMAND: GET /session/56f047ff2d8b79b5fb882765d60ddf9f/screenshot - {}
RESULT: {"script":"<script> [1562 bytes]","args":[{"selector":{"controlType":"sap.m.StandardListItem","viewName":"etm.portal.ui.manageclassifications.view.Create","viewId":"application-manageclassifications-display-component---classificationCreate","properties":{"title":"Request Item Specifications"},"searchOpenDialogs":true,"interaction":{"idSuffix":"titleText"}},"wdio_ui5_key":"etmportal.ui.manageclassifications.view.Createsap.m.StandardListItem{\"title\":\"Request Item Specifications\"}"}]}
RESULT: undefined
COMMAND: POST /session/56f047ff2d8b79b5fb882765d60ddf9f/element - {"using":"xpath","value":"//*[@id=\"__item82\"]"}
RESULT: {}
RESULT: {"using":"xpath","value":"//*[@id=\"__item82\"]"}
COMMAND: POST /session/56f047ff2d8b79b5fb882765d60ddf9f/element/f.918672ED9AB3AB03A4F724C7637EDD7B.d.1E317C19BB4B98AF48043AE83B13E70D.e.7335/click - {}
RESULT: {}
COMMAND: POST /session/56f047ff2d8b79b5fb882765d60ddf9f/execute/async - {"script":"<script> [1562 bytes]","args":[{"selector":{"controlType":"sap.ui.core.Icon","viewName":"etm.portal.ui.manageclassifications.view.Create","viewId":"application-manageclassifications-display-component---classificationCreate","properties":{"src":{"regex":{"source":"add"}}}},"wdio_ui5_key":"etmportal.ui.manageclassifications.view.Createsap.ui.core.Icon{\"src\":{\"regex\":{\"source\":\"add\"}}}"}]}
COMMAND: GET /session/56f047ff2d8b79b5fb882765d60ddf9f/screenshot - {}
RESULT: {"script":"<script> [1562 bytes]","args":[{"selector":{"controlType":"sap.ui.core.Icon","viewName":"etm.portal.ui.manageclassifications.view.Create","viewId":"application-manageclassifications-display-component---classificationCreate","properties":{"src":{"regex":{"source":"add"}}}},"wdio_ui5_key":"etmportal.ui.manageclassifications.view.Createsap.ui.core.Icon{\"src\":{\"regex\":{\"source\":\"add\"}}}"}]}
RESULT: undefined
COMMAND: POST /session/56f047ff2d8b79b5fb882765d60ddf9f/element - {"using":"xpath","value":"//*[@id=\"__button30-img\"]"}
RESULT: {}
RESULT: {"using":"xpath","value":"//*[@id=\"__button30-img\"]"}
COMMAND: POST /session/56f047ff2d8b79b5fb882765d60ddf9f/element/f.918672ED9AB3AB03A4F724C7637EDD7B.d.1E317C19BB4B98AF48043AE83B13E70D.e.7280/click - {}
RESULT: {}
COMMAND: POST /session/56f047ff2d8b79b5fb882765d60ddf9f/execute/async - {"script":"<script> [1562 bytes]","args":[{"selector":{"controlType":"sap.m.Input","viewName":"etm.portal.ui.manageclassifications.view.Create","viewId":"application-manageclassifications-display-component---classificationCreate","bindingPath":{"path":"/0","propertyPath":"PROPERTY","modelName":"newConfigModel"},"interaction":{"idSuffix":"inner"}},"wdio_ui5_key":"etmportal.ui.manageclassifications.view.Createsap.m.Input{\"path\":\"/0\",\"propertyPath\":\"PROPERTY\",\"modelName\":\"newConfigModel\"}"}]}
COMMAND: GET /session/56f047ff2d8b79b5fb882765d60ddf9f/screenshot - {}
RESULT: {"script":"<script> [1562 bytes]","args":[{"selector":{"controlType":"sap.m.Input","viewName":"etm.portal.ui.manageclassifications.view.Create","viewId":"application-manageclassifications-display-component---classificationCreate","bindingPath":{"path":"/0","propertyPath":"PROPERTY","modelName":"newConfigModel"},"interaction":{"idSuffix":"inner"}},"wdio_ui5_key":"etmportal.ui.manageclassifications.view.Createsap.m.Input{\"path\":\"/0\",\"propertyPath\":\"PROPERTY\",\"modelName\":\"newConfigModel\"}"}]}
RESULT: undefined
COMMAND: POST /session/56f047ff2d8b79b5fb882765d60ddf9f/execute/async - {"script":"<script> [776 bytes]","args":[{"enterText":"Color","selector":{"controlType":"sap.m.Input","viewName":"etm.portal.ui.manageclassifications.view.Create","viewId":"application-manageclassifications-display-component---classificationCreate","bindingPath":{"path":"/0","propertyPath":"PROPERTY","modelName":"newConfigModel"},"interaction":{"idSuffix":"inner"}},"clearTextFirst":true,"interactionType":"ENTER_TEXT"}]}
RESULT: {}
RESULT: {"script":"<script> [776 bytes]","args":[{"enterText":"Color","selector":{"controlType":"sap.m.Input","viewName":"etm.portal.ui.manageclassifications.view.Create","viewId":"application-manageclassifications-display-component---classificationCreate","bindingPath":{"path":"/0","propertyPath":"PROPERTY","modelName":"newConfigModel"},"interaction":{"idSuffix":"inner"}},"clearTextFirst":true,"interactionType":"ENTER_TEXT"}]}
COMMAND: POST /session/56f047ff2d8b79b5fb882765d60ddf9f/execute/async - {"script":"<script> [1562 bytes]","args":[{"selector":{"controlType":"sap.m.Input","viewName":"etm.portal.ui.manageclassifications.view.Create","viewId":"application-manageclassifications-display-component---classificationCreate","bindingPath":{"path":"/0","propertyPath":"DESCRIPTION","modelName":"newConfigModel"},"interaction":{"idSuffix":"inner"}},"wdio_ui5_key":"etmportal.ui.manageclassifications.view.Createsap.m.Input{\"path\":\"/0\",\"propertyPath\":\"DESCRIPTION\",\"modelName\":\"newConfigModel\"}"}]}
RESULT: {"script":"<script> [1562 bytes]","args":[{"selector":{"controlType":"sap.m.Input","viewName":"etm.portal.ui.manageclassifications.view.Create","viewId":"application-manageclassifications-display-component---classificationCreate","bindingPath":{"path":"/0","propertyPath":"DESCRIPTION","modelName":"newConfigModel"},"interaction":{"idSuffix":"inner"}},"wdio_ui5_key":"etmportal.ui.manageclassifications.view.Createsap.m.Input{\"path\":\"/0\",\"propertyPath\":\"DESCRIPTION\",\"modelName\":\"newConfigModel\"}"}]}
RESULT: undefined
COMMAND: POST /session/56f047ff2d8b79b5fb882765d60ddf9f/execute/async - {"script":"<script> [776 bytes]","args":[{"enterText":"Color","selector":{"controlType":"sap.m.Input","viewName":"etm.portal.ui.manageclassifications.view.Create","viewId":"application-manageclassifications-display-component---classificationCreate","bindingPath":{"path":"/0","propertyPath":"DESCRIPTION","modelName":"newConfigModel"},"interaction":{"idSuffix":"inner"}},"clearTextFirst":true,"interactionType":"ENTER_TEXT"}]}
RESULT: {"script":"<script> [776 bytes]","args":[{"enterText":"Color","selector":{"controlType":"sap.m.Input","viewName":"etm.portal.ui.manageclassifications.view.Create","viewId":"application-manageclassifications-display-component---classificationCreate","bindingPath":{"path":"/0","propertyPath":"DESCRIPTION","modelName":"newConfigModel"},"interaction":{"idSuffix":"inner"}},"clearTextFirst":true,"interactionType":"ENTER_TEXT"}]}
COMMAND: POST /session/56f047ff2d8b79b5fb882765d60ddf9f/execute/async - {"script":"<script> [1562 bytes]","args":[{"selector":{"controlType":"sap.ui.core.Icon","viewName":"etm.portal.ui.manageclassifications.view.Create","viewId":"application-manageclassifications-display-component---classificationCreate","properties":{"src":{"regex":{"source":"slim\\-arrow\\-down"}}},"ancestor":{"controlType":"sap.m.ComboBox","viewName":"etm.portal.ui.manageclassifications.view.Create","viewId":"application-manageclassifications-display-component---classificationCreate","bindingPath":{"path":"/0","propertyPath":"VALUE_TYPE","modelName":"newConfigModel"}}},"wdio_ui5_key":"etmportal.ui.manageclassifications.view.Createsap.ui.core.Icon{\"src\":{\"regex\":{\"source\":\"slim\\\\-arrow\\\\-down\"}}}{\"controlType\":\"sap.m.ComboBox\",\"viewName\":\"etm.portal.ui.manageclassifications.view.Create\",\"viewId\":\"application-manageclassifications-display-component---classificationCreate\",\"bindingPath\":{\"path\":\"/0\",\"propertyPath\":\"VALUE_TYPE\",\"modelName\":\"newConfigModel\"}}"}]}
RESULT: {"script":"<script> [1562 bytes]","args":[{"selector":{"controlType":"sap.ui.core.Icon","viewName":"etm.portal.ui.manageclassifications.view.Create","viewId":"application-manageclassifications-display-component---classificationCreate","properties":{"src":{"regex":{"source":"slim\\-arrow\\-down"}}},"ancestor":{"controlType":"sap.m.ComboBox","viewName":"etm.portal.ui.manageclassifications.view.Create","viewId":"application-manageclassifications-display-component---classificationCreate","bindingPath":{"path":"/0","propertyPath":"VALUE_TYPE","modelName":"newConfigModel"}}},"wdio_ui5_key":"etmportal.ui.manageclassifications.view.Createsap.ui.core.Icon{\"src\":{\"regex\":{\"source\":\"slim\\\\-arrow\\\\-down\"}}}{\"controlType\":\"sap.m.ComboBox\",\"viewName\":\"etm.portal.ui.manageclassifications.view.Create\",\"viewId\":\"application-manageclassifications-display-component---classificationCreate\",\"bindingPath\":{\"path\":\"/0\",\"propertyPath\":\"VALUE_TYPE\",\"modelName\":\"newConfigModel\"}}"}]}
RESULT: undefined
COMMAND: POST /session/56f047ff2d8b79b5fb882765d60ddf9f/element - {"using":"xpath","value":"//*[@id=\"__box13-application-manageclassifications-display-component---classificationCreate--configurationList-0-arrow\"]"}
RESULT: {"using":"xpath","value":"//*[@id=\"__box13-application-manageclassifications-display-component---classificationCreate--configurationList-0-arrow\"]"}
COMMAND: POST /session/56f047ff2d8b79b5fb882765d60ddf9f/element/f.918672ED9AB3AB03A4F724C7637EDD7B.d.1E317C19BB4B98AF48043AE83B13E70D.e.7344/click - {}
RESULT: {}
COMMAND: POST /session/56f047ff2d8b79b5fb882765d60ddf9f/execute/async - {"script":"<script> [1562 bytes]","args":[{"selector":{"controlType":"sap.m.StandardListItem","viewName":"etm.portal.ui.manageclassifications.view.Create","viewId":"application-manageclassifications-display-component---classificationCreate","properties":{"title":"Dropdown"},"searchOpenDialogs":true,"interaction":{"idSuffix":"titleText"}},"wdio_ui5_key":"etmportal.ui.manageclassifications.view.Createsap.m.StandardListItem{\"title\":\"Dropdown\"}"}]}
COMMAND: GET /session/56f047ff2d8b79b5fb882765d60ddf9f/screenshot - {}
RESULT: {"script":"<script> [1562 bytes]","args":[{"selector":{"controlType":"sap.m.StandardListItem","viewName":"etm.portal.ui.manageclassifications.view.Create","viewId":"application-manageclassifications-display-component---classificationCreate","properties":{"title":"Dropdown"},"searchOpenDialogs":true,"interaction":{"idSuffix":"titleText"}},"wdio_ui5_key":"etmportal.ui.manageclassifications.view.Createsap.m.StandardListItem{\"title\":\"Dropdown\"}"}]}
RESULT: undefined
COMMAND: POST /session/56f047ff2d8b79b5fb882765d60ddf9f/element - {"using":"xpath","value":"//*[@id=\"__item90\"]"}
RESULT: {}
RESULT: {"using":"xpath","value":"//*[@id=\"__item90\"]"}
COMMAND: POST /session/56f047ff2d8b79b5fb882765d60ddf9f/element/f.918672ED9AB3AB03A4F724C7637EDD7B.d.1E317C19BB4B98AF48043AE83B13E70D.e.7346/click - {}
RESULT: {}
COMMAND: POST /session/56f047ff2d8b79b5fb882765d60ddf9f/execute/async - {"script":"<script> [1562 bytes]","args":[{"selector":{"controlType":"sap.ui.core.Icon","viewName":"etm.portal.ui.manageclassifications.view.Create","viewId":"application-manageclassifications-display-component---classificationCreate","properties":{"src":{"regex":{"source":"crm\\-service\\-manager"}}}},"wdio_ui5_key":"etmportal.ui.manageclassifications.view.Createsap.ui.core.Icon{\"src\":{\"regex\":{\"source\":\"crm\\\\-service\\\\-manager\"}}}"}]}
COMMAND: GET /session/56f047ff2d8b79b5fb882765d60ddf9f/screenshot - {}
RESULT: {"script":"<script> [1562 bytes]","args":[{"selector":{"controlType":"sap.ui.core.Icon","viewName":"etm.portal.ui.manageclassifications.view.Create","viewId":"application-manageclassifications-display-component---classificationCreate","properties":{"src":{"regex":{"source":"crm\\-service\\-manager"}}}},"wdio_ui5_key":"etmportal.ui.manageclassifications.view.Createsap.ui.core.Icon{\"src\":{\"regex\":{\"source\":\"crm\\\\-service\\\\-manager\"}}}"}]}
RESULT: undefined
COMMAND: POST /session/56f047ff2d8b79b5fb882765d60ddf9f/element - {"using":"xpath","value":"//*[@id=\"__button32-application-manageclassifications-display-component---classificationCreate--configurationList-0-img\"]"}
RESULT: {}
RESULT: {"using":"xpath","value":"//*[@id=\"__button32-application-manageclassifications-display-component---classificationCreate--configurationList-0-img\"]"}
COMMAND: POST /session/56f047ff2d8b79b5fb882765d60ddf9f/element/f.918672ED9AB3AB03A4F724C7637EDD7B.d.1E317C19BB4B98AF48043AE83B13E70D.e.7348/click - {}
RESULT: {}
COMMAND: POST /session/56f047ff2d8b79b5fb882765d60ddf9f/element - {"using":"xpath","value":"//button[@title=\"Add additional value\"]"}
COMMAND: GET /session/56f047ff2d8b79b5fb882765d60ddf9f/screenshot - {}
RESULT: {"using":"xpath","value":"//button[@title=\"Add additional value\"]"}
COMMAND: POST /session/56f047ff2d8b79b5fb882765d60ddf9f/element/f.918672ED9AB3AB03A4F724C7637EDD7B.d.1E317C19BB4B98AF48043AE83B13E70D.e.7349/click - {}
RESULT: {}
RESULT: {}
COMMAND: POST /session/56f047ff2d8b79b5fb882765d60ddf9f/execute/async - {"script":"<script> [1562 bytes]","args":[{"selector":{"controlType":"sap.m.Input","viewName":"etm.portal.ui.manageclassifications.view.Create","viewId":"application-manageclassifications-display-component---classificationCreate","bindingPath":{"path":"/VALUES/0","propertyPath":"VALUE","modelName":"dropdownValuesModel"},"searchOpenDialogs":true,"interaction":{"idSuffix":"inner"}},"wdio_ui5_key":"etmportal.ui.manageclassifications.view.Createsap.m.Input{\"path\":\"/VALUES/0\",\"propertyPath\":\"VALUE\",\"modelName\":\"dropdownValuesModel\"}"}]}
COMMAND: GET /session/56f047ff2d8b79b5fb882765d60ddf9f/screenshot - {}
RESULT: {"script":"<script> [1562 bytes]","args":[{"selector":{"controlType":"sap.m.Input","viewName":"etm.portal.ui.manageclassifications.view.Create","viewId":"application-manageclassifications-display-component---classificationCreate","bindingPath":{"path":"/VALUES/0","propertyPath":"VALUE","modelName":"dropdownValuesModel"},"searchOpenDialogs":true,"interaction":{"idSuffix":"inner"}},"wdio_ui5_key":"etmportal.ui.manageclassifications.view.Createsap.m.Input{\"path\":\"/VALUES/0\",\"propertyPath\":\"VALUE\",\"modelName\":\"dropdownValuesModel\"}"}]}
RESULT: undefined
COMMAND: POST /session/56f047ff2d8b79b5fb882765d60ddf9f/execute/async - {"script":"<script> [776 bytes]","args":[{"enterText":"1","selector":{"controlType":"sap.m.Input","viewName":"etm.portal.ui.manageclassifications.view.Create","viewId":"application-manageclassifications-display-component---classificationCreate","bindingPath":{"path":"/VALUES/0","propertyPath":"VALUE","modelName":"dropdownValuesModel"},"searchOpenDialogs":true,"interaction":{"idSuffix":"inner"}},"clearTextFirst":true,"interactionType":"ENTER_TEXT"}]}
RESULT: {}
RESULT: {"script":"<script> [776 bytes]","args":[{"enterText":"1","selector":{"controlType":"sap.m.Input","viewName":"etm.portal.ui.manageclassifications.view.Create","viewId":"application-manageclassifications-display-component---classificationCreate","bindingPath":{"path":"/VALUES/0","propertyPath":"VALUE","modelName":"dropdownValuesModel"},"searchOpenDialogs":true,"interaction":{"idSuffix":"inner"}},"clearTextFirst":true,"interactionType":"ENTER_TEXT"}]}
COMMAND: POST /session/56f047ff2d8b79b5fb882765d60ddf9f/execute/async - {"script":"<script> [1562 bytes]","args":[{"selector":{"controlType":"sap.m.Input","viewName":"etm.portal.ui.manageclassifications.view.Create","viewId":"application-manageclassifications-display-component---classificationCreate","bindingPath":{"path":"/VALUES/0","propertyPath":"TEXT","modelName":"dropdownValuesModel"},"searchOpenDialogs":true,"interaction":{"idSuffix":"inner"}},"wdio_ui5_key":"etmportal.ui.manageclassifications.view.Createsap.m.Input{\"path\":\"/VALUES/0\",\"propertyPath\":\"TEXT\",\"modelName\":\"dropdownValuesModel\"}"}]}
RESULT: {"script":"<script> [1562 bytes]","args":[{"selector":{"controlType":"sap.m.Input","viewName":"etm.portal.ui.manageclassifications.view.Create","viewId":"application-manageclassifications-display-component---classificationCreate","bindingPath":{"path":"/VALUES/0","propertyPath":"TEXT","modelName":"dropdownValuesModel"},"searchOpenDialogs":true,"interaction":{"idSuffix":"inner"}},"wdio_ui5_key":"etmportal.ui.manageclassifications.view.Createsap.m.Input{\"path\":\"/VALUES/0\",\"propertyPath\":\"TEXT\",\"modelName\":\"dropdownValuesModel\"}"}]}
RESULT: undefined
COMMAND: POST /session/56f047ff2d8b79b5fb882765d60ddf9f/execute/async - {"script":"<script> [776 bytes]","args":[{"enterText":"blue","selector":{"controlType":"sap.m.Input","viewName":"etm.portal.ui.manageclassifications.view.Create","viewId":"application-manageclassifications-display-component---classificationCreate","bindingPath":{"path":"/VALUES/0","propertyPath":"TEXT","modelName":"dropdownValuesModel"},"searchOpenDialogs":true,"interaction":{"idSuffix":"inner"}},"clearTextFirst":true,"interactionType":"ENTER_TEXT"}]}
RESULT: {"script":"<script> [776 bytes]","args":[{"enterText":"blue","selector":{"controlType":"sap.m.Input","viewName":"etm.portal.ui.manageclassifications.view.Create","viewId":"application-manageclassifications-display-component---classificationCreate","bindingPath":{"path":"/VALUES/0","propertyPath":"TEXT","modelName":"dropdownValuesModel"},"searchOpenDialogs":true,"interaction":{"idSuffix":"inner"}},"clearTextFirst":true,"interactionType":"ENTER_TEXT"}]}
COMMAND: POST /session/56f047ff2d8b79b5fb882765d60ddf9f/element - {"using":"xpath","value":"//button[@title=\"Add additional value\"]"}
RESULT: {"using":"xpath","value":"//button[@title=\"Add additional value\"]"}
COMMAND: POST /session/56f047ff2d8b79b5fb882765d60ddf9f/element/f.918672ED9AB3AB03A4F724C7637EDD7B.d.1E317C19BB4B98AF48043AE83B13E70D.e.7349/click - {}
RESULT: {}
COMMAND: POST /session/56f047ff2d8b79b5fb882765d60ddf9f/execute/async - {"script":"<script> [1562 bytes]","args":[{"selector":{"controlType":"sap.m.Input","viewName":"etm.portal.ui.manageclassifications.view.Create","viewId":"application-manageclassifications-display-component---classificationCreate","bindingPath":{"path":"/VALUES/1","propertyPath":"VALUE","modelName":"dropdownValuesModel"},"searchOpenDialogs":true,"interaction":{"idSuffix":"inner"}},"wdio_ui5_key":"etmportal.ui.manageclassifications.view.Createsap.m.Input{\"path\":\"/VALUES/1\",\"propertyPath\":\"VALUE\",\"modelName\":\"dropdownValuesModel\"}"}]}
COMMAND: GET /session/56f047ff2d8b79b5fb882765d60ddf9f/screenshot - {}
RESULT: {"script":"<script> [1562 bytes]","args":[{"selector":{"controlType":"sap.m.Input","viewName":"etm.portal.ui.manageclassifications.view.Create","viewId":"application-manageclassifications-display-component---classificationCreate","bindingPath":{"path":"/VALUES/1","propertyPath":"VALUE","modelName":"dropdownValuesModel"},"searchOpenDialogs":true,"interaction":{"idSuffix":"inner"}},"wdio_ui5_key":"etmportal.ui.manageclassifications.view.Createsap.m.Input{\"path\":\"/VALUES/1\",\"propertyPath\":\"VALUE\",\"modelName\":\"dropdownValuesModel\"}"}]}
RESULT: undefined
COMMAND: POST /session/56f047ff2d8b79b5fb882765d60ddf9f/execute/async - {"script":"<script> [776 bytes]","args":[{"enterText":"2","selector":{"controlType":"sap.m.Input","viewName":"etm.portal.ui.manageclassifications.view.Create","viewId":"application-manageclassifications-display-component---classificationCreate","bindingPath":{"path":"/VALUES/1","propertyPath":"VALUE","modelName":"dropdownValuesModel"},"searchOpenDialogs":true,"interaction":{"idSuffix":"inner"}},"clearTextFirst":true,"interactionType":"ENTER_TEXT"}]}
RESULT: {}
RESULT: {"script":"<script> [776 bytes]","args":[{"enterText":"2","selector":{"controlType":"sap.m.Input","viewName":"etm.portal.ui.manageclassifications.view.Create","viewId":"application-manageclassifications-display-component---classificationCreate","bindingPath":{"path":"/VALUES/1","propertyPath":"VALUE","modelName":"dropdownValuesModel"},"searchOpenDialogs":true,"interaction":{"idSuffix":"inner"}},"clearTextFirst":true,"interactionType":"ENTER_TEXT"}]}
COMMAND: POST /session/56f047ff2d8b79b5fb882765d60ddf9f/execute/async - {"script":"<script> [1562 bytes]","args":[{"selector":{"controlType":"sap.m.Input","viewName":"etm.portal.ui.manageclassifications.view.Create","viewId":"application-manageclassifications-display-component---classificationCreate","bindingPath":{"path":"/VALUES/1","propertyPath":"TEXT","modelName":"dropdownValuesModel"},"searchOpenDialogs":true,"interaction":{"idSuffix":"inner"}},"wdio_ui5_key":"etmportal.ui.manageclassifications.view.Createsap.m.Input{\"path\":\"/VALUES/1\",\"propertyPath\":\"TEXT\",\"modelName\":\"dropdownValuesModel\"}"}]}
RESULT: {"script":"<script> [1562 bytes]","args":[{"selector":{"controlType":"sap.m.Input","viewName":"etm.portal.ui.manageclassifications.view.Create","viewId":"application-manageclassifications-display-component---classificationCreate","bindingPath":{"path":"/VALUES/1","propertyPath":"TEXT","modelName":"dropdownValuesModel"},"searchOpenDialogs":true,"interaction":{"idSuffix":"inner"}},"wdio_ui5_key":"etmportal.ui.manageclassifications.view.Createsap.m.Input{\"path\":\"/VALUES/1\",\"propertyPath\":\"TEXT\",\"modelName\":\"dropdownValuesModel\"}"}]}
RESULT: undefined
COMMAND: POST /session/56f047ff2d8b79b5fb882765d60ddf9f/execute/async - {"script":"<script> [776 bytes]","args":[{"enterText":"red","selector":{"controlType":"sap.m.Input","viewName":"etm.portal.ui.manageclassifications.view.Create","viewId":"application-manageclassifications-display-component---classificationCreate","bindingPath":{"path":"/VALUES/1","propertyPath":"TEXT","modelName":"dropdownValuesModel"},"searchOpenDialogs":true,"interaction":{"idSuffix":"inner"}},"clearTextFirst":true,"interactionType":"ENTER_TEXT"}]}
RESULT: {"script":"<script> [776 bytes]","args":[{"enterText":"red","selector":{"controlType":"sap.m.Input","viewName":"etm.portal.ui.manageclassifications.view.Create","viewId":"application-manageclassifications-display-component---classificationCreate","bindingPath":{"path":"/VALUES/1","propertyPath":"TEXT","modelName":"dropdownValuesModel"},"searchOpenDialogs":true,"interaction":{"idSuffix":"inner"}},"clearTextFirst":true,"interactionType":"ENTER_TEXT"}]}
COMMAND: POST /session/56f047ff2d8b79b5fb882765d60ddf9f/execute/async - {"script":"<script> [1562 bytes]","args":[{"selector":{"controlType":"sap.m.Button","viewName":"etm.portal.ui.manageclassifications.view.Create","viewId":"application-manageclassifications-display-component---classificationCreate","i18NText":{"propertyName":"text","key":"save"},"searchOpenDialogs":true,"interaction":{"idSuffix":"BDI-content"}},"wdio_ui5_key":"etmportal.ui.manageclassifications.view.Createsap.m.Button{\"propertyName\":\"text\",\"key\":\"save\"}"}]}
RESULT: {"script":"<script> [1562 bytes]","args":[{"selector":{"controlType":"sap.m.Button","viewName":"etm.portal.ui.manageclassifications.view.Create","viewId":"application-manageclassifications-display-component---classificationCreate","i18NText":{"propertyName":"text","key":"save"},"searchOpenDialogs":true,"interaction":{"idSuffix":"BDI-content"}},"wdio_ui5_key":"etmportal.ui.manageclassifications.view.Createsap.m.Button{\"propertyName\":\"text\",\"key\":\"save\"}"}]}
RESULT: undefined
COMMAND: POST /session/56f047ff2d8b79b5fb882765d60ddf9f/element - {"using":"xpath","value":"//*[@id=\"__button42\"]"}
RESULT: {"using":"xpath","value":"//*[@id=\"__button42\"]"}
COMMAND: POST /session/56f047ff2d8b79b5fb882765d60ddf9f/element/f.918672ED9AB3AB03A4F724C7637EDD7B.d.1E317C19BB4B98AF48043AE83B13E70D.e.7369/click - {}
RESULT: {}
COMMAND: GET /session/56f047ff2d8b79b5fb882765d60ddf9f/screenshot - {}
RESULT: {}
COMMAND: POST /session/56f047ff2d8b79b5fb882765d60ddf9f/element - {"using":"xpath","value":"//button[@title=\"Save\"]"}
RESULT: {"using":"xpath","value":"//button[@title=\"Save\"]"}
COMMAND: POST /session/56f047ff2d8b79b5fb882765d60ddf9f/element/f.918672ED9AB3AB03A4F724C7637EDD7B.d.1E317C19BB4B98AF48043AE83B13E70D.e.7287/click - {}
RESULT: {}
COMMAND: GET /session/56f047ff2d8b79b5fb882765d60ddf9f/screenshot - {}
RESULT: {}
COMMAND: POST /session/56f047ff2d8b79b5fb882765d60ddf9f/execute/async - {"script":"<script> [1562 bytes]","args":[{"selector":{"id":"application-manageclassifications-display-component---classificationMaster--smartFilterBar-btnBasicSearch","interaction":{"idSuffix":"I"}},"wdio_ui5_key":"applicationmanageclassifications-display-component---classificationMaster--smartFilterBar-btnBasicSearch"}]}
RESULT: {"script":"<script> [1562 bytes]","args":[{"selector":{"id":"application-manageclassifications-display-component---classificationMaster--smartFilterBar-btnBasicSearch","interaction":{"idSuffix":"I"}},"wdio_ui5_key":"applicationmanageclassifications-display-component---classificationMaster--smartFilterBar-btnBasicSearch"}]}
RESULT: undefined
COMMAND: POST /session/56f047ff2d8b79b5fb882765d60ddf9f/execute/async - {"script":"<script> [776 bytes]","args":[{"enterText":"WebdriverItemClass3bayr","selector":{"id":"application-manageclassifications-display-component---classificationMaster--smartFilterBar-btnBasicSearch","interaction":{"idSuffix":"I"}},"clearTextFirst":true,"interactionType":"ENTER_TEXT"}]}
RESULT: {"script":"<script> [776 bytes]","args":[{"enterText":"WebdriverItemClass3bayr","selector":{"id":"application-manageclassifications-display-component---classificationMaster--smartFilterBar-btnBasicSearch","interaction":{"idSuffix":"I"}},"clearTextFirst":true,"interactionType":"ENTER_TEXT"}]}
COMMAND: POST /session/56f047ff2d8b79b5fb882765d60ddf9f/actions - {"actions":[{"id":"action47","type":"key","parameters":{},"actions":[{"type":"keyDown","value":"î€‡"},{"type":"pause","duration":10},{"type":"keyUp","value":"î€‡"}]}]}
RESULT: {"actions":[{"id":"action47","type":"key","parameters":{},"actions":[{"type":"keyDown","value":"î€‡"},{"type":"pause","duration":10},{"type":"keyUp","value":"î€‡"}]}]}
COMMAND: POST /session/56f047ff2d8b79b5fb882765d60ddf9f/execute/async - {"script":"<script> [1562 bytes]","args":[{"selector":{"id":"application-manageclassifications-display-component---classificationMaster--smartTable-header"},"wdio_ui5_key":"applicationmanageclassifications-display-component---classificationMaster--smartTable-header"}]}
COMMAND: GET /session/56f047ff2d8b79b5fb882765d60ddf9f/screenshot - {}
RESULT: {"script":"<script> [1562 bytes]","args":[{"selector":{"id":"application-manageclassifications-display-component---classificationMaster--smartTable-header"},"wdio_ui5_key":"applicationmanageclassifications-display-component---classificationMaster--smartTable-header"}]}
RESULT: undefined
COMMAND: POST /session/56f047ff2d8b79b5fb882765d60ddf9f/execute/async - {"script":"<script> [6424 bytes]","args":[{"element-6066-11e4-a52e-4f735466cecf":"f.918672ED9AB3AB03A4F724C7637EDD7B.d.1E317C19BB4B98AF48043AE83B13E70D.e.7539"},"getText",[]]}
RESULT: {}
RESULT: {"script":"<script> [6424 bytes]","args":[{"element-6066-11e4-a52e-4f735466cecf":"f.918672ED9AB3AB03A4F724C7637EDD7B.d.1E317C19BB4B98AF48043AE83B13E70D.e.7539"},"getText",[]]}
COMMAND: POST /session/56f047ff2d8b79b5fb882765d60ddf9f/element - {"using":"css selector","value":"#shell-header-logo"}
RESULT: {"using":"css selector","value":"#shell-header-logo"}
COMMAND: POST /session/56f047ff2d8b79b5fb882765d60ddf9f/element/f.918672ED9AB3AB03A4F724C7637EDD7B.d.1E317C19BB4B98AF48043AE83B13E70D.e.6847/click - {}
RESULT: {}
COMMAND: GET /session/56f047ff2d8b79b5fb882765d60ddf9f/screenshot - {}
RESULT: {}
]]></system-out>
    </testcase>
    <testcase classname="chrome.136_0_7103_49.windows.Manage_requests_-_requests_specifications_US141095" name="Should create a new section and a catalog item" time="151.764">
      <system-out><![CDATA[
COMMAND: POST /session/56f047ff2d8b79b5fb882765d60ddf9f/execute/async - {"script":"<script> [1562 bytes]","args":[{"selector":{"controlType":"sap.m.GenericTile","properties":{"header":"Manage Catalogs"}},"wdio_ui5_key":"sapm.GenericTile{\"header\":\"Manage Catalogs\"}"}]}
RESULT: {"script":"<script> [1562 bytes]","args":[{"selector":{"controlType":"sap.m.GenericTile","properties":{"header":"Manage Catalogs"}},"wdio_ui5_key":"sapm.GenericTile{\"header\":\"Manage Catalogs\"}"}]}
RESULT: undefined
COMMAND: POST /session/56f047ff2d8b79b5fb882765d60ddf9f/element - {"using":"xpath","value":"//*[@id=\"__tile37\"]"}
RESULT: {"using":"xpath","value":"//*[@id=\"__tile37\"]"}
COMMAND: POST /session/56f047ff2d8b79b5fb882765d60ddf9f/element/f.918672ED9AB3AB03A4F724C7637EDD7B.d.1E317C19BB4B98AF48043AE83B13E70D.e.7544/click - {}
RESULT: {}
COMMAND: GET /session/56f047ff2d8b79b5fb882765d60ddf9f/screenshot - {}
RESULT: {}
COMMAND: POST /session/56f047ff2d8b79b5fb882765d60ddf9f/elements - {"using":"xpath","value":"//span[text()='Error']"}
RESULT: {"using":"xpath","value":"//span[text()='Error']"}
COMMAND: POST /session/56f047ff2d8b79b5fb882765d60ddf9f/execute/async - {"script":"<script> [1562 bytes]","args":[{"selector":{"controlType":"sap.m.Text","viewName":"etm.portal.ui.managecatalogs.view.MasterCatalogs","viewId":"application-managecatalogs-display-component---masterCatalogs","bindingPath":{"path":"/Catalogs('0D7502D073D53A0F1700BE067B89AFF9')","propertyPath":"DESCRIPTION","modelName":"catalogModel"}},"wdio_ui5_key":"etmportal.ui.managecatalogs.view.MasterCatalogssap.m.Text{\"path\":\"/Catalogs('0D7502D073D53A0F1700BE067B89AFF9')\",\"propertyPath\":\"DESCRIPTION\",\"modelName\":\"catalogModel\"}"}]}
RESULT: {"script":"<script> [1562 bytes]","args":[{"selector":{"controlType":"sap.m.Text","viewName":"etm.portal.ui.managecatalogs.view.MasterCatalogs","viewId":"application-managecatalogs-display-component---masterCatalogs","bindingPath":{"path":"/Catalogs('0D7502D073D53A0F1700BE067B89AFF9')","propertyPath":"DESCRIPTION","modelName":"catalogModel"}},"wdio_ui5_key":"etmportal.ui.managecatalogs.view.MasterCatalogssap.m.Text{\"path\":\"/Catalogs('0D7502D073D53A0F1700BE067B89AFF9')\",\"propertyPath\":\"DESCRIPTION\",\"modelName\":\"catalogModel\"}"}]}
RESULT: undefined
COMMAND: POST /session/56f047ff2d8b79b5fb882765d60ddf9f/element - {"using":"xpath","value":"//*[@id=\"__text432-application-managecatalogs-display-component---masterCatalogs--CatalogsTable-11\"]"}
RESULT: {"using":"xpath","value":"//*[@id=\"__text432-application-managecatalogs-display-component---masterCatalogs--CatalogsTable-11\"]"}
COMMAND: POST /session/56f047ff2d8b79b5fb882765d60ddf9f/element/f.918672ED9AB3AB03A4F724C7637EDD7B.d.1E317C19BB4B98AF48043AE83B13E70D.e.7613/click - {}
RESULT: {}
COMMAND: POST /session/56f047ff2d8b79b5fb882765d60ddf9f/execute/async - {"script":"<script> [1562 bytes]","args":[{"selector":{"controlType":"sap.ui.layout.HorizontalLayout","viewName":"etm.portal.ui.managecatalogs.view.MasterItems","viewId":"application-managecatalogs-display-component---masterCatalogItems","ancestor":{"id":"application-managecatalogs-display-component---masterCatalogItems--idCatalogItemsTree-rows-row0"}},"wdio_ui5_key":"etmportal.ui.managecatalogs.view.MasterItemssap.ui.layout.HorizontalLayout{\"id\":\"application-managecatalogs-display-component---masterCatalogItems--idCatalogItemsTree-rows-row0\"}"}]}
COMMAND: GET /session/56f047ff2d8b79b5fb882765d60ddf9f/screenshot - {}
RESULT: {"script":"<script> [1562 bytes]","args":[{"selector":{"controlType":"sap.ui.layout.HorizontalLayout","viewName":"etm.portal.ui.managecatalogs.view.MasterItems","viewId":"application-managecatalogs-display-component---masterCatalogItems","ancestor":{"id":"application-managecatalogs-display-component---masterCatalogItems--idCatalogItemsTree-rows-row0"}},"wdio_ui5_key":"etmportal.ui.managecatalogs.view.MasterItemssap.ui.layout.HorizontalLayout{\"id\":\"application-managecatalogs-display-component---masterCatalogItems--idCatalogItemsTree-rows-row0\"}"}]}
RESULT: undefined
COMMAND: POST /session/56f047ff2d8b79b5fb882765d60ddf9f/element - {"using":"xpath","value":"//*[@id=\"__layout40-__clone398\"]"}
RESULT: {}
RESULT: {"using":"xpath","value":"//*[@id=\"__layout40-__clone398\"]"}
COMMAND: POST /session/56f047ff2d8b79b5fb882765d60ddf9f/element/f.918672ED9AB3AB03A4F724C7637EDD7B.d.1E317C19BB4B98AF48043AE83B13E70D.e.7648/click - {}
RESULT: {}
COMMAND: GET /session/56f047ff2d8b79b5fb882765d60ddf9f/screenshot - {}
COMMAND: POST /session/56f047ff2d8b79b5fb882765d60ddf9f/execute/async - {"script":"<script> [1562 bytes]","args":[{"selector":{"controlType":"sap.m.Button","viewName":"etm.portal.ui.managecatalogs.view.Detail","viewId":"application-managecatalogs-display-component---detailCatalog","i18NText":{"propertyName":"text","key":"edit"},"interaction":{"idSuffix":"BDI-content"}},"wdio_ui5_key":"etmportal.ui.managecatalogs.view.Detailsap.m.Button{\"propertyName\":\"text\",\"key\":\"edit\"}"}]}
RESULT: {}
RESULT: {"script":"<script> [1562 bytes]","args":[{"selector":{"controlType":"sap.m.Button","viewName":"etm.portal.ui.managecatalogs.view.Detail","viewId":"application-managecatalogs-display-component---detailCatalog","i18NText":{"propertyName":"text","key":"edit"},"interaction":{"idSuffix":"BDI-content"}},"wdio_ui5_key":"etmportal.ui.managecatalogs.view.Detailsap.m.Button{\"propertyName\":\"text\",\"key\":\"edit\"}"}]}
RESULT: undefined
COMMAND: POST /session/56f047ff2d8b79b5fb882765d60ddf9f/element - {"using":"xpath","value":"//*[@id=\"__button86\"]"}
RESULT: {"using":"xpath","value":"//*[@id=\"__button86\"]"}
COMMAND: POST /session/56f047ff2d8b79b5fb882765d60ddf9f/element/f.918672ED9AB3AB03A4F724C7637EDD7B.d.1E317C19BB4B98AF48043AE83B13E70D.e.7765/click - {}
RESULT: {}
COMMAND: GET /session/56f047ff2d8b79b5fb882765d60ddf9f/screenshot - {}
RESULT: {}
COMMAND: POST /session/56f047ff2d8b79b5fb882765d60ddf9f/element - {"using":"xpath","value":"//bdi[contains(text(), \"Unlock\")]"}
RESULT: {"using":"xpath","value":"//bdi[contains(text(), \"Unlock\")]"}
COMMAND: POST /session/56f047ff2d8b79b5fb882765d60ddf9f/elements - {"using":"xpath","value":"//bdi[contains(text(), \"Unlock\")]"}
RESULT: {"using":"xpath","value":"//bdi[contains(text(), \"Unlock\")]"}
COMMAND: POST /session/56f047ff2d8b79b5fb882765d60ddf9f/execute/async - {"script":"<script> [1562 bytes]","args":[{"selector":{"controlType":"sap.ui.core.Icon","viewName":"etm.portal.ui.managecatalogs.view.Detail","viewId":"application-managecatalogs-display-component---detailCatalog","properties":{"src":{"regex":{"source":"add\\-folder"}}}},"wdio_ui5_key":"etmportal.ui.managecatalogs.view.Detailsap.ui.core.Icon{\"src\":{\"regex\":{\"source\":\"add\\\\-folder\"}}}"}]}
RESULT: {"script":"<script> [1562 bytes]","args":[{"selector":{"controlType":"sap.ui.core.Icon","viewName":"etm.portal.ui.managecatalogs.view.Detail","viewId":"application-managecatalogs-display-component---detailCatalog","properties":{"src":{"regex":{"source":"add\\-folder"}}}},"wdio_ui5_key":"etmportal.ui.managecatalogs.view.Detailsap.ui.core.Icon{\"src\":{\"regex\":{\"source\":\"add\\\\-folder\"}}}"}]}
RESULT: undefined
COMMAND: POST /session/56f047ff2d8b79b5fb882765d60ddf9f/element - {"using":"xpath","value":"//*[@id=\"__button94-img\"]"}
RESULT: {"using":"xpath","value":"//*[@id=\"__button94-img\"]"}
COMMAND: POST /session/56f047ff2d8b79b5fb882765d60ddf9f/element/f.918672ED9AB3AB03A4F724C7637EDD7B.d.1E317C19BB4B98AF48043AE83B13E70D.e.7771/click - {}
RESULT: {}
COMMAND: GET /session/56f047ff2d8b79b5fb882765d60ddf9f/screenshot - {}
RESULT: {}
COMMAND: POST /session/56f047ff2d8b79b5fb882765d60ddf9f/execute/async - {"script":"<script> [1562 bytes]","args":[{"selector":{"id":"application-managecatalogs-display-component---detailCatalog--numberInput","searchOpenDialogs":true,"interaction":{"idSuffix":"inner"}},"wdio_ui5_key":"applicationmanagecatalogs-display-component---detailCatalog--numberInput"}]}
RESULT: {"script":"<script> [1562 bytes]","args":[{"selector":{"id":"application-managecatalogs-display-component---detailCatalog--numberInput","searchOpenDialogs":true,"interaction":{"idSuffix":"inner"}},"wdio_ui5_key":"applicationmanagecatalogs-display-component---detailCatalog--numberInput"}]}
RESULT: undefined
COMMAND: POST /session/56f047ff2d8b79b5fb882765d60ddf9f/execute/async - {"script":"<script> [776 bytes]","args":[{"enterText":"Sectionb0law","selector":{"id":"application-managecatalogs-display-component---detailCatalog--numberInput","searchOpenDialogs":true,"interaction":{"idSuffix":"inner"}},"clearTextFirst":true,"interactionType":"ENTER_TEXT"}]}
RESULT: {"script":"<script> [776 bytes]","args":[{"enterText":"Sectionb0law","selector":{"id":"application-managecatalogs-display-component---detailCatalog--numberInput","searchOpenDialogs":true,"interaction":{"idSuffix":"inner"}},"clearTextFirst":true,"interactionType":"ENTER_TEXT"}]}
COMMAND: POST /session/56f047ff2d8b79b5fb882765d60ddf9f/element - {"using":"css selector","value":"#application-managecatalogs-display-component---detailCatalog--nameInput-inner"}
RESULT: {"using":"css selector","value":"#application-managecatalogs-display-component---detailCatalog--nameInput-inner"}
COMMAND: POST /session/56f047ff2d8b79b5fb882765d60ddf9f/elements - {"using":"css selector","value":"#application-managecatalogs-display-component---detailCatalog--nameInput-inner"}
RESULT: {"using":"css selector","value":"#application-managecatalogs-display-component---detailCatalog--nameInput-inner"}
COMMAND: POST /session/56f047ff2d8b79b5fb882765d60ddf9f/element/f.918672ED9AB3AB03A4F724C7637EDD7B.d.1E317C19BB4B98AF48043AE83B13E70D.e.7775/clear - {}
RESULT: {}
COMMAND: POST /session/56f047ff2d8b79b5fb882765d60ddf9f/element/f.918672ED9AB3AB03A4F724C7637EDD7B.d.1E317C19BB4B98AF48043AE83B13E70D.e.7775/value - {"text":"Webdriverw5t1l"}
COMMAND: GET /session/56f047ff2d8b79b5fb882765d60ddf9f/screenshot - {}
RESULT: {"text":"Webdriverw5t1l"}
COMMAND: POST /session/56f047ff2d8b79b5fb882765d60ddf9f/execute/async - {"script":"<script> [1562 bytes]","args":[{"selector":{"controlType":"sap.m.Button","viewName":"etm.portal.ui.managecatalogs.view.Detail","viewId":"application-managecatalogs-display-component---detailCatalog","i18NText":{"propertyName":"text","key":"create"},"searchOpenDialogs":true,"interaction":{"idSuffix":"BDI-content"}},"wdio_ui5_key":"etmportal.ui.managecatalogs.view.Detailsap.m.Button{\"propertyName\":\"text\",\"key\":\"create\"}"}]}
COMMAND: GET /session/56f047ff2d8b79b5fb882765d60ddf9f/screenshot - {}
RESULT: {}
RESULT: {"script":"<script> [1562 bytes]","args":[{"selector":{"controlType":"sap.m.Button","viewName":"etm.portal.ui.managecatalogs.view.Detail","viewId":"application-managecatalogs-display-component---detailCatalog","i18NText":{"propertyName":"text","key":"create"},"searchOpenDialogs":true,"interaction":{"idSuffix":"BDI-content"}},"wdio_ui5_key":"etmportal.ui.managecatalogs.view.Detailsap.m.Button{\"propertyName\":\"text\",\"key\":\"create\"}"}]}
RESULT: undefined
COMMAND: POST /session/56f047ff2d8b79b5fb882765d60ddf9f/element - {"using":"xpath","value":"//*[@id=\"__button64\"]"}
RESULT: {}
RESULT: {"using":"xpath","value":"//*[@id=\"__button64\"]"}
COMMAND: POST /session/56f047ff2d8b79b5fb882765d60ddf9f/element/f.918672ED9AB3AB03A4F724C7637EDD7B.d.1E317C19BB4B98AF48043AE83B13E70D.e.7780/click - {}
RESULT: {}
COMMAND: GET /session/56f047ff2d8b79b5fb882765d60ddf9f/screenshot - {}
RESULT: {}
COMMAND: POST /session/56f047ff2d8b79b5fb882765d60ddf9f/element - {"using":"xpath","value":"//button[@title=\"Save\"]"}
RESULT: {"using":"xpath","value":"//button[@title=\"Save\"]"}
COMMAND: POST /session/56f047ff2d8b79b5fb882765d60ddf9f/element/f.918672ED9AB3AB03A4F724C7637EDD7B.d.1E317C19BB4B98AF48043AE83B13E70D.e.7781/click - {}
RESULT: {}
COMMAND: POST /session/56f047ff2d8b79b5fb882765d60ddf9f/execute/async - {"script":"<script> [1562 bytes]","args":[{"selector":{"controlType":"sap.ui.core.Icon","viewName":"etm.portal.ui.managecatalogs.view.Detail","viewId":"application-managecatalogs-display-component---detailCatalog","properties":{"src":{"regex":{"source":"decline"}}}},"wdio_ui5_key":"etmportal.ui.managecatalogs.view.Detailsap.ui.core.Icon{\"src\":{\"regex\":{\"source\":\"decline\"}}}"}]}
COMMAND: GET /session/56f047ff2d8b79b5fb882765d60ddf9f/screenshot - {}
RESULT: {"script":"<script> [1562 bytes]","args":[{"selector":{"controlType":"sap.ui.core.Icon","viewName":"etm.portal.ui.managecatalogs.view.Detail","viewId":"application-managecatalogs-display-component---detailCatalog","properties":{"src":{"regex":{"source":"decline"}}}},"wdio_ui5_key":"etmportal.ui.managecatalogs.view.Detailsap.ui.core.Icon{\"src\":{\"regex\":{\"source\":\"decline\"}}}"}]}
RESULT: undefined
COMMAND: POST /session/56f047ff2d8b79b5fb882765d60ddf9f/element - {"using":"xpath","value":"//*[@id=\"__button89-img\"]"}
RESULT: {}
RESULT: {"using":"xpath","value":"//*[@id=\"__button89-img\"]"}
COMMAND: POST /session/56f047ff2d8b79b5fb882765d60ddf9f/element/f.918672ED9AB3AB03A4F724C7637EDD7B.d.1E317C19BB4B98AF48043AE83B13E70D.e.7786/click - {}
RESULT: {}
COMMAND: GET /session/56f047ff2d8b79b5fb882765d60ddf9f/screenshot - {}
RESULT: {}
COMMAND: POST /session/56f047ff2d8b79b5fb882765d60ddf9f/execute/async - {"script":"<script> [1562 bytes]","args":[{"selector":{"controlType":"sap.ui.core.Icon","viewName":"etm.portal.ui.managecatalogs.view.MasterItems","viewId":"application-managecatalogs-display-component---masterCatalogItems","properties":{"src":{"regex":{"source":"refresh"}}}},"wdio_ui5_key":"etmportal.ui.managecatalogs.view.MasterItemssap.ui.core.Icon{\"src\":{\"regex\":{\"source\":\"refresh\"}}}"}]}
RESULT: {"script":"<script> [1562 bytes]","args":[{"selector":{"controlType":"sap.ui.core.Icon","viewName":"etm.portal.ui.managecatalogs.view.MasterItems","viewId":"application-managecatalogs-display-component---masterCatalogItems","properties":{"src":{"regex":{"source":"refresh"}}}},"wdio_ui5_key":"etmportal.ui.managecatalogs.view.MasterItemssap.ui.core.Icon{\"src\":{\"regex\":{\"source\":\"refresh\"}}}"}]}
RESULT: undefined
COMMAND: POST /session/56f047ff2d8b79b5fb882765d60ddf9f/element - {"using":"xpath","value":"//*[@id=\"__button62-img\"]"}
RESULT: {"using":"xpath","value":"//*[@id=\"__button62-img\"]"}
COMMAND: POST /session/56f047ff2d8b79b5fb882765d60ddf9f/element/f.918672ED9AB3AB03A4F724C7637EDD7B.d.1E317C19BB4B98AF48043AE83B13E70D.e.7822/click - {}
RESULT: {}
COMMAND: POST /session/56f047ff2d8b79b5fb882765d60ddf9f/execute/async - {"script":"<script> [1562 bytes]","args":[{"selector":{"id":"application-managecatalogs-display-component---masterCatalogItems--searchItemsField","interaction":{"idSuffix":"I"}},"wdio_ui5_key":"applicationmanagecatalogs-display-component---masterCatalogItems--searchItemsField"}]}
COMMAND: GET /session/56f047ff2d8b79b5fb882765d60ddf9f/screenshot - {}
RESULT: {"script":"<script> [1562 bytes]","args":[{"selector":{"id":"application-managecatalogs-display-component---masterCatalogItems--searchItemsField","interaction":{"idSuffix":"I"}},"wdio_ui5_key":"applicationmanagecatalogs-display-component---masterCatalogItems--searchItemsField"}]}
RESULT: undefined
COMMAND: POST /session/56f047ff2d8b79b5fb882765d60ddf9f/execute/async - {"script":"<script> [776 bytes]","args":[{"enterText":"Webdriverw5t1l","selector":{"id":"application-managecatalogs-display-component---masterCatalogItems--searchItemsField","interaction":{"idSuffix":"I"}},"clearTextFirst":true,"interactionType":"ENTER_TEXT"}]}
RESULT: {}
RESULT: {"script":"<script> [776 bytes]","args":[{"enterText":"Webdriverw5t1l","selector":{"id":"application-managecatalogs-display-component---masterCatalogItems--searchItemsField","interaction":{"idSuffix":"I"}},"clearTextFirst":true,"interactionType":"ENTER_TEXT"}]}
COMMAND: POST /session/56f047ff2d8b79b5fb882765d60ddf9f/actions - {"actions":[{"id":"action48","type":"key","parameters":{},"actions":[{"type":"keyDown","value":"î€‡"},{"type":"pause","duration":10},{"type":"keyUp","value":"î€‡"}]}]}
RESULT: {"actions":[{"id":"action48","type":"key","parameters":{},"actions":[{"type":"keyDown","value":"î€‡"},{"type":"pause","duration":10},{"type":"keyUp","value":"î€‡"}]}]}
COMMAND: POST /session/56f047ff2d8b79b5fb882765d60ddf9f/element - {"using":"xpath","value":"(//span[contains(text(), \"Webdriverw5t1l\")])[1]"}
COMMAND: GET /session/56f047ff2d8b79b5fb882765d60ddf9f/screenshot - {}
RESULT: {}
RESULT: {"using":"xpath","value":"(//span[contains(text(), \"Webdriverw5t1l\")])[1]"}
COMMAND: POST /session/56f047ff2d8b79b5fb882765d60ddf9f/element/f.918672ED9AB3AB03A4F724C7637EDD7B.d.1E317C19BB4B98AF48043AE83B13E70D.e.7825/click - {}
RESULT: {}
COMMAND: GET /session/56f047ff2d8b79b5fb882765d60ddf9f/screenshot - {}
RESULT: {}
RESULT: undefined
COMMAND: POST /session/56f047ff2d8b79b5fb882765d60ddf9f/element - {"using":"xpath","value":"//*[@id=\"__button86\"]"}
RESULT: {"using":"xpath","value":"//*[@id=\"__button86\"]"}
COMMAND: POST /session/56f047ff2d8b79b5fb882765d60ddf9f/element/f.918672ED9AB3AB03A4F724C7637EDD7B.d.1E317C19BB4B98AF48043AE83B13E70D.e.7894/click - {}
RESULT: {}
COMMAND: GET /session/56f047ff2d8b79b5fb882765d60ddf9f/screenshot - {}
RESULT: {}
RESULT: undefined
COMMAND: POST /session/56f047ff2d8b79b5fb882765d60ddf9f/element - {"using":"xpath","value":"//*[@id=\"__button94-img\"]"}
RESULT: {"using":"xpath","value":"//*[@id=\"__button94-img\"]"}
COMMAND: POST /session/56f047ff2d8b79b5fb882765d60ddf9f/element/f.918672ED9AB3AB03A4F724C7637EDD7B.d.1E317C19BB4B98AF48043AE83B13E70D.e.7910/click - {}
RESULT: {}
COMMAND: GET /session/56f047ff2d8b79b5fb882765d60ddf9f/screenshot - {}
RESULT: {}
RESULT: undefined
COMMAND: POST /session/56f047ff2d8b79b5fb882765d60ddf9f/execute/async - {"script":"<script> [776 bytes]","args":[{"enterText":"SecondSectionjvfr6","selector":{"id":"application-managecatalogs-display-component---detailCatalog--numberInput","searchOpenDialogs":true,"interaction":{"idSuffix":"inner"}},"clearTextFirst":true,"interactionType":"ENTER_TEXT"}]}
RESULT: {"script":"<script> [776 bytes]","args":[{"enterText":"SecondSectionjvfr6","selector":{"id":"application-managecatalogs-display-component---detailCatalog--numberInput","searchOpenDialogs":true,"interaction":{"idSuffix":"inner"}},"clearTextFirst":true,"interactionType":"ENTER_TEXT"}]}
COMMAND: POST /session/56f047ff2d8b79b5fb882765d60ddf9f/element - {"using":"xpath","value":"//input[contains(@id ,\"application-managecatalogs-display-component---detailCatalog--nameInput-inner\")]"}
RESULT: {"using":"xpath","value":"//input[contains(@id ,\"application-managecatalogs-display-component---detailCatalog--nameInput-inner\")]"}
COMMAND: POST /session/56f047ff2d8b79b5fb882765d60ddf9f/elements - {"using":"xpath","value":"//input[contains(@id ,\"application-managecatalogs-display-component---detailCatalog--nameInput-inner\")]"}
RESULT: {"using":"xpath","value":"//input[contains(@id ,\"application-managecatalogs-display-component---detailCatalog--nameInput-inner\")]"}
COMMAND: POST /session/56f047ff2d8b79b5fb882765d60ddf9f/element/f.918672ED9AB3AB03A4F724C7637EDD7B.d.1E317C19BB4B98AF48043AE83B13E70D.e.7914/clear - {}
RESULT: {}
COMMAND: POST /session/56f047ff2d8b79b5fb882765d60ddf9f/element/f.918672ED9AB3AB03A4F724C7637EDD7B.d.1E317C19BB4B98AF48043AE83B13E70D.e.7914/value - {"text":"webdriversecondr3g7z"}
COMMAND: GET /session/56f047ff2d8b79b5fb882765d60ddf9f/screenshot - {}
RESULT: {"text":"webdriversecondr3g7z"}
RESULT: undefined
COMMAND: POST /session/56f047ff2d8b79b5fb882765d60ddf9f/element - {"using":"xpath","value":"//*[@id=\"__button64\"]"}
COMMAND: GET /session/56f047ff2d8b79b5fb882765d60ddf9f/screenshot - {}
RESULT: {}
RESULT: {"using":"xpath","value":"//*[@id=\"__button64\"]"}
COMMAND: POST /session/56f047ff2d8b79b5fb882765d60ddf9f/element/f.918672ED9AB3AB03A4F724C7637EDD7B.d.1E317C19BB4B98AF48043AE83B13E70D.e.7918/click - {}
RESULT: {}
RESULT: {}
COMMAND: GET /session/56f047ff2d8b79b5fb882765d60ddf9f/screenshot - {}
RESULT: {}
COMMAND: POST /session/56f047ff2d8b79b5fb882765d60ddf9f/element - {"using":"xpath","value":"//button[@title=\"Save\"]"}
RESULT: {"using":"xpath","value":"//button[@title=\"Save\"]"}
COMMAND: POST /session/56f047ff2d8b79b5fb882765d60ddf9f/element/f.918672ED9AB3AB03A4F724C7637EDD7B.d.1E317C19BB4B98AF48043AE83B13E70D.e.7898/click - {}
RESULT: {}
COMMAND: GET /session/56f047ff2d8b79b5fb882765d60ddf9f/screenshot - {}
RESULT: {}
RESULT: undefined
COMMAND: POST /session/56f047ff2d8b79b5fb882765d60ddf9f/element - {"using":"xpath","value":"//*[@id=\"__button89-img\"]"}
RESULT: {"using":"xpath","value":"//*[@id=\"__button89-img\"]"}
COMMAND: POST /session/56f047ff2d8b79b5fb882765d60ddf9f/element/f.918672ED9AB3AB03A4F724C7637EDD7B.d.1E317C19BB4B98AF48043AE83B13E70D.e.7922/click - {}
RESULT: {}
COMMAND: GET /session/56f047ff2d8b79b5fb882765d60ddf9f/screenshot - {}
RESULT: {}
RESULT: undefined
COMMAND: POST /session/56f047ff2d8b79b5fb882765d60ddf9f/element - {"using":"xpath","value":"//*[@id=\"__button62-img\"]"}
RESULT: {"using":"xpath","value":"//*[@id=\"__button62-img\"]"}
COMMAND: POST /session/56f047ff2d8b79b5fb882765d60ddf9f/element/f.918672ED9AB3AB03A4F724C7637EDD7B.d.1E317C19BB4B98AF48043AE83B13E70D.e.7959/click - {}
RESULT: {}
COMMAND: GET /session/56f047ff2d8b79b5fb882765d60ddf9f/screenshot - {}
RESULT: {}
RESULT: undefined
COMMAND: POST /session/56f047ff2d8b79b5fb882765d60ddf9f/execute/async - {"script":"<script> [776 bytes]","args":[{"enterText":"SecondSectionjvfr6","selector":{"id":"application-managecatalogs-display-component---masterCatalogItems--searchItemsField","interaction":{"idSuffix":"I"}},"clearTextFirst":true,"interactionType":"ENTER_TEXT"}]}
RESULT: {"script":"<script> [776 bytes]","args":[{"enterText":"SecondSectionjvfr6","selector":{"id":"application-managecatalogs-display-component---masterCatalogItems--searchItemsField","interaction":{"idSuffix":"I"}},"clearTextFirst":true,"interactionType":"ENTER_TEXT"}]}
COMMAND: POST /session/56f047ff2d8b79b5fb882765d60ddf9f/actions - {"actions":[{"id":"action49","type":"key","parameters":{},"actions":[{"type":"keyDown","value":"î€‡"},{"type":"pause","duration":10},{"type":"keyUp","value":"î€‡"}]}]}
RESULT: {"actions":[{"id":"action49","type":"key","parameters":{},"actions":[{"type":"keyDown","value":"î€‡"},{"type":"pause","duration":10},{"type":"keyUp","value":"î€‡"}]}]}
COMMAND: POST /session/56f047ff2d8b79b5fb882765d60ddf9f/element - {"using":"xpath","value":"(//span[contains(text(), \"SecondSectionjvfr6\")])[1]"}
COMMAND: GET /session/56f047ff2d8b79b5fb882765d60ddf9f/screenshot - {}
RESULT: {"using":"xpath","value":"(//span[contains(text(), \"SecondSectionjvfr6\")])[1]"}
COMMAND: POST /session/56f047ff2d8b79b5fb882765d60ddf9f/element/f.918672ED9AB3AB03A4F724C7637EDD7B.d.1E317C19BB4B98AF48043AE83B13E70D.e.7962/click - {}
RESULT: {}
RESULT: {}
COMMAND: POST /session/56f047ff2d8b79b5fb882765d60ddf9f/element - {"using":"xpath","value":"(//span[contains(text(), \"SecondSectionjvfr6\")])[1]"}
COMMAND: GET /session/56f047ff2d8b79b5fb882765d60ddf9f/screenshot - {}
RESULT: {"using":"xpath","value":"(//span[contains(text(), \"SecondSectionjvfr6\")])[1]"}
COMMAND: GET /session/56f047ff2d8b79b5fb882765d60ddf9f/element/f.918672ED9AB3AB03A4F724C7637EDD7B.d.1E317C19BB4B98AF48043AE83B13E70D.e.7962/text - {}
RESULT: {}
COMMAND: POST /session/56f047ff2d8b79b5fb882765d60ddf9f/element - {"using":"xpath","value":"(//span[contains(text(), \"SecondSectionjvfr6\")])[1]"}
RESULT: {"using":"xpath","value":"(//span[contains(text(), \"SecondSectionjvfr6\")])[1]"}
COMMAND: GET /session/56f047ff2d8b79b5fb882765d60ddf9f/element/f.918672ED9AB3AB03A4F724C7637EDD7B.d.1E317C19BB4B98AF48043AE83B13E70D.e.7962/text - {}
COMMAND: POST /session/56f047ff2d8b79b5fb882765d60ddf9f/element - {"using":"xpath","value":"(//span[contains(text(), \"SecondSectionjvfr6\")])[1]"}
RESULT: {"using":"xpath","value":"(//span[contains(text(), \"SecondSectionjvfr6\")])[1]"}
COMMAND: GET /session/56f047ff2d8b79b5fb882765d60ddf9f/element/f.918672ED9AB3AB03A4F724C7637EDD7B.d.1E317C19BB4B98AF48043AE83B13E70D.e.8018/text - {}
RESULT: {}
COMMAND: POST /session/56f047ff2d8b79b5fb882765d60ddf9f/refresh - {}
RESULT: {}
COMMAND: GET /session/56f047ff2d8b79b5fb882765d60ddf9f/screenshot - {}
RESULT: {}
COMMAND: POST /session/56f047ff2d8b79b5fb882765d60ddf9f/execute/async - {"script":"<script> [189 bytes]","args":[]}
RESULT: {"script":"<script> [189 bytes]","args":[]}
COMMAND: POST /session/56f047ff2d8b79b5fb882765d60ddf9f/execute/async - {"script":"<script> [123 bytes]","args":[]}
RESULT: {"script":"<script> [123 bytes]","args":[]}
COMMAND: POST /session/56f047ff2d8b79b5fb882765d60ddf9f/timeouts - {"script":"<number>"}
RESULT: {"script":"<number>"}
COMMAND: GET /session/56f047ff2d8b79b5fb882765d60ddf9f/timeouts - {}
RESULT: {}
RESULT: undefined
COMMAND: POST /session/56f047ff2d8b79b5fb882765d60ddf9f/execute/async - {"script":"<script> [2676 bytes]","args":[]}
RESULT: {"script":"<script> [2676 bytes]","args":[]}
COMMAND: POST /session/56f047ff2d8b79b5fb882765d60ddf9f/execute/async - {"script":"<script> [2342 bytes]","args":[{"protocol":"http","hostname":"0.0.0.0","path":"/","capabilities":{"browserName":"chrome","goog:chromeOptions":{"binary":"C:\\Program Files\\Google\\Chrome\\Application\\chrome.exe","args":["--start-maximized"]}},"logLevel":"warn","connectionRetryTimeout":120000,"connectionRetryCount":3,"logLevels":{},"enableDirectConnect":true,"strictSSL":true,"_":"65 more keys: [\"cacheDir\",\"port\",\"requestedCapabilities\",\"automationProtocol\",\"baseUrl\",\"waitforInterval\",\"waitforTimeout\",\"onReload\",\"beforeCommand\",\"afterCommand\",\"rootDir\",\"specs\",\"suites\",\"exclude\",\"groupLogsByTestSpec\",\"excludeDriverLogs\",\"bail\",\"framework\",\"reporters\",\"services\",\"maxInstances\",\"maxInstancesPerCapability\",\"injectGlobals\",\"filesToWatch\",\"execArgv\",\"runnerEnv\",\"runner\",\"shard\",\"specFileRetries\",\"specFileRetriesDelay\",\"specFileRetriesDeferred\",\"reporterSyncInterval\",\"reporterSyncTimeout\",\"cucumberFeaturesWithLineNumbers\",\"autoCompileOpts\",\"mochaOpts\",\"jasmineOpts\",\"cucumberOpts\",\"onPrepare\",\"onWorkerStart\",\"onWorkerEnd\",\"before\",\"beforeSession\",\"beforeSuite\",\"beforeHook\",\"beforeTest\",\"afterTest\",\"afterHook\",\"afterSuite\",\"afterSession\",\"after\",\"onComplete\",\"beforeAssertion\",\"afterAssertion\",\"beforeFeature\",\"beforeScenario\",\"beforeStep\",\"afterStep\",\"afterScenario\",\"afterFeature\",\"_\",\"suite\",\"$0\",\"ignoredWorkerServices\",\"wdi5\"]"}]}
RESULT: {"script":"<script> [2342 bytes]","args":[{"protocol":"http","hostname":"0.0.0.0","path":"/","capabilities":{"browserName":"chrome","goog:chromeOptions":{"binary":"C:\\Program Files\\Google\\Chrome\\Application\\chrome.exe","args":["--start-maximized"]}},"logLevel":"warn","connectionRetryTimeout":120000,"connectionRetryCount":3,"logLevels":{},"enableDirectConnect":true,"strictSSL":true,"_":"65 more keys: [\"cacheDir\",\"port\",\"requestedCapabilities\",\"automationProtocol\",\"baseUrl\",\"waitforInterval\",\"waitforTimeout\",\"onReload\",\"beforeCommand\",\"afterCommand\",\"rootDir\",\"specs\",\"suites\",\"exclude\",\"groupLogsByTestSpec\",\"excludeDriverLogs\",\"bail\",\"framework\",\"reporters\",\"services\",\"maxInstances\",\"maxInstancesPerCapability\",\"injectGlobals\",\"filesToWatch\",\"execArgv\",\"runnerEnv\",\"runner\",\"shard\",\"specFileRetries\",\"specFileRetriesDelay\",\"specFileRetriesDeferred\",\"reporterSyncInterval\",\"reporterSyncTimeout\",\"cucumberFeaturesWithLineNumbers\",\"autoCompileOpts\",\"mochaOpts\",\"jasmineOpts\",\"cucumberOpts\",\"onPrepare\",\"onWorkerStart\",\"onWorkerEnd\",\"before\",\"beforeSession\",\"beforeSuite\",\"beforeHook\",\"beforeTest\",\"afterTest\",\"afterHook\",\"afterSuite\",\"afterSession\",\"after\",\"onComplete\",\"beforeAssertion\",\"afterAssertion\",\"beforeFeature\",\"beforeScenario\",\"beforeStep\",\"afterStep\",\"afterScenario\",\"afterFeature\",\"_\",\"suite\",\"$0\",\"ignoredWorkerServices\",\"wdi5\"]"}]}
COMMAND: POST /session/56f047ff2d8b79b5fb882765d60ddf9f/execute/async - {"script":"<script> [21126 bytes]","args":[35000]}
RESULT: {"script":"<script> [21126 bytes]","args":[35000]}
COMMAND: POST /session/56f047ff2d8b79b5fb882765d60ddf9f/execute/async - {"script":"<script> [1562 bytes]","args":[{"selector":{"controlType":"sap.m.Button","viewName":"etm.portal.ui.managecatalogs.view.Detail","viewId":"application-managecatalogs-display-component---detailCatalog","i18NText":{"propertyName":"text","key":"edit"},"interaction":{"idSuffix":"BDI-content"}},"wdio_ui5_key":"etmportal.ui.managecatalogs.view.Detailsap.m.Button{\"propertyName\":\"text\",\"key\":\"edit\"}"}]}
RESULT: {"script":"<script> [1562 bytes]","args":[{"selector":{"controlType":"sap.m.Button","viewName":"etm.portal.ui.managecatalogs.view.Detail","viewId":"application-managecatalogs-display-component---detailCatalog","i18NText":{"propertyName":"text","key":"edit"},"interaction":{"idSuffix":"BDI-content"}},"wdio_ui5_key":"etmportal.ui.managecatalogs.view.Detailsap.m.Button{\"propertyName\":\"text\",\"key\":\"edit\"}"}]}
RESULT: undefined
COMMAND: POST /session/56f047ff2d8b79b5fb882765d60ddf9f/element - {"using":"xpath","value":"//*[@id=\"__button25\"]"}
RESULT: {"using":"xpath","value":"//*[@id=\"__button25\"]"}
COMMAND: POST /session/56f047ff2d8b79b5fb882765d60ddf9f/element/f.918672ED9AB3AB03A4F724C7637EDD7B.d.1F6109A475AF71AD96DA211E01943628.e.8072/click - {}
RESULT: {}
COMMAND: POST /session/56f047ff2d8b79b5fb882765d60ddf9f/execute/async - {"script":"<script> [1562 bytes]","args":[{"selector":{"controlType":"sap.ui.core.Icon","viewName":"etm.portal.ui.managecatalogs.view.Detail","viewId":"application-managecatalogs-display-component---detailCatalog","properties":{"src":{"regex":{"source":"add\\-document"}}}},"wdio_ui5_key":"etmportal.ui.managecatalogs.view.Detailsap.ui.core.Icon{\"src\":{\"regex\":{\"source\":\"add\\\\-document\"}}}"}]}
COMMAND: GET /session/56f047ff2d8b79b5fb882765d60ddf9f/screenshot - {}
RESULT: {"script":"<script> [1562 bytes]","args":[{"selector":{"controlType":"sap.ui.core.Icon","viewName":"etm.portal.ui.managecatalogs.view.Detail","viewId":"application-managecatalogs-display-component---detailCatalog","properties":{"src":{"regex":{"source":"add\\-document"}}}},"wdio_ui5_key":"etmportal.ui.managecatalogs.view.Detailsap.ui.core.Icon{\"src\":{\"regex\":{\"source\":\"add\\\\-document\"}}}"}]}
RESULT: undefined
COMMAND: POST /session/56f047ff2d8b79b5fb882765d60ddf9f/element - {"using":"xpath","value":"//*[@id=\"__button34-img\"]"}
RESULT: {}
RESULT: {"using":"xpath","value":"//*[@id=\"__button34-img\"]"}
COMMAND: POST /session/56f047ff2d8b79b5fb882765d60ddf9f/element/f.918672ED9AB3AB03A4F724C7637EDD7B.d.1F6109A475AF71AD96DA211E01943628.e.8078/click - {}
RESULT: {}
COMMAND: POST /session/56f047ff2d8b79b5fb882765d60ddf9f/execute/async - {"script":"<script> [1562 bytes]","args":[{"selector":{"id":"application-managecatalogs-display-component---detailCatalog--newItemNumberInput","searchOpenDialogs":true,"interaction":{"idSuffix":"inner"}},"wdio_ui5_key":"applicationmanagecatalogs-display-component---detailCatalog--newItemNumberInput"}]}
COMMAND: GET /session/56f047ff2d8b79b5fb882765d60ddf9f/screenshot - {}
RESULT: {"script":"<script> [1562 bytes]","args":[{"selector":{"id":"application-managecatalogs-display-component---detailCatalog--newItemNumberInput","searchOpenDialogs":true,"interaction":{"idSuffix":"inner"}},"wdio_ui5_key":"applicationmanagecatalogs-display-component---detailCatalog--newItemNumberInput"}]}
RESULT: undefined
COMMAND: POST /session/56f047ff2d8b79b5fb882765d60ddf9f/execute/async - {"script":"<script> [776 bytes]","args":[{"enterText":"catalogItem9e3ef","selector":{"id":"application-managecatalogs-display-component---detailCatalog--newItemNumberInput","searchOpenDialogs":true,"interaction":{"idSuffix":"inner"}},"clearTextFirst":true,"interactionType":"ENTER_TEXT"}]}
RESULT: {}
RESULT: {"script":"<script> [776 bytes]","args":[{"enterText":"catalogItem9e3ef","selector":{"id":"application-managecatalogs-display-component---detailCatalog--newItemNumberInput","searchOpenDialogs":true,"interaction":{"idSuffix":"inner"}},"clearTextFirst":true,"interactionType":"ENTER_TEXT"}]}
COMMAND: POST /session/56f047ff2d8b79b5fb882765d60ddf9f/execute/async - {"script":"<script> [1562 bytes]","args":[{"selector":{"controlType":"sap.m.Input","viewName":"etm.portal.ui.managecatalogs.view.Detail","viewId":"application-managecatalogs-display-component---detailCatalog","bindingPath":{"path":"","propertyPath":"/DESCRIPTION"},"searchOpenDialogs":true,"interaction":{"idSuffix":"inner"}},"wdio_ui5_key":"etmportal.ui.managecatalogs.view.Detailsap.m.Input{\"path\":\"\",\"propertyPath\":\"/DESCRIPTION\"}"}]}
RESULT: {"script":"<script> [1562 bytes]","args":[{"selector":{"controlType":"sap.m.Input","viewName":"etm.portal.ui.managecatalogs.view.Detail","viewId":"application-managecatalogs-display-component---detailCatalog","bindingPath":{"path":"","propertyPath":"/DESCRIPTION"},"searchOpenDialogs":true,"interaction":{"idSuffix":"inner"}},"wdio_ui5_key":"etmportal.ui.managecatalogs.view.Detailsap.m.Input{\"path\":\"\",\"propertyPath\":\"/DESCRIPTION\"}"}]}
RESULT: undefined
COMMAND: POST /session/56f047ff2d8b79b5fb882765d60ddf9f/execute/async - {"script":"<script> [776 bytes]","args":[{"enterText":"catalogItemNamextf46","selector":{"controlType":"sap.m.Input","viewName":"etm.portal.ui.managecatalogs.view.Detail","viewId":"application-managecatalogs-display-component---detailCatalog","bindingPath":{"path":"","propertyPath":"/DESCRIPTION"},"searchOpenDialogs":true,"interaction":{"idSuffix":"inner"}},"clearTextFirst":true,"interactionType":"ENTER_TEXT"}]}
RESULT: {"script":"<script> [776 bytes]","args":[{"enterText":"catalogItemNamextf46","selector":{"controlType":"sap.m.Input","viewName":"etm.portal.ui.managecatalogs.view.Detail","viewId":"application-managecatalogs-display-component---detailCatalog","bindingPath":{"path":"","propertyPath":"/DESCRIPTION"},"searchOpenDialogs":true,"interaction":{"idSuffix":"inner"}},"clearTextFirst":true,"interactionType":"ENTER_TEXT"}]}
COMMAND: POST /session/56f047ff2d8b79b5fb882765d60ddf9f/execute/async - {"script":"<script> [1562 bytes]","args":[{"selector":{"controlType":"sap.m.Button","viewName":"etm.portal.ui.managecatalogs.view.Detail","viewId":"application-managecatalogs-display-component---detailCatalog","i18NText":{"propertyName":"text","key":"create"},"searchOpenDialogs":true,"interaction":{"idSuffix":"BDI-content"}},"wdio_ui5_key":"etmportal.ui.managecatalogs.view.Detailsap.m.Button{\"propertyName\":\"text\",\"key\":\"create\"}"}]}
RESULT: {"script":"<script> [1562 bytes]","args":[{"selector":{"controlType":"sap.m.Button","viewName":"etm.portal.ui.managecatalogs.view.Detail","viewId":"application-managecatalogs-display-component---detailCatalog","i18NText":{"propertyName":"text","key":"create"},"searchOpenDialogs":true,"interaction":{"idSuffix":"BDI-content"}},"wdio_ui5_key":"etmportal.ui.managecatalogs.view.Detailsap.m.Button{\"propertyName\":\"text\",\"key\":\"create\"}"}]}
RESULT: undefined
COMMAND: POST /session/56f047ff2d8b79b5fb882765d60ddf9f/element - {"using":"xpath","value":"//*[@id=\"__button9\"]"}
RESULT: {"using":"xpath","value":"//*[@id=\"__button9\"]"}
COMMAND: POST /session/56f047ff2d8b79b5fb882765d60ddf9f/element/f.918672ED9AB3AB03A4F724C7637EDD7B.d.1F6109A475AF71AD96DA211E01943628.e.8088/click - {}
RESULT: {}
COMMAND: GET /session/56f047ff2d8b79b5fb882765d60ddf9f/screenshot - {}
RESULT: {}
COMMAND: POST /session/56f047ff2d8b79b5fb882765d60ddf9f/element - {"using":"xpath","value":"//button[@title=\"Save\"]"}
RESULT: {"using":"xpath","value":"//button[@title=\"Save\"]"}
COMMAND: POST /session/56f047ff2d8b79b5fb882765d60ddf9f/element/f.918672ED9AB3AB03A4F724C7637EDD7B.d.1F6109A475AF71AD96DA211E01943628.e.8089/click - {}
RESULT: {}
COMMAND: GET /session/56f047ff2d8b79b5fb882765d60ddf9f/screenshot - {}
RESULT: {}
COMMAND: POST /session/56f047ff2d8b79b5fb882765d60ddf9f/execute/async - {"script":"<script> [1562 bytes]","args":[{"selector":{"controlType":"sap.ui.core.Icon","viewName":"etm.portal.ui.managecatalogs.view.Detail","viewId":"application-managecatalogs-display-component---detailCatalog","properties":{"src":{"regex":{"source":"decline"}}}},"wdio_ui5_key":"etmportal.ui.managecatalogs.view.Detailsap.ui.core.Icon{\"src\":{\"regex\":{\"source\":\"decline\"}}}"}]}
RESULT: {"script":"<script> [1562 bytes]","args":[{"selector":{"controlType":"sap.ui.core.Icon","viewName":"etm.portal.ui.managecatalogs.view.Detail","viewId":"application-managecatalogs-display-component---detailCatalog","properties":{"src":{"regex":{"source":"decline"}}}},"wdio_ui5_key":"etmportal.ui.managecatalogs.view.Detailsap.ui.core.Icon{\"src\":{\"regex\":{\"source\":\"decline\"}}}"}]}
RESULT: undefined
COMMAND: POST /session/56f047ff2d8b79b5fb882765d60ddf9f/element - {"using":"xpath","value":"//*[@id=\"__button28-img\"]"}
RESULT: {"using":"xpath","value":"//*[@id=\"__button28-img\"]"}
COMMAND: POST /session/56f047ff2d8b79b5fb882765d60ddf9f/element/f.918672ED9AB3AB03A4F724C7637EDD7B.d.1F6109A475AF71AD96DA211E01943628.e.8095/click - {}
RESULT: {}
COMMAND: GET /session/56f047ff2d8b79b5fb882765d60ddf9f/screenshot - {}
RESULT: {}
COMMAND: POST /session/56f047ff2d8b79b5fb882765d60ddf9f/execute/async - {"script":"<script> [1562 bytes]","args":[{"selector":{"controlType":"sap.ui.core.Icon","viewName":"etm.portal.ui.managecatalogs.view.MasterItems","viewId":"application-managecatalogs-display-component---masterCatalogItems","properties":{"src":{"regex":{"source":"refresh"}}}},"wdio_ui5_key":"etmportal.ui.managecatalogs.view.MasterItemssap.ui.core.Icon{\"src\":{\"regex\":{\"source\":\"refresh\"}}}"}]}
RESULT: {"script":"<script> [1562 bytes]","args":[{"selector":{"controlType":"sap.ui.core.Icon","viewName":"etm.portal.ui.managecatalogs.view.MasterItems","viewId":"application-managecatalogs-display-component---masterCatalogItems","properties":{"src":{"regex":{"source":"refresh"}}}},"wdio_ui5_key":"etmportal.ui.managecatalogs.view.MasterItemssap.ui.core.Icon{\"src\":{\"regex\":{\"source\":\"refresh\"}}}"}]}
RESULT: undefined
COMMAND: POST /session/56f047ff2d8b79b5fb882765d60ddf9f/element - {"using":"xpath","value":"//*[@id=\"__button1-img\"]"}
RESULT: {"using":"xpath","value":"//*[@id=\"__button1-img\"]"}
COMMAND: POST /session/56f047ff2d8b79b5fb882765d60ddf9f/element/f.918672ED9AB3AB03A4F724C7637EDD7B.d.1F6109A475AF71AD96DA211E01943628.e.8103/click - {}
RESULT: {}
COMMAND: GET /session/56f047ff2d8b79b5fb882765d60ddf9f/screenshot - {}
RESULT: {}
COMMAND: POST /session/56f047ff2d8b79b5fb882765d60ddf9f/execute/async - {"script":"<script> [1562 bytes]","args":[{"selector":{"id":"application-managecatalogs-display-component---masterCatalogItems--searchItemsField","interaction":{"idSuffix":"I"}},"wdio_ui5_key":"applicationmanagecatalogs-display-component---masterCatalogItems--searchItemsField"}]}
RESULT: {"script":"<script> [1562 bytes]","args":[{"selector":{"id":"application-managecatalogs-display-component---masterCatalogItems--searchItemsField","interaction":{"idSuffix":"I"}},"wdio_ui5_key":"applicationmanagecatalogs-display-component---masterCatalogItems--searchItemsField"}]}
RESULT: undefined
COMMAND: POST /session/56f047ff2d8b79b5fb882765d60ddf9f/execute/async - {"script":"<script> [776 bytes]","args":[{"enterText":"catalogItemNamextf46","selector":{"id":"application-managecatalogs-display-component---masterCatalogItems--searchItemsField","interaction":{"idSuffix":"I"}},"clearTextFirst":true,"interactionType":"ENTER_TEXT"}]}
RESULT: {"script":"<script> [776 bytes]","args":[{"enterText":"catalogItemNamextf46","selector":{"id":"application-managecatalogs-display-component---masterCatalogItems--searchItemsField","interaction":{"idSuffix":"I"}},"clearTextFirst":true,"interactionType":"ENTER_TEXT"}]}
COMMAND: POST /session/56f047ff2d8b79b5fb882765d60ddf9f/actions - {"actions":[{"id":"action50","type":"key","parameters":{},"actions":[{"type":"keyDown","value":"î€‡"},{"type":"pause","duration":10},{"type":"keyUp","value":"î€‡"}]}]}
RESULT: {"actions":[{"id":"action50","type":"key","parameters":{},"actions":[{"type":"keyDown","value":"î€‡"},{"type":"pause","duration":10},{"type":"keyUp","value":"î€‡"}]}]}
COMMAND: POST /session/56f047ff2d8b79b5fb882765d60ddf9f/element - {"using":"xpath","value":"(//span[contains(text(), \"catalogItemNamextf46\")])[1]"}
COMMAND: GET /session/56f047ff2d8b79b5fb882765d60ddf9f/screenshot - {}
RESULT: {"using":"xpath","value":"(//span[contains(text(), \"catalogItemNamextf46\")])[1]"}
COMMAND: POST /session/56f047ff2d8b79b5fb882765d60ddf9f/element/f.918672ED9AB3AB03A4F724C7637EDD7B.d.1F6109A475AF71AD96DA211E01943628.e.8138/click - {}
RESULT: {}
RESULT: {}
COMMAND: GET /session/56f047ff2d8b79b5fb882765d60ddf9f/screenshot - {}
RESULT: {}
COMMAND: POST /session/56f047ff2d8b79b5fb882765d60ddf9f/element - {"using":"xpath","value":"//span[contains(text(), \"catalogItem9e3ef\")]"}
RESULT: {"using":"xpath","value":"//span[contains(text(), \"catalogItem9e3ef\")]"}
COMMAND: GET /session/56f047ff2d8b79b5fb882765d60ddf9f/element/f.918672ED9AB3AB03A4F724C7637EDD7B.d.1F6109A475AF71AD96DA211E01943628.e.8193/text - {}
RESULT: {}
]]></system-out>
    </testcase>
    <testcase classname="chrome.136_0_7103_49.windows.Manage_requests_-_requests_specifications_US141095" name="Should add the classification to the catalog item" time="47.001">
      <system-out><![CDATA[
RESULT: undefined
COMMAND: POST /session/56f047ff2d8b79b5fb882765d60ddf9f/element - {"using":"xpath","value":"//*[@id=\"__button25\"]"}
RESULT: {"using":"xpath","value":"//*[@id=\"__button25\"]"}
COMMAND: POST /session/56f047ff2d8b79b5fb882765d60ddf9f/element/f.918672ED9AB3AB03A4F724C7637EDD7B.d.1F6109A475AF71AD96DA211E01943628.e.8203/click - {}
RESULT: {}
COMMAND: GET /session/56f047ff2d8b79b5fb882765d60ddf9f/screenshot - {}
RESULT: {}
COMMAND: POST /session/56f047ff2d8b79b5fb882765d60ddf9f/execute/async - {"script":"<script> [1562 bytes]","args":[{"selector":{"id":"application-managecatalogs-display-component---detailCatalog--BASE_UNIT_OF_MEASURE-arrow"},"wdio_ui5_key":"applicationmanagecatalogs-display-component---detailCatalog--BASE_UNIT_OF_MEASURE-arrow"}]}
RESULT: {"script":"<script> [1562 bytes]","args":[{"selector":{"id":"application-managecatalogs-display-component---detailCatalog--BASE_UNIT_OF_MEASURE-arrow"},"wdio_ui5_key":"applicationmanagecatalogs-display-component---detailCatalog--BASE_UNIT_OF_MEASURE-arrow"}]}
RESULT: undefined
COMMAND: POST /session/56f047ff2d8b79b5fb882765d60ddf9f/element - {"using":"xpath","value":"//*[@id=\"application-managecatalogs-display-component---detailCatalog--BASE_UNIT_OF_MEASURE-arrow\"]"}
RESULT: {"using":"xpath","value":"//*[@id=\"application-managecatalogs-display-component---detailCatalog--BASE_UNIT_OF_MEASURE-arrow\"]"}
COMMAND: POST /session/56f047ff2d8b79b5fb882765d60ddf9f/element/f.918672ED9AB3AB03A4F724C7637EDD7B.d.1F6109A475AF71AD96DA211E01943628.e.8231/click - {}
RESULT: {}
COMMAND: POST /session/56f047ff2d8b79b5fb882765d60ddf9f/execute/async - {"script":"<script> [1562 bytes]","args":[{"selector":{"controlType":"sap.m.StandardListItem","viewName":"etm.portal.ui.managecatalogs.view.Detail","viewId":"application-managecatalogs-display-component---detailCatalog","properties":{"title":"Piece"},"searchOpenDialogs":true,"interaction":{"idSuffix":"titleText"}},"wdio_ui5_key":"etmportal.ui.managecatalogs.view.Detailsap.m.StandardListItem{\"title\":\"Piece\"}"}]}
COMMAND: GET /session/56f047ff2d8b79b5fb882765d60ddf9f/screenshot - {}
RESULT: {"script":"<script> [1562 bytes]","args":[{"selector":{"controlType":"sap.m.StandardListItem","viewName":"etm.portal.ui.managecatalogs.view.Detail","viewId":"application-managecatalogs-display-component---detailCatalog","properties":{"title":"Piece"},"searchOpenDialogs":true,"interaction":{"idSuffix":"titleText"}},"wdio_ui5_key":"etmportal.ui.managecatalogs.view.Detailsap.m.StandardListItem{\"title\":\"Piece\"}"}]}
RESULT: undefined
COMMAND: POST /session/56f047ff2d8b79b5fb882765d60ddf9f/element - {"using":"xpath","value":"//*[@id=\"__item225\"]"}
RESULT: {}
RESULT: {"using":"xpath","value":"//*[@id=\"__item225\"]"}
COMMAND: POST /session/56f047ff2d8b79b5fb882765d60ddf9f/element/f.918672ED9AB3AB03A4F724C7637EDD7B.d.1F6109A475AF71AD96DA211E01943628.e.8233/click - {}
RESULT: {}
COMMAND: POST /session/56f047ff2d8b79b5fb882765d60ddf9f/element - {"using":"xpath","value":"//button[contains(@data-kt ,\"ClassificationAddClassButton\")]"}
COMMAND: GET /session/56f047ff2d8b79b5fb882765d60ddf9f/screenshot - {}
RESULT: {"using":"xpath","value":"//button[contains(@data-kt ,\"ClassificationAddClassButton\")]"}
COMMAND: POST /session/56f047ff2d8b79b5fb882765d60ddf9f/element/f.918672ED9AB3AB03A4F724C7637EDD7B.d.1F6109A475AF71AD96DA211E01943628.e.8234/click - {}
RESULT: {}
RESULT: {}
COMMAND: GET /session/56f047ff2d8b79b5fb882765d60ddf9f/screenshot - {}
RESULT: {}
COMMAND: POST /session/56f047ff2d8b79b5fb882765d60ddf9f/element - {"using":"xpath","value":"//input[contains(@id ,\"searchField-I\")]"}
RESULT: {"using":"xpath","value":"//input[contains(@id ,\"searchField-I\")]"}
COMMAND: POST /session/56f047ff2d8b79b5fb882765d60ddf9f/element/f.918672ED9AB3AB03A4F724C7637EDD7B.d.1F6109A475AF71AD96DA211E01943628.e.8237/value - {"text":"WebdriverItemClass3bayr"}
RESULT: {"text":"WebdriverItemClass3bayr"}
COMMAND: POST /session/56f047ff2d8b79b5fb882765d60ddf9f/actions - {"actions":[{"id":"action51","type":"key","parameters":{},"actions":[{"type":"keyDown","value":"î€‡"},{"type":"pause","duration":10},{"type":"keyUp","value":"î€‡"}]}]}
COMMAND: GET /session/56f047ff2d8b79b5fb882765d60ddf9f/screenshot - {}
RESULT: {"actions":[{"id":"action51","type":"key","parameters":{},"actions":[{"type":"keyDown","value":"î€‡"},{"type":"pause","duration":10},{"type":"keyUp","value":"î€‡"}]}]}
COMMAND: GET /session/56f047ff2d8b79b5fb882765d60ddf9f/screenshot - {}
RESULT: {}
RESULT: {}
COMMAND: POST /session/56f047ff2d8b79b5fb882765d60ddf9f/element - {"using":"xpath","value":"//span[contains(text(), \"WebdriverItemClass3bayr\")]"}
RESULT: {"using":"xpath","value":"//span[contains(text(), \"WebdriverItemClass3bayr\")]"}
COMMAND: POST /session/56f047ff2d8b79b5fb882765d60ddf9f/element/f.918672ED9AB3AB03A4F724C7637EDD7B.d.1F6109A475AF71AD96DA211E01943628.e.8271/click - {}
RESULT: {}
COMMAND: GET /session/56f047ff2d8b79b5fb882765d60ddf9f/screenshot - {}
RESULT: {}
COMMAND: POST /session/56f047ff2d8b79b5fb882765d60ddf9f/execute/async - {"script":"<script> [1562 bytes]","args":[{"selector":{"controlType":"sap.m.Button","viewName":"etm.portal.ui.managecatalogs.view.Detail","viewId":"application-managecatalogs-display-component---detailCatalog","properties":{"text":"Classification"},"interaction":{"idSuffix":"BDI-content"}},"wdio_ui5_key":"etmportal.ui.managecatalogs.view.Detailsap.m.Button{\"text\":\"Classification\"}"}]}
RESULT: {"script":"<script> [1562 bytes]","args":[{"selector":{"controlType":"sap.m.Button","viewName":"etm.portal.ui.managecatalogs.view.Detail","viewId":"application-managecatalogs-display-component---detailCatalog","properties":{"text":"Classification"},"interaction":{"idSuffix":"BDI-content"}},"wdio_ui5_key":"etmportal.ui.managecatalogs.view.Detailsap.m.Button{\"text\":\"Classification\"}"}]}
RESULT: undefined
COMMAND: POST /session/56f047ff2d8b79b5fb882765d60ddf9f/element - {"using":"xpath","value":"//*[@id=\"application-managecatalogs-display-component---detailCatalog--ObjectPageLayout-anchBar-__section3-anchor\"]"}
RESULT: {"using":"xpath","value":"//*[@id=\"application-managecatalogs-display-component---detailCatalog--ObjectPageLayout-anchBar-__section3-anchor\"]"}
COMMAND: POST /session/56f047ff2d8b79b5fb882765d60ddf9f/element/f.918672ED9AB3AB03A4F724C7637EDD7B.d.1F6109A475AF71AD96DA211E01943628.e.8276/click - {}
RESULT: {}
COMMAND: POST /session/56f047ff2d8b79b5fb882765d60ddf9f/execute/async - {"script":"<script> [1562 bytes]","args":[{"selector":{"controlType":"sap.ui.core.Icon","viewName":"etm.portal.ui.managecatalogs.view.Detail","viewId":"application-managecatalogs-display-component---detailCatalog","properties":{"src":{"regex":{"source":"slim\\-arrow\\-right"}}},"ancestor":{"controlType":"sap.m.Panel","viewName":"etm.portal.ui.managecatalogs.view.Detail","viewId":"application-managecatalogs-display-component---detailCatalog"}},"wdio_ui5_key":"etmportal.ui.managecatalogs.view.Detailsap.ui.core.Icon{\"src\":{\"regex\":{\"source\":\"slim\\\\-arrow\\\\-right\"}}}{\"controlType\":\"sap.m.Panel\",\"viewName\":\"etm.portal.ui.managecatalogs.view.Detail\",\"viewId\":\"application-managecatalogs-display-component---detailCatalog\"}"}]}
COMMAND: GET /session/56f047ff2d8b79b5fb882765d60ddf9f/screenshot - {}
RESULT: {"script":"<script> [1562 bytes]","args":[{"selector":{"controlType":"sap.ui.core.Icon","viewName":"etm.portal.ui.managecatalogs.view.Detail","viewId":"application-managecatalogs-display-component---detailCatalog","properties":{"src":{"regex":{"source":"slim\\-arrow\\-right"}}},"ancestor":{"controlType":"sap.m.Panel","viewName":"etm.portal.ui.managecatalogs.view.Detail","viewId":"application-managecatalogs-display-component---detailCatalog"}},"wdio_ui5_key":"etmportal.ui.managecatalogs.view.Detailsap.ui.core.Icon{\"src\":{\"regex\":{\"source\":\"slim\\\\-arrow\\\\-right\"}}}{\"controlType\":\"sap.m.Panel\",\"viewName\":\"etm.portal.ui.managecatalogs.view.Detail\",\"viewId\":\"application-managecatalogs-display-component---detailCatalog\"}"}]}
RESULT: undefined
COMMAND: POST /session/56f047ff2d8b79b5fb882765d60ddf9f/element - {"using":"xpath","value":"//*[@id=\"__panel0-__layout17-0-expandButton-img\"]"}
RESULT: {}
RESULT: {"using":"xpath","value":"//*[@id=\"__panel0-__layout17-0-expandButton-img\"]"}
COMMAND: POST /session/56f047ff2d8b79b5fb882765d60ddf9f/element/f.918672ED9AB3AB03A4F724C7637EDD7B.d.1F6109A475AF71AD96DA211E01943628.e.8282/click - {}
RESULT: {}
COMMAND: POST /session/56f047ff2d8b79b5fb882765d60ddf9f/execute/async - {"script":"<script> [1562 bytes]","args":[{"selector":{"controlType":"sap.ui.core.Icon","viewName":"etm.portal.ui.managecatalogs.view.Detail","viewId":"application-managecatalogs-display-component---detailCatalog","properties":{"src":{"regex":{"source":"slim\\-arrow\\-down"}}},"ancestor":{"controlType":"sap.m.ColumnListItem","viewName":"etm.portal.ui.managecatalogs.view.Detail","viewId":"application-managecatalogs-display-component---detailCatalog","bindingPath":{"modelName":"classModel","path":"/data/0/PROPERTIES/0"},"ancestor":{"controlType":"sap.m.Table","viewName":"etm.portal.ui.managecatalogs.view.Detail","viewId":"application-managecatalogs-display-component---detailCatalog","bindingPath":{"path":"/data/0","propertyPath":"PROPERTIES","modelName":"classModel"}}}},"wdio_ui5_key":"etmportal.ui.managecatalogs.view.Detailsap.ui.core.Icon{\"src\":{\"regex\":{\"source\":\"slim\\\\-arrow\\\\-down\"}}}{\"controlType\":\"sap.m.ColumnListItem\",\"viewName\":\"etm.portal.ui.managecatalogs.view.Detail\",\"viewId\":\"application-managecatalogs-display-component---detailCatalog\",\"bindingPath\":{\"modelName\":\"classModel\",\"path\":\"/data/0/PROPERTIES/0\"},\"ancestor\":{\"controlType\":\"sap.m.Table\",\"viewName\":\"etm.portal.ui.managecatalogs.view.Detail\",\"viewId\":\"application-managecatalogs-display-component---detailCatalog\",\"bindingPath\":{\"path\":\"/data/0\",\"propertyPath\":\"PROPERTIES\",\"modelName\":\"classModel\"}}}"}]}
COMMAND: GET /session/56f047ff2d8b79b5fb882765d60ddf9f/screenshot - {}
RESULT: {"script":"<script> [1562 bytes]","args":[{"selector":{"controlType":"sap.ui.core.Icon","viewName":"etm.portal.ui.managecatalogs.view.Detail","viewId":"application-managecatalogs-display-component---detailCatalog","properties":{"src":{"regex":{"source":"slim\\-arrow\\-down"}}},"ancestor":{"controlType":"sap.m.ColumnListItem","viewName":"etm.portal.ui.managecatalogs.view.Detail","viewId":"application-managecatalogs-display-component---detailCatalog","bindingPath":{"modelName":"classModel","path":"/data/0/PROPERTIES/0"},"ancestor":{"controlType":"sap.m.Table","viewName":"etm.portal.ui.managecatalogs.view.Detail","viewId":"application-managecatalogs-display-component---detailCatalog","bindingPath":{"path":"/data/0","propertyPath":"PROPERTIES","modelName":"classModel"}}}},"wdio_ui5_key":"etmportal.ui.managecatalogs.view.Detailsap.ui.core.Icon{\"src\":{\"regex\":{\"source\":\"slim\\\\-arrow\\\\-down\"}}}{\"controlType\":\"sap.m.ColumnListItem\",\"viewName\":\"etm.portal.ui.managecatalogs.view.Detail\",\"viewId\":\"application-managecatalogs-display-component---detailCatalog\",\"bindingPath\":{\"modelName\":\"classModel\",\"path\":\"/data/0/PROPERTIES/0\"},\"ancestor\":{\"controlType\":\"sap.m.Table\",\"viewName\":\"etm.portal.ui.managecatalogs.view.Detail\",\"viewId\":\"application-managecatalogs-display-component---detailCatalog\",\"bindingPath\":{\"path\":\"/data/0\",\"propertyPath\":\"PROPERTIES\",\"modelName\":\"classModel\"}}}"}]}
RESULT: undefined
COMMAND: POST /session/56f047ff2d8b79b5fb882765d60ddf9f/element - {"using":"xpath","value":"//*[@id=\"__box31-arrow\"]"}
RESULT: {}
RESULT: {"using":"xpath","value":"//*[@id=\"__box31-arrow\"]"}
COMMAND: POST /session/56f047ff2d8b79b5fb882765d60ddf9f/element/f.918672ED9AB3AB03A4F724C7637EDD7B.d.1F6109A475AF71AD96DA211E01943628.e.8295/click - {}
RESULT: {}
COMMAND: POST /session/56f047ff2d8b79b5fb882765d60ddf9f/execute/async - {"script":"<script> [1562 bytes]","args":[{"selector":{"controlType":"sap.m.StandardListItem","viewName":"etm.portal.ui.managecatalogs.view.Detail","viewId":"application-managecatalogs-display-component---detailCatalog","properties":{"title":"red"},"searchOpenDialogs":true,"interaction":{"idSuffix":"content"}},"wdio_ui5_key":"etmportal.ui.managecatalogs.view.Detailsap.m.StandardListItem{\"title\":\"red\"}"}]}
COMMAND: GET /session/56f047ff2d8b79b5fb882765d60ddf9f/screenshot - {}
RESULT: {"script":"<script> [1562 bytes]","args":[{"selector":{"controlType":"sap.m.StandardListItem","viewName":"etm.portal.ui.managecatalogs.view.Detail","viewId":"application-managecatalogs-display-component---detailCatalog","properties":{"title":"red"},"searchOpenDialogs":true,"interaction":{"idSuffix":"content"}},"wdio_ui5_key":"etmportal.ui.managecatalogs.view.Detailsap.m.StandardListItem{\"title\":\"red\"}"}]}
RESULT: undefined
COMMAND: POST /session/56f047ff2d8b79b5fb882765d60ddf9f/element - {"using":"xpath","value":"//*[@id=\"__item233\"]"}
RESULT: {}
RESULT: {"using":"xpath","value":"//*[@id=\"__item233\"]"}
COMMAND: POST /session/56f047ff2d8b79b5fb882765d60ddf9f/element/f.918672ED9AB3AB03A4F724C7637EDD7B.d.1F6109A475AF71AD96DA211E01943628.e.8298/click - {}
RESULT: {}
COMMAND: GET /session/56f047ff2d8b79b5fb882765d60ddf9f/screenshot - {}
RESULT: {}
COMMAND: POST /session/56f047ff2d8b79b5fb882765d60ddf9f/execute/async - {"script":"<script> [1562 bytes]","args":[{"selector":{"controlType":"sap.m.Button","viewName":"etm.portal.ui.managecatalogs.view.Detail","viewId":"application-managecatalogs-display-component---detailCatalog","i18NText":{"propertyName":"text","key":"save"},"interaction":{"idSuffix":"BDI-content"}},"wdio_ui5_key":"etmportal.ui.managecatalogs.view.Detailsap.m.Button{\"propertyName\":\"text\",\"key\":\"save\"}"}]}
RESULT: {"script":"<script> [1562 bytes]","args":[{"selector":{"controlType":"sap.m.Button","viewName":"etm.portal.ui.managecatalogs.view.Detail","viewId":"application-managecatalogs-display-component---detailCatalog","i18NText":{"propertyName":"text","key":"save"},"interaction":{"idSuffix":"BDI-content"}},"wdio_ui5_key":"etmportal.ui.managecatalogs.view.Detailsap.m.Button{\"propertyName\":\"text\",\"key\":\"save\"}"}]}
RESULT: undefined
COMMAND: POST /session/56f047ff2d8b79b5fb882765d60ddf9f/element - {"using":"xpath","value":"//*[@id=\"__button43\"]"}
RESULT: {"using":"xpath","value":"//*[@id=\"__button43\"]"}
COMMAND: POST /session/56f047ff2d8b79b5fb882765d60ddf9f/element/f.918672ED9AB3AB03A4F724C7637EDD7B.d.1F6109A475AF71AD96DA211E01943628.e.8206/click - {}
RESULT: {}
COMMAND: GET /session/56f047ff2d8b79b5fb882765d60ddf9f/screenshot - {}
RESULT: {}
COMMAND: POST /session/56f047ff2d8b79b5fb882765d60ddf9f/element - {"using":"css selector","value":"#shell-header-logo"}
RESULT: {"using":"css selector","value":"#shell-header-logo"}
COMMAND: POST /session/56f047ff2d8b79b5fb882765d60ddf9f/element/f.918672ED9AB3AB03A4F724C7637EDD7B.d.1F6109A475AF71AD96DA211E01943628.e.8025/click - {}
RESULT: {}
COMMAND: GET /session/56f047ff2d8b79b5fb882765d60ddf9f/screenshot - {}
RESULT: {}
]]></system-out>
    </testcase>
    <testcase classname="chrome.136_0_7103_49.windows.Manage_requests_-_requests_specifications_US141095" name="Should create a new request and add the catalog item with the specifications" time="147.928">
      <system-out><![CDATA[
COMMAND: POST /session/56f047ff2d8b79b5fb882765d60ddf9f/execute/async - {"script":"<script> [1562 bytes]","args":[{"selector":{"controlType":"sap.m.GenericTile","properties":{"header":"Manage Requests"}},"wdio_ui5_key":"sapm.GenericTile{\"header\":\"Manage Requests\"}"}]}
RESULT: {"script":"<script> [1562 bytes]","args":[{"selector":{"controlType":"sap.m.GenericTile","properties":{"header":"Manage Requests"}},"wdio_ui5_key":"sapm.GenericTile{\"header\":\"Manage Requests\"}"}]}
RESULT: undefined
COMMAND: POST /session/56f047ff2d8b79b5fb882765d60ddf9f/element - {"using":"xpath","value":"//*[@id=\"__tile47\"]"}
RESULT: {"using":"xpath","value":"//*[@id=\"__tile47\"]"}
COMMAND: POST /session/56f047ff2d8b79b5fb882765d60ddf9f/element/f.918672ED9AB3AB03A4F724C7637EDD7B.d.1F6109A475AF71AD96DA211E01943628.e.8328/click - {}
RESULT: {}
COMMAND: GET /session/56f047ff2d8b79b5fb882765d60ddf9f/screenshot - {}
RESULT: {}
COMMAND: POST /session/56f047ff2d8b79b5fb882765d60ddf9f/elements - {"using":"xpath","value":"//span[text()='Error']"}
RESULT: {"using":"xpath","value":"//span[text()='Error']"}
COMMAND: POST /session/56f047ff2d8b79b5fb882765d60ddf9f/element - {"using":"xpath","value":"//button[contains(@data-kt ,\"btnCreateNewOverflowToolbarButton\")]"}
COMMAND: POST /session/56f047ff2d8b79b5fb882765d60ddf9f/element - {"using":"xpath","value":"(//span[contains(@class ,\"sapMObjStatusText\")])[1]"}
RESULT: {"using":"xpath","value":"//button[contains(@data-kt ,\"btnCreateNewOverflowToolbarButton\")]"}
COMMAND: POST /session/56f047ff2d8b79b5fb882765d60ddf9f/element/f.918672ED9AB3AB03A4F724C7637EDD7B.d.1F6109A475AF71AD96DA211E01943628.e.8384/click - {}
RESULT: {"using":"xpath","value":"(//span[contains(@class ,\"sapMObjStatusText\")])[1]"}
COMMAND: POST /session/56f047ff2d8b79b5fb882765d60ddf9f/execute/sync - {"script":"<script> [8489 bytes]","args":[{"element-6066-11e4-a52e-4f735466cecf":"f.918672ED9AB3AB03A4F724C7637EDD7B.d.1F6109A475AF71AD96DA211E01943628.e.8423","ELEMENT":"f.918672ED9AB3AB03A4F724C7637EDD7B.d.1F6109A475AF71AD96DA211E01943628.e.8423"}]}
RESULT: {}
COMMAND: GET /session/56f047ff2d8b79b5fb882765d60ddf9f/screenshot - {}
COMMAND: POST /session/56f047ff2d8b79b5fb882765d60ddf9f/element - {"using":"xpath","value":"(//span[contains(@class ,\"sapMObjStatusText\")])[1]"}
RESULT: {}
RESULT: {"using":"xpath","value":"(//span[contains(@class ,\"sapMObjStatusText\")])[1]"}
COMMAND: POST /session/56f047ff2d8b79b5fb882765d60ddf9f/execute/sync - {"script":"<script> [8489 bytes]","args":[{"element-6066-11e4-a52e-4f735466cecf":"f.918672ED9AB3AB03A4F724C7637EDD7B.d.1F6109A475AF71AD96DA211E01943628.e.8683","ELEMENT":"f.918672ED9AB3AB03A4F724C7637EDD7B.d.1F6109A475AF71AD96DA211E01943628.e.8683"}]}
RESULT: {"script":"<script> [8489 bytes]","args":[{"element-6066-11e4-a52e-4f735466cecf":"f.918672ED9AB3AB03A4F724C7637EDD7B.d.1F6109A475AF71AD96DA211E01943628.e.8683","ELEMENT":"f.918672ED9AB3AB03A4F724C7637EDD7B.d.1F6109A475AF71AD96DA211E01943628.e.8683"}]}
COMMAND: GET /session/56f047ff2d8b79b5fb882765d60ddf9f/screenshot - {}
RESULT: {}
COMMAND: POST /session/56f047ff2d8b79b5fb882765d60ddf9f/element - {"using":"xpath","value":"//input[contains(@id ,\"yardId-inner\")]"}
RESULT: {"using":"xpath","value":"//input[contains(@id ,\"yardId-inner\")]"}
COMMAND: POST /session/56f047ff2d8b79b5fb882765d60ddf9f/execute/sync - {"script":"<script> [8489 bytes]","args":[{"element-6066-11e4-a52e-4f735466cecf":"f.918672ED9AB3AB03A4F724C7637EDD7B.d.1F6109A475AF71AD96DA211E01943628.e.8507","ELEMENT":"f.918672ED9AB3AB03A4F724C7637EDD7B.d.1F6109A475AF71AD96DA211E01943628.e.8507"}]}
RESULT: {"script":"<script> [8489 bytes]","args":[{"element-6066-11e4-a52e-4f735466cecf":"f.918672ED9AB3AB03A4F724C7637EDD7B.d.1F6109A475AF71AD96DA211E01943628.e.8507","ELEMENT":"f.918672ED9AB3AB03A4F724C7637EDD7B.d.1F6109A475AF71AD96DA211E01943628.e.8507"}]}
COMMAND: POST /session/56f047ff2d8b79b5fb882765d60ddf9f/element - {"using":"xpath","value":"//input[contains(@id ,\"yardId-inner\")]"}
RESULT: {"using":"xpath","value":"//input[contains(@id ,\"yardId-inner\")]"}
COMMAND: GET /session/56f047ff2d8b79b5fb882765d60ddf9f/element/f.918672ED9AB3AB03A4F724C7637EDD7B.d.1F6109A475AF71AD96DA211E01943628.e.8507/enabled - {}
RESULT: {}
COMMAND: POST /session/56f047ff2d8b79b5fb882765d60ddf9f/element/f.918672ED9AB3AB03A4F724C7637EDD7B.d.1F6109A475AF71AD96DA211E01943628.e.8507/clear - {}
COMMAND: GET /session/56f047ff2d8b79b5fb882765d60ddf9f/screenshot - {}
COMMAND: GET /session/56f047ff2d8b79b5fb882765d60ddf9f/screenshot - {}
RESULT: {}
COMMAND: POST /session/56f047ff2d8b79b5fb882765d60ddf9f/element/f.918672ED9AB3AB03A4F724C7637EDD7B.d.1F6109A475AF71AD96DA211E01943628.e.8507/value - {"text":"WebdriverYardg9f4e"}
COMMAND: GET /session/56f047ff2d8b79b5fb882765d60ddf9f/screenshot - {}
RESULT: {}
RESULT: {}
RESULT: {"text":"WebdriverYardg9f4e"}
COMMAND: GET /session/56f047ff2d8b79b5fb882765d60ddf9f/screenshot - {}
RESULT: {}
RESULT: {}
COMMAND: POST /session/56f047ff2d8b79b5fb882765d60ddf9f/element - {"using":"xpath","value":"//input[contains(@id ,\"customerNumber-inner\")]"}
RESULT: {"using":"xpath","value":"//input[contains(@id ,\"customerNumber-inner\")]"}
COMMAND: POST /session/56f047ff2d8b79b5fb882765d60ddf9f/element/f.918672ED9AB3AB03A4F724C7637EDD7B.d.1F6109A475AF71AD96DA211E01943628.e.8503/value - {"text":"WebdriverPartnerssnkw"}
COMMAND: POST /session/56f047ff2d8b79b5fb882765d60ddf9f/actions - {"actions":[{"id":"action52","type":"key","parameters":{},"actions":[{"type":"keyDown","value":"î€‡"},{"type":"pause","duration":10},{"type":"keyUp","value":"î€‡"}]}]}
RESULT: {"actions":[{"id":"action52","type":"key","parameters":{},"actions":[{"type":"keyDown","value":"î€‡"},{"type":"pause","duration":10},{"type":"keyUp","value":"î€‡"}]}]}
COMMAND: GET /session/56f047ff2d8b79b5fb882765d60ddf9f/screenshot - {}
RESULT: {"text":"WebdriverPartnerssnkw"}
COMMAND: GET /session/56f047ff2d8b79b5fb882765d60ddf9f/screenshot - {}
RESULT: {}
RESULT: {}
COMMAND: POST /session/56f047ff2d8b79b5fb882765d60ddf9f/actions - {"actions":[{"id":"action53","type":"key","parameters":{},"actions":[{"type":"keyDown","value":"î€‡"},{"type":"pause","duration":10},{"type":"keyUp","value":"î€‡"}]}]}
RESULT: {"actions":[{"id":"action53","type":"key","parameters":{},"actions":[{"type":"keyDown","value":"î€‡"},{"type":"pause","duration":10},{"type":"keyUp","value":"î€‡"}]}]}
COMMAND: GET /session/56f047ff2d8b79b5fb882765d60ddf9f/screenshot - {}
RESULT: {}
COMMAND: POST /session/56f047ff2d8b79b5fb882765d60ddf9f/element - {"using":"xpath","value":"//input[contains(@id ,\"requestSiteId-inner\")]"}
RESULT: {"using":"xpath","value":"//input[contains(@id ,\"requestSiteId-inner\")]"}
COMMAND: POST /session/56f047ff2d8b79b5fb882765d60ddf9f/element/f.918672ED9AB3AB03A4F724C7637EDD7B.d.1F6109A475AF71AD96DA211E01943628.e.8502/value - {"text":"WebdriverSiterw9ze"}
RESULT: {"text":"WebdriverSiterw9ze"}
COMMAND: GET /session/56f047ff2d8b79b5fb882765d60ddf9f/screenshot - {}
RESULT: {}
COMMAND: POST /session/56f047ff2d8b79b5fb882765d60ddf9f/actions - {"actions":[{"id":"action54","type":"key","parameters":{},"actions":[{"type":"keyDown","value":"î€‡"},{"type":"pause","duration":10},{"type":"keyUp","value":"î€‡"}]}]}
RESULT: {"actions":[{"id":"action54","type":"key","parameters":{},"actions":[{"type":"keyDown","value":"î€‡"},{"type":"pause","duration":10},{"type":"keyUp","value":"î€‡"}]}]}
COMMAND: POST /session/56f047ff2d8b79b5fb882765d60ddf9f/execute/async - {"script":"<script> [1562 bytes]","args":[{"selector":{"controlType":"sap.ui.core.Icon","viewName":"etm.portal.ui.managerequests.view.NewRequest","properties":{"src":{"regex":{"source":"add"}}}},"wdio_ui5_key":"etmportal.ui.managerequests.view.NewRequestsap.ui.core.Icon{\"src\":{\"regex\":{\"source\":\"add\"}}}"}]}
COMMAND: GET /session/56f047ff2d8b79b5fb882765d60ddf9f/screenshot - {}
RESULT: {"script":"<script> [1562 bytes]","args":[{"selector":{"controlType":"sap.ui.core.Icon","viewName":"etm.portal.ui.managerequests.view.NewRequest","properties":{"src":{"regex":{"source":"add"}}}},"wdio_ui5_key":"etmportal.ui.managerequests.view.NewRequestsap.ui.core.Icon{\"src\":{\"regex\":{\"source\":\"add\"}}}"}]}
RESULT: undefined
COMMAND: POST /session/56f047ff2d8b79b5fb882765d60ddf9f/element - {"using":"xpath","value":"//*[@id=\"__xmlview59--btnAddTableRow-img\"]"}
RESULT: {}
RESULT: {"using":"xpath","value":"//*[@id=\"__xmlview59--btnAddTableRow-img\"]"}
COMMAND: POST /session/56f047ff2d8b79b5fb882765d60ddf9f/element/f.918672ED9AB3AB03A4F724C7637EDD7B.d.1F6109A475AF71AD96DA211E01943628.e.8693/click - {}
RESULT: {}
COMMAND: GET /session/56f047ff2d8b79b5fb882765d60ddf9f/screenshot - {}
RESULT: {}
COMMAND: POST /session/56f047ff2d8b79b5fb882765d60ddf9f/actions - {"actions":[{"id":"action55","type":"key","parameters":{},"actions":[{"type":"keyDown","value":"î€•"},{"type":"pause","duration":10},{"type":"keyUp","value":"î€•"}]}]}
RESULT: {"actions":[{"id":"action55","type":"key","parameters":{},"actions":[{"type":"keyDown","value":"î€•"},{"type":"pause","duration":10},{"type":"keyUp","value":"î€•"}]}]}
COMMAND: POST /session/56f047ff2d8b79b5fb882765d60ddf9f/actions - {"actions":[{"id":"action56","type":"key","parameters":{},"actions":[{"type":"keyDown","value":"î€‡"},{"type":"pause","duration":10},{"type":"keyUp","value":"î€‡"}]}]}
COMMAND: GET /session/56f047ff2d8b79b5fb882765d60ddf9f/screenshot - {}
RESULT: {"actions":[{"id":"action56","type":"key","parameters":{},"actions":[{"type":"keyDown","value":"î€‡"},{"type":"pause","duration":10},{"type":"keyUp","value":"î€‡"}]}]}
COMMAND: POST /session/56f047ff2d8b79b5fb882765d60ddf9f/element - {"using":"xpath","value":"(//input[contains(@id ,\"requestItemsTable-0-inner\")])[1]"}
COMMAND: GET /session/56f047ff2d8b79b5fb882765d60ddf9f/screenshot - {}
RESULT: {}
RESULT: {"using":"xpath","value":"(//input[contains(@id ,\"requestItemsTable-0-inner\")])[1]"}
COMMAND: POST /session/56f047ff2d8b79b5fb882765d60ddf9f/element/f.918672ED9AB3AB03A4F724C7637EDD7B.d.1F6109A475AF71AD96DA211E01943628.e.8698/clear - {}
RESULT: {}
RESULT: {}
COMMAND: POST /session/56f047ff2d8b79b5fb882765d60ddf9f/element/f.918672ED9AB3AB03A4F724C7637EDD7B.d.1F6109A475AF71AD96DA211E01943628.e.8698/value - {"text":"catalogItemNamextf46"}
COMMAND: GET /session/56f047ff2d8b79b5fb882765d60ddf9f/screenshot - {}
RESULT: {"text":"catalogItemNamextf46"}
COMMAND: GET /session/56f047ff2d8b79b5fb882765d60ddf9f/screenshot - {}
RESULT: {}
RESULT: {}
COMMAND: POST /session/56f047ff2d8b79b5fb882765d60ddf9f/actions - {"actions":[{"id":"action57","type":"key","parameters":{},"actions":[{"type":"keyDown","value":"î€‡"},{"type":"pause","duration":10},{"type":"keyUp","value":"î€‡"}]}]}
RESULT: {"actions":[{"id":"action57","type":"key","parameters":{},"actions":[{"type":"keyDown","value":"î€‡"},{"type":"pause","duration":10},{"type":"keyUp","value":"î€‡"}]}]}
COMMAND: GET /session/56f047ff2d8b79b5fb882765d60ddf9f/screenshot - {}
RESULT: {}
COMMAND: POST /session/56f047ff2d8b79b5fb882765d60ddf9f/execute/async - {"script":"<script> [1562 bytes]","args":[{"selector":{"controlType":"sap.m.Button","viewName":"etm.portal.ui.managerequests.view.NewRequest","i18NText":{"propertyName":"text","key":"requestSpecifications"},"interaction":{"idSuffix":"BDI-content"}},"wdio_ui5_key":"etmportal.ui.managerequests.view.NewRequestsap.m.Button{\"propertyName\":\"text\",\"key\":\"requestSpecifications\"}"}]}
RESULT: {"script":"<script> [1562 bytes]","args":[{"selector":{"controlType":"sap.m.Button","viewName":"etm.portal.ui.managerequests.view.NewRequest","i18NText":{"propertyName":"text","key":"requestSpecifications"},"interaction":{"idSuffix":"BDI-content"}},"wdio_ui5_key":"etmportal.ui.managerequests.view.NewRequestsap.m.Button{\"propertyName\":\"text\",\"key\":\"requestSpecifications\"}"}]}
RESULT: undefined
COMMAND: POST /session/56f047ff2d8b79b5fb882765d60ddf9f/element - {"using":"xpath","value":"//*[@id=\"__button76-__xmlview59--requestItemsTable-0\"]"}
RESULT: {"using":"xpath","value":"//*[@id=\"__button76-__xmlview59--requestItemsTable-0\"]"}
COMMAND: POST /session/56f047ff2d8b79b5fb882765d60ddf9f/element/f.918672ED9AB3AB03A4F724C7637EDD7B.d.1F6109A475AF71AD96DA211E01943628.e.8713/click - {}
RESULT: {}
COMMAND: GET /session/56f047ff2d8b79b5fb882765d60ddf9f/screenshot - {}
RESULT: {}
COMMAND: POST /session/56f047ff2d8b79b5fb882765d60ddf9f/element - {"using":"xpath","value":"//input[@value=\"red\"]"}
RESULT: {"using":"xpath","value":"//input[@value=\"red\"]"}
COMMAND: POST /session/56f047ff2d8b79b5fb882765d60ddf9f/elements - {"using":"xpath","value":"//input[@value=\"red\"]"}
RESULT: {"using":"xpath","value":"//input[@value=\"red\"]"}
COMMAND: POST /session/56f047ff2d8b79b5fb882765d60ddf9f/execute/async - {"script":"<script> [1562 bytes]","args":[{"selector":{"controlType":"sap.m.Text","viewName":"etm.portal.ui.managerequests.view.NewRequest","bindingPath":{"path":"/currentEntries/0/PROPERTIES/0","propertyPath":"DESCRIPTION","modelName":"techSpecsClassificationModel"},"searchOpenDialogs":true},"wdio_ui5_key":"etmportal.ui.managerequests.view.NewRequestsap.m.Text{\"path\":\"/currentEntries/0/PROPERTIES/0\",\"propertyPath\":\"DESCRIPTION\",\"modelName\":\"techSpecsClassificationModel\"}"}]}
RESULT: {"script":"<script> [1562 bytes]","args":[{"selector":{"controlType":"sap.m.Text","viewName":"etm.portal.ui.managerequests.view.NewRequest","bindingPath":{"path":"/currentEntries/0/PROPERTIES/0","propertyPath":"DESCRIPTION","modelName":"techSpecsClassificationModel"},"searchOpenDialogs":true},"wdio_ui5_key":"etmportal.ui.managerequests.view.NewRequestsap.m.Text{\"path\":\"/currentEntries/0/PROPERTIES/0\",\"propertyPath\":\"DESCRIPTION\",\"modelName\":\"techSpecsClassificationModel\"}"}]}
RESULT: undefined
COMMAND: POST /session/56f047ff2d8b79b5fb882765d60ddf9f/execute/async - {"script":"<script> [6424 bytes]","args":[{"element-6066-11e4-a52e-4f735466cecf":"f.918672ED9AB3AB03A4F724C7637EDD7B.d.1F6109A475AF71AD96DA211E01943628.e.8721"},"getText",[]]}
RESULT: {"script":"<script> [6424 bytes]","args":[{"element-6066-11e4-a52e-4f735466cecf":"f.918672ED9AB3AB03A4F724C7637EDD7B.d.1F6109A475AF71AD96DA211E01943628.e.8721"},"getText",[]]}
COMMAND: POST /session/56f047ff2d8b79b5fb882765d60ddf9f/execute/async - {"script":"<script> [1562 bytes]","args":[{"selector":{"controlType":"sap.ui.core.Icon","viewName":"etm.portal.ui.managerequests.view.NewRequest","properties":{"src":{"regex":{"source":"slim\\-arrow\\-down"}}},"searchOpenDialogs":true},"wdio_ui5_key":"etmportal.ui.managerequests.view.NewRequestsap.ui.core.Icon{\"src\":{\"regex\":{\"source\":\"slim\\\\-arrow\\\\-down\"}}}"}]}
RESULT: {"script":"<script> [1562 bytes]","args":[{"selector":{"controlType":"sap.ui.core.Icon","viewName":"etm.portal.ui.managerequests.view.NewRequest","properties":{"src":{"regex":{"source":"slim\\-arrow\\-down"}}},"searchOpenDialogs":true},"wdio_ui5_key":"etmportal.ui.managerequests.view.NewRequestsap.ui.core.Icon{\"src\":{\"regex\":{\"source\":\"slim\\\\-arrow\\\\-down\"}}}"}]}
RESULT: undefined
COMMAND: POST /session/56f047ff2d8b79b5fb882765d60ddf9f/element - {"using":"xpath","value":"//*[@id=\"__box58-arrow\"]"}
RESULT: {"using":"xpath","value":"//*[@id=\"__box58-arrow\"]"}
COMMAND: POST /session/56f047ff2d8b79b5fb882765d60ddf9f/element/f.918672ED9AB3AB03A4F724C7637EDD7B.d.1F6109A475AF71AD96DA211E01943628.e.8722/click - {}
RESULT: {}
COMMAND: POST /session/56f047ff2d8b79b5fb882765d60ddf9f/execute/async - {"script":"<script> [1562 bytes]","args":[{"selector":{"controlType":"sap.m.StandardListItem","viewName":"etm.portal.ui.managerequests.view.NewRequest","properties":{"title":"blue"},"searchOpenDialogs":true,"interaction":{"idSuffix":"content"}},"wdio_ui5_key":"etmportal.ui.managerequests.view.NewRequestsap.m.StandardListItem{\"title\":\"blue\"}"}]}
COMMAND: GET /session/56f047ff2d8b79b5fb882765d60ddf9f/screenshot - {}
RESULT: {"script":"<script> [1562 bytes]","args":[{"selector":{"controlType":"sap.m.StandardListItem","viewName":"etm.portal.ui.managerequests.view.NewRequest","properties":{"title":"blue"},"searchOpenDialogs":true,"interaction":{"idSuffix":"content"}},"wdio_ui5_key":"etmportal.ui.managerequests.view.NewRequestsap.m.StandardListItem{\"title\":\"blue\"}"}]}
RESULT: undefined
COMMAND: POST /session/56f047ff2d8b79b5fb882765d60ddf9f/element - {"using":"xpath","value":"//*[@id=\"__item784\"]"}
RESULT: {}
RESULT: {"using":"xpath","value":"//*[@id=\"__item784\"]"}
COMMAND: POST /session/56f047ff2d8b79b5fb882765d60ddf9f/element/f.918672ED9AB3AB03A4F724C7637EDD7B.d.1F6109A475AF71AD96DA211E01943628.e.8725/click - {}
RESULT: {}
COMMAND: GET /session/56f047ff2d8b79b5fb882765d60ddf9f/screenshot - {}
RESULT: {}
COMMAND: POST /session/56f047ff2d8b79b5fb882765d60ddf9f/execute/async - {"script":"<script> [1562 bytes]","args":[{"selector":{"id":"saveButton","viewName":"etm.portal.ui.managerequests.view.NewRequest","searchOpenDialogs":true,"interaction":{"idSuffix":"BDI-content"}},"wdio_ui5_key":"saveButtonetmportal.ui.managerequests.view.NewRequest"}]}
RESULT: {"script":"<script> [1562 bytes]","args":[{"selector":{"id":"saveButton","viewName":"etm.portal.ui.managerequests.view.NewRequest","searchOpenDialogs":true,"interaction":{"idSuffix":"BDI-content"}},"wdio_ui5_key":"saveButtonetmportal.ui.managerequests.view.NewRequest"}]}
RESULT: undefined
COMMAND: POST /session/56f047ff2d8b79b5fb882765d60ddf9f/element - {"using":"xpath","value":"//*[@id=\"__xmlview59--saveButton\"]"}
RESULT: {"using":"xpath","value":"//*[@id=\"__xmlview59--saveButton\"]"}
COMMAND: POST /session/56f047ff2d8b79b5fb882765d60ddf9f/element/f.918672ED9AB3AB03A4F724C7637EDD7B.d.1F6109A475AF71AD96DA211E01943628.e.8719/click - {}
RESULT: {}
COMMAND: POST /session/56f047ff2d8b79b5fb882765d60ddf9f/execute/async - {"script":"<script> [1562 bytes]","args":[{"selector":{"controlType":"sap.ui.core.Icon","viewName":"etm.portal.ui.managerequests.view.NewRequest","properties":{"src":{"regex":{"source":"slim\\-arrow\\-down"}}},"ancestor":{"controlType":"sap.m.Button","viewName":"etm.portal.ui.managerequests.view.NewRequest","properties":{"icon":"sap-icon://slim-arrow-down"}}},"wdio_ui5_key":"etmportal.ui.managerequests.view.NewRequestsap.ui.core.Icon{\"src\":{\"regex\":{\"source\":\"slim\\\\-arrow\\\\-down\"}}}{\"controlType\":\"sap.m.Button\",\"viewName\":\"etm.portal.ui.managerequests.view.NewRequest\",\"properties\":{\"icon\":\"sap-icon://slim-arrow-down\"}}"}]}
COMMAND: GET /session/56f047ff2d8b79b5fb882765d60ddf9f/screenshot - {}
RESULT: {"script":"<script> [1562 bytes]","args":[{"selector":{"controlType":"sap.ui.core.Icon","viewName":"etm.portal.ui.managerequests.view.NewRequest","properties":{"src":{"regex":{"source":"slim\\-arrow\\-down"}}},"ancestor":{"controlType":"sap.m.Button","viewName":"etm.portal.ui.managerequests.view.NewRequest","properties":{"icon":"sap-icon://slim-arrow-down"}}},"wdio_ui5_key":"etmportal.ui.managerequests.view.NewRequestsap.ui.core.Icon{\"src\":{\"regex\":{\"source\":\"slim\\\\-arrow\\\\-down\"}}}{\"controlType\":\"sap.m.Button\",\"viewName\":\"etm.portal.ui.managerequests.view.NewRequest\",\"properties\":{\"icon\":\"sap-icon://slim-arrow-down\"}}"}]}
RESULT: undefined
RESULT: {}
COMMAND: POST /session/56f047ff2d8b79b5fb882765d60ddf9f/element - {"using":"xpath","value":"//div[contains(@data-kt ,\"splitAllocationObjectStatus\")]"}
RESULT: {"using":"xpath","value":"//div[contains(@data-kt ,\"splitAllocationObjectStatus\")]"}
COMMAND: POST /session/56f047ff2d8b79b5fb882765d60ddf9f/elements - {"using":"xpath","value":"//div[contains(@data-kt ,\"splitAllocationObjectStatus\")]"}
RESULT: {"using":"xpath","value":"//div[contains(@data-kt ,\"splitAllocationObjectStatus\")]"}
COMMAND: POST /session/56f047ff2d8b79b5fb882765d60ddf9f/execute/async - {"script":"<script> [1562 bytes]","args":[{"selector":{"controlType":"sap.ui.core.Icon","viewName":"etm.portal.ui.managerequests.view.NewRequest","properties":{"src":{"regex":{"source":"message\\-error"}}}},"wdio_ui5_key":"etmportal.ui.managerequests.view.NewRequestsap.ui.core.Icon{\"src\":{\"regex\":{\"source\":\"message\\\\-error\"}}}"}]}
RESULT: {"script":"<script> [1562 bytes]","args":[{"selector":{"controlType":"sap.ui.core.Icon","viewName":"etm.portal.ui.managerequests.view.NewRequest","properties":{"src":{"regex":{"source":"message\\-error"}}}},"wdio_ui5_key":"etmportal.ui.managerequests.view.NewRequestsap.ui.core.Icon{\"src\":{\"regex\":{\"source\":\"message\\\\-error\"}}}"}]}
RESULT: undefined
COMMAND: POST /session/56f047ff2d8b79b5fb882765d60ddf9f/element - {"using":"xpath","value":"//*[@id=\"__status4-__xmlview59--requestItemsTable-0-icon\"]"}
RESULT: {"using":"xpath","value":"//*[@id=\"__status4-__xmlview59--requestItemsTable-0-icon\"]"}
COMMAND: POST /session/56f047ff2d8b79b5fb882765d60ddf9f/element/f.918672ED9AB3AB03A4F724C7637EDD7B.d.1F6109A475AF71AD96DA211E01943628.e.8728/click - {}
RESULT: {}
COMMAND: POST /session/56f047ff2d8b79b5fb882765d60ddf9f/execute/async - {"script":"<script> [1562 bytes]","args":[{"selector":{"controlType":"sap.ui.core.Icon","viewName":"etm.portal.ui.managerequests.view.NewRequest","properties":{"src":{"regex":{"source":"slim\\-arrow\\-down"}}},"searchOpenDialogs":true,"ancestor":{"id":"costObjectAdminTypeComboBox","viewName":"etm.portal.ui.managerequests.view.NewRequest","searchOpenDialogs":true}},"wdio_ui5_key":"etmportal.ui.managerequests.view.NewRequestsap.ui.core.Icon{\"src\":{\"regex\":{\"source\":\"slim\\\\-arrow\\\\-down\"}}}{\"id\":\"costObjectAdminTypeComboBox\",\"viewName\":\"etm.portal.ui.managerequests.view.NewRequest\",\"searchOpenDialogs\":true}"}]}
COMMAND: GET /session/56f047ff2d8b79b5fb882765d60ddf9f/screenshot - {}
RESULT: {"script":"<script> [1562 bytes]","args":[{"selector":{"controlType":"sap.ui.core.Icon","viewName":"etm.portal.ui.managerequests.view.NewRequest","properties":{"src":{"regex":{"source":"slim\\-arrow\\-down"}}},"searchOpenDialogs":true,"ancestor":{"id":"costObjectAdminTypeComboBox","viewName":"etm.portal.ui.managerequests.view.NewRequest","searchOpenDialogs":true}},"wdio_ui5_key":"etmportal.ui.managerequests.view.NewRequestsap.ui.core.Icon{\"src\":{\"regex\":{\"source\":\"slim\\\\-arrow\\\\-down\"}}}{\"id\":\"costObjectAdminTypeComboBox\",\"viewName\":\"etm.portal.ui.managerequests.view.NewRequest\",\"searchOpenDialogs\":true}"}]}
RESULT: undefined
COMMAND: POST /session/56f047ff2d8b79b5fb882765d60ddf9f/element - {"using":"xpath","value":"//*[@id=\"__xmlview59--costObjectAdminTypeComboBox-arrow\"]"}
RESULT: {}
RESULT: {"using":"xpath","value":"//*[@id=\"__xmlview59--costObjectAdminTypeComboBox-arrow\"]"}
COMMAND: POST /session/56f047ff2d8b79b5fb882765d60ddf9f/element/f.918672ED9AB3AB03A4F724C7637EDD7B.d.1F6109A475AF71AD96DA211E01943628.e.8732/click - {}
RESULT: {}
COMMAND: POST /session/56f047ff2d8b79b5fb882765d60ddf9f/execute/async - {"script":"<script> [1562 bytes]","args":[{"selector":{"controlType":"sap.m.StandardListItem","viewName":"etm.portal.ui.managerequests.view.NewRequest","properties":{"title":"Cost Center"},"searchOpenDialogs":true,"interaction":{"idSuffix":"titleText"}},"wdio_ui5_key":"etmportal.ui.managerequests.view.NewRequestsap.m.StandardListItem{\"title\":\"Cost Center\"}"}]}
COMMAND: GET /session/56f047ff2d8b79b5fb882765d60ddf9f/screenshot - {}
RESULT: {"script":"<script> [1562 bytes]","args":[{"selector":{"controlType":"sap.m.StandardListItem","viewName":"etm.portal.ui.managerequests.view.NewRequest","properties":{"title":"Cost Center"},"searchOpenDialogs":true,"interaction":{"idSuffix":"titleText"}},"wdio_ui5_key":"etmportal.ui.managerequests.view.NewRequestsap.m.StandardListItem{\"title\":\"Cost Center\"}"}]}
RESULT: undefined
COMMAND: POST /session/56f047ff2d8b79b5fb882765d60ddf9f/element - {"using":"xpath","value":"//*[@id=\"__item787\"]"}
RESULT: {}
RESULT: {"using":"xpath","value":"//*[@id=\"__item787\"]"}
COMMAND: POST /session/56f047ff2d8b79b5fb882765d60ddf9f/element/f.918672ED9AB3AB03A4F724C7637EDD7B.d.1F6109A475AF71AD96DA211E01943628.e.8735/click - {}
RESULT: {}
COMMAND: GET /session/56f047ff2d8b79b5fb882765d60ddf9f/screenshot - {}
RESULT: {}
COMMAND: POST /session/56f047ff2d8b79b5fb882765d60ddf9f/execute/async - {"script":"<script> [1562 bytes]","args":[{"selector":{"controlType":"sap.ui.core.Icon","viewName":"etm.portal.ui.managerequests.view.NewRequest","properties":{"src":{"regex":{"source":"value\\-help"}}},"searchOpenDialogs":true},"wdio_ui5_key":"etmportal.ui.managerequests.view.NewRequestsap.ui.core.Icon{\"src\":{\"regex\":{\"source\":\"value\\\\-help\"}}}"}]}
RESULT: {"script":"<script> [1562 bytes]","args":[{"selector":{"controlType":"sap.ui.core.Icon","viewName":"etm.portal.ui.managerequests.view.NewRequest","properties":{"src":{"regex":{"source":"value\\-help"}}},"searchOpenDialogs":true},"wdio_ui5_key":"etmportal.ui.managerequests.view.NewRequestsap.ui.core.Icon{\"src\":{\"regex\":{\"source\":\"value\\\\-help\"}}}"}]}
RESULT: undefined
COMMAND: POST /session/56f047ff2d8b79b5fb882765d60ddf9f/element - {"using":"xpath","value":"//*[@id=\"__xmlview59--costObjectIdComboBox-vhi\"]"}
RESULT: {"using":"xpath","value":"//*[@id=\"__xmlview59--costObjectIdComboBox-vhi\"]"}
COMMAND: POST /session/56f047ff2d8b79b5fb882765d60ddf9f/element/f.918672ED9AB3AB03A4F724C7637EDD7B.d.1F6109A475AF71AD96DA211E01943628.e.8743/click - {}
RESULT: {}
COMMAND: POST /session/56f047ff2d8b79b5fb882765d60ddf9f/execute/async - {"script":"<script> [1562 bytes]","args":[{"selector":{"controlType":"sap.m.SearchField","properties":{"placeholder":"Search"},"searchOpenDialogs":true,"interaction":{"idSuffix":"I"}},"wdio_ui5_key":"sapm.SearchField{\"placeholder\":\"Search\"}"}]}
COMMAND: GET /session/56f047ff2d8b79b5fb882765d60ddf9f/screenshot - {}
RESULT: {"script":"<script> [1562 bytes]","args":[{"selector":{"controlType":"sap.m.SearchField","properties":{"placeholder":"Search"},"searchOpenDialogs":true,"interaction":{"idSuffix":"I"}},"wdio_ui5_key":"sapm.SearchField{\"placeholder\":\"Search\"}"}]}
RESULT: undefined
COMMAND: POST /session/56f047ff2d8b79b5fb882765d60ddf9f/execute/async - {"script":"<script> [776 bytes]","args":[{"enterText":"10001010","selector":{"controlType":"sap.m.SearchField","properties":{"placeholder":"Search"},"searchOpenDialogs":true,"interaction":{"idSuffix":"I"}},"clearTextFirst":true,"interactionType":"ENTER_TEXT"}]}
RESULT: {}
RESULT: {"script":"<script> [776 bytes]","args":[{"enterText":"10001010","selector":{"controlType":"sap.m.SearchField","properties":{"placeholder":"Search"},"searchOpenDialogs":true,"interaction":{"idSuffix":"I"}},"clearTextFirst":true,"interactionType":"ENTER_TEXT"}]}
COMMAND: POST /session/56f047ff2d8b79b5fb882765d60ddf9f/actions - {"actions":[{"id":"action58","type":"key","parameters":{},"actions":[{"type":"keyDown","value":"î€‡"},{"type":"pause","duration":10},{"type":"keyUp","value":"î€‡"}]}]}
RESULT: {"actions":[{"id":"action58","type":"key","parameters":{},"actions":[{"type":"keyDown","value":"î€‡"},{"type":"pause","duration":10},{"type":"keyUp","value":"î€‡"}]}]}
COMMAND: GET /session/56f047ff2d8b79b5fb882765d60ddf9f/screenshot - {}
RESULT: {}
COMMAND: POST /session/56f047ff2d8b79b5fb882765d60ddf9f/execute/async - {"script":"<script> [1562 bytes]","args":[{"selector":{"controlType":"sap.m.Text","bindingPath":{"path":"/C_CostCtrValueHelp(CostCenter='10001010',ControllingArea='Z001')","propertyPath":"CostCenterName","modelName":"CostCenterModel"},"searchOpenDialogs":true},"wdio_ui5_key":"sapm.Text{\"path\":\"/C_CostCtrValueHelp(CostCenter='10001010',ControllingArea='Z001')\",\"propertyPath\":\"CostCenterName\",\"modelName\":\"CostCenterModel\"}"}]}
RESULT: {"script":"<script> [1562 bytes]","args":[{"selector":{"controlType":"sap.m.Text","bindingPath":{"path":"/C_CostCtrValueHelp(CostCenter='10001010',ControllingArea='Z001')","propertyPath":"CostCenterName","modelName":"CostCenterModel"},"searchOpenDialogs":true},"wdio_ui5_key":"sapm.Text{\"path\":\"/C_CostCtrValueHelp(CostCenter='10001010',ControllingArea='Z001')\",\"propertyPath\":\"CostCenterName\",\"modelName\":\"CostCenterModel\"}"}]}
RESULT: undefined
COMMAND: POST /session/56f047ff2d8b79b5fb882765d60ddf9f/element - {"using":"xpath","value":"//*[@id=\"__text544-__clone1002\"]"}
RESULT: {"using":"xpath","value":"//*[@id=\"__text544-__clone1002\"]"}
COMMAND: POST /session/56f047ff2d8b79b5fb882765d60ddf9f/element/f.918672ED9AB3AB03A4F724C7637EDD7B.d.1F6109A475AF71AD96DA211E01943628.e.8784/click - {}
RESULT: {}
COMMAND: POST /session/56f047ff2d8b79b5fb882765d60ddf9f/execute/async - {"script":"<script> [1562 bytes]","args":[{"selector":{"controlType":"sap.m.Button","properties":{"text":"OK"},"searchOpenDialogs":true,"interaction":{"idSuffix":"BDI-content"}},"wdio_ui5_key":"sapm.Button{\"text\":\"OK\"}"}]}
COMMAND: GET /session/56f047ff2d8b79b5fb882765d60ddf9f/screenshot - {}
RESULT: {"script":"<script> [1562 bytes]","args":[{"selector":{"controlType":"sap.m.Button","properties":{"text":"OK"},"searchOpenDialogs":true,"interaction":{"idSuffix":"BDI-content"}},"wdio_ui5_key":"sapm.Button{\"text\":\"OK\"}"}]}
RESULT: undefined
COMMAND: POST /session/56f047ff2d8b79b5fb882765d60ddf9f/element - {"using":"xpath","value":"//*[@id=\"__dialog2-ok\"]"}
RESULT: {}
RESULT: {"using":"xpath","value":"//*[@id=\"__dialog2-ok\"]"}
COMMAND: POST /session/56f047ff2d8b79b5fb882765d60ddf9f/element/f.918672ED9AB3AB03A4F724C7637EDD7B.d.1F6109A475AF71AD96DA211E01943628.e.8786/click - {}
RESULT: {}
COMMAND: GET /session/56f047ff2d8b79b5fb882765d60ddf9f/screenshot - {}
RESULT: {}
COMMAND: POST /session/56f047ff2d8b79b5fb882765d60ddf9f/execute/async - {"script":"<script> [1562 bytes]","args":[{"selector":{"controlType":"sap.m.Button","viewName":"etm.portal.ui.managerequests.view.NewRequest","i18NText":{"propertyName":"text","key":"save"},"searchOpenDialogs":true,"interaction":{"idSuffix":"BDI-content"}},"wdio_ui5_key":"etmportal.ui.managerequests.view.NewRequestsap.m.Button{\"propertyName\":\"text\",\"key\":\"save\"}"}]}
RESULT: {"script":"<script> [1562 bytes]","args":[{"selector":{"controlType":"sap.m.Button","viewName":"etm.portal.ui.managerequests.view.NewRequest","i18NText":{"propertyName":"text","key":"save"},"searchOpenDialogs":true,"interaction":{"idSuffix":"BDI-content"}},"wdio_ui5_key":"etmportal.ui.managerequests.view.NewRequestsap.m.Button{\"propertyName\":\"text\",\"key\":\"save\"}"}]}
RESULT: undefined
COMMAND: POST /session/56f047ff2d8b79b5fb882765d60ddf9f/element - {"using":"xpath","value":"//*[@id=\"__button87\"]"}
RESULT: {"using":"xpath","value":"//*[@id=\"__button87\"]"}
COMMAND: POST /session/56f047ff2d8b79b5fb882765d60ddf9f/element/f.918672ED9AB3AB03A4F724C7637EDD7B.d.1F6109A475AF71AD96DA211E01943628.e.8790/click - {}
RESULT: {}
COMMAND: GET /session/56f047ff2d8b79b5fb882765d60ddf9f/screenshot - {}
RESULT: {}
COMMAND: POST /session/56f047ff2d8b79b5fb882765d60ddf9f/execute/async - {"script":"<script> [1562 bytes]","args":[{"selector":{"controlType":"sap.m.Button","viewName":"etm.portal.ui.managerequests.view.NewRequest","i18NText":{"propertyName":"tooltip","key":"save"},"interaction":{"idSuffix":"content"}},"wdio_ui5_key":"etmportal.ui.managerequests.view.NewRequestsap.m.Button{\"propertyName\":\"tooltip\",\"key\":\"save\"}"}]}
RESULT: {"script":"<script> [1562 bytes]","args":[{"selector":{"controlType":"sap.m.Button","viewName":"etm.portal.ui.managerequests.view.NewRequest","i18NText":{"propertyName":"tooltip","key":"save"},"interaction":{"idSuffix":"content"}},"wdio_ui5_key":"etmportal.ui.managerequests.view.NewRequestsap.m.Button{\"propertyName\":\"tooltip\",\"key\":\"save\"}"}]}
RESULT: undefined
COMMAND: POST /session/56f047ff2d8b79b5fb882765d60ddf9f/element - {"using":"xpath","value":"//*[@id=\"__button78\"]"}
RESULT: {"using":"xpath","value":"//*[@id=\"__button78\"]"}
COMMAND: POST /session/56f047ff2d8b79b5fb882765d60ddf9f/element/f.918672ED9AB3AB03A4F724C7637EDD7B.d.1F6109A475AF71AD96DA211E01943628.e.8587/click - {}
RESULT: {}
COMMAND: GET /session/56f047ff2d8b79b5fb882765d60ddf9f/screenshot - {}
RESULT: {}
COMMAND: POST /session/56f047ff2d8b79b5fb882765d60ddf9f/execute/async - {"script":"<script> [1562 bytes]","args":[{"selector":{"controlType":"sap.m.Title","properties":{"text":"Success"},"searchOpenDialogs":true},"wdio_ui5_key":"sapm.Title{\"text\":\"Success\"}"}]}
RESULT: {"script":"<script> [1562 bytes]","args":[{"selector":{"controlType":"sap.m.Title","properties":{"text":"Success"},"searchOpenDialogs":true},"wdio_ui5_key":"sapm.Title{\"text\":\"Success\"}"}]}
RESULT: undefined
COMMAND: POST /session/56f047ff2d8b79b5fb882765d60ddf9f/execute/async - {"script":"<script> [6424 bytes]","args":[{"element-6066-11e4-a52e-4f735466cecf":"f.918672ED9AB3AB03A4F724C7637EDD7B.d.1F6109A475AF71AD96DA211E01943628.e.8795"},"getText",[]]}
RESULT: {"script":"<script> [6424 bytes]","args":[{"element-6066-11e4-a52e-4f735466cecf":"f.918672ED9AB3AB03A4F724C7637EDD7B.d.1F6109A475AF71AD96DA211E01943628.e.8795"},"getText",[]]}
COMMAND: POST /session/56f047ff2d8b79b5fb882765d60ddf9f/execute/async - {"script":"<script> [1562 bytes]","args":[{"selector":{"controlType":"sap.m.Button","properties":{"text":"Close"},"searchOpenDialogs":true,"interaction":{"idSuffix":"BDI-content"}},"wdio_ui5_key":"sapm.Button{\"text\":\"Close\"}"}]}
RESULT: {"script":"<script> [1562 bytes]","args":[{"selector":{"controlType":"sap.m.Button","properties":{"text":"Close"},"searchOpenDialogs":true,"interaction":{"idSuffix":"BDI-content"}},"wdio_ui5_key":"sapm.Button{\"text\":\"Close\"}"}]}
RESULT: undefined
COMMAND: POST /session/56f047ff2d8b79b5fb882765d60ddf9f/element - {"using":"xpath","value":"//*[@id=\"__mbox-btn-0\"]"}
RESULT: {"using":"xpath","value":"//*[@id=\"__mbox-btn-0\"]"}
COMMAND: POST /session/56f047ff2d8b79b5fb882765d60ddf9f/element/f.918672ED9AB3AB03A4F724C7637EDD7B.d.1F6109A475AF71AD96DA211E01943628.e.8794/click - {}
RESULT: {}
COMMAND: GET /session/56f047ff2d8b79b5fb882765d60ddf9f/screenshot - {}
RESULT: {}
COMMAND: POST /session/56f047ff2d8b79b5fb882765d60ddf9f/execute/async - {"script":"<script> [1562 bytes]","args":[{"selector":{"controlType":"sap.m.Button","viewName":"etm.portal.ui.managerequests.view.Detail","i18NText":{"propertyName":"text","key":"requestSpecifications"},"interaction":{"idSuffix":"BDI-content"}},"wdio_ui5_key":"etmportal.ui.managerequests.view.Detailsap.m.Button{\"propertyName\":\"text\",\"key\":\"requestSpecifications\"}"}]}
RESULT: {"script":"<script> [1562 bytes]","args":[{"selector":{"controlType":"sap.m.Button","viewName":"etm.portal.ui.managerequests.view.Detail","i18NText":{"propertyName":"text","key":"requestSpecifications"},"interaction":{"idSuffix":"BDI-content"}},"wdio_ui5_key":"etmportal.ui.managerequests.view.Detailsap.m.Button{\"propertyName\":\"text\",\"key\":\"requestSpecifications\"}"}]}
RESULT: undefined
COMMAND: POST /session/56f047ff2d8b79b5fb882765d60ddf9f/element - {"using":"xpath","value":"//*[@id=\"__button103-__clone1041\"]"}
RESULT: {"using":"xpath","value":"//*[@id=\"__button103-__clone1041\"]"}
COMMAND: POST /session/56f047ff2d8b79b5fb882765d60ddf9f/element/f.918672ED9AB3AB03A4F724C7637EDD7B.d.1F6109A475AF71AD96DA211E01943628.e.8924/click - {}
RESULT: {}
COMMAND: GET /session/56f047ff2d8b79b5fb882765d60ddf9f/screenshot - {}
RESULT: {}
COMMAND: POST /session/56f047ff2d8b79b5fb882765d60ddf9f/element - {"using":"xpath","value":"//input[@value=\"blue\"]"}
RESULT: {"using":"xpath","value":"//input[@value=\"blue\"]"}
COMMAND: POST /session/56f047ff2d8b79b5fb882765d60ddf9f/elements - {"using":"xpath","value":"//input[@value=\"blue\"]"}
RESULT: {"using":"xpath","value":"//input[@value=\"blue\"]"}
COMMAND: POST /session/56f047ff2d8b79b5fb882765d60ddf9f/execute/async - {"script":"<script> [1562 bytes]","args":[{"selector":{"id":"cancelRequestSpecificationsButton","viewName":"etm.portal.ui.managerequests.view.Detail","searchOpenDialogs":true,"interaction":{"idSuffix":"BDI-content"}},"wdio_ui5_key":"cancelRequestSpecificationsButtonetmportal.ui.managerequests.view.Detail"}]}
RESULT: {"script":"<script> [1562 bytes]","args":[{"selector":{"id":"cancelRequestSpecificationsButton","viewName":"etm.portal.ui.managerequests.view.Detail","searchOpenDialogs":true,"interaction":{"idSuffix":"BDI-content"}},"wdio_ui5_key":"cancelRequestSpecificationsButtonetmportal.ui.managerequests.view.Detail"}]}
RESULT: undefined
COMMAND: POST /session/56f047ff2d8b79b5fb882765d60ddf9f/element - {"using":"xpath","value":"//*[@id=\"__xmlview60--cancelRequestSpecificationsButton\"]"}
RESULT: {"using":"xpath","value":"//*[@id=\"__xmlview60--cancelRequestSpecificationsButton\"]"}
COMMAND: POST /session/56f047ff2d8b79b5fb882765d60ddf9f/element/f.918672ED9AB3AB03A4F724C7637EDD7B.d.1F6109A475AF71AD96DA211E01943628.e.8925/click - {}
RESULT: {}
COMMAND: GET /session/56f047ff2d8b79b5fb882765d60ddf9f/screenshot - {}
COMMAND: POST /session/56f047ff2d8b79b5fb882765d60ddf9f/element - {"using":"css selector","value":"#shell-header-logo"}
RESULT: {"using":"css selector","value":"#shell-header-logo"}
COMMAND: POST /session/56f047ff2d8b79b5fb882765d60ddf9f/element/f.918672ED9AB3AB03A4F724C7637EDD7B.d.1F6109A475AF71AD96DA211E01943628.e.8330/click - {}
RESULT: {}
RESULT: {}
COMMAND: GET /session/56f047ff2d8b79b5fb882765d60ddf9f/screenshot - {}
RESULT: {}
]]></system-out>
    </testcase>
  </testsuite>
  <testsuite timestamp="2025-05-14T16:12:49" time="367.356" tests="3" failures="0" errors="0" skipped="0">
    <properties>
      <property name="specId" value="0" />
      <property name="suiteName" value="Reserve/Unreserve request item via reserve option US139161" />
      <property name="capabilities" value="chrome.136_0_7103_49.windows" />
      <property name="file" value="file:///D:/a/1/s/test/specs/R2C/reserve-unreserve-request-item-via-reserve-option.spec.js" />
    </properties>
    <testcase classname="chrome.136_0_7103_49.windows.Reserve/Unreserve_request_item_via_reserve_option_US139161" name="Should add the material to the catalog item" time="93.284">
      <system-out><![CDATA[
COMMAND: POST /session/56f047ff2d8b79b5fb882765d60ddf9f/execute/async - {"script":"<script> [1562 bytes]","args":[{"selector":{"controlType":"sap.m.GenericTile","properties":{"header":"Manage Catalogs"}},"wdio_ui5_key":"sapm.GenericTile{\"header\":\"Manage Catalogs\"}"}]}
RESULT: {"script":"<script> [1562 bytes]","args":[{"selector":{"controlType":"sap.m.GenericTile","properties":{"header":"Manage Catalogs"}},"wdio_ui5_key":"sapm.GenericTile{\"header\":\"Manage Catalogs\"}"}]}
RESULT: undefined
COMMAND: POST /session/56f047ff2d8b79b5fb882765d60ddf9f/element - {"using":"xpath","value":"//*[@id=\"__tile37\"]"}
RESULT: {"using":"xpath","value":"//*[@id=\"__tile37\"]"}
COMMAND: POST /session/56f047ff2d8b79b5fb882765d60ddf9f/element/f.918672ED9AB3AB03A4F724C7637EDD7B.d.1F6109A475AF71AD96DA211E01943628.e.8932/click - {}
RESULT: {}
COMMAND: GET /session/56f047ff2d8b79b5fb882765d60ddf9f/screenshot - {}
RESULT: {}
COMMAND: POST /session/56f047ff2d8b79b5fb882765d60ddf9f/elements - {"using":"xpath","value":"//span[text()='Error']"}
RESULT: {"using":"xpath","value":"//span[text()='Error']"}
COMMAND: POST /session/56f047ff2d8b79b5fb882765d60ddf9f/execute/async - {"script":"<script> [1562 bytes]","args":[{"selector":{"controlType":"sap.m.Text","viewName":"etm.portal.ui.managecatalogs.view.MasterCatalogs","viewId":"application-managecatalogs-display-component---masterCatalogs","bindingPath":{"path":"/Catalogs('0D7502D073D53A0F1700BE067B89AFF9')","propertyPath":"DESCRIPTION","modelName":"catalogModel"}},"wdio_ui5_key":"etmportal.ui.managecatalogs.view.MasterCatalogssap.m.Text{\"path\":\"/Catalogs('0D7502D073D53A0F1700BE067B89AFF9')\",\"propertyPath\":\"DESCRIPTION\",\"modelName\":\"catalogModel\"}"}]}
RESULT: {"script":"<script> [1562 bytes]","args":[{"selector":{"controlType":"sap.m.Text","viewName":"etm.portal.ui.managecatalogs.view.MasterCatalogs","viewId":"application-managecatalogs-display-component---masterCatalogs","bindingPath":{"path":"/Catalogs('0D7502D073D53A0F1700BE067B89AFF9')","propertyPath":"DESCRIPTION","modelName":"catalogModel"}},"wdio_ui5_key":"etmportal.ui.managecatalogs.view.MasterCatalogssap.m.Text{\"path\":\"/Catalogs('0D7502D073D53A0F1700BE067B89AFF9')\",\"propertyPath\":\"DESCRIPTION\",\"modelName\":\"catalogModel\"}"}]}
RESULT: undefined
COMMAND: POST /session/56f047ff2d8b79b5fb882765d60ddf9f/element - {"using":"xpath","value":"//*[@id=\"__text678-application-managecatalogs-display-component---masterCatalogs--CatalogsTable-11\"]"}
RESULT: {"using":"xpath","value":"//*[@id=\"__text678-application-managecatalogs-display-component---masterCatalogs--CatalogsTable-11\"]"}
COMMAND: POST /session/56f047ff2d8b79b5fb882765d60ddf9f/element/f.918672ED9AB3AB03A4F724C7637EDD7B.d.1F6109A475AF71AD96DA211E01943628.e.9001/click - {}
RESULT: {}
RESULT: undefined
COMMAND: POST /session/56f047ff2d8b79b5fb882765d60ddf9f/execute/async - {"script":"<script> [776 bytes]","args":[{"enterText":"catalogItem9e3ef","selector":{"id":"application-managecatalogs-display-component---masterCatalogItems--searchItemsField","interaction":{"idSuffix":"I"}},"clearTextFirst":true,"interactionType":"ENTER_TEXT"}]}
COMMAND: GET /session/56f047ff2d8b79b5fb882765d60ddf9f/screenshot - {}
RESULT: {"script":"<script> [776 bytes]","args":[{"enterText":"catalogItem9e3ef","selector":{"id":"application-managecatalogs-display-component---masterCatalogItems--searchItemsField","interaction":{"idSuffix":"I"}},"clearTextFirst":true,"interactionType":"ENTER_TEXT"}]}
COMMAND: POST /session/56f047ff2d8b79b5fb882765d60ddf9f/actions - {"actions":[{"id":"action59","type":"key","parameters":{},"actions":[{"type":"keyDown","value":"î€‡"},{"type":"pause","duration":10},{"type":"keyUp","value":"î€‡"}]}]}
RESULT: {}
RESULT: {"actions":[{"id":"action59","type":"key","parameters":{},"actions":[{"type":"keyDown","value":"î€‡"},{"type":"pause","duration":10},{"type":"keyUp","value":"î€‡"}]}]}
COMMAND: POST /session/56f047ff2d8b79b5fb882765d60ddf9f/element - {"using":"xpath","value":"(//span[contains(text(), \"catalogItem9e3ef\")])[1]"}
COMMAND: GET /session/56f047ff2d8b79b5fb882765d60ddf9f/screenshot - {}
RESULT: {"using":"xpath","value":"(//span[contains(text(), \"catalogItem9e3ef\")])[1]"}
COMMAND: POST /session/56f047ff2d8b79b5fb882765d60ddf9f/element/f.918672ED9AB3AB03A4F724C7637EDD7B.d.1F6109A475AF71AD96DA211E01943628.e.9039/click - {}
RESULT: {}
RESULT: {}
COMMAND: GET /session/56f047ff2d8b79b5fb882765d60ddf9f/screenshot - {}
RESULT: {}
COMMAND: POST /session/56f047ff2d8b79b5fb882765d60ddf9f/element - {"using":"xpath","value":"//*[contains(@id ,\"BDI-content\")][contains(text(), \"Edit\")]"}
RESULT: {"using":"xpath","value":"//*[contains(@id ,\"BDI-content\")][contains(text(), \"Edit\")]"}
COMMAND: POST /session/56f047ff2d8b79b5fb882765d60ddf9f/element/f.918672ED9AB3AB03A4F724C7637EDD7B.d.1F6109A475AF71AD96DA211E01943628.e.9120/click - {}
RESULT: {}
COMMAND: GET /session/56f047ff2d8b79b5fb882765d60ddf9f/screenshot - {}
RESULT: {}
COMMAND: POST /session/56f047ff2d8b79b5fb882765d60ddf9f/element - {"using":"xpath","value":"//bdi[contains(text(), \"Assigned Resources\")]"}
RESULT: {"using":"xpath","value":"//bdi[contains(text(), \"Assigned Resources\")]"}
COMMAND: POST /session/56f047ff2d8b79b5fb882765d60ddf9f/element/f.918672ED9AB3AB03A4F724C7637EDD7B.d.1F6109A475AF71AD96DA211E01943628.e.9140/click - {}
RESULT: {}
COMMAND: GET /session/56f047ff2d8b79b5fb882765d60ddf9f/screenshot - {}
RESULT: {}
COMMAND: POST /session/56f047ff2d8b79b5fb882765d60ddf9f/element - {"using":"xpath","value":"//button[contains(@data-kt ,\"catalogItemAssignRuButton\")]"}
RESULT: {"using":"xpath","value":"//button[contains(@data-kt ,\"catalogItemAssignRuButton\")]"}
COMMAND: POST /session/56f047ff2d8b79b5fb882765d60ddf9f/element/f.918672ED9AB3AB03A4F724C7637EDD7B.d.1F6109A475AF71AD96DA211E01943628.e.9148/click - {}
RESULT: {}
COMMAND: GET /session/56f047ff2d8b79b5fb882765d60ddf9f/screenshot - {}
RESULT: {}
COMMAND: POST /session/56f047ff2d8b79b5fb882765d60ddf9f/actions - {"actions":[{"id":"action60","type":"key","parameters":{},"actions":[{"type":"keyDown","value":"î€‡"},{"type":"pause","duration":10},{"type":"keyUp","value":"î€‡"}]}]}
RESULT: {"actions":[{"id":"action60","type":"key","parameters":{},"actions":[{"type":"keyDown","value":"î€‡"},{"type":"pause","duration":10},{"type":"keyUp","value":"î€‡"}]}]}
COMMAND: GET /session/56f047ff2d8b79b5fb882765d60ddf9f/screenshot - {}
RESULT: {}
COMMAND: POST /session/56f047ff2d8b79b5fb882765d60ddf9f/execute/async - {"script":"<script> [1562 bytes]","args":[{"selector":{"id":"application-managecatalogs-display-component---detailCatalog--assignRUSearchField-vhi","searchOpenDialogs":true},"wdio_ui5_key":"applicationmanagecatalogs-display-component---detailCatalog--assignRUSearchField-vhi"}]}
RESULT: {"script":"<script> [1562 bytes]","args":[{"selector":{"id":"application-managecatalogs-display-component---detailCatalog--assignRUSearchField-vhi","searchOpenDialogs":true},"wdio_ui5_key":"applicationmanagecatalogs-display-component---detailCatalog--assignRUSearchField-vhi"}]}
RESULT: undefined
COMMAND: POST /session/56f047ff2d8b79b5fb882765d60ddf9f/element - {"using":"xpath","value":"//*[@id=\"application-managecatalogs-display-component---detailCatalog--assignRUSearchField-vhi\"]"}
RESULT: {"using":"xpath","value":"//*[@id=\"application-managecatalogs-display-component---detailCatalog--assignRUSearchField-vhi\"]"}
COMMAND: POST /session/56f047ff2d8b79b5fb882765d60ddf9f/element/f.918672ED9AB3AB03A4F724C7637EDD7B.d.1F6109A475AF71AD96DA211E01943628.e.9166/click - {}
RESULT: {}
COMMAND: GET /session/56f047ff2d8b79b5fb882765d60ddf9f/screenshot - {}
RESULT: {}
COMMAND: POST /session/56f047ff2d8b79b5fb882765d60ddf9f/element - {"using":"xpath","value":"//input[contains(@id ,\"searchField-I\")]"}
RESULT: {"using":"xpath","value":"//input[contains(@id ,\"searchField-I\")]"}
COMMAND: POST /session/56f047ff2d8b79b5fb882765d60ddf9f/element/f.918672ED9AB3AB03A4F724C7637EDD7B.d.1F6109A475AF71AD96DA211E01943628.e.9168/clear - {}
RESULT: {}
COMMAND: POST /session/56f047ff2d8b79b5fb882765d60ddf9f/element/f.918672ED9AB3AB03A4F724C7637EDD7B.d.1F6109A475AF71AD96DA211E01943628.e.9168/value - {"text":"WebdriverRUR2C27h29"}
COMMAND: GET /session/56f047ff2d8b79b5fb882765d60ddf9f/screenshot - {}
RESULT: {"text":"WebdriverRUR2C27h29"}
COMMAND: GET /session/56f047ff2d8b79b5fb882765d60ddf9f/screenshot - {}
RESULT: {}
RESULT: {}
COMMAND: POST /session/56f047ff2d8b79b5fb882765d60ddf9f/actions - {"actions":[{"id":"action61","type":"key","parameters":{},"actions":[{"type":"keyDown","value":"î€‡"},{"type":"pause","duration":10},{"type":"keyUp","value":"î€‡"}]}]}
RESULT: {"actions":[{"id":"action61","type":"key","parameters":{},"actions":[{"type":"keyDown","value":"î€‡"},{"type":"pause","duration":10},{"type":"keyUp","value":"î€‡"}]}]}
COMMAND: GET /session/56f047ff2d8b79b5fb882765d60ddf9f/screenshot - {}
RESULT: {}
COMMAND: POST /session/56f047ff2d8b79b5fb882765d60ddf9f/actions - {"actions":[{"id":"action62","type":"key","parameters":{},"actions":[{"type":"keyDown","value":"î€„"},{"type":"pause","duration":10},{"type":"keyUp","value":"î€„"}]}]}
RESULT: {"actions":[{"id":"action62","type":"key","parameters":{},"actions":[{"type":"keyDown","value":"î€„"},{"type":"pause","duration":10},{"type":"keyUp","value":"î€„"}]}]}
COMMAND: GET /session/56f047ff2d8b79b5fb882765d60ddf9f/screenshot - {}
RESULT: {}
COMMAND: POST /session/56f047ff2d8b79b5fb882765d60ddf9f/actions - {"actions":[{"id":"action63","type":"key","parameters":{},"actions":[{"type":"keyDown","value":"î€‡"},{"type":"pause","duration":10},{"type":"keyUp","value":"î€‡"}]}]}
RESULT: {"actions":[{"id":"action63","type":"key","parameters":{},"actions":[{"type":"keyDown","value":"î€‡"},{"type":"pause","duration":10},{"type":"keyUp","value":"î€‡"}]}]}
COMMAND: GET /session/56f047ff2d8b79b5fb882765d60ddf9f/screenshot - {}
RESULT: {}
COMMAND: POST /session/56f047ff2d8b79b5fb882765d60ddf9f/element - {"using":"xpath","value":"//bdi[contains(@id ,\"application-managecatalogs-display-component---detailCatalog--RUAssignmentSaveButton-BDI-content\")]"}
RESULT: {"using":"xpath","value":"//bdi[contains(@id ,\"application-managecatalogs-display-component---detailCatalog--RUAssignmentSaveButton-BDI-content\")]"}
COMMAND: POST /session/56f047ff2d8b79b5fb882765d60ddf9f/element/f.918672ED9AB3AB03A4F724C7637EDD7B.d.1F6109A475AF71AD96DA211E01943628.e.9201/click - {}
RESULT: {}
COMMAND: GET /session/56f047ff2d8b79b5fb882765d60ddf9f/screenshot - {}
RESULT: {}
COMMAND: POST /session/56f047ff2d8b79b5fb882765d60ddf9f/element - {"using":"xpath","value":"//bdi[contains(text(), \"Save\")]"}
RESULT: {"using":"xpath","value":"//bdi[contains(text(), \"Save\")]"}
COMMAND: POST /session/56f047ff2d8b79b5fb882765d60ddf9f/element/f.918672ED9AB3AB03A4F724C7637EDD7B.d.1F6109A475AF71AD96DA211E01943628.e.9228/click - {}
RESULT: {}
COMMAND: GET /session/56f047ff2d8b79b5fb882765d60ddf9f/screenshot - {}
RESULT: {}
COMMAND: POST /session/56f047ff2d8b79b5fb882765d60ddf9f/element - {"using":"css selector","value":"#shell-header-logo"}
RESULT: {"using":"css selector","value":"#shell-header-logo"}
COMMAND: POST /session/56f047ff2d8b79b5fb882765d60ddf9f/element/f.918672ED9AB3AB03A4F724C7637EDD7B.d.1F6109A475AF71AD96DA211E01943628.e.8936/click - {}
RESULT: {}
COMMAND: GET /session/56f047ff2d8b79b5fb882765d60ddf9f/screenshot - {}
RESULT: {}
COMMAND: POST /session/56f047ff2d8b79b5fb882765d60ddf9f/refresh - {}
RESULT: {}
COMMAND: GET /session/56f047ff2d8b79b5fb882765d60ddf9f/screenshot - {}
RESULT: {}
COMMAND: POST /session/56f047ff2d8b79b5fb882765d60ddf9f/execute/async - {"script":"<script> [189 bytes]","args":[]}
RESULT: {"script":"<script> [189 bytes]","args":[]}
COMMAND: POST /session/56f047ff2d8b79b5fb882765d60ddf9f/execute/async - {"script":"<script> [123 bytes]","args":[]}
RESULT: {"script":"<script> [123 bytes]","args":[]}
COMMAND: POST /session/56f047ff2d8b79b5fb882765d60ddf9f/timeouts - {"script":"<number>"}
RESULT: {"script":"<number>"}
COMMAND: GET /session/56f047ff2d8b79b5fb882765d60ddf9f/timeouts - {}
RESULT: {}
RESULT: undefined
COMMAND: POST /session/56f047ff2d8b79b5fb882765d60ddf9f/execute/async - {"script":"<script> [2676 bytes]","args":[]}
RESULT: {"script":"<script> [2676 bytes]","args":[]}
COMMAND: POST /session/56f047ff2d8b79b5fb882765d60ddf9f/execute/async - {"script":"<script> [2342 bytes]","args":[{"protocol":"http","hostname":"0.0.0.0","path":"/","capabilities":{"browserName":"chrome","goog:chromeOptions":{"binary":"C:\\Program Files\\Google\\Chrome\\Application\\chrome.exe","args":["--start-maximized"]}},"logLevel":"warn","connectionRetryTimeout":120000,"connectionRetryCount":3,"logLevels":{},"enableDirectConnect":true,"strictSSL":true,"_":"65 more keys: [\"cacheDir\",\"port\",\"requestedCapabilities\",\"automationProtocol\",\"baseUrl\",\"waitforInterval\",\"waitforTimeout\",\"onReload\",\"beforeCommand\",\"afterCommand\",\"rootDir\",\"specs\",\"suites\",\"exclude\",\"groupLogsByTestSpec\",\"excludeDriverLogs\",\"bail\",\"framework\",\"reporters\",\"services\",\"maxInstances\",\"maxInstancesPerCapability\",\"injectGlobals\",\"filesToWatch\",\"execArgv\",\"runnerEnv\",\"runner\",\"shard\",\"specFileRetries\",\"specFileRetriesDelay\",\"specFileRetriesDeferred\",\"reporterSyncInterval\",\"reporterSyncTimeout\",\"cucumberFeaturesWithLineNumbers\",\"autoCompileOpts\",\"mochaOpts\",\"jasmineOpts\",\"cucumberOpts\",\"onPrepare\",\"onWorkerStart\",\"onWorkerEnd\",\"before\",\"beforeSession\",\"beforeSuite\",\"beforeHook\",\"beforeTest\",\"afterTest\",\"afterHook\",\"afterSuite\",\"afterSession\",\"after\",\"onComplete\",\"beforeAssertion\",\"afterAssertion\",\"beforeFeature\",\"beforeScenario\",\"beforeStep\",\"afterStep\",\"afterScenario\",\"afterFeature\",\"_\",\"suite\",\"$0\",\"ignoredWorkerServices\",\"wdi5\"]"}]}
RESULT: {"script":"<script> [2342 bytes]","args":[{"protocol":"http","hostname":"0.0.0.0","path":"/","capabilities":{"browserName":"chrome","goog:chromeOptions":{"binary":"C:\\Program Files\\Google\\Chrome\\Application\\chrome.exe","args":["--start-maximized"]}},"logLevel":"warn","connectionRetryTimeout":120000,"connectionRetryCount":3,"logLevels":{},"enableDirectConnect":true,"strictSSL":true,"_":"65 more keys: [\"cacheDir\",\"port\",\"requestedCapabilities\",\"automationProtocol\",\"baseUrl\",\"waitforInterval\",\"waitforTimeout\",\"onReload\",\"beforeCommand\",\"afterCommand\",\"rootDir\",\"specs\",\"suites\",\"exclude\",\"groupLogsByTestSpec\",\"excludeDriverLogs\",\"bail\",\"framework\",\"reporters\",\"services\",\"maxInstances\",\"maxInstancesPerCapability\",\"injectGlobals\",\"filesToWatch\",\"execArgv\",\"runnerEnv\",\"runner\",\"shard\",\"specFileRetries\",\"specFileRetriesDelay\",\"specFileRetriesDeferred\",\"reporterSyncInterval\",\"reporterSyncTimeout\",\"cucumberFeaturesWithLineNumbers\",\"autoCompileOpts\",\"mochaOpts\",\"jasmineOpts\",\"cucumberOpts\",\"onPrepare\",\"onWorkerStart\",\"onWorkerEnd\",\"before\",\"beforeSession\",\"beforeSuite\",\"beforeHook\",\"beforeTest\",\"afterTest\",\"afterHook\",\"afterSuite\",\"afterSession\",\"after\",\"onComplete\",\"beforeAssertion\",\"afterAssertion\",\"beforeFeature\",\"beforeScenario\",\"beforeStep\",\"afterStep\",\"afterScenario\",\"afterFeature\",\"_\",\"suite\",\"$0\",\"ignoredWorkerServices\",\"wdi5\"]"}]}
COMMAND: POST /session/56f047ff2d8b79b5fb882765d60ddf9f/execute/async - {"script":"<script> [21126 bytes]","args":[35000]}
RESULT: {"script":"<script> [21126 bytes]","args":[35000]}
]]></system-out>
    </testcase>
    <testcase classname="chrome.136_0_7103_49.windows.Reserve/Unreserve_request_item_via_reserve_option_US139161" name="Should create a new request with a catalog item that can be planned" time="168.225">
      <system-out><![CDATA[
COMMAND: POST /session/56f047ff2d8b79b5fb882765d60ddf9f/execute/async - {"script":"<script> [1562 bytes]","args":[{"selector":{"controlType":"sap.m.GenericTile","properties":{"header":"Manage Requests"}},"wdio_ui5_key":"sapm.GenericTile{\"header\":\"Manage Requests\"}"}]}
RESULT: {"script":"<script> [1562 bytes]","args":[{"selector":{"controlType":"sap.m.GenericTile","properties":{"header":"Manage Requests"}},"wdio_ui5_key":"sapm.GenericTile{\"header\":\"Manage Requests\"}"}]}
RESULT: undefined
COMMAND: POST /session/56f047ff2d8b79b5fb882765d60ddf9f/element - {"using":"xpath","value":"//*[@id=\"__tile47\"]"}
RESULT: {"using":"xpath","value":"//*[@id=\"__tile47\"]"}
COMMAND: POST /session/56f047ff2d8b79b5fb882765d60ddf9f/element/f.918672ED9AB3AB03A4F724C7637EDD7B.d.3CDC3B3B92877AF0534DE83DDC7C70C8.e.9265/click - {}
RESULT: {}
COMMAND: GET /session/56f047ff2d8b79b5fb882765d60ddf9f/screenshot - {}
RESULT: {}
COMMAND: POST /session/56f047ff2d8b79b5fb882765d60ddf9f/elements - {"using":"xpath","value":"//span[text()='Error']"}
RESULT: {"using":"xpath","value":"//span[text()='Error']"}
COMMAND: POST /session/56f047ff2d8b79b5fb882765d60ddf9f/element - {"using":"xpath","value":"//button[contains(@data-kt ,\"btnCreateNewOverflowToolbarButton\")]"}
COMMAND: POST /session/56f047ff2d8b79b5fb882765d60ddf9f/element - {"using":"xpath","value":"(//span[contains(@class ,\"sapMObjStatusText\")])[1]"}
RESULT: {"using":"xpath","value":"//button[contains(@data-kt ,\"btnCreateNewOverflowToolbarButton\")]"}
COMMAND: POST /session/56f047ff2d8b79b5fb882765d60ddf9f/element/f.918672ED9AB3AB03A4F724C7637EDD7B.d.3CDC3B3B92877AF0534DE83DDC7C70C8.e.9322/click - {}
RESULT: {"using":"xpath","value":"(//span[contains(@class ,\"sapMObjStatusText\")])[1]"}
COMMAND: POST /session/56f047ff2d8b79b5fb882765d60ddf9f/execute/sync - {"script":"<script> [8489 bytes]","args":[{"element-6066-11e4-a52e-4f735466cecf":"f.918672ED9AB3AB03A4F724C7637EDD7B.d.3CDC3B3B92877AF0534DE83DDC7C70C8.e.9359","ELEMENT":"f.918672ED9AB3AB03A4F724C7637EDD7B.d.3CDC3B3B92877AF0534DE83DDC7C70C8.e.9359"}]}
RESULT: {}
RESULT: {"script":"<script> [8489 bytes]","args":[{"element-6066-11e4-a52e-4f735466cecf":"f.918672ED9AB3AB03A4F724C7637EDD7B.d.3CDC3B3B92877AF0534DE83DDC7C70C8.e.9359","ELEMENT":"f.918672ED9AB3AB03A4F724C7637EDD7B.d.3CDC3B3B92877AF0534DE83DDC7C70C8.e.9359"}]}
COMMAND: GET /session/56f047ff2d8b79b5fb882765d60ddf9f/screenshot - {}
COMMAND: GET /session/56f047ff2d8b79b5fb882765d60ddf9f/screenshot - {}
RESULT: {}
RESULT: {}
COMMAND: POST /session/56f047ff2d8b79b5fb882765d60ddf9f/element - {"using":"xpath","value":"//input[contains(@id ,\"yardId-inner\")]"}
RESULT: {"using":"xpath","value":"//input[contains(@id ,\"yardId-inner\")]"}
COMMAND: POST /session/56f047ff2d8b79b5fb882765d60ddf9f/execute/sync - {"script":"<script> [8489 bytes]","args":[{"element-6066-11e4-a52e-4f735466cecf":"f.918672ED9AB3AB03A4F724C7637EDD7B.d.3CDC3B3B92877AF0534DE83DDC7C70C8.e.9444","ELEMENT":"f.918672ED9AB3AB03A4F724C7637EDD7B.d.3CDC3B3B92877AF0534DE83DDC7C70C8.e.9444"}]}
RESULT: {"script":"<script> [8489 bytes]","args":[{"element-6066-11e4-a52e-4f735466cecf":"f.918672ED9AB3AB03A4F724C7637EDD7B.d.3CDC3B3B92877AF0534DE83DDC7C70C8.e.9444","ELEMENT":"f.918672ED9AB3AB03A4F724C7637EDD7B.d.3CDC3B3B92877AF0534DE83DDC7C70C8.e.9444"}]}
COMMAND: POST /session/56f047ff2d8b79b5fb882765d60ddf9f/element - {"using":"xpath","value":"//input[contains(@id ,\"yardId-inner\")]"}
COMMAND: GET /session/56f047ff2d8b79b5fb882765d60ddf9f/screenshot - {}
RESULT: {"using":"xpath","value":"//input[contains(@id ,\"yardId-inner\")]"}
COMMAND: GET /session/56f047ff2d8b79b5fb882765d60ddf9f/element/f.918672ED9AB3AB03A4F724C7637EDD7B.d.3CDC3B3B92877AF0534DE83DDC7C70C8.e.9444/enabled - {}
RESULT: {}
RESULT: {}
COMMAND: POST /session/56f047ff2d8b79b5fb882765d60ddf9f/element/f.918672ED9AB3AB03A4F724C7637EDD7B.d.3CDC3B3B92877AF0534DE83DDC7C70C8.e.9444/clear - {}
COMMAND: GET /session/56f047ff2d8b79b5fb882765d60ddf9f/screenshot - {}
RESULT: {}
COMMAND: POST /session/56f047ff2d8b79b5fb882765d60ddf9f/element/f.918672ED9AB3AB03A4F724C7637EDD7B.d.3CDC3B3B92877AF0534DE83DDC7C70C8.e.9444/value - {"text":"WebdriverYardg9f4e"}
COMMAND: GET /session/56f047ff2d8b79b5fb882765d60ddf9f/screenshot - {}
RESULT: {}
RESULT: {"text":"WebdriverYardg9f4e"}
COMMAND: GET /session/56f047ff2d8b79b5fb882765d60ddf9f/screenshot - {}
RESULT: {}
RESULT: {}
COMMAND: POST /session/56f047ff2d8b79b5fb882765d60ddf9f/actions - {"actions":[{"id":"action64","type":"key","parameters":{},"actions":[{"type":"keyDown","value":"î€‡"},{"type":"pause","duration":10},{"type":"keyUp","value":"î€‡"}]}]}
COMMAND: POST /session/56f047ff2d8b79b5fb882765d60ddf9f/element - {"using":"xpath","value":"//input[contains(@id ,\"customerNumber-inner\")]"}
RESULT: {"actions":[{"id":"action64","type":"key","parameters":{},"actions":[{"type":"keyDown","value":"î€‡"},{"type":"pause","duration":10},{"type":"keyUp","value":"î€‡"}]}]}
COMMAND: GET /session/56f047ff2d8b79b5fb882765d60ddf9f/screenshot - {}
RESULT: {"using":"xpath","value":"//input[contains(@id ,\"customerNumber-inner\")]"}
COMMAND: POST /session/56f047ff2d8b79b5fb882765d60ddf9f/element/f.918672ED9AB3AB03A4F724C7637EDD7B.d.3CDC3B3B92877AF0534DE83DDC7C70C8.e.9440/value - {"text":"WebdriverPartnerssnkw"}
RESULT: {}
RESULT: {"text":"WebdriverPartnerssnkw"}
COMMAND: GET /session/56f047ff2d8b79b5fb882765d60ddf9f/screenshot - {}
RESULT: {}
COMMAND: POST /session/56f047ff2d8b79b5fb882765d60ddf9f/actions - {"actions":[{"id":"action65","type":"key","parameters":{},"actions":[{"type":"keyDown","value":"î€‡"},{"type":"pause","duration":10},{"type":"keyUp","value":"î€‡"}]}]}
RESULT: {"actions":[{"id":"action65","type":"key","parameters":{},"actions":[{"type":"keyDown","value":"î€‡"},{"type":"pause","duration":10},{"type":"keyUp","value":"î€‡"}]}]}
COMMAND: GET /session/56f047ff2d8b79b5fb882765d60ddf9f/screenshot - {}
RESULT: {}
COMMAND: GET /session/56f047ff2d8b79b5fb882765d60ddf9f/element/f.918672ED9AB3AB03A4F724C7637EDD7B.d.3CDC3B3B92877AF0534DE83DDC7C70C8.e.9440/property/value - {}
RESULT: {}
COMMAND: GET /session/56f047ff2d8b79b5fb882765d60ddf9f/screenshot - {}
RESULT: {}
COMMAND: POST /session/56f047ff2d8b79b5fb882765d60ddf9f/element - {"using":"xpath","value":"//input[contains(@id ,\"requestSiteId-inner\")]"}
RESULT: {"using":"xpath","value":"//input[contains(@id ,\"requestSiteId-inner\")]"}
COMMAND: POST /session/56f047ff2d8b79b5fb882765d60ddf9f/element/f.918672ED9AB3AB03A4F724C7637EDD7B.d.3CDC3B3B92877AF0534DE83DDC7C70C8.e.9439/value - {"text":"WebdriverSiterw9ze"}
RESULT: {"text":"WebdriverSiterw9ze"}
COMMAND: GET /session/56f047ff2d8b79b5fb882765d60ddf9f/screenshot - {}
RESULT: {}
COMMAND: POST /session/56f047ff2d8b79b5fb882765d60ddf9f/actions - {"actions":[{"id":"action66","type":"key","parameters":{},"actions":[{"type":"keyDown","value":"î€‡"},{"type":"pause","duration":10},{"type":"keyUp","value":"î€‡"}]}]}
RESULT: {"actions":[{"id":"action66","type":"key","parameters":{},"actions":[{"type":"keyDown","value":"î€‡"},{"type":"pause","duration":10},{"type":"keyUp","value":"î€‡"}]}]}
COMMAND: GET /session/56f047ff2d8b79b5fb882765d60ddf9f/screenshot - {}
RESULT: {}
COMMAND: POST /session/56f047ff2d8b79b5fb882765d60ddf9f/element - {"using":"xpath","value":"//button[contains(@data-kt ,\"requestItemAddOverflowToolbarButton\")]"}
RESULT: {"using":"xpath","value":"//button[contains(@data-kt ,\"requestItemAddOverflowToolbarButton\")]"}
COMMAND: POST /session/56f047ff2d8b79b5fb882765d60ddf9f/element/f.918672ED9AB3AB03A4F724C7637EDD7B.d.3CDC3B3B92877AF0534DE83DDC7C70C8.e.9630/click - {}
RESULT: {}
COMMAND: GET /session/56f047ff2d8b79b5fb882765d60ddf9f/screenshot - {}
RESULT: {}
COMMAND: POST /session/56f047ff2d8b79b5fb882765d60ddf9f/actions - {"actions":[{"id":"action67","type":"key","parameters":{},"actions":[{"type":"keyDown","value":"î€•"},{"type":"pause","duration":10},{"type":"keyUp","value":"î€•"}]}]}
RESULT: {"actions":[{"id":"action67","type":"key","parameters":{},"actions":[{"type":"keyDown","value":"î€•"},{"type":"pause","duration":10},{"type":"keyUp","value":"î€•"}]}]}
COMMAND: POST /session/56f047ff2d8b79b5fb882765d60ddf9f/actions - {"actions":[{"id":"action68","type":"key","parameters":{},"actions":[{"type":"keyDown","value":"î€‡"},{"type":"pause","duration":10},{"type":"keyUp","value":"î€‡"}]}]}
COMMAND: GET /session/56f047ff2d8b79b5fb882765d60ddf9f/screenshot - {}
RESULT: {"actions":[{"id":"action68","type":"key","parameters":{},"actions":[{"type":"keyDown","value":"î€‡"},{"type":"pause","duration":10},{"type":"keyUp","value":"î€‡"}]}]}
COMMAND: POST /session/56f047ff2d8b79b5fb882765d60ddf9f/element - {"using":"xpath","value":"(//input[contains(@id ,\"requestItemsTable-0-inner\")])[1]"}
COMMAND: GET /session/56f047ff2d8b79b5fb882765d60ddf9f/screenshot - {}
RESULT: {}
RESULT: {"using":"xpath","value":"(//input[contains(@id ,\"requestItemsTable-0-inner\")])[1]"}
COMMAND: POST /session/56f047ff2d8b79b5fb882765d60ddf9f/element/f.918672ED9AB3AB03A4F724C7637EDD7B.d.3CDC3B3B92877AF0534DE83DDC7C70C8.e.9634/clear - {}
RESULT: {}
RESULT: {}
COMMAND: POST /session/56f047ff2d8b79b5fb882765d60ddf9f/element/f.918672ED9AB3AB03A4F724C7637EDD7B.d.3CDC3B3B92877AF0534DE83DDC7C70C8.e.9634/value - {"text":"catalogItem9e3ef"}
COMMAND: GET /session/56f047ff2d8b79b5fb882765d60ddf9f/screenshot - {}
RESULT: {"text":"catalogItem9e3ef"}
COMMAND: GET /session/56f047ff2d8b79b5fb882765d60ddf9f/screenshot - {}
RESULT: {}
RESULT: {}
COMMAND: POST /session/56f047ff2d8b79b5fb882765d60ddf9f/actions - {"actions":[{"id":"action69","type":"key","parameters":{},"actions":[{"type":"keyDown","value":"î€‡"},{"type":"pause","duration":10},{"type":"keyUp","value":"î€‡"}]}]}
RESULT: {"actions":[{"id":"action69","type":"key","parameters":{},"actions":[{"type":"keyDown","value":"î€‡"},{"type":"pause","duration":10},{"type":"keyUp","value":"î€‡"}]}]}
COMMAND: GET /session/56f047ff2d8b79b5fb882765d60ddf9f/screenshot - {}
RESULT: {}
COMMAND: POST /session/56f047ff2d8b79b5fb882765d60ddf9f/execute/async - {"script":"<script> [1562 bytes]","args":[{"selector":{"controlType":"sap.ui.core.Icon","viewName":"etm.portal.ui.managerequests.view.NewRequest","properties":{"src":{"regex":{"source":"slim\\-arrow\\-down"}}},"ancestor":{"controlType":"sap.m.Button","viewName":"etm.portal.ui.managerequests.view.NewRequest","properties":{"icon":"sap-icon://slim-arrow-down"}}},"wdio_ui5_key":"etmportal.ui.managerequests.view.NewRequestsap.ui.core.Icon{\"src\":{\"regex\":{\"source\":\"slim\\\\-arrow\\\\-down\"}}}{\"controlType\":\"sap.m.Button\",\"viewName\":\"etm.portal.ui.managerequests.view.NewRequest\",\"properties\":{\"icon\":\"sap-icon://slim-arrow-down\"}}"}]}
RESULT: {"script":"<script> [1562 bytes]","args":[{"selector":{"controlType":"sap.ui.core.Icon","viewName":"etm.portal.ui.managerequests.view.NewRequest","properties":{"src":{"regex":{"source":"slim\\-arrow\\-down"}}},"ancestor":{"controlType":"sap.m.Button","viewName":"etm.portal.ui.managerequests.view.NewRequest","properties":{"icon":"sap-icon://slim-arrow-down"}}},"wdio_ui5_key":"etmportal.ui.managerequests.view.NewRequestsap.ui.core.Icon{\"src\":{\"regex\":{\"source\":\"slim\\\\-arrow\\\\-down\"}}}{\"controlType\":\"sap.m.Button\",\"viewName\":\"etm.portal.ui.managerequests.view.NewRequest\",\"properties\":{\"icon\":\"sap-icon://slim-arrow-down\"}}"}]}
RESULT: undefined
COMMAND: POST /session/56f047ff2d8b79b5fb882765d60ddf9f/element - {"using":"xpath","value":"//div[contains(@data-kt ,\"splitAllocationObjectStatus\")]"}
RESULT: {"using":"xpath","value":"//div[contains(@data-kt ,\"splitAllocationObjectStatus\")]"}
COMMAND: POST /session/56f047ff2d8b79b5fb882765d60ddf9f/elements - {"using":"xpath","value":"//div[contains(@data-kt ,\"splitAllocationObjectStatus\")]"}
RESULT: {"using":"xpath","value":"//div[contains(@data-kt ,\"splitAllocationObjectStatus\")]"}
COMMAND: POST /session/56f047ff2d8b79b5fb882765d60ddf9f/execute/async - {"script":"<script> [1562 bytes]","args":[{"selector":{"controlType":"sap.ui.core.Icon","viewName":"etm.portal.ui.managerequests.view.NewRequest","properties":{"src":{"regex":{"source":"message\\-error"}}}},"wdio_ui5_key":"etmportal.ui.managerequests.view.NewRequestsap.ui.core.Icon{\"src\":{\"regex\":{\"source\":\"message\\\\-error\"}}}"}]}
RESULT: {"script":"<script> [1562 bytes]","args":[{"selector":{"controlType":"sap.ui.core.Icon","viewName":"etm.portal.ui.managerequests.view.NewRequest","properties":{"src":{"regex":{"source":"message\\-error"}}}},"wdio_ui5_key":"etmportal.ui.managerequests.view.NewRequestsap.ui.core.Icon{\"src\":{\"regex\":{\"source\":\"message\\\\-error\"}}}"}]}
RESULT: undefined
COMMAND: POST /session/56f047ff2d8b79b5fb882765d60ddf9f/element - {"using":"xpath","value":"//*[@id=\"__status4-__xmlview59--requestItemsTable-0-icon\"]"}
RESULT: {"using":"xpath","value":"//*[@id=\"__status4-__xmlview59--requestItemsTable-0-icon\"]"}
COMMAND: POST /session/56f047ff2d8b79b5fb882765d60ddf9f/element/f.918672ED9AB3AB03A4F724C7637EDD7B.d.3CDC3B3B92877AF0534DE83DDC7C70C8.e.9649/click - {}
RESULT: {}
COMMAND: POST /session/56f047ff2d8b79b5fb882765d60ddf9f/execute/async - {"script":"<script> [1562 bytes]","args":[{"selector":{"controlType":"sap.ui.core.Icon","viewName":"etm.portal.ui.managerequests.view.NewRequest","properties":{"src":{"regex":{"source":"slim\\-arrow\\-down"}}},"searchOpenDialogs":true,"ancestor":{"id":"costObjectAdminTypeComboBox","viewName":"etm.portal.ui.managerequests.view.NewRequest","searchOpenDialogs":true}},"wdio_ui5_key":"etmportal.ui.managerequests.view.NewRequestsap.ui.core.Icon{\"src\":{\"regex\":{\"source\":\"slim\\\\-arrow\\\\-down\"}}}{\"id\":\"costObjectAdminTypeComboBox\",\"viewName\":\"etm.portal.ui.managerequests.view.NewRequest\",\"searchOpenDialogs\":true}"}]}
COMMAND: GET /session/56f047ff2d8b79b5fb882765d60ddf9f/screenshot - {}
RESULT: {"script":"<script> [1562 bytes]","args":[{"selector":{"controlType":"sap.ui.core.Icon","viewName":"etm.portal.ui.managerequests.view.NewRequest","properties":{"src":{"regex":{"source":"slim\\-arrow\\-down"}}},"searchOpenDialogs":true,"ancestor":{"id":"costObjectAdminTypeComboBox","viewName":"etm.portal.ui.managerequests.view.NewRequest","searchOpenDialogs":true}},"wdio_ui5_key":"etmportal.ui.managerequests.view.NewRequestsap.ui.core.Icon{\"src\":{\"regex\":{\"source\":\"slim\\\\-arrow\\\\-down\"}}}{\"id\":\"costObjectAdminTypeComboBox\",\"viewName\":\"etm.portal.ui.managerequests.view.NewRequest\",\"searchOpenDialogs\":true}"}]}
RESULT: undefined
COMMAND: POST /session/56f047ff2d8b79b5fb882765d60ddf9f/element - {"using":"xpath","value":"//*[@id=\"__xmlview59--costObjectAdminTypeComboBox-arrow\"]"}
RESULT: {}
RESULT: {"using":"xpath","value":"//*[@id=\"__xmlview59--costObjectAdminTypeComboBox-arrow\"]"}
COMMAND: POST /session/56f047ff2d8b79b5fb882765d60ddf9f/element/f.918672ED9AB3AB03A4F724C7637EDD7B.d.3CDC3B3B92877AF0534DE83DDC7C70C8.e.9653/click - {}
RESULT: {}
COMMAND: POST /session/56f047ff2d8b79b5fb882765d60ddf9f/execute/async - {"script":"<script> [1562 bytes]","args":[{"selector":{"controlType":"sap.m.StandardListItem","viewName":"etm.portal.ui.managerequests.view.NewRequest","properties":{"title":"Cost Center"},"searchOpenDialogs":true,"interaction":{"idSuffix":"titleText"}},"wdio_ui5_key":"etmportal.ui.managerequests.view.NewRequestsap.m.StandardListItem{\"title\":\"Cost Center\"}"}]}
COMMAND: GET /session/56f047ff2d8b79b5fb882765d60ddf9f/screenshot - {}
RESULT: {"script":"<script> [1562 bytes]","args":[{"selector":{"controlType":"sap.m.StandardListItem","viewName":"etm.portal.ui.managerequests.view.NewRequest","properties":{"title":"Cost Center"},"searchOpenDialogs":true,"interaction":{"idSuffix":"titleText"}},"wdio_ui5_key":"etmportal.ui.managerequests.view.NewRequestsap.m.StandardListItem{\"title\":\"Cost Center\"}"}]}
RESULT: undefined
COMMAND: POST /session/56f047ff2d8b79b5fb882765d60ddf9f/element - {"using":"xpath","value":"//*[@id=\"__item528\"]"}
RESULT: {}
RESULT: {"using":"xpath","value":"//*[@id=\"__item528\"]"}
COMMAND: POST /session/56f047ff2d8b79b5fb882765d60ddf9f/element/f.918672ED9AB3AB03A4F724C7637EDD7B.d.3CDC3B3B92877AF0534DE83DDC7C70C8.e.9656/click - {}
RESULT: {}
COMMAND: GET /session/56f047ff2d8b79b5fb882765d60ddf9f/screenshot - {}
RESULT: {}
COMMAND: POST /session/56f047ff2d8b79b5fb882765d60ddf9f/execute/async - {"script":"<script> [1562 bytes]","args":[{"selector":{"controlType":"sap.ui.core.Icon","viewName":"etm.portal.ui.managerequests.view.NewRequest","properties":{"src":{"regex":{"source":"value\\-help"}}},"searchOpenDialogs":true},"wdio_ui5_key":"etmportal.ui.managerequests.view.NewRequestsap.ui.core.Icon{\"src\":{\"regex\":{\"source\":\"value\\\\-help\"}}}"}]}
RESULT: {"script":"<script> [1562 bytes]","args":[{"selector":{"controlType":"sap.ui.core.Icon","viewName":"etm.portal.ui.managerequests.view.NewRequest","properties":{"src":{"regex":{"source":"value\\-help"}}},"searchOpenDialogs":true},"wdio_ui5_key":"etmportal.ui.managerequests.view.NewRequestsap.ui.core.Icon{\"src\":{\"regex\":{\"source\":\"value\\\\-help\"}}}"}]}
RESULT: undefined
COMMAND: POST /session/56f047ff2d8b79b5fb882765d60ddf9f/element - {"using":"xpath","value":"//*[@id=\"__xmlview59--costObjectIdComboBox-vhi\"]"}
RESULT: {"using":"xpath","value":"//*[@id=\"__xmlview59--costObjectIdComboBox-vhi\"]"}
COMMAND: POST /session/56f047ff2d8b79b5fb882765d60ddf9f/element/f.918672ED9AB3AB03A4F724C7637EDD7B.d.3CDC3B3B92877AF0534DE83DDC7C70C8.e.9664/click - {}
RESULT: {}
COMMAND: POST /session/56f047ff2d8b79b5fb882765d60ddf9f/execute/async - {"script":"<script> [1562 bytes]","args":[{"selector":{"controlType":"sap.m.SearchField","properties":{"placeholder":"Search"},"searchOpenDialogs":true,"interaction":{"idSuffix":"I"}},"wdio_ui5_key":"sapm.SearchField{\"placeholder\":\"Search\"}"}]}
COMMAND: GET /session/56f047ff2d8b79b5fb882765d60ddf9f/screenshot - {}
RESULT: {"script":"<script> [1562 bytes]","args":[{"selector":{"controlType":"sap.m.SearchField","properties":{"placeholder":"Search"},"searchOpenDialogs":true,"interaction":{"idSuffix":"I"}},"wdio_ui5_key":"sapm.SearchField{\"placeholder\":\"Search\"}"}]}
RESULT: undefined
COMMAND: POST /session/56f047ff2d8b79b5fb882765d60ddf9f/execute/async - {"script":"<script> [776 bytes]","args":[{"enterText":"10001010","selector":{"controlType":"sap.m.SearchField","properties":{"placeholder":"Search"},"searchOpenDialogs":true,"interaction":{"idSuffix":"I"}},"clearTextFirst":true,"interactionType":"ENTER_TEXT"}]}
RESULT: {}
RESULT: {"script":"<script> [776 bytes]","args":[{"enterText":"10001010","selector":{"controlType":"sap.m.SearchField","properties":{"placeholder":"Search"},"searchOpenDialogs":true,"interaction":{"idSuffix":"I"}},"clearTextFirst":true,"interactionType":"ENTER_TEXT"}]}
COMMAND: POST /session/56f047ff2d8b79b5fb882765d60ddf9f/actions - {"actions":[{"id":"action70","type":"key","parameters":{},"actions":[{"type":"keyDown","value":"î€‡"},{"type":"pause","duration":10},{"type":"keyUp","value":"î€‡"}]}]}
RESULT: {"actions":[{"id":"action70","type":"key","parameters":{},"actions":[{"type":"keyDown","value":"î€‡"},{"type":"pause","duration":10},{"type":"keyUp","value":"î€‡"}]}]}
COMMAND: GET /session/56f047ff2d8b79b5fb882765d60ddf9f/screenshot - {}
RESULT: {}
COMMAND: POST /session/56f047ff2d8b79b5fb882765d60ddf9f/execute/async - {"script":"<script> [1562 bytes]","args":[{"selector":{"controlType":"sap.m.Text","bindingPath":{"path":"/C_CostCtrValueHelp(CostCenter='10001010',ControllingArea='Z001')","propertyPath":"CostCenterName","modelName":"CostCenterModel"},"searchOpenDialogs":true},"wdio_ui5_key":"sapm.Text{\"path\":\"/C_CostCtrValueHelp(CostCenter='10001010',ControllingArea='Z001')\",\"propertyPath\":\"CostCenterName\",\"modelName\":\"CostCenterModel\"}"}]}
RESULT: {"script":"<script> [1562 bytes]","args":[{"selector":{"controlType":"sap.m.Text","bindingPath":{"path":"/C_CostCtrValueHelp(CostCenter='10001010',ControllingArea='Z001')","propertyPath":"CostCenterName","modelName":"CostCenterModel"},"searchOpenDialogs":true},"wdio_ui5_key":"sapm.Text{\"path\":\"/C_CostCtrValueHelp(CostCenter='10001010',ControllingArea='Z001')\",\"propertyPath\":\"CostCenterName\",\"modelName\":\"CostCenterModel\"}"}]}
RESULT: undefined
COMMAND: POST /session/56f047ff2d8b79b5fb882765d60ddf9f/element - {"using":"xpath","value":"//*[@id=\"__text287-__clone674\"]"}
RESULT: {"using":"xpath","value":"//*[@id=\"__text287-__clone674\"]"}
COMMAND: POST /session/56f047ff2d8b79b5fb882765d60ddf9f/element/f.918672ED9AB3AB03A4F724C7637EDD7B.d.3CDC3B3B92877AF0534DE83DDC7C70C8.e.9704/click - {}
RESULT: {}
COMMAND: POST /session/56f047ff2d8b79b5fb882765d60ddf9f/execute/async - {"script":"<script> [1562 bytes]","args":[{"selector":{"controlType":"sap.m.Button","properties":{"text":"OK"},"searchOpenDialogs":true,"interaction":{"idSuffix":"BDI-content"}},"wdio_ui5_key":"sapm.Button{\"text\":\"OK\"}"}]}
COMMAND: GET /session/56f047ff2d8b79b5fb882765d60ddf9f/screenshot - {}
RESULT: {"script":"<script> [1562 bytes]","args":[{"selector":{"controlType":"sap.m.Button","properties":{"text":"OK"},"searchOpenDialogs":true,"interaction":{"idSuffix":"BDI-content"}},"wdio_ui5_key":"sapm.Button{\"text\":\"OK\"}"}]}
RESULT: undefined
COMMAND: POST /session/56f047ff2d8b79b5fb882765d60ddf9f/element - {"using":"xpath","value":"//*[@id=\"__dialog1-ok\"]"}
RESULT: {}
RESULT: {"using":"xpath","value":"//*[@id=\"__dialog1-ok\"]"}
COMMAND: POST /session/56f047ff2d8b79b5fb882765d60ddf9f/element/f.918672ED9AB3AB03A4F724C7637EDD7B.d.3CDC3B3B92877AF0534DE83DDC7C70C8.e.9706/click - {}
RESULT: {}
COMMAND: GET /session/56f047ff2d8b79b5fb882765d60ddf9f/screenshot - {}
RESULT: {}
COMMAND: POST /session/56f047ff2d8b79b5fb882765d60ddf9f/execute/async - {"script":"<script> [1562 bytes]","args":[{"selector":{"controlType":"sap.m.Button","viewName":"etm.portal.ui.managerequests.view.NewRequest","i18NText":{"propertyName":"text","key":"save"},"searchOpenDialogs":true,"interaction":{"idSuffix":"BDI-content"}},"wdio_ui5_key":"etmportal.ui.managerequests.view.NewRequestsap.m.Button{\"propertyName\":\"text\",\"key\":\"save\"}"}]}
RESULT: {"script":"<script> [1562 bytes]","args":[{"selector":{"controlType":"sap.m.Button","viewName":"etm.portal.ui.managerequests.view.NewRequest","i18NText":{"propertyName":"text","key":"save"},"searchOpenDialogs":true,"interaction":{"idSuffix":"BDI-content"}},"wdio_ui5_key":"etmportal.ui.managerequests.view.NewRequestsap.m.Button{\"propertyName\":\"text\",\"key\":\"save\"}"}]}
RESULT: undefined
COMMAND: POST /session/56f047ff2d8b79b5fb882765d60ddf9f/element - {"using":"xpath","value":"//*[@id=\"__button22\"]"}
RESULT: {"using":"xpath","value":"//*[@id=\"__button22\"]"}
COMMAND: POST /session/56f047ff2d8b79b5fb882765d60ddf9f/element/f.918672ED9AB3AB03A4F724C7637EDD7B.d.3CDC3B3B92877AF0534DE83DDC7C70C8.e.9710/click - {}
RESULT: {}
COMMAND: GET /session/56f047ff2d8b79b5fb882765d60ddf9f/screenshot - {}
RESULT: {}
COMMAND: POST /session/56f047ff2d8b79b5fb882765d60ddf9f/element - {"using":"xpath","value":"(//bdi[contains(text() ,\"Save\")])[1]"}
RESULT: {"using":"xpath","value":"(//bdi[contains(text() ,\"Save\")])[1]"}
COMMAND: POST /session/56f047ff2d8b79b5fb882765d60ddf9f/element/f.918672ED9AB3AB03A4F724C7637EDD7B.d.3CDC3B3B92877AF0534DE83DDC7C70C8.e.9712/click - {}
RESULT: {}
COMMAND: GET /session/56f047ff2d8b79b5fb882765d60ddf9f/screenshot - {}
RESULT: {}
COMMAND: POST /session/56f047ff2d8b79b5fb882765d60ddf9f/execute/async - {"script":"<script> [1562 bytes]","args":[{"selector":{"controlType":"sap.m.Title","properties":{"text":"Success"},"searchOpenDialogs":true},"wdio_ui5_key":"sapm.Title{\"text\":\"Success\"}"}]}
RESULT: {"script":"<script> [1562 bytes]","args":[{"selector":{"controlType":"sap.m.Title","properties":{"text":"Success"},"searchOpenDialogs":true},"wdio_ui5_key":"sapm.Title{\"text\":\"Success\"}"}]}
RESULT: undefined
COMMAND: POST /session/56f047ff2d8b79b5fb882765d60ddf9f/execute/async - {"script":"<script> [6424 bytes]","args":[{"element-6066-11e4-a52e-4f735466cecf":"f.918672ED9AB3AB03A4F724C7637EDD7B.d.3CDC3B3B92877AF0534DE83DDC7C70C8.e.9716"},"getText",[]]}
RESULT: {"script":"<script> [6424 bytes]","args":[{"element-6066-11e4-a52e-4f735466cecf":"f.918672ED9AB3AB03A4F724C7637EDD7B.d.3CDC3B3B92877AF0534DE83DDC7C70C8.e.9716"},"getText",[]]}
COMMAND: POST /session/56f047ff2d8b79b5fb882765d60ddf9f/execute/async - {"script":"<script> [1562 bytes]","args":[{"selector":{"controlType":"sap.m.Button","properties":{"text":"Close"},"searchOpenDialogs":true,"interaction":{"idSuffix":"BDI-content"}},"wdio_ui5_key":"sapm.Button{\"text\":\"Close\"}"}]}
RESULT: {"script":"<script> [1562 bytes]","args":[{"selector":{"controlType":"sap.m.Button","properties":{"text":"Close"},"searchOpenDialogs":true,"interaction":{"idSuffix":"BDI-content"}},"wdio_ui5_key":"sapm.Button{\"text\":\"Close\"}"}]}
RESULT: undefined
COMMAND: POST /session/56f047ff2d8b79b5fb882765d60ddf9f/element - {"using":"xpath","value":"//*[@id=\"__mbox-btn-0\"]"}
RESULT: {"using":"xpath","value":"//*[@id=\"__mbox-btn-0\"]"}
COMMAND: POST /session/56f047ff2d8b79b5fb882765d60ddf9f/element/f.918672ED9AB3AB03A4F724C7637EDD7B.d.3CDC3B3B92877AF0534DE83DDC7C70C8.e.9715/click - {}
RESULT: {}
COMMAND: GET /session/56f047ff2d8b79b5fb882765d60ddf9f/screenshot - {}
RESULT: {}
]]></system-out>
    </testcase>
    <testcase classname="chrome.136_0_7103_49.windows.Reserve/Unreserve_request_item_via_reserve_option_US139161" name="Should navigate to planning board and reserve the resource" time="101.182">
      <system-out><![CDATA[
COMMAND: POST /session/56f047ff2d8b79b5fb882765d60ddf9f/execute/async - {"script":"<script> [1562 bytes]","args":[{"selector":{"controlType":"sap.m.Button","viewName":"etm.portal.ui.managerequests.view.Detail","i18NText":{"propertyName":"text","key":"planningSituation"},"interaction":{"idSuffix":"BDI-content"}},"wdio_ui5_key":"etmportal.ui.managerequests.view.Detailsap.m.Button{\"propertyName\":\"text\",\"key\":\"planningSituation\"}"}]}
RESULT: {"script":"<script> [1562 bytes]","args":[{"selector":{"controlType":"sap.m.Button","viewName":"etm.portal.ui.managerequests.view.Detail","i18NText":{"propertyName":"text","key":"planningSituation"},"interaction":{"idSuffix":"BDI-content"}},"wdio_ui5_key":"etmportal.ui.managerequests.view.Detailsap.m.Button{\"propertyName\":\"text\",\"key\":\"planningSituation\"}"}]}
RESULT: undefined
COMMAND: POST /session/56f047ff2d8b79b5fb882765d60ddf9f/element - {"using":"xpath","value":"//*[@id=\"__button25\"]"}
RESULT: {"using":"xpath","value":"//*[@id=\"__button25\"]"}
COMMAND: POST /session/56f047ff2d8b79b5fb882765d60ddf9f/element/f.918672ED9AB3AB03A4F724C7637EDD7B.d.3CDC3B3B92877AF0534DE83DDC7C70C8.e.9743/click - {}
RESULT: {}
COMMAND: GET /session/56f047ff2d8b79b5fb882765d60ddf9f/screenshot - {}
RESULT: {}
COMMAND: POST /session/56f047ff2d8b79b5fb882765d60ddf9f/element - {"using":"xpath","value":"(//span[contains(@title ,\"WebdriverYardg9f4e\")])[1]"}
RESULT: {"using":"xpath","value":"(//span[contains(@title ,\"WebdriverYardg9f4e\")])[1]"}
COMMAND: POST /session/56f047ff2d8b79b5fb882765d60ddf9f/elements - {"using":"xpath","value":"(//span[contains(@title ,\"WebdriverYardg9f4e\")])[1]"}
RESULT: {"using":"xpath","value":"(//span[contains(@title ,\"WebdriverYardg9f4e\")])[1]"}
COMMAND: POST /session/56f047ff2d8b79b5fb882765d60ddf9f/elements - {"using":"xpath","value":"(//span[contains(@title ,\"WebdriverYardg9f4e\")])[1]"}
RESULT: {"using":"xpath","value":"(//span[contains(@title ,\"WebdriverYardg9f4e\")])[1]"}
COMMAND: POST /session/56f047ff2d8b79b5fb882765d60ddf9f/elements - {"using":"xpath","value":"(//span[contains(@title ,\"WebdriverYardg9f4e\")])[1]"}
RESULT: {"using":"xpath","value":"(//span[contains(@title ,\"WebdriverYardg9f4e\")])[1]"}
COMMAND: POST /session/56f047ff2d8b79b5fb882765d60ddf9f/elements - {"using":"xpath","value":"(//span[contains(@title ,\"WebdriverYardg9f4e\")])[1]"}
RESULT: {"using":"xpath","value":"(//span[contains(@title ,\"WebdriverYardg9f4e\")])[1]"}
COMMAND: POST /session/56f047ff2d8b79b5fb882765d60ddf9f/elements - {"using":"xpath","value":"(//span[contains(@title ,\"WebdriverYardg9f4e\")])[1]"}
RESULT: {"using":"xpath","value":"(//span[contains(@title ,\"WebdriverYardg9f4e\")])[1]"}
COMMAND: POST /session/56f047ff2d8b79b5fb882765d60ddf9f/elements - {"using":"xpath","value":"(//span[contains(@title ,\"WebdriverYardg9f4e\")])[1]"}
RESULT: {"using":"xpath","value":"(//span[contains(@title ,\"WebdriverYardg9f4e\")])[1]"}
COMMAND: POST /session/56f047ff2d8b79b5fb882765d60ddf9f/elements - {"using":"xpath","value":"(//span[contains(@title ,\"WebdriverYardg9f4e\")])[1]"}
RESULT: {"using":"xpath","value":"(//span[contains(@title ,\"WebdriverYardg9f4e\")])[1]"}
COMMAND: POST /session/56f047ff2d8b79b5fb882765d60ddf9f/elements - {"using":"xpath","value":"(//span[contains(@title ,\"WebdriverYardg9f4e\")])[1]"}
RESULT: {"using":"xpath","value":"(//span[contains(@title ,\"WebdriverYardg9f4e\")])[1]"}
COMMAND: POST /session/56f047ff2d8b79b5fb882765d60ddf9f/elements - {"using":"xpath","value":"(//span[contains(@title ,\"WebdriverYardg9f4e\")])[1]"}
RESULT: {"using":"xpath","value":"(//span[contains(@title ,\"WebdriverYardg9f4e\")])[1]"}
COMMAND: POST /session/56f047ff2d8b79b5fb882765d60ddf9f/elements - {"using":"xpath","value":"(//span[contains(@title ,\"WebdriverYardg9f4e\")])[1]"}
RESULT: {"using":"xpath","value":"(//span[contains(@title ,\"WebdriverYardg9f4e\")])[1]"}
COMMAND: POST /session/56f047ff2d8b79b5fb882765d60ddf9f/elements - {"using":"xpath","value":"(//span[contains(@title ,\"WebdriverYardg9f4e\")])[1]"}
RESULT: {"using":"xpath","value":"(//span[contains(@title ,\"WebdriverYardg9f4e\")])[1]"}
COMMAND: POST /session/56f047ff2d8b79b5fb882765d60ddf9f/elements - {"using":"xpath","value":"(//span[contains(@title ,\"WebdriverYardg9f4e\")])[1]"}
RESULT: {"using":"xpath","value":"(//span[contains(@title ,\"WebdriverYardg9f4e\")])[1]"}
COMMAND: POST /session/56f047ff2d8b79b5fb882765d60ddf9f/elements - {"using":"xpath","value":"(//span[contains(@title ,\"WebdriverYardg9f4e\")])[1]"}
RESULT: {"using":"xpath","value":"(//span[contains(@title ,\"WebdriverYardg9f4e\")])[1]"}
COMMAND: POST /session/56f047ff2d8b79b5fb882765d60ddf9f/elements - {"using":"xpath","value":"(//span[contains(@title ,\"WebdriverYardg9f4e\")])[1]"}
RESULT: {"using":"xpath","value":"(//span[contains(@title ,\"WebdriverYardg9f4e\")])[1]"}
COMMAND: POST /session/56f047ff2d8b79b5fb882765d60ddf9f/elements - {"using":"xpath","value":"(//span[contains(@title ,\"WebdriverYardg9f4e\")])[1]"}
RESULT: {"using":"xpath","value":"(//span[contains(@title ,\"WebdriverYardg9f4e\")])[1]"}
COMMAND: POST /session/56f047ff2d8b79b5fb882765d60ddf9f/elements - {"using":"xpath","value":"(//span[contains(@title ,\"WebdriverYardg9f4e\")])[1]"}
RESULT: {"using":"xpath","value":"(//span[contains(@title ,\"WebdriverYardg9f4e\")])[1]"}
COMMAND: POST /session/56f047ff2d8b79b5fb882765d60ddf9f/elements - {"using":"xpath","value":"(//span[contains(@title ,\"WebdriverYardg9f4e\")])[1]"}
RESULT: {"using":"xpath","value":"(//span[contains(@title ,\"WebdriverYardg9f4e\")])[1]"}
COMMAND: POST /session/56f047ff2d8b79b5fb882765d60ddf9f/elements - {"using":"xpath","value":"(//span[contains(@title ,\"WebdriverYardg9f4e\")])[1]"}
RESULT: {"using":"xpath","value":"(//span[contains(@title ,\"WebdriverYardg9f4e\")])[1]"}
COMMAND: POST /session/56f047ff2d8b79b5fb882765d60ddf9f/elements - {"using":"xpath","value":"(//span[contains(@title ,\"WebdriverYardg9f4e\")])[1]"}
RESULT: {"using":"xpath","value":"(//span[contains(@title ,\"WebdriverYardg9f4e\")])[1]"}
COMMAND: POST /session/56f047ff2d8b79b5fb882765d60ddf9f/elements - {"using":"xpath","value":"(//span[contains(@title ,\"WebdriverYardg9f4e\")])[1]"}
RESULT: {"using":"xpath","value":"(//span[contains(@title ,\"WebdriverYardg9f4e\")])[1]"}
COMMAND: POST /session/56f047ff2d8b79b5fb882765d60ddf9f/elements - {"using":"xpath","value":"(//span[contains(@title ,\"WebdriverYardg9f4e\")])[1]"}
RESULT: {"using":"xpath","value":"(//span[contains(@title ,\"WebdriverYardg9f4e\")])[1]"}
COMMAND: POST /session/56f047ff2d8b79b5fb882765d60ddf9f/elements - {"using":"xpath","value":"(//span[contains(@title ,\"WebdriverYardg9f4e\")])[1]"}
RESULT: {"using":"xpath","value":"(//span[contains(@title ,\"WebdriverYardg9f4e\")])[1]"}
COMMAND: POST /session/56f047ff2d8b79b5fb882765d60ddf9f/elements - {"using":"xpath","value":"(//span[contains(@title ,\"WebdriverYardg9f4e\")])[1]"}
RESULT: {"using":"xpath","value":"(//span[contains(@title ,\"WebdriverYardg9f4e\")])[1]"}
COMMAND: POST /session/56f047ff2d8b79b5fb882765d60ddf9f/elements - {"using":"xpath","value":"(//span[contains(@title ,\"WebdriverYardg9f4e\")])[1]"}
RESULT: {"using":"xpath","value":"(//span[contains(@title ,\"WebdriverYardg9f4e\")])[1]"}
COMMAND: POST /session/56f047ff2d8b79b5fb882765d60ddf9f/elements - {"using":"xpath","value":"(//span[contains(@title ,\"WebdriverYardg9f4e\")])[1]"}
RESULT: {"using":"xpath","value":"(//span[contains(@title ,\"WebdriverYardg9f4e\")])[1]"}
COMMAND: POST /session/56f047ff2d8b79b5fb882765d60ddf9f/elements - {"using":"xpath","value":"(//span[contains(@title ,\"WebdriverYardg9f4e\")])[1]"}
RESULT: {"using":"xpath","value":"(//span[contains(@title ,\"WebdriverYardg9f4e\")])[1]"}
COMMAND: POST /session/56f047ff2d8b79b5fb882765d60ddf9f/elements - {"using":"xpath","value":"(//span[contains(@title ,\"WebdriverYardg9f4e\")])[1]"}
RESULT: {"using":"xpath","value":"(//span[contains(@title ,\"WebdriverYardg9f4e\")])[1]"}
COMMAND: POST /session/56f047ff2d8b79b5fb882765d60ddf9f/elements - {"using":"xpath","value":"(//span[contains(@title ,\"WebdriverYardg9f4e\")])[1]"}
RESULT: {"using":"xpath","value":"(//span[contains(@title ,\"WebdriverYardg9f4e\")])[1]"}
COMMAND: POST /session/56f047ff2d8b79b5fb882765d60ddf9f/elements - {"using":"xpath","value":"(//span[contains(@title ,\"WebdriverYardg9f4e\")])[1]"}
RESULT: {"using":"xpath","value":"(//span[contains(@title ,\"WebdriverYardg9f4e\")])[1]"}
COMMAND: POST /session/56f047ff2d8b79b5fb882765d60ddf9f/elements - {"using":"xpath","value":"(//span[contains(@title ,\"WebdriverYardg9f4e\")])[1]"}
RESULT: {"using":"xpath","value":"(//span[contains(@title ,\"WebdriverYardg9f4e\")])[1]"}
COMMAND: POST /session/56f047ff2d8b79b5fb882765d60ddf9f/elements - {"using":"xpath","value":"(//span[contains(@title ,\"WebdriverYardg9f4e\")])[1]"}
RESULT: {"using":"xpath","value":"(//span[contains(@title ,\"WebdriverYardg9f4e\")])[1]"}
COMMAND: POST /session/56f047ff2d8b79b5fb882765d60ddf9f/elements - {"using":"xpath","value":"(//span[contains(@title ,\"WebdriverYardg9f4e\")])[1]"}
RESULT: {"using":"xpath","value":"(//span[contains(@title ,\"WebdriverYardg9f4e\")])[1]"}
COMMAND: POST /session/56f047ff2d8b79b5fb882765d60ddf9f/elements - {"using":"xpath","value":"(//span[contains(@title ,\"WebdriverYardg9f4e\")])[1]"}
RESULT: {"using":"xpath","value":"(//span[contains(@title ,\"WebdriverYardg9f4e\")])[1]"}
COMMAND: POST /session/56f047ff2d8b79b5fb882765d60ddf9f/elements - {"using":"xpath","value":"(//span[contains(@title ,\"WebdriverYardg9f4e\")])[1]"}
RESULT: {"using":"xpath","value":"(//span[contains(@title ,\"WebdriverYardg9f4e\")])[1]"}
COMMAND: POST /session/56f047ff2d8b79b5fb882765d60ddf9f/element - {"using":"xpath","value":"(//span[contains(@title ,\"WebdriverYardg9f4e\")])[1]"}
RESULT: {"using":"xpath","value":"(//span[contains(@title ,\"WebdriverYardg9f4e\")])[1]"}
COMMAND: POST /session/56f047ff2d8b79b5fb882765d60ddf9f/execute/sync - {"script":"<script> [8489 bytes]","args":[{"element-6066-11e4-a52e-4f735466cecf":"f.918672ED9AB3AB03A4F724C7637EDD7B.d.3CDC3B3B92877AF0534DE83DDC7C70C8.e.10143","ELEMENT":"f.918672ED9AB3AB03A4F724C7637EDD7B.d.3CDC3B3B92877AF0534DE83DDC7C70C8.e.10143"}]}
RESULT: {"script":"<script> [8489 bytes]","args":[{"element-6066-11e4-a52e-4f735466cecf":"f.918672ED9AB3AB03A4F724C7637EDD7B.d.3CDC3B3B92877AF0534DE83DDC7C70C8.e.10143","ELEMENT":"f.918672ED9AB3AB03A4F724C7637EDD7B.d.3CDC3B3B92877AF0534DE83DDC7C70C8.e.10143"}]}
COMMAND: POST /session/56f047ff2d8b79b5fb882765d60ddf9f/element - {"using":"xpath","value":"(//span[contains(@title ,\"WebdriverYardg9f4e\")])[1]"}
COMMAND: GET /session/56f047ff2d8b79b5fb882765d60ddf9f/screenshot - {}
RESULT: {"using":"xpath","value":"(//span[contains(@title ,\"WebdriverYardg9f4e\")])[1]"}
COMMAND: POST /session/56f047ff2d8b79b5fb882765d60ddf9f/actions - {"actions":[{"id":"action71","type":"pointer","parameters":{"pointerType":"mouse"},"actions":[{"type":"pointerMove","button":0,"width":0,"height":0,"pressure":0,"tangentialPressure":0,"tiltX":0,"tiltY":0,"twist":0,"altitudeAngle":0,"_":"5 more keys: [\"azimuthAngle\",\"x\",\"y\",\"duration\",\"origin\"]"},{"type":"pointerDown","button":2,"width":0,"height":0,"pressure":0,"tangentialPressure":0,"tiltX":0,"tiltY":0,"twist":0,"altitudeAngle":0,"_":"1 more keys: [\"azimuthAngle\"]"},{"type":"pointerUp","button":2}]}]}
RESULT: {}
RESULT: {"actions":[{"id":"action71","type":"pointer","parameters":{"pointerType":"mouse"},"actions":[{"type":"pointerMove","button":0,"width":0,"height":0,"pressure":0,"tangentialPressure":0,"tiltX":0,"tiltY":0,"twist":0,"altitudeAngle":0,"_":"5 more keys: [\"azimuthAngle\",\"x\",\"y\",\"duration\",\"origin\"]"},{"type":"pointerDown","button":2,"width":0,"height":0,"pressure":0,"tangentialPressure":0,"tiltX":0,"tiltY":0,"twist":0,"altitudeAngle":0,"_":"1 more keys: [\"azimuthAngle\"]"},{"type":"pointerUp","button":2}]}]}
COMMAND: DELETE /session/56f047ff2d8b79b5fb882765d60ddf9f/actions - {}
COMMAND: GET /session/56f047ff2d8b79b5fb882765d60ddf9f/screenshot - {}
RESULT: {}
COMMAND: GET /session/56f047ff2d8b79b5fb882765d60ddf9f/screenshot - {}
RESULT: {}
RESULT: {}
COMMAND: POST /session/56f047ff2d8b79b5fb882765d60ddf9f/actions - {"actions":[{"id":"action72","type":"key","parameters":{},"actions":[{"type":"keyDown","value":"î€•"},{"type":"pause","duration":10},{"type":"keyUp","value":"î€•"}]}]}
RESULT: {"actions":[{"id":"action72","type":"key","parameters":{},"actions":[{"type":"keyDown","value":"î€•"},{"type":"pause","duration":10},{"type":"keyUp","value":"î€•"}]}]}
COMMAND: GET /session/56f047ff2d8b79b5fb882765d60ddf9f/screenshot - {}
RESULT: {}
COMMAND: POST /session/56f047ff2d8b79b5fb882765d60ddf9f/actions - {"actions":[{"id":"action73","type":"key","parameters":{},"actions":[{"type":"keyDown","value":"î€‡"},{"type":"pause","duration":10},{"type":"keyUp","value":"î€‡"}]}]}
RESULT: {"actions":[{"id":"action73","type":"key","parameters":{},"actions":[{"type":"keyDown","value":"î€‡"},{"type":"pause","duration":10},{"type":"keyUp","value":"î€‡"}]}]}
COMMAND: GET /session/56f047ff2d8b79b5fb882765d60ddf9f/screenshot - {}
RESULT: {}
COMMAND: POST /session/56f047ff2d8b79b5fb882765d60ddf9f/execute/async - {"script":"<script> [1562 bytes]","args":[{"selector":{"id":"application-planningboard-display-component---pB_RequestHeader--RUreservationComment","searchOpenDialogs":true,"interaction":{"idSuffix":"inner"}},"wdio_ui5_key":"applicationplanningboard-display-component---pB_RequestHeader--RUreservationComment"}]}
RESULT: {"script":"<script> [1562 bytes]","args":[{"selector":{"id":"application-planningboard-display-component---pB_RequestHeader--RUreservationComment","searchOpenDialogs":true,"interaction":{"idSuffix":"inner"}},"wdio_ui5_key":"applicationplanningboard-display-component---pB_RequestHeader--RUreservationComment"}]}
RESULT: undefined
COMMAND: POST /session/56f047ff2d8b79b5fb882765d60ddf9f/execute/async - {"script":"<script> [776 bytes]","args":[{"enterText":"WdIORes1ee9b","selector":{"id":"application-planningboard-display-component---pB_RequestHeader--RUreservationComment","searchOpenDialogs":true,"interaction":{"idSuffix":"inner"}},"clearTextFirst":true,"interactionType":"ENTER_TEXT"}]}
RESULT: {"script":"<script> [776 bytes]","args":[{"enterText":"WdIORes1ee9b","selector":{"id":"application-planningboard-display-component---pB_RequestHeader--RUreservationComment","searchOpenDialogs":true,"interaction":{"idSuffix":"inner"}},"clearTextFirst":true,"interactionType":"ENTER_TEXT"}]}
COMMAND: POST /session/56f047ff2d8b79b5fb882765d60ddf9f/execute/async - {"script":"<script> [1562 bytes]","args":[{"selector":{"controlType":"sap.m.Button","viewName":"etm.portal.ui.planningboard.view.detail.RequestHeader","viewId":"application-planningboard-display-component---pB_RequestHeader","properties":{"text":"Ok"},"searchOpenDialogs":true,"interaction":{"idSuffix":"BDI-content"}},"wdio_ui5_key":"etmportal.ui.planningboard.view.detail.RequestHeadersap.m.Button{\"text\":\"Ok\"}"}]}
RESULT: {"script":"<script> [1562 bytes]","args":[{"selector":{"controlType":"sap.m.Button","viewName":"etm.portal.ui.planningboard.view.detail.RequestHeader","viewId":"application-planningboard-display-component---pB_RequestHeader","properties":{"text":"Ok"},"searchOpenDialogs":true,"interaction":{"idSuffix":"BDI-content"}},"wdio_ui5_key":"etmportal.ui.planningboard.view.detail.RequestHeadersap.m.Button{\"text\":\"Ok\"}"}]}
RESULT: undefined
COMMAND: POST /session/56f047ff2d8b79b5fb882765d60ddf9f/element - {"using":"xpath","value":"//*[@id=\"__button188\"]"}
RESULT: {"using":"xpath","value":"//*[@id=\"__button188\"]"}
COMMAND: POST /session/56f047ff2d8b79b5fb882765d60ddf9f/element/f.918672ED9AB3AB03A4F724C7637EDD7B.d.3CDC3B3B92877AF0534DE83DDC7C70C8.e.10158/click - {}
RESULT: {}
COMMAND: GET /session/56f047ff2d8b79b5fb882765d60ddf9f/screenshot - {}
RESULT: {}
COMMAND: POST /session/56f047ff2d8b79b5fb882765d60ddf9f/element - {"using":"xpath","value":"//span[contains(@title ,\"WebdriverYardg9f4e\")]"}
RESULT: {"using":"xpath","value":"//span[contains(@title ,\"WebdriverYardg9f4e\")]"}
COMMAND: POST /session/56f047ff2d8b79b5fb882765d60ddf9f/actions - {"actions":[{"id":"action74","type":"pointer","parameters":{"pointerType":"mouse"},"actions":[{"type":"pointerMove","button":0,"width":0,"height":0,"pressure":0,"tangentialPressure":0,"tiltX":0,"tiltY":0,"twist":0,"altitudeAngle":0,"_":"5 more keys: [\"azimuthAngle\",\"x\",\"y\",\"duration\",\"origin\"]"},{"type":"pointerDown","button":2,"width":0,"height":0,"pressure":0,"tangentialPressure":0,"tiltX":0,"tiltY":0,"twist":0,"altitudeAngle":0,"_":"1 more keys: [\"azimuthAngle\"]"},{"type":"pointerUp","button":2}]}]}
RESULT: {"actions":[{"id":"action74","type":"pointer","parameters":{"pointerType":"mouse"},"actions":[{"type":"pointerMove","button":0,"width":0,"height":0,"pressure":0,"tangentialPressure":0,"tiltX":0,"tiltY":0,"twist":0,"altitudeAngle":0,"_":"5 more keys: [\"azimuthAngle\",\"x\",\"y\",\"duration\",\"origin\"]"},{"type":"pointerDown","button":2,"width":0,"height":0,"pressure":0,"tangentialPressure":0,"tiltX":0,"tiltY":0,"twist":0,"altitudeAngle":0,"_":"1 more keys: [\"azimuthAngle\"]"},{"type":"pointerUp","button":2}]}]}
COMMAND: DELETE /session/56f047ff2d8b79b5fb882765d60ddf9f/actions - {}
COMMAND: GET /session/56f047ff2d8b79b5fb882765d60ddf9f/screenshot - {}
RESULT: {}
COMMAND: GET /session/56f047ff2d8b79b5fb882765d60ddf9f/screenshot - {}
RESULT: {}
RESULT: {}
COMMAND: POST /session/56f047ff2d8b79b5fb882765d60ddf9f/actions - {"actions":[{"id":"action75","type":"key","parameters":{},"actions":[{"type":"keyDown","value":"î€•"},{"type":"pause","duration":10},{"type":"keyUp","value":"î€•"}]}]}
RESULT: {"actions":[{"id":"action75","type":"key","parameters":{},"actions":[{"type":"keyDown","value":"î€•"},{"type":"pause","duration":10},{"type":"keyUp","value":"î€•"}]}]}
COMMAND: GET /session/56f047ff2d8b79b5fb882765d60ddf9f/screenshot - {}
RESULT: {}
COMMAND: POST /session/56f047ff2d8b79b5fb882765d60ddf9f/actions - {"actions":[{"id":"action76","type":"key","parameters":{},"actions":[{"type":"keyDown","value":"î€‡"},{"type":"pause","duration":10},{"type":"keyUp","value":"î€‡"}]}]}
RESULT: {"actions":[{"id":"action76","type":"key","parameters":{},"actions":[{"type":"keyDown","value":"î€‡"},{"type":"pause","duration":10},{"type":"keyUp","value":"î€‡"}]}]}
COMMAND: GET /session/56f047ff2d8b79b5fb882765d60ddf9f/screenshot - {}
RESULT: {}
RESULT: undefined
COMMAND: POST /session/56f047ff2d8b79b5fb882765d60ddf9f/execute/async - {"script":"<script> [776 bytes]","args":[{"enterText":"WdIORes2nilyg","selector":{"id":"application-planningboard-display-component---pB_RequestHeader--RUreservationComment","searchOpenDialogs":true,"interaction":{"idSuffix":"inner"}},"clearTextFirst":true,"interactionType":"ENTER_TEXT"}]}
RESULT: {"script":"<script> [776 bytes]","args":[{"enterText":"WdIORes2nilyg","selector":{"id":"application-planningboard-display-component---pB_RequestHeader--RUreservationComment","searchOpenDialogs":true,"interaction":{"idSuffix":"inner"}},"clearTextFirst":true,"interactionType":"ENTER_TEXT"}]}
RESULT: undefined
COMMAND: POST /session/56f047ff2d8b79b5fb882765d60ddf9f/element - {"using":"xpath","value":"//*[@id=\"__button188\"]"}
RESULT: {"using":"xpath","value":"//*[@id=\"__button188\"]"}
COMMAND: POST /session/56f047ff2d8b79b5fb882765d60ddf9f/element/f.918672ED9AB3AB03A4F724C7637EDD7B.d.3CDC3B3B92877AF0534DE83DDC7C70C8.e.10235/click - {}
RESULT: {}
COMMAND: GET /session/56f047ff2d8b79b5fb882765d60ddf9f/screenshot - {}
RESULT: {}
COMMAND: POST /session/56f047ff2d8b79b5fb882765d60ddf9f/execute/async - {"script":"<script> [1562 bytes]","args":[{"selector":{"controlType":"sap.m.Button","viewName":"etm.portal.ui.planningboard.view.detail.RequestHeader","viewId":"application-planningboard-display-component---pB_RequestHeader","i18NText":{"propertyName":"text","key":"close"},"ancestor":{"id":"application-planningboard-display-component---pB_RequestHeader--requestItemDetails"},"interaction":{"idSuffix":"BDI-content"}},"wdio_ui5_key":"etmportal.ui.planningboard.view.detail.RequestHeadersap.m.Button{\"propertyName\":\"text\",\"key\":\"close\"}{\"id\":\"application-planningboard-display-component---pB_RequestHeader--requestItemDetails\"}"}]}
RESULT: {"script":"<script> [1562 bytes]","args":[{"selector":{"controlType":"sap.m.Button","viewName":"etm.portal.ui.planningboard.view.detail.RequestHeader","viewId":"application-planningboard-display-component---pB_RequestHeader","i18NText":{"propertyName":"text","key":"close"},"ancestor":{"id":"application-planningboard-display-component---pB_RequestHeader--requestItemDetails"},"interaction":{"idSuffix":"BDI-content"}},"wdio_ui5_key":"etmportal.ui.planningboard.view.detail.RequestHeadersap.m.Button{\"propertyName\":\"text\",\"key\":\"close\"}{\"id\":\"application-planningboard-display-component---pB_RequestHeader--requestItemDetails\"}"}]}
RESULT: undefined
COMMAND: POST /session/56f047ff2d8b79b5fb882765d60ddf9f/element - {"using":"xpath","value":"//*[@id=\"__button64\"]"}
RESULT: {"using":"xpath","value":"//*[@id=\"__button64\"]"}
COMMAND: POST /session/56f047ff2d8b79b5fb882765d60ddf9f/element/f.918672ED9AB3AB03A4F724C7637EDD7B.d.3CDC3B3B92877AF0534DE83DDC7C70C8.e.10025/click - {}
RESULT: {}
COMMAND: GET /session/56f047ff2d8b79b5fb882765d60ddf9f/screenshot - {}
COMMAND: POST /session/56f047ff2d8b79b5fb882765d60ddf9f/execute/async - {"script":"<script> [1562 bytes]","args":[{"selector":{"id":"application-planningboard-display-component---pB_Master--selectView","interaction":{"idSuffix":"arrow"}},"wdio_ui5_key":"applicationplanningboard-display-component---pB_Master--selectView"}]}
RESULT: {}
RESULT: {"script":"<script> [1562 bytes]","args":[{"selector":{"id":"application-planningboard-display-component---pB_Master--selectView","interaction":{"idSuffix":"arrow"}},"wdio_ui5_key":"applicationplanningboard-display-component---pB_Master--selectView"}]}
RESULT: undefined
COMMAND: POST /session/56f047ff2d8b79b5fb882765d60ddf9f/element - {"using":"xpath","value":"//*[@id=\"application-planningboard-display-component---pB_Master--selectView\"]"}
RESULT: {"using":"xpath","value":"//*[@id=\"application-planningboard-display-component---pB_Master--selectView\"]"}
COMMAND: POST /session/56f047ff2d8b79b5fb882765d60ddf9f/element/f.918672ED9AB3AB03A4F724C7637EDD7B.d.3CDC3B3B92877AF0534DE83DDC7C70C8.e.10556/click - {}
RESULT: {}
COMMAND: GET /session/56f047ff2d8b79b5fb882765d60ddf9f/screenshot - {}
RESULT: {}
COMMAND: POST /session/56f047ff2d8b79b5fb882765d60ddf9f/execute/async - {"script":"<script> [1562 bytes]","args":[{"selector":{"controlType":"sap.ui.core.Item","viewName":"etm.portal.ui.planningboard.view.Master","viewId":"application-planningboard-display-component---pB_Master","i18NText":{"propertyName":"text","key":"manageReservations"},"searchOpenDialogs":true},"wdio_ui5_key":"etmportal.ui.planningboard.view.Mastersap.ui.core.Item{\"propertyName\":\"text\",\"key\":\"manageReservations\"}"}]}
RESULT: {"script":"<script> [1562 bytes]","args":[{"selector":{"controlType":"sap.ui.core.Item","viewName":"etm.portal.ui.planningboard.view.Master","viewId":"application-planningboard-display-component---pB_Master","i18NText":{"propertyName":"text","key":"manageReservations"},"searchOpenDialogs":true},"wdio_ui5_key":"etmportal.ui.planningboard.view.Mastersap.ui.core.Item{\"propertyName\":\"text\",\"key\":\"manageReservations\"}"}]}
RESULT: undefined
COMMAND: POST /session/56f047ff2d8b79b5fb882765d60ddf9f/element - {"using":"xpath","value":"//*[@id=\"__item572\"]"}
RESULT: {"using":"xpath","value":"//*[@id=\"__item572\"]"}
COMMAND: POST /session/56f047ff2d8b79b5fb882765d60ddf9f/element/f.918672ED9AB3AB03A4F724C7637EDD7B.d.3CDC3B3B92877AF0534DE83DDC7C70C8.e.10557/click - {}
RESULT: {}
COMMAND: GET /session/56f047ff2d8b79b5fb882765d60ddf9f/screenshot - {}
RESULT: {}
COMMAND: POST /session/56f047ff2d8b79b5fb882765d60ddf9f/element - {"using":"xpath","value":"//span[contains(@id ,\"clone\")][contains(text(), \"WdIORes1ee9b\")]"}
RESULT: {"using":"xpath","value":"//span[contains(@id ,\"clone\")][contains(text(), \"WdIORes1ee9b\")]"}
COMMAND: GET /session/56f047ff2d8b79b5fb882765d60ddf9f/element/f.918672ED9AB3AB03A4F724C7637EDD7B.d.3CDC3B3B92877AF0534DE83DDC7C70C8.e.10573/text - {}
RESULT: {}
COMMAND: POST /session/56f047ff2d8b79b5fb882765d60ddf9f/element - {"using":"xpath","value":"//span[contains(@id ,\"clone\")][contains(text(), \"WdIORes2nilyg\")]"}
RESULT: {"using":"xpath","value":"//span[contains(@id ,\"clone\")][contains(text(), \"WdIORes2nilyg\")]"}
COMMAND: POST /session/56f047ff2d8b79b5fb882765d60ddf9f/element/f.918672ED9AB3AB03A4F724C7637EDD7B.d.3CDC3B3B92877AF0534DE83DDC7C70C8.e.10574/click - {}
RESULT: {}
COMMAND: GET /session/56f047ff2d8b79b5fb882765d60ddf9f/screenshot - {}
RESULT: {}
COMMAND: POST /session/56f047ff2d8b79b5fb882765d60ddf9f/actions - {"actions":[{"id":"action77","type":"key","parameters":{},"actions":[{"type":"keyDown","value":"î€‡"},{"type":"pause","duration":10},{"type":"keyUp","value":"î€‡"}]}]}
RESULT: {"actions":[{"id":"action77","type":"key","parameters":{},"actions":[{"type":"keyDown","value":"î€‡"},{"type":"pause","duration":10},{"type":"keyUp","value":"î€‡"}]}]}
COMMAND: GET /session/56f047ff2d8b79b5fb882765d60ddf9f/screenshot - {}
RESULT: {}
COMMAND: POST /session/56f047ff2d8b79b5fb882765d60ddf9f/execute/async - {"script":"<script> [1562 bytes]","args":[{"selector":{"controlType":"sap.m.Button","viewName":"etm.portal.ui.planningboard.view.detail.Planning","viewId":"application-planningboard-display-component---pB_Planning","i18NText":{"propertyName":"text","key":"unplan"},"interaction":{"idSuffix":"BDI-content"}},"wdio_ui5_key":"etmportal.ui.planningboard.view.detail.Planningsap.m.Button{\"propertyName\":\"text\",\"key\":\"unplan\"}"}]}
RESULT: {"script":"<script> [1562 bytes]","args":[{"selector":{"controlType":"sap.m.Button","viewName":"etm.portal.ui.planningboard.view.detail.Planning","viewId":"application-planningboard-display-component---pB_Planning","i18NText":{"propertyName":"text","key":"unplan"},"interaction":{"idSuffix":"BDI-content"}},"wdio_ui5_key":"etmportal.ui.planningboard.view.detail.Planningsap.m.Button{\"propertyName\":\"text\",\"key\":\"unplan\"}"}]}
RESULT: undefined
COMMAND: POST /session/56f047ff2d8b79b5fb882765d60ddf9f/element - {"using":"xpath","value":"//*[@id=\"__button254\"]"}
RESULT: {"using":"xpath","value":"//*[@id=\"__button254\"]"}
COMMAND: POST /session/56f047ff2d8b79b5fb882765d60ddf9f/element/f.918672ED9AB3AB03A4F724C7637EDD7B.d.3CDC3B3B92877AF0534DE83DDC7C70C8.e.10629/click - {}
RESULT: {}
COMMAND: GET /session/56f047ff2d8b79b5fb882765d60ddf9f/screenshot - {}
RESULT: {}
COMMAND: POST /session/56f047ff2d8b79b5fb882765d60ddf9f/element - {"using":"xpath","value":"//span[contains(@id ,\"clone\")][contains(text(), \"WdIORes2nilyg\")]"}
RESULT: {"using":"xpath","value":"//span[contains(@id ,\"clone\")][contains(text(), \"WdIORes2nilyg\")]"}
COMMAND: POST /session/56f047ff2d8b79b5fb882765d60ddf9f/element - {"using":"xpath","value":"//span[contains(@id ,\"clone\")][contains(text(), \"WdIORes2nilyg\")]"}
RESULT: {"using":"xpath","value":"//span[contains(@id ,\"clone\")][contains(text(), \"WdIORes2nilyg\")]"}
COMMAND: POST /session/56f047ff2d8b79b5fb882765d60ddf9f/element - {"using":"xpath","value":"//span[contains(@id ,\"clone\")][contains(text(), \"WdIORes1ee9b\")]"}
RESULT: {"using":"xpath","value":"//span[contains(@id ,\"clone\")][contains(text(), \"WdIORes1ee9b\")]"}
COMMAND: POST /session/56f047ff2d8b79b5fb882765d60ddf9f/element/f.918672ED9AB3AB03A4F724C7637EDD7B.d.3CDC3B3B92877AF0534DE83DDC7C70C8.e.10694/click - {}
RESULT: {}
COMMAND: GET /session/56f047ff2d8b79b5fb882765d60ddf9f/screenshot - {}
RESULT: {}
COMMAND: POST /session/56f047ff2d8b79b5fb882765d60ddf9f/actions - {"actions":[{"id":"action78","type":"key","parameters":{},"actions":[{"type":"keyDown","value":"î€‡"},{"type":"pause","duration":10},{"type":"keyUp","value":"î€‡"}]}]}
RESULT: {"actions":[{"id":"action78","type":"key","parameters":{},"actions":[{"type":"keyDown","value":"î€‡"},{"type":"pause","duration":10},{"type":"keyUp","value":"î€‡"}]}]}
COMMAND: GET /session/56f047ff2d8b79b5fb882765d60ddf9f/screenshot - {}
RESULT: {}
]]></system-out>
    </testcase>
  </testsuite>
  <testsuite timestamp="2025-05-14T16:18:56" time="31.317" tests="1" failures="0" errors="0" skipped="0">
    <properties>
      <property name="specId" value="0" />
      <property name="suiteName" value="Reserve/Unreserve request item via reserve option US139161" />
      <property name="capabilities" value="chrome.136_0_7103_49.windows" />
      <property name="file" value="file:///D:/a/1/s/test/specs/R2C/manage-reservations-view-planning-board.spec.js" />
    </properties>
    <testcase classname="chrome.136_0_7103_49.windows.Reserve/Unreserve_request_item_via_reserve_option_US139161" name="Should open a reservation to verify and edit the details" time="31.316">
      <system-out><![CDATA[
COMMAND: POST /session/56f047ff2d8b79b5fb882765d60ddf9f/element - {"using":"xpath","value":"//button[contains(@data-kt, \"editButton\")]"}
RESULT: {"using":"xpath","value":"//button[contains(@data-kt, \"editButton\")]"}
COMMAND: POST /session/56f047ff2d8b79b5fb882765d60ddf9f/execute/sync - {"script":"<script> [8489 bytes]","args":[{"element-6066-11e4-a52e-4f735466cecf":"f.918672ED9AB3AB03A4F724C7637EDD7B.d.3CDC3B3B92877AF0534DE83DDC7C70C8.e.10728","ELEMENT":"f.918672ED9AB3AB03A4F724C7637EDD7B.d.3CDC3B3B92877AF0534DE83DDC7C70C8.e.10728"}]}
RESULT: {"script":"<script> [8489 bytes]","args":[{"element-6066-11e4-a52e-4f735466cecf":"f.918672ED9AB3AB03A4F724C7637EDD7B.d.3CDC3B3B92877AF0534DE83DDC7C70C8.e.10728","ELEMENT":"f.918672ED9AB3AB03A4F724C7637EDD7B.d.3CDC3B3B92877AF0534DE83DDC7C70C8.e.10728"}]}
COMMAND: POST /session/56f047ff2d8b79b5fb882765d60ddf9f/element - {"using":"xpath","value":"//button[contains(@data-kt, \"unplanButton\")]"}
COMMAND: GET /session/56f047ff2d8b79b5fb882765d60ddf9f/screenshot - {}
RESULT: {"using":"xpath","value":"//button[contains(@data-kt, \"unplanButton\")]"}
COMMAND: POST /session/56f047ff2d8b79b5fb882765d60ddf9f/execute/sync - {"script":"<script> [8489 bytes]","args":[{"element-6066-11e4-a52e-4f735466cecf":"f.918672ED9AB3AB03A4F724C7637EDD7B.d.3CDC3B3B92877AF0534DE83DDC7C70C8.e.10746","ELEMENT":"f.918672ED9AB3AB03A4F724C7637EDD7B.d.3CDC3B3B92877AF0534DE83DDC7C70C8.e.10746"}]}
RESULT: {}
RESULT: {"script":"<script> [8489 bytes]","args":[{"element-6066-11e4-a52e-4f735466cecf":"f.918672ED9AB3AB03A4F724C7637EDD7B.d.3CDC3B3B92877AF0534DE83DDC7C70C8.e.10746","ELEMENT":"f.918672ED9AB3AB03A4F724C7637EDD7B.d.3CDC3B3B92877AF0534DE83DDC7C70C8.e.10746"}]}
COMMAND: POST /session/56f047ff2d8b79b5fb882765d60ddf9f/element - {"using":"xpath","value":"//button[contains(@data-kt, \"editButton\")]"}
COMMAND: GET /session/56f047ff2d8b79b5fb882765d60ddf9f/screenshot - {}
RESULT: {"using":"xpath","value":"//button[contains(@data-kt, \"editButton\")]"}
COMMAND: POST /session/56f047ff2d8b79b5fb882765d60ddf9f/element/f.918672ED9AB3AB03A4F724C7637EDD7B.d.3CDC3B3B92877AF0534DE83DDC7C70C8.e.10728/click - {}
RESULT: {}
RESULT: {}
COMMAND: POST /session/56f047ff2d8b79b5fb882765d60ddf9f/element - {"using":"xpath","value":"(//input[contains(@id ,\"picker\")][contains(@aria-roledescription ,\"Date Input\")])[4]"}
COMMAND: GET /session/56f047ff2d8b79b5fb882765d60ddf9f/screenshot - {}
RESULT: {"using":"xpath","value":"(//input[contains(@id ,\"picker\")][contains(@aria-roledescription ,\"Date Input\")])[4]"}
COMMAND: POST /session/56f047ff2d8b79b5fb882765d60ddf9f/element/f.918672ED9AB3AB03A4F724C7637EDD7B.d.3CDC3B3B92877AF0534DE83DDC7C70C8.e.10715/clear - {}
RESULT: {}
RESULT: {}
COMMAND: POST /session/56f047ff2d8b79b5fb882765d60ddf9f/element/f.918672ED9AB3AB03A4F724C7637EDD7B.d.3CDC3B3B92877AF0534DE83DDC7C70C8.e.10715/value - {"text":"5/16/25"}
COMMAND: GET /session/56f047ff2d8b79b5fb882765d60ddf9f/screenshot - {}
RESULT: {"text":"5/16/25"}
COMMAND: GET /session/56f047ff2d8b79b5fb882765d60ddf9f/screenshot - {}
RESULT: {}
RESULT: {}
COMMAND: POST /session/56f047ff2d8b79b5fb882765d60ddf9f/element - {"using":"xpath","value":"//bdi[contains(text(), \"Save\")]"}
RESULT: {"using":"xpath","value":"//bdi[contains(text(), \"Save\")]"}
COMMAND: POST /session/56f047ff2d8b79b5fb882765d60ddf9f/element/f.918672ED9AB3AB03A4F724C7637EDD7B.d.3CDC3B3B92877AF0534DE83DDC7C70C8.e.10769/click - {}
RESULT: {}
COMMAND: GET /session/56f047ff2d8b79b5fb882765d60ddf9f/screenshot - {}
RESULT: {}
COMMAND: POST /session/56f047ff2d8b79b5fb882765d60ddf9f/element - {"using":"xpath","value":"(//input[contains(@id ,\"picker\")][contains(@aria-roledescription ,\"Date Input\")])[4]"}
RESULT: {"using":"xpath","value":"(//input[contains(@id ,\"picker\")][contains(@aria-roledescription ,\"Date Input\")])[4]"}
COMMAND: GET /session/56f047ff2d8b79b5fb882765d60ddf9f/element/f.918672ED9AB3AB03A4F724C7637EDD7B.d.3CDC3B3B92877AF0534DE83DDC7C70C8.e.10715/property/value - {}
RESULT: {}
COMMAND: GET /session/56f047ff2d8b79b5fb882765d60ddf9f/screenshot - {}
RESULT: {}
COMMAND: POST /session/56f047ff2d8b79b5fb882765d60ddf9f/element - {"using":"xpath","value":"//bdi[contains(text(), \"Unplan\")]"}
RESULT: {"using":"xpath","value":"//bdi[contains(text(), \"Unplan\")]"}
COMMAND: POST /session/56f047ff2d8b79b5fb882765d60ddf9f/element/f.918672ED9AB3AB03A4F724C7637EDD7B.d.3CDC3B3B92877AF0534DE83DDC7C70C8.e.10781/click - {}
RESULT: {}
COMMAND: GET /session/56f047ff2d8b79b5fb882765d60ddf9f/screenshot - {}
RESULT: {}
COMMAND: POST /session/56f047ff2d8b79b5fb882765d60ddf9f/element - {"using":"css selector","value":"#shell-header-logo"}
RESULT: {"using":"css selector","value":"#shell-header-logo"}
COMMAND: POST /session/56f047ff2d8b79b5fb882765d60ddf9f/element/f.918672ED9AB3AB03A4F724C7637EDD7B.d.3CDC3B3B92877AF0534DE83DDC7C70C8.e.9266/click - {}
RESULT: {}
COMMAND: GET /session/56f047ff2d8b79b5fb882765d60ddf9f/screenshot - {}
RESULT: {}
COMMAND: POST /session/56f047ff2d8b79b5fb882765d60ddf9f/refresh - {}
RESULT: {}
COMMAND: GET /session/56f047ff2d8b79b5fb882765d60ddf9f/screenshot - {}
RESULT: {}
COMMAND: POST /session/56f047ff2d8b79b5fb882765d60ddf9f/execute/async - {"script":"<script> [189 bytes]","args":[]}
RESULT: {"script":"<script> [189 bytes]","args":[]}
COMMAND: POST /session/56f047ff2d8b79b5fb882765d60ddf9f/execute/async - {"script":"<script> [123 bytes]","args":[]}
RESULT: {"script":"<script> [123 bytes]","args":[]}
COMMAND: POST /session/56f047ff2d8b79b5fb882765d60ddf9f/timeouts - {"script":"<number>"}
RESULT: {"script":"<number>"}
COMMAND: GET /session/56f047ff2d8b79b5fb882765d60ddf9f/timeouts - {}
RESULT: {}
RESULT: undefined
COMMAND: POST /session/56f047ff2d8b79b5fb882765d60ddf9f/execute/async - {"script":"<script> [2676 bytes]","args":[]}
RESULT: {"script":"<script> [2676 bytes]","args":[]}
COMMAND: POST /session/56f047ff2d8b79b5fb882765d60ddf9f/execute/async - {"script":"<script> [2342 bytes]","args":[{"protocol":"http","hostname":"0.0.0.0","path":"/","capabilities":{"browserName":"chrome","goog:chromeOptions":{"binary":"C:\\Program Files\\Google\\Chrome\\Application\\chrome.exe","args":["--start-maximized"]}},"logLevel":"warn","connectionRetryTimeout":120000,"connectionRetryCount":3,"logLevels":{},"enableDirectConnect":true,"strictSSL":true,"_":"65 more keys: [\"cacheDir\",\"port\",\"requestedCapabilities\",\"automationProtocol\",\"baseUrl\",\"waitforInterval\",\"waitforTimeout\",\"onReload\",\"beforeCommand\",\"afterCommand\",\"rootDir\",\"specs\",\"suites\",\"exclude\",\"groupLogsByTestSpec\",\"excludeDriverLogs\",\"bail\",\"framework\",\"reporters\",\"services\",\"maxInstances\",\"maxInstancesPerCapability\",\"injectGlobals\",\"filesToWatch\",\"execArgv\",\"runnerEnv\",\"runner\",\"shard\",\"specFileRetries\",\"specFileRetriesDelay\",\"specFileRetriesDeferred\",\"reporterSyncInterval\",\"reporterSyncTimeout\",\"cucumberFeaturesWithLineNumbers\",\"autoCompileOpts\",\"mochaOpts\",\"jasmineOpts\",\"cucumberOpts\",\"onPrepare\",\"onWorkerStart\",\"onWorkerEnd\",\"before\",\"beforeSession\",\"beforeSuite\",\"beforeHook\",\"beforeTest\",\"afterTest\",\"afterHook\",\"afterSuite\",\"afterSession\",\"after\",\"onComplete\",\"beforeAssertion\",\"afterAssertion\",\"beforeFeature\",\"beforeScenario\",\"beforeStep\",\"afterStep\",\"afterScenario\",\"afterFeature\",\"_\",\"suite\",\"$0\",\"ignoredWorkerServices\",\"wdi5\"]"}]}
RESULT: {"script":"<script> [2342 bytes]","args":[{"protocol":"http","hostname":"0.0.0.0","path":"/","capabilities":{"browserName":"chrome","goog:chromeOptions":{"binary":"C:\\Program Files\\Google\\Chrome\\Application\\chrome.exe","args":["--start-maximized"]}},"logLevel":"warn","connectionRetryTimeout":120000,"connectionRetryCount":3,"logLevels":{},"enableDirectConnect":true,"strictSSL":true,"_":"65 more keys: [\"cacheDir\",\"port\",\"requestedCapabilities\",\"automationProtocol\",\"baseUrl\",\"waitforInterval\",\"waitforTimeout\",\"onReload\",\"beforeCommand\",\"afterCommand\",\"rootDir\",\"specs\",\"suites\",\"exclude\",\"groupLogsByTestSpec\",\"excludeDriverLogs\",\"bail\",\"framework\",\"reporters\",\"services\",\"maxInstances\",\"maxInstancesPerCapability\",\"injectGlobals\",\"filesToWatch\",\"execArgv\",\"runnerEnv\",\"runner\",\"shard\",\"specFileRetries\",\"specFileRetriesDelay\",\"specFileRetriesDeferred\",\"reporterSyncInterval\",\"reporterSyncTimeout\",\"cucumberFeaturesWithLineNumbers\",\"autoCompileOpts\",\"mochaOpts\",\"jasmineOpts\",\"cucumberOpts\",\"onPrepare\",\"onWorkerStart\",\"onWorkerEnd\",\"before\",\"beforeSession\",\"beforeSuite\",\"beforeHook\",\"beforeTest\",\"afterTest\",\"afterHook\",\"afterSuite\",\"afterSession\",\"after\",\"onComplete\",\"beforeAssertion\",\"afterAssertion\",\"beforeFeature\",\"beforeScenario\",\"beforeStep\",\"afterStep\",\"afterScenario\",\"afterFeature\",\"_\",\"suite\",\"$0\",\"ignoredWorkerServices\",\"wdi5\"]"}]}
COMMAND: POST /session/56f047ff2d8b79b5fb882765d60ddf9f/execute/async - {"script":"<script> [21126 bytes]","args":[35000]}
RESULT: {"script":"<script> [21126 bytes]","args":[35000]}
]]></system-out>
    </testcase>
  </testsuite>
  <testsuite timestamp="2025-05-14T16:19:27" time="294.896" tests="3" failures="0" errors="0" skipped="0">
    <properties>
      <property name="specId" value="0" />
      <property name="suiteName" value="Process request items into new quotation US120163" />
      <property name="capabilities" value="chrome.136_0_7103_49.windows" />
      <property name="file" value="file:///D:/a/1/s/test/specs/R2C/process-request-items-into-new-quotation.spec.js" />
    </properties>
    <testcase classname="chrome.136_0_7103_49.windows.Process_request_items_into_new_quotation_US120163" name="Should create a new request with catalog items and plan it" time="185.117">
      <system-out><![CDATA[
COMMAND: POST /session/56f047ff2d8b79b5fb882765d60ddf9f/execute/async - {"script":"<script> [1562 bytes]","args":[{"selector":{"controlType":"sap.m.GenericTile","properties":{"header":"Manage Requests"}},"wdio_ui5_key":"sapm.GenericTile{\"header\":\"Manage Requests\"}"}]}
RESULT: {"script":"<script> [1562 bytes]","args":[{"selector":{"controlType":"sap.m.GenericTile","properties":{"header":"Manage Requests"}},"wdio_ui5_key":"sapm.GenericTile{\"header\":\"Manage Requests\"}"}]}
RESULT: undefined
COMMAND: POST /session/56f047ff2d8b79b5fb882765d60ddf9f/element - {"using":"xpath","value":"//*[@id=\"__tile47\"]"}
RESULT: {"using":"xpath","value":"//*[@id=\"__tile47\"]"}
COMMAND: POST /session/56f047ff2d8b79b5fb882765d60ddf9f/element/f.918672ED9AB3AB03A4F724C7637EDD7B.d.EC3FE9A2B3DE06275961C0D9FD9679DE.e.10849/click - {}
RESULT: {}
COMMAND: GET /session/56f047ff2d8b79b5fb882765d60ddf9f/screenshot - {}
RESULT: {}
COMMAND: POST /session/56f047ff2d8b79b5fb882765d60ddf9f/elements - {"using":"xpath","value":"//span[text()='Error']"}
RESULT: {"using":"xpath","value":"//span[text()='Error']"}
COMMAND: POST /session/56f047ff2d8b79b5fb882765d60ddf9f/element - {"using":"xpath","value":"//button[contains(@data-kt ,\"btnCreateNewOverflowToolbarButton\")]"}
COMMAND: POST /session/56f047ff2d8b79b5fb882765d60ddf9f/element - {"using":"xpath","value":"(//span[contains(@class ,\"sapMObjStatusText\")])[1]"}
RESULT: {"using":"xpath","value":"//button[contains(@data-kt ,\"btnCreateNewOverflowToolbarButton\")]"}
COMMAND: POST /session/56f047ff2d8b79b5fb882765d60ddf9f/element/f.918672ED9AB3AB03A4F724C7637EDD7B.d.EC3FE9A2B3DE06275961C0D9FD9679DE.e.10907/click - {}
RESULT: {"using":"xpath","value":"(//span[contains(@class ,\"sapMObjStatusText\")])[1]"}
COMMAND: POST /session/56f047ff2d8b79b5fb882765d60ddf9f/execute/sync - {"script":"<script> [8489 bytes]","args":[{"element-6066-11e4-a52e-4f735466cecf":"f.918672ED9AB3AB03A4F724C7637EDD7B.d.EC3FE9A2B3DE06275961C0D9FD9679DE.e.10944","ELEMENT":"f.918672ED9AB3AB03A4F724C7637EDD7B.d.EC3FE9A2B3DE06275961C0D9FD9679DE.e.10944"}]}
RESULT: {}
COMMAND: GET /session/56f047ff2d8b79b5fb882765d60ddf9f/screenshot - {}
COMMAND: POST /session/56f047ff2d8b79b5fb882765d60ddf9f/element - {"using":"xpath","value":"(//span[contains(@class ,\"sapMObjStatusText\")])[1]"}
RESULT: {}
RESULT: {"using":"xpath","value":"(//span[contains(@class ,\"sapMObjStatusText\")])[1]"}
COMMAND: POST /session/56f047ff2d8b79b5fb882765d60ddf9f/execute/sync - {"script":"<script> [8489 bytes]","args":[{"element-6066-11e4-a52e-4f735466cecf":"f.918672ED9AB3AB03A4F724C7637EDD7B.d.EC3FE9A2B3DE06275961C0D9FD9679DE.e.11205","ELEMENT":"f.918672ED9AB3AB03A4F724C7637EDD7B.d.EC3FE9A2B3DE06275961C0D9FD9679DE.e.11205"}]}
RESULT: {"script":"<script> [8489 bytes]","args":[{"element-6066-11e4-a52e-4f735466cecf":"f.918672ED9AB3AB03A4F724C7637EDD7B.d.EC3FE9A2B3DE06275961C0D9FD9679DE.e.11205","ELEMENT":"f.918672ED9AB3AB03A4F724C7637EDD7B.d.EC3FE9A2B3DE06275961C0D9FD9679DE.e.11205"}]}
COMMAND: GET /session/56f047ff2d8b79b5fb882765d60ddf9f/screenshot - {}
RESULT: {}
COMMAND: POST /session/56f047ff2d8b79b5fb882765d60ddf9f/element - {"using":"xpath","value":"//input[contains(@id ,\"yardId-inner\")]"}
RESULT: {"using":"xpath","value":"//input[contains(@id ,\"yardId-inner\")]"}
COMMAND: POST /session/56f047ff2d8b79b5fb882765d60ddf9f/execute/sync - {"script":"<script> [8489 bytes]","args":[{"element-6066-11e4-a52e-4f735466cecf":"f.918672ED9AB3AB03A4F724C7637EDD7B.d.EC3FE9A2B3DE06275961C0D9FD9679DE.e.11028","ELEMENT":"f.918672ED9AB3AB03A4F724C7637EDD7B.d.EC3FE9A2B3DE06275961C0D9FD9679DE.e.11028"}]}
RESULT: {"script":"<script> [8489 bytes]","args":[{"element-6066-11e4-a52e-4f735466cecf":"f.918672ED9AB3AB03A4F724C7637EDD7B.d.EC3FE9A2B3DE06275961C0D9FD9679DE.e.11028","ELEMENT":"f.918672ED9AB3AB03A4F724C7637EDD7B.d.EC3FE9A2B3DE06275961C0D9FD9679DE.e.11028"}]}
COMMAND: POST /session/56f047ff2d8b79b5fb882765d60ddf9f/element - {"using":"xpath","value":"//input[contains(@id ,\"yardId-inner\")]"}
COMMAND: GET /session/56f047ff2d8b79b5fb882765d60ddf9f/screenshot - {}
RESULT: {"using":"xpath","value":"//input[contains(@id ,\"yardId-inner\")]"}
COMMAND: GET /session/56f047ff2d8b79b5fb882765d60ddf9f/element/f.918672ED9AB3AB03A4F724C7637EDD7B.d.EC3FE9A2B3DE06275961C0D9FD9679DE.e.11028/enabled - {}
RESULT: {}
RESULT: {}
COMMAND: POST /session/56f047ff2d8b79b5fb882765d60ddf9f/element/f.918672ED9AB3AB03A4F724C7637EDD7B.d.EC3FE9A2B3DE06275961C0D9FD9679DE.e.11028/clear - {}
COMMAND: GET /session/56f047ff2d8b79b5fb882765d60ddf9f/screenshot - {}
RESULT: {}
COMMAND: POST /session/56f047ff2d8b79b5fb882765d60ddf9f/element/f.918672ED9AB3AB03A4F724C7637EDD7B.d.EC3FE9A2B3DE06275961C0D9FD9679DE.e.11028/value - {"text":"WebdriverYardg9f4e"}
COMMAND: GET /session/56f047ff2d8b79b5fb882765d60ddf9f/screenshot - {}
RESULT: {}
RESULT: {"text":"WebdriverYardg9f4e"}
COMMAND: GET /session/56f047ff2d8b79b5fb882765d60ddf9f/screenshot - {}
RESULT: {}
RESULT: {}
COMMAND: POST /session/56f047ff2d8b79b5fb882765d60ddf9f/element - {"using":"xpath","value":"//input[contains(@id ,\"customerNumber-inner\")]"}
RESULT: {"using":"xpath","value":"//input[contains(@id ,\"customerNumber-inner\")]"}
COMMAND: POST /session/56f047ff2d8b79b5fb882765d60ddf9f/element/f.918672ED9AB3AB03A4F724C7637EDD7B.d.EC3FE9A2B3DE06275961C0D9FD9679DE.e.11024/value - {"text":"WebdriverPartnerssnkw"}
COMMAND: POST /session/56f047ff2d8b79b5fb882765d60ddf9f/actions - {"actions":[{"id":"action79","type":"key","parameters":{},"actions":[{"type":"keyDown","value":"î€‡"},{"type":"pause","duration":10},{"type":"keyUp","value":"î€‡"}]}]}
RESULT: {"actions":[{"id":"action79","type":"key","parameters":{},"actions":[{"type":"keyDown","value":"î€‡"},{"type":"pause","duration":10},{"type":"keyUp","value":"î€‡"}]}]}
COMMAND: GET /session/56f047ff2d8b79b5fb882765d60ddf9f/screenshot - {}
RESULT: {"text":"WebdriverPartnerssnkw"}
COMMAND: GET /session/56f047ff2d8b79b5fb882765d60ddf9f/screenshot - {}
RESULT: {}
RESULT: {}
COMMAND: POST /session/56f047ff2d8b79b5fb882765d60ddf9f/element/f.918672ED9AB3AB03A4F724C7637EDD7B.d.EC3FE9A2B3DE06275961C0D9FD9679DE.e.11028/clear - {}
RESULT: {}
COMMAND: POST /session/56f047ff2d8b79b5fb882765d60ddf9f/element/f.918672ED9AB3AB03A4F724C7637EDD7B.d.EC3FE9A2B3DE06275961C0D9FD9679DE.e.11028/clear - {}
COMMAND: GET /session/56f047ff2d8b79b5fb882765d60ddf9f/screenshot - {}
RESULT: {}
COMMAND: POST /session/56f047ff2d8b79b5fb882765d60ddf9f/element/f.918672ED9AB3AB03A4F724C7637EDD7B.d.EC3FE9A2B3DE06275961C0D9FD9679DE.e.11028/value - {"text":"WebdriverYardg9f4e"}
COMMAND: GET /session/56f047ff2d8b79b5fb882765d60ddf9f/screenshot - {}
RESULT: {}
RESULT: {"text":"WebdriverYardg9f4e"}
COMMAND: GET /session/56f047ff2d8b79b5fb882765d60ddf9f/screenshot - {}
RESULT: {}
RESULT: {}
COMMAND: POST /session/56f047ff2d8b79b5fb882765d60ddf9f/actions - {"actions":[{"id":"action80","type":"key","parameters":{},"actions":[{"type":"keyDown","value":"î€‡"},{"type":"pause","duration":10},{"type":"keyUp","value":"î€‡"}]}]}
RESULT: {"actions":[{"id":"action80","type":"key","parameters":{},"actions":[{"type":"keyDown","value":"î€‡"},{"type":"pause","duration":10},{"type":"keyUp","value":"î€‡"}]}]}
COMMAND: GET /session/56f047ff2d8b79b5fb882765d60ddf9f/screenshot - {}
RESULT: {}
COMMAND: POST /session/56f047ff2d8b79b5fb882765d60ddf9f/actions - {"actions":[{"id":"action81","type":"key","parameters":{},"actions":[{"type":"keyDown","value":"î€‡"},{"type":"pause","duration":10},{"type":"keyUp","value":"î€‡"}]}]}
RESULT: {"actions":[{"id":"action81","type":"key","parameters":{},"actions":[{"type":"keyDown","value":"î€‡"},{"type":"pause","duration":10},{"type":"keyUp","value":"î€‡"}]}]}
COMMAND: GET /session/56f047ff2d8b79b5fb882765d60ddf9f/screenshot - {}
RESULT: {}
COMMAND: GET /session/56f047ff2d8b79b5fb882765d60ddf9f/element/f.918672ED9AB3AB03A4F724C7637EDD7B.d.EC3FE9A2B3DE06275961C0D9FD9679DE.e.11024/property/value - {}
RESULT: {}
COMMAND: POST /session/56f047ff2d8b79b5fb882765d60ddf9f/element - {"using":"xpath","value":"//input[contains(@id ,\"requestSiteId-inner\")]"}
COMMAND: GET /session/56f047ff2d8b79b5fb882765d60ddf9f/screenshot - {}
RESULT: {"using":"xpath","value":"//input[contains(@id ,\"requestSiteId-inner\")]"}
COMMAND: POST /session/56f047ff2d8b79b5fb882765d60ddf9f/element/f.918672ED9AB3AB03A4F724C7637EDD7B.d.EC3FE9A2B3DE06275961C0D9FD9679DE.e.11023/value - {"text":"WebdriverSiterw9ze"}
RESULT: {}
RESULT: {"text":"WebdriverSiterw9ze"}
COMMAND: GET /session/56f047ff2d8b79b5fb882765d60ddf9f/screenshot - {}
RESULT: {}
COMMAND: POST /session/56f047ff2d8b79b5fb882765d60ddf9f/actions - {"actions":[{"id":"action82","type":"key","parameters":{},"actions":[{"type":"keyDown","value":"î€‡"},{"type":"pause","duration":10},{"type":"keyUp","value":"î€‡"}]}]}
RESULT: {"actions":[{"id":"action82","type":"key","parameters":{},"actions":[{"type":"keyDown","value":"î€‡"},{"type":"pause","duration":10},{"type":"keyUp","value":"î€‡"}]}]}
COMMAND: GET /session/56f047ff2d8b79b5fb882765d60ddf9f/screenshot - {}
RESULT: {}
COMMAND: POST /session/56f047ff2d8b79b5fb882765d60ddf9f/element - {"using":"xpath","value":"//button[contains(@data-kt ,\"requestItemAddOverflowToolbarButton\")]"}
RESULT: {"using":"xpath","value":"//button[contains(@data-kt ,\"requestItemAddOverflowToolbarButton\")]"}
COMMAND: POST /session/56f047ff2d8b79b5fb882765d60ddf9f/element/f.918672ED9AB3AB03A4F724C7637EDD7B.d.EC3FE9A2B3DE06275961C0D9FD9679DE.e.11215/click - {}
RESULT: {}
COMMAND: GET /session/56f047ff2d8b79b5fb882765d60ddf9f/screenshot - {}
RESULT: {}
COMMAND: POST /session/56f047ff2d8b79b5fb882765d60ddf9f/actions - {"actions":[{"id":"action83","type":"key","parameters":{},"actions":[{"type":"keyDown","value":"î€•"},{"type":"pause","duration":10},{"type":"keyUp","value":"î€•"}]}]}
RESULT: {"actions":[{"id":"action83","type":"key","parameters":{},"actions":[{"type":"keyDown","value":"î€•"},{"type":"pause","duration":10},{"type":"keyUp","value":"î€•"}]}]}
COMMAND: POST /session/56f047ff2d8b79b5fb882765d60ddf9f/actions - {"actions":[{"id":"action84","type":"key","parameters":{},"actions":[{"type":"keyDown","value":"î€‡"},{"type":"pause","duration":10},{"type":"keyUp","value":"î€‡"}]}]}
COMMAND: GET /session/56f047ff2d8b79b5fb882765d60ddf9f/screenshot - {}
RESULT: {"actions":[{"id":"action84","type":"key","parameters":{},"actions":[{"type":"keyDown","value":"î€‡"},{"type":"pause","duration":10},{"type":"keyUp","value":"î€‡"}]}]}
COMMAND: GET /session/56f047ff2d8b79b5fb882765d60ddf9f/screenshot - {}
RESULT: {}
RESULT: {}
COMMAND: POST /session/56f047ff2d8b79b5fb882765d60ddf9f/element - {"using":"xpath","value":"(//input[contains(@id ,\"requestItemsTable-0-inner\")])[1]"}
RESULT: {"using":"xpath","value":"(//input[contains(@id ,\"requestItemsTable-0-inner\")])[1]"}
COMMAND: POST /session/56f047ff2d8b79b5fb882765d60ddf9f/element/f.918672ED9AB3AB03A4F724C7637EDD7B.d.EC3FE9A2B3DE06275961C0D9FD9679DE.e.11219/clear - {}
RESULT: {}
COMMAND: POST /session/56f047ff2d8b79b5fb882765d60ddf9f/element/f.918672ED9AB3AB03A4F724C7637EDD7B.d.EC3FE9A2B3DE06275961C0D9FD9679DE.e.11219/value - {"text":"catalogItem9e3ef"}
COMMAND: GET /session/56f047ff2d8b79b5fb882765d60ddf9f/screenshot - {}
RESULT: {"text":"catalogItem9e3ef"}
COMMAND: GET /session/56f047ff2d8b79b5fb882765d60ddf9f/screenshot - {}
RESULT: {}
RESULT: {}
COMMAND: POST /session/56f047ff2d8b79b5fb882765d60ddf9f/actions - {"actions":[{"id":"action85","type":"key","parameters":{},"actions":[{"type":"keyDown","value":"î€‡"},{"type":"pause","duration":10},{"type":"keyUp","value":"î€‡"}]}]}
RESULT: {"actions":[{"id":"action85","type":"key","parameters":{},"actions":[{"type":"keyDown","value":"î€‡"},{"type":"pause","duration":10},{"type":"keyUp","value":"î€‡"}]}]}
COMMAND: GET /session/56f047ff2d8b79b5fb882765d60ddf9f/screenshot - {}
RESULT: {}
COMMAND: POST /session/56f047ff2d8b79b5fb882765d60ddf9f/execute/async - {"script":"<script> [1562 bytes]","args":[{"selector":{"controlType":"sap.ui.core.Icon","viewName":"etm.portal.ui.managerequests.view.NewRequest","properties":{"src":{"regex":{"source":"slim\\-arrow\\-down"}}},"ancestor":{"controlType":"sap.m.Button","viewName":"etm.portal.ui.managerequests.view.NewRequest","properties":{"icon":"sap-icon://slim-arrow-down"}}},"wdio_ui5_key":"etmportal.ui.managerequests.view.NewRequestsap.ui.core.Icon{\"src\":{\"regex\":{\"source\":\"slim\\\\-arrow\\\\-down\"}}}{\"controlType\":\"sap.m.Button\",\"viewName\":\"etm.portal.ui.managerequests.view.NewRequest\",\"properties\":{\"icon\":\"sap-icon://slim-arrow-down\"}}"}]}
RESULT: {"script":"<script> [1562 bytes]","args":[{"selector":{"controlType":"sap.ui.core.Icon","viewName":"etm.portal.ui.managerequests.view.NewRequest","properties":{"src":{"regex":{"source":"slim\\-arrow\\-down"}}},"ancestor":{"controlType":"sap.m.Button","viewName":"etm.portal.ui.managerequests.view.NewRequest","properties":{"icon":"sap-icon://slim-arrow-down"}}},"wdio_ui5_key":"etmportal.ui.managerequests.view.NewRequestsap.ui.core.Icon{\"src\":{\"regex\":{\"source\":\"slim\\\\-arrow\\\\-down\"}}}{\"controlType\":\"sap.m.Button\",\"viewName\":\"etm.portal.ui.managerequests.view.NewRequest\",\"properties\":{\"icon\":\"sap-icon://slim-arrow-down\"}}"}]}
RESULT: undefined
COMMAND: POST /session/56f047ff2d8b79b5fb882765d60ddf9f/element - {"using":"xpath","value":"//div[contains(@data-kt ,\"splitAllocationObjectStatus\")]"}
RESULT: {"using":"xpath","value":"//div[contains(@data-kt ,\"splitAllocationObjectStatus\")]"}
COMMAND: POST /session/56f047ff2d8b79b5fb882765d60ddf9f/elements - {"using":"xpath","value":"//div[contains(@data-kt ,\"splitAllocationObjectStatus\")]"}
RESULT: {"using":"xpath","value":"//div[contains(@data-kt ,\"splitAllocationObjectStatus\")]"}
COMMAND: POST /session/56f047ff2d8b79b5fb882765d60ddf9f/execute/async - {"script":"<script> [1562 bytes]","args":[{"selector":{"controlType":"sap.ui.core.Icon","viewName":"etm.portal.ui.managerequests.view.NewRequest","properties":{"src":{"regex":{"source":"message\\-error"}}}},"wdio_ui5_key":"etmportal.ui.managerequests.view.NewRequestsap.ui.core.Icon{\"src\":{\"regex\":{\"source\":\"message\\\\-error\"}}}"}]}
RESULT: {"script":"<script> [1562 bytes]","args":[{"selector":{"controlType":"sap.ui.core.Icon","viewName":"etm.portal.ui.managerequests.view.NewRequest","properties":{"src":{"regex":{"source":"message\\-error"}}}},"wdio_ui5_key":"etmportal.ui.managerequests.view.NewRequestsap.ui.core.Icon{\"src\":{\"regex\":{\"source\":\"message\\\\-error\"}}}"}]}
RESULT: undefined
COMMAND: POST /session/56f047ff2d8b79b5fb882765d60ddf9f/element - {"using":"xpath","value":"//*[@id=\"__status4-__xmlview59--requestItemsTable-0-icon\"]"}
RESULT: {"using":"xpath","value":"//*[@id=\"__status4-__xmlview59--requestItemsTable-0-icon\"]"}
COMMAND: POST /session/56f047ff2d8b79b5fb882765d60ddf9f/element/f.918672ED9AB3AB03A4F724C7637EDD7B.d.EC3FE9A2B3DE06275961C0D9FD9679DE.e.11233/click - {}
RESULT: {}
COMMAND: POST /session/56f047ff2d8b79b5fb882765d60ddf9f/execute/async - {"script":"<script> [1562 bytes]","args":[{"selector":{"controlType":"sap.ui.core.Icon","viewName":"etm.portal.ui.managerequests.view.NewRequest","properties":{"src":{"regex":{"source":"slim\\-arrow\\-down"}}},"searchOpenDialogs":true,"ancestor":{"id":"costObjectAdminTypeComboBox","viewName":"etm.portal.ui.managerequests.view.NewRequest","searchOpenDialogs":true}},"wdio_ui5_key":"etmportal.ui.managerequests.view.NewRequestsap.ui.core.Icon{\"src\":{\"regex\":{\"source\":\"slim\\\\-arrow\\\\-down\"}}}{\"id\":\"costObjectAdminTypeComboBox\",\"viewName\":\"etm.portal.ui.managerequests.view.NewRequest\",\"searchOpenDialogs\":true}"}]}
COMMAND: GET /session/56f047ff2d8b79b5fb882765d60ddf9f/screenshot - {}
RESULT: {"script":"<script> [1562 bytes]","args":[{"selector":{"controlType":"sap.ui.core.Icon","viewName":"etm.portal.ui.managerequests.view.NewRequest","properties":{"src":{"regex":{"source":"slim\\-arrow\\-down"}}},"searchOpenDialogs":true,"ancestor":{"id":"costObjectAdminTypeComboBox","viewName":"etm.portal.ui.managerequests.view.NewRequest","searchOpenDialogs":true}},"wdio_ui5_key":"etmportal.ui.managerequests.view.NewRequestsap.ui.core.Icon{\"src\":{\"regex\":{\"source\":\"slim\\\\-arrow\\\\-down\"}}}{\"id\":\"costObjectAdminTypeComboBox\",\"viewName\":\"etm.portal.ui.managerequests.view.NewRequest\",\"searchOpenDialogs\":true}"}]}
RESULT: undefined
COMMAND: POST /session/56f047ff2d8b79b5fb882765d60ddf9f/element - {"using":"xpath","value":"//*[@id=\"__xmlview59--costObjectAdminTypeComboBox-arrow\"]"}
RESULT: {}
RESULT: {"using":"xpath","value":"//*[@id=\"__xmlview59--costObjectAdminTypeComboBox-arrow\"]"}
COMMAND: POST /session/56f047ff2d8b79b5fb882765d60ddf9f/element/f.918672ED9AB3AB03A4F724C7637EDD7B.d.EC3FE9A2B3DE06275961C0D9FD9679DE.e.11237/click - {}
RESULT: {}
COMMAND: POST /session/56f047ff2d8b79b5fb882765d60ddf9f/execute/async - {"script":"<script> [1562 bytes]","args":[{"selector":{"controlType":"sap.m.StandardListItem","viewName":"etm.portal.ui.managerequests.view.NewRequest","properties":{"title":"Cost Center"},"searchOpenDialogs":true,"interaction":{"idSuffix":"titleText"}},"wdio_ui5_key":"etmportal.ui.managerequests.view.NewRequestsap.m.StandardListItem{\"title\":\"Cost Center\"}"}]}
COMMAND: GET /session/56f047ff2d8b79b5fb882765d60ddf9f/screenshot - {}
RESULT: {"script":"<script> [1562 bytes]","args":[{"selector":{"controlType":"sap.m.StandardListItem","viewName":"etm.portal.ui.managerequests.view.NewRequest","properties":{"title":"Cost Center"},"searchOpenDialogs":true,"interaction":{"idSuffix":"titleText"}},"wdio_ui5_key":"etmportal.ui.managerequests.view.NewRequestsap.m.StandardListItem{\"title\":\"Cost Center\"}"}]}
RESULT: undefined
COMMAND: POST /session/56f047ff2d8b79b5fb882765d60ddf9f/element - {"using":"xpath","value":"//*[@id=\"__item528\"]"}
RESULT: {}
RESULT: {"using":"xpath","value":"//*[@id=\"__item528\"]"}
COMMAND: POST /session/56f047ff2d8b79b5fb882765d60ddf9f/element/f.918672ED9AB3AB03A4F724C7637EDD7B.d.EC3FE9A2B3DE06275961C0D9FD9679DE.e.11240/click - {}
RESULT: {}
COMMAND: GET /session/56f047ff2d8b79b5fb882765d60ddf9f/screenshot - {}
RESULT: {}
COMMAND: POST /session/56f047ff2d8b79b5fb882765d60ddf9f/execute/async - {"script":"<script> [1562 bytes]","args":[{"selector":{"controlType":"sap.ui.core.Icon","viewName":"etm.portal.ui.managerequests.view.NewRequest","properties":{"src":{"regex":{"source":"value\\-help"}}},"searchOpenDialogs":true},"wdio_ui5_key":"etmportal.ui.managerequests.view.NewRequestsap.ui.core.Icon{\"src\":{\"regex\":{\"source\":\"value\\\\-help\"}}}"}]}
RESULT: {"script":"<script> [1562 bytes]","args":[{"selector":{"controlType":"sap.ui.core.Icon","viewName":"etm.portal.ui.managerequests.view.NewRequest","properties":{"src":{"regex":{"source":"value\\-help"}}},"searchOpenDialogs":true},"wdio_ui5_key":"etmportal.ui.managerequests.view.NewRequestsap.ui.core.Icon{\"src\":{\"regex\":{\"source\":\"value\\\\-help\"}}}"}]}
RESULT: undefined
COMMAND: POST /session/56f047ff2d8b79b5fb882765d60ddf9f/element - {"using":"xpath","value":"//*[@id=\"__xmlview59--costObjectIdComboBox-vhi\"]"}
RESULT: {"using":"xpath","value":"//*[@id=\"__xmlview59--costObjectIdComboBox-vhi\"]"}
COMMAND: POST /session/56f047ff2d8b79b5fb882765d60ddf9f/element/f.918672ED9AB3AB03A4F724C7637EDD7B.d.EC3FE9A2B3DE06275961C0D9FD9679DE.e.11248/click - {}
RESULT: {}
COMMAND: POST /session/56f047ff2d8b79b5fb882765d60ddf9f/execute/async - {"script":"<script> [1562 bytes]","args":[{"selector":{"controlType":"sap.m.SearchField","properties":{"placeholder":"Search"},"searchOpenDialogs":true,"interaction":{"idSuffix":"I"}},"wdio_ui5_key":"sapm.SearchField{\"placeholder\":\"Search\"}"}]}
COMMAND: GET /session/56f047ff2d8b79b5fb882765d60ddf9f/screenshot - {}
RESULT: {"script":"<script> [1562 bytes]","args":[{"selector":{"controlType":"sap.m.SearchField","properties":{"placeholder":"Search"},"searchOpenDialogs":true,"interaction":{"idSuffix":"I"}},"wdio_ui5_key":"sapm.SearchField{\"placeholder\":\"Search\"}"}]}
RESULT: undefined
COMMAND: POST /session/56f047ff2d8b79b5fb882765d60ddf9f/execute/async - {"script":"<script> [776 bytes]","args":[{"enterText":"10001010","selector":{"controlType":"sap.m.SearchField","properties":{"placeholder":"Search"},"searchOpenDialogs":true,"interaction":{"idSuffix":"I"}},"clearTextFirst":true,"interactionType":"ENTER_TEXT"}]}
RESULT: {}
RESULT: {"script":"<script> [776 bytes]","args":[{"enterText":"10001010","selector":{"controlType":"sap.m.SearchField","properties":{"placeholder":"Search"},"searchOpenDialogs":true,"interaction":{"idSuffix":"I"}},"clearTextFirst":true,"interactionType":"ENTER_TEXT"}]}
COMMAND: POST /session/56f047ff2d8b79b5fb882765d60ddf9f/actions - {"actions":[{"id":"action86","type":"key","parameters":{},"actions":[{"type":"keyDown","value":"î€‡"},{"type":"pause","duration":10},{"type":"keyUp","value":"î€‡"}]}]}
RESULT: {"actions":[{"id":"action86","type":"key","parameters":{},"actions":[{"type":"keyDown","value":"î€‡"},{"type":"pause","duration":10},{"type":"keyUp","value":"î€‡"}]}]}
COMMAND: GET /session/56f047ff2d8b79b5fb882765d60ddf9f/screenshot - {}
RESULT: {}
COMMAND: POST /session/56f047ff2d8b79b5fb882765d60ddf9f/execute/async - {"script":"<script> [1562 bytes]","args":[{"selector":{"controlType":"sap.m.Text","bindingPath":{"path":"/C_CostCtrValueHelp(CostCenter='10001010',ControllingArea='Z001')","propertyPath":"CostCenterName","modelName":"CostCenterModel"},"searchOpenDialogs":true},"wdio_ui5_key":"sapm.Text{\"path\":\"/C_CostCtrValueHelp(CostCenter='10001010',ControllingArea='Z001')\",\"propertyPath\":\"CostCenterName\",\"modelName\":\"CostCenterModel\"}"}]}
RESULT: {"script":"<script> [1562 bytes]","args":[{"selector":{"controlType":"sap.m.Text","bindingPath":{"path":"/C_CostCtrValueHelp(CostCenter='10001010',ControllingArea='Z001')","propertyPath":"CostCenterName","modelName":"CostCenterModel"},"searchOpenDialogs":true},"wdio_ui5_key":"sapm.Text{\"path\":\"/C_CostCtrValueHelp(CostCenter='10001010',ControllingArea='Z001')\",\"propertyPath\":\"CostCenterName\",\"modelName\":\"CostCenterModel\"}"}]}
RESULT: undefined
COMMAND: POST /session/56f047ff2d8b79b5fb882765d60ddf9f/element - {"using":"xpath","value":"//*[@id=\"__text287-__clone674\"]"}
RESULT: {"using":"xpath","value":"//*[@id=\"__text287-__clone674\"]"}
COMMAND: POST /session/56f047ff2d8b79b5fb882765d60ddf9f/element/f.918672ED9AB3AB03A4F724C7637EDD7B.d.EC3FE9A2B3DE06275961C0D9FD9679DE.e.11289/click - {}
RESULT: {}
COMMAND: POST /session/56f047ff2d8b79b5fb882765d60ddf9f/execute/async - {"script":"<script> [1562 bytes]","args":[{"selector":{"controlType":"sap.m.Button","properties":{"text":"OK"},"searchOpenDialogs":true,"interaction":{"idSuffix":"BDI-content"}},"wdio_ui5_key":"sapm.Button{\"text\":\"OK\"}"}]}
COMMAND: GET /session/56f047ff2d8b79b5fb882765d60ddf9f/screenshot - {}
RESULT: {"script":"<script> [1562 bytes]","args":[{"selector":{"controlType":"sap.m.Button","properties":{"text":"OK"},"searchOpenDialogs":true,"interaction":{"idSuffix":"BDI-content"}},"wdio_ui5_key":"sapm.Button{\"text\":\"OK\"}"}]}
RESULT: undefined
COMMAND: POST /session/56f047ff2d8b79b5fb882765d60ddf9f/element - {"using":"xpath","value":"//*[@id=\"__dialog1-ok\"]"}
RESULT: {}
RESULT: {"using":"xpath","value":"//*[@id=\"__dialog1-ok\"]"}
COMMAND: POST /session/56f047ff2d8b79b5fb882765d60ddf9f/element/f.918672ED9AB3AB03A4F724C7637EDD7B.d.EC3FE9A2B3DE06275961C0D9FD9679DE.e.11291/click - {}
RESULT: {}
COMMAND: GET /session/56f047ff2d8b79b5fb882765d60ddf9f/screenshot - {}
RESULT: {}
COMMAND: POST /session/56f047ff2d8b79b5fb882765d60ddf9f/execute/async - {"script":"<script> [1562 bytes]","args":[{"selector":{"controlType":"sap.m.Button","viewName":"etm.portal.ui.managerequests.view.NewRequest","i18NText":{"propertyName":"text","key":"save"},"searchOpenDialogs":true,"interaction":{"idSuffix":"BDI-content"}},"wdio_ui5_key":"etmportal.ui.managerequests.view.NewRequestsap.m.Button{\"propertyName\":\"text\",\"key\":\"save\"}"}]}
RESULT: {"script":"<script> [1562 bytes]","args":[{"selector":{"controlType":"sap.m.Button","viewName":"etm.portal.ui.managerequests.view.NewRequest","i18NText":{"propertyName":"text","key":"save"},"searchOpenDialogs":true,"interaction":{"idSuffix":"BDI-content"}},"wdio_ui5_key":"etmportal.ui.managerequests.view.NewRequestsap.m.Button{\"propertyName\":\"text\",\"key\":\"save\"}"}]}
RESULT: undefined
COMMAND: POST /session/56f047ff2d8b79b5fb882765d60ddf9f/element - {"using":"xpath","value":"//*[@id=\"__button22\"]"}
RESULT: {"using":"xpath","value":"//*[@id=\"__button22\"]"}
COMMAND: POST /session/56f047ff2d8b79b5fb882765d60ddf9f/element/f.918672ED9AB3AB03A4F724C7637EDD7B.d.EC3FE9A2B3DE06275961C0D9FD9679DE.e.11295/click - {}
RESULT: {}
COMMAND: GET /session/56f047ff2d8b79b5fb882765d60ddf9f/screenshot - {}
RESULT: {}
COMMAND: POST /session/56f047ff2d8b79b5fb882765d60ddf9f/element - {"using":"xpath","value":"(//bdi[contains(text() ,\"Save\")])[1]"}
RESULT: {"using":"xpath","value":"(//bdi[contains(text() ,\"Save\")])[1]"}
COMMAND: POST /session/56f047ff2d8b79b5fb882765d60ddf9f/element/f.918672ED9AB3AB03A4F724C7637EDD7B.d.EC3FE9A2B3DE06275961C0D9FD9679DE.e.11297/click - {}
RESULT: {}
COMMAND: GET /session/56f047ff2d8b79b5fb882765d60ddf9f/screenshot - {}
RESULT: {}
COMMAND: POST /session/56f047ff2d8b79b5fb882765d60ddf9f/execute/async - {"script":"<script> [1562 bytes]","args":[{"selector":{"controlType":"sap.m.Title","properties":{"text":"Success"},"searchOpenDialogs":true},"wdio_ui5_key":"sapm.Title{\"text\":\"Success\"}"}]}
RESULT: {"script":"<script> [1562 bytes]","args":[{"selector":{"controlType":"sap.m.Title","properties":{"text":"Success"},"searchOpenDialogs":true},"wdio_ui5_key":"sapm.Title{\"text\":\"Success\"}"}]}
RESULT: undefined
COMMAND: POST /session/56f047ff2d8b79b5fb882765d60ddf9f/execute/async - {"script":"<script> [6424 bytes]","args":[{"element-6066-11e4-a52e-4f735466cecf":"f.918672ED9AB3AB03A4F724C7637EDD7B.d.EC3FE9A2B3DE06275961C0D9FD9679DE.e.11301"},"getText",[]]}
RESULT: {"script":"<script> [6424 bytes]","args":[{"element-6066-11e4-a52e-4f735466cecf":"f.918672ED9AB3AB03A4F724C7637EDD7B.d.EC3FE9A2B3DE06275961C0D9FD9679DE.e.11301"},"getText",[]]}
COMMAND: POST /session/56f047ff2d8b79b5fb882765d60ddf9f/execute/async - {"script":"<script> [1562 bytes]","args":[{"selector":{"controlType":"sap.m.Button","properties":{"text":"Close"},"searchOpenDialogs":true,"interaction":{"idSuffix":"BDI-content"}},"wdio_ui5_key":"sapm.Button{\"text\":\"Close\"}"}]}
RESULT: {"script":"<script> [1562 bytes]","args":[{"selector":{"controlType":"sap.m.Button","properties":{"text":"Close"},"searchOpenDialogs":true,"interaction":{"idSuffix":"BDI-content"}},"wdio_ui5_key":"sapm.Button{\"text\":\"Close\"}"}]}
RESULT: undefined
COMMAND: POST /session/56f047ff2d8b79b5fb882765d60ddf9f/element - {"using":"xpath","value":"//*[@id=\"__mbox-btn-0\"]"}
RESULT: {"using":"xpath","value":"//*[@id=\"__mbox-btn-0\"]"}
COMMAND: POST /session/56f047ff2d8b79b5fb882765d60ddf9f/element/f.918672ED9AB3AB03A4F724C7637EDD7B.d.EC3FE9A2B3DE06275961C0D9FD9679DE.e.11300/click - {}
RESULT: {}
COMMAND: GET /session/56f047ff2d8b79b5fb882765d60ddf9f/screenshot - {}
RESULT: {}
COMMAND: POST /session/56f047ff2d8b79b5fb882765d60ddf9f/execute/async - {"script":"<script> [1562 bytes]","args":[{"selector":{"controlType":"sap.m.Text","viewName":"etm.portal.ui.managerequests.view.Detail","bindingPath":{"propertyPath":"NO","modelName":"catalogModel"}},"wdio_ui5_key":"etmportal.ui.managerequests.view.Detailsap.m.Text{\"propertyPath\":\"NO\",\"modelName\":\"catalogModel\"}"}]}
RESULT: {"script":"<script> [1562 bytes]","args":[{"selector":{"controlType":"sap.m.Text","viewName":"etm.portal.ui.managerequests.view.Detail","bindingPath":{"propertyPath":"NO","modelName":"catalogModel"}},"wdio_ui5_key":"etmportal.ui.managerequests.view.Detailsap.m.Text{\"propertyPath\":\"NO\",\"modelName\":\"catalogModel\"}"}]}
RESULT: undefined
COMMAND: POST /session/56f047ff2d8b79b5fb882765d60ddf9f/execute/async - {"script":"<script> [6424 bytes]","args":[{"element-6066-11e4-a52e-4f735466cecf":"f.918672ED9AB3AB03A4F724C7637EDD7B.d.EC3FE9A2B3DE06275961C0D9FD9679DE.e.11429"},"getText",[]]}
RESULT: {"script":"<script> [6424 bytes]","args":[{"element-6066-11e4-a52e-4f735466cecf":"f.918672ED9AB3AB03A4F724C7637EDD7B.d.EC3FE9A2B3DE06275961C0D9FD9679DE.e.11429"},"getText",[]]}
COMMAND: POST /session/56f047ff2d8b79b5fb882765d60ddf9f/execute/async - {"script":"<script> [1562 bytes]","args":[{"selector":{"controlType":"sap.ui.core.Icon","viewName":"etm.portal.ui.managerequests.view.Detail","properties":{"src":{"regex":{"source":"date\\-time"}}},"ancestor":{"controlType":"sap.m.ColumnListItem","viewName":"etm.portal.ui.managerequests.view.Detail","bindingPath":{"path":"/SmartRequestItemsPlanningBoard(ITEM=10m,REQUEST='20101')"},"ancestor":{"id":"requestItemsTable","viewName":"etm.portal.ui.managerequests.view.Detail"}}},"wdio_ui5_key":"etmportal.ui.managerequests.view.Detailsap.ui.core.Icon{\"src\":{\"regex\":{\"source\":\"date\\\\-time\"}}}{\"controlType\":\"sap.m.ColumnListItem\",\"viewName\":\"etm.portal.ui.managerequests.view.Detail\",\"bindingPath\":{\"path\":\"/SmartRequestItemsPlanningBoard(ITEM=10m,REQUEST='20101')\"},\"ancestor\":{\"id\":\"requestItemsTable\",\"viewName\":\"etm.portal.ui.managerequests.view.Detail\"}}"}]}
RESULT: {"script":"<script> [1562 bytes]","args":[{"selector":{"controlType":"sap.ui.core.Icon","viewName":"etm.portal.ui.managerequests.view.Detail","properties":{"src":{"regex":{"source":"date\\-time"}}},"ancestor":{"controlType":"sap.m.ColumnListItem","viewName":"etm.portal.ui.managerequests.view.Detail","bindingPath":{"path":"/SmartRequestItemsPlanningBoard(ITEM=10m,REQUEST='20101')"},"ancestor":{"id":"requestItemsTable","viewName":"etm.portal.ui.managerequests.view.Detail"}}},"wdio_ui5_key":"etmportal.ui.managerequests.view.Detailsap.ui.core.Icon{\"src\":{\"regex\":{\"source\":\"date\\\\-time\"}}}{\"controlType\":\"sap.m.ColumnListItem\",\"viewName\":\"etm.portal.ui.managerequests.view.Detail\",\"bindingPath\":{\"path\":\"/SmartRequestItemsPlanningBoard(ITEM=10m,REQUEST='20101')\"},\"ancestor\":{\"id\":\"requestItemsTable\",\"viewName\":\"etm.portal.ui.managerequests.view.Detail\"}}"}]}
RESULT: undefined
COMMAND: POST /session/56f047ff2d8b79b5fb882765d60ddf9f/element - {"using":"xpath","value":"//*[@id=\"__button37-__clone713-img\"]"}
RESULT: {"using":"xpath","value":"//*[@id=\"__button37-__clone713-img\"]"}
COMMAND: POST /session/56f047ff2d8b79b5fb882765d60ddf9f/element/f.918672ED9AB3AB03A4F724C7637EDD7B.d.EC3FE9A2B3DE06275961C0D9FD9679DE.e.11430/click - {}
RESULT: {}
COMMAND: POST /session/56f047ff2d8b79b5fb882765d60ddf9f/execute/async - {"script":"<script> [1562 bytes]","args":[{"selector":{"controlType":"sap.m.Button","viewName":"etm.portal.ui.managerequests.view.Detail","properties":{"text":"Close"},"searchOpenDialogs":true,"interaction":{"idSuffix":"BDI-content"}},"wdio_ui5_key":"etmportal.ui.managerequests.view.Detailsap.m.Button{\"text\":\"Close\"}"}]}
COMMAND: GET /session/56f047ff2d8b79b5fb882765d60ddf9f/screenshot - {}
RESULT: {"script":"<script> [1562 bytes]","args":[{"selector":{"controlType":"sap.m.Button","viewName":"etm.portal.ui.managerequests.view.Detail","properties":{"text":"Close"},"searchOpenDialogs":true,"interaction":{"idSuffix":"BDI-content"}},"wdio_ui5_key":"etmportal.ui.managerequests.view.Detailsap.m.Button{\"text\":\"Close\"}"}]}
RESULT: undefined
COMMAND: POST /session/56f047ff2d8b79b5fb882765d60ddf9f/element - {"using":"xpath","value":"//*[@id=\"__button45\"]"}
RESULT: {}
RESULT: {"using":"xpath","value":"//*[@id=\"__button45\"]"}
COMMAND: POST /session/56f047ff2d8b79b5fb882765d60ddf9f/element/f.918672ED9AB3AB03A4F724C7637EDD7B.d.EC3FE9A2B3DE06275961C0D9FD9679DE.e.11433/click - {}
RESULT: {}
COMMAND: POST /session/56f047ff2d8b79b5fb882765d60ddf9f/refresh - {}
COMMAND: GET /session/56f047ff2d8b79b5fb882765d60ddf9f/screenshot - {}
RESULT: {}
COMMAND: GET /session/56f047ff2d8b79b5fb882765d60ddf9f/screenshot - {}
RESULT: {}
RESULT: {}
COMMAND: POST /session/56f047ff2d8b79b5fb882765d60ddf9f/execute/async - {"script":"<script> [189 bytes]","args":[]}
RESULT: {"script":"<script> [189 bytes]","args":[]}
COMMAND: POST /session/56f047ff2d8b79b5fb882765d60ddf9f/execute/async - {"script":"<script> [123 bytes]","args":[]}
RESULT: {"script":"<script> [123 bytes]","args":[]}
COMMAND: POST /session/56f047ff2d8b79b5fb882765d60ddf9f/timeouts - {"script":"<number>"}
RESULT: {"script":"<number>"}
COMMAND: GET /session/56f047ff2d8b79b5fb882765d60ddf9f/timeouts - {}
RESULT: {}
RESULT: undefined
COMMAND: POST /session/56f047ff2d8b79b5fb882765d60ddf9f/execute/async - {"script":"<script> [2676 bytes]","args":[]}
RESULT: {"script":"<script> [2676 bytes]","args":[]}
COMMAND: POST /session/56f047ff2d8b79b5fb882765d60ddf9f/execute/async - {"script":"<script> [2342 bytes]","args":[{"protocol":"http","hostname":"0.0.0.0","path":"/","capabilities":{"browserName":"chrome","goog:chromeOptions":{"binary":"C:\\Program Files\\Google\\Chrome\\Application\\chrome.exe","args":["--start-maximized"]}},"logLevel":"warn","connectionRetryTimeout":120000,"connectionRetryCount":3,"logLevels":{},"enableDirectConnect":true,"strictSSL":true,"_":"65 more keys: [\"cacheDir\",\"port\",\"requestedCapabilities\",\"automationProtocol\",\"baseUrl\",\"waitforInterval\",\"waitforTimeout\",\"onReload\",\"beforeCommand\",\"afterCommand\",\"rootDir\",\"specs\",\"suites\",\"exclude\",\"groupLogsByTestSpec\",\"excludeDriverLogs\",\"bail\",\"framework\",\"reporters\",\"services\",\"maxInstances\",\"maxInstancesPerCapability\",\"injectGlobals\",\"filesToWatch\",\"execArgv\",\"runnerEnv\",\"runner\",\"shard\",\"specFileRetries\",\"specFileRetriesDelay\",\"specFileRetriesDeferred\",\"reporterSyncInterval\",\"reporterSyncTimeout\",\"cucumberFeaturesWithLineNumbers\",\"autoCompileOpts\",\"mochaOpts\",\"jasmineOpts\",\"cucumberOpts\",\"onPrepare\",\"onWorkerStart\",\"onWorkerEnd\",\"before\",\"beforeSession\",\"beforeSuite\",\"beforeHook\",\"beforeTest\",\"afterTest\",\"afterHook\",\"afterSuite\",\"afterSession\",\"after\",\"onComplete\",\"beforeAssertion\",\"afterAssertion\",\"beforeFeature\",\"beforeScenario\",\"beforeStep\",\"afterStep\",\"afterScenario\",\"afterFeature\",\"_\",\"suite\",\"$0\",\"ignoredWorkerServices\",\"wdi5\"]"}]}
RESULT: {"script":"<script> [2342 bytes]","args":[{"protocol":"http","hostname":"0.0.0.0","path":"/","capabilities":{"browserName":"chrome","goog:chromeOptions":{"binary":"C:\\Program Files\\Google\\Chrome\\Application\\chrome.exe","args":["--start-maximized"]}},"logLevel":"warn","connectionRetryTimeout":120000,"connectionRetryCount":3,"logLevels":{},"enableDirectConnect":true,"strictSSL":true,"_":"65 more keys: [\"cacheDir\",\"port\",\"requestedCapabilities\",\"automationProtocol\",\"baseUrl\",\"waitforInterval\",\"waitforTimeout\",\"onReload\",\"beforeCommand\",\"afterCommand\",\"rootDir\",\"specs\",\"suites\",\"exclude\",\"groupLogsByTestSpec\",\"excludeDriverLogs\",\"bail\",\"framework\",\"reporters\",\"services\",\"maxInstances\",\"maxInstancesPerCapability\",\"injectGlobals\",\"filesToWatch\",\"execArgv\",\"runnerEnv\",\"runner\",\"shard\",\"specFileRetries\",\"specFileRetriesDelay\",\"specFileRetriesDeferred\",\"reporterSyncInterval\",\"reporterSyncTimeout\",\"cucumberFeaturesWithLineNumbers\",\"autoCompileOpts\",\"mochaOpts\",\"jasmineOpts\",\"cucumberOpts\",\"onPrepare\",\"onWorkerStart\",\"onWorkerEnd\",\"before\",\"beforeSession\",\"beforeSuite\",\"beforeHook\",\"beforeTest\",\"afterTest\",\"afterHook\",\"afterSuite\",\"afterSession\",\"after\",\"onComplete\",\"beforeAssertion\",\"afterAssertion\",\"beforeFeature\",\"beforeScenario\",\"beforeStep\",\"afterStep\",\"afterScenario\",\"afterFeature\",\"_\",\"suite\",\"$0\",\"ignoredWorkerServices\",\"wdi5\"]"}]}
COMMAND: POST /session/56f047ff2d8b79b5fb882765d60ddf9f/execute/async - {"script":"<script> [21126 bytes]","args":[35000]}
RESULT: {"script":"<script> [21126 bytes]","args":[35000]}
]]></system-out>
    </testcase>
    <testcase classname="chrome.136_0_7103_49.windows.Process_request_items_into_new_quotation_US120163" name="Should process the request into a new quotation" time="56.127">
      <system-out><![CDATA[
COMMAND: GET /session/56f047ff2d8b79b5fb882765d60ddf9f/window - {}
RESULT: {}
COMMAND: POST /session/56f047ff2d8b79b5fb882765d60ddf9f/element - {"using":"xpath","value":"//span[contains(@id ,\"detailHeaderTitle-_actionsToolbar-overflowButton-img\")]"}
RESULT: {"using":"xpath","value":"//span[contains(@id ,\"detailHeaderTitle-_actionsToolbar-overflowButton-img\")]"}
COMMAND: POST /session/56f047ff2d8b79b5fb882765d60ddf9f/element/f.918672ED9AB3AB03A4F724C7637EDD7B.d.F669DED6B07C85800519B5393F18CB9A.e.11655/click - {}
RESULT: {}
COMMAND: GET /session/56f047ff2d8b79b5fb882765d60ddf9f/screenshot - {}
RESULT: {}
COMMAND: POST /session/56f047ff2d8b79b5fb882765d60ddf9f/element - {"using":"xpath","value":"//span[contains(@id ,\"actionsMenuButton-internalSplitBtn-arrowButton-img\")]"}
RESULT: {"using":"xpath","value":"//span[contains(@id ,\"actionsMenuButton-internalSplitBtn-arrowButton-img\")]"}
COMMAND: POST /session/56f047ff2d8b79b5fb882765d60ddf9f/element/f.918672ED9AB3AB03A4F724C7637EDD7B.d.F669DED6B07C85800519B5393F18CB9A.e.11658/click - {}
RESULT: {}
COMMAND: GET /session/56f047ff2d8b79b5fb882765d60ddf9f/screenshot - {}
RESULT: {}
COMMAND: POST /session/56f047ff2d8b79b5fb882765d60ddf9f/actions - {"actions":[{"id":"action87","type":"key","parameters":{},"actions":[{"type":"keyDown","value":"î€•"},{"type":"pause","duration":10},{"type":"keyUp","value":"î€•"}]}]}
RESULT: {"actions":[{"id":"action87","type":"key","parameters":{},"actions":[{"type":"keyDown","value":"î€•"},{"type":"pause","duration":10},{"type":"keyUp","value":"î€•"}]}]}
COMMAND: GET /session/56f047ff2d8b79b5fb882765d60ddf9f/screenshot - {}
RESULT: {}
COMMAND: POST /session/56f047ff2d8b79b5fb882765d60ddf9f/actions - {"actions":[{"id":"action88","type":"key","parameters":{},"actions":[{"type":"keyDown","value":"î€‡"},{"type":"pause","duration":10},{"type":"keyUp","value":"î€‡"}]}]}
RESULT: {"actions":[{"id":"action88","type":"key","parameters":{},"actions":[{"type":"keyDown","value":"î€‡"},{"type":"pause","duration":10},{"type":"keyUp","value":"î€‡"}]}]}
COMMAND: GET /session/56f047ff2d8b79b5fb882765d60ddf9f/screenshot - {}
RESULT: {}
COMMAND: POST /session/56f047ff2d8b79b5fb882765d60ddf9f/actions - {"actions":[{"id":"action89","type":"key","parameters":{},"actions":[{"type":"keyDown","value":"î€‡"},{"type":"pause","duration":10},{"type":"keyUp","value":"î€‡"}]}]}
RESULT: {"actions":[{"id":"action89","type":"key","parameters":{},"actions":[{"type":"keyDown","value":"î€‡"},{"type":"pause","duration":10},{"type":"keyUp","value":"î€‡"}]}]}
COMMAND: GET /session/56f047ff2d8b79b5fb882765d60ddf9f/screenshot - {}
RESULT: {}
COMMAND: POST /session/56f047ff2d8b79b5fb882765d60ddf9f/actions - {"actions":[{"id":"action90","type":"key","parameters":{},"actions":[{"type":"keyDown","value":"î€‡"},{"type":"pause","duration":10},{"type":"keyUp","value":"î€‡"}]}]}
RESULT: {"actions":[{"id":"action90","type":"key","parameters":{},"actions":[{"type":"keyDown","value":"î€‡"},{"type":"pause","duration":10},{"type":"keyUp","value":"î€‡"}]}]}
COMMAND: GET /session/56f047ff2d8b79b5fb882765d60ddf9f/screenshot - {}
RESULT: {}
COMMAND: POST /session/56f047ff2d8b79b5fb882765d60ddf9f/actions - {"actions":[{"id":"action91","type":"key","parameters":{},"actions":[{"type":"keyDown","value":"î€‡"},{"type":"pause","duration":10},{"type":"keyUp","value":"î€‡"}]}]}
RESULT: {"actions":[{"id":"action91","type":"key","parameters":{},"actions":[{"type":"keyDown","value":"î€‡"},{"type":"pause","duration":10},{"type":"keyUp","value":"î€‡"}]}]}
COMMAND: GET /session/56f047ff2d8b79b5fb882765d60ddf9f/screenshot - {}
RESULT: {}
COMMAND: GET /session/56f047ff2d8b79b5fb882765d60ddf9f/window/handles - {}
RESULT: {}
COMMAND: GET /session/56f047ff2d8b79b5fb882765d60ddf9f/window/handles - {}
RESULT: {}
COMMAND: POST /session/56f047ff2d8b79b5fb882765d60ddf9f/window - {"handle":"2699A0FD2B47CD826D52F5DC78A0B9C4"}
RESULT: {"handle":"2699A0FD2B47CD826D52F5DC78A0B9C4"}
COMMAND: GET /session/56f047ff2d8b79b5fb882765d60ddf9f/url - {}
RESULT: {}
COMMAND: GET /session/56f047ff2d8b79b5fb882765d60ddf9f/screenshot - {}
RESULT: {}
COMMAND: POST /session/56f047ff2d8b79b5fb882765d60ddf9f/element - {"using":"xpath","value":"//span[contains(text(), \"Header Billing Items\")]"}
RESULT: {"using":"xpath","value":"//span[contains(text(), \"Header Billing Items\")]"}
COMMAND: POST /session/56f047ff2d8b79b5fb882765d60ddf9f/element/f.2699A0FD2B47CD826D52F5DC78A0B9C4.d.892EF411F595F2C6843AC1119A174EAD.e.11875/click - {}
RESULT: {}
COMMAND: GET /session/56f047ff2d8b79b5fb882765d60ddf9f/screenshot - {}
RESULT: {}
COMMAND: POST /session/56f047ff2d8b79b5fb882765d60ddf9f/element - {"using":"xpath","value":"//span[contains(@id ,\"contractItemsSmartTable-header-inner\")]"}
RESULT: {"using":"xpath","value":"//span[contains(@id ,\"contractItemsSmartTable-header-inner\")]"}
COMMAND: GET /session/56f047ff2d8b79b5fb882765d60ddf9f/element/f.2699A0FD2B47CD826D52F5DC78A0B9C4.d.892EF411F595F2C6843AC1119A174EAD.e.11887/text - {}
RESULT: {}
COMMAND: POST /session/56f047ff2d8b79b5fb882765d60ddf9f/element - {"using":"xpath","value":"//span[@class=\"sapMObjStatusText\"][contains(text(), \"proposed\")]"}
RESULT: {"using":"xpath","value":"//span[@class=\"sapMObjStatusText\"][contains(text(), \"proposed\")]"}
COMMAND: GET /session/56f047ff2d8b79b5fb882765d60ddf9f/element/f.2699A0FD2B47CD826D52F5DC78A0B9C4.d.892EF411F595F2C6843AC1119A174EAD.e.11888/text - {}
RESULT: {}
COMMAND: DELETE /session/56f047ff2d8b79b5fb882765d60ddf9f/window - {}
RESULT: {}
COMMAND: POST /session/56f047ff2d8b79b5fb882765d60ddf9f/window - {"handle":"918672ED9AB3AB03A4F724C7637EDD7B"}
RESULT: {"handle":"918672ED9AB3AB03A4F724C7637EDD7B"}
COMMAND: GET /session/56f047ff2d8b79b5fb882765d60ddf9f/url - {}
RESULT: {}
COMMAND: GET /session/56f047ff2d8b79b5fb882765d60ddf9f/screenshot - {}
RESULT: {}
]]></system-out>
    </testcase>
    <testcase classname="chrome.136_0_7103_49.windows.Process_request_items_into_new_quotation_US120163" name="Should navigate back to the request and check the request and item statuses" time="25.506">
      <system-out><![CDATA[
COMMAND: POST /session/56f047ff2d8b79b5fb882765d60ddf9f/refresh - {}
RESULT: {}
COMMAND: GET /session/56f047ff2d8b79b5fb882765d60ddf9f/screenshot - {}
RESULT: {}
COMMAND: POST /session/56f047ff2d8b79b5fb882765d60ddf9f/execute/async - {"script":"<script> [189 bytes]","args":[]}
RESULT: {"script":"<script> [189 bytes]","args":[]}
COMMAND: POST /session/56f047ff2d8b79b5fb882765d60ddf9f/execute/async - {"script":"<script> [123 bytes]","args":[]}
RESULT: {"script":"<script> [123 bytes]","args":[]}
COMMAND: POST /session/56f047ff2d8b79b5fb882765d60ddf9f/timeouts - {"script":"<number>"}
RESULT: {"script":"<number>"}
COMMAND: GET /session/56f047ff2d8b79b5fb882765d60ddf9f/timeouts - {}
RESULT: {}
RESULT: undefined
COMMAND: POST /session/56f047ff2d8b79b5fb882765d60ddf9f/execute/async - {"script":"<script> [2676 bytes]","args":[]}
RESULT: {"script":"<script> [2676 bytes]","args":[]}
COMMAND: POST /session/56f047ff2d8b79b5fb882765d60ddf9f/execute/async - {"script":"<script> [2342 bytes]","args":[{"protocol":"http","hostname":"0.0.0.0","path":"/","capabilities":{"browserName":"chrome","goog:chromeOptions":{"binary":"C:\\Program Files\\Google\\Chrome\\Application\\chrome.exe","args":["--start-maximized"]}},"logLevel":"warn","connectionRetryTimeout":120000,"connectionRetryCount":3,"logLevels":{},"enableDirectConnect":true,"strictSSL":true,"_":"65 more keys: [\"cacheDir\",\"port\",\"requestedCapabilities\",\"automationProtocol\",\"baseUrl\",\"waitforInterval\",\"waitforTimeout\",\"onReload\",\"beforeCommand\",\"afterCommand\",\"rootDir\",\"specs\",\"suites\",\"exclude\",\"groupLogsByTestSpec\",\"excludeDriverLogs\",\"bail\",\"framework\",\"reporters\",\"services\",\"maxInstances\",\"maxInstancesPerCapability\",\"injectGlobals\",\"filesToWatch\",\"execArgv\",\"runnerEnv\",\"runner\",\"shard\",\"specFileRetries\",\"specFileRetriesDelay\",\"specFileRetriesDeferred\",\"reporterSyncInterval\",\"reporterSyncTimeout\",\"cucumberFeaturesWithLineNumbers\",\"autoCompileOpts\",\"mochaOpts\",\"jasmineOpts\",\"cucumberOpts\",\"onPrepare\",\"onWorkerStart\",\"onWorkerEnd\",\"before\",\"beforeSession\",\"beforeSuite\",\"beforeHook\",\"beforeTest\",\"afterTest\",\"afterHook\",\"afterSuite\",\"afterSession\",\"after\",\"onComplete\",\"beforeAssertion\",\"afterAssertion\",\"beforeFeature\",\"beforeScenario\",\"beforeStep\",\"afterStep\",\"afterScenario\",\"afterFeature\",\"_\",\"suite\",\"$0\",\"ignoredWorkerServices\",\"wdi5\"]"}]}
RESULT: {"script":"<script> [2342 bytes]","args":[{"protocol":"http","hostname":"0.0.0.0","path":"/","capabilities":{"browserName":"chrome","goog:chromeOptions":{"binary":"C:\\Program Files\\Google\\Chrome\\Application\\chrome.exe","args":["--start-maximized"]}},"logLevel":"warn","connectionRetryTimeout":120000,"connectionRetryCount":3,"logLevels":{},"enableDirectConnect":true,"strictSSL":true,"_":"65 more keys: [\"cacheDir\",\"port\",\"requestedCapabilities\",\"automationProtocol\",\"baseUrl\",\"waitforInterval\",\"waitforTimeout\",\"onReload\",\"beforeCommand\",\"afterCommand\",\"rootDir\",\"specs\",\"suites\",\"exclude\",\"groupLogsByTestSpec\",\"excludeDriverLogs\",\"bail\",\"framework\",\"reporters\",\"services\",\"maxInstances\",\"maxInstancesPerCapability\",\"injectGlobals\",\"filesToWatch\",\"execArgv\",\"runnerEnv\",\"runner\",\"shard\",\"specFileRetries\",\"specFileRetriesDelay\",\"specFileRetriesDeferred\",\"reporterSyncInterval\",\"reporterSyncTimeout\",\"cucumberFeaturesWithLineNumbers\",\"autoCompileOpts\",\"mochaOpts\",\"jasmineOpts\",\"cucumberOpts\",\"onPrepare\",\"onWorkerStart\",\"onWorkerEnd\",\"before\",\"beforeSession\",\"beforeSuite\",\"beforeHook\",\"beforeTest\",\"afterTest\",\"afterHook\",\"afterSuite\",\"afterSession\",\"after\",\"onComplete\",\"beforeAssertion\",\"afterAssertion\",\"beforeFeature\",\"beforeScenario\",\"beforeStep\",\"afterStep\",\"afterScenario\",\"afterFeature\",\"_\",\"suite\",\"$0\",\"ignoredWorkerServices\",\"wdi5\"]"}]}
COMMAND: POST /session/56f047ff2d8b79b5fb882765d60ddf9f/execute/async - {"script":"<script> [21126 bytes]","args":[35000]}
RESULT: {"script":"<script> [21126 bytes]","args":[35000]}
COMMAND: POST /session/56f047ff2d8b79b5fb882765d60ddf9f/execute/async - {"script":"<script> [1562 bytes]","args":[{"selector":{"controlType":"sap.m.Text","viewName":"etm.portal.ui.managerequests.view.Detail","bindingPath":{"path":"/SmartRequestItemsPlanningBoard(ITEM=10m,REQUEST='20101')","propertyPath":"STATUS_DESC"}},"wdio_ui5_key":"etmportal.ui.managerequests.view.Detailsap.m.Text{\"path\":\"/SmartRequestItemsPlanningBoard(ITEM=10m,REQUEST='20101')\",\"propertyPath\":\"STATUS_DESC\"}"}]}
RESULT: {"script":"<script> [1562 bytes]","args":[{"selector":{"controlType":"sap.m.Text","viewName":"etm.portal.ui.managerequests.view.Detail","bindingPath":{"path":"/SmartRequestItemsPlanningBoard(ITEM=10m,REQUEST='20101')","propertyPath":"STATUS_DESC"}},"wdio_ui5_key":"etmportal.ui.managerequests.view.Detailsap.m.Text{\"path\":\"/SmartRequestItemsPlanningBoard(ITEM=10m,REQUEST='20101')\",\"propertyPath\":\"STATUS_DESC\"}"}]}
RESULT: undefined
COMMAND: POST /session/56f047ff2d8b79b5fb882765d60ddf9f/execute/async - {"script":"<script> [6424 bytes]","args":[{"element-6066-11e4-a52e-4f735466cecf":"f.918672ED9AB3AB03A4F724C7637EDD7B.d.9648A0B442E32BA8EAD245CCC70A66F7.e.12104"},"getText",[]]}
RESULT: {"script":"<script> [6424 bytes]","args":[{"element-6066-11e4-a52e-4f735466cecf":"f.918672ED9AB3AB03A4F724C7637EDD7B.d.9648A0B442E32BA8EAD245CCC70A66F7.e.12104"},"getText",[]]}
COMMAND: POST /session/56f047ff2d8b79b5fb882765d60ddf9f/execute/async - {"script":"<script> [1562 bytes]","args":[{"selector":{"controlType":"sap.m.ObjectStatus","viewName":"etm.portal.ui.managerequests.view.Detail","bindingPath":{"path":"/RequestHeaders('20101')","propertyPath":"LINK_TO_STATUS/DESCRIPTION","modelName":"catalogModel"}},"wdio_ui5_key":"etmportal.ui.managerequests.view.Detailsap.m.ObjectStatus{\"path\":\"/RequestHeaders('20101')\",\"propertyPath\":\"LINK_TO_STATUS/DESCRIPTION\",\"modelName\":\"catalogModel\"}"}]}
RESULT: {"script":"<script> [1562 bytes]","args":[{"selector":{"controlType":"sap.m.ObjectStatus","viewName":"etm.portal.ui.managerequests.view.Detail","bindingPath":{"path":"/RequestHeaders('20101')","propertyPath":"LINK_TO_STATUS/DESCRIPTION","modelName":"catalogModel"}},"wdio_ui5_key":"etmportal.ui.managerequests.view.Detailsap.m.ObjectStatus{\"path\":\"/RequestHeaders('20101')\",\"propertyPath\":\"LINK_TO_STATUS/DESCRIPTION\",\"modelName\":\"catalogModel\"}"}]}
RESULT: undefined
COMMAND: POST /session/56f047ff2d8b79b5fb882765d60ddf9f/execute/async - {"script":"<script> [6424 bytes]","args":[{"element-6066-11e4-a52e-4f735466cecf":"f.918672ED9AB3AB03A4F724C7637EDD7B.d.9648A0B442E32BA8EAD245CCC70A66F7.e.12105"},"getText",[]]}
RESULT: {"script":"<script> [6424 bytes]","args":[{"element-6066-11e4-a52e-4f735466cecf":"f.918672ED9AB3AB03A4F724C7637EDD7B.d.9648A0B442E32BA8EAD245CCC70A66F7.e.12105"},"getText",[]]}
COMMAND: POST /session/56f047ff2d8b79b5fb882765d60ddf9f/element - {"using":"css selector","value":"#shell-header-logo"}
RESULT: {"using":"css selector","value":"#shell-header-logo"}
COMMAND: POST /session/56f047ff2d8b79b5fb882765d60ddf9f/element/f.918672ED9AB3AB03A4F724C7637EDD7B.d.9648A0B442E32BA8EAD245CCC70A66F7.e.11895/click - {}
RESULT: {}
COMMAND: GET /session/56f047ff2d8b79b5fb882765d60ddf9f/screenshot - {}
RESULT: {}
]]></system-out>
    </testcase>
  </testsuite>
  <testsuite timestamp="2025-05-14T16:24:22" time="453.872" tests="4" failures="0" errors="0" skipped="0">
    <properties>
      <property name="specId" value="0" />
      <property name="suiteName" value="Process request items into an existing quotation US120163" />
      <property name="capabilities" value="chrome.136_0_7103_49.windows" />
      <property name="file" value="file:///D:/a/1/s/test/specs/R2C/process-request-items-into-existing-quotation.spec.js" />
    </properties>
    <testcase classname="chrome.136_0_7103_49.windows.Process_request_items_into_an_existing_quotation_US120163" name="Should create a new quotation" time="99.798">
      <system-out><![CDATA[
COMMAND: POST /session/56f047ff2d8b79b5fb882765d60ddf9f/execute/async - {"script":"<script> [1562 bytes]","args":[{"selector":{"controlType":"sap.m.GenericTile","properties":{"header":"Manage Quotations"}},"wdio_ui5_key":"sapm.GenericTile{\"header\":\"Manage Quotations\"}"}]}
RESULT: {"script":"<script> [1562 bytes]","args":[{"selector":{"controlType":"sap.m.GenericTile","properties":{"header":"Manage Quotations"}},"wdio_ui5_key":"sapm.GenericTile{\"header\":\"Manage Quotations\"}"}]}
RESULT: undefined
COMMAND: POST /session/56f047ff2d8b79b5fb882765d60ddf9f/element - {"using":"xpath","value":"//*[@id=\"__tile133\"]"}
RESULT: {"using":"xpath","value":"//*[@id=\"__tile133\"]"}
COMMAND: POST /session/56f047ff2d8b79b5fb882765d60ddf9f/element/f.918672ED9AB3AB03A4F724C7637EDD7B.d.9648A0B442E32BA8EAD245CCC70A66F7.e.12119/click - {}
RESULT: {}
COMMAND: GET /session/56f047ff2d8b79b5fb882765d60ddf9f/screenshot - {}
RESULT: {}
COMMAND: POST /session/56f047ff2d8b79b5fb882765d60ddf9f/elements - {"using":"xpath","value":"//span[text()='Error']"}
RESULT: {"using":"xpath","value":"//span[text()='Error']"}
COMMAND: POST /session/56f047ff2d8b79b5fb882765d60ddf9f/element - {"using":"xpath","value":"//button[contains(@title ,\"Add New Contract\")]"}
RESULT: {"using":"xpath","value":"//button[contains(@title ,\"Add New Contract\")]"}
COMMAND: POST /session/56f047ff2d8b79b5fb882765d60ddf9f/element/f.918672ED9AB3AB03A4F724C7637EDD7B.d.9648A0B442E32BA8EAD245CCC70A66F7.e.12159/click - {}
RESULT: {}
COMMAND: GET /session/56f047ff2d8b79b5fb882765d60ddf9f/screenshot - {}
RESULT: {}
COMMAND: POST /session/56f047ff2d8b79b5fb882765d60ddf9f/element - {"using":"xpath","value":"//input[contains(@id ,\"application-managequotations-display-component---AddNewContract--projectDescription-inner\")]"}
RESULT: {"using":"xpath","value":"//input[contains(@id ,\"application-managequotations-display-component---AddNewContract--projectDescription-inner\")]"}
COMMAND: POST /session/56f047ff2d8b79b5fb882765d60ddf9f/element/f.918672ED9AB3AB03A4F724C7637EDD7B.d.9648A0B442E32BA8EAD245CCC70A66F7.e.12470/value - {"text":"WdIOQuotation8kg7c"}
RESULT: {"text":"WdIOQuotation8kg7c"}
COMMAND: GET /session/56f047ff2d8b79b5fb882765d60ddf9f/screenshot - {}
RESULT: {}
COMMAND: POST /session/56f047ff2d8b79b5fb882765d60ddf9f/element - {"using":"xpath","value":"//input[contains(@id ,\"application-managequotations-display-component---AddNewContract--yardId-inner\")]"}
RESULT: {"using":"xpath","value":"//input[contains(@id ,\"application-managequotations-display-component---AddNewContract--yardId-inner\")]"}
COMMAND: POST /session/56f047ff2d8b79b5fb882765d60ddf9f/element/f.918672ED9AB3AB03A4F724C7637EDD7B.d.9648A0B442E32BA8EAD245CCC70A66F7.e.12473/value - {"text":"WebdriverYardg9f4e"}
RESULT: {"text":"WebdriverYardg9f4e"}
COMMAND: GET /session/56f047ff2d8b79b5fb882765d60ddf9f/screenshot - {}
RESULT: {}
COMMAND: POST /session/56f047ff2d8b79b5fb882765d60ddf9f/actions - {"actions":[{"id":"action92","type":"key","parameters":{},"actions":[{"type":"keyDown","value":"î€‡"},{"type":"pause","duration":10},{"type":"keyUp","value":"î€‡"}]}]}
RESULT: {"actions":[{"id":"action92","type":"key","parameters":{},"actions":[{"type":"keyDown","value":"î€‡"},{"type":"pause","duration":10},{"type":"keyUp","value":"î€‡"}]}]}
COMMAND: GET /session/56f047ff2d8b79b5fb882765d60ddf9f/screenshot - {}
RESULT: {}
COMMAND: POST /session/56f047ff2d8b79b5fb882765d60ddf9f/element - {"using":"xpath","value":"//input[contains(@id ,\"application-managequotations-display-component---AddNewContract--customerSelect-inner\")]"}
RESULT: {"using":"xpath","value":"//input[contains(@id ,\"application-managequotations-display-component---AddNewContract--customerSelect-inner\")]"}
COMMAND: POST /session/56f047ff2d8b79b5fb882765d60ddf9f/element/f.918672ED9AB3AB03A4F724C7637EDD7B.d.9648A0B442E32BA8EAD245CCC70A66F7.e.12471/value - {"text":"WebdriverPartnerssnkw"}
RESULT: {"text":"WebdriverPartnerssnkw"}
COMMAND: GET /session/56f047ff2d8b79b5fb882765d60ddf9f/screenshot - {}
RESULT: {}
COMMAND: POST /session/56f047ff2d8b79b5fb882765d60ddf9f/actions - {"actions":[{"id":"action93","type":"key","parameters":{},"actions":[{"type":"keyDown","value":"î€‡"},{"type":"pause","duration":10},{"type":"keyUp","value":"î€‡"}]}]}
RESULT: {"actions":[{"id":"action93","type":"key","parameters":{},"actions":[{"type":"keyDown","value":"î€‡"},{"type":"pause","duration":10},{"type":"keyUp","value":"î€‡"}]}]}
COMMAND: GET /session/56f047ff2d8b79b5fb882765d60ddf9f/screenshot - {}
RESULT: {}
COMMAND: POST /session/56f047ff2d8b79b5fb882765d60ddf9f/element - {"using":"xpath","value":"//input[contains(@id ,\"application-managequotations-display-component---AddNewContract--site-inner\")]"}
RESULT: {"using":"xpath","value":"//input[contains(@id ,\"application-managequotations-display-component---AddNewContract--site-inner\")]"}
COMMAND: POST /session/56f047ff2d8b79b5fb882765d60ddf9f/element/f.918672ED9AB3AB03A4F724C7637EDD7B.d.9648A0B442E32BA8EAD245CCC70A66F7.e.12472/value - {"text":"WebdriverSiterw9ze"}
RESULT: {"text":"WebdriverSiterw9ze"}
COMMAND: GET /session/56f047ff2d8b79b5fb882765d60ddf9f/screenshot - {}
RESULT: {}
COMMAND: POST /session/56f047ff2d8b79b5fb882765d60ddf9f/actions - {"actions":[{"id":"action94","type":"key","parameters":{},"actions":[{"type":"keyDown","value":"î€‡"},{"type":"pause","duration":10},{"type":"keyUp","value":"î€‡"}]}]}
RESULT: {"actions":[{"id":"action94","type":"key","parameters":{},"actions":[{"type":"keyDown","value":"î€‡"},{"type":"pause","duration":10},{"type":"keyUp","value":"î€‡"}]}]}
COMMAND: GET /session/56f047ff2d8b79b5fb882765d60ddf9f/screenshot - {}
RESULT: {}
COMMAND: POST /session/56f047ff2d8b79b5fb882765d60ddf9f/element - {"using":"xpath","value":"//bdi[contains(text(), \"Save\")]"}
RESULT: {"using":"xpath","value":"//bdi[contains(text(), \"Save\")]"}
COMMAND: POST /session/56f047ff2d8b79b5fb882765d60ddf9f/element/f.918672ED9AB3AB03A4F724C7637EDD7B.d.9648A0B442E32BA8EAD245CCC70A66F7.e.12508/click - {}
RESULT: {}
COMMAND: GET /session/56f047ff2d8b79b5fb882765d60ddf9f/screenshot - {}
RESULT: {}
COMMAND: POST /session/56f047ff2d8b79b5fb882765d60ddf9f/element - {"using":"css selector","value":"#shell-header-logo"}
RESULT: {"using":"css selector","value":"#shell-header-logo"}
COMMAND: POST /session/56f047ff2d8b79b5fb882765d60ddf9f/element/f.918672ED9AB3AB03A4F724C7637EDD7B.d.9648A0B442E32BA8EAD245CCC70A66F7.e.12121/click - {}
RESULT: {}
COMMAND: GET /session/56f047ff2d8b79b5fb882765d60ddf9f/screenshot - {}
RESULT: {}
COMMAND: POST /session/56f047ff2d8b79b5fb882765d60ddf9f/refresh - {}
RESULT: {}
COMMAND: GET /session/56f047ff2d8b79b5fb882765d60ddf9f/screenshot - {}
RESULT: {}
COMMAND: POST /session/56f047ff2d8b79b5fb882765d60ddf9f/execute/async - {"script":"<script> [189 bytes]","args":[]}
RESULT: {"script":"<script> [189 bytes]","args":[]}
COMMAND: POST /session/56f047ff2d8b79b5fb882765d60ddf9f/execute/async - {"script":"<script> [123 bytes]","args":[]}
RESULT: {"script":"<script> [123 bytes]","args":[]}
COMMAND: POST /session/56f047ff2d8b79b5fb882765d60ddf9f/timeouts - {"script":"<number>"}
RESULT: {"script":"<number>"}
COMMAND: GET /session/56f047ff2d8b79b5fb882765d60ddf9f/timeouts - {}
RESULT: {}
RESULT: undefined
COMMAND: POST /session/56f047ff2d8b79b5fb882765d60ddf9f/execute/async - {"script":"<script> [2676 bytes]","args":[]}
RESULT: {"script":"<script> [2676 bytes]","args":[]}
COMMAND: POST /session/56f047ff2d8b79b5fb882765d60ddf9f/execute/async - {"script":"<script> [2342 bytes]","args":[{"protocol":"http","hostname":"0.0.0.0","path":"/","capabilities":{"browserName":"chrome","goog:chromeOptions":{"binary":"C:\\Program Files\\Google\\Chrome\\Application\\chrome.exe","args":["--start-maximized"]}},"logLevel":"warn","connectionRetryTimeout":120000,"connectionRetryCount":3,"logLevels":{},"enableDirectConnect":true,"strictSSL":true,"_":"65 more keys: [\"cacheDir\",\"port\",\"requestedCapabilities\",\"automationProtocol\",\"baseUrl\",\"waitforInterval\",\"waitforTimeout\",\"onReload\",\"beforeCommand\",\"afterCommand\",\"rootDir\",\"specs\",\"suites\",\"exclude\",\"groupLogsByTestSpec\",\"excludeDriverLogs\",\"bail\",\"framework\",\"reporters\",\"services\",\"maxInstances\",\"maxInstancesPerCapability\",\"injectGlobals\",\"filesToWatch\",\"execArgv\",\"runnerEnv\",\"runner\",\"shard\",\"specFileRetries\",\"specFileRetriesDelay\",\"specFileRetriesDeferred\",\"reporterSyncInterval\",\"reporterSyncTimeout\",\"cucumberFeaturesWithLineNumbers\",\"autoCompileOpts\",\"mochaOpts\",\"jasmineOpts\",\"cucumberOpts\",\"onPrepare\",\"onWorkerStart\",\"onWorkerEnd\",\"before\",\"beforeSession\",\"beforeSuite\",\"beforeHook\",\"beforeTest\",\"afterTest\",\"afterHook\",\"afterSuite\",\"afterSession\",\"after\",\"onComplete\",\"beforeAssertion\",\"afterAssertion\",\"beforeFeature\",\"beforeScenario\",\"beforeStep\",\"afterStep\",\"afterScenario\",\"afterFeature\",\"_\",\"suite\",\"$0\",\"ignoredWorkerServices\",\"wdi5\"]"}]}
RESULT: {"script":"<script> [2342 bytes]","args":[{"protocol":"http","hostname":"0.0.0.0","path":"/","capabilities":{"browserName":"chrome","goog:chromeOptions":{"binary":"C:\\Program Files\\Google\\Chrome\\Application\\chrome.exe","args":["--start-maximized"]}},"logLevel":"warn","connectionRetryTimeout":120000,"connectionRetryCount":3,"logLevels":{},"enableDirectConnect":true,"strictSSL":true,"_":"65 more keys: [\"cacheDir\",\"port\",\"requestedCapabilities\",\"automationProtocol\",\"baseUrl\",\"waitforInterval\",\"waitforTimeout\",\"onReload\",\"beforeCommand\",\"afterCommand\",\"rootDir\",\"specs\",\"suites\",\"exclude\",\"groupLogsByTestSpec\",\"excludeDriverLogs\",\"bail\",\"framework\",\"reporters\",\"services\",\"maxInstances\",\"maxInstancesPerCapability\",\"injectGlobals\",\"filesToWatch\",\"execArgv\",\"runnerEnv\",\"runner\",\"shard\",\"specFileRetries\",\"specFileRetriesDelay\",\"specFileRetriesDeferred\",\"reporterSyncInterval\",\"reporterSyncTimeout\",\"cucumberFeaturesWithLineNumbers\",\"autoCompileOpts\",\"mochaOpts\",\"jasmineOpts\",\"cucumberOpts\",\"onPrepare\",\"onWorkerStart\",\"onWorkerEnd\",\"before\",\"beforeSession\",\"beforeSuite\",\"beforeHook\",\"beforeTest\",\"afterTest\",\"afterHook\",\"afterSuite\",\"afterSession\",\"after\",\"onComplete\",\"beforeAssertion\",\"afterAssertion\",\"beforeFeature\",\"beforeScenario\",\"beforeStep\",\"afterStep\",\"afterScenario\",\"afterFeature\",\"_\",\"suite\",\"$0\",\"ignoredWorkerServices\",\"wdi5\"]"}]}
COMMAND: POST /session/56f047ff2d8b79b5fb882765d60ddf9f/execute/async - {"script":"<script> [21126 bytes]","args":[35000]}
RESULT: {"script":"<script> [21126 bytes]","args":[35000]}
]]></system-out>
    </testcase>
    <testcase classname="chrome.136_0_7103_49.windows.Process_request_items_into_an_existing_quotation_US120163" name="Should create a new request with catalog items and plan it" time="236.153">
      <system-out><![CDATA[
COMMAND: POST /session/56f047ff2d8b79b5fb882765d60ddf9f/execute/async - {"script":"<script> [1562 bytes]","args":[{"selector":{"controlType":"sap.m.GenericTile","properties":{"header":"Manage Requests"}},"wdio_ui5_key":"sapm.GenericTile{\"header\":\"Manage Requests\"}"}]}
RESULT: {"script":"<script> [1562 bytes]","args":[{"selector":{"controlType":"sap.m.GenericTile","properties":{"header":"Manage Requests"}},"wdio_ui5_key":"sapm.GenericTile{\"header\":\"Manage Requests\"}"}]}
RESULT: undefined
COMMAND: POST /session/56f047ff2d8b79b5fb882765d60ddf9f/element - {"using":"xpath","value":"//*[@id=\"__tile47\"]"}
RESULT: {"using":"xpath","value":"//*[@id=\"__tile47\"]"}
COMMAND: POST /session/56f047ff2d8b79b5fb882765d60ddf9f/element/f.918672ED9AB3AB03A4F724C7637EDD7B.d.8FD8871AD6CB9EC4FE84658052CA41B8.e.12600/click - {}
RESULT: {}
COMMAND: GET /session/56f047ff2d8b79b5fb882765d60ddf9f/screenshot - {}
RESULT: {}
COMMAND: POST /session/56f047ff2d8b79b5fb882765d60ddf9f/elements - {"using":"xpath","value":"//span[text()='Error']"}
RESULT: {"using":"xpath","value":"//span[text()='Error']"}
COMMAND: POST /session/56f047ff2d8b79b5fb882765d60ddf9f/element - {"using":"xpath","value":"(//span[contains(@class ,\"sapMObjStatusText\")])[1]"}
RESULT: {"using":"xpath","value":"(//span[contains(@class ,\"sapMObjStatusText\")])[1]"}
COMMAND: POST /session/56f047ff2d8b79b5fb882765d60ddf9f/execute/sync - {"script":"<script> [8489 bytes]","args":[{"element-6066-11e4-a52e-4f735466cecf":"f.918672ED9AB3AB03A4F724C7637EDD7B.d.8FD8871AD6CB9EC4FE84658052CA41B8.e.12698","ELEMENT":"f.918672ED9AB3AB03A4F724C7637EDD7B.d.8FD8871AD6CB9EC4FE84658052CA41B8.e.12698"}]}
RESULT: {"script":"<script> [8489 bytes]","args":[{"element-6066-11e4-a52e-4f735466cecf":"f.918672ED9AB3AB03A4F724C7637EDD7B.d.8FD8871AD6CB9EC4FE84658052CA41B8.e.12698","ELEMENT":"f.918672ED9AB3AB03A4F724C7637EDD7B.d.8FD8871AD6CB9EC4FE84658052CA41B8.e.12698"}]}
COMMAND: POST /session/56f047ff2d8b79b5fb882765d60ddf9f/element - {"using":"xpath","value":"//button[contains(@data-kt ,\"btnCreateNewOverflowToolbarButton\")]"}
COMMAND: GET /session/56f047ff2d8b79b5fb882765d60ddf9f/screenshot - {}
RESULT: {"using":"xpath","value":"//button[contains(@data-kt ,\"btnCreateNewOverflowToolbarButton\")]"}
COMMAND: POST /session/56f047ff2d8b79b5fb882765d60ddf9f/element/f.918672ED9AB3AB03A4F724C7637EDD7B.d.8FD8871AD6CB9EC4FE84658052CA41B8.e.12658/click - {}
RESULT: {}
RESULT: {}
COMMAND: GET /session/56f047ff2d8b79b5fb882765d60ddf9f/screenshot - {}
RESULT: {}
COMMAND: POST /session/56f047ff2d8b79b5fb882765d60ddf9f/element - {"using":"xpath","value":"//input[contains(@id ,\"yardId-inner\")]"}
RESULT: {"using":"xpath","value":"//input[contains(@id ,\"yardId-inner\")]"}
COMMAND: POST /session/56f047ff2d8b79b5fb882765d60ddf9f/execute/sync - {"script":"<script> [8489 bytes]","args":[{"element-6066-11e4-a52e-4f735466cecf":"f.918672ED9AB3AB03A4F724C7637EDD7B.d.8FD8871AD6CB9EC4FE84658052CA41B8.e.12783","ELEMENT":"f.918672ED9AB3AB03A4F724C7637EDD7B.d.8FD8871AD6CB9EC4FE84658052CA41B8.e.12783"}]}
RESULT: {"script":"<script> [8489 bytes]","args":[{"element-6066-11e4-a52e-4f735466cecf":"f.918672ED9AB3AB03A4F724C7637EDD7B.d.8FD8871AD6CB9EC4FE84658052CA41B8.e.12783","ELEMENT":"f.918672ED9AB3AB03A4F724C7637EDD7B.d.8FD8871AD6CB9EC4FE84658052CA41B8.e.12783"}]}
COMMAND: POST /session/56f047ff2d8b79b5fb882765d60ddf9f/element - {"using":"xpath","value":"//input[contains(@id ,\"yardId-inner\")]"}
COMMAND: GET /session/56f047ff2d8b79b5fb882765d60ddf9f/screenshot - {}
RESULT: {"using":"xpath","value":"//input[contains(@id ,\"yardId-inner\")]"}
COMMAND: GET /session/56f047ff2d8b79b5fb882765d60ddf9f/element/f.918672ED9AB3AB03A4F724C7637EDD7B.d.8FD8871AD6CB9EC4FE84658052CA41B8.e.12783/enabled - {}
RESULT: {}
RESULT: {}
COMMAND: POST /session/56f047ff2d8b79b5fb882765d60ddf9f/element/f.918672ED9AB3AB03A4F724C7637EDD7B.d.8FD8871AD6CB9EC4FE84658052CA41B8.e.12783/clear - {}
COMMAND: GET /session/56f047ff2d8b79b5fb882765d60ddf9f/screenshot - {}
RESULT: {}
COMMAND: POST /session/56f047ff2d8b79b5fb882765d60ddf9f/element/f.918672ED9AB3AB03A4F724C7637EDD7B.d.8FD8871AD6CB9EC4FE84658052CA41B8.e.12783/value - {"text":"WebdriverYardg9f4e"}
COMMAND: GET /session/56f047ff2d8b79b5fb882765d60ddf9f/screenshot - {}
RESULT: {}
RESULT: {"text":"WebdriverYardg9f4e"}
COMMAND: GET /session/56f047ff2d8b79b5fb882765d60ddf9f/screenshot - {}
RESULT: {}
RESULT: {}
COMMAND: POST /session/56f047ff2d8b79b5fb882765d60ddf9f/actions - {"actions":[{"id":"action95","type":"key","parameters":{},"actions":[{"type":"keyDown","value":"î€‡"},{"type":"pause","duration":10},{"type":"keyUp","value":"î€‡"}]}]}
RESULT: {"actions":[{"id":"action95","type":"key","parameters":{},"actions":[{"type":"keyDown","value":"î€‡"},{"type":"pause","duration":10},{"type":"keyUp","value":"î€‡"}]}]}
COMMAND: GET /session/56f047ff2d8b79b5fb882765d60ddf9f/screenshot - {}
RESULT: {}
COMMAND: POST /session/56f047ff2d8b79b5fb882765d60ddf9f/element - {"using":"xpath","value":"//input[contains(@id ,\"customerNumber-inner\")]"}
RESULT: {"using":"xpath","value":"//input[contains(@id ,\"customerNumber-inner\")]"}
COMMAND: POST /session/56f047ff2d8b79b5fb882765d60ddf9f/element/f.918672ED9AB3AB03A4F724C7637EDD7B.d.8FD8871AD6CB9EC4FE84658052CA41B8.e.12779/value - {"text":"WebdriverPartnerssnkw"}
RESULT: {"text":"WebdriverPartnerssnkw"}
COMMAND: GET /session/56f047ff2d8b79b5fb882765d60ddf9f/screenshot - {}
RESULT: {}
COMMAND: POST /session/56f047ff2d8b79b5fb882765d60ddf9f/actions - {"actions":[{"id":"action96","type":"key","parameters":{},"actions":[{"type":"keyDown","value":"î€‡"},{"type":"pause","duration":10},{"type":"keyUp","value":"î€‡"}]}]}
RESULT: {"actions":[{"id":"action96","type":"key","parameters":{},"actions":[{"type":"keyDown","value":"î€‡"},{"type":"pause","duration":10},{"type":"keyUp","value":"î€‡"}]}]}
COMMAND: GET /session/56f047ff2d8b79b5fb882765d60ddf9f/screenshot - {}
RESULT: {}
COMMAND: GET /session/56f047ff2d8b79b5fb882765d60ddf9f/element/f.918672ED9AB3AB03A4F724C7637EDD7B.d.8FD8871AD6CB9EC4FE84658052CA41B8.e.12779/property/value - {}
RESULT: {}
COMMAND: POST /session/56f047ff2d8b79b5fb882765d60ddf9f/element/f.918672ED9AB3AB03A4F724C7637EDD7B.d.8FD8871AD6CB9EC4FE84658052CA41B8.e.12779/value - {"text":"WebdriverPartnerssnkw"}
COMMAND: GET /session/56f047ff2d8b79b5fb882765d60ddf9f/screenshot - {}
RESULT: {"text":"WebdriverPartnerssnkw"}
COMMAND: GET /session/56f047ff2d8b79b5fb882765d60ddf9f/screenshot - {}
RESULT: {}
RESULT: {}
COMMAND: POST /session/56f047ff2d8b79b5fb882765d60ddf9f/actions - {"actions":[{"id":"action97","type":"key","parameters":{},"actions":[{"type":"keyDown","value":"î€‡"},{"type":"pause","duration":10},{"type":"keyUp","value":"î€‡"}]}]}
RESULT: {"actions":[{"id":"action97","type":"key","parameters":{},"actions":[{"type":"keyDown","value":"î€‡"},{"type":"pause","duration":10},{"type":"keyUp","value":"î€‡"}]}]}
COMMAND: GET /session/56f047ff2d8b79b5fb882765d60ddf9f/screenshot - {}
RESULT: {}
COMMAND: POST /session/56f047ff2d8b79b5fb882765d60ddf9f/element - {"using":"xpath","value":"//input[contains(@id ,\"requestSiteId-inner\")]"}
RESULT: {"using":"xpath","value":"//input[contains(@id ,\"requestSiteId-inner\")]"}
COMMAND: POST /session/56f047ff2d8b79b5fb882765d60ddf9f/element/f.918672ED9AB3AB03A4F724C7637EDD7B.d.8FD8871AD6CB9EC4FE84658052CA41B8.e.12778/value - {"text":"WebdriverSiterw9ze"}
RESULT: {"text":"WebdriverSiterw9ze"}
COMMAND: GET /session/56f047ff2d8b79b5fb882765d60ddf9f/screenshot - {}
RESULT: {}
COMMAND: POST /session/56f047ff2d8b79b5fb882765d60ddf9f/actions - {"actions":[{"id":"action98","type":"key","parameters":{},"actions":[{"type":"keyDown","value":"î€‡"},{"type":"pause","duration":10},{"type":"keyUp","value":"î€‡"}]}]}
RESULT: {"actions":[{"id":"action98","type":"key","parameters":{},"actions":[{"type":"keyDown","value":"î€‡"},{"type":"pause","duration":10},{"type":"keyUp","value":"î€‡"}]}]}
COMMAND: GET /session/56f047ff2d8b79b5fb882765d60ddf9f/screenshot - {}
RESULT: {}
COMMAND: POST /session/56f047ff2d8b79b5fb882765d60ddf9f/element - {"using":"xpath","value":"//button[contains(@data-kt ,\"requestItemAddOverflowToolbarButton\")]"}
RESULT: {"using":"xpath","value":"//button[contains(@data-kt ,\"requestItemAddOverflowToolbarButton\")]"}
COMMAND: POST /session/56f047ff2d8b79b5fb882765d60ddf9f/element/f.918672ED9AB3AB03A4F724C7637EDD7B.d.8FD8871AD6CB9EC4FE84658052CA41B8.e.12969/click - {}
RESULT: {}
COMMAND: GET /session/56f047ff2d8b79b5fb882765d60ddf9f/screenshot - {}
RESULT: {}
COMMAND: POST /session/56f047ff2d8b79b5fb882765d60ddf9f/actions - {"actions":[{"id":"action99","type":"key","parameters":{},"actions":[{"type":"keyDown","value":"î€•"},{"type":"pause","duration":10},{"type":"keyUp","value":"î€•"}]}]}
RESULT: {"actions":[{"id":"action99","type":"key","parameters":{},"actions":[{"type":"keyDown","value":"î€•"},{"type":"pause","duration":10},{"type":"keyUp","value":"î€•"}]}]}
COMMAND: POST /session/56f047ff2d8b79b5fb882765d60ddf9f/actions - {"actions":[{"id":"action100","type":"key","parameters":{},"actions":[{"type":"keyDown","value":"î€‡"},{"type":"pause","duration":10},{"type":"keyUp","value":"î€‡"}]}]}
COMMAND: GET /session/56f047ff2d8b79b5fb882765d60ddf9f/screenshot - {}
RESULT: {"actions":[{"id":"action100","type":"key","parameters":{},"actions":[{"type":"keyDown","value":"î€‡"},{"type":"pause","duration":10},{"type":"keyUp","value":"î€‡"}]}]}
COMMAND: GET /session/56f047ff2d8b79b5fb882765d60ddf9f/screenshot - {}
RESULT: {}
RESULT: {}
COMMAND: POST /session/56f047ff2d8b79b5fb882765d60ddf9f/element - {"using":"xpath","value":"(//input[contains(@id ,\"requestItemsTable-0-inner\")])[1]"}
RESULT: {"using":"xpath","value":"(//input[contains(@id ,\"requestItemsTable-0-inner\")])[1]"}
COMMAND: POST /session/56f047ff2d8b79b5fb882765d60ddf9f/element/f.918672ED9AB3AB03A4F724C7637EDD7B.d.8FD8871AD6CB9EC4FE84658052CA41B8.e.12973/clear - {}
RESULT: {}
COMMAND: POST /session/56f047ff2d8b79b5fb882765d60ddf9f/element/f.918672ED9AB3AB03A4F724C7637EDD7B.d.8FD8871AD6CB9EC4FE84658052CA41B8.e.12973/value - {"text":"catalogItem9e3ef"}
COMMAND: GET /session/56f047ff2d8b79b5fb882765d60ddf9f/screenshot - {}
RESULT: {"text":"catalogItem9e3ef"}
COMMAND: GET /session/56f047ff2d8b79b5fb882765d60ddf9f/screenshot - {}
RESULT: {}
RESULT: {}
COMMAND: POST /session/56f047ff2d8b79b5fb882765d60ddf9f/actions - {"actions":[{"id":"action101","type":"key","parameters":{},"actions":[{"type":"keyDown","value":"î€‡"},{"type":"pause","duration":10},{"type":"keyUp","value":"î€‡"}]}]}
RESULT: {"actions":[{"id":"action101","type":"key","parameters":{},"actions":[{"type":"keyDown","value":"î€‡"},{"type":"pause","duration":10},{"type":"keyUp","value":"î€‡"}]}]}
COMMAND: GET /session/56f047ff2d8b79b5fb882765d60ddf9f/screenshot - {}
RESULT: {}
COMMAND: POST /session/56f047ff2d8b79b5fb882765d60ddf9f/execute/async - {"script":"<script> [1562 bytes]","args":[{"selector":{"controlType":"sap.ui.core.Icon","viewName":"etm.portal.ui.managerequests.view.NewRequest","properties":{"src":{"regex":{"source":"slim\\-arrow\\-down"}}},"ancestor":{"controlType":"sap.m.Button","viewName":"etm.portal.ui.managerequests.view.NewRequest","properties":{"icon":"sap-icon://slim-arrow-down"}}},"wdio_ui5_key":"etmportal.ui.managerequests.view.NewRequestsap.ui.core.Icon{\"src\":{\"regex\":{\"source\":\"slim\\\\-arrow\\\\-down\"}}}{\"controlType\":\"sap.m.Button\",\"viewName\":\"etm.portal.ui.managerequests.view.NewRequest\",\"properties\":{\"icon\":\"sap-icon://slim-arrow-down\"}}"}]}
RESULT: {"script":"<script> [1562 bytes]","args":[{"selector":{"controlType":"sap.ui.core.Icon","viewName":"etm.portal.ui.managerequests.view.NewRequest","properties":{"src":{"regex":{"source":"slim\\-arrow\\-down"}}},"ancestor":{"controlType":"sap.m.Button","viewName":"etm.portal.ui.managerequests.view.NewRequest","properties":{"icon":"sap-icon://slim-arrow-down"}}},"wdio_ui5_key":"etmportal.ui.managerequests.view.NewRequestsap.ui.core.Icon{\"src\":{\"regex\":{\"source\":\"slim\\\\-arrow\\\\-down\"}}}{\"controlType\":\"sap.m.Button\",\"viewName\":\"etm.portal.ui.managerequests.view.NewRequest\",\"properties\":{\"icon\":\"sap-icon://slim-arrow-down\"}}"}]}
RESULT: undefined
COMMAND: POST /session/56f047ff2d8b79b5fb882765d60ddf9f/element - {"using":"xpath","value":"//div[contains(@data-kt ,\"splitAllocationObjectStatus\")]"}
RESULT: {"using":"xpath","value":"//div[contains(@data-kt ,\"splitAllocationObjectStatus\")]"}
COMMAND: POST /session/56f047ff2d8b79b5fb882765d60ddf9f/elements - {"using":"xpath","value":"//div[contains(@data-kt ,\"splitAllocationObjectStatus\")]"}
RESULT: {"using":"xpath","value":"//div[contains(@data-kt ,\"splitAllocationObjectStatus\")]"}
COMMAND: POST /session/56f047ff2d8b79b5fb882765d60ddf9f/execute/async - {"script":"<script> [1562 bytes]","args":[{"selector":{"controlType":"sap.ui.core.Icon","viewName":"etm.portal.ui.managerequests.view.NewRequest","properties":{"src":{"regex":{"source":"message\\-error"}}}},"wdio_ui5_key":"etmportal.ui.managerequests.view.NewRequestsap.ui.core.Icon{\"src\":{\"regex\":{\"source\":\"message\\\\-error\"}}}"}]}
RESULT: {"script":"<script> [1562 bytes]","args":[{"selector":{"controlType":"sap.ui.core.Icon","viewName":"etm.portal.ui.managerequests.view.NewRequest","properties":{"src":{"regex":{"source":"message\\-error"}}}},"wdio_ui5_key":"etmportal.ui.managerequests.view.NewRequestsap.ui.core.Icon{\"src\":{\"regex\":{\"source\":\"message\\\\-error\"}}}"}]}
RESULT: undefined
COMMAND: POST /session/56f047ff2d8b79b5fb882765d60ddf9f/element - {"using":"xpath","value":"//*[@id=\"__status4-__xmlview59--requestItemsTable-0-icon\"]"}
RESULT: {"using":"xpath","value":"//*[@id=\"__status4-__xmlview59--requestItemsTable-0-icon\"]"}
COMMAND: POST /session/56f047ff2d8b79b5fb882765d60ddf9f/element/f.918672ED9AB3AB03A4F724C7637EDD7B.d.8FD8871AD6CB9EC4FE84658052CA41B8.e.12987/click - {}
RESULT: {}
COMMAND: POST /session/56f047ff2d8b79b5fb882765d60ddf9f/execute/async - {"script":"<script> [1562 bytes]","args":[{"selector":{"controlType":"sap.ui.core.Icon","viewName":"etm.portal.ui.managerequests.view.NewRequest","properties":{"src":{"regex":{"source":"slim\\-arrow\\-down"}}},"searchOpenDialogs":true,"ancestor":{"id":"costObjectAdminTypeComboBox","viewName":"etm.portal.ui.managerequests.view.NewRequest","searchOpenDialogs":true}},"wdio_ui5_key":"etmportal.ui.managerequests.view.NewRequestsap.ui.core.Icon{\"src\":{\"regex\":{\"source\":\"slim\\\\-arrow\\\\-down\"}}}{\"id\":\"costObjectAdminTypeComboBox\",\"viewName\":\"etm.portal.ui.managerequests.view.NewRequest\",\"searchOpenDialogs\":true}"}]}
COMMAND: GET /session/56f047ff2d8b79b5fb882765d60ddf9f/screenshot - {}
RESULT: {"script":"<script> [1562 bytes]","args":[{"selector":{"controlType":"sap.ui.core.Icon","viewName":"etm.portal.ui.managerequests.view.NewRequest","properties":{"src":{"regex":{"source":"slim\\-arrow\\-down"}}},"searchOpenDialogs":true,"ancestor":{"id":"costObjectAdminTypeComboBox","viewName":"etm.portal.ui.managerequests.view.NewRequest","searchOpenDialogs":true}},"wdio_ui5_key":"etmportal.ui.managerequests.view.NewRequestsap.ui.core.Icon{\"src\":{\"regex\":{\"source\":\"slim\\\\-arrow\\\\-down\"}}}{\"id\":\"costObjectAdminTypeComboBox\",\"viewName\":\"etm.portal.ui.managerequests.view.NewRequest\",\"searchOpenDialogs\":true}"}]}
RESULT: undefined
COMMAND: POST /session/56f047ff2d8b79b5fb882765d60ddf9f/element - {"using":"xpath","value":"//*[@id=\"__xmlview59--costObjectAdminTypeComboBox-arrow\"]"}
RESULT: {}
RESULT: {"using":"xpath","value":"//*[@id=\"__xmlview59--costObjectAdminTypeComboBox-arrow\"]"}
COMMAND: POST /session/56f047ff2d8b79b5fb882765d60ddf9f/element/f.918672ED9AB3AB03A4F724C7637EDD7B.d.8FD8871AD6CB9EC4FE84658052CA41B8.e.12992/click - {}
RESULT: {}
COMMAND: POST /session/56f047ff2d8b79b5fb882765d60ddf9f/execute/async - {"script":"<script> [1562 bytes]","args":[{"selector":{"controlType":"sap.m.StandardListItem","viewName":"etm.portal.ui.managerequests.view.NewRequest","properties":{"title":"Cost Center"},"searchOpenDialogs":true,"interaction":{"idSuffix":"titleText"}},"wdio_ui5_key":"etmportal.ui.managerequests.view.NewRequestsap.m.StandardListItem{\"title\":\"Cost Center\"}"}]}
COMMAND: GET /session/56f047ff2d8b79b5fb882765d60ddf9f/screenshot - {}
RESULT: {"script":"<script> [1562 bytes]","args":[{"selector":{"controlType":"sap.m.StandardListItem","viewName":"etm.portal.ui.managerequests.view.NewRequest","properties":{"title":"Cost Center"},"searchOpenDialogs":true,"interaction":{"idSuffix":"titleText"}},"wdio_ui5_key":"etmportal.ui.managerequests.view.NewRequestsap.m.StandardListItem{\"title\":\"Cost Center\"}"}]}
RESULT: undefined
COMMAND: POST /session/56f047ff2d8b79b5fb882765d60ddf9f/element - {"using":"xpath","value":"//*[@id=\"__item528\"]"}
RESULT: {}
RESULT: {"using":"xpath","value":"//*[@id=\"__item528\"]"}
COMMAND: POST /session/56f047ff2d8b79b5fb882765d60ddf9f/element/f.918672ED9AB3AB03A4F724C7637EDD7B.d.8FD8871AD6CB9EC4FE84658052CA41B8.e.12994/click - {}
RESULT: {}
COMMAND: GET /session/56f047ff2d8b79b5fb882765d60ddf9f/screenshot - {}
RESULT: {}
COMMAND: POST /session/56f047ff2d8b79b5fb882765d60ddf9f/execute/async - {"script":"<script> [1562 bytes]","args":[{"selector":{"controlType":"sap.ui.core.Icon","viewName":"etm.portal.ui.managerequests.view.NewRequest","properties":{"src":{"regex":{"source":"value\\-help"}}},"searchOpenDialogs":true},"wdio_ui5_key":"etmportal.ui.managerequests.view.NewRequestsap.ui.core.Icon{\"src\":{\"regex\":{\"source\":\"value\\\\-help\"}}}"}]}
RESULT: {"script":"<script> [1562 bytes]","args":[{"selector":{"controlType":"sap.ui.core.Icon","viewName":"etm.portal.ui.managerequests.view.NewRequest","properties":{"src":{"regex":{"source":"value\\-help"}}},"searchOpenDialogs":true},"wdio_ui5_key":"etmportal.ui.managerequests.view.NewRequestsap.ui.core.Icon{\"src\":{\"regex\":{\"source\":\"value\\\\-help\"}}}"}]}
RESULT: undefined
COMMAND: POST /session/56f047ff2d8b79b5fb882765d60ddf9f/element - {"using":"xpath","value":"//*[@id=\"__xmlview59--costObjectIdComboBox-vhi\"]"}
RESULT: {"using":"xpath","value":"//*[@id=\"__xmlview59--costObjectIdComboBox-vhi\"]"}
COMMAND: POST /session/56f047ff2d8b79b5fb882765d60ddf9f/element/f.918672ED9AB3AB03A4F724C7637EDD7B.d.8FD8871AD6CB9EC4FE84658052CA41B8.e.13001/click - {}
RESULT: {}
COMMAND: POST /session/56f047ff2d8b79b5fb882765d60ddf9f/execute/async - {"script":"<script> [1562 bytes]","args":[{"selector":{"controlType":"sap.m.SearchField","properties":{"placeholder":"Search"},"searchOpenDialogs":true,"interaction":{"idSuffix":"I"}},"wdio_ui5_key":"sapm.SearchField{\"placeholder\":\"Search\"}"}]}
COMMAND: GET /session/56f047ff2d8b79b5fb882765d60ddf9f/screenshot - {}
RESULT: {"script":"<script> [1562 bytes]","args":[{"selector":{"controlType":"sap.m.SearchField","properties":{"placeholder":"Search"},"searchOpenDialogs":true,"interaction":{"idSuffix":"I"}},"wdio_ui5_key":"sapm.SearchField{\"placeholder\":\"Search\"}"}]}
RESULT: undefined
COMMAND: POST /session/56f047ff2d8b79b5fb882765d60ddf9f/execute/async - {"script":"<script> [776 bytes]","args":[{"enterText":"10001010","selector":{"controlType":"sap.m.SearchField","properties":{"placeholder":"Search"},"searchOpenDialogs":true,"interaction":{"idSuffix":"I"}},"clearTextFirst":true,"interactionType":"ENTER_TEXT"}]}
RESULT: {}
RESULT: {"script":"<script> [776 bytes]","args":[{"enterText":"10001010","selector":{"controlType":"sap.m.SearchField","properties":{"placeholder":"Search"},"searchOpenDialogs":true,"interaction":{"idSuffix":"I"}},"clearTextFirst":true,"interactionType":"ENTER_TEXT"}]}
COMMAND: POST /session/56f047ff2d8b79b5fb882765d60ddf9f/actions - {"actions":[{"id":"action102","type":"key","parameters":{},"actions":[{"type":"keyDown","value":"î€‡"},{"type":"pause","duration":10},{"type":"keyUp","value":"î€‡"}]}]}
RESULT: {"actions":[{"id":"action102","type":"key","parameters":{},"actions":[{"type":"keyDown","value":"î€‡"},{"type":"pause","duration":10},{"type":"keyUp","value":"î€‡"}]}]}
COMMAND: GET /session/56f047ff2d8b79b5fb882765d60ddf9f/screenshot - {}
RESULT: {}
COMMAND: POST /session/56f047ff2d8b79b5fb882765d60ddf9f/execute/async - {"script":"<script> [1562 bytes]","args":[{"selector":{"controlType":"sap.m.Text","bindingPath":{"path":"/C_CostCtrValueHelp(CostCenter='10001010',ControllingArea='Z001')","propertyPath":"CostCenterName","modelName":"CostCenterModel"},"searchOpenDialogs":true},"wdio_ui5_key":"sapm.Text{\"path\":\"/C_CostCtrValueHelp(CostCenter='10001010',ControllingArea='Z001')\",\"propertyPath\":\"CostCenterName\",\"modelName\":\"CostCenterModel\"}"}]}
RESULT: {"script":"<script> [1562 bytes]","args":[{"selector":{"controlType":"sap.m.Text","bindingPath":{"path":"/C_CostCtrValueHelp(CostCenter='10001010',ControllingArea='Z001')","propertyPath":"CostCenterName","modelName":"CostCenterModel"},"searchOpenDialogs":true},"wdio_ui5_key":"sapm.Text{\"path\":\"/C_CostCtrValueHelp(CostCenter='10001010',ControllingArea='Z001')\",\"propertyPath\":\"CostCenterName\",\"modelName\":\"CostCenterModel\"}"}]}
RESULT: undefined
COMMAND: POST /session/56f047ff2d8b79b5fb882765d60ddf9f/element - {"using":"xpath","value":"//*[@id=\"__text287-__clone674\"]"}
RESULT: {"using":"xpath","value":"//*[@id=\"__text287-__clone674\"]"}
COMMAND: POST /session/56f047ff2d8b79b5fb882765d60ddf9f/element/f.918672ED9AB3AB03A4F724C7637EDD7B.d.8FD8871AD6CB9EC4FE84658052CA41B8.e.13041/click - {}
RESULT: {}
COMMAND: POST /session/56f047ff2d8b79b5fb882765d60ddf9f/execute/async - {"script":"<script> [1562 bytes]","args":[{"selector":{"controlType":"sap.m.Button","properties":{"text":"OK"},"searchOpenDialogs":true,"interaction":{"idSuffix":"BDI-content"}},"wdio_ui5_key":"sapm.Button{\"text\":\"OK\"}"}]}
COMMAND: GET /session/56f047ff2d8b79b5fb882765d60ddf9f/screenshot - {}
RESULT: {"script":"<script> [1562 bytes]","args":[{"selector":{"controlType":"sap.m.Button","properties":{"text":"OK"},"searchOpenDialogs":true,"interaction":{"idSuffix":"BDI-content"}},"wdio_ui5_key":"sapm.Button{\"text\":\"OK\"}"}]}
RESULT: undefined
COMMAND: POST /session/56f047ff2d8b79b5fb882765d60ddf9f/element - {"using":"xpath","value":"//*[@id=\"__dialog1-ok\"]"}
RESULT: {}
RESULT: {"using":"xpath","value":"//*[@id=\"__dialog1-ok\"]"}
COMMAND: POST /session/56f047ff2d8b79b5fb882765d60ddf9f/element/f.918672ED9AB3AB03A4F724C7637EDD7B.d.8FD8871AD6CB9EC4FE84658052CA41B8.e.13043/click - {}
RESULT: {}
COMMAND: GET /session/56f047ff2d8b79b5fb882765d60ddf9f/screenshot - {}
RESULT: {}
COMMAND: POST /session/56f047ff2d8b79b5fb882765d60ddf9f/execute/async - {"script":"<script> [1562 bytes]","args":[{"selector":{"controlType":"sap.m.Button","viewName":"etm.portal.ui.managerequests.view.NewRequest","i18NText":{"propertyName":"text","key":"save"},"searchOpenDialogs":true,"interaction":{"idSuffix":"BDI-content"}},"wdio_ui5_key":"etmportal.ui.managerequests.view.NewRequestsap.m.Button{\"propertyName\":\"text\",\"key\":\"save\"}"}]}
RESULT: {"script":"<script> [1562 bytes]","args":[{"selector":{"controlType":"sap.m.Button","viewName":"etm.portal.ui.managerequests.view.NewRequest","i18NText":{"propertyName":"text","key":"save"},"searchOpenDialogs":true,"interaction":{"idSuffix":"BDI-content"}},"wdio_ui5_key":"etmportal.ui.managerequests.view.NewRequestsap.m.Button{\"propertyName\":\"text\",\"key\":\"save\"}"}]}
RESULT: undefined
COMMAND: POST /session/56f047ff2d8b79b5fb882765d60ddf9f/element - {"using":"xpath","value":"//*[@id=\"__button22\"]"}
RESULT: {"using":"xpath","value":"//*[@id=\"__button22\"]"}
COMMAND: POST /session/56f047ff2d8b79b5fb882765d60ddf9f/element/f.918672ED9AB3AB03A4F724C7637EDD7B.d.8FD8871AD6CB9EC4FE84658052CA41B8.e.13047/click - {}
RESULT: {}
COMMAND: GET /session/56f047ff2d8b79b5fb882765d60ddf9f/screenshot - {}
RESULT: {}
COMMAND: POST /session/56f047ff2d8b79b5fb882765d60ddf9f/element - {"using":"xpath","value":"(//bdi[contains(text() ,\"Save\")])[1]"}
RESULT: {"using":"xpath","value":"(//bdi[contains(text() ,\"Save\")])[1]"}
COMMAND: POST /session/56f047ff2d8b79b5fb882765d60ddf9f/element/f.918672ED9AB3AB03A4F724C7637EDD7B.d.8FD8871AD6CB9EC4FE84658052CA41B8.e.13049/click - {}
RESULT: {}
COMMAND: GET /session/56f047ff2d8b79b5fb882765d60ddf9f/screenshot - {}
RESULT: {}
COMMAND: POST /session/56f047ff2d8b79b5fb882765d60ddf9f/execute/async - {"script":"<script> [1562 bytes]","args":[{"selector":{"controlType":"sap.m.Title","properties":{"text":"Success"},"searchOpenDialogs":true},"wdio_ui5_key":"sapm.Title{\"text\":\"Success\"}"}]}
RESULT: {"script":"<script> [1562 bytes]","args":[{"selector":{"controlType":"sap.m.Title","properties":{"text":"Success"},"searchOpenDialogs":true},"wdio_ui5_key":"sapm.Title{\"text\":\"Success\"}"}]}
RESULT: undefined
COMMAND: POST /session/56f047ff2d8b79b5fb882765d60ddf9f/execute/async - {"script":"<script> [6424 bytes]","args":[{"element-6066-11e4-a52e-4f735466cecf":"f.918672ED9AB3AB03A4F724C7637EDD7B.d.8FD8871AD6CB9EC4FE84658052CA41B8.e.13053"},"getText",[]]}
RESULT: {"script":"<script> [6424 bytes]","args":[{"element-6066-11e4-a52e-4f735466cecf":"f.918672ED9AB3AB03A4F724C7637EDD7B.d.8FD8871AD6CB9EC4FE84658052CA41B8.e.13053"},"getText",[]]}
COMMAND: POST /session/56f047ff2d8b79b5fb882765d60ddf9f/execute/async - {"script":"<script> [1562 bytes]","args":[{"selector":{"controlType":"sap.m.Button","properties":{"text":"Close"},"searchOpenDialogs":true,"interaction":{"idSuffix":"BDI-content"}},"wdio_ui5_key":"sapm.Button{\"text\":\"Close\"}"}]}
RESULT: {"script":"<script> [1562 bytes]","args":[{"selector":{"controlType":"sap.m.Button","properties":{"text":"Close"},"searchOpenDialogs":true,"interaction":{"idSuffix":"BDI-content"}},"wdio_ui5_key":"sapm.Button{\"text\":\"Close\"}"}]}
RESULT: undefined
COMMAND: POST /session/56f047ff2d8b79b5fb882765d60ddf9f/element - {"using":"xpath","value":"//*[@id=\"__mbox-btn-0\"]"}
RESULT: {"using":"xpath","value":"//*[@id=\"__mbox-btn-0\"]"}
COMMAND: POST /session/56f047ff2d8b79b5fb882765d60ddf9f/element/f.918672ED9AB3AB03A4F724C7637EDD7B.d.8FD8871AD6CB9EC4FE84658052CA41B8.e.13052/click - {}
RESULT: {}
COMMAND: GET /session/56f047ff2d8b79b5fb882765d60ddf9f/screenshot - {}
RESULT: {}
COMMAND: POST /session/56f047ff2d8b79b5fb882765d60ddf9f/execute/async - {"script":"<script> [1562 bytes]","args":[{"selector":{"controlType":"sap.m.Text","viewName":"etm.portal.ui.managerequests.view.Detail","bindingPath":{"propertyPath":"NO","modelName":"catalogModel"}},"wdio_ui5_key":"etmportal.ui.managerequests.view.Detailsap.m.Text{\"propertyPath\":\"NO\",\"modelName\":\"catalogModel\"}"}]}
RESULT: {"script":"<script> [1562 bytes]","args":[{"selector":{"controlType":"sap.m.Text","viewName":"etm.portal.ui.managerequests.view.Detail","bindingPath":{"propertyPath":"NO","modelName":"catalogModel"}},"wdio_ui5_key":"etmportal.ui.managerequests.view.Detailsap.m.Text{\"propertyPath\":\"NO\",\"modelName\":\"catalogModel\"}"}]}
RESULT: undefined
COMMAND: POST /session/56f047ff2d8b79b5fb882765d60ddf9f/execute/async - {"script":"<script> [6424 bytes]","args":[{"element-6066-11e4-a52e-4f735466cecf":"f.918672ED9AB3AB03A4F724C7637EDD7B.d.8FD8871AD6CB9EC4FE84658052CA41B8.e.13180"},"getText",[]]}
RESULT: {"script":"<script> [6424 bytes]","args":[{"element-6066-11e4-a52e-4f735466cecf":"f.918672ED9AB3AB03A4F724C7637EDD7B.d.8FD8871AD6CB9EC4FE84658052CA41B8.e.13180"},"getText",[]]}
COMMAND: POST /session/56f047ff2d8b79b5fb882765d60ddf9f/execute/async - {"script":"<script> [1562 bytes]","args":[{"selector":{"controlType":"sap.ui.core.Icon","viewName":"etm.portal.ui.managerequests.view.Detail","properties":{"src":{"regex":{"source":"date\\-time"}}},"ancestor":{"controlType":"sap.m.ColumnListItem","viewName":"etm.portal.ui.managerequests.view.Detail","bindingPath":{"path":"/SmartRequestItemsPlanningBoard(ITEM=10m,REQUEST='20102')"},"ancestor":{"id":"requestItemsTable","viewName":"etm.portal.ui.managerequests.view.Detail"}}},"wdio_ui5_key":"etmportal.ui.managerequests.view.Detailsap.ui.core.Icon{\"src\":{\"regex\":{\"source\":\"date\\\\-time\"}}}{\"controlType\":\"sap.m.ColumnListItem\",\"viewName\":\"etm.portal.ui.managerequests.view.Detail\",\"bindingPath\":{\"path\":\"/SmartRequestItemsPlanningBoard(ITEM=10m,REQUEST='20102')\"},\"ancestor\":{\"id\":\"requestItemsTable\",\"viewName\":\"etm.portal.ui.managerequests.view.Detail\"}}"}]}
RESULT: {"script":"<script> [1562 bytes]","args":[{"selector":{"controlType":"sap.ui.core.Icon","viewName":"etm.portal.ui.managerequests.view.Detail","properties":{"src":{"regex":{"source":"date\\-time"}}},"ancestor":{"controlType":"sap.m.ColumnListItem","viewName":"etm.portal.ui.managerequests.view.Detail","bindingPath":{"path":"/SmartRequestItemsPlanningBoard(ITEM=10m,REQUEST='20102')"},"ancestor":{"id":"requestItemsTable","viewName":"etm.portal.ui.managerequests.view.Detail"}}},"wdio_ui5_key":"etmportal.ui.managerequests.view.Detailsap.ui.core.Icon{\"src\":{\"regex\":{\"source\":\"date\\\\-time\"}}}{\"controlType\":\"sap.m.ColumnListItem\",\"viewName\":\"etm.portal.ui.managerequests.view.Detail\",\"bindingPath\":{\"path\":\"/SmartRequestItemsPlanningBoard(ITEM=10m,REQUEST='20102')\"},\"ancestor\":{\"id\":\"requestItemsTable\",\"viewName\":\"etm.portal.ui.managerequests.view.Detail\"}}"}]}
RESULT: undefined
COMMAND: POST /session/56f047ff2d8b79b5fb882765d60ddf9f/element - {"using":"xpath","value":"//*[@id=\"__button37-__clone713-img\"]"}
RESULT: {"using":"xpath","value":"//*[@id=\"__button37-__clone713-img\"]"}
COMMAND: POST /session/56f047ff2d8b79b5fb882765d60ddf9f/element/f.918672ED9AB3AB03A4F724C7637EDD7B.d.8FD8871AD6CB9EC4FE84658052CA41B8.e.13181/click - {}
RESULT: {}
COMMAND: POST /session/56f047ff2d8b79b5fb882765d60ddf9f/execute/async - {"script":"<script> [1562 bytes]","args":[{"selector":{"controlType":"sap.m.Button","viewName":"etm.portal.ui.managerequests.view.Detail","properties":{"text":"Close"},"searchOpenDialogs":true,"interaction":{"idSuffix":"BDI-content"}},"wdio_ui5_key":"etmportal.ui.managerequests.view.Detailsap.m.Button{\"text\":\"Close\"}"}]}
COMMAND: GET /session/56f047ff2d8b79b5fb882765d60ddf9f/screenshot - {}
RESULT: {"script":"<script> [1562 bytes]","args":[{"selector":{"controlType":"sap.m.Button","viewName":"etm.portal.ui.managerequests.view.Detail","properties":{"text":"Close"},"searchOpenDialogs":true,"interaction":{"idSuffix":"BDI-content"}},"wdio_ui5_key":"etmportal.ui.managerequests.view.Detailsap.m.Button{\"text\":\"Close\"}"}]}
RESULT: undefined
COMMAND: POST /session/56f047ff2d8b79b5fb882765d60ddf9f/element - {"using":"xpath","value":"//*[@id=\"__button45\"]"}
RESULT: {}
RESULT: {"using":"xpath","value":"//*[@id=\"__button45\"]"}
COMMAND: POST /session/56f047ff2d8b79b5fb882765d60ddf9f/element/f.918672ED9AB3AB03A4F724C7637EDD7B.d.8FD8871AD6CB9EC4FE84658052CA41B8.e.13184/click - {}
RESULT: {}
COMMAND: GET /session/56f047ff2d8b79b5fb882765d60ddf9f/screenshot - {}
RESULT: {}
COMMAND: POST /session/56f047ff2d8b79b5fb882765d60ddf9f/refresh - {}
RESULT: {}
COMMAND: GET /session/56f047ff2d8b79b5fb882765d60ddf9f/screenshot - {}
RESULT: {}
COMMAND: POST /session/56f047ff2d8b79b5fb882765d60ddf9f/execute/async - {"script":"<script> [189 bytes]","args":[]}
RESULT: {"script":"<script> [189 bytes]","args":[]}
COMMAND: POST /session/56f047ff2d8b79b5fb882765d60ddf9f/execute/async - {"script":"<script> [123 bytes]","args":[]}
RESULT: {"script":"<script> [123 bytes]","args":[]}
COMMAND: POST /session/56f047ff2d8b79b5fb882765d60ddf9f/timeouts - {"script":"<number>"}
RESULT: {"script":"<number>"}
COMMAND: GET /session/56f047ff2d8b79b5fb882765d60ddf9f/timeouts - {}
RESULT: {}
RESULT: undefined
COMMAND: POST /session/56f047ff2d8b79b5fb882765d60ddf9f/execute/async - {"script":"<script> [2676 bytes]","args":[]}
RESULT: {"script":"<script> [2676 bytes]","args":[]}
COMMAND: POST /session/56f047ff2d8b79b5fb882765d60ddf9f/execute/async - {"script":"<script> [2342 bytes]","args":[{"protocol":"http","hostname":"0.0.0.0","path":"/","capabilities":{"browserName":"chrome","goog:chromeOptions":{"binary":"C:\\Program Files\\Google\\Chrome\\Application\\chrome.exe","args":["--start-maximized"]}},"logLevel":"warn","connectionRetryTimeout":120000,"connectionRetryCount":3,"logLevels":{},"enableDirectConnect":true,"strictSSL":true,"_":"65 more keys: [\"cacheDir\",\"port\",\"requestedCapabilities\",\"automationProtocol\",\"baseUrl\",\"waitforInterval\",\"waitforTimeout\",\"onReload\",\"beforeCommand\",\"afterCommand\",\"rootDir\",\"specs\",\"suites\",\"exclude\",\"groupLogsByTestSpec\",\"excludeDriverLogs\",\"bail\",\"framework\",\"reporters\",\"services\",\"maxInstances\",\"maxInstancesPerCapability\",\"injectGlobals\",\"filesToWatch\",\"execArgv\",\"runnerEnv\",\"runner\",\"shard\",\"specFileRetries\",\"specFileRetriesDelay\",\"specFileRetriesDeferred\",\"reporterSyncInterval\",\"reporterSyncTimeout\",\"cucumberFeaturesWithLineNumbers\",\"autoCompileOpts\",\"mochaOpts\",\"jasmineOpts\",\"cucumberOpts\",\"onPrepare\",\"onWorkerStart\",\"onWorkerEnd\",\"before\",\"beforeSession\",\"beforeSuite\",\"beforeHook\",\"beforeTest\",\"afterTest\",\"afterHook\",\"afterSuite\",\"afterSession\",\"after\",\"onComplete\",\"beforeAssertion\",\"afterAssertion\",\"beforeFeature\",\"beforeScenario\",\"beforeStep\",\"afterStep\",\"afterScenario\",\"afterFeature\",\"_\",\"suite\",\"$0\",\"ignoredWorkerServices\",\"wdi5\"]"}]}
RESULT: {"script":"<script> [2342 bytes]","args":[{"protocol":"http","hostname":"0.0.0.0","path":"/","capabilities":{"browserName":"chrome","goog:chromeOptions":{"binary":"C:\\Program Files\\Google\\Chrome\\Application\\chrome.exe","args":["--start-maximized"]}},"logLevel":"warn","connectionRetryTimeout":120000,"connectionRetryCount":3,"logLevels":{},"enableDirectConnect":true,"strictSSL":true,"_":"65 more keys: [\"cacheDir\",\"port\",\"requestedCapabilities\",\"automationProtocol\",\"baseUrl\",\"waitforInterval\",\"waitforTimeout\",\"onReload\",\"beforeCommand\",\"afterCommand\",\"rootDir\",\"specs\",\"suites\",\"exclude\",\"groupLogsByTestSpec\",\"excludeDriverLogs\",\"bail\",\"framework\",\"reporters\",\"services\",\"maxInstances\",\"maxInstancesPerCapability\",\"injectGlobals\",\"filesToWatch\",\"execArgv\",\"runnerEnv\",\"runner\",\"shard\",\"specFileRetries\",\"specFileRetriesDelay\",\"specFileRetriesDeferred\",\"reporterSyncInterval\",\"reporterSyncTimeout\",\"cucumberFeaturesWithLineNumbers\",\"autoCompileOpts\",\"mochaOpts\",\"jasmineOpts\",\"cucumberOpts\",\"onPrepare\",\"onWorkerStart\",\"onWorkerEnd\",\"before\",\"beforeSession\",\"beforeSuite\",\"beforeHook\",\"beforeTest\",\"afterTest\",\"afterHook\",\"afterSuite\",\"afterSession\",\"after\",\"onComplete\",\"beforeAssertion\",\"afterAssertion\",\"beforeFeature\",\"beforeScenario\",\"beforeStep\",\"afterStep\",\"afterScenario\",\"afterFeature\",\"_\",\"suite\",\"$0\",\"ignoredWorkerServices\",\"wdi5\"]"}]}
COMMAND: POST /session/56f047ff2d8b79b5fb882765d60ddf9f/execute/async - {"script":"<script> [21126 bytes]","args":[35000]}
RESULT: {"script":"<script> [21126 bytes]","args":[35000]}
]]></system-out>
    </testcase>
    <testcase classname="chrome.136_0_7103_49.windows.Process_request_items_into_an_existing_quotation_US120163" name="Should process the request into an existing quotation" time="71.457">
      <system-out><![CDATA[
COMMAND: GET /session/56f047ff2d8b79b5fb882765d60ddf9f/window - {}
RESULT: {}
COMMAND: POST /session/56f047ff2d8b79b5fb882765d60ddf9f/element - {"using":"xpath","value":"//span[contains(@id ,\"detailHeaderTitle-_actionsToolbar-overflowButton-img\")]"}
RESULT: {"using":"xpath","value":"//span[contains(@id ,\"detailHeaderTitle-_actionsToolbar-overflowButton-img\")]"}
COMMAND: POST /session/56f047ff2d8b79b5fb882765d60ddf9f/element/f.918672ED9AB3AB03A4F724C7637EDD7B.d.C8125DF0F7434A3859E69FA22CE00651.e.13404/click - {}
RESULT: {}
COMMAND: GET /session/56f047ff2d8b79b5fb882765d60ddf9f/screenshot - {}
RESULT: {}
COMMAND: POST /session/56f047ff2d8b79b5fb882765d60ddf9f/element - {"using":"xpath","value":"//span[contains(@id ,\"actionsMenuButton-internalSplitBtn-arrowButton-img\")]"}
RESULT: {"using":"xpath","value":"//span[contains(@id ,\"actionsMenuButton-internalSplitBtn-arrowButton-img\")]"}
COMMAND: POST /session/56f047ff2d8b79b5fb882765d60ddf9f/element/f.918672ED9AB3AB03A4F724C7637EDD7B.d.C8125DF0F7434A3859E69FA22CE00651.e.13408/click - {}
RESULT: {}
COMMAND: GET /session/56f047ff2d8b79b5fb882765d60ddf9f/screenshot - {}
RESULT: {}
COMMAND: POST /session/56f047ff2d8b79b5fb882765d60ddf9f/actions - {"actions":[{"id":"action103","type":"key","parameters":{},"actions":[{"type":"keyDown","value":"î€•"},{"type":"pause","duration":10},{"type":"keyUp","value":"î€•"}]}]}
RESULT: {"actions":[{"id":"action103","type":"key","parameters":{},"actions":[{"type":"keyDown","value":"î€•"},{"type":"pause","duration":10},{"type":"keyUp","value":"î€•"}]}]}
COMMAND: GET /session/56f047ff2d8b79b5fb882765d60ddf9f/screenshot - {}
RESULT: {}
COMMAND: POST /session/56f047ff2d8b79b5fb882765d60ddf9f/actions - {"actions":[{"id":"action104","type":"key","parameters":{},"actions":[{"type":"keyDown","value":"î€‡"},{"type":"pause","duration":10},{"type":"keyUp","value":"î€‡"}]}]}
RESULT: {"actions":[{"id":"action104","type":"key","parameters":{},"actions":[{"type":"keyDown","value":"î€‡"},{"type":"pause","duration":10},{"type":"keyUp","value":"î€‡"}]}]}
COMMAND: GET /session/56f047ff2d8b79b5fb882765d60ddf9f/screenshot - {}
RESULT: {}
COMMAND: POST /session/56f047ff2d8b79b5fb882765d60ddf9f/actions - {"actions":[{"id":"action105","type":"key","parameters":{},"actions":[{"type":"keyDown","value":"î€•"},{"type":"pause","duration":10},{"type":"keyUp","value":"î€•"}]}]}
RESULT: {"actions":[{"id":"action105","type":"key","parameters":{},"actions":[{"type":"keyDown","value":"î€•"},{"type":"pause","duration":10},{"type":"keyUp","value":"î€•"}]}]}
COMMAND: GET /session/56f047ff2d8b79b5fb882765d60ddf9f/screenshot - {}
RESULT: {}
COMMAND: POST /session/56f047ff2d8b79b5fb882765d60ddf9f/actions - {"actions":[{"id":"action106","type":"key","parameters":{},"actions":[{"type":"keyDown","value":"î€‡"},{"type":"pause","duration":10},{"type":"keyUp","value":"î€‡"}]}]}
RESULT: {"actions":[{"id":"action106","type":"key","parameters":{},"actions":[{"type":"keyDown","value":"î€‡"},{"type":"pause","duration":10},{"type":"keyUp","value":"î€‡"}]}]}
COMMAND: GET /session/56f047ff2d8b79b5fb882765d60ddf9f/screenshot - {}
RESULT: {}
COMMAND: POST /session/56f047ff2d8b79b5fb882765d60ddf9f/element - {"using":"xpath","value":"//input[contains(@id ,\"quotationsSearchField-I\")]"}
RESULT: {"using":"xpath","value":"//input[contains(@id ,\"quotationsSearchField-I\")]"}
COMMAND: POST /session/56f047ff2d8b79b5fb882765d60ddf9f/element/f.918672ED9AB3AB03A4F724C7637EDD7B.d.C8125DF0F7434A3859E69FA22CE00651.e.13411/clear - {}
RESULT: {}
COMMAND: POST /session/56f047ff2d8b79b5fb882765d60ddf9f/element/f.918672ED9AB3AB03A4F724C7637EDD7B.d.C8125DF0F7434A3859E69FA22CE00651.e.13411/value - {"text":"WdIOQuotation8kg7c"}
COMMAND: GET /session/56f047ff2d8b79b5fb882765d60ddf9f/screenshot - {}
RESULT: {"text":"WdIOQuotation8kg7c"}
COMMAND: GET /session/56f047ff2d8b79b5fb882765d60ddf9f/screenshot - {}
RESULT: {}
RESULT: {}
COMMAND: POST /session/56f047ff2d8b79b5fb882765d60ddf9f/actions - {"actions":[{"id":"action107","type":"key","parameters":{},"actions":[{"type":"keyDown","value":"î€‡"},{"type":"pause","duration":10},{"type":"keyUp","value":"î€‡"}]}]}
RESULT: {"actions":[{"id":"action107","type":"key","parameters":{},"actions":[{"type":"keyDown","value":"î€‡"},{"type":"pause","duration":10},{"type":"keyUp","value":"î€‡"}]}]}
COMMAND: GET /session/56f047ff2d8b79b5fb882765d60ddf9f/screenshot - {}
RESULT: {}
COMMAND: POST /session/56f047ff2d8b79b5fb882765d60ddf9f/element - {"using":"xpath","value":"//div[contains(@id ,\"selectSingle\")]"}
RESULT: {"using":"xpath","value":"//div[contains(@id ,\"selectSingle\")]"}
COMMAND: POST /session/56f047ff2d8b79b5fb882765d60ddf9f/element/f.918672ED9AB3AB03A4F724C7637EDD7B.d.C8125DF0F7434A3859E69FA22CE00651.e.13418/click - {}
RESULT: {}
COMMAND: GET /session/56f047ff2d8b79b5fb882765d60ddf9f/screenshot - {}
RESULT: {}
COMMAND: POST /session/56f047ff2d8b79b5fb882765d60ddf9f/element - {"using":"xpath","value":"//bdi[contains(text() ,\"Selection Done\")]"}
RESULT: {"using":"xpath","value":"//bdi[contains(text() ,\"Selection Done\")]"}
COMMAND: POST /session/56f047ff2d8b79b5fb882765d60ddf9f/element/f.918672ED9AB3AB03A4F724C7637EDD7B.d.C8125DF0F7434A3859E69FA22CE00651.e.13428/click - {}
RESULT: {}
COMMAND: GET /session/56f047ff2d8b79b5fb882765d60ddf9f/screenshot - {}
RESULT: {}
COMMAND: POST /session/56f047ff2d8b79b5fb882765d60ddf9f/actions - {"actions":[{"id":"action108","type":"key","parameters":{},"actions":[{"type":"keyDown","value":"î€‡"},{"type":"pause","duration":10},{"type":"keyUp","value":"î€‡"}]}]}
RESULT: {"actions":[{"id":"action108","type":"key","parameters":{},"actions":[{"type":"keyDown","value":"î€‡"},{"type":"pause","duration":10},{"type":"keyUp","value":"î€‡"}]}]}
COMMAND: GET /session/56f047ff2d8b79b5fb882765d60ddf9f/screenshot - {}
RESULT: {}
COMMAND: POST /session/56f047ff2d8b79b5fb882765d60ddf9f/actions - {"actions":[{"id":"action109","type":"key","parameters":{},"actions":[{"type":"keyDown","value":"î€‡"},{"type":"pause","duration":10},{"type":"keyUp","value":"î€‡"}]}]}
RESULT: {"actions":[{"id":"action109","type":"key","parameters":{},"actions":[{"type":"keyDown","value":"î€‡"},{"type":"pause","duration":10},{"type":"keyUp","value":"î€‡"}]}]}
COMMAND: GET /session/56f047ff2d8b79b5fb882765d60ddf9f/screenshot - {}
RESULT: {}
COMMAND: GET /session/56f047ff2d8b79b5fb882765d60ddf9f/window/handles - {}
RESULT: {}
COMMAND: GET /session/56f047ff2d8b79b5fb882765d60ddf9f/window/handles - {}
RESULT: {}
COMMAND: POST /session/56f047ff2d8b79b5fb882765d60ddf9f/window - {"handle":"7E188AC6444C5605EA75AA30DC752FC8"}
RESULT: {"handle":"7E188AC6444C5605EA75AA30DC752FC8"}
COMMAND: GET /session/56f047ff2d8b79b5fb882765d60ddf9f/url - {}
RESULT: {}
COMMAND: GET /session/56f047ff2d8b79b5fb882765d60ddf9f/screenshot - {}
RESULT: {}
COMMAND: POST /session/56f047ff2d8b79b5fb882765d60ddf9f/element - {"using":"xpath","value":"//span[contains(text(), \"Header Billing Items\")]"}
RESULT: {"using":"xpath","value":"//span[contains(text(), \"Header Billing Items\")]"}
COMMAND: POST /session/56f047ff2d8b79b5fb882765d60ddf9f/element/f.7E188AC6444C5605EA75AA30DC752FC8.d.CBC6D858A8090DDC1CD9A9BAAB6EDC70.e.13611/click - {}
RESULT: {}
COMMAND: GET /session/56f047ff2d8b79b5fb882765d60ddf9f/screenshot - {}
RESULT: {}
COMMAND: POST /session/56f047ff2d8b79b5fb882765d60ddf9f/element - {"using":"xpath","value":"//span[contains(@id ,\"contractItemsSmartTable-header-inner\")]"}
RESULT: {"using":"xpath","value":"//span[contains(@id ,\"contractItemsSmartTable-header-inner\")]"}
COMMAND: GET /session/56f047ff2d8b79b5fb882765d60ddf9f/element/f.7E188AC6444C5605EA75AA30DC752FC8.d.CBC6D858A8090DDC1CD9A9BAAB6EDC70.e.13613/text - {}
RESULT: {}
COMMAND: POST /session/56f047ff2d8b79b5fb882765d60ddf9f/element - {"using":"xpath","value":"//span[@class=\"sapMObjStatusText\"][contains(text(), \"proposed\")]"}
RESULT: {"using":"xpath","value":"//span[@class=\"sapMObjStatusText\"][contains(text(), \"proposed\")]"}
COMMAND: GET /session/56f047ff2d8b79b5fb882765d60ddf9f/element/f.7E188AC6444C5605EA75AA30DC752FC8.d.CBC6D858A8090DDC1CD9A9BAAB6EDC70.e.13614/text - {}
RESULT: {}
COMMAND: DELETE /session/56f047ff2d8b79b5fb882765d60ddf9f/window - {}
RESULT: {}
COMMAND: POST /session/56f047ff2d8b79b5fb882765d60ddf9f/window - {"handle":"918672ED9AB3AB03A4F724C7637EDD7B"}
RESULT: {"handle":"918672ED9AB3AB03A4F724C7637EDD7B"}
COMMAND: GET /session/56f047ff2d8b79b5fb882765d60ddf9f/url - {}
RESULT: {}
COMMAND: GET /session/56f047ff2d8b79b5fb882765d60ddf9f/screenshot - {}
RESULT: {}
]]></system-out>
    </testcase>
    <testcase classname="chrome.136_0_7103_49.windows.Process_request_items_into_an_existing_quotation_US120163" name="Should navigate back to the request and check the request and item statuses" time="43.229">
      <system-out><![CDATA[
COMMAND: POST /session/56f047ff2d8b79b5fb882765d60ddf9f/refresh - {}
RESULT: {}
COMMAND: GET /session/56f047ff2d8b79b5fb882765d60ddf9f/screenshot - {}
RESULT: {}
COMMAND: POST /session/56f047ff2d8b79b5fb882765d60ddf9f/execute/async - {"script":"<script> [189 bytes]","args":[]}
RESULT: {"script":"<script> [189 bytes]","args":[]}
COMMAND: POST /session/56f047ff2d8b79b5fb882765d60ddf9f/execute/async - {"script":"<script> [123 bytes]","args":[]}
RESULT: {"script":"<script> [123 bytes]","args":[]}
COMMAND: POST /session/56f047ff2d8b79b5fb882765d60ddf9f/timeouts - {"script":"<number>"}
RESULT: {"script":"<number>"}
COMMAND: GET /session/56f047ff2d8b79b5fb882765d60ddf9f/timeouts - {}
RESULT: {}
RESULT: undefined
COMMAND: POST /session/56f047ff2d8b79b5fb882765d60ddf9f/execute/async - {"script":"<script> [2676 bytes]","args":[]}
RESULT: {"script":"<script> [2676 bytes]","args":[]}
COMMAND: POST /session/56f047ff2d8b79b5fb882765d60ddf9f/execute/async - {"script":"<script> [2342 bytes]","args":[{"protocol":"http","hostname":"0.0.0.0","path":"/","capabilities":{"browserName":"chrome","goog:chromeOptions":{"binary":"C:\\Program Files\\Google\\Chrome\\Application\\chrome.exe","args":["--start-maximized"]}},"logLevel":"warn","connectionRetryTimeout":120000,"connectionRetryCount":3,"logLevels":{},"enableDirectConnect":true,"strictSSL":true,"_":"65 more keys: [\"cacheDir\",\"port\",\"requestedCapabilities\",\"automationProtocol\",\"baseUrl\",\"waitforInterval\",\"waitforTimeout\",\"onReload\",\"beforeCommand\",\"afterCommand\",\"rootDir\",\"specs\",\"suites\",\"exclude\",\"groupLogsByTestSpec\",\"excludeDriverLogs\",\"bail\",\"framework\",\"reporters\",\"services\",\"maxInstances\",\"maxInstancesPerCapability\",\"injectGlobals\",\"filesToWatch\",\"execArgv\",\"runnerEnv\",\"runner\",\"shard\",\"specFileRetries\",\"specFileRetriesDelay\",\"specFileRetriesDeferred\",\"reporterSyncInterval\",\"reporterSyncTimeout\",\"cucumberFeaturesWithLineNumbers\",\"autoCompileOpts\",\"mochaOpts\",\"jasmineOpts\",\"cucumberOpts\",\"onPrepare\",\"onWorkerStart\",\"onWorkerEnd\",\"before\",\"beforeSession\",\"beforeSuite\",\"beforeHook\",\"beforeTest\",\"afterTest\",\"afterHook\",\"afterSuite\",\"afterSession\",\"after\",\"onComplete\",\"beforeAssertion\",\"afterAssertion\",\"beforeFeature\",\"beforeScenario\",\"beforeStep\",\"afterStep\",\"afterScenario\",\"afterFeature\",\"_\",\"suite\",\"$0\",\"ignoredWorkerServices\",\"wdi5\"]"}]}
RESULT: {"script":"<script> [2342 bytes]","args":[{"protocol":"http","hostname":"0.0.0.0","path":"/","capabilities":{"browserName":"chrome","goog:chromeOptions":{"binary":"C:\\Program Files\\Google\\Chrome\\Application\\chrome.exe","args":["--start-maximized"]}},"logLevel":"warn","connectionRetryTimeout":120000,"connectionRetryCount":3,"logLevels":{},"enableDirectConnect":true,"strictSSL":true,"_":"65 more keys: [\"cacheDir\",\"port\",\"requestedCapabilities\",\"automationProtocol\",\"baseUrl\",\"waitforInterval\",\"waitforTimeout\",\"onReload\",\"beforeCommand\",\"afterCommand\",\"rootDir\",\"specs\",\"suites\",\"exclude\",\"groupLogsByTestSpec\",\"excludeDriverLogs\",\"bail\",\"framework\",\"reporters\",\"services\",\"maxInstances\",\"maxInstancesPerCapability\",\"injectGlobals\",\"filesToWatch\",\"execArgv\",\"runnerEnv\",\"runner\",\"shard\",\"specFileRetries\",\"specFileRetriesDelay\",\"specFileRetriesDeferred\",\"reporterSyncInterval\",\"reporterSyncTimeout\",\"cucumberFeaturesWithLineNumbers\",\"autoCompileOpts\",\"mochaOpts\",\"jasmineOpts\",\"cucumberOpts\",\"onPrepare\",\"onWorkerStart\",\"onWorkerEnd\",\"before\",\"beforeSession\",\"beforeSuite\",\"beforeHook\",\"beforeTest\",\"afterTest\",\"afterHook\",\"afterSuite\",\"afterSession\",\"after\",\"onComplete\",\"beforeAssertion\",\"afterAssertion\",\"beforeFeature\",\"beforeScenario\",\"beforeStep\",\"afterStep\",\"afterScenario\",\"afterFeature\",\"_\",\"suite\",\"$0\",\"ignoredWorkerServices\",\"wdi5\"]"}]}
COMMAND: POST /session/56f047ff2d8b79b5fb882765d60ddf9f/execute/async - {"script":"<script> [21126 bytes]","args":[35000]}
RESULT: {"script":"<script> [21126 bytes]","args":[35000]}
COMMAND: POST /session/56f047ff2d8b79b5fb882765d60ddf9f/execute/async - {"script":"<script> [1562 bytes]","args":[{"selector":{"controlType":"sap.m.Text","viewName":"etm.portal.ui.managerequests.view.Detail","bindingPath":{"path":"/SmartRequestItemsPlanningBoard(ITEM=10m,REQUEST='20102')","propertyPath":"STATUS_DESC"}},"wdio_ui5_key":"etmportal.ui.managerequests.view.Detailsap.m.Text{\"path\":\"/SmartRequestItemsPlanningBoard(ITEM=10m,REQUEST='20102')\",\"propertyPath\":\"STATUS_DESC\"}"}]}
RESULT: {"script":"<script> [1562 bytes]","args":[{"selector":{"controlType":"sap.m.Text","viewName":"etm.portal.ui.managerequests.view.Detail","bindingPath":{"path":"/SmartRequestItemsPlanningBoard(ITEM=10m,REQUEST='20102')","propertyPath":"STATUS_DESC"}},"wdio_ui5_key":"etmportal.ui.managerequests.view.Detailsap.m.Text{\"path\":\"/SmartRequestItemsPlanningBoard(ITEM=10m,REQUEST='20102')\",\"propertyPath\":\"STATUS_DESC\"}"}]}
RESULT: undefined
COMMAND: POST /session/56f047ff2d8b79b5fb882765d60ddf9f/execute/async - {"script":"<script> [6424 bytes]","args":[{"element-6066-11e4-a52e-4f735466cecf":"f.918672ED9AB3AB03A4F724C7637EDD7B.d.651485BD611D702DE20782FD58D78874.e.13838"},"getText",[]]}
RESULT: {"script":"<script> [6424 bytes]","args":[{"element-6066-11e4-a52e-4f735466cecf":"f.918672ED9AB3AB03A4F724C7637EDD7B.d.651485BD611D702DE20782FD58D78874.e.13838"},"getText",[]]}
COMMAND: POST /session/56f047ff2d8b79b5fb882765d60ddf9f/execute/async - {"script":"<script> [1562 bytes]","args":[{"selector":{"controlType":"sap.m.ObjectStatus","viewName":"etm.portal.ui.managerequests.view.Detail","bindingPath":{"path":"/RequestHeaders('20102')","propertyPath":"LINK_TO_STATUS/DESCRIPTION","modelName":"catalogModel"}},"wdio_ui5_key":"etmportal.ui.managerequests.view.Detailsap.m.ObjectStatus{\"path\":\"/RequestHeaders('20102')\",\"propertyPath\":\"LINK_TO_STATUS/DESCRIPTION\",\"modelName\":\"catalogModel\"}"}]}
RESULT: {"script":"<script> [1562 bytes]","args":[{"selector":{"controlType":"sap.m.ObjectStatus","viewName":"etm.portal.ui.managerequests.view.Detail","bindingPath":{"path":"/RequestHeaders('20102')","propertyPath":"LINK_TO_STATUS/DESCRIPTION","modelName":"catalogModel"}},"wdio_ui5_key":"etmportal.ui.managerequests.view.Detailsap.m.ObjectStatus{\"path\":\"/RequestHeaders('20102')\",\"propertyPath\":\"LINK_TO_STATUS/DESCRIPTION\",\"modelName\":\"catalogModel\"}"}]}
RESULT: undefined
COMMAND: POST /session/56f047ff2d8b79b5fb882765d60ddf9f/execute/async - {"script":"<script> [6424 bytes]","args":[{"element-6066-11e4-a52e-4f735466cecf":"f.918672ED9AB3AB03A4F724C7637EDD7B.d.651485BD611D702DE20782FD58D78874.e.13839"},"getText",[]]}
RESULT: {"script":"<script> [6424 bytes]","args":[{"element-6066-11e4-a52e-4f735466cecf":"f.918672ED9AB3AB03A4F724C7637EDD7B.d.651485BD611D702DE20782FD58D78874.e.13839"},"getText",[]]}
COMMAND: DELETE /session/56f047ff2d8b79b5fb882765d60ddf9f - {}
RESULT: {}
]]></system-out>
    </testcase>
  </testsuite>
</testsuites>